number,value,datetime_start,datetime_complete,duration,params_alpha-eval,params_alpha-train,params_batch-size,params_eps-eval,params_eps-train,params_lambda-actions-eval,params_lambda-actions-train,params_lambda-frames-eval,params_lambda-frames-train,params_learning-rate,params_n-epochs,params_n-frames,params_radius-gw,params_rho,params_std-feats,params_ub-actions,params_ub-frames,params_weight-decay,state
0,0.09055355936288834,2025-04-21 04:49:06.664229,2025-04-21 04:49:31.120017,0 days 00:00:24.455788,0.9719999603192163,0.5187278225543266,2,0.1638729515522987,0.09999555032749251,0.07917581897515262,0.010759799518640902,0.08848958778864614,0.023148016629513598,6.171713475589563e-05,30,102,0.015586062519298286,0.18262198395105114,True,True,True,0.0007554678864009329,COMPLETE
1,0.09055355936288834,2025-04-21 04:49:31.124129,2025-04-21 04:49:42.070723,0 days 00:00:10.946594,0.9515621649951146,0.07198160727376465,8,0.044042368372142725,0.1693134690014372,0.0848095868510552,0.06858890465152313,0.06615977593156051,0.0721500224464134,1.5129108081089707e-05,28,143,0.04439902120769148,0.1146566633461998,False,True,True,9.635202614285795e-08,COMPLETE
2,0.09768490940332414,2025-04-21 04:49:42.074335,2025-04-21 04:49:54.032740,0 days 00:00:11.958405,0.265792548438432,0.4894086008809853,2,0.28150012511813155,0.029471831160290847,0.03052068784354611,0.036259412885233135,0.06542798789546027,0.02610464707421313,0.0041310530776069825,9,136,0.01504897803924744,0.23652682996236551,False,False,True,6.361238168877352e-05,COMPLETE
3,0.30215797424316404,2025-04-21 04:49:54.036535,2025-04-21 04:50:01.859316,0 days 00:00:07.822781,0.5355051379398017,0.8594621133664785,16,0.07063055583201253,0.18730892584564204,0.051496582349029686,0.03972017739859153,0.07956335340913108,0.041413130055743465,0.05160389659752824,10,89,0.0327122536449225,0.19088371331892626,False,False,False,1.1843348784844555e-07,COMPLETE
4,0.2879984438419342,2025-04-21 04:50:01.864524,2025-04-21 04:50:15.409638,0 days 00:00:13.545114,0.9054697798500008,0.5762715956398724,2,0.07773222792037363,0.20356559599939394,0.06933700174035973,0.022212727586878745,0.004979718343703885,0.06261103362383046,5.5193808630030894e-05,13,10,0.09849951686310585,0.15520064331011849,True,True,False,6.486617523793555e-06,COMPLETE
5,0.21374136805534366,2025-04-21 04:50:15.414261,2025-04-21 04:50:25.790601,0 days 00:00:10.376340,0.412634343409312,0.4695336362081797,8,0.09661542958966589,0.025354682701687257,0.07075835017518482,0.08847931752560918,0.018731088720173473,0.08813104761092477,0.003307100696933305,27,25,0.05995651187496026,0.01201854858726054,False,False,True,3.950539867812975e-08,COMPLETE
6,0.3923324525356293,2025-04-21 04:50:25.795512,2025-04-21 04:50:34.090423,0 days 00:00:08.294911,0.13031490650558972,0.28941662713893396,16,0.12595248360890413,0.26636960787860237,0.06232855010348751,0.0572852773631634,0.08414531884674231,0.09163812537076815,0.0005453276357172351,19,6,0.009678019673854447,0.24575954214957801,False,False,False,2.6657733979320016e-05,COMPLETE
7,0.268649297952652,2025-04-21 04:50:34.095496,2025-04-21 04:50:43.497380,0 days 00:00:09.401884,0.8538784669836048,0.44071390288239215,2,0.08887186047747993,0.12262629665057492,0.008674384783856341,0.08065073067050321,0.08934830524273302,0.030340907358362864,0.00045917690184293084,5,12,0.062042815823817744,0.2990459433794987,False,False,True,5.8910227135872566e-05,COMPLETE
8,0.09055355936288834,2025-04-21 04:50:43.502728,2025-04-21 04:50:53.864670,0 days 00:00:10.361942,0.5018989327482297,0.1289091041580548,16,0.11058806592335806,0.2542415519445196,0.05798023510060567,0.06205067627012053,0.09123636318770727,0.0341288230021859,0.027551025947657928,25,123,0.09091807039549629,0.12487180640451737,True,True,True,2.2317892335453208e-08,COMPLETE
9,0.09055355936288834,2025-04-21 04:50:53.870239,2025-04-21 04:51:01.442705,0 days 00:00:07.572466,0.047193506349347616,0.4358107587838473,8,0.008314993812729184,0.012764492389097932,0.023120429741979052,0.007186662983698493,0.019156970311130225,0.068373285638842,0.025394005828277864,5,117,0.02206450297332197,0.2992281339386353,True,True,False,9.022746968970141e-05,COMPLETE
10,0.3887205004692078,2025-04-21 04:51:01.449126,2025-04-21 04:51:10.215451,0 days 00:00:08.766325,0.010001041867790258,0.22472275274278575,16,0.18900882068563862,0.29391955760704747,0.09995662456610063,0.0526294023886229,0.04524323669777638,0.003067599640766583,0.00043743358284896114,20,50,0.0010711175239527318,0.2361801860210073,False,False,False,1.4752555251698422e-06,COMPLETE
11,0.3915288805961609,2025-04-21 04:51:10.221857,2025-04-21 04:51:19.066874,0 days 00:00:08.845017,0.012422485993081447,0.26252000795274755,16,0.2016966574022855,0.29641539133757516,0.0865079271817232,0.05478960243524252,0.04128820487481468,0.006414618430232026,0.0004975131120048654,20,47,0.00506242131217926,0.2381856440652213,False,False,False,1.3543053994257525e-06,COMPLETE
12,0.379188346862793,2025-04-21 04:51:19.073549,2025-04-21 04:51:27.863749,0 days 00:00:08.790200,0.27050931360614333,0.2796646314959172,16,0.22484904864729327,0.2871211349364555,0.09919651875387134,0.06922353103666866,0.04126903081815385,0.0941971820725831,0.001646052224613254,20,55,0.0024216864915913277,0.239709077059045,False,False,False,1.1791345111811575e-06,COMPLETE
13,0.39175547957420354,2025-04-21 04:51:27.870924,2025-04-21 04:51:36.297556,0 days 00:00:08.426632,0.16296362762597844,0.2668676405704663,16,0.22263835012624641,0.2406401762471604,0.04021484298365124,0.04537328163978277,0.05934452839421295,0.00514663299201857,0.00018278882257691657,17,45,0.03333672508772472,0.2560319591552087,False,False,False,7.574232464639608e-06,COMPLETE
14,0.24270216226577762,2025-04-21 04:51:36.305122,2025-04-21 04:51:44.550374,0 days 00:00:08.245252,0.21676297882919165,0.6982108927995602,16,0.2541209006621095,0.23273963367292635,0.036313781836358694,0.0369493800636126,0.06670227110713134,0.05692235113101299,8.458227714240063e-05,15,32,0.03642680956873736,0.059077707122151324,False,False,False,1.60733137017888e-05,COMPLETE
15,0.3858985781669617,2025-04-21 04:51:44.557937,2025-04-21 04:51:53.762168,0 days 00:00:09.204231,0.19993985844534945,0.02085475906791706,16,0.14052479059322784,0.2278438543337372,0.03955262719462033,0.09907364003824187,0.05779702704775736,0.08238715557109164,0.0001559808505700667,23,80,0.026969345805557075,0.2683075758933491,False,False,False,0.0004983192278858824,COMPLETE
16,0.4036581873893738,2025-04-21 04:51:53.770132,2025-04-21 04:52:02.229486,0 days 00:00:08.459354,0.7150558704572408,0.320058675318441,16,0.13607890523692978,0.2522388305910253,0.058274904931295335,0.045508021386147054,0.07751006894093904,0.04640138054355961,1.8804583023153774e-05,16,59,0.05547525977473593,0.19421586962505166,False,False,False,1.1386279039908795e-05,COMPLETE
17,0.39580134153366087,2025-04-21 04:52:02.237766,2025-04-21 04:52:10.315188,0 days 00:00:08.077422,0.7256001508580501,0.3550843135209155,16,0.1353545749291181,0.2614014263970759,0.05687691268611925,0.027755875409610692,0.07758435736049876,0.04535891369523986,1.0953238561943419e-05,13,66,0.070082210695121,0.19727157051846891,False,False,False,0.00020419213723043729,COMPLETE
18,0.42323747277259827,2025-04-21 04:52:10.323728,2025-04-21 04:52:18.646956,0 days 00:00:08.323228,0.6685094877409958,0.6931568976813607,16,0.16826823507968705,0.14071611648123777,0.04876758406776977,0.024853499056244826,0.07739132882857358,0.04792855544168223,1.1315291291349053e-05,12,73,0.07684909806786361,0.19592447158432466,True,False,False,0.0003015291504028834,COMPLETE
19,0.40033246278762824,2025-04-21 04:52:18.655645,2025-04-21 04:52:27.246221,0 days 00:00:08.590576,0.7532360884478864,0.8899379562611722,8,0.1689445972523596,0.08865467804908955,0.013814103131825711,0.02000385796347223,0.09657866340359292,0.05169534894715128,2.8571874926534876e-05,9,73,0.08090313996090802,0.09459348464513243,True,False,False,3.770878532494092e-07,COMPLETE
20,0.4182589113712311,2025-04-21 04:52:27.255370,2025-04-21 04:52:35.862766,0 days 00:00:08.607396,0.6380718140547467,0.7056649774995513,16,0.18104681741703246,0.14169438856471753,0.0420278867481647,0.026732354627774933,0.07533419334010037,0.015377432655826098,2.8252458584005015e-05,13,96,0.07581255729728756,0.1584856231312845,True,False,False,0.00028860360093883457,COMPLETE
21,0.41875042319297795,2025-04-21 04:52:35.872361,2025-04-21 04:52:44.391110,0 days 00:00:08.518749,0.6483312339132061,0.7157047391663274,16,0.1762915076866898,0.14162477146509617,0.04855063926791977,0.02821967335105216,0.07442276006428143,0.016477895778088218,2.4702949085537047e-05,12,97,0.07795461445492063,0.16231246193292903,True,False,False,0.0001808216983853279,COMPLETE
22,0.41120562553405765,2025-04-21 04:52:44.401574,2025-04-21 04:52:52.762867,0 days 00:00:08.361293,0.6250145301664544,0.7376201890079692,16,0.18558787606792962,0.13794172231902338,0.04639353728452038,0.01582355153267085,0.07055315638656941,0.016633114668517947,3.5280363568363804e-05,11,96,0.07477034834353331,0.1349966466633854,True,False,False,0.00020522655666970624,COMPLETE
23,0.26109379529953003,2025-04-21 04:52:52.772764,2025-04-21 04:53:01.681604,0 days 00:00:08.908840,0.6097944836058493,0.9850368725834672,16,0.20875711959137408,0.061306529296840606,0.02794124850485419,0.001353188715995362,0.09998488210245125,0.016903991898279798,0.00014661266609442605,13,109,0.08387808600981264,0.15855647376462598,True,False,False,0.00031924740574974824,COMPLETE
24,0.3675639390945435,2025-04-21 04:53:01.692106,2025-04-21 04:53:09.436682,0 days 00:00:07.744576,0.4200212238911616,0.6908285948668504,16,0.24522809504470777,0.16158614305492353,0.04796304049345377,0.02400242474025694,0.053352461785424084,0.013573285411508863,1.1627217657979535e-05,7,82,0.06853059751086042,0.07362271503966317,True,False,False,0.0009549473191628924,COMPLETE
25,0.41893949508666994,2025-04-21 04:53:09.447560,2025-04-21 04:53:18.159446,0 days 00:00:08.711886,0.8256941463396367,0.6218217809973817,16,0.16375314989600978,0.12354900753919727,0.04558743332309381,0.030564743369590752,0.07362509243717408,0.04026162824867122,2.6969941957361302e-05,14,94,0.0865316599593238,0.16791539002231856,True,False,False,0.0001552786077335789,COMPLETE
26,0.2116702973842621,2025-04-21 04:53:18.170409,2025-04-21 04:53:26.379747,0 days 00:00:08.209338,0.7912657606348965,0.6006954377142808,16,0.1646747460972067,0.10395208095605896,0.021011949300842603,0.03198281662287716,0.05038550437692499,0.03739674260408766,6.404800814712269e-05,11,124,0.09066422974134669,0.20667361569486412,True,True,False,9.945365289135056e-05,COMPLETE
27,0.41587855815887453,2025-04-21 04:53:26.390899,2025-04-21 04:53:34.038580,0 days 00:00:07.647681,0.8293151159687121,0.793984789748962,16,0.15721303158690136,0.0606532914393588,0.06803081636395426,0.010234270437818733,0.031006953802350794,0.05401073268561198,2.4827249485318954e-05,7,72,0.09394016107529121,0.17349844963967725,True,False,False,3.2170596047578026e-05,COMPLETE
28,0.37429393529891974,2025-04-21 04:53:34.050063,2025-04-21 04:53:44.298378,0 days 00:00:10.248315,0.6819926307308464,0.6090187220644898,8,0.11554179560299352,0.12543808369083037,0.05085369695994885,0.04270544003567482,0.06096342318911667,0.02570820140923063,0.00012070513712704189,15,108,0.08468177459108195,0.13985524507379332,True,False,False,0.00014642864696333494,COMPLETE
29,0.09055355936288834,2025-04-21 04:53:44.310391,2025-04-21 04:54:01.493744,0 days 00:00:17.183353,0.9741930327673642,0.7988420442981521,2,0.28542603974906866,0.098116823864586,0.03450016143620491,0.017435278476991053,0.08412833674882332,0.03756519827492737,4.7691313433422427e-05,18,88,0.045100438279206,0.21991787065424834,True,True,True,0.0006069279924615577,COMPLETE
30,0.31070420145988464,2025-04-21 04:54:01.505775,2025-04-21 04:54:23.668894,0 days 00:00:22.163119,0.5488659799181528,0.554164746501021,2,0.15896226304204142,0.19943434620883543,0.07759807633403462,0.02989927221741954,0.07412679578652653,0.07660194474927093,1.0470767008232965e-05,22,104,0.06465790919300908,0.17720794957599154,True,False,False,3.0859741539451726e-06,COMPLETE
31,0.4178895056247711,2025-04-21 04:54:23.681433,2025-04-21 04:54:32.393584,0 days 00:00:08.712151,0.6498554156863146,0.6736339428022405,16,0.1804989947799802,0.14416313787050294,0.043741429360273684,0.030411987461704502,0.07272764029839872,0.021863973045247422,2.5788310555902508e-05,13,97,0.07706816149665688,0.15818581757809438,True,False,False,0.00039137203446928714,COMPLETE
32,0.39836814999580383,2025-04-21 04:54:32.406383,2025-04-21 04:54:41.356376,0 days 00:00:08.949993,0.8868406095789829,0.6334108262868273,16,0.19696741158113792,0.1733196842590924,0.05311297172534006,0.012896928400081253,0.08319531051919059,0.01236462005742179,1.8856459857338458e-05,15,90,0.07632407111653797,0.10738572174545988,True,False,False,3.882700542997064e-05,COMPLETE
33,0.40514123439788824,2025-04-21 04:54:41.369574,2025-04-21 04:54:49.541737,0 days 00:00:08.172163,0.5776807274566629,0.7514528911129845,16,0.2188567586196336,0.15539011564762453,0.043878546860249716,0.02527631257099512,0.06627309309509716,0.030664662901192,4.129654332385988e-05,12,64,0.053779075985531416,0.21556745985142586,True,False,False,0.000894437562081183,COMPLETE
34,0.10446363389492035,2025-04-21 04:54:49.554968,2025-04-21 04:54:57.839098,0 days 00:00:08.284130,0.48351830606726964,0.8710021377358783,16,0.24114239488924938,0.12394196652699936,0.032274670209862424,0.035421593221762845,0.07036741148148025,0.021477232087492887,9.042924033986891e-05,10,141,0.07009685583687619,0.17009955592409254,True,False,True,0.00024335216169192017,COMPLETE
35,0.1261816531419754,2025-04-21 04:54:57.852735,2025-04-21 04:55:05.474217,0 days 00:00:07.621482,0.7807901297290083,0.5208780443235239,16,0.17827881688112104,0.07246901984906175,0.06313252413217477,0.0023079918619867724,0.0924963227224413,0.059291892525287486,0.00025702941789438157,8,113,0.0989635207454131,0.14119966276596818,True,True,False,0.0001318630461655352,COMPLETE
36,0.4211072564125061,2025-04-21 04:55:05.488855,2025-04-21 04:55:15.478303,0 days 00:00:09.989448,0.6569843680898299,0.9397791520960215,8,0.14624344218213742,0.1791276854760655,0.028201075161940696,0.021685610569054412,0.08069841290972368,0.04215277154122757,1.7731293599424497e-05,14,97,0.0874442334415507,0.18139038069883404,True,False,False,6.548848159258236e-05,COMPLETE
37,0.16678852736949923,2025-04-21 04:55:15.492538,2025-04-21 04:55:25.648024,0 days 00:00:10.155486,0.9149878747388321,0.9114609022538503,8,0.15428192616858727,0.18156824630049484,0.027686425807544518,0.02066689330333924,0.08278148747445463,0.04763752653357874,1.4913882423643224e-05,16,132,0.08508280382919783,0.18558977226424264,True,False,True,7.011006473154921e-05,COMPLETE
38,0.39797184467315677,2025-04-21 04:55:25.662493,2025-04-21 04:55:34.681813,0 days 00:00:09.019320,0.6953065037163727,0.9988604527209749,8,0.04533961723192059,0.20650222357636902,0.01563346100458359,0.03954002858339226,0.0630665188015049,0.06676500702501577,4.391134232505968e-05,11,83,0.08996189567575215,0.11651153898733184,True,False,False,1.6262528471504294e-05,COMPLETE
39,0.1487262427806854,2025-04-21 04:55:34.696733,2025-04-21 04:55:43.558832,0 days 00:00:08.862099,0.42675387699246964,0.8015657427314684,8,0.10773619306833268,0.19387526031686012,0.004616445736654082,0.03311504535664851,0.08750253345295636,0.04230925432664154,0.009616585038166908,14,72,0.09480272591018533,0.21497154404041813,True,True,True,6.575695513563977e-05,COMPLETE
40,0.37136497497558596,2025-04-21 04:55:43.574152,2025-04-21 04:55:54.324224,0 days 00:00:10.750072,0.8444436528615427,0.9573544674918266,8,0.06699927640804225,0.11273674906788336,0.051987243828951896,0.007768148920188081,0.09407961539362862,0.03979126075111119,0.00116015266212185,18,103,0.08050632366431819,0.20100516975433672,True,False,False,3.795215396452172e-05,COMPLETE
41,0.4117621064186096,2025-04-21 04:55:54.340042,2025-04-21 04:56:09.701291,0 days 00:00:15.361249,0.6447100077432789,0.649328339110701,2,0.1463059172189283,0.13864782410620424,0.036287090876197886,0.024015991091360985,0.07821732679190818,0.03021586846190357,2.0298676263258803e-05,12,94,0.08748183940535544,0.16527509326879808,True,False,False,0.0003775340655978767,COMPLETE
42,0.3368208706378937,2025-04-21 04:56:09.717097,2025-04-21 04:56:19.474506,0 days 00:00:09.757409,0.5598681096629923,0.7381851171492848,8,0.12682449608000396,0.16661146169039426,0.041241974278857826,0.014338762354263603,0.07477296903249032,0.010765639421681591,7.174440181424427e-05,14,86,0.07337084185287777,0.18323817853605862,True,False,False,0.00015496522508037645,COMPLETE
43,0.4081175267696381,2025-04-21 04:56:19.490661,2025-04-21 04:56:27.617637,0 days 00:00:08.126976,0.486105953630142,0.550861447315582,16,0.16845636907054132,0.14689168444483047,0.026961500991540127,0.02005242753800203,0.06732428221069515,0.03186852323492009,3.185875777202455e-05,9,98,0.0797640791989046,0.1494023352049486,True,False,False,0.0004996523238010518,COMPLETE
44,0.415348619222641,2025-04-21 04:56:27.634251,2025-04-21 04:56:55.671964,0 days 00:00:28.037713,0.7860349561971482,0.8276353844668888,2,0.1990256138453962,0.21125726375032508,0.047981883073570764,0.027197750278041572,0.08751619075608329,0.09956158490505274,1.4890086037900792e-05,30,119,0.06454456080716349,0.13048699259820412,True,False,False,0.0002702979126513128,COMPLETE
45,0.42022118568420413,2025-04-21 04:56:55.688958,2025-04-21 04:57:04.578779,0 days 00:00:08.889821,0.5897334452383657,0.4104945225783863,16,0.17863909858639482,0.1781392244688128,0.05486770881553248,0.04987073159990551,0.07939042139215402,0.026146162977851467,1.5951795135067127e-05,17,76,0.09694052968867087,0.1476606396105019,True,False,False,5.762589726754621e-05,COMPLETE
46,0.4311072826385498,2025-04-21 04:57:04.595843,2025-04-21 04:57:15.227048,0 days 00:00:10.631205,0.3123350913673755,0.3812049527814343,8,0.12489102682605877,0.17811828582375192,0.06296709206462625,0.06157101945763219,0.08143651223696582,0.02557231916570787,1.0122141113950481e-05,19,77,0.09574405555627252,0.22555772784420133,True,False,False,5.10431416991371e-05,COMPLETE
47,0.14720345735549928,2025-04-21 04:57:15.244330,2025-04-21 04:57:25.076928,0 days 00:00:09.832598,0.29692547549206494,0.4331602166569387,8,0.12217383174647395,0.1797172861071939,0.0666553767429058,0.06449942254241275,0.002340570303112126,0.02643692743642236,1.0031752839165873e-05,22,39,0.09551201289574364,0.2764908448559963,True,True,False,2.3395831994046366e-05,COMPLETE
48,0.09139835238456726,2025-04-21 04:57:25.094678,2025-04-21 04:57:34.552321,0 days 00:00:09.457643,0.30043856585542633,0.4504319134286662,8,0.0983590979901102,0.22042866473307424,0.07396373451137236,0.074802011085774,0.08065768901951885,0.03524941280538263,5.3752031006148085e-05,17,78,0.09924891406661746,0.010099710422606628,True,False,True,5.074349909064172e-06,COMPLETE
49,0.4250015020370484,2025-04-21 04:57:34.570228,2025-04-21 04:57:44.977649,0 days 00:00:10.407421,0.36098566862904474,0.19968604105080395,8,0.07972622372655896,0.18680941438548812,0.056016627649957254,0.04834616031366499,0.09002036315486228,0.041290211572105745,0.07908429441579286,19,63,0.09329660393576834,0.22887067216737106,True,False,False,5.3358629477421597e-05,COMPLETE
50,0.4306190669536591,2025-04-21 04:57:44.995665,2025-04-21 04:57:55.341119,0 days 00:00:10.345454,0.38319841723358683,0.17193385638075723,8,0.07876370686272822,0.19156797517954471,0.06242935984933274,0.05932290061221781,0.08896409255569633,0.04414544168792178,0.05464731278745433,19,57,0.09292084582072141,0.23016638514278803,True,False,False,1.8636229385548122e-05,COMPLETE
51,0.42654054760932925,2025-04-21 04:57:55.359677,2025-04-21 04:58:05.618713,0 days 00:00:10.259036,0.34887748342915204,0.19231604138810668,8,0.0529759410500828,0.19034356866734417,0.0618138367311144,0.05919264835750576,0.08611395886490407,0.05012508281543496,0.0898054728117849,19,54,0.09505568065680718,0.22740298983907214,True,False,False,4.482639526288432e-05,COMPLETE
52,0.42105243206024173,2025-04-21 04:58:05.637600,2025-04-21 04:58:16.316048,0 days 00:00:10.678448,0.3473157351182539,0.16226932276129427,8,0.05200087296392091,0.18978515363453047,0.06125333596265224,0.0626449276316546,0.08862767648943806,0.04941846315212837,0.053579051351999404,21,55,0.09021815252045542,0.22705124630367354,True,False,False,1.812319827909595e-05,COMPLETE
53,0.42342212200164797,2025-04-21 04:58:16.335127,2025-04-21 04:58:26.743591,0 days 00:00:10.408464,0.3673343836671218,0.1643449092510081,8,0.030452497355162023,0.21831568023804038,0.07248505274072349,0.05739221963878178,0.09591649463494846,0.06160109252934019,0.08863049722582643,19,65,0.09480671254920192,0.2563426720970225,True,False,False,1.0276279981325131e-05,COMPLETE
54,0.42946246266365057,2025-04-21 04:58:26.764423,2025-04-21 04:58:37.188618,0 days 00:00:10.424195,0.3560914679219265,0.17910875102637,8,0.019032455596340557,0.2123060012016611,0.08234941028395468,0.05815046939181543,0.0997805019897541,0.0619312015200475,0.08274992877132564,19,66,0.09514077042063612,0.25713159710868183,True,False,False,9.388545645124111e-06,COMPLETE
55,0.09055355936288834,2025-04-21 04:58:37.208480,2025-04-21 04:58:47.465042,0 days 00:00:10.256562,0.3731107966461021,0.19663699404297197,8,0.0030707421011499786,0.24214595062137237,0.08682147789118613,0.057614822135816084,0.09845864090439571,0.06500107412067767,0.09784199640886992,19,63,0.09244610910258631,0.26659534960496356,True,False,False,7.905314327032865e-06,COMPLETE
