number,value,datetime_start,datetime_complete,duration,params_alpha-eval,params_alpha-train,params_batch-size,params_eps-eval,params_eps-train,params_lambda-actions-eval,params_lambda-actions-train,params_lambda-frames-eval,params_lambda-frames-train,params_learning-rate,params_n-epochs,params_n-frames,params_radius-gw,params_rho,params_std-feats,params_ub-actions,params_ub-frames,params_weight-decay,state
736,0.4649005055427552,2025-04-21 07:04:46.132449,2025-04-21 07:04:57.303446,0 days 00:00:11.170997,0.5049044819981762,0.46570615324609255,2,0.23433210586873146,0.015470415886203655,0.008036391822530171,0.09081441015084997,0.03808813770056696,0.07523343669448447,0.00032646629970090046,6,25,0.0807678282736433,0.1307260494164648,True,False,False,4.419492578609863e-07,COMPLETE
737,0.1179548129439354,2025-04-21 07:04:57.541489,2025-04-21 07:05:08.129663,0 days 00:00:10.588174,0.4782842956172391,0.475717668852889,2,0.23299756869972973,0.00935937243175173,0.011381609292925771,0.09489655602395826,0.038828119747073994,0.07729347958017069,0.0003474268266711771,7,30,0.07557238105523223,0.13085991759511767,True,False,True,4.975265857607082e-07,COMPLETE
738,0.09055355936288834,2025-04-21 07:05:08.355932,2025-04-21 07:05:19.376748,0 days 00:00:11.020816,0.4237337586220568,0.4690738457896259,2,0.22812143289044653,0.00868618076859522,0.009161489773271986,0.09066643278298686,0.04275669582104844,0.07532170914380519,0.00044120595435453487,6,26,0.08054482433275628,0.1285174214061176,True,False,False,4.109646522356268e-07,COMPLETE
739,0.4446309089660645,2025-04-21 07:05:19.618276,2025-04-21 07:05:30.221335,0 days 00:00:10.603059,0.5008612184968806,0.5003915371589579,2,0.2870764170212573,0.015047541441886417,0.01374271585014084,0.08775135562215024,0.04776167207212529,0.08096312251269557,0.0005097658669640597,5,28,0.05098956734322,0.12996674561945287,True,False,False,5.664962768212797e-07,COMPLETE
740,0.45973289608955387,2025-04-21 07:05:30.465335,2025-04-21 07:05:42.229347,0 days 00:00:11.764012,0.5366856891099956,0.4534182738502497,2,0.22108517671642108,0.016787294427134565,0.008315344082288904,0.09679272265399623,0.04455220179471119,0.07761865036429641,0.0003335578207065416,7,24,0.09377977710321687,0.12387925351741755,True,False,False,7.575833740359033e-07,COMPLETE
741,0.09055355936288834,2025-04-21 07:05:42.458437,2025-04-21 07:05:54.648947,0 days 00:00:12.190510,0.46399582974951925,0.45207733910796266,2,0.2510779883720977,0.0038261549997773547,0.010686136128319455,0.09328885888137625,0.039766595867572065,0.075164767456528,0.0006744641853012754,8,31,0.07933444795126224,0.13500266522725074,True,False,False,3.617887632416612e-07,COMPLETE
742,0.4499620854854584,2025-04-21 07:05:54.889130,2025-04-21 07:06:06.150512,0 days 00:00:11.261382,0.4943434006145064,0.48093037756938417,2,0.14399483222661452,0.07594080727932558,0.008132836489308107,0.0921440297167923,0.03225291385884383,0.057039785107460654,0.000393017225534138,6,26,0.08452950867724894,0.1260531159831211,True,False,False,4.47391172422321e-07,COMPLETE
743,0.3004944384098053,2025-04-21 07:06:06.379538,2025-04-21 07:06:19.726004,0 days 00:00:13.346466,0.9041266482469663,0.4412790414235744,2,0.23765231062903577,0.06080827422138555,0.006833241327332343,0.09580623065814452,0.029829110689836198,0.07916255182992485,0.00030615497767803504,9,80,0.07738703460265958,0.17721007878733963,True,False,False,3.324563680838344e-07,COMPLETE
744,0.4590845048427582,2025-04-21 07:06:19.966196,2025-04-21 07:06:30.400488,0 days 00:00:10.434292,0.5171660131015227,0.5059106044164798,2,0.24526105760811207,0.02147836188941404,0.010275817417561754,0.09399426883471436,0.03786356747052455,0.0736433011431731,0.0005201799122799524,5,23,0.08984696574556801,0.17222075387738953,True,False,False,0.0005827121985147654,COMPLETE
745,0.44533953070640564,2025-04-21 07:06:30.642658,2025-04-21 07:06:41.884547,0 days 00:00:11.241889,0.5837743826581858,0.4587883015603908,2,0.26206104182476125,0.06754782263960044,0.008228787847065305,0.08994370144294761,0.040679491138200956,0.07663516001368886,0.00038588719491381297,6,27,0.08171367990972947,0.05134919730449022,True,False,False,5.033703208844347e-07,COMPLETE
746,0.4492545485496521,2025-04-21 07:06:42.114687,2025-04-21 07:06:53.938646,0 days 00:00:11.823959,0.4455064714925403,0.48016892752868817,2,0.25314396290024366,0.008879402458432242,0.005664476679053149,0.09204358491517525,0.03533690851096186,0.043427210081364465,0.00031729232502583784,7,24,0.08012060998484172,0.13698447049581375,True,False,False,2.7242189220447755e-07,COMPLETE
747,0.4566622257232666,2025-04-21 07:06:54.180484,2025-04-21 07:07:05.348355,0 days 00:00:11.167871,0.5513653360164769,0.4271003535249439,2,0.23188080517556897,0.014324182073028113,0.0066769536703333195,0.09700416637035794,0.036313693550071365,0.07965448962901663,0.00047117331618011537,6,22,0.08659319232305757,0.16654717460687127,True,False,False,6.534606601683647e-07,COMPLETE
748,0.4605551719665527,2025-04-21 07:07:05.579718,2025-04-21 07:07:17.520046,0 days 00:00:11.940328,0.4795708604049154,0.4410593649507631,2,0.2405264651094174,0.05102844295182669,0.004629653496401296,0.0860630402445414,0.03315443746071813,0.07310939630429011,0.0002841933378004198,7,21,0.08372905582948202,0.13365781925377496,True,False,False,4.195330732261778e-07,COMPLETE
749,0.15689080953598022,2025-04-21 07:07:17.760474,2025-04-21 07:07:29.047168,0 days 00:00:11.286694,0.5001188828774307,0.5242508797328506,2,0.2267179664722138,0.2240642910100067,0.012098791913278794,0.08809954738050176,0.0379366183054623,0.08177252230748433,0.00037568706289462894,8,29,0.0883755651731576,0.13986136191296833,True,True,False,0.00012995920100499685,COMPLETE
750,0.4495911002159119,2025-04-21 07:07:29.291286,2025-04-21 07:07:39.892111,0 days 00:00:10.600825,0.40665890104137936,0.4659464822883256,2,0.2483435625785508,0.07355258289572675,0.00940504824441539,0.09446401265657765,0.027981920589247332,0.07571326287150426,0.0009814337916518314,5,25,0.09162943121038035,0.17727559465459633,True,False,False,2.3656453149805923e-07,COMPLETE
751,0.4500272452831269,2025-04-21 07:07:40.122083,2025-04-21 07:07:51.374041,0 days 00:00:11.251958,0.5277621746623096,0.49864771358296367,2,0.21900211265387534,0.08036892198884976,0.015569744774546564,0.09041547400049647,0.03095962085747065,0.07100168856477851,0.0006481963233691275,6,21,0.07855169946280845,0.16533082561118406,True,False,False,8.113798160452212e-07,COMPLETE
752,0.4373936653137207,2025-04-21 07:07:51.617119,2025-04-21 07:08:02.293531,0 days 00:00:10.676412,0.7549863307448076,0.42038356732632215,2,0.2574912703445354,0.06417795688704596,0.04424460959556956,0.09264682343313012,0.05182803372575183,0.07778034954169984,0.0004369876104469013,5,27,0.08144253746629596,0.15883122103489375,True,False,False,1.2950236623905475e-08,COMPLETE
753,0.4655373275279999,2025-04-21 07:08:02.525500,2025-04-21 07:08:14.812792,0 days 00:00:12.287292,0.4749417771518146,0.4440023349183211,2,0.26694690263761883,0.021009049350264222,0.007419592677339559,0.09763311825794009,0.04164390798752328,0.06662649702587566,0.00034050777689328623,8,25,0.084964037943122,0.12272185118767547,True,False,False,3.363560933518128e-07,COMPLETE
754,0.4477858543395996,2025-04-21 07:08:15.054709,2025-04-21 07:08:34.996185,0 days 00:00:19.941476,0.4336109309290271,0.4109288239902739,2,0.28109890412519106,0.01649686901481072,0.010756981319228007,0.09756234878133269,0.044508663707707445,0.061070942303918685,0.0005534153076205813,20,30,0.08601189182949173,0.120330451035544,True,False,False,5.728047362910555e-07,COMPLETE
755,0.46010664105415344,2025-04-21 07:08:35.240380,2025-04-21 07:08:47.508597,0 days 00:00:12.268217,0.4541712111664402,0.42882280694749486,2,0.27246310825572484,0.0120074216169017,0.008258077282438698,0.09799863668078973,0.04221995173530351,0.0664728443446168,0.0007522975390376841,8,25,0.08742492788041324,0.12650945367025598,True,False,False,3.5879784354908706e-07,COMPLETE
756,0.09055355936288834,2025-04-21 07:08:47.740979,2025-04-21 07:09:01.346964,0 days 00:00:13.605985,0.46734658627700104,0.6473199251867249,2,0.2708144903672485,0.016756946264265972,0.0073604122524071934,0.09749401749960751,0.04319345171014574,0.06388036742890518,0.0003869952782309501,9,142,0.032436374201599116,0.13138872272269916,True,False,False,4.566666653659773e-07,COMPLETE
757,0.08456662148237229,2025-04-21 07:09:01.593008,2025-04-21 07:09:15.847319,0 days 00:00:14.254311,0.47640880232183663,0.45934165931062376,2,0.2600656963358884,0.02249094068355373,0.013197353629845456,0.09615057041176597,0.0460061294673576,0.039704053306416257,0.0004774130569082222,14,21,0.014710695292491069,0.11988421030123632,True,False,True,3.054658333257696e-07,COMPLETE
758,0.44979040026664735,2025-04-21 07:09:16.096575,2025-04-21 07:09:28.507839,0 days 00:00:12.411264,0.44906091164757606,0.40130076009345983,2,0.2791521150074575,0.019522347319163705,0.0042958295848394435,0.09842446395920142,0.040514879476265794,0.06695876436229538,0.00028624473314513223,8,27,0.08486665482163935,0.12545065752891665,True,False,False,0.00011406777712639597,COMPLETE
759,0.09055355936288834,2025-04-21 07:09:28.738866,2025-04-21 07:09:41.589455,0 days 00:00:12.850589,0.4876733918780362,0.4445053962440547,2,0.2616006487512388,0.0023704239357553794,0.009441981673095443,0.09596275732373326,0.041969712413665344,0.06548017779278437,0.00035122125626087355,9,30,0.08975303543447768,0.1174362599208024,True,False,False,2.0156615637799052e-07,COMPLETE
760,0.4423551142215729,2025-04-21 07:09:41.835615,2025-04-21 07:09:54.355380,0 days 00:00:12.519765,0.46171760861582395,0.48228087290808,2,0.2689917155928747,0.09081133782460221,0.02846219196214648,0.09459924183345338,0.03960004044219557,0.0635307315017328,0.0005652293252799308,8,23,0.09407469166910822,0.12944343702131117,True,False,False,2.9763625885970055e-05,COMPLETE
761,0.4452254056930542,2025-04-21 07:09:54.588164,2025-04-21 07:10:07.514088,0 days 00:00:12.925924,0.4332501864449754,0.41868092517851757,2,0.26589144869080894,0.023574084012869683,0.006144048663255039,0.031978527212773895,0.04142207737344821,0.06006890470771047,0.0004335503923748707,9,19,0.0885415631072311,0.17117412015931002,True,False,False,0.0007551359114937462,COMPLETE
762,0.09055355936288834,2025-04-21 07:10:07.759525,2025-04-21 07:10:19.917345,0 days 00:00:12.157820,0.49536978365034284,0.37484630987024725,2,0.23223308736571197,0.00890460510998028,0.004089555806061278,0.09817530550628231,0.04407108692225698,0.06679159125887953,0.00026132896740484527,8,25,0.0853734250451159,0.17840857507322844,True,False,False,3.803322973079479e-07,COMPLETE
763,0.456291151046753,2025-04-21 07:10:20.163583,2025-04-21 07:10:32.793597,0 days 00:00:12.630014,0.4764660195414219,0.46690192328123864,2,0.22461367647163988,0.07275188773938643,0.007694342506942761,0.09585596363227045,0.03853036458249586,0.06780060465696154,0.0003253094353386098,8,21,0.09077176381519472,0.1211248636342474,True,False,False,6.100275801527142e-07,COMPLETE
764,0.4370045900344849,2025-04-21 07:10:33.027613,2025-04-21 07:10:44.947892,0 days 00:00:11.920279,0.5066311513040106,0.4329214525088144,2,0.23792183359683272,0.05964908760083043,0.010919410773390146,0.09440009608628835,0.040496966724335115,0.06300266232612305,0.00038604212319899556,7,28,0.08289748200584618,0.1339299132733443,True,False,False,4.797156840983912e-07,COMPLETE
765,0.3702494740486145,2025-04-21 07:10:45.195358,2025-04-21 07:10:57.163879,0 days 00:00:11.968521,0.9926001056295854,0.40371021687542635,2,0.2647892446573224,0.06669149686199223,0.002728915064348263,0.09747116083791435,0.03780380220302517,0.06528072770779027,0.0005033037814977308,7,18,0.04128302487230623,0.10884407921750026,True,False,False,2.3188441898463702e-07,COMPLETE
766,0.4597858190536499,2025-04-21 07:10:57.402901,2025-04-21 07:11:09.941164,0 days 00:00:12.538263,0.45721155515561673,0.4488340117329015,2,0.24278424448119085,0.08028642875416526,0.005272689368360602,0.0951281727598343,0.035607461733107706,0.06949437313077955,0.0006513328426636084,8,23,0.0752733931871461,0.1795183174794852,True,False,False,1.6037979228949572e-07,COMPLETE
767,0.44972111582756047,2025-04-21 07:11:10.195172,2025-04-21 07:11:23.156680,0 days 00:00:12.961508,0.41191180395097565,0.34505799224982187,2,0.2877474337370573,0.025330412987306306,0.009001269726906055,0.0932189550273195,0.03915261167181025,0.05283499307091674,0.00023742906109402515,9,31,0.08050004547335504,0.17133992006675092,True,False,False,3.1854504568794775e-07,COMPLETE
768,0.4541966915130615,2025-04-21 07:11:23.405010,2025-04-21 07:11:35.135191,0 days 00:00:11.730181,0.4877754847457161,0.496707571872488,2,0.23032511757257831,0.012535893017139702,0.006075421226623251,0.09814365958538074,0.0420553558933153,0.06787885753014639,0.0002913140416361231,7,16,0.087659038438538,0.16381445820901727,True,False,False,0.00019774565412982782,COMPLETE
769,0.15551866292953492,2025-04-21 07:11:35.373179,2025-04-21 07:11:46.040183,0 days 00:00:10.667004,0.5094091209977722,0.41888745675185435,2,0.20911221681024442,0.0705195857282628,0.002667461975283898,0.09592683722573474,0.036722897540101475,0.08000379589441878,0.00045716627699515534,7,26,0.0774577604176238,0.1273676125599074,True,True,False,7.609914444124364e-07,COMPLETE
770,0.4486745476722717,2025-04-21 07:11:46.288266,2025-04-21 07:11:58.566729,0 days 00:00:12.278463,0.4702199712865105,0.5522155380320818,2,0.2719841981069495,0.021294998978588713,0.007219007083514619,0.09338526448950632,0.03388829067756647,0.062056252977561864,0.00034726536758551165,8,21,0.08403610206064419,0.13922214443004968,True,False,False,4.343097104255966e-07,COMPLETE
771,0.4625847935676575,2025-04-21 07:11:58.818529,2025-04-21 07:12:09.855465,0 days 00:00:11.036936,0.438443396170123,0.3887831401290932,2,0.23648778283973967,0.031056228842561335,0.005039875288011983,0.09186167995635768,0.03979502368402053,0.0710664987090303,0.00021197838888946212,6,24,0.08676490955267584,0.11300543173854642,True,False,False,2.746967656356514e-07,COMPLETE
772,0.4458705484867096,2025-04-21 07:12:10.092274,2025-04-21 07:12:20.777150,0 days 00:00:10.684876,0.49481948686419613,0.4711657329282015,2,0.25630650212539113,0.056629578094184604,0.0012364291521715874,0.09525676930574685,0.04646824300250841,0.06488883824536502,0.0007729456557910882,5,19,0.08184935726939525,0.1582573359784197,True,False,False,5.283901165245454e-07,COMPLETE
773,0.44326023459434516,2025-04-21 07:12:21.026788,2025-04-21 07:12:32.950709,0 days 00:00:11.923921,0.5435295064278509,0.435029008854416,2,0.24849282281229151,0.062337364839035625,0.004334699203253566,0.09348586200716187,0.03751518421982387,0.0688048187816836,0.0004023128460731451,7,27,0.07890041759866599,0.17113194409990723,True,False,False,3.7470083373371375e-07,COMPLETE
774,0.4662791192531586,2025-04-21 07:12:33.189261,2025-04-21 07:12:44.606020,0 days 00:00:11.416759,0.5198350205418246,0.37046834741051865,2,0.2421406040753721,0.07514961516150549,0.009939661712435573,0.09676300999475797,0.03252716777305494,0.08183431510319326,0.0005904642160068853,6,23,0.08509895895566034,0.16509510717444686,True,False,False,1.8016662398276186e-07,COMPLETE
775,0.11284229010343552,2025-04-21 07:12:44.855743,2025-04-21 07:12:55.406105,0 days 00:00:10.550362,0.5730578549871058,0.34667783674792246,2,0.24352117762061548,0.08282989511628358,0.013007565818404555,0.09813728472199286,0.02987078267545638,0.08263461471737614,0.0009180043397834456,7,31,0.08972896664089196,0.18082136323229092,True,False,True,1.4234578207511462e-07,COMPLETE
776,0.44733871221542365,2025-04-21 07:12:55.658047,2025-04-21 07:13:06.353500,0 days 00:00:10.695453,0.5291465802776979,0.3697731593370007,2,0.2544109241748227,0.08577756837800919,0.014870675597774143,0.09963548441513238,0.02822742831929696,0.08189180839161675,0.0011378850187854974,5,16,0.09232742050542384,0.16567609947413967,True,False,False,1.8587206927775163e-07,COMPLETE
777,0.46676462888717657,2025-04-21 07:13:06.592380,2025-04-21 07:13:19.166309,0 days 00:00:12.573929,0.5577347244195371,0.36533243431081236,2,0.24426084058542014,0.07778535553937031,0.01140040429919353,0.09672052345050783,0.0319266367193171,0.08242727504211671,0.000673417295787663,8,21,0.08589547182020237,0.17444432849961988,True,False,False,1.30240105855167e-07,COMPLETE
778,0.45124884843826296,2025-04-21 07:13:19.415413,2025-04-21 07:13:32.622471,0 days 00:00:13.207058,0.5888240535583061,0.35457225027565886,2,0.24035728262654193,0.0833132186050908,0.04194167270808622,0.09834763319603773,0.03013950531140673,0.08212101546005451,0.0007793821640154962,9,24,0.08527312065474424,0.18029455333602534,True,False,False,1.2357476972535873e-07,COMPLETE
779,0.45721766352653503,2025-04-21 07:13:32.876151,2025-04-21 07:13:45.493770,0 days 00:00:12.617619,0.5652222057640623,0.3397562303097511,2,0.2456774871367019,0.09276321469581628,0.01118316504520274,0.09811964288302356,0.03180700565660273,0.0807472328078464,0.0007738594243560358,8,19,0.08325977666636279,0.1878603806505566,True,False,False,1.2046592451950508e-07,COMPLETE
780,0.4490568518638611,2025-04-21 07:13:45.730183,2025-04-21 07:13:58.855641,0 days 00:00:13.125458,0.6101951703791331,0.36483267227542476,2,0.23926614759710252,0.07827642528659048,0.010943181052704188,0.09690878546733774,0.028052192767283185,0.08274080220252977,0.0007045404218396178,9,29,0.08122782518550328,0.18167850157187726,True,False,False,1.3675514802849548e-07,COMPLETE
781,0.45195991396903995,2025-04-21 07:13:59.106972,2025-04-21 07:14:11.713520,0 days 00:00:12.606548,0.5584043242529133,0.36893746779810443,2,0.23528056262731162,0.08591959025970755,0.009381261753170275,0.09999816280111055,0.031870134379652894,0.0802425140510199,0.0010015481945933758,8,26,0.0854896399839985,0.17471995063625878,True,False,False,1.7232033368164242e-07,COMPLETE
782,0.4511902987957001,2025-04-21 07:14:11.967829,2025-04-21 07:14:24.520790,0 days 00:00:12.552961,0.6249208021625915,0.39084611546328085,2,0.2777306192302521,0.07879630905139995,0.016826222369929415,0.09647015481941873,0.029785366698621404,0.08336465238133525,0.0006435684343746582,8,22,0.07962439690209522,0.17503406228041468,True,False,False,1.0437806121683263e-07,COMPLETE
783,0.44255849719047546,2025-04-21 07:14:24.764043,2025-04-21 07:14:37.268979,0 days 00:00:12.504936,0.5566895443708249,0.34718825372959566,2,0.24329423040138373,0.07408383655076238,0.011810356848498063,0.09698354883393288,0.03165325337850633,0.0791395408019909,0.0009163796439125374,8,14,0.08314560544155081,0.1710777124824094,True,False,False,1.2444335652115162e-07,COMPLETE
784,0.09055355936288834,2025-04-21 07:14:37.522427,2025-04-21 07:14:50.329821,0 days 00:00:12.807394,0.5866981048412591,0.3768018966584632,2,0.2511687264346112,0.00041171346894217087,0.009265942004572623,0.09630404814530182,0.027137634919537277,0.08098068221702433,0.000587558863801006,9,20,0.0762711978770052,0.06565959862754232,True,False,False,1.6467975747673143e-07,COMPLETE
785,0.4517710983753205,2025-04-21 07:14:50.583947,2025-04-21 07:15:03.049432,0 days 00:00:12.465485,0.5457310754676854,0.3924782921768105,2,0.2636333321930311,0.08710594318855944,0.007795981601358289,0.09866229932267002,0.03306360670103164,0.08219803649794875,0.0005947341580859326,8,24,0.08805936578771145,0.17552492182166562,True,False,False,1.573774078441843e-07,COMPLETE
786,0.44523285031318666,2025-04-21 07:15:03.290082,2025-04-21 07:15:15.808433,0 days 00:00:12.518351,0.5742302956496685,0.3677886476108086,2,0.23482317307487344,0.07638758649869852,0.00941480392907488,0.09978401925922975,0.02992597882198628,0.07840079405666164,0.0008426532543002542,8,28,0.0813613269574597,0.12413123489797204,True,False,False,9.457428127109025e-08,COMPLETE
787,0.4474696755409241,2025-04-21 07:15:16.061650,2025-04-21 07:15:27.991394,0 days 00:00:11.929744,0.5314070949993553,0.4069694763523476,2,0.2571210186712735,0.07455828713862792,0.007812604528142428,0.09575488895652501,0.03354969656293891,0.0826916137336895,0.0006661899354014444,7,18,0.08502763272593815,0.16980041925938993,True,False,False,1.9528079420516197e-07,COMPLETE
788,0.4555860340595246,2025-04-21 07:15:28.233810,2025-04-21 07:15:40.646947,0 days 00:00:12.413137,0.5471980387057288,0.3922163203798768,2,0.24530912074447053,0.02710328682968153,0.006729718179534945,0.09549643179486184,0.03153803075889316,0.07902811608932611,0.0005643905022221496,8,22,0.07851309222252413,0.18551541969647373,True,False,False,1.3894733878407282e-07,COMPLETE
789,0.4128594696521759,2025-04-21 07:15:40.900462,2025-04-21 07:15:52.782861,0 days 00:00:11.882399,0.5273747269675262,0.3579142814742026,2,0.23952117697278905,0.016807797254505947,0.011119482249622751,0.09754686432607072,0.04392738985220525,0.0809557209904602,0.04614514232349265,7,26,0.08943924438586319,0.13265051166665406,True,False,False,1.9617332860474578e-07,COMPLETE
790,0.13356007635593414,2025-04-21 07:15:53.040649,2025-04-21 07:16:04.826898,0 days 00:00:11.786249,0.518245240162993,0.40265059003857284,2,0.2507256956918741,0.08987636041465644,0.006107635022559134,0.09499650549755953,0.028320565007279325,0.07875292955245793,0.0006798725704055371,9,32,0.08305435667137419,0.07507220534506633,True,True,False,9.99970761067437e-08,COMPLETE
791,0.4418520748615265,2025-04-21 07:16:05.070348,2025-04-21 07:16:22.735583,0 days 00:00:17.665235,0.565842182726126,0.3867608022029974,2,0.22621512464370963,0.07943387521329767,0.013145544862105122,0.09460776466668029,0.03334620876843182,0.0774167557152996,0.0005332473278109856,16,16,0.08621019063447859,0.18098923299168196,True,False,False,1.5962365589464982e-07,COMPLETE
792,0.4648302555084229,2025-04-21 07:16:22.991593,2025-04-21 07:16:34.834913,0 days 00:00:11.843320,0.6015214471944801,0.3445297057102171,2,0.26660752820014766,0.0690894406574907,0.008577175845893476,0.0980559815556608,0.034885609840906766,0.047624609325404514,0.0007005493991380206,7,24,0.08039284301700753,0.16705576890819795,True,False,False,2.177734422809163e-07,COMPLETE
