number,value,datetime_start,datetime_complete,duration,params_alpha-eval,params_alpha-train,params_batch-size,params_eps-eval,params_eps-train,params_lambda-actions-eval,params_lambda-actions-train,params_lambda-frames-eval,params_lambda-frames-train,params_learning-rate,params_n-epochs,params_n-frames,params_radius-gw,params_rho,params_std-feats,params_ub-actions,params_ub-frames,params_weight-decay,state
454,0.4441161096096039,2025-04-08 04:22:30.464272,2025-04-08 04:22:39.976549,0 days 00:00:09.512277,0.1510760348235053,0.9313360952727306,8,0.0069165917674827845,0.24950086405563582,0.09820977832104223,0.0028515934354920672,0.09818908580808446,0.07974840542798418,0.0001914066902204055,23,76,0.09791258479464054,0.11921765493353562,False,False,True,0.0001662512035799536,COMPLETE
455,0.44380177259445197,2025-04-08 04:22:40.118702,2025-04-08 04:22:49.479224,0 days 00:00:09.360522,0.16482771900766616,0.9873955029646317,8,0.005969017283474034,0.23560245396053517,0.09003671997061193,0.0014864505103971291,0.09999274236789973,0.08203484124564055,0.0001545652518037384,22,75,0.09567344391771189,0.1172734209826617,False,False,True,0.00018108022019606363,COMPLETE
456,0.4420969605445862,2025-04-08 04:22:49.622182,2025-04-08 04:22:58.860418,0 days 00:00:09.238236,0.15308884911492845,0.9493891345749178,8,0.00665675114743331,0.24814562044774208,0.09991600599660388,0.0029783153722923402,0.09557963019557532,0.07923007425253373,0.0001417204153181706,21,78,0.09996039869586291,0.1300157426412539,False,False,True,0.0005657816161814842,COMPLETE
457,0.3961105823516846,2025-04-08 04:22:59.013572,2025-04-08 04:23:08.828402,0 days 00:00:09.814830,0.14477749434913811,0.9209298265691895,8,0.012491405988591359,0.24274209006745082,0.09401528728292552,0.003943700435233648,0.09469619807591026,0.09394805792945224,0.00019005077370639343,24,82,0.009216201232461876,0.113004777662126,False,False,True,0.00038230221600396856,COMPLETE
458,0.441838675737381,2025-04-08 04:23:08.975978,2025-04-08 04:23:17.291243,0 days 00:00:08.315265,0.18528331683203292,0.9029203759397929,16,0.007088239932188822,0.263238199583998,0.09602514374341468,0.0011787723145996062,0.09806267042142651,0.08014869499134164,0.00011164559364663777,23,79,0.09346305525164225,0.10659806967206994,False,False,True,0.00030028832487367864,COMPLETE
459,0.43511617779731754,2025-04-08 04:23:17.433171,2025-04-08 04:23:26.934555,0 days 00:00:09.501384,0.11124795726348818,0.9297604583252963,8,0.01931326709177521,0.24871715521682616,0.09997864548129878,0.00955857380741357,0.025426296256740904,0.07470487042416296,0.00026124113609727614,23,72,0.09720084814070327,0.1178093066492026,False,False,True,0.00021561742759914533,COMPLETE
460,0.4441441953182221,2025-04-08 04:23:27.088225,2025-04-08 04:23:36.815567,0 days 00:00:09.727342,0.137393321316226,0.9796560303409498,8,0.01291882686296976,0.27346239290787866,0.053869921479620914,0.0073522427831890416,0.09299761446000762,0.09978038409869895,0.00019417081762180071,24,86,0.0978693175607398,0.10277486685250997,False,False,True,0.00016748118013090951,COMPLETE
461,0.441332083940506,2025-04-08 04:23:36.957686,2025-04-08 04:23:46.788926,0 days 00:00:09.831240,0.17338812558728264,0.9663188588257435,8,0.005550643457066653,0.2745976590458556,0.057515355114310364,0.00736040142954496,0.092261584797492,0.09604178787613414,0.00014837481314086397,24,84,0.09536581575163046,0.09881630305642816,False,False,True,0.00016895841311651176,COMPLETE
462,0.41786415576934816,2025-04-08 04:23:46.932604,2025-04-08 04:23:56.392100,0 days 00:00:09.459496,0.1491753037397206,0.9275624530532077,8,0.012690655862279231,0.2714404789786228,0.06923655283454289,0.010513815048355845,0.09997520412760069,0.09919035009472632,0.00017612382336141465,24,18,0.09720959161527026,0.09304461844864806,False,False,True,0.0001607525216283902,COMPLETE
463,0.42863554954528815,2025-04-08 04:23:56.546255,2025-04-08 04:24:05.986697,0 days 00:00:09.440442,0.1351589015405588,0.9512622611388353,8,0.005825507083246615,0.26840050488985506,0.09381583670487804,0.006064649597619844,0.0932588819610112,0.09992645584426185,0.00028056910140545813,22,66,0.09401412770778196,0.1024504613941392,False,True,True,0.00048486992391941355,COMPLETE
464,0.2866095364093781,2025-04-08 04:24:06.131166,2025-04-08 04:24:15.871091,0 days 00:00:09.739925,0.09792765487476315,0.9978035297434851,8,0.026535954795321975,0.23336113247793439,0.08988976630092468,0.008281140537897275,0.09636152722465043,0.08414532678457154,7.217500215394311e-05,24,76,0.09776632207212624,0.10861594790718442,False,False,True,0.0005837688788693384,COMPLETE
465,0.4435567438602448,2025-04-08 04:24:16.025843,2025-04-08 04:24:25.654962,0 days 00:00:09.629119,0.1587746694229703,0.9091212427699404,8,0.011983657101411234,0.25928277903040237,0.04990643908571317,0.01267110489205859,0.09454707269816848,0.09695553471525083,0.00012404135352608165,23,94,0.09603778757574946,0.10571571271316062,False,False,True,0.00021358388040506788,COMPLETE
466,0.43913325667381287,2025-04-08 04:24:25.800001,2025-04-08 04:24:35.235266,0 days 00:00:09.435265,0.11932111779776118,0.8915008297388655,8,0.019960278773564082,0.2420563357298142,0.09576836112123585,0.006000961365049961,0.0964988355613184,0.09087990023317853,0.0002293883803515321,22,87,0.09336242176470326,0.1114283905050188,False,False,True,0.0003905575848343649,COMPLETE
467,0.4405910611152649,2025-04-08 04:24:35.381048,2025-04-08 04:24:44.663743,0 days 00:00:09.282695,0.06687934845431433,0.9792864740125744,8,0.005685127121133865,0.2647022922451049,0.097997073002843,0.008238691812579753,0.09817893399011741,0.07793084844774112,9.116585807094939e-05,21,83,0.09985673613214922,0.09632670370950523,False,False,True,0.00027106559991320984,COMPLETE
468,0.44514436721801764,2025-04-08 04:24:44.819759,2025-04-08 04:24:54.586479,0 days 00:00:09.766720,0.13959874246722895,0.943830172793278,8,0.011873320853455575,0.23695532134372654,0.06543937294201582,0.003169315230154348,0.09993825119220337,0.09432640460128301,0.00018465260023855018,24,92,0.09752495919600854,0.10221184630887833,False,False,True,0.00020150872947786324,COMPLETE
469,0.43896614313125615,2025-04-08 04:24:54.731864,2025-04-08 04:25:04.498651,0 days 00:00:09.766787,0.1641607577459852,0.943546609732133,8,0.006357991493832059,0.2361952461540196,0.09356683933130958,0.00271702542925767,0.0998118074582483,0.09316387416000699,0.00017023622770856014,24,92,0.09517336762667511,0.09174957110216933,False,False,True,0.00016438663139313494,COMPLETE
470,0.4452119529247284,2025-04-08 04:25:04.643666,2025-04-08 04:25:14.382043,0 days 00:00:09.738377,0.14057560347248058,0.9766372396784095,8,0.011508842321015272,0.23904725097677115,0.09059300275913942,0.004075004540317983,0.09798822826802008,0.09744970160255435,0.0001404431318241791,24,98,0.09718289498882243,0.10255599610044268,False,False,True,0.00020253933170140067,COMPLETE
471,0.4425809741020203,2025-04-08 04:25:14.538189,2025-04-08 04:25:24.354596,0 days 00:00:09.816407,0.18338205298962781,0.9793935695155007,8,0.01081238447348389,0.2342805059779554,0.0665159861450514,0.001045209520510161,0.09991312160341712,0.09540879695842923,0.00012438446264378386,24,98,0.09281963060590195,0.09955178066168906,False,False,True,0.00016341262842012585,COMPLETE
472,0.4419061720371247,2025-04-08 04:25:24.502397,2025-04-08 04:25:34.294729,0 days 00:00:09.792332,0.14530038049629881,0.9292867115244193,8,0.005473716527461928,0.23900833549721784,0.055095162186368514,0.003706585345892936,0.09455140015570165,0.0975913071247692,0.00010922250066495573,24,98,0.0963320725774301,0.09473499373865847,False,False,True,0.00020144798860145197,COMPLETE
473,0.4463928639888764,2025-04-08 04:25:34.446779,2025-04-08 04:25:44.253164,0 days 00:00:09.806385,0.16796464450032222,0.9674557958494064,8,0.012256209030359812,0.23149534865423294,0.09035259287169739,0.004979813865812198,0.09996634154664302,0.0946601616998776,0.00015421766845234733,24,95,0.09724766501325217,0.09993133656210441,False,False,True,0.0007605707005584069,COMPLETE
474,0.4398841321468353,2025-04-08 04:25:44.409715,2025-04-08 04:25:54.075170,0 days 00:00:09.665455,0.18777675315744555,0.9699815753065844,8,0.02063027193909387,0.23308579874838561,0.08830781491997952,0.0029194991145805806,0.06689825261639407,0.09464319031987908,0.0001396486551304205,24,95,0.09491583969552006,0.0902017058519478,False,False,True,0.000760600441393018,COMPLETE
475,0.44261521697044376,2025-04-08 04:25:54.226114,2025-04-08 04:26:03.373249,0 days 00:00:09.147135,0.16534511669827442,0.9585157220759299,8,0.011990199790253802,0.2311686042741681,0.05221965151763681,0.005632271862447448,0.05535544894613694,0.09173421691078315,9.590792489089207e-05,20,99,0.09719681913556413,0.10041470392550209,False,False,True,0.0006361405738357144,COMPLETE
476,0.3641902089118958,2025-04-08 04:26:03.534123,2025-04-08 04:26:13.118889,0 days 00:00:09.584766,0.16921981537067432,0.9798965658006623,8,0.02576938543130991,0.24315312061333522,0.07153805565810382,0.08652820421765145,0.09640732653719532,0.0999699164318609,0.0001553838936049317,23,73,0.09339851909524442,0.10384983817126897,False,False,True,0.0007780977303993645,COMPLETE
477,0.44198268055915835,2025-04-08 04:26:13.266453,2025-04-08 04:26:21.504860,0 days 00:00:08.238407,0.1468527166241095,0.9476298535068649,16,0.005661388463984034,0.2372472730140101,0.07536292360601227,0.004610075131794503,0.09285512678580433,0.0974877202431114,6.627782150648426e-05,22,80,0.09611455588663383,0.09525856039602044,False,False,True,0.0005418484707922989,COMPLETE
478,0.3991100072860718,2025-04-08 04:26:21.653364,2025-04-08 04:26:30.882209,0 days 00:00:09.228845,0.5618352493147067,0.996390612940051,8,0.011237517340736747,0.24661046846187967,0.06086228089051063,0.002674146303048921,0.09820575277332307,0.09379002614940421,0.00013562613072654956,21,95,0.09794735209675516,0.10225628778197178,False,False,True,0.0003912552566705383,COMPLETE
479,0.124638631939888,2025-04-08 04:26:31.040888,2025-04-08 04:26:40.820636,0 days 00:00:09.779748,0.18800249980626776,0.9653555333591973,8,0.2726085764649139,0.27652627305937977,0.08867320872970305,0.0010316704945972919,0.09998296538708193,0.08758547539294001,0.00017561712479278793,24,98,0.09518266334128683,0.08953770962956527,False,False,True,0.00047183621690427037,COMPLETE
480,0.4383436381816864,2025-04-08 04:26:40.969686,2025-04-08 04:26:50.560907,0 days 00:00:09.591221,0.10487714838247325,0.9421735269165747,8,0.01946978011990625,0.23027716000149195,0.09034227649268271,0.0044555863072674035,0.0961144673486345,0.09613428312672125,0.00011014062299944293,23,76,0.0978950518511832,0.10366033752925237,False,False,True,0.0008034360030511942,COMPLETE
481,0.44027966856956485,2025-04-08 04:26:50.708647,2025-04-08 04:27:00.434487,0 days 00:00:09.725840,0.13612487128196318,0.9193531327606275,8,0.007553294147843077,0.24028653041414727,0.09355026940351896,0.006503639553829479,0.0980793556619202,0.09492016673684854,0.00015441887978133185,24,85,0.09284344651227926,0.09765731297381262,False,False,True,0.0006304865706192927,COMPLETE
482,0.4385355353355408,2025-04-08 04:27:00.597718,2025-04-08 04:27:10.030466,0 days 00:00:09.432748,0.08467632468165869,0.9731327425969685,8,0.018874071700162587,0.24894156107563742,0.0906551840709581,0.01030146133563126,0.09476641102277587,0.09797549481618585,8.881985229350212e-05,22,92,0.09660360628823904,0.10779509822974441,False,False,True,0.00034592316684309293,COMPLETE
483,0.44109060168266295,2025-04-08 04:27:10.180498,2025-04-08 04:27:19.741419,0 days 00:00:09.560921,0.1572380327117002,0.9518769099168944,8,0.012283998440686976,0.23975207592238043,0.09523675087231871,0.0035682960971577552,0.06241193891903203,0.0928765180006625,0.00013226904605108655,23,71,0.09805095924041876,0.10278837053739433,False,False,True,0.0004402740929795159,COMPLETE
484,0.42317710518836976,2025-04-08 04:27:19.904720,2025-04-08 04:27:29.749750,0 days 00:00:09.845030,0.1368961848480721,0.9036295711133941,8,0.00564598799376109,0.2501773579480595,0.047068460743887444,0.005600063732456943,0.09816399099735253,0.08998685572424339,5.774519853630707e-05,24,89,0.057316287902525596,0.1078950804188667,False,True,True,0.00020899807638237913,COMPLETE
485,0.27870883941650393,2025-04-08 04:27:29.901053,2025-04-08 04:27:39.293791,0 days 00:00:09.392738,0.09759546186653364,0.922044267028968,8,0.028025834004553996,0.2441245871004582,0.052118498496375294,0.00691460359053219,0.09647642518455056,0.09707289476560614,0.00018275929276339133,22,81,0.0999281957042608,0.11035420522082705,False,False,True,0.00015820352909632918,COMPLETE
486,0.4413097620010376,2025-04-08 04:27:39.444637,2025-04-08 04:27:48.722685,0 days 00:00:09.278048,0.17159666264333578,0.8765074527061056,8,0.017404471287848493,0.26326848465516944,0.09337805765606698,0.002652866810886903,0.09432106902809544,0.09234525253151625,0.00019547482371423496,21,95,0.09511296566134364,0.1118478612364116,False,False,True,0.0005858179237882249,COMPLETE
487,0.34173932671546936,2025-04-08 04:27:48.885355,2025-04-08 04:27:58.490903,0 days 00:00:09.605548,0.11775795187075028,0.9459396957961776,8,0.02367872816307875,0.23619074764190276,0.09560441518301646,0.0091626491017762,0.09827894047786484,0.09568400596506706,0.00015884665320551675,23,87,0.09792353746469375,0.09692144363940655,False,False,True,0.00035047022075954343,COMPLETE
488,0.44132498502731327,2025-04-08 04:27:58.640548,2025-04-08 04:28:08.343597,0 days 00:00:09.703049,0.1488083365208346,0.979786145948356,8,0.013086650865156563,0.25081558946417953,0.07445814219593312,0.0010008835327784966,0.09271116541965371,0.09421498972550166,0.00011443218030129747,24,78,0.0959245290834884,0.10211189749155433,False,False,True,0.0002401978699337171,COMPLETE
489,0.4413245439529419,2025-04-08 04:28:08.495610,2025-04-08 04:28:18.075943,0 days 00:00:09.580333,0.13131837019411358,0.900156923037681,8,0.006423959827547533,0.26858393003575753,0.08990348878173898,0.0042612634861282535,0.09605703777019073,0.09844130261610295,4.545152046950023e-05,23,93,0.09314322789385607,0.11434447442436202,False,False,True,0.0004909358472964578,COMPLETE
490,0.09628082811832428,2025-04-08 04:28:18.238854,2025-04-08 04:28:27.847696,0 days 00:00:09.608842,0.04368175822603533,0.9322893860337427,8,0.16809359676324281,0.25895208208494647,0.09336924538918037,0.005541076722090033,0.09994685307445171,0.0927864815517171,0.00024178488664421068,24,90,0.0979157016921344,0.10733287443421011,False,False,True,0.0007554725916282438,COMPLETE
491,0.39583419561386113,2025-04-08 04:28:28.000021,2025-04-08 04:28:37.408439,0 days 00:00:09.408418,0.10274766041913594,0.8672163477395298,8,0.01920565907889894,0.2450139318605474,0.0961704789005792,0.007855400861148797,0.09818619204977114,0.09980274416907288,0.00028517083879005907,22,84,0.09494620843193118,0.08900280122294645,False,False,True,0.0003040894279145338,COMPLETE
492,0.4430042505264282,2025-04-08 04:28:37.573234,2025-04-08 04:28:47.129323,0 days 00:00:09.556089,0.07897364188683603,0.9621122869651847,8,0.01281664340941782,0.23122587279501775,0.0947994191082957,0.011610279073424344,0.09627123842398973,0.08119059226764817,0.00020510159733675012,23,75,0.0999339516053796,0.11224404873843413,False,False,True,0.0009941900713267469,COMPLETE
493,0.44382047057151797,2025-04-08 04:28:47.281186,2025-04-08 04:28:56.793029,0 days 00:00:09.511843,0.16121364593694384,0.9997140811532732,8,0.006836285794701948,0.2747919712455338,0.09068943033730183,0.0029673910909193894,0.09998591847374454,0.09018461872313183,7.839673296045891e-05,22,98,0.09658745610913785,0.08092434462425273,False,False,True,0.00020462661208089385,COMPLETE
494,0.3409343183040619,2025-04-08 04:28:56.946348,2025-04-08 04:29:06.299756,0 days 00:00:09.353408,0.11855736955727439,0.8807595216063769,8,0.024619180446790102,0.2518029794191239,0.08809952941826153,0.005460817648316274,0.09998257487699487,0.09629576145011991,0.00014103176274525583,21,88,0.09795042492910024,0.10303868670852774,False,False,True,0.0004221620045545074,COMPLETE
495,0.4477576017379761,2025-04-08 04:29:06.471495,2025-04-08 04:29:16.225577,0 days 00:00:09.754082,0.18952006700055277,0.4510615351497954,8,0.011819386477918373,0.25894734085754045,0.09707484468451685,0.0069772189745375985,0.09453009143926769,0.08332541230727003,0.0001013183547428241,24,92,0.09996322740217789,0.09469523770683218,False,False,True,0.00015131912039096745,COMPLETE
496,0.4411547124385834,2025-04-08 04:29:16.379000,2025-04-08 04:29:26.128007,0 days 00:00:09.749007,0.16832938167742306,0.7500158178053787,8,0.005345950716969592,0.23811048426700931,0.0979826413988559,0.009821129400299035,0.0967363984250184,0.08504349214676594,9.576545296622098e-05,24,82,0.09852662977034789,0.09180339405208568,False,False,True,0.00017052989769316106,COMPLETE
497,0.44344618916511536,2025-04-08 04:29:26.281898,2025-04-08 04:29:36.087076,0 days 00:00:09.805178,0.19360331664912697,0.4411975218753494,8,0.0005023003833069138,0.2574073744088586,0.09301553746787637,0.006825708651377485,0.0980889756091574,0.08395413158565156,9.90115194457792e-05,24,91,0.09971583637517677,0.08383870333149784,False,False,True,0.00015091033981063563,COMPLETE
498,0.09504235088825226,2025-04-08 04:29:36.250591,2025-04-08 04:29:44.635751,0 days 00:00:08.385160,0.18964685686404936,0.8526827660318326,16,0.10210534668190226,0.24485753671585433,0.04278921932160394,0.009098973515563482,0.09487992654904331,0.08203976773195161,0.0001241715868088193,24,85,0.09469640075381903,0.09391271894876248,False,False,True,0.00026238030761259023,COMPLETE
499,0.4439441323280335,2025-04-08 04:29:44.794920,2025-04-08 04:29:54.302503,0 days 00:00:09.507583,0.14169242984292862,0.8616858262245342,8,0.011155682797651903,0.2535557490107684,0.0974096756446255,0.007286075299361847,0.09802933532999222,0.07969446810238033,0.0004013079288388219,23,79,0.09620815425686557,0.09786884975628302,False,False,True,0.00033041791757432154,COMPLETE
500,0.44566546678543095,2025-04-08 04:29:54.469503,2025-04-08 04:30:04.258799,0 days 00:00:09.789296,0.1777484198050758,0.8878254353818963,8,0.019940737897987497,0.2482632797298997,0.05857972033622104,0.00487416119381579,0.09276730149787131,0.08912850443579944,0.0017237139556955474,24,95,0.09989280883572238,0.10251691384173191,False,False,True,0.00020697311325745108,COMPLETE
501,0.1245283216238022,2025-04-08 04:30:04.413641,2025-04-08 04:30:14.105150,0 days 00:00:09.691509,0.18675947177855468,0.38744061553396036,8,0.2183395022543112,0.24111717263788693,0.04888554856303494,0.01230831553364658,0.09305722912791535,0.0873454745928413,0.0014315819828084836,24,96,0.09995390918778935,0.09673387406078436,False,False,True,0.00023813723054675337,COMPLETE
502,0.09055355936288834,2025-04-08 04:30:14.259401,2025-04-08 04:30:24.171198,0 days 00:00:09.911797,0.19305225331236808,0.4078912998782796,8,0.02521724492229689,0.25697918491854477,0.06589673751571941,0.005536764786910505,0.09316340815040658,0.08874267941616272,0.001849087735024759,24,99,0.09668080132036665,0.08908303689554495,False,True,True,0.0002008816346280401,COMPLETE
503,0.3826782524585724,2025-04-08 04:30:24.336775,2025-04-08 04:30:34.272229,0 days 00:00:09.935454,0.8928345659106389,0.8811945652154457,8,0.030718681951814025,0.231364230559343,0.05130075797249495,0.010403296032207087,0.0921143408648686,0.09107885488410178,0.0012081383373950731,25,90,0.09822928718275752,0.10244254041033338,False,False,True,0.00034938386221128597,COMPLETE
504,0.4462528944015503,2025-04-08 04:30:34.428340,2025-04-08 04:30:43.524431,0 days 00:00:09.096091,0.15865674136549635,0.45151671296671264,8,0.01886195183110782,0.2461427267212848,0.05717841535039775,0.007888084583685347,0.09547931799629822,0.08883204640903958,7.069044472087258e-05,19,95,0.09982665537684053,0.09653546502530042,False,False,True,0.00025931123833954306,COMPLETE
505,0.2834475219249726,2025-04-08 04:30:43.693795,2025-04-08 04:30:52.828649,0 days 00:00:09.134854,0.17227071827130763,0.48396492051648415,8,0.02935090982419627,0.2612799770394612,0.057893063024720116,0.007269789201971265,0.0949932740869209,0.08685582996723265,0.0020984893865544636,20,97,0.09380788624203719,0.09197147745533277,False,False,True,0.00028036534118434605,COMPLETE
506,0.43654226064682006,2025-04-08 04:30:52.984227,2025-04-08 04:31:02.139740,0 days 00:00:09.155513,0.17045397109859212,0.41004710197877403,8,0.020727157990559384,0.25144690809114734,0.09484824659023405,0.004641186391305217,0.09180239262909956,0.08903768766390176,0.0009372707341393297,20,95,0.09987636169167044,0.08491721263539195,False,False,True,0.000441599913971308,COMPLETE
507,0.44143373370170597,2025-04-08 04:31:02.296604,2025-04-08 04:31:11.298551,0 days 00:00:09.001947,0.14967965260063057,0.8956923811569949,8,0.019506398788969474,0.24043166314797892,0.06060675710668619,0.006430334505182097,0.0951414598129757,0.08486956631439939,6.623617543534333e-05,19,94,0.0961498657535703,0.09729018194984057,False,False,True,0.0003284406704551813,COMPLETE
508,0.42370132207870487,2025-04-08 04:31:11.465406,2025-04-08 04:31:20.703403,0 days 00:00:09.237997,0.18103079467651984,0.8643420323725306,8,0.024531933596625713,0.2465807581716114,0.05429128647823973,0.0043174751904029324,0.09629128678213042,0.09056549013847873,7.568834007075527e-05,21,87,0.09809810960950678,0.0987390068170667,False,False,True,0.00025548476997394256,COMPLETE
509,0.4467501819133759,2025-04-08 04:31:20.860511,2025-04-08 04:31:29.969232,0 days 00:00:09.108721,0.1539293926736195,0.43994735986852773,8,0.018835157633847754,0.26937613314611103,0.06304932127449593,0.008304542866418681,0.09362928963456556,0.08839436302217384,6.173240245874035e-05,19,89,0.09979768328617793,0.09395985495489317,False,False,True,0.0005012989510684933,COMPLETE
510,0.123734450340271,2025-04-08 04:31:30.139307,2025-04-08 04:31:38.961859,0 days 00:00:08.822552,0.19753918196270667,0.4607987896879045,8,0.1543747387471764,0.26711861284551763,0.0665864028500237,0.009130271151142658,0.09649858431903519,0.0898369549023078,4.821316294316434e-05,18,92,0.09944804042524925,0.0941042010491378,False,False,True,0.0005459416099025624,COMPLETE
