number,value,datetime_start,datetime_complete,duration,params_alpha-eval,params_alpha-train,params_batch-size,params_eps-eval,params_eps-train,params_lambda-actions-eval,params_lambda-actions-train,params_lambda-frames-eval,params_lambda-frames-train,params_learning-rate,params_n-epochs,params_n-frames,params_radius-gw,params_rho,params_std-feats,params_ub-actions,params_ub-frames,params_weight-decay,state
907,0.43916325569152836,2025-04-08 05:30:49.637394,2025-04-08 05:30:58.329862,0 days 00:00:08.692468,0.17786822474316366,0.42072737801366705,16,0.022439946753167666,0.2720432224829177,0.06537926839944912,0.06586065657230886,0.07534055303096376,0.0947169868024088,1.407745975837912e-05,26,91,0.08745392102809303,0.11328464581625748,False,False,True,3.0329289301162124e-08,COMPLETE
908,0.4466747760772706,2025-04-08 05:30:58.632470,2025-04-08 05:31:07.189756,0 days 00:00:08.557286,0.20583772984272414,0.3833421578094944,16,0.01877970890970949,0.2712835511645872,0.0694195765348557,0.061855283883468205,0.08197087328980782,0.09786608451796729,3.063487345773489e-05,25,95,0.08438652164605814,0.1275825832561101,False,False,True,1.7402228471727527e-07,COMPLETE
909,0.3996432185173035,2025-04-08 05:31:07.484070,2025-04-08 05:31:16.708298,0 days 00:00:09.224228,0.22284768682209197,0.3716044721561488,16,0.0421519035284727,0.2812450346658843,0.06946383934028379,0.05977190633122676,0.08112168567978109,0.09776300597904052,2.5073117504847997e-05,25,92,0.080340757744282,0.1326656287406639,False,False,False,1.1070962089068029e-07,COMPLETE
910,0.4267980813980103,2025-04-08 05:31:17.003702,2025-04-08 05:31:25.703255,0 days 00:00:08.699553,0.2076930061345549,0.3379265447858448,16,0.03191686212424248,0.2742820740954968,0.07150129563105213,0.06325148328588139,0.08267455603774643,0.09839146360923313,3.06526888025881e-05,25,98,0.08366186826852488,0.12975546736150867,False,False,True,1.0179848721560161e-07,COMPLETE
911,0.4427534699440003,2025-04-08 05:31:25.988650,2025-04-08 05:31:34.630453,0 days 00:00:08.641803,0.2305371966993104,0.3676238697684786,16,0.02668340392538838,0.28633214050412664,0.06749593509346033,0.05873575578003935,0.08285505239413538,0.0978906569059102,3.391927836845492e-05,25,94,0.0849936670450491,0.12873239036874115,False,False,True,8.100244307155526e-08,COMPLETE
912,0.09055355936288834,2025-04-08 05:31:34.922433,2025-04-08 05:31:43.743714,0 days 00:00:08.821281,0.2030395468671832,0.38347509941124375,16,0.02123884538973393,0.2706819189755818,0.06985979900997168,0.06176207352226136,0.0790934864742185,0.09519601475778983,2.1248550154059577e-05,25,70,0.08360344695861016,0.13591370688050042,True,True,True,1.075401052833891e-07,COMPLETE
913,0.4296531260013581,2025-04-08 05:31:44.041298,2025-04-08 05:31:52.820803,0 days 00:00:08.779505,0.24039123776861115,0.49181015245268683,16,0.033302356852773676,0.279011147904507,0.07271730577502772,0.061556971906874244,0.08241923028815933,0.0971206922584463,4.09964727504564e-05,26,90,0.0853807103523108,0.1255474130257249,False,False,True,3.972175204253773e-08,COMPLETE
914,0.4074459791183472,2025-04-08 05:31:53.118352,2025-04-08 05:32:01.979341,0 days 00:00:08.860989,0.26092494598914684,0.34990932497186233,16,0.02560382015954096,0.2708859673285496,0.06615818976694705,0.0654087433713829,0.003167065791837044,0.09459037067173681,2.7092770228673973e-05,26,102,0.08117485470965292,0.12405321773502587,False,False,True,1.3660753632905212e-07,COMPLETE
915,0.4441345572471619,2025-04-08 05:32:02.262140,2025-04-08 05:32:10.861652,0 days 00:00:08.599512,0.2037966490495149,0.5230055260514819,16,0.01808813911636955,0.28141874803653083,0.06851426810218725,0.06321026558429457,0.07979036727306354,0.09993590530457963,3.132770199883971e-05,25,96,0.08747321298641707,0.11869647946801744,False,False,True,7.222135013864994e-08,COMPLETE
916,0.4444433331489563,2025-04-08 05:32:11.154168,2025-04-08 05:32:19.819161,0 days 00:00:08.664993,0.2510868538528442,0.3883183322568486,16,0.01960485833929646,0.2765255647585441,0.06376463583209355,0.0676703980761596,0.07865140936014754,0.0958285763257633,4.174539347798475e-05,26,91,0.082084049995425,0.1217132828278928,False,False,True,1.758637148236316e-07,COMPLETE
917,0.44451366662979125,2025-04-08 05:32:20.112135,2025-04-08 05:32:28.842341,0 days 00:00:08.730206,0.2203691468919756,0.5422563912687465,16,0.028364623074975007,0.2695833259250724,0.07439703553400709,0.06037816955867095,0.07625814921887163,0.09999767534177392,2.3912846405821506e-05,27,89,0.08591383697567546,0.12857115589482415,False,False,True,2.8727548292911704e-07,COMPLETE
918,0.44258792400360114,2025-04-08 05:32:29.142398,2025-04-08 05:32:37.753388,0 days 00:00:08.610990,0.17778001127889936,0.4756111694591944,16,0.01638288533237345,0.28579049207787277,0.07068545006247468,0.07300813816426696,0.08131256392598052,0.09790433331331812,3.552277146564146e-05,25,93,0.08692357991148283,0.11538786869182403,False,False,True,1.4601580557309911e-07,COMPLETE
919,0.44456624388694765,2025-04-08 05:32:38.038148,2025-04-08 05:32:46.956743,0 days 00:00:08.918595,0.19149734002673566,0.4084458413095541,16,0.022828283663885916,0.27324752053721807,0.0671502321213453,0.06982786350692624,0.07727047095572244,0.09378973049530591,1.867112426471174e-05,28,99,0.0838304927449025,0.135593092457597,False,False,True,2.1483197127407842e-07,COMPLETE
920,0.38285046219825747,2025-04-08 05:32:47.252235,2025-04-08 05:32:55.849815,0 days 00:00:08.597580,0.20965432040882953,0.4512306186922126,16,0.035498566723820006,0.26771382612798716,0.06215144215636252,0.07610611043805754,0.07990126642068796,0.0944909046271313,3.0782529443322006e-05,25,96,0.08818171639621059,0.12147900570699086,False,False,True,5.6653872545782746e-08,COMPLETE
921,0.4471970856189728,2025-04-08 05:32:56.145348,2025-04-08 05:33:04.708303,0 days 00:00:08.562955,0.15839801238373363,0.4935372963294414,16,0.01725512004443397,0.2773835291779915,0.06475233280547782,0.06506906295093255,0.08408083808562743,0.09331231457460834,4.644968606073054e-05,26,74,0.08595278447890649,0.11459818853816492,False,False,True,1.6136381328549174e-07,COMPLETE
922,0.44181707501411444,2025-04-08 05:33:05.007471,2025-04-08 05:33:13.688538,0 days 00:00:08.681067,0.1306641774678118,0.5104196664090288,16,0.014809467622158734,0.2919750049751376,0.06457283118725497,0.06337441941561604,0.08340814325299563,0.09744664866378366,4.6895258245564416e-05,27,71,0.08179154284068355,0.1263240151298629,False,False,True,1.8375759341264145e-07,COMPLETE
923,0.43884810209274294,2025-04-08 05:33:13.974039,2025-04-08 05:33:22.520068,0 days 00:00:08.546029,0.1496642171046035,0.5176894392298039,16,0.016982112138566385,0.2832450202120892,0.0631162019904233,0.061496012226000166,0.08484357059734572,0.09602813655748887,4.464226441943862e-05,26,67,0.07952342625085307,0.11882957309343321,False,False,True,1.1732423860293562e-07,COMPLETE
924,0.11231177747249604,2025-04-08 05:33:22.819342,2025-04-08 05:33:31.301542,0 days 00:00:08.482200,0.15718263454108677,0.4995501800572423,16,0.11711835748766541,0.27976937780810057,0.06516769061743083,0.06572417353758572,0.08391419593062172,0.0948282863291339,3.963153721333114e-05,25,73,0.08488106411316698,0.11515559972771569,False,False,True,1.6098103214590745e-07,COMPLETE
925,0.43421493172645576,2025-04-08 05:33:31.598882,2025-04-08 05:33:40.163724,0 days 00:00:08.564842,0.13319658113078361,0.5419822829886011,16,0.015613388871648674,0.28875106942504797,0.06663072125738682,0.0640428929289396,0.08483367476464619,0.0932364619275094,4.0655692164326387e-05,26,69,0.08330987813804427,0.11131843722130848,False,False,True,1.9729562164836552e-07,COMPLETE
926,0.262316632270813,2025-04-08 05:33:40.463445,2025-04-08 05:33:49.730770,0 days 00:00:09.267325,0.15882566478327242,0.49432429150436896,16,0.22090457218887521,0.2772594955065881,0.06162703623705107,0.06681914840685077,0.08198419496765487,0.09790648154632942,5.2651162973118536e-05,27,75,0.08574517650148263,0.12970157221334522,False,False,False,9.635566453755467e-08,COMPLETE
927,0.43701022863388067,2025-04-08 05:33:50.013410,2025-04-08 05:33:58.506424,0 days 00:00:08.493014,0.16289687366777383,0.4831344873795577,16,0.02009308715344838,0.2861047387460887,0.06833007666560077,0.06481434903070232,0.08207875277783666,0.09587935583024415,4.710116226821547e-05,25,69,0.08828210904725635,0.12198712673040302,False,False,True,1.49923808816842e-07,COMPLETE
928,0.25852943062782285,2025-04-08 05:33:58.804927,2025-04-08 05:34:07.490589,0 days 00:00:08.685662,0.13211212513934514,0.39826894742865343,16,0.014747914929810096,0.13178445825999313,0.06486863279431912,0.06223108776339217,0.08343885954290299,0.09304807528020942,3.703496348051227e-05,26,79,0.08577816771723927,0.11222514541924083,False,False,True,1.2323757334368713e-07,COMPLETE
929,0.4436601400375366,2025-04-08 05:34:07.788733,2025-04-08 05:34:16.423645,0 days 00:00:08.634912,0.1887110429758229,0.43961408686748865,16,0.014838014480998078,0.27612787310016623,0.061880755361694136,0.05831694868139619,0.08543186424867438,0.09737213984098182,5.015889890126495e-05,27,73,0.08278153123584127,0.11361302820655239,False,False,True,2.418936460300118e-07,COMPLETE
930,0.42613686323165895,2025-04-08 05:34:16.724324,2025-04-08 05:34:25.352430,0 days 00:00:08.628106,0.1497138288081479,0.3597830474194193,16,0.02126374760748314,0.27258594925989765,0.06926365654215919,0.0682595244602187,0.08029041927099735,0.09371993303157052,1.1796898077086004e-05,26,72,0.08808678587135324,0.12046562883744913,False,False,True,8.563236439635757e-08,COMPLETE
931,0.09055355936288834,2025-04-08 05:34:25.639761,2025-04-08 05:34:34.091480,0 days 00:00:08.451719,0.17107053430289137,0.4680812634266424,16,0.029015573595690528,0.27969574096269173,0.06617005583289837,0.06021565198478191,0.08151348780769296,0.09558836253604688,3.349566601655461e-05,25,76,0.08569607893454298,0.11055281551640697,False,True,True,1.4726450773284962e-07,COMPLETE
932,0.4388728141784668,2025-04-08 05:34:34.389025,2025-04-08 05:34:43.609832,0 days 00:00:09.220807,0.19448487469367248,0.5060510486112968,16,0.012517652387827427,0.2717061948647767,0.0630449878451437,0.06414516265856059,0.0779817701683849,0.09741025355726725,2.5212884058640498e-05,28,75,0.08005619527072108,0.1362469686056737,True,False,True,5.4913036504821586e-08,COMPLETE
933,0.44545571804046635,2025-04-08 05:34:43.907937,2025-04-08 05:34:52.507304,0 days 00:00:08.599367,0.22060844076738367,0.41970492110192725,16,0.02208439141880221,0.29407738031121633,0.06754065949434691,0.06638073437434512,0.07922348021610567,0.093280457693131,4.010278052361785e-05,26,77,0.08934955203343042,0.12769321295951436,False,False,True,7.433967614736001e-08,COMPLETE
934,0.44132944345474245,2025-04-08 05:34:52.808196,2025-04-08 05:35:01.587041,0 days 00:00:08.778845,0.16718612635198202,0.45008027859873195,16,0.01619704727191744,0.29942861139368965,0.07172393628219771,0.06241000010508343,0.08528542240824022,0.09983862378986101,4.686507453108321e-05,27,72,0.08435804086072425,0.12050915645872982,False,False,True,9.820749509776017e-08,COMPLETE
935,0.1218060076236725,2025-04-08 05:35:01.891209,2025-04-08 05:35:10.398568,0 days 00:00:08.507359,0.13688376843200967,0.4860923015447649,16,0.2795495102098537,0.2816181280306398,0.06435934733871895,0.06747676825147303,0.0840310436866211,0.09204960965400937,1.593434156298666e-05,25,101,0.0873289840213544,0.11017736374285017,False,False,True,6.559666295060928e-08,COMPLETE
936,0.44008364081382756,2025-04-08 05:35:10.687642,2025-04-08 05:35:19.519483,0 days 00:00:08.831841,0.18598737835592746,0.5600001138611119,16,0.024949523359487278,0.2681548376786022,0.07042543131673468,0.06986504278657239,0.05675355652695765,0.09544272677790581,5.566101883156447e-05,26,108,0.08240346166157668,0.1162626883221782,False,False,True,1.669226420742925e-07,COMPLETE
937,0.44426025748252873,2025-04-08 05:35:19.820809,2025-04-08 05:35:28.499814,0 days 00:00:08.679005,0.24013969624891557,0.3852800480551925,16,0.013314843287973803,0.2875150616287243,0.0659243113069375,0.06483932758106016,0.08627529837794504,0.09996654538738349,2.743301576188497e-05,27,75,0.08895195989209002,0.12648980044942598,False,False,True,4.528468800800157e-08,COMPLETE
938,0.4482107281684876,2025-04-08 05:35:28.802231,2025-04-08 05:35:37.671878,0 days 00:00:08.869647,0.20865447403018902,0.43610482011614277,16,0.01908539622772921,0.2750835744898982,0.06872650215034057,0.058383834889665184,0.08145974848210523,0.09383578429584835,3.2386873984116596e-05,28,81,0.08531679966861762,0.11011732475696401,False,False,True,1.3350810945808276e-07,COMPLETE
939,0.4081093013286591,2025-04-08 05:35:37.973022,2025-04-08 05:35:46.918890,0 days 00:00:08.945868,0.2345061515722051,0.41175246164279045,16,0.031975585407804555,0.2783519013400059,0.06778012431602543,0.05756338056124761,0.0824583008630853,0.09778295518339628,2.17126591248489e-05,29,80,0.08401179565627201,0.1083150556963309,False,False,True,1.3096447981222987e-07,COMPLETE
940,0.44410984516143803,2025-04-08 05:35:47.208041,2025-04-08 05:35:55.959827,0 days 00:00:08.751786,0.21811824820143552,0.523017478678116,16,0.02534834712586963,0.28384854791339265,0.06384896349446637,0.059632062354394166,0.08143643911370446,0.0941647352374259,2.8546183151780604e-05,27,78,0.07989495560062503,0.1112167538654895,False,False,True,1.7330675392658311e-07,COMPLETE
941,0.25637834668159487,2025-04-08 05:35:56.258406,2025-04-08 05:36:05.150966,0 days 00:00:08.892560,0.2504457912440708,0.43415212577600637,16,0.10081207084476682,0.07645568494198243,0.06099646312536411,0.06093488223228434,0.08366437722727862,0.09606506877658352,3.2165308059812504e-05,29,78,0.08198517646571879,0.10855224826169228,False,False,True,2.2471516136022745e-07,COMPLETE
942,0.44505507946014405,2025-04-08 05:36:05.454591,2025-04-08 05:36:14.301578,0 days 00:00:08.846987,0.2125342461715329,0.4661465827255922,16,0.020356413051569704,0.27551671014665774,0.06584966215471316,0.05768527539772527,0.08120890397209153,0.09407580217489177,2.3832400444012793e-05,28,82,0.08531158860346522,0.11814222469611453,False,False,True,1.256396269276686e-07,COMPLETE
943,0.12289529144763947,2025-04-08 05:36:14.605264,2025-04-08 05:36:23.510643,0 days 00:00:08.905379,0.22685995757261737,0.4038055764904968,16,0.20478635471318696,0.290629859773857,0.06870207893545073,0.062303751492777726,0.08636135166306128,0.09798780829963125,4.261527484352316e-05,29,81,0.08469831796741452,0.10831074238096172,False,False,True,3.470978776765625e-07,COMPLETE
944,0.4438715696334839,2025-04-08 05:36:23.818368,2025-04-08 05:36:32.678986,0 days 00:00:08.860618,0.20358552181324477,0.4864952483421118,16,0.012529140280156779,0.2761687726326213,0.062062805694447755,0.05911949162659078,0.08328984250436572,0.0963376953729242,5.326012306109611e-05,28,75,0.08113358721315263,0.12208750397733953,False,False,True,8.439820562192906e-08,COMPLETE
945,0.3540184557437897,2025-04-08 05:36:32.970991,2025-04-08 05:36:42.411212,0 days 00:00:09.440221,0.20316324056040416,0.42471673111693536,16,0.01997058042541058,0.2829051860972364,0.06706239682736587,0.06269233102726693,0.08035748354604719,0.09281218898384402,3.606185973877296e-05,28,81,0.08428603879503747,0.11225814568968832,False,False,False,1.0377495148822244e-07,COMPLETE
946,0.31286578178405766,2025-04-08 05:36:42.715980,2025-04-08 05:36:51.504919,0 days 00:00:08.788939,0.2634312130432957,0.4581235240579654,16,0.027967868464949985,0.11990261944551009,0.06330663202240705,0.06052246957377413,0.08549838747560097,0.09482772003411025,1.9314366922308114e-05,28,77,0.08638735290785766,0.13374819934088672,False,False,True,1.2583100725185914e-07,COMPLETE
947,0.4416665434837342,2025-04-08 05:36:51.811939,2025-04-08 05:37:00.737018,0 days 00:00:08.925079,0.23234909135674994,0.4376438768984531,16,0.011665095998023128,0.2711956146020545,0.07206719076511993,0.06456405064418898,0.0801037361114894,0.09233923623499361,2.7281354339053814e-05,29,74,0.08252684051487312,0.10547461979345607,False,False,True,1.703820280419834e-07,COMPLETE
948,0.44467951655387883,2025-04-08 05:37:01.046635,2025-04-08 05:37:09.839334,0 days 00:00:08.792699,0.1965245446980879,0.37898192330635133,16,0.018792632246149955,0.2698302283138509,0.06477345591443871,0.05596874398945125,0.07894084800679739,0.09816800885689708,3.361673662142494e-05,27,83,0.08687127309665506,0.11530152337502407,False,False,True,9.523729076454998e-08,COMPLETE
949,0.44702699184417727,2025-04-08 05:37:10.129908,2025-04-08 05:37:18.923931,0 days 00:00:08.794023,0.18424460278925323,0.47423551368150546,16,0.02644624010798542,0.27984217294083813,0.04419492215072579,0.06293799280119479,0.0826837613217495,0.09571537018564029,4.467075535555857e-05,28,82,0.08702469656449097,0.12197335468494024,False,False,True,7.077105801230682e-08,COMPLETE
950,0.4098665714263916,2025-04-08 05:37:19.229227,2025-04-08 05:37:28.685855,0 days 00:00:09.456628,0.2715682650935194,0.49766249469346485,16,0.0325233149468643,0.2835670253254167,0.04946603615735508,0.06169499096716227,0.08415877631316322,0.09642197421343984,5.532770486881423e-05,29,78,0.08406595083345461,0.1383758016789189,True,False,True,7.476609037955933e-08,COMPLETE
951,0.34364637136459353,2025-04-08 05:37:28.989868,2025-04-08 05:37:37.978977,0 days 00:00:08.989109,0.21728921375433372,0.5115607175470268,16,0.03735779029942529,0.2909197546427352,0.04123906239900675,0.059158364592910975,0.08284744234359746,0.09995858187885304,4.571082066187153e-05,30,80,0.08072105261049457,0.13158635982171027,False,False,True,1.0144364570812978e-07,COMPLETE
952,0.41622608304023745,2025-04-08 05:37:38.283922,2025-04-08 05:37:47.030082,0 days 00:00:08.746160,0.42872041297632024,0.5356219734977127,16,0.02602016703959878,0.2844311026367505,0.043682696296542325,0.06268904914091543,0.08187262711195167,0.09628690830756288,5.512097458952916e-05,28,67,0.0865670548723409,0.1254345188016703,False,False,True,6.074074574493935e-08,COMPLETE
953,0.23236088156700135,2025-04-08 05:37:47.337994,2025-04-08 05:37:56.230116,0 days 00:00:08.892122,0.20180656239171563,0.4806806186761846,16,0.04794318635502561,0.2886728170670517,0.038768378745129874,0.0635342322989152,0.0863417028640411,0.09784881009300454,4.3890972392491866e-05,28,77,0.0830945934327099,0.12816494719993832,False,False,True,9.809622243918729e-08,COMPLETE
954,0.09055355936288834,2025-04-08 05:37:56.523046,2025-04-08 05:38:05.257157,0 days 00:00:08.734111,0.2474000115495264,0.401829353177248,16,0.03985389547777128,0.2778341690978801,0.043296735926105306,0.06468106881752064,0.08371324409237717,0.09376631091028745,5.7927636828494556e-05,28,82,0.08902897431004861,0.12004511721486237,False,True,True,7.01425793983611e-08,COMPLETE
955,0.3606869220733643,2025-04-08 05:38:05.563741,2025-04-08 05:38:14.313403,0 days 00:00:08.749662,0.18609374871766918,0.45135429505158303,16,0.03157463800367875,0.294491825362641,0.06333314453686444,0.06209171804661239,0.08095558989827092,0.09526556616453213,4.378546787722662e-05,28,74,0.08528405586138445,0.10753923576278149,False,False,True,1.3960361346802131e-07,COMPLETE
956,0.2850393414497376,2025-04-08 05:38:14.621290,2025-04-08 05:38:23.480196,0 days 00:00:08.858906,0.22002573050013613,0.41549145282519906,16,0.036069526456641764,0.28086344610938235,0.044229743532563356,0.05978649443856038,0.08244052502945852,0.09786902467603426,5.641198896159947e-05,29,79,0.08795432289533482,0.11189993977149647,False,False,True,7.481841309126773e-08,COMPLETE
957,0.2749851524829865,2025-04-08 05:38:23.791027,2025-04-08 05:38:32.476909,0 days 00:00:08.685882,0.18876991466346513,0.4706515181674625,16,0.027298008389855334,0.2794734143573705,0.048563012269855065,0.05711767260769321,0.07836791992284166,0.09492439849535143,3.86448108319083e-05,27,81,0.01842840581776238,0.1213794804804265,False,False,True,8.721151019144629e-08,COMPLETE
958,0.44506898522377014,2025-04-08 05:38:32.788866,2025-04-08 05:38:41.576148,0 days 00:00:08.787282,0.2323639547928879,0.43616235772454715,16,0.02505910988508219,0.2754844125365521,0.04182131448135973,0.060925981570184175,0.08619863882215549,0.0958378480945088,4.939059789576142e-05,26,84,0.0834444356975596,0.1055752566100577,False,False,True,1.9219651925624288e-07,COMPLETE
959,0.11879167258739472,2025-04-08 05:38:41.872315,2025-04-08 05:38:50.730700,0 days 00:00:08.858385,0.18274176582723883,0.5058993147569016,16,0.1361084429185341,0.2889761279005905,0.045853777335553875,0.06561418401240801,0.08478030292744894,0.09353818324571761,2.3408651186875808e-05,28,72,0.0786369960494929,0.12317366236900872,False,False,True,5.6677506467615776e-08,COMPLETE
960,0.39788995981216435,2025-04-08 05:38:51.041082,2025-04-08 05:38:59.632035,0 days 00:00:08.590953,0.19915169839597435,0.4566471090053055,16,0.029786159798826976,0.27516825887149526,0.06055222153387263,0.06426181302785589,0.08089905667701114,0.09717477631044678,2.8970438611967684e-05,26,76,0.08635801932327036,0.1013417078549525,False,False,True,2.978731660364208e-07,COMPLETE
961,0.4377215027809144,2025-04-08 05:38:59.942734,2025-04-08 05:39:08.842471,0 days 00:00:08.899737,0.20872128472469403,0.4903587376147183,16,0.021242832119161493,0.28505696892811927,0.047685062391043406,0.06325736563949458,0.0874349492299001,0.09820975661225277,3.8153649395715755e-05,29,81,0.05374820538673727,0.13221730306613275,False,False,True,6.13060190286472e-08,COMPLETE
962,0.43712640404701236,2025-04-08 05:39:09.155519,2025-04-08 05:39:17.906904,0 days 00:00:08.751385,0.18228596880323764,0.4187545391907884,16,0.012253785765916118,0.2711995890432584,0.044828161332899824,0.058261185989894756,0.08427752206428667,0.09245340919316078,4.7504852980940286e-05,26,98,0.08893499973606489,0.2751209419039551,False,False,True,1.1966255859291027e-07,COMPLETE
963,0.23155707120895386,2025-04-08 05:39:18.222446,2025-04-08 05:39:27.046006,0 days 00:00:08.823560,0.17543831970583196,0.3943067590190813,16,0.043876156411122955,0.28230633085114626,0.061789361723065726,0.06064727230247,0.07811951842598111,0.09454373484824417,3.0285450876614065e-05,27,103,0.08519647597042079,0.11459182506172236,False,False,True,5.122195576854711e-08,COMPLETE
