number,value,datetime_start,datetime_complete,duration,params_alpha-eval,params_alpha-train,params_batch-size,params_eps-eval,params_eps-train,params_lambda-actions-eval,params_lambda-actions-train,params_lambda-frames-eval,params_lambda-frames-train,params_learning-rate,params_n-epochs,params_n-frames,params_radius-gw,params_rho,params_std-feats,params_ub-actions,params_ub-frames,params_weight-decay,state
1133,0.44681475162506107,2025-04-08 06:05:10.157739,2025-04-08 06:05:19.216650,0 days 00:00:09.058911,0.22600468885210423,0.49349583609129916,16,0.029612142261959365,0.24659717264363681,0.06841075600498897,0.0708426163082675,0.07986017494344136,0.09240745195568423,2.4686806440525233e-05,29,103,0.0929733069786927,0.1278558363063266,False,False,True,6.872898123297121e-05,COMPLETE
1134,0.37641622424125676,2025-04-08 06:05:19.579016,2025-04-08 06:05:28.727956,0 days 00:00:09.148940,0.2739558773216251,0.5335529966587075,16,0.04283599540509443,0.23886714541354315,0.0690830335765624,0.0709437317004714,0.07952198018993996,0.09301755657893888,2.6617312727479108e-05,30,106,0.09163949607475604,0.13199347058741479,False,False,True,7.165088422116624e-05,COMPLETE
1135,0.34106217026710517,2025-04-08 06:05:29.091880,2025-04-08 06:05:38.843907,0 days 00:00:09.752027,0.23647887113008756,0.503293302790625,16,0.048779801924939234,0.24631836423887285,0.0717992734804312,0.07142466367469631,0.08038306097122375,0.09435636885733131,1.937815204560171e-05,29,107,0.09256792664164357,0.14187767405525206,False,False,False,6.0483567125781846e-05,COMPLETE
1136,0.40810311436653135,2025-04-08 06:05:39.206795,2025-04-08 06:05:48.227347,0 days 00:00:09.020552,0.23365785398916894,0.5203479467920704,16,0.036619373837435895,0.2422164757115038,0.06925350793801034,0.07420979815744329,0.08352274243886854,0.0934937150249042,2.168808764014108e-05,29,105,0.0919252922397709,0.1325394171717109,False,False,True,5.629564599180339e-05,COMPLETE
1137,0.43075319528579714,2025-04-08 06:05:48.589099,2025-04-08 06:05:57.661667,0 days 00:00:09.072568,0.26003209404202393,0.4991532854754044,16,0.031956832652533844,0.23787073378338067,0.06816616766934963,0.06962519961127826,0.07893798476263698,0.09513475774472191,2.2560342725426717e-05,29,111,0.09353395333861231,0.13592929573789475,False,False,True,5.7068607499531396e-05,COMPLETE
1138,0.36911841034889226,2025-04-08 06:05:58.024387,2025-04-08 06:06:07.057207,0 days 00:00:09.032820,0.24742927208821244,0.49111365845771054,16,0.04169399000738818,0.24800662140252208,0.06801506280367936,0.07152907765519274,0.0811663744571473,0.09226946566488081,2.5324545063885337e-05,29,102,0.09084580934261031,0.13130202723535891,False,False,True,7.234176073336114e-05,COMPLETE
1139,0.4275275707244873,2025-04-08 06:06:07.422402,2025-04-08 06:06:16.575198,0 days 00:00:09.152796,0.22226592936994552,0.5332979468650139,16,0.03251742957814822,0.24631033126959367,0.0704328888833931,0.07077192574299936,0.08236374430514365,0.09596968515416932,1.851172943182876e-05,30,103,0.09342958461141967,0.12419181543160698,False,False,True,4.275009895274461e-05,COMPLETE
1140,0.24968526959419252,2025-04-08 06:06:16.942813,2025-04-08 06:06:26.776085,0 days 00:00:09.833272,0.2144898339476536,0.5806965641054018,16,0.03312996784382628,0.2508031011603746,0.07324249829483365,0.07464452841912585,0.07835663954575607,0.09232905729100607,1.4780825581452952e-05,29,103,0.0892580225501108,0.1251058907532944,True,False,True,5.272597940260188e-05,COMPLETE
1141,0.09055355936288834,2025-04-08 06:06:27.143121,2025-04-08 06:06:36.295918,0 days 00:00:09.152797,0.2157959239476044,0.47419334120255663,16,0.03792066760233215,0.2391842172156241,0.06750328965184625,0.0737771267608734,0.0806602441314036,0.09816194273197566,3.031448927993607e-05,29,102,0.09124384488837246,0.1406176259216098,False,True,True,4.666127873039036e-05,COMPLETE
1142,0.44700192213058476,2025-04-08 06:06:36.664282,2025-04-08 06:06:45.804774,0 days 00:00:09.140492,0.18781366152801018,0.5063839727060715,16,0.0287088980755177,0.24708695964930397,0.07160684933000033,0.07248531259746366,0.08244373278160361,0.0998971456787221,2.571815902345563e-05,30,103,0.09398625088677992,0.12640294732170465,False,False,True,6.23759399677998e-05,COMPLETE
1143,0.4337838649749756,2025-04-08 06:06:46.177518,2025-04-08 06:06:55.394085,0 days 00:00:09.216567,0.18527961914355998,0.5506470862944811,16,0.028135001527976572,0.2529746216971602,0.07373444525545461,0.07297731571332636,0.08364708217929094,0.09651977135813422,3.1599790965869496e-05,30,110,0.0944912583162206,0.1244273713677127,False,False,True,4.348666168358488e-05,COMPLETE
1144,0.43697803616523745,2025-04-08 06:06:55.763469,2025-04-08 06:07:04.881502,0 days 00:00:09.118033,0.1792762461047236,0.5238171438816944,16,0.02494711188842936,0.24358444607868007,0.07561495671134995,0.07684275209615779,0.08455386762607961,0.0986063348114244,3.365776402046959e-05,29,109,0.08251646435483255,0.1294009672938381,False,False,True,7.537871050608079e-05,COMPLETE
1145,0.4222819864749909,2025-04-08 06:07:05.254926,2025-04-08 06:07:14.497971,0 days 00:00:09.243045,0.19285642304656833,0.5178259297322819,16,0.03708769708393801,0.25313775680750766,0.07288252163588337,0.07431266129463704,0.08275938635701953,0.09986376540302087,1.0877476275930659e-05,30,109,0.08877984766957857,0.137424953993333,False,False,True,4.845144510154923e-05,COMPLETE
1146,0.43610807657241824,2025-04-08 06:07:14.866444,2025-04-08 06:07:24.018919,0 days 00:00:09.152475,0.17485473157583245,0.47122605590448724,16,0.029274461008365026,0.25153676735060676,0.07216355733039939,0.07264531013006859,0.08196428539475326,0.0999139205810842,2.5519897821262076e-05,30,105,0.07780407076253981,0.12217266533773784,False,False,True,6.85498118622675e-05,COMPLETE
1147,0.4474986076354981,2025-04-08 06:07:24.390079,2025-04-08 06:07:33.630248,0 days 00:00:09.240169,0.1952422583594323,0.5079907014775641,16,0.02535277801576078,0.2946402281486272,0.07145576807905703,0.06932648208585077,0.08435333032891097,0.09748781987035517,3.856462771191099e-05,30,103,0.09449965423317051,0.13066943361142636,False,False,True,5.424529685906068e-05,COMPLETE
1148,0.26178545951843263,2025-04-08 06:07:33.981751,2025-04-08 06:07:43.160609,0 days 00:00:09.178858,0.19315484789699655,0.5622926392836498,16,0.0467409872619921,0.29453742059874344,0.07543108658763376,0.07025983261411874,0.08392458503680977,0.09853934917873959,3.0116833614509037e-05,30,110,0.09043504804256881,0.13574273929396322,False,False,True,4.314567937600995e-05,COMPLETE
1149,0.42048769593238833,2025-04-08 06:07:43.527150,2025-04-08 06:07:52.617271,0 days 00:00:09.090121,0.1601678573673509,0.5517153711601698,16,0.03296479096212722,0.28360353901094526,0.0716153711710911,0.07015567804440218,0.08417328844243886,0.09977266868510584,3.668570380860516e-05,29,107,0.08690896843066787,0.1442793456287544,False,False,True,5.718073510337538e-05,COMPLETE
1150,0.23198325037956238,2025-04-08 06:07:52.984540,2025-04-08 06:08:01.900266,0 days 00:00:08.915726,0.20826396767164834,0.5163417607317411,16,0.05387278920488789,0.29473479560133825,0.0738849885373322,0.06936622023842043,0.08192933415649895,0.09789870168711295,2.76187299939205e-05,28,97,0.08471782769868488,0.1325064840771201,False,False,True,5.421581056542696e-05,COMPLETE
1151,0.30328949689865115,2025-04-08 06:08:02.268564,2025-04-08 06:08:11.496307,0 days 00:00:09.227743,0.17195505822833232,0.5447033780686766,16,0.04021126313364168,0.29141296201941336,0.07671031329335627,0.07256814808459441,0.08342493372255896,0.09749011135859027,1.7448925716145682e-05,30,104,0.09167445226303908,0.13041227669817362,False,False,True,4.7538968276231944e-05,COMPLETE
1152,0.4391665637493134,2025-04-08 06:08:11.863595,2025-04-08 06:08:20.897268,0 days 00:00:09.033673,0.19873902739912777,0.5364911560254835,16,0.027104953897365912,0.2927124909562163,0.07137718421504073,0.06869077021559651,0.08516065964184366,0.09997610994293565,3.782632610371361e-05,29,103,0.06701807715619143,0.12721223200921009,False,False,True,3.83707352755882e-05,COMPLETE
1153,0.44202977418899536,2025-04-08 06:08:21.263015,2025-04-08 06:08:30.486741,0 days 00:00:09.223726,0.1605813480268959,0.5004869069374958,16,0.031979850690430314,0.29291239231495525,0.07459481053059036,0.0755510856495495,0.08097109404882874,0.09691313849846336,3.210520603739782e-05,30,108,0.08915165665035439,0.15022621021151814,False,False,True,5.8269874650359024e-05,COMPLETE
1154,0.3472238063812256,2025-04-08 06:08:30.857231,2025-04-08 06:08:40.456684,0 days 00:00:09.599453,0.18094317240186708,0.5315257464791753,16,0.02588202650982555,0.2851416101918429,0.07046340223168229,0.06893910631949669,0.08285512404356322,0.09723625451294438,2.003572635034656e-05,29,102,0.0931296890025113,0.13530540366979033,False,False,False,6.746905346302149e-05,COMPLETE
1155,0.3997239708900452,2025-04-08 06:08:40.824973,2025-04-08 06:08:49.976986,0 days 00:00:09.152013,0.20551780822263163,0.5074069530095119,16,0.03694347286368414,0.2920248911376251,0.0725192182199203,0.07294779665434634,0.0788996490793174,0.09994240563185175,2.3116152895450678e-05,30,100,0.08658029320924278,0.14035139331182878,False,False,True,7.282958932954329e-05,COMPLETE
1156,0.44500162005424504,2025-04-08 06:08:50.346319,2025-04-08 06:08:59.443923,0 days 00:00:09.097604,0.145806784139713,0.49693640499714314,16,0.024836698090131032,0.2958883771775101,0.07069999483152144,0.07036407930199666,0.08486846453035143,0.09800472009678797,3.967449176594027e-05,30,100,0.09141151413661507,0.1274148619907046,False,False,True,4.8613270736366e-05,COMPLETE
1157,0.4353091061115265,2025-04-08 06:08:59.815355,2025-04-08 06:09:08.983419,0 days 00:00:09.168064,0.17873479821459767,0.5127708576298788,16,0.030400588868490272,0.29935954348046057,0.0703912029263384,0.07198556230656734,0.08163461943990226,0.09689259524062527,2.8268690358248257e-05,30,112,0.08084247404900222,0.1321168203854252,False,False,True,3.263471526422824e-05,COMPLETE
1158,0.44611735343933107,2025-04-08 06:09:09.351258,2025-04-08 06:09:18.452633,0 days 00:00:09.101375,0.1587453060250518,0.5646187606926362,16,0.022783217440074267,0.2884328597062382,0.07851289144460005,0.07528395133010095,0.08052646372996003,0.09810687973638103,3.331859625258452e-05,29,105,0.08813752210160078,0.12346720327736865,False,False,True,7.405570811465587e-05,COMPLETE
1159,0.3538061320781708,2025-04-08 06:09:18.822790,2025-04-08 06:09:28.802888,0 days 00:00:09.980098,0.19275964955484615,0.4895259926752046,16,0.024150833741087892,0.29951965801698005,0.07306772681316126,0.06948969044338592,0.08520123877496659,0.09994568891500591,3.94417985273774e-05,30,105,0.08384469660580514,0.12514996343605472,True,True,True,5.125355959872635e-05,COMPLETE
1160,0.19250199496746062,2025-04-08 06:09:29.173964,2025-04-08 06:09:38.388945,0 days 00:00:09.214981,0.74839733205597,0.5363577919095951,16,0.14168716038731208,0.287760452608379,0.06990571282786873,0.070993881456559,0.07769487018841248,0.09588745212089043,2.487912461867986e-05,30,101,0.09387589374595719,0.13416723796160718,False,False,True,6.347266374895947e-05,COMPLETE
1161,0.37422256469726567,2025-04-08 06:09:38.761490,2025-04-08 06:09:47.959043,0 days 00:00:09.197553,0.21035591327751313,0.48652102190133745,16,0.0355830176672498,0.29616894204859817,0.04003499273150263,0.06810534256600145,0.0830866733643565,0.09543922208428753,3.099511210671328e-05,30,103,0.0900579244734779,0.12310152260309179,False,False,True,3.6092480333318584e-05,COMPLETE
1162,0.44368903040885926,2025-04-08 06:09:48.326975,2025-04-08 06:09:57.510735,0 days 00:00:09.183760,0.1319021218015026,0.25649135314567467,16,0.023429665966924217,0.28553681925534535,0.07435740347091793,0.0745979670159531,0.08051199422791262,0.09809831411233869,4.122776459651801e-05,30,102,0.08530783506949798,0.12247552724503002,False,False,True,3.528475649113075e-05,COMPLETE
1163,0.43376278281211855,2025-04-08 06:09:57.883703,2025-04-08 06:10:06.949345,0 days 00:00:09.065642,0.1730790288067905,0.5047513191878463,16,0.03086826525005562,0.28754792765374715,0.06873649942540602,0.07737893194456145,0.07678583424032281,0.09994854914736974,2.071813537188726e-05,29,99,0.09491266317649238,0.11988718834871863,False,False,True,7.92267746767215e-05,COMPLETE
1164,0.22552791833877564,2025-04-08 06:10:07.320226,2025-04-08 06:10:16.441676,0 days 00:00:09.121450,0.1913434629744684,0.5189572459909433,16,0.04539009147088495,0.2804664017286345,0.0726415520926505,0.06869861103248852,0.08544927616199353,0.09614721735086089,3.5804937280687455e-05,30,100,0.0880489869333617,0.13169912182481053,False,False,True,5.6606709402898546e-05,COMPLETE
1165,0.4457666695117951,2025-04-08 06:10:16.812664,2025-04-08 06:10:25.932836,0 days 00:00:09.120172,0.15505701683533776,0.4786314385011656,16,0.022129870967114586,0.29803489306710773,0.07080597529974869,0.07200718359515362,0.07946590777389573,0.09557542621279465,2.6974783551317386e-05,29,106,0.09200133777243588,0.14531454176102312,False,False,True,7.618172094474212e-05,COMPLETE
1166,0.44302430748939514,2025-04-08 06:10:26.304529,2025-04-08 06:10:35.591211,0 days 00:00:09.286682,0.1722118648915627,0.47167962934263336,16,0.028865723040565935,0.29059907589598777,0.0751742265289765,0.07355686081675211,0.08194539356617178,0.09795890150535962,4.2376282075863646e-05,30,104,0.09346908105758069,0.1229365420436705,False,False,True,4.2115640344758676e-05,COMPLETE
1167,0.44125460982322695,2025-04-08 06:10:35.963263,2025-04-08 06:10:45.051184,0 days 00:00:09.087921,0.2218221316439189,0.4927258352286067,16,0.021069032022371093,0.28237058045616803,0.06878563196499136,0.06772400505299196,0.0837153451013743,0.09550058324608926,1.6105191392838978e-05,29,100,0.08237868315188034,0.12801821269226832,False,False,True,5.768870127212679e-05,COMPLETE
1168,0.4398521900177002,2025-04-08 06:10:45.424202,2025-04-08 06:10:54.565776,0 days 00:00:09.141574,0.13802003836305618,0.46052157885149736,16,0.027642388543444536,0.2787643362504384,0.06747462070689156,0.07120069194805476,0.07873626480015707,0.09424841110784908,3.184767864423223e-05,29,109,0.0903797834453825,0.12193730392693047,False,False,True,8.464047784103081e-05,COMPLETE
1169,0.37608305811882026,2025-04-08 06:10:54.938655,2025-04-08 06:11:03.962315,0 days 00:00:09.023660,0.1935859158531707,0.5246110161900999,16,0.03770692484861208,0.2862786250311096,0.07171821813812826,0.07608388160197495,0.08255892467649394,0.09802043887626614,2.3843994930088893e-05,28,101,0.09555949866727181,0.1317443645247401,False,False,True,4.537163795939414e-05,COMPLETE
1170,0.4447741568088532,2025-04-08 06:11:04.334396,2025-04-08 06:11:13.567098,0 days 00:00:09.232702,0.1620012784533063,0.466743410950732,16,0.020313332711877838,0.2993419378132309,0.06980630371988736,0.06735650365921036,0.07688079043971788,0.09671348036697637,4.285154857645405e-05,30,107,0.08686590410135332,0.12062051294276117,False,False,True,6.258340436706135e-05,COMPLETE
1171,0.397220778465271,2025-04-08 06:11:13.941346,2025-04-08 06:11:22.900123,0 days 00:00:08.958777,0.20374108912017813,0.5117953282266196,16,0.032140374040620506,0.27785644855807123,0.0671851155230925,0.06956587356312206,0.08587238237941466,0.09458595576129968,3.4231687740022766e-05,28,98,0.06268558845880214,0.12578425765292517,False,False,True,1.0374875736292356e-07,COMPLETE
1172,0.4415336728096008,2025-04-08 06:11:23.274165,2025-04-08 06:11:32.375315,0 days 00:00:09.101150,0.11963242307623423,0.38198694688041046,16,0.020421769235194218,0.2907815083237927,0.07020580611397041,0.07173905961225097,0.07959732454232837,0.0979574062351398,2.8257484917706176e-05,29,102,0.08924064287733662,0.11901732045458684,False,False,True,5.096008264338384e-08,COMPLETE
1173,0.25581490993499756,2025-04-08 06:11:32.750263,2025-04-08 06:11:42.237933,0 days 00:00:09.487670,0.1781286832704869,0.48288096026557076,16,0.0255292565074422,0.27611110834463154,0.07331119199108933,0.06799965678284745,0.0747236466475193,0.09482195936367875,4.380558364002272e-05,28,99,0.07959586039273991,0.1365182173242239,False,False,False,8.615332059646822e-05,COMPLETE
1174,0.12719413340091706,2025-04-08 06:11:42.613586,2025-04-08 06:11:51.671923,0 days 00:00:09.058337,0.22647086337587438,0.45826158093138447,16,0.24457070024817734,0.28504930354923175,0.07695861362322091,0.0739824528999485,0.08149851966762278,0.0965493880149175,2.1073110182315772e-05,29,97,0.09230359507840254,0.1280627819919128,False,False,True,3.464541081634013e-08,COMPLETE
1175,0.39756336212158205,2025-04-08 06:11:52.065753,2025-04-08 06:12:01.186020,0 days 00:00:09.120267,0.6504484294271543,0.5008636060035893,16,0.0191060864394404,0.28023026305295085,0.0669614001799983,0.06680006320725453,0.08454597337979261,0.09407940328256759,3.4143809300128406e-05,30,98,0.08535143944578386,0.11847712906101128,False,False,True,6.594229830306118e-08,COMPLETE
1176,0.4464682042598725,2025-04-08 06:12:01.561321,2025-04-08 06:12:10.468519,0 days 00:00:08.907198,0.1516165781787003,0.4383903448739968,16,0.028212178286704873,0.26852966293951996,0.0689398485916795,0.07968544847964593,0.07783524865729019,0.09998737087381822,2.5867080112723233e-05,28,101,0.09089942041028441,0.13820912346034508,False,False,True,2.5691735380002476e-05,COMPLETE
1177,0.35995015501976013,2025-04-08 06:12:10.848584,2025-04-08 06:12:19.881669,0 days 00:00:09.033085,0.178719791049418,0.4827291686212256,16,0.035521065115821364,0.27472862915328833,0.07196028343507589,0.0690940738891472,0.08342138230352619,0.09335639029026734,3.9475253793135085e-05,29,105,0.0937714513179378,0.11761124318048667,False,False,True,1.431155218923559e-07,COMPLETE
1178,0.09092785418033601,2025-04-08 06:12:20.256157,2025-04-08 06:12:29.242939,0 days 00:00:08.986782,0.20647304418746534,0.5793990476198743,16,0.017797179304327164,0.2917519952893961,0.06641910826692218,0.071323681917587,0.08074431479119994,0.0961802182815429,3.0020721061509828e-05,28,108,0.0874015975136141,0.12781534586109253,False,True,True,8.585189006206302e-08,COMPLETE
1179,0.42226449847221376,2025-04-08 06:12:29.619412,2025-04-08 06:12:39.254644,0 days 00:00:09.635232,0.24121290614502408,0.5391647482598154,16,0.025221733132439566,0.2606014394372901,0.07516131322593658,0.07594109045541933,0.08604557867551808,0.09797856256108717,4.587580342222844e-05,29,97,0.0957163275405825,0.1257654474137933,True,False,True,2.291735699343523e-08,COMPLETE
1180,0.4460213601589203,2025-04-08 06:12:39.631753,2025-04-08 06:12:48.799454,0 days 00:00:09.167701,0.13429042617401094,0.39506722187573773,16,0.018670437734745075,0.27467913811843436,0.07040097613591369,0.06670787069346236,0.0769581637372288,0.09199053657340758,3.779211780755967e-05,30,103,0.08319956236101932,0.11689791879640168,False,False,True,8.631769057179023e-05,COMPLETE
1181,0.24449711441993716,2025-04-08 06:12:49.176134,2025-04-08 06:12:58.096434,0 days 00:00:08.920300,0.16401911572478584,0.45410893828188054,16,0.040870703414767756,0.2817847224884995,0.06776937045708792,0.07400880711399703,0.07935224148319181,0.09393646882922273,2.2485425629233707e-05,28,98,0.08872022649601656,0.11998627275250488,False,False,True,3.0247678563490262e-05,COMPLETE
1182,0.40983519554138187,2025-04-08 06:12:58.474066,2025-04-08 06:13:07.501088,0 days 00:00:09.027022,0.19645777983989252,0.4198458485192637,16,0.023157642980051216,0.2056374836793768,0.06942534227010291,0.069787291646601,0.08239364657858794,0.09626059922498768,3.0473719202237903e-05,28,103,0.09200288911778987,0.14152758961947504,False,False,True,6.378810785488471e-05,COMPLETE
1183,0.4197207629680634,2025-04-08 06:13:07.882884,2025-04-08 06:13:17.025078,0 days 00:00:09.142194,0.452293542932206,0.4678898087023265,16,0.031173715052229066,0.2656433795498084,0.0723277069909351,0.0654825864128198,0.07391347761766708,0.09856861242721766,4.498813424362892e-05,30,97,0.08543365386301878,0.11774231171537278,False,False,True,4.062276488474797e-08,COMPLETE
1184,0.44750558137893676,2025-04-08 06:13:17.403510,2025-04-08 06:13:26.557624,0 days 00:00:09.154114,0.18575069675156727,0.4996476189010522,16,0.016578441528149163,0.25853414536916297,0.06651268641941849,0.07145707555216828,0.08622599299706506,0.09997925302151071,3.424241494215094e-05,29,99,0.09458120218895498,0.13130998449452572,False,False,True,1.1125583000685888e-07,COMPLETE
1185,0.4452253162860871,2025-04-08 06:13:26.936011,2025-04-08 06:13:35.843714,0 days 00:00:08.907703,0.15519557493044375,0.4317430584572376,16,0.016050364940446028,0.2601574061257577,0.08478361326483962,0.069082287700431,0.08770992512490176,0.09186898009014179,3.8594907408685826e-05,28,96,0.09571798571309466,0.1345727250088381,False,False,True,1.1883010484268163e-07,COMPLETE
1186,0.4452640295028687,2025-04-08 06:13:36.222380,2025-04-08 06:13:45.165831,0 days 00:00:08.943451,0.11402762298084969,0.4804716297506957,16,0.01681857334303889,0.26774088024328746,0.06535986182640553,0.06667657948683352,0.08475023100982945,0.09441434156468088,4.742516477909353e-05,28,99,0.08994500027844918,0.13330077082986824,False,False,True,1.1249906419263687e-07,COMPLETE
1187,0.43911641240119936,2025-04-08 06:13:45.545109,2025-04-08 06:13:54.546912,0 days 00:00:09.001803,0.14262021515553075,0.45450761341212076,16,0.014384056634391136,0.2639753317575701,0.06638163400473207,0.06747635448758045,0.07120995401111556,0.057614229113291615,3.70026443221934e-05,29,96,0.0866951212786633,0.13865129458715014,False,False,True,1.418423792963842e-07,COMPLETE
1188,0.4434047698974609,2025-04-08 06:13:54.928372,2025-04-08 06:14:03.829280,0 days 00:00:08.900908,0.216221124435802,0.4179087270617596,16,0.015275258551690783,0.27147652471377004,0.06705690088550463,0.06543904650013319,0.08669913684951742,0.09692347893505052,4.79926604114465e-05,28,96,0.08280790513479944,0.13261180190142055,False,False,True,1.0109650503118026e-07,COMPLETE
