number,value,datetime_start,datetime_complete,duration,params_alpha-eval,params_alpha-train,params_batch-size,params_eps-eval,params_eps-train,params_lambda-actions-eval,params_lambda-actions-train,params_lambda-frames-eval,params_lambda-frames-train,params_learning-rate,params_n-epochs,params_n-frames,params_radius-gw,params_rho,params_std-feats,params_ub-actions,params_ub-frames,params_weight-decay,state
227,0.3205984175205231,2025-04-08 03:39:06.975173,2025-04-08 03:39:19.690807,0 days 00:00:12.715634,0.10655577696367875,0.0677208164713097,2,0.03655997559917659,0.18282214663342983,0.015443703232941882,0.03829597715474941,0.04764390903725846,0.030510915622614983,0.0013291812015366335,11,129,0.0837481849967289,0.15002117895820186,False,False,True,5.7839780240397436e-06,COMPLETE
228,0.1868577480316162,2025-04-08 03:39:19.763633,2025-04-08 03:39:31.831371,0 days 00:00:12.067738,0.10488464583156537,0.11026239915328431,2,0.05413762314577779,0.1707959350234646,0.011431351210606514,0.04043237558529325,0.04545706108129931,0.036307100937442265,0.01592136008713062,10,124,0.08677295246688244,0.15559507059658131,False,False,True,2.6397065600730663e-06,COMPLETE
229,0.14694864153862,2025-04-08 03:39:31.906572,2025-04-08 03:39:44.443066,0 days 00:00:12.536494,0.07515129461858132,0.03340456565914492,2,0.0467092577496826,0.20713291424511532,0.01852873174462746,0.03605923871893354,0.039697644995551645,0.038560482657348606,0.043706572465851905,11,127,0.08269797552508779,0.1324854740859367,False,False,True,3.1013523390717815e-06,COMPLETE
230,0.42798478603363044,2025-04-08 03:39:44.518325,2025-04-08 03:40:00.246181,0 days 00:00:15.727856,0.32115094869382943,0.09204490916973779,2,0.028502495440444992,0.17595851882169286,0.01331173829011224,0.04148869682843554,0.04181159172669007,0.0331740876285671,0.024063096787257765,17,130,0.08535650382102998,0.1437981293482127,False,False,True,4.601911362662899e-06,COMPLETE
231,0.4360424995422364,2025-04-08 03:40:00.318964,2025-04-08 03:40:12.842765,0 days 00:00:12.523801,0.08337954307331848,0.08022360597054272,2,0.033554593887422775,0.17988918124152362,0.016685093668052126,0.044155441779161746,0.04735271566879958,0.029542087349288034,0.029489146862350667,11,126,0.08809238082998687,0.1376954103436737,False,False,True,6.911014912972473e-06,COMPLETE
232,0.23474942445755007,2025-04-08 03:40:12.918322,2025-04-08 03:40:26.135674,0 days 00:00:13.217352,0.11082873898015877,0.0555106006678181,2,0.03733805610316701,0.19650673014329195,0.015858671588747795,0.04412647740614305,0.04890140266093525,0.02933525062742281,0.03318269817304973,12,127,0.08834957879892431,0.1361706634817599,False,False,True,6.504086363021443e-06,COMPLETE
233,0.4193292617797852,2025-04-08 03:40:26.218441,2025-04-08 03:40:38.744004,0 days 00:00:12.525563,0.12595622868083955,0.07646235541816923,2,0.023794462249033997,0.22343180310165342,0.016674873126508165,0.0394644987890736,0.05232949543017809,0.03132524744681378,0.029490250920417436,11,130,0.08191918367682419,0.12880496211805703,False,False,True,5.172746329092786e-06,COMPLETE
234,0.09055355936288834,2025-04-08 03:40:38.818310,2025-04-08 03:40:50.849069,0 days 00:00:12.030759,0.053766768270990195,0.03282575930963493,2,0.032943584674689774,0.18020461060248927,0.020155126982719596,0.041998012662320616,0.04159471589729081,0.034655469415516595,0.018388372800781854,10,123,0.08455794682894492,0.15466375483587108,False,True,True,1.2139232140036277e-05,COMPLETE
235,0.43254036903381354,2025-04-08 03:40:50.923254,2025-04-08 03:41:03.566336,0 days 00:00:12.643082,0.08419076872059278,0.051723913009632916,2,0.04113435982495926,0.1696491369368159,0.014062874275031563,0.03803605643016282,0.0441423270100778,0.08906142084825144,0.042955143184666665,11,134,0.08003479216386242,0.1423491235457917,False,False,True,3.7926660870377726e-06,COMPLETE
236,0.4268379926681519,2025-04-08 03:41:03.640977,2025-04-08 03:41:16.707716,0 days 00:00:13.066739,0.2833631106074795,0.1020449116651633,2,0.020140149988159023,0.18008870937400429,0.011557346696370827,0.044520725130436145,0.05009651287275076,0.0366740467419698,0.023182295478529288,12,120,0.08361605885461028,0.13638386307475844,False,False,True,7.039970483307964e-06,COMPLETE
237,0.42788977622985847,2025-04-08 03:41:16.783321,2025-04-08 03:41:28.772660,0 days 00:00:11.989339,0.32185076769723764,0.06743422376587985,2,0.02749852566502875,0.16527875008019668,0.017569233840694247,0.04194074481315421,0.04729568874308543,0.039572123931739936,0.034313025279953065,10,126,0.08671931042880501,0.15236755011758865,False,False,True,9.014420879341362e-06,COMPLETE
238,0.2570259034633636,2025-04-08 03:41:28.846975,2025-04-08 03:41:36.283389,0 days 00:00:07.436414,0.26829261993550013,0.031535073663684944,16,0.04544101115878928,0.1874403929843797,0.009794928681270583,0.03519347441354813,0.044364817338550334,0.030009919183153135,0.0156546030596955,11,131,0.0813888344958102,0.1246448316204918,False,False,True,2.815362495971246e-06,COMPLETE
239,0.43361818194389345,2025-04-08 03:41:36.368652,2025-04-08 03:41:49.536719,0 days 00:00:13.168067,0.09105659872165695,0.08494604117107643,2,0.031580634538819694,0.1727483066056624,0.013787633644666071,0.04502450881695456,0.04548646948680532,0.04178836980579988,0.02513438910195661,12,136,0.08993173525424297,0.14549137177274163,False,False,True,4.187156243669493e-06,COMPLETE
240,0.42715366482734685,2025-04-08 03:41:49.613211,2025-04-08 03:42:01.782668,0 days 00:00:12.169457,0.054204969810541716,0.052734074667299936,2,0.0223581726268311,0.15852460658094136,0.01607042704553588,0.03979250283556676,0.04685759150428471,0.03249517593396503,0.06002077176633646,10,129,0.07918224349138465,0.13103993360932156,False,False,True,5.470113183054769e-06,COMPLETE
241,0.43291962742805484,2025-04-08 03:42:01.858031,2025-04-08 03:42:14.434202,0 days 00:00:12.576171,0.07618139834180021,0.08790503135393517,2,0.028250901994239967,0.16829187309823113,0.012567115582590912,0.04683679204769607,0.04039874185960138,0.029317950879340186,0.04570377801536269,11,125,0.08793535272082503,0.14127107496299932,False,False,True,3.41752800170156e-06,COMPLETE
242,0.259723961353302,2025-04-08 03:42:14.510388,2025-04-08 03:42:29.822314,0 days 00:00:15.311926,0.1267691290875616,0.03181720639830334,2,0.036451884570485954,0.17591671264066766,0.021130759847964416,0.04255563791581643,0.043043965245953365,0.04351449164913615,0.03689670397835019,16,127,0.09021589949612954,0.14935143465452805,False,False,True,6.306556920616898e-06,COMPLETE
243,0.4325728476047516,2025-04-08 03:42:29.901773,2025-04-08 03:42:43.047686,0 days 00:00:13.145913,0.06759619287906563,0.11034222745439745,2,0.027738801468244374,0.1596694923498848,0.014469602275460085,0.04459817963259748,0.04744009503262668,0.034596387821981454,0.028947490149397462,12,133,0.08153357607153805,0.13644274791466152,False,False,True,4.831041793775201e-06,COMPLETE
244,0.43312156796455387,2025-04-08 03:42:43.124741,2025-04-08 03:42:55.421739,0 days 00:00:12.296998,0.09745692079538958,0.0681701255237651,2,0.018767197205246437,0.18424868639938305,0.01819528788514362,0.04625529565526875,0.08573113472429768,0.02804432947075405,0.013527048753700747,11,25,0.08523400891497329,0.159908135796982,False,False,True,2.2211788285218844e-06,COMPLETE
245,0.30441083908081057,2025-04-08 03:42:55.508692,2025-04-08 03:43:07.651829,0 days 00:00:12.143137,0.1406551575967358,0.042798707937993404,2,0.03257172266991846,0.16846921315297386,0.01599937157686998,0.041131392228219876,0.0421753266136818,0.03283964009566497,0.01883546550692229,10,130,0.07862768287769498,0.1280083406469775,False,False,True,3.8248576092465944e-06,COMPLETE
246,0.43828119635581975,2025-04-08 03:43:07.729215,2025-04-08 03:43:20.306746,0 days 00:00:12.577531,0.3141562428439638,0.027150459982847958,2,0.024732876139381403,0.17868781502180628,0.012058090152650068,0.03746245771195313,0.08418605930940073,0.03767774518840003,0.0004666736726014625,11,126,0.0832236678827319,0.143865100163135,False,False,True,7.92684433221609e-06,COMPLETE
247,0.43303760290145876,2025-04-08 03:43:20.384075,2025-04-08 03:43:32.967681,0 days 00:00:12.583606,0.29220105189803003,0.027102243495508896,2,0.015838310756820493,0.17834440225627968,0.011120597515351492,0.03748674529897003,0.08459301295185091,0.03769813133932659,0.00610819310914449,11,124,0.08396018651883771,0.21855715767449369,False,False,True,8.072991426773145e-06,COMPLETE
248,0.4360799670219421,2025-04-08 03:43:33.045729,2025-04-08 03:43:46.122404,0 days 00:00:13.076675,0.3147291826243465,0.023877897468191037,2,0.023408108665299174,0.19320388039951297,0.008857170315299999,0.032791382936696985,0.08851256263658365,0.04089490774751704,0.05009544235164421,12,133,0.08070765242535861,0.1458539461966829,False,False,True,1.0572118868625009e-05,COMPLETE
249,0.42137573957443236,2025-04-08 03:43:46.201555,2025-04-08 03:43:59.446658,0 days 00:00:13.245103,0.3387081008459986,0.010272366104908403,2,0.04053171701863552,0.19444128541259814,0.009058061466609063,0.032531898942093775,0.08205432634409153,0.040720207700660704,0.000555311536948031,12,121,0.08262374127817215,0.14454313471045468,False,False,True,1.0928449236860034e-05,COMPLETE
250,0.43568051457405094,2025-04-08 03:43:59.525192,2025-04-08 03:44:12.773677,0 days 00:00:13.248485,0.3226250615188693,0.027406040477647758,2,0.024113624631155503,0.18158059972122237,0.007494483553812762,0.033245769215399026,0.08745183303403181,0.03764383979561159,0.05676923145805658,12,132,0.0805610323757524,0.14949357953603087,False,False,True,1.3966791466669243e-05,COMPLETE
251,0.4341866195201874,2025-04-08 03:44:12.863128,2025-04-08 03:44:25.964144,0 days 00:00:13.101016,0.3218490286868895,0.04736219081002871,2,0.02473300472142526,0.18817412413967935,0.006169056938078935,0.0333077503418864,0.08687821216174103,0.03860938873245205,0.050834320846654506,12,133,0.08052410373278875,0.14980686510824626,False,False,True,1.4176817236765314e-05,COMPLETE
252,0.4322461247444153,2025-04-08 03:44:26.043842,2025-04-08 03:44:39.239888,0 days 00:00:13.196046,0.35911339135429887,0.030479675983123792,2,0.023642532275811638,0.21764618979746447,0.003929182753709669,0.03125256570197833,0.0886295037012297,0.036322044587595165,0.0595165398254361,12,130,0.08267552092594875,0.13983390425865463,False,False,True,1.0413202075546375e-05,COMPLETE
253,0.42660759091377265,2025-04-08 03:44:39.321136,2025-04-08 03:44:47.330739,0 days 00:00:08.009603,0.31302948627348853,0.04686442367594138,8,0.012884263745598899,0.18466740831274503,0.008591580320941504,0.02780979952893247,0.08515336529373685,0.04175230447351319,0.07546942148085382,12,128,0.0852003074729326,0.13538748188622904,False,False,True,8.634709135418505e-06,COMPLETE
254,0.43645983934402466,2025-04-08 03:44:47.412607,2025-04-08 03:45:00.031860,0 days 00:00:12.619253,0.34479655342257687,0.02673692556274218,2,0.03220792934595069,0.1976456495379291,0.006900177597714754,0.03674071767623348,0.08421006365375341,0.03857878927829836,0.04150662645817017,11,134,0.08019857064489504,0.1458764269320262,False,False,True,6.467973725572357e-06,COMPLETE
255,0.43364666700363164,2025-04-08 03:45:00.111905,2025-04-08 03:45:12.658364,0 days 00:00:12.546459,0.3474662628125907,0.029469372318644254,2,0.02324443362918944,0.1759710308190757,0.006230118387680207,0.03350140845706501,0.0836367737912222,0.03972195404272568,0.039459533583550185,11,136,0.07941322560787996,0.1531216366075371,False,False,True,1.4390501822016671e-05,COMPLETE
256,0.43411421179771426,2025-04-08 03:45:12.738836,2025-04-08 03:45:25.336081,0 days 00:00:12.597245,0.33540994557095893,0.02601471301236253,2,0.030849370616899012,0.19846818310223627,0.008439278188872116,0.03770115653983869,0.08699001541330545,0.04349635575994411,0.05229219693208598,11,134,0.08072097655148636,0.14476158351653534,False,False,True,7.313528966580909e-06,COMPLETE
257,0.43505313992500305,2025-04-08 03:45:25.425759,2025-04-08 03:45:38.113962,0 days 00:00:12.688203,0.29600934207201257,0.010925748082211903,2,0.016898731411342356,0.2124258839461338,0.00686161287341301,0.0353868681064678,0.08918694045719579,0.03465897410945681,0.04424822397127849,11,132,0.07846125955849875,0.08543908313141274,False,False,True,1.1860600966887287e-05,COMPLETE
258,0.09055355936288834,2025-04-08 03:45:38.195767,2025-04-08 03:45:51.504157,0 days 00:00:13.308390,0.3065641974501931,0.6861819288852846,2,0.014914278330224434,0.2079717084776786,0.004722199912253484,0.03219614306416128,0.08962878868697668,0.03946345573224176,0.0467569830991135,12,132,0.07862144856512816,0.1563541473901007,False,True,True,1.1576385729187224e-05,COMPLETE
259,0.4316579163074494,2025-04-08 03:45:51.587315,2025-04-08 03:46:04.793290,0 days 00:00:13.205975,0.2880951906481603,0.013813211776213627,2,0.017255924764719814,0.20316017238125783,0.002828642832888649,0.03543656324688695,0.08230653035172486,0.03560463749290051,0.04089018103821018,12,137,0.08051168826293918,0.08310972297357269,False,False,True,1.5644049917795925e-05,COMPLETE
260,0.42912374734878544,2025-04-08 03:46:04.874237,2025-04-08 03:46:17.414761,0 days 00:00:12.540524,0.3198568882096594,0.02864726428128264,2,0.0068479416759886,0.21576032713532403,0.006437528088986927,0.034567023000535754,0.08543757273413352,0.04550575923913451,0.00018014571839960883,11,134,0.07764779850241338,0.07385686765789995,False,False,True,9.885179279298998e-06,COMPLETE
261,0.4330026924610138,2025-04-08 03:46:17.497109,2025-04-08 03:46:30.563611,0 days 00:00:13.066502,0.3682047994598381,0.05297384238980969,2,0.021347949901498752,0.20875675460553264,0.006695115710869073,0.029933164654360408,0.08895668632186499,0.04165818728954379,0.05922482848379528,12,131,0.08177712500802889,0.14874534827202976,False,False,True,5.024070313198083e-06,COMPLETE
262,0.43402460813522337,2025-04-08 03:46:30.648064,2025-04-08 03:46:43.236485,0 days 00:00:12.588421,0.2898106984669141,0.012262002948506696,2,0.012238008162671047,0.16401285739395857,0.009664669429704443,0.03620429713018386,0.08403680758489272,0.043506123847324545,0.0025852299072867345,11,137,0.07639017955543059,0.1425316946879999,False,False,True,1.3115153731851505e-05,COMPLETE
263,0.4272255301475525,2025-04-08 03:46:43.329519,2025-04-08 03:47:03.873065,0 days 00:00:20.543546,0.2683775321173164,0.04233990757632848,2,0.025577603767930807,0.10142543375684682,0.008158357509503373,0.03466911808869247,0.0871791603973256,0.06318922547339145,0.07166350606940998,26,132,0.07922512773994286,0.08403922855436811,False,False,True,8.529358132714518e-06,COMPLETE
264,0.4301341891288758,2025-04-08 03:47:03.956027,2025-04-08 03:47:16.716556,0 days 00:00:12.760529,0.33346907958560806,0.02785175336314502,2,0.02061005269126219,0.23429910642610793,0.003684666357098387,0.036883727315621145,0.08119018655027375,0.037793007877545075,0.09468954011878734,11,139,0.0830174609120776,0.08746800141378717,False,False,True,5.091643030628988e-06,COMPLETE
265,0.4334711313247681,2025-04-08 03:47:16.799487,2025-04-08 03:47:24.201791,0 days 00:00:07.402304,0.30644047035414357,0.05950993129706869,16,0.028372688327500485,0.15351113140137285,0.010376030212958194,0.03802272148480831,0.08328340997881062,0.035320184241650406,0.03411448807540018,12,129,0.08049004316243837,0.15000130400103073,False,False,True,2.351525329093271e-05,COMPLETE
266,0.4115288972854615,2025-04-08 03:47:24.286432,2025-04-08 03:47:36.869698,0 days 00:00:12.583266,0.3839424647315208,0.011425052670126085,2,0.01716797979005326,0.1976635734461335,0.05881785760524052,0.034466842277655965,0.07913277515635404,0.047309647575006525,0.04417540915747095,11,135,0.07862061642971499,0.05197748997707285,False,False,True,8.151804000195447e-06,COMPLETE
267,0.42220147848129275,2025-04-08 03:47:36.954213,2025-04-08 03:47:50.160204,0 days 00:00:13.205991,0.40758597845748623,0.043712894733173864,2,0.00508192278181855,0.1722257930845721,0.005535151501845549,0.03130484787092935,0.09014051808978737,0.031914280337606356,0.0009618565109051875,12,133,0.07570262090636894,0.07670056585903061,False,False,True,3.7912427048851525e-06,COMPLETE
268,0.4367283463478089,2025-04-08 03:47:50.254831,2025-04-08 03:48:02.796400,0 days 00:00:12.541569,0.2710434145471507,0.010700409548850955,2,0.010656761951510541,0.1822361002657975,0.09164632442104917,0.036641785315434175,0.08538400664224502,0.04060589746340653,0.05178786183108975,11,128,0.08270291807256899,0.12212095147269213,False,False,True,6.358584992501377e-06,COMPLETE
269,0.430769419670105,2025-04-08 03:48:02.881781,2025-04-08 03:48:16.543109,0 days 00:00:13.661328,0.28567912689442826,0.011331917397318945,2,0.012467406813853972,0.1889291682268591,0.08204870538678649,0.04332606609953332,0.08634646694977162,0.04081029256149602,0.05417217846604926,13,130,0.0809700007154158,0.07029559679055612,False,False,True,1.0765525520694955e-05,COMPLETE
270,0.4343048989772797,2025-04-08 03:48:16.631008,2025-04-08 03:48:29.339904,0 days 00:00:12.708896,0.2681503170095154,0.034867960025213515,2,0.010434844337899436,0.18714054053013957,0.07240825094396176,0.0393315212732279,0.08491129730975447,0.0394227007117235,0.0002987254999413593,11,136,0.07654043439455015,0.12057687507308087,False,False,True,6.919230595625095e-06,COMPLETE
271,0.434327906370163,2025-04-08 03:48:29.425297,2025-04-08 03:48:42.604512,0 days 00:00:13.179215,0.25197318835302973,0.027042831034236624,2,0.0023983506532386754,0.1957555412653068,0.007533868924535501,0.03596450897205728,0.08821214627299889,0.044016562441647325,0.06490705601747698,12,140,0.07841851916265204,0.12493415432882952,False,False,True,5.749599286058348e-06,COMPLETE
272,0.43444603681564337,2025-04-08 03:48:42.690660,2025-04-08 03:48:56.406423,0 days 00:00:13.715763,0.35350986221400893,0.011364563535768275,2,0.0210965025134391,0.18179682556784024,0.010604150991274264,0.04181104676822029,0.0827138297396653,0.04196527274497052,0.04067244790895133,13,128,0.08281731584093571,0.12957378017833202,False,False,True,7.977645883516297e-06,COMPLETE
273,0.43303421735763553,2025-04-08 03:48:56.502668,2025-04-08 03:49:09.534011,0 days 00:00:13.031343,0.31217109982955393,0.04950115990022283,2,0.010269088489687873,0.158831760504739,0.09337999513223155,0.040022225440423206,0.08157147178371467,0.04512570716896669,0.04933672706877302,12,132,0.07967435858968423,0.12022398696218654,False,False,True,1.689853941943601e-05,COMPLETE
274,0.43682425618171694,2025-04-08 03:49:09.620128,2025-04-08 03:49:22.221540,0 days 00:00:12.601412,0.30043158106495266,0.010145319953647768,2,0.017206152869090077,0.2121982437611902,0.012020317877470488,0.03365867206271836,0.08617137220548542,0.03759844512678716,0.03325877729864134,11,134,0.08655207336198913,0.14010903918441286,False,False,True,6.255424522510176e-06,COMPLETE
275,0.43359702825546265,2025-04-08 03:49:22.308154,2025-04-08 03:49:30.231588,0 days 00:00:07.923434,0.3338789792303585,0.03257461713108951,8,0.025081327392026155,0.22551644505608534,0.011628383783404184,0.031680020868799924,0.0891463221526791,0.037517462116753116,0.03445488727886324,11,137,0.08805926482337414,0.14144901273078941,False,False,True,6.267892112912718e-06,COMPLETE
276,0.43840519785881044,2025-04-08 03:49:30.319810,2025-04-08 03:49:42.956704,0 days 00:00:12.636894,0.2917776244997932,0.0541826775487685,2,0.019889315213236617,0.2136383539779035,0.009444135439632252,0.0335603746806013,0.08750937177825033,0.04041473900399553,0.031190272545304404,11,130,0.08582627531333824,0.128097623498282,False,False,True,9.461722739935927e-06,COMPLETE
277,0.43792786002159123,2025-04-08 03:49:43.045292,2025-04-08 03:50:05.656074,0 days 00:00:22.610782,0.27035859839106186,0.03317799341072041,2,0.017399044528228238,0.2175605950329717,0.08895483255118025,0.028403375759798153,0.08795314884321362,0.04029683404585438,0.03119211485480071,30,134,0.08354529560477286,0.12981122132055983,False,False,True,1.0966888575165018e-05,COMPLETE
278,0.09055355936288834,2025-04-08 03:50:05.754443,2025-04-08 03:50:25.449881,0 days 00:00:19.695438,0.27400823792082546,0.04287384772505795,2,0.01720031911237708,0.202469388462546,0.08867151308687961,0.02568230703141761,0.08790151839745872,0.04005987092853628,0.03234769105933145,24,135,0.0837574986239266,0.12564995058440498,False,True,True,1.2367626059572262e-05,COMPLETE
279,0.43513746857643126,2025-04-08 03:50:25.538621,2025-04-08 03:50:43.315098,0 days 00:00:17.776477,0.2513899957237769,0.02587437949251964,2,0.007604127435724653,0.2210739337421402,0.09251858902882752,0.02813157882095496,0.09075911413236357,0.04138671727769017,0.02843792887851977,21,129,0.08159671531273362,0.09415997788047292,False,False,True,1.0483026364328609e-05,COMPLETE
280,0.43943202495574957,2025-04-08 03:50:43.402389,2025-04-08 03:51:04.961857,0 days 00:00:21.559468,0.24172736285664684,0.5199476099022537,2,0.007883800896789606,0.22449610639634265,0.09610146695110144,0.027881677746971836,0.09148256174228442,0.042526927166370035,0.02812069181425985,28,129,0.08148955426210347,0.08733141961956631,False,False,True,1.0163491590158035e-05,COMPLETE
281,0.43208127617836,2025-04-08 03:51:05.052896,2025-04-08 03:51:27.718038,0 days 00:00:22.665142,0.2536704543124668,0.4148019088796488,2,0.00110308936713625,0.2195620533461988,0.09528253405990333,0.027603549920298825,0.0912831716990748,0.04242696804600899,0.028017098789365497,30,129,0.08671127343875606,0.08975674228225054,False,False,True,9.06249683583565e-06,COMPLETE
282,0.43574624061584477,2025-04-08 03:51:27.807401,2025-04-08 03:51:50.070567,0 days 00:00:22.263166,0.23975651202654574,0.05482531374542396,2,0.006414003085204591,0.23172330786030398,0.08754658023642181,0.028882625168876647,0.09085814644907692,0.0459985195512866,0.02806377241589927,29,129,0.08176810370774105,0.09936582240874392,False,False,True,1.804029005902418e-05,COMPLETE
