number,value,datetime_start,datetime_complete,duration,params_alpha-eval,params_alpha-train,params_batch-size,params_eps-eval,params_eps-train,params_lambda-actions-eval,params_lambda-actions-train,params_lambda-frames-eval,params_lambda-frames-train,params_learning-rate,params_n-epochs,params_n-frames,params_radius-gw,params_rho,params_std-feats,params_ub-actions,params_ub-frames,params_weight-decay,state
1913,0.25357646942138673,2025-04-11 00:11:44.670474,2025-04-11 00:11:51.341672,0 days 00:00:06.671198,0.23226065379677924,0.09810969375252318,16,0.023392822693648202,0.014980556138542461,0.09258619488763481,0.07686444295863197,0.04171756768278938,0.02244296413505158,0.00016149365505038594,5,52,0.05435328494949524,0.060418417765094906,True,True,False,2.628582566764722e-07,COMPLETE
1914,0.11623651981353761,2025-04-11 00:11:51.958652,2025-04-11 00:11:58.710158,0 days 00:00:06.751506,0.15577729172994087,0.6901799040457064,16,0.12553072563716716,0.030600087542567087,0.09493227017955345,0.08566712915397112,0.03590761675145879,0.019617403035984693,4.432091414616631e-05,7,43,0.05913197661211512,0.03970824548220796,True,True,False,9.042075367972048e-08,COMPLETE
1915,0.1980544924736023,2025-04-11 00:11:59.356000,2025-04-11 00:12:09.274212,0 days 00:00:09.918212,0.19508638092248817,0.056974135997294305,2,0.05307053635899922,0.005188588803851122,0.08447836758212043,0.07824644420933663,0.04545823345011943,0.017514432533349028,0.00010296334576178702,6,48,0.0658268545661973,0.04997588953951146,True,True,False,7.630421995487974e-08,COMPLETE
1916,0.09234625697135926,2025-04-11 00:12:09.895443,2025-04-11 00:12:16.339701,0 days 00:00:06.444258,0.2572212513888038,0.11764581697389487,16,0.06076496068263879,0.021520267557104334,0.07836670405106884,0.08272025545151733,0.04935866847035588,0.028189552525018997,7.030711881766247e-05,5,32,0.06154595224626613,0.05575337349534327,True,True,True,1.5372979777350556e-07,COMPLETE
1917,0.20577325820922854,2025-04-11 00:12:16.981751,2025-04-11 00:12:24.671386,0 days 00:00:07.689635,0.27706493502761453,0.0897284850637675,16,0.04516763362651538,0.04471612379867295,0.08880782983775365,0.07573584962681316,0.040902766012064065,0.02529036288516694,5.777309595551774e-05,13,41,0.06798444567281434,0.034000534841607664,False,False,False,1.7388374709416825e-06,COMPLETE
1918,0.42240808010101316,2025-04-11 00:12:25.295704,2025-04-11 00:12:32.138972,0 days 00:00:06.843268,0.21232204563207005,0.17270814784345484,16,0.03302313518012005,0.0001319248856960567,0.08203672772290638,0.0800685868465065,0.04675577657806474,0.014466876582165014,8.55478623291588e-05,6,44,0.05741274699029181,0.043646878392529634,True,True,False,1.0774487777752458e-07,COMPLETE
1919,0.42291439771652223,2025-04-11 00:12:32.783791,2025-04-11 00:12:39.510923,0 days 00:00:06.727132,0.243018479536848,0.13871204915875696,16,0.048285723699042556,0.010461932484217354,0.09766714053105804,0.047476435322320085,0.04332255893020233,0.03176609573932149,0.00010422340421508986,6,37,0.06410176685107824,0.059205042268358536,True,True,False,2.3518196393921683e-07,COMPLETE
1920,0.2254885256290436,2025-04-11 00:12:40.131102,2025-04-11 00:12:47.535386,0 days 00:00:07.404284,0.29987479389705907,0.0358349872270821,8,0.29728306857588416,0.018729304408296496,0.09135502843483986,0.07457333780619413,0.0367641553040495,0.020971847003611665,5.020249723347841e-05,8,47,0.05976411734886728,0.047123016574933375,True,True,False,7.163884083209653e-08,COMPLETE
1921,0.4136505126953125,2025-04-11 00:12:48.176081,2025-04-11 00:12:54.949235,0 days 00:00:06.773154,0.17656785988443613,0.07185082231542636,16,0.036909252870694506,0.02768478274519063,0.08640157801415534,0.0773197341871631,0.052165660233597526,0.029853827212941376,7.153933855056076e-05,5,58,0.06247373554065818,0.14322891560799939,True,True,False,3.615255174101844e-06,COMPLETE
1922,0.28677043318748474,2025-04-11 00:12:55.563850,2025-04-11 00:13:02.398243,0 days 00:00:06.834393,0.27442617628971033,0.383738660040554,16,0.05697145775684748,0.01410506277622886,0.09417728709448737,0.08131017793939795,0.03851223230606412,0.02341308796657286,0.00012480057376821705,7,50,0.0657556025089637,0.03767842388369991,True,True,False,1.1747314383849051e-07,COMPLETE
1923,0.42750364542007446,2025-04-11 00:13:03.041119,2025-04-11 00:13:09.800070,0 days 00:00:06.758951,0.22886185016344482,0.10337807875952554,16,0.043085320069065465,0.0362854294930127,0.08305270915573695,0.07918436544567356,0.045353714336168,0.02712674586451533,8.501333530135521e-05,6,40,0.06098059543034985,0.0521193828790562,True,True,False,1.8924403030606329e-07,COMPLETE
1924,0.42053880095481877,2025-04-11 00:13:10.414232,2025-04-11 00:13:17.095350,0 days 00:00:06.681118,0.4498322614770441,0.12142137267898945,16,0.01917122887274607,0.025804850066547737,0.09991818448110418,0.0753578039150677,0.04204814667292586,0.01916724426685667,6.654236155753581e-05,5,54,0.06441427443938527,0.06246812574903515,True,True,False,1.4461731202672423e-07,COMPLETE
1925,0.41422606706619264,2025-04-11 00:13:17.736075,2025-04-11 00:13:24.602001,0 days 00:00:06.865926,0.250869308181991,0.07924601999961423,16,0.028771448971667272,0.010477981434012807,0.09605440905005146,0.07744835442871913,0.03353591282256813,0.024689533315761052,1.6132155305855664e-05,7,44,0.05302883735797127,0.040865558834648666,True,True,False,8.90146282170372e-08,COMPLETE
1926,0.2823713302612305,2025-04-11 00:13:25.241654,2025-04-11 00:13:32.093782,0 days 00:00:06.852128,0.30042386147569944,0.05185103136837392,16,0.051201635988532286,0.019177316320585076,0.08834215267399548,0.07454356900314488,0.04844284929543924,0.01231124775813591,0.00014401881920803029,6,42,0.06768172512467764,0.01957978535445123,True,True,False,5.518806266184022e-07,COMPLETE
1927,0.3220246255397797,2025-04-11 00:13:32.718969,2025-04-11 00:13:39.381385,0 days 00:00:06.662416,0.5149032437889883,0.028203971957846845,16,0.040308663562598386,0.00023014905354929067,0.09287314807694404,0.08288910560746246,0.040933522660527216,0.021261662274109926,0.00010166737314088339,5,46,0.0592982024253922,0.030242837480822543,True,True,False,1.0041376085448603e-07,COMPLETE
1928,0.2382444143295288,2025-04-11 00:13:40.025930,2025-04-11 00:13:47.094733,0 days 00:00:07.068803,0.20718759250778163,0.10268508501826756,16,0.032071506328720835,0.009418451438118208,0.047357029858412794,0.06275008301051416,0.04432853922199751,0.02608289119238772,8.024212426710132e-05,9,50,0.06263029850027095,0.05457427214873263,True,True,False,7.023235759212139e-08,COMPLETE
1929,0.17275171875953677,2025-04-11 00:13:47.718354,2025-04-11 00:13:54.496135,0 days 00:00:06.777781,0.2760816501338487,0.14339063530750557,16,0.04605820243316886,0.022809084326177714,0.07991351383034093,0.07864990744032947,0.0503354689238776,0.01703098204501187,5.7520474790726644e-05,8,35,0.02516740309989176,0.046634585202397376,True,True,False,1.7187034100090837e-07,COMPLETE
1930,0.4051009058952332,2025-04-11 00:13:55.142314,2025-04-11 00:14:01.989427,0 days 00:00:06.847113,0.18874123948002003,0.07172414663134838,16,0.008032818506648198,0.01444915460947289,0.09035026161399343,0.08865414524284979,0.03900810121773522,0.022781687188973207,9.32158305053572e-05,7,38,0.05769881636677663,0.06309089453852573,True,True,False,1.2453756883816215e-07,COMPLETE
1931,0.29011158943176274,2025-04-11 00:14:02.609226,2025-04-11 00:14:09.271702,0 days 00:00:06.662476,0.5740578765393476,0.08978570937787411,16,0.06192338809113668,0.0052982950213080054,0.08530000082731563,0.07576025412175039,0.04298457238257031,0.032332457001394324,0.00011870896588551254,5,44,0.06561948126386312,0.04190535053275479,True,True,False,7.958992543606415e-08,COMPLETE
1932,0.3945787250995636,2025-04-11 00:14:09.912837,2025-04-11 00:14:16.670500,0 days 00:00:06.757663,0.14218454825384072,0.11870009299015596,16,0.036272112635353584,0.01779764364277374,0.0870212835266487,0.08043325216553866,0.0978503833699643,0.030200740043753338,6.674688373253224e-05,6,47,0.0555607301005108,0.05233416784826245,True,True,False,6.255609194591368e-06,COMPLETE
1933,0.3114702343940735,2025-04-11 00:14:17.317064,2025-04-11 00:14:24.043987,0 days 00:00:06.726923,0.2620853919741822,0.16361326507879154,16,0.0541106009363768,0.03200124698233005,0.08339032297135505,0.07444689668431617,0.0469354770194846,0.02807761907584218,3.1171154786318525e-05,6,40,0.06314390541257663,0.033957714412234496,True,True,False,9.336590886422724e-08,COMPLETE
1934,0.41518840193748474,2025-04-11 00:14:24.664460,2025-04-11 00:14:31.330908,0 days 00:00:06.666448,0.2230119918576934,0.052871372090350255,16,0.02423971061214326,0.026612960868631776,0.0921115714102428,0.07686688499082907,0.00360704628656721,0.018468742136398306,4.790498905251719e-05,5,42,0.06842313289705286,0.05818790235654095,True,True,False,2.2434466267600136e-07,COMPLETE
1935,0.1992906630039215,2025-04-11 00:14:31.974414,2025-04-11 00:14:38.871719,0 days 00:00:06.897305,0.2878192050616464,0.09601253790346195,16,0.04373457463802829,0.009517602971971743,0.07714813237360119,0.05387135687090038,0.03441285535307879,0.014958160274767072,0.000188108168391495,7,53,0.06107596614982348,0.04492150505017855,True,True,True,0.00023516326583848017,COMPLETE
1936,0.20403940677642823,2025-04-11 00:14:39.520454,2025-04-11 00:14:46.524147,0 days 00:00:07.003693,0.316000713242831,0.1302206666562086,16,0.04939919861446473,0.021925923568886348,0.09530870126734778,0.08518779584871256,0.03641192371758834,0.02049218904473426,7.839283186382409e-05,5,84,0.06600685896202681,0.0504172242042451,False,False,False,1.3617438115419853e-07,COMPLETE
1937,0.37206091284751897,2025-04-11 00:14:47.149240,2025-04-11 00:14:53.916540,0 days 00:00:06.767300,0.24084790667909306,0.0669388957052093,16,0.036367332288351525,0.005218740047983693,0.08921274795320079,0.07384799217531554,0.04047722853972697,0.023941923258976677,9.567503855885534e-05,6,49,0.0644027050196025,0.06340827240161333,True,True,False,6.643331523380117e-08,COMPLETE
1938,0.15276615023612977,2025-04-11 00:14:54.567965,2025-04-11 00:15:04.338928,0 days 00:00:09.770963,0.2590988181793114,0.1074466621430011,2,0.05826521342637148,0.015286981853496239,0.09825727858932029,0.06563751571403513,0.045853578575330504,0.022099799916224808,5.819546149018917e-05,6,45,0.06006084170866678,0.03714837808285757,True,True,False,1.0511031036046099e-07,COMPLETE
1939,0.2389891564846039,2025-04-11 00:15:04.961849,2025-04-11 00:15:11.607104,0 days 00:00:06.645255,0.7217826334999485,0.08365022736148475,16,0.04255848270296038,0.038088796572979366,0.08144489683794104,0.07858994821607462,0.09992228591322146,0.026421331543388007,0.00012022858415371645,5,67,0.058200811248173764,0.02448203730224644,True,True,False,1.9157622473689432e-07,COMPLETE
1940,0.4111374795436859,2025-04-11 00:15:12.261071,2025-04-11 00:15:19.134241,0 days 00:00:06.873170,0.29869966165386386,0.023650795039353464,16,0.02639062023908272,0.01441085695089107,0.08579463725722118,0.07979336896769632,0.04847554764229522,0.01694153361608662,7.779555007720878e-05,7,38,0.06264883057356485,0.05743135869666385,True,True,False,1.5111414949521945e-07,COMPLETE
1941,0.3219379365444184,2025-04-11 00:15:19.761884,2025-04-11 00:15:26.471769,0 days 00:00:06.709885,0.22246260627274062,0.07067074379216118,16,0.05259288352338059,0.03165033691575691,0.09354242631873258,0.07616068040335244,0.0429656232091216,0.02889897734056476,3.954115157929811e-05,6,43,0.06711225383468752,0.04755237898831297,True,True,False,7.708867741458195e-08,COMPLETE
1942,0.39857388734817506,2025-04-11 00:15:27.119141,2025-04-11 00:15:34.510646,0 days 00:00:07.391505,0.2037694644146553,0.04600434743116606,8,0.03178146845662961,0.05002003983271741,0.09015130993609353,0.07772863386868213,0.05347605528935805,0.019396255136867595,0.00010336404756250566,8,56,0.06097789338599254,0.03968217887286769,True,True,False,1.1349662172228e-07,COMPLETE
1943,0.23954730629920962,2025-04-11 00:15:35.163453,2025-04-11 00:15:42.032218,0 days 00:00:06.868765,0.2805385865605833,0.15041060849219823,16,0.04700265785602456,0.024779835449271075,0.08767039799681789,0.08200931830291282,0.032770596427756225,0.03270919622554368,0.00015273961438969788,7,47,0.06465970933702861,0.05388951145901299,True,True,False,5.949247756561407e-08,COMPLETE
1944,0.25941809415817263,2025-04-11 00:15:42.664919,2025-04-11 00:15:49.383412,0 days 00:00:06.718493,0.24843428775245396,0.11406910584948148,16,0.06595149518898628,0.005419609663792901,0.08403787097888649,0.07261223381317776,0.03728616891364809,0.0250364448813103,6.406123080312865e-05,6,52,0.06867406107396018,0.06422247487258823,True,True,False,7.965811082512878e-08,COMPLETE
1945,0.2747326850891113,2025-04-11 00:15:50.025509,2025-04-11 00:15:56.684278,0 days 00:00:06.658769,0.3089724174413733,0.0905818359419972,16,0.03985598408460461,0.021659847301539605,0.02458006341562833,0.0747304860575393,0.043885877191258645,0.02197913096403584,8.672023566365367e-05,5,35,0.056323911449038276,0.030124084912027033,True,True,False,2.6287397202251316e-07,COMPLETE
1946,0.21256895065307618,2025-04-11 00:15:57.337043,2025-04-11 00:16:06.253690,0 days 00:00:08.916647,0.1893268206078591,0.12893130960301696,16,0.055896205762047034,0.011679485448378777,0.09634098655443098,0.03049870051175648,0.0391318780631448,0.030529439910158208,5.13640157466124e-05,29,40,0.06222135503259791,0.04674369534144313,True,True,False,1.5626958259323422e-07,COMPLETE
1947,0.4087898552417755,2025-04-11 00:16:06.886512,2025-04-11 00:16:13.602931,0 days 00:00:06.716419,0.26627363975700485,0.05778925385677509,16,0.01955972040204426,0.017115865981876654,0.09228442112779735,0.0766487149008136,0.04688582195896426,0.018661927644179524,0.00013170273971685464,5,44,0.05905629131150435,0.19549113055879005,True,True,False,1.2289793873003345e-06,COMPLETE
1948,0.2584795713424683,2025-04-11 00:16:14.252437,2025-04-11 00:16:21.669250,0 days 00:00:07.416813,0.23398283771618364,0.10339072043647593,16,0.03611565116787922,0.0097883454604109,0.08083521785999566,0.08038397343115085,0.050959067927123215,0.027786272655659246,6.794247537141857e-05,13,48,0.052085027353991974,0.05807649398349049,True,True,False,9.598570142734113e-08,COMPLETE
1949,0.42170216441154484,2025-04-11 00:16:22.295766,2025-04-11 00:16:29.093078,0 days 00:00:06.797312,0.32562381958056485,0.08209052555113994,16,0.04786364047605264,0.030135575143521567,0.07527285272478987,0.08359415856869018,0.04093331884610496,0.01620459093757678,0.00010610917729830356,6,42,0.0639315841818527,0.12295004797078453,True,True,False,3.116194918066045e-08,COMPLETE
1950,0.38752528429031374,2025-04-11 00:16:29.740652,2025-04-11 00:16:36.491695,0 days 00:00:06.751043,0.2871658849956987,0.03833753477046607,16,0.040781131781853705,0.2726350489011755,0.09026869705348,0.07293420736329664,0.04509233517619675,0.02361398459781078,8.627296767140584e-05,6,50,0.07911542935673678,0.04241293207678438,True,True,False,1.3263714122193288e-07,COMPLETE
1951,0.42613076567649844,2025-04-11 00:16:37.143807,2025-04-11 00:16:43.832732,0 days 00:00:06.688925,0.20821277264169805,0.17425881340143018,16,0.029395321542744754,0.005647685779465175,0.08647019053128176,0.06692770515170622,0.04192754975836444,0.02544203227340489,7.366907290993361e-05,5,46,0.06661591912806615,0.05188930084611889,True,True,False,5.8533653269270515e-08,COMPLETE
1952,0.37641819119453435,2025-04-11 00:16:44.460400,2025-04-11 00:16:51.331681,0 days 00:00:06.871281,0.2579412896286511,0.11904836709949276,16,0.05221015115212399,0.018935334373264875,0.09401172550847281,0.07043498034739826,0.048597657171709316,0.020008829830798092,5.712445267846795e-05,7,41,0.06098893361952733,0.0335130760745978,True,True,False,1.7120503989071555e-05,COMPLETE
1953,0.29325272440910344,2025-04-11 00:16:51.982217,2025-04-11 00:16:58.616305,0 days 00:00:06.634088,0.1782278888946051,0.07441744453497731,16,0.04580971943671648,0.04206847770900943,0.07319937466788495,0.07767938468866246,0.03994289522401078,0.02121445793094471,9.128936977311531e-05,5,37,0.06496517016742429,0.04805177167260063,True,True,False,1.9985263948063947e-07,COMPLETE
1954,0.21036191880702973,2025-04-11 00:16:59.282150,2025-04-11 00:17:06.190015,0 days 00:00:06.907865,0.240668267087004,0.0973428548685481,16,0.06040654980316658,0.023973558057992932,0.08423458430245565,0.07442717364422763,0.03234201243708216,0.013722913668555364,0.00012013203855802077,8,45,0.06327877295423757,0.061772638604333706,True,True,True,1.1355807581435512e-07,COMPLETE
1955,0.09234625697135926,2025-04-11 00:17:06.822023,2025-04-11 00:17:13.646163,0 days 00:00:06.824140,0.2913468350762528,0.13298066408588516,16,0.03375653922012691,0.0004298562514343622,0.09999691294040387,0.07930436325060622,0.035477405176445306,0.017256953359208137,4.7784373009883576e-05,6,51,0.05436626009946596,0.03939393878406601,False,False,False,7.524963880460638e-08,COMPLETE
1956,0.16308281421661378,2025-04-11 00:17:14.301840,2025-04-11 00:17:21.064556,0 days 00:00:06.762716,0.2719354071557101,0.05850957827136115,16,0.1424523741505998,0.013306616927848215,0.09731838219320539,0.04294831219759136,0.03767962869042663,0.03137746629776028,7.57195899944322e-05,7,40,0.05700590968171085,0.056007938419766076,True,True,False,6.203840549025664e-08,COMPLETE
1957,0.32543741464614867,2025-04-11 00:17:21.724333,2025-04-11 00:17:28.608272,0 days 00:00:06.883939,0.22087890718907988,0.15086447434030584,16,0.012481312320263314,0.03543891075692439,0.08222195829840852,0.07654602867782478,0.04452516839223186,0.022673014879482124,0.00011114869620775608,7,25,0.05965504899964096,0.04375368647634499,True,True,False,1.0068878499666507e-07,COMPLETE
1958,0.3200038135051727,2025-04-11 00:17:29.242933,2025-04-11 00:17:36.307492,0 days 00:00:07.064559,0.3544640323228253,0.1111557508952077,16,0.041298993541719196,0.016731087416332797,0.08830359918314451,0.06903745855932382,0.04727175684351698,0.027160273580582844,9.637056477490741e-05,9,62,0.06907526944233083,0.06620836597690313,True,True,False,3.466335991439273e-08,COMPLETE
1959,0.20875752568244935,2025-04-11 00:17:36.969318,2025-04-11 00:17:46.421604,0 days 00:00:09.452286,0.31947112473776845,0.04207954349166845,2,0.0500549591259793,0.010130751727801066,0.09132908875067507,0.08109611964349536,0.04234220633523668,0.032969590229443416,0.0007936681698526916,5,48,0.06658321240847662,0.015416867426060427,True,True,False,1.684661397164278e-07,COMPLETE
1960,0.37864241003990173,2025-04-11 00:17:47.055037,2025-04-11 00:17:53.782657,0 days 00:00:06.727620,0.30296891589337327,0.08663848885702088,16,0.03669606395865544,0.292927370262385,0.07892677706058789,0.06095465942014525,0.03464016838767233,0.02900273690560161,6.390309038371572e-05,6,43,0.062493438708902366,0.05152019555346753,True,True,False,1.3419718868818022e-07,COMPLETE
1961,0.2737845957279206,2025-04-11 00:17:54.443460,2025-04-11 00:18:01.256655,0 days 00:00:06.813195,0.1616777549076608,0.06439025931593784,16,0.057320192979406666,0.025904780335333194,0.09466013410781278,0.0717326376836922,0.03895998770390505,0.024041247500913063,0.000135501882022458,6,46,0.060862754078569926,0.036159484696528334,True,True,False,8.921392865978942e-08,COMPLETE
1962,0.35391821265220647,2025-04-11 00:18:01.888934,2025-04-11 00:18:08.529427,0 days 00:00:06.640493,0.24950575998368754,0.02686344289985282,16,0.04509327688005927,0.07580950991221647,0.08565192622689721,0.07390880212234752,0.04548857793394431,0.020325965064308896,8.013513604011852e-05,5,34,0.05806491737191123,0.02774053895412419,True,True,False,5.434961114920577e-08,COMPLETE
1963,0.3149150609970093,2025-04-11 00:18:09.183270,2025-04-11 00:18:16.011723,0 days 00:00:06.828453,0.2753303337381005,0.09922988285930243,16,0.025115887820837433,0.019580784162668837,0.08826405559252588,0.07584621851413931,0.04388644352801037,0.015299725805895614,0.00016586801825545466,7,43,0.06532170619502992,0.04720367241891858,True,True,False,1.1520511557835458e-07,COMPLETE
1964,0.42154998183250425,2025-04-11 00:18:16.677240,2025-04-11 00:18:23.530323,0 days 00:00:06.853083,0.2072966215512584,0.12730560052360163,8,0.031223290996384094,0.004526344247766133,0.09170785767022345,0.07848236499885712,0.05027558465335034,0.01795016178722537,5.5251315380514825e-05,5,38,0.06265351351581917,0.05741276039463848,True,True,False,7.202454547575436e-08,COMPLETE
1965,0.41637005209922795,2025-04-11 00:18:24.167094,2025-04-11 00:18:31.113495,0 days 00:00:06.946401,0.25901424694663777,0.07828549212108195,16,0.0651842769844821,0.029516900630760172,0.09648240376074434,0.08187806615566708,0.032346788460626094,0.026516868702612648,9.582475134944498e-05,6,100,0.06764214253308166,0.06302404394491105,True,True,False,4.459368670019075e-08,COMPLETE
1966,0.32008851766586305,2025-04-11 00:18:31.771695,2025-04-11 00:18:38.561040,0 days 00:00:06.789345,0.2302005438124689,0.056633642745711345,16,0.04068739982474901,0.009823611682934153,0.08277184401656254,0.07298163570281577,0.05565107927422841,0.022274070926871923,4.189145203524094e-05,6,52,0.06996569849256598,0.042538842362144766,True,True,False,1.8832083274317854e-07,COMPLETE
1967,0.4134990870952606,2025-04-11 00:18:39.221379,2025-04-11 00:18:45.892689,0 days 00:00:06.671310,0.33488067515947423,0.11025166726889071,16,0.05188241593733854,0.00011173879247388697,0.08982047173361687,0.07610419131330717,0.04118083954296894,0.029443800630711357,6.897760035661185e-05,5,48,0.06468518466133394,0.05274089433179047,True,True,False,1.3898934466129686e-07,COMPLETE
1968,0.34294212460517887,2025-04-11 00:18:46.535276,2025-04-11 00:18:53.585469,0 days 00:00:07.050193,0.2947135015721981,0.14226519880663052,16,0.04512375341564127,0.01721528057326286,0.09345188700699666,0.07873263131940045,0.03716499966496637,0.025465200745225125,0.00011543039617218024,8,57,0.05908152596499619,0.03682552841747434,True,True,False,9.494038210313286e-08,COMPLETE
