number,value,datetime_start,datetime_complete,duration,params_alpha-eval,params_alpha-train,params_batch-size,params_eps-eval,params_eps-train,params_lambda-actions-eval,params_lambda-actions-train,params_lambda-frames-eval,params_lambda-frames-train,params_learning-rate,params_n-epochs,params_n-frames,params_radius-gw,params_rho,params_std-feats,params_ub-actions,params_ub-frames,params_weight-decay,state
284,0.36884629130363467,2025-04-10 20:51:50.392773,2025-04-10 20:51:57.001047,0 days 00:00:06.608274,0.8118277954749301,0.1182557134416044,16,0.042850852176480055,0.027782478904776902,0.09872485971604424,0.07004254965204064,0.09457869138796923,0.05812485563924172,6.048524509222096e-05,6,36,0.07398917079855812,0.044094829909036556,True,True,False,4.180608774623569e-08,COMPLETE
285,0.42521846294403076,2025-04-10 20:51:57.090295,2025-04-10 20:52:03.971913,0 days 00:00:06.881618,0.33908659382330114,0.14343253986659135,16,0.04962435809016507,0.029266523226989912,0.09995217092294092,0.07246902985068077,0.09243825779596182,0.060782930393094514,6.770120432054207e-05,7,37,0.07716048668097661,0.040339745318844114,True,True,False,2.0022089976462816e-07,COMPLETE
286,0.42983422875404365,2025-04-10 20:52:04.063726,2025-04-10 20:52:10.724593,0 days 00:00:06.660867,0.28786971762813196,0.13421365972656993,16,0.04005330841869554,0.02164135420175057,0.09830116483895458,0.0731920992943435,0.08746284047218043,0.06071648929501853,7.249154454855415e-05,6,39,0.07984405112297385,0.03014487560696147,True,True,False,2.0734300841170516e-07,COMPLETE
287,0.3600586593151093,2025-04-10 20:52:10.816621,2025-04-10 20:52:17.378430,0 days 00:00:06.561809,0.29425440468545017,0.09722664405708505,16,0.040035595072350674,0.015687103374905878,0.09994086024638371,0.07396774059598873,0.08769462462750853,0.06095039315491557,7.451364825875047e-05,5,33,0.08039412490604633,0.018429860277916457,True,True,False,2.041819126853576e-07,COMPLETE
288,0.3520456075668335,2025-04-10 20:52:17.479053,2025-04-10 20:52:24.150583,0 days 00:00:06.671530,0.2821448449911368,0.1217372073802979,16,0.04151030479897816,0.010310591981769568,0.09279880630306508,0.06428824735479173,0.09142436951653599,0.06083650384030907,0.00010534333207341171,6,38,0.07679768461425174,0.02916984000756572,True,True,False,1.790078294395078e-07,COMPLETE
289,0.09234625697135926,2025-04-10 20:52:24.242415,2025-04-10 20:52:30.950043,0 days 00:00:06.707628,0.31867629590218416,0.14630706304262386,16,0.050290350188395665,0.0010012737429727515,0.09528155331335354,0.07181872722386234,0.08775708776268301,0.05961649329130554,8.627956141027574e-05,5,41,0.07957895908343073,0.03503630915596911,True,False,False,1.358643747985401e-07,COMPLETE
290,0.1639852613210678,2025-04-10 20:52:31.040409,2025-04-10 20:52:37.566483,0 days 00:00:06.526074,0.3367836910771658,0.0727474979348585,16,0.04034671086893277,0.023061793904783662,0.09072308099189047,0.07447797978146263,0.08577295759474216,0.036792027679904846,7.162184842372395e-05,6,35,0.0691201347122181,0.020970824131062313,False,True,False,2.3015840203836606e-07,COMPLETE
291,0.42927373647689826,2025-04-10 20:52:37.660042,2025-04-10 20:52:44.351838,0 days 00:00:06.691796,0.30943725486851115,0.11400861416376362,16,0.046132629280652385,0.02390029478287507,0.09731824458324412,0.07685943725963926,0.09221127211905941,0.030471430438390745,6.310357702033636e-05,6,42,0.07549858408923238,0.039433177175889,True,True,False,2.7188560793719657e-07,COMPLETE
292,0.09872774630784989,2025-04-10 20:52:44.443010,2025-04-10 20:52:54.261530,0 days 00:00:09.818520,0.30063510978997415,0.10469938335097803,2,0.04682636178557951,0.020704472568555257,0.09428820478340044,0.07701615825438476,0.09452457216436957,0.028442979902915576,6.569495422073083e-05,6,49,0.07535368341247939,0.03026976171816194,True,True,True,1.919634669123663e-07,COMPLETE
293,0.4325819909572602,2025-04-10 20:52:54.365904,2025-04-10 20:53:00.924715,0 days 00:00:06.558811,0.3180009007070764,0.051611222200061785,16,0.039313743492040684,0.025800287927548387,0.09691736693355549,0.0720547813195342,0.09163169604997692,0.026096535216397244,8.77750602631338e-05,5,43,0.07024466940005802,0.03872811859984113,True,True,False,1.5249708708977984e-07,COMPLETE
294,0.41038776636123664,2025-04-10 20:53:01.016855,2025-04-10 20:53:07.589056,0 days 00:00:06.572201,0.3230551850776109,0.033618731708133676,16,0.035288282708627904,0.016337103442735822,0.0969587038765343,0.07264914932233074,0.09308686110578651,0.023600062736177083,0.00011432609062047586,5,31,0.07061958391822479,0.023799132543577135,True,True,False,1.1882076529488083e-07,COMPLETE
295,0.37906019687652587,2025-04-10 20:53:07.681788,2025-04-10 20:53:14.243830,0 days 00:00:06.562042,0.3377094130259835,0.12626529516155688,16,0.04232912958158031,0.024252974160525277,0.09730403887192797,0.06808479306561058,0.09130039558657421,0.03281425822099391,9.247600419537193e-05,5,37,0.06830056598427617,0.03272280942245931,True,True,False,1.5096277474896427e-07,COMPLETE
296,0.18335731625556945,2025-04-10 20:53:14.337529,2025-04-10 20:53:21.111226,0 days 00:00:06.773697,0.2790348411767116,0.13747503061515445,8,0.03749240295636366,0.007205715181201784,0.09587660340170194,0.074859653124874,0.09216274255361982,0.041228483207023776,8.290035029519697e-05,5,43,0.07077165825231344,0.006698379410749147,True,True,False,2.291038140383234e-07,COMPLETE
297,0.4308384895324707,2025-04-10 20:53:21.203673,2025-04-10 20:53:27.832125,0 days 00:00:06.628452,0.35454179323894325,0.053719025146722686,16,0.04736742783894671,0.019566542567471715,0.0969412046058351,0.07260436462957093,0.0905133603416024,0.02866097707370468,5.750924285030568e-05,6,46,0.07275803235753055,0.039902559681695,True,True,False,2.666053914901824e-07,COMPLETE
298,0.39716142416000366,2025-04-10 20:53:27.934948,2025-04-10 20:53:34.594531,0 days 00:00:06.659583,0.35890960010906797,0.010818852872640165,16,0.03309350966337288,0.01334636341637111,0.09513943032920724,0.07097785046089032,0.09057805620109834,0.029353235877112208,0.00010392179135278531,6,51,0.0724215564704399,0.03795166205175008,True,True,False,1.5101268878196383e-07,COMPLETE
299,0.3145153105258942,2025-04-10 20:53:34.688357,2025-04-10 20:53:41.303647,0 days 00:00:06.615290,0.3172458820533963,0.04780216871877322,16,0.045351173248887724,0.019451585813241273,0.09783323950461767,0.07285237317732494,0.09519162464699975,0.022282646507815754,0.00013907506078424423,5,47,0.06949845020864213,0.03777852710817169,True,True,False,2.4888302456044507e-07,COMPLETE
300,0.33746208548545836,2025-04-10 20:53:41.397868,2025-04-10 20:53:48.316913,0 days 00:00:06.919045,0.35446974517310126,0.07710673252789949,16,0.03912158577257341,0.028902747935504975,0.09403941180708723,0.06906110123196622,0.0894251074819849,0.03052644919953632,7.685618660165473e-05,6,127,0.06749310141961354,0.02677441486837917,True,True,False,1.9340198285414296e-07,COMPLETE
301,0.38374854922294616,2025-04-10 20:53:48.411603,2025-04-10 20:53:55.121208,0 days 00:00:06.709605,0.3070588161786,0.10803031075924506,16,0.03020432429198254,0.0343818979599228,0.0966679480709458,0.0747045234392629,0.09299094818884028,0.025181111047722308,5.529119930487224e-05,6,48,0.07277233227952512,0.03158072458001179,True,True,False,2.60171846605473e-07,COMPLETE
302,0.4248411595821381,2025-04-10 20:53:55.217485,2025-04-10 20:54:01.838624,0 days 00:00:06.621139,0.3317815283013565,0.08042410788327982,16,0.048007706600999,0.026779388686878118,0.09833169399234365,0.07210077582022896,0.08909105772131776,0.020089130307173166,8.70246771056647e-05,5,44,0.07024514507733998,0.039877848171904436,True,True,False,1.6733114829117156e-07,COMPLETE
303,0.3791151285171509,2025-04-10 20:54:01.944146,2025-04-10 20:54:08.498925,0 days 00:00:06.554779,0.3694373240285037,0.06653386130505835,16,0.04198248687590062,0.011277759256880522,0.09997554773179024,0.07108867628328715,0.08896172018095871,0.01741563410652022,0.00011867801418285392,5,45,0.05820828662930653,0.039273746770540324,True,True,False,8.623564431309745e-08,COMPLETE
304,0.24681453704833983,2025-04-10 20:54:08.593275,2025-04-10 20:54:15.165418,0 days 00:00:06.572143,0.3170208861630473,0.03923127209137457,16,0.05084520258936869,0.026070987741501912,0.09803936402195224,0.0666459076260686,0.09168437446043576,0.021330544555752937,9.43109232501159e-05,5,45,0.033227802609506925,0.033328588270575873,True,True,False,1.1268924306166467e-07,COMPLETE
305,0.19550026953220367,2025-04-10 20:54:15.260914,2025-04-10 20:54:21.817712,0 days 00:00:06.556798,0.28432537204396124,0.0892241153007032,16,0.18308160025928516,0.019109360653703812,0.09654737793163708,0.07250644997487321,0.08946142692269024,0.025496961998757436,8.322913748281322e-05,5,50,0.06652164130526617,0.2110370586118637,True,True,False,1.738917655092361e-07,COMPLETE
306,0.1283413112163544,2025-04-10 20:54:21.914085,2025-04-10 20:54:28.525047,0 days 00:00:06.610962,0.35017860704366255,0.07885663440931381,16,0.2603122960210363,0.0274239847137714,0.09836552631760079,0.07015479060166525,0.09765366145969223,0.028634901984633497,6.622053123903493e-05,6,42,0.06981381606589744,0.02614982416544016,True,True,False,2.8925056621373475e-07,COMPLETE
307,0.3561263740062714,2025-04-10 20:54:28.631893,2025-04-10 20:54:35.193596,0 days 00:00:06.561703,0.3238708542698447,0.0541476055110386,16,0.031940753675003195,0.018544468315389705,0.09672188929779164,0.06436383656166235,0.09546666816871392,0.03395197964281721,0.00010507516340039611,5,47,0.06454394926831697,0.04035533278060313,True,True,False,2.1283637244272317e-07,COMPLETE
308,0.4002960741519928,2025-04-10 20:54:35.291667,2025-04-10 20:54:42.072206,0 days 00:00:06.780539,0.36571301440297277,0.05186617803683559,16,0.03802002813398654,0.03007755611705565,0.09834400743304228,0.07574053611389135,0.08806623044064413,0.030818168113108967,7.578801921087256e-05,6,43,0.06863738074856311,0.03412824866331347,True,True,False,1.3857028537177838e-07,COMPLETE
309,0.23328707218170167,2025-04-10 20:54:42.170287,2025-04-10 20:54:48.797713,0 days 00:00:06.627426,0.3372014508799979,0.10290588121680169,16,0.04527881617771434,0.01227695750013227,0.09492132156922421,0.07286331903336006,0.09136367740381476,0.027290881490265363,0.00015533189572638166,6,41,0.07400185151402802,0.017138530507350504,True,True,False,5.108098017331052e-07,COMPLETE
310,0.16300348043441773,2025-04-10 20:54:48.894508,2025-04-10 20:54:55.311114,0 days 00:00:06.416606,0.2947727306046184,0.092041891211286,16,0.052232775987555644,0.005837834441444142,0.0999390387285557,0.06796529816012274,0.09348644179498442,0.01780727054692235,8.95488392498411e-05,5,45,0.07056097848403997,0.04034459094097061,False,True,False,1.6442951268088823e-07,COMPLETE
311,0.09234625697135926,2025-04-10 20:54:55.408543,2025-04-10 20:55:01.975876,0 days 00:00:06.567333,0.30874927142822467,0.05388439160486026,16,0.028573234452685937,0.024219508707004084,0.09281891888538743,0.07795032234350324,0.08813856091395905,0.020085951654968178,6.627537849285857e-05,6,40,0.07239682601575322,0.06791549974829539,True,True,True,3.6343916519974495e-07,COMPLETE
312,0.3973304688930512,2025-04-10 20:55:02.082736,2025-04-10 20:55:08.705180,0 days 00:00:06.622444,0.26671466344413586,0.01797402622409853,16,0.043272965849927014,0.03839092037397267,0.0964614452783374,0.07453723785539024,0.08951738385061829,0.02756170699357272,0.00011814139007708688,5,49,0.06310591500269817,0.056788686289887445,True,True,False,2.3228297721027308e-07,COMPLETE
313,0.418847268819809,2025-04-10 20:55:08.804084,2025-04-10 20:55:15.856338,0 days 00:00:07.052254,0.3530268651974436,0.12762369051614358,16,0.036160391409824424,0.03249369615941263,0.09814939217725666,0.07806989069124795,0.09192920001856361,0.05705706630793266,4.878675987205206e-05,6,44,0.06747492359363307,0.04965681424808995,True,False,False,2.8751913801093405e-07,COMPLETE
314,0.2716568470001221,2025-04-10 20:55:15.955874,2025-04-10 20:55:26.359766,0 days 00:00:10.403892,0.3767662145219239,0.14477797872993703,2,0.052663857812429965,0.017472252932288285,0.09473323872247535,0.06913033564028694,0.0868694074842189,0.012714092522566115,7.828457257350148e-05,7,35,0.07444447122621921,0.02842683912349088,True,True,False,4.34083696068377e-07,COMPLETE
315,0.432103043794632,2025-04-10 20:55:26.458548,2025-04-10 20:55:33.167680,0 days 00:00:06.709132,0.33430877878502147,0.11433185349713643,16,0.047702821372856585,0.02545914158736849,0.0919985150819776,0.0718777136764206,0.09023270002362864,0.030312963769765177,6.713427860080882e-05,6,42,0.07046574753225558,0.0432986541144305,True,True,False,2.0273525640513578e-07,COMPLETE
316,0.4070956945419312,2025-04-10 20:55:33.278876,2025-04-10 20:55:40.137887,0 days 00:00:06.859011,0.354733181486213,0.11026931514114054,16,0.042233624045381536,0.036303995866337785,0.09018592831956898,0.07492781353161271,0.0944738046070645,0.0637316906738154,6.025033747838109e-05,7,38,0.0770511791552075,0.046556136469509575,True,True,False,3.092550918796677e-07,COMPLETE
317,0.4042011857032776,2025-04-10 20:55:40.237101,2025-04-10 20:55:46.892950,0 days 00:00:06.655849,0.6514115573988026,0.12544222359246118,16,0.05403000504907868,0.022892846696760043,0.09178205229911165,0.07657181037391772,0.09057676558165714,0.026120734894544292,5.200271441185944e-05,6,41,0.06544201290607288,0.05365394974932345,True,True,False,2.1171838809321864e-07,COMPLETE
318,0.26477418541908265,2025-04-10 20:55:46.993485,2025-04-10 20:55:53.741641,0 days 00:00:06.748156,0.28609188746896597,0.1448957113537161,16,0.03066654444552716,0.03186753171250267,0.09291837778279034,0.07861635028210255,0.09229014230067926,0.030314546571297715,0.0008237329061785686,7,38,0.07276330226382367,0.061085922623429455,True,True,False,2.657611203943437e-07,COMPLETE
319,0.13833991587162017,2025-04-10 20:55:53.841579,2025-04-10 20:56:00.793259,0 days 00:00:06.951680,0.9314102455098632,0.16277045502819748,8,0.03911165229168356,0.015221927182513056,0.024183124059951516,0.06205375995918031,0.08659636581730681,0.03566504950350156,4.308143948276018e-05,6,42,0.06826087743414852,0.034864672668560664,True,True,False,3.7107868421530725e-07,COMPLETE
320,0.37253825068473817,2025-04-10 20:56:00.905503,2025-04-10 20:56:07.668119,0 days 00:00:06.762616,0.3110548161402963,0.12633638252483573,16,0.06376550858760702,0.0395070074324932,0.09543051190623628,0.0661089268798298,0.08747359216706946,0.0326297777848417,6.399773250737174e-05,7,47,0.07107839677441756,0.04340202189264268,True,True,False,6.015566224385322e-07,COMPLETE
321,0.4009505987167359,2025-04-10 20:56:07.770992,2025-04-10 20:56:14.393470,0 days 00:00:06.622478,0.3721357700667563,0.15326555780217851,16,0.04724642687404267,0.0212872547449994,0.0906644140638605,0.0712435439608772,0.07731766167596615,0.023547603974583945,6.966555239148165e-05,6,34,0.07436430896638623,0.05122216820506227,True,True,False,2.435576653604099e-08,COMPLETE
322,0.41489053964614875,2025-04-10 20:56:14.493885,2025-04-10 20:56:21.206898,0 days 00:00:06.713013,0.3321284376071832,0.17182464584987772,16,0.035313170713341085,0.009196414330254584,0.0936630837312607,0.07361313297305075,0.007256674363000898,0.030812800845422927,3.997823525137935e-05,6,39,0.07694283511700115,0.04416736577912653,True,True,False,2.022066826998158e-07,COMPLETE
323,0.09234625697135926,2025-04-10 20:56:21.307604,2025-04-10 20:56:27.963223,0 days 00:00:06.655619,0.34660537766816146,0.1376939986439096,16,0.025345011868888857,0.02880805529567572,0.041908103202632385,0.07621137598180444,0.09042554086548585,0.06248157616939842,0.039583649005655905,7,52,0.07257603990630225,0.023667014148768976,True,True,False,2.817708662855943e-07,COMPLETE
324,0.24993186593055727,2025-04-10 20:56:28.064697,2025-04-10 20:56:34.809475,0 days 00:00:06.744778,0.39528033074873387,0.10715074659854762,16,0.055100026921769414,0.03777290934037343,0.08776535338189088,0.08361489982865375,0.09617545638377245,0.06821120452247532,0.00030119125582719176,6,42,0.06934415362092648,0.03415884016140883,True,True,False,4.561600038242067e-07,COMPLETE
325,0.4254450201988221,2025-04-10 20:56:34.920685,2025-04-10 20:56:41.456484,0 days 00:00:06.535799,0.3211661791617778,0.16939443429269777,16,0.045999379926110674,0.03283483850288105,0.09637342649923164,0.06932804791412162,0.09380122997970354,0.039580727999924216,5.631113306679714e-05,5,46,0.06560544937485686,0.0502374519079212,True,True,False,3.35120060112051e-07,COMPLETE
326,0.4187408030033112,2025-04-10 20:56:41.559278,2025-04-10 20:56:48.123861,0 days 00:00:06.564583,0.3609849319501673,0.15983686743178485,16,0.0464940966963906,0.027804493827673894,0.09630095016531867,0.06967306945627927,0.08869167239307182,0.0557314907673995,5.113660036141232e-05,5,47,0.06046034533168798,0.0620267988200355,True,True,False,2.2954594440377168e-07,COMPLETE
327,0.3646800637245179,2025-04-10 20:56:48.226746,2025-04-10 20:56:54.835016,0 days 00:00:06.608270,0.3041899037003407,0.11466985468639576,16,0.06141361161229378,0.020746134623150458,0.09971289259170518,0.07302502650200919,0.07885917586967307,0.0576541800485459,5.801919560042772e-05,5,45,0.06546620046413285,0.05687615870066792,True,True,False,3.2575207782872665e-08,COMPLETE
328,0.24991851449012759,2025-04-10 20:56:54.938239,2025-04-10 20:57:01.596233,0 days 00:00:06.657994,0.33540382149096115,0.14049006126828034,16,0.05272407693586787,0.033621942767332325,0.09436595834554168,0.06776198660351623,0.08596192290989456,0.054244565930003104,0.00020876180136467033,5,50,0.06366960178932402,0.04965376525091914,True,True,False,3.6649309359418693e-07,COMPLETE
329,0.37098568081855776,2025-04-10 20:57:01.709087,2025-04-10 20:57:08.392012,0 days 00:00:06.682925,0.37948476136528764,0.17319342749529992,16,0.04139055045680145,0.12776326045947403,0.09230203017088977,0.07157570530369808,0.09310409328203026,0.059307098848339256,9.863872930143442e-05,6,43,0.06689471482580892,0.053839226554882054,True,True,False,6.811954927379524e-08,COMPLETE
330,0.1855299472808838,2025-04-10 20:57:08.495134,2025-04-10 20:57:15.296246,0 days 00:00:06.801112,0.26838386935837016,0.15398416790400055,16,0.04692738142472236,0.015171636251272758,0.0974995975348988,0.07872916398130528,0.0913295865384982,0.02698521377161344,7.5189732384263e-05,7,46,0.06838681984991384,0.04557023417715035,False,False,True,1.4458378574590434e-07,COMPLETE
331,0.16818329691886902,2025-04-10 20:57:15.399576,2025-04-10 20:57:21.835139,0 days 00:00:06.435563,0.32121080942119296,0.12506563649516486,16,0.22496655798343027,0.024833554209077336,0.09565526603698807,0.0752585878096435,0.0760723094352195,0.06506141206641074,4.574576612919548e-05,5,38,0.06250667347822848,0.06508922782533567,True,True,False,1.8735451463487998e-07,COMPLETE
332,0.39298715591430666,2025-04-10 20:57:21.938772,2025-04-10 20:57:28.607314,0 days 00:00:06.668542,0.35277189357712324,0.09453442701244935,16,0.05657798305293681,0.03130347771536643,0.09800601746503033,0.07671716286755734,0.08505246689859328,0.04220604333991677,6.448080909411296e-05,6,48,0.06570477335260397,0.04001705301503424,True,True,False,2.747224997111759e-07,COMPLETE
333,0.14555552303791047,2025-04-10 20:57:28.724639,2025-04-10 20:57:35.580900,0 days 00:00:06.856261,0.2977138582782003,0.1674476145652312,16,0.10546657684701491,0.04581514570081365,0.09390554639211668,0.07063017520208928,0.08773494947688967,0.03953134314574703,4.1104628688459194e-05,7,92,0.06956893982492353,0.15185621306424565,True,True,False,4.795967606556978e-07,COMPLETE
334,0.36633305549621586,2025-04-10 20:57:35.686827,2025-04-10 20:57:42.359444,0 days 00:00:06.672617,0.3858163008319506,0.13731918524090833,16,0.06748998983096957,0.02291163562956733,0.08907668353701975,0.08181813967380723,0.09921632760987764,0.04990816006218348,5.402204424454877e-05,6,42,0.07124291249641407,0.04961962089810297,True,True,False,1.0767322338286411e-07,COMPLETE
335,0.412515527009964,2025-04-10 20:57:42.464396,2025-04-10 20:57:49.035142,0 days 00:00:06.570746,0.33826923595738434,0.1705031089727217,16,0.0411796362114956,0.035340904367659944,0.09666006879198591,0.07312897116399172,0.08985685793670078,0.06308919154066196,8.118344133503533e-05,5,36,0.06767985704233372,0.057237209780443526,True,True,False,3.2081570751548766e-07,COMPLETE
336,0.39845513701438906,2025-04-10 20:57:49.141579,2025-04-10 20:57:55.827486,0 days 00:00:06.685907,0.36840273918984856,0.14689283976649628,16,0.08040127976226169,0.015395483883989355,0.09991760083372027,0.04342592850821147,0.08110931212053543,0.052609491213177366,0.00012234168901301734,6,40,0.07122102733882173,0.041979184259232756,True,True,False,2.3556109715007574e-07,COMPLETE
337,0.36210243105888373,2025-04-10 20:57:55.944835,2025-04-10 20:58:02.746677,0 days 00:00:06.801842,0.2829313375852029,0.11960472947187373,16,0.049105209193926705,0.0040164420726527435,0.09986810557246902,0.07959189715588012,0.08673951654146599,0.05626795796869371,0.0001002973001579666,7,31,0.07327413289172034,0.04777381203956825,True,True,False,7.388598195750273e-07,COMPLETE
338,0.4100493371486664,2025-04-10 20:58:02.853542,2025-04-10 20:58:12.627938,0 days 00:00:09.774396,0.4036610787891417,0.1717307002423877,2,0.06108350266992616,0.107336469576352,0.09140641014518237,0.0689905795569594,0.08485224716293423,0.05841835727447831,7.03258478672225e-05,6,45,0.07523640374027163,0.07154302321825635,True,True,False,2.570579828384014e-08,COMPLETE
339,0.39818059206008916,2025-04-10 20:58:12.734533,2025-04-10 20:58:19.278013,0 days 00:00:06.543480,0.3232172132650273,0.09523360696250333,16,0.035840440964792275,0.04970277147655326,0.09531772932255081,0.08443483262081006,0.094538321138682,0.054284185600662546,5.5987245507538355e-05,5,50,0.06666987609538301,0.037398190518890026,True,True,False,1.6498891894869171e-07,COMPLETE
340,0.39505022168159487,2025-04-10 20:58:19.383918,2025-04-10 20:58:26.182007,0 days 00:00:06.798089,0.348236702453087,0.02897335590387879,16,0.050111544292677224,0.027329606988554925,0.0978048167262721,0.07420039723182065,0.08821016040011269,0.06138075242978311,4.8284733298304484e-05,7,43,0.0697830437942467,0.05341297094524093,True,True,False,1.872365326313846e-08,COMPLETE
