number,value,datetime_start,datetime_complete,duration,params_alpha-eval,params_alpha-train,params_batch-size,params_eps-eval,params_eps-train,params_lambda-actions-eval,params_lambda-actions-train,params_lambda-frames-eval,params_lambda-frames-train,params_learning-rate,params_n-epochs,params_n-frames,params_radius-gw,params_rho,params_std-feats,params_ub-actions,params_ub-frames,params_weight-decay,state
1129,0.3581108868122101,2025-04-10 22:33:23.926311,2025-04-10 22:33:30.809659,0 days 00:00:06.883348,0.31593268350106724,0.12047177998510832,16,0.04959375922939265,0.010066786525364912,0.08640622273076591,0.08584716364825248,0.09339345481994768,0.03373542282162777,5.6868469663314226e-05,7,49,0.05820357758270858,0.033961362573157045,True,True,False,2.9709925885436612e-08,COMPLETE
1130,0.4034171462059021,2025-04-10 22:33:31.173963,2025-04-10 22:33:37.875545,0 days 00:00:06.701582,0.22730632053243305,0.15856992046862922,16,0.02659288993176082,0.01677841366863815,0.09152296094505472,0.07556291905140863,0.04364292646754248,0.01576145767709977,0.00010532715082894783,5,36,0.06164459992818927,0.04706773497768833,True,True,False,2.9729262948199225e-05,COMPLETE
1131,0.4213220775127411,2025-04-10 22:33:38.242770,2025-04-10 22:33:45.307377,0 days 00:00:07.064607,0.2749021861641086,0.10119756138474773,16,0.042775877018627555,0.027099106494404102,0.08231121125902803,0.08113432706453455,0.03919755727297913,0.021287640355200404,7.79009333755031e-05,9,39,0.06605146258498705,0.06336334485666958,True,True,False,5.926976064166734e-08,COMPLETE
1132,0.39488140344619754,2025-04-10 22:33:45.671823,2025-04-10 22:33:52.566529,0 days 00:00:06.894706,0.2964965146204058,0.0713938387572979,16,0.059479697579485215,0.03650041622738925,0.06681501228302558,0.03676620099146824,0.030977539765102945,0.023729515351700235,4.8896251755087054e-05,8,45,0.05966659116586712,0.05274037379610945,True,True,False,9.256967756726207e-08,COMPLETE
1133,0.4295958101749421,2025-04-10 22:33:52.931242,2025-04-10 22:33:59.675436,0 days 00:00:06.744194,0.2506397003816458,0.12337338673862773,16,0.05026564458606796,0.0049836944549028345,0.0886766836391514,0.07277468578080387,0.047354263211953254,0.027091161310436554,0.00010073125108946517,6,42,0.06419055931580017,0.0724837404074383,True,True,False,1.6901515995187633e-07,COMPLETE
1134,0.4073070287704468,2025-04-10 22:34:00.040366,2025-04-10 22:34:06.706754,0 days 00:00:06.666388,0.20225692419545843,0.09105714406233893,16,0.03346672077166822,0.012687430282970343,0.08591140050673621,0.0774245389795246,0.04202369745903691,0.01873921906252035,6.883315518588715e-05,5,47,0.05726661247958738,0.14843024228918625,True,True,False,7.428205246281385e-08,COMPLETE
1135,0.2833700358867645,2025-04-10 22:34:07.075555,2025-04-10 22:34:13.753488,0 days 00:00:06.677933,0.27121798819442394,0.040220630200220424,16,0.04365401249714973,0.019995195893884717,0.0902456555286337,0.07070864016401814,0.03642416307845343,0.02539449026084392,0.00013835404222301432,6,49,0.062319509136929574,0.05870260664636492,True,True,False,4.6267577790819455e-08,COMPLETE
1136,0.43319950699806214,2025-04-10 22:34:14.120806,2025-04-10 22:34:20.908583,0 days 00:00:06.787777,0.23560335376537117,0.13584530504541054,16,0.055931042186996884,0.009933208908345221,0.08096729997014915,0.07938074261144085,0.040196293596117386,0.030766635957849946,8.676552719820042e-05,7,40,0.06698103122737252,0.044893648232271884,True,True,False,1.438969310185179e-07,COMPLETE
1137,0.36817617416381837,2025-04-10 22:34:21.277161,2025-04-10 22:34:28.121316,0 days 00:00:06.844155,0.22569700859461667,0.14129970604619693,16,0.05201153987572862,0.005642473800480226,0.07651018948077433,0.0832972168989622,0.0395962997935586,0.03161768677625509,5.8166986567741975e-05,8,34,0.06919384713661249,0.03617948949888198,True,True,False,1.411046424867543e-07,COMPLETE
1138,0.2832042098045349,2025-04-10 22:34:28.493583,2025-04-10 22:34:35.296973,0 days 00:00:06.803390,0.17124400177067403,0.15331235071671973,16,0.040153057550826966,0.00345419156238903,0.07777634164916931,0.08172596948714932,0.040675593358863775,0.033849810728161,8.285816612043404e-05,8,28,0.06709550541037371,0.02775950661235135,True,True,False,2.0112652623466328e-07,COMPLETE
1139,0.39526209831237796,2025-04-10 22:34:35.666431,2025-04-10 22:34:42.925806,0 days 00:00:07.259375,0.20755199247118666,0.13139003228071439,16,0.0462030470276416,0.010559530759869911,0.0813394257044842,0.08445994745483437,0.03898681569865341,0.030985226013972446,9.316811935908253e-05,8,131,0.05318619363412195,0.042286532785208976,True,True,False,1.5878152766481798e-07,COMPLETE
1140,0.15735133290290831,2025-04-10 22:34:43.298311,2025-04-10 22:34:49.915970,0 days 00:00:06.617659,0.23814819900176926,0.10635331609927759,16,0.15778307869683064,0.009976811678014001,0.07851986601745987,0.08027283845564782,0.0977271557794626,0.02936690155491671,6.871764646199326e-05,7,32,0.010055630603561828,0.03351217053988275,True,True,False,1.2522060809746648e-07,COMPLETE
1141,0.3116314589977265,2025-04-10 22:34:50.289473,2025-04-10 22:34:57.121213,0 days 00:00:06.831740,0.18869484620428395,0.12441829725242569,16,0.05468919609457431,0.006946554891635948,0.0808664435706912,0.07891591468326419,0.04156706494693684,0.032234488422331294,0.00011016344055538725,7,36,0.05996173237483687,0.03978237714294544,True,True,False,2.0401344047962399e-07,COMPLETE
1142,0.42094081044197085,2025-04-10 22:34:57.490456,2025-04-10 22:35:04.318159,0 days 00:00:06.827703,0.2174331012945885,0.14339364234683433,16,0.03750312793569309,0.014294614121100084,0.07461131333425342,0.06744924884100634,0.037320140377107076,0.03019288202877518,4.1162321977791613e-05,7,38,0.056169774481540556,0.045289918989668006,True,True,False,1.1226828087537719e-07,COMPLETE
1143,0.41774601936340333,2025-04-10 22:35:04.689351,2025-04-10 22:35:11.832069,0 days 00:00:07.142718,0.23181812659925646,0.11294929268832624,16,0.04771367825931719,0.004534110310088719,0.08098299524583083,0.08226502669875776,0.06572631218136354,0.034603210733113655,7.875983653086665e-05,7,40,0.06468667197443967,0.03421143501049295,True,False,False,1.5056512240250404e-07,COMPLETE
1144,0.22915151715278625,2025-04-10 22:35:12.204079,2025-04-10 22:35:19.058105,0 days 00:00:06.854026,0.24772296008771838,0.16253456575833594,16,0.013658162614819953,0.01579942462302765,0.08054422120097181,0.07469944402699082,0.04361007437766865,0.028612944084593965,3.175214508848083e-05,8,38,0.0628883717811279,0.24715559303699547,False,True,True,1.065006673361354e-07,COMPLETE
1145,0.0915526956319809,2025-04-10 22:35:19.436364,2025-04-10 22:35:29.763888,0 days 00:00:10.327524,0.20130985613942584,0.08135312447688064,2,0.05529909276661428,0.0012514261021392848,0.07765925658871854,0.0422377815035349,0.03979865534248803,0.03285943665102804,5.181716188735977e-05,7,41,0.05822655202106349,0.04377837848263285,True,True,False,2.3070084775689228e-07,COMPLETE
1146,0.3396390974521637,2025-04-10 22:35:30.139062,2025-04-10 22:35:37.017729,0 days 00:00:06.878667,0.25450032949035883,0.1000723886274428,16,0.027377247877200542,0.010138653891578843,0.07912085916309285,0.06988710707831973,0.04537120454182099,0.029849668513828614,9.024375583833305e-05,7,69,0.061078608813758525,0.03746461884875807,True,True,False,1.5389734246484256e-07,COMPLETE
1147,0.4297246754169465,2025-04-10 22:35:37.393904,2025-04-10 22:35:44.034394,0 days 00:00:06.640490,0.22220953034933627,0.12196083164823746,16,0.033430963751513866,0.02150122856009829,0.08282218263696901,0.08757012931884935,0.04134637924267667,0.027064050021617173,6.267181848293058e-05,5,44,0.06665511639364642,0.04656251462969492,True,True,False,9.29927795394329e-08,COMPLETE
1148,0.20053502321243288,2025-04-10 22:35:44.396242,2025-04-10 22:35:51.229738,0 days 00:00:06.833496,0.23769014822949058,0.06691012364689208,16,0.04291982212704534,0.0005948439107524087,0.07043565776851854,0.07667618575589419,0.036196307272930155,0.03542307819426558,0.014395753955795966,7,53,0.04755635927848942,0.026461819874810093,True,True,False,1.8409738564616637e-07,COMPLETE
1149,0.36364346742630005,2025-04-10 22:35:51.601769,2025-04-10 22:35:58.552408,0 days 00:00:06.950639,0.18711492198470242,0.09395616078742536,16,0.05138691154048127,0.11706961108476802,0.0793741009594509,0.07235562465824698,0.03843118346408324,0.028332600620687327,0.00013419611593311974,9,35,0.0970536363528417,0.04056877583200556,True,True,False,1.2400227001079967e-07,COMPLETE
1150,0.3387481272220612,2025-04-10 22:35:58.922757,2025-04-10 22:36:05.957631,0 days 00:00:07.034874,0.26182606809837017,0.14975057285018553,8,0.058297656485609826,0.015697282978802206,0.08366533463957702,0.07930804672085931,0.09984545580632272,0.03132764731704987,0.00011396002304911009,6,40,0.07039482583098476,0.05083627399001356,True,True,False,1.441845171252822e-07,COMPLETE
1151,0.35389878749847414,2025-04-10 22:36:06.324655,2025-04-10 22:36:13.228549,0 days 00:00:06.903894,0.2109145154826243,0.13366543394839855,16,0.045172976540838065,0.027645072481280803,0.05119617457888255,0.07471552875318724,0.04323054046052412,0.027112469082647105,7.522486765924058e-05,8,44,0.06199832320575763,0.04631704046805902,True,True,False,9.249327225683071e-08,COMPLETE
1152,0.3811331510543824,2025-04-10 22:36:13.601419,2025-04-10 22:36:20.346224,0 days 00:00:06.744805,0.23638817287551772,0.05910857026196485,16,0.02049757125730047,0.24907730358007862,0.08226603437097976,0.07742619217052663,0.04990894297934493,0.0368756661412725,0.00016117608417000372,6,42,0.05090994448225747,0.03231063634441565,True,True,False,1.8376360942664387e-07,COMPLETE
1153,0.12395457029342652,2025-04-10 22:36:20.717727,2025-04-10 22:36:28.956437,0 days 00:00:08.238710,0.2603649919755513,0.1061118506857208,16,0.03667985084586068,0.008546398576090887,0.08434060122898666,0.08097205899111765,0.034121428870031674,0.03371209657342455,0.0059927909006680475,22,58,0.05496808716466137,0.03933751384920583,True,True,False,7.748557241170172e-08,COMPLETE
1154,0.16365483701229094,2025-04-10 22:36:29.326763,2025-04-10 22:36:35.865986,0 days 00:00:06.539223,0.16503526239853225,0.07975027967976395,16,0.04973363960179957,0.02164795854948011,0.08168796432928754,0.07162777650101729,0.040841473219428756,0.02449694799608901,9.957014302525807e-05,5,47,0.016288787600584442,0.0516347415653307,True,True,False,2.3768690563337341e-07,COMPLETE
1155,0.41951669454574586,2025-04-10 22:36:36.237202,2025-04-10 22:36:42.829210,0 days 00:00:06.592008,0.270674073645279,0.038953541409119705,16,0.03972678795232024,0.012867682311915167,0.0845837105052739,0.07317206474132389,0.03763332810259459,0.029615802527773464,6.410027862641075e-05,5,38,0.05963271427914148,0.045382272794488705,True,True,False,1.1254030152308418e-07,COMPLETE
1156,0.3660366535186768,2025-04-10 22:36:43.201860,2025-04-10 22:36:49.940795,0 days 00:00:06.738935,0.22598984457231278,0.11176319667703298,16,0.058217639008322775,0.01875343830135793,0.08007629372213404,0.07591680853306537,0.04432148118558107,0.02231547670221177,8.580039663398318e-05,6,51,0.06475426414732609,0.05369296122070514,True,True,False,1.4768070274703667e-07,COMPLETE
1157,0.2843422770500183,2025-04-10 22:36:50.313323,2025-04-10 22:36:57.155275,0 days 00:00:06.841952,0.2467366828409865,0.08814685788873286,16,0.044484575694407016,0.009751312959892991,0.08300682372826967,0.06580801067010988,0.04240438153777985,0.026039258605906945,0.0001205356405909797,7,45,0.0682666329560768,0.04126264693915431,True,True,False,9.928017386607486e-08,COMPLETE
1158,0.4277677297592163,2025-04-10 22:36:57.529260,2025-04-10 22:37:04.148710,0 days 00:00:06.619450,0.278885211264258,0.12896934729775306,16,0.028361224755245426,0.09629288373059197,0.08518418934279304,0.06900193230097769,0.03976390966249814,0.03149857186219137,7.740690781258145e-05,5,54,0.057282963123740434,0.021948424992224783,True,True,False,6.611570924067164e-08,COMPLETE
1159,0.36955596804618834,2025-04-10 22:37:04.519788,2025-04-10 22:37:11.285803,0 days 00:00:06.766015,0.9962897754377691,0.06312930825329972,16,0.050682748075815916,0.028267528052896625,0.07743114601044285,0.07825466786931294,0.04579839282839523,0.02837616978906949,5.53975462327047e-05,6,42,0.06350207380131392,0.030920749351358596,True,True,False,5.7044534937696286e-08,COMPLETE
1160,0.2706688523292542,2025-04-10 22:37:11.659668,2025-04-10 22:37:18.295677,0 days 00:00:06.636009,0.17987285218604476,0.09475354657134676,16,0.03682672474430963,0.00037578885516942676,0.08620231697215183,0.07387207210285665,0.03451911266368203,0.02020201280073261,9.684864388248655e-05,5,48,0.060876868369428364,0.048448068831287466,True,False,True,1.2779612482973337e-07,COMPLETE
1161,0.16238187849521638,2025-04-10 22:37:18.669024,2025-04-10 22:37:25.320038,0 days 00:00:06.651014,0.2033640529790259,0.02820933993625615,16,0.030537425646157586,0.016199461446931185,0.082331485592704,0.0827739756800326,0.05898132276134452,0.02376542784136777,6.948165085385969e-05,6,24,0.06607186775716592,0.0576878798009225,False,True,False,1.8601139321439829e-07,COMPLETE
1162,0.29385612010955814,2025-04-10 22:37:25.693522,2025-04-10 22:37:32.524168,0 days 00:00:06.830646,0.28783767488005824,0.1623547943942997,16,0.05955183160291168,0.03415355080364519,0.0798626860993646,0.0851885269990876,0.032169966314320265,0.01657907359145031,4.748920483091803e-05,7,36,0.05933990252050696,0.03713986024839556,True,True,False,8.163056711705113e-08,COMPLETE
1163,0.4247507870197297,2025-04-10 22:37:32.899690,2025-04-10 22:37:39.500240,0 days 00:00:06.600550,0.2212945059928117,0.1149406389315966,16,0.04388386985188138,0.008423285608347302,0.08448826353975054,0.08018885101959551,0.03791018548406464,0.03305657057658201,0.00011946585195205606,5,40,0.06236050176937254,0.06652296795629782,True,True,False,2.422304963628133e-07,COMPLETE
1164,0.42961745858192446,2025-04-10 22:37:39.878672,2025-04-10 22:37:46.574154,0 days 00:00:06.695482,0.24705592562319095,0.07867886070023611,16,0.05171234251471078,0.024140414420204384,0.08707562189242338,0.07635588702518198,0.0426085329388411,0.02183003872977044,9.357507230087094e-05,6,45,0.05405501112917357,0.07612205400925208,True,True,False,1.229396601397194e-07,COMPLETE
1165,0.3625717520713806,2025-04-10 22:37:46.946311,2025-04-10 22:37:53.643990,0 days 00:00:06.697679,0.2687036734947991,0.14065683568621692,16,0.023089624527971038,0.000271486313414962,0.08311110404007074,0.07106862230608238,0.03626695123005938,0.026445342899562064,7.877726689941398e-05,6,31,0.06840519837515203,0.0505507643297339,True,True,False,7.725864502007148e-05,COMPLETE
1166,0.219842267036438,2025-04-10 22:37:54.019388,2025-04-10 22:38:06.642663,0 days 00:00:12.623275,0.23429416139892068,0.05037575867508205,2,0.04114343820144752,0.017791932544452393,0.0852582604759165,0.0792081630564349,0.05663499227862542,0.030570719482141625,5.830294849561465e-05,11,49,0.05745958758562643,0.044400107545228565,True,True,False,3.486638275462627e-08,COMPLETE
1167,0.3977021932601929,2025-04-10 22:38:07.018337,2025-04-10 22:38:13.646904,0 days 00:00:06.628567,0.29169677748580886,0.1020104770254991,16,0.05573318499111944,0.010631540464952415,0.08791251286478476,0.07427364351751545,0.04036003210706603,0.03631660437193616,0.00014286747630676684,5,56,0.06453053345523756,0.061317819580816446,True,True,False,1.513668369409944e-07,COMPLETE
1168,0.4004983246326447,2025-04-10 22:38:14.024276,2025-04-10 22:38:20.870578,0 days 00:00:06.846302,0.2581788559691153,0.06731695883388392,16,0.0338367730990242,0.03885597492986779,0.08172888525755671,0.06871788465836712,0.029173362374936136,0.01792211082704595,0.00010507356020230599,7,44,0.061239472616667984,0.2574922543117695,True,True,False,4.6119644610436665e-08,COMPLETE
1169,0.42689932584762574,2025-04-10 22:38:21.247751,2025-04-10 22:38:27.922095,0 days 00:00:06.674344,0.20187340556569588,0.12069010569480126,16,0.04525232905682125,0.023330753051330776,0.08730997236019246,0.07704851066990415,0.04372274472434538,0.03924688719565187,7.263643132731268e-05,6,40,0.07026465306729635,0.054837572437586544,True,True,False,9.335009619329765e-08,COMPLETE
1170,0.32364768981933595,2025-04-10 22:38:28.296557,2025-04-10 22:38:35.193154,0 days 00:00:06.896597,0.21890926857777815,0.0851639369726622,16,0.049310157552023726,0.0062080282322389425,0.07565679594356897,0.07243211748277846,0.046450337411568184,0.028094536873127775,8.644227816355454e-05,8,51,0.058449511943405336,0.06998926830235926,True,True,False,6.21468650110448e-08,COMPLETE
1171,0.2879415214061737,2025-04-10 22:38:35.572280,2025-04-10 22:38:42.157783,0 days 00:00:06.585503,0.2468526766632573,0.04058558463068322,16,0.05942224856472587,0.06487611613465227,0.07977037343311837,0.07483234660591655,0.039501705462776426,0.02463128483341904,0.00011763590328983182,5,46,0.06642934397303325,0.040083162787628766,True,True,False,1.8479592636447153e-07,COMPLETE
1172,0.26473031640052797,2025-04-10 22:38:42.535330,2025-04-10 22:38:51.376933,0 days 00:00:08.841603,0.289268733102137,0.14028874961963497,8,0.03846405365245541,0.014390856414975811,0.0843509467477113,0.07840273017619007,0.032454926688048356,0.020367880727464864,0.00019439869663841075,18,42,0.055646044406051726,0.0493990234790918,True,True,False,7.813990834757603e-08,COMPLETE
1173,0.35931605696678165,2025-04-10 22:38:51.756417,2025-04-10 22:38:58.528862,0 days 00:00:06.772445,0.26863818367682546,0.06446245237991095,16,0.051932740767880646,0.029080700741863273,0.08601374904779975,0.06389131598881473,0.041430390657332734,0.014344490084644022,6.735958958330042e-05,6,48,0.06389060345222193,0.02900326744823923,True,True,False,1.086531998408867e-07,COMPLETE
1174,0.41611487865448,2025-04-10 22:38:58.909337,2025-04-10 22:39:05.580744,0 days 00:00:06.671407,0.15026026999430625,0.10091954996871604,16,0.03249066879170847,0.0204331500978137,0.0822854546929439,0.0703356111914732,0.04779130656875371,0.03460350337127155,4.628042777069948e-05,5,38,0.060552234627391274,0.06326213714376035,True,True,False,3.655059379020977e-08,COMPLETE
1175,0.42797358036041266,2025-04-10 22:39:05.961580,2025-04-10 22:39:12.833018,0 days 00:00:06.871438,0.18711452458942623,0.12355658628644088,16,0.04487146283316308,0.005750812767323666,0.08893508562954766,0.08081442415381039,0.03019658612958689,0.022907538888697596,9.583437173179006e-05,7,43,0.06289244438750347,0.05680359472094732,True,True,False,4.889125783114901e-08,COMPLETE
1176,0.11059833616018296,2025-04-10 22:39:13.216118,2025-04-10 22:39:19.874870,0 days 00:00:06.658752,0.30564398230504003,0.0823297460707014,16,0.19895749829720305,0.012906086711403248,0.08393633553556122,0.06054750487160351,0.038314400349221345,0.032170155539201786,8.16273074738925e-05,5,60,0.06756367361377658,0.044367202152376634,True,True,False,1.3897995461384362e-07,COMPLETE
1177,0.37479109168052677,2025-04-10 22:39:20.256151,2025-04-10 22:39:27.013173,0 days 00:00:06.757022,0.23305688614725206,0.05505026205538419,16,0.06111389862397164,0.023778207088905726,0.07801936244850563,0.0759340029326804,0.03500906656608791,0.02563656271647316,0.000157587695635816,6,46,0.05880251712791407,0.08138470149164859,True,True,False,3.1341883940409447e-07,COMPLETE
1178,0.09234625697135926,2025-04-10 22:39:27.396134,2025-04-10 22:39:34.087370,0 days 00:00:06.691236,0.2588910805413202,0.028450670879491557,16,0.023189483056333008,0.03323514389791686,0.08701138032871267,0.07329784251758635,0.045470112814181285,0.029077393132707702,5.5469878083543336e-05,7,33,0.06505986361406543,0.03620559577569483,True,True,True,2.993583457816937e-08,COMPLETE
1179,0.22420920729637148,2025-04-10 22:39:34.469313,2025-04-10 22:39:42.235976,0 days 00:00:07.766663,0.2115409846343304,0.6877783437970817,16,0.05433695110967588,0.017463828663168878,0.0854641075465594,0.07765581455765135,0.04269531666909267,0.019483846532334433,0.00010501770834189659,14,51,0.061428023655190095,0.05060788942998447,False,False,False,2.207251857563049e-07,COMPLETE
1180,0.4124974608421326,2025-04-10 22:39:42.627828,2025-04-10 22:39:49.349953,0 days 00:00:06.722125,0.28013420435072595,0.10079272002816578,16,0.040751111808019026,0.005594087421832954,0.08033881948677991,0.08227686290814012,0.035911844606876034,0.030462416172303396,6.43290856647061e-05,6,41,0.05634542869968657,0.07169803630079102,True,True,False,5.843635913452332e-08,COMPLETE
1181,0.3776584923267365,2025-04-10 22:39:49.735019,2025-04-10 22:39:56.433081,0 days 00:00:06.698062,0.24022946867365677,0.07375661962292447,16,0.049371354579759275,0.012395788907958179,0.08876418993682163,0.07561486605523846,0.0398837449352469,0.02711959079243135,0.00012592468463789588,5,65,0.06327405060118076,0.05980778742739088,True,True,False,1.0039619469801415e-07,COMPLETE
1182,0.40157141089439397,2025-04-10 22:39:56.813153,2025-04-10 22:40:03.499889,0 days 00:00:06.686736,0.3014190118138178,0.40071170660413913,16,0.029472688641356007,0.027553462069435666,0.09085077984109327,0.06789762170866098,0.09484770741912266,0.02173834964950017,8.606773241540801e-05,6,36,0.0599430500378172,0.06497618618438035,True,True,False,1.6276366374747863e-07,COMPLETE
1183,0.4297747015953064,2025-04-10 22:40:03.884062,2025-04-10 22:40:10.518404,0 days 00:00:06.634342,0.27318968848553327,0.11574244635482361,16,0.03639587023832347,0.018464554587434026,0.08317818370518082,0.07139548689039411,0.04430709954126754,0.024400425264489985,7.247597687893233e-05,5,54,0.053405251650036546,0.053001491841290424,True,True,False,7.759351520687855e-08,COMPLETE
1184,0.4186577022075653,2025-04-10 22:40:10.902041,2025-04-10 22:40:17.649421,0 days 00:00:06.747380,0.22201363382783315,0.09269241584389705,16,0.015739160221119007,0.009369253112495892,0.08704720455982634,0.07952360615264777,0.03316502877351341,0.017485627532828348,9.835347641381858e-05,6,44,0.06999667169117749,0.04651506327237458,True,True,False,1.2323513079349112e-07,COMPLETE
