number,value,datetime_start,datetime_complete,duration,params_alpha-eval,params_alpha-train,params_batch-size,params_eps-eval,params_eps-train,params_lambda-actions-eval,params_lambda-actions-train,params_lambda-frames-eval,params_lambda-frames-train,params_learning-rate,params_n-epochs,params_n-frames,params_radius-gw,params_rho,params_std-feats,params_ub-actions,params_ub-frames,params_weight-decay,state
1801,0.2570200264453888,2025-04-10 23:57:28.129097,2025-04-10 23:57:35.196285,0 days 00:00:07.067188,0.3067903569516944,0.12605242319892254,16,0.03297836000067997,0.03686565095969983,0.09461485568707804,0.07152968992686425,0.02662806333249998,0.02373635745061385,0.0009835552460534544,10,30,0.06812942385034321,0.075843385005703,True,True,False,4.68432479619228e-08,COMPLETE
1802,0.39971817731857306,2025-04-10 23:57:35.773938,2025-04-10 23:57:42.612526,0 days 00:00:06.838588,0.5497001053793347,0.9366656206832507,16,0.022370111823471726,0.018542797644827302,0.09273831755079368,0.06528429276584366,0.025778037777911714,0.020454829130186696,4.0402757895860075e-05,6,42,0.07038168777676365,0.08429041440944132,True,True,False,6.167667584514955e-08,COMPLETE
1803,0.24477275013923647,2025-04-10 23:57:43.214764,2025-04-10 23:57:51.166523,0 days 00:00:07.951759,0.315218424579742,0.14466873626607757,16,0.03163449613042414,0.005944350123536545,0.09621708310695908,0.07061983689998573,0.026505416719779715,0.0239720844377885,7.495119894067006e-05,18,39,0.06915706276777413,0.07313438067100408,True,True,False,4.5989224324910305e-08,COMPLETE
1804,0.39273269772529606,2025-04-10 23:57:51.744465,2025-04-10 23:57:58.426603,0 days 00:00:06.682138,0.3012353797751867,0.11671778848175902,16,0.018402773985694343,0.011071312976776718,0.09284459227108248,0.0686511067223207,0.033533336755680015,0.022892441486286285,0.00010683026094454506,5,61,0.06848233555496044,0.0776746022191441,True,True,True,6.619206370883496e-08,COMPLETE
1805,0.18278363943099976,2025-04-10 23:57:59.029286,2025-04-10 23:58:06.066036,0 days 00:00:07.036750,0.33737527291192054,0.1029685556988933,16,0.025614935871614487,0.025719964637540747,0.0944605005614942,0.07079762790051607,0.029076469706280923,0.01968871629716447,6.522064356912729e-05,7,46,0.06788771088417965,0.0367141082815734,False,False,False,7.767428572393672e-08,COMPLETE
1806,0.28594474792480473,2025-04-10 23:58:06.647308,2025-04-10 23:58:13.380145,0 days 00:00:06.732837,0.31688724514684563,0.13304674364317662,16,0.03391883349717421,0.0419459211749172,0.09832054046638801,0.07212223798576199,0.0218551166671865,0.02514324845850001,8.67192651239386e-05,6,52,0.06757059621530624,0.0686121472049175,True,True,False,4.751076466957246e-08,COMPLETE
1807,0.4256487309932709,2025-04-10 23:58:13.983274,2025-04-10 23:58:20.611576,0 days 00:00:06.628302,0.20288283793517792,0.18178563388314278,16,0.03528699057249672,0.019719645300097906,0.09606869787570581,0.07173893584054332,0.024640469985502567,0.02184722375425024,0.00010339622505415235,5,43,0.06959858453760988,0.09097427648084735,True,True,False,6.190972433107342e-08,COMPLETE
1808,0.38385385274887085,2025-04-10 23:58:21.217193,2025-04-10 23:58:31.111218,0 days 00:00:09.894025,0.17058021587611427,0.16354159648705605,2,0.028746055244266436,0.1821928605470034,0.09245263565592968,0.0687345521745869,0.02802540175773822,0.02118220996681173,4.935766559032366e-05,6,56,0.05559084743420409,0.06959471916162611,True,True,False,9.492660743685991e-08,COMPLETE
1809,0.29180140495300294,2025-04-10 23:58:31.698948,2025-04-10 23:58:38.466231,0 days 00:00:06.767283,0.2944085473157663,0.09717940334914764,16,0.03653613627132658,0.015029493224880158,0.09378634036267748,0.07323989211390469,0.026008220373864112,0.01850737612968169,0.00012905661341749234,5,110,0.06694695596225717,0.023119632197978083,True,True,False,7.708894308379017e-08,COMPLETE
1810,0.29026411175727845,2025-04-10 23:58:39.073777,2025-04-10 23:58:47.002403,0 days 00:00:07.928626,0.3368592679085092,0.12176166550671731,16,0.014504542019814777,0.03377919523608899,0.09800020844479848,0.06479489609866797,0.02099347062633194,0.025448812115832917,7.921695631512503e-05,19,39,0.06666445891421682,0.0818504809482409,True,True,False,4.1242168354110707e-08,COMPLETE
1811,0.10707147419452667,2025-04-10 23:58:47.586575,2025-04-10 23:58:54.754366,0 days 00:00:07.167791,0.2164368671740538,0.0930956139603937,8,0.2132145404970949,0.0053800172486916185,0.09178680678851608,0.06995844303278041,0.028160965082438233,0.023803040348030095,5.8404149285175617e-05,7,47,0.05671983005117649,0.0403555732554543,True,True,False,5.132698068652839e-08,COMPLETE
1812,0.17761042416095735,2025-04-10 23:58:55.358259,2025-04-10 23:59:02.300083,0 days 00:00:06.941824,0.28323634258558794,0.11394309015378909,16,0.1325523313733945,0.01548890170937777,0.09599292910850245,0.06744048091928846,0.02645162354587377,0.019894834217637093,3.529515477310406e-05,8,43,0.05326116541067389,0.07241634632378308,True,True,False,1.0594919331596986e-07,COMPLETE
1813,0.18134084343910217,2025-04-10 23:59:02.888276,2025-04-10 23:59:09.548139,0 days 00:00:06.659863,0.7929794400660937,0.145626946076895,16,0.02990846739963252,0.029691330030801284,0.0611344144156397,0.07243491293234654,0.02402529898511689,0.01758378322168685,7.009917410631812e-05,6,49,0.06989654815429694,0.029588690011408236,True,True,False,7.037161797287764e-08,COMPLETE
1814,0.3971584856510163,2025-04-10 23:59:10.159178,2025-04-10 23:59:16.815626,0 days 00:00:06.656448,0.2352953613832176,0.07903894308136059,16,0.025414875889409407,0.009681206284476176,0.09121528629556178,0.069861685752618,0.01839119327137012,0.02287565841419511,9.056295561787772e-05,5,36,0.06591652611920414,0.04805436086068799,True,True,False,5.760688940888437e-08,COMPLETE
1815,0.1824727922677994,2025-04-10 23:59:17.405672,2025-04-10 23:59:24.205043,0 days 00:00:06.799371,0.3069418681685883,0.093372580515151,16,0.03791758215041881,0.00014639106250474362,0.0501550107448456,0.07302932093839769,0.02751108597628423,0.02488520182570563,0.00011376470442277675,7,45,0.05798968604317922,0.03430507000197709,True,True,False,8.86006360991586e-08,COMPLETE
1816,0.3710213124752045,2025-04-10 23:59:24.814902,2025-04-10 23:59:31.560840,0 days 00:00:06.745938,0.15411492417139241,0.057826543318088834,16,0.03485174478495763,0.023157816722125225,0.09399258549523663,0.06103748443367148,0.02733595318471338,0.021014974898761068,5.036890771716114e-05,6,40,0.06806038572574685,0.04211753896848189,True,True,False,1.3349888084866736e-07,COMPLETE
1817,0.41720598340034487,2025-04-10 23:59:32.148020,2025-04-10 23:59:38.804313,0 days 00:00:06.656293,0.21544560426205872,0.11192968945846854,16,0.02064088484832427,0.017606924886055485,0.09163491694882943,0.07150786942468235,0.029687007747874174,0.02652918888027056,9.329612430206426e-05,5,50,0.06003892622945039,0.10146902149478948,True,True,False,3.984491158873149e-08,COMPLETE
1818,0.20933657288551333,2025-04-10 23:59:39.387352,2025-04-10 23:59:46.147708,0 days 00:00:06.760356,0.18662931297143734,0.1291573896223082,16,0.0311180006292206,0.010204320070701699,0.0951757383439557,0.07390466919510329,0.02931086503699117,0.01837100508833136,6.341729694988076e-05,6,43,0.06541814812887856,0.0015734841991012494,True,True,False,1.7588424268842367e-07,COMPLETE
1819,0.42835226058959963,2025-04-10 23:59:46.758315,2025-04-10 23:59:53.417016,0 days 00:00:06.658701,0.2757635832222314,0.08129820787062471,16,0.03841504821490449,0.02643195416869337,0.09782531625083046,0.06648003104943341,0.028801068759303168,0.022298221607337708,7.68249080053224e-05,5,46,0.06206943566952328,0.07097789754317753,True,True,False,1.027891116304024e-07,COMPLETE
1820,0.2965144753456116,2025-04-10 23:59:54.028542,2025-04-11 00:00:00.974074,0 days 00:00:06.945532,0.2495631554741195,0.1558786308014713,16,0.040962521510519226,0.005615906070709029,0.09307901844580593,0.07433530254843794,0.024821685163164985,0.01612723022253706,0.00013165611741474775,7,41,0.05459765787813202,0.052084119114377936,True,True,False,5.419416297735012e-08,COMPLETE
1821,0.2992321729660034,2025-04-11 00:00:01.565823,2025-04-11 00:00:08.726348,0 days 00:00:07.160525,0.31246021562564147,0.05132379566391426,16,0.027749070388728717,0.02134210471014108,0.09053179001282918,0.06858748631525834,0.031113933980362413,0.01973535724714589,9.76983504115641e-05,11,34,0.06931171675353928,0.06167757266737459,True,True,False,6.992445653404648e-08,COMPLETE
1822,0.40729597806930545,2025-04-11 00:00:09.339392,2025-04-11 00:00:16.162422,0 days 00:00:06.823030,0.28844937565515516,0.10317543239179217,16,0.03642526031503168,0.03326578465137628,0.0960951355952644,0.07114511315197188,0.025235617022119492,0.0253857227987649,8.245097326127135e-05,6,53,0.05740838120109501,0.043079221417867235,True,True,False,4.065477002044971e-08,COMPLETE
1823,0.16807556748390198,2025-04-11 00:00:16.777936,2025-04-11 00:00:23.405867,0 days 00:00:06.627931,0.22880856654100126,0.07302669618442964,16,0.042256439158514666,0.15001720128678564,0.09972278367655095,0.07548169149533213,0.031255611291984994,0.023158612219972154,6.528080432564232e-05,5,38,0.06436931774688838,0.04783981779133871,True,False,True,1.229818670817853e-07,COMPLETE
1824,0.09208654314279557,2025-04-11 00:00:23.990164,2025-04-11 00:00:30.638802,0 days 00:00:06.648638,0.6814654515997982,0.030353934406096954,16,0.034114753538287496,0.014588293040311074,0.09320764900475421,0.0038840191798625856,0.022681113057786566,0.02658994649342557,0.00011226394471229156,7,44,0.06688375802215812,0.055978064849201196,False,True,False,8.55677307996022e-08,COMPLETE
1825,0.4143632411956787,2025-04-11 00:00:31.247658,2025-04-11 00:00:38.236270,0 days 00:00:06.988612,0.2631302246211357,0.12014985511781255,16,0.01787833578110174,0.010033503691089456,0.09022593953406453,0.0573866213775208,0.028417715440552594,0.021502127307802984,4.331552582077761e-05,8,58,0.060656957446167344,0.07613354782928315,True,True,False,1.4733822858655835e-07,COMPLETE
1826,0.1041102021932602,2025-04-11 00:00:38.844825,2025-04-11 00:00:45.921151,0 days 00:00:07.076326,0.3453914093861356,0.1000152177129752,16,0.0256366430957295,0.02761760050329745,0.07981579409068004,0.06363951642818133,0.025964822415915,0.01871202720144071,0.0001670377719054078,9,48,0.0627663244736005,0.035123367395630774,True,True,False,4.9465739764870944e-08,COMPLETE
1827,0.3962584376335144,2025-04-11 00:00:46.516338,2025-04-11 00:00:53.171799,0 days 00:00:06.655461,0.29754494717415614,0.48413247819407024,16,0.042218986782081996,0.00022196281056535531,0.04539145332802769,0.07329706752472812,0.032461509066724736,0.01396127378815102,5.5517250570850754e-05,5,42,0.05824772471630207,0.0637872673791588,True,True,False,7.428836857821102e-08,COMPLETE
1828,0.22170245647430423,2025-04-11 00:00:53.801984,2025-04-11 00:01:03.640061,0 days 00:00:09.838077,0.19910364995750218,0.07662839002364563,2,0.036811268410896755,0.01948101479561766,0.0917058958678662,0.08360128517042878,0.030771699724240296,0.016754090707828493,8.005756717748282e-05,6,47,0.06504641875156994,0.04115057002571628,True,True,False,1.8171806754570258e-07,COMPLETE
1829,0.21209474205970766,2025-04-11 00:01:04.232356,2025-04-11 00:01:11.113549,0 days 00:00:06.881193,0.32581266027019296,0.1354549480413631,16,0.00794105003907367,0.04995123803499827,0.09667823833081814,0.06969520181519775,0.02796777614722638,0.02396558833490885,0.00010220260862338911,7,50,0.05970166994575747,0.01945443504169353,True,True,False,1.0429356956034655e-07,COMPLETE
1830,0.42312857508659363,2025-04-11 00:01:11.699907,2025-04-11 00:01:18.414281,0 days 00:00:06.714374,0.2412147908995969,0.05141098808101696,16,0.04447183068158278,0.005681172899097968,0.09419131088086029,0.01784102143091721,0.04023260570763209,0.020253821383009768,6.600952017787537e-05,6,40,0.06678718163287882,0.051007860604191636,True,True,False,6.171347615793818e-08,COMPLETE
1831,0.4171053826808929,2025-04-11 00:01:19.025500,2025-04-11 00:01:25.699556,0 days 00:00:06.674056,0.1799870247635815,0.17321327051336768,16,0.03099283491248894,0.015218591744042418,0.07672938108680467,0.07611976280111139,0.034304772946006375,0.02598639394520351,0.00013134480293915427,5,45,0.06267663720401814,0.05519841347420256,True,True,False,3.751218309396112e-08,COMPLETE
1832,0.09567182958126069,2025-04-11 00:01:26.312803,2025-04-11 00:01:32.939827,0 days 00:00:06.627024,0.26868140005928537,0.09086536342248107,16,0.16661120048143543,0.03719332048488687,0.09020435395883303,0.07163821181144067,0.03029780646674787,0.022601710708917484,8.723598878140303e-05,6,52,0.05560819935192604,0.07045300977058752,True,True,False,8.92444310195048e-08,COMPLETE
1833,0.320339971780777,2025-04-11 00:01:33.534814,2025-04-11 00:01:40.732372,0 days 00:00:07.197558,0.2138373297297978,0.01051890861904134,8,0.03999819228945979,0.02357916959106461,0.08209661927609686,0.07322920686771714,0.010941902431135922,0.01902862835209884,0.0001970719481793961,7,36,0.05171286699073086,0.030688186047271585,True,True,False,1.3527481223759547e-07,COMPLETE
1834,0.42386987805366516,2025-04-11 00:01:41.321238,2025-04-11 00:01:48.030687,0 days 00:00:06.709449,0.29649410456514164,0.0635551446228965,16,0.024276956293886605,0.01147804630554934,0.09855497972836602,0.06805436673924752,0.0451590653390544,0.020932546676189663,7.200682486267556e-05,5,43,0.04819920326953499,0.044888465636254045,True,True,False,5.106147401372615e-08,COMPLETE
1835,0.4215925693511963,2025-04-11 00:01:48.644472,2025-04-11 00:01:55.434034,0 days 00:00:06.789562,0.2505569454402486,0.11184239605535765,16,0.03373856600321704,0.018257794018115975,0.08912855743521075,0.07525666777618144,0.03827189120728043,0.027620662463275332,4.7691461813155115e-05,6,47,0.0640216554748876,0.06148885780468062,True,True,False,1.1351441057518589e-07,COMPLETE
1836,0.2276880204677582,2025-04-11 00:01:56.022597,2025-04-11 00:02:04.267087,0 days 00:00:08.244490,0.22959861345647192,0.14622091733377765,16,0.04662561233516593,0.03032070737091726,0.03587513127523185,0.08080354098357113,0.042142415196100444,0.014953703402419576,0.00010256372820828552,22,39,0.06127970823705737,0.03762025350911362,True,True,False,6.95775088526694e-08,COMPLETE
1837,0.2739204317331314,2025-04-11 00:02:04.880617,2025-04-11 00:02:11.586658,0 days 00:00:06.706041,0.12705520102571388,0.0847676532335152,16,0.04406487913570805,0.009196344668472484,0.09526569088427345,0.077002359107503,0.035340566047864334,0.024522589640384996,5.825210025545257e-05,5,44,0.0693096941610603,0.04954346805595829,True,True,False,1.8230252525508425e-07,COMPLETE
1838,0.41831412315368655,2025-04-11 00:02:12.203094,2025-04-11 00:02:18.961602,0 days 00:00:06.758508,0.2797309479916024,0.03397507464692323,16,0.03919880286330629,0.022199460390582643,0.09258873026873991,0.0707434309589794,0.043726956562177954,0.011040133878543851,8.234185225253588e-05,6,49,0.058855989869922735,0.055568242411872276,True,True,False,4.107802449496724e-08,COMPLETE
1839,0.3115419983863831,2025-04-11 00:02:19.556675,2025-04-11 00:02:26.694781,0 days 00:00:07.138106,0.31772266968291807,0.12256181573767631,16,0.031932505922615914,0.04302928252525494,0.07814630973643269,0.07396731072068509,0.026432037967109696,0.017262526669115614,0.0001382467312907216,8,80,0.06579242089000098,0.06730597644149945,True,True,False,8.743225719803804e-08,COMPLETE
1840,0.34350786805152894,2025-04-11 00:02:27.312438,2025-04-11 00:02:34.157442,0 days 00:00:06.845004,0.20227776377218384,0.06365173481265006,16,0.04526306690140615,0.005854013941147122,0.08334969111790466,0.07920608238360231,0.04802362290822757,0.021368869653190337,0.00011721325685081528,7,41,0.06207166197184121,0.04638173264314967,True,True,False,3.460606497116604e-08,COMPLETE
1841,0.3919854998588562,2025-04-11 00:02:34.755609,2025-04-11 00:02:41.420885,0 days 00:00:06.665276,0.2678763519967983,0.8284883408421748,16,0.02057077069963542,0.015022071010270532,0.07156410468696339,0.06610739993506749,0.04059684959776358,0.01854123708145683,7.076591633096907e-05,5,45,0.06731807066291029,0.05990177620002145,True,True,False,1.5170595004468205e-07,COMPLETE
1842,0.17142013907432557,2025-04-11 00:02:42.036096,2025-04-11 00:02:48.766829,0 days 00:00:06.730733,0.059787108509169906,0.09901047734994724,16,0.03630621062137248,0.026150092040064295,0.0899900386268238,0.07623500555345417,0.03194820406528813,0.027418089614505054,9.197113309662526e-05,6,38,0.06401160361064517,0.03889074679170259,False,False,True,6.009124948929015e-08,COMPLETE
1843,0.35614578127861024,2025-04-11 00:02:49.362131,2025-04-11 00:02:55.956313,0 days 00:00:06.594182,0.2962151513816151,0.07557248619904124,16,0.0487422172146425,0.08118564340451076,0.08063435312972272,0.07248598420892513,0.028754009036326182,0.024248707796422134,5.603946895814135e-05,5,53,0.06024362492104828,0.07849700962975027,True,True,False,1.117097269733404e-07,COMPLETE
1844,0.3776489078998566,2025-04-11 00:02:56.579531,2025-04-11 00:03:03.483893,0 days 00:00:06.904362,0.22156733860841837,0.12812630504019074,16,0.028010702774717473,0.018220627288603575,0.09413639529731502,0.07794136230206089,0.04259961689500402,0.0230767729865343,7.47718358844412e-05,7,33,0.05691271865217479,0.05141145157538403,True,True,False,5.078831193380231e-08,COMPLETE
1845,0.23127982020378113,2025-04-11 00:03:04.079086,2025-04-11 00:03:10.832398,0 days 00:00:06.753312,0.18096157971099558,0.04387249262274484,16,0.039788614928029604,0.03323622109875014,0.09732282291658936,0.07478928376222958,0.046591114308968826,0.01595764304478346,0.00042106644761106404,6,47,0.06948628244684062,0.02790058759981464,True,True,False,6.723797939644807e-08,COMPLETE
1846,0.3981252729892731,2025-04-11 00:03:11.450001,2025-04-11 00:03:18.101179,0 days 00:00:06.651178,0.25064297999235385,0.09557102220015395,16,0.047239160744581704,0.006128125471000499,0.09198555605727887,0.08171282414129351,0.02313980994743533,0.012840210698839952,3.88335246228541e-05,5,42,0.06483377715800716,0.272023546545874,True,True,False,9.042184485906227e-08,COMPLETE
1847,0.3647923767566681,2025-04-11 00:03:18.696345,2025-04-11 00:03:25.586747,0 days 00:00:06.890402,0.34617052940118404,0.10815553082512212,16,0.04245051370763706,0.013263611851101045,0.06573075214869963,0.06975593995945402,0.037085728924551434,0.020012356791862872,2.7093496456004493e-05,6,94,0.05889646052062017,0.04320941066616875,True,True,False,1.1698893044190785e-07,COMPLETE
1848,0.374654757976532,2025-04-11 00:03:26.199824,2025-04-11 00:03:33.045335,0 days 00:00:06.845511,0.2833280422519589,0.061510630484707216,16,0.03310949307056665,0.10609263234422303,0.08870195170502992,0.08457813480948848,0.039939674527018604,0.026333375620348255,0.00010508833445102598,7,56,0.06235997489712016,0.06593369820155827,True,True,False,1.5850539045632962e-07,COMPLETE
1849,0.19446462690830232,2025-04-11 00:03:33.669814,2025-04-11 00:03:43.019605,0 days 00:00:09.349791,0.31497279234510767,0.15338249165651868,2,0.15451794192159946,0.00020269790999506015,0.08497571286768049,0.07260841672561096,0.04966927087100437,0.021789721706394413,9.007749824912498e-05,5,51,0.06765692485070918,0.058745784629022746,True,True,False,4.5089439048949126e-08,COMPLETE
1850,0.38345766067504883,2025-04-11 00:03:43.620112,2025-04-11 00:03:50.457248,0 days 00:00:06.837136,0.2359229566482969,0.1887152140823293,16,0.0485805722585394,0.02842457991317249,0.09530652245224833,0.07961028118009954,0.04489139939950365,0.02819298994673408,6.496854680562959e-05,6,74,0.06061457389928552,0.03349460729067376,True,True,False,7.874196524761956e-08,COMPLETE
1851,0.4307925403118134,2025-04-11 00:03:51.076386,2025-04-11 00:03:57.900709,0 days 00:00:06.824323,0.2666932180434364,0.08336441825765359,16,0.012184601516454629,0.022304862068294403,0.08247603700664063,0.07692078846083084,0.04259080600974421,0.01948059327434719,5.158250479398603e-05,7,45,0.0633893990899889,0.05006291144602474,True,True,False,3.701822306398454e-08,COMPLETE
1852,0.42030318379402165,2025-04-11 00:03:58.503084,2025-04-11 00:04:05.110710,0 days 00:00:06.607626,0.19580048622053547,0.0427919905174011,16,0.02437140413617849,0.010552297159607163,0.07459345900466217,0.07515789227380597,0.029441906121432503,0.09418391591907105,0.00011710097248755114,5,40,0.06552495856822939,0.07192509120185515,True,True,False,2.0551830842256444e-07,COMPLETE
1853,0.239703905582428,2025-04-11 00:04:05.731284,2025-04-11 00:04:12.742327,0 days 00:00:07.011043,0.30313478355326656,0.13071189849268422,16,0.03781160964097592,0.038921698943899075,0.09150283982628442,0.052061598853081155,0.03316107540241217,0.02519894305895482,0.00015964672504506627,8,49,0.05704223641269869,0.09130819975248076,True,True,False,1.098353472353405e-07,COMPLETE
1854,0.31975236535072327,2025-04-11 00:04:13.340696,2025-04-11 00:04:20.063109,0 days 00:00:06.722413,0.14653342877516787,0.10449657643764262,16,0.05119737473271015,0.016750263396134283,0.08680874956632306,0.07894075879855261,0.03881335623340103,0.017048919623790296,8.495949235146001e-05,6,36,0.06135329120964307,0.05549704812005206,True,True,False,5.805372321120043e-08,COMPLETE
1855,0.2759213447570801,2025-04-11 00:04:20.682465,2025-04-11 00:04:27.349147,0 days 00:00:06.666682,0.24683936053211042,0.07703316331341648,16,0.04261402369365597,0.023271562460816488,0.015627602773486654,0.0675342590767439,0.04661311810074732,0.023224029821174316,7.005416050287564e-05,5,43,0.054286703558065315,0.041646841082949956,True,True,False,1.3968766214405314e-07,COMPLETE
1856,0.2309509038925171,2025-04-11 00:04:27.950011,2025-04-11 00:04:35.019940,0 days 00:00:07.069929,0.21526441342603797,0.11504871418512476,8,0.03106471108881509,0.006571428051810817,0.08925693699358359,0.07120439615994927,0.019728044995808873,0.017931890917092193,9.742925142690403e-05,6,47,0.06672842791579671,0.0468540776591945,True,True,False,7.498993241604341e-08,COMPLETE
