number,value,datetime_start,datetime_complete,duration,params_alpha-eval,params_alpha-train,params_batch-size,params_eps-eval,params_eps-train,params_lambda-actions-eval,params_lambda-actions-train,params_lambda-frames-eval,params_lambda-frames-train,params_learning-rate,params_n-epochs,params_n-frames,params_radius-gw,params_rho,params_std-feats,params_ub-actions,params_ub-frames,params_weight-decay,state
1745,0.2126347839832306,2025-04-10 23:50:20.696021,2025-04-10 23:50:27.674772,0 days 00:00:06.978751,0.2008333095632507,0.14193260615538153,8,0.03250764972069058,0.01945651984264056,0.0999895891686897,0.0772251807086862,0.013087699673678038,0.02582056195057868,0.00012160322269972793,5,45,0.06382761212821664,0.023272681431682977,True,True,False,2.172179139488197e-08,COMPLETE
1746,0.3962295651435852,2025-04-10 23:50:28.258739,2025-04-10 23:50:35.092627,0 days 00:00:06.833888,0.26020211253765807,0.7926625478284212,16,0.04262906453683338,0.027372682981326352,0.08061817500147109,0.07148356237542645,0.04565307990760698,0.020029243651195718,8.221145212366486e-05,7,41,0.06085529675320339,0.21296887171465617,True,True,False,3.873703013805357e-08,COMPLETE
1747,0.14459186494350434,2025-04-10 23:50:35.657806,2025-04-10 23:50:42.396156,0 days 00:00:06.738350,0.3144420822894204,0.08885624549313577,16,0.06616872672830001,0.014808981074675308,0.09507730210405035,0.07535478154890261,0.02933877699110515,0.02271323226811494,5.27165534946144e-05,6,50,0.022015388692929322,0.03261899972104363,False,True,True,5.3171503487830135e-08,COMPLETE
1748,0.31756173968315127,2025-04-10 23:50:42.985114,2025-04-10 23:50:49.980388,0 days 00:00:06.995274,0.28173349501139633,0.06857800617077141,16,0.03616981999223154,0.03334081006889435,0.08411047641040821,0.07839615342573074,0.05027547178228886,0.017772980678730482,0.00015623580980593196,6,48,0.06326034353296335,0.057296547785620364,True,False,False,2.785332115552007e-08,COMPLETE
1749,0.3936449527740479,2025-04-10 23:50:50.549425,2025-04-10 23:50:57.166151,0 days 00:00:06.616726,0.21711913349307913,0.10932210442147663,16,0.04888730919927808,0.0055261566607328685,0.08851737519398743,0.08042966646401156,0.043693927761327106,0.027436105109540136,6.854707811029143e-05,5,44,0.05455707223149994,0.0395981036394156,True,True,False,4.119573540133936e-08,COMPLETE
1750,0.11424245089292527,2025-04-10 23:50:57.755826,2025-04-10 23:51:04.504492,0 days 00:00:06.748666,0.24677219715048146,0.16276314506147752,16,0.05960605073474019,0.00010742306756395675,0.0857114666700688,0.07333634760676408,0.0347112906674509,0.020348830940487794,0.00011061485047663054,7,40,0.017755246381625026,0.050342618384481425,True,True,False,6.016332232290463e-08,COMPLETE
1751,0.40362749099731443,2025-04-10 23:51:05.073191,2025-04-10 23:51:11.750101,0 days 00:00:06.676910,0.2893476751527971,0.026347609391221063,16,0.04340550373209679,0.023265231486979194,0.0961544767711541,0.06996231733593074,0.04708117803936259,0.02480864669376974,9.289680918418571e-05,5,46,0.059053692001817225,0.04450229130504082,True,True,False,1.7421561168743837e-08,COMPLETE
1752,0.3072111427783966,2025-04-10 23:51:12.319020,2025-04-10 23:51:21.241703,0 days 00:00:08.922683,0.26418170714455486,0.7274427768345542,16,0.05385231954228403,0.013438692690698563,0.09147714717034999,0.07637178570541824,0.06766801437356337,0.015872195192930882,4.308745083594557e-05,28,54,0.06843309799700734,0.057677401564639484,True,True,False,3.261602025865419e-08,COMPLETE
1753,0.2644948959350586,2025-04-10 23:51:21.820848,2025-04-10 23:51:28.467927,0 days 00:00:06.647079,0.1872934701552877,0.059074268832994464,16,0.032481646587236825,0.009715045942539047,0.08230653536011932,0.07920646441037521,0.044184383994927016,0.020370172393435335,6.131069628610803e-05,6,37,0.03060303072035058,0.1275986931154145,True,True,False,7.224930555140628e-08,COMPLETE
1754,0.3637780129909515,2025-04-10 23:51:29.035055,2025-04-10 23:51:36.204391,0 days 00:00:07.169336,0.14598181594510065,0.09259958955766376,16,0.023505494166437428,0.018984385371222736,0.09351360182978947,0.05543018375390301,0.02772222419061647,0.02242308441256293,7.665874490552193e-05,10,43,0.06585982413454708,0.052439636665751514,True,True,False,5.288919123374528e-08,COMPLETE
1755,0.2246186971664429,2025-04-10 23:51:36.786745,2025-04-10 23:51:43.985788,0 days 00:00:07.199043,0.3149307584294736,0.12594258365229866,16,0.0465489078855741,0.029164030004546888,0.08753002542404949,0.07477912039020959,0.032669025626880885,0.03488707516031713,0.0001229022397418518,7,145,0.04449989672645813,0.036633420083746676,True,True,False,2.2063026961117438e-08,COMPLETE
1756,0.25780705213546756,2025-04-10 23:51:44.576025,2025-04-10 23:51:51.324475,0 days 00:00:06.748450,0.22717535450811813,0.3036747505989101,16,0.039529806878713596,0.022881669977809545,0.08969464175638832,0.08197858005667095,0.024027001710308533,0.026123025901352775,0.00018630288074438476,5,50,0.057258005917684526,0.04649731824081473,True,True,False,6.70149004822324e-08,COMPLETE
1757,0.33544929027557374,2025-04-10 23:51:51.895848,2025-04-10 23:51:58.521653,0 days 00:00:06.625805,0.2866991433785796,0.042959153548715316,16,0.05769213328656679,0.06766287578828759,0.0794795782936277,0.06863798420507046,0.03567831759743674,0.01870443558520256,9.691754319740033e-05,5,46,0.0618349932549011,0.08010127985087648,True,True,False,3.986841833372158e-08,COMPLETE
1758,0.40973337888717654,2025-04-10 23:51:59.088456,2025-04-10 23:52:05.785134,0 days 00:00:06.696678,0.2089294729455785,0.08063562956643135,16,0.028551161044487013,0.041225235168087876,0.02653469316614456,0.07133681433918827,0.04367289852702281,0.014565235496342999,7.648040879695486e-05,6,42,0.0645589770803729,0.06045812014924871,True,True,False,2.701760413904299e-08,COMPLETE
1759,0.31479620933532715,2025-04-10 23:52:06.370504,2025-04-10 23:52:13.346115,0 days 00:00:06.975611,0.24709870710406034,0.10533295844461406,16,0.05031727707882298,0.00956331291369706,0.08405301461050885,0.07742851277002846,0.059609032176750974,0.02758461256541983,2.9742173767434734e-05,8,39,0.05976953917288856,0.04048383993441297,True,True,False,7.498544088987389e-08,COMPLETE
1760,0.38743717074394224,2025-04-10 23:52:13.914685,2025-04-10 23:52:20.643735,0 days 00:00:06.729050,0.26750392396973033,0.061253777108153044,16,0.03947751373602792,0.015839782069809755,0.06939741772449501,0.0920791656828917,0.046917813434855626,0.024248868937152203,5.409663861692364e-05,6,48,0.0627905276226917,0.02815691957073601,True,True,False,4.6246742701492213e-08,COMPLETE
1761,0.09234625697135926,2025-04-10 23:52:21.230869,2025-04-10 23:52:31.568153,0 days 00:00:10.337284,0.3102847141363561,0.14445986742417652,2,0.07510588448271538,0.005951668543952181,0.09765703215666197,0.07298400578950427,0.025877104024419922,0.017882044572103257,0.0013344599047155304,7,52,0.06684266359401835,0.052869076762571736,True,True,False,3.390801008455929e-08,COMPLETE
1762,0.4300891399383545,2025-04-10 23:52:32.138004,2025-04-10 23:52:38.775644,0 days 00:00:06.637640,0.23431354395229098,0.08959689155273073,16,0.0456374918599745,0.027192115700980273,0.08601011535909284,0.06496114532947572,0.04276721346469776,0.02190737370759274,0.00010548895052732589,5,44,0.055469666028054844,0.06299289127038395,True,True,False,5.72245176885025e-08,COMPLETE
1763,0.08808166384696961,2025-04-10 23:52:39.362652,2025-04-10 23:52:46.039371,0 days 00:00:06.676719,0.29262537173743636,0.11723467210079366,16,0.2757726213507901,0.01917318285587271,0.0938637131522472,0.07503286878656767,0.03668047927215477,0.021128777386171426,6.424886663449767e-05,6,33,0.06486391707263331,0.04251551649883778,True,True,False,8.532006939882058e-08,COMPLETE
1764,0.11674482822418213,2025-04-10 23:52:46.605914,2025-04-10 23:52:53.419074,0 days 00:00:06.813160,0.1718850499413484,0.012075217380457304,16,0.0619866553467029,0.034689396270148,0.09104998468589234,0.07886113166825853,0.055895204221091,0.026206681426009033,8.740266306851881e-05,7,41,0.06075934829421886,0.04923874638076786,True,True,False,4.585044531804617e-08,COMPLETE
1765,0.2618520677089691,2025-04-10 23:52:54.006795,2025-04-10 23:53:02.325125,0 days 00:00:08.318330,0.2627603587050752,0.06744890075042036,16,0.03566196639146018,0.01219893757033114,0.08146948919720184,0.07702071788980981,0.02985333759267456,0.012191611687802258,0.0001373119092770197,23,36,0.09532478330583634,0.03245165497227681,True,True,False,1.05244019045072e-06,COMPLETE
1766,0.17556616067886355,2025-04-10 23:53:02.897177,2025-04-10 23:53:09.574780,0 days 00:00:06.677603,0.20081624974498846,0.042816699401717895,16,0.05324641569033858,0.006054598434758351,0.08793431976174779,0.08083892000159773,0.04986421936399196,0.023728943129496492,7.171467245234874e-05,6,46,0.06837750828527098,0.05589409290873663,False,False,True,7.568222830037719e-08,COMPLETE
1767,0.2157661110162735,2025-04-10 23:53:10.167184,2025-04-10 23:53:17.060636,0 days 00:00:06.893452,0.24578134899826398,0.10235395725281243,8,0.06936043897777028,0.00013395585132043066,0.019244034629032555,0.06723837017739609,0.03316369088795507,0.028444691529192958,4.494993410165364e-05,5,58,0.06280798294466361,0.07252645176052498,True,True,False,5.774767062308888e-08,COMPLETE
1768,0.20968070030212405,2025-04-10 23:53:17.627697,2025-04-10 23:53:24.997712,0 days 00:00:07.370015,0.27929432577155766,0.08138241181217516,16,0.11953300064526766,0.02316648662931132,0.09554990538994751,0.07272448960668948,0.0999979655134772,0.03586234389563619,9.693469732866514e-05,12,49,0.057579187972701014,0.0651057854022562,True,True,False,3.2154760373729983e-08,COMPLETE
1769,0.16948302388191222,2025-04-10 23:53:25.587849,2025-04-10 23:53:32.087678,0 days 00:00:06.499829,0.21994311804701977,0.13326021836163074,16,0.04375594506322905,0.016014953890486523,0.07745741905110265,0.07575171671437782,0.04488215346110107,0.0189089711608986,3.61827222458781e-05,5,43,0.01457529585001343,0.04678349405082238,True,True,False,2.4091943273623283e-08,COMPLETE
1770,0.09387857019901276,2025-04-10 23:53:32.682894,2025-04-10 23:53:39.590401,0 days 00:00:06.907507,0.30272812030738716,0.17175985807085598,16,0.23275569411169517,0.029167797147262496,0.08952238380940944,0.07055438818372309,0.047488787653346964,0.015830261055681777,0.00012136223063623535,8,38,0.05963775238639345,0.0579820762091352,True,True,False,4.227850493270472e-08,COMPLETE
1771,0.4173218369483948,2025-04-10 23:53:40.179698,2025-04-10 23:53:46.910097,0 days 00:00:06.730399,0.2521805589393684,0.11230938077303976,16,0.03262632076275824,0.011392845853337183,0.08629032183908043,0.04882856411781947,0.06465846666552767,0.03303713521347201,5.7419417529978663e-05,6,46,0.06597915326348629,0.03695593217815171,True,True,False,6.716292146197544e-08,COMPLETE
1772,0.27621213197708133,2025-04-10 23:53:47.478835,2025-04-10 23:53:54.338169,0 days 00:00:06.859334,0.3253569592220276,0.05977297531749426,16,0.049567812504130775,0.02031005654927455,0.08314141013282288,0.07401080865763336,0.04156528899091179,0.022950310725053318,8.405383715705055e-05,7,52,0.06379780433709346,0.05216184935487347,True,True,False,9.52067787959435e-08,COMPLETE
1773,0.4160928070545197,2025-04-10 23:53:54.932059,2025-04-10 23:54:01.689841,0 days 00:00:06.757782,0.22789915276932554,0.08715823012207402,16,0.017774533815454047,0.006564342951477592,0.09219283190470554,0.06198847921200938,0.03133670886234436,0.02006444255975383,7.054152592300904e-05,6,41,0.06185709437967881,0.04200441606874513,True,True,False,1.4292458250311474e-06,COMPLETE
1774,0.4245262145996094,2025-04-10 23:54:02.285051,2025-04-10 23:54:08.956469,0 days 00:00:06.671418,0.18848642756123657,0.029311404577355156,16,0.0266973380908569,0.025950394366313294,0.08495742011697505,0.07886893470931156,0.03888713580941383,0.01764936187153419,0.00010457316434202323,5,55,0.06504600718921183,0.07682827453386783,True,True,False,5.1898870908750354e-08,COMPLETE
1775,0.30029131770133977,2025-04-10 23:54:09.533035,2025-04-10 23:54:16.433047,0 days 00:00:06.900012,0.2739253270117986,0.15203501089175822,16,0.05668916280113326,0.014819668802177777,0.08056806368210319,0.07658025746369271,0.04549995750798264,0.029400085297178913,0.00015275016662562524,7,44,0.058355225982559246,0.06758305421749995,True,True,False,1.8812334805974204e-08,COMPLETE
1776,0.37437743544578556,2025-04-10 23:54:17.005042,2025-04-10 23:54:23.741738,0 days 00:00:06.736696,0.3043155327884395,0.10250500274878102,16,0.03939142264107234,0.03382944341235375,0.09768210868208725,0.06904978330910906,0.05244454766593859,0.025823801328996417,8.428272128176255e-05,6,48,0.06819595051390448,0.04731933451341973,True,True,False,8.761679692976568e-08,COMPLETE
1777,0.33640084862709047,2025-04-10 23:54:24.334141,2025-04-10 23:54:30.965472,0 days 00:00:06.631331,0.20786474643328973,0.05143311811483134,16,0.04651559808356881,0.01878267873366141,0.0937732326488135,0.08066824467301426,0.027868224340544135,0.020902594730455838,5.86950743690129e-05,5,40,0.06183865249421819,0.06162118589137237,True,True,False,3.259853165405946e-08,COMPLETE
1778,0.4116990387439728,2025-04-10 23:54:31.536240,2025-04-10 23:54:38.291103,0 days 00:00:06.754863,0.2641430160354238,0.13004795349436904,16,0.03767879150816207,0.010406670002050632,0.08798632306651834,0.08315701512111383,0.04164645818448469,0.01381697067244315,0.00011614427964805606,6,46,0.06011264713729135,0.053471281902461025,True,True,False,5.87573117235502e-08,COMPLETE
1779,0.10539485663175584,2025-04-10 23:54:38.883669,2025-04-10 23:54:45.820519,0 days 00:00:06.936850,0.28813265880442107,0.06797623418342803,16,0.18139933021733387,0.04043893707360477,0.09025863419715051,0.07217483689601124,0.03586459492463605,0.024279939008482226,7.221088241545578e-05,9,50,0.06372268614221657,0.0315362536651906,True,True,False,2.4463557520123173e-05,COMPLETE
1780,0.29483646154403687,2025-04-10 23:54:46.394882,2025-04-10 23:54:53.234233,0 days 00:00:06.839351,0.2295510698090307,0.084307429442367,16,0.05297465819987526,0.02308094215533208,0.08363586220787946,0.07492237874332311,0.048932375090322604,0.03091463075503123,5.090259564751113e-05,7,43,0.0665360039884572,0.011885549643744303,True,True,False,4.1161123429859424e-08,COMPLETE
1781,0.4019336581230164,2025-04-10 23:54:53.824655,2025-04-10 23:55:00.436719,0 days 00:00:06.612064,0.3188348010614452,0.01030697138631603,16,0.03127885500626276,0.005889841671218258,0.09568367605674866,0.07766693467242927,0.043424571109217595,0.0217124295889553,9.149905397598606e-05,5,35,0.05584383410164857,0.040500143061391415,True,True,False,2.04180957475646e-06,COMPLETE
1782,0.4250134706497193,2025-04-10 23:55:01.015959,2025-04-10 23:55:07.667601,0 days 00:00:06.651642,0.25341824771613386,0.10946047438591953,16,0.0438700731089645,0.014121697682350408,0.09232074443360401,0.07377815313718002,0.03382666405800767,0.02745630043844535,0.00013525511129262548,5,39,0.06423270580815185,0.08793132616489899,True,True,False,1.0670395810990248e-07,COMPLETE
1783,0.27115566134452823,2025-04-10 23:55:08.260923,2025-04-10 23:55:15.785857,0 days 00:00:07.524934,0.2872989018705884,0.07639980282504452,16,0.06480119375866211,0.030727168550929797,0.08737924817515616,0.0790719161295401,0.07247184099484977,0.01691134056802855,6.464374927595763e-05,14,47,0.061372705282166456,0.05669788126009526,True,True,False,1.553214845076501e-07,COMPLETE
1784,0.09234625697135926,2025-04-10 23:55:16.356669,2025-04-10 23:55:26.254519,0 days 00:00:09.897850,0.20827567962699348,0.041469820108299305,2,0.057906154470943605,0.024968237842388198,0.05593787405611203,0.07089776106521738,0.039300154889116284,0.036799244711452225,0.00010193310685718915,6,42,0.05973495656686264,0.04686545913401659,True,True,True,7.439454246593817e-08,COMPLETE
1785,0.16498415768146515,2025-04-10 23:55:26.845691,2025-04-10 23:55:33.690573,0 days 00:00:06.844882,0.1630824167860753,0.1310999541481695,16,0.0858305721553027,0.11217265446314532,0.08582060024195474,0.07638065351537517,0.04605548822437437,0.034526270160095726,7.898171705441237e-05,8,51,0.050250510634105336,0.06596865617345062,False,True,False,2.6558817452008066e-08,COMPLETE
1786,0.31509016156196595,2025-04-10 23:55:34.287549,2025-04-10 23:55:41.296423,0 days 00:00:07.008874,0.2394339222916764,0.10050634107217707,16,0.02194903809689166,0.017314800803135744,0.08238260644153132,0.08155591612599185,0.042904698703092305,0.019217773523592538,0.00024690021325154016,6,44,0.05756234491923017,0.03856765161785945,True,False,False,4.7915486954826365e-08,COMPLETE
1787,0.3377958297729492,2025-04-10 23:55:41.876248,2025-04-10 23:55:48.537839,0 days 00:00:06.661591,0.26759631554272606,0.07018800074961498,16,0.049862835059098574,0.005549255501605011,0.08932670267961806,0.06698774941779988,0.09815154119345029,0.024569130683418053,4.43328433005614e-05,5,37,0.05414436674883236,0.050966971225999684,True,True,False,8.580902359365264e-08,COMPLETE
1788,0.24887421131134035,2025-04-10 23:55:49.108147,2025-04-10 23:55:55.970559,0 days 00:00:06.862412,0.49280386602043436,0.11659097098499903,16,0.03507027371533425,0.011134698193964052,0.09448483492339023,0.07278210087985346,0.030091887249808737,0.028541568825450513,8.939155774696554e-05,7,48,0.06640642530632165,0.026702078091273018,True,True,False,6.533039303708529e-08,COMPLETE
1789,0.40509945154190063,2025-04-10 23:55:56.568501,2025-04-10 23:56:03.352660,0 days 00:00:06.784159,0.18412517330537298,0.09139209781521312,16,0.04280803290657948,0.0002939457498685634,0.07566590966407435,0.07735128048698353,0.041039270456007644,0.032343189195636286,6.205958332211614e-05,6,41,0.0626379391479377,0.07279086507615208,True,True,False,1.1223163344929191e-07,COMPLETE
1790,0.1723339378833771,2025-04-10 23:56:03.925808,2025-04-10 23:56:14.079961,0 days 00:00:10.154153,0.29936607591994346,0.05295877838154984,8,0.01209156088395535,0.020290073186520152,0.04212098930740924,0.07513202644200544,0.03812119228058062,0.0223499300043454,0.00012109152770133991,25,71,0.08059014739852245,0.05858610160092994,True,True,False,4.809021607873542e-05,COMPLETE
1791,0.41872450709342957,2025-04-10 23:56:14.679977,2025-04-10 23:56:21.346584,0 days 00:00:06.666607,0.2248016344632363,0.1513454190438568,16,0.05216157062259334,0.030296914661927916,0.091070434028434,0.01290370654758112,0.061828407914145345,0.015204071321509903,7.513570710120896e-05,5,45,0.06833990281192681,0.04552793125230496,True,True,False,1.5948226553782516e-07,COMPLETE
1792,0.39448007345199587,2025-04-10 23:56:21.921882,2025-04-10 23:56:28.714880,0 days 00:00:06.792998,0.27846144893989455,0.0917028915140264,16,0.026675664282746987,0.05629360317318166,0.07903864574333476,0.07995732749001071,0.04456924187948905,0.0172814829196688,0.00010701089547428605,7,32,0.06479668146502189,0.03405905741751926,True,True,False,3.687256721916042e-08,COMPLETE
1793,0.423473197221756,2025-04-10 23:56:29.311976,2025-04-10 23:56:36.096896,0 days 00:00:06.784920,0.3235872618135737,0.12080460677589032,16,0.04104772838113989,0.046367528240023576,0.09634735099468289,0.08276355033907548,0.04772092528905465,0.019907708787692515,5.2890665470817764e-05,6,54,0.06085851952980994,0.06398179778527542,True,True,False,1.284879105977869e-07,COMPLETE
1794,0.28604310750961304,2025-04-10 23:56:36.698244,2025-04-10 23:56:43.295424,0 days 00:00:06.597180,0.2447506287511847,0.06856884169980274,16,0.059286688623062106,0.19505403889180561,0.08467357509934267,0.07014611479620261,0.05066170608480097,0.02702722446338937,8.77965570082626e-05,5,39,0.05863748351382592,0.053337063748752765,True,True,False,6.720489516817887e-08,COMPLETE
1795,0.35230739712715153,2025-04-10 23:56:43.876655,2025-04-10 23:56:50.776414,0 days 00:00:06.899759,0.26027685215348245,0.03339456740242978,16,0.04709315943908436,0.03751870800927248,0.08744038334552437,0.07450685722926519,0.03202468547448117,0.029843598979479274,0.00015556091667634668,8,45,0.06349277753597023,0.044359240874522865,True,True,False,2.2119641489435896e-08,COMPLETE
1796,0.4047094762325287,2025-04-10 23:56:51.379134,2025-04-10 23:56:58.151252,0 days 00:00:06.772118,0.19585339065458987,0.13909860840880686,16,0.039884007542320646,0.012964945783441477,0.0813119739532874,0.07837008862663249,0.0362416583851062,0.02539903346437789,6.607417791778958e-05,6,49,0.06594071582423254,0.05965293645611392,True,True,False,8.321566003663813e-08,COMPLETE
1797,0.432328999042511,2025-04-10 23:56:58.735652,2025-04-10 23:57:05.409565,0 days 00:00:06.673913,0.30520019360692197,0.10439733246917077,16,0.033821467407703906,0.023721547041958526,0.09249138026710746,0.07234151574977479,0.02698142162109454,0.022636239161397814,0.00010423202816893596,5,42,0.06891385297724487,0.06872722405477356,True,True,False,4.782277461840135e-08,COMPLETE
1798,0.42028091549873353,2025-04-10 23:57:05.991834,2025-04-10 23:57:12.937522,0 days 00:00:06.945688,0.3362755601710238,0.16510511277297601,16,0.022417213305995793,0.03220399471239477,0.09496475634124632,0.06940020705527589,0.024479721604740715,0.023135712530228333,7.548428193587093e-05,7,37,0.06967603087367477,0.06600685560224363,True,True,False,5.2638495177615815e-08,COMPLETE
1799,0.39217603206634527,2025-04-10 23:57:13.543607,2025-04-10 23:57:20.175740,0 days 00:00:06.632133,0.3218259581472446,0.1410941371932241,16,0.028905348904954144,0.023712892575677196,0.09345769452164054,0.06709933805224098,0.022716257951270122,0.02233783262148432,9.17637788363835e-05,5,35,0.06951125083677212,0.08198392688756748,True,True,False,5.327797108514766e-08,COMPLETE
1800,0.40672214627265935,2025-04-10 23:57:20.758171,2025-04-10 23:57:27.527236,0 days 00:00:06.769065,0.3313642375149586,0.11135560912509845,16,0.029002015272660456,0.02664699265964089,0.09763905745386528,0.06857254368965915,0.023579588184505992,0.021592004452679142,5.630136804336623e-05,6,41,0.06917778041469831,0.07866198022067676,True,True,False,5.8676219828769285e-08,COMPLETE
