number,value,datetime_start,datetime_complete,duration,params_alpha-eval,params_alpha-train,params_batch-size,params_eps-eval,params_eps-train,params_lambda-actions-eval,params_lambda-actions-train,params_lambda-frames-eval,params_lambda-frames-train,params_learning-rate,params_n-epochs,params_n-frames,params_radius-gw,params_rho,params_std-feats,params_ub-actions,params_ub-frames,params_weight-decay,state
1073,0.3874649584293366,2025-04-10 22:26:28.586899,2025-04-10 22:26:35.336882,0 days 00:00:06.749983,0.25746482223919714,0.10249201369387695,16,0.03024665333615101,0.009492436889137673,0.08376742180138837,0.07162830474401416,0.04302736679516597,0.013207500942815455,8.464859987289431e-05,6,53,0.06339071668992638,0.042511668041291,True,True,False,6.346686941559763e-08,COMPLETE
1074,0.3190310478210449,2025-04-10 22:26:35.689622,2025-04-10 22:26:42.708500,0 days 00:00:07.018878,0.24121230995965984,0.14670197165910748,16,0.045682198081006695,0.003874343104041315,0.08135641617903408,0.07640564268658363,0.04025506331354615,0.019703625574122592,3.713292311163119e-05,9,51,0.05333860269686144,0.013946713218622495,True,True,False,4.451931280276613e-08,COMPLETE
1075,0.369144868850708,2025-04-10 22:26:43.061406,2025-04-10 22:26:49.849293,0 days 00:00:06.787887,0.27784473454290237,0.08472596261134821,16,0.03672229635404517,0.016844753971594663,0.062152237470634336,0.07855037006874512,0.044841583593565666,0.02163056686988512,5.253041089322475e-05,7,60,0.06079418235635599,0.04173394547823847,True,True,False,8.230140343234977e-08,COMPLETE
1076,0.10918874740600587,2025-04-10 22:26:50.183760,2025-04-10 22:26:58.003203,0 days 00:00:07.819443,0.2076818181617224,0.10946325203690213,16,0.04104368052275358,0.010040356120230721,0.0844225294353893,0.08102446512543614,0.049023054700126,0.02331488494540554,7.475634936285255e-05,17,65,0.0010455175525435553,0.03139096263127956,True,True,False,5.725930247390726e-08,COMPLETE
1077,0.19466799199581147,2025-04-10 22:26:58.355430,2025-04-10 22:27:06.305735,0 days 00:00:07.950305,0.25324095672563635,0.07491541970204275,16,0.0464142611991255,0.0009259242915157159,0.08006522502298245,0.07373813076977669,0.03902144647765415,0.017009071674422095,9.247297164240982e-05,19,55,0.05816367494307745,0.038278842015081506,True,True,False,1.0319648102246823e-07,COMPLETE
1078,0.3982591152191162,2025-04-10 22:27:06.653555,2025-04-10 22:27:13.302703,0 days 00:00:06.649148,0.29552439877264836,0.11949196882574482,16,0.028223014694264068,0.018463996622273198,0.08319322690393482,0.08367890914025308,0.03536333888892557,0.025374647124751317,5.931836005031039e-05,5,49,0.06458255191457239,0.04541282892504561,True,True,False,3.924015286308487e-08,COMPLETE
1079,0.21028599739074708,2025-04-10 22:27:13.651029,2025-04-10 22:27:23.477911,0 days 00:00:09.826882,0.22866799897350792,0.087355406878419,2,0.021228250793729024,0.0005940127056344238,0.08530759879907365,0.07056894640955041,0.043168619928797475,0.02362858830224311,0.00010442431927782862,6,55,0.055761705983414706,0.0362561632458063,True,True,False,7.13559731151532e-08,COMPLETE
1080,0.27759850621223453,2025-04-10 22:27:23.827346,2025-04-10 22:27:30.594140,0 days 00:00:06.766794,0.17241888989012538,0.1413694041156599,16,0.04079586270672417,0.13168007156359846,0.08274073406217601,0.07525295040672111,0.05501446936392052,0.02015222948149414,4.554063598960454e-05,7,50,0.06179624628003786,0.023421411315711543,True,True,False,1.2357132765727137e-07,COMPLETE
1081,0.2094248116016388,2025-04-10 22:27:30.948020,2025-04-10 22:27:37.567161,0 days 00:00:06.619141,0.27273759249818647,0.09817221916715814,16,0.047692630856032155,0.01460936476266624,0.07666282787000678,0.0780878621240363,0.04098799448800716,0.021600472270612354,0.0007062880239630727,5,47,0.037231014122802226,0.048290115759355816,True,True,False,4.6552917044136965e-08,COMPLETE
1082,0.09669404923915863,2025-04-10 22:27:37.915669,2025-04-10 22:27:44.536624,0 days 00:00:06.620955,0.25367432505427634,0.07202437220447531,16,0.2297761937597772,0.020179318002785586,0.08484005933976532,0.07281301753757749,0.045511212281265354,0.03867102952635889,6.68867509554616e-05,6,48,0.05986897905751104,0.04340434898177292,True,True,False,8.668322420989271e-08,COMPLETE
1083,0.2582045018672943,2025-04-10 22:27:44.887410,2025-04-10 22:27:51.805337,0 days 00:00:06.917927,0.2921795200450104,0.1290613423840153,8,0.03428117559403643,0.009034216377384288,0.08063695439143571,0.07615827352573178,0.037572597889094575,0.025786621979060453,8.322452364065308e-05,5,53,0.06328301178091572,0.04658777682525642,True,True,False,5.106786197276197e-08,COMPLETE
1084,0.1758157074451447,2025-04-10 22:27:52.159481,2025-04-10 22:27:59.122920,0 days 00:00:06.963439,0.22258653234146822,0.11234301488728404,16,0.03914747862443129,0.016184486345810108,0.08717535914397502,0.08679895585589116,0.041583203527937145,0.03251527272842149,9.103900098402568e-05,6,46,0.055045232530940395,0.03957943151012923,False,False,False,1.584408630615589e-07,COMPLETE
1085,0.21647685766220093,2025-04-10 22:27:59.480685,2025-04-10 22:28:06.415024,0 days 00:00:06.934339,0.19423968580294326,0.08948992426875306,16,0.04715106456347604,0.022580771493864442,0.08368813214071913,0.08061484540197768,0.03522555717309674,0.035941715591732176,0.00012394685641514436,7,58,0.058424068451647104,0.03207827974418982,True,True,True,6.464527218807701e-08,COMPLETE
1086,0.23666514456272125,2025-04-10 22:28:06.749983,2025-04-10 22:28:13.405547,0 days 00:00:06.655564,0.24206715971641327,0.0699116614712592,16,0.03286039787793564,0.010869654321181976,0.07277120437336955,0.06938842992127046,0.04746649648552102,0.01643863744453293,7.421684212780561e-05,5,48,0.029556509881106634,0.052256331413634144,True,True,False,1.0892818877627669e-07,COMPLETE
1087,0.41618018150329594,2025-04-10 22:28:13.755674,2025-04-10 22:28:20.492110,0 days 00:00:06.736436,0.26802853747325767,0.10854161917784308,16,0.051717565033205855,0.0075999067424872505,0.08676012419837183,0.07808178988887281,0.04302014324183512,0.02331836271741548,5.8542319012091906e-05,6,50,0.06504764577888747,0.06500613122265254,True,True,False,9.385486797709837e-08,COMPLETE
1088,0.3461178719997406,2025-04-10 22:28:20.843685,2025-04-10 22:28:27.436165,0 days 00:00:06.592480,0.2965989534938674,0.1536502755019943,16,0.01863507918231578,0.017969403826610764,0.08260892358484001,0.07234017651864494,0.03779878984384865,0.027010087216797356,0.00016389500515442965,5,43,0.06148501504184068,0.05616325764409749,True,True,False,3.996800126704953e-08,COMPLETE
1089,0.41336255669593813,2025-04-10 22:28:27.788050,2025-04-10 22:28:34.503098,0 days 00:00:06.715048,0.20769599340893127,0.4431372205395606,16,0.04271257867000751,0.0229270288837457,0.08535356563161281,0.07465202979978884,0.040927774443684714,0.02218871981893084,0.00010495616443471612,6,46,0.05102027654122765,0.05128793026448217,True,True,False,1.4319102808782797e-07,COMPLETE
1090,0.3780440092086792,2025-04-10 22:28:34.853735,2025-04-10 22:28:41.810868,0 days 00:00:06.957133,0.2745239994058263,0.13428848382136277,16,0.027319086668488583,0.0004467938635403755,0.08820127012317037,0.08229856297861023,0.04524965451681822,0.030240605662469413,8.623877595420872e-05,8,54,0.06339855360053007,0.04472069115981642,True,True,False,6.784510219768708e-08,COMPLETE
1091,0.3484588623046875,2025-04-10 22:28:42.163098,2025-04-10 22:28:50.897876,0 days 00:00:08.734778,0.23646551618663525,0.08677805801062047,16,0.047288580270900826,0.010949703726364191,0.08141607401135748,0.07686408777221815,0.043674212086594354,0.025332965660532142,6.486821230554236e-05,26,44,0.05649112028306793,0.061254093668903574,True,True,False,5.214897949215573e-08,COMPLETE
1092,0.3749642074108124,2025-04-10 22:28:51.249301,2025-04-10 22:28:57.921221,0 days 00:00:06.671920,0.26031521138379726,0.06661219419231275,16,0.037615048066309005,0.015456524925613016,0.07918968563178169,0.07969594093610599,0.03903411602117739,0.01801232792672119,0.00013458061223502968,5,37,0.05927480166164473,0.03827618211641631,True,True,False,1.2131499038650906e-07,COMPLETE
1093,0.3875058770179749,2025-04-10 22:28:58.281039,2025-04-10 22:29:04.961493,0 days 00:00:06.680454,0.2889660170978965,0.8626611788247895,16,0.054357760787794786,0.023361268131806025,0.08822829109193273,0.07359748655782897,0.034130789499950846,0.020879099983165804,0.00010725241967855495,6,41,0.061083297303721355,0.02249969728297217,True,True,False,4.0063614101710026e-08,COMPLETE
1094,0.1936407417058945,2025-04-10 22:29:05.317988,2025-04-10 22:29:14.294426,0 days 00:00:08.976438,0.22149685344765205,0.11059228580924672,16,0.043182239622934174,0.0074800554201736175,0.046562176899411174,0.07104894364614094,0.03610680775246765,0.045016076998353305,7.67220376440126e-05,30,50,0.06547442444339208,0.06873493301240154,True,True,False,7.462515819755255e-08,COMPLETE
1095,0.24812451004981995,2025-04-10 22:29:14.652865,2025-04-10 22:29:21.390351,0 days 00:00:06.737486,0.2511832298059566,0.09736768643724407,16,0.0496132910203855,0.00022679491112742763,0.025681957479963373,0.0758283444521427,0.052615099296634965,0.03197797314780809,5.06155397588719e-05,7,45,0.06758125565345185,0.048022711427150463,True,True,False,1.62258626359864e-07,COMPLETE
1096,0.372891914844513,2025-04-10 22:29:21.749028,2025-04-10 22:29:28.351909,0 days 00:00:06.602881,0.30093483801296184,0.06680420094030516,16,0.03256112327949023,0.07591038336675557,0.08428230628797079,0.06883262425993797,0.03974444182207243,0.03388296932748694,9.146358990254408e-05,5,41,0.05370276446836467,0.05628882681983953,True,True,False,1.0218887963314346e-07,COMPLETE
1097,0.382806396484375,2025-04-10 22:29:28.694017,2025-04-10 22:29:35.776200,0 days 00:00:07.082183,0.1786425970932184,0.12972986176092183,16,0.04229093577490404,0.02696405573939604,0.08661291434815926,0.07916274006643086,0.04629562790205102,0.028578259517213742,6.673138838721904e-05,6,139,0.0631781273859854,0.033241063482951326,True,True,False,5.187985266698584e-08,COMPLETE
1098,0.35860822200775144,2025-04-10 22:29:36.134104,2025-04-10 22:29:42.790423,0 days 00:00:06.656319,0.2755957410476827,0.08250313603201195,16,0.053239491126156946,0.01572710729469668,0.08437148961106708,0.07450933190401077,0.06972268604719586,0.018743973516632102,0.00011307884963048113,5,51,0.05830378241217969,0.06246150141376238,True,True,False,3.5119111852927414e-08,COMPLETE
1099,0.3649155557155609,2025-04-10 22:29:43.145051,2025-04-10 22:29:49.989496,0 days 00:00:06.844445,0.2461262157506965,0.1023362717307922,16,0.03709286484646525,0.012347780610389932,0.08760986931633392,0.09578492101007269,0.041494803255202245,0.02499399846366995,8.044253219444884e-05,6,47,0.0610859045060922,0.04182860008621035,True,True,False,8.347509149498687e-08,COMPLETE
1100,0.13019450902938842,2025-04-10 22:29:50.343357,2025-04-10 22:30:00.557839,0 days 00:00:10.214482,0.2031351982902329,0.15512791964485412,2,0.2153902331313255,0.01879848750405626,0.08206722143845045,0.07156794826210439,0.03802551647732418,0.01489434326187375,4.3024788712193693e-05,7,30,0.06559926176681985,0.04931440029379153,True,True,False,1.4733626379481153e-07,COMPLETE
1101,0.41651258468627933,2025-04-10 22:30:00.915400,2025-04-10 22:30:07.508247,0 days 00:00:06.592847,0.23030374948693014,0.06498171512428574,16,0.04886876854094078,0.0059856484742332175,0.08594292313746084,0.076839773964925,0.033438549994175296,0.020444042745529866,0.00015569551246477273,5,43,0.0631545495052564,0.06692059813618373,True,True,False,1.0941794148114728e-07,COMPLETE
1102,0.3615628480911255,2025-04-10 22:30:07.862581,2025-04-10 22:30:14.598014,0 days 00:00:06.735433,0.30653933597436034,0.12250438703385168,16,0.029154272722434905,0.027524274726995143,0.0399751996695579,0.0819463697334997,0.04399536333838496,0.03717244732344281,9.78565881489153e-05,6,48,0.05672470832617531,0.05519522864819089,True,True,True,6.292895969373882e-08,COMPLETE
1103,0.21523132920265198,2025-04-10 22:30:14.956715,2025-04-10 22:30:21.975979,0 days 00:00:07.019264,0.2623667455776305,0.08820736033643645,16,0.043764692747422236,0.021046554072877855,0.07823960608420884,0.0021721374506429997,0.042298969942969215,0.02280615588984982,7.123498117442302e-05,7,39,0.059109500323725785,0.059777073367078604,False,False,False,3.58211096092508e-08,COMPLETE
1104,0.399947851896286,2025-04-10 22:30:22.334990,2025-04-10 22:30:28.979262,0 days 00:00:06.644272,0.7379778996300974,0.057679131891309236,16,0.025361522674188095,0.013084161209778216,0.0886104270454156,0.08469356981457565,0.035427837942757466,0.02656462746230673,5.517162672035326e-05,5,45,0.06057671263084105,0.10634388759382532,True,True,False,1.717452237985039e-07,COMPLETE
1105,0.2483119010925293,2025-04-10 22:30:29.342230,2025-04-10 22:30:36.427064,0 days 00:00:07.084834,0.2780965452391287,0.9990570274157244,8,0.037428664445835966,0.006497556497651679,0.08333559656518104,0.07844030901852272,0.039904053359801545,0.029995800057820193,0.00013102699872911201,6,55,0.06446877600674525,0.043869828358878385,True,True,False,8.098812586374561e-08,COMPLETE
1106,0.22488527894020083,2025-04-10 22:30:36.785591,2025-04-10 22:30:43.369858,0 days 00:00:06.584267,0.22575586977294468,0.10780945913606754,16,0.05560332607174268,0.03124352003789422,0.08023986900758444,0.07316921589578711,0.04740635190462933,0.03497452876013098,0.0034634147176670076,5,36,0.06694769026391774,0.030668520109024308,True,True,False,5.360594051954591e-08,COMPLETE
1107,0.4302056133747101,2025-04-10 22:30:43.735053,2025-04-10 22:30:50.488418,0 days 00:00:06.753365,0.2919390516970155,0.13227219057657807,16,0.04905448402392789,0.019173437797654486,0.08816120595968523,0.07044570255477574,0.036853130368707264,0.02708865070513126,9.237319654667601e-05,6,42,0.0620880956719355,0.05028256020830968,True,True,False,1.0494447547764239e-07,COMPLETE
1108,0.36476688981056216,2025-04-10 22:30:50.852819,2025-04-10 22:30:57.509579,0 days 00:00:06.656760,0.20718543912461396,0.07888182985202354,16,0.043586867542693974,0.013160436865197802,0.08568350260527262,0.07598834145682849,0.05021740898527587,0.024270072809136452,0.00011588511183918098,5,51,0.0572018008071604,0.06624346521931676,True,True,False,1.2541454518729416e-07,COMPLETE
1109,0.3496513605117798,2025-04-10 22:30:57.873058,2025-04-10 22:31:04.629761,0 days 00:00:06.756703,0.24745776258166952,0.09410766057016187,16,0.0322246596300062,0.02410897399418943,0.08946198050136837,0.08079809891229753,0.04450828221844627,0.03174976887502863,7.687217971506361e-05,6,47,0.054449706928512066,0.038146833468513455,True,True,False,1.6001560373830184e-06,COMPLETE
1110,0.24488859176635744,2025-04-10 22:31:04.973963,2025-04-10 22:31:11.751746,0 days 00:00:06.777783,0.2645897050312061,0.052676123000411496,16,0.055183180298532364,0.006956247369568358,0.08433864684010588,0.07469404263998454,0.032442620215261175,0.017548241553836684,0.0015065814643883254,7,40,0.0599280945318014,0.05467623591360819,True,True,False,1.0800534445965058e-05,COMPLETE
1111,0.34757310152053833,2025-04-10 22:31:12.115361,2025-04-10 22:31:18.851370,0 days 00:00:06.736009,0.3099324097816846,0.11706636467591913,16,0.03846762341763276,0.017754353500015148,0.08684155763733513,0.07740012550138047,0.03927712950088915,0.0226101229821953,5.9201252933573186e-05,6,59,0.06389623431555391,0.019560866304061977,True,True,False,4.024466508459136e-08,COMPLETE
1112,0.4213427126407624,2025-04-10 22:31:19.207780,2025-04-10 22:31:25.816057,0 days 00:00:06.608277,0.2869249586467796,0.13946530112935723,16,0.02359751661309329,0.013378371993296057,0.08199583769300108,0.07291197642553078,0.041336624195250846,0.011607043058389775,9.40093587791007e-05,5,44,0.06772307836520582,0.04517452200811402,True,True,False,1.95745612016963e-07,COMPLETE
1113,0.37979483008384707,2025-04-10 22:31:26.177584,2025-04-10 22:31:33.062214,0 days 00:00:06.884630,0.1934452241469992,0.07653297959083442,16,0.015942180109808732,0.27673670208170154,0.08912760699380075,0.06892613685279525,0.04620624588239938,0.028617698950314657,8.069872702101669e-05,7,52,0.062239374902225614,0.07264712185922291,True,True,False,6.543501751408907e-08,COMPLETE
1114,0.3896930754184723,2025-04-10 22:31:33.420624,2025-04-10 22:31:40.160820,0 days 00:00:06.740196,0.2342466601624281,0.5180896767463764,16,0.047212986436161564,0.20340142433775732,0.0757420471964367,0.07940710268870128,0.09607158597954772,0.025502412807897813,0.00011224145480145084,8,15,0.06599436338025917,0.059221759085451166,True,True,False,1.3537199767505044e-07,COMPLETE
1115,0.22981768250465395,2025-04-10 22:31:40.526165,2025-04-10 22:31:47.247006,0 days 00:00:06.720841,0.26164597008077495,0.15480500772947703,16,0.05294175582579027,0.025316321436887276,0.01756012069501784,0.07578350594524152,0.04283803585454132,0.032860594964972525,6.436139264493821e-05,6,48,0.05244965957688872,0.05017226264838965,True,True,False,0.00015154253672306506,COMPLETE
1116,0.3236930906772614,2025-04-10 22:31:47.608574,2025-04-10 22:31:54.221583,0 days 00:00:06.613009,0.21581825945753302,0.10410457464870426,16,0.040807920906008245,0.004989473297845388,0.08541639515513318,0.07151311427050823,0.03789883748705071,0.019878996675977808,0.0002166298005135851,5,33,0.05775966001685888,0.06281491762500713,True,True,False,5.163305804295875e-08,COMPLETE
1117,0.20814596414566042,2025-04-10 22:31:54.586328,2025-04-10 22:32:01.302217,0 days 00:00:06.715889,0.2812503994259845,0.044786902600785106,16,0.03407479237872454,0.032027025449822326,0.0838396653782654,0.0740543178155083,0.03460894819461176,0.030014338682723407,0.0022673929446869446,5,62,0.0599279496405651,0.03680453926630006,True,True,False,8.417124208982284e-08,COMPLETE
1118,0.3948369979858398,2025-04-10 22:32:01.664860,2025-04-10 22:32:08.415552,0 days 00:00:06.750692,0.31438291034768767,0.07156307252768059,16,0.04812447385404289,0.020455052432282236,0.08086836815250385,0.0905817027883842,0.04112193645973954,0.0166396795810292,4.888059747931096e-05,6,37,0.06880242061007678,0.05517759179924964,True,True,False,3.357208094962904e-08,COMPLETE
1119,0.3120078146457672,2025-04-10 22:32:08.779840,2025-04-10 22:32:15.591524,0 days 00:00:06.811684,0.2429349874374414,0.9069407044853419,16,0.0527307127570379,0.010633323802227116,0.08709310217838258,0.08315115550710318,0.04848772169587608,0.021510843589097085,0.00014035802802779966,7,44,0.06432841103317424,0.04310890015280488,True,True,False,1.6883170371693448e-07,COMPLETE
1120,0.2948416471481323,2025-04-10 22:32:15.955803,2025-04-10 22:32:23.484480,0 days 00:00:07.528677,0.16603353172695046,0.09530020809790067,16,0.0568197164793859,0.0164992952274753,0.08972203068890337,0.07787483440350271,0.044177585148431606,0.02759386609574323,9.718610671304563e-05,13,41,0.05582127857953909,0.06960589130848928,True,True,False,9.404829102180964e-08,COMPLETE
1121,0.15392997264862063,2025-04-10 22:32:23.847537,2025-04-10 22:32:30.454482,0 days 00:00:06.606945,0.30115583733834517,0.12032993782193588,16,0.043772174943073026,0.026213003884776584,0.08293819033501372,0.06791362419482128,0.036867319247405286,0.023496250196016012,7.105397240464904e-05,5,46,0.06168488634964317,0.04993053353322564,True,True,True,9.468355768983438e-07,COMPLETE
1122,0.17887307405471803,2025-04-10 22:32:30.818284,2025-04-10 22:32:40.627800,0 days 00:00:09.809516,0.2643873659240094,0.060547709215129294,2,0.030300076240521275,0.00021986199634094726,0.08766347084971012,0.08009352923115699,0.033560470747774664,0.03852707934296051,8.438537600825455e-05,6,56,0.058934163948094226,0.060812832152161864,False,True,False,4.496003293527093e-08,COMPLETE
1123,0.3404485106468201,2025-04-10 22:32:40.997171,2025-04-10 22:32:48.002760,0 days 00:00:07.005589,0.18934169901673242,0.08378407020613807,16,0.038669856580738515,0.009507028005688192,0.08537360939235084,0.07213058382138567,0.040391252060860694,0.03598150727906526,0.00017814943823258044,6,39,0.06288738537929708,0.027708706223414214,True,False,False,1.2572513806884085e-07,COMPLETE
1124,0.23661651015281676,2025-04-10 22:32:48.377222,2025-04-10 22:32:55.215471,0 days 00:00:06.838249,0.06123492641347267,0.1380484279933808,16,0.019504001514436993,0.020193604946824487,0.09067456802018505,0.07636843925213693,0.03210539239391193,0.025677749826527867,3.7222692962766776e-05,7,50,0.06569179225080414,0.009048103210202718,True,True,False,2.025598492391059e-07,COMPLETE
1125,0.16620306968688964,2025-04-10 22:32:55.585929,2025-04-10 22:33:02.204124,0 days 00:00:06.618195,0.21516019373650344,0.10692977288032504,16,0.28887898455810845,0.00523340317839509,0.08870884442970499,0.07419677206326881,0.042586515707130755,0.01914353738635305,0.00011157341782181339,6,43,0.06070230993480347,0.06692291743250915,True,True,False,6.967806481593371e-08,COMPLETE
1126,0.323442280292511,2025-04-10 22:33:02.555515,2025-04-10 22:33:09.195775,0 days 00:00:06.640260,0.24083501602067953,0.05841109800983081,16,0.056883615121816014,0.01454072531694822,0.07950526496388995,0.07006204723057909,0.045238938576737324,0.031311735425913846,6.723123666997406e-05,5,46,0.05558026510419979,0.04046633634889237,True,True,False,4.397023486794922e-06,COMPLETE
1127,0.31998862624168395,2025-04-10 22:33:09.560169,2025-04-10 22:33:16.457521,0 days 00:00:06.897352,0.282844273043607,0.041495306295314366,8,0.04671956332065691,0.031619165934488255,0.03376555835600996,0.09930679051740261,0.038179612093407714,0.013156253666175392,8.542154405879675e-05,5,42,0.06384489884899167,0.07830220310298094,True,True,False,1.2051608794506165e-07,COMPLETE
1128,0.27865281105041506,2025-04-10 22:33:16.819377,2025-04-10 22:33:23.561815,0 days 00:00:06.742438,0.2549052176416565,0.08354744962900343,16,0.03703935052881241,0.023418096655172183,0.08362610833317893,0.0782929419952338,0.035159799238196086,0.028947188882972773,0.00012852769169894034,6,53,0.06865608802948409,0.05604559514154527,True,True,False,3.831249999672265e-08,COMPLETE
