number,value,datetime_start,datetime_complete,duration,params_alpha-eval,params_alpha-train,params_batch-size,params_eps-eval,params_eps-train,params_lambda-actions-eval,params_lambda-actions-train,params_lambda-frames-eval,params_lambda-frames-train,params_learning-rate,params_n-epochs,params_n-frames,params_radius-gw,params_rho,params_std-feats,params_ub-actions,params_ub-frames,params_weight-decay,state
1929,0.4453478515148163,2025-04-17 23:44:01.750863,2025-04-17 23:44:14.206588,0 days 00:00:12.455725,0.030315045729691705,0.878308388410037,2,0.1984566569195045,0.036333340468373373,0.029031074450522675,0.021708329103850454,0.03639340329905534,0.09498892152930939,7.06226580967029e-05,8,40,0.08073561347220642,0.19421675378790815,True,False,False,2.529417467644529e-08,COMPLETE
1930,0.44266793727874754,2025-04-17 23:44:14.857079,2025-04-17 23:44:28.521200,0 days 00:00:13.664121,0.028487841508851287,0.8958527713060942,2,0.19406479505244467,0.034394877449934365,0.026748365399022037,0.016924884202142276,0.039520913781687365,0.09594122393588979,5.7046260583422444e-05,10,37,0.08173085234418713,0.19881117927253528,True,False,False,1.8100634063502166e-08,COMPLETE
1931,0.4220169484615326,2025-04-17 23:44:29.152505,2025-04-17 23:44:42.344985,0 days 00:00:13.192480,0.0444089541121794,0.8679508630549927,2,0.20137929629807416,0.04131951351872223,0.024440775855688032,0.021493302028014853,0.04001523819023345,0.09978418251205466,8.501783993358636e-05,9,64,0.07911306000422635,0.20664431209268783,True,False,False,2.3390754197707673e-08,COMPLETE
1932,0.4509708344936371,2025-04-17 23:44:42.991635,2025-04-17 23:44:55.337509,0 days 00:00:12.345874,0.01008050139999845,0.6624966369776903,2,0.2068602465661078,0.03325972844726159,0.026037411284031888,0.017186415551838176,0.03734906540114261,0.09434784520511584,9.654235024529862e-05,8,40,0.0794805561294434,0.19368073024275978,True,False,False,2.996094266585715e-08,COMPLETE
1933,0.37580577135086063,2025-04-17 23:44:55.989167,2025-04-17 23:45:08.339956,0 days 00:00:12.350789,0.04947501759779439,0.8634115824300505,2,0.20272768517692055,0.03068525170180456,0.02483489863145794,0.020552070398241702,0.03824279257730263,0.09820553908254089,8.238275429494116e-05,8,40,0.08383827657556853,0.20733749586136446,False,False,False,1.5977432095036382e-08,COMPLETE
1934,0.4460811078548432,2025-04-17 23:45:08.967315,2025-04-17 23:45:21.831673,0 days 00:00:12.864358,0.03704134082674641,0.8841176551882676,2,0.21053334331414256,0.04258061649475739,0.0374352077552413,0.019316076310541306,0.04029651050630867,0.09605491130106807,8.01845199826855e-05,9,35,0.08129667084880147,0.19671792918256936,True,False,False,7.3722984353370175e-06,COMPLETE
1935,0.45561637282371525,2025-04-17 23:45:22.480103,2025-04-17 23:45:35.403553,0 days 00:00:12.923450,0.01010120565775717,0.9066503876222273,2,0.20324833249394691,0.03867878487480807,0.028020164473480276,0.02255612970117226,0.035354257912675845,0.09812939836219221,8.335125508498767e-05,9,40,0.08272427758394467,0.209427318192512,True,False,False,1.915003611220395e-08,COMPLETE
1936,0.465872210264206,2025-04-17 23:45:36.058469,2025-04-17 23:45:49.007202,0 days 00:00:12.948733,0.05836470691813722,0.859808441603766,2,0.20788128952261015,0.0301555010596408,0.02114160290355461,0.0190530227185661,0.040753119404295365,0.09985143982043317,9.638028507893193e-05,9,36,0.08521007703047144,0.20376574937274197,True,False,False,3.742306200668264e-08,COMPLETE
1937,0.3108919143676758,2025-04-17 23:45:49.640669,2025-04-17 23:45:57.639602,0 days 00:00:07.998933,0.06666366231720011,0.8880071340863098,16,0.2053389312691978,0.02471665344396208,0.021064274281477505,0.015903424642847136,0.0396605412333775,0.09965362192214429,6.986167443746894e-05,10,69,0.08734574580990241,0.19753286916480947,True,False,False,3.9382266480512004e-08,COMPLETE
1938,0.43996833562850957,2025-04-17 23:45:58.296341,2025-04-17 23:46:11.887226,0 days 00:00:13.590885,0.07047350063981193,0.9129570896030984,2,0.2166006543658797,0.1844785236403093,0.028032073430777044,0.01995318896521111,0.03841599768420384,0.09986752305811043,8.538131516817577e-05,10,31,0.08560764101540877,0.19110239893276798,True,False,False,4.294674013176839e-08,COMPLETE
1939,0.4231364786624909,2025-04-17 23:46:12.521574,2025-04-17 23:46:25.491546,0 days 00:00:12.969972,0.09290661442670589,0.8593046269058792,2,0.21707151279195971,0.019485878896673463,0.02046908134077426,0.019389627539517958,0.04083902025612088,0.0978441943230736,6.41820226083171e-05,9,26,0.08699341444972934,0.20113895528373532,True,False,False,3.716500683100784e-08,COMPLETE
1940,0.4271918118000031,2025-04-17 23:46:26.148684,2025-04-17 23:46:39.683910,0 days 00:00:13.535226,0.059703661967799394,0.8756234428408557,2,0.21397242908579298,0.02690357263628906,0.023995705884700316,0.019545855475136924,0.039403710064700156,0.09980485192423084,4.5687976343248767e-05,10,31,0.08487998145408583,0.18182443742413404,True,False,False,3.196791074022519e-08,COMPLETE
1941,0.3954588949680328,2025-04-17 23:46:40.313502,2025-04-17 23:46:53.813951,0 days 00:00:13.500449,0.03472719554921823,0.8903165637683521,2,0.20538104631958534,0.012803050909168966,0.025415157486804826,0.018578087847380145,0.03796531006133641,0.09639128683994908,6.94783970060638e-05,10,29,0.08597898882095899,0.1933395715929867,True,False,False,4.252835997428689e-08,COMPLETE
1942,0.4457033753395081,2025-04-17 23:46:54.466424,2025-04-17 23:47:07.381352,0 days 00:00:12.914928,0.07505552894730767,0.9161092649715586,2,0.20955419726907726,0.028292370884158067,0.022801048597496182,0.017581979612615112,0.03713658195491732,0.09409351088078528,9.423859686916103e-05,9,34,0.08399394833006683,0.20206716366760993,True,False,False,3.2348649168479655e-08,COMPLETE
1943,0.43056510686874394,2025-04-17 23:47:08.039616,2025-04-17 23:47:21.044128,0 days 00:00:13.004512,0.09196399891606438,0.855231626485337,2,0.20334025625146263,0.021124333517799836,0.026307524477044437,0.019148001987537275,0.03419519276007624,0.09810912015193614,5.3507951517824664e-05,9,33,0.0831719293912059,0.19089707564772912,True,False,False,4.457763321097931e-08,COMPLETE
1944,0.4431417286396027,2025-04-17 23:47:21.676509,2025-04-17 23:47:34.645474,0 days 00:00:12.968965,0.053677341000822235,0.8963866502503886,2,0.21051433914195736,0.03016154478813679,0.020694855519228776,0.020706554391441957,0.04082672468106606,0.09980779057223524,9.597894309320072e-05,9,29,0.08599143575627509,0.20506718166340884,True,False,False,3.169681651932453e-08,COMPLETE
1945,0.17048460245132446,2025-04-17 23:47:35.299878,2025-04-17 23:47:48.046329,0 days 00:00:12.746451,0.026969507520377724,0.865644504406087,2,0.21188558058546794,0.024260398948543566,0.022137820578299876,0.01818607098127927,0.0402031804305273,0.09996613534998153,7.383654558133052e-05,11,35,0.0851383010734596,0.1998903592870146,True,False,True,2.9019783114738297e-08,COMPLETE
1946,0.4536761820316315,2025-04-17 23:47:48.706640,2025-04-17 23:48:01.566055,0 days 00:00:12.859415,0.058457161088188554,0.8833038804051796,2,0.19952813417432386,0.031352499329619574,0.02773969032636506,0.020189864474466142,0.03512686897019288,0.09632642486174489,9.720862397446688e-05,9,32,0.08340324598782653,0.20697290917856664,True,False,False,3.761361679993779e-08,COMPLETE
1947,0.10556367337703706,2025-04-17 23:48:02.206646,2025-04-17 23:48:13.845306,0 days 00:00:11.638660,0.09545029957861324,0.9262458780464151,2,0.20610525825088505,0.017815421874445604,0.027611445669500717,0.01564652428460564,0.04103424209500738,0.09419674408015248,7.937763829195577e-05,9,36,0.08723055360735447,0.20488156976485522,True,True,False,2.5020299890860114e-08,COMPLETE
1948,0.43352243900299076,2025-04-17 23:48:14.502368,2025-04-17 23:48:28.028209,0 days 00:00:13.525841,0.029612769674426227,0.8552203464613779,2,0.21767435251138045,0.02445655940670042,0.02557242388165119,0.02369181923553977,0.041481638356107964,0.09676805010928338,6.141973596778521e-05,10,28,0.08189503537801737,0.18772266814369779,True,False,False,4.747252921849852e-08,COMPLETE
1949,0.41260082125663755,2025-04-17 23:48:28.671952,2025-04-17 23:48:37.178500,0 days 00:00:08.506548,0.047872041863117346,0.8978410674934114,8,0.20185819856328976,0.03156694477522421,0.018770278754739952,0.02259914050163303,0.038752139586205436,0.09989541245864099,0.00010244756120287777,10,34,0.08271634556410744,0.20872258510488909,True,False,False,2.65032615914437e-08,COMPLETE
1950,0.4623449563980103,2025-04-17 23:48:37.834031,2025-04-17 23:48:50.208522,0 days 00:00:12.374491,0.07531754400565609,0.8786630009582495,2,0.19689196266698994,0.027137664467922554,0.021103050300929252,0.017057275165864288,0.03968541201529307,0.09578714853809817,9.21922741463541e-05,8,36,0.08762619812030838,0.2004000463194609,True,False,False,3.792646422213362e-08,COMPLETE
1951,0.37287468910217286,2025-04-17 23:48:50.886059,2025-04-17 23:49:03.776216,0 days 00:00:12.890157,0.07792557600685428,0.9009763726962212,2,0.20207161984688085,0.012217454109735591,0.02172056527279342,0.01640704145782239,0.03743549683918232,0.09475393745195725,5.18942723200628e-05,9,29,0.08790915200049511,0.19313338128017166,True,False,False,4.344871589065121e-08,COMPLETE
1952,0.43776988983154297,2025-04-17 23:49:04.407944,2025-04-17 23:49:17.240684,0 days 00:00:12.832740,0.060428387458618144,0.9194107750123918,2,0.19741157796000336,0.017751167101381058,0.01887894097409163,0.017601877967842575,0.037210429288405594,0.09335803687386285,5.8587209777662824e-05,9,31,0.08815182350712011,0.1977593052566205,True,False,False,4.9079580874781414e-08,COMPLETE
1953,0.4393480837345124,2025-04-17 23:49:17.900300,2025-04-17 23:49:30.155783,0 days 00:00:12.255483,0.04516801946200556,0.9239865214864222,2,0.1979549648618998,0.02448105147950482,0.019605447999031377,0.017739465746475662,0.035162710947609165,0.09617815735880347,7.43160471817659e-05,8,32,0.08774948907206831,0.1854928575260218,True,False,False,3.6503829980161065e-08,COMPLETE
1954,0.409720653295517,2025-04-17 23:49:30.816455,2025-04-17 23:49:43.657802,0 days 00:00:12.841347,0.0511955246175873,0.877144184628833,2,0.20594958010339312,0.03302865567726173,0.026234132628672815,0.016509428068290734,0.039432747484253086,0.09589560608160365,7.253659068116733e-05,9,34,0.08669856627677282,0.19413243483390763,False,False,False,3.3294523626836236e-08,COMPLETE
1955,0.4188231647014618,2025-04-17 23:49:44.294142,2025-04-17 23:49:56.562487,0 days 00:00:12.268345,0.07302052969821124,0.9064778868398454,2,0.21013145399288083,0.021899133425673983,0.025278560699935622,0.019953011396963163,0.03884585415223299,0.09807450562321363,6.4234253096687e-05,8,26,0.08503133046481619,0.19868574306622408,True,False,False,4.5719809396552964e-08,COMPLETE
1956,0.44913169741630554,2025-04-17 23:49:57.224061,2025-04-17 23:50:10.145618,0 days 00:00:12.921557,0.026600326263221806,0.8810160568265655,2,0.19953983378384493,0.029045741046150333,0.023339486778333744,0.022896973632196765,0.04073236729303744,0.09394276455192486,7.850300446417465e-05,9,32,0.08691064585687668,0.18836885443359827,True,False,False,3.773990095335039e-08,COMPLETE
1957,0.3631590008735657,2025-04-17 23:50:10.807312,2025-04-17 23:50:18.358261,0 days 00:00:07.550949,0.06722647686321591,0.8976527498704102,16,0.1960109166367033,0.034260331880915644,0.021476104222902574,0.018214062210574148,0.03627742010879771,0.09797698247975853,8.193170730393156e-05,8,35,0.085689692958908,0.2047425307418264,True,False,False,2.5302341632804223e-08,COMPLETE
1958,0.09234625697135926,2025-04-17 23:50:18.998430,2025-04-17 23:50:31.124588,0 days 00:00:12.126158,0.029376092262696635,0.8531267827290053,2,0.2013641816423858,0.008590373172168148,0.022194217035957205,0.01517124960476742,0.03936349541761374,0.09570781977671615,9.141952817705157e-05,8,36,0.08841285004825902,0.19908756107701914,True,False,False,2.9377264514263524e-08,COMPLETE
1959,0.09234625697135926,2025-04-17 23:50:31.786768,2025-04-17 23:50:44.813096,0 days 00:00:13.026328,0.07480672041243157,0.8802281803513635,2,0.20702178739092642,0.018017288562458534,0.020541653209661507,0.01814989242423073,0.04122472993947907,0.09312348051450355,9.643969318642669e-05,8,141,0.08513656386231648,0.19548512775419236,True,False,False,3.822536198058437e-08,COMPLETE
1960,0.4432876408100128,2025-04-17 23:50:45.452884,2025-04-17 23:50:58.330264,0 days 00:00:12.877380,0.04803080921540695,0.9274537859992856,2,0.1970273095765476,0.027055351393246125,0.028141355019356433,0.015208322160609928,0.04082098156700821,0.09999531632600918,6.682656318426795e-05,9,32,0.08465630338800192,0.20145044088077205,True,False,False,5.380893521211069e-08,COMPLETE
1961,0.44181442260742193,2025-04-17 23:50:58.991386,2025-04-17 23:51:11.294792,0 days 00:00:12.303406,0.0919918082559342,0.8992806399978333,2,0.1903970858745731,0.03583976263845283,0.022281570122543278,0.013597458641827934,0.03496190885469289,0.09629020296729969,8.457654809555441e-05,8,35,0.08311319799885633,0.20632622185737998,True,False,False,3.189938745719042e-08,COMPLETE
1962,0.4467547178268433,2025-04-17 23:51:11.932801,2025-04-17 23:51:24.295164,0 days 00:00:12.362363,0.06359847146233484,0.8665620062316949,2,0.20948236564339898,0.023850268304181407,0.019639552458350838,0.020949368955670792,0.03691754475030063,0.09800785575079138,9.294540471708969e-05,8,34,0.08370296123725994,0.20890052829336217,True,False,False,2.791095858578175e-08,COMPLETE
1963,0.44137063026428225,2025-04-17 23:51:24.955848,2025-04-17 23:51:37.933124,0 days 00:00:12.977276,0.030877029808666495,0.9213299612916884,2,0.22059122483907717,0.03260123050815056,0.024994070517103784,0.016923042420924597,0.038741678824500775,0.09468286248641292,9.886389247434825e-05,9,30,0.08752843915918018,0.2016855413144813,True,False,False,2.271062251676772e-08,COMPLETE
1964,0.09234625697135926,2025-04-17 23:51:38.595834,2025-04-17 23:51:51.014531,0 days 00:00:12.418697,0.08437767755114417,0.8535011586021451,2,0.193280943577719,0.01384083033333299,0.021525823129751456,0.0175315517076273,0.041470072012922375,0.09338370031510398,0.00010398025812883632,8,83,0.08044564104633434,0.19451136121786317,True,False,False,3.4307530721591644e-08,COMPLETE
1965,0.16126551032066347,2025-04-17 23:51:51.666081,2025-04-17 23:52:02.845996,0 days 00:00:11.179915,0.04903502900304166,0.8827914183327641,2,0.1935648865889725,0.03830710277515355,0.030199324531057344,0.0196340971248849,0.03893803279595861,0.09779733801986769,6.745922850542458e-05,8,37,0.08643931167345069,0.18375409173995502,True,False,True,4.6129196725283765e-08,COMPLETE
1966,0.4444099843502045,2025-04-17 23:52:03.511688,2025-04-17 23:52:15.754703,0 days 00:00:12.243015,0.011651450413907163,0.9089797825731079,2,0.21233448889374607,0.02878315502602014,0.02355641134003971,0.020459433552087705,0.0408427358082496,0.09615358508781598,8.690951095223898e-05,8,36,0.08173365447380451,0.21161035897964406,True,False,False,2.4407399385167017e-08,COMPLETE
1967,0.10176868736743927,2025-04-17 23:52:16.421924,2025-04-17 23:52:27.940051,0 days 00:00:11.518127,0.07231856381920439,0.8741503389024025,2,0.2016410232260584,0.018354013830538828,0.02436330457214333,0.0207349952958031,0.041770098976663866,0.09467058181095042,0.00010088116887225475,9,33,0.08417599464719892,0.20500195448083497,True,True,False,4.225401892925626e-08,COMPLETE
1968,0.41943351030349735,2025-04-17 23:52:28.585814,2025-04-17 23:52:40.952170,0 days 00:00:12.366356,0.09529246680863485,0.8538201794805645,2,0.19580431241014992,0.03398686275679345,0.029863843494878344,0.025018316446194126,0.04227145599736057,0.09816880562798835,7.601452476311357e-05,8,24,0.07837326143497446,0.21187850074957412,True,False,False,3.1247219964329774e-08,COMPLETE
1969,0.4274972259998322,2025-04-17 23:52:41.618259,2025-04-17 23:52:55.294862,0 days 00:00:13.676603,0.03790175855509613,0.8955578767591647,2,0.20504198790448008,0.12257121311813304,0.029472268117912762,0.02301966984227069,0.036590169644468304,0.09623130113137005,5.412010539837128e-05,10,29,0.08121661676163665,0.19956290221822026,True,False,False,2.0727334052142013e-08,COMPLETE
1970,0.4651321828365326,2025-04-17 23:52:55.937061,2025-04-17 23:53:08.882384,0 days 00:00:12.945323,0.010655974963728668,0.8489569981790286,2,0.19872677246714884,0.02482201053141575,0.026620007876087246,0.01923224547907067,0.03862809796223867,0.09273804599980397,0.0001090877854501905,9,36,0.08560145322083221,0.20520025720601895,True,False,False,2.513967923268992e-08,COMPLETE
1971,0.32613663673400883,2025-04-17 23:53:09.544423,2025-04-17 23:53:17.965565,0 days 00:00:08.421142,0.02783483355095486,0.8363239684223415,8,0.19977800648978064,0.012383684560880391,0.027746913355205134,0.018594277721669595,0.03357505144194865,0.09219268407623053,8.184912194970237e-05,10,30,0.0880811768802254,0.18970485980835639,False,False,False,2.1383381699307535e-08,COMPLETE
1972,0.4600187182426453,2025-04-17 23:53:18.632881,2025-04-17 23:53:31.569628,0 days 00:00:12.936747,0.0132755892919564,0.8428352304847966,2,0.213122022671627,0.0175836206541408,0.028927196112644493,0.01921954941324469,0.036438339228832856,0.09302055211668037,9.401511671902164e-05,9,32,0.08785217035979434,0.19991404965800008,True,False,False,2.674161288038459e-08,COMPLETE
1973,0.09234625697135926,2025-04-17 23:53:32.216459,2025-04-17 23:53:44.425649,0 days 00:00:12.209190,0.012663589411914642,0.8589064884850254,2,0.19928207488716276,0.007026475442437161,0.02421953180730903,0.015478472211300573,0.037755283335107775,0.09461794255902334,0.00010312183848580374,8,33,0.08614052327484767,0.19471071430241377,True,False,False,2.678930961625189e-08,COMPLETE
1974,0.3815521061420441,2025-04-17 23:53:45.094836,2025-04-17 23:53:58.042019,0 days 00:00:12.947183,0.02860190744337761,0.8399099004562262,2,0.20774337382529195,0.011977371440847852,0.026462298236917068,0.016206687496016073,0.038603208651926776,0.09271010002721267,7.006690426303383e-05,9,30,0.08532880712337142,0.20638762434989183,True,False,False,3.6315489681930984e-08,COMPLETE
1975,0.4513342440128327,2025-04-17 23:53:58.683313,2025-04-17 23:54:12.299505,0 days 00:00:13.616192,0.010953327717189067,0.8488354114012486,2,0.19245702609364435,0.020180078325397373,0.02811596720318281,0.013299095451487632,0.03630887645738973,0.09486811859380374,8.50370864938517e-05,10,36,0.08810106586321403,0.20354121028162628,True,False,False,2.4837196363337055e-08,COMPLETE
1976,0.44274218082427985,2025-04-17 23:54:12.964076,2025-04-17 23:54:25.898753,0 days 00:00:12.934677,0.02941664616989202,0.8442674419095244,2,0.1935663595433217,0.02036912219815602,0.02648544222751047,0.019590110759788303,0.036797125846157124,0.09623279111395712,0.00010687187736362991,9,28,0.08552269791560292,0.20695418547341296,True,False,False,3.225984606370798e-08,COMPLETE
1977,0.4527895629405976,2025-04-17 23:54:26.570338,2025-04-17 23:54:39.419457,0 days 00:00:12.849119,0.04264168582175009,0.8393172514148424,2,0.20418463318432117,0.022897962777901477,0.023894847993789232,0.02290759506580874,0.03933180942522978,0.09994133509496608,8.556796378027864e-05,9,33,0.08386391346851738,0.196411699083892,True,False,False,2.2353764450018256e-08,COMPLETE
1978,0.39503886103630065,2025-04-17 23:54:40.068452,2025-04-17 23:54:52.330102,0 days 00:00:12.261650,0.010323043362264167,0.8624012089543548,2,0.20081323670244605,0.015874246826604523,0.022364872406259118,0.02201965738986391,0.03914324138765438,0.09998875088332523,0.00010525111962175255,8,36,0.08815700782067099,0.2025502486766166,True,False,False,5.018268630092997e-08,COMPLETE
1979,0.35976117849349976,2025-04-17 23:54:53.003122,2025-04-17 23:55:00.633195,0 days 00:00:07.630073,0.02924416602337099,0.8438838560102729,16,0.19019799503269433,0.022963779821737515,0.0178730727433027,0.017073667009727463,0.04043894268752456,0.09373355039782764,6.366383015261903e-05,9,28,0.08330839429773466,0.21064904717703634,True,False,False,1.966154002356132e-08,COMPLETE
1980,0.09234625697135926,2025-04-17 23:55:01.274968,2025-04-17 23:55:14.087319,0 days 00:00:12.812351,0.04541965641197117,0.8578798294156688,2,0.20801511350708501,0.008388114778804502,0.02584184016482668,0.019489182155910896,0.0346891901297663,0.09726900768604659,7.777230153486706e-05,9,34,0.08601787418451723,0.21156974795298156,True,False,False,4.1717045644655336e-08,COMPLETE
1981,0.4312614440917969,2025-04-17 23:55:14.754060,2025-04-17 23:55:28.527581,0 days 00:00:13.773521,0.028810630252478597,0.8727084785573782,2,0.19394882673984357,0.026215789751773327,0.02029324499372886,0.020648724418712128,0.03768006938619882,0.09493312643790358,4.995308949107979e-05,10,37,0.08291111573803156,0.21170923051602236,True,False,False,3.564845450363604e-08,COMPLETE
1982,0.44915845394134524,2025-04-17 23:55:29.198991,2025-04-17 23:55:43.403580,0 days 00:00:14.204589,0.05131734577975644,0.8390220223686627,2,0.1977917559905319,0.13807240906953683,0.030098294510800514,0.014463150987689655,0.040080026221917156,0.09751159293350091,9.453974461942346e-05,11,36,0.08098875143919873,0.20110485385345211,True,False,False,2.9703496779506588e-08,COMPLETE
1983,0.14640223681926728,2025-04-17 23:55:44.051340,2025-04-17 23:55:55.767566,0 days 00:00:11.716226,0.055888859427402605,0.8653566811228843,2,0.21297733208276495,0.0158844813909728,0.02539317631050824,0.022113071055225204,0.0419529476962208,0.09247696552804974,0.00010668804763648768,9,32,0.08646017237163153,0.1914479346435088,True,False,True,2.2238863956785383e-08,COMPLETE
1984,0.4509489178657532,2025-04-17 23:55:56.437690,2025-04-17 23:56:10.121027,0 days 00:00:13.683337,0.028115131279178723,0.5850567939430418,2,0.1918802911932845,0.02565316640644723,0.022077112254716688,0.018447021478570566,0.03795420848547918,0.09579212134431281,0.00011082814444651156,10,37,0.08409998344948756,0.17724500013874403,True,False,False,1.59874585794717e-08,COMPLETE
