number,value,datetime_start,datetime_complete,duration,params_alpha-eval,params_alpha-train,params_batch-size,params_eps-eval,params_eps-train,params_lambda-actions-eval,params_lambda-actions-train,params_lambda-frames-eval,params_lambda-frames-train,params_learning-rate,params_n-epochs,params_n-frames,params_radius-gw,params_rho,params_std-feats,params_ub-actions,params_ub-frames,params_weight-decay,state
170,0.3410535275936127,2025-04-10 20:38:39.368119,2025-04-10 20:38:45.999591,0 days 00:00:06.631472,0.36436524461306696,0.14670290700010022,16,0.03395452121058918,0.055674862697120686,0.09529833355150234,0.06978174955826866,0.09401751141225825,0.0354349279598601,6.043714613965983e-05,6,45,0.07672241606124501,0.018355075518425468,True,True,False,2.221418650339767e-07,COMPLETE
171,0.415477854013443,2025-04-10 20:38:46.055560,2025-04-10 20:38:52.655228,0 days 00:00:06.599668,0.3189267391539038,0.11601291968572189,16,0.03698575727313802,0.043060733164285214,0.08945100597715212,0.059875573939942646,0.08721128885062406,0.043560919605914745,8.105365381802152e-05,5,41,0.07108492709391785,0.0400937872898077,True,True,False,1.2855218877053414e-07,COMPLETE
172,0.3932743430137634,2025-04-10 20:38:52.719122,2025-04-10 20:38:59.347193,0 days 00:00:06.628071,0.32686070783077376,0.12468650254478,16,0.02761343856610816,0.04167559881252086,0.0896275764298206,0.06060612343797113,0.08673970946240916,0.03248692475338344,0.00011952985410684565,5,34,0.07478523486153657,0.025541953394425172,True,True,False,5.34843689022088e-08,COMPLETE
173,0.3633390188217163,2025-04-10 20:38:59.404718,2025-04-10 20:39:06.187339,0 days 00:00:06.782621,0.4003243639329754,0.2255076275181571,16,0.020121552211094212,0.1741100744587726,0.09773542914580977,0.05977073205755557,0.08781695315803804,0.04137044219851398,7.349306294004381e-05,6,43,0.06696096396513025,0.030018325721753822,True,True,False,3.119299805309467e-08,COMPLETE
174,0.4206973135471344,2025-04-10 20:39:06.244193,2025-04-10 20:39:12.832657,0 days 00:00:06.588464,0.26484466997951067,0.1746072007474151,16,0.033446876875576056,0.04303020168228762,0.09985103324601534,0.06598418809769095,0.08435294091226794,0.04491849355352982,4.362909526239154e-05,5,39,0.07153262289217496,0.04026806517569491,True,True,False,4.890979503628639e-07,COMPLETE
175,0.42080362439155583,2025-04-10 20:39:12.888940,2025-04-10 20:39:19.720833,0 days 00:00:06.831893,0.31581134084615403,0.1742685099011891,16,0.03420713783804169,0.04470344546911529,0.09959320932763309,0.06677464741705304,0.08378594577295881,0.051838441333592444,4.250077774916861e-05,7,38,0.07318198453325873,0.04068104846381816,True,True,False,4.611135411017014e-07,COMPLETE
176,0.42576234936714175,2025-04-10 20:39:19.777551,2025-04-10 20:39:26.515682,0 days 00:00:06.738131,0.3448523230613137,0.17683842895297977,16,0.03524628170432603,0.03786402591196029,0.09875722058556775,0.0661908403175107,0.08503697131537484,0.05478882004542683,4.971336177230194e-05,7,39,0.07389556274336724,0.039815716001614834,True,True,False,4.6067107558887455e-07,COMPLETE
177,0.21721417307853702,2025-04-10 20:39:26.572068,2025-04-10 20:39:33.534971,0 days 00:00:06.962903,0.3802631466543881,0.18969611966491995,16,0.03581348113838544,0.035824916597421666,0.09994644207260354,0.06730458893768429,0.0843683111038276,0.054207968328535625,4.2922095600677894e-05,7,37,0.07280890907683024,0.03968882094965432,False,False,False,4.686776198221318e-07,COMPLETE
178,0.425404304265976,2025-04-10 20:39:33.592937,2025-04-10 20:39:40.373332,0 days 00:00:06.780395,0.34590951118966856,0.1594206847064516,16,0.05051392959552603,0.045670702918664464,0.09808168199747842,0.06567051922965084,0.08446921609922103,0.05606761687385829,5.378272290876393e-05,7,40,0.0746012650069258,0.033318477917181885,True,True,False,6.057815729895281e-07,COMPLETE
179,0.12343035340309143,2025-04-10 20:39:40.432792,2025-04-10 20:39:47.108555,0 days 00:00:06.675763,0.3434261923587399,0.1628706768251017,16,0.19351142999418863,0.04427279339917857,0.019166723076837887,0.06889666019861264,0.08361824243785483,0.05860441162687676,5.103030859470274e-05,7,30,0.07771367193288148,0.03182079069910157,True,True,False,6.859049525274714e-07,COMPLETE
180,0.09234625697135926,2025-04-10 20:39:47.168259,2025-04-10 20:39:53.684459,0 days 00:00:06.516200,0.3221942777181316,0.1515245310194435,16,0.050443994093133326,0.04042408442756264,0.0976799016739235,0.07180825558617844,0.08537773834833004,0.05757730532566544,5.864480598846157e-05,6,39,0.0755161295023378,0.04214247529936224,True,True,True,5.739017050673584e-07,COMPLETE
181,0.4269154250621796,2025-04-10 20:39:53.752657,2025-04-10 20:40:00.548112,0 days 00:00:06.795455,0.31007653453199385,0.17638952094194088,16,0.036786020790005085,0.04606673988240539,0.09964357666724355,0.07742352190797659,0.08749623673981444,0.05514696960444358,4.419223010389461e-05,7,46,0.07443120350469822,0.04983314009149195,True,True,False,3.530611378228726e-07,COMPLETE
182,0.40662705302238467,2025-04-10 20:40:00.606970,2025-04-10 20:40:07.426892,0 days 00:00:06.819922,0.3098957511042991,0.17757811030820606,16,0.03659726946869982,0.045830699470317086,0.09655429648464342,0.07669188741117991,0.09554571874272777,0.05497780302979585,4.365787051960016e-05,8,25,0.0744222627758597,0.050921517811023484,True,True,False,3.708244095261268e-07,COMPLETE
183,0.15230733156204224,2025-04-10 20:40:07.486277,2025-04-10 20:40:14.147262,0 days 00:00:06.660985,0.3503821200935437,0.20212848847276582,16,0.03347664883157828,0.03662194972902664,0.032347407894000216,0.08168155277481776,0.08711003836496266,0.051721836409055595,3.9877621864808384e-05,7,46,0.071696381734666,0.02306011207900088,True,True,False,4.69423721972127e-07,COMPLETE
184,0.4276176869869232,2025-04-10 20:40:14.206761,2025-04-10 20:40:20.878276,0 days 00:00:06.671515,0.26668726352745353,0.14603201260733528,16,0.02926782205250565,0.03113500329951893,0.09984974743706262,0.06586983797518157,0.079905220433443,0.05579186349789033,5.062414002389215e-05,6,42,0.07352862985587012,0.03383849704052916,True,True,False,3.7700863529232567e-07,COMPLETE
185,0.15154084861278536,2025-04-10 20:40:20.938194,2025-04-10 20:40:29.700353,0 days 00:00:08.762159,0.3373340949121458,0.12033809687200611,16,0.04153146231887949,0.027220449603831055,0.09999620543316282,0.06196791750012098,0.07908949710006148,0.061533030617894426,7.067776499108239e-05,28,46,0.07420046483814376,0.03427951440776206,True,True,False,9.109935010246461e-07,COMPLETE
186,0.38480522036552434,2025-04-10 20:40:29.762888,2025-04-10 20:40:36.410633,0 days 00:00:06.647745,0.3934893846133177,0.21440572993571042,16,0.020073157541157606,0.03258102915145586,0.09803069961790706,0.06570666312977864,0.08214299249115369,0.0500746856315541,4.6501312567506085e-05,6,44,0.07750545684110091,0.039414580494607096,True,True,False,3.016358808576162e-07,COMPLETE
187,0.3696760058403015,2025-04-10 20:40:36.474847,2025-04-10 20:40:43.278926,0 days 00:00:06.804079,0.31427491867976204,0.250800406130606,16,0.03003935931398494,0.0386064740374209,0.09634977452143408,0.0655398168386823,0.08818540820288945,0.05492404942841308,3.620208318278936e-05,7,33,0.07608873354793963,0.03046635456997901,True,True,False,4.0100213760206326e-07,COMPLETE
188,0.3248399555683136,2025-04-10 20:40:43.339813,2025-04-10 20:40:49.943252,0 days 00:00:06.603439,0.3659933732050941,0.14864783997213504,16,0.03766962069685032,0.02739910081662653,0.09877064909688439,0.05837891620792705,0.08034245870654937,0.05686844648988869,6.119002693438768e-05,6,37,0.0692650500026287,0.016782801139311108,True,True,False,5.548871222074438e-07,COMPLETE
189,0.41686609983444217,2025-04-10 20:40:50.003296,2025-04-10 20:40:57.056683,0 days 00:00:07.053387,0.2751443603067983,0.18305546378011928,16,0.04780113867760405,0.04174914216777563,0.09981583406280584,0.0853492850262964,0.08328442582292733,0.05345109099548605,4.4693988749576274e-05,8,98,0.07854857101268006,0.0476184256658225,True,True,False,3.130640657604801e-07,COMPLETE
190,0.4236735880374909,2025-04-10 20:40:57.126253,2025-04-10 20:41:03.966140,0 days 00:00:06.839887,0.4368642588160817,0.18819315511578436,16,0.05775665670766584,0.04369822202617106,0.09994241446296867,0.08780775865222099,0.08320951878524784,0.05990562996031823,4.9122472786801376e-05,8,40,0.0790084472558518,0.04789719015755968,True,True,False,3.161489916415304e-07,COMPLETE
191,0.42343139648437506,2025-04-10 20:41:04.027456,2025-04-10 20:41:10.869482,0 days 00:00:06.842026,0.4809273145220407,0.19137575470064858,16,0.05779147782456979,0.04315037801677301,0.09954896001248793,0.09408565761414221,0.08371660850164539,0.05296813510965672,4.7634317672701666e-05,8,40,0.07832038270867249,0.04643132285687708,True,True,False,2.7889573668490754e-07,COMPLETE
192,0.4101038873195648,2025-04-10 20:41:10.931948,2025-04-10 20:41:17.751131,0 days 00:00:06.819183,0.4825599774906179,0.1901577533205803,16,0.06564385086116545,0.047728585557577544,0.09990633028378071,0.08069234759484446,0.0833630024223588,0.05364536754473844,4.893010641108117e-05,8,39,0.0791843235594607,0.044617327069615964,True,True,False,3.2885262184713667e-07,COMPLETE
193,0.4179276466369629,2025-04-10 20:41:17.813847,2025-04-10 20:41:24.640137,0 days 00:00:06.826290,0.43406691050127,0.17988552613072947,16,0.05867922088991556,0.03338366647834728,0.0972571431360822,0.09527462966556399,0.09058719033060508,0.051437892054439494,4.232874017365591e-05,8,42,0.0774297789313816,0.04847568446584109,True,True,False,4.2840931900822593e-07,COMPLETE
194,0.4114094376564026,2025-04-10 20:41:24.702411,2025-04-10 20:41:31.569452,0 days 00:00:06.867041,0.4415395268575362,0.17507767743043373,16,0.05455249395583553,0.037092971659676545,0.09745334694382848,0.08747035105263926,0.09050212239789043,0.05991509657773914,3.908044000940563e-05,8,44,0.07889534748921335,0.044731028236254924,True,True,False,4.7158974186949194e-07,COMPLETE
195,0.40622136592864994,2025-04-10 20:41:31.632903,2025-04-10 20:41:38.450368,0 days 00:00:06.817465,0.4556974381134554,0.1349087068585566,16,0.06127763890268325,0.03186399694121718,0.09986768001976164,0.09594029178552234,0.08866048674888534,0.0484411352618084,3.340743143932416e-05,8,41,0.07591277656512599,0.049733466643716265,True,True,False,6.470162798828189e-07,COMPLETE
196,0.3201167583465576,2025-04-10 20:41:38.514549,2025-04-10 20:41:45.255413,0 days 00:00:06.740864,0.4199490802410631,0.11308732039544311,16,0.08556707987322726,0.04377828689790918,0.09606593759982418,0.08411596388871047,0.08303474035393361,0.05138454051268947,4.814815290370611e-05,7,37,0.07734826815317722,0.04956357218982996,True,True,False,2.529123440240709e-07,COMPLETE
197,0.3933850824832916,2025-04-10 20:41:45.319793,2025-04-10 20:41:52.218695,0 days 00:00:06.898902,0.4186872277076224,0.14692772544150726,16,0.050405070071564945,0.05168073717253281,0.09805560896122376,0.09645323898572776,0.0850928993535301,0.05664441050179755,3.975633499848852e-05,8,42,0.08005475862111777,0.038843527246598335,True,True,False,4.161973400117363e-07,COMPLETE
198,0.3181249558925629,2025-04-10 20:41:52.291557,2025-04-10 20:41:59.166069,0 days 00:00:06.874512,0.5325080261019652,0.1765706413492684,16,0.07039950026303973,0.025977225308419186,0.09599521295700424,0.0919076037874016,0.08714654498838299,0.050686389873685914,7.665075702866474e-05,7,98,0.07800490658845433,0.049469942092481414,True,True,False,7.619365873016278e-07,COMPLETE
199,0.31545239090919497,2025-04-10 20:41:59.230571,2025-04-10 20:42:09.493595,0 days 00:00:10.263024,0.5014022923818874,0.2342585917946316,2,0.0573377821712986,0.05774711632373546,0.09817122773236361,0.09882148548534692,0.07779525048489885,0.0532551488584337,4.541905242000156e-05,7,33,0.07382907447055946,0.03247168703705218,True,True,False,2.0742341142494574e-07,COMPLETE
200,0.422091418504715,2025-04-10 20:42:09.557368,2025-04-10 20:42:16.516187,0 days 00:00:06.958819,0.3831639769207036,0.1613015334385493,16,0.047880389116840026,0.04355002452723347,0.09572581554725866,0.08529434269269638,0.08261790939995405,0.04806862725728532,3.4319356961391775e-05,9,39,0.07564705684720487,0.03662583992593804,True,True,False,3.762917249962187e-07,COMPLETE
201,0.41738373041152954,2025-04-10 20:42:16.580104,2025-04-10 20:42:23.495637,0 days 00:00:06.915533,0.4501702808830166,0.16270714946366552,16,0.048159816165948256,0.0349260051015214,0.09532717289433801,0.0842449479002001,0.08371001537852664,0.046979861937922945,3.182512976469965e-05,9,39,0.07571489307667342,0.03941171890420469,True,True,False,3.5479559456333253e-07,COMPLETE
202,0.410444051027298,2025-04-10 20:42:23.560797,2025-04-10 20:42:30.462189,0 days 00:00:06.901392,0.4798515821759015,0.16770555813910373,16,0.048781517681883935,0.034270132433720006,0.09992471977757944,0.0854449519195955,0.08231449904928052,0.0466210696454336,3.435898201430199e-05,9,38,0.07593726598150595,0.03526369397044679,True,True,False,3.7277059559229325e-07,COMPLETE
203,0.3940184414386749,2025-04-10 20:42:30.527521,2025-04-10 20:42:37.615218,0 days 00:00:07.087697,0.45387214395742337,0.1889107086818798,16,0.0560938593690576,0.047629369083381494,0.09644233720780256,0.08828416316283638,0.08391594656327468,0.04790921813635307,3.238204289885036e-05,8,108,0.0789563506115682,0.04561795577875409,True,True,False,5.308341282044944e-07,COMPLETE
204,0.39130657911300665,2025-04-10 20:42:37.680748,2025-04-10 20:42:44.611926,0 days 00:00:06.931178,0.3839057668812651,0.14601173224136313,16,0.0456200997820325,0.021908686695551745,0.09498580171026058,0.093857391159676,0.08059316595931161,0.0555045138739129,4.2190020145722466e-05,9,34,0.0747193247423327,0.05357963580204714,True,True,False,2.9769380121863057e-07,COMPLETE
205,0.40434205532073975,2025-04-10 20:42:44.687535,2025-04-10 20:42:51.637602,0 days 00:00:06.950067,0.4749896507198616,0.21872468902454015,16,0.06387685168096702,0.03146021401869628,0.09800831174689956,0.08519050417737592,0.08494902444310407,0.04978927313371331,5.224737641151452e-05,8,43,0.08060842967280352,0.0434352338363216,True,True,False,4.2930552477390837e-07,COMPLETE
206,0.4007375001907349,2025-04-10 20:42:51.703228,2025-04-10 20:42:58.486594,0 days 00:00:06.783366,0.43036590365401683,0.16192790280583294,16,0.0590641031618972,0.03919083037569038,0.09996787813330543,0.0906628210351889,0.09480902157782634,0.05230211019403516,2.9057880293699734e-05,7,39,0.07659311968498772,0.03290448464976362,True,True,False,9.95185444766675e-07,COMPLETE
207,0.4068023204803467,2025-04-10 20:42:58.553141,2025-04-10 20:43:05.498479,0 days 00:00:06.945338,0.41687021564714205,0.18032842858184767,16,0.05078710284156891,0.05074076330765407,0.09540620691987542,0.08780700490992002,0.09112306471303387,0.05933267886536105,3.652437376486088e-05,9,36,0.07344570150653723,0.03731980784628702,True,True,False,2.643898781201667e-07,COMPLETE
208,0.4047585308551789,2025-04-10 20:43:05.565713,2025-04-10 20:43:12.219176,0 days 00:00:06.653463,0.45126391467091287,0.24831710958128622,16,0.04265591546985905,0.036255805288397905,0.09792935769704639,0.07824561342832351,0.08909392636944512,0.04858504295085894,4.502531713790542e-05,6,47,0.07746890879485613,0.04815322125985715,True,True,False,5.88095613777486e-07,COMPLETE
209,0.20055924355983734,2025-04-10 20:43:12.285612,2025-04-10 20:43:19.535057,0 days 00:00:07.249445,0.37268479513854885,0.13313678713006818,8,0.14128279532583968,0.044478233780773604,0.09388344370514347,0.07431783903658282,0.07772526316693716,0.046048460559031376,5.4325893666639814e-05,8,40,0.07127044448883023,0.05211669050970337,True,True,False,3.737731976470401e-07,COMPLETE
210,0.20726885795593264,2025-04-10 20:43:19.602805,2025-04-10 20:43:26.637151,0 days 00:00:07.034346,0.3993036162246823,0.20091291333465058,16,0.11640814285289489,0.029176550862314146,0.09687689010258434,0.09454078531433126,0.08582794636045236,0.05595505234389356,3.416158265346841e-05,7,36,0.07478759035893358,0.027358151186056043,False,False,False,3.3305451596242245e-07,COMPLETE
211,0.43174995779991154,2025-04-10 20:43:26.704434,2025-04-10 20:43:33.391022,0 days 00:00:06.686588,0.3381667809993995,0.15211470521543183,16,0.037959342715755254,0.04220716065847789,0.09809251148708488,0.08303335192018363,0.08761645203141832,0.04342496384683003,6.962255043144494e-05,6,42,0.0707876866248115,0.04180336073260822,True,True,False,2.543498875441555e-07,COMPLETE
212,0.42691398859024055,2025-04-10 20:43:33.460863,2025-04-10 20:43:40.102223,0 days 00:00:06.641360,0.3393740372549089,0.15250939453749732,16,0.046442933184003526,0.04030217344948721,0.09838656520996375,0.08611380307787535,0.08314770015621918,0.05376019999316899,6.275755934760404e-05,6,43,0.07276598972278883,0.04199558147733308,True,True,False,2.47422024041083e-07,COMPLETE
213,0.4293461263179779,2025-04-10 20:43:40.179605,2025-04-10 20:43:46.888722,0 days 00:00:06.709117,0.34641201901446006,0.15115296151947372,16,0.04823157794185286,0.04136442165670172,0.09993238151285344,0.08260541801202405,0.08301248495270235,0.05421575796018231,5.903643805676208e-05,6,43,0.0726447914463405,0.040097213905274987,True,True,False,2.257538593128785e-07,COMPLETE
214,0.25216614305973056,2025-04-10 20:43:46.956950,2025-04-10 20:43:53.573553,0 days 00:00:06.616603,0.3460988183303102,0.15566890218465698,16,0.09448684934931942,0.040867439727526024,0.098313375027347,0.0835131485580503,0.08240523696613665,0.05352891597793525,7.29415712372511e-05,6,43,0.07014881143681613,0.03726088639269729,True,True,False,2.2140381792158856e-07,COMPLETE
215,0.42559342384338383,2025-04-10 20:43:53.644316,2025-04-10 20:44:00.258196,0 days 00:00:06.613880,0.35672994254266777,0.16827951849618006,16,0.05119238274702226,0.03541026851428442,0.09822045277972621,0.07934633003017474,0.08379201850811926,0.051914126624617224,5.9872711838039426e-05,6,39,0.07238335757030177,0.04382104866357518,True,True,False,2.6312651021730074e-07,COMPLETE
216,0.42772393226623534,2025-04-10 20:44:00.327948,2025-04-10 20:44:06.985932,0 days 00:00:06.657984,0.3661891480802766,0.13871587497191692,16,0.054353075881380095,0.03554881141489594,0.09697980134612176,0.0800466705743959,0.08679789973005476,0.05058363501728118,6.392543812617258e-05,6,39,0.0726208347577658,0.04191985427251201,True,True,False,1.8720182720195994e-07,COMPLETE
217,0.41009358763694764,2025-04-10 20:44:07.055223,2025-04-10 20:44:13.685783,0 days 00:00:06.630560,0.3565985706782994,0.1355167365523361,16,0.058878783118805574,0.02481584752305729,0.09736044453019176,0.07926048722833023,0.08852920996046153,0.05139273946938715,6.5784196709509e-05,6,40,0.07259934748828992,0.030528913933048615,True,True,False,1.8408556923978348e-07,COMPLETE
218,0.33714141845703127,2025-04-10 20:44:13.754833,2025-04-10 20:44:20.557456,0 days 00:00:06.802623,0.3338329631012369,0.1471821016724606,16,0.06949048798883478,0.04876271174498933,0.09992563876533637,0.07839102728571827,0.08676639147017685,0.0504384598439645,6.269354948662134e-05,6,47,0.06942351180874358,0.04269843337408239,True,True,False,2.3266429929379475e-07,COMPLETE
219,0.37404295802116394,2025-04-10 20:44:20.627188,2025-04-10 20:44:27.283841,0 days 00:00:06.656653,0.3611378939166223,0.19242287232666316,16,0.053194855971502406,0.03265414149231616,0.09696850615545177,0.0820932986595487,0.08125233760239406,0.055416157091069874,5.42902344957691e-05,6,32,0.07273325456389963,0.022554390866478532,True,True,False,2.67277624885832e-07,COMPLETE
220,0.3824844002723694,2025-04-10 20:44:27.364003,2025-04-10 20:44:33.984324,0 days 00:00:06.620321,0.3787511177827191,0.12411463266443593,16,0.03834160293501629,0.02040963090579378,0.09831833651048995,0.08963745386629066,0.08524345040326871,0.05802797553367389,6.645109720503638e-05,6,36,0.06834264983376451,0.03555551689820048,True,True,False,1.9337562859697704e-07,COMPLETE
221,0.42483894824981694,2025-04-10 20:44:34.055107,2025-04-10 20:44:40.890503,0 days 00:00:06.835396,0.33638690562259294,0.1657821813194188,16,0.047389482916856816,0.03596098761763841,0.09471656886278502,0.0806407403807325,0.08346553045268156,0.04846954982705322,5.3387804687239845e-05,7,40,0.07164551296400752,0.0411098134549641,True,True,False,1.0129952766881947e-08,COMPLETE
222,0.43015851974487307,2025-04-10 20:44:40.962083,2025-04-10 20:44:47.711717,0 days 00:00:06.749634,0.33551994138891206,0.16772177539254754,16,0.041425735122931254,0.035526618577072816,0.09552464778144228,0.07690674660519285,0.08960386529528055,0.039537265347021906,5.379162140365657e-05,7,43,0.07088508459160313,0.04269922379557271,True,True,False,2.150855656181703e-08,COMPLETE
223,0.4283981144428254,2025-04-10 20:44:47.784384,2025-04-10 20:44:54.556731,0 days 00:00:06.772347,0.3389807517565605,0.16286338757817606,16,0.053393979398324416,0.03670272567684815,0.09509330855536965,0.075418227711011,0.08957095937578242,0.040198375827373,5.1644127027165095e-05,7,43,0.0710001810966179,0.04472308017899119,True,True,False,1.0487079713428945e-08,COMPLETE
224,0.3830787539482117,2025-04-10 20:44:54.628433,2025-04-10 20:45:01.371100,0 days 00:00:06.742667,0.3309989100167166,0.15040926123526713,16,0.06333133032934281,0.03772954026130124,0.09609301125049578,0.07640147220583454,0.08963893662757584,0.04936970265299361,5.068238928625454e-05,7,44,0.06675773139714895,0.046309304138154275,True,True,False,1.1753682161483915e-08,COMPLETE
225,0.4211401104927063,2025-04-10 20:45:01.443209,2025-04-10 20:45:08.259051,0 days 00:00:06.815842,0.3445325207316125,0.10340885504771825,16,0.05352251278992945,0.03479291826323812,0.09323104670091026,0.07967006297814815,0.09686066470417848,0.05162628200850843,4.9399627293626825e-05,7,46,0.07021219799067253,0.03338014653301537,True,True,False,1.8865796055642504e-08,COMPLETE
226,0.3874344825744629,2025-04-10 20:45:08.331929,2025-04-10 20:45:15.191519,0 days 00:00:06.859590,0.34630225913704005,0.10078972936975782,16,0.05287674019960032,0.041691969918782754,0.09283888704796753,0.07970707302035986,0.09330520501332415,0.05407199817800143,7.171094658367232e-05,7,46,0.07049593891728093,0.03053926714949978,True,True,False,1.0247854767399514e-08,COMPLETE
