number,value,datetime_start,datetime_complete,duration,params_alpha-eval,params_alpha-train,params_batch-size,params_eps-eval,params_eps-train,params_lambda-actions-eval,params_lambda-actions-train,params_lambda-frames-eval,params_lambda-frames-train,params_learning-rate,params_n-epochs,params_n-frames,params_radius-gw,params_rho,params_std-feats,params_ub-actions,params_ub-frames,params_weight-decay,state
850,0.39452266693115234,2025-04-17 20:17:15.930242,2025-04-17 20:17:28.433305,0 days 00:00:12.503063,0.1619827789388238,0.8290168810677461,2,0.2716733586874803,0.020235179758502198,0.07662129051072042,0.04043522039579173,0.04093693024561936,0.012129841093555072,0.0002971573318096042,8,44,0.019053226835553556,0.2733748927025521,True,False,False,4.890090648557174e-08,COMPLETE
851,0.2374708652496338,2025-04-17 20:17:28.715164,2025-04-17 20:17:39.790792,0 days 00:00:11.075628,0.18210049073323573,0.8104286351068796,2,0.2597481544982709,0.011746664937488743,0.07509564718504237,0.04408216038879578,0.04276127043869564,0.013720929481539254,0.00017153921944503515,6,41,0.09229506287153375,0.01903718731874668,True,False,False,7.189056198466625e-08,COMPLETE
852,0.4287669599056244,2025-04-17 20:17:40.061505,2025-04-17 20:18:05.542677,0 days 00:00:25.481172,0.2022032615189821,0.8309866725902907,2,0.25365320598427005,0.03524958058717457,0.07809433809169494,0.04518742350551486,0.04841059208647802,0.015176649367906164,0.00039471968967744653,29,37,0.08972376829566193,0.26399775692871763,True,False,False,7.9063853229377e-08,COMPLETE
853,0.41298999786376955,2025-04-17 20:18:05.827156,2025-04-17 20:18:16.283348,0 days 00:00:10.456192,0.05114646890124738,0.7838613358027455,2,0.26821928051814153,0.030165195114675896,0.06841920764756584,0.03998016542076813,0.0443297797572627,0.018890769586446643,0.009029411905629468,5,39,0.0925070105342441,0.2720483355317846,True,False,False,1.6048253108561027e-07,COMPLETE
854,0.45097069740295415,2025-04-17 20:18:16.567010,2025-04-17 20:18:28.330283,0 days 00:00:11.763273,0.09720540276766028,0.841094983434718,2,0.24393073996568085,0.036026166261678,0.07192752252450023,0.04320775604984572,0.04648176372957753,0.010189528759813504,0.00023357096615110788,7,42,0.0947729988397714,0.25642923224283054,True,False,False,2.750084276086325e-07,COMPLETE
855,0.09234625697135926,2025-04-17 20:18:28.616100,2025-04-17 20:18:39.888226,0 days 00:00:11.272126,0.015444868502166947,0.8126207514404367,2,0.2639213197370639,0.0252587871544744,0.07514968074058348,0.046031343618273456,0.04107910877322883,0.016173423163100862,0.0002767183509221011,6,104,0.09649556707247718,0.28074415167074995,True,False,False,6.737572968828748e-08,COMPLETE
856,0.4006578087806702,2025-04-17 20:18:40.158005,2025-04-17 20:18:50.591956,0 days 00:00:10.433951,0.1595688050050521,0.8580423307748195,2,0.27035124816529527,0.016349876995611218,0.07979824275887788,0.042135139773095666,0.05449262382017411,0.011632728926545129,0.00018789950956033514,5,35,0.09050427393019583,0.276274258120407,True,False,False,8.036706087981423e-08,COMPLETE
857,0.4465803027153016,2025-04-17 20:18:50.875116,2025-04-17 20:19:01.984752,0 days 00:00:11.109636,0.13480400133878045,0.7901264143765564,2,0.2524691869343773,0.040139073960486986,0.07158463626302596,0.044333693262128944,0.05965137414056448,0.008827337243267359,0.00013707600375213844,6,48,0.09792637627496757,0.2656810861749419,True,False,False,3.7261415929999673e-07,COMPLETE
858,0.4327359914779664,2025-04-17 20:19:02.272136,2025-04-17 20:19:13.863206,0 days 00:00:11.591070,0.10997168116473008,0.8209862757387112,2,0.27470704440672045,0.031225450212346576,0.0770811412150965,0.0470715380029558,0.03939346720875165,0.012784282275654906,0.0003159013656684924,7,30,0.051113442783535606,0.28363730657065017,True,False,False,1.1654531237383326e-07,COMPLETE
859,0.11730106472969055,2025-04-17 20:19:14.135353,2025-04-17 20:19:23.724515,0 days 00:00:09.589162,0.12469547983064419,0.8525395980789376,2,0.26105747606870694,0.13286274041146762,0.056005000081597284,0.04010335926318211,0.04807851033577605,0.010426038009277092,0.00023858828599970935,5,44,0.09266357087468079,0.27237521249746266,True,False,True,9.23688267189256e-08,COMPLETE
860,0.4437705516815186,2025-04-17 20:19:24.006885,2025-04-17 20:19:35.034187,0 days 00:00:11.027302,0.1561582442386998,0.8339830189003549,2,0.2698909667437243,0.0207149686663332,0.0796931072380778,0.04518523708234416,0.04396125054834178,0.008562892044089509,0.00038565186828106514,6,40,0.0948754075199058,0.25784074244281197,True,False,False,2.458195672070997e-07,COMPLETE
861,0.44249445796012876,2025-04-17 20:19:35.323283,2025-04-17 20:19:45.736620,0 days 00:00:10.413337,0.4970177479691666,0.8008221609440069,2,0.2565304834712611,0.03900124152505536,0.04605640023528401,0.04267699517233532,0.051354106150577755,0.015421789170495864,0.00016717128389203095,5,33,0.09112889150636351,0.2628970410257453,True,False,False,1.449442810693335e-07,COMPLETE
862,0.4589372515678406,2025-04-17 20:19:46.009746,2025-04-17 20:19:57.025303,0 days 00:00:11.015557,0.1732669233229493,0.869226035375408,2,0.24818843736444118,0.030224483609736178,0.08163669312545441,0.047931284516845744,0.046144992896652755,0.013065421358833425,0.00020474655353336143,6,37,0.09644956313685434,0.27565341716483205,True,False,False,2.0103278062060436e-07,COMPLETE
863,0.21526076793670657,2025-04-17 20:19:57.310746,2025-04-17 20:20:04.601852,0 days 00:00:07.291106,0.2039480872583213,0.8939388237332587,8,0.1874061787241454,0.03504394195137506,0.08164873713013915,0.048355894990317436,0.04641188275236903,0.017919445436367424,0.000140201245373586,7,36,0.097997435709562,0.2809510574420582,True,True,False,5.921815210846432e-08,COMPLETE
864,0.4268620371818543,2025-04-17 20:20:04.885993,2025-04-17 20:20:16.563849,0 days 00:00:11.677856,0.18166328260463685,0.9162527647922454,2,0.275162501373755,0.04105861230178831,0.07018679840740846,0.050652858154974306,0.04545535562907918,0.013600084463660553,0.003928359762821925,7,33,0.09806265041425763,0.2782795842172917,True,False,False,3.3086499757886444e-07,COMPLETE
865,0.4120540082454682,2025-04-17 20:20:16.857297,2025-04-17 20:20:27.869160,0 days 00:00:11.011863,0.1673702192565653,0.872755469189427,2,0.26218959762619104,0.032851083716734834,0.07856499158417553,0.04369975865154137,0.04884192068312568,0.016224571430167985,0.0001836791285120754,6,37,0.09570636186292483,0.28540579220796086,False,False,False,2.2346517200025174e-07,COMPLETE
866,0.4384028494358063,2025-04-17 20:20:28.143266,2025-04-17 20:20:39.139426,0 days 00:00:10.996160,0.24072087112526622,0.890855198022589,2,0.26783631043227213,0.04262271367909899,0.08051546680133831,0.0398393153716912,0.04261359721765424,0.013714497787560176,0.00020049086723837438,6,30,0.09676491616244555,0.27484393974361904,True,False,False,4.176777136422821e-07,COMPLETE
867,0.44333149790763854,2025-04-17 20:20:39.428478,2025-04-17 20:20:51.766506,0 days 00:00:12.338028,0.21255336075155445,0.8709800258562913,2,0.27576706159933456,0.03098983374850392,0.07574838333878087,0.048127051044250656,0.04700517240512238,0.011968756658078521,0.00015547251787265237,8,43,0.09998705538478134,0.2837194948212216,True,False,False,3.3997873020803103e-07,COMPLETE
868,0.443709260225296,2025-04-17 20:20:52.054270,2025-04-17 20:21:03.803100,0 days 00:00:11.748830,0.1821843730367591,0.9979647541651199,2,0.25530643102306116,0.038285561906379155,0.05162123465971596,0.045180629287391916,0.04429082272108949,0.015233402571803311,0.00021494102074759376,7,35,0.09635122578784397,0.2718201782887734,True,False,False,2.6911659088704814e-07,COMPLETE
869,0.4252366065979004,2025-04-17 20:21:04.079471,2025-04-17 20:21:15.110770,0 days 00:00:11.031299,0.5017809972685624,0.8624451959744434,2,0.24611876109780864,0.028337960204459358,0.0817475615751118,0.04139357007820468,0.04971277889664411,0.012264749375498334,0.019024430965728617,6,40,0.09811950239005741,0.2782199175850242,True,False,False,4.210926813521097e-07,COMPLETE
870,0.45314346551895146,2025-04-17 20:21:15.398287,2025-04-17 20:21:26.437739,0 days 00:00:11.039452,0.48376653403915276,0.779514045325202,2,0.23981510530437994,0.04291563717846526,0.07784312391482165,0.05075343329932068,0.04606943492206568,0.018219268697990187,0.00017063134659659165,6,38,0.09408729885048908,0.28386730347343264,True,False,False,2.2168268410652035e-07,COMPLETE
871,0.09234625697135926,2025-04-17 20:21:26.724571,2025-04-17 20:21:38.720256,0 days 00:00:11.995685,0.30662790201050594,0.8901502631754762,2,0.26306464463374574,0.03416163174819602,0.08306217808965495,0.04662268829794148,0.041631018787889676,0.008519868898339403,0.0002209076309882346,7,116,0.0950769701451811,0.2882592485848839,True,False,False,1.316932200011762e-07,COMPLETE
872,0.4553314566612244,2025-04-17 20:21:39.010332,2025-04-17 20:21:50.078939,0 days 00:00:11.068607,0.44508832371976803,0.8331306364580153,2,0.2700506830345609,0.02671278139174818,0.07326981821602968,0.04360547623452858,0.048651559323066966,0.004762057127211201,0.00024867990564559565,6,45,0.09716908431767245,0.271201680914676,True,False,False,1.9555420283817324e-07,COMPLETE
873,0.4417735576629639,2025-04-17 20:21:50.356412,2025-04-17 20:22:01.415176,0 days 00:00:11.058764,0.16164099575788576,0.8078007963363499,2,0.27697301082123177,0.03669790778774806,0.07955907878564457,0.0490421376118561,0.043853775771449485,0.010931750805042996,0.00013684230026072766,6,33,0.09405587078687289,0.25695633518710864,True,False,False,2.822979503991562e-07,COMPLETE
874,0.44515283107757575,2025-04-17 20:22:01.706645,2025-04-17 20:22:12.756398,0 days 00:00:11.049753,0.5235550229396885,0.526863184096741,2,0.25775394786509204,0.044531986420318054,0.08211066489916562,0.05288602197634933,0.03906126224300402,0.013818820280078052,0.00018995054082275071,6,42,0.0956866971177774,0.2786875475109397,True,False,False,1.6976914882021773e-07,COMPLETE
875,0.44020146727561954,2025-04-17 20:22:13.049220,2025-04-17 20:22:24.684180,0 days 00:00:11.634960,0.48286037120615727,0.9158697981474363,2,0.26666695881817776,0.02120212589640074,0.07641197527658972,0.04580628778191724,0.04746659934100667,0.007048210211975211,0.000256299639810897,7,37,0.09845926262441207,0.28752157092190817,True,False,False,2.410386806119706e-07,COMPLETE
876,0.4330560147762299,2025-04-17 20:22:24.976531,2025-04-17 20:22:35.420737,0 days 00:00:10.444206,0.4331634179243033,0.8503110534827616,2,0.25042780079385324,0.14858731116071933,0.0797555184769061,0.041493956427679224,0.04511094388813079,0.0028850436069575887,0.00016470238944418818,5,53,0.09277972501342037,0.29443782522329015,True,False,False,5.398832862774065e-07,COMPLETE
877,0.09234625697135926,2025-04-17 20:22:35.701342,2025-04-17 20:22:45.679406,0 days 00:00:09.978064,0.15353654435528624,0.8700416047052782,2,0.2745773704591617,0.03114969943144484,0.06679419647341542,0.04760915199928831,0.042918960837062155,0.009796602408126805,0.0002091786668538139,6,40,0.09468296874771245,0.2671852771329279,True,False,True,3.4268282295523263e-07,COMPLETE
878,0.45331118702888495,2025-04-17 20:22:45.972487,2025-04-17 20:22:57.028294,0 days 00:00:11.055807,0.34430363132003944,0.8217277802938264,2,0.26510942204137256,0.04726998330384682,0.0831735551544516,0.044127426788502164,0.05121859552346934,0.012486126316210835,0.0003341988018674663,6,47,0.09999728831845406,0.27639188968947237,True,False,False,4.271722780802039e-07,COMPLETE
879,0.11083541810512543,2025-04-17 20:22:57.321908,2025-04-17 20:23:06.734753,0 days 00:00:09.412845,0.4131363326434245,0.5568896955939877,2,0.2803776734091496,0.037432064121529086,0.07847752787144864,0.05101502474777217,0.049865089819706845,0.015221283894058255,0.00025491480003535347,5,35,0.09629346292951305,0.2622960944038486,True,True,False,2.844018584925025e-07,COMPLETE
880,0.3265660643577576,2025-04-17 20:23:07.013378,2025-04-17 20:23:18.736375,0 days 00:00:11.722997,0.08398461722956051,0.894281265345545,2,0.2609729686195117,0.0131009254900494,0.08067852066894195,0.048594177102452576,0.04033203266936477,0.005908991838546329,0.00019974080210445914,7,42,0.09395856295673335,0.25614817212040425,True,False,False,0.00031437705716346126,COMPLETE
881,0.4532771170139313,2025-04-17 20:23:19.031086,2025-04-17 20:23:30.073800,0 days 00:00:11.042714,0.5085046068651812,0.7862208801285537,2,0.2826710963690819,0.02606709492249626,0.08472229542820559,0.045971473198403404,0.04683586495708955,0.009050232019187815,0.00032283509320746957,6,38,0.09293356373587291,0.2701441960465626,True,False,False,1.9280816245491736e-07,COMPLETE
882,0.44059476256370544,2025-04-17 20:23:30.368831,2025-04-17 20:23:40.893939,0 days 00:00:10.525108,0.4586277457520397,0.8529092281181138,2,0.2744436278502592,0.04091722433674074,0.07710100707443,0.03908217666938085,0.044046061300462035,0.011222794216846781,0.00015105290651179495,5,45,0.09764033120849724,0.29393489185662797,True,False,False,3.1860843077963214e-07,COMPLETE
883,0.43314362168312076,2025-04-17 20:23:41.189064,2025-04-17 20:23:51.583901,0 days 00:00:10.394837,0.28873364381605304,0.8303463915212201,2,0.25410510575715245,0.031237248788989824,0.08281907947605349,0.04272138981252225,0.05254240173534932,0.01682482192204477,0.0003860213689759382,5,28,0.09647669640934661,0.28071696008480806,True,False,False,5.241920020431781e-07,COMPLETE
884,0.40281862616539,2025-04-17 20:23:51.862796,2025-04-17 20:23:59.822473,0 days 00:00:07.959677,0.17742008943160176,0.9341337252194638,8,0.24160153383167293,0.034989967776943305,0.08087855475300522,0.05461042481373821,0.041451507276045796,0.07645386827479883,0.00022906280201929373,8,36,0.09226587243820009,0.29025327401121903,False,False,False,9.992207648804983e-08,COMPLETE
885,0.44144142866134645,2025-04-17 20:24:00.113538,2025-04-17 20:24:11.274112,0 days 00:00:11.160574,0.20071004383641633,0.8782195077574984,2,0.26934563415103907,0.020998143109321576,0.07491733327472783,0.046776414830068926,0.04887751910437138,0.013733170613592081,0.00027375062551681186,6,31,0.09491932810718784,0.254382303355508,True,False,False,1.4038908645342224e-07,COMPLETE
886,0.4483539760112763,2025-04-17 20:24:11.567708,2025-04-17 20:24:23.204099,0 days 00:00:11.636391,0.1444552485354365,0.8002864991002441,2,0.28325142896499755,0.04816999228924075,0.07920723109948574,0.039877214383425376,0.045703665072999604,0.007845584588231935,0.00017770227501627005,7,40,0.09827632652579861,0.28601722027846527,True,False,False,1.9872243127819789e-07,COMPLETE
887,0.3625426769256592,2025-04-17 20:24:23.486015,2025-04-17 20:24:33.906835,0 days 00:00:10.420820,0.49013624000007183,0.8483054095833977,2,0.26089862629118743,0.02826915333152839,0.08571914064952904,0.050212356457274676,0.048050510294032886,0.0048527736186353915,0.0001354329680576645,5,50,0.008670026996311864,0.27052179079966027,True,False,False,3.897730653314392e-07,COMPLETE
888,0.4474444150924683,2025-04-17 20:24:34.199345,2025-04-17 20:24:45.314102,0 days 00:00:11.114757,0.22250172970086743,0.9045262051123604,2,0.27147050290057373,0.0416978623713848,0.08229365529424137,0.044418421692432715,0.0391088262002947,0.010681845151109004,0.0002985167427905558,6,43,0.09293513380126724,0.27728117604988656,True,False,False,4.261895665465919e-08,COMPLETE
889,0.4501687526702881,2025-04-17 20:24:45.608079,2025-04-17 20:24:56.015208,0 days 00:00:10.407129,0.521520145057064,0.7697062130096508,2,0.24934266213025508,0.01804849978450524,0.07707413048933108,0.04194171969962712,0.042233808075953165,0.019618248500030685,0.00021222392024116717,5,39,0.08976635384248499,0.260113341976604,True,False,False,1.6908012749824716e-07,COMPLETE
890,0.31931143403053286,2025-04-17 20:24:56.314522,2025-04-17 20:25:07.570467,0 days 00:00:11.255945,0.4404725004406482,0.865890351171197,2,0.27659919577712067,0.033277862056908865,0.08393533325468591,0.048243042239742746,0.045247148526779864,0.007952664167090019,0.00024844324759028486,6,75,0.07301332860995796,0.28247121154768395,True,False,False,2.478066703038276e-07,COMPLETE
891,0.4359148681163788,2025-04-17 20:25:07.854228,2025-04-17 20:25:19.493050,0 days 00:00:11.638822,0.11359399943678557,0.8166774925817345,2,0.26564905223315816,0.025395024060340603,0.07336527056736356,0.05218585982635624,0.05101431620565786,0.01245131813052314,0.00038167322765415233,7,34,0.0960418104725895,0.29946674844912113,True,False,False,0.0003287827586575285,COMPLETE
892,0.4514809668064118,2025-04-17 20:25:19.789539,2025-04-17 20:25:30.823997,0 days 00:00:11.034458,0.47324186608462004,0.8313482126575558,2,0.25753454405717996,0.04822048751433131,0.08028116675503659,0.04550891924164612,0.043500539252557494,0.0032866933715756962,0.00017078003907151614,6,42,0.09412781197839268,0.2656012972079587,True,False,False,2.972978571874305e-07,COMPLETE
893,0.44817923903465273,2025-04-17 20:25:31.119411,2025-04-17 20:25:41.597728,0 days 00:00:10.478317,0.5332710610375638,0.8863743890246214,2,0.2834264748731202,0.03718289757662803,0.08164042008265034,0.04288140536269062,0.04803074296704802,0.006062915245403002,0.00031687027146131737,5,37,0.09996127457276245,0.2750106114375165,True,False,False,4.220732545605411e-07,COMPLETE
894,0.448806095123291,2025-04-17 20:25:41.896565,2025-04-17 20:25:52.979988,0 days 00:00:11.083423,0.42402265293622493,0.8038776199474836,2,0.27039435386321753,0.04255586400810675,0.07830187823014606,0.04992981233041607,0.05005578616016538,0.009742868509598991,0.00019599982044837122,6,46,0.09195128166018414,0.2886709314417406,True,False,False,1.2192537209351035e-07,COMPLETE
895,0.4618855178356171,2025-04-17 20:25:53.264821,2025-04-17 20:26:03.637955,0 days 00:00:10.373134,0.13085181124515427,0.8555375317615965,2,0.27968157434294744,0.02906298675219024,0.08585636901161221,0.04659613485069268,0.04031506682935524,0.015149005775307364,0.00024616680749489845,5,40,0.09011360057967045,0.25286390217625065,True,False,False,2.2081759768013946e-07,COMPLETE
896,0.09234625697135926,2025-04-17 20:26:03.934072,2025-04-17 20:26:14.235162,0 days 00:00:10.301090,0.17766490755069125,0.8364389297016402,2,0.28190061227442437,0.007395531821822728,0.06251744388341032,0.047843363153669785,0.039502354827306484,0.017927572316081483,0.0002939103574175054,5,33,0.09110160424954133,0.2542874114007595,True,False,False,3.195756053880175e-07,COMPLETE
897,0.09333705753087998,2025-04-17 20:26:14.533421,2025-04-17 20:26:23.980408,0 days 00:00:09.446987,0.14864429604286966,0.8167745229924029,2,0.2859910049709245,0.013655151348951657,0.08459359219433459,0.05147875418004379,0.03754337823682019,0.015606548650938697,0.00034538956537327525,5,36,0.09050348297855158,0.25135761520333966,True,False,True,2.52383480367219e-07,COMPLETE
898,0.1225120097398758,2025-04-17 20:26:24.277819,2025-04-17 20:26:33.733123,0 days 00:00:09.455304,0.5138295567249733,0.8470357191687277,2,0.2785410475741326,0.024282245423971907,0.08293977325116547,0.056791138117679316,0.04114009655415312,0.020008295749748807,0.00040857127261412327,5,39,0.08917308746661905,0.2505427206636458,True,True,False,5.534729234258814e-07,COMPLETE
899,0.4487289488315583,2025-04-17 20:26:34.017031,2025-04-17 20:26:44.450988,0 days 00:00:10.433957,0.13383533469931153,0.799442212114613,2,0.28562673338457917,0.036821286189564595,0.08051905820404336,0.049250371775858795,0.03915346616271397,0.022928985443611542,0.00026232747994742265,5,44,0.08977622486196496,0.25798484271108024,True,False,False,3.5908399319244704e-07,COMPLETE
900,0.44563390016555793,2025-04-17 20:26:44.750676,2025-04-17 20:26:55.263854,0 days 00:00:10.513178,0.3314520315658698,0.7735865213622793,2,0.27647173605840697,0.17444602257343547,0.07556766829671072,0.04713897442158079,0.04091747504248577,0.0169037699357292,0.0002310241127886582,5,42,0.09001001389926498,0.2507106091213759,True,False,False,2.1393996462416733e-07,COMPLETE
901,0.4456423878669739,2025-04-17 20:26:55.563243,2025-04-17 20:27:06.007509,0 days 00:00:10.444266,0.35996811379518573,0.8559219008880335,2,0.2811533985369654,0.0441580257422844,0.08575123429532164,0.04702077834505287,0.04200656139024411,0.014095003037362025,0.00028767078665330284,5,31,0.09149794896105352,0.2572357282561223,True,False,False,0.00040760995037924906,COMPLETE
902,0.4447006762027741,2025-04-17 20:27:06.312258,2025-04-17 20:27:16.737029,0 days 00:00:10.424771,0.4881373622304416,0.8308146874615996,2,0.2864090099741262,0.04986273872803613,0.07116181305817683,0.04547578584867047,0.03827108955299378,0.01536726486279857,0.000348148862983143,5,47,0.09255776470138839,0.29192509566621877,True,False,False,2.7366025275037647e-07,COMPLETE
903,0.40317422747612003,2025-04-17 20:27:17.026207,2025-04-17 20:27:27.918459,0 days 00:00:10.892252,0.16634584308791855,0.7475474415707128,2,0.09672382362087201,0.022814841970217162,0.0822096992538786,0.04958468014419115,0.036998695481706256,0.013172357174267641,0.00024884459012394663,6,37,0.08991798274938761,0.2503595928414276,False,False,False,4.4842660663861167e-07,COMPLETE
904,0.43207818865776065,2025-04-17 20:27:28.216809,2025-04-17 20:27:38.613416,0 days 00:00:10.396607,0.40400850019670337,0.8829846217047386,2,0.0074922688464593434,0.03371700669099342,0.07868925866724245,0.05365294045346307,0.043331277937265204,0.017385129707514543,0.0004110897411848044,5,40,0.09347693553987989,0.2612999065323835,True,False,False,3.190422923362809e-07,COMPLETE
905,0.39618656635284427,2025-04-17 20:27:38.913564,2025-04-17 20:27:46.591919,0 days 00:00:07.678355,0.45969213279675847,0.9034723855140884,8,0.2811884305993597,0.017980875688458013,0.08386572893091729,0.04878019700452113,0.04042578314424637,0.002807673277061302,0.00023927207848745217,6,35,0.08956770434636653,0.284853876560874,True,False,False,3.760884599414691e-08,COMPLETE
906,0.4565366506576538,2025-04-17 20:27:46.893627,2025-04-17 20:27:57.437899,0 days 00:00:10.544272,0.19711326705256557,0.8156006072416101,2,0.27336020356723256,0.029110238752973104,0.0805250556789352,0.045250131929333665,0.022682461311274296,0.01430919037457606,0.00032001342929855624,5,44,0.09207652389917387,0.2997349725172875,True,False,False,0.00029100268451030657,COMPLETE
