number,value,datetime_start,datetime_complete,duration,params_alpha-eval,params_alpha-train,params_batch-size,params_eps-eval,params_eps-train,params_lambda-actions-eval,params_lambda-actions-train,params_lambda-frames-eval,params_lambda-frames-train,params_learning-rate,params_n-epochs,params_n-frames,params_radius-gw,params_rho,params_std-feats,params_ub-actions,params_ub-frames,params_weight-decay,state
283,0.4079032838344574,2025-04-17 18:08:35.981940,2025-04-17 18:08:44.718447,0 days 00:00:08.736507,0.9633683203024228,0.38769147953327887,16,0.2383096594913174,0.2873489942735796,0.010809822911842239,0.09519442848707411,0.09818676298892898,0.035264866760689406,0.00011107832150264784,19,39,0.09783063212886763,0.1187084512867864,True,False,False,0.0002549751305700942,COMPLETE
284,0.09234625697135926,2025-04-17 18:08:44.817308,2025-04-17 18:08:53.441753,0 days 00:00:08.624445,0.9284255772860688,0.3512004950856539,16,0.22584973063599548,0.004589507311962211,0.022846084844149708,0.04643854745305666,0.09110344313222914,0.04119544146535145,5.689824230916251e-05,20,33,0.09670164528341904,0.1370677607027706,True,False,False,0.000608264644985711,COMPLETE
285,0.0972326248884201,2025-04-17 18:08:53.532110,2025-04-17 18:09:02.144774,0 days 00:00:08.612664,0.8973805356285984,0.43752587404012416,16,0.21264793628592402,0.028453289507934156,0.014753297072345597,0.08703828102565553,0.09365157479436689,0.03760215082538721,8.585443758956955e-05,22,45,0.09996871034330689,0.1251774491722681,True,True,True,0.0008071613120138228,COMPLETE
286,0.43358268141746525,2025-04-17 18:09:02.235943,2025-04-17 18:09:11.070236,0 days 00:00:08.834293,0.947431019666216,0.3676040979591487,16,0.2304006099624859,0.014216909417720861,0.01013249307625275,0.09164650275208655,0.0962806298745404,0.04549521137769135,6.669564231829149e-05,20,37,0.09368084765686338,0.16103890231579193,True,False,False,0.00014038091313680766,COMPLETE
287,0.4399845957756043,2025-04-17 18:09:11.162691,2025-04-17 18:09:20.116421,0 days 00:00:08.953730,0.8639471453085783,0.40444103386618835,16,0.21897119644832017,0.02150113411556711,0.006999143176510273,0.09820566023278406,0.0887973616919849,0.03918289637393716,0.0001016089230308332,21,41,0.09606586191326048,0.10646255831705581,True,False,False,0.00019206585497494888,COMPLETE
288,0.4388246595859528,2025-04-17 18:09:20.217704,2025-04-17 18:09:29.260109,0 days 00:00:09.042405,0.859553847903154,0.3964269896086333,16,0.23635281849081272,0.022884599331681476,0.00717966837125762,0.09856263334056747,0.08937724106331836,0.03986963759998466,0.0001302767453898664,22,40,0.09180037887276134,0.10562271752074116,True,False,False,0.0001839589437797177,COMPLETE
289,0.4328914105892182,2025-04-17 18:09:29.351830,2025-04-17 18:09:38.369217,0 days 00:00:09.017387,0.825641206379598,0.39423969299897865,16,0.2530587127433094,0.022993492339860245,0.005389298289441599,0.09934410559777992,0.09010232916317963,0.03944610537011292,0.00014574773218682321,22,28,0.08929495642262866,0.1045285737599414,True,False,False,0.00023234636167694653,COMPLETE
290,0.4383167505264282,2025-04-17 18:09:38.461083,2025-04-17 18:09:47.346451,0 days 00:00:08.885368,0.861230835375126,0.3378087379767377,16,0.24134432761628039,0.03294087996982872,0.0074076028238396,0.09768911178271975,0.08800494055211003,0.042234270001147496,0.0001290909024299642,21,40,0.09249355786622203,0.1051262590629958,True,False,False,0.0001815730687195962,COMPLETE
291,0.2988687634468079,2025-04-17 18:09:47.439907,2025-04-17 18:09:57.702753,0 days 00:00:10.262846,0.8408338199999716,0.3420208709449682,8,0.2490664943855233,0.03399074641798138,0.007373793049516257,0.09807667361433922,0.08826088690105208,0.042377705044060826,0.00012995750840409572,22,31,0.09138500955787153,0.10572308919678758,False,False,False,0.00016125985961379139,COMPLETE
292,0.4336860597133637,2025-04-17 18:09:57.796345,2025-04-17 18:10:06.758255,0 days 00:00:08.961910,0.8441112927056835,0.3336051141127708,16,0.24167028751090572,0.022831873859761993,0.0012309040925256266,0.09694547960597415,0.08794643027178937,0.04098924286946138,0.0001594121725427242,21,36,0.09263471255979507,0.10338096242811973,True,False,False,0.00018759625263671057,COMPLETE
293,0.31080703139305116,2025-04-17 18:10:06.860770,2025-04-17 18:10:15.808221,0 days 00:00:08.947451,0.8549659758517263,0.3647945824116256,16,0.23395745989640263,0.031217009174738346,0.007779577521080473,0.09981421272605027,0.08921484211374481,0.044056870525682766,0.00011996382096733595,21,41,0.019523017265858658,0.1094438427800943,True,False,False,0.00014657461883028656,COMPLETE
294,0.4433641910552979,2025-04-17 18:10:15.901206,2025-04-17 18:10:36.232333,0 days 00:00:20.331127,0.8615384338521985,0.3782636880677377,2,0.2428382544871082,0.02825507047774955,0.005619525445612922,0.09700000045768002,0.09073154507126668,0.04709995917915623,0.00010873815723968965,21,34,0.08795195200521702,0.09941254027053194,True,False,False,2.7065205024638542e-05,COMPLETE
295,0.4297280371189118,2025-04-17 18:10:36.325387,2025-04-17 18:10:57.263128,0 days 00:00:20.937741,0.8087972678577465,0.3457807603857981,2,0.2621597590991953,0.01935851031682718,0.003076220703205651,0.09769307578276124,0.09079641754596775,0.03987428898844737,0.00013914163895213376,22,38,0.08802991036571571,0.09527824274886161,True,False,False,0.0001726624576237439,COMPLETE
296,0.4298208832740784,2025-04-17 18:10:57.356804,2025-04-17 18:11:17.805721,0 days 00:00:20.448917,0.8576471706998033,0.3672031601920599,2,0.23787163415312662,0.022792570343730056,0.006704863717219399,0.09992412975229016,0.08935071259629446,0.04651397319578108,0.00010696237429719693,21,41,0.09021429432942268,0.09741981100421741,True,False,False,0.0002063391545816212,COMPLETE
297,0.43294342160224913,2025-04-17 18:11:17.900289,2025-04-17 18:11:37.703272,0 days 00:00:19.802983,0.8727056534820535,0.4113115017290623,2,0.2270166108309401,0.026719240780253922,0.004682175728300407,0.09617505079145146,0.08818028088971673,0.04246752381063448,0.00013160962329390293,20,35,0.09293546958374999,0.09988457132932328,True,False,False,0.00012531568353354194,COMPLETE
298,0.4261786818504334,2025-04-17 18:11:37.808200,2025-04-17 18:11:58.339238,0 days 00:00:20.531038,0.8637556265276936,0.3794138311150392,2,0.23348256269299852,0.0347590281492918,0.008495936520151407,0.09766508495574536,0.024966269674664827,0.03828203976852286,9.6903088876508e-05,21,46,0.09788224592042913,0.108209191598966,True,False,False,0.00025542053270111555,COMPLETE
299,0.439106160402298,2025-04-17 18:11:58.435040,2025-04-17 18:12:19.205432,0 days 00:00:20.770392,0.8294809710124056,0.40590299819439607,2,0.24520249153474033,0.017852195834899328,0.005552055688522355,0.09558151498144822,0.09200821073027253,0.0444157368861343,0.0001587092766592295,22,30,0.09523193445451097,0.10023463465775645,True,False,False,0.00019955150548430414,COMPLETE
300,0.4351162970066071,2025-04-17 18:12:19.299630,2025-04-17 18:12:40.033491,0 days 00:00:20.733861,0.8642706687073045,0.40171088086243356,2,0.25145480591588354,0.017862292831677284,0.004399605699475643,0.09560416194669243,0.09181415523972104,0.04458704232966179,0.00017513673849475523,22,26,0.09211899104348997,0.09833131411131692,True,False,False,0.0001425182777799133,COMPLETE
301,0.4350972890853882,2025-04-17 18:12:40.130853,2025-04-17 18:13:01.004768,0 days 00:00:20.873915,0.8274020941924404,0.35659511216400336,2,0.26115432481650835,0.026098872012836057,0.006380762799541176,0.09819013833259503,0.08596275575742057,0.042033352405659495,0.00019876717906021227,22,31,0.09445813566338887,0.1818906290895601,True,False,False,6.539633858397541e-05,COMPLETE
302,0.4352557420730591,2025-04-17 18:13:01.100576,2025-04-17 18:13:22.556167,0 days 00:00:21.455591,0.8710771550822674,0.37679790086674625,2,0.24615426308281918,0.037883398779120725,0.00543618237157033,0.09631678248635818,0.09076142613615415,0.046447350415648236,0.0001365681365735099,23,30,0.09813659027770043,0.10198143198468887,True,False,False,0.00019249870885352418,COMPLETE
303,0.09234625697135926,2025-04-17 18:13:22.662317,2025-04-17 18:13:43.584203,0 days 00:00:20.921886,0.8444682262859734,0.4108583262393123,2,0.23812282483990632,0.006110764108908042,0.008708826384137364,0.02816260672931883,0.09215212226944264,0.044014551548994134,0.00011152257222812215,22,39,0.09064279152938198,0.1075810444870042,True,False,False,0.0003012416825258362,COMPLETE
304,0.106467804312706,2025-04-17 18:13:43.680938,2025-04-17 18:14:01.692240,0 days 00:00:18.011302,0.8258690840945897,0.33552078960078735,2,0.24370850019311835,0.020079889671753264,0.003085109599703606,0.09989543195459444,0.08849055607822026,0.05058198166429744,0.00016654182220914753,21,34,0.09594226494716329,0.0949203026049598,True,False,True,0.0002060649724710469,COMPLETE
305,0.1250260651111603,2025-04-17 18:14:01.788376,2025-04-17 18:14:19.780043,0 days 00:00:17.991667,0.8830958082071583,0.3945928900999161,2,0.22946752527842149,0.030743805777367482,0.006825703489062164,0.09478006341507621,0.09241652027109447,0.04020882395260038,0.00014861004733508895,21,43,0.09314736220994213,0.1124264984683416,True,True,False,0.00017374537632507006,COMPLETE
306,0.09234625697135926,2025-04-17 18:14:19.876501,2025-04-17 18:14:39.713376,0 days 00:00:19.836875,0.7976881039969859,0.4173751003829759,2,0.23687287634777104,0.010341012031617856,0.008858362888436446,0.09739406694362189,0.08966682207618154,0.042415706956828496,0.00011731532140819473,20,48,0.0981892905465439,0.10501088497520014,True,False,False,0.0003870799117628427,COMPLETE
307,0.4392785012722016,2025-04-17 18:14:39.820156,2025-04-17 18:15:00.776211,0 days 00:00:20.956055,0.847681682189163,0.38494741879249333,2,0.22368996687198306,0.01713058295506576,0.0055646072337385295,0.09473662662665891,0.09403132224385866,0.038435325190198016,9.551146333642764e-05,22,28,0.09468948368989279,0.11359326596980161,True,False,False,0.0002858978861124383,COMPLETE
308,0.43910348415374756,2025-04-17 18:15:00.873021,2025-04-17 18:15:22.281292,0 days 00:00:21.408271,0.8360996569556051,0.3638125735326073,2,0.24999161041384588,0.02574764789827458,0.0036750162241629275,0.024126978378206723,0.0942166450555639,0.039150477284627415,0.00010062761991328186,23,25,0.08773036378321623,0.09899334498626321,True,False,False,0.00027890673864141506,COMPLETE
309,0.43185694813728337,2025-04-17 18:15:22.380160,2025-04-17 18:15:43.854867,0 days 00:00:21.474707,0.8190903635568499,0.29444767202265154,2,0.2577944982430453,0.027145509640694603,0.0022381182394393584,0.0036486692462691997,0.0914874384058867,0.038657690486147436,0.0001230159792983002,23,27,0.08899598336740672,0.09333374889657586,True,False,False,0.00032606989243967816,COMPLETE
310,0.43529736399650576,2025-04-17 18:15:43.952692,2025-04-17 18:16:05.320691,0 days 00:00:21.367999,0.8420023350895353,0.36057462175946864,2,0.24729800963722823,0.034212553658971384,0.0011106056071957956,0.016085851418640666,0.09390812461085522,0.047436209772621474,0.0001005975901989044,23,26,0.08666176056876881,0.09852216384356843,True,False,False,2.30711474507898e-05,COMPLETE
311,0.4362424492835999,2025-04-17 18:16:05.419439,2025-04-17 18:16:26.176463,0 days 00:00:20.757024,0.780409831330854,0.3391869065745814,2,0.2684597457761077,0.02047730957922314,0.004778941149303967,0.09515327490753105,0.08652829736440827,0.0402847186772095,0.00015902365181339205,22,28,0.09149692241210977,0.10202910661310363,True,False,False,2.6047502468276693e-05,COMPLETE
312,0.27489438056945803,2025-04-17 18:16:26.284547,2025-04-17 18:16:47.084218,0 days 00:00:20.799671,0.8066141583018736,0.32380603317551887,2,0.25161288685376393,0.026671947012605775,0.003812100819263145,0.0962639389864954,0.08910518994752996,0.044828503570279045,9.469137844721476e-05,22,30,0.08780489816831229,0.11122254619370298,False,False,False,0.0004414525226372155,COMPLETE
313,0.43426691293716435,2025-04-17 18:16:47.182205,2025-04-17 18:17:08.533761,0 days 00:00:21.351556,0.8354087281594258,0.3767288460536842,2,0.24188783857502913,0.018517153524259505,0.005958707239167789,0.09460436284727046,0.09411523229509836,0.03771562700577657,0.00012567568224128935,23,24,0.09410322588959351,0.09238668935423973,True,False,False,1.2377850096922343e-05,COMPLETE
314,0.4398009240627289,2025-04-17 18:17:08.634103,2025-04-17 18:17:29.711604,0 days 00:00:21.077501,0.8547496318338172,0.3711926455899619,2,0.23197459452968094,0.031355186970413604,0.007009069833675576,0.09204009718113805,0.09109571207108344,0.04295597743923811,0.00010805944796433535,22,33,0.08979691930662671,0.10608679061729949,True,False,False,0.00027763135853455347,COMPLETE
315,0.4291693985462189,2025-04-17 18:17:29.810518,2025-04-17 18:17:50.691773,0 days 00:00:20.881255,0.8465192183558734,0.356207426526003,2,0.23475498210189424,0.04366494562002062,0.0038271706671666192,0.03407573184477856,0.09051438920188368,0.04876472874777002,0.00014381635786067908,22,29,0.08644247246874033,0.105463557291468,True,False,False,0.00027888574766166054,COMPLETE
316,0.4299703121185303,2025-04-17 18:17:50.801890,2025-04-17 18:18:12.301096,0 days 00:00:21.499206,0.8531836863983739,0.3731313497002249,2,0.24785010586954093,0.03730633085201807,0.006161000537286565,0.09662305509154448,0.08740669062251655,0.045490006146092214,0.0001093636747942655,23,24,0.08936231865260037,0.09885944180793932,True,False,False,0.00022431464940788682,COMPLETE
317,0.444211882352829,2025-04-17 18:18:12.401005,2025-04-17 18:18:33.372323,0 days 00:00:20.971318,0.8264375266037269,0.31207377884708,2,0.23102698028192703,0.032649230913270634,0.0070169629211706604,0.02570048671934265,0.09207122725922806,0.04394434975634113,0.00018860466744151675,22,33,0.09083119301899102,0.10815071593315281,True,False,False,0.0003367519997905704,COMPLETE
318,0.43780259490013124,2025-04-17 18:18:33.473526,2025-04-17 18:18:54.954529,0 days 00:00:21.481003,0.8156741006602367,0.32455206791854097,2,0.24097424810668694,0.039594627955318484,0.007164935076550466,0.028444333842133927,0.09222882686061065,0.04369627196361738,0.00021806279190995034,23,33,0.08822624162224708,0.09784880871536425,True,False,False,0.0003497194039465339,COMPLETE
319,0.4383755683898926,2025-04-17 18:18:55.057824,2025-04-17 18:19:16.680653,0 days 00:00:21.622829,0.8679346743565556,0.33993987492043903,2,0.23372266365495445,0.03279752787403532,0.004988115623200836,0.023843412907804316,0.08990171244479256,0.047066377618479364,0.0001923295769234988,23,31,0.09171971910735739,0.10711288961992171,True,False,False,0.0002988329519647283,COMPLETE
320,0.43145924210548403,2025-04-17 18:19:16.795485,2025-04-17 18:19:38.321268,0 days 00:00:21.525783,0.8433667580357602,0.3206161065710575,2,0.23405910584138784,0.03375453526612652,0.003132831519432619,0.024687903189367203,0.0845698374731021,0.047033840471728275,0.00018033134075304312,23,31,0.09048749858045549,0.08886805311680782,True,False,False,3.6920896095872505e-05,COMPLETE
321,0.44694621562957765,2025-04-17 18:19:38.421961,2025-04-17 18:19:59.475928,0 days 00:00:21.053967,0.862030365128554,0.3015292113919035,2,0.243327965406925,0.027460555406869782,0.004776657356994127,0.09840707074369193,0.09433846034434738,0.046525293767418416,0.00028876326820711845,22,33,0.0858210189615606,0.10530593224908077,True,False,False,0.0003216289335584597,COMPLETE
322,0.42737785577774046,2025-04-17 18:19:59.576702,2025-04-17 18:20:20.547389,0 days 00:00:20.970687,0.7920012055150806,0.2858198333882394,2,0.2576774738077657,0.03897224185148898,0.004298677683711449,0.024504901195972473,0.09016426344430763,0.049141168035695064,0.00029824264017034815,22,32,0.08659963235171411,0.10481165225032356,True,False,False,0.000385599568471992,COMPLETE
323,0.4047460675239563,2025-04-17 18:20:20.650584,2025-04-17 18:20:41.578772,0 days 00:00:20.928188,0.8239640521476878,0.30706955397242325,2,0.251164551967928,0.23360514733452764,0.0053334503633292105,0.019645910938728937,0.09349412787563205,0.055224180311839455,0.0002302696345571812,22,30,0.08936715428484826,0.1075834973540628,True,False,False,0.00031909400888703853,COMPLETE
324,0.4423742115497589,2025-04-17 18:20:41.685090,2025-04-17 18:21:03.484900,0 days 00:00:21.799810,0.8585447227840901,0.26572772708331793,2,0.24465973360147095,0.031378030120481466,0.0010211176025784058,0.020879015348044788,0.09434580755125173,0.050500255936430816,0.00015544697734421286,23,33,0.0882669589483425,0.09467975900659775,True,False,False,1.611932964977028e-05,COMPLETE
325,0.10135162770748139,2025-04-17 18:21:03.597462,2025-04-17 18:21:22.493027,0 days 00:00:18.895565,0.8289120410159683,0.3003543073533371,2,0.24645796978358198,0.02646783646785364,0.0033605572435489056,0.02242789318362528,0.0945253221830168,0.05059751611960092,0.00020121565879127216,23,33,0.0845720966711882,0.08635566876995474,True,False,True,4.686884777276283e-06,COMPLETE
326,0.1338065266609192,2025-04-17 18:21:22.595728,2025-04-17 18:21:42.288194,0 days 00:00:19.692466,0.8640020064077145,0.2689584800472432,2,0.23575062104730593,0.02979078279984356,0.0017475185841920142,0.021290364982769854,0.09248305111761318,0.05179349024831088,0.00017427087471422618,23,78,0.033802235716053876,0.09779468110539824,True,True,False,1.9976833758231692e-05,COMPLETE
327,0.43233844041824343,2025-04-17 18:21:42.391729,2025-04-17 18:22:03.546808,0 days 00:00:21.155079,0.8402300912673548,0.2297718216283484,2,0.243675469538942,0.04336216490768244,0.0021266614067516664,0.016347213479884735,0.09489030511934061,0.05285408382608763,0.0003367209736453281,22,30,0.0870455138490966,0.09066273610285835,True,False,False,0.0005102357358957403,COMPLETE
328,0.4345280766487122,2025-04-17 18:22:03.652469,2025-04-17 18:22:25.196689,0 days 00:00:21.544220,0.8742990407668942,0.26355352859175096,2,0.23115348242229966,0.026019955052372885,0.005362371290009061,0.022642611892644875,0.09292769233537095,0.05849538628300451,0.00016184182321672702,23,26,0.08956596001201846,0.09408910811188873,True,False,False,8.198411810716978e-06,COMPLETE
329,0.4380358278751374,2025-04-17 18:22:25.310648,2025-04-17 18:22:46.281867,0 days 00:00:20.971219,0.8134601100124232,0.24375236967386732,2,0.2348589458210866,0.03009734243852996,0.002646784676172253,0.026326901781075975,0.09509882732516826,0.047393747333813796,0.0001882202569205762,22,33,0.0878494896192107,0.10138692826293384,True,False,False,3.332045298594164e-05,COMPLETE
330,0.4219381034374238,2025-04-17 18:22:46.386494,2025-04-17 18:23:08.096751,0 days 00:00:21.710257,0.8546793706565502,0.2867626456860217,2,0.25481513358129315,0.02425843226863446,0.005402238160049151,0.0261940862391644,0.0914839383304498,0.04570239978143648,0.00046042191972600036,23,34,0.08577388008714526,0.10960273445985318,True,False,False,5.233747212440195e-05,COMPLETE
331,0.29579894542694096,2025-04-17 18:23:08.203183,2025-04-17 18:23:29.027038,0 days 00:00:20.823855,0.8312510171905221,0.27683448895310714,2,0.24002848396042714,0.016830301459138875,0.007376014829169464,0.03982806550118499,0.09469579573496882,0.0472863793339845,0.00028402325184301167,22,28,0.09100281822603276,0.1096510923849178,False,False,False,0.0003204154015784976,COMPLETE
332,0.4352691411972046,2025-04-17 18:23:29.131161,2025-04-17 18:23:50.122410,0 days 00:00:20.991249,0.8818055649428806,0.3109526188768861,2,0.22754305219223764,0.03469071300751943,0.0038405258242237518,0.020046709390054786,0.017318378060076585,0.05052612666994176,0.00014409148952684191,22,35,0.08970431437798303,0.10103345125620904,True,False,False,0.000420507668269005,COMPLETE
333,0.44363138675689695,2025-04-17 18:23:50.240383,2025-04-17 18:24:11.884308,0 days 00:00:21.643925,0.8648609675276311,0.3403444500045868,2,0.26717360730340145,0.015128940772740978,0.0016925794249314612,0.026136688540564477,0.09087483245270223,0.044639486676905454,0.00011427094280544117,23,29,0.08526793074873427,0.09402926216472555,True,False,False,0.00030188781768417734,COMPLETE
334,0.4130812108516694,2025-04-17 18:24:11.988809,2025-04-17 18:24:32.801124,0 days 00:00:20.812315,0.4348194227273768,0.3588215153896352,2,0.2986429945805215,0.015942295122661144,0.0011924341033063908,0.022954488549960815,0.09315464689076396,0.06061705545785979,0.00010416746391865312,22,24,0.0833088877515375,0.08784922168206216,True,False,False,0.00040090645767739097,COMPLETE
335,0.09234625697135926,2025-04-17 18:24:32.907355,2025-04-17 18:24:53.550945,0 days 00:00:20.643590,0.8019268748263051,0.3182463215445101,2,0.2766622686010325,0.0043014461431120955,0.0011920591339773454,0.09783500784403677,0.09488605335736065,0.044349418646958884,0.0001197168599089572,22,28,0.08508504054018184,0.09103899431250236,True,False,False,3.361582313742947e-06,COMPLETE
336,0.43767778277397157,2025-04-17 18:24:53.656409,2025-04-17 18:25:14.586387,0 days 00:00:20.929978,0.8458010375378142,0.2952049707299148,2,0.2221878967243459,0.01307944735645439,0.00782416717130284,0.02053894809395206,0.09999261142024961,0.04535355606426984,9.579565603725215e-05,22,36,0.08759863848826414,0.09454388011373772,True,False,False,0.00029082672223929295,COMPLETE
337,0.3240225672721863,2025-04-17 18:25:14.704105,2025-04-17 18:25:36.754299,0 days 00:00:22.050194,0.8652284755941003,0.3499652091045973,2,0.28913858700128275,0.021269210218907653,0.0032284748611051536,0.030471389021617452,0.09621663668081834,0.05626463872502226,0.00014145681182906606,23,41,0.012085429355757099,0.09874082929477859,True,False,False,0.0005061157203883412,COMPLETE
338,0.41785383224487305,2025-04-17 18:25:36.861691,2025-04-17 18:25:57.095740,0 days 00:00:20.234049,0.8814252314214466,0.38716593395133914,2,0.24868573998924393,0.009774762705728118,0.005805026865282205,0.03169246996782514,0.0910540503686103,0.04898331288940731,0.0001104370888810677,21,33,0.08598860040603823,0.08415538607830211,True,False,False,0.00026783360273247334,COMPLETE
