number,value,datetime_start,datetime_complete,duration,params_alpha-eval,params_alpha-train,params_batch-size,params_eps-eval,params_eps-train,params_lambda-actions-eval,params_lambda-actions-train,params_lambda-frames-eval,params_lambda-frames-train,params_learning-rate,params_n-epochs,params_n-frames,params_radius-gw,params_rho,params_std-feats,params_ub-actions,params_ub-frames,params_weight-decay,state
1241,0.40735309123992924,2025-04-10 22:47:12.567571,2025-04-10 22:47:19.178575,0 days 00:00:06.611004,0.2496595457930643,0.08688819786458776,16,0.03699557500642707,0.0228011180178085,0.08326628808325895,0.07096829113003038,0.04308021138821692,0.02821947419519985,6.571824766278681e-05,5,37,0.07005320377368467,0.029380487255557534,True,True,False,3.797586475546318e-08,COMPLETE
1242,0.09380547255277635,2025-04-10 22:47:19.579103,2025-04-10 22:47:26.344297,0 days 00:00:06.765194,0.238924421380711,0.10180340813603954,16,0.17669364251998895,0.012241990393793332,0.05505626735734964,0.07437045904143484,0.04067895233224829,0.03027506080440149,0.00011046257763060521,6,72,0.06491461987361631,0.04142621469565886,True,True,False,6.757769971614243e-08,COMPLETE
1243,0.26021917462348937,2025-04-10 22:47:26.748364,2025-04-10 22:47:33.604605,0 days 00:00:06.856241,0.3293848451586779,0.14083308095650549,16,0.045912855055238434,0.018566110206490512,0.08748398140861138,0.07311622461520129,0.09208493637455732,0.023249683849486988,8.529500952114443e-05,7,52,0.06295756095036988,0.050218574526455347,True,True,False,1.566960458268116e-07,COMPLETE
1244,0.42446997165679934,2025-04-10 22:47:34.006441,2025-04-10 22:47:40.938636,0 days 00:00:06.932195,0.28474141076122067,0.06917788188659868,16,0.04210264183227943,0.028363897194970115,0.08163449935776643,0.07966858291174955,0.03856998581243733,0.01862780736184084,4.724558699757993e-05,8,46,0.06665983829173995,0.08452183661314341,True,True,False,1.0932977415515797e-07,COMPLETE
1245,0.32991459369659426,2025-04-10 22:47:41.337913,2025-04-10 22:47:48.007272,0 days 00:00:06.669359,0.21159507427570412,0.1208012518359653,16,0.054965316451016474,0.008386456382681949,0.09056362007548147,0.07671607862133908,0.04488192513035035,0.03306120402071744,5.571075032287172e-05,6,42,0.059714126904318675,0.06824371586621664,True,True,False,5.1131048194753136e-08,COMPLETE
1246,0.23891447186470033,2025-04-10 22:47:48.411448,2025-04-10 22:47:55.012479,0 days 00:00:06.601031,0.3032553256373034,0.08417125735999753,16,0.02874951182896642,0.015052125929581462,0.08484300171651103,0.06767266277066057,0.0359735973325599,0.015589003068431397,9.662300178934054e-05,5,49,0.032588360240026835,0.05687988245295233,True,True,False,8.762433837007195e-08,COMPLETE
1247,0.37411463856697086,2025-04-10 22:47:55.424107,2025-04-10 22:48:02.147804,0 days 00:00:06.723697,0.26330275454702673,0.16533694664014587,16,0.06724543749022842,0.03436388227110849,0.08837461437942996,0.07008212807503969,0.04159583244892466,0.027591570664490174,0.0001520663472711969,6,55,0.05465894989438376,0.06142520221041957,True,True,False,2.8018438136240286e-07,COMPLETE
1248,0.4197621047496796,2025-04-10 22:48:02.552375,2025-04-10 22:48:09.214619,0 days 00:00:06.662244,0.1931636456064065,0.054933960710349714,16,0.03566568913128416,0.022584716389388842,0.08016146880317887,0.07559940109507939,0.046916081471843465,0.021045021654786035,7.474642951390696e-05,5,39,0.061440705951649445,0.07290124880879972,True,True,False,6.984495165545515e-08,COMPLETE
1249,0.3324661493301392,2025-04-10 22:48:09.619679,2025-04-10 22:48:16.420209,0 days 00:00:06.800530,0.15494736178874433,0.09735824269619198,16,0.049644848066679424,0.005428055085495231,0.07476730451829561,0.07826087464944445,0.03868402330184385,0.03678810339573674,0.00011796277562301992,6,44,0.05800711586620157,0.044605110155111954,True,True,False,3.710700561629265e-08,COMPLETE
1250,0.4023106813430786,2025-04-10 22:48:16.820932,2025-04-10 22:48:23.694133,0 days 00:00:06.873201,0.22642673624791212,0.12149594834674184,16,0.05945242484408041,0.012334896420895395,0.09365396842707105,0.0851566182447431,0.032526634204822324,0.023733728799597398,8.109391860917479e-05,7,62,0.06502740976427546,0.19203211548085303,True,True,False,2.003306042808729e-07,COMPLETE
1251,0.3701297521591187,2025-04-10 22:48:24.095562,2025-04-10 22:48:30.824666,0 days 00:00:06.729104,0.2602249080221893,0.07864774304542174,16,0.04297039354080122,0.019338852915396935,0.08600010139112692,0.0719171293792955,0.05101521667340029,0.03173128863041372,0.00010589027684877466,5,30,0.06848620638007029,0.05203877166303709,True,True,False,1.303569384189945e-07,COMPLETE
1252,0.4279345214366913,2025-04-10 22:48:31.230220,2025-04-10 22:48:38.175323,0 days 00:00:06.945103,0.28708727545919116,0.1387157552922648,16,0.05237418632108429,0.027291125968072306,0.09122633647380296,0.06223094613179125,0.04296828095395449,0.029175387210991898,6.584953392571505e-05,6,119,0.06273159333563295,0.03721421033077331,True,True,False,9.989401989429006e-08,COMPLETE
1253,0.4265525281429291,2025-04-10 22:48:38.578336,2025-04-10 22:48:45.180662,0 days 00:00:06.602326,0.2390512410063094,0.10580977822179474,16,0.036080860061417,0.00995563973220126,0.08948580090402264,0.08071712383736454,0.03983651877970893,0.02612212772061505,8.480894756841741e-05,5,46,0.05112799839624259,0.06418807453904611,True,True,False,2.825827749352479e-08,COMPLETE
1254,0.3721177399158478,2025-04-10 22:48:45.590818,2025-04-10 22:48:55.531243,0 days 00:00:09.940425,0.32418502977325847,0.052982011686125416,2,0.04522084073839165,0.017331916312589245,0.08269247708673765,0.07380903747962814,0.03665867403870546,0.03433174131481398,0.00012862891478346557,6,35,0.07195429407880745,0.12720146357454865,True,True,True,4.6878376991778846e-08,COMPLETE
1255,0.388720840215683,2025-04-10 22:48:55.953008,2025-04-10 22:49:03.221726,0 days 00:00:07.268718,0.21682994045722462,0.08861322635273983,16,0.02866932581121518,0.04221853763791619,0.08424609009953167,0.08274245667888402,0.0342229604042677,0.019065979344254313,5.496232503450347e-05,7,50,0.05631801552610542,0.05739137555461961,True,False,False,1.5033761685766002e-07,COMPLETE
1256,0.09234625697135926,2025-04-10 22:49:03.630953,2025-04-10 22:49:10.033631,0 days 00:00:06.402678,0.2802455305681747,0.06893266658158702,16,0.06124655811093249,0.024886488567929542,0.0870159480474153,0.07593427520601412,0.05366695297026339,0.023051048022246626,0.02732153234174153,5,40,0.060102235380329036,0.04696873633766281,False,True,False,6.320155395154357e-08,COMPLETE
1257,0.2209368944168091,2025-04-10 22:49:10.443893,2025-04-10 22:49:17.591335,0 days 00:00:07.147442,0.30956624361762186,0.10650626972450186,16,0.03866845471162722,0.006911646582307127,0.08052098178184768,0.07775394736838011,0.044919112409107426,0.04018538183469111,9.518608096891628e-05,10,43,0.06627499731189555,0.03050344669002908,True,True,False,1.8259180871912416e-07,COMPLETE
1258,0.2955210983753205,2025-04-10 22:49:18.001167,2025-04-10 22:49:24.728377,0 days 00:00:06.727210,0.2520631310674088,0.04187881331906476,16,0.05025234703264971,0.014078209141673355,0.09283510600559583,0.07295616945745623,0.04104962369975387,0.029683616613160206,0.00018315303776771072,6,47,0.058474112465163146,0.079520272954224,True,True,False,8.367588893483115e-08,COMPLETE
1259,0.3958602607250214,2025-04-10 22:49:25.135190,2025-04-10 22:49:31.979257,0 days 00:00:06.844067,0.19300926270187346,0.15047516025418756,16,0.02463867684114108,0.0327057154402716,0.08931965577737482,0.0698948428329917,0.04260837254626177,0.03851382289419288,6.848172783323674e-05,7,58,0.05321836494134899,0.04088380165775614,True,True,False,1.0733094245550478e-07,COMPLETE
1260,0.31536467671394347,2025-04-10 22:49:32.387374,2025-04-10 22:49:39.727851,0 days 00:00:07.340477,0.2344100536580361,0.12596177382418308,8,0.0558927935617925,0.019652763450616076,0.078050175424806,0.07968707175141682,0.04684631857313898,0.01629660990056581,0.00010225562218776996,8,45,0.06349620095985414,0.05161993195218085,True,True,False,3.867593460524351e-08,COMPLETE
1261,0.3661537647247315,2025-04-10 22:49:40.139290,2025-04-10 22:49:46.716067,0 days 00:00:06.576777,0.27001831044213376,0.08156337469491504,16,0.043765159276787965,0.0045336579252797105,0.08603435401490266,0.07481922032939956,0.0946516532001945,0.02510773852762241,4.0477284965975464e-05,5,51,0.061270816665190034,0.022665713948692077,True,True,False,2.4314499287661266e-07,COMPLETE
1262,0.42307355999946594,2025-04-10 22:49:47.122833,2025-04-10 22:49:53.890669,0 days 00:00:06.767836,0.3348130898867109,0.1107615558737076,16,0.03187094920503612,0.027190549481593197,0.08457695035109909,0.07696801605117384,0.038956086144378496,0.045732184919197144,7.755006259340183e-05,6,39,0.06445159686518317,0.06789256373442729,True,True,False,3.368191147679563e-07,COMPLETE
1263,0.4066786766052246,2025-04-10 22:49:54.307045,2025-04-10 22:50:00.909108,0 days 00:00:06.602063,0.2991174367521016,0.060333084486389174,16,0.06629004813285932,0.013547130766354578,0.09131750048521382,0.081607824232517,0.09696836665137368,0.02069999452776343,0.00012053134213625048,5,42,0.05554194498272582,0.060230757756846394,True,True,False,5.294409455362961e-08,COMPLETE
1264,0.417342096567154,2025-04-10 22:50:01.320260,2025-04-10 22:50:08.151823,0 days 00:00:06.831563,0.17852534928318237,0.09653206042094808,16,0.047627070738645846,0.021515085003664808,0.08760749318424804,0.07092816939644508,0.03556892063514608,0.027397254572111323,6.081977665463243e-05,6,49,0.0696064935953202,0.07459747502268657,True,True,False,1.3315419252191985e-07,COMPLETE
1265,0.32171013951301575,2025-04-10 22:50:08.560126,2025-04-10 22:50:15.413287,0 days 00:00:06.853161,0.21532349228727227,0.13265096961854256,16,0.03972369037720197,0.0005294309909587638,0.08245791523299904,0.07829884634648192,0.04400177304477122,0.031772172699457334,0.0001531982683184032,7,37,0.05937159738321378,0.05395561295427836,True,True,False,2.7212154157943837e-08,COMPLETE
1266,0.09234625697135926,2025-04-10 22:50:15.820329,2025-04-10 22:50:22.392858,0 days 00:00:06.572529,0.2563132130633723,0.16699982609968322,16,0.05451472952743427,0.00012903560970067146,0.0043807610786359835,0.07316256567995276,0.032194024767121375,0.013016818344382097,8.91141101660903e-05,6,45,0.06748254761456805,0.036932870486132856,True,True,False,1.607528622053377e-07,COMPLETE
1267,0.09234625697135926,2025-04-10 22:50:22.803676,2025-04-10 22:50:29.282834,0 days 00:00:06.479158,0.04271286708808397,0.07243522810593996,16,0.13185766295157764,0.011059169829929083,0.09388857333635706,0.067178553136842,0.09291505561048248,0.03567878392577601,4.96875462754108e-05,5,55,0.062163067110886164,0.04602277936436071,True,True,False,7.177148014436182e-08,COMPLETE
1268,0.41615353226661683,2025-04-10 22:50:29.691609,2025-04-10 22:50:36.302551,0 days 00:00:06.610942,0.28501055459019664,0.8377223796873505,16,0.018667957826171148,0.03561416833607569,0.08926868796561069,0.0755376278834392,0.04091402623937288,0.02254908061849724,7.200770918983738e-05,5,42,0.057620609312444615,0.06405781320271749,True,True,False,4.3699593424495346e-08,COMPLETE
1269,0.1632307380437851,2025-04-10 22:50:36.711160,2025-04-10 22:50:43.378447,0 days 00:00:06.667287,0.2385779097141141,0.03593124069560099,16,0.10915396729722643,0.017884343807994595,0.08381461714762697,0.07887753843222282,0.037270551072005026,0.030094483964879563,0.0001026830559172358,6,48,0.06535329644042004,0.057969365916283905,True,True,False,1.8333114882222115e-05,COMPLETE
1270,0.4291272282600403,2025-04-10 22:50:43.786222,2025-04-10 22:50:50.587524,0 days 00:00:06.801302,0.26910076376392766,0.09425829819839401,16,0.03305729172716474,0.02798615177735736,0.08607240329513784,0.087228133761664,0.06346896593531748,0.01764079423889644,8.352906064121512e-05,7,40,0.06098235344571443,0.04993562781589849,True,True,False,1.0430815157478086e-07,COMPLETE
1271,0.37420539259910585,2025-04-10 22:50:51.030632,2025-04-10 22:50:57.787732,0 days 00:00:06.757100,0.30807021919413297,0.1183462984398757,16,0.062305332445463144,0.010374518999020147,0.07640706293489338,0.06442292560356917,0.048888209255887,0.033872431726715876,0.00012557295393980384,5,110,0.06243129167936796,0.040943050184001586,True,True,False,8.079120202998316e-07,COMPLETE
1272,0.4239998877048493,2025-04-10 22:50:58.205878,2025-04-10 22:51:05.165025,0 days 00:00:06.959147,0.2064667065964411,0.06107456869075176,16,0.04784834998260522,0.019484992890641473,0.09182354949653886,0.09275459073586056,0.04258699328544871,0.024972557517354558,6.578931619430704e-05,8,53,0.0592515539168121,0.09529285768261016,True,True,False,3.386147915242943e-08,COMPLETE
1273,0.15616467893123626,2025-04-10 22:51:05.580246,2025-04-10 22:51:12.649802,0 days 00:00:07.069556,0.22673288713379575,0.5702734845683024,16,0.03896716605383289,0.006552264089680337,0.08785518626909085,0.07235599449546305,0.03414440978753211,0.02776768029273526,9.188102393172781e-05,11,33,0.06383981369054006,0.03463737087461726,False,True,True,5.925250470302158e-08,COMPLETE
1274,0.4259217441082001,2025-04-10 22:51:13.066223,2025-04-10 22:51:19.775274,0 days 00:00:06.709051,0.25263031039466494,0.0858424233159041,16,0.053200723597461974,0.014477377677083111,0.08126744355620236,0.0749831670458801,0.04524603480953723,0.02115300828795663,0.00010908938530757754,6,45,0.06685225821195821,0.06925271375218718,True,True,False,3.7622059346983654e-06,COMPLETE
1275,0.37544447779655454,2025-04-10 22:51:20.189934,2025-04-10 22:51:27.353166,0 days 00:00:07.163232,0.2914671560576868,0.14996329552128876,16,0.04380596006507798,0.02328562459370232,0.09023695143405247,0.0833794106293475,0.040889730455649725,0.019098510390381115,7.711721205052185e-05,6,67,0.05639430872951907,0.054122999524729695,True,False,False,1.1918968650167948e-07,COMPLETE
1276,0.23732270002365113,2025-04-10 22:51:27.771028,2025-04-10 22:51:37.081519,0 days 00:00:09.310491,0.33884780401173076,0.11185641178495274,2,0.0591889462786622,0.030726024684591895,0.08387631415204627,0.07699068888617139,0.03885017999684112,0.032123119435186136,5.5637977855103256e-05,5,47,0.05396400511760378,0.04530904644175718,True,True,False,8.392358795673539e-08,COMPLETE
1277,0.35795943737030034,2025-04-10 22:51:37.492594,2025-04-10 22:51:44.130238,0 days 00:00:06.637644,0.27251353938785255,0.04763527210463684,16,0.009486134014756158,0.008788470641722227,0.07909611267695206,0.0687374063308713,0.03689966155522022,0.026365904722371256,0.00015113947929597482,5,43,0.07099946080366044,0.06093075410870387,True,True,False,2.0610849628656875e-07,COMPLETE
1278,0.09234625697135926,2025-04-10 22:51:44.546465,2025-04-10 22:51:51.224915,0 days 00:00:06.678450,0.31526887695718275,0.6128246986308192,16,0.03552945077224255,0.023771392641459593,0.08597846943974599,0.07973411920082116,0.04368881654895065,0.02296507670063545,0.018456454210178403,7,37,0.060566488290516224,0.029124970674422934,True,True,False,1.5158024547804676e-07,COMPLETE
1279,0.36796829700469974,2025-04-10 22:51:51.640839,2025-04-10 22:51:58.410462,0 days 00:00:06.769623,0.24097886110380812,0.13180965913021347,16,0.024083731417019173,0.01594591820649633,0.09384047240417932,0.0713806940620778,0.046159893009563184,0.030050800615414798,9.233046021336518e-05,6,51,0.06408445876249151,0.04989465674225249,True,True,False,4.930435622838313e-08,COMPLETE
1280,0.3713407933712006,2025-04-10 22:51:58.825805,2025-04-10 22:52:05.437769,0 days 00:00:06.611964,0.6136442658521937,0.07590256514555596,16,0.04929203483138382,0.040428571457303636,0.08231904640578583,0.07422279625567758,0.09136568213070682,0.0335470007691702,6.690437445076856e-05,5,40,0.06854670809460721,0.04181663389602135,True,True,False,2.6270356567140436e-08,COMPLETE
1281,0.34063699245452883,2025-04-10 22:52:05.850909,2025-04-10 22:52:12.605670,0 days 00:00:06.754761,0.2908665917765177,0.10337756593709448,16,0.041803737216900685,0.01453369506936739,0.08749748970918646,0.08104735898415302,0.04025860301705525,0.03712844999423069,0.00011379713762384938,6,47,0.05734852793775301,0.06579331127888789,True,True,False,7.402079842114184e-08,COMPLETE
1282,0.4227649986743927,2025-04-10 22:52:13.017525,2025-04-10 22:52:19.846185,0 days 00:00:06.828660,0.19608897486033028,0.029109275119236958,16,0.029909238476926968,0.006151982150354917,0.09179793098459615,0.07613372073763154,0.03137163166985299,0.02823542180681473,7.804246459218034e-05,7,43,0.05025008387619904,0.07643589759852866,True,True,False,9.55505367095719e-08,COMPLETE
1283,0.20454930067062377,2025-04-10 22:52:20.259357,2025-04-10 22:52:27.142952,0 days 00:00:06.883595,0.2642100685586757,0.08677200535184193,8,0.05584332191372204,0.020845653721377852,0.08947512481881022,0.0782347761148377,0.034887427504754924,0.024990861051184428,0.00013519911716670046,5,50,0.06221158706950614,0.05693383284648675,True,True,False,2.696889158369708e-07,COMPLETE
1284,0.25692120790481565,2025-04-10 22:52:27.576356,2025-04-10 22:52:34.256671,0 days 00:00:06.680315,0.22627470797944443,0.1210627944690319,16,0.06784699902220767,0.030509484664233297,0.084574985754659,0.07374238903607626,0.0388678640379227,0.02026452197802537,0.00021273491686850602,6,45,0.06576123498833483,0.048841331984199085,True,True,False,1.7679872084356854e-07,COMPLETE
1285,0.3280612051486969,2025-04-10 22:52:34.674201,2025-04-10 22:52:42.295429,0 days 00:00:07.621228,0.1777871719747145,0.0660265946988354,16,0.048479564343137105,0.010838635164923439,0.09417781345076978,0.06953138429840863,0.041928833356990734,0.03567307485163416,3.5807016118613895e-05,14,59,0.0588625335606426,0.034087171274311295,True,True,False,1.259326677918327e-07,COMPLETE
1286,0.4169411659240723,2025-04-10 22:52:42.716013,2025-04-10 22:52:49.488444,0 days 00:00:06.772431,0.2460306253689667,0.6328823924759475,16,0.040498424513416995,0.02588665924346272,0.08767066923464092,0.0768142186143317,0.04415196493428891,0.016068760565238243,5.1964358482642326e-05,6,40,0.07275642077911978,0.06984189405993058,True,True,False,3.400541729309767e-08,COMPLETE
1287,0.3727832674980164,2025-04-10 22:52:49.904760,2025-04-10 22:52:56.489202,0 days 00:00:06.584442,0.32458650073232576,0.09670781878446819,16,0.060136775502851736,0.019754138194237315,0.08056237759810654,0.0719728169292438,0.03660380691301812,0.023572110285229268,9.947977072590168e-05,5,35,0.06054721864935112,0.05492297931345385,True,True,False,4.325119645979241e-08,COMPLETE
1288,0.42031289339065553,2025-04-10 22:52:56.907115,2025-04-10 22:53:03.651126,0 days 00:00:06.744011,0.2736738910367793,0.14559118902065823,16,0.034513864372174734,0.005844563728645479,0.08531716500481636,0.07955418011870673,0.04699911913779036,0.026681954141243927,6.050459620294007e-05,6,53,0.052400413499200195,0.042944199831904145,True,True,False,5.679283838812775e-08,COMPLETE
1289,0.3632110595703125,2025-04-10 22:53:04.067421,2025-04-10 22:53:10.865102,0 days 00:00:06.797681,0.217411304465686,0.055695277680998724,16,0.04585734895144985,0.015263912506242925,0.09554341837002849,0.08259800749611995,0.042055194449827894,0.01778509593292559,8.053271935232672e-05,7,48,0.05604692615774471,0.059403766213985645,True,True,False,2.0750487365736204e-07,COMPLETE
1290,0.4267624020576477,2025-04-10 22:53:11.282984,2025-04-10 22:53:17.923187,0 days 00:00:06.640203,0.15476237782186977,0.1137758512693697,16,0.05262642784314836,0.03461206440354748,0.09052555933282928,0.06641483222943853,0.033710505331235534,0.03155685451909792,0.0001168142444342713,5,43,0.06321255600304655,0.06359452431564189,True,True,False,9.706446499491623e-08,COMPLETE
1291,0.37920958995819093,2025-04-10 22:53:18.339368,2025-04-10 22:53:25.149443,0 days 00:00:06.810075,0.285471451778599,0.0782995338802065,16,0.02791670211649828,0.17083111218632097,0.08293558830070044,0.0751551611307021,0.03931420507515325,0.028968999313644234,4.377912854848641e-05,6,45,0.06650486195879428,0.03882110971339991,True,True,False,1.3542059115891583e-07,COMPLETE
1292,0.23840384483337407,2025-04-10 22:53:25.572588,2025-04-10 22:53:32.191724,0 days 00:00:06.619136,0.3052313337369201,0.17316588481619144,16,0.04183461565366147,0.023500438377707995,0.09259816100474862,0.07729514291921355,0.031102049524201616,0.021669692739913368,6.747179472498141e-05,5,38,0.06884418464552161,0.05155878515550152,True,False,True,8.343196647449516e-08,COMPLETE
1293,0.16897896230220794,2025-04-10 22:53:32.608710,2025-04-10 22:53:39.314673,0 days 00:00:06.705963,0.25477243415722334,0.046537166898389354,16,0.019343958278217263,0.010941811639051531,0.08885714724753391,0.07304429866671942,0.09626291218077702,0.01950671274023127,9.339372308183726e-05,7,41,0.058606738332406906,0.046075893840899315,False,True,False,6.115250016829455e-08,COMPLETE
1294,0.16391804218292239,2025-04-10 22:53:39.731231,2025-04-10 22:53:46.714880,0 days 00:00:06.983649,0.19756868716531314,0.1359507899831184,16,0.05391852688740997,0.01697174149983819,0.08635327304792004,0.08089455593754512,0.037570683361964466,0.014352782214981631,0.00030047113813561017,9,56,0.09383282808683344,0.002475882306580232,True,True,False,2.998258938131049e-08,COMPLETE
1295,0.20119110047817232,2025-04-10 22:53:47.138140,2025-04-10 22:53:53.687502,0 days 00:00:06.549362,0.23303841036392728,0.1011951297314326,16,0.16446133364307117,0.004879824527907398,0.07969232876572807,0.07048512182829786,0.009315423351935491,0.024560706168616733,2.8911472119379854e-05,6,48,0.061673327868257286,0.07045577278596735,True,True,False,1.1320942999275696e-07,COMPLETE
1296,0.351049542427063,2025-04-10 22:53:54.124757,2025-04-10 22:54:02.196309,0 days 00:00:08.071552,0.2664044947328326,0.0722933463367306,16,0.0627735912443699,0.027558274979419317,0.08218652330613108,0.0758460071392749,0.04333765525717894,0.04081658605630196,8.01099559516684e-05,20,45,0.06540585053007672,0.0565231183080706,True,True,False,1.6842291602596215e-07,COMPLETE
