number,value,datetime_start,datetime_complete,duration,params_alpha-eval,params_alpha-train,params_batch-size,params_eps-eval,params_eps-train,params_lambda-actions-eval,params_lambda-actions-train,params_lambda-frames-eval,params_lambda-frames-train,params_learning-rate,params_n-epochs,params_n-frames,params_radius-gw,params_rho,params_std-feats,params_ub-actions,params_ub-frames,params_weight-decay,state
1476,0.4539333403110505,2025-04-17 22:14:48.973399,2025-04-17 22:14:59.472763,0 days 00:00:10.499364,0.13588406486465832,0.8383819013219478,2,0.15476249167256065,0.03559148313737932,0.02267523930708243,0.04062743441184328,0.05524938212609672,0.08363403149316079,0.00020517778054380585,5,45,0.06633926421086216,0.22369820156185088,True,False,False,1.925300975102368e-06,COMPLETE
1477,0.4013176321983338,2025-04-17 22:14:59.974795,2025-04-17 22:15:10.943981,0 days 00:00:10.969186,0.18491136544325457,0.8637944620238447,2,0.16967629564429154,0.029533611717750968,0.0847596053529646,0.04430585617210105,0.053346063320759154,0.08267339179141947,0.0001544494432571952,6,43,0.0739545451055897,0.2207152953301693,False,False,False,1.3269909395605721e-06,COMPLETE
1478,0.43704686760902406,2025-04-17 22:15:11.426987,2025-04-17 22:15:22.582628,0 days 00:00:11.155641,0.16280234370307292,0.9057153435483546,2,0.1736305284165125,0.0425392578772545,0.08561655596801208,0.04200693373699031,0.05698965337788612,0.07963485251211819,0.00010561890651727737,6,48,0.07252061920207598,0.23422490240680072,True,False,False,1.8980751605875308e-06,COMPLETE
1479,0.09234625697135926,2025-04-17 22:15:23.065441,2025-04-17 22:15:35.302994,0 days 00:00:12.237553,0.1258770816984757,0.8754680108442612,2,0.15511526452265498,0.014156957040113181,0.08940790914158123,0.043414561519178996,0.05523661727748059,0.0751849981930207,0.0002041745547744341,8,44,0.07232195818902964,0.21482528970225054,True,False,False,1.1735541929424156e-06,COMPLETE
1480,0.4388917446136475,2025-04-17 22:15:35.782854,2025-04-17 22:15:46.184302,0 days 00:00:10.401448,0.1986362352988159,0.8392070216438575,2,0.1519224601179718,0.02551964785080609,0.08373614518551621,0.03584087657958006,0.053291599438309155,0.0862558781493192,0.00012896170783267206,5,43,0.0785340943243353,0.2236105101063677,True,False,False,1.5240987093770684e-06,COMPLETE
1481,0.456937050819397,2025-04-17 22:15:46.690179,2025-04-17 22:15:58.556134,0 days 00:00:11.865955,0.17385913106106415,0.8861095491077088,2,0.16276828734334411,0.03595498900945954,0.08705614062155709,0.040333443891517565,0.05249223247297661,0.08790407381503537,0.00016265169362827587,7,47,0.07544214278942159,0.23179775355060064,True,False,False,9.542339347420946e-07,COMPLETE
1482,0.4497341930866242,2025-04-17 22:15:59.042347,2025-04-17 22:16:09.630585,0 days 00:00:10.588238,0.1519619738903185,0.8571742463004622,2,0.15917672378729122,0.03146249580193415,0.08355996580051668,0.037754257646523084,0.056626742678690827,0.08874506695836844,0.00023227476196903383,5,51,0.06864869713437716,0.23409893502076354,True,False,False,1.5491232233994971e-06,COMPLETE
1483,0.40012665390968327,2025-04-17 22:16:10.119215,2025-04-17 22:16:17.866974,0 days 00:00:07.747759,0.13359867914279136,0.9019763321890168,8,0.1517210490063758,0.020634313677128313,0.09661162984292611,0.04341484301233794,0.051784360342633715,0.0778424451680978,0.00020985374128806484,6,42,0.06341086718975478,0.23722526966051355,True,False,False,1.988524161907026e-06,COMPLETE
1484,0.4512625515460968,2025-04-17 22:16:18.342128,2025-04-17 22:16:28.769928,0 days 00:00:10.427800,0.12112869938670262,0.9222360135113183,2,0.15054193623731005,0.041312477327991516,0.08647231916997268,0.04481032369155283,0.054633056222969836,0.08374840517471685,0.00017039463097882123,5,46,0.0659161644627957,0.22554665792901163,True,False,False,9.833403634266752e-07,COMPLETE
1485,0.4517388164997101,2025-04-17 22:16:29.274915,2025-04-17 22:16:40.394194,0 days 00:00:11.119279,0.17529810795830772,0.8741955714123044,2,0.18591991290981405,0.15373262700064047,0.08470896767287088,0.04103402293610632,0.051805918636249094,0.08683419068331882,0.00013913565643941606,6,42,0.07438578331569531,0.21819808948307873,True,False,False,2.0558575592949318e-06,COMPLETE
1486,0.4515785813331604,2025-04-17 22:16:40.878524,2025-04-17 22:16:52.651107,0 days 00:00:11.772583,0.15095949079345025,0.8365472414693842,2,0.16112535381628457,0.026213400513264245,0.09075721415760969,0.042455648101843615,0.054084398089274933,0.08582512774027179,0.00021854872644401903,7,44,0.0694098525008066,0.22829041293270402,True,False,False,1.5571291482904583e-06,COMPLETE
1487,0.4569404125213623,2025-04-17 22:16:53.141527,2025-04-17 22:17:03.630106,0 days 00:00:10.488579,0.13162170938204543,0.865732478657516,2,0.14328193979208326,0.03624009847840827,0.08241249892218767,0.039315257195948056,0.05115939316384916,0.08071722986289173,0.00018432958335897035,5,41,0.07296269066792223,0.2354444505462214,True,False,False,1.1550275245590446e-06,COMPLETE
1488,0.16959900259971622,2025-04-17 22:17:04.116280,2025-04-17 22:17:14.301546,0 days 00:00:10.185266,0.1847702794425678,0.9070080302913852,2,0.16588780022589655,0.03156230384002599,0.08788799880923984,0.044147904024625734,0.053473403143287794,0.06209509390135511,0.00011512902458745625,6,45,0.0678863426485067,0.22841158900162348,True,False,True,8.79356539608241e-07,COMPLETE
1489,0.1776872903108597,2025-04-17 22:17:14.806992,2025-04-17 22:17:24.261992,0 days 00:00:09.455000,0.1463304040195518,0.8876089212982916,2,0.15131737735398648,0.04247626921180569,0.08293121225894035,0.04552652321257208,0.05697754464082608,0.08892962371521221,0.0002478665197858505,5,40,0.0378647097092403,0.2349345997352066,True,True,False,1.1781345767669293e-06,COMPLETE
1490,0.4422182559967041,2025-04-17 22:17:24.743487,2025-04-17 22:17:35.924972,0 days 00:00:11.181485,0.21167581800481053,0.8471680428914365,2,0.1742526246570092,0.018439331441554897,0.044953493841849004,0.04196754500291314,0.050415408764074326,0.08570780412742025,0.00015290470724401404,6,42,0.07013372048413882,0.23961220969798602,True,False,False,1.925547578462186e-06,COMPLETE
1491,0.44171920418739324,2025-04-17 22:17:36.413652,2025-04-17 22:17:46.941062,0 days 00:00:10.527410,0.11133080520839347,0.8578699344316456,2,0.15861592493091486,0.10040182048456786,0.085655474931803,0.04560893474235907,0.05461210916358737,0.0733717805703735,0.00019400355997507842,5,49,0.06149105465517999,0.21731091371318506,True,False,False,1.374246907061489e-06,COMPLETE
1492,0.09234625697135926,2025-04-17 22:17:47.425835,2025-04-17 22:17:58.262195,0 days 00:00:10.836360,0.16531154384474814,0.9293981248312995,2,0.12861754881622975,0.010774364517843454,0.08887221523449049,0.03949799012740429,0.05170700616239046,0.08277917295082467,0.00023077497262747774,6,37,0.06521262598368818,0.2377888211208768,True,False,False,6.870967183752679e-07,COMPLETE
1493,0.40927259922027587,2025-04-17 22:17:58.767827,2025-04-17 22:18:06.187327,0 days 00:00:07.419500,0.19866544071871545,0.881507756914486,16,0.14885907837482862,0.025055163846828484,0.08414694780327121,0.043566834997604366,0.05322131777968512,0.08770747812414459,0.00026622151665312433,7,40,0.069750447422424,0.2303796396014146,True,False,False,7.266959997720199e-07,COMPLETE
1494,0.32168971300125127,2025-04-17 22:18:06.671314,2025-04-17 22:18:17.050164,0 days 00:00:10.378850,0.12424274512768772,0.9032251489373853,2,0.14074194345803515,0.03562258638234724,0.08210201331693802,0.04632106684855925,0.05201566264996283,0.07918296415031556,0.00883484338915682,5,52,0.07689112476634775,0.22500135559694853,False,False,False,1.1812024562403045e-06,COMPLETE
1495,0.4481412827968597,2025-04-17 22:18:17.536668,2025-04-17 22:18:28.615302,0 days 00:00:11.078634,0.15695079070588658,0.8363654541024768,2,0.15874920230382145,0.0308721240470805,0.09265753825567198,0.037121422643184174,0.05703407048059921,0.09053442035072412,0.00017561571872830566,6,44,0.036562684512856804,0.23782556067755484,True,False,False,2.1110321336052577e-06,COMPLETE
1496,0.41826878190040595,2025-04-17 22:18:29.122763,2025-04-17 22:18:39.596915,0 days 00:00:10.474152,0.14160013226958418,0.8626282311859657,2,0.16603175097636344,0.042480912698235944,0.0682804739502291,0.04221521707007994,0.05034426281743084,0.08286972548686045,8.62400769292586e-05,5,38,0.07524052829267618,0.243534066311906,True,False,False,1.598009068744631e-06,COMPLETE
1497,0.44152860045433046,2025-04-17 22:18:40.089406,2025-04-17 22:18:51.134620,0 days 00:00:11.045214,0.11258031366178799,0.8866389272849786,2,0.11886094824161453,0.02277168618464743,0.08505964617816426,0.04433382578484737,0.04893792018231471,0.08866509297390018,0.00013509241256230345,6,47,0.06876035051999033,0.22192891846784596,True,False,False,0.000738853443087326,COMPLETE
1498,0.45866228342056276,2025-04-17 22:18:51.627396,2025-04-17 22:19:02.045837,0 days 00:00:10.418441,0.19041274261075553,0.9139312023860322,2,0.14510977125434002,0.029609454316957367,0.08713940519299768,0.04040501878224872,0.054782111918890514,0.08529297851190026,0.0002078923379918432,5,41,0.03901956789264135,0.241922208608008,True,False,False,8.645928274121522e-07,COMPLETE
1499,0.4568250417709351,2025-04-17 22:19:02.536502,2025-04-17 22:19:13.599802,0 days 00:00:11.063300,0.15875098975021354,0.8317627085910333,2,0.15446247916513467,0.03715453898853713,0.08142835908892357,0.046495393582933864,0.05062066587802197,0.08074112022854456,0.0001613869097979637,6,36,0.07138205456468844,0.2436451675680158,True,False,False,2.2255852880607207e-06,COMPLETE
1500,0.4211336791515351,2025-04-17 22:19:14.106678,2025-04-17 22:19:25.825290,0 days 00:00:11.718612,0.17325282948382517,0.8757021375603736,2,0.13503194428776194,0.01662896743496127,0.026396059946834128,0.043604143366780625,0.04847924146965771,0.0873396740036632,0.0027636801622290285,7,44,0.03602056722096393,0.23541341519812756,True,False,False,1.6323416543587266e-06,COMPLETE
1501,0.4271043956279755,2025-04-17 22:19:26.322060,2025-04-17 22:19:42.395099,0 days 00:00:16.073039,0.137589429664632,0.8540318583029908,2,0.15109935215453915,0.04393551240851867,0.060755661856646034,0.0386384015140832,0.05216955635366806,0.09161665938445546,0.0002719830670532229,14,33,0.03962638402961633,0.22983858595538073,True,False,False,1.3251004709494867e-06,COMPLETE
1502,0.4599136769771576,2025-04-17 22:19:42.885775,2025-04-17 22:19:53.328111,0 days 00:00:10.442336,0.1234509068850279,0.8974018282129511,2,0.1582086566234357,0.025542057163411996,0.08293716284154029,0.045790094717138324,0.05345972859044859,0.08432524569879833,0.00023026778397687721,5,39,0.06212105671268216,0.24501224696814916,True,False,False,1.0346695003625387e-06,COMPLETE
1503,0.09234625697135926,2025-04-17 22:19:53.814739,2025-04-17 22:20:04.202682,0 days 00:00:10.387943,0.11135123901338194,0.9341790694897271,2,0.1633917694035732,0.015049522646842062,0.08625678454119871,0.041469384417081714,0.05598872552700904,0.08300404431378271,0.0002894258414049746,5,47,0.06504876596504473,0.24291960878872007,True,False,False,8.979695299835192e-07,COMPLETE
1504,0.44346700906753544,2025-04-17 22:20:04.729895,2025-04-17 22:20:15.147886,0 days 00:00:10.417991,0.10977738091150452,0.924360372904276,2,0.16856336223490315,0.19783190325260508,0.08830319776375466,0.044414784244180106,0.055917505247558986,0.0848590436351885,0.0002373159530301581,5,55,0.05763983736657844,0.24325566175385582,True,False,False,7.863053040782024e-07,COMPLETE
1505,0.09234625697135926,2025-04-17 22:20:15.635835,2025-04-17 22:20:25.927215,0 days 00:00:10.291380,0.12270685015341101,0.9131182102479344,2,0.15866245039382923,0.00806033297555986,0.08396143870862151,0.042111509014143754,0.05416465457739613,0.08246473543919282,0.000261697259132186,5,42,0.06067050319276896,0.234265464076315,True,False,False,9.912925975028187e-07,COMPLETE
1506,0.4133689939975739,2025-04-17 22:20:26.432945,2025-04-17 22:20:36.195860,0 days 00:00:09.762915,0.09690571355633638,0.9376227367930262,8,0.1739362547753832,0.020227871176676196,0.09026217924752504,0.04492343566964148,0.05775010956055288,0.08433040472788085,0.00022678193328949263,17,45,0.06110914990528807,0.23910511575345664,True,False,False,1.0459237503440406e-06,COMPLETE
1507,0.09234625697135926,2025-04-17 22:20:36.702690,2025-04-17 22:20:46.989254,0 days 00:00:10.286564,0.10482930884044392,0.9006432365575088,2,0.1568301098812277,0.0034345525617952982,0.08540330544699784,0.034028992967549083,0.054759791567952694,0.08561172915900342,0.0003032345117023945,5,40,0.0694642787310673,0.2442983202180093,True,False,False,1.5426487160750435e-06,COMPLETE
1508,0.3116625964641571,2025-04-17 22:20:47.499563,2025-04-17 22:20:57.105577,0 days 00:00:09.606014,0.12402931937740812,0.9183360905471988,2,0.16392313129681083,0.017479998231505933,0.08329113928671451,0.0430446206156998,0.05629214704499691,0.0779283187758905,0.00019413921248960422,5,43,0.062048412731906616,0.24670150203895874,True,False,True,1.2808130680304467e-06,COMPLETE
1509,0.18616066277027132,2025-04-17 22:20:57.600692,2025-04-17 22:21:07.105373,0 days 00:00:09.504681,0.09111146840617988,0.9003565136220864,2,0.15450932822759866,0.02314082237990827,0.08732314131637703,0.040729003932844246,0.05295580546796619,0.0807035053239781,0.0002498029234740467,5,49,0.0596556609170266,0.23928313462039594,True,True,False,1.0046334290780718e-06,COMPLETE
1510,0.45923883318901065,2025-04-17 22:21:07.593670,2025-04-17 22:21:18.011754,0 days 00:00:10.418084,0.09397405875342252,0.948355203211004,2,0.16071550152068945,0.025976382771212086,0.08440168428007239,0.04582560151615802,0.05342130427546655,0.08371059263486097,0.0001681093430268039,5,40,0.0641315465653186,0.24871517814393113,True,False,False,6.785789866236797e-07,COMPLETE
1511,0.29051477909088136,2025-04-17 22:21:18.524609,2025-04-17 22:21:28.916440,0 days 00:00:10.391831,0.07151697241570554,0.985650724978194,2,0.16697573611052416,0.013809611835542895,0.08545943076215845,0.04633367893524048,0.05407010206613628,0.08215228673996157,0.00011206803788830496,5,38,0.06294794058588737,0.24753710629717104,True,False,False,6.599812662916483e-07,COMPLETE
1512,0.45141178965568546,2025-04-17 22:21:29.410991,2025-04-17 22:21:39.832685,0 days 00:00:10.421694,0.06900641269943915,0.9970417378422401,2,0.16193609453746657,0.024058043047776492,0.0842954686644838,0.04652358771876869,0.05347107081497268,0.08399341922279761,0.00013356680770365575,5,39,0.06529268265738661,0.24350269359157087,True,False,False,6.116720635573727e-07,COMPLETE
1513,0.3994679272174836,2025-04-17 22:21:40.321707,2025-04-17 22:21:50.868280,0 days 00:00:10.546573,0.10789096470501802,0.9328884398796309,2,0.16613139707939453,0.018190245143893093,0.0883943749551813,0.04698248655372348,0.056458351808225594,0.08039970870174692,8.704300455815568e-05,5,42,0.06437604193161187,0.24689930171375607,True,False,False,6.288824415336193e-07,COMPLETE
1514,0.09234625697135926,2025-04-17 22:21:51.379061,2025-04-17 22:22:01.664157,0 days 00:00:10.285096,0.060281378547725493,0.9266113572585641,2,0.1797354138302103,0.008264309316014185,0.08648346930826988,0.04540588433797932,0.052932049592813904,0.08280228772393831,0.000147568409341303,5,36,0.06719993655131645,0.24858836844346988,True,False,False,1.1563872716027562e-06,COMPLETE
1515,0.3369552075862885,2025-04-17 22:22:02.159610,2025-04-17 22:22:09.381757,0 days 00:00:07.222147,0.1009549754063885,0.9412578350395558,16,0.1740359173823063,0.024144863394253924,0.0831085264696862,0.04741828225082244,0.05548414511717657,0.0863662124630507,0.00016125468452148835,5,108,0.06638485231377672,0.24911649104848047,False,False,False,7.510630076949401e-07,COMPLETE
1516,0.277773267030716,2025-04-17 22:22:09.881419,2025-04-17 22:22:20.312011,0 days 00:00:10.430592,0.08545291814360118,0.9520635472405696,2,0.17089207565392397,0.012050898182576465,0.08435871497158393,0.04567058359371736,0.05442189257962064,0.08412115725467087,0.0001520599692334642,5,40,0.06331607924065774,0.25090414556631446,True,False,False,6.904262592331594e-07,COMPLETE
1517,0.39609249830245974,2025-04-17 22:22:20.829298,2025-04-17 22:22:46.639634,0 days 00:00:25.810336,0.010798300829399213,0.9743156929740882,2,0.15903745704747074,0.0197529181716396,0.08166205367939058,0.04483502755959612,0.057553239447212586,0.08116337624068734,9.958395218701978e-05,29,46,0.06238134833293325,0.24759494985411695,True,False,False,8.61862259999869e-07,COMPLETE
1518,0.4397696316242218,2025-04-17 22:22:47.142140,2025-04-17 22:22:58.234881,0 days 00:00:11.092741,0.0818296884158179,0.938330103720439,2,0.1505293203094372,0.026959185908685564,0.08623328650208467,0.04776874265691946,0.052181532438788286,0.08533888149203822,0.00011410836845709783,6,43,0.06636194564122587,0.24174812414442576,True,False,False,6.990143921227286e-07,COMPLETE
1519,0.44149363636970523,2025-04-17 22:22:58.728564,2025-04-17 22:23:09.142192,0 days 00:00:10.413628,0.12323185864743606,0.9297638536649356,2,0.15923916318911188,0.02504966865738504,0.08870607804646978,0.04439298915390239,0.052411004408214446,0.08751835405458142,0.00012517482758355806,5,35,0.06328412200453465,0.25067193177071434,True,False,False,8.676833801806129e-07,COMPLETE
1520,0.4345694541931152,2025-04-17 22:23:09.635810,2025-04-17 22:23:20.026610,0 days 00:00:10.390800,0.09758117735404552,0.9566080929045482,2,0.1537863213229004,0.020487912984779724,0.08350040296463793,0.046983239174072364,0.054881160305500346,0.08329953968301405,0.00016771783752654462,5,38,0.06433116410284637,0.24583067310037165,True,False,False,7.674225961264076e-07,COMPLETE
1521,0.34905744194984434,2025-04-17 22:23:20.538310,2025-04-17 22:23:31.597842,0 days 00:00:11.059532,0.1249596754531036,0.9512152587998386,2,0.14730653678354286,0.013769582411170702,0.08125938193257018,0.049064395498828836,0.0514065513548112,0.07889898325024079,0.00018030322828633134,6,41,0.06582089683300425,0.2518488718960704,True,False,False,7.348720557101696e-07,COMPLETE
1522,0.45400320887565615,2025-04-17 22:23:32.098726,2025-04-17 22:23:42.600858,0 days 00:00:10.502132,0.035602542151969355,0.9136305392544671,2,0.16195090074718804,0.029043031456380396,0.09054863002839376,0.0440943083967799,0.0574731460153586,0.08593539103554533,0.00013431419181257577,5,45,0.06261104566964319,0.24211921074598697,True,False,False,5.446600837671426e-07,COMPLETE
1523,0.4565151393413544,2025-04-17 22:23:43.099538,2025-04-17 22:23:53.539156,0 days 00:00:10.439618,0.09311332480993392,0.9127552363329211,2,0.15569800367908282,0.027663223701446103,0.0855777933556075,0.04592081701349434,0.05316348618108408,0.0813420168186922,0.00017765351628383405,5,38,0.06734936992229472,0.2524013113128538,True,False,False,9.908604901249284e-07,COMPLETE
1524,0.43952756524086,2025-04-17 22:23:54.057535,2025-04-17 22:24:05.040395,0 days 00:00:10.982860,0.10627408627393087,0.9777603788061988,2,0.14868170378596965,0.01997483189115967,0.08337766055848712,0.04803879332332346,0.051090457119545324,0.08818282829999947,0.0001394902041193472,6,33,0.06707298208879646,0.23820025322415037,True,False,False,8.663467838772803e-07,COMPLETE
1525,0.4493384063243866,2025-04-17 22:24:05.533153,2025-04-17 22:24:15.913685,0 days 00:00:10.380532,0.13742760611995838,0.8945813140245825,2,0.17007016615253664,0.029718561502638435,0.08759308347829525,0.04321641787924776,0.05423724109177871,0.08480597961314605,0.0001942345785473464,5,42,0.060777126948809726,0.25079717073526986,True,False,False,5.840867918557361e-07,COMPLETE
1526,0.39999087452888493,2025-04-17 22:24:16.408281,2025-04-17 22:24:27.556620,0 days 00:00:11.148339,0.06497766677637613,0.9481082808557874,2,0.16675329116682538,0.02559847660774169,0.08193907800437673,0.04947211063595297,0.05162500234642231,0.08284715552992916,0.00011335466441901815,6,51,0.06396161497759115,0.24768694714714667,True,False,False,1.1453910946479728e-06,COMPLETE
1527,0.33239094018936155,2025-04-17 22:24:28.050673,2025-04-17 22:24:35.407859,0 days 00:00:07.357186,0.1127693147619376,0.9655345807931379,8,0.14198243625075835,0.0005885710606195055,0.08482604466252217,0.04587039407435345,0.05625993242095242,0.0868944035720945,0.00015276336447712008,6,36,0.06710742318270602,0.2525698911373393,True,False,True,8.181777793624888e-07,COMPLETE
1528,0.09234625697135926,2025-04-17 22:24:35.920810,2025-04-17 22:24:45.402012,0 days 00:00:09.481202,0.1353939402951745,0.9549660353147941,2,0.1600891837949226,0.016369621172163215,0.08062560465561747,0.04338583387391691,0.05038009663922337,0.08989794013517957,0.00019662617158496895,5,40,0.060177863143953944,0.241984772210588,True,True,False,6.736691338816177e-07,COMPLETE
1529,0.43939643502235415,2025-04-17 22:24:45.899227,2025-04-17 22:24:56.411015,0 days 00:00:10.511788,0.07692618337039973,0.9760559286201578,2,0.1518061955049157,0.03249392739407713,0.0936547095039653,0.049919300142326546,0.05385267643822318,0.08565532985663285,0.00016836754596981176,5,46,0.06803452681479238,0.2553086797962715,True,False,False,9.99374042110349e-07,COMPLETE
1530,0.4408018171787262,2025-04-17 22:24:56.904711,2025-04-17 22:25:08.044715,0 days 00:00:11.140004,0.09521438240491863,0.9524398449692685,2,0.1536794514716462,0.02329119150865156,0.08607902593242334,0.04683601871564225,0.051317686404942574,0.07887885834696841,0.00020815217340471053,6,43,0.06992755749133857,0.24781322151559945,True,False,False,1.0913981253963597e-06,COMPLETE
1531,0.43762804865837096,2025-04-17 22:25:08.560852,2025-04-17 22:25:19.526754,0 days 00:00:10.965902,0.12453707539453385,0.9209294511202706,2,0.14485603118493298,0.03190257157529706,0.08257226699846969,0.04490166176312472,0.07969784312092738,0.07614074162994823,0.0001336331510362842,6,29,0.06376590049326024,0.2546237681621254,True,False,False,5.755556958977326e-07,COMPLETE
1532,0.09234625697135926,2025-04-17 22:25:20.025810,2025-04-17 22:25:30.560413,0 days 00:00:10.534603,0.1364964211692449,0.9641288721244148,2,0.16279392430345757,0.011271431385773335,0.08967688411334149,0.05103791099143578,0.05745549244337751,0.08382216072551177,0.00017982709023501076,5,96,0.06570815471970605,0.2377636221875793,True,False,False,1.2591732935224408e-06,COMPLETE
