number,value,datetime_start,datetime_complete,duration,params_alpha-eval,params_alpha-train,params_batch-size,params_eps-eval,params_eps-train,params_lambda-actions-eval,params_lambda-actions-train,params_lambda-frames-eval,params_lambda-frames-train,params_learning-rate,params_n-epochs,params_n-frames,params_radius-gw,params_rho,params_std-feats,params_ub-actions,params_ub-frames,params_weight-decay,state
455,0.41052323579788214,2025-04-10 21:11:51.135231,2025-04-10 21:11:57.717719,0 days 00:00:06.582488,0.286851379222222,0.11616119393950115,16,0.03099498644110681,0.010438703131312819,0.08963020132878234,0.08923443466625917,0.08914672966815847,0.029480792550710195,0.00013366167378012602,5,53,0.06604637654295924,0.07585099724226962,True,True,False,2.1961700344931657e-08,COMPLETE
456,0.12516621351242066,2025-04-10 21:11:57.859834,2025-04-10 21:12:04.330544,0 days 00:00:06.470710,0.24408126829549256,0.10060285550485383,16,0.12239781860624604,0.02708863174759492,0.09038132589742423,0.07361465856550282,0.08353337388187056,0.03235919150900674,9.066027387470555e-05,5,45,0.06649584602012637,0.06981010244804013,True,True,False,1.5867268365014047e-08,COMPLETE
457,0.262762713432312,2025-04-10 21:12:04.487060,2025-04-10 21:12:11.077102,0 days 00:00:06.590042,0.2939403532022112,0.13373800326573382,16,0.05454662082671731,0.040106894307566934,0.024277360120466215,0.0809308298381602,0.08525803534697042,0.031604023118581605,9.575849552470276e-05,5,44,0.06404029934119021,0.0580529994284417,True,True,False,2.531894063754193e-08,COMPLETE
458,0.3076994776725769,2025-04-10 21:12:11.220367,2025-04-10 21:12:18.235980,0 days 00:00:07.015613,0.3073707809965597,0.05313294603820809,16,0.06483672248254518,0.1446540338453549,0.09039872187342388,0.07804044372912237,0.06762736475907145,0.03843733803810737,8.004074869078419e-05,9,48,0.057431815246895924,0.054755615912172706,True,True,False,1.276749073695358e-08,COMPLETE
459,0.41563878059387205,2025-04-10 21:12:18.381276,2025-04-10 21:12:25.040030,0 days 00:00:06.658754,0.2736771453795215,0.12070133705876197,16,0.0383595709193855,0.033039854997631346,0.09183179383742683,0.08653258042717617,0.07596622668732414,0.03135956633882596,0.00012518020100544787,6,42,0.06789922293958589,0.04982365034831023,True,True,False,1.5527048606910663e-08,COMPLETE
460,0.33755786418914796,2025-04-10 21:12:25.198595,2025-04-10 21:12:32.010836,0 days 00:00:06.812241,0.4609817186918352,0.0905371741571925,16,0.047613554267638435,0.019480326009977417,0.0882499431128535,0.07607515505632717,0.0726172972665069,0.06682807757163056,6.918357836639192e-05,6,105,0.06592899972725266,0.06091628329673888,True,True,False,1.2227971436474024e-08,COMPLETE
461,0.42483813762664796,2025-04-10 21:12:32.155690,2025-04-10 21:12:38.898750,0 days 00:00:06.743060,0.30905335575352644,0.1487438688198169,16,0.058354044677420946,0.09131885501855846,0.09240642525783961,0.08324341685842543,0.07923179602640171,0.029181638343636022,9.80813003840722e-05,7,46,0.0699552799231773,0.12254659014906784,True,True,False,1.7949586162263748e-08,COMPLETE
462,0.4206694841384888,2025-04-10 21:12:39.045877,2025-04-10 21:12:45.606641,0 days 00:00:06.560764,0.3260060017691673,0.22217736555582868,16,0.03625330521211771,0.024917364397792845,0.08713854049843897,0.07528334864899489,0.08151675229546218,0.028183212619633045,4.4009510847482254e-05,5,42,0.06278316569105176,0.04035858780069252,True,True,False,1.0104868805999206e-08,COMPLETE
463,0.3886795997619629,2025-04-10 21:12:45.762747,2025-04-10 21:12:52.550644,0 days 00:00:06.787897,0.27751913540275974,0.14092226827165047,16,0.02700998144048511,0.1679219675567383,0.09450231943058378,0.07315651677004764,0.08989448546571475,0.03717160776944442,8.478710435784719e-05,6,51,0.079394458617346,0.027288176119204463,True,True,False,5.3691356673890144e-08,COMPLETE
464,0.4120790719985962,2025-04-10 21:12:52.696922,2025-04-10 21:12:59.605138,0 days 00:00:06.908216,0.2925405896641169,0.18824591984364075,16,0.05167803608938152,0.035376741321452444,0.09619966525002198,0.08063101417078447,0.08595088794050895,0.033537231636806435,2.614906115648279e-05,8,45,0.08441590851790962,0.0525218100627873,True,True,False,2.7458194117895196e-08,COMPLETE
465,0.175443035364151,2025-04-10 21:12:59.765008,2025-04-10 21:13:06.282577,0 days 00:00:06.517569,0.3292032272828821,0.06954724326245526,16,0.044034295628194914,0.04256662434643145,0.09997745100439968,0.052566620676806106,0.08367861674490008,0.030340078127563536,5.790779422210354e-05,6,38,0.06811781077114795,0.04214134719364128,False,True,False,1.3633818015678934e-08,COMPLETE
466,0.23453810214996337,2025-04-10 21:13:06.429696,2025-04-10 21:13:13.173551,0 days 00:00:06.743855,0.31186080658359744,0.15619418768426596,16,0.031435094230888416,0.13452670053879368,0.0920895137773204,0.07861578096139413,0.07767903306220893,0.04009678206942556,0.004063214539639859,7,41,0.07049954248497123,0.03227517805548655,True,False,True,2.0471962600105777e-08,COMPLETE
467,0.36241722106933594,2025-04-10 21:13:13.322370,2025-04-10 21:13:19.913637,0 days 00:00:06.591267,0.3458032498677162,0.12780062079763982,16,0.07409228830410365,0.030039256470169428,0.09412400016983934,0.07527632810466758,0.020500154696235177,0.0639871018004917,0.00011264529616313104,5,48,0.07665382940823648,0.06752842017309647,True,True,False,1.5559975120588147e-08,COMPLETE
468,0.4086962044239045,2025-04-10 21:13:20.073555,2025-04-10 21:13:26.816067,0 days 00:00:06.742512,0.37644053099076097,0.2462018725709864,16,0.06793644768184451,0.020666337593771962,0.09607982299636095,0.07273761404063142,0.08739556751647005,0.03590805646592393,7.162522150724025e-05,7,44,0.06504311539277637,0.04690401033167625,True,True,False,1.218811545740642e-08,COMPLETE
469,0.37208834886550907,2025-04-10 21:13:26.963607,2025-04-10 21:13:33.642678,0 days 00:00:06.679071,0.286410100706557,0.2064475782740446,16,0.012452283152087414,0.03740792725563315,0.0977131589744739,0.04450236894972029,0.08117472614168464,0.026114502902513437,4.649624711785258e-05,6,21,0.07447423276831508,0.03683603267090444,True,True,False,2.2816387185565877e-07,COMPLETE
470,0.37780874967575073,2025-04-10 21:13:33.792220,2025-04-10 21:13:40.460802,0 days 00:00:06.668582,0.2562159848287522,0.09820530053970697,16,0.03895237460667153,0.049994964856471855,0.08592469940701251,0.08495491514373782,0.09026862352506966,0.03871854483572211,3.705736058912911e-05,5,40,0.07092870734290418,0.020710678461264065,True,True,False,2.2403468414561363e-08,COMPLETE
471,0.42084211707115177,2025-04-10 21:13:40.619495,2025-04-10 21:13:47.372564,0 days 00:00:06.753069,0.4022222999205867,0.16869368383222558,16,0.05789389947709253,0.012261678614690633,0.09465275276962401,0.08243245756231575,0.001937833961405025,0.04175698172827621,8.422179492083005e-05,6,50,0.08136441712686646,0.1404338250391419,True,True,False,1.6484294297881914e-07,COMPLETE
472,0.24206194281578067,2025-04-10 21:13:47.520489,2025-04-10 21:13:57.808499,0 days 00:00:10.288010,0.36493478589083617,0.12159948798211437,2,0.04943420137690928,0.027083257153542567,0.09998373742002725,0.0571987515717368,0.08633518252556346,0.06197122199047522,5.9752394968578486e-05,7,37,0.06869745039460377,0.05186751123024974,True,True,False,1.6866250131855194e-08,COMPLETE
473,0.3753173589706421,2025-04-10 21:13:57.958684,2025-04-10 21:14:04.292569,0 days 00:00:06.333885,0.3222441898622956,0.18767536601487966,16,0.022680787495012563,0.2797832164864118,0.09099643587340868,0.07644194527545142,0.06307979153956508,0.023304355075335886,6.820928466481646e-05,6,11,0.07267358457061039,0.05730263007104392,True,True,False,1.2737155695972344e-08,COMPLETE
474,0.31326265931129454,2025-04-10 21:14:04.451270,2025-04-10 21:14:12.058671,0 days 00:00:07.607401,0.2987426841564667,0.14393649700380412,16,0.042467271021221435,0.032009256852968265,0.09680652122989476,0.05428508596808654,0.024990457762421526,0.05746960258897684,4.9667844576937525e-05,15,44,0.06650248950262537,0.04392343709842914,True,True,False,1.0051388329610915e-08,COMPLETE
475,0.38184513449668883,2025-04-10 21:14:12.209611,2025-04-10 21:14:18.936018,0 days 00:00:06.726407,0.3389920039494104,0.03602994181163321,16,0.03536482761955221,0.04146119875468222,0.09300349708523005,0.07892099969626991,0.08309078467626657,0.05587203658610767,0.00015799550845158394,6,56,0.04950420093688754,0.03707409001658581,True,True,False,3.0887435443390415e-08,COMPLETE
476,0.07971208691596984,2025-04-10 21:14:19.096276,2025-04-10 21:14:27.773168,0 days 00:00:08.676892,0.22603271164516833,0.16248708634455744,16,0.07752961538179617,0.016752635011162108,0.09844536248861058,0.07378866371830389,0.07957362390547122,0.06644616658918405,9.8011714132193e-05,27,47,0.07841563262785818,0.030972603465699498,True,True,False,1.9129541583856925e-07,COMPLETE
477,0.3508032739162445,2025-04-10 21:14:27.924108,2025-04-10 21:14:34.495057,0 days 00:00:06.570949,0.3564363582627899,0.10500759412049382,16,0.06238519377366079,0.024057060664341372,0.09473586553595549,0.07752954773475822,0.08916164878469274,0.030946621813110923,7.393967388826812e-05,5,41,0.06195172717087054,0.047939967746716966,True,True,False,1.1410569840717516e-07,COMPLETE
478,0.10292102098464967,2025-04-10 21:14:34.648103,2025-04-10 21:14:41.857859,0 days 00:00:07.209756,0.3861842888614726,0.21234635956928763,8,0.2250948598718803,0.03443281527751149,0.04360187081615249,0.08106580758747794,0.08532343868263975,0.027781069177626412,0.062114454127225875,8,43,0.07541937164024094,0.062119579250376346,True,True,False,2.464694568381538e-07,COMPLETE
479,0.3958857655525208,2025-04-10 21:14:42.021010,2025-04-10 21:14:48.806575,0 days 00:00:06.785565,0.3193539357235691,0.17979230036257454,16,0.05243963903662064,0.04627089239838762,0.07195938679557384,0.07192756354951357,0.09122520254394935,0.05976849864619137,5.618797240041569e-05,7,36,0.06964121286119278,0.17664285818680744,True,True,False,1.9078218332482124e-08,COMPLETE
480,0.37811836004257204,2025-04-10 21:14:48.957077,2025-04-10 21:14:55.593979,0 days 00:00:06.636902,0.3082494749752116,0.13791381720817955,16,0.02794960420864104,0.010584632017471625,0.021324012549365067,0.07612602580240901,0.0825493758205095,0.054625117860882685,3.880751811172382e-05,5,46,0.06696771096480397,0.04033318113952598,True,True,False,1.4020015165805798e-08,COMPLETE
481,0.33437326550483704,2025-04-10 21:14:55.744755,2025-04-10 21:15:02.439197,0 days 00:00:06.694442,0.27389273624894356,0.15815749002128782,16,0.08656485870164549,0.02982859691766049,0.09639908257114004,0.08024755048727199,0.08791464233753997,0.06356589405553481,0.00012113711622504505,6,39,0.07121167274202918,0.05499131272212621,True,True,False,1.3117398911723679e-06,COMPLETE
482,0.2571720063686371,2025-04-10 21:15:02.600524,2025-04-10 21:15:09.423289,0 days 00:00:06.822765,0.4391169253621634,0.08337780541069406,16,0.04602622962867767,0.0040640782676762514,0.09840510229976425,0.040229023861907826,0.07703009068244332,0.033273749266732884,7.691502683637528e-05,7,52,0.06410309886618278,0.04452042074979916,True,True,False,4.309354870145162e-08,COMPLETE
483,0.38030943870544437,2025-04-10 21:15:09.574751,2025-04-10 21:15:16.308611,0 days 00:00:06.733860,0.3404916856906154,0.190128552648882,16,0.0327539865947734,0.020022700193545375,0.0925599315115938,0.0875624011367918,0.07992399180987486,0.04344062108906579,4.888955793119252e-05,6,42,0.07361384632849963,0.028920052936488083,True,True,False,1.2085744090702215e-08,COMPLETE
484,0.17520758509635925,2025-04-10 21:15:16.472497,2025-04-10 21:15:23.077083,0 days 00:00:06.604586,0.37091726679287357,0.1186652379567446,16,0.040486530113620446,0.03874604723639459,0.09521020318993109,0.050835139728626286,0.0845881607408929,0.041403947126230106,9.058241398211215e-05,7,33,0.06847501534074119,0.05017256526517539,False,True,False,2.474343426526474e-08,COMPLETE
485,0.31581311821937563,2025-04-10 21:15:23.230483,2025-04-10 21:15:30.184563,0 days 00:00:06.954080,0.2885565477124122,0.23096782449074132,16,0.05859215127601215,0.024735471944726518,0.09688484693494881,0.08373684296786708,0.07518541744504566,0.025098861043574484,6.411050587845586e-05,5,45,0.0071726819056508045,0.03484007205032024,True,False,False,2.7470553076719913e-07,COMPLETE
486,0.09234625697135926,2025-04-10 21:15:30.336853,2025-04-10 21:15:36.945135,0 days 00:00:06.608282,0.3274451543509,0.14975596223140175,16,0.017376627199470952,0.052207288322940026,0.08953772345079108,0.07477619127446428,0.0890678589358229,0.03507353587038125,0.00010813639059705094,6,39,0.07654095321445581,0.024851431584766874,True,True,True,1.6263340328829457e-08,COMPLETE
487,0.15805548429489136,2025-04-10 21:15:37.111685,2025-04-10 21:15:43.826065,0 days 00:00:06.714380,0.4135980598478203,0.17679817844448076,16,0.2992303926456867,0.00026744958825217907,0.09993004692295693,0.07844731016162867,0.08156566557427743,0.05278623071133762,3.0364179884675697e-05,7,49,0.07216515978618354,0.040381255296599944,True,True,False,1.7470430413884952e-07,COMPLETE
488,0.37957910895347596,2025-04-10 21:15:43.982520,2025-04-10 21:15:50.549867,0 days 00:00:06.567347,0.2511883664600616,0.1301224330097132,16,0.04831202714864749,0.03477634403871748,0.09324858824838661,0.07109429877102139,0.08646767985660551,0.03944896597535376,4.2166418300125355e-05,5,42,0.07061221649914284,0.0574204383727709,True,True,False,1.0141632299342445e-08,COMPLETE
489,0.3949378550052643,2025-04-10 21:15:50.703810,2025-04-10 21:15:57.533392,0 days 00:00:06.829582,0.3547763995262672,0.20319456099149172,16,0.06732573080946924,0.04445111034623162,0.09809028041183962,0.07702758221346956,0.09175201053445868,0.061957111962673846,5.516138151609386e-05,8,47,0.06734845614186871,0.047065420843188946,True,True,False,1.3364053351993106e-07,COMPLETE
490,0.39054201841354375,2025-04-10 21:15:57.697144,2025-04-10 21:16:04.438002,0 days 00:00:06.740858,0.30760336257573356,0.1616176049323022,16,0.02573673071475542,0.028223540499064923,0.09114086526888568,0.07410883486117348,0.07912824967334602,0.06864477956275361,8.335530666876015e-05,6,43,0.07436221963369855,0.0350096347838937,True,True,False,2.170673417454781e-07,COMPLETE
491,0.34866931438446047,2025-04-10 21:16:04.591821,2025-04-10 21:16:11.386755,0 days 00:00:06.794934,0.3932691638313772,0.1421121220605733,16,0.04028831185816383,0.020095644825486193,0.09529210685130332,0.08213615733546586,0.08322311928760866,0.05828862437462793,0.00014063622627792614,7,37,0.0693712707874373,0.06782669307694969,True,True,False,7.14876484679023e-08,COMPLETE
492,0.3995780408382416,2025-04-10 21:16:11.554308,2025-04-10 21:16:18.415155,0 days 00:00:06.860847,0.3398606343256601,0.10156394574047059,16,0.053672224053379375,0.040534666164642796,0.06368119457675511,0.07312255387420548,0.08794314507911563,0.06503267025978107,6.659089730916248e-05,5,142,0.06514447700321233,0.05009294086454061,True,True,False,1.4766898515949018e-08,COMPLETE
493,0.42603521347045903,2025-04-10 21:16:18.569529,2025-04-10 21:16:25.321217,0 days 00:00:06.751688,0.36585549069178036,0.06908231488390673,16,0.03512017921859084,0.015029422930082678,0.09681417652963338,0.08009165426486345,0.08459892749165829,0.028218390680218995,5.4277013430384e-05,6,45,0.05971823180358443,0.0424979084488235,True,True,False,2.1989719508719118e-08,COMPLETE
494,0.2226304054260254,2025-04-10 21:16:25.476446,2025-04-10 21:16:35.416069,0 days 00:00:09.939623,0.381079946532286,0.046903387811165265,2,0.03209234214795219,0.01559234829547015,0.09380279715219778,0.08072919454674984,0.0811264811045167,0.028588305390226963,6.517079305002879e-05,6,51,0.06165909537146564,0.06034015188945755,True,True,False,2.6695140663622432e-08,COMPLETE
495,0.35616260170936587,2025-04-10 21:16:35.582634,2025-04-10 21:16:42.256829,0 days 00:00:06.674195,0.35841966631101174,0.06090058432458524,16,0.044302132599121094,0.007293413417143818,0.09636730029095991,0.08442515231348366,0.03560736786244154,0.02615985482774449,9.26189060343297e-05,6,48,0.05986775098136856,0.04429096540866661,True,True,False,3.546784751627895e-08,COMPLETE
496,0.42007220387458805,2025-04-10 21:16:42.413346,2025-04-10 21:16:49.777465,0 days 00:00:07.364119,0.26540691226955215,0.02378663223989245,16,0.03777236044393352,0.01045967203420019,0.09117692986564468,0.07907022377703905,0.09025293311850073,0.028826288248763755,5.563576482772106e-05,13,45,0.0633040274175301,0.15824756884230332,True,True,False,2.0199742460472514e-08,COMPLETE
497,0.24651640057563784,2025-04-10 21:16:49.934641,2025-04-10 21:16:58.513053,0 days 00:00:08.578412,0.4017567820465454,0.05984387996454246,16,0.050107059716532495,0.01711513009507816,0.09439178485261089,0.08037014577945002,0.08437105903306769,0.03094552518067442,7.873348543400626e-05,25,49,0.05927225596083936,0.05382338896997857,True,True,False,2.3475088702784267e-08,COMPLETE
498,0.4278584778308868,2025-04-10 21:16:58.678729,2025-04-10 21:17:05.302093,0 days 00:00:06.623364,0.2928597948264199,0.07260092978264507,16,0.06221091445531696,0.011620916622773633,0.0892044385751081,0.07755475569690708,0.07801932774502839,0.027107756392451908,0.00011097919475458699,5,55,0.05674253219882379,0.04068274750747756,True,True,False,1.801025989216833e-08,COMPLETE
499,0.18224610686302187,2025-04-10 21:17:05.460537,2025-04-10 21:17:12.177476,0 days 00:00:06.716939,0.37230533009050526,0.0676132970042093,8,0.06522389926713168,0.012361714031501818,0.008934455793946902,0.07633132205144968,0.07310215687088732,0.024379957604502005,0.00018929727775236278,5,56,0.06107896182956741,0.04564928151685752,True,True,False,3.2883426300447934e-08,COMPLETE
500,0.3881461381912232,2025-04-10 21:17:12.346070,2025-04-10 21:17:18.917181,0 days 00:00:06.571111,0.2421639237762986,0.036633999360161144,16,0.06024249291406335,0.005314619715805907,0.0872751640040923,0.07913589090349027,0.07724748549414609,0.026994214259430126,0.0001430988607953938,5,53,0.05891762364455188,0.051991950066516676,True,True,False,2.066884545047198e-08,COMPLETE
501,0.3314698874950409,2025-04-10 21:17:19.076722,2025-04-10 21:17:25.704684,0 days 00:00:06.627962,0.3192544415319434,0.0752329496233573,16,0.07137885633346927,0.008981721618484134,0.08869260866660302,0.08238549126137915,0.07563689359550825,0.02976599534148302,0.00011106143068009524,5,74,0.055473638332079196,0.04054174356722388,True,True,False,1.8908511733013836e-08,COMPLETE
502,0.430486273765564,2025-04-10 21:17:25.865239,2025-04-10 21:17:32.415613,0 days 00:00:06.550374,0.2795256347680086,0.04876328550045523,16,0.06268676742746147,0.015268054686189407,0.09010638746027876,0.07741537446460633,0.031072317517731866,0.02384529942222084,0.00012324939555068373,5,42,0.06316815548669664,0.06398423338941645,True,True,False,2.360435346906522e-08,COMPLETE
503,0.38310394883155824,2025-04-10 21:17:32.584681,2025-04-10 21:17:39.208249,0 days 00:00:06.623568,0.26128921912216724,0.07895751019931152,16,0.07950835982679334,0.0013628737372212013,0.0863465675330533,0.07686402420675847,0.09351105310088322,0.025395908195206113,0.00015463664722177437,5,41,0.06298476083818569,0.07217031500394314,True,True,False,2.8569195026882938e-08,COMPLETE
504,0.1953587770462036,2025-04-10 21:17:39.364877,2025-04-10 21:17:45.896674,0 days 00:00:06.531797,0.27907219142428397,0.0456244321146499,16,0.06574791675322007,0.018331428968333393,0.037033977542269086,0.07482201378762418,0.09156113351707851,0.01978222360864256,0.00012760152232909423,5,35,0.04816692706646285,0.06445869415783048,False,False,True,1.7293430267954303e-08,COMPLETE
505,0.33762136697769163,2025-04-10 21:17:46.069904,2025-04-10 21:17:52.642931,0 days 00:00:06.573027,0.2072153970548885,0.04147348826595933,16,0.07196864911248842,0.012052355149319542,0.0889481685721003,0.07779786756390823,0.03268885909754055,0.022672909505442932,0.00023855208566154058,5,40,0.05643048162140485,0.07531826290110658,True,True,False,4.06929438195774e-08,COMPLETE
506,0.4321704924106598,2025-04-10 21:17:52.802727,2025-04-10 21:17:59.455595,0 days 00:00:06.652868,0.28369849240114264,0.08571509169662392,16,0.06079388853722317,0.021743080850911638,0.08802533969631876,0.075977046222085,0.07432349821886854,0.03391136508227166,0.00010982563368093689,5,43,0.06404523939347359,0.062242891966608815,True,True,False,2.597478689054707e-08,COMPLETE
507,0.3070525884628296,2025-04-10 21:17:59.616191,2025-04-10 21:18:06.162156,0 days 00:00:06.545965,0.23629021236131054,0.012785934440131444,16,0.062413547350436596,0.26875592014629884,0.08552540039560312,0.07519560603581567,0.07123793916661884,0.03310635967009625,0.00013021754125750666,5,38,0.06402912049154869,0.06784177505516126,True,True,False,2.703852329265776e-08,COMPLETE
508,0.4233876764774323,2025-04-10 21:18:06.329625,2025-04-10 21:18:13.027055,0 days 00:00:06.697430,0.2749265495710413,0.08734486768981772,16,0.075973934734338,0.021215530004518618,0.08795873079780352,0.07748157840687105,0.02931408512711446,0.02124805420302256,0.00015428072921254708,5,43,0.05769295015997842,0.06334294055128306,True,True,False,3.432038402824555e-08,COMPLETE
509,0.39062573909759524,2025-04-10 21:18:13.185913,2025-04-10 21:18:19.787129,0 days 00:00:06.601216,0.2880620272119989,0.05310609759246376,16,0.06036557362188663,0.008152120851016102,0.08331365544230071,0.07617161124551022,0.016256163314929538,0.03580584369701198,0.00011055635480709022,5,40,0.05424545317209772,0.07065682058179444,True,True,False,2.553289678804923e-08,COMPLETE
510,0.4137576341629029,2025-04-10 21:18:19.957724,2025-04-10 21:18:26.620204,0 days 00:00:06.662480,0.2538274286819019,0.08523562737222884,16,0.06696432488380077,0.022977154728454643,0.08906154856540649,0.07348642827811316,0.07414473590958826,0.023649255223897728,0.00016813018613785966,5,43,0.06212269646251215,0.06103368405113922,True,True,False,2.1741056344989363e-08,COMPLETE
