number,value,datetime_start,datetime_complete,duration,params_alpha-eval,params_alpha-train,params_batch-size,params_eps-eval,params_eps-train,params_lambda-actions-eval,params_lambda-actions-train,params_lambda-frames-eval,params_lambda-frames-train,params_learning-rate,params_n-epochs,params_n-frames,params_radius-gw,params_rho,params_std-feats,params_ub-actions,params_ub-frames,params_weight-decay,state
1409,0.3781404972076416,2025-04-10 23:08:01.619934,2025-04-10 23:08:11.467282,0 days 00:00:09.847348,0.19590455900479103,0.09667684473398684,2,0.05810941869274245,0.027965055991934107,0.09360165797910917,0.08863200695411463,0.09566252821918733,0.02620755634226721,0.00018305583950854203,6,33,0.06816814790202413,0.06092510016580932,True,True,False,2.8077240408143447e-07,COMPLETE
1410,0.19495854377746583,2025-04-10 23:08:11.920621,2025-04-10 23:08:18.619125,0 days 00:00:06.698504,0.2256559658790432,0.04342495154683193,16,0.04499734885127044,0.033755391678940504,0.016327510609743197,0.09738245892866278,0.09395399341327484,0.016490126386445928,0.09656794192838225,6,47,0.07251705617507499,0.041809409849831766,True,True,False,1.5830506055814955e-07,COMPLETE
1411,0.37057678699493407,2025-04-10 23:08:19.069331,2025-04-10 23:08:25.875368,0 days 00:00:06.806037,0.32451400998918306,0.06760216699626853,16,0.03841446568992056,0.23601952010764352,0.06654786761387707,0.0799791414087651,0.09710590775266478,0.02094730852354479,0.0001105148964199099,7,43,0.061407780701182954,0.0479767002735646,True,True,False,1.1426480768977318e-07,COMPLETE
1412,0.3155733346939087,2025-04-10 23:08:26.349588,2025-04-10 23:08:33.067963,0 days 00:00:06.718375,0.21203076863051648,0.11849157162711123,16,0.05191488376700067,0.03907691479142568,0.026371240057822466,0.08681699106692105,0.09089394363212047,0.023081802422163643,8.288535928153801e-05,6,39,0.06333939619096243,0.06279215941692141,True,True,False,1.9470245526813257e-07,COMPLETE
1413,0.3711751937866211,2025-04-10 23:08:33.526899,2025-04-10 23:08:40.730354,0 days 00:00:07.203455,0.17636545254012603,0.1798168615983776,16,0.030526125118206626,0.025986283714369066,0.09029119801253907,0.08240329594211811,0.09619709595336812,0.003613234814579175,5.829325094380837e-05,9,92,0.059580142888814316,0.054593024342232704,True,True,False,8.705626600892185e-08,COMPLETE
1414,0.23074465394020083,2025-04-10 23:08:41.189725,2025-04-10 23:08:48.429457,0 days 00:00:07.239732,0.23607449134516215,0.09550576141099601,8,0.06579645138718611,0.026293574403328194,0.09610790844002742,0.0842666795987651,0.09956977032059411,0.024896626899265167,8.986659373566884e-05,7,48,0.07849783248212583,0.04027934646270183,True,True,False,6.451964121445455e-08,COMPLETE
1415,0.32755730748176576,2025-04-10 23:08:48.888949,2025-04-10 23:08:55.701495,0 days 00:00:06.812546,0.34959314695661137,0.1358977810954711,16,0.04463052769374684,0.0452816452095359,0.09252381045771466,0.0806261263635992,0.0923306002654719,0.04387527017936343,0.0001404913496626026,6,44,0.07107267770883036,0.048580806275790846,True,True,False,1.2995662245952158e-07,COMPLETE
1416,0.3253597319126129,2025-04-10 23:08:56.161779,2025-04-10 23:09:02.807112,0 days 00:00:06.645333,0.30129265063459637,0.06152858726255165,16,0.037365234907736876,0.0306410644771017,0.0701795633584538,0.0797087442932123,0.09406618716816223,0.019194425043708368,0.00024133302296213408,5,41,0.06719709559127512,0.06606620626237014,True,True,False,2.4185740188779694e-08,COMPLETE
1417,0.1841118633747101,2025-04-10 23:09:03.280075,2025-04-10 23:09:10.022953,0 days 00:00:06.742878,0.21386268842873213,0.08568169992029773,16,0.056123925672105154,0.03812286598935981,0.09886988418948096,0.0818050686545017,0.09972582453006625,0.021562476820441517,7.418816895856176e-05,7,36,0.02627696513709814,0.0556916278688912,True,True,False,1.545787528441438e-07,COMPLETE
1418,0.31508750915527345,2025-04-10 23:09:10.484198,2025-04-10 23:09:17.220677,0 days 00:00:06.736479,0.33073125386391544,0.04356499642903021,16,0.04915403695285002,0.023269007094279513,0.06574908633831653,0.07788068215084201,0.09662886760914564,0.02643839281536253,0.00011107411408918415,6,46,0.06930067333476285,0.04381881304520404,True,True,False,9.887284035782507e-08,COMPLETE
1419,0.3402534425258637,2025-04-10 23:09:17.678627,2025-04-10 23:09:24.435224,0 days 00:00:06.756597,0.19181536543737357,0.4936176178889414,16,0.0438457893967304,0.026207397811703562,0.018423610887966985,0.07899617675740454,0.09251273887738758,0.013087953889331603,5.307350450682047e-05,6,41,0.064955509188038,0.12197099697251942,True,True,False,2.158645390191971e-07,COMPLETE
1420,0.3028946161270142,2025-04-10 23:09:24.896306,2025-04-10 23:09:31.513742,0 days 00:00:06.617436,0.2453423619393805,0.11164848278619571,16,0.050700064504773844,0.28692187678187375,0.06289757516436442,0.07181864431497967,0.09460183208637957,0.01775294890442405,6.571449005882909e-05,5,49,0.06214495269181751,0.06024981012511451,True,True,False,6.341837504172747e-08,COMPLETE
1421,0.3916666150093079,2025-04-10 23:09:31.993166,2025-04-10 23:09:38.655646,0 days 00:00:06.662480,0.49925388099758383,0.07821982135759345,16,0.06170232501913687,0.031184083744999994,0.05923804532486704,0.08171630465227257,0.09067452966542129,0.010891667916607617,4.2430733479978176e-05,5,44,0.060131866225965544,0.05006803480899022,True,True,False,1.1932347501717832e-07,COMPLETE
1422,0.23982279896736144,2025-04-10 23:09:39.116468,2025-04-10 23:09:45.963190,0 days 00:00:06.846722,0.22611297275796938,0.1020850132250247,16,0.03260301262367902,0.025007933243128076,0.08946882061508747,0.08433435164274614,0.06504802403992847,0.023333388914554148,0.004670794765970214,7,38,0.06369363601455075,0.0359582625012433,True,True,False,3.160319457016766e-07,COMPLETE
1423,0.3988112270832062,2025-04-10 23:09:46.426870,2025-04-10 23:09:53.456814,0 days 00:00:07.029944,0.28740827606387387,0.14282501018217447,16,0.039119444954477924,0.023589555949751928,0.07156023000760278,0.0782538711551837,0.09487563233770387,0.02773123380922026,9.20496471430184e-05,6,127,0.07593105369053223,0.06777921278299047,True,True,False,7.836164092317279e-08,COMPLETE
1424,0.09234625697135926,2025-04-10 23:09:53.929331,2025-04-10 23:10:00.811193,0 days 00:00:06.881862,0.26272380572142606,0.1276033382933859,16,0.05579504231149308,0.03933256442165935,0.03883121331841173,0.07221603118645302,0.09647134892406277,0.020936500758717034,8.131315522364275e-05,8,45,0.06197039263640662,0.055108354016660796,True,True,True,1.803224811995938e-07,COMPLETE
1425,0.2161883592605591,2025-04-10 23:10:01.271240,2025-04-10 23:10:08.134911,0 days 00:00:06.863671,0.3065667366573678,0.06278636932831916,16,0.046638991127865154,0.023248390153189143,0.09507198318942318,0.07700203460882588,0.08923353913000506,0.015749684268868067,0.0001167542292663758,5,41,0.06655647442984478,0.04626515816286397,False,False,False,1.431766710093986e-07,COMPLETE
1426,0.3266814947128296,2025-04-10 23:10:08.613224,2025-04-10 23:10:15.339627,0 days 00:00:06.726403,0.19734893734849446,0.0325707345081626,16,0.03972478319428226,0.03381226233934672,0.09182201198737011,0.0798075811485834,0.09244542208981682,0.02458056133774229,0.0001631377172227195,6,47,0.059466848882739086,0.041026845229405216,True,True,False,2.8748298160666503e-08,COMPLETE
1427,0.42824668884277345,2025-04-10 23:10:15.801761,2025-04-10 23:10:22.485070,0 days 00:00:06.683309,0.2393251944784465,0.09480999816765032,16,0.03128200951102885,0.031039050588719044,0.05033578917649839,0.07410662124352217,0.09970885593584379,0.03286681073213485,6.682356094790745e-05,5,44,0.06412593515924597,0.06241965127152626,True,True,False,2.1234415905127278e-08,COMPLETE
1428,0.23068215847015383,2025-04-10 23:10:22.950425,2025-04-10 23:10:29.749741,0 days 00:00:06.799316,0.17023374963367527,0.07634106584582298,16,0.05207973953653431,0.021803706544724494,0.034730776364067684,0.07105996400404181,0.08871366106320427,0.02225617595422141,9.744157810865783e-05,7,49,0.06892245290748102,0.050236201258900534,True,True,False,1.1129189381981285e-07,COMPLETE
1429,0.3975741505622864,2025-04-10 23:10:30.210753,2025-04-10 23:10:36.962570,0 days 00:00:06.751817,0.3244035714481813,0.116426746479805,16,0.062034230551617456,0.04803582569739541,0.08927427115370346,0.08250444899935903,0.09684852269349711,0.04839242876461921,7.791784317249978e-05,6,39,0.0714894746385633,0.07360933965432163,True,True,False,2.4657886733267324e-07,COMPLETE
1430,0.20675859451293946,2025-04-10 23:10:37.424071,2025-04-10 23:10:46.668296,0 days 00:00:09.244225,0.26908023301697065,0.15269089343274062,2,0.025787681644463413,0.027741096183333917,0.014506623650182182,0.07876730908496277,0.09181362402577714,0.019668204508340933,0.0001268289363801705,5,42,0.06585353897376295,0.05509443464314886,True,True,False,7.95172906307981e-08,COMPLETE
1431,0.3646850466728211,2025-04-10 23:10:47.148716,2025-04-10 23:10:53.823008,0 days 00:00:06.674292,0.21924383257524305,0.05291399112619188,16,0.04326549705388041,0.02122097995526831,0.04667050605250824,0.07687226007577179,0.09400545578522534,0.026034556893667064,6.290658897783894e-05,6,31,0.06080981008447147,0.26536296613735244,True,True,False,4.1746882112109435e-08,COMPLETE
1432,0.0977077454328537,2025-04-10 23:10:54.289368,2025-04-10 23:11:01.377445,0 days 00:00:07.088077,0.28800073539347026,0.10173590054438082,16,0.23836564636665802,0.03435873948327052,0.09795892479744737,0.07473195394601913,0.06858960378630297,0.028345101593372,9.361288355883182e-05,11,47,0.073850414647815,0.08642982557553236,True,True,False,4.747978487876398e-06,COMPLETE
1433,0.30328022837638857,2025-04-10 23:11:01.845467,2025-04-10 23:11:08.728316,0 days 00:00:06.882849,0.24100283707842374,0.12281047070265504,16,0.057097217304052275,0.042631902424886535,0.09437318259551415,0.08659832899020906,0.09337704132242929,0.017619891424417153,5.289958268760808e-05,7,36,0.06324513967486355,0.036685544101650175,True,True,False,5.535092052805522e-08,COMPLETE
1434,0.4294706523418427,2025-04-10 23:11:09.189444,2025-04-10 23:11:15.937454,0 days 00:00:06.748010,0.1375259536719344,0.08057037884551754,16,0.03622138316801871,0.026423282770929948,0.0909455421679814,0.08044701705442552,0.0969705615124723,0.014309264572568488,7.811184594290206e-05,6,43,0.05838810420640617,0.05969553754891869,True,True,False,1.0052181575431042e-07,COMPLETE
1435,0.1808320224285126,2025-04-10 23:11:16.399417,2025-04-10 23:11:24.119146,0 days 00:00:07.719729,0.20162824114892353,0.029618678060628886,16,0.06832081831881678,0.01973747545377826,0.02013046301557142,0.07323234042194067,0.09098855301215894,0.023933335032161614,0.00010748622410724709,17,40,0.06185407902313013,0.04518799901656972,True,True,False,1.7520494515421804e-07,COMPLETE
1436,0.2347003996372223,2025-04-10 23:11:24.602220,2025-04-10 23:11:31.476072,0 days 00:00:06.873852,0.2701547703138743,0.06483848225563837,8,0.04907151373740971,0.02852234945202011,0.0887790889753173,0.07653700767329606,0.0903627441201614,0.021111019922132244,0.00015120433332409535,5,48,0.06522175757666884,0.06819739353537727,True,True,False,1.1310830725617796e-06,COMPLETE
1437,0.42444084286689765,2025-04-10 23:11:31.941617,2025-04-10 23:11:38.696664,0 days 00:00:06.755047,0.3074505983892876,0.17143401295456306,16,0.04202552256320648,0.06108911162910491,0.09606402986204338,0.0720408818151997,0.09491934778617697,0.03048678569690847,4.597904227085681e-05,6,44,0.067668445031081,0.0515387489049478,True,True,False,1.4165954101538917e-07,COMPLETE
1438,0.23958883285522461,2025-04-10 23:11:39.162553,2025-04-10 23:11:46.216132,0 days 00:00:07.053579,0.8910198143474526,0.09579977627555145,16,0.05212178478484159,0.020370855776793047,0.09313502128700937,0.07831353385029509,0.08716058010745285,0.026424424249376313,6.541089857912887e-05,9,49,0.059888090223475486,0.04119634858338908,True,True,False,6.667972036430334e-08,COMPLETE
1439,0.15218065679073334,2025-04-10 23:11:46.676864,2025-04-10 23:11:53.314413,0 days 00:00:06.637549,0.25477940965624085,0.13619192224235066,16,0.08810512862249001,0.036008892748648956,0.08800899310584191,0.045635965233209605,0.05251155526315463,0.019117549610941607,8.516115968759082e-05,5,38,0.06280617667459437,0.058683983121493984,True,True,False,3.4540982071713335e-08,COMPLETE
1440,0.38831480741500857,2025-04-10 23:11:53.799439,2025-04-10 23:12:00.764389,0 days 00:00:06.964950,0.23233094703815277,0.11572954358330292,16,0.047098110328772896,0.14841179714276814,0.09138709452013245,0.08366561639557464,0.040970465712678164,0.041220858426462545,0.00010848820148816302,7,46,0.05829847613361504,0.06444314908618776,True,True,False,9.029703463309902e-08,COMPLETE
1441,0.4217164397239685,2025-04-10 23:12:01.232477,2025-04-10 23:12:07.873886,0 days 00:00:06.641409,0.34321592416416025,0.08451577281262418,16,0.029581082286511372,0.022850751612117408,0.08990936527207478,0.07513964289135387,0.03388715496396776,0.0328674043715365,0.0001354394733970313,5,42,0.06461143820367371,0.10314769675660462,True,True,False,4.9063697897253016e-08,COMPLETE
1442,0.29748895168304446,2025-04-10 23:12:08.341637,2025-04-10 23:12:15.221499,0 days 00:00:06.879862,0.285629427479642,0.04559867700470065,16,0.07658280998705083,0.018683180409875384,0.09996437872613426,0.07039833382195092,0.042628206203326656,0.023039325718165898,5.6774285763930506e-05,8,34,0.07002017354046045,0.04839378086783951,True,True,False,1.279329208325934e-07,COMPLETE
1443,0.09234625697135926,2025-04-10 23:12:15.692651,2025-04-10 23:12:22.338535,0 days 00:00:06.645884,0.21988396068366187,0.06836432925040775,16,0.03694666652397628,0.05328118401592353,0.0965685061886358,0.08130758546400464,0.08796338599151265,0.028625126475319052,7.950689881379506e-05,6,45,0.0668103889947521,0.03439561682644328,True,True,True,2.2456771650607715e-07,COMPLETE
1444,0.19628284573554994,2025-04-10 23:12:22.801176,2025-04-10 23:12:29.694526,0 days 00:00:06.893350,0.31718015507369884,0.010662586705514773,16,0.05809554501234178,0.030324872896152984,0.08823266551161961,0.07332323697241777,0.04057018354138421,0.03475338451239059,9.37549116632418e-05,5,50,0.06147941565501372,0.07224600028183999,False,False,False,2.057581109234568e-08,COMPLETE
1445,0.4251794278621674,2025-04-10 23:12:30.183468,2025-04-10 23:12:36.918655,0 days 00:00:06.735187,0.2585744826973821,0.11169567529225262,16,0.045250653763239834,0.018341175665135594,0.09318745272951784,0.07887949986981604,0.05600524580642131,0.01660537928123881,6.947109961839251e-05,6,40,0.058522534095189864,0.05658590227006206,True,True,False,2.8306474571269087e-08,COMPLETE
1446,0.34018164277076723,2025-04-10 23:12:37.387745,2025-04-10 23:12:44.224850,0 days 00:00:06.837105,0.1836128526029953,0.1528628884567084,16,0.05290387251850629,0.026163307728598977,0.08751441304922096,0.07665638475464223,0.09746484971692622,0.02471476574006003,0.00011107364521660467,7,46,0.06347183691519435,0.0415958339079505,True,True,False,3.516168573848384e-07,COMPLETE
1447,0.42914453744888303,2025-04-10 23:12:44.692933,2025-04-10 23:12:51.428511,0 days 00:00:06.735578,0.20477143534104614,0.09308624519257594,16,0.04083754382382349,0.040715274087761474,0.09515326610818567,0.07485919343216312,0.092531519087549,0.020319480115722193,9.580085368500395e-05,6,43,0.07205204878374157,0.04895207450223136,True,True,False,7.510239213267935e-08,COMPLETE
1448,0.27666541934013367,2025-04-10 23:12:51.903055,2025-04-10 23:12:58.547908,0 days 00:00:06.644853,0.29638501732856604,0.0523431448265383,16,0.06231909632620862,0.01738242181027667,0.09003440856119846,0.0711143883949786,0.032502098412874304,0.03211368422680262,3.6336810567283716e-05,5,38,0.06054352083972953,0.06317451228633215,True,True,False,1.103607964642726e-07,COMPLETE
1449,0.1679632902145386,2025-04-10 23:12:59.035131,2025-04-10 23:13:06.984550,0 days 00:00:07.949419,0.2398699710876922,0.13118855619958744,16,0.03289716753922941,0.031030282971471403,0.09245464713550056,0.08043980963058697,0.04580883881827707,0.026658649307205597,0.0001280658150291513,18,50,0.06844496304358882,0.05291023805972191,True,True,False,1.7930873277197052e-07,COMPLETE
1450,0.3168786585330963,2025-04-10 23:13:07.455461,2025-04-10 23:13:14.762430,0 days 00:00:07.306969,0.35717119316264917,0.1057037857409318,16,0.024746599995866543,0.0244388166495562,0.08708394849235286,0.07740440903759424,0.039743473946690096,0.02234073195019927,7.412156112211816e-05,12,42,0.0657073958307748,0.045316007069725196,True,True,False,6.02559458992022e-08,COMPLETE
1451,0.3811230838298798,2025-04-10 23:13:15.234375,2025-04-10 23:13:21.990954,0 days 00:00:06.756579,0.2752745524353085,0.07562752493817039,16,0.04812004393721111,0.018974740015939903,0.09112059021044201,0.07309363625716413,0.0498382257879091,0.029182915331525235,1.664742096000856e-05,6,46,0.05559431661064584,0.07719531867975536,True,True,False,1.4163515737317434e-07,COMPLETE
1452,0.4097633540630341,2025-04-10 23:13:22.457634,2025-04-10 23:13:32.822753,0 days 00:00:10.365119,0.22261124752290484,0.09320267110351205,2,0.01222645175362646,0.0352501744566742,0.09371471570935469,0.07511702973797571,0.035218990886915984,0.01937403771824515,5.413366079346476e-05,7,40,0.0629758917958241,0.17542245754495997,True,True,False,4.8050741297006046e-08,COMPLETE
1453,0.17350414693355562,2025-04-10 23:13:33.316571,2025-04-10 23:13:39.918863,0 days 00:00:06.602292,0.2510544376179219,0.34207751639604345,16,0.056846075249991634,0.015947649086630895,0.024380605882305634,0.08262644368135007,0.04277994512700938,0.02493010364588155,8.647572785326277e-05,5,73,0.05988242757934281,0.03372916902206266,True,True,False,2.6198208756885597e-07,COMPLETE
1454,0.36130820512771605,2025-04-10 23:13:40.389841,2025-04-10 23:13:47.358774,0 days 00:00:06.968933,0.16785587574197222,0.041769707009392955,16,0.03693120506141298,0.024566357486770427,0.09804753473583194,0.07934196397733143,0.0476669667732678,0.035936320536317706,6.419822217228125e-05,8,48,0.06488909010848794,0.05775340621417737,True,True,False,8.828618875851294e-08,COMPLETE
1455,0.22708300948143006,2025-04-10 23:13:47.830692,2025-04-10 23:13:54.567037,0 days 00:00:06.736345,0.32665212981289415,0.14096495634404,16,0.045549939417340604,0.015893097936085565,0.08688730467280605,0.08505133838092258,0.09561212172259925,0.02745774012497499,0.001020755452365967,6,44,0.058169771195909055,0.06868532820386948,True,True,False,3.863643903643574e-08,COMPLETE
1456,0.33142208456993105,2025-04-10 23:13:55.042336,2025-04-10 23:14:01.724945,0 days 00:00:06.682609,0.2821257150800074,0.06512308330666453,16,0.06599601329758739,0.03080704398578166,0.08977235545978784,0.07681407653982009,0.04115101016892341,0.01542104972566691,0.00010886343367783028,5,35,0.06137056372233549,0.042091910646692585,True,True,False,1.110258573020507e-07,COMPLETE
1457,0.34694017767906193,2025-04-10 23:14:02.217397,2025-04-10 23:14:09.027285,0 days 00:00:06.809888,0.20215776846647399,0.12281188843266241,16,0.05364979227120283,0.023136927562886052,0.09656476246953008,0.07013512973794471,0.04368573652722582,0.045401535108554054,4.390958815110339e-05,7,50,0.07401189387255389,0.052056263391047616,True,True,False,6.829598137025416e-08,COMPLETE
1458,0.3342113912105561,2025-04-10 23:14:09.507499,2025-04-10 23:14:16.256189,0 days 00:00:06.748690,0.30532963737436347,0.1639063886760589,16,0.0393257339354103,0.016820119222440186,0.08885121046524898,0.07316666412501853,0.03903974530953738,0.030366182408772188,0.00019077827321340395,6,42,0.06916637019578332,0.06198819648527757,True,True,False,2.0215103622343288e-07,COMPLETE
1459,0.35663592219352724,2025-04-10 23:14:16.733759,2025-04-10 23:14:23.408625,0 days 00:00:06.674866,0.2619699489411018,0.0863446430233388,16,0.04932255346894736,0.028356287577460226,0.08602037849979109,0.07869628753654025,0.09019550884846854,0.022013969300854724,7.936843311158173e-05,5,37,0.056820139125491956,0.037602913356446874,True,True,False,4.360690090853149e-07,COMPLETE
1460,0.2636792480945587,2025-04-10 23:14:23.880092,2025-04-10 23:14:30.985232,0 days 00:00:07.105140,0.22960922253551402,0.18571820164921038,8,0.018686478848602216,0.03800548068664332,0.09538289934192565,0.07556276897819895,0.029994630037230213,0.017773817261884244,0.00013011730460363988,6,46,0.062350364080904726,0.048907523077522934,True,True,False,1.5944362838190564e-07,COMPLETE
1461,0.41371305584907536,2025-04-10 23:14:31.456170,2025-04-10 23:14:38.150275,0 days 00:00:06.694105,0.2484109674156519,0.11183952590924551,16,0.030545759014912834,0.02244791070567008,0.047554941206602176,0.07178673389473292,0.09985213824556138,0.03804313935955174,6.053139664783361e-05,5,40,0.06704685683104208,0.06542291511708793,True,True,False,2.9818901032084485e-08,COMPLETE
1462,0.13728531301021576,2025-04-10 23:14:38.638239,2025-04-10 23:14:45.279444,0 days 00:00:06.641205,0.27560416575207236,0.02879015155085875,16,0.041221314389891246,0.016709590563594785,0.04880406729043609,0.08221221303427621,0.09345259717102031,0.02387130893209052,9.211165386661598e-05,6,44,0.05963873599526038,0.05705767434270452,False,True,True,1.1815115080399167e-07,COMPLETE
1463,0.31206015944480897,2025-04-10 23:14:45.754368,2025-04-10 23:14:52.909783,0 days 00:00:07.155415,0.21140529082841314,0.0617110808550416,16,0.0554360560354241,0.013163091952210356,0.010330123571927335,0.07744755688043191,0.037337581423620377,0.0323396808980689,7.310975683230144e-05,7,48,0.03458223253628462,0.030217795302294088,True,False,False,8.954865128736572e-08,COMPLETE
1464,0.3209085166454315,2025-04-10 23:14:53.376769,2025-04-10 23:15:02.299523,0 days 00:00:08.922754,0.6312597395032518,0.1053340698794559,16,0.0621188029274424,0.04446766758742036,0.09374506230119249,0.07433427713347615,0.059763299863254314,0.019863964732338583,2.8279163413742927e-05,29,42,0.06428449790349515,0.045522773341414004,True,True,False,4.3220136042577735e-08,COMPLETE
