number,value,datetime_start,datetime_complete,duration,params_alpha-eval,params_alpha-train,params_batch-size,params_eps-eval,params_eps-train,params_lambda-actions-eval,params_lambda-actions-train,params_lambda-frames-eval,params_lambda-frames-train,params_learning-rate,params_n-epochs,params_n-frames,params_radius-gw,params_rho,params_std-feats,params_ub-actions,params_ub-frames,params_weight-decay,state
1969,0.37327988147735597,2025-04-11 00:18:54.247624,2025-04-11 00:19:00.985748,0 days 00:00:06.738124,0.18938076353580446,0.011177789299166907,16,0.03575783830094055,0.023163339195200874,0.08501433579182545,0.06782960019352176,0.046791468498885234,0.01895144894642438,0.00021383877982015774,6,45,0.061655689936694714,0.04907573196659651,True,True,False,3.143035254509408e-08,COMPLETE
1970,0.420630818605423,2025-04-11 00:19:01.620313,2025-04-11 00:19:08.320394,0 days 00:00:06.700081,0.24153183107056347,0.0893372976278479,16,0.01866019440660009,0.03340762069591843,0.06266856999536283,0.05068106958086814,0.09762915332031563,0.034466912876717694,8.153025041193246e-05,5,40,0.056641722921438944,0.05958133188496459,True,True,False,6.675148214061982e-08,COMPLETE
1971,0.43370897173881534,2025-04-11 00:19:08.980276,2025-04-11 00:19:15.851411,0 days 00:00:06.871135,0.3119748395774582,0.06997205690346968,16,0.05501117941692716,0.011724477923281308,0.0804343612563084,0.06996298569838694,0.051693943271707676,0.020876033356593902,6.85724483923948e-05,7,42,0.06393636981172902,0.0664260318648484,True,True,False,5.376346842745861e-08,COMPLETE
1972,0.40442034006118777,2025-04-11 00:19:16.519481,2025-04-11 00:19:23.477135,0 days 00:00:06.957654,0.3538037105192639,0.11167286226030321,16,0.048148469768220195,0.022449884324310356,0.08719980988585328,0.06884025118046502,0.03176788974773213,0.016145745248294242,4.4529316711448246e-05,8,36,0.06419145347048204,0.0695159269598906,True,True,False,8.48088461628246e-08,COMPLETE
1973,0.17296841144561767,2025-04-11 00:19:24.116658,2025-04-11 00:19:30.992845,0 days 00:00:06.876187,0.33236639768956366,0.09714060422347559,16,0.027597888572202706,0.017716751131028528,0.08126571699583285,0.06544998765488723,0.015635438173245253,0.01814298548527209,5.1972794589054645e-05,8,31,0.06384568250382998,0.07086225382611763,False,True,True,6.896401796136214e-08,COMPLETE
1974,0.4231871068477631,2025-04-11 00:19:31.656193,2025-04-11 00:19:38.992483,0 days 00:00:07.336290,0.32092475380605984,0.11830072311511765,16,0.039755497313405025,0.02782380534525692,0.09563153066694538,0.0656668829608046,0.03486125124802007,0.013154102913189733,5.843088303907715e-05,8,38,0.06643809326443557,0.030781360558343584,True,False,False,8.771838664918094e-08,COMPLETE
1975,0.321660590171814,2025-04-11 00:19:39.630938,2025-04-11 00:19:46.488370,0 days 00:00:06.857432,0.3456480228457116,0.08235203364420404,16,0.052560979094946184,0.020120354293726415,0.021163108489014558,0.07027602079212039,0.04034874252608192,0.01957655292213316,4.945580775621062e-05,7,40,0.06287386380187909,0.04225439938881469,True,True,False,5.906074903511951e-08,COMPLETE
1976,0.40983476042747496,2025-04-11 00:19:47.149966,2025-04-11 00:19:54.105260,0 days 00:00:06.955294,0.3379716264784405,0.16053807529756042,16,0.034055117693861145,0.02601513683057458,0.08409777570155232,0.067018033942615,0.03908784331982159,0.015394401880474922,4.169148102732495e-05,8,41,0.065743759529778,0.06663230457767054,True,True,False,1.2298471496641306e-07,COMPLETE
1977,0.3633262157440186,2025-04-11 00:19:54.768489,2025-04-11 00:20:01.613239,0 days 00:00:06.844750,0.3183690349090863,0.13566209079393812,16,0.04296397162491238,0.015145433462661171,0.09118325710037943,0.08392290250866899,0.0696712644209059,0.016958336381982603,5.9539187207507946e-05,7,33,0.061373006202289124,0.036819962756715785,True,True,False,2.5506876078430425e-07,COMPLETE
1978,0.41127809286117556,2025-04-11 00:20:02.251446,2025-04-11 00:20:09.060710,0 days 00:00:06.809264,0.3480712686879935,0.09838948574409738,16,0.04787818972290186,0.022028854053984977,0.08715832517412357,0.06444074029328305,0.03061242521099166,0.02006802429477043,3.664600166411812e-05,7,37,0.06415547422480265,0.05449538953253275,True,True,False,7.289312335963662e-08,COMPLETE
1979,0.4252524256706238,2025-04-11 00:20:09.725420,2025-04-11 00:20:16.666989,0 days 00:00:06.941569,0.36084836803979636,0.07784033902272347,16,0.03892872536187517,0.01584248313598844,0.09794216755907809,0.06238097349192685,0.037128087062642805,0.01862747458898185,6.0405294912648706e-05,8,42,0.06270234383293957,0.04759290535615866,True,True,False,9.580683276411579e-08,COMPLETE
1980,0.4080055713653564,2025-04-11 00:20:17.305750,2025-04-11 00:20:24.176035,0 days 00:00:06.870285,0.31574924357767326,0.12651241464397533,16,0.0553897779172817,0.03128477943301927,0.08879704403313952,0.037997085470075756,0.042149737179095016,0.020873302785720273,5.003978836861955e-05,7,40,0.06577823450440026,0.04215155915539351,True,True,False,1.6074371762253171e-07,COMPLETE
1981,0.23592780828475954,2025-04-11 00:20:24.836718,2025-04-11 00:20:35.210655,0 days 00:00:10.373937,0.31252422014105313,0.10160564960913138,2,0.025759853151041387,0.04002431845053588,0.09374423355676537,0.056030770436473726,0.03892783591957304,0.017472041418721683,6.684446468120228e-05,7,43,0.06053334498208722,0.05429271430905127,True,True,False,1.1214860438887973e-07,COMPLETE
1982,0.3784363150596619,2025-04-11 00:20:35.880436,2025-04-11 00:20:42.904954,0 days 00:00:07.024518,0.3322703698596387,0.18831618448383147,16,0.031493139094705226,0.2586039470300185,0.0828822158695026,0.06911983986168944,0.03435016414313604,0.010879281472178273,6.61987460944027e-05,9,37,0.06390468646241387,0.023543329025215023,True,True,False,6.188633918646894e-08,COMPLETE
1983,0.2930768132209778,2025-04-11 00:20:43.544138,2025-04-11 00:20:50.608834,0 days 00:00:07.064696,0.3102881073818615,0.07232375721599207,16,0.045427425367551524,0.1371188440190644,0.027974323936094662,0.08046211751944062,0.00833249515185619,0.014963640342640017,5.418691881078619e-05,8,42,0.06018144269245773,0.10674992685390619,True,True,False,8.201616040142082e-08,COMPLETE
1984,0.3194133162498474,2025-04-11 00:20:51.268483,2025-04-11 00:20:58.197536,0 days 00:00:06.929053,0.30442596648641956,0.11615669477085189,16,0.06189658996614378,0.02235057039079157,0.08542780088307156,0.07922966662099715,0.03330034007778862,0.030921274302111605,6.925206990820637e-05,7,39,0.03903157461778223,0.062494833866729965,True,True,False,5.1430330036419205e-08,COMPLETE
1985,0.1556980162858963,2025-04-11 00:20:58.866225,2025-04-11 00:21:05.740285,0 days 00:00:06.874060,0.3192047614682826,0.14790444536993125,16,0.05183704352522695,0.014514550091868741,0.001007999445802557,0.06862354913201052,0.042159493267302145,0.02030208009483163,4.244442421546789e-05,7,44,0.062243995839503956,0.047247019962548674,True,True,False,1.4031279602079672e-07,COMPLETE
1986,0.25592021346092225,2025-04-11 00:21:06.386567,2025-04-11 00:21:13.538186,0 days 00:00:07.151619,0.3316880721812874,0.0853684977666461,8,0.0395540224404399,0.026253664983538386,0.08951493767019908,0.07726462795175419,0.09739092337412332,0.03269326405300976,7.363885131801832e-05,7,44,0.066012833445217,0.03346113930467645,True,True,False,2.152970392209081e-07,COMPLETE
1987,0.4243641376495361,2025-04-11 00:21:14.199864,2025-04-11 00:21:21.128282,0 days 00:00:06.928418,0.29783644945020005,0.0631891499092464,16,0.032297562978536774,0.019164270798234843,0.08047934643915342,0.06736019731770132,0.03629872604868949,0.021464629806017578,5.630634032390981e-05,7,39,0.06736466163262925,0.042160166829761245,True,True,False,1.1887299809045452e-07,COMPLETE
1988,0.3586606025695801,2025-04-11 00:21:21.802473,2025-04-11 00:21:28.665995,0 days 00:00:06.863522,0.34953707110731075,0.10220594853689853,16,0.02229883032552713,0.014046468982383428,0.04356662530539392,0.08593378568823438,0.04016430782770911,0.018905395546528224,7.007429242025364e-05,7,42,0.06430782688067581,0.07469927249388986,True,True,False,8.082222585358061e-08,COMPLETE
1989,0.4030094921588898,2025-04-11 00:21:29.308696,2025-04-11 00:21:36.210824,0 days 00:00:06.902128,0.3028497382310461,0.13086254197981212,16,0.04794791938979938,0.03445510108983994,0.0953053235557984,0.08222513274369297,0.04329670554383011,0.016973804309778823,4.858560486632635e-05,8,35,0.061362890781994466,0.05690247971347073,True,True,False,5.586851868852573e-08,COMPLETE
1990,0.4342451512813569,2025-04-11 00:21:36.874956,2025-04-11 00:21:43.867596,0 days 00:00:06.992640,0.29299760927139207,0.08386829391653225,16,0.042102180333724926,0.027871348015421602,0.09168940224598393,0.07109117491108126,0.03152348036814846,0.02902537030849924,6.037133273071388e-05,8,45,0.058871069115311085,0.06678605323109374,True,True,False,1.0092613216006142e-07,COMPLETE
1991,0.4254775524139405,2025-04-11 00:21:44.534411,2025-04-11 00:21:51.585113,0 days 00:00:07.050702,0.29103102929065666,0.1111066593277077,16,0.05629971571766702,0.02992525319303578,0.09065112962345896,0.06702203956087457,0.03083302458072289,0.03127425980240319,4.212365157128326e-05,9,46,0.05583867480798622,0.07582376296881986,True,True,False,8.020975247992598e-08,COMPLETE
1992,0.11515907198190689,2025-04-11 00:21:52.232435,2025-04-11 00:21:59.279217,0 days 00:00:07.046782,0.28270854762299613,0.12218289222847258,16,0.26518011345371845,0.04626567845895321,0.0904658727803336,0.06299381608194839,0.029573173636688144,0.03240499887805248,4.9073474953118483e-05,10,46,0.057752588449159196,0.07030518189299097,True,True,False,6.486400567284452e-08,COMPLETE
1993,0.2038643777370453,2025-04-11 00:21:59.945298,2025-04-11 00:22:07.162728,0 days 00:00:07.217430,0.28032143783516916,0.10029698944610958,16,0.049576900087446515,0.04029053057282548,0.08894279965710696,0.07079027593456738,0.033425290706143036,0.03512841023385741,3.660657122882803e-05,8,45,0.0582092577900422,0.07151875037890468,False,False,False,9.34806101001163e-08,COMPLETE
1994,0.11083922535181046,2025-04-11 00:22:07.802650,2025-04-11 00:22:14.973546,0 days 00:00:07.170896,0.28911512978847653,0.4446702209824658,16,0.06136732276106382,0.03553890064746432,0.09112093132459802,0.06523847310821548,0.031175380521030787,0.029602134962191783,5.159774410562619e-05,9,46,0.05459413566309778,0.08160619764164977,True,True,True,7.343551652245176e-08,COMPLETE
1995,0.4215809106826782,2025-04-11 00:22:15.632428,2025-04-11 00:22:22.654030,0 days 00:00:07.021602,0.2920512671823882,0.14925001969362622,16,0.045110447103536275,0.027189864151540722,0.08822869828075361,0.06927611059440751,0.031512063594956785,0.03393259953615786,3.0577386712626096e-05,9,43,0.058717397487387066,0.0684168158246221,True,True,False,9.605240133461072e-08,COMPLETE
1996,0.35157644748687744,2025-04-11 00:22:23.318796,2025-04-11 00:22:30.252401,0 days 00:00:06.933605,0.27538536883121467,0.0918910444769325,16,0.0527622287657449,0.0562253949455206,0.09231181900404507,0.08060463232578509,0.03222010793275835,0.031210596313043543,3.833895541327414e-05,8,47,0.05718537544142109,0.07514055447473117,True,True,False,7.363728573000299e-08,COMPLETE
1997,0.3351920127868652,2025-04-11 00:22:30.895540,2025-04-11 00:22:38.010828,0 days 00:00:07.115288,0.307711552325786,0.13034100937159745,16,0.06913347967632522,0.02023837267289004,0.08909658481122829,0.07090328647068128,0.02911357048402592,0.030673892965699626,4.478596995456239e-05,9,42,0.05908437950765892,0.06517390854758726,True,True,False,5.2422388846127816e-08,COMPLETE
1998,0.38716116547584534,2025-04-11 00:22:38.672244,2025-04-11 00:22:45.745568,0 days 00:00:07.073324,0.2786561067845472,0.11511775202802718,16,0.042770962443651424,0.08766634528196363,0.08704624731440247,0.06779969376307979,0.03368346480835094,0.03391037203009132,5.4035405608312616e-05,9,44,0.055735890038831434,0.08571259663006721,True,True,False,9.722814226025646e-08,COMPLETE
1999,0.4037299454212189,2025-04-11 00:22:46.410851,2025-04-11 00:22:53.365649,0 days 00:00:06.954798,0.3012990252120845,0.09019198505947264,16,0.053918338068056286,0.012861959069657713,0.08930745206980617,0.07806126833366682,0.03362598215406241,0.029708962652818523,5.6194642499423535e-05,8,48,0.059789718055624747,0.06910875736925468,True,True,False,6.414377332310423e-08,COMPLETE
