number,value,datetime_start,datetime_complete,duration,params_alpha-eval,params_alpha-train,params_batch-size,params_eps-eval,params_eps-train,params_lambda-actions-eval,params_lambda-actions-train,params_lambda-frames-eval,params_lambda-frames-train,params_learning-rate,params_n-epochs,params_n-frames,params_radius-gw,params_rho,params_std-feats,params_ub-actions,params_ub-frames,params_weight-decay,state
1577,0.23557315468788148,2025-04-10 23:29:02.744425,2025-04-10 23:29:09.556187,0 days 00:00:06.811762,0.2933453925666627,0.10425185849239893,16,0.018596703671131472,0.008939522838898484,0.08735298378757818,0.07680248248907212,0.04874399550112106,0.017845857531158034,2.701475816679806e-05,5,52,0.059762324677721086,0.06044538173443215,False,False,False,6.842474384297722e-08,COMPLETE
1578,0.4210985004901886,2025-04-10 23:29:10.067562,2025-04-10 23:29:16.634817,0 days 00:00:06.567255,0.2623853400426601,0.0829508257548786,16,0.034392956900551844,0.007791671897469557,0.08506953624826558,0.07576878637098705,0.04809646552267097,0.020087815602800946,4.52585578836895e-05,5,45,0.06222126302985378,0.04934181907627748,True,True,False,6.248961580286415e-08,COMPLETE
1579,0.4105789184570313,2025-04-10 23:29:17.143235,2025-04-10 23:29:23.791343,0 days 00:00:06.648108,0.30871814549672116,0.040880537713664546,16,0.04215328570540104,0.0004980966201621438,0.09249179913129375,0.07310962249539377,0.05311740322194662,0.021658045949362985,8.051936104577087e-05,5,50,0.06146281252882985,0.16908755136852344,True,True,False,1.1054724488077874e-07,COMPLETE
1580,0.0966091975569725,2025-04-10 23:29:24.320307,2025-04-10 23:29:30.884696,0 days 00:00:06.564389,0.281716586442583,0.4119620607131854,16,0.22701752200635555,0.009065474262365349,0.08914932290862435,0.07024295634665194,0.04741187147207888,0.015275688275388662,5.9593554258176936e-05,5,46,0.06347476590845501,0.0379509042591906,True,True,False,7.790652138982736e-08,COMPLETE
1581,0.30180433988571165,2025-04-10 23:29:31.394265,2025-04-10 23:29:38.043715,0 days 00:00:06.649450,0.2735019611350291,0.10805962194711528,16,0.051016086953005524,0.14180202338879713,0.08280865631221339,0.07673825373464002,0.04651273038913337,0.01677192225844109,7.92508160430279e-05,5,45,0.05875773394648568,0.023332849901494174,True,True,False,9.195025008109666e-08,COMPLETE
1582,0.2909217596054077,2025-04-10 23:29:38.551373,2025-04-10 23:29:45.220376,0 days 00:00:06.669003,0.15943180095824402,0.06534273884893863,16,0.04229369340893431,0.012486935135853928,0.07404039865784906,0.0740940278347416,0.052196687130203055,0.02248243943754767,1.9924814559491382e-05,5,50,0.06365586334334182,0.07783475028639555,True,True,False,5.307721647396206e-08,COMPLETE
1583,0.4138423621654511,2025-04-10 23:29:45.748245,2025-04-10 23:29:52.388932,0 days 00:00:06.640687,0.2987416288794811,0.08465148222945099,16,0.034075661305765545,0.00406933364108241,0.09652477366522468,0.07221421370125425,0.048344456087573054,0.019073564867059502,5.217875863704189e-05,5,47,0.06082184543037113,0.06629692422816437,True,True,False,1.1513568511447108e-07,COMPLETE
1584,0.4233212471008301,2025-04-10 23:29:52.902371,2025-04-10 23:29:59.647083,0 days 00:00:06.744712,0.26018823092547955,0.11155808943941221,16,0.0463557558150413,0.0009284856699680304,0.08677185936677485,0.075961624455014,0.05494069511620528,0.0246593703687562,6.721122834351142e-05,6,53,0.05938002568540049,0.05366577944083158,True,True,False,6.141209361818214e-08,COMPLETE
1585,0.1038969174027443,2025-04-10 23:30:00.162507,2025-04-10 23:30:09.537655,0 days 00:00:09.375148,0.3184076765151112,0.05167751004459219,2,0.011546545839142636,0.010061755092827479,0.07999679964480778,0.07115214094976606,0.05036063402213816,0.02135297419315769,8.146534685076239e-05,5,114,0.06398150580872722,0.04382603300775438,True,True,False,8.525444899760152e-08,COMPLETE
1586,0.4289484322071076,2025-04-10 23:30:10.068482,2025-04-10 23:30:16.819184,0 days 00:00:06.750702,0.28125099196890313,0.08382861032094589,16,0.029351271615566818,0.014222855519558307,0.08459966670093022,0.07434301038564947,0.04601723260968692,0.017406865126166376,6.610479445957186e-05,6,43,0.062284142523985564,0.05772017517974899,True,True,False,1.1607261348387115e-07,COMPLETE
1587,0.4283110201358795,2025-04-10 23:30:17.330158,2025-04-10 23:30:23.973817,0 days 00:00:06.643659,0.18054663599174486,0.11786278445806475,16,0.040276138146125434,0.008589594464023608,0.09377050308648649,0.06585279870709906,0.045887803553045586,0.022963541007364197,8.700181653045245e-05,5,44,0.06506147780237019,0.048456292570489494,True,True,False,6.932703048545801e-08,COMPLETE
1588,0.17735344171524048,2025-04-10 23:30:24.513890,2025-04-10 23:30:31.178507,0 days 00:00:06.664617,0.255193463943932,0.07134966407860266,16,0.10504317717935129,0.015159532171547587,0.09001257844396433,0.07767940521422359,0.04854289873356872,0.01977137904220941,3.49296725842601e-05,6,48,0.06117743314352538,0.0629270169495579,True,True,False,5.191971401000176e-08,COMPLETE
1589,0.3371769845485687,2025-04-10 23:30:31.692430,2025-04-10 23:30:38.528211,0 days 00:00:06.835781,0.2980539392607726,0.09676413128714866,16,0.05250557821250015,0.0006478791842903862,0.05755186128555592,0.07317610239595153,0.04506099873395169,0.024152425286849247,4.684329986288563e-05,6,42,0.0591834266533323,0.03836047118010555,True,True,False,1.0513311169382077e-07,COMPLETE
1590,0.1587799847126007,2025-04-10 23:30:39.041795,2025-04-10 23:30:45.570380,0 days 00:00:06.528585,0.3190421308880455,0.029315394961819907,16,0.16086708370950775,0.009981836325444398,0.08806824347432791,0.07758235549396117,0.05278323442660787,0.02127229929926705,5.918489439977051e-05,5,46,0.06276070274121523,0.052748713115242415,True,True,False,1.3052484725879576e-07,COMPLETE
1591,0.2533672571182251,2025-04-10 23:30:46.103965,2025-04-10 23:30:53.030166,0 days 00:00:06.926201,0.26901221395391395,0.049340857239779816,8,0.03504692128110454,0.01572083252992237,0.0327920726481263,0.07536845593846099,0.04474358279852264,0.01154193964176146,7.959549872901185e-05,5,50,0.06504354513369412,0.07065300192560767,True,True,False,4.7985086847310897e-08,COMPLETE
1592,0.4131245732307434,2025-04-10 23:30:53.547325,2025-04-10 23:31:00.579235,0 days 00:00:07.031910,0.2879220569360711,0.6677095558194461,16,0.04653497390282193,0.16365630504793138,0.08154454082818663,0.06871633495514044,0.04687475007716562,0.01638044704432352,9.219809170272838e-05,8,53,0.05914042054657926,0.043039129195987506,True,True,False,8.649461437133004e-08,COMPLETE
1593,0.31353939771652223,2025-04-10 23:31:01.091145,2025-04-10 23:31:07.862312,0 days 00:00:06.771167,0.5883571408289597,0.011584669069826622,16,0.024604315822596895,0.20870672765991388,0.09989405431025226,0.07122481499536362,0.05086965562877774,0.02519814779572102,7.064351728004814e-05,6,44,0.08977640570470041,0.05577954365836963,True,True,False,3.578195661173392e-08,COMPLETE
1594,0.2943581461906433,2025-04-10 23:31:08.402019,2025-04-10 23:31:15.024266,0 days 00:00:06.622247,0.2422964597844755,0.09075398959602257,16,0.052459811408413326,0.006401355069216557,0.09119141851318538,0.07656855806885862,0.04955144810805926,0.019108271497235447,5.118646831070955e-05,5,40,0.06138246998509222,0.029794278482653203,True,True,False,6.998419823418844e-08,COMPLETE
1595,0.21760912239551547,2025-04-10 23:31:15.538532,2025-04-10 23:31:22.203292,0 days 00:00:06.664760,0.30206300080815607,0.12110486304384738,16,0.2925479721370057,0.019379145589862368,0.09512789093566903,0.07406976830686368,0.046488891084623264,0.02287731318022508,9.254913008266996e-05,6,47,0.06307444751921265,0.08643334397103135,True,True,False,1.25264737120705e-07,COMPLETE
1596,0.09234625697135926,2025-04-10 23:31:22.717201,2025-04-10 23:31:30.198364,0 days 00:00:07.481163,0.1916138321831055,0.06552419279361218,16,0.039686236106269625,0.0002823939112487836,0.08419798543603359,0.07846283218823358,0.06631721819370118,0.014362964622758337,4.0313682889974825e-05,11,42,0.05810694390096204,0.0482168891016624,True,False,False,4.460738790301961e-08,COMPLETE
1597,0.4201561629772187,2025-04-10 23:31:30.735491,2025-04-10 23:31:37.474288,0 days 00:00:06.738797,0.2686213170162495,0.10260111262724837,16,0.04522118056658294,0.013406583529731644,0.08619403682545138,0.07241080447481615,0.044230343406099895,0.02072557035825668,6.492980866892036e-05,5,49,0.06532221622212513,0.06588455978227814,True,True,False,2.935309990682003e-08,COMPLETE
1598,0.16646811068058015,2025-04-10 23:31:37.993565,2025-04-10 23:31:44.736675,0 days 00:00:06.743110,0.24462359082221038,0.06960725820344094,16,0.03192258439831495,0.01823480261402082,0.09235960713579848,0.06756158612770681,0.043391918765056194,0.025497472992009298,7.44150102749418e-05,7,43,0.06078602490892345,0.060393563221244784,False,True,True,9.135838603366308e-08,COMPLETE
1599,0.20075407326221467,2025-04-10 23:31:45.277458,2025-04-10 23:31:54.176253,0 days 00:00:08.898795,0.3274876618403112,0.09033093838925005,16,0.05250959132597473,0.00873422206912206,0.07819152821935975,0.07527266934662455,0.04380962369282133,0.017957456904080453,9.994867574003939e-05,26,76,0.0641590302369688,0.04202006210723412,True,True,False,1.7451820109652212e-08,COMPLETE
1600,0.28226606249809266,2025-04-10 23:31:54.699987,2025-04-10 23:32:01.380111,0 days 00:00:06.680124,0.11665627342901617,0.1237454922751659,16,0.038901166530708894,0.012942979972723817,0.09763738969049124,0.07010098351155217,0.046233313845784954,0.023651210294344423,5.4659915203099604e-05,6,46,0.06242619571201494,0.03482394323186115,True,True,False,6.294667979604624e-08,COMPLETE
1601,0.4178514659404755,2025-04-10 23:32:01.896558,2025-04-10 23:32:08.500044,0 days 00:00:06.603486,0.20966236611264827,0.04350403902808528,16,0.021827044793613592,0.020218393656291606,0.08895254946334602,0.0779917950817193,0.0299815114374504,0.02174966877992029,8.56905215940024e-05,5,38,0.059690889924043505,0.05099038860176387,True,True,False,1.0195553756442486e-07,COMPLETE
1602,0.4119275391101837,2025-04-10 23:32:09.037472,2025-04-10 23:32:15.824152,0 days 00:00:06.786680,0.2838753333899843,0.10365220397426189,16,0.004422919444474361,0.005906402592738206,0.08271775770595576,0.07592833887749391,0.0448585542144684,0.027072085066233965,6.172579746094295e-05,6,53,0.06607515601206917,0.07446253056010514,True,True,False,1.3632805171882906e-07,COMPLETE
1603,0.41827620863914494,2025-04-10 23:32:16.340944,2025-04-10 23:32:22.973899,0 days 00:00:06.632955,0.25640399033843736,0.08225692948620686,16,0.045451536297457316,0.014666599441543339,0.09558055698546639,0.07437437974950713,0.047992113169174094,0.01825748246088343,7.526363849941189e-05,5,45,0.061481024120136125,0.10910441828438573,True,True,False,2.622425170114047e-08,COMPLETE
1604,0.3377869486808777,2025-04-10 23:32:23.490240,2025-04-10 23:32:30.250126,0 days 00:00:06.759886,0.31214329215001113,0.059595399572949445,16,0.054304777456551816,0.020588857506014923,0.08602069546942742,0.07282426848123737,0.050488579666035975,0.025879942105461753,0.0001009133894296007,6,49,0.0642931225921664,0.05746896783549854,True,True,False,2.1570703506716794e-08,COMPLETE
1605,0.09234625697135926,2025-04-10 23:32:30.788071,2025-04-10 23:32:37.917287,0 days 00:00:07.129216,0.22644445326144255,0.1207678573935736,16,0.034918556183137765,0.005844918727957463,0.09384014403660053,0.07835169522343166,0.02700812562196405,0.020053634619890372,0.054948561414633564,7,139,0.058116138560198136,0.046136156224246425,True,True,False,3.892718550688869e-08,COMPLETE
1606,0.40325703024864196,2025-04-10 23:32:38.443863,2025-04-10 23:32:45.204555,0 days 00:00:06.760692,0.2872683773537177,0.08133969642889612,16,0.04808726026300945,0.012021184054816945,0.09061698923756019,0.07103944174791402,0.029457772301921772,0.023960352868945906,4.4630232504841034e-05,6,40,0.0662424827554041,0.06791647493242976,True,True,False,8.44536023202403e-08,COMPLETE
1607,0.22088212370872498,2025-04-10 23:32:45.722870,2025-04-10 23:33:02.423908,0 days 00:00:16.701038,0.2579458192987925,0.03967662277159437,2,0.04163402816291304,0.0003534424384967899,0.0715707695443713,0.07637174233660242,0.04857365991010871,0.01565761892618124,8.121479537388299e-05,19,43,0.063039734722848,0.019099853115300387,True,True,False,5.2031455878868006e-08,COMPLETE
1608,0.39179908037185673,2025-04-10 23:33:02.965657,2025-04-10 23:33:09.586782,0 days 00:00:06.621125,0.18726058812351976,0.10304273234803862,16,0.027924607045207675,0.02092267181157345,0.08011134761955835,0.07892824720813751,0.042954429829869946,0.02165590957361828,6.32491006424681e-05,5,47,0.06010176105129444,0.040014434490483204,True,True,False,7.21383043224246e-08,COMPLETE
1609,0.2722240686416626,2025-04-10 23:33:10.106671,2025-04-10 23:33:17.094708,0 days 00:00:06.988037,0.1553093572496992,0.0630986524151352,16,0.016427693406308955,0.01606972821992505,0.08764093899013214,0.07380211480288075,0.0535482380249276,0.028411551960635533,0.000109828801598802,8,51,0.05796342940392312,0.052346257307621505,True,True,False,1.4528039689705254e-07,COMPLETE
1610,0.4194173038005829,2025-04-10 23:33:17.644059,2025-04-10 23:33:24.481220,0 days 00:00:06.837161,0.23505130161155896,0.12778739933814687,16,0.03801784457103655,0.010245218254588658,0.09705531215210345,0.07715948786311058,0.04558008473117824,0.01965865529386368,5.275287791910866e-05,6,40,0.06390736509471763,0.062157214192700726,True,True,False,9.978412844997726e-08,COMPLETE
1611,0.2829609572887421,2025-04-10 23:33:25.002958,2025-04-10 23:33:31.584278,0 days 00:00:06.581320,0.9769001327258956,0.10357142940695584,16,0.05518348527967863,0.00020896320990156786,0.08395379268399428,0.06896306550182665,0.042734333526744016,0.01710607631190455,8.820975117412473e-05,5,44,0.06117149521513773,0.031096442981775704,True,True,False,1.2175826516607614e-07,COMPLETE
1612,0.3688670933246613,2025-04-10 23:33:32.106047,2025-04-10 23:33:39.255915,0 days 00:00:07.149868,0.7612496744413482,0.01087437530990476,8,0.048537825101402005,0.024038013546521023,0.09202087926192122,0.0721362588140382,0.04726467471882345,0.013266881185518883,7.102397221512587e-05,7,36,0.06489869394767976,0.04615198324583015,True,True,False,4.188780615168002e-08,COMPLETE
1613,0.2947162926197052,2025-04-10 23:33:39.799239,2025-04-10 23:33:46.715915,0 days 00:00:06.916676,0.30641590069800234,0.07702487214913484,16,0.04437862128095799,0.017335320928180423,0.08938876502234,0.07500369353111493,0.04379534685146352,0.024521695726775438,9.524157687809604e-05,8,48,0.06693533508399974,0.056376898385649105,True,True,False,3.1012702620634684e-08,COMPLETE
1614,0.16260217130184174,2025-04-10 23:33:47.245687,2025-04-10 23:33:54.014854,0 days 00:00:06.769167,0.27585131547405095,0.050204628858689385,16,0.029687148031873434,0.006722890960945636,0.07650219963932073,0.07881912660888446,0.03203185056444431,0.026495647824098207,7.623523872264063e-05,7,41,0.06262200965539479,0.03773460196941544,False,True,True,6.295722314647029e-08,COMPLETE
1615,0.3730237901210785,2025-04-10 23:33:54.533590,2025-04-10 23:34:02.427561,0 days 00:00:07.893971,0.2144537129062757,0.09389417757510712,16,0.037703890537426066,0.021262309102995057,0.08623490537108312,0.076344827532482,0.04898089262863516,0.029671259242466757,5.998348483567521e-05,17,45,0.059701013045563044,0.07361404788681726,True,True,False,7.970047275083527e-08,COMPLETE
1616,0.3091645121574402,2025-04-10 23:34:02.970220,2025-04-10 23:34:10.530917,0 days 00:00:07.560697,0.3303735163242261,0.11894603575114313,16,0.05713162909491819,0.014007307128531366,0.08119111123044614,0.03348632511572696,0.04469150491489307,0.021941196491331378,0.0001291489040897193,9,54,0.0620546828348273,0.06424332931433244,True,False,False,1.4936403716256737e-07,COMPLETE
1617,0.22539963126182558,2025-04-10 23:34:11.057570,2025-04-10 23:34:20.215752,0 days 00:00:09.158182,0.17156415314139672,0.02948540290024894,16,0.04953964181936077,0.024180470095600065,0.09345417045303867,0.06630873562285275,0.06276544798043072,0.023337284224918046,0.00010877871439669997,30,50,0.06610047446353033,0.04800480249339277,True,True,False,5.0795511046647686e-08,COMPLETE
1618,0.38773733377456665,2025-04-10 23:34:20.768485,2025-04-10 23:34:27.365593,0 days 00:00:06.597108,0.2463600748712153,0.07245391479095757,16,0.04236950929969259,0.011946827693772887,0.09529636305717475,0.07357249387139154,0.05171560461498491,0.018839862230132988,4.940001181855609e-05,5,38,0.04727032207649689,0.05341413293947955,True,True,False,1.1731708173471046e-07,COMPLETE
1619,0.22507814168930057,2025-04-10 23:34:27.886740,2025-04-10 23:34:35.813774,0 days 00:00:07.927034,0.2993753135748834,0.13013239367722085,16,0.03382004915672281,0.0001348988580447113,0.08434258190063845,0.07050629125704266,0.02571239365465503,0.0278281925452291,8.490979514669413e-05,13,123,0.05772066370365395,0.04206666687250427,True,True,False,2.2677837050331767e-08,COMPLETE
1620,0.2199048697948456,2025-04-10 23:34:36.339757,2025-04-10 23:34:43.020252,0 days 00:00:06.680495,0.26901137085340254,0.0907903783094362,16,0.05239485718220218,0.006769378170668845,0.08809158108637136,0.0792060404330204,0.02864125881039954,0.01659901867413557,0.0027479041684400998,6,42,0.06403920336469682,0.060899433707349605,True,True,False,3.828974801771516e-08,COMPLETE
1621,0.4109644770622254,2025-04-10 23:34:43.567656,2025-04-10 23:34:50.272235,0 days 00:00:06.704579,0.20368156820050332,0.055954573779234004,16,0.02214647703774914,0.018617792178860497,0.09081148666700882,0.07516501397959512,0.04644769749050895,0.020758376770695197,3.976485615748792e-05,5,68,0.060404201631976566,0.07862732181633517,True,True,False,1.020299290512325e-07,COMPLETE
1622,0.38972566723823554,2025-04-10 23:34:50.796833,2025-04-10 23:34:57.542019,0 days 00:00:06.745186,0.2338719543678708,0.10432989113003391,16,0.04215791459242881,0.024623259595214456,0.08258952896696212,0.0634199511444153,0.09996222190805079,0.025886964525467338,3.183349181723107e-05,6,46,0.0678371327955392,0.026517323852891038,True,True,False,7.506873947068249e-08,COMPLETE
1623,0.4415517807006836,2025-04-10 23:34:58.074325,2025-04-10 23:35:04.891113,0 days 00:00:06.816788,0.2906467053833917,0.0766839256077184,16,0.0344657881037208,0.009768745466869717,0.0925722492719759,0.057038610989254945,0.04230932115058228,0.030511884632475714,6.808331585058172e-05,7,43,0.06188026790333608,0.035364352414687855,True,True,False,5.734383963376514e-08,COMPLETE
1624,0.2187785863876343,2025-04-10 23:35:05.438387,2025-04-10 23:35:12.325704,0 days 00:00:06.887317,0.26226635235627943,0.02816387404211537,16,0.02674944929363161,0.006432494035802186,0.09000277808250627,0.05350479830621243,0.044784699152276695,0.03188602860433892,0.0001019170559748337,8,39,0.061235526333168144,0.014787141098574198,True,True,False,7.096783616430503e-08,COMPLETE
1625,0.3057776272296906,2025-04-10 23:35:12.854706,2025-04-10 23:35:19.782180,0 days 00:00:06.927474,0.27374416350524133,0.048784633659852486,16,0.029459299605321117,0.00884904990876414,0.09124507474616358,0.0653382244250663,0.043245823918359835,0.030808917197567193,8.249608755918339e-05,8,36,0.059282674561068345,0.02520222770073339,True,True,False,5.96553221161676e-08,COMPLETE
1626,0.2961841940879822,2025-04-10 23:35:20.330761,2025-04-10 23:35:27.396139,0 days 00:00:07.065378,0.2501644637943277,0.06609703591321554,16,0.018395491838083578,0.006847953385426866,0.0881334948600911,0.05120310668384456,0.04275006311153146,0.03242747733730932,0.00011368172444366295,10,31,0.06177693930462316,0.03108926154589478,True,True,False,5.954268345178807e-08,COMPLETE
1627,0.415886253118515,2025-04-10 23:35:27.924144,2025-04-10 23:35:34.909706,0 days 00:00:06.985562,0.28726565149090827,0.03745470659224744,16,0.03228653834834794,0.00486261057962222,0.0912303816173161,0.05902821134379701,0.04552687306778578,0.03350558170000756,7.079491483740094e-05,8,41,0.05892422486256424,0.06918112107131749,True,True,False,7.965678976197948e-08,COMPLETE
1628,0.3015921473503113,2025-04-10 23:35:35.435758,2025-04-10 23:35:42.385434,0 days 00:00:06.949676,0.22435393177326832,0.07262532997742822,16,0.05691468347190554,0.009582305866813879,0.09246247766886316,0.061644292875901834,0.04230549851197993,0.030827514903054996,9.308386737664444e-05,8,43,0.06243501192390243,0.03638873224299663,True,True,False,6.382702002985193e-08,COMPLETE
1629,0.09234625697135926,2025-04-10 23:35:42.932208,2025-04-10 23:35:53.266342,0 days 00:00:10.334134,0.2563933563352686,0.05501580421967604,2,0.04697166239792521,0.01098123363846748,0.08927153531307831,0.050093217510331634,0.047003461895017265,0.031969612884749775,0.00012752497072851,7,48,0.05710135465014439,0.023616543389085594,True,True,False,9.413273274929065e-08,COMPLETE
1630,0.42579777836799626,2025-04-10 23:35:53.796149,2025-04-10 23:36:00.626517,0 days 00:00:06.830368,0.2724570418855833,0.10869906467496344,16,0.011787799343745726,0.003907452643881513,0.0867958147961312,0.05288483727327822,0.044816545971558396,0.02916874224657935,7.870790108043758e-05,7,39,0.06057458170262499,0.058265980129234805,True,True,False,5.5260998799768516e-08,COMPLETE
1631,0.36717239618301395,2025-04-10 23:36:01.176321,2025-04-10 23:36:08.024216,0 days 00:00:06.847895,0.24114156268877154,0.07450688619673176,16,0.022028469377573107,0.013348910855236396,0.08926570814465712,0.05659648168666735,0.041798058224590234,0.029857249637527783,9.752505129135045e-05,7,35,0.06355472143140774,0.0664912731897163,True,True,False,7.71890319512671e-08,COMPLETE
1632,0.1813915014266968,2025-04-10 23:36:08.558850,2025-04-10 23:36:15.357475,0 days 00:00:06.798625,0.2874751366822885,0.13927453188975572,16,0.1884809537826225,0.013717730180071865,0.09260701624690931,0.06848730773265443,0.04838333627071386,0.03458746156223185,0.0001425450154092135,8,45,0.008706319565485662,0.03223113133890587,True,True,False,9.381690645932634e-08,COMPLETE
