number,value,datetime_start,datetime_complete,duration,params_alpha-eval,params_alpha-train,params_batch-size,params_eps-eval,params_eps-train,params_lambda-actions-eval,params_lambda-actions-train,params_lambda-frames-eval,params_lambda-frames-train,params_learning-rate,params_n-epochs,params_n-frames,params_radius-gw,params_rho,params_std-feats,params_ub-actions,params_ub-frames,params_weight-decay,state
565,0.44776068925857543,2025-04-17 19:24:34.376728,2025-04-17 19:24:45.488603,0 days 00:00:11.111875,0.5127411543641034,0.7576518314807307,2,0.2915025228509713,0.05327094352832913,0.08798082146623669,0.0399068961218236,0.0265469059476037,0.019312674230704874,0.00048532926232904396,6,44,0.09214697936685595,0.2760265784033853,True,False,False,8.83865755208539e-05,COMPLETE
566,0.44786114096641544,2025-04-17 19:24:45.668497,2025-04-17 19:24:56.199126,0 days 00:00:10.530629,0.4158923281114637,0.7173966863382357,2,0.29289610237863967,0.054262887757680636,0.08826666636187899,0.03838375047956591,0.02611098203029417,0.01931352986322,0.0004204782138981974,5,47,0.09214606493546855,0.27688829925425706,True,False,False,7.59126878427584e-05,COMPLETE
567,0.4351130187511444,2025-04-17 19:24:56.391305,2025-04-17 19:25:06.919931,0 days 00:00:10.528626,0.33088263359471415,0.7125051829982079,2,0.2997623352861193,0.0559544360372145,0.09128199820589358,0.03579977366118199,0.027920283880180842,0.009787387418585996,0.0004080913149289385,5,55,0.09243394692254911,0.2589225420595063,True,False,False,7.07400452091296e-05,COMPLETE
568,0.10848176330327988,2025-04-17 19:25:07.104998,2025-04-17 19:25:16.668046,0 days 00:00:09.563048,0.4222027128881577,0.6677471991195628,2,0.29268697617149986,0.047739514203077565,0.08821980487827884,0.03757420842497191,0.024948301179757836,0.017237666378190304,0.0003375463737688022,5,49,0.09002337547729955,0.27545810341883525,True,False,True,7.907049491058746e-05,COMPLETE
569,0.4502976179122925,2025-04-17 19:25:16.860482,2025-04-17 19:25:27.306984,0 days 00:00:10.446502,0.45950528888457265,0.7057002384609906,2,0.29407903072021313,0.06256033901377732,0.08470826855917582,0.03854534151282182,0.030869929077146537,0.003665561459058982,0.00039389158815438793,5,46,0.0883677574265433,0.24832605344037406,True,False,False,0.00011098671913064574,COMPLETE
570,0.1486695945262909,2025-04-17 19:25:27.490477,2025-04-17 19:25:37.040279,0 days 00:00:09.549802,0.4594802580974424,0.6921909860638734,2,0.2999515691720813,0.06420515556854434,0.08228478750480231,0.04049354410874477,0.030414391157123993,0.0032856340324494,0.000315149987999065,5,46,0.08822014597981416,0.2488061492447851,True,True,False,0.0001228824811675013,COMPLETE
571,0.4502385258674622,2025-04-17 19:25:37.220036,2025-04-17 19:25:48.345412,0 days 00:00:11.125376,0.5237399654953399,0.8575264630504466,2,0.2941712746606724,0.06176138787876512,0.0843998972698776,0.035059739599396095,0.03122624202175394,0.0034112417702887093,0.00036814248063282,6,44,0.08880900656155,0.24223294053501535,True,False,False,0.00014329021534803987,COMPLETE
572,0.44261972308158876,2025-04-17 19:25:48.537567,2025-04-17 19:25:59.473723,0 days 00:00:10.936156,0.493552833685195,0.8963359990102683,2,0.28895046750499387,0.06066929866257077,0.0838677423989511,0.034358765674911466,0.033583060108551555,0.013161374774801135,0.0005148589524477994,6,43,0.08820451734052251,0.2428557345163313,True,False,False,0.00014475115071890392,COMPLETE
573,0.4531755566596985,2025-04-17 19:25:59.657393,2025-04-17 19:26:10.680241,0 days 00:00:11.022848,0.527686004203043,0.7130850604563549,2,0.29476943037970743,0.04801765673658011,0.08427224984801776,0.03557195735917987,0.03214638234604974,0.014925511311639463,0.0003318717157101673,6,42,0.08854962345330297,0.241222190215802,True,False,False,0.00011803094236050484,COMPLETE
574,0.43435031771659854,2025-04-17 19:26:10.874012,2025-04-17 19:26:21.991492,0 days 00:00:11.117480,0.46891160965297846,0.7200088269719187,2,0.29338515374034113,0.06422872845871375,0.0811338685810361,0.03298096053021296,0.032618113716553425,0.0034388408553768326,0.003381642715595386,6,50,0.08960071129212371,0.2484754119703615,True,False,False,0.0001347931197041827,COMPLETE
575,0.4480791568756104,2025-04-17 19:26:22.172796,2025-04-17 19:26:33.362320,0 days 00:00:11.189524,0.512943410341855,0.7450631017477979,2,0.28834129037031553,0.04761807792630623,0.0851122002206156,0.036328060016593944,0.035385917972754866,0.01557709630589696,0.0003163917487302928,6,46,0.08852375423794223,0.2537614601807859,True,False,False,0.00011941705898067578,COMPLETE
576,0.3573326885700226,2025-04-17 19:26:33.556597,2025-04-17 19:26:44.477686,0 days 00:00:10.921089,0.5477802166951254,0.8095599780059111,2,0.009576680797695136,0.05653563111206583,0.083406076425218,0.03593030413270825,0.031923243847503835,0.01173625284005792,0.0003623900086822024,6,43,0.08796746976962262,0.24215196216016704,False,False,False,0.00011009905549415237,COMPLETE
577,0.44534838199615484,2025-04-17 19:26:44.660796,2025-04-17 19:26:55.205282,0 days 00:00:10.544486,0.4915104764108598,0.68311839476599,2,0.2942506914487478,0.04710150917027676,0.08652089169115817,0.038137365807073394,0.03068827377871734,0.021561206488253017,0.0003375127809828404,5,42,0.09107184292633919,0.24913241585586376,True,False,False,0.0001500751131594788,COMPLETE
578,0.44862957596778874,2025-04-17 19:26:55.399220,2025-04-17 19:27:07.048763,0 days 00:00:11.649543,0.5238951395896744,0.8533037326559318,2,0.2883523451471428,0.05867798985440523,0.07834552120652472,0.03845640063221672,0.030413690149499798,0.0010852465945327566,0.0002915945875030405,7,41,0.08989709686764567,0.2399957214261565,True,False,False,0.00010668798672417545,COMPLETE
579,0.4460638761520386,2025-04-17 19:27:07.232671,2025-04-17 19:27:18.265641,0 days 00:00:11.032970,0.5729120002955187,0.7112743850761732,2,0.2999392274326294,0.04742017186356596,0.08381042203247692,0.03469910784535632,0.03305540632782363,0.015381044053659938,0.00039177635284795115,6,45,0.08816980047755138,0.25815949064756694,True,False,False,9.020817769006415e-05,COMPLETE
580,0.4375877141952515,2025-04-17 19:27:18.461497,2025-04-17 19:27:28.970441,0 days 00:00:10.508944,0.49872902822219334,0.7347343319967047,2,0.2941362584939279,0.0674765901631343,0.08678912941140896,0.03695590586716716,0.028854542892325048,0.010032154959736077,0.0005515331359425573,5,52,0.08738632911206005,0.24979882469894457,True,False,False,0.00014636829729194125,COMPLETE
581,0.45416417717933655,2025-04-17 19:27:29.156951,2025-04-17 19:27:40.175474,0 days 00:00:11.018523,0.4584648154612982,0.7859112464984822,2,0.2890902956614081,0.053501715530562405,0.09092528012576029,0.039289230026246603,0.03182753866841607,0.017640417718287508,0.0002978557237557945,6,41,0.09007521859016461,0.24523473550327443,True,False,False,6.579554298740809e-05,COMPLETE
582,0.4416592538356781,2025-04-17 19:27:40.376384,2025-04-17 19:27:51.498784,0 days 00:00:11.122400,0.45346539570525946,0.8594960931316271,2,0.2998500650781538,0.06284841000039781,0.09176697437644925,0.03855344290843229,0.03397194881520991,0.01803579332534419,0.00044055893526210286,6,49,0.0902175177767344,0.24436375309596894,True,False,False,7.112138394648466e-05,COMPLETE
583,0.4388459861278534,2025-04-17 19:27:51.683852,2025-04-17 19:28:02.685561,0 days 00:00:11.001709,0.47284985798759044,0.8356427775545737,2,0.28920405191071547,0.11882155978959566,0.09011049501731501,0.03469960740050217,0.03118945928962842,0.013004935896602465,0.00034959574065293554,6,42,0.08985356539523609,0.23837940864267831,True,False,False,8.877780795514606e-05,COMPLETE
584,0.4318639934062958,2025-04-17 19:28:02.870910,2025-04-17 19:28:14.752046,0 days 00:00:11.881136,0.5441392852411574,0.7899592665702994,2,0.28842779264585483,0.13366232941480385,0.08869754199378335,0.04407323358029871,0.03501184416735586,0.017547686407583928,0.0005809108541934196,7,46,0.09150339276706457,0.25539616209931393,True,False,False,6.305532631492784e-05,COMPLETE
585,0.4428151607513428,2025-04-17 19:28:14.949885,2025-04-17 19:28:25.474848,0 days 00:00:10.524963,0.44715147682186995,0.8115591635761683,2,0.29470468749487855,0.05288309765773029,0.08104693084411049,0.03260704361966339,0.031433070275395505,0.004035932753882986,0.00048554288081127363,5,57,0.08873634958607568,0.24576636790975392,True,False,False,0.0001122841040872247,COMPLETE
586,0.4513966977596283,2025-04-17 19:28:25.659670,2025-04-17 19:28:36.073730,0 days 00:00:10.414060,0.4807068128349795,0.864703861912724,2,0.29449597887805046,0.057912767071973015,0.09496783391184824,0.03951898497200879,0.02882805908776573,0.015146195581773698,0.0004014358883715501,5,41,0.08752472885462778,0.23847791031706556,True,False,False,6.605738441624678e-05,COMPLETE
587,0.1168513834476471,2025-04-17 19:28:36.272258,2025-04-17 19:28:43.363054,0 days 00:00:07.090796,0.5055968900943635,0.8683734249535511,8,0.29541979053228556,0.06741293281370209,0.09878104046298414,0.039224048538677544,0.03224342332183368,0.014573540935453414,0.021470535527658548,5,44,0.0914182124774019,0.23694554154702005,True,False,True,6.789619031674648e-05,COMPLETE
588,0.44970684051513676,2025-04-17 19:28:43.548255,2025-04-17 19:28:54.552283,0 days 00:00:11.004028,0.4880122163572582,0.7539256746985924,2,0.28750129895697896,0.060510344700352214,0.0921798317590122,0.035975491497790134,0.02965081179812183,0.016221922256223882,0.00040329993931984345,6,41,0.08948781932462906,0.24206112758400078,True,False,False,8.428956544597289e-05,COMPLETE
589,0.09932149946689607,2025-04-17 19:28:54.751876,2025-04-17 19:29:04.789182,0 days 00:00:10.037306,0.4780571891907478,0.7481799785239432,2,0.2995938042860807,0.06837155865714703,0.09073960461364548,0.03583124478233198,0.029196991246951957,0.016316622740365324,0.0015041207291319341,6,47,0.08981786539721731,0.24391662303622316,True,True,False,7.335584753418967e-05,COMPLETE
590,0.4500936031341553,2025-04-17 19:29:04.977566,2025-04-17 19:29:15.993876,0 days 00:00:11.016310,0.4824807282029059,0.7736470016081741,2,0.2883599329816637,0.05982610104847389,0.09516139887237794,0.0375762295134411,0.030187656621057987,0.01968807786282773,0.00037946354160297256,6,43,0.09314345133609554,0.2519127246513107,True,False,False,9.121514784217364e-05,COMPLETE
591,0.4482082903385163,2025-04-17 19:29:16.192806,2025-04-17 19:29:27.877099,0 days 00:00:11.684293,0.4546914110990119,0.7838603089307012,2,0.28729046183797347,0.0626109024462266,0.09530866735601438,0.03392926064053003,0.029756001667547726,0.012081989432168054,0.000282193368800488,7,41,0.08779839605977834,0.2376718209721331,True,False,False,0.00010962347070469288,COMPLETE
592,0.43904001712799073,2025-04-17 19:29:28.064401,2025-04-17 19:29:39.081452,0 days 00:00:11.017051,0.4747709498514885,0.8864952798738844,2,0.032269938832940645,0.05973087764758581,0.0931751098250971,0.03701298545757552,0.027589743023388996,0.017810496590999987,0.0003685628779820253,6,43,0.09360118589995191,0.25050043313368514,True,False,False,9.188385814642229e-05,COMPLETE
593,0.43108403086662295,2025-04-17 19:29:39.282440,2025-04-17 19:29:50.460617,0 days 00:00:11.178177,0.5239709257131978,0.8241853210318761,2,0.28792558476882196,0.07038841168636387,0.09420686011658343,0.035878562572737895,0.030093261841844465,0.009453194909033576,0.007294456426792655,6,41,0.09331680741660318,0.24402733480864047,True,False,False,0.00013858197535329423,COMPLETE
594,0.4387468874454499,2025-04-17 19:29:50.650137,2025-04-17 19:30:02.445151,0 days 00:00:11.795014,0.428949689865697,0.768470704248469,2,0.29411329937528446,0.05814158235637316,0.09813271356382683,0.03861942724729481,0.02641365435749578,0.015702607903617532,0.00030928892951666005,7,47,0.09201790541395914,0.23339256094864258,True,False,False,6.318143374097524e-05,COMPLETE
595,0.39036160707473755,2025-04-17 19:30:02.648360,2025-04-17 19:30:13.040691,0 days 00:00:10.392331,0.5645246345824627,0.8760457896963697,2,0.287123314950948,0.0653300039233341,0.09543829696283737,0.03316337102669079,0.03538741807057946,0.014096315350111143,0.00035304433996681723,5,41,0.0891432018133174,0.2560206285447051,False,False,False,0.00010134289503848347,COMPLETE
596,0.4405192852020264,2025-04-17 19:30:13.230737,2025-04-17 19:30:24.264806,0 days 00:00:11.034069,0.5367320529586508,0.93353876181609,2,0.2937356852983371,0.05944469224395734,0.09276180825839578,0.03785306874601009,0.02817634558926226,0.019746499850135716,0.0004103092880133491,6,40,0.08720968477309694,0.24027540219529098,True,False,False,6.19787900403346e-05,COMPLETE
597,0.44541145563125617,2025-04-17 19:30:24.467482,2025-04-17 19:30:34.849564,0 days 00:00:10.382082,0.47965661344297655,0.7935685256456625,2,0.28994569740708287,0.0724668976246413,0.08441934856826205,0.03961221707644486,0.030975559127630427,0.022299422503071452,0.0002793654448920567,5,44,0.09044810508806966,0.24920115241784555,True,False,False,0.0001488516116149398,COMPLETE
598,0.44108604192733764,2025-04-17 19:30:35.037012,2025-04-17 19:30:46.154903,0 days 00:00:11.117891,0.5113024893107574,0.6544440281300536,2,0.2998717533009507,0.0674865006280665,0.09455384377800877,0.03580718867948393,0.025636369989205297,0.012106085540155926,0.000533990423038523,6,50,0.09270942576788431,0.2347894721595344,True,False,False,8.047344411291304e-05,COMPLETE
599,0.45149207711219785,2025-04-17 19:30:46.347313,2025-04-17 19:30:56.766068,0 days 00:00:10.418755,0.5825230352241321,0.8255902085336625,2,0.2866214647773494,0.05687381824333139,0.09996004597180128,0.04005804810702077,0.03276603953209105,0.01654883540093534,0.00036481043003632564,5,40,0.087569498380348,0.25172862400513174,True,False,False,0.00012785712724235534,COMPLETE
600,0.4480258047580719,2025-04-17 19:30:56.967970,2025-04-17 19:31:07.432994,0 days 00:00:10.465024,0.5744659210130068,0.8398921445684351,2,0.29428159069228327,0.05548914449041542,0.08327082262739155,0.043030591850596364,0.0343777241294424,0.01836013239875782,0.000317565749044586,5,45,0.08757806372328816,0.255297738187265,True,False,False,0.00012509009326610733,COMPLETE
601,0.37934095263481143,2025-04-17 19:31:07.624615,2025-04-17 19:31:18.028781,0 days 00:00:10.404166,0.5852047607333773,0.8158739922762518,2,0.2848099735828052,0.0636500421171237,0.09983763427152699,0.038919940687492244,0.032947533874507565,0.014530463787108998,1.9481132238135832e-05,5,39,0.08713413123014908,0.2508281207761184,True,False,False,0.00016371273223900833,COMPLETE
602,0.4431973218917847,2025-04-17 19:31:18.232512,2025-04-17 19:31:28.741418,0 days 00:00:10.508906,0.5354043558346896,0.8470926978799427,2,0.29440498539884874,0.05642709647322996,0.09707347863879044,0.0405438401147316,0.027997878020973102,0.010945453079890574,0.0006164084110367349,5,43,0.08709174995734825,0.24565920206164263,True,False,False,0.00011860141370633054,COMPLETE
603,0.45372436046600345,2025-04-17 19:31:28.935619,2025-04-17 19:31:39.381563,0 days 00:00:10.445944,0.5504976463774965,0.8133355224018136,2,0.2904485400646072,0.054737118519320005,0.08162738658214444,0.042738141183410336,0.031870489583725625,0.00780799242916816,0.0003712915513072302,5,40,0.09092796856538411,0.25999863669933765,True,False,False,6.091106165325809e-05,COMPLETE
604,0.44181084632873535,2025-04-17 19:31:39.583610,2025-04-17 19:31:50.057042,0 days 00:00:10.473432,0.5545633408991132,0.8193388619290786,2,0.2943643572738741,0.14892546706021484,0.07653161066438625,0.04546100668383548,0.031883616872363456,0.00798323099387249,0.00026822248606803747,5,46,0.09321482880247603,0.2677437864104131,True,False,False,0.0001049261214162422,COMPLETE
605,0.4243324995040894,2025-04-17 19:31:50.253567,2025-04-17 19:31:57.970783,0 days 00:00:07.717216,0.5617050233528575,0.861022011350942,8,0.28944136122744224,0.05371413894008855,0.08164153258457893,0.04038426771986485,0.03621106791766538,0.005234605547807695,0.00035062149314090226,6,41,0.09126550814126916,0.26107465285521464,True,False,False,6.153698900726221e-05,COMPLETE
606,0.4455880165100098,2025-04-17 19:31:58.173092,2025-04-17 19:32:08.643450,0 days 00:00:10.470358,0.5152047375978728,0.8255095362844302,2,0.2949997591826291,0.0534253142710117,0.08504367935506996,0.03779765005692065,0.033525680058078475,0.009074311965059232,0.0003656579107049319,5,48,0.08932315141309995,0.2541283798075493,True,False,False,8.986040733264611e-05,COMPLETE
607,0.4547313988208771,2025-04-17 19:32:08.835381,2025-04-17 19:32:19.228314,0 days 00:00:10.392933,0.45057741580267713,0.7931148767829196,2,0.28882363319788795,0.057721905608497125,0.07869634892741119,0.04353012859605149,0.029751419416838745,0.012657515197348038,0.00026776377056972827,5,40,0.09314200088948373,0.26008513419281626,True,False,False,0.00012754259387887142,COMPLETE
608,0.09234625697135926,2025-04-17 19:32:19.432932,2025-04-17 19:32:28.851285,0 days 00:00:09.418353,0.45255415223231327,0.7929418060303056,2,0.29990801720830884,0.04865806853655743,0.07920555496753838,0.04366582571008727,0.025081001217748047,0.012918354842532807,0.0002509709213130088,5,39,0.09119978054435829,0.2634592078066209,True,True,True,0.00014812040020061113,COMPLETE
609,0.2890525937080384,2025-04-17 19:32:29.042582,2025-04-17 19:32:39.923742,0 days 00:00:10.881160,0.5455235062938211,0.8318675030822944,2,0.29369735246360357,0.056520891149514654,0.08041041858771243,0.04619559380651402,0.028235494176547433,0.011222889178356418,0.00026308462208669316,5,123,0.08960015471752356,0.2593997850718852,True,False,False,0.0001230522867946288,COMPLETE
610,0.4531540930271149,2025-04-17 19:32:40.130491,2025-04-17 19:32:50.476583,0 days 00:00:10.346092,0.532590175356001,0.8177223876294942,2,0.28960953313739296,0.051126941846063166,0.08241244397846222,0.042703309862216814,0.03165257964456454,0.014432617075615604,0.0002968586206230879,5,39,0.08885029182450026,0.23512288297236722,True,False,False,0.0001680539963594216,COMPLETE
611,0.4548627734184265,2025-04-17 19:32:50.670606,2025-04-17 19:33:01.110591,0 days 00:00:10.439985,0.5309610536071645,0.8042038049581494,2,0.28455739499512284,0.04720761846184196,0.08285032524921149,0.042855967002296574,0.033050252723585805,0.014426478978349965,0.000256127277809313,5,40,0.08794450423108065,0.23811525038698322,True,False,False,0.00014504637895203454,COMPLETE
612,0.45012260079383853,2025-04-17 19:33:01.315819,2025-04-17 19:33:11.708763,0 days 00:00:10.392944,0.5788277421440576,0.7933975912072397,2,0.28471361774545584,0.04544513112245098,0.07849631843050311,0.04292112481228983,0.03469457175242229,0.013955556974270762,0.00024457154100441657,5,39,0.08719272431630744,0.23229640759994644,True,False,False,0.00015368568963335417,COMPLETE
613,0.4532802939414978,2025-04-17 19:33:11.903104,2025-04-17 19:33:22.247736,0 days 00:00:10.344632,0.5532611179129606,0.804735095458604,2,0.2843204486670383,0.04885669147138634,0.08149062942354851,0.04488010134308771,0.0325835869486137,0.015450899195374651,0.0002897307263912053,5,40,0.09125875549338727,0.23455155335543237,True,False,False,0.00017119881616408213,COMPLETE
614,0.4516920387744904,2025-04-17 19:33:22.453156,2025-04-17 19:33:32.893780,0 days 00:00:10.440624,0.545281815674173,0.8101232865849373,2,0.2836118771571203,0.04610989994826338,0.08201601025994727,0.04526155200602736,0.036302539376744034,0.015176631283763559,0.00023577657063821652,5,39,0.0931450644112393,0.23561373650374726,True,False,False,0.00017423273338128584,COMPLETE
615,0.30440604090690615,2025-04-17 19:33:33.087927,2025-04-17 19:33:43.521453,0 days 00:00:10.433526,0.554062712176185,0.808312337631012,2,0.2816150393575307,0.04612422009193713,0.08140505966598456,0.04713131994615938,0.03326952108071572,0.015079432153841138,0.00023520336944840437,5,87,0.0930785235346852,0.23656274822633158,False,False,False,0.00015604364662423167,COMPLETE
616,0.45214037895202636,2025-04-17 19:33:43.727355,2025-04-17 19:33:54.186635,0 days 00:00:10.459280,0.5841488239253689,0.8046399307924598,2,0.28208069924659057,0.05108128076476355,0.0773399451975581,0.04653680165716339,0.035915938013101625,0.012571021075803192,0.00023735117967808956,5,39,0.09214106936158725,0.23145026929273627,True,False,False,0.00017573003749480427,COMPLETE
617,0.45120193958282473,2025-04-17 19:33:54.381361,2025-04-17 19:34:04.811498,0 days 00:00:10.430137,0.5829945810431445,0.8163825550056428,2,0.2829110266244929,0.04544658832148452,0.07699987708405584,0.04516650564533308,0.03752104742847669,0.012606541133666514,0.0002445817725309705,5,39,0.09273159325827686,0.23011207124701502,True,False,False,0.0001865663727328584,COMPLETE
618,0.4543481230735779,2025-04-17 19:34:05.017872,2025-04-17 19:34:16.039734,0 days 00:00:11.021862,0.5671553250264257,0.8096023387018043,2,0.28401242260577747,0.04502138802061269,0.07678584794808918,0.04606701202358585,0.038075775488307664,0.010911862483556597,0.00028723588447407525,6,40,0.0938163661067364,0.23090963469445747,True,False,False,0.00016895268602270402,COMPLETE
619,0.45347602963447575,2025-04-17 19:34:16.235324,2025-04-17 19:34:27.284215,0 days 00:00:11.048891,0.5594917527620235,0.804166988225868,2,0.28159260185678425,0.04604686951886579,0.07486530438139273,0.04682801953302012,0.036857614112916576,0.01056793735090972,0.00023181994311175644,6,40,0.09376546596813472,0.23370207156317907,True,False,False,0.00016380467219733957,COMPLETE
620,0.45093038082122805,2025-04-17 19:34:27.491619,2025-04-17 19:34:39.145667,0 days 00:00:11.654048,0.5532655016866445,0.835661576552516,2,0.2806882380511694,0.04308798724499204,0.07553024557419097,0.04856674642093012,0.04005513829940953,0.009893707194643954,0.00024314212000967135,7,40,0.09376427917396542,0.23021425980630386,True,False,False,0.0001842976446030478,COMPLETE
621,0.45533151626586915,2025-04-17 19:34:39.341971,2025-04-17 19:34:50.359368,0 days 00:00:11.017397,0.5592729014679823,0.8038595077440235,2,0.2809769841008911,0.04630044854024003,0.07966558574883932,0.04813913179786149,0.036230912650276066,0.007767206344478269,0.0002375616302081609,6,41,0.09285672654661259,0.2343216870168941,True,False,False,0.0001698178761182757,COMPLETE
