number,value,datetime_start,datetime_complete,duration,params_alpha-eval,params_alpha-train,params_batch-size,params_eps-eval,params_eps-train,params_lambda-actions-eval,params_lambda-actions-train,params_lambda-frames-eval,params_lambda-frames-train,params_learning-rate,params_n-epochs,params_n-frames,params_radius-gw,params_rho,params_std-feats,params_ub-actions,params_ub-frames,params_weight-decay,state
736,0.43791217207908634,2025-04-17 19:55:58.648329,2025-04-17 19:56:09.685704,0 days 00:00:11.037375,0.4993356270378353,0.8559170545014344,2,0.28143828775276486,0.2115678299402815,0.086831070417248,0.05010429649765257,0.0526171014927595,0.06936989943862595,0.00032682479044935476,6,44,0.09590935973255516,0.2797788065004555,True,False,False,1.2814721859490787e-06,COMPLETE
737,0.44225912094116215,2025-04-17 19:56:09.932951,2025-04-17 19:56:21.542807,0 days 00:00:11.609856,0.4212448072801486,0.9494732366199412,2,0.2741864395060911,0.0414838419775445,0.07983221386638054,0.0474323111822576,0.04195780600023033,0.006515871192180402,0.00019185057205469848,7,39,0.09182883822046041,0.27049296577008664,True,False,False,6.410754700922036e-07,COMPLETE
738,0.42203137874603275,2025-04-17 19:56:21.777185,2025-04-17 19:56:32.370279,0 days 00:00:10.593094,0.4693172070957332,0.9102150231551049,2,0.2803890287856148,0.033709564051457995,0.0704333709393487,0.04458474837920936,0.049557398733445356,0.009203825756926576,0.00025576931888603247,5,64,0.09431829667203899,0.28569216679308324,True,False,False,3.0483259037685695e-06,COMPLETE
739,0.45184231996536256,2025-04-17 19:56:32.614742,2025-04-17 19:56:44.806916,0 days 00:00:12.192174,0.08057457919055491,0.6317695788642657,2,0.2657120129036269,0.04335487865498772,0.08263084672907599,0.051191466773663576,0.03943772380076105,0.004792562878664598,0.00021022424052609376,8,32,0.09963348141530687,0.26705644666945544,True,False,False,8.528143175752446e-08,COMPLETE
740,0.44795282483100896,2025-04-17 19:56:45.054136,2025-04-17 19:56:56.097436,0 days 00:00:11.043300,0.4382426318727374,0.8621610892311267,2,0.27377876395011475,0.03689603532605686,0.07589867240386414,0.0476033989975588,0.04697828926615082,0.0015525425064051518,0.0003268519241332739,6,36,0.09190263788086704,0.25251923311714985,True,False,False,1.5433249043059244e-07,COMPLETE
741,0.4341917395591736,2025-04-17 19:56:56.332443,2025-04-17 19:57:06.828441,0 days 00:00:10.495998,0.48423224450320845,0.8966738244190254,2,0.2778442110489952,0.028801520318169224,0.0729699827440144,0.054171425021600675,0.045199895458084116,0.008761237950375202,0.0001680958353290758,5,42,0.0966515722085569,0.25667433327430744,True,False,False,1.7068988065215936e-06,COMPLETE
742,0.45630066394805907,2025-04-17 19:57:07.077948,2025-04-17 19:57:18.157435,0 days 00:00:11.079487,0.5109931271754545,0.8375542609032482,2,0.2581074567457396,0.04331870151660285,0.08161393663347737,0.04593704516022237,0.04257516812340484,0.0064992485940590095,0.0002615310120178202,6,39,0.09379417268613723,0.2961703050499279,True,False,False,0.00029600694579346066,COMPLETE
743,0.4463832676410675,2025-04-17 19:57:18.393326,2025-04-17 19:57:30.150296,0 days 00:00:11.756970,0.5122520393160073,0.594633404841103,2,0.2537967164885252,0.04425744697454646,0.07873833328058345,0.04450276192444514,0.03991398263138289,0.004349092528983244,0.0002277577667042365,7,33,0.09670939626189366,0.2995475598721941,True,False,False,0.000381556043020907,COMPLETE
744,0.09439313560724259,2025-04-17 19:57:30.397346,2025-04-17 19:57:40.389982,0 days 00:00:09.992636,0.3918684083591232,0.8384652291692161,2,0.26144116076854057,0.04411866358260901,0.08083237900178872,0.0492293980015961,0.04242076537799762,0.005864638982294522,0.00015056785672426463,6,36,0.09427053381722335,0.2945616457874456,True,False,True,9.347697255458608e-07,COMPLETE
745,0.4489728510379791,2025-04-17 19:57:40.638673,2025-04-17 19:57:50.998476,0 days 00:00:10.359803,0.35446765502183947,0.8581197232489864,2,0.26197978044997244,0.03428404083797231,0.06085597879930732,0.046163189779124356,0.06114842417398312,0.0012151843532880475,0.0001837043483178224,5,37,0.09849795491501252,0.29117141001779023,True,False,False,3.754897894811075e-07,COMPLETE
746,0.09894755333662034,2025-04-17 19:57:51.234490,2025-04-17 19:58:01.816749,0 days 00:00:10.582259,0.46203556870550894,0.8786518591891469,2,0.2576407586046234,0.02440909547815282,0.07625767984573902,0.05626529392608123,0.037960749458978864,0.0033748890429548184,0.00024697927722169393,6,149,0.09487105222134185,0.28485703314858046,True,True,False,0.000260712800249203,COMPLETE
747,0.4436266541481018,2025-04-17 19:58:02.067490,2025-04-17 19:58:12.546478,0 days 00:00:10.478988,0.5196534950461645,0.8351505328362018,2,0.2672220751836948,0.03894113536166632,0.08407887864830296,0.044448017058643326,0.04275806983858532,0.0069100405491360085,0.00020941945950244667,5,44,0.09193224240436208,0.2987958130754094,True,False,False,0.00034469044722804375,COMPLETE
748,0.44248466491699223,2025-04-17 19:58:12.782641,2025-04-17 19:58:24.583627,0 days 00:00:11.800986,0.41855091083485857,0.8486981680713721,2,0.27011440050449825,0.04544257929934705,0.0809761891495194,0.052321558056829184,0.044774795449067595,0.00750973695526753,0.00028761695865769064,7,47,0.09650984007283464,0.2990990714558506,True,False,False,2.1651775114901825e-07,COMPLETE
749,0.45690497756004333,2025-04-17 19:58:24.830838,2025-04-17 19:58:35.924213,0 days 00:00:11.093375,0.36608037604308413,0.8739375202780552,2,0.2589128722679321,0.031114455347743486,0.0782194731414515,0.04912395923249574,0.04265035994931155,0.010370069775132629,0.00018319172802101354,6,39,0.09994889485699336,0.291398517130384,True,False,False,6.203917033859893e-07,COMPLETE
750,0.44157908558845527,2025-04-17 19:58:36.176341,2025-04-17 19:58:46.570106,0 days 00:00:10.393765,0.37006358514895277,0.8943996845833144,2,0.2534755917257061,0.022874471636047115,0.07760897652480549,0.04888512866646881,0.05639262566905819,0.01140829357335619,0.0001461856974625406,5,34,0.09996668950478442,0.29166802140676323,True,False,False,6.228300015943538e-07,COMPLETE
751,0.4219411611557007,2025-04-17 19:58:46.807324,2025-04-17 19:58:57.798690,0 days 00:00:10.991366,0.3048141154836461,0.8679874875865133,2,0.25537269001018653,0.02929646131431491,0.07476523047962538,0.04603131345263792,0.04066138662350568,0.011309288643386393,0.00017675877467328334,6,38,0.09890046542477693,0.28090485795413694,False,False,False,7.38257027712523e-07,COMPLETE
752,0.4438504219055176,2025-04-17 19:58:58.049893,2025-04-17 19:59:09.697689,0 days 00:00:11.647796,0.34108504871588097,0.9068896673102276,2,0.25562064157211367,0.031670896309327914,0.07874719799614562,0.04422393076863322,0.03935541135867757,0.0101059597449472,0.00033137618691262593,7,39,0.09859781970241374,0.2890545212968677,True,False,False,7.84774754237359e-07,COMPLETE
753,0.4407112538814545,2025-04-17 19:59:09.934839,2025-04-17 19:59:20.426984,0 days 00:00:10.492145,0.3662795520900085,0.9278265611293406,2,0.2603469646750086,0.02214424842118596,0.08773347716364761,0.047911665494852256,0.044395739596650934,0.0010119574651101543,0.000257528825028687,5,32,0.09746928752714158,0.29562535766000514,True,False,False,3.017033841381722e-07,COMPLETE
754,0.4411790251731873,2025-04-17 19:59:20.677533,2025-04-17 19:59:31.700367,0 days 00:00:11.022834,0.3912716321863886,0.8849796983259521,2,0.26284955123938697,0.033485055244085384,0.0855307889544334,0.04928605429020112,0.03800200988219393,0.005348633469991175,0.00015090727639868265,6,35,0.09953652282135184,0.28409791453003075,True,False,False,5.930180463599769e-07,COMPLETE
755,0.4490238845348358,2025-04-17 19:59:31.953614,2025-04-17 19:59:42.283894,0 days 00:00:10.330280,0.4134390251428369,0.8730057982474427,2,0.26555438779430524,0.02748631738053233,0.0769960602893389,0.04626839371438433,0.04124947876602081,0.01314277141912638,0.00018094344056737187,5,39,0.09749968181195996,0.27965989576468087,True,False,False,5.877578438303585e-07,COMPLETE
756,0.421631008386612,2025-04-17 19:59:42.525353,2025-04-17 19:59:50.232197,0 days 00:00:07.706844,0.39121100002739756,0.8192614193663587,8,0.2599907128061282,0.04526261317942493,0.07429776481580992,0.0502777673565774,0.04907012251377715,0.009525017016623567,0.0003306881463035313,6,43,0.0965893672081941,0.291228315596281,True,False,False,1.2364038168083689e-06,COMPLETE
757,0.45096392631530763,2025-04-17 19:59:50.482314,2025-04-17 20:00:02.141433,0 days 00:00:11.659119,0.4443025205287457,0.9001786906199789,2,0.2683884864003476,0.03600913999845054,0.08236809313497767,0.044644715475134815,0.046036524674720025,0.004132836179306251,0.00022948502576801712,7,36,0.0932679995682836,0.2988218962092179,True,False,False,8.394142237534642e-07,COMPLETE
758,0.4577454745769501,2025-04-17 20:00:02.395540,2025-04-17 20:00:13.444460,0 days 00:00:11.048920,0.36831406914263576,0.8588342169685286,2,0.27215090647676354,0.029687810119390434,0.079345242037642,0.04656789880768607,0.042902946307378204,0.009102656887733367,0.00026137587140606113,6,41,0.09523795729211755,0.287354655642291,True,False,False,4.4413690363550796e-07,COMPLETE
759,0.44274482131004333,2025-04-17 20:00:13.688463,2025-04-17 20:00:24.046119,0 days 00:00:10.357656,0.3507140598898399,0.859615753074174,2,0.264195410305044,0.02307704325438644,0.08023143840492475,0.04566275988222129,0.043859868777435695,0.006497992425055881,0.00030575205378386734,5,31,0.09207290154944638,0.28652143212790154,True,False,False,4.089331164623868e-07,COMPLETE
760,0.4464450538158417,2025-04-17 20:00:24.303108,2025-04-17 20:00:35.335187,0 days 00:00:11.032079,0.10858886474720181,0.8744631639906226,2,0.27084527220655763,0.028592818905838986,0.08408952412551382,0.04377508256461121,0.042456261807286066,0.008587447859212402,0.00014265825895808546,6,38,0.09437583755230086,0.29286102749151727,True,False,False,3.46285558882589e-07,COMPLETE
761,0.2567634999752045,2025-04-17 20:00:35.576483,2025-04-17 20:00:46.004138,0 days 00:00:10.427655,0.33800755879873157,0.8276692103616728,2,0.2547083581372895,0.02129856721970994,0.08187327152924777,0.046926884590810944,0.046487585011418454,0.003684084411465888,0.0001874370235779559,5,45,0.09135594435823556,0.010314034478235812,True,False,False,4.575295660078586e-07,COMPLETE
762,0.4396702527999878,2025-04-17 20:00:46.261144,2025-04-17 20:00:58.501664,0 days 00:00:12.240520,0.3575696700984695,0.9274503888967698,2,0.2595413962247243,0.029435476495939326,0.0768367150381959,0.05014661267364288,0.04427822452166207,0.007578651234830544,0.0002181322459123507,8,34,0.06452192459785097,0.27804554107365204,True,False,False,3.2440394555099635e-07,COMPLETE
763,0.09234625697135926,2025-04-17 20:00:58.758497,2025-04-17 20:01:09.399720,0 days 00:00:10.641223,0.36701291652031626,0.8469400578286611,2,0.26788104728134,0.03323884042396215,0.08644598687198425,0.048432755392843904,0.053438223236781573,0.009609188248719923,0.00026757248989626954,7,41,0.09510518863474962,0.2866853311420261,True,False,True,7.284767647977533e-07,COMPLETE
764,0.45023106336593627,2025-04-17 20:01:09.645908,2025-04-17 20:01:20.674756,0 days 00:00:11.028848,0.3803879729912884,0.8869673130835992,2,0.2725773812688417,0.04656342451374092,0.07892406107206038,0.0445084260554341,0.05132400408232843,0.005833714866533715,0.0003263960567114837,6,37,0.0930684445553886,0.27400927600990593,True,False,False,5.813236619064541e-07,COMPLETE
765,0.44564517140388493,2025-04-17 20:01:20.928271,2025-04-17 20:01:31.328283,0 days 00:00:10.400012,0.32272567532167873,0.8567337265008347,2,0.26540049192823995,0.04100904913492464,0.08331717220355375,0.0461285386900398,0.04878246559082389,0.012376121959846852,0.00018629323248915897,5,43,0.05323607065253616,0.29078443854816766,True,False,False,4.6514149032499177e-07,COMPLETE
766,0.10833228081464767,2025-04-17 20:01:31.569251,2025-04-17 20:01:42.241203,0 days 00:00:10.671952,0.40182614059520005,0.8311343130907103,2,0.25221830808341494,0.14058651870601818,0.08074093142847673,0.049865307928742955,0.04157364031190064,0.008127973806500117,0.00023326696695598882,7,49,0.09188449674096814,0.2822173514034457,True,True,False,4.624459895253843e-07,COMPLETE
767,0.44243468642234807,2025-04-17 20:01:42.495656,2025-04-17 20:01:53.469084,0 days 00:00:10.973428,0.37987365137919293,0.9109188281793379,2,0.2727701372301014,0.025061100418933977,0.08508721657903451,0.043411590854798725,0.04533312428714341,0.003643456154188085,0.00033348719100524687,6,39,0.09539132101343406,0.2994281807860645,True,False,False,7.988974439852047e-07,COMPLETE
768,0.44244480133056646,2025-04-17 20:01:53.723491,2025-04-17 20:02:04.110117,0 days 00:00:10.386626,0.29460823102038464,0.8543407193966224,2,0.26050666859840305,0.03527519832758659,0.08867245175860089,0.052074538285855426,0.06391036730397287,0.010984835503030779,0.00016853266787963977,5,35,0.09375456840984198,0.28872738409303067,True,False,False,5.664687572553295e-07,COMPLETE
769,0.4493867576122284,2025-04-17 20:02:04.353204,2025-04-17 20:02:15.413602,0 days 00:00:11.060398,0.39013132377957316,0.8769234536964332,2,0.2741127563846114,0.04782337946181221,0.07547347705784191,0.04810478453232538,0.04082858696200723,0.013528433126326008,0.00026641475937735513,6,46,0.09986455065246712,0.294070495060726,True,False,False,2.7386733476415397e-07,COMPLETE
770,0.4007347702980042,2025-04-17 20:02:15.668760,2025-04-17 20:02:26.067599,0 days 00:00:10.398839,0.41924312533971103,0.9539918642545047,2,0.2672099751100814,0.04151071725334826,0.07241388287068548,0.046283768725253166,0.04783321229831552,0.005850943022594741,0.0002030655850451252,5,40,0.09160024234523605,0.28239689370081683,False,False,False,5.111501118536688e-07,COMPLETE
771,0.419613116979599,2025-04-17 20:02:26.324219,2025-04-17 20:02:37.485729,0 days 00:00:11.161510,0.3607305469138355,0.8359990528413598,2,0.27721080610607485,0.029520983215946508,0.07907096892935042,0.04858033352397704,0.0432930815274103,0.009848904830809281,0.013617829367794824,6,52,0.0955535625840142,0.2998948662628496,True,False,False,3.828126760801675e-07,COMPLETE
772,0.4193706393241882,2025-04-17 20:02:37.728688,2025-04-17 20:02:49.423958,0 days 00:00:11.695270,0.280143115942299,0.8994715750658662,2,0.27139202619301617,0.11366750341265619,0.0819280823566974,0.04423071436186338,0.03964924723251018,0.07223434193813241,0.005728477405450375,7,43,0.09721761537021952,0.2712915561178689,True,False,False,4.230994605663959e-07,COMPLETE
773,0.42515609860420234,2025-04-17 20:02:49.681056,2025-04-17 20:03:15.395825,0 days 00:00:25.714769,0.4273626707086298,0.821416084972627,2,0.26536008126750676,0.03688675473991823,0.07701577489232456,0.053326001775344266,0.04635662520475175,0.007505269086481397,0.0002787891998760338,30,32,0.09363055954001784,0.2880152900015386,True,False,False,2.100383928577431e-07,COMPLETE
774,0.4361545264720917,2025-04-17 20:03:15.638823,2025-04-17 20:03:26.100306,0 days 00:00:10.461483,0.39812117217592996,0.8657474988239195,2,0.27811320122809174,0.0479635333732132,0.04971633984214688,0.04645312952324382,0.042809470924386445,0.002653590202559529,0.00015106459880607503,5,37,0.09568095699850496,0.2814884183342193,True,False,False,1.0487976998402159e-06,COMPLETE
775,0.4582029044628143,2025-04-17 20:03:26.359727,2025-04-17 20:03:37.493858,0 days 00:00:11.134131,0.33760023647974097,0.8150870310370963,2,0.25786706340688154,0.02251483685638394,0.07994718858440866,0.05076019715474688,0.05014984570847748,0.011335708765140942,0.00022076852516324878,6,41,0.09327951920318334,0.28748170449511556,True,False,False,3.5695063838972236e-07,COMPLETE
776,0.44995376467704773,2025-04-17 20:03:37.751852,2025-04-17 20:03:48.802502,0 days 00:00:11.050650,0.3724126135176961,0.8408364862726762,2,0.2516718791768725,0.022045160257736948,0.08404296437417942,0.050693256100522645,0.05239448538094501,0.012754295055402506,0.00018793722077582785,6,39,0.09805949551366519,0.2758463509041859,True,False,False,3.7314699396119883e-07,COMPLETE
777,0.4369075655937195,2025-04-17 20:03:49.048012,2025-04-17 20:03:59.436044,0 days 00:00:10.388032,0.3348314843131691,0.8821006418313092,2,0.24970313801336133,0.022589614230092616,0.08197733054203286,0.05273130119435008,0.05038017377941831,0.016608998320971124,0.00015162409095650377,5,35,0.09123250381305889,0.2947995505448894,True,False,False,3.7101779808512634e-07,COMPLETE
778,0.39708267450332646,2025-04-17 20:03:59.693715,2025-04-17 20:04:11.415732,0 days 00:00:11.722017,0.3722555166808252,0.9278449575670711,2,0.25873245816396584,0.018712329849051936,0.07833922411342856,0.055470657140261746,0.04938960072411862,0.01355759631578652,0.0003389922869979348,7,46,0.0942592685298875,0.28442154223697985,True,False,False,2.5579468574992215e-07,COMPLETE
779,0.39794532656669623,2025-04-17 20:04:11.674967,2025-04-17 20:04:19.392652,0 days 00:00:07.717685,0.32185814771553173,0.8263783483165374,8,0.25776580415130157,0.02677155482863597,0.08105638210566309,0.050860567849447307,0.051342096544737405,0.011288926961135048,0.00021967339631447376,6,43,0.09614488079608496,0.2906591171670701,True,False,False,3.481267769355501e-07,COMPLETE
780,0.46437739133834843,2025-04-17 20:04:19.636186,2025-04-17 20:04:30.063902,0 days 00:00:10.427716,0.15978890636687718,0.85753132056253,2,0.26176427565753,0.029984655743325143,0.08406715734250023,0.0431541490840867,0.04770837148329741,0.010273988806645689,0.00027975702913348284,5,38,0.06951152514904124,0.2767584623210027,True,False,False,2.838795481840643e-07,COMPLETE
781,0.4563895285129548,2025-04-17 20:04:30.323767,2025-04-17 20:04:40.728404,0 days 00:00:10.404637,0.13785148321211507,0.8622264684913702,2,0.24932733241480107,0.022318386721301618,0.08686345335845322,0.04290475961768775,0.05448102204084077,0.011657986715751772,0.00033204928175573046,5,41,0.09146286374923326,0.27839820401332077,True,False,False,2.1661691914484918e-07,COMPLETE
782,0.3581560075283051,2025-04-17 20:04:40.990070,2025-04-17 20:04:51.398643,0 days 00:00:10.408573,0.09602862368091572,0.8524621453703013,2,0.25035045772870557,0.017987160593781415,0.08934693473335979,0.04411048757791868,0.05478038674543575,0.011942207702825981,0.0003585185785897186,5,48,0.0682329646786345,0.275605085108823,True,False,False,2.2399760473485806e-07,COMPLETE
783,0.12555850446224215,2025-04-17 20:04:51.645775,2025-04-17 20:05:01.646262,0 days 00:00:10.000487,0.15811733757548055,0.8632374944825566,2,0.25026119553917636,0.0194916054803764,0.08570439335221103,0.04266345511466808,0.05361149038839286,0.013600047636230246,0.00033712192276870727,5,134,0.09173586971798371,0.27867336794442527,True,False,True,2.788371658518748e-07,COMPLETE
784,0.09234625697135926,2025-04-17 20:05:01.907188,2025-04-17 20:05:11.405229,0 days 00:00:09.498041,0.11482279195137196,0.863840186537299,2,0.2557343771889454,0.021058847944206382,0.08685658469566102,0.043482291544863584,0.04878620113763845,0.014174257600457069,0.0002869645300239483,5,44,0.09102140392656459,0.27427504669691116,True,True,False,1.410397555245264e-07,COMPLETE
785,0.45084943771362307,2025-04-17 20:05:11.670368,2025-04-17 20:05:22.077102,0 days 00:00:10.406734,0.17385602123112645,0.851111246407648,2,0.25706818146029886,0.02663334611048435,0.08691102896860901,0.04233321369813195,0.052318860712357536,0.016627213216842057,0.0003505763231110484,5,41,0.05512634685645863,0.28159295710941945,True,False,False,2.0358580062525587e-07,COMPLETE
786,0.4217856109142304,2025-04-17 20:05:22.325364,2025-04-17 20:05:32.741523,0 days 00:00:10.416159,0.13322874437472432,0.8752826089426299,2,0.2591180945771253,0.023400119795494397,0.0880866887647633,0.04280538703486646,0.04713394164258467,0.009818280745042261,0.00032685059475273936,5,46,0.0913029204299584,0.2872103561875343,True,False,False,2.803513752707914e-07,COMPLETE
787,0.4549773216247559,2025-04-17 20:05:33.002782,2025-04-17 20:05:43.433987,0 days 00:00:10.431205,0.13853611906280378,0.8351483959186061,2,0.25148769856376824,0.02709522353632606,0.08506628270406899,0.044862078364041706,0.050189745777329035,0.011792972150137226,0.00027878900693879686,5,42,0.09110872951565854,0.26986735434237596,True,False,False,2.9472619261605643e-07,COMPLETE
788,0.32608931660652163,2025-04-17 20:05:43.686370,2025-04-17 20:05:54.232826,0 days 00:00:10.546456,0.0946135811245937,0.8933211179169418,2,0.26328497697416464,0.02872165648151793,0.08949734557472201,0.04342718185108593,0.047697521079368685,0.014763804205069342,0.00036046791718144863,5,68,0.09327612238609809,0.28293872062863756,True,False,False,1.539301278578101e-07,COMPLETE
789,0.37734560966491704,2025-04-17 20:05:54.493031,2025-04-17 20:06:04.813481,0 days 00:00:10.320450,0.17602536617287332,0.8249295988195554,2,0.24693463066206875,0.01982684774035992,0.0839216550321864,0.04576023232733698,0.04505022602102626,0.00923294517105343,0.0002819290638818476,5,40,0.0907225774215169,0.2752905005188787,False,False,False,3.592035665318833e-07,COMPLETE
790,0.44298660159111025,2025-04-17 20:06:05.076634,2025-04-17 20:06:15.520115,0 days 00:00:10.443481,0.15805629190171044,0.8466151240365006,2,0.2548180331917678,0.029360347636297274,0.08641508812382356,0.04256462952948412,0.04917430906536101,0.01177307995716011,0.00017459377288956074,5,44,0.09986458590618628,0.2935725171950784,True,False,False,2.3358784454083986e-07,COMPLETE
791,0.4268611788749695,2025-04-17 20:06:15.775134,2025-04-17 20:06:33.018730,0 days 00:00:17.243596,0.1020728819663958,0.8710145687009221,2,0.26021997009161724,0.22142894449390585,0.08414245993967451,0.04585734377253355,0.051364202947447826,0.01608534904756083,0.00020635982206393684,16,35,0.09328177618530088,0.28661005025483827,True,False,False,4.616080057384611e-07,COMPLETE
792,0.3594149649143219,2025-04-17 20:06:33.281871,2025-04-17 20:06:43.755175,0 days 00:00:10.473304,0.3479241478700963,0.9133545540727337,2,0.2612040372237695,0.01929332826976575,0.08281383038150125,0.042167338522138775,0.04595429052427498,0.005308873384430627,0.00028242015691656673,5,49,0.09078564831947754,0.2802534324819884,True,False,False,2.0416143326810515e-07,COMPLETE
