number,value,datetime_start,datetime_complete,duration,params_alpha-eval,params_alpha-train,params_batch-size,params_eps-eval,params_eps-train,params_lambda-actions-eval,params_lambda-actions-train,params_lambda-frames-eval,params_lambda-frames-train,params_learning-rate,params_n-epochs,params_n-frames,params_radius-gw,params_rho,params_std-feats,params_ub-actions,params_ub-frames,params_weight-decay,state
568,0.3161169826984406,2025-04-10 21:25:07.583477,2025-04-10 21:25:14.309771,0 days 00:00:06.726294,0.24282316833587012,0.026385842092146915,16,0.04388064741120065,0.008741681108758038,0.09019002051220366,0.07027511874119134,0.03172645334471223,0.023336354037435426,0.00012479919662922582,6,50,0.06003338550988387,0.06690751101120583,True,True,False,4.59339099136077e-08,COMPLETE
569,0.22990053892135623,2025-04-10 21:25:14.502649,2025-04-10 21:25:25.049052,0 days 00:00:10.546403,0.2674512550469008,0.04749403699916438,8,0.049266698195434264,0.010747910816967576,0.09254132967120951,0.07180210119834766,0.02835419987209139,0.024076676702011413,9.695408062160716e-05,29,48,0.05657015814978092,0.08160549906068737,True,True,False,3.8350390093579937e-08,COMPLETE
570,0.42875471115112307,2025-04-10 21:25:25.231805,2025-04-10 21:25:31.823606,0 days 00:00:06.591801,0.2642500217890571,0.033045749053986884,16,0.04358037486218373,0.006591691418810108,0.09128418985327982,0.0729886627288746,0.02756870452662809,0.02767447884764239,8.802937915616166e-05,5,45,0.05947254284346174,0.07607899100896436,True,True,False,5.742721703289049e-08,COMPLETE
571,0.42925123572349555,2025-04-10 21:25:32.005981,2025-04-10 21:25:38.778907,0 days 00:00:06.772926,0.23341919108674683,0.011957198028980827,16,0.04319891669720566,0.005713151603089761,0.09245000166699952,0.06909473892549227,0.029106322638649637,0.026414523252642617,8.423279081375925e-05,7,43,0.05933287702118163,0.08025863374423521,True,True,False,5.812968276903287e-08,COMPLETE
572,0.4243407964706421,2025-04-10 21:25:38.971380,2025-04-10 21:25:45.709330,0 days 00:00:06.737950,0.2298500500699055,0.01166551257134334,16,0.040662966414384424,0.00543223091497359,0.09273810356987702,0.06903212948026481,0.03004029152746547,0.025163976412651116,8.793058208246229e-05,7,42,0.05779894034216491,0.08535572017236574,True,True,False,8.66801008280075e-08,COMPLETE
573,0.4253459632396698,2025-04-10 21:25:45.889048,2025-04-10 21:25:52.506340,0 days 00:00:06.617292,0.20208589073148317,0.02346765308299282,16,0.042945576201503965,0.005604036089280225,0.09209316033243259,0.06953833341595146,0.030467931018376204,0.026372783228663578,8.276656037391383e-05,6,43,0.059278173403325564,0.07858298555473225,True,True,False,5.993888236830333e-08,COMPLETE
574,0.4266539752483368,2025-04-10 21:25:52.702584,2025-04-10 21:25:59.275114,0 days 00:00:06.572530,0.2304962869386263,0.018865868605461442,16,0.04395081141588598,0.00010693579485983491,0.09212672418768396,0.07302683012813216,0.026613540123442376,0.029422880779578775,9.542361296917028e-05,5,45,0.0587664687149536,0.09072598486234142,True,True,False,5.402377001909408e-08,COMPLETE
575,0.42996831536293034,2025-04-10 21:25:59.454013,2025-04-10 21:26:06.250594,0 days 00:00:06.796581,0.24703845543456215,0.011937905105422203,16,0.04635787623470626,0.004970924834342024,0.09308242298270379,0.07081832223664158,0.02915835853736584,0.021877520017799593,7.952006150943224e-05,7,44,0.0608347436806795,0.07701568274416612,True,True,False,6.829904867861855e-08,COMPLETE
576,0.42693845033645633,2025-04-10 21:26:06.443222,2025-04-10 21:26:13.263992,0 days 00:00:06.820770,0.2178944464419474,0.016936115228494676,16,0.04828955746592357,0.005200739342970974,0.09301060696557498,0.06795954088712097,0.02871213279887937,0.020936543998374378,8.174051625476133e-05,7,45,0.06052166681631621,0.08053372978389317,True,True,False,7.313672445614161e-08,COMPLETE
577,0.3292383670806885,2025-04-10 21:26:13.444187,2025-04-10 21:26:20.259996,0 days 00:00:06.815809,0.21474198629625138,0.010171244121447296,16,0.04763317599707269,0.00025502234606664294,0.08995246818031909,0.0704879828636722,0.03191475218203392,0.023889159181513384,0.0001072032113500835,7,48,0.058697148314613284,0.08554938196468984,True,True,False,6.292964587154684e-08,COMPLETE
578,0.3484185397624969,2025-04-10 21:26:20.454152,2025-04-10 21:26:27.236478,0 days 00:00:06.782326,0.197666241375403,0.03538366593729835,16,0.044305432264934844,0.006482922057095346,0.09125701866028611,0.07205083733672656,0.028805026165296555,0.021819408049885816,0.00013003843919165962,7,41,0.0554215963165991,0.07568087569922678,True,True,False,5.0072141523108585e-08,COMPLETE
579,0.4304716408252717,2025-04-10 21:26:27.417331,2025-04-10 21:26:34.271279,0 days 00:00:06.853948,0.2556013210305087,0.03613902449143391,16,0.05232536086005557,0.008265191109243609,0.09290015322771242,0.06994876440571521,0.026728399646239163,0.018701062025160753,8.677162105984006e-05,7,44,0.061728795564771316,0.07377017727817038,True,True,False,6.472842356382932e-08,COMPLETE
580,0.4195927739143372,2025-04-10 21:26:34.467322,2025-04-10 21:26:41.310342,0 days 00:00:06.843020,0.2348448758226025,0.03463749059908054,16,0.051529756716549927,0.005975098319060543,0.09389721536847134,0.06870872668086281,0.02303559228747225,0.016528678188065582,7.63635228631351e-05,7,40,0.060375099892768326,0.08013054357726271,True,True,False,8.986757806031943e-08,COMPLETE
581,0.4257399499416351,2025-04-10 21:26:41.494022,2025-04-10 21:26:48.221799,0 days 00:00:06.727777,0.18423723674665488,0.03945620531052889,16,0.04578618119299942,0.009813594580408367,0.09352498180906398,0.07005082641810108,0.030148173686826974,0.018543374667974562,8.90098640905727e-05,7,43,0.06121582192597317,0.07182119774839801,True,True,False,6.681627134211463e-08,COMPLETE
582,0.42110900282859803,2025-04-10 21:26:48.417958,2025-04-10 21:26:55.248771,0 days 00:00:06.830813,0.23941494952104453,0.04247803473006173,16,0.051681895860972764,0.004364496861280318,0.09340284854096166,0.07012735464921381,0.02782393526667242,0.015217324346365226,7.567005986852252e-05,7,39,0.057995355076196235,0.07289307369615805,True,True,False,7.60293645805845e-08,COMPLETE
583,0.35108672380447387,2025-04-10 21:26:55.428991,2025-04-10 21:27:02.278787,0 days 00:00:06.849796,0.2069088660327098,0.014488493877019299,16,0.0428220840147954,0.00019068026472939328,0.09218582838267693,0.0679840215969513,0.03521182320740733,0.023455289100548622,9.736061884018628e-05,7,47,0.06223480650264107,0.0930502419523745,True,True,False,5.861572146419061e-08,COMPLETE
584,0.161115038394928,2025-04-10 21:27:02.461914,2025-04-10 21:27:10.711355,0 days 00:00:08.249441,0.21621069534122886,0.01363528623023251,16,0.05467233724262706,0.010734258506520683,0.08776228314027931,0.0713892592472811,0.02581902036318421,0.021548343184508226,6.871293835887135e-05,24,42,0.06239794556320515,0.07371690548628779,False,True,True,8.218387476976588e-08,COMPLETE
585,0.41958153843879703,2025-04-10 21:27:10.905866,2025-04-10 21:27:17.796081,0 days 00:00:06.890215,0.24488241275637151,0.05218280288494441,16,0.049017924127940704,0.011535736358755063,0.09343793585853738,0.07372202472934375,0.03068618135127433,0.014290350951611986,8.602932745209682e-05,5,37,0.059736236623562616,0.07983066021259995,True,False,False,5.031641661931244e-08,COMPLETE
586,0.4045873880386353,2025-04-10 21:27:17.980753,2025-04-10 21:27:24.656111,0 days 00:00:06.675358,0.2554880474683647,0.042180409802980975,16,0.04254731622650139,0.005359218934853754,0.0907523266410447,0.07112986719594004,0.02533844353230326,0.028767929296930225,6.707873512713606e-05,6,51,0.06364913573861392,0.07070409172350493,True,True,False,6.377574660649873e-08,COMPLETE
587,0.2982532918453217,2025-04-10 21:27:24.850719,2025-04-10 21:27:35.161581,0 days 00:00:10.310862,0.24833408860115155,0.05870024319095675,2,0.05430147983618755,0.015011226217993867,0.08848485932148062,0.072531307069335,0.03181236378657462,0.022142160909440566,0.00010002115787877468,7,44,0.05683359989593344,0.08304184333046893,True,True,False,9.66432857569393e-08,COMPLETE
588,0.2219617307186127,2025-04-10 21:27:35.346738,2025-04-10 21:27:42.031786,0 days 00:00:06.685048,0.2349477318647038,0.030797594012517884,16,0.04786131869817619,0.00019185532536251243,0.09335999030680908,0.06857445568773604,0.03396668869037656,0.019975410288845922,0.002297130082887533,6,48,0.05938821583258619,0.07136453385444647,True,True,False,5.143610266760733e-08,COMPLETE
589,0.35955730080604553,2025-04-10 21:27:42.226016,2025-04-10 21:27:48.830770,0 days 00:00:06.604754,0.25743222295520224,0.054125825349380506,16,0.05548828884580111,0.010710102939073698,0.09140504867054576,0.07385857798280311,0.022913863857445805,0.01887129128941395,8.100141163936995e-05,5,40,0.06340129561718863,0.08587535639050836,True,True,False,6.791897577743033e-08,COMPLETE
590,0.42796529531478883,2025-04-10 21:27:49.017062,2025-04-10 21:27:55.770468,0 days 00:00:06.753406,0.25632381189863473,0.010256048616549848,16,0.04005016253805434,0.00619808587272853,0.08861065916126844,0.07062498751068917,0.026887119958244936,0.01692051882889391,6.788369196689985e-05,7,44,0.06062079946607307,0.07543875108207107,True,True,False,4.548465318036972e-08,COMPLETE
591,0.21948114037513733,2025-04-10 21:27:55.966149,2025-04-10 21:28:02.879817,0 days 00:00:06.913668,0.2650700623412546,0.02535609485692413,16,0.10771304721006925,0.017496431933674908,0.09333725610464022,0.07406730321834014,0.028699150744026423,0.030556652957194997,9.477090025657895e-05,6,122,0.06476292029313187,0.0688253270305141,True,True,False,5.736126920769389e-08,COMPLETE
592,0.26761954426765444,2025-04-10 21:28:03.064937,2025-04-10 21:28:09.969980,0 days 00:00:06.905043,0.22125599413264005,0.037814222340561414,8,0.046562321386613086,0.015070602110728411,0.02734955889552759,0.07176751564059479,0.024518146658520375,0.027000396978999624,8.075235460036921e-05,5,46,0.06156644806307965,0.07941398340987176,True,True,False,7.345969955810649e-08,COMPLETE
593,0.3838248431682587,2025-04-10 21:28:10.168838,2025-04-10 21:28:16.994585,0 days 00:00:06.825747,0.25929487355728476,0.050088608687700154,16,0.057319260966163896,0.00018612066891725895,0.09073624425695882,0.07415492156365645,0.028692774482089827,0.020251399373696116,0.00011215125684631659,7,38,0.05780591338260671,0.06893694157871523,True,True,False,1.0141400595597178e-07,COMPLETE
594,0.23168152570724487,2025-04-10 21:28:17.182935,2025-04-10 21:28:23.955759,0 days 00:00:06.772824,0.23455929674173193,0.01156093725699947,16,0.052387517717639526,0.008960268037683586,0.08343586539266484,0.07291745300391089,0.0324933025769282,0.02621795203019763,0.008252292928753978,6,42,0.06562436773230791,0.0768414330544743,True,True,False,5.037088634228935e-08,COMPLETE
595,0.3898995161056519,2025-04-10 21:28:24.155138,2025-04-10 21:28:30.829912,0 days 00:00:06.674774,0.2711856882719403,0.06188422068524412,16,0.041752005546196264,0.019723462243727084,0.08573417235105604,0.06933811982122028,0.02096691607539993,0.030289093763933628,6.493446822673145e-05,6,49,0.053700579194539966,0.06432127113020328,True,True,False,4.0882864571380374e-08,COMPLETE
596,0.14662414193153384,2025-04-10 21:28:31.018179,2025-04-10 21:28:37.788239,0 days 00:00:06.770060,0.24861910144313165,0.03448869652734656,16,0.20809153133265504,0.11686037347976445,0.09407730153971396,0.07486106504271738,0.025832085791489812,0.02782121156936237,9.028067731867789e-05,5,130,0.062428524600679866,0.09037624166560229,True,True,False,7.89781543753098e-08,COMPLETE
597,0.12412748634815217,2025-04-10 21:28:37.988253,2025-04-10 21:28:44.725321,0 days 00:00:06.737068,0.26741675280809185,0.07044556675525619,16,0.23406048917955197,0.01638358386497595,0.09203890210700257,0.06720645543570139,0.029261590869856653,0.031602631335341,0.0001381740865416945,7,33,0.06573871610363348,0.06449172028221963,True,True,False,4.461721703736463e-08,COMPLETE
598,0.3852509558200836,2025-04-10 21:28:44.911910,2025-04-10 21:28:51.472507,0 days 00:00:06.560597,0.27281075691525847,0.053913289267876134,16,0.04923837043697188,0.15951343031407195,0.08710722068494445,0.0720333553421192,0.026807986710109734,0.023473397038233864,7.377442109370766e-05,5,41,0.05937392290887558,0.06864835895879615,True,True,False,1.1570960309983686e-07,COMPLETE
599,0.32230154275894163,2025-04-10 21:28:51.659449,2025-04-10 21:28:58.592954,0 days 00:00:06.933505,0.19958674864981632,0.010084015871350896,16,0.058386447504861355,0.006823621841448083,0.08967809392225363,0.07527987580471927,0.0334480421826897,0.028587486105088513,0.00011010747710163962,8,45,0.06302579616582127,0.07865130899335664,True,True,False,6.286236576947396e-08,COMPLETE
600,0.37260391712188723,2025-04-10 21:28:58.792895,2025-04-10 21:29:06.147915,0 days 00:00:07.355020,0.28125144519986367,0.07240909633841618,16,0.04009076360000372,0.011292149560593856,0.09384923430867051,0.07011907925809455,0.023282209427498028,0.017528953085855115,6.207838254333323e-05,13,37,0.06668555806891413,0.08481989688928589,True,True,False,3.8481217720647305e-08,COMPLETE
601,0.3826512932777405,2025-04-10 21:29:06.333791,2025-04-10 21:29:13.125301,0 days 00:00:06.791510,0.2333921661970473,0.33657704354422446,16,0.045369430822639195,0.01931866260701281,0.09157855788950318,0.07356290619847373,0.029303531128717194,0.03283826496910451,8.781220642240368e-05,6,89,0.06112851032201827,0.10076337387178716,True,True,False,9.07844049194539e-08,COMPLETE
602,0.40690810084342954,2025-04-10 21:29:13.324215,2025-04-10 21:29:20.103064,0 days 00:00:06.778849,0.2513428984553872,0.03891585173920328,16,0.051320486170283536,0.005559269188857509,0.09469421487798607,0.07232034421851002,0.031000229013448687,0.025329071143101706,0.00010711287627748695,7,43,0.06432468125891923,0.07230576940267487,True,True,False,5.1278606924772776e-08,COMPLETE
603,0.2048125445842743,2025-04-10 21:29:20.289563,2025-04-10 21:29:26.879641,0 days 00:00:06.590078,0.27828307445924116,0.05866317345300043,16,0.05770582459785178,0.016977604770414788,0.0891746365646871,0.07537888802362745,0.02740599695274552,0.021180584588966978,7.552091181730217e-05,6,52,0.06799272588397955,0.2509117726823766,False,True,False,5.716498552486095e-08,COMPLETE
604,0.3149779319763184,2025-04-10 21:29:27.080465,2025-04-10 21:29:33.672924,0 days 00:00:06.592459,0.4987541982946746,0.03154695965766589,16,0.04131579529456961,0.014435766265511182,0.09215634553397682,0.07017838320845537,0.025030490038203776,0.029607234862098906,0.00013208579086762857,5,47,0.05675669740895409,0.06686898041969766,True,True,True,7.283938738681735e-08,COMPLETE
605,0.4166815042495728,2025-04-10 21:29:33.863528,2025-04-10 21:29:40.974350,0 days 00:00:07.110822,0.2186309607871741,0.06352238789642488,16,0.05160004513519617,0.022474842412406455,0.08506284043523245,0.07543698141306641,0.023202226043070474,0.03240061471546731,9.4356275617085e-05,6,40,0.055218484410523155,0.11186640527450507,True,False,False,4.0865750026003484e-08,COMPLETE
606,0.316492247581482,2025-04-10 21:29:41.175970,2025-04-10 21:29:47.823036,0 days 00:00:06.647066,0.25076976751569025,0.08840451898083398,16,0.060516600502701016,0.007642350153536884,0.09443854668171758,0.07300646193689295,0.021374612245996703,0.026928661956091504,6.153534658396725e-05,6,35,0.060082876343352985,0.07348597710503335,True,True,False,3.6200726453893874e-08,COMPLETE
607,0.390386837720871,2025-04-10 21:29:48.011979,2025-04-10 21:29:54.919134,0 days 00:00:06.907155,0.6525858443339511,0.7940074966290085,16,0.04682028185064184,0.012391895555182976,0.09015694284116453,0.06799230673985372,0.026692446806644697,0.018688424065593214,8.027429041062576e-05,5,148,0.06458084496018413,0.06380761615877675,True,True,False,1.1931623801450253e-07,COMPLETE
608,0.19382733702659607,2025-04-10 21:29:55.122365,2025-04-10 21:30:01.912339,0 days 00:00:06.789974,0.28518590632240615,0.07654980032622039,16,0.1817215091909103,0.022556856093924653,0.03214649277275789,0.07674219023049908,0.030388649459511346,0.035197922019932625,6.603576424576888e-05,7,44,0.06754988385154305,0.07974329928433348,True,True,False,5.718913329449253e-08,COMPLETE
609,0.33061190843582156,2025-04-10 21:30:02.104169,2025-04-10 21:30:11.926910,0 days 00:00:09.822741,0.26950640874856946,0.03554836154199342,2,0.040620357875757664,0.005149028934808727,0.08705652930159352,0.07436341952101327,0.05920997691187708,0.03057757655381609,9.8768727825936e-05,6,40,0.06631547548045694,0.060507028478836815,True,True,False,8.043404808139582e-08,COMPLETE
610,0.3573459506034851,2025-04-10 21:30:12.130641,2025-04-10 21:30:19.027173,0 days 00:00:06.896532,0.30286968364008543,0.049054242116355715,16,0.05614688021958598,0.0001559958867875244,0.09461222107508836,0.07136362038396737,0.04238087369688207,0.022640391212660184,7.647231788672871e-05,8,48,0.061705895641244755,0.06982558622702031,True,True,False,4.5811433390166856e-08,COMPLETE
611,0.35741599798202517,2025-04-10 21:30:19.217150,2025-04-10 21:30:25.787500,0 days 00:00:06.570350,0.28912107143820553,0.010821122062904311,16,0.06072020316930712,0.011767230352247499,0.09280345906725301,0.07692122623383185,0.09550177890883121,0.03356567579489777,0.00012076049375048257,5,43,0.058715689123660375,0.0760738119773994,True,True,False,2.996151081933058e-08,COMPLETE
612,0.43589745759963994,2025-04-10 21:30:25.989977,2025-04-10 21:30:32.659882,0 days 00:00:06.669905,0.26182889257933006,0.0923126531919303,16,0.047150806365123914,0.018183919836935732,0.08905448629703427,0.0731486448316671,0.03217811954726521,0.02496333784863706,8.895786698366298e-05,6,46,0.06312278831575524,0.06641385062842992,True,True,False,3.5129120976737403e-08,COMPLETE
613,0.17788634896278382,2025-04-10 21:30:32.850662,2025-04-10 21:30:39.645273,0 days 00:00:06.794611,0.23479199898174266,0.10444235709835772,16,0.036727251302142015,0.021700506233730616,0.09071527477179185,0.0694310256549646,0.036382960710147495,0.02353857611873318,0.0006221751704976922,7,50,0.06837481837826823,0.061653014358642524,True,True,False,1.4831359945050516e-07,COMPLETE
614,0.4131526589393616,2025-04-10 21:30:39.849125,2025-04-10 21:30:46.415611,0 days 00:00:06.566486,0.21515537689284153,0.4148956141783474,16,0.046574272074444804,0.026155067195869457,0.09494420822026742,0.07191079549470342,0.02983496304839311,0.026496150122389914,0.00015713421773561707,5,46,0.06367102492830277,0.06061778971061107,True,True,False,3.5460919995186136e-08,COMPLETE
615,0.1727051764726639,2025-04-10 21:30:46.607910,2025-04-10 21:30:56.656148,0 days 00:00:10.048238,0.2548113488667985,0.09889093957972156,8,0.04380630371523519,0.019090387567718886,0.09234098426831845,0.0756796776831812,0.03473595255054473,0.024962429423779416,5.732671968439455e-05,26,50,0.0658594690907435,0.06555930488238208,True,True,False,1.8408633026326843e-05,COMPLETE
616,0.3097152173519135,2025-04-10 21:30:56.862228,2025-04-10 21:31:03.700414,0 days 00:00:06.838186,0.30936971011449477,0.05332286179083913,16,0.03634340816833096,0.02435516889889729,0.08994663892557567,0.06679504422908067,0.03384987917836667,0.020064771138053772,0.00010753675895314772,7,47,0.06903553871987703,0.060194635577004246,True,True,False,3.107847494905209e-08,COMPLETE
617,0.3998218059539795,2025-04-10 21:31:03.893680,2025-04-10 21:31:10.628712,0 days 00:00:06.735032,0.2423897254393918,0.03328399367778135,16,0.050314862645952564,0.018147857179154517,0.09508113082868748,0.07276370311670266,0.03326700732533977,0.02476171945761843,0.00027654374308583497,6,53,0.06456021182962268,0.26011473216943365,True,True,False,4.976050623105049e-08,COMPLETE
618,0.3770256280899048,2025-04-10 21:31:10.835187,2025-04-10 21:31:19.083950,0 days 00:00:08.248763,0.27036432341563377,0.0713344339473782,16,0.04066128119105746,0.10399513188728687,0.09336945594726359,0.07116750678582959,0.0320968998926224,0.02810785796467511,0.00043599886810164335,23,38,0.06660876374267542,0.06812873752845831,True,True,False,3.182743288014256e-08,COMPLETE
619,0.43418201208114626,2025-04-10 21:31:19.275988,2025-04-10 21:31:25.963113,0 days 00:00:06.687125,0.295819654313686,0.1139877502937277,16,0.051733647663444404,0.015026310295267506,0.09175879524095772,0.07861632291272246,0.0316610565072111,0.02116819190372076,7.326099886155201e-05,6,45,0.06283743566763543,0.0574181795783835,True,True,False,9.760583301079595e-08,COMPLETE
620,0.43211989998817446,2025-04-10 21:31:26.169320,2025-04-10 21:31:32.807214,0 days 00:00:06.637894,0.2613185990695199,0.09874566837638737,16,0.045623139570352966,0.013580175400240172,0.08847545030329025,0.07886167329217786,0.038201185786314706,0.021063952306314703,8.539510265186774e-05,5,46,0.06075176212642106,0.05938192915983745,True,True,False,1.2265858701307988e-07,COMPLETE
621,0.3723646402359009,2025-04-10 21:31:33.003135,2025-04-10 21:31:39.820311,0 days 00:00:06.817176,0.2908910491434651,0.11117249951251405,16,0.05013699788193954,0.014044685221081637,0.08580953434789834,0.08212466738205251,0.036868880635336596,0.02090565031954041,7.384528789290881e-05,6,82,0.060738785705104194,0.056479073669882134,True,True,False,1.0478735738705996e-07,COMPLETE
622,0.27296296358108524,2025-04-10 21:31:40.028343,2025-04-10 21:31:46.631904,0 days 00:00:06.603561,0.25258418522202314,0.09991953874404383,16,0.045624010382771474,0.0163139686893293,0.08858561570109766,0.08009092993799896,0.034530657406343986,0.017603904054959745,0.00012854693307274504,5,52,0.06412669429625556,0.05827356092399981,True,True,False,1.2378813587922823e-07,COMPLETE
623,0.147609680891037,2025-04-10 21:31:46.827936,2025-04-10 21:31:53.336617,0 days 00:00:06.508681,0.1728337995711724,0.10065455943051979,16,0.03790731375577193,0.023278553907854622,0.08847771169013233,0.0817445420080451,0.032889074073451145,0.019798365786543155,9.584137979431925e-05,5,48,0.0619858170805005,0.06354934548570744,False,True,True,1.0232874621339975e-07,COMPLETE
