number,value,datetime_start,datetime_complete,duration,params_alpha-eval,params_alpha-train,params_batch-size,params_eps-eval,params_eps-train,params_lambda-actions-eval,params_lambda-actions-train,params_lambda-frames-eval,params_lambda-frames-train,params_learning-rate,params_n-epochs,params_n-frames,params_radius-gw,params_rho,params_std-feats,params_ub-actions,params_ub-frames,params_weight-decay,state
1017,0.2832789957523346,2025-04-10 22:19:37.423572,2025-04-10 22:19:45.551138,0 days 00:00:08.127566,0.27108489106535405,0.054535096668750366,16,0.05887031394058864,0.03219533637536803,0.08293354022635857,0.07559075013049667,0.09621081872449119,0.02131614716233816,9.821001408871867e-05,21,33,0.06527034451134511,0.04668794829600284,True,True,False,1.5071613561257276e-08,COMPLETE
1018,0.3882025539875031,2025-04-10 22:19:45.884925,2025-04-10 22:19:52.728023,0 days 00:00:06.843098,0.24787434263701458,0.12803944024758568,16,0.04377321252971045,0.011275615278031618,0.08823561161461012,0.0794806325559979,0.09842121582925156,0.017963514239015085,5.652425771437333e-05,6,96,0.06117194045993497,0.13254715609108475,True,True,False,4.03757838341516e-08,COMPLETE
1019,0.2564527869224548,2025-04-10 22:19:53.062372,2025-04-10 22:20:01.022249,0 days 00:00:07.959877,0.31457984024886393,0.08961663693599253,16,0.03333894338030594,0.02471141201019454,0.08965315131608041,0.07339670297734853,0.04822310359763506,0.02882758291062433,8.234184943567585e-05,12,144,0.05899261338127456,0.03603185029157521,True,True,False,2.4086402398926717e-08,COMPLETE
1020,0.40809391140937806,2025-04-10 22:20:01.342078,2025-04-10 22:20:07.998173,0 days 00:00:06.656095,0.2057326749076748,0.06210130232503308,16,0.054834362194220256,0.01776987987444344,0.08518725447061952,0.07738532799282195,0.04119891610219606,0.025527831649003394,0.00011123943275674287,5,50,0.0540795558050237,0.26607897173950107,True,True,False,1.4939641427660236e-07,COMPLETE
1021,0.4244217276573181,2025-04-10 22:20:08.326566,2025-04-10 22:20:15.182561,0 days 00:00:06.855995,0.2816855264617622,0.11017998829574166,16,0.04736502975646189,0.012925308380448766,0.0901084366623511,0.08346455790537854,0.0387692636945276,0.01931461294583652,3.750574871219811e-05,7,42,0.07177302702670924,0.052606146287955985,True,True,False,2.405076199728176e-07,COMPLETE
1022,0.37499791383743286,2025-04-10 22:20:15.516288,2025-04-10 22:20:22.045410,0 days 00:00:06.529122,0.6889911246549695,0.04704002579962085,16,0.03750393158086397,0.02313026423590031,0.08687423434071463,0.08119675166391366,0.09330706782287675,0.022042620326547184,7.202673462685367e-05,5,36,0.06698655217158878,0.05956870161098998,True,True,False,1.1130285164295992e-07,COMPLETE
1023,0.3083632230758667,2025-04-10 22:20:22.377124,2025-04-10 22:20:29.121267,0 days 00:00:06.744143,0.22900550193355695,0.07438874620332475,16,0.06337936414888058,0.03410964252111375,0.08177726034646712,0.07477062921026689,0.08912867092247363,0.027282048575911304,9.474797595671459e-05,6,46,0.0628822601761976,0.04347432611785097,True,True,False,3.277640995055062e-08,COMPLETE
1024,0.22834479808807373,2025-04-10 22:20:29.453757,2025-04-10 22:20:36.104503,0 days 00:00:06.650746,0.5191645390203744,0.2741436859999534,16,0.050626320892971144,0.008136477670705836,0.08812416637590229,0.08647704686002976,0.033778605585381066,0.024139495588709838,0.00012931258572652696,6,26,0.05153133758755613,0.051526230496375176,True,True,False,2.0088940845044044e-08,COMPLETE
1025,0.17471539974212646,2025-04-10 22:20:36.438151,2025-04-10 22:20:42.963116,0 days 00:00:06.524965,0.26355319900154145,0.09762532424124919,16,0.07486746285535602,0.028429804050856985,0.09103846914546555,0.0786150583215056,0.04202312606455143,0.03250274829634631,6.172542890032927e-05,5,48,0.07041446039356031,0.05921183302884045,False,True,False,5.014118124376043e-08,COMPLETE
1026,0.41996868252754216,2025-04-10 22:20:43.299171,2025-04-10 22:20:50.321566,0 days 00:00:07.022395,0.2894723029321356,0.1404651825564423,16,0.05797112802820382,0.017345574354646696,0.08394068945940199,0.07230019955798715,0.0364370289559502,0.007328749026637965,8.461589559214044e-05,6,44,0.05597013915183955,0.06322883573458864,True,False,False,1.4979007397724027e-07,COMPLETE
1027,0.4335427820682526,2025-04-10 22:20:50.650490,2025-04-10 22:20:57.389902,0 days 00:00:06.739412,0.33468202286050575,0.11614038605488931,16,0.04257689432107574,0.020903953184625373,0.08019211230715947,0.07570328986934824,0.04299817729813771,0.03023257221412793,0.00010405827962104595,5,40,0.06500869654426653,0.03774042377110835,True,True,False,1.0180179525703704e-07,COMPLETE
1028,0.2005994975566864,2025-04-10 22:20:57.722082,2025-04-10 22:21:04.458094,0 days 00:00:06.736012,0.3485651014587043,0.1382907611022962,16,0.03801220387713108,0.03551778253451243,0.07922640968950038,0.07342493865431245,0.04455673710829811,0.031210758713655994,1.4879313114928318e-05,5,91,0.06851924533530217,0.03153259491773823,True,True,True,8.852727202354373e-08,COMPLETE
1029,0.37669297456741335,2025-04-10 22:21:04.793598,2025-04-10 22:21:11.466345,0 days 00:00:06.672747,0.34174151445777967,0.12640202654840627,16,0.028997262595535304,0.027614215528271063,0.07612754810345232,0.07158041822567697,0.04365338924129849,0.03357183895830454,6.778071903231953e-05,6,34,0.06664462562644673,0.02285778982709262,True,True,False,1.7003294390183614e-07,COMPLETE
1030,0.3113902390003205,2025-04-10 22:21:11.800528,2025-04-10 22:21:18.484022,0 days 00:00:06.683494,0.36317899369810536,0.13643370060400642,16,0.03995552297469466,0.02293354094605023,0.08002446686868127,0.07490775599181078,0.045574727514537665,0.03234787514233071,9.749222336558838e-05,6,31,0.0653216401479941,0.027871451072640576,True,True,False,1.023916780228008e-07,COMPLETE
1031,0.405849039554596,2025-04-10 22:21:18.817933,2025-04-10 22:21:25.679259,0 days 00:00:06.861326,0.3499394386427184,0.7241299806937816,16,0.034175864027510355,0.03733556110536552,0.08046372007310992,0.07351286634418881,0.04697113478747965,0.029023446548091476,4.983626161522983e-05,7,39,0.06928030945212599,0.0362682635503127,True,True,False,1.1190391027601638e-07,COMPLETE
1032,0.4188108086585999,2025-04-10 22:21:26.016322,2025-04-10 22:21:32.585971,0 days 00:00:06.569649,0.32734894943076115,0.1155736741265237,16,0.04343593496606273,0.022988744753234744,0.08051576464589344,0.0761188642259921,0.042975633349211825,0.03483385111946435,7.951525336981767e-05,5,37,0.06496700099834814,0.037994850131581236,True,True,False,9.789241619083202e-08,COMPLETE
1033,0.17967420518398286,2025-04-10 22:21:32.924148,2025-04-10 22:21:42.267974,0 days 00:00:09.343826,0.33206445015732133,0.11524957752570875,2,0.041345973839365655,0.029925677936199123,0.08327073926686224,0.07225171147710445,0.04156729844645938,0.03083119644564394,0.00010526055372389644,5,41,0.06655690433051514,0.03347793846914954,True,True,False,1.1013688050813918e-07,COMPLETE
1034,0.14787007272243502,2025-04-10 22:21:42.591707,2025-04-10 22:21:49.222081,0 days 00:00:06.630374,0.3658492803954988,0.11140102474285626,16,0.27095002560942777,0.020077630912529298,0.0823414124308547,0.0756064775142454,0.040233794831484565,0.029765716661274387,6.725061413199228e-05,6,39,0.07238399341761417,0.024740710148037234,True,True,False,7.754305044976428e-08,COMPLETE
1035,0.3082584857940674,2025-04-10 22:21:49.558311,2025-04-10 22:21:56.325977,0 days 00:00:06.767666,0.3215041374656872,0.10022116886638352,16,0.02864048610573331,0.013828242007412016,0.07703758660185507,0.07110452290183661,0.044347847483520025,0.030290192733132472,8.068583779740925e-05,7,51,0.057902104528727745,0.039042422505675384,True,True,False,1.4582832008089736e-07,COMPLETE
1036,0.4040630400180817,2025-04-10 22:21:56.662142,2025-04-10 22:22:03.440486,0 days 00:00:06.778344,0.33484336316474594,0.46553324253290473,16,0.04660612098818346,0.02555853779113787,0.08304079165187722,0.07698196250381975,0.042441857590810254,0.03307958886539446,5.347090853661632e-05,6,45,0.06140865734865484,0.03123889850296916,True,True,False,0.00026915488453435745,COMPLETE
1037,0.2079298675060272,2025-04-10 22:22:03.776512,2025-04-10 22:22:10.379823,0 days 00:00:06.603311,0.38329814256040373,0.13335696104584488,16,0.03416183900961769,0.007611059397588887,0.07893921219403376,0.07466772327917788,0.048209626499568795,0.028708230298418663,9.085690219698734e-05,6,36,0.07051119068852994,0.016973517539271787,True,True,False,1.2198067321437019e-07,COMPLETE
1038,0.4226733207702637,2025-04-10 22:22:10.719259,2025-04-10 22:22:17.380920,0 days 00:00:06.661661,0.3095370159881433,0.14000422145092767,16,0.04357698781962644,0.018711488770329975,0.08467202896038281,0.07933714439158959,0.03924106350949385,0.03492383052644587,0.00011153464226824832,5,42,0.06771333990114595,0.0416316816755182,True,True,False,1.9529608857410335e-07,COMPLETE
1039,0.18395751118659975,2025-04-10 22:22:17.718690,2025-04-10 22:22:24.750316,0 days 00:00:07.031626,0.3087710307844507,0.09442387983374098,16,0.038071325649192675,0.031730755057499914,0.08185890191501785,0.07354554213243421,0.04685039795084545,0.03245592929085751,0.0001519248860571483,10,47,0.06447751687595796,0.04188763802810465,True,True,False,1.293970406489497e-07,COMPLETE
1040,0.2910565316677094,2025-04-10 22:22:25.099491,2025-04-10 22:22:31.925045,0 days 00:00:06.825554,0.3439355316689958,0.11841162365602025,8,0.047456413669127256,0.012929528706109441,0.084834496592538,0.07729544572198936,0.04333118385907375,0.03036928518348494,6.563173671022884e-05,5,44,0.059566350508056774,0.027738361859767025,True,True,False,7.488919409538693e-08,COMPLETE
1041,0.3683901965618134,2025-04-10 22:22:32.248881,2025-04-10 22:22:39.086782,0 days 00:00:06.837901,0.6261513714368916,0.08905073809259659,16,0.04313804331737556,0.026758440309466863,0.06460812222575746,0.07199864433840954,0.040673652992641716,0.027865298446265913,4.262973637026498e-05,6,104,0.06254880250566575,0.04693174201005525,True,True,False,8.95910861571371e-08,COMPLETE
1042,0.41180341839790346,2025-04-10 22:22:39.428860,2025-04-10 22:22:46.228194,0 days 00:00:06.799334,0.1991893917699217,0.11439631739197599,16,0.051673866092794646,0.020774069239508627,0.08137493446053579,0.08107039806026156,0.051206569016982124,0.0148728853853363,7.897361711246099e-05,7,39,0.054901147451005834,0.036306513247793125,True,True,False,5.8719585076719416e-08,COMPLETE
1043,0.2660567283630371,2025-04-10 22:22:46.563486,2025-04-10 22:22:53.134131,0 days 00:00:06.570645,0.5789192646691063,0.14675385910678557,16,0.03468587517784301,0.010059396966914508,0.04442288582340002,0.07536997008874205,0.044430347257647496,0.030796952407248113,0.00019519992201853057,5,49,0.07357257011862614,0.17656636763563807,True,True,False,2.711989825556163e-07,COMPLETE
1044,0.09234625697135926,2025-04-10 22:22:53.472878,2025-04-10 22:23:00.167806,0 days 00:00:06.694928,0.2282775980861164,0.08023022306623079,16,0.027974989693217087,0.03821597161354477,0.08575618974294832,0.07888544628647207,0.04546303875669599,0.02720482309576101,9.848236093943104e-05,6,42,0.060391260082832736,0.04532141170743998,True,True,True,1.7896627402678186e-07,COMPLETE
1045,0.21488474011421205,2025-04-10 22:23:00.508722,2025-04-10 22:23:07.382992,0 days 00:00:06.874270,0.3698556503500089,0.10200963048106867,16,0.04821502147756245,0.01702081992927621,0.0833188708079671,0.07073970583402403,0.03826808838870571,0.029077298966515085,0.00012221773530586327,5,52,0.05762182943477069,0.04116308505433173,False,False,False,1.3091908240277151e-07,COMPLETE
1046,0.43347936272621157,2025-04-10 22:23:07.724390,2025-04-10 22:23:14.509999,0 days 00:00:06.785609,0.2111367622349202,0.12911287945290742,16,0.04036629600166913,0.006944931828493165,0.08431614132458898,0.07354038629341204,0.042641211243929375,0.03420914337252929,6.183613845810565e-05,7,46,0.06464647538033096,0.048917915665572416,True,True,False,9.978591971640954e-08,COMPLETE
1047,0.36573296785354614,2025-04-10 22:23:14.851009,2025-04-10 22:23:21.725540,0 days 00:00:06.874531,0.19603232954554997,0.14825461185407676,16,0.03181771608005295,0.005071483896472294,0.08061590056507227,0.025622077647062164,0.04122608153264081,0.037151080931883,8.788945578824537e-05,8,45,0.0644434824661197,0.047113398852104305,True,True,False,9.849820555449756e-08,COMPLETE
1048,0.3492039442062378,2025-04-10 22:23:22.071236,2025-04-10 22:23:28.957109,0 days 00:00:06.885873,0.21598405057432052,0.14025486174886026,16,0.035900111301059516,0.006107119983624611,0.08319686637399493,0.07714419942689134,0.04309942467876252,0.03357023557615441,7.352569088119256e-05,8,48,0.06593927167751312,0.050383678436151484,True,True,False,8.743931890906269e-08,COMPLETE
1049,0.2922707855701447,2025-04-10 22:23:29.284558,2025-04-10 22:23:36.205753,0 days 00:00:06.921195,0.2042325247929835,0.12451002476585832,16,0.027424721140897022,0.005029152509220012,0.08526972623864482,0.08449892530855398,0.04191284376949543,0.03483743759911058,0.00010447501041179693,7,81,0.06360664772211491,0.05342282801971726,True,True,False,8.071754391947533e-08,COMPLETE
1050,0.34626486897468567,2025-04-10 22:23:36.542712,2025-04-10 22:23:43.348757,0 days 00:00:06.806045,0.21684818797619856,0.13325848692542422,16,0.03921030768061252,0.004661014462290088,0.08226461000145145,0.07558025144415972,0.04513977952587209,0.03337022397854287,0.000132938329650338,7,37,0.06229758537582693,0.051492129671346726,True,True,False,1.0221546740144107e-07,COMPLETE
1051,0.42694475650787356,2025-04-10 22:23:43.688479,2025-04-10 22:23:51.170855,0 days 00:00:07.482376,0.18487102258955562,0.14920101258875093,16,0.039528660825239245,0.008245902808836383,0.08419916632632972,0.07378541112089704,0.04856738980455569,0.03508779553971819,5.9877204530062885e-05,9,150,0.06551805355005103,0.054072569398597004,True,True,False,6.746370205264032e-08,COMPLETE
1052,0.41267156004905703,2025-04-10 22:23:51.512067,2025-04-10 22:23:58.364115,0 days 00:00:06.852048,0.23817660748684605,0.1246940496179089,16,0.03000864965710948,0.012058717844692384,0.08543439052256245,0.008098402617307973,0.04034224517761589,0.037121884426280234,1.8360191367502384e-05,8,40,0.061656327838746666,0.04848143658265229,True,True,False,1.2964722606769908e-07,COMPLETE
1053,0.29292683601379393,2025-04-10 22:23:58.702383,2025-04-10 22:24:06.359789,0 days 00:00:07.657406,0.19144658629202344,0.10977374285607994,16,0.04083882347788602,0.010735053614214798,0.0797465583327023,0.08019110219264454,0.045962471754625187,0.016899774141088387,9.254525754793617e-05,15,43,0.06415325801042289,0.04512836959094646,True,True,False,1.0759624987847175e-07,COMPLETE
1054,0.38968039155006406,2025-04-10 22:24:06.701794,2025-04-10 22:24:13.586417,0 days 00:00:06.884623,0.21067974316709773,0.1215455588609535,16,0.035300503420297516,0.00651473389618625,0.08596758266226613,0.04442768179670774,0.04327891272357021,0.03541894081246098,7.52928765003006e-05,7,51,0.06673612316013647,0.058326088490047216,True,True,False,6.678637031402282e-08,COMPLETE
1055,0.338411819934845,2025-04-10 22:24:13.928816,2025-04-10 22:24:20.754739,0 days 00:00:06.825923,0.22774605482375423,0.14160749394195757,16,0.04414197097455545,0.013953112046081798,0.07841170596770065,0.07765464540635945,0.03948226691901002,0.03324300944548596,0.00011549062014419817,7,46,0.04496654331291366,0.05535988871955235,True,True,False,8.712723909138651e-08,COMPLETE
1056,0.23954167366027834,2025-04-10 22:24:21.105903,2025-04-10 22:24:31.978488,0 days 00:00:10.872585,0.24797094312367282,0.10516807982977,2,0.13596712218080548,0.005293300121380162,0.08192745447013051,0.08267250170155052,0.04216101584486116,0.035920533931076366,9.339828049821145e-05,8,41,0.06396484939234617,0.04826486018321074,True,True,False,5.350754692180046e-08,COMPLETE
1057,0.41560421586036683,2025-04-10 22:24:32.310870,2025-04-10 22:24:39.130235,0 days 00:00:06.819365,0.4438152530335539,0.11420246661247373,16,0.05124029252268057,0.014462880087076219,0.08704743751964486,0.0744947586933094,0.04688988493918994,0.018728807287683506,6.497646106831539e-05,7,44,0.06009783641220374,0.05484309504938684,True,True,False,1.0410610669130992e-07,COMPLETE
1058,0.3645696640014649,2025-04-10 22:24:39.469941,2025-04-10 22:24:46.205106,0 days 00:00:06.735165,0.22001065800120664,0.1556027168696255,16,0.031000202574420623,0.017108086974745428,0.0830232737993929,0.07653296954839159,0.03822051142116528,0.03200723510881594,8.410756402985121e-05,6,49,0.06196233376673403,0.04279951382704651,True,True,False,7.164837801073334e-08,COMPLETE
1059,0.29020103216171267,2025-04-10 22:24:46.546689,2025-04-10 22:24:53.359205,0 days 00:00:06.812516,0.4772655976262694,0.09599296105715902,16,0.04415417523072545,0.011682473569613626,0.08409852157466843,0.07900190218443047,0.044516111141873156,0.015985455351615763,0.0001394211742891692,7,34,0.06738536496781657,0.05871769912939247,True,True,False,1.4042247759691732e-07,COMPLETE
1060,0.42120817899703983,2025-04-10 22:24:53.703016,2025-04-10 22:25:00.929451,0 days 00:00:07.226435,0.2399449392787852,0.13065242786974093,16,0.02402987219570454,0.005212427016229548,0.08652805540339525,0.07276199803206243,0.04085956592496003,0.03453016044032855,5.267679450520525e-05,11,39,0.06553307787464435,0.050350735691440246,True,True,False,1.2226568579445204e-07,COMPLETE
1061,0.31693855524063114,2025-04-10 22:25:01.273568,2025-04-10 22:25:08.237919,0 days 00:00:06.964351,0.183380121116055,0.09671602458270039,8,0.052047354211276334,0.021370404535005195,0.08658257303500368,0.08138946775005171,0.04237873178766331,0.031236279914517287,0.00010778429496012662,5,76,0.05942299801516851,0.0617447978668131,True,True,False,4.544386663036356e-05,COMPLETE
1062,0.43142831921577457,2025-04-10 22:25:08.584132,2025-04-10 22:25:15.327107,0 days 00:00:06.742975,0.25423325133079383,0.11498605474693446,16,0.03679244860934133,0.010885276461458523,0.08133537203967364,0.07558098497785418,0.03785984597825622,0.02020869908392207,7.05544636646483e-05,6,54,0.06292328315943227,0.03726627154220351,True,True,False,5.444745426196709e-08,COMPLETE
1063,0.3770214140415192,2025-04-10 22:25:15.675230,2025-04-10 22:25:22.425690,0 days 00:00:06.750460,0.25207368995421375,0.12024914937848726,16,0.03232779196763182,0.00020913905563244017,0.08166598916133816,0.0705811585017712,0.038139625092275455,0.019372813473662487,5.434524707450921e-05,6,62,0.061337408892280905,0.034816594963994064,True,True,False,5.307915566750754e-08,COMPLETE
1064,0.3704958558082581,2025-04-10 22:25:22.771990,2025-04-10 22:25:29.424597,0 days 00:00:06.652607,0.25259876063297004,0.11373951609547976,16,0.025247507832561654,0.005319522139871434,0.07896311549230645,0.07394097146672418,0.03683882273370725,0.013965558780781925,6.242166432376355e-05,5,61,0.058581944132031424,0.03274518850482454,True,True,False,5.612989857736528e-08,COMPLETE
1065,0.33923776149749757,2025-04-10 22:25:29.774350,2025-04-10 22:25:37.483477,0 days 00:00:07.709127,0.2352673941824322,0.09280125696709424,16,0.0190352105428361,0.009525641100735626,0.07861969458071431,0.0766793512559509,0.037175859560691055,0.0202295077077444,4.4198848022774065e-05,16,56,0.06252997195230903,0.026367289756812073,True,True,True,7.437037950952467e-08,COMPLETE
1066,0.3602957487106323,2025-04-10 22:25:37.815017,2025-04-10 22:25:45.208022,0 days 00:00:07.393005,0.263003750109485,0.1423091738743828,16,0.03642874557852254,0.009891676891909493,0.008600282912760243,0.07214870153859936,0.03981886432262482,0.017269899603391266,6.18702066034923e-05,8,53,0.05997177360484628,0.03949884116977699,True,False,False,4.639854914176963e-08,COMPLETE
1067,0.14655613601207734,2025-04-10 22:25:45.550620,2025-04-10 22:25:52.251867,0 days 00:00:06.701247,0.21354624900284713,0.10958375536835789,16,0.03267474222792266,0.005401387668574109,0.07460902458105162,0.07476369033512464,0.0391034468928164,0.02078480286162669,4.9325670368064024e-05,7,57,0.056592009359836784,0.21303430649292543,False,True,False,6.19687570082646e-08,COMPLETE
1068,0.3917533397674561,2025-04-10 22:25:52.606178,2025-04-10 22:25:59.381654,0 days 00:00:06.775476,0.23682434699422963,0.08272601476276625,16,0.03774709875940898,0.1411593317195787,0.08112579565601373,0.07785815615847598,0.036536496912887836,0.018086145397401675,7.053186698749004e-05,6,55,0.0635241088673976,0.03053816660497914,True,True,False,4.4559424312743985e-08,COMPLETE
1069,0.41079511642456057,2025-04-10 22:25:59.728028,2025-04-10 22:26:06.353543,0 days 00:00:06.625515,0.26509851754002584,0.12625395269976472,16,0.04089946048246341,0.01279829812761438,0.07715224149987951,0.0696566963125135,0.040266971367234214,0.022045730680974075,7.464201221716544e-05,5,57,0.060585370935933684,0.03643148453124749,True,True,False,5.88987543187356e-08,COMPLETE
1070,0.4117459833621979,2025-04-10 22:26:06.698053,2025-04-10 22:26:14.173223,0 days 00:00:07.475170,0.19650481256221844,0.09669216463732878,16,0.026725537357951426,0.005048603811210958,0.07993780102002764,0.07959848981493198,0.03586556962675818,0.019718938822099765,5.942414243621411e-05,13,58,0.058709760301874386,0.14116219549742526,True,True,False,7.906176781545373e-08,COMPLETE
1071,0.4014724016189576,2025-04-10 22:26:14.524535,2025-04-10 22:26:21.212871,0 days 00:00:06.688336,0.22112364031229592,0.07808526649155169,16,0.03503995380112654,0.012474079316498469,0.08167521793613201,0.07528255140926567,0.038017497968248375,0.018305194550040673,7.832999558041614e-05,6,53,0.06204210602132434,0.037219323726158486,True,True,False,4.4695467310929474e-08,COMPLETE
1072,0.26448909044265745,2025-04-10 22:26:21.560550,2025-04-10 22:26:28.234777,0 days 00:00:06.674227,0.27902074225901996,0.12657036313630793,16,0.04297022700846457,0.015144787219901468,0.07798435898862363,0.07330142239669582,0.041893845384935506,0.01530488091615727,6.932718538095815e-05,5,52,0.05716035878151658,0.027823083733036415,True,True,False,9.141579542840921e-08,COMPLETE
