number,value,datetime_start,datetime_complete,duration,params_alpha-eval,params_alpha-train,params_batch-size,params_eps-eval,params_eps-train,params_lambda-actions-eval,params_lambda-actions-train,params_lambda-frames-eval,params_lambda-frames-train,params_learning-rate,params_n-epochs,params_n-frames,params_radius-gw,params_rho,params_std-feats,params_ub-actions,params_ub-frames,params_weight-decay,state
170,0.4060168504714966,2025-04-17 17:51:14.245028,2025-04-17 17:51:33.405450,0 days 00:00:19.160422,0.9741264388606024,0.30650783215142374,2,0.23368202281417094,0.04075481064579843,0.03135235417029941,0.09137184637318567,0.0969364579020588,0.04559256545409012,0.00018135331375733824,19,50,0.09779287274154146,0.16122977712723685,True,False,False,1.7698285411400745e-08,COMPLETE
171,0.4346167922019959,2025-04-17 17:51:33.460822,2025-04-17 17:51:42.252592,0 days 00:00:08.791770,0.9635594742388409,0.32673545185173336,16,0.21024045973736344,0.03644540221396358,0.024374831425717246,0.09645972382744185,0.09960440112652134,0.05034664313671911,0.00010843589172422757,20,40,0.09242885628008711,0.14138250507489514,True,False,False,2.0803988686594172e-08,COMPLETE
172,0.4335135340690613,2025-04-17 17:51:42.317049,2025-04-17 17:51:51.052194,0 days 00:00:08.735145,0.975462510860554,0.36974470162934264,16,0.20047992153536787,0.01798839594408224,0.024616192977742358,0.09973421869897496,0.09967351402008286,0.05313083882378963,0.00010884731960151627,19,41,0.09099746831294002,0.13664914736761932,True,False,False,2.007607461539134e-08,COMPLETE
173,0.43316241502761843,2025-04-17 17:51:51.108775,2025-04-17 17:51:59.963882,0 days 00:00:08.855107,0.9940885572080426,0.3224332616338614,16,0.2000157361859163,0.028194613107324473,0.030539823790621944,0.09666617428848213,0.09538323565824766,0.04999469014701627,0.00012629225086490845,20,35,0.09398271146579239,0.15522443046018305,True,False,False,2.3820359111446e-08,COMPLETE
174,0.41185530424118044,2025-04-17 17:52:00.023324,2025-04-17 17:52:08.904298,0 days 00:00:08.880974,0.9997762436594463,0.40488884686434834,16,0.2133667587904159,0.04812884044873985,0.022253316540448938,0.0878287104059781,0.09333121768821631,0.04553860262226972,0.00015326334310822648,21,35,0.08898071671226168,0.13864067433278493,True,False,False,1.5580369556304436e-08,COMPLETE
175,0.4366024851799012,2025-04-17 17:52:08.961929,2025-04-17 17:52:17.848250,0 days 00:00:08.886321,0.9663893578370992,0.3660912078397524,16,0.22112631178738892,0.038458646182064904,0.026057350921922542,0.09442211541208276,0.09848298275675627,0.04853587922520216,9.624654816354978e-05,20,43,0.0963290095613095,0.1308853579276501,True,False,False,0.00021563353092604617,COMPLETE
176,0.43860776424407966,2025-04-17 17:52:17.905356,2025-04-17 17:52:26.813466,0 days 00:00:08.908110,0.9535509125340631,0.3709041235786361,16,0.23521264903718458,0.022562865926127943,0.015784747007054643,0.09477533639960191,0.098670686942759,0.056088213253961704,0.00010294649609144967,21,38,0.09697285280326481,0.13127231253336244,True,False,False,2.314071512200336e-08,COMPLETE
177,0.43576670289039615,2025-04-17 17:52:26.870828,2025-04-17 17:52:35.370818,0 days 00:00:08.499990,0.9605939456578053,0.3704462444917902,16,0.23389264726759124,0.02241428555044736,0.020114247678112318,0.09464326899992592,0.09986501185443611,0.043727683965100905,9.761684318521625e-05,17,42,0.09758467144642387,0.12597874502946343,True,False,False,1.2946247176134966e-08,COMPLETE
178,0.09234625697135926,2025-04-17 17:52:35.429071,2025-04-17 17:52:43.908933,0 days 00:00:08.479862,0.9559432457817852,0.3701081003338325,16,0.2362350675559131,0.0009837263807036985,0.017136026264380766,0.09778463923876639,0.09899097367810607,0.042260301309350656,0.01011606715908934,17,45,0.09632527317392453,0.12973657706842062,True,False,False,1.2846191637535341e-08,COMPLETE
179,0.346198982000351,2025-04-17 17:52:43.967734,2025-04-17 17:52:52.311288,0 days 00:00:08.343554,0.9521312201276503,0.3614255371330385,16,0.23932058697028613,0.020794865342653856,0.015842957452844284,0.08977255024208111,0.09973644719510735,0.0565123165106159,0.00010617683480354963,17,50,0.09767267933668773,0.16435898612161037,False,False,False,0.00013184748557506015,COMPLETE
180,0.09234625697135926,2025-04-17 17:52:52.370080,2025-04-17 17:53:00.883652,0 days 00:00:08.513572,0.9645399004364954,0.38520322655532074,16,0.24857518915612614,0.00596932403922603,0.00785047700777366,0.09630863654263151,0.09662343254860013,0.048233991706631264,8.96734333779111e-05,18,44,0.09999000449541723,0.12450360323617854,True,False,False,3.155978920074736e-08,COMPLETE
181,0.4363685548305512,2025-04-17 17:53:00.950690,2025-04-17 17:53:09.690730,0 days 00:00:08.740040,0.9683217308505281,0.39711395085619683,16,0.24761177190049524,0.030602794864393885,0.0260174632188959,0.09420358608317464,0.09458217203507474,0.044384154161400464,0.00010581279266379292,20,38,0.09580855081910682,0.13255511628153516,True,False,False,1.3024729564609864e-08,COMPLETE
182,0.44109500646591193,2025-04-17 17:53:09.749959,2025-04-17 17:53:18.580263,0 days 00:00:08.830304,0.944838455792044,0.4036297426372404,16,0.22671720366979553,0.0292947010052912,0.021123507348522225,0.09496766828873825,0.09528132995253631,0.04121284231587169,9.436504671139863e-05,20,40,0.09633390840463367,0.1332449922190556,True,False,False,1.3135470336678614e-08,COMPLETE
183,0.4386460185050965,2025-04-17 17:53:18.639581,2025-04-17 17:53:27.586604,0 days 00:00:08.947023,0.9461451072363003,0.41577860160523167,16,0.2280546842250759,0.01479045716888506,0.02004883493029814,0.09440077869360539,0.09549240784818809,0.044028881191398785,8.67750103358564e-05,21,38,0.0961488069833139,0.13242132921169483,True,False,False,1.3712564977406503e-08,COMPLETE
184,0.43629327416419983,2025-04-17 17:53:27.646215,2025-04-17 17:53:36.592514,0 days 00:00:08.946299,0.9427327701906436,0.41009628519958735,16,0.2239144549146827,0.010187839045608188,0.020232007392090474,0.09420656699061333,0.09548252131848725,0.041010799604163435,8.71403852576241e-05,21,38,0.09673227978729161,0.13302579974339493,True,False,False,4.3640145863856735e-05,COMPLETE
185,0.4393449366092682,2025-04-17 17:53:36.652774,2025-04-17 17:53:45.490642,0 days 00:00:08.837868,0.9461862661137513,0.40958960005879375,16,0.2235121415438749,0.011857125180675996,0.01646796343211534,0.09440840949032435,0.09549558593745318,0.04107377287838459,8.663965791616895e-05,20,38,0.09657356135353916,0.11728589850407588,True,False,False,0.00045972260016439423,COMPLETE
186,0.4358101189136505,2025-04-17 17:53:45.551921,2025-04-17 17:53:54.375522,0 days 00:00:08.823601,0.944007365545432,0.40324306999161685,16,0.22405636169672616,0.012739044850273086,0.01935942460593537,0.09459976872582836,0.09528696636696382,0.04418270662219691,9.013951075768563e-05,20,37,0.0974257763776858,0.11700059712131133,True,False,False,0.0003580809384412214,COMPLETE
187,0.4391245543956757,2025-04-17 17:53:54.437616,2025-04-17 17:54:03.107959,0 days 00:00:08.670343,0.9444746221093159,0.437506199684992,16,0.22653006444720586,0.00892662702842964,0.019107347151454776,0.094431859701229,0.09535707609205968,0.04436032376793735,8.705299872779101e-05,19,38,0.09669065367958574,0.11883904566183078,True,False,False,0.0003233559940392491,COMPLETE
188,0.4390309512615204,2025-04-17 17:54:03.169354,2025-04-17 17:54:11.884768,0 days 00:00:08.715414,0.9435599829667691,0.4350315496663322,16,0.22157782215567415,0.01587433084280116,0.019265445382094338,0.09516973909267924,0.09513989870535987,0.04412314461594435,8.719533924854154e-05,19,39,0.09669651077096673,0.12172043665528974,True,False,False,0.000297813117337487,COMPLETE
189,0.09234625697135926,2025-04-17 17:54:11.946218,2025-04-17 17:54:20.531971,0 days 00:00:08.585753,0.9467863544775809,0.4396008810365334,16,0.2247326918913548,0.006088846803097627,0.019308599420762643,0.09470908014665308,0.09525558337251909,0.04372753204947405,8.622928385819699e-05,19,43,0.09698264061679622,0.11798751625307392,True,False,False,0.00037689686276456155,COMPLETE
190,0.42523427605628966,2025-04-17 17:54:20.602477,2025-04-17 17:54:29.319250,0 days 00:00:08.716773,0.9608250976851105,0.4226559781904045,16,0.24674599382558388,0.012385078671504172,0.015586479557795544,0.09802115516199884,0.09502577492693391,0.044767313284033466,6.549934994771384e-05,18,49,0.09561411961605606,0.13168029323506303,True,False,False,0.00035742984867142516,COMPLETE
191,0.43695213794708254,2025-04-17 17:54:29.381061,2025-04-17 17:54:38.088202,0 days 00:00:08.707141,0.9400695213724696,0.3875340977235543,16,0.22434380872983364,0.013643851605361386,0.012036715549589794,0.09433589405001405,0.09756526337382546,0.04112316939882768,8.928088089604559e-05,19,38,0.09784010150290474,0.12165423494612637,True,False,False,0.00026590437169797987,COMPLETE
192,0.438423502445221,2025-04-17 17:54:38.153386,2025-04-17 17:54:46.925642,0 days 00:00:08.772256,0.9342360060318596,0.402272320232403,16,0.22787335783289234,0.0122682362871536,0.010912121623640183,0.09384338854739448,0.09760274560400585,0.03605242281788598,8.713180541171519e-05,20,38,0.09794044705990931,0.12149150196375108,True,False,False,0.00026442332107549525,COMPLETE
193,0.43761984109878543,2025-04-17 17:54:46.988577,2025-04-17 17:54:55.827270,0 days 00:00:08.838693,0.942363408681806,0.39195194985097864,16,0.22580841131975635,0.010585002072908004,0.010679685849042275,0.09396139872558967,0.09585242524337878,0.0414992683118278,8.768253325819447e-05,20,39,0.0975126109914061,0.12053811342132194,True,False,False,0.0002631167270210176,COMPLETE
194,0.43815364837646487,2025-04-17 17:54:55.889374,2025-04-17 17:55:04.594073,0 days 00:00:08.704699,0.9012198720519534,0.4070807680888511,16,0.22461804277145403,0.01388779330611566,0.011264200606934149,0.09093394688673809,0.09586416216164777,0.041026396032763854,8.106267906757182e-05,19,38,0.0964643685086628,0.11541034728913409,True,False,False,0.00022067702108963467,COMPLETE
195,0.4375106275081635,2025-04-17 17:55:04.657083,2025-04-17 17:55:13.387157,0 days 00:00:08.730074,0.8983651086500454,0.43642276600769037,16,0.22446939464692894,0.009593506621863783,0.011176846800264921,0.09988768522360936,0.09348424811742014,0.03612737804868005,7.297259330931257e-05,19,38,0.09576537183044036,0.12096028859564364,True,False,False,0.00018947556375050587,COMPLETE
196,0.4385157883167267,2025-04-17 17:55:13.451811,2025-04-17 17:55:22.211395,0 days 00:00:08.759584,0.895959810559869,0.43785398523870345,16,0.22463388648247526,0.010169175855148616,0.011037673500550009,0.09063608993438921,0.09311036263149008,0.03628783457576712,7.853956793681672e-05,19,39,0.0952609751169602,0.11358301330441418,True,False,False,0.00023761181194098204,COMPLETE
197,0.09234625697135926,2025-04-17 17:55:22.274770,2025-04-17 17:55:30.840828,0 days 00:00:08.566058,0.9020958448348552,0.43683287910706947,16,0.22883522321648073,0.00205242568049571,0.011352527381127065,0.09959874489931728,0.09338600638740734,0.034968897567619554,6.388814968216401e-05,19,39,0.0954809008349429,0.11654501058646573,True,False,False,0.00022130631312291746,COMPLETE
198,0.42834552526474,2025-04-17 17:55:30.914427,2025-04-17 17:55:39.645345,0 days 00:00:08.730918,0.8773778753535109,0.44591178222542205,16,0.24429822461909334,0.01692548204508463,0.006586241047773161,0.0908499363063868,0.09746239380884766,0.03694630937610639,7.697852024614999e-05,19,47,0.09818858466773844,0.11305669555448011,True,False,False,0.00023429607853455862,COMPLETE
199,0.43715355992317206,2025-04-17 17:55:39.710161,2025-04-17 17:55:48.482075,0 days 00:00:08.771914,0.8971393443050067,0.39460654863194594,16,0.22022664382134274,0.009794228603772425,0.011015279930651383,0.09245467142233556,0.09347329559141135,0.030205159595873193,7.37822073965263e-05,19,40,0.09543858644155064,0.12137860899724706,True,False,False,0.0004597542973090346,COMPLETE
200,0.128785514831543,2025-04-17 17:55:48.548681,2025-04-17 17:55:56.597042,0 days 00:00:08.048361,0.8574859062899485,0.4229681861719056,16,0.2176862533867008,0.007005574949634916,0.010849354236593103,0.09240697302796289,0.09297629481189988,0.026746857367720853,5.885988491628821e-05,18,40,0.09864520131669981,0.12182031070042372,True,False,True,0.00048672404637278773,COMPLETE
201,0.43865836858749396,2025-04-17 17:55:56.663837,2025-04-17 17:56:05.409418,0 days 00:00:08.745581,0.8996132340497089,0.38962511994346827,16,0.22150660625223098,0.01484133710944603,0.009545432219299637,0.09696435385717206,0.09641412353641719,0.029181450890004387,7.317905931928731e-05,19,43,0.09570624576073339,0.11319268646108702,True,False,False,0.00028036580492074494,COMPLETE
202,0.43671454191207887,2025-04-17 17:56:05.474739,2025-04-17 17:56:14.313164,0 days 00:00:08.838425,0.8972608855370081,0.42526174337256994,16,0.22856525639349232,0.014975661993111265,0.01227961800052556,0.09724439169837326,0.09670313983903671,0.03154620274851371,7.505518468808093e-05,19,53,0.09546945266968886,0.12062136792961173,True,False,False,0.00025859192467538977,COMPLETE
203,0.4219876646995545,2025-04-17 17:56:14.379039,2025-04-17 17:56:23.227846,0 days 00:00:08.848807,0.9004489447863984,0.3815196302639079,16,0.2625288855865739,0.014439985375009238,0.008404441920848622,0.09770679383066262,0.0969747159673751,0.0289979276816998,7.240666632524816e-05,19,56,0.09570411036772246,0.11303788051078055,True,False,False,0.0002556708047924296,COMPLETE
204,0.09234625697135926,2025-04-17 17:56:23.296315,2025-04-17 17:56:31.934545,0 days 00:00:08.638230,0.8852332156470897,0.41855201202026565,16,0.2291156121938624,0.009193887987839594,0.012699050065642299,0.09688054519912673,0.09637732151646461,0.033019505174706934,7.350562122147508e-05,19,44,0.0910956637428401,0.11994815497426885,True,False,False,0.00015056548778741993,COMPLETE
205,0.09234625697135926,2025-04-17 17:56:32.011431,2025-04-17 17:56:40.624019,0 days 00:00:08.612588,0.9086394206764472,0.38713020274802423,16,0.2282879340080439,0.0005986207486158249,0.004835944168384059,0.09052090772885327,0.09289345452198505,0.0222999581139401,8.375234650252874e-05,19,40,0.09476652483601909,0.10965238864448708,True,False,False,0.0007714908242329708,COMPLETE
206,0.4314314365386963,2025-04-17 17:56:40.691250,2025-04-17 17:56:49.403093,0 days 00:00:08.711843,0.8705495982912699,0.4275732471259604,16,0.2191197067485706,0.017806693518735435,0.009480048479876465,0.09613650988963042,0.09719953996199186,0.02998111222839593,5.909423926354028e-05,18,54,0.09834101767275977,0.12119193453886482,True,False,False,0.0003016526397314112,COMPLETE
207,0.12754411697387696,2025-04-17 17:56:49.470154,2025-04-17 17:56:57.811460,0 days 00:00:08.341306,0.9002730075875367,0.4461694151162176,16,0.24038520000614508,0.011348829692718108,0.01190545830178918,0.09225811853040608,0.0944570067107517,0.03203231589132346,7.744494701128188e-05,20,47,0.09995727346530846,0.11661761025082513,True,True,False,0.0005071892837079414,COMPLETE
208,0.42753324508666996,2025-04-17 17:56:57.879508,2025-04-17 17:57:17.176137,0 days 00:00:19.296629,0.9290046413484346,0.3935050020176306,2,0.2208608297918,0.021685210654456735,0.01539797089895094,0.09997106265495247,0.09831440091124816,0.03534635713391078,6.487204774701126e-05,19,42,0.09683052064145502,0.12448998019458783,True,False,False,0.00017767022672302634,COMPLETE
209,0.09234625697135926,2025-04-17 17:57:17.243963,2025-04-17 17:57:25.892038,0 days 00:00:08.648075,0.8455603993653388,0.4099056340344179,16,0.2299456939099607,0.006684801923297535,0.013980865336227777,0.09313616668948725,0.09555117052262822,0.04189091955086336,4.6494050286648874e-05,20,35,0.09424360221293426,0.11317906610869925,True,False,False,0.00019523002035049553,COMPLETE
210,0.4336954832077027,2025-04-17 17:57:25.960926,2025-04-17 17:57:34.640282,0 days 00:00:08.679356,0.9204267888663558,0.4348086211372118,16,0.2060701741127756,0.016636637196063946,0.006482384077352909,0.09690652087148455,0.09255975458217332,0.026537036807611665,9.570063680836949e-05,18,37,0.09210838772306139,0.13120365529242703,True,False,False,0.00029126373914761474,COMPLETE
211,0.4370118141174317,2025-04-17 17:57:34.708993,2025-04-17 17:57:43.691925,0 days 00:00:08.982932,0.8985141782451116,0.4566578213186404,16,0.2192134902130698,0.013858625142343185,0.01027564157903986,0.0901834980141429,0.0980489557213994,0.036889881227294224,5.591730584876424e-05,21,43,0.09652905455425762,0.12206797120644282,True,False,False,9.66032586029449e-05,COMPLETE
212,0.34071981310844424,2025-04-17 17:57:43.760385,2025-04-17 17:57:52.694533,0 days 00:00:08.934148,0.89428411687884,0.4553802926730874,16,0.2216297273176218,0.012701660271851281,0.008844918307508633,0.08976184834424857,0.09755780484005061,0.036337777729675856,8.119191274675042e-05,21,44,0.024120041847526055,0.1272051194057721,True,False,False,0.00013975913118959393,COMPLETE
213,0.4335375010967255,2025-04-17 17:57:52.772090,2025-04-17 17:58:01.516563,0 days 00:00:08.744473,0.8723807611394072,0.3862522760372602,16,0.23203139585074453,0.02146324042493413,0.016657727826793495,0.09565034057959682,0.09815263867409027,0.03358702645475574,5.532366018566641e-05,19,41,0.09612328051038867,0.12085506327333036,True,False,False,9.255458743566169e-05,COMPLETE
214,0.09234625697135926,2025-04-17 17:58:01.585718,2025-04-17 17:58:10.420511,0 days 00:00:08.834793,0.9110108064462278,0.411988486182247,16,0.2178993515518498,0.007345128556920669,0.011139740386770514,0.0875154404691229,0.09550323090822048,0.04144585023471545,7.427177302463167e-05,21,38,0.09471199946118217,0.11394721810595407,True,False,False,0.0004316392288755625,COMPLETE
215,0.3555745124816895,2025-04-17 17:58:10.491115,2025-04-17 17:58:19.409213,0 days 00:00:08.918098,0.3872163764038581,0.4741851800489054,16,0.2382876704602925,0.012280132046403673,0.01417004514712086,0.09183478991376079,0.09984220624980347,0.03707374187555296,9.404023944434195e-05,20,48,0.09810918643852745,0.10684351033575526,True,False,False,0.00028518588168129685,COMPLETE
216,0.43352392315864563,2025-04-17 17:58:19.479453,2025-04-17 17:58:28.347905,0 days 00:00:08.868452,0.9266592837411366,0.43534152771225526,16,0.2260664754628961,0.018164590649235916,0.004163015897002269,0.09825002245574387,0.09384570140293372,0.046556583467207605,4.893839538504478e-05,20,43,0.09742312730786348,0.13386731578743385,True,False,False,0.0006159779480603004,COMPLETE
217,0.09234625697135926,2025-04-17 17:58:28.417882,2025-04-17 17:58:36.924988,0 days 00:00:08.507106,0.8881952855506854,0.3983022747888936,16,0.2196591971535015,0.0012798733559090721,0.009798984790518803,0.0932313411492125,0.09603107950177851,0.030926079905757457,6.828475934680942e-05,19,35,0.09343548121186251,0.12071306215279398,True,False,False,0.00021085797746009778,COMPLETE
218,0.3250969529151917,2025-04-17 17:58:36.995004,2025-04-17 17:58:45.673188,0 days 00:00:08.678184,0.9101108637059119,0.37938379961011737,16,0.2564519858469871,0.02259986930339092,0.012327710720718458,0.09558418461949124,0.09248735354944611,0.04024513208015136,8.968781300055824e-05,21,33,0.09992518538138545,0.14744642543669287,False,False,False,0.0009498156454910241,COMPLETE
219,0.4369547188282013,2025-04-17 17:58:45.743941,2025-04-17 17:58:54.608052,0 days 00:00:08.864111,0.9293743453923855,0.4501170985501544,16,0.21301754922263597,0.014496904238881095,0.017639278006072352,0.09022306680977307,0.09817756788192986,0.04715719371791976,6.185645198125793e-05,20,52,0.09598600571161105,0.12836676968135727,True,False,False,0.00010733045496152297,COMPLETE
220,0.4208409309387207,2025-04-17 17:58:54.688256,2025-04-17 17:59:03.720330,0 days 00:00:09.032074,0.9256323160256462,0.4521972555415653,16,0.2116635848750539,0.01540809133296131,0.017824888738402756,0.08964882568388487,0.09787376949580152,0.04711963518394128,6.439317812301866e-05,20,61,0.09081032013078157,0.1273347534656398,True,False,False,0.0003467721035315669,COMPLETE
221,0.09234625697135926,2025-04-17 17:59:03.791919,2025-04-17 17:59:12.256812,0 days 00:00:08.464893,0.8931082205817126,0.4180098356498353,16,0.2256341705627326,0.007121943294866327,0.01361966968704247,0.09327781811038022,0.0942917864744921,0.04243402872867225,5.44923213558985e-05,19,40,0.09610896571415442,0.12301417664854895,True,False,False,0.00010323497263223871,COMPLETE
222,0.4332728207111359,2025-04-17 17:59:12.329008,2025-04-17 17:59:21.332091,0 days 00:00:09.003083,0.9310285333493951,0.40877950390292556,16,0.23246430036504606,0.012844251077693838,0.01617155457923069,0.09083281780650125,0.09626876198747279,0.04803331602807265,8.096751096832563e-05,20,52,0.0944310043628109,0.13259258131009832,True,False,False,0.00026995796965598927,COMPLETE
223,0.4336409270763397,2025-04-17 17:59:21.403651,2025-04-17 17:59:30.138836,0 days 00:00:08.735185,0.8713625607243934,0.435299261352443,16,0.21736269326751867,0.022806634613813208,0.010464425845530131,0.09786503784768787,0.09843712847554686,0.03544776271332674,4.253389665595157e-05,19,44,0.09815306436919898,0.11649098617389456,True,False,False,0.00015151400342699483,COMPLETE
224,0.09234625697135926,2025-04-17 17:59:30.211956,2025-04-17 17:59:38.657641,0 days 00:00:08.445685,0.9554582509074737,0.36184476620955275,16,0.22398151480323622,0.00010089226372588314,0.012565210636519846,0.09471983746378516,0.09990645646585744,0.05239168903808002,6.312209154279485e-05,18,38,0.09602894391377959,0.106095856081153,True,False,False,0.000429358176005296,COMPLETE
225,0.4188168346881867,2025-04-17 17:59:38.730793,2025-04-17 17:59:47.581300,0 days 00:00:08.850507,0.13523195425147344,0.4666557617470342,16,0.2388395368782801,0.01842104230771165,0.01774815561887871,0.09147422177710356,0.09621127870328418,0.03835618393847631,9.779043927404571e-05,20,45,0.09211882179137725,0.12658853037879325,True,False,False,0.00020747372592996757,COMPLETE
