number,value,datetime_start,datetime_complete,duration,params_alpha-eval,params_alpha-train,params_batch-size,params_eps-eval,params_eps-train,params_lambda-actions-eval,params_lambda-actions-train,params_lambda-frames-eval,params_lambda-frames-train,params_learning-rate,params_n-epochs,params_n-frames,params_radius-gw,params_rho,params_std-feats,params_ub-actions,params_ub-frames,params_weight-decay,state
508,0.1540054440498352,2025-04-17 19:14:09.731383,2025-04-17 19:14:22.354539,0 days 00:00:12.623156,0.6300546132314898,0.044287679028374945,2,0.2879460929288961,0.07701982438406978,0.09651151546001559,0.039851492482452976,0.006196357434391702,0.03165861196513161,0.0007873997633744685,11,38,0.08451532297845953,0.22095776070985249,True,True,False,2.234550312560455e-05,COMPLETE
509,0.40383759737014774,2025-04-17 19:14:22.515782,2025-04-17 19:14:35.414935,0 days 00:00:12.899153,0.6652998726943007,0.11955228610979501,2,0.2717467891083357,0.06645960632119781,0.0631155562452939,0.04507677537988277,0.01730425463470387,0.03801490655043265,0.00033955014634575034,9,42,0.04242054297392762,0.20010830599230098,True,False,False,3.9758255957919615e-05,COMPLETE
510,0.44553991556167605,2025-04-17 19:14:35.590175,2025-04-17 19:14:49.187329,0 days 00:00:13.597154,0.6038546598369393,0.09393433948526761,2,0.2809383297798163,0.0736634829945972,0.012674902945221465,0.04361931385486707,0.011107520939674837,0.03600794428124154,0.0004253549005088057,10,36,0.08693175291393201,0.20802847494872193,True,False,False,2.7883153148359477e-05,COMPLETE
511,0.4438693761825562,2025-04-17 19:14:49.351635,2025-04-17 19:15:01.627845,0 days 00:00:12.276210,0.6304649122259744,0.053613326040199735,2,0.2944799577978214,0.09876952372925538,0.010401568931121943,0.049787536371900656,0.03415644211883416,0.03378238781458271,0.0003142417105838355,8,40,0.08089016212846782,0.22849410806430537,True,False,False,3.687468198433756e-05,COMPLETE
512,0.4355689704418183,2025-04-17 19:15:01.792787,2025-04-17 19:15:16.552643,0 days 00:00:14.759856,0.7106686797269038,0.029985710449326877,2,0.2890170076573421,0.09015463013628387,0.014454308025903438,0.047750543152271584,0.01452975987963476,0.037951007122295745,0.000630611997524758,12,37,0.0841663339263273,0.21457471471527012,True,False,False,8.119946195553308e-05,COMPLETE
513,0.4362428307533265,2025-04-17 19:15:16.726309,2025-04-17 19:15:30.954595,0 days 00:00:14.228286,0.6945449642658261,0.07085287831226662,2,0.28265388635445365,0.06250015164102611,0.09293992391946695,0.041384732993904744,0.031767656612365275,0.028411229248502808,0.0009679663186571855,11,44,0.08851830148725533,0.22077811963824306,True,False,False,2.1974119148060226e-05,COMPLETE
514,0.44507239460945136,2025-04-17 19:15:31.118867,2025-04-17 19:15:44.126513,0 days 00:00:13.007646,0.6864617815331822,0.010407974902687838,2,0.272708622897595,0.0719056542909495,0.01741879224136485,0.003948064939047249,0.01929285385436849,0.035290806077558794,0.000517533952127233,9,35,0.08461653077869388,0.20688373944705438,True,False,False,5.4945113011683396e-05,COMPLETE
515,0.2759419083595276,2025-04-17 19:15:44.303513,2025-04-17 19:15:57.734028,0 days 00:00:13.430515,0.6520653618643321,0.04423878673507789,2,0.2882926411804014,0.061081461435193996,0.05457631419442935,0.042978711756079264,0.04679821168556698,0.03056863492810103,0.07229410384113712,10,40,0.0791393883914492,0.19701250718941846,False,False,False,3.2896210203528064e-05,COMPLETE
516,0.45184757709503176,2025-04-17 19:15:57.897653,2025-04-17 19:16:09.006839,0 days 00:00:11.109186,0.5562536836309009,0.08778214167404606,2,0.2945285249546358,0.054235756853276335,0.010095079623659738,0.038218417884054785,0.02856835507584974,0.014091268230567243,0.00042534311718548745,6,37,0.08633807109620795,0.2155727367338615,True,False,False,2.4892654676592568e-05,COMPLETE
517,0.40047527551651,2025-04-17 19:16:09.171321,2025-04-17 19:16:16.886682,0 days 00:00:07.715361,0.5552209174436981,0.13768134904416557,8,0.29605767810957745,0.054759928244916406,0.011883450373416891,0.03813766370278589,0.027230369367667134,0.01858257302089514,0.0003719338585891225,6,42,0.08981942069188158,0.21622788050043407,True,False,False,2.6795550127461143e-05,COMPLETE
518,0.4538141131401062,2025-04-17 19:16:17.062544,2025-04-17 19:16:27.522635,0 days 00:00:10.460091,0.5879564806544055,0.06179785234788629,2,0.2982734949713754,0.0644883803390329,0.015115428003331868,0.039758517091029164,0.028687357751649517,0.01024679797075367,0.0004327453287770192,5,38,0.08734020903618486,0.2328562137957999,True,False,False,4.6805822702433e-05,COMPLETE
519,0.43083156943321227,2025-04-17 19:16:27.688246,2025-04-17 19:16:38.138999,0 days 00:00:10.450753,0.5696986895014082,0.11654393375170458,2,0.2980696524128618,0.06706457839887796,0.016678519370932177,0.03972316242375578,0.004999065996153817,0.00821369723446734,0.00043109249006064235,5,47,0.08914154116756436,0.23533957450732518,True,False,False,4.762838531411129e-05,COMPLETE
520,0.45264114141464235,2025-04-17 19:16:38.323417,2025-04-17 19:16:48.699126,0 days 00:00:10.375709,0.5377102097499108,0.0672314217435423,2,0.2997257106345033,0.06252424065933565,0.01922623344687253,0.037469563404157864,0.024126299321728658,0.012854061062816538,0.0005735199287761367,5,39,0.08753355489517227,0.23764715310379997,True,False,False,6.627419348255261e-05,COMPLETE
521,0.4385152339935303,2025-04-17 19:16:48.868293,2025-04-17 19:16:59.313533,0 days 00:00:10.445240,0.5111129867621876,0.0530096048560915,2,0.29744605098033405,0.06620886819089086,0.019410292472959823,0.03639204339638006,0.049889250067086645,0.014161829238427164,0.0006526398065046723,5,44,0.08710401320838201,0.24083142936442484,True,False,False,7.338813514740096e-05,COMPLETE
522,0.45699293017387393,2025-04-17 19:16:59.480562,2025-04-17 19:17:09.873003,0 days 00:00:10.392441,0.4975006715837252,0.06326239116238734,2,0.2978168730072528,0.07931057991327552,0.08154495350341738,0.03871436126529575,0.023201898919447513,0.01753428667027037,0.0005180370118694047,5,40,0.08660522059319166,0.23578828667585106,True,False,False,6.10424572478273e-05,COMPLETE
523,0.4538071632385254,2025-04-17 19:17:10.048716,2025-04-17 19:17:20.557343,0 days 00:00:10.508627,0.5066541667762426,0.02337678440844737,2,0.2996661447514377,0.055976479805918855,0.016017185235156235,0.03827961603557863,0.02423165106575431,0.011213953483173696,0.001261589035820568,5,40,0.08669376721876401,0.24052441523275,True,False,False,8.530958496092614e-05,COMPLETE
524,0.41191439032554633,2025-04-17 19:17:20.723226,2025-04-17 19:17:31.202326,0 days 00:00:10.479100,0.48512335413292473,0.010141370678498757,2,0.2976591781443077,0.06002463775546697,0.017390138805342174,0.0380278391177003,0.023208192633282138,0.011535917182456475,0.0011165474242726984,5,47,0.0865195187681482,0.24562715149111258,True,False,False,8.335070364338261e-05,COMPLETE
525,0.39291864037513735,2025-04-17 19:17:31.381991,2025-04-17 19:17:41.838914,0 days 00:00:10.456923,0.45941210109164343,0.025447770375589013,2,0.29996180143734325,0.07151559568525116,0.01572938290455158,0.03471926573628162,0.024210424780961415,0.012682776967514393,0.0017754562806392956,5,43,0.08591865270729367,0.23818660699206629,True,False,False,0.00010735039799495978,COMPLETE
526,0.3035676121711731,2025-04-17 19:17:42.004020,2025-04-17 19:17:52.472607,0 days 00:00:10.468587,0.5451558638532499,0.032988589848185625,2,0.2957609932469247,0.06351217133366674,0.019095975899045554,0.03762575502536254,0.02172958852163703,0.008826730275973447,0.0012288573745817273,5,52,0.08672696624320732,0.23341172038608787,True,False,False,6.258460338275207e-05,COMPLETE
527,0.10032866597175599,2025-04-17 19:17:52.641469,2025-04-17 19:18:02.748501,0 days 00:00:10.107032,0.5021801295527684,0.0637470132321841,2,0.2997401141223857,0.05502049119743628,0.015398627163995374,0.03950085539888761,0.02542148348086452,0.013750361324945589,0.0016855856507734174,6,42,0.09031144617394332,0.25254995023948484,True,False,True,9.873440754206064e-05,COMPLETE
528,0.1683609962463379,2025-04-17 19:18:02.925431,2025-04-17 19:18:12.476899,0 days 00:00:09.551468,0.5440797450467092,0.043656363512138294,2,0.2936885704618356,0.08499244264346076,0.01742678192280962,0.03310821322394192,0.020657650934690137,0.01138014260125557,0.0014064876815408321,5,39,0.08541310820553809,0.2392925530626379,True,True,False,6.601770106302339e-05,COMPLETE
529,0.3835229992866516,2025-04-17 19:18:12.646045,2025-04-17 19:18:23.706411,0 days 00:00:11.060366,0.5251814250178037,0.010649914132648871,2,0.29467112675547463,0.05573401473616817,0.015024223351244287,0.03549434402831957,0.02773359947720812,0.009851965520217476,0.00076733060556916,6,45,0.08869727091352379,0.23237991888538695,True,False,False,0.00010594203563612751,COMPLETE
530,0.43178948760032654,2025-04-17 19:18:23.884156,2025-04-17 19:18:34.318978,0 days 00:00:10.434822,0.5626610842603303,0.031663973586908666,2,0.2995253955073824,0.06751227975281847,0.01795891757551169,0.04042673688834712,0.02283767470241013,0.018745921588093177,0.0003028684229736753,5,42,0.08722266687626795,0.24797066231377635,True,False,False,7.1780705591636e-05,COMPLETE
531,0.40213645696640016,2025-04-17 19:18:34.488654,2025-04-17 19:18:45.607418,0 days 00:00:11.118764,0.5028743631294313,0.07035554590661679,2,0.2923895233724596,0.07656289108243679,0.013720595685288488,0.03738779401189904,0.019631759197751855,0.007847834875809218,0.002135543130950038,6,49,0.0850572247692822,0.24283926762099137,True,False,False,9.029694229721774e-05,COMPLETE
532,0.45651677250862127,2025-04-17 19:18:45.787762,2025-04-17 19:18:56.900495,0 days 00:00:11.112733,0.4737079328239439,0.049703491064779504,2,0.29960430320988113,0.06093097978413653,0.01484620372268915,0.039907844116102376,0.02406355364934914,0.01607838274595904,0.00036889017058798046,6,40,0.08704715578173268,0.2273384940118219,True,False,False,5.990893527620543e-05,COMPLETE
533,0.4590140581130982,2025-04-17 19:18:57.068949,2025-04-17 19:19:07.456852,0 days 00:00:10.387903,0.5038582426257765,0.8037356545918218,2,0.2990861921700454,0.05155624135931155,0.019174210155023796,0.040501611701443535,0.02596693152651246,0.016181930117833292,0.0003707988697248478,5,41,0.09000816376383247,0.22825265916370255,True,False,False,6.41612329188192e-05,COMPLETE
534,0.32753762006759646,2025-04-17 19:19:07.625275,2025-04-17 19:19:17.983009,0 days 00:00:10.357734,0.4718337640703021,0.0834442558787383,2,0.29834002148409483,0.05875248839011745,0.020899370062631557,0.04035352896446879,0.026141030807977785,0.015939767857078728,0.0005859063774674264,5,46,0.08829925694405841,0.22919073812130863,False,False,False,8.646647346126731e-05,COMPLETE
535,0.4443068504333496,2025-04-17 19:19:18.164095,2025-04-17 19:19:29.227788,0 days 00:00:11.063693,0.4936096981832478,0.9184760039973432,2,0.2987760250456982,0.05337655291887494,0.018512791509764343,0.03649167818410741,0.028222833217874922,0.016441248689011378,0.0004464160029940042,6,43,0.09053976968144914,0.23308696144017887,True,False,False,6.258364716808517e-05,COMPLETE
536,0.436151784658432,2025-04-17 19:19:29.398812,2025-04-17 19:19:40.472496,0 days 00:00:11.073684,0.44046102134690795,0.102935426145365,2,0.29348555027869244,0.05935613291759362,0.019787537806460326,0.04155470171054108,0.025079858667647104,0.016662538327431416,0.0008955976022134451,6,41,0.08916515680014442,0.2376663397907459,True,False,False,7.208841851417392e-05,COMPLETE
537,0.42913505434989935,2025-04-17 19:19:40.655607,2025-04-17 19:19:51.120107,0 days 00:00:10.464500,0.4652969539437266,0.06051974227638904,2,0.29934225991304214,0.07181526707046887,0.017278011006359614,0.03917635477758009,0.02819943120241774,0.020756434992267196,0.00038950000820575783,5,45,0.0905831543019878,0.2344603244991744,True,False,False,5.701694646687126e-05,COMPLETE
538,0.3694759011268616,2025-04-17 19:19:51.293378,2025-04-17 19:20:03.031211,0 days 00:00:11.737833,0.5356468276526005,0.09385859948586103,2,0.2996569718036487,0.05073329444421724,0.015779001746718806,0.03775099892875317,0.024159029762323862,0.014975943977187026,0.0006925572062942464,7,41,0.015234876776597572,0.22507504952935253,True,False,False,8.679029001759197e-05,COMPLETE
539,0.44549010396003724,2025-04-17 19:20:03.203404,2025-04-17 19:20:10.973222,0 days 00:00:07.769818,0.5124037264479003,0.8463612272222804,8,0.2926705911511536,0.06489206132062207,0.020052110873561714,0.04074658366256783,0.0261926789014431,0.01032377044726703,0.0005305198862511105,6,40,0.0904272662804545,0.22755481347165363,True,False,False,5.463452544481279e-05,COMPLETE
540,0.4507594168186188,2025-04-17 19:20:11.156468,2025-04-17 19:20:21.586589,0 days 00:00:10.430121,0.5820486555039852,0.13401648007806838,2,0.2918591906967392,0.054507902070760256,0.08501299208285244,0.04337169954411172,0.028721619666157074,0.013766476553307108,0.00043036534183479294,5,39,0.08740152443299581,0.2400125308012538,True,False,False,4.895220719204904e-05,COMPLETE
541,0.3385274827480317,2025-04-17 19:20:21.760648,2025-04-17 19:20:32.565265,0 days 00:00:10.804617,0.4771780850964166,0.12128169528807214,2,0.29257089800893393,0.05720283159442836,0.08285028440685431,0.04446008315628037,0.03050412870189542,0.01347644360284526,0.00038674715506759446,5,105,0.08806214891147732,0.245957462714149,True,False,False,4.762443199175233e-05,COMPLETE
542,0.4557148396968842,2025-04-17 19:20:32.750589,2025-04-17 19:20:43.195492,0 days 00:00:10.444903,0.5686988842867183,0.1370590229901455,2,0.2934585917573587,0.05209803752473505,0.0856615500150899,0.042264534788028996,0.028804532218365785,0.013328396443526005,0.0004825975105019612,5,38,0.08624659106899771,0.24039204369354938,True,False,False,4.6749642124982746e-05,COMPLETE
543,0.4488455772399903,2025-04-17 19:20:43.370673,2025-04-17 19:20:53.717658,0 days 00:00:10.346985,0.5282977019472355,0.1388026357295302,2,0.2992352659057778,0.051839254124943134,0.02231653538254038,0.04187011385822962,0.028962175034658512,0.014202226172018512,0.00046465790687035127,5,39,0.08724336753947373,0.24156172794051592,True,False,False,7.002176384334865e-05,COMPLETE
544,0.4527337431907654,2025-04-17 19:20:53.905326,2025-04-17 19:21:04.276686,0 days 00:00:10.371360,0.5423077464057507,0.7976827508576901,2,0.29962639636049343,0.051900327545586114,0.08593382584285691,0.04198822730554951,0.02857435598833799,0.015209274920341702,0.000460299931356646,5,38,0.08956622905341158,0.2506749710408029,True,False,False,0.0001079468710167274,COMPLETE
545,0.4584082901477814,2025-04-17 19:21:04.453599,2025-04-17 19:21:14.823711,0 days 00:00:10.370112,0.5285623196855697,0.1470295493763002,2,0.2949229802291596,0.0520606855588528,0.0850641116668225,0.0417626134198773,0.02930241186813467,0.01417649746665121,0.0004468611897065907,5,38,0.0906963211536199,0.25533160410324574,True,False,False,0.00011172401579646933,COMPLETE
546,0.451258385181427,2025-04-17 19:21:14.996228,2025-04-17 19:21:25.407703,0 days 00:00:10.411475,0.5301404743325866,0.7575211421728772,2,0.29877123842244957,0.05205025494420929,0.08600116620220032,0.04143653103653557,0.02958541675404302,0.01452123312787868,0.00041881233557275075,5,38,0.09074066811159127,0.258158133203341,True,False,False,0.00012589440599471345,COMPLETE
547,0.10411167293787003,2025-04-17 19:21:25.590919,2025-04-17 19:21:35.097685,0 days 00:00:09.506766,0.5257130399118373,0.14349481235980618,2,0.29988876118788543,0.0510531433426634,0.08553042868637319,0.04194243133474521,0.02948602022153072,0.014336292509387607,0.0004752820576845815,5,39,0.09152316645031264,0.2599785970179748,True,False,True,0.00011426706557776197,COMPLETE
548,0.44411790966987613,2025-04-17 19:21:35.270332,2025-04-17 19:21:45.651661,0 days 00:00:10.381329,0.5297875969326068,0.7925962677715689,2,0.29885386078557485,0.05223582452455491,0.08466630410469166,0.044824360662382844,0.029537971371168672,0.012450591117735527,0.0004472163992368177,5,43,0.09050615555883762,0.24838676464144246,True,False,False,9.660328226661181e-05,COMPLETE
549,0.18329783380031586,2025-04-17 19:21:45.838531,2025-04-17 19:21:55.321454,0 days 00:00:09.482923,0.552047744982533,0.8121749927353079,2,0.29342802218352165,0.22219319427775291,0.0812639154772286,0.04016276465750796,0.029053480147145757,0.01533750155340347,0.0005463858084887903,5,38,0.09081920394779033,0.25864105587103636,True,True,False,0.00010768702777381141,COMPLETE
550,0.44175741076469427,2025-04-17 19:21:55.496191,2025-04-17 19:22:05.914841,0 days 00:00:10.418650,0.5109536375851256,0.7587731343477213,2,0.29975510136758526,0.05332468736664213,0.08718357353082637,0.04317325176737172,0.027399193151030843,0.011318444454021945,0.0003523722326040652,5,48,0.08980884056718799,0.27277861223265687,True,False,False,0.00010465767198410516,COMPLETE
551,0.45070919394493103,2025-04-17 19:22:06.103629,2025-04-17 19:22:16.551259,0 days 00:00:10.447630,0.49658941206294854,0.12450157585906585,2,0.29991119878025996,0.05042983046874917,0.08571517515387257,0.04141601532585748,0.030597710270297146,0.01883737560720109,0.0004348120260382062,5,39,0.08943077350778869,0.255407851463443,True,False,False,8.225159455498548e-05,COMPLETE
552,0.4503641247749329,2025-04-17 19:22:16.726509,2025-04-17 19:22:27.210281,0 days 00:00:10.483772,0.48902805163910645,0.7164708437463523,2,0.29973853547196166,0.04905303799618038,0.086077066103605,0.04124193787179152,0.03054134663094408,0.02070870895143726,0.0004510540628221258,5,44,0.09029654551518344,0.2673635005190396,True,False,False,0.00012485292400987824,COMPLETE
553,0.4496014952659607,2025-04-17 19:22:27.399613,2025-04-17 19:22:37.920281,0 days 00:00:10.520668,0.4973059360638636,0.743697272032574,2,0.29940054880438416,0.05148873997564822,0.08707740507733581,0.04137928280092753,0.03255207230115089,0.02038214938824917,0.000445249313079095,5,44,0.09069800006584425,0.2625434319847052,True,False,False,8.217007775101734e-05,COMPLETE
554,0.44229884743690495,2025-04-17 19:22:38.098098,2025-04-17 19:22:48.610661,0 days 00:00:10.512563,0.49473469716696006,0.7919148847476468,2,0.2944878506078274,0.055588917524855376,0.08719281937990697,0.04141953334309456,0.03116894925997919,0.019828201299948497,0.0005256245732727901,5,45,0.09190220698614002,0.263858510497196,True,False,False,0.00012805299103792542,COMPLETE
555,0.360943466424942,2025-04-17 19:22:48.787618,2025-04-17 19:22:59.229482,0 days 00:00:10.441864,0.5134747325498806,0.6950681650791098,2,0.29962754708971556,0.050126927245921875,0.08426786389497537,0.044563949394189624,0.03325193078265818,0.017262453050266163,0.0004495967624342263,5,48,0.09036396932626581,0.2651923633119814,False,False,False,0.00012842274540185436,COMPLETE
556,0.44028497338294986,2025-04-17 19:22:59.418935,2025-04-17 19:23:09.865747,0 days 00:00:10.446812,0.5317430248321154,0.7769416295357845,2,0.2996223030085331,0.05642388266906077,0.08587617073597133,0.039692795780107655,0.030263711387442948,0.01870023702502404,0.0005603560955520286,5,46,0.0918917697926613,0.2532263099029056,True,False,False,9.050358804422169e-05,COMPLETE
557,0.44467304348945624,2025-04-17 19:23:10.043566,2025-04-17 19:23:21.165994,0 days 00:00:11.122428,0.4785441740473164,0.7346618645352685,2,0.29347935051396834,0.04932943650025222,0.09146180407949168,0.04158928226048612,0.032503647271903004,0.01550623341404278,0.0004354124595809541,6,43,0.09109261825410002,0.25712934121256154,True,False,False,8.375266191360167e-05,COMPLETE
558,0.44636449813842777,2025-04-17 19:23:21.354669,2025-04-17 19:23:31.842296,0 days 00:00:10.487627,0.4415269301768143,0.7276457032191209,2,0.2996958510501968,0.05779691904489674,0.08276695586849239,0.04315579282895438,0.03004567878421352,0.02168915136175765,0.0005592596541078695,5,51,0.08951644764745678,0.2709271469687436,True,False,False,0.00012753035645061416,COMPLETE
559,0.44603366255760196,2025-04-17 19:23:32.024311,2025-04-17 19:23:43.082963,0 days 00:00:11.058652,0.4914187562613642,0.8274053432019453,2,0.29319855057631283,0.05466653711014073,0.0889870416756688,0.038626032176750064,0.02868610996245953,0.02303714958815913,0.00045587811365895367,6,44,0.08933265927746986,0.2551404016025274,True,False,False,7.553548555481982e-05,COMPLETE
560,0.4479634881019593,2025-04-17 19:23:43.274470,2025-04-17 19:23:53.745725,0 days 00:00:10.471255,0.4160996200371896,0.7704113324028484,2,0.2933461585177263,0.061663382591486876,0.08544628215001912,0.040841878671332855,0.027255891677949205,0.006336649909640916,0.0003985179608861908,5,44,0.09233840453851244,0.262014007907232,True,False,False,9.879351003555202e-05,COMPLETE
561,0.4390894770622254,2025-04-17 19:23:53.924228,2025-04-17 19:24:04.489545,0 days 00:00:10.565317,0.5554639236181974,0.7649914762810603,2,0.2935871706659062,0.2638607364611226,0.08523118547268883,0.04003384152451685,0.026907767137629806,0.006850749628548574,0.0003581110369542791,5,54,0.09212312969063566,0.2683828978426942,True,False,False,0.0001000237686737378,COMPLETE
562,0.4362262606620789,2025-04-17 19:24:04.668345,2025-04-17 19:24:15.737528,0 days 00:00:11.069183,0.39957087055412704,0.7399514222726972,2,0.29330109452247966,0.0494805893602249,0.0863055200194392,0.03659000546013991,0.02905976226484367,0.005332046541839228,0.0006275602735946594,6,50,0.09046317730609386,0.2520867148691224,True,False,False,0.00013553227295263212,COMPLETE
563,0.44407752156257635,2025-04-17 19:24:15.926859,2025-04-17 19:24:26.428031,0 days 00:00:10.501172,0.539661869503859,0.7729014049752468,2,0.2994493079860578,0.06096817888926237,0.08089173231354611,0.044940256637388314,0.03167897933617601,0.013319531980370714,0.0003893214211565767,5,48,0.09200212036936639,0.2655416928518336,True,False,False,9.40958840912641e-05,COMPLETE
564,0.40414805412292487,2025-04-17 19:24:26.606106,2025-04-17 19:24:34.188135,0 days 00:00:07.582029,0.5719531335539617,0.8014059814911061,8,0.2998485553674271,0.048731165995262136,0.07905963043520656,0.04113723602517757,0.034841018664037715,0.016843988166953497,0.00031466436241547565,5,46,0.0891451403934864,0.28372264005952186,True,False,False,0.00011578999857238019,COMPLETE
