number,value,datetime_start,datetime_complete,duration,params_alpha-eval,params_alpha-train,params_batch-size,params_eps-eval,params_eps-train,params_lambda-actions-eval,params_lambda-actions-train,params_lambda-frames-eval,params_lambda-frames-train,params_learning-rate,params_n-epochs,params_n-frames,params_radius-gw,params_rho,params_std-feats,params_ub-actions,params_ub-frames,params_weight-decay,state
793,0.33931255936622623,2025-04-17 20:06:44.019031,2025-04-17 20:06:55.626102,0 days 00:00:11.607071,0.12001096206905615,0.8244112218564601,2,0.2638704360844934,0.29828562588392626,0.08557660789018191,0.04490246847559798,0.047859511876960775,0.013250365419518576,0.0003661531496645977,6,126,0.09792597645903106,0.29168445332328546,True,False,False,2.8967144508139386e-07,COMPLETE
794,0.4590599417686463,2025-04-17 20:06:55.875580,2025-04-17 20:07:06.386494,0 days 00:00:10.510914,0.20134006305968472,0.8525660649272827,2,0.2537702673056216,0.031193711160173575,0.08280246430810045,0.04769942993241604,0.05460869372845261,0.010405276511864306,0.00023692921547731406,5,41,0.09386539076999982,0.27051764194891814,True,False,False,5.044270860031214e-07,COMPLETE
795,0.45610828995704655,2025-04-17 20:07:06.650717,2025-04-17 20:07:17.051609,0 days 00:00:10.400892,0.13443618646806194,0.846514525690392,2,0.24978570676941586,0.0251787231327418,0.08872130747393364,0.04668055402653574,0.05749633529894665,0.010266646908693878,0.0002795351235442394,5,39,0.09108796221157586,0.2662633427439957,True,False,False,1.8536102991719964e-07,COMPLETE
796,0.3942515432834625,2025-04-17 20:07:17.318365,2025-04-17 20:07:27.740729,0 days 00:00:10.422364,0.1558234908514127,0.844057630640539,2,0.24772301252950157,0.018808492935118357,0.08989047809525083,0.04753877134871662,0.05944677912399128,0.010266876007255697,0.00025271932930551357,5,46,0.09235506624787523,0.2675115847298923,True,False,False,2.103854103464556e-07,COMPLETE
797,0.4546365022659302,2025-04-17 20:07:27.992710,2025-04-17 20:07:38.447328,0 days 00:00:10.454618,0.2105864228551937,0.8563983226155689,2,0.24531346406836596,0.02532183838671014,0.08842902283596003,0.046920609154560096,0.052987135855620295,0.009060189347668692,0.00030844486648862125,5,43,0.09076447435379495,0.2651390834412348,True,False,False,2.6411868253432024e-07,COMPLETE
798,0.45532846450805664,2025-04-17 20:07:38.713204,2025-04-17 20:07:49.177355,0 days 00:00:10.464151,0.1931199625913441,0.8181594542771308,2,0.2539034075281086,0.022563507610799508,0.08289600103153194,0.04966318300982517,0.05628085717708288,0.01042392808584913,0.00024638413459312814,5,40,0.0933770234191468,0.27082884256988443,True,False,False,1.7511443365686915e-07,COMPLETE
799,0.39464430809021,2025-04-17 20:07:49.447480,2025-04-17 20:07:57.049170,0 days 00:00:07.601690,0.13343018934945622,0.8417124458519727,8,0.2559938312321232,0.027874851787330585,0.08409003261933345,0.04592047809028683,0.05621425423762741,0.00834290936800179,0.0002223092708075776,5,37,0.09595405226080755,0.2739974691996267,True,False,False,1.8819705549214154e-07,COMPLETE
800,0.42548915743827825,2025-04-17 20:07:57.300918,2025-04-17 20:08:07.726992,0 days 00:00:10.426074,0.13013159037333072,0.8657903005805776,2,0.24657417586380695,0.016753770779356487,0.08816352329105089,0.04881224909430742,0.0586614566892797,0.011526495683211829,0.0002893658123554779,5,42,0.09323161991546587,0.26784146448599716,True,False,False,1.3236171173880698e-07,COMPLETE
801,0.09998780339956284,2025-04-17 20:08:07.993187,2025-04-17 20:08:18.015017,0 days 00:00:10.021830,0.14708067371765984,0.8314730704138709,2,0.25023957560127646,0.02412049127618584,0.08708824608438508,0.04453924067797431,0.05507940551108228,0.009144410356593125,0.000214547240299493,6,34,0.06608877241321863,0.26614583093597977,True,False,True,3.452396236547094e-07,COMPLETE
802,0.4482741415500641,2025-04-17 20:08:18.285835,2025-04-17 20:08:28.711248,0 days 00:00:10.425413,0.18537917460618517,0.880994140390517,2,0.2544604225923109,0.03150556292876767,0.08203936870643566,0.05165570654759658,0.05372159051161314,0.006944353369660149,0.0002887164580241766,5,46,0.09094155952412385,0.2724249356993536,True,False,False,1.6516120994894358e-07,COMPLETE
803,0.09666356295347214,2025-04-17 20:08:28.970547,2025-04-17 20:08:38.925525,0 days 00:00:09.954978,0.1407410080188786,0.8544512171663164,2,0.24743050690942756,0.030724906944398868,0.08427460460198445,0.04719127181587409,0.05582955420568304,0.011165460665330064,0.00026160443232363845,6,31,0.0965561641213352,0.26480210258805986,True,True,False,5.209527349658138e-07,COMPLETE
804,0.4415959179401398,2025-04-17 20:08:39.192184,2025-04-17 20:08:49.664430,0 days 00:00:10.472246,0.24212709511722888,0.8148434154703363,2,0.256745405319365,0.10299177899174763,0.08988748405878269,0.045461175823270056,0.05776873367885866,0.008737281984525763,0.0003370237004124577,5,38,0.05989381896073667,0.2768047765124505,True,False,False,3.137858427058338e-07,COMPLETE
805,0.4179218292236328,2025-04-17 20:08:49.918502,2025-04-17 20:09:00.964820,0 days 00:00:11.046318,0.12209037102868298,0.8403528020520796,2,0.25008041151117155,0.02389507468293741,0.08226259587838236,0.049214056877659555,0.054534049578165295,0.01272657548402757,0.0002044260980958495,6,51,0.06922632408906398,0.27817875916446383,True,False,False,1.0097426373983358e-07,COMPLETE
806,0.44196151494979863,2025-04-17 20:09:01.232199,2025-04-17 20:09:11.739914,0 days 00:00:10.507715,0.07801484379931727,0.8763872864242053,2,0.25910051838771453,0.017386019180869638,0.08576572482179436,0.044214535417058776,0.05109546817908248,0.006528166248764477,0.00024643133107133314,5,40,0.09473207022715821,0.26315386064033286,True,False,False,4.4193013737084586e-07,COMPLETE
807,0.44831025004386904,2025-04-17 20:09:12.007180,2025-04-17 20:09:23.158292,0 days 00:00:11.151112,0.1697320307095165,0.8567392998622945,2,0.2495666649786593,0.03325516392423959,0.08134939669273278,0.04756933245997496,0.05840079175431902,0.010611611685164486,0.0003089235305670104,6,43,0.07049593963067592,0.2720115290006318,True,False,False,2.706823150558623e-07,COMPLETE
808,0.4471703171730042,2025-04-17 20:09:23.414756,2025-04-17 20:09:33.926125,0 days 00:00:10.511369,0.15932910646986734,0.8096489193171557,2,0.26318135920091407,0.025101559668287955,0.08278584242218996,0.05147205993481954,0.06158636475793623,0.013223737265292421,0.00019325626745704446,5,37,0.09263596445619911,0.2806835247013112,True,False,False,4.288437985961213e-07,COMPLETE
809,0.44282066226005556,2025-04-17 20:09:34.191555,2025-04-17 20:09:45.192640,0 days 00:00:11.001085,0.0637536364059071,0.5732512806813778,2,0.25270227939741935,0.031977753514179176,0.07664695936035186,0.05413558254462404,0.05167277864122917,0.00892530340566239,0.00023657329574340482,6,34,0.057152277974624986,0.2846704742014865,True,False,False,2.3590490300091738e-07,COMPLETE
810,0.35832000970840455,2025-04-17 20:09:45.462607,2025-04-17 20:09:55.859504,0 days 00:00:10.396897,0.16679083330367636,0.8973424418006725,2,0.26213430718817166,0.020992784446710783,0.08534313484797769,0.05007144138428733,0.0499127904003152,0.015440384914480772,0.0003750332216378726,5,44,0.09748403267584947,0.2752900907787223,False,False,False,6.38671244867684e-07,COMPLETE
811,0.2917748034000397,2025-04-17 20:09:56.115793,2025-04-17 20:10:08.131041,0 days 00:00:12.015248,0.2141985755802172,0.8310698339364706,2,0.25768124711749146,0.03566160425543554,0.07413411284549072,0.04631859649929934,0.0538588825767894,0.005702554215994743,0.00030405622734199644,7,96,0.09075190053087485,0.26513275302306394,True,False,False,2.857539311061511e-07,COMPLETE
812,0.45613951086997984,2025-04-17 20:10:08.400339,2025-04-17 20:10:19.594389,0 days 00:00:11.194050,0.11006523011107275,0.8679300440175982,2,0.26471945372997024,0.030036130459923274,0.08823204646028304,0.043363589033094625,0.046710880801758566,0.011344289805059412,0.00019352625437294945,6,40,0.09500303165727202,0.2702046723564788,True,False,False,1.5888979639067403e-07,COMPLETE
813,0.44300603270530703,2025-04-17 20:10:19.864998,2025-04-17 20:10:30.302420,0 days 00:00:10.437422,0.12370943445368629,0.8711082245290187,2,0.25586952669709917,0.15763971560649365,0.08940410190955528,0.0433458507147243,0.045655411223234986,0.012249810185950949,0.00017807102958979158,5,36,0.07412107457682936,0.27098803471035543,True,False,False,1.300567796427468e-07,COMPLETE
814,0.36445483565330505,2025-04-17 20:10:30.561342,2025-04-17 20:10:41.591161,0 days 00:00:11.029819,0.09749366756599198,0.8972574014022116,2,0.26519329421782406,0.01809617046704277,0.09192192822239971,0.041521775751979524,0.04925954184000311,0.016973770181584826,0.00014652847660742195,6,41,0.09789036988212974,0.27810809481095333,True,False,False,1.40388145256937e-07,COMPLETE
815,0.4350146532058716,2025-04-17 20:10:41.861204,2025-04-17 20:10:52.289991,0 days 00:00:10.428787,0.1137565025358043,0.8635266500750785,2,0.2446698418043604,0.02642357988566804,0.06928445165323857,0.04347111333087735,0.04448009366891359,0.013837912062524523,0.00017861200428747972,5,47,0.07162415086302969,0.2712546252599216,True,False,False,1.871382425120564e-07,COMPLETE
816,0.457243824005127,2025-04-17 20:10:52.558996,2025-04-17 20:11:03.599351,0 days 00:00:11.040355,0.14414964361186414,0.8812508129943563,2,0.2519954772684071,0.02859794182518349,0.08665918745214052,0.04208547184284984,0.052312882493178885,0.01088607060346261,0.00021491387585954804,6,39,0.09539338907910537,0.2633358266491206,True,False,False,1.7086158414922752e-07,COMPLETE
817,0.43841572999954226,2025-04-17 20:11:03.857706,2025-04-17 20:11:15.545661,0 days 00:00:11.687955,0.14835567593191656,0.8908365868012159,2,0.08222406774068211,0.017469995030098773,0.08749134922243655,0.04069349793294423,0.05315679615256309,0.010896596579752395,0.00021776246088811994,7,32,0.09620393622215896,0.2618165471300239,True,False,False,1.2281941691832126e-07,COMPLETE
818,0.35133579969406126,2025-04-17 20:11:15.814099,2025-04-17 20:11:26.841849,0 days 00:00:11.027750,0.10387978694509131,0.8425331915824699,2,0.2486545097935489,0.011709668406553509,0.08973208222853957,0.042494827012903684,0.05701148427132641,0.00738993448956415,0.0002274927403244437,6,37,0.09864777569953023,0.2655049380279127,True,False,False,1.8640762788601304e-07,COMPLETE
819,0.4527749061584473,2025-04-17 20:11:27.113673,2025-04-17 20:11:37.511779,0 days 00:00:10.398106,0.13187869229914215,0.8557547926093519,2,0.24537310557276618,0.022771606674523968,0.08623505183273071,0.041506651234523934,0.0545138639482514,0.015124705348917591,0.00024992801182338896,5,33,0.09570449662131604,0.26304541757910443,True,False,False,1.151918423789771e-07,COMPLETE
820,0.45478973984718324,2025-04-17 20:11:37.773318,2025-04-17 20:11:48.971765,0 days 00:00:11.198447,0.19511040979468416,0.8759394935772767,2,0.2521547576762189,0.027262284121762036,0.09079483413367698,0.0435515014088209,0.05299860523827661,0.00954500663006688,0.00020434120309334802,6,38,0.09431246907108717,0.2705190591924691,True,False,False,1.465006699438547e-07,COMPLETE
821,0.09234625697135926,2025-04-17 20:11:49.242603,2025-04-17 20:11:56.570469,0 days 00:00:07.327866,0.08423953334138387,0.8471375650665942,8,0.2522465926286187,0.024409040345371266,0.0869704420936308,0.04464984925276328,0.051617817457261565,0.005141604932308328,0.00017035099609991164,7,36,0.09803138639610207,0.27869563276145615,True,False,True,2.3034969255739272e-07,COMPLETE
822,0.09334044754505158,2025-04-17 20:11:56.839878,2025-04-17 20:12:06.333930,0 days 00:00:09.494052,0.06433773825359086,0.8860171612326551,2,0.2567435662946724,0.029580881343230208,0.0648405682497834,0.04153789998718761,0.05533905268536135,0.06277038301514651,0.00026670557869951176,5,39,0.09652923559196819,0.2862288480419565,True,True,False,1.8775039537703197e-07,COMPLETE
823,0.29718415737152104,2025-04-17 20:12:06.610493,2025-04-17 20:12:18.960307,0 days 00:00:12.349814,0.19822282319816437,0.9040882474174856,2,0.24204940566860791,0.015182981974041058,0.08880469264531096,0.04145728778767443,0.049845703406200606,0.0073149504036642415,0.00022808361689422973,8,43,0.09418195111039147,0.27120150423308736,True,False,False,1.016268584707148e-07,COMPLETE
824,0.4487231731414795,2025-04-17 20:12:19.221404,2025-04-17 20:12:30.229836,0 days 00:00:11.008432,0.14565697211640885,0.8247119740082153,2,0.2604585406922421,0.029779940462376645,0.0876440284905719,0.04532503882209772,0.05119770176950809,0.012178831379397962,0.00019973922604999051,6,34,0.09963412866145682,0.28414195675973575,True,False,False,1.5389678925498275e-07,COMPLETE
825,0.09234625697135926,2025-04-17 20:12:30.505540,2025-04-17 20:12:40.986123,0 days 00:00:10.480583,0.17070967944528687,0.8618037418079139,2,0.25145377375802014,0.02153674769042306,0.08589719731330521,0.04423457789311842,0.05776692395442561,0.010188288252564914,0.00014742559529941544,5,90,0.09322556920323481,0.2630673000560161,True,False,False,8.883883043292616e-08,COMPLETE
826,0.4453198611736298,2025-04-17 20:12:41.263076,2025-04-17 20:12:52.300194,0 days 00:00:11.037118,0.1295285606154087,0.8430573705091947,2,0.2619931724525282,0.030464023151412938,0.09147677596228887,0.04094913499709037,0.04385611963671833,0.014076982275290122,0.0003591030220886155,6,40,0.09562631110806208,0.27386806117552254,True,False,False,1.8560870330802995e-07,COMPLETE
827,0.39092950820922856,2025-04-17 20:12:52.563012,2025-04-17 20:13:08.403624,0 days 00:00:15.840612,0.15081697468228128,0.81096706339108,2,0.25873743919736425,0.032184092330768424,0.08841734050405751,0.043142660706860333,0.048758890509722944,0.00807711835761106,0.00026656593419735887,14,31,0.06270686552656657,0.27977518756836856,False,False,False,2.3299060069551234e-07,COMPLETE
828,0.40950407385826115,2025-04-17 20:13:08.681775,2025-04-17 20:13:19.140621,0 days 00:00:10.458846,0.09238595670450414,0.8744189408405288,2,0.2434867433995988,0.015691082950824883,0.08473603079786636,0.04566733708823577,0.04683704706859988,0.016921781101347323,0.00020375997727833633,5,44,0.09083913715038444,0.2678522714189448,True,False,False,3.317454217168636e-07,COMPLETE
829,0.39067045450210575,2025-04-17 20:13:19.419752,2025-04-17 20:13:30.476875,0 days 00:00:11.057123,0.11749261023683623,0.8372039967865874,2,0.06069833976030331,0.02440630015062107,0.08422108034878703,0.04596697468448545,0.05265806950693204,0.004937064660534452,1.3357042354160348e-05,6,38,0.09708140459631921,0.2607358736827209,True,False,False,1.1897358123241433e-07,COMPLETE
830,0.4437152266502381,2025-04-17 20:13:30.743856,2025-04-17 20:13:42.371993,0 days 00:00:11.628137,0.10922625059131388,0.9104976722825365,2,0.26624052682347343,0.03486772473751586,0.08845112621627355,0.05948648187982648,0.060493240673509543,0.01072747936110031,0.0003072401435014167,7,42,0.09296731299478982,0.2841351775151644,True,False,False,1.7187063169597135e-07,COMPLETE
831,0.41984841823577884,2025-04-17 20:13:42.649284,2025-04-17 20:13:59.523481,0 days 00:00:16.874197,0.17189536678317294,0.8576155345350426,2,0.2544220060292099,0.025856794855529157,0.08388782900000066,0.04325307113031961,0.05490953926394435,0.006434819677288216,0.00024327748808234214,15,46,0.09526946409862239,0.27634345004919114,True,False,False,2.301880805232366e-07,COMPLETE
832,0.4446690917015076,2025-04-17 20:13:59.802543,2025-04-17 20:14:10.318584,0 days 00:00:10.516041,0.14078632059339102,0.8822149046568698,2,0.26427352724153635,0.03404396604058361,0.08658669860547019,0.040908691764260874,0.05082907152576145,0.012543116991909211,0.00017069416127770057,5,35,0.09811450346037584,0.2887271604824513,True,False,False,3.284827016210068e-07,COMPLETE
833,0.4488257110118866,2025-04-17 20:14:10.580294,2025-04-17 20:14:21.581432,0 days 00:00:11.001138,0.2539162423489477,0.8186725301127528,2,0.24881161353722447,0.022134768980280946,0.08092437027105043,0.04953315115066911,0.04476089361258866,0.009145706155013691,0.0003466977366203131,6,39,0.09996865428233807,0.268493838974154,True,False,False,4.860651466971953e-07,COMPLETE
834,0.42631993889808656,2025-04-17 20:14:21.857377,2025-04-17 20:14:32.329989,0 days 00:00:10.472612,0.15370966156487242,0.8324533384430844,2,0.257530538770849,0.12349764297335619,0.08362653628334812,0.04641001713701934,0.046438609680498524,0.014171241701462006,0.00014199051498062793,5,29,0.0926023124051603,0.2598969296466108,True,False,False,1.5927006602533338e-07,COMPLETE
835,0.4489600360393525,2025-04-17 20:14:32.608317,2025-04-17 20:14:43.759633,0 days 00:00:11.151316,0.12633620799623085,0.8572038182556331,2,0.2664709984299557,0.029933805934142115,0.08570205651604636,0.044551703648928874,0.04192303827639634,0.004267907772978792,0.0002090215107919491,6,49,0.09052269608970696,0.2801018677620921,True,False,False,3.971125681288836e-07,COMPLETE
836,0.34919393658638004,2025-04-17 20:14:44.025225,2025-04-17 20:14:55.678093,0 days 00:00:11.652868,0.18303249059563295,0.8942615375698894,2,0.25784562228596214,0.013912082316203554,0.08066599097676277,0.048182353607749,0.049700404720032475,0.0070156953064666305,0.00027665755558334813,7,36,0.09468659080256245,0.28929804087068356,True,False,False,2.936184591910272e-07,COMPLETE
837,0.45289229154586796,2025-04-17 20:14:55.954473,2025-04-17 20:15:06.494645,0 days 00:00:10.540172,0.1043581789172768,0.8199099094844766,2,0.26362704058761927,0.034761137835070496,0.08215510207002838,0.04292909638839643,0.044554894278500394,0.010621177422665126,0.00037680064200479107,5,41,0.09649524146616256,0.28265822762155685,True,False,False,2.4704839815670236e-07,COMPLETE
838,0.4176011741161347,2025-04-17 20:15:06.777067,2025-04-17 20:15:17.820771,0 days 00:00:11.043704,0.16610605691453625,0.8608299326599157,2,0.23990087794336662,0.02055922353597911,0.09120815863495124,0.05196182237307145,0.04738480373499172,0.008640452752699066,0.00024239428528194775,6,44,0.09367944549178862,0.2753518223771006,True,False,False,2.1111810244869998e-07,COMPLETE
839,0.0931580275297165,2025-04-17 20:15:18.086581,2025-04-17 20:15:27.542130,0 days 00:00:09.455549,0.0782403777011303,0.6105254891482734,2,0.25206723076146664,0.2534192568591531,0.08705486755729289,0.04664511093166476,0.052849009529090746,0.012122577201629754,1.0010151548239589e-05,5,39,0.09067941722508313,0.26735559917432716,True,False,True,3.467901265135437e-07,COMPLETE
840,0.4470057249069214,2025-04-17 20:15:27.817755,2025-04-17 20:15:39.386900,0 days 00:00:11.569145,0.22378312754201485,0.8407563332145147,2,0.2669550473380105,0.03788750811053125,0.08337880931819044,0.05330083357793247,0.05657792346107034,0.015038603008775598,0.00018619721550789276,7,33,0.09535299593643017,0.2589979714066659,True,False,False,1.6476041778087232e-07,COMPLETE
841,0.09333059787750245,2025-04-17 20:15:39.666230,2025-04-17 20:15:46.765713,0 days 00:00:07.099483,0.14376311674694384,0.798421030180054,8,0.26875430388624566,0.02727223127205807,0.08099818389798435,0.04951038746119897,0.04296973866790865,0.006414418660506438,0.0002779569854754901,6,37,0.09246339798746059,0.2939020353982033,True,True,False,1.1667850421025928e-07,COMPLETE
842,0.4497481465339661,2025-04-17 20:15:47.044844,2025-04-17 20:15:57.663352,0 days 00:00:10.618508,0.12550017595470592,0.8796297278626561,2,0.24564171186073444,0.0301265032224928,0.07947052239429109,0.040562107886755856,0.0404571396663887,0.010541128454226154,0.0002254876699206442,5,42,0.09792031772105948,0.2894308958104243,True,False,False,6.147333546220536e-07,COMPLETE
843,0.4530942797660828,2025-04-17 20:15:57.930426,2025-04-17 20:16:09.005536,0 days 00:00:11.075110,0.1424030385328938,0.908015637052821,2,0.2619726900657908,0.038350934338024466,0.08502318875146013,0.04505364023802743,0.04972999850636474,0.003728331877291221,0.00016645387469335852,6,46,0.09435358700227495,0.29985499283939404,True,False,False,4.6769396438957344e-07,COMPLETE
844,0.4462999284267426,2025-04-17 20:16:09.284647,2025-04-17 20:16:19.656191,0 days 00:00:10.371544,0.11716600418660963,0.8446877715748357,2,0.2559703651661858,0.0194114243101684,0.08989378156176522,0.04777030666321289,0.04540351749717652,0.017119597362886776,0.0003116698206433474,5,35,0.0964989092213808,0.27611175683268163,True,False,False,2.848922209969246e-07,COMPLETE
845,0.45669745802879336,2025-04-17 20:16:19.936624,2025-04-17 20:16:31.051309,0 days 00:00:11.114685,0.16271104557736538,0.8083626610692591,2,0.2699322252815321,0.03530488418280281,0.07203401806027668,0.0425853851555609,0.0484658382434316,0.013304908048097993,0.00019707563674750637,6,40,0.09043002218309859,0.2707389540634012,True,False,False,8.016392716579368e-08,COMPLETE
846,0.39214795231819155,2025-04-17 20:16:31.320324,2025-04-17 20:16:42.842145,0 days 00:00:11.521821,0.1693498605311684,0.8185022362535482,2,0.2490795263523172,0.025958824837261217,0.0725369894914798,0.042050482792663435,0.04836735007213008,0.013814388189195888,0.00013918183018148068,7,31,0.0900887177258907,0.26703121963843723,False,False,False,1.0626185342797012e-07,COMPLETE
847,0.44464945793151855,2025-04-17 20:16:43.123464,2025-04-17 20:16:53.620060,0 days 00:00:10.496596,0.18569355130137266,0.807944024867562,2,0.25927110217226584,0.18662694909321276,0.07766453642378975,0.04211596128355918,0.04682490278078055,0.014758090908185407,0.0003500220495522069,5,37,0.09026334204527998,0.26270893549358165,True,False,False,5.065778096315274e-08,COMPLETE
848,0.45080448985099797,2025-04-17 20:16:53.904310,2025-04-17 20:17:04.981133,0 days 00:00:11.076823,0.19494691842070447,0.8044249366640845,2,0.26542749206531396,0.03262272049487884,0.0738345329056405,0.04327390753882012,0.0429400734623461,0.017467983029703815,0.0002505061496885708,6,39,0.09125681777590765,0.2694901402234893,True,False,False,6.657761128352668e-08,COMPLETE
849,0.44912320971488956,2025-04-17 20:17:05.252334,2025-04-17 20:17:15.642952,0 days 00:00:10.390618,0.14779699413182928,0.795627330372759,2,0.19370894418635162,0.02633837710182953,0.07477398667102524,0.04060075776363375,0.045357312088550684,0.012493101691269824,0.0002119442503150003,5,34,0.09992926339177156,0.2585716148014368,True,False,False,2.1913776406196335e-07,COMPLETE
