number,value,datetime_start,datetime_complete,duration,params_alpha-eval,params_alpha-train,params_batch-size,params_eps-eval,params_eps-train,params_lambda-actions-eval,params_lambda-actions-train,params_lambda-frames-eval,params_lambda-frames-train,params_learning-rate,params_n-epochs,params_n-frames,params_radius-gw,params_rho,params_std-feats,params_ub-actions,params_ub-frames,params_weight-decay,state
341,0.2581393659114838,2025-04-10 20:58:26.299764,2025-04-10 20:58:32.942233,0 days 00:00:06.642469,0.3117685353263659,0.14887678793192538,16,0.0744719921474792,0.03700725534374908,0.09998575988296526,0.07779355112999721,0.07873411858791182,0.050869697739645905,3.842964793574289e-05,6,35,0.07152667103365294,0.02950199253705134,True,True,False,3.6492161290914877e-07,COMPLETE
342,0.3020667552947998,2025-04-10 20:58:33.049299,2025-04-10 20:58:39.840966,0 days 00:00:06.791667,0.3651928974070681,0.17965939468604947,8,0.04416718280785632,0.019725280667398634,0.09322072331858132,0.07595359168278816,0.09030058139579003,0.03467390314325227,8.491095907510297e-05,5,39,0.07817448758552627,0.043696603010059516,True,True,False,1.97019288939088e-07,COMPLETE
343,0.36179744601249697,2025-04-10 20:58:39.949807,2025-04-10 20:58:46.689762,0 days 00:00:06.739955,0.34084518905359645,0.06802642278073062,16,0.05668813475015806,0.04146821736996432,0.09607977433941453,0.08236956062435641,0.08134474879475438,0.056212857798586605,6.198733719943976e-05,7,27,0.07348708282677323,0.038907474723736735,True,True,False,2.6887660029332567e-07,COMPLETE
344,0.4101523220539093,2025-04-10 20:58:46.797854,2025-04-10 20:58:53.481417,0 days 00:00:06.683563,0.2871474983291555,0.13202731615246804,16,0.037631646450331485,0.031726606021607054,0.09796132382632917,0.07960665388961477,0.08469445102440094,0.05920564536267748,7.295519393776734e-05,6,46,0.06874949406659235,0.22108787717552525,True,True,False,1.2738231604009185e-07,COMPLETE
345,0.37837118506431583,2025-04-10 20:58:53.599198,2025-04-10 20:59:00.530939,0 days 00:00:06.931741,0.25488883564353665,0.20738474614635605,16,0.031775281567403155,0.010585072548370284,0.09405794850481795,0.07162046010920704,0.09245826835836045,0.06658184423034116,0.0001382344086691824,6,117,0.06473327722389863,0.1954987106331555,True,True,False,5.502170176753687e-07,COMPLETE
346,0.37936602234840394,2025-04-10 20:59:00.639274,2025-04-10 20:59:07.253453,0 days 00:00:06.614179,0.38798977268298673,0.11287204512634047,16,0.06633881115253706,0.026418120809713307,0.09689060452870979,0.06659660424373788,0.08679975982272574,0.03813744265833941,4.5867746608386456e-05,5,42,0.07533734045154343,0.04835623621029378,True,True,False,1.3490653059766703e-08,COMPLETE
347,0.27371180653572086,2025-04-10 20:59:07.362011,2025-04-10 20:59:14.175867,0 days 00:00:06.813856,0.32476563653545676,0.15612740769375874,16,0.05304963085014785,0.04641645907444032,0.09536013351409449,0.07378867696860018,0.08939144063387228,0.05292331109027314,8.698854137965447e-05,7,52,0.07083329615669792,0.061733966412525695,True,True,False,3.333192693817094e-07,COMPLETE
348,0.40118763446807865,2025-04-10 20:59:14.285506,2025-04-10 20:59:20.927835,0 days 00:00:06.642329,0.3080558343166721,0.18295245345413297,16,0.042697448039438896,0.05572656926985267,0.0981567484038378,0.07736247359575418,0.07999820657617943,0.03182724629101402,5.9896086221947026e-05,6,37,0.08112553750982135,0.05353696484132407,True,True,False,4.454832936672977e-07,COMPLETE
349,0.20937714576721192,2025-04-10 20:59:21.047552,2025-04-10 20:59:27.815369,0 days 00:00:06.767817,0.35952552873118315,0.1493922117488153,16,0.06011869853600262,0.03252254219522941,0.09204207661779677,0.07525292007161817,0.08304723898372675,0.061917217588163674,0.00010527927695152965,8,40,0.06713278725099575,0.034931322993720336,False,False,True,2.0989685958173567e-07,COMPLETE
350,0.36498547792434693,2025-04-10 20:59:27.925021,2025-04-10 20:59:34.708963,0 days 00:00:06.783942,0.4146521990401975,0.12779307045920424,16,0.045754422982740746,0.01996836934754478,0.0966277735513824,0.07119224758637765,0.09220812323896893,0.06444875150418282,6.941008756086531e-05,7,44,0.07266217802292357,0.04373105933085009,True,True,False,5.591525478115931e-08,COMPLETE
351,0.2282560467720032,2025-04-10 20:59:34.821517,2025-04-10 20:59:43.705771,0 days 00:00:08.884254,0.33375659447952283,0.17272203417073434,16,0.05115597198021542,0.0399189023395162,0.09994280246980361,0.06893925000895905,0.09570039430330358,0.07161383006289238,0.002564017414487264,30,33,0.07725199761444512,0.02877412165170378,True,True,False,1.5498083315141468e-08,COMPLETE
352,0.18999513387680056,2025-04-10 20:59:43.818251,2025-04-10 20:59:50.383889,0 days 00:00:06.565638,0.37455813942082244,0.08297046045279484,16,0.0372806521274353,0.025417298984823828,0.094720938390597,0.0818922225915505,0.08584867602818272,0.024806703342353666,0.0015120872942621182,5,48,0.07422272498740219,0.049294487234309986,True,True,False,2.437789983696978e-07,COMPLETE
353,0.23748090863227844,2025-04-10 20:59:50.504306,2025-04-10 20:59:56.692046,0 days 00:00:06.187740,0.34986904751169645,0.20551946950934358,16,0.03116199224757677,0.11926969861848277,0.002763714132882178,0.07879083701705238,0.08811255707318069,0.02901406561874016,5.208543806153356e-05,6,5,0.06944019375195365,0.03841368516589824,True,True,False,1.585320827299336e-07,COMPLETE
354,0.13228484988212585,2025-04-10 20:59:56.800943,2025-04-10 21:00:03.431548,0 days 00:00:06.630605,0.29585594047087216,0.11294824096044172,16,0.09014529927215897,0.013572491864703693,0.09817210933515481,0.07646408977338694,0.09049884735505367,0.05456863954426825,3.821391428393831e-05,6,41,0.0717636186854126,0.05868369223755264,True,True,False,2.208153082413627e-08,COMPLETE
355,0.32461336851119993,2025-04-10 21:00:03.541735,2025-04-10 21:00:12.102970,0 days 00:00:08.561235,0.31731445106633527,0.18426776897274316,16,0.07191086465752491,0.0338412169732461,0.09023470994553287,0.08475786817672053,0.0816103006368074,0.05753861086790528,9.252545516817617e-05,26,37,0.06245841125384438,0.04470491081896555,True,True,False,3.052557024071307e-08,COMPLETE
356,0.42419188618659975,2025-04-10 21:00:12.214613,2025-04-10 21:00:19.050694,0 days 00:00:06.836081,0.3387393154691164,0.1575174067414929,16,0.054044038564286564,0.028817597933721923,0.09322575019033594,0.0731671674057934,0.08528274716051636,0.014807479206011415,7.039677298509432e-05,7,45,0.06565827811331935,0.034150812840551284,True,True,False,3.193079333438445e-07,COMPLETE
357,0.12110811769962311,2025-04-10 21:00:19.171921,2025-04-10 21:00:25.819751,0 days 00:00:06.647830,0.4006386957576632,0.23381261498068104,16,0.2822283527290873,0.04040040645515411,0.09641644098555557,0.06445765674196985,0.07446191170187093,0.05171763289680848,5.704403328019351e-05,5,42,0.07579720919153218,0.023464529811301593,True,True,False,1.9312600947866256e-07,COMPLETE
358,0.42023639082908637,2025-04-10 21:00:25.931878,2025-04-10 21:00:32.597854,0 days 00:00:06.665976,0.37871376228107434,0.1358397788557401,16,0.045396388042279405,0.020728573318243484,0.09818179310719707,0.07957634971431907,0.0833912173968741,0.044380938051391434,4.599556483109788e-05,6,48,0.06836244867610837,0.051511334186781735,True,True,False,1.832195297576687e-08,COMPLETE
359,0.26770074367523194,2025-04-10 21:00:32.710683,2025-04-10 21:00:43.054913,0 days 00:00:10.344230,0.2776853369126135,0.15389750818335698,2,0.06330522661518978,0.0003580923896825891,0.09498537334924197,0.07008459055502675,0.09385535815739998,0.06028329756626656,7.607069508672099e-05,7,39,0.07868694844681118,0.13408620411522587,True,True,False,4.085709192069028e-07,COMPLETE
360,0.3097354829311371,2025-04-10 21:00:43.178295,2025-04-10 21:00:49.860701,0 days 00:00:06.682406,0.35940704441277616,0.09558039637064154,16,0.03973138246105972,0.04989657817040574,0.09816037103806802,0.07484872393289313,0.08770723677111823,0.05630768226097316,0.00010694375936966899,5,86,0.07297583336837632,0.04094978690834586,True,True,False,1.3119857667529719e-08,COMPLETE
361,0.26601551771163945,2025-04-10 21:00:49.974533,2025-04-10 21:00:58.843397,0 days 00:00:08.868864,0.31017230208327456,0.05615756901623119,16,0.04940661607667787,0.015424064135847943,0.09155441152483733,0.08090081421621813,0.09093690451974618,0.027482250650478494,5.686695433321025e-05,29,44,0.07044704588590148,0.03077733603502049,True,True,False,2.5692523223269e-07,COMPLETE
362,0.22512636780738832,2025-04-10 21:00:58.958643,2025-04-10 21:01:05.790074,0 days 00:00:06.831431,0.32991362807436364,0.18006539032304575,16,0.056257928905611834,0.035474806581832205,0.0967756351527911,0.06735516094236381,0.0795941534859744,0.0050996818212780265,0.00012626260149653152,8,35,0.06740057211782793,0.01428699107378312,True,True,False,6.204736908145561e-07,COMPLETE
363,0.3711327791213989,2025-04-10 21:01:05.903254,2025-04-10 21:01:12.610930,0 days 00:00:06.707676,0.35019299474822485,0.2142731335732911,16,0.03566418788026757,0.025096305334296652,0.09488982945646128,0.0775938522411096,0.07704101012020755,0.039932521235533536,8.718337428327612e-05,6,80,0.07579073598012837,0.055876796238202256,True,True,False,2.877608878478882e-07,COMPLETE
364,0.11219238191843034,2025-04-10 21:01:12.736803,2025-04-10 21:01:19.665434,0 days 00:00:06.928631,0.7497302071013539,0.2578704649697277,8,0.04196806127708455,0.04434212256030501,0.09849078264567405,0.0832343077677727,0.08918486097689685,0.04931431354390072,0.00016748135173009685,6,41,0.07319917850289137,0.047502145205641555,True,True,False,1.0532201445058502e-07,COMPLETE
365,0.36379362940788273,2025-04-10 21:01:19.779590,2025-04-10 21:01:26.533278,0 days 00:00:06.753688,0.3897180101032267,0.13457415561720953,16,0.06869667959483311,0.0066894375790323354,0.09976978014499228,0.07339704050481297,0.08411545484116704,0.06334523895309069,3.503106911043706e-05,7,46,0.0699201466304212,0.06639481911690527,True,True,False,3.852207531699787e-07,COMPLETE
366,0.35747025012969974,2025-04-10 21:01:26.647308,2025-04-10 21:01:33.333941,0 days 00:00:06.686633,0.30187013363791965,0.843364765822451,16,0.029578503035420204,0.031126956085122514,0.09311898382133567,0.07612601461695466,0.0864668760146712,0.054506726307572445,4.5544890191427567e-05,5,37,0.04147117695525056,0.038090353385193045,True,True,False,1.3986560732487382e-07,COMPLETE
367,0.38752089142799384,2025-04-10 21:01:33.448853,2025-04-10 21:01:40.194201,0 days 00:00:06.745348,0.3701559083574172,0.16674646657941203,16,0.061586135649942336,0.038097336010207414,0.09634530915114285,0.07177929071256478,0.09247022452658772,0.0587815538880785,6.322666476555671e-05,7,51,0.06502278302333842,0.04260283890190574,True,True,False,8.564515549651987e-07,COMPLETE
368,0.24716519117355348,2025-04-10 21:01:40.321348,2025-04-10 21:01:47.225413,0 days 00:00:06.904065,0.2639742922827698,0.19816469011824364,16,0.04815757522787724,0.020111787349665834,0.08889173485841535,0.08636995164925249,0.08177519834773694,0.06148613487988122,7.729283010222858e-05,6,43,0.07188699046270777,0.059883326314754765,False,False,False,2.1754300119390748e-07,COMPLETE
369,0.0960385650396347,2025-04-10 21:01:47.340449,2025-04-10 21:01:53.850730,0 days 00:00:06.510281,0.32720134455270716,0.11942704447622511,16,0.053478213904860614,0.027541266625929307,0.09452476635503072,0.0806295257662497,0.08895785116089115,0.03624611671785662,5.2591939948233286e-05,5,39,0.06902556890939524,0.05163731352459213,True,True,True,1.2556744162887856e-08,COMPLETE
370,0.3190724432468414,2025-04-10 21:01:53.966206,2025-04-10 21:02:00.606102,0 days 00:00:06.639896,0.3522727353407019,0.14915572596877852,16,0.077434694725699,0.016115755515278503,0.09803220452547035,0.07838963901436037,0.09563608794508249,0.052254015916727146,6.428448533722783e-05,6,34,0.07666052264125417,0.035149161035173376,True,True,False,2.3769961739038157e-08,COMPLETE
371,0.37495771646499637,2025-04-10 21:02:00.733878,2025-04-10 21:02:07.562448,0 days 00:00:06.828570,0.28467337291804745,0.1796394061419896,16,0.04029957900847492,0.03279676749897164,0.09643186591274425,0.06891383021769786,0.08677098977387979,0.06813142505034021,4.165776122636816e-05,8,29,0.05602587847181734,0.04561410872530391,True,True,False,1.7458715639421656e-07,COMPLETE
372,0.11859759986400606,2025-04-10 21:02:07.680230,2025-04-10 21:02:14.421555,0 days 00:00:06.741325,0.31244964949477194,0.1093155904371771,16,0.0984268661413073,0.15385532321961,0.09975084902122135,0.07417572114821243,0.09769481112776411,0.033595944293322216,0.00010109566364711134,7,48,0.0745992545830695,0.02177573579454607,True,True,False,1.6124483145533473e-08,COMPLETE
373,0.18154146671295168,2025-04-10 21:02:14.537786,2025-04-10 21:02:21.200673,0 days 00:00:06.662887,0.41713396596666785,0.16300170755911877,16,0.02264844003282003,0.0464788653734296,0.0477143882760073,0.05173655940875178,0.09134987989767632,0.04684323948556264,7.466730378521508e-05,6,44,0.06693883387998656,0.028696458456655468,True,True,False,4.944451799136852e-07,COMPLETE
374,0.3333587646484375,2025-04-10 21:02:21.316819,2025-04-10 21:02:27.900579,0 days 00:00:06.583760,0.33702880709555116,0.1371556576098958,16,0.05878481627529108,0.02343371185929699,0.09287145741372818,0.06281482392352028,0.08374979298175372,0.0659180923009394,5.045306306646753e-05,5,40,0.05175502320084831,0.04126941003197791,True,True,False,3.2478851759180763e-07,COMPLETE
375,0.24152281284332278,2025-04-10 21:02:28.028958,2025-04-10 21:02:34.720010,0 days 00:00:06.691052,0.3840209212091861,0.03801179969877099,16,0.04512436709917574,0.011391223488569718,0.09996871431380279,0.07622312614317941,0.07812990939736421,0.05514232397215787,0.007119252616238951,6,46,0.07116825272898371,0.055621880875579496,True,True,False,2.2785628063537702e-07,COMPLETE
376,0.3905514419078827,2025-04-10 21:02:34.836257,2025-04-10 21:02:41.638518,0 days 00:00:06.802261,0.3715806135088562,0.08663957669956922,16,0.0336639582886529,0.04284233775892114,0.09610591366319893,0.0658337479060382,0.0935577445291789,0.0579099625927133,6.3734918595286e-05,7,37,0.08016425058368924,0.04808968362060401,True,True,False,2.731547002989137e-07,COMPLETE
377,0.3917133390903473,2025-04-10 21:02:41.756838,2025-04-10 21:02:48.364179,0 days 00:00:06.607341,0.34465063306079813,0.19293602669219254,16,0.051301246391348636,0.0358294250284269,0.09431682998373637,0.08400413945174391,0.08040501587055214,0.04993627463236052,8.940181514998284e-05,5,42,0.0731359882232347,0.035996524754811125,True,True,False,3.754524957578744e-08,COMPLETE
378,0.4160759210586548,2025-04-10 21:02:48.481567,2025-04-10 21:02:55.155794,0 days 00:00:06.674227,0.32170003717931117,0.22653484205830243,16,0.03862464644012871,0.056177994503602446,0.09739949019183974,0.07121746424802798,0.08960019020107299,0.059635973290764956,5.3422004871648025e-05,6,40,0.06370212455978314,0.06640834557091191,True,True,False,1.0054071827031301e-08,COMPLETE
379,0.34438573718070986,2025-04-10 21:02:55.285476,2025-04-10 21:03:02.012666,0 days 00:00:06.727190,0.2942372262570768,0.15848336148910028,16,0.06844180455782088,0.027504278277866213,0.09836771739374223,0.07867112245670031,0.08589678272708555,0.042774496087548,0.00011914698243327564,6,32,0.06934413698815851,0.04236528968892516,True,True,False,8.127341369400278e-08,COMPLETE
380,0.3030698895454407,2025-04-10 21:03:02.130353,2025-04-10 21:03:08.898127,0 days 00:00:06.767774,0.3600782136170091,0.13367267032086122,16,0.04656120065916549,0.020938092666591974,0.09097420074204243,0.0822259757022155,0.014742658969510568,0.0291010018338321,7.237122287720865e-05,7,44,0.07484155296493812,0.028247508176380415,True,True,False,4.1313891077508086e-07,COMPLETE
381,0.18441424667835238,2025-04-10 21:03:09.016373,2025-04-10 21:03:18.219605,0 days 00:00:09.203232,0.39692072130158684,0.20340957502798274,2,0.059121044205264636,0.03918825962200635,0.09545081889960345,0.04826743372060751,0.08247275508408647,0.05308520853040684,4.076168212895078e-05,5,48,0.07804806693155475,0.05163400489107069,True,True,False,1.9752208286263272e-07,COMPLETE
382,0.4160748064517975,2025-04-10 21:03:18.349806,2025-04-10 21:03:24.991579,0 days 00:00:06.641773,0.3306316975850981,0.18067819019394848,16,0.02817982954296729,0.030532376589331424,0.09729159723857894,0.07278069705035779,0.08727798085337193,0.05673040253215882,8.590628898957504e-05,6,38,0.07175393178556631,0.03716370869555967,True,True,False,1.7465327489008382e-08,COMPLETE
383,0.16240084171295166,2025-04-10 21:03:25.110711,2025-04-10 21:03:31.800952,0 days 00:00:06.690241,0.30714599840959167,0.10436051260893126,16,0.08397613999931515,0.049589475957534185,0.09996861631177921,0.07550230904289901,0.08496406597126836,0.06307480027952608,3.335196235461568e-05,7,42,0.06757387758330367,0.058399478030058266,True,True,False,1.5118245089873322e-07,COMPLETE
384,0.12855949103832245,2025-04-10 21:03:31.922395,2025-04-10 21:03:38.877590,0 days 00:00:06.955195,0.36148864023958516,0.14562033580923484,16,0.1336660973845356,0.023307677178911322,0.0925685195642381,0.06983528280150973,0.08993401943372585,0.02398019980187641,6.244159334075897e-05,8,52,0.07039390920919811,0.04544475291209558,True,True,False,3.3623477028751245e-07,COMPLETE
385,0.357636833190918,2025-04-10 21:03:39.009910,2025-04-10 21:03:45.559627,0 days 00:00:06.549717,0.267572606638475,0.12620605522515765,16,0.05494317185953249,0.008994245761781861,0.09473576453117237,0.07953160660591829,0.0917139507645111,0.054619730626876715,4.82574903993823e-05,5,35,0.07434562456723015,0.03265293197514507,True,True,False,2.539632963133548e-07,COMPLETE
386,0.4207610547542572,2025-04-10 21:03:45.680480,2025-04-10 21:03:52.424434,0 days 00:00:06.743954,0.34256333119695953,0.06754703886483765,16,0.04398231223881717,0.036447789731427434,0.09768625817262612,0.07750784791921911,0.08373183817397786,0.05094502633300699,7.747583351320166e-05,6,45,0.06609249886106724,0.05244365253689393,True,True,False,1.2863192482627304e-08,COMPLETE
387,0.1981102287769318,2025-04-10 21:03:52.546312,2025-04-10 21:03:59.495603,0 days 00:00:06.949291,0.4065263446718741,0.16401852954374732,8,0.033817218542210675,0.02981691534516362,0.03110110343835215,0.06739272269976883,0.08889569664343641,0.06076566886965672,0.00010238106149536729,7,42,0.05923257710323612,0.27190646703655996,False,True,False,2.175030890283611e-08,COMPLETE
388,0.24609219431877138,2025-04-10 21:03:59.616859,2025-04-10 21:04:06.269340,0 days 00:00:06.652481,0.5972803492840333,0.21659753997517361,16,0.06251381452026208,0.016515425888070045,0.09613532950064028,0.07439510481751896,0.07224444330407309,0.03814631923987348,5.7963941635312164e-05,6,39,0.07631953851177421,0.04126879313141812,True,False,True,1.261008904031598e-07,COMPLETE
389,0.355773138999939,2025-04-10 21:04:06.401712,2025-04-10 21:04:12.976651,0 days 00:00:06.574939,0.3203488546724559,0.18573687413117115,16,0.05101846731450973,0.024743768510373455,0.0940619582553808,0.08218325730911193,0.08093241352692626,0.05774512922605693,6.760183563037877e-05,5,47,0.061174318037489045,0.019130187252479877,True,True,False,6.476511806837467e-07,COMPLETE
390,0.2852704763412476,2025-04-10 21:04:13.099583,2025-04-10 21:04:19.833147,0 days 00:00:06.733564,0.38066209801627193,0.1487489861597884,16,0.039022721841554836,0.0432031607156606,0.09807811547472925,0.07193281351046292,0.08781526355141471,0.030579600750637013,0.00014150758626191052,7,36,0.04481291783497571,0.048123462379460524,True,True,False,2.885303430852708e-07,COMPLETE
391,0.40332731008529665,2025-04-10 21:04:19.955313,2025-04-10 21:04:26.837182,0 days 00:00:06.881869,0.24739118765970886,0.11158005145867178,16,0.04716842152637355,0.03348352497470555,0.09996617091323945,0.08778902422230918,0.09470019534901064,0.04082715090067491,4.684849760980806e-05,8,41,0.07246180842272096,0.032668650397244536,True,True,False,1.7786857014459802e-07,COMPLETE
392,0.32029010653495793,2025-04-10 21:04:26.970883,2025-04-10 21:04:33.683617,0 days 00:00:06.712734,0.28507413370942375,0.16963612445610196,16,0.06570874855327036,0.018180323624645868,0.08843198138431632,0.08019878033300323,0.07864161013290008,0.05259254098821596,3.8718695214525485e-05,6,50,0.06821720575253458,0.060297334100382134,True,True,False,1.1175569331053318e-06,COMPLETE
393,0.3491862297058106,2025-04-10 21:04:33.806337,2025-04-10 21:04:40.413923,0 days 00:00:06.607586,0.3464115767276604,0.013771949598230172,16,0.016624623321663763,0.03960505673136404,0.09139179101302991,0.07630912331430988,0.0762743192815879,0.0263590206505248,8.880713272435999e-05,5,44,0.0698075258542427,0.03855054052184224,True,True,False,2.9457086448502034e-08,COMPLETE
394,0.30726319551467896,2025-04-10 21:04:40.539865,2025-04-10 21:04:47.174062,0 days 00:00:06.634197,0.30688710981122186,0.0901416465056534,16,0.07461737414579292,0.030629112555035542,0.09681997258499316,0.08453373210957564,0.0854157962213159,0.056171192032872526,5.653093151646129e-05,6,39,0.08286504019659292,0.04551709478281594,True,True,False,4.4029218991179056e-07,COMPLETE
395,0.3344562351703644,2025-04-10 21:04:47.297651,2025-04-10 21:04:54.039241,0 days 00:00:06.741590,0.37059511592722516,0.2464132019871462,16,0.05625271296220021,0.00957200024145458,0.09350977393465981,0.07347162483197421,0.09304847225124653,0.061981200354091465,7.277534831188267e-05,7,33,0.07886427127103084,0.05362047457417459,True,True,False,2.2748019267168975e-07,COMPLETE
396,0.3431431889533997,2025-04-10 21:04:54.173170,2025-04-10 21:05:00.634004,0 days 00:00:06.460834,0.33052052350446604,0.1966616575810746,16,0.024783954921786637,0.024329004979429168,0.0953986962003426,0.06986393337460504,0.09075905885206347,0.06545568008704207,0.00011629560459566925,5,14,0.07368292242086372,0.16403033344072104,True,True,False,3.3328794295130137e-07,COMPLETE
397,0.38914427757263187,2025-04-10 21:05:00.760627,2025-04-10 21:05:07.530140,0 days 00:00:06.769513,0.5350660912385747,0.13564444420422944,16,0.041299458417255006,0.05329748301497917,0.09796146574797344,0.07813212434996657,0.08195437571956818,0.059489951180170905,4.901167052284238e-05,6,45,0.06475419388121696,0.024826551079360354,True,True,False,1.2765577095516793e-08,COMPLETE
