number,value,datetime_start,datetime_complete,duration,params_alpha-eval,params_alpha-train,params_batch-size,params_eps-eval,params_eps-train,params_lambda-actions-eval,params_lambda-actions-train,params_lambda-frames-eval,params_lambda-frames-train,params_learning-rate,params_n-epochs,params_n-frames,params_radius-gw,params_rho,params_std-feats,params_ub-actions,params_ub-frames,params_weight-decay,state
907,0.44532536864280703,2025-04-17 20:27:57.727177,2025-04-17 20:28:08.156635,0 days 00:00:10.429458,0.20674277685747222,0.795681539646846,2,0.27570424348513844,0.02555419020041459,0.07681311512214983,0.04492283125357265,0.024375258182585575,0.015925231211336013,0.0004488632317605559,5,45,0.0894460850311764,0.294623565365496,True,False,False,3.775870753615187e-07,COMPLETE
908,0.37296380996704104,2025-04-17 20:28:08.458706,2025-04-17 20:28:18.959338,0 days 00:00:10.500632,0.18461306796556842,0.764022792334598,2,0.2781881192714933,0.019669119083391452,0.07915434082894691,0.05144425372663585,0.021634685210909495,0.014016677942801457,0.0003588619013062918,5,51,0.09177504513121236,0.29996163649250607,True,False,False,2.550242112046623e-07,COMPLETE
909,0.45530230402946475,2025-04-17 20:28:19.260110,2025-04-17 20:28:29.770631,0 days 00:00:10.510521,0.22559794926676174,0.7881086407116219,2,0.28653357392516227,0.02894434010487968,0.08034235237832202,0.04123792381530551,0.05259457208123626,0.01896223566155072,0.0003064538851255069,5,48,0.09179578359042126,0.24616059844167068,True,False,False,0.00027197560077538716,COMPLETE
910,0.09234625697135926,2025-04-17 20:28:30.072298,2025-04-17 20:28:40.385960,0 days 00:00:10.313662,0.24417072303321458,0.8167975222984404,2,0.11056978608401116,0.012746817006902524,0.08615365441738593,0.0474467135143221,0.022159620489323656,0.01664272418871329,0.0004174986146363668,5,43,0.09594228393027984,0.2547680364192086,True,False,False,2.141361229047392e-07,COMPLETE
911,0.447705751657486,2025-04-17 20:28:40.671570,2025-04-17 20:28:51.125721,0 days 00:00:10.454151,0.2133532529007928,0.815514509128716,2,0.273635740922147,0.02811094964861792,0.07342993563427659,0.04418684773702121,0.024397515412594845,0.01470665289390605,0.0003369926805115636,5,43,0.08911524118593826,0.2643439817237529,True,False,False,5.075671416135366e-07,COMPLETE
912,0.42666091918945315,2025-04-17 20:28:51.427575,2025-04-17 20:29:01.896181,0 days 00:00:10.468606,0.2034942365127213,0.9234157775997106,2,0.2718069263921801,0.02033874077143505,0.07729612560757627,0.0494404167190847,0.022501247342164448,0.013159635596735832,0.034225939411855415,5,41,0.09359373338064109,0.28806866909674916,True,False,False,3.448983131418893e-07,COMPLETE
913,0.45231164097785953,2025-04-17 20:29:02.201457,2025-04-17 20:29:12.737943,0 days 00:00:10.536486,0.19091974153097696,0.7796733907869947,2,0.27910667115011967,0.20078161120288135,0.08327079364222703,0.03995911502729916,0.02193771476567247,0.021675068445342817,0.0002933505004655865,5,45,0.09744757508796836,0.24318666595872507,True,False,False,2.4733728427622733e-07,COMPLETE
914,0.4529456198215485,2025-04-17 20:29:13.041694,2025-04-17 20:29:24.026200,0 days 00:00:10.984506,0.15737863111733832,0.8607115747429126,2,0.2873808346876637,0.030512687507870728,0.0799532623896164,0.0464099186465089,0.02426049712208878,0.018315545003081298,0.00021663377565154975,6,38,0.09136175423663165,0.2793832613908929,True,False,False,8.600887310507647e-05,COMPLETE
915,0.4507206976413727,2025-04-17 20:29:24.315095,2025-04-17 20:29:34.699593,0 days 00:00:10.384498,0.17545358704344546,0.8065200452738622,2,0.2755963393114037,0.024200690893128197,0.07542731384451044,0.044663390372312074,0.053590288809261005,0.012491338563496152,0.0003937624074820436,5,41,0.09476571580882566,0.2600468427012119,True,False,False,1.905829911483989e-07,COMPLETE
916,0.0933510422706604,2025-04-17 20:29:34.999795,2025-04-17 20:29:45.146419,0 days 00:00:10.146624,0.13528224049681525,0.8313604928455369,2,0.28324521756239135,0.03224274609287932,0.08472038854656283,0.041913926824908854,0.051034472073982234,0.014491817798294431,0.0004794949160471851,6,48,0.08925933147303414,0.2507222331258808,True,False,True,6.271560003436835e-07,COMPLETE
917,0.4133979618549347,2025-04-17 20:29:45.450209,2025-04-17 20:29:55.843088,0 days 00:00:10.392879,0.19067480425268002,0.855115246151468,2,0.2724801878195591,0.016722598829425825,0.08216536108190162,0.05263799833012748,0.022585845567967965,0.011238994781354197,0.0001685227323488908,5,35,0.09214360399839294,0.2842091992833256,True,False,False,0.00024330010410050237,COMPLETE
918,0.09316690862178803,2025-04-17 20:29:56.149070,2025-04-17 20:30:06.094032,0 days 00:00:09.944962,0.16408422293815922,0.8752130754102008,2,0.2809856219473935,0.03759103762435778,0.07800824563983684,0.038545332324131806,0.0536749330494718,0.01572359765241506,0.0002863445670660582,6,38,0.09811616423643821,0.29452512300573036,True,True,False,4.415965791709629e-07,COMPLETE
919,0.4440544962882996,2025-04-17 20:30:06.387399,2025-04-17 20:30:16.848665,0 days 00:00:10.461266,0.41080610875565615,0.7897446645788871,2,0.2699441409459108,0.02631087975163793,0.0862081553363171,0.04750326059961777,0.020709021083514686,0.011675544771111674,0.0002115386685357469,5,43,0.09620085449694055,0.274338084733536,True,False,False,3.184567558761678e-07,COMPLETE
920,0.37764077186584477,2025-04-17 20:30:17.160380,2025-04-17 20:30:28.209567,0 days 00:00:11.049187,0.13917359882576286,0.8407360157906231,2,0.28886173883402255,0.008483175903605186,0.08085995493467533,0.05096486340573743,0.048704246796673165,0.013856781595291313,0.00033579388033909684,6,32,0.09336763835876673,0.2672004578850371,True,False,False,7.756678377059173e-05,COMPLETE
921,0.4580463707447052,2025-04-17 20:30:28.515958,2025-04-17 20:30:38.955338,0 days 00:00:10.439380,0.3798604088583437,0.9463254181752094,2,0.27731277600136184,0.032907344576613776,0.0789620571575251,0.04348071755366685,0.04677364552367757,0.009506129803003194,0.00025228946149611167,5,40,0.047390470082933664,0.25484949410903823,True,False,False,0.00020299520929849466,COMPLETE
922,0.4011951327323914,2025-04-17 20:30:39.263059,2025-04-17 20:30:50.738164,0 days 00:00:11.475105,0.35018553253614815,0.9749410491183801,2,0.278452370378705,0.03637030855349839,0.07557138212030044,0.04809826555849195,0.04545601618231611,0.009322208485165082,0.00018450737328637407,7,37,0.09988059664783552,0.25488942381072704,False,False,False,0.00027125766038766475,COMPLETE
923,0.44771275520324705,2025-04-17 20:30:51.027943,2025-04-17 20:31:02.034044,0 days 00:00:11.006101,0.38260458007983794,0.9567748270274453,2,0.2836985577741188,0.03415980157111378,0.07685980424077818,0.045358434937516304,0.046208788524711025,0.008827629423700346,0.00013335767969156493,6,35,0.04567993297936549,0.24484694259391537,True,False,False,0.00020014752019775097,COMPLETE
924,0.45213401317596436,2025-04-17 20:31:02.339542,2025-04-17 20:31:12.718470,0 days 00:00:10.378928,0.3643722038009976,0.9059318163957842,2,0.2751878964946727,0.04196477064091622,0.07910462808422478,0.04959269707731673,0.04417041325504078,0.00983363638398536,0.00021837038284871135,5,39,0.09690364613547574,0.2516265866875826,True,False,False,0.00035541186688129215,COMPLETE
925,0.4390386819839478,2025-04-17 20:31:13.025864,2025-04-17 20:31:24.020939,0 days 00:00:10.995075,0.3895682629557418,0.9655878851489026,2,0.2892838547200686,0.03701145386107567,0.07774928980011189,0.04401310093581082,0.04694016677593899,0.020338855191315022,0.0001610021944711099,6,28,0.04654481726330583,0.25832499276314874,True,False,False,0.00022236983755611698,COMPLETE
926,0.41255800127983094,2025-04-17 20:31:24.326760,2025-04-17 20:31:31.834263,0 days 00:00:07.507503,0.2664379932230738,0.9753501145618712,8,0.2759525393683959,0.03140017710780236,0.07354269179683011,0.04642737859966835,0.04430202807292712,0.0076109375207790726,0.0002538191157228652,5,33,0.051065867462021054,0.24117109392123048,True,False,False,0.00029826802707743076,COMPLETE
927,0.44502171874046326,2025-04-17 20:31:32.123168,2025-04-17 20:31:43.830552,0 days 00:00:11.707384,0.40324596245658506,0.9288954617618882,2,0.282780231539072,0.040899841027127896,0.07904086780905822,0.041546415139339404,0.049236145724950935,0.001057564153497362,0.00020923688066752443,7,41,0.04784041355291906,0.24727828500912874,True,False,False,0.00019081451985334023,COMPLETE
928,0.45446258783340454,2025-04-17 20:31:44.137446,2025-04-17 20:31:55.251943,0 days 00:00:11.114497,0.3297077121846338,0.9156131053532626,2,0.2688725065357722,0.029980967843193984,0.08137355352402639,0.04827101650781824,0.047597171463468674,0.01671029279319151,0.00024359987525119064,6,46,0.047157026727545986,0.2556737042537212,True,False,False,0.0001755940432066985,COMPLETE
929,0.4465680122375489,2025-04-17 20:31:55.562614,2025-04-17 20:32:05.989148,0 days 00:00:10.426534,0.3743624695380138,0.7583634184387764,2,0.2778263440042366,0.04911045397001042,0.0796332772044094,0.05044517748658339,0.03597414150888905,0.010744593865674102,0.00018230909917641588,5,37,0.04981923866227512,0.2616977011930056,True,False,False,0.0004181155586909556,COMPLETE
930,0.45279855728149415,2025-04-17 20:32:06.297708,2025-04-17 20:32:17.303610,0 days 00:00:11.005902,0.43509137282076826,0.8034373914943637,2,0.288148746053155,0.035125390586365546,0.07575739488087341,0.045823277465827504,0.045210192192022894,0.0053363453221245425,0.0002629117775509681,6,42,0.04877199460047942,0.2483223726921825,True,False,False,0.00026579025757862365,COMPLETE
931,0.45517857074737555,2025-04-17 20:32:17.595150,2025-04-17 20:32:28.127310,0 days 00:00:10.532160,0.39313620456947834,0.9214099300663865,2,0.2709791607779882,0.04178868697617386,0.08084658525152892,0.04333887704652566,0.03928828529039207,0.013653036647941808,0.00015554331404821559,5,39,0.05211654060545898,0.24091894443405565,True,False,False,0.00014567125911916782,COMPLETE
932,0.45416116118431094,2025-04-17 20:32:28.436847,2025-04-17 20:32:40.075719,0 days 00:00:11.638872,0.35116054263262025,0.9440152029310506,2,0.2826130673889664,0.0293709265503731,0.0781137301013124,0.05451604774101155,0.023279672404559693,0.008043348358832407,0.0002114027303550382,7,44,0.0434506031588313,0.2537632338295233,True,False,False,0.00012181546793597632,COMPLETE
933,0.44038909673690796,2025-04-17 20:32:40.387850,2025-04-17 20:32:51.446350,0 days 00:00:11.058500,0.23370297113096072,0.9588979647698497,2,0.27392645080997435,0.03693973606797278,0.0817816925184472,0.039663273531781354,0.043513148769510325,0.012217283429464786,0.0002783816884194149,6,34,0.0958624754431817,0.26017109278194106,True,False,False,0.00022423325477186689,COMPLETE
934,0.45004038214683534,2025-04-17 20:32:51.755525,2025-04-17 20:33:02.132897,0 days 00:00:10.377372,0.4196568935526215,0.9418516413916268,2,0.26962631899709844,0.048046778608723695,0.08325067768517494,0.04695722494830158,0.04143690268811502,0.010181127028152739,0.00019178423284733575,5,37,0.04827175419617597,0.24861696669408154,True,False,False,0.0001539506580312369,COMPLETE
935,0.10091143995523454,2025-04-17 20:33:02.454572,2025-04-17 20:33:12.468839,0 days 00:00:10.014267,0.3695070334177639,0.7816219262520834,2,0.2874182878713884,0.02822258464820214,0.07938269042447045,0.04461139751186367,0.04704486621971049,0.015713889325966623,0.00023275134465801706,6,31,0.09813152923039449,0.26444586049375074,True,False,True,0.00033321062354267877,COMPLETE
936,0.09638783037662506,2025-04-17 20:33:12.768014,2025-04-17 20:33:22.190997,0 days 00:00:09.422983,0.3112314850657319,0.9324245871009917,2,0.2813210568196113,0.039396202887194254,0.07614967013006907,0.05152256281502145,0.049054335064324446,0.00671654396545872,0.00014607313913714078,5,40,0.09476185569416344,0.24003864238878922,True,True,False,0.00019140789406313027,COMPLETE
937,0.44168047904968266,2025-04-17 20:33:22.498907,2025-04-17 20:33:33.693306,0 days 00:00:11.194399,0.44264234361930627,0.8159868210525967,2,0.2893543751484691,0.03155219794293203,0.07204215051992958,0.048981606064662876,0.045958439472247085,0.01849705529514267,0.0002938503251790865,6,49,0.0540007972909088,0.2543798283571458,True,False,False,0.0005775924252576438,COMPLETE
938,0.4582348883152009,2025-04-17 20:33:34.002650,2025-04-17 20:33:44.440218,0 days 00:00:10.437568,0.39034906748563364,0.8215666639754886,2,0.27745925982565145,0.04455599972669869,0.08317645448357436,0.04127530955198272,0.050216488134314397,0.004608114805147418,0.00022486746286726683,5,45,0.048725953667628726,0.2622886643392241,True,False,False,0.00010405211188596737,COMPLETE
939,0.4174553036689759,2025-04-17 20:33:44.752053,2025-04-17 20:33:55.205684,0 days 00:00:10.453631,0.38683794008475664,0.8166990052442996,2,0.27498002358702345,0.03603538989036056,0.0826285214287153,0.042465949946168674,0.051254366738163186,0.003191780505309898,0.00017242811555114547,5,52,0.04577229217055015,0.26313449951333945,True,False,False,0.00010985191737834548,COMPLETE
940,0.3588096499443054,2025-04-17 20:33:55.502513,2025-04-17 20:34:06.016434,0 days 00:00:10.513921,0.4052208428212254,0.7982688413764795,2,0.2666276847903641,0.02350994213424394,0.08360722502508576,0.04566154588842035,0.05125856406674916,0.004613876054370839,0.00021069415898531508,5,54,0.044168464829010906,0.25903707909941415,True,False,False,0.00012299557699942018,COMPLETE
941,0.307651436328888,2025-04-17 20:34:06.325940,2025-04-17 20:34:16.665445,0 days 00:00:10.339505,0.36102396066796716,0.8266559148261422,2,0.278045213844443,0.04095813909381074,0.08101114632700278,0.04363678311784407,0.049065584277355544,0.004617072705623325,0.00017833749733162194,5,57,0.04949545944799716,0.26916448836207846,False,False,False,0.0001583866937364131,COMPLETE
942,0.4135292887687683,2025-04-17 20:34:16.976029,2025-04-17 20:34:27.388188,0 days 00:00:10.412159,0.3412422124638088,0.741606923880278,2,0.2691296255632372,0.03380701820236405,0.08400816389921022,0.04716248963353984,0.04974663204148905,0.0026978234052204876,0.000128951326847228,5,47,0.048038946967929146,0.2647754919008005,True,False,False,9.056140218735459e-05,COMPLETE
943,0.45926825404167176,2025-04-17 20:34:27.697977,2025-04-17 20:34:38.178291,0 days 00:00:10.480314,0.38076288800880986,0.7725349910047331,2,0.2733386704331322,0.026878770640961967,0.077967559762564,0.0487072218882147,0.04820828870709229,0.005779193426191006,0.0002203959369762937,5,45,0.05063442740115781,0.2557516085149712,True,False,False,0.00011558940996142724,COMPLETE
944,0.3456984639167786,2025-04-17 20:34:38.493107,2025-04-17 20:34:49.052042,0 days 00:00:10.558935,0.3837639830217255,0.7807556715934882,2,0.27737072868433027,0.020984795450497036,0.07475010291374687,0.05315551169589454,0.0501436434325337,0.007603266938215598,0.0002395288489946534,5,52,0.04228901395898491,0.2551349325559372,True,False,False,9.833822752958355e-05,COMPLETE
945,0.3839113116264343,2025-04-17 20:34:49.349699,2025-04-17 20:34:59.840518,0 days 00:00:10.490819,0.3421664832214637,0.7686283345858758,2,0.2818998757551371,0.024283427993062767,0.07805255784173017,0.05043772967426893,0.04824303556231733,0.006052479994495355,0.00024216042532235066,5,50,0.04941359752987376,0.2587996376567202,True,False,False,0.000127668982226586,COMPLETE
946,0.3521571040153504,2025-04-17 20:35:00.156569,2025-04-17 20:35:10.671790,0 days 00:00:10.515221,0.35763824070415323,0.7843500890358373,2,0.27029033800712815,0.043187552906495744,0.07708121357154683,0.05188006493937866,0.05145393589487139,0.007841617990680994,0.00021189831394172472,5,61,0.04665700114938097,0.2526995632171733,True,False,False,9.40547090353176e-05,COMPLETE
947,0.38507940173149113,2025-04-17 20:35:10.985371,2025-04-17 20:35:18.588806,0 days 00:00:07.603435,0.36804874976898905,0.7971346389755336,8,0.27505485304146504,0.028627707607271156,0.07405232770542668,0.04857977301813464,0.048184759233281,0.009302941423956488,0.0002691268037776539,5,48,0.04629220118256296,0.25047280084454737,True,False,False,0.00011365776504503149,COMPLETE
948,0.4042326211929322,2025-04-17 20:35:18.901847,2025-04-17 20:35:29.326242,0 days 00:00:10.424395,0.38741485927433295,0.757157592767132,2,0.2814073031698088,0.017834497964208135,0.07932104296632639,0.04932167588967197,0.052160113015633065,0.006203226276877624,0.00022198295840054332,5,46,0.049553269323396806,0.25953917083598527,True,False,False,7.77214772821444e-05,COMPLETE
949,0.4374182522296906,2025-04-17 20:35:29.627401,2025-04-17 20:35:40.073959,0 days 00:00:10.446558,0.38568657830984093,0.8095051485570459,2,0.27366741104499814,0.036494999161686074,0.0771947802180833,0.04147089013703606,0.050003822184218207,0.008456716896915791,0.00027228635641072727,5,49,0.04483162863105672,0.24680663398516667,True,False,False,0.00011802400933311132,COMPLETE
950,0.45138127207756046,2025-04-17 20:35:40.389432,2025-04-17 20:35:50.854402,0 days 00:00:10.464970,0.3260393968412458,0.7688867416862312,2,0.27922330948146357,0.045609719292766894,0.07915034526344443,0.044595980646167085,0.04679836787391851,0.009701359408955107,0.0001930104090444538,5,45,0.06006858157315221,0.2544464682947414,True,False,False,0.00015723061769444465,COMPLETE
951,0.45642659068107605,2025-04-17 20:35:51.171279,2025-04-17 20:36:01.611254,0 days 00:00:10.439975,0.35588457980279486,0.9481200619494786,2,0.27301246322026795,0.026301117612076746,0.08019350750947857,0.05060869477030007,0.052380422567337576,0.005386353864960249,0.00029316761477914675,5,46,0.056188696678186545,0.2624774684759806,True,False,False,9.063431262746401e-05,COMPLETE
952,0.45340867042541505,2025-04-17 20:36:01.926845,2025-04-17 20:36:12.374297,0 days 00:00:10.447452,0.369802870126337,0.8041332231908761,2,0.28311459750726464,0.035020432912161455,0.07538646743168946,0.05310577409879552,0.047897597777855974,0.011148965250213121,0.0002427541589674923,5,44,0.05039996564419573,0.2653149630223657,True,False,False,5.894739491528032e-08,COMPLETE
953,0.43596678376197817,2025-04-17 20:36:12.690485,2025-04-17 20:36:23.751530,0 days 00:00:11.061045,0.40185701830423737,0.7889074449998383,2,0.27762810936343424,0.040698823260702996,0.0774482982315987,0.04660663630859867,0.050389146115153834,0.008195345883924822,0.00019799968906112316,6,49,0.052112234791276524,0.24833967122771405,True,False,False,0.00012429003452505303,COMPLETE
954,0.4372832536697388,2025-04-17 20:36:24.056918,2025-04-17 20:36:34.534391,0 days 00:00:10.477473,0.376030827605466,0.8198646337047443,2,0.2657402463754266,0.031009677601334808,0.08121037936040187,0.0483270560095936,0.038585493568887894,0.006043018426156108,0.00275925658841515,5,44,0.06723640298637303,0.2578820859936896,True,False,False,0.0001289584092975071,COMPLETE
955,0.16098102927207947,2025-04-17 20:36:34.848236,2025-04-17 20:36:44.909674,0 days 00:00:10.061438,0.27919971036813607,0.8273369083830092,2,0.28427476183819983,0.01519098619350115,0.07252550954714099,0.04246430902926831,0.044632600183764165,0.01024044128809697,0.0002335710731782704,6,43,0.04971873619784272,0.26693285966054,True,True,False,9.517775597494428e-05,COMPLETE
956,0.10048174858093262,2025-04-17 20:36:45.225490,2025-04-17 20:36:54.709074,0 days 00:00:09.483584,0.4068482559053102,0.7945889554708863,2,0.2717149759268366,0.022953681844771662,0.07877214233891006,0.044808701336574844,0.04287745763167727,0.0075337495985458615,0.0003075249002442108,5,46,0.06336033060636005,0.2504486740953305,True,False,True,7.738915056778717e-05,COMPLETE
957,0.4489165186882019,2025-04-17 20:36:55.024953,2025-04-17 20:37:06.126388,0 days 00:00:11.101435,0.33786333087008463,0.7410670797903726,2,0.277612187453645,0.04830001823485928,0.07609218413114259,0.055233126937751,0.047296750383366656,0.004380541739051185,0.0001555101161842181,6,43,0.04781566854999575,0.2440894256496678,True,False,False,0.00014217862471776476,COMPLETE
958,0.4471047163009644,2025-04-17 20:37:06.441725,2025-04-17 20:37:16.893747,0 days 00:00:10.452022,0.36247037143623967,0.8349537102175171,2,0.26886307312082514,0.038706812170305145,0.0812548874185181,0.03820055235764538,0.035604195235231895,0.012029406793257615,0.0001981548256983021,5,42,0.05126079381770328,0.25367453490054886,True,False,False,0.00018442424942288288,COMPLETE
959,0.439745032787323,2025-04-17 20:37:17.196269,2025-04-17 20:37:28.370361,0 days 00:00:11.174092,0.30794133837658677,0.7695971541579524,2,0.2858261129797835,0.030028288317996976,0.07046268869658547,0.04135262975546927,0.04926514537021242,0.009523463258679922,0.0002487079562985237,6,48,0.046996791197200384,0.2609444334086009,True,False,False,5.639872079739635e-07,COMPLETE
960,0.3162735164165497,2025-04-17 20:37:28.686569,2025-04-17 20:37:39.108006,0 days 00:00:10.421437,0.39279460124983917,0.807605696809206,2,0.273948730401533,0.04368373726469123,0.07996221735869687,0.0492956189361408,0.04042263480727147,0.011720089120599924,0.00030890243772707524,5,45,0.04455489847254509,0.27013787596911215,False,False,False,9.788246910062668e-05,COMPLETE
961,0.4361223340034485,2025-04-17 20:37:39.424396,2025-04-17 20:37:50.459161,0 days 00:00:11.034765,0.3775731436459134,0.8900644412470075,2,0.280860112778414,0.025016577720120236,0.08221501933461725,0.04616049389509921,0.045203904389843556,0.0073067562824306225,0.00022053349522327704,6,42,0.048502702435044114,0.2572355679233081,True,False,False,0.00015234396806089532,COMPLETE
962,0.4437473595142365,2025-04-17 20:37:50.778839,2025-04-17 20:38:01.119077,0 days 00:00:10.340238,0.41515063707240674,0.8400946010701894,2,0.26538784412565913,0.03377274875089057,0.07442830501190179,0.043872920304406836,0.0526154882462338,0.013253082588284873,0.00016137084436995745,5,38,0.05190207028361737,0.24288090315129723,True,False,False,4.279367008052388e-07,COMPLETE
963,0.44580077528953554,2025-04-17 20:38:01.439577,2025-04-17 20:38:12.657870,0 days 00:00:11.218293,0.34752929868281207,0.9846797504127438,2,0.2855177801247177,0.04803128266524454,0.07776476803279629,0.047703253612363127,0.04186193308176446,0.004888306329569671,0.0002702332593190807,6,51,0.07090292316207825,0.2638355536540213,True,False,False,0.00010709747394233866,COMPLETE
