number,value,datetime_start,datetime_complete,duration,params_alpha-eval,params_alpha-train,params_batch-size,params_eps-eval,params_eps-train,params_lambda-actions-eval,params_lambda-actions-train,params_lambda-frames-eval,params_lambda-frames-train,params_learning-rate,params_n-epochs,params_n-frames,params_radius-gw,params_rho,params_std-feats,params_ub-actions,params_ub-frames,params_weight-decay,state
0,0.2145089387893677,2025-04-10 20:14:44.618447,2025-04-10 20:14:52.348810,0 days 00:00:07.730363,0.7979262291238862,0.6386871657627876,8,0.08660203134294686,0.1707219888233145,0.018944739828145516,0.04304523042810805,0.052806793406690845,0.05934316741987702,0.0007234628213048602,13,17,0.08804664743322786,0.10133949618678786,False,True,False,0.000692888523760674,COMPLETE
1,0.09234625697135926,2025-04-10 20:14:52.353033,2025-04-10 20:15:01.591755,0 days 00:00:09.238722,0.5227143706312375,0.6217035130403944,16,0.08805022671353813,0.19987279279570805,0.09652343916145022,0.09286544405059087,0.037017542526011735,0.09932135536913574,0.08573261798748402,27,102,0.022789854387583384,0.1816022446260771,True,True,False,0.00011671772495037726,COMPLETE
2,0.14216013848781586,2025-04-10 20:15:01.595647,2025-04-10 20:15:11.456333,0 days 00:00:09.860686,0.7685064464792533,0.9901499684174189,8,0.2949376974286694,0.03135328209187699,0.08296359976905923,0.08242993992884842,0.095773364253927,0.039300082913394783,0.0022132824594663014,28,19,0.08835441926241279,0.2930356171319201,False,True,False,0.0009066110963586162,COMPLETE
3,0.19121807515621186,2025-04-10 20:15:11.460289,2025-04-10 20:15:19.834332,0 days 00:00:08.374043,0.5971683131966945,0.17297299196528546,8,0.27013419636386615,0.038170803441863625,0.024358453470032956,0.022013254902232868,0.05562046229286766,0.03249929869229931,0.00024086515396034097,12,61,0.014401878745806555,0.09210318490395311,False,False,False,0.0004896945356033699,COMPLETE
4,0.34006989002227783,2025-04-10 20:15:19.838536,2025-04-10 20:15:28.543396,0 days 00:00:08.704860,0.5594504492851525,0.4245466018747954,8,0.0229683351299201,0.2537363846460503,0.06735433202173836,0.08327405554978845,0.002230651125611278,0.010844914290978978,0.00014875956458453908,17,137,0.0426559728585268,0.24795316429268038,False,False,True,0.00016041304274553222,COMPLETE
5,0.19668934345245362,2025-04-10 20:15:28.547918,2025-04-10 20:15:37.008965,0 days 00:00:08.461047,0.4297813140696064,0.6473645116637254,8,0.06528299076678665,0.24806057095285855,0.08670702513009763,0.006712496449456043,0.07138210243036182,0.027502321894736854,0.0005079548735913118,15,56,0.06946960574344348,0.05743008181374015,True,False,True,0.00035510066342825207,COMPLETE
6,0.3108231782913208,2025-04-10 20:15:37.013806,2025-04-10 20:15:45.777127,0 days 00:00:08.763321,0.1169010631087079,0.3218204371977037,8,0.13739820644707113,0.14786877741961965,0.026017048719672545,0.05190359940267184,0.07669381150056472,0.025559247510517857,0.0005248520367896364,17,62,0.07843603495615355,0.17893751126641608,True,False,True,1.3658419383929824e-06,COMPLETE
7,0.26862711906433107,2025-04-10 20:15:45.782220,2025-04-10 20:15:54.085285,0 days 00:00:08.303065,0.1993928084601526,0.2830303654553277,16,0.14988152934414747,0.09628252686952048,0.019103166176064945,0.09679990813612883,0.07532066441075826,0.004321821521190057,0.0179169637315809,13,124,0.07628234171324828,0.21493621410280514,True,False,False,0.0008054262849753551,COMPLETE
8,0.10916075706481934,2025-04-10 20:15:54.090785,2025-04-10 20:16:04.708102,0 days 00:00:10.617317,0.1111985496052647,0.29820453326564467,8,0.24188147782536984,0.012860319835063075,0.04631877670786211,0.024361998737074498,0.07792697435170959,0.03320760327340467,0.013627529040449764,27,88,0.0895039526138077,0.24634314876307545,True,True,True,3.6901672061777164e-07,COMPLETE
9,0.18790211081504823,2025-04-10 20:16:04.713741,2025-04-10 20:16:11.763736,0 days 00:00:07.049995,0.5291774195922403,0.2748308144044586,16,0.24473564641457532,0.22354964770304056,0.015638830460886592,0.0736196298637085,0.08280364449436707,0.08818883600323929,2.892303544475537e-05,6,139,0.0037204252146635524,0.04838895833799349,False,False,False,6.449654762278868e-05,COMPLETE
10,0.3416718065738678,2025-04-10 20:16:11.770022,2025-04-10 20:16:30.118974,0 days 00:00:18.348952,0.32891974547578695,0.02437088199263432,2,0.0083697560896068,0.293344493859513,0.06379089862522495,0.0656438120304488,0.004105901138479193,0.0011973418078823055,1.5018591871390961e-05,22,150,0.043577996873036276,0.2991879162905867,False,False,True,1.1715776694724128e-08,COMPLETE
11,0.3391278743743897,2025-04-10 20:16:30.125912,2025-04-10 20:16:48.561810,0 days 00:00:18.435898,0.3284040213084669,0.010152629272018154,2,0.009289867526141304,0.29968399270588164,0.06454831995077903,0.06513022993362833,0.0011081839807101437,0.0023203095474073994,1.0951237142900673e-05,22,150,0.04333791985904452,0.2927540066858186,False,False,True,1.858534744865259e-08,COMPLETE
12,0.3121860206127167,2025-04-10 20:16:48.568772,2025-04-10 20:17:06.252700,0 days 00:00:17.683928,0.958892438599628,0.013999157068815882,2,0.002197868228378891,0.2999004923391036,0.06148237878372955,0.060247330573766605,0.0018569823942659876,0.013293709718567207,7.09172630569989e-05,21,118,0.047711180536537424,0.24500075466573412,False,False,True,1.1289940184112363e-05,COMPLETE
13,0.34494440555572514,2025-04-10 20:17:06.260491,2025-04-10 20:17:24.081612,0 days 00:00:17.821121,0.32338322505318606,0.4612143370891532,2,0.038573564810566924,0.2567247659439068,0.04495893553218289,0.07880430413676336,0.0175871888775101,0.05713658406519704,4.742032564274185e-05,21,132,0.03600846850344687,0.2521316990853342,False,False,True,1.1732328240437178e-08,COMPLETE
14,0.21194295287132264,2025-04-10 20:17:24.088991,2025-04-10 20:17:42.436478,0 days 00:00:18.347487,0.32239894890719567,0.49805629838550747,2,0.055852941367592716,0.27330706476290456,0.04090327485030511,0.03890236883887141,0.02220786372690506,0.06402860697064211,1.7496437337380082e-05,22,102,0.02753525394504546,0.27960427558000844,False,False,True,1.1227069269386268e-08,COMPLETE
15,0.11379063129425049,2025-04-10 20:17:42.444400,2025-04-10 20:18:02.003843,0 days 00:00:19.559443,0.2973723834711973,0.9098050398097777,2,0.18503261555627373,0.21148441910168503,0.039261028621009934,0.07101620419457398,0.021607869182577105,0.07051776339731755,7.367435634526097e-05,24,150,0.056886671277211906,0.14710126149971367,False,False,True,1.0328945762596145e-07,COMPLETE
16,0.09377705007791519,2025-04-10 20:18:02.012517,2025-04-10 20:18:19.166331,0 days 00:00:17.153814,0.22208917963735295,0.8100611864061225,2,0.11307108638799653,0.12828989405315835,0.0019035705212483087,0.054316343563314495,0.020433174465418095,0.04687879069144251,3.466578549352806e-05,20,120,0.0317724047627513,0.20796360692240085,False,False,True,6.756956329187807e-08,COMPLETE
17,0.09725327342748642,2025-04-10 20:18:19.175091,2025-04-10 20:18:39.161187,0 days 00:00:19.986096,0.012948974699969362,0.1538228294508709,2,0.04190295956075736,0.2630642802674056,0.05664551391937718,0.07985522745477741,0.03664636042276527,0.07633552252723534,0.004277269412489355,25,96,0.06045890060617347,0.010203295439704496,False,False,True,5.32868411144107e-08,COMPLETE
18,0.12543330192565919,2025-04-10 20:18:39.170053,2025-04-10 20:18:50.129027,0 days 00:00:10.958974,0.42238703241374176,0.7319942291875645,2,0.18724858271620884,0.18290430803886587,0.07281381170527046,0.0893845829771964,0.014845347906073005,0.05264326129695061,5.646723880276317e-05,8,129,0.04013324243501231,0.26652366386151805,False,True,True,3.8595428585254307e-07,COMPLETE
19,0.09493681192398072,2025-04-10 20:18:50.138295,2025-04-10 20:19:12.359473,0 days 00:00:22.221178,0.6800029481371539,0.4753717806871947,2,0.039846865875110465,0.23128200679092023,0.05242191172528856,0.06745493127630803,0.03193227220508242,0.020072122170276506,1.0291973815459074e-05,30,42,0.012210045145021248,0.2202940059399967,False,False,True,7.001875026351161e-06,COMPLETE
20,0.24702352285385132,2025-04-10 20:19:12.368530,2025-04-10 20:19:28.993276,0 days 00:00:16.624746,0.3812238930964549,0.12069021473629171,2,0.09973118279323862,0.08639792943698077,0.035295406949572145,0.04116478834504338,0.013204854951043107,0.04610526036166631,0.00012126997444982559,19,79,0.05800331937378503,0.14654164379867363,False,False,True,2.667352395568752e-07,COMPLETE
21,0.2915143668651581,2025-04-10 20:19:29.002783,2025-04-10 20:19:44.593020,0 days 00:00:15.590237,0.6191125642480246,0.4202513354510856,2,0.02338777374275003,0.27372584889098994,0.07050314122365833,0.08197087684098284,0.008366801703983554,0.012011045720146262,0.0001920812894416696,17,137,0.03702048333849168,0.25458638126140526,False,False,True,2.38161597424472e-05,COMPLETE
22,0.3415770173072815,2025-04-10 20:19:44.602878,2025-04-10 20:19:54.317252,0 days 00:00:09.714374,0.46720648581282975,0.4049459606574731,8,0.023424533218208234,0.24681487131644245,0.07409963878343233,0.09928815875541754,0.008526677865298772,0.011674133392263865,2.8078178494817954e-05,24,114,0.05017313033927812,0.2359084282665509,False,False,True,1.3431043772026878e-06,COMPLETE
23,0.3592467427253724,2025-04-10 20:19:54.327584,2025-04-10 20:20:02.872202,0 days 00:00:08.544618,0.46975699206021915,0.5710479609777073,16,0.06297225122158763,0.2787619241543908,0.07556844060507817,0.09981826192204703,0.02788370349794786,0.016266797891632306,3.5529249981936327e-05,24,118,0.05098078835151865,0.2975444818436138,False,False,True,3.777444140203138e-08,COMPLETE
24,0.2898201048374176,2025-04-10 20:20:02.882854,2025-04-10 20:20:11.302209,0 days 00:00:08.419355,0.24942249259228272,0.5566418147984721,16,0.07089274464305548,0.2830683518322532,0.08350447682685347,0.08769008224164734,0.029559358379522643,0.0011818884586161274,2.756369764689624e-05,24,113,0.09990924561508002,0.294910507545769,False,False,True,2.556482620344399e-08,COMPLETE
25,0.09647170901298524,2025-04-10 20:20:11.313338,2025-04-10 20:20:19.356986,0 days 00:00:08.043648,0.3606249230296069,0.7684176188339813,16,0.1267779579064344,0.23513256495942397,0.09994923635216704,0.07546302908134822,0.04504915714021637,0.018156653962380843,0.0002864374922480658,19,135,0.03173436234747226,0.268232629863006,False,False,True,1.0655438751160182e-08,COMPLETE
26,0.4113885641098023,2025-04-10 20:20:19.367939,2025-04-10 20:20:28.784982,0 days 00:00:09.417043,0.14099116711171542,0.56574449950095,16,0.045235570150883794,0.2895446758926684,0.056268643636180865,0.059798883425737935,0.027859412087015707,0.056450138329380464,5.5205066678829664e-05,22,147,0.06493110508311811,0.2998845168167691,True,True,True,3.610792558850779e-08,COMPLETE
27,0.09234625697135926,2025-04-10 20:20:28.796497,2025-04-10 20:20:38.259933,0 days 00:00:09.463436,0.12386682092205395,0.5603338631430856,16,0.05084841180224471,0.19525909223936902,0.0486285873094947,0.06104944142592761,0.04527603580678384,0.05734525671241111,0.0017885768227138424,26,111,0.06500450375476202,0.18210139063612052,True,True,True,1.6073112850150454e-07,COMPLETE
28,0.0921025425195694,2025-04-10 20:20:38.271739,2025-04-10 20:20:48.427819,0 days 00:00:10.156080,0.01335955685964435,0.5715749454615735,16,0.1666265417355569,0.2766464677055214,0.07809257241698143,0.0905039479769068,0.02384326817376611,0.0759772161096415,8.309079401868234e-05,30,128,0.05398049486380618,0.2710446157661184,True,True,True,3.6838356353732066e-08,COMPLETE
29,0.35858731865882876,2025-04-10 20:20:48.439941,2025-04-10 20:20:56.281026,0 days 00:00:07.841085,0.17596696814594798,0.6238873734553877,16,0.0801239203461425,0.16667355388776395,0.09103443212475218,0.04761043895989041,0.06301278904856267,0.06805319884009298,4.3182010618342225e-05,15,89,0.07137981379908769,0.11690377287029277,True,True,False,7.652445254864845e-07,COMPLETE
30,0.1586200207471848,2025-04-10 20:20:56.293243,2025-04-10 20:21:03.650497,0 days 00:00:07.357254,0.17583890697623222,0.6737360231146085,16,0.08304726105315595,0.1538953516012376,0.09204093691876225,0.03127970008930869,0.05995883332907458,0.06812263073178729,0.0002961006587459202,12,81,0.07424887729591798,0.10166899640038854,True,True,False,1.7147496023881662e-06,COMPLETE
31,0.38323748707771305,2025-04-10 20:21:03.664331,2025-04-10 20:21:11.538648,0 days 00:00:07.874317,0.262906112147573,0.706580331911369,16,0.10036907635000679,0.1665477976989285,0.09122529046062433,0.04527185302219683,0.06046578490226376,0.05912840756678796,4.588220674185116e-05,15,94,0.06531008069250092,0.12853160521017218,True,True,False,1.3118524658937237e-07,COMPLETE
32,0.22033156156539918,2025-04-10 20:21:11.551551,2025-04-10 20:21:19.134290,0 days 00:00:07.582739,0.06955596747870302,0.8486851135892192,16,0.10239996792044277,0.17089759960456485,0.09016317296260389,0.045747524488700946,0.06276653977393144,0.0837919491701333,9.660715643369292e-05,14,92,0.06678027870956614,0.10561793677699333,True,True,False,5.538743858168055e-07,COMPLETE
33,0.3927076101303101,2025-04-10 20:21:19.147937,2025-04-10 20:21:27.062869,0 days 00:00:07.914932,0.2705145820941918,0.709594562051679,16,0.07962396842700317,0.10135383930858542,0.07926625894507569,0.036306968319554996,0.049846709617814136,0.06275864015603326,4.1695871276971645e-05,15,102,0.08041699933671825,0.12149361673232738,True,True,False,1.2135467536887888e-07,COMPLETE
34,0.11812530457973482,2025-04-10 20:21:27.076647,2025-04-10 20:21:34.345047,0 days 00:00:07.268400,0.27535724690485885,0.7279596377472414,16,0.11785458569999643,0.1117721478713706,0.07811177886862312,0.034074440429314644,0.04754283192364632,0.03953001370516934,1.8155812616728225e-05,10,107,0.08391225301220495,0.12783964614961466,True,True,False,1.3906473992850363e-07,COMPLETE
35,0.2727375686168671,2025-04-10 20:21:34.358931,2025-04-10 20:21:40.906127,0 days 00:00:06.547196,0.4724263499258873,0.6977919379614753,16,0.09121253552192435,0.05461914513195207,0.08045184297244765,0.014064953833777927,0.03335462843839508,0.052251535694581124,0.0009615882787500568,10,6,0.08191545146802955,0.08653303472172749,True,True,False,7.051853982383125e-08,COMPLETE
36,0.12642281353473664,2025-04-10 20:21:40.920919,2025-04-10 20:21:48.720784,0 days 00:00:07.799865,0.7607642563800485,0.8813381787615829,16,0.06374811769427294,0.06866398500544368,0.05833191698652003,0.026328171614781445,0.04047831027583361,0.06132261365644201,0.00013777426084215504,15,101,0.06197886592524111,0.16737469210253236,True,True,False,3.4821279636562436e-08,COMPLETE
37,0.34356954097747805,2025-04-10 20:21:48.736638,2025-04-10 20:21:57.004513,0 days 00:00:08.267875,0.40434544255883775,0.9555030670193971,16,0.07618023560547875,0.12677204655663588,0.08417434379492103,0.018510454520146803,0.053363294304690646,0.04321559457067432,2.090935085635547e-05,18,103,0.09257251231876801,0.0722127992927287,True,True,False,1.8804124628682582e-07,COMPLETE
38,0.09234625697135926,2025-04-10 20:21:57.019269,2025-04-10 20:22:04.707555,0 days 00:00:07.688286,0.1639021548162882,0.5953241375332439,16,0.14165768783586874,0.07839792752289557,0.09512746843906719,0.05422775616920897,0.08855626788853635,0.0988921602571913,0.09514743707970845,16,66,0.06993424338460799,0.12775508680155204,True,True,False,9.520592776692123e-08,COMPLETE
39,0.09234625697135926,2025-04-10 20:22:04.723293,2025-04-10 20:22:13.402758,0 days 00:00:08.679465,0.26150273888056863,0.7660777117832253,16,0.10578116812755524,0.11340850021685553,0.07092481380998986,0.03853680139072031,0.06868338459013384,0.03428194884547013,0.0004422374705664105,28,46,0.08045880026761199,0.19650551831977675,True,True,False,4.09311133338144e-08,COMPLETE
40,0.29879733324050906,2025-04-10 20:22:13.418173,2025-04-10 20:22:20.820101,0 days 00:00:07.401928,0.582819230860582,0.6504057633329591,16,0.12739578293567827,0.053022139393673104,0.08660196412567772,0.004601052676841688,0.02773167836857163,0.0545209071022689,0.00019560407517128745,13,69,0.05250509665031407,0.15469535258045047,True,True,False,3.4614657726212383e-06,COMPLETE
41,0.26866434812545775,2025-04-10 20:22:20.836651,2025-04-10 20:22:28.598274,0 days 00:00:07.761623,0.06632035667720186,0.6230047653097458,16,0.0893261637308231,0.15781964496526596,0.09060770024360323,0.045164438128728245,0.05906918226947419,0.06307408064231003,4.377005693464531e-05,15,88,0.07320202513513191,0.12664479490898417,True,True,False,6.461539393344766e-07,COMPLETE
42,0.3814424216747284,2025-04-10 20:22:28.615047,2025-04-10 20:22:36.388867,0 days 00:00:07.773820,0.2112183199861104,0.5445204139546416,16,0.06290897767756766,0.1969195478730043,0.09941951160417731,0.04994187931980479,0.06394280084188124,0.07001920634482295,4.678938447978536e-05,16,73,0.07012512706512829,0.11606880264845323,True,True,False,2.4810982224273424e-07,COMPLETE
43,0.3798578143119812,2025-04-10 20:22:36.406637,2025-04-10 20:22:43.705003,0 days 00:00:07.298366,0.2232438574844926,0.505402255899833,16,0.059175133721945744,0.21146269897112974,0.09975983898237027,0.029524746383010867,0.06835731048311754,0.07491476618474885,5.539439158738528e-05,11,75,0.06545115092147169,0.07800296358966732,True,True,False,2.5187483833625923e-07,COMPLETE
44,0.4093118131160737,2025-04-10 20:22:43.723372,2025-04-10 20:22:50.847183,0 days 00:00:07.123811,0.23494146470740263,0.5208361634321697,16,0.047886614598007984,0.20250730768800518,0.09947809925568916,0.03199965030728308,0.06900934086606965,0.07550197829077632,6.611516683227995e-05,10,72,0.06463531230121061,0.04189696866029945,True,True,False,2.6887778899347444e-07,COMPLETE
45,0.11985175013542176,2025-04-10 20:22:50.864159,2025-04-10 20:22:57.624606,0 days 00:00:06.760447,0.13159310305580585,0.36170862275550564,16,0.03323311217114866,0.18493428499222817,0.09764779955854397,0.057761372169576275,0.08158836440269562,0.08418241334112028,0.050602076652660206,7,57,0.08601948065690562,0.03316107110421028,True,True,False,1.2125533077730005e-07,COMPLETE
46,0.23632472753524783,2025-04-10 20:22:57.643792,2025-04-10 20:23:05.148345,0 days 00:00:07.504553,0.07181554281607161,0.6991291901635488,8,0.01794873261874883,0.14136717497641257,0.09468835791903177,0.05003062027581401,0.07334774863965465,0.07194961310062367,0.00011339548488816266,9,75,0.07836236365893443,0.03794963334246407,True,True,False,2.1655836853399772e-08,COMPLETE
47,0.40080721378326417,2025-04-10 20:23:05.167017,2025-04-10 20:23:11.743616,0 days 00:00:06.576599,0.23132314803953663,0.5199534681719724,16,0.04756947519842158,0.20779437606442308,0.08570116307507564,0.03359118439340222,0.055925403903049876,0.08024999545179347,7.502174680213142e-05,5,48,0.08986868266888215,0.06108064426425188,True,True,False,1.081926695533947e-06,COMPLETE
48,0.1754148006439209,2025-04-10 20:23:11.761674,2025-04-10 20:23:18.313298,0 days 00:00:06.551624,0.2902641696789682,0.5193645280217613,16,0.05146471265795077,0.2136092337849843,0.08581990380226857,0.03693407875522146,0.05442820724609798,0.08044784046819037,0.00036470086911068194,5,46,0.09250249026637483,0.004328039105625792,True,True,False,2.2865511301713842e-06,COMPLETE
49,0.2631471872329712,2025-04-10 20:23:18.332157,2025-04-10 20:23:24.779720,0 days 00:00:06.447563,0.34737981713597976,0.4491942069049276,16,0.030178938394938418,0.13815264104072758,0.0674503129232151,0.019529663768921686,0.05026453960182119,0.09446965848427377,0.00018334004305186051,5,34,0.09956058510816576,0.06207756544887034,True,True,False,8.518838459919811e-07,COMPLETE
50,0.21838997006416322,2025-04-10 20:23:24.798267,2025-04-10 20:23:32.624044,0 days 00:00:07.825777,0.9944402933104677,0.37050515792123256,8,0.04771820986537548,0.17564291033507096,0.028409255321645042,0.03454119712905613,0.04118745273695386,0.06509822039147466,1.3765645056262799e-05,12,27,0.09408479682066358,0.021472465072483883,True,True,False,4.556786204415726e-07,COMPLETE
51,0.3706483781337738,2025-04-10 20:23:32.643718,2025-04-10 20:23:39.417230,0 days 00:00:06.773512,0.22343289412802675,0.5280680389756008,16,0.06994924510935455,0.19192539801863315,0.09493673797700562,0.04287846557678953,0.06747148680296676,0.05982519608289874,6.424677499741667e-05,7,54,0.0769300073764688,0.057829314701867064,True,True,False,2.470560574053817e-07,COMPLETE
52,0.38810448050498964,2025-04-10 20:23:39.436304,2025-04-10 20:23:47.306210,0 days 00:00:07.869906,0.14548071359982406,0.6117504301374408,16,0.009639483161020979,0.20023746710296883,0.08845262699592062,0.02696258058984936,0.05859865183541797,0.08938989176193081,2.3218534957950446e-05,16,83,0.06857177717419916,0.09100671210906965,True,True,False,9.450037419602121e-07,COMPLETE
53,0.3924696981906891,2025-04-10 20:23:47.325664,2025-04-10 20:23:54.878289,0 days 00:00:07.552625,0.1571127006958402,0.598685391585539,16,0.01283575643464277,0.0009575880740080311,0.08098452888259787,0.028474309314832094,0.056810953838663754,0.09149520622904513,2.48553234720177e-05,13,83,0.0888246320715135,0.08023035855309997,True,True,False,4.301179520126566e-06,COMPLETE
54,0.392006516456604,2025-04-10 20:23:54.898395,2025-04-10 20:24:02.611419,0 days 00:00:07.713024,0.09796689735349978,0.6081013925145284,16,0.00021148562618308886,0.011467133182204409,0.08050967940204726,0.011790501170781655,0.056324852665258864,0.09063153934012622,2.122922194276939e-05,14,84,0.08789461895111675,0.09147571191161066,True,True,False,4.42209212035189e-06,COMPLETE
55,0.4015441358089447,2025-04-10 20:24:02.631829,2025-04-10 20:24:10.065673,0 days 00:00:07.433844,0.10068563426354213,0.6548649384485871,16,0.007300092610868945,0.0016548932784266005,0.0812303204711771,0.012389607739155498,0.05014479895277224,0.0914366625208504,1.55421180507676e-05,13,62,0.08828900990684911,0.06704327328779672,True,True,False,4.448648573743452e-06,COMPLETE
