number,value,datetime_start,datetime_complete,duration,params_alpha-eval,params_alpha-train,params_batch-size,params_eps-eval,params_eps-train,params_lambda-actions-eval,params_lambda-actions-train,params_lambda-frames-eval,params_lambda-frames-train,params_learning-rate,params_n-epochs,params_n-frames,params_radius-gw,params_rho,params_std-feats,params_ub-actions,params_ub-frames,params_weight-decay,state
679,0.43834273815155034,2025-04-17 19:45:27.563875,2025-04-17 19:45:37.950311,0 days 00:00:10.386436,0.42444067781944983,0.8197458270371284,2,0.27658424803584436,0.039555803542804156,0.08200344690548331,0.045489125162411846,0.04967300874144892,0.0048806328696240795,0.00020545264923748757,5,42,0.09998219245563589,0.2557650786734943,True,False,False,9.895594323319141e-05,COMPLETE
680,0.45012545585632324,2025-04-17 19:45:38.165200,2025-04-17 19:45:48.571948,0 days 00:00:10.406748,0.35053506534011764,0.8624889726574205,2,0.27331703456147804,0.04174233937357987,0.07854707493364,0.04444431010146297,0.04656126939893538,0.0018910498564503053,0.00032123576243185415,5,46,0.09647597172815969,0.25101948520917344,True,False,False,0.00014205851526637468,COMPLETE
681,0.45821020007133484,2025-04-17 19:45:48.801300,2025-04-17 19:45:59.845536,0 days 00:00:11.044236,0.4256514328010891,0.8439907136465642,2,0.27038306572350573,0.03455792832786355,0.08018999822038429,0.04750970808598618,0.04725818869030716,0.009715935906595015,0.00025425484621325836,6,37,0.0948563028411056,0.2593919530216868,True,False,False,0.00010128581822943827,COMPLETE
682,0.449914425611496,2025-04-17 19:46:00.063699,2025-04-17 19:46:11.134436,0 days 00:00:11.070737,0.4144033335765428,0.910474265860135,2,0.2704451758220475,0.03447738281395288,0.07685141671712029,0.047552540165737595,0.05075629449933684,0.0102235973827444,0.0002141954326682707,6,35,0.09695704843180794,0.24640649544087512,True,False,False,0.00012581535008525895,COMPLETE
683,0.4555700957775116,2025-04-17 19:46:11.362299,2025-04-17 19:46:22.434672,0 days 00:00:11.072373,0.40068904479395717,0.8869520245672546,2,0.27149739558651226,0.03469418251273155,0.07921981036137912,0.049983320038498646,0.05638353487552041,0.01044815930226357,0.00024875532592171277,6,38,0.0954623149642054,0.25397758721730845,True,False,False,0.0001035781437112193,COMPLETE
684,0.44525551199913027,2025-04-17 19:46:22.651571,2025-04-17 19:46:33.784992,0 days 00:00:11.133421,0.40029792488134924,0.9164626567716605,2,0.2673167751456354,0.031011680024250504,0.08005335366510624,0.05151082022619099,0.05170111844078843,0.009412316029759988,0.00025500784093057725,6,34,0.0954974033971382,0.2533520562359948,True,False,False,0.00013966923048591378,COMPLETE
685,0.44933149814605716,2025-04-17 19:46:34.012770,2025-04-17 19:46:45.656327,0 days 00:00:11.643557,0.40654891738506715,0.8837892041658173,2,0.26862968487255917,0.031305479777946066,0.07834710455588868,0.0534205957859245,0.046026393556555203,0.012460082604063425,0.0001770611168978344,7,36,0.09863857974671414,0.2675258733991766,True,False,False,1.208172300144038e-06,COMPLETE
686,0.09951352626085282,2025-04-17 19:46:45.874639,2025-04-17 19:46:55.880335,0 days 00:00:10.005696,0.4473742498907374,0.8685168473154434,2,0.261927041519012,0.035944894282864806,0.07630365020415784,0.05012292998249849,0.05983634232638785,0.009980752316977834,0.0002541165316855815,6,37,0.09506086302313228,0.26013976274067935,True,False,True,0.0001119044102008891,COMPLETE
687,0.45068757534027104,2025-04-17 19:46:56.108185,2025-04-17 19:47:07.227068,0 days 00:00:11.118883,0.38429652030562056,0.8581299222766222,2,0.2670874776457223,0.03618797715960867,0.07981128294083145,0.04993259600217604,0.04925279872729507,0.006583531472166361,0.00019813475962649602,6,38,0.09804658724605961,0.25598501400130136,True,False,False,0.00010337041319107915,COMPLETE
688,0.09234625697135926,2025-04-17 19:47:07.458996,2025-04-17 19:47:17.368364,0 days 00:00:09.909368,0.38331802444488466,0.8914713446130322,2,0.27474557977172054,0.03183252252213037,0.08300236820448803,0.047538958492434086,0.049101831824292036,0.013180382049170965,0.0003130183611470185,6,35,0.09469782395384894,0.2490228674584031,True,True,False,0.00015451105648461072,COMPLETE
689,0.44174986481666567,2025-04-17 19:47:17.583563,2025-04-17 19:47:29.233532,0 days 00:00:11.649969,0.4272112987656311,0.962995390730524,2,0.2636581438395102,0.03926411660507663,0.0785213588848711,0.05211367151014901,0.05767822346037327,0.008061562015715538,0.00023900115496568923,7,38,0.09678021461802895,0.2445415301831119,True,False,False,0.00013155204902467126,COMPLETE
690,0.4498899400234223,2025-04-17 19:47:29.466481,2025-04-17 19:47:40.479830,0 days 00:00:11.013349,0.3981205357570649,0.8412722838231421,2,0.2760481477415414,0.031826119887564244,0.08101130117473368,0.04948402786107359,0.05297336314632954,0.010464022778947545,0.00020549808681439232,6,33,0.09448738747531077,0.2648385090191378,True,False,False,0.00010036745374537375,COMPLETE
691,0.4536145567893982,2025-04-17 19:47:40.697930,2025-04-17 19:47:51.789710,0 days 00:00:11.091780,0.4004993312625766,0.8415737798202665,2,0.27080116336521937,0.04122751078172186,0.08325784580684692,0.04704428844831781,0.04501261523826836,0.01191071142051084,0.00027306162638445354,6,42,0.09623367707818481,0.2539745863760266,True,False,False,0.00015382448721715166,COMPLETE
692,0.3727756798267365,2025-04-17 19:47:52.020723,2025-04-17 19:47:59.711245,0 days 00:00:07.690522,0.4293575277274648,0.7888104488058255,8,0.02511806852430759,0.04291159692333688,0.07494711481140968,0.045860995675053196,0.04686927875565252,0.004905665147262893,0.00031044199844065194,7,40,0.09836618396609748,0.24543967578345885,False,False,False,1.1231137652021569e-06,COMPLETE
693,0.4507237374782562,2025-04-17 19:47:59.928084,2025-04-17 19:48:11.065001,0 days 00:00:11.136917,0.3935401113564669,0.8927851512023498,2,0.2795820717074283,0.0367805109947166,0.08042493797474715,0.048519595115144365,0.056886047327721775,0.006759097179204938,0.00017657314109911695,6,43,0.09367574334219213,0.288606155809874,True,False,False,0.0001233437302257891,COMPLETE
694,0.45017460584640506,2025-04-17 19:48:11.297708,2025-04-17 19:48:21.722058,0 days 00:00:10.424350,0.35633829940493844,0.8275156367718837,2,0.273368513433775,0.02806970693678191,0.07722977403235265,0.05102693624906524,0.05527134897411034,0.009458396309394539,0.00024284790230851363,5,34,0.0999761532658573,0.25941592564288923,True,False,False,0.00018672681237718016,COMPLETE
695,0.4529355227947235,2025-04-17 19:48:21.942037,2025-04-17 19:48:33.569814,0 days 00:00:11.627777,0.4091328231420258,0.7939041486900253,2,0.2659934440407168,0.043066916351317874,0.08222401480838568,0.05410197742753092,0.05375711349934652,0.013224435145627607,0.00020631847222219807,7,37,0.09506489168249364,0.2506248534966387,True,False,False,8.823053589614902e-05,COMPLETE
696,0.44861292839050293,2025-04-17 19:48:33.799287,2025-04-17 19:48:44.805755,0 days 00:00:11.006468,0.46337958308326166,0.8721182527243541,2,0.2765959982526967,0.03792760808953483,0.0799649424142729,0.045249638356438804,0.04217140476317835,0.008865158652899836,0.0003246197633270646,6,44,0.09343456904760068,0.24050371773606086,True,False,False,0.00015933328653861117,COMPLETE
697,0.44533782005310063,2025-04-17 19:48:45.037668,2025-04-17 19:48:55.538641,0 days 00:00:10.500973,0.4316686373239902,0.7516702748562258,2,0.279406804781114,0.04367734243745619,0.07646818646673265,0.04903089686564374,0.04853438073395224,0.011245915075551352,0.00026230864064039387,5,50,0.09682243538365065,0.24367847666120893,True,False,False,0.00010170116230824365,COMPLETE
698,0.4538970291614533,2025-04-17 19:48:55.769253,2025-04-17 19:49:06.848541,0 days 00:00:11.079288,0.43789775543386744,0.8476262904938978,2,0.2708575549759679,0.0334565609948001,0.08380095608052794,0.04674847953452042,0.046054776537499974,0.0057639233290390154,0.0001639363594524998,6,39,0.093556215634206,0.27329743772265075,True,False,False,0.00025460785545484407,COMPLETE
699,0.45652905106544495,2025-04-17 19:49:07.083599,2025-04-17 19:49:18.705090,0 days 00:00:11.621491,0.4470618575262184,0.8461772699557419,2,0.26543125399360423,0.029899013345306345,0.08335113053765968,0.04708124525877152,0.04567239944954683,0.0031820436779765723,0.00017301864881658449,7,40,0.09494686397390721,0.283458902009256,True,False,False,0.00023677737906114735,COMPLETE
700,0.4391238629817963,2025-04-17 19:49:18.928061,2025-04-17 19:49:30.652286,0 days 00:00:11.724225,0.4435346666010375,0.8269329676123967,2,0.26539224625315033,0.029343610152578987,0.08298937129825051,0.047956545334702526,0.044897192673258104,0.0038315384616240586,0.0001601554092196733,7,46,0.09686327823125315,0.29839876409036326,True,False,False,0.0002617603780462137,COMPLETE
701,0.09234625697135926,2025-04-17 19:49:30.884116,2025-04-17 19:49:42.372938,0 days 00:00:11.488822,0.4137026253515704,0.8520388123799794,2,0.27125199813568485,0.032768191533964174,0.07844359224808425,0.05181762119364522,0.043645126074292814,0.002831597364795266,0.00021255433234537838,6,143,0.05857983782036735,0.27100259434494034,True,False,False,0.00020464139251658733,COMPLETE
702,0.4501890063285828,2025-04-17 19:49:42.593808,2025-04-17 19:49:54.253511,0 days 00:00:11.659703,0.4531859250456785,0.8171877891809691,2,0.2627769657288524,0.03055928217867495,0.08117575783930137,0.04487793086725767,0.04756566193972989,0.0030471643770644385,0.00016775644799976616,7,42,0.09564495774322149,0.28178492904528435,True,False,False,0.0001940534988926702,COMPLETE
703,0.45610632300376897,2025-04-17 19:49:54.487926,2025-04-17 19:50:05.580628,0 days 00:00:11.092702,0.38537341046132395,0.8732009340518758,2,0.27193510040201624,0.039338914438207306,0.08421900440424192,0.04961957689423088,0.051141115269859,0.006965602343869548,0.00019728478495019064,6,41,0.09349036779503712,0.29117947604205363,True,False,False,7.995986053018848e-07,COMPLETE
704,0.45159013271331794,2025-04-17 19:50:05.814029,2025-04-17 19:50:16.857180,0 days 00:00:11.043151,0.4085177530849101,0.9068111746460739,2,0.26722655762763425,0.028186234233283387,0.0842885464017624,0.05038954097247938,0.050572798130596064,0.0012032558513235675,0.00020438467389449324,6,45,0.09779221481215306,0.2912715752091956,True,False,False,8.822467599169831e-07,COMPLETE
705,0.09279590547084808,2025-04-17 19:50:17.079258,2025-04-17 19:50:27.781155,0 days 00:00:10.701897,0.3742982857202985,0.8714246658765709,2,0.2603726804091661,0.03737975536860532,0.08461948095511472,0.04913770579629913,0.05494471385246322,0.005963613048989396,0.0001614561002544649,7,49,0.0941753096636557,0.296525074768555,True,False,True,0.00026638703077682335,COMPLETE
706,0.09570412635803223,2025-04-17 19:50:28.016892,2025-04-17 19:50:37.996001,0 days 00:00:09.979109,0.396266668505473,0.9270830922042215,2,0.2634773884939614,0.03660411381736538,0.08192877675405714,0.05312503388852842,0.05070952721350023,0.06597474790619792,0.0001822497823956425,6,37,0.0953708306800353,0.27549361663997307,True,True,False,6.736561989106704e-07,COMPLETE
707,0.45854108929634096,2025-04-17 19:50:38.221653,2025-04-17 19:50:48.627840,0 days 00:00:10.406187,0.12856803369546338,0.8900602971999321,2,0.2716457536036697,0.02969403716928599,0.07945875888682354,0.04726894691742191,0.04290564842056292,0.004805375291853331,0.0002334444244716129,5,41,0.09707867972382889,0.2899092801264547,True,False,False,2.5830743632179724e-07,COMPLETE
708,0.4431649804115296,2025-04-17 19:50:48.864616,2025-04-17 19:50:59.421508,0 days 00:00:10.556892,0.47882588630250456,0.879197230159397,2,0.2703854743667854,0.027400616360278927,0.08688398318373788,0.05057260185224675,0.04366759147836324,0.00525559493449764,0.0002041827240156243,5,43,0.09858843833054606,0.28640695427837,True,False,False,1.1068462615757566e-07,COMPLETE
709,0.4382778346538544,2025-04-17 19:50:59.646431,2025-04-17 19:51:10.160635,0 days 00:00:10.514204,0.18925334051601955,0.8952601226693324,2,0.26544625154229784,0.02791356321974309,0.07974000992157382,0.048812545791255754,0.0463002236186416,0.002694840672554379,0.00017146551528922198,5,47,0.09941225274986618,0.29635695734878087,True,False,False,7.655936534549022e-07,COMPLETE
710,0.4454342722892761,2025-04-17 19:51:10.396114,2025-04-17 19:51:20.746495,0 days 00:00:10.350381,0.22051746553518217,0.9407491202475847,2,0.2728235623075491,0.03245483476274873,0.0830729961577724,0.047786317507765054,0.04852959070977153,0.004465426224501701,0.0002302861372504539,5,34,0.09688733348862501,0.29087314356625976,True,False,False,1.8805923876327335e-07,COMPLETE
711,0.4347364902496338,2025-04-17 19:51:20.984756,2025-04-17 19:51:31.430388,0 days 00:00:10.445632,0.4285107299772394,0.8972751998868957,2,0.26296921922741084,0.03624666794938634,0.08087402243398518,0.0515304530731533,0.04215119734437848,0.007127981912170129,0.00015983295038734464,5,42,0.09630707895094325,0.279225166593051,True,False,False,3.0816187458824056e-07,COMPLETE
712,0.3804500102996826,2025-04-17 19:51:31.654975,2025-04-17 19:51:42.052181,0 days 00:00:10.397206,0.48574397692886734,0.8707201023976693,2,0.27384376808412725,0.2446100944887339,0.08442735352728707,0.04715776594041172,0.04570922739303962,0.007645224237703837,0.00022497148304581724,5,39,0.09998233467448157,0.28457984314816953,False,False,False,1.6413019492019448e-07,COMPLETE
713,0.4432347059249878,2025-04-17 19:51:42.290656,2025-04-17 19:51:53.402687,0 days 00:00:11.112031,0.02947098221600486,0.8829866860260732,2,0.2763341934715136,0.02590584649503261,0.07873716120348524,0.055812317239121924,0.05155320267167775,0.0054071414448773735,0.0001894715381688926,6,45,0.09759598911205396,0.28780260848396566,True,False,False,4.905423429207792e-07,COMPLETE
714,0.3901649355888367,2025-04-17 19:51:53.626845,2025-04-17 19:52:01.123378,0 days 00:00:07.496533,0.2693118337525213,0.8425812606241353,8,0.270311073327675,0.039334617391288726,0.08193869444948416,0.0446637033664431,0.047828325825695794,0.0077431199426466904,0.00024695518558295697,5,36,0.09506263594737692,0.29817061143476026,True,False,False,2.5959970321955915e-07,COMPLETE
715,0.45698832869529726,2025-04-17 19:52:01.358625,2025-04-17 19:52:12.472350,0 days 00:00:11.113725,0.3866878032958688,0.913090679298474,2,0.2787738639392343,0.032309928546178424,0.08024565059105085,0.04901758002965578,0.04440820555015385,0.003364353151829684,0.00019688479647123218,6,41,0.09258187825976577,0.2813579048159923,True,False,False,3.3325949043450494e-07,COMPLETE
716,0.44053285717964175,2025-04-17 19:52:12.698896,2025-04-17 19:52:24.356972,0 days 00:00:11.658076,0.34624884090705943,0.9431947179847986,2,0.2591300809910738,0.027416224832735023,0.057696026036125295,0.04990311384589529,0.04306026123574199,0.004215926865386674,0.00016248978590822997,7,44,0.0924313987362265,0.2840507084239393,True,False,False,5.038879824705786e-07,COMPLETE
717,0.39575440883636476,2025-04-17 19:52:24.595792,2025-04-17 19:52:35.655712,0 days 00:00:11.059920,0.06329101776722752,0.9053206351349291,2,0.2671004785912135,0.029181103208432865,0.08569387189367991,0.053921218144319535,0.04416616125426889,0.003396899279268133,0.049291654915734395,6,51,0.09574185547857755,0.28106294572172,True,False,False,2.3557712489655856e-07,COMPLETE
718,0.44179695248603823,2025-04-17 19:52:35.895189,2025-04-17 19:52:47.710802,0 days 00:00:11.815613,0.38405800847887683,0.9166941932028253,2,0.2776395658987492,0.03390414680187902,0.08315701493100444,0.05169334715196705,0.04568070772187405,0.004960036297729965,0.00018833940839319905,7,48,0.0975095873483101,0.2892564199788952,True,False,False,2.5070147803788625e-07,COMPLETE
719,0.4557051181793213,2025-04-17 19:52:47.937399,2025-04-17 19:52:59.043960,0 days 00:00:11.106561,0.37883036003921605,0.9323804843221387,2,0.27112818674517153,0.03266627745022289,0.08083796312367139,0.048311315000976074,0.04222436467144244,0.0015399999029631637,0.00015835042652518968,6,41,0.09439819583806022,0.2935063351982264,True,False,False,9.939875771173476e-07,COMPLETE
720,0.438402384519577,2025-04-17 19:52:59.285445,2025-04-17 19:53:11.077576,0 days 00:00:11.792131,0.3484847272834024,0.9838510292031488,2,0.26570371685089483,0.02389433335791831,0.08032850231289247,0.04896684970368274,0.04074859567003521,0.0020083311562404905,0.00016234835961788136,7,42,0.09503708213240102,0.290053795481657,True,False,False,3.0311484027170826e-07,COMPLETE
721,0.4540197253227234,2025-04-17 19:53:11.308669,2025-04-17 19:53:22.368574,0 days 00:00:11.059905,0.3239010890307087,0.939204697478682,2,0.2599837355916437,0.029852343300650532,0.08006490771770002,0.05269764965612674,0.04149982376216807,0.0033780316851726635,0.0001575174777173548,6,45,0.09305410107252773,0.2928778132227731,True,False,False,9.734538337514339e-07,COMPLETE
722,0.44720897674560545,2025-04-17 19:53:22.607331,2025-04-17 19:53:34.215814,0 days 00:00:11.608483,0.3790452524281928,0.9395217952957011,2,0.2717169612738157,0.03290373520218149,0.07791959329819803,0.05013532330681576,0.04360608226612654,0.0018602495731960475,0.00019448026721384618,7,37,0.09788757009185786,0.29885439184067003,True,False,False,3.1745355463014614e-07,COMPLETE
723,0.44424055814743046,2025-04-17 19:53:34.443375,2025-04-17 19:53:46.669795,0 days 00:00:12.226420,0.39649038180958757,0.8938485105453972,2,0.2716483048917437,0.02649742814142405,0.07427693566197836,0.048254763269030984,0.04631738589656122,0.002086363312344298,0.00015876782341487777,8,34,0.0953748673730792,0.2829518340396903,True,False,False,5.438793863778624e-07,COMPLETE
724,0.44189195036888124,2025-04-17 19:53:46.910386,2025-04-17 19:53:58.043645,0 days 00:00:11.133259,0.36815140553773495,0.9703336066587005,2,0.27754210345591035,0.1635496559950206,0.08138987561919774,0.04684534802840666,0.04932114921718302,0.0059915495229589675,0.00022429576097201276,6,42,0.09265001038704018,0.2940597187955515,True,False,False,1.9269278228323725e-07,COMPLETE
725,0.0994937375187874,2025-04-17 19:53:58.283061,2025-04-17 19:54:08.293768,0 days 00:00:10.010707,0.3820672147876879,0.9219923949732487,2,0.2633785652510315,0.03649396648724482,0.08497409287007751,0.0471989406515508,0.04200443870943518,0.0019357220916335473,0.00019822349200097092,6,38,0.09651298335782182,0.27718111234503845,True,False,True,3.891748958387153e-07,COMPLETE
726,0.09234625697135926,2025-04-17 19:54:08.523673,2025-04-17 19:54:18.460570,0 days 00:00:09.936897,0.32820543406031755,0.9183408327096068,2,0.255621996429331,0.03213141508610428,0.07581755105862815,0.05021101796936092,0.04419652434371486,0.005671941028944945,0.00014996065768472648,6,33,0.09407446303165273,0.2872255114677643,True,True,False,3.809653474990125e-07,COMPLETE
727,0.29879545569419863,2025-04-17 19:54:18.702899,2025-04-17 19:54:30.685352,0 days 00:00:11.982453,0.11882119685562686,0.8651760929880956,2,0.27010845633780334,0.038931045442030146,0.07923708860859303,0.05415578410850489,0.04797402801097421,0.003887056422872152,0.00020263855061176806,7,82,0.09228093748820182,0.2905536381932528,True,False,False,4.078581600206114e-07,COMPLETE
728,0.44870554804801943,2025-04-17 19:54:30.916298,2025-04-17 19:54:41.961480,0 days 00:00:11.045182,0.4285808016936572,0.8860807982864038,2,0.27824840279930607,0.028484287836241847,0.08742776987115193,0.0514933343716244,0.05450377643489218,0.007366264230063456,0.00022340895852411373,6,48,0.0980664873210027,0.28634910452283324,True,False,False,1.3900932790267866e-07,COMPLETE
729,0.43238306045532227,2025-04-17 19:54:42.201578,2025-04-17 19:54:53.396409,0 days 00:00:11.194831,0.40551641093273816,0.924997411822599,2,0.274517057115592,0.03754038880008159,0.0838852106234372,0.04841774127843668,0.039911169451632235,0.0010484549160637482,0.0001530635248988859,6,54,0.0948104315429281,0.27818059108021354,True,False,False,5.0659985244374e-07,COMPLETE
730,0.4430749833583832,2025-04-17 19:54:53.640081,2025-04-17 19:55:05.290655,0 days 00:00:11.650574,0.36134389260193334,0.9593493027070759,2,0.2675473414986673,0.03972850325335926,0.0814852673867706,0.04588341700067119,0.04560223865485624,0.008528949193089833,0.00018934882543588462,7,41,0.09630681230674108,0.2796265266678069,True,False,False,1.329627832269248e-06,COMPLETE
731,0.4243668794631958,2025-04-17 19:55:05.521643,2025-04-17 19:55:16.452148,0 days 00:00:10.930505,0.3809074558533977,0.8568089617463217,2,0.2799832033705486,0.024323419183079207,0.07757589565689166,0.04939996542076193,0.042945471599279694,0.006414721453079758,0.0002337524040159828,6,38,0.09202313640900397,0.2941480420238649,False,False,False,2.206385842404823e-06,COMPLETE
732,0.4503661453723908,2025-04-17 19:55:16.694067,2025-04-17 19:55:27.698490,0 days 00:00:11.004423,0.4032144967159748,0.9079640415591975,2,0.2625473165598641,0.03225901655650962,0.08012694987975028,0.04653846869051459,0.047486319866438774,0.003681150873102724,0.00018545351315458399,6,36,0.09456322783800714,0.2938525906891937,True,False,False,7.159631416532806e-07,COMPLETE
733,0.4442778587341309,2025-04-17 19:55:27.929831,2025-04-17 19:55:39.635257,0 days 00:00:11.705426,0.41257565615921066,0.8852893924492796,2,0.27348574863265573,0.04046212610625338,0.08205050010868134,0.05214227060229704,0.05069924720803339,0.004612922560161312,0.0002696697719833073,7,45,0.09825713568110052,0.27263516369978935,True,False,False,1.0676194929711554e-06,COMPLETE
734,0.35195652842521674,2025-04-17 19:55:39.877518,2025-04-17 19:55:50.470745,0 days 00:00:10.593227,0.30564664139340914,0.8417586602899187,2,0.27854859987252084,0.03374712205077882,0.08441749393974016,0.048296441284339624,0.04063407922602118,0.008802487248809322,0.00014828069585039595,5,58,0.001933255321010137,0.2847141297894988,True,False,False,7.779709448326364e-07,COMPLETE
735,0.40267288088798525,2025-04-17 19:55:50.714734,2025-04-17 19:55:58.412162,0 days 00:00:07.697428,0.14599128753966412,0.87632928075897,8,0.2693894630461809,0.024993744382933496,0.07789981888635292,0.04559274107452909,0.04445972192285912,0.007417682897937509,0.00023691555562543442,6,41,0.09355585538234415,0.29196657636681034,True,False,False,2.4100965254160803e-07,COMPLETE
