number,value,datetime_start,datetime_complete,duration,params_alpha-eval,params_alpha-train,params_batch-size,params_eps-eval,params_eps-train,params_lambda-actions-eval,params_lambda-actions-train,params_lambda-frames-eval,params_lambda-frames-train,params_learning-rate,params_n-epochs,params_n-frames,params_radius-gw,params_rho,params_std-feats,params_ub-actions,params_ub-frames,params_weight-decay,state
227,0.39849091172218326,2025-04-10 20:45:15.273071,2025-04-10 20:45:22.054652,0 days 00:00:06.781581,0.3607043065034893,0.12554557054342097,16,0.043900458893135055,0.03862648550726216,0.09522540527611913,0.07748584232207423,0.08555646844131172,0.05199217217193419,5.4386799770766504e-05,7,37,0.06824897868453206,0.03403070968614384,True,True,False,1.9908773838264366e-08,COMPLETE
228,0.3641141355037689,2025-04-10 20:45:22.127557,2025-04-10 20:45:28.961785,0 days 00:00:06.834228,0.3273095242854977,0.21557767670549494,16,0.052102324408437484,0.053018366410579165,0.09822159729846107,0.08118439755885784,0.09217017027113009,0.05710682279046406,6.201926716137178e-05,7,43,0.07016885227276473,0.0265682876260858,True,True,False,2.5346761357127982e-08,COMPLETE
229,0.39571187496185306,2025-04-10 20:45:29.034512,2025-04-10 20:45:35.734539,0 days 00:00:06.700027,0.3423137766212166,0.06971734338143404,16,0.045935775370326545,0.029157262885536456,0.09998977602341462,0.0748587066150778,0.09918946734001612,0.04842809285844257,4.8334239519820585e-05,6,48,0.07358817972238196,0.03721529539900193,True,True,False,1.326707655818658e-08,COMPLETE
230,0.40917559862136843,2025-04-10 20:45:35.807166,2025-04-10 20:45:42.435074,0 days 00:00:06.627908,0.3813291698964875,0.1370674440996374,16,0.040076613333085535,0.045033886841566007,0.09313466576875308,0.07174750872427152,0.0963942607128216,0.037414330232341336,8.202704622112914e-05,6,38,0.07035908447892344,0.03797349708839162,True,True,False,1.691173165521392e-08,COMPLETE
231,0.40474780797958376,2025-04-10 20:45:42.510599,2025-04-10 20:45:49.226465,0 days 00:00:06.715866,0.30618620115268974,0.17033690945789848,16,0.05438290557043958,0.033830161586373676,0.09677679130358453,0.08196376140248883,0.09690824373741565,0.05143026029997252,4.128367008423066e-05,7,42,0.07386955869246598,0.045548359186146956,True,True,False,2.6896928537160667e-08,COMPLETE
232,0.42246229052543643,2025-04-10 20:45:49.300181,2025-04-10 20:45:56.091596,0 days 00:00:06.791415,0.35696530922467196,0.18910587002511736,16,0.05925639268929963,0.03465222359215053,0.09676509402229849,0.08048423121861788,0.08974094085963423,0.053573402732487146,4.431574457175818e-05,7,45,0.07160780809521579,0.052171071232240546,True,True,False,2.0927089132043398e-08,COMPLETE
233,0.42035480141639714,2025-04-10 20:45:56.176003,2025-04-10 20:46:02.962258,0 days 00:00:06.786255,0.3588012950946235,0.1949231574246572,16,0.058367204239046254,0.03910313552405768,0.0953013175116062,0.07897314460983644,0.08800444758947074,0.05452110915514728,5.2582743085659444e-05,7,45,0.071722858371879,0.04325610335927808,True,True,False,1.4517872136251622e-08,COMPLETE
234,0.3662811815738678,2025-04-10 20:46:03.037491,2025-04-10 20:46:09.850125,0 days 00:00:06.812634,0.36286575783801345,0.20264750698788772,16,0.07721988333946173,0.03667647468418775,0.09481056124586218,0.07990768588269812,0.08891554993217157,0.053633417949226915,5.9319406646019035e-05,7,46,0.07178828256729174,0.05327351302006445,True,True,False,1.872387705945867e-08,COMPLETE
235,0.36012600660324096,2025-04-10 20:46:09.924250,2025-04-10 20:46:16.673813,0 days 00:00:06.749563,0.3482566907056442,0.15011751967861936,16,0.06646835155057607,0.04829337704300863,0.09524430204074799,0.08294017730353255,0.08725775002418869,0.05563557210114657,4.716881284020935e-05,7,45,0.0686867479686727,0.03164786022841036,True,True,False,1.1204539952264365e-08,COMPLETE
236,0.42372621297836305,2025-04-10 20:46:16.749270,2025-04-10 20:46:23.397000,0 days 00:00:06.647730,0.2997089350676971,0.19198836961733112,16,0.05946409983124071,0.029113781329621096,0.09260466332588871,0.07710473048190775,0.08451440959807782,0.06119021957364719,6.863929293068064e-05,6,43,0.07470274849308481,0.04409120427794145,True,True,False,1.5636244489432555e-08,COMPLETE
237,0.3343325555324555,2025-04-10 20:46:23.474233,2025-04-10 20:46:30.254740,0 days 00:00:06.780507,0.3170156386600176,0.19144114876588253,16,0.05764219459595129,0.026573684464043432,0.09231224949455513,0.07548366823585245,0.09097444507875706,0.059645889477966875,7.543440611619934e-05,7,49,0.07472561679925716,0.0406393113727619,True,True,False,1.4699024037318891e-08,COMPLETE
238,0.4218711256980896,2025-04-10 20:46:30.329990,2025-04-10 20:46:37.014401,0 days 00:00:06.684411,0.3808883200193784,0.2262518627454766,16,0.06258236855290909,0.030435143985996144,0.09608914291936448,0.07857414721332315,0.08192771203246235,0.0627048911862037,6.783340296161676e-05,6,44,0.06747988388310025,0.049842350030144734,True,True,False,1.3504782153598097e-08,COMPLETE
239,0.42227540016174314,2025-04-10 20:46:37.100259,2025-04-10 20:46:43.736563,0 days 00:00:06.636304,0.39190321941873835,0.2190951695447171,16,0.0718832405256497,0.017062932596125187,0.09785053505762238,0.07698181127221004,0.08228588238402436,0.06445913127910176,9.000081704925964e-05,6,42,0.06622759636841072,0.05358083795004763,True,True,False,1.0955243096950025e-08,COMPLETE
240,0.4309755027294159,2025-04-10 20:46:43.813106,2025-04-10 20:46:50.559796,0 days 00:00:06.746690,0.39103990169045544,0.2301714012981914,16,0.06938402231275817,0.016826945703933758,0.09219476322662026,0.07808328948417126,0.08331661296664825,0.06310610827122971,9.091644340077554e-05,6,43,0.06653570717346022,0.056931708992905644,True,True,False,1.3613863992625754e-08,COMPLETE
241,0.4276360154151917,2025-04-10 20:46:50.637018,2025-04-10 20:46:57.338470,0 days 00:00:06.701452,0.40940278327197577,0.2147102844924053,16,0.067255063245014,0.015937111113046305,0.09258121582852372,0.07275235604297509,0.08214043513166758,0.06241877448144323,7.97451165305823e-05,6,43,0.06755135309609109,0.05619365778622202,True,True,False,1.036544833999828e-08,COMPLETE
242,0.39280039072036743,2025-04-10 20:46:57.417593,2025-04-10 20:47:04.061882,0 days 00:00:06.644289,0.3930604851571626,0.23710297989665596,16,0.07263606251693384,0.011120368092270065,0.0922911628655638,0.07763913421572093,0.08149174727364228,0.0630859570826872,0.00010233806744051798,6,43,0.06484810026651774,0.05830316188538693,True,True,False,1.0127817194924604e-08,COMPLETE
243,0.3957013726234436,2025-04-10 20:47:04.139366,2025-04-10 20:47:10.862229,0 days 00:00:06.722863,0.410489701406206,0.22161745943333544,16,0.06831638290812407,0.018378061520202545,0.09195627863807536,0.07255880030070135,0.08190602766518884,0.06445086233283458,8.170227602727055e-05,6,47,0.0653931936372377,0.0625631754294481,True,True,False,1.2346354678141043e-08,COMPLETE
244,0.43093903064727784,2025-04-10 20:47:10.939622,2025-04-10 20:47:17.596633,0 days 00:00:06.657011,0.389486124630655,0.21563390796261173,16,0.06292343339057842,0.026149338385136577,0.09460851033037528,0.07610099150587056,0.0798923497174212,0.062048159733440536,9.5146856212197e-05,6,43,0.06633194901374327,0.05455789147589632,True,True,False,1.6150443391224978e-08,COMPLETE
245,0.37767796516418456,2025-04-10 20:47:17.684008,2025-04-10 20:47:24.360481,0 days 00:00:06.676473,0.3975424192097702,0.23798928801747926,16,0.07762075205702679,0.013573581878009305,0.09627049437346853,0.07593085358935653,0.08001456232194469,0.0670504344120811,9.438729524684453e-05,6,42,0.06736361053350047,0.052018890373088836,True,True,False,1.498781776210231e-08,COMPLETE
246,0.13284149765968323,2025-04-10 20:47:24.439677,2025-04-10 20:47:34.201698,0 days 00:00:09.762021,0.37957228060153436,0.22327910839701598,2,0.06505799877716477,0.020007876769179467,0.09425497514951263,0.07353017831153275,0.08275879996485862,0.06435916799131934,9.320022429397357e-05,6,42,0.06109259037514239,0.056078499782372594,True,True,False,1.2509745814767595e-08,COMPLETE
247,0.3786733329296112,2025-04-10 20:47:34.279256,2025-04-10 20:47:40.962451,0 days 00:00:06.683195,0.3915927589454828,0.21688711067027455,16,0.07278468362948248,0.014837341330384638,0.09692480121225942,0.07724928494394863,0.08589436882943093,0.0618436599676257,6.860977435002741e-05,6,44,0.0630014234779891,0.06477873212615659,True,True,False,1.0154336095282742e-08,COMPLETE
248,0.3994285821914673,2025-04-10 20:47:41.041087,2025-04-10 20:47:47.705566,0 days 00:00:06.664479,0.3691986732741152,0.2560325143565502,16,0.060786706955835525,0.022512430408319826,0.09779747260203403,0.07603617150987468,0.0806310002831898,0.06092652299059461,0.00011511485309590182,6,41,0.06630344317655296,0.0523649568101178,True,True,False,2.2007098338023027e-08,COMPLETE
249,0.36665537953376776,2025-04-10 20:47:47.787222,2025-04-10 20:47:54.476978,0 days 00:00:06.689756,0.4100216181222401,0.202523529036269,16,0.06530450274218177,0.02568552577507032,0.09435116107427327,0.08636584427037325,0.0845103433656006,0.06298905610257698,8.099444154233094e-05,6,49,0.06701075158166715,0.05660221633483642,True,True,False,1.6601357548359848e-08,COMPLETE
250,0.41896353960037236,2025-04-10 20:47:54.556224,2025-04-10 20:48:02.086156,0 days 00:00:07.529932,0.3844345994470455,0.19436524278055886,8,0.08160190205117962,0.0059082850164670145,0.09637254317365188,0.08048346617540918,0.0828157866980096,0.060227404744691154,6.517727898169505e-05,6,35,0.06867497564536008,0.04820267856526995,True,False,False,1.2435325995103451e-08,COMPLETE
251,0.16251429915428162,2025-04-10 20:48:02.176508,2025-04-10 20:48:08.826316,0 days 00:00:06.649808,0.36861512608076524,0.22363457615112226,16,0.06389746460012781,0.029472674603763863,0.09798863729084598,0.07418705972541588,0.08648998018646602,0.06251686499111996,9.410536313822258e-05,7,44,0.06372011469150277,0.0603926392014787,False,True,False,1.5817649033595153e-08,COMPLETE
252,0.42704637050628663,2025-04-10 20:48:08.906527,2025-04-10 20:48:15.565992,0 days 00:00:06.659465,0.33875809619725566,0.1604457397188553,16,0.07022658230250092,0.017351691728294854,0.09491722853181642,0.08301963775013868,0.07926074590413211,0.06506561750330601,0.00014352580263080883,6,40,0.06689762754341419,0.05212773526578234,True,True,False,2.487858118417913e-08,COMPLETE
253,0.33722354769706725,2025-04-10 20:48:15.646219,2025-04-10 20:48:22.336568,0 days 00:00:06.690349,0.3336070830845742,0.15470658182401958,16,0.060399955055369214,0.017133139556701423,0.09133799096882218,0.08274501459030488,0.07959326513435967,0.06577575984084058,0.00013558348124810375,6,41,0.06553023628035953,0.0501510472482998,True,True,False,3.898515862032884e-08,COMPLETE
254,0.41447123885154724,2025-04-10 20:48:22.416268,2025-04-10 20:48:29.180831,0 days 00:00:06.764563,0.35508944565616857,0.16066405811230178,16,0.07266427675319978,0.013821199977218993,0.09364899648792072,0.08108590533780607,0.08129018716153852,0.06782519634053419,7.87891088828112e-05,7,46,0.06768125797769782,0.047986211453666223,True,True,False,2.2949997173770827e-08,COMPLETE
255,0.42974901795387266,2025-04-10 20:48:29.263623,2025-04-10 20:48:35.976183,0 days 00:00:06.712560,0.39647481469091556,0.18260041238667676,16,0.0689245248266004,0.023920001044611366,0.09485696115405179,0.07792218271802623,0.07802526203633206,0.05821682347722629,0.0001140026584216769,6,40,0.0668444127055407,0.051280593786542365,True,True,False,1.3028930137171347e-08,COMPLETE
256,0.41661896109581,2025-04-10 20:48:36.057082,2025-04-10 20:48:42.788836,0 days 00:00:06.731754,0.32977421504672716,0.18123487112815514,16,0.07059592784030518,0.009236378295066773,0.09422892876305318,0.08365918289267159,0.07757880839008577,0.05919821082822976,0.00012453895697566196,7,40,0.06952859124233077,0.05375177819002679,True,True,False,1.7843575802508546e-08,COMPLETE
257,0.26171629428863524,2025-04-10 20:48:42.879807,2025-04-10 20:48:49.533788,0 days 00:00:06.653981,0.40299991216987235,0.151491916004251,16,0.0682347382698783,0.01890522178866625,0.09157220024840329,0.07771862153574266,0.08002310659181544,0.05785457364939109,0.000170685713199151,6,40,0.0752053992232036,0.04577084409117031,True,True,False,1.0603885868107863e-08,COMPLETE
258,0.28813407421112064,2025-04-10 20:48:49.615216,2025-04-10 20:48:56.514787,0 days 00:00:06.899571,0.424509360153429,0.9947428313278354,16,0.07668910659113932,0.02398502692231408,0.09547352469678934,0.07611984459836364,0.08390301754659796,0.06529783348592166,9.672748117668531e-05,8,36,0.06452243218216304,0.06542003665088349,True,True,False,1.574591307467063e-08,COMPLETE
259,0.17655999362468722,2025-04-10 20:48:56.597141,2025-04-10 20:49:03.266163,0 days 00:00:06.669022,0.3505252168070253,0.18755532340698594,16,0.08263725026863775,0.02286196664167691,0.09776294922337331,0.08084205984033507,0.08880184471273414,0.0608670633580849,0.00797592437160426,7,42,0.023681086586236983,0.044474140218851224,True,True,False,1.3549775605301753e-08,COMPLETE
260,0.29953829050064085,2025-04-10 20:49:03.350005,2025-04-10 20:49:10.036513,0 days 00:00:06.686508,0.2975675152904385,0.16601162674259598,16,0.056085001537346954,0.027598080657737535,0.09326391418484814,0.07318422849064302,0.07809869026971161,0.03519472417239867,0.00011070268138446834,6,49,0.06859732326035248,0.03725863508563398,True,True,False,1.183999229177196e-08,COMPLETE
261,0.2940509378910065,2025-04-10 20:49:10.119651,2025-04-10 20:49:16.861279,0 days 00:00:06.741628,0.39268057537142753,0.13533292339268155,16,0.05095913808656527,0.0121469005075571,0.09603803817347512,0.08338002074586134,0.08489934297111741,0.05794339951426632,0.00014813987380275337,7,34,0.07489676962680848,0.05458732559882243,True,True,False,2.0406732588627798e-08,COMPLETE
262,0.14745746850967406,2025-04-10 20:49:16.945548,2025-04-10 20:49:23.304270,0 days 00:00:06.358722,0.36689433613401884,0.20664016013908973,16,0.04749073278796896,0.021005206440104347,0.09774480455162204,0.08546495729165555,0.08268270185732295,0.06949890967367583,0.00020421491312013732,5,39,0.007754199197194063,0.06059010151846364,True,True,False,2.5211934478694476e-08,COMPLETE
263,0.41798896193504337,2025-04-10 20:49:23.396076,2025-04-10 20:49:30.260417,0 days 00:00:06.864341,0.30996999614851056,0.1728772430805018,16,0.06083717751734979,0.031457778502371726,0.09397510060472865,0.07960896637740365,0.0795929119767492,0.056113305278549484,8.217244935292871e-05,8,44,0.066305978853335,0.046682020522730114,True,True,False,1.7324637969834914e-07,COMPLETE
264,0.35886702537536624,2025-04-10 20:49:30.342816,2025-04-10 20:49:37.071263,0 days 00:00:06.728447,0.34141860431939225,0.18803178372108506,16,0.06731267912992513,0.006245271438191875,0.09814936136991191,0.07075064183326885,0.0908035832029182,0.0648655570636994,6.80227609213223e-05,6,38,0.07063974186631493,0.03594674730001886,True,True,False,1.0265738627513422e-08,COMPLETE
265,0.17938598096370698,2025-04-10 20:49:37.156443,2025-04-10 20:49:43.930858,0 days 00:00:06.774415,0.3242520650227081,0.1447589807816823,16,0.15647696370232086,0.03208107500534266,0.091204690289804,0.08710515732189941,0.08654848103951683,0.05835903867532512,0.000508632829659065,7,42,0.07364217578338816,0.026685126437115365,True,True,False,1.7231761431993938e-08,COMPLETE
266,0.20685605704784396,2025-04-10 20:49:44.014812,2025-04-10 20:49:50.729661,0 days 00:00:06.714849,0.3696421286374084,0.12028962268506252,16,0.12746985716430922,0.01712294074850091,0.0958254075825678,0.0776078740874029,0.08826423172085197,0.06084655766413689,0.00010962943999171429,6,47,0.07627333303558678,0.0418369036428089,True,True,False,3.43861590759917e-08,COMPLETE
267,0.40527510046958926,2025-04-10 20:49:50.817529,2025-04-10 20:49:57.417702,0 days 00:00:06.600173,0.34987048861662784,0.15979669761796073,16,0.05490900372320026,0.024053836251531402,0.09795404587301947,0.07522609748827393,0.0935943777144937,0.054996282053568706,8.709697157373747e-05,5,36,0.06947395793536741,0.051669483595408766,True,True,False,1.4175506353688211e-08,COMPLETE
268,0.25180904269218446,2025-04-10 20:49:57.512336,2025-04-10 20:50:07.799246,0 days 00:00:10.286910,0.41331437399968124,0.20950825230324688,2,0.048404660071943516,0.03602590465411396,0.094660647625356,0.08130978130606019,0.08421926563428245,0.04026592167695075,6.098163855223307e-05,7,40,0.061589408875126705,0.044547845623621206,True,True,False,2.598826254656087e-07,COMPLETE
269,0.08864488303661347,2025-04-10 20:50:07.884644,2025-04-10 20:50:14.480833,0 days 00:00:06.596189,0.38654016255957124,0.1783569717435512,16,0.07659465441051669,0.02850427858738628,0.09638456548268724,0.08275082220358906,0.08225997556294812,0.05692568714983095,0.0011643428033080265,6,44,0.07357519560430535,0.03257158166148659,True,True,False,3.589269612735603e-07,COMPLETE
270,0.2197676718235016,2025-04-10 20:50:14.567589,2025-04-10 20:50:21.716800,0 days 00:00:07.149211,0.3020388896245335,0.1408796342043902,16,0.059474222388780605,0.034621353320651,0.09855099377861634,0.07917258810572432,0.08634165497347848,0.06323451891567326,7.257036535461736e-05,8,51,0.07124669782976635,0.05818729551265398,False,False,False,2.9755342889966483e-07,COMPLETE
271,0.37702979445457463,2025-04-10 20:50:21.803714,2025-04-10 20:50:28.347525,0 days 00:00:06.543811,0.33123400146383386,0.1929899593262493,16,0.05455973031789513,0.026023523707839426,0.09236075360027478,0.07660781253247455,0.08962883557572741,0.03886398421453682,6.058149085428484e-05,5,33,0.06683579621484138,0.03820242211308227,True,True,False,1.0004531056629707e-08,COMPLETE
272,0.26860322356224064,2025-04-10 20:50:28.433535,2025-04-10 20:50:35.179246,0 days 00:00:06.745711,0.3670730992656745,0.1619064500980139,16,0.0447530581679991,0.03759996419847169,0.0887895730159783,0.08929609154674091,0.07681030310607911,0.06640324869189108,0.0003992078580415492,7,42,0.07550704301431012,0.049034596309413266,True,True,False,1.9810218043410134e-08,COMPLETE
273,0.3376761138439179,2025-04-10 20:50:35.276169,2025-04-10 20:50:42.313503,0 days 00:00:07.037334,0.3190928789522953,0.9476861474013554,8,0.07063855942757705,0.012358046965064123,0.09830853657274302,0.07301706152869873,0.08067122405573307,0.05373246798256282,7.74458451826237e-05,6,38,0.06409477191159961,0.05388334942952688,True,True,False,2.3331459249444555e-07,COMPLETE
274,0.2995315194129944,2025-04-10 20:50:42.401403,2025-04-10 20:50:49.303591,0 days 00:00:06.902188,0.42562053096761715,0.21304007699772828,16,0.08719494865782752,0.019038509288849245,0.09476057057888995,0.09151841963780945,0.08420294801911758,0.043192662451702384,9.513745173655889e-05,8,46,0.07258642492237026,0.023879248126917746,True,True,False,1.3607576259380445e-08,COMPLETE
275,0.41913190484046936,2025-04-10 20:50:49.389720,2025-04-10 20:50:56.030286,0 days 00:00:06.640566,0.34692402542726253,0.24240560095382574,16,0.06404931336843546,0.030788814349082982,0.09993218418362095,0.08615349130970285,0.09165146437319635,0.059231258788700406,0.00013462093197712873,6,40,0.06864962008328686,0.04131452461658186,True,True,False,3.2085126740931343e-07,COMPLETE
276,0.4029511630535126,2025-04-10 20:50:56.120112,2025-04-10 20:51:02.977083,0 days 00:00:06.856971,0.40283711386756904,0.1834999109815964,16,0.05048588528842606,0.05113938270034804,0.09634521900669292,0.07873129292851518,0.08748383412594614,0.05663757269975192,5.4737695004416825e-05,7,35,0.07360642832053198,0.0641526629923802,True,True,False,1.2821453302418464e-08,COMPLETE
277,0.4083994567394257,2025-04-10 20:51:03.064713,2025-04-10 20:51:09.644084,0 days 00:00:06.579371,0.37623733844872836,0.27634677708130495,16,0.045193383423886346,0.039753942632436624,0.0936307876935298,0.0825128304430825,0.08277395972280192,0.06180643341505015,3.7923094064714435e-05,5,47,0.07037582381820319,0.029398263703933857,True,True,False,1.6173221767662183e-07,COMPLETE
278,0.4016193449497223,2025-04-10 20:51:09.742886,2025-04-10 20:51:16.399973,0 days 00:00:06.657087,0.295533923569015,0.13019701669512762,16,0.05746186630272582,0.032585214958070895,0.09660800179012843,0.07521104066129604,0.07995760524749813,0.05323782833237587,6.517213324818658e-05,6,44,0.049841818311168934,0.03602172610202613,True,True,False,1.7813295330708103e-08,COMPLETE
279,0.4240399539470673,2025-04-10 20:51:16.487798,2025-04-10 20:51:23.304281,0 days 00:00:06.816483,0.33732278496249296,0.1608623576038051,16,0.05152655470239063,0.02310422848442097,0.098323785456087,0.08041958027571673,0.0855688487676095,0.055388353756577594,5.79941909306115e-05,7,38,0.07588259517910585,0.04633622182070764,True,True,False,3.9092513508995564e-07,COMPLETE
280,0.22692726850509645,2025-04-10 20:51:23.392267,2025-04-10 20:51:30.037820,0 days 00:00:06.645553,0.33010394667035087,0.19634504540183947,16,0.06568677242425093,0.02212931175987313,0.011724993007770294,0.07996054773111483,0.0856096996253679,0.05562195239668856,7.353058223953814e-05,7,15,0.07678724563289172,0.04867442406927462,True,True,False,9.992580233995742e-08,COMPLETE
281,0.42520674467086794,2025-04-10 20:51:30.126822,2025-04-10 20:51:36.800719,0 days 00:00:06.673897,0.3549860542711881,0.11199432969851782,16,0.05578643099817088,0.02635019544908385,0.09856439919287525,0.0782372627888146,0.08869350079886541,0.05841550521264818,5.5998418366817326e-05,6,42,0.07109491380314333,0.05649042074228535,True,True,False,2.609960346336755e-08,COMPLETE
282,0.3887551903724671,2025-04-10 20:51:36.888883,2025-04-10 20:51:43.470321,0 days 00:00:06.581438,0.3137154557854437,0.10947083017926579,16,0.05516112243855775,0.02461025367470447,0.09982966199530288,0.08142764658264462,0.08986679134056605,0.059279814082934756,5.470922049488681e-05,5,31,0.07172244486257398,0.05870807843630459,True,True,False,2.9207395131002653e-08,COMPLETE
283,0.42278617024421694,2025-04-10 20:51:43.560275,2025-04-10 20:51:50.294399,0 days 00:00:06.734124,0.3475557951956829,0.1441582034570307,16,0.04964456956413603,0.03079127341459848,0.09842821460734422,0.07009470147871777,0.09331623765581436,0.0574598201207697,5.883357619198905e-05,7,37,0.07313082031086306,0.04333997378801611,True,True,False,4.6500196909242146e-08,COMPLETE
