number,value,datetime_start,datetime_complete,duration,params_alpha-eval,params_alpha-train,params_batch-size,params_eps-eval,params_eps-train,params_lambda-actions-eval,params_lambda-actions-train,params_lambda-frames-eval,params_lambda-frames-train,params_learning-rate,params_n-epochs,params_n-frames,params_radius-gw,params_rho,params_std-feats,params_ub-actions,params_ub-frames,params_weight-decay,state
964,0.44589593410491946,2025-04-17 20:38:12.961428,2025-04-17 20:38:23.442988,0 days 00:00:10.481560,0.38939247722439274,0.8208119478994637,2,0.2764731386043468,0.01981133515532942,0.08470913280187857,0.05191764147290198,0.037702210871935024,0.009298865370074183,0.00018779516985410212,5,41,0.03458300351894006,0.24769335978134424,True,False,False,7.614926646333712e-05,COMPLETE
965,0.45119341611862185,2025-04-17 20:38:23.759638,2025-04-17 20:38:34.781545,0 days 00:00:11.021907,0.20268477979552513,0.7845681726847893,2,0.27026054203516775,0.040146964524209725,0.08029945639142595,0.04006227418227287,0.04689234133294598,0.010848205559603261,0.0003340490897121371,6,36,0.05569213653789789,0.2687378958290664,True,False,False,0.0001413745769417307,COMPLETE
966,0.4592961728572846,2025-04-17 20:38:35.100868,2025-04-17 20:38:45.552854,0 days 00:00:10.451986,0.36536313501359885,0.8481104292174488,2,0.28880957087357356,0.03299735482668274,0.0822185308036512,0.0500323349816019,0.0439174158711387,0.006324053599051032,0.0002486837896922657,5,45,0.046180546050906206,0.25470008193156907,True,False,False,3.104240253902957e-08,COMPLETE
967,0.43544393777847296,2025-04-17 20:38:45.874878,2025-04-17 20:38:56.459468,0 days 00:00:10.584590,0.33889998386126585,0.9053246284200016,2,0.2896857657739117,0.23003443435564627,0.0847938293884477,0.05456938064491289,0.04362219829808808,0.004110589321811179,0.00019498245595799934,5,53,0.046234744014305905,0.2550666639518699,True,False,False,4.0452126571362095e-08,COMPLETE
968,0.41357961893081663,2025-04-17 20:38:56.785426,2025-04-17 20:39:04.522217,0 days 00:00:07.736791,0.3199582248780373,0.8715553505356983,8,0.2876502725632099,0.050588915315985625,0.059137944971472824,0.05289270665998824,0.04466006956562343,0.006034382883280185,0.00021770180000028745,6,40,0.04276567136355609,0.25341802854766204,True,False,False,4.364348488167099e-08,COMPLETE
969,0.4443871915340424,2025-04-17 20:39:04.827059,2025-04-17 20:39:15.928264,0 days 00:00:11.101205,0.36873110539700277,0.8513759157356955,2,0.289930125426552,0.03641858688798638,0.04770949558042181,0.05126138328186465,0.0421662341919202,0.007095209762192712,0.0001580458365937562,6,46,0.04334231802586158,0.2596505052584335,True,False,False,5.5527606427747694e-08,COMPLETE
970,0.4447564423084259,2025-04-17 20:39:16.247967,2025-04-17 20:39:26.638783,0 days 00:00:10.390816,0.3500268168203577,0.8953779111372162,2,0.2892130842300669,0.043014719854554545,0.08325034620712399,0.04994967190773029,0.04586246146282384,0.00494659857233141,0.00023773685942133775,5,34,0.04722209162065325,0.24969126350150386,True,False,False,2.5638370530945824e-08,COMPLETE
971,0.44980499744415287,2025-04-17 20:39:26.956922,2025-04-17 20:39:37.419110,0 days 00:00:10.462188,0.3909504037018293,0.8707058836234759,2,0.28351807752116326,0.03362687130795034,0.08238591400639886,0.04988720208549874,0.039499776991348094,0.0022381011509358326,0.00017755506077948315,5,37,0.0475826958533585,0.2437277757198531,True,False,False,8.894754700689635e-08,COMPLETE
972,0.4255707979202271,2025-04-17 20:39:37.741838,2025-04-17 20:39:48.820371,0 days 00:00:11.078533,0.32865229760177195,0.8443767449999413,2,0.18068753965626472,0.043909055191980455,0.08481800435994243,0.05166277972978202,0.042629302454205695,0.006837770267337287,0.06508061138501264,6,48,0.04205052236417875,0.2639483555081055,True,False,False,7.630884027924434e-08,COMPLETE
973,0.3385005056858063,2025-04-17 20:39:49.146223,2025-04-17 20:40:00.987853,0 days 00:00:11.841630,0.38092581945102955,0.87725231553023,2,0.28226239755524907,0.03812054156226894,0.08200646064550664,0.04869553710308404,0.04946670517922184,0.008524007135411215,0.00013166245891779862,7,81,0.04535370626073122,0.25776072836516156,True,False,False,3.159986799544205e-08,COMPLETE
974,0.09234625697135926,2025-04-17 20:40:01.295006,2025-04-17 20:40:11.824021,0 days 00:00:10.529015,0.3687603046997776,0.8548538843297725,2,0.28863284607881406,0.026400572385573064,0.07629049245754342,0.052974380723936836,0.0474015080813174,0.0036540966153645045,0.0002608645878214746,6,111,0.053089690893330745,0.2508524624340682,True,True,True,5.303731318209535e-07,COMPLETE
975,0.44243795871734626,2025-04-17 20:40:12.147104,2025-04-17 20:40:22.546624,0 days 00:00:10.399520,0.3509185108403441,0.9189767663763287,2,0.2809929154077964,0.032174293150819815,0.07845173624723088,0.05063758760028074,0.04050099436350823,0.006197548780156834,0.00019755243689121332,5,42,0.04981531413178952,0.24121233398550143,True,False,False,3.8574505961472907e-07,COMPLETE
976,0.4494087219238282,2025-04-17 20:40:22.868957,2025-04-17 20:40:33.254170,0 days 00:00:10.385213,0.4142021047365539,0.8956797926046418,2,0.2908074923944697,0.049410345899586386,0.08694020562703132,0.057987353788800516,0.043814370601824214,0.008324219439568481,0.00024247903659099158,5,38,0.0984451154228871,0.2607522111057494,True,False,False,3.0314522954330294e-07,COMPLETE
977,0.36385217905044553,2025-04-17 20:40:33.579282,2025-04-17 20:40:44.801942,0 days 00:00:11.222660,0.3972987614100045,0.8315247569994932,2,0.2832696217878305,0.03841296909681349,0.054064048522263305,0.04829593983683892,0.04622782840935827,0.009619052156738668,0.00015555023921247195,6,30,0.03286538746887356,0.2677958455610482,True,False,False,0.0001121771722160629,COMPLETE
978,0.44724555611610417,2025-04-17 20:40:45.128371,2025-04-17 20:40:55.525179,0 days 00:00:10.396808,0.3715293491164275,0.9444994811570772,2,0.2785522735401921,0.04489039418394472,0.0824550500051314,0.056291627218165136,0.05045459648319851,0.002904901936289274,0.00026991779736192236,5,34,0.04864407999943602,0.24646580809732677,True,False,False,2.0287466301373828e-08,COMPLETE
979,0.3163488566875458,2025-04-17 20:40:55.836300,2025-04-17 20:41:13.601820,0 days 00:00:17.765520,0.41139176363787083,0.8540528035208399,2,0.2890402165725373,0.025267678933309348,0.08006149206645505,0.04735364049945012,0.044210197548800984,0.00547747238822505,0.000209140279626798,17,44,0.044792974869916374,0.25369864189192526,False,False,False,3.8336062406179455e-07,COMPLETE
980,0.3573763549327851,2025-04-17 20:41:13.929330,2025-04-17 20:41:24.960617,0 days 00:00:11.031287,0.35107849766453075,0.8711939515306636,2,0.28432156653817026,0.032819495348209334,0.07408681902964942,0.05014821034478195,0.04806989780806498,0.007634435294659653,0.00017754276404635197,6,40,0.022512009388000655,0.27089692632763096,True,False,False,6.646647591124086e-07,COMPLETE
981,0.40252402424812317,2025-04-17 20:41:25.285003,2025-04-17 20:41:35.778265,0 days 00:00:10.493262,0.2924277929277252,0.8309651784266342,2,0.2642053998260026,0.09762883000253239,0.08527869030404965,0.046028851201790205,0.045807443282762206,0.010241036201014127,0.00023765055285055606,5,56,0.04066471642092922,0.2395778989812479,True,False,False,8.37438666958123e-05,COMPLETE
982,0.348064124584198,2025-04-17 20:41:36.106607,2025-04-17 20:41:47.757221,0 days 00:00:11.650614,0.5392096274106408,0.8851925470765216,2,0.2765565288306078,0.015899337096654215,0.07801728650429988,0.047882356772991616,0.041370070961654834,0.004443509027114566,0.00028408358200169735,7,50,0.05194462883805042,0.25716064227847424,True,False,False,2.738039729897093e-07,COMPLETE
983,0.4528184294700623,2025-04-17 20:41:48.084792,2025-04-17 20:41:59.118663,0 days 00:00:11.033871,0.3673086492087265,0.8439154036173151,2,0.29095678822150184,0.05332755635028119,0.04408708355871683,0.05304532918127532,0.03792246915168824,0.006989444243067614,0.00021429787052922202,6,39,0.04451430247463036,0.24838195473163815,True,False,False,5.320591083725282e-08,COMPLETE
984,0.4362216651439667,2025-04-17 20:41:59.446075,2025-04-17 20:42:09.893263,0 days 00:00:10.447188,0.3947296833141449,0.8045980179277119,2,0.27989676978596034,0.037936719329660584,0.08357431491412926,0.0377197644929258,0.05200421276066036,0.009028587274208971,0.00013815888604034237,5,46,0.045107736353404676,0.26308894622264556,True,False,False,2.509376828977997e-08,COMPLETE
985,0.4593460679054261,2025-04-17 20:42:10.207930,2025-04-17 20:42:21.314086,0 days 00:00:11.106156,0.3302326647011861,0.863053917207905,2,0.2704118505933213,0.028573970809444304,0.0808337146233058,0.042811297250368974,0.04357923823633741,0.011434715499516194,0.000177532050192875,6,36,0.05478236733870927,0.25518396014860145,True,False,False,0.00012983051255065377,COMPLETE
986,0.40776435732841493,2025-04-17 20:42:21.638289,2025-04-17 20:42:32.129907,0 days 00:00:10.491618,0.29992807779883723,0.8991639895149749,2,0.28400010581295476,0.010362178804511357,0.08133290968976938,0.04887937594508555,0.04013590264435161,0.0110538753653512,0.00013280696754525368,5,27,0.05040707091717418,0.2566210126779028,True,False,False,0.00012825640571157782,COMPLETE
987,0.44102938175201417,2025-04-17 20:42:32.455516,2025-04-17 20:42:44.115802,0 days 00:00:11.660286,0.32517684864373597,0.8749509564053876,2,0.26404556451558314,0.2665645149722818,0.08276980246194368,0.046173367974602864,0.04127813803502452,0.008258612633775392,0.00016094139549961497,7,32,0.04923725899933089,0.250544004246618,True,False,False,0.0001167249454014158,COMPLETE
988,0.43831003308296207,2025-04-17 20:42:44.444107,2025-04-17 20:42:55.544635,0 days 00:00:11.100528,0.31373332541190735,0.9150951931547273,2,0.27571031120905387,0.01988495887992841,0.08064979440456013,0.05069383020530293,0.04369576479020283,0.005880781711796543,0.00029555220348075626,6,29,0.05305624792825259,0.24519955901624108,True,False,False,0.00010705295846030547,COMPLETE
989,0.3923743665218353,2025-04-17 20:42:55.872266,2025-04-17 20:43:03.402756,0 days 00:00:07.530490,0.32524777506477087,0.8861727741434495,8,0.2913065956418388,0.022999904538153766,0.08503547057454838,0.040568495582908176,0.041979150280098326,0.00994392020452942,0.00016493098451188755,5,33,0.05434548098733402,0.23853249053995595,True,False,False,0.00017770971657669332,COMPLETE
990,0.3265130817890167,2025-04-17 20:43:03.714768,2025-04-17 20:43:14.953907,0 days 00:00:11.239139,0.35043610706846723,0.8643958458696935,2,0.2706895660094148,0.0292603447234331,0.0792605091549389,0.04396180566386157,0.04281497561111336,0.002894744279635207,0.00023911035160487657,6,86,0.05472852962694236,0.2546529598195891,True,False,False,0.00015380270501195114,COMPLETE
991,0.4464048802852631,2025-04-17 20:43:15.279061,2025-04-17 20:43:25.676952,0 days 00:00:10.397891,0.33788880625483725,0.8604789687346306,2,0.28446937129809896,0.015805271028118777,0.08188541204937001,0.05500473121371659,0.03746729574094625,0.001175124422087304,0.00019079143291800583,5,34,0.05092659049178044,0.24634525287520495,True,False,False,9.212453088731092e-05,COMPLETE
992,0.10291210412979127,2025-04-17 20:43:26.001407,2025-04-17 20:43:37.186388,0 days 00:00:11.184981,0.3628080739186451,0.8872798428689221,2,0.278754111046731,0.02834655202751936,0.08663001585535288,0.04726306323490413,0.039474825871581055,0.007024305459356634,0.00036304575990475055,8,37,0.06130040648206624,0.24924737048980705,True,False,True,7.385132599565972e-05,COMPLETE
993,0.4538415610790253,2025-04-17 20:43:37.512860,2025-04-17 20:43:48.532972,0 days 00:00:11.020112,0.30915626607476887,0.9332698100006521,2,0.2626093354804295,0.021545300262603984,0.0835648256430169,0.051625352883221474,0.043866099245723586,0.011515446885786255,0.00026934426018179373,6,36,0.048234106831660614,0.25323313639849593,True,False,False,0.00013637418244945526,COMPLETE
994,0.4420038342475891,2025-04-17 20:43:48.863962,2025-04-17 20:43:59.221372,0 days 00:00:10.357410,0.3408205737103755,0.8494278750203681,2,0.2917704399289199,0.024376065611541313,0.0805311753090715,0.043458418044810425,0.035473686256300964,0.009344897045241085,0.00020635295258711442,5,31,0.052651637288124144,0.26191156361517326,True,False,False,0.00017092376457725724,COMPLETE
995,0.129375958442688,2025-04-17 20:43:59.552713,2025-04-17 20:44:10.156180,0 days 00:00:10.603467,0.3679973567555415,0.8660225995113514,2,0.2731975999772572,0.0315171131190359,0.07916793500389827,0.048539126326285896,0.04499241717224434,0.005517165876803467,0.00031396193592451424,7,35,0.05653170618978034,0.23756698781341654,True,True,False,0.00010283016764603284,COMPLETE
996,0.44864594340324404,2025-04-17 20:44:10.469796,2025-04-17 20:44:21.525849,0 days 00:00:11.056053,0.378031129333634,0.9073568792861556,2,0.2683766642133906,0.011266017168386822,0.08421901753680565,0.04602191314431351,0.04178849902246328,0.008050122242909262,0.00023182678665466036,6,37,0.05078427699231261,0.2582640844505074,True,False,False,0.00013405541554624667,COMPLETE
997,0.4482117772102356,2025-04-17 20:44:21.854352,2025-04-17 20:44:32.281854,0 days 00:00:10.427502,0.4035118472627426,0.843343959873506,2,0.28690250345989327,0.04118672519664586,0.08207699230863204,0.03910254931621508,0.03953591160480186,0.0119634199843451,0.00013855584672007738,5,41,0.05838332162501631,0.24421612777535934,True,False,False,7.954934812567887e-05,COMPLETE
998,0.41941038966178895,2025-04-17 20:44:32.610665,2025-04-17 20:44:43.507167,0 days 00:00:10.896502,0.41878897251424047,0.8906935252408863,2,0.08824127784565516,0.02697453860796656,0.07862687582521755,0.05010097138559577,0.045616108094828474,0.010028263275260864,0.0001695999274248571,6,33,0.05451895612325128,0.25276783593612395,False,False,False,4.873592663094446e-07,COMPLETE
999,0.42928943634033206,2025-04-17 20:44:43.837977,2025-04-17 20:44:55.527714,0 days 00:00:11.689737,0.3343405839157813,0.8591228614136756,2,0.27815899251634113,0.04930886109494503,0.08728609358005607,0.042036064572557486,0.046277009539754076,0.06746678281396368,0.00026535928782763635,7,25,0.04620947770313653,0.24281335339627277,True,False,False,0.00018364325982490466,COMPLETE
1000,0.4529234528541565,2025-04-17 20:44:55.860065,2025-04-17 20:45:06.321818,0 days 00:00:10.461753,0.38675252739043764,0.956527391624465,2,0.29288965162250435,0.034045459253317596,0.08128199373361214,0.044547014879766485,0.04332538200214246,0.005053043463405619,0.0003599492499627692,5,38,0.06585426598250144,0.2613724025896342,True,False,False,0.0001063517467638808,COMPLETE
1001,0.42696358561515807,2025-04-17 20:45:06.655471,2025-04-17 20:45:17.720893,0 days 00:00:11.065422,0.5408810021509003,0.49960133286827774,2,0.2614866138716007,0.019126848879598257,0.08514830280553665,0.04695831767985399,0.04091969785461608,0.006964267574238456,0.00022419385157990227,6,43,0.04647473805303876,0.2508745297586428,True,False,False,0.00014235537972005736,COMPLETE
1002,0.3239608108997345,2025-04-17 20:45:18.040009,2025-04-17 20:45:28.541500,0 days 00:00:10.501491,0.3606042566275415,0.8363758585055412,2,0.2844107986452395,0.04279630195044855,0.07723500944356496,0.049038198350278055,0.038040764698539765,0.0038183127004159257,0.00018844704803346016,5,70,0.04953812336164571,0.2651242342455254,True,False,False,0.00017982257574486373,COMPLETE
1003,0.4561310946941376,2025-04-17 20:45:28.872912,2025-04-17 20:45:39.304659,0 days 00:00:10.431747,0.4257450408783815,0.881620129460458,2,0.2760003882528269,0.028506601203303138,0.08310730624673618,0.04502442043316304,0.04394000464008303,0.012266114511467304,0.00030743403801124957,5,36,0.04698049288602441,0.236476127268941,True,False,False,8.982407534222654e-05,COMPLETE
1004,0.22828315496444704,2025-04-17 20:45:39.634386,2025-04-17 20:45:51.146558,0 days 00:00:11.512172,0.35299749223768556,0.8303928947692915,2,0.2711896493532793,0.03509165651954699,0.07979583111316253,0.04150512108564231,0.05407635036132906,0.008237302563386504,0.0002650747611247944,6,120,0.04886772045730573,0.00434439922908092,True,False,False,6.343724989432298e-07,COMPLETE
1005,0.4585004031658173,2025-04-17 20:45:51.479387,2025-04-17 20:46:02.596509,0 days 00:00:11.117122,0.31861404218335254,0.9161245637441054,2,0.28139330316404676,0.05162288564799533,0.0816429020621954,0.05248980849988671,0.047781144758734614,0.010139364072186291,0.00015816288705103822,6,40,0.04328932518470503,0.25697576827288005,True,False,False,0.00012468746997915605,COMPLETE
1006,0.41358662843704225,2025-04-17 20:46:02.930158,2025-04-17 20:46:13.404921,0 days 00:00:10.474763,0.3056392252150226,0.9424968909125394,2,0.2667370794057704,0.053208746244887875,0.0832088975805422,0.05648853836237805,0.04763642606866195,0.008932529049058904,0.00013193503325458454,5,47,0.04177506144524661,0.25831005285539815,True,False,False,7.148969206344359e-05,COMPLETE
1007,0.09234625697135926,2025-04-17 20:46:13.739288,2025-04-17 20:46:25.294355,0 days 00:00:11.555067,0.2821860604519172,0.9515355311323853,2,0.2792134304087639,0.004780949602220211,0.08557209941233888,0.05371689608216078,0.0501586793443203,0.006558040921267473,0.00014785205988411854,7,43,0.03907434029458866,0.2577667589503053,True,False,False,0.00011290449393665189,COMPLETE
1008,0.4494402170181274,2025-04-17 20:46:25.613440,2025-04-17 20:46:36.092367,0 days 00:00:10.478927,0.25719060594452553,0.9315058541779726,2,0.15770949138647405,0.023350622635045372,0.081598853956199,0.05504592107047442,0.04738579775552523,0.0047037276648559095,0.00013045363305911692,5,41,0.04364808989064961,0.26711212196815043,True,False,False,0.00010120201177784196,COMPLETE
1009,0.4493791997432709,2025-04-17 20:46:36.422946,2025-04-17 20:46:47.469421,0 days 00:00:11.046475,0.31880251025465584,0.9161207075197993,2,0.273087205247559,0.03074076170379699,0.08368024169636497,0.05925524728774187,0.04926978472487841,0.010180769254455487,0.00018415082295703683,6,45,0.04376864201488274,0.2624825921445811,True,False,False,8.575566941724723e-05,COMPLETE
1010,0.4535716354846955,2025-04-17 20:46:47.800253,2025-04-17 20:46:59.434766,0 days 00:00:11.634513,0.32687017350039155,0.9136242911089396,2,0.2616071562793342,0.03930438205647066,0.08062988465447123,0.05244074543441388,0.045338016178281725,0.0083862046763554,0.00015506529243056085,7,40,0.042463986398557405,0.2550006553818155,True,False,False,0.000125922497741495,COMPLETE
1011,0.0919472247362137,2025-04-17 20:46:59.768905,2025-04-17 20:47:07.007965,0 days 00:00:07.239060,0.3014378887902851,0.9275683389613608,8,0.29161381196207864,0.015506817922409852,0.0858241981160437,0.05715222695477367,0.047579697143101854,0.006265388588687612,0.00015885651872308518,6,43,0.0399299685341328,0.2513617591438363,True,False,True,0.00013818566130753538,COMPLETE
1012,0.42543106079101567,2025-04-17 20:47:07.340817,2025-04-17 20:47:17.862116,0 days 00:00:10.521299,0.32716109725439646,0.9066485322795412,2,0.2668062450655629,0.11935577577653567,0.0818288393560577,0.054435052290594574,0.05115692117547789,0.07963048135615931,0.0001306351323066481,5,48,0.04380745664088584,0.2736954962564576,True,False,False,6.809289067002979e-05,COMPLETE
1013,0.18137490451335908,2025-04-17 20:47:18.201797,2025-04-17 20:47:29.376634,0 days 00:00:11.174837,0.33943983149305623,0.9009082792357417,2,0.2809195682493878,0.0448743017179998,0.07973185061588921,0.050889650564628144,0.04559116825010059,0.010794123567013075,0.0001779656676433261,8,39,0.03825210674596835,0.26427558975967225,True,True,False,9.855280803623712e-05,COMPLETE
1014,0.4513363242149353,2025-04-17 20:47:29.696066,2025-04-17 20:47:40.059620,0 days 00:00:10.363554,0.29180876762813995,0.8908698266276802,2,0.2738905950362909,0.02413736567583022,0.0838243284199751,0.03736077612722589,0.04758171890690651,0.0028005085643661633,0.00037522503355174415,5,35,0.041399015122878365,0.2580859523018502,True,False,False,0.00012784086444150335,COMPLETE
1015,0.4535256981849671,2025-04-17 20:47:40.394447,2025-04-17 20:47:51.493616,0 days 00:00:11.099169,0.3751470966600709,0.9752330089142366,2,0.1175030060704608,0.03359972895134217,0.08784204668093382,0.0529210483207205,0.04958225473498397,0.07479169870466751,0.00021961743717708194,6,42,0.045551416636804454,0.2690080243531154,True,False,False,4.5076414270515163e-07,COMPLETE
1016,0.45972248911857605,2025-04-17 20:47:51.828896,2025-04-17 20:48:02.261586,0 days 00:00:10.432690,0.3497430028478513,0.8770706722738864,2,0.2861066448550542,0.03933427189170402,0.08188963489175825,0.05153121685972753,0.05237508589587324,0.012778845482620723,0.0002662250434280254,5,45,0.044676386375287105,0.25077911978985046,True,False,False,0.00015493084890440574,COMPLETE
1017,0.3129625201225281,2025-04-17 20:48:02.601059,2025-04-17 20:48:13.696733,0 days 00:00:11.095674,0.31676481307843146,0.9269759589065925,2,0.2889656688415456,0.01937554543095676,0.07929960898579357,0.0546203229860066,0.05449699080067688,0.05926778571733908,0.00016886181781088224,6,51,0.04461667926495071,0.24764441286858085,True,False,False,0.00015825692559146934,COMPLETE
1018,0.31340190172195437,2025-04-17 20:48:14.031984,2025-04-17 20:48:24.434780,0 days 00:00:10.402796,0.34552794195694514,0.9072170669500783,2,0.28689670688572266,0.028074530850659835,0.08107232879219438,0.053428210360312235,0.05324381213908096,0.013057137446279291,0.00019713239377994963,5,52,0.04634337571937131,0.2559856718979165,False,False,False,0.00015925884872484552,COMPLETE
1019,0.4277546882629395,2025-04-17 20:48:24.779560,2025-04-17 20:48:40.932173,0 days 00:00:16.152613,0.34384951549728016,0.8816497998896504,2,0.2926555909824912,0.036831194636464906,0.07834598386859923,0.05199979534966315,0.05515405126946001,0.012894303211241683,0.0002361853086129284,14,49,0.0476812257533187,0.264991723712345,True,False,False,0.00018074975031599509,COMPLETE
1020,0.4098645389080048,2025-04-17 20:48:41.254647,2025-04-17 20:48:52.348974,0 days 00:00:11.094327,0.3241583354612455,0.8755468601368417,2,0.2937330017135247,0.05153471156543705,0.08494834526489717,0.05691231123388626,0.05278914730465424,0.012786687089640491,0.00012188938912143533,6,47,0.041223100026988715,0.2497306477930946,True,False,False,3.4557402671257704e-07,COMPLETE
