number,value,datetime_start,datetime_complete,duration,params_alpha-eval,params_alpha-train,params_batch-size,params_eps-eval,params_eps-train,params_lambda-actions-eval,params_lambda-actions-train,params_lambda-frames-eval,params_lambda-frames-train,params_learning-rate,params_n-epochs,params_n-frames,params_radius-gw,params_rho,params_std-feats,params_ub-actions,params_ub-frames,params_weight-decay,state
1135,0.4208590030670166,2025-04-17 21:10:17.563275,2025-04-17 21:10:28.167564,0 days 00:00:10.604289,0.34591836444917945,0.8335993885137654,2,0.2827357361361703,0.057823024719408825,0.07724732079427121,0.05341898968394949,0.049994098249991514,0.009105652018856863,0.00012542980467741783,5,46,0.057632193421809565,0.2513525016549402,True,False,False,6.765188412504587e-07,COMPLETE
1136,0.44317266345024114,2025-04-17 21:10:28.538941,2025-04-17 21:10:39.594875,0 days 00:00:11.055934,0.3162914914917122,0.8084896147863776,2,0.2663042088469967,0.15429358383699757,0.08014241706681419,0.04678649621306263,0.05888486914040662,0.011762862720149227,0.0001646811200721591,6,43,0.05522145027902971,0.26437843424946833,True,False,False,1.370820704408791e-06,COMPLETE
1137,0.45102326869964604,2025-04-17 21:10:39.967506,2025-04-17 21:10:50.458008,0 days 00:00:10.490502,0.2572440126617293,0.7605654713601658,2,0.2779400944784433,0.038750968807018296,0.08602122396041618,0.049541060779785984,0.04843047286125743,0.006511824095302871,0.0002395851152464965,5,39,0.02985141961681523,0.28490346836293756,True,False,False,7.992156816238231e-07,COMPLETE
1138,0.4191947102546692,2025-04-17 21:10:50.832392,2025-04-17 21:10:58.507227,0 days 00:00:07.674835,0.27766476492664394,0.8676321812882812,8,0.2710754016436904,0.0453621475431174,0.08280717500983187,0.04492713063600754,0.0620488673509969,0.010532556438098625,0.0002955757556677461,6,32,0.052054797006940684,0.2562602291008347,True,False,False,1.7165848244348972e-06,COMPLETE
1139,0.4489470720291138,2025-04-17 21:10:58.882314,2025-04-17 21:11:09.383165,0 days 00:00:10.500851,0.29883888767442557,0.8214248666706262,2,0.2847261624035101,0.052784109836337634,0.07913289681459064,0.05143867896658388,0.06464272227435086,0.015646456885312444,0.0003766243963416756,5,36,0.04943245083305247,0.26968330040290955,True,False,False,2.3522794588792652e-06,COMPLETE
1140,0.3813369691371918,2025-04-17 21:11:09.761764,2025-04-17 21:11:20.223834,0 days 00:00:10.462070,0.22431493630658622,0.5201287798929939,2,0.2589643053409965,0.03819602914028384,0.08178111064329513,0.04716086502495356,0.05145752294489065,0.013147382499499934,0.00019265272270678683,5,48,0.06030881034307046,0.25025957440058466,True,False,False,1.002867735237677e-06,COMPLETE
1141,0.4393966138362885,2025-04-17 21:11:20.598562,2025-04-17 21:11:31.714229,0 days 00:00:11.115667,0.3307710240126445,0.8481258171177929,2,0.27371629917095514,0.047576631564587614,0.04920729661275291,0.04339878444524544,0.05524765672531486,0.004854149332683268,0.0001531184333700021,6,42,0.04605072508851516,0.2606516920806281,True,False,False,3.3935548456683158e-06,COMPLETE
1142,0.45774819850921633,2025-04-17 21:11:32.092160,2025-04-17 21:11:42.604891,0 days 00:00:10.512731,0.3465043826303582,0.5397507539014379,2,0.26576145746527147,0.03854913269653522,0.0763464054301193,0.08055696795127074,0.05771025813440931,0.008107424943384463,0.00026515242805362304,5,39,0.05168388925177472,0.28101768050046144,True,False,False,1.384965780717252e-06,COMPLETE
1143,0.4388563513755799,2025-04-17 21:11:42.983274,2025-04-17 21:11:53.417220,0 days 00:00:10.433946,0.3433970036618738,0.6184924241063384,2,0.25761499565120316,0.032877808872891344,0.07584600003121876,0.06507060311718849,0.06040791988986804,0.004650887001295084,0.0003663525446074487,5,30,0.05265226756309271,0.2850039811051067,True,False,False,1.7214330139987208e-06,COMPLETE
1144,0.44493420124053956,2025-04-17 21:11:53.794216,2025-04-17 21:12:04.179217,0 days 00:00:10.385001,0.35066881984749015,0.5983556396914209,2,0.26335932413495006,0.035245926668945236,0.04236413098260044,0.04436763587037992,0.057297677455040295,0.006835455698385628,0.0003177488614097865,5,36,0.05186944218240879,0.2822382679314093,True,False,False,1.1331207213237784e-06,COMPLETE
1145,0.09570676237344743,2025-04-17 21:12:04.563845,2025-04-17 21:12:14.007859,0 days 00:00:09.444014,0.3272470024091584,0.5737550662891908,2,0.2642395131767338,0.03907610281686519,0.07700074031864892,0.04301021657164125,0.0691933285615103,0.0073706875389593285,0.0004057464579182555,5,33,0.05123478480070419,0.2786174291504081,True,False,True,1.2734214158586884e-06,COMPLETE
1146,0.44877250194549567,2025-04-17 21:12:14.384757,2025-04-17 21:12:24.811099,0 days 00:00:10.426342,0.3477512623967868,0.5333457198029815,2,0.258925002114368,0.029105938069439573,0.07811827862326838,0.07994604145191707,0.05844635524229661,0.008389959541279286,0.00028237926409790286,5,39,0.05557413681656348,0.2865861113426287,True,False,False,1.569637903503e-06,COMPLETE
1147,0.09884782284498216,2025-04-17 21:12:25.194218,2025-04-17 21:12:34.821750,0 days 00:00:09.627532,0.3018193083939181,0.8718752215043885,2,0.26636009978664066,0.03521401581234424,0.0847073508727892,0.06389726105102654,0.05968175528923278,0.004929455463648388,0.00026906337316935755,5,78,0.04982174060270866,0.2766639010592453,True,True,False,2.516459208675573e-06,COMPLETE
1148,0.452366179227829,2025-04-17 21:12:35.182057,2025-04-17 21:12:45.717313,0 days 00:00:10.535256,0.3162869532233885,0.8626403630267584,2,0.14352933450681887,0.02584704515196892,0.07619192290778529,0.08396586527537347,0.056893390515647096,0.008143171718798236,0.0003218223072311762,5,38,0.053132352335938604,0.2812010593864039,True,False,False,1.3099495197248092e-06,COMPLETE
1149,0.44993201494216917,2025-04-17 21:12:46.094071,2025-04-17 21:12:56.579569,0 days 00:00:10.485498,0.34482886856948985,0.8479138169673304,2,0.2583578073570902,0.041231107757803566,0.08068553211705053,0.08472677248825594,0.055697694881798314,0.006778840190728779,0.0002372112832896838,5,34,0.04796221098287878,0.27286609123881295,True,False,False,2.0371708491152666e-06,COMPLETE
1150,0.2804877817630768,2025-04-17 21:12:56.955411,2025-04-17 21:13:07.608695,0 days 00:00:10.653284,0.31326308681053616,0.8749992248468765,2,0.26688988305836997,0.03203392440650232,0.08313208282696193,0.08038789195743032,0.05815592720938037,0.009583304037132461,0.00026383584150288996,5,89,0.05463143931367859,0.27517445469002105,True,False,False,9.467407488973537e-07,COMPLETE
1151,0.4440480172634125,2025-04-17 21:13:07.984132,2025-04-17 21:13:18.410283,0 days 00:00:10.426151,0.3579494226187633,0.6723035492499084,2,0.2691897275486904,0.04096215148494,0.08634260555858234,0.0422560786303726,0.06162941212617597,0.06521648686597566,0.0003943565946475127,5,37,0.04876510015704006,0.2856456570475724,True,False,False,1.5050220097461554e-06,COMPLETE
1152,0.44415722489356996,2025-04-17 21:13:18.785397,2025-04-17 21:13:29.206999,0 days 00:00:10.421602,0.35261094282118216,0.8499585585242981,2,0.2551886159040403,0.022253034738861276,0.07889047732711188,0.0823423248375523,0.054832514625774174,0.005040687899354988,0.0003007281210797556,5,44,0.05755621760024694,0.2670335563233537,True,False,False,1.0901742717733323e-06,COMPLETE
1153,0.3424520313739777,2025-04-17 21:13:29.589121,2025-04-17 21:13:40.630237,0 days 00:00:11.041116,0.32659971210656435,0.5591987550311235,2,0.26164917450843583,0.03603114192514843,0.08148556030939133,0.04524130422161739,0.05343477141028122,0.008848869548706692,0.00022475611246726331,6,40,0.05027007500950931,0.2776631745227243,False,False,False,1.759471179136939e-06,COMPLETE
1154,0.4445323467254639,2025-04-17 21:13:41.005834,2025-04-17 21:13:51.471932,0 days 00:00:10.466098,0.2901296141479355,0.830238249216061,2,0.2704148196899868,0.04680767754666977,0.0838281836455841,0.0705382150069743,0.058561698584249026,0.003231069855538481,0.0003423825952365476,5,35,0.05411301126560964,0.26942508034941604,True,False,False,8.992748331399149e-07,COMPLETE
1155,0.4429842948913575,2025-04-17 21:13:51.850851,2025-04-17 21:14:03.046101,0 days 00:00:11.195250,0.3571174894572362,0.864672893910467,2,0.26445650792578906,0.20387790623649446,0.07757186766726139,0.04130444469681672,0.05704949299632541,0.006668306139165732,0.0002577664796444021,6,39,0.04464843794522539,0.2832976310034752,True,False,False,7.039257533483911e-07,COMPLETE
1156,0.44305408000946045,2025-04-17 21:14:03.424365,2025-04-17 21:14:13.855681,0 days 00:00:10.431316,0.24945474327175374,0.8875364225080961,2,0.2720930310921926,0.028589401009396498,0.08043529321504013,0.04343758552071558,0.05288431596857578,0.010669767168556638,0.00020952805650285692,5,43,0.051733555923793036,0.28846079722881945,True,False,False,2.2430035688082695e-06,COMPLETE
1157,0.3015219569206238,2025-04-17 21:14:14.233156,2025-04-17 21:14:25.865320,0 days 00:00:11.632164,0.3333896649252323,0.8371213751059543,2,0.26115483654231664,0.13779298920653393,0.08805866674097226,0.0677196716822345,0.061068617248022705,0.008532009215870861,0.00027995217954527235,6,131,0.04647843393691722,0.26477871500393113,True,False,False,1.1566384860984283e-06,COMPLETE
1158,0.09234625697135926,2025-04-17 21:14:26.243231,2025-04-17 21:14:36.608488,0 days 00:00:10.365257,0.2883401231178442,0.5077849966596863,2,0.2752861677153948,0.007720526862469088,0.07544323495500062,0.045743937705084815,0.06343018374036634,0.005723901124253791,0.00018910906111474198,5,54,0.049735368417630405,0.15017635522402112,True,False,False,6.779223127036624e-07,COMPLETE
1159,0.4405053973197937,2025-04-17 21:14:36.993467,2025-04-17 21:14:48.020509,0 days 00:00:11.027042,0.31342855067865727,0.47982029160618417,2,0.25467792461449934,0.05918335323507652,0.08459690161330265,0.07295998533355215,0.05009760618214326,0.010011375011892764,0.00043176430948916976,6,32,0.056414502812301245,0.2750197439495687,True,False,False,1.543000241546554e-06,COMPLETE
1160,0.4479672968387604,2025-04-17 21:14:48.398900,2025-04-17 21:14:58.850651,0 days 00:00:10.451751,0.34130870487007337,0.6905887788551824,2,0.2678552472313838,0.05252377525099574,0.08248772635496847,0.043992073275649385,0.05325240043004174,0.007307134670283533,0.0002324375124163183,5,38,0.04771989969948274,0.27126498071736527,True,False,False,9.020332093733718e-07,COMPLETE
1161,0.3848122000694275,2025-04-17 21:14:59.230280,2025-04-17 21:15:10.286124,0 days 00:00:11.055844,0.3610134868497597,0.8787721592623268,2,0.2772341418522287,0.016731065716449705,0.07885176690297908,0.06333229370903302,0.05513322799423678,0.012477342236456981,0.00034007461033447745,6,45,0.05301676339166046,0.2636620523377997,True,False,False,1.337038466240821e-06,COMPLETE
1162,0.4530771493911744,2025-04-17 21:15:10.665139,2025-04-17 21:15:21.164182,0 days 00:00:10.499043,0.3686155727991416,0.8556334189431353,2,0.2658865759272818,0.04300782272398295,0.08594188825677618,0.07905044549507953,0.04857402294096641,0.0036403946608957885,0.00024391544713246125,5,42,0.05128132311548629,0.27876515281010794,True,False,False,2.1941125037964134e-06,COMPLETE
1163,0.3921651601791382,2025-04-17 21:15:21.547044,2025-04-17 21:15:29.179385,0 days 00:00:07.632341,0.29236283350594067,0.8227783040184878,8,0.2717103898264622,0.0326841735058425,0.08084094430135938,0.07806787876339917,0.06580654017588533,0.009579156779100964,0.0001748467148117491,5,35,0.04149006104728549,0.2604416678092094,True,False,False,1.8647620979798585e-06,COMPLETE
1164,0.45498113632202153,2025-04-17 21:15:29.557998,2025-04-17 21:15:40.616536,0 days 00:00:11.058538,0.34003443142192785,0.8444966647024853,2,0.25821007505070753,0.026672456516979432,0.08277702306505007,0.05988978594193568,0.06015754279663242,0.011454614923459651,0.0003022491548439271,6,40,0.044848662369666836,0.28868653995788435,True,False,False,2.77134223663612e-06,COMPLETE
1165,0.10669336915016175,2025-04-17 21:15:40.996778,2025-04-17 21:15:50.643487,0 days 00:00:09.646709,0.26945977067352056,0.8900520242216032,2,0.277889113412918,0.0389734682652488,0.07731968681900443,0.06109628468961077,0.07788464061540286,0.007445695183868307,0.004168593371714542,5,58,0.05856559512902614,0.2568379911130188,True,False,True,7.13530405158438e-07,COMPLETE
1166,0.10838045477867128,2025-04-17 21:15:51.020643,2025-04-17 21:16:01.070705,0 days 00:00:10.050062,0.31682507386905656,0.5496852058662974,2,0.24907636079280485,0.0486575513463351,0.07971370220467273,0.04653814593809399,0.0508853979245741,0.00517592921864898,0.00020863378748360698,6,29,0.04684145825316173,0.2728460038118201,True,True,False,5.565816816935614e-07,COMPLETE
1167,0.43324015140533445,2025-04-17 21:16:01.454958,2025-04-17 21:16:11.951773,0 days 00:00:10.496815,0.37742254818708154,0.8149887068495808,2,0.27093117650046633,0.03578069631230659,0.08563641028947457,0.07433831652663063,0.056408794934846095,0.01304731501679731,0.000145233502885103,5,47,0.04893233191988058,0.2658176212107847,True,False,False,9.275126760533097e-07,COMPLETE
1168,0.44477624893188483,2025-04-17 21:16:12.334114,2025-04-17 21:16:22.732985,0 days 00:00:10.398871,0.21203611845770332,0.8653693808620762,2,0.26200216783343294,0.023090364787312037,0.08172060641332238,0.042115480957725895,0.04805805603293173,0.009094246715943659,0.0003752652265658904,5,37,0.05505871541923232,0.2572295561636888,True,False,False,1.1301009037518656e-06,COMPLETE
1169,0.45213676095008853,2025-04-17 21:16:23.113169,2025-04-17 21:16:34.205131,0 days 00:00:11.091962,0.360735864940584,0.7980823126406076,2,0.2797438095386652,0.04279501964560544,0.083415331085211,0.04021401329107411,0.052038619857535176,0.010880700822676715,0.0002220899649855494,6,41,0.04246107126512278,0.2816468321623275,True,False,False,1.3968757442985114e-06,COMPLETE
1170,0.45487476587295533,2025-04-17 21:16:34.585385,2025-04-17 21:16:45.057530,0 days 00:00:10.472145,0.3056476783578937,0.8343884809333891,2,0.26630190902005696,0.05491050306033554,0.07569022626769804,0.04514583875322952,0.04718828772474524,0.014673735955537075,0.00026656181688620507,5,45,0.05061233532767333,0.26920531806142084,True,False,False,3.4165771393867296e-06,COMPLETE
1171,0.3961215794086457,2025-04-17 21:16:45.447167,2025-04-17 21:16:56.389436,0 days 00:00:10.942269,0.3325196526433124,0.8566692610126363,2,0.27170434708878594,0.028463770959974155,0.08869304962619635,0.04785535174753673,0.0581533509155097,0.006487654099431626,0.00012002089348471271,6,34,0.0458940970436076,0.2605160644337498,False,False,False,6.613199691253754e-07,COMPLETE
1172,0.2899188339710236,2025-04-17 21:16:56.775357,2025-04-17 21:17:07.188901,0 days 00:00:10.413544,0.38289364323425557,0.8905755587065811,2,0.25386545794211585,0.013301913412827507,0.05207512236095776,0.043819052013046846,0.053790010045802375,0.008559937345652864,0.0001932516326109191,5,38,0.05323208354727971,0.27780762586441876,True,False,False,1.281897299906528e-06,COMPLETE
1173,0.41068236827850346,2025-04-17 21:17:07.575786,2025-04-17 21:17:18.710384,0 days 00:00:11.134598,0.35946080074911607,0.7289390579409964,2,0.2855044601241013,0.033237171220708066,0.07894876778570803,0.046498431286275704,0.04991970388440071,0.004028954423114299,0.000308769953892491,6,50,0.04832823619098951,0.25323887679327856,True,False,False,5.339112407984792e-07,COMPLETE
1174,0.4385505735874176,2025-04-17 21:17:19.094568,2025-04-17 21:17:29.547076,0 days 00:00:10.452508,0.24010819215881674,0.9973483798714826,2,0.27586363590187435,0.06390308194312753,0.08094388213515172,0.047998468686594194,0.06285646516233367,0.010861909994207244,0.0001695261562966118,5,43,0.06456598179528851,0.28757919749914806,True,False,False,1.0316071416928532e-06,COMPLETE
1175,0.4552333414554596,2025-04-17 21:17:29.932562,2025-04-17 21:17:40.998714,0 days 00:00:11.066152,0.39125821780967474,0.8169256942538701,2,0.26416922101525525,0.049478258633874825,0.08407272063179004,0.040558359496566054,0.04723528556516393,0.013114491701202116,0.0002477432026367366,6,40,0.043900491158903474,0.26478098877641265,True,False,False,1.791904033730904e-06,COMPLETE
1176,0.45070159435272217,2025-04-17 21:17:41.381708,2025-04-17 21:17:51.809615,0 days 00:00:10.427907,0.2884776196168711,0.7810154711519257,2,0.28137381648143167,0.019047021899959934,0.06121159584860202,0.044970278742735285,0.05131908913106267,0.007422931962783347,0.00043076112476165434,5,36,0.03894526351360998,0.2713112641768239,True,False,False,9.257061981610018e-07,COMPLETE
1177,0.43349574804306035,2025-04-17 21:17:52.194064,2025-04-17 21:18:03.230315,0 days 00:00:11.036251,0.3356109593454233,0.871883135072687,2,0.273076996771277,0.038434929196360094,0.07764998814888015,0.04269436839451307,0.05577815246291151,0.00986663982130565,0.00035018925390607145,6,31,0.052545951686175735,0.2564567996592535,True,False,False,1.6159569859292644e-06,COMPLETE
1178,0.3651426374912262,2025-04-17 21:18:03.616956,2025-04-17 21:18:14.087392,0 days 00:00:10.470436,0.4022075128914223,0.826928458976787,2,0.25800554135385145,0.044613062719742635,0.08537273289338,0.04896182726428017,0.04868453156426014,0.00577469982666993,0.00027045841337685375,5,46,0.051411401064172704,0.028730393093583315,True,False,False,5.958669070643244e-06,COMPLETE
1179,0.44741881489753726,2025-04-17 21:18:14.476929,2025-04-17 21:18:24.909182,0 days 00:00:10.432253,0.1764289716432796,0.8429122113955917,2,0.28829146416589546,0.030788458669396068,0.08209156037425797,0.04624011431679061,0.046601283503988025,0.01614708779011339,0.00020393099001867894,5,42,0.05632565836629621,0.2823857636126661,True,False,False,1.2806818636234726e-06,COMPLETE
1180,0.37814614772796634,2025-04-17 21:18:25.304031,2025-04-17 21:18:32.988529,0 days 00:00:07.684498,0.2562924447375668,0.8016308504532726,8,0.2691941439505257,0.03762816160083316,0.07996208910535466,0.07644428642135509,0.05896610668060656,0.01200117002575958,0.0001487512696736896,6,38,0.04971652641461558,0.26402690779103816,True,False,False,9.104102402295432e-07,COMPLETE
1181,0.4510514080524445,2025-04-17 21:18:33.374417,2025-04-17 21:18:43.767817,0 days 00:00:10.393400,0.318988335301257,0.8619485046415428,2,0.27893542035644403,0.022967715341677932,0.08335041898461365,0.04369470567327894,0.053689963428242206,0.002407797174411297,0.0002342408623956049,5,34,0.06185014927970474,0.27453205087796556,True,False,False,6.913325909057258e-07,COMPLETE
1182,0.4258154451847077,2025-04-17 21:18:44.158605,2025-04-17 21:18:55.169760,0 days 00:00:11.011155,0.3687186477122775,0.8933352851648395,2,0.2636824002446356,0.057113967826749434,0.08635696367739375,0.0395011030666334,0.04973753496888632,0.00862929557963202,0.00018057760699912017,6,24,0.04635536939756541,0.25459348283369587,True,False,False,5.512127474129922e-07,COMPLETE
1183,0.09565649032592774,2025-04-17 21:18:55.558248,2025-04-17 21:19:06.208051,0 days 00:00:10.649803,0.3479447315943955,0.8322905455673453,2,0.27632650991952257,0.045230798691923216,0.07873985773050284,0.047188956049736774,0.046001878603891044,0.014371110475206887,2.291208629192917e-05,7,41,0.04723095711629508,0.24923770228435377,True,False,True,7.782225404126557e-07,COMPLETE
1184,0.16189744770526887,2025-04-17 21:19:06.597872,2025-04-17 21:19:16.168748,0 days 00:00:09.570876,0.3784208923237909,0.8744864774819759,2,0.28398276112378956,0.028904862457059508,0.08133464536870065,0.05013244221801909,0.05731435060488669,0.010390176414166279,0.0003073155798718707,5,44,0.05398948094965354,0.26214243227779027,True,True,False,1.162044389377478e-06,COMPLETE
1185,0.09234625697135926,2025-04-17 21:19:16.554371,2025-04-17 21:19:27.512049,0 days 00:00:10.957678,0.28100299230726106,0.8524657899299011,2,0.24951405258817239,0.0005463018674257414,0.08738738914189126,0.04637760012201668,0.05482667636992186,0.005449732251961253,0.0002609561428376096,6,48,0.07569676104721429,0.26959133426678755,True,False,False,1.8443450506019419e-06,COMPLETE
1186,0.44534545540809634,2025-04-17 21:19:27.899339,2025-04-17 21:19:38.404019,0 days 00:00:10.504680,0.3045944089792814,0.8121291715427954,2,0.26775478098804295,0.052071789944763316,0.07437326996641246,0.0419122103450401,0.05171174479243356,0.007696481437966087,0.00020107566890002274,5,38,0.04403932956288674,0.29227114262832,True,False,False,4.477629229031367e-06,COMPLETE
1187,0.4412781119346619,2025-04-17 21:19:38.799368,2025-04-17 21:19:49.780407,0 days 00:00:10.981039,0.3331326851796236,0.7847248961111779,2,0.25826297476380994,0.03906034927283834,0.07647099506838123,0.044277167796740395,0.06147237806191825,0.012646745172959857,0.000351097376622982,6,36,0.049719592680196656,0.2809658428112157,True,False,False,4.7461990480874417e-07,COMPLETE
1188,0.4461454451084137,2025-04-17 21:19:50.167190,2025-04-17 21:20:00.614484,0 days 00:00:10.447294,0.3984073232214066,0.9782086864579048,2,0.27280051965485047,0.03391057563964727,0.08974898188948534,0.04898199839249685,0.04866292262998493,0.009086696889198562,0.0001642647864632484,5,40,0.05944110966843897,0.26100790563709836,True,False,False,1.3728962127780934e-06,COMPLETE
1189,0.4501287341117859,2025-04-17 21:20:01.004572,2025-04-17 21:20:11.489778,0 days 00:00:10.485206,0.3575436150818447,0.9211906540785852,2,0.28806318181566565,0.024748756640883843,0.0798643665667281,0.04562159083838853,0.0462468568637735,0.0036065942423698337,0.0002262114441521182,5,33,0.05218172896015063,0.2523860943682902,True,False,False,2.7738483609050883e-06,COMPLETE
1190,0.34255648851394654,2025-04-17 21:20:11.880529,2025-04-17 21:20:23.413510,0 days 00:00:11.532981,0.4145419770025767,0.8384593652027641,2,0.2807062902443324,0.14607662961540735,0.08286791977540878,0.04843721943427251,0.05028692545683969,0.056584171515694816,0.00030986295025022356,7,43,0.04141408765753603,0.2747344227178384,False,False,False,7.248828989346972e-07,COMPLETE
1191,0.4557600140571595,2025-04-17 21:20:23.807423,2025-04-17 21:20:34.928011,0 days 00:00:11.120588,0.18862147877621022,0.8762451321091236,2,0.26228927000561497,0.043083693922985555,0.08470798540822477,0.04073182625616234,0.04486413150775192,0.011091228120150539,0.00013504802181179803,6,40,0.04796148388205892,0.2878587641610508,True,False,False,0.00010076123368342239,COMPLETE
