number,value,datetime_start,datetime_complete,duration,params_alpha-eval,params_alpha-train,params_batch-size,params_eps-eval,params_eps-train,params_lambda-actions-eval,params_lambda-actions-train,params_lambda-frames-eval,params_lambda-frames-train,params_learning-rate,params_n-epochs,params_n-frames,params_radius-gw,params_rho,params_std-feats,params_ub-actions,params_ub-frames,params_weight-decay,state
1647,0.3981968402862549,2025-04-17 22:47:14.524057,2025-04-17 22:47:21.952745,0 days 00:00:07.428688,0.35616665552877863,0.9271688959869482,16,0.16116835127541398,0.021476434916093006,0.0841018185532006,0.04425924236756467,0.04856561470791642,0.08913849943271135,0.00018215212730504732,7,35,0.03544932109662633,0.2593757077680201,True,False,False,6.039549449667107e-08,COMPLETE
1648,0.3545084536075592,2025-04-17 22:47:22.490734,2025-04-17 22:47:33.666287,0 days 00:00:11.175553,0.12154787266581644,0.9676467634821898,2,0.17415157255730487,0.021117152622342,0.07939892592211764,0.04103407905297456,0.045679750856079886,0.09157067876155393,0.00010745009766148335,6,25,0.038783715951204896,0.2345085641621288,True,False,False,1.1481387947452703e-07,COMPLETE
1649,0.3553456485271454,2025-04-17 22:47:34.222425,2025-04-17 22:47:45.530820,0 days 00:00:11.308395,0.13868432009031098,0.937917872957819,2,0.16061366691496626,0.016184782343895636,0.08694840516263058,0.03618293721750244,0.050411982426889476,0.0851075027340935,0.022030770550819815,6,19,0.040476434757223304,0.22138409394568842,True,False,False,8.719378909518322e-08,COMPLETE
1650,0.42927633523941044,2025-04-17 22:47:46.069347,2025-04-17 22:47:57.848563,0 days 00:00:11.779216,0.013914438553200487,0.930716412426799,2,0.17038387119593554,0.02506879129545374,0.08200127925937671,0.043023125045142496,0.041540560968850115,0.09325763614181476,0.001210108528900699,7,36,0.04316853409739408,0.2508394071324608,True,False,False,7.38798486735899e-08,COMPLETE
1651,0.45683819055557257,2025-04-17 22:47:58.407801,2025-04-17 22:48:09.411997,0 days 00:00:11.004196,0.14557653503302284,0.9145625580782566,2,0.07182252229761807,0.02167812746430059,0.07762095197988142,0.03913435062674268,0.055461503369355965,0.08716695518395397,0.0001454434801324368,6,31,0.03380924502059654,0.14218205497888003,True,False,False,9.852000109593621e-08,COMPLETE
1652,0.09234625697135926,2025-04-17 22:48:09.950577,2025-04-17 22:48:26.533442,0 days 00:00:16.582865,0.08169487102010461,0.9622449274044964,2,0.19109733201238546,0.004981226155605794,0.09005516254424277,0.044811207800618,0.05183367486378338,0.08377457517839892,0.00018952672440128475,15,36,0.04142264005807932,0.2665592562994562,True,False,False,7.729580510122062e-08,COMPLETE
1653,0.45161811709403993,2025-04-17 22:48:27.067081,2025-04-17 22:48:38.064668,0 days 00:00:10.997587,0.11618015861086418,0.9962001352740454,2,0.15497218644590546,0.02559723586140722,0.08535364600366707,0.04176380547081758,0.04698394144696615,0.08981684508474558,0.00016061194215162642,6,37,0.03702648482059766,0.2732584047388324,True,False,False,2.7459049967929166e-08,COMPLETE
1654,0.41960163116455085,2025-04-17 22:48:38.621405,2025-04-17 22:48:50.316086,0 days 00:00:11.694681,0.33440392274799446,0.916327643738581,2,0.1658256879304213,0.012773194276672208,0.08060672481532534,0.043782646328407476,0.04380366335067242,0.0876542821318539,0.00019940093589000365,7,32,0.0392584042717631,0.24459757951126102,True,False,False,5.448415587557688e-08,COMPLETE
1655,0.4457150280475617,2025-04-17 22:48:50.853797,2025-04-17 22:49:01.912682,0 days 00:00:11.058885,0.05570548667887247,0.9413677407408578,2,0.15878980269273327,0.028402469904042004,0.08326376296942267,0.04063719777249492,0.053669389183428125,0.09477765112830214,0.00012198106170442839,6,34,0.04312704402529897,0.256446591004121,True,False,False,8.908388124302288e-08,COMPLETE
1656,0.4622427225112915,2025-04-17 22:49:02.476680,2025-04-17 22:49:13.461813,0 days 00:00:10.985133,0.09927301966816868,0.9168138857674084,2,0.15026949116009414,0.018909970690997223,0.08854105585633718,0.04533277049672978,0.04956899322324745,0.08452585046647985,0.00016957416084161623,6,38,0.0414788186822091,0.23881233606181604,True,False,False,2.790772820407578e-08,COMPLETE
1657,0.09234625697135926,2025-04-17 22:49:14.004581,2025-04-17 22:49:25.473282,0 days 00:00:11.468701,0.0934900974933836,0.9572813851338386,2,0.15090807378619184,0.002065371045288214,0.09297805837761593,0.04252525650399367,0.0518510889892788,0.08561463789298698,9.080249892689947e-05,7,33,0.035881740420008336,0.23291044988595627,True,False,False,5.5043627763604606e-08,COMPLETE
1658,0.09234625697135926,2025-04-17 22:49:26.014528,2025-04-17 22:49:38.154415,0 days 00:00:12.139887,0.0883655417370246,0.9906715775925244,2,0.15454808788732277,0.007810445694273152,0.09077612715574314,0.03832641340079635,0.05429147431378553,0.0886640821602754,0.00011114523917181784,8,29,0.03725917166120363,0.23626302610813654,True,False,False,1.123197409013909e-07,COMPLETE
1659,0.25074905157089233,2025-04-17 22:49:38.713002,2025-04-17 22:49:46.436467,0 days 00:00:07.723465,0.06209179290693752,0.945283000994576,8,0.14904274820211647,0.009100583269478374,0.09093521247407133,0.044992975771468165,0.050167819047371665,0.08543735432574984,0.00013915647787509868,6,37,0.038855149588099866,0.22793131421205462,True,False,False,2.8085141787165527e-08,COMPLETE
1660,0.3417317092418671,2025-04-17 22:49:46.974635,2025-04-17 22:49:56.504107,0 days 00:00:09.529472,0.09961139519451286,0.9251191689800069,2,0.15842526920186595,0.009811576781189307,0.08937271719139311,0.042237411187981994,0.051955175018085324,0.08741229151671528,0.00015568074007773754,5,35,0.04110640826957938,0.23612417835137106,True,True,True,3.4673361360356127e-08,COMPLETE
1661,0.45051100850105286,2025-04-17 22:49:57.073274,2025-04-17 22:50:08.199964,0 days 00:00:11.126690,0.09112732327581771,0.9654137673644568,2,0.1525759898536719,0.015153943489930329,0.09402162945825548,0.04591553435315815,0.056709996994457786,0.09058154351421803,0.00012044103035959634,6,32,0.0597025600423467,0.23374864899604347,True,False,False,3.010333042456769e-08,COMPLETE
1662,0.42427005171775817,2025-04-17 22:50:08.744703,2025-04-17 22:50:19.114298,0 days 00:00:10.369595,0.07023383947749501,0.9168508379224937,2,0.16119513050424866,0.01541641016829105,0.09204951559950589,0.039886761071698924,0.04951705420198385,0.08392981055265095,0.0001613892716784886,5,37,0.038109456482721044,0.23930591980655844,True,False,False,3.035464086747728e-08,COMPLETE
1663,0.41014015674591064,2025-04-17 22:50:19.659529,2025-04-17 22:50:30.850805,0 days 00:00:11.191276,0.03379494373866998,0.932561255963493,2,0.15009286864801305,0.01718005023595082,0.08875160695590965,0.04389896886467874,0.053541170010178794,0.0861559558386298,8.172559995481922e-05,6,34,0.06976443324186211,0.229402453822102,True,False,False,1.7587037251151085e-08,COMPLETE
1664,0.09234625697135926,2025-04-17 22:50:31.411876,2025-04-17 22:50:41.697699,0 days 00:00:10.285823,0.10696769464481981,0.9166133249236258,2,0.16229973871749648,0.010158736529279271,0.08931868858164889,0.04655918331932026,0.0565830595000875,0.08833116498622856,0.00014518997816127075,5,38,0.0673697151751072,0.22458109391776024,True,False,False,1.9034150118711176e-08,COMPLETE
1665,0.4481604993343353,2025-04-17 22:50:42.238513,2025-04-17 22:50:53.301722,0 days 00:00:11.063209,0.12285676287755846,0.953491396813821,2,0.15843985685060846,0.020606323936254757,0.09513097418066296,0.043879356802302844,0.05138841699870492,0.09240444923114645,0.0001689989691671494,6,30,0.04480390842921775,0.2385495267550451,True,False,False,2.3123256628023784e-08,COMPLETE
1666,0.3802743673324585,2025-04-17 22:50:53.864294,2025-04-17 22:51:05.628847,0 days 00:00:11.764553,0.08171383585351448,0.9087048065954811,2,0.14677450824715174,0.020000990697329007,0.08867039664216442,0.03719410402404117,0.054642837542016424,0.08398609637118779,0.00010826942960593733,7,38,0.04712248780968562,0.24088963694359064,False,False,False,3.9594197693064477e-08,COMPLETE
1667,0.09234625697135926,2025-04-17 22:51:06.171246,2025-04-17 22:51:16.403403,0 days 00:00:10.232157,0.10990396866461354,0.9348141006369428,2,0.15567641395388285,0.003531108236415715,0.09140756161820737,0.04128317312491999,0.04946314957015982,0.08289923225604504,0.00019920322485798714,5,34,0.0403197805373289,0.2416361876413394,True,False,False,4.640320179982657e-08,COMPLETE
1668,0.44382419586181643,2025-04-17 22:51:16.966024,2025-04-17 22:51:28.086373,0 days 00:00:11.120349,0.06833491261270216,0.9828479935009999,2,0.16776859034880373,0.02002599799381133,0.08806274006038914,0.04635559858846746,0.059142480227597806,0.08986673933920385,0.00012866327549327267,6,39,0.06543396189818851,0.21719336129160155,True,False,False,3.820660913878463e-08,COMPLETE
1669,0.4466641068458557,2025-04-17 22:51:28.633412,2025-04-17 22:51:39.254076,0 days 00:00:10.620664,0.13084904702160557,0.9070319483565709,2,0.17558676027379946,0.015041501045353897,0.0899031808201354,0.042723726039412706,0.05260211837705426,0.08612169591753864,0.00017925080557318614,5,35,0.041882925981475166,0.22866938614872265,True,False,False,2.8718443574243394e-08,COMPLETE
1670,0.3577811121940613,2025-04-17 22:51:39.801602,2025-04-17 22:51:50.852374,0 days 00:00:11.050772,0.11294836671084446,0.9282160020278847,2,0.1513682051518255,0.024290544281510982,0.08767133714638756,0.03930378124721211,0.05064413486914627,0.08807443394580698,1.1563755512055106e-05,6,38,0.03868077632448029,0.24402429655874788,True,False,False,2.265952018608736e-08,COMPLETE
1671,0.451993602514267,2025-04-17 22:51:51.416905,2025-04-17 22:52:03.128674,0 days 00:00:11.711769,0.15137517511755041,0.9004396561908664,2,0.1662650124202491,0.015856477304910653,0.08710249517843893,0.04488358566204681,0.04919608955853278,0.08529250353458404,0.00021979608284864683,7,40,0.04407265970747181,0.23425803088614922,True,False,False,4.286183501938217e-08,COMPLETE
1672,0.44055498838424684,2025-04-17 22:52:03.676652,2025-04-17 22:52:14.150130,0 days 00:00:10.473478,0.052152080456939504,0.8967329742520926,2,0.14559856882190525,0.025396351751800383,0.08656772634782765,0.04682528172335668,0.05438740773054595,0.09495829115275974,0.00016140163051342636,5,32,0.06359326697842269,0.2452628122955301,True,False,False,1.451826034221209e-08,COMPLETE
1673,0.2986217319965363,2025-04-17 22:52:14.718556,2025-04-17 22:52:25.778966,0 days 00:00:11.060410,0.09084874342667015,0.9168555873814828,2,0.15894266326801448,0.011568239680210859,0.09065485240540856,0.042422137351074876,0.047749292237365404,0.09161659947193766,0.0002107799540875451,6,37,0.0723820571511484,0.23594137509518434,True,False,False,5.366391448804946e-08,COMPLETE
1674,0.36247336864471436,2025-04-17 22:52:26.325343,2025-04-17 22:52:33.531503,0 days 00:00:07.206160,0.12527955668943247,0.954817142819668,16,0.15313863110793158,0.02251618324934792,0.09213905201836659,0.04918437803281201,0.037700653285413895,0.08326455329739628,0.00014103387728686917,5,40,0.03567904570715335,0.1608232113983289,True,False,False,2.3719839021053654e-08,COMPLETE
1675,0.4546595692634583,2025-04-17 22:52:34.072905,2025-04-17 22:52:45.206192,0 days 00:00:11.133287,0.14215513965954546,0.8913187169034664,2,0.1781558001314542,0.026975518444423984,0.0874720284413609,0.03515797038050076,0.057108376265074465,0.086782701574018,0.00018799471084825686,6,35,0.0777840836647254,0.24017761395353573,True,False,False,0.00010813874391905938,COMPLETE
1676,0.4494924664497376,2025-04-17 22:52:45.773458,2025-04-17 22:52:56.261522,0 days 00:00:10.488064,0.09750038628918484,0.9298364337686149,2,0.1646164415173879,0.017095802637120582,0.08964288014817189,0.0538717770261704,0.05214308600380005,0.08817202918852567,0.00024349347870144627,5,42,0.03996330198056081,0.24689751725166934,True,False,False,1.8807258461351934e-08,COMPLETE
1677,0.43117311000823977,2025-04-17 22:52:56.807592,2025-04-17 22:53:07.240591,0 days 00:00:10.432999,0.12570180297713185,0.9104496763411082,2,0.14299939137865683,0.028705688995985225,0.08548583355492417,0.0446279268358372,0.045212093554882114,0.053294151007796366,9.760637795453614e-05,5,37,0.04676445497740903,0.22902206080604715,True,False,False,1.7307165089793602e-08,COMPLETE
1678,0.31877433061599736,2025-04-17 22:53:07.814659,2025-04-17 22:53:18.461643,0 days 00:00:10.646984,0.0823365990853441,0.8855057798305428,2,0.17115350375922544,0.021742697337319795,0.0879027863764794,0.04003769628539059,0.039944121171034734,0.08505375059152433,0.00012871229366369914,7,28,0.06877194001785798,0.24821414823556254,True,False,True,2.5030184387720774e-08,COMPLETE
1679,0.19255676269531252,2025-04-17 22:53:19.011258,2025-04-17 22:53:29.084580,0 days 00:00:10.073322,0.10426079838282455,0.8992180360507243,2,0.1576433172422274,0.03435728503164438,0.08521334442622829,0.04749194428340477,0.04873132839595497,0.08250858879179276,0.00017483397883383451,6,31,0.044172488856732736,0.2395229324443373,True,True,False,1.0568918390267732e-07,COMPLETE
1680,0.4180050611495972,2025-04-17 22:53:29.660073,2025-04-17 22:53:45.798069,0 days 00:00:16.137996,0.155309703337924,0.9466388109467038,2,0.14816232824092349,0.011797933585679671,0.08622789867345272,0.04412658455552388,0.05535128162293922,0.09046955136342918,0.00023005781413356876,14,40,0.042577934826195235,0.22566993433963245,True,False,False,1.9245114277802462e-08,COMPLETE
1681,0.09234625697135926,2025-04-17 22:53:46.346616,2025-04-17 22:53:53.699791,0 days 00:00:07.353175,0.1378396431976238,0.924115851441687,8,0.15342567529187764,0.000352072332562018,0.09292684302342387,0.05033041397442184,0.05131602012646062,0.09219655270229288,0.0001519542232089593,5,35,0.06155302817224391,0.2491987933227189,True,False,False,3.1715698054248285e-08,COMPLETE
1682,0.4396267831325531,2025-04-17 22:53:54.242394,2025-04-17 22:54:06.654668,0 days 00:00:12.412274,0.1166298563128796,0.9757360436246264,2,0.16302958154196684,0.027686461947757122,0.0885781567497583,0.04152257633432694,0.047025929432389646,0.09611682621557145,0.00019881623433347698,8,43,0.033577184528768456,0.24155692048759117,True,False,False,4.100635654634163e-08,COMPLETE
1683,0.30623136162757875,2025-04-17 22:54:07.230177,2025-04-17 22:54:18.444106,0 days 00:00:11.213929,0.04757841312470794,0.882443891589272,2,0.14540166037152621,0.03604349513697766,0.09566748030805566,0.04642362963958598,0.0530858665559515,0.08689800066299928,0.0002509584584060867,6,72,0.03768089391175464,0.21839173969093648,True,False,False,4.5837690549480666e-08,COMPLETE
1684,0.09234625697135926,2025-04-17 22:54:18.991099,2025-04-17 22:54:29.310518,0 days 00:00:10.319419,0.15162306670209896,0.9058604173840828,2,0.1569473705304899,0.01992671326161304,0.08566660398568428,0.03779673780967047,0.04244238850558006,0.08508204298330523,0.0001771349913613144,5,99,0.04122846269113021,0.23304636567935189,False,False,False,0.00019080848042551772,COMPLETE
1685,0.44033696055412297,2025-04-17 22:54:29.878635,2025-04-17 22:54:41.650250,0 days 00:00:11.771615,0.07049017128243112,0.9398478623035198,2,0.16205009593722441,0.04180515112588204,0.08740401653817897,0.048556404661479174,0.04940671594765265,0.08928093786424415,0.0002805410010916916,7,39,0.07114946941853992,0.24533986497290688,True,False,False,3.4630363639746243e-08,COMPLETE
1686,0.4508465349674225,2025-04-17 22:54:42.206424,2025-04-17 22:54:53.267060,0 days 00:00:11.060636,0.12378453978157287,0.8708465141869608,2,0.15316421727174215,0.031039026598747178,0.08963171572534806,0.044116873890020086,0.04507880405607104,0.08149050720766907,0.0001407324495632978,6,37,0.04554903426254901,0.25066959064671734,True,False,False,2.9629877553045733e-08,COMPLETE
1687,0.46298611164093023,2025-04-17 22:54:53.840558,2025-04-17 22:55:04.387833,0 days 00:00:10.547275,0.10016299607974836,0.8889062425930888,2,0.17038677389023424,0.02282595153583434,0.08485612404539276,0.032987955774416725,0.050874495900353214,0.09820426458528211,0.00023296600813603346,5,41,0.07450432020735002,0.2223685180690729,True,False,False,3.482537696179159e-08,COMPLETE
1688,0.4597667455673218,2025-04-17 22:55:04.937989,2025-04-17 22:55:16.116436,0 days 00:00:11.178447,0.07511967887399451,0.8674332669442215,2,0.1729758314999083,0.034538017071666344,0.08418694507218004,0.03354817699724471,0.05246225283360612,0.09911784032207492,0.0002104596236000262,6,46,0.07809787975392109,0.2144635795613535,True,False,False,4.665454730081786e-08,COMPLETE
1689,0.44718741774559023,2025-04-17 22:55:16.667494,2025-04-17 22:55:27.077975,0 days 00:00:10.410481,0.03915387185165734,0.8495715480746666,2,0.18924004529425661,0.025158786202374574,0.08402153019791848,0.035413914688939986,0.05167671736982932,0.09335065396051999,0.0002138045246655551,5,44,0.07732662499599736,0.20923690410853082,True,False,False,3.202591656436276e-08,COMPLETE
1690,0.4537812173366547,2025-04-17 22:55:27.651699,2025-04-17 22:55:38.874804,0 days 00:00:11.223105,0.04814358074009334,0.8285304922012958,2,0.180501075235293,0.03120531733166604,0.08341513403093337,0.028703418617015163,0.051158609663394056,0.09877393556723808,0.00022265569004438173,6,45,0.046258443472151446,0.2129617664866539,True,False,False,2.70805555922315e-08,COMPLETE
1691,0.43994319438934326,2025-04-17 22:55:39.428324,2025-04-17 22:55:49.908010,0 days 00:00:10.479686,0.06769100133695165,0.8582047399640268,2,0.18303673606841286,0.02558361379438443,0.08112216506536644,0.0343564100440268,0.05298882538065231,0.09809207586799766,0.00017455623142579335,5,42,0.07617471104159328,0.2125432641524362,True,False,False,3.6563887093515444e-08,COMPLETE
1692,0.367595112323761,2025-04-17 22:55:50.477714,2025-04-17 22:55:57.985312,0 days 00:00:07.507598,0.06072891313694864,0.8449799742220354,16,0.17880622836003468,0.03082089431485402,0.08320142866303208,0.028978704148710004,0.05489088647474838,0.09667262378390712,0.00021709781685565592,7,51,0.07581939554701295,0.21993367540185985,True,False,False,3.354864307661314e-08,COMPLETE
1693,0.4632479786872864,2025-04-17 22:55:58.536410,2025-04-17 22:56:09.624398,0 days 00:00:11.087988,0.013217102109585252,0.8587915218305279,2,0.1726098435885168,0.034417192955220444,0.07975285184247602,0.03355213682909732,0.05085370589738344,0.09310303967467531,0.0001633302896072874,6,43,0.08019029547188285,0.21092631737046721,True,False,False,3.548819373545785e-08,COMPLETE
1694,0.44355781078338624,2025-04-17 22:56:10.196604,2025-04-17 22:56:22.087471,0 days 00:00:11.890867,0.0608797242247532,0.8271681296539968,2,0.1831056877925865,0.03561692818422936,0.07815625882647073,0.02814118958971413,0.05053314304559865,0.09982591091551413,0.00010454654951383686,7,54,0.07918263555186336,0.21979282156509272,True,False,False,4.872688241764151e-08,COMPLETE
1695,0.45708256959915167,2025-04-17 22:56:22.638073,2025-04-17 22:56:34.378103,0 days 00:00:11.740030,0.04504679890654198,0.8477057926262035,2,0.17334359878166186,0.03677120920219247,0.07881704184720434,0.029690159959665948,0.050223290888309666,0.09812088737331369,0.00012235189397922326,7,48,0.07873298061449258,0.22485776491511328,True,False,False,3.7330707826118256e-08,COMPLETE
1696,0.4540258765220642,2025-04-17 22:56:34.955560,2025-04-17 22:56:46.843315,0 days 00:00:11.887755,0.015294122755919069,0.8637343235872735,2,0.18410470051822542,0.039540340009830574,0.07770897079563921,0.03412525708237524,0.04960003657414951,0.09612240108495052,0.00014967448471191815,7,51,0.0739746169459554,0.20946787602963535,True,False,False,2.7652586976384444e-08,COMPLETE
1697,0.29221819043159486,2025-04-17 22:56:47.397298,2025-04-17 22:56:58.162483,0 days 00:00:10.765185,0.05243781653979099,0.8566561961730857,2,0.17435642574070812,0.03388727663107165,0.0765100124596927,0.028820596813413726,0.04891202056855141,0.09999419373572815,0.0002585423219251891,7,48,0.07614430798701943,0.2192747524590664,True,False,True,3.5780727832621837e-08,COMPLETE
1698,0.09234625697135926,2025-04-17 22:56:58.741710,2025-04-17 22:57:09.819419,0 days 00:00:11.077709,0.0310950143621174,0.8286947014245843,2,0.18741134584348423,0.04475575365905314,0.07736875812474424,0.030998235577685555,0.05141199930895252,0.09849494941660236,0.00020439180410135262,8,46,0.07378335227332407,0.21724188565190278,True,True,False,4.8046330347238376e-08,COMPLETE
1699,0.4627248048782349,2025-04-17 22:57:10.377706,2025-04-17 22:57:21.537349,0 days 00:00:11.159643,0.047477124835756015,0.8474212791659237,2,0.18047700076646533,0.03680132758797399,0.07941004408804196,0.03269660605521151,0.048638115421717434,0.0977540624678348,0.0001564033749327687,6,45,0.0790324884062809,0.22164809323930335,True,False,False,2.3512084744847613e-08,COMPLETE
1700,0.45428153276443484,2025-04-17 22:57:22.094620,2025-04-17 22:57:33.903487,0 days 00:00:11.808867,0.016871487540299063,0.8653654627382039,2,0.18564915165044482,0.04065584086614024,0.08037070786108906,0.031446410949295976,0.05053200869859359,0.09831157874548889,0.0001106085084261412,7,44,0.07824045048685302,0.2026442252015348,True,False,False,2.4473425727241435e-08,COMPLETE
1701,0.44840244054794315,2025-04-17 22:57:34.481980,2025-04-17 22:57:49.947950,0 days 00:00:15.465970,0.03204391638214246,0.8467351741524723,2,0.18144705894928698,0.04371130946246278,0.06994801409657658,0.03291244580730793,0.05193409678024266,0.09753245576497391,9.538167024653952e-05,13,46,0.07927370084199632,0.20671648106954685,True,False,False,2.6709202164436156e-08,COMPLETE
1702,0.45717411637306216,2025-04-17 22:57:50.498778,2025-04-17 22:58:02.853834,0 days 00:00:12.355056,0.04505093635441988,0.8699219753266614,2,0.17856881295744848,0.040027610954165384,0.07923554884020653,0.03131664544682617,0.048418918632874244,0.09854003327339977,0.0001256640736266954,8,43,0.08159793238573303,0.20428580253305273,True,False,False,2.2949842745563472e-08,COMPLETE
1703,0.4544708013534546,2025-04-17 22:58:03.432337,2025-04-17 22:58:15.267984,0 days 00:00:11.835647,0.032854098386156036,0.8588652678232416,2,0.19210569787385362,0.04533801546039326,0.08020848035600402,0.03311061652640918,0.05017484699246233,0.0970503107896487,0.0001278638480234085,7,52,0.07782670704866262,0.21261125002580966,True,False,False,3.420041144786338e-08,COMPLETE
