number,value,datetime_start,datetime_complete,duration,params_alpha-eval,params_alpha-train,params_batch-size,params_eps-eval,params_eps-train,params_lambda-actions-eval,params_lambda-actions-train,params_lambda-frames-eval,params_lambda-frames-train,params_learning-rate,params_n-epochs,params_n-frames,params_radius-gw,params_rho,params_std-feats,params_ub-actions,params_ub-frames,params_weight-decay,state
226,0.09234625697135926,2025-04-17 17:59:47.653855,2025-04-17 17:59:56.401520,0 days 00:00:08.747665,0.9070357861090251,0.3870250310360116,16,0.20586213668813647,0.007844800378232063,0.006334716657321032,0.09584832556242093,0.09245855178874154,0.04034732643207294,0.000117860213862091,21,41,0.09799003667941583,0.11078837851441256,True,False,False,7.543382615493696e-05,COMPLETE
227,0.4348038375377655,2025-04-17 17:59:56.483580,2025-04-17 18:00:05.254968,0 days 00:00:08.771388,0.9435360515672433,0.45269805163783905,16,0.23066218639325894,0.024708837030191416,0.00905567104267741,0.08846588527764142,0.09437469425784159,0.02420565280810775,7.575606557763059e-05,19,34,0.09402768165408051,0.13525340162356514,True,False,False,0.0003208299488642403,COMPLETE
228,0.43731968998909,2025-04-17 18:00:05.327520,2025-04-17 18:00:14.065743,0 days 00:00:08.738223,0.9298990885889797,0.42605555007673346,16,0.2129205215457295,0.01476140634391707,0.013277988450861904,0.0935125456140159,0.09790071697138175,0.02839291151686133,5.2608575147560845e-05,20,37,0.09586310982375555,0.11920092230601662,True,False,False,0.00025526804275249014,COMPLETE
229,0.43585543036460883,2025-04-17 18:00:14.138120,2025-04-17 18:00:22.927758,0 days 00:00:08.789638,0.9330457150306989,0.42807184818822847,16,0.21500747554602492,0.0140397013168805,0.014793290470596602,0.09999074902329524,0.0975612622200916,0.02747886059713019,9.443983858031141e-05,20,37,0.09569079425509883,0.11983484720591844,True,False,False,6.204527025374147e-05,COMPLETE
230,0.09234625697135926,2025-04-17 18:00:23.002896,2025-04-17 18:00:31.796485,0 days 00:00:08.793589,0.9669372501309426,0.40420765445776063,16,0.210811284246656,0.006050428453851691,0.01150581270321493,0.0938199286884075,0.09620768502705204,0.030702876065149914,5.4730510589457846e-05,21,39,0.09685562475412463,0.12894891398090452,True,False,False,0.0002509632377540076,COMPLETE
231,0.4207208335399628,2025-04-17 18:00:31.870717,2025-04-17 18:00:40.797141,0 days 00:00:08.926424,0.9140748269199378,0.37926367056961685,16,0.22157768199678576,0.01609106041672019,0.01713492677285177,0.0922615671765606,0.09843798406529392,0.02868927205893304,4.651665369874797e-05,19,66,0.09979068223750225,0.11533733685756553,True,False,False,0.00017745236124232363,COMPLETE
232,0.43331162333488465,2025-04-17 18:00:40.872061,2025-04-17 18:00:49.628685,0 days 00:00:08.756624,0.8936798694527939,0.4166010973101005,16,0.22776482383625474,0.010591883249433984,0.013373196813610152,0.09700282554458621,0.0945849834753007,0.0431159468542436,6.855595723593902e-05,20,31,0.09374184585871806,0.12414073683918948,True,False,False,0.00026033456996991705,COMPLETE
233,0.4306617677211762,2025-04-17 18:00:49.713548,2025-04-17 18:00:58.311203,0 days 00:00:08.597655,0.9321017634206026,0.3582529687902051,16,0.21711655654506876,0.025911210508264906,0.009890169665219578,0.09530163446244311,0.09992197929474256,0.04555337851772682,3.793586386954336e-05,18,41,0.09781891186960621,0.13167532443992022,True,False,False,0.0003912027053190221,COMPLETE
234,0.43557235598564154,2025-04-17 18:00:58.386486,2025-04-17 18:01:07.283518,0 days 00:00:08.897032,0.9558018620387032,0.433288951340181,16,0.2352134441997515,0.01914388242513382,0.007812536197849156,0.09345342550729367,0.09211963843952706,0.033540538437386073,8.333907457162959e-05,20,46,0.0953658758136101,0.12087659900675277,True,False,False,0.00011879532243211115,COMPLETE
235,0.42907982468605044,2025-04-17 18:01:07.360314,2025-04-17 18:01:16.075481,0 days 00:00:08.715167,0.9170061937461856,0.4851176772877728,16,0.223274301992839,0.010255357341177291,0.015031851197158554,0.0905440986842387,0.09639199417824491,0.03647349751861759,6.208056987648087e-05,19,35,0.09263437481485226,0.10774811963714234,True,False,False,0.0005546564808676275,COMPLETE
236,0.09234625697135926,2025-04-17 18:01:16.151356,2025-04-17 18:01:24.896154,0 days 00:00:08.744798,0.8509672102869883,0.3992508009728784,16,0.2285658449972181,0.005010507267285307,0.012052993701127016,0.09588582623715494,0.09424036968465546,0.024260599486688038,0.00011772122888663785,20,37,0.09677909962390362,0.1378187771659756,True,False,False,0.00022183333878461907,COMPLETE
237,0.4270597815513611,2025-04-17 18:01:24.972926,2025-04-17 18:01:33.767429,0 days 00:00:08.794503,0.8809117109561821,0.4475660174816396,16,0.2079151429777307,0.020719821406200434,0.019043329482537247,0.09745068470665465,0.09830694257991117,0.04139684309838815,7.677977806616493e-05,19,42,0.09030967591573534,0.1522275476234752,True,False,False,0.00016573247446983254,COMPLETE
238,0.4371748507022858,2025-04-17 18:01:33.843481,2025-04-17 18:01:42.750508,0 days 00:00:08.907027,0.9697166151664945,0.38685057542520795,16,0.24182755526555733,0.02984620003858813,0.02256984938078924,0.0934188430006324,0.0962581396513103,0.04833587858024537,0.00010138885651432934,21,33,0.09459111190219494,0.11436933267612519,True,False,False,0.0003211943764586395,COMPLETE
239,0.292809671163559,2025-04-17 18:01:42.837175,2025-04-17 18:01:51.682866,0 days 00:00:08.845691,0.9999587753871552,0.3700163426508639,16,0.24216415729275206,0.030445801908290437,0.02178939980009872,0.0940296282191159,0.09582517331350571,0.0482815842520424,9.782446245239486e-05,21,31,0.0947196973447303,0.11520224023367298,True,False,False,0.0003269445018762464,COMPLETE
240,0.1117072179913521,2025-04-17 18:01:51.760756,2025-04-17 18:01:59.187306,0 days 00:00:07.426550,0.9758098660688893,0.466324299147731,16,0.2346395572390873,0.026011741370690643,0.02298213659960918,0.08766198043566081,0.09366295614917106,0.03890905206021224,0.0001183990581461258,12,35,0.09841049822023862,0.12570628789809418,True,False,True,0.00047269562442661065,COMPLETE
241,0.4397628605365753,2025-04-17 18:01:59.264002,2025-04-17 18:02:08.255318,0 days 00:00:08.991316,0.9424792005592887,0.3932671722134431,16,0.2222003011623052,0.01491498044860579,0.010543550468498922,0.09219433698567556,0.09747505810033691,0.04516050407356757,8.701789317528866e-05,21,39,0.09607002081103187,0.11826858894086698,True,False,False,0.0002760857560839738,COMPLETE
242,0.4392876148223877,2025-04-17 18:02:08.333345,2025-04-17 18:02:17.228609,0 days 00:00:08.895264,0.9516766552473371,0.4106522686376439,16,0.22158755981979003,0.01620151142036385,0.010591977393254647,0.09168717576800528,0.097704976871591,0.045668160407524944,9.164847966294145e-05,21,39,0.09587434989504995,0.11906623221554002,True,False,False,0.00029309388743688767,COMPLETE
243,0.43868821263313296,2025-04-17 18:02:17.306117,2025-04-17 18:02:26.264676,0 days 00:00:08.958559,0.9430207938262405,0.4148303086545182,16,0.2270184481374297,0.014958580468249282,0.01038702608607654,0.09113981829932426,0.09679646068414713,0.04481808206468025,8.026062766309597e-05,21,39,0.0927176759385747,0.11052917397802417,True,False,False,0.0002916420496774445,COMPLETE
244,0.41124047636985783,2025-04-17 18:02:26.342632,2025-04-17 18:02:35.260708,0 days 00:00:08.918076,0.946631184345354,0.4015444083940569,16,0.21530034590375316,0.011473097376779142,0.004688460193014778,0.08966271401113955,0.09522848788820226,0.04543404332938366,0.0008851391739980347,21,38,0.0929711844547685,0.11157503439753233,True,False,False,0.0003300471958524689,COMPLETE
245,0.43689434528350835,2025-04-17 18:02:35.349676,2025-04-17 18:02:44.241353,0 days 00:00:08.891677,0.9489510925405419,0.41390771852095654,16,0.22289295435962453,0.017774366437648965,0.009917096624623482,0.09148540226700404,0.09771376220710329,0.04332161393468896,8.709851746816539e-05,21,33,0.0983316126774568,0.10355424509303357,True,False,False,0.00041199032639751453,COMPLETE
246,0.1291702061891556,2025-04-17 18:02:44.319956,2025-04-17 18:02:52.683154,0 days 00:00:08.363198,0.9419182298321271,0.4180647723889297,16,0.22422254695436394,0.019518473515252717,0.009387870890666748,0.09140084173912084,0.09992048850888718,0.04339068495073055,8.799933447093955e-05,22,33,0.0999659356006147,0.10334140143109319,True,True,False,0.00039685452518301126,COMPLETE
247,0.4154816627502442,2025-04-17 18:02:52.762648,2025-04-17 18:03:01.644706,0 days 00:00:08.882058,0.9299512860285319,0.39240480985756376,16,0.2338784608973343,0.007880667683722498,0.008238269678155283,0.08603668520097016,0.09759515611004252,0.042998168846704724,6.72749086378869e-05,21,30,0.0942448218800778,0.11017606527574578,True,False,False,0.0002900981931099536,COMPLETE
248,0.43769978880882265,2025-04-17 18:03:01.724081,2025-04-17 18:03:10.608527,0 days 00:00:08.884446,0.9562787203919846,0.43974622470057384,16,0.21758857697017026,0.02193228337357836,0.010592705335969522,0.09203736914869504,0.09686485777114849,0.04164677415253765,8.34165605198056e-05,21,36,0.09862861515362427,0.11747894303871735,True,False,False,0.0006639497225078743,COMPLETE
249,0.4342545449733734,2025-04-17 18:03:10.687493,2025-04-17 18:03:30.916994,0 days 00:00:20.229501,0.961123409421994,0.44438910811770554,2,0.21372720333556564,0.024569623893024972,0.01403738402953715,0.08904005634323943,0.09208514780679634,0.04061639189304934,5.796361026146604e-05,21,38,0.09600940657531046,0.11634310561952799,True,False,False,0.0007329059067866095,COMPLETE
250,0.4359057664871216,2025-04-17 18:03:30.996205,2025-04-17 18:03:39.859626,0 days 00:00:08.863421,0.9284209754407753,0.430059674103726,16,0.21857728806054114,0.011577638497665015,0.01061300503888479,0.09230057500926134,0.09636145819834663,0.041450486999164655,7.668510517548468e-05,21,36,0.09155846386005076,0.11722777467979117,True,False,False,0.00019059118611404962,COMPLETE
251,0.09234625697135926,2025-04-17 18:03:39.948965,2025-04-17 18:03:48.899300,0 days 00:00:08.950335,0.9578397917002096,0.38611379490868947,16,0.24092467304521156,0.003525660626840614,0.0071830628278773435,0.09066876563102652,0.0948766241178622,0.04489935009730187,0.00010998061505459936,22,39,0.09815789864715455,0.12255072950869769,True,False,False,0.0005596366881244754,COMPLETE
252,0.30887804031372074,2025-04-17 18:03:48.979965,2025-04-17 18:03:57.605496,0 days 00:00:08.625531,0.9175493292649503,0.4552418213266424,16,0.2082679880725397,0.02920909382873008,0.016879190669597335,0.09273578011987352,0.0978746686881951,0.03909829999314465,8.331210361103642e-05,20,40,0.09376556559374041,0.1091525112665908,False,False,False,0.0002964015491830485,COMPLETE
253,0.4378805041313172,2025-04-17 18:03:57.688060,2025-04-17 18:04:06.597938,0 days 00:00:08.909878,0.9391721261980072,0.404553737758457,16,0.22903558668591395,0.019604792860948805,0.012585491069454223,0.08824900603155449,0.09189839384038577,0.037180769153116196,6.529523302893038e-05,21,36,0.09665769211205578,0.11538812645021962,True,False,False,0.00023898328961966444,COMPLETE
254,0.43418154120445257,2025-04-17 18:04:06.680014,2025-04-17 18:04:15.579942,0 days 00:00:08.899928,0.978255533675678,0.41084490120811923,16,0.22980033061050978,0.02346530903757856,0.015352850819810877,0.08741168622388672,0.09261914000609045,0.03742832735707179,5.278746600677395e-05,21,34,0.09523868674471907,0.1138976781760308,True,False,False,0.0004856612779372758,COMPLETE
255,0.4296580851078034,2025-04-17 18:04:15.660530,2025-04-17 18:04:24.514375,0 days 00:00:08.853845,0.9116712120615639,0.476286655801209,16,0.2541260236322856,0.01896109785908617,0.018383717440187637,0.08881205809051404,0.09374751461016023,0.06084395894586803,6.606912554836956e-05,21,29,0.09259643659647714,0.11691151885186665,True,False,False,0.0001849173769683247,COMPLETE
256,0.09234625697135926,2025-04-17 18:04:24.596280,2025-04-17 18:04:33.446098,0 days 00:00:08.849818,0.9492574848576323,0.43852542676889894,16,0.23586277236546274,0.006906344297864669,0.01347791298662541,0.09043337619868501,0.09170512103658139,0.011797199031564717,6.730864470939294e-05,22,35,0.09605925365983545,0.12712358984288474,True,False,False,0.00022605476693609094,COMPLETE
257,0.4246111869812012,2025-04-17 18:04:33.537948,2025-04-17 18:04:42.452044,0 days 00:00:08.914096,0.9308003654723456,0.42583461121487887,16,0.21734454255036084,0.02176737697094845,0.011319928747448884,0.09246978474256977,0.09605078289565659,0.03530820089974232,4.560318635814032e-05,21,43,0.08987553640316888,0.1071386800129952,True,False,False,0.000344143004272743,COMPLETE
258,0.09234625697135926,2025-04-17 18:04:42.534617,2025-04-17 18:04:51.728381,0 days 00:00:09.193764,0.9654617530954992,0.4057469106223024,16,0.22702162022726555,0.0002711316247027175,0.007826899824149133,0.08571525153656727,0.09091861132294726,0.04738311790491452,0.00011779605541567442,20,86,0.0944502836609631,0.1196539943493972,True,False,False,0.00011770266683822527,COMPLETE
259,0.4208395838737488,2025-04-17 18:04:51.811386,2025-04-17 18:04:59.246411,0 days 00:00:07.435025,0.9095441911271025,0.45515102919627154,16,0.21144085625169806,0.029752780792178864,0.015698815592684705,0.09568610583608836,0.09489426425148324,0.044774028111907206,5.809378020987998e-05,7,37,0.09866481517588507,0.1120656686870707,True,False,False,0.0009646601851283235,COMPLETE
260,0.43905299305915835,2025-04-17 18:04:59.328401,2025-04-17 18:05:08.220164,0 days 00:00:08.891763,0.9367877370623552,0.37366601169721436,16,0.2320928619985691,0.014259313753543706,0.005388508121500981,0.0984001808352231,0.0996260884849015,0.037903302963932406,7.414245979036629e-05,21,40,0.09999553696102599,0.12668854756995715,True,False,False,0.00041534120400411705,COMPLETE
261,0.3557683825492859,2025-04-17 18:05:08.305429,2025-04-17 18:05:17.306524,0 days 00:00:09.001095,0.2604848125002581,0.37590676363092734,16,0.23352889629924525,0.010409734734482607,0.006278294368059252,0.09858769206321523,0.09634298958439957,0.037852077205777296,0.00010263646924834835,22,41,0.09898164661776848,0.12193670981789154,True,False,False,0.0007057951725077885,COMPLETE
262,0.42998852133750914,2025-04-17 18:05:17.390489,2025-04-17 18:05:26.291291,0 days 00:00:08.900802,0.9758804772361634,0.35774440892279247,16,0.24136681002375046,0.017886606370224874,0.003887559465199848,0.0983968458468435,0.09976306106158188,0.03980804478676494,7.718667148088557e-05,21,34,0.09712967051844544,0.11427803311513565,True,False,False,0.0005616094210791884,COMPLETE
263,0.43524239659309394,2025-04-17 18:05:26.384700,2025-04-17 18:05:35.461271,0 days 00:00:09.076571,0.9498257672450622,0.3940912470707221,16,0.23064319770227085,0.024940970348630506,0.01073374578198886,0.09568949361568464,0.09410667442683096,0.020873209135744662,9.543256069515828e-05,22,46,0.09991401595434819,0.17173831568440867,True,False,False,0.00037908439372225203,COMPLETE
264,0.09234625697135926,2025-04-17 18:05:35.545403,2025-04-17 18:05:44.067801,0 days 00:00:08.522398,0.9388915048734543,0.37561460417833326,16,0.22148744693082098,0.006669920148412179,0.008784531017250671,0.09341100494609955,0.09984039054643305,0.03439735423394146,7.90734248068121e-05,18,40,0.09268933800543784,0.12569778973355053,True,False,False,0.00044535272504856425,COMPLETE
265,0.12302968204021454,2025-04-17 18:05:44.151094,2025-04-17 18:05:52.502873,0 days 00:00:08.351779,0.9014569239564779,0.4108831631343371,16,0.2262708840851255,0.014993585015056179,0.01349074735315359,0.09673899561856165,0.09209867142697269,0.041941789700829055,0.00013631359622414,21,32,0.09683184719998635,0.10638420519380254,True,False,True,0.0002510330224356601,COMPLETE
266,0.12475843429565431,2025-04-17 18:05:52.587133,2025-04-17 18:06:00.772265,0 days 00:00:08.185132,0.96111979579865,0.3950344053349157,16,0.23654639327194787,0.03035490066250819,0.011450570100385303,0.09454113915504336,0.09637810624484083,0.03634242445509843,0.00010182814368194803,20,37,0.09477554166005508,0.11778071125111338,True,True,False,0.0003285873411675043,COMPLETE
267,0.4346736550331116,2025-04-17 18:06:00.856434,2025-04-17 18:06:09.800240,0 days 00:00:08.943806,0.9227545332077332,0.35125409344748637,16,0.21990474678298544,0.020573007578077496,0.002151626428503717,0.08356172089248669,0.08943717451807891,0.03827547704266194,7.236650177421324e-05,20,44,0.09750454881527848,0.13060427126359478,True,False,False,0.00023026130673038867,COMPLETE
268,0.42538114786148074,2025-04-17 18:06:09.895254,2025-04-17 18:06:20.196365,0 days 00:00:10.301111,0.535692798645317,0.4270154904584473,8,0.23039971158440423,0.010854906951139578,0.009541205251186749,0.09994236378188324,0.0941017235486491,0.04267117412016881,0.00012181474378419914,21,40,0.09980330025093001,0.11040231437553212,True,False,False,0.00015957936637648853,COMPLETE
269,0.09234625697135926,2025-04-17 18:06:20.282093,2025-04-17 18:06:29.107156,0 days 00:00:08.825063,0.9775390740220081,0.3760996335039719,16,0.24591889004962067,0.0047348221872973995,0.00599168923341202,0.09278687230981457,0.09772202957768569,0.028629284665195223,8.76427840751906e-05,22,36,0.09144724015441348,0.12286554091211295,True,False,False,0.00030109508405035606,COMPLETE
270,0.43168224096298224,2025-04-17 18:06:29.193884,2025-04-17 18:06:38.046951,0 days 00:00:08.853067,0.9420580681769318,0.4135832507024852,16,0.2238048219332644,0.01572133855409167,0.020515698851806485,0.09626754218370924,0.09542132513176882,0.039809600213812316,5.299455357417896e-05,20,31,0.09415579504290404,0.10244529748130848,True,False,False,0.0004230958480530634,COMPLETE
271,0.317915153503418,2025-04-17 18:06:38.133932,2025-04-17 18:06:46.636519,0 days 00:00:08.502587,0.8776371166965932,0.4395149244656417,16,0.2024357763922104,0.0261125269698528,0.013022598270466524,0.09209702122929898,0.09312387639374009,0.03348180189854327,6.885211187653767e-05,19,43,0.09683040854658609,0.13621723602388155,False,False,False,0.0005247716239713076,COMPLETE
272,0.09234625697135926,2025-04-17 18:06:46.723722,2025-04-17 18:06:55.411227,0 days 00:00:08.687505,0.9083270357206257,0.39000984800532246,16,0.23785328537034883,0.00010420463138524107,0.00764398675120163,0.09774549998599116,0.09806671673456788,0.05160053030675472,0.0001023251617956142,20,39,0.09525898127604669,0.11682100442466327,True,False,False,0.0001985844589783132,COMPLETE
273,0.09234625697135926,2025-04-17 18:06:55.507545,2025-04-17 18:07:04.493015,0 days 00:00:08.985470,0.959812446750984,0.3550608785348492,16,0.2161621763652512,0.011034672342073835,0.01491280309091589,0.09478599908142434,0.09635145673348953,0.04470246585064282,3.97873256894046e-05,17,100,0.09757921771151354,0.12638780750038422,True,False,False,0.00028691266378035084,COMPLETE
274,0.43574406504631047,2025-04-17 18:07:04.581310,2025-04-17 18:07:23.595286,0 days 00:00:19.013976,0.9236803875995481,0.4994584002982598,2,0.2279209491518358,0.02186223772514515,0.010408688849908861,0.08884377503606636,0.09109441054648929,0.0369153826082301,8.256168177692503e-05,19,36,0.0931800967425901,0.11215265321717144,True,False,False,0.0006591247101807021,COMPLETE
275,0.42567538022995,2025-04-17 18:07:23.681955,2025-04-17 18:07:32.578706,0 days 00:00:08.896751,0.9821078343195802,0.4732909793358455,16,0.23278145852136295,0.032340301665873095,0.012190573227159194,0.03669967223436817,0.0984271529290874,0.04111437352811528,6.031304394901256e-05,21,33,0.09978586028335269,0.1207851261838239,True,False,False,0.00035749096777129775,COMPLETE
276,0.43087988495826723,2025-04-17 18:07:32.666320,2025-04-17 18:07:41.749339,0 days 00:00:09.083019,0.8969626897422315,0.42382098360971926,16,0.22054355183036767,0.017039727854544228,0.0030654944574805684,0.09138592679925817,0.09991019113620946,0.04628629408224398,0.00012571340502392966,21,47,0.09586506895048058,0.13244847735705878,True,False,False,0.00024420684048513414,COMPLETE
277,0.415059232711792,2025-04-17 18:07:41.837622,2025-04-17 18:07:50.335389,0 days 00:00:08.497767,0.9546965206983069,0.40684018966700086,16,0.22538608447976582,0.008921648800300245,0.016360793407513997,0.0937834918433762,0.09417164986064985,0.04294109310028377,0.02714051832425254,18,28,0.09044845322436264,0.12373865929390795,True,False,False,0.0003974876179753813,COMPLETE
278,0.42632906436920165,2025-04-17 18:07:50.434559,2025-04-17 18:07:59.254749,0 days 00:00:08.820190,0.9342435107548059,0.3754957534196427,16,0.24420326999662306,0.02440331808578538,0.00841359174072711,0.09577828893792117,0.09610142651895164,0.03923766806375818,4.78954517921907e-05,20,41,0.09713610120001592,0.11460620944552283,True,False,False,0.00017683445553265162,COMPLETE
279,0.4260116219520569,2025-04-17 18:07:59.343155,2025-04-17 18:08:08.011592,0 days 00:00:08.668437,0.9165017393406026,0.43728918231193104,16,0.21575207358401755,0.2752498563889774,0.020522108119136812,0.09792742873839133,0.09288094944499245,0.03154529774282685,7.17008937971177e-05,19,38,0.09419135101359367,0.10084214816655752,True,False,False,0.0002996505902089584,COMPLETE
280,0.4335410714149475,2025-04-17 18:08:08.100086,2025-04-17 18:08:16.963076,0 days 00:00:08.862990,0.9440573476719907,0.40139286817823644,16,0.20785218061784705,0.15569725011334173,0.018804156271475365,0.08997383889949002,0.09680870078560287,0.048865121724261426,9.349990888889879e-05,20,43,0.09232091624307995,0.1301572274683119,True,False,False,0.00022942012161406757,COMPLETE
281,0.42449346184730535,2025-04-17 18:08:17.053699,2025-04-17 18:08:25.566670,0 days 00:00:08.512971,0.8836110140626348,0.46515579350024716,16,0.2322453299771979,0.012736568511495674,0.013302685372400466,0.01922622117761849,0.006143384032815023,0.05448746144804692,3.227096027534717e-05,18,35,0.09871271928930836,0.1101429935436314,True,False,False,0.0004812614371812846,COMPLETE
282,0.3397211790084839,2025-04-17 18:08:25.656856,2025-04-17 18:08:35.893058,0 days 00:00:10.236202,0.9799876050552715,0.4212192855089034,16,0.22119549439467404,0.018363857147230475,0.005230968907891008,0.09317881429420168,0.09520438970613825,0.04381326005385278,7.868285774889131e-05,21,123,0.09522029569732343,0.1444567644507758,True,False,False,0.0003522047061497196,COMPLETE
