number,value,datetime_start,datetime_complete,duration,params_alpha-eval,params_alpha-train,params_batch-size,params_eps-eval,params_eps-train,params_lambda-actions-eval,params_lambda-actions-train,params_lambda-frames-eval,params_lambda-frames-train,params_learning-rate,params_n-epochs,params_n-frames,params_radius-gw,params_rho,params_std-feats,params_ub-actions,params_ub-frames,params_weight-decay,state
1689,0.39180079102516174,2025-04-10 23:43:16.789710,2025-04-10 23:43:23.872604,0 days 00:00:07.082894,0.24040225513804525,0.04844832103261025,16,0.048189424339700214,0.031091829991966958,0.08078252504252773,0.06928207363983444,0.025964206196266368,0.018342120815727895,8.977610425036615e-05,9,47,0.05943243928004193,0.06521811110952293,True,True,False,4.499409150186208e-08,COMPLETE
1690,0.15479503571987152,2025-04-10 23:43:24.440009,2025-04-10 23:43:32.806154,0 days 00:00:08.366145,0.21379729392344166,0.10164374462787437,16,0.041226512325101605,0.005797659508182446,0.08679572409939972,0.07822014391387813,0.02609140981506125,0.02206954203368579,7.025103744394851e-05,24,42,0.0639364428770915,0.04579445877181288,False,True,True,6.91856214845065e-08,COMPLETE
1691,0.4095484554767609,2025-04-10 23:43:33.351308,2025-04-10 23:43:40.083042,0 days 00:00:06.731734,0.2929604680975466,0.07177737298454372,16,0.0556979746883834,0.024168194063397007,0.08267240802762499,0.06202068747705842,0.027339945790121455,0.016555946110933997,0.00013248776065756055,6,46,0.06637060056993996,0.08635769929762446,True,True,False,1.4038367768948203e-07,COMPLETE
1692,0.24131810665130618,2025-04-10 23:43:40.651535,2025-04-10 23:43:47.623398,0 days 00:00:06.971863,0.2559474877814647,0.024254628712566853,16,0.06392475804191859,0.019279617765537067,0.07891490719509403,0.08130731383596883,0.05338398945153882,0.019801145903248676,0.00020872683613181052,7,103,0.06120344321251312,0.07420987742141688,True,True,False,8.927052512756111e-08,COMPLETE
1693,0.3677543938159943,2025-04-10 23:43:48.168224,2025-04-10 23:43:55.050270,0 days 00:00:06.882046,0.2798591309624888,0.35482075564128235,16,0.032099832453573764,0.011183090124573114,0.08844904633720084,0.0652313788210309,0.028326297937379702,0.013397690438542978,9.702029240959807e-05,8,40,0.057972470546379634,0.052586559619257324,True,True,False,1.1680452992270287e-07,COMPLETE
1694,0.3043326139450073,2025-04-10 23:43:55.622956,2025-04-10 23:44:02.711596,0 days 00:00:07.088640,0.24888032945820324,0.13214758179673056,16,0.04886845070385254,0.09100249863875648,0.08515868452914029,0.07833402832123885,0.02417947087242881,0.0233765818006752,0.0006550640167726884,6,50,0.06367151498405849,0.05768044396699154,True,False,False,4.834681559987358e-08,COMPLETE
1695,0.38648865222930906,2025-04-10 23:44:03.261492,2025-04-10 23:44:12.726489,0 days 00:00:09.464997,0.16305010965725122,0.09017635012157446,2,0.025317612182065033,0.2241010908279636,0.08426699689856285,0.06909205111535115,0.029736191574634446,0.015265859898525028,8.046170697832819e-05,5,56,0.060208085018200644,0.04138184170455471,True,True,False,8.195223645859695e-08,COMPLETE
1696,0.40395073294639594,2025-04-10 23:44:13.301970,2025-04-10 23:44:19.902557,0 days 00:00:06.600587,0.22266481161613674,0.11498559667465522,16,0.03952448349466325,0.02726165490911142,0.08831954755001248,0.07707486813345556,0.032403791548493384,0.02053634043037946,6.366068370163622e-05,5,34,0.05642134434612116,0.06736774650412891,True,True,False,0.00011053566034244934,COMPLETE
1697,0.3152227878570557,2025-04-10 23:44:20.450044,2025-04-10 23:44:27.304415,0 days 00:00:06.854371,0.19727622678180734,0.4550376794102011,16,0.053627314485206294,0.01631052422246121,0.08177667956810006,0.07984755412773395,0.026564718341668684,0.01793666739861582,0.00011432278397542061,7,44,0.06508378496286477,0.04919811191261041,True,True,False,5.732579629335468e-08,COMPLETE
1698,0.3565379321575165,2025-04-10 23:44:27.877623,2025-04-10 23:44:34.637957,0 days 00:00:06.760334,0.4676384023655917,0.010574398987462819,16,0.044836939902183515,0.007094739554326166,0.08631984331758093,0.07114714057384133,0.028111554226235957,0.02349746967205706,7.984738220595506e-05,6,48,0.06250692064246648,0.03388594043759978,True,True,False,1.3933581157755564e-07,COMPLETE
1699,0.3669804573059082,2025-04-10 23:44:35.190484,2025-04-10 23:44:41.970292,0 days 00:00:06.779808,0.30157980324103545,0.06377777938995857,16,0.03557715928452448,0.15793343788719816,0.08907760278945026,0.0757300313692173,0.030478564568192736,0.021030681670910385,0.00014990053231744694,6,66,0.0671429736261662,0.062188731689255254,True,True,False,9.453629761261605e-08,COMPLETE
1700,0.40684150457382207,2025-04-10 23:44:42.522149,2025-04-10 23:44:49.177307,0 days 00:00:06.655158,0.2780680122124031,0.09193267080501373,16,0.05098980505563446,0.02239747744049683,0.0832112011013999,0.08083823333755358,0.03157145533768208,0.01897346551593308,9.585784101124696e-05,5,38,0.058611872121619925,0.04511286658872766,True,True,False,1.4843416009838555e-05,COMPLETE
1701,0.404524827003479,2025-04-10 23:44:49.749081,2025-04-10 23:44:56.920075,0 days 00:00:07.170994,0.263078343477903,0.046470581396602144,8,0.04456801030934903,0.038256071787357945,0.059576503795461734,0.07813996517042664,0.03222596226346619,0.023022496074664976,5.9013835463556876e-05,7,53,0.06117891389368186,0.054575882349935795,True,True,False,6.743919414735762e-08,COMPLETE
1702,0.2736796736717224,2025-04-10 23:44:57.465667,2025-04-10 23:45:04.074430,0 days 00:00:06.608763,0.23840225657284297,0.14311441189847912,16,0.058192106079699595,0.24212891999820607,0.08099476718468428,0.06656154040767225,0.026695450032662528,0.01664014192453402,6.983654299841166e-05,5,41,0.06467179040395922,0.038777989986590836,True,True,False,1.1808804826727715e-07,COMPLETE
1703,0.31607245802879336,2025-04-10 23:45:04.644402,2025-04-10 23:45:11.547708,0 days 00:00:06.903306,0.17734264695606988,0.1162307164354808,16,0.03178006951541278,0.013684134529587996,0.08652505755603304,0.0760703056002582,0.029103381432277753,0.021457240510996126,8.828973155010299e-05,6,86,0.062409508391386204,0.028254321538683052,True,True,False,4.2054415046043246e-08,COMPLETE
1704,0.36335409283638004,2025-04-10 23:45:12.099044,2025-04-10 23:45:18.989836,0 days 00:00:06.890792,0.2857995186660272,0.06815489267682866,16,0.06547108124594946,0.028073831276839392,0.0903094258083201,0.07098609035552392,0.023281666040792195,0.02350574896731079,0.00011826447872446968,7,45,0.06670157230756935,0.05971115425789028,True,True,False,5.351056710335441e-06,COMPLETE
1705,0.40207579731941223,2025-04-10 23:45:19.563660,2025-04-10 23:45:26.205236,0 days 00:00:06.641576,0.20856490675212774,0.07994999208061164,16,0.04032372064610887,0.005788294768673222,0.07936106980874823,0.07417832136744285,0.033932828551586594,0.01768337063279399,4.4893369740439544e-05,5,43,0.05974277755506674,0.1865034520704601,True,True,False,7.180885446063072e-08,COMPLETE
1706,0.4023796021938324,2025-04-10 23:45:26.759053,2025-04-10 23:45:33.508451,0 days 00:00:06.749398,0.3060940503363758,0.10202866655640991,16,0.023553934489243426,0.018090401816794326,0.0846601411013418,0.0721907930324828,0.041666290972782266,0.019463903505666333,5.9851237967932855e-05,6,49,0.05623553864696693,0.20325013318555749,True,True,False,1.4984669557058938e-07,COMPLETE
1707,0.3510853052139282,2025-04-10 23:45:34.062437,2025-04-10 23:45:40.768216,0 days 00:00:06.705779,0.2538977389478044,0.0355253921679799,16,0.04710900137010936,0.03161207968995544,0.08915555093342065,0.07897196231289833,0.04398564532128452,0.015033611719965343,0.00018164489162474724,6,30,0.06341437344639497,0.07108134697213343,True,True,False,3.1201181045116765e-06,COMPLETE
1708,0.3135477125644684,2025-04-10 23:45:41.337372,2025-04-10 23:45:48.349965,0 days 00:00:07.012593,0.22664414228514113,0.1314918915213045,16,0.016974213781781804,0.00020482380834982092,0.08657195607166404,0.06872223084864806,0.04857182772073393,0.012674337418471321,0.0001025631769349742,8,46,0.058218943494635536,0.049901701025097,True,True,False,9.473462558020988e-08,COMPLETE
1709,0.4205363273620606,2025-04-10 23:45:48.896524,2025-04-10 23:45:55.894714,0 days 00:00:06.998190,0.27309183907171963,0.05809877087498935,16,0.05350310426640043,0.010390092190530904,0.08370759432078945,0.07670926218172824,0.028765033086851927,0.024222624226278744,7.322366322196102e-05,5,37,0.0614367203091796,0.04489553823975155,True,False,False,5.732663055707453e-08,COMPLETE
1710,0.14729333519935608,2025-04-10 23:45:56.467778,2025-04-10 23:46:03.162727,0 days 00:00:06.694949,0.2969517349128586,0.08909165789267778,16,0.03821605251744459,0.022167934220389676,0.08798532166151711,0.08178043624030704,0.03985405454378566,0.02151128675512365,8.15444813352914e-05,6,42,0.06521953226858469,0.05434402775316738,False,True,True,3.841083736130411e-08,COMPLETE
1711,0.09066115021705629,2025-04-10 23:46:03.713631,2025-04-10 23:46:11.875170,0 days 00:00:08.161539,0.24560013561475239,0.7520443386425661,16,0.028041376027722054,0.015587491016252807,0.07589244572217171,0.07416785257302311,0.04485252963326715,0.01939751813077325,0.00013851502149919543,21,52,0.06726538793900688,0.03838710564569209,True,True,False,1.308952489811921e-07,COMPLETE
1712,0.37083846330642706,2025-04-10 23:46:12.456856,2025-04-10 23:46:19.152936,0 days 00:00:06.696080,0.19565741448751522,0.11110918164834845,16,0.04314471045198537,0.010858690856589515,0.08198899103459906,0.07549408055260609,0.04672094259422141,0.022329656027423397,5.861685702720104e-05,5,40,0.0635329434824697,0.06653539753533932,True,True,False,8.371388992087674e-08,COMPLETE
1713,0.333795553445816,2025-04-10 23:46:19.704196,2025-04-10 23:46:26.517195,0 days 00:00:06.812999,0.2701892992073458,0.0698842959860407,16,0.060487684957606286,0.02476536607596557,0.08489491045468006,0.04429571954193988,0.04185477409986696,0.024730984014624414,9.403287111734048e-05,7,47,0.060093716566463146,0.06033130656955551,True,True,False,1.0685176776946858e-07,COMPLETE
1714,0.4341482758522034,2025-04-10 23:46:27.092100,2025-04-10 23:46:33.716622,0 days 00:00:06.624522,0.22403280027043765,0.09798560165238908,16,0.05007278225037125,0.004975910445978303,0.08991960861448751,0.07856650720806098,0.0333558087187935,0.01697410872440405,0.00011717581523146816,5,45,0.06511950493122633,0.048933158600090156,True,True,False,3.772614976721706e-08,COMPLETE
1715,0.19261664152145386,2025-04-10 23:46:34.273699,2025-04-10 23:46:40.989445,0 days 00:00:06.715746,0.19362222205036794,0.15294702577265556,16,0.06331614593293383,0.0047206381977244714,0.09047650842795879,0.07264532739303549,0.031119530213088113,0.015034345059372671,0.00017911103430711206,7,33,0.06810563446794982,0.033725588474502875,True,True,False,3.1596873885385935e-08,COMPLETE
1716,0.3456571578979492,2025-04-10 23:46:41.569559,2025-04-10 23:46:48.305536,0 days 00:00:06.735977,0.9362903536607113,0.05304659869743205,16,0.06950310290820702,0.0006396621469931772,0.09199287895551825,0.0778509537341563,0.032015075931603694,0.010316068829223944,0.000147045339030588,6,39,0.06656668610728915,0.0433319735826213,True,True,False,3.4541986193524114e-08,COMPLETE
1717,0.2765389621257782,2025-04-10 23:46:48.864719,2025-04-10 23:46:55.839919,0 days 00:00:06.975200,0.18083487661231085,0.08274496163748356,16,0.05649339970429829,0.004761516309072702,0.09406397076619116,0.07560932380620775,0.0299595984788427,0.013183590351904754,0.00013598510860217102,8,43,0.0672886999957815,0.04288391322087843,True,True,False,3.9680133073676456e-08,COMPLETE
1718,0.31679137945175173,2025-04-10 23:46:56.394973,2025-04-10 23:47:03.143758,0 days 00:00:06.748785,0.206582599929023,0.12233393381278818,16,0.05373820922844219,0.00698470815956523,0.09000103463554887,0.06409416655874253,0.03310935727091253,0.012239916370206869,0.00012745286207841087,6,36,0.0657166716577476,0.03473033731776745,True,True,False,2.881135989066065e-08,COMPLETE
1719,0.2613434612751007,2025-04-10 23:47:03.719481,2025-04-10 23:47:13.125862,0 days 00:00:09.406381,0.16558090078120583,0.0329174640316837,2,0.05223430630856482,0.004323872598595553,0.07863826851846517,0.07039929940299962,0.03347457098399165,0.01572428416247046,0.00012057233439395397,5,44,0.06526504598676247,0.04777867896824594,True,True,False,3.481468697261534e-08,COMPLETE
1720,0.35196397304534915,2025-04-10 23:47:13.684364,2025-04-10 23:47:20.325730,0 days 00:00:06.641366,0.21363244061869607,0.10520931165128304,16,0.06042491856716011,0.006895824525706877,0.091376754028235,0.08053060147417293,0.031194614144305,0.013689751554675403,0.00015228257192177202,5,41,0.0674780712954667,0.038466877200556485,True,True,False,2.6967109573409562e-08,COMPLETE
1721,0.2375618636608124,2025-04-10 23:47:20.900947,2025-04-10 23:47:27.701401,0 days 00:00:06.800454,0.2124649200189157,0.07637778224157057,16,0.04865281148881355,0.0003783044663800035,0.09470093048717623,0.06735119614804022,0.03290142607693948,0.016481351727327696,0.0001770745938431275,6,45,0.06530822891479686,0.02641042212068352,True,True,False,4.6876165978212614e-08,COMPLETE
1722,0.35205804705619814,2025-04-10 23:47:28.255475,2025-04-10 23:47:35.114160,0 days 00:00:06.858685,0.17869919986323143,0.09167723982175471,16,0.05878494388819244,0.005661885697840385,0.08950924759123244,0.07429878434222559,0.03297758927193524,0.014682753440091104,0.00011397745054476246,7,39,0.06791604717081977,0.041760045853055,True,True,False,3.8849905107177296e-08,COMPLETE
1723,0.26271299719810487,2025-04-10 23:47:35.692725,2025-04-10 23:47:42.856840,0 days 00:00:07.164115,0.22483929474693842,0.8854382152696929,8,0.05030300071485261,0.009155295959293737,0.08013159963049095,0.07739461851517068,0.029701052498998626,0.017057413272846916,0.00010670080197414614,6,49,0.06456563699262875,0.04830051269810775,True,True,False,4.6850251375506464e-08,COMPLETE
1724,0.27141857147216797,2025-04-10 23:47:43.414528,2025-04-10 23:47:50.049732,0 days 00:00:06.635204,0.18604652208064987,0.1316017121410136,16,0.066595404303769,0.011041471242086133,0.0922169252586127,0.07200738667079239,0.030851431522783704,0.01576519431084814,0.00011764935781491336,5,42,0.06590547588063997,0.030521035297210793,True,True,False,1.9165732644505333e-08,COMPLETE
1725,0.2590783476829529,2025-04-10 23:47:50.630011,2025-04-10 23:47:57.618116,0 days 00:00:06.988105,0.1520468426207786,0.8585016255310884,16,0.045538678841681265,0.004969171360362934,0.0968815995067302,0.07971575731389917,0.031157068330940188,0.016903196385799103,0.00016094893228439075,9,46,0.06421239358346986,0.04837726102343727,True,True,False,3.354512313346967e-08,COMPLETE
1726,0.19672240614891054,2025-04-10 23:47:58.176167,2025-04-10 23:48:05.007313,0 days 00:00:06.831146,0.20631809556569392,0.05036501098444482,16,0.0003019407556412654,0.0005768161836352649,0.08737228363168405,0.06983512705996538,0.03409033135247916,0.008982979431685467,0.00022412756332821745,7,51,0.06760042758221882,0.04396211512887206,True,True,False,2.49483178539371e-08,COMPLETE
1727,0.1550558775663376,2025-04-10 23:48:05.587763,2025-04-10 23:48:12.161847,0 days 00:00:06.574084,0.22667787302124198,0.11579546823031253,16,0.055953383688724684,0.013120305364541854,0.08209090562418675,0.05884201860134422,0.03390543355666226,0.01838438615076274,0.017150986377972785,5,37,0.06352355907525646,0.03738740823212524,True,True,False,4.633274689524783e-08,COMPLETE
1728,0.09234625697135926,2025-04-10 23:48:12.722610,2025-04-10 23:48:19.411772,0 days 00:00:06.689162,0.2015593379178551,0.06321107740806095,16,0.03420028337024741,0.03755416185241834,0.06756160305750537,0.07336165586327152,0.029880646179747273,0.011090086504774863,0.00010408158351074085,6,44,0.06785075160870227,0.020042270999671347,True,True,True,3.811079103866176e-08,COMPLETE
1729,0.20808866024017336,2025-04-10 23:48:19.969668,2025-04-10 23:48:27.113683,0 days 00:00:07.144015,0.23046281782063635,0.09754805885220902,16,0.041942049580761795,0.017768182697614928,0.007136332877256055,0.07635781240345754,0.028752183113463413,0.01389198464387278,0.00013825135303062772,8,40,0.06606636304261371,0.05047005977351396,False,False,False,3.107259422720851e-08,COMPLETE
1730,0.37662169337272644,2025-04-10 23:48:27.690661,2025-04-10 23:48:34.336316,0 days 00:00:06.645655,0.21845792252805718,0.15506022387194124,16,0.05051520832998512,0.010149335438406938,0.09501284632886416,0.07911610012546502,0.03513652478475113,0.017830986222787705,9.52836436189355e-05,5,48,0.06325550573621698,0.04070425399693206,True,True,False,5.248199491066752e-08,COMPLETE
1731,0.11061792820692064,2025-04-10 23:48:34.894308,2025-04-10 23:48:41.557891,0 days 00:00:06.663583,0.09950758620831358,0.0230813955722381,16,0.03601853819541789,0.03090847488882998,0.06366651212332382,0.07520887850798844,0.02536893263592923,0.014965430037817314,9.913280092269313e-05,6,43,0.06495411239585915,0.050367586315481834,True,True,False,4.476728025467896e-08,COMPLETE
1732,0.3264742612838745,2025-04-10 23:48:42.136124,2025-04-10 23:48:48.936115,0 days 00:00:06.799991,0.1931994094128353,0.07610839780299979,16,0.04708702424908087,0.04479909328394391,0.0889592618296269,0.0715843481689774,0.050872459265528226,0.017830756492494798,3.885305192737351e-05,7,54,0.06301389176804292,0.03483563903967468,True,True,False,2.2845350402512835e-08,COMPLETE
1733,0.3717331945896149,2025-04-10 23:48:49.490084,2025-04-10 23:48:56.135727,0 days 00:00:06.645643,0.2372205764074678,0.6464993812681243,16,0.020890437090661754,0.016750595436225053,0.08620907436838368,0.07741660603016175,0.04889481927477275,0.012156026365423914,0.00012075770094231386,5,47,0.06230924807430956,0.052185728464962125,True,True,False,2.931504740318562e-08,COMPLETE
1734,0.41096504330635075,2025-04-10 23:48:56.713849,2025-04-10 23:49:03.532717,0 days 00:00:06.818868,0.2334290485706433,0.044364155872422505,16,0.008845912072923338,0.005506266559886501,0.07329738275944617,0.08202836217387383,0.027719313849213622,0.016350979289994537,8.083399708302967e-05,6,41,0.06583351628874459,0.04468094973313107,True,True,False,3.7634240983481546e-08,COMPLETE
1735,0.3688732385635376,2025-04-10 23:49:04.086034,2025-04-10 23:49:10.672843,0 days 00:00:06.586809,0.1770824929481537,0.13786207734490738,16,0.030159588865185112,0.00019298198110217872,0.09267457012196771,0.07415902432411188,0.03479209018064226,0.01933656115656782,4.842606111832013e-05,5,34,0.041286057536791446,0.04000593394172042,True,True,False,1.6857701461655037e-08,COMPLETE
1736,0.33622183799743655,2025-04-10 23:49:11.248962,2025-04-10 23:49:18.171004,0 days 00:00:06.922042,0.12989180764929442,0.10222192996060814,16,0.055674158651571645,0.02244655469224212,0.09060988685216245,0.06812033450374887,0.03188167473187384,0.018723933052486447,6.748407256040528e-05,7,45,0.06820812937441806,0.055867614527007746,True,True,False,5.0412975439836944e-08,COMPLETE
1737,0.4154546678066254,2025-04-10 23:49:18.725222,2025-04-10 23:49:25.471471,0 days 00:00:06.746249,0.21403559934368585,0.07639275485559384,16,0.040961284252896066,0.012875265900241063,0.07769870868171211,0.07789240411404448,0.02731865116430185,0.016920567271784037,9.089612826211644e-05,6,51,0.06407391377023801,0.16308650208370773,True,True,False,5.1846374503361346e-08,COMPLETE
1738,0.3737906992435456,2025-04-10 23:49:26.051333,2025-04-10 23:49:32.757868,0 days 00:00:06.706535,0.24761875516311194,0.12244437525157709,16,0.06258890817951797,0.009549723927939718,0.0830059268759071,0.06975708858999971,0.033398449208652585,0.020569422837232662,0.00011093375760896936,5,39,0.0624271584813005,0.029733827445415917,True,True,False,6.306331439880042e-08,COMPLETE
1739,0.18080412447452546,2025-04-10 23:49:33.328697,2025-04-10 23:49:43.205060,0 days 00:00:09.876363,0.21920082588259887,0.09204264359022794,2,0.05033834524145453,0.029085669195960527,0.05243739234334947,0.07575552132413974,0.0457053835482664,0.013954143275123843,0.00014017374332112568,6,57,0.0667057957162079,0.04707228967784154,True,True,False,3.565987316360058e-08,COMPLETE
1740,0.36597557067871095,2025-04-10 23:49:43.785414,2025-04-10 23:49:50.603244,0 days 00:00:06.817830,0.1938995185324581,0.056953753645096986,16,0.038786996916963544,0.00018651334589983581,0.09736080334390854,0.07243642498161093,0.05242966406613291,0.08683729473073785,7.639508982502314e-05,7,48,0.06462664024121237,0.05210194567007949,True,True,False,2.7484140476027608e-08,COMPLETE
1741,0.42622386217117314,2025-04-10 23:49:51.166815,2025-04-10 23:49:57.876095,0 days 00:00:06.709280,0.24689693105114463,0.10723198820164954,16,0.02576284734644435,0.021304095702918857,0.08512929907371272,0.07982754523254647,0.020664139808587827,0.025304157088099147,5.2683038301206265e-05,5,43,0.06164016816680471,0.04358896609760896,True,True,False,4.358473763148954e-08,COMPLETE
1742,0.30854973793029783,2025-04-10 23:49:58.462890,2025-04-10 23:50:05.322329,0 days 00:00:06.859439,0.305572753145728,0.03869852520263577,16,0.046082168169450884,0.016282491983874887,0.08753455997568292,0.08233053173399807,0.015624707365286615,0.01888822607236942,0.00010090795143143119,6,64,0.06573270860678569,0.03681392932984407,True,True,False,6.653983890415155e-08,COMPLETE
1743,0.34835666418075567,2025-04-10 23:50:05.884298,2025-04-10 23:50:12.672712,0 days 00:00:06.788414,0.23378979865883426,0.07594189504245065,16,0.05417408607026062,0.036782207232511396,0.09305489855481483,0.07385296935154129,0.04805450335362938,0.016119107982166474,8.413969628875407e-05,6,37,0.06777456877983885,0.05395270523219845,True,True,False,8.489403912739746e-06,COMPLETE
1744,0.3459138691425324,2025-04-10 23:50:13.256190,2025-04-10 23:50:20.132008,0 days 00:00:06.875818,0.16550329855294138,0.12190233104908056,16,0.014758587391652221,0.00950070721348979,0.09015221914796973,0.06616864512441224,0.031128682397238105,0.03648821565074784,6.605725095303967e-05,8,27,0.06164045582557596,0.046344777940286436,True,True,False,5.733626320478163e-08,COMPLETE
