number,value,datetime_start,datetime_complete,duration,params_alpha-eval,params_alpha-train,params_batch-size,params_eps-eval,params_eps-train,params_lambda-actions-eval,params_lambda-actions-train,params_lambda-frames-eval,params_lambda-frames-train,params_learning-rate,params_n-epochs,params_n-frames,params_radius-gw,params_rho,params_std-feats,params_ub-actions,params_ub-frames,params_weight-decay,state
1985,0.17655153274536134,2025-04-17 23:56:10.791859,2025-04-17 23:56:22.494549,0 days 00:00:11.702690,0.04486137032991365,0.8307430413801469,2,0.20027179799402142,0.02206342896603031,0.024666121114321825,0.021512821307182857,0.034689749357671995,0.09743654789326815,0.00010686662553862395,9,34,0.07929762321786933,0.20767292772573956,True,True,False,5.351546736314621e-08,COMPLETE
1986,0.4607854545116425,2025-04-17 23:56:23.141646,2025-04-17 23:56:36.704284,0 days 00:00:13.562638,0.027522485664298775,0.8498249784426484,2,0.1886410514471706,0.028597081467705756,0.028224889215567987,0.024142202374354015,0.040988512797450194,0.09444516649728019,8.343904755132296e-05,10,37,0.08179046225096855,0.18725666262237095,True,False,False,2.9735360056232003e-08,COMPLETE
1987,0.44966008067131047,2025-04-17 23:56:37.373903,2025-04-17 23:56:50.231466,0 days 00:00:12.857563,0.05962162195204021,0.8687515759791186,2,0.18602757327661057,0.0282141891715117,0.027893428722347673,0.018039910496807834,0.03905513010857516,0.09269287255028201,0.00010986173762692975,9,31,0.08794055289548926,0.1975085640350162,True,False,False,3.956256712513855e-08,COMPLETE
1988,0.431167209148407,2025-04-17 23:56:50.907251,2025-04-17 23:57:03.894638,0 days 00:00:12.987387,0.010501108967473603,0.87686393869316,2,0.20239423609909887,0.014814358194541383,0.019832014510053547,0.02438304591898404,0.0405691521073174,0.09788940201545607,7.255650246796243e-05,9,35,0.08435348119182619,0.21197283757175414,True,False,False,2.493284565620367e-08,COMPLETE
1989,0.4470454633235932,2025-04-17 23:57:04.539546,2025-04-17 23:57:16.940140,0 days 00:00:12.400594,0.06501523599789993,0.8508880763453541,2,0.19453925007837788,0.020640321215839547,0.03072649769548341,0.023069746783796308,0.04171922666181841,0.09625495589279146,9.066235606425707e-05,8,37,0.07859221143887189,0.20387783971903767,True,False,False,1.9961568457981356e-08,COMPLETE
1990,0.4004611253738403,2025-04-17 23:57:17.610679,2025-04-17 23:57:29.788439,0 days 00:00:12.177760,0.010736242922385637,0.8805810983833198,2,0.18572703734919635,0.02811187987936313,0.026908434171706318,0.01603247514621854,0.038077228970227694,0.09802634516303892,0.0001100208654838494,8,26,0.0816121266599369,0.2126130574235008,False,False,False,2.980133037469988e-08,COMPLETE
1991,0.46285834312438967,2025-04-17 23:57:30.463101,2025-04-17 23:57:43.362366,0 days 00:00:12.899265,0.010330359233986867,0.8263163429489524,2,0.2095806225429447,0.02356923216593739,0.02396566887521889,0.021309643128405994,0.03358416873421412,0.09412169624813865,9.894569635447739e-05,9,38,0.0859501009944593,0.20400719133771072,True,False,False,3.8115784942310984e-08,COMPLETE
1992,0.09234625697135926,2025-04-17 23:57:44.015962,2025-04-17 23:57:56.854690,0 days 00:00:12.838728,0.026749590796625464,0.8141448288431723,2,0.22061625384080388,0.007494098664905,0.02274775371902542,0.024444886948178143,0.0325356047247191,0.09182922300188755,8.606968867523325e-05,9,33,0.08836978720666276,0.2000454098072929,True,False,False,5.955116509328651e-08,COMPLETE
1993,0.43698450922966003,2025-04-17 23:57:57.529187,2025-04-17 23:58:11.791430,0 days 00:00:14.262243,0.027519076329854286,0.823659705781017,2,0.20946261332032048,0.013236681464489353,0.02254724228828551,0.025921764021195576,0.03378633692097553,0.09330409336132826,6.303122532264615e-05,11,31,0.08613043272380673,0.19304971716572336,True,False,False,4.9958934440913666e-08,COMPLETE
1994,0.09234625697135926,2025-04-17 23:58:12.438767,2025-04-17 23:58:26.435981,0 days 00:00:13.997214,0.01075763872668032,0.827081551074587,2,0.1838326517572561,0.011312453992582008,0.01758834265297235,0.021288953329927647,0.03341140693928349,0.09999554967443157,0.00010876758686086182,11,35,0.0884555660882879,0.19584977200479417,True,False,False,4.1550974768498214e-08,COMPLETE
1995,0.3850205063819886,2025-04-17 23:58:27.107254,2025-04-17 23:58:35.594507,0 days 00:00:08.487253,0.04127310670208746,0.8315001466345798,8,0.21876910063924426,0.016276719198129376,0.021957221138594628,0.026239714885659935,0.03282793422229574,0.09393888156656294,0.00011574780284557819,10,38,0.0859416474906626,0.1884633299950574,True,False,False,4.9099966071557084e-08,COMPLETE
1996,0.09234625697135926,2025-04-17 23:58:36.265235,2025-04-17 23:58:50.382777,0 days 00:00:14.117542,0.01184429123981601,0.822158797258423,2,0.21274406462997084,0.01839943677258488,0.02458717978493003,0.02335613207721672,0.03363487922448145,0.09179735517697139,9.03546980960715e-05,10,109,0.08831303337632385,0.20367695202267522,True,False,False,3.876194755473763e-08,COMPLETE
1997,0.09234625697135926,2025-04-17 23:58:51.030263,2025-04-17 23:59:03.864807,0 days 00:00:12.834544,0.050675437077732866,0.8299599051692922,2,0.18994515181315091,0.006497646601642634,0.02361300000696021,0.025885916701641636,0.03454263549823198,0.09997094134562388,7.452757473328684e-05,9,38,0.08501452041571518,0.21375326917361817,True,False,False,6.069693043135958e-08,COMPLETE
1998,0.09234625697135926,2025-04-17 23:59:04.537041,2025-04-17 23:59:17.270887,0 days 00:00:12.733846,0.028367636146567038,0.8424988890640703,2,0.20929248180692456,0.0002132127447077095,0.022669994244726235,0.021792741552329575,0.035148841540802465,0.02639871160489316,0.0001096388280196546,9,28,0.08696151755393954,0.2041946658565032,True,False,False,3.817797977244969e-08,COMPLETE
1999,0.45123203396797185,2025-04-17 23:59:17.950072,2025-04-17 23:59:31.425013,0 days 00:00:13.474941,0.0649310341949352,0.8081863523151717,2,0.18296895206874936,0.019840540428825736,0.018126002588439744,0.02771357433291548,0.03629800081686303,0.09523048593962363,0.00010752000714693215,10,33,0.08500951803856248,0.18116242711105252,True,False,False,4.793026077674137e-08,COMPLETE
