number,value,datetime_start,datetime_complete,duration,params_alpha-eval,params_alpha-train,params_batch-size,params_eps-eval,params_eps-train,params_lambda-actions-eval,params_lambda-actions-train,params_lambda-frames-eval,params_lambda-frames-train,params_learning-rate,params_n-epochs,params_n-frames,params_radius-gw,params_rho,params_std-feats,params_ub-actions,params_ub-frames,params_weight-decay,state
905,0.21008133292198183,2025-04-10 22:05:54.223629,2025-04-10 22:06:01.247553,0 days 00:00:07.023924,0.19942734317433336,0.08576840949507916,8,0.01191890915827457,0.01694136676105207,0.08276917119884103,0.08300021258180297,0.044177102533461576,0.02680680693762636,0.00010339807717999681,6,49,0.05944642160354745,0.043948204852989496,True,True,False,2.740205398649471e-07,COMPLETE
906,0.4060268223285675,2025-04-10 22:06:01.547452,2025-04-10 22:06:08.256297,0 days 00:00:06.708845,0.23769719827442906,0.11773760430587776,16,0.03648709755533168,0.033057652921817,0.07562662259292299,0.06705373013963278,0.04679294776339604,0.023174406360901855,6.50447047709046e-05,6,60,0.05332884934380288,0.05394186267690424,True,True,False,0.00011573659185614999,COMPLETE
907,0.4001551270484925,2025-04-10 22:06:08.539492,2025-04-10 22:06:15.244371,0 days 00:00:06.704879,0.26281085070733434,0.09413539992122472,16,0.03164191866175741,0.011860937787219271,0.0882404004509862,0.07247707650210669,0.03790095205124165,0.028630799318502733,8.623559149373926e-05,5,47,0.058175780320639525,0.06329419011380208,True,True,False,1.0599342299199455e-07,COMPLETE
908,0.4339208424091339,2025-04-10 22:06:15.544065,2025-04-10 22:06:22.258776,0 days 00:00:06.714711,0.21531148228851932,0.03047618595279475,16,0.021174588716562675,0.020390955633261917,0.08561184095391769,0.0698392486093358,0.04500295419754741,0.025931841505385984,0.00010904924209758062,6,54,0.060308609745139644,0.050317748698085425,True,True,False,1.411536987928253e-06,COMPLETE
909,0.35171214342117313,2025-04-10 22:06:22.555615,2025-04-10 22:06:29.301628,0 days 00:00:06.746013,0.22142515163253568,0.0402547791749756,16,0.02175517299296353,0.024905851635029532,0.08786338226721713,0.07224923653098628,0.04204665281448074,0.023705760178903083,7.881193656751373e-05,6,51,0.06032486326596728,0.04254751342575887,True,True,False,3.90791413653589e-06,COMPLETE
910,0.4011064410209656,2025-04-10 22:06:29.602536,2025-04-10 22:06:36.334328,0 days 00:00:06.731792,0.21296404614572945,0.028964734670009675,16,0.02513783045060526,0.032979869578718464,0.08101503820343257,0.06830502443290136,0.04003721809153298,0.025072581862785784,0.00010418574778065369,6,47,0.061292472060648404,0.04418146315349088,True,True,False,1.3329353998971897e-06,COMPLETE
911,0.13062052726745607,2025-04-10 22:06:36.617869,2025-04-10 22:06:43.189191,0 days 00:00:06.571322,0.23933087946976073,0.032575948532978155,16,0.03891921090374831,0.02099972242381757,0.08595031527491429,0.07002762404600309,0.04031006952625667,0.022984252825958465,0.00482996874213037,6,48,0.0606210674302026,0.04919912296504685,False,True,True,4.822935722726453e-06,COMPLETE
912,0.23098389506340028,2025-04-10 22:06:43.486659,2025-04-10 22:06:50.806840,0 days 00:00:07.320181,0.22484968177610384,0.03357399241451953,16,0.028858811675136535,0.036056016194402234,0.08880524985138057,0.07314665967063762,0.04351663390973042,0.026109717419004974,0.010393249986934657,12,52,0.06009143940757106,0.04942691053875499,True,True,False,1.0017224137403686e-07,COMPLETE
913,0.4023858428001404,2025-04-10 22:06:51.105169,2025-04-10 22:06:58.232114,0 days 00:00:07.126945,0.2560992934700834,0.31229586021090333,16,0.031650968323260795,0.024978997699297928,0.08819897410280482,0.08572240388399949,0.038948872261037396,0.02353064498121541,6.769461560594325e-05,6,46,0.05985950756637559,0.03872738098053934,True,False,False,2.262553515922076e-08,COMPLETE
914,0.40169436335563663,2025-04-10 22:06:58.534187,2025-04-10 22:07:05.285121,0 days 00:00:06.750934,0.2474316774622812,0.025609226097615193,16,0.026297374231250573,0.027154241572543328,0.08310939494155566,0.08187063127484981,0.04224551337188882,0.02627977503709025,9.037877156319411e-05,6,57,0.0612098353827792,0.05112871593584793,True,True,False,1.3263027725991015e-06,COMPLETE
915,0.408370041847229,2025-04-10 22:07:05.568577,2025-04-10 22:07:12.317595,0 days 00:00:06.749018,0.20001896039721012,0.05208226764916224,16,0.022194522342826966,0.01986616063938989,0.08549351451096077,0.06754636097461535,0.04162200225642214,0.021428502169327998,5.749810271622758e-05,6,50,0.0587531006997509,0.07204882038170624,True,True,False,8.14969493788581e-07,COMPLETE
916,0.1226622998714447,2025-04-10 22:07:12.617123,2025-04-10 22:07:19.265242,0 days 00:00:06.648119,0.2737335710501772,0.8244903656848355,16,0.0399430604835355,0.018269018032316967,0.08948816624950205,0.0713157790768408,0.038207159439980945,0.025109925975814327,0.00010672378775444729,6,47,0.0063407075413992806,0.04247192766673785,True,True,False,1.146066302742434e-07,COMPLETE
917,0.38026756644248966,2025-04-10 22:07:19.571674,2025-04-10 22:07:26.302697,0 days 00:00:06.731023,0.22830687270715688,0.022055646487377588,16,0.01831432472609606,0.03135434541452192,0.08637870874179983,0.029395811659756948,0.047911319730665265,0.028077760752915758,7.549270801191423e-05,6,46,0.055732959400916535,0.06216026093860649,True,True,False,1.482181781085556e-07,COMPLETE
918,0.42117360830307005,2025-04-10 22:07:26.607059,2025-04-10 22:07:33.330919,0 days 00:00:06.723860,0.20547202580469232,0.052650007949086655,16,0.043236501499413285,0.006153262567113332,0.08944251074766628,0.07316127317400724,0.038169576184429614,0.023377340371086446,4.961184712550978e-05,6,53,0.06101669161546774,0.07912355137285723,True,True,False,2.849161075982248e-08,COMPLETE
919,0.33851251006126404,2025-04-10 22:07:33.620963,2025-04-10 22:07:40.369590,0 days 00:00:06.748627,0.2692736443776125,0.05828209658539194,16,0.033413972974905226,0.02178240566678422,0.08376190221552895,0.08012510278135036,0.043295462433098376,0.026838996372631665,8.934051681076888e-05,6,50,0.056831020735454166,0.05178251388327841,True,True,False,8.925059932509176e-08,COMPLETE
920,0.15735935270786286,2025-04-10 22:07:40.671868,2025-04-10 22:07:47.176249,0 days 00:00:06.504381,0.2427403048152832,0.02851605978445757,16,0.047054242638444606,0.014907012831220898,0.08770498614921049,0.08315791392848225,0.036641730243731255,0.022338482765271877,6.219223994585126e-05,5,63,0.011200851687245716,0.05946816567935322,True,True,False,1.997635435192103e-06,COMPLETE
921,0.3805223643779755,2025-04-10 22:07:47.477540,2025-04-10 22:07:54.961906,0 days 00:00:07.484366,0.2732239115078244,0.050413343421373685,16,0.03832286353226291,0.06733371424979528,0.07933596999983253,0.06448873841220067,0.04416138245886242,0.012589661356848776,0.00010896449068561669,14,44,0.07290415852709674,0.03687230289886624,True,True,False,5.819932610399452e-06,COMPLETE
922,0.23642789125442507,2025-04-10 22:07:55.266825,2025-04-10 22:08:04.558876,0 days 00:00:09.292051,0.22159336390789813,0.07319583548564637,2,0.04477713451595151,0.028383521877485177,0.09032801469413729,0.0709043270035511,0.04007090414001468,0.020063580971729302,7.639646400941269e-05,5,47,0.05869788243527623,0.06970692489584418,True,True,False,6.996526593958687e-06,COMPLETE
923,0.35867175459861755,2025-04-10 22:08:04.847574,2025-04-10 22:08:11.694947,0 days 00:00:06.847373,0.25046574625886725,0.010021540887528185,16,0.05229251731515356,0.00014377964755790272,0.08582215864960946,0.07439016188207806,0.05167231591652497,0.025277035633180372,9.09949343143554e-05,7,44,0.061593606070930944,0.04774149599521919,True,True,False,1.2177755461948725e-07,COMPLETE
924,0.41724274158477787,2025-04-10 22:08:11.996678,2025-04-10 22:08:18.688725,0 days 00:00:06.692047,0.2828687571702641,0.04302630307733794,16,0.019512306309228903,0.010974645206660789,0.0882754533958995,0.06870980237502593,0.04079526852517762,0.027808180939975186,0.0001228637913250347,6,55,0.060898729940372626,0.19059845503012196,True,True,False,1.6128363239860903e-06,COMPLETE
925,0.4122560560703278,2025-04-10 22:08:18.993244,2025-04-10 22:08:25.763648,0 days 00:00:06.770404,0.20902728597002415,0.0678451364348699,16,0.03255935553370926,0.03554877395791056,0.08403310614016885,0.07889886988936717,0.045413785892374964,0.03561062483444229,5.4294374113368017e-05,6,71,0.07098107989402257,0.11050826424379608,True,True,False,2.202836394922342e-06,COMPLETE
926,0.18925867378711703,2025-04-10 22:08:26.069833,2025-04-10 22:08:32.680710,0 days 00:00:06.610877,0.18821065963753808,0.0308818160087481,16,0.05691201640744039,0.16050039313843242,0.07718189078932375,0.07284573087279476,0.046848728588698256,0.019146168502498805,4.2645281324241527e-05,5,49,0.05910979164514444,0.06649129784061021,True,True,False,3.8534022908546824e-07,COMPLETE
927,0.31031582951545716,2025-04-10 22:08:32.968195,2025-04-10 22:08:40.168719,0 days 00:00:07.200524,0.2295475876172531,0.06926217124500166,8,0.03877187133492919,0.018986322874491382,0.09037724857184543,0.07706071966792712,0.03785895185431054,0.016064984208282417,7.207584811264094e-05,7,59,0.05515394646146457,0.05896475753766998,True,True,False,2.6515776345385465e-08,COMPLETE
928,0.41823982000350957,2025-04-10 22:08:40.471300,2025-04-10 22:08:47.086406,0 days 00:00:06.615106,0.26452468869162776,0.04099114622723831,16,0.02802056719021815,0.006943073329231088,0.08183427163074064,0.08096871540857446,0.03662080267287733,0.02120499010742243,0.0001493799490445598,5,45,0.06226695506942341,0.07676822193236596,True,True,False,1.6671308316400549e-07,COMPLETE
929,0.14279522001743317,2025-04-10 22:08:47.387747,2025-04-10 22:08:54.357768,0 days 00:00:06.970021,0.2508211758841608,0.07205308651260976,16,0.04962864192359231,0.025301007525132854,0.08661839972247501,0.0704907619809513,0.042325866280824506,0.02522906788401483,9.761185605112078e-05,6,125,0.02519032116192599,0.041131864530831716,True,True,False,2.1853725379580322e-08,COMPLETE
930,0.18375317454338075,2025-04-10 22:08:54.664480,2025-04-10 22:09:01.325244,0 days 00:00:06.660764,0.29201137403421334,0.057290372084434237,16,0.043608559745450144,0.014594183500913564,0.08872341879457006,0.07393230869514143,0.04114302617451603,0.03271315039340203,8.465866688439166e-05,5,53,0.05780765242096629,0.053493470921846954,True,True,True,3.174172102158426e-08,COMPLETE
931,0.21649067997932436,2025-04-10 22:09:01.615448,2025-04-10 22:09:08.679234,0 days 00:00:07.063786,0.2750252916832265,0.08277804638606982,16,0.061337869053622374,0.022188735056484235,0.09117924835584028,0.06660089643105907,0.04398027567633525,0.023601126872908836,6.427840374576281e-05,7,47,0.06191203278399181,0.06225440341349375,False,False,False,1.0423241109098464e-07,COMPLETE
932,0.42315599322319036,2025-04-10 22:09:08.981943,2025-04-10 22:09:15.700113,0 days 00:00:06.718170,0.2371622672471896,0.12129918240772657,16,0.03537340661664998,0.009272693054506757,0.08522526661930005,0.0760203677265514,0.03656824321859695,0.02760973886240694,0.00011004731438326406,6,43,0.060068529105780595,0.045764689574494345,True,True,False,1.3840906461689785e-07,COMPLETE
933,0.3626082599163056,2025-04-10 22:09:16.009686,2025-04-10 22:09:22.627657,0 days 00:00:06.617971,0.4859681196274567,0.495584111596619,16,0.0546741397172244,0.029454162315693137,0.08725263059525895,0.07931191700947811,0.039778905605889536,0.030104350829335266,7.772825621160065e-05,5,50,0.07235636116952757,0.06854944749805977,True,True,False,1.8505682463086046e-08,COMPLETE
934,0.25114431977272034,2025-04-10 22:09:22.935935,2025-04-10 22:09:30.997073,0 days 00:00:08.061138,0.25629124411380927,0.02994384050297472,16,0.047336707139861475,0.01657195234404112,0.09067580733100966,0.07194540489900955,0.04690187976944715,0.01766791885125364,0.00012712451495556053,20,47,0.06285203259503852,0.05541519112625587,True,True,False,2.6105696618510575e-07,COMPLETE
935,0.4240285813808441,2025-04-10 22:09:31.306852,2025-04-10 22:09:38.018737,0 days 00:00:06.711885,0.19966828788612365,0.6489752218936626,16,0.04279482550205395,0.004647612253259551,0.08875258717581902,0.07746982107869005,0.045049260470474195,0.04190407918234608,5.601749462200375e-05,6,42,0.06001852592750738,0.06303970823995561,True,True,False,8.11874870663978e-08,COMPLETE
936,0.30169957876205444,2025-04-10 22:09:38.311595,2025-04-10 22:09:45.105834,0 days 00:00:06.794239,0.2853828656529956,0.08461568311768478,16,0.06353130237976741,0.14664296653813688,0.09161519149225297,0.06922360534245353,0.053261721711902243,0.023083034556613903,9.820183952214956e-05,7,45,0.057402531395740815,0.05060323906116159,True,True,False,1.7867602961816573e-07,COMPLETE
937,0.18653008341789246,2025-04-10 22:09:45.410824,2025-04-10 22:09:53.088258,0 days 00:00:07.677434,0.251371553496878,0.05696469046165414,16,0.10274052641511654,0.036805742070443535,0.01336985468073175,0.08435973556995502,0.03843530335511414,0.02160655585728704,7.017109727833699e-05,16,50,0.051069286554095136,0.07280980304255077,True,True,False,4.030316486117802e-07,COMPLETE
938,0.43145732283592225,2025-04-10 22:09:53.394656,2025-04-10 22:10:00.004869,0 days 00:00:06.610213,0.22811839679793708,0.10481530238149278,16,0.05096160859324574,0.01366378862171139,0.08343961934994436,0.07407158784071839,0.09362882569113239,0.026591134626451844,9.121757460740756e-05,5,42,0.05480600322038486,0.04304083706338411,True,True,False,3.455892050679291e-08,COMPLETE
939,0.4064823746681213,2025-04-10 22:10:00.311895,2025-04-10 22:10:06.969572,0 days 00:00:06.657677,0.21462380235843928,0.37560796932797424,16,0.05658932102822362,0.08764964273202112,0.08131921505020602,0.07123927112375958,0.09755155582807018,0.025852347268952157,0.00013382288703777897,5,41,0.04947124170840613,0.05814826591252514,True,True,False,1.102840480632779e-06,COMPLETE
940,0.15722209215164185,2025-04-10 22:10:07.262699,2025-04-10 22:10:13.750405,0 days 00:00:06.487706,0.2250813235914143,0.11106749197359936,16,0.14367894424290123,0.11266969903227961,0.08212157698761134,0.0739566798427976,0.09750260276668746,0.02810089117489331,0.00010959472023154288,5,45,0.05298138193765954,0.04517799403926124,True,True,False,3.3386827980210517e-06,COMPLETE
941,0.21452310085296633,2025-04-10 22:10:14.055634,2025-04-10 22:10:20.666139,0 days 00:00:06.610505,0.18077839091474904,0.09878359330397146,16,0.05761449572736404,0.2714285864471266,0.08019524468568058,0.07267434132299082,0.09381720405596057,0.02746396716174112,9.082237342084444e-05,5,54,0.052598109298535076,0.06524867630370436,True,True,False,4.435900615853186e-08,COMPLETE
942,0.291249430179596,2025-04-10 22:10:20.972714,2025-04-10 22:10:27.584805,0 days 00:00:06.612091,0.1991618408446627,0.08028079042942093,16,0.06572634665709559,0.009288302946869947,0.0832039912240974,0.06905769793224842,0.09995549371845877,0.0250709307887128,0.00017023968002405826,5,41,0.05659596934681725,0.0343572806519269,True,True,False,3.321219346754328e-08,COMPLETE
943,0.39117047190666204,2025-04-10 22:10:27.894380,2025-04-10 22:10:34.495642,0 days 00:00:06.601262,0.2256168552212779,0.09896564829590171,16,0.04957189035236009,0.006604883906791537,0.08360703085318857,0.08915405638138922,0.09685754433395623,0.029802546096943064,0.00010806282630344282,5,48,0.05232267804568725,0.08091975218792473,True,True,False,5.669674357521518e-08,COMPLETE
944,0.13127626776695253,2025-04-10 22:10:34.810205,2025-04-10 22:10:44.117207,0 days 00:00:09.307002,0.23231757618068524,0.06535126065653867,2,0.05260813138953954,0.012289197955027979,0.07962223884198227,0.07076008756888513,0.09557057970622077,0.026750575391380697,8.792569816221631e-05,5,58,0.05513201718568472,0.05079221712542961,True,True,False,4.002893229166427e-08,COMPLETE
945,0.4014406204223633,2025-04-10 22:10:44.414174,2025-04-10 22:10:51.106865,0 days 00:00:06.692691,0.21550935374305,0.05511563839032418,16,0.06043416018968269,0.014241582577006247,0.08433975936128316,0.06256570139293531,0.03578308318840016,0.024465853145668036,0.0001361606965405256,5,44,0.05397751440765233,0.05745497654665375,True,True,False,7.094820652159786e-08,COMPLETE
946,0.3664938747882843,2025-04-10 22:10:51.414682,2025-04-10 22:10:57.977664,0 days 00:00:06.562982,0.24746982686615407,0.34743707067302876,16,0.0503325853728598,0.005770378862806576,0.05391068319168006,0.0742523244231157,0.09313910913243859,0.02924162696452106,0.00010584158271077589,5,51,0.055238496557361946,0.07261740443984506,True,True,False,2.4802099342384224e-05,COMPLETE
947,0.3115136563777924,2025-04-10 22:10:58.283777,2025-04-10 22:11:05.112785,0 days 00:00:06.829008,0.19386507809986087,0.08278441983056545,16,0.05736319990126483,0.016048345187517837,0.07823980799446609,0.06706442281494654,0.048643116586851824,0.031206982087612786,8.597709596622469e-05,6,40,0.05017481468088575,0.038801530381831206,True,True,False,8.510253904931307e-06,COMPLETE
948,0.3152952492237091,2025-04-10 22:11:05.423903,2025-04-10 22:11:13.303533,0 days 00:00:07.879630,0.23298495188211643,0.10352606244375986,16,0.06730034143788367,0.009998774879808596,0.08519239778424348,0.07276468553818864,0.04103194571190952,0.026288631213172483,9.263853379436036e-05,18,46,0.0556306096177975,0.06536397798221409,True,True,False,9.995088028942814e-07,COMPLETE
949,0.21047136187553406,2025-04-10 22:11:13.596802,2025-04-10 22:11:20.532507,0 days 00:00:06.935705,0.26456528191244955,0.07951518356188184,8,0.05241315633880357,0.016753523436210765,0.08286922186542861,0.07518036776484671,0.045496351641566075,0.023384697972451848,0.021803749522936403,5,43,0.05765946694127313,0.05436934013779806,True,True,True,3.849318197050901e-08,COMPLETE
950,0.09234625697135926,2025-04-10 22:11:20.842554,2025-04-10 22:11:27.653266,0 days 00:00:06.810712,0.2151924220766332,0.04241792626886746,16,0.061990829200936,0.0032652993480884827,0.0864562316148317,0.09303563357852467,0.09509432695086462,0.028587527314709787,0.00011998474795429048,6,48,0.09983087326229999,0.04533450724723975,False,False,False,4.793568349932972e-08,COMPLETE
951,0.31508978009223937,2025-04-10 22:11:27.964415,2025-04-10 22:11:34.765674,0 days 00:00:06.801259,0.256346549545225,0.10563225656568453,16,0.04795153147395842,0.0006431059964399106,0.08538272253439677,0.0701120649482416,0.04242261597734146,0.020647006519674174,0.00014634031825451404,6,84,0.058114372164868144,0.0609343754959472,True,True,False,1.0940824370900832e-07,COMPLETE
952,0.40539330244064337,2025-04-10 22:11:35.080464,2025-04-10 22:11:42.149236,0 days 00:00:07.068772,0.2410886140421953,0.06714851952976642,16,0.044029832410939336,0.019770595559375055,0.0809689893796091,0.06508759662739061,0.03919768194046458,0.02603632387279839,7.702383205136753e-05,10,40,0.054146347561129904,0.22608600393939438,True,True,False,3.336546665073977e-08,COMPLETE
953,0.4168887615203858,2025-04-10 22:11:42.464559,2025-04-10 22:11:49.224061,0 days 00:00:06.759502,0.1832271876553378,0.1225530413573392,16,0.05695276290564707,0.010840303212931056,0.06844683632359623,0.07229595399656387,0.0946089218453662,0.022338761390866796,0.00010219110802513826,5,53,0.05619574502659742,0.051867931862934855,True,True,False,7.586946893992788e-08,COMPLETE
954,0.4181859970092774,2025-04-10 22:11:49.528417,2025-04-10 22:11:56.238144,0 days 00:00:06.709727,0.27521905423906123,0.026456024055078405,16,0.023695123137742108,0.00019445890963563917,0.08711018737567704,0.06828997496325102,0.036919693617927865,0.03157096216479936,8.091758268073805e-05,5,43,0.05953000769076424,0.07492399481256007,True,True,False,2.1670407691698068e-07,COMPLETE
955,0.40924693346023566,2025-04-10 22:11:56.547733,2025-04-10 22:12:03.231261,0 days 00:00:06.683528,0.20459114083467742,0.5563256760576265,16,0.03889500345004055,0.012830044756753419,0.08371378102334959,0.07576433089445235,0.05040312410273622,0.027398128000517753,0.00012164546318257327,6,46,0.05341255198896766,0.06812204365499297,True,True,False,0.0009158414881006579,COMPLETE
956,0.3725286841392517,2025-04-10 22:12:03.547951,2025-04-10 22:12:10.095614,0 days 00:00:06.547663,0.23513089896621814,0.04606698377433079,16,0.05205202170517955,0.020949683340755754,0.08792009729470117,0.07377185318902552,0.03535554831348535,0.019373967247524913,9.229336427808531e-05,5,38,0.06216849525648898,0.05993608221622282,True,True,False,1.5165656051731308e-07,COMPLETE
957,0.3001500368118286,2025-04-10 22:12:10.407780,2025-04-10 22:12:17.127019,0 days 00:00:06.719239,0.25843480867537205,0.0969628866269851,16,0.06628030144356471,0.006992432626669175,0.08189629928335891,0.07118241860214317,0.045139645728701765,0.02975543658998795,7.085739191527369e-05,6,49,0.0590206319938332,0.041213663500944034,True,True,False,5.3730941877899805e-08,COMPLETE
958,0.43818300366401675,2025-04-10 22:12:17.445317,2025-04-10 22:12:24.033976,0 days 00:00:06.588659,0.27464887471385047,0.07971413493415057,16,0.04676190384828158,0.016834470602860745,0.08596167879244652,0.07697689797892882,0.04276480246386814,0.02381432441791414,0.00011008728891624515,5,43,0.057118484032431464,0.048407970770379984,True,True,False,1.2016882301890828e-07,COMPLETE
959,0.2857111394405365,2025-04-10 22:12:24.336631,2025-04-10 22:12:31.141894,0 days 00:00:06.805263,0.28203254501887576,0.05803508516980524,16,0.044987192021223685,0.023013086848914507,0.08882925810560138,0.07703854118818265,0.03980737226945597,0.02385921636508862,0.00018348047192448603,6,41,0.06053996385347776,0.04117106835561458,True,True,False,9.119222708173987e-08,COMPLETE
960,0.3194727420806885,2025-04-10 22:12:31.455477,2025-04-10 22:12:38.178745,0 days 00:00:06.723268,0.27309159908399083,0.02583105591926827,16,0.04911139436539554,0.01935697931721481,0.08718697650814532,0.0798019333886099,0.043035052327215766,0.022190876450330802,0.00014699229911699466,6,38,0.05750555485589103,0.033726724917980365,True,True,False,9.503532341177334e-08,COMPLETE
