number,value,datetime_start,datetime_complete,duration,params_alpha-eval,params_alpha-train,params_batch-size,params_eps-eval,params_eps-train,params_lambda-actions-eval,params_lambda-actions-train,params_lambda-frames-eval,params_lambda-frames-train,params_learning-rate,params_n-epochs,params_n-frames,params_radius-gw,params_rho,params_std-feats,params_ub-actions,params_ub-frames,params_weight-decay,state
1590,0.45554036498069767,2025-04-17 22:36:24.571245,2025-04-17 22:36:35.026344,0 days 00:00:10.455099,0.10065652327001841,0.9104290401871452,2,0.14215250713071992,0.029673465400702523,0.09317027580587971,0.05041304640069929,0.05397812383750001,0.09085790905113814,0.000263265819077361,5,42,0.07060818342364338,0.2671235518335465,True,False,False,6.830407353362459e-08,COMPLETE
1591,0.4471767127513886,2025-04-17 22:36:35.569370,2025-04-17 22:36:46.706691,0 days 00:00:11.137321,0.1379539376098471,0.9462387979048937,2,0.15349410362125643,0.038039513319169355,0.07914918398667264,0.04361443290510533,0.045187592656953865,0.08332119016055498,0.0001406114192508852,6,34,0.05684700519592158,0.24882433599345907,True,False,False,5.555874338842015e-07,COMPLETE
1592,0.381229305267334,2025-04-17 22:36:47.230181,2025-04-17 22:36:57.684386,0 days 00:00:10.454205,0.16912779056280722,0.8714603777162031,2,0.16739134522468527,0.02212898968060653,0.08385085966456306,0.0476832876116538,0.05118602051312483,0.08912085654638495,0.000180116979646063,5,40,0.03955445250969346,0.04183233258448768,True,False,False,0.00019779692122399992,COMPLETE
1593,0.32269373536109924,2025-04-17 22:36:58.204946,2025-04-17 22:37:09.463168,0 days 00:00:11.258222,0.12282357817634469,0.892524842203539,2,0.1489936994871776,0.03158346545015464,0.08675236379214214,0.045505454824156556,0.04311841314228391,0.08583691405447338,0.00031081030751556056,6,76,0.041901055356745126,0.2583941204120412,True,False,False,1.9383157353245273e-06,COMPLETE
1594,0.09234625697135926,2025-04-17 22:37:10.005766,2025-04-17 22:37:17.687146,0 days 00:00:07.681380,0.15133344627140746,0.8511560211947296,8,0.1577800275559302,0.005404588399171227,0.08087004423212678,0.042259141944312226,0.03949921740400521,0.08781455547373644,0.0002310734207521697,7,23,0.07381137904040105,0.2533651272055273,True,False,False,1.1009919020189496e-06,COMPLETE
1595,0.448085904121399,2025-04-17 22:37:18.211316,2025-04-17 22:37:28.660910,0 days 00:00:10.449594,0.2419726571973515,0.92841876529303,2,0.1296003527676425,0.015824680182398826,0.08380966755698896,0.04972659511300067,0.056291227942645794,0.07939656955764308,0.00019353034300508028,5,37,0.04671601116514237,0.2668436304598108,True,False,False,1.311505555237417e-06,COMPLETE
1596,0.43182705044746406,2025-04-17 22:37:29.184866,2025-04-17 22:37:40.370642,0 days 00:00:11.185776,0.19646944952330442,0.9151111418192702,2,0.13473874552297377,0.03883667632133969,0.09092936328151138,0.0396677394606053,0.04758339611519029,0.09444641774631467,0.000149518917274596,6,67,0.06775864732423281,0.23949861390034022,True,False,False,7.495660695325613e-07,COMPLETE
1597,0.44646275639533994,2025-04-17 22:37:40.910421,2025-04-17 22:37:51.475708,0 days 00:00:10.565287,0.10909825812114776,0.8770041455978637,2,0.14107748331043948,0.04478530998842399,0.0859310545977704,0.05346293226485338,0.05005370858062501,0.08135924161475169,0.0002559355610783292,5,44,0.04414016340100288,0.2295537427771498,True,False,False,0.0001616475835111477,COMPLETE
1598,0.4333033978939057,2025-04-17 22:37:52.003240,2025-04-17 22:38:02.503380,0 days 00:00:10.500140,0.05014581827322512,0.8333090218877848,2,0.17505777488028273,0.02687868590405265,0.08226193682881007,0.03656270085988944,0.05286437386507654,0.09143526007766047,0.00020226278167226528,5,47,0.037944894736679884,0.2471264363537294,True,False,False,1.2876067718618941e-08,COMPLETE
1599,0.4460263967514038,2025-04-17 22:38:03.051729,2025-04-17 22:38:14.094488,0 days 00:00:11.042759,0.13133453900921166,0.90046854580986,2,0.15755940177933933,0.03359028883091317,0.08830889640630829,0.04760931724735545,0.04597423312451799,0.0841057258852864,0.0001193407543225948,6,30,0.05921631170728044,0.2627542938973509,True,False,False,4.399519670861247e-07,COMPLETE
1600,0.45599021911621096,2025-04-17 22:38:14.632083,2025-04-17 22:38:25.034513,0 days 00:00:10.402430,0.16595113376032034,0.8559336506462514,2,0.1227689737742996,0.02217786837164235,0.07894919210454868,0.04493026257869785,0.05475511535269581,0.08627187423952772,0.00017305182881028702,5,41,0.0424942785611294,0.25770457137167485,True,False,False,1.4770176537235084e-06,COMPLETE
1601,0.4432109534740448,2025-04-17 22:38:25.559661,2025-04-17 22:38:36.666199,0 days 00:00:11.106538,0.08219594577675546,0.8851541446830548,2,0.16751222031896257,0.040254678823110776,0.08479790098012696,0.04621571905548444,0.048700356537561225,0.08881147920962652,0.00027784245549725963,6,35,0.039557989363702445,0.2689399575061232,True,False,False,5.729875812139413e-07,COMPLETE
1602,0.22949965596199037,2025-04-17 22:38:37.220830,2025-04-17 22:38:47.991886,0 days 00:00:10.771056,0.10274156872664877,0.8698313656033962,2,0.189344854910993,0.030735078678752473,0.0825407425312448,0.04304528210786705,0.04346019082603742,0.07775875398566362,0.000217121398003606,7,44,0.06367984528147316,0.251900288091799,True,False,True,2.759878837920283e-06,COMPLETE
1603,0.19623126089572906,2025-04-17 22:38:48.518063,2025-04-17 22:39:09.216360,0 days 00:00:20.698297,0.1853265827080134,0.9384510317536692,2,0.1488441324115711,0.014534456980754484,0.0859234103961101,0.05125007778802343,0.05190547183369118,0.08164915436808545,9.534985507094245e-05,26,38,0.04065247385584849,0.24131772794303044,True,True,False,8.688610776030573e-07,COMPLETE
1604,0.43525407910346986,2025-04-17 22:39:09.736485,2025-04-17 22:39:20.123146,0 days 00:00:10.386661,0.14199043195577615,0.9151347524879565,2,0.16293007658151715,0.02608150717986849,0.0809560777229834,0.04860312770163667,0.046800583050252705,0.08473471707748302,0.00016127914944471142,5,49,0.07132675126225842,0.2620473958838402,True,False,False,1.1530962314254865e-06,COMPLETE
1605,0.4444773674011231,2025-04-17 22:39:20.669856,2025-04-17 22:39:31.682309,0 days 00:00:11.012453,0.1181555151519226,0.8471186186851991,2,0.154338847684493,0.04422351085942332,0.08709953019863786,0.041269389521605096,0.041575461900329076,0.0917251890692672,0.0003114151905204483,6,33,0.03552571560203887,0.2559143457106605,True,False,False,1.9085471524227414e-06,COMPLETE
1606,0.381043404340744,2025-04-17 22:39:32.205277,2025-04-17 22:39:43.281079,0 days 00:00:11.075802,0.06760817883842193,0.8922192205289677,2,0.18230846367281658,0.09479790404908217,0.0837542839127951,0.044158864535290214,0.05051375376091109,0.09663087769641127,3.31747760355717e-05,6,40,0.06638545273589372,0.2462373844968784,True,False,False,0.00019681426079039326,COMPLETE
1607,0.3573740899562836,2025-04-17 22:39:43.806030,2025-04-17 22:39:51.074539,0 days 00:00:07.268509,0.1481722120760324,0.8332005412514556,16,0.19865107540495736,0.03301983564880697,0.07921321322800176,0.04698764920630073,0.05671089244132345,0.08614435670767152,0.00023420569794329384,5,59,0.04556482109621895,0.23478615908311906,True,False,False,1.6550675124981667e-06,COMPLETE
1608,0.3293404817581177,2025-04-17 22:39:51.619534,2025-04-17 22:40:03.300552,0 days 00:00:11.681018,0.3123264388299637,0.8660011767291013,2,0.14135179985770968,0.037828099357571976,0.0896363406096768,0.03813815830791384,0.04491551729919087,0.08251731350779973,0.00013443597741875674,7,43,0.043248500824836514,0.2673201496317472,False,False,False,6.404336170874888e-07,COMPLETE
1609,0.44666824936866767,2025-04-17 22:40:03.829362,2025-04-17 22:40:16.089124,0 days 00:00:12.259762,0.2613903161597633,0.907902333539395,2,0.14760433423412503,0.018855442205912017,0.08233041561319647,0.04225670405356072,0.053187775024511254,0.08889198712710702,0.0001916015323321231,8,36,0.06956199506745096,0.25254322160221415,True,False,False,1.6118207865711416e-08,COMPLETE
1610,0.4550895690917969,2025-04-17 22:40:16.637248,2025-04-17 22:40:27.174540,0 days 00:00:10.537292,0.08743020559958989,0.8804805339191404,2,0.1608936957018216,0.025113630119517824,0.08477557376607163,0.04918930050539838,0.04856243470303397,0.08047438649542023,0.0002443885493709779,5,39,0.03695646745463586,0.26273849971965346,True,False,False,0.00015431421680476168,COMPLETE
1611,0.44492022395133973,2025-04-17 22:40:27.700643,2025-04-17 22:40:38.748831,0 days 00:00:11.048188,0.228449593139926,0.861705384173026,2,0.1702137538581573,0.0352347269369155,0.0877407346555358,0.04470336721437407,0.05859002837848734,0.09345332273424595,0.00016364714988538628,6,47,0.03239003317003416,0.22756814296231082,True,False,False,2.1990957642892454e-06,COMPLETE
1612,0.447465717792511,2025-04-17 22:40:39.273504,2025-04-17 22:40:49.714057,0 days 00:00:10.440553,0.17281612029124394,0.9281135438273033,2,0.13630813774125577,0.02890314631620577,0.09243656486325576,0.05542694402632502,0.05496909456184687,0.08359700036847866,0.0002037794620085685,5,43,0.06104287096964425,0.2427882009577185,True,False,False,9.83050125322685e-07,COMPLETE
1613,0.09234625697135926,2025-04-17 22:40:50.265687,2025-04-17 22:41:01.204002,0 days 00:00:10.938315,0.15459596707147902,0.8968351557517135,2,0.15446708948571009,0.0098061508682698,0.08078316691959611,0.0396253880557445,0.05118869901977922,0.0874699567239331,0.0003146494881926226,6,51,0.04731723837404071,0.2568261364211438,True,False,False,1.277077168852775e-06,COMPLETE
1614,0.4481150567531586,2025-04-17 22:41:01.739046,2025-04-17 22:41:12.126976,0 days 00:00:10.387930,0.1212127639044636,0.9547580337124316,2,0.145926319093185,0.020750015660865852,0.08354444775732611,0.04676862764019065,0.046717578974745835,0.05774964924840548,0.0001219801559259782,5,41,0.041363356711128174,0.25004216379444416,True,False,False,4.741726401232856e-07,COMPLETE
1615,0.4288789451122284,2025-04-17 22:41:12.656464,2025-04-17 22:41:20.549486,0 days 00:00:07.893022,0.13278640744093959,0.8327308378731473,8,0.15873836495129168,0.26249770973879005,0.08624863671710366,0.05083820327665503,0.049150813724083746,0.0902025387940884,0.0002566083643921267,7,32,0.03923235909420042,0.2689814637458689,True,False,False,7.690958940818331e-07,COMPLETE
1616,0.45247126817703254,2025-04-17 22:41:21.093831,2025-04-17 22:41:32.169248,0 days 00:00:11.075417,0.21003289031096062,0.854557920067835,2,0.1507128961276612,0.11573832951977078,0.0791357389294035,0.043244889736016826,0.04373176151745273,0.06369727668259377,0.0001796147752360544,6,37,0.04395051641667658,0.2343103283310873,True,False,False,0.0001366148267140124,COMPLETE
1617,0.446366822719574,2025-04-17 22:41:32.704873,2025-04-17 22:41:43.192011,0 days 00:00:10.487138,0.10151013305524362,0.8781140309124127,2,0.13864601819617867,0.04453610464309944,0.08194522122942174,0.03565059139407098,0.05288674951161591,0.07623543371136993,0.0001448651586135583,5,45,0.04159130300898134,0.26009019053892046,True,False,False,5.818555130489774e-08,COMPLETE
1618,0.4500929057598114,2025-04-17 22:41:43.747371,2025-04-17 22:41:54.834980,0 days 00:00:11.087609,0.18647545590957562,0.9117381957585857,2,0.16495174159695777,0.22603769563391174,0.09032555130918132,0.04564405394797113,0.0474332817599308,0.08579777291734103,0.00022457190527945658,6,40,0.0727507246312525,0.24602780110625197,True,False,False,0.00018558951823052487,COMPLETE
1619,0.4499578714370728,2025-04-17 22:41:55.375099,2025-04-17 22:42:05.785594,0 days 00:00:10.410495,0.2821246859587093,0.8907437679385545,2,0.17631432986314133,0.039196225065980785,0.08408248840793568,0.05257007091376838,0.050864532359403476,0.08434888485483459,0.00030452223743397374,5,35,0.045071452852500506,0.25199715447137927,True,False,False,1.4614404819102016e-06,COMPLETE
1620,0.3237033784389496,2025-04-17 22:42:06.318106,2025-04-17 22:42:16.516879,0 days 00:00:10.198773,0.03907786588922442,0.850904798588261,2,0.15546302001705242,0.030100368335206875,0.08837279043271276,0.04847157243187512,0.039892789433061744,0.05542965825437264,0.00018589505272277186,6,42,0.0687949082767014,0.26394260783038553,True,False,True,0.00025803946024615743,COMPLETE
1621,0.44911128282547,2025-04-17 22:42:17.075103,2025-04-17 22:42:27.573096,0 days 00:00:10.497993,0.16244605636897877,0.9389617246391612,2,0.1438597425134871,0.02552985338621753,0.0858817977117707,0.040784865385046276,0.04225781112847569,0.0875387064801561,0.00015055000802637446,5,38,0.057644794074681774,0.23709288152736863,True,False,False,1.0574023435167932e-06,COMPLETE
1622,0.4306824266910553,2025-04-17 22:42:28.107970,2025-04-17 22:42:39.756112,0 days 00:00:11.648142,0.12920077271397978,0.873367010619758,2,0.1325163634157713,0.0347182858320761,0.08122712685677624,0.0439395733084648,0.05626899567879518,0.0821071446389888,0.000259117154900059,7,28,0.06652254525162257,0.2712223373852141,True,False,False,2.839180769128595e-06,COMPLETE
1623,0.1917680084705353,2025-04-17 22:42:40.285548,2025-04-17 22:42:49.854099,0 days 00:00:09.568551,0.33938223273474416,0.8309426162053885,2,0.16470088135902056,0.01783190426280702,0.08311857558562044,0.046355602803620874,0.04538810065479871,0.09241684456862344,0.00020947230044717134,5,47,0.03747798654022193,0.2555744243501621,True,True,False,0.00014656365235674704,COMPLETE
1624,0.4190237700939179,2025-04-17 22:42:50.408535,2025-04-17 22:43:01.478526,0 days 00:00:11.069991,0.0712808991250182,0.9777065877486899,2,0.11956418437937687,0.04468492971392875,0.07842744760898425,0.049542531862788154,0.05421594537418447,0.08975246867408834,8.041693695546548e-05,6,44,0.0398737023396881,0.2424909817801836,True,False,False,1.5616446319203617e-06,COMPLETE
1625,0.3618424952030182,2025-04-17 22:43:02.010304,2025-04-17 22:43:09.233335,0 days 00:00:07.223031,0.08876372479713546,0.9103865011928571,16,0.12608398989294142,0.02946523560275761,0.08506574485236332,0.041730543759891374,0.0488352083764275,0.09464166810037568,0.00010500575034662767,5,33,0.06447416587623953,0.22448657017540605,True,False,False,3.941701857798512e-08,COMPLETE
1626,0.44918886423110965,2025-04-17 22:43:09.788177,2025-04-17 22:43:20.854327,0 days 00:00:11.066150,0.31609550163451405,0.8985679781173205,2,0.08606131268304026,0.03874265359060143,0.08738657274326876,0.04738933565843475,0.0520469635704323,0.08514850716331593,0.00017810348478043534,6,38,0.0750797632088483,0.2631224954541561,True,False,False,2.1919899471975078e-06,COMPLETE
1627,0.33153242468833927,2025-04-17 22:43:21.386069,2025-04-17 22:43:31.914975,0 days 00:00:10.528906,0.25098819261763167,0.8512230207586915,2,0.1539031419368046,0.022538643733067926,0.080354994440491,0.03902412677046689,0.046488530280174356,0.07873933922169435,0.00028100378512444375,5,40,0.04256037911062543,0.2481770028318708,False,False,False,8.062549835149052e-07,COMPLETE
1628,0.44574863910675055,2025-04-17 22:43:32.451072,2025-04-17 22:43:43.547033,0 days 00:00:11.095961,0.14485970135392473,0.878754674884754,2,0.16106906971586551,0.03311485168231103,0.06589694387457927,0.045279791211182197,0.05007041007588867,0.08733047533143204,0.00013202684771544896,6,36,0.047283716187230096,0.2694186788343009,True,False,False,2.3696964502067112e-08,COMPLETE
1629,0.44535903334617616,2025-04-17 22:43:44.100367,2025-04-17 22:43:55.772717,0 days 00:00:11.672350,0.11566897558525428,0.9245144157509797,2,0.15080878206649936,0.02553448260582243,0.09658715066113932,0.05180629665137668,0.044154408728172605,0.08340259098029407,0.0002197930082060897,7,42,0.035427789032339924,0.25781273039130054,True,False,False,0.00012808828458621844,COMPLETE
1630,0.4518567740917206,2025-04-17 22:43:56.304997,2025-04-17 22:44:06.863189,0 days 00:00:10.558192,0.29511896370765733,0.8642254628885557,2,0.17223847902847267,0.03912286081117776,0.08286536943103774,0.04330048562298974,0.05359697637444347,0.07389530690168869,0.00015478146743868934,5,45,0.056218988775966636,0.25250330768919227,True,False,False,1.81941602216251e-06,COMPLETE
1631,0.09234625697135926,2025-04-17 22:44:07.424852,2025-04-17 22:44:19.668815,0 days 00:00:12.243963,0.17735116293081526,0.8912699127100518,2,0.1390313414407484,0.013874106830655129,0.08506892230846305,0.048025633502719406,0.05742694014665745,0.09984934629387102,0.00019840393453153743,8,49,0.062426050507923624,0.2606100140624716,True,False,False,5.444147750900335e-06,COMPLETE
1632,0.27986764907836914,2025-04-17 22:44:20.204775,2025-04-17 22:44:31.540840,0 days 00:00:11.336065,0.10495049106813178,0.835325640721499,2,0.14621856421400362,0.0327065878930547,0.09147027968183861,0.0411554395834241,0.04763498130478245,0.08079180471368158,0.0003138763714769669,6,88,0.0450177492513861,0.23004309511297485,True,False,False,6.243517963529387e-07,COMPLETE
1633,0.4540692448616028,2025-04-17 22:44:32.071064,2025-04-17 22:44:42.546504,0 days 00:00:10.475440,0.15985015564890492,0.8753438842687594,2,0.1561301713516572,0.04540885410576466,0.08884600990726875,0.04525492841022438,0.05050494224364914,0.09740713308579033,0.00023592501697043084,5,39,0.04221190216378988,0.23954358096416342,True,False,False,1.2065206880862297e-06,COMPLETE
1634,0.4595702052116394,2025-04-17 22:44:43.107165,2025-04-17 22:44:54.214872,0 days 00:00:11.107707,0.13870518432827517,0.9471140385585836,2,0.16831320693622226,0.020174105948502618,0.08112283893627542,0.043110849676719354,0.0559416812433639,0.08868648887459964,0.00016788017202948107,6,35,0.03853774544030278,0.2703107718505162,True,False,False,9.54174412368705e-08,COMPLETE
1635,0.3496544063091278,2025-04-17 22:44:54.749790,2025-04-17 22:45:06.529883,0 days 00:00:11.780093,0.054840304955684566,0.9723645174169943,2,0.1752437469596342,0.2064234430841317,0.0793980542277582,0.0395694861154426,0.058364936529274436,0.09057708740198026,0.00011583267466592787,7,27,0.036195988412416114,0.24752301361471396,True,False,False,2.1195369676962248e-08,COMPLETE
1636,0.4224531412124634,2025-04-17 22:45:07.088574,2025-04-17 22:45:18.734992,0 days 00:00:11.646418,0.08335743951850938,0.9691564548091918,2,0.16438397258226659,0.01901657989916642,0.0778390661754343,0.03721691617034817,0.056257461815681135,0.08868202408731211,0.00013212517215494053,7,30,0.03437822489772305,0.2552241998417137,True,False,False,3.7752271653811128e-06,COMPLETE
1637,0.33474557995796206,2025-04-17 22:45:19.274126,2025-04-17 22:45:27.227684,0 days 00:00:07.953558,0.0359760141760561,0.9827375142445475,8,0.18434227818100865,0.014512483797707922,0.0783008521005108,0.042236588229375364,0.04512856445907302,0.09136145100322787,0.00011034237527394408,7,29,0.036858323884215685,0.26687206760269666,True,False,False,9.058801525198475e-08,COMPLETE
1638,0.4408992648124695,2025-04-17 22:45:27.760641,2025-04-17 22:45:39.455344,0 days 00:00:11.694703,0.11981537576605708,0.9513019298739882,2,0.16878233182291685,0.24248427921025492,0.08055824922272199,0.03889552708031703,0.041682927942963875,0.08951267832622024,0.00014429288568927173,7,33,0.03874894146095692,0.262268685633161,True,False,False,1.4169082277127383e-07,COMPLETE
1639,0.29074384570121764,2025-04-17 22:45:40.012913,2025-04-17 22:45:51.750261,0 days 00:00:11.737348,0.10544467386788874,0.9572789386182513,2,0.17946985306118907,0.012921468240086631,0.08107905609907054,0.04124485917459862,0.0583763203524934,0.08729234750640542,9.619659798184636e-05,7,30,0.0386909459053354,0.24881985702940446,True,False,False,1.2439534766870648e-07,COMPLETE
1640,0.3534795105457306,2025-04-17 22:45:52.288633,2025-04-17 22:46:04.580102,0 days 00:00:12.291469,0.09353237147858792,0.9805864909717574,2,0.1717043918610298,0.011649301442195635,0.07834715490831297,0.04237784015293406,0.04652922958510161,0.0914341316628634,0.0001343800992960516,8,8,0.033634351765308004,0.2409438084313462,True,False,False,0.0009055452665542795,COMPLETE
1641,0.3446386754512787,2025-04-17 22:46:05.140879,2025-04-17 22:46:15.302907,0 days 00:00:10.162028,0.06264983791237871,0.9334628926337223,2,0.17648246853967461,0.008507126179033937,0.08207158153273196,0.04084290006219943,0.03891834302138315,0.09359479569500843,0.00015909053573441424,6,33,0.037446513028599714,0.2718282834835456,True,True,True,8.081241666416173e-08,COMPLETE
1642,0.4534869134426117,2025-04-17 22:46:15.843080,2025-04-17 22:46:26.970114,0 days 00:00:11.127034,0.13411313659045726,0.9627817546269115,2,0.16823032973080274,0.01936943960311506,0.0800838737342263,0.04328216716881509,0.055458611510144584,0.08846411101483423,0.00015873782417544807,6,32,0.039330775909028365,0.25835184697473634,True,False,False,5.519268752673911e-08,COMPLETE
1643,0.09234625697135926,2025-04-17 22:46:27.505748,2025-04-17 22:46:38.978658,0 days 00:00:11.472910,0.11368096483432871,0.95044493067602,2,0.18218604817786563,0.0058975514582979595,0.09369448993330388,0.038084170238840837,0.043480803068693855,0.0864165077293862,0.00012995739311292252,7,34,0.040778558288533856,0.23075492019700888,True,False,False,1.308623958867083e-07,COMPLETE
1644,0.40463695526123045,2025-04-17 22:46:39.534587,2025-04-17 22:46:50.730467,0 days 00:00:11.195880,0.1351753612387982,0.9395624820791162,2,0.16199040527629296,0.003293598641816095,0.08405299319216601,0.03415254620759385,0.04867339446640085,0.08964815455515165,0.00017063054742520262,6,27,0.03168737091508645,0.24478605060467126,True,False,False,3.995216024455883e-08,COMPLETE
1645,0.42659078240394593,2025-04-17 22:46:51.262857,2025-04-17 22:47:02.440531,0 days 00:00:11.177674,0.07537902697873533,0.9409596623210299,2,0.16968729774424768,0.01663770144210802,0.08672892096706007,0.04027388874676737,0.0590782244037302,0.08545781694118025,0.00017124516897541994,6,35,0.036916660892627996,0.25367022117561006,True,False,False,0.00016742102108827114,COMPLETE
1646,0.2630881667137146,2025-04-17 22:47:02.999647,2025-04-17 22:47:13.982206,0 days 00:00:10.982559,0.10049600859604157,0.9514411590433758,2,0.16592490207413227,0.01009298648854581,0.08217206784859464,0.04334290421700359,0.052822126468141044,0.08696473739765499,0.0001311017524854578,6,31,0.04025461514214425,0.2668277593099138,False,False,False,4.4014117436501125e-08,COMPLETE
