number,value,datetime_start,datetime_complete,duration,params_alpha-eval,params_alpha-train,params_batch-size,params_eps-eval,params_eps-train,params_lambda-actions-eval,params_lambda-actions-train,params_lambda-frames-eval,params_lambda-frames-train,params_learning-rate,params_n-epochs,params_n-frames,params_radius-gw,params_rho,params_std-feats,params_ub-actions,params_ub-frames,params_weight-decay,state
961,0.312483811378479,2025-04-10 22:12:38.490403,2025-04-10 22:12:45.311805,0 days 00:00:06.821402,0.28814527179158755,0.29345807098741894,16,0.05592702683228422,0.023285950233631652,0.08911430334415019,0.07777159866995363,0.038428298497261634,0.020833639043701245,0.00032007095546198746,5,114,0.061933012659517804,0.04822612321123566,True,True,False,1.1033898854251668e-07,COMPLETE
962,0.38123040795326235,2025-04-10 22:12:45.625446,2025-04-10 22:12:52.190815,0 days 00:00:06.565369,0.2722467197140216,0.07595938628949297,16,0.0462456345164449,0.016402713165692338,0.08629847711956286,0.08210304881279723,0.04251152360002882,0.02423915653460723,0.00012520161313245027,5,43,0.05944940750278869,0.03817306407599928,True,True,False,7.586266608280406e-08,COMPLETE
963,0.3774149060249329,2025-04-10 22:12:52.510000,2025-04-10 22:12:59.243299,0 days 00:00:06.733299,0.25121227861306716,0.045379848732710726,16,0.05369126198534047,0.02434832346630794,0.08971839378079881,0.07594341925760156,0.04078270322792206,0.022042188059067498,0.00011089420498580644,6,44,0.06285702511536922,0.04526011269519798,True,True,False,1.3261963508789534e-07,COMPLETE
964,0.12200044393539429,2025-04-10 22:12:59.546814,2025-04-10 22:13:06.192205,0 days 00:00:06.645391,0.956628494751889,0.0671479180180044,16,0.23902597558274932,0.016301720839559886,0.08625713794888315,0.07941228523536241,0.06626210536243762,0.01873638679185423,0.00016411368313873578,6,41,0.05692140380669824,0.03531122066232871,True,True,False,6.912215373018695e-08,COMPLETE
965,0.2750436902046204,2025-04-10 22:13:06.503939,2025-04-10 22:13:13.151217,0 days 00:00:06.647278,0.29280079020542193,0.010810811457582923,16,0.06045541508884654,0.019889607030456002,0.09084568260268155,0.07817805798408851,0.09207278354571577,0.02438433205558564,8.182402076984405e-05,5,37,0.06022095029951869,0.049965039298800216,True,True,False,1.1376502226077116e-07,COMPLETE
966,0.41121301054954534,2025-04-10 22:13:13.469406,2025-04-10 22:13:20.098009,0 days 00:00:06.628603,0.2611571419907373,0.0817394362344685,16,0.043226670394808146,0.027345745878097308,0.08800584964834343,0.0754684307152672,0.03424517745531543,0.01656113032687693,0.0001366921919372549,5,45,0.06202986829114705,0.04390521658083309,True,True,False,5.5083898110883964e-08,COMPLETE
967,0.30361548662185667,2025-04-10 22:13:20.416670,2025-04-10 22:13:42.306136,0 days 00:00:21.889466,0.2960141610940948,0.04463379393729126,2,0.049664360864777414,0.01469411000089008,0.08457035786989306,0.0813843788150849,0.03840004437184279,0.025181763437336573,0.00010152517195211471,29,41,0.05856177591278056,0.08906529548129433,True,True,False,9.479659959509444e-08,COMPLETE
968,0.09234625697135926,2025-04-10 22:13:42.626828,2025-04-10 22:13:49.354020,0 days 00:00:06.727192,0.24614050986300798,0.06215780939864086,16,0.04078621186634518,0.024288555664305402,0.08960188781254143,0.08755587778765922,0.04095963167979791,0.02114381430055983,1.0936226991587526e-05,6,45,0.06399517325822579,0.05225946450569849,True,True,True,2.808127791270339e-08,COMPLETE
969,0.20517182350158691,2025-04-10 22:13:49.653426,2025-04-10 22:13:56.490106,0 days 00:00:06.836680,0.2691076918313602,0.0858523231605064,16,0.06005253426453332,0.01369278740737621,0.09151336925931666,0.07714222516710628,0.09382567609718619,0.02288696235525598,7.06946856821929e-05,5,38,0.059984930066943165,0.047585206735052815,False,False,False,3.68049215930655e-08,COMPLETE
970,0.3729154884815216,2025-04-10 22:13:56.805713,2025-04-10 22:14:03.527842,0 days 00:00:06.722129,0.30001287631890505,0.0396664814970081,16,0.05266171650755086,0.02004579070480209,0.08757894141247664,0.07423468471002086,0.03718841879499199,0.020184900919230874,0.00012099259420939435,6,42,0.056815019845356356,0.05543610728531706,True,True,False,8.10239269612355e-08,COMPLETE
971,0.26531721353530885,2025-04-10 22:14:03.843230,2025-04-10 22:14:10.881579,0 days 00:00:07.038349,0.23726944782148485,0.08672265052608441,8,0.0457602741863913,0.028827232271504098,0.09194031729058395,0.08033235498461215,0.036246476637320856,0.014562070618943443,8.287696625697904e-05,6,47,0.06314259520424188,0.041609328234129134,True,True,False,3.0882924264002277e-06,COMPLETE
972,0.39935445189476015,2025-04-10 22:14:11.200378,2025-04-10 22:14:17.837317,0 days 00:00:06.636939,0.2788968439130965,0.11523697803942787,16,0.0664206376601736,0.011950279333272435,0.08929932050138069,0.07604395683850239,0.04199130160101326,0.018029643064196237,0.00010734961179025473,5,43,0.06152766124595781,0.06479192978110795,True,True,False,1.3211961958518758e-07,COMPLETE
973,0.427294933795929,2025-04-10 22:14:18.158655,2025-04-10 22:14:24.820852,0 days 00:00:06.662197,0.2546438268162889,0.26064634875665094,16,0.039063865233530295,0.01853692317939997,0.08575264780645442,0.07861727850691243,0.09200862337054035,0.02537280525729598,6.261159145231636e-05,6,39,0.05814446446226521,0.030276244745902486,True,True,False,4.839595597039393e-08,COMPLETE
974,0.2876867651939392,2025-04-10 22:14:25.126742,2025-04-10 22:14:32.347790,0 days 00:00:07.221048,0.2654428552220034,0.06410436678774588,16,0.055759564494688524,0.025233580948354956,0.09280833285782517,0.08368297494768712,0.03976046330309629,0.023734557403400084,9.343342717520023e-05,11,46,0.060467543992771586,0.05490866541671972,True,True,False,6.591892144303217e-08,COMPLETE
975,0.3077105343341828,2025-04-10 22:14:32.661463,2025-04-10 22:14:39.264254,0 days 00:00:06.602791,0.29743150005007957,0.027771945828743927,16,0.07196347159116383,0.01171975581712167,0.0905678952700413,0.07407031079453485,0.03515047056194619,0.027293607023651016,7.544680822933094e-05,5,43,0.06437475560652352,0.08379439636544786,True,True,False,1.165826709902615e-07,COMPLETE
976,0.13826173543930054,2025-04-10 22:14:39.580214,2025-04-10 22:14:46.263302,0 days 00:00:06.683088,0.2353144651086483,0.1285657672761551,16,0.12595099338927732,0.01837941651744315,0.037556224348845965,0.07680374560500947,0.0433994012583354,0.01967163631123987,0.00014196292174894606,6,40,0.06307670221727184,0.03756657569740812,True,True,False,3.0037328922712765e-08,COMPLETE
977,0.20330605506896973,2025-04-10 22:14:46.582417,2025-04-10 22:14:53.176772,0 days 00:00:06.594355,0.2803280985453251,0.07889366332175314,16,0.049435012351817145,0.014335606197917879,0.08280415305933968,0.08096788623489339,0.04060936065437115,0.026243455615121775,0.0030162090026145216,5,46,0.05868486256584973,0.04756495460117311,True,True,False,8.714950559457024e-08,COMPLETE
978,0.170504766702652,2025-04-10 22:14:53.498743,2025-04-10 22:15:00.048171,0 days 00:00:06.549428,0.2545351996670097,0.1047104047389931,16,0.18935644076465025,0.24139678825751598,0.08804692189999634,0.07500702700184969,0.03324853917397357,0.024452373338044092,0.00011150008040938996,6,36,0.054807443663461054,0.07662643955555082,True,True,False,5.995029922978539e-08,COMPLETE
979,0.17025448083877565,2025-04-10 22:15:00.355224,2025-04-10 22:15:06.842582,0 days 00:00:06.487358,0.3081078262670076,0.05219601462499733,16,0.060444898741245506,0.021390202103037156,0.09247914683877687,0.07812127048652638,0.09376726086127639,0.021771460246319586,8.892419427061921e-05,5,43,0.020789465029090463,0.0696455675901923,True,True,False,4.249071788828838e-08,COMPLETE
980,0.22601379156112672,2025-04-10 22:15:07.164205,2025-04-10 22:15:15.463094,0 days 00:00:08.298889,0.22043403731443084,0.09280831137648304,16,0.04167210120208956,0.02993075195624281,0.08622826823751095,0.07293623537550932,0.03755113173652102,0.010545657163620652,0.0004210633400165589,23,48,0.06100644137311256,0.0605153922560423,True,True,False,1.4247471834930468e-07,COMPLETE
981,0.36860827803611756,2025-04-10 22:15:15.779943,2025-04-10 22:15:22.495395,0 days 00:00:06.715452,0.2818611173350302,0.07138584469239233,16,0.053153412871605625,0.008729046828469377,0.08456952388551083,0.07909880376802417,0.04203857131092333,0.01684802754724076,6.510705244914432e-05,6,40,0.0652249679426538,0.0513573034448387,True,True,False,2.643343754721201e-06,COMPLETE
982,0.34867231249809266,2025-04-10 22:15:22.819200,2025-04-10 22:15:29.374020,0 days 00:00:06.554820,0.24066636359977234,0.028422102102353818,16,0.046253911151727556,0.016123622405222277,0.04973874066191779,0.08552707726855355,0.043524313624805404,0.022456083133989783,0.00018884996424986745,5,45,0.056677582076292116,0.04304041815168938,True,True,False,2.5307174173460243e-08,COMPLETE
983,0.13008968830108644,2025-04-10 22:15:29.694061,2025-04-10 22:15:36.294718,0 days 00:00:06.600657,0.2605533855789781,0.12527541413480942,16,0.1715517067969336,0.025561519302128057,0.0901459177431077,0.07575654856608947,0.09535033904665227,0.025961296418406696,8.039722979760695e-05,6,49,0.059181053542297496,0.06368643060323224,True,True,False,9.991686478744033e-08,COMPLETE
984,0.35614173412323,2025-04-10 22:15:36.618255,2025-04-10 22:15:43.425760,0 days 00:00:06.807505,0.22455734520493756,0.05408365923458758,16,0.03637789834589322,0.010293635844246566,0.0880512103331407,0.0825028030578829,0.0614300816291299,0.019158226725780055,0.00011980663775907843,5,107,0.062661479386981,0.07091035001783554,True,True,False,3.5169384998397476e-08,COMPLETE
985,0.4292821884155274,2025-04-10 22:15:43.732894,2025-04-10 22:15:50.622145,0 days 00:00:06.889251,0.3062311051883528,0.1064426509368556,16,0.06274422962399598,0.020359746716787728,0.09251884290839099,0.07422245947447245,0.035806962650555246,0.027884314044637985,9.692638500169532e-05,7,42,0.06543373852575865,0.055490770949405306,True,True,False,1.5049491679690163e-07,COMPLETE
986,0.3068624913692475,2025-04-10 22:15:50.941346,2025-04-10 22:15:57.620590,0 days 00:00:06.679244,0.2803215985473024,0.08452127773511525,16,0.05481765941353086,0.12318527383645335,0.08983993332525077,0.07659059565559938,0.03414737896281125,0.023617164370272815,6.779465853613522e-05,6,38,0.06036250674611572,0.03451061310067212,True,True,False,5.275449597330951e-08,COMPLETE
987,0.2239519536495209,2025-04-10 22:15:57.938798,2025-04-10 22:16:04.696643,0 days 00:00:06.757845,0.24874899211978904,0.0630224317587846,16,0.04745970753035977,0.28932198402375514,0.07346924308207466,0.07225870124808823,0.03953473523738353,0.02125473414395282,0.0001436118274638937,7,34,0.062497731364864584,0.10048908091912694,False,True,True,8.028730152946575e-08,COMPLETE
988,0.09234625697135926,2025-04-10 22:16:05.018406,2025-04-10 22:16:14.989340,0 days 00:00:09.970934,0.26720089518676987,0.33091528136471215,2,0.03994483362425799,0.0092366860925422,0.08121512263341346,0.07866602779129418,0.09016960827713164,0.026379087477745655,0.00010047338267709985,5,46,0.05812284177803235,0.04953881803889297,True,False,False,1.2020638767876356e-07,COMPLETE
989,0.23395033180713654,2025-04-10 22:16:15.316901,2025-04-10 22:16:22.006707,0 days 00:00:06.689806,0.2979721934327126,0.01147250253571945,16,0.06950935972071319,0.016158652862913857,0.08549622942865455,0.0804293070069308,0.031958203113329677,0.02477367686549091,8.125796363524953e-05,6,44,0.056264686797366834,0.06114907372469935,True,True,False,6.610897671033949e-08,COMPLETE
990,0.2789502263069153,2025-04-10 22:16:22.313068,2025-04-10 22:16:29.007034,0 days 00:00:06.693966,0.21685653927641244,0.11681344250958801,16,0.05933360447432831,0.26082214479073923,0.09346469242803276,0.07460762863274742,0.03766867079827003,0.028443605996292396,6.151047971966595e-05,6,48,0.06425142800167154,0.06707298416204839,True,True,False,1.8046203593437677e-07,COMPLETE
991,0.40331860184669494,2025-04-10 22:16:29.330403,2025-04-10 22:16:35.950208,0 days 00:00:06.619805,0.23774811128551124,0.052960423042671824,16,0.03515471121741863,0.02943705539252211,0.08848970871178415,0.07253567646525869,0.09143077646033156,0.0148024957120095,0.00011046642986116879,5,41,0.0665842339265778,0.16790737737858874,True,True,False,4.252005625957008e-08,COMPLETE
992,0.4371529757976532,2025-04-10 22:16:36.272011,2025-04-10 22:16:43.074181,0 days 00:00:06.802170,0.28816949174670387,0.08783776855007716,16,0.050553354167774685,0.02379383354217065,0.08287363628270071,0.07742644758506982,0.04429187850961193,0.01778364542320128,7.390282481427755e-05,7,44,0.06157322247845741,0.04360188921885245,True,True,False,3.306352101855474e-08,COMPLETE
993,0.41762924790382383,2025-04-10 22:16:43.401419,2025-04-10 22:16:49.992135,0 days 00:00:06.590716,0.31475241444686103,0.09697154035262028,16,0.04543201322345383,0.03233899129947277,0.08009297101475552,0.07850978018795512,0.0462201693505705,0.016331421785966013,5.484517618349685e-05,5,39,0.06003790953727779,0.03746083056606648,True,True,False,2.6132378667506905e-08,COMPLETE
994,0.27488922476768496,2025-04-10 22:16:50.319873,2025-04-10 22:16:57.359860,0 days 00:00:07.039987,0.30973684907993254,0.13059763261431503,8,0.1148869891141948,0.02648267414460513,0.08305054301682034,0.08117540604410034,0.04450008294670695,0.023083752765906483,6.940059502262485e-05,6,49,0.05520500545778765,0.16256622486638184,True,True,False,3.003051154955299e-08,COMPLETE
995,0.10211866945028306,2025-04-10 22:16:57.685699,2025-04-10 22:17:04.352769,0 days 00:00:06.667070,0.2838670685823445,0.1103715598388269,16,0.2061776370026577,0.03117113552104411,0.07758577234390272,0.07650785763670784,0.047333365891803626,0.017442984323264688,5.67125977021106e-05,7,46,0.062449005264400136,0.041493175160903735,True,True,False,1.9983252421736476e-08,COMPLETE
996,0.3881659269332886,2025-04-10 22:17:04.660715,2025-04-10 22:17:11.354987,0 days 00:00:06.694272,0.2956687647009896,0.08566881871042588,16,0.041637121221883996,0.19472443134021455,0.07546586295338187,0.07814937054396671,0.048516742912499584,0.027558794820439752,6.816876640753505e-05,6,42,0.05762775461285205,0.030747146308729604,True,True,False,3.3929054311942365e-08,COMPLETE
997,0.4020986258983612,2025-04-10 22:17:11.679782,2025-04-10 22:17:18.278673,0 days 00:00:06.598891,0.3236088395677009,0.10006815230867704,16,0.0486741533808512,0.021824043924735068,0.08114914413611002,0.08032820722650007,0.044022018952147995,0.02017056101921782,4.907915814056577e-05,5,51,0.06411808267347857,0.043473867588150084,True,True,False,2.5645476897372604e-08,COMPLETE
998,0.1327903598546982,2025-04-10 22:17:18.601753,2025-04-10 22:17:25.176736,0 days 00:00:06.574983,0.027937828123474784,0.12640518014200994,16,0.03623089002923746,0.0265193858862219,0.0827616977860701,0.07713932920431173,0.04272381615652744,0.025052335234704265,7.833325864269802e-05,6,37,0.052348502586501984,0.03719840048939211,True,True,False,3.3433823214494e-08,COMPLETE
999,0.42357959747314455,2025-04-10 22:17:25.504873,2025-04-10 22:17:32.250873,0 days 00:00:06.746000,0.3096994571954651,0.08279257974456379,16,0.055595929833594994,0.024175553681474345,0.07928017465875342,0.08424492980789369,0.040792640905797574,0.013420859102465663,8.815752911584846e-05,5,44,0.060723551013900604,0.04716589195586347,True,True,False,2.5798074592161052e-08,COMPLETE
1000,0.3606409013271332,2025-04-10 22:17:32.579187,2025-04-10 22:17:39.195537,0 days 00:00:06.616350,0.29312705860635246,0.11051246021479935,16,0.05161499918874221,0.179739195086012,0.08340687516798309,0.08266986415052593,0.04422521137896551,0.03229341303022058,0.00025774530329567875,5,47,0.06897277717810929,0.043759488317582175,True,True,False,2.1936458851966384e-08,COMPLETE
1001,0.18600624203681948,2025-04-10 22:17:39.524930,2025-04-10 22:17:46.214209,0 days 00:00:06.689279,0.2780145216371677,0.09066943166773041,16,0.2528805625322793,0.03087062396241775,0.08442691150493102,0.07660079793388962,0.04737152709210586,0.02867649374209089,0.00012570067118428615,7,40,0.06646225888417916,0.048813698447472235,True,True,False,3.671196449537382e-08,COMPLETE
1002,0.3006352663040161,2025-04-10 22:17:46.528088,2025-04-10 22:17:53.282757,0 days 00:00:06.754669,0.3110779305232839,0.1299871878178619,16,0.06450333129678001,0.034998220757809735,0.08068474422018077,0.07925974596307253,0.045722285860426384,0.02167344331401678,6.153236560735981e-05,6,43,0.05887030855557402,0.02667547631894629,True,True,False,1.614331378652934e-05,COMPLETE
1003,0.3474631249904633,2025-04-10 22:17:53.609263,2025-04-10 22:18:00.353893,0 days 00:00:06.744630,0.2684136932440288,0.07622441060360954,16,0.03296889944335969,0.019482833320727283,0.0849265798436772,0.07514210675422758,0.04053791918061919,0.02604126315900014,7.513000267256843e-05,6,50,0.062075037613409295,0.033582874342085664,True,True,False,2.2837701411016007e-08,COMPLETE
1004,0.19622171819210055,2025-04-10 22:18:00.678155,2025-04-10 22:18:07.253340,0 days 00:00:06.575185,0.29867665313265845,0.1043736201774988,16,0.07892747221324586,0.10247226786190591,0.08128914532656592,0.07754665444905127,0.04240698506831636,0.030831916556366554,0.00016454785634902226,5,35,0.05418097837705343,0.03919175293550102,True,True,False,3.042344860210499e-08,COMPLETE
1005,0.21125235557556152,2025-04-10 22:18:07.583067,2025-04-10 22:18:14.308212,0 days 00:00:06.725145,0.8577110701532258,0.06972277290760329,16,0.040260979994081084,0.023500384506223805,0.08602414752668183,0.07883956479609616,0.04408827782987793,0.01816174529344091,0.05376678341844847,6,46,0.06429959600883656,0.051801700096356554,True,True,False,4.05888454368581e-08,COMPLETE
1006,0.22128923535346987,2025-04-10 22:18:14.636015,2025-04-10 22:18:21.416922,0 days 00:00:06.780907,0.2814880267701602,0.12453509839463177,16,0.04363947326865931,0.018833488078595546,0.07770480831419044,0.08234832761202247,0.03921776255200922,0.02271705078282519,9.88845143537712e-05,7,41,0.058737553819634455,0.04612104564358559,True,True,True,1.7719415819737937e-08,COMPLETE
1007,0.19523411989212036,2025-04-10 22:18:21.750871,2025-04-10 22:18:28.579158,0 days 00:00:06.828287,0.2647363883440529,0.09554899675247475,16,0.056662512911639894,0.029556761154720973,0.08430481272918296,0.07569816090064502,0.04267322566051181,0.026590811813978724,8.840642171834511e-05,5,44,0.05678278376702707,0.05332276768806765,False,False,False,3.224324629120952e-07,COMPLETE
1008,0.2958609521389008,2025-04-10 22:18:28.892251,2025-04-10 22:18:35.613217,0 days 00:00:06.720966,0.32841539684155563,0.07406750458822743,16,0.04907282633194542,0.024316458771676243,0.08283383651308024,0.0801110258913745,0.04976396515145821,0.02022379189330994,0.00011872303007081202,6,48,0.061098389923744896,0.042083427335445546,True,True,False,3.3465954886654656e-08,COMPLETE
1009,0.2930392920970917,2025-04-10 22:18:35.941438,2025-04-10 22:18:42.587747,0 days 00:00:06.646309,0.24700708211479133,0.11151601748125683,16,0.06114107312136654,0.016015484904102928,0.08643030389211291,0.07509466521865059,0.04136900322079552,0.012078200603539053,7.116457824178255e-05,5,38,0.06571374006920601,0.05552569841877927,True,True,False,1.9942550654868258e-08,COMPLETE
1010,0.3986486315727234,2025-04-10 22:18:42.915287,2025-04-10 22:18:49.745220,0 days 00:00:06.829933,0.6523549659089657,0.0882165513913306,16,0.04553824617822686,0.03790126588497284,0.08703575068310263,0.07776939186536189,0.04597409825304127,0.024374110687707985,4.6967919094653255e-05,7,41,0.06929323587173088,0.032682015629454525,True,True,False,1.5829138165242e-07,COMPLETE
1011,0.09234625697135926,2025-04-10 22:18:50.077372,2025-04-10 22:18:59.857165,0 days 00:00:09.779793,0.2869662854171367,0.06600378836319931,2,0.03149725767094524,0.02136219910092647,0.05799044457930746,0.07366160898541745,0.037402223139063405,0.029239842224715935,0.00010147059993619284,6,67,0.06311632828932623,0.046551558420968385,True,True,False,4.660869155176151e-08,COMPLETE
1012,0.19566393494606021,2025-04-10 22:19:00.188365,2025-04-10 22:19:08.760599,0 days 00:00:08.572234,0.21154378426500547,0.12939643194481387,16,0.05304193091099503,0.01388119966014116,0.08209912245108937,0.0799766766514259,0.09176649019024424,0.031201844254552163,5.888299567511457e-05,24,51,0.06021866689607711,0.056293577284272846,True,True,False,6.323034329849809e-07,COMPLETE
1013,0.339060389995575,2025-04-10 22:19:09.095144,2025-04-10 22:19:15.692764,0 days 00:00:06.597620,0.3198932044169134,0.7739510070326763,16,0.07247912907496588,0.027353583930686654,0.07923079842060293,0.07630961352653065,0.04456121932562585,0.03356909072154537,8.335231903461939e-05,5,45,0.0679407731662964,0.04046312274124408,True,True,False,1.8102623550392293e-07,COMPLETE
1014,0.2875061869621277,2025-04-10 22:19:16.009991,2025-04-10 22:19:22.731470,0 days 00:00:06.721479,0.2634551694546559,0.09250697804183082,16,0.03914426459599137,0.020117675342211826,0.08430029831287837,0.08183337059437462,0.03474492250262247,0.02724554991473798,0.0001499925031677532,6,47,0.048466396170344345,0.050221130296087546,True,True,False,2.8069662349164286e-08,COMPLETE
1015,0.3568416237831116,2025-04-10 22:19:23.061726,2025-04-10 22:19:29.634121,0 days 00:00:06.572395,0.23218385399480307,0.07517143433769462,16,0.06590851629363281,0.16556097862482877,0.08702811045232699,0.07401450759942224,0.06328800894417344,0.01537756587529207,0.00012140100872150469,5,43,0.05685302039096539,0.11844982574237717,True,True,False,2.2597443219580079e-07,COMPLETE
1016,0.3222054958343506,2025-04-10 22:19:29.969108,2025-04-10 22:19:37.091023,0 days 00:00:07.121915,0.2963289852534153,0.10803653137117622,8,0.04983506658600064,0.015695228344466856,0.08559957607973218,0.07737159989606383,0.03944398773781124,0.023672106482852995,7.216691122429541e-05,7,39,0.06332458560078102,0.05780200299414716,True,True,False,1.3211072020060168e-07,COMPLETE
