number,value,datetime_start,datetime_complete,duration,params_alpha-eval,params_alpha-train,params_batch-size,params_eps-eval,params_eps-train,params_lambda-actions-eval,params_lambda-actions-train,params_lambda-frames-eval,params_lambda-frames-train,params_learning-rate,params_n-epochs,params_n-frames,params_radius-gw,params_rho,params_std-feats,params_ub-actions,params_ub-frames,params_weight-decay,state
1817,0.41853252649307254,2025-04-17 23:20:47.987140,2025-04-17 23:20:59.103274,0 days 00:00:11.116134,0.08627979256377842,0.7997936712149601,2,0.19064531784938624,0.10595517794849102,0.04452286680636943,0.03518382499464267,0.05023152235266775,0.09741489882088795,8.485395442661398e-05,6,43,0.0800216273534737,0.22507227251134299,True,False,False,1.5517192041192513e-08,COMPLETE
1818,0.4531952500343323,2025-04-17 23:20:59.698182,2025-04-17 23:21:10.832960,0 days 00:00:11.134778,0.058844375132572076,0.829443267715985,2,0.18591131972706015,0.04755507079267087,0.04036640724803723,0.027595438935746886,0.04783328872836666,0.0946254601060878,0.00011998867311254508,6,40,0.07725565377115458,0.21181591255387255,True,False,False,2.950232235584475e-08,COMPLETE
1819,0.4472229480743408,2025-04-17 23:21:11.444052,2025-04-17 23:21:23.204441,0 days 00:00:11.760389,0.040910506892535864,0.8324671787766039,2,0.1967000888676095,0.027495243553167265,0.04322151732784949,0.031220647911636406,0.050785189979646546,0.09681778155753379,0.00010360938026789152,7,46,0.07389451153767018,0.2187633243875491,True,False,False,4.3610338526004085e-08,COMPLETE
1820,0.38629704117774966,2025-04-17 23:21:23.824267,2025-04-17 23:21:36.017086,0 days 00:00:12.192819,0.06913448143380868,0.794008235201594,2,0.18929131598600327,0.037511332544546944,0.047639247921731805,0.03500642448333943,0.04555444575385044,0.09207242255393563,0.00012622986020759667,8,43,0.07566887130382041,0.2039798480931412,False,False,False,2.8761061110479816e-08,COMPLETE
1821,0.4375536441802979,2025-04-17 23:21:36.617496,2025-04-17 23:21:47.751833,0 days 00:00:11.134337,0.08339005606938465,0.8346563881002803,2,0.18380120454455867,0.029667853884024535,0.03444524329142546,0.030944565682654666,0.04860357363325104,0.09989069352412255,6.477165980279907e-05,6,39,0.0785025564982111,0.2108907388802619,True,False,False,3.701660191519601e-08,COMPLETE
1822,0.38275186419487,2025-04-17 23:21:48.369626,2025-04-17 23:22:00.261835,0 days 00:00:11.892209,0.010000057582457146,0.8315262585331723,2,0.20127832140377938,0.039212082600494295,0.045385410739693224,0.03327891727694267,0.050818373818802096,0.09473440290725485,0.00010716523413264069,7,60,0.08180979988707096,0.19160017587125458,True,False,False,1.6654634695081452e-08,COMPLETE
1823,0.4166081011295319,2025-04-17 23:22:00.855688,2025-04-17 23:22:12.019203,0 days 00:00:11.163515,0.04133190783281536,0.8488599929222942,2,0.20877051549124861,0.024811068633151627,0.04229537973655938,0.029815427700719977,0.046320016059568266,0.0964922885442277,0.0001289571983314907,6,51,0.07489873318395664,0.22437842167904265,True,False,False,2.247067490489683e-08,COMPLETE
1824,0.452491819858551,2025-04-17 23:22:12.615217,2025-04-17 23:22:23.841534,0 days 00:00:11.226317,0.06280192045709142,0.8099970899139826,2,0.18517769531931147,0.03382377072674208,0.03734799058225941,0.03223494694611959,0.048320930813855745,0.09217936824603733,0.00013147132461531724,6,48,0.07239084966473312,0.21931571371034494,True,False,False,3.6843154365782725e-08,COMPLETE
1825,0.35008710622787476,2025-04-17 23:22:24.455198,2025-04-17 23:22:31.809442,0 days 00:00:07.354244,0.08267943698588714,0.8305295518382286,16,0.19444040617644062,0.0296341214443308,0.04037988005925395,0.024814847922721817,0.05028683966338692,0.09777616707697932,0.00014081909415587394,6,41,0.08308120828618253,0.21041070492784567,True,False,False,4.744433683635577e-08,COMPLETE
1826,0.4628877222537995,2025-04-17 23:22:32.428313,2025-04-17 23:22:44.152057,0 days 00:00:11.723744,0.030689571080816182,0.8483844580587825,2,0.1816788026368997,0.043476251868557705,0.04344754504390306,0.03457823865983246,0.04587284615059606,0.09425431274633901,0.00010886711644091079,7,45,0.08043372442710543,0.19873206316485548,True,False,False,2.6839128164765554e-08,COMPLETE
1827,0.4337562024593353,2025-04-17 23:22:44.748216,2025-04-17 23:22:56.426050,0 days 00:00:11.677834,0.025376701551851427,0.7969565896125508,2,0.17852793246773266,0.04474786756787638,0.043144050960123456,0.027485000487511565,0.04495848592268133,0.09216496593927041,8.231740132180502e-05,7,44,0.0840561433300624,0.20617680062544377,True,False,False,3.1072740431069803e-08,COMPLETE
1828,0.45428602695465087,2025-04-17 23:22:57.045517,2025-04-17 23:23:09.399185,0 days 00:00:12.353668,0.03170137957249462,0.8145500105684617,2,0.19231954589257885,0.0477943076224545,0.044400843268656724,0.03551665269201308,0.045635735715374035,0.0936469058511995,7.409899625435892e-05,8,39,0.08382796420351943,0.19912883388605512,True,False,False,1.944362905086643e-08,COMPLETE
1829,0.45421745181083684,2025-04-17 23:23:09.992752,2025-04-17 23:23:23.031617,0 days 00:00:13.038865,0.02357702368177559,0.8430057003342362,2,0.1935976968631724,0.0443981485588539,0.04260869171128915,0.029172715190669402,0.04604258958292519,0.09286281970917276,0.00010653167861980763,9,42,0.08027297554820173,0.1862838725207918,True,False,False,1.51088375261794e-08,COMPLETE
1830,0.3166831016540528,2025-04-17 23:23:23.630119,2025-04-17 23:23:34.841697,0 days 00:00:11.211578,0.0122981424029472,0.8430105957472779,2,0.18518920143449177,0.05344010714020042,0.04220674896863373,0.0315755322243629,0.045295042385753534,0.0941299203231566,6.808329837264452e-05,8,39,0.08227813380350947,0.2251941245463807,True,False,True,2.144166786515331e-08,COMPLETE
1831,0.4331340968608856,2025-04-17 23:23:35.458122,2025-04-17 23:23:47.164337,0 days 00:00:11.706215,0.041264776734617634,0.8210201092387013,2,0.2014621702246231,0.05265667457643339,0.04678373375614792,0.034297046141047116,0.0452785550198169,0.09229814937806204,8.432875169264882e-05,7,44,0.08164740131640422,0.1964518466497162,True,False,False,2.1949122760931578e-08,COMPLETE
1832,0.21069517433643342,2025-04-17 23:23:47.788223,2025-04-17 23:23:58.317286,0 days 00:00:10.529063,0.027355365336020017,0.8046990211148706,2,0.18410674340147887,0.05099550518082567,0.0468931691599818,0.02603943208235585,0.04689937663732718,0.09462486631366329,5.1977742867183384e-05,7,39,0.0792294992847639,0.20283150617123544,True,True,False,2.6706742683907226e-08,COMPLETE
1833,0.3962479412555695,2025-04-17 23:23:58.919606,2025-04-17 23:24:10.726795,0 days 00:00:11.807189,0.012108340809626056,0.8460987161333469,2,0.18944298685966218,0.049803758594463496,0.04594343334564661,0.02119848041191675,0.047261647693765396,0.09175051252677074,6.46132109543147e-05,7,49,0.08404358527018824,0.19248637023581067,True,False,False,2.7378112143345816e-08,COMPLETE
1834,0.4293466687202454,2025-04-17 23:24:11.323970,2025-04-17 23:24:23.660209,0 days 00:00:12.336239,0.056585792597742664,0.8217323280617373,2,0.20678699879209161,0.04255233171707865,0.04534847939478715,0.031202506607082486,0.045485233179787754,0.0950733376000639,7.185148744070362e-05,8,42,0.08015597772699598,0.21867380759630944,True,False,False,1.9795166055687102e-08,COMPLETE
1835,0.4426748156547547,2025-04-17 23:24:24.277038,2025-04-17 23:24:36.059470,0 days 00:00:11.782432,0.039288857238177155,0.8432884906524898,2,0.18286056077399915,0.04608046291040826,0.044275727959553035,0.03457166678609287,0.04796622756907824,0.09365475177194874,9.372021469180191e-05,7,46,0.07144226909049112,0.18338265348303728,True,False,False,1.7181285436499138e-08,COMPLETE
1836,0.4554858624935151,2025-04-17 23:24:36.653782,2025-04-17 23:24:49.084376,0 days 00:00:12.430594,0.04701284262208665,0.790344990597422,2,0.1828631753334236,0.040848731143294265,0.04066832633611889,0.03554419105014968,0.047489342215899816,0.09204394673789941,8.785758234642031e-05,8,39,0.07662232639733475,0.20943998251566498,True,False,False,2.4180493094369827e-08,COMPLETE
1837,0.2453301310539246,2025-04-17 23:24:49.699973,2025-04-17 23:24:57.732340,0 days 00:00:08.032367,0.029892008762504287,0.8558734978808289,8,0.1811932080311666,0.0480269232729687,0.0446197989514107,0.027745924823860305,0.044992202732086026,0.09545343855063962,9.861103891377872e-05,8,78,0.08116095389387715,0.20003469233302185,False,False,False,2.6661979594875164e-08,COMPLETE
1838,0.44881516695022583,2025-04-17 23:24:58.357272,2025-04-17 23:25:10.670296,0 days 00:00:12.313024,0.04917251328918633,0.8335033171185264,2,0.17738916402557176,0.1622523371224746,0.04116354090532645,0.03250168736981659,0.04853328551806439,0.09595936632896915,9.692967619641801e-05,8,44,0.07755545822817078,0.2255029122631932,True,False,False,3.094197476584227e-08,COMPLETE
1839,0.4598774671554566,2025-04-17 23:25:11.271583,2025-04-17 23:25:22.993298,0 days 00:00:11.721715,0.02922192155736214,0.8540870628489767,2,0.18801659955624853,0.041590501202345066,0.04479028030980092,0.029823647107957124,0.046824685660353235,0.09381436809215418,0.00011662490643989859,7,41,0.0738022928768881,0.21765804180515702,True,False,False,1.7168341284613385e-08,COMPLETE
1840,0.44361377954483033,2025-04-17 23:25:23.621201,2025-04-17 23:25:35.963499,0 days 00:00:12.342298,0.02815008372372027,0.856249817678634,2,0.19485191147628528,0.050088775390261756,0.04515812360590463,0.029683997268473882,0.0447417274693437,0.09176062232192256,8.732346903333283e-05,8,38,0.07313972245922312,0.2175375420046059,True,False,False,1.4413855056134653e-08,COMPLETE
1841,0.2449998199939728,2025-04-17 23:25:36.573136,2025-04-17 23:25:49.917603,0 days 00:00:13.344467,0.01015703108263473,0.8596593438603325,2,0.1974172829004449,0.04023318103504156,0.0398287140716913,0.02845303130352822,0.04473428069560248,0.09348965765880174,8.214089476920939e-05,9,103,0.07188990807451597,0.21461562055380862,True,False,False,1.3832999354662032e-08,COMPLETE
1842,0.41975309252738957,2025-04-17 23:25:50.544976,2025-04-17 23:26:03.005267,0 days 00:00:12.460291,0.011044707926286569,0.8179573026360047,2,0.2039315372940796,0.037387497975378534,0.04774194023344058,0.030520110074261118,0.046179749855056705,0.09371482768822471,0.0001029881576470155,8,53,0.07417156950317895,0.2118058498083847,True,False,False,1.2659563656003617e-08,COMPLETE
1843,0.450724482536316,2025-04-17 23:26:03.608027,2025-04-17 23:26:15.888346,0 days 00:00:12.280319,0.03892416164994578,0.848366569235329,2,0.19028198976773752,0.04231833371198886,0.05044122400184165,0.022961403592589223,0.04646552895920255,0.09506969047179736,0.00011220040792064997,8,41,0.07224246431141428,0.20605759852944439,True,False,False,1.7054771464145828e-08,COMPLETE
1844,0.4153980553150177,2025-04-17 23:26:16.510985,2025-04-17 23:26:28.973102,0 days 00:00:12.462117,0.029878997346693005,0.8308114246663318,2,0.18886143073928424,0.035619503349528445,0.041123062456100444,0.028670948936485936,0.04454051533418709,0.09141303456789208,5.889337677259666e-05,8,48,0.07438514102467662,0.21879916574637326,True,False,False,1.0548321069614846e-08,COMPLETE
1845,0.45310930609703065,2025-04-17 23:26:29.569694,2025-04-17 23:26:41.988862,0 days 00:00:12.419168,0.05238600652837313,0.8670696743277092,2,0.19430402865554514,0.04864641961553892,0.04498388735442042,0.026608678891868506,0.047723815923773914,0.09181765796600723,0.00010507935768909658,8,44,0.07544585480391056,0.22618427390117876,True,False,False,2.1118920999708376e-08,COMPLETE
1846,0.35541872978210454,2025-04-17 23:26:42.614702,2025-04-17 23:26:50.067975,0 days 00:00:07.453273,0.027870981802718863,0.8693747214369668,16,0.1920528692733832,0.023496049884644217,0.043535954570674586,0.026096519005651457,0.045994917680394,0.0939600077404728,7.372746529373154e-05,7,38,0.07161364928038748,0.21964596956055454,True,False,False,1.726708791807824e-08,COMPLETE
1847,0.44439647793769843,2025-04-17 23:26:50.662836,2025-04-17 23:27:02.463477,0 days 00:00:11.800641,0.05504084542273596,0.7888916396614531,2,0.18929835401592798,0.17268990164409037,0.053172417624807344,0.031301729236381116,0.04717810957439024,0.09655263629257402,0.00010174454918892839,7,42,0.07717140645011113,0.21042399362249015,True,False,False,1.1105077880217737e-08,COMPLETE
1848,0.4513279438018799,2025-04-17 23:27:03.085019,2025-04-17 23:27:16.050754,0 days 00:00:12.965735,0.011615034386715066,0.8431414955784765,2,0.18834199850917854,0.031065667060327238,0.042274538364470746,0.024673839865691924,0.04425177983584293,0.09590674350331771,0.00011602360089195639,9,46,0.07073400701653325,0.22563006690944648,True,False,False,1.784757371533104e-08,COMPLETE
1849,0.41482617855072024,2025-04-17 23:27:16.677787,2025-04-17 23:27:29.055349,0 days 00:00:12.377562,0.06281479988484667,0.8846434017436262,2,0.20068631044202856,0.04303385166161825,0.050405185809657915,0.03230051535486888,0.04729624260740645,0.09203152894475386,3.853731909692381e-05,8,41,0.07357146881067865,0.2167157972706246,True,False,False,1.376019312943229e-08,COMPLETE
1850,0.2899314224720001,2025-04-17 23:27:29.658658,2025-04-17 23:27:40.275634,0 days 00:00:10.616976,0.010127526643455433,0.8108148482833861,2,0.18561184203226175,0.03698989850388797,0.04300028984178211,0.029207207039170832,0.04859162376062832,0.09345340201942481,9.464047755857605e-05,7,38,0.07498845335150671,0.20456063136652625,True,False,True,3.172905110342739e-08,COMPLETE
1851,0.4524057269096375,2025-04-17 23:27:40.903688,2025-04-17 23:27:52.612515,0 days 00:00:11.708827,0.048208654223360195,0.8568555421615281,2,0.17890809574786623,0.027123405501663075,0.047707735524047286,0.034233446965413084,0.04501351084023623,0.0971915684037524,0.00011672008094548444,7,45,0.07345270275610308,0.2219856594864605,True,False,False,1.983259414642091e-08,COMPLETE
1852,0.41461341381073,2025-04-17 23:27:53.218109,2025-04-17 23:28:05.094768,0 days 00:00:11.876659,0.03457077672794551,0.8298089041935883,2,0.18334340525560017,0.03569237554758874,0.04726429240129483,0.031050684099895927,0.04916096921969724,0.09461977535800667,7.595681623616e-05,7,50,0.07761405421635134,0.2106717254246192,True,False,False,2.2007888271770414e-08,COMPLETE
1853,0.4574945747852326,2025-04-17 23:28:05.716052,2025-04-17 23:28:18.111533,0 days 00:00:12.395481,0.03297110840783081,0.8828289286308294,2,0.17922679671896916,0.02410137773403894,0.04717021074846015,0.027797055156730602,0.04634869900115376,0.0957854881969048,0.0001178058154435868,8,41,0.07127196380210574,0.21668486059752376,True,False,False,2.540804165685109e-08,COMPLETE
1854,0.14710666835308076,2025-04-17 23:28:18.709207,2025-04-17 23:28:29.329107,0 days 00:00:10.619900,0.06737840753499916,0.8665268428476679,2,0.212177127824717,0.049746912082833994,0.044136756525009334,0.035196158431488045,0.049389358108427435,0.09203593258311944,9.462671947866862e-05,7,37,0.07663237274909684,0.22731086585297214,True,True,False,2.2395227383014785e-08,COMPLETE
1855,0.456496012210846,2025-04-17 23:28:29.951897,2025-04-17 23:28:41.652215,0 days 00:00:11.700318,0.050928991411489925,0.8429434588216,2,0.19810606454898017,0.04247040856174806,0.04056277126979775,0.032922526317119706,0.04453594604443151,0.09705581201223289,0.0001215146522102287,7,44,0.07907919442244628,0.2007039582710245,True,False,False,1.551542675393393e-08,COMPLETE
1856,0.4015336871147156,2025-04-17 23:28:42.261398,2025-04-17 23:28:53.773126,0 days 00:00:11.511728,0.06461149588048037,0.8859371904888874,2,0.19255311161899843,0.031243163878045987,0.045462416548052595,0.02964893513484641,0.049335428375601335,0.09129353324741937,8.510992483170743e-05,7,38,0.0748126461386371,0.22279705883116332,False,False,False,3.308652523677074e-08,COMPLETE
1857,0.4261758685112,2025-04-17 23:28:54.393299,2025-04-17 23:29:06.169375,0 days 00:00:11.776076,0.010202593997598965,0.810075577528123,2,0.1808888065599753,0.02433079853975073,0.038780060158995974,0.03332412715780558,0.04723775855542113,0.09341683719511668,0.00012499278104414208,7,48,0.07616026531643455,0.21382017471892598,True,False,False,3.856737518388229e-08,COMPLETE
1858,0.4607062160968781,2025-04-17 23:29:06.802221,2025-04-17 23:29:19.156201,0 days 00:00:12.353980,0.04560555224416885,0.8606863480020753,2,0.18636036941048084,0.037992181941428636,0.042243994230680634,0.02765145630454739,0.047279475858832534,0.09758603788514453,0.0001306779563540703,8,42,0.08004871406264732,0.22828638623766714,True,False,False,1.840187199514381e-08,COMPLETE
1859,0.4118580341339112,2025-04-17 23:29:19.759960,2025-04-17 23:29:27.960428,0 days 00:00:08.200468,0.028689465756997615,0.8819341178508138,8,0.1754395744808839,0.028771438979497695,0.03820496261695811,0.022714299805530743,0.04392076666995869,0.09775675930843977,0.00013193424880085405,8,38,0.0821572608257156,0.22444391167659453,True,False,False,1.3099248637432295e-08,COMPLETE
1860,0.4569945454597473,2025-04-17 23:29:28.589617,2025-04-17 23:29:40.927384,0 days 00:00:12.337767,0.04292238017162926,0.8697971676275945,2,0.18050169711362204,0.031318153425021616,0.03819917397216655,0.02559544844614494,0.045054119641644776,0.09800482598331683,0.00010991958640404517,8,41,0.08309722953645124,0.22916610636876533,True,False,False,1.6516565368892697e-08,COMPLETE
1861,0.4478693962097168,2025-04-17 23:29:41.537438,2025-04-17 23:29:53.974974,0 days 00:00:12.437536,0.0284750514232752,0.8658863196214084,2,0.18367319429871953,0.2771393805668332,0.04011955645872691,0.02351241307729669,0.04605012047960536,0.0980863721425857,0.00013840869914735025,8,38,0.08081817593154048,0.22833788964366483,True,False,False,1.3852835388590865e-08,COMPLETE
1862,0.4431144416332245,2025-04-17 23:29:54.579313,2025-04-17 23:30:07.027166,0 days 00:00:12.447853,0.04357041433185786,0.886695517064865,2,0.17395015187622287,0.022254639508543488,0.04065482737211262,0.02565682725223584,0.04418149756158446,0.09813398504174989,0.00010583830671187747,8,40,0.08010017088021147,0.2275422912099991,True,False,False,1.7800242097191262e-08,COMPLETE
1863,0.45406140089035035,2025-04-17 23:30:07.656872,2025-04-17 23:30:20.060477,0 days 00:00:12.403605,0.028162050629286374,0.8884926336405705,2,0.18685748179641318,0.03638621167366603,0.04159754134010828,0.026878942155408203,0.04721087059585324,0.09632652699334975,0.0001451928837992306,8,36,0.08415662828205187,0.22224147993901971,True,False,False,1.5448601880253232e-08,COMPLETE
1864,0.46017463803291325,2025-04-17 23:30:20.690276,2025-04-17 23:30:32.406061,0 days 00:00:11.715785,0.029310563193191856,0.8631231930801413,2,0.17192170642407692,0.032112432467921406,0.03650325810111158,0.02667251054018495,0.046135269667049575,0.09594434802456293,0.00013682902003458428,7,41,0.08088392937648946,0.2287230949421154,True,False,False,1.9800770494635735e-08,COMPLETE
1865,0.4540291547775269,2025-04-17 23:30:33.010980,2025-04-17 23:30:45.322399,0 days 00:00:12.311419,0.05734115202873216,0.8849751147489593,2,0.17140725062968937,0.02274622872052295,0.03355573645846997,0.02428594906151721,0.04399178238976697,0.09856035953332946,0.00014075018018008383,8,37,0.08262695482405646,0.22933856691153146,True,False,False,2.1560738195783837e-08,COMPLETE
1866,0.46138875484466557,2025-04-17 23:30:45.948098,2025-04-17 23:30:57.669236,0 days 00:00:11.721138,0.01087340637726127,0.8936944045761771,2,0.17192126356937182,0.025913664219108873,0.03712328084085548,0.023545685569684012,0.0456159813749271,0.09648162825510025,0.0001430740114389725,7,41,0.08189388261973699,0.22991520434552218,True,False,False,2.1102694111126033e-08,COMPLETE
1867,0.44244856238365177,2025-04-17 23:30:58.272372,2025-04-17 23:31:10.710242,0 days 00:00:12.437870,0.028736518678941912,0.8709737686790251,2,0.1725084717883518,0.019137820670002432,0.036062247750603064,0.020498916913327336,0.04356766240979505,0.09631731039162623,0.00013135746239179168,8,43,0.08453924514116316,0.22667472496541308,True,False,False,2.0163226130551315e-08,COMPLETE
1868,0.45484095215797427,2025-04-17 23:31:11.337894,2025-04-17 23:31:24.308765,0 days 00:00:12.970871,0.022952124600600005,0.890883685994706,2,0.17202899103704392,0.02920876735548057,0.03518866773368974,0.020948230020324442,0.0430760649608565,0.09734772907529864,0.00013686373284102065,9,43,0.08483669322430948,0.22950756416062643,True,False,False,1.1999371587059067e-08,COMPLETE
1869,0.26969451904296876,2025-04-17 23:31:24.937562,2025-04-17 23:31:36.121450,0 days 00:00:11.183888,0.014794608362775404,0.8622243340878263,2,0.17585643911584892,0.028063588913332996,0.03621157447168237,0.027402241928424456,0.04484762932081698,0.09831069793278217,0.00010892158227344879,8,42,0.08257643374369668,0.229185631825133,True,False,True,2.3777757377571165e-08,COMPLETE
1870,0.09234625697135926,2025-04-17 23:31:36.731036,2025-04-17 23:31:47.807624,0 days 00:00:11.076588,0.027695504925427265,0.8685756461377334,2,0.16951251732979017,0.02000156151780407,0.0330617506617889,0.027207515181353597,0.04370854550355474,0.09582192284192911,0.000139594124567698,8,42,0.0829300632292306,0.22951043284906647,True,True,False,1.672999482174645e-08,COMPLETE
1871,0.3623462736606598,2025-04-17 23:31:48.417861,2025-04-17 23:31:55.901450,0 days 00:00:07.483589,0.042643192931484,0.8486834875194621,16,0.1772978406752072,0.03270061008034915,0.03584629075432478,0.024473202635247472,0.04307757836554984,0.09615305876215607,0.0001406473311494754,7,46,0.08136394982546954,0.2280959523073501,True,False,False,1.156172439468318e-08,COMPLETE
1872,0.45739684104919437,2025-04-17 23:31:56.523825,2025-04-17 23:32:08.266803,0 days 00:00:11.742978,0.014990464424616892,0.8934522571730839,2,0.1717870583453461,0.025593218772035103,0.039595757513171376,0.02309874227396263,0.045117832333865425,0.09841611007926404,9.62718369701161e-05,7,40,0.08028720343339929,0.21759753118131034,True,False,False,2.5397231183914768e-08,COMPLETE
