number,value,datetime_start,datetime_complete,duration,params_alpha-eval,params_alpha-train,params_batch-size,params_eps-eval,params_eps-train,params_lambda-actions-eval,params_lambda-actions-train,params_lambda-frames-eval,params_lambda-frames-train,params_learning-rate,params_n-epochs,params_n-frames,params_radius-gw,params_rho,params_std-feats,params_ub-actions,params_ub-frames,params_weight-decay,state
1873,0.45774619579315184,2025-04-17 23:32:08.904458,2025-04-17 23:32:21.286751,0 days 00:00:12.382293,0.0434750971397553,0.8709434183676574,2,0.16607549885648673,0.03230629285229262,0.03137242419949723,0.021843525704465346,0.04546703247795536,0.09577163452205995,0.00012580334030531096,8,44,0.08211214563939609,0.22873993616808633,True,False,False,1.944161209838445e-08,COMPLETE
1874,0.4487424373626709,2025-04-17 23:32:21.907236,2025-04-17 23:32:33.755858,0 days 00:00:11.848622,0.01220344423709892,0.6935025642433519,2,0.17704647454166692,0.019141787286785457,0.03287325392098542,0.02581593503497132,0.046215485697812864,0.09948496243345095,0.00015182215449564482,7,40,0.08444790706765198,0.2261924008159736,True,False,False,2.5725492514289817e-08,COMPLETE
1875,0.4559718072414398,2025-04-17 23:32:34.389829,2025-04-17 23:32:47.367789,0 days 00:00:12.977960,0.01201434864534616,0.892740368560514,2,0.17076756411326077,0.024102464184314287,0.03698198248282983,0.022323385797924436,0.04318411435347134,0.09698998975643648,0.00011314425903402768,9,37,0.0846972133569412,0.22475597228680136,True,False,False,2.5248349033590677e-08,COMPLETE
1876,0.4031020879745484,2025-04-17 23:32:47.982683,2025-04-17 23:33:00.846367,0 days 00:00:12.863684,0.010191301831189888,0.8575836587867284,2,0.16485365688279752,0.03181335055624158,0.0369228710360015,0.01838150691881,0.04538203184118798,0.09566742652893868,0.00013472268039491921,9,43,0.08165639029908729,0.22386105353696673,False,False,False,1.0307192049271464e-08,COMPLETE
1877,0.45547587871551515,2025-04-17 23:33:01.481126,2025-04-17 23:33:13.801778,0 days 00:00:12.320652,0.039663261888905295,0.8512957608737795,2,0.18047828888208053,0.03419586097603419,0.039263684464572554,0.019814067734622947,0.04704554295507074,0.09970583090362953,0.00015405759370271628,8,47,0.07995955480627279,0.23154180599413343,True,False,False,1.8830870424651544e-08,COMPLETE
1878,0.4469295978546143,2025-04-17 23:33:14.440506,2025-04-17 23:33:26.112709,0 days 00:00:11.672203,0.04443260904099332,0.8819100465305473,2,0.17729905412739658,0.023243758810903688,0.03753781703312134,0.023680330917836577,0.04265652423775933,0.09742104702576651,0.00010537481173820759,7,40,0.08109365034177592,0.22208810348957939,True,False,False,1.911175287719901e-08,COMPLETE
1879,0.45422770977020266,2025-04-17 23:33:26.725200,2025-04-17 23:33:38.513376,0 days 00:00:11.788176,0.04882452492913436,0.8922364943303638,2,0.1714031790430147,0.028775809911040666,0.035193743372911916,0.025627032114325505,0.04680230725531943,0.09546522927822182,0.00015274434173884126,7,43,0.08377813915521841,0.23083862969519717,True,False,False,3.216888007790422e-08,COMPLETE
1880,0.45275060534477235,2025-04-17 23:33:39.145910,2025-04-17 23:33:50.870224,0 days 00:00:11.724314,0.03671062108868972,0.8608058308869637,2,0.1678754533355896,0.017234455566993573,0.036587947722762235,0.02517244674757659,0.04544845161447976,0.09974159724194656,0.0001171548268134012,7,37,0.07984245853555343,0.22313398692997838,True,False,False,2.2025517605531684e-08,COMPLETE
1881,0.3980073750019074,2025-04-17 23:33:51.480877,2025-04-17 23:33:59.694029,0 days 00:00:08.213152,0.011299664411182513,0.8696938192704128,8,0.17701871447253337,0.03463774795840025,0.039300629860851,0.0231372970548243,0.04728597714025546,0.09805091673542542,9.294283844223729e-05,8,45,0.08207510636794955,0.2220711178665115,True,False,False,3.292764790915343e-08,COMPLETE
1882,0.4580008745193482,2025-04-17 23:34:00.329221,2025-04-17 23:34:12.134711,0 days 00:00:11.805490,0.059678916705721924,0.8447996416410164,2,0.16573606334696808,0.026795468085809494,0.03817541829685562,0.026169367282247846,0.04787530921417573,0.09519093883504753,0.00014891597741093442,7,41,0.07952921980383391,0.23057755108624,True,False,False,1.4982926356100495e-08,COMPLETE
1883,0.4631360828876495,2025-04-17 23:34:12.748955,2025-04-17 23:34:24.406579,0 days 00:00:11.657624,0.027442178195582215,0.8892776009340432,2,0.1823212274984053,0.036601433550198556,0.03386646324907016,0.027064198296996078,0.04413394014566849,0.09996608410273677,0.00012541093887968052,7,38,0.08422663201402089,0.21407270464679595,True,False,False,2.6275043489619943e-08,COMPLETE
1884,0.4434744536876679,2025-04-17 23:34:25.043312,2025-04-17 23:34:37.421111,0 days 00:00:12.377799,0.05468664607135553,0.8986750499911957,2,0.17587305103315343,0.027849157481033053,0.031864220307023294,0.021732842884546792,0.04137266876588889,0.09964130279545767,0.00016261179463081073,8,34,0.08402512708339271,0.2299755973394399,True,False,False,2.3576655781566547e-08,COMPLETE
1885,0.4487830936908722,2025-04-17 23:34:38.040417,2025-04-17 23:34:49.785222,0 days 00:00:11.744805,0.06599991300012556,0.8911908692983933,2,0.18491665470148172,0.018042866849983345,0.03416388874812993,0.024576455591070138,0.04176262629539565,0.09951479262840689,0.0001508484308370284,7,35,0.08450781776007302,0.21974445491537695,True,False,False,2.122307070338462e-08,COMPLETE
1886,0.43514481782913206,2025-04-17 23:34:50.396630,2025-04-17 23:35:02.842966,0 days 00:00:12.446336,0.03491614358969654,0.8971585198661354,2,0.18291245930677952,0.28950863060247517,0.035412346056884834,0.021025257973286766,0.042510489866334274,0.09781360390340998,0.00014015758374150616,8,35,0.08349102227508085,0.2171154951077643,True,False,False,2.5830925515833493e-08,COMPLETE
1887,0.4602401196956635,2025-04-17 23:35:03.475943,2025-04-17 23:35:16.488873,0 days 00:00:13.012930,0.04422525285674099,0.9007877350527279,2,0.1831896020614057,0.03048509322630874,0.03139454441632734,0.027548026250253804,0.04374049328386662,0.0999540241944613,0.00012294331465916933,9,37,0.08468223740431845,0.23035006848741973,True,False,False,1.775482543541694e-08,COMPLETE
1888,0.28614023327827454,2025-04-17 23:35:17.127585,2025-04-17 23:35:28.826362,0 days 00:00:11.698777,0.05096414243942536,0.9022417969897267,2,0.1851088983110621,0.022652641859077605,0.03334549039242079,0.024512804444588483,0.040539408226893454,0.09998745951122258,8.342279388418654e-05,9,34,0.08503035832392827,0.22107131363343385,True,False,True,1.889726807991411e-08,COMPLETE
1889,0.19124662876129153,2025-04-17 23:35:29.442548,2025-04-17 23:35:40.527858,0 days 00:00:11.085310,0.034084218986566966,0.9031066648537248,2,0.1830357409630396,0.017053669416811464,0.029728480565215924,0.023760536724251494,0.042807986995938775,0.09872270252640478,9.77832760018596e-05,8,35,0.08374533453883155,0.2274729400619381,True,True,False,1.157411250192371e-08,COMPLETE
1890,0.35909468531608585,2025-04-17 23:35:41.163469,2025-04-17 23:35:48.872068,0 days 00:00:07.708599,0.010239117783926416,0.896629649340665,16,0.18175161194193684,0.02357998939156067,0.031060719757169047,0.026416897668015655,0.040718157243288325,0.09833371655863309,8.330930905060292e-05,9,36,0.08407955980092448,0.22319458859357488,True,False,False,1.4647033928051272e-08,COMPLETE
1891,0.44657499194145206,2025-04-17 23:35:49.481536,2025-04-17 23:36:02.322079,0 days 00:00:12.840543,0.06619658230797501,0.8992616724640579,2,0.05450961295920061,0.02770702542770592,0.029819222458149414,0.025995657865171846,0.04286854358671322,0.09959835421257206,0.0001150750172133853,9,33,0.08186630506207927,0.21590239829753807,True,False,False,1.50768875110909e-08,COMPLETE
1892,0.45533205270767213,2025-04-17 23:36:02.954926,2025-04-17 23:36:15.891738,0 days 00:00:12.936812,0.04778396604206112,0.9026372788384742,2,0.18714008958663875,0.02166660196033771,0.03225815000465996,0.027563976899511552,0.04118934166079816,0.09748373759991787,0.00010985376324267787,9,37,0.08564815722891847,0.22961558218310196,True,False,False,1.6874844040531798e-08,COMPLETE
1893,0.45724290013313296,2025-04-17 23:36:16.529706,2025-04-17 23:36:28.808150,0 days 00:00:12.278444,0.03832069800194193,0.8809444591959377,2,0.18142264038377606,0.028761952179077753,0.02920224881717399,0.024284392020633823,0.04250898681371016,0.09806246493483593,9.391351650260145e-05,8,37,0.08588228906515787,0.2264288362047278,True,False,False,1.1762842698777295e-08,COMPLETE
1894,0.4513870477676392,2025-04-17 23:36:29.424448,2025-04-17 23:36:41.653433,0 days 00:00:12.228985,0.06537142681834354,0.8801990093595052,2,0.17876648391452465,0.015011066483382294,0.03360746324411436,0.022356400353041424,0.04390258521771133,0.09711550171668745,0.00012340188082186497,8,32,0.08490381530401535,0.22230244652857986,True,False,False,1.800340773524678e-08,COMPLETE
1895,0.09234625697135926,2025-04-17 23:36:42.294952,2025-04-17 23:36:55.196532,0 days 00:00:12.901580,0.029102385690717603,0.9053694553630701,2,0.19260430080310467,0.030523564345460014,0.028501667591903423,0.02603850251221223,0.043869365569049225,0.09928150020192093,9.986476284116822e-05,9,130,0.0825674686391039,0.2130656742151165,False,False,False,2.1505261731843474e-08,COMPLETE
1896,0.4521051943302155,2025-04-17 23:36:55.812143,2025-04-17 23:37:08.864003,0 days 00:00:13.051860,0.06177553052543172,0.8808530158120067,2,0.1878183183939028,0.024945064170981756,0.03133868588465334,0.027950447783036694,0.04157858009789979,0.09935257213920257,6.987254622018909e-05,9,37,0.08583690028569564,0.2299841537776718,True,False,False,1.3431057091282368e-08,COMPLETE
1897,0.45346416234970094,2025-04-17 23:37:09.499614,2025-04-17 23:37:22.456629,0 days 00:00:12.957015,0.04447492517633986,0.9043879153957411,2,0.17786794809961973,0.03246493800612006,0.034572217687338626,0.01913645240594659,0.043950401184273895,0.09968182742401843,0.0001335653087336558,9,35,0.08523839765271976,0.22074312303878127,True,False,False,2.4439181054806863e-08,COMPLETE
1898,0.3220625758171082,2025-04-17 23:37:23.078337,2025-04-17 23:37:35.472181,0 days 00:00:12.393844,0.06935890086114549,0.8764647290448655,2,0.18322396645394728,0.014953233748800383,0.03295778761380928,0.02792561850745267,0.04404836664301877,0.09972409551929753,8.283174098195007e-05,8,38,0.08086584251899351,0.20662745927504994,True,False,False,2.8527568431300452e-08,COMPLETE
1899,0.44752166867256166,2025-04-17 23:37:36.107245,2025-04-17 23:37:48.385222,0 days 00:00:12.277977,0.029721233962034597,0.8927218683902775,2,0.17165270489196532,0.023681224796392168,0.03466403289461736,0.02735637362464184,0.04285318806015067,0.09981968699230037,0.00011057950430468301,8,33,0.08273464015783939,0.21641581132839302,True,False,False,1.6508701672471203e-08,COMPLETE
1900,0.45126737952232365,2025-04-17 23:37:49.026851,2025-04-17 23:38:01.286629,0 days 00:00:12.259778,0.0478025798781454,0.8729037083808224,2,0.17513923350075422,0.26952051810267164,0.03176443032770954,0.024660866548513186,0.04471446980285514,0.09722986249494725,0.00012959307313306878,8,39,0.08251358226638203,0.23037700916052034,True,False,False,2.8272513911771998e-08,COMPLETE
1901,0.46360384821891787,2025-04-17 23:38:01.909371,2025-04-17 23:38:14.889417,0 days 00:00:12.980046,0.07186800436074284,0.8973838801626174,2,0.1877537866823155,0.03125677509227092,0.03549197178587511,0.027587290901746303,0.041684679801218975,0.09725501278111431,0.00010406217848509349,9,37,0.08611481037748549,0.22351400917934786,True,False,False,2.1420728413889762e-08,COMPLETE
1902,0.4278246104717255,2025-04-17 23:38:15.538395,2025-04-17 23:38:27.767939,0 days 00:00:12.229544,0.08300469251954798,0.9120565241136563,2,0.19191388891012578,0.02157607359481584,0.03611756912778337,0.027869953290294108,0.04195278632395155,0.09986613891527273,6.0227382233519444e-05,8,31,0.08630336836733075,0.2155600928891516,True,False,False,2.1589751736324646e-08,COMPLETE
1903,0.09234625697135926,2025-04-17 23:38:28.389315,2025-04-17 23:38:41.986844,0 days 00:00:13.597529,0.07894645331448862,0.9088878840946261,2,0.1976071731929108,0.02852137139827387,0.02989808933899985,0.02870545376589588,0.03775092044494479,0.09711072199320563,7.806541761621278e-05,9,146,0.08758844256582302,0.20968452030496784,True,False,False,2.8417738982403876e-08,COMPLETE
1904,0.42740824818611145,2025-04-17 23:38:42.626852,2025-04-17 23:38:50.698997,0 days 00:00:08.072145,0.0754078028315889,0.9171059364412352,8,0.19501748251327225,0.020580711516107072,0.03337582540253691,0.023583235988528923,0.04005535930888192,0.09983946628635156,0.002330850143388964,8,30,0.08666396493308123,0.22044551389021105,True,False,False,2.5212146958388625e-08,COMPLETE
1905,0.45442193150520327,2025-04-17 23:38:51.338516,2025-04-17 23:39:04.883168,0 days 00:00:13.544652,0.08306504608140305,0.9085086029485961,2,0.18861023648320885,0.03425193728099587,0.03806677318206289,0.028303627033048572,0.04011046050343024,0.09762458993043932,6.980027298970737e-05,10,36,0.08457236894192696,0.21135815562405738,True,False,False,3.36760274208024e-08,COMPLETE
1906,0.44810901284217836,2025-04-17 23:39:05.508959,2025-04-17 23:39:18.952839,0 days 00:00:13.443880,0.08491351972701044,0.9100160492326107,2,0.20179634756213394,0.027856245256257045,0.03200465441192708,0.028081178768052304,0.040402228298938435,0.09779331154875906,7.2390168742605e-05,10,32,0.08530362572994847,0.22269571375240685,True,False,False,1.5078588727901955e-08,COMPLETE
1907,0.20881482362747195,2025-04-17 23:39:19.593702,2025-04-17 23:39:31.807738,0 days 00:00:12.214036,0.06156173567347038,0.8978421956425551,2,0.1926301881764458,0.015986939772887107,0.028154800863293042,0.02181379363327104,0.03955096658757607,0.09701073290757395,9.675309202522978e-05,10,35,0.08696317676610521,0.21597617753207773,True,False,True,1.9183816582092916e-08,COMPLETE
1908,0.09234625697135926,2025-04-17 23:39:32.433852,2025-04-17 23:39:44.599076,0 days 00:00:12.165224,0.06667527787959937,0.8966765827995202,2,0.18677963347792514,0.03521023719174183,0.034219656544066036,0.02446129818659139,0.04101697440961911,0.09508887185004784,8.417419999416939e-05,10,33,0.08649881630492115,0.22368824044446792,True,True,False,3.258479572405666e-08,COMPLETE
1909,0.4516310393810272,2025-04-17 23:39:45.246536,2025-04-17 23:39:58.168020,0 days 00:00:12.921484,0.08717385201604214,0.8889771825369365,2,0.18781184922359734,0.025802493789799038,0.03140912739191902,0.026114750151617683,0.03757983591319039,0.09784955492960382,9.029102836117409e-05,9,34,0.08527273601330801,0.20406677006481885,True,False,False,2.508264161825493e-08,COMPLETE
1910,0.46331629753112796,2025-04-17 23:39:58.788008,2025-04-17 23:40:11.745285,0 days 00:00:12.957277,0.05927667636828629,0.9163490289061961,2,0.20050034239980594,0.03289211390464891,0.02663807906961515,0.02903643919962307,0.03848547512563642,0.09981748300213134,9.997102725105297e-05,9,37,0.08406408821164514,0.2089211451214214,True,False,False,2.1667807733974193e-08,COMPLETE
1911,0.4288523375988007,2025-04-17 23:40:12.390442,2025-04-17 23:40:25.391121,0 days 00:00:13.000679,0.06887127507822689,0.9045401772218514,2,0.20502354076151366,0.037279313773464245,0.02394461899713484,0.030127370329580416,0.03995449658701464,0.09576998428812217,6.924435951081595e-05,9,26,0.08303934930588266,0.1965707805654904,True,False,False,3.408931720555757e-08,COMPLETE
1912,0.44943479299545286,2025-04-17 23:40:26.019792,2025-04-17 23:40:38.990680,0 days 00:00:12.970888,0.09006742634603386,0.4939862132893854,2,0.2043527401875302,0.03698426875545232,0.038217235994620985,0.030582995927547773,0.0353195458455221,0.09765516890088695,7.824896255669672e-05,9,35,0.08423754665317011,0.19902810465244614,True,False,False,2.925649487791566e-08,COMPLETE
1913,0.3171514868736267,2025-04-17 23:40:39.635099,2025-04-17 23:40:51.198075,0 days 00:00:11.562976,0.09066211590952485,0.9172940558885101,2,0.19482807777860806,0.03189744226729642,0.026628586575787924,0.02938925218023994,0.03724067109059324,0.09524994874621667,5.532076793388302e-05,7,16,0.08219541270167026,0.2041568259308277,False,False,False,3.647897995664725e-08,COMPLETE
1914,0.3532576620578766,2025-04-17 23:40:51.824297,2025-04-17 23:40:59.545677,0 days 00:00:07.721380,0.06009975132520868,0.916850721423414,16,0.19854832874553835,0.021314757310177235,0.026279826137414013,0.028969242085081604,0.03628953981652947,0.09730126163963522,6.389704389449588e-05,9,38,0.08544436381886404,0.20843171247047762,True,False,False,2.3662037621345557e-08,COMPLETE
1915,0.4409174621105194,2025-04-17 23:41:00.194983,2025-04-17 23:41:13.052464,0 days 00:00:12.857481,0.07172935515489437,0.8861688470020535,2,0.19745848899328078,0.03559946735710366,0.039058490188164735,0.029199394211117696,0.03904906417986773,0.09468788122296952,8.349337522393732e-05,9,30,0.08325177049486077,0.2039931795778084,True,False,False,2.7336702634402812e-08,COMPLETE
1916,0.40858839154243476,2025-04-17 23:41:13.678203,2025-04-17 23:41:26.661251,0 days 00:00:12.983048,0.057528976172400284,0.9208426224680557,2,0.19288127109700742,0.026579703745156703,0.02287370932196861,0.026140700036316755,0.0385741746953761,0.09978135764816713,0.06956099912133522,9,37,0.0817034046116891,0.20815493323642412,True,False,False,2.1474609391409666e-08,COMPLETE
1917,0.4499629735946656,2025-04-17 23:41:27.323594,2025-04-17 23:41:40.334039,0 days 00:00:13.010445,0.08916776421594647,0.8812553982468573,2,0.2080441942413572,0.031587225044043904,0.036554042728110456,0.025316466035213443,0.04241203446672591,0.0975045339337804,9.451847012845254e-05,9,34,0.08646397408566892,0.2096885557776868,True,False,False,3.4060291051653696e-08,COMPLETE
1918,0.45716976523399355,2025-04-17 23:41:40.959307,2025-04-17 23:41:54.476782,0 days 00:00:13.517475,0.06987398866293901,0.8839723746386803,2,0.18878726312908742,0.038098981134690506,0.03967528998435958,0.02861810558410837,0.03604886438460923,0.0947304298421248,0.00010145316925676382,10,38,0.08097281311648576,0.19378947299042262,True,False,False,2.660983136616852e-08,COMPLETE
1919,0.42006154656410216,2025-04-17 23:41:55.124865,2025-04-17 23:42:08.657964,0 days 00:00:13.533099,0.0498928180791814,0.9237661980637101,2,0.18704299114668793,0.014194081040218772,0.02123945702597576,0.0302798465636557,0.03798562302490992,0.09637737413281133,7.898603170349731e-05,10,33,0.08339245695460566,0.2122380891915882,True,False,False,3.773954733894201e-08,COMPLETE
1920,0.4236978590488434,2025-04-17 23:42:09.282265,2025-04-17 23:42:22.194523,0 days 00:00:12.912258,0.08937352315633218,0.8728192711629511,2,0.19644091069824204,0.02582464966861946,0.038002018735199594,0.027016301782024393,0.03633840112846301,0.0943227693820437,0.00010626283032501651,9,22,0.07954802473193355,0.20185057268802892,True,False,False,2.0991410488535822e-08,COMPLETE
1921,0.4429877221584321,2025-04-17 23:42:22.843032,2025-04-17 23:42:35.153576,0 days 00:00:12.310544,0.05223197422392043,0.9142280808792218,2,0.1812186560342561,0.019923071819171845,0.04208816350507279,0.029257138191822202,0.035042174225718814,0.09689526554063632,9.206604932272074e-05,8,38,0.0856371087047764,0.21407874634307178,True,False,False,3.992057196384557e-08,COMPLETE
1922,0.46145963072776797,2025-04-17 23:42:35.775860,2025-04-17 23:42:48.096990,0 days 00:00:12.321130,0.09649340009753019,0.8927628203684762,2,0.18483364191835414,0.03776781203117743,0.025342091420579516,0.02600118571673635,0.04039554392565414,0.09811085690236848,0.00010786606386691051,8,39,0.08179950786463108,0.20705466571938805,True,False,False,3.062219876580557e-08,COMPLETE
1923,0.4311163544654847,2025-04-17 23:42:48.745849,2025-04-17 23:43:01.661525,0 days 00:00:12.915676,0.10143709836126968,0.8709744201754518,2,0.1909843607158695,0.04019682443897454,0.022962709406281593,0.02147803900334074,0.03793164919275489,0.09779744487385801,6.286693184269175e-05,9,36,0.0820074136548126,0.19992615798927535,True,False,False,2.7518159822188528e-08,COMPLETE
1924,0.45698453783988957,2025-04-17 23:43:02.288555,2025-04-17 23:43:15.237132,0 days 00:00:12.948577,0.09298955562736007,0.8967117198491843,2,0.19687643138892358,0.04009060782433247,0.03526803443767126,0.022460811026789835,0.03843328844597747,0.09970845456678323,8.144386356657566e-05,9,39,0.08299951171933567,0.20339324544685905,True,False,False,3.3270845483068165e-08,COMPLETE
1925,0.42227747440338137,2025-04-17 23:43:15.884778,2025-04-17 23:43:28.168341,0 days 00:00:12.283563,0.09396595742024919,0.8701831052302382,2,0.2156617031877515,0.038528931234532736,0.024487745581417652,0.024546924319408477,0.038708919128720556,0.09793178158756978,5.8157796480544075e-05,8,31,0.08343793571435408,0.1892521426364636,True,False,False,2.99474588627724e-08,COMPLETE
1926,0.20744796991348266,2025-04-17 23:43:28.817819,2025-04-17 23:43:36.548687,0 days 00:00:07.730868,0.07248648138291897,0.8883210091316699,8,0.1861571380894641,0.042411749473831396,0.026177098849119187,0.026287348624999145,0.036986803565724154,0.09793794698362757,7.32335925228295e-05,9,34,0.08066300676079355,0.19983170239601303,True,False,True,2.1761054917358076e-08,COMPLETE
1927,0.18084914386272433,2025-04-17 23:43:37.175960,2025-04-17 23:43:48.182059,0 days 00:00:11.006099,0.010992493149285042,0.9148127713031484,2,0.19114070586502319,0.035960705103146404,0.023471100978327716,0.024449115033202337,0.03870879010012701,0.09629593881358019,4.5356031124669015e-05,8,39,0.08585055784856958,0.20563455156677618,True,True,False,4.0198488243644114e-08,COMPLETE
1928,0.46098358631134034,2025-04-17 23:43:48.832922,2025-04-17 23:44:01.120515,0 days 00:00:12.287593,0.03208096478863172,0.8587473775879909,2,0.20323400851192952,0.04227919882402713,0.02763737628870424,0.020001344596101235,0.0417374936932152,0.09566044232110564,9.934666274407619e-05,8,39,0.08033326338373237,0.20768484924902694,True,False,False,2.4963533826493746e-08,COMPLETE
