number,value,datetime_start,datetime_complete,duration,params_alpha-eval,params_alpha-train,params_batch-size,params_eps-eval,params_eps-train,params_lambda-actions-eval,params_lambda-actions-train,params_lambda-frames-eval,params_lambda-frames-train,params_learning-rate,params_n-epochs,params_n-frames,params_radius-gw,params_rho,params_std-feats,params_ub-actions,params_ub-frames,params_weight-decay,state
1297,0.41715075969696047,2025-04-10 22:54:02.618821,2025-04-10 22:54:09.272268,0 days 00:00:06.653447,0.2861810823322765,0.12331179551727672,16,0.03541811353741124,0.011915582301709218,0.08456435567812108,0.07894316308300442,0.09092665809795414,0.033686215733888136,0.0001298784077171187,5,51,0.06404765857572213,0.18426519154374932,True,True,False,2.3324187393894109e-07,COMPLETE
1298,0.3824091851711273,2025-04-10 22:54:09.696128,2025-04-10 22:54:20.670520,0 days 00:00:10.974392,0.33653870155223065,0.025707846343478013,2,0.04728627564515636,0.02057093379347273,0.09087132688874226,0.07373699655644521,0.04035556325649257,0.030619925502798653,0.0001682668882593442,8,42,0.059746747128545906,0.03205800299546107,True,True,False,3.640571388806897e-08,COMPLETE
1299,0.4199767053127289,2025-04-10 22:54:21.092382,2025-04-10 22:54:27.871167,0 days 00:00:06.778785,0.21050560899131807,0.09222763971605713,16,0.03936970149368474,0.004686876946696818,0.08755615957559316,0.08579530187469588,0.04555131525517407,0.038089310454496754,0.00010268937015679087,6,38,0.05513872924013435,0.08178952894881587,True,True,False,3.9141565609447087e-07,COMPLETE
1300,0.3507173180580139,2025-04-10 22:54:28.292220,2025-04-10 22:54:35.069877,0 days 00:00:06.777657,0.30931916531664466,0.11086705955571212,16,0.05001189736968931,0.03193278707975021,0.09464670522361514,0.07723391011020111,0.09332442686632629,0.026881431744126855,6.23978161992966e-05,7,48,0.06997000679898262,0.02470740615096418,True,True,False,7.112404847226884e-08,COMPLETE
1301,0.43236024379730226,2025-04-10 22:54:35.494965,2025-04-10 22:54:42.198985,0 days 00:00:06.704020,0.2532659448381483,0.057271224344775995,16,0.0569873193740365,0.0004760117969422051,0.07772528541604538,0.07152253982333445,0.04958983754005173,0.022482010665689677,9.163345806814245e-05,5,54,0.07406116334942435,0.06355033752587175,True,True,False,4.418597319946134e-08,COMPLETE
1302,0.3246936917304993,2025-04-10 22:54:42.617038,2025-04-10 22:54:49.328743,0 days 00:00:06.711705,0.23361686146234406,0.03144275061872222,16,0.043807322319667615,0.015727074644779807,0.08112504945281064,0.06812634390182444,0.053923534304040247,0.022363374009772303,0.00011255534879289235,5,85,0.07626490188469519,0.04918274478553815,True,True,False,5.904254565464136e-06,COMPLETE
1303,0.25142341256141665,2025-04-10 22:54:49.754034,2025-04-10 22:54:56.389778,0 days 00:00:06.635744,0.22092966119379898,0.03931094313649963,16,0.05503040713842579,0.02443310568379481,0.07775008570768738,0.06577696914495061,0.047234897940973415,0.021058407581085337,8.974729282844219e-05,5,62,0.07606754400213935,0.01256888487504848,True,True,False,4.998301760967972e-08,COMPLETE
1304,0.2966281116008759,2025-04-10 22:54:56.805941,2025-04-10 22:55:03.680387,0 days 00:00:06.874446,0.24556745397739857,0.050099560091210096,8,0.04881736449401916,0.011457427134542838,0.07811941405149869,0.06800603663936955,0.04955332540526046,0.02274444657214896,7.436944252019954e-05,5,60,0.07446737606422492,0.04110346827613051,True,True,False,1.321003698399328e-07,COMPLETE
1305,0.3774060368537903,2025-04-10 22:55:04.099145,2025-04-10 22:55:10.826939,0 days 00:00:06.727794,0.2040231675638549,0.026208817038635368,16,0.032436777718435235,0.09070276097886143,0.07581294030871123,0.06942922655649375,0.05168991845400371,0.02425995073825224,0.00014208506213801567,5,58,0.07463141608854218,0.06096383243115791,True,True,False,9.531841872616978e-08,COMPLETE
1306,0.2550306081771851,2025-04-10 22:55:11.268351,2025-04-10 22:55:19.865111,0 days 00:00:08.596760,0.17353959762085264,0.05349286707187193,16,0.0428018133337705,0.019446530305004393,0.07792512365381044,0.06995705622001228,0.055208491987232586,0.019637706241599114,0.00010578971261877147,24,58,0.07444721816794263,0.052935213930986616,True,True,False,2.417378272347588e-08,COMPLETE
1307,0.3390607595443726,2025-04-10 22:55:20.291256,2025-04-10 22:55:26.899935,0 days 00:00:06.608679,0.24512716113209548,0.012167364636324868,16,0.05515324155984839,0.037685727743726236,0.07943536906305959,0.027513268427407686,0.04895580279544757,0.01829839926766054,5.223674894096961e-05,5,56,0.07257128635184185,0.07598687667939341,True,True,False,1.6655122814419097e-07,COMPLETE
1308,0.42297652363777166,2025-04-10 22:55:27.323105,2025-04-10 22:55:33.987825,0 days 00:00:06.664720,0.22360776878187633,0.057287662269121124,16,0.026892315237890867,0.0054420737032847485,0.07509995042137148,0.07153008543734972,0.04754882033309385,0.021665938262602023,7.692920095793062e-05,5,53,0.07137551519526922,0.06519070470733207,True,True,False,7.487031473556539e-08,COMPLETE
1309,0.26269759535789494,2025-04-10 22:55:34.415941,2025-04-10 22:55:42.723760,0 days 00:00:08.307819,0.01310808331539176,0.03951142045537281,16,0.039302602473174963,0.027887071751420075,0.080445370066759,0.0675813717844369,0.05127752005532237,0.02466855792296174,9.010792365939797e-05,23,55,0.07264046529373265,0.03744405847610795,True,True,False,9.207865933676525e-06,COMPLETE
1310,0.41462370753288275,2025-04-10 22:55:43.149485,2025-04-10 22:55:49.797472,0 days 00:00:06.647987,0.258824638796719,0.0701023307451627,16,0.04734695333610309,0.010615588208816465,0.07998384830303336,0.07144700199405846,0.05134021470004602,0.020521724548283805,0.0001234539874807124,5,54,0.07387982516190389,0.045932021934357026,True,True,False,1.1021669531734536e-07,COMPLETE
1311,0.09234625697135926,2025-04-10 22:55:50.221417,2025-04-10 22:55:56.808319,0 days 00:00:06.586902,0.20866621303098434,0.06102306298969787,16,0.05045661871682372,0.018837408636887532,0.07586493121011646,0.08409684234397702,0.054377068615901636,0.023491222758816342,6.45798952546396e-05,5,53,0.07261608077616845,0.05822994285921236,True,True,True,6.515960468480802e-08,COMPLETE
1312,0.19761225581169128,2025-04-10 22:55:57.235350,2025-04-10 22:56:04.103280,0 days 00:00:06.867930,0.23172634817201337,0.026453105512560415,16,0.03589868676190595,0.014964567973298953,0.07744278891737229,0.06956398475120534,0.04849929735556498,0.01732291520365384,4.655951297541608e-05,5,59,0.07492199500324732,0.052415624697871796,False,False,False,4.3411982270703835e-08,COMPLETE
1313,0.4193720281124115,2025-04-10 22:56:04.523256,2025-04-10 22:56:11.257953,0 days 00:00:06.734697,0.18847712243870546,0.057502731672050285,16,0.055148099856134655,0.004698977337374511,0.07913642702502857,0.07301872375343595,0.046964657112395614,0.02531136236044096,9.843274038694503e-05,5,56,0.07340592512891804,0.07094384395264675,True,True,False,3.122527894673343e-07,COMPLETE
1314,0.21830846071243287,2025-04-10 22:56:11.679771,2025-04-10 22:56:19.649234,0 days 00:00:07.969463,0.25866209702267406,0.0767471318373771,16,0.041088676663887894,0.021044231759583025,0.08053684455472816,0.06559781022338061,0.06098150124188512,0.02130202319652089,7.219841964164163e-05,19,54,0.07002524804811452,0.044370484401082315,True,True,False,1.9685754566486138e-07,COMPLETE
1315,0.3042695462703705,2025-04-10 22:56:20.091756,2025-04-10 22:56:26.820833,0 days 00:00:06.729077,0.2426596852140901,0.04687717338253944,16,0.02131922031081119,0.029677505961199127,0.07375677609984442,0.07128934764458708,0.0510606072590714,0.023253119010780143,0.00016657525506311974,5,51,0.07326957048965757,0.06404179435821047,True,True,False,1.4308612803409422e-07,COMPLETE
1316,0.23670676946640015,2025-04-10 22:56:27.248648,2025-04-10 22:56:33.983716,0 days 00:00:06.735068,0.223056468179441,0.0721612022705296,16,0.013400763571923782,0.10997495740524275,0.08207109842845453,0.030952233727035098,0.04575119605577873,0.02616364451291878,0.04117441151125212,6,56,0.07036932799961208,0.034736456352683596,True,True,False,5.2138987831340226e-08,COMPLETE
1317,0.4140150129795075,2025-04-10 22:56:34.411101,2025-04-10 22:56:41.041333,0 days 00:00:06.630232,0.266613327776498,0.08486648928061918,16,0.030319934061780896,0.07010571256309968,0.08283847979127382,0.0822789825955509,0.04945535035133201,0.019632984456773646,5.8796279229449415e-05,5,65,0.07744904760330143,0.05554895653896556,True,True,False,3.1690150297313636e-08,COMPLETE
1318,0.3524239838123322,2025-04-10 22:56:41.468736,2025-04-10 22:56:48.090626,0 days 00:00:06.621890,0.2502011823679774,0.03245319177765273,16,0.05815973322489522,0.010993672992889125,0.0816498332926708,0.0798121506652686,0.044087998238311416,0.022309793414535675,8.884694177788397e-05,5,60,0.07579606247720917,0.04821524472297292,True,True,False,8.94656159605011e-08,COMPLETE
1319,0.17195967733860015,2025-04-10 22:56:48.518090,2025-04-10 22:56:55.192931,0 days 00:00:06.674841,0.19903234854296734,0.06569767073757006,16,0.04493414614103047,0.024417390068370227,0.07771405750703603,0.06873450907485279,0.049627062611666585,0.0182487205891523,0.07547006492945789,6,51,0.0704384827512516,0.04058651730874033,True,True,False,2.5510661894929426e-07,COMPLETE
1320,0.18022515773773193,2025-04-10 22:56:55.616967,2025-04-10 22:57:02.209880,0 days 00:00:06.592913,0.23228145520691487,0.04501060154590184,16,0.04924527115983124,0.01527898806828015,0.08201643870290883,0.06312574060516675,0.044779466231978524,0.02737936532757617,0.0005802009677178382,5,53,0.06900233916610314,0.02946315144604251,True,True,False,1.2297011513006436e-07,COMPLETE
1321,0.3082231283187866,2025-04-10 22:57:02.634709,2025-04-10 22:57:09.384350,0 days 00:00:06.749641,0.27207475915335355,0.08592103497288671,16,0.03608667647046768,0.04245429018572336,0.07966113277067201,0.07237678069109182,0.05793505939941304,0.02483139520250498,0.00011617480390964505,6,51,0.052624772173514064,0.06052505750003381,True,True,False,2.4586933175748374e-08,COMPLETE
1322,0.14594547748565675,2025-04-10 22:57:09.806199,2025-04-10 22:57:19.132060,0 days 00:00:09.325861,0.21097301992998235,0.07329516815679693,2,0.04458287815579834,0.004165523620903577,0.08362101399841662,0.07532057346302912,0.04191668817758389,0.02007085564224665,0.00014042303590494447,5,48,0.07233761530975237,0.019060603862729977,True,True,False,3.718006414301954e-08,COMPLETE
1323,0.41853236556053164,2025-04-10 22:57:19.580185,2025-04-10 22:57:26.330781,0 days 00:00:06.750596,0.25413310264319433,0.0928643084017358,16,0.060011459962353,0.00039296286104908203,0.08360842124548681,0.08147499455710498,0.046220834015248215,0.015461082694213747,7.709158817431856e-05,6,50,0.068194646077451,0.08910814077314538,True,True,False,1.6224840796090915e-07,COMPLETE
1324,0.09234625697135926,2025-04-10 22:57:26.765617,2025-04-10 22:57:33.375299,0 days 00:00:06.609682,0.18041157335500446,0.9323291993167044,16,0.05212191799781267,0.010271294569590595,0.00951881363130648,0.07425500697794664,0.042605221203544395,0.011638116840934335,0.010626367197027224,6,57,0.07093769727629375,0.05239801271014292,True,True,False,2.2233978009381506e-06,COMPLETE
1325,0.4158314883708954,2025-04-10 22:57:33.806699,2025-04-10 22:57:40.432645,0 days 00:00:06.625946,0.295322351092167,0.05140466132935492,16,0.032903297160937844,0.03444467708754899,0.08108155279638375,0.07804276464323959,0.047875024857790494,0.023394235393552502,0.00010131979900471121,5,49,0.054319139501512015,0.07381353798543046,True,True,False,6.450109047645475e-08,COMPLETE
1326,0.2760516345500946,2025-04-10 22:57:40.861428,2025-04-10 22:57:47.963854,0 days 00:00:07.102426,0.7810352259450823,0.09372629558966944,8,0.03971533725273704,0.00013439057079530324,0.08295101926608725,0.07067162845387932,0.044215193896872056,0.026783544577016687,5.8249375733687244e-05,6,63,0.05705317987257914,0.06497455201879901,True,True,False,9.434796525258142e-08,COMPLETE
1327,0.4109459757804871,2025-04-10 22:57:48.395902,2025-04-10 22:57:55.027112,0 days 00:00:06.631210,0.14163808452603824,0.02220733435438952,16,0.025536636854284773,0.0243405501754973,0.07670371515842479,0.07606388749241633,0.05658181119185951,0.02857815366112417,8.603540574008644e-05,5,54,0.06697486446344443,0.04520948114081261,True,True,False,1.1667330483165343e-07,COMPLETE
1328,0.29322726726531984,2025-04-10 22:57:55.453555,2025-04-10 22:58:01.831974,0 days 00:00:06.378419,0.23638398685539888,0.06850607832082456,16,0.051214509882751044,0.015964589110061846,0.08454958807899317,0.0673041104347322,0.05227159291013019,0.021602588819938595,6.83767196109486e-05,6,7,0.05780407060393007,0.057762100842229616,True,True,False,2.0447821239151778e-07,COMPLETE
1329,0.37550404071807864,2025-04-10 22:58:02.259739,2025-04-10 22:58:08.876200,0 days 00:00:06.616461,0.2773624246931145,0.36985072877068004,16,0.0436650929405369,0.021868092865352472,0.0960196408196174,0.0732336442092554,0.04027114586441123,0.01741410850167207,0.00010173030120602963,5,47,0.05562408884289672,0.039458347067962,True,True,False,1.0383719774561575e-06,COMPLETE
1330,0.16780663430690768,2025-04-10 22:58:09.303919,2025-04-10 22:58:16.067100,0 days 00:00:06.763181,0.21308255316279395,0.10210113281546608,16,0.0576719423611597,0.05988719553703106,0.08074648029991748,0.08013530368907844,0.042541395253018276,0.02572284042543967,0.00012428023877719137,7,51,0.07148969484722155,0.06846648239939263,False,True,True,7.686717908928423e-08,COMPLETE
1331,0.3997115850448609,2025-04-10 22:58:16.496461,2025-04-10 22:58:23.524357,0 days 00:00:07.027896,0.3241037018812322,0.04324369289898068,16,0.06569367624783382,0.009331168984796396,0.07883337387090925,0.07808790135506861,0.045759787005246334,0.02331660857868686,8.26139112149677e-05,6,46,0.06742005605866846,0.048954970633749886,True,False,False,5.054771807313289e-08,COMPLETE
1332,0.4141822695732117,2025-04-10 22:58:23.970865,2025-04-10 22:58:30.670271,0 days 00:00:06.699406,0.2542593005861566,0.07876484072760725,16,0.03608722442796938,0.029799405524210083,0.08515896522161774,0.08382148251744097,0.0387769907012341,0.019394731428062497,5.0396600858552044e-05,5,78,0.0591568570914349,0.054377535744097136,True,True,False,1.575375396712218e-07,COMPLETE
1333,0.2544001638889313,2025-04-10 22:58:31.108253,2025-04-10 22:58:37.886659,0 days 00:00:06.778406,0.29656219595207267,0.1574068737124515,16,0.047047350496394975,0.017526923410992067,0.09906102354343327,0.05892276042259629,0.04125774506210289,0.027704586361042633,0.00020073934265230965,6,53,0.057305875858490805,0.035097842016825545,True,True,False,1.3034850559685959e-05,COMPLETE
1334,0.3100927233695984,2025-04-10 22:58:38.321389,2025-04-10 22:58:44.927468,0 days 00:00:06.606079,0.5401919514694695,0.12178113971089992,16,0.022864574050830887,0.009400284862351801,0.08393468031432415,0.0700503231486356,0.04365428026651373,0.02509184988262398,6.783859923507037e-05,5,49,0.07441841617963477,0.043408605627561075,True,True,False,4.882127509759428e-07,COMPLETE
1335,0.38526780605316163,2025-04-10 22:58:45.360405,2025-04-10 22:58:52.126589,0 days 00:00:06.766184,0.2749821726123082,0.0643022354683405,16,0.05314594550020788,0.024164740549218425,0.09640875348697713,0.023876903242470236,0.07139271045311807,0.016184954905990947,0.00010998124245067899,6,44,0.06093554398866061,0.06123164183275845,True,True,False,1.1112311685711582e-07,COMPLETE
1336,0.2429996490478516,2025-04-10 22:58:52.556496,2025-04-10 22:58:59.456994,0 days 00:00:06.900498,0.22878586288043626,0.09054744990456624,16,0.030208976815649605,0.01672057087732569,0.08149799872229699,0.07475120390090746,0.05315656687153437,0.021340950349454754,0.0001441730636273035,8,56,0.07743864360423111,0.027880053580647043,True,True,False,3.8668548572881676e-08,COMPLETE
1337,0.3402057707309723,2025-04-10 22:58:59.886057,2025-04-10 22:59:06.642825,0 days 00:00:06.756768,0.16612486121260858,0.14017504239675568,16,0.04330055054414509,0.03637873388012986,0.08620078330051967,0.07647317197161965,0.04011838253292878,0.047137731431196796,8.828144157524915e-05,7,28,0.06477701879265955,0.05134742043141789,True,True,False,2.937802765107994e-08,COMPLETE
1338,0.40873565673828127,2025-04-10 22:59:07.073019,2025-04-10 22:59:13.809168,0 days 00:00:06.736149,0.20080458494192083,0.10746913360582955,16,0.058781005769048135,0.008216560322693389,0.09347433121030735,0.07246341341634911,0.03798665964932179,0.02950106497140507,7.307503367943932e-05,6,60,0.06768520563275571,0.06886816969431575,True,True,False,6.296046114368422e-08,COMPLETE
1339,0.40054392218589785,2025-04-10 22:59:14.261775,2025-04-10 22:59:20.886412,0 days 00:00:06.624637,0.338686188550124,0.045488071739946095,16,0.03924607269453598,0.027515284066182637,0.0836039678868538,0.07848496894500327,0.09463113229572259,0.013651948665354172,5.840897177436184e-05,5,46,0.04940472643952245,0.06145212678366514,True,True,False,8.405728138889589e-08,COMPLETE
1340,0.3840337574481964,2025-04-10 22:59:21.320789,2025-04-10 22:59:27.875286,0 days 00:00:06.554497,0.2499944052861105,0.07317565398119148,16,0.04837638072084343,0.014494988641643556,0.07876497663876422,0.08087792581469097,0.08946215049065999,0.018845718838011248,0.00010330951048410981,5,35,0.05475133574907891,0.0741376035132555,True,True,False,1.4263390881025548e-07,COMPLETE
1341,0.39838628768920903,2025-04-10 22:59:28.318482,2025-04-10 22:59:35.020680,0 days 00:00:06.702198,0.30472574900060617,0.09536707393686394,16,0.032943530729819114,0.021949449630693625,0.08573999829930001,0.07154437645619374,0.043047791593939,0.023809170590949766,0.00012273206293727666,6,41,0.06244319803807317,0.08103658796521138,True,True,False,4.491933884058779e-08,COMPLETE
1342,0.24354366660118104,2025-04-10 22:59:35.454581,2025-04-10 22:59:45.922271,0 days 00:00:10.467690,0.27772759899793303,0.12296282682842616,2,0.054099167553407615,0.006273466563923673,0.06862782021509933,0.07437324814171799,0.04992142867738862,0.04362544568296928,1.3530714633314048e-05,7,49,0.05897450934655901,0.0397509454456353,True,True,False,2.2952786138034182e-07,COMPLETE
1343,0.4275623679161072,2025-04-10 22:59:46.353432,2025-04-10 22:59:53.020645,0 days 00:00:06.667213,0.23140653955830318,0.05910563865294047,16,0.018657944810650463,0.019397172066309566,0.06330720536128878,0.07647349748615666,0.04702515548793963,0.026933608235306262,8.430412389656363e-05,5,44,0.0661199935744683,0.058406996844040035,True,True,False,1.8108327077610456e-07,COMPLETE
1344,0.3204528272151947,2025-04-10 22:59:53.451210,2025-04-10 23:00:00.919216,0 days 00:00:07.468006,0.1870330528464294,0.025952315264068562,16,0.04507654415129004,0.03123100296735734,0.08280906338767338,0.06907958955125033,0.04477940568462264,0.021564317501532593,4.238983395158703e-05,13,52,0.06886482005727369,0.04753911090266143,True,True,False,2.4942859114922616e-08,COMPLETE
1345,0.29773409366607667,2025-04-10 23:00:01.351598,2025-04-10 23:00:10.128427,0 days 00:00:08.776829,0.26424941777826527,0.08299389601620556,16,0.0650108763015707,0.01493709372904205,0.09271348176750338,0.07879762848777834,0.09209772686102033,0.025384581659391992,7.2041017772794e-05,27,46,0.0605368884524609,0.053417592052945176,True,True,False,5.6960955634582716e-08,COMPLETE
1346,0.41923300027847293,2025-04-10 23:00:10.560872,2025-04-10 23:00:17.311594,0 days 00:00:06.750722,0.2424261789450011,0.1062360360165771,16,0.03940536862996263,0.010403145769312845,0.09767776629721231,0.07344948217947256,0.04117081260412502,0.028576862978628947,0.00010389807074522271,6,40,0.06346135542084912,0.11347804004139539,True,True,False,9.633729423687589e-08,COMPLETE
1347,0.32766839265823366,2025-04-10 23:00:17.770043,2025-04-10 23:00:24.361827,0 days 00:00:06.591784,0.9584662071355319,0.12267913259016729,16,0.05082028542335265,0.025713677393437114,0.09533715230497149,0.08292130051230048,0.036406868789237344,0.01725977563338663,8.814282363457439e-05,5,21,0.05662992153365375,0.06610180581954707,True,True,False,2.890835828595434e-07,COMPLETE
1348,0.3832656025886536,2025-04-10 23:00:24.794729,2025-04-10 23:00:32.018138,0 days 00:00:07.223409,0.28971672687680705,0.010748891620534048,8,0.026631958195617624,0.020727717823417063,0.04106813703985396,0.0652281195319315,0.039507833600956214,0.02005787746474487,0.00013491747036207123,7,43,0.06527076253372795,0.034309684543998936,True,True,False,1.389252090722208e-07,COMPLETE
1349,0.2423253357410431,2025-04-10 23:00:32.456665,2025-04-10 23:00:39.246520,0 days 00:00:06.789855,0.21637523692237887,0.058339683364230954,16,0.059851267199105475,0.004434833766670825,0.08525985064687776,0.07512032597003085,0.042841850088007276,0.022338164610271563,6.143339078510075e-05,6,50,0.05346968470782171,0.28452525904889875,True,False,True,3.737225127649775e-08,COMPLETE
1350,0.4127632975578308,2025-04-10 23:00:39.688093,2025-04-10 23:00:46.318224,0 days 00:00:06.630131,0.2538713233807728,0.14823660191173454,16,0.03787578341089147,0.0006200160046905476,0.0816794023644626,0.07081703433635567,0.04148053191490978,0.024345789581724234,5.002743308508407e-05,5,37,0.07133246725686866,0.04567078799265951,True,True,False,7.392994867886689e-08,COMPLETE
1351,0.17396512627601624,2025-04-10 23:00:46.754500,2025-04-10 23:00:53.387323,0 days 00:00:06.632823,0.3066054066312077,0.08242212956850675,16,0.04704557783910861,0.013781666134764111,0.08951376523198064,0.07993095793376673,0.037931684695394485,0.030531951327144456,0.00038525159028672594,6,46,0.060604781905896174,0.05690989967151241,False,True,False,1.1038284904539525e-07,COMPLETE
1352,0.3559591114521027,2025-04-10 23:00:53.819792,2025-04-10 23:01:00.656434,0 days 00:00:06.836642,0.2813438462631417,0.10942822467047725,16,0.05500790388654672,0.04714301634382219,0.0869603052876611,0.0855555273092018,0.0464255757851913,0.02635419692027028,0.0012600996377411797,7,32,0.06203616554150005,0.21936504786430955,True,True,False,5.2650185735382445e-08,COMPLETE
