number,value,datetime_start,datetime_complete,duration,params_alpha-eval,params_alpha-train,params_batch-size,params_eps-eval,params_eps-train,params_lambda-actions-eval,params_lambda-actions-train,params_lambda-frames-eval,params_lambda-frames-train,params_learning-rate,params_n-epochs,params_n-frames,params_radius-gw,params_rho,params_std-feats,params_ub-actions,params_ub-frames,params_weight-decay,state
398,0.4255115747451782,2025-04-10 21:05:07.654584,2025-04-10 21:05:14.434163,0 days 00:00:06.779579,0.35100520417498815,0.166729926184616,16,0.03267084611864128,0.04540863975243596,0.09616352135634008,0.06396877562460213,0.08765094117796886,0.0466107134720229,6.350163819237564e-05,7,37,0.07137468564716491,0.036373458280381195,True,True,False,5.183855217002901e-07,COMPLETE
399,0.3085823476314545,2025-04-10 21:05:14.569728,2025-04-10 21:05:21.396760,0 days 00:00:06.827032,0.2996468354696606,0.16919467818442385,16,0.030070434895329234,0.062180642328038334,0.09015118544404875,0.06498214462401236,0.08482048437958528,0.045624473799497633,9.394229006348863e-05,8,30,0.07554477371879507,0.0310991787130615,True,True,False,4.969563675895442e-07,COMPLETE
400,0.392174381017685,2025-04-10 21:05:21.521674,2025-04-10 21:05:28.335837,0 days 00:00:06.814163,0.42007126268178463,0.20351695418530716,16,0.03702091481821144,0.048209660880546776,0.09265636305513753,0.062455369323690085,0.08697256497804376,0.043563389088439236,8.197885155280109e-05,7,36,0.07174779155489548,0.03426972765846982,True,True,False,8.536448997929584e-07,COMPLETE
401,0.3712984502315521,2025-04-10 21:05:28.463785,2025-04-10 21:05:35.251415,0 days 00:00:06.787630,0.3437269017990108,0.18364737956159508,16,0.02988537808942247,0.044004960453307235,0.09520311775576472,0.06084478920290062,0.08306824860717456,0.046985221673628674,6.677896161572828e-05,7,25,0.06827437736467289,0.03881963938190723,True,True,False,4.029156576732857e-07,COMPLETE
402,0.3756926000118256,2025-04-10 21:05:35.389766,2025-04-10 21:05:42.225129,0 days 00:00:06.835363,0.3241448131686428,0.1537629081335753,16,0.02007703729097212,0.048972696851054584,0.096280492451808,0.06652474829563579,0.08018148783803775,0.048675864763899096,6.129476114906614e-05,8,38,0.07727574456214914,0.02535247603116241,True,True,False,5.900605650771763e-07,COMPLETE
403,0.34642634987831117,2025-04-10 21:05:42.356423,2025-04-10 21:05:49.061406,0 days 00:00:06.704983,0.3919707214520749,0.22045064619268567,16,0.03535245674990804,0.054874511750746785,0.09321007078687964,0.06776612059087225,0.08767273966139424,0.04432838815503446,8.048219678127244e-05,7,33,0.07361851375565005,0.041686163971987066,True,True,False,7.184613468011943e-07,COMPLETE
404,0.10604721903800965,2025-04-10 21:05:49.188762,2025-04-10 21:05:55.743395,0 days 00:00:06.554633,0.3664018624304591,0.17089396056767026,16,0.17359973661685102,0.039066422974366334,0.09993005928488222,0.06957661330669743,0.09081295735225371,0.04253424604398023,9.92374988684065e-05,6,40,0.07066268644873591,0.030468116469372118,True,True,False,2.6468578321083807e-07,COMPLETE
405,0.27929667830467225,2025-04-10 21:05:55.870845,2025-04-10 21:06:06.206011,0 days 00:00:10.335166,0.2835821086259936,0.15400848135338158,2,0.02422093898594345,0.04312689694054434,0.09609664232404419,0.0714959629240859,0.08545207328837454,0.0402928799697989,4.2411233309863966e-05,7,36,0.06748292434321561,0.04537531194870899,True,True,False,3.5756017322704366e-07,COMPLETE
406,0.3950278222560883,2025-04-10 21:06:06.347820,2025-04-10 21:06:13.043184,0 days 00:00:06.695364,0.3167680107725655,0.19307010049008008,16,0.043570758331622245,0.03510349901769612,0.09411116616124504,0.06552564535530762,0.08314619724840257,0.046872282724806036,6.436576156910789e-05,6,48,0.06588912851917822,0.03667546664825819,True,True,False,2.0346327416765698e-07,COMPLETE
407,0.20194218754768373,2025-04-10 21:06:13.169403,2025-04-10 21:06:19.777159,0 days 00:00:06.607756,0.3439402191111977,0.1384567374229213,16,0.033652685862314194,0.03767482461440346,0.05093952194394863,0.06385928641451477,0.09614894626524247,0.05036984537566673,5.110760883793227e-05,5,42,0.07398067556301323,0.04829744054318195,False,False,True,1.6330981171118787e-07,COMPLETE
408,0.4188067495822907,2025-04-10 21:06:19.904324,2025-04-10 21:06:27.014456,0 days 00:00:07.110132,0.37234021534422684,0.182606943948262,8,0.04808889872110357,0.015053350545796235,0.09794569733021541,0.06792226680586748,0.09257539516189184,0.05338058605935143,3.43249301141461e-05,7,38,0.07013481500610817,0.04162967288690468,True,True,False,4.774828433133553e-07,COMPLETE
409,0.22511712312698365,2025-04-10 21:06:27.153430,2025-04-10 21:06:33.804693,0 days 00:00:06.651263,0.433747674444367,0.16185793992695063,16,0.039527443813648866,0.030999806346935235,0.09136550620278464,0.07491639813658987,0.08823256970224756,0.06409117220826671,0.0001265519876684651,6,43,0.06330938465061643,0.02114319304870433,True,True,False,2.989006080363282e-07,COMPLETE
410,0.42578336000442507,2025-04-10 21:06:33.933344,2025-04-10 21:06:40.800529,0 days 00:00:06.867185,0.29757760959971913,0.1286897765553741,16,0.029539187415595497,0.0442789579523504,0.09672553492674969,0.0534126729450495,0.07920199400004813,0.04500992548126795,2.9243815826060144e-05,8,46,0.08060893548415396,0.03476762874452736,True,True,False,1.0297505767728574e-08,COMPLETE
411,0.2949510276317597,2025-04-10 21:06:40.931507,2025-04-10 21:06:47.802790,0 days 00:00:06.871283,0.2594812114762822,0.1223594732901109,16,0.02828330410084173,0.05267803290044758,0.09445525504462125,0.051220323007928226,0.07927851539988591,0.042484441335111735,3.368800513479471e-05,8,51,0.08111840595404565,0.007921098472585646,True,True,False,1.0679802392489857e-08,COMPLETE
412,0.38657788634300233,2025-04-10 21:06:47.945219,2025-04-10 21:06:54.511818,0 days 00:00:06.566599,0.27859313653604,0.2841456653916866,16,0.0219635706062894,0.04809700030801193,0.09156282443430329,0.05637195574593061,0.07622193960596965,0.04482534507601174,2.9531637047849462e-05,5,47,0.06905114804982916,0.01433196410337298,True,True,False,1.0215305784225936e-08,COMPLETE
413,0.11582988500595093,2025-04-10 21:06:54.644068,2025-04-10 21:07:01.320166,0 days 00:00:06.676098,0.29966261666174604,0.21678482078891242,16,0.032075749639267605,0.04516176054527717,0.09650823022045671,0.04633266218775257,0.08308846617345049,0.04754334839776904,0.0005769803021873805,6,54,0.012970544308580391,0.025986234192515632,True,True,False,1.3857975428645347e-08,COMPLETE
414,0.3644829988479614,2025-04-10 21:07:01.452052,2025-04-10 21:07:08.059265,0 days 00:00:06.607213,0.3121902468364374,0.0454579330129805,16,0.025516494158661605,0.05756423266353902,0.08696612670470105,0.05567686407103791,0.07863512625684994,0.04440599627403808,2.8376489420085494e-05,5,46,0.08359561978061665,0.03591144409759083,True,True,False,1.6812281804855652e-08,COMPLETE
415,0.3997279286384583,2025-04-10 21:07:08.201277,2025-04-10 21:07:14.862946,0 days 00:00:06.661669,0.23602091518214854,0.2379007994244113,16,0.03554807713576016,0.04231929332345443,0.09367966338937592,0.05339913206952338,0.0800587121326788,0.049453950217771436,3.9565615966646184e-05,6,50,0.072046988678002,0.031044892497524953,True,True,False,1.235056250915807e-08,COMPLETE
416,0.4276195585727692,2025-04-10 21:07:14.993318,2025-04-10 21:07:21.748425,0 days 00:00:06.755107,0.29539439754706376,0.1765297665185268,16,0.028949235460439416,0.038020755642809476,0.09593710865628093,0.05416553960033724,0.08104110443197293,0.041440132558659346,4.6457342150151946e-05,7,45,0.06602433458381636,0.04865460101516036,True,True,False,1.531105388524214e-08,COMPLETE
417,0.41212202906608586,2025-04-10 21:07:21.877996,2025-04-10 21:07:28.654595,0 days 00:00:06.776599,0.26224707159009847,0.19575003316019873,16,0.016879569605155083,0.038752629333410005,0.09528327323191094,0.052043631648051855,0.07802196143998892,0.041051173938732914,2.7489297275941013e-05,6,49,0.06552047356427139,0.04654665509227719,True,True,False,1.856335463193417e-08,COMPLETE
418,0.4279417932033539,2025-04-10 21:07:28.799314,2025-04-10 21:07:35.711131,0 days 00:00:06.911817,0.27880742359277033,0.17483486950477303,16,0.026719460824572765,0.034460106629188865,0.0901352690709755,0.053234148792199704,0.07620760891673135,0.03870074378979394,4.432076321282296e-05,8,46,0.06393915417284038,0.04985736839934415,True,True,False,1.5904808332923022e-08,COMPLETE
419,0.42186679840087893,2025-04-10 21:07:35.841368,2025-04-10 21:07:42.690704,0 days 00:00:06.849336,0.27417423832969773,0.20420430612854784,16,0.013134038928219856,0.035034952674489576,0.08836621956739185,0.049785549414705366,0.07490371034405564,0.04168130835236316,3.6796575520818534e-05,8,45,0.06727210950709887,0.05343563885779485,True,True,False,1.5733279215748396e-08,COMPLETE
420,0.4248479723930359,2025-04-10 21:07:42.823029,2025-04-10 21:07:49.831351,0 days 00:00:07.008322,0.2858791575924156,0.18276849487547253,16,0.022918235952512904,0.023407125094546753,0.09075600713368241,0.053194566772486414,0.07698863618712128,0.036923035927374004,4.6677155731246164e-05,9,44,0.06360754367337608,0.06178443968651462,True,True,False,1.4042191423399264e-08,COMPLETE
421,0.2002044200897217,2025-04-10 21:07:49.975788,2025-04-10 21:07:56.920388,0 days 00:00:06.944600,0.25436516333217246,0.1293696795025323,16,0.01832932352340715,0.04279934116899198,0.08944633036846737,0.05372404881035623,0.08113761035811502,0.04463907785297276,0.00016017558587844505,8,48,0.06881828169439316,0.044540544728068544,True,True,False,1.6142662699262374e-08,COMPLETE
422,0.41925965547561644,2025-04-10 21:07:57.052776,2025-04-10 21:08:04.354605,0 days 00:00:07.301829,0.23646331973348017,0.9081450982293728,16,0.026651830148727528,0.005359622845403353,0.09228779863837408,0.0550005066905041,0.07339211147513647,0.039441500160056535,3.176403697015813e-05,8,135,0.0672712973583376,0.05065827749671631,True,True,False,1.0032878289376477e-08,COMPLETE
423,0.4149354815483094,2025-04-10 21:08:04.486635,2025-04-10 21:08:11.298317,0 days 00:00:06.811682,0.29418588683282587,0.22107406807845426,16,0.02933221000337164,0.019697974481791905,0.09298803558082343,0.05028148658636101,0.07844949741374974,0.046123970951781695,4.224376009094592e-05,7,53,0.06284159049854504,0.03955273955606103,True,True,False,1.91406407938824e-08,COMPLETE
424,0.3774178743362427,2025-04-10 21:08:11.444500,2025-04-10 21:08:18.197647,0 days 00:00:06.753147,0.2672298604458696,0.1542084756945254,16,0.018541063317207084,0.03622262692769204,0.0904231999212204,0.0549113759528723,0.07546685905423295,0.042893074559102046,9.727098701403075e-05,7,42,0.06982202788043687,0.05698318600954887,True,True,False,1.3333811415300826e-08,COMPLETE
425,0.3938453197479248,2025-04-10 21:08:18.330642,2025-04-10 21:08:25.294092,0 days 00:00:06.963450,0.29744147926588577,0.07258615477392504,16,0.028275314091830775,0.028643948591394082,0.09443285087441489,0.058635479396759956,0.08153766750561575,0.037040903466730175,2.585540149509256e-05,9,44,0.05345096369267821,0.29110805895004027,True,True,False,2.2157151992025003e-08,COMPLETE
426,0.09234625697135926,2025-04-10 21:08:25.428792,2025-04-10 21:08:32.170643,0 days 00:00:06.741851,0.2844024799082147,0.17738972682944426,16,0.03235921209384455,0.014712524025825952,0.0928340922216286,0.05137410993013102,0.07991381331154306,0.03476590790210565,0.029243202580913147,8,41,0.06159805716826664,0.04486466512191784,True,True,False,1.2115790688760758e-08,COMPLETE
427,0.15846160352230074,2025-04-10 21:08:32.304837,2025-04-10 21:08:39.021677,0 days 00:00:06.716840,0.30560768586442094,0.2665066214878262,16,0.009557455500456922,0.048750480518620104,0.09666735316549808,0.0545432251655307,0.08114878008461798,0.03248332744013655,7.621924993829269e-05,7,47,0.07149754474519403,0.03643064413252956,False,True,True,1.4956095607208703e-08,COMPLETE
428,0.2296777904033661,2025-04-10 21:08:39.165782,2025-04-10 21:08:49.561991,0 days 00:00:10.396209,0.2510379369140414,0.09631311403287135,2,0.02417239711010198,0.040043602130034786,0.09494993859671284,0.05354876539299195,0.07698065014414948,0.04703590147740243,4.394839138435683e-05,7,40,0.027645826142299806,0.07202378482017005,True,True,False,1.167495522298195e-08,COMPLETE
429,0.09930400103330614,2025-04-10 21:08:49.697999,2025-04-10 21:08:56.335485,0 days 00:00:06.637486,0.40597145913423094,0.14449517478105867,16,0.03390308766795154,0.032124011246875764,0.09811000942241595,0.058296398527763,0.08220836737292725,0.04247984981976806,0.0002261765501561543,7,50,0.019198993368653758,0.04865626043444135,True,True,False,1.0001437663952913e-08,COMPLETE
430,0.3904636979103089,2025-04-10 21:08:56.470215,2025-04-10 21:09:03.125631,0 days 00:00:06.655416,0.31325094342301446,0.2026712841557898,16,0.037811782621711955,0.022538443551385814,0.09544413796455604,0.08117034737548473,0.07902012619290301,0.03832391643653659,0.00010676981463424677,6,44,0.06526701761332128,0.04160255957079023,True,True,False,1.9638493560294542e-08,COMPLETE
431,0.3805511713027955,2025-04-10 21:09:03.272142,2025-04-10 21:09:09.982259,0 days 00:00:06.710117,0.3318542017902233,0.11820175582249223,16,0.0299169900260158,0.09889234575766934,0.09176555099834825,0.08630237581789604,0.08405987438241883,0.029330234279831398,5.186073598315406e-05,6,46,0.06852399490500723,0.053886466967139106,True,True,False,1.6097727033205368e-08,COMPLETE
432,0.42249955534935,2025-04-10 21:09:10.119487,2025-04-10 21:09:17.690035,0 days 00:00:07.570548,0.3924965284613529,0.16989800610390343,8,0.021058828730819074,0.17868823940398082,0.09774940423136477,0.05598543601844409,0.07447774525826283,0.0223889306902501,7.735733118990712e-05,7,43,0.06701793734819345,0.06392730287561851,True,False,False,1.444663628419067e-08,COMPLETE
433,0.4013763010501862,2025-04-10 21:09:17.827408,2025-04-10 21:09:24.711239,0 days 00:00:06.883831,0.35932418422950047,0.18761251599789153,16,0.038593346305767336,0.0276090502347448,0.09398533762219666,0.05718512506971223,0.08601878158881111,0.05089736091779903,6.098498552249133e-05,8,39,0.07209269028504141,0.029900506256893212,True,True,False,2.298904297094807e-08,COMPLETE
434,0.1729197293519974,2025-04-10 21:09:24.856784,2025-04-10 21:09:31.506037,0 days 00:00:06.649253,0.283427696912193,0.23672852278896547,16,0.0807026999014159,0.03679285012081708,0.0966926586558376,0.048645892460411955,0.07730332242350488,0.047960026556582436,3.6661062583484795e-05,6,42,0.07062259297197425,0.03830110384712919,True,True,False,1.2418529747794192e-08,COMPLETE
435,0.3289686024188995,2025-04-10 21:09:31.645368,2025-04-10 21:09:38.450238,0 days 00:00:06.804870,0.32400910325843835,0.15100115685513277,16,0.033343754307481856,0.013732478497129122,0.09790764031738444,0.08460902010768212,0.08192896102258047,0.027535037976125974,8.559546105599984e-05,7,49,0.08005203982558363,0.05008371763504313,True,True,False,1.2114170852189571e-08,COMPLETE
436,0.1463985711336136,2025-04-10 21:09:38.587090,2025-04-10 21:09:45.287845,0 days 00:00:06.700755,0.2663265581032801,0.13044696160502448,16,0.0259028108866543,0.05996919871296051,0.08725101403222903,0.06016385242843157,0.08495738959983437,0.04027597381623061,0.0949217266406966,6,40,0.0644280069310652,0.04489598647867093,True,True,False,1.8702795510470626e-08,COMPLETE
437,0.21266293227672578,2025-04-10 21:09:45.435192,2025-04-10 21:09:52.065634,0 days 00:00:06.630442,0.29833590242341623,0.029044747519612397,16,0.015108692041561072,0.04450342315052794,0.013946142688114227,0.08215865252146892,0.08018070411971515,0.045855457214046456,0.00012265447750751444,6,35,0.06938329159231922,0.034610572166744985,True,True,False,1.6306822727699628e-08,COMPLETE
438,0.4146278381347656,2025-04-10 21:09:52.202695,2025-04-10 21:09:59.169702,0 days 00:00:06.967007,0.2220722135470909,0.16478083311368433,16,0.04112373578950613,0.020166555604759114,0.08982355503868542,0.052771109031685005,0.08678473121886118,0.0491110059939048,4.708779028353772e-05,8,47,0.07324468533704753,0.057241396816098654,True,True,False,2.8117853303457253e-08,COMPLETE
439,0.3805730938911438,2025-04-10 21:09:59.308923,2025-04-10 21:10:06.094886,0 days 00:00:06.785963,0.35538882986991965,0.20142719443513624,16,0.07142570437706235,0.051987680529447855,0.09998173995516459,0.07971764880698702,0.08407855802238359,0.05169658035882169,6.117776522861234e-05,7,53,0.06728040177278558,0.042135656557622275,True,True,False,9.96854278608836e-08,COMPLETE
440,0.4279531538486481,2025-04-10 21:10:06.244773,2025-04-10 21:10:12.904313,0 days 00:00:06.659540,0.3311705539516538,0.13370699703526576,16,0.03722202569499279,0.030868297197669137,0.09535946385524874,0.07659082997227074,0.07104448742451445,0.025731494900809844,6.948994255416698e-05,6,43,0.07035750954886626,0.05014216296680584,True,True,False,1.0444926354855832e-08,COMPLETE
441,0.371515691280365,2025-04-10 21:10:13.044305,2025-04-10 21:10:19.610808,0 days 00:00:06.566503,0.31523813517995014,0.11037107883959472,16,0.041845550901401164,0.027309219600982752,0.09304549362988025,0.07733309596080568,0.07134858849319049,0.06962914097910387,9.469220798804326e-05,5,45,0.03721568515620588,0.05252651168445221,True,True,False,1.0076113790978825e-08,COMPLETE
442,0.37631323337554934,2025-04-10 21:10:19.748573,2025-04-10 21:10:26.450409,0 days 00:00:06.701836,0.33090307641186134,0.08066254862269015,16,0.03685435795002799,0.2983344130576494,0.09451723905400095,0.07598959852553125,0.07021525608516899,0.025372805571115094,7.263440624759017e-05,6,43,0.06629742689790839,0.06040790826647826,True,True,False,1.0043556825009754e-08,COMPLETE
443,0.10113803148269654,2025-04-10 21:10:26.599466,2025-04-10 21:10:33.060008,0 days 00:00:06.460542,0.29575067139171735,0.13139706776439342,16,0.19968609413629906,0.03318111784863744,0.09175232062860605,0.07904556733390668,0.07594443922888551,0.027115082518408547,0.00014701806549380394,5,49,0.06851306218502323,0.04847951098053905,True,True,False,1.418838294259979e-08,COMPLETE
444,0.13484862446784973,2025-04-10 21:10:33.199846,2025-04-10 21:10:39.826164,0 days 00:00:06.626318,0.27158387763959546,0.11003778947773138,16,0.11404931062855961,0.024455432189349643,0.09828008284868013,0.0772511054169191,0.0779139571904475,0.03157778643240639,5.155636455185053e-05,6,46,0.08260216259934576,0.06629137367164162,True,True,False,1.2498844813330684e-08,COMPLETE
445,0.3905219912528992,2025-04-10 21:10:39.980448,2025-04-10 21:10:46.613995,0 days 00:00:06.633547,0.379805231931791,0.09240799747458017,16,0.04518479394682716,0.019414911587140996,0.05474545478579981,0.07500116997898885,0.07491554512129399,0.028954515206905417,8.095061037609089e-05,6,41,0.07009079951895679,0.05539479324056068,True,True,False,2.1664515361988315e-08,COMPLETE
446,0.4093864858150482,2025-04-10 21:10:46.753030,2025-04-10 21:10:53.552021,0 days 00:00:06.798991,0.32805257259445336,0.14341234291838506,16,0.06322541170765021,0.03043306777393054,0.09573254704026446,0.0813873600159459,0.08003173569301633,0.023903804561815012,0.00010974386323266305,6,43,0.07513180400572303,0.04767183624850847,True,True,False,1.4624937935653397e-08,COMPLETE
447,0.16596713662147522,2025-04-10 21:10:53.694680,2025-04-10 21:11:00.161093,0 days 00:00:06.466413,0.30746486404673096,0.05784047763984101,16,0.027122605368329777,0.03639706914979896,0.09823768131059064,0.07962047270681621,0.08174798396743169,0.021627823055793492,3.998461277226717e-05,5,46,0.0723703813560434,0.04304457240429563,False,True,False,1.9367981497570108e-08,COMPLETE
448,0.258195447921753,2025-04-10 21:11:00.312279,2025-04-10 21:11:06.910732,0 days 00:00:06.598453,0.42384503337561147,0.12929214332019215,16,0.04189719023950025,0.0246133691961362,0.09369266586760028,0.07664847227233215,0.0785216199256618,0.026671527288669006,6.99464191750278e-05,5,51,0.06361369390731061,0.05374172660624998,True,False,True,1.242053945295341e-08,COMPLETE
449,0.17221132516860962,2025-04-10 21:11:07.053011,2025-04-10 21:11:16.753124,0 days 00:00:09.700113,0.8803005779759596,0.15113576789071784,2,0.035660185869097076,0.005723229471973835,0.09548697220886526,0.04695464219842105,0.07337249642014394,0.02546825909438501,0.0003352089476837157,6,39,0.06007992911057966,0.23127338515399626,True,True,False,1.0085393275905816e-08,COMPLETE
450,0.16005186140537261,2025-04-10 21:11:16.893200,2025-04-10 21:11:23.469913,0 days 00:00:06.576713,0.3396803672556846,0.17714031225595933,16,0.14879740112005346,0.013469590228022495,0.0972551647031206,0.08355213469355716,0.08260706288712213,0.036082577011900964,5.3920032683191e-05,6,43,0.07316040495914018,0.1892683513565666,True,True,False,1.5903442154090244e-08,COMPLETE
451,0.4070529997348785,2025-04-10 21:11:23.626771,2025-04-10 21:11:30.384534,0 days 00:00:06.757763,0.7174400418220281,0.30748910123711476,16,0.07154677414037608,0.03065898463389967,0.09327173309682746,0.07451644943638824,0.07956932460871265,0.0540604164874543,3.245180715076033e-05,7,40,0.0686735130904317,0.04818538677314945,True,True,False,1.379583294078362e-07,COMPLETE
452,0.42951382398605353,2025-04-10 21:11:30.527513,2025-04-10 21:11:37.140927,0 days 00:00:06.613414,0.2884377829847127,0.11910900291839671,16,0.05183914507375221,0.038436141183107966,0.09025876369053641,0.0784494406925599,0.08333542727978742,0.03345020337795994,9.205545075705015e-05,5,45,0.06596645599465885,0.06092320010650771,True,True,False,1.6949040468392496e-08,COMPLETE
453,0.31046176552772525,2025-04-10 21:11:37.284120,2025-04-10 21:11:43.918223,0 days 00:00:06.634103,0.2512109419047694,0.08076159885176917,16,0.04419422322649075,0.04018997767186862,0.08883397520806692,0.0501788354027538,0.07708808226810013,0.03395896266821658,0.00018217147086694267,5,47,0.06473314153026256,0.06448637640848986,True,True,False,1.8307460699899024e-08,COMPLETE
454,0.23541807532310488,2025-04-10 21:11:44.072947,2025-04-10 21:11:50.992431,0 days 00:00:06.919484,0.26939036091583557,0.1090337383428508,8,0.021112071458223542,0.017765432820989194,0.0850907124994527,0.07744189964982899,0.08097921750650847,0.03467185675287321,0.00011111494935937992,5,49,0.06148681811257616,0.060456380507088354,True,True,False,3.556581974887177e-08,COMPLETE
