number,value,datetime_start,datetime_complete,duration,params_alpha-eval,params_alpha-train,params_batch-size,params_eps-eval,params_eps-train,params_lambda-actions-eval,params_lambda-actions-train,params_lambda-frames-eval,params_lambda-frames-train,params_learning-rate,params_n-epochs,params_n-frames,params_radius-gw,params_rho,params_std-feats,params_ub-actions,params_ub-frames,params_weight-decay,state
1533,0.40794585943222045,2025-04-17 22:25:31.060586,2025-04-17 22:25:42.057063,0 days 00:00:10.996477,0.12357711943859356,0.9005371941017498,2,0.1798418431922084,0.019773009981106413,0.08452730334246245,0.04765627360635553,0.05484856891732328,0.08846387240364613,0.00021509623843003813,6,38,0.058829773248339726,0.25530632237038414,False,False,False,8.617993068093809e-07,COMPLETE
1534,0.44486845135688785,2025-04-17 22:25:42.576756,2025-04-17 22:25:52.971750,0 days 00:00:10.394994,0.05276237349878417,0.9309335038771979,2,0.17226676863297563,0.18941197999269974,0.08763405076868418,0.042476316096292994,0.052389210827819804,0.0816425050289479,0.00015472695050755046,5,34,0.059454350361061975,0.24669674186651053,True,False,False,1.2523218463302108e-06,COMPLETE
1535,0.42999203205108644,2025-04-17 22:25:53.480021,2025-04-17 22:26:12.056482,0 days 00:00:18.576461,0.1036409147323838,0.8922569382396798,2,0.15509179903477213,0.027937961207163953,0.08086101775885918,0.045216473109774044,0.050264262043398115,0.0869494692852964,0.00011531953877166449,18,48,0.06804966841885854,0.2589846121789225,True,False,False,1.6187051277968718e-06,COMPLETE
1536,0.4496415197849274,2025-04-17 22:26:12.557731,2025-04-17 22:26:22.995281,0 days 00:00:10.437550,0.1549854040891573,0.974263463674374,2,0.14697436197312916,0.03571865893505868,0.08292348211681184,0.04796162104574835,0.05580377358301747,0.08964608207060965,0.00021970878288760464,5,41,0.06873829917409596,0.2476691633713134,True,False,False,7.590140847223314e-07,COMPLETE
1537,0.37152300477027894,2025-04-17 22:26:23.515889,2025-04-17 22:26:30.924819,0 days 00:00:07.408930,0.14195721621549676,0.9145064021458433,16,0.1598094525519196,0.023802427011872563,0.0859520287451178,0.04310760660528559,0.05039748982682341,0.08379512864667187,0.00016907411578759887,6,44,0.07239505416146626,0.2408910941543344,True,False,False,1.0269064296400922e-06,COMPLETE
1538,0.27323225736618045,2025-04-17 22:26:31.426182,2025-04-17 22:26:42.024240,0 days 00:00:10.598058,0.0885602944999053,0.8875795727886526,2,0.12486480000742689,0.03368075458330605,0.08045127396774526,0.051313022144332844,0.03989666588618894,0.08004174290255676,0.00018849746446511194,5,84,0.061550901689042176,0.2555249491891982,True,False,False,5.516202135637142e-07,COMPLETE
1539,0.44939011335372925,2025-04-17 22:26:42.525957,2025-04-17 22:26:53.612778,0 days 00:00:11.086821,0.11168822771488669,0.9366186995072224,2,0.1400602860846599,0.13250244441647782,0.08483248401703947,0.04562529466096694,0.0537468955980319,0.09143832937684958,0.00022432875833503657,6,38,0.06490842503339822,0.24497350159640136,True,False,False,1.435145890593234e-06,COMPLETE
1540,0.44257321357727053,2025-04-17 22:26:54.120208,2025-04-17 22:27:04.520040,0 days 00:00:10.399832,0.15047887299630205,0.9040629669387585,2,0.16683886378793392,0.02947856710905972,0.09209012204958655,0.04918183725822661,0.049211215930836306,0.08597286678879586,0.00014093508018839975,5,36,0.07041476626245538,0.23507991597985486,True,False,False,1.8920328088629242e-06,COMPLETE
1541,0.4069222450256348,2025-04-17 22:27:05.040713,2025-04-17 22:27:16.135166,0 days 00:00:11.094453,0.12159581602149527,0.8875345489475112,2,0.1564302923027914,0.016865813342628197,0.08900062381210237,0.04337331395884373,0.05243093228367872,0.08213972649582754,0.00018497702329254654,6,32,0.06270294226771306,0.258940855548805,True,False,False,1.041756785247446e-06,COMPLETE
1542,0.45724956989288335,2025-04-17 22:27:16.639775,2025-04-17 22:27:27.097619,0 days 00:00:10.457844,0.0731681170945896,0.87961424918394,2,0.15197043897287263,0.024111814171672366,0.08305477390487208,0.047253958832024136,0.0577493661728459,0.08830409496992603,0.0002229324582128691,5,41,0.0665619244182025,0.2509367015546252,True,False,False,1.3384122559582747e-06,COMPLETE
1543,0.45082423090934753,2025-04-17 22:27:27.608652,2025-04-17 22:27:39.310158,0 days 00:00:11.701506,0.13924268270192938,0.9202321448306263,2,0.1374601922660637,0.03458330304415734,0.0869271397285548,0.04501979487568346,0.04972520377595172,0.08483572851068735,0.00015286206163057816,7,46,0.06910390692263692,0.24062289568871448,True,False,False,7.669421107449345e-07,COMPLETE
1544,0.09234625697135926,2025-04-17 22:27:39.831522,2025-04-17 22:27:50.794504,0 days 00:00:10.962982,0.09056899282710179,0.9045032993488356,2,0.14446582756373286,0.008584349467418925,0.08233314097924002,0.05191725997973402,0.05317046731295655,0.09287622120291004,0.0002535835157586176,6,40,0.0607259946605596,0.25961483538018953,True,False,False,4.746800169636515e-08,COMPLETE
1545,0.4259973406791687,2025-04-17 22:27:51.300874,2025-04-17 22:28:01.749143,0 days 00:00:10.448269,0.13159334801554748,0.8761413132976579,2,0.1630347092862358,0.02896725600768103,0.08444909290840386,0.04918648177897626,0.05505725580393005,0.07109444025034686,0.00010130426767659253,5,36,0.06898500038694767,0.25094780280328993,True,False,False,1.7399816286108398e-06,COMPLETE
1546,0.10042088627815247,2025-04-17 22:28:02.251930,2025-04-17 22:28:11.892028,0 days 00:00:09.640098,0.041737329331347536,0.8715400936844163,2,0.14781061023102357,0.03628268857552863,0.08745888277301418,0.04194130109161184,0.05067162734896541,0.08674757917144758,1.800988991500227e-05,5,44,0.064257013441271,0.25603350260712643,True,False,True,1.3606857447326044e-06,COMPLETE
1547,0.09234625697135926,2025-04-17 22:28:12.411845,2025-04-17 22:28:22.902929,0 days 00:00:10.491084,0.1176699721113252,0.9475203042370453,2,0.16943810853593078,0.019147063473424264,0.07964200590811354,0.04678970569583544,0.05253121793981452,0.09567522445881547,0.000193020355133049,7,39,0.07185942528631639,0.14824667425023508,True,True,False,2.3149177805883052e-06,COMPLETE
1548,0.4481339275836945,2025-04-17 22:28:23.406720,2025-04-17 22:28:34.427085,0 days 00:00:11.020365,0.153169294421734,0.8925249091598443,2,0.15913267040046153,0.026232112119174943,0.09051030640754332,0.04516959510296077,0.04877698752510262,0.07742329491631018,0.00011903670896514017,6,43,0.06466289153658104,0.2453881922883603,True,False,False,9.631497645223902e-07,COMPLETE
1549,0.4120369255542755,2025-04-17 22:28:34.931382,2025-04-17 22:28:42.726281,0 days 00:00:07.794899,0.1096902271173129,0.9144614542193064,8,0.13027162814914528,0.03213111590971592,0.08238129550232777,0.043489721720013766,0.05600307578682045,0.08940017323401941,0.00023349378507444166,6,48,0.06626228928292847,0.23598132892015414,True,False,False,1.8088627719720907e-06,COMPLETE
1550,0.3975679755210877,2025-04-17 22:28:43.253012,2025-04-17 22:28:53.665167,0 days 00:00:10.412155,0.09713281121772968,0.8667566260143025,2,0.15247473655482716,0.014274430003102377,0.0855742107304144,0.050177541550309054,0.0580729248146504,0.08398215945547978,8.075034610405175e-05,5,34,0.07166472474015814,0.2529347803150275,True,False,False,8.292330788758693e-07,COMPLETE
1551,0.45355693697929383,2025-04-17 22:28:54.176091,2025-04-17 22:29:04.632093,0 days 00:00:10.456002,0.0712047049309674,0.900589406564117,2,0.19253873547454184,0.03788488940990298,0.0807275599780055,0.04746343566975787,0.048466260958722675,0.08213881050820558,0.0001630390968685891,5,39,0.033349525837902926,0.26373169529535034,True,False,False,6.07026297340795e-07,COMPLETE
1552,0.3956551730632782,2025-04-17 22:29:05.138278,2025-04-17 22:29:16.902079,0 days 00:00:11.763801,0.15933151556254843,0.9394578399770837,2,0.17749710056511075,0.02129758397593237,0.08395762066674442,0.04152784046978701,0.0511669640505251,0.07974341542166785,0.000131979049625475,7,52,0.06771894957822666,0.26084642641324546,True,False,False,1.232444850181054e-06,COMPLETE
1553,0.33080716133117677,2025-04-17 22:29:17.428113,2025-04-17 22:29:28.380764,0 days 00:00:10.952651,0.13958869727027648,0.8863258358411785,2,0.14029671935273091,0.029576237493950438,0.08880870980597784,0.04444740587896851,0.05391415114172871,0.08644088117949988,0.00020521176536750373,6,42,0.04229867771875869,0.2453124670949285,False,False,False,1.0851902421419868e-06,COMPLETE
1554,0.4408820569515228,2025-04-17 22:29:28.885009,2025-04-17 22:29:39.262111,0 days 00:00:10.377102,0.11862814223084266,0.9240689484535232,2,0.16106661589059623,0.03790159631769847,0.08648689233983352,0.053481443199888686,0.04807111811246788,0.08474095591521753,0.00016018168389216248,5,30,0.057417982207025736,0.25389644311043663,True,False,False,7.031399472549028e-07,COMPLETE
1555,0.4536774277687073,2025-04-17 22:29:39.768105,2025-04-17 22:29:50.907853,0 days 00:00:11.139748,0.1438814467005091,0.8671561373852602,2,0.148772840984805,0.026045654436761594,0.08069870768257822,0.04848871319223432,0.05051891664369714,0.08886726544988145,0.0002635299863228061,6,36,0.037648290779267735,0.24000341625741578,True,False,False,5.11363793834725e-07,COMPLETE
1556,0.45854172110557556,2025-04-17 22:29:51.433227,2025-04-17 22:30:01.972221,0 days 00:00:10.538994,0.22805235774998664,0.8565909279677864,2,0.16522233349919838,0.03299204723219403,0.09917597492950433,0.04618805168535909,0.03919579002032976,0.0909816307246825,0.0001914694860768027,5,45,0.061786643368857225,0.2597706181085146,True,False,False,2.6649519638588014e-06,COMPLETE
1557,0.2918286740779877,2025-04-17 22:30:02.480029,2025-04-17 22:30:13.640960,0 days 00:00:11.160931,0.05365271175438187,0.9647781310677157,2,0.1571118562728312,0.019826432705596825,0.08347210801412466,0.04167171464752936,0.05275350116856253,0.09748673462156301,0.00023252627404913713,6,63,0.04121398109833756,0.2483496713486197,True,False,False,1.9138918204800054e-08,COMPLETE
1558,0.4582273602485657,2025-04-17 22:30:14.150155,2025-04-17 22:30:24.556660,0 days 00:00:10.406505,0.09337678320172443,0.9044534142312985,2,0.17144945928029665,0.03794434018557483,0.08459616392330088,0.051499461079469365,0.05474608436455454,0.08164517682365768,0.00016830841330634977,5,39,0.059711098879495904,0.25518329553542246,True,False,False,1.3369903668388558e-06,COMPLETE
1559,0.4466033518314362,2025-04-17 22:30:25.087372,2025-04-17 22:30:36.144918,0 days 00:00:11.057546,0.16865561793708717,0.8877293892458155,2,0.1262758685217996,0.025008163117473586,0.09144177117282956,0.043851411298812946,0.04729692769934075,0.09427934806728216,0.00014016649557602184,6,42,0.06983088672906435,0.2335872067121206,True,False,False,2.9772057417714204e-08,COMPLETE
1560,0.3772067964076996,2025-04-17 22:30:36.654383,2025-04-17 22:30:43.842648,0 days 00:00:07.188265,0.12902380672636019,0.8524988126131338,16,0.13764473808237138,0.031609651696356364,0.07967655031428802,0.0461663863700376,0.04976210935785625,0.08674512387677738,0.00020004439741450793,5,34,0.06590955027593169,0.2615331286621332,True,False,False,1.611368707840564e-06,COMPLETE
1561,0.405880081653595,2025-04-17 22:30:44.371504,2025-04-17 22:30:56.192009,0 days 00:00:11.820505,0.08077731587101555,0.9235753671872329,2,0.14472996943134026,0.03971982057504412,0.08213583341233352,0.04959356357746085,0.05179631030711963,0.08399545037174619,0.0002714784835336265,7,49,0.0401053418808581,0.24442443978170236,True,False,False,1.9884028176501827e-06,COMPLETE
1562,0.4495141267776489,2025-04-17 22:30:56.722730,2025-04-17 22:31:07.303116,0 days 00:00:10.580386,0.11044513614852489,0.8762897629667605,2,0.13377489337147389,0.014616775061362315,0.08782231353555556,0.04783923357146409,0.04730597008356664,0.08852134888080056,0.0002307224748975239,5,37,0.044438435007497494,0.2500491369973946,True,False,False,6.367152041284615e-07,COMPLETE
1563,0.4548132956027985,2025-04-17 22:31:07.813752,2025-04-17 22:31:18.864564,0 days 00:00:11.050812,0.16318162936074404,0.905934712458203,2,0.15215536218323317,0.023269878903860897,0.08603696279370389,0.040106002080063236,0.05698471533291641,0.08009975951311295,0.0001761894017267145,6,44,0.06251986457215215,0.26291800386370906,True,False,False,1.0390962742213636e-06,COMPLETE
1564,0.20940691828727725,2025-04-17 22:31:19.376236,2025-04-17 22:31:29.373216,0 days 00:00:09.996980,0.15088885316626446,0.8771126832182595,2,0.18520610639516205,0.03141657421868961,0.09458409322137451,0.0422730289186663,0.055273283941510105,0.07507699804258725,0.00012555251834323676,6,27,0.04297385329128016,0.2559778500249108,True,False,True,2.2922224967302463e-06,COMPLETE
1565,0.4485335230827332,2025-04-17 22:31:29.897629,2025-04-17 22:31:41.533544,0 days 00:00:11.635915,0.1333623898695246,0.8524645783000386,2,0.1586397360984403,0.1101188048774272,0.08287643643805064,0.04440141678332606,0.04131707660189876,0.09149835736461359,0.00021919261177268663,7,40,0.03821302553372992,0.24008763098625757,True,False,False,9.297012616020283e-07,COMPLETE
1566,0.3127016603946686,2025-04-17 22:31:42.043630,2025-04-17 22:31:51.566821,0 days 00:00:09.523191,0.09854844887659506,0.8863707909253247,2,0.12002507152689162,0.009423691113543738,0.08004831225227324,0.04577553231101483,0.04974866754163106,0.08341352616583463,0.0001518111155901854,5,37,0.06832144488964857,0.2504973905123334,True,True,False,1.4676395560729188e-06,COMPLETE
1567,0.45422413349151614,2025-04-17 22:31:52.072529,2025-04-17 22:32:02.531311,0 days 00:00:10.458782,0.17810765407641901,0.9418615744496336,2,0.15152415940227712,0.035554664628987286,0.0892742130194844,0.03179792697961922,0.052806668836597556,0.08749130566886663,0.0002715351926405619,5,46,0.07345351306952955,0.2622841607080116,True,False,False,5.225886496026576e-07,COMPLETE
1568,0.45655696988105776,2025-04-17 22:32:03.067550,2025-04-17 22:32:14.129810,0 days 00:00:11.062260,0.11752529031259944,0.9193194759829346,2,0.1634202602603405,0.026703683582875056,0.08477195471129531,0.05255458878784354,0.046259171345946024,0.08515218530807721,0.00018891117615182248,6,42,0.04036959308637042,0.23360260777489758,True,False,False,8.525340184002589e-07,COMPLETE
1569,0.4299746751785279,2025-04-17 22:32:14.641827,2025-04-17 22:32:29.438238,0 days 00:00:14.796411,0.058494128274609467,0.866865570081985,2,0.14516018365226452,0.04084458195568557,0.08170846574043346,0.04846917209970957,0.049019834820394834,0.09002875610422617,0.00024089488404434369,12,32,0.03546125169814236,0.25717882346477244,True,False,False,1.3146049493498303e-06,COMPLETE
1570,0.44747648239135746,2025-04-17 22:32:29.951698,2025-04-17 22:32:40.344228,0 days 00:00:10.392530,0.20662990931514644,0.8964909658617075,2,0.15700821947781748,0.019963718015915816,0.08628998158163657,0.043501957781410416,0.051567674142702344,0.08267330422597668,9.78939322075245e-05,5,39,0.04570103513425742,0.2435239770442205,True,False,False,1.7145399287111954e-06,COMPLETE
1571,0.37252465486526487,2025-04-17 22:32:40.880873,2025-04-17 22:32:48.516835,0 days 00:00:07.635962,0.13762763392096994,0.8492568890430865,8,0.1684355057513138,0.0301001626854296,0.08375696863090396,0.05050730485811338,0.05845394047161817,0.07779071658250528,0.00015812879009491316,6,35,0.07052505172199595,0.2638737969605055,False,False,False,7.020465576254977e-07,COMPLETE
1572,0.45448467731475833,2025-04-17 22:32:49.030830,2025-04-17 22:33:00.141154,0 days 00:00:11.110324,0.15495325069650362,0.9076816061398207,2,0.21154809205305058,0.03444504122145268,0.08703234130492059,0.04681229168824544,0.05398695609448831,0.09325863013415676,0.00020866108554979336,6,48,0.04239782507895756,0.2517610039499385,True,False,False,1.0890877898005077e-06,COMPLETE
1573,0.39070033431053164,2025-04-17 22:33:00.654331,2025-04-17 22:33:11.171727,0 days 00:00:10.517396,0.02783509526495344,0.867953369730409,2,0.13982622983403378,0.016192888133874487,0.081531905624468,0.04138565408032537,0.040125425560489106,0.0859453825733476,0.0002768883268143343,5,41,0.058601561982768155,0.23799181329492736,True,False,False,2.6442577339422603e-06,COMPLETE
1574,0.41264154314994816,2025-04-17 22:33:11.704482,2025-04-17 22:33:22.179798,0 days 00:00:10.475316,0.0820690698716675,0.8856635065451891,2,0.14932514712470724,0.14114202456029365,0.08398813568349212,0.03924408749272426,0.04484586021692179,0.08204105495002013,0.051922879585630306,5,44,0.03828682881267541,0.24736892114048278,True,False,False,1.859682712218783e-06,COMPLETE
1575,0.4557649374008179,2025-04-17 22:33:22.696333,2025-04-17 22:33:34.377291,0 days 00:00:11.680958,0.1146952024082894,0.8441611124765303,2,0.1631115652269104,0.026594902197325274,0.0798303362737322,0.04484366769162135,0.048254322893189594,0.08773545531846057,0.00011868803308287521,7,39,0.0650076659498702,0.25851393974042564,True,False,False,1.467493767310016e-06,COMPLETE
1576,0.4501552879810334,2025-04-17 22:33:34.885819,2025-04-17 22:33:45.912289,0 days 00:00:11.026470,0.2293276773485583,0.9281826026324571,2,0.17551283691294867,0.04281772073874823,0.09112145617362077,0.054780027077491154,0.05618130931548902,0.08502686952563429,0.0001916676120002929,6,36,0.04460823451192183,0.2658860672405358,True,False,False,6.592499240954092e-07,COMPLETE
1577,0.44873824119567873,2025-04-17 22:33:46.442574,2025-04-17 22:33:56.893836,0 days 00:00:10.451262,0.1669285898615739,0.9551576626733893,2,0.11415869877273077,0.02279466890612976,0.08807574526122905,0.048506405540009324,0.05093893912495946,0.09036214735831831,0.00030162945297734697,5,31,0.04664079993062102,0.25544328691701473,True,False,False,1.1096320815658097e-06,COMPLETE
1578,0.4530841946601868,2025-04-17 22:33:57.411997,2025-04-17 22:34:08.535737,0 days 00:00:11.123740,0.13753971973810103,0.9980732281130461,2,0.13544486616448215,0.03489149460324527,0.08539413629289651,0.042988588133625695,0.046965756980357445,0.06846630024906816,0.00014494951445164243,6,46,0.04087782475552399,0.2312538263612392,True,False,False,2.1951379567843042e-06,COMPLETE
1579,0.4403656363487244,2025-04-17 22:34:09.047026,2025-04-17 22:34:21.382457,0 days 00:00:12.335431,0.09712381070616084,0.8968313149665195,2,0.1517891080513312,0.028578261606057295,0.08264189562023357,0.046498955867372925,0.04400861684447176,0.08059419120379367,0.0002345349960214879,8,42,0.03888963691265629,0.24545932951927837,True,False,False,7.635199067635711e-07,COMPLETE
1580,0.4566637217998505,2025-04-17 22:34:21.916933,2025-04-17 22:34:32.382556,0 days 00:00:10.465623,0.1276788329257265,0.8682070243664808,2,0.12664357106816795,0.041572193738348,0.07893428258686927,0.05019412714432005,0.05322812895035405,0.08727720230178276,0.00017899547394399726,5,39,0.06810412736818443,0.26644918109113563,True,False,False,4.5704254519142176e-07,COMPLETE
1581,0.38275254368782047,2025-04-17 22:34:32.902539,2025-04-17 22:34:44.779932,0 days 00:00:11.877393,0.0675058971976732,0.8341127127866094,2,0.15616499415978313,0.02126943548517699,0.0893163030543641,0.04065176527668407,0.048967937131202136,0.0956303641178829,0.00021939071129785772,7,14,0.04344053641445621,0.2522924830409629,True,False,False,1.3720794784045163e-06,COMPLETE
1582,0.37083007097244264,2025-04-17 22:34:45.290080,2025-04-17 22:34:52.539726,0 days 00:00:07.249646,0.1475534384856745,0.9040771249864288,16,0.1441284242270294,0.03257582797865478,0.08500430109997269,0.04452771371860905,0.050571411967197166,0.08386177841629765,0.0001397839182697475,5,34,0.06625664962133124,0.25965178935724337,True,False,False,3.0412266048345898e-06,COMPLETE
1583,0.09234625697135926,2025-04-17 22:34:53.072012,2025-04-17 22:35:04.027677,0 days 00:00:10.955665,0.1912527731302907,0.8542056821724743,2,0.1618748584505934,0.011245505853043316,0.08196069195628933,0.04673155161050092,0.04570023726181727,0.07922299263854624,0.00017028364812481377,6,50,0.06247187064169297,0.24085032802595366,True,False,False,9.023399576026001e-07,COMPLETE
1584,0.11712297946214677,2025-04-17 22:35:04.553214,2025-04-17 22:35:14.148379,0 days 00:00:09.595165,0.10626097085292466,0.8795970206396311,2,0.1714374323152865,0.038496463816109994,0.0869849676078459,0.042893398634744104,0.0417108798719542,0.09280112774334508,0.0002538025791727477,5,44,0.03459831285150349,0.24982265795139144,True,False,True,1.8296300779395986e-06,COMPLETE
1585,0.19414503276348116,2025-04-17 22:35:14.661337,2025-04-17 22:35:24.704788,0 days 00:00:10.043451,0.17860250454790086,0.9265806303412215,2,0.06032437443963433,0.02802535918764513,0.08358268944198781,0.05216822035597721,0.05503493904641204,0.08881730786141441,0.00029396967729585237,6,37,0.04109696469715909,0.26399604851264824,True,True,False,0.00024007477612986047,COMPLETE
1586,0.4202568292617798,2025-04-17 22:35:25.244553,2025-04-17 22:35:49.253757,0 days 00:00:24.009204,0.12119072911168334,0.8885413102269546,2,0.156077392249554,0.01725204851509799,0.08025395271415478,0.0484641715650663,0.052235148008489406,0.08226055320478033,0.00019846704692699847,27,41,0.03687742082493548,0.25500723355205024,True,False,False,1.0957518002123385e-06,COMPLETE
1587,0.44186289310455323,2025-04-17 22:35:49.772353,2025-04-17 22:36:00.240978,0 days 00:00:10.468625,0.15598033224638502,0.9726316656768486,2,0.13162253345573952,0.044156961426017015,0.08534843192373977,0.03821506498860183,0.047571574990564774,0.09825589584796439,0.00016348789968645162,5,54,0.06442826147636724,0.23590274958969434,True,False,False,1.5316940482440015e-06,COMPLETE
1588,0.45584470629692075,2025-04-17 22:36:00.785243,2025-04-17 22:36:12.521947,0 days 00:00:11.736704,0.08189541715352947,0.8617613335892677,2,0.14678168127663088,0.03480791470310771,0.08189063053842208,0.045337525615819524,0.04919160277648037,0.08485914195313128,0.00011434762466675271,7,46,0.046481861327841476,0.24405629662852707,True,False,False,2.3277992091572334e-06,COMPLETE
1589,0.3545754134654999,2025-04-17 22:36:13.043007,2025-04-17 22:36:24.048119,0 days 00:00:11.005112,0.21502402833669226,0.8352996292283346,2,0.16378879609360558,0.02418063417563732,0.08901938527871144,0.04110796825616767,0.05839746174925899,0.08657924600047724,0.00022153190758561863,6,38,0.04402521900410719,0.2597544560288194,False,False,False,9.017207906192071e-07,COMPLETE
