number,value,datetime_start,datetime_complete,duration,params_alpha-eval,params_alpha-train,params_batch-size,params_eps-eval,params_eps-train,params_lambda-actions-eval,params_lambda-actions-train,params_lambda-frames-eval,params_lambda-frames-train,params_learning-rate,params_n-epochs,params_n-frames,params_radius-gw,params_rho,params_std-feats,params_ub-actions,params_ub-frames,params_weight-decay,state
1306,0.29152706265449524,2025-04-17 21:42:46.340557,2025-04-17 21:42:56.841099,0 days 00:00:10.500542,0.17033259214832136,0.9324491664963671,2,0.1552455747736813,0.010969098321225456,0.08711436719949574,0.030700696800164348,0.046453416532655806,0.09198890270733243,0.0003417176241856212,5,29,0.03719225610662635,0.259928031072688,True,False,False,0.000154849258261263,COMPLETE
1307,0.3634440660476685,2025-04-17 21:42:57.269743,2025-04-17 21:43:07.921441,0 days 00:00:10.651698,0.1486875955463332,0.9226283070977536,2,0.1475692952864728,0.03799609691940252,0.08542312527819018,0.042661399296079164,0.04472021146170406,0.09521937859485936,0.00030295912569388737,5,25,0.03851201256116467,0.25757656476997765,True,False,False,0.00011906187187132194,COMPLETE
1308,0.4443856596946717,2025-04-17 21:43:08.355401,2025-04-17 21:43:18.697866,0 days 00:00:10.342465,0.1606824679511059,0.9134609235064277,2,0.1537748001157951,0.01976935334702975,0.08870529208652596,0.033246151478795186,0.045955221006938454,0.09651167598169792,0.0005047400397185431,5,32,0.03210260127117298,0.2512256403476321,True,False,False,9.15474551438562e-05,COMPLETE
1309,0.3439623057842255,2025-04-17 21:43:19.131134,2025-04-17 21:43:29.668455,0 days 00:00:10.537321,0.19708891771406498,0.9381804961460559,2,0.15168727632073228,0.013020291925298088,0.08568193722865486,0.04372297353130185,0.04619259948001541,0.0949873041891021,0.00038072833615181005,5,32,0.03562024704328856,0.26341562348657094,True,False,False,0.00012688849557243316,COMPLETE
1310,0.3602485656738281,2025-04-17 21:43:30.099636,2025-04-17 21:43:40.655265,0 days 00:00:10.555629,0.1827943240059054,0.9077859687292804,2,0.16680281541350753,0.030398499787918556,0.08754068418438872,0.04109261936330949,0.04400313372043295,0.09539858937223455,0.011794261876236738,5,28,0.028662156664930112,0.2577051391606978,True,False,False,0.00015590228757313498,COMPLETE
1311,0.09234625697135926,2025-04-17 21:43:41.088013,2025-04-17 21:43:48.452647,0 days 00:00:07.364634,0.13150928758460878,0.9339227292942252,8,0.16537162000873112,0.00444406008375791,0.09485603918911263,0.043770730009568846,0.04721555922941716,0.09509895983860203,0.00028291277797131304,5,36,0.038833697223861145,0.26557545679618,True,False,False,0.00010216405028657152,COMPLETE
1312,0.41979398727416994,2025-04-17 21:43:48.877480,2025-04-17 21:43:59.312060,0 days 00:00:10.434580,0.2051590882100078,0.9091568449437323,2,0.14144110592039594,0.03705024676868013,0.08459219516403832,0.038961105510642594,0.04586717041911592,0.09497513656810343,0.028608264315506008,5,31,0.038135339662082914,0.24900755905305713,True,False,False,0.00012397907672091106,COMPLETE
1313,0.4554822623729706,2025-04-17 21:43:59.742868,2025-04-17 21:44:10.180410,0 days 00:00:10.437542,0.15566405791840543,0.9035344803074541,2,0.15963818433265656,0.02697800358095058,0.09133459438862183,0.04239125567766382,0.044945987583943525,0.090566527824457,0.0002716343973619825,5,35,0.03680165353557836,0.2541404772476391,True,False,False,0.00016870290356335032,COMPLETE
1314,0.449959146976471,2025-04-17 21:44:10.607553,2025-04-17 21:44:21.100405,0 days 00:00:10.492852,0.11751681614747964,0.8960401890933768,2,0.14663145420556928,0.01999642623422738,0.08641582370693894,0.04475604399953761,0.048598058689423906,0.09438884397801132,0.0003257908120899518,5,35,0.03986796999227993,0.2642658414982083,True,False,False,7.509434398455885e-05,COMPLETE
1315,0.4513053297996521,2025-04-17 21:44:21.550720,2025-04-17 21:44:31.960312,0 days 00:00:10.409592,0.17159009661599184,0.9173354337007115,2,0.15578114169285334,0.040244534526035686,0.08968168672022199,0.04376346565373102,0.047882428274735,0.09609070462764685,0.00041475298253570726,5,37,0.0343900579961344,0.2609182774758187,True,False,False,0.00010466818919843719,COMPLETE
1316,0.10242207348346712,2025-04-17 21:44:32.391244,2025-04-17 21:44:41.951727,0 days 00:00:09.560483,0.1670217982159782,0.8833596258798512,2,0.16307449871405064,0.28075707370503367,0.08465774999757632,0.04072684767699093,0.04460379001214035,0.09281008033360287,0.00025304435103057316,5,34,0.04124504402699593,0.26839910243659715,True,False,True,8.514736080989806e-05,COMPLETE
1317,0.4400902807712555,2025-04-17 21:44:42.384014,2025-04-17 21:44:53.472665,0 days 00:00:11.088651,0.21977418909166468,0.9417349968219999,2,0.14923559232295344,0.03350450384038182,0.0866374161193652,0.03129558586666445,0.047516861675471485,0.09843157187025078,0.00021581204726990353,6,31,0.042734514352161086,0.2547337293411395,True,False,False,0.0001327866102470467,COMPLETE
1318,0.4342375457286835,2025-04-17 21:44:53.902430,2025-04-17 21:45:04.341379,0 days 00:00:10.438949,0.13747264333914833,0.8832870991926635,2,0.13781201202788182,0.29401599660326727,0.08402420719543834,0.044665189753019384,0.05007113273083013,0.08983883694993595,0.0003240929650662559,5,38,0.040948099985206446,0.24959020544481927,True,False,False,0.0001538676812735462,COMPLETE
1319,0.45185491442680364,2025-04-17 21:45:04.772780,2025-04-17 21:45:15.177930,0 days 00:00:10.405150,0.10833135669514206,0.9016077008199056,2,0.15458226047229934,0.028502906261016158,0.08858748046362667,0.037285008704680135,0.043044097840004535,0.09299378940123579,0.00018354388235591982,5,37,0.03942461110276278,0.26036626873545465,True,False,False,0.00010679419951615588,COMPLETE
1320,0.19724989533424378,2025-04-17 21:45:15.617376,2025-04-17 21:45:25.612155,0 days 00:00:09.994779,0.17305074878639326,0.9146520007456629,2,0.16772342628065096,0.017923053148012423,0.08484935281928142,0.0423418489218884,0.05359090508536473,0.09211949382288304,0.0002786927689600959,6,39,0.042906467865366935,0.266591612843882,True,True,False,6.184240908499698e-05,COMPLETE
1321,0.37470513582229614,2025-04-17 21:45:26.040422,2025-04-17 21:45:36.708400,0 days 00:00:10.667978,0.18976261118062354,0.8681288775871638,2,0.14039444411247431,0.03619892178114658,0.08359174202744424,0.04441113050874338,0.046303626803789175,0.08836628106859674,0.00024626826811637476,5,21,0.039377263348921,0.25843152759294485,True,False,False,8.834322927972944e-05,COMPLETE
1322,0.44840369224548343,2025-04-17 21:45:37.136491,2025-04-17 21:45:48.261699,0 days 00:00:11.125208,0.08363687853746724,0.8825901853460804,2,0.16042291481856377,0.04114994805920888,0.03020511962416629,0.039002522247675,0.0519854600348348,0.08613367170239293,0.00016745018943741246,6,34,0.03651384074773801,0.26960665879416884,True,False,False,0.00012997484699717545,COMPLETE
1323,0.36097275614738467,2025-04-17 21:45:48.711367,2025-04-17 21:45:59.015321,0 days 00:00:10.303954,0.039524775965412935,0.9311322702400047,2,0.18690460388549981,0.028314390968084156,0.08685172125128358,0.0412197177586065,0.0490592217015667,0.09366846593379081,0.000487477672915275,5,39,0.04522180426352709,0.24947868162308895,False,False,False,0.00017464701438795531,COMPLETE
1324,0.44588421583175664,2025-04-17 21:45:59.455047,2025-04-17 21:46:10.496018,0 days 00:00:11.040971,0.1351275356734399,0.8651308088949556,2,0.17713347785153954,0.022592552868492495,0.09033245270782563,0.03666535004440872,0.04479189402081657,0.08956987014145301,0.0002046073814838662,6,30,0.0427381622404265,0.2621568544282907,True,False,False,7.39772447229027e-05,COMPLETE
1325,0.43611640334129337,2025-04-17 21:46:10.933247,2025-04-17 21:46:21.406567,0 days 00:00:10.473320,0.1478360785391208,0.8936126235264458,2,0.13502487917749956,0.03490827187843262,0.08401914036519238,0.04453429787077965,0.05097245071431506,0.08688681256530024,0.00010961626942243283,5,36,0.04100444723363026,0.2557794937072327,True,False,False,0.00010627098329259083,COMPLETE
1326,0.43278735876083374,2025-04-17 21:46:21.843491,2025-04-17 21:46:32.974043,0 days 00:00:11.130552,0.22404929809527402,0.9197148778130344,2,0.14774301930182226,0.24756674705440512,0.08615969978928485,0.04293083617311939,0.04704570398163336,0.09631618999772865,0.0003662513042711865,6,42,0.038252341455471406,0.27037733689065235,True,False,False,0.000138505421793892,COMPLETE
1327,0.45414284467697147,2025-04-17 21:46:33.408147,2025-04-17 21:46:43.815446,0 days 00:00:10.407299,0.11725180222245976,0.8613603944092281,2,0.04721611224443778,0.040848533998751255,0.08821477871606125,0.03960389145210658,0.04286035997918874,0.09390536977357453,0.00024468846476057623,5,33,0.0454888406378196,0.25395802944294443,True,False,False,1.9307717724125905e-08,COMPLETE
1328,0.4079492092132569,2025-04-17 21:46:44.258123,2025-04-17 21:46:51.825845,0 days 00:00:07.567722,0.155634437775379,0.8811412719628416,8,0.1439711127810864,0.031174844238810596,0.08344833253916303,0.045544679942724674,0.049338422217035896,0.09981310445814986,0.00016010802816114765,5,39,0.04370829431005722,0.26438727024798775,True,False,False,9.43409855184213e-05,COMPLETE
1329,0.09234625697135926,2025-04-17 21:46:52.255139,2025-04-17 21:47:03.227338,0 days 00:00:10.972199,0.06578397526454194,0.902285650019124,2,0.14065824805722055,0.009097033597971843,0.027017427143843604,0.041308591116759774,0.054165883142198765,0.08922802620957439,0.0003057647555153889,6,43,0.03356261768624738,0.24795213850401346,True,False,False,5.396390344008118e-05,COMPLETE
1330,0.44765176177024846,2025-04-17 21:47:03.660894,2025-04-17 21:47:14.121415,0 days 00:00:10.460521,0.09717148119009833,0.8525366469199827,2,0.12800039679167122,0.016060747832625958,0.08523678799668032,0.043115494187492026,0.0470017733665314,0.08459925309965871,0.0002013858605543995,5,36,0.04228763635312353,0.2600075173642521,True,False,False,0.00017228659602248802,COMPLETE
1331,0.35097913146018983,2025-04-17 21:47:14.557062,2025-04-17 21:47:25.664265,0 days 00:00:11.107203,0.2081314157719247,0.9455051880240049,2,0.1499761252297489,0.026146128002237985,0.08273824965062919,0.045614537859467306,0.05117926244173844,0.07814414070398476,0.0001302903759003961,6,50,0.0364659731737399,0.058499423763552175,True,False,False,0.00013259370318429445,COMPLETE
1332,0.45335760712623596,2025-04-17 21:47:26.119843,2025-04-17 21:47:36.583041,0 days 00:00:10.463198,0.18984571183040058,0.8770592459581391,2,0.15359944681963913,0.041683787753748036,0.08777874533016085,0.044907196593362245,0.044728185836488916,0.05465700093722417,0.0002421472603712907,5,46,0.04600590597522806,0.2722025401540425,True,False,False,8.004708752383502e-05,COMPLETE
1333,0.4608948051929474,2025-04-17 21:47:37.026340,2025-04-17 21:47:48.016094,0 days 00:00:10.989754,0.13111552668518062,0.8978746805037728,2,0.15519716223434868,0.03407030714689496,0.05584034090041473,0.04175018675979785,0.048581540349765064,0.08795633208543974,0.00018642531622468356,6,40,0.040305613654707785,0.25399910902266054,True,False,False,0.00011025724795001994,COMPLETE
1334,0.44550560712814335,2025-04-17 21:47:48.455726,2025-04-17 21:47:59.553406,0 days 00:00:11.097680,0.117873300521556,0.9355230622661299,2,0.1595938672336131,0.024446454530444618,0.03910571585319502,0.040225604599380245,0.05151867596590824,0.08403492010676626,0.00012987176478310738,6,44,0.039806089195179264,0.24557691215885555,True,False,False,0.00011013901604899553,COMPLETE
1335,0.410020112991333,2025-04-17 21:47:59.991777,2025-04-17 21:48:10.503664,0 days 00:00:10.511887,0.1288823522063913,0.9584855977618283,2,0.15406177193775353,0.03386085815770748,0.05934998001869149,0.03867355423372177,0.05407335068841582,0.08686675076312719,0.00010009879395626628,5,48,0.038841553030770734,0.2505749738777963,True,False,False,0.0001767894217378024,COMPLETE
1336,0.21417676806449892,2025-04-17 21:48:10.946797,2025-04-17 21:48:21.627351,0 days 00:00:10.680554,0.10058045934976437,0.9076706347135417,2,0.17189624250793611,0.019701521016898843,0.09193747022949486,0.03670041149097317,0.04918159320173037,0.08213931051036955,0.00014861391655851333,7,42,0.03739201491664955,0.24546737683713254,True,False,True,0.00013696108171669448,COMPLETE
1337,0.1024670884013176,2025-04-17 21:48:22.064920,2025-04-17 21:48:32.180543,0 days 00:00:10.115623,0.14470030197894068,0.9231274132959252,2,0.15952261108711507,0.03987254552223085,0.03694975645945299,0.0406549896848671,0.05513763898144235,0.08743893666614552,0.00016278739465165894,6,45,0.04004820882459195,0.020968296092031546,True,True,False,0.00015866313215368345,COMPLETE
1338,0.4516466915607453,2025-04-17 21:48:32.615854,2025-04-17 21:48:43.080091,0 days 00:00:10.464237,0.13360827278995369,0.9041206765832915,2,0.14418628768871566,0.031209487014615137,0.0895563332436072,0.0349214643118286,0.052697442954886785,0.08501050616726773,0.00012172279718333982,5,41,0.04113741532018535,0.25409784336095054,True,False,False,0.00011004449762183978,COMPLETE
1339,0.45465413331985477,2025-04-17 21:48:43.537621,2025-04-17 21:48:53.978245,0 days 00:00:10.440624,0.11343680737527705,0.9219118842198386,2,0.16365201427262396,0.025568478277284663,0.05639743589137075,0.041825273861576584,0.049123308625267405,0.08961001709808124,0.0001805845706654452,5,40,0.043585690614151504,0.25126213831969935,True,False,False,0.00012065434993317806,COMPLETE
1340,0.44623932838439945,2025-04-17 21:48:54.418821,2025-04-17 21:49:05.591236,0 days 00:00:11.172415,0.07655642310250388,0.8950618094299819,2,0.16869815779266834,0.03624736182129455,0.09342807370442487,0.0401769330425404,0.050364324969087035,0.08884586016036768,0.000154525644822152,6,45,0.04234646963358172,0.2657688322000183,True,False,False,8.445305321257333e-05,COMPLETE
1341,0.44699166417121894,2025-04-17 21:49:06.039843,2025-04-17 21:49:16.516335,0 days 00:00:10.476492,0.1606279981796491,0.9205215029349536,2,0.15356785563067812,0.04234227085967607,0.0666389810649793,0.03854851215647333,0.04790578191093873,0.09020959038347018,0.00019277150378815217,5,39,0.03540036472220888,0.2555391275721208,True,False,False,0.0001654461344577953,COMPLETE
1342,0.33326887488365176,2025-04-17 21:49:16.961740,2025-04-17 21:49:28.581682,0 days 00:00:11.619942,0.09518899080854781,0.9494032368053329,2,0.15575049724881326,0.015087709208410374,0.09785423873827706,0.04199206749860551,0.0522760254839507,0.09334703674220886,0.00014551036768061445,7,43,0.03771089405003894,0.24260151615753808,False,False,False,5.231737949130859e-06,COMPLETE
1343,0.43153237700462344,2025-04-17 21:49:29.026384,2025-04-17 21:49:40.191902,0 days 00:00:11.165518,0.15415795399609225,0.8874771389517828,2,0.14966758046848022,0.029424020261677654,0.046672951478664036,0.038905336275979106,0.04543068007991946,0.08537842412572612,0.00018714774786975322,6,49,0.04094233770189224,0.2612177604000578,True,False,False,7.367873293296963e-05,COMPLETE
1344,0.45934509038925175,2025-04-17 21:49:40.632733,2025-04-17 21:49:51.038893,0 days 00:00:10.406160,0.14578603878128563,0.8979407014191945,2,0.16773641915581344,0.020502903411481962,0.0858423213285386,0.04036035095596258,0.04293907430956577,0.08809550863875738,0.0002055470535870309,5,41,0.03935022010665001,0.2500952614143023,True,False,False,0.00013855202785551367,COMPLETE
1345,0.09234625697135926,2025-04-17 21:49:51.478249,2025-04-17 21:50:02.386756,0 days 00:00:10.908507,0.1311396892640027,0.919487966948382,2,0.16518435919591515,0.00026493651447501154,0.08998324289065061,0.0358997946867276,0.041920553895387035,0.08411521738673552,0.00012549974003605148,6,38,0.038838822960316585,0.24528526001276524,True,False,False,0.00018133234096483116,COMPLETE
1346,0.09234625697135926,2025-04-17 21:50:02.821012,2025-04-17 21:50:13.106806,0 days 00:00:10.285794,0.1643824433258692,0.9094919882521905,2,0.17008726080433717,0.008928475656258053,0.04077901722547552,0.0390289255426628,0.04267256204829106,0.08766485004872986,0.00015823037333780474,5,36,0.03459880008695517,0.24471570645462504,True,False,False,0.0001871398954983521,COMPLETE
1347,0.3534764349460602,2025-04-17 21:50:13.563531,2025-04-17 21:50:24.045267,0 days 00:00:10.481736,0.17383403866123734,0.9353272985431658,2,0.15943651409124865,0.01190780777622661,0.08770772954370386,0.0013525130861555684,0.04167809158309331,0.08954711339062782,0.0001821927061868101,5,40,0.03750179822480388,0.24300990890111074,True,False,False,0.00015590270960803905,COMPLETE
1348,0.36826888322830204,2025-04-17 21:50:24.487968,2025-04-17 21:50:36.207995,0 days 00:00:11.720027,0.13750746381409257,0.9010432144820557,2,0.17891290099386628,0.012887777143029338,0.08621104456163985,0.03693875652486538,0.042520127087905424,0.08668932500309968,0.00014704505155033906,7,38,0.040428563506018055,0.0658378846444082,True,False,False,0.00013455689624380603,COMPLETE
1349,0.4512420117855072,2025-04-17 21:50:36.648350,2025-04-17 21:50:47.667257,0 days 00:00:11.018907,0.12495707978603765,0.8957881159787157,2,0.1733770715323127,0.016831105290296834,0.050265562978978356,0.042990170339144075,0.04381074097122408,0.09194777323848588,0.00019950294367806224,6,41,0.03688569715381809,0.24678790632123626,True,False,False,0.00018758106189209687,COMPLETE
1350,0.38459360003471377,2025-04-17 21:50:48.108982,2025-04-17 21:50:55.724601,0 days 00:00:07.615619,0.1481006801593849,0.9499094834155868,8,0.15501454055109712,0.020557396068347708,0.054106408508252254,0.042611769823547016,0.04310258068154633,0.08757205987252846,0.0001142115416114513,5,35,0.03977618539222392,0.2503014274832934,True,False,False,0.00013634915781708334,COMPLETE
1351,0.4557564437389374,2025-04-17 21:50:56.163794,2025-04-17 21:51:07.305633,0 days 00:00:11.141839,0.10839093110176459,0.9110606922080178,2,0.16931263388544435,0.02012110760669886,0.06343451620421003,0.040433805126425026,0.04541608587111013,0.09154009253543631,0.0001728086884090828,6,39,0.03810066957555029,0.2513314395436196,True,False,False,0.00013634652230312862,COMPLETE
1352,0.4139369010925293,2025-04-17 21:51:07.745741,2025-04-17 21:51:18.209575,0 days 00:00:10.463834,0.17420708631865695,0.9326258941684298,2,0.16625016265016812,0.016434500195383277,0.09110936453788872,0.03343101554928593,0.041240851580307505,0.09131329315691544,0.00022203968925413043,5,33,0.03493121007115679,0.2549873089646522,True,False,False,0.00022068085919006435,COMPLETE
1353,0.09234625697135926,2025-04-17 21:51:18.647006,2025-04-17 21:51:29.583206,0 days 00:00:10.936200,0.19159418987211024,0.8972667733906261,2,0.1614030106730485,0.008254700794555207,0.08852339370637642,0.04334450610608895,0.04414049332450289,0.08808514136352442,0.00021167300349669496,6,41,0.03993274970616816,0.15616607892408702,True,False,False,0.00011740191060284035,COMPLETE
1354,0.448944753408432,2025-04-17 21:51:30.043435,2025-04-17 21:51:40.452002,0 days 00:00:10.408567,0.143913909824706,0.885248758516777,2,0.16255863110951013,0.023817406493630542,0.03455340196315811,0.0372378531684987,0.04115248728450103,0.083530276790619,0.00013509761884927015,5,36,0.04123251697375396,0.24256502127500057,True,False,False,0.0001545550573119108,COMPLETE
1355,0.1867378383874893,2025-04-17 21:51:40.900796,2025-04-17 21:51:50.968636,0 days 00:00:10.067840,0.16151072445561163,0.9247810733315922,2,0.1612202008014056,0.021531119698911604,0.08595801405724926,0.04157665131327311,0.04442374362710725,0.0904901194713013,0.00017020207223936984,6,38,0.03684633771903238,0.24972787481309836,True,False,True,9.817634477970991e-05,COMPLETE
1356,0.09234625697135926,2025-04-17 21:51:51.415853,2025-04-17 21:52:02.270074,0 days 00:00:10.854221,0.11963745839228891,0.8805953272021139,2,0.14914011622368062,0.006903221192585116,0.024313983369693447,0.044253020899877746,0.046143180199751485,0.08494453022404305,0.00010489244516137136,7,71,0.03891436072014221,0.24080422429777973,True,True,False,0.00019658342479425946,COMPLETE
1357,0.4570259690284729,2025-04-17 21:52:02.710883,2025-04-17 21:52:13.135185,0 days 00:00:10.424302,0.0974192303313213,0.8974309330130418,2,0.17488734081981244,0.024193820863521443,0.06867999858234167,0.04043561380901284,0.04652558497949735,0.0861344468860139,0.00020883654720453502,5,41,0.04201435911659888,0.2550178661115799,True,False,False,0.0001267867670181041,COMPLETE
1358,0.4297371566295624,2025-04-17 21:52:13.580663,2025-04-17 21:52:24.704503,0 days 00:00:11.123840,0.13908487690626475,0.9618913091598119,2,0.15559076072444658,0.015310496162759656,0.0440250148207294,0.04348239552523942,0.04304862370400129,0.08899789907073138,0.00025107093767758927,6,43,0.041696287190890115,0.24842553706412274,True,False,False,9.709193438497674e-05,COMPLETE
1359,0.44909449815750124,2025-04-17 21:52:25.145134,2025-04-17 21:52:35.548729,0 days 00:00:10.403595,0.18275458397584418,0.8853587715028727,2,0.14953752511073143,0.02784967975481049,0.08755201990528065,0.04518115742987698,0.04499293075474375,0.08247307504115758,0.0001527821619548897,5,36,0.032431734759945124,0.256218040288739,True,False,False,0.00014745159864435205,COMPLETE
1360,0.4525288999080658,2025-04-17 21:52:36.008020,2025-04-17 21:52:47.078582,0 days 00:00:11.070562,0.15932149779546598,0.9123952570245163,2,0.1566736438399631,0.02204614330859994,0.05922161747840621,0.038958647414121785,0.0411026381920451,0.09162990823075516,0.00018559615581051998,6,32,0.04236154988528366,0.25825142512228755,True,False,False,1.4101588569624804e-07,COMPLETE
1361,0.29177569150924687,2025-04-17 21:52:47.521292,2025-04-17 21:52:57.922333,0 days 00:00:10.401041,0.11484736201153894,0.872307206671079,2,0.16438327124566876,0.02847927041751347,0.09213901971659068,0.04194245435741659,0.04680600220379139,0.08843179628057483,0.0002459864659401925,5,62,0.0395203944057093,0.24964661061782098,False,False,False,1.3958407710346532e-08,COMPLETE
1362,0.38636150956153875,2025-04-17 21:52:58.366101,2025-04-17 21:53:05.815491,0 days 00:00:07.449390,0.13993723757474008,0.9332609993095381,16,0.14576285582301776,0.01776787605706721,0.0897698831506361,0.035403344109827053,0.043004663722154834,0.08093226792181452,0.00020479294148432017,7,39,0.043476294802676216,0.24084448415641382,True,False,False,1.1446349980373894e-06,COMPLETE
