number,value,datetime_start,datetime_complete,duration,params_alpha-eval,params_alpha-train,params_batch-size,params_eps-eval,params_eps-train,params_lambda-actions-eval,params_lambda-actions-train,params_lambda-frames-eval,params_lambda-frames-train,params_learning-rate,params_n-epochs,params_n-frames,params_radius-gw,params_rho,params_std-feats,params_ub-actions,params_ub-frames,params_weight-decay,state
113,0.43110477924346924,2025-04-17 17:42:25.021703,2025-04-17 17:42:34.257005,0 days 00:00:09.235302,0.9731893494017623,0.6496573637726961,16,0.14922231605427483,0.07411518834522281,0.04398314048857949,0.06349409298711835,0.08247593866423332,0.09899208289673674,3.455873053808096e-05,27,7,0.07721974542078783,0.07130028384933995,True,False,False,1.7053929759220468e-08,COMPLETE
114,0.43712384104728697,2025-04-17 17:42:34.295148,2025-04-17 17:42:43.370134,0 days 00:00:09.074986,0.9368338720404755,0.4639792387654889,16,0.16721427131601527,0.06556532443918366,0.03468677678281495,0.0711845904706192,0.09926236973722255,0.0961809823625027,3.790495100938494e-05,26,5,0.08352948924000883,0.0820681299585923,True,False,False,3.868267447966402e-08,COMPLETE
115,0.43571321964263915,2025-04-17 17:42:43.409092,2025-04-17 17:42:52.676960,0 days 00:00:09.267868,0.9401736215556741,0.46200267325088645,16,0.1663578005478425,0.062251269734480176,0.037178761792868206,0.06921074557017567,0.09816799629008575,0.09507225543724986,5.3361365714244146e-05,27,6,0.08516143696282626,0.05074500816459468,True,False,False,3.9331646586989535e-08,COMPLETE
116,0.4097761034965516,2025-04-17 17:42:52.715551,2025-04-17 17:43:01.820290,0 days 00:00:09.104739,0.9389142261887015,0.4653097655598577,16,0.19137205290305404,0.06316738906566507,0.035095882929157676,0.07180883654162547,0.09509881501069604,0.095454069318456,1.3319182372828064e-05,27,5,0.08322885383983729,0.051652385698660916,True,False,False,3.681687784315477e-08,COMPLETE
117,0.41884505748748785,2025-04-17 17:43:01.859654,2025-04-17 17:43:11.261531,0 days 00:00:09.401877,0.9188322971484703,0.4844443288777627,16,0.20878303961148215,0.0825145858204678,0.03620220760969534,0.06933414375610095,0.09927349789514453,0.09995995319430495,5.0412772338174234e-05,28,9,0.09036669060871041,0.08359752077652842,True,False,False,5.711306888011681e-08,COMPLETE
118,0.09234625697135926,2025-04-17 17:43:11.301036,2025-04-17 17:43:19.649660,0 days 00:00:08.348624,0.8679054841374215,0.49334364750001963,16,0.1664280240639379,0.05126094438586097,0.03721728782051486,0.07399873195178605,0.09040924299227632,0.09509267799923249,2.9336131539262848e-05,25,16,0.09597386430391164,0.07739066326858401,True,True,True,1.0620750141611e-08,COMPLETE
119,0.4277761399745942,2025-04-17 17:43:19.689265,2025-04-17 17:43:28.729929,0 days 00:00:09.040664,0.8943402397562414,0.41987925843205504,16,0.15472903591602818,0.09134912340697046,0.026435220217801383,0.06463991356510251,0.09781674109092654,0.0966115942527745,1.06127910627253e-05,26,5,0.08445503059262632,0.11900971392217967,True,False,False,3.297749566716433e-08,COMPLETE
120,0.2546475410461426,2025-04-17 17:43:28.768789,2025-04-17 17:43:40.223894,0 days 00:00:11.455105,0.9529232649112251,0.4384350693372469,16,0.1778686171598347,0.041765568070176284,0.03176970846379777,0.06172549478540282,0.0934478818449658,0.09256093775136126,3.914816799759471e-05,27,131,0.08141377150485508,0.051193528751245686,True,False,False,1.7150563757739236e-08,COMPLETE
121,0.4196601629257203,2025-04-17 17:43:40.263918,2025-04-17 17:43:49.453234,0 days 00:00:09.189316,0.9989281804305539,0.523437827685116,16,0.15991147525519525,0.07467884746540512,0.03363004417004963,0.067499564314356,0.0850974440358067,0.09424240055657007,5.954656607443629e-05,26,10,0.08785331188358105,0.06147898314700903,True,False,False,4.860057655604949e-08,COMPLETE
122,0.43437543511390686,2025-04-17 17:43:49.493336,2025-04-17 17:43:58.678417,0 days 00:00:09.185081,0.9150853546926453,0.9957680445173998,16,0.1343717386606763,0.06093259563903476,0.04122814865220747,0.07125501800558931,0.08103577451299217,0.0981295775639201,0.0001111948009227712,25,14,0.07473280395895483,0.0894000142766483,True,False,False,2.571494615562613e-08,COMPLETE
123,0.43282932043075567,2025-04-17 17:43:58.727921,2025-04-17 17:44:07.831584,0 days 00:00:09.103663,0.9096468954044011,0.9750107731461772,16,0.13820815058617605,0.06517607537722116,0.042086228145514396,0.06982796665582001,0.08698697099939523,0.09766800413483279,0.00012139965387086164,25,14,0.07892912111452077,0.09457170256744003,True,False,False,2.5841438181942082e-08,COMPLETE
124,0.43238067626953125,2025-04-17 17:44:07.873749,2025-04-17 17:44:16.959807,0 days 00:00:09.086058,0.9109674125295926,0.4650191772377971,16,0.13505375408422277,0.0638964304010634,0.04213467673232137,0.0753801024788008,0.08098583253069495,0.09825056953579299,0.00013404544486414342,24,15,0.07979705262545149,0.10386737339625361,True,False,False,2.04269739631961e-08,COMPLETE
125,0.4321736335754395,2025-04-17 17:44:17.000519,2025-04-17 17:44:26.331325,0 days 00:00:09.330806,0.9373967096108409,0.9690581013854282,16,0.14306848667727284,0.0542504612640492,0.040412291257991735,0.06962233395135328,0.08813225298079744,0.09691609606155659,0.00011237051380022402,25,23,0.07868671755555984,0.0952908447875302,True,False,False,2.4735655773067403e-08,COMPLETE
126,0.2561700701713562,2025-04-17 17:44:26.372987,2025-04-17 17:44:35.570303,0 days 00:00:09.197316,0.885634936969642,0.9872236614343488,16,0.1263959718330566,0.05990934155795759,0.0379160903430667,0.07821832369727807,0.09024228517131402,0.0997828598112944,0.00020181524360712123,24,73,0.0922714443224197,0.0895783231196659,False,False,False,4.1922850452876465e-08,COMPLETE
127,0.4291964948177338,2025-04-17 17:44:35.611976,2025-04-17 17:44:44.860287,0 days 00:00:09.248311,0.8683134019778638,0.8852036057474313,16,0.13192817705102441,0.07021622667056303,0.04357380755751471,0.06529512423204081,0.09688549173272346,0.09459900124236634,0.0001024270929901177,25,12,0.08302981176911096,0.09906623115356294,True,False,False,2.9687211068175396e-08,COMPLETE
128,0.43170356154441836,2025-04-17 17:44:44.902896,2025-04-17 17:44:53.916220,0 days 00:00:09.013324,0.9051456702992329,0.9030254721639065,16,0.14809267403417847,0.08041758158339238,0.04726170663101232,0.07178701108754183,0.07983409206353745,0.09115895711432587,8.730587110431918e-05,23,20,0.07494143458842342,0.07396616886078766,True,False,False,1.8147940909055286e-08,COMPLETE
129,0.4275554656982422,2025-04-17 17:44:53.960407,2025-04-17 17:45:01.802904,0 days 00:00:07.842497,0.9804246285503192,0.9531404674082572,16,0.10676518664975819,0.04651663837221335,0.039124561220197696,0.06806351743163097,0.0866223680857669,0.0978863800874789,0.00015235829507785048,15,5,0.0773037943506577,0.0866865715162077,True,False,False,5.715849986949439e-08,COMPLETE
130,0.4304583311080933,2025-04-17 17:45:01.846147,2025-04-17 17:45:11.079547,0 days 00:00:09.233400,0.9261278945171585,0.8327487493802879,16,0.12047314869014993,0.06686916819894365,0.03483259957172435,0.06004933675913572,0.08444920791257252,0.09588277386038459,2.3359836926099988e-05,26,15,0.08710576989900522,0.12225529150773787,True,False,False,1.3334754780508038e-08,COMPLETE
131,0.43425526022911076,2025-04-17 17:45:11.123665,2025-04-17 17:45:20.135268,0 days 00:00:09.011603,0.923279001445346,0.534895473412911,16,0.1373141816890952,0.06042864741399395,0.0417014999008888,0.07485454075050418,0.08147997173075917,0.09830364380267649,0.00013676276840117425,24,15,0.07928949194933262,0.10135290470970199,True,False,False,2.2386313340245363e-08,COMPLETE
132,0.4295576632022858,2025-04-17 17:45:20.179034,2025-04-17 17:45:29.416659,0 days 00:00:09.237625,0.9358165673954454,0.5352410636960598,16,0.1340665576705714,0.058216909842475,0.04196916913802894,0.07425654663261139,0.07630926808301836,0.09986064556806959,6.294660597059188e-05,25,11,0.047852774448446836,0.111106733593942,True,False,False,2.9679293722207612e-08,COMPLETE
133,0.43007974624633794,2025-04-17 17:45:29.461022,2025-04-17 17:45:38.212897,0 days 00:00:08.751875,0.8455217366679885,0.381175069981871,16,0.13924716896300932,0.07608681100715503,0.05003712956996532,0.07074680104894483,0.08309257916562521,0.09252549526732044,0.08291902798084551,22,8,0.08138263139229628,0.08241009633232688,True,False,False,1.2149567753800212e-08,COMPLETE
134,0.3477182745933533,2025-04-17 17:45:38.257259,2025-04-17 17:45:47.735113,0 days 00:00:09.477854,0.9031320807906075,0.509568951504749,16,0.15261159162069185,0.05155467510037599,0.04746958777735699,0.07685937540650653,0.09980150380203781,0.09648250694832683,0.00011988124603538502,24,60,0.08548601929386324,0.07147607415370584,True,False,False,2.3204185832275043e-08,COMPLETE
135,0.4319242417812348,2025-04-17 17:45:47.779504,2025-04-17 17:45:57.042366,0 days 00:00:09.262862,0.9675248150467284,0.43762345204082714,16,0.16870548080761602,0.03950534620939963,0.04519267511209536,0.08402092286377942,0.07869233517808825,0.0940688476769531,0.00017666993400973407,26,18,0.07254740661359182,0.106621959219501,True,False,False,7.817991041415171e-08,COMPLETE
136,0.27938426136970523,2025-04-17 17:45:57.087368,2025-04-17 17:46:08.253404,0 days 00:00:11.166036,0.9200844131722423,0.939505942211829,16,0.1440663580140725,0.08244558651729188,0.03800535887143529,0.07325370827889988,0.08992053290746214,0.08940955357129503,8.178430887882276e-05,23,149,0.07489993621712758,0.1793050449106743,True,False,False,3.8463503758473234e-08,COMPLETE
137,0.42729843258857725,2025-04-17 17:46:08.298445,2025-04-17 17:46:17.540456,0 days 00:00:09.242011,0.876132290088928,0.48141102518828366,16,0.1259813999969699,0.06924875101445527,0.040908030834635706,0.07942495016065274,0.09322465408066213,0.09824396392080079,4.555786600289634e-05,25,14,0.07939931166234915,0.07887846357765378,True,False,False,1.590096515846257e-08,COMPLETE
138,0.3468006491661072,2025-04-17 17:46:17.594338,2025-04-17 17:46:26.600440,0 days 00:00:09.006102,0.28965940227622416,0.5757941133308395,16,0.28066139733330475,0.07388703034496392,0.035836538772820906,0.006485004113976539,0.0803186305999702,0.0955225811196031,0.0002150873663117289,24,10,0.08428241194125442,0.09649742964917757,True,False,False,2.5389827388987843e-08,COMPLETE
139,0.21219959259033205,2025-04-17 17:46:26.647531,2025-04-17 17:46:34.752297,0 days 00:00:08.104766,0.9426599023776667,0.9964639456783271,16,0.11735400380770489,0.09307126792460726,0.030984681684422026,0.06320038985384868,0.08839302836128705,0.09202295249808634,9.825455586930036e-05,20,24,0.07761446053472008,0.06218027535694975,True,False,True,4.6365818419818885e-08,COMPLETE
140,0.4155678749084473,2025-04-17 17:46:34.798688,2025-04-17 17:46:44.159639,0 days 00:00:09.360951,0.894838840446448,0.8433966696671328,16,0.13679474346949125,0.06291173591930777,0.043961599841450795,0.06669530518856671,0.09604711558136668,0.0976547568115571,6.927473323270364e-05,25,18,0.04528038105636431,0.14918059277932003,True,False,False,1.9287760470152834e-08,COMPLETE
141,0.4326897978782654,2025-04-17 17:46:44.206381,2025-04-17 17:46:53.425921,0 days 00:00:09.219540,0.9577853333061291,0.46501101421488017,16,0.13083325141226743,0.20083532604509793,0.039247099104913634,0.07539263789797714,0.0828795215038554,0.09830784135393776,0.00014929316491845289,24,15,0.08136776609911249,0.10915866277624703,True,False,False,2.0519080656996406e-08,COMPLETE
142,0.4281379640102387,2025-04-17 17:46:53.473914,2025-04-17 17:47:02.672206,0 days 00:00:09.198292,0.9645201166394854,0.4536339056452373,16,0.1293241174892633,0.20383341229644786,0.03855427589274146,0.06946266554578838,0.08417101357452363,0.09421235904458627,0.00013813156716639742,26,8,0.08107610474866994,0.10896442363497036,True,False,False,3.168723698393997e-08,COMPLETE
143,0.4284947633743287,2025-04-17 17:47:02.719568,2025-04-17 17:47:11.866321,0 days 00:00:09.146753,0.9509365675429213,0.5019987558113839,16,0.14828868772216397,0.05507133684454857,0.03435909908392251,0.07545739053818666,0.07593089357998176,0.09824555251143643,0.0003010173531194111,24,13,0.05206050736767929,0.11736075494127374,True,False,False,5.880564205340839e-08,COMPLETE
144,0.428920727968216,2025-04-17 17:47:11.915259,2025-04-17 17:47:20.653099,0 days 00:00:08.737840,0.9244695630502349,0.5435270178635594,16,0.13963022392637991,0.17483571909146672,0.025397533620360888,0.07204860403838839,0.08790632087359312,0.096135140637862,3.4486886746426695e-05,23,5,0.07630577665896209,0.08753525072873147,True,False,False,1.0777889260945501e-08,COMPLETE
145,0.2444605052471161,2025-04-17 17:47:20.701563,2025-04-17 17:47:29.330272,0 days 00:00:08.628709,0.974112692350504,0.5255142655682701,16,0.15243265416539317,0.2083625442223711,0.04139246467226043,0.06976976461409429,0.08273577450053281,0.09976143570555111,0.00017037686738853537,28,11,0.07177452087923815,0.042144589221693875,True,True,False,2.6275932775438117e-08,COMPLETE
146,0.4293736457824707,2025-04-17 17:47:29.379445,2025-04-17 17:47:48.159652,0 days 00:00:18.780207,0.8891714573330579,0.42379148334248956,2,0.10792708411176309,0.2498307236354449,0.03651790473345958,0.0771681221351209,0.08598561394056957,0.08993663565164008,5.4828261131024496e-05,18,16,0.08245425106407292,0.06847779441570467,True,False,False,3.533403072596176e-08,COMPLETE
147,0.4349851131439209,2025-04-17 17:47:48.208469,2025-04-17 17:47:57.744466,0 days 00:00:09.535997,0.9837816046998119,0.40096117479866167,16,0.16539017669134787,0.04478340238043411,0.03982366289054788,0.08868393900736851,0.09106221244210007,0.09349101012731098,0.00011375628093083972,26,20,0.08858925443496699,0.09208189405977195,True,False,False,2.068494495843631e-08,COMPLETE
148,0.2976019263267517,2025-04-17 17:47:57.794425,2025-04-17 17:48:07.011836,0 days 00:00:09.217411,0.9951682005266889,0.3967956318471681,16,0.1651008960962448,0.043929070665674294,0.0431050396904034,0.08891247007328705,0.09187534510306257,0.08712453991357154,0.0001118530221698951,26,29,0.09045977743107453,0.09854658875511008,False,False,False,1.480512720632405e-08,COMPLETE
149,0.418530148267746,2025-04-17 17:48:07.061061,2025-04-17 17:48:16.482127,0 days 00:00:09.421066,0.9796927715990651,0.76219694523995,16,0.18405440503349538,0.23503680339761093,0.04668730122889513,0.06530491766923395,0.09399147729833857,0.09628050070076967,8.535987503111047e-05,27,22,0.08836608779609516,0.09210200014836682,True,False,False,2.003984440228974e-08,COMPLETE
150,0.4341232776641846,2025-04-17 17:48:16.531352,2025-04-17 17:48:25.607418,0 days 00:00:09.076066,0.9480538954732378,0.33741343908324517,16,0.17009648696074078,0.03528288321589253,0.02809851051713252,0.07319281603200684,0.08696575978393209,0.03751831696692372,7.355491457447241e-05,24,19,0.09216904550763885,0.099992105796055,True,False,False,1.0152175272637104e-08,COMPLETE
151,0.4359335899353028,2025-04-17 17:48:25.665453,2025-04-17 17:48:34.800169,0 days 00:00:09.134716,0.9454874958982447,0.3529544239207577,16,0.16085419636668555,0.03338146564712133,0.027336503803573525,0.06804144271701995,0.09005970812969182,0.03884800075278304,0.00013817647898841276,24,19,0.09255843989260935,0.12419524097660592,True,False,False,1.0333693167126145e-08,COMPLETE
152,0.4356411874294281,2025-04-17 17:48:34.850535,2025-04-17 17:48:44.071058,0 days 00:00:09.220523,0.9412251672972255,0.3684606630607996,16,0.16962552194638222,0.02773895667534624,0.028705911839153546,0.07363346149294556,0.08684591484972427,0.04050026397605319,0.0001416440064118228,25,20,0.09357093836499314,0.12760005085900628,True,False,False,1.1678908009168384e-08,COMPLETE
153,0.4334787964820862,2025-04-17 17:48:44.120550,2025-04-17 17:48:53.081296,0 days 00:00:08.960746,0.9321146050054346,0.3473587562841496,16,0.1629674270012082,0.03494739928034648,0.028540828506411303,0.06785337512590683,0.0899145399741635,0.03961194974013591,0.00012976698790336018,22,31,0.09556833586997077,0.1286826897073023,True,False,False,1.0632904384119797e-08,COMPLETE
154,0.4347220003604889,2025-04-17 17:48:53.132009,2025-04-17 17:49:01.938108,0 days 00:00:08.806099,0.9145747869618801,0.343109026802358,16,0.17335101674274442,0.027467755849456457,0.021041631997079306,0.06750646911656263,0.09096873306276797,0.039162093599707064,0.00013137957383133885,21,26,0.099661978052277,0.14239162738546196,True,False,False,1.0889416310487872e-08,COMPLETE
155,0.43383371233940127,2025-04-17 17:49:01.988940,2025-04-17 17:49:10.960932,0 days 00:00:08.971992,0.9171042155933742,0.3404644696531225,16,0.17301220205441598,0.02659972007366681,0.02827301248164766,0.06753279801087653,0.09060474463953443,0.03849833421134677,0.00023865214166868097,22,31,0.09991753336155507,0.14780495713797726,True,False,False,1.0429055865689948e-08,COMPLETE
156,0.43207585215568545,2025-04-17 17:49:11.012169,2025-04-17 17:49:19.945765,0 days 00:00:08.933596,0.9299871255957392,0.35184890188860324,16,0.1743957034068361,0.018170929074996137,0.028079428521246112,0.06733570535511166,0.09073544889886408,0.0379513069688559,0.00018710139937557938,22,32,0.09874463187765882,0.14437302251159376,True,False,False,1.0453859992146472e-08,COMPLETE
157,0.4307824075222016,2025-04-17 17:49:19.996915,2025-04-17 17:49:28.883692,0 days 00:00:08.886777,0.9379644427487854,0.33369939985212105,16,0.1952868038700646,0.025040087530963075,0.02219060428713035,0.07294739531969556,0.09781221191677925,0.03454021431742597,0.00026675207417811947,21,39,0.09669821200198558,0.16298542581873643,True,False,False,1.0254733422350428e-08,COMPLETE
158,0.4379623711109162,2025-04-17 17:49:28.935986,2025-04-17 17:49:37.633617,0 days 00:00:08.697631,0.8688858733986018,0.37265084516350744,16,0.1832984402238756,0.031149234355192165,0.02898752575527835,0.09491789150655817,0.08936141900978296,0.03976442857353991,0.00022163651626646815,19,27,0.0952631728299687,0.1325539674372179,True,False,False,1.2670966552571938e-08,COMPLETE
159,0.3954241573810578,2025-04-17 17:49:37.685711,2025-04-17 17:49:46.415800,0 days 00:00:08.730089,0.8625366234344995,0.37045762313297004,16,0.18542251563586454,0.027840809189087695,0.019407728866564125,0.09103703503056751,0.09552917413999518,0.041976918883667086,0.00039292477240188654,19,46,0.09384687609052669,0.13398509957836024,True,False,False,1.5599959965691722e-08,COMPLETE
160,0.4304680049419403,2025-04-17 17:49:46.467335,2025-04-17 17:49:55.305447,0 days 00:00:08.838112,0.9142205307254534,0.326976930314622,16,0.17169505069245708,0.03266450170702676,0.022801126764967976,0.09501259043081985,0.08928911996468204,0.039693670033246864,0.00020927011571955146,20,37,0.09524190998986677,0.1435764194268536,True,False,False,1.402355675546111e-08,COMPLETE
161,0.4300221621990204,2025-04-17 17:49:55.357319,2025-04-17 17:50:04.052579,0 days 00:00:08.695260,0.8889504955137418,0.3516804674881208,16,0.1806852160047458,0.0223023164447016,0.02706911078465342,0.06722632196242465,0.09200089217547865,0.03268754188191671,0.0005537917388757106,19,35,0.09961674482972395,0.12428846765301502,True,False,False,1.240879760940952e-08,COMPLETE
162,0.09234625697135926,2025-04-17 17:50:04.115241,2025-04-17 17:50:12.727929,0 days 00:00:08.612688,0.9225863492932682,0.38024470177341413,16,0.16377611365506148,0.006853413607259808,0.014254192289454305,0.07291277642160958,0.08961894735246807,0.043664882917323136,0.0002429311990060993,21,28,0.09220190644497299,0.12829508348913446,True,False,False,1.003710012119162e-08,COMPLETE
163,0.4342617690563202,2025-04-17 17:50:12.781474,2025-04-17 17:50:21.863288,0 days 00:00:09.081814,0.9806599997724761,0.3395156523721217,16,0.1695670524086045,0.03518504223174309,0.029424057551220517,0.09398103747921842,0.09347954591427925,0.04608627215056435,0.00010603626989417802,22,32,0.0941852445609205,0.13823048564663162,True,False,False,1.5910376777294345e-08,COMPLETE
164,0.4386555910110474,2025-04-17 17:50:21.916890,2025-04-17 17:50:30.780778,0 days 00:00:08.863888,0.9780514869910354,0.34260324943296216,16,0.17648134352668965,0.03592433563916824,0.0291947997756203,0.09477951784815163,0.09444585880660455,0.0469555989239324,0.00013124583933292483,20,31,0.09786977708445063,0.16123045024382557,True,False,False,1.678802776023726e-08,COMPLETE
165,0.43687483072280886,2025-04-17 17:50:30.833495,2025-04-17 17:50:39.676626,0 days 00:00:08.843131,0.9985390375204803,0.3146929673811866,16,0.1759494215561448,0.015561183067700195,0.030411050159305304,0.09419678543548576,0.09426696534684756,0.04621698155096994,0.00010430047914052833,20,41,0.09697327385160054,0.14128172813551182,True,False,False,1.6909679718901255e-08,COMPLETE
166,0.4293758034706116,2025-04-17 17:50:39.731011,2025-04-17 17:50:48.196272,0 days 00:00:08.465261,0.9956676119927327,0.30536681727746195,16,0.19190199542135977,0.015198996074692607,0.02944319107130976,0.09516565854671548,0.09412353879175081,0.04699216388402213,9.647746379745872e-05,18,27,0.09751601787826952,0.15583928085539647,True,False,False,1.5136578579321755e-08,COMPLETE
167,0.43424488902091984,2025-04-17 17:50:48.250363,2025-04-17 17:50:57.050736,0 days 00:00:08.800373,0.9778923441734746,0.3245197214412383,16,0.201042470710611,0.03800780412846676,0.031931975613769495,0.0923253384003745,0.09724180542565611,0.05049909362289642,0.00017422426806210033,20,33,0.09331171722876318,0.14049844925606833,True,False,False,1.5992641055195073e-08,COMPLETE
168,0.43504816293716436,2025-04-17 17:50:57.106514,2025-04-17 17:51:05.875352,0 days 00:00:08.768838,0.9794127262779151,0.31665201237975193,16,0.21281100941338177,0.038829316369371245,0.031147873322755475,0.09214838259814076,0.09708654468728771,0.04920550429937276,0.00016796218740622036,20,36,0.09384970978281047,0.14036374187791917,True,False,False,1.7571129091549376e-08,COMPLETE
169,0.09508533626794816,2025-04-17 17:51:05.930907,2025-04-17 17:51:14.188096,0 days 00:00:08.257189,0.9859111593385561,0.39586100214928804,16,0.21493505076136252,0.04347306093193075,0.031845599680063445,0.09341660880205943,0.09788342732248012,0.050073856564710056,0.00015507673223146655,20,42,0.09463477804036226,0.13734963996775104,True,True,True,1.8406894990036014e-08,COMPLETE
