number,value,datetime_start,datetime_complete,duration,params_alpha-eval,params_alpha-train,params_batch-size,params_eps-eval,params_eps-train,params_lambda-actions-eval,params_lambda-actions-train,params_lambda-frames-eval,params_lambda-frames-train,params_learning-rate,params_n-epochs,params_n-frames,params_radius-gw,params_rho,params_std-feats,params_ub-actions,params_ub-frames,params_weight-decay,state
451,0.422654664516449,2025-04-17 19:02:20.144854,2025-04-17 19:02:32.980545,0 days 00:00:12.835691,0.706331472391533,0.09687167643099046,2,0.29873047066818464,0.056931695420709805,0.01416714913768773,0.04488372952278954,0.019096257275982298,0.03281447613165436,0.00039335530731971147,9,43,0.08697810523382135,0.17325655469359683,True,False,False,8.083178033296922e-05,COMPLETE
452,0.4435835182666779,2025-04-17 19:02:33.123781,2025-04-17 19:02:46.677601,0 days 00:00:13.553820,0.6649979644791332,0.02624215985476396,2,0.29300057065997237,0.06056423982293936,0.011143039858321083,0.03436059699194759,0.01908765123517781,0.03515450278054919,0.0003311507756892834,10,39,0.08422954165659512,0.16702588720144956,True,False,False,3.347921784723707e-05,COMPLETE
453,0.43144217729568485,2025-04-17 19:02:46.826759,2025-04-17 19:02:55.337472,0 days 00:00:08.510713,0.7002016946371715,0.011600191120440926,8,0.2888679218038911,0.06368308691830109,0.07568142526990629,0.040736274147872155,0.02125041364055541,0.03533088241399706,0.00025079764779430065,11,32,0.08690622515209544,0.17717434101555798,True,False,False,4.62940170212247e-05,COMPLETE
454,0.4494598865509033,2025-04-17 19:02:55.492157,2025-04-17 19:03:08.981123,0 days 00:00:13.488966,0.637669389526632,0.046396171339522924,2,0.2815508434306053,0.04943879766192788,0.012909417758786105,0.050057396252760275,0.016880207665686535,0.034144734935758,0.00044389790868047907,10,35,0.08454556673771316,0.17078327448484612,True,False,False,2.76994843711111e-05,COMPLETE
455,0.3140387058258057,2025-04-17 19:03:09.124785,2025-04-17 19:03:22.518183,0 days 00:00:13.393398,0.6436638129068515,0.133326686891192,2,0.2944320987812988,0.051315728319036046,0.014696164391777204,0.058007642953598004,0.014076272609994559,0.033173485803172614,0.0006541440426614243,10,39,0.08666295833507708,0.16729975064741132,False,False,False,3.197587179727073e-05,COMPLETE
456,0.4376666247844696,2025-04-17 19:03:22.661624,2025-04-17 19:03:35.090087,0 days 00:00:12.428463,0.6208599591849882,0.16195240285866377,2,0.28347324120380646,0.06399161489003233,0.01604203548614072,0.05516676673749368,0.018175441526081342,0.03396478318440627,0.0006009351058793067,8,32,0.08434822002015874,0.17375118013276833,True,False,False,4.1700017408570717e-05,COMPLETE
457,0.4429517686367035,2025-04-17 19:03:35.248643,2025-04-17 19:03:48.126350,0 days 00:00:12.877707,0.660079590133031,0.07003740692241239,2,0.2999737591838673,0.05594231790898371,0.013095623779671862,0.05073761512753891,0.017656734336067004,0.03651467199106799,0.0003900340848347755,9,37,0.08789002077877567,0.16057518628488573,True,False,False,2.601487790895899e-05,COMPLETE
458,0.41800896525382997,2025-04-17 19:03:48.271997,2025-04-17 19:04:02.425382,0 days 00:00:14.153385,0.7178698730986989,0.21764585162102038,2,0.28888023727637535,0.04790011462616853,0.01243429643437494,0.02129287230534361,0.012959985145352794,0.034232866531626965,0.0003332663628918324,11,42,0.0861995213262598,0.1798409837286865,True,False,False,3.106539592489194e-05,COMPLETE
459,0.4445482134819031,2025-04-17 19:04:02.571783,2025-04-17 19:04:16.261044,0 days 00:00:13.689261,0.6828126685130494,0.05451076678519315,2,0.2780716416453409,0.058602853812571805,0.00981943902892347,0.043919687369627286,0.015630951582001177,0.03725295866357484,0.00048698817782136,10,34,0.08372026210736783,0.2211374476258564,True,False,False,2.5227010420829836e-05,COMPLETE
460,0.429492998123169,2025-04-17 19:04:16.418432,2025-04-17 19:04:29.982959,0 days 00:00:13.564527,0.691127741278827,0.05119932017823238,2,0.2789942936116877,0.06839661897354105,0.016513212944247905,0.03782817590444364,0.01559464180810774,0.03146306231512054,0.0005481102428466743,10,30,0.08311949161570119,0.2209219418146631,True,False,False,2.4945039820433835e-05,COMPLETE
461,0.4456645667552948,2025-04-17 19:04:30.128812,2025-04-17 19:04:42.979724,0 days 00:00:12.850912,0.6813318612492735,0.08822397114913805,2,0.28638196147214967,0.060308202150307744,0.010837512892332741,0.04245906501919092,0.01001362203611431,0.03717317575333437,0.00046265094052066216,9,34,0.08849597909627085,0.21350661642649404,True,False,False,3.422369894029574e-05,COMPLETE
462,0.44430830478668215,2025-04-17 19:04:43.125867,2025-04-17 19:04:56.091795,0 days 00:00:12.965928,0.6745471411077029,0.09598641795432361,2,0.2897787621491591,0.06209432117385205,0.013227372416905843,0.04646137612288373,0.016773221065107424,0.03557876878105885,0.00048255666643625615,9,37,0.08535904285657751,0.22895745617516258,True,False,False,5.891577305022591e-05,COMPLETE
463,0.43195181488990786,2025-04-17 19:04:56.249936,2025-04-17 19:05:09.135138,0 days 00:00:12.885202,0.6699190434263972,0.09555901872722963,2,0.28648941800554306,0.06853992800255655,0.013733638234254913,0.046024166037026186,0.004194249282510528,0.03455201313686125,0.0004863594252527692,9,40,0.08489068170172874,0.22838665958081228,True,False,False,6.242061145138902e-05,COMPLETE
464,0.43906830549240117,2025-04-17 19:05:09.282355,2025-04-17 19:05:21.657321,0 days 00:00:12.374966,0.6751508418165014,0.07990350525936171,2,0.29158994067873373,0.0608470465397289,0.015861242453293116,0.0486780336066341,0.011821666423488239,0.03591352159169744,0.00045395352530451717,8,45,0.08306534049045841,0.23588474645397817,True,False,False,4.592145761540534e-05,COMPLETE
465,0.4498992502689362,2025-04-17 19:05:21.821632,2025-04-17 19:05:34.732229,0 days 00:00:12.910597,0.640733312459852,0.117031340895138,2,0.28314057035397716,0.0701609202958462,0.012615495932251199,0.04232171852617,0.009062450719950495,0.036068193847903954,0.000718624356298194,9,38,0.085565535440577,0.21843920224831287,True,False,False,3.925935741828251e-05,COMPLETE
466,0.4332443416118622,2025-04-17 19:05:34.880715,2025-04-17 19:05:48.467498,0 days 00:00:13.586783,0.6260799275623501,0.12268040885464652,2,0.27960248234196494,0.07127083738070616,0.011348464835398656,0.03966171690244935,0.006297432730526909,0.03686102812549485,0.000822090892656479,10,32,0.08765937260859583,0.21368950218418323,True,False,False,3.641320205037216e-05,COMPLETE
467,0.446458911895752,2025-04-17 19:05:48.617741,2025-04-17 19:06:00.382238,0 days 00:00:11.764497,0.6072278385633253,0.059496807171033686,2,0.28403585423799155,0.06280582581530626,0.011229652630454431,0.04186312197297537,0.010249668388136245,0.037170691106129895,0.000720757711602185,7,41,0.08177255822441436,0.2171815027734507,True,False,False,3.730445270812191e-05,COMPLETE
468,0.1329694926738739,2025-04-17 19:06:00.547713,2025-04-17 19:06:11.240492,0 days 00:00:10.692779,0.6360819508767488,0.11389491527383093,2,0.28474983525489056,0.06697033920603669,0.01482930472968868,0.04091837415434001,0.01060828718612377,0.03429691666113237,0.0009462534096417485,7,42,0.03098542620428418,0.21444112547894983,True,False,True,4.005496100507266e-05,COMPLETE
469,0.15027557909488679,2025-04-17 19:06:11.389357,2025-04-17 19:06:24.262911,0 days 00:00:12.873554,0.6474823731038929,0.07279930962528205,2,0.29529181102779567,0.056739033898861285,0.012337484367606526,0.04279639053476603,0.003752317302551513,0.03741497872114808,0.0006668893225485672,11,60,0.08151371280962143,0.21111982767997867,True,True,False,5.0523225195027804e-05,COMPLETE
470,0.4452052652835846,2025-04-17 19:06:24.411938,2025-04-17 19:06:35.425642,0 days 00:00:11.013704,0.5993480493203981,0.027881975728472744,2,0.2838926970903432,0.07482628996094531,0.016593034850082473,0.04380673568483516,0.010652459970042431,0.03167090769282657,0.0006103419218454339,6,40,0.08561441833536473,0.21721375281894978,True,False,False,3.549573479740635e-05,COMPLETE
471,0.4376471936702728,2025-04-17 19:06:35.586963,2025-04-17 19:06:47.916588,0 days 00:00:12.329625,0.5626315608291472,0.03846804144022352,2,0.2760078156455793,0.0770979032473374,0.017984042352743417,0.042982682708160136,0.009493899191688396,0.03157678740713579,0.0011458366376736653,8,45,0.07956527706286197,0.22029312102622742,True,False,False,3.443098643837717e-05,COMPLETE
472,0.4536929786205292,2025-04-17 19:06:48.068452,2025-04-17 19:07:00.337224,0 days 00:00:12.268772,0.6112390939763056,0.026068628329632974,2,0.29998074239874517,0.07434895575179158,0.015070160025300653,0.043295805641228605,0.007887273166720082,0.030248277445239318,0.00082118884653098,8,40,0.08208655109952442,0.20899121603047116,True,False,False,7.93259826550704e-05,COMPLETE
473,0.4358283698558808,2025-04-17 19:07:00.488635,2025-04-17 19:07:10.969587,0 days 00:00:10.480952,0.6111895571096149,0.057854930100039115,2,0.28919687505887764,0.0781521287849951,0.016898918740786854,0.042612101956066795,0.007482732573778919,0.03200022864145635,0.0009648764076169238,5,44,0.07626060595385228,0.2147012610154272,True,False,False,4.576553959641137e-05,COMPLETE
474,0.4461822271347046,2025-04-17 19:07:11.129746,2025-04-17 19:07:22.117726,0 days 00:00:10.987980,0.6015858661815873,0.03954289299725049,2,0.2853137644927156,0.08435851947781339,0.015281152752055823,0.03824007747443298,0.008954701775796398,0.03374616003983251,0.0006968883457662662,6,41,0.04054690032993777,0.2160398280518385,True,False,False,5.6327418411878764e-05,COMPLETE
475,0.3019159317016602,2025-04-17 19:07:22.270387,2025-04-17 19:07:33.225759,0 days 00:00:10.955372,0.5937225102620104,0.07085668987587043,2,0.2836327335535463,0.08100918931391894,0.016852940293374474,0.03915573656625766,0.008845571099997238,0.033878224128511505,0.0006776148771310653,6,47,0.08108121719402461,0.22492861025157654,False,False,False,8.344739592534343e-05,COMPLETE
476,0.4120979726314545,2025-04-17 19:07:33.389780,2025-04-17 19:07:44.484808,0 days 00:00:11.095028,0.6089118125879046,0.029195170384022473,2,0.2936408734961915,0.07336632965392913,0.014370506499757785,0.04094370171925763,0.007952293068731938,0.0315642542676974,0.0007563011182342925,6,43,0.027703425453127976,0.20769241722193138,True,False,False,6.833316452406993e-05,COMPLETE
477,0.43711035251617436,2025-04-17 19:07:44.637092,2025-04-17 19:07:52.409151,0 days 00:00:07.772059,0.6324174392039336,0.08674499742775768,8,0.28597202668785954,0.07072075572239907,0.01606075966908704,0.04256842303657985,0.004914308779554143,0.029559137521899953,0.0007220615895600225,6,41,0.08558098750211693,0.21633182241162935,True,False,False,5.663866026504418e-05,COMPLETE
478,0.44077482223510744,2025-04-17 19:07:52.558375,2025-04-17 19:08:04.357420,0 days 00:00:11.799045,0.5908209100960726,0.03811522931884069,2,0.275223496887284,0.08634571523727194,0.013971912045458213,0.03876277035811865,0.009516959279560647,0.02987712828947488,0.0005702757417020346,7,41,0.03621512589242055,0.20901585746745152,True,False,False,4.1159866381487606e-05,COMPLETE
479,0.3881614983081818,2025-04-17 19:08:04.520380,2025-04-17 19:08:14.944349,0 days 00:00:10.423969,0.5480824392816956,0.05406281416588305,2,0.28114093396309925,0.06226879243768026,0.01834150080567873,0.04747109578122862,0.013023022805928458,0.032196851942183524,0.0010883327181674535,5,44,0.04689293633305047,0.21992847174711175,True,False,False,7.679739861740577e-05,COMPLETE
480,0.44475522041320803,2025-04-17 19:08:15.094914,2025-04-17 19:08:26.702614,0 days 00:00:11.607700,0.6012485229406327,0.03310228883772999,2,0.2990678207606123,0.06941354646250125,0.015223792602724905,0.04438094418903277,0.01123419387521501,0.03286817662975856,0.0008105866574744247,7,40,0.04311130444106462,0.20957928463606612,True,False,False,5.239318362049635e-05,COMPLETE
481,0.44761895537376406,2025-04-17 19:08:26.854750,2025-04-17 19:08:37.915200,0 days 00:00:11.060450,0.6454115675654382,0.011977782037979773,2,0.29065123157329287,0.07931793471688861,0.01278859490115281,0.042096107817855416,0.006720139899089797,0.028152260691266334,0.0006269642174992511,6,38,0.04033248997232162,0.21505832788548837,True,False,False,3.1312167692145646e-05,COMPLETE
482,0.4289197683334351,2025-04-17 19:08:38.079531,2025-04-17 19:08:50.405396,0 days 00:00:12.325865,0.6381592182989186,0.01234899880005794,2,0.2892294722722222,0.08233352389217886,0.012955282571052357,0.036278591774037784,0.007397968025965679,0.03462299256787352,0.0007497782494190728,8,39,0.040365161434599894,0.2040428360647989,True,False,False,3.402675655314749e-05,COMPLETE
483,0.43987031579017644,2025-04-17 19:08:50.558585,2025-04-17 19:09:02.867345,0 days 00:00:12.308760,0.6474601540115749,0.06693286420191884,2,0.2999617187807462,0.06861372739769897,0.012300183069496116,0.041544797733393826,0.0015061552817624158,0.027802860094637807,0.0008791672788457967,8,38,0.04964923946297665,0.2132057149041367,True,False,False,4.342518865061506e-05,COMPLETE
484,0.2990430235862732,2025-04-17 19:09:03.033009,2025-04-17 19:09:14.734976,0 days 00:00:11.701967,0.6596536674016933,0.10450307883724205,2,0.2917372013799813,0.07658421094231961,0.01394891858303586,0.039550218896742345,0.004885138796318015,0.028859223627641113,0.0005763232956810553,7,50,0.03976474026429383,0.22445500333514554,True,False,False,2.9788895320839572e-05,COMPLETE
485,0.437422513961792,2025-04-17 19:09:14.888860,2025-04-17 19:09:27.772822,0 days 00:00:12.883962,0.6324476377976569,0.045717326588939323,2,0.2939924114974657,0.0839410587134215,0.01153933333233315,0.034159368047300485,0.006488825215824055,0.026244778691408243,0.0005875853001935887,9,45,0.07808102085958644,0.23316105273233326,True,False,False,5.5446300098244456e-05,COMPLETE
486,0.42325679063796995,2025-04-17 19:09:27.928227,2025-04-17 19:09:40.227676,0 days 00:00:12.299449,0.6561592668354681,0.01071742919217976,2,0.27365856117839693,0.09281132569609261,0.014653904051737185,0.03845356284417805,0.009869227383179652,0.03601068664654687,0.000415451016239892,8,42,0.02423558124600616,0.2071053651198806,True,False,False,3.1532987970198784e-05,COMPLETE
487,0.43271130919456485,2025-04-17 19:09:40.394306,2025-04-17 19:09:52.084986,0 days 00:00:11.690680,0.5735503393238592,0.08224671880338592,2,0.2874639870445057,0.06356998825261659,0.011380822548666568,0.04599076747680239,0.007850142445892959,0.02563751699907313,0.0006396720407500563,7,38,0.043672015128628935,0.20140617799838714,True,False,False,4.320264080768983e-05,COMPLETE
488,0.4440340042114258,2025-04-17 19:09:52.239157,2025-04-17 19:10:05.069976,0 days 00:00:12.830819,0.6789390790967943,0.057313570704576884,2,0.278814577583875,0.07624549316877899,0.012917062488007804,0.04176165924129524,0.00841603281605684,0.03005840836157516,0.0005253919709139872,9,38,0.03860614446321037,0.21724720023782498,True,False,False,2.882041185348965e-05,COMPLETE
489,0.09234625697135926,2025-04-17 19:10:05.232559,2025-04-17 19:10:15.237941,0 days 00:00:10.005382,0.6164428496409874,0.03072373862242688,2,0.29311606810644314,0.06526568993895361,0.011078636748255885,0.04345963708281591,0.020666648970307476,0.0375927359184422,0.0013198432070067186,6,41,0.04104726261268013,0.2117648560670193,True,True,True,7.04159370111124e-05,COMPLETE
490,0.41253633499145514,2025-04-17 19:10:15.405351,2025-04-17 19:10:29.612463,0 days 00:00:14.207112,0.6431083296335737,0.010474484851195134,2,0.2832075064495543,0.05473245736892847,0.015280102992662067,0.04520880281435263,0.013206864427711625,0.03406648683573922,0.0004395376067737708,11,37,0.03825594311674125,0.22342496519911142,True,False,False,3.695198753602974e-05,COMPLETE
491,0.42607759237289433,2025-04-17 19:10:29.769308,2025-04-17 19:10:42.798407,0 days 00:00:13.029099,0.5865624280745597,0.06805714157739623,2,0.2997282977166207,0.07141158144453755,0.0122363197282107,0.036574382287008496,0.0027829499280718874,0.02444013676779223,0.0007425759522817303,9,49,0.08234926754916212,0.20663234158052257,True,False,False,4.8517726937889004e-05,COMPLETE
492,0.4123169779777527,2025-04-17 19:10:42.966751,2025-04-17 19:10:56.490687,0 days 00:00:13.523936,0.6994377250564673,0.04674194942897444,2,0.2721442507062079,0.06007860407917427,0.017820778816215306,0.04149969214965374,0.010911547570609123,0.037643068793073074,0.0008587805499465183,10,38,0.0309946558393163,0.2150463025718803,True,False,False,2.7793618885720754e-05,COMPLETE
493,0.40586107969284063,2025-04-17 19:10:56.647556,2025-04-17 19:11:10.234167,0 days 00:00:13.586611,0.6623058405144872,0.0953156488710254,2,0.28867010135522636,0.05229054335691029,0.010576971774319637,0.048887879914431095,0.019743133284606897,0.036053022691717396,0.0003807909930236025,10,42,0.08360435028613548,0.19972224223418544,True,False,False,6.470530599530726e-05,COMPLETE
494,0.34692680835723877,2025-04-17 19:11:10.390277,2025-04-17 19:11:21.398651,0 days 00:00:11.008374,0.6217314442111884,0.03357923428624787,2,0.27862002996359786,0.06546474442118763,0.013365036996035288,0.039034644437468076,0.006902039337616517,0.005668532354365888,0.0009721963383979737,6,35,0.07995735214912114,0.2295566634287051,False,False,False,3.6822991504680694e-05,COMPLETE
495,0.43476119041442873,2025-04-17 19:11:21.568553,2025-04-17 19:11:33.350042,0 days 00:00:11.781489,0.6814190267939622,0.11737456818484739,2,0.2856071664781663,0.08828697177824685,0.010679190588057004,0.008550357251986369,0.014345983252869107,0.032943184833312156,0.0005038454026199273,7,37,0.045290600471483075,0.2195649389207471,True,False,False,2.1109846246740496e-05,COMPLETE
496,0.41308940649032594,2025-04-17 19:11:33.507502,2025-04-17 19:11:41.134909,0 days 00:00:07.627407,0.7176011428705255,0.04949780514028285,8,0.29345579465007204,0.05716064737709139,0.015124645769003398,0.034818243596151946,0.03413375249814049,0.0382394384974978,0.0006972400732834629,5,45,0.08295815307099874,0.21012191219553528,True,False,False,2.948277235291478e-05,COMPLETE
497,0.372140908241272,2025-04-17 19:11:41.293155,2025-04-17 19:11:55.599274,0 days 00:00:14.306119,0.52272598726601,0.027771780942098645,2,0.2791359585346616,0.07194130427885974,0.012871579542874134,0.03712856548564716,0.022430863516255537,0.030382685507747326,0.0004332249672652205,11,64,0.08534156348812194,0.22343821267846395,True,False,False,4.631648940879148e-05,COMPLETE
498,0.44633711576461793,2025-04-17 19:11:55.767752,2025-04-17 19:12:09.437928,0 days 00:00:13.670176,0.6254479859944206,0.07401523400610605,2,0.2889503315431879,0.07927479537885711,0.010725412552950463,0.043041488700400685,0.018448336766750388,0.035738172572757645,0.00036529291902521815,10,40,0.0809637851600146,0.2024702390321736,True,False,False,2.2729806664126435e-05,COMPLETE
499,0.41159471273422243,2025-04-17 19:12:09.596342,2025-04-17 19:12:22.539939,0 days 00:00:12.943597,0.6267233540235083,0.08040693047448644,2,0.2909488786328003,0.08173876020952474,0.016420088959922835,0.0430813355345948,0.041968041081269565,0.03504162904583108,0.0003457256901484129,9,42,0.03493195644985438,0.19976380073653272,True,False,False,2.3130081830748307e-05,COMPLETE
500,0.4459727287292481,2025-04-17 19:12:22.710415,2025-04-17 19:12:36.169159,0 days 00:00:13.458744,0.6486123002367701,0.06529046822902526,2,0.28659147980373495,0.07806230838265789,0.08952033788811334,0.04680377691176438,0.03722304159627671,0.03346042918727711,0.0005500754388698198,10,39,0.0804465104701841,0.2040436538199268,True,False,False,3.449913711592601e-05,COMPLETE
501,0.3442038297653198,2025-04-17 19:12:36.330119,2025-04-17 19:12:49.897952,0 days 00:00:13.567833,0.653392642594689,0.10353961586627916,2,0.2997917905410637,0.07961790333388964,0.08760580651990414,0.04752023102485714,0.036392515682179744,0.033060351346805794,0.0005131424265508137,10,46,0.04083835622547456,0.20438234158853047,True,False,False,3.314734379657228e-05,COMPLETE
502,0.43880652189254765,2025-04-17 19:12:50.056897,2025-04-17 19:13:03.586231,0 days 00:00:13.529334,0.6175295076055394,0.06676859810406627,2,0.2922475648969317,0.08560138356399627,0.0687572810106079,0.05278732392553041,0.03181418378383902,0.034229007964744936,0.00041606300514246544,10,40,0.07918812626073822,0.21219343167422275,True,False,False,3.89129958773908e-05,COMPLETE
503,0.43164955973625185,2025-04-17 19:13:03.755861,2025-04-17 19:13:17.869258,0 days 00:00:14.113397,0.6419573827320616,0.0846744014988868,2,0.2870254792885696,0.07485555173866446,0.010307963930954246,0.049853349010778265,0.0407244416535021,0.03032893083345973,0.0006563741041532948,11,43,0.07657183783336045,0.20221803963566012,True,False,False,5.8687619374387725e-05,COMPLETE
504,0.36798485517501833,2025-04-17 19:13:18.029319,2025-04-17 19:13:30.341710,0 days 00:00:12.312391,0.6010445254309735,0.13647329794815322,2,0.29272230878315847,0.07911148185035881,0.08972070077941306,0.04618896763482462,0.01838085134423911,0.027163594969349874,0.0005318496224804426,8,48,0.08008466659021309,0.2098295748072563,True,False,False,3.0103338069598997e-05,COMPLETE
505,0.43744224309921265,2025-04-17 19:13:30.515378,2025-04-17 19:13:43.991673,0 days 00:00:13.476295,0.6724909921646252,0.05953340327260136,2,0.2845901992930118,0.09323295843441468,0.052611728043945406,0.04154692518426997,0.009472498694165419,0.035377716274732934,0.0005949790983906445,10,40,0.08655618409481579,0.2153066017821799,True,False,False,4.2994035515729716e-05,COMPLETE
506,0.44424396753311163,2025-04-17 19:13:44.151423,2025-04-17 19:13:57.704810,0 days 00:00:13.553387,0.651499962663397,0.10358367915343297,2,0.29536278584953457,0.06970512765550135,0.014142385120457977,0.04406459258400673,0.03859173381411613,0.032986954719545644,0.0003871049584601562,10,39,0.08149049063372085,0.19625247403144927,True,False,False,2.8569683114553744e-05,COMPLETE
507,0.10614511370658875,2025-04-17 19:13:57.865139,2025-04-17 19:14:09.558612,0 days 00:00:11.693473,0.5829109809904875,0.0738822120724637,2,0.27815426992489056,0.08462015851690456,0.0740021888001014,0.04681393904195817,0.044856116680636736,0.03627756870930455,0.00048299491478510844,9,45,0.0775841317619134,0.20561361488686433,True,False,True,5.16656077583358e-05,COMPLETE
