number,value,datetime_start,datetime_complete,duration,params_alpha-eval,params_alpha-train,params_batch-size,params_eps-eval,params_eps-train,params_lambda-actions-eval,params_lambda-actions-train,params_lambda-frames-eval,params_lambda-frames-train,params_learning-rate,params_n-epochs,params_n-frames,params_radius-gw,params_rho,params_std-feats,params_ub-actions,params_ub-frames,params_weight-decay,state
1185,0.3967528879642487,2025-04-10 22:40:18.037125,2025-04-10 22:40:24.711096,0 days 00:00:06.673971,0.25299342683658144,0.04121940130463286,16,0.04669445250261588,0.021325385511972772,0.08505105835769876,0.0736759024294751,0.04216958803275938,0.03479912784871324,6.183433907989318e-05,5,48,0.06576917117573872,0.038795593561131735,True,True,False,4.0939870080036474e-08,COMPLETE
1186,0.2592944920063019,2025-04-10 22:40:25.097509,2025-04-10 22:40:31.980028,0 days 00:00:06.882519,0.19978342120064724,0.1512099125486661,16,0.06326250623166485,0.014020189442131552,0.08959587908972974,0.08374237728555925,0.028686189679227213,0.009841058888380442,0.00012950434442755696,7,41,0.057627636631526036,0.033020532932702705,True,True,False,6.373422480149881e-08,COMPLETE
1187,0.38922723531723025,2025-04-10 22:40:32.367792,2025-04-10 22:40:39.074699,0 days 00:00:06.706907,0.31683138857656723,0.5979905732924875,16,0.05562520288043579,0.03137554589384595,0.08120635083791881,0.07685270850981911,0.03884313578252405,0.0323274238757287,8.403816712145654e-05,6,38,0.06217569139409256,0.05677216926275415,True,True,False,1.7591725603212516e-07,COMPLETE
1188,0.39588251113891604,2025-04-10 22:40:39.463264,2025-04-10 22:40:49.301678,0 days 00:00:09.838414,0.17968508144115197,0.13092842778227076,2,0.03948449923086446,0.08344070259537187,0.08776052771525203,0.04695533924253091,0.030796651836986284,0.027219285979908907,4.086096326082677e-05,6,46,0.06816331213820137,0.0434915225864966,True,True,False,9.080535463055204e-08,COMPLETE
1189,0.3905305087566376,2025-04-10 22:40:49.689208,2025-04-10 22:40:56.351643,0 days 00:00:06.662435,0.28657520979942114,0.072343602877545,16,0.04464647171105306,0.005362205801460405,0.08334164104025635,0.07195072493588073,0.03737564049895534,0.022449474414082977,0.00010862892216399633,5,50,0.059621104931470215,0.07611388836185602,True,True,False,3.100357020963735e-08,COMPLETE
1190,0.37827951908111573,2025-04-10 22:40:56.739088,2025-04-10 22:41:03.827017,0 days 00:00:07.087929,0.2567613185858248,0.9591715189668453,16,0.05128181773490136,0.026240756695486093,0.09179700866636618,0.005469904101550453,0.051837887751778756,0.01997632681567307,2.2049219161113037e-05,10,44,0.06441833874841049,0.06501617738959559,True,True,False,1.8717641708245074e-06,COMPLETE
1191,0.430023193359375,2025-04-10 22:41:04.215724,2025-04-10 22:41:11.008411,0 days 00:00:06.792687,0.23097462916900177,0.16589492761709296,16,0.030529089067482345,0.03963516427846865,0.07860681124637303,0.07983819575759869,0.04904987020900109,0.02919837977858407,7.396364803413611e-05,7,39,0.061945492400468906,0.050804009308752195,True,True,False,4.94214628363156e-08,COMPLETE
1192,0.37985333800315857,2025-04-10 22:41:11.393795,2025-04-10 22:41:18.058562,0 days 00:00:06.664767,0.29613909604269606,0.01024165390662754,16,0.04109640798504803,0.01752843382482738,0.08549121295121924,0.06902567058403482,0.04070654995546069,0.03704201457567249,5.046548786821527e-05,5,52,0.05154756677337247,0.05926176928407727,True,True,False,7.03530578762413e-07,COMPLETE
1193,0.40978705883026123,2025-04-10 22:41:18.445406,2025-04-10 22:41:25.129365,0 days 00:00:06.683959,0.27680919770063384,0.7413891569290304,16,0.056940856201299586,0.010830247913593195,0.08994990292715328,0.07509016539514578,0.04578102784860661,0.024496397658563273,9.468632241579054e-05,6,42,0.05542293199997115,0.07114205206521929,True,True,False,1.2274605115116743e-07,COMPLETE
1194,0.2806832671165467,2025-04-10 22:41:25.518534,2025-04-10 22:41:32.490379,0 days 00:00:06.971845,0.24655022279393674,0.10625524066908985,16,0.047495465531989196,0.2134052132137182,0.02917729517418528,0.07377801725703223,0.04409540530788827,0.015019044289004456,5.994564086230368e-05,8,56,0.06674874582900825,0.0473709110944089,True,True,False,2.4847889172388713e-07,COMPLETE
1195,0.2316672384738922,2025-04-10 22:41:32.880559,2025-04-10 22:41:40.118373,0 days 00:00:07.237814,0.31610994128332764,0.058734018933425725,8,0.03488257689088291,0.021770560077889647,0.08177625925166845,0.06653214854806981,0.033590505713920644,0.040797420846025306,0.0001526987954721587,7,46,0.05911714645633957,0.041408282340788305,True,True,False,7.45231370612405e-08,COMPLETE
1196,0.41579265594482423,2025-04-10 22:41:40.505279,2025-04-10 22:41:47.192680,0 days 00:00:06.687401,0.21491266413570523,0.08708521763562581,16,0.024642623589723786,0.0051986218121672315,0.08785922745731777,0.0775274329551137,0.04214532128094922,0.030976004397877597,0.0001150053422905964,6,49,0.06398621722618943,0.20623087791928169,True,True,False,1.5464827157991123e-07,COMPLETE
1197,0.2857583045959473,2025-04-10 22:41:47.582068,2025-04-10 22:41:54.210452,0 days 00:00:06.628384,0.26854910659934783,0.12004455175009554,16,0.053153691401464497,0.15540244883986337,0.08412119990110634,0.08197614531298067,0.036232025869988214,0.02580877224634748,8.611148923687698e-05,5,35,0.06125461568318777,0.018271412221216598,True,True,False,1.0153449149222715e-07,COMPLETE
1198,0.27795870304107667,2025-04-10 22:41:54.597381,2025-04-10 22:42:01.105794,0 days 00:00:06.508413,0.1639065650387077,0.8076716233970526,16,0.04084912990862052,0.00026864039864788435,0.0921776912878285,0.03462946205118055,0.028031954392023974,0.02111945648103685,0.0004869556310210723,5,43,0.0654309974380873,0.05448778102274042,False,False,True,3.998246233164304e-08,COMPLETE
1199,0.4157689690589905,2025-04-10 22:42:01.497670,2025-04-10 22:42:08.480860,0 days 00:00:06.983190,0.23540283806350767,0.05167824221489551,16,0.06219228701744857,0.012389516344915665,0.08641130426968076,0.07033820089835574,0.09582779179882762,0.017966015463255047,7.42739888880056e-05,7,100,0.05646742909884695,0.15582571489285238,True,True,False,2.0972165318972055e-07,COMPLETE
1200,0.21327514350414278,2025-04-10 22:42:08.866488,2025-04-10 22:42:15.534710,0 days 00:00:06.668222,0.19792793486248075,0.13593962038651602,16,0.04731189536057053,0.017593008829951826,0.08050874722888178,0.07838798413229808,0.04698970913465066,0.028933359740648083,0.0008776370950209021,6,39,0.06973400266129016,0.027046701182001656,True,True,False,7.282906452287466e-06,COMPLETE
1201,0.43536896109580997,2025-04-10 22:42:15.924877,2025-04-10 22:42:22.729661,0 days 00:00:06.804784,0.29155011317040436,0.08893513892237032,16,0.035846756379386356,0.025243291041850267,0.08883305284772683,0.07591975406440622,0.03912927177485411,0.034123391632022874,0.00010020946122280055,6,46,0.05788784643775257,0.06658375312711803,True,True,False,5.33273631483675e-08,COMPLETE
1202,0.3261799573898316,2025-04-10 22:42:23.115406,2025-04-10 22:42:29.775088,0 days 00:00:06.659682,0.31612409364094324,0.10500351247866864,16,0.02227803083441182,0.035521540110870886,0.08615175694859875,0.07943082740553621,0.03832225234076543,0.03736029415453686,0.00014420894789924531,5,53,0.05269269103493328,0.0580486304734678,True,True,False,7.146017650070039e-08,COMPLETE
1203,0.23979933857917787,2025-04-10 22:42:30.168625,2025-04-10 22:42:36.932536,0 days 00:00:06.763911,0.3235974955361457,0.11199253679250981,16,0.02831852338137178,0.030350891271572526,0.022111595280146404,0.07631047165618603,0.039241789981518733,0.03561539482625722,0.00012403113092152295,6,48,0.05422790307098524,0.06625232026670072,True,True,False,5.6199290528357175e-08,COMPLETE
1204,0.3185811758041382,2025-04-10 22:42:37.321690,2025-04-10 22:42:43.984252,0 days 00:00:06.662562,0.2984841898943419,0.09505637526348655,16,0.03254670813033655,0.04079930212659661,0.08815174327575735,0.08100031363295207,0.04112751096613009,0.034845407661050286,0.0001049678746700197,5,51,0.05545157292592931,0.03489088471034512,True,True,False,1.2583416454591445e-07,COMPLETE
1205,0.24791494011878967,2025-04-10 22:42:44.376719,2025-04-10 22:42:51.117554,0 days 00:00:06.740835,0.30037850837722874,0.14363652388503265,16,0.017113084430275063,0.033231797875363456,0.0846086089969139,0.07706847891769165,0.03763313780793618,0.0330506487788383,0.0001851487477536199,6,47,0.057331423954907895,0.04931886716682635,True,True,False,1.002308167434297e-07,COMPLETE
1206,0.3857722818851471,2025-04-10 22:42:51.508736,2025-04-10 22:42:58.150618,0 days 00:00:06.641882,0.3283091748574286,0.12879406735153923,16,0.02702241310489861,0.025920824017842715,0.08645995109166853,0.07895752473160261,0.04017880445956859,0.038423034240630385,0.000125044366644969,5,56,0.057142900198385735,0.061769419338052994,True,True,False,8.857577673609493e-08,COMPLETE
1207,0.3345044434070587,2025-04-10 22:42:58.545074,2025-04-10 22:43:05.937189,0 days 00:00:07.392115,0.2864171259219192,0.08907643651022411,16,0.0336514012784279,0.028989739972219083,0.08930968850388832,0.07612861450796651,0.03649787583281618,0.03397571875198388,0.00010122403541010091,12,46,0.04907644297807541,0.05370655275322597,True,True,False,1.669154476581263e-07,COMPLETE
1208,0.33021433353424073,2025-04-10 22:43:06.328282,2025-04-10 22:43:13.280111,0 days 00:00:06.951829,0.307314614753628,0.11548418351179682,16,0.03386269747174124,0.037444849661662616,0.08299910549034492,0.08025422684050242,0.041163294951014825,0.036784883891521555,7.894044863782818e-05,7,63,0.05492310674256611,0.042905810206833095,True,True,False,6.637455357232757e-08,COMPLETE
1209,0.37863482832908635,2025-04-10 22:43:13.672456,2025-04-10 22:43:20.443700,0 days 00:00:06.771244,0.2674950550889707,0.08582249669765904,16,0.022789419610288207,0.2972228402116657,0.08831879497886083,0.08562533745940061,0.03867562475373816,0.0338686847853133,6.31649179010495e-05,6,50,0.0583491282693288,0.047561999204221835,True,True,False,2.755436389663553e-07,COMPLETE
1210,0.364358788728714,2025-04-10 22:43:20.837305,2025-04-10 22:43:27.207029,0 days 00:00:06.369724,0.19236963604040475,0.10690893329461407,16,0.03832704441423506,0.02379385896788011,0.08668900043358241,0.0783021052323524,0.04296161377417579,0.03908118381282446,0.00015605010242477789,5,11,0.06720472814681093,0.06072396057702242,True,True,False,1.3537047421926237e-07,COMPLETE
1211,0.09234625697135926,2025-04-10 22:43:27.599456,2025-04-10 22:43:38.447910,0 days 00:00:10.848454,0.2851424779437929,0.14001107903728094,2,0.12004620633321816,0.029706384553206493,0.08463396526375327,0.07518419165143492,0.03652235890374907,0.03267030269852819,9.762676584475296e-05,8,44,0.0712958500896342,0.03807280084799385,True,True,False,2.0265035012757518e-07,COMPLETE
1212,0.4141334414482117,2025-04-10 22:43:38.838886,2025-04-10 22:43:45.564179,0 days 00:00:06.725293,0.22266008453224057,0.08423712885654885,16,0.030715829277993732,0.02481994486498812,0.08254865380058661,0.081978684654042,0.03932746417927412,0.03432501068896039,8.675930421678196e-05,6,53,0.05225260494426963,0.05399851315996246,True,True,False,8.208310943073787e-08,COMPLETE
1213,0.40314280390739443,2025-04-10 22:43:45.955129,2025-04-10 22:43:52.567352,0 days 00:00:06.612223,0.8175524584857364,0.16524013377988908,16,0.037330334191072664,0.02275162043195825,0.09014971425077137,0.07792891118982596,0.04156698810453311,0.031538534916114636,3.379772749745977e-05,5,49,0.05943623027699589,0.06922682196427604,True,True,False,5.562536171152527e-08,COMPLETE
1214,0.19105685353279117,2025-04-10 22:43:52.963543,2025-04-10 22:44:00.586282,0 days 00:00:07.622739,0.2534061327707,0.11947269012384684,16,0.025985349167302395,0.03289610411138502,0.08777256545479678,0.07451394317094741,0.04314389958965455,0.04204888553333921,0.00012258776285527617,15,59,0.06262871873668112,0.03150571479408332,True,True,False,2.9145066217054567e-08,COMPLETE
1215,0.4185019195079803,2025-04-10 22:44:00.982164,2025-04-10 22:44:07.823817,0 days 00:00:06.841653,0.3297795087838036,0.10448709880736323,16,0.04062533007754919,0.02085949841261532,0.08487505279105777,0.07754738919657272,0.03505429944936591,0.03689347595860351,6.896214145446245e-05,7,41,0.05716198222499179,0.06381366364932681,True,True,False,1.0889616637211578e-07,COMPLETE
1216,0.11537093073129655,2025-04-10 22:44:08.219967,2025-04-10 22:44:15.221935,0 days 00:00:07.001968,0.21154432199380951,0.07529114196784195,8,0.09409391450421686,0.028171068814453123,0.08052623562495294,0.08002076409432664,0.04449368289804336,0.03495781958074759,4.7376864031265475e-05,6,46,0.05481536896071215,0.045828219712825594,True,True,False,1.4361699880060268e-07,COMPLETE
1217,0.18991537690162658,2025-04-10 22:44:15.615996,2025-04-10 22:44:22.311538,0 days 00:00:06.695542,0.2984348375859479,0.09491958672376946,16,0.018271333822158294,0.038986904246486515,0.05940600184219737,0.08347540411160512,0.04036617983828787,0.03190439676429621,0.00010857448032592226,6,43,0.06076866829558972,0.053967516833356564,False,False,True,2.5991322222629165e-06,COMPLETE
1218,0.3180257320404053,2025-04-10 22:44:22.710022,2025-04-10 22:44:29.373758,0 days 00:00:06.663736,0.244439538670393,0.13049352762272354,16,0.06413954965845997,0.019929357282588645,0.07696613852116084,0.07546114947842067,0.03782766353580585,0.03545937509176603,8.364300173441286e-05,5,48,0.06805184871042023,0.040230853166541986,True,True,False,4.16612145580326e-07,COMPLETE
1219,0.3949959337711334,2025-04-10 22:44:29.768608,2025-04-10 22:44:36.588423,0 days 00:00:06.819815,0.16890283754150304,0.07362404787111099,16,0.04624853913513664,0.027424977527014845,0.08951447226510816,0.0763663215013765,0.0420176192020364,0.03285235556183681,5.375821108269657e-05,7,38,0.06449943249457427,0.27588426752251594,True,True,False,4.4663359796428234e-08,COMPLETE
1220,0.2986692667007447,2025-04-10 22:44:36.983841,2025-04-10 22:44:44.015308,0 days 00:00:07.031467,0.27662131067,0.15423819558949514,16,0.05629010148231946,0.017988008729968842,0.08304441017056564,0.07277449806621991,0.039188973464063616,0.03973343622956878,0.0001365921979187004,9,45,0.059556371934383415,0.059169879591331444,True,True,False,3.521609016249344e-08,COMPLETE
1221,0.4191400229930878,2025-04-10 22:44:44.410979,2025-04-10 22:44:51.223663,0 days 00:00:06.812684,0.2645622115166296,0.11151585042425116,16,0.03581837699146405,0.031746995618038815,0.08562352858167074,0.08887918023831783,0.04546154938343604,0.030729764156260345,7.307839563441646e-05,6,41,0.06299532559786718,0.048528598328873636,True,True,False,9.31123202411553e-08,COMPLETE
1222,0.26666165590286256,2025-04-10 22:44:51.620065,2025-04-10 22:44:58.249835,0 days 00:00:06.629770,0.9139697374262616,0.09208421238536099,16,0.05143798633253395,0.02356506006113791,0.08700095374595648,0.08084333239835145,0.037095882057983254,0.016587240607803574,9.594490678084978e-05,5,52,0.06577893631887319,0.03408655840580023,True,True,False,7.063118743122202e-08,COMPLETE
1223,0.3995978653430939,2025-04-10 22:44:58.645178,2025-04-10 22:45:05.361805,0 days 00:00:06.716627,0.31726359904724666,0.12534259177049545,16,0.041874059056527316,0.015588735859245553,0.07914953324915465,0.07436731588727474,0.04360152435936385,0.0188089183787178,5.9990312867476426e-05,5,43,0.057681915283173395,0.23968283972129112,True,True,False,1.819799762529767e-07,COMPLETE
1224,0.2785204708576202,2025-04-10 22:45:05.757860,2025-04-10 22:45:12.707577,0 days 00:00:06.949717,0.2337877334463856,0.0727442821892727,16,0.027308679197431032,0.015548000010793477,0.09048092564458696,0.07827902267860644,0.09833283832778783,0.03607637053256125,0.00011154017293463283,8,49,0.0692393744833107,0.06741690683656587,True,True,False,1.1504086738988736e-07,COMPLETE
1225,0.2574695527553558,2025-04-10 22:45:13.102484,2025-04-10 22:45:19.800493,0 days 00:00:06.698009,0.2908565204526559,0.10346859350371046,16,0.0595260293909766,0.02461083296940986,0.08173136235027428,0.0722830235082806,0.03489235769682112,0.03328240251571108,0.00017205782607158278,6,36,0.061468478106856905,0.0249763070984927,True,True,False,5.643089354306613e-08,COMPLETE
1226,0.414672714471817,2025-04-10 22:45:20.193321,2025-04-10 22:45:27.025254,0 days 00:00:06.831933,0.25286619063501065,0.14757006821216687,16,0.0456729351379862,0.017800206362297864,0.08428319273556131,0.0751562426581135,0.0401427371552538,0.013012378698767044,8.842302469901545e-05,7,46,0.053917661212963576,0.05309928770127953,True,True,False,3.148597667149712e-07,COMPLETE
1227,0.32574101686477663,2025-04-10 22:45:27.419589,2025-04-10 22:45:34.140060,0 days 00:00:06.720471,0.20447658991544967,0.07924463202962409,16,0.03324232462263825,0.033254273739040593,0.088445171699397,0.07681865079700372,0.04748748877711211,0.03037412757995695,0.00024488739117843866,6,40,0.07168355787353917,0.04324264414211285,True,True,False,2.332031878394803e-07,COMPLETE
1228,0.41269226670265197,2025-04-10 22:45:34.537014,2025-04-10 22:45:41.177702,0 days 00:00:06.640688,0.22321317347985226,0.11983537358653042,16,0.051755016389645615,0.011991129670108064,0.07237451206363422,0.07919373015185087,0.04147831101598978,0.03787170363696391,7.185525795516205e-05,5,57,0.06370796070070289,0.058639836734743045,True,True,False,1.448879429308042e-07,COMPLETE
1229,0.4156921267509461,2025-04-10 22:45:41.572646,2025-04-10 22:45:48.371151,0 days 00:00:06.798505,0.30411594522382995,0.09691320628101785,16,0.014339828341897953,0.022448747449519107,0.08601434154102106,0.08212018852836414,0.03775811582693875,0.04299180458657514,4.139105017239958e-05,7,43,0.05845055793490153,0.06555614534639764,True,True,False,8.083315117995258e-08,COMPLETE
1230,0.30298339128494267,2025-04-10 22:45:48.774881,2025-04-10 22:45:55.465686,0 days 00:00:06.690805,0.2747574229359924,0.06772446873163156,16,0.0662086702882375,0.04417873248251544,0.09127280644056504,0.07342238293968972,0.04409317015550207,0.019022773786160112,0.00013445156884020427,6,51,0.06672386569387971,0.03857861090008119,True,True,False,4.461101766150969e-08,COMPLETE
1231,0.39145059585571296,2025-04-10 22:45:55.859996,2025-04-10 22:46:02.447437,0 days 00:00:06.587441,0.19139145372282781,0.11358751525893797,16,0.01165527931967935,0.025929662622154844,0.08307177211274686,0.07152596732995095,0.09407520206849823,0.03093830181947738,0.00010322213708542066,5,33,0.06062385231190122,0.07693738882590134,True,True,False,3.155200885931421e-08,COMPLETE
1232,0.39238420128822327,2025-04-10 22:46:02.844369,2025-04-10 22:46:09.476292,0 days 00:00:06.631923,0.2497264785428352,0.0892419940120296,16,0.03884489476609369,0.013863057570093758,0.08864855047509744,0.08396561719250377,0.035704538626822435,0.015184128086023502,7.925151862738356e-05,5,47,0.056610439941380875,0.04930065688280725,True,True,False,1.133159564930591e-07,COMPLETE
1233,0.3830670237541199,2025-04-10 22:46:09.869512,2025-04-10 22:46:19.844442,0 days 00:00:09.974930,0.3245494644099726,0.13542689194027027,2,0.04763355655124548,0.1852358969063731,0.08688622001038855,0.07636120615066819,0.003639266467509457,0.03346770377079686,5.6026043017758086e-05,6,38,0.06517044956012708,0.05626058376748968,True,True,False,1.7100216728022823e-07,COMPLETE
1234,0.39682350754737855,2025-04-10 22:46:20.263959,2025-04-10 22:46:27.067556,0 days 00:00:06.803597,0.2324017937591566,0.15947309773430324,16,0.05533847896391987,0.020414971471559417,0.08141170144950201,0.07888486247522897,0.03998511071276375,0.02113225519185146,6.464554858295862e-05,6,54,0.06193145525478388,0.06322286257675039,True,True,False,1.3540381703076575e-06,COMPLETE
1235,0.27246310710906985,2025-04-10 22:46:27.470065,2025-04-10 22:46:34.312985,0 days 00:00:06.842920,0.28968394097241823,0.05841073445407423,16,0.04208299910116415,0.009096453434120317,0.08444737583240411,0.04006879821875991,0.04217539305037182,0.029025396741250636,0.00011547784795367069,7,44,0.06803626830007427,0.0441236460648322,True,True,True,5.736351586160899e-08,COMPLETE
1236,0.4200483143329621,2025-04-10 22:46:34.715373,2025-04-10 22:46:41.685430,0 days 00:00:06.970057,0.2620442284679473,0.0998805626785235,16,0.030934217860221234,0.029753131035183657,0.07879204572927455,0.06886517480282033,0.045429120368750575,0.01717822506275586,8.888838651265654e-05,5,41,0.05857090935643417,0.07043907452674587,True,False,False,2.7731335989463327e-08,COMPLETE
1237,0.16872594952583314,2025-04-10 22:46:42.086734,2025-04-10 22:46:50.641861,0 days 00:00:08.555127,0.3095147409321198,0.07422245199525132,16,0.021703620548532497,0.016413115183817585,0.09050774888109597,0.07473084676902916,0.06802565955065876,0.022489088504306042,1.0039981433405797e-05,28,47,0.06324808834903028,0.053776941250946286,False,True,False,8.513867974775868e-08,COMPLETE
1238,0.1438273161649704,2025-04-10 22:46:51.045424,2025-04-10 22:46:58.057507,0 days 00:00:07.012083,0.21311972855946426,0.1329049882460277,8,0.1515251730152869,0.03714644314243271,0.08850105044705191,0.06554682573406645,0.03793085795610519,0.03185960773717761,7.467104035678019e-05,6,49,0.05628889873350578,0.0355649612527199,True,True,False,1.2799656566889407e-07,COMPLETE
1239,0.1977039307355881,2025-04-10 22:46:58.460469,2025-04-10 22:47:04.942077,0 days 00:00:06.481608,0.17637237988372279,0.11477205105692359,16,0.05043633104600109,0.006446570478932498,0.08578149668468098,0.08092030756768355,0.04902789453395755,0.03536399576981022,9.566043007594505e-05,5,44,0.013606581175403622,0.04744077344836658,True,True,False,2.1317845263849045e-07,COMPLETE
1240,0.3347450017929077,2025-04-10 22:47:05.345700,2025-04-10 22:47:12.163734,0 days 00:00:06.818034,0.27523356706078517,0.058736601904338784,16,0.059152895572574124,0.000101751499762286,0.09251500394155658,0.07745928020831086,0.0338131456812343,0.0203385370575737,0.00013656850394201347,7,41,0.060372975604831555,0.06101508208979865,True,True,False,5.380878405727431e-07,COMPLETE
