number,value,datetime_start,datetime_complete,duration,params_alpha-eval,params_alpha-train,params_batch-size,params_eps-eval,params_eps-train,params_lambda-actions-eval,params_lambda-actions-train,params_lambda-frames-eval,params_lambda-frames-train,params_learning-rate,params_n-epochs,params_n-frames,params_radius-gw,params_rho,params_std-feats,params_ub-actions,params_ub-frames,params_weight-decay,state
680,0.208806911110878,2025-04-10 21:38:37.081208,2025-04-10 21:38:43.835876,0 days 00:00:06.754668,0.4721730909504274,0.13683381294422425,16,0.04679129803329485,0.030690891333781674,0.0011303911192044117,0.08126996814631784,0.03009611113641004,0.025511312531437763,5.707303355105566e-05,6,44,0.05159935089481538,0.05487015743390846,True,True,True,1.0254568863151354e-07,COMPLETE
681,0.23663921356201173,2025-04-10 21:38:44.065059,2025-04-10 21:38:51.575070,0 days 00:00:07.510011,0.42401960302010727,0.09356869360831581,8,0.054429720555248105,0.012944928872690269,0.0911902543547099,0.07486485178682999,0.035481949036761606,0.019802859027970906,0.00015359278942365576,7,57,0.06225208826986484,0.07300988165466545,False,False,False,3.255488787785516e-08,COMPLETE
682,0.29818047285079957,2025-04-10 21:38:51.787664,2025-04-10 21:38:59.703507,0 days 00:00:07.915843,0.26315946353658387,0.29396869927058034,16,0.03948532007219541,0.023364051458604353,0.08377462888291794,0.07721872424363264,0.031253857046774025,0.017656665427952252,7.700207497954985e-05,20,31,0.06539243398143002,0.06288135374171569,True,True,False,1.5730475437065196e-07,COMPLETE
683,0.18979049623012545,2025-04-10 21:38:59.930331,2025-04-10 21:39:06.387703,0 days 00:00:06.457372,0.32750905016034493,0.04314179574342762,16,0.2802766343593144,0.01691729322386509,0.09333773945407373,0.07108535361552885,0.02729212203230149,0.013368450751491458,0.00011962501606748038,5,40,0.06901322511195777,0.1709301613536199,True,True,False,6.744380486294095e-08,COMPLETE
684,0.3508133292198181,2025-04-10 21:39:06.604303,2025-04-10 21:39:13.308031,0 days 00:00:06.703728,0.24052449076201105,0.10622695335608877,16,0.03388565356906356,0.00932986916116631,0.08802081139543036,0.07365399559506669,0.09001500333447662,0.026876957561253183,9.752283691023703e-05,6,47,0.06364827710623792,0.05108483293331067,True,True,False,3.610030679746111e-08,COMPLETE
685,0.4120718061923981,2025-04-10 21:39:13.538253,2025-04-10 21:39:20.232116,0 days 00:00:06.693863,0.2944600564611111,0.13904370775079378,16,0.04894817044573556,0.02428028354170202,0.0961926368147352,0.08037887032361113,0.036642654536653614,0.023430933606413257,6.754221312369485e-05,6,42,0.0465354509569727,0.05820592320325659,True,True,False,1.8628156706279213e-07,COMPLETE
686,0.3988909661769867,2025-04-10 21:39:20.446705,2025-04-10 21:39:27.069330,0 days 00:00:06.622625,0.3742675441741737,0.07673755737820695,16,0.05889911075708973,0.028447838381126037,0.0909536372432645,0.07697860680329958,0.03264713416878267,0.03326329097434259,9.111036636529045e-05,5,37,0.06748864305402352,0.04590495198630874,True,True,False,5.1168360728522034e-08,COMPLETE
687,0.20788100957870487,2025-04-10 21:39:27.296802,2025-04-10 21:39:33.962615,0 days 00:00:06.665813,0.3133975168751242,0.030843621880373668,16,0.28956572546477954,0.019197583792871977,0.09340847041960663,0.07915229472296055,0.028583642332064087,0.035947816748570394,0.00012625751205656033,7,45,0.06052827099207322,0.07015660687990866,True,True,False,2.5168633154939972e-08,COMPLETE
688,0.14902963042259218,2025-04-10 21:39:34.189996,2025-04-10 21:39:40.744660,0 days 00:00:06.554664,0.2744426769539072,0.11867976608781661,16,0.12091648828417817,0.03335569381308679,0.08950950949310454,0.07540891349503973,0.05255137139269469,0.029006282994750256,0.0001695237307527326,6,54,0.0029293353105177347,0.062123259272908724,True,True,False,1.1712242013880845e-07,COMPLETE
689,0.41507099866867064,2025-04-10 21:39:40.961826,2025-04-10 21:39:47.587988,0 days 00:00:06.626162,0.2155296205410198,0.06112618135050856,16,0.04381245291473831,0.00875653833852217,0.09537190985933884,0.07250586657423963,0.017944101503900543,0.0246338292400986,5.710536159797446e-05,5,49,0.0656670276288404,0.05528568118942615,True,True,False,7.731602512006112e-08,COMPLETE
690,0.22837865948677064,2025-04-10 21:39:47.815291,2025-04-10 21:39:54.537441,0 days 00:00:06.722150,0.35331765243783275,0.09409867674789991,16,0.0712591777266274,0.01561557770082559,0.0856736411114833,0.08478157704790702,0.04067879407079408,0.06344326912365159,0.006138222673287484,6,40,0.06266265526525114,0.07442882048077087,True,True,False,4.129667199155887e-08,COMPLETE
691,0.4142510056495667,2025-04-10 21:39:54.755480,2025-04-10 21:40:01.558304,0 days 00:00:06.802824,0.2958447761397657,0.2607550981701949,16,0.06254146515490365,0.025812758461577354,0.0916665683040405,0.08241253728507417,0.08930451370500873,0.02057303548524635,7.93018666703685e-05,7,44,0.05816086467447934,0.04636206601700508,True,True,False,6.029007716201242e-08,COMPLETE
692,0.4030757129192353,2025-04-10 21:40:01.788402,2025-04-10 21:40:08.412218,0 days 00:00:06.623816,0.24675731141516183,0.07443232407426957,16,0.05323847118015003,0.004543684612337373,0.09770719662917396,0.07773285868684546,0.0252975493807,0.01609064409348982,0.00010519018383531037,5,48,0.06923450534481611,0.06692141172750035,True,True,False,2.891709634553035e-08,COMPLETE
693,0.4300879299640656,2025-04-10 21:40:08.630576,2025-04-10 21:40:15.333536,0 days 00:00:06.702960,0.334165938008506,0.1465473431280146,16,0.04101666919491249,0.010849389005048735,0.09472331196400197,0.07513912671277934,0.030266008469526207,0.07370866763074548,6.850798324339847e-05,6,42,0.06402028833729971,0.05304403855302198,True,True,False,9.349881336652314e-08,COMPLETE
694,0.34929654002189636,2025-04-10 21:40:15.562561,2025-04-10 21:40:22.349601,0 days 00:00:06.787040,0.4497364416653868,0.11366648169483544,16,0.03160096815144356,0.010826498797059929,0.09263841733812112,0.07392638685190323,0.03023318494799354,0.0693195978632424,8.519856131447722e-05,7,35,0.06399517943996907,0.05843224087415805,True,True,False,9.083323550565414e-08,COMPLETE
695,0.4242635488510132,2025-04-10 21:40:22.569175,2025-04-10 21:40:29.259901,0 days 00:00:06.690726,0.3234949439345075,0.14402353210149368,16,0.038670704525335914,0.005373439583828844,0.09434630177888796,0.07082489873179973,0.027751071436805688,0.07720744394225357,7.315260193125296e-05,6,39,0.06184446107969861,0.052839101229821266,True,True,False,3.093892040803613e-05,COMPLETE
696,0.17954689860343934,2025-04-10 21:40:29.490967,2025-04-10 21:40:36.069236,0 days 00:00:06.578269,0.2787624985403422,0.043861552801079624,16,0.13793359941684924,0.00012502246493944092,0.09024011852656892,0.07520763454028413,0.03247164821173604,0.02253533621520821,0.00010400499906386258,5,42,0.06517987664446495,0.06236366740999649,True,True,False,9.33736728930767e-08,COMPLETE
697,0.39633665680885316,2025-04-10 21:40:36.301914,2025-04-10 21:40:42.681329,0 days 00:00:06.379415,0.30581244927707835,0.09458577887850603,16,0.03319319750459852,0.014862962255211921,0.08808518713006037,0.07266248316327958,0.033763443691568515,0.08112745288103895,0.000132610202341954,6,9,0.05982991496854469,0.053082179177806776,True,True,False,7.860462431194101e-08,COMPLETE
698,0.10728564262390136,2025-04-10 21:40:42.899746,2025-04-10 21:40:49.727909,0 days 00:00:06.828163,0.2677371013002797,0.12557863159553515,16,0.17546817635056364,0.011699663347238914,0.09286746567002709,0.0758633605430643,0.029919404898066205,0.07295825997856381,8.878448093772126e-05,8,46,0.062345670839621135,0.06495880256217405,True,True,False,6.488560552421937e-08,COMPLETE
699,0.17156469821929934,2025-04-10 21:40:49.962677,2025-04-10 21:40:59.243176,0 days 00:00:09.280499,0.18913629555737604,0.06249655048954838,2,0.14698754617268434,0.019707840153647332,0.09125940301456545,0.07372762934275838,0.02635283346767372,0.067156607947316,6.878900414922707e-05,5,51,0.0647001635019842,0.07065592347791172,True,True,False,1.2610982603065183e-07,COMPLETE
700,0.34458817839622496,2025-04-10 21:40:59.462760,2025-04-10 21:41:06.226224,0 days 00:00:06.763464,0.22992526777660724,0.3594708713736055,16,0.0404130188512858,0.00850846346002818,0.09438775207024885,0.07115472817347206,0.03079479379362851,0.0825012205119468,0.00011718100116876555,6,38,0.06618192563317925,0.05820701492488609,True,True,True,1.0758391759191874e-07,COMPLETE
701,0.18420335054397585,2025-04-10 21:41:06.459344,2025-04-10 21:41:13.018517,0 days 00:00:06.559173,0.33818803319176605,0.08270124906501394,16,0.045358711794037686,0.014891541639779633,0.08975348809909645,0.07602358389182624,0.03401056410849777,0.032650517310542776,8.343049215647155e-05,6,41,0.06099820744481541,0.07644331494053637,False,True,False,5.022463537925464e-08,COMPLETE
702,0.315437126159668,2025-04-10 21:41:13.237574,2025-04-10 21:41:20.401090,0 days 00:00:07.163516,0.29113334245329736,0.031258501754430935,16,0.05193264296927628,0.020144815995968908,0.08723883811982787,0.06864916906703222,0.02989758352060558,0.02635118415424183,0.00020162486303246352,7,45,0.0637392711051419,0.050483349623315805,True,False,False,8.62107057458559e-08,COMPLETE
703,0.21560450196266176,2025-04-10 21:41:20.634282,2025-04-10 21:41:28.436401,0 days 00:00:07.802119,0.25752940521916956,0.10834440698303066,16,0.03304782569098383,0.004955717504419464,0.09516821656900791,0.07837030604476641,0.03223899958440103,0.03477590383956958,0.009849615426260392,18,43,0.057270170919884525,0.06151047529514531,True,True,False,2.1270816470432116e-08,COMPLETE
704,0.3597842752933503,2025-04-10 21:41:28.670311,2025-04-10 21:41:35.520153,0 days 00:00:06.849842,0.3115685283324363,0.14916599442007153,8,0.07780184930732889,0.012070685339012961,0.09273826504010742,0.07446898322947987,0.027456387382142396,0.028350446714382704,9.580262661042765e-05,5,34,0.06693363103933135,0.06959668374774843,True,True,False,7.571391167585691e-08,COMPLETE
705,0.32094651460647583,2025-04-10 21:41:35.741124,2025-04-10 21:41:42.473287,0 days 00:00:06.732163,0.3271947020466918,0.1309769413516176,16,0.06733716725767636,0.021242609568074756,0.08424267435012586,0.07710713534323592,0.035549026693450496,0.019856709303796613,6.381805223975761e-05,6,47,0.05435721033839068,0.05530880116155796,True,True,False,4.5588661883388514e-08,COMPLETE
706,0.36359083652496343,2025-04-10 21:41:42.706771,2025-04-10 21:41:49.343572,0 days 00:00:06.636801,0.28790415919593226,0.0726211944112848,16,0.04388207653408939,0.01530208763507063,0.09151175357832785,0.07080291593903472,0.028835570499423698,0.07368954866138124,7.483654274308317e-05,5,40,0.043015212819726575,0.04720507573327869,True,True,False,5.878358009696802e-08,COMPLETE
707,0.37302289009094236,2025-04-10 21:41:49.564236,2025-04-10 21:41:56.354051,0 days 00:00:06.789815,0.4042502472108743,0.04933877188183244,16,0.06067519765236571,0.00899930502356263,0.09375998686101714,0.07302441355506102,0.02555759284053214,0.017898713445593406,0.00010958107586715818,7,37,0.059491790504958154,0.06379231834344397,True,True,False,1.312989850903242e-07,COMPLETE
708,0.14521671533584596,2025-04-10 21:41:56.588875,2025-04-10 21:42:03.215584,0 days 00:00:06.626709,0.25989891088105355,0.10186687942339999,16,0.03823875841181837,0.02270366364486706,0.08821543038336278,0.07557728188852235,0.03876037429728503,0.023949225950391215,5.607495991600491e-05,6,49,0.02315226859400412,0.0771888416126367,True,True,False,3.317819963728065e-08,COMPLETE
709,0.39527694582939155,2025-04-10 21:42:03.437047,2025-04-10 21:42:10.009628,0 days 00:00:06.572581,0.3602016698490671,0.15291670810689986,16,0.08314622494001997,0.0055855725132386526,0.09548456734958868,0.07802375337064926,0.03245900559396378,0.029189490392287284,0.00013787968541722692,5,43,0.06172998428551881,0.057401197297057574,True,True,False,1.0310503288096376e-07,COMPLETE
710,0.4260642647743225,2025-04-10 21:42:10.243960,2025-04-10 21:42:17.085417,0 days 00:00:06.841457,0.3066273922972747,0.4526384069103004,16,0.05587694687015244,0.025804555274750826,0.09048078266787629,0.09815361065110206,0.09093968787327575,0.021199227368570984,9.461885847859821e-05,7,46,0.06435853699820132,0.11701647169750409,True,True,False,2.097243948394291e-08,COMPLETE
711,0.36201117634773256,2025-04-10 21:42:17.321621,2025-04-10 21:42:24.023590,0 days 00:00:06.701969,0.24138734205229098,0.027775112079943175,16,0.04842957585367568,0.01698618183912021,0.09280377225227096,0.07319604678935107,0.024121827496008916,0.07052083897473653,6.9816943647811e-05,6,51,0.06633866087359258,0.04414433613548611,True,True,False,7.117408855734239e-08,COMPLETE
712,0.413919597864151,2025-04-10 21:42:24.246706,2025-04-10 21:42:30.831986,0 days 00:00:06.585280,0.334830834912011,0.12174952178121293,16,0.042117713051204944,0.01089559675398131,0.09542954216863485,0.07952771252410515,0.02820492252768586,0.03130705403615712,8.190052062690458e-05,5,41,0.06249106188223058,0.06718644672255074,True,True,False,4.0428211337347634e-08,COMPLETE
713,0.09234625697135926,2025-04-10 21:42:31.070966,2025-04-10 21:42:39.610401,0 days 00:00:08.539435,0.28241195116236045,0.621823406603039,16,0.05264305420085369,0.020230251743073364,0.08637906306960336,0.0695102742698002,0.030992016246652685,0.0729388703468019,0.003900945627399889,25,45,0.06780041461051464,0.05128949656059098,True,True,False,5.995443369880751e-05,COMPLETE
714,0.3352049827575684,2025-04-10 21:42:39.833546,2025-04-10 21:42:48.016839,0 days 00:00:08.183293,0.20930912206137142,0.05865001944456088,16,0.06696422530508135,0.02949311842417219,0.09131159242150297,0.07639504271185543,0.08843957482615422,0.0750704030523205,0.00010881418578401566,22,39,0.058422020972701744,0.059766246801630354,True,True,False,2.8193022404170734e-08,COMPLETE
715,0.31240695118904116,2025-04-10 21:42:48.254576,2025-04-10 21:42:54.954224,0 days 00:00:06.699648,0.2735199867962573,0.08359618985701572,16,0.035145154154344965,0.005862028081207592,0.08901372997827349,0.07431887585201848,0.03614884615406007,0.03717327608480685,0.0001670389002067042,6,43,0.06449818931639863,0.05348273102116344,True,True,False,1.1452174880894722e-07,COMPLETE
716,0.40710737705230715,2025-04-10 21:42:55.176418,2025-04-10 21:43:01.938773,0 days 00:00:06.762355,0.38722035153560674,0.09619103065872853,16,0.061797805374787664,0.0008312256600990159,0.0968421387905364,0.07176452239335619,0.03378971660276343,0.026311958090406127,6.714705795856889e-05,7,37,0.0606057149244459,0.08274839760189862,True,True,False,4.867504575300396e-08,COMPLETE
717,0.4143324732780457,2025-04-10 21:43:02.175905,2025-04-10 21:43:08.825406,0 days 00:00:06.649501,0.3119139924147877,0.13742784496578642,16,0.04756727718902354,0.014932478679171841,0.09379407211661787,0.07746041469564127,0.02754803375066817,0.035535932457679026,9.102078712092114e-05,5,48,0.0629747298306116,0.07187672528995549,True,True,False,2.3053320622880485e-08,COMPLETE
718,0.16817652583122256,2025-04-10 21:43:09.064849,2025-04-10 21:43:15.598736,0 days 00:00:06.533887,0.2963767754889134,0.043065758911971994,16,0.19390283802636013,0.024063256553302784,0.07398932373111529,0.0793392832244804,0.03050624924929064,0.02210346215129545,5.386588251079805e-05,6,28,0.06795206861371256,0.06529069612537412,True,True,False,1.4361705125826364e-07,COMPLETE
719,0.27077879905700686,2025-04-10 21:43:15.828470,2025-04-10 21:43:23.942181,0 days 00:00:08.113711,0.7050730144871535,0.10754811640732441,16,0.07519612968268317,0.12491346342789421,0.08149390912285734,0.07629387287499112,0.0907377505261792,0.018243572010889938,0.00013169202961491703,19,117,0.06541910504237046,0.048266754564927176,False,True,True,8.61248019529367e-08,COMPLETE
720,0.4219519972801209,2025-04-10 21:43:24.179824,2025-04-10 21:43:30.908549,0 days 00:00:06.728725,0.22848209824015672,0.4819056370391675,16,0.056957660858065626,0.011794604643618312,0.08955454790374116,0.06723316289338115,0.029346692784630403,0.07172674318256665,7.926646772210064e-05,6,54,0.0563758730950953,0.03937655873142911,True,True,False,5.900190461143821e-08,COMPLETE
721,0.09234625697135926,2025-04-10 21:43:31.134751,2025-04-10 21:43:37.844444,0 days 00:00:06.709693,0.2575086361867881,0.7577306257144385,16,0.04033682226588963,0.0002328552758796669,0.08546499408768943,0.07452953706665945,0.08866717906857041,0.024068964632224313,0.00010417543081004311,5,41,0.06024855640937403,0.05583210297099373,True,False,False,3.79172742443575e-08,COMPLETE
722,0.4220644474029541,2025-04-10 21:43:38.081238,2025-04-10 21:43:44.902241,0 days 00:00:06.821003,0.16499083284508753,0.07467987936683453,16,0.04841365913945404,0.0318471592799896,0.09584670477838624,0.07230996840119783,0.03159426909772395,0.07825709755108554,6.11138673029573e-05,7,45,0.06292633977762258,0.06083954313479883,True,True,False,2.0257212958929648e-08,COMPLETE
723,0.14119062721729278,2025-04-10 21:43:45.130328,2025-04-10 21:44:06.534067,0 days 00:00:21.403739,0.33117463723442414,0.1564558658193111,2,0.26722741757655627,0.01704924530559313,0.09228053870376143,0.08056719649366158,0.02623930089023393,0.030554715111089207,8.264114359420885e-05,28,32,0.06647018750685305,0.04392962954521298,True,True,False,0.0007517101568958912,COMPLETE
724,0.29314189553260805,2025-04-10 21:44:06.771575,2025-04-10 21:44:13.679128,0 days 00:00:06.907553,0.3635464554949982,0.12507109101838554,16,0.031997791242446116,0.022770348548577346,0.08888196678321238,0.06969758166831339,0.02457669733004814,0.03412943460631619,0.00011207714440973687,8,51,0.0690456560259562,0.07509555073511091,True,True,False,1.6247775954575432e-07,COMPLETE
725,0.21513891220092773,2025-04-10 21:44:13.919488,2025-04-10 21:44:20.644985,0 days 00:00:06.725497,0.9078828281359592,0.06452117907030724,16,0.0557065402342913,0.009598508629083517,0.09366300577197112,0.07796037367543576,0.037534724953824636,0.014776509135437694,0.07151205366146349,6,42,0.06143660749449863,0.029513640220144376,True,True,False,2.7561643312204364e-08,COMPLETE
726,0.24049033522605898,2025-04-10 21:44:20.875755,2025-04-10 21:44:30.185959,0 days 00:00:09.310204,0.613962900505972,0.09042775979675388,8,0.07103139145745697,0.02693281685489146,0.09051769592495529,0.0748643310926576,0.03410310825515213,0.03283066838518726,7.336098214430713e-05,21,47,0.05819042460946636,0.06822336543939778,True,True,False,1.0057341889766803e-07,COMPLETE
727,0.3279351949691772,2025-04-10 21:44:30.423273,2025-04-10 21:44:37.026173,0 days 00:00:06.602900,0.2729023349516357,0.7073623113157603,16,0.044342450753050704,0.10875000583776828,0.08713867948167128,0.07282028123631326,0.021540365793874743,0.02733719959160178,9.407860112960961e-05,5,36,0.08545693987236895,0.05083285773331074,True,True,False,6.858365612576897e-08,COMPLETE
728,0.3191022753715515,2025-04-10 21:44:37.253123,2025-04-10 21:44:43.949737,0 days 00:00:06.696614,0.30037792855361994,0.0477404719624292,16,0.0626999398897522,0.018668797400692508,0.09654730846220104,0.07626346250187817,0.09254979926146917,0.07646786205676594,5.240661144198264e-05,6,39,0.06426942439445654,0.06059675764451915,True,True,False,5.202364800665837e-08,COMPLETE
729,0.25382506251335146,2025-04-10 21:44:44.187470,2025-04-10 21:44:50.947367,0 days 00:00:06.759897,0.34818971491546474,0.12191855209778048,16,0.0016924958118370859,0.007170913077111833,0.09453645000372221,0.07930536025218522,0.03975526853176206,0.040778469122769834,0.00013106858763258276,7,45,0.0669256127498963,0.04437710473098688,True,True,False,3.3109040455012224e-08,COMPLETE
730,0.4233856379985809,2025-04-10 21:44:51.191476,2025-04-10 21:44:57.774174,0 days 00:00:06.582698,0.32034541941713496,0.02513364631703125,16,0.05125249521566543,0.014047967138441694,0.0919570113664484,0.0712929197956293,0.028975997381615104,0.06528811782881501,6.612523149886922e-05,5,43,0.06996672639430078,0.06676266234799538,True,True,False,1.1876084533135967e-07,COMPLETE
731,0.3327989637851715,2025-04-10 21:44:58.001216,2025-04-10 21:45:04.670797,0 days 00:00:06.669581,0.24745386727179924,0.14527185246975335,16,0.03705409114417183,0.0281794718525607,0.08282169999960876,0.07488447257701758,0.04329437334262524,0.0252052078209482,9.44446886501187e-05,6,48,0.06306684335608259,0.036706735816045215,True,True,False,1.6964676135482512e-08,COMPLETE
732,0.39160796999931335,2025-04-10 21:45:04.912652,2025-04-10 21:45:11.710238,0 days 00:00:06.797586,0.28424781919354514,0.09832106096594538,16,0.04420580713913629,0.03423741766573849,0.0973195363785252,0.08107171161156314,0.050404561368381694,0.020176379227181587,0.00011490102683365153,6,41,0.060954274929984224,0.0547794317542091,True,True,False,1.8067073008565096e-07,COMPLETE
733,0.4063633918762207,2025-04-10 21:45:11.939114,2025-04-10 21:45:18.824772,0 days 00:00:06.885658,0.37335595590230614,0.3205030618112693,16,0.05530744084169917,0.023055631642348466,0.08791102051644675,0.07794665539733718,0.08732237084317535,0.03697596844664724,7.708957035482932e-05,7,44,0.0653492926367081,0.2193318811182392,True,True,False,4.0420915293396276e-08,COMPLETE
734,0.24870645403862002,2025-04-10 21:45:19.067246,2025-04-10 21:45:25.649799,0 days 00:00:06.582553,0.2651349760101804,0.05954090280718848,16,0.06270771043595638,0.005340978468962183,0.04858719619841702,0.07317601145354216,0.08999904168420997,0.022771259369686797,5.931974756968347e-05,5,38,0.05964040496893063,0.08020772326749154,True,True,False,8.814263275786215e-08,COMPLETE
735,0.20284054875373841,2025-04-10 21:45:25.893290,2025-04-10 21:45:32.779211,0 days 00:00:06.885921,0.30706898741431643,0.08109306892619839,16,0.028816604640456513,0.013090085330879311,0.09088793356421132,0.06840558887554811,0.0948477145319915,0.0794383918592485,0.00014405502355119003,8,50,0.06842266470904239,0.0626389064491964,True,True,False,1.9926383697677532e-08,COMPLETE
736,0.4362331688404083,2025-04-10 21:45:33.009818,2025-04-10 21:45:39.616760,0 days 00:00:06.606942,0.20482996808968731,0.11420505922366433,16,0.049718990747347216,0.018646099940263557,0.09421706562514882,0.07662593834392512,0.03639906675352831,0.017594581684993605,9.496507242629124e-05,5,46,0.06453374550412552,0.048109348950998526,True,True,False,6.739523793188965e-08,COMPLETE
