number,value,datetime_start,datetime_complete,duration,params_alpha-eval,params_alpha-train,params_batch-size,params_eps-eval,params_eps-train,params_lambda-actions-eval,params_lambda-actions-train,params_lambda-frames-eval,params_lambda-frames-train,params_learning-rate,params_n-epochs,params_n-frames,params_radius-gw,params_rho,params_std-feats,params_ub-actions,params_ub-frames,params_weight-decay,state
1419,0.4446282029151917,2025-04-17 22:04:00.024902,2025-04-17 22:04:11.122004,0 days 00:00:11.097102,0.10159267301440172,0.9040097968345854,2,0.1487044979636632,0.170329059049165,0.05759019009570015,0.04854494905939714,0.05558177713063768,0.08759800252463314,0.00023140184512515953,6,44,0.058059146783160785,0.2367117894357522,True,False,False,2.5038193395554673e-06,COMPLETE
1420,0.44258893728256227,2025-04-17 22:04:11.584523,2025-04-17 22:04:22.679144,0 days 00:00:11.094621,0.030756062275422047,0.9360836891358536,2,0.16085197860081407,0.04010632772441391,0.08381329131209049,0.04726011285614349,0.04963667803614018,0.08956020529448487,0.0001524878688035784,6,35,0.06889603143563405,0.24468128400832104,True,False,False,1.8711752180613994e-06,COMPLETE
1421,0.4484967887401581,2025-04-17 22:04:23.169767,2025-04-17 22:04:34.829031,0 days 00:00:11.659264,0.04399873933184148,0.8950228037832927,2,0.15597828477913392,0.018208308822220784,0.0880486324420661,0.05138268703504059,0.04821240992285606,0.08624749376593607,0.0001922352247010587,7,41,0.07067268134165175,0.249561592220713,True,False,False,3.471849192968836e-06,COMPLETE
1422,0.3636551558971405,2025-04-17 22:04:35.293937,2025-04-17 22:04:46.394474,0 days 00:00:11.100537,0.12388809745837773,0.9160581835640471,2,0.15263563707033076,0.030810339188857224,0.08127876190940642,0.04682981667242773,0.04543550246809008,0.08685540730815815,0.0002524218368870947,6,11,0.07579923816879508,0.2789524534360032,True,False,False,1.927854700653223e-06,COMPLETE
1423,0.09234625697135926,2025-04-17 22:04:46.858983,2025-04-17 22:04:57.746197,0 days 00:00:10.887214,0.08168790663726644,0.884211537844378,2,0.13214592056204658,0.005126479716622105,0.041650332220675365,0.04993262201605402,0.052433605854499216,0.08309780063360603,0.00013084639468517782,6,31,0.059048031501361856,0.24633651880261098,True,False,False,4.629687451074889e-06,COMPLETE
1424,0.43385157585144046,2025-04-17 22:04:58.210716,2025-04-17 22:05:09.330344,0 days 00:00:11.119628,0.11560364878718254,0.8690693524514735,2,0.12360870883567725,0.021551247978512923,0.08511294355126359,0.04706594892471651,0.0499264761256792,0.09040940494842963,0.00016505501044766164,6,47,0.06607800904280058,0.2743522380795735,True,False,False,3.227635019962492e-06,COMPLETE
1425,0.44758387207984923,2025-04-17 22:05:09.791234,2025-04-17 22:05:21.400478,0 days 00:00:11.609244,0.11178178186158999,0.8884039810701444,2,0.13749652248389704,0.0394752182105824,0.08968104867076859,0.05392313889752952,0.046946412458297664,0.08930610183716892,0.0002095482869147335,7,39,0.06568509194757681,0.25029517993038175,True,False,False,2.8730503486511455e-06,COMPLETE
1426,0.09234625697135926,2025-04-17 22:05:21.888790,2025-04-17 22:05:33.339203,0 days 00:00:11.450413,0.09923303007801382,0.9201101592617613,2,0.20578702346706107,0.027596605111101798,0.08384560735297,0.049241971525081404,0.054646684047462354,0.08390071520581542,0.00024204522512471908,6,127,0.041143847906768366,0.23813611457012834,True,False,False,1.4070838893444793e-06,COMPLETE
1427,0.4472934663295746,2025-04-17 22:05:33.806409,2025-04-17 22:05:44.923688,0 days 00:00:11.117279,0.05367436254150004,0.9043064223990422,2,0.15789488985428074,0.03459815501611588,0.08658781050167937,0.046050668317363395,0.04421187539355442,0.08690928950649712,0.00011811921795708508,6,43,0.07412102178773008,0.2665237439132857,True,False,False,6.363652893724348e-06,COMPLETE
1428,0.3867208003997803,2025-04-17 22:05:45.391769,2025-04-17 22:05:52.825973,0 days 00:00:07.434204,0.1286159907283992,0.952101552251589,16,0.14160430382511616,0.023761555829049704,0.081900680342825,0.05156320193470655,0.050642904143107396,0.07906136364147387,0.00017858791007435538,6,37,0.06882655664989971,0.28030972312154984,True,False,False,2.569703704778585e-06,COMPLETE
1429,0.4277633190155029,2025-04-17 22:05:53.290414,2025-04-17 22:06:04.857437,0 days 00:00:11.567023,0.1481527970503282,0.8706788501546335,2,0.15551521227046636,0.014043311476582838,0.08341590372826056,0.056878596200995404,0.04777719549313582,0.08831983127524122,0.00026554148959356545,7,25,0.0620817975856319,0.2715914109476982,True,False,False,1.669420649691962e-06,COMPLETE
1430,0.441168075799942,2025-04-17 22:06:05.322760,2025-04-17 22:06:15.729315,0 days 00:00:10.406555,0.06773447209486659,0.8904558982983091,2,0.17238022759661034,0.04356597894860215,0.03216475217114069,0.04839852807674072,0.05256887626153114,0.08599282950887227,0.00020795531085896217,5,34,0.07136226868726317,0.25363788669141263,True,False,False,2.183044433499875e-06,COMPLETE
1431,0.4614045023918152,2025-04-17 22:06:16.214735,2025-04-17 22:06:27.255045,0 days 00:00:11.040310,0.08350200879118738,0.84380774175344,2,0.14609192697961879,0.03625526404448809,0.08122540644483987,0.045595695023994756,0.04580722631224764,0.08142390416064965,0.00014830590586819447,6,39,0.06769461285179722,0.22979478435793427,True,False,False,1.6585511519701518e-06,COMPLETE
1432,0.3846127390861511,2025-04-17 22:06:27.724093,2025-04-17 22:06:38.518381,0 days 00:00:10.794288,0.06456198971306003,0.8630523146874066,2,0.14507623618232374,0.029901837834321984,0.08165406911189896,0.04740771578314206,0.044203667997587,0.07835067889677758,0.00010460041148732103,7,58,0.07129613909600677,0.2299685363059334,True,True,True,1.6448219832537147e-06,COMPLETE
1433,0.44305357336997986,2025-04-17 22:06:38.988543,2025-04-17 22:06:51.345861,0 days 00:00:12.357318,0.09929631384449034,0.8670622824240948,2,0.1442658279033883,0.033984302625623575,0.05542463571928397,0.0503916125587025,0.04272637286382951,0.08110017768273384,0.00012564703683378507,8,53,0.06614188954211851,0.23471782336342353,True,False,False,3.880750347326058e-06,COMPLETE
1434,0.4371852099895478,2025-04-17 22:06:51.812993,2025-04-17 22:07:02.928756,0 days 00:00:11.115763,0.050501062661627516,0.8473861768905028,2,0.1355894748815557,0.025392973571636716,0.08068099643683077,0.045095621485253264,0.046029738731347566,0.08167042166923076,9.618296755032103e-05,6,45,0.06689544039117121,0.2318288237755,True,False,False,3.071602300510248e-06,COMPLETE
1435,0.4447121262550354,2025-04-17 22:07:03.393152,2025-04-17 22:07:15.145298,0 days 00:00:11.752146,0.08125602217002298,0.8796477963164304,2,0.1494798760571392,0.0318926761149168,0.08143436556370656,0.04752561451440572,0.04539165373421522,0.08371682426834441,0.00010944429856790333,7,42,0.0677573873086492,0.22694805449185246,True,False,False,2.709309719667046e-06,COMPLETE
1436,0.09234625697135926,2025-04-17 22:07:15.637754,2025-04-17 22:07:27.458641,0 days 00:00:11.820887,0.08908884171852148,0.9090691702904893,2,0.14061376136660955,0.022364035018189593,0.06310206835149067,0.053123426574897964,0.04183692579178209,0.08419576817255642,0.00013090122287490497,7,80,0.06467356733273967,0.23700542124859353,True,False,False,2.485332757098686e-06,COMPLETE
1437,0.41039347648620605,2025-04-17 22:07:27.930054,2025-04-17 22:07:38.871159,0 days 00:00:10.941105,0.06439617234459777,0.8430877964867751,2,0.14619044016611316,0.030760872520584518,0.08116786587082633,0.04563909699604961,0.046124005183574415,0.08114189081880507,0.0001393522331987912,6,38,0.07295853129367187,0.23063316988990823,False,False,False,2.1314653357331193e-06,COMPLETE
1438,0.3909868180751801,2025-04-17 22:07:39.342024,2025-04-17 22:07:47.348671,0 days 00:00:08.006647,0.08843159395430551,0.9335908888323923,8,0.15272840798479148,0.03788704145570113,0.08145669073941572,0.04919101725387714,0.04363568983163972,0.08188106599424863,0.00014961689202939977,7,49,0.06688278072153515,0.22381218558994811,True,False,False,1.8871094637930789e-06,COMPLETE
1439,0.42234933972358707,2025-04-17 22:07:47.814941,2025-04-17 22:07:59.454976,0 days 00:00:11.640035,0.0794310389080655,0.8890398239522099,2,0.14973757898233397,0.017248200358617384,0.08057770318403139,0.04447005254932437,0.04770020949673471,0.08031188727863017,9.534236928065102e-05,7,29,0.06353337928398983,0.22642763272024796,True,False,False,3.255615178721579e-06,COMPLETE
1440,0.46072333455085757,2025-04-17 22:07:59.944730,2025-04-17 22:08:10.965396,0 days 00:00:11.020666,0.11553654978962019,0.8677117785541397,2,0.13484983313220622,0.027954944432546237,0.08326693370021841,0.05068257720008988,0.04858940673718026,0.0835657458600636,0.00014609015995286064,6,41,0.06891517675622433,0.22341665674397998,True,False,False,2.0230740958964593e-07,COMPLETE
1441,0.41761910915374756,2025-04-17 22:08:11.437704,2025-04-17 22:08:22.522307,0 days 00:00:11.084603,0.10666414485911081,0.8530230757737401,2,0.13123310000120603,0.020940975199932623,0.08410495477746989,0.047502061747816814,0.04965866014828744,0.08316494664766828,8.99438218929491e-05,6,47,0.07360648315256851,0.22860524927896014,True,False,False,2.0054363431187935e-07,COMPLETE
1442,0.44565325379371645,2025-04-17 22:08:22.991488,2025-04-17 22:08:34.152109,0 days 00:00:11.160621,0.11112690338542286,0.8447850578181827,2,0.13065478278739698,0.024901422957468514,0.08340815009342202,0.04933722934385227,0.04893608945548663,0.07717655826059493,0.0001134548666151414,6,44,0.06751855946807778,0.22464728289852356,True,False,False,1.2373121804595162e-07,COMPLETE
1443,0.3409913957118988,2025-04-17 22:08:34.622473,2025-04-17 22:08:45.691910,0 days 00:00:11.069437,0.0957809839561627,0.8578205252519567,2,0.12776540064780062,0.011533134300440425,0.08307811706586163,0.04632628024552069,0.040632098813859305,0.07969666373807595,0.00011989893848746184,6,42,0.07059898399080172,0.22038697683157832,True,False,False,1.4491790218302052e-07,COMPLETE
1444,0.4486224710941315,2025-04-17 22:08:46.161487,2025-04-17 22:08:57.837362,0 days 00:00:11.675875,0.04180914267292432,0.8732253208475352,2,0.1403413055825612,0.027126154801895445,0.08487900335964702,0.050459051821645125,0.0458587335253546,0.08314439008583034,0.00014398258486923802,7,45,0.06762792686470476,0.22635172202234743,True,False,False,2.1700057854217581e-07,COMPLETE
1445,0.4418097615242005,2025-04-17 22:08:58.324096,2025-04-17 22:09:09.365650,0 days 00:00:11.041554,0.12134243732891381,0.8413501780587627,2,0.1357779204506671,0.016040918013229565,0.0832140877350428,0.04796641132823925,0.05109228996898262,0.08148956330181438,0.0001714453412782571,6,36,0.06565729217517295,0.22477476202515254,True,False,False,1.7792593413925113e-07,COMPLETE
1446,0.4529503703117371,2025-04-17 22:09:09.837390,2025-04-17 22:09:22.250760,0 days 00:00:12.413370,0.07425021716481271,0.8623829518810312,2,0.11966711526730713,0.026842916204766462,0.08504186446023744,0.04451654201290221,0.04377664237971749,0.0789005604270066,0.00014918555859362462,8,41,0.06774294902867212,0.23345636987377022,True,False,False,1.7363126759049697e-07,COMPLETE
1447,0.44943609833717346,2025-04-17 22:09:22.721974,2025-04-17 22:09:33.753544,0 days 00:00:11.031570,0.12715656163778916,0.8604466033701355,2,0.14027563655643266,0.01852215040787519,0.08095242691361797,0.04658875506577375,0.048101766687829256,0.08469230164947031,0.00011959383652761422,6,38,0.07457215523540732,0.2205588564494384,True,False,False,1.8292483838299283e-07,COMPLETE
1448,0.45611897706985477,2025-04-17 22:09:34.230744,2025-04-17 22:09:45.345703,0 days 00:00:11.114959,0.09875789241710417,0.8758758103963697,2,0.1376488601800128,0.03124337609837398,0.08304602926577045,0.04879289738562314,0.04646317900091344,0.08679154081459352,0.00016058731657724729,6,48,0.07167909320498216,0.23081698560071562,True,False,False,2.358726708375102e-07,COMPLETE
1449,0.44925337433815005,2025-04-17 22:09:45.833205,2025-04-17 22:09:57.495270,0 days 00:00:11.662065,0.12508799942713067,0.8744474162277993,2,0.1308380860604986,0.023189875097420827,0.08096624328124209,0.04376853746982294,0.04946026703282159,0.08200614465235706,0.00017253078388188592,7,32,0.0699392418545134,0.22488948641733608,True,False,False,2.499307604345468e-07,COMPLETE
1450,0.3245873272418976,2025-04-17 22:09:57.972301,2025-04-17 22:10:08.136216,0 days 00:00:10.163915,0.059563254893920045,0.8421834094345967,2,0.1366411250637814,0.032109798516415766,0.08508420571811984,0.050984329905974304,0.0014018034927393147,0.08451867851991204,0.000148668551375467,6,43,0.07212419182989088,0.23799324163576657,True,False,True,1.2341296480870986e-07,COMPLETE
1451,0.09234625697135926,2025-04-17 22:10:08.608321,2025-04-17 22:10:16.444929,0 days 00:00:07.836608,0.10571840618931684,0.8391784499346656,16,0.125839826858492,0.02158523488879023,0.08320641371189863,0.04589073392637472,0.042093060684279614,0.08512649014737508,0.0001280236823136372,6,150,0.0679439073056987,0.22128759027415437,True,False,False,1.4559279849846267e-07,COMPLETE
1452,0.19402764439582826,2025-04-17 22:10:16.913292,2025-04-17 22:10:27.349367,0 days 00:00:10.436075,0.087513860851546,0.8660455465505614,2,0.13413748355541277,0.02751397379428004,0.08551359888759058,0.048065480881098806,0.04500155690201394,0.08303859915266107,0.00018446145390981714,7,35,0.065163519460509,0.23200052924695405,True,True,False,2.1208876803071497e-07,COMPLETE
1453,0.45598120093345645,2025-04-17 22:10:27.841904,2025-04-17 22:10:40.116544,0 days 00:00:12.274640,0.13478799134202682,0.8902286905276735,2,0.14745919236408364,0.035765088784365844,0.08024491630674646,0.04337354935567721,0.05128189793587168,0.08077331284987793,0.00013760206661255137,8,39,0.06403789634881427,0.2213803945597243,True,False,False,2.206634656927491e-07,COMPLETE
1454,0.4570662140846253,2025-04-17 22:10:40.592731,2025-04-17 22:10:51.033495,0 days 00:00:10.440764,0.11507560707284403,0.8876801380138184,2,0.12256700680489668,0.03035857941168007,0.08265893016679104,0.04597763736388136,0.0469744472465234,0.08453428494090633,0.00018208260273326894,5,41,0.06963300868855793,0.23103011842674623,True,False,False,2.5479461147849025e-07,COMPLETE
1455,0.4409017086029053,2025-04-17 22:10:51.507911,2025-04-17 22:11:08.946256,0 days 00:00:17.438345,0.14235794517180894,0.8377759963693349,2,0.14101233211710654,0.03513787551307669,0.0876055113716433,0.049619343799399036,0.05356695868747393,0.08625506132577743,9.887535186332119e-05,16,44,0.06808143246933969,0.23750772141136972,True,False,False,2.391407277162982e-07,COMPLETE
1456,0.09234625697135926,2025-04-17 22:11:09.417457,2025-04-17 22:11:20.261172,0 days 00:00:10.843715,0.07602083908798862,0.8562797054498748,2,0.14341999261539295,0.012930724838107185,0.08641780682566778,0.04422271460498,0.04890304750601448,0.08539607395965652,0.00020162098444681574,6,50,0.06923206544877154,0.23441218389269608,False,False,False,1.0251593541266943e-07,COMPLETE
1457,0.4357217907905579,2025-04-17 22:11:20.760276,2025-04-17 22:11:31.164798,0 days 00:00:10.404522,0.10987369581683745,0.875902190746586,2,0.1317094148606878,0.020307642127189874,0.09232982466845421,0.051098024033230244,0.04476905210017816,0.08410963124081636,0.0001507547197002757,5,36,0.060580625494223335,0.22978800857187642,True,False,False,1.437521700041099e-07,COMPLETE
1458,0.44472438693046573,2025-04-17 22:11:31.645147,2025-04-17 22:11:43.287833,0 days 00:00:11.642686,0.04432181021717346,0.896108642224962,2,0.14386295566621507,0.026444919149018174,0.08048396641938572,0.047249761689107904,0.05161545095776714,0.08508706142343847,0.00017679138518077818,7,33,0.06753311765352722,0.22221523709956856,True,False,False,2.9216298596354595e-07,COMPLETE
1459,0.09234625697135926,2025-04-17 22:11:43.763935,2025-04-17 22:11:55.145463,0 days 00:00:11.381528,0.15865562414552392,0.861298563242927,2,0.15222075827768133,0.03368010596990855,0.03542639515372059,0.04235158518036867,0.04280060212896613,0.0813358615390533,0.00020959021488645483,6,122,0.06886963107620586,0.2387954349126023,True,False,False,1.5345444129497168e-07,COMPLETE
1460,0.09234625697135926,2025-04-17 22:11:55.620185,2025-04-17 22:12:05.943326,0 days 00:00:10.323141,0.13213699055678865,0.8381704899866934,2,0.13453076871592,0.006149222562326473,0.08389860390331347,0.045058624588418285,0.04737379091136814,0.0785404926598249,0.00011969642047289926,5,46,0.07045182434883902,0.24109219587641872,True,False,False,1.7717331523979595e-07,COMPLETE
1461,0.41836827993392944,2025-04-17 22:12:06.417108,2025-04-17 22:12:14.191340,0 days 00:00:07.774232,0.08437442945269825,0.8811765861608817,8,0.1479343164371654,0.02723395226446557,0.08247543533116627,0.048935303975628314,0.04985669727303391,0.08715231834265948,0.00015828043005207163,6,39,0.06184697346533345,0.24089660548367156,True,False,False,3.606899638354107e-08,COMPLETE
1462,0.4592734694480896,2025-04-17 22:12:14.680331,2025-04-17 22:12:25.215895,0 days 00:00:10.535564,0.14080195581952526,0.8950547958748138,2,0.15738980066331795,0.03588486980756622,0.08427918638261275,0.047183208270105595,0.054830804294436986,0.08180558253256999,0.00022166230873637053,5,42,0.07712892315901523,0.23416310014355055,True,False,False,1.5792904370230524e-06,COMPLETE
1463,0.45921493768692023,2025-04-17 22:12:25.692439,2025-04-17 22:12:36.833994,0 days 00:00:11.141555,0.15738719484228636,0.9058735894110654,2,0.15719255338447136,0.041038790192357046,0.08668276568486175,0.04173259081708354,0.053288889016069395,0.08578110955481073,0.0001937792728144681,6,47,0.06914410804091468,0.22763896965912409,True,False,False,1.5854439132869322e-06,COMPLETE
1464,0.41967663764953617,2025-04-17 22:12:37.309102,2025-04-17 22:12:47.862128,0 days 00:00:10.553026,0.18948728612444213,0.8601378608784507,2,0.16384473355090515,0.12287628690394883,0.08955334549067825,0.04050715684532012,0.05553943449970121,0.08094181033293808,0.0015674767810067252,5,51,0.07563932662409063,0.2176166023279402,True,False,False,1.5504440751851262e-06,COMPLETE
1465,0.43722825646400454,2025-04-17 22:12:48.336176,2025-04-17 22:12:58.959854,0 days 00:00:10.623678,0.16758114826891868,0.8951073831079672,2,0.1598144257329083,0.03901545685172713,0.08815633374415258,0.03762567716272234,0.052527794436970004,0.07738488459238017,0.00013073763510603305,5,50,0.07642159932171388,0.22636706842387785,True,False,False,1.490881211532479e-06,COMPLETE
1466,0.4524942636489868,2025-04-17 22:12:59.454283,2025-04-17 22:13:10.560498,0 days 00:00:11.106215,0.1689411214915752,0.8774956576973743,2,0.1562716181052641,0.03567938915656351,0.09488985647600956,0.040701124004974526,0.056349635355101235,0.0797934587644528,0.00015339570440966598,6,53,0.07012541228382313,0.22613608049480427,True,False,False,1.2038352339047282e-06,COMPLETE
1467,0.4434302866458893,2025-04-17 22:13:11.039124,2025-04-17 22:13:22.836066,0 days 00:00:11.796942,0.149112418814547,0.8376036382332835,2,0.1651618775754753,0.040186356649900445,0.08753174346998024,0.03489214742868789,0.05582232507158709,0.08249520948265725,9.190457991782677e-05,7,54,0.07700441445295039,0.22049991287811146,True,False,False,1.3233191601827507e-06,COMPLETE
1468,0.4483877003192902,2025-04-17 22:13:23.312589,2025-04-17 22:13:33.773936,0 days 00:00:10.461347,0.15269171057344003,0.9005791492339512,2,0.16645007085673907,0.03762329844799201,0.09094860566145868,0.04163723539649954,0.05508638992774537,0.08003170769290521,0.00017189546241771797,5,47,0.07088946160051905,0.2272435215047272,True,False,False,1.3079433865483988e-06,COMPLETE
1469,0.4460681438446045,2025-04-17 22:13:34.249597,2025-04-17 22:13:45.359628,0 days 00:00:11.110031,0.1835610256444179,0.8588869089780877,2,0.15817522935741504,0.032716863344373605,0.0871762930802974,0.040005834275461644,0.05673740155242976,0.07921179723416588,0.00011202637642466129,6,48,0.06849529199215063,0.22719371055396922,True,False,False,1.040692254178304e-06,COMPLETE
1470,0.23751726746559143,2025-04-17 22:13:45.857657,2025-04-17 22:13:55.452648,0 days 00:00:09.594991,0.1684007084081464,0.8737428589002971,2,0.16231181914798123,0.039366337170204824,0.08604623430894413,0.036367603963284166,0.05570908861715888,0.07676107775127321,0.00014105470535341188,5,49,0.072207221526368,0.22897425105493668,True,False,True,1.6641004074179711e-06,COMPLETE
1471,0.09234625697135926,2025-04-17 22:13:55.933259,2025-04-17 22:14:05.905601,0 days 00:00:09.972342,0.14568034891556536,0.902322841314671,2,0.17031719901216982,0.02915844704388979,0.08958207351317046,0.03900451859661065,0.054009280536007856,0.08406434416170046,0.00018555323950776034,6,46,0.07085446074672123,0.2210276735977122,True,True,False,1.6903561819100936e-06,COMPLETE
1472,0.3788094103336334,2025-04-17 22:14:06.383201,2025-04-17 22:14:13.629652,0 days 00:00:07.246451,0.14563979135439878,0.8421302870713837,16,0.15647567698556827,0.03323216283839059,0.08502455836841796,0.04190418242244016,0.05425689471709205,0.08248580658341752,0.0001829461720864902,5,45,0.06691387714826934,0.23037598293037093,True,False,False,1.067272337037053e-06,COMPLETE
1473,0.3903449952602387,2025-04-17 22:14:14.104558,2025-04-17 22:14:25.249664,0 days 00:00:11.145106,0.17100376158527222,0.8816246997365353,2,0.15581543146202417,0.019863411070259136,0.08840273635271387,0.04285378391922943,0.056499126501117186,0.08185332902248998,0.0001353809852086358,6,50,0.07130884677661717,0.23213333449405468,True,False,False,1.5919334155400563e-06,COMPLETE
1474,0.44682610034942627,2025-04-17 22:14:25.748035,2025-04-17 22:14:37.586696,0 days 00:00:11.838661,0.15751294902289864,0.8561197629835569,2,0.1669542210746607,0.041758363947801184,0.08661569048256912,0.03850693462035083,0.0539156485441876,0.08144766015102975,0.00019840424079032508,7,57,0.07356058950814277,0.2325934120104097,True,False,False,1.2901869652965992e-06,COMPLETE
1475,0.44078094959259034,2025-04-17 22:14:38.064629,2025-04-17 22:14:48.493786,0 days 00:00:10.429157,0.14082637312606433,0.8917522692519628,2,0.16255641536006227,0.024176458699285846,0.09200737325721486,0.04258824628657882,0.05294593282796181,0.08377275630469784,0.0001696796419902644,5,47,0.07711645533389837,0.23436113000109274,True,False,False,9.58802970664399e-07,COMPLETE
