number,value,datetime_start,datetime_complete,duration,params_alpha-eval,params_alpha-train,params_batch-size,params_eps-eval,params_eps-train,params_lambda-actions-eval,params_lambda-actions-train,params_lambda-frames-eval,params_lambda-frames-train,params_learning-rate,params_n-epochs,params_n-frames,params_radius-gw,params_rho,params_std-feats,params_ub-actions,params_ub-frames,params_weight-decay,state
793,0.4084002733230591,2025-04-10 21:52:27.017607,2025-04-10 21:52:33.895125,0 days 00:00:06.877518,0.29401439626641795,0.04898921645163517,8,0.04736934262103736,0.01060938082232337,0.09351090250118743,0.07879887816537895,0.004999344602104681,0.016794374294345552,7.501002835969543e-05,5,36,0.06449743814425898,0.07957827222768704,True,True,False,1.3093031439048695e-07,COMPLETE
794,0.3885487794876099,2025-04-10 21:52:34.147798,2025-04-10 21:52:40.832332,0 days 00:00:06.684534,0.33341140452152296,0.14059306200362737,16,0.06521337436525872,0.021726242325678793,0.09806872294528726,0.07416313607216109,0.023592872319279885,0.023026566754862077,8.849807922981966e-05,6,48,0.05884892694962844,0.061579423751559434,True,True,False,6.752110459504568e-08,COMPLETE
795,0.3781911671161652,2025-04-10 21:52:41.097231,2025-04-10 21:52:47.708247,0 days 00:00:06.611016,0.2634219297661193,0.0743385548754318,16,0.041003772854028,0.1868586516713814,0.08820224062471022,0.07738420160151349,0.04006728120393265,0.06511938934217551,5.1063191734110246e-05,5,41,0.06110392021510696,0.2974694076447121,True,True,False,9.351016977932093e-08,COMPLETE
796,0.14926442801952364,2025-04-10 21:52:47.974623,2025-04-10 21:52:54.582318,0 days 00:00:06.607695,0.16165315687537388,0.10747707223172866,16,0.06033628401484222,0.025890061918782827,0.09522778291954787,0.08192247502557978,0.037004033312924234,0.027949793086640317,0.00010115326571473096,6,45,0.06687243184379597,0.047265589187387574,False,True,True,1.8655339957566002e-08,COMPLETE
797,0.42193844318389895,2025-04-10 21:52:54.830903,2025-04-10 21:53:02.134161,0 days 00:00:07.303258,0.20359576036396404,0.031296106553114135,16,0.049511761465293375,0.005129006028117574,0.09049758140771724,0.0715459944992754,0.0255426719158954,0.060572546083481796,6.659453939104826e-05,8,40,0.06359495901507312,0.06638619558627944,True,False,False,2.4426563337509318e-08,COMPLETE
798,0.2634035229682923,2025-04-10 21:53:02.400958,2025-04-10 21:53:09.232497,0 days 00:00:06.831539,0.4344166596204684,0.07693165925477208,16,0.03833106005897613,0.015107588687991932,0.09262894000091851,0.07535859482718352,0.03275391572549898,0.025918966284239356,0.00013371480452216674,7,47,0.07007819492883022,0.05565507694993814,True,True,False,3.2641478925660026e-08,COMPLETE
799,0.10500871241092682,2025-04-10 21:53:09.495904,2025-04-10 21:53:16.215756,0 days 00:00:06.719852,0.23753846667999343,0.42929620109956984,16,0.10932499709488944,0.009956600035618143,0.08547441462535116,0.0695346316249858,0.028332944307824626,0.01950979360492749,8.171903342263943e-05,6,43,0.05941158677354672,0.15358997685866396,True,True,False,1.9944524119405538e-07,COMPLETE
800,0.24084644317626955,2025-04-10 21:53:16.466887,2025-04-10 21:53:23.063129,0 days 00:00:06.596242,0.28997636007961314,0.1568506881609115,16,0.06821295873132278,0.018700419390482587,0.0888081340291629,0.080129539017009,0.030542791807288028,0.02166928537931361,4.029308962093204e-05,5,38,0.06564515175469786,0.03892972133172279,True,True,False,7.141795763177993e-08,COMPLETE
801,0.3662596881389618,2025-04-10 21:53:23.327560,2025-04-10 21:53:30.098971,0 days 00:00:06.771411,0.31239567414391,0.09651354570984791,16,0.05527862394065978,0.03211015402264662,0.09681458831711824,0.08793224783408776,0.018198596195270103,0.03656965421548486,5.656889900354928e-05,6,33,0.06148792171396336,0.04976716884993598,True,True,False,4.254160858821025e-08,COMPLETE
802,0.4100115180015564,2025-04-10 21:53:30.366715,2025-04-10 21:53:36.970512,0 days 00:00:06.603797,0.34691196644523975,0.12797374469778106,16,0.044156698168488336,0.0262806029308904,0.0951946795842773,0.0730043435866011,0.05481043942670885,0.01717790447575024,0.0001013849280396886,5,51,0.0686700557247842,0.2051100752908615,True,True,False,1.4548528769434898e-07,COMPLETE
803,0.23495013117790223,2025-04-10 21:53:37.221534,2025-04-10 21:53:43.993803,0 days 00:00:06.772269,0.2719238740963717,0.047554103663476496,16,0.0548394932992343,0.0004545093755139583,0.08157230120166772,0.07746186024862849,0.09246356401867728,0.04195962021630001,0.0001535384647321429,7,44,0.039936400064758265,0.03117828317045775,True,True,False,1.1054995549379945e-07,COMPLETE
804,0.41370596885681155,2025-04-10 21:53:44.259513,2025-04-10 21:53:51.089996,0 days 00:00:06.830483,0.22025826817805125,0.2719781699165543,16,0.031036930022409218,0.09507846227047248,0.09219490991355363,0.07622958982706397,0.03791390066108083,0.03144194662976899,7.081048165849646e-05,6,48,0.06322390743543725,0.06060136752253363,True,True,False,5.381463015328644e-08,COMPLETE
805,0.3423135340213776,2025-04-10 21:53:51.339344,2025-04-10 21:53:58.071112,0 days 00:00:06.731768,0.4606261564684807,0.06809802076632801,16,0.06167576029763761,0.014563220933025423,0.0894740948403577,0.0791379928824461,0.03584703872352253,0.03799452328893996,0.0001195974804094879,7,41,0.05466538244801824,0.07665746240064493,True,True,False,1.4885585343058862e-08,COMPLETE
806,0.4260839223861695,2025-04-10 21:53:58.336294,2025-04-10 21:54:04.931560,0 days 00:00:06.595266,0.37140925073894704,0.11295849874010018,16,0.048475596494528025,0.020500411693808854,0.0977851910826695,0.06817778586560444,0.02754200015685529,0.022849906658020468,8.258432621414021e-05,5,46,0.07136922717106613,0.043572570286934356,True,True,False,0.0005571645298292777,COMPLETE
807,0.09599370658397675,2025-04-10 21:54:05.196691,2025-04-10 21:54:11.826517,0 days 00:00:06.629826,0.24982282865917185,0.0928744499828407,16,0.09501450266165794,0.008662550816265298,0.09429563811187186,0.0728041557909129,0.03306239053524815,0.024535524228616136,6.278084583305168e-05,6,38,0.057944266073199815,0.0692763454217839,True,True,False,2.4934217042734774e-08,COMPLETE
808,0.22443988323211672,2025-04-10 21:54:12.080674,2025-04-10 21:54:18.757123,0 days 00:00:06.676449,0.33179239427587415,0.0277682453165752,16,0.0740920216220582,0.026856405592364584,0.08730081809253872,0.08488092776885983,0.09544795948628887,0.019107838536348627,9.305045648462592e-05,6,43,0.0655760019811374,0.021566704036817794,True,True,False,8.343434115655745e-08,COMPLETE
809,0.2820018231868744,2025-04-10 21:54:19.030987,2025-04-10 21:54:25.922114,0 days 00:00:06.891127,0.2943807930545158,0.13990666682786132,16,0.08221820793467896,0.014482924531383546,0.0914250005844384,0.07496640396716188,0.024496791653988468,0.027254491715126172,4.9776093171503714e-05,8,49,0.06753627633985684,0.054690257172531204,True,True,False,2.2527092362587167e-08,COMPLETE
810,0.20945813655853274,2025-04-10 21:54:26.189329,2025-04-10 21:54:35.570434,0 days 00:00:09.381105,0.275416435320955,0.06215242056989139,2,0.037770969318069954,0.005735851435786457,0.09338639523160638,0.08152036301748514,0.029534863636010378,0.021309755323446773,7.495117417818355e-05,5,69,0.0606167021310135,0.06460746784664434,True,True,False,3.755785519202313e-08,COMPLETE
811,0.29486927986145023,2025-04-10 21:54:35.823541,2025-04-10 21:54:42.727161,0 days 00:00:06.903620,0.31104172516210304,0.9196348770966274,16,0.0429865919095996,0.03311738669861535,0.08421030761253,0.07734666729041509,0.0915204449872677,0.029688736327086976,0.00011337471615463398,7,55,0.06339545327113594,0.035435858970028655,True,True,False,1.9165913447091394e-07,COMPLETE
812,0.42839012145996097,2025-04-10 21:54:42.996701,2025-04-10 21:54:49.723209,0 days 00:00:06.726508,0.19101471390577623,0.16778797451532287,16,0.05280469376561573,0.020151062113273034,0.09604219288107685,0.07101587142846774,0.03137880034406353,0.03580283967601585,9.046902291574948e-05,6,46,0.06224958465995713,0.060169157271213115,True,True,False,0.00019614476687486294,COMPLETE
813,0.2987617254257202,2025-04-10 21:54:49.988442,2025-04-10 21:54:56.613687,0 days 00:00:06.625245,0.24509996053790922,0.1075950436027377,16,0.06408420505388143,0.010648703241855923,0.08873693223745657,0.0744277026184247,0.026066970701058505,0.02577312730616815,6.191778030593748e-05,5,78,0.06550167947928585,0.05018071541710157,True,True,False,5.979715025697536e-08,COMPLETE
814,0.3273253619670868,2025-04-10 21:54:56.870301,2025-04-10 21:55:03.672113,0 days 00:00:06.801812,0.3219066358479613,0.23399231041683344,16,0.04737035054845144,0.00017278681948896537,0.0862503621536155,0.07969458074711099,0.08907587061595858,0.04036815485826106,0.00014143253404649692,7,40,0.059808817213670824,0.07254411622343206,True,True,True,3.0874458962966105e-08,COMPLETE
815,0.21229245662689208,2025-04-10 21:55:03.937365,2025-04-10 21:55:11.363177,0 days 00:00:07.425812,0.3955867479329023,0.08013742192461526,8,0.058720713287948624,0.02367482280005185,0.09093868812737296,0.07221723664491167,0.034805654725345296,0.06394200622985705,7.528244090891775e-05,6,36,0.06990303290098311,0.04393204498729051,False,False,False,1.750611136389521e-08,COMPLETE
816,0.34532286524772643,2025-04-10 21:55:11.632577,2025-04-10 21:55:18.230722,0 days 00:00:06.598145,0.7727453673012172,0.045456710525664704,16,0.03091914023414158,0.01679710464148504,0.09828624413584916,0.06623709252693465,0.031526024740850186,0.014133787278848741,0.00010858068320654976,5,43,0.05703856516322635,0.056413898056900606,True,True,False,1.003314054688833e-07,COMPLETE
817,0.2942448854446411,2025-04-10 21:55:18.485427,2025-04-10 21:55:25.199047,0 days 00:00:06.713620,0.34731880483539174,0.12966353721793833,16,0.07068223243719503,0.030527503707226962,0.09383052927592965,0.07617395941202022,0.02810092894832772,0.023501792167502294,4.505095695479297e-05,6,52,0.06760531681455298,0.08659262972932744,True,True,False,4.907734931114108e-08,COMPLETE
818,0.41824100613594056,2025-04-10 21:55:25.467199,2025-04-10 21:55:32.278830,0 days 00:00:06.811631,0.29480248172581347,0.15401653694729386,16,0.04070004634866793,0.011995275851984937,0.0898533860457099,0.08331117720257408,0.022158220346244328,0.015913256905570005,9.05389776250306e-05,7,44,0.06369739608891178,0.0652934383600066,True,True,False,1.5813346985292132e-07,COMPLETE
819,0.32830197215080265,2025-04-10 21:55:32.544960,2025-04-10 21:55:39.245351,0 days 00:00:06.700391,0.22580813020512486,0.09234962833594454,16,0.05154447745832933,0.005034673525076696,0.09625598841996456,0.07817091687915283,0.09397154744578398,0.03252137719825368,5.603377872063119e-05,6,40,0.06200185035842597,0.04891352556336116,True,True,False,8.03035546718586e-08,COMPLETE
820,0.3550276458263397,2025-04-10 21:55:39.503233,2025-04-10 21:55:46.091420,0 days 00:00:06.588187,0.2591923529354146,0.06330175497013094,16,0.059196937805040234,0.023209683001934,0.09186204792833637,0.07383072606062413,0.040467641514547785,0.01989389737108605,6.846602493931307e-05,5,48,0.06462132251265323,0.05938168482285665,True,True,False,1.22863184608482e-07,COMPLETE
821,0.3854928553104401,2025-04-10 21:55:46.358883,2025-04-10 21:55:53.038490,0 days 00:00:06.679607,0.27808339377030256,0.024713874597057525,16,0.045119068758357306,0.01767041452530827,0.07781205146199843,0.06967595370626382,0.02924791594548718,0.06822673176405279,0.00012302878662580767,6,35,0.06077076465918207,0.07323820884458371,True,True,False,2.155213323059446e-08,COMPLETE
822,0.3853924095630646,2025-04-10 21:55:53.308930,2025-04-10 21:56:00.108333,0 days 00:00:06.799403,0.3636305483345478,0.11553080731897652,16,0.03536325363748681,0.008298534377758033,0.09485686270356286,0.08017389954716478,0.03355512261543415,0.028202384686817152,8.310058565655191e-05,7,46,0.06671902483098552,0.041983901476286854,True,True,False,1.3572706546214386e-05,COMPLETE
823,0.42016940712928774,2025-04-10 21:56:00.380970,2025-04-10 21:56:07.365664,0 days 00:00:06.984694,0.30552466805926115,0.04421979600768583,16,0.05410237555023471,0.02796371045137496,0.09282998579587676,0.07599794723190605,0.04320637236627851,0.03488367209723086,0.00010075372253330092,9,41,0.05868453853409756,0.054015986764536304,True,True,False,2.949908497649477e-08,COMPLETE
824,0.3414529085159302,2025-04-10 21:56:07.623221,2025-04-10 21:56:14.219517,0 days 00:00:06.596296,0.2101667124244041,0.0768760878831653,16,0.06458077011503,0.014624295993889393,0.08802107998306924,0.07776132931516518,0.09038094206141031,0.03066941482247265,0.00016699684675819306,5,38,0.0714753225713138,0.035440519873960484,True,True,False,4.1101576936891864e-08,COMPLETE
825,0.09234625697135926,2025-04-10 21:56:14.492211,2025-04-10 21:56:21.578355,0 days 00:00:07.086144,0.24411795203136935,0.19682626151710572,16,0.04788704979137547,0.03329027206291739,0.09739063112496084,0.07163050540491196,0.08729348485734574,0.021072796354529685,0.03504713317704017,11,44,0.0689214250025031,0.08047065105295197,True,True,False,1.5036751313291157e-08,COMPLETE
826,0.23898574113845827,2025-04-10 21:56:21.854353,2025-04-10 21:56:28.507707,0 days 00:00:06.653354,0.3308158221693571,0.13433174951415394,16,0.03914099162690417,0.021508497960827665,0.030033250478954766,0.07361849486459776,0.030107054658452887,0.06134462976382863,7.10746827050682e-05,6,49,0.06449303867763882,0.06643585578736554,True,True,False,5.741106448106912e-08,COMPLETE
827,0.32698349952697753,2025-04-10 21:56:28.769712,2025-04-10 21:56:35.695702,0 days 00:00:06.925990,0.2655945400120977,0.09919703214948093,16,0.054203254084806654,0.20834361379278205,0.0901877029335198,0.0824157071079129,0.047265254737680715,0.018667122356576506,5.457768631211405e-05,8,42,0.06271124200246833,0.046150933265047565,True,True,False,7.075613090829006e-08,COMPLETE
828,0.364513236284256,2025-04-10 21:56:35.968730,2025-04-10 21:56:42.546315,0 days 00:00:06.577585,0.12234669013033282,0.16708896779039267,16,0.044617865167731356,0.004988574948068678,0.08526916270241439,0.07538125017612964,0.03756933293430472,0.02499856544791021,8.979910081545975e-05,5,45,0.06734690493186081,0.02834159033639029,True,True,False,9.64800578552126e-08,COMPLETE
829,0.3389519989490509,2025-04-10 21:56:42.819357,2025-04-10 21:56:49.516544,0 days 00:00:06.697187,0.28488686031491106,0.11761177614235035,16,0.06904429696794251,0.011408606872115251,0.09492995112605176,0.07836605387570833,0.026516847611679648,0.03786877653262003,0.00011532324450947718,6,51,0.06558142991581727,0.06024808000751142,True,True,False,2.092153054265706e-07,COMPLETE
830,0.33916753530502325,2025-04-10 21:56:49.777307,2025-04-10 21:56:56.549725,0 days 00:00:06.772418,0.3737495782229383,0.057820003243242574,16,0.05868211669897848,0.025543262923380227,0.09261331176370348,0.07084417035190439,0.03301838931888828,0.016837993180113968,4.172272300465018e-05,7,30,0.06091720300294421,0.05190710063918002,True,True,False,4.8815573692660284e-08,COMPLETE
831,0.4137601077556611,2025-04-10 21:56:56.821446,2025-04-10 21:57:03.417741,0 days 00:00:06.596295,0.41710817499079467,0.09103353946220051,16,0.03140428336281475,0.017220711922814796,0.08725413557567539,0.08123514724490181,0.0362654193599617,0.059349877866087634,7.898987471661626e-05,5,39,0.05764802274424875,0.07114345482911734,True,True,False,1.3960450653667843e-07,COMPLETE
832,0.09234625697135926,2025-04-10 21:57:03.693832,2025-04-10 21:57:13.428786,0 days 00:00:09.734954,0.3466367104248286,0.1486716766533784,2,0.05002583454030792,0.019690440500921502,0.09067611010041281,0.0736843463315683,0.019801484907496576,0.02321826851855446,0.00026477677106708143,6,46,0.07111470038844502,0.03892248854788691,True,True,False,1.8286445632490734e-08,COMPLETE
833,0.32656424641609194,2025-04-10 21:57:13.688509,2025-04-10 21:57:21.260402,0 days 00:00:07.571893,0.2293882282693882,0.037985485560921205,16,0.041940836448155695,0.01103069820023821,0.0980899705906371,0.06834919315577209,0.023618882936219603,0.027819909636899995,6.290182348159905e-05,15,42,0.06330685548629525,0.06279848402111116,True,True,False,2.899606880561012e-08,COMPLETE
834,0.18619875907897948,2025-04-10 21:57:21.534801,2025-04-10 21:57:30.256107,0 days 00:00:08.721306,0.179892700659068,0.07463399999342821,16,0.05711699783474967,0.00016465744763082164,0.07101848053538622,0.07637568071935055,0.09069730616974914,0.034263370905184845,0.00010668827380395978,27,88,0.06877187883336998,0.05249991921324543,False,False,True,3.691816384044505e-08,COMPLETE
835,0.32054274082183837,2025-04-10 21:57:30.530035,2025-04-10 21:57:37.321062,0 days 00:00:06.791027,0.3034188181610609,0.6731474670333542,16,0.06340501444065808,0.02592013584680734,0.0934697941474612,0.0793366298065601,0.03147742197391588,0.021911150813830726,0.00013318274215793385,7,35,0.05931500047771069,0.07689736565972409,True,True,False,6.586315814178476e-08,COMPLETE
836,0.3736863434314728,2025-04-10 21:57:37.586214,2025-04-10 21:57:44.347824,0 days 00:00:06.761610,0.3234546142817414,0.21371612324569084,16,0.036273820750671655,0.034664016840119584,0.0961383638305783,0.08595334590969607,0.02847741322642632,0.03188538949058148,9.181762023229058e-05,6,48,0.06188827082137503,0.05730260027783228,True,True,False,1.1228473217423821e-07,COMPLETE
837,0.33126567602157597,2025-04-10 21:57:44.621460,2025-04-10 21:57:51.472774,0 days 00:00:06.851314,0.2622354952554181,0.1126177939383792,8,0.04941382827809826,0.007127886790790371,0.08908564194433294,0.07256381003703602,0.08739917840856165,0.026101651657946104,0.00019388840416910072,5,38,0.06532016749765503,0.04663237703191024,True,True,False,2.236328114557929e-08,COMPLETE
838,0.41671040654182434,2025-04-10 21:57:51.751911,2025-04-10 21:57:58.499535,0 days 00:00:06.747624,0.2872818586081746,0.024401583933619853,16,0.04304320813500419,0.01615995336720838,0.08229185850667171,0.0773871723282417,0.025184573791162523,0.039931756003603075,5.0517756651811097e-05,7,43,0.0841992679788277,0.06782902825152061,True,True,False,1.401988688187193e-08,COMPLETE
839,0.16588042080402376,2025-04-10 21:57:58.760813,2025-04-10 21:58:05.507828,0 days 00:00:06.747015,0.23843042732492184,0.134487100179765,16,0.07427658990027275,0.029318470549795268,0.021417474921653683,0.07495765202829356,0.03503396982209871,0.01916762760885643,7.190525227813273e-05,6,53,0.055882317477444834,0.04339206467192484,True,True,False,8.603739686466898e-08,COMPLETE
840,0.30886392593383794,2025-04-10 21:58:05.789283,2025-04-10 21:58:12.365501,0 days 00:00:06.576218,0.20439670620094197,0.060670780729063456,16,0.05279511753198569,0.020635265992606573,0.09163766370866464,0.08028867738712167,0.09279252762375638,0.024203350461175426,7.95731021355964e-05,5,46,0.05231294930609052,0.03147498983548633,True,True,False,1.7438124952846593e-07,COMPLETE
841,0.4062771081924439,2025-04-10 21:58:12.641919,2025-04-10 21:58:19.387606,0 days 00:00:06.745687,0.39169305498253865,0.09037617925379368,16,0.026673957923683225,0.011927934747839798,0.09854859779435683,0.07066452658909338,0.03004277726130726,0.020776388866215956,6.0848970447244974e-05,6,41,0.06396791204728147,0.060563359050145614,True,True,False,2.543589506735928e-07,COMPLETE
842,0.4014088869094849,2025-04-10 21:58:19.666983,2025-04-10 21:58:26.292421,0 days 00:00:06.625438,0.3120976470419272,0.17113637561543968,16,0.0630777941490899,0.006420836035054693,0.09486889912556985,0.07552309894728955,0.03897520554109904,0.029494671888108833,0.00010034569107680417,5,50,0.06710043657058352,0.06603283731379753,True,True,False,4.668445049047525e-08,COMPLETE
843,0.3290488004684448,2025-04-10 21:58:26.556437,2025-04-10 21:58:33.457445,0 days 00:00:06.901008,0.35621531531431494,0.04324837029047175,16,0.04727981055443601,0.022997000348362537,0.08556597856721608,0.07796281369317128,0.08853034759844579,0.03684448459241559,0.00012768928822794385,8,44,0.05989360721142782,0.05283672153652028,True,True,False,3.463331461999847e-08,COMPLETE
844,0.41085361242294316,2025-04-10 21:58:33.734769,2025-04-10 21:58:40.512507,0 days 00:00:06.777738,0.2659909049385036,0.012061652854145044,16,0.03638709753215928,0.01588342966171418,0.09257422045420455,0.07345106760490198,0.058051663636020656,0.04356050887807652,8.321415144440436e-05,7,39,0.0621821968246812,0.02381673183381086,True,True,False,2.5708432708042176e-08,COMPLETE
845,0.42804005146026614,2025-04-10 21:58:40.791518,2025-04-10 21:58:47.603720,0 days 00:00:06.812202,0.3249089511664731,0.10416747316164383,16,0.05544324201020265,0.030413686821550052,0.0894800321659457,0.07627326855829436,0.027693041610610855,0.017707708823611588,6.391052780488028e-05,6,46,0.06974617039749315,0.07295618554232365,True,True,False,5.936662729382684e-08,COMPLETE
846,0.3567285180091858,2025-04-10 21:58:47.869727,2025-04-10 21:58:54.914795,0 days 00:00:07.045068,0.2893582358694485,0.07907031137897762,16,0.07016033867804002,0.012926451760458087,0.09631322721057752,0.08093345864303962,0.032968427076239044,0.06580995918556855,0.00010545200517705236,10,42,0.06573586401663317,0.08312003695619098,True,True,False,1.4904121309693521e-07,COMPLETE
847,0.3984238147735596,2025-04-10 21:58:55.189310,2025-04-10 21:59:02.236348,0 days 00:00:07.047038,0.2576939049952107,0.12763849754806894,16,0.04342514222681545,0.004976303145519011,0.0874656441470655,0.08386952086531332,0.0968085181731322,0.07983762127982874,4.865126829053547e-05,6,136,0.06406003236659073,0.23513913568844863,True,True,False,1.69348845923499e-08,COMPLETE
848,0.0959257334470749,2025-04-10 21:59:02.516220,2025-04-10 21:59:08.999709,0 days 00:00:06.483489,0.22075091171117064,0.18527273524353124,16,0.08303953636766992,0.02175888946882345,0.09387241334116282,0.07164276913293871,0.031137700178101874,0.014813736767515656,3.676308098361512e-05,5,49,0.07189823806199029,0.047778850680538894,True,True,False,8.69474743071281e-08,COMPLETE
