number,value,datetime_start,datetime_complete,duration,params_alpha-eval,params_alpha-train,params_batch-size,params_eps-eval,params_eps-train,params_lambda-actions-eval,params_lambda-actions-train,params_lambda-frames-eval,params_lambda-frames-train,params_learning-rate,params_n-epochs,params_n-frames,params_radius-gw,params_rho,params_std-feats,params_ub-actions,params_ub-frames,params_weight-decay,state
1857,0.33615542054176334,2025-04-11 00:04:35.637749,2025-04-11 00:04:42.418741,0 days 00:00:06.780992,0.3253966265677678,0.05500556120524511,16,0.03809080907348691,0.011714475921996408,0.09331491974027464,0.07399497839545456,0.03485677962526679,0.020833580617747066,0.00013800419673927938,6,41,0.05922546423718414,0.03602839754752963,True,True,False,4.225775539103668e-08,COMPLETE
1858,0.34221719503402714,2025-04-11 00:04:43.042085,2025-04-11 00:04:51.807108,0 days 00:00:08.765023,0.2728839785082899,0.08959490329151448,16,0.046279570262842476,0.030491937254536607,0.0971873615013047,0.0772876296810647,0.024892467913632498,0.02850591317153122,6.0602703077166934e-05,27,44,0.06984896167341897,0.06671135783079753,True,True,False,9.305071390035406e-08,COMPLETE
1859,0.4201695144176484,2025-04-11 00:04:52.405892,2025-04-11 00:04:59.271810,0 days 00:00:06.865918,0.2311594351209272,0.02624447664212895,16,0.02998567305649986,0.0191819115280464,0.07887873001145707,0.08276099367004963,0.041464245081494565,0.015259257615164643,4.665529639065168e-05,7,50,0.06392493001559943,0.06134969806592383,True,True,False,5.859192824511749e-08,COMPLETE
1860,0.33193562030792234,2025-04-11 00:04:59.895554,2025-04-11 00:05:06.567449,0 days 00:00:06.671895,0.29134042373758406,0.13879856481742853,16,0.020741900905140116,0.004732696484976279,0.08365369567254129,0.0807709970382821,0.051635771774800235,0.02517176776142889,7.862995610969448e-05,5,38,0.062414425711092084,0.05417839774583197,True,True,True,3.100698642517492e-08,COMPLETE
1861,0.2091415286064148,2025-04-11 00:05:07.171599,2025-04-11 00:05:14.033903,0 days 00:00:06.862304,0.25124912243184866,0.09662027084816979,16,0.05120722604216993,0.014558676943845538,0.08589781701733319,0.07276859170673394,0.030557118310613585,0.021891570725771786,0.00011856689540209549,5,46,0.06543504726356493,0.08273886267544996,False,False,False,1.6123669055636874e-07,COMPLETE
1862,0.4120017766952515,2025-04-11 00:05:14.628244,2025-04-11 00:05:21.368984,0 days 00:00:06.740740,0.2124797901870855,0.07091000926765337,16,0.041436962082749364,0.025099326082065845,0.08100777432041442,0.006791813975537457,0.04473070917583891,0.01928817513886872,9.752488004262445e-05,6,55,0.05580600749402787,0.04698858762265232,True,True,False,1.1840355461172673e-07,COMPLETE
1863,0.42559868693351743,2025-04-11 00:05:21.987246,2025-04-11 00:05:28.906049,0 days 00:00:06.918803,0.2813783887457387,0.11683344848519747,16,0.03762706649541997,0.03476144655734627,0.09126998803834915,0.06857238926513697,0.03759653645212274,0.027044841740998436,3.3586931305091896e-05,7,42,0.05939498459870527,0.03697423060341067,True,True,False,4.578905159804064e-08,COMPLETE
1864,0.3775419473648071,2025-04-11 00:05:29.535702,2025-04-11 00:05:36.196121,0 days 00:00:06.660419,0.16884233551538858,0.16159141727634027,16,0.04660974680821499,0.010843685080474477,0.094701074426548,0.07570509984669631,0.02732424836199033,0.02376231816945373,7.697984039782e-05,5,46,0.06773357200052887,0.0253182524452251,True,True,False,7.921647097960341e-08,COMPLETE
1865,0.3994728922843933,2025-04-11 00:05:36.797195,2025-04-11 00:05:43.618951,0 days 00:00:06.821756,0.3080841458664972,0.05662169279826618,16,0.05242003150142709,0.01941559866049789,0.08833088305208289,0.07764866952739288,0.043106026034994215,0.017570676365413,5.8169954195384515e-05,6,40,0.07101777842854515,0.07604187991877605,True,True,False,2.0084412622257421e-07,COMPLETE
1866,0.3662374198436737,2025-04-11 00:05:44.255975,2025-04-11 00:05:51.143475,0 days 00:00:06.887500,0.3303522907392037,0.08111515512638685,16,0.025881702376719183,0.006028772930576285,0.09971285195536893,0.07058290952993615,0.03991254720311053,0.02083581796715175,0.00010277590474459496,6,61,0.061705450366891214,0.059698823502807745,True,True,False,6.980820420391005e-07,COMPLETE
1867,0.4003281652927399,2025-04-11 00:05:51.748909,2025-04-11 00:05:58.645604,0 days 00:00:06.896695,0.2502750757629271,0.13226713453178285,16,0.016242043759178933,0.0279665451045882,0.08399167302002804,0.0744439672375917,0.047593029467192204,0.029021108764129264,6.737734298980964e-05,7,51,0.06392366119879452,0.28341500014561694,True,True,False,9.438936523115402e-08,COMPLETE
1868,0.3145729899406433,2025-04-11 00:05:59.274482,2025-04-11 00:06:06.238196,0 days 00:00:06.963714,0.1996731948413279,0.02857382086639111,16,0.043260408872815195,0.121696880651767,0.053860196428831386,0.06440481485092064,0.0350708986079957,0.014638740826782768,8.72872178746277e-05,8,48,0.05717554035265182,0.04286736071698681,True,True,False,6.28474728270494e-08,COMPLETE
1869,0.4395371377468109,2025-04-11 00:06:06.868113,2025-04-11 00:06:13.553218,0 days 00:00:06.685105,0.2702488894913193,0.10557325723140835,16,0.035606938807507996,0.014048200687792453,0.09323562966856043,0.0793773551423541,0.049183260588506264,0.02615168891915493,0.00012558096663228246,5,43,0.06601866063899116,0.05168165586600404,True,True,False,1.3270824061424664e-07,COMPLETE
1870,0.24963232874870303,2025-04-11 00:06:14.161989,2025-04-11 00:06:21.239348,0 days 00:00:07.077359,0.25942663632403307,0.5270784440740602,16,0.05381303148643716,0.004756611503291143,0.09651756799023292,0.08272306758741882,0.05425271442634966,0.02896205855811091,0.00019321699164820142,9,48,0.063465452626799,0.04855627831249781,True,True,False,1.4838006958193617e-07,COMPLETE
1871,0.2913977861404419,2025-04-11 00:06:21.838842,2025-04-11 00:06:28.727143,0 days 00:00:06.888301,0.24665995978901314,0.06450688051721007,16,0.04370441724934353,0.01105848605838846,0.09552935637283254,0.08144539625006632,0.05346954177528502,0.027813062078026803,0.00014791224601141273,7,45,0.06538500523386181,0.05100655181798205,True,True,False,1.857568580436878e-07,COMPLETE
1872,0.32763559818267823,2025-04-11 00:06:29.349474,2025-04-11 00:06:39.202152,0 days 00:00:09.852678,0.232827653930541,0.11642622022154711,2,0.048691027548703865,0.00995853594691706,0.09886369820485602,0.08372374229332,0.051413662093756696,0.026377370628568514,0.0001688608669556169,6,53,0.061936326785205,0.2917692875097697,True,True,False,1.368019486952378e-07,COMPLETE
1873,0.4005351006984711,2025-04-11 00:06:39.833447,2025-04-11 00:06:46.465386,0 days 00:00:06.631939,0.26379922657352617,0.14742362031908093,16,0.03872153109045646,0.005181354250760644,0.09391800798045515,0.0856760267860083,0.05276343841559036,0.02988079827163216,0.0001365104738074951,5,44,0.06422902645718068,0.04407414848386877,True,True,False,1.610062740137101e-07,COMPLETE
1874,0.3117729425430298,2025-04-11 00:06:47.068648,2025-04-11 00:06:53.868331,0 days 00:00:06.799683,0.22469292010104178,0.09019446635720192,16,0.05304123745902092,0.013723945400079506,0.09655362249867996,0.08009698451843317,0.048428130002374684,0.029041110728103198,0.00012595936614449483,6,50,0.06034051123260078,0.051194562151610855,True,True,False,1.31272489917308e-07,COMPLETE
1875,0.32897353172302246,2025-04-11 00:06:54.494948,2025-04-11 00:07:01.173600,0 days 00:00:06.678652,0.24223357326003814,0.03758747004641376,16,0.0345742754945845,0.009348040225037699,0.0815101760140156,0.08122842748592439,0.05074368414252482,0.026943991222776374,0.00011996389826279306,5,47,0.06304053712356411,0.04040294449147634,True,True,False,2.1159719918074285e-07,COMPLETE
1876,0.3364126801490784,2025-04-11 00:07:01.773853,2025-04-11 00:07:09.798777,0 days 00:00:08.024924,0.2621265249681671,0.07835646654841556,16,0.11241391130493131,0.004472810427474383,0.086418535886172,0.08157322159162075,0.047515999114709315,0.026160535471043526,0.0002632623405098035,20,43,0.06555343925858315,0.1805521110297451,True,True,False,1.2595243528949765e-07,COMPLETE
1877,0.3258923292160034,2025-04-11 00:07:10.425199,2025-04-11 00:07:17.202345,0 days 00:00:06.777146,0.22599324155266026,0.10111500284011934,16,0.045741896328806764,0.00011790955743477285,0.07961299314796616,0.07978392805931407,0.049943063840403576,0.029260831590184562,0.0001505585320189787,6,39,0.06087961499520369,0.04768548091396953,True,True,False,1.95669312055681e-07,COMPLETE
1878,0.4287252247333527,2025-04-11 00:07:17.836960,2025-04-11 00:07:24.743509,0 days 00:00:06.906549,0.26427398265747715,0.05214478538987025,16,0.040645112385952795,0.01315068047839161,0.09815344463864129,0.07909880946658972,0.04941001336801325,0.026933813853355044,4.1213453901047716e-05,8,45,0.06306250055398196,0.05369257682891405,True,True,False,1.636367320348104e-07,COMPLETE
1879,0.1590138256549835,2025-04-11 00:07:25.348983,2025-04-11 00:07:32.628587,0 days 00:00:07.279604,0.23580564159710138,0.12790825292396826,8,0.048400593594752454,0.013933696317941755,0.08970641112035892,0.0834829987909144,0.050011816592383004,0.029805144028811646,4.970400120409984e-05,7,49,0.06580600385690652,0.040851401184566836,True,True,True,1.268647483939572e-07,COMPLETE
1880,0.32485352754592894,2025-04-11 00:07:33.264212,2025-04-11 00:07:40.171260,0 days 00:00:06.907048,0.21191406624069553,0.07245126777762488,16,0.030610234819566234,0.1689704257638016,0.09346809286006454,0.07935824641598953,0.05202429418528897,0.02494746939727714,6.339451756010608e-05,5,53,0.058798998556284746,0.044382186174981506,False,False,False,1.1054804514707274e-07,COMPLETE
1881,0.17262982726097106,2025-04-11 00:07:40.778528,2025-04-11 00:07:47.467907,0 days 00:00:06.689379,0.2753526469306854,0.11056418196065414,16,0.055330025243237276,0.017210709073702,0.058572728692142625,0.08969738965584038,0.04838934291628844,0.025257827337595525,0.00886671224197879,6,59,0.052892197933302874,0.03235964907124013,True,True,False,1.6436773324698649e-07,COMPLETE
1882,0.4171518623828888,2025-04-11 00:07:48.100809,2025-04-11 00:07:54.723613,0 days 00:00:06.622804,0.2524115164893108,0.3305791694709871,16,0.03673135962497156,0.005281052892966278,0.08516973247144173,0.08226082214033746,0.05007818546987194,0.031138050883648637,8.573260987071756e-05,5,36,0.06154382342522165,0.053533523239599666,True,True,False,1.0547087337409951e-07,COMPLETE
1883,0.3894718587398529,2025-04-11 00:07:55.338307,2025-04-11 00:08:02.059333,0 days 00:00:06.721026,0.19951887138257013,0.16561289010039798,16,0.04315236068553444,0.009504182184858174,0.08245976185926907,0.03974407416551281,0.0532199229406907,0.027630552972310755,0.00011509081699446249,6,41,0.06425937392927493,0.049184401932952065,True,True,False,1.5549251959237133e-07,COMPLETE
1884,0.23597524762153627,2025-04-11 00:08:02.692296,2025-04-11 00:08:09.997097,0 days 00:00:07.304801,0.27125339824065736,0.08785725907999375,16,0.04926213431293605,0.016836866570904316,0.08739647632082831,0.07882037034069275,0.046579487639061556,0.012577935543695235,7.549247366008473e-05,12,47,0.06663288211518929,0.036943907675051166,True,True,False,2.067158490192754e-07,COMPLETE
1885,0.3228347063064575,2025-04-11 00:08:10.611995,2025-04-11 00:08:17.183013,0 days 00:00:06.571018,0.17410078576116292,0.047417287562190394,16,0.05562955659008202,0.00036896061446437846,0.09075091523141977,0.0803746903386387,0.05572992930563994,0.028187295809033692,0.00016934343647203963,5,19,0.05984386959235789,0.0458695956127167,True,True,False,1.281440787808894e-07,COMPLETE
1886,0.22303799390792847,2025-04-11 00:08:17.791066,2025-04-11 00:08:24.762646,0 days 00:00:06.971580,0.2387738317956799,0.12616890508116707,16,0.027672261194856124,0.009408906671356815,0.03142187263039303,0.07816993472549681,0.04947055588474901,0.09732853086370956,0.001868914537351113,7,44,0.06246254420237824,0.055441294935171075,True,True,False,1.0814893814445891e-07,COMPLETE
1887,0.2266319870948792,2025-04-11 00:08:25.390258,2025-04-11 00:08:32.392749,0 days 00:00:07.002491,0.2194794267988529,0.06964139398725748,16,0.036298879905975974,0.01650015136633969,0.09584236469545847,0.08438642053191839,0.046547925742307,0.03093551155426884,0.00020260948696099748,8,64,0.06512227549918673,0.03994027086796125,True,True,False,1.3640138708871e-07,COMPLETE
1888,0.3222891092300415,2025-04-11 00:08:33.029664,2025-04-11 00:08:40.713971,0 days 00:00:07.684307,0.28392556359872356,0.14588353382676503,16,0.09870651273819273,0.00951219814941106,0.08368890120008807,0.08143388498476516,0.048715061375308955,0.025723100392014597,5.371728031209208e-05,16,42,0.06305842464964294,0.05077437245770121,True,True,False,1.675613423735574e-07,COMPLETE
1889,0.3187258899211884,2025-04-11 00:08:41.324133,2025-04-11 00:08:48.097641,0 days 00:00:06.773508,0.18763154170904817,0.10723909735107405,16,0.044636090182053244,0.017050550129139353,0.09326007717696909,0.07751311918386572,0.04586718355512938,0.027062255970056858,9.25138057968047e-05,6,51,0.056127621867253376,0.030573693313821974,True,True,False,9.881672363407403e-08,COMPLETE
1890,0.4214319467544556,2025-04-11 00:08:48.730206,2025-04-11 00:08:55.347651,0 days 00:00:06.617445,0.25332557783326376,0.09519731518680846,16,0.03940037391618319,0.0056182180031528455,0.08912352553288751,0.08009046726984605,0.05090251277534671,0.024640277007371973,0.00013195321638073473,5,37,0.05830458070858342,0.05636226748569287,True,True,False,9.902302516387099e-08,COMPLETE
1891,0.38592302799224854,2025-04-11 00:08:55.970771,2025-04-11 00:09:02.833434,0 days 00:00:06.862663,0.2720958626173878,0.6210192982767336,16,0.049217184360117405,0.020315321346133397,0.08614925957095312,0.07826748505249907,0.045324263471857584,0.02873236030041538,6.752755826794127e-05,7,47,0.060618378439122614,0.04488400975823704,True,True,False,2.3527554539146653e-07,COMPLETE
1892,0.3156498372554779,2025-04-11 00:09:03.463535,2025-04-11 00:09:10.787678,0 days 00:00:07.324143,0.23446815309705862,0.02394840201592688,16,0.055858624999712926,0.013326438065982337,0.0915280486298082,0.07705380054122742,0.04802560472501809,0.016051431767364635,0.00010411526295370493,10,56,0.06668978802251742,0.0369375106834381,True,True,False,1.2831686414059967e-07,COMPLETE
1893,0.09038917571306229,2025-04-11 00:09:11.424388,2025-04-11 00:09:21.194071,0 days 00:00:09.769683,0.21183735894266145,0.4251808518760748,2,0.03211332821337583,0.0004407227590794219,0.07734966598144975,0.0014396596834563846,0.05141852585163665,0.0304671295559183,7.826614427239461e-05,6,44,0.0642954397106482,0.048219774065366316,True,True,False,1.614972965982957e-07,COMPLETE
1894,0.1914898663759232,2025-04-11 00:09:21.801592,2025-04-11 00:09:28.503061,0 days 00:00:06.701469,0.2847870147840357,0.05756538420131202,16,0.2525263836290829,0.0001499689555139478,0.09976960902849566,0.08671967110825995,0.04389272780598618,0.024121737221346064,4.5185189726907994e-05,6,40,0.062239964889811594,0.05613549404993374,True,True,False,9.698649469570466e-08,COMPLETE
1895,0.36159139275550845,2025-04-11 00:09:29.137338,2025-04-11 00:09:35.996507,0 days 00:00:06.859169,0.25493393616166554,0.08297682927582456,16,0.041703129933629145,0.01924374956774509,0.08074733059933217,0.08220644014911092,0.04603303111451229,0.01795691372225949,5.96312776347124e-05,7,49,0.057733861356625255,0.04091483331351338,True,True,False,1.226588412870267e-07,COMPLETE
1896,0.09234625697135926,2025-04-11 00:09:36.608666,2025-04-11 00:09:43.187666,0 days 00:00:06.579000,0.19082467122543967,0.28610684581914647,16,0.022868344857722406,0.009859575223991283,0.09756519472537317,0.0796207386123793,0.044426153279965665,0.026410913125679437,0.0032316325468707556,5,46,0.060816396236090586,0.051148237045772135,True,True,False,9.592332463516714e-08,COMPLETE
1897,0.4309240996837616,2025-04-11 00:09:43.819517,2025-04-11 00:09:50.463946,0 days 00:00:06.644429,0.23385225488700917,0.19817571333343229,16,0.04845130431930037,0.02177190594075304,0.09449169561471173,0.07689793901365136,0.04751732505428532,0.023626991556687515,0.00011383451993602751,5,42,0.06489199723598751,0.04464902569661941,True,True,False,1.9973830969418738e-07,COMPLETE
1898,0.21853672862052917,2025-04-11 00:09:51.079478,2025-04-11 00:09:58.031248,0 days 00:00:06.951770,0.2825737270801362,0.566831377749018,16,0.033024585263377565,0.013666819614287506,0.08492273477501792,0.08060386916686432,0.041285411454785516,0.03158258281454599,9.377056776872641e-05,6,38,0.06736650958819533,0.03241361881158118,False,False,False,1.3752094398281885e-07,COMPLETE
1899,0.3869155108928681,2025-04-11 00:09:58.662073,2025-04-11 00:10:05.619257,0 days 00:00:06.957184,0.2152512683917299,0.1285740935534197,16,0.04039890560972241,0.0077978151121446924,0.08831988135287017,0.07817136991599093,0.04919251795606785,0.013662731605894917,7.54746269631261e-05,7,51,0.05520264744586503,0.24319576610710722,True,True,True,8.311391778968581e-08,COMPLETE
1900,0.37573375105857854,2025-04-11 00:10:06.258978,2025-04-11 00:10:13.001881,0 days 00:00:06.742903,0.6036401731767074,0.10482859439689313,16,0.05256386661162437,0.015596209613643981,0.09128942956912414,0.08442448393595223,0.04281171480580087,0.08383415361137872,5.3504501887995886e-05,5,34,0.05967003188080956,0.05782004976993243,True,True,False,1.7697761635209788e-07,COMPLETE
1901,0.2330266892910004,2025-04-11 00:10:13.614160,2025-04-11 00:10:20.338701,0 days 00:00:06.724541,0.26531716674516614,0.03977311240097336,16,0.060458022277037116,0.022383470886607835,0.08345109979676758,0.0768482764073179,0.04554760998435029,0.00941995146707585,0.0003219978713501828,6,45,0.06299411507629957,0.023417349744104907,True,True,False,1.1436362453534316e-07,COMPLETE
1902,0.31589919328689575,2025-04-11 00:10:20.975197,2025-04-11 00:10:27.894172,0 days 00:00:06.918975,0.24628794549350005,0.06832274974481928,8,0.027452156398698715,0.005796476645963936,0.0950233900410232,0.078747112638418,0.054289289193284934,0.01952553366327494,0.00013903904941228062,5,40,0.0660987606632947,0.05027161862296034,True,True,False,2.1404083949074455e-07,COMPLETE
1903,0.42852081656456,2025-04-11 00:10:28.507033,2025-04-11 00:10:35.359959,0 days 00:00:06.852926,0.28928881536581275,0.09075423619886178,16,0.04341326149060226,0.013291712075740146,0.08720487208315365,0.08131118640734242,0.03895531081070111,0.02825512809461638,8.671726348635633e-05,6,54,0.06145901348255617,0.039167859306105446,True,True,False,7.94133849669508e-08,COMPLETE
1904,0.2785723805427551,2025-04-11 00:10:35.996971,2025-04-11 00:10:42.837618,0 days 00:00:06.840647,0.19650626520514583,0.15032233208777335,16,0.03546463892033517,0.02551583990044551,0.0400292147247319,0.07618052328159504,0.04704409537374255,0.02232642966943191,6.790157588597317e-05,7,48,0.06457714879236558,0.05617915016545631,True,True,False,1.4135230605542966e-07,COMPLETE
1905,0.2750379800796509,2025-04-11 00:10:43.474921,2025-04-11 00:10:51.177770,0 days 00:00:07.702849,0.16719988258291862,0.1196470878344418,16,0.047417898400728214,0.019577586036546673,0.07974941278694787,0.05931082451956863,0.04288622655324085,0.01631538292195049,0.00010971529054321735,17,29,0.05884666729198735,0.045119924361369565,True,True,False,1.0551748630147105e-07,COMPLETE
1906,0.2699762046337128,2025-04-11 00:10:51.794838,2025-04-11 00:10:58.655094,0 days 00:00:06.860256,0.26004244716078895,0.0626445773309749,16,0.05639758862399632,0.006829909865241623,0.08940156236724638,0.07920090620509075,0.051603016255678376,0.02517426697149592,9.176937266612e-05,8,43,0.09147275592631757,0.03555151907363485,True,True,False,8.587937961565488e-08,COMPLETE
1907,0.3398484230041504,2025-04-11 00:10:59.297214,2025-04-11 00:11:06.962110,0 days 00:00:07.664896,0.22733169706074519,0.0849938558821066,16,0.03776202827904512,0.014498974856699633,0.09288955582306016,0.07629217103411523,0.03716636215858862,0.0301630623840198,6.023803759761565e-05,15,45,0.06379314764626308,0.05984857665472961,True,True,False,1.744025369115301e-07,COMPLETE
1908,0.19546807408332825,2025-04-11 00:11:07.585570,2025-04-11 00:11:14.464527,0 days 00:00:06.878957,0.28666900453380867,0.010372191168042263,16,0.015075936995099262,0.00547174269325374,0.08204159540358219,0.08314733068292388,0.04459535010666145,0.018459009608327925,0.002337847997125609,6,49,0.05680918525530308,0.05128421017308773,True,True,False,2.633123508190284e-06,COMPLETE
1909,0.3072100579738617,2025-04-11 00:11:15.103140,2025-04-11 00:11:21.733625,0 days 00:00:06.630485,0.21476317251209148,0.11070203757998619,16,0.05080032062532522,0.020078312971359383,0.09674264530932661,0.09993291451003397,0.04091672646302312,0.02691458615265472,3.7016328068431876e-05,5,41,0.06718593066973089,0.043373541039123775,True,True,False,0.00013608672760312223,COMPLETE
1910,0.38821385502815253,2025-04-11 00:11:22.349944,2025-04-11 00:11:29.077242,0 days 00:00:06.727298,0.2436452690858153,0.04479626696681542,16,0.04433071650590251,0.06403142562531024,0.0850415346406638,0.0784150713376032,0.04846676828102356,0.02094316832953995,7.894812901390246e-05,6,38,0.06125864642719367,0.05404933932014237,True,True,False,1.1803786322904886e-07,COMPLETE
1911,0.41951673030853276,2025-04-11 00:11:29.715341,2025-04-11 00:11:36.599949,0 days 00:00:06.884608,0.26748076838141327,0.0752068554704365,16,0.029700097060910903,0.026836827149920223,0.09037347768736478,0.0754416428330566,0.0437809662640521,0.023809299609287567,2.2526165184484717e-05,7,46,0.06320924522507751,0.02843678390653598,True,True,False,9.3337788042302e-07,COMPLETE
1912,0.3539565980434418,2025-04-11 00:11:37.217475,2025-04-11 00:11:44.026055,0 days 00:00:06.808580,0.29795478108388695,0.1365884376544231,16,0.039640035486248254,0.010222367435265882,0.08704035789441406,0.08065062142096362,0.03925478286136688,0.015847302031499873,0.00012308587023135672,5,106,0.050097762937074033,0.047587371467423534,True,True,False,1.378556518803716e-07,COMPLETE
