number,value,datetime_start,datetime_complete,duration,params_alpha-eval,params_alpha-train,params_batch-size,params_eps-eval,params_eps-train,params_lambda-actions-eval,params_lambda-actions-train,params_lambda-frames-eval,params_lambda-frames-train,params_learning-rate,params_n-epochs,params_n-frames,params_radius-gw,params_rho,params_std-feats,params_ub-actions,params_ub-frames,params_weight-decay,state
1192,0.42991007566452033,2025-04-17 21:20:35.321782,2025-04-17 21:20:45.799923,0 days 00:00:10.478141,0.3209596270935109,0.8973140531847202,2,0.2733454337300984,0.05029324668362862,0.07813970945078998,0.04326646526508306,0.05628158989778992,0.006551841536571167,0.0002430844881064697,5,52,0.050427076635046496,0.256662011373538,True,False,False,5.892458744529917e-07,COMPLETE
1193,0.3794171929359436,2025-04-17 21:20:46.198929,2025-04-17 21:20:57.343254,0 days 00:00:11.144325,0.3766286892770103,0.8536986035567709,2,0.28941493056075174,0.01635098245005448,0.08154129779650039,0.04732731145995029,0.06013631895283568,0.014612285671277599,0.00043286689157856267,6,46,0.05520771287418881,0.2677624737579257,True,False,False,1.031153263048608e-06,COMPLETE
1194,0.4484017074108124,2025-04-17 21:20:57.738260,2025-04-17 21:21:08.112450,0 days 00:00:10.374190,0.3500232301973356,0.8208268186785052,2,0.2676153674212846,0.032178832798638285,0.08040321637538105,0.04960766489416084,0.05236827233783501,0.008274815946699758,0.00018624092294736353,5,36,0.05376805660804262,0.24778518298700558,True,False,False,1.4635518501807806e-06,COMPLETE
1195,0.4446847975254059,2025-04-17 21:21:08.506108,2025-04-17 21:21:19.640757,0 days 00:00:11.134649,0.22262500746029523,0.6521078371107832,2,0.254113586778387,0.040313433234510844,0.08404555520671363,0.08653239126710145,0.047909957343481795,0.010662541386555851,0.00028461032337996666,6,43,0.04806778275584474,0.2792177624171874,True,False,False,0.00012218119707304385,COMPLETE
1196,0.4525703608989716,2025-04-17 21:21:20.036176,2025-04-17 21:21:30.540837,0 days 00:00:10.504661,0.27010508327877414,0.7984724335426453,2,0.2788752128535202,0.06086875459994251,0.08695788941407703,0.04503965237569742,0.054027636233143085,0.005665354203537969,0.0002197713075814307,5,38,0.04586871935774251,0.26018403622375114,True,False,False,1.9065097355974887e-06,COMPLETE
1197,0.41909346580505374,2025-04-17 21:21:30.938524,2025-04-17 21:21:56.877121,0 days 00:00:25.938597,0.31586323559300267,0.7457234449337207,2,0.28325622002317935,0.02660724620517814,0.09349512183175843,0.042465169501422845,0.04597094114201719,0.013008493222517098,0.00016631748229400782,30,30,0.0720886949119276,0.267798551422212,True,False,False,4.78374533339875e-07,COMPLETE
1198,0.4140647470951081,2025-04-17 21:21:57.272961,2025-04-17 21:22:08.988527,0 days 00:00:11.715566,0.38928380438823046,0.7675388564616216,2,0.2628846440475842,0.0481826780661509,0.0321444527187206,0.04718424410589926,0.04996034406799799,0.01614701480184425,0.0003726459097808492,7,49,0.042882929155700834,0.2738169327204662,True,False,False,8.431962997355627e-07,COMPLETE
1199,0.44017634987831117,2025-04-17 21:22:09.385045,2025-04-17 21:22:19.878589,0 days 00:00:10.493544,0.2886079985979959,0.8434215062842534,2,0.27587048517829527,0.038200446687227975,0.07605135542972523,0.08187802044038626,0.06714266896273921,0.06141214050430478,0.00027137401731894023,5,41,0.026417312404294936,0.25078768075160784,True,False,False,0.00010762098714663011,COMPLETE
1200,0.44540030360221866,2025-04-17 21:22:20.271478,2025-04-17 21:22:31.281117,0 days 00:00:11.009639,0.3350597190187602,0.8780824382952728,2,0.26915275606845,0.020006570781045042,0.08222332918972522,0.05091835802278283,0.044451550950271944,0.007704069852386877,0.00020502935229695538,6,33,0.05118086021494653,0.28650193658820683,True,False,False,9.421410839372735e-05,COMPLETE
1201,0.34381433129310607,2025-04-17 21:22:31.678736,2025-04-17 21:22:39.300240,0 days 00:00:07.621504,0.3709276260556782,0.9394546539610885,8,0.2877041494322202,0.032801414163114315,0.07838018827853357,0.0451303769897244,0.06335970558094711,0.00989459709925088,0.0003066962661661333,5,45,0.009026305298657306,0.26198863104508374,True,False,False,1.173421337828407e-06,COMPLETE
1202,0.10486549735069275,2025-04-17 21:22:39.692402,2025-04-17 21:22:49.736700,0 days 00:00:10.044298,0.2991102010410803,0.9071312928758244,2,0.2735966199580074,0.05603567712429157,0.08027920939260881,0.03840449592806595,0.05239417806528653,0.011641037018490369,0.00012069216681810652,6,36,0.044880975951197895,0.2534865005825423,True,False,True,8.146661676537007e-05,COMPLETE
1203,0.09451688677072526,2025-04-17 21:22:50.133818,2025-04-17 21:22:59.530560,0 days 00:00:09.396742,0.16458978146214512,0.8200666600438734,2,0.2585223549420865,0.044748665248367646,0.0849648914287955,0.04079212767671878,0.057523431736544284,0.02484606367314842,0.000237024872678641,5,39,0.056274307040389174,0.267234958876204,True,True,False,2.1879754626901046e-06,COMPLETE
1204,0.44373609423637395,2025-04-17 21:22:59.925285,2025-04-17 21:23:11.643086,0 days 00:00:11.717801,0.41259576550113924,0.8595009934105042,2,0.2834187735945973,0.027861190913785548,0.0830118031000293,0.049429670618827706,0.04831471318953142,0.002796430717754839,0.00015808710803489622,7,42,0.049855129054192725,0.2575039073803604,True,False,False,0.00012811125111713314,COMPLETE
1205,0.4331822514533997,2025-04-17 21:23:12.044661,2025-04-17 21:23:29.520889,0 days 00:00:17.476228,0.25970138226206574,0.8412031893078952,2,0.2672180696637707,0.0347807348515565,0.07755595243766343,0.04375489547683948,0.05993637339448029,0.004695577712033538,0.00019451878348902374,16,47,0.06675835335680831,0.2821930076603474,True,False,False,1.522673519990076e-08,COMPLETE
1206,0.35113463401794437,2025-04-17 21:23:29.916894,2025-04-17 21:23:41.083689,0 days 00:00:11.166795,0.34632375091879963,0.7995369593433599,2,0.2519391049160504,0.05103776768108146,0.0809517904117553,0.04698161474288544,0.047136132456600185,0.013700156654041198,0.0003426229682478183,6,27,0.021929926475327367,0.24777675227394166,True,False,False,4.579602891286115e-07,COMPLETE
1207,0.2514702796936035,2025-04-17 21:23:41.482498,2025-04-17 21:23:52.181069,0 days 00:00:10.698571,0.36884349052376836,0.635584523071721,2,0.2802240539262728,0.04241377689490705,0.08561368778630361,0.051972376154954036,0.050466603626476605,0.00902006472783025,0.0002540471259919106,5,102,0.04036146901528039,0.27153326245019077,True,False,False,0.00013656086277507974,COMPLETE
1208,0.4211733102798462,2025-04-17 21:23:52.575549,2025-04-17 21:24:02.994612,0 days 00:00:10.419063,0.394506807907631,0.8800005376608164,2,0.2909892847888284,0.03735561381767093,0.0880994011164716,0.04589358825724131,0.04427086158012653,0.0068156059340833694,0.00014195223127456903,5,38,0.05322154777542406,0.29219951211663003,False,False,False,7.939922139639293e-07,COMPLETE
1209,0.44662849903106694,2025-04-17 21:24:03.394779,2025-04-17 21:24:14.523157,0 days 00:00:11.128378,0.10866556047218426,0.8259768752212289,2,0.27462367006897415,0.020309561930549128,0.07943939604346063,0.049060366791198365,0.05530452665477153,0.011881235976463464,0.0002778654810025653,6,43,0.06935479336642865,0.2766514669804816,True,False,False,5.830874185703845e-07,COMPLETE
1210,0.44431012868881226,2025-04-17 21:24:14.916888,2025-04-17 21:24:25.394982,0 days 00:00:10.478094,0.23831865261790003,0.856510450983783,2,0.2610127369288833,0.012777114032186114,0.07433700598836299,0.042607187344858174,0.051533691076434664,0.00959875229606118,0.00021780661848789406,5,35,0.04743230017125431,0.2627521684798421,True,False,False,1.5301399101431796e-06,COMPLETE
1211,0.4620149672031403,2025-04-17 21:24:25.792642,2025-04-17 21:24:36.888903,0 days 00:00:11.096261,0.31574883924925473,0.899209675319834,2,0.1889732892796806,0.0292840692452966,0.0831658869587772,0.04475117111567936,0.046413676483779816,0.08795252479129018,0.0001821124624827543,6,40,0.0448431496743767,0.25648590575245117,True,False,False,1.1107364028382561e-06,COMPLETE
1212,0.4339505672454834,2025-04-17 21:24:37.287164,2025-04-17 21:24:47.720884,0 days 00:00:10.433720,0.29962041923059923,0.9469371426332208,2,0.17835006848983004,0.047211805811716134,0.08738458222494755,0.03966126084486661,0.04874257096210587,0.01676343047729642,0.00011835070437865011,5,31,0.045209634339078764,0.254145074628345,True,False,False,1.0208366159861702e-06,COMPLETE
1213,0.44984561800956724,2025-04-17 21:24:48.118270,2025-04-17 21:24:59.200931,0 days 00:00:11.082661,0.272524774687538,0.9227767134356639,2,0.24304345870589245,0.025171572203984367,0.0900028113136597,0.04304921061859568,0.04628521898989274,0.08744370421725346,0.0001440094516680632,6,36,0.03712741197257608,0.24719515301135317,True,False,False,1.2579217086020696e-06,COMPLETE
1214,0.44353795051574707,2025-04-17 21:24:59.599701,2025-04-17 21:25:11.400880,0 days 00:00:11.801179,0.3141403434665439,0.9297922459253971,2,0.15735358842342684,0.05465077384076542,0.0840047879346732,0.04025293628513922,0.048566708281400875,0.08344187525081395,0.0001517922869101444,7,39,0.043372171467646554,0.25756909996740607,True,False,False,1.056699540322321e-06,COMPLETE
1215,0.4436269402503968,2025-04-17 21:25:11.797500,2025-04-17 21:25:22.158313,0 days 00:00:10.360813,0.2887550127838857,0.9049941828818523,2,0.020181825394685937,0.03249414812846737,0.08595986308755205,0.041799931261740655,0.04995171821176448,0.07634666398333369,0.00017803850312676125,5,34,0.04402364422815619,0.252650021324198,True,False,False,1.4732347252872024e-06,COMPLETE
1216,0.45231186747550967,2025-04-17 21:25:22.555940,2025-04-17 21:25:33.661958,0 days 00:00:11.106018,0.32652684719967856,0.912776640479104,2,0.14941047776401947,0.060983098105412,0.08355342871150273,0.03754194724970079,0.04706559959077045,0.01538991887535358,0.00017253900121061408,6,40,0.04805171992940744,0.2579153555771579,True,False,False,1.1912135013678788e-06,COMPLETE
1217,0.29899274110794066,2025-04-17 21:25:34.057583,2025-04-17 21:25:44.836662,0 days 00:00:10.779079,0.30939815417825,0.9606295482117446,2,0.1744402002265585,0.04254216021509674,0.08528868653374763,0.04403542909769821,0.05307751065257339,0.01358998961821468,0.0001239143446455143,5,107,0.045814196073565676,0.2451643898705663,True,False,False,1.43677701342259e-06,COMPLETE
1218,0.4519544064998627,2025-04-17 21:25:45.235587,2025-04-17 21:25:56.418867,0 days 00:00:11.183280,0.29791585899689305,0.8900118403320205,2,0.24505692107451044,0.03648479743458033,0.08236564941992502,0.04478452235398111,0.05145028947765238,0.08830982305431943,0.00017813568089668225,6,45,0.042061466897416425,0.26156440163828365,True,False,False,1.9420146811508807e-06,COMPLETE
1219,0.4433193147182465,2025-04-17 21:25:56.817013,2025-04-17 21:26:07.279542,0 days 00:00:10.462529,0.32658334514199266,0.9393975481104011,2,0.16101501264870946,0.02276873746062772,0.0841518453802338,0.0415644863657728,0.05833692619364712,0.07026379801671112,0.0001466043737285369,5,37,0.03952221662331272,0.2513360656708898,True,False,False,9.439721000143776e-07,COMPLETE
1220,0.45914168953895573,2025-04-17 21:26:07.679615,2025-04-17 21:26:18.683966,0 days 00:00:11.004351,0.27230595727329315,0.8995460151367306,2,0.13270884831309082,0.02935730655546385,0.08237687330930325,0.04547051122898204,0.047559212136188224,0.07745785929275203,0.00019402580948802868,6,41,0.04213578906835066,0.2649065556773825,True,False,False,2.2690604997423867e-06,COMPLETE
1221,0.3598330855369568,2025-04-17 21:26:19.091759,2025-04-17 21:26:30.770721,0 days 00:00:11.678962,0.25446345034570855,0.9187241479972802,2,0.29374524949659375,0.010490610990641067,0.0837167716002828,0.05247214015451722,0.0473527286686812,0.0780869706375743,0.0001486411600154849,7,48,0.03981917524890061,0.2639925862708341,True,False,False,1.8783373923933072e-06,COMPLETE
1222,0.29218369722366333,2025-04-17 21:26:31.174306,2025-04-17 21:26:47.055626,0 days 00:00:15.881320,0.2726437085674774,0.9311878626056624,2,0.14540532600384865,0.017510260212867536,0.08740233235335355,0.05390665911891937,0.045655554796715916,0.09821068929279624,0.00011089499311145455,17,43,0.04059026374925956,0.25855300008852844,True,True,False,1.7921202394690545e-06,COMPLETE
1223,0.09528203308582307,2025-04-17 21:26:47.455495,2025-04-17 21:26:58.158929,0 days 00:00:10.703434,0.23768739771098304,0.9002608922389645,2,0.1451122235847958,0.25787438085387815,0.08591787726785333,0.05685200288529428,0.04935000510669532,0.017001686953516656,0.00012420998645413383,7,50,0.041798169242511625,0.2625099754057431,True,False,True,3.037052739490603e-06,COMPLETE
1224,0.4279130518436432,2025-04-17 21:26:58.561279,2025-04-17 21:27:10.207688,0 days 00:00:11.646409,0.2415411939333803,0.9050689067704946,2,0.12202726179507249,0.026568561568272187,0.08266963425662292,0.050868065318537575,0.04796776072258341,0.0720809518856053,0.04945008495249191,7,45,0.038106621905392525,0.25409320113013983,True,False,False,2.391542081811447e-06,COMPLETE
1225,0.35787752866745,2025-04-17 21:27:10.605851,2025-04-17 21:27:18.492260,0 days 00:00:07.886409,0.2721807064594582,0.8982608902827104,8,0.13640585826679913,0.2734428698115358,0.08799785168247296,0.05483951106858641,0.045995402264305554,0.05749761987974541,0.0001735075142391666,6,42,0.04451062918586425,0.04789100928264138,True,False,False,3.0885299913202104e-06,COMPLETE
1226,0.4344223976135254,2025-04-17 21:27:18.888054,2025-04-17 21:27:34.278136,0 days 00:00:15.390082,0.25423136876658525,0.9263549255044524,2,0.1298501704365411,0.01917165274921584,0.08555772745852215,0.04792504550211533,0.04922939832154858,0.08990795940524343,0.00019101738992496575,13,46,0.04306439923438193,0.2482789969557395,True,False,False,2.104762576532538e-06,COMPLETE
1227,0.4527445375919342,2025-04-17 21:27:34.676326,2025-04-17 21:27:46.364673,0 days 00:00:11.688347,0.25729158698637483,0.8906110356575386,2,0.19169193326737438,0.023128052918798374,0.08269275644304186,0.0516395633768153,0.048194979414660666,0.07342770981267628,0.0001401004788364901,7,41,0.04229489113665334,0.26617508975034854,True,False,False,2.606184851971079e-06,COMPLETE
1228,0.3884422242641449,2025-04-17 21:27:46.761796,2025-04-17 21:27:57.802528,0 days 00:00:11.040732,0.22472846204269034,0.910775440060129,2,0.11774688442758784,0.026943737057869836,0.08446682943180192,0.04553638603934449,0.04576789471414683,0.08193084596950387,0.00701756563390358,6,44,0.038424528477278494,0.2570269207496538,False,False,False,3.189959348090067e-06,COMPLETE
1229,0.46100075840950017,2025-04-17 21:27:58.201414,2025-04-17 21:28:09.287032,0 days 00:00:11.085618,0.2769054720404946,0.8876983706537569,2,0.15397550482635214,0.029537092680782407,0.09003648147595662,0.04977672370613299,0.05029933504154945,0.09466409162073093,0.00018188806610410795,6,38,0.0421737493978544,0.2663950183862461,True,False,False,1.7518582736871062e-06,COMPLETE
1230,0.43951542377471925,2025-04-17 21:28:09.687860,2025-04-17 21:28:21.917159,0 days 00:00:12.229299,0.2715353112200124,0.9611212147256883,2,0.16290893351825403,0.01700223159445801,0.08852220399000939,0.055196103915152825,0.05071675398187913,0.09490121741505633,0.00012874222568205328,8,32,0.03983064896700661,0.26601168702246797,True,False,False,2.630303479257611e-06,COMPLETE
1231,0.4464266657829285,2025-04-17 21:28:22.318973,2025-04-17 21:28:33.899163,0 days 00:00:11.580190,0.21783511542155665,0.8923491515818969,2,0.1390917236369323,0.014617871358435256,0.08818287200394663,0.05374396678612266,0.050040248490153545,0.08662044778220868,0.00015870640896526928,7,35,0.04268305957573184,0.2576363357507473,True,False,False,2.377164121916347e-06,COMPLETE
1232,0.4447242677211761,2025-04-17 21:28:34.302106,2025-04-17 21:28:46.629461,0 days 00:00:12.327355,0.2772138558223848,0.9145002522380601,2,0.09932377177530685,0.022674481982732985,0.09194282896359525,0.052646780821086384,0.051132811739111106,0.07628027922914155,0.0001655749156197066,8,37,0.042391531370841486,0.2681466853106783,True,False,False,4.30132046070103e-06,COMPLETE
1233,0.3634895920753479,2025-04-17 21:28:47.035640,2025-04-17 21:28:58.734250,0 days 00:00:11.698610,0.2397614119136888,0.9417325980984961,2,0.12706853365033746,0.02853455429229912,0.08908925498810918,0.0506745135538058,0.04607591915191519,0.0924918388801898,0.017258984724071162,7,53,0.04022540365002072,0.25084455356670005,True,False,False,2.06266019577538e-06,COMPLETE
1234,0.4475789546966553,2025-04-17 21:28:59.157201,2025-04-17 21:29:10.898389,0 days 00:00:11.741188,0.20414860424344736,0.8983882726184346,2,0.1538215440868311,0.02160378638263125,0.08877333556665411,0.04986145777679145,0.048767965802681744,0.08781911609801309,0.00014373857049465022,7,42,0.041003769348745514,0.2601663406169577,True,False,False,3.7082344896675107e-06,COMPLETE
1235,0.44539433121681216,2025-04-17 21:29:11.305103,2025-04-17 21:29:23.021551,0 days 00:00:11.716448,0.25677021194625776,0.9237841646738896,2,0.1298714710547722,0.02965214527007019,0.09317462564579368,0.05289915801082408,0.04750201479093724,0.097514535902512,0.00018453661031288428,7,34,0.0415130082483259,0.24464774886101573,True,False,False,1.4778221356145775e-06,COMPLETE
1236,0.09234625697135926,2025-04-17 21:29:23.431927,2025-04-17 21:29:34.485112,0 days 00:00:11.053185,0.28442530473626054,0.8838578951880478,2,0.2074292058514953,0.005207410814446863,0.09035722001168282,0.05063354240931443,0.05103763399035725,0.09245852694633884,0.00011768381471373169,6,67,0.036216784265395686,0.2536876256253424,True,False,False,2.5443644298423393e-06,COMPLETE
1237,0.43269591927528384,2025-04-17 21:29:34.891015,2025-04-17 21:29:47.251781,0 days 00:00:12.360766,0.2812174114599154,0.8846208889114807,2,0.17190234924404602,0.0116809562200412,0.08918088372775226,0.04889265759632213,0.049589587275258265,0.08994133819616972,0.00018844363946191416,8,40,0.03740782119332312,0.26286450854503485,True,False,False,1.930263559316036e-06,COMPLETE
1238,0.45033571720123294,2025-04-17 21:29:47.658652,2025-04-17 21:29:58.682343,0 days 00:00:11.023691,0.18776408475262737,0.9155588359440863,2,0.13193805885620408,0.028834461256688128,0.09355460803191958,0.055451420860358765,0.045319162621514725,0.07887920401008307,0.00016181465775546086,6,37,0.03507388690351726,0.2696133539588667,True,False,False,2.1988554066436117e-06,COMPLETE
1239,0.4451037526130676,2025-04-17 21:29:59.093898,2025-04-17 21:30:10.174513,0 days 00:00:11.080615,0.26264897201229753,0.8784712527217378,2,0.11574033870797026,0.019984053418119343,0.09010963606101631,0.052207897765755594,0.046745377569227774,0.0995215956667265,0.00019822567330866233,6,30,0.03854511864319028,0.248779324165181,True,False,False,1.613080962392891e-06,COMPLETE
1240,0.1623962938785553,2025-04-17 21:30:10.584992,2025-04-17 21:30:20.735447,0 days 00:00:10.150455,0.21548557157889958,0.9031537120304493,2,0.18269242391782112,0.030705001369244693,0.08689974794413356,0.0485410587330039,0.052037608160378904,0.08608051304873611,0.0001404084683412191,6,48,0.04308147585306895,0.2577761427943487,True,False,True,3.005320534368309e-06,COMPLETE
1241,0.18301089704036713,2025-04-17 21:30:21.143587,2025-04-17 21:30:31.707583,0 days 00:00:10.563996,0.2963953189192122,0.874501490077102,2,0.19670666398679942,0.023582685356966948,0.090684479628875,0.049478424917437404,0.048509613936112625,0.09138339018195438,0.00018904857495696947,7,44,0.04415094614502794,0.26718634513056316,True,True,False,1.960340435349113e-06,COMPLETE
1242,0.45763749480247495,2025-04-17 21:30:32.120382,2025-04-17 21:30:43.281835,0 days 00:00:11.161453,0.17442359960198534,0.9510834119391285,2,0.11584172087150285,0.03144542103432725,0.08704850725110262,0.047049129672198105,0.0443493617762403,0.06953431829349987,0.00020262083570023501,6,40,0.04490527626109982,0.25317493505046157,True,False,False,8.514383665992027e-05,COMPLETE
1243,0.39380358457565307,2025-04-17 21:30:43.690110,2025-04-17 21:30:51.372673,0 days 00:00:07.682563,0.2812703464000279,0.9335728892416486,8,0.28993563608568623,0.01575429058730473,0.09055866855330001,0.04426924261722093,0.0497999419415911,0.09384019359250405,0.0001646551433480427,6,33,0.0411398055693466,0.24488683833568506,True,False,False,3.418529735979148e-08,COMPLETE
1244,0.447638887166977,2025-04-17 21:30:51.777182,2025-04-17 21:31:03.474695,0 days 00:00:11.697513,0.2387152998621128,0.8990998224317728,2,0.1723916501972624,0.02595423351775466,0.08662766639293609,0.05088425364068132,0.05278958468892475,0.08401459142652935,0.00011450107239122338,7,38,0.04353872401281979,0.2620624727592456,True,False,False,1.805558813106599e-06,COMPLETE
1245,0.46120119094848633,2025-04-17 21:31:03.885985,2025-04-17 21:31:14.993874,0 days 00:00:11.107889,0.1274322877285052,0.8772842360859476,2,0.13171217382220013,0.03338822373137396,0.08525927904761377,0.04579141166109524,0.04754131622749897,0.08860403701355421,0.00021329048439990513,6,42,0.0408305099230149,0.2708670365079614,True,False,False,0.00011122232429032501,COMPLETE
1246,0.42202177047729494,2025-04-17 21:31:15.401416,2025-04-17 21:31:27.226135,0 days 00:00:11.824719,0.10431624587004185,0.876455347984534,2,0.12359731052129111,0.02369592178183796,0.0910413107825612,0.04795416784808594,0.05104995722469924,0.08926160903868134,0.00013796966609294132,7,50,0.03798432888488599,0.2728362871606673,True,False,False,8.473573519125955e-05,COMPLETE
1247,0.3054322600364685,2025-04-17 21:31:27.635721,2025-04-17 21:31:39.269111,0 days 00:00:11.633390,0.08635336444263586,0.8731604961181688,2,0.1396651154866417,0.033519782712583164,0.0928486847311231,0.05302491461340829,0.047919379876417006,0.09066113420061232,0.00017440580718620428,7,46,0.038580049419523664,0.2712593677506006,False,False,False,0.0001086207471570237,COMPLETE
1248,0.4496078133583069,2025-04-17 21:31:39.692031,2025-04-17 21:31:50.816306,0 days 00:00:11.124275,0.13792480162391735,0.882797965209434,2,0.12348221554217319,0.02773062257116032,0.08592773584210871,0.05012821885115716,0.049864564547243834,0.07431028880229716,0.00016033592470479112,6,47,0.03667552154218898,0.26989363822362333,True,False,False,6.913436828326474e-05,COMPLETE
