number,value,datetime_start,datetime_complete,duration,params_alpha-eval,params_alpha-train,params_batch-size,params_eps-eval,params_eps-train,params_lambda-actions-eval,params_lambda-actions-train,params_lambda-frames-eval,params_lambda-frames-train,params_learning-rate,params_n-epochs,params_n-frames,params_radius-gw,params_rho,params_std-feats,params_ub-actions,params_ub-frames,params_weight-decay,state
1249,0.44046409130096437,2025-04-17 21:31:51.222340,2025-04-17 21:32:03.470453,0 days 00:00:12.248113,0.12208607498931234,0.8663808152790855,2,0.09429042422039481,0.018823173076740047,0.08774142544094461,0.045873919729903824,0.05363336730098871,0.09452959866830837,0.00020768586495746398,8,43,0.04190444710941291,0.2701832228456249,True,False,False,0.00010283313875647432,COMPLETE
1250,0.4445009052753449,2025-04-17 21:32:03.879479,2025-04-17 21:32:15.014976,0 days 00:00:11.135497,0.12524844676190638,0.8962410680303624,2,0.14332236794833347,0.21919851732355858,0.09109898598489206,0.048042493187151224,0.047841565921116505,0.08624049101635389,0.00021840686787286172,6,42,0.039192262880664006,0.2745363124987711,True,False,False,8.265124336662798e-05,COMPLETE
1251,0.44759010672569277,2025-04-17 21:32:15.422218,2025-04-17 21:32:27.143505,0 days 00:00:11.721287,0.15982655664563383,0.8657720956971384,2,0.14957575709844823,0.03467774229557861,0.08556427413577374,0.050935841304491705,0.05202134524846847,0.09431383995070217,0.00013341774087115787,7,45,0.04192644125889881,0.26924668134707097,True,False,False,0.00011939846985759197,COMPLETE
1252,0.44885388016700745,2025-04-17 21:32:27.552821,2025-04-17 21:32:39.282220,0 days 00:00:11.729399,0.10092324969204741,0.8883034124822622,2,0.1328303192458486,0.027478796117305835,0.08502814457425574,0.057789237131174384,0.043787218429075805,0.08495295231161994,0.00017677537744362293,7,42,0.0408268094565188,0.2652622282277741,True,False,False,9.818063372941501e-05,COMPLETE
1253,0.09234625697135926,2025-04-17 21:32:39.689734,2025-04-17 21:32:50.642277,0 days 00:00:10.952543,0.15186283086822633,0.8609671076663425,2,0.13161674313747312,0.007948121206939857,0.08803433419716943,0.046174539359604666,0.0446345895214353,0.08635309612943659,0.00021419699724542203,6,37,0.03431990701254828,0.2651522555302474,True,False,False,7.509607765161054e-05,COMPLETE
1254,0.38040047883987427,2025-04-17 21:32:51.050499,2025-04-17 21:33:02.144702,0 days 00:00:11.094203,0.04963556699712078,0.8826167565175117,2,0.12954435295378564,0.03566638879163573,0.09620347049919274,0.04788062569368606,0.049503395675813626,0.0830050980794675,0.00014597400219080827,6,55,0.03896982698657734,0.27496202008868864,True,False,False,0.00012791322602057902,COMPLETE
1255,0.40780696272850037,2025-04-17 21:33:02.573373,2025-04-17 21:33:18.667834,0 days 00:00:16.094461,0.11695069762177591,0.8671813217449544,2,0.11725752400257948,0.023857360081759794,0.08615580376858234,0.04972118521314333,0.046843341315055034,0.09173971211158358,0.00020687486490374323,14,49,0.03964564671492278,0.26332747502272075,True,False,False,0.0001142430607386565,COMPLETE
1256,0.3070899307727814,2025-04-17 21:33:19.080152,2025-04-17 21:33:30.471788,0 days 00:00:11.391636,0.06799084256029957,0.8963408285593955,2,0.10873694248298127,0.0324853688974041,0.08441907111386755,0.05434416236485129,0.05133768297552158,0.0939263792323,0.00011730250506041478,6,85,0.04320216969743586,0.27428366724081094,True,False,False,6.527723827501001e-05,COMPLETE
1257,0.43483099341392517,2025-04-17 21:33:30.883144,2025-04-17 21:33:42.546610,0 days 00:00:11.663466,0.13450076924228857,0.8617784306126176,2,0.13037480725016526,0.013735042085493561,0.09182593233126869,0.04543083401304575,0.04526197805324243,0.09268512856613309,0.0001702840569335874,7,45,0.04228800169565775,0.26834435469697515,True,False,False,9.980952555475532e-05,COMPLETE
1258,0.45735015869140627,2025-04-17 21:33:42.961126,2025-04-17 21:33:54.094512,0 days 00:00:11.133386,0.1457098891359782,0.9073330799675572,2,0.1447430874138618,0.03647220422815159,0.08405958997770507,0.04792082019255393,0.049496781299015434,0.09658394522894109,0.00022296378023678283,6,40,0.0403017658250433,0.2588476244644536,True,False,False,0.00014719088800046608,COMPLETE
1259,0.1120273381471634,2025-04-17 21:33:54.507956,2025-04-17 21:34:04.557066,0 days 00:00:10.049110,0.09179025335504559,0.8815585962466762,2,0.1368260181942815,0.21207678045235445,0.08878587842719521,0.05219682919126395,0.04761869138084007,0.08456377879441414,0.00018724671360826887,6,35,0.045542501285445416,0.26097860942639334,True,False,True,2.5122377344248397e-06,COMPLETE
1260,0.19572615921497347,2025-04-17 21:34:04.970008,2025-04-17 21:34:14.939387,0 days 00:00:09.969379,0.1677038943739266,0.8513408666685539,2,0.13619756547566547,0.028569248805297685,0.08635130986185902,0.04506964963438833,0.05250516139880594,0.08935481865861823,0.00023132719047061045,6,27,0.04434722568235692,0.27251663237555634,True,True,False,1.6000125355095074e-06,COMPLETE
1261,0.4488790273666382,2025-04-17 21:34:15.351267,2025-04-17 21:34:26.489514,0 days 00:00:11.138247,0.18323838054056613,0.871384972452362,2,0.13681166945488998,0.019540873352582283,0.08410049820790144,0.050269850857349814,0.04350673408547232,0.09070649643201499,0.00015656109316750092,6,42,0.041342710732326184,0.2650961384764827,True,False,False,9.760996827875265e-05,COMPLETE
1262,0.41387753486633305,2025-04-17 21:34:26.902009,2025-04-17 21:34:38.680651,0 days 00:00:11.778642,0.1291030210344665,0.9007231844893226,2,0.18562490044142793,0.03896989538540088,0.08681464445090843,0.046355483569113634,0.04694430300960914,0.08287897696374727,0.0020770188320565733,7,38,0.035356454350376876,0.2756948835905135,True,False,False,1.0234664574183654e-08,COMPLETE
1263,0.4502225458621979,2025-04-17 21:34:39.094862,2025-04-17 21:34:50.164308,0 days 00:00:11.069446,0.20153863440468275,0.8525655239583592,2,0.11914332876495062,0.030735611316529826,0.08332233849433454,0.04881244983681422,0.05356666729127925,0.08805853356176424,0.0002246474661134737,6,44,0.039761369660749044,0.25751439083992994,True,False,False,0.00013662099002486474,COMPLETE
1264,0.34250392317771916,2025-04-17 21:34:50.580144,2025-04-17 21:35:02.308089,0 days 00:00:11.727945,0.16221064211303793,0.8476344250956003,2,0.1545753078346242,0.023710874664181283,0.08524435127356349,0.04348194025778766,0.04918883171581238,0.09786263806692694,0.00018604829704934562,7,51,0.04416333143877343,0.2688457276949722,True,False,False,7.526280692755079e-05,COMPLETE
1265,0.3933971881866455,2025-04-17 21:35:02.722785,2025-04-17 21:35:10.579068,0 days 00:00:07.856283,0.13961709768345285,0.8846578013745734,8,0.2374331999662228,0.03847742395662639,0.08951531825314643,0.05207936060291636,0.04501248651156276,0.09721079643615536,0.00014531297900936078,6,40,0.04286695565699757,0.251686234337483,True,False,False,2.2556966563973423e-06,COMPLETE
1266,0.4506755590438843,2025-04-17 21:35:10.987459,2025-04-17 21:35:22.058221,0 days 00:00:11.070762,0.25899077096077266,0.8686210621200621,2,0.12202102758296489,0.03195123788748149,0.08233536993289585,0.04748710601537044,0.05046384183559977,0.08060040028353434,0.00023121395225106774,6,33,0.036517311699573264,0.263652090003989,True,False,False,3.5079098548099065e-06,COMPLETE
1267,0.3037404894828796,2025-04-17 21:35:22.471711,2025-04-17 21:35:34.650220,0 days 00:00:12.178509,0.11296266205234798,0.9114318984328502,2,0.12389864948988075,0.018413942284201443,0.04565367023836773,0.044181721845517274,0.04750728238873165,0.09615230574372885,0.00018250006563872866,8,46,0.04526577925676188,0.2578560214427051,False,False,False,0.00012473961511187977,COMPLETE
1268,0.4478489577770233,2025-04-17 21:35:35.062935,2025-04-17 21:35:46.731198,0 days 00:00:11.668263,0.2944473574496073,0.841576650123005,2,0.11048065370071791,0.02623784133484694,0.0843902523774647,0.04944395611695879,0.042793855636533845,0.08073265500616346,0.00010970140189874516,7,36,0.04441230947472148,0.2466233439631083,True,False,False,1.524323908183441e-06,COMPLETE
1269,0.45652586221694946,2025-04-17 21:35:47.144646,2025-04-17 21:35:58.195733,0 days 00:00:11.051087,0.10095089295609394,0.8920471571316912,2,0.13345862686222598,0.038471997768218545,0.08214081789451402,0.04634674395112353,0.05175997596455993,0.09249343914773575,0.00024109305507630236,6,41,0.04146209302775661,0.27624522372420024,True,False,False,8.621124847191278e-05,COMPLETE
1270,0.46241431236267094,2025-04-17 21:35:58.610730,2025-04-17 21:36:09.704042,0 days 00:00:11.093312,0.14884840165367727,0.8675606263273543,2,0.16346198510072377,0.03177497217038011,0.08656595335399479,0.041479859942123304,0.05387574409184616,0.0848054944355057,0.00019318590064661088,6,38,0.03772002411571921,0.26769678345674713,True,False,False,0.0001412087375743339,COMPLETE
1271,0.44267913699150085,2025-04-17 21:36:10.138725,2025-04-17 21:36:21.296240,0 days 00:00:11.157515,0.15507797827058248,0.8769146087280748,2,0.16537113758373306,0.023264170379749146,0.08916092831580846,0.03941735803036962,0.05432905231788482,0.08756293092505649,0.0001486804287848105,6,47,0.034185027187450305,0.2714694778577501,True,False,False,9.408385134079345e-05,COMPLETE
1272,0.4355664432048798,2025-04-17 21:36:21.714677,2025-04-17 21:36:32.802450,0 days 00:00:11.087773,0.1792593272938199,0.9126985411496942,2,0.14357942333224238,0.029026812847759598,0.09345524944739934,0.03725649109492805,0.05401913945023439,0.08336264252539291,0.00012327507438186796,6,43,0.03769675562263432,0.2712816046006614,True,False,False,6.624289684714655e-05,COMPLETE
1273,0.3753925383090973,2025-04-17 21:36:33.224902,2025-04-17 21:36:45.016124,0 days 00:00:11.791222,0.12862206890987074,0.8746376713443518,2,0.160255310173968,0.015310747201511979,0.09069396987436247,0.041187701203620496,0.0536087948803268,0.08592418595266123,0.00016442279493619118,7,17,0.0359996657337988,0.2666687345994481,True,False,False,0.00011826199936872509,COMPLETE
1274,0.45557250380516057,2025-04-17 21:36:45.434323,2025-04-17 21:36:56.599219,0 days 00:00:11.164896,0.16105387954018108,0.8979119368467632,2,0.14658140315105775,0.03193345581216298,0.08758576493981265,0.03946359306433243,0.05243533455910179,0.08511545159926558,0.00019332881706860488,6,38,0.0380069915564212,0.2779554332055135,True,False,False,0.00010576431482397189,COMPLETE
1275,0.3764678597450256,2025-04-17 21:36:57.017133,2025-04-17 21:37:07.515669,0 days 00:00:10.498536,0.13910224908094526,0.8630087535531853,2,0.16149232560512342,0.02407644575537981,0.08711743050620348,0.041405049206476884,0.053867504268320585,0.08734317754936513,0.00013177365560715988,5,30,0.033042867971489975,0.26538012796618476,True,False,False,1.6215746675328265e-06,COMPLETE
1276,0.4420349180698395,2025-04-17 21:37:07.932965,2025-04-17 21:37:18.401870,0 days 00:00:10.468905,0.11338151278872892,0.8894169320435793,2,0.19463685426712532,0.032715274692441995,0.08910171993923374,0.042076869286087074,0.055698825479041855,0.08572668274964446,0.00016901724637402978,5,35,0.036373770042706206,0.2750005154084775,True,False,False,0.00013780903712170946,COMPLETE
1277,0.4560865700244904,2025-04-17 21:37:18.830474,2025-04-17 21:37:29.894927,0 days 00:00:11.064453,0.18256601489085195,0.8606882304309814,2,0.15144674404910743,0.019810559599489914,0.08643099778667479,0.04259636283924909,0.05100615552058804,0.09214809292605726,0.00020482308873729467,6,40,0.037770270572159696,0.2683848359467563,True,False,False,2.9286301972310128e-08,COMPLETE
1278,0.1882165253162384,2025-04-17 21:37:30.313825,2025-04-17 21:37:39.967299,0 days 00:00:09.653474,0.19246753422064422,0.9140280966453422,2,0.15115328341950152,0.027748584609418148,0.0872317195072883,0.03915286191808916,0.0545525299665071,0.08906540598388245,0.00025404876822249245,5,44,0.03269809335209016,0.2602740623525995,True,False,True,8.14767887186368e-05,COMPLETE
1279,0.44753717184066777,2025-04-17 21:37:40.390686,2025-04-17 21:37:51.996700,0 days 00:00:11.606014,0.154599366177227,0.8479923956535326,2,0.16998606435879546,0.01140571107195604,0.09243635091596898,0.04067549618192612,0.05158555802273242,0.09028404887869027,0.00015430268974315323,7,37,0.039938893461764026,0.2628648560123184,True,False,False,2.2961187333003714e-06,COMPLETE
1280,0.4149770140647888,2025-04-17 21:37:52.419064,2025-04-17 21:38:03.477188,0 days 00:00:11.058124,0.14442272577428658,0.881517692497784,2,0.15597167443196205,0.03574329335961341,0.08516911965662394,0.04317020651876945,0.04978674927003405,0.0890713453955092,0.00010971463025881527,6,48,0.03986898595369825,0.2792101864546518,True,False,False,0.00015450870017636852,COMPLETE
1281,0.45361683368682865,2025-04-17 21:38:03.896967,2025-04-17 21:38:14.373121,0 days 00:00:10.476154,0.12008075537981379,0.8653596668470539,2,0.15772567490222794,0.028140697173628375,0.08854425517064018,0.042918474322549915,0.05254189338293701,0.08746775535966114,0.0001983717673629105,5,32,0.04188422959763953,0.26977223470654443,True,False,False,1.3067464244489433e-06,COMPLETE
1282,0.09234625697135926,2025-04-17 21:38:14.791299,2025-04-17 21:38:25.047554,0 days 00:00:10.256255,0.171878248678262,0.8488358922811674,2,0.15048893981665082,0.022412512758646117,0.08545988107316513,0.04037485542373716,0.04886197582195046,0.09110963917431202,0.0002736651843976298,6,74,0.03137140825709713,0.2627680464344234,True,True,False,1.8202306453315444e-06,COMPLETE
1283,0.44387351870536806,2025-04-17 21:38:25.469955,2025-04-17 21:38:37.257544,0 days 00:00:11.787589,0.1443972435745284,0.9050660272450093,2,0.17979969963873793,0.034082670580666816,0.08625695261272762,0.03858582068047155,0.05522830885891504,0.07947479152210955,0.00023119686958219705,7,42,0.037969510688762774,0.27224507297489814,True,False,False,0.00011451152193115975,COMPLETE
1284,0.46029695868492126,2025-04-17 21:38:37.693763,2025-04-17 21:38:48.106089,0 days 00:00:10.412326,0.07859006228059645,0.8947206111263714,2,0.15400055151465383,0.029543159833809632,0.09087667618143175,0.03674222484812744,0.05099669290106657,0.08804997736787686,0.00017609912042183088,5,39,0.040489101117154695,0.26670467581802887,True,False,False,8.433461555025436e-05,COMPLETE
1285,0.4430949866771698,2025-04-17 21:38:48.527654,2025-04-17 21:38:59.525433,0 days 00:00:10.997779,0.02949288650615242,0.9089076307181976,2,0.14981648490560415,0.017803736085896738,0.09104767798921891,0.03602216665624806,0.0516552283679261,0.08946250876598516,0.00012154684666886401,6,35,0.0360751714287695,0.25858304045009256,True,False,False,5.5279895577741955e-05,COMPLETE
1286,0.3895829141139985,2025-04-17 21:38:59.947410,2025-04-17 21:39:07.971445,0 days 00:00:08.024035,0.07111931000408905,0.9253652247279931,8,0.13966324700209667,0.02481845934782001,0.0931616196518295,0.0382393271461151,0.05057131335317251,0.08484485519790537,0.00014199799666124045,8,33,0.03832376260717482,0.26364936047354254,False,False,False,6.473345153585262e-05,COMPLETE
1287,0.4544446468353272,2025-04-17 21:39:08.393630,2025-04-17 21:39:18.922093,0 days 00:00:10.528463,0.043739915866405514,0.9007003795752079,2,0.15413065743338303,0.02725924797577379,0.09098732422254917,0.03311705865830074,0.050019808510015494,0.08880117187055322,0.00016554251423685015,5,39,0.03440044545457667,0.25686802289244254,True,False,False,6.813483783716157e-05,COMPLETE
1288,0.443156909942627,2025-04-17 21:39:19.347525,2025-04-17 21:39:30.399852,0 days 00:00:11.052327,0.0709392201346145,0.8889359516111307,2,0.16700968444751824,0.22897769910444413,0.09009770014737142,0.034995137047860364,0.052396772859542265,0.08767278205965004,0.00010823489534749434,6,37,0.039947779017990445,0.2660832567527428,True,False,False,8.531396564488337e-05,COMPLETE
1289,0.37087494730949405,2025-04-17 21:39:30.823715,2025-04-17 21:39:41.342107,0 days 00:00:10.518392,0.08521847600289699,0.9161385067819203,2,0.16321385063323607,0.015543581386797662,0.0935680671093877,0.03989923135765536,0.04856181591055374,0.09104085134169713,0.00018346450109526442,5,29,0.016331199989940925,0.25497667967611287,True,False,False,8.842428059041663e-05,COMPLETE
1290,0.4480096995830536,2025-04-17 21:39:41.764790,2025-04-17 21:39:52.856516,0 days 00:00:11.091726,0.08238964823886127,0.87988949857298,2,0.1593256423388401,0.03006311899868895,0.0908483435233857,0.03554306237745926,0.05018635621018391,0.08241261409862638,0.00013780866625691594,6,44,0.04030164157997615,0.26143457923069824,True,False,False,9.708981558941188e-05,COMPLETE
1291,0.09234625697135926,2025-04-17 21:39:53.278239,2025-04-17 21:40:03.539253,0 days 00:00:10.261014,0.10494453310782864,0.9215895857024113,2,0.14633965231436358,0.00836099058501407,0.09225555263206538,0.036851411070690704,0.04910391998345205,0.08601393847907345,0.00016986753594642977,5,35,0.04118743021885371,0.26839224721132027,True,False,False,5.887817802288466e-05,COMPLETE
1292,0.43464695215225224,2025-04-17 21:40:03.964608,2025-04-17 21:40:15.732379,0 days 00:00:11.767771,0.06376642048125772,0.8912552880304077,2,0.16617908715368726,0.022102390575000668,0.0955768995975278,0.03729309251171959,0.051740899144254546,0.08447284671666014,0.00031303265377930053,7,41,0.038783407898691453,0.25963693992068704,True,False,False,7.34776575380119e-05,COMPLETE
1293,0.44947806596755985,2025-04-17 21:40:16.154045,2025-04-17 21:40:26.580404,0 days 00:00:10.426359,0.09491229136818793,0.8784495055281527,2,0.20165064772122732,0.03252039841026483,0.09372270772876128,0.040267089039641234,0.04798413281484901,0.08585592019205815,0.00024450655098267715,5,37,0.04278234763873981,0.2747186871677505,True,False,False,0.0001222998200806212,COMPLETE
1294,0.44914961457252506,2025-04-17 21:40:27.001375,2025-04-17 21:40:38.068041,0 days 00:00:11.066666,0.102364263171183,0.9001093235172485,2,0.1531228848877733,0.02008313045097008,0.09483743911334523,0.03763462175103383,0.05330669761138825,0.08747531057070265,0.00013832806953886594,6,47,0.041536685169798825,0.2536334693678671,True,False,False,8.019829815533871e-05,COMPLETE
1295,0.44275054335594183,2025-04-17 21:40:38.487812,2025-04-17 21:40:48.961202,0 days 00:00:10.473390,0.04857980533239295,0.8751608387704577,2,0.1409851635417616,0.026443609396521222,0.0974773605470342,0.03823654874625115,0.05082703614825215,0.09086285573090748,0.00020132486786891157,5,43,0.038482170203446006,0.2633551595842496,True,False,False,0.00010676268539484748,COMPLETE
1296,0.45530450344085693,2025-04-17 21:40:49.403252,2025-04-17 21:41:00.437348,0 days 00:00:11.034096,0.05644679840448252,0.8951117387437464,2,0.1575607909689744,0.03383406113689766,0.08916744242134074,0.03456021107316148,0.04722616706112838,0.064011397105601,0.00016318716832187122,6,39,0.03644582297667701,0.27752667413647925,True,False,False,0.000101329386837714,COMPLETE
1297,0.3191497325897217,2025-04-17 21:41:00.863991,2025-04-17 21:41:10.538286,0 days 00:00:09.674295,0.02465894639579297,0.923033011262291,2,0.13507140348160288,0.031105109264015073,0.08913823555939614,0.041534051855107695,0.04857401454763628,0.08287155097859138,0.0002738295071409674,5,52,0.043385454961590735,0.2677070988706757,True,False,True,0.00014848960885892182,COMPLETE
1298,0.43801014423370366,2025-04-17 21:41:10.962694,2025-04-17 21:41:21.953879,0 days 00:00:10.991185,0.20651811352548877,0.8658048535182757,2,0.14797077821138974,0.02464263926619482,0.0889303271576322,0.03772907241677512,0.0529992591582719,0.0888830861780246,0.00044630295456851823,6,34,0.04012499870449365,0.2532625684214735,True,False,False,8.459204124737133e-05,COMPLETE
1299,0.09234625697135926,2025-04-17 21:41:22.380475,2025-04-17 21:41:33.302035,0 days 00:00:10.921560,0.1231819816265588,0.8634153399092657,2,0.15767954184045477,0.034997961337187175,0.09203850143016809,0.03463400293390611,0.0507029326273914,0.08902762741474847,0.000220210141308423,7,92,0.044221467271466704,0.2571545788117161,True,True,False,6.472336924758146e-05,COMPLETE
1300,0.43238739371299745,2025-04-17 21:41:33.728299,2025-04-17 21:41:50.424804,0 days 00:00:16.696505,0.014715987342763429,0.927980204092966,2,0.1506298743107984,0.015224638756638932,0.08730265579186011,0.03929953202763386,0.04741027567933592,0.09090642886199929,0.00030166706185873405,15,41,0.040996619058739185,0.26630128332740427,True,False,False,0.0001218491902419478,COMPLETE
1301,0.45569472908973696,2025-04-17 21:41:50.851070,2025-04-17 21:42:01.384940,0 days 00:00:10.533870,0.1503500001620721,0.8931868275582253,2,0.1720579595612508,0.027625825173599492,0.08815180872203314,0.03653555699936567,0.04585570099169345,0.09268141094280113,0.00018432177583159958,5,45,0.04133363112772623,0.27833638978872277,True,False,False,5.4463689157784926e-05,COMPLETE
1302,0.45358255505561834,2025-04-17 21:42:01.814968,2025-04-17 21:42:12.838241,0 days 00:00:11.023273,0.08736193961873287,0.8770604175506361,2,0.14115752722033098,0.03822069243299332,0.08998452304586317,0.04198770923329265,0.04954764069461305,0.08719821891787202,0.00023518775357018963,6,38,0.04359647488672997,0.27202617403797696,True,False,False,0.00010184241233531318,COMPLETE
1303,0.4410709440708161,2025-04-17 21:42:13.262180,2025-04-17 21:42:23.699861,0 days 00:00:10.437681,0.1293456700966675,0.8574110709564853,2,0.16223985266513086,0.023466275749269863,0.0873553645658534,0.04164229101572097,0.05226780953550157,0.08080486463807164,0.0001408644739538722,5,33,0.03550273096607888,0.2603740422730595,True,False,False,0.00014877538916257296,COMPLETE
1304,0.3728254079818726,2025-04-17 21:42:24.128970,2025-04-17 21:42:35.045127,0 days 00:00:10.916157,0.18237011563308717,0.8901437168863611,2,0.14356204091073724,0.031203565612546634,0.09142180083505641,0.04025738360986006,0.048642685388299974,0.09986864327610676,0.000384665266215741,6,41,0.04565545162064574,0.25298213870704495,False,False,False,7.423252566070591e-05,COMPLETE
1305,0.4591592252254486,2025-04-17 21:42:35.468823,2025-04-17 21:42:45.890715,0 days 00:00:10.421892,0.16111869655051683,0.9149150171368979,2,0.15272445912612062,0.020301904282655266,0.08504054377068075,0.04357599795193448,0.04643005614455361,0.09495564964885836,0.00026612531870274635,5,36,0.038940177966281915,0.260709547211919,True,False,False,0.0001229131075649348,COMPLETE
