number,value,datetime_start,datetime_complete,duration,params_alpha-eval,params_alpha-train,params_batch-size,params_eps-eval,params_eps-train,params_lambda-actions-eval,params_lambda-actions-train,params_lambda-frames-eval,params_lambda-frames-train,params_learning-rate,params_n-epochs,params_n-frames,params_radius-gw,params_rho,params_std-feats,params_ub-actions,params_ub-frames,params_weight-decay,state
849,0.3782638192176819,2025-04-10 21:59:09.263165,2025-04-10 21:59:16.080390,0 days 00:00:06.817225,0.34366649227191937,0.14925118322739264,16,0.05923893271147542,0.02685168569733359,0.0908373386791036,0.07873642965252653,0.026437882201373792,0.03337734971733157,7.142184993157975e-05,7,36,0.06083574362167211,0.03880967737986709,True,True,False,4.226109826243165e-08,COMPLETE
850,0.28702445030212403,2025-04-10 21:59:16.360753,2025-04-10 21:59:23.061169,0 days 00:00:06.700416,0.29968368112698673,0.06848309949874708,16,0.049565926707149335,0.00036843556196351594,0.09821721093639023,0.07421627380020637,0.09047381783158952,0.06334902283538803,0.0005259678056735011,5,33,0.06796380602615537,0.05803515208993545,True,True,False,1.2661510038541126e-07,COMPLETE
851,0.43270794153213504,2025-04-10 21:59:23.339718,2025-04-10 21:59:30.068744,0 days 00:00:06.729026,0.2754511898637664,0.10515355564427845,16,0.04129511115739816,0.010735828307287724,0.09351955670157111,0.06885865489126893,0.04103491837949253,0.02626673658403412,8.910063788964449e-05,6,44,0.058467806480331674,0.06424376312683446,True,True,False,2.2458704769725257e-07,COMPLETE
852,0.4212595880031586,2025-04-10 21:59:30.336695,2025-04-10 21:59:37.068730,0 days 00:00:06.732035,0.27483558741082226,0.10709005514018699,16,0.03583702387455462,0.007922256483922354,0.08864561335607454,0.06504024077350443,0.03952646520865861,0.027785424973952297,5.949444560329975e-05,6,48,0.05534117054456914,0.07769040317973212,True,True,False,2.873981745848556e-07,COMPLETE
853,0.20670706033706665,2025-04-10 21:59:37.349468,2025-04-10 21:59:43.980820,0 days 00:00:06.631352,0.2473626366778133,0.09196969521307796,16,0.029737045898432013,0.005562024065646822,0.0917013389433579,0.06784846876549558,0.06805437470689817,0.026388233079399193,8.293271384171924e-05,6,52,0.05742274001157707,0.07217163923987983,False,False,True,2.3003355016139486e-07,COMPLETE
854,0.10592219531536103,2025-04-10 21:59:44.266398,2025-04-10 21:59:54.590383,0 days 00:00:10.323985,0.2771659012034786,0.11624856571913997,2,0.039488768752621306,0.012060815447145212,0.09010011526395398,0.06835290962169416,0.042382559880270565,0.025023977327274568,7.130999334010847e-05,7,45,0.055018096152033236,0.06836762284293696,True,True,False,1.9759324172360292e-07,COMPLETE
855,0.4313413619995118,2025-04-10 21:59:54.874557,2025-04-10 22:00:01.454554,0 days 00:00:06.579997,0.2519996285330307,0.08130278751152928,16,0.03287908902358656,0.009166894847821709,0.08466063644746138,0.0693110973339103,0.04431442634277849,0.029728611481700824,9.338284816036515e-05,5,55,0.05733010783396532,0.06269935305764136,True,True,False,1.673501727791578e-07,COMPLETE
856,0.41854183673858647,2025-04-10 22:00:01.722624,2025-04-10 22:00:08.357166,0 days 00:00:06.634542,0.23448826105142676,0.0758259730238865,16,0.031484410075486954,0.0027675978207113232,0.0825550503292835,0.06703122715381897,0.045140755539468155,0.030033418539097287,9.592556664927007e-05,5,57,0.05674519504534232,0.0639962430443747,True,True,False,1.6431236553138654e-07,COMPLETE
857,0.43389031887054447,2025-04-10 22:00:08.640438,2025-04-10 22:00:15.252976,0 days 00:00:06.612538,0.24730747716321017,0.05610808507563099,16,0.024462591622602763,0.010347819426278621,0.08279516176109532,0.06863860266569612,0.04441828915573617,0.02937836565114793,9.485831961254345e-05,5,55,0.05625307666692813,0.0692441959569197,True,True,False,1.2683415256084913e-07,COMPLETE
858,0.33292523026466375,2025-04-10 22:00:15.535959,2025-04-10 22:00:22.201028,0 days 00:00:06.665069,0.21490747837575297,0.08273046743105282,16,0.020636051736350663,0.010356623425199782,0.0827356687597858,0.06543863738106401,0.04794347517609691,0.03127462524157125,0.00015609129879159167,5,61,0.05125958908779393,0.06448849174167323,True,True,False,1.4786245731254266e-07,COMPLETE
859,0.4101507604122162,2025-04-10 22:00:22.470307,2025-04-10 22:00:29.123956,0 days 00:00:06.653649,0.24563217295455353,0.06288793764084524,16,0.014347892766709901,0.011141547925220825,0.07988066208146372,0.0672182751431014,0.04618176043342223,0.02880192839666766,0.00011770615327660782,5,56,0.053830282185287986,0.06925017069094234,True,True,False,1.9674615921346387e-07,COMPLETE
860,0.4197585880756378,2025-04-10 22:00:29.405919,2025-04-10 22:00:36.051269,0 days 00:00:06.645350,0.20023896504561217,0.09147307469536438,16,0.024602388335108236,0.014685539878413829,0.07960359496923765,0.06902974237239085,0.043204079535580156,0.0302004932314286,9.865394504489675e-05,5,57,0.057251484548334945,0.061709177864499615,True,True,False,1.3463217758128384e-07,COMPLETE
861,0.26142110824584963,2025-04-10 22:00:36.336710,2025-04-10 22:00:43.327006,0 days 00:00:06.990296,0.22810764484112128,0.07305972496901159,8,0.021236885909156095,0.008285966498976999,0.08073366628870746,0.06434170231421894,0.04358356518699626,0.028294806188065506,0.00014111244575441904,5,74,0.05319750911719129,0.06963164909769123,True,True,False,1.6060462397223417e-07,COMPLETE
862,0.3944718658924103,2025-04-10 22:00:43.596683,2025-04-10 22:00:50.218986,0 days 00:00:06.622303,0.2579523034639983,0.05996414332047222,16,0.03022955790275522,0.015691669307376033,0.08520984844906024,0.0685242045191821,0.041810703239267784,0.03008193496226646,0.00011473534702300356,5,68,0.054282328754517335,0.06113810486717449,True,True,False,2.4190075614227507e-07,COMPLETE
863,0.39732479453086855,2025-04-10 22:00:50.500947,2025-04-10 22:00:57.147172,0 days 00:00:06.646225,0.2642069911256909,0.09150638358696916,16,0.024363563325902175,0.005498103140714767,0.08278557522111724,0.06605263563029101,0.04451007593535786,0.031759007541309774,8.79654452095902e-05,5,63,0.05175271728720851,0.06532044071171808,True,True,False,1.2149806741641482e-07,COMPLETE
864,0.4303710222244263,2025-04-10 22:00:57.432070,2025-04-10 22:01:04.032098,0 days 00:00:06.600028,0.17963565436127443,0.09936813485694773,16,0.023309860165044993,0.00020299953465950128,0.0844119005577496,0.0670668091103618,0.04530257246501595,0.029804260627544907,9.677723497622206e-05,5,54,0.05527317737334369,0.05782788501414465,True,True,False,1.983801319631204e-07,COMPLETE
865,0.21891402602195742,2025-04-10 22:01:04.322443,2025-04-10 22:01:10.956315,0 days 00:00:06.633872,0.18882375893146353,0.05742561181237107,16,0.02891911207809611,0.0004753354880683283,0.08192440888111088,0.06284688305323995,0.047755149507371704,0.02789708217422171,0.001915746765977017,5,60,0.055902196214811926,0.056385428536870695,True,True,False,2.14091419373554e-07,COMPLETE
866,0.3912419617176056,2025-04-10 22:01:11.227415,2025-04-10 22:01:17.852464,0 days 00:00:06.625049,0.13930265390183538,0.08310104255281861,16,0.009186218922799926,0.00928332421529385,0.08361120728417856,0.06587455247026974,0.045841689516958106,0.02890862842031753,0.0001294008038846756,5,59,0.056644885158352476,0.056492319847147164,True,True,False,1.6885816425506296e-07,COMPLETE
867,0.416295737028122,2025-04-10 22:01:18.136555,2025-04-10 22:01:24.775838,0 days 00:00:06.639283,0.1673018916863549,0.0723746098660426,16,0.014812147657371287,0.01701343205266081,0.07703065093213185,0.06578220638403476,0.04878099439199169,0.026866012814222347,0.00010926525995245968,5,56,0.04951899507473155,0.05719688446913827,True,True,False,2.767306744012369e-07,COMPLETE
868,0.39709072113037114,2025-04-10 22:01:25.058944,2025-04-10 22:01:31.749372,0 days 00:00:06.690428,0.14198838444310355,0.28512138487245997,16,0.0205926021907377,0.0009141478296369047,0.08392626587272571,0.06776624994316206,0.04134326892078866,0.029905303191913358,0.00010003944806187955,5,65,0.05199963770042797,0.060811023259565,True,True,False,1.716866730231983e-07,COMPLETE
869,0.3333513855934143,2025-04-10 22:01:32.021338,2025-04-10 22:01:38.629460,0 days 00:00:06.608122,0.18600434514758818,0.09668851436351775,16,0.015536030045207979,0.010573592177694236,0.08124878798190929,0.06944645895023162,0.04395679243833542,0.03126450186132311,0.0001458946022324238,5,60,0.05469316177157771,0.053868986755203324,True,True,False,1.3197092954495582e-07,COMPLETE
870,0.3672442376613617,2025-04-10 22:01:38.911844,2025-04-10 22:01:45.535866,0 days 00:00:06.624022,0.1538066951499389,0.057274193281946204,16,0.004828591132003995,0.17373923254637227,0.08038532551301139,0.06352039637905957,0.044749233768729614,0.02709719177467305,9.283873507272154e-05,5,55,0.05546888090374298,0.06254923075603787,True,True,False,2.1708002322272693e-07,COMPLETE
871,0.40305477976799015,2025-04-10 22:01:45.820470,2025-04-10 22:01:52.434369,0 days 00:00:06.613899,0.18866355630268627,0.10221226324888874,16,0.023799511396346475,0.0165666888272878,0.08419007908636264,0.06670326887610241,0.04993541088100417,0.02888467595072126,0.00011704258744592641,5,53,0.05671707404254854,0.05393580229682925,True,True,False,2.3897105388617877e-07,COMPLETE
872,0.38406679630279544,2025-04-10 22:01:52.725418,2025-04-10 22:01:59.377259,0 days 00:00:06.651841,0.1791679325895756,0.047832283008402206,16,0.023714788608911318,0.07787446451134267,0.08220897427021896,0.06848300624909821,0.042356942738365905,0.026455710002149996,8.239748671676114e-05,5,58,0.053388551717725045,0.05956863948798742,True,True,False,1.764074045862281e-07,COMPLETE
873,0.16852889060974122,2025-04-10 22:01:59.651017,2025-04-10 22:02:06.193291,0 days 00:00:06.542274,0.1990774034111432,0.07880620711112289,16,0.022551938392741656,0.00786138618165595,0.0845178024267936,0.06928927931838375,0.04142974487387197,0.031200579587336436,0.0012479990244236355,5,62,0.054067447415427336,0.05211036525637769,False,True,True,3.1436397727216925e-07,COMPLETE
874,0.09234625697135926,2025-04-10 22:02:06.477600,2025-04-10 22:02:14.666380,0 days 00:00:08.188780,0.16462257872385042,0.07592737599664698,16,0.017899588893999528,0.00012141875680151543,0.08448806906430545,0.06380914994744243,0.04699304870018357,0.02731352596287903,9.908920240219151e-05,17,58,0.05348465585323813,0.06475756800936992,True,False,False,1.0849672524482131e-07,COMPLETE
875,0.4301075398921967,2025-04-10 22:02:14.956756,2025-04-10 22:02:21.601620,0 days 00:00:06.644864,0.16018420105382364,0.09982400540691914,16,0.009892583777081673,0.013329922035525861,0.08529783930474238,0.06995127073361486,0.04571908241028775,0.030074966695199254,0.00012551463066428316,5,54,0.05774084698119996,0.05593221442033081,True,True,False,2.0269105466727406e-07,COMPLETE
876,0.377002090215683,2025-04-10 22:02:21.894523,2025-04-10 22:02:28.504853,0 days 00:00:06.610330,0.16337054112900773,0.09430568802684008,16,0.0022659048267331464,0.019051561017373788,0.08305753568603247,0.06629936597262781,0.04447009283651362,0.029715785779161494,0.00016679480903979355,5,55,0.05591886978368999,0.06497776120496929,True,True,False,2.6561486169687424e-07,COMPLETE
877,0.3704386293888092,2025-04-10 22:02:28.781339,2025-04-10 22:02:35.479082,0 days 00:00:06.697743,0.17578010818938428,0.0583883297312437,16,0.016516241728383108,0.015659484863922015,0.08581485488644763,0.06785197753591117,0.04841400597318814,0.032067868813739187,0.0001822381924985599,5,60,0.04787382810389836,0.12493063557508231,True,True,False,2.0626756857601692e-07,COMPLETE
878,0.17286928594112397,2025-04-10 22:02:35.766623,2025-04-10 22:02:42.314875,0 days 00:00:06.548252,0.21056304047878724,0.09943740399276106,16,0.009678049589796373,0.020330517171528,0.0791375727480463,0.0646525895356617,0.04609361091972858,0.029160381280147432,0.0009605679690178585,5,55,0.055252207256817065,0.05902754626147115,True,True,False,2.365697726724928e-07,COMPLETE
879,0.17238792777061465,2025-04-10 22:02:42.604589,2025-04-10 22:02:56.612088,0 days 00:00:14.007499,0.2141385760022165,0.07960382784157208,2,0.022911007624860272,0.01333308248788088,0.08432432322860164,0.0699387107807366,0.04638470125199904,0.03052852218933917,0.00011983699302199805,14,57,0.05630383383921751,0.06809210457331102,True,True,False,3.250787638774237e-07,COMPLETE
880,0.26318026781082154,2025-04-10 22:02:56.886941,2025-04-10 22:03:03.527636,0 days 00:00:06.640695,0.1399674906675965,0.04431979577332078,16,0.020275711974466926,0.005608613260793132,0.08110334953948578,0.06729883956588434,0.045467094278124814,0.03209195553730393,0.00015277412242793338,5,52,0.05813687318745515,0.05903691664805335,True,True,False,1.7382847447147324e-07,COMPLETE
881,0.3588434875011444,2025-04-10 22:03:03.814245,2025-04-10 22:03:10.475989,0 days 00:00:06.661744,0.11672676283583572,0.07055283585451075,16,0.009552034008610481,0.019635404765386142,0.08579757715892165,0.06951377360370463,0.043170052800754546,0.02816267020881352,0.00011849842993181066,5,64,0.05762685008684229,0.051886946059860536,True,True,False,2.0206978768121773e-07,COMPLETE
882,0.38315885663032534,2025-04-10 22:03:10.765245,2025-04-10 22:03:17.373944,0 days 00:00:06.608699,0.17743611294600098,0.1024187786040516,16,0.015637290331164646,0.011214927100530602,0.0849778759782437,0.06950312992397922,0.041835864424617966,0.02582090154178461,0.00014341373717521267,5,57,0.05305923976027838,0.04841744209390991,True,True,False,1.613990004987765e-07,COMPLETE
883,0.2357998073101044,2025-04-10 22:03:17.665784,2025-04-10 22:03:24.641388,0 days 00:00:06.975604,0.13015673049743015,0.05185908588504512,8,0.02433714661537298,0.024833280740441083,0.0824104990648193,0.0648880071325678,0.051748216347553416,0.033093804343504875,0.00014482032048982588,5,52,0.05455940642194827,0.06801208722589029,True,True,False,2.2862580200250086e-07,COMPLETE
884,0.3947342872619629,2025-04-10 22:03:24.920139,2025-04-10 22:03:31.647577,0 days 00:00:06.727438,0.14067665547631672,0.08282721574666153,16,0.028985972183180688,0.22093591075121777,0.08648841278597051,0.0701888467127177,0.04364836259995474,0.028049453914165946,0.0001371390601044406,5,52,0.05776781971017225,0.06104277648044941,True,True,False,2.494051281037457e-07,COMPLETE
885,0.42811424732208253,2025-04-10 22:03:31.934976,2025-04-10 22:03:38.536218,0 days 00:00:06.601242,0.1502529157269506,0.10754787777601721,16,0.027602026704659534,0.005107541588855532,0.08325981058385357,0.06658190716050179,0.0406427803246824,0.030175613764515566,0.00011584955353033128,5,55,0.05784397244324224,0.07241526487237367,True,True,False,1.4188890245257232e-07,COMPLETE
886,0.24886255264282225,2025-04-10 22:03:38.828829,2025-04-10 22:03:45.489614,0 days 00:00:06.660785,0.17162227819821718,0.06195715659398261,16,0.0064745532647208105,0.016131905830330924,0.08520303504126268,0.06850529278881941,0.05021663520408256,0.026041934980750865,0.00021171782267123798,5,53,0.05044326011402408,0.056977671156643525,True,True,False,1.880890388357476e-07,COMPLETE
887,0.37297906875610354,2025-04-10 22:03:45.768042,2025-04-10 22:03:52.468988,0 days 00:00:06.700946,0.15547307366729365,0.08207917874634152,16,0.017178292916157578,0.009895667948696852,0.08635984380785118,0.06999094507477058,0.04451950553890085,0.02859084773218235,9.706735558209236e-05,5,61,0.058270102997156556,0.048624628363706957,True,True,False,2.806091900859214e-07,COMPLETE
888,0.42922129034996037,2025-04-10 22:03:52.758248,2025-04-10 22:03:59.368499,0 days 00:00:06.610251,0.16046640609055732,0.11069653476788172,16,0.010089452980613286,0.02193296383962777,0.08142656215718064,0.06637193801484223,0.04068812380632524,0.03341281472320011,0.00010176402257055587,5,55,0.0565276072610884,0.06264025675671214,True,True,False,3.147344239856382e-07,COMPLETE
889,0.24511476159095766,2025-04-10 22:03:59.658600,2025-04-10 22:04:06.398840,0 days 00:00:06.740240,0.20332374603216904,0.04641919606824157,16,0.00801685249323738,0.015726279663505958,0.07863168615106025,0.07104151935748883,0.04733042554255549,0.026209905623611904,0.00013166232641741244,6,52,0.05488010351993443,0.05558807733870324,True,True,False,1.571703990026393e-07,COMPLETE
890,0.4060002386569977,2025-04-10 22:04:06.694869,2025-04-10 22:04:13.471104,0 days 00:00:06.776235,0.1259446701595024,0.09253305013183666,16,0.000679837442680702,0.0005786631265936037,0.08412757690207431,0.062422889215495665,0.04207958243366472,0.03199396637365029,0.00011853180824082614,5,59,0.05885805803855422,0.06446736556289404,True,True,False,1.9279137038336522e-07,COMPLETE
891,0.4136408567428589,2025-04-10 22:04:13.751086,2025-04-10 22:04:20.493788,0 days 00:00:06.742702,0.19103560522000704,0.06674984979003634,16,0.03444044419880139,0.03475769234782548,0.08649341593302254,0.06799484012548938,0.04355911879372639,0.024581236079919064,0.00017305090096037424,6,55,0.055917754101970106,0.2874464229791195,True,True,False,1.3028625347307497e-07,COMPLETE
892,0.15758337676525117,2025-04-10 22:04:20.787088,2025-04-10 22:04:27.247105,0 days 00:00:06.460017,0.2275946211941933,0.11534733397130431,16,0.01926018605578296,0.024897179069570494,0.08598346912255479,0.07146113962349844,0.04496080598376859,0.030039413375961128,8.836027266435639e-05,5,54,0.05877751100882546,0.06959724342087809,False,True,False,3.6216958270490716e-07,COMPLETE
893,0.30954626202583313,2025-04-10 22:04:27.543771,2025-04-10 22:04:34.280089,0 days 00:00:06.736318,0.2160538674761693,0.040369797671775065,16,0.029625203394932506,0.009522665245909093,0.0872090658524706,0.07025198928924974,0.040886020738558286,0.027350114333245034,0.000101446734893779,6,51,0.05918865303039533,0.04656009276774103,True,False,True,1.9406052051847004e-07,COMPLETE
894,0.3804869771003723,2025-04-10 22:04:34.577183,2025-04-10 22:04:41.219115,0 days 00:00:06.641932,0.16691753048225072,0.0897982084151149,16,0.026958445134752283,0.018947719407789405,0.08310796201544542,0.06824157120162892,0.04885020245262957,0.030488120316192878,8.613042046278972e-05,5,50,0.05666319862342417,0.0552185982108999,True,True,False,2.3322038419083598e-07,COMPLETE
895,0.2683135330677033,2025-04-10 22:04:41.499776,2025-04-10 22:04:48.169802,0 days 00:00:06.670026,0.08496126198334092,0.06959049074084231,16,0.03175738535627026,0.028119011398669264,0.0427584762115955,0.07059313232750232,0.046371577551004566,0.02409190227921919,0.00011227067776278218,6,52,0.05901542946211949,0.07365281365363231,True,True,False,1.4645820319890985e-07,COMPLETE
896,0.30204132199287415,2025-04-10 22:04:48.463001,2025-04-10 22:04:55.201295,0 days 00:00:06.738294,0.2310287006134107,0.11375674643079464,16,0.013248595119100157,0.005379741577265604,0.08708756411951249,0.07216093887728484,0.03911542889915857,0.03353249146587983,0.00013022783027914094,6,49,0.05154813947324192,0.06350328193183637,True,True,False,1.3128551975401158e-07,COMPLETE
897,0.4131263196468353,2025-04-10 22:04:55.496964,2025-04-10 22:05:02.198589,0 days 00:00:06.701625,0.20108729244785967,0.09321223526518613,16,0.005996031674660833,0.013617599849977156,0.07998160855681422,0.06662708966702635,0.0426250218221884,0.028503246151781667,8.139624964763941e-05,5,57,0.0529539060896365,0.050253205719748006,True,True,False,2.532121741194071e-07,COMPLETE
898,0.3646606802940369,2025-04-10 22:05:02.496586,2025-04-10 22:05:09.185668,0 days 00:00:06.689082,0.24321955514842727,0.04642849590346979,16,0.03323802841484864,0.02006177205075281,0.08426739376966928,0.06081802235738535,0.03930791627088951,0.02677954961020416,0.00010154314070683357,5,49,0.05742736856893643,0.057793374069191175,True,True,False,1.699772756618992e-07,COMPLETE
899,0.35813300013542176,2025-04-10 22:05:09.466058,2025-04-10 22:05:16.245615,0 days 00:00:06.779557,0.18212153863188377,0.06640643471436936,16,0.0003691648896036667,0.00035457369744857107,0.08183532758762899,0.07108458502769043,0.043787194707782175,0.025280209917836822,7.58683627714704e-05,6,50,0.055600236619272436,0.04684004287259914,True,True,False,1.1169228479264302e-07,COMPLETE
900,0.2046370655298233,2025-04-10 22:05:16.539323,2025-04-10 22:05:25.847161,0 days 00:00:09.307838,0.5508900783121631,0.09698552578509081,2,0.02645437181446863,0.012420701628221138,0.08726656375414751,0.06957310299827911,0.04024773361982522,0.03185932156308682,0.00015957977213796126,5,53,0.05942636801355619,0.06740431326666359,True,True,False,1.7423634594137797e-07,COMPLETE
901,0.3543346643447876,2025-04-10 22:05:26.145193,2025-04-10 22:05:32.879686,0 days 00:00:06.734493,0.25448060674732753,0.11857167132617545,16,0.034307343305260606,0.029582851131999304,0.08497098015681967,0.0719910731895217,0.046233129291901404,0.029047667298644473,9.005958205289765e-05,6,50,0.05437120190479028,0.0591789236190106,True,True,False,3.099205054569705e-07,COMPLETE
902,0.3764427602291107,2025-04-10 22:05:33.178862,2025-04-10 22:05:39.928496,0 days 00:00:06.749634,0.11068166154157089,0.0756031283367771,16,0.014852827208869223,0.2312863515216298,0.08693373131724622,0.06894286720245597,0.041929959055634104,0.02458972150330348,0.0002203082987967799,6,55,0.05823068557554443,0.07543932395468772,True,True,False,2.1185843194025842e-07,COMPLETE
903,0.3380386710166931,2025-04-10 22:05:40.211341,2025-04-10 22:05:46.940213,0 days 00:00:06.728872,0.2222318093857038,0.04218215572366357,16,0.03618024211379472,0.006921081300884413,0.08745007998065447,0.06525929525874652,0.03881855363158456,0.03410262530980438,0.00012629714801487674,5,65,0.059570924766984154,0.05570774357307576,True,True,False,1.2167832712437285e-07,COMPLETE
904,0.4115208387374878,2025-04-10 22:05:47.236989,2025-04-10 22:05:53.927469,0 days 00:00:06.690480,0.24132219651436662,0.0602729440913925,16,0.025874774553438343,0.024421485187906985,0.08418438351614482,0.07211102713148985,0.049622886663911646,0.0307851641160444,7.40751337203109e-05,5,48,0.056872275434352464,0.06757108140659691,True,True,False,1.4103269368783235e-07,COMPLETE
