number,value,datetime_start,datetime_complete,duration,params_alpha-eval,params_alpha-train,params_batch-size,params_eps-eval,params_eps-train,params_lambda-actions-eval,params_lambda-actions-train,params_lambda-frames-eval,params_lambda-frames-train,params_learning-rate,params_n-epochs,params_n-frames,params_radius-gw,params_rho,params_std-feats,params_ub-actions,params_ub-frames,params_weight-decay,state
1363,0.37040227651596075,2025-04-17 21:53:06.256895,2025-04-17 21:53:16.669401,0 days 00:00:10.412506,0.0784770488329403,0.8713738870657193,2,0.18277345540566164,0.026446151689739402,0.08687617580759319,0.04521248668147516,0.044667070521894704,0.09371294368507613,2.91578112196792e-05,5,43,0.03598480650452995,0.27186652660792915,True,False,False,0.00011302249199571782,COMPLETE
1364,0.43068920969963076,2025-04-17 21:53:17.116256,2025-04-17 21:53:28.111211,0 days 00:00:10.994955,0.2010504733342601,0.8991557293569773,2,0.14024515722198275,0.03137564672628561,0.06555416103800284,0.038502579188515615,0.04748712249641094,0.06691929189597574,0.000278581518533686,6,27,0.03876387657732041,0.26381740840704004,True,False,False,0.00016334879199020975,COMPLETE
1365,0.4212140560150147,2025-04-17 21:53:28.555299,2025-04-17 21:53:39.051179,0 days 00:00:10.495880,0.23483339756430005,0.9153235953267971,2,0.15073057496219644,0.012464274937306147,0.08518243621802866,0.04273348713705567,0.055476687940945776,0.0975507506099699,0.00017251597666031887,5,35,0.04093209125173479,0.2532401728977401,True,False,False,3.8371428464265775e-06,COMPLETE
1366,0.45315856933593757,2025-04-17 21:53:39.495723,2025-04-17 21:53:50.575172,0 days 00:00:11.079449,0.17421087003989189,0.8773963548484293,2,0.1698757452964609,0.02269488618908877,0.08515786528064516,0.04575828461525668,0.04816508444161206,0.09042513814267344,0.00013052932814806351,6,38,0.043527549261686185,0.2586765041240313,True,False,False,8.799402676189704e-05,COMPLETE
1367,0.4452951669692994,2025-04-17 21:53:51.039974,2025-04-17 21:54:02.846964,0 days 00:00:11.806990,0.12511468370614395,0.8910609553529469,2,0.1357306630714713,0.030642443042369093,0.0944263532815762,0.04077179186917311,0.04558869452672018,0.08717813829794487,0.00023518234869203885,7,42,0.039153704213550806,0.26743279169502965,True,False,False,3.043250253858262e-06,COMPLETE
1368,0.4510736227035523,2025-04-17 21:54:03.297003,2025-04-17 21:54:13.735165,0 days 00:00:10.438162,0.15889001690198393,0.8695008669270725,2,0.15794244639330035,0.020486037930902975,0.08874104407174076,0.045515816172798144,0.04855187121776591,0.09646026372636698,0.0003204116935868683,5,40,0.03726766300592324,0.2751219018781008,True,False,False,9.138049692418469e-07,COMPLETE
1369,0.44627024531364445,2025-04-17 21:54:14.183875,2025-04-17 21:54:24.629723,0 days 00:00:10.445848,0.10038983091878377,0.9426286439268335,2,0.16587390507082858,0.033780609594917035,0.08473631478972224,0.04398230428500843,0.04152859822351203,0.08456356323847976,0.00015860283959640313,5,34,0.04227290756538412,0.24777025167835454,True,False,False,0.00012352495780335176,COMPLETE
1370,0.4377424597740174,2025-04-17 21:54:25.079204,2025-04-17 21:54:36.210934,0 days 00:00:11.131730,0.13374873275488033,0.9734385111517925,2,0.12463922226205632,0.025779173642951403,0.06169380733441443,0.04271671385392024,0.04631969055026395,0.08687500358269738,0.0004188103283851047,6,44,0.043994255989130523,0.25939747855947537,True,False,False,1.2914934753554034e-07,COMPLETE
1371,0.45579780340194703,2025-04-17 21:54:36.655870,2025-04-17 21:54:47.065991,0 days 00:00:10.410121,0.1963341271010901,0.9080089579766881,2,0.17679352872174675,0.03410578122451701,0.051371171477113196,0.04054506625098022,0.043647034009144076,0.08582855191795355,0.00022271290378342098,5,38,0.04013597273571166,0.267363245047136,True,False,False,0.00022497745826815577,COMPLETE
1372,0.42468831539154056,2025-04-17 21:54:47.518098,2025-04-17 21:54:55.637813,0 days 00:00:08.119715,0.16213390479881926,0.8667498048549187,8,0.15563859467772598,0.016293492824593563,0.08673236938158309,0.03738680715357344,0.05454436463524446,0.0931636384969201,0.00018285447365912845,8,41,0.037054959675774476,0.25337254572805923,True,False,False,6.933690209630824e-05,COMPLETE
1373,0.44406580924987793,2025-04-17 21:54:56.101276,2025-04-17 21:55:07.192616,0 days 00:00:11.091340,0.11816003201488107,0.8890210254594157,2,0.14509721365378372,0.025488991085276046,0.09050927408162432,0.046375597220621664,0.05076572513700848,0.08865202596571864,0.00028684114768348786,6,46,0.033768856071431874,0.27355118902407627,True,False,False,0.0001926750771463779,COMPLETE
1374,0.10248586535453796,2025-04-17 21:55:07.642007,2025-04-17 21:55:17.702619,0 days 00:00:10.060612,0.21404673839360638,0.9185462520994138,2,0.16107781344476355,0.031615005596348084,0.0836431463363459,0.04376498750777664,0.048417443309933174,0.09262363385458475,0.00020404820322376501,5,116,0.04453881326413342,0.24313471440845613,True,False,True,0.00010986658220117213,COMPLETE
1375,0.09234625697135926,2025-04-17 21:55:18.155913,2025-04-17 21:55:28.727047,0 days 00:00:10.571134,0.14658675691442632,0.8641936192400078,2,0.1347829140153394,0.02046858847187912,0.08805718795190229,0.046394257966889084,0.04413818418669226,0.08247242662745828,0.00013807378321033614,6,137,0.04140092440307357,0.2623389656400261,True,True,False,1.0079385301667332e-07,COMPLETE
1376,0.4510215282440186,2025-04-17 21:55:29.179529,2025-04-17 21:55:40.277416,0 days 00:00:11.097887,0.18029564101350054,0.8898664085603891,2,0.12770125922992762,0.03715248085465894,0.0846781160666227,0.03934021022940913,0.046593866835829896,0.09016270333099946,0.0002683957936222699,6,37,0.04243388783431032,0.256487713835038,True,False,False,0.00014248823303400176,COMPLETE
1377,0.43274934291839606,2025-04-17 21:55:40.724200,2025-04-17 21:55:52.418647,0 days 00:00:11.694447,0.08244697144358734,0.9051996672212224,2,0.20414254747300314,0.027942438338810188,0.08626407582549696,0.04236154345021759,0.05311208563585686,0.07808531554056874,0.0001018144492679967,7,31,0.045767463556518936,0.250311188895323,True,False,False,8.039928935741455e-07,COMPLETE
1378,0.09234625697135926,2025-04-17 21:55:52.866184,2025-04-17 21:56:03.190595,0 days 00:00:10.324411,0.23730112322847602,0.8735023152750944,2,0.16783855314428386,0.009761179668716351,0.08323784866494773,0.04448843876315983,0.049703846566574617,0.08800584469127071,0.00033814963422544976,5,41,0.03534307907965498,0.2668680784381647,True,False,False,1.2097157218954978e-06,COMPLETE
1379,0.42307997941970826,2025-04-17 21:56:03.655285,2025-04-17 21:56:27.473290,0 days 00:00:23.818005,0.14037135377869073,0.8564135033967485,2,0.15322372196730297,0.03427046459336441,0.08315576901423863,0.046304379410307406,0.042315376890702826,0.09054529958631906,0.00017850965991732178,27,34,0.039074607929323435,0.2719218718997929,True,False,False,9.944790499311071e-05,COMPLETE
1380,0.3571016848087311,2025-04-17 21:56:27.923569,2025-04-17 21:56:38.320178,0 days 00:00:10.396609,0.10359502707984054,0.9229288267867652,2,0.1478631414738365,0.024981041885956602,0.028947721808632712,0.041223542047413374,0.04562654978142259,0.09460198808131362,0.0002149525481457432,5,44,0.0012933618650828385,0.2594842237894015,False,False,False,0.00016315056264212067,COMPLETE
1381,0.45107876062393193,2025-04-17 21:56:38.773233,2025-04-17 21:56:49.924709,0 days 00:00:11.151476,0.0530471348538544,0.8841097309404123,2,0.16180932560383954,0.01652845238342913,0.08543023872177004,0.03218875387908636,0.048219559687971536,0.08622172671655984,0.00015325063854932104,6,37,0.04373460157196654,0.2480655396305228,True,False,False,7.89670087030503e-05,COMPLETE
1382,0.4542418658733368,2025-04-17 21:56:50.377229,2025-04-17 21:57:00.889701,0 days 00:00:10.512472,0.16268393383396457,0.9023551616787958,2,0.18868003494401336,0.03809749011359877,0.053783293557575704,0.044112820342010695,0.04020679935295678,0.09091700400661587,0.00024569622158660226,5,40,0.039248600099711345,0.27665531964918794,True,False,False,0.00013218159778662927,COMPLETE
1383,0.09234625697135926,2025-04-17 21:57:01.336340,2025-04-17 21:57:28.009748,0 days 00:00:26.673408,0.11971936005655734,0.9453154142254896,2,0.13848850815767524,0.029160351959052342,0.08768854922813167,0.038555049044463316,0.05559195809017478,0.08225348650808322,0.0003826934296509665,28,145,0.041817745117865235,0.23990400814964688,True,False,False,9.550890814202564e-05,COMPLETE
1384,0.4476439416408539,2025-04-17 21:57:28.458953,2025-04-17 21:57:39.600149,0 days 00:00:11.141196,0.14897887104319918,0.8557768755367858,2,0.13201625056759136,0.020879188509056575,0.08228506363219008,0.03620079322516083,0.05217225041879691,0.08483276190980027,0.0002890840241244474,6,43,0.040626892045392375,0.2646730796630324,True,False,False,2.4181285354991655e-08,COMPLETE
1385,0.3736241161823273,2025-04-17 21:57:40.067792,2025-04-17 21:57:47.265068,0 days 00:00:07.197276,0.17695536912631343,0.8781398641441632,16,0.15109792393372243,0.16130217487125073,0.048574364650882454,0.04633841288243879,0.05058178875435924,0.0878656670643317,0.00019536528128470868,5,47,0.03746972568645737,0.25241290005342715,True,False,False,1.8405358116723165e-07,COMPLETE
1386,0.4476539909839631,2025-04-17 21:57:47.716919,2025-04-17 21:57:58.793864,0 days 00:00:11.076945,0.21808431092337588,0.9228020200111885,2,0.15882720101540135,0.03582472558620941,0.08979382795194954,0.04246677311682825,0.04400772273990753,0.0799942486493806,0.00013002409147365177,6,36,0.04529126398696433,0.2591067195939585,True,False,False,0.00017133634699773617,COMPLETE
1387,0.4380295157432556,2025-04-17 21:57:59.247634,2025-04-17 21:58:10.937936,0 days 00:00:11.690302,0.24568339530551025,0.8973280352606338,2,0.16990205363553865,0.17900380184353237,0.0925038243871836,0.04416387649662784,0.047077250631977714,0.09589848439943602,0.00023501716111654368,7,32,0.04348398356196187,0.2697347906753608,True,False,False,6.246109135887756e-05,COMPLETE
1388,0.09234625697135926,2025-04-17 21:58:11.389822,2025-04-17 21:58:21.667748,0 days 00:00:10.277926,0.1924324968889495,0.8583672508440819,2,0.14518768458020428,0.004915550668252312,0.08465222446758704,0.040412320934165524,0.05343351475129634,0.09222535729997153,0.00049461610816891,5,39,0.041099909142026304,0.2769391363327761,True,False,False,0.00011861466929074827,COMPLETE
1389,0.44731734991073613,2025-04-17 21:58:22.119296,2025-04-17 21:58:33.356248,0 days 00:00:11.236952,0.15159364005348983,0.8780196090047383,2,0.14291891962954378,0.03061846709964329,0.08644071363014329,0.04745065162721599,0.04924969522620291,0.08845810523509161,0.00016211411596724675,6,43,0.044776676720326355,0.2546632302650806,True,False,False,1.9950380583265606e-06,COMPLETE
1390,0.43949555158615117,2025-04-17 21:58:33.825760,2025-04-17 21:58:45.451654,0 days 00:00:11.625894,0.13056772715704204,0.939205442338541,2,0.15071110219748685,0.03779461801684271,0.08248586028380467,0.04521134879189552,0.04542069523525112,0.08639470521557537,0.0002818064627314504,7,39,0.035542654811772656,0.24579768269552768,True,False,False,9.226094421754498e-07,COMPLETE
1391,0.4491525292396546,2025-04-17 21:58:45.906033,2025-04-17 21:58:56.328019,0 days 00:00:10.421986,0.10699096651513879,0.9088002519201911,2,0.1606280978619273,0.02452884659763533,0.08398200120746842,0.04167767403880193,0.050739546638931314,0.09395201000634094,0.00021077071012549298,5,35,0.06349258222048924,0.2644270062139623,True,False,False,1.2813820034922375e-06,COMPLETE
1392,0.3538399755954743,2025-04-17 21:58:56.780932,2025-04-17 21:59:06.441971,0 days 00:00:09.661039,0.07183031562367137,0.8546086118153355,2,0.15583746395691542,0.014125811509194421,0.08866674165244827,0.04696395149477963,0.04757520759798245,0.08489845172218594,0.0003431208356691494,5,29,0.03939980720949343,0.2586500026784864,True,False,True,5.436881776209088e-05,COMPLETE
1393,0.4484333753585815,2025-04-17 21:59:06.896324,2025-04-17 21:59:18.092672,0 days 00:00:11.196348,0.17904739052023988,0.8828254192125992,2,0.14094050101145753,0.042203825923913224,0.08222648756616854,0.043340217792295715,0.042766433292913845,0.09110441978935013,0.00018725692757735047,6,46,0.04237796210051753,0.2686347329592333,True,False,False,8.456778131001397e-05,COMPLETE
1394,0.22362528443336488,2025-04-17 21:59:18.546434,2025-04-17 21:59:28.150967,0 days 00:00:09.604533,0.25747424882092634,0.8982112030607426,2,0.17662019369918974,0.03092321261526159,0.08731055930642645,0.03967244519487125,0.07516110813414519,0.08990918117683493,0.00022837458790040226,5,42,0.04636143218949891,0.25316256181750874,True,True,False,0.00021114426141252392,COMPLETE
1395,0.4057930409908295,2025-04-17 21:59:28.605170,2025-04-17 21:59:36.374655,0 days 00:00:07.769485,0.13630257570565898,0.8660096938236879,8,0.11253308272544821,0.019836778666685033,0.08543854359764737,0.04523969663090613,0.054269119670755976,0.09815529219071722,0.00016035270340342898,6,37,0.037501662659688656,0.24010901790287378,True,False,False,2.7111845845117756e-06,COMPLETE
1396,0.44020851254463195,2025-04-17 21:59:36.843588,2025-04-17 21:59:52.185992,0 days 00:00:15.342404,0.09449129152604706,0.8487865986998379,2,0.15730318919042194,0.02650913226107042,0.09140728796319902,0.04777233435827597,0.0518422122248291,0.08783426588426065,0.00011838118422304183,13,40,0.04104951498727078,0.2625946832349983,True,False,False,0.00012968186491723037,COMPLETE
1397,0.4494819283485413,2025-04-17 21:59:52.642635,2025-04-17 22:00:03.051512,0 days 00:00:10.408877,0.16714188197172128,0.9173824253915805,2,0.12489143957606108,0.036973657106621455,0.08423594433764493,0.04235357629617073,0.056059992577646565,0.09272029935584751,0.0002852050612385979,5,34,0.04438440765507364,0.27979192226935584,True,False,False,0.00011118620119145021,COMPLETE
1398,0.45439109206199646,2025-04-17 22:00:03.512481,2025-04-17 22:00:14.579576,0 days 00:00:11.067095,0.12557043344625507,0.883300362966677,2,0.16259410344070896,0.031209248630270903,0.08208650283318898,0.03393436842559607,0.04525628241857592,0.07592705070788605,0.00024241426256113233,6,45,0.07290247774114847,0.24695302170317074,True,False,False,1.6438317441597085e-06,COMPLETE
1399,0.3542215347290039,2025-04-17 22:00:15.034584,2025-04-17 22:00:25.413527,0 days 00:00:10.378943,0.15583732201818498,0.8516761272633621,2,0.16736914076585338,0.04203684414147763,0.08861098822008516,0.03741541288164495,0.04096459980236724,0.08571477723090869,0.00039579257864068014,5,42,0.03844768000908977,0.2683777363313228,False,False,False,0.00016109462332501628,COMPLETE
1400,0.44900675415992736,2025-04-17 22:00:25.868685,2025-04-17 22:00:37.558082,0 days 00:00:11.689397,0.21870573884709593,0.9589331332340636,2,0.15182240409206216,0.02404965428322759,0.09587769032106958,0.04613662838315819,0.06827304881190949,0.08860555584822007,0.00019324728947218612,7,38,0.042141268947924776,0.2577008817414116,True,False,False,6.761487941687239e-08,COMPLETE
1401,0.45028160214424134,2025-04-17 22:00:38.034830,2025-04-17 22:00:49.158442,0 days 00:00:11.123612,0.1957013763804909,0.9301845462193574,2,0.14709871029660823,0.0344482035668412,0.0863808039922665,0.0439349088680448,0.048976361427444194,0.08314320321929691,0.00030805790658334944,6,48,0.046647266940591646,0.27335202394822683,True,False,False,8.971650061275995e-05,COMPLETE
1402,0.44152944087982177,2025-04-17 22:00:49.619445,2025-04-17 22:01:00.136273,0 days 00:00:10.516828,0.27098002447031905,0.8705125258280578,2,0.1965621560420617,0.042132597887804824,0.08207126126536525,0.04005701610382412,0.02612625778336829,0.02029914560815758,0.00014830198948228578,5,32,0.04029309161163118,0.25196172032101843,True,False,False,1.1683972121041865e-06,COMPLETE
1403,0.42218135595321654,2025-04-17 22:01:00.598179,2025-04-17 22:01:11.081416,0 days 00:00:10.483237,0.11192002698920017,0.8959937306523714,2,0.13691648099186868,0.011931290224438427,0.08403375709594471,0.04832794330097877,0.07247369455330373,0.0964907253663092,0.004779477349203207,5,40,0.043619493932811344,0.26669166291402957,True,False,False,7.946638265797133e-07,COMPLETE
1404,0.45534479618072515,2025-04-17 22:01:11.537283,2025-04-17 22:01:22.604995,0 days 00:00:11.067712,0.1366876565253497,0.8438650909817339,2,0.1812627684844452,0.028266923211812543,0.08997765273771217,0.04185563199910822,0.04709991464090291,0.09026841931457294,0.00023816608739999425,6,36,0.03081508643948566,0.2620710325014142,True,False,False,0.00014351181362360867,COMPLETE
1405,0.44964176416397095,2025-04-17 22:01:23.064897,2025-04-17 22:01:34.702659,0 days 00:00:11.637762,0.25163677924796723,0.903476816674096,2,0.1521675550421215,0.02182117165671195,0.08629153836847682,0.04493109416263254,0.043754176874200565,0.09390994004369514,0.00017740362764702452,7,44,0.0366034213505673,0.27921663376736217,True,False,False,6.842728306467538e-05,COMPLETE
1406,0.38947349786758423,2025-04-17 22:01:35.162178,2025-04-17 22:01:42.503300,0 days 00:00:07.341122,0.17546626281228134,0.8711237484874738,16,0.13109797382428523,0.036047718312756744,0.08202876533505285,0.04667967905739536,0.05062107326353748,0.09204229238738433,0.000264807476918584,6,41,0.07003466252104751,0.24745670282729743,True,False,False,1.6953281319460407e-07,COMPLETE
1407,0.4457267999649048,2025-04-17 22:01:42.977764,2025-04-17 22:01:55.340073,0 days 00:00:12.362309,0.20199498377221478,0.9315480485501247,2,0.16589427678466784,0.029667094537410767,0.08460316043977847,0.05561716989369914,0.0531429854391899,0.059848089836983705,0.00020329057938488345,8,37,0.045995308790333735,0.25540054274759494,True,False,False,0.00010839943273339616,COMPLETE
1408,0.3864680051803589,2025-04-17 22:01:55.799440,2025-04-17 22:02:06.325426,0 days 00:00:10.525986,0.1523821797354062,0.8879971553624159,2,0.17615531414241903,0.01722126774749271,0.08754389679064611,0.043503349787386486,0.048249938267857555,0.09987481432368459,0.00035278974055883127,5,34,0.004143151543494421,0.2720591045614821,True,False,False,0.0002253973772427476,COMPLETE
1409,0.4361315965652466,2025-04-17 22:02:06.786814,2025-04-17 22:02:17.303218,0 days 00:00:10.516404,0.062098372422138046,0.8502420693279592,2,0.10598137874991001,0.043714057600508366,0.0836494756574331,0.03870698598411736,0.04605835937764286,0.08149515813461823,0.00014442333873922444,5,46,0.03425684698319967,0.2599266464255102,True,False,False,0.00017985693987917456,COMPLETE
1410,0.45856494903564454,2025-04-17 22:02:17.758520,2025-04-17 22:02:28.841544,0 days 00:00:11.083024,0.08990825418775289,0.9148442199805198,2,0.1467779954841892,0.038404950269154664,0.08520801679060114,0.048601269936546135,0.049495209116031856,0.08579026725454823,0.00023085771215129822,6,39,0.06528286268983054,0.24284412153728566,True,False,False,2.399103986403605e-06,COMPLETE
1411,0.442254650592804,2025-04-17 22:02:29.300915,2025-04-17 22:02:40.998404,0 days 00:00:11.697489,0.07150025969121325,0.9567401114782689,2,0.13799905187764727,0.0334482450783958,0.0816553874054433,0.049642519455672315,0.050111896607920856,0.08243570075721247,0.0001756806091614682,7,43,0.04279592594275762,0.23965291068507685,True,False,False,1.7866371713243654e-06,COMPLETE
1412,0.3303686618804932,2025-04-17 22:02:41.475991,2025-04-17 22:02:52.147231,0 days 00:00:10.671240,0.08483225199705609,0.9392087950805998,2,0.1414069660612039,0.03830551401625548,0.09040384084465908,0.04900096598316553,0.0517959180736617,0.08358254571412449,0.00020746185721076915,7,40,0.06487924951123254,0.23311566799317943,True,False,True,3.746638967867234e-06,COMPLETE
1413,0.19208175241947176,2025-04-17 22:02:52.610557,2025-04-17 22:03:03.188052,0 days 00:00:10.577495,0.08392610938840905,0.9204184639880176,2,0.13106418192809646,0.028266775316112918,0.0933546463482095,0.05388950961023954,0.04924940024537597,0.08035953285848808,0.00010028748679493491,7,50,0.058322641331560815,0.23811376682894697,True,True,False,2.4071515569329657e-06,COMPLETE
1414,0.44380119442939764,2025-04-17 22:03:03.654827,2025-04-17 22:03:16.100804,0 days 00:00:12.445977,0.09252884642664301,0.9165586690123818,2,0.13629266192385434,0.03409789173375962,0.0857865099018564,0.05036636577524942,0.051032829507490184,0.08565914122937243,0.00016846071500125172,8,43,0.06374619183855415,0.23328740991176367,True,False,False,2.9426682893607647e-06,COMPLETE
1415,0.4477517008781433,2025-04-17 22:03:16.560430,2025-04-17 22:03:27.661917,0 days 00:00:11.101487,0.0980577650861561,0.9503418265801292,2,0.14732031478781166,0.02453687221338262,0.08826226862348424,0.04833144535427552,0.04831114189596555,0.084318426169823,0.00013042217515496594,6,46,0.03960540379678058,0.23760414963055246,True,False,False,4.301091930296166e-06,COMPLETE
1416,0.446112871170044,2025-04-17 22:03:28.136617,2025-04-17 22:03:39.750129,0 days 00:00:11.613512,0.07488317632945425,0.9288311744178921,2,0.14555345178406734,0.037552110004045236,0.0815190502207979,0.05278988882047813,0.05384623598542442,0.08611117972026658,0.00022381510380312927,7,39,0.06282466920266042,0.24320233082352355,True,False,False,2.4590626818807922e-06,COMPLETE
1417,0.4359690070152283,2025-04-17 22:03:40.228487,2025-04-17 22:03:51.332545,0 days 00:00:11.104058,0.05726206323618779,0.9071342647699885,2,0.1434942475814264,0.03294951390153031,0.0829162615163626,0.051600940492358555,0.04699144041488364,0.08821396372172875,0.0033017416238603618,6,41,0.06077286089127601,0.24367772085817296,True,False,False,2.0913886052334263e-06,COMPLETE
1418,0.38947172164916993,2025-04-17 22:03:51.792824,2025-04-17 22:03:59.564270,0 days 00:00:07.771446,0.1130549119913624,0.9712129900958745,8,0.1267297971744041,0.02764990327328802,0.08591516583109839,0.04928365230011207,0.05230174797039572,0.08475781746282171,0.00019180544052607867,7,37,0.04527898710156446,0.24204420006136831,False,False,False,2.2957599053944245e-06,COMPLETE
