number,value,datetime_start,datetime_complete,duration,params_alpha-eval,params_alpha-train,params_batch-size,params_eps-eval,params_eps-train,params_lambda-actions-eval,params_lambda-actions-train,params_lambda-frames-eval,params_lambda-frames-train,params_learning-rate,params_n-epochs,params_n-frames,params_radius-gw,params_rho,params_std-feats,params_ub-actions,params_ub-frames,params_weight-decay,state
622,0.4482039749622345,2025-04-17 19:34:50.568730,2025-04-17 19:35:02.245902,0 days 00:00:11.677172,0.5642047118514697,0.8031066427193508,2,0.279237597410058,0.04739492580432441,0.07287916319950287,0.04812746488121685,0.03807575561864791,0.008225056904261703,0.00021906517397001353,7,42,0.09417283921581233,0.23352881225929756,True,False,False,0.0001694864782980636,COMPLETE
623,0.45273223519325256,2025-04-17 19:35:02.442287,2025-04-17 19:35:13.429259,0 days 00:00:10.986972,0.5840681408969942,0.8038820835020998,2,0.28004587543368153,0.04360534206552358,0.07717658958184881,0.04710458116426197,0.036743005850363775,0.010284360487687952,0.00024208007282897575,6,38,0.093446580789108,0.23024332714283965,True,False,False,0.0001678154465823326,COMPLETE
624,0.45549520254135134,2025-04-17 19:35:13.637144,2025-04-17 19:35:24.635570,0 days 00:00:10.998426,0.5608496771376549,0.8028643671342446,2,0.28084991530855585,0.04079462209095591,0.07961015123440641,0.04710713322861289,0.03753983413795584,0.007690699700330686,0.0002308941847027198,6,38,0.09408417160516314,0.22923129248492027,True,False,False,0.00020504132955487885,COMPLETE
625,0.45161936879158027,2025-04-17 19:35:24.834790,2025-04-17 19:35:36.515910,0 days 00:00:11.681120,0.5623066598714398,0.7846538429743943,2,0.2788692644544393,0.041135208043662795,0.07674825931363052,0.052415841559584134,0.04216905384155708,0.008778309803454072,0.00022107200662099103,7,38,0.09420835675883286,0.228945717591029,True,False,False,0.00017916805195632973,COMPLETE
626,0.44821069240570066,2025-04-17 19:35:36.725764,2025-04-17 19:35:47.748406,0 days 00:00:11.022642,0.5954866483650019,0.7965091283750593,2,0.27768532126411727,0.04184773338031833,0.07379110197618537,0.04971688745609984,0.03872974838783143,0.006603095806144823,0.0002243930851258934,6,42,0.09371822839015606,0.22772107119585036,True,False,False,0.00021312150004693133,COMPLETE
627,0.11970827579498292,2025-04-17 19:35:47.947619,2025-04-17 19:35:55.134530,0 days 00:00:07.186911,0.5621967376942704,0.7794988152262227,8,0.2807613347634299,0.19444714805819113,0.07839388951866769,0.04758702008858006,0.03746089197767633,0.010403059998876007,0.00028251368263107756,6,38,0.09407777249712859,0.23217623558741446,True,False,True,0.000184587809070625,COMPLETE
628,0.09485182762145997,2025-04-17 19:35:55.343646,2025-04-17 19:36:05.395100,0 days 00:00:10.051454,0.5459048448089034,0.8119296237777041,2,0.28393025939823574,0.04218398964327146,0.07941672800670532,0.05079495406573168,0.03690814042694465,0.007961129574275413,0.0002705682533950817,6,42,0.09146452493700218,0.2265676311478709,True,True,False,0.00016274589196051817,COMPLETE
629,0.44571427106857303,2025-04-17 19:36:05.594214,2025-04-17 19:36:17.371572,0 days 00:00:11.777358,0.5871813578424434,0.8360313508399432,2,0.277593713317395,0.04596514853080512,0.07736402910557072,0.047299471268656815,0.040711690642811285,0.010813837945890695,0.0002606491632322111,7,37,0.09389984659944918,0.2346842470478968,True,False,False,0.00015022777704275532,COMPLETE
630,0.45670311450958256,2025-04-17 19:36:17.582255,2025-04-17 19:36:28.572129,0 days 00:00:10.989874,0.5298866046635219,0.7995699536255225,2,0.2833695715123692,0.04929901273547423,0.07479285655809041,0.048393111876671994,0.03594547754382732,0.011360960793149365,0.000213330783253458,6,38,0.09232594668741151,0.23843907747649173,True,False,False,0.00022272374498428005,COMPLETE
631,0.45762787461280824,2025-04-17 19:36:28.771842,2025-04-17 19:36:39.781683,0 days 00:00:11.009841,0.5327171437068362,0.8010048389730098,2,0.28321816183187126,0.043700400352984815,0.07968973225398734,0.04868064603325231,0.03931269292704173,0.011550600269627275,0.0002086543901176987,6,41,0.09415829134139445,0.2377431567234678,True,False,False,0.00020338717224183697,COMPLETE
632,0.45207396149635315,2025-04-17 19:36:39.995068,2025-04-17 19:36:51.766099,0 days 00:00:11.771031,0.530447808294447,0.7907155296466534,2,0.27727047869153765,0.03941143759617465,0.07177854741617996,0.04920561885894816,0.03984235976039221,0.006990936917344436,0.00021627889849889858,7,42,0.0938772699722911,0.23874145888332046,True,False,False,0.00018896806863667932,COMPLETE
633,0.4521645724773407,2025-04-17 19:36:51.965775,2025-04-17 19:37:02.994561,0 days 00:00:11.028786,0.3684940123029302,0.7794488738888778,2,0.28570306645555443,0.042450612430261964,0.07520085989402481,0.05135968201954626,0.036351550822959246,0.010840317383853602,0.000216221189384407,6,42,0.0938423508503835,0.24228731465550057,True,False,False,0.00021173723056068896,COMPLETE
634,0.3556570947170258,2025-04-17 19:37:03.210888,2025-04-17 19:37:14.232299,0 days 00:00:11.021411,0.5259112571296676,0.8163829358425443,2,0.2851038267800755,0.042992732874928954,0.07986626298368228,0.05362433600361498,0.03891298067683493,0.00920126042717738,0.0002665943059808716,6,44,0.09480869636591507,0.2366611546453695,False,False,False,0.000230742484586053,COMPLETE
635,0.44704117178916936,2025-04-17 19:37:14.433293,2025-04-17 19:37:26.054249,0 days 00:00:11.620956,0.5441818483635298,0.8287837204911664,2,0.2771567660255301,0.04745503213109907,0.07926880511380219,0.04650443554349497,0.0354635659042658,0.01119088480292453,0.0003032946068128225,7,41,0.09221785640700823,0.23812327595089106,True,False,False,0.00013744530616294565,COMPLETE
636,0.4580766260623932,2025-04-17 19:37:26.266889,2025-04-17 19:37:37.325732,0 days 00:00:11.058843,0.5123471648250356,0.800312195023119,2,0.2843120389690625,0.049578252170675824,0.08047740106675773,0.04818921074183187,0.04305338914844787,0.0075311311088800004,0.00021404415002819696,6,38,0.0947147129004193,0.24236252627930072,True,False,False,0.00015787814351376846,COMPLETE
637,0.4570778012275696,2025-04-17 19:37:37.527968,2025-04-17 19:37:48.573647,0 days 00:00:11.045679,0.5136757022568845,0.7980929409434557,2,0.27553566137037,0.04092673505965855,0.07486933436721768,0.04871303798891104,0.03822247490723109,0.006286543834481391,0.0002044018741032822,6,37,0.09485455783823885,0.24491559572606636,True,False,False,0.00019624073496137212,COMPLETE
638,0.44992508292198186,2025-04-17 19:37:48.789090,2025-04-17 19:38:00.311134,0 days 00:00:11.522044,0.5127714037565613,0.7773401259855812,2,0.27448133370223304,0.048420714905501316,0.074367136698407,0.04988207351574736,0.03866075714614861,0.005763779867102162,0.00021862799522182836,7,37,0.09578757800872056,0.245275429248979,True,False,False,0.00022203546300295104,COMPLETE
639,0.45505484938621527,2025-04-17 19:38:00.515628,2025-04-17 19:38:11.627632,0 days 00:00:11.112004,0.5095881379117849,0.8426843899357624,2,0.2843082485498473,0.04048615215368479,0.0805051645899176,0.051413589349663585,0.042805057696114354,0.007441573537078187,0.0002094671563819842,6,41,0.09500490643671039,0.24468789281280443,True,False,False,0.00022211152003311465,COMPLETE
640,0.3549604654312134,2025-04-17 19:38:11.841322,2025-04-17 19:38:23.926965,0 days 00:00:12.085643,0.5107628116244753,0.8442535705193208,2,0.26914771975707596,0.039815330315795046,0.08069607877704554,0.05518681167761468,0.04166082230157549,0.007526854965748814,0.00020161855716496012,7,93,0.09438418674070809,0.24536118149394318,True,False,False,0.00021610174603301914,COMPLETE
641,0.4532185256481171,2025-04-17 19:38:24.132408,2025-04-17 19:38:35.276673,0 days 00:00:11.144265,0.5059835803139314,0.8267351451032049,2,0.2829270551297472,0.0390280025031935,0.07966421311751055,0.05289277864814783,0.04523365340409505,0.005867885570111206,0.0002140247806284989,6,45,0.09526255378183314,0.24295381540168426,True,False,False,0.0002173167736814869,COMPLETE
642,0.4527101755142212,2025-04-17 19:38:35.490765,2025-04-17 19:38:46.669837,0 days 00:00:11.179072,0.5001393900659923,0.8526543040549778,2,0.2769176871629378,0.040088859774974034,0.07987846690176634,0.052175316811478176,0.045482355726499085,0.004939810394733899,0.00021292006458043883,6,48,0.09512919742138512,0.24090004414891164,True,False,False,0.0002105591061889226,COMPLETE
643,0.3106057167053223,2025-04-17 19:38:46.876129,2025-04-17 19:38:58.778741,0 days 00:00:11.902612,0.5141916892891405,0.8352771456693285,2,0.28258522078801873,0.040196894059628924,0.07102707337545942,0.05747859544298413,0.04384442002603395,0.006721853409269339,0.0002036474301597099,7,72,0.09547223242524396,0.24839852437693632,True,False,False,0.0002241764689146886,COMPLETE
644,0.4441561341285706,2025-04-17 19:38:58.997922,2025-04-17 19:39:10.100137,0 days 00:00:11.102215,0.519626382303222,0.7786199722754638,2,0.07288269300612664,0.03972044790003147,0.0760335188341019,0.05360440163666419,0.04287454418142907,0.007315961962232326,0.00027172367889866583,6,45,0.09470516973158745,0.2431703900655797,True,False,False,0.00021612555777832115,COMPLETE
645,0.452352511882782,2025-04-17 19:39:10.304079,2025-04-17 19:39:21.364849,0 days 00:00:11.060770,0.5028544795353247,0.797599731159076,2,0.27415571268185485,0.03942023525228697,0.07802065999266272,0.050872151906690075,0.047977201122164845,0.00841480870435977,0.00023643564249360339,6,43,0.09599986019494423,0.2438754923970058,True,False,False,0.00015466324668090073,COMPLETE
646,0.10336093306541444,2025-04-17 19:39:21.579176,2025-04-17 19:39:32.194192,0 days 00:00:10.615016,0.5269707662801661,0.8208848863962059,2,0.28242000321954963,0.04702821633725555,0.07476106834160445,0.051605448606990754,0.04311851552435317,0.005280647457789445,0.00020496712551867376,7,46,0.09497277745657935,0.23178361355419314,True,False,True,0.00023982738182740397,COMPLETE
647,0.44486258625984193,2025-04-17 19:39:32.414238,2025-04-17 19:39:43.523928,0 days 00:00:11.109690,0.5609640518302909,0.8371879377631285,2,0.09302995999041405,0.04585802588143254,0.07999541121842442,0.04918981129056604,0.04124648420909214,0.008954236424755374,0.00027505876474486824,6,42,0.0925529436832461,0.2392314239528612,True,False,False,0.00019709290164065784,COMPLETE
648,0.10018753111362458,2025-04-17 19:39:43.729316,2025-04-17 19:39:53.817643,0 days 00:00:10.088327,0.5054800664434695,0.7665003106525464,2,0.28423865135551607,0.039234372735035696,0.0817204879070348,0.049271645385262706,0.03823053988524134,0.005675200342840766,0.000200402454723585,6,44,0.09386384884046597,0.22764812070918705,True,True,False,0.00015918601928605004,COMPLETE
649,0.40698178410530095,2025-04-17 19:39:54.036217,2025-04-17 19:40:01.879249,0 days 00:00:07.843032,0.46531529766464785,0.8005624760839444,8,0.2688035746615412,0.044950729563007406,0.07814872679352901,0.05596026003755879,0.04529413246325727,0.00932845695086523,0.0002457606943291365,6,41,0.09664567850254677,0.2416729785732652,True,False,False,0.00013411003530719575,COMPLETE
650,0.445085895061493,2025-04-17 19:40:02.084195,2025-04-17 19:40:13.794989,0 days 00:00:11.710794,0.531584681629168,0.7809761836488677,2,0.2746810586756036,0.047098153497958845,0.08180876851745299,0.048067487409928,0.04045394222750507,0.0028289818461832896,0.0002055415796710763,7,47,0.09267328847957532,0.2460730618082536,True,False,False,0.0001852212925455193,COMPLETE
651,0.439795333147049,2025-04-17 19:40:14.014468,2025-04-17 19:40:25.036915,0 days 00:00:11.022447,0.5645800339930552,0.8204326885393931,2,0.28636069834440553,0.0392132163632408,0.07582455826400969,0.05269601225979713,0.04042105148838672,0.00759603194515792,0.0022593224506485985,6,41,0.09471508510531788,0.23474533246213009,True,False,False,0.0002216336158388737,COMPLETE
652,0.4465020418167115,2025-04-17 19:40:25.247407,2025-04-17 19:40:36.932161,0 days 00:00:11.684754,0.4380493250405224,0.8469742398242931,2,0.278447118849365,0.05085728965566104,0.08032180798400898,0.05036960625216805,0.04342381931800269,0.011129201405620263,0.0002917616039982229,7,43,0.09157385007567057,0.22557320622948376,True,False,False,0.00014074246150146708,COMPLETE
653,0.4069997966289521,2025-04-17 19:40:37.152595,2025-04-17 19:40:48.106605,0 days 00:00:10.954010,0.49672987861055945,0.8041436523505568,2,0.285173806812879,0.04510860609745151,0.0724766809164684,0.05463979428729922,0.03892113881522487,0.00634500816788958,0.0002472595817700747,6,37,0.09690392990167201,0.24746505830340948,False,False,False,0.00017298911603516443,COMPLETE
654,0.4561031818389893,2025-04-17 19:40:48.315780,2025-04-17 19:40:59.377792,0 days 00:00:11.062012,0.5196562216934293,0.8754709610312229,2,0.28057177339590433,0.03899004194869016,0.07825057511054537,0.04770726099851904,0.04729035457012074,0.011549522641787054,0.00018180739382970998,6,41,0.09466569140246048,0.2365902203801823,True,False,False,0.00022325037284141264,COMPLETE
655,0.4502110779285431,2025-04-17 19:40:59.601483,2025-04-17 19:41:10.561067,0 days 00:00:10.959584,0.5437514237906418,0.9076308745042155,2,0.27030934299394643,0.04142461065582749,0.0768562570178121,0.04814329184646502,0.048226876266906075,0.009735451559743242,0.0001781280067522909,6,40,0.09557976511394622,0.23369810009251435,True,False,False,0.0002482342927509438,COMPLETE
656,0.44997748732566833,2025-04-17 19:41:10.771532,2025-04-17 19:41:22.451674,0 days 00:00:11.680142,0.4795308637619289,0.8688201120564972,2,0.2745453667425631,0.03683106323344291,0.07864546549396745,0.046106265836875354,0.046250027837900054,0.011035074264070502,0.0001862909104217864,7,37,0.0977136669028593,0.22856819988289945,True,False,False,0.0001797768403124188,COMPLETE
657,0.4376372039318085,2025-04-17 19:41:22.674319,2025-04-17 19:41:33.871129,0 days 00:00:11.196810,0.5082892850876686,0.8894743618987309,2,0.2774218685011464,0.10892546015631407,0.07398262927113824,0.050700902691699995,0.04383907555394888,0.0045344196307658124,0.00021886829514794733,6,45,0.09364443566862904,0.23617331822573379,True,False,False,0.00024602467440048236,COMPLETE
658,0.4501031279563904,2025-04-17 19:41:34.079332,2025-04-17 19:41:45.015857,0 days 00:00:10.936525,0.5676975982070943,0.8719313623236425,2,0.04205473895420131,0.03616405325621831,0.07962442166599026,0.04825452290215807,0.040965607093740385,0.008162165250516924,0.00018395952275084793,6,37,0.09513551350162136,0.23845458259565705,True,False,False,0.00023128025977995278,COMPLETE
659,0.4439044535160065,2025-04-17 19:41:45.234885,2025-04-17 19:41:57.025483,0 days 00:00:11.790598,0.5255460367874988,0.8329178714863165,2,0.2827600803761837,0.05157214390651074,0.07780241337062033,0.04575168171673501,0.052141884043777384,0.012104885681168884,0.00022720320513470104,7,51,0.09235155121318776,0.2257004192958249,True,False,False,0.00020366241802309136,COMPLETE
660,0.4548642098903656,2025-04-17 19:41:57.235412,2025-04-17 19:42:08.312037,0 days 00:00:11.076625,0.4993906790984054,0.7897563341112507,2,0.28071028604805187,0.03955730659350325,0.08279771253971198,0.04715754776466926,0.04740429720204348,0.009181483804536514,0.00028244624561368624,6,40,0.09296287988220907,0.2467716642284048,True,False,False,0.0001430286588674014,COMPLETE
661,0.45588443875312806,2025-04-17 19:42:08.532739,2025-04-17 19:42:19.569432,0 days 00:00:11.036693,0.4639741898278985,0.7689303351375665,2,0.26762112763164236,0.04393497727255943,0.08268839855746436,0.047848425969636205,0.047538493663474804,0.009081892196056929,0.00029531949909395323,6,40,0.09229046142275812,0.2482486392283859,True,False,False,1.9538280216700278e-06,COMPLETE
662,0.44631336927413945,2025-04-17 19:42:19.782305,2025-04-17 19:42:31.423700,0 days 00:00:11.641395,0.4633279499468373,0.7624793524037108,2,0.26799960419068775,0.043586283744678024,0.08293547986677911,0.0484082583919017,0.052192954449455826,0.0089532201586723,0.0002992025475415634,7,36,0.09325462345891594,0.24862548319202926,True,False,False,2.633546670603773e-06,COMPLETE
663,0.44923707842826843,2025-04-17 19:42:31.646323,2025-04-17 19:42:42.681184,0 days 00:00:11.034861,0.44000896215953217,0.7850794622077484,2,0.05162686979371449,0.03807994715641688,0.07575669656779367,0.0480519643948506,0.049434177491760295,0.009887212272248919,0.0002635581864400718,6,40,0.09279257484171896,0.25372106791852295,True,False,False,1.5215856580681936e-06,COMPLETE
664,0.4487805187702179,2025-04-17 19:42:42.891580,2025-04-17 19:42:55.186212,0 days 00:00:12.294632,0.4726227325153218,0.7654031178039344,2,0.26837906264682554,0.04442614116502305,0.08286852088979993,0.046226344959787904,0.0476915331812099,0.012096821702287527,0.00025941709163908387,8,37,0.09209451459197548,0.24821740098958386,True,False,False,4.31704999388039e-06,COMPLETE
665,0.44601089358329776,2025-04-17 19:42:55.409518,2025-04-17 19:43:07.125648,0 days 00:00:11.716130,0.4554238566069054,0.7862840510842438,2,0.27527881654741065,0.03628148856265183,0.08102872048534458,0.049592556679746075,0.041711948176674625,0.007831296286144596,0.00017377882688350004,7,43,0.09559182861086357,0.25447063842310724,True,False,False,1.8104052011929827e-06,COMPLETE
666,0.09844070971012117,2025-04-17 19:43:07.347807,2025-04-17 19:43:17.497383,0 days 00:00:10.149576,0.4905567040410236,0.7943424138301793,2,0.27918049069025835,0.05237881779738588,0.07745178419628738,0.04670640777073924,0.05054523467774274,0.010520868556746341,0.00029626532759031353,6,40,0.09792527965677647,0.24523182988154074,True,False,True,3.7279328803564244e-06,COMPLETE
667,0.1000633180141449,2025-04-17 19:43:17.711308,2025-04-17 19:43:27.751791,0 days 00:00:10.040483,0.4227356829139724,0.808426260170923,2,0.27473434557876264,0.0447417287447252,0.07286559023835372,0.051092964518110184,0.04720995960106818,0.0066570304192932125,0.0002226762780132809,6,48,0.09377915764592469,0.23930924568315493,True,True,False,2.6627000520207745e-06,COMPLETE
668,0.4436415612697602,2025-04-17 19:43:27.974627,2025-04-17 19:43:39.648555,0 days 00:00:11.673928,0.49576938924336933,0.7579496804094572,2,0.2863820148684456,0.05227924419793272,0.08245750045712966,0.04518580251549513,0.044544445263615014,0.012379660444223116,0.00030384130787848877,7,36,0.06184291566443603,0.2609096770261995,True,False,False,1.5124808454881296e-06,COMPLETE
669,0.3559943616390228,2025-04-17 19:43:39.861655,2025-04-17 19:43:51.146420,0 days 00:00:11.284765,0.23664409236382944,0.8527606883260409,2,0.2680701038717564,0.17638282928496404,0.06734642724431619,0.04907604534541978,0.04748236319875455,0.008839931045234487,0.0014029891133799674,6,76,0.09222022985434526,0.23122699735348884,True,False,False,0.00013996832996092135,COMPLETE
670,0.4551440477371216,2025-04-17 19:43:51.374922,2025-04-17 19:44:02.417032,0 days 00:00:11.042110,0.46918786709000204,0.7701312855642585,2,0.2885166629468632,0.03739637831749343,0.07873167066489128,0.04772315621044963,0.037466877927399334,0.010819992008919718,0.00025265821760256466,6,41,0.09710060854793781,0.24991621577713438,True,False,False,0.00010950090707911469,COMPLETE
671,0.39942454099655156,2025-04-17 19:44:02.630397,2025-04-17 19:44:10.373858,0 days 00:00:07.743461,0.44116752255092995,0.776186622116517,8,0.28727988324551523,0.2857033427518737,0.07951200385929126,0.05086522330951183,0.0429875372451034,0.011923667999236774,0.0002768147803158721,6,44,0.09737568866164015,0.2583269502588413,True,False,False,0.0001011287940912357,COMPLETE
672,0.34773144721984867,2025-04-17 19:44:10.597788,2025-04-17 19:44:22.211206,0 days 00:00:11.613418,0.4718579294456516,0.7514838795138715,2,0.28825165524802915,0.0353371542786981,0.07840840463148939,0.04494797661739354,0.04013078279618829,0.006860126133065823,0.00017422831970594806,7,42,0.09703190569528858,0.24703953481339122,False,False,False,2.5836526125818523e-06,COMPLETE
673,0.3037680685520172,2025-04-17 19:44:22.423812,2025-04-17 19:44:33.910914,0 days 00:00:11.487102,0.4826980247098268,0.7750531952442653,2,0.2885269508205753,0.036098121342952996,0.0812650956069253,0.04811995138405313,0.03863264905463369,0.003916540712537734,0.00025360697734217445,6,111,0.09839934659338302,0.2528367349839749,True,False,False,1.846421501119954e-06,COMPLETE
674,0.4567915141582489,2025-04-17 19:44:34.137250,2025-04-17 19:44:44.533951,0 days 00:00:10.396701,0.4014311247766101,0.8234774709582442,2,0.2807091259893525,0.040262471035721885,0.08256463385865818,0.04447418493244103,0.04895654308576413,0.009125831361334562,0.00030850868396710174,5,37,0.09558623636730387,0.25222784813416077,True,False,False,0.0001099388542008809,COMPLETE
675,0.4532108068466187,2025-04-17 19:44:44.747598,2025-04-17 19:44:55.216505,0 days 00:00:10.468907,0.3762134914308234,0.8260050930284354,2,0.27292711617144255,0.034536727256438395,0.08312989872524765,0.044679327654642595,0.05290579557467889,0.009038333943227424,0.00030042490178127024,5,47,0.0965770531652576,0.2508296324193209,True,False,False,2.114046313581144e-06,COMPLETE
676,0.4504571080207825,2025-04-17 19:44:55.441282,2025-04-17 19:45:05.848887,0 days 00:00:10.407605,0.45872015854446613,0.8801577180607949,2,0.279176266433701,0.03992750110708539,0.080508712809202,0.04666995695437938,0.05021246679345194,0.012560188090019188,0.0002896169917875107,5,38,0.09876382216974051,0.2616309861254018,True,False,False,0.00012179508885938688,COMPLETE
677,0.45980064868927006,2025-04-17 19:45:06.061988,2025-04-17 19:45:16.579297,0 days 00:00:10.517309,0.4112790452728598,0.8488393248343622,2,0.2778546811729963,0.04075813348453138,0.0822655925668727,0.04431708229513863,0.04914753923407022,0.008179606170422906,0.00031657195840336375,5,41,0.09526787575258201,0.25349481718314204,True,False,False,0.00010198236704360165,COMPLETE
678,0.45183961987495425,2025-04-17 19:45:16.808884,2025-04-17 19:45:27.336680,0 days 00:00:10.527796,0.3634484201609145,0.8484591072667667,2,0.26522449473859194,0.03202332928359201,0.08311916429906986,0.04881988516081257,0.04822918584420549,0.007708923311971908,0.0003095193765292629,5,44,0.09525303194193765,0.2678521289633534,True,False,False,0.00011417719774247691,COMPLETE
