number,value,datetime_start,datetime_complete,duration,params_alpha-eval,params_alpha-train,params_batch-size,params_eps-eval,params_eps-train,params_lambda-actions-eval,params_lambda-actions-train,params_lambda-frames-eval,params_lambda-frames-train,params_learning-rate,params_n-epochs,params_n-frames,params_radius-gw,params_rho,params_std-feats,params_ub-actions,params_ub-frames,params_weight-decay,state
1353,0.3771327614784241,2025-04-10 23:01:01.095258,2025-04-10 23:01:07.792730,0 days 00:00:06.697472,0.3210542315567187,0.04636939688515037,16,0.033772365774069654,0.03221068246968377,0.08010224589408566,0.07717822563323701,0.044578637194955084,0.02853055038401212,0.00016634228322038347,5,54,0.05803746054313223,0.040832297074751334,True,True,False,3.570982799916522e-07,COMPLETE
1354,0.4179442882537842,2025-04-10 23:01:08.246594,2025-04-10 23:01:14.961332,0 days 00:00:06.714738,0.34965712092136303,0.13320989405215455,16,0.006001593355101873,0.018824662248634053,0.09210023839751386,0.06740622243277636,0.03973113706444569,0.018684150393049062,7.388074723602228e-05,6,42,0.06384748165030661,0.05014818102036233,True,True,False,3.087468113993988e-08,COMPLETE
1355,0.39801812767982486,2025-04-10 23:01:15.402298,2025-04-10 23:01:22.042646,0 days 00:00:06.640348,0.21853227165683134,0.17090295851326515,16,0.0427792455731049,0.0095729832253308,0.08393124047752376,0.07246108100173396,0.0490876566865784,0.02260580286051877,3.613912593676828e-05,5,49,0.05615211034441207,0.06553425806538404,True,True,False,1.8947463944703411e-07,COMPLETE
1356,0.38731046915054324,2025-04-10 23:01:22.481406,2025-04-10 23:01:29.764206,0 days 00:00:07.282800,0.2639454886319036,0.08902373559734286,16,0.06999617796748514,0.027240040487893396,0.08729128284195,0.08161745982135242,0.0365875917474907,0.01605400668598819,9.315073831888559e-05,12,40,0.06888404845154686,0.1355270279637455,True,True,False,1.338081898326418e-07,COMPLETE
1357,0.32910035252571107,2025-04-10 23:01:30.202217,2025-04-10 23:01:37.078673,0 days 00:00:06.876456,0.5682914192825553,0.06815804408602798,16,0.04905323061821036,0.016808964329691537,0.09400008791533297,0.0757955610255738,0.042044497798766484,0.009047460226428099,0.00012415602742310594,7,57,0.05135700647256376,0.0735956682335319,True,True,False,7.789315865094305e-08,COMPLETE
1358,0.3978062450885773,2025-04-10 23:01:37.513005,2025-04-10 23:01:44.246673,0 days 00:00:06.733668,0.730521705501791,0.10194730747994138,16,0.029100592092895734,0.0070470616929770285,0.08190477396744317,0.07798874683317376,0.04413788764911722,0.02046249441577837,8.01414913208325e-05,6,45,0.05883362717532289,0.056848064713959104,True,True,False,4.485603539075524e-08,COMPLETE
1359,0.3121431648731232,2025-04-10 23:01:44.684814,2025-04-10 23:01:51.681044,0 days 00:00:06.996230,0.23611828669712606,0.030984312176734016,16,0.059834942004606664,0.02333728711199939,0.08997970316579394,0.07419783082665438,0.09793105678113215,0.029143196908706502,0.00010586096054027924,8,48,0.06615260296725735,0.032194323976223765,True,True,False,0.00047210263184439935,COMPLETE
1360,0.237232181429863,2025-04-10 23:01:52.137891,2025-04-10 23:01:58.567580,0 days 00:00:06.429689,0.19593774302743883,0.07964869799197248,16,0.26980878509912753,0.03844231595682634,0.09980976524115248,0.07025110307190802,0.03825760828199409,0.026144762368383482,5.710944781335169e-05,5,43,0.06177691491868522,0.04512327900048865,True,True,False,1.0456249986074277e-07,COMPLETE
1361,0.418413645029068,2025-04-10 23:01:59.012051,2025-04-10 23:02:05.760930,0 days 00:00:06.748879,0.2906517330318196,0.1367931445060938,16,0.013898381170423569,0.01269402825740568,0.08478964160521867,0.08011670269070274,0.04020562593038404,0.031483643133478546,6.925874826892316e-05,6,53,0.07301899826004807,0.062478592147380003,True,True,False,2.390136868180633e-07,COMPLETE
1362,0.4259022474288941,2025-04-10 23:02:06.204355,2025-04-10 23:02:12.806420,0 days 00:00:06.602065,0.2658814082130364,0.11259388794942624,16,0.03851350658970741,0.02072967594987031,0.07654930294224199,0.07246738448685922,0.04820658275985749,0.023834583375439176,9.116582166424401e-05,5,38,0.06367971167609486,0.05299490367820513,True,True,False,6.058656476491099e-08,COMPLETE
1363,0.12837699353694915,2025-04-10 23:02:13.248896,2025-04-10 23:02:19.872732,0 days 00:00:06.623836,0.3196772240419269,0.0599699631888923,16,0.18375144229907103,0.26540695504255957,0.09698778007290754,0.07643111361651092,0.09328522167067385,0.027864217233883586,0.00011777284589050636,6,47,0.06029212273986809,0.04059443258728522,True,True,False,2.1819190818176207e-05,COMPLETE
1364,0.230858051776886,2025-04-10 23:02:20.315981,2025-04-10 23:02:32.440600,0 days 00:00:12.124619,0.24158517321068015,0.10003948915420971,2,0.052845384374026604,0.005320483676345922,0.09162663480765885,0.07809440452305359,0.0901117199141972,0.020806786906798533,7.99836648493176e-05,10,42,0.06743247616825858,0.02376398142648197,True,True,False,1.5838519129047396e-07,COMPLETE
1365,0.3156191289424896,2025-04-10 23:02:32.881394,2025-04-10 23:02:39.524321,0 days 00:00:06.642927,0.2161345791165492,0.15408931997878167,16,0.04363457176392423,0.01325737899998895,0.08819548908092674,0.06867591816832942,0.035288933546961596,0.01834652277323287,0.00015132729784361518,5,51,0.057394518056369304,0.04852509324611861,True,True,False,2.3371944648220776e-08,COMPLETE
1366,0.4213264524936676,2025-04-10 23:02:39.960689,2025-04-10 23:02:46.729662,0 days 00:00:06.768973,0.29744228521473837,0.428436513249176,16,0.03377234304295121,0.02912807197721646,0.08591465983782379,0.07478212628365705,0.04580379477248095,0.006154469267948638,6.234903834390353e-05,6,44,0.05487426566278077,0.0685223552039377,True,True,False,9.34103084352626e-08,COMPLETE
1367,0.2552443027496338,2025-04-10 23:02:47.190544,2025-04-10 23:02:55.629249,0 days 00:00:08.438705,0.25066330056878616,0.03884484239218642,16,0.047674551016596456,0.01986527528925556,0.07299503686084274,0.07199860612999408,0.04178719328981562,0.014027085626710246,9.824536634156233e-05,25,35,0.06508442040497468,0.03571239197160642,True,True,False,1.2538195337068318e-07,COMPLETE
1368,0.2001010298728943,2025-04-10 23:02:56.073688,2025-04-10 23:03:03.017687,0 days 00:00:06.943999,0.18839765688629434,0.08007325833053915,16,0.06241896024921861,0.01180749860340891,0.07908966978579568,0.08247653313015002,0.043459816458674985,0.030718161442321375,4.213837594498783e-05,9,61,0.06231705487155774,0.05917935174262497,False,False,True,3.2797014187276725e-08,COMPLETE
1369,0.42239544987678534,2025-04-10 23:03:03.471078,2025-04-10 23:03:10.102727,0 days 00:00:06.631649,0.2746970881686403,0.1259820115797446,16,0.022057242110796033,0.026274939687389448,0.08315849129979823,0.08896508540764883,0.03861374309042863,0.024896812364075628,0.00011447531162267695,5,40,0.059322891285925085,0.07904721632725176,True,True,False,4.1559560465228884e-08,COMPLETE
1370,0.3201898157596588,2025-04-10 23:03:10.540333,2025-04-10 23:03:17.804230,0 days 00:00:07.263897,0.15856203257647802,0.06619775879321438,8,0.05278841541925733,0.0005315799326518662,0.08920702438862337,0.07886074942105412,0.03683708307286675,0.02729110609414732,5.084003332930589e-05,7,47,0.07544105456118506,0.052928644751634744,True,True,False,7.647888690591826e-08,COMPLETE
1371,0.4347546756267548,2025-04-10 23:03:18.245901,2025-04-10 23:03:24.939316,0 days 00:00:06.693415,0.22548225130809993,0.09524076345193246,16,0.040653224594538226,0.036758627965984406,0.09423974664792673,0.0739238465457397,0.09510790359065605,0.021972014321806115,6.977855069923141e-05,6,45,0.06322773446119603,0.04351284973252201,True,True,False,1.9084917479859101e-07,COMPLETE
1372,0.36666719317436225,2025-04-10 23:03:25.379810,2025-04-10 23:03:32.226018,0 days 00:00:06.846208,0.1809835908505764,0.13279645030652548,16,0.044687090779799835,0.040373807181957044,0.0952409110740716,0.07598818309046036,0.09749626561666878,0.02211154906722127,4.789477383733128e-05,7,43,0.06552600412482207,0.030063924904335654,True,True,False,3.590832435238552e-07,COMPLETE
1373,0.3512771487236023,2025-04-10 23:03:32.690209,2025-04-10 23:03:39.587642,0 days 00:00:06.897433,0.19751223788831287,0.11442300596443669,16,0.05664083307032073,0.04810624877134996,0.09556524599540127,0.07450542302158371,0.09746743420018562,0.02057426105215521,5.587652264811202e-05,8,40,0.06463727271424004,0.0380613433291678,True,True,False,2.6375891461349093e-07,COMPLETE
1374,0.42556946277618407,2025-04-10 23:03:40.035751,2025-04-10 23:03:46.871211,0 days 00:00:06.835460,0.2159960338937207,0.09708643246708223,16,0.04928438015690165,0.04604273002614949,0.09643663108440256,0.07693695260611208,0.09961557259202833,0.019198847699558576,6.469235119619175e-05,7,45,0.06774196618413172,0.03923060323251144,True,True,False,2.2548637015608684e-07,COMPLETE
1375,0.3509737610816956,2025-04-10 23:03:47.319213,2025-04-10 23:03:54.090483,0 days 00:00:06.771270,0.20562060990986228,0.15805240900807085,16,0.045037080649403975,0.04420017377735629,0.09335889782212586,0.07401092689338848,0.09612845832050954,0.022402472274916933,4.417943722880522e-05,7,38,0.06354097587897715,0.041450008287955066,True,True,False,2.996036296379973e-07,COMPLETE
1376,0.3419325351715088,2025-04-10 23:03:54.538839,2025-04-10 23:04:01.360519,0 days 00:00:06.821680,0.16261920437779365,0.12009420420792273,16,0.052178465557368534,0.04007199229418215,0.0979056852309261,0.07546602862289574,0.09855264535569658,0.02034792288958417,6.0794948866565094e-05,7,45,0.06595418265214714,0.033273553162364224,True,True,False,5.1279761956120196e-08,COMPLETE
1377,0.11501126736402513,2025-04-10 23:04:01.804052,2025-04-10 23:04:08.538040,0 days 00:00:06.733988,0.22195259325515662,0.14542366744466234,16,0.21897761543119967,0.03689531604444046,0.09428902037097235,0.07762735924503894,0.09304691513324997,0.017008070254577564,7.0005631375542e-05,7,42,0.0630661242218904,0.044633760354961645,True,True,False,2.0850433548612086e-07,COMPLETE
1378,0.3369908332824707,2025-04-10 23:04:08.984086,2025-04-10 23:04:15.950235,0 days 00:00:06.966149,0.18380543842315317,0.09910301175710937,16,0.06314445399909388,0.05459140082628314,0.09396167823566802,0.07971005302050317,0.09390018432946035,0.018555217217625812,3.3890020376118425e-05,8,45,0.06991726951213141,0.1983169142189624,True,True,False,6.395690011225892e-08,COMPLETE
1379,0.4166907608509064,2025-04-10 23:04:16.418076,2025-04-10 23:04:23.194678,0 days 00:00:06.776602,0.2040578543078417,0.10501061795298543,16,0.040883642207848916,0.03603861265744558,0.09745608720335586,0.010424833046470586,0.09473072054862469,0.022187272207923003,5.2891898556674826e-05,6,41,0.06711187285148787,0.03682152833073861,True,True,False,2.9143218210075035e-08,COMPLETE
1380,0.3595130264759064,2025-04-10 23:04:23.642204,2025-04-10 23:04:30.413456,0 days 00:00:06.771252,0.2259653261212315,0.12888082334299847,16,0.054159916468766556,0.035731655042379865,0.09280758476382106,0.07376485793794013,0.09202267767164307,0.023835980475313847,7.021832937483749e-05,6,47,0.06428585646512432,0.026953730399491317,True,True,False,3.8952402014781704e-08,COMPLETE
1381,0.39962388277053834,2025-04-10 23:04:30.863592,2025-04-10 23:04:37.641568,0 days 00:00:06.777976,0.2419043578070371,0.5383475799264172,16,0.046541376630695096,0.031541205728430284,0.09543253579925286,0.07618909929805015,0.09503052755196405,0.020870006996490793,7.703903886402087e-05,6,37,0.062149125221305876,0.0465800792351252,True,True,False,1.574911826534214e-07,COMPLETE
1382,0.4015364229679108,2025-04-10 23:04:38.086027,2025-04-10 23:04:44.871129,0 days 00:00:06.785102,0.3420499553048711,0.0782264366280925,16,0.03943842707600249,0.04354629668121516,0.09848287226988355,0.07753849745098274,0.096099430500071,0.02307299774375158,5.234658373937855e-05,7,43,0.06548227099019617,0.043095310915584356,True,True,False,8.909950309145132e-08,COMPLETE
1383,0.2755795598030091,2025-04-10 23:04:45.318466,2025-04-10 23:04:52.064592,0 days 00:00:06.746126,0.17636521348837267,0.16719057624384848,16,0.05714082185228464,0.03355895980004846,0.09221901720304664,0.08096009987243664,0.09044544805491674,0.017136578209190494,6.0987692762714446e-05,6,48,0.06890708378091738,0.032230466779354455,True,True,False,4.5621422482061256e-07,COMPLETE
1384,0.29441691637039186,2025-04-10 23:04:52.510651,2025-04-10 23:05:00.267799,0 days 00:00:07.757148,0.22845517452076936,0.08864806970927402,16,0.06893055985260178,0.03375108591530602,0.09578987770817295,0.07343558585549032,0.09574103791203585,0.02358622210193729,8.30793270877815e-05,16,40,0.06368934221885639,0.04338309104004053,True,True,False,2.35134765841102e-08,COMPLETE
1385,0.42953846454620365,2025-04-10 23:05:00.734255,2025-04-10 23:05:07.511852,0 days 00:00:06.777597,0.201963664679684,0.1124122353303863,16,0.04880544958253643,0.04073671579543306,0.09400602270100976,0.07555351421803654,0.09515204481057654,0.02004308057211028,7.014836181288692e-05,6,45,0.07109578858356357,0.037007606377667424,True,True,False,1.880132921124521e-07,COMPLETE
1386,0.09234625697135926,2025-04-10 23:05:07.960717,2025-04-10 23:05:14.600904,0 days 00:00:06.640187,0.09613414897562465,0.05016535536084979,16,0.04161414468096232,0.03021853674351179,0.09082314961513957,0.07855969199314775,0.09171930371173959,0.02193445493655483,8.048099049186663e-05,6,42,0.061227795489871416,0.0461786924974129,True,True,False,1.2049623908360897e-07,COMPLETE
1387,0.19055455625057222,2025-04-10 23:05:15.050473,2025-04-10 23:05:25.265703,0 days 00:00:10.215230,0.31290769151508896,0.13090124751447588,2,0.05884763505464479,0.1298348345616665,0.09160348807820413,0.07339848369653763,0.09651212194187134,0.02443915313176797,4.2941834198770175e-05,7,18,0.06694711348687378,0.050039590660260216,False,False,True,6.222330331359418e-08,COMPLETE
1388,0.1032674163579941,2025-04-10 23:05:25.713854,2025-04-10 23:05:32.413690,0 days 00:00:06.699836,0.23717141940349828,0.08945493682494826,16,0.10054379092817485,0.03018525811713338,0.09459369736717087,0.07591592063555369,0.09248075184142197,0.015814165186475347,6.516128023394166e-05,6,48,0.06213028055200259,0.027469401020509328,True,True,False,4.836151359462241e-08,COMPLETE
1389,0.2771376967430115,2025-04-10 23:05:32.857055,2025-04-10 23:05:39.579696,0 days 00:00:06.722641,0.14049821197561732,0.06310814699868211,16,0.05165199803003171,0.027145927299930386,0.09696472915740345,0.08030918412009735,0.09409942888991113,0.01995306008333186,8.718647965230601e-05,6,36,0.06487128505332476,0.03952561781169673,True,True,False,3.3919990049726094e-08,COMPLETE
1390,0.43436438441276554,2025-04-10 23:05:40.049341,2025-04-10 23:05:46.871267,0 days 00:00:06.821926,0.20444675496735937,0.14615074758915017,16,0.038208496486830806,0.035982450296415155,0.052305393180555604,0.08351745529786644,0.09885939453316193,0.01790755679678489,5.6100132797988455e-05,7,44,0.06376876750192717,0.04863027962794821,True,True,False,7.52983818830137e-08,COMPLETE
1391,0.2980667591094971,2025-04-10 23:05:47.323280,2025-04-10 23:05:54.101621,0 days 00:00:06.778341,0.16332698724116385,0.1795647296012123,16,0.044430986703723044,0.051295547625490545,0.05714147279146761,0.08549252688639669,0.09876412766011969,0.011717221088836431,3.922871685133712e-05,7,39,0.06776560162522505,0.05163502659727039,True,True,False,1.0415222674937159e-07,COMPLETE
1392,0.23408816754817963,2025-04-10 23:05:54.555114,2025-04-10 23:06:01.829243,0 days 00:00:07.274129,0.1952275163965992,0.15845661237822306,8,0.06362253844395167,0.03764041439227163,0.031571317393672915,0.08328783175446637,0.09601663531998052,0.01600788415082492,4.8544423633189334e-05,8,43,0.06985494029831327,0.04915590214061658,True,True,False,8.468371741271692e-08,COMPLETE
1393,0.1704501748085022,2025-04-10 23:06:02.283144,2025-04-10 23:06:09.091691,0 days 00:00:06.808547,0.16903943570549293,0.1638131511091013,16,0.0494141027953217,0.04170266493020182,0.09278327818969585,0.08287777252126674,0.09811817687710074,0.012438610570058455,3.0004780253168393e-05,8,41,0.019879767739929027,0.056429574704609346,True,True,False,1.234667825683584e-07,COMPLETE
1394,0.254943710565567,2025-04-10 23:06:09.545284,2025-04-10 23:06:16.468011,0 days 00:00:06.922727,0.1820285088426371,0.15412531084392161,16,0.056934371820993604,0.0420767321355642,0.09165874605568078,0.08682614231380309,0.09803861784267147,0.013712030399647027,3.7157692370286e-05,8,44,0.06621063131051928,0.05017986342676423,True,True,False,9.147622913454209e-08,COMPLETE
1395,0.3897608101367951,2025-04-10 23:06:16.914784,2025-04-10 23:06:23.833935,0 days 00:00:06.919151,0.12367014445094121,0.15470815532042725,16,0.040893921190194214,0.04851410997613585,0.042994487805722494,0.08605110686210725,0.09349931390767739,0.01463999758895871,4.84638108585372e-05,8,45,0.06581378096081054,0.05326634362149091,True,True,False,1.3756000416139306e-07,COMPLETE
1396,0.415892642736435,2025-04-10 23:06:24.304411,2025-04-10 23:06:31.278407,0 days 00:00:06.973996,0.18924079935313529,0.1470172364812543,16,0.04605678929381812,0.04709268022831852,0.06063208969852717,0.08347546059031913,0.09927174393449102,0.018159391870122957,5.4437564290681965e-05,9,39,0.07376560069871219,0.04672208022366855,True,True,False,7.652075062390953e-08,COMPLETE
1397,0.18438224494457245,2025-04-10 23:06:31.731929,2025-04-10 23:06:38.448389,0 days 00:00:06.716460,0.20320334149240693,0.19123848480872735,16,0.1441554280429913,0.0390322862790307,0.03759369899050141,0.08102566696352266,0.09869044451863675,0.016917495184368313,4.373500329236433e-05,7,34,0.04578266074761873,0.05423747077736551,True,True,False,1.0029100995379364e-07,COMPLETE
1398,0.21560534536838533,2025-04-10 23:06:38.901509,2025-04-10 23:06:45.682954,0 days 00:00:06.781445,0.15340554493175795,0.17443119471339574,16,0.05321425825427591,0.03614405273387909,0.03408079317726638,0.09075305928220959,0.09836028648216069,0.015595975692561062,5.4727620006041875e-05,7,42,0.06423130977433567,0.04707605063111329,True,True,False,1.6273958537499516e-07,COMPLETE
1399,0.38815567493438724,2025-04-10 23:06:46.131783,2025-04-10 23:06:53.184776,0 days 00:00:07.052993,0.17670510483394125,0.03557256234245033,16,0.036622768403035126,0.04109890725073227,0.0948899942202803,0.08465538963159425,0.09863514801425251,0.018160642850073263,6.0058455150982604e-05,8,38,0.06826221918537434,0.05620655958539688,True,True,False,2.3929315991271516e-07,COMPLETE
1400,0.3440716326236725,2025-04-10 23:06:53.635001,2025-04-10 23:07:00.452218,0 days 00:00:06.817217,0.21169765288561573,0.13177771100601246,16,0.043698625858103905,0.03455311950099217,0.056308565726042335,0.08521562979247838,0.09938833260988109,0.017833485560020724,3.5538846027300196e-05,7,45,0.06147910354443172,0.044209708410915496,True,True,False,1.0855847073586498e-07,COMPLETE
1401,0.412928307056427,2025-04-10 23:07:00.923767,2025-04-10 23:07:07.729430,0 days 00:00:06.805663,0.203018523037249,0.17563537526796985,16,0.05078040822575589,0.03221545234984856,0.09966023170747082,0.0841864822161666,0.09804685454955044,0.014791855470271356,5.951107830355262e-05,7,42,0.06343863576930918,0.0495504628994992,True,True,False,7.448475740939348e-08,COMPLETE
1402,0.20018629729747775,2025-04-10 23:07:08.183915,2025-04-10 23:07:15.114283,0 days 00:00:06.930368,0.2158911235658071,0.14026482135392984,16,0.06261771242409987,0.25450876541450607,0.051853527702208226,0.08802801292331197,0.08924936146479111,0.025269990651279606,9.630090275845632e-05,8,46,0.06656894885259355,0.05252809714825837,True,True,False,1.618723798562157e-06,COMPLETE
1403,0.3901018857955933,2025-04-10 23:07:15.567591,2025-04-10 23:07:23.171408,0 days 00:00:07.603817,0.19183158901941194,0.022911319463103742,16,0.041181307665325045,0.044916107465570336,0.09139600819264591,0.08737143182992169,0.09837450194540387,0.022664826083441916,7.60125700176713e-05,15,39,0.06066758858853961,0.05788148212045227,True,True,False,3.151309618715763e-06,COMPLETE
1404,0.17830015420913697,2025-04-10 23:07:23.622311,2025-04-10 23:07:30.354720,0 days 00:00:06.732409,0.1804718442479991,0.05435638479100178,16,0.12552192163525666,0.05496542012692843,0.045452382448644885,0.08236133603709679,0.09477547335978842,0.01913088944905477,2.4273983295413086e-05,7,43,0.07045464053652992,0.04384119420533829,True,True,False,1.9191396001889312e-07,COMPLETE
1405,0.21100138425827028,2025-04-10 23:07:30.801917,2025-04-10 23:07:39.023517,0 days 00:00:08.221600,0.22661254831089225,0.11626733162838113,16,0.056120284493489186,0.034658590855220536,0.09363901977940023,0.08501245249946607,0.09984350099228971,0.02565365057159662,0.00013014469073944812,21,47,0.06418661420882221,0.050475385107864264,True,True,False,6.413004474273499e-07,COMPLETE
1406,0.18385701179504393,2025-04-10 23:07:39.473200,2025-04-10 23:07:46.604297,0 days 00:00:07.131097,0.21305105294321525,0.07616875229758159,16,0.07106369997255975,0.035218285927161794,0.09710295973619983,0.08125544452859296,0.09737678229442677,0.021646461410349423,4.6838624978327494e-05,7,36,0.06259287677600707,0.059257897334325564,False,False,False,1.347343717812811e-07,COMPLETE
1407,0.09234625697135926,2025-04-10 23:07:47.077242,2025-04-10 23:07:53.833213,0 days 00:00:06.755971,0.153601404732032,0.010972756369508896,16,0.04853668065636991,0.031288223941299105,0.0905989734274953,0.08395875197666153,0.09562689324025013,0.02419688618100425,9.974425404169726e-05,8,41,0.060436386025228814,0.044285379922022916,True,True,True,9.585472366990389e-08,COMPLETE
1408,0.37305995225906374,2025-04-10 23:07:54.291531,2025-04-10 23:08:01.163219,0 days 00:00:06.871688,0.34087100862131303,0.14205807811941473,16,0.035319045901360584,0.028228447675959136,0.053908009640869586,0.08216736891593436,0.09650311526550157,0.018793859471380767,6.8197863522118e-05,7,45,0.06549485660246178,0.05443911984092844,True,True,False,7.317043121057266e-08,COMPLETE
