number,value,datetime_start,datetime_complete,duration,params_alpha-eval,params_alpha-train,params_batch-size,params_eps-eval,params_eps-train,params_lambda-actions-eval,params_lambda-actions-train,params_lambda-frames-eval,params_lambda-frames-train,params_learning-rate,params_n-epochs,params_n-frames,params_radius-gw,params_rho,params_std-feats,params_ub-actions,params_ub-frames,params_weight-decay,state
113,0.4022724568843842,2025-04-10 20:31:53.669462,2025-04-10 20:32:01.199703,0 days 00:00:07.530241,0.13464366084123913,0.3868737686659881,16,0.014215734124947692,0.031879687608979,0.09588277333101447,0.01743822291390662,0.05071178110189386,0.09205972573034882,2.2376812755179656e-05,14,62,0.0888588958189768,0.07547361146440562,True,True,False,7.5797843936479195e-06,COMPLETE
114,0.39923355579376224,2025-04-10 20:32:01.238905,2025-04-10 20:32:08.424391,0 days 00:00:07.185486,0.14805060372772771,0.3330628852830952,16,0.016053500020659965,0.038383556825003336,0.09124832489058671,0.017233494261694564,0.0511926399718884,0.0925824193946549,3.159507670134419e-05,11,56,0.08252469695407966,0.08926302384164053,True,True,False,1.1548122063009177e-06,COMPLETE
115,0.31041374802589417,2025-04-10 20:32:08.463019,2025-04-10 20:32:16.912473,0 days 00:00:08.449454,0.2442983734082226,0.2517551548789533,16,0.02890248725086201,0.02968161886149146,0.095338606671095,0.015773363098046146,0.048147675141816566,0.08697898527320833,5.679311251720999e-05,22,75,0.06739999656709447,0.04972938861368448,True,True,False,7.901935708975612e-06,COMPLETE
116,0.28049366474151616,2025-04-10 20:32:16.950995,2025-04-10 20:32:24.280745,0 days 00:00:07.329750,0.2991116998588971,0.40417009254637004,16,0.045743554066010286,0.06298306469375442,0.08721909800579804,0.019757635969331437,0.06021102086923376,0.08150488633206032,0.0001024708489416115,13,49,0.08999584862750533,0.06082666855725492,True,True,False,2.7347126044818836e-06,COMPLETE
117,0.35448743700981145,2025-04-10 20:32:24.319052,2025-04-10 20:32:32.093474,0 days 00:00:07.774422,0.12978275479054222,0.5062387033787824,16,0.03498799562691761,0.07188181072316228,0.09721433175926647,0.025650053889102582,0.04393080278722651,0.09643569944506483,8.107910011835835e-05,17,53,0.09696490767794917,0.07444897983847813,True,True,False,6.138461824559292e-07,COMPLETE
118,0.09520456939935684,2025-04-10 20:32:32.134363,2025-04-10 20:32:39.797731,0 days 00:00:07.663368,0.180040579322134,0.37141766105449864,16,0.02334724884206562,0.16292456918164447,0.0832719580052173,0.03155215317759245,0.049608401216511055,0.08950016855198721,0.013744298111613219,16,67,0.07894179892483008,0.02751123595771634,True,True,False,1.173818543685579e-05,COMPLETE
119,0.37462708353996277,2025-04-10 20:32:39.836893,2025-04-10 20:32:47.977183,0 days 00:00:08.140290,0.16098601876626126,0.5482660006001557,16,0.012765376290873522,0.12016780368480662,0.0902383418746787,0.012099808628052398,0.04607884463097055,0.0976351425905063,2.4552181224676323e-05,20,62,0.09334778038214386,0.06950441843947561,True,True,True,6.653538929585317e-06,COMPLETE
120,0.2479982078075409,2025-04-10 20:32:48.017193,2025-04-10 20:32:56.800030,0 days 00:00:08.782837,0.21141377008800658,0.4565347560018577,16,0.05525332173317737,0.04521017365100893,0.07699275109677756,0.013821338046117642,0.04106473460289261,0.03665301079687753,4.725858640056609e-05,24,47,0.045773700536102066,0.05557773028496476,False,False,False,2.484199463872628e-05,COMPLETE
121,0.40013990998268134,2025-04-10 20:32:56.839276,2025-04-10 20:33:04.034223,0 days 00:00:07.194947,0.14337680478645665,0.35931396664298093,16,0.016103670845905266,0.0375991674140953,0.09580964311849544,0.015884877672143537,0.05107789920688645,0.09268441678240352,3.2044241742515566e-05,11,56,0.08183040668270583,0.0879686486985721,True,True,False,3.4912682994731647e-06,COMPLETE
122,0.39828009605407716,2025-04-10 20:33:04.074885,2025-04-10 20:33:11.558010,0 days 00:00:07.483125,0.11719436374253127,0.32689034926285293,16,0.030373075891175133,0.03336312044860522,0.09953388629878375,0.017925303624441825,0.05346772033526106,0.09383125001395339,3.6886276436343785e-05,12,70,0.08751602508254169,0.04547056735079549,True,True,False,2.1028403003206482e-06,COMPLETE
123,0.3841394603252411,2025-04-10 20:33:11.607887,2025-04-10 20:33:18.755769,0 days 00:00:07.147882,0.2674795416998399,0.30035536228190474,16,0.007760006734630459,0.023969871373060496,0.09467177052870074,0.01559955775951285,0.057802810079979616,0.09286396720923076,1.4688690474948817e-05,10,61,0.0828894525270253,0.07915686005863012,True,True,False,3.677434862754774e-06,COMPLETE
124,0.4029318630695343,2025-04-10 20:33:18.797260,2025-04-10 20:33:25.775822,0 days 00:00:06.978562,0.140994151433041,0.38108497198798963,16,0.03785402584348775,0.060396951042688815,0.09649176274189299,0.02047451274237672,0.07569357859454999,0.09082756515848983,2.187942978766154e-05,9,57,0.0913597150617586,0.09083255392581498,True,True,False,4.5856265342117156e-06,COMPLETE
125,0.4007106244564057,2025-04-10 20:33:25.816396,2025-04-10 20:33:32.970740,0 days 00:00:07.154344,0.18568028003116044,0.3840804348863168,16,0.03944770070756906,0.05868444068916766,0.0938002102299213,0.022352802009096888,0.07574276142506656,0.09102207868429876,2.867215033608491e-05,11,51,0.08599561623671624,0.17202286078606455,True,True,False,5.513088405572176e-06,COMPLETE
126,0.1441626936197281,2025-04-10 20:33:33.012211,2025-04-10 20:33:40.026051,0 days 00:00:07.013840,0.19273342833037865,0.38466108005144195,16,0.06762793773792997,0.07412929231761375,0.09340993425649494,0.02234418867962252,0.07496985582839757,0.04330750130162935,2.9161682042125686e-05,9,56,0.03992046933875326,0.038501645550398686,True,True,False,5.141855739650085e-06,COMPLETE
127,0.38599908947944644,2025-04-10 20:33:40.067283,2025-04-10 20:33:47.279307,0 days 00:00:07.212024,0.1699807683543451,0.3481518464694402,16,0.03797131620021095,0.05744091643725234,0.09589545636577188,0.02672979367546527,0.08313039463240046,0.08599225150680462,7.144156537561388e-05,11,39,0.08500019943262588,0.18289735866303733,True,True,False,2.992019108716196e-06,COMPLETE
128,0.4167636156082154,2025-04-10 20:33:47.320980,2025-04-10 20:33:54.227526,0 days 00:00:06.906546,0.2285069425474699,0.285990738008126,16,0.043390652924479134,0.08105177797831531,0.09030011752671094,0.019701816729230576,0.07440791974755774,0.08882298994086492,2.2677035151074776e-05,8,44,0.07773855713538613,0.06338609483903834,True,True,False,1.450723215268172e-06,COMPLETE
129,0.371507865190506,2025-04-10 20:33:54.270208,2025-04-10 20:34:01.079235,0 days 00:00:06.809027,0.23627115636183685,0.2719079281236988,16,0.04803068819325964,0.08872687726486697,0.08955290206209726,0.02403192533542185,0.07916573263425403,0.0840597896040216,2.4389883208759315e-05,8,27,0.07674120612614675,0.062383825415456395,True,True,False,1.5403337734239575e-06,COMPLETE
130,0.294005823135376,2025-04-10 20:34:01.121977,2025-04-10 20:34:13.031379,0 days 00:00:11.909402,0.32826913704447713,0.15877673258947678,2,0.058200621196953385,0.061626173777850395,0.09177452642636576,0.02037188007187631,0.07164237276652795,0.08782598324888623,2.001028877888859e-05,9,144,0.06427429890812109,0.0492409689565879,True,True,True,1.0222854451177979e-05,COMPLETE
131,0.31647803187370305,2025-04-10 20:34:13.074709,2025-04-10 20:34:20.249375,0 days 00:00:07.174666,0.3796926351833346,0.3077138499610427,16,0.03897418488712537,0.07908464860644336,0.09778991655408531,0.07391544578785862,0.07654660850179577,0.09034041760444134,3.671608104901317e-05,11,52,0.08171351297818032,0.24172810882221618,True,True,False,3.4117292635738634e-06,COMPLETE
132,0.3850396633148193,2025-04-10 20:34:20.292900,2025-04-10 20:34:27.455229,0 days 00:00:07.162329,0.21849395613482453,0.3477302611579558,16,0.043784187358599146,0.08314798014915153,0.09623107146317621,0.019431809902553564,0.0696410915289718,0.08901351142287597,4.884323282580441e-05,10,44,0.08648352646103216,0.07037227736487077,True,True,False,5.0752366831596525e-06,COMPLETE
133,0.09234625697135926,2025-04-10 20:34:27.499895,2025-04-10 20:34:34.362101,0 days 00:00:06.862206,0.1890491906747759,0.37915809913473164,16,0.03304765770362165,0.09675208044691608,0.08738270572395057,0.022900014050801866,0.08163341673997833,0.09135612916354041,0.0010724220680110757,8,57,0.0800041072076909,0.08069520892645833,True,True,False,8.37530138856263e-06,COMPLETE
134,0.39324243068695075,2025-04-10 20:34:34.405816,2025-04-10 20:34:41.529158,0 days 00:00:07.123342,0.0993667301670872,0.42720786984751674,16,0.02701578288805724,0.14847376067659357,0.09284943753497907,0.02977905069057491,0.07342338420352348,0.08643911849920193,2.9441491595543222e-05,11,51,0.08878581599782166,0.26078782732499134,True,True,False,2.0500026662422205e-06,COMPLETE
135,0.3905857801437378,2025-04-10 20:34:41.574577,2025-04-10 20:34:48.793774,0 days 00:00:07.219197,0.14796738011868213,0.38926082316197264,16,0.042962114040077354,0.04704864090112419,0.08536706938321018,0.047811040986216455,0.06452277286804015,0.08049403883801427,2.2335967290499914e-05,12,46,0.054978169024463175,0.07456868472269895,True,True,False,1.5077919678697394e-05,COMPLETE
136,0.4115311920642853,2025-04-10 20:34:48.838393,2025-04-10 20:34:55.456145,0 days 00:00:06.617752,0.25007974245004416,0.20588138694915578,16,0.021744246050006275,0.04060410592945023,0.09038285996825168,0.016676062645312753,0.07940539972842274,0.09536317182548881,6.257519897970653e-05,5,55,0.07242439068443343,0.026071396604480573,True,True,False,1.8125778320781432e-07,COMPLETE
137,0.14236857891082763,2025-04-10 20:34:55.501580,2025-04-10 20:35:02.103149,0 days 00:00:06.601569,0.26481193752542564,0.1839940454749121,16,0.07559727961778315,0.05546812081513415,0.08968331460742765,0.03678104716511135,0.08700481356711456,0.06999557366386738,1.2161313327854518e-05,5,41,0.07845918939321281,0.012752355219355959,True,True,False,5.162161214549156e-07,COMPLETE
138,0.26812281608581545,2025-04-10 20:35:02.156862,2025-04-10 20:35:08.857248,0 days 00:00:06.700386,0.28557632062508603,0.20111367656201778,8,0.022609921976966197,0.05108134199612657,0.09139131332192234,0.027749799187413916,0.07892335107124193,0.09500633898805662,0.00015507442196811494,6,9,0.07019497209036071,0.0017866350479454618,True,True,False,1.7910291165836709e-07,COMPLETE
139,0.4142738401889801,2025-04-10 20:35:08.903223,2025-04-10 20:35:15.478686,0 days 00:00:06.575463,0.30701898197827526,0.20186273800681775,16,0.035243341179489365,0.13889398748301024,0.08387121921872703,0.018367136215743096,0.07442717841363393,0.09094622225033483,5.7341814246016503e-05,5,54,0.07414751810562623,0.04111507277789375,True,True,False,3.129516245329432e-07,COMPLETE
140,0.37602123618125916,2025-04-10 20:35:15.526974,2025-04-10 20:35:22.126963,0 days 00:00:06.599989,0.31355161124787206,0.0911041337068701,16,0.032691108036995105,0.13810713032214836,0.08376886925124084,0.01830635820903367,0.07014418507211168,0.09792386525408242,6.58635932933148e-05,5,54,0.07401882555269072,0.03890491615662525,True,True,False,7.598706365236833e-07,COMPLETE
141,0.3353968858718872,2025-04-10 20:35:22.173338,2025-04-10 20:35:28.916768,0 days 00:00:06.743430,0.25292023195123786,0.23103735321559252,16,0.05310805873644799,0.06860131036251757,0.08062165187885642,0.020346755756433653,0.07342734385235394,0.09084968269380518,8.86876188810745e-05,7,49,0.06834464091954186,0.028562716590282443,True,True,False,4.5728999233745076e-08,COMPLETE
142,0.2788191378116608,2025-04-10 20:35:28.963133,2025-04-10 20:35:35.689138,0 days 00:00:06.726005,0.24780326957439874,0.26388292345975595,16,0.06186841446742043,0.06158823669503881,0.08649520436813773,0.013046183552639342,0.07609538510012524,0.09466912008988475,0.00012616164317823876,6,60,0.07508938447867343,0.021249610206356573,True,True,False,3.718661273826562e-07,COMPLETE
143,0.4215806901454926,2025-04-10 20:35:35.736021,2025-04-10 20:35:42.289204,0 days 00:00:06.553183,0.233666932105792,0.19963057988128516,16,0.038310477194439634,0.04191239835976238,0.09978893755722051,0.01708799565411067,0.08610300901283921,0.08821907930556319,5.659123638488348e-05,5,37,0.0719243913491952,0.05609463224740077,True,True,False,2.766081790389473e-08,COMPLETE
144,0.3974077045917511,2025-04-10 20:35:42.336330,2025-04-10 20:35:48.900357,0 days 00:00:06.564027,0.23024645924314852,0.20819032080883135,16,0.04751445098756994,0.017495844200569766,0.09990561759621323,0.01713806695982728,0.09254599826285327,0.0846185140424448,6.159654630491363e-05,5,31,0.059379895485825465,0.052491404839705075,True,True,False,3.010746824706894e-08,COMPLETE
145,0.41893952488899233,2025-04-10 20:35:48.949316,2025-04-10 20:35:55.586566,0 days 00:00:06.637250,0.2950472767414129,0.1297495391267854,16,0.023720275687855015,0.043045398381681615,0.09725899360895113,0.058057247353317215,0.08430550728528656,0.0884037969933303,4.980596647126956e-05,6,39,0.07260717300798845,0.04463455004084056,True,True,False,2.0773272597147436e-08,COMPLETE
146,0.1952430933713913,2025-04-10 20:35:55.636100,2025-04-10 20:36:02.259606,0 days 00:00:06.623506,0.2945479800251533,0.12733509487281464,16,0.026520528012560655,0.04202496171737606,0.0979672887412237,0.06560323306717082,0.08587817592869064,0.0882545124153652,0.04611183908039772,6,35,0.07215532619578392,0.046049469723071626,True,True,False,1.6725685798981333e-08,COMPLETE
147,0.3411538481712341,2025-04-10 20:36:02.308230,2025-04-10 20:36:09.091262,0 days 00:00:06.783032,0.36722227033248345,0.0676727564746526,16,0.007843459152742295,0.033620097116879896,0.037020403893813544,0.05918429758367435,0.08422656773723879,0.08902305221619443,3.9591576234074184e-05,7,43,0.07044004719045421,0.025602063398432837,True,False,True,2.228210027996616e-08,COMPLETE
148,0.13362809717655183,2025-04-10 20:36:09.139459,2025-04-10 20:36:15.644479,0 days 00:00:06.505020,0.4058249420226894,0.13805557041918923,16,0.0198292719505725,0.04873362587526264,0.09631264734789229,0.01118162640080857,0.08072438806618831,0.09608328486819757,4.487767446747003e-05,6,37,0.0619873221292697,0.03452309902744474,False,True,False,1.4565057061301007e-08,COMPLETE
149,0.41842082738876346,2025-04-10 20:36:15.692531,2025-04-10 20:36:22.267771,0 days 00:00:06.575240,0.330861788054856,0.16970686820842498,16,0.03427702790550912,0.040169398728719316,0.09999680590735516,0.05576381166753236,0.06688801199626253,0.050514738590452385,5.132113878090661e-05,5,39,0.07161145192760793,0.04175577906271511,True,True,False,2.1491712975620773e-07,COMPLETE
150,0.35728083848953246,2025-04-10 20:36:22.316664,2025-04-10 20:36:28.954285,0 days 00:00:06.637621,0.331581109668368,0.23385434103453015,16,0.03433388161763265,0.041424566473319796,0.09775542727330881,0.04946495469999045,0.06646898537665574,0.050245401787740326,5.5958536414234885e-05,5,38,0.06583676601578274,0.014509470089116558,True,True,False,2.115487740855142e-07,COMPLETE
151,0.4174520552158356,2025-04-10 20:36:29.012523,2025-04-10 20:36:35.598963,0 days 00:00:06.586440,0.2744780251607979,0.17409782211191885,16,0.025488087334431284,0.02784431075261616,0.09890306237667712,0.05885693767445322,0.07808918293175478,0.04534685957123114,0.00011186545235020746,5,41,0.07264144039656256,0.042222458181408316,True,True,False,2.990182033314848e-07,COMPLETE
152,0.42938019633293156,2025-04-10 20:36:35.649095,2025-04-10 20:36:42.219845,0 days 00:00:06.570750,0.3194612366093,0.1736185833924495,16,0.02804895674082397,0.03303450275304259,0.09965589959587698,0.05657530467003212,0.08932127353645344,0.05213944797228194,9.57023881171372e-05,5,42,0.06888307703588997,0.042211903780429404,True,True,False,2.9074171935871725e-07,COMPLETE
153,0.26930366754531865,2025-04-10 20:36:42.269611,2025-04-10 20:36:48.822507,0 days 00:00:06.552896,0.33698245469090615,0.18284819268593192,16,0.027741690456964233,0.028792250195132887,0.0991203337154248,0.0561263418629605,0.08863683837813331,0.04767949912198019,0.0002591558743356056,5,22,0.07242257063789083,0.043551374938290116,True,True,False,2.968595241041437e-07,COMPLETE
154,0.34524345993995664,2025-04-10 20:36:48.872729,2025-04-10 20:36:55.526530,0 days 00:00:06.653801,0.3104892337428298,0.16001500032305324,16,0.03523914700695695,0.03843311856309371,0.0994052799054211,0.06077442996604525,0.08469500372124597,0.052230501608228896,0.00010683815851399655,6,32,0.06789393316129036,0.038432967820664875,True,True,False,3.2245108304175067e-07,COMPLETE
155,0.40768831968307495,2025-04-10 20:36:55.576930,2025-04-10 20:37:02.132630,0 days 00:00:06.555700,0.295310817822091,0.0923989385962227,16,0.04167541593284006,0.04990467702876268,0.09315652664746103,0.056598771701305055,0.08117804220738527,0.04293088158695152,8.928775782995001e-05,5,41,0.07128186332700824,0.05693218705549566,True,True,False,1.437558742559433e-07,COMPLETE
156,0.4086869359016419,2025-04-10 20:37:02.183318,2025-04-10 20:37:08.704007,0 days 00:00:06.520689,0.27959729849788584,0.08523518168171348,16,0.04272164751932886,0.05284908596558989,0.09442720697220056,0.0625835456361961,0.09031739199721538,0.044769308562212784,8.778782616939744e-05,5,35,0.06961411268204633,0.05701470769308952,True,True,False,1.303031422017528e-07,COMPLETE
157,0.3942784190177918,2025-04-10 20:37:08.755930,2025-04-10 20:37:15.276171,0 days 00:00:06.520241,0.2735395420563702,0.10639780744645048,16,0.048159327515663757,0.04965371154425069,0.09376082803716093,0.0532919088572272,0.09201331371697921,0.044622406628856075,8.579877772523599e-05,5,36,0.07064040885942839,0.05302228775541283,True,True,False,1.4266427040338138e-07,COMPLETE
158,0.38641605377197263,2025-04-10 20:37:15.326901,2025-04-10 20:37:21.892249,0 days 00:00:06.565348,0.2937090762052364,0.06756773454777155,16,0.044175119251816226,0.042600983995541186,0.09998011561334734,0.05574168799120045,0.0918629128034301,0.038667053163469495,0.0001789025641170244,5,28,0.06342607795471128,0.044818530612728835,True,True,False,7.27355958922645e-08,COMPLETE
159,0.1921964168548584,2025-04-10 20:37:21.944772,2025-04-10 20:37:28.516941,0 days 00:00:06.572169,0.3161323509290199,0.13700241518957462,16,0.245931764847449,0.05424334839590569,0.09196293269598788,0.06285663581645669,0.08993721622383756,0.04163183298998414,6.91253382791641e-05,6,41,0.0734252389425814,0.05663918347642785,True,True,False,2.1574465573562336e-07,COMPLETE
160,0.11026479154825211,2025-04-10 20:37:28.569702,2025-04-10 20:37:38.947311,0 days 00:00:10.377609,0.2734369226672274,0.03545137484761182,2,0.030029729145115494,0.07361285322023327,0.09460614362598187,0.06332727324506267,0.08244723086275542,0.04939778890558859,0.00013115359037306826,7,33,0.06578814374348584,0.03474394601804468,True,True,True,1.1151494165168215e-07,COMPLETE
161,0.35193443298339844,2025-04-10 20:37:39.000073,2025-04-10 20:37:45.571384,0 days 00:00:06.571311,0.35222001340215625,0.21053122960940485,16,0.022432740783466486,0.026217001829924542,0.0975689195045169,0.057745911823749135,0.08069839478962518,0.045446317470151834,0.00010497230742223635,5,44,0.06959844134360077,0.049081739828670846,True,True,False,4.161575128383079e-07,COMPLETE
162,0.39812337756156924,2025-04-10 20:37:45.633241,2025-04-10 20:37:52.284345,0 days 00:00:06.651104,0.29508316900629555,0.10739479087888215,16,0.0392958549921472,0.03351498799836549,0.09078169390058141,0.05178537756450968,0.07836440816604519,0.05275532336834266,8.022105445825704e-05,6,38,0.07604881454722771,0.026601184550365038,True,True,False,1.762884381030368e-07,COMPLETE
163,0.4110274016857147,2025-04-10 20:37:52.336697,2025-04-10 20:37:58.873600,0 days 00:00:06.536903,0.258795568839086,0.16456665843713256,16,0.02619801666572465,0.04598739804193415,0.09450840349703889,0.06801786617740986,0.08557339317521112,0.04112382928953318,5.6227125133875486e-05,5,41,0.07194390701496435,0.05983864292947549,True,True,False,2.431100607779586e-07,COMPLETE
164,0.4178005456924439,2025-04-10 20:37:58.927348,2025-04-10 20:38:05.508501,0 days 00:00:06.581153,0.4436533092636423,0.1655390984138825,16,0.030714164891748674,0.045878664206661375,0.09434815777234162,0.06887762808940566,0.08713153260548522,0.039371341972584996,5.815521139259761e-05,5,40,0.0718501640607266,0.0417160231517793,True,True,False,2.6146846545570877e-07,COMPLETE
165,0.35146517157554624,2025-04-10 20:38:05.562109,2025-04-10 20:38:12.111717,0 days 00:00:06.549608,0.25270998726462013,0.1787521776610245,16,0.05468872908545137,0.04709020140661658,0.0947206129005216,0.06749224863516755,0.08598378077874641,0.040783434620375834,5.146205715886706e-05,5,35,0.07197737784582899,0.056522415832182496,True,True,False,2.6221627868384705e-07,COMPLETE
166,0.3989061534404755,2025-04-10 20:38:12.165975,2025-04-10 20:38:18.783187,0 days 00:00:06.617212,0.49933932988483376,0.16667453876394436,16,0.03127109327986709,0.06730324504610305,0.09289987425693304,0.07084409779088245,0.09827449529791146,0.04674587255107945,6.63861392729635e-05,5,41,0.06794642490016603,0.05920048043758418,True,True,False,1.529642295570768e-07,COMPLETE
167,0.4059469997882843,2025-04-10 20:38:18.837669,2025-04-10 20:38:25.902927,0 days 00:00:07.065258,0.5644299562035657,0.08771119005041164,8,0.04333472271169604,0.052964892595974374,0.09832534491873675,0.05630684357511867,0.09012616470666213,0.03248428754027895,9.62231709231e-05,7,29,0.0693064163196523,0.04616846128245805,True,True,False,8.339731986815126e-08,COMPLETE
168,0.42501859664916997,2025-04-10 20:38:25.957074,2025-04-10 20:38:32.621398,0 days 00:00:06.664324,0.32143305047360615,0.19887471091548475,16,0.025983087333183497,0.04108872892342844,0.09654121529609687,0.06465995965992156,0.09358705233562888,0.03785004864709232,6.012907860766331e-05,6,40,0.07489216177259281,0.033019590831840806,True,True,False,3.1671758786659727e-07,COMPLETE
169,0.40365726947784425,2025-04-10 20:38:32.675661,2025-04-10 20:38:39.313705,0 days 00:00:06.638044,0.44066720377064555,0.20117974970999514,16,0.025452227782319335,0.03833590793731767,0.09689497077889622,0.06434741104823155,0.09309736824706591,0.037734645501273235,5.269147846877678e-05,6,38,0.07354160317266167,0.03507383194543877,True,True,False,3.17581719386589e-07,COMPLETE
