number,value,datetime_start,datetime_complete,duration,params_alpha-eval,params_alpha-train,params_batch-size,params_eps-eval,params_eps-train,params_lambda-actions-eval,params_lambda-actions-train,params_lambda-frames-eval,params_lambda-frames-train,params_learning-rate,params_n-epochs,params_n-frames,params_radius-gw,params_rho,params_std-feats,params_ub-actions,params_ub-frames,params_weight-decay,state
624,0.4108451426029206,2025-04-10 21:31:53.545197,2025-04-10 21:32:00.576645,0 days 00:00:07.031448,0.29176892883201117,0.11452468038301825,16,0.054093509822924844,0.01727531093435596,0.08872036798533335,0.07873502291167545,0.0329018668634047,0.01878465317530527,7.041595906458873e-05,6,49,0.06319912994839091,0.05765891067972327,True,False,False,1.3620119503348695e-07,COMPLETE
625,0.43511260151863096,2025-04-10 21:32:00.771927,2025-04-10 21:32:07.476352,0 days 00:00:06.704425,0.19993777165459756,0.08311173235297607,16,0.04948853347059548,0.022896052208038125,0.0840563320848878,0.07937968953404295,0.040393704078295206,0.017007519334054377,8.375843903734891e-05,6,46,0.06269214087353675,0.06400067287294336,True,True,False,1.5678237721721702e-07,COMPLETE
626,0.20804113745689395,2025-04-10 21:32:07.684140,2025-04-10 21:32:14.338277,0 days 00:00:06.654137,0.3162647400492476,0.0844376584471435,16,0.05271036617764996,0.02526481319717059,0.08590633251752794,0.08305667910894608,0.03981126291317022,0.014954437202673823,0.00021684454330207802,6,53,0.06352943452644688,0.061636645426346524,True,True,False,1.0089988936214824e-07,COMPLETE
627,0.380650132894516,2025-04-10 21:32:14.534665,2025-04-10 21:32:21.146831,0 days 00:00:06.612166,0.19365446137928446,0.11954675412097111,16,0.04853271233300957,0.02556838469328325,0.08586212019611103,0.08061556405252582,0.040034421870996116,0.015981803792147215,0.00010980284728688153,5,50,0.06251478653122182,0.0648084209398495,True,True,False,1.7289864366193157e-07,COMPLETE
628,0.3963659763336182,2025-04-10 21:32:21.354216,2025-04-10 21:32:28.053019,0 days 00:00:06.698803,0.30470025818929125,0.10355123268637245,16,0.05642295659606581,0.02319813644562192,0.08399639189435353,0.07857397113924794,0.04145180463060183,0.021515340763112532,6.510380179854011e-05,5,46,0.06547855216892486,0.05688997395387131,True,True,False,1.4194838371121906e-07,COMPLETE
629,0.30683341026306155,2025-04-10 21:32:28.248390,2025-04-10 21:32:35.003372,0 days 00:00:06.754982,0.1940687659295741,0.08447388350161138,16,0.06534518174192921,0.017942578066753097,0.0802305051417937,0.08123489803232341,0.03532708263549063,0.011901383966491999,7.772540890127046e-05,6,46,0.06471199887257648,0.05527525950737246,True,True,False,1.4741387949759036e-07,COMPLETE
630,0.4139743030071259,2025-04-10 21:32:35.213739,2025-04-10 21:32:41.874411,0 days 00:00:06.660672,0.16697979234818489,0.09029080381290082,16,0.050459491415984166,0.02749341427567613,0.08200204589491616,0.0414769611290801,0.03792772255096913,0.017143195491246765,9.805370006150091e-05,6,41,0.06221529558224996,0.06838314396008437,True,True,False,1.763671149525143e-07,COMPLETE
631,0.17577179670333862,2025-04-10 21:32:42.070609,2025-04-10 21:32:49.549071,0 days 00:00:07.478462,0.2915389056794537,0.12434157251856792,16,0.05987573619698315,0.02185885456615269,0.07631609228957889,0.07940642830188697,0.04359712997227443,0.014143486704519797,0.00015074322926645644,14,49,0.0662413468490123,0.061622015517744134,True,True,False,1.3443086492915327e-07,COMPLETE
632,0.26577003598213195,2025-04-10 21:32:49.758131,2025-04-10 21:32:59.082887,0 days 00:00:09.324756,0.5920703562512674,0.08139083596743973,2,0.046421702106624614,0.014248546908342322,0.08294247153498456,0.08374098056795229,0.03256336751576742,0.018251735013105615,6.042756906330284e-05,5,45,0.06367619314796635,0.05858869650809578,True,True,False,1.2133312610296773e-07,COMPLETE
633,0.4179976344108582,2025-04-10 21:32:59.280934,2025-04-10 21:33:05.893946,0 days 00:00:06.613012,0.31992694650081943,0.12087722201884048,16,0.054421310556625774,0.019924236927895564,0.0838481831999247,0.07845070797022002,0.030363759877775443,0.019986572635877258,0.00012076155083149842,5,41,0.06794050395337113,0.0529750259540772,True,True,False,1.6297806396331944e-07,COMPLETE
634,0.40232636332511906,2025-04-10 21:33:06.103116,2025-04-10 21:33:12.805677,0 days 00:00:06.702561,0.15480091495458947,0.09482477949491817,16,0.0381468220698629,0.02613128403922479,0.08720934669523137,0.08183136779597368,0.03833505360707926,0.015860376688273347,8.105308935589216e-05,6,47,0.06586427771232599,0.06579360541802595,True,True,False,9.928676121296992e-08,COMPLETE
635,0.28542248606681825,2025-04-10 21:33:13.003209,2025-04-10 21:33:19.684779,0 days 00:00:06.681570,0.2768498870688035,0.11972569605213193,16,0.04775010260913282,0.012273007756338746,0.08497567076168382,0.07785657222280466,0.048577793720343834,0.0211721402100923,6.945158289839097e-05,6,52,0.061488865152905324,0.05434194951798603,True,True,False,1.6838195054545884e-07,COMPLETE
636,0.3532290101051331,2025-04-10 21:33:19.898897,2025-04-10 21:33:26.511034,0 days 00:00:06.612137,0.3054892797552661,0.07845475538675428,16,0.06278450186686449,0.01985417386716874,0.08729795217441894,0.08040366028611698,0.037756096670947065,0.022828263565099042,9.804075297474373e-05,5,38,0.06447175212655976,0.0635398912753491,True,True,False,1.2181370683449842e-07,COMPLETE
637,0.37491960525512696,2025-04-10 21:33:26.711321,2025-04-10 21:33:33.568453,0 days 00:00:06.857132,0.2638783961159181,0.1058862082225215,16,0.05567718846030606,0.02805652692581537,0.08889299888185162,0.07732210890943698,0.044230324830500954,0.018833987513848436,8.724313379331523e-05,6,94,0.06739436154042215,0.06844078800076431,True,True,False,2.1030738053903438e-07,COMPLETE
638,0.37013366222381594,2025-04-10 21:33:33.780495,2025-04-10 21:33:40.626736,0 days 00:00:06.846241,0.28895136835373436,0.06957614925553063,8,0.04219865953948298,0.08408314301381889,0.08434565845984195,0.07961954701843735,0.03542320975444455,0.018007017503540036,6.0863539944389164e-05,5,44,0.062417399216448254,0.12958053660567304,True,True,False,8.939574505542744e-08,COMPLETE
639,0.3555070221424103,2025-04-10 21:33:40.828047,2025-04-10 21:33:47.517983,0 days 00:00:06.689936,0.3210444063160914,0.09676375090137868,16,0.035838366040378704,0.013895379251974404,0.09010770576159814,0.08293505031580413,0.03127416631053343,0.022484055693121202,0.0001269267554059146,6,59,0.06904589446335271,0.05502629293849768,True,True,False,1.5502023687349834e-07,COMPLETE
640,0.42741971611976626,2025-04-10 21:33:47.730319,2025-04-10 21:33:54.328280,0 days 00:00:06.597961,0.3481517987404707,0.12799813526283743,16,0.049997664216460305,0.020022890739788086,0.08123771869951944,0.07662105630333144,0.04100112330599623,0.016312269739332547,7.53600585725171e-05,5,42,0.060707544038542165,0.059599747549424945,True,True,False,2.0565110427974033e-07,COMPLETE
641,0.32736810445785525,2025-04-10 21:33:54.527601,2025-04-10 21:34:01.236679,0 days 00:00:06.709078,0.27379048555582275,0.07230249986951237,16,0.06547625721024375,0.029691965986371707,0.0867605943330436,0.0795308819013356,0.032842344411622294,0.021251740498988734,0.00010599089200678019,6,48,0.06547996820330715,0.05279782168891937,True,True,False,8.544866012099172e-08,COMPLETE
642,0.19416874647140506,2025-04-10 21:34:01.450386,2025-04-10 21:34:08.033035,0 days 00:00:06.582649,0.3027141159657181,0.11643256884082204,16,0.054565896947822844,0.01242954462302184,0.04587018954907378,0.07831338724296365,0.031413400217831115,0.02317979027956111,8.723062691722322e-05,6,45,0.06301450655900337,0.07100393261027314,False,False,True,1.790946642752614e-07,COMPLETE
643,0.40434849858284,2025-04-10 21:34:08.234082,2025-04-10 21:34:14.756860,0 days 00:00:06.522778,0.334798455587817,0.9714652217432636,16,0.04397356986269507,0.02480610719263783,0.07838014520470316,0.0768186479247778,0.09379258795504196,0.019072583221347642,6.237964674555779e-05,5,39,0.0666949146293411,0.0645430805214529,True,True,False,1.1999839669668698e-07,COMPLETE
644,0.3385345101356506,2025-04-10 21:34:14.970885,2025-04-10 21:34:21.710248,0 days 00:00:06.739363,0.2239367925360589,0.08544188135526787,16,0.05931631876824135,0.016062036590995483,0.08988806474008615,0.08182252741654407,0.09951402198810623,0.009857852423033513,0.00010677389843663234,6,50,0.060274832950553775,0.059007656583281234,True,True,False,2.0248920375979615e-07,COMPLETE
645,0.39187037944793707,2025-04-10 21:34:21.912381,2025-04-10 21:34:28.442743,0 days 00:00:06.530362,0.2570466200093827,0.0677843748086534,16,0.03759939044305018,0.010567879302757507,0.08811662075525907,0.07655293961028248,0.03458092826893884,0.012590570784564194,7.210705734291532e-05,5,35,0.06859523596930031,0.05223973452489702,True,True,False,1.1347877693809128e-07,COMPLETE
646,0.41242145299911503,2025-04-10 21:34:28.656961,2025-04-10 21:34:35.322432,0 days 00:00:06.665471,0.2868225889685412,0.1323685229131375,16,0.04727096259934513,0.02908048717492084,0.09132999192879776,0.078774921375502,0.0287349164659254,0.022063017997484898,0.00014189117556564666,6,42,0.06378057866824262,0.07054990942837946,True,True,False,2.2867447606411339e-07,COMPLETE
647,0.24492095708847045,2025-04-10 21:34:35.540159,2025-04-10 21:34:43.722927,0 days 00:00:08.182768,0.3175145662681425,0.10069328940472402,16,0.13010748439694156,0.017524433482630865,0.09549960223714565,0.08444396538712522,0.046661820668785325,0.023912264051741988,8.637099336773779e-05,17,100,0.05764316116912628,0.06243425669507167,True,True,False,1.4947064661961888e-07,COMPLETE
648,0.3183956742286682,2025-04-10 21:34:43.928607,2025-04-10 21:34:50.505623,0 days 00:00:06.577016,0.18029031714694574,0.06558099836723844,16,0.05033894532160265,0.022005396005532092,0.09149264999453308,0.0754613502861267,0.0303681512090912,0.024130913058234796,5.6826492471617964e-05,5,46,0.06476859302276526,0.04734279371613245,True,True,False,8.522796206661215e-08,COMPLETE
649,0.40538356900215156,2025-04-10 21:34:50.722328,2025-04-10 21:34:57.461399,0 days 00:00:06.739071,0.30109922420413854,0.1090156586063301,16,0.040561338092767685,0.010689421344434593,0.0861896753113427,0.08134882112595665,0.03817226206147724,0.020066103742779083,0.00010332517512089452,6,40,0.06691909425964969,0.1999997337345335,True,True,False,7.159686189283889e-08,COMPLETE
650,0.40018602013587956,2025-04-10 21:34:57.665117,2025-04-10 21:35:04.557545,0 days 00:00:06.892428,0.5343514960101131,0.12656646627164475,16,0.0691768535870595,0.028621448281933224,0.08933648540106118,0.07806623222283703,0.09213127403832548,0.020050573647611942,7.49297129715097e-05,7,44,0.06087342191578301,0.050939323659777345,True,True,False,1.4213153274668169e-07,COMPLETE
651,0.2295885682106018,2025-04-10 21:35:04.773930,2025-04-10 21:35:11.612678,0 days 00:00:06.838748,0.3409447552341527,0.08547674132863808,16,0.05786603160841499,0.021637400209413606,0.09628191109523779,0.07478366900865635,0.031380233896196895,0.022049672682780627,0.0001272515523401192,7,55,0.06930212281265413,0.010530896833174763,True,True,False,2.742936300454786e-07,COMPLETE
652,0.4110836744308472,2025-04-10 21:35:11.819616,2025-04-10 21:35:18.387907,0 days 00:00:06.568291,0.26022863828895343,0.05525774796698946,16,0.035706295454550306,0.015574662255003008,0.09341319694916086,0.08017930545160498,0.09719926407257225,0.015819248736164,6.207895113877412e-05,5,37,0.06232508811730265,0.06836684025210735,True,True,False,2.128226187499047e-07,COMPLETE
653,0.19402997493743895,2025-04-10 21:35:18.607796,2025-04-10 21:35:25.311028,0 days 00:00:06.703232,0.21255771874813767,0.09965537929866684,16,0.05167105050828352,0.010358628706894791,0.09685670855382258,0.07637974007617523,0.03620181965050922,0.02430590308641427,0.0016065421469406913,6,48,0.05900141961329668,0.059672019477101025,True,True,False,2.660699298442284e-08,COMPLETE
654,0.3470194339752197,2025-04-10 21:35:25.518340,2025-04-10 21:35:39.919076,0 days 00:00:14.400736,0.2819588771917809,0.12414455636343741,2,0.043940217529475495,0.02687092140967039,0.09030523458720266,0.07833291486000675,0.028827506016179512,0.0011302264668414455,8.88474787168176e-05,15,25,0.06513048447282413,0.05727062479503564,True,True,False,1.1073437583375305e-07,COMPLETE
655,0.20628085136413576,2025-04-10 21:35:40.139022,2025-04-10 21:35:46.831514,0 days 00:00:06.692492,0.31780196164805413,0.05900086729613935,16,0.06657179895120269,0.01921121276322072,0.09388449464782861,0.08563416481484762,0.09389977001808116,0.025857181293387793,0.022735183855194862,6,33,0.06755643015513427,0.019522165821353202,True,True,False,1.758761587347835e-07,COMPLETE
656,0.20151100158691407,2025-04-10 21:35:47.037219,2025-04-10 21:35:53.717803,0 days 00:00:06.680584,0.7983415077408642,0.13720933166615917,16,0.05445680805655552,0.009825281932873067,0.08775782572553738,0.07480547998546613,0.056343032584463146,0.017722510717093236,0.00018834007729475036,5,66,0.07026039303423348,0.06441274167595332,True,True,False,1.8930935908310477e-06,COMPLETE
657,0.2290050029754639,2025-04-10 21:35:53.937277,2025-04-10 21:36:00.654668,0 days 00:00:06.717391,0.8400547720018268,0.08197053678234958,16,0.15384628877307824,0.03151494619946784,0.08203118780110079,0.08313616978842764,0.09226838262509156,0.03130496484331404,7.180769580098664e-05,6,42,0.06291791047807545,0.050411180682144716,True,True,False,2.3917432473672756e-07,COMPLETE
658,0.4317004084587098,2025-04-10 21:36:00.860007,2025-04-10 21:36:07.578404,0 days 00:00:06.718397,0.2435936459542527,0.09904343046942046,16,0.06248569705180517,0.022570529592819286,0.0917552417510477,0.0805335052697321,0.03940979632068751,0.020659376451739465,0.00011141750964413765,6,46,0.060669992020350824,0.05487722471809753,True,True,False,7.822808296684365e-08,COMPLETE
659,0.24006150960922243,2025-04-10 21:36:07.796682,2025-04-10 21:36:14.715464,0 days 00:00:06.918782,0.2341067234439616,0.07039429544964705,8,0.0655033125788911,0.01553879911944757,0.0909369092905163,0.08166524609601329,0.04104569743935242,0.020263824556884927,0.0001470207739310242,5,50,0.05879106650315449,0.05664623340151935,True,True,False,8.868809231221042e-08,COMPLETE
660,0.33537949323654176,2025-04-10 21:36:14.921397,2025-04-10 21:36:21.764991,0 days 00:00:06.843594,0.2367350392444581,0.05170228572072762,16,0.061642857862100206,0.022269446748970866,0.08865184331780883,0.08367216084491007,0.03937614711188803,0.021212786061223773,0.000124654692183996,7,53,0.060980242389199885,0.06855717512786504,True,True,False,6.94250111599427e-08,COMPLETE
661,0.24105027914047245,2025-04-10 21:36:21.982943,2025-04-10 21:36:28.766733,0 days 00:00:06.783790,0.21987404633582092,0.8734668866656875,16,0.07235215602123543,0.009802967248195352,0.08485425796753442,0.0803544118525234,0.041852930484144006,0.018487071181653422,0.00017912122926404893,6,47,0.05600500450482096,0.06280613604165033,True,True,False,8.039048712718633e-08,COMPLETE
662,0.37841194272041323,2025-04-10 21:36:28.975700,2025-04-10 21:36:35.771521,0 days 00:00:06.795821,0.2045242860077252,0.09262618035857645,16,0.0802038601787088,0.0164883983870508,0.09222683889666136,0.08474107511487818,0.045736433597139095,0.022439372225779533,0.00011360787243517267,7,50,0.05836124914719578,0.14622988746760285,True,True,False,1.0358511169788834e-07,COMPLETE
663,0.14738764464855195,2025-04-10 21:36:35.994402,2025-04-10 21:36:42.604257,0 days 00:00:06.609855,0.24744897820541215,0.10047124636166092,16,0.06098206799166615,0.030189667200625908,0.06934937522697839,0.07985018386159361,0.03959690221971068,0.01915660866564104,0.0001501890238721438,5,45,0.06064162232259981,0.05743455146438291,False,True,True,8.051931987901753e-08,COMPLETE
664,0.09234625697135926,2025-04-10 21:36:42.809434,2025-04-10 21:36:50.369254,0 days 00:00:07.559820,0.25578439034836314,0.07160136721493751,16,0.06946470558616606,0.006983683168023315,0.09088246315745904,0.0812183660321644,0.037675809533373815,0.022480186524189986,0.00010283344660604984,12,47,0.06276721447805009,0.07195378170608285,True,False,False,1.1969603739474103e-07,COMPLETE
665,0.3448619663715363,2025-04-10 21:36:50.590637,2025-04-10 21:36:57.342262,0 days 00:00:06.751625,0.1828950655804266,0.055351490934292966,16,0.06242860318373471,0.023325146034755107,0.08695289792235945,0.07780733257021616,0.043182927898997414,0.016718088366085203,0.00011684311436233324,6,44,0.06433883601429656,0.05131753762477247,True,True,False,6.693147296891874e-08,COMPLETE
666,0.14794820547103882,2025-04-10 21:36:57.563443,2025-04-10 21:37:04.170940,0 days 00:00:06.607497,0.24717664316570945,0.11589299562418738,16,0.09836299048493496,0.01529714011617133,0.08920661473666797,0.07582117349049985,0.032568671383413635,0.014002265846635352,8.967972908285745e-05,5,52,0.0614453794445808,0.06124351865318995,True,True,False,3.974237222081945e-08,COMPLETE
667,0.4257351398468018,2025-04-10 21:37:04.378707,2025-04-10 21:37:11.110680,0 days 00:00:06.731973,0.2654977210545249,0.13793911682088705,16,0.05860905257598191,0.009135447310202742,0.09303147501737408,0.07910990269615942,0.06483541428231249,0.0181042250807727,0.00010207196887792852,6,39,0.0578393019216795,0.054746716775132334,True,True,False,2.7557042899856595e-08,COMPLETE
668,0.24818023443222048,2025-04-10 21:37:11.330802,2025-04-10 21:37:18.177909,0 days 00:00:06.847107,0.26533594540266114,0.08264571075985377,16,0.05413500326734502,0.24872874242511123,0.016894769423956846,0.07407331264254653,0.035680119331178616,0.024660888266914746,0.00012362149510883417,7,46,0.06436685865976761,0.06592421181807198,True,True,False,7.04847284177063e-08,COMPLETE
669,0.2208917409181595,2025-04-10 21:37:18.386689,2025-04-10 21:37:25.004105,0 days 00:00:06.617416,0.2039491859686076,0.10271692144335604,16,0.07522250343273683,0.027051082311726836,0.09186912763792182,0.08239003688714808,0.03906126311882473,0.02255243373866027,8.55627819387798e-05,6,43,0.06609435705394782,0.04853199866275762,True,True,False,8.731539367197929e-08,COMPLETE
670,0.3254863500595093,2025-04-10 21:37:25.225047,2025-04-10 21:37:31.809290,0 days 00:00:06.584243,0.23303861526952352,0.0436084503361446,16,0.06335469313624634,0.019408384610187103,0.05237083123825433,0.07675321294260046,0.03446069346300489,0.01975150143691728,0.00015129402160785334,5,17,0.060002123681422596,0.07298047290008122,True,True,False,4.907981981928283e-08,COMPLETE
671,0.25076423883438115,2025-04-10 21:37:32.020102,2025-04-10 21:37:38.622111,0 days 00:00:06.602009,0.276630989183503,0.08516579420094575,16,0.06897004590366543,0.030739475330113047,0.039575688038859656,0.08018697895901902,0.031091964637559293,0.0608977430681968,9.142913777732337e-05,5,48,0.06277323593411736,0.06490186121080194,True,True,False,1.3824444078122355e-07,COMPLETE
672,0.4131034374237061,2025-04-10 21:37:38.842212,2025-04-10 21:37:45.562089,0 days 00:00:06.719877,0.2221542577746048,0.12122467195076783,16,0.05036257111757313,0.005408555031525356,0.08983159778546733,0.07408060045176701,0.02725634124422575,0.016035636820582504,0.00010348945689901764,6,41,0.06605396906876924,0.05713531358102621,True,True,False,1.0198909061902046e-07,COMPLETE
673,0.1581222027540207,2025-04-10 21:37:45.772724,2025-04-10 21:37:52.416534,0 days 00:00:06.643810,0.28351154491705644,0.06100392702310252,16,0.056841124988539576,0.012823235751410077,0.09433348652297105,0.07810441384976193,0.03397990817553697,0.021474838142015767,7.744551854286739e-05,7,44,0.01725964808772281,0.052444902114554465,True,True,False,3.369499301105835e-08,COMPLETE
674,0.19990665912628175,2025-04-10 21:37:52.639710,2025-04-10 21:37:59.700828,0 days 00:00:07.061118,0.358994837228202,0.1407405547003929,16,0.04512063018598964,0.02285769636383966,0.08746196897672262,0.08616599094445791,0.029149284512106424,0.02492655458653028,0.0001281915439522761,10,49,0.0610006738513388,0.04750512485962659,True,True,False,2.622159148171877e-06,COMPLETE
675,0.42055392861366275,2025-04-10 21:37:59.914429,2025-04-10 21:38:06.606173,0 days 00:00:06.691744,0.24894445590269101,0.10142284924764486,16,0.033937241310327486,0.017549259989173355,0.09230686715944644,0.08327776691388442,0.042400359648080484,0.06275512147288474,7.781460280945086e-05,6,39,0.06374574055144719,0.06904374429466618,True,True,False,2.2293315750242153e-08,COMPLETE
676,0.3258817195892334,2025-04-10 21:38:06.828780,2025-04-10 21:38:16.099820,0 days 00:00:09.271040,0.3898075035869042,0.06584897116842436,2,0.05114724666338716,0.19963170055077617,0.08599349883792753,0.07592792418929473,0.06115477320194877,0.023197883787968495,9.927892981617713e-05,5,46,0.028929539843942927,0.27733522036005154,True,True,False,6.045647407403809e-08,COMPLETE
677,0.3707663655281067,2025-04-10 21:38:16.313911,2025-04-10 21:38:23.069288,0 days 00:00:06.755377,0.29717710568338807,0.0479186194389129,16,0.040512164348742136,0.005097096952360743,0.06210774776784993,0.07885478169321382,0.03767155266893015,0.020873512433076467,6.769616375472222e-05,7,36,0.06761607852355653,0.059432754621604605,True,True,False,4.287108114714142e-08,COMPLETE
678,0.38716879487037664,2025-04-10 21:38:23.289612,2025-04-10 21:38:29.984029,0 days 00:00:06.694417,0.2806379051712723,0.08084153015167825,16,0.0579292883300616,0.0001605591185170254,0.08930698443642175,0.03857535935372021,0.04474670380735778,0.060069290219248145,0.00011031100009985062,6,42,0.05628904060560094,0.06522976784591307,True,True,False,2.5232751702591914e-08,COMPLETE
679,0.3596358597278595,2025-04-10 21:38:30.211319,2025-04-10 21:38:36.868100,0 days 00:00:06.656781,0.34574486031705143,0.11856749181019494,16,0.0657967449132789,0.071880085848255,0.0949047122064728,0.07270084437558716,0.025684189114824736,0.03598784264072448,8.634563579481088e-05,5,51,0.0593874373192904,0.04664595938819706,True,True,False,1.3899426185136716e-07,COMPLETE
