number,value,datetime_start,datetime_complete,duration,params_alpha-eval,params_alpha-train,params_batch-size,params_eps-eval,params_eps-train,params_lambda-actions-eval,params_lambda-actions-train,params_lambda-frames-eval,params_lambda-frames-train,params_learning-rate,params_n-epochs,params_n-frames,params_radius-gw,params_rho,params_std-feats,params_ub-actions,params_ub-frames,params_weight-decay,state
737,0.17932797968387604,2025-04-10 21:45:39.858596,2025-04-10 21:45:46.481680,0 days 00:00:06.623084,0.21317561133114568,0.11721660775682849,16,0.04923366611324822,0.01870489406137678,0.09299783566840747,0.07641105599239116,0.03911805530086987,0.016908795111030328,0.0027895402604747534,6,53,0.06316396046297194,0.0505225246905366,True,True,False,7.227414258130926e-08,COMPLETE
738,0.0989525392651558,2025-04-10 21:45:46.712366,2025-04-10 21:45:53.566817,0 days 00:00:06.854451,0.19115328653884384,0.10415142326754405,16,0.05844406235948478,0.014305735419203706,0.09199177925626978,0.07887565154999568,0.036350874241047666,0.015527127649212167,8.920862200183969e-05,7,49,0.061406677400860976,0.05671579029914156,True,True,True,5.6240085124647334e-08,COMPLETE
739,0.37801883220672605,2025-04-10 21:45:53.809581,2025-04-10 21:46:00.704702,0 days 00:00:06.895121,0.18834561309365022,0.0859828076385894,16,0.05333043110569072,0.13451557622857885,0.08940036175106222,0.07629837171156681,0.041631254600695056,0.010967395935072864,6.956258550316171e-05,5,46,0.06486280974047448,0.07252086895350489,False,False,False,6.723065915512771e-08,COMPLETE
740,0.41190935373306276,2025-04-10 21:46:00.949339,2025-04-10 21:46:07.741368,0 days 00:00:06.792029,0.20471110646466376,0.11045429981110916,16,0.04787585590351631,0.008617012203450333,0.09424864311239943,0.07443974665674293,0.038118813053000966,0.016970144698133054,0.0001112251844083855,6,56,0.058120909559150745,0.06000463371738171,True,True,False,4.8228898725378113e-08,COMPLETE
741,0.1026760995388031,2025-04-10 21:46:07.974464,2025-04-10 21:46:14.492877,0 days 00:00:06.518413,0.1448758667035812,0.07049746294043499,16,0.06802035534621118,0.019306403509591265,0.0906739928159992,0.08046446922790043,0.036325599748669946,0.018669909012229074,5.167224834313517e-05,5,48,0.0628469554960312,0.04909496101271378,True,True,False,7.405876272991238e-08,COMPLETE
742,0.39418708682060244,2025-04-10 21:46:14.739522,2025-04-10 21:46:21.466953,0 days 00:00:06.727431,0.2271900555652967,0.12784409439814065,16,0.05802510526525986,0.004909260594042432,0.08487050043995042,0.03311839360661957,0.03647178848481074,0.020225854844641004,8.252955114834102e-05,6,53,0.05935701656348771,0.0697258616799139,True,True,False,8.614476986512841e-08,COMPLETE
743,0.32790049910545355,2025-04-10 21:46:21.698280,2025-04-10 21:46:28.484901,0 days 00:00:06.786621,0.17956915543078636,0.09430835840469634,16,0.04322896437731399,0.011449694536308586,0.09324116812384582,0.07767574580413798,0.035150695928573436,0.01542045833953656,0.00015418934039818308,7,45,0.06480810103010522,0.05392663688869105,True,True,False,5.675103623306875e-08,COMPLETE
744,0.18116067945957184,2025-04-10 21:46:28.732227,2025-04-10 21:46:38.557310,0 days 00:00:09.825083,0.21900467554960756,0.05295418380085208,2,0.05056909658230764,0.018951724888623116,0.005452986157161485,0.07542615603895034,0.03368647189689822,0.019672575164185878,9.778605587231128e-05,6,50,0.06159977917822012,0.06641696627089944,True,True,False,9.279162838250555e-08,COMPLETE
745,0.16210580766201022,2025-04-10 21:46:38.801835,2025-04-10 21:46:45.332718,0 days 00:00:06.530883,0.16636217361544,0.02871023998200197,16,0.05448523743025493,0.023825580669902088,0.09464535694973196,0.07798202318196702,0.014157448172228172,0.017542473193783537,6.408605476298601e-05,5,43,0.05502814602643955,0.06162094918398206,True,True,False,4.399491249879215e-08,COMPLETE
746,0.17924584150314332,2025-04-10 21:46:45.565592,2025-04-10 21:46:52.285078,0 days 00:00:06.719486,0.23550849540135568,0.11377797002478246,16,0.06379097375404044,0.012511688983306266,0.08700645791111056,0.07397306739991219,0.04004916556340822,0.022141683062527028,0.0003573979651593295,6,47,0.06640907178751085,0.0447586049155647,True,True,False,4.380942358109523e-05,COMPLETE
747,0.41682560443878175,2025-04-10 21:46:52.530614,2025-04-10 21:46:59.162305,0 days 00:00:06.631691,0.19386814651937354,0.077750329684203,16,0.04124655706108349,0.00430937798053083,0.09193418992490789,0.08148367652367683,0.03908018992204432,0.012997850913122232,7.972141757136178e-05,5,41,0.06392461071818838,0.07485174438612366,True,True,False,6.22284976242617e-08,COMPLETE
748,0.2566024243831635,2025-04-10 21:46:59.397035,2025-04-10 21:47:06.170749,0 days 00:00:06.773714,0.21395727984396648,0.13120358855484204,16,0.048184045529587105,0.015647280683344093,0.05992339264685738,0.07116385038773662,0.03245470305634871,0.02473641716822843,0.00012704638105796032,7,45,0.06203644174198945,0.05734519096862082,True,True,False,1.0420225931872891e-05,COMPLETE
749,0.26511186361312866,2025-04-10 21:47:06.415418,2025-04-10 21:47:13.624011,0 days 00:00:07.208593,0.25595656278163004,0.04539552334198438,8,0.05847668775026562,0.00019672842472952593,0.08940498919090645,0.07681314692819673,0.03464170156784893,0.02914733698546563,9.983987862240334e-05,7,51,0.0500950822778373,0.08780868345136471,True,True,False,3.1785450028875486e-08,COMPLETE
750,0.34064990282058716,2025-04-10 21:47:13.873557,2025-04-10 21:47:20.619582,0 days 00:00:06.746025,0.42324201512081644,0.09716190373866666,16,0.07249790520069652,0.02521553657491641,0.09558987153065004,0.07955032113833999,0.032604268411248374,0.004538841098466251,7.065633226739036e-05,6,47,0.05989919917514665,0.04750805135507867,True,True,False,1.1542251785609336e-07,COMPLETE
751,0.37942360043525697,2025-04-10 21:47:20.856763,2025-04-10 21:47:28.475929,0 days 00:00:07.619166,0.23988929423729616,0.13801308468525453,16,0.04501562141528213,0.009674355140432018,0.0929706580080018,0.07303186698245533,0.03138160118929961,0.019079667167346125,8.25974285040902e-05,16,40,0.06603836861677385,0.06527417372613212,True,True,False,4.9149972141191344e-08,COMPLETE
752,0.43350938558578495,2025-04-10 21:47:28.724644,2025-04-10 21:47:35.947424,0 days 00:00:07.222780,0.2134110806706257,0.06719074444241722,16,0.04986865318894481,0.021212835074988178,0.08844387390428024,0.07543306164681131,0.030069683528582233,0.02109034178045514,5.2261439371868776e-05,11,43,0.06384937055308279,0.05386607085370084,True,True,False,2.2563840623585528e-08,COMPLETE
753,0.34266849160194396,2025-04-10 21:47:36.184154,2025-04-10 21:47:43.152900,0 days 00:00:06.968746,0.21772585781706227,0.05446064481813109,16,0.040068028429969725,0.02000453353721273,0.08471943115654101,0.07066745102487731,0.03022810651170835,0.02225813978062868,4.514448333011275e-05,9,34,0.057114162185394717,0.039399618998938256,True,True,False,2.8161114914909456e-08,COMPLETE
754,0.2734779477119446,2025-04-10 21:47:43.403370,2025-04-10 21:47:50.267616,0 days 00:00:06.864246,0.19258543759032287,0.030290863678976092,16,0.05007058220054876,0.018890700072017076,0.0796651391690217,0.07476122173485217,0.027570979119997476,0.02062075849879736,5.605105955605517e-05,8,39,0.06131548872214183,0.052219220329186355,True,True,False,3.741719612299526e-08,COMPLETE
755,0.24698892235755923,2025-04-10 21:47:50.518779,2025-04-10 21:47:57.447081,0 days 00:00:06.928302,0.19729314954263438,0.07094421516302274,16,0.06404780247606989,0.013948546770945407,0.08621762884649505,0.0730369267289038,0.029775991854800506,0.013973079554970357,4.7799294038750834e-05,8,62,0.059399468462642276,0.044116588889003515,True,True,False,2.5937387658575088e-08,COMPLETE
756,0.4248691558837891,2025-04-10 21:47:57.683117,2025-04-10 21:48:04.750306,0 days 00:00:07.067189,0.20669044263890746,0.04567764218815388,16,0.037175478728831444,0.02425844301905656,0.08835275414994892,0.07527571736553922,0.03194808025783125,0.01806104869104287,5.6803294658612076e-05,10,36,0.06343646635655001,0.03363884330144028,True,True,False,7.203650360843689e-08,COMPLETE
757,0.19126870036125182,2025-04-10 21:48:04.998656,2025-04-10 21:48:11.788324,0 days 00:00:06.789668,0.17629332737860492,0.06474299008537895,16,0.05616715745450521,0.008734539779673384,0.08817941289528759,0.07217560771464551,0.028202274588425832,0.022697838911518466,5.526279900967461e-05,7,43,0.06300367287907434,0.002704239261223821,True,True,False,3.356199945479332e-08,COMPLETE
758,0.1742534041404724,2025-04-10 21:48:12.043953,2025-04-10 21:48:19.087890,0 days 00:00:07.043937,0.23482704655403108,0.030958653287298656,16,0.04505389674524505,0.01787920966678251,0.09097958864959545,0.06972128429442563,0.03445755515980989,0.021155225303850354,5.197533048755062e-05,11,42,0.060685764981266425,0.05105082101969375,False,False,True,9.512559408781491e-08,COMPLETE
759,0.42293082475662236,2025-04-10 21:48:19.323506,2025-04-10 21:48:26.204602,0 days 00:00:06.881096,0.2222806978798822,0.07146700196496947,16,0.050804614238063636,0.013032606428501065,0.08346315617211343,0.0754925174885818,0.03739088087557699,0.016416368656660348,6.394164348147277e-05,8,38,0.06470608666575954,0.055687013119191754,True,True,False,4.368350574725741e-08,COMPLETE
760,0.10035219192504882,2025-04-10 21:48:26.457584,2025-04-10 21:48:33.605733,0 days 00:00:07.148149,0.20847259361452508,0.010395833684247041,16,0.06908619237766156,0.026570474924485887,0.08621147030172314,0.07666784303042674,0.026361133388550704,0.024607049979759394,6.539238784671799e-05,11,45,0.062157818566228734,0.0491515121648682,True,True,False,2.376520070076626e-08,COMPLETE
761,0.26247011423110966,2025-04-10 21:48:33.842761,2025-04-10 21:48:41.317145,0 days 00:00:07.474384,0.1712830718003846,0.052165068433314456,16,0.040514440745931496,0.02032148113613161,0.09431603322270839,0.07306577803991317,0.030007854873898183,0.018438992405969253,4.6280395052366346e-05,14,42,0.05312685176962584,0.02537264370141732,True,True,False,1.3409962511721515e-07,COMPLETE
762,0.3487588226795197,2025-04-10 21:48:41.571649,2025-04-10 21:48:48.444141,0 days 00:00:06.872492,0.23271698294527182,0.08498534331998515,16,0.06095645348180633,0.01086380331088827,0.09539800653340863,0.07155884093151524,0.03302599331983769,0.020265859495386465,7.247684806847317e-05,7,48,0.05824001535003852,0.04184453284290959,True,True,False,6.021524516215714e-08,COMPLETE
763,0.30361855030059814,2025-04-10 21:48:48.699275,2025-04-10 21:48:55.721402,0 days 00:00:07.022127,0.2034445212481024,0.029808604733571872,16,0.05443694097884338,0.008429670460070426,0.09047516884141547,0.07452286280818957,0.031131619955094475,0.02299486076454918,0.00022559539422614748,9,40,0.064258764998668,0.056708925070442354,True,True,False,3.946930495811154e-08,COMPLETE
764,0.2749841034412384,2025-04-10 21:48:55.960387,2025-04-10 21:49:03.359958,0 days 00:00:07.399571,0.23984102248968345,0.08154748554329701,16,0.046027195197730304,0.004509496662686862,0.09236015264490773,0.07717275504080398,0.028415737448846075,0.026057020885964788,6.0567711234300904e-05,13,44,0.06701003755933219,0.03845779217697829,True,True,False,9.468709313544552e-08,COMPLETE
765,0.28619158267974854,2025-04-10 21:49:03.609483,2025-04-10 21:49:10.317012,0 days 00:00:06.707529,0.22423718967786038,0.060851804147919616,16,0.037929842837095426,0.018208443742213174,0.08827617345603637,0.07918902888356955,0.03525761069207975,0.01898984533128713,0.0007288689791311879,6,36,0.05607981588140318,0.04700299877221773,True,True,False,2.643574784993059e-08,COMPLETE
766,0.20972996652126313,2025-04-10 21:49:10.554719,2025-04-10 21:49:20.351210,0 days 00:00:09.796491,0.40994087117222905,0.09130482815894633,2,0.08886747234339179,0.027728608886483517,0.09371259538124362,0.07393364294940677,0.024948276806404934,0.008194021849322913,0.00011370240406531832,6,50,0.06028515467168862,0.0779790313883093,True,True,False,5.0703460780096515e-08,COMPLETE
767,0.3488131582736969,2025-04-10 21:49:20.599584,2025-04-10 21:49:27.418893,0 days 00:00:06.819309,0.2502852096518645,0.04825026523350184,16,0.05835255350312271,0.022080445374647605,0.09652756267852843,0.07688675659104775,0.0331233234811556,0.023930299121806407,7.828087259416139e-05,7,47,0.06321371504444298,0.06504945495863743,True,True,False,7.618046159376441e-08,COMPLETE
768,0.39295181035995486,2025-04-10 21:49:27.674821,2025-04-10 21:49:34.493430,0 days 00:00:06.818609,0.38852827746317786,0.010022232683617384,16,0.046531192859741444,0.01377950489374902,0.08966227658649921,0.07024043305011485,0.028678845726079476,0.021027607756529038,5.036172643625928e-05,7,42,0.0651600318234899,0.01577133467745374,True,True,False,1.4277713802095925e-07,COMPLETE
769,0.23121954798698427,2025-04-10 21:49:34.733114,2025-04-10 21:49:42.057995,0 days 00:00:07.324881,0.17981917125619717,0.10186285609237501,16,0.07800427131223876,0.0003841726164949162,0.09181572090817304,0.0724037079591512,0.041208127302973324,0.016600362993668967,9.191413378187988e-05,12,39,0.06178101690942907,0.05263514725711708,True,True,False,2.1429322785727958e-08,COMPLETE
770,0.25288037657737733,2025-04-10 21:49:42.311784,2025-04-10 21:49:49.000915,0 days 00:00:06.689131,0.1515882623475135,0.06764783788175813,16,0.05213780656962582,0.01749717834248778,0.06544915871179499,0.0814695693894171,0.03111249935014464,0.02711041059658331,7.1421033120143e-05,6,44,0.06735782215832817,0.03204567378625189,True,True,False,3.4725783905577565e-08,COMPLETE
771,0.16521697342395783,2025-04-10 21:49:49.254718,2025-04-10 21:49:56.321330,0 days 00:00:07.066612,0.24853629367663957,0.04033754513387325,16,0.24692538554155258,0.026944269141688702,0.08661163239495054,0.09057064510586556,0.026300456705575605,0.021924199286141293,0.00011804173384377735,12,31,0.059168051795401244,0.061105175856288316,True,True,False,6.190362529843219e-08,COMPLETE
772,0.2247289538383484,2025-04-10 21:49:56.567647,2025-04-10 21:50:03.552474,0 days 00:00:06.984827,0.25744676672298544,0.08587936201079349,8,0.06585318606207889,0.006242537152809403,0.056406455707250724,0.07584101641035158,0.03744396041101431,0.024771714803196423,0.00016603693693614544,6,47,0.06294498360103688,0.07119184657027647,True,True,False,1.0401463540951036e-07,COMPLETE
773,0.42215803861618045,2025-04-10 21:50:03.806120,2025-04-10 21:50:10.637310,0 days 00:00:06.831190,0.2045739647605628,0.11315042564839448,16,0.042268363762905395,0.011823627976243273,0.09583169925434862,0.07840816758922493,0.02948783379819593,0.08488026862800757,6.30745912282362e-05,7,41,0.06836853750275722,0.046819798629308684,True,True,False,1.8322156398782728e-08,COMPLETE
774,0.09234625697135926,2025-04-10 21:50:10.877675,2025-04-10 21:50:17.795376,0 days 00:00:06.917701,0.2652042372213954,0.06412224072624742,16,0.21523551715873993,0.02246359330579898,0.0353818957639505,0.07398420245457091,0.03436091105499667,0.015177284303927138,8.363387102558443e-05,10,52,0.08721125064934034,0.057099356839981706,True,True,False,4.882016697573673e-08,COMPLETE
775,0.40984719991683966,2025-04-10 21:50:18.047776,2025-04-10 21:50:24.679689,0 days 00:00:06.631913,0.23414035525960256,0.03378211439536184,16,0.035793515189921576,0.030325251799388754,0.09479514148381205,0.06883124868481715,0.02364257949888112,0.018497450309979332,0.0001047640329627649,6,21,0.06430651025844128,0.05178303782162692,True,True,False,3.127670288385446e-08,COMPLETE
776,0.3670471012592316,2025-04-10 21:50:24.937399,2025-04-10 21:50:31.673578,0 days 00:00:06.736179,0.27343987097872824,0.10732076168295836,16,0.0533219869638655,0.013830981001298655,0.09271736614834371,0.0770593347994543,0.03211256622621783,0.07044178814532734,0.0001353446293235493,6,44,0.060710022165674275,0.18265744951808072,True,True,True,1.6305190531100614e-07,COMPLETE
777,0.09234625697135926,2025-04-10 21:50:31.917045,2025-04-10 21:50:38.767745,0 days 00:00:06.850700,0.3594317589710341,0.14844276241422685,16,0.06055956995993457,0.005705742786073821,0.08297158988483223,0.07894499542660267,0.027404401429562047,0.02077500817464014,7.458387183567282e-05,7,37,0.03518296209296605,0.13954338147731016,False,False,False,7.714007944835808e-08,COMPLETE
778,0.421988308429718,2025-04-10 21:50:39.026670,2025-04-10 21:50:45.746158,0 days 00:00:06.719488,0.22667500440107483,0.08212598488790024,16,0.04599349878667611,0.021639085317491362,0.08959102622201764,0.07507479002894345,0.036205333091326064,0.02602836715397612,5.242288267338167e-05,6,46,0.05760174083959487,0.041230202938478254,True,True,False,2.4306578920438786e-08,COMPLETE
779,0.2735594153404236,2025-04-10 21:50:46.002172,2025-04-10 21:50:52.937741,0 days 00:00:06.935569,0.3876891706364766,0.10504044559541911,16,0.15884216910856755,0.014137487430889986,0.09752825509023723,0.08228760338378012,0.031461362328540965,0.06732361550290616,9.475931230187271e-05,9,34,0.07016850535184525,0.08389640093564675,True,True,False,4.0365489741821686e-08,COMPLETE
780,0.38672766685485843,2025-04-10 21:50:53.179821,2025-04-10 21:50:59.802913,0 days 00:00:06.623092,0.5062643873800744,0.5363693829400705,16,0.05064546388943639,0.15174861865966532,0.08747114093756778,0.07124202975806802,0.030014342264473852,0.02222451526276862,6.243391459632979e-05,5,49,0.06542223421234244,0.06832611858517769,True,True,False,6.070540484356804e-08,COMPLETE
781,0.32582681179046635,2025-04-10 21:51:00.058109,2025-04-10 21:51:06.598037,0 days 00:00:06.539928,0.3392120091804074,0.24706305773525272,16,0.07103146571976984,0.00018332532187065667,0.09096121301040604,0.08017091445134218,0.02738918161964983,0.02760279588377148,8.106519615112748e-05,5,40,0.06188731714888239,0.06096544555534186,True,True,False,1.2282622231007817e-07,COMPLETE
782,0.27744373083114626,2025-04-10 21:51:06.859156,2025-04-10 21:51:13.738067,0 days 00:00:06.878911,0.2502337945356677,0.028445648905224084,16,0.058491651774718524,0.030361617488736843,0.09364646658588603,0.07298064469413372,0.03903085173394079,0.014224499686418986,0.00011348137346576513,8,43,0.06755153832685641,0.044913424758649345,True,True,False,8.273688067767217e-08,COMPLETE
783,0.2680490255355835,2025-04-10 21:51:13.982211,2025-04-10 21:51:21.285204,0 days 00:00:07.302993,0.19045010397654139,0.40028190562640786,16,0.03435872958294153,0.01754862329647345,0.09612549982904377,0.07626286658953346,0.03400241690144881,0.023487304081633947,9.468823244533522e-05,13,38,0.06587738423538092,0.07419530158309662,True,True,False,9.366618724050425e-05,COMPLETE
784,0.4208663284778595,2025-04-10 21:51:21.542219,2025-04-10 21:51:28.261666,0 days 00:00:06.719447,0.27555180933133416,0.5824097940435562,16,0.04060626396118791,0.008609100153993509,0.08448186855865396,0.06719851360836236,0.026253097109001818,0.01777647097407061,4.490898125017767e-05,6,46,0.059436955031909995,0.05711948381384727,True,True,False,1.0942972309984479e-07,COMPLETE
785,0.37156448364257816,2025-04-10 21:51:28.522625,2025-04-10 21:51:35.323197,0 days 00:00:06.800572,0.37545416656552477,0.06172854979462662,16,0.0653381244382795,0.022658348840543515,0.09156656984150933,0.07788819295861915,0.021355647110931346,0.07499533570349198,7.217944844702204e-05,7,42,0.06320642646565461,0.03602265768834508,True,True,False,1.894753826422443e-08,COMPLETE
786,0.42526955604553224,2025-04-10 21:51:35.567954,2025-04-10 21:51:42.149516,0 days 00:00:06.581562,0.2886242347622328,0.12957393568416886,16,0.047364510318325476,0.027692102587804513,0.08867940548776693,0.07416459586910443,0.02877016956436637,0.06224683613641419,5.750745531498423e-05,5,49,0.061113344618879496,0.06488881467275805,True,True,False,2.8524627611281386e-08,COMPLETE
787,0.41396093368530273,2025-04-10 21:51:42.408440,2025-04-10 21:51:49.119228,0 days 00:00:06.710788,0.24616856672976656,0.08451507875617492,16,0.05281384207590544,0.009256534231232013,0.09351524915694295,0.08339148167760588,0.042393252291571856,0.020700391524242346,0.00013564358874555523,6,58,0.07059103944774424,0.09486042470602159,True,True,False,5.510614072228513e-08,COMPLETE
788,0.25016654133796695,2025-04-10 21:51:49.364739,2025-04-10 21:51:58.701743,0 days 00:00:09.337004,0.21893370310044674,0.158220650811707,2,0.04311225257746765,0.016824079791983824,0.09705850091523081,0.07038423224179417,0.012003260309842799,0.03929831970131986,8.371745151343237e-05,5,54,0.0644661234919491,0.050573783822603906,True,True,False,1.6805102864040503e-07,COMPLETE
789,0.28427158594131474,2025-04-10 21:51:58.958475,2025-04-10 21:52:05.743694,0 days 00:00:06.785219,0.2669142483720342,0.054421325895907646,16,0.05862230027141639,0.02286924861876614,0.09024376632006678,0.08000912783687358,0.032000549570488174,0.01215087495261066,0.00010124050127697925,7,45,0.05637685657154433,0.02719248045085719,True,True,False,3.620325451969629e-08,COMPLETE
790,0.3044260680675507,2025-04-10 21:52:06.004787,2025-04-10 21:52:12.710500,0 days 00:00:06.705713,0.40592421940947127,0.01001288252800172,16,0.03419649165881442,0.005147391959566053,0.09495766781988686,0.07629733547026983,0.03458420010714043,0.019388041395103153,0.0001793697566346401,6,40,0.06665418506828126,0.054674722446076754,True,True,False,0.0003749331819362789,COMPLETE
791,0.33435551524162294,2025-04-10 21:52:12.960692,2025-04-10 21:52:19.682948,0 days 00:00:06.722256,0.3544854383054406,0.09329342983447178,16,0.07611991950308586,0.032081243303472895,0.0866135029668067,0.07237837257606262,0.030063014639143813,0.02480219126550658,6.441916212955778e-05,6,43,0.06869675732913286,0.040193051172778216,True,True,False,1.4306433529499047e-08,COMPLETE
792,0.32660994529724124,2025-04-10 21:52:19.944815,2025-04-10 21:52:26.756649,0 days 00:00:06.811834,0.3167658673322401,0.12174051000059911,16,0.05369969830017957,0.016006884275636686,0.091618125693806,0.07503119806128182,0.045165931391695294,0.029315718707477578,0.00011673549301109001,7,51,0.062382090766103675,0.07044729476482868,True,True,False,4.5796928770401996e-08,COMPLETE
