number,value,datetime_start,datetime_complete,duration,params_alpha-eval,params_alpha-train,params_batch-size,params_eps-eval,params_eps-train,params_lambda-actions-eval,params_lambda-actions-train,params_lambda-frames-eval,params_lambda-frames-train,params_learning-rate,params_n-epochs,params_n-frames,params_radius-gw,params_rho,params_std-feats,params_ub-actions,params_ub-frames,params_weight-decay,state
1633,0.16629972755908967,2025-04-10 23:36:15.883291,2025-04-10 23:36:22.623631,0 days 00:00:06.740340,0.2002103887134589,0.024425328800018603,16,0.03930567641830376,0.0044824115445752195,0.08544830810603235,0.07018508159946765,0.04337501346786951,0.030719589230979397,0.0003598163453850043,7,42,0.059683490661719366,0.049857326473220775,False,True,False,6.690218123336134e-08,COMPLETE
1634,0.20657230615615846,2025-04-10 23:36:23.174829,2025-04-10 23:36:29.983180,0 days 00:00:06.808351,0.21945924164557618,0.08883334548576931,16,0.050255568971694836,0.0006932280052192995,0.0876436749155785,0.05653536650611948,0.04641442946968346,0.03302408451787506,6.539154009443341e-05,7,50,0.06182296505631769,0.05549206062984954,True,False,True,1.2199339954717613e-07,COMPLETE
1635,0.21566538214683534,2025-04-10 23:36:30.510876,2025-04-10 23:36:38.050882,0 days 00:00:07.540006,0.2633465518572099,0.048856923795409964,8,0.033489687711592775,0.01598932411657287,0.09033455909851967,0.04709107489850799,0.04194354853556631,0.0309592951522946,8.607455489253221e-05,9,47,0.06375884461631079,0.043948688990812605,True,True,False,5.271691810675758e-08,COMPLETE
1636,0.09234625697135926,2025-04-10 23:36:38.609407,2025-04-10 23:36:45.317041,0 days 00:00:06.707634,0.23929945074817352,0.11656635518688377,16,0.04369293031169593,0.009783733906851878,0.09246624033325099,0.057875429394021925,0.043934258479429625,0.029610899448994303,0.006202680426404639,7,38,0.057080379321501604,0.0629951877441614,True,True,False,9.762807563280073e-08,COMPLETE
1637,0.3089182436466217,2025-04-10 23:36:45.850910,2025-04-10 23:36:52.867874,0 days 00:00:07.016964,0.27951938947800614,0.07000866064368017,16,0.05825922687307414,0.020217297426917785,0.08539208022220449,0.048687208910980107,0.05011470767374914,0.03399768319223798,0.00011768569423272771,9,44,0.06007020282185061,0.05028305506542151,True,True,False,1.5032691693137467e-07,COMPLETE
1638,0.2910241425037384,2025-04-10 23:36:53.398826,2025-04-10 23:37:00.407231,0 days 00:00:07.008405,0.2923933197579663,0.09520776827728011,16,0.049903637864667616,0.00993664256231592,0.0784607275555231,0.04133795452671539,0.04118728833232811,0.02878401820654769,6.803023100187787e-05,8,52,0.06329416480135787,0.2535110502746506,True,True,False,7.689673476993945e-08,COMPLETE
1639,0.1760150223970413,2025-04-10 23:37:00.956726,2025-04-10 23:37:07.681935,0 days 00:00:06.725209,0.18962874633362303,0.13409458521592607,16,0.02563122556437522,0.0004571478878731966,0.08837345417620299,0.0683682118531911,0.044485796879699356,0.03146649054203091,0.003881017022791534,7,41,0.05815392805005539,0.06995546117302016,True,True,False,7.465411124590139e-05,COMPLETE
1640,0.23941404819488527,2025-04-10 23:37:08.215646,2025-04-10 23:37:15.466757,0 days 00:00:07.251111,0.2517956199344241,0.058683129552798974,16,0.037418605592207534,0.016177907936694255,0.08332837320044113,0.05560822108615118,0.04675260889639681,0.017736338783341882,9.771107093966267e-05,11,48,0.06213168717869299,0.05858371317170395,True,True,False,5.2815127468504456e-08,COMPLETE
1641,0.33258334398269657,2025-04-10 23:37:16.020520,2025-04-10 23:37:23.396583,0 days 00:00:07.376063,0.2252618068320747,0.11218772936589388,16,0.04242264390867774,0.026361060912220347,0.09061060957477401,0.07928572311952374,0.044864195782557695,0.015510827130493784,7.43194006850791e-05,12,54,0.06460892239386856,0.033588643291483464,True,True,False,1.1249979251810298e-07,COMPLETE
1642,0.4029162704944611,2025-04-10 23:37:23.932996,2025-04-10 23:37:30.770152,0 days 00:00:06.837156,0.2993942697459126,0.08118042056577796,16,0.05406158759678907,0.021176965499915806,0.08123201602130463,0.06258490096398979,0.05703069672606051,0.028800340679295905,8.467625481340413e-05,7,45,0.06087945214725029,0.043678568696832835,True,True,False,1.488570430506852e-07,COMPLETE
1643,0.3903697431087494,2025-04-10 23:37:31.294573,2025-04-10 23:37:38.120071,0 days 00:00:06.825498,0.17848907053183044,0.03918493727153165,16,0.030611488325007177,0.007332541328325982,0.08668383175844924,0.06093210339534299,0.042173425424181336,0.03289916556585236,0.00011449225173924467,7,41,0.06409929110377804,0.0970060410236069,True,True,False,8.382816231023247e-08,COMPLETE
1644,0.41737705469131475,2025-04-10 23:37:38.678679,2025-04-10 23:37:45.421558,0 days 00:00:06.742879,0.20656816509798961,0.0956823199087315,16,0.04876722235841982,0.01349863570732194,0.09292383567967029,0.0647890319417239,0.04916735358908961,0.027927737317229133,5.831609206094619e-05,6,47,0.05856431174324336,0.082486801676801,True,True,False,7.018446431905265e-08,COMPLETE
1645,0.15795317590236663,2025-04-10 23:37:45.954615,2025-04-10 23:37:52.671050,0 days 00:00:06.716435,0.25711885707376236,0.12449531261698377,16,0.0605531193275851,0.017870084148697656,0.08338484680450502,0.0659388112250515,0.04321458599495457,0.03523759676468957,7.371982844190976e-05,8,37,0.005724115158045828,0.051478020684951484,True,True,False,4.9498697778867234e-08,COMPLETE
1646,0.36429430246353156,2025-04-10 23:37:53.227573,2025-04-10 23:38:00.794880,0 days 00:00:07.567307,0.2758415391829723,0.011091677270757563,16,0.04467117707309099,0.005494003058424383,0.08552701427498542,0.06370367787950271,0.040783432554446775,0.01348994875171557,9.706404536886512e-05,15,43,0.062482512846092554,0.1525316855695963,True,True,False,1.2396065866924442e-07,COMPLETE
1647,0.3945525944232941,2025-04-10 23:38:01.330619,2025-04-10 23:38:07.704176,0 days 00:00:06.373557,0.31838685239044956,0.06947540700359375,16,0.03553742694308992,0.025726876305598813,0.08940355073990378,0.0602677579578023,0.04747045712571974,0.019106811799891668,0.00013857039894656052,5,13,0.05657048668658951,0.07581300028565267,True,True,False,9.658631606477365e-08,COMPLETE
1648,0.3793962061405182,2025-04-10 23:38:08.239405,2025-04-10 23:38:15.065265,0 days 00:00:06.825860,0.23463688216732323,0.10740102404379763,16,0.05367712401941918,0.011319709453129793,0.07932484058728671,0.06725644550964857,0.046142037741436916,0.03068119302623451,5.227358371257735e-05,7,51,0.061085809721858,0.06379534417903036,True,True,False,1.710239450089684e-07,COMPLETE
1649,0.20922548174858097,2025-04-10 23:38:15.619260,2025-04-10 23:38:22.377183,0 days 00:00:06.757923,0.2978902225921708,0.1411315200314508,16,0.041416886011696005,0.020741523201632618,0.09390567440974089,0.06208496611367812,0.04293798347278169,0.014944378397779984,0.0004959025681441598,6,39,0.0654716713513916,0.038089074116140834,True,True,False,6.340820319234963e-08,COMPLETE
1650,0.1561187505722046,2025-04-10 23:38:22.912567,2025-04-10 23:38:30.619535,0 days 00:00:07.706968,0.1475342681522495,0.042130652918242716,16,0.04646814349798213,0.028763434431340204,0.09134101249352826,0.07990010589462762,0.031044459086956598,0.017558350887531767,8.409541406059656e-05,16,44,0.05930192861667417,0.04570357679710356,True,True,False,1.062932988108593e-07,COMPLETE
1651,0.22744668126106266,2025-04-10 23:38:31.188548,2025-04-10 23:38:40.548769,0 days 00:00:09.360221,0.21179207368316347,0.09161026439746117,2,0.028037514936314303,0.01454187334526477,0.08725249987808918,0.05948993269572367,0.04084540879086514,0.03231991662828695,6.413696571711996e-05,5,47,0.06282858531313273,0.055615443389393684,True,True,False,4.407744188509171e-08,COMPLETE
1652,0.35118988752365116,2025-04-10 23:38:41.086904,2025-04-10 23:38:47.893263,0 days 00:00:06.806359,0.26210069700505484,0.05948817018310962,16,0.01861381597150725,0.000561040179990431,0.048830009812804706,0.06767238426926517,0.05146362875897737,0.029898403242213073,0.00011056628504484843,7,32,0.06483358513857455,0.06937160774212199,True,False,True,1.4403284782018886e-07,COMPLETE
1653,0.17938528060913086,2025-04-10 23:38:48.431930,2025-04-10 23:38:55.067476,0 days 00:00:06.635546,0.27706263387462404,0.07849501393457012,16,0.0345052346688806,0.010172509118828324,0.0753242578500713,0.0717524786338276,0.025073648717732985,0.019936506406953148,7.171581735045971e-05,6,41,0.05991552719460285,0.05982510118057659,False,True,False,8.380049786697409e-08,COMPLETE
1654,0.2928571939468384,2025-04-10 23:38:55.624561,2025-04-10 23:39:02.244853,0 days 00:00:06.620292,0.23169094918666264,0.11694447228542175,16,0.05989494064399863,0.022334646752297058,0.08160639929989795,0.0804277769918168,0.027784361964996555,0.03392304650503482,9.412250460988517e-05,5,50,0.05709853463262791,0.01785352620900285,True,True,False,5.981514131232162e-08,COMPLETE
1655,0.25261561870574956,2025-04-10 23:39:02.780460,2025-04-10 23:39:09.589624,0 days 00:00:06.809164,0.31663501390128307,0.08474626554048638,16,0.04013401158225406,0.005761622189768317,0.089526169522889,0.057884587894388544,0.006873377103437134,0.02735764775550103,0.0002905373111285368,7,35,0.06089568996367987,0.04869697870225431,True,True,False,1.1186889660232786e-05,COMPLETE
1656,0.22001218199729922,2025-04-10 23:39:10.153777,2025-04-10 23:39:17.520123,0 days 00:00:07.366346,0.2482834271279979,0.14592014714031049,8,0.04989592436127253,0.016901295597923395,0.08468624296740015,0.07716528982691538,0.0452538523468359,0.016578380526537397,0.00012233326178570802,8,55,0.06555938119985405,0.03282491256945147,True,True,False,1.1922676203436844e-07,COMPLETE
1657,0.42089223861694336,2025-04-10 23:39:18.063576,2025-04-10 23:39:24.823871,0 days 00:00:06.760295,0.2942749983120621,0.054485919446691615,16,0.05532478702724822,0.0001399451587418589,0.08805347896253783,0.07768599456762601,0.05468580701271139,0.021280564599197326,8.117746938156394e-05,6,45,0.06326168079750033,0.1352441045490098,True,True,False,4.67862205747116e-08,COMPLETE
1658,0.29352171421051027,2025-04-10 23:39:25.356553,2025-04-10 23:39:32.004444,0 days 00:00:06.647891,0.19505172730540538,0.029203111542668858,16,0.044069848915483795,0.0254770166457276,0.09393146024356928,0.05480927628904887,0.043028238918796445,0.01102336381946908,5.6323031617401584e-05,5,42,0.0586259946214645,0.041500306102888795,True,True,False,8.434522427660191e-08,COMPLETE
1659,0.19469355046749115,2025-04-10 23:39:32.560517,2025-04-10 23:39:40.640948,0 days 00:00:08.080431,0.8625367571391542,0.10878696628209703,16,0.027960031740239748,0.012925030917748211,0.09154122056300856,0.07011170476537652,0.04810558560321622,0.02784748036800043,0.00010056980268540307,20,48,0.0618463333690065,0.052628822745486775,True,True,False,1.508157301378608e-07,COMPLETE
1660,0.2827743053436279,2025-04-10 23:39:41.180732,2025-04-10 23:39:47.904611,0 days 00:00:06.723879,0.1706996470938708,0.0764596675087295,16,0.034435528462167485,0.0279969717047502,0.08385144521098543,0.07343140307661526,0.040262916317789554,0.03539131420167837,0.00015370036383288864,6,39,0.06486508091101069,0.026738708549035553,True,True,False,1.8263314749326336e-07,COMPLETE
1661,0.42646518945693973,2025-04-10 23:39:48.463585,2025-04-10 23:39:55.108809,0 days 00:00:06.645224,0.27642913401433505,0.12654431771693306,16,0.05225358394151529,0.01886415977251055,0.08003850813030278,0.04574552638835508,0.0013307741232635797,0.019164552608796664,6.98696797130114e-05,5,46,0.05620503010890326,0.060933484891215785,True,True,False,1.0057152001193467e-07,COMPLETE
1662,0.21742441058158876,2025-04-10 23:39:55.652204,2025-04-10 23:40:02.415414,0 days 00:00:06.763210,0.22123885011131972,0.09667060014085936,16,0.04050280899270297,0.0074830978539503785,0.08636193109581633,0.07169462810837038,0.04470547902553195,0.03210608679616829,0.012295450186199009,6,43,0.06334800529494271,0.04535709234805305,True,True,False,6.873233467279653e-08,COMPLETE
1663,0.09279160797595978,2025-04-10 23:40:02.947996,2025-04-10 23:40:09.682194,0 days 00:00:06.734198,0.24697183363960187,0.06208384208106858,16,0.14886327649209433,0.014949223806498388,0.092941953841401,0.0804978642125253,0.029788544518421403,0.02263224419787208,4.7372454945424865e-05,7,51,0.06058961088201374,0.036089800344865995,True,True,False,1.298367267964405e-07,COMPLETE
1664,0.4318398177623749,2025-04-10 23:40:10.245617,2025-04-10 23:40:16.935239,0 days 00:00:06.689622,0.319770465377179,0.042211564867474224,16,0.023334144558222705,0.02244148201869026,0.08235394313400766,0.036198935143929606,0.041257561171567585,0.029549185332782443,8.914547574954492e-05,5,45,0.058701923125518043,0.07321638998140177,True,True,False,5.863032748382615e-08,COMPLETE
1665,0.21907215118408202,2025-04-10 23:40:17.467667,2025-04-10 23:40:24.237501,0 days 00:00:06.769834,0.26417862236031725,0.10329461411310498,16,0.0462578811267142,0.030920228725131838,0.09064785650050931,0.07766361327248913,0.04644443414114063,0.026854674281291686,0.03044955467923952,6,38,0.06552977566819734,0.05340875714521207,True,True,False,1.7613730905691563e-07,COMPLETE
1666,0.2855817556381226,2025-04-10 23:40:24.801702,2025-04-10 23:40:31.652216,0 days 00:00:06.850514,0.2915455066197819,0.08046029394186718,16,0.057336117244760794,0.008626502267550228,0.038929178379340935,0.06661052476947371,0.04285387148575549,0.018784097735188538,6.0156214134682775e-05,7,48,0.06282927352425387,0.06523252615559436,True,True,False,1.0009258404935766e-07,COMPLETE
1667,0.1844303071498871,2025-04-10 23:40:32.188124,2025-04-10 23:40:38.776729,0 days 00:00:06.588605,0.2068019873089144,0.5502272582219379,16,0.09462316020440431,0.018281778230968635,0.08819530263876241,0.07597366253551058,0.050441918127642815,0.021252964539730503,0.00011554444109188306,5,42,0.06643605686947882,0.04153741843596955,True,True,False,4.360663527592892e-08,COMPLETE
1668,0.3986879050731659,2025-04-10 23:40:39.338119,2025-04-10 23:40:46.071996,0 days 00:00:06.733877,0.23755704825372226,0.1363772923323286,16,0.03677650734419758,0.012820037171190238,0.08591625285587796,0.06982005018453166,0.0400153612724264,0.024066666692142618,7.372655502937338e-05,6,40,0.06032082869025475,0.23297678735593413,True,True,False,7.291961018834788e-08,COMPLETE
1669,0.2761895477771759,2025-04-10 23:40:46.616202,2025-04-10 23:40:53.589419,0 days 00:00:06.973217,0.33462867595560436,0.5874620832288198,16,0.014000261105115496,0.005191165613131262,0.09455543267557731,0.07263532190462575,0.04412291841516504,0.014194182251404841,8.50483828081986e-05,8,52,0.06245562115294774,0.05500998271978422,True,True,False,1.3004072188707546e-07,COMPLETE
1670,0.10024541765451432,2025-04-10 23:40:54.130726,2025-04-10 23:41:00.735642,0 days 00:00:06.604916,0.30326022044790146,0.11802694867967164,16,0.04832150499590482,0.023320792387506582,0.09179631518357417,0.07957710013393819,0.04870852885642336,0.031690951736826775,1.2026598650008895e-05,5,44,0.057563827238729964,0.04879062423647707,True,True,True,7.711177261568772e-07,COMPLETE
1671,0.3807876229286194,2025-04-10 23:41:01.298181,2025-04-10 23:41:08.357782,0 days 00:00:07.059601,0.27218438349349433,0.06431179042123941,16,0.031043796211656097,0.027504716862322618,0.029925155862374903,0.043091428439139975,0.03189151985574103,0.016537414556279235,0.0001324848049400623,6,35,0.06423157782076633,0.06044922522436756,True,False,False,8.378249580644903e-08,COMPLETE
1672,0.1674958735704422,2025-04-10 23:41:08.903271,2025-04-10 23:41:15.442880,0 days 00:00:06.539609,0.1899681155612301,0.09023764709317639,16,0.03985623600547505,0.011201374706280761,0.0837645393365494,0.0766043056586768,0.03993785103005225,0.029859511000232607,0.000103863870295201,5,47,0.0611290085342515,0.037737705565748306,False,True,False,5.4759713435655686e-08,COMPLETE
1673,0.20950629711151125,2025-04-10 23:41:16.004223,2025-04-10 23:41:26.519565,0 days 00:00:10.515342,0.25586094487462535,0.159398150450337,2,0.06000699940723678,0.01900879060692271,0.08927952960846944,0.07382173522046932,0.04203214503529938,0.03368494114924324,6.596391950841587e-05,7,49,0.055524382995214824,0.06786961705120348,True,True,False,1.7405386373337284e-07,COMPLETE
1674,0.4073244392871857,2025-04-10 23:41:27.066810,2025-04-10 23:41:33.833584,0 days 00:00:06.766774,0.21968230348637255,0.047089935634524314,16,0.0518204536462331,0.0002487808682090087,0.07725591533298196,0.06453664849108398,0.04628204243560166,0.026379070879756238,5.1543856283597716e-05,6,55,0.05917108625255058,0.1166712365592523,True,True,False,4.146529151241422e-06,COMPLETE
1675,0.43574912548065187,2025-04-10 23:41:34.372851,2025-04-10 23:41:41.211168,0 days 00:00:06.838317,0.28170992064930533,0.1036811997864487,16,0.047058558948608484,0.030590853363463073,0.08732554119975984,0.06836856169189207,0.027396964744281257,0.0200474063068292,7.836260566581518e-05,6,42,0.06608172141735902,0.046340040455551124,True,True,False,1.2063749533717022e-07,COMPLETE
1676,0.42647218704223633,2025-04-10 23:41:41.773622,2025-04-10 23:41:48.424011,0 days 00:00:06.650389,0.27343972087076784,0.06666018009173,16,0.04359400764054958,0.034283017355517864,0.08533820405090821,0.06484033229460706,0.02422879886501786,0.018131155299200438,9.828916229485946e-05,5,44,0.06465676162322734,0.05341537344348821,True,True,False,1.0145601263510554e-07,COMPLETE
1677,0.270427680015564,2025-04-10 23:41:48.967917,2025-04-10 23:41:55.863737,0 days 00:00:06.895820,0.2803614498258009,0.08579266505877094,16,0.02682047781760353,0.03365669562974923,0.08548003800971157,0.06317687153912196,0.02448644995669948,0.020060085821317485,0.00016880233973045946,7,39,0.06483511029761227,0.057303027120823885,True,True,False,1.0622679803974837e-07,COMPLETE
1678,0.40734689235687255,2025-04-10 23:41:56.431323,2025-04-10 23:42:03.178882,0 days 00:00:06.747559,0.25763411406513015,0.03614795915924489,16,0.034727873460542624,0.0319274185275088,0.08707021853261568,0.06817591067733014,0.02825559717121493,0.018221049627289505,0.00012735386957698423,6,42,0.06598740959930535,0.047928189520570895,True,True,False,8.034255109348869e-08,COMPLETE
1679,0.3812577545642853,2025-04-10 23:42:03.718143,2025-04-10 23:42:10.518326,0 days 00:00:06.800183,0.24039679906394312,0.09878615294092402,16,0.046641050084638716,0.09782945254876219,0.08268657739142549,0.06558823998339544,0.02688081106204746,0.020541686133133105,8.633626246604398e-05,6,46,0.0633748326022269,0.29953954441999975,True,True,False,1.1262337998227229e-07,COMPLETE
1680,0.39102339148521426,2025-04-10 23:42:11.081305,2025-04-10 23:42:17.560105,0 days 00:00:06.478800,0.2630087497294104,0.07337892414302168,8,0.037890724204872245,0.005842739477858119,0.08459085216110925,0.0633074075407296,0.03082975461703616,0.016541163810198038,0.00010676094167187286,5,5,0.06645152800221213,0.062365118729926866,True,True,False,9.190570001281222e-08,COMPLETE
1681,0.33192365765571596,2025-04-10 23:42:18.107377,2025-04-10 23:42:24.869451,0 days 00:00:06.762074,0.2869883608226356,0.025981867879837278,16,0.052847066969403354,0.028748236446713336,0.08734740880842864,0.06770343674611873,0.025773174951419443,0.020065429748905107,8.335979465557142e-05,5,49,0.061777459196351206,0.07852179901854213,True,True,False,6.704975548028738e-08,COMPLETE
1682,0.30229226350784305,2025-04-10 23:42:25.410177,2025-04-10 23:42:32.333295,0 days 00:00:06.923118,0.254194819490675,0.061622231231438444,16,0.03001865141557841,0.01433718136198312,0.08594202132361366,0.06750523893525956,0.030141517244912146,0.022356088341306438,0.00014569409353588385,8,36,0.06264670452136428,0.05666689717287562,True,True,False,1.2681184207707046e-07,COMPLETE
1683,0.2048163652420044,2025-04-10 23:42:32.895368,2025-04-10 23:42:39.685690,0 days 00:00:06.790322,0.28382242888406783,0.1086958872387661,16,0.2835609122819593,0.024231871800879518,0.08309838906078132,0.0666046699043453,0.02949947878871516,0.015383734572771195,0.00010334764684031941,7,53,0.06444146259903792,0.07078422781476512,True,True,False,8.358462893847153e-08,COMPLETE
1684,0.4222640335559845,2025-04-10 23:42:40.231185,2025-04-10 23:42:47.015006,0 days 00:00:06.783821,0.2395400711353391,0.08339818551700212,16,0.04313255885485859,0.00921467445875868,0.08725136009872392,0.06828522586998799,0.024622193981991895,0.018030516652725384,7.68413145110943e-05,6,41,0.06672249206154783,0.047511551085319154,True,True,False,1.0647392331021955e-07,COMPLETE
1685,0.38387750387191777,2025-04-10 23:42:47.580851,2025-04-10 23:42:54.250706,0 days 00:00:06.669855,0.2688195494460907,0.05230054698306903,16,0.00566691693840321,0.03723157389070377,0.08118690138575006,0.06627384768859705,0.027050079705698303,0.021190472406329996,9.238719242782217e-05,5,45,0.0635401994257774,0.06335320050381679,True,True,False,7.490290285443469e-08,COMPLETE
1686,0.28824223279953004,2025-04-10 23:42:54.797773,2025-04-10 23:43:01.735357,0 days 00:00:06.937584,0.22946433622095863,0.10036719976418917,16,0.020310343010890904,0.00012144382820211772,0.08509762737504492,0.08025070932155032,0.022181858961930315,0.007582711631972853,0.00011108170163991655,7,50,0.06095068403673587,0.050921514361899414,True,True,False,1.2582842005698162e-07,COMPLETE
1687,0.3504790663719177,2025-04-10 23:43:02.302854,2025-04-10 23:43:09.040323,0 days 00:00:06.737469,0.2954582919094308,0.1229139243583443,16,0.05913254818799906,0.018987902074389103,0.08798135075001283,0.07005975500263438,0.028459829375854766,0.019746001685285015,0.00012082547066111415,6,38,0.06581111466429485,0.04220210263372591,True,True,False,5.7136529112970646e-08,COMPLETE
1688,0.42864624261856077,2025-04-10 23:43:09.589329,2025-04-10 23:43:16.247778,0 days 00:00:06.658449,0.2670980400404764,0.0813687515063412,16,0.036650290141120284,0.013876122465829687,0.08391859766153316,0.051086663450613246,0.0228940339854314,0.022105919680375674,7.37653748412172e-05,5,43,0.06214788742880263,0.0565493984398381,True,True,False,1.0253724516045528e-07,COMPLETE
