number,value,datetime_start,datetime_complete,duration,params_alpha-eval,params_alpha-train,params_batch-size,params_eps-eval,params_eps-train,params_lambda-actions-eval,params_lambda-actions-train,params_lambda-frames-eval,params_lambda-frames-train,params_learning-rate,params_n-epochs,params_n-frames,params_radius-gw,params_rho,params_std-feats,params_ub-actions,params_ub-frames,params_weight-decay,state
511,0.39207234382629397,2025-04-10 21:18:26.783270,2025-04-10 21:18:33.355463,0 days 00:00:06.572193,0.2743438301715421,0.06367424202650213,16,0.05713813613709715,0.015638640373503515,0.08669873046380795,0.07825233479847714,0.07393057484332585,0.033688859111024455,0.00011709860637045135,5,36,0.06506580017512316,0.05811178558404224,True,True,False,1.675012379996886e-08,COMPLETE
512,0.33131680488586424,2025-04-10 21:18:33.516861,2025-04-10 21:18:40.123314,0 days 00:00:06.606453,0.2970782625374836,0.024592783045145488,16,0.0700358065758304,0.02045293910977548,0.08955961869666312,0.07177699523018488,0.07536297819343486,0.02730684168983176,0.00012846311583939674,5,47,0.06513935506971694,0.06518117764500456,True,True,False,3.0053866666274584e-08,COMPLETE
513,0.41993686556816107,2025-04-10 21:18:40.295591,2025-04-10 21:18:47.001666,0 days 00:00:06.706075,0.26111464304377235,0.09733560347768452,16,0.061551514871368784,0.013439413853218419,0.09016235178869153,0.07545502945720907,0.06942987123860173,0.03155042004710035,0.00010475141502914251,6,41,0.062168459392514815,0.07744207108864311,True,True,False,1.8908204004271113e-08,COMPLETE
514,0.3948150098323822,2025-04-10 21:18:47.163306,2025-04-10 21:18:53.746879,0 days 00:00:06.583573,0.2991520444054095,0.05433645935259153,16,0.05531841180060608,0.024784141291135438,0.0910460843435144,0.07837805156999737,0.07203311702912353,0.03667155654305373,9.905293237956495e-05,5,33,0.06632239516707807,0.08179638899038522,True,True,False,2.5227149883592927e-08,COMPLETE
515,0.2886663734912872,2025-04-10 21:18:53.922915,2025-04-10 21:19:00.504837,0 days 00:00:06.581922,0.23127873813494765,0.08153497543345298,16,0.06644395401053127,0.02582134254050824,0.0875153835896267,0.07395639502840311,0.006731942505042061,0.01914735890292165,9.7739792526877e-05,5,38,0.06426007414513124,0.05963527197828508,True,True,False,1.4855698013968717e-08,COMPLETE
516,0.2816996693611145,2025-04-10 21:19:00.666778,2025-04-10 21:19:07.334229,0 days 00:00:06.667451,0.2745582525200266,0.06893838683230585,16,0.0796654638864533,0.017349594321886295,0.05774407067927609,0.0764984746579659,0.07822101272211535,0.010020527287579392,0.0001337500597066032,6,45,0.06723523532569535,0.05406726309554169,True,True,False,1.7997087416972155e-08,COMPLETE
517,0.18772504031658174,2025-04-10 21:19:07.498212,2025-04-10 21:19:17.385729,0 days 00:00:09.887517,0.291404482438077,0.09912347474360031,2,0.05814023285490671,0.027318545316514446,0.08526308264353612,0.07994150691201023,0.07408189835603957,0.03104359134698478,0.00018649135758440054,6,49,0.06595721799278542,0.056250152353080785,True,True,False,9.25362599959082e-08,COMPLETE
518,0.2880779325962067,2025-04-10 21:19:17.558557,2025-04-10 21:19:24.162536,0 days 00:00:06.603979,0.31570986964050274,0.040669872209445734,16,0.07332745906480131,0.21471149844239584,0.09101838113058389,0.07235185588639635,0.010105780306384368,0.024701891362908887,0.00010772059680493389,5,41,0.0609991461295517,0.06363292173741815,True,True,False,5.459760454646693e-08,COMPLETE
519,0.4299832820892334,2025-04-10 21:19:24.325698,2025-04-10 21:19:31.062145,0 days 00:00:06.736447,0.3032160152719566,0.11286349319317682,16,0.05318825574029919,0.004930105314283468,0.08911154971316343,0.07489785065554852,0.022549466530293386,0.034732602217174724,8.885560774561794e-05,6,44,0.06329508201306691,0.07160482368949705,True,True,False,4.06212135237385e-08,COMPLETE
520,0.43133719563484196,2025-04-10 21:19:31.236542,2025-04-10 21:19:37.931332,0 days 00:00:06.694790,0.2799110695333833,0.10766828572775525,16,0.06202476767512922,0.0009284988631837569,0.08848280297350468,0.07416467249947087,0.03064225665420407,0.034809110905531605,8.890607474561037e-05,6,43,0.062504243075989,0.06388530104831683,True,True,False,4.3186343956960434e-08,COMPLETE
521,0.425011533498764,2025-04-10 21:19:38.097032,2025-04-10 21:19:44.706259,0 days 00:00:06.609227,0.2487387003863868,0.10240043973744348,16,0.056297210716725984,0.001718474494849216,0.08441786050878854,0.07127587397660784,0.021177909782084232,0.03340544258526177,9.316846584126979e-05,5,58,0.05903294005322322,0.069617621153515,True,True,False,5.095754159530424e-08,COMPLETE
522,0.4280762374401093,2025-04-10 21:19:44.868545,2025-04-10 21:19:51.576602,0 days 00:00:06.708057,0.2766590753447951,0.08129371915726535,16,0.059790500701965565,0.003198971235250793,0.08746086719524965,0.07419442147856666,0.023273901640766117,0.03433982881376107,8.903347079828992e-05,6,43,0.06207693217299821,0.07422653060134725,True,True,False,4.316453829120679e-08,COMPLETE
523,0.36892503499984747,2025-04-10 21:19:51.753122,2025-04-10 21:19:58.753539,0 days 00:00:07.000417,0.28163711171186856,0.08057606222737634,8,0.06358613283395016,0.001463556647329495,0.08651100786437292,0.07430321937201458,0.02418847578277023,0.03540005574633224,8.821493186751759e-05,6,44,0.06485673728494827,0.08067761075529079,True,True,False,6.38291043435459e-08,COMPLETE
524,0.42513098120689397,2025-04-10 21:19:58.917686,2025-04-10 21:20:05.519173,0 days 00:00:06.601487,0.21424444186739544,0.08968006768574369,16,0.06255473029273861,0.0037626263433035664,0.08841248703987976,0.03579745349694781,0.01930982613914871,0.03698220873962527,0.00010715433990509639,5,46,0.061497205426387015,0.07617294905195211,True,True,False,4.131843645613221e-08,COMPLETE
525,0.1677186816930771,2025-04-10 21:20:05.697083,2025-04-10 21:20:12.373468,0 days 00:00:06.676385,0.2856573458908076,0.06625391146817543,16,0.052947012422391054,0.0003427572974177347,0.08319368071072845,0.07315778549357203,0.018555226813001827,0.034265807428914,8.722065211151262e-05,6,43,0.061267999002909766,0.08568887347277375,False,True,True,4.43184011483699e-08,COMPLETE
526,0.40302707552909856,2025-04-10 21:20:12.540328,2025-04-10 21:20:19.535557,0 days 00:00:06.995229,0.25997228700516606,0.10206616141761785,16,0.05755299528366803,0.00594872549489309,0.08739872518209464,0.07507202425474567,0.025496132985728632,0.03102963585787238,8.57705499102806e-05,6,51,0.05686614565178932,0.06669907652713232,True,False,False,6.216476519759595e-08,COMPLETE
527,0.39720556735992435,2025-04-10 21:20:19.700652,2025-04-10 21:20:26.322493,0 days 00:00:06.621841,0.30061709138702525,0.029525693175762056,16,0.05374962684385728,0.006234142068015385,0.08101522534657764,0.07540889003471604,0.02566479447562695,0.03713620093574471,0.00010570654023089388,5,48,0.06306190663077091,0.07314971155927029,True,True,False,3.9294687764835796e-08,COMPLETE
528,0.3190516769886017,2025-04-10 21:20:26.499944,2025-04-10 21:20:33.165830,0 days 00:00:06.665886,0.26380763557764675,0.05197989387878226,16,0.06285375588276901,0.0004042747116946516,0.08614678616569525,0.07150935544358739,0.028199951256874713,0.035276999184653414,7.731358416866423e-05,6,38,0.06011164282062703,0.07077548018728229,True,True,False,3.216405949481529e-08,COMPLETE
529,0.3406925559043884,2025-04-10 21:20:33.332294,2025-04-10 21:20:39.980463,0 days 00:00:06.648169,0.9938171055158391,0.08171413034241667,16,0.06693346846640957,0.007266773447770321,0.08904459028251442,0.07366924542916208,0.022422897987503,0.03381118581570568,0.0001222068034604443,5,44,0.06247697961685246,0.07361981277914784,True,True,False,5.4380931368219844e-08,COMPLETE
530,0.4038067877292633,2025-04-10 21:20:40.160283,2025-04-10 21:20:46.812838,0 days 00:00:06.652555,0.24184354797825255,0.11037675159338681,16,0.058517516446724885,0.008136121567946743,0.08796432056391006,0.07632898414441737,0.029894790968928272,0.032645900548870434,8.358085310245188e-05,6,41,0.06250642536618053,0.0798767569052204,True,True,False,7.669540045493974e-08,COMPLETE
531,0.4390302956104279,2025-04-10 21:20:46.979793,2025-04-10 21:20:53.701480,0 days 00:00:06.721687,0.2853261285852523,0.06668809396977686,16,0.05331591348158406,0.008161242020787534,0.08502146344272474,0.07738651230747522,0.02757882257355021,0.037016024263756046,9.879037728804414e-05,6,46,0.057887256602251275,0.0657435496050676,True,True,False,4.8389618773960595e-08,COMPLETE
532,0.3841796934604645,2025-04-10 21:20:53.878961,2025-04-10 21:21:00.479560,0 days 00:00:06.600599,0.2773591184687013,0.06597889615354087,16,0.05236233341357514,0.00872704580072472,0.08289630334129944,0.07765223752963932,0.03125221050049683,0.037918879801471204,0.00010355860742165,5,77,0.057000465879836086,0.06746744062172881,True,True,False,4.996481684610651e-08,COMPLETE
533,0.4225985169410706,2025-04-10 21:21:00.647647,2025-04-10 21:21:07.228259,0 days 00:00:06.580612,0.3138433493888305,0.04905026713442941,16,0.05440959416043536,0.005643013632681534,0.08543268368493724,0.07469651232131289,0.02201779940688261,0.03550572943629118,0.00012205285990376918,5,53,0.05442083720943287,0.07625263495180117,True,True,False,4.466150532945966e-08,COMPLETE
534,0.3654060959815979,2025-04-10 21:21:07.397550,2025-04-10 21:21:14.061646,0 days 00:00:06.664096,0.28835399311576937,0.0749746978400716,16,0.0604595727498601,0.01079190167556834,0.08522444512755681,0.07789711935368081,0.031326747334634995,0.03489799382330905,9.980638743567972e-05,6,48,0.059838963822258645,0.06814261006960042,True,True,False,3.1289621804876434e-08,COMPLETE
535,0.3946013569831849,2025-04-10 21:21:14.244350,2025-04-10 21:21:20.913219,0 days 00:00:06.668869,0.24263820258126761,0.012615301079793348,16,0.050596995456397086,0.0015930969979950065,0.08888581575287394,0.07209438342167974,0.027204158974503186,0.03835550508128163,0.00014279959420387774,6,40,0.05756014163051575,0.07042824313082192,True,True,False,6.29912309932317e-08,COMPLETE
536,0.4119129538536072,2025-04-10 21:21:21.080450,2025-04-10 21:21:27.663593,0 days 00:00:06.583143,0.43332404723460544,0.0923481281326842,16,0.06899020586320555,0.009597795717913683,0.08769581899924395,0.07619755923835084,0.03427795025797996,0.03294572379253688,8.412399663086607e-05,5,44,0.06279663937296462,0.0644616890936122,True,True,False,4.181156505295269e-08,COMPLETE
537,0.37296149134635925,2025-04-10 21:21:27.844125,2025-04-10 21:21:34.626492,0 days 00:00:06.782367,0.2650484531606312,0.04208969929434531,16,0.062155608311598345,0.011330142658515618,0.08952427625392782,0.07366141364628362,0.029707430697161676,0.03656209640694969,7.607646898071157e-05,6,50,0.06076564583485973,0.06336053664505412,True,True,False,3.665142904167473e-08,COMPLETE
538,0.3787156701087952,2025-04-10 21:21:34.793929,2025-04-10 21:21:41.446622,0 days 00:00:06.652693,0.3099611330872174,0.0636804339295503,16,0.056063016938431534,0.0007090639886484125,0.09001167966848643,0.07891204524089351,0.02222505323730211,0.02939231242050197,9.198114772753554e-05,6,35,0.05905644220667618,0.06040811501691285,True,True,False,4.8110045113373246e-08,COMPLETE
539,0.42254738807678227,2025-04-10 21:21:41.617252,2025-04-10 21:21:48.276196,0 days 00:00:06.658944,0.2836966455789991,0.09079284786188967,16,0.0672151432764971,0.013598711257437805,0.0869439487594322,0.07047913643742473,0.026698134656786287,0.0322377425808822,0.0001171078529861218,5,42,0.06387524827474837,0.0864758137073375,True,True,False,8.966169011081544e-08,COMPLETE
540,0.16787370145320893,2025-04-10 21:21:48.454989,2025-04-10 21:21:55.173328,0 days 00:00:06.718339,0.3052960758073521,0.10846952528328986,16,0.05107972507046415,0.00685599449706753,0.08487553192242948,0.0762340955808536,0.02879141675888047,0.03666749038009905,0.01497096317828285,6,47,0.05866306696809469,0.08133982909849681,True,True,False,2.9930062135114074e-08,COMPLETE
541,0.3338777184486389,2025-04-10 21:21:55.415611,2025-04-10 21:22:04.967548,0 days 00:00:09.551937,0.325052177702148,0.06830218853532453,2,0.05923050199576015,0.1906038715639598,0.09117676979271268,0.07485068517237838,0.024934876010953892,0.033975104667429784,9.399436595206591e-05,5,111,0.06056974642855788,0.07251684867509957,True,True,False,3.6485401032479966e-08,COMPLETE
542,0.4219102859497071,2025-04-10 21:22:05.148145,2025-04-10 21:22:11.799683,0 days 00:00:06.651538,0.2645172064289888,0.11040480425788748,16,0.048616477407654755,0.0003913204465848027,0.0879544604851093,0.07881196776886461,0.03328498600930621,0.03101250742667218,7.550837402723271e-05,6,38,0.0636323972922608,0.06200605909422151,True,True,False,6.330922893035769e-08,COMPLETE
543,0.4279593586921692,2025-04-10 21:22:11.973288,2025-04-10 21:22:18.672036,0 days 00:00:06.698748,0.2992763115507999,0.03402672219809295,16,0.07517065494764327,0.012666770923504565,0.0908231075917228,0.07263349100508532,0.02714738502130393,0.038315171204695,0.00011638196161863864,6,45,0.061719031704932335,0.07510279542352435,True,True,False,3.55936906349956e-08,COMPLETE
544,0.33709439635276794,2025-04-10 21:22:18.853420,2025-04-10 21:22:25.457057,0 days 00:00:06.603637,0.2947678667443067,0.01052650829113394,16,0.07535707989519663,0.01331123243536325,0.08953664584022612,0.07702461171518567,0.029395044686440365,0.03870937335721329,0.00014362597855956339,5,54,0.05788968295191657,0.07685260056861021,True,True,False,4.62452067258746e-08,COMPLETE
545,0.40888822078704834,2025-04-10 21:22:25.630176,2025-04-10 21:22:32.632613,0 days 00:00:07.002437,0.2776112184075743,0.025482321052201773,16,0.054319218857618354,0.23824148128437417,0.08344831010896406,0.07304920239839975,0.027492048079118737,0.03716995457582608,0.00011571448807049656,6,47,0.055121670032223506,0.0664057022159498,False,False,False,3.0969153454008214e-08,COMPLETE
546,0.09483807384967805,2025-04-10 21:22:32.803451,2025-04-10 21:22:39.595463,0 days 00:00:06.792012,0.31862002970077996,0.03848134381175829,8,0.06275167695645774,0.00533151205203522,0.08678757736933623,0.07996868253467156,0.023966813577840144,0.03984586375869374,0.00018383131388922337,5,44,0.06096313538878549,0.08682903079804546,True,True,True,3.395249429602691e-08,COMPLETE
547,0.3114966511726379,2025-04-10 21:22:39.778407,2025-04-10 21:22:46.597193,0 days 00:00:06.818786,0.2985499685668319,0.05145180380682934,16,0.04997068081639507,0.015588053724529398,0.09036439846652956,0.07066915599601825,0.023831970003374427,0.03381015203215771,0.00014146819364011076,6,49,0.05823034405951993,0.09542326989805411,True,True,False,4.1507086914774086e-08,COMPLETE
548,0.2973225891590119,2025-04-10 21:22:46.768566,2025-04-10 21:22:53.327909,0 days 00:00:06.559343,0.25042561712048444,0.03366973345978784,16,0.07130495908362779,0.007931618216746783,0.09098032846460774,0.07570480088041598,0.02751568875594072,0.034950608579128836,0.00011560928803745238,5,41,0.06235559994768921,0.0753047166133189,True,True,False,2.7069838741922354e-08,COMPLETE
549,0.28478575944900514,2025-04-10 21:22:53.512987,2025-04-10 21:23:00.228614,0 days 00:00:06.715627,0.3256016585782446,0.0817744608344859,16,0.05869840650657422,0.011920513795371372,0.088067562282627,0.077114250035687,0.027489713554704812,0.03846771960436397,0.0001723283134365783,6,51,0.051972561785736594,0.08000890562966115,True,True,False,7.51235934198351e-08,COMPLETE
550,0.4243598520755768,2025-04-10 21:23:00.400397,2025-04-10 21:23:06.964789,0 days 00:00:06.564392,0.561553545313924,0.05624856555377673,16,0.04736736477347597,0.006824929810251046,0.08611920527685211,0.07408424186868663,0.020739638850538,0.036292949802008916,9.805739152359203e-05,5,46,0.06104082448779931,0.07451313679583883,True,True,False,3.640826032043204e-08,COMPLETE
551,0.3355116307735443,2025-04-10 21:23:07.150502,2025-04-10 21:23:13.827547,0 days 00:00:06.677045,0.22822367873593372,0.08750599255071961,16,0.08321388336139245,0.01632079381030865,0.0790358706120576,0.08076801117651673,0.03742868326071177,0.03213781752296775,0.00011933925461108114,6,38,0.06413096232694662,0.10416941666111076,True,True,False,5.749955695592899e-08,COMPLETE
552,0.33360878825187684,2025-04-10 21:23:14.001526,2025-04-10 21:23:20.666890,0 days 00:00:06.665364,0.2782649423378805,0.0663454146342135,16,0.06522390637892515,0.010815729167636954,0.0896796422942661,0.07839766175251467,0.022698354448757826,0.030044042115816523,7.273657619393493e-05,6,42,0.059998047152080805,0.07102254300365259,True,True,False,2.426323807337731e-08,COMPLETE
553,0.34225172400474546,2025-04-10 21:23:20.853725,2025-04-10 21:23:27.455874,0 days 00:00:06.602149,0.30359299781596344,0.03116473099904635,16,0.05304111062553321,0.019640203661777815,0.09091255190458289,0.07213424536939385,0.03134311182451527,0.0351049712366628,9.419053585826686e-05,5,30,0.06396750003239768,0.06837957245925014,True,True,False,4.619181471129971e-08,COMPLETE
554,0.34474548697471624,2025-04-10 21:23:27.630375,2025-04-10 21:23:34.436339,0 days 00:00:06.805964,0.33172554505452184,0.11102015477034938,16,0.09058718849985267,0.000143951997261086,0.09203393159138426,0.0750257160332252,0.025712101946292792,0.022116382450709886,0.00014282853869432375,6,45,0.06285687536345615,0.05596628403677968,True,True,False,3.590574030027002e-08,COMPLETE
555,0.38628175258636477,2025-04-10 21:23:34.611952,2025-04-10 21:23:41.370937,0 days 00:00:06.758985,0.2616548822971286,0.05284071683602069,16,0.04678527843688255,0.011723003466729021,0.08868505305321243,0.0772470346015989,0.023582579279994742,0.03872210531349561,8.488422447608363e-05,7,36,0.06005333085273554,0.0630379657414807,True,True,False,2.6049412301557063e-08,COMPLETE
556,0.4210533082485199,2025-04-10 21:23:41.559942,2025-04-10 21:23:48.146669,0 days 00:00:06.586727,0.3108680591829368,0.08474138470286795,16,0.05671996774371515,0.020177931085525465,0.08447859023508572,0.07916166285614962,0.030802073309435248,0.027298477670748035,0.0001066735131383006,5,40,0.06486748043368758,0.09026345555601682,True,True,False,2.1980002714696804e-08,COMPLETE
557,0.2964085698127747,2025-04-10 21:23:48.322142,2025-04-10 21:23:55.095054,0 days 00:00:06.772912,0.28377286618318365,0.11180463092145851,16,0.07303968906326899,0.015679639118132478,0.09167572024033291,0.06966899487956736,0.026995651692124395,0.03210410165311725,7.450223756313064e-05,6,47,0.06157376047127875,0.05986796244776656,True,True,False,3.1905167092265655e-08,COMPLETE
558,0.4081187248229981,2025-04-10 21:23:55.281947,2025-04-10 21:24:01.843565,0 days 00:00:06.561618,0.3010072268992703,0.07245950536099709,16,0.06190400921712843,0.005660540712829723,0.06701135183642726,0.07344055909558984,0.016555884902291935,0.03721388036276968,0.00012846694603801983,5,42,0.05340163432745393,0.08259248049213205,True,True,False,4.106398096790625e-08,COMPLETE
559,0.3606107592582703,2025-04-10 21:24:02.022499,2025-04-10 21:24:08.696980,0 days 00:00:06.674481,0.3321382757467418,0.09882445601874779,16,0.04961562190963778,0.006115868783585488,0.08796347426125943,0.08150691727489823,0.02855649283306558,0.029723428747396467,9.648564439250826e-05,6,50,0.05587838401094034,0.06933596103106174,True,True,False,5.357706479592456e-08,COMPLETE
560,0.2923941075801849,2025-04-10 21:24:08.884300,2025-04-10 21:24:15.626321,0 days 00:00:06.742021,0.24875945302071265,0.026324545819159443,16,0.05701404734337794,0.0216901144580161,0.08152584197115206,0.07575408657063411,0.0361624799880413,0.03480521394417914,7.02488365827464e-05,7,44,0.05806310798439861,0.058727900013986686,True,True,False,1.0714612269565662e-07,COMPLETE
561,0.23363232612609863,2025-04-10 21:24:15.801325,2025-04-10 21:24:22.393339,0 days 00:00:06.592014,0.2773424112129315,0.12064931239428188,16,0.04562562522652237,0.014156445694456428,0.09228881641947927,0.07806255939959639,0.024255845662459585,0.039748060493839436,0.001237239842516174,5,38,0.06553224299150516,0.06598073816412209,True,True,False,2.5668901903223953e-08,COMPLETE
562,0.37130085825920106,2025-04-10 21:24:22.568193,2025-04-10 21:24:29.287400,0 days 00:00:06.719207,0.3129031738422634,0.0487294030414519,16,0.06483746401884817,0.2264073026320478,0.09001997857819286,0.07447531485132863,0.019349167344094753,0.025237351168452382,0.000837102074438564,6,46,0.06299843247288422,0.05726171825976656,True,True,False,1.9981243692713897e-08,COMPLETE
563,0.39322778582572937,2025-04-10 21:24:29.474531,2025-04-10 21:24:36.140651,0 days 00:00:06.666120,0.3448096336596359,0.08890522967905252,16,0.053449639387652494,0.021880265479880284,0.0861081484907822,0.07167043062240075,0.0330552182596432,0.028101873776186052,8.221408236296907e-05,6,35,0.06614078605478672,0.0753436899842071,True,True,False,1.3050130903651672e-07,COMPLETE
564,0.11098219007253649,2025-04-10 21:24:36.315046,2025-04-10 21:24:45.452257,0 days 00:00:09.137211,0.2925335138217266,0.11968034884023637,2,0.16640214655385954,0.2572258652675663,0.09186392773939504,0.07976299290806671,0.019844951128962018,0.032216571306287564,0.00016253180003379748,5,40,0.0677006946200946,0.24317959446412635,False,False,True,3.008622725867268e-08,COMPLETE
565,0.09356490075588227,2025-04-10 21:24:45.640530,2025-04-10 21:24:52.392428,0 days 00:00:06.751898,0.3253620049886333,0.06569844131868233,16,0.2582762657504465,0.00016389934944936388,0.08939000812394388,0.07699361152988318,0.025253854284012917,0.037686322891364976,0.00010998596676646453,7,55,0.06411881041870307,0.06330903081559244,True,True,False,2.2362232229918272e-08,COMPLETE
566,0.25810639262199403,2025-04-10 21:24:52.570279,2025-04-10 21:25:00.484214,0 days 00:00:07.913935,0.21893734336752713,0.09147808655326896,16,0.06861952433417436,0.016578125205797024,0.08729450622123011,0.07581563174808602,0.026035645568755317,0.034035753641222494,6.801882046167504e-05,16,71,0.061807302769028606,0.054012128382391035,True,True,False,7.040918885526053e-08,COMPLETE
567,0.43124185800552367,2025-04-10 21:25:00.675033,2025-04-10 21:25:07.405608,0 days 00:00:06.730575,0.2721758634298953,0.04226187002137608,16,0.044575096214430024,0.00974352794834698,0.09227838299384758,0.07306349374163446,0.028565167063214807,0.026081879207758493,8.991319635773609e-05,6,44,0.06012624762417228,0.07225182644763456,True,True,False,4.7665816328641556e-08,COMPLETE
