number,value,datetime_start,datetime_complete,duration,params_alpha-eval,params_alpha-train,params_batch-size,params_eps-eval,params_eps-train,params_lambda-actions-eval,params_lambda-actions-train,params_lambda-frames-eval,params_lambda-frames-train,params_learning-rate,params_n-epochs,params_n-frames,params_radius-gw,params_rho,params_std-feats,params_ub-actions,params_ub-frames,params_weight-decay,state
1078,0.45711640119552616,2025-04-17 20:59:30.580502,2025-04-17 20:59:41.078611,0 days 00:00:10.498109,0.37255190709873187,0.8203191601760669,2,0.2747108474704387,0.03557456305468588,0.07862652903108057,0.046503695622662135,0.05582785971531484,0.009608037946099298,0.00019154766683415766,5,41,0.051728669982973985,0.2594350355700387,True,False,False,1.3873910699996767e-06,COMPLETE
1079,0.4469697296619416,2025-04-17 20:59:41.427882,2025-04-17 20:59:51.850351,0 days 00:00:10.422469,0.31499414756288036,0.8179860805604283,2,0.2664734413713294,0.056748304391360235,0.07726912152624467,0.043249399961873,0.05772024591164543,0.01145530133320689,0.0001704056474711691,5,45,0.052717663550605046,0.2593229941631251,True,False,False,0.00015009565300590485,COMPLETE
1080,0.44981534481048585,2025-04-17 20:59:52.206910,2025-04-17 21:00:02.624495,0 days 00:00:10.417585,0.34575687340601896,0.6756899586521294,2,0.27205826360700286,0.0496020485203951,0.025048150855643242,0.0456296587301277,0.05809575263673129,0.01259091556331425,0.0003946067327566235,5,36,0.05470004368462584,0.25374351713169413,True,False,False,5.943269541163006e-07,COMPLETE
1081,0.42906992435455327,2025-04-17 21:00:02.982375,2025-04-17 21:00:13.397973,0 days 00:00:10.415598,0.2548476270276025,0.7935245002500088,2,0.2582993895134715,0.040289907091392865,0.07835599876441827,0.040221410339812955,0.05468686614642102,0.009834621676595975,0.00014726491503846465,5,29,0.05146307259525711,0.2623536257351571,True,False,False,1.607492479321264e-06,COMPLETE
1082,0.4483005464076996,2025-04-17 21:00:13.759521,2025-04-17 21:00:24.206632,0 days 00:00:10.447111,0.3740738145476121,0.8137136157353955,2,0.26957561403388064,0.03580820455619821,0.07628381943608645,0.04418474091605554,0.06521122827803914,0.015034155220869662,0.00029359385716627446,5,42,0.06376226977747128,0.25573230665776797,True,False,False,9.122834555639366e-07,COMPLETE
1083,0.4579708814620972,2025-04-17 21:00:24.561143,2025-04-17 21:00:34.981546,0 days 00:00:10.420403,0.29911130558040167,0.8230156834672295,2,0.2740405114845317,0.04527206931712005,0.07939705412220067,0.04709153945545249,0.060312654405176185,0.009707055127162755,0.0002183431080123292,5,39,0.05145415821973236,0.2638227784348215,True,False,False,1.0827896710213918e-06,COMPLETE
1084,0.44378587007522585,2025-04-17 21:00:35.347444,2025-04-17 21:00:45.861428,0 days 00:00:10.513984,0.29012029031429937,0.8183425203451494,2,0.2661651623036152,0.04827986761671496,0.07592533129811611,0.04706948575857909,0.06371923340395336,0.009037435247829045,0.00019230546547759005,5,34,0.05350374347718001,0.26487169873806793,True,False,False,1.3435103371608414e-06,COMPLETE
1085,0.4605261862277985,2025-04-17 21:00:46.223015,2025-04-17 21:00:56.554592,0 days 00:00:10.331577,0.272687727663703,0.8099965447199508,2,0.27176436259986825,0.0439043595791685,0.07918795997732336,0.04550054412690262,0.05373225739230118,0.009756898851063475,0.00022566315993570847,5,38,0.05582016279177995,0.2657361691763861,True,False,False,1.2009991090187547e-06,COMPLETE
1086,0.45475934147834784,2025-04-17 21:00:56.898870,2025-04-17 21:01:07.316653,0 days 00:00:10.417783,0.2858653848947673,0.8282460423487435,2,0.2618305603931218,0.05198343874323261,0.0786511973466787,0.04507955716164905,0.061448441960522016,0.011365092496010405,0.00023377537523644102,5,39,0.05456466786835884,0.26589562499578806,True,False,False,1.4703557385247063e-06,COMPLETE
1087,0.42695212960243223,2025-04-17 21:01:07.673628,2025-04-17 21:01:32.484251,0 days 00:00:24.810623,0.2831412034069217,0.8396591455802576,2,0.27039804979273824,0.04486645966819939,0.07946907086547345,0.045791398128685504,0.05698617474236124,0.010339637404123478,0.00024147168575925534,28,44,0.056100195102164276,0.26952540419296883,True,False,False,1.1458147485970179e-06,COMPLETE
1088,0.09724023938179016,2025-04-17 21:01:32.839695,2025-04-17 21:01:42.404074,0 days 00:00:09.564379,0.30733725498648023,0.8170859278372652,2,0.2535583982023507,0.05667254606584913,0.07816842138112437,0.044458528849346035,0.05429589503369351,0.009280940572088463,0.00018422696882663058,5,41,0.057839024054976575,0.26595512085734724,True,False,True,1.0935823604781488e-06,COMPLETE
1089,0.4295764923095703,2025-04-17 21:01:42.758938,2025-04-17 21:01:53.337317,0 days 00:00:10.578379,0.28092760847241854,0.8369302708767592,2,0.26762741768815157,0.04926515314978462,0.08334065713253597,0.046553063102886545,0.059763182857081494,0.01174969840948888,0.00021976954985118686,5,49,0.05528626576062251,0.26254651058620637,True,False,False,1.985821706406001e-06,COMPLETE
1090,0.12445585876703263,2025-04-17 21:01:53.691749,2025-04-17 21:02:03.139910,0 days 00:00:09.448161,0.30311013656245034,0.8065820016657451,2,0.26035189856765584,0.04327893458508476,0.081055840086057,0.046964804097392995,0.056081565286813975,0.009881230836885588,0.00015077624082602298,5,37,0.05545235408386316,0.2683549739051595,True,True,False,1.6158919621308788e-06,COMPLETE
1091,0.4505858719348908,2025-04-17 21:02:03.499881,2025-04-17 21:02:13.955904,0 days 00:00:10.456023,0.30225172302120956,0.8456415406977482,2,0.27384270947013156,0.03889156156294302,0.07980915583144105,0.04336349392097941,0.06308426278885572,0.008605224831587236,0.0002522053888866351,5,33,0.052098141762101494,0.26116638246611773,True,False,False,1.2586146329968613e-06,COMPLETE
1092,0.44720000028610235,2025-04-17 21:02:14.316342,2025-04-17 21:02:24.839874,0 days 00:00:10.523532,0.2655120954508644,0.8280290535905517,2,0.2636785078299447,0.046918515607744744,0.084928752634396,0.04468668066277991,0.05607374072932519,0.012357001145079018,0.00019587111750056431,5,46,0.05203595372545307,0.27085011384954133,True,False,False,1.0257505179282138e-06,COMPLETE
1093,0.45709219574928284,2025-04-17 21:02:25.200334,2025-04-17 21:02:35.589734,0 days 00:00:10.389400,0.2663057848198035,0.7906785552122909,2,0.27490582190708057,0.05466967530675401,0.08990788192569941,0.047391874878439544,0.06047252717526963,0.010232013262234649,0.0002780352449586396,5,42,0.0511181932014701,0.257605372815886,True,False,False,1.0680877490315966e-06,COMPLETE
1094,0.44388088583946234,2025-04-17 21:02:35.949701,2025-04-17 21:02:46.449162,0 days 00:00:10.499461,0.315030209670856,0.8141926096635503,2,0.26761975309064656,0.03699664312496841,0.039269138750172135,0.045231510112630754,0.05852220118787844,0.01294364974409859,0.0001309741191765029,5,40,0.05369545281365371,0.2649048755695865,True,False,False,1.6486787987788025e-06,COMPLETE
1095,0.4413936018943787,2025-04-17 21:02:46.815836,2025-04-17 21:02:57.310594,0 days 00:00:10.494758,0.31003994824719805,0.8580907161291162,2,0.2761690976734043,0.04329881483065029,0.08276641380536187,0.04224016413632108,0.06085566626339582,0.007971361836101478,0.00016807844365732428,5,36,0.05697778924903136,0.27148356996769896,True,False,False,8.054543112491789e-07,COMPLETE
1096,0.3732874095439911,2025-04-17 21:02:57.672392,2025-04-17 21:03:05.149521,0 days 00:00:07.477129,0.22520131628365408,0.8413902234039053,8,0.2558185325214618,0.03369850878142676,0.07798449237126454,0.0475614432424193,0.05923766523875691,0.010584231881244736,0.00022571189523709617,5,43,0.05091939345805577,0.25954985273701797,False,False,False,1.3259000894627221e-06,COMPLETE
1097,0.4584421575069428,2025-04-17 21:03:05.494811,2025-04-17 21:03:16.002695,0 days 00:00:10.507884,0.27670758380287747,0.817225377750647,2,0.2704989961481605,0.04845038243565339,0.08673807769715047,0.04559848032366472,0.06127516475556427,0.008510319454169538,0.00027029432732573506,5,39,0.052222637357771585,0.27350232782757194,True,False,False,1.3686040314519162e-06,COMPLETE
1098,0.44311718344688417,2025-04-17 21:03:16.359281,2025-04-17 21:03:27.436759,0 days 00:00:11.077478,0.24463295547547187,0.7992969010984929,2,0.2594093631940291,0.05437607668810164,0.09104572526626507,0.043100591122078785,0.06538448328042905,0.007842830798681383,0.00027991287008639643,6,34,0.05711333626153921,0.27491159832106166,True,False,False,1.1262571057953265e-06,COMPLETE
1099,0.43941294550895693,2025-04-17 21:03:27.794958,2025-04-17 21:03:38.260319,0 days 00:00:10.465361,0.2597220159143945,0.8558648786069918,2,0.25128173726469955,0.05592596812800646,0.08914293434710216,0.04405985744973556,0.062216008537824594,0.011593140563570786,0.0003340442151963088,5,29,0.050167328865440064,0.2747698554178632,True,False,False,9.304102577022625e-07,COMPLETE
1100,0.44297907948493964,2025-04-17 21:03:38.623220,2025-04-17 21:03:49.717601,0 days 00:00:11.094381,0.2965146398861676,0.7748628367992357,2,0.2643876752430323,0.051163422879370035,0.08781787047122415,0.04194420155737913,0.06358307275171098,0.00862542289364894,0.00028379979815163235,6,32,0.053210923237040006,0.27283841734036984,True,False,False,2.620321629609894e-06,COMPLETE
1101,0.45187302827835085,2025-04-17 21:03:50.078212,2025-04-17 21:04:00.503531,0 days 00:00:10.425319,0.32434671185645514,0.8297357356251075,2,0.24483731062272107,0.057983935367344495,0.08743697715051145,0.045785585799769206,0.0667687071702943,0.01370087826691947,0.000296715131530675,5,38,0.06110562834410334,0.27083591531043283,True,False,False,8.869868311235089e-07,COMPLETE
1102,0.44679806232452396,2025-04-17 21:04:00.868564,2025-04-17 21:04:11.273455,0 days 00:00:10.404891,0.2621765646518034,0.8513004332209968,2,0.27089248704921814,0.05028785526937746,0.09209021770483633,0.04862585279480782,0.06275948983089627,0.007855907713619936,0.0002452509028963105,5,36,0.054477868218444914,0.27728218578353286,True,False,False,1.8394906333930709e-06,COMPLETE
1103,0.44707044363021853,2025-04-17 21:04:11.632610,2025-04-17 21:04:22.781938,0 days 00:00:11.149328,0.22868891427510174,0.8101900502506796,2,0.26143562406041787,0.04669432493348286,0.03647195381831884,0.0438775091001673,0.0644173176909244,0.011228468713992135,0.0003122125765940089,6,39,0.05361439375641397,0.2680291883974266,True,False,False,7.291961002027611e-07,COMPLETE
1104,0.4476740717887879,2025-04-17 21:04:23.146431,2025-04-17 21:04:34.157181,0 days 00:00:11.010750,0.2790348686459537,0.7810205571503734,2,0.26895304589561647,0.05923184202707632,0.08589863869615204,0.04532568641032495,0.06149965900953633,0.00959507972501845,0.00024418913324273744,6,36,0.05668243147344163,0.2665066882190489,True,False,False,1.017610245999772e-06,COMPLETE
1105,0.4512123227119446,2025-04-17 21:04:34.521123,2025-04-17 21:04:44.988974,0 days 00:00:10.467851,0.2460331726361026,0.8641197599164222,2,0.2553344200793995,0.0495433264498223,0.08573703273028986,0.04194103786518947,0.05863079632860987,0.013421100632198337,0.00033846152223076907,5,32,0.05956294476515704,0.276777156677777,True,False,False,8.375054808018886e-07,COMPLETE
1106,0.4529339790344239,2025-04-17 21:04:45.350488,2025-04-17 21:04:55.727838,0 days 00:00:10.377350,0.27356870864319666,0.8364438497415912,2,0.2634483408355673,0.044592837265265396,0.08933195890257553,0.04791112597342119,0.061408605530784754,0.006893348891737348,0.00026215824333494873,5,39,0.04914601262049491,0.26265086274534805,True,False,False,1.5985732286572685e-06,COMPLETE
1107,0.44039165377616885,2025-04-17 21:04:56.093324,2025-04-17 21:05:07.263637,0 days 00:00:11.170313,0.2497973016260452,0.8015459802291878,2,0.02686559769821356,0.23831879572730558,0.08695332307128191,0.050598299716656005,0.05974108764700565,0.011880474130858045,0.00021590141927228042,6,45,0.051278358779415674,0.2673511126077289,True,False,False,6.613837797382053e-07,COMPLETE
1108,0.09234625697135926,2025-04-17 21:05:07.629455,2025-04-17 21:05:17.054408,0 days 00:00:09.424953,0.2868709175154961,0.8650694550147705,2,0.2713803676584984,0.04275076817428706,0.08411882794718012,0.046531238638186465,0.06339065383002486,0.00827153521150433,0.00030925950969924797,5,38,0.049567202856087005,0.2737135265959605,True,True,True,3.260163665830637e-06,COMPLETE
1109,0.42757052779197696,2025-04-17 21:05:17.417428,2025-04-17 21:05:34.179544,0 days 00:00:16.762116,0.27897805791489255,0.7586213230078707,2,0.27825992371929287,0.05157255931237879,0.08740559005082102,0.04380450016020713,0.0608959626266588,0.010440976623387825,0.0002292400245306476,15,43,0.05440040198826903,0.25746780317771845,True,False,False,1.2130794497119066e-06,COMPLETE
1110,0.4431163847446442,2025-04-17 21:05:34.530277,2025-04-17 21:05:45.683144,0 days 00:00:11.152867,0.29761633436490365,0.8297160622355353,2,0.06684739138825829,0.057825794637724845,0.08530427367959925,0.05019489432420025,0.05346300264879068,0.013678776449704333,0.00026071477181873186,6,34,0.05110558836757663,0.2799080214440312,True,False,False,2.014039882609054e-06,COMPLETE
1111,0.44598391056060793,2025-04-17 21:05:46.046631,2025-04-17 21:05:56.533291,0 days 00:00:10.486660,0.3213499597486142,0.8516916225547926,2,0.23985625776482555,0.04212414849912183,0.08399950733220597,0.04091135748772204,0.051753762032525345,0.0067884538113148355,0.00035021794847548424,5,50,0.04819986987282755,0.26337050056234657,True,False,False,1.1813707877267365e-06,COMPLETE
1112,0.4582005918025971,2025-04-17 21:05:56.900465,2025-04-17 21:06:07.380765,0 days 00:00:10.480300,0.29809833792538903,0.8180851055310023,2,0.26821599639475047,0.052085026730173935,0.08232063353759474,0.04772112627986239,0.05799808802794796,0.009064321161680062,0.0002036575151094448,5,40,0.05231855199465922,0.2709071638865595,True,False,False,1.524337437389004e-06,COMPLETE
1113,0.4377823472023011,2025-04-17 21:06:07.744367,2025-04-17 21:06:18.213713,0 days 00:00:10.469346,0.2890403934077238,0.8047861018453275,2,0.2686453393559389,0.05815433017362691,0.08229663914576485,0.04930056743460021,0.05746992787951887,0.0066542982089916065,0.00017650728621786477,5,46,0.05571493597096582,0.27889826570602755,True,False,False,1.4478984406816544e-06,COMPLETE
1114,0.35018678307533263,2025-04-17 21:06:18.583672,2025-04-17 21:06:28.956638,0 days 00:00:10.372966,0.298686341973541,0.7778317094976627,2,0.2732502902351954,0.0526550870387656,0.08113048659611448,0.04797153319483126,0.058691039682069776,0.009257109667135591,0.0002069050566807528,5,42,0.05815996022508632,0.27422170866364826,False,False,False,1.5872515745936495e-06,COMPLETE
1115,0.3344991147518158,2025-04-17 21:06:29.327658,2025-04-17 21:06:40.072729,0 days 00:00:10.745071,0.2656987453229134,0.7947838760127863,2,0.27844598078709887,0.060315645918740966,0.08280572143480437,0.051937125107891266,0.05667784013639023,0.00816275199242563,0.0002747376573708257,5,98,0.05240076817102228,0.2704587251725979,True,False,False,1.2345534583689732e-06,COMPLETE
1116,0.43928903937339786,2025-04-17 21:06:40.440555,2025-04-17 21:06:50.998806,0 days 00:00:10.558251,0.25704555745393365,0.8150816433743145,2,0.26707535531603854,0.0537493458395691,0.08090050544001907,0.04856123814770023,0.05959890775138601,0.005982122660580174,0.00016518417984257992,5,44,0.05285562004892873,0.27723485133289266,True,False,False,1.8573348857987353e-06,COMPLETE
1117,0.3937991261482239,2025-04-17 21:06:51.363566,2025-04-17 21:06:58.965200,0 days 00:00:07.601634,0.30360953490426895,0.8243243950471587,8,0.2749143484118458,0.04802934664239397,0.08265498562881914,0.050574078170647956,0.05974680586285947,0.008171154925380897,0.0002492939932211541,5,41,0.05369439442492509,0.2689814087856272,True,False,False,1.368800127536273e-06,COMPLETE
1118,0.4349450051784515,2025-04-17 21:06:59.334509,2025-04-17 21:07:09.778233,0 days 00:00:10.443724,0.3165496097440722,0.7878976853933106,2,0.2689974505304446,0.057691532617293456,0.08043372143499783,0.046865237531110555,0.062186841410855814,0.08135155695704682,0.00020452149242629594,5,48,0.05070199047296037,0.28116439934436416,True,False,False,2.6892541160268084e-06,COMPLETE
1119,0.4475044786930084,2025-04-17 21:07:10.146757,2025-04-17 21:07:20.596655,0 days 00:00:10.449898,0.28397563714527424,0.817410499083532,2,0.280009716774278,0.05279494149789632,0.0840682923589731,0.04881010055301645,0.05820981720235172,0.009826995921549418,0.0003253841671468112,5,36,0.05542019947732186,0.2542802409180399,True,False,False,9.23557325533603e-07,COMPLETE
1120,0.4443920075893403,2025-04-17 21:07:20.967699,2025-04-17 21:07:31.488723,0 days 00:00:10.521024,0.23456563212514067,0.7590503355313781,2,0.2645095979329493,0.04628875051008137,0.05711971671621111,0.046073213778627026,0.05626036224439265,0.011999602678094454,0.0001340081535285248,5,39,0.04968582524490357,0.2714381021266673,True,False,False,1.0392369347168447e-06,COMPLETE
1121,0.4476016759872437,2025-04-17 21:07:31.859024,2025-04-17 21:07:42.271451,0 days 00:00:10.412427,0.3271453403108229,0.7963780673738212,2,0.2736398761523401,0.19307552662530209,0.08185717480523473,0.05521091087948787,0.05974175948254634,0.005572958740319723,0.0002689067359418092,5,44,0.05239517558444319,0.2601122056292077,True,False,False,2.0327424633221063e-06,COMPLETE
1122,0.4509734928607941,2025-04-17 21:07:42.641618,2025-04-17 21:07:53.652844,0 days 00:00:11.011226,0.27419033926569664,0.8345495218697817,2,0.2800809438839326,0.061557355923931356,0.08022820852693578,0.051572807805189934,0.06302441551875242,0.008149772566809026,0.00017875413818190482,6,41,0.05362192937502111,0.28157043285561806,True,False,False,1.4131331929757305e-06,COMPLETE
1123,0.44956582188606264,2025-04-17 21:07:54.023768,2025-04-17 21:08:04.460952,0 days 00:00:10.437184,0.3074637090068003,0.7324263859392866,2,0.26842207741402163,0.04815325738980568,0.08406089430089327,0.04829531609438434,0.05555603156085904,0.010506257303244825,0.00022593529410802008,5,37,0.04838284390988811,0.2649397838125632,True,False,False,9.009860241689157e-07,COMPLETE
1124,0.4368211746215821,2025-04-17 21:08:04.834951,2025-04-17 21:08:15.853207,0 days 00:00:11.018256,0.33096415700313264,0.8132549018003002,2,0.2750125026760392,0.04949219720097135,0.08213044955851972,0.04589057236199781,0.057677536087479504,0.01323247489114281,0.0003506787553296289,6,31,0.05110971519721443,0.2562019103065641,True,False,False,7.764242961993846e-07,COMPLETE
1125,0.4500483930110931,2025-04-17 21:08:16.226439,2025-04-17 21:08:26.683109,0 days 00:00:10.456670,0.294850910250152,0.8435772209589144,2,0.260910797147802,0.05566704860812274,0.07960916380423078,0.053366129020891766,0.054832077926399686,0.006984770486801972,0.00029681390608472737,5,47,0.04695096920535863,0.2742457945515776,True,False,False,2.2302301316165896e-06,COMPLETE
1126,0.09541098028421403,2025-04-17 21:08:27.037777,2025-04-17 21:08:49.176568,0 days 00:00:22.138791,0.3319800262883365,0.785779329624097,2,0.12625877904893582,0.1824238886755972,0.08545677608833056,0.049996931246506164,0.0613132172012656,0.00937894991896081,0.00015048462040973714,29,35,0.05636893268490427,0.252262718488778,True,False,True,1.0828434200824953e-06,COMPLETE
1127,0.4526257038116455,2025-04-17 21:08:49.542927,2025-04-17 21:09:00.518489,0 days 00:00:10.975562,0.2689160586003862,0.8312955103318224,2,0.2818168480685465,0.0410198629361082,0.07679654568972916,0.04685471390656197,0.06097363955136785,0.01152360784088054,0.00020200439473542386,6,41,0.05034958246000131,0.2674961229111388,True,False,False,7.610915404707576e-07,COMPLETE
1128,0.12364663779735566,2025-04-17 21:09:00.886756,2025-04-17 21:09:10.396781,0 days 00:00:09.510025,0.24302220237286712,0.8126037052534723,2,0.26960430512847705,0.045373273882367574,0.08240587696740995,0.05003033562173171,0.05434094615186705,0.015010424793946067,0.00022740651692473187,5,39,0.047388184818000056,0.26021696824421836,True,True,False,1.1962598484552132e-06,COMPLETE
1129,0.4407540380954743,2025-04-17 21:09:10.762008,2025-04-17 21:09:21.831736,0 days 00:00:11.069728,0.29277195662490924,0.8469296382062265,2,0.2753623401503307,0.051823316957699504,0.08411564294167574,0.04499822849453368,0.05924593137242243,0.00807012908693128,0.0003915523975916548,6,44,0.053977293667701466,0.2802686865301636,True,False,False,9.420145038257776e-07,COMPLETE
1130,0.4493429183959961,2025-04-17 21:09:22.200389,2025-04-17 21:09:32.582160,0 days 00:00:10.381771,0.3081962021322587,0.8031962741466461,2,0.2647790009988304,0.04282111550510611,0.08025650399760681,0.04774226417744848,0.06547734543082837,0.006207891267178367,0.0002738076287499495,5,37,0.053272794077459704,0.25286834599170643,True,False,False,1.6373343016242629e-06,COMPLETE
1131,0.44155443310737613,2025-04-17 21:09:32.951647,2025-04-17 21:09:43.540922,0 days 00:00:10.589275,0.3298431409907424,0.7781693622509491,2,0.282991858087186,0.06264709800621777,0.07873130134063072,0.05143782933810882,0.05735822960244332,0.012162606086725813,0.0001770776265258669,5,34,0.048921903791192774,0.2715492710433848,True,False,False,2.1887513755828315e-06,COMPLETE
1132,0.4309807896614075,2025-04-17 21:09:43.910537,2025-04-17 21:09:54.931347,0 days 00:00:11.020810,0.3332793298864635,0.8261379848227665,2,0.27744236432232167,0.05193961973165932,0.06446662052099801,0.05766833994473157,0.052381336415310016,0.00998596838824549,0.00024419942694681564,6,27,0.04856630311383155,0.26654894481680946,True,False,False,1.4003837461184784e-06,COMPLETE
1133,0.31096748113632205,2025-04-17 21:09:55.303267,2025-04-17 21:10:05.738938,0 days 00:00:10.435671,0.3145272817381469,0.8431261389703847,2,0.26151048636669016,0.04028837761750557,0.08170808649410406,0.045004757687216825,0.05573276550536258,0.004985814391435541,0.00020301325914242352,5,51,0.05092782294539165,0.2588446743272823,False,False,False,7.659634589005781e-07,COMPLETE
1134,0.44556168317794803,2025-04-17 21:10:06.107477,2025-04-17 21:10:17.191549,0 days 00:00:11.084072,0.27191282505387887,0.8599229316182311,2,0.2716992785543532,0.04665743926345728,0.08414712630535842,0.04816062119643036,0.0534251379916637,0.014279293670023414,0.00032008316665559306,6,41,0.046881316275661486,0.2754721239714838,True,False,False,1.1008804017641644e-06,COMPLETE
