number,value,datetime_start,datetime_complete,duration,params_alpha-eval,params_alpha-train,params_batch-size,params_eps-eval,params_eps-train,params_lambda-actions-eval,params_lambda-actions-train,params_lambda-frames-eval,params_lambda-frames-train,params_learning-rate,params_n-epochs,params_n-frames,params_radius-gw,params_rho,params_std-feats,params_ub-actions,params_ub-frames,params_weight-decay,state
1456,0.4351326584815979,2025-04-01 18:21:14.278815,2025-04-01 18:21:24.738277,0 days 00:00:10.459462,0.8836965546963652,0.9306397522811066,8,0.2848691325362965,0.09432414804767197,0.06286492430189101,0.021658749678129995,0.06191649954555192,0.02115625397683321,0.0010915508069222902,27,129,0.08097771161092913,0.033740417187519724,False,False,False,2.2973122783114222e-07,COMPLETE
1457,0.431601083278656,2025-04-01 18:21:25.237765,2025-04-01 18:21:36.289682,0 days 00:00:11.051917,0.9599735885879309,0.7046488192827757,8,0.2709175118724974,0.07658126416747954,0.08166303067634195,0.019325962362849308,0.055046336196490575,0.015190938471801496,0.0007774859477502297,30,125,0.07250254056978149,0.015061781547024523,False,False,False,2.1574401934101387e-06,COMPLETE
1458,0.3992935419082642,2025-04-01 18:21:36.767324,2025-04-01 18:21:47.314296,0 days 00:00:10.546972,0.14554493374031358,0.6213522697994316,8,0.25548766791869204,0.08170837562029673,0.0732497806199072,0.015423692132231326,0.0422046627665489,0.02709874506599351,0.026282033563632838,28,110,0.09002325746568908,0.026265904707775747,False,False,False,3.8540733516593766e-08,COMPLETE
1459,0.43233221769332886,2025-04-01 18:21:47.791841,2025-04-01 18:21:58.063718,0 days 00:00:10.271877,0.9341425152145361,0.7485599250391091,8,0.2900697442026035,0.062435742533079736,0.07806991150817519,0.009611430254031465,0.008036129040236362,0.02495285369249258,0.0006606708588787463,26,121,0.0951481760167381,0.0406247049579801,False,False,False,1.490466806696938e-07,COMPLETE
1460,0.38913319110870365,2025-04-01 18:21:58.543290,2025-04-01 18:22:08.916399,0 days 00:00:10.373109,0.9824407012275121,0.6826975761850064,8,0.2763579729758473,0.06960408342235269,0.055068910957410254,0.024636519114822165,0.031046737368152437,0.019037609200454553,0.003384461012274106,29,29,0.07623383762488074,0.14145918716079495,False,False,False,3.3226491538826143e-06,COMPLETE
1461,0.3944572448730469,2025-04-01 18:22:09.390153,2025-04-01 18:22:20.214728,0 days 00:00:10.824575,0.870623571993444,0.727046303305658,8,0.2818922941356054,0.08902895414652068,0.07540963796182312,0.013969415520726612,0.0011473007577755077,0.017330905171681163,0.0008674017645564335,29,136,0.06321860045219385,0.019470220229748147,False,False,False,8.229178908244579e-07,COMPLETE
1462,0.2967643439769745,2025-04-01 18:22:20.713505,2025-04-01 18:22:30.621909,0 days 00:00:09.908404,0.8152184955766231,0.8941343233374415,8,0.24115505494617448,0.044397315756136535,0.03902090993284201,0.017533984800832705,0.06566835671900614,0.03047524286263557,0.0017567855479839938,30,115,0.08335242980651064,0.06520369776438865,False,False,True,1.1633191789329919e-07,COMPLETE
1463,0.40209795236587526,2025-04-01 18:22:31.106645,2025-04-01 18:22:41.600066,0 days 00:00:10.493421,0.9141772482219441,0.6029129302478611,8,0.2950178463592919,0.0768934012407972,0.025083705339649577,0.027268951267934445,0.03434755383874285,0.007704242703513383,0.00046260999799188206,27,131,0.09198556015649892,0.0012121348149870606,False,False,False,1.5010832379224364e-06,COMPLETE
1464,0.4132809400558472,2025-04-01 18:22:42.073067,2025-04-01 18:22:52.725819,0 days 00:00:10.652752,0.8943099865112523,0.8332251376831601,8,0.2858099629041723,0.05528742768418967,0.06625978576206207,0.012604993753048,0.047250361879232365,0.012272813940801802,0.0011877865965867504,28,127,0.07864329660697843,0.034024725198929365,False,False,False,1.1107052727428827e-06,COMPLETE
1465,0.4084959387779236,2025-04-01 18:22:53.202751,2025-04-01 18:23:17.271265,0 days 00:00:24.068514,0.9997455177628366,0.5551020937011394,2,0.062432821758976784,0.06809576294989295,0.08712778091823001,0.020165022112505898,0.06032476200958775,0.014460023316184324,0.0010136989298855875,28,119,0.0864818657814587,0.02712870518713863,False,False,False,6.76179531787149e-07,COMPLETE
1466,0.41522605419158937,2025-04-01 18:23:17.763274,2025-04-01 18:23:28.531225,0 days 00:00:10.767951,0.8474920899661105,0.7538625060700253,8,0.2652829471347289,0.08099531015634082,0.057102816293182874,0.022744025115946184,0.05111711237146279,0.023402634968807495,0.001470277797371178,29,124,0.08887326062941629,0.011495796148395116,False,False,False,2.297641567689569e-06,COMPLETE
1467,0.3959564566612244,2025-04-01 18:23:29.015766,2025-04-01 18:23:40.994489,0 days 00:00:11.978723,0.9454379799063827,0.6478639572635513,8,0.2727803961102443,0.06216221057677493,0.02833705585692698,0.025821900660372564,0.05733418438711383,0.021139500003009147,0.0008101726661371979,30,122,0.08495927930490552,0.03999176010491493,True,False,False,8.338564138837386e-08,COMPLETE
1468,0.4186684012413025,2025-04-01 18:23:41.481931,2025-04-01 18:23:51.850006,0 days 00:00:10.368075,0.9683944894764331,0.9013937564562361,8,0.2593129968990209,0.10075705610226132,0.07004334600396556,0.010901997443663347,0.05336525244871529,0.0178643809392507,0.0005598764109384512,27,112,0.08202049273144589,0.022321865320920845,False,False,False,1.6079180616110725e-06,COMPLETE
1469,0.4151815533638,2025-04-01 18:23:52.328714,2025-04-01 18:24:02.919150,0 days 00:00:10.590436,0.8741858250164598,0.7735089778016856,8,0.2792621561366878,0.08541594123715766,0.05297723356813714,0.01617017473844672,0.05907564881491173,0.026222698980474014,0.0012220290858846199,29,100,0.09055668140771994,0.03064367210015101,False,False,False,9.539541417035454e-07,COMPLETE
1470,0.42032080888748174,2025-04-01 18:24:03.419063,2025-04-01 18:24:14.018901,0 days 00:00:10.599838,0.9205519160640138,0.44024938479317194,8,0.29120419057679164,0.14439558056827176,0.07956915131063952,0.018928336394553606,0.062466299713672194,0.010473296575188792,0.0006987872865644853,28,116,0.09277847274366118,0.017290008595214602,False,False,False,2.7245598817140155e-06,COMPLETE
1471,0.33395709395408635,2025-04-01 18:24:14.500582,2025-04-01 18:24:24.269646,0 days 00:00:09.769064,0.8963098432143123,0.5782464079594435,8,0.2944820083539426,0.07088096318820995,0.0839242007066874,0.03082616202990361,0.04060202357137555,0.00762592982302938,0.0009638487919007204,30,104,0.08699394971752096,0.04826079583362613,False,True,False,1.34819353047477e-06,COMPLETE
1472,0.4026078343391419,2025-04-01 18:24:24.750804,2025-04-01 18:24:35.521672,0 days 00:00:10.770868,0.5636884455902657,0.857153208557905,8,0.2693768546661185,0.09354120119599768,0.05087104645263007,0.03670273173832496,0.06808835237627982,0.01428000230155964,0.001680743545937753,29,127,0.08934358906395654,0.008744414056078675,False,False,False,3.299443124497064e-07,COMPLETE
1473,0.40529178380966185,2025-04-01 18:24:35.998735,2025-04-01 18:24:46.578577,0 days 00:00:10.579842,0.8269841833684435,0.7068944922464019,8,0.14185155378290726,0.05311992321805298,0.0947140255298883,0.008721148770702044,0.0557163676991982,0.0161227345155755,2.891656338701102e-05,28,119,0.08343354680022562,0.027295130214262064,False,False,False,1.7717475755164125e-06,COMPLETE
1474,0.40937501192092896,2025-04-01 18:24:47.075199,2025-04-01 18:24:57.857121,0 days 00:00:10.781922,0.8591688377680129,0.7316200038598445,8,0.28620955577378443,0.06006599159216264,0.04915996077099127,0.028644178771307843,0.049898591654835664,0.04331106821680476,0.0003054635060179614,29,124,0.09406344945694227,0.03495113940631458,False,False,False,1.0028134762376642e-08,COMPLETE
1475,0.41366559267044073,2025-04-01 18:24:58.337688,2025-04-01 18:25:09.277557,0 days 00:00:10.939869,0.9389965461168781,0.9575364076837704,8,0.27609802979563575,0.07561228613675108,0.059238140415492344,0.005480173681932801,0.0037408113399974583,0.02870089287487189,0.0010580696950096915,30,131,0.08782242485135866,0.02382575707323914,False,False,False,5.176062280444395e-05,COMPLETE
1476,0.4344334363937378,2025-04-01 18:25:09.755043,2025-04-01 18:25:19.599509,0 days 00:00:09.844466,0.9825463634052767,0.9227924997325714,8,0.2999330587570302,0.06699818162663655,0.06313324164282838,0.01459936830070653,0.05217659682086264,0.020216637546372467,0.0009091504225809384,24,120,0.08551001905978792,0.04372723305535267,False,False,False,1.2300920594240196e-06,COMPLETE
1477,0.3825778365135193,2025-04-01 18:25:20.104834,2025-04-01 18:25:28.801655,0 days 00:00:08.696821,0.9605967432200643,0.8152224157732442,16,0.2999748380888601,0.18694628852887404,0.06878734175993083,0.021511408002660756,0.06428332149124166,0.012226988779227147,0.001307379901215619,28,114,0.08151419674466405,0.01561102558095713,False,False,False,1.9258966546243213e-06,COMPLETE
1478,0.4094526886940003,2025-04-01 18:25:29.289952,2025-04-01 18:25:40.250513,0 days 00:00:10.960561,0.8810828736044702,0.8778240362213817,8,0.24999183270985942,0.08712084656224502,0.07202744016295952,0.017797376398529997,0.04608906302452128,0.023828174697552586,0.0025655846353026205,30,123,0.09130292329704832,0.03625058851181741,False,False,False,2.7073279312316344e-08,COMPLETE
1479,0.43559545278549194,2025-04-01 18:25:40.742588,2025-04-01 18:25:51.074226,0 days 00:00:10.331638,0.9061997995545098,0.6160236850385545,8,0.2829142924243713,0.08049110888368878,0.06514854353803173,0.012667864202708538,0.05779230940053427,0.018669742656446272,0.0006137866451170849,27,117,0.08831282859387943,0.030114543467245704,False,False,False,8.177004322686477e-07,COMPLETE
1480,0.4203548908233643,2025-04-01 18:25:51.554129,2025-04-01 18:26:01.913440,0 days 00:00:10.359311,0.9230372386304495,0.6760523313188106,8,0.2899043697205203,0.04607431317228278,0.04465310347286552,0.024487558964145006,0.053946245763438386,0.009494495876673118,0.000756353845959842,26,127,0.07957989391450815,0.17618649873294728,False,False,False,1.0956608732948992e-06,COMPLETE
1481,0.42977223396301273,2025-04-01 18:26:02.416006,2025-04-01 18:26:13.205620,0 days 00:00:10.789614,0.8419595543989318,0.6350631090728841,8,0.26721425394199116,0.06568615498267348,0.05486120712067317,0.003269199424370303,0.06059614747730979,0.025478645088006877,0.0004928002252908481,29,121,0.0846082886870381,0.01992900590953902,False,False,False,5.790403505417658e-07,COMPLETE
1482,0.3160842716693878,2025-04-01 18:26:13.693033,2025-04-01 18:26:21.275339,0 days 00:00:07.582306,0.8597589362022691,0.6989529214175636,8,0.16759053935399112,0.0725542661755058,0.07684612750657463,0.01675685718617521,0.05614616259049457,0.022163634087550066,0.0010716866155188265,17,11,0.09283379779040776,0.012417312152357408,False,False,True,2.4287732810346753e-06,COMPLETE
1483,0.4154654979705811,2025-04-01 18:26:21.761540,2025-04-01 18:26:32.434239,0 days 00:00:10.672699,0.9505092964281369,0.5164012339473126,8,0.27875209568732334,0.07593034559142363,0.0609786500501615,0.008044985414496615,0.07051108300506699,0.04738744541716155,0.0008420367048681963,28,133,0.09016704922008363,0.025341358423857187,False,False,False,1.4934052909207018e-06,COMPLETE
1484,0.37336846590042116,2025-04-01 18:26:32.917736,2025-04-01 18:26:43.498671,0 days 00:00:10.580935,0.5163475785726845,0.7441770652024281,8,0.2573849299044055,0.05779216111809459,0.08858126847147083,0.03210992500627737,0.03636867043126822,0.016714099295285723,1.8407270862480657e-05,28,125,0.04472095354110013,0.03931716886387534,False,False,False,1.9475495382325935e-06,COMPLETE
1485,0.37910436391830443,2025-04-01 18:26:44.001842,2025-04-01 18:26:55.188562,0 days 00:00:11.186720,0.8884279715193794,0.7640137767722268,8,0.2881562525244846,0.09555343589366622,0.0860633517214472,0.020070557754115783,0.039153020677140486,0.013821555167505009,0.0013210320031548676,25,129,0.08645188873655768,0.10597562907859906,True,False,False,9.30892355967152e-07,COMPLETE
1486,0.4090056538581849,2025-04-01 18:26:55.674202,2025-04-01 18:27:06.450944,0 days 00:00:10.776742,0.7863716404609215,0.6599417953115316,8,0.27334929471680225,0.08566985959845674,0.07444549213564204,0.011181445946114973,0.04367792067420305,0.030261639017121422,0.00036999114532369233,29,118,0.09784956959620429,0.030593532883016805,False,False,False,6.334468262621395e-08,COMPLETE
1487,0.4000867009162903,2025-04-01 18:27:06.939077,2025-04-01 18:27:17.890973,0 days 00:00:10.951896,0.9754985397774648,0.7221906594690946,8,0.26339867480366896,0.06418624248965749,0.08318248097100221,0.02612700373918736,0.0668644637869081,0.027489875220632835,0.0006898583398337553,30,113,0.08300466805377835,0.2500630761091965,False,False,False,1.762376341833524e-07,COMPLETE
1488,0.41919473409652713,2025-04-01 18:27:18.373673,2025-04-01 18:27:42.765967,0 days 00:00:24.392294,0.9338537192178241,0.943608965791692,2,0.2945433703472181,0.07759544462943115,0.04739454727954107,0.014861618019138649,0.06297386195579176,0.006386063454146346,0.001507053865155259,29,122,0.0886913594092457,0.007572755393384046,False,False,False,2.937796375105717e-06,COMPLETE
1489,0.41749584674835205,2025-04-01 18:27:43.273852,2025-04-01 18:27:53.661102,0 days 00:00:10.387250,0.9065218300208037,0.7842916652831272,8,0.2831593731500408,0.05321209195879259,0.05692614482986219,0.0221036076972781,0.048969361991233355,0.010790133914281325,0.0009268997080517313,27,109,0.0950909335218653,0.02051786657165977,False,False,False,1.2162050800466371e-06,COMPLETE
1490,0.41775581836700443,2025-04-01 18:27:54.148590,2025-04-01 18:28:05.119111,0 days 00:00:10.970521,0.4650075448385919,0.9141184914928238,8,0.2902652129567333,0.06979092060896193,0.05219471353552857,0.018389777099348303,0.05397601249027324,0.02062826689682796,0.0011416636312667598,30,116,0.0912023708864918,0.045055819420983925,False,False,False,1.8789725672457538e-08,COMPLETE
1491,0.33304365277290343,2025-04-01 18:28:05.606183,2025-04-01 18:28:14.784882,0 days 00:00:09.178699,0.8795270585654328,0.5873928514799619,8,0.27844128389480577,0.08964127612044848,0.08134175960183627,0.028915108705119756,0.051079069762323445,0.01597084108982069,0.000577541163939327,28,35,0.08603458552495293,0.0349610720829395,False,True,False,1.664762562110135e-06,COMPLETE
1492,0.425821852684021,2025-04-01 18:28:15.266276,2025-04-01 18:28:26.132466,0 days 00:00:10.866190,0.8301481334706156,0.9820461624459172,8,0.27052635851697937,0.08143281313788324,0.03716697955922317,0.034262794504768844,0.060534386861456645,0.01853209764157379,0.0007896885863333776,29,125,0.07743096872347355,0.025343574345989123,False,False,False,6.756914816121209e-07,COMPLETE
1493,0.4075807929039002,2025-04-01 18:28:26.639880,2025-04-01 18:28:37.026847,0 days 00:00:10.386967,0.9585382005286823,0.6873041223110248,8,0.28597095888142277,0.060096502152635595,0.06733616919257869,0.023916505341300295,0.025510443376055417,0.008820052160569396,0.0010016008729028612,27,119,0.08094928731419437,0.054675036218735255,False,False,False,2.048385871086312e-06,COMPLETE
1494,0.4145779371261597,2025-04-01 18:28:37.518669,2025-04-01 18:28:48.194706,0 days 00:00:10.676037,0.8669229363811668,0.6169311279010227,8,0.25340783963466046,0.07144205731814905,0.0649331446459589,0.012354915108973864,0.02780126106487244,0.012064152136914525,0.0017277772144381283,28,128,0.08781483228391077,0.015865878085408385,False,False,False,1.4106714122037677e-06,COMPLETE
1495,0.4095161318778992,2025-04-01 18:28:48.682994,2025-04-01 18:28:59.439765,0 days 00:00:10.756771,0.983109515378335,0.7572783741690329,8,0.2607890755302961,0.04776171546172701,0.05051912413979516,0.015685323253797397,0.06542207161224309,0.03280090646032678,0.0012869531687397775,29,122,0.08368261290659239,0.03109911423513923,False,False,False,1.2849147643483615e-08,COMPLETE
1496,0.3899575352668762,2025-04-01 18:28:59.948345,2025-04-01 18:29:10.870481,0 days 00:00:10.922136,0.9182787378163492,0.8922947052210545,8,0.29345513460975703,0.06471134373509212,0.0627287820283076,0.005913919002346923,0.05859773928061712,0.022649675061417164,0.0006518901283385724,30,115,0.033749951991317875,0.04108791167885458,False,False,False,9.352163188206143e-07,COMPLETE
1497,0.4109846711158753,2025-04-01 18:29:11.364778,2025-04-01 18:29:20.323938,0 days 00:00:08.959160,0.8946893193949805,0.7152542186313906,16,0.22874731048335276,0.10255732966726672,0.05386335969507143,0.009890667049027038,0.05694512576834565,0.01431116051224882,0.00044544943428288374,29,131,0.0903370042641587,0.022033242721185273,False,False,False,1.1873173866722945e-06,COMPLETE
1498,0.4176628351211548,2025-04-01 18:29:20.810312,2025-04-01 18:29:30.999515,0 days 00:00:10.189203,0.8468904229506731,0.8498269165234411,8,0.27485568134295874,0.07625874975605819,0.05985798408124591,0.02035932135899906,0.05197009476506561,0.02588041363284669,0.00025078907661320446,26,111,0.092780999768528,0.011586924001921593,False,False,False,9.965679696303274e-08,COMPLETE
1499,0.42731757164001466,2025-04-01 18:29:31.481051,2025-04-01 18:29:42.050785,0 days 00:00:10.569734,0.8147726058698332,0.7347188166251207,8,0.19648961265118275,0.08329982829854685,0.09087991255953577,0.013642988337781228,0.032877968036893995,0.017272235000428536,0.0008449894730242098,27,124,0.08591048642869624,0.0355450817309876,False,False,False,0.00017665995173753908,COMPLETE
1500,0.29777318239212036,2025-04-01 18:29:42.557712,2025-04-01 18:29:52.108451,0 days 00:00:09.550739,0.9461784885162103,0.7996748532336344,8,0.28133308115519184,0.05803152916585934,0.07057843700791659,0.02194350427939216,0.05493606741294542,0.01970692284875849,0.0011894054705934884,28,119,0.08887025792808245,0.027722067245488684,False,False,True,3.6290389401325925e-06,COMPLETE
1501,0.38874908685684206,2025-04-01 18:29:52.600953,2025-04-01 18:30:03.610079,0 days 00:00:11.009126,0.9272851721543889,0.16914623303795712,8,0.1802705639627596,0.08908022717822998,0.07854245543877438,0.02766036282263994,0.06322815540800593,0.006728544044411233,0.0020748807592006306,30,127,0.0818134297721238,0.017154890581678593,False,False,False,2.3554183940942065e-06,COMPLETE
1502,0.4233238577842713,2025-04-01 18:30:04.101623,2025-04-01 18:30:14.973302,0 days 00:00:10.871679,0.8713107790472456,0.6409009619085141,8,0.29480168043667737,0.07162875441642187,0.07320080367658374,0.017313522645448103,0.037555115667516334,0.024170888983311302,0.0010244668143830707,29,136,0.08440223176878292,0.049347381310590056,False,False,False,1.607891633555761e-06,COMPLETE
1503,0.4467321276664734,2025-04-01 18:30:15.462029,2025-04-01 18:30:26.080647,0 days 00:00:10.618618,0.8971613138823263,0.8734078125153543,8,0.267779764637053,0.09525651218207994,0.05562659947955206,0.025210406352126284,0.011130413975116105,0.015586856169878751,0.000726709401815902,28,107,0.08706713610055782,0.12644782991125492,False,False,False,8.09358324030478e-07,COMPLETE
1504,0.37848658561706544,2025-04-01 18:30:26.586146,2025-04-01 18:30:37.945895,0 days 00:00:11.359749,0.8762788517958199,0.871509585890312,8,0.2604248454597951,0.09675289507813241,0.059386983056459265,0.02554158775995337,0.06166228415682208,0.01375820733340867,0.0007523560075593483,27,121,0.08390656718013499,0.15354953203731453,True,False,False,4.83803252066389e-07,COMPLETE
1505,0.40912444591522223,2025-04-01 18:30:38.435644,2025-04-01 18:30:48.794718,0 days 00:00:10.359074,0.861164065055552,0.8935663963004861,8,0.2542358846501888,0.10978156029923641,0.05592768211779133,0.026854180827818135,0.0070944175203381575,0.015578393881572117,0.0008352815472507029,27,117,0.08580708735524192,0.1610460822758901,False,False,False,5.53443286232863e-07,COMPLETE
1506,0.44304765462875373,2025-04-01 18:30:49.282977,2025-04-01 18:30:59.697409,0 days 00:00:10.414432,0.8902288547890336,0.8683723224832567,8,0.26302289531911416,0.10494191842600807,0.060695732933033035,0.027556044973365227,0.006674222712448526,0.012535136038055578,0.0009100792520532983,27,126,0.08666608080844423,0.008122856543077825,False,False,False,5.374987100395691e-07,COMPLETE
1507,0.4138368606567383,2025-04-01 18:31:00.211047,2025-04-01 18:31:10.400201,0 days 00:00:10.189154,0.8932225106257924,0.8602368564975676,8,0.2624935279418436,0.10048527918360542,0.06359991760089317,0.02944419877589477,0.005171978740348408,0.012049509463062096,0.0007036453758868247,26,106,0.0865567879426302,0.14756081046929323,False,False,False,4.611478626343336e-07,COMPLETE
1508,0.4347331285476685,2025-04-01 18:31:10.894091,2025-04-01 18:31:21.151197,0 days 00:00:10.257106,0.8944487333694792,0.8531513634168305,8,0.05662135937764251,0.11216100525438587,0.06663625781873138,0.028172865408010457,0.00644949165503938,0.012761475602131348,0.0007219080902615289,26,123,0.08695513061509474,0.002105552899057838,False,False,False,4.09126355568091e-07,COMPLETE
1509,0.3297115981578827,2025-04-01 18:31:21.644796,2025-04-01 18:31:31.146426,0 days 00:00:09.501630,0.8987610808352797,0.8724796485301772,8,0.26754961478545675,0.09980810920254346,0.06438533907277581,0.03100209272698706,0.009444533097658737,0.012529208857173537,0.0008422367258992963,27,114,0.08764442616312386,0.078930022842642,False,True,False,4.2543018143138254e-07,COMPLETE
1510,0.383046817779541,2025-04-01 18:31:31.640595,2025-04-01 18:31:54.326195,0 days 00:00:22.685600,0.8814183690847184,0.8409705068208739,2,0.2656558370406769,0.1097004758099813,0.06867170814477612,0.027168028887864435,0.004993312603453036,0.01421371315754018,0.000710773946965997,27,18,0.050455297935800406,0.2683042170354746,False,False,False,5.701591138207944e-07,COMPLETE
1511,0.41855721473693847,2025-04-01 18:31:54.830708,2025-04-01 18:32:05.043668,0 days 00:00:10.212960,0.9031979516750052,0.8639108601733834,8,0.2647502125895407,0.114314346673086,0.09742103153319157,0.030372790312907304,0.008883200243803391,0.01089329299853933,0.0008861385420343319,26,130,0.0875556948188414,0.11646940811114784,False,False,False,3.942738199059484e-07,COMPLETE
