number,value,datetime_start,datetime_complete,duration,params_alpha-eval,params_alpha-train,params_batch-size,params_eps-eval,params_eps-train,params_lambda-actions-eval,params_lambda-actions-train,params_lambda-frames-eval,params_lambda-frames-train,params_learning-rate,params_n-epochs,params_n-frames,params_radius-gw,params_rho,params_std-feats,params_ub-actions,params_ub-frames,params_weight-decay,state
1008,0.41520605087280277,2025-04-01 16:56:42.474337,2025-04-01 16:56:53.283423,0 days 00:00:10.809086,0.6478197146118823,0.6056206314094449,8,0.1898042995232141,0.049326061900333174,0.0785102206732838,0.008729981899272495,0.05691781408170492,0.013263094667740016,0.0008715353848251022,29,107,0.09114457484942295,0.07619446628344706,False,False,False,1.7265510845197559e-06,COMPLETE
1009,0.4165064454078674,2025-04-01 16:56:53.617490,2025-04-01 16:57:04.356530,0 days 00:00:10.739040,0.95548713009539,0.7231099501664774,8,0.2667317079523201,0.2581706631324622,0.07304924904945809,0.01182322684082102,0.058280645523642746,0.027478329734788837,0.001216594166764602,29,134,0.08440352469782876,0.023759966849752526,False,False,False,3.093788636083447e-06,COMPLETE
1010,0.4088050484657288,2025-04-01 16:57:04.690955,2025-04-01 16:57:15.622401,0 days 00:00:10.931446,0.9841037571702701,0.6532001204405232,8,0.2793035634499512,0.06708498942265591,0.05816487867765516,0.022401275065105485,0.050219355382856656,0.009251354459179687,0.0004251389060059373,30,116,0.07702168132297554,0.015644794372927692,False,False,False,1.045790016054154e-06,COMPLETE
1011,0.38018790483474735,2025-04-01 16:57:15.957911,2025-04-01 16:57:25.631429,0 days 00:00:09.673518,0.8492098773559611,0.5221868532126004,16,0.2723121286251482,0.12391502232102335,0.052460712325812696,0.015248696257216695,0.05291216169121891,0.02016193447477854,0.0006772734482746062,27,129,0.08873333305970767,0.18838820092254652,True,False,False,1.470010385206051e-06,COMPLETE
1012,0.41274077892303473,2025-04-01 16:57:25.967543,2025-04-01 16:57:36.519064,0 days 00:00:10.551521,0.9999835572514938,0.7920035616574992,8,0.2955447003054477,0.08464696929889128,0.07537222989838929,0.017707010606688542,0.060253338269754105,0.025628644144774747,0.00092189574574186,28,122,0.09381354991622684,0.02829038105825402,False,False,False,6.570637051787072e-07,COMPLETE
1013,0.42808283567428596,2025-04-01 16:57:36.857513,2025-04-01 16:57:47.713350,0 days 00:00:10.855837,0.8886127702981689,0.74550790615728,8,0.25270712992692834,0.07536548703071473,0.03061103207017606,0.024506260022171177,0.06776363979145425,0.034051423643610135,0.0015083625816060676,29,119,0.08605755258807515,0.02104101505832045,False,False,False,2.168308790882887e-06,COMPLETE
1014,0.4222684383392334,2025-04-01 16:57:48.035472,2025-04-01 16:57:57.967293,0 days 00:00:09.931821,0.96394714693051,0.6776752575152437,8,0.28780291102046546,0.041291682598796266,0.0558122444766614,0.020302643569941842,0.05512344308463435,0.01111379707148006,0.0008295296750753551,24,125,0.08092088700516141,0.03751044014708589,False,False,False,8.507241097232818e-07,COMPLETE
1015,0.3191044926643372,2025-04-01 16:57:58.299489,2025-04-01 16:58:07.664980,0 days 00:00:09.365491,0.46000347802639174,0.7630606863854812,8,0.2999058268609519,0.05797592783377824,0.08002167599869991,0.014319893178450378,0.057079104908531846,0.015907126474299246,0.001129926449819654,27,114,0.08987486089184098,0.0302560242696188,False,True,False,1.590432939268244e-06,COMPLETE
1016,0.41643753051757815,2025-04-01 16:58:08.002352,2025-04-01 16:58:18.566327,0 days 00:00:10.563975,0.9264716495414054,0.7338662450887187,8,0.28199873604413145,0.07969617634012899,0.06059872665875339,0.04780119364857041,0.052488759151305665,0.017629607884436117,0.0005845555984301936,28,127,0.08688219093351172,0.014856334419684628,False,False,False,1.1215687501863796e-06,COMPLETE
1017,0.39126836061477666,2025-04-01 16:58:18.902461,2025-04-01 16:58:29.384418,0 days 00:00:10.481957,0.9462736070849879,0.787383224340834,8,0.2646132868836114,0.07157303078443672,0.07710330945523412,0.05225497618631374,0.062134951229251764,0.022492072343223587,0.0007382377165529364,30,32,0.09691417814522733,0.02333632411156941,False,False,False,4.964411900946604e-07,COMPLETE
1018,0.417192554473877,2025-04-01 16:58:29.724487,2025-04-01 16:58:38.727343,0 days 00:00:09.002856,0.8655305210710088,0.590360377102785,8,0.2733514842187494,0.06538888623205491,0.03646891121225174,0.02564912872962407,0.06550924023539095,0.013670601800311582,0.0010126555526103964,19,132,0.08381781641153457,0.04266744397095586,False,False,False,2.4512291570334804e-06,COMPLETE
1019,0.4270925760269165,2025-04-01 16:58:39.064538,2025-04-01 16:58:49.686620,0 days 00:00:10.622082,0.9684144073134365,0.7080166261935557,8,0.22928088737742136,0.08398758864231955,0.07220313900184758,0.022684130304829787,0.05888590974494644,0.019456057757193772,0.001230375572746598,29,117,0.09129732056953409,0.02786352559692085,False,False,False,1.3864306700460565e-07,COMPLETE
1020,0.4003032922744751,2025-04-01 16:58:50.011060,2025-04-01 16:59:00.137564,0 days 00:00:10.126504,0.910400985368446,0.6329428367201286,8,0.2408048724269124,0.07633832534181917,0.08545395336835107,0.016847139098085308,0.055182098026407916,0.008328072167800038,0.0006690711884041941,25,142,0.08842636081061157,0.01955497350623896,False,False,False,3.6450594328105905e-06,COMPLETE
1021,0.4346785068511963,2025-04-01 16:59:00.471115,2025-04-01 16:59:11.054295,0 days 00:00:10.583180,0.9827232890264794,0.6813445449511133,8,0.2899911126767789,0.0639690385644512,0.054277491224644175,0.019886599117997204,0.05006498286735774,0.01531472893228355,0.0008406538691847371,28,123,0.0829617255178059,0.03448917747772328,False,False,False,1.7482183738011944e-06,COMPLETE
1022,0.42474983930587773,2025-04-01 16:59:11.390944,2025-04-01 16:59:22.300346,0 days 00:00:10.909402,0.8352719550248083,0.6519427351828443,8,0.2582480682688616,0.08580320433236054,0.052273171431202414,0.012873779733444255,0.022829335193265868,0.028867894759537816,0.0004977337483452793,30,120,0.07885642431194165,0.013258020916266097,False,False,False,7.658705018227923e-07,COMPLETE
1023,0.4091925740242005,2025-04-01 16:59:22.639639,2025-04-01 16:59:40.237135,0 days 00:00:17.597496,0.4033789045177435,0.7575494757946281,2,0.2787288501821596,0.07242838665819211,0.07498230946582125,0.011357972929941864,0.053681741034831754,0.021025337989008908,0.0009877398904627576,18,127,0.08598532843784104,0.025412340840186426,False,False,False,1.2720674075048182e-06,COMPLETE
1024,0.42580791711807253,2025-04-01 16:59:40.573546,2025-04-01 16:59:51.240556,0 days 00:00:10.667010,0.9998627528776646,0.8112834069654196,8,0.268606578724454,0.060353269421147465,0.058794229296508675,0.026823668634038483,0.06002632084448373,0.0181815048936866,0.0014034412934609882,29,118,0.09497812916990864,0.11117365941111743,False,False,False,2.899834769001592e-06,COMPLETE
1025,0.2934752941131592,2025-04-01 16:59:51.580234,2025-04-01 17:00:01.011789,0 days 00:00:09.431555,0.9525494424759691,0.7314604738485203,8,0.283795479047569,0.12976413080356722,0.05660399968543635,0.01764302870129248,0.05602144176220484,0.010969131874502873,0.0005760505875784943,27,111,0.08159470623414247,0.04836778600911795,False,False,True,5.969260943223221e-07,COMPLETE
1026,0.4376718401908875,2025-04-01 17:00:01.351759,2025-04-01 17:00:12.373024,0 days 00:00:11.021265,0.8871488365219945,0.7065210993415282,8,0.2934757946372669,0.07883485996433937,0.051502334023526664,0.02234928907547802,0.06336119317543788,0.03587530974257288,0.0007983886201895998,30,122,0.08807930996864495,0.01985746293581709,False,False,False,2.026460799249582e-06,COMPLETE
1027,0.41741384267807013,2025-04-01 17:00:12.698288,2025-04-01 17:00:23.277016,0 days 00:00:10.578728,0.9284273776711044,0.6124194972954442,8,0.275268294093224,0.05228386051176329,0.012948459522562038,0.015369750773758871,0.058430615489295394,0.012511851804846805,0.0016833830729784255,28,130,0.08464354557067252,0.034592069945637974,False,False,False,9.129379685545595e-07,COMPLETE
1028,0.4132515072822571,2025-04-01 17:00:23.614426,2025-04-01 17:00:34.364165,0 days 00:00:10.749739,0.8063555541622236,0.782095809525406,8,0.29973133286689185,0.06847888702372498,0.08164050978855088,0.00909316458319128,0.03108634048363397,0.02414568708790824,0.0010359256643853105,29,125,0.09265915777082241,0.014458932011957306,False,False,False,3.9657660056059914e-07,COMPLETE
1029,0.41676617860794074,2025-04-01 17:00:34.705090,2025-04-01 17:00:45.935967,0 days 00:00:11.230877,0.9703848021946176,0.6622340304779205,8,0.28881671687102684,0.08686595162436656,0.07889452030865325,0.019035272758535938,0.016388594794152347,0.01644011086267626,0.000373953869205587,27,115,0.0902304218322787,0.02929643241635669,True,False,False,1.5380693150720648e-06,COMPLETE
1030,0.3932617545127869,2025-04-01 17:00:46.274996,2025-04-01 17:00:56.434808,0 days 00:00:10.159812,0.9066432723437972,0.8750633365530505,8,0.2645355638855243,0.07803614961754922,0.07027849656012802,0.03206126424207316,0.07130677837827301,0.008869897169876389,0.0006777541885520566,26,119,0.08726954918754354,0.19802296713254178,False,False,False,7.583318453199868e-08,COMPLETE
1031,0.41298580169677734,2025-04-01 17:00:56.775669,2025-04-01 17:01:07.455315,0 days 00:00:10.679646,0.9452079071084318,0.7610806575481355,8,0.2552352713144411,0.07180581001264458,0.05412570130536979,0.01336988651536842,0.052161331348124354,0.018959095858227533,0.001232516581646734,28,137,0.08540609126905924,0.03999686318012022,False,False,False,1.1505006888133632e-06,COMPLETE
1032,0.42817572355270384,2025-04-01 17:01:07.797065,2025-04-01 17:01:18.536961,0 days 00:00:10.739896,0.8660565196067614,0.6863580139041305,8,0.28035233246916297,0.060526773544016324,0.039570040290445266,0.025700121863597554,0.0609700052297078,0.030858868010517827,0.0008757711656041081,29,122,0.08913008673804387,0.02275447990747011,False,False,False,2.0247027931412196e-06,COMPLETE
1033,0.39714779853820803,2025-04-01 17:01:18.878688,2025-04-01 17:01:27.771406,0 days 00:00:08.892718,0.980787427682477,0.725007376012625,16,0.26988721059649573,0.08100625720567751,0.06108812433624376,0.029974980029453802,0.05665714163348869,0.021557370608935814,0.0007458312300791146,30,113,0.05591203705774349,0.011706394908250602,False,False,False,1.3715650582899377e-06,COMPLETE
1034,0.3908115863800049,2025-04-01 17:01:28.095364,2025-04-01 17:01:38.925587,0 days 00:00:10.830223,0.8913355709331647,0.6295079041173015,8,0.24729209915115868,0.12092848738615394,0.07301834311361044,0.016458928150312,0.05038244774021906,0.026291692564580905,0.0005737130029574644,30,95,0.08241038470703159,0.031078408455337617,False,False,False,7.208509111598712e-07,COMPLETE
1035,0.3304010272026062,2025-04-01 17:01:39.265150,2025-04-01 17:01:49.045118,0 days 00:00:09.779968,0.916117977008431,0.010286825987396497,8,0.28572123961374696,0.08687729448961846,0.07751119126343592,0.02126600713570051,0.05408921973152028,0.01380554716136359,0.0010819427912916154,29,117,0.09100673125601898,0.018790343436724075,False,True,False,2.3961855805621963e-06,COMPLETE
1036,0.4184776067733765,2025-04-01 17:01:49.392774,2025-04-01 17:02:00.012724,0 days 00:00:10.619950,0.6159595325474753,0.7398757660806934,8,0.2933126437795041,0.06777467177906522,0.05578715491491321,0.02362042178328038,0.05778801783522043,0.023340636935462303,0.0009305279436814906,28,125,0.08091043922982626,0.024450649108393976,False,False,False,8.91301586322966e-07,COMPLETE
1037,0.2887604355812073,2025-04-01 17:02:00.354846,2025-04-01 17:02:10.635192,0 days 00:00:10.280346,0.9585287143237375,0.777566459275682,8,0.2612159103308723,0.03137208106786642,0.07377591387092189,0.019234355507454445,0.06580771481999331,0.01736351387178928,0.0004625083013925322,27,121,0.08659452968318858,0.009105997716725014,False,False,False,1.6978242675235033e-06,COMPLETE
1038,0.4348659992218018,2025-04-01 17:02:10.981632,2025-04-01 17:02:21.768035,0 days 00:00:10.786403,0.9327319334855133,0.8222373958933923,8,0.275827905205706,0.07529079395690463,0.07623033047724592,0.01156869368831029,0.05508197605718803,0.020277707352609302,0.0012387861739938887,29,130,0.08435452824445941,0.03599470702285123,False,False,False,3.0641241751418413e-06,COMPLETE
1039,0.42364714145660404,2025-04-01 17:02:22.115385,2025-04-01 17:02:32.985656,0 days 00:00:10.870271,0.7617211193632925,0.695190687848487,8,0.2008481987420201,0.055614926357940055,0.050929700858484965,0.014549539628813665,0.048451873235722503,0.007649227349295325,0.0006709124582182373,30,109,0.0891095172501252,0.016720085433646215,False,False,False,1.0922606666017023e-06,COMPLETE
1040,0.4299704790115357,2025-04-01 17:02:33.330465,2025-04-01 17:02:43.899821,0 days 00:00:10.569356,0.8529826434539595,0.7515044324521636,8,0.28456310109030813,0.07996729119312429,0.05781173521242005,0.026770445446161254,0.05199979264393082,0.010133860320824641,0.0015561937882521788,28,116,0.0928967556041729,0.04381577243031071,False,False,False,4.396772325828497e-06,COMPLETE
1041,0.4324324488639832,2025-04-01 17:02:44.230998,2025-04-01 17:02:54.901931,0 days 00:00:10.670933,0.9693992114063991,0.6441275672928137,8,0.1203865814651466,0.0645029871227942,0.053720751989719734,0.02119141154322335,0.05927910913890097,0.014857368730009372,0.0008052990258304397,29,123,0.07915763265360905,0.02692301596482603,False,False,False,5.190997941768296e-07,COMPLETE
1042,0.38100379705429077,2025-04-01 17:02:55.243932,2025-04-01 17:03:04.795880,0 days 00:00:09.551948,0.9995082067819145,0.5937874664169606,8,0.2941129680946062,0.07216768242283836,0.04996251530973618,0.017253401921995964,0.06262342779528925,0.027757572962596577,0.0009744387191605974,22,120,0.08733443677967105,0.26259109660414204,False,False,False,3.300090579135256e-07,COMPLETE
1043,0.40419825315475466,2025-04-01 17:03:05.138212,2025-04-01 17:03:15.688382,0 days 00:00:10.550170,0.9441601106724328,0.5707336164164927,8,0.26808077653986545,0.08658860287048464,0.0712980131232667,0.023432132105505793,0.056801833252035,0.019143427036197192,0.04862888792929441,27,133,0.08324291479916233,0.0011990455603579815,False,False,False,0.0002124294636428183,COMPLETE
1044,0.2987846970558167,2025-04-01 17:03:16.035038,2025-04-01 17:03:25.937997,0 days 00:00:09.902959,0.8212698663765484,0.7133536560878547,8,0.2530574244575805,0.1469966776902672,0.08348145297112491,0.009978465563368486,0.05350419747971895,0.012008190624482464,0.0013458678829946428,30,127,0.09052670123011886,0.02072219213874564,False,False,True,2.0524615746832384e-06,COMPLETE
1045,0.42329597473144537,2025-04-01 17:03:26.280082,2025-04-01 17:03:36.512139,0 days 00:00:10.232057,0.7922160558143314,0.7991047646261998,8,0.2786604762306305,0.1370956980071682,0.07479975802462875,0.015341279028047812,0.03496201397649813,0.0066192703288757634,0.0005828550740907386,26,112,0.08533237227405678,0.03225312880632034,False,False,False,1.3453866734794004e-06,COMPLETE
1046,0.3950074672698975,2025-04-01 17:03:36.863851,2025-04-01 17:04:00.602130,0 days 00:00:23.738279,0.8895925839913452,0.6689686319649403,2,0.2893679681436253,0.07412985694518222,0.03452816618234175,0.018610437482037324,0.06083401239129726,0.025311729615609506,0.0009386249814508145,28,118,0.08836833362285926,0.015222119357526551,False,False,False,2.748325826268204e-06,COMPLETE
1047,0.4132744908332825,2025-04-01 17:04:00.947306,2025-04-01 17:04:11.706512,0 days 00:00:10.759206,0.9155858248268417,0.6166930603901172,8,0.2998492338320016,0.08132442903655258,0.08053253978011944,0.03406341115819163,0.050264471901843875,0.01602331231215759,0.0007572661146517474,29,123,0.09509334914859449,0.028062466771282147,False,False,False,6.224302399479531e-07,COMPLETE
1048,0.3846534490585327,2025-04-01 17:04:12.055857,2025-04-01 17:04:24.101314,0 days 00:00:12.045457,0.9671680219646035,0.8448906438530189,8,0.2733825057984837,0.06688952212427315,0.052674033932510245,0.06419151202177564,0.05915995903491113,0.021808861737662888,0.002201533843526294,30,128,0.0918053600157493,0.009510963919738604,True,False,False,1.6217862487332014e-06,COMPLETE
1049,0.40589418411254885,2025-04-01 17:04:24.434766,2025-04-01 17:04:32.118516,0 days 00:00:07.683750,0.9852431388035816,0.7678825535329407,8,0.2616020421049406,0.04768603288656403,0.07873169077187767,0.07766968504911509,0.055660959045766595,0.030118112149688108,0.0001363720619268524,12,115,0.08084915618559499,0.039046352089373834,False,False,False,9.93295298821756e-07,COMPLETE
1050,0.41963793039321906,2025-04-01 17:04:32.461449,2025-04-01 17:04:43.027701,0 days 00:00:10.566252,0.875258439045819,0.7302892147055751,8,0.2808952029306497,0.05941623705482556,0.06935004154157018,0.013217688088963673,0.06449685698842,0.01798461786915966,0.0011209462528076124,28,120,0.08587508764953351,0.022055478357635952,False,False,False,1.9751888621733574e-06,COMPLETE
1051,0.39146229028701784,2025-04-01 17:04:43.374164,2025-04-01 17:04:53.747974,0 days 00:00:10.373810,0.9489783037565878,0.7473042858846515,8,0.2885268440536656,0.085167962102928,0.058978179101835865,0.028615317845186738,0.048140779947681095,0.00903298349592637,0.0004842627568257373,27,125,0.09808696607068186,0.17400463112586936,False,False,False,1.32632391081428e-06,COMPLETE
1052,0.4319938063621521,2025-04-01 17:04:54.095173,2025-04-01 17:05:04.839586,0 days 00:00:10.744413,0.845166358736373,0.7869593101942689,8,0.07496640524062056,0.07476211934421245,0.0557784102062233,0.0249519154958143,0.05207060875288661,0.004915154368611563,0.0007063431940296254,29,117,0.08307832272787781,0.03249315058902967,False,False,False,7.666355849925443e-07,COMPLETE
1053,0.3307107388973236,2025-04-01 17:05:05.188889,2025-04-01 17:05:14.388977,0 days 00:00:09.200088,0.9257634353318192,0.7066214754770633,8,0.2686912007637771,0.06804573003191247,0.06192797851138633,0.021188760891810016,0.06778575974109788,0.03289746529058579,5.419194904659398e-05,25,122,0.0761873355216056,0.01361301406396125,False,True,False,2.1278095641567465e-07,COMPLETE
1054,0.43307553529739384,2025-04-01 17:05:14.739936,2025-04-01 17:05:25.597409,0 days 00:00:10.857473,0.9010505967325873,0.6599615425588065,8,0.2939955212714099,0.07992691345310389,0.07683041576108726,0.007521942838099054,0.053847553800457415,0.013615403811443697,0.0008384468417442692,30,113,0.08962606387064853,0.025831834731450072,False,False,False,2.3639577522549834e-06,COMPLETE
1055,0.412686288356781,2025-04-01 17:05:25.948324,2025-04-01 17:05:34.651393,0 days 00:00:08.703069,0.4989823551623466,0.6837911563531546,16,0.28401784120095847,0.08872839909244108,0.051785598577275084,0.016421993964416133,0.058333024798904565,0.02011008416484955,0.025590756295142122,28,128,0.0935638357081482,0.04883720560499928,False,False,False,1.661837212562276e-06,COMPLETE
1056,0.4048356533050538,2025-04-01 17:05:34.999067,2025-04-01 17:05:45.754428,0 days 00:00:10.755361,0.9802830050249536,0.19286688553257575,8,0.27401981731874675,0.0612241193076809,0.016622488027616525,0.0194173130107668,0.06160438344488332,0.01701294648420033,0.0011592256615697337,29,119,0.005229838182672218,0.020091854310074167,False,False,False,3.5834058410618167e-06,COMPLETE
1057,0.4226642370223999,2025-04-01 17:05:46.092041,2025-04-01 17:05:56.541271,0 days 00:00:10.449230,0.6905291128046865,0.6405036870322491,8,0.22210918409925764,0.11464566669410452,0.054396255630968185,0.027504438248197594,0.04932747120527045,0.024039892240073534,0.000641342834135663,28,106,0.08784596923300594,0.03560818749620825,False,False,False,0.0009356070863090648,COMPLETE
1058,0.4202317953109741,2025-04-01 17:05:56.889459,2025-04-01 17:06:07.602069,0 days 00:00:10.712610,0.941003771208514,0.7496154848983047,8,0.24385198553709536,0.07054440120774265,0.04895792926574755,0.07340906275157345,0.05664189119087916,0.010931368095566406,0.00030058930230455637,29,124,0.08497273114040704,0.008643040887181402,False,False,False,1.2042000063820121e-06,COMPLETE
1059,0.427867865562439,2025-04-01 17:06:07.949776,2025-04-01 17:06:18.204833,0 days 00:00:10.255057,0.7228019026823274,0.6064315835733879,8,0.26274431599979203,0.07646902754797194,0.07425436324800243,0.023730794410211007,0.0889861919294991,0.028564038733780182,0.0013846949162854474,26,132,0.0784366589575837,0.027913418242924603,False,False,False,9.31708314206148e-07,COMPLETE
1060,0.4269652128219605,2025-04-01 17:06:18.564181,2025-04-01 17:06:26.778055,0 days 00:00:08.213874,0.9992281336912778,0.7237954148450617,8,0.25306451622569376,0.053855614964394345,0.02400792736716668,0.06653945245327551,0.05464920249452988,0.007597388555309767,0.0009304654398665325,15,115,0.09128173576105746,0.042367451443047474,False,False,False,2.660389163647743e-06,COMPLETE
1061,0.40746527910232544,2025-04-01 17:06:27.124589,2025-04-01 17:06:38.019388,0 days 00:00:10.894799,0.9621288222133002,0.5512349738289379,8,0.2803707745337473,0.08154188507083338,0.0721480592926736,0.01354942671324131,0.051744327502956586,0.021641577396625946,0.001898068754861933,30,120,0.08755565312120742,0.01906734502016688,False,False,False,4.5389467938045674e-07,COMPLETE
1062,0.44019261598587034,2025-04-01 17:06:38.373389,2025-04-01 17:06:48.820732,0 days 00:00:10.447343,0.8718372979528556,0.8188583226117353,8,0.28994782855525636,0.08958368006945215,0.0867906378505654,0.03091742883511844,0.06381770752668624,0.015033504847781692,0.0007965305148525308,27,126,0.08342413740813238,0.03182050915916931,False,False,False,3.8796094181655595e-08,COMPLETE
1063,0.43207463026046755,2025-04-01 17:06:49.174258,2025-04-01 17:06:59.563231,0 days 00:00:10.388973,0.848891367074427,0.8232727373013022,8,0.29482817438883885,0.0879698272369498,0.08985335630950468,0.031110664932852698,0.06462738578037727,0.014838119309578837,0.0003997580044268172,27,130,0.08202017973020012,0.043600577623256365,False,False,False,2.206149265460762e-08,COMPLETE
