number,value,datetime_start,datetime_complete,duration,params_alpha-eval,params_alpha-train,params_batch-size,params_eps-eval,params_eps-train,params_lambda-actions-eval,params_lambda-actions-train,params_lambda-frames-eval,params_lambda-frames-train,params_learning-rate,params_n-epochs,params_n-frames,params_radius-gw,params_rho,params_std-feats,params_ub-actions,params_ub-frames,params_weight-decay,state
1624,0.4224228262901306,2025-04-01 18:53:19.238196,2025-04-01 18:53:27.173419,0 days 00:00:07.935223,0.8282198668904464,0.7300598910005607,8,0.24877064897969722,0.078478007520368,0.07128613372279081,0.016458985754899978,0.060266538988138,0.014784216151810234,0.0008418139001784757,13,121,0.09186804182599306,0.10057501816172826,False,False,False,0.0007538363526983408,COMPLETE
1625,0.4310259580612183,2025-04-01 18:53:27.704928,2025-04-01 18:53:38.522897,0 days 00:00:10.817969,0.8545160223322412,0.8687637739263278,8,0.2576180314424756,0.05399166310582644,0.06447369721961693,0.026794880380519644,0.00728411037568867,0.008068470619057029,0.0007025023000242235,29,127,0.0891034777803441,0.04385672440899418,False,False,False,0.0001068795289534459,COMPLETE
1626,0.41850574016571046,2025-04-01 18:53:39.080896,2025-04-01 18:53:47.884647,0 days 00:00:08.803751,0.4084850409683128,0.7807832166126738,8,0.2896881833235594,0.06855011408080511,0.003628890525845703,0.00901575722248982,0.00904186448617848,0.016851204668892898,0.0009631260308014742,18,115,0.0934569806950614,0.010503641246452759,False,False,False,1.0612066990676024e-07,COMPLETE
1627,0.39496061801910404,2025-04-01 18:53:48.418046,2025-04-01 18:53:58.792223,0 days 00:00:10.374177,0.9035071410103866,0.9340516403825925,8,0.29990521843734685,0.08460531256729267,0.09229730236318277,0.0321666943449201,0.05787922540489634,0.011141949531353964,0.0014071931620842039,27,109,0.025817127499138972,0.031368590939426046,False,False,False,2.1165336710307895e-06,COMPLETE
1628,0.3919328570365906,2025-04-01 18:53:59.330350,2025-04-01 18:54:10.065825,0 days 00:00:10.735475,0.8795247202093889,0.8883974216857928,8,0.2798358968077703,0.06089371222049772,0.08245390167802356,0.036870302251736875,0.035608604118267946,0.026311697806608508,1.3147021499412678e-05,29,124,0.08524603968599664,0.02394276730557115,False,False,False,1.5891982041594718e-06,COMPLETE
1629,0.40740895271301275,2025-04-01 18:54:10.623545,2025-04-01 18:54:19.152665,0 days 00:00:08.529120,0.9270335422160636,0.6312974355340011,16,0.2624675816350014,0.07460715619228746,0.053159668937973026,0.013204339453233713,0.00297539100434595,0.018638540375678886,0.0011094266920610844,27,120,0.0880124930198751,0.017479043892291254,False,False,False,2.014896523441579e-08,COMPLETE
1630,0.41428421735763554,2025-04-01 18:54:19.688529,2025-04-01 18:54:30.729391,0 days 00:00:11.040862,0.953265860051912,0.7220929128494606,8,0.2721222687601924,0.26194498124375964,0.04712784957602191,0.023532746831816304,0.0684394218248078,0.028562002272008138,0.0008639459823259722,30,131,0.09647465174828938,0.006383758927646418,False,False,False,4.0451459345128755e-06,COMPLETE
1631,0.4298396944999695,2025-04-01 18:54:31.289449,2025-04-01 18:54:41.946960,0 days 00:00:10.657511,0.9993060092091096,0.7633863039748519,8,0.233033045774491,0.09796049680426647,0.08459825409531353,0.03011189028425893,0.0619186961616777,0.013539555291760097,0.0005829337630535906,28,126,0.08159230172461776,0.03603907188935062,False,False,False,5.764666962333027e-07,COMPLETE
1632,0.29309109449386594,2025-04-01 18:54:42.492602,2025-04-01 18:54:52.232292,0 days 00:00:09.739690,0.8918409419382469,0.8019072116567695,8,0.22226144089076172,0.06545819986238413,0.08725216293054547,0.025289502701466817,0.05668172050242215,0.06558659521886352,0.0007136821333871214,29,114,0.09027305583909218,0.028577276006675176,False,False,True,1.3312536878388327e-06,COMPLETE
1633,0.39526604413986205,2025-04-01 18:54:52.770696,2025-04-01 18:55:03.538625,0 days 00:00:10.767929,0.8504379527598805,0.8322319273582923,8,0.28501906286574696,0.11909217776611243,0.01400107499583969,0.005972264324558803,0.0949908317604658,0.01715680823433962,0.001633398839792163,30,78,0.0803105607193697,0.04039006287449774,False,False,False,9.930233471914847e-07,COMPLETE
1634,0.4321590065956116,2025-04-01 18:55:04.092929,2025-04-01 18:55:14.701419,0 days 00:00:10.608490,0.907742170787989,0.9964499889357568,8,0.29433589819305717,0.09044334258208428,0.043464593008520444,0.015753787818271574,0.06579733250156607,0.034115587387285255,0.0012557723535524255,28,118,0.08676465905141836,0.07723321467297742,False,False,False,1.9761685807170568e-06,COMPLETE
1635,0.43905748128891,2025-04-01 18:55:15.239110,2025-04-01 18:55:25.678427,0 days 00:00:10.439317,0.9659173235487046,0.94836477821628,8,0.2772104041685978,0.07754649699156538,0.05795969782239103,0.027957289930530038,0.03406955281898339,0.009455212179405557,0.0009793451519029554,27,122,0.08341638450710463,0.012856091984349447,False,False,False,2.963123112627946e-08,COMPLETE
1636,0.41801016330719,2025-04-01 18:55:26.238764,2025-04-01 18:55:37.025410,0 days 00:00:10.786646,0.9322592125719945,0.9041750723666554,8,0.26640652185037994,0.051745130712843174,0.0654955114166577,0.05432991482212072,0.02819830096313379,0.0204701200450697,0.0008316445534065491,29,124,0.09235560521463099,0.021554557889029942,False,False,False,7.704745232268355e-07,COMPLETE
1637,0.39049491882324217,2025-04-01 18:55:37.565936,2025-04-01 18:55:49.779876,0 days 00:00:12.213940,0.8702543381551745,0.8689539589353534,8,0.28966146521886854,0.08414367383482195,0.061093488279855286,0.010918109542971862,0.09989954271857533,0.023523211679873028,0.0011442583017284545,30,129,0.08977530751497088,0.03070782923188089,True,False,False,3.4015637675840624e-05,COMPLETE
1638,0.4082715749740601,2025-04-01 18:55:50.319254,2025-04-01 18:56:00.760597,0 days 00:00:10.441343,0.9190663048679776,0.7429139727870693,8,0.2541787888387146,0.07100452047000315,0.04086527407855493,0.04434329891107407,0.06323214561331832,0.015106711350906368,0.0020461168610813154,27,117,0.07815521181545189,0.024897593857532777,False,False,False,5.150365062709936e-07,COMPLETE
1639,0.42086528539657597,2025-04-01 18:56:01.319251,2025-04-01 18:56:11.601168,0 days 00:00:10.281917,0.27879841483196144,0.7135531823222754,8,0.27895375150362317,0.060823886115606816,0.05539698998275804,0.02228178106990699,0.06078841966467924,0.012389001446325926,0.0005303849067350577,26,121,0.08584946895903413,0.014975664680804475,False,False,False,1.421037240106829e-06,COMPLETE
1640,0.41851946115493777,2025-04-01 18:56:12.140026,2025-04-01 18:56:22.768933,0 days 00:00:10.628907,0.5323029503707568,0.7779101566345131,8,0.2834669570790553,0.07874779210096429,0.09912525006272971,0.007777009157491252,0.040411723257376624,0.0072383667365375996,0.000678835293400592,28,111,0.08809340487668282,0.006989431126840142,False,False,False,1.5634687040737262e-08,COMPLETE
1641,0.3257046401500702,2025-04-01 18:56:23.339786,2025-04-01 18:56:44.716303,0 days 00:00:21.376517,0.8884555183502659,0.9257530704999078,2,0.2942352957462747,0.06788215322773064,0.07030815202291815,0.020928131026549703,0.019468968364389924,0.018792049441848174,0.0014139550976644,29,126,0.09514920020914702,0.043878651509783886,False,True,False,9.76888527116915e-07,COMPLETE
1642,0.3816079258918762,2025-04-01 18:56:45.261039,2025-04-01 18:56:56.126700,0 days 00:00:10.865661,0.8215086559925364,0.6426187810612854,8,0.2696204227955383,0.04493694121203708,0.07865167011161225,0.014278405716469843,0.059092853239601,0.025721383901778958,0.002912312513395486,29,134,0.0011742873199645301,0.03750640267282289,False,False,False,1.7040685873463774e-06,COMPLETE
1643,0.4251750946044922,2025-04-01 18:56:56.667924,2025-04-01 18:57:07.251975,0 days 00:00:10.584051,0.973312319305795,0.8885159056695758,8,0.28917318255171803,0.05623625819898903,0.06341902300951693,0.016603387250569892,0.056518901506320156,0.022235872263509766,0.0009777859681857639,28,120,0.0909885423669838,0.029786319097738066,False,False,False,2.740369190066676e-06,COMPLETE
1644,0.4128665804862976,2025-04-01 18:57:07.815254,2025-04-01 18:57:18.133961,0 days 00:00:10.318707,0.8568536781678718,0.24623279563777178,8,0.26097511778326576,0.08941414765434233,0.07295373770972295,0.0035386932385255824,0.06732827634764682,0.01117635341995133,0.0007626810046646189,26,114,0.08290517372093192,0.0189354221121026,False,False,False,1.000857148500059e-08,COMPLETE
1645,0.4391164183616638,2025-04-01 18:57:18.672713,2025-04-01 18:57:29.580107,0 days 00:00:10.907394,0.9559456299137477,0.8422663470717116,8,0.28370287990038184,0.10642120633916176,0.008748736973091392,0.024995098671667618,0.06496685624834043,0.015089292932959027,0.0010291773160796558,30,128,0.08496049634574158,0.03520778824673087,False,False,False,1.7944508399579746e-07,COMPLETE
1646,0.43751571178436277,2025-04-01 18:57:30.143474,2025-04-01 18:57:40.781071,0 days 00:00:10.637597,0.9021991562407248,0.7568819940527252,8,0.27491734586749844,0.07466473880918975,0.07568628428445098,0.03504176044416049,0.0379500635096928,0.03032490395356387,0.0006258782389634605,28,123,0.0874141055309113,0.023747860797193012,False,False,False,1.1360748455349857e-06,COMPLETE
1647,0.42873449325561525,2025-04-01 18:57:41.323182,2025-04-01 18:57:52.042944,0 days 00:00:10.719762,0.8769289860988684,0.8205496250006763,8,0.2935176810679959,0.08299253944460941,0.08920698541458913,0.009846537541498139,0.003567026574052193,0.01713683873732035,0.0012636473975466344,29,117,0.0891725256793254,0.017043151721407163,False,False,False,2.099823004373362e-06,COMPLETE
1648,0.41225563287734984,2025-04-01 18:57:52.582152,2025-04-01 18:58:03.088300,0 days 00:00:10.506148,0.9342849028729915,0.7950171786352387,8,0.2687390933481662,0.09777631712690134,0.05158599711703191,0.03062700988926341,0.044104551646547904,0.02777952557041548,0.0073593602881737415,27,132,0.09304765340707749,0.027909599702976098,False,False,False,1.4138921353321213e-06,COMPLETE
1649,0.40953276157379154,2025-04-01 18:58:03.649109,2025-04-01 18:58:14.657581,0 days 00:00:11.008472,0.18628196915546635,0.731432585478824,8,0.25218615656683424,0.06406953020199872,0.06747258547478269,0.027491475572733938,0.011662492762835179,0.013453718841840958,0.0008646953880181538,30,119,0.08030455077610042,0.005573555986685165,False,False,False,7.067887746134656e-07,COMPLETE
1650,0.40203409194946294,2025-04-01 18:58:15.200085,2025-04-01 18:58:25.377088,0 days 00:00:10.177003,0.9997075665311065,0.8503340014638977,8,0.28643103631583294,0.06997873763591779,0.05482721197540639,0.013704461489006597,0.05842649717519833,0.08957704200771599,0.0016440525399416379,25,137,0.03659912139837206,0.03823561897246482,False,False,False,3.3786627942344874e-06,COMPLETE
1651,0.3019479870796204,2025-04-01 18:58:25.948606,2025-04-01 18:58:35.587056,0 days 00:00:09.638450,0.8417857676673532,0.9008926890313445,8,0.2999732612050706,0.05673213300779972,0.03287915780096382,0.01802421631675742,0.03168492912698863,0.02020678710120199,0.001127896908698923,28,123,0.08448297027279174,0.02171046425748655,False,False,True,8.571525316682157e-08,COMPLETE
1652,0.4016700983047486,2025-04-01 18:58:36.133681,2025-04-01 18:58:45.196045,0 days 00:00:09.062364,0.9151137158698965,0.8811191919956253,16,0.27455543627601664,0.07823686621170427,0.048314449068848374,0.023901768558668872,0.063645068114047,0.009162614409072609,0.0008166146850138362,29,148,0.09155839178724631,0.0010436005984066363,False,False,False,3.289872372429061e-07,COMPLETE
1653,0.42052161693573,2025-04-01 18:58:45.733868,2025-04-01 18:58:56.094682,0 days 00:00:10.360814,0.8688242402093993,0.6217374268511979,8,0.2805221217189773,0.13004017651451333,0.08069926271265955,0.01210937017504006,0.06128606163992421,0.01643754791394508,0.0004979144263335046,27,108,0.08656264024226261,0.21109351337637722,False,False,False,9.385524983196032e-07,COMPLETE
1654,0.4004379630088806,2025-04-01 18:58:56.653000,2025-04-01 18:59:07.336214,0 days 00:00:10.683214,0.9807218595260674,0.7444862318637476,8,0.2613144596501859,0.08872310903041339,0.05994829191133617,0.026341321062419244,0.021954989344119852,0.012707361314711212,0.0007084524656938354,28,128,0.09871662160896429,0.031545159965510376,False,False,False,1.218101043592261e-06,COMPLETE
1655,0.39495031833648686,2025-04-01 18:59:07.875305,2025-04-01 18:59:19.920287,0 days 00:00:12.044982,0.8935811522514747,0.6607624704833336,8,0.17357259337196185,0.06399529439504044,0.06954480528623766,0.021633622916251996,0.008134634519012949,0.02414101390281323,0.0009343071317159109,30,125,0.07480674240046949,0.012291413701480264,True,False,False,3.964012724811821e-08,COMPLETE
1656,0.4243589758872986,2025-04-01 18:59:20.485567,2025-04-01 18:59:31.204931,0 days 00:00:10.719364,0.9473310584666805,0.9265181980984344,8,0.10883118226900063,0.07301061980402576,0.08320606290646405,0.02866135719441827,0.05574533278308721,0.006790947509921392,0.0012479394673077346,29,113,0.08988959897291406,0.04443649621243391,False,False,False,1.7253618749382895e-06,COMPLETE
1657,0.4273213148117066,2025-04-01 18:59:31.751496,2025-04-01 18:59:42.359734,0 days 00:00:10.608238,0.8321036225583545,0.36943125259472,8,0.2916082832656954,0.04947374049365784,0.07466483866107006,0.016315875401650963,0.04121504152184376,0.0323652640934322,0.001513155732220655,28,116,0.08277721662439838,0.06893913344827157,False,False,False,2.231218488547682e-06,COMPLETE
1658,0.4043578982353211,2025-04-01 18:59:42.904062,2025-04-01 18:59:53.131333,0 days 00:00:10.227271,0.9210737384866647,0.957292806739843,8,0.2847573722946393,0.08480147824377662,0.03831834972334366,0.019601168734923326,0.0051772270553352715,0.01862575835149177,0.002367624175309641,26,121,0.0878823958802196,0.026330215604236647,False,False,False,5.982605152913328e-07,COMPLETE
1659,0.4288472533226013,2025-04-01 18:59:53.693445,2025-04-01 19:00:04.458152,0 days 00:00:10.764707,0.8802736541267198,0.7211618237583436,8,0.2669923041751673,0.058973679735660006,0.05366955746837394,0.010805192115455057,0.06970973338379043,0.02202521544217824,0.0005914502541356329,29,119,0.08494703537107272,0.018249172011672997,False,False,False,8.54274757794895e-07,COMPLETE
1660,0.33590525388717657,2025-04-01 19:00:04.998533,2025-04-01 19:00:14.515628,0 days 00:00:09.517095,0.8611705575308654,0.7713250356384498,8,0.27624429136541717,0.03852046268170417,0.05706780930592768,0.03284190773103725,0.05717039834613933,0.015040693053825821,0.0010324203980877258,27,126,0.09377809880574078,0.0319154702996902,False,True,False,1.5284107422098484e-06,COMPLETE
1661,0.41592836380004883,2025-04-01 19:00:15.082633,2025-04-01 19:00:25.821727,0 days 00:00:10.739094,0.9999500077249238,0.912158046278587,8,0.2937083360547493,0.09356310730873381,0.045610686367102,0.015006907082864073,0.059939066115132465,0.010010001778463406,0.0008339278502725734,30,92,0.09131768329783138,0.012227585110956856,False,False,False,1.1157160441222524e-06,COMPLETE
1662,0.4167810916900635,2025-04-01 19:00:26.367698,2025-04-01 19:00:50.390728,0 days 00:00:24.023030,0.9019463360459282,0.7046346169500796,2,0.2879998737889232,0.0794244268188256,0.0621718328226567,0.005952814386201123,0.07596396085086235,0.036200144397029926,0.04846694138273917,28,131,0.08174410444820751,0.037201861984560824,False,False,False,4.2466418366702857e-07,COMPLETE
1663,0.398403811454773,2025-04-01 19:00:50.933655,2025-04-01 19:01:01.556760,0 days 00:00:10.623105,0.9630816204479441,0.8636471319905734,8,0.2567654076384237,0.06656066044438963,0.08776163440078162,0.02374361942923657,0.06233243466677666,0.02612427985801547,0.0013451254733264574,28,123,0.08910225179721967,0.12344868773875542,False,False,False,2.708484531196778e-06,COMPLETE
1664,0.42496174573898315,2025-04-01 19:01:02.119874,2025-04-01 19:01:12.851120,0 days 00:00:10.731246,0.9365340763757548,0.8125121412162088,8,0.279982639289978,0.10075690181431413,0.08448114213047309,0.03966104097503126,0.06667831480124216,0.029082976403265178,0.0010880502216353148,29,116,0.0862476672240449,0.02301050727928094,False,False,False,4.894212729239773e-08,COMPLETE
1665,0.430390453338623,2025-04-01 19:01:13.398163,2025-04-01 19:01:24.368224,0 days 00:00:10.970061,0.8477719913477277,0.7549233793688797,8,0.2729988986474287,0.07490630434865124,0.058986860119453755,0.013142430576511563,0.05559499590047057,0.012533997039606616,0.0007116761140601401,30,120,0.0879208986083072,0.046359014642699335,False,False,False,1.8894569890234162e-06,COMPLETE
1666,0.4226815581321716,2025-04-01 19:01:24.936362,2025-04-01 19:01:35.778230,0 days 00:00:10.841868,0.8861284453362375,0.6202762600512695,8,0.24776189581492572,0.18149473454462484,0.07761016403641913,0.030299958661110335,0.0011113452922833448,0.02000793167601094,0.0008896474756623564,29,129,0.07921938359605606,0.02766361231018058,False,False,False,2.501936192085424e-08,COMPLETE
1667,0.42743366956710815,2025-04-01 19:01:36.329662,2025-04-01 19:01:46.705438,0 days 00:00:10.375776,0.9142298651400707,0.6610752984645583,8,0.2897584359957127,0.053749672707621945,0.06631190191713916,0.026042178763108517,0.03687629891036838,0.017068423613543063,0.0006143774206380114,27,112,0.08379510634640996,0.01748865320488727,False,False,False,1.3165792386706056e-06,COMPLETE
1668,0.4144834160804749,2025-04-01 19:01:47.271939,2025-04-01 19:01:57.969561,0 days 00:00:10.697622,0.6600856340173651,0.7898005326715232,8,0.2646437692788206,0.06791509825430109,0.04959251200314035,0.01761277040187561,0.06430113422398051,0.01131878797215951,0.0019211059874415114,28,125,0.09106288777666308,0.009387872740178117,False,False,False,7.586763046922932e-07,COMPLETE
1669,0.3952835559844971,2025-04-01 19:01:58.531538,2025-04-01 19:02:09.517842,0 days 00:00:10.986304,0.9746088228051206,0.6384086670054433,8,0.2837771230735122,0.0835256136773477,0.07290771355187892,0.009387904583638812,0.044731559090253795,0.013855641786544443,0.0005010809894234601,30,118,0.057458849399245476,0.03294100206277465,False,False,False,7.262785427155209e-08,COMPLETE
1670,0.33215723633766175,2025-04-01 19:02:10.065700,2025-04-01 19:02:19.932502,0 days 00:00:09.866802,0.8692096507866748,0.9421897770961796,8,0.13278055608582012,0.0598008171876566,0.0689642774391577,0.021255095111437475,0.05869937571889494,0.00815313204288672,0.0010965368581588898,29,122,0.09588491490203459,0.02302966634601713,False,False,True,1.0494887651440772e-06,COMPLETE
1671,0.43366663455963134,2025-04-01 19:02:20.502686,2025-04-01 19:02:30.335393,0 days 00:00:09.832707,0.9375126492261858,0.8905844274732188,8,0.2961942555192007,0.07337257912262848,0.06173979236657765,0.02803601131607316,0.015113083181516527,0.015727341837649327,0.0014091380815340578,24,106,0.08605097716784604,0.04031643778528928,False,False,False,1.6605676682578123e-06,COMPLETE
1672,0.42778443098068236,2025-04-01 19:02:30.879681,2025-04-01 19:02:41.427194,0 days 00:00:10.547513,0.8996051568496654,0.7379282317399907,8,0.2696890438509488,0.11065673686353081,0.05263924646100251,0.002610265473130137,0.06133413075443284,0.022764781922459638,0.0007524673115879416,27,128,0.08979404779330252,0.014774562613754361,False,False,False,5.561020648494699e-07,COMPLETE
1673,0.39822413921356203,2025-04-01 19:02:41.996171,2025-04-01 19:02:50.690289,0 days 00:00:08.694118,0.8203018174628898,0.8708202933736859,16,0.2999893717346188,0.0940666739877419,0.035393381215569425,0.01865371116606526,0.039498771986908265,0.027512265711734367,0.0008498291014319086,28,114,0.09360192831162246,0.034238706501396265,False,False,False,2.3048402169026438e-06,COMPLETE
1674,0.36823195219039917,2025-04-01 19:02:51.240942,2025-04-01 19:03:03.363648,0 days 00:00:12.122706,0.43941831862094505,0.6051996709698435,8,0.279817950022733,0.04540304337207524,0.08587292525038975,0.007286061508676759,0.029747111062112745,0.018421212816466564,0.00108505382933457,29,141,0.08759234748340555,0.026542711673151077,True,False,False,1.393942540119656e-06,COMPLETE
1675,0.42177757024765017,2025-04-01 19:03:03.909407,2025-04-01 19:03:14.394094,0 days 00:00:10.484687,0.9546366589736265,0.6933651358028126,8,0.28821745493277373,0.06467171168051594,0.06358208154272862,0.01483183844042112,0.0547008334167442,0.020788183580319197,0.0009381927353878707,27,125,0.08224154699196097,0.018914099296784795,False,False,False,8.413025297124604e-07,COMPLETE
1676,0.40089603662490847,2025-04-01 19:03:14.964659,2025-04-01 19:03:25.697194,0 days 00:00:10.732535,0.8446569528951193,0.711127392139854,8,0.2604264045429514,0.07974766954979425,0.056537975460707185,0.02252064792052252,0.056558656426094076,0.00670151486661587,0.001608530356793889,28,133,0.09143828942202581,0.006738170443126045,False,False,False,2.4152115558063687e-07,COMPLETE
1677,0.4297156810760498,2025-04-01 19:03:26.247208,2025-04-01 19:03:37.303208,0 days 00:00:11.056000,0.8878871075051059,0.7623560133189944,8,0.2749044277300578,0.07053587438447262,0.08231343608160507,0.012887002800317092,0.042388414223156416,0.030337877551169984,0.0006782448466415442,30,122,0.08453379780805823,0.029786886739348338,False,False,False,1.3096141127284727e-07,COMPLETE
1678,0.40823408365249636,2025-04-01 19:03:37.869431,2025-04-01 19:03:48.612012,0 days 00:00:10.742581,0.8682728268458187,0.902893961773868,8,0.29478443395775367,0.12339405708410463,0.051256870365223174,0.02518345150150025,0.06344587270838817,0.01068319249760542,0.0012949971549694283,29,117,0.08866282042594165,0.02207371361608301,False,False,False,1.6807996332213955e-08,COMPLETE
1679,0.41460577249526975,2025-04-01 19:03:49.161391,2025-04-01 19:03:59.459539,0 days 00:00:10.298148,0.6930328992095793,0.8543597195635881,8,0.2830466370996345,0.17180802075377333,0.07989227152927036,0.0206079591399252,0.034326963036739516,0.02481296440565832,0.0009428206067710622,26,119,0.08623366353592955,0.04043318505121231,False,False,False,1.1523060972867754e-06,COMPLETE
