number,value,datetime_start,datetime_complete,duration,params_alpha-eval,params_alpha-train,params_batch-size,params_eps-eval,params_eps-train,params_lambda-actions-eval,params_lambda-actions-train,params_lambda-frames-eval,params_lambda-frames-train,params_learning-rate,params_n-epochs,params_n-frames,params_radius-gw,params_rho,params_std-feats,params_ub-actions,params_ub-frames,params_weight-decay,state
280,0.4258837461471558,2025-04-01 14:41:57.964479,2025-04-01 14:42:08.877296,0 days 00:00:10.912817,0.7316870859529581,0.7340047922768379,8,0.26936893106793947,0.11128696995067586,0.06408220030860923,0.016384768656125082,0.04780031279938273,0.009623051190874156,0.0007390653147854505,30,124,0.0802166850320959,0.06267206993261915,False,False,False,1.6668405614177212e-06,COMPLETE
281,0.4290417075157166,2025-04-01 14:42:08.967462,2025-04-01 14:42:19.611218,0 days 00:00:10.643756,0.8324852650287392,0.7112861151035681,8,0.26446446720372485,0.08403827187684001,0.05890463962420541,0.02006163187667742,0.05702781948924281,0.0030124079895793936,0.0013997257602408903,29,117,0.08780127575031084,0.026890023160829783,False,False,False,2.982622200579292e-06,COMPLETE
282,0.3377276062965393,2025-04-01 14:42:19.701051,2025-04-01 14:42:29.237684,0 days 00:00:09.536633,0.8786263495876027,0.6262510641103456,8,0.2517094777769505,0.09526118691085791,0.05404144470592231,0.01764902163641973,0.0510939364145483,0.004663761702219474,0.0010422121110833507,28,122,0.08534227267087116,0.018881065019332392,False,True,False,2.251568093902116e-06,COMPLETE
283,0.40483943223953245,2025-04-01 14:42:29.328113,2025-04-01 14:42:54.337420,0 days 00:00:25.009307,0.7831120761586852,0.7297017923488918,2,0.2774915610404424,0.07917738855069845,0.06609608767676207,0.014485506946556852,0.0547175412591915,0.008816692668500764,0.001196578996797707,30,120,0.09003818675293793,0.2075751366173116,False,False,False,3.703805745476448e-06,COMPLETE
284,0.4203889012336731,2025-04-01 14:42:54.437890,2025-04-01 14:43:05.119319,0 days 00:00:10.681429,0.7197952282172718,0.6813506372224705,8,0.2568056240402445,0.1339321596981155,0.062184508291995205,0.09596307802851695,0.05263926515599158,0.006446645666663939,0.0014527373254848697,29,129,0.08310248857678085,0.039373981118985935,False,False,False,1.5777799648098026e-06,COMPLETE
285,0.40408602952957157,2025-04-01 14:43:05.209865,2025-04-01 14:43:16.148855,0 days 00:00:10.938990,0.7475378575003022,0.6932639405820354,8,0.2735928096431607,0.08760713582227392,0.06043991939529468,0.021045662413492587,0.04775263981161405,0.0032106295049044564,0.0009222438981949369,30,125,0.042758379811558014,0.04828286619349418,False,False,False,2.662712676146699e-06,COMPLETE
286,0.39452630281448364,2025-04-01 14:43:16.239494,2025-04-01 14:43:26.968899,0 days 00:00:10.729405,0.7631059745146248,0.653393492022605,8,0.26587450528283796,0.10442634483565269,0.05649898410383715,0.019000417599773334,0.057401695972170846,0.0011465231536722863,2.1206184378598503e-05,29,121,0.03615998447509619,0.29086991488676733,False,False,False,2.102635465371229e-06,COMPLETE
287,0.42187160253524786,2025-04-01 14:43:27.061008,2025-04-01 14:43:37.888250,0 days 00:00:10.827242,0.7976423149460573,0.5801081893549799,8,0.28211772838859756,0.08275178561532058,0.0718949539019733,0.02297477440124828,0.05039307305583812,0.010173826529853925,0.0021348391556714843,30,116,0.08704825926874854,0.03240606499401903,False,False,False,3.398382380280706e-06,COMPLETE
288,0.4310381650924683,2025-04-01 14:43:37.990108,2025-04-01 14:43:48.543173,0 days 00:00:10.553065,0.7256048046306574,0.7348770463216286,8,0.2594151594861086,0.09229656472290071,0.08320291566923035,0.015683914733803078,0.05553647461249476,0.008062457825505832,0.0007593274802696847,28,128,0.08186613930975412,0.027323371624270412,False,False,False,1.3109072115239663e-06,COMPLETE
289,0.41883268356323244,2025-04-01 14:43:48.637699,2025-04-01 14:43:59.401728,0 days 00:00:10.764029,0.8548624753780981,0.7140751214680746,8,0.2489446300628794,0.07770914718616292,0.06405090413445778,0.012478726384557166,0.04868892090836454,0.005511691011923318,0.0017218562451973133,29,124,0.09068373824253463,0.03548410131798384,False,False,False,5.414064568682422e-06,COMPLETE
290,0.4279146671295166,2025-04-01 14:43:59.493481,2025-04-01 14:44:10.416688,0 days 00:00:10.923207,0.8112490076897866,0.6742230208879548,8,0.26715613918444214,0.0971049207809429,0.06812126251975392,0.01748712400042362,0.05369587868319716,0.011224543953053587,0.0011770118226240266,30,119,0.08496719240398502,0.053854052020168186,False,False,False,1.794786115039317e-06,COMPLETE
291,0.3883849263191223,2025-04-01 14:44:10.509079,2025-04-01 14:44:21.435235,0 days 00:00:10.926156,0.7740658503923654,0.036206659288698484,8,0.2746863808482112,0.08649017877348404,0.05925024320646257,0.019511382828485833,0.046496463983253224,0.008367316414735813,0.0009614316457580703,30,115,0.08787892753922492,0.14290709011374877,False,False,False,2.662363367449269e-06,COMPLETE
292,0.2887604355812073,2025-04-01 14:44:21.530207,2025-04-01 14:44:32.283588,0 days 00:00:10.753381,0.7419061418215723,0.7073094905928343,8,0.2551945876763953,0.024909508957507945,0.08172833255402678,0.021894849720619655,0.051787455871559335,0.003402424586566753,0.0014268296997743963,29,122,0.07814074580421843,0.041771217795565085,False,False,False,2.1261011099138558e-06,COMPLETE
293,0.2966980278491974,2025-04-01 14:44:32.388372,2025-04-01 14:44:42.270849,0 days 00:00:09.882477,0.7176643972538927,0.7351467352285371,8,0.2616439860121639,0.07795895355546247,0.06290392557466118,0.028018550596674865,0.05795702118820929,0.0064060707215597475,0.001151474712527284,30,125,0.08436926314155932,0.020453925933079327,False,False,True,3.1474693321436988e-06,COMPLETE
294,0.4149709105491638,2025-04-01 14:44:42.364018,2025-04-01 14:44:51.136851,0 days 00:00:08.772833,0.8359289552886348,0.6992344953765015,16,0.24551286520462876,0.10169329800235279,0.07877976543912665,0.05500989360318268,0.050208016262357484,0.012005055825080067,0.0006980891905155629,29,118,0.08107569019240395,0.03030854944209216,False,False,False,1.4143040324582874e-06,COMPLETE
295,0.42010803222656257,2025-04-01 14:44:51.230019,2025-04-01 14:45:02.171359,0 days 00:00:10.941340,0.7677713948405815,0.7470417845189112,8,0.2703404066756981,0.09115954145441327,0.06565823421703944,0.01574733396811801,0.05601393843093579,0.009969472531618721,0.0008555062441905441,30,129,0.08613657876113112,0.045674706847447843,False,False,False,4.2164230321588455e-06,COMPLETE
296,0.37361476421356205,2025-04-01 14:45:02.266037,2025-04-01 14:45:13.901047,0 days 00:00:11.635010,0.9096103407621653,0.6647080843483133,8,0.25140736143158976,0.08280899792710635,0.06117413544498124,0.018276975121569415,0.05369674622290991,0.0041896777668003595,0.001588140568777027,29,121,0.0894592800792953,0.024217739510324462,True,False,False,1.1872785240894368e-07,COMPLETE
297,0.4238080143928528,2025-04-01 14:45:13.995157,2025-04-01 14:45:24.533072,0 days 00:00:10.537915,0.7055680860111485,0.6396526791941533,8,0.2787009871276313,0.07578231196387922,0.06918304062919327,0.020501037481759007,0.045708745954270324,0.007622105149555335,0.0010796908077821239,28,127,0.08360274833105463,0.036804557556315926,False,False,False,1.0664726624099206e-06,COMPLETE
298,0.4186208486557007,2025-04-01 14:45:24.639298,2025-04-01 14:45:35.488380,0 days 00:00:10.849082,0.874132183609592,0.7250479221007606,8,0.2636770964777917,0.1185390842224876,0.05829761386534092,0.01442394573633985,0.04865223199362686,0.012994446110058847,0.0013740806491669042,30,114,0.09178973679739544,0.016361529991470627,False,False,False,1.6876797719082128e-06,COMPLETE
299,0.43360152244567873,2025-04-01 14:45:35.583265,2025-04-01 14:45:46.477285,0 days 00:00:10.894020,0.9490039711968363,0.6867484343502908,8,0.2547081265314892,0.08954449707844667,0.055632144020622894,0.02350557527695149,0.05196387714154763,0.0022676028410682264,0.0008078882335890235,30,124,0.08679580693151413,0.03211497270020103,False,False,False,2.4315054772025097e-06,COMPLETE
300,0.4295404076576233,2025-04-01 14:45:46.574668,2025-04-01 14:45:57.310539,0 days 00:00:10.735871,0.9224035098485154,0.6826908755315686,8,0.2540373523867748,0.06326961164866979,0.0536440323649577,0.024659538429141814,0.0523167578437642,0.0013880845550172788,0.0008259982856885912,29,125,0.07990384163225353,0.041062155080085164,False,False,False,2.212001974908394e-06,COMPLETE
301,0.39799116849899296,2025-04-01 14:45:57.405456,2025-04-01 14:46:08.261844,0 days 00:00:10.856388,0.9327621298253796,0.3104509213898165,8,0.2469957126483175,0.08725061858351049,0.05544282177168822,0.030904768541354204,0.05050816591409878,0.0029725797114636167,0.0007904939251179301,30,131,0.02499240504586409,0.024527229374657317,False,False,False,2.3770329071133316e-06,COMPLETE
302,0.4330416560173035,2025-04-01 14:46:08.357232,2025-04-01 14:46:18.871912,0 days 00:00:10.514680,0.9778589130893928,0.7542279095975095,8,0.2582648245667123,0.0816242844447993,0.05506395517140337,0.021968238317702546,0.054690421915224025,0.004263847587006491,0.0009593382599814941,28,124,0.08869815050871065,0.12111515876090648,False,False,False,1.8109045887306256e-06,COMPLETE
303,0.33526161909103397,2025-04-01 14:46:18.977935,2025-04-01 14:46:28.408411,0 days 00:00:09.430476,0.982391700521518,0.7210881459545392,8,0.25915376643135474,0.16213046586352314,0.05649768372883873,0.024004706790761686,0.05421086049021629,0.0011658091085712087,0.0006997561843527651,28,101,0.08909923840563805,0.13198127937717558,False,True,False,1.7378440811622547e-06,COMPLETE
304,0.4158677458763123,2025-04-01 14:46:28.504431,2025-04-01 14:46:39.022062,0 days 00:00:10.517631,0.9494162484392136,0.6713072505444436,8,0.261888128269804,0.07760383383723903,0.05285519777066301,0.026770833214511465,0.055681207202270495,0.0044314426617356965,0.0010024083660880602,28,127,0.09265048840921696,0.05072732120531667,False,False,False,1.3156991383975655e-06,COMPLETE
305,0.4393410801887513,2025-04-01 14:46:39.119378,2025-04-01 14:46:49.637979,0 days 00:00:10.518601,0.9937725692228635,0.7424272144448348,8,0.25393478922447243,0.08335177287443488,0.054443040783047555,0.022813663019357052,0.052572162972063005,0.004399111336885565,0.0009024075232390012,28,124,0.08677065055717596,0.017573340175676546,False,False,False,1.946298003081168e-06,COMPLETE
306,0.43076584339141843,2025-04-01 14:46:49.736256,2025-04-01 14:47:13.329396,0 days 00:00:23.593140,0.9894718523749394,0.7505445687884188,2,0.25473352315125036,0.08169000555786286,0.05422881221399689,0.02311691203897639,0.05239088954142289,0.002397122487122324,0.0006963728462304537,28,118,0.09054560808609703,0.1175266857222236,False,False,False,1.933115852915172e-06,COMPLETE
307,0.41007215976715095,2025-04-01 14:47:13.436805,2025-04-01 14:47:23.784320,0 days 00:00:10.347515,0.9447939484730739,0.7362403863218653,8,0.2532862543606383,0.07398936297727744,0.0569757189356387,0.021649638021345084,0.0577778114452311,0.005832923576270667,0.0008899720519502273,28,95,0.08832116956130613,0.012443924984133922,False,False,False,1.470625897050467e-06,COMPLETE
308,0.3968100190162659,2025-04-01 14:47:23.881855,2025-04-01 14:47:34.551982,0 days 00:00:10.670127,0.9790438353888345,0.6922903747087691,8,0.05588115460754696,0.06670582587787255,0.05498719512252061,0.02525049323705647,0.05481634495459582,0.09117908981812768,0.0006449144326359552,29,124,0.085545645209618,0.19856894493512836,False,False,False,1.064804843504747e-06,COMPLETE
309,0.439046049118042,2025-04-01 14:47:34.650256,2025-04-01 14:47:45.233236,0 days 00:00:10.582980,0.96178569468065,0.7522175438466859,8,0.2696948756760855,0.08395899361042311,0.05901533758213439,0.02226237058849328,0.05263699518368668,0.0010610802278611718,0.0008985562488505425,28,119,0.08776007938437672,0.017513613150270314,False,False,False,1.923331966952922e-06,COMPLETE
310,0.39912917613983157,2025-04-01 14:47:45.332533,2025-04-01 14:47:55.441720,0 days 00:00:10.109187,0.9570860685799268,0.7529084301958532,8,0.24628801150980822,0.08239433501118892,0.06005107538224133,0.024075703065784083,0.05253719818885248,0.008104573284572082,0.000790225095774508,28,46,0.03251335976042153,0.014896217883221801,False,False,False,1.887710088739504e-06,COMPLETE
311,0.2930822789669037,2025-04-01 14:47:55.540611,2025-04-01 14:48:05.086985,0 days 00:00:09.546374,0.9594216528447124,0.7562508501485588,8,0.25837826447302725,0.07551663070177439,0.05573363676314618,0.022807784060049678,0.050876503116697516,0.004013436905339845,0.0008542941449080312,28,124,0.08757103920104678,0.08895511355542532,False,False,True,1.2403859523688842e-06,COMPLETE
312,0.4334925651550293,2025-04-01 14:48:05.195614,2025-04-01 14:48:15.845543,0 days 00:00:10.649929,0.9689785728147544,0.730721081836787,8,0.2694233940832793,0.08358864064849383,0.05239932358661709,0.03707889060092935,0.047097817125723335,0.005700099581372981,0.000557870471523797,29,120,0.08511022197313864,0.020001290910516955,False,False,False,1.52257136577269e-06,COMPLETE
313,0.42694575786590583,2025-04-01 14:48:15.947007,2025-04-01 14:48:26.534797,0 days 00:00:10.587790,0.9680670960699876,0.7389563044455919,8,0.2716440455055944,0.07589865150207702,0.05258433279665924,0.03708883083992578,0.04710893305868917,0.004978226512008226,0.0004951202147400185,28,111,0.0854932177557719,0.018956803187688994,False,False,False,2.1240147215853593e-06,COMPLETE
314,0.4355001449584961,2025-04-01 14:48:26.636455,2025-04-01 14:48:37.394680,0 days 00:00:10.758225,0.9980435618816176,0.7267888129645351,8,0.2695723794190047,0.0866616977986871,0.052489081047827436,0.022320932095673762,0.043559846295767604,0.006413289351596564,0.0005540422956432614,29,120,0.08821932195297173,0.016152531421686114,False,False,False,1.5752315246079363e-06,COMPLETE
315,0.4344797015190125,2025-04-01 14:48:37.499678,2025-04-01 14:48:48.123887,0 days 00:00:10.624209,0.9994966835775423,0.7328062204565031,8,0.26856116951687453,0.08885583625756642,0.053049411514494126,0.042639751702985534,0.04382511378131358,0.006534381241079304,0.0005215751370136747,29,116,0.08897008972079326,0.013701709892734327,False,False,False,1.4389721232552452e-06,COMPLETE
316,0.39385058879852297,2025-04-01 14:48:48.234114,2025-04-01 14:48:56.887373,0 days 00:00:08.653259,0.9869349604635087,0.756188132808463,16,0.2711005531032509,0.08552974424456508,0.05115896940477993,0.045880992850011224,0.04360922097602577,0.007198119552671902,0.0005191829632196229,28,114,0.08862072211122342,0.12277775105467456,False,False,False,9.215727989511864e-07,COMPLETE
317,0.39038704633712773,2025-04-01 14:48:56.988002,2025-04-01 14:49:08.747708,0 days 00:00:11.759706,0.9974249878651098,0.7377716645978849,8,0.27007486496465877,0.08605585893943679,0.052957705798416375,0.041597202257547546,0.04411835235590851,0.002467277267577046,0.000522711988148902,29,116,0.09361253969742707,0.015396505206628696,True,False,False,1.3038390852097045e-06,COMPLETE
318,0.43938210010528567,2025-04-01 14:49:08.849142,2025-04-01 14:49:19.501148,0 days 00:00:10.652006,0.9706195686444233,0.7272422718922433,8,0.2620403148370197,0.0811403281754789,0.05202161735990338,0.027522437883302293,0.043997051412670185,0.006665426396192916,0.0005805236984987804,29,119,0.08944684016060354,0.013312359264741775,False,False,False,1.481969002803755e-06,COMPLETE
319,0.4143366575241089,2025-04-01 14:49:19.605119,2025-04-01 14:49:30.225081,0 days 00:00:10.619962,0.9563970109263222,0.2374043346067462,8,0.02378561055382125,0.08888640308338014,0.05105356529623225,0.029154370866653352,0.0421331385731315,0.00870933888684865,0.000442040998709547,29,113,0.09053230424902399,0.014596934684857834,False,False,False,1.0973951731922418e-06,COMPLETE
320,0.42371774911880494,2025-04-01 14:49:30.341244,2025-04-01 14:49:41.036742,0 days 00:00:10.695498,0.9678191349058909,0.7196788057260743,8,0.2755947080553268,0.06905803256338722,0.049635308823413854,0.04062034506727515,0.04544290374658661,0.006504292351251064,0.0005766206324690123,29,117,0.0915998166783759,0.011720606097156768,False,False,False,1.4754036653762274e-06,COMPLETE
321,0.3344559848308563,2025-04-01 14:49:41.138681,2025-04-01 14:49:50.784963,0 days 00:00:09.646282,0.9876549902922406,0.7341262600121826,8,0.26574008871831367,0.04566814792754285,0.0532590173148262,0.04390333678538616,0.04414938366460505,0.006566450989810138,0.000619439335228125,29,120,0.08627828054970277,0.01731298824049826,False,True,False,8.727618375352973e-07,COMPLETE
322,0.4290813446044922,2025-04-01 14:49:50.886909,2025-04-01 14:50:01.508115,0 days 00:00:10.621206,0.9959441080233833,0.7201256022450031,8,0.2616275970877682,0.07880835076199881,0.04813663199918089,0.03847411894126532,0.0436208553356543,0.008782216167430598,0.00044590938337561335,29,117,0.089004292283569,0.018871223484316323,False,False,False,1.1005747921661772e-06,COMPLETE
323,0.4217207431793213,2025-04-01 14:50:01.611020,2025-04-01 14:50:12.249535,0 days 00:00:10.638515,0.9681004008256003,0.7677866259735592,8,0.2724342428727381,0.06039834951200898,0.052165378550960595,0.027612265625458918,0.04619057437909642,0.003066663751765073,0.0007120393317022435,29,114,0.08679745598963526,0.01054499991271891,False,False,False,1.4787943596529187e-06,COMPLETE
324,0.43244107961654665,2025-04-01 14:50:12.353171,2025-04-01 14:50:23.091782,0 days 00:00:10.738611,0.9427759023872606,0.7359692799762558,8,0.28327552281359153,0.08715099231576769,0.054423558345969014,0.03374055305407013,0.04727887327938546,0.006377204947558235,0.000560021158807819,29,111,0.09395853890344728,0.021332488355906055,False,False,False,2.184713422828782e-06,COMPLETE
325,0.399504029750824,2025-04-01 14:50:23.204898,2025-04-01 14:50:33.763115,0 days 00:00:10.558217,0.9982672408782476,0.7076872407970896,8,0.2669567269341028,0.08060931873863618,0.056706766067078605,0.025267706407157475,0.042126901224887395,0.010182637854570294,0.0006222383738965578,28,120,0.08484809524188804,0.21918761072753618,False,False,False,1.5900160196531638e-06,COMPLETE
326,0.4263156414031982,2025-04-01 14:50:33.869130,2025-04-01 14:50:44.505916,0 days 00:00:10.636786,0.9583731670006281,0.7576964826366859,8,0.2614715572360899,0.06989449944712989,0.05769620933523198,0.032261111215361876,0.04575060034830713,0.003073050658907633,0.0004834122116200332,29,119,0.090608955300973,0.014922948056824707,False,False,False,1.2020280785566913e-06,COMPLETE
327,0.4378487586975098,2025-04-01 14:50:44.610420,2025-04-01 14:50:55.310464,0 days 00:00:10.700044,0.9359324524985648,0.7998396085009633,8,0.275597834674545,0.09002695784658088,0.07349051580528798,0.029768467050699306,0.04803013747232198,0.00549086584394523,0.0007952324873294337,29,120,0.08810178050210996,0.02323936041973211,False,False,False,2.433234309970727e-06,COMPLETE
328,0.4330999374389649,2025-04-01 14:50:55.416657,2025-04-01 14:51:03.050265,0 days 00:00:07.633608,0.9243034767700367,0.795118577589916,8,0.2764709820740338,0.09151658402952238,0.07375545089555222,0.03152407646606965,0.04779639976678413,0.005340578276203871,0.0007605309357164198,12,120,0.08846771578003339,0.022007349231632167,False,False,False,6.178077201266659e-07,COMPLETE
329,0.41454045772552495,2025-04-01 14:51:03.164120,2025-04-01 14:51:14.108221,0 days 00:00:10.944101,0.9054518068353673,0.7066946386363597,8,0.2823262550587233,0.09213088256299658,0.07254629674365685,0.03573061891895717,0.04473783228520081,0.007595882360815284,0.0007087163536393729,30,121,0.09213882384318521,0.011846001610031322,False,False,False,1.4798812835011026e-06,COMPLETE
330,0.3991578102111817,2025-04-01 14:51:14.213871,2025-04-01 14:51:38.310089,0 days 00:00:24.096218,0.9457096926080207,0.7960451277746108,2,0.2726291898201375,0.08623569811960247,0.07607252244107375,0.051004035092205774,0.04804452386412161,0.0010323202563875741,0.0019167262065100414,29,59,0.08667026613213893,0.02703184898388824,False,False,False,2.2611326199516264e-06,COMPLETE
331,0.3897616386413575,2025-04-01 14:51:38.414887,2025-04-01 14:51:49.336580,0 days 00:00:10.921693,0.9996890716585387,0.7245145396466875,8,0.26861372863092764,0.08274154443297622,0.0704798931459028,0.028845428918776464,0.04866544973929001,0.004845154216562696,0.0008841421537846703,30,122,0.04808452067287336,0.25639793688331747,False,False,False,9.686478646903072e-07,COMPLETE
332,0.30513655543327334,2025-04-01 14:51:49.442343,2025-04-01 14:51:55.925405,0 days 00:00:06.483062,0.932895025068271,0.8253089723346405,8,0.27385020260204584,0.07368809651586605,0.05207818046827727,0.026584371047874936,0.04604394777179661,0.003216705314610809,0.0007500211906023754,8,117,0.08946988344820563,0.01865572870893822,False,False,True,1.8190432529047585e-06,COMPLETE
333,0.43768310546875,2025-04-01 14:51:56.041393,2025-04-01 14:52:06.407774,0 days 00:00:10.366381,0.9815868170461322,0.6997499368816055,8,0.2673067739549114,0.09191224149293388,0.054365430519319455,0.049373961770953906,0.041757542550741995,0.008597598744120334,0.0009054662404835464,27,115,0.08764497796919155,0.026532886708842195,False,False,False,2.653009047008354e-06,COMPLETE
334,0.41708474159240727,2025-04-01 14:52:06.514671,2025-04-01 14:52:16.824986,0 days 00:00:10.310315,0.9770327204682404,0.69901385318891,8,0.25382862051021954,0.10035728285249296,0.07347582576105892,0.06163169132976515,0.0439138215303966,0.008935538616510192,0.0009407499679150386,27,108,0.08791600317292013,0.02800093263251336,False,False,False,3.650071400138894e-06,COMPLETE
335,0.4269104719161988,2025-04-01 14:52:16.930810,2025-04-01 14:52:27.236040,0 days 00:00:10.305230,0.9656681967561023,0.710545509195259,8,0.26381823597393256,0.09308509396822613,0.055220280056905505,0.05677445858215038,0.04019828202280516,0.008060890220043056,0.0012719363089506261,27,115,0.09100470616038601,0.025020195361830342,False,False,False,2.3887428001451915e-06,COMPLETE
