number,value,datetime_start,datetime_complete,duration,params_alpha-eval,params_alpha-train,params_batch-size,params_eps-eval,params_eps-train,params_lambda-actions-eval,params_lambda-actions-train,params_lambda-frames-eval,params_lambda-frames-train,params_learning-rate,params_n-epochs,params_n-frames,params_radius-gw,params_rho,params_std-feats,params_ub-actions,params_ub-frames,params_weight-decay,state
740,0.38937691450119016,2025-04-22 03:50:01.327836,2025-04-22 03:50:18.150292,0 days 00:00:16.822456,0.9689098956447254,0.6235504145339807,2,0.2732959862673946,0.13682425039498472,0.05684508700597885,0.021393285944860167,0.07618344663902916,0.016403709975935453,0.0021070430863562722,16,141,0.07649292270561132,0.22541291293732407,False,False,False,3.9062412414521243e-08,COMPLETE
741,0.39969223737716675,2025-04-22 03:50:18.377665,2025-04-22 03:50:26.288379,0 days 00:00:07.910714,0.9826433329853399,0.6496937582050779,16,0.27856035335034485,0.12649132383926406,0.054669972611785994,0.02462544783837484,0.07781649363212582,0.018080536020222363,0.0013708607151232332,17,139,0.084896250512742,0.2169342265531882,False,False,False,3.1723022799438026e-08,COMPLETE
742,0.33418706655502317,2025-04-22 03:50:26.527601,2025-04-22 03:50:40.814004,0 days 00:00:14.286403,0.9482043961238394,0.6635141913921272,2,0.2873983794796876,0.03602081872336549,0.05961699456548954,0.018963564708389915,0.07526323780126762,0.015024102906978441,0.0017237511556162414,15,144,0.07380647298214037,0.21170740206885658,False,True,False,4.813290445837489e-08,COMPLETE
743,0.29512993693351747,2025-04-22 03:50:41.054239,2025-04-22 03:50:54.926794,0 days 00:00:13.872555,0.9234747328382208,0.5991157870345423,2,0.2939706656533233,0.1323894759525587,0.056209261526363366,0.029591185270581178,0.07880035088966583,0.01774791849255065,0.002418369104644275,14,136,0.07798139246310676,0.13170714382673954,False,False,True,3.2933150685041115e-08,COMPLETE
744,0.45390126705169676,2025-04-22 03:50:55.166398,2025-04-22 03:51:15.156561,0 days 00:00:19.990163,0.9611870072395373,0.637787744106835,2,0.28177258693388585,0.124413138115515,0.05399610508845204,0.02650824475052487,0.07314128489839983,0.013733866004476802,0.0014509841587373212,21,142,0.07537430864591908,0.22726487807701426,False,False,False,4.621512091901846e-08,COMPLETE
745,0.43068813085556035,2025-04-22 03:51:15.398957,2025-04-22 03:51:30.315787,0 days 00:00:14.916830,0.9782888860093807,0.6589829667525953,2,0.27236219009196716,0.12099597430358891,0.05520058187858791,0.022813378083160685,0.07505286232695602,0.01944090077552008,0.0017943403103880178,13,146,0.07958012066122822,0.22222198132555487,False,False,False,5.263046628255936e-08,COMPLETE
746,0.3935109734535217,2025-04-22 03:51:30.546517,2025-04-22 03:51:45.506234,0 days 00:00:14.959717,0.9384411814570397,0.6698494424263803,2,0.27004201729370236,0.2985473330169055,0.05728616229443274,0.02761297956087835,0.07727939133214892,0.017217508162482034,0.0012893981875132395,13,139,0.07296896555921667,0.22950265375138662,False,False,False,3.804496008266348e-08,COMPLETE
747,0.42227928638458256,2025-04-22 03:51:45.750587,2025-04-22 03:52:02.559260,0 days 00:00:16.808673,0.9035484236714431,0.6441238908603875,2,0.14986468252095614,0.13037408886537988,0.05240265371008512,0.031207617357445774,0.06613720521269015,0.011849912563414364,0.0016133024150063533,16,148,0.07674916977937699,0.2334941959472438,False,False,False,5.980184468396367e-08,COMPLETE
748,0.38698071241378784,2025-04-22 03:52:02.790750,2025-04-22 03:52:23.463224,0 days 00:00:20.672474,0.99922902349631,0.5177289348647947,2,0.28104980739755586,0.14178599750648982,0.05316830469021959,0.024365194746753492,0.0698514061357272,0.019582599608440443,0.0011474242023039533,22,143,0.08079974462586804,0.20163276014671724,False,False,False,2.9497065453094603e-08,COMPLETE
749,0.43042562603950507,2025-04-22 03:52:23.704173,2025-04-22 03:52:39.207418,0 days 00:00:15.503245,0.9596090136138729,0.9269225090683161,2,0.2756574333926318,0.11804184640733029,0.05218612310535718,0.02089123935347594,0.07974756577873933,0.014750309088101099,0.0021372164352629146,14,145,0.07387872406954413,0.21458573928401029,False,False,False,4.394024200639333e-08,COMPLETE
750,0.4458304643630982,2025-04-22 03:52:39.453548,2025-04-22 03:53:00.568263,0 days 00:00:21.114715,0.9325962525647039,0.6810909270045324,2,0.2853894835690248,0.134613546025242,0.05503328286876159,0.01616627929391961,0.08067609283970989,0.007131297849278486,0.0013232701405923543,23,140,0.08296356418013888,0.2350064513362471,False,False,False,6.464574189746045e-08,COMPLETE
751,0.3941348552703858,2025-04-22 03:53:00.798863,2025-04-22 03:53:19.982250,0 days 00:00:19.183387,0.9828380477406423,0.6172030759919471,2,0.2936857478565217,0.12645512736862857,0.057607864989825244,0.029063630894784753,0.07152908832315101,0.04035931606943393,0.0027802812431472683,20,137,0.07845915453255742,0.22433552365632192,False,False,False,5.26152456688931e-08,COMPLETE
752,0.39463300704956056,2025-04-22 03:53:20.225658,2025-04-22 03:53:29.144053,0 days 00:00:08.918395,0.9993297127004603,0.564436317906928,8,0.26797243728369874,0.11377348361331623,0.061035636994973615,0.019002051150180922,0.07685197821545318,0.009379868685670497,0.0015391222301698682,16,147,0.07042575972852116,0.2206553696351634,False,False,False,1.3373222664052415e-06,COMPLETE
753,0.3869895935058594,2025-04-22 03:53:29.376166,2025-04-22 03:53:47.965821,0 days 00:00:18.589655,0.9578388806779863,0.9810304242244373,2,0.27848511727247105,0.1206432670775281,0.06558126974491724,0.02594831264879894,0.07465764533586458,0.01654594682611856,0.0010784346908066227,19,73,0.075614536076549,0.23024203335385887,False,False,False,1.8588178986140627e-07,COMPLETE
754,0.43965041637420654,2025-04-22 03:53:48.210487,2025-04-22 03:54:02.464940,0 days 00:00:14.254453,0.9143692972152899,0.6496867812961737,2,0.2906154858753103,0.10967324517547408,0.049965692008509206,0.022775739174706128,0.07863089242910488,0.01895249648224403,0.0008102712323223896,12,142,0.07683070953888585,0.23599712787520713,False,False,False,2.8712090732730376e-08,COMPLETE
755,0.38337790966033936,2025-04-22 03:54:02.712692,2025-04-22 03:54:17.186726,0 days 00:00:14.474034,0.9466436941053338,0.6746242776527546,2,0.2689805331166451,0.12813025587380433,0.03319735338057707,0.0279660543045889,0.0820881959652822,0.02079611023924779,0.0019037863903073327,13,22,0.07236231841712278,0.22717838364966766,True,False,False,3.653457358298758e-07,COMPLETE
756,0.41076972484588625,2025-04-22 03:54:17.423691,2025-04-22 03:54:34.874438,0 days 00:00:17.450747,0.9692969374756483,0.9444246913929801,2,0.2999022097266745,0.10314797736218441,0.05383638291174396,0.0336664406093106,0.07993046539989396,0.012477087104073591,0.0012352544710085255,17,150,0.0745651631890441,0.20864111982782962,False,False,False,7.453870105726743e-08,COMPLETE
757,0.43758281469345095,2025-04-22 03:54:35.120065,2025-04-22 03:54:49.344982,0 days 00:00:14.224917,0.9824194986327455,0.9990643293594024,2,0.2844142181011007,0.11792003731245197,0.027948212026039393,0.02504896153209404,0.0766772983475192,0.021426711843082508,0.000915910864291674,12,145,0.07894170833045863,0.21913968008079965,False,False,False,2.5269604199809173e-06,COMPLETE
758,0.38618423938751223,2025-04-22 03:54:49.593384,2025-04-22 03:55:03.867887,0 days 00:00:14.274503,0.9325543456252653,0.9666061343021224,2,0.27474701283563485,0.1232874502918259,0.051351126872361166,0.020332752240632124,0.08713774653451481,0.013755416621348715,0.001558868370078489,12,141,0.06887455037164766,0.2391560589792729,False,False,False,3.582338646980267e-08,COMPLETE
759,0.374965512752533,2025-04-22 03:55:04.104163,2025-04-22 03:55:19.588728,0 days 00:00:15.484565,0.8625075082792517,0.6866874589406091,2,0.26382030956113606,0.135388766086796,0.023963042947960606,0.01718203711963367,0.07258042764376255,0.010333137054685002,0.0021926083864955486,14,135,0.0812586094137512,0.23140957221218056,False,False,False,1.8085211710135148e-05,COMPLETE
760,0.37828773260116577,2025-04-22 03:55:19.835527,2025-04-22 03:55:32.208596,0 days 00:00:12.373069,0.9506693349075938,0.7025940922912767,2,0.288223411522413,0.11048407020515812,0.05615767198741397,0.023021456694739546,0.08132290532929712,0.024090905099728784,0.001094181764787598,9,98,0.0768239952979605,0.22393411375159575,False,False,False,5.267142087795775e-08,COMPLETE
761,0.3294160902500153,2025-04-22 03:55:32.443530,2025-04-22 03:55:45.765491,0 days 00:00:13.321961,0.9685217080899039,0.9057554004144722,2,0.24305574420501472,0.11519849939414087,0.03586989288757169,0.03068030895384736,0.07851549309080516,0.017082507847627604,0.0018128607028341343,13,144,0.07134212931517882,0.2124364899994525,False,True,False,1.5424145454809172e-07,COMPLETE
762,0.37004278898239135,2025-04-22 03:55:46.012856,2025-04-22 03:55:59.743713,0 days 00:00:13.730857,0.8987314524961627,0.6224913906761821,2,0.2708172794756464,0.1283693599289498,0.059000851317950194,0.025900158698367943,0.0839071951113461,0.03095017846408216,0.0013008828435563452,11,138,0.07414495124139923,0.23969057717310946,False,False,False,8.94943187642738e-08,COMPLETE
763,0.29033973813056946,2025-04-22 03:55:59.992543,2025-04-22 03:56:06.452736,0 days 00:00:06.460193,0.9847108960227838,0.6626309015086926,16,0.2804962569618251,0.10589451402834357,0.051422675640181166,0.02776578948635497,0.07408862774220132,0.022259262183828094,0.0014182544279788733,10,53,0.07774014393443258,0.23464865540461294,False,False,True,2.926255074358821e-07,COMPLETE
764,0.4360986590385437,2025-04-22 03:56:06.688662,2025-04-22 03:56:20.939277,0 days 00:00:14.250615,0.9266397203511152,0.9774429553760797,2,0.25694247915251384,0.14936590520403784,0.05396814278051022,0.021816996961123197,0.086625257707079,0.015183551929448792,0.002549176909740757,12,148,0.07966153734447881,0.22888137103400383,False,False,False,1.2549832902640515e-07,COMPLETE
765,0.4381132125854493,2025-04-22 03:56:21.189951,2025-04-22 03:56:34.815124,0 days 00:00:13.625173,0.9993046363333712,0.7022999936929033,2,0.2655922254577495,0.1218357592202429,0.043914369518982956,0.02412952700334443,0.0684249991414023,0.018970772810606898,0.0009347802891806924,11,142,0.0748179703089863,0.17290697486907425,False,False,False,7.018604622661243e-08,COMPLETE
766,0.39021480083465576,2025-04-22 03:56:35.051394,2025-04-22 03:56:58.340791,0 days 00:00:23.289397,0.9485409502291429,0.6753200366215292,2,0.18730740182264763,0.1367753627307312,0.049952984839245984,0.032194304325299475,0.07658871403461597,0.08486398676762834,0.0007427184224088448,26,146,0.08292360541709223,0.21969559086876,False,False,False,3.778871584374165e-08,COMPLETE
767,0.3771157264709473,2025-04-22 03:56:58.588263,2025-04-22 03:57:12.879928,0 days 00:00:14.291665,0.965936530632102,0.14669462675816142,2,0.2757963467804955,0.11516808256827903,0.030285744477716862,0.018383135630636274,0.08136923470545124,0.027440712062968053,0.0016979984284833157,12,140,0.0721028962265568,0.24498535783553854,False,False,False,2.0465904654205486e-07,COMPLETE
768,0.39478970766067506,2025-04-22 03:57:13.131764,2025-04-22 03:57:29.353555,0 days 00:00:16.221791,0.913291135115722,0.9525135545588413,2,0.2495440424345501,0.129950296816308,0.047087564084146376,0.029432745754307613,0.08409875881834855,0.024599594737776398,0.0010949403343533594,15,150,0.07579312490559217,0.2378779472807678,False,False,False,2.5344945730998002e-08,COMPLETE
769,0.4548295617103577,2025-04-22 03:57:29.589560,2025-04-22 03:57:43.181251,0 days 00:00:13.591691,0.9809870505783286,0.638121014365021,2,0.2883325664931148,0.1415867277641562,0.05193618829966649,0.02664357660300308,0.07927048902886877,0.008291247223761313,0.001408887059731296,11,144,0.0809078638558112,0.22492170322791902,False,False,False,1.0229481534905956e-06,COMPLETE
770,0.38612755537033083,2025-04-22 03:57:43.430982,2025-04-22 03:57:56.498670,0 days 00:00:13.067688,0.9432112461153157,0.7343456533159082,2,0.25999164981390627,0.10326337995519286,0.04945905583598622,0.019722407990813526,0.060967923630496544,0.020991582197288652,7.463540559569592e-05,10,136,0.03189544879823566,0.2150612153083753,False,False,False,1.1781922116227632e-07,COMPLETE
771,0.38008139133453367,2025-04-22 03:57:56.750589,2025-04-22 03:58:14.779898,0 days 00:00:18.029309,0.9623944445610209,0.7847375138586392,2,0.2808522455484261,0.12224248457028732,0.043186996178811055,0.02394347732189715,0.06377064760951795,0.018252261454490697,0.002149258275902988,18,147,0.08487825642608487,0.17853692344054967,False,False,False,1.5850267701926663e-07,COMPLETE
772,0.3850513339042664,2025-04-22 03:58:15.020109,2025-04-22 03:58:29.902452,0 days 00:00:14.882343,0.932389708417034,0.691449167303583,2,0.2720379882722719,0.18307084827112527,0.05506527126691483,0.03564280179284983,0.07570970311443004,0.01043560422134085,0.0012099582306719426,13,139,0.06779707698759777,0.2319453071674931,False,False,False,8.618302800807508e-08,COMPLETE
773,0.3711860179901123,2025-04-22 03:58:30.156986,2025-04-22 03:58:38.200135,0 days 00:00:08.043149,0.09057980018055684,0.6565908543896357,8,0.29420452423037363,0.11056212530684893,0.04629084077393887,0.021503851880366038,0.0808761014028578,0.06088401253195279,0.0017168039211938075,11,143,0.07837762861007529,0.2391290140123063,False,False,False,4.8900857834061895e-08,COMPLETE
774,0.37857009172439576,2025-04-22 03:58:38.440262,2025-04-22 03:58:53.528815,0 days 00:00:15.088553,0.9819389770926269,0.985366892041055,2,0.2662007530866254,0.11568406879179773,0.05261902209391186,0.028349443773202018,0.08529704334944256,0.013317150921130023,0.0032761638359273945,12,147,0.07338449029753792,0.24341838461632764,True,False,False,5.750580453424308e-08,COMPLETE
775,0.39688643217086794,2025-04-22 03:58:53.779466,2025-04-22 03:59:08.095497,0 days 00:00:14.316031,0.999399263443962,0.7186167305928919,2,0.25470378270465033,0.12488167403865226,0.07229093575109424,0.01510057990060285,0.07761448225942004,0.023192313754095632,0.007555362862879661,12,141,0.07012660522974959,0.2056835267783836,False,False,False,9.870203764779429e-08,COMPLETE
776,0.37729244232177733,2025-04-22 03:59:08.350096,2025-04-22 03:59:21.974079,0 days 00:00:13.623983,0.8868415685421223,0.6821955810491948,2,0.28609881950260596,0.13119246050382924,0.04837576174743382,0.025875756824479908,0.08747654778597001,0.0053514401103910226,0.00015310325970475144,11,144,0.09173792599375671,0.22752336078783672,False,False,False,6.938703519040601e-08,COMPLETE
777,0.44063014984130866,2025-04-22 03:59:22.212109,2025-04-22 03:59:40.937769,0 days 00:00:18.725660,0.9554113376349662,0.709588428515412,2,0.2752536341485342,0.11896148586496609,0.05082169502798513,0.031000774602859188,0.07230138526491064,0.0454840641387667,0.0009724948442795777,19,135,0.07713338029576985,0.23304735633931642,False,False,False,1.3594070630561487e-07,COMPLETE
778,0.37429134845733647,2025-04-22 03:59:41.188566,2025-04-22 03:59:54.247583,0 days 00:00:13.059017,0.921330108462424,0.9603175179980619,2,0.28039423059573837,0.10931140364108234,0.058717829876012956,0.024049009858739964,0.08235746734713027,0.07174074148582212,0.0014589792212415138,10,138,0.06369366596089135,0.22144914173139377,False,False,False,1.0429470331438847e-07,COMPLETE
779,0.44838813543319705,2025-04-22 03:59:54.502356,2025-04-22 04:00:08.271264,0 days 00:00:13.768908,0.9716881029673266,0.9222738522091356,2,0.2641433352892066,0.10296012439676662,0.03509649622295369,0.017897464477943152,0.0790945196131153,0.01997053413999976,0.0007869377943168874,11,145,0.07507992922436306,0.24346747658772186,False,False,False,4.0974431594465155e-08,COMPLETE
780,0.43172643184661863,2025-04-22 04:00:08.513437,2025-04-22 04:00:22.794109,0 days 00:00:14.280672,0.9447193445888642,0.7601986191408514,2,0.24973399936832927,0.1200305040997885,0.045571555509728495,0.02758714645220875,0.06636113291438839,0.015729052842506537,0.0019399120095291347,12,150,0.07219232532980469,0.2508461415543357,False,False,False,7.87196507232915e-08,COMPLETE
781,0.32621289491653443,2025-04-22 04:00:23.046796,2025-04-22 04:00:34.157244,0 days 00:00:11.110448,0.9677833820066652,0.7355091936370943,2,0.2392655296795716,0.1129755909406856,0.0538398812118381,0.022273318415784397,0.07470329265519568,0.03547217396998018,0.001189471653973195,9,141,0.07978012432572204,0.23498418549221625,False,True,False,2.529608573415466e-07,COMPLETE
782,0.29598225355148317,2025-04-22 04:00:34.412566,2025-04-22 04:00:47.799200,0 days 00:00:13.386634,0.9846927184666134,0.666827458141201,2,0.2712167279419476,0.12657644375535054,0.04305257188539131,0.01994975175444354,0.08464575234213635,0.027050460201087066,0.0015889644081779697,13,147,0.07679660942524992,0.19624383914775217,False,False,True,1.8697171494343804e-06,COMPLETE
783,0.36902284622192383,2025-04-22 04:00:48.040208,2025-04-22 04:01:01.049598,0 days 00:00:13.009390,0.9063014753164508,0.8555676252279909,2,0.26000498704553554,0.15654908680407226,0.05623909082586801,0.025355223203667825,0.0829346496879352,0.011772650868466846,5.2103871804208224e-05,10,143,0.07301000595178284,0.21687448357457728,False,False,False,1.7467473419664678e-07,COMPLETE
784,0.39051227569580077,2025-04-22 04:01:01.304637,2025-04-22 04:01:13.109425,0 days 00:00:11.804788,0.8097574380459585,0.9360748171515607,2,0.294796052022572,0.13214542585451136,0.031888825901827005,0.029800406867383143,0.08039356758704057,0.06878340493105459,0.0009923458067360351,8,138,0.08215312969198932,0.22716580036385564,False,False,False,6.22215390830661e-08,COMPLETE
785,0.4422297596931458,2025-04-22 04:01:13.364826,2025-04-22 04:01:26.961052,0 days 00:00:13.596226,0.9421265540590216,0.7007821239497447,2,0.2836796879746958,0.1392895714056615,0.060804138850602374,0.0267669362470856,0.07035443399549084,0.02165426625361462,0.002704016442413281,11,145,0.0789436785184055,0.21036226460139257,False,False,False,2.8584384854100544e-08,COMPLETE
786,0.4415356874465942,2025-04-22 04:01:27.205006,2025-04-22 04:01:41.499171,0 days 00:00:14.294165,0.9995594240815925,0.9995062765252462,2,0.27689371535366747,0.1083264309280512,0.048043162811611084,0.02351760843755069,0.07786659846077976,0.029370801320843923,0.0013814992431807394,12,141,0.0751218967580823,0.23939058841470806,False,False,False,1.289780843771638e-07,COMPLETE
787,0.3780088186264038,2025-04-22 04:01:41.752230,2025-04-22 04:01:49.205311,0 days 00:00:07.453081,0.9587022164954411,0.5885640202104836,16,0.26776019521160666,0.11815648248884918,0.06341655715366279,0.021294657081939006,0.08709420941808162,0.017345772091823003,0.0018599737736272237,13,148,0.08784729422165627,0.22339435102918265,False,False,False,9.077148710967568e-08,COMPLETE
788,0.3970775842666626,2025-04-22 04:01:49.448786,2025-04-22 04:02:03.781282,0 days 00:00:14.332496,0.926980324514378,0.9781157463376234,2,0.2569973004772381,0.1240804087381193,0.050198058179330575,0.016520420051999118,0.07572194698262852,0.024984445636364355,0.0011627488759659754,12,136,0.096601347976091,0.24717436392271444,False,False,False,4.469109154287837e-08,COMPLETE
789,0.39427120685577394,2025-04-22 04:02:04.035604,2025-04-22 04:02:17.013638,0 days 00:00:12.978034,0.9748350192822185,0.6406119748896432,2,0.28835081651558625,0.26434841567604095,0.04475746945079327,0.03223393433863814,0.08502594279610827,0.014807836344574362,0.0023180592174325125,10,143,0.07018804757217503,0.23452395079446126,False,False,False,1.1109790235905277e-07,COMPLETE
790,0.3830644488334656,2025-04-22 04:02:17.274141,2025-04-22 04:02:30.922711,0 days 00:00:13.648570,0.9509089821566262,0.44910838732759106,2,0.2454323144116486,0.10292146987039477,0.05205213996900314,0.028119223744034676,0.08207962139959239,0.008003255678004698,0.0009098180730717689,11,112,0.07692149771249637,0.2293672336046767,False,False,False,3.325840817398975e-05,COMPLETE
791,0.38843551874160764,2025-04-22 04:02:31.167384,2025-04-22 04:02:44.584617,0 days 00:00:13.417233,0.979659420840767,0.7161783819189751,2,0.27404821994531375,0.14531490095180882,0.04653158016682587,0.02536131227483676,0.0790044574725778,0.01960714969382461,0.0015563408038737517,11,39,0.04410049228187969,0.21725921001444232,False,False,False,1.5072117634616685e-07,COMPLETE
792,0.4251181364059448,2025-04-22 04:02:44.841319,2025-04-22 04:02:59.209735,0 days 00:00:14.368416,0.6935017218504642,0.6862198504712174,2,0.26364694108869424,0.11390081604425478,0.049003530058303275,0.01934323603033999,0.07393486069701033,0.022495303701022953,0.0012555819033163301,12,139,0.07360105276417687,0.1654199819730828,False,False,False,7.32132786839232e-08,COMPLETE
793,0.3880070328712464,2025-04-22 04:02:59.472110,2025-04-22 04:03:15.323821,0 days 00:00:15.851711,0.9205272473872242,0.7395947135068325,2,0.2815852457332535,0.1358192650185035,0.0536059816935977,0.04002516847186958,0.08776853647449098,0.012683198531723863,0.0007213457788613303,13,150,0.0841597092692746,0.24224585991962663,True,False,False,3.598200994336413e-08,COMPLETE
794,0.45462545156478884,2025-04-22 04:03:15.567101,2025-04-22 04:03:29.170370,0 days 00:00:13.603269,0.9606570640365435,0.6603091566304947,2,0.2901108013530583,0.12718458238056668,0.06773053617312717,0.02949285286240788,0.07691148105575735,0.017923024701012032,0.0018962480684397774,11,145,0.08074273865370765,0.22274165279234365,False,False,False,5.737551547886636e-08,COMPLETE
795,0.3747313737869263,2025-04-22 04:03:29.428261,2025-04-22 04:03:37.608531,0 days 00:00:08.180270,0.9393437262375206,0.951372077076509,8,0.26790024753625635,0.2276906076790498,0.05776726971185493,0.023093031839697537,0.08115177396486237,0.024295208481609036,0.0010643914106435546,12,134,0.07536230731052661,0.249149183840299,False,False,False,2.134969950827122e-08,COMPLETE
796,0.3805065155029297,2025-04-22 04:03:37.868909,2025-04-22 04:03:50.980725,0 days 00:00:13.111816,0.8910973697653509,0.7767257777667115,2,0.25389472950135034,0.11945453109551588,0.04316636328396227,0.026981747556543895,0.08397021231578573,0.026473498647374073,3.1022062647571425e-05,10,147,0.06571326497644071,0.2006453369248948,False,False,False,2.099326631368194e-07,COMPLETE
