number,value,datetime_start,datetime_complete,duration,params_alpha-eval,params_alpha-train,params_batch-size,params_eps-eval,params_eps-train,params_lambda-actions-eval,params_lambda-actions-train,params_lambda-frames-eval,params_lambda-frames-train,params_learning-rate,params_n-epochs,params_n-frames,params_radius-gw,params_rho,params_std-feats,params_ub-actions,params_ub-frames,params_weight-decay,state
341,0.44522778987884526,2025-04-22 02:20:20.696154,2025-04-22 02:20:34.184463,0 days 00:00:13.488309,0.946674209049321,0.745711598292548,2,0.23957436291031162,0.11191284022581417,0.041110700899882564,0.034281174294018044,0.09225820940974307,0.0184386686991059,0.003157466692147507,11,134,0.07928655763832942,0.22879708485158803,False,False,False,3.46981123133594e-08,COMPLETE
342,0.40057958364486695,2025-04-22 02:20:34.290323,2025-04-22 02:20:54.735371,0 days 00:00:20.445048,0.948922983685642,0.7366502196320119,2,0.24396538011956928,0.125835134752393,0.03796019222199255,0.03445188561821056,0.0966311494026371,0.010551160733632697,0.0033719975040302037,22,134,0.08035347593173327,0.22556634950493304,False,False,False,4.012029521471566e-08,COMPLETE
343,0.38192942142486574,2025-04-22 02:20:54.843117,2025-04-22 02:21:07.857164,0 days 00:00:13.014047,0.9334916877881491,0.7940111611238055,2,0.24133156351519425,0.11229983757126813,0.03979739236808348,0.03269735467251201,0.09886331731074166,0.01772022628190105,0.00479698963796836,10,125,0.07848254086379877,0.22985562089402442,False,False,False,5.046584572195499e-08,COMPLETE
344,0.3835774302482605,2025-04-22 02:21:07.964156,2025-04-22 02:21:21.588903,0 days 00:00:13.624747,0.9629513098815894,0.045182412889238854,2,0.2241017018777143,0.11897548928953275,0.04161961970994767,0.030124641775065145,0.09270128344534896,0.012694026479450171,0.002272561994603995,11,130,0.08213500897377325,0.23492739295751006,False,False,False,3.3631747351713545e-08,COMPLETE
345,0.38204523324966433,2025-04-22 02:21:21.707472,2025-04-22 02:21:29.677040,0 days 00:00:07.969568,0.9207900464469891,0.76724424966284,8,0.2514649423705493,0.11418702223653983,0.04285957532541087,0.03448703931123269,0.0926319134907529,0.0184558736145147,0.003089654588055968,11,134,0.08512875191463337,0.2407032817032175,False,False,False,3.87958985958172e-08,COMPLETE
346,0.38265218734741213,2025-04-22 02:21:29.783989,2025-04-22 02:21:42.717166,0 days 00:00:12.933177,0.9814736481745922,0.7557173412705452,2,0.23129186867970164,0.108414056366773,0.04065264187692078,0.032052319460811544,0.09153437409693611,0.015712872062186203,0.0025737192948788704,9,132,0.07961652989845397,0.2444478869529971,True,False,False,5.652319937686843e-08,COMPLETE
347,0.4134666442871094,2025-04-22 02:21:42.825797,2025-04-22 02:21:56.578881,0 days 00:00:13.753084,0.9503501270272692,0.7114167799495741,2,0.2404546275694595,0.10340208654177703,0.04494505311431867,0.029075122374883536,0.011506826713118042,0.018226732506747483,0.00391499393109488,11,136,0.07800996804692904,0.22250973607167082,False,False,False,3.296945582889932e-08,COMPLETE
348,0.4368135333061218,2025-04-22 02:21:56.687503,2025-04-22 02:22:10.959764,0 days 00:00:14.272261,0.9642209668193412,0.7380174229282614,2,0.2512110819741925,0.12099505557445035,0.04641630766538029,0.03108602575828752,0.09159675218769112,0.014792195574604178,0.0028785604916548345,12,138,0.08106188804715274,0.23692570166742188,False,False,False,4.645334698221136e-08,COMPLETE
349,0.39146997928619387,2025-04-22 02:22:11.080515,2025-04-22 02:22:25.314434,0 days 00:00:14.233919,0.9058304603225672,0.6976906231213269,2,0.23929727727603106,0.11093126632035528,0.04397520888665962,0.02921626908767703,0.08876032240422489,0.01904845479992952,0.006004039009380977,12,136,0.0647575148251148,0.2025260937601748,False,False,False,7.433617539487814e-08,COMPLETE
350,0.4424175620079041,2025-04-22 02:22:25.423765,2025-04-22 02:22:38.997365,0 days 00:00:13.573600,0.9359096638204395,0.7123563146861068,2,0.24788271465874598,0.10268703724139404,0.038245163840060215,0.03628025045489054,0.09504752415070092,0.020458911061145835,0.002130657158876153,11,132,0.07743747317082669,0.22725281352035825,False,False,False,6.614902835482294e-08,COMPLETE
351,0.3813568353652954,2025-04-22 02:22:39.108956,2025-04-22 02:22:52.723870,0 days 00:00:13.614914,0.9816836758475088,0.23451925052158962,2,0.2477329058876186,0.11303892948135343,0.04226667734200774,0.032851726104690886,0.09046109959021371,0.01662341930319844,0.001945443492049134,11,128,0.08350609558301403,0.24318945102104525,False,False,False,0.00013703132845912223,COMPLETE
352,0.42778880596160895,2025-04-22 02:22:52.832908,2025-04-22 02:23:05.767596,0 days 00:00:12.934688,0.9603907455134546,0.7389695660628799,2,0.23751431931092373,0.12596175816475436,0.06287705828331078,0.02852717366826873,0.09363408696478452,0.017524996175602974,0.00225446004294529,10,138,0.07928866674346449,0.1934564696287273,False,False,False,8.27494111788736e-08,COMPLETE
353,0.3289823710918427,2025-04-22 02:23:05.887698,2025-04-22 02:23:18.588189,0 days 00:00:12.700491,0.998702245648855,0.7846787302949764,2,0.22844994612731617,0.10669570128366743,0.04679315922330449,0.025761238900995305,0.08856147773362566,0.013885294153272856,0.0032899015509313834,12,139,0.07669707879722727,0.23443184527313712,False,True,False,5.855244179039714e-08,COMPLETE
354,0.45156503915786744,2025-04-22 02:23:18.698347,2025-04-22 02:23:32.362261,0 days 00:00:13.663914,0.9392844029543416,0.7259231373025985,2,0.25587663577851927,0.1176704432285249,0.039829874289901944,0.02995051786124574,0.09094578367475856,0.020258308110500438,0.0018917572376139806,11,135,0.08156264715730832,0.2461922322367496,False,False,False,4.40146417019267e-08,COMPLETE
355,0.38834959268569946,2025-04-22 02:23:32.472567,2025-04-22 02:23:46.701375,0 days 00:00:14.228808,0.9214419112810085,0.1061795048759906,2,0.253394672248978,0.11896618041591042,0.04521607215897776,0.030333351189696982,0.08733431900508688,0.020495556682805074,0.0012771681743950984,12,140,0.0862985242382916,0.24843845038421933,False,False,False,1.576575624104862e-05,COMPLETE
356,0.29016765356063845,2025-04-22 02:23:46.812513,2025-04-22 02:23:58.493313,0 days 00:00:11.680800,0.9803517390049976,0.9983850959013846,2,0.26079086344151325,0.1230114079566885,0.044713477419900005,0.028103288636537563,0.08259892541520203,0.02149674606566879,0.0018706651780003862,10,136,0.08238184608489976,0.24230038515723729,False,False,True,5.558023123243014e-07,COMPLETE
357,0.38605945110321044,2025-04-22 02:23:58.614578,2025-04-22 02:24:05.939518,0 days 00:00:07.324940,0.9345791144599975,0.6914966526780448,16,0.255564148550239,0.10197281636595557,0.039084715108686614,0.0166840946559342,0.09077748427092222,0.02260790211804429,0.00180894830284075,12,150,0.08418236366447901,0.25222974139884674,False,False,False,4.3826427660541206e-08,COMPLETE
358,0.4566288471221924,2025-04-22 02:24:06.051740,2025-04-22 02:24:20.316687,0 days 00:00:14.264947,0.968967939335441,0.723771834332825,2,0.2607400567678088,0.11378358678688118,0.04779395297262762,0.02245614592637649,0.08756378054910582,0.02059294057878592,0.0010370523287312986,12,138,0.07720230082702936,0.2474671091073729,False,False,False,7.582356078374772e-08,COMPLETE
359,0.3842753887176514,2025-04-22 02:24:20.428668,2025-04-22 02:24:34.126951,0 days 00:00:13.698283,0.9031190133365488,0.3237779519942849,2,0.2626125656097287,0.12953288805348523,0.049017238746384806,0.02192570679515081,0.08745147357847671,0.02029794245616488,0.000990491824804857,11,141,0.07631433956729924,0.24801064325671665,False,False,False,3.1515917682994845e-07,COMPLETE
360,0.4554385781288147,2025-04-22 02:24:34.249341,2025-04-22 02:24:47.850545,0 days 00:00:13.601204,0.9601165483842435,0.719608374839684,2,0.261312142531743,0.11655576945568087,0.04775497766526212,0.024498844307835436,0.0826566847960435,0.02292399999020118,0.0010953384980726811,11,146,0.07212613285518493,0.2545637802174743,False,False,False,9.416435046049705e-08,COMPLETE
361,0.4505893111228943,2025-04-22 02:24:47.963757,2025-04-22 02:25:01.634035,0 days 00:00:13.670278,0.9525241427919371,0.6951689965639215,2,0.25942756861780675,0.11727338919596259,0.048227249559836725,0.008835243112977544,0.08253159799810855,0.021941526838572308,0.0010506410099357273,11,146,0.080493862181928,0.25281745038557263,False,False,False,5.7225497407434436e-08,COMPLETE
362,0.4500970602035522,2025-04-22 02:25:01.747711,2025-04-22 02:25:14.724101,0 days 00:00:12.976390,0.948458893158155,0.6807062873286577,2,0.25950142234222057,0.12118203946130686,0.0506826795419843,0.009459972920223225,0.08302475195640767,0.021869063909926174,0.0009841551653687584,10,146,0.08175614683051577,0.25191694766230177,False,False,False,5.7933690978668976e-08,COMPLETE
363,0.3818809509277344,2025-04-22 02:25:14.837380,2025-04-22 02:25:27.161891,0 days 00:00:12.324511,0.950418639996763,0.6813496889590485,2,0.2540617459996875,0.12569816492292513,0.050816674557255435,0.014000177165739477,0.08254989854411321,0.0199174767760045,0.0010070665437900523,9,148,0.0816415499783375,0.24515506930520978,False,False,False,5.446744878243594e-08,COMPLETE
364,0.38433524370193484,2025-04-22 02:25:27.288005,2025-04-22 02:25:40.256506,0 days 00:00:12.968501,0.9239416194621919,0.6916405920899739,2,0.2607817202675448,0.11919317273922506,0.053139922242295315,0.008786406912773834,0.08141998943862921,0.02196564688314258,0.0009895503542409394,10,147,0.08821020568131072,0.2504576032048547,False,False,False,4.593464234853472e-08,COMPLETE
365,0.3939941644668579,2025-04-22 02:25:40.369964,2025-04-22 02:25:53.349555,0 days 00:00:12.979591,0.9599923442870483,0.9516777783641484,2,0.24992065604162642,0.11657253239852296,0.05562525815209216,0.00329609488065908,0.08188498874788416,0.01960321622209933,0.00113948483020245,10,150,0.08338226117201253,0.2406945679870789,False,False,False,6.086794912505944e-08,COMPLETE
366,0.4556578040122986,2025-04-22 02:25:53.463267,2025-04-22 02:26:07.077143,0 days 00:00:13.613876,0.9396917226442391,0.6765701693947236,2,0.25838892864593777,0.1311098149114372,0.050152989485261,0.019211014827324843,0.08382392261647004,0.022259811232273954,0.0009460199143028259,11,146,0.08094878354453737,0.25450700741396876,False,False,False,4.069828305271915e-08,COMPLETE
367,0.40442878007888794,2025-04-22 02:26:07.193095,2025-04-22 02:26:20.733337,0 days 00:00:13.540242,0.9373820007831387,0.6715145351656269,2,0.2592379327979622,0.1255375906230045,0.05053321047684952,0.01858145349794944,0.08277287911848219,0.021400670016068067,0.0008881910483380082,10,147,0.08151065903804267,0.2564047068779744,True,False,False,3.029049374723427e-08,COMPLETE
368,0.3888667702674866,2025-04-22 02:26:20.857459,2025-04-22 02:26:34.471532,0 days 00:00:13.614073,0.9128791285979692,0.966977260507046,2,0.26258874998283055,0.1291260797185986,0.03641121420704878,0.007148639207760719,0.08364630595799233,0.022125099889150512,0.0009800333365653352,11,146,0.08600125854891014,0.25340942381424353,False,False,False,4.161653103807564e-08,COMPLETE
369,0.3906397700309754,2025-04-22 02:26:34.587549,2025-04-22 02:26:42.273163,0 days 00:00:07.685614,0.8910401696325285,0.998284000249399,8,0.2546343595876457,0.12156957225936721,0.05477123741294046,0.01176506242940117,0.08428553396167043,0.018979923330518598,0.0008661501683411782,9,150,0.08088137106990886,0.24684807632830716,False,False,False,4.2268088844565765e-08,COMPLETE
370,0.40519015789031987,2025-04-22 02:26:42.390726,2025-04-22 02:26:55.970698,0 days 00:00:13.579972,0.9679645466959252,0.6906801931518698,2,0.2670842947147434,0.11630908449467134,0.05197788347486404,0.009491896772917988,0.0807971929217642,0.022715013781491492,0.0011100164316604298,11,146,0.08378953960271639,0.238124430565574,False,False,False,5.699967325441668e-08,COMPLETE
371,0.37871975898742677,2025-04-22 02:26:56.096028,2025-04-22 02:27:09.011581,0 days 00:00:12.915553,0.9426841476293065,0.9446565170482751,2,0.25857885204975173,0.13210587121943876,0.05015606070617288,0.006708644695845839,0.08127409835887957,0.01626392952200645,0.001216952966383289,10,145,0.0804704376415051,0.2467790630480415,False,False,False,4.828786901745096e-08,COMPLETE
372,0.377381980419159,2025-04-22 02:27:09.127274,2025-04-22 02:27:22.777692,0 days 00:00:13.650418,0.9646358108922537,0.7005719302201407,2,0.26611852622947163,0.12172777154795059,0.04258342947476972,0.009526735135946554,0.08369798832206037,0.02032795421128303,0.0012380490522691117,11,148,0.08204851518980184,0.2562196046236874,False,False,False,8.856602357712847e-08,COMPLETE
373,0.44499275684356693,2025-04-22 02:27:22.893575,2025-04-22 02:27:35.866893,0 days 00:00:12.973318,0.924443321500114,0.9623293146737255,2,0.2506458834453121,0.1142284942183896,0.04004569589998686,0.01879332786329166,0.08087886391914094,0.022575687851688377,0.0008365622100735556,10,139,0.07963907175502971,0.24131169254275958,False,False,False,6.418964586423915e-08,COMPLETE
374,0.2887604355812073,2025-04-22 02:27:35.987809,2025-04-22 02:27:48.304119,0 days 00:00:12.316310,0.9520616212505013,0.6709203187136592,2,0.2611107659570059,0.1324509229888974,0.048767040007475865,0.0043143935371562315,0.08515341420751876,0.019394113677860397,0.0010852875796820885,11,145,0.033482322410112675,0.24930436068773754,False,True,True,2.9279718204453988e-08,COMPLETE
375,0.41342231035232546,2025-04-22 02:27:48.430837,2025-04-22 02:28:01.947958,0 days 00:00:13.517121,0.9759478930207004,0.9796207295383176,2,0.2696982077460349,0.1234613909426862,0.04393621591692415,0.02107321007389464,0.08303596358745635,0.016870610697883263,0.0010202719814307905,11,132,0.08496848467808689,0.25721080595795914,False,False,False,2.2281751758345603e-06,COMPLETE
376,0.43433207273483276,2025-04-22 02:28:02.064945,2025-04-22 02:28:15.083689,0 days 00:00:13.018744,0.9380613077796696,0.7252011217657974,2,0.25630021763274985,0.11371969397525471,0.04811622620433865,0.005249782844764402,0.0850224479157451,0.020936541322708932,0.0013512279039449389,10,141,0.07830802159549217,0.24486146755478033,False,False,False,3.569498424755841e-08,COMPLETE
377,0.38045437335968024,2025-04-22 02:28:15.201496,2025-04-22 02:28:28.800028,0 days 00:00:13.598532,0.9114569159418637,0.69598717245082,2,0.2633577121711556,0.11772603002993093,0.053112186042425936,0.019456465101805025,0.08195923554218566,0.022903800526938953,0.0012844514778506597,11,150,0.08264873092780488,0.20955218033171524,False,False,False,8.525098359209646e-08,COMPLETE
378,0.44132090806961066,2025-04-22 02:28:28.918876,2025-04-22 02:28:43.371087,0 days 00:00:14.452211,0.9844666544618192,0.9848208503905626,2,0.24840172780033007,0.11263813662889305,0.041687474706621444,0.019987417035614498,0.08354463633198284,0.01860477372491587,0.0009500687031931519,12,135,0.08042114264041811,0.23933834233117535,False,False,False,5.5223072653167806e-08,COMPLETE
379,0.37836427688598634,2025-04-22 02:28:43.500332,2025-04-22 02:28:57.098269,0 days 00:00:13.597937,0.9597592999376602,0.9425771349705196,2,0.2683765590815521,0.12587162555171427,0.05062378010287975,0.016692529824672963,0.040658748657118625,0.023103375459272133,0.021252474373423945,11,143,0.07824221459262,0.251850541658744,False,False,False,7.547018591304611e-08,COMPLETE
380,0.38125267028808596,2025-04-22 02:28:57.217671,2025-04-22 02:29:09.508264,0 days 00:00:12.290593,0.9376789735156207,0.962752061165156,2,0.25581930722179547,0.11867215737463516,0.04379575786499629,0.0015448507086162945,0.08571238921929789,0.011847175593566675,0.000819910608780364,9,107,0.08528222972915395,0.2598934724011744,False,False,False,6.438991619195972e-08,COMPLETE
381,0.38962231874465947,2025-04-22 02:29:09.627700,2025-04-22 02:29:16.691022,0 days 00:00:07.063322,0.9983495871230587,0.6632177127334753,16,0.26485539371504974,0.11054003921960852,0.047730734659694914,0.011579983640249931,0.08097970177790814,0.0668312751665449,0.0012778946236720963,12,68,0.08307594171428867,0.2171598766979677,False,False,False,4.7961285618976615e-08,COMPLETE
382,0.43772742748260496,2025-04-22 02:29:16.821170,2025-04-22 02:29:30.320794,0 days 00:00:13.499624,0.9727960070534408,0.6799102844055215,2,0.24603594185072983,0.11012502367679824,0.03839487527254805,0.023723143956009052,0.08606151977221671,0.020677236984402242,0.0010894840844449334,11,138,0.0803189020528846,0.23356805896648763,False,False,False,9.9435045851574e-08,COMPLETE
383,0.41157507896423345,2025-04-22 02:29:30.444811,2025-04-22 02:29:43.403962,0 days 00:00:12.959151,0.8849524687822103,0.44042626285022135,2,0.27198043620283846,0.1349554546845875,0.04043493472785113,0.022028844088691782,0.07997890461150282,0.015219187285238817,0.0013970632324907326,10,147,0.07714239028763102,0.24884699025090867,False,False,False,3.684940172244221e-08,COMPLETE
384,0.3954857707023621,2025-04-22 02:29:43.522540,2025-04-22 02:29:57.218124,0 days 00:00:13.695584,0.9515177604438674,0.9825827026276255,2,0.25181936053360354,0.11947838873872388,0.05724602730529648,0.02284541908829598,0.08384659237271969,0.017531756997694943,0.001932673000652689,11,141,0.08811563603092824,0.2400198360952138,False,False,False,8.468303750736684e-08,COMPLETE
385,0.38066806793212893,2025-04-22 02:29:57.348607,2025-04-22 02:30:11.561634,0 days 00:00:14.213027,0.917427862749805,0.7098871326946725,2,0.2601035062180818,0.14315104607879817,0.045571701322905285,0.015547964110361034,0.08719858937204339,0.02284124665559472,0.00133823666109423,12,130,0.056621465019388556,0.25648387696346736,False,False,False,2.7320251387063805e-08,COMPLETE
386,0.38287670612335206,2025-04-22 02:30:11.681102,2025-04-22 02:30:25.617171,0 days 00:00:13.936069,0.9995984812412776,0.9676530959615991,2,0.2689389522655585,0.11087771663605325,0.04926632417697618,0.008722903280677792,0.0827706634426219,0.01958690335652512,0.0010637339584552029,12,23,0.07977465172038452,0.2444936940575596,True,False,False,6.086961140277128e-08,COMPLETE
387,0.39273116588592527,2025-04-22 02:30:25.736611,2025-04-22 02:30:39.411332,0 days 00:00:13.674721,0.9678628983450703,0.7220102654624212,2,0.25727841458591344,0.12648738664790649,0.04321807322275267,0.024405801187082174,0.0851781319804018,0.021325618249305515,0.0016729328174073287,11,145,0.04975570312262912,0.23071751611056487,False,False,False,9.828189702552586e-08,COMPLETE
388,0.38481558561325074,2025-04-22 02:30:39.530892,2025-04-22 02:30:52.442818,0 days 00:00:12.911926,0.927634388683995,0.9379915835254566,2,0.2707460242714271,0.11593106757186002,0.05183941738671976,0.024443373720432055,0.05580826376475598,0.02341517982511196,0.0022707477605859658,10,126,0.07726167589813088,0.26393516951065377,False,False,False,4.780259955451515e-08,COMPLETE
389,0.38790535926818853,2025-04-22 02:30:52.574685,2025-04-22 02:31:06.882391,0 days 00:00:14.307706,0.9487031411525441,0.6365033418596285,2,0.26364626551139947,0.1087569325010844,0.047094425809481213,0.022001124282832428,0.04810548255524262,0.04806062649050279,0.0007607465946115035,12,138,0.06032322069330175,0.2529074962690526,False,False,False,7.620669697290818e-08,COMPLETE
390,0.4069731712341309,2025-04-22 02:31:07.004684,2025-04-22 02:31:21.273593,0 days 00:00:14.268909,0.9782571130111313,0.9994611155701243,2,0.25102855070402175,0.11999381854302343,0.04529398160213005,0.028282313316662314,0.07946471644370225,0.016680477307706894,0.0014220405354351624,12,144,0.08159621512390682,0.23708256986815326,False,False,False,1.4640350559416928e-06,COMPLETE
391,0.4534687519073487,2025-04-22 02:31:21.396595,2025-04-22 02:31:34.890431,0 days 00:00:13.493836,0.90791858318623,0.6977027946168202,2,0.273525536541677,0.10747266084398407,0.04200063354117395,0.032008830619494756,0.08648052013564796,0.0048844473023404375,0.0009170692234087545,11,134,0.07869468104223075,0.2452970127771776,False,False,False,3.857252811333498e-08,COMPLETE
392,0.4435920834541321,2025-04-22 02:31:35.023928,2025-04-22 02:31:48.718153,0 days 00:00:13.694225,0.9003768176853394,0.71808492271276,2,0.27322373425486746,0.10561838067314043,0.041003183807730756,0.031606585769768235,0.08707553447264663,0.01864714521418941,0.0019812586117792684,11,133,0.07842646632369903,0.22567312912013401,False,False,False,3.1726956714324056e-08,COMPLETE
393,0.34021456241607667,2025-04-22 02:31:48.841054,2025-04-22 02:31:58.919538,0 days 00:00:10.078484,0.9271687869500838,0.6968017217261079,8,0.2739168997691823,0.10050782788038545,0.0368601453817165,0.03237382076871907,0.08611472011292282,0.013861188265438968,0.0016831655368581345,28,128,0.07647062305773732,0.17105035968718743,False,True,False,4.042799652803764e-08,COMPLETE
394,0.2887604355812073,2025-04-22 02:31:59.043360,2025-04-22 02:32:11.832181,0 days 00:00:12.788821,0.8943730671284288,0.9643627126277639,2,0.26698339816182265,0.10885327122578628,0.04285103433520013,0.0354899616890565,0.08803265022865284,0.02369755241757896,0.002404011894847232,12,134,0.07869676175466199,0.2441625218659719,False,False,True,2.8641374607050085e-08,COMPLETE
395,0.4488976836204529,2025-04-22 02:32:11.955223,2025-04-22 02:32:25.576955,0 days 00:00:13.621732,0.9818978839042618,0.9275933051608051,2,0.27370333788474666,0.1028576766030501,0.03995224071310347,0.030252185949386442,0.08521955848196622,0.00553243544879144,0.0011574778018810497,11,136,0.07603023959876183,0.23811623218036604,False,False,False,3.817518604007295e-08,COMPLETE
396,0.3634162843227387,2025-04-22 02:32:25.710513,2025-04-22 02:32:40.023124,0 days 00:00:14.312611,0.19774585304997516,0.5226037138705143,2,0.24665420481056605,0.11054515379560023,0.04243450822512226,0.0279913919240663,0.08766630906776948,0.0019271880660992869,0.0013633446760148958,12,131,0.07720573961450526,0.23181627853428374,False,False,False,1.0303637150304255e-07,COMPLETE
397,0.4475321412086487,2025-04-22 02:32:40.146633,2025-04-22 02:32:53.983108,0 days 00:00:13.836475,0.9624500323127906,0.954228985788101,2,0.26543027167312916,0.11426415949276211,0.04378373987533086,0.03375472058153636,0.02759238168612106,0.01115014556683313,0.0008142814473466942,11,139,0.07991105157049493,0.22207734722062986,False,False,False,7.435299621513492e-08,COMPLETE
