number,value,datetime_start,datetime_complete,duration,params_alpha-eval,params_alpha-train,params_batch-size,params_eps-eval,params_eps-train,params_lambda-actions-eval,params_lambda-actions-train,params_lambda-frames-eval,params_lambda-frames-train,params_learning-rate,params_n-epochs,params_n-frames,params_radius-gw,params_rho,params_std-feats,params_ub-actions,params_ub-frames,params_weight-decay,state
616,0.4172323942184448,2025-04-01 15:43:58.148288,2025-04-01 15:44:08.437898,0 days 00:00:10.289610,0.9432359385028564,0.5311712549124247,8,0.29995792322137016,0.03625761674759033,0.06026766265583956,0.010286480186851722,0.03514930833415161,0.023148224038485606,0.0009573275800079607,27,121,0.08366072892870455,0.032967778652408915,False,False,False,2.51781864342883e-06,COMPLETE
617,0.38164582252502444,2025-04-01 15:44:08.634736,2025-04-01 15:44:19.463064,0 days 00:00:10.828328,0.8960372161141,0.7786986783909126,8,0.28152717513787706,0.09168921865768058,0.09065188050273564,0.01656262643676611,0.04804003799100353,0.007021935202557011,0.0013465903646871255,30,93,0.09297836056320301,0.23363682824033646,False,False,False,1.6826836769721817e-06,COMPLETE
618,0.4256082653999329,2025-04-01 15:44:19.670053,2025-04-01 15:44:30.417371,0 days 00:00:10.747318,0.9969024751999088,0.7961474997911306,8,0.07563419012904343,0.06348022080194746,0.056710467032484585,0.018667490275484228,0.054673261229901904,0.04130861969075785,0.0007915354075091066,29,124,0.08740489283614256,0.016501294448886924,False,False,False,7.684175818995704e-07,COMPLETE
619,0.42693305015563965,2025-04-01 15:44:30.612698,2025-04-01 15:44:39.715351,0 days 00:00:09.102653,0.9681099099909254,0.7180332460071629,8,0.05943718479576775,0.07672098336160549,0.05905703294529402,0.027033708157890447,0.04043121001005723,0.0027446178257819775,0.0011445411250503492,20,118,0.08585970932709794,0.00857025964218925,False,False,False,1.3829082702713716e-06,COMPLETE
620,0.43027566671371464,2025-04-01 15:44:39.922203,2025-04-01 15:44:50.497098,0 days 00:00:10.574895,0.9285981995224799,0.6419816754081823,8,0.26943911235506585,0.08435025530467222,0.06913123434527997,0.014544447833892828,0.051103550202001115,0.018288146871680146,0.0006467700942020594,28,113,0.08948617587183011,0.025341886035942174,False,False,False,2.026972574026585e-06,COMPLETE
621,0.4021413803100586,2025-04-01 15:44:50.694840,2025-04-01 15:45:01.351015,0 days 00:00:10.656175,0.839726129674067,0.7512218656188636,8,0.2610394488532279,0.09557474081992037,0.06264999793688625,0.02171218545099296,0.045861618874090314,0.08221375025068788,0.0009235554562465114,29,121,0.04292997807499048,0.03663847343427536,False,False,False,1.0111935439116765e-06,COMPLETE
622,0.40037626028060913,2025-04-01 15:45:01.559423,2025-04-01 15:45:12.527202,0 days 00:00:10.967779,0.8787445540546373,0.7646474357098125,8,0.2909527557941388,0.11935059281919733,0.0730233618844574,0.019024503698850954,0.03193860499197224,0.005499628631271507,0.0007919867676443559,30,127,0.09456243728285141,0.015052737008642667,False,False,False,2.9160330674993614e-06,COMPLETE
623,0.4211919724941254,2025-04-01 15:45:12.725519,2025-04-01 15:45:35.816577,0 days 00:00:23.091058,0.8974962038860298,0.6923212589821461,2,0.251839474956449,0.05542945874650825,0.08122122594029021,0.01714611263139585,0.070474163285216,0.00878463781203894,0.0010588838015799544,27,116,0.08123198020532175,0.02028407933005711,False,False,False,4.362099303604253e-06,COMPLETE
624,0.3395058870315552,2025-04-01 15:45:36.028038,2025-04-01 15:45:45.789901,0 days 00:00:09.761863,0.9468367936859593,0.7358664550002828,8,0.1554296359155366,0.045728552963908625,0.06645554435180089,0.02986672016240442,0.043731860951752674,0.020229636031320494,0.0005342337452419946,29,124,0.08848317788912805,0.030540729669512597,False,False,True,1.5709906761866352e-06,COMPLETE
625,0.44168134927749636,2025-04-01 15:45:45.988951,2025-04-01 15:45:56.464396,0 days 00:00:10.475445,0.9777698159723868,0.8226416656141585,8,0.22628463779280542,0.0716396697886498,0.04956671780940234,0.01551972693097877,0.06782712110253489,0.010826431694820313,0.0013221426637023792,28,119,0.09140822190667128,0.02556964036126673,False,False,False,2.0202120837281346e-06,COMPLETE
626,0.40055890083312995,2025-04-01 15:45:56.676546,2025-04-01 15:46:06.903736,0 days 00:00:10.227190,0.998701217046021,0.8061661199237533,8,0.2367866428816024,0.07925410367610154,0.0472340590904491,0.014227492575353723,0.0659669565727512,0.009442307435177159,0.002064451180984747,28,57,0.09251043260925687,0.04095145883569493,False,False,False,2.146382631394625e-06,COMPLETE
627,0.3963588953018189,2025-04-01 15:46:07.109953,2025-04-01 15:46:18.470145,0 days 00:00:11.360192,0.9838657000550929,0.8341678778597126,8,0.24256361146695954,0.08773850078461683,0.050978850461135886,0.011929874552126601,0.07464994406491564,0.011380255403455835,0.0014419751449426198,27,121,0.07760094787231923,0.03414983466894893,True,False,False,3.0898827100807655e-06,COMPLETE
628,0.39941790103912356,2025-04-01 15:46:18.681911,2025-04-01 15:46:29.302841,0 days 00:00:10.620930,0.6717289387579674,0.8622974393411064,8,0.2298037599087432,0.06694987492962087,0.04935178582932267,0.01326116088875663,0.06617937505193565,0.00713567455409693,0.0018237744789382443,28,129,0.09848287388676115,0.02903610218521358,False,False,False,2.2287704465267815e-06,COMPLETE
629,0.4265599370002747,2025-04-01 15:46:29.505796,2025-04-01 15:46:39.689277,0 days 00:00:10.183481,0.8609400148084401,0.8541996421365513,8,0.24611375871066654,0.07398044116481454,0.04943150875237506,0.015120879830198832,0.06224336898044058,0.010308944141816965,0.0013545893421838583,26,124,0.08418371314227494,0.025236773232614446,False,False,False,1.59196014336802e-06,COMPLETE
630,0.41125811338424684,2025-04-01 15:46:39.901139,2025-04-01 15:46:50.222282,0 days 00:00:10.321143,0.6962868942774585,0.8272190528847438,8,0.10680362133782459,0.05872437713344533,0.07533711984819619,0.010596037706568317,0.06764241733906445,0.004419685884895226,0.0015887587081303508,27,120,0.08778478015693648,0.03823467751252368,False,False,False,2.526478714692703e-06,COMPLETE
631,0.43103893995285036,2025-04-01 15:46:50.420775,2025-04-01 15:47:00.986971,0 days 00:00:10.566196,0.8177743548525627,0.8016031951823783,8,0.23498041315268015,0.09349771040276189,0.04779695489032978,0.01623851280647273,0.07005143466865302,0.012655237548680054,0.0011713285741764361,28,123,0.08585930407943246,0.023696875198597492,False,False,False,1.2386504261536285e-06,COMPLETE
632,0.34285247325897217,2025-04-01 15:47:01.199544,2025-04-01 15:47:09.195159,0 days 00:00:07.995615,0.9043497339734514,0.8468011098285702,16,0.22502900410713786,0.08214862602350205,0.07199515374351931,0.020284779519346634,0.06738800386095088,0.0065757521398475864,0.0012870201206795916,28,119,0.09091090858564782,0.03421273311263788,False,True,False,1.8665251651726045e-06,COMPLETE
633,0.4001821994781495,2025-04-01 15:47:09.395458,2025-04-01 15:47:19.775923,0 days 00:00:10.380465,0.9663910978335087,0.8312970196875873,8,0.2593423855571955,0.06832649261874572,0.0774742111515015,0.023633968130346496,0.07086966164591611,0.00852943821537099,0.0010553645628595515,27,127,0.0949291090496804,0.028073080458791196,False,False,False,1.4464907891429777e-06,COMPLETE
634,0.41127058267593386,2025-04-01 15:47:19.988855,2025-04-01 15:47:30.606382,0 days 00:00:10.617527,0.9265263456122057,0.8104483315111043,8,0.2528033058612084,0.10355979034510983,0.04391284588487114,0.026566071499188812,0.003708338334990832,0.0033220716431175915,0.0016315545244591574,28,133,0.08236782805538814,0.04503200496145305,False,False,False,3.745009001598448e-06,COMPLETE
635,0.42123839855194095,2025-04-01 15:47:30.809947,2025-04-01 15:47:41.697837,0 days 00:00:10.887890,0.8702494920989989,0.6658502486517324,8,0.2653934606350792,0.07742508159906997,0.0743514361621046,0.013360262804130902,0.04280980634891904,0.037240589300235716,0.0013012451696552323,30,115,0.08600590226545948,0.022903164577725846,False,False,False,9.8351521198452e-07,COMPLETE
636,0.2887604355812073,2025-04-01 15:47:41.912251,2025-04-01 15:47:52.525141,0 days 00:00:10.612890,0.9475813572321534,0.8282841727363945,8,0.272599118515456,0.018522153430290005,0.04574415218180364,0.015918512107417206,0.06458680968234881,0.0011044455683307415,0.00093541546273402,29,118,0.0892405165426502,0.03201605032736012,False,False,False,2.3396505137702534e-06,COMPLETE
637,0.38422646522521975,2025-04-01 15:47:52.729809,2025-04-01 15:48:03.662891,0 days 00:00:10.933082,0.8455362238459675,0.8143846259605027,8,0.24855083478251405,0.08786918509632312,0.07002593454332448,0.009286156276122847,0.04799904981390157,0.010983022960482855,0.0011304420444051757,30,122,0.06175121506208864,0.01848746815993219,False,False,False,1.8378750209930617e-06,COMPLETE
638,0.42282010316848756,2025-04-01 15:48:03.877296,2025-04-01 15:48:14.455429,0 days 00:00:10.578133,0.9168922413757693,0.777100145787077,8,0.2578102290246972,0.09852519797843476,0.06360737727923303,0.03757423692556251,0.06768887164279844,0.007962589038652271,0.0008870728289768237,28,126,0.09256766454576261,0.010873330670289677,False,False,False,1.2789594317249834e-06,COMPLETE
639,0.4277936697006226,2025-04-01 15:48:14.663446,2025-04-01 15:48:25.036923,0 days 00:00:10.373477,0.9829686948839282,0.7050298486667879,8,0.21390230692982704,0.0827448835019017,0.07992590324320194,0.02189605001782467,0.04581643624722724,0.005921910554103318,0.0015330109399090959,27,120,0.08428929302627283,0.037977818011777895,False,False,False,7.453490314702093e-07,COMPLETE
640,0.42183972597122193,2025-04-01 15:48:25.255082,2025-04-01 15:48:35.890392,0 days 00:00:10.635310,0.8884145309472088,0.7904564437021007,8,0.26430731439260385,0.062249122096520414,0.06801521301161735,0.019175469197283697,0.06342986586380281,0.07751006314828507,0.0010256731606494787,29,110,0.0879162630764106,0.02711136150560425,False,False,False,2.7832364458262784e-06,COMPLETE
641,0.42170109748840334,2025-04-01 15:48:36.096397,2025-04-01 15:48:46.986176,0 days 00:00:10.889779,0.9607843268047116,0.6305602169183309,8,0.27176003649649577,0.0722774044685222,0.04842054600226885,0.017901375522113412,0.0385799722371289,0.027673913474063207,0.00066424062383985,30,113,0.08637850774738849,0.005810075134948484,False,False,False,1.717986924020339e-06,COMPLETE
642,0.2938603520393372,2025-04-01 15:48:47.200092,2025-04-01 15:48:56.268347,0 days 00:00:09.068255,0.9062936118294599,0.6681472914498632,8,0.22960622523916727,0.09207511629634704,0.05047373526448121,0.014984773699343801,0.06931889752863532,0.00469336895695178,0.0012623890426316899,25,130,0.0804747772456199,0.02270755704077055,False,False,True,1.0617755872877536e-06,COMPLETE
643,0.42101991176605225,2025-04-01 15:48:56.471359,2025-04-01 15:49:04.890824,0 days 00:00:08.419465,0.8302661242547833,0.6857798043827301,8,0.2509526786996083,0.07632810665395033,0.06065773467631876,0.02041256223388816,0.04090996569575384,0.012779577067007789,0.000835656524650827,16,125,0.09075799003543124,0.014717876555364277,False,False,False,2.0125241151224824e-06,COMPLETE
644,0.4212231636047364,2025-04-01 15:49:05.108244,2025-04-01 15:49:29.640330,0 days 00:00:24.532086,0.8772216404328538,0.39553323019618886,2,0.24219543866222093,0.05127550424389373,0.07673040344182633,0.012492747802270568,0.01521929377626325,0.010050438762284961,0.0010547111554728519,29,117,0.08913997486834582,0.03135727214021912,False,False,False,3.2693614549453406e-06,COMPLETE
645,0.43062140941619875,2025-04-01 15:49:29.845381,2025-04-01 15:49:40.406441,0 days 00:00:10.561060,0.9413783269571596,0.7217418640225576,8,0.2643754164455334,0.08503835556661896,0.08273083262255297,0.05185536752743211,0.0499547235079758,0.0031669302304614933,0.0006399622459454214,28,123,0.08296720214298867,0.017887761613838423,False,False,False,1.6109166947244604e-06,COMPLETE
646,0.37795560359954833,2025-04-01 15:49:40.624249,2025-04-01 15:49:52.566220,0 days 00:00:11.941971,0.8550316511738347,0.7695038722548596,8,0.2763122995544603,0.06707068999252089,0.052304722446307024,0.02307316866838492,0.044462799000529615,0.0077959305031857756,0.00046601273332527867,30,120,0.09276906802995194,0.19260919560992945,True,False,False,2.377856548747685e-06,COMPLETE
647,0.4284641265869141,2025-04-01 15:49:52.785768,2025-04-01 15:50:03.269817,0 days 00:00:10.484049,0.9815229472022599,0.7933987462831642,8,0.2561374296927597,0.06122922574050864,0.06576400334204612,0.025083284763654397,0.04815784028478187,0.005458571866476463,0.0018490670037037994,28,115,0.08736173999064543,0.07807249060381054,False,False,False,1.2953807374810802e-06,COMPLETE
648,0.43039147853851323,2025-04-01 15:50:03.475071,2025-04-01 15:50:14.318638,0 days 00:00:10.843567,0.9300408837297335,0.7009938185516507,8,0.2702615492421969,0.07968353756142875,0.0739968958570148,0.01746304386250589,0.05145553744418591,0.02449019595893414,0.0009193596903210213,29,128,0.08485666725634061,0.042922196756202735,False,False,False,8.622190392871535e-07,COMPLETE
649,0.4170491099357605,2025-04-01 15:50:14.540259,2025-04-01 15:50:25.368615,0 days 00:00:10.828356,0.8927222474908895,0.6567870609791923,8,0.2614724524004804,0.08943341597479411,0.07173343217073533,0.019806385812761153,0.010918937021136253,0.0026554716807696242,0.0013981186491019075,30,123,0.09090699402933702,0.02548174314978373,False,False,False,2.0540037096131175e-06,COMPLETE
650,0.41383385658264166,2025-04-01 15:50:25.576898,2025-04-01 15:50:36.042465,0 days 00:00:10.465567,0.9653985862475994,0.5064654834520657,8,0.2789166940604317,0.10040283669659775,0.07830766218374711,0.028455456271936803,0.0074266876294193105,0.014223202714744247,0.0007754675852336318,27,118,0.07893548790260453,0.009921429322936616,False,False,False,2.648321891171433e-06,COMPLETE
651,0.32866448760032657,2025-04-01 15:50:36.262729,2025-04-01 15:50:45.973750,0 days 00:00:09.711021,0.7122572138552761,0.8699028194849527,8,0.2687100035687128,0.12670074320782884,0.05770179402168031,0.01546580474552798,0.06090914344844042,0.0010273673937147745,0.0011473659205934537,29,121,0.09653783558940514,0.0362199473290246,False,True,False,1.4860371787515044e-06,COMPLETE
652,0.4242095828056336,2025-04-01 15:50:46.180176,2025-04-01 15:50:52.773299,0 days 00:00:06.593123,0.8011229816260174,0.5971872563418064,8,0.2542748921846324,0.07224230040373061,0.04554968298791032,0.007780274343073431,0.08117836218845746,0.010119146313777012,0.0006983585845171116,6,125,0.0892368378441371,0.020852568799428425,False,False,False,6.821764952155484e-07,COMPLETE
653,0.4212966442108155,2025-04-01 15:50:53.032347,2025-04-01 15:51:03.705510,0 days 00:00:10.673163,0.9099243602725289,0.7693197037052162,8,0.2476782079014136,0.08181450468388915,0.061563511138732055,0.02149212153874152,0.05879774439701287,0.0050577900964955515,0.0009191374547212127,29,112,0.08648538940365684,0.0310497981811537,False,False,False,1.0337270099487163e-06,COMPLETE
654,0.4005873203277588,2025-04-01 15:51:03.913249,2025-04-01 15:51:14.422549,0 days 00:00:10.509300,0.8613833897680414,0.7379704950126347,8,0.2737999331680599,0.09399574735477895,0.07498773092128896,0.01814546091422607,0.036420333965159125,0.050128224421839826,5.6804714273062585e-05,28,106,0.09413159028360316,0.012916554293812693,False,False,False,1.324067613314772e-06,COMPLETE
655,0.41203358173370364,2025-04-01 15:51:14.645324,2025-04-01 15:51:23.467343,0 days 00:00:08.822019,0.9485681546378492,0.7147857567107514,16,0.26159016412024605,0.0671985521189631,0.08037637402428488,0.013727063727976808,0.046766193645000426,0.00782643379468032,0.0005912529166428603,30,118,0.08359033444242336,0.02008214036622955,False,False,False,4.140763598204746e-06,COMPLETE
656,0.4126210451126099,2025-04-01 15:51:23.673881,2025-04-01 15:51:34.470731,0 days 00:00:10.796850,0.9988421081612712,0.817727842031093,8,0.2819646622041998,0.0747211704825107,0.05898995379067061,0.016334921736906562,0.07340624495747206,0.012403213202552978,0.0012572324250303372,29,121,0.09181326119977036,0.02625200053016238,False,False,False,1.8253837555876403e-06,COMPLETE
657,0.42224922180175783,2025-04-01 15:51:34.694332,2025-04-01 15:51:44.766589,0 days 00:00:10.072257,0.8397374009964369,0.6826857377282693,8,0.04709038754163805,0.05827891835021517,0.0859432462717815,0.019185820923677717,0.04226507338467139,0.03453935513884272,0.0008195487035956936,26,115,0.08809308199725156,0.014820069807986728,False,False,False,6.360996927720687e-06,COMPLETE
658,0.3829140305519104,2025-04-01 15:51:44.975984,2025-04-01 15:51:55.866745,0 days 00:00:10.890761,0.8820252570814439,0.3144686875369447,8,0.2665660735818312,0.08683602154237337,0.06352145358878922,0.01165901409074102,0.05314226812707757,0.006188361096935506,0.0010220398621830294,30,131,0.08529699420742953,0.2517775271425361,False,False,False,6.676887134316621e-05,COMPLETE
659,0.4119181752204895,2025-04-01 15:51:56.088540,2025-04-01 15:52:06.655943,0 days 00:00:10.567403,0.9327247530161671,0.7510804949374154,8,0.2396625730399976,0.07610223595987965,0.05536112387782125,0.0859862656055103,0.04930387369104057,0.026397820543343848,0.0014284919786017748,28,126,0.08949855589181646,0.005777720328741701,False,False,False,3.2626119888909404e-06,COMPLETE
660,0.43068385124206543,2025-04-01 15:52:06.863142,2025-04-01 15:52:17.635985,0 days 00:00:10.772843,0.8153180185147725,0.7274442356166211,8,0.27636066815600985,0.06468129236092131,0.07642018107025139,0.023149862489526253,0.0564455133920525,0.030307059673964715,0.0022489529754176796,29,123,0.08219622276692778,0.04069788667241915,False,False,False,2.282667103638281e-06,COMPLETE
661,0.3030795693397522,2025-04-01 15:52:17.859105,2025-04-01 15:52:27.307078,0 days 00:00:09.447973,0.9771489618278931,0.783420343159917,8,0.25652762482083635,0.10999580971218949,0.07063313296172652,0.01728098790325073,0.04552769375821845,0.00411919177398893,0.0007022340267345712,27,119,0.08730803643923758,0.032055361386391826,False,False,True,1.148677579325954e-06,COMPLETE
662,0.4334022641181946,2025-04-01 15:52:27.515969,2025-04-01 15:52:38.419260,0 days 00:00:10.903291,0.9028996524766822,0.7597657822580992,8,0.26926792706198205,0.08150920853632536,0.052389858406006386,0.020996376694518287,0.06868794458599481,0.008876714847652779,0.0010384525365583768,30,115,0.09102654165335579,0.048953601115814115,False,False,False,1.6922188771679618e-06,COMPLETE
663,0.4281717419624329,2025-04-01 15:52:38.642283,2025-04-01 15:52:49.268863,0 days 00:00:10.626580,0.8736488608598825,0.5677437692574376,8,0.28035580104273927,0.09625568122767872,0.0674445785334976,0.014626425115686664,0.05907164973488551,0.02304498727358452,0.0005113798541131005,28,128,0.08525571930734324,0.020847097853376514,False,False,False,8.191760822598047e-07,COMPLETE
664,0.38291208744049077,2025-04-01 15:52:49.480570,2025-04-01 15:53:00.354761,0 days 00:00:10.874191,0.9194155516182075,0.6990051758044308,8,0.2616965593952517,0.07005755927889615,0.0730355305759663,0.030799196214426026,0.05052430508372686,0.01156155282788209,0.0008550004723800196,29,118,0.00463905003553311,0.02723677946789467,False,False,False,2.658461138256356e-06,COMPLETE
665,0.3948581218719483,2025-04-01 15:53:00.581058,2025-04-01 15:53:12.438562,0 days 00:00:11.857504,0.950884286668656,0.7270088433299331,8,0.2523836122438526,0.08950632958184204,0.058110447771417176,0.024606907573059854,0.04366527927231081,0.002973626588080296,0.0012215730943211625,30,122,0.0938068290515736,0.03600275918490436,True,False,False,1.3982734143565212e-06,COMPLETE
666,0.41448432207107544,2025-04-01 15:53:12.664166,2025-04-01 15:53:32.437424,0 days 00:00:19.773258,0.21670330677087862,0.6458360886939464,2,0.21824322791281897,0.0547475926071065,0.07744857843128142,0.08081272433493711,0.05304787147322903,0.021144528439265127,0.0007130498833250188,21,125,0.0879412594383128,0.012663616164837597,False,False,False,2.0717360002926204e-06,COMPLETE
667,0.42679290771484374,2025-04-01 15:53:32.651980,2025-04-01 15:53:39.402412,0 days 00:00:06.750432,0.8490201971225384,0.6732421732398159,8,0.273761989734802,0.0841186496241251,0.04920725369956164,0.060149083765556666,0.03980229223981735,0.006597201711261099,0.00038515667390130395,7,111,0.08027928590987021,0.020389793010431784,False,False,False,6.028970180705818e-07,COMPLETE
668,0.4131065964698792,2025-04-01 15:53:39.625103,2025-04-01 15:53:50.449556,0 days 00:00:10.824453,0.9770735129751347,0.800396633299523,8,0.28345087782233663,0.04279407356447888,0.06137326018746413,0.0190454697588862,0.047310603026771814,0.014607586489982442,0.001557563546407664,29,120,0.08990477704933134,0.02761962870597407,False,False,False,1.5400831255605126e-06,COMPLETE
669,0.4137448906898499,2025-04-01 15:53:50.660433,2025-04-01 15:54:01.248746,0 days 00:00:10.588313,0.7373628032788843,0.7472747994975125,8,0.26568082527945946,0.07269081470277151,0.05348853529471715,0.016375540823280632,0.06167044133940292,0.017093160921592628,0.008318194745096348,28,135,0.08332487025704186,0.004461205105779668,False,False,False,1.0261075620454737e-06,COMPLETE
670,0.3438543438911438,2025-04-01 15:54:01.475904,2025-04-01 15:54:11.291279,0 days 00:00:09.815375,0.889693103302059,0.8403189727135116,8,0.24807177453003232,0.0777933908956436,0.08002691905344954,0.010465156237132203,0.04904920649561808,0.009983033279712616,0.0009287023676182393,30,116,0.08637656782778892,0.016282004386853875,False,True,False,2.043071472922176e-06,COMPLETE
671,0.411855173110962,2025-04-01 15:54:11.503966,2025-04-01 15:54:21.861457,0 days 00:00:10.357491,0.9601447524157302,0.7091071513476419,8,0.25877042017154955,0.062154648948209795,0.07561994494441544,0.04000231957406565,0.05544553437616407,0.004649104434914365,0.0005655350863988317,27,123,0.09234893696734763,0.054425419154275956,False,False,False,1.6140823526584814e-05,COMPLETE
