number,value,datetime_start,datetime_complete,duration,params_alpha-eval,params_alpha-train,params_batch-size,params_eps-eval,params_eps-train,params_lambda-actions-eval,params_lambda-actions-train,params_lambda-frames-eval,params_lambda-frames-train,params_learning-rate,params_n-epochs,params_n-frames,params_radius-gw,params_rho,params_std-feats,params_ub-actions,params_ub-frames,params_weight-decay,state
896,0.4053518533706665,2025-04-01 16:35:23.539839,2025-04-01 16:35:35.301388,0 days 00:00:11.761549,0.9854898875480351,0.6231512614849903,8,0.29293768153131194,0.073112986170392,0.05632670160443337,0.023661909040196702,0.05633001779724331,0.014841669024308968,0.0006159616482244045,29,119,0.0879578550290521,0.02907436255548604,True,False,False,5.124590475018729e-07,COMPLETE
897,0.3860666275024414,2025-04-01 16:35:35.602120,2025-04-01 16:35:46.548926,0 days 00:00:10.946806,0.8464407604481093,0.7579528641901534,8,0.27408158109514574,0.0882557184000009,0.0827546242778841,0.019572886280821704,0.06847076236154015,0.005391106170664464,0.0009667553788504638,30,127,0.06271632379989689,0.00688636595506515,False,False,False,2.3669005836974256e-08,COMPLETE
898,0.41809931993484495,2025-04-01 16:35:46.847768,2025-04-01 16:35:57.329906,0 days 00:00:10.482138,0.9103988379739784,0.6787411163891334,8,0.28153205833700157,0.0939343438807452,0.04830319817103952,0.03145889092487555,0.0458259475828298,0.01969699538218726,0.001196690882111233,28,121,0.09189172317195035,0.03596129859728488,False,False,False,3.6271051559100423e-07,COMPLETE
899,0.38802106380462653,2025-04-01 16:35:57.618284,2025-04-01 16:36:06.213997,0 days 00:00:08.595713,0.5277438609753835,0.7448456249959948,16,0.26225327183139097,0.06805417406694643,0.05347668981177753,0.00877575454813286,0.051472527178606405,0.007412173545084469,0.0007755436404303233,27,117,0.08486941688286076,0.021062159422023302,False,False,False,1.736228201818419e-06,COMPLETE
900,0.3831298351287842,2025-04-01 16:36:06.508183,2025-04-01 16:36:16.676692,0 days 00:00:10.168509,0.9625098836067983,0.8190745501298925,8,0.2684406004580091,0.03649431534138432,0.07058505231494905,0.014405136509377785,0.05937099538390422,0.01205501196764679,0.0015915019152635194,26,124,0.08157154378991277,0.011496878161342606,False,False,False,3.244557591449602e-06,COMPLETE
901,0.4137791991233826,2025-04-01 16:36:16.977824,2025-04-01 16:36:27.492821,0 days 00:00:10.514997,0.8826145181610235,0.6493744115491387,8,0.2554988821301296,0.09971307674517975,0.059913912294653475,0.02258601302719555,0.04418518175736347,0.009783897541487592,0.0008897624042444716,28,111,0.0888066653991146,0.028530801566037222,False,False,False,1.2480731908560531e-06,COMPLETE
902,0.3407040536403656,2025-04-01 16:36:27.793259,2025-04-01 16:36:37.660146,0 days 00:00:09.866887,0.9996060664594468,0.7239865281279513,8,0.28513124491822645,0.07855533773260052,0.0760125699086272,0.01716941042965734,0.06301068050159872,0.00277255884980978,0.0006474636794682777,30,127,0.07970329874250974,0.16883974850171102,False,True,False,2.22118810447586e-06,COMPLETE
903,0.39728745222091677,2025-04-01 16:36:37.944512,2025-04-01 16:36:48.744366,0 days 00:00:10.799854,0.9343794707456713,0.37866775024879024,8,0.27702757689492785,0.06350017252373816,0.051536550621980204,0.02493918885822709,0.033141451085337635,0.007044907871412825,0.0012764744033537019,29,133,0.090671660506653,0.016849967445281045,False,False,False,1.576952496951133e-06,COMPLETE
904,0.41210684776306156,2025-04-01 16:36:49.041399,2025-04-01 16:36:59.301243,0 days 00:00:10.259844,0.8643710704007606,0.7644621081685083,8,0.2949131859975749,0.09128031024849666,0.05515520793255023,0.01216640775977412,0.04087521454910239,0.016615125785440304,0.0010368830184883558,28,60,0.08634463274852626,0.02289184503913806,False,False,False,9.104876999773659e-07,COMPLETE
905,0.39336011409759525,2025-04-01 16:36:59.598977,2025-04-01 16:37:10.082072,0 days 00:00:10.483095,0.9695821800089267,0.6984546841915706,8,0.26649392744438627,0.08437477735559122,0.04333523663780168,0.01970001896698311,0.04919574605200758,0.004976173789880289,0.00046048490671380635,27,120,0.05858787339720014,0.005963715540415465,False,False,False,6.270137594536431e-08,COMPLETE
906,0.43864692449569703,2025-04-01 16:37:10.386249,2025-04-01 16:37:21.322810,0 days 00:00:10.936561,0.946889233173989,0.7979416540637072,8,0.27281682644760985,0.07365973668157455,0.07903929133260632,0.02750259323519445,0.05797182391842315,0.020675036976256486,0.0007626572368931938,30,115,0.08317500225111189,0.03387858524428857,False,False,False,7.067198688885131e-07,COMPLETE
907,0.40579185485839847,2025-04-01 16:37:21.611511,2025-04-01 16:37:32.511127,0 days 00:00:10.899616,0.9504638000829874,0.8516850102445924,8,0.17976510429800702,0.0728490854229356,0.07447646918701621,0.025992515909631475,0.05631401736661098,0.021220177525093826,0.0008623531035170535,30,114,0.07514605962320943,0.04058398080295304,False,False,False,6.302761931043745e-07,COMPLETE
908,0.4285777807235718,2025-04-01 16:37:32.811923,2025-04-01 16:37:43.708835,0 days 00:00:10.896912,0.9803950842711977,0.8096853828633036,8,0.25903009687889705,0.06577396616750134,0.07362214800123909,0.02191137232075562,0.058383602478719605,0.02201857964829313,0.0011203549506708138,30,123,0.08210743614616596,0.03891299648073182,False,False,False,6.730272859407047e-07,COMPLETE
909,0.4255556702613831,2025-04-01 16:37:44.010234,2025-04-01 16:37:54.970936,0 days 00:00:10.960702,0.9553259355897289,0.8238161398587192,8,0.11314953207790468,0.05786466728517983,0.0810077625356408,0.016082338186159745,0.06012709100317626,0.024336390028097718,0.0009606303572461364,30,118,0.07754453367638653,0.03548188346266894,False,False,False,5.213850527390696e-07,COMPLETE
910,0.3824140429496765,2025-04-01 16:37:55.279127,2025-04-01 16:38:06.156249,0 days 00:00:10.877122,0.9436616794242007,0.2311696173088526,8,0.2695582449378512,0.07301251036527848,0.0831700485274508,0.020626251637178263,0.061256544909941424,0.019854231453637815,0.0006847039848813361,30,108,0.07997456700302935,0.04514488164258767,False,False,False,4.522485794760254e-07,COMPLETE
911,0.4057382822036743,2025-04-01 16:38:06.448946,2025-04-01 16:38:17.380438,0 days 00:00:10.931492,0.9690339296859742,0.7935284298015772,8,0.25300678675892274,0.06785517057707229,0.07974560095795015,0.09356726560796043,0.05773218489113044,0.018156632461664608,0.0018039801362309952,30,130,0.08260253645444651,0.033351003215356445,False,False,False,7.308420219441863e-07,COMPLETE
912,0.3706804633140564,2025-04-01 16:38:17.684909,2025-04-01 16:38:39.367842,0 days 00:00:21.682933,0.12369062014373539,0.8006450940053149,2,0.012090016412307003,0.0768629939843085,0.07980994599688195,0.024406928537178987,0.058309144494731374,0.02318727971402091,0.0013369937644698564,30,100,0.08336729768625821,0.03219801517491937,False,False,True,5.700005514504889e-07,COMPLETE
913,0.4310811638832093,2025-04-01 16:38:39.668291,2025-04-01 16:38:50.606116,0 days 00:00:10.937825,0.9788757030793389,0.8284674923520268,8,0.2617153703416617,0.0710507289280316,0.07730861172210762,0.01389720162245356,0.05980420885517758,0.020694826720051823,0.000749541721545149,30,126,0.08076832771327158,0.04084896435086874,False,False,False,7.690073354750002e-07,COMPLETE
914,0.40589715242385865,2025-04-01 16:38:50.910400,2025-04-01 16:39:01.113389,0 days 00:00:10.202989,0.9462794745167864,0.7913668176916218,8,0.28863674248243176,0.06181111108851985,0.07893407045847868,0.01790246799380369,0.055517096021928905,0.01775137246557336,0.0005819653304452668,26,112,0.07855172398717788,0.02990420788784085,False,False,False,4.598245094209885e-07,COMPLETE
915,0.4280064463615418,2025-04-01 16:39:01.401830,2025-04-01 16:39:12.356914,0 days 00:00:10.955084,0.9247326725788789,0.8064657048798973,8,0.2724661310655527,0.07648745273461842,0.081780904320323,0.027626366137918735,0.05660496310870138,0.019743036389799278,0.0010857073281881982,30,122,0.08448566926146006,0.035582716550059595,False,False,False,6.03122947042964e-07,COMPLETE
916,0.4100260376930237,2025-04-01 16:39:12.661346,2025-04-01 16:39:23.082741,0 days 00:00:10.421395,0.9824878672754948,0.7822636224159972,8,0.2808227216960208,0.05479553949013885,0.07846160997361795,0.023397582348618193,0.06191728182323353,0.02657239818053001,0.0008460631353454985,27,115,0.08197686733657711,0.04660262399564695,False,False,False,2.979020990396263e-07,COMPLETE
917,0.4015926480293274,2025-04-01 16:39:23.390684,2025-04-01 16:39:35.168146,0 days 00:00:11.777462,0.5782106411360076,0.7796186330613826,8,0.2996951482383272,0.16759602574377697,0.08455830579751715,0.0052482368509740454,0.057861674913053406,0.02203095758439054,0.001523571876650359,29,119,0.08357249810164533,0.026180352363634876,True,False,False,8.378021447371011e-07,COMPLETE
918,0.4254602789878845,2025-04-01 16:39:35.476198,2025-04-01 16:39:45.499128,0 days 00:00:10.022930,0.9634457085771241,0.8321981163624887,8,0.2326117135365335,0.0646250142224342,0.07813231426013797,0.015281345951262747,0.07960487833239051,0.01746362790622818,0.0009334975741243226,25,125,0.08493731281763078,0.05993874012199142,False,False,False,1.0073297203382002e-06,COMPLETE
919,0.4171102166175843,2025-04-01 16:39:45.790517,2025-04-01 16:39:56.018264,0 days 00:00:10.227747,0.9365317347954446,0.8053774412419763,8,0.2661773224978617,0.22836373692204062,0.08101804799603506,0.01900066856200557,0.054917306329577455,0.015522720727655892,0.0005017688032731044,26,135,0.07975679162598592,0.02899821977309682,False,False,False,6.620349781000402e-07,COMPLETE
920,0.3366474747657776,2025-04-01 16:39:56.322802,2025-04-01 16:40:06.070212,0 days 00:00:09.747410,0.9595160950649255,0.7711276332266673,8,0.25764136508714097,0.07951491219959594,0.07798013268109333,0.030450230146695317,0.06350085147020533,0.01930084579319199,0.0012583704667507402,29,128,0.0978788689476786,0.037919076982197625,False,True,False,8.619847434696432e-07,COMPLETE
921,0.42021310329437256,2025-04-01 16:40:06.371602,2025-04-01 16:40:17.346155,0 days 00:00:10.974553,0.9997171061770488,0.2658009059467977,8,0.28897517090971725,0.07148629419131172,0.07617242288533609,0.011071356649428201,0.05938158796072843,0.02478406146813713,0.0007134166671307469,30,121,0.08184915668608797,0.02498097678184217,False,False,False,3.851388984593593e-07,COMPLETE
922,0.3937386989593506,2025-04-01 16:40:17.656015,2025-04-01 16:40:28.030227,0 days 00:00:10.374212,0.9236158196591144,0.7838628504444968,8,0.27442643943816275,0.04515541981430952,0.0802012937099482,0.0700152800734352,0.024918713858649567,0.029753300407052447,0.001059715816634985,27,116,0.02368907540300306,0.03169527831686964,False,False,False,3.934216985792302e-06,COMPLETE
923,0.37954535484313967,2025-04-01 16:40:28.321288,2025-04-01 16:40:39.277877,0 days 00:00:10.956589,0.9477518730306732,0.1305241222751316,8,0.2792268688602136,0.07859593175319891,0.07584741664353704,0.021653797729259735,0.06069206497631322,0.014808178845548203,0.0006218913612090487,30,123,0.0855242305883665,0.022028825219588745,False,False,False,2.7386080454635818e-06,COMPLETE
924,0.41286405324935915,2025-04-01 16:40:39.581901,2025-04-01 16:40:50.313879,0 days 00:00:10.731978,0.9816719478747996,0.7622158057113382,8,0.2485029574887983,0.06818945559119649,0.08220294622225356,0.026117238550958814,0.05697135012445795,0.021985770721466125,0.0008233803930411576,29,118,0.0835159611213931,0.042665651913334726,False,False,False,1.0633956134753582e-06,COMPLETE
925,0.4020400881767273,2025-04-01 16:40:50.622523,2025-04-01 16:41:01.256239,0 days 00:00:10.633716,0.9669040920658267,0.46119513985577043,8,0.26603378384979043,0.058904896129935755,0.0772330883583782,0.08363559450355292,0.05407021574466592,0.01691408190080142,0.0013478618864750395,28,131,0.0668963283200741,0.025557830544178598,False,False,False,5.008371275581899e-07,COMPLETE
926,0.4149567008018494,2025-04-01 16:41:01.563781,2025-04-01 16:41:10.089290,0 days 00:00:08.525509,0.9343091509494161,0.8637270938574053,16,0.28257874255454335,0.08195891962259123,0.07942027651875364,0.016742667125337236,0.0661113922284523,0.09212423597233703,0.0003721818900215365,27,111,0.08664612013809452,0.033717826227468495,False,False,False,1.1552188749075298e-07,COMPLETE
927,0.41164296865463257,2025-04-01 16:41:10.382106,2025-04-01 16:41:20.916894,0 days 00:00:10.534788,0.6629396406030732,0.6314744639344333,8,0.2613608461739626,0.11773237670382297,0.004008697716608174,0.020163087387957804,0.0551713163971682,0.027033094565381627,0.0009662205097353691,28,125,0.09361056497530004,0.02136282572854501,False,False,False,4.2889239159503624e-08,COMPLETE
928,0.4396047115325928,2025-04-01 16:41:21.220759,2025-04-01 16:41:32.134555,0 days 00:00:10.913796,0.9177974772633106,0.6117696910137973,8,0.2943546905830234,0.07333161603597071,0.0748537505493805,0.012847400551871765,0.05873701463790722,0.03229597814220938,0.0007719733826947353,30,121,0.08392681055095093,0.029577130884698568,False,False,False,7.653640227984457e-07,COMPLETE
929,0.4158126473426819,2025-04-01 16:41:32.439541,2025-04-01 16:41:43.316465,0 days 00:00:10.876924,0.9101223555756286,0.5712476993253386,8,0.29541410910963023,0.07337213490459105,0.07384844971368532,0.017482262076476365,0.05934631554111246,0.030646893228093785,0.0005391269655621721,30,114,0.07635656215881766,0.03722310140391566,False,False,False,4.0972653287925495e-07,COMPLETE
930,0.30040080547332765,2025-04-01 16:41:43.625452,2025-04-01 16:41:53.434824,0 days 00:00:09.809372,0.9039810977281111,0.5977080507295496,8,0.29099277857979877,0.06492647001041665,0.0742067768038436,0.014329722334538013,0.062237632097371064,0.03202754025542224,0.000642564491081155,30,120,0.08118472347045926,0.032715638558386696,False,False,True,5.783967551872493e-07,COMPLETE
931,0.40513033866882325,2025-04-01 16:41:53.730855,2025-04-01 16:42:04.622540,0 days 00:00:10.891685,0.8307602011611412,0.6126135645981398,8,0.2900125587780589,0.06910181822051822,0.07518783706168164,0.02312401434586392,0.057896498599584734,0.029069583779310428,0.0005464855988575007,30,117,0.03127900864328896,0.04374853692019284,False,False,False,7.498248391418502e-07,COMPLETE
932,0.4320223331451416,2025-04-01 16:42:04.930558,2025-04-01 16:42:15.816825,0 days 00:00:10.886267,0.9194785137251892,0.5948294857719757,8,0.29830482081119214,0.07412285096357843,0.07607450463295483,0.02887993592986781,0.06044162729863992,0.030462251949977995,0.0007479893802578077,30,120,0.08356358046578215,0.03831751497083839,False,False,False,3.284486758858212e-07,COMPLETE
933,0.4312442779541016,2025-04-01 16:42:16.123275,2025-04-01 16:42:26.988358,0 days 00:00:10.865083,0.8881128807421657,0.6268891549348179,8,0.2948963627174327,0.07624893929328183,0.07240711170857846,0.018933199260545118,0.057709542841935364,0.027748669048261506,0.00043633336179087125,30,115,0.08731729263179779,0.048812196861071286,False,False,False,7.399269828256737e-07,COMPLETE
934,0.3824538350105286,2025-04-01 16:42:27.298842,2025-04-01 16:42:39.291182,0 days 00:00:11.992340,0.8532100888376218,0.6262849975222026,8,0.29172861948060497,0.06104944648732819,0.07806660888474354,0.015908381952584625,0.06198830606430628,0.03268099665800673,0.0006332253926657175,30,118,0.08003458936101157,0.029877480563467743,True,False,False,5.520461044961577e-07,COMPLETE
935,0.42763025760650636,2025-04-01 16:42:39.600210,2025-04-01 16:42:50.324475,0 days 00:00:10.724265,0.7844574024595473,0.6054011216184612,8,0.2996458759256826,0.06862238395407054,0.07564664320044036,0.025338968214713018,0.056697265478875686,0.0319835398370143,0.0007970400376525873,29,122,0.08949791406704868,0.029249858845055345,False,False,False,3.1808711583707833e-06,COMPLETE
936,0.42650731801986697,2025-04-01 16:42:50.619509,2025-04-01 16:43:15.504508,0 days 00:00:24.884999,0.9115320987072651,0.5798991319004175,2,0.28621436870459155,0.054770698181742114,0.07768293353554753,0.02117776942292838,0.059221510267909956,0.03439675930760065,0.000757778086933546,30,111,0.08556330732471663,0.037579342036511545,False,False,False,2.380815257935371e-06,COMPLETE
937,0.42386988401412967,2025-04-01 16:43:15.814284,2025-04-01 16:43:26.697733,0 days 00:00:10.883449,0.8789322560448174,0.6157139603852674,8,0.29320164137506843,0.07468923532292089,0.08047582600417397,0.059213324944738355,0.014122311639133717,0.03404790207505136,0.0005695510151670671,29,117,0.0782029136346246,0.027329861808668098,False,False,False,2.363879380134665e-07,COMPLETE
938,0.4119327664375306,2025-04-01 16:43:27.013219,2025-04-01 16:43:37.849056,0 days 00:00:10.835837,0.8998710690980373,0.5456551576901123,8,0.2934732738835757,0.20740613884349424,0.0726472685481802,0.013984054783400672,0.055182656498000915,0.028658881445642395,0.0007002416909612833,30,105,0.09193679233421972,0.032683858731761856,False,False,False,1.693050662507941e-07,COMPLETE
939,0.34541566967964177,2025-04-01 16:43:38.164507,2025-04-01 16:43:47.861523,0 days 00:00:09.697016,0.9408898662756051,0.5647036239935143,8,0.29964200220073195,0.06391351623015312,0.07627751979874334,0.027574668688413892,0.06034551230305259,0.03757457746953456,0.0008476297103313248,29,121,0.08239664270280606,0.026022268893759082,False,True,False,1.9874981247559706e-06,COMPLETE
940,0.3896055579185486,2025-04-01 16:43:48.156149,2025-04-01 16:43:59.079705,0 days 00:00:10.923556,0.8087324658054976,0.5812733695227938,8,0.28730849838512323,0.080919729241336,0.07434720020004885,0.01844930327434582,0.06279026865645164,0.025863061505763,0.03358407246088567,30,114,0.08796499434250946,0.05156794897973399,False,False,False,6.942225626331761e-07,COMPLETE
941,0.42704659700393677,2025-04-01 16:43:59.389624,2025-04-01 16:44:10.179940,0 days 00:00:10.790316,0.9236858794483659,0.6488428264817112,8,0.28542224140441275,0.07291809522899825,0.07279504563542916,0.036260847634845314,0.06455042725540393,0.030431669585798526,0.0004569142207311212,29,123,0.08558844245091374,0.04164311449425141,False,False,False,1.1536670227881746e-06,COMPLETE
942,0.4201740622520447,2025-04-01 16:44:10.494041,2025-04-01 16:44:21.481262,0 days 00:00:10.987221,0.866793114957176,0.6351455424188134,8,0.2848787083220191,0.08106251217739993,0.08356063889617635,0.023300547491561473,0.057069518759305306,0.024413491000881308,0.0009009223528792278,30,120,0.0936179193177537,0.023006324498578125,False,False,False,4.654746255952577e-07,COMPLETE
943,0.4398661494255066,2025-04-01 16:44:21.794786,2025-04-01 16:44:32.608226,0 days 00:00:10.813440,0.9851946514814309,0.6017653463155704,8,0.293325493688946,0.06972766957100296,0.03505102883744035,0.012836069476961032,0.05372680764084589,0.020008422552058373,0.0006398234361928558,29,118,0.08962780585690214,0.03469207249959555,False,False,False,9.258307471240059e-07,COMPLETE
944,0.41961815357208254,2025-04-01 16:44:32.926112,2025-04-01 16:44:43.637632,0 days 00:00:10.711520,0.9846038036857383,0.644766150400243,8,0.29423946134186907,0.06219181458668878,0.036889506954363126,0.011409827723105358,0.05268856493714453,0.022729233160142095,0.0003709039597624829,29,109,0.08382808389642835,0.0464456470813565,False,False,False,1.6254201343000997e-06,COMPLETE
945,0.418212640285492,2025-04-01 16:44:43.938758,2025-04-01 16:44:52.709844,0 days 00:00:08.771086,0.9731028201259236,0.6610055789763452,16,0.2933583427086549,0.06582120061992758,0.05773012248767922,0.012651437198592973,0.054798356446398425,0.02020351824893068,0.0004906605615674785,29,113,0.08744330877265008,0.04012368533026292,False,False,False,1.2614521143606368e-06,COMPLETE
946,0.4026008367538452,2025-04-01 16:44:53.020507,2025-04-01 16:44:59.830352,0 days 00:00:06.809845,0.9925458004211208,0.5993916049623187,8,0.2954556094480355,0.05732626087863611,0.03108837156446783,0.009299761609147385,0.05359901671695051,0.018810768041586767,0.0005781461155863622,7,116,0.03469075420283479,0.03475152836451894,False,False,False,0.00035208463794053467,COMPLETE
947,0.43610996007919317,2025-04-01 16:45:00.141906,2025-04-01 16:45:10.840001,0 days 00:00:10.698095,0.9817317162307063,0.6388518673727103,8,0.2919489576340963,0.0504056256609815,0.05598770347020396,0.00919434986795832,0.0553300469997305,0.021489114107381153,0.0004917173788391137,29,118,0.08967462012727226,0.039515246926417266,False,False,False,1.0035661290067308e-06,COMPLETE
948,0.43392543792724614,2025-04-01 16:45:11.157842,2025-04-01 16:45:21.963006,0 days 00:00:10.805164,0.9947052328499778,0.6279336845557517,8,0.287993150306308,0.06988581317209762,0.026219362336491872,0.012615689578014,0.053528042382007396,0.02335497411178056,0.0006224081939810214,29,123,0.08577146746208997,0.05519417766083118,False,False,False,2.4387065715291756e-06,COMPLETE
949,0.4411604762077332,2025-04-01 16:45:22.266383,2025-04-01 16:45:32.853479,0 days 00:00:10.587096,0.9660808581453716,0.6132137162505356,8,0.2957762758866816,0.07024140672057748,0.03575149491554218,0.010981123969893692,0.05624763143753154,0.01949717553333313,0.00032936046754189626,28,126,0.0814886782865018,0.03506879284999862,False,False,False,1.794110561278955e-06,COMPLETE
950,0.3042173027992249,2025-04-01 16:45:33.168855,2025-04-01 16:45:42.805254,0 days 00:00:09.636399,0.999369082452655,0.5990163651353099,8,0.2936721867848759,0.06359234634314698,0.029457672458275786,0.008800935044368283,0.056770812837665434,0.02074984752538138,0.0002736339522118551,28,115,0.08275570161200448,0.039440646548117284,False,False,True,3.522723511945619e-06,COMPLETE
951,0.41777020692825323,2025-04-01 16:45:43.127642,2025-04-01 16:45:53.884577,0 days 00:00:10.756935,0.9661200402658634,0.6197351370420672,8,0.2985053906087676,0.06838271701819626,0.036762901760274296,0.007349753648327712,0.058724083893201065,0.025508591195207164,0.00023058027576000004,29,120,0.08688221925300771,0.048810760888986636,False,False,False,2.1985846280757444e-06,COMPLETE
