number,value,datetime_start,datetime_complete,duration,params_alpha-eval,params_alpha-train,params_batch-size,params_eps-eval,params_eps-train,params_lambda-actions-eval,params_lambda-actions-train,params_lambda-frames-eval,params_lambda-frames-train,params_learning-rate,params_n-epochs,params_n-frames,params_radius-gw,params_rho,params_std-feats,params_ub-actions,params_ub-frames,params_weight-decay,state
968,0.4014014720916748,2025-04-22 04:42:29.429368,2025-04-22 04:42:42.464513,0 days 00:00:13.035145,0.8838881154753799,0.6567921635149626,2,0.294692854587238,0.16529836651929372,0.07280476864619487,0.024414309987958634,0.0320256572612817,0.01230269581305046,0.001589799626459721,10,137,0.07737219068016192,0.2583200902381445,False,False,False,7.442529291887024e-08,COMPLETE
969,0.3939878582954407,2025-04-22 04:42:42.766752,2025-04-22 04:42:55.818466,0 days 00:00:13.051714,0.8827886199695123,0.6389401789593568,2,0.2830057661581937,0.15684604481048858,0.02645506461378412,0.021548403376058695,0.02891758604719013,0.016805467274795562,0.0019095506875401874,10,143,0.07318122787994066,0.24355525609267525,False,False,False,1.069886288470512e-07,COMPLETE
970,0.2887604355812073,2025-04-22 04:42:56.129983,2025-04-22 04:43:09.834000,0 days 00:00:13.704017,0.8713553892673926,0.6646213421968851,2,0.29537632792673923,0.005147793143331997,0.07874196082137905,0.029989207171799467,0.02333658374698312,0.010977096778331375,0.001340997126777184,11,135,0.0691473646319384,0.17751956383593315,False,False,False,2.180300544753445e-07,COMPLETE
971,0.42169470787048347,2025-04-22 04:43:10.146718,2025-04-22 04:43:24.993945,0 days 00:00:14.847227,0.9166541010741922,0.6247104175958871,2,0.2853591050337277,0.1598631879863052,0.09739015689272872,0.027967883981136837,0.03205073974276345,0.008341864178603373,0.0011678358101011714,13,147,0.08424194802221718,0.252180627289198,False,False,False,8.73564702588097e-08,COMPLETE
972,0.3821496844291687,2025-04-22 04:43:25.307351,2025-04-22 04:43:38.358881,0 days 00:00:13.051530,0.8638476292277265,0.6687805483480656,2,0.2887038941625077,0.13878383916761514,0.09022534452749092,0.025847187966580625,0.027010087140183124,0.014226135387630472,0.0015938519638706977,10,140,0.07568473181434013,0.2370184971041475,False,False,False,1.8496319515009616e-08,COMPLETE
973,0.2887604355812073,2025-04-22 04:43:38.673456,2025-04-22 04:43:51.576934,0 days 00:00:12.903478,0.8754644226828002,0.644436157836234,2,0.28146403187427443,0.14538287978302705,0.042178484854774725,0.09069633391451032,0.026069050607236972,0.015864906589054647,0.0028353573914177287,12,131,0.07109149402295167,0.24718942879226796,False,True,True,1.599787185737333e-07,COMPLETE
974,0.3872894644737244,2025-04-22 04:43:51.876613,2025-04-22 04:44:05.596722,0 days 00:00:13.720109,0.9295312254486384,0.607097794592651,2,0.29365090918229253,0.1558422276131644,0.09531500234289778,0.023340850774307073,0.036373566349514566,0.01280967059732241,0.0023098249057246045,11,145,0.07966228009276076,0.23080035534124343,False,False,False,6.678375225521052e-08,COMPLETE
975,0.40833891630172736,2025-04-22 04:44:05.910385,2025-04-22 04:44:22.775204,0 days 00:00:16.864819,0.9103502767807383,0.6860417040783012,2,0.2992672544418278,0.14714583538565007,0.09380206582907671,0.03317420784883778,0.021598045469629956,0.015386068527326265,0.0019020953263997953,16,143,0.07358744883271934,0.21136097598211026,False,False,False,1.1897905943962434e-07,COMPLETE
976,0.38742178678512573,2025-04-22 04:44:23.092145,2025-04-22 04:44:30.767210,0 days 00:00:07.675065,0.9362710664093403,0.660213297467551,8,0.15351502820242496,0.07411422673822417,0.09871660898932656,0.020871040610975587,0.029824713115568426,0.010835627649086927,0.001404847809520696,9,139,0.08222686494595764,0.20305445591981153,False,False,False,4.95615475718696e-08,COMPLETE
977,0.4030419707298279,2025-04-22 04:44:31.084261,2025-04-22 04:44:45.991132,0 days 00:00:14.906871,0.9435559424461646,0.685271103510544,2,0.27826753337777227,0.06039199323295408,0.09435027827979824,0.02912404777985656,0.057209109199998616,0.013430223178602438,0.009699767953108623,13,148,0.07716170489552458,0.2271489999708234,False,False,False,1.0248085221634341e-07,COMPLETE
978,0.37795280218124394,2025-04-22 04:44:46.307425,2025-04-22 04:45:00.552743,0 days 00:00:14.245318,0.92136449198525,0.6362045016505389,2,0.2992977280255658,0.14661004239309183,0.04143705111216485,0.02526420710675941,0.02805102022580073,0.007547739194952538,0.0011449447615279077,12,142,0.07528862633113255,0.24069550084278002,False,False,False,1.538875470166008e-07,COMPLETE
979,0.38228482007980347,2025-04-22 04:45:00.852139,2025-04-22 04:45:13.816245,0 days 00:00:12.964106,0.8045224016290441,0.6689522844496942,2,0.28840390072843775,0.1309651549484496,0.022804235792998406,0.02238886194791785,0.03135456331118956,0.003983661219753805,0.0016521036902679576,10,134,0.07174694732108745,0.2195562822023362,False,False,False,7.628179917855167e-08,COMPLETE
980,0.4501319169998169,2025-04-22 04:45:14.129437,2025-04-22 04:45:27.793926,0 days 00:00:13.664489,0.889361492182045,0.6527081430929396,2,0.2781212535304011,0.1253001848738425,0.09505592231589394,0.02714484494605242,0.0340052298804494,0.009599059059195277,0.0013632866323599812,11,146,0.07857995280543831,0.2558861829950202,False,False,False,2.0334464747402504e-07,COMPLETE
981,0.37133079767227173,2025-04-22 04:45:28.114395,2025-04-22 04:45:42.469032,0 days 00:00:14.354637,0.9532666829182983,0.6913525721025305,2,0.28446135614515844,0.15430284798555155,0.08472575899757022,0.0197308413250175,0.00889333267873256,0.01688194236963223,0.00219698461979957,12,138,0.074155174767956,0.23914927821385384,False,False,False,1.2766090815027665e-07,COMPLETE
982,0.3790003299713135,2025-04-22 04:45:42.785205,2025-04-22 04:45:56.411174,0 days 00:00:13.625969,0.9310899256109886,0.9870979444571223,2,0.2993596040526544,0.10046439303769321,0.09595660411684938,0.036303592818076554,0.026898608127243533,0.005577663969922402,0.0018282688679694588,11,150,0.06815073789562985,0.19334152585618875,False,False,False,9.29131951373023e-08,COMPLETE
983,0.4124426245689392,2025-04-22 04:45:56.729784,2025-04-22 04:46:09.714046,0 days 00:00:12.984262,0.127986143441776,0.9591262590381948,2,0.27306590206906445,0.15085260824230068,0.09560839360761275,0.024509949054333756,0.022237164763914324,0.017660786940427917,0.0028734124444624717,10,142,0.07641929874542011,0.23289819127912378,False,False,False,3.86936792092484e-07,COMPLETE
984,0.3881435990333557,2025-04-22 04:46:10.033032,2025-04-22 04:46:23.522892,0 days 00:00:13.489860,0.23719072082638848,0.6188729963622408,2,0.2928442942631841,0.2187088475856031,0.09708497632402444,0.054972415404295066,0.03482446965978898,0.015013093658870987,0.0011378968902157466,11,83,0.0811203186634913,0.24835473846076106,False,False,False,6.214624441603947e-08,COMPLETE
985,0.3830154418945313,2025-04-22 04:46:23.825880,2025-04-22 04:46:36.952703,0 days 00:00:13.126823,0.9543941193404306,0.6691153759095807,2,0.2805224077635285,0.08101700218431954,0.08316642874420699,0.03138436725595626,0.07122033231379098,0.012043254577840426,0.0015123644418536012,9,145,0.08636834219234181,0.2630232624694498,True,False,False,1.7003608033621514e-07,COMPLETE
986,0.42951076030731206,2025-04-22 04:46:37.268883,2025-04-22 04:46:51.518570,0 days 00:00:14.249687,0.9110370181336167,0.6340858738594031,2,0.28804214790687593,0.12609389097879586,0.06734567088332678,0.029027398235618344,0.02412802435808119,0.01789921185117071,0.0023797777755239654,12,140,0.07331490890416616,0.20643071675350055,False,False,False,2.441372206346329e-06,COMPLETE
987,0.37811985015869143,2025-04-22 04:46:51.835300,2025-04-22 04:46:59.234012,0 days 00:00:07.398712,0.9388644629132936,0.5939046375144139,16,0.2768945633842551,0.17243092703893415,0.09208805919781825,0.026531444238756925,0.08254195079311187,0.012621281442848173,0.001884959116007139,13,136,0.07771053182624091,0.22626776137346247,False,False,False,1.056833820434255e-07,COMPLETE
988,0.37786048650741577,2025-04-22 04:46:59.553881,2025-04-22 04:47:12.511052,0 days 00:00:12.957171,0.9594115465982099,0.9999497548886032,2,0.28561097689586346,0.08900080627187658,0.04375399848614918,0.07902982324284388,0.03660773035423619,0.015582251108105415,0.0013316402592406932,10,6,0.07199371145987624,0.24423437713749452,False,False,False,4.706625497613335e-08,COMPLETE
989,0.4336357831954956,2025-04-22 04:47:12.835745,2025-04-22 04:47:27.117010,0 days 00:00:14.281265,0.9651455297037524,0.6995305926430481,2,0.2933451926136215,0.14223821839015716,0.06105547212888964,0.023695373476413602,0.03016917600367239,0.019481973168510518,0.0016052873013003533,12,145,0.07018452863001873,0.21575777368272528,False,False,False,2.814309161457144e-07,COMPLETE
990,0.4294852614402771,2025-04-22 04:47:27.424462,2025-04-22 04:47:41.128739,0 days 00:00:13.704277,0.9283073683735079,0.652816975658381,2,0.27249004459148757,0.13402235970619478,0.02736693441419101,0.02199995232393669,0.0399735526682627,0.009024729880748093,0.0011495477745323062,11,148,0.07536292048172738,0.2338020293363964,False,False,False,8.2018724072558e-08,COMPLETE
991,0.3517838478088379,2025-04-22 04:47:41.444905,2025-04-22 04:47:53.193506,0 days 00:00:11.748601,0.9472433674345582,0.5668899730968301,2,0.2830809378822322,0.1084339937708269,0.02400475049785252,0.019228194001456426,0.01908215198244078,0.013854620092495107,0.01501851776146184,10,142,0.08026081680816656,0.2216867428982215,False,True,False,1.3004431616257612e-08,COMPLETE
992,0.29915841817855837,2025-04-22 04:47:53.513645,2025-04-22 04:48:05.802628,0 days 00:00:12.288983,0.900025585376995,0.6806422297129305,2,0.29976355568700647,0.12254730463490808,0.04006434480696611,0.027602340710915767,0.07305243056579333,0.011375717921265877,0.001960686383474142,11,139,0.07683616773654547,0.25333364027057814,False,False,True,1.2806685544515423e-07,COMPLETE
993,0.38305858373641966,2025-04-22 04:48:06.122685,2025-04-22 04:48:21.056919,0 days 00:00:14.934234,0.9699968786280165,0.7071078871234869,2,0.28995789473568223,0.09597246252814828,0.02830685030858538,0.025314524996431494,0.0813954508112739,0.017530510062029526,0.0014687821470262222,13,144,0.05886508986390482,0.23968253399995376,False,False,False,5.941069014476961e-08,COMPLETE
994,0.39005022048950194,2025-04-22 04:48:21.384541,2025-04-22 04:48:37.032456,0 days 00:00:15.647915,0.9447142008415711,0.5078386116650229,2,0.2726655085562838,0.11714362325759575,0.07556354622109422,0.030248826885442368,0.08431167748558764,0.04381375415711547,0.004028583500790127,14,148,0.0738709661554516,0.23020110742709618,False,False,False,2.1415946011430075e-08,COMPLETE
995,0.43092006444931036,2025-04-22 04:48:37.357366,2025-04-22 04:49:00.115088,0 days 00:00:22.757722,0.9714585717273593,0.9540379984071533,2,0.2996212765588318,0.10557405907198182,0.054419959987659465,0.023060853398549217,0.025091755742538187,0.01981413940126941,0.002104517655725062,25,141,0.08336282006905568,0.15214439759618487,False,False,False,5.908125592995684e-06,COMPLETE
996,0.3819824576377869,2025-04-22 04:49:00.424763,2025-04-22 04:49:08.606133,0 days 00:00:08.181370,0.8567029333933869,0.9803035530807435,8,0.2784763706113571,0.11080821048232514,0.043310973848233195,0.026251954647669,0.07426848077202813,0.03851455773612543,0.0026092564066327864,12,134,0.0788599881952543,0.2496632571353242,False,False,False,7.674706533844897e-08,COMPLETE
997,0.43810151815414433,2025-04-22 04:49:08.925723,2025-04-22 04:49:22.634288,0 days 00:00:13.708565,0.917759443534437,0.6423053087100657,2,0.2671165326311086,0.12906452396342968,0.046246357902983475,0.02136055022870826,0.0334173787592444,0.007462069169662445,0.0016469239625915844,11,144,0.0716964242578005,0.21368784115553058,False,False,False,1.4079091505280016e-07,COMPLETE
998,0.3795051574707032,2025-04-22 04:49:22.958711,2025-04-22 04:49:34.651372,0 days 00:00:11.692661,0.9813359033662193,0.5376729589179644,2,0.28953880978262536,0.11987014486760729,0.06421499518141713,0.02874069522541313,0.08072125181132805,0.015565001866970948,0.001203032046691445,8,120,0.07541489327230046,0.25843820102957665,False,False,False,2.1783824952528473e-07,COMPLETE
999,0.3767735481262207,2025-04-22 04:49:34.977459,2025-04-22 04:49:53.630103,0 days 00:00:18.652644,0.9554137065178258,0.666846960013482,2,0.2809630352024799,0.10245632362651463,0.0037126402730610283,0.031473643122633455,0.07612238526375659,0.01093629447334234,0.0033743447378937934,19,137,0.06842032703863604,0.24284024629859172,False,False,False,1.0532712711906113e-07,COMPLETE
1000,0.37486895322799685,2025-04-22 04:49:53.953681,2025-04-22 04:50:06.386503,0 days 00:00:12.432822,0.8811560176406884,0.6898473616842579,2,0.2933781496668379,0.27579565042845267,0.041705666094448576,0.024501861099328292,0.08251534785140072,0.017439654545189923,0.0013691694480604563,9,126,0.07343284327049149,0.22578835044872622,False,False,False,9.555563135507113e-08,COMPLETE
1001,0.4259601354598999,2025-04-22 04:50:06.713702,2025-04-22 04:50:21.048472,0 days 00:00:14.334770,0.6266093221797822,0.618443068637392,2,0.2652409579220046,0.11412252968448656,0.07024168190299297,0.0335238264405255,0.02723878475567228,0.013892279054841269,0.0018005461258038744,12,150,0.07684541372383663,0.2688741395772173,False,False,False,6.540607058708753e-08,COMPLETE
1002,0.4336657047271729,2025-04-22 04:50:21.357912,2025-04-22 04:50:34.335879,0 days 00:00:12.977967,0.9311865561612189,0.9293691565067355,2,0.2762953629349421,0.13566908311978854,0.018482999563251015,0.018822628506988206,0.03023620481426567,0.031236831541070396,0.0023134825966650927,10,146,0.0704781533668929,0.23538979903848395,False,False,False,1.953930869645323e-05,COMPLETE
1003,0.3871183276176453,2025-04-22 04:50:34.657306,2025-04-22 04:50:51.782355,0 days 00:00:17.125049,0.970229047242368,0.7135152476882665,2,0.2702064114455363,0.09499256224982996,0.025751124911354083,0.027274478971663265,0.08389985141952228,0.019775331956062348,0.001095816323725038,15,140,0.07994109945419935,0.19945343864532586,True,False,False,1.6165226124114135e-07,COMPLETE
1004,0.4428348779678345,2025-04-22 04:50:52.109771,2025-04-22 04:51:07.008978,0 days 00:00:14.899207,0.98027715175282,0.6527672285733912,2,0.28697968501915244,0.1240443067258158,0.05549694829147059,0.0229762054268096,0.07973341591601633,0.03539238590780306,0.0015269692954205394,13,142,0.07504803738112499,0.2205318375456782,False,False,False,1.1421128733864449e-07,COMPLETE
1005,0.4320364236831665,2025-04-22 04:51:07.335254,2025-04-22 04:51:21.083398,0 days 00:00:13.748144,0.9049151364697435,0.9657992258177116,2,0.2929584379803653,0.1111449084123125,0.04478633453166493,0.020613183037131264,0.0719798491359405,0.009118236552212328,0.0018595209235950968,11,131,0.07830462919101534,0.24736076751826985,False,False,False,4.542807531955498e-08,COMPLETE
1006,0.4122590780258179,2025-04-22 04:51:21.412044,2025-04-22 04:51:35.721764,0 days 00:00:14.309720,0.6547811435689316,0.6732666192848171,2,0.2846421360836558,0.1174232164517398,0.052618903454843304,0.025444619056328426,0.06023615396056006,0.021617645236804005,0.00130954821764576,12,146,0.08800536556050981,0.20870561982722027,False,False,False,7.448980293071012e-08,COMPLETE
1007,0.3901584625244141,2025-04-22 04:51:36.049129,2025-04-22 04:51:43.190950,0 days 00:00:07.141821,0.9461551758843864,0.6974743609142072,16,0.27441033000712073,0.10173353107066756,0.04679685829117281,0.028223089989236654,0.07537839754744995,0.005511939839653905,0.0021376623489373974,10,138,0.0728971638969345,0.2377451335226119,False,False,False,0.00010998836571655875,COMPLETE
1008,0.3825392484664917,2025-04-22 04:51:43.500882,2025-04-22 04:51:57.353098,0 days 00:00:13.852216,0.9582157505455965,0.6374078446593872,2,0.26439768895302396,0.1271977175343856,0.029998531383104664,0.024064560816269613,0.08506117822609506,0.015714579236824178,0.0016391219899650452,11,143,0.06623782927874909,0.2320725393156559,False,False,False,1.881444782288865e-07,COMPLETE
1009,0.4241462111473084,2025-04-22 04:51:57.676592,2025-04-22 04:52:10.176962,0 days 00:00:12.500370,0.9243890728770243,0.9833696847424465,2,0.24110724388322657,0.15226396089151228,0.042419118334980105,0.030471089388811518,0.03209328671834654,0.013286872906606888,0.002757861451783014,9,147,0.07616383642737647,0.22771204943679965,False,False,False,1.0174532206166256e-05,COMPLETE
1010,0.3302226841449738,2025-04-22 04:52:10.505196,2025-04-22 04:52:23.791515,0 days 00:00:13.286319,0.5126012037099069,0.6815495476868889,2,0.2815022899810691,0.10734155160887741,0.09774079637726432,0.01726294157828839,0.08150413652475814,0.018679964302149587,0.0010692762773290227,13,140,0.07015445881127039,0.24259261311285613,False,True,False,1.2713301330783194e-07,COMPLETE
1011,0.2938666880130768,2025-04-22 04:52:24.121864,2025-04-22 04:52:36.348006,0 days 00:00:12.226142,0.977585810116912,0.7149106000725783,2,0.2499211216517296,0.08947016172562602,0.05054372053451481,0.026320320044282475,0.038916305118626836,0.011260468796084494,0.001478967692650397,11,144,0.028960237795035745,0.2545285396995739,False,False,True,8.406960007768323e-08,COMPLETE
1012,0.44284851551055915,2025-04-22 04:52:36.675294,2025-04-22 04:52:49.722495,0 days 00:00:13.047201,0.943562669598175,0.6591534557008678,2,0.23237471863926293,0.12078086874540982,0.059107122417534574,0.022025369578973022,0.07798597704238602,0.01713406011246074,0.0012644648141630244,10,135,0.07417411373493261,0.21634484171596435,False,False,False,5.74446431481298e-08,COMPLETE
1013,0.4474007487297058,2025-04-22 04:52:50.053888,2025-04-22 04:53:04.380675,0 days 00:00:14.326787,0.9834761191751915,0.597432957315405,2,0.29339204098167987,0.11332399704163645,0.029361387677719664,0.04490271258891814,0.08595732517888313,0.022118048042893905,0.0018910426020471367,12,150,0.07790135402518457,0.22459897851919378,False,False,False,1.423004853588136e-07,COMPLETE
1014,0.43302823305130006,2025-04-22 04:53:04.696713,2025-04-22 04:53:18.376539,0 days 00:00:13.679826,0.9562094021293599,0.9396876732899025,2,0.2997408226406535,0.06677233489534697,0.04049907482584198,0.029028005534159053,0.04317176834566252,0.020093814691794998,0.002441715893838198,11,142,0.0815232396154887,0.23660139408651296,False,False,False,9.560380648830065e-08,COMPLETE
1015,0.37431370019912724,2025-04-22 04:53:18.701359,2025-04-22 04:53:31.786010,0 days 00:00:13.084651,0.9179632736338031,0.6235209300176929,2,0.2736762751870576,0.29119818058833735,0.05381112485616368,0.020184425828501783,0.05512029166435302,0.014524338283455517,0.0010833363515405105,10,137,0.07173227851443886,0.26185943354245783,False,False,False,2.6023004908896394e-08,COMPLETE
1016,0.44082417488098147,2025-04-22 04:53:32.114120,2025-04-22 04:53:45.714830,0 days 00:00:13.600710,0.9651352250006578,0.6969210722605094,2,0.25551508426366515,0.09875799623518018,0.04551337875228025,0.025231428227707214,0.02846866565684033,0.01189908352848935,0.0016468732323861055,11,145,0.07454277592587524,0.19025228036502245,False,False,False,5.099275944284716e-07,COMPLETE
1017,0.37631485462188724,2025-04-22 04:53:46.043265,2025-04-22 04:54:00.504254,0 days 00:00:14.460989,0.9860383746545273,0.4502982613532343,2,0.2872995696643042,0.13425989778869712,0.049440115148712376,0.023133952294932012,0.035809518245317126,0.016802895901861653,0.0013296165072875002,12,147,0.07702604246981229,0.24734258233349207,False,False,False,2.5295056820067756e-07,COMPLETE
1018,0.44309335947036743,2025-04-22 04:54:00.836183,2025-04-22 04:54:13.302769,0 days 00:00:12.466586,0.9347347786445541,0.670917081624657,2,0.26799195066477144,0.13997077199608793,0.07890774559287135,0.026845074833172573,0.08310261140838693,0.018826657592645724,0.002096496244910873,9,138,0.0726870645046404,0.20582739623365165,False,False,False,4.489919939692235e-08,COMPLETE
1019,0.43275908231735233,2025-04-22 04:54:13.634020,2025-04-22 04:54:27.877552,0 days 00:00:14.243532,0.8954543835626901,0.9714755075369177,2,0.2608815444343954,0.10877905106692778,0.02067437173717146,0.03223299976444142,0.0803759822774371,0.007375984366722779,0.001694586129037645,12,142,0.07951839847623288,0.23051885360957278,False,False,False,1.6331175385430574e-07,COMPLETE
1020,0.38208903074264533,2025-04-22 04:54:28.188298,2025-04-22 04:54:42.974725,0 days 00:00:14.786427,0.9996599370492978,0.10799872347332506,2,0.27896263482488376,0.117335445621576,0.056711414412092064,0.02839660195671112,0.0765541676174325,0.010160028101199346,0.0010568168546627984,13,140,0.08296607069677651,0.17090819509418204,False,False,False,1.1127234054218118e-07,COMPLETE
1021,0.37156219482421876,2025-04-22 04:54:43.310268,2025-04-22 04:54:51.885686,0 days 00:00:08.575418,0.9629845720030217,0.7211487359634682,8,0.28909389966933796,0.0820549639188862,0.02470846101749567,0.024212982710318763,0.06998195356485869,0.012925619036992134,0.0013877769041672396,14,133,0.0753533810928815,0.2217148102368989,False,False,False,7.191715612922347e-08,COMPLETE
1022,0.3821333408355713,2025-04-22 04:54:52.213253,2025-04-22 04:55:05.923369,0 days 00:00:13.710116,0.9415187898620011,0.6542671826387387,2,0.2951108848978826,0.1267035232911069,0.08205716557702536,0.02168389837455178,0.07390128815855561,0.07367358496331405,0.0021087536617161898,10,144,0.07119355923463082,0.23971839114192564,True,False,False,9.766576485997197e-08,COMPLETE
1023,0.39236984252929685,2025-04-22 04:55:06.252700,2025-04-22 04:55:20.540208,0 days 00:00:14.287508,0.9813117891386268,0.6388413732792803,2,0.28218224251334884,0.10412892028529658,0.06245548826298161,0.018510200919154493,0.08641376742883308,0.020762535431173523,4.0215408489682476e-05,12,148,0.0548758221537847,0.2786838428973053,False,False,False,5.8948303894922986e-08,COMPLETE
1024,0.39174343347549445,2025-04-22 04:55:20.870065,2025-04-22 04:55:34.583888,0 days 00:00:13.713823,0.9236150228071008,0.6886991765630153,2,0.26855996622864003,0.1140509305852178,0.0437553022061993,0.02984286393023326,0.0783874771861372,0.016335285282028874,0.006319245712822804,11,145,0.08542454637730082,0.21315780076301952,False,False,False,1.3554483419986986e-07,COMPLETE
