number,value,datetime_start,datetime_complete,duration,params_alpha-eval,params_alpha-train,params_batch-size,params_eps-eval,params_eps-train,params_lambda-actions-eval,params_lambda-actions-train,params_lambda-frames-eval,params_lambda-frames-train,params_learning-rate,params_n-epochs,params_n-frames,params_radius-gw,params_rho,params_std-feats,params_ub-actions,params_ub-frames,params_weight-decay,state
840,0.4132380604743958,2025-04-01 16:24:50.194542,2025-04-01 16:25:00.914930,0 days 00:00:10.720388,0.8757571542394658,0.5884874986701929,8,0.2779550586919775,0.14830468829717752,0.044000974509398445,0.01991721600971155,0.05306689293196441,0.006447280366667779,0.0011010457437867214,29,113,0.08274355450235066,0.09229143364219564,False,False,False,2.3860472124335956e-06,COMPLETE
841,0.4209876775741577,2025-04-01 16:25:01.197054,2025-04-01 16:25:09.773100,0 days 00:00:08.576046,0.9014274750290284,0.6907939577577392,8,0.29051905502377534,0.104243384108206,0.0668880259722286,0.017307995627601942,0.043233833521533656,0.01575548387534326,0.0009707274155223372,17,126,0.09425075707920347,0.03338855382096771,False,False,False,0.0002681109299867984,COMPLETE
842,0.3967087388038636,2025-04-01 16:25:10.053365,2025-04-01 16:25:20.841346,0 days 00:00:10.787981,0.9779570896061968,0.7670504776677044,8,0.2605347036701243,0.0841988661744747,0.052157542605296106,0.028530644072849932,0.05493534847600568,0.01807032990468658,0.0007120231920991575,30,93,0.08516332714351667,0.022438925097342646,False,False,False,6.115741255850902e-07,COMPLETE
843,0.43499354124069217,2025-04-01 16:25:21.105000,2025-04-01 16:25:31.711478,0 days 00:00:10.606478,0.9389741918532742,0.7335114590229178,8,0.2861437418339827,0.12076191224335855,0.047577713565949885,0.024130616393026737,0.04549922714618479,0.009394391548637034,0.000518635823830872,28,122,0.08757279896166234,0.007142620665000522,False,False,False,1.0302591360406581e-06,COMPLETE
844,0.3305905401706696,2025-04-01 16:25:31.996848,2025-04-01 16:25:41.389037,0 days 00:00:09.392189,0.9601234854701352,0.79221425236702,8,0.269721641440378,0.07026413996919202,0.08440445184353437,0.03234024043170113,0.06307267698182382,0.07295084362261388,0.0015789649446028746,27,116,0.09204434060284702,0.18105749061280682,False,True,False,1.7635200785879003e-06,COMPLETE
845,0.4159087538719178,2025-04-01 16:25:41.670340,2025-04-01 16:25:52.529679,0 days 00:00:10.859339,0.9148967759042349,0.6737717961984677,8,0.27794792891747044,0.07750942569397254,0.07018709449655981,0.014359542075432722,0.0571927099383395,0.004711572418972628,0.0008585570796726824,29,142,0.08124833117053014,0.0298546768194224,False,False,False,3.373210110664957e-06,COMPLETE
846,0.40845344066619876,2025-04-01 16:25:52.795385,2025-04-01 16:26:03.387685,0 days 00:00:10.592300,0.888726680391156,0.7524442215901126,8,0.2572389352437548,0.09257434712482324,0.07388866747175342,0.0632005313897695,0.05038330961885631,0.02545324956340221,0.0011604272232599486,28,132,0.09647140408358648,0.017223492274633483,False,False,False,1.3196908382959625e-06,COMPLETE
847,0.4052273750305176,2025-04-01 16:26:03.675539,2025-04-01 16:26:28.920640,0 days 00:00:25.245101,0.8535868813254578,0.6997578679790457,2,0.2680174956454787,0.05192891570094625,0.0577670154870284,0.02168428637817708,0.03815858223266267,0.02056566356610906,0.0006836405343915579,30,120,0.08465712679947779,0.024666885717368355,False,False,False,8.01700797991731e-07,COMPLETE
848,0.4196887612342835,2025-04-01 16:26:29.205819,2025-04-01 16:26:37.574409,0 days 00:00:08.368590,0.9287132728305095,0.8158862734090547,8,0.2850103064876472,0.0627813313613877,0.05084308551695148,0.019102476549442277,0.04845410910109251,0.014148955755443098,0.0009492879794406061,16,125,0.08946714900752076,0.01574254289213477,False,False,False,2.6372194711338765e-06,COMPLETE
849,0.41108323335647584,2025-04-01 16:26:37.841306,2025-04-01 16:26:48.549684,0 days 00:00:10.708378,0.974865902771089,0.7193395500232761,8,0.29480810308045885,0.08762125996988285,0.04937505941460842,0.016470219363039145,0.04137325293594376,0.08061294496111948,0.0012921474615043079,29,128,0.0868906860040863,0.006451679584845793,False,False,False,1.907369331638379e-06,COMPLETE
850,0.42826893329620364,2025-04-01 16:26:48.833996,2025-04-01 16:26:59.338913,0 days 00:00:10.504917,0.9503012714557536,0.6235171135047785,8,0.2724480720727038,0.12931573278639047,0.04631414510141881,0.026440924349820462,0.05958405612230842,0.00760304286085893,0.0005964815701029933,28,118,0.08367645741891164,0.06948115783549111,False,False,False,1.129885669841883e-06,COMPLETE
851,0.41824964284896854,2025-04-01 16:26:59.622115,2025-04-01 16:27:09.748047,0 days 00:00:10.125932,0.6502747276715711,0.6509753265435677,8,0.27947359310730946,0.09557880921153716,0.07262584598329534,0.030839894255529045,0.0558873427524364,0.002559669592586156,0.0007913575329101659,26,112,0.08946107015780128,0.12575624198892915,False,False,False,1.546524010293591e-06,COMPLETE
852,0.39926451444625854,2025-04-01 16:27:10.017370,2025-04-01 16:27:21.018679,0 days 00:00:11.001309,0.9987323021112612,0.7442340129435832,8,0.2634974961954353,0.07867717940694496,0.05326414429077913,0.023554049263845703,0.0691764091566751,0.011918859460104958,0.0009863114092293766,30,137,0.09276946120661075,0.020017547751739837,False,False,False,5.127308164147692e-07,COMPLETE
853,0.38975830078125007,2025-04-01 16:27:21.303937,2025-04-01 16:27:32.087525,0 days 00:00:10.783588,0.8705310036123765,0.5651754474942382,8,0.29105926619264677,0.1084566322141283,0.055536679280877896,0.012140168045972937,0.05138532782639481,0.017526646609947315,3.2794500548175945e-05,29,124,0.07649372944007934,0.03508657910577405,False,False,False,7.329908735505855e-07,COMPLETE
854,0.2950727939605713,2025-04-01 16:27:32.373224,2025-04-01 16:27:41.765087,0 days 00:00:09.391863,0.9996151027984193,0.7775279592991515,8,0.27496228724604393,0.06960445390032007,0.0751470515515398,0.020935426814520177,0.06489076393300974,0.03244540476792955,0.0004230949174308316,27,116,0.08036627880480632,0.026200858244170656,False,False,True,2.138155734070917e-06,COMPLETE
855,0.4255860209465027,2025-04-01 16:27:42.047398,2025-04-01 16:27:52.538531,0 days 00:00:10.491133,0.9084040800856313,0.6703218637540563,8,0.282895405065302,0.08428282478967293,0.0647732479290921,0.01615618490408003,0.006922763857705467,0.0058421812449982215,0.0015235310978073912,28,122,0.08649197843257371,0.011589100524778122,False,False,False,1.0427220176907847e-06,COMPLETE
856,0.4135770678520203,2025-04-01 16:27:52.807917,2025-04-01 16:28:03.748567,0 days 00:00:10.940650,0.6872738797783349,0.7209266860487571,8,0.2676798271810895,0.09678955690641977,0.05653089569516464,0.017971936528084983,0.0533334462272825,0.03506583906915604,0.0011187697175509513,30,130,0.09105210140980197,0.020314818102595954,False,False,False,1.5057840798223068e-06,COMPLETE
857,0.4307126641273499,2025-04-01 16:28:04.033316,2025-04-01 16:28:14.071000,0 days 00:00:10.037684,0.9388704096498418,0.7588115338900326,8,0.2547819064902596,0.10118709211523583,0.09161510090029401,0.028031442962909093,0.0463900827517735,0.02268304960240127,0.0007403395572103175,25,119,0.08821338747934632,0.028083610251711678,False,False,False,2.6858262382898605e-06,COMPLETE
858,0.37274847030639646,2025-04-01 16:28:14.354095,2025-04-01 16:28:23.317728,0 days 00:00:08.963633,0.8887802662773545,0.6865262250892976,16,0.2871220357856937,0.07587232357250423,0.05052148453231159,0.025258552513352125,0.0433328795997281,0.010338804674895771,0.0005290160554930609,29,71,0.08323228813152778,0.08409993377783728,True,False,False,4.0961332316702744e-07,COMPLETE
859,0.4346093654632569,2025-04-01 16:28:23.589338,2025-04-01 16:28:33.877730,0 days 00:00:10.288392,0.974216583014716,0.7077305976657409,8,0.25928959340782737,0.09024774586466972,0.0684151826728658,0.013723798002616206,0.03554543405643212,0.02792461703298349,0.0008698681631937141,26,127,0.08519331602388072,0.01241443952148693,False,False,False,1.8353879709402356e-06,COMPLETE
860,0.41752562522888187,2025-04-01 16:28:34.160874,2025-04-01 16:28:44.442962,0 days 00:00:10.282088,0.8381394916388839,0.7330643481270086,8,0.2927052874169783,0.05731618759303964,0.054090675207530234,0.019656059022442204,0.039402998632092706,0.014381665229819159,0.0006721101613446072,27,110,0.08851893978219295,0.038632894514929406,False,False,False,1.2756252104147703e-06,COMPLETE
861,0.41781680583953856,2025-04-01 16:28:44.732078,2025-04-01 16:28:55.659116,0 days 00:00:10.927038,0.9612479306226851,0.600556359064106,8,0.2762218741794384,0.06548065913344787,0.04681462116809729,0.02269860245706074,0.06155443717153787,0.004053818341616563,0.0013917850401094424,30,115,0.09047734186698658,0.0057141893751493,False,False,False,3.7906442354708455e-06,COMPLETE
862,0.3417832672595978,2025-04-01 16:28:55.932349,2025-04-01 16:29:05.638736,0 days 00:00:09.706387,0.9234613300428094,0.798402731351155,8,0.29952213482204454,0.11663349335367973,0.07169345149945013,0.010519116471144325,0.057166576988473175,0.016733304566952878,1.3927934536730773e-05,29,122,0.08193802214107586,0.018075834338481048,False,True,False,9.476067144112709e-07,COMPLETE
863,0.4199047803878785,2025-04-01 16:29:05.924577,2025-04-01 16:29:16.495094,0 days 00:00:10.570517,0.9106077979838043,0.7678438546027223,8,0.26628287117289423,0.0729965725122059,0.08623623486572095,0.029466749628088013,0.04823907174520772,0.01984548760592539,0.0011007349771570937,28,125,0.09533150871177902,0.031951341200455605,False,False,False,2.1552912083978397e-06,COMPLETE
864,0.40832124948501586,2025-04-01 16:29:16.784066,2025-04-01 16:29:27.510464,0 days 00:00:10.726398,0.8717501329785329,0.6320793155185146,8,0.2818317409002131,0.18299962287452778,0.05193009036874623,0.025507068198151975,0.05409434090968511,0.006640476947223171,0.0003351954856330678,29,119,0.08627529933543632,0.025060135989966842,False,False,False,1.642791294793543e-06,COMPLETE
865,0.43281081914901737,2025-04-01 16:29:27.796816,2025-04-01 16:29:38.409251,0 days 00:00:10.612435,0.6227637241005631,0.5345512973528599,8,0.2719561502753654,0.08209430118652718,0.0818601790788193,0.0893246698288897,0.044744620653394435,0.040298873514318365,0.0009052747450938141,28,133,0.07884338951690521,0.014936684292811886,False,False,False,6.134366315316159e-07,COMPLETE
866,0.4150887489318848,2025-04-01 16:29:38.684743,2025-04-01 16:29:49.610789,0 days 00:00:10.926046,0.9815116969357494,0.7517283831274776,8,0.25272250892446724,0.09074370815030025,0.04889286266571248,0.01584898062374496,0.04149653295787809,0.003515686667004841,0.0005867993165823966,30,122,0.09306085122785103,0.02282584643621964,False,False,False,2.8494038768035275e-06,COMPLETE
867,0.40320911407470705,2025-04-01 16:29:49.897657,2025-04-01 16:30:00.298862,0 days 00:00:10.401205,0.9422093263874013,0.6614776606888552,8,0.28740147576204655,0.1411818011707559,0.05846770367997707,0.020993256792250517,0.051915001917024445,0.00920777455437765,0.0023027729836858357,27,113,0.08800605409218232,0.00846240673376654,False,False,False,1.2517398199223036e-06,COMPLETE
868,0.39833574295043944,2025-04-01 16:30:00.592040,2025-04-01 16:30:25.097271,0 days 00:00:24.505231,0.9605393476694404,0.70638044310478,2,0.26212652065991193,0.10353440548076313,0.04321283421688146,0.01776375521112683,0.060560061934463644,0.01251242607878228,0.0017674466995836365,29,128,0.08451775676395706,0.035118683041103264,False,False,False,5.655201454785159e-06,COMPLETE
869,0.43568584918975833,2025-04-01 16:30:25.369403,2025-04-01 16:30:35.993633,0 days 00:00:10.624230,0.9292010516058369,0.8263132998269975,8,0.2935835379150504,0.08274515897502871,0.062174727728353904,0.02326048372445244,0.06663096979873256,0.02424649745904428,0.0007571465484794682,28,117,0.09027187886654302,0.13681939266283122,False,False,False,7.782833012911508e-07,COMPLETE
870,0.43472722768783567,2025-04-01 16:30:36.279032,2025-04-01 16:30:47.237690,0 days 00:00:10.958658,0.810906915260721,0.7880083656664255,8,0.27971735341203696,0.07174546550924311,0.07603775931307587,0.014467965344984422,0.05874697948549231,0.02113465336566359,0.0012752038205896127,30,120,0.08654253541376701,0.028876872525160652,False,False,False,2.936465619739112e-07,COMPLETE
871,0.41327478885650637,2025-04-01 16:30:47.526918,2025-04-01 16:30:57.874697,0 days 00:00:10.347779,0.8992102318964149,0.731340468031595,8,0.274799982934801,0.09739518733896269,0.06644460013481661,0.02757673874326425,0.055520980723444524,0.001143324762815875,0.0010653381089825674,27,125,0.09194734249447661,0.016452220752564344,False,False,False,1.508435906297096e-06,COMPLETE
872,0.397769844532013,2025-04-01 16:30:58.168125,2025-04-01 16:31:08.264835,0 days 00:00:10.096710,0.8372710154251535,0.7447828621797445,8,0.2673439316885698,0.07903343046961187,0.05343136079166258,0.007222955846285388,0.049112143448488466,0.030263588740914234,0.0008503848398765458,26,115,0.05091311593731421,0.021900713384004133,False,False,False,2.3603844848857817e-06,COMPLETE
873,0.2898015856742859,2025-04-01 16:31:08.541692,2025-04-01 16:31:18.060857,0 days 00:00:09.519165,0.8585863140338257,0.07940725624949146,8,0.28557157129756244,0.08704360370876787,0.04020407645658418,0.03187331910417441,0.0010352646840731828,0.015930126839863286,0.0006475374267546289,28,123,0.08255909646053917,0.011670436299807945,False,False,True,9.933216261459988e-07,COMPLETE
874,0.40425037145614623,2025-04-01 16:31:18.349605,2025-04-01 16:31:29.303521,0 days 00:00:10.953916,0.9801673792403026,0.878650150605925,8,0.29999666575382905,0.1124473573544507,0.05018080415889993,0.019526666360026885,0.06292961601312941,0.018251981883436547,0.0009156239673571849,29,145,0.08890022878676651,0.0038613617827371396,False,False,False,1.9101114576881504e-06,COMPLETE
875,0.416958749294281,2025-04-01 16:31:29.596887,2025-04-01 16:31:40.134573,0 days 00:00:10.537686,0.9576412136148141,0.6879384920725262,8,0.2584873056168358,0.05930572641537432,0.06988143601865565,0.012770575434384587,0.046644543988424284,0.00775960745322778,0.0005347338763248851,27,130,0.08481012994506598,0.2139886455750009,False,False,False,9.008420883617018e-06,COMPLETE
876,0.4256599903106689,2025-04-01 16:31:40.429196,2025-04-01 16:31:51.163439,0 days 00:00:10.734243,0.8856219732777816,0.7708283622034959,8,0.2729409111300508,0.06761429595141664,0.056118795842646986,0.025199848023935413,0.04298210157536209,0.005278166567628181,0.00047385883882856777,29,119,0.0805493857049742,0.030471441842006248,False,False,False,1.272743421120068e-06,COMPLETE
877,0.371308445930481,2025-04-01 16:31:51.442961,2025-04-01 16:32:03.185724,0 days 00:00:11.742763,0.9364026895001221,0.6402329456021701,8,0.2819909848528178,0.09283269436815478,0.0736712181651459,0.016922677942157193,0.05077793588002226,0.014178160145865235,0.0007438989857799183,30,109,0.04036953825160991,0.019420149894001697,True,False,False,3.386742595229872e-06,COMPLETE
878,0.3749387741088867,2025-04-01 16:32:03.475052,2025-04-01 16:32:12.248434,0 days 00:00:08.773382,0.9113544405117612,0.71880457166262,16,0.26412889998325345,0.07600026415603807,0.0774673626580087,0.021383359679780674,0.04085605985837707,0.0031924199590509647,0.015046552411109736,28,125,0.08726728667047282,0.03788299072884828,False,False,False,6.079214392782256e-07,COMPLETE
879,0.4108238577842712,2025-04-01 16:32:12.544283,2025-04-01 16:32:21.670775,0 days 00:00:09.126492,0.9820722661040735,0.6116713028881412,8,0.2901825476537021,0.10562209012044048,0.047829638223038165,0.03938346011211888,0.05726816847206731,0.018561776173288597,0.0012434679924994564,20,121,0.09404014042796081,0.02486904969094994,False,False,False,1.9664653129712766e-07,COMPLETE
880,0.40527656078338625,2025-04-01 16:32:21.948675,2025-04-01 16:32:31.725868,0 days 00:00:09.777193,0.9551279757262396,0.678001538241013,8,0.2489932022199918,0.04874906943701036,0.052029035917908494,0.018535972855300564,0.08380664409734166,0.06674551605364157,0.0010609510136876696,23,135,0.0901619427946036,0.001488340591467456,False,False,False,1.64967197264528e-06,COMPLETE
881,0.3355586647987366,2025-04-01 16:32:32.014441,2025-04-01 16:32:41.872298,0 days 00:00:09.857857,0.8522533648078027,0.7399219363090964,8,0.27730420242061365,0.08285993157792675,0.046289703306277304,0.027078314517547664,0.036610096793083614,0.009309787491324533,0.0015229784165045088,30,117,0.08305433103857404,0.01543174427819257,False,True,False,1.0565723027207936e-06,COMPLETE
882,0.38266969919204713,2025-04-01 16:32:42.167868,2025-04-01 16:32:52.956306,0 days 00:00:10.788438,0.8771673918471043,0.7010060877474713,8,0.26996428819514534,0.06570567350391157,0.054684038549822477,0.023139429582906802,0.04468849735202802,0.00584064633193587,0.0006692504834306387,29,127,0.04445811945642042,0.012411781362239284,False,False,False,8.632351890830279e-07,COMPLETE
883,0.42462002038955693,2025-04-01 16:32:53.253307,2025-04-01 16:33:03.358607,0 days 00:00:10.105300,0.8979061526927598,0.8076919606998075,8,0.13131384561039616,0.12443187879740142,0.0605487410697713,0.015229557384183818,0.053187546949709646,0.01085459100811552,0.0008414589705228206,26,114,0.0859639537009363,0.023084751720878535,False,False,False,2.5408291192416722e-06,COMPLETE
884,0.4114688038825989,2025-04-01 16:33:03.637075,2025-04-01 16:33:10.632442,0 days 00:00:06.995367,0.9203594717273723,0.7700667458700994,8,0.2942295411921447,0.13449759493852026,0.07200461167994163,0.029641592585760605,0.05489845609495336,0.0010196130573538803,0.0010187536433736708,9,67,0.08824608856463216,0.030000190113604937,False,False,False,2.1104475756602436e-06,COMPLETE
885,0.40177956819534305,2025-04-01 16:33:10.925387,2025-04-01 16:33:21.443130,0 days 00:00:10.517743,0.9711440424305472,0.6538564132384064,8,0.21588164349937625,0.08754853908884248,0.04511049631356387,0.034387195479456255,0.019616348914904182,0.0161593306813817,0.000598053023934307,28,121,0.0912528345604782,0.018229828336762868,False,False,False,4.5664059573104193e-07,COMPLETE
886,0.4004266142845154,2025-04-01 16:33:21.738429,2025-04-01 16:33:32.313167,0 days 00:00:10.574738,0.9999161708912236,0.7535140332020746,8,0.28427775274057654,0.09775449574143948,0.0579321070681227,0.0206235386888078,0.047371069084574884,0.025640109578565877,0.00123633828649143,28,124,0.07809723610326375,0.008026958903691444,False,False,False,1.4248105986048402e-06,COMPLETE
887,0.4222259521484375,2025-04-01 16:33:32.595659,2025-04-01 16:33:42.984992,0 days 00:00:10.389333,0.9448912227047918,0.7230540443905042,8,0.25686570538318576,0.07129204355578159,0.0798545350749329,0.010770557191189505,0.05896231642163832,0.021357569979745243,0.00040903821379751216,27,118,0.08465033438044584,0.03408022163694266,False,False,False,6.843974329929859e-07,COMPLETE
888,0.42485721111297614,2025-04-01 16:33:43.275855,2025-04-01 16:33:53.986120,0 days 00:00:10.710265,0.9241573288037934,0.8420356775539684,8,0.27870462569039706,0.07793768989140833,0.04938864340779147,0.018569208392703283,0.061328129869277326,0.00765478523530627,0.000727535065189079,29,129,0.08925147242895055,0.02615235490685623,False,False,False,1.832855621799859e-06,COMPLETE
889,0.39391491413116453,2025-04-01 16:33:54.282951,2025-04-01 16:34:05.152718,0 days 00:00:10.869767,0.8737621397806826,0.7908279230986947,8,0.2637270769976938,0.09351905873300655,0.06351071099693342,0.02477227697364886,0.049736893515257515,0.013096384219046136,0.0008909299890614283,30,112,0.08099795208488847,0.24297204802908307,False,False,False,1.18191873319604e-06,COMPLETE
890,0.3963724732398987,2025-04-01 16:34:05.449179,2025-04-01 16:34:15.784008,0 days 00:00:10.334829,0.8220193122692504,0.6978480089191182,8,0.10301893508029678,0.06104292491433213,0.052688127136513004,0.015922418598499032,0.03882943436373792,0.08420235189810893,0.0019925116176205088,27,123,0.09270895553915115,0.011075597266751513,False,False,False,2.685516194258422e-06,COMPLETE
891,0.41521881818771367,2025-04-01 16:34:16.067686,2025-04-01 16:34:41.081063,0 days 00:00:25.013377,0.8966344300339346,0.7393501952115649,2,0.2713584884084983,0.10251371832422268,0.07433249883077786,0.013151881205291274,0.05312973358209434,0.004262837862392194,0.0010566761971265454,30,106,0.0868489041069886,0.01899569816597871,False,False,False,1.3958478441029638e-06,COMPLETE
892,0.2921689808368683,2025-04-01 16:34:41.379214,2025-04-01 16:34:50.426898,0 days 00:00:09.047684,0.9589978896715526,0.5891723794196573,8,0.2880474710882636,0.08587173535871163,0.05076320297823749,0.02170951460325289,0.06469633141344779,0.018647435245730197,0.005942495188259044,25,115,0.0836152958744212,0.27141663943316474,False,False,True,4.6382636568600065e-06,COMPLETE
893,0.428019654750824,2025-04-01 16:34:50.723229,2025-04-01 16:35:01.292040,0 days 00:00:10.568811,0.8006528049153068,0.6681488294773382,8,0.22537711107006136,0.05333964488267516,0.06571480882814532,0.026798618969818166,0.04237516034846062,0.02789605498916033,0.001459424632276063,29,82,0.09009704048004818,0.04239455595036725,False,False,False,8.091470367328286e-07,COMPLETE
894,0.3930470108985901,2025-04-01 16:35:01.592654,2025-04-01 16:35:12.165001,0 days 00:00:10.572347,0.9369975062975652,0.7800182368336622,8,0.25091025248542914,0.08068728859929028,0.06855940928960501,0.028638637927466338,0.00406216125351192,0.0028640624810115345,0.0007933944134498621,28,139,0.09533281324724449,0.023799560255052313,False,False,False,2.0223379918662745e-06,COMPLETE
895,0.40922701358795166,2025-04-01 16:35:12.450777,2025-04-01 16:35:23.245159,0 days 00:00:10.794382,0.7006263202796446,0.715843330143888,8,0.16115740985621654,0.10971594570312979,0.0770118579011645,0.017555122018567362,0.02827224727977799,0.02315318166973072,0.0005126657174632865,29,131,0.0862926075126511,0.015494504109572134,False,False,False,1.0207411470554316e-06,COMPLETE
