number,value,datetime_start,datetime_complete,duration,params_alpha-eval,params_alpha-train,params_batch-size,params_eps-eval,params_eps-train,params_lambda-actions-eval,params_lambda-actions-train,params_lambda-frames-eval,params_lambda-frames-train,params_learning-rate,params_n-epochs,params_n-frames,params_radius-gw,params_rho,params_std-feats,params_ub-actions,params_ub-frames,params_weight-decay,state
113,0.4255615472793579,2025-04-22 01:29:06.535780,2025-04-22 01:29:19.574161,0 days 00:00:13.038381,0.843574652949846,0.9157438195641248,2,0.12429392930951139,0.1379674409457832,0.03210848611611193,0.06297651866616194,0.08331456539676733,0.024115905883559007,0.0006683968746026723,10,131,0.08134978498530814,0.04257621923348733,False,False,False,1.0013141169181084e-08,COMPLETE
114,0.43143386840820314,2025-04-22 01:29:19.612599,2025-04-22 01:29:32.504331,0 days 00:00:12.891732,0.8381964801524732,0.9092821688807255,2,0.13639477536069314,0.12897572205270186,0.03281687808412714,0.07091183734094399,0.09691893617098153,0.02348313472243936,0.0006880925403456751,10,123,0.08222620443226823,0.044178020855907066,False,False,False,1.0308103960388592e-08,COMPLETE
115,0.3905326366424561,2025-04-22 01:29:32.542600,2025-04-22 01:29:44.914692,0 days 00:00:12.372092,0.9205153070746347,0.8345668820386457,2,0.13635512491904084,0.1390662892576233,0.03247267487278893,0.06296035800873667,0.09356290722265864,0.023228102190867333,0.0005884257258276976,9,123,0.08099516993204046,0.03090057987429816,False,False,False,1.3094400254678498e-08,COMPLETE
116,0.39969333410263064,2025-04-22 01:29:44.953372,2025-04-22 01:29:57.985662,0 days 00:00:13.032290,0.8863087392631572,0.9033212072121968,2,0.14881487430926746,0.1071474701637443,0.03917020945354763,0.02903123041795636,0.08810064373788962,0.019841021212679354,0.0007966350223432847,10,131,0.07848670321071344,0.04198059418025898,False,False,False,1.0080045415790138e-08,COMPLETE
117,0.4148741364479065,2025-04-22 01:29:58.023726,2025-04-22 01:30:11.081748,0 days 00:00:13.058022,0.1981209096450438,0.9153701094550547,2,0.12312442183916733,0.119413837585255,0.03462933015005098,0.07161818887147042,0.09577419510661031,0.03238144571447388,0.0010399332905767884,10,143,0.07073261698535302,0.05619211444163975,False,False,False,1.661501782701939e-08,COMPLETE
118,0.4216327071189881,2025-04-22 01:30:11.121458,2025-04-22 01:30:18.533828,0 days 00:00:07.412370,0.741322745472874,0.8788044109054143,8,0.13994771794820776,0.1575024200922371,0.025410055966155858,0.05433724257490731,0.07885063860776602,0.012850083607958016,0.0014518757488316814,8,137,0.08189404620517625,0.04647221658298938,False,False,False,1.211330301784673e-08,COMPLETE
119,0.38216289281845095,2025-04-22 01:30:18.573004,2025-04-22 01:30:26.679545,0 days 00:00:08.106541,0.8176747802164294,0.8687925999524343,8,0.11622899800840908,0.1581392742268296,0.025062574857118824,0.05756057416196411,0.09768290365429949,0.01145578883020513,0.0025571202359124,8,138,0.08252796031645661,0.03788913193006966,True,False,False,2.115810362022637e-08,COMPLETE
120,0.37664639949798584,2025-04-22 01:30:26.719275,2025-04-22 01:30:34.642825,0 days 00:00:07.923550,0.7742228793810703,0.8108009780427133,8,0.1404381354232998,0.13519513727670607,0.03742548519116075,0.06014337619620135,0.08377461952456669,0.007807805021317248,0.00032444322865320753,11,127,0.07243346681375035,0.06711145667942714,False,False,False,1.0249542434947852e-08,COMPLETE
121,0.41395781040191654,2025-04-22 01:30:34.682129,2025-04-22 01:30:42.210171,0 days 00:00:07.528042,0.7421572586522618,0.8835640222706399,8,0.12740144565384273,0.15741095726962573,0.026986451198991596,0.0518000385797808,0.0782879814360091,0.015312982542943767,0.001664543077758305,9,136,0.08583506220223004,0.04659067531548447,False,False,False,1.3915842725745488e-08,COMPLETE
122,0.4083317756652832,2025-04-22 01:30:42.251803,2025-04-22 01:30:49.995776,0 days 00:00:07.743973,0.9431712019782094,0.928481701607216,8,0.1622100886954148,0.14490482968318705,0.03219876603689576,0.05540806905342058,0.07594267927645897,0.02423967926378592,0.006705541394845101,10,132,0.07562803768881865,0.03172612413185803,False,False,False,2.435487412335232e-08,COMPLETE
123,0.4029749870300293,2025-04-22 01:30:50.045962,2025-04-22 01:30:57.273729,0 days 00:00:07.227767,0.7062690906015737,0.9008266628610142,8,0.14478776078900985,0.16724556813456537,0.022551182343088297,0.07374131827630634,0.07923114555609058,0.04027024088260317,0.001327818060818254,8,68,0.08003091753909577,0.05410895549734348,False,False,False,1.2637590088705089e-08,COMPLETE
124,0.37795218229293825,2025-04-22 01:30:57.314382,2025-04-22 01:31:09.339976,0 days 00:00:12.025594,0.6762497113577919,0.9541789887546949,2,0.16995908703571183,0.12457103571835218,0.018686085884415577,0.048018240996443175,0.07285398083874596,0.019578015874392528,0.0006700167540643707,9,14,0.0913966256587501,0.020942218677561995,False,False,False,1.873150764702811e-08,COMPLETE
125,0.41195135116577153,2025-04-22 01:31:09.382372,2025-04-22 01:31:20.446080,0 days 00:00:11.063708,0.7962901727025004,0.9763016421957761,2,0.1218190442369799,0.09633507493072824,0.028030366290777653,0.06710723419961306,0.08624001036247478,0.0031422058876886608,0.00044811172747260506,7,141,0.08152843217592827,0.046486664970305444,False,False,False,2.2799971420250625e-07,COMPLETE
126,0.374455988407135,2025-04-22 01:31:20.487563,2025-04-22 01:31:27.485346,0 days 00:00:06.997783,0.7513268622099476,0.9381135514988636,16,0.13185993899744375,0.11503994974246898,0.024665700048446572,0.06411585347377614,0.0838250071848923,0.02092989264156561,0.0009263853446168807,10,124,0.08714656959229791,0.05994406062128083,False,False,False,1.4613096038236191e-08,COMPLETE
127,0.4133597493171692,2025-04-22 01:31:27.526923,2025-04-22 01:31:39.267919,0 days 00:00:11.740996,0.8336226331698717,0.8529338995122986,2,0.10707485572958493,0.13836448694925227,0.026142320112732712,0.061050733385737174,0.091247469905834,0.012632626872009107,0.0031745499740645816,8,145,0.0779519583423011,0.037921087335258244,False,False,False,3.326289605251276e-08,COMPLETE
128,0.2887604355812073,2025-04-22 01:31:39.309455,2025-04-22 01:31:51.622202,0 days 00:00:12.312747,0.7183195878433803,0.9128582936219165,2,0.11250645672740406,0.1733479484505037,0.033557457119818467,0.07854476418605141,0.06857481383827999,0.017352116754726418,0.0011802867248630977,11,134,0.08441344084466199,0.026941781669250858,False,True,True,1.559738605643191e-07,COMPLETE
129,0.3954031825065613,2025-04-22 01:31:51.664359,2025-04-22 01:32:03.909775,0 days 00:00:12.245416,0.769369128179628,0.19965104789213456,2,0.09492962083449451,0.15044148395032975,0.02902023450726482,0.07056661391473676,0.08110818533098547,0.028768883010773842,0.0020566340908392154,9,114,0.05583030441761594,0.051023505164506724,False,False,False,1.0184625937966033e-08,COMPLETE
130,0.4105728268623352,2025-04-22 01:32:03.952478,2025-04-22 01:32:14.338371,0 days 00:00:10.385893,0.6458199083971571,0.8838726788635218,2,0.1398701233931374,0.08647570138074064,0.042490284559234315,0.0680857327450603,0.07789762886734726,0.013950484045316134,0.0015270537799371242,6,128,0.08960399598542121,0.0804445661204157,False,False,False,4.467233357810827e-08,COMPLETE
131,0.4158546090126038,2025-04-22 01:32:14.381130,2025-04-22 01:32:24.851449,0 days 00:00:10.470319,0.8475385164583561,0.9739541405595054,2,0.10146250997973655,0.1293068534721723,0.030742388051772047,0.06873489800122631,0.08055977677447793,0.02648963701613445,0.0007077620693642913,6,134,0.0842126417219892,0.06655637368331999,False,False,False,1.820477010969012e-08,COMPLETE
132,0.4259807348251343,2025-04-22 01:32:24.894001,2025-04-22 01:32:34.759553,0 days 00:00:09.865552,0.8680390544404081,0.9612323215643308,2,0.11898410338978849,0.10657111186247845,0.035175643820684575,0.07244707607428742,0.07426159154680967,0.02301030871987795,0.000529895946524377,5,140,0.08291393720912375,0.08935232643941843,False,False,False,1.5817512057122234e-08,COMPLETE
133,0.4298975229263306,2025-04-22 01:32:34.802927,2025-04-22 01:32:44.654609,0 days 00:00:09.851682,0.86775886197806,0.9325877384947686,2,0.11967339607336985,0.10528022925591529,0.03685806896858222,0.07597480796794999,0.07552276404216607,0.02413413471884008,0.0004936806245743432,5,138,0.07655941217703223,0.08625826703147998,False,False,False,1.2411297172355698e-08,COMPLETE
134,0.3934741973876953,2025-04-22 01:32:44.699019,2025-04-22 01:32:54.498515,0 days 00:00:09.799496,0.9016870840581943,0.7913378802264818,2,0.1163575031698392,0.10452426377979752,0.0356741181142822,0.07650203784796529,0.07142836982094972,0.024284858094564942,0.0003239998198948697,5,139,0.07627813341207676,0.08934306199375726,False,False,False,2.6452569766879292e-08,COMPLETE
135,0.4191124558448792,2025-04-22 01:32:54.542187,2025-04-22 01:33:04.366320,0 days 00:00:09.824133,0.8738079449031763,0.927138995003826,2,0.12288018622497768,0.09897729871898822,0.03803122258026339,0.08023760700374179,0.07384751839710663,0.022560520706059694,0.0005215053136693771,5,137,0.08015543995823038,0.07222168145414581,False,False,False,1.4633804790119345e-08,COMPLETE
136,0.38408033847808837,2025-04-22 01:33:04.413231,2025-04-22 01:33:15.324322,0 days 00:00:10.911091,0.813509822110438,0.9515926387358279,2,0.13100683394245694,0.11096531803535113,0.045538170466529235,0.06586957277872169,0.0850113848451294,0.0304327679333334,0.0004128522734168033,7,56,0.08209474712643271,0.09805948951841706,False,False,False,2.1182136361010817e-08,COMPLETE
137,0.3756064176559448,2025-04-22 01:33:15.368256,2025-04-22 01:33:22.248593,0 days 00:00:06.880337,0.7869469232148616,0.8691246862467957,8,0.10604780917318087,0.07828418360887343,0.03428378623660791,0.07375736588152372,0.07687463500802891,0.01719141988623886,0.0010911666478554659,5,148,0.07472077586440927,0.08603513608348735,False,False,False,1.1669720846242323e-08,COMPLETE
138,0.4002241134643555,2025-04-22 01:33:22.302371,2025-04-22 01:33:32.726594,0 days 00:00:10.424223,0.8924024741100759,0.8981904927619014,2,0.12076154643154455,0.09145691902548209,0.03641331844021133,0.054436772792169394,0.07913145236196197,0.008490609467578965,0.0008595780372897805,6,144,0.088263907020811,0.07521187785405933,False,False,False,1.568733372808033e-08,COMPLETE
139,0.4297975540161133,2025-04-22 01:33:32.773283,2025-04-22 01:33:43.876202,0 days 00:00:11.102919,0.9627202310466211,0.935444247744312,2,0.13690927598764505,0.11608760293178143,0.032846524779096664,0.05810573673455919,0.08271729162929836,0.02092954126325379,0.0005396091024038996,7,141,0.07753851902546091,0.05739340453998266,False,False,False,1.0024257341832468e-08,COMPLETE
140,0.37766150236129764,2025-04-22 01:33:43.921870,2025-04-22 01:33:55.495142,0 days 00:00:11.573272,0.9512037761181743,0.9578393653403268,2,0.1385094941465809,0.10647568712913831,0.031741211129217274,0.05698717175736387,0.08707917040834677,0.03607223790540194,0.0005601076007842234,7,140,0.06709484958375019,0.05789646109233732,True,False,False,1.0361170164564677e-08,COMPLETE
141,0.4393733620643616,2025-04-22 01:33:55.541355,2025-04-22 01:34:05.336936,0 days 00:00:09.795581,0.9608177906632204,0.9269786272590138,2,0.12872485854948082,0.11680862084808992,0.04111137987136272,0.06220556320448367,0.08254220260159535,0.020585773023039537,0.0007384755101906712,5,142,0.07361775174466459,0.0646098509159107,False,False,False,1.3027862454486008e-08,COMPLETE
142,0.43481006622314455,2025-04-22 01:34:05.384162,2025-04-22 01:34:16.489271,0 days 00:00:11.105109,0.9622390306853519,0.937587889028485,2,0.1266718387009735,0.12290034641270833,0.04022656695881109,0.05854384979263527,0.08277530493409846,0.01999302390521778,0.00048658120088399274,7,143,0.07183532430068257,0.06448931974740559,False,False,False,1.9354719093495364e-08,COMPLETE
143,0.41738159656524665,2025-04-22 01:34:16.535476,2025-04-22 01:34:27.661811,0 days 00:00:11.126335,0.9755928052601639,0.935073391172067,2,0.15458325071796233,0.12101806194388562,0.04163723294694434,0.05907645693475015,0.0830889166027562,0.019867709177538814,0.0004973239090046345,7,150,0.07291182482838288,0.04121562977570496,False,False,False,1.85027554611808e-08,COMPLETE
144,0.39814826250076296,2025-04-22 01:34:27.708478,2025-04-22 01:34:42.556574,0 days 00:00:14.848096,0.9578130789089397,0.9142765148909147,2,0.12831876933613875,0.12503132679279413,0.04805153409306506,0.04965894550653589,0.0895147587295353,0.02572956556315908,0.000354599051087928,13,146,0.07741364315360469,0.060313162820692774,False,False,False,1.2996718227633631e-08,COMPLETE
145,0.42230330705642705,2025-04-22 01:34:42.605525,2025-04-22 01:34:53.651376,0 days 00:00:11.045851,0.9775953088117226,0.88850105658196,2,0.1431224177896819,0.13303302404449285,0.04006530239137312,0.05259240407376331,0.08443435125059963,0.01852949511565065,0.0007016910029120673,7,142,0.07087615827298525,0.053742093404530025,False,False,False,2.9543171252008144e-08,COMPLETE
146,0.37677283287048347,2025-04-22 01:34:53.699228,2025-04-22 01:35:03.542125,0 days 00:00:09.842897,0.9769476884995744,0.9425808607532996,2,0.14986184379274542,0.1150174323127365,0.03955870417705686,0.061741870648515336,0.08624950307483534,0.016281545667642672,0.00028390001886806826,5,142,0.06903782940848704,0.055703742823054236,False,False,False,2.8467725127705565e-08,COMPLETE
147,0.4296698570251465,2025-04-22 01:35:03.590419,2025-04-22 01:35:14.059707,0 days 00:00:10.469288,0.9168661177845489,0.8973985616477682,2,0.13469597337739492,0.12955286918304162,0.04042970146701714,0.05255948837875918,0.08456595399439941,0.01812082171808342,0.000739985637133351,6,143,0.07136442486535255,0.08238254183250845,False,False,False,3.4174303957572685e-08,COMPLETE
148,0.39734286069869995,2025-04-22 01:35:14.107459,2025-04-22 01:35:24.515675,0 days 00:00:10.408216,0.9366222654915802,0.8532590696788904,2,0.14475463420861392,0.13022441790700853,0.04557388151014093,0.0527022768181922,0.039109615890191046,0.02150050314057062,0.00020354158584769052,6,143,0.0704165385442313,0.09305519651273328,False,False,False,3.352280627807068e-08,COMPLETE
149,0.3248969435691834,2025-04-22 01:35:24.565635,2025-04-22 01:35:40.548978,0 days 00:00:15.983343,0.919299484921771,0.8921586320838183,2,0.13419781876639322,0.1387658570223979,0.04423815857191421,0.047098154648584564,0.002102621986688827,0.01834336012559335,0.0006812358213172665,18,147,0.06606969252268403,0.08281357697730282,False,True,False,2.3230626649265727e-08,COMPLETE
150,0.3311602532863617,2025-04-22 01:35:40.598375,2025-04-22 01:35:50.085335,0 days 00:00:09.486960,0.966829620951175,0.9070520625789156,2,0.1600081594190445,0.0021583136549886694,0.040800216511382915,0.04406938523383562,0.08428599088351375,0.025733172972132894,0.0005578235343575735,6,141,0.07241787717189337,0.06449184914040978,False,False,True,5.212302826702358e-08,COMPLETE
151,0.3661691665649414,2025-04-22 01:35:50.142356,2025-04-22 01:36:01.149145,0 days 00:00:11.006789,0.9981166636319188,0.9353415662398732,2,0.12404158824034849,0.13494761353680315,0.0376829056992115,0.05757396631275561,0.08847682348140705,0.018469133186563264,0.000787018981222899,7,145,0.06344869021214211,0.07017226629791497,False,False,False,1.6500872803149235e-08,COMPLETE
152,0.4211596727371216,2025-04-22 01:36:01.199452,2025-04-22 01:36:10.977391,0 days 00:00:09.777939,0.9258108397200552,0.9607384054171315,2,0.11868094700743392,0.12380130055849925,0.05106407345172867,0.06372967856730638,0.08187338988878531,0.020034363793705857,0.00043389023593140596,5,131,0.07733480180687227,0.051781262613426825,False,False,False,1.9157556128317652e-08,COMPLETE
153,0.43806698322296145,2025-04-22 01:36:11.028685,2025-04-22 01:36:25.245162,0 days 00:00:14.216477,0.9514252099239515,0.9150779971986381,2,0.13048171024237504,0.10283596950781015,0.03914924814433411,0.05057902186913775,0.08562548297629574,0.02352305545045234,0.000619797273940734,12,140,0.07334837006174472,0.08700091686956712,False,False,False,4.051319952954279e-08,COMPLETE
154,0.38621164560317994,2025-04-22 01:36:25.295276,2025-04-22 01:36:39.531244,0 days 00:00:14.235968,0.9467000339446385,0.8309980246901556,2,0.13193308567440445,0.11533549495692996,0.04345184259793985,0.049665656295021184,0.08049777878667524,0.04989316568916577,0.0006310190049446015,12,141,0.06826028747339206,0.08764189182743522,False,False,False,4.0059499303185403e-08,COMPLETE
155,0.40467072725296027,2025-04-22 01:36:39.581824,2025-04-22 01:36:53.841286,0 days 00:00:14.259462,0.9739378077818609,0.8950562225362182,2,0.1424492967773841,0.1328303540890264,0.03608523748225313,0.05628445221888952,0.08490735586413736,0.023360929300728462,0.0004771033808620989,12,150,0.07415487426700927,0.06249564885679544,False,False,False,2.479404525559856e-08,COMPLETE
156,0.43376448154449465,2025-04-22 01:36:53.891279,2025-04-22 01:37:09.390120,0 days 00:00:15.498841,0.9121370955780741,0.9163990467328226,2,0.29156027660852185,0.10051221861066262,0.04016247332490942,0.05313720457452389,0.07556960357142158,0.028834921777285732,0.0007495177824133917,14,144,0.07049251723552534,0.1022618482549881,False,False,False,1.4540596648647651e-08,COMPLETE
157,0.37048121690750124,2025-04-22 01:37:09.440139,2025-04-22 01:37:24.930548,0 days 00:00:15.490409,0.8664536034149559,0.8654647734750189,2,0.2827589762881053,0.10198628221135612,0.038739483640517325,0.059094686389178926,0.07533010172545726,0.03267381559059712,0.000841466379002549,14,145,0.06472490553018681,0.09883790954614666,False,False,False,1.4774168377053844e-08,COMPLETE
158,0.38311309814453126,2025-04-22 01:37:24.981020,2025-04-22 01:37:41.108513,0 days 00:00:16.127493,0.9103035066425209,0.9182826865449596,2,0.2912781966201856,0.0846257090127433,0.04168477496750807,0.04614164372193802,0.07989447532322375,0.02897354433864433,0.0003662403800821157,15,132,0.07325629227532642,0.10521473574238854,False,False,False,1.0403569833239975e-08,COMPLETE
159,0.37143129110336304,2025-04-22 01:37:41.159703,2025-04-22 01:37:56.098385,0 days 00:00:14.938682,0.8870254292783456,0.9357230590138769,2,0.12606557682899003,0.11188816067364114,0.03418850614325954,0.054619057526118175,0.07421393454071304,0.027264631111435438,0.000591657636345221,13,135,0.060032775913549316,0.08143525869612034,False,False,False,2.022446271470414e-08,COMPLETE
160,0.4323440909385682,2025-04-22 01:37:56.150676,2025-04-22 01:38:11.621245,0 days 00:00:15.470569,0.9329415909580979,0.9123313975982454,2,0.29421252933294473,0.10123119516262345,0.047110467330112545,0.05037584573374572,0.08263594416813337,0.031194950657888784,0.000969487311987879,14,147,0.07617987070320674,0.08721918393760336,False,False,False,1.4391524064600564e-08,COMPLETE
161,0.4089908480644226,2025-04-22 01:38:11.672831,2025-04-22 01:38:27.274360,0 days 00:00:15.601529,0.9317897268427744,0.9121207630572137,2,0.29220019752392506,0.09343022950322695,0.046239664775827034,0.04913317912567228,0.08245967248136814,0.03417665798117017,0.0008190825018199373,14,147,0.07625108191256248,0.09312927736769053,False,False,False,1.4327324198446716e-08,COMPLETE
162,0.4342497706413269,2025-04-22 01:38:27.336534,2025-04-22 01:38:42.875404,0 days 00:00:15.538870,0.9043730304538049,0.9553390155952606,2,0.2971502301514791,0.10261438974283854,0.048016507527475716,0.05129365500856189,0.07726628554014629,0.030688735817684793,0.0009723532291816389,14,140,0.07187668680042673,0.11033303214133484,False,False,False,1.2605240577246606e-08,COMPLETE
163,0.3770215630531311,2025-04-22 01:38:42.929114,2025-04-22 01:38:58.392532,0 days 00:00:15.463418,0.9472464930062977,0.9567806460269277,2,0.29999433127067177,0.10103869920283762,0.052267317111098756,0.042372073382869156,0.07652776452084978,0.030407625095049334,0.001001626924052305,14,139,0.07161156969545494,0.09998608242924951,False,False,False,1.582857825369464e-08,COMPLETE
164,0.43996945619583133,2025-04-22 01:38:58.447309,2025-04-22 01:39:13.303850,0 days 00:00:14.856541,0.9207354050495787,0.9268534663283822,2,0.2935884716236927,0.10559714240892815,0.04807721714162317,0.05129833486455724,0.07879176012212392,0.024609135242309416,0.0005193401491487504,13,144,0.07354584092374254,0.08704897465506117,False,False,False,1.2685402829083156e-08,COMPLETE
165,0.43128679990768437,2025-04-22 01:39:13.357500,2025-04-22 01:39:28.259085,0 days 00:00:14.901585,0.9014337190211764,0.9802105215212953,2,0.2768368718861646,0.10379412041823532,0.04897750134143394,0.05235564374093186,0.07749626289627112,0.02542933381198536,0.0005078532880361881,13,144,0.07470048441953527,0.11637741087218398,False,False,False,1.2770043891042265e-08,COMPLETE
166,0.3749483585357666,2025-04-22 01:39:28.313124,2025-04-22 01:39:35.713530,0 days 00:00:07.400406,0.9089406007947354,0.9814049436568459,16,0.2768820312126791,0.10739118752006793,0.048787822488265804,0.05109937000503629,0.07248432957014295,0.027906825569091187,0.0004333915366500591,13,150,0.06897279607033131,0.11827820389320377,False,False,False,1.2631426904168773e-08,COMPLETE
167,0.3816115975379944,2025-04-22 01:39:35.767482,2025-04-22 01:39:50.684116,0 days 00:00:14.916634,0.8982763260113961,0.34874322976655703,2,0.2877306676419572,0.09579778195650394,0.05398470544411465,0.05217033547260577,0.07522611118582442,0.031147882125351415,0.0005461637845239147,13,144,0.07392769551247413,0.11265086622788774,False,False,False,2.223096315628169e-08,COMPLETE
168,0.4195098161697388,2025-04-22 01:39:50.739610,2025-04-22 01:40:06.339235,0 days 00:00:15.599625,0.8667510464230133,0.9621568615201326,2,0.2931591417208236,0.10307371205061111,0.05931501800475926,0.051262302782472215,0.07812824192551052,0.02561720341256606,0.00029272952069411763,14,147,0.07165786767528019,0.10979732429729246,False,False,False,1.7478399156248916e-08,COMPLETE
169,0.4189250230789185,2025-04-22 01:40:06.393733,2025-04-22 01:40:23.546786,0 days 00:00:17.153053,0.9183055824618238,0.6931170751548623,2,0.27065284057431555,0.08688193810318398,0.047616331509510564,0.04778546172910329,0.06629298194121863,0.02898522323235994,0.0004897917711243301,15,143,0.0761537925774864,0.1348425414953312,True,False,False,1.359023231046732e-08,COMPLETE
