number,value,datetime_start,datetime_complete,duration,params_alpha-eval,params_alpha-train,params_batch-size,params_eps-eval,params_eps-train,params_lambda-actions-eval,params_lambda-actions-train,params_lambda-frames-eval,params_lambda-frames-train,params_learning-rate,params_n-epochs,params_n-frames,params_radius-gw,params_rho,params_std-feats,params_ub-actions,params_ub-frames,params_weight-decay,state
112,0.4116237998008728,2025-04-01 14:11:14.511405,2025-04-01 14:11:25.056692,0 days 00:00:10.545287,0.3843659486349129,0.9384776915264554,8,0.16530249418837287,0.29424644515073456,0.024400779842004654,0.006091381651400513,0.09536404840750096,0.05676825364184778,0.00022035408128752153,28,128,0.07128690428533131,0.006097166643447427,False,False,False,2.7889528407346003e-06,COMPLETE
113,0.42158614397048955,2025-04-01 14:11:25.095478,2025-04-01 14:11:35.255050,0 days 00:00:10.159572,0.42711242278606454,0.9054981370367217,8,0.18616651409616614,0.0892325531405902,0.027763662468987232,0.0021221520076278233,0.09111508544098702,0.05130964270577497,0.0005318380997124901,26,121,0.07382437455548485,0.020157436311039965,False,False,False,1.2508949043961146e-05,COMPLETE
114,0.42010983228683474,2025-04-01 14:11:35.294417,2025-04-01 14:11:45.747411,0 days 00:00:10.452994,0.4267734993821486,0.9105769032101474,8,0.17888607527721748,0.08639603030000884,0.027769141575334406,0.0029439576298307332,0.09248451324855819,0.04606841942729695,0.0002978420628159063,28,122,0.06948850078766809,0.01315866206812243,False,False,False,1.2384619533158468e-05,COMPLETE
115,0.387969595193863,2025-04-01 14:11:45.788528,2025-04-01 14:11:56.351135,0 days 00:00:10.562607,0.43534766576104333,0.9049148141383079,8,0.1831243389992875,0.0728324636042782,0.02671028190754904,0.0023325545649450774,0.08738506940850496,0.03838342976056543,0.0001464624490288554,28,122,0.06550420625841401,0.08192546615134619,False,False,False,9.327886546640388e-06,COMPLETE
116,0.4180672883987427,2025-04-01 14:11:56.390769,2025-04-01 14:12:06.560627,0 days 00:00:10.169858,0.41349013874115087,0.9318393545851722,8,0.17314315866173993,0.0876291994523402,0.032209923530681486,0.0030445716032835215,0.040941399090446993,0.034371657845475766,0.0003168530396096732,26,125,0.06901984056726196,0.012113889458324591,False,False,False,1.3431735928849167e-05,COMPLETE
117,0.42411586046218874,2025-04-01 14:12:06.600352,2025-04-01 14:12:16.860816,0 days 00:00:10.260464,0.4536666056924671,0.9186722265090786,8,0.2912033215411074,0.08852036077901762,0.03353139435009872,0.0010568011289559269,0.04462146723652967,0.033912839512039716,0.00029083981114254044,26,128,0.06967385726955103,0.0012223540378088205,False,False,False,6.371548787216869e-06,COMPLETE
118,0.41716346740722654,2025-04-01 14:12:16.900778,2025-04-01 14:12:27.078957,0 days 00:00:10.178179,0.46148473647857263,0.9227132918714258,8,0.2912626959005503,0.08805869405035974,0.03349518458023633,0.0033941405363176755,0.04247065658839813,0.041418950923588674,0.00029343195123568075,26,129,0.06870617791348213,0.010701919154988264,False,False,False,1.288086154769306e-05,COMPLETE
119,0.4165490508079529,2025-04-01 14:12:27.120679,2025-04-01 14:12:37.297451,0 days 00:00:10.176772,0.4544465048562191,0.9353417679661971,8,0.2929036281984536,0.0918023208844231,0.0392764367263574,0.0026229024396088123,0.0427036168542003,0.03267918579319831,0.00029998313076262916,26,129,0.06946380339322095,0.002317949219110353,False,False,False,1.3469820594655294e-05,COMPLETE
120,0.42227203845977784,2025-04-01 14:12:37.337637,2025-04-01 14:12:47.550466,0 days 00:00:10.212829,0.4498115981991903,0.9218160331823814,8,0.2963564379253733,0.09274973321488371,0.03954585702511642,0.0010862441577760926,0.041111162072998454,0.03219694916819412,0.00027901053284236615,26,129,0.06911412522994101,0.0013104387247194864,False,False,False,3.7255181031136594e-06,COMPLETE
121,0.429400897026062,2025-04-01 14:12:47.590938,2025-04-01 14:12:57.827532,0 days 00:00:10.236594,0.45728424447575167,0.9221659897754472,8,0.29674430583951295,0.08796083151442709,0.03955775848362784,0.002380148259122269,0.041099898291925875,0.03331362612181807,0.00027555713647468204,26,128,0.06824049995112993,0.0015900211506337109,False,False,False,1.2991564393040246e-05,COMPLETE
122,0.4126190304756165,2025-04-01 14:12:57.867976,2025-04-01 14:13:08.278576,0 days 00:00:10.410600,0.42640717137238904,0.9185548980128274,8,0.29952891564562895,0.08591531662200415,0.04457541229955345,0.0014085893627512635,0.04508896512672614,0.036290229114209774,0.0002224565265469645,27,133,0.06847113597722095,0.012010176901909392,False,False,False,3.995486588000145e-06,COMPLETE
123,0.41568042039871217,2025-04-01 14:13:08.328711,2025-04-01 14:13:18.538265,0 days 00:00:10.209554,0.4135758739244023,0.8682469746950521,8,0.2799494465394391,0.10757165078232717,0.03355272716379831,0.004315241162558556,0.03434484347491051,0.03233364724952416,0.00028020255204565367,26,136,0.07424801190992501,0.0067905582370272445,False,False,False,6.721878562492097e-06,COMPLETE
124,0.40280921459198005,2025-04-01 14:13:18.579864,2025-04-01 14:13:28.965022,0 days 00:00:10.385158,0.4423354538552695,0.9117298257799943,8,0.2849468400537241,0.06432610931025101,0.04132358653084011,0.0010795693003061424,0.0399792527990457,0.03346075973718614,0.00015669545822510634,27,129,0.0689844310072393,0.0011101112142608673,False,False,False,1.8081776598302342e-06,COMPLETE
125,0.41141432523727417,2025-04-01 14:13:29.006768,2025-04-01 14:13:39.428559,0 days 00:00:10.421791,0.5150756976740068,0.9420777471841394,8,0.29302344280316633,0.10324541760162778,0.032506707558538225,0.0051155327761553855,0.050175964734001245,0.03990855418778483,0.00021528142856777136,27,139,0.06035031401690385,0.01201751871909543,False,False,False,1.175786338704373e-05,COMPLETE
126,0.3951384127140045,2025-04-01 14:13:39.470182,2025-04-01 14:13:49.702129,0 days 00:00:10.231947,0.4044086056445589,0.8836421623415792,8,0.27161462527808206,0.07934064799256124,0.036839648615010386,0.003472403530508255,0.03908535186107404,0.03488591982328882,0.00012493517874032577,26,134,0.06404502523527324,0.013326850316113139,False,False,False,7.158950402890225e-06,COMPLETE
127,0.3109071969985962,2025-04-01 14:13:49.746621,2025-04-01 14:13:59.278536,0 days 00:00:09.531915,0.45679405482591706,0.9817013512893058,8,0.29871884620032396,0.039380760666422085,0.04430536162657303,0.005633005785718993,0.03584340219743346,0.03139846289335578,0.0002655671400691436,28,122,0.0731797893237538,0.009480458799285394,False,False,True,2.7183918280692e-06,COMPLETE
128,0.42729618549346926,2025-04-01 14:13:59.323741,2025-04-01 14:14:09.864291,0 days 00:00:10.540550,0.5677755349290301,0.9086316679314653,8,0.28121231279738557,0.08752090551002281,0.04014237588810397,0.003023941546179922,0.04748537480130818,0.03432915272042176,0.0004107352758572135,28,128,0.07920269873417736,0.005700565359144208,False,False,False,4.565781627625021e-06,COMPLETE
129,0.4197504878044129,2025-04-01 14:14:09.910243,2025-04-01 14:14:20.957861,0 days 00:00:11.047618,0.5622921295522004,0.8964332515043699,8,0.280581106242406,0.11266838276238242,0.04016738616572477,0.0010987157169203006,0.033323917575291476,0.022999411842328798,0.0003913628410301884,30,136,0.0754348321052236,0.02021217144208154,False,False,False,5.272460663922886e-06,COMPLETE
130,0.42122943401336677,2025-04-01 14:14:21.001874,2025-04-01 14:14:31.928015,0 days 00:00:10.926141,0.5757806955329068,0.8981028025708131,8,0.2845943946261728,0.09569082034271993,0.04798993134442453,0.0014841762835381858,0.03215603879603542,0.02151066083004295,0.0004572399992305085,30,137,0.07030657013933962,0.020251927487799238,False,False,False,4.764332082583096e-06,COMPLETE
131,0.4225539803504944,2025-04-01 14:14:31.971341,2025-04-01 14:14:42.970954,0 days 00:00:10.999613,0.5823402287964767,0.8990193352466371,8,0.28464105911803333,0.11395290873949278,0.05041673941939363,0.0013089680760354806,0.03336744365046205,0.019189181147438485,0.000408873350508726,30,137,0.07473412172455668,0.018397876147076216,False,False,False,4.98040664778245e-06,COMPLETE
132,0.4168691992759705,2025-04-01 14:14:43.014459,2025-04-01 14:14:54.001382,0 days 00:00:10.986923,0.5847815875320372,0.8983984850665075,8,0.2859379202095061,0.11447622739907556,0.05381172943712987,0.0010344763541318856,0.030450360329872563,0.013406199291412717,0.00042069093652940474,30,136,0.07951008506211295,0.021046622663454476,False,False,False,4.292816638008295e-06,COMPLETE
133,0.4260961771011353,2025-04-01 14:14:54.045078,2025-04-01 14:15:05.063612,0 days 00:00:11.018534,0.5739753502182459,0.8719251180040178,8,0.2695420395222567,0.09625252690000452,0.05652851391802098,0.006400771970592623,0.031404235409250636,0.021619975591187446,0.0005482466294087444,30,141,0.07523997038485353,0.005817407694340727,False,False,False,4.285879263709732e-06,COMPLETE
134,0.4188523173332215,2025-04-01 14:15:05.108976,2025-04-01 14:15:16.124416,0 days 00:00:11.015440,0.6475887526485044,0.8690993959974067,8,0.2697761126192158,0.09726565697147542,0.04990794529581523,0.006850606957365467,0.03347581476314175,0.022198119946576746,0.00045458864899337317,30,142,0.07578678571595389,0.007101931852581379,False,False,False,5.577442028286713e-06,COMPLETE
135,0.4179625272750855,2025-04-01 14:15:16.170128,2025-04-01 14:15:26.968330,0 days 00:00:10.798202,0.5775095472023688,0.9009524324184766,8,0.28094797719072145,0.12528436188332454,0.05792813307257773,0.004973980809159677,0.02825474935108182,0.02303973316239232,0.0005505787969245836,29,138,0.07113249337950994,0.00126715198291912,False,False,False,2.005284813931866e-06,COMPLETE
136,0.3961130857467652,2025-04-01 14:15:27.013679,2025-04-01 14:15:37.933903,0 days 00:00:10.920224,0.6219733099873556,0.8828648587111918,8,0.2751497728873571,0.11162044229242427,0.04718111835469237,0.0028778248950003067,0.0323711821317067,0.018670397465512936,0.00037448099166888487,30,141,0.07881500645864907,0.018869890424875125,False,False,False,3.4342326077653374e-06,COMPLETE
137,0.3245042085647583,2025-04-01 14:15:37.978994,2025-04-01 14:15:45.989669,0 days 00:00:08.010675,0.5448475849160616,0.8287067223717159,16,0.2618723684188946,0.13748839750669323,0.05983960547945513,0.011038493630590656,0.04646030655322476,0.02052512483509114,0.000840459675213884,28,132,0.07421070836537502,0.02631345990100635,False,True,False,2.4360221256834367e-06,COMPLETE
138,0.42457338571548464,2025-04-01 14:15:46.045078,2025-04-01 14:15:56.734892,0 days 00:00:10.689814,0.6230784167627077,0.9150233596692081,8,0.28656432319296654,0.09773176535234825,0.05241270833997517,0.006280238972878161,0.03744469132004182,0.027701952732624022,0.0005200988031662411,29,131,0.08177066523858231,0.004916607600417107,False,False,False,1.1707027914891064e-06,COMPLETE
139,0.41617296934127807,2025-04-01 14:15:56.781672,2025-04-01 14:16:07.598977,0 days 00:00:10.817305,0.6254796831159399,0.8664883558892507,8,0.2859804629565866,0.12000879497188738,0.057438859763997555,0.004455562884580003,0.025365929065202315,0.028506618615311684,0.0005534738227100477,29,136,0.08243653826357268,0.007598516709216052,False,False,False,5.507583746015883e-06,COMPLETE
140,0.4113820552825928,2025-04-01 14:16:07.645329,2025-04-01 14:16:18.602016,0 days 00:00:10.956687,0.5699670105295993,0.9080948835483788,8,0.2688546821137745,0.09395211295664857,0.05448994473557317,0.0010160301454897559,0.036436535867455676,0.026564796779110084,0.00045642916272518137,30,132,0.08426150991367304,0.004485154505675162,False,False,False,6.534859786818366e-07,COMPLETE
141,0.4240697383880615,2025-04-01 14:16:18.648811,2025-04-01 14:16:29.288918,0 days 00:00:10.640107,0.5398778047606423,0.9552067564372494,8,0.2826814248345108,0.10301305559960737,0.05232983203084412,0.007395240889135544,0.037847670950838457,0.023103656333238638,0.0002337713382351657,28,127,0.07621159294740908,0.016506657989789404,False,False,False,1.3363097999762886e-06,COMPLETE
142,0.37963356971740725,2025-04-01 14:16:29.336420,2025-04-01 14:16:40.020893,0 days 00:00:10.684473,0.5952212095619295,0.8840592073047407,8,0.28192123719082024,0.09962288222488232,0.05138220012004612,0.007774270615857318,0.022171607182218674,0.024863846897276304,0.00020359779001923644,28,139,0.07710786858127205,0.2653911123485182,False,False,False,1.3685790129433713e-06,COMPLETE
143,0.4008089065551758,2025-04-01 14:16:40.068573,2025-04-01 14:16:50.752892,0 days 00:00:10.684319,0.5338846471319163,0.9170364027124484,8,0.2947621294265168,0.10610642765998342,0.04372117312032344,0.005950273164633602,0.02814844412063098,0.029963908823006414,0.00023543641439430522,29,126,0.08750272870761647,0.01829950386386193,False,False,False,3.6654000347949375e-06,COMPLETE
144,0.4236273527145386,2025-04-01 14:16:50.800867,2025-04-01 14:17:01.646726,0 days 00:00:10.845859,0.5666237551834528,0.8466836117741051,8,0.287879722293316,0.08130778957550792,0.04691200453501354,0.0030834349796920613,0.03861196524834517,0.02319831469897538,0.000588682904974329,30,131,0.07982975511584979,0.01611764299551372,False,False,False,1.1568812013265407e-06,COMPLETE
145,0.4246992588043213,2025-04-01 14:17:01.694712,2025-04-01 14:17:12.448160,0 days 00:00:10.753448,0.642352762694906,0.8157135955287631,8,0.28787438676361066,0.07513542940727785,0.04607729206377734,0.010091778104872613,0.03775974305058865,0.016002237976576857,0.0009320738800299818,29,132,0.08133486283214304,0.014553701799127402,False,False,False,9.664292739802117e-07,COMPLETE
146,0.42519391775131227,2025-04-01 14:17:12.496874,2025-04-01 14:17:23.194415,0 days 00:00:10.697541,0.6424290326005518,0.8115665563381528,8,0.28846188221711944,0.07522189102122316,0.045946055176661685,0.010729466296035413,0.037371488822198456,0.014937624848111519,0.001041511664885804,29,131,0.08121841141343542,0.0011857863362300224,False,False,False,1.2227230820173405e-06,COMPLETE
147,0.4113640069961548,2025-04-01 14:17:23.245400,2025-04-01 14:17:33.940099,0 days 00:00:10.694699,0.7133065924281266,0.8213913534887496,8,0.2875658701676618,0.07459106368486307,0.045985131769289304,0.06506175099262176,0.03765118894923757,0.018535949362543807,0.0012084413373364597,29,132,0.08177369639275095,0.0025933021169166418,False,False,False,1.0855088097575258e-06,COMPLETE
148,0.4172258019447327,2025-04-01 14:17:33.988995,2025-04-01 14:17:44.956095,0 days 00:00:10.967100,0.6403768771682293,0.8437240118042799,8,0.27666653545121783,0.06634082128645394,0.05234857305720145,0.010860181090041585,0.04870217711011825,0.015061435976354103,0.0010689808638093773,30,141,0.07958494948980997,0.016141957666797355,False,False,False,5.757626516484185e-07,COMPLETE
149,0.3034845054149628,2025-04-01 14:17:45.004405,2025-04-01 14:17:54.918805,0 days 00:00:09.914400,0.6915212930479512,0.8501278079983037,8,0.2983456627200827,0.08056355676057265,0.05473895026375297,0.008958960022573329,0.04357280667362905,0.015027765060946512,0.0017301400168211146,30,134,0.08582788335196878,0.026232032716798588,False,False,True,1.026859533787398e-06,COMPLETE
150,0.4125980257987977,2025-04-01 14:17:54.968644,2025-04-01 14:18:05.814115,0 days 00:00:10.845471,0.5956659412543392,0.8083879095694562,8,0.28889233309573636,0.05624403337378221,0.04795612149869849,0.012596845367653764,0.03802980155566018,0.013819550773026485,0.0008669285979697198,29,144,0.08297997498124696,0.0016452608187703544,False,False,False,1.4737741259652646e-06,COMPLETE
151,0.4283423900604248,2025-04-01 14:18:05.874895,2025-04-01 14:18:16.636970,0 days 00:00:10.762075,0.6374931343009785,0.8627890995840108,8,0.2918863703736486,0.09213158641336174,0.0497604336649756,0.007177608710834046,0.031325123288790675,0.008628454780539935,0.0005813513225127591,29,130,0.08067034900517016,0.008211763505163769,False,False,False,2.31982921651568e-06,COMPLETE
152,0.42753061056137087,2025-04-01 14:18:16.689161,2025-04-01 14:18:27.632956,0 days 00:00:10.943795,0.6395997885366692,0.7653344892324285,8,0.2749108456815898,0.09352071144231063,0.04999708683842256,0.007256153952413657,0.03059555692429746,0.00858272256298686,0.0006050638139846778,30,130,0.08055509832004364,0.015360830526853459,False,False,False,8.081691177553451e-07,COMPLETE
153,0.4231173276901245,2025-04-01 14:18:27.683371,2025-04-01 14:18:38.420587,0 days 00:00:10.737216,0.6517897932124408,0.7545594734064563,8,0.27424333528950334,0.07332157155235296,0.050743132502660666,0.007681463721107645,0.04121244407490941,0.01094965222104629,0.0007712888200041234,29,129,0.07998316908085534,0.00817560951550872,False,False,False,7.49657496808441e-07,COMPLETE
154,0.4198737263679505,2025-04-01 14:18:38.472307,2025-04-01 14:18:49.014297,0 days 00:00:10.541990,0.6672070374742975,0.7573881806412911,8,0.25736937168017715,0.07241925554566676,0.04929407744594282,0.009978562799764546,0.04107905695352647,0.00788061000007614,0.0007529989036469719,28,130,0.08056586437246946,0.011571171166283535,False,False,False,4.88977515315347e-07,COMPLETE
155,0.3987802267074585,2025-04-01 14:18:49.064968,2025-04-01 14:18:59.337240,0 days 00:00:10.272272,0.6310638140042685,0.7834308808474006,8,0.2744549794991905,0.08052227996544607,0.04235505327054439,0.007438752145356185,0.035307663005662945,0.008563900146158866,0.0009152049046720375,29,19,0.08974757431083114,0.006999466354488457,False,False,False,8.868057911754878e-07,COMPLETE
156,0.4118689894676209,2025-04-01 14:18:59.389497,2025-04-01 14:19:23.710610,0 days 00:00:24.321113,0.6505820373256188,0.7680888613899569,2,0.2675210574362524,0.06080525361120007,0.045893210996929355,0.010651630818673687,0.053040292926221255,0.010794752745135876,0.0012824738198380912,29,126,0.09407662467952888,0.014038480268011279,False,False,False,3.254835900631715e-07,COMPLETE
157,0.41207901239395145,2025-04-01 14:19:23.761719,2025-04-01 14:19:34.669878,0 days 00:00:10.908159,0.6047137192937815,0.735604703465837,8,0.2893947361028868,0.10083876238095023,0.050274177847715894,0.008058621204150176,0.030742300510772296,0.012966789106630799,0.0006155215047119348,30,133,0.08641634306932951,0.007988219996079191,False,False,False,2.141652447428797e-06,COMPLETE
158,0.37126810550689704,2025-04-01 14:19:34.720857,2025-04-01 14:19:45.308667,0 days 00:00:10.587810,0.6651498095039095,0.8103641311781239,8,0.294464943161747,0.04640780464312266,0.055970938956616444,0.012180739968969964,0.03907689891378546,0.004563923226631659,0.0010060002781967564,28,130,0.07828326427152991,0.0012280495882056699,False,False,False,1.2551824460786963e-06,COMPLETE
159,0.4277240753173829,2025-04-01 14:19:45.360928,2025-04-01 14:19:56.018280,0 days 00:00:10.657352,0.6165359160148837,0.8131909575279159,8,0.2759517263260988,0.0826276226964955,0.051174811893425716,0.014732074105515476,0.04578077212042963,0.01707111336650296,0.0006154027824516377,29,125,0.08411478158564248,0.026792709360147344,False,False,False,7.461940254438372e-07,COMPLETE
160,0.42959936857223513,2025-04-01 14:19:56.070018,2025-04-01 14:20:06.917558,0 days 00:00:10.847540,0.6889719434478154,0.7704439983100909,8,0.27664334967446474,0.07081005783832067,0.06211338168718291,0.013436011014837695,0.04615992040813395,0.01607025434057165,0.0007242950072707609,29,124,0.08409807424038572,0.028547644439229407,False,False,False,7.659515479337286e-07,COMPLETE
161,0.4385118961334229,2025-04-01 14:20:06.970133,2025-04-01 14:20:17.786868,0 days 00:00:10.816735,0.6983406090329349,0.7689127939622687,8,0.2767994437623179,0.06963657577768075,0.051837604665744205,0.015344850164015454,0.04596300931423803,0.017429018366762878,0.0007323475473334422,29,125,0.08340505441118606,0.027249144804805978,False,False,False,7.61116732243262e-07,COMPLETE
162,0.4298716545104981,2025-04-01 14:20:17.849286,2025-04-01 14:20:28.590314,0 days 00:00:10.741028,0.6924486830884867,0.775550321638087,8,0.2770665489726591,0.07072674389009329,0.06213423525606096,0.015722147815433615,0.04652543732472542,0.017224259298993537,0.00063997956808107,29,125,0.08397308880280063,0.028476287557048757,False,False,False,6.903391599671607e-07,COMPLETE
163,0.425102698802948,2025-04-01 14:20:28.644266,2025-04-01 14:20:39.325088,0 days 00:00:10.680822,0.6923727868100901,0.7793894553509321,8,0.2606892918706391,0.0679308028724275,0.06315515455407612,0.015792206716688933,0.046981039789320174,0.01718406929873923,0.0006356650880817792,29,124,0.08356438688425578,0.024220845046226458,False,False,False,8.629175868260699e-07,COMPLETE
164,0.39164273738861083,2025-04-01 14:20:39.380003,2025-04-01 14:20:51.110077,0 days 00:00:11.730074,0.6913942728016698,0.7862111571545937,8,0.2635675998985925,0.05129450039490528,0.06268522440146967,0.015942270325123485,0.0472844806999583,0.016383911688278803,0.0007089895499878438,29,124,0.08323011796264973,0.028143881720740935,True,False,False,8.116616535493611e-07,COMPLETE
165,0.42820056676864626,2025-04-01 14:20:51.163972,2025-04-01 14:21:01.719215,0 days 00:00:10.555243,0.7696522734439982,0.7379645126182748,8,0.2580045769209071,0.0669160933717119,0.06914456955487748,0.016679106859439373,0.04547834654031183,0.016884774173871388,0.0009140880732009512,28,125,0.08531936472185857,0.02782373833159694,False,False,False,5.801835093220715e-07,COMPLETE
166,0.3420501828193665,2025-04-01 14:21:01.774310,2025-04-01 14:21:11.421221,0 days 00:00:09.646911,0.7630061013691924,0.7292649775224213,8,0.26678760033378235,0.0702679546414124,0.06915727278092423,0.01895055936441556,0.05243971880938623,0.01716540429109661,0.0015018140116568348,29,119,0.08736179653234659,0.031831375496659604,False,True,False,3.363297738976559e-07,COMPLETE
167,0.384631097316742,2025-04-01 14:21:11.476131,2025-04-01 14:21:20.216455,0 days 00:00:08.740324,0.7181404214908607,0.7513148062176055,16,0.24845287651255346,0.06703171815581513,0.06727023482197876,0.014687136020050248,0.045551623662501775,0.009269220902927937,0.0011701734658792517,28,126,0.08510613959696287,0.026163489156173742,False,False,False,5.372294841223386e-07,COMPLETE
