number,value,datetime_start,datetime_complete,duration,params_alpha-eval,params_alpha-train,params_batch-size,params_eps-eval,params_eps-train,params_lambda-actions-eval,params_lambda-actions-train,params_lambda-frames-eval,params_lambda-frames-train,params_learning-rate,params_n-epochs,params_n-frames,params_radius-gw,params_rho,params_std-feats,params_ub-actions,params_ub-frames,params_weight-decay,state
512,0.37289139032363894,2025-04-22 02:58:51.510327,2025-04-22 02:59:03.962200,0 days 00:00:12.451873,0.9435837231630558,0.7948617798794182,2,0.26784359463722873,0.09436712799711289,0.052770396166848095,0.024089249743141913,0.09002881896546133,0.020891821341026247,3.395042558333146e-05,9,140,0.07231989336879241,0.25608183294488124,False,False,False,2.3194224157483454e-08,COMPLETE
513,0.4415580749511719,2025-04-22 02:59:04.132651,2025-04-22 02:59:18.373259,0 days 00:00:14.240608,0.9990638736208994,0.6655675620690253,2,0.2512347806908223,0.08482251309790005,0.03922895683452608,0.017511800943920828,0.09561868083480493,0.02622335419284265,0.0010779779542078051,12,133,0.07547852295249081,0.2248178409970257,False,False,False,4.616607107976778e-06,COMPLETE
514,0.4463231921195984,2025-04-22 02:59:18.531381,2025-04-22 02:59:32.239905,0 days 00:00:13.708524,0.9715131698354276,0.692327099216995,2,0.2734575834596986,0.10135168121051448,0.04836336909209606,0.0328381803575244,0.08450712432081844,0.007708311484979288,0.0013932405704637134,11,144,0.08303147958386696,0.24213285130573262,False,False,False,1.0809544391378958e-06,COMPLETE
515,0.3746617913246155,2025-04-22 02:59:32.413182,2025-04-22 02:59:47.465290,0 days 00:00:15.052108,0.9315596229816033,0.7122283113076423,2,0.2580890230948446,0.12498210702135984,0.0413434535753022,0.02927566183519926,0.0823312176773669,0.02211034824619424,0.0017809133352399756,13,138,0.06912057182050341,0.24980237775370423,False,False,False,9.823182147408811e-08,COMPLETE
516,0.38926577568054205,2025-04-22 02:59:47.625720,2025-04-22 02:59:54.795373,0 days 00:00:07.169653,0.981062225320626,0.7309887787016922,16,0.2849553991564056,0.10855015059571388,0.058262695756820915,0.027259259297869404,0.09959952416058131,0.028203937610469673,0.000750646143692192,11,147,0.07878195928991794,0.23129023975188165,False,False,False,3.23831143869336e-08,COMPLETE
517,0.3860716462135315,2025-04-22 02:59:54.955322,2025-04-22 03:00:07.880590,0 days 00:00:12.925268,0.9184795404139575,0.6806728669534305,2,0.18573919227757746,0.11342077646434505,0.0509949939407858,0.021091587014789824,0.08682492926338603,0.01600120800193441,0.001127031303670735,10,142,0.08546060846388356,0.26435311140567236,False,False,False,6.105082283777834e-08,COMPLETE
518,0.44218012094497683,2025-04-22 03:00:08.052725,2025-04-22 03:00:22.350421,0 days 00:00:14.297696,0.9547283647406546,0.6442391544124906,2,0.266756180304774,0.11948989863543664,0.04354140330901083,0.025602155428427704,0.07857337880349176,0.024555824221909613,0.0008998830507110231,12,132,0.0766187642295418,0.2389602108787545,False,False,False,2.8344067464172037e-08,COMPLETE
519,0.39069567918777465,2025-04-22 03:00:22.512515,2025-04-22 03:00:35.773857,0 days 00:00:13.261342,0.9406452483809429,0.8397677090456586,2,0.27783359696220555,0.09870393008928181,0.05655491922577397,0.03041114286755861,0.0890183611202724,0.01809361839049293,0.001597169454727606,11,59,0.08112724348139573,0.25457296480973723,False,False,False,5.013901114876305e-08,COMPLETE
520,0.45148358345031736,2025-04-22 03:00:35.946823,2025-04-22 03:00:50.899583,0 days 00:00:14.952760,0.9998021023068501,0.7745462669936996,2,0.25426404436567485,0.10594144447039937,0.04701552859556582,0.023721344784802506,0.07483601688639926,0.013536044906594304,0.0019706486200930327,13,136,0.07423956897390345,0.21950384924396854,False,False,False,3.8636811505592586e-07,COMPLETE
521,0.40382381677627566,2025-04-22 03:00:51.061536,2025-04-22 03:01:05.411132,0 days 00:00:14.349596,0.8533190970832284,0.7063304288455109,2,0.2732080332797682,0.0945435731972047,0.040804090265257095,0.028132170272518693,0.018673349692794994,0.020218754836471387,0.001331095329093107,11,144,0.07792047948184612,0.24615837617435468,True,False,False,1.0436517420998704e-07,COMPLETE
522,0.44558794498443605,2025-04-22 03:01:05.575117,2025-04-22 03:01:19.750610,0 days 00:00:14.175493,0.9032421654145543,0.6592041357908445,2,0.24704055081717752,0.14165643977971512,0.0452049173678295,0.03383435075722465,0.09109521865847726,0.02344912382116935,0.002250066850569791,12,150,0.0718466561617735,0.2331284321263596,False,False,False,8.052751286790399e-08,COMPLETE
523,0.42906644344329836,2025-04-22 03:01:19.922571,2025-04-22 03:01:35.404936,0 days 00:00:15.482365,0.9665302820883439,0.7556198907845288,2,0.261650677313384,0.07625842234184933,0.03832713205624496,0.02257505896105545,0.08457005552133759,0.025623821848112283,0.0016158622150196267,14,140,0.07956313559560636,0.20568514824426723,False,False,False,1.781541678140764e-08,COMPLETE
524,0.44480601549148563,2025-04-22 03:01:35.566376,2025-04-22 03:02:00.479305,0 days 00:00:24.912929,0.9821345219391088,0.689516676816784,2,0.2813134130410053,0.11361487859219246,0.048512136428510835,0.019648262543296102,0.053670075063056356,0.01704453852451126,0.0011343578833268018,29,134,0.07609012163522488,0.23876064971283928,False,False,False,3.928970174142413e-08,COMPLETE
525,0.42562867403030397,2025-04-22 03:02:00.654468,2025-04-22 03:02:14.795811,0 days 00:00:14.141343,0.9326597362144134,0.9764324975466613,2,0.2876952882960977,0.12805926467413298,0.04287188719507443,0.031506347719733735,0.0812144745113055,0.02190443000864965,0.001396119898000158,12,127,0.08223889870374573,0.2680085433036582,False,False,False,2.3985359968228312e-08,COMPLETE
526,0.3810674428939819,2025-04-22 03:02:14.958818,2025-04-22 03:02:22.796213,0 days 00:00:07.837395,0.9567890438230481,0.8138505257559336,8,0.26880083534792604,0.10327114921119576,0.05194262147319951,0.02585582067702838,0.08650048192382792,0.019270473606944793,0.0008407061967945889,10,145,0.07450390627470234,0.25924680470403966,False,False,False,6.578908796626852e-08,COMPLETE
527,0.46365897655487065,2025-04-22 03:02:22.959448,2025-04-22 03:02:36.538481,0 days 00:00:13.579033,0.8923570704121985,0.72543314193542,2,0.2579403754298378,0.10907335623972382,0.049638589260809954,0.028416489186573454,0.08294311063492435,0.02740909189410664,0.0019670963951541245,11,140,0.07834944508780979,0.21248895645929897,False,False,False,9.58029794589805e-08,COMPLETE
528,0.33317128419876096,2025-04-22 03:02:36.712478,2025-04-22 03:02:49.592343,0 days 00:00:12.879865,0.8948578597864165,0.7098510049820805,2,0.27806736883908656,0.08872053199955365,0.04948119356105183,0.027486119685996267,0.08301789472889186,0.031078380108451636,0.0010153628597117206,12,142,0.07726277012249247,0.19727151881014326,False,True,False,1.402523019348309e-07,COMPLETE
529,0.2895512580871582,2025-04-22 03:02:49.756134,2025-04-22 03:03:03.110376,0 days 00:00:13.354242,0.8753625165965958,0.20464104823827983,2,0.2633149428468647,0.1080107467714199,0.05387455647757144,0.02350218240005536,0.08021390520456996,0.027882015182839403,0.0005953880326317398,13,147,0.09313237401571958,0.21223348737907133,False,False,True,1.0661423653321377e-07,COMPLETE
530,0.376249885559082,2025-04-22 03:03:03.285495,2025-04-22 03:03:15.416153,0 days 00:00:12.130658,0.9091007883289716,0.6694070352613424,2,0.27036631745088585,0.09710705118295387,0.050701759288448056,0.02524013033927468,0.08270249771453088,0.03079675173361285,0.002180021292611837,9,50,0.03582001645055756,0.21560092778254916,False,False,False,2.117362595216205e-06,COMPLETE
531,0.4343434572219849,2025-04-22 03:03:15.579519,2025-04-22 03:03:29.318923,0 days 00:00:13.739404,0.9193261111207881,0.9998229036110343,2,0.25939077606066246,0.10110335986731787,0.04712495941831796,0.02790895433056964,0.07951219083119998,0.028247195199171234,0.0016608723706959738,11,139,0.07325617525513176,0.20093605426786718,False,False,False,8.979756382375e-08,COMPLETE
532,0.45235877037048344,2025-04-22 03:03:29.496166,2025-04-22 03:03:43.296166,0 days 00:00:13.800000,0.8351347907952303,0.7307735044050866,2,0.27953943584473273,0.110030511142462,0.04955557045099529,0.0213054077951697,0.077381038522275,0.026428936176313096,0.0013455654303318242,11,143,0.07573466083284697,0.21066770661381742,False,False,False,1.7119730198982706e-07,COMPLETE
533,0.4385784983634949,2025-04-22 03:03:43.459824,2025-04-22 03:03:56.427093,0 days 00:00:12.967269,0.8779633999233412,0.7396074545976483,2,0.2863906171015889,0.11128645954024904,0.04912021809114265,0.017370608990242866,0.07710008721866807,0.029808690984018296,0.001421478938872377,10,141,0.07096162465908845,0.21460332732075404,False,False,False,2.3006493555587862e-07,COMPLETE
534,0.3897068738937378,2025-04-22 03:03:56.599014,2025-04-22 03:04:10.045895,0 days 00:00:13.446881,0.9841889144950297,0.7278674941033138,2,0.2742591840226392,0.11044192728281657,0.04745022243227152,0.020534514709008418,0.08529364500404088,0.03405350278191761,0.0018633006055683546,11,80,0.0980471070839336,0.21351803669398695,False,False,False,1.756644902333059e-07,COMPLETE
535,0.44324089288711555,2025-04-22 03:04:10.222731,2025-04-22 03:04:23.880229,0 days 00:00:13.657498,0.8986682858990624,0.7428949258544593,2,0.26609914781730387,0.11832660557322969,0.04555157818400016,0.014898627339998562,0.08368770831221556,0.02639697277193504,0.0012579647457607265,11,138,0.07523390833941698,0.2232617123043129,False,False,False,2.0974114873223098e-07,COMPLETE
536,0.43881212472915654,2025-04-22 03:04:24.045319,2025-04-22 03:04:37.058897,0 days 00:00:13.013578,0.5229200673607526,0.7623268837021342,2,0.2126333551569189,0.1066665791736292,0.05167449103461037,0.01894909657088844,0.0738927888320125,0.028962140799296036,0.001638266727519934,10,143,0.07252751877582936,0.20918448079938123,False,False,False,1.6118205829776736e-07,COMPLETE
537,0.3753896117210388,2025-04-22 03:04:37.241103,2025-04-22 03:04:50.804731,0 days 00:00:13.563628,0.8620181273572437,0.7866307183910645,2,0.24006674347585477,0.11298085883044308,0.04897811904225729,0.02289034523336836,0.08162707792540927,0.026667765530585936,0.0024305209427503715,11,140,0.06860813297681848,0.20540214627598327,False,False,False,1.3435473404854963e-07,COMPLETE
538,0.37764430046081543,2025-04-22 03:04:50.971501,2025-04-22 03:04:58.073101,0 days 00:00:07.101600,0.8456747326057481,0.7042393371329616,16,0.24994217366828092,0.08238556717016444,0.04475759303567825,0.022634587826091016,0.08568323556655907,0.0323607020980434,0.002008054411791946,10,137,0.07567798485508073,0.20762785151710286,False,False,False,2.590116216127175e-07,COMPLETE
539,0.4571384787559509,2025-04-22 03:04:58.240637,2025-04-22 03:05:12.532471,0 days 00:00:14.291834,0.9682683369328172,0.7251967519574933,2,0.28049692058488,0.12078295486098861,0.04717403017877739,0.020984329197313457,0.07781741997210298,0.009609707899710909,0.0014094929695007904,12,143,0.07379854733906716,0.21965674851896613,False,False,False,1.635206477165694e-07,COMPLETE
540,0.4357032179832459,2025-04-22 03:05:12.709609,2025-04-22 03:05:26.411155,0 days 00:00:13.701546,0.9757112975948197,0.7235086476972487,2,0.29419671783025725,0.12314924228766286,0.047310645317062645,0.0203504105203432,0.07587957820483997,0.0251832755305427,0.0012061677231764909,11,145,0.07152193021825423,0.2249124504638564,False,False,False,1.598727729898329e-07,COMPLETE
541,0.3856709599494934,2025-04-22 03:05:26.578753,2025-04-22 03:05:40.926695,0 days 00:00:14.347942,0.9978943511099262,0.7502839740208663,2,0.28187553798607234,0.12647568895289188,0.04743773170287178,0.017312802832744792,0.06952759905859655,0.010412439769415974,0.0013998107473151419,11,143,0.073417802970398,0.21927953919880722,True,False,False,1.7993336795005853e-07,COMPLETE
542,0.4360685467720032,2025-04-22 03:05:41.104499,2025-04-22 03:05:54.169855,0 days 00:00:13.065356,0.8325067230124069,0.7145919203644459,2,0.288698658742803,0.13373861638430531,0.04982748992454519,0.019144302563011372,0.07720671601494548,0.027714883356902142,0.0011343228656537714,10,141,0.07389177883947176,0.2203216476838162,False,False,False,1.9924116961677062e-07,COMPLETE
543,0.46057710647583006,2025-04-22 03:05:54.339120,2025-04-22 03:06:08.500870,0 days 00:00:14.161750,0.9659858116801977,0.6921725975098976,2,0.2814162577126444,0.11754789533597543,0.05264072193642484,0.021575457570227708,0.07280535296372234,0.012973242659988858,0.0014987328960481688,12,145,0.07002433523673947,0.2262021690115732,False,False,False,1.4332761983600714e-07,COMPLETE
544,0.38164610862731935,2025-04-22 03:06:08.681879,2025-04-22 03:06:22.969310,0 days 00:00:14.287431,0.9686400156198366,0.6835458375979625,2,0.2002274825162897,0.12227553254740385,0.051798943459171305,0.02128041330351617,0.07555336713553694,0.014258639582944288,0.0013558788797716373,12,145,0.06487130523808818,0.225867049461429,False,False,False,2.752870852610762e-07,COMPLETE
545,0.45617634057998663,2025-04-22 03:06:23.138334,2025-04-22 03:06:36.785910,0 days 00:00:13.647576,0.9829442604567844,0.6952253821425102,2,0.29132449727225235,0.1282590194802842,0.056910970379596776,0.017860196362980064,0.07815017920637846,0.01231440583249517,0.001022898259951739,11,147,0.06969843501825357,0.22187693659423,False,False,False,1.8588569200670442e-07,COMPLETE
546,0.45397586822509767,2025-04-22 03:06:36.953922,2025-04-22 03:06:50.576873,0 days 00:00:13.622951,0.9820160966447721,0.6903964265494638,2,0.29748738448041123,0.1382830764257881,0.05909135363677189,0.013801087088850698,0.07337523731161077,0.012147763615251503,0.0009887415028122107,11,148,0.06774229368412532,0.2272312582974429,False,False,False,1.336064593397547e-07,COMPLETE
547,0.3733692884445191,2025-04-22 03:06:50.758911,2025-04-22 03:07:03.702382,0 days 00:00:12.943471,0.9993403174766791,0.6365967940497435,2,0.29883243770093343,0.15076793792737492,0.0573854560255656,0.01456113996498892,0.07399844555216537,0.011469020756631254,0.0007771721088808904,10,146,0.06821940277579565,0.2205810307429067,False,False,False,1.3774124174627514e-07,COMPLETE
548,0.3911521673202515,2025-04-22 03:07:03.872975,2025-04-22 03:07:17.509007,0 days 00:00:13.636032,0.9671006912205147,0.6695124263371952,2,0.29431985098634905,0.13460453714250822,0.06337579340158535,0.01584013531265546,0.06724052009904832,0.012905431984947141,0.000967856458335917,11,149,0.06607358530564747,0.22705963464430232,False,False,False,1.362931712225977e-07,COMPLETE
549,0.33795927762985234,2025-04-22 03:07:17.689825,2025-04-22 03:07:24.974308,0 days 00:00:07.284483,0.9786224150076672,0.6861567386942482,8,0.17598045675700374,0.14400407155859218,0.06203528225281004,0.016436730336907707,0.0718959207377369,0.009970972179212754,0.0009873232490786128,10,150,0.06751078428654643,0.22681692144559343,False,True,False,1.1286587354295089e-07,COMPLETE
550,0.29287315011024473,2025-04-22 03:07:25.143896,2025-04-22 03:07:37.374458,0 days 00:00:12.230562,0.9575138477396751,0.6570724995619358,2,0.29754050542293214,0.1386409334761981,0.06095719584032121,0.013904082731709502,0.06907311740186427,0.011773047775240289,0.0008721157494907777,11,148,0.06780417283416895,0.21997483103524546,False,False,True,1.1630605292886999e-07,COMPLETE
551,0.4372094869613648,2025-04-22 03:07:37.556096,2025-04-22 03:07:49.875304,0 days 00:00:12.319208,0.9802182301709337,0.6946749235233679,2,0.2995414150198038,0.1320092366849087,0.05986701285824992,0.012538848501632067,0.07449238836453465,0.012763618492824395,0.0006897035822604176,9,146,0.06944350760468526,0.22703495110560043,False,False,False,1.957641925612976e-07,COMPLETE
552,0.4332812070846558,2025-04-22 03:07:50.047313,2025-04-22 03:08:03.706836,0 days 00:00:13.659523,0.9640457990676304,0.6028000800138652,2,0.29067754067704554,0.12938591369566246,0.055612384097027324,0.011028329384259272,0.07800331062563806,0.013892830284883563,0.001080998570725856,11,150,0.0691890767346501,0.21814268871522147,False,False,False,1.2162638455253343e-07,COMPLETE
553,0.45187754631042487,2025-04-22 03:08:03.890456,2025-04-22 03:08:17.566582,0 days 00:00:13.676126,0.999251897873997,0.6262625522253881,2,0.29247009964483306,0.13806644848921787,0.0589080050076061,0.017464038425720755,0.07190538569548824,0.012335641103992361,0.0011411177912146416,11,146,0.06987674394078179,0.22930838387425914,False,False,False,1.0262822591967022e-07,COMPLETE
554,0.36485180258750916,2025-04-22 03:08:17.737929,2025-04-22 03:08:30.764948,0 days 00:00:13.027019,0.9824289549155917,0.6750497595509944,2,0.28908487796821997,0.13879303999420123,0.0614572639030972,0.019237988677664884,0.0702799586928472,0.01686149607473422,0.0008753143845085962,10,147,0.06545512111483529,0.22194710547295715,False,False,False,1.5419722324690262e-07,COMPLETE
555,0.3816498398780823,2025-04-22 03:08:30.938265,2025-04-22 03:08:45.244139,0 days 00:00:14.305874,0.9534119125959609,0.1418035321136757,2,0.29246007890399567,0.13043000910383498,0.06380001241139716,0.013593674531103843,0.07297997455032124,0.010247159082089277,0.0010351668359850161,12,144,0.06636011660310043,0.23197702674108883,False,False,False,1.2923936890676322e-07,COMPLETE
556,0.3835373401641846,2025-04-22 03:08:45.427236,2025-04-22 03:08:59.137724,0 days 00:00:13.710488,0.983407591278438,0.701421435593894,2,0.298628960831096,0.12864194691618627,0.056734290082290355,0.015664776217150643,0.07608524650394176,0.0149276775174885,0.0012230219271760858,11,147,0.05176512483799545,0.22319253167045874,False,False,False,9.093281780767204e-08,COMPLETE
557,0.43603018522262577,2025-04-22 03:08:59.309732,2025-04-22 03:09:12.267488,0 days 00:00:12.957756,0.9567038839087847,0.6479613357318157,2,0.2868169062850758,0.1373887136316438,0.05808792353452829,0.018785491833917544,0.07842302540064798,0.011047626361223854,0.0006966352536964326,10,145,0.07064844653692721,0.2305533970939542,False,False,False,9.994545345013873e-08,COMPLETE
558,0.4424779057502747,2025-04-22 03:09:12.453668,2025-04-22 03:09:26.774371,0 days 00:00:14.320703,0.9694403446947212,0.6843879670694067,2,0.2852700941060486,0.147813058245603,0.06448241980594605,0.016773166884022687,0.07985677007577754,0.01389873795897624,0.0009632067600670928,12,150,0.07044464892585287,0.2161575212642211,False,False,False,7.471711444425025e-08,COMPLETE
559,0.3884474515914917,2025-04-22 03:09:26.948317,2025-04-22 03:09:40.503028,0 days 00:00:13.554711,0.9478384383254871,0.7109815899367834,2,0.29449564840987213,0.1278320149983954,0.06573412699452993,0.018505737240465996,0.06406685689890391,0.012919375503288647,0.0015446782119134092,11,115,0.07323925178694604,0.23370923306145752,False,False,False,2.041395484227875e-07,COMPLETE
560,0.3889281272888184,2025-04-22 03:09:40.688174,2025-04-22 03:09:47.968303,0 days 00:00:07.280129,0.9993393827857739,0.6642644916095172,16,0.2854262873540083,0.1227409474640693,0.05524683928276079,0.015159558975689862,0.07845289300997162,0.010242466091029738,0.0011906464556339846,12,143,0.0694823465546971,0.22581478052882814,False,False,False,1.5016770718150828e-07,COMPLETE
561,0.4553741097450257,2025-04-22 03:09:48.142543,2025-04-22 03:10:01.828686,0 days 00:00:13.686143,0.9682327804221117,0.7002492715491397,2,0.2815378484032782,0.12364248157744481,0.05532625792224602,0.012770307073304272,0.07354947221590831,0.015192225406352414,0.0008125494269252061,11,146,0.07079506510783827,0.2336246424164259,False,False,False,1.20519010422887e-07,COMPLETE
562,0.3716931939125061,2025-04-22 03:10:02.003539,2025-04-22 03:10:20.754697,0 days 00:00:18.751158,0.9429095629496193,0.6826136388027376,2,0.2822075041366519,0.1315335578891475,0.05929649991340238,0.011445730400590687,0.07220529249945155,0.014368172750553854,0.0007791205273110758,19,147,0.06440680981895766,0.21911032409751377,False,False,False,1.1937767274872763e-07,COMPLETE
563,0.3714242219924927,2025-04-22 03:10:20.938330,2025-04-22 03:10:42.169945,0 days 00:00:21.231615,0.6150860152269133,0.6496523556014868,2,0.2890697892035654,0.14294162165903465,0.0567060664734037,0.013035958182105341,0.07372417551916358,0.012200835354084545,0.000690353009037424,21,148,0.0678029573239531,0.22889841807463462,True,False,False,1.583158626636704e-07,COMPLETE
564,0.44108129739761354,2025-04-22 03:10:42.344796,2025-04-22 03:10:55.895358,0 days 00:00:13.550562,0.9638668182793813,0.7009666175621807,2,0.29218576196232554,0.12329386418255049,0.0551218691322146,0.010991008439053119,0.07533542208129508,0.009124348507480534,0.0008283378151211817,11,144,0.07092029851003943,0.21530249455202616,False,False,False,9.597649052013697e-08,COMPLETE
565,0.4012216687202454,2025-04-22 03:10:56.082957,2025-04-22 03:11:08.485185,0 days 00:00:12.402228,0.9424031525633879,0.6684965365986623,2,0.28776535044885565,0.1330366938508043,0.05415237125938358,0.014493561138510467,0.06848201993767729,0.014858335131455234,0.0006176465299074225,9,150,0.06659180437368831,0.2338481729417598,False,False,False,1.2670072903818574e-07,COMPLETE
566,0.3892276525497437,2025-04-22 03:11:08.659971,2025-04-22 03:11:21.788004,0 days 00:00:13.128033,0.9711902142264354,0.6882401501192587,2,0.28167222120032204,0.1260108489641895,0.053502888409702666,0.01679950601766064,0.07248398298773899,0.015037861382751238,0.0884179191622759,10,147,0.07023102364809695,0.22412989082587886,False,False,False,8.412626638178006e-08,COMPLETE
567,0.38550865650177,2025-04-22 03:11:21.977264,2025-04-22 03:11:36.221936,0 days 00:00:14.244672,0.9514438624553059,0.29275411629361703,2,0.2992128061085778,0.12133431853217858,0.0579700976356443,0.01465927850994267,0.0735670150749988,0.01343387793673457,0.000928099966474637,12,143,0.07126140572191172,0.2306362631113122,False,False,False,2.191054737241912e-07,COMPLETE
568,0.3849281668663025,2025-04-22 03:11:36.398095,2025-04-22 03:11:49.942419,0 days 00:00:13.544324,0.9799672942685811,0.5554920832415405,2,0.2835165875871126,0.12016410186778369,0.05559010824770714,0.017963630377188143,0.07150090412762662,0.011790155424156195,0.0005999455042472937,11,145,0.07177223618898118,0.2724708905478341,False,False,False,1.0922742381874734e-07,COMPLETE
