number,value,datetime_start,datetime_complete,duration,params_alpha-eval,params_alpha-train,params_batch-size,params_eps-eval,params_eps-train,params_lambda-actions-eval,params_lambda-actions-train,params_lambda-frames-eval,params_lambda-frames-train,params_learning-rate,params_n-epochs,params_n-frames,params_radius-gw,params_rho,params_std-feats,params_ub-actions,params_ub-frames,params_weight-decay,state
1025,0.3814641237258911,2025-04-22 04:55:34.911981,2025-04-22 04:55:47.901244,0 days 00:00:12.989263,0.9649657571147264,0.95587887518715,2,0.24669875875243924,0.12133318479833331,0.051656491102527374,0.026188400245894895,0.025811096045411788,0.014290716732227567,0.0030078513681487356,10,140,0.06866938494461419,0.2520886179230474,False,False,False,0.00036203670746751544,COMPLETE
1026,0.4453674912452698,2025-04-22 04:55:48.234026,2025-04-22 04:56:01.841689,0 days 00:00:13.607663,0.9513728889099635,0.6723424683657294,2,0.2753546084294528,0.09493520926454051,0.09071136761639216,0.020145824286005733,0.08305515143570688,0.022980691822235937,0.0016650313454782063,11,148,0.07338341987963116,0.2342432068511006,False,False,False,1.9913226310420238e-07,COMPLETE
1027,0.4519988059997559,2025-04-22 04:56:02.157287,2025-04-22 04:56:16.501054,0 days 00:00:14.343767,0.9808834923566027,0.7023697784160898,2,0.2996448856564517,0.12995661453065357,0.05422137864089369,0.023561261708516686,0.0801843738416039,0.027288021466431753,0.0012206330194676415,12,143,0.07702776129287783,0.19762801523121576,False,False,False,3.5307137747658936e-08,COMPLETE
1028,0.3987130880355835,2025-04-22 04:56:16.828887,2025-04-22 04:56:30.469111,0 days 00:00:13.640224,0.8747978107566574,0.8985788939273793,2,0.2626764063419075,0.143297992217858,0.09277792674867125,0.027241495612279912,0.08898619444055174,0.009599577418605934,0.0024177197181668875,11,136,0.08078580043063315,0.243347893444047,False,False,False,0.00018268061097991554,COMPLETE
1029,0.3038428843021393,2025-04-22 04:56:30.798605,2025-04-22 04:56:37.487740,0 days 00:00:06.689135,0.8999787463965585,0.9983919987790211,16,0.2551502933215047,0.1091933064487501,0.047384259709990564,0.02551376295713951,0.032762234560393795,0.018044018007998174,0.0018693001770435057,10,141,0.07511791788652045,0.22842990557432963,False,False,True,3.3299601306834314e-07,COMPLETE
1030,0.34293402433395387,2025-04-22 04:56:37.818480,2025-04-22 04:56:51.096728,0 days 00:00:13.278248,0.7549794197988313,0.6251733489916669,2,0.2844910105413762,0.10315028138082229,0.049216835161680114,0.03153373457102702,0.07467593185452848,0.02527844620061105,0.0014628573600828402,13,145,0.07886878552410113,0.2581370734618935,False,True,False,8.932335488496377e-08,COMPLETE
1031,0.38594397306442263,2025-04-22 04:56:51.429860,2025-04-22 04:57:05.081329,0 days 00:00:13.651469,0.9407180347409785,0.7257039593387924,2,0.29355021202385795,0.12264271528919604,0.0455785007363387,0.02209848048616953,0.030295742817606688,0.021248332196454806,0.0009940823615763742,11,138,0.06311314684940122,0.21803479540196208,False,False,False,1.244335807695606e-07,COMPLETE
1032,0.38831582069396975,2025-04-22 04:57:05.416054,2025-04-22 04:57:17.213354,0 days 00:00:11.797300,0.9671646228250604,0.6510471010529201,2,0.2717542473005178,0.11434346036716553,0.052333554562573194,0.03392903717033484,0.0849167392033137,0.02997357419893438,0.0013179639958548857,8,129,0.07001072118679813,0.18230041297672622,False,False,False,7.08833590050203e-08,COMPLETE
1033,0.4499966144561768,2025-04-22 04:57:17.550077,2025-04-22 04:57:35.565369,0 days 00:00:18.015292,0.9184032947216723,0.6055652209478432,2,0.28787107412218016,0.0989236486165115,0.027754592209643797,0.028509827965166688,0.07704368103518357,0.012244657567884835,0.0019489440652065671,18,148,0.07278263186923137,0.24868999148763263,False,False,False,4.73797898506912e-08,COMPLETE
1034,0.4440669178962708,2025-04-22 04:57:35.883584,2025-04-22 04:57:50.230261,0 days 00:00:14.346677,0.999853776330403,0.6843481998085083,2,0.28021426391979665,0.11791668389680829,0.03969238257764964,0.015646702836252736,0.08201368501646054,0.01604763262206521,0.001561338552734947,12,143,0.07626145535326481,0.16125064329635086,False,False,False,1.635293600260811e-08,COMPLETE
1035,0.4126645684242249,2025-04-22 04:57:50.561399,2025-04-22 04:58:03.053693,0 days 00:00:12.492294,0.9996566115743872,0.975576860093161,2,0.09485909543493343,0.1100763704171742,0.04295068358417528,0.02443120805069954,0.022865297401106294,0.008392661945680753,0.0025841041270482827,9,150,0.0738789674292997,0.2385286048878768,False,False,False,1.7675419210884535e-07,COMPLETE
1036,0.4460715651512146,2025-04-22 04:58:03.386148,2025-04-22 04:58:16.528150,0 days 00:00:13.142002,0.9511708969400994,0.6621115076499181,2,0.2649472955253146,0.13321281399275994,0.0562693412475523,0.017615081311701943,0.07940325830357425,0.019120334947062397,0.0011754256969923693,10,141,0.07793601331619428,0.2095918937776369,False,False,False,8.990296334753408e-08,COMPLETE
1037,0.40940423011779786,2025-04-22 04:58:16.861714,2025-04-22 04:58:31.264731,0 days 00:00:14.403017,0.9774521261627527,0.9208083487274039,2,0.2393269781587618,0.09222038616617687,0.0476700609721245,0.02039695944613784,0.03789665237210904,0.014942103573755465,0.001705993599097272,12,146,0.07148355327027096,0.1348037588180209,False,False,False,1.275838247898372e-07,COMPLETE
1038,0.4456645727157593,2025-04-22 04:58:31.597911,2025-04-22 04:58:46.525062,0 days 00:00:14.927151,0.936248858991586,0.7130164188303229,2,0.2583889336446279,0.12735387736504455,0.030447857175001296,0.02728861063714648,0.04597080950991285,0.01107602031669916,0.0009739260320708539,13,134,0.07529790287856641,0.22473837917102463,False,False,False,5.5890168894546645e-08,COMPLETE
1039,0.41989889144897463,2025-04-22 04:58:46.861195,2025-04-22 04:59:00.605675,0 days 00:00:13.744480,0.9640327408336891,0.28063664291118684,2,0.07292823240771029,0.02987728123215977,0.06520190671696507,0.022777650177696656,0.03537019510836507,0.005246893582246144,0.00211713926713724,11,139,0.08248199030163064,0.2319763918861887,False,False,False,2.9290558182625424e-08,COMPLETE
1040,0.43380993604660034,2025-04-22 04:59:00.944580,2025-04-22 04:59:13.929193,0 days 00:00:12.984613,0.9825280945797265,0.6341572927127969,2,0.29427438563247343,0.10487339330636354,0.05099091353868297,0.029410303485246675,0.050908644512700975,0.0223642555628095,0.0013942478274699271,10,144,0.07918817114116374,0.26727449972090717,False,False,False,1.094285109313565e-07,COMPLETE
1041,0.3852622270584106,2025-04-22 04:59:14.250580,2025-04-22 04:59:29.482491,0 days 00:00:15.231911,0.9132238463324277,0.6840539148298146,2,0.27581250920458555,0.12026763473560549,0.044523235581138965,0.025301095278570357,0.07249535982758397,0.013456260880741044,0.0011617614241312907,12,147,0.06661904476910886,0.2545073710050015,True,False,False,7.868974818693634e-08,COMPLETE
1042,0.3733221054077149,2025-04-22 04:59:29.815018,2025-04-22 04:59:43.555386,0 days 00:00:13.740368,0.9510049428189402,0.9820444811169802,2,0.2520069156472644,0.11354228725693624,0.054293186415407174,0.030548327475189187,0.0763755038870165,0.0027774024907270493,0.0017480535120098551,11,137,0.007541900878944165,0.24414777662307288,False,False,False,3.846102235325125e-08,COMPLETE
1043,0.38240324258804326,2025-04-22 04:59:43.888915,2025-04-22 04:59:51.686983,0 days 00:00:07.798068,0.9692724328331318,0.9537897237689156,8,0.29976096040008343,0.10662525757443811,0.025831767234368367,0.026923333992719064,0.02829298754989258,0.01971879117925914,0.002992920985334541,10,142,0.09054981888295463,0.20327813149611137,False,False,False,1.4630041179643158e-07,COMPLETE
1044,0.44111068248748786,2025-04-22 04:59:52.022420,2025-04-22 05:00:04.402894,0 days 00:00:12.380474,0.9353500620296211,0.6992884110191296,2,0.2887874522429482,0.0865687754952338,0.05046115885559467,0.024300987243557982,0.08133976498977578,0.024690024706234718,0.002339968182093813,9,145,0.07291864456179747,0.2184768601289852,False,False,False,2.1672059775691472e-07,COMPLETE
1045,0.38168537616729736,2025-04-22 05:00:04.738173,2025-04-22 05:00:19.753455,0 days 00:00:15.015282,0.5825086508642969,0.5421257746645892,2,0.26802426008535557,0.1254500845443077,0.059671505388168275,0.018914338046629495,0.08741437450662089,0.017548902753967265,0.0014544507149139665,13,150,0.07689543165345286,0.23617089903943225,False,False,False,6.594355946189004e-08,COMPLETE
1046,0.4364028096199036,2025-04-22 05:00:20.093294,2025-04-22 05:00:34.414662,0 days 00:00:14.321368,0.8892075879166192,0.6660107743387621,2,0.28238606826915,0.13753256886238382,0.0677204432589711,0.002361338519184117,0.0841001818841951,0.05033406958473221,0.0018765612573998437,12,140,0.07444684219906536,0.22793543164145805,False,False,False,2.0551044121104824e-08,COMPLETE
1047,0.37254179716110236,2025-04-22 05:00:34.753037,2025-04-22 05:00:50.221501,0 days 00:00:15.468464,0.9819845855007269,0.5842546758723453,2,0.21341197344787932,0.24586883054440042,0.047825922033354874,0.02136127260275951,0.0338621475214279,0.015104334559962018,0.0011412624300356823,14,132,0.06968581925115247,0.24762129909527048,False,False,False,1.0136417358487485e-07,COMPLETE
1048,0.3530403971672058,2025-04-22 05:00:50.562986,2025-04-22 05:01:02.774993,0 days 00:00:12.212007,0.9552655832118045,0.647931571952121,2,0.2735386842883024,0.09945844497197863,0.04234745884089194,0.02793989865260416,0.07843618014651492,0.02111260697802068,0.0015348230279488267,11,143,0.08061655881922992,0.22237657874553698,False,True,False,1.674456705490388e-07,COMPLETE
1049,0.42809538841247563,2025-04-22 05:01:03.097251,2025-04-22 05:01:16.777440,0 days 00:00:13.680189,0.9247472328917494,0.7282147086338207,2,0.29012294602461974,0.11527681950204724,0.05351665357540806,0.034696540618843356,0.06811515714810638,0.010030805743099645,0.000995642290442642,11,147,0.07624357470819193,0.2419374784518831,False,False,False,8.003573916960934e-08,COMPLETE
1050,0.2941354870796204,2025-04-22 05:01:17.111640,2025-04-22 05:01:28.753777,0 days 00:00:11.642137,0.9806426776800464,0.6124073544170093,2,0.26170037195286855,0.12272116937916842,0.04616669091682848,0.02320683697331088,0.08620840378584887,0.0281033892943666,0.002013774108298523,10,136,0.07124241267846532,0.2129953055879972,False,False,True,1.1107892767345238e-07,COMPLETE
1051,0.38719905614852906,2025-04-22 05:01:29.089222,2025-04-22 05:01:36.398134,0 days 00:00:07.308912,0.8496098421973186,0.7041728862022267,16,0.28083910681718055,0.10823748411018361,0.08355684624719267,0.025567419629216367,0.058645837366911674,0.012480952266437546,0.0013416688663742257,12,139,0.07816629872564859,0.23293263201650868,False,False,False,5.2632434766837447e-08,COMPLETE
1052,0.3852153420448304,2025-04-22 05:01:36.737641,2025-04-22 05:01:50.367074,0 days 00:00:13.629433,0.9516472443491457,0.998517987030187,2,0.2942864310984407,0.11639339597324651,0.0581241779708195,0.030381954812314486,0.0736484480408773,0.02254839121006029,0.002510537915938624,11,143,0.07346774955495125,0.25856417991310626,False,False,False,1.534324210106894e-07,COMPLETE
1053,0.3755417108535767,2025-04-22 05:01:50.708044,2025-04-22 05:02:04.950390,0 days 00:00:14.242346,0.9659538032286723,0.6689704088518624,2,0.24491233939900853,0.07506202517999898,0.04921172114653834,0.02084287448532962,0.08296543540475212,0.018472479352332573,0.001542523858122821,12,146,0.06831936772907568,0.2516918650662723,False,False,False,8.302426752389172e-08,COMPLETE
1054,0.3905054450035096,2025-04-22 05:02:05.290688,2025-04-22 05:02:18.267102,0 days 00:00:12.976414,0.9086371066200126,0.6377018427071445,2,0.28519195958696747,0.1786958891595688,0.03884736536462395,0.03966283066480409,0.026036218641100704,0.00655126265871954,0.00342892925431402,10,141,0.07534174300778959,0.2263863529734516,False,False,False,1.2202146864416496e-07,COMPLETE
1055,0.3703476905822754,2025-04-22 05:02:18.608921,2025-04-22 05:02:40.569285,0 days 00:00:21.960364,0.985029458598841,0.6872147741234766,2,0.26980049084818203,0.0545497671559725,0.04429541885679048,0.02562335246954479,0.07886220409013808,0.01608312502883525,0.0017827144967740907,24,150,0.072254863124616,0.2383075241008909,False,False,False,2.4426064067891563e-07,COMPLETE
1056,0.3777209401130676,2025-04-22 05:02:40.913772,2025-04-22 05:02:53.273582,0 days 00:00:12.359810,0.9300464531315633,0.22572494405770582,2,0.2578211289041737,0.16134545804563485,0.07274270957722888,0.016795922407554755,0.08839466092638486,0.008489593169188151,0.0012329149677066961,9,124,0.08443059955161039,0.11783908151300976,False,False,False,6.258110008130901e-08,COMPLETE
1057,0.39449851512908934,2025-04-22 05:02:53.603841,2025-04-22 05:03:08.638179,0 days 00:00:15.034338,0.9495462044270018,0.7246410757245383,2,0.277748157871277,0.13042320010567468,0.052700725133098016,0.02248803309502444,0.01631420917175573,0.03347528986937269,0.04149559992509878,13,145,0.07861777442591569,0.2183433157239984,False,False,False,9.81776106782606e-08,COMPLETE
1058,0.38177329301834106,2025-04-22 05:03:08.976598,2025-04-22 05:03:23.304482,0 days 00:00:14.327884,0.4431550047923666,0.48057656987241315,2,0.2997302327127145,0.14519474535371696,0.040844440490803734,0.028457137082134806,0.07541981653810546,0.01395082786801188,0.0021499337332857335,12,138,0.08092321181302345,0.23201559579885134,False,False,False,3.20068777336126e-08,COMPLETE
1059,0.44121135473251344,2025-04-22 05:03:23.644841,2025-04-22 05:03:36.738762,0 days 00:00:13.093921,0.9847347971332429,0.9677990399018239,2,0.25181680454017813,0.0954729480170054,0.026898938223644194,0.03266842429428308,0.0710485207849585,0.025851612075440823,0.0015729059702126575,10,142,0.07634198481827317,0.1963261817076577,False,False,False,4.036997982228747e-08,COMPLETE
1060,0.4475399851799011,2025-04-22 05:03:37.082924,2025-04-22 05:03:50.771475,0 days 00:00:13.688551,0.999723803805008,0.9374770422990373,2,0.2637811359907688,0.11112250744530937,0.09642342148217671,0.02377817741040053,0.08092525373988539,0.02030584852058773,0.0009048754210177369,11,135,0.07411438740909455,0.26173299108891435,False,False,False,1.9413366463099535e-07,COMPLETE
1061,0.3849567174911499,2025-04-22 05:03:51.111290,2025-04-22 05:04:05.568517,0 days 00:00:14.457227,0.9999131260769267,0.6746399523928441,2,0.2897802573838697,0.1039009295615717,0.055703304276076754,0.019319152126130664,0.040366444606340444,0.023746986895816717,0.001253279392090399,13,19,0.07144104433670855,0.24555589539756192,True,False,False,1.3405255585939697e-07,COMPLETE
1062,0.39657652378082275,2025-04-22 05:04:05.911435,2025-04-22 05:04:18.344568,0 days 00:00:12.433133,0.9667120534905524,0.6575688451827862,2,0.2760561564288859,0.12022711905848751,0.02941849748123494,0.02674260510901101,0.030262161716771867,0.011510117298090473,0.0048916991882738065,9,148,0.07731912337537722,0.20519036721635298,False,False,False,7.225707240384147e-08,COMPLETE
1063,0.376904571056366,2025-04-22 05:04:18.686119,2025-04-22 05:04:26.716643,0 days 00:00:08.030524,0.9449344255911478,0.6958608823005509,8,0.2844158801017046,0.13411189086804165,0.09944789781844,0.029008733366050442,0.08530691842817127,0.01748962065828411,0.0019062784416694757,11,144,0.0747077629202082,0.23776710101667078,False,False,False,9.12163015319778e-08,COMPLETE
1064,0.38240243196487433,2025-04-22 05:04:27.060633,2025-04-22 05:04:41.118034,0 days 00:00:14.057401,0.896638223042255,0.6256012644078912,2,0.1696430155157789,0.11225927825801121,0.048344168114544166,0.024972062292370305,0.024066541872877836,0.0144999050302528,0.0023309670601139084,12,99,0.06984004715014225,0.2104999872949148,False,False,False,5.124680240367787e-08,COMPLETE
1065,0.379181182384491,2025-04-22 05:04:41.465640,2025-04-22 05:04:57.546497,0 days 00:00:16.080857,0.927749537390909,0.7157066960776332,2,0.2717311314881971,0.18902512326662663,0.05107453928285628,0.02204729125147396,0.0767176431290524,0.020223547045923534,0.0011154514186965975,15,113,0.07931074959976607,0.25193679341484054,False,False,False,1.5554906819372797e-07,COMPLETE
1066,0.34111913442611697,2025-04-22 05:04:57.877302,2025-04-22 05:05:09.630821,0 days 00:00:11.753519,0.9602274521274636,0.9834654150738816,2,0.29396402079137074,0.15184780922207658,0.04638857039977314,0.014554595845728015,0.04845484637610796,0.010041352254155426,0.0015233849832660758,10,140,0.08232491077530661,0.2255365432264943,False,True,False,1.0689163239234308e-07,COMPLETE
1067,0.31025896668434144,2025-04-22 05:05:09.971392,2025-04-22 05:05:22.287244,0 days 00:00:12.315852,0.6040249553609165,0.6511907022718024,2,0.22676461564609332,0.1268162609787959,0.02190355864311762,0.03136499028868514,0.08298818410896243,0.01647305484332889,0.002817097333860142,11,147,0.07378879895774583,0.24357881469595088,False,False,True,1.1997488891961816e-08,COMPLETE
1068,0.43296526074409486,2025-04-22 05:05:22.630306,2025-04-22 05:05:36.844019,0 days 00:00:14.213713,0.9718328885465702,0.6857060480872511,2,0.26554194865076625,0.10308039886135946,0.031471341653676946,0.08618224290797354,0.07932553450745032,0.018356546922799366,0.0017065008319273466,12,143,0.07604223293742957,0.23215988659528447,False,False,False,6.4917046427776e-08,COMPLETE
1069,0.4426510572433472,2025-04-22 05:05:37.188473,2025-04-22 05:05:50.850711,0 days 00:00:13.662238,0.8730295428359676,0.7374305137341738,2,0.2782685734086086,0.08988533843019979,0.04280907675553247,0.02675035773429582,0.0321150274450548,0.012739487232951166,0.0013232260506198022,11,138,0.07312164171180645,0.21815854049489766,False,False,False,2.9311524481465027e-07,COMPLETE
1070,0.4443785309791565,2025-04-22 05:05:51.192982,2025-04-22 05:06:04.134512,0 days 00:00:12.941530,0.9157793464224523,0.9477935990087701,2,0.2577305266108278,0.11984189972589888,0.052847961179509184,0.024159495236963903,0.03680823381243405,0.0224457482646886,0.0009109187387719033,10,129,0.07792251153698171,0.2741700062690972,False,False,False,2.3296125153478984e-08,COMPLETE
1071,0.45091612339019777,2025-04-22 05:06:04.479494,2025-04-22 05:06:18.181116,0 days 00:00:13.701622,0.9416247760319622,0.6742155408998262,2,0.28810719528843065,0.11003767449690097,0.049689093244071385,0.020246233251464532,0.08956308256377178,0.026458125426569404,0.0020837242002322482,11,145,0.07115756858700094,0.24061855462065887,False,False,False,1.2839305920782695e-07,COMPLETE
1072,0.3956191182136536,2025-04-22 05:06:18.528642,2025-04-22 05:06:32.820197,0 days 00:00:14.291555,0.9995607351818177,0.6042702520579004,2,0.299783479284029,0.13960989115585437,0.04558077690548521,0.028034150928658165,0.08055648678217175,0.029359595580138866,0.0010272147399351147,12,141,0.07958369962904663,0.22845224333562122,False,False,False,6.838278558883952e-07,COMPLETE
1073,0.389675784111023,2025-04-22 05:06:33.164758,2025-04-22 05:06:41.008133,0 days 00:00:07.843375,0.9630976857676566,0.6384663908372485,16,0.25009591297687545,0.09841436168864053,0.02357300896647315,0.03028072866812981,0.0773785747875457,0.015415769458945334,0.0013923705129172865,17,134,0.06801207252228031,0.18873271331201563,False,False,False,8.472775974386217e-08,COMPLETE
1074,0.44077638387680057,2025-04-22 05:06:41.357928,2025-04-22 05:06:54.416127,0 days 00:00:13.058199,0.9817481877526659,0.7093095291270166,2,0.2702151161958875,0.11654301802680779,0.05504922865837192,0.022569425188453392,0.027735279793421108,0.04102420000731498,0.001762083202614276,10,148,0.07579191636538674,0.2550979819139158,False,False,False,3.931303524995337e-06,COMPLETE
1075,0.42892712354660034,2025-04-22 05:06:54.772047,2025-04-22 05:07:07.179643,0 days 00:00:12.407596,0.945748544476742,0.9633103979782974,2,0.2847716137240403,0.19633040254609269,0.07079584585599169,0.01855388472256106,0.08370665984092854,0.007927313360314587,0.0024132240364883257,9,139,0.07274730802730259,0.2228667248600801,False,False,False,1.6898281429198992e-07,COMPLETE
1076,0.40020576715469364,2025-04-22 05:07:07.512272,2025-04-22 05:07:22.483103,0 days 00:00:14.970831,0.8233600659197566,0.9999777701483601,2,0.193358446756446,0.12533554155612425,0.0620514131204927,0.025789654076244686,0.072155430248181,0.020277675941602406,0.001200548301603313,13,144,0.07466998502665805,0.2474257340811034,False,False,False,1.1155152617183941e-07,COMPLETE
1077,0.3859205484390259,2025-04-22 05:07:22.825793,2025-04-22 05:07:37.114408,0 days 00:00:14.288615,0.9280324395256845,0.658273895750174,2,0.2939629097305008,0.10587281108882216,0.051236715756432086,0.023839824456850497,0.0742839355363544,0.01137744579929633,0.0018865219674716722,12,150,0.08388315885070985,0.23574255414169076,False,False,False,7.338393373799285e-08,COMPLETE
1078,0.3757164001464844,2025-04-22 05:07:37.462649,2025-04-22 05:07:51.131288,0 days 00:00:13.668639,0.9700283537498843,0.6728014694781367,2,0.2377999353392878,0.08405465583295588,0.05731239764748494,0.028101255318528286,0.08203449058072404,0.023962024241647943,0.0015044976968265952,11,136,0.07728568461252415,0.265791704593628,False,False,False,2.2683571260473162e-07,COMPLETE
1079,0.389908242225647,2025-04-22 05:07:51.476382,2025-04-22 05:08:05.827115,0 days 00:00:14.350733,0.9093832977952133,0.7060603253161425,2,0.27976960885152424,0.1305831020373836,0.04742596379403602,0.02109995459867436,0.08665124956613424,0.018296198802320477,0.0021141581105376954,11,141,0.081415081007317,0.2117860232234997,True,False,False,9.14236448081536e-08,COMPLETE
1080,0.4532832503318787,2025-04-22 05:08:06.174236,2025-04-22 05:08:20.502430,0 days 00:00:14.328194,0.9796132548288891,0.6213969277802527,2,0.2622398351865665,0.11583273360608258,0.04431548733040864,0.026505395289260374,0.03414369872848282,0.013542668276263327,0.0010803399708495974,12,146,0.07011025464875133,0.20351464321051269,False,False,False,4.196698294721956e-07,COMPLETE
1081,0.45099015235900886,2025-04-22 05:08:20.850089,2025-04-22 05:08:36.472727,0 days 00:00:15.622638,0.9552409325483351,0.6891074158778658,2,0.24569425010470217,0.09339084529607,0.04146716749697355,0.01707307847222779,0.069254701280075,0.03157990186884251,0.0016184691810908986,14,142,0.07256807029660718,0.24112347464190906,False,False,False,5.2164115342456125e-08,COMPLETE
