number,value,datetime_start,datetime_complete,duration,params_alpha-eval,params_alpha-train,params_batch-size,params_eps-eval,params_eps-train,params_lambda-actions-eval,params_lambda-actions-train,params_lambda-frames-eval,params_lambda-frames-train,params_learning-rate,params_n-epochs,params_n-frames,params_radius-gw,params_rho,params_std-feats,params_ub-actions,params_ub-frames,params_weight-decay,state
1306,0.3765801191329956,2025-04-22 06:04:21.294454,2025-04-22 06:04:35.583011,0 days 00:00:14.288557,0.6615582806740594,0.9623007968528677,2,0.2618961771829236,0.1226432709505098,0.07982523738372713,0.021715054755410156,0.08305382844038692,0.04399163560396371,0.0014213286101912594,12,144,0.07968378636797965,0.240602634386349,False,False,False,4.83119974923742e-08,COMPLETE
1307,0.3739521026611329,2025-04-22 06:04:36.010595,2025-04-22 06:04:50.356752,0 days 00:00:14.346157,0.9208508739732247,0.8180047624136042,2,0.27610941375562803,0.14413365300556413,0.07525096929016309,0.02504218388489858,0.06273019196405363,0.011612955872292937,0.00046182421286436665,11,139,0.07660981429468011,0.22117009202971905,True,False,False,1.5720629839989125e-06,COMPLETE
1308,0.38156880140304567,2025-04-22 06:04:50.777671,2025-04-22 06:05:08.345160,0 days 00:00:17.567489,0.9542257168740715,0.6894105549351414,2,0.13299632388538368,0.15771292851470148,0.056032154337055724,0.06443349137714591,0.08701911209362882,0.017288320939292418,0.0012275289950621385,17,128,0.08805602642309748,0.2325338358775321,False,False,False,1.843103102356347e-08,COMPLETE
1309,0.4516176581382752,2025-04-22 06:05:08.769049,2025-04-22 06:05:23.670642,0 days 00:00:14.901593,0.8372731143613953,0.6625801907667305,2,0.24112268275173573,0.11542841740432169,0.07118369281277585,0.028986391407730183,0.04232578455094652,0.05820252732350052,0.0009394907256728553,13,142,0.08254574135171276,0.2431854791397673,False,False,False,2.5677608346183352e-08,COMPLETE
1310,0.4511240243911744,2025-04-22 06:05:24.091982,2025-04-22 06:05:37.803427,0 days 00:00:13.711445,0.9008748706205992,0.9810910132778514,2,0.2819853416261098,0.12945389787066733,0.051921560173776124,0.02680534296406982,0.08214311019835172,0.021573355678208037,0.0007214545679198254,11,147,0.07922893048130625,0.22639006490862554,False,False,False,3.0658079944197014e-08,COMPLETE
1311,0.37694592475891114,2025-04-22 06:05:38.220527,2025-04-22 06:05:52.685192,0 days 00:00:14.464665,0.950893978954082,0.7480746922246309,2,0.2568175581685285,0.11933596779421618,0.0838840051524875,0.0401357491136468,0.08508054382198574,0.005828746201137199,0.0013768500466303487,12,150,0.08139688275392001,0.21594353876322478,False,False,False,5.34717593384496e-08,COMPLETE
1312,0.39235426187515265,2025-04-22 06:05:53.103218,2025-04-22 06:06:07.468403,0 days 00:00:14.365185,0.9267034836746062,0.712036814472793,2,0.27063004323423967,0.10828128767747214,0.07345929146576308,0.023456313793764633,0.06575462094163287,0.02500297761424234,0.0012943189610844813,12,136,0.05951662954925118,0.2352236393181442,False,False,False,4.334534180340805e-08,COMPLETE
1313,0.4461485147476197,2025-04-22 06:06:07.891712,2025-04-22 06:06:21.634271,0 days 00:00:13.742559,0.8745798005039219,0.689141215876665,2,0.2866622458353401,0.11434207321489791,0.08730952522262433,0.030059992194887183,0.05743547126802654,0.002545108179360057,0.001045260929974634,11,143,0.07661633137898158,0.24294019696151106,False,False,False,2.4421485890856764e-08,COMPLETE
1314,0.33806012868881224,2025-04-22 06:06:22.054402,2025-04-22 06:06:35.123954,0 days 00:00:13.069552,0.9503434446607175,0.6457396667654761,2,0.26371592740600197,0.13353995631386162,0.08529338956244491,0.01993948057376848,0.08872580368921729,0.01339978968329936,0.000857461917967635,13,56,0.07650563017862617,0.2296604569032571,False,True,False,1.3816344910131679e-08,COMPLETE
1315,0.37892091274261475,2025-04-22 06:06:35.565463,2025-04-22 06:06:53.832994,0 days 00:00:18.267531,0.9329079638238159,0.8791387439517169,2,0.2758898535420448,0.12312126683691699,0.08118085174785226,0.03313959369734368,0.05979282915199142,0.01891165642435306,0.05249636990293606,18,139,0.07890867865439503,0.21852521893307308,False,False,False,2.300191419247059e-05,COMPLETE
1316,0.30348522067070005,2025-04-22 06:06:54.259563,2025-04-22 06:07:01.096937,0 days 00:00:06.837374,0.8914463193294102,0.6673815803086223,16,0.2812425461998296,0.10747264910492166,0.05071542891557543,0.027255976972993607,0.051890651300169746,0.009367029327043926,0.0014353156469402403,11,146,0.08523631133731571,0.23494765813082083,False,False,True,3.656047779488982e-08,COMPLETE
1317,0.4544585466384888,2025-04-22 06:07:01.523871,2025-04-22 06:07:16.116072,0 days 00:00:14.592201,0.960835308876837,0.7014015388858047,2,0.24977825144254667,0.11744589780235279,0.05424475267101008,0.025192833879090847,0.08099039202229674,0.03618143024944651,0.0010747308919820796,12,133,0.0761185899730038,0.2104588173399032,False,False,False,5.8617991911764704e-08,COMPLETE
1318,0.44347269535064704,2025-04-22 06:07:16.543200,2025-04-22 06:07:36.178979,0 days 00:00:19.635779,0.9131188669335014,0.6339907255349605,2,0.28759579199046065,0.12800195526293606,0.05284608829471521,0.022003148886167473,0.08301972591002343,0.015148988640294604,0.0011918304045529316,20,142,0.0836366893795225,0.22635217501900903,False,False,False,1.9557083782622085e-08,COMPLETE
1319,0.3999407649040222,2025-04-22 06:07:36.604964,2025-04-22 06:07:52.133005,0 days 00:00:15.528041,0.9395828726228515,0.7957204588365621,2,0.266553543342523,0.11019558886226413,0.08316973845153813,0.029016921909298932,0.038498520021048775,0.010864098693548969,0.0006355286993833724,14,144,0.08087439942851085,0.24033402068802984,False,False,False,3.1867514999971153e-08,COMPLETE
1320,0.3817764759063721,2025-04-22 06:07:52.554804,2025-04-22 06:08:07.410113,0 days 00:00:14.855309,0.25596351034503695,0.21623906712218194,2,0.27216689237783653,0.13885367359849204,0.05648057503095702,0.023720477185201826,0.06375048560306447,0.06522042958377758,0.001468174837232608,13,139,0.07846761570205615,0.22162995501472363,False,False,False,5.912546322742726e-08,COMPLETE
1321,0.38499453067779543,2025-04-22 06:08:07.832246,2025-04-22 06:08:22.288561,0 days 00:00:14.456315,0.8542140099232629,0.7331899825888138,2,0.16383416733301698,0.12100357529935271,0.07859746298952619,0.03473905448592544,0.05619863198461755,0.022389140888407377,0.000164289624500565,12,148,0.07634336036083383,0.23306905525087385,False,False,False,4.267902915156082e-08,COMPLETE
1322,0.4450333118438721,2025-04-22 06:08:22.712834,2025-04-22 06:08:36.343236,0 days 00:00:13.630402,0.9617435795394771,0.6848209731867374,2,0.23826902409907497,0.11332114328013679,0.08108222792329824,0.031454135666575594,0.08522998315052885,0.02852670391598515,0.0009742748610351011,11,145,0.07559749545451583,0.23896752425949272,False,False,False,2.9461792258416338e-08,COMPLETE
1323,0.3778690695762634,2025-04-22 06:08:36.789106,2025-04-22 06:08:50.496236,0 days 00:00:13.707130,0.9133488960932181,0.9203314914535498,2,0.2570095055721834,0.15056402589632298,0.08791936608160454,0.0264466744573742,0.044270370099617325,0.016625527641927783,0.0011842546436112193,11,141,0.07841743729002841,0.2150141749777698,False,False,False,2.062447387009425e-08,COMPLETE
1324,0.37926476001739506,2025-04-22 06:08:50.925588,2025-04-22 06:09:13.379701,0 days 00:00:22.454113,0.49846058049138336,0.6596229271676382,2,0.2795597554704498,0.1301902457184683,0.052213380119401194,0.027849174573928073,0.041350403040088614,0.007037029901117092,0.0007907420901925377,25,136,0.07981448727292223,0.24482616401160287,False,False,False,5.3353786801733196e-08,COMPLETE
1325,0.3932352185249329,2025-04-22 06:09:13.806304,2025-04-22 06:09:26.940282,0 days 00:00:13.133978,0.956132117168035,0.9864461176198326,2,0.2867380095540037,0.1059128801149924,0.08576086672808308,0.024655757072868222,0.08095986323297347,0.013634746585401486,0.07675485531377024,10,150,0.07554467791956226,0.16710542515759613,False,False,False,1.0146457463399044e-08,COMPLETE
1326,0.3797461986541748,2025-04-22 06:09:27.366603,2025-04-22 06:09:42.546687,0 days 00:00:15.180084,0.9335492713080275,0.7104446117513109,2,0.2620946354753419,0.1176952691110619,0.07683836212738862,0.020705198429906358,0.05373245452861494,0.019548420803540426,0.0015319996794087658,12,144,0.08685654805504502,0.22450740137882655,True,False,False,8.98945398767023e-06,COMPLETE
1327,0.4596647739410401,2025-04-22 06:09:42.980664,2025-04-22 06:09:56.681194,0 days 00:00:13.700530,0.8906004308966802,0.6209225189468505,2,0.11027305510393336,0.12535688144927187,0.08900706145058013,0.030156222232016673,0.08376418224372985,0.01009919584802607,0.0013480591820347679,11,139,0.08213602478985738,0.2080450215436398,False,False,False,3.966124220724653e-08,COMPLETE
1328,0.3881948947906494,2025-04-22 06:09:57.108497,2025-04-22 06:10:04.367113,0 days 00:00:07.258616,0.8543636224189012,0.6164198474416072,8,0.24976472016932802,0.1370877810655996,0.08919467840459978,0.033782414032767154,0.07955901037728344,0.008337655021160729,0.0009175607794260155,7,134,0.08561041619395757,0.2116395338793703,False,False,False,3.601297335059073e-08,COMPLETE
1329,0.38334369659423834,2025-04-22 06:10:04.795094,2025-04-22 06:10:17.815946,0 days 00:00:13.020852,0.8280865885135446,0.6029846824638723,2,0.09082031475628463,0.13336633112869992,0.08825660090196655,0.03135390842123627,0.08120407921868703,0.005084170209846872,0.0003636355287330863,10,138,0.08532245024042863,0.20611246676440748,False,False,False,2.6812044955812478e-08,COMPLETE
1330,0.38762023448944094,2025-04-22 06:10:18.238273,2025-04-22 06:10:31.292106,0 days 00:00:13.053833,0.8765743679462077,0.5943198822316597,2,0.1794242457260543,0.14337335134243515,0.08979438490170392,0.03531290007282644,0.08089322407388444,0.0096198646768638,0.001115709687285564,10,131,0.08480063926861592,0.20302405863664585,False,False,False,3.937250135267589e-08,COMPLETE
1331,0.38505114316940314,2025-04-22 06:10:31.718009,2025-04-22 06:10:45.417258,0 days 00:00:13.699249,0.8715164175067279,0.5622608338271212,2,0.12932120774979342,0.12968567472499762,0.08771916683297029,0.03094496324417178,0.08327402778203187,0.006916799070489593,0.001250275442255732,11,135,0.08380467788184612,0.20588032011265311,False,False,False,3.120272691538886e-08,COMPLETE
1332,0.3776474237442017,2025-04-22 06:10:45.862360,2025-04-22 06:10:58.885213,0 days 00:00:13.022853,0.8568011896583082,0.620497063071119,2,0.22790547602517977,0.1335231429385163,0.0861407139929894,0.032451519647112605,0.08218092569694396,0.0095048770953188,0.0009326957680836463,10,119,0.08202983445041766,0.19901227694460616,False,False,False,2.2442483264083633e-08,COMPLETE
1333,0.4456884026527405,2025-04-22 06:10:59.315732,2025-04-22 06:11:13.103573,0 days 00:00:13.787841,0.839439243185463,0.6284750286949944,2,0.11928426251001267,0.126325613543015,0.09008776465214875,0.03272988147540771,0.06041899170512237,0.011395973183762885,0.001106877813118051,11,138,0.08284477443600838,0.20743776867938318,False,False,False,3.5683046741105803e-08,COMPLETE
1334,0.2887604355812073,2025-04-22 06:11:13.533593,2025-04-22 06:11:25.337230,0 days 00:00:11.803637,0.8869554032337744,0.6392197801560068,2,0.24838708667256407,0.12458497330682249,0.0898538335256429,0.030004680108835106,0.08384029996591345,0.00760546150047023,0.0007334424142442214,10,131,0.08799259597643233,0.2092337487108498,False,True,True,2.4829776718066698e-08,COMPLETE
1335,0.38043154478073127,2025-04-22 06:11:25.766594,2025-04-22 06:11:39.472315,0 days 00:00:13.705721,0.870319577629747,0.6127343341931865,2,0.2545315265559883,0.13587364400585622,0.08762651935261667,0.03602673435289936,0.0795744671526647,0.010050257719322584,0.0013573471780029432,11,140,0.08324630466584049,0.20187059101689322,False,False,False,4.166549438014312e-08,COMPLETE
1336,0.37519435882568364,2025-04-22 06:11:39.896855,2025-04-22 06:11:52.960960,0 days 00:00:13.064105,0.8839552180511634,0.5771077156337596,2,0.07368799801132009,0.1281039786969087,0.0840709078583946,0.029831419849317715,0.06175890250611582,0.01229317227953293,0.001088345172628764,10,147,0.0815233279567418,0.21275783653682037,False,False,False,3.060602478467627e-08,COMPLETE
1337,0.43631607294082647,2025-04-22 06:11:53.385817,2025-04-22 06:12:06.976103,0 days 00:00:13.590286,0.8940915363573475,0.6465936038311393,2,0.12697169975831685,0.1409426127338363,0.08634915680353843,0.032413771182574824,0.05829555496767003,0.01049641263201446,0.0008222139846444492,11,141,0.08340453422109911,0.18886152507796355,False,False,False,1.5889978747893916e-08,COMPLETE
1338,0.37469811439514167,2025-04-22 06:12:07.406178,2025-04-22 06:12:24.328913,0 days 00:00:16.922735,0.9020798966853648,0.5363622436956945,2,0.08336104031932286,0.12265316232448423,0.08448541535478865,0.02943845969979229,0.037301319462199514,0.008436689433771724,0.0015067555056429136,16,136,0.08133037686416324,0.20939714563232584,False,False,False,1.033160909337837e-06,COMPLETE
1339,0.3789787530899048,2025-04-22 06:12:24.775688,2025-04-22 06:12:32.077605,0 days 00:00:07.301917,0.856890401123267,0.631722953527599,16,0.14302678263217877,0.12988030211044257,0.08846353786928793,0.03350929968873611,0.0667803504789642,0.005866266994786531,0.0013332606860576236,11,123,0.0502074351962154,0.2152783606324347,False,False,False,4.783009309579333e-08,COMPLETE
1340,0.40518968105316167,2025-04-22 06:12:32.510371,2025-04-22 06:12:46.166951,0 days 00:00:13.656580,0.7857037193572984,0.5941269888209386,2,0.11519722499348564,0.12263842123735072,0.09049013745492028,0.030935214431750506,0.05563262731999693,0.012205239265275124,0.0009255621437130288,11,143,0.08754395673716886,0.19629119672852008,False,False,False,3.836392965928829e-08,COMPLETE
1341,0.38619670867919925,2025-04-22 06:12:46.599040,2025-04-22 06:12:59.582676,0 days 00:00:12.983636,0.9591713544621748,0.6507151698789839,2,0.1526526142602424,0.1450092708755995,0.08648567338813305,0.04914860363487309,0.04149134882647487,0.013131079029196517,0.0011724678096547126,10,127,0.08171127086614897,0.2170270959603005,False,False,False,2.3971023480294664e-08,COMPLETE
1342,0.39358588457107546,2025-04-22 06:13:00.012977,2025-04-22 06:13:13.625917,0 days 00:00:13.612940,0.9663241676694326,0.4428522567729584,2,0.08313539668220266,0.12471351510321892,0.0736013145542383,0.02804441114889035,0.047743107057152845,0.01013106923962245,0.0014217980247136534,11,147,0.09677780314343434,0.20460274210108254,False,False,False,4.600610070661644e-08,COMPLETE
1343,0.2887604355812073,2025-04-22 06:13:14.058023,2025-04-22 06:13:26.972596,0 days 00:00:12.914573,0.8110780565077974,0.6182063922531575,2,0.2887699292695777,0.01792144179034652,0.08293303085884922,0.03008189400587939,0.07928198289220309,0.014441940173346357,0.0010543336182952073,10,138,0.07991620195885045,0.2153237728654711,False,False,False,3.2645116081175326e-08,COMPLETE
