number,value,datetime_start,datetime_complete,duration,params_alpha-eval,params_alpha-train,params_batch-size,params_eps-eval,params_eps-train,params_lambda-actions-eval,params_lambda-actions-train,params_lambda-frames-eval,params_lambda-frames-train,params_learning-rate,params_n-epochs,params_n-frames,params_radius-gw,params_rho,params_std-feats,params_ub-actions,params_ub-frames,params_weight-decay,state
854,0.45832484960556036,2025-04-22 04:16:38.472680,2025-04-22 04:16:51.456953,0 days 00:00:12.984273,0.9859774645737518,0.6498033898530953,2,0.2956729774526486,0.09428088099217083,0.028626280956012128,0.02456520520603234,0.028307152340435744,0.015113193083209527,0.001815610643749969,10,141,0.07221952458505301,0.25043863982984577,False,False,False,1.6987770047584895e-07,COMPLETE
855,0.3929909110069275,2025-04-22 04:16:51.737019,2025-04-22 04:17:04.654167,0 days 00:00:12.917148,0.9865227755192848,0.6432889755848517,2,0.2987550471933357,0.09142913391240441,0.02801224777207963,0.020132043210294586,0.02325111614452737,0.014922139702046314,0.0035674065268196885,10,137,0.06555514530968481,0.2716765263902888,False,False,False,3.196288583438612e-07,COMPLETE
856,0.37922258377075196,2025-04-22 04:17:04.918093,2025-04-22 04:17:17.988853,0 days 00:00:13.070760,0.9948276474868804,0.6107857165266704,2,0.29372016602949796,0.0859307275688388,0.027165873295082722,0.023178509111290754,0.03579025333425127,0.013958797660857017,0.0027024353826504434,10,142,0.06971312644335503,0.2577921292980462,False,False,False,4.842058312998299e-07,COMPLETE
857,0.3916756868362427,2025-04-22 04:17:18.268297,2025-04-22 04:17:30.343394,0 days 00:00:12.075097,0.9856883433532995,0.6209753358133039,2,0.29955092692249247,0.09260736942075422,0.0247432598132556,0.01879064022509708,0.027205019838706726,0.015473695821601435,0.0022691129774681782,9,47,0.07056330623516278,0.251763799568058,False,False,False,1.8402485506948938e-07,COMPLETE
858,0.2887604355812073,2025-04-22 04:17:30.624299,2025-04-22 04:17:42.400161,0 days 00:00:11.775862,0.9848927658225753,0.5919048720388338,2,0.29967739120107567,0.09464470153051012,0.021543727300655284,0.024976480374210724,0.03142654234735511,0.015350706940984147,0.0018466499147715488,10,139,0.06777652404879368,0.26521277650956876,False,True,True,2.3144865601851367e-07,COMPLETE
859,0.43735544681549077,2025-04-22 04:17:42.665096,2025-04-22 04:17:54.404933,0 days 00:00:11.739837,0.9989645507514393,0.6473088874278909,2,0.29634269954394754,0.09534942004182118,0.027473498086531208,0.02229065208546593,0.028836135021437493,0.012770040981169722,0.0019978422313973506,8,142,0.07146519304818166,0.2459302843551498,False,False,False,3.91269673516286e-07,COMPLETE
860,0.39968528747558596,2025-04-22 04:17:54.682006,2025-04-22 04:18:20.214875,0 days 00:00:25.532869,0.9712235284466295,0.6315862794704095,2,0.2985433234460548,0.09924246007292581,0.029922981422174175,0.024635741932990358,0.04008910555737648,0.011628369908490768,0.0017970862764658735,30,140,0.0718594972494517,0.005630442056336282,False,False,False,1.7527232450312073e-07,COMPLETE
861,0.3777787446975708,2025-04-22 04:18:20.500568,2025-04-22 04:18:33.607438,0 days 00:00:13.106870,0.9967030014397,0.6424159767110276,2,0.292644755573541,0.10174159110729288,0.026139099741301276,0.020130071584224838,0.026748839390153854,0.01480889574137984,0.0022647251729741727,10,136,0.07295939237778291,0.2593675074703029,False,False,False,1.9101651826191605e-07,COMPLETE
862,0.3777942538261414,2025-04-22 04:18:33.872922,2025-04-22 04:18:46.219731,0 days 00:00:12.346809,0.9686886480399974,0.659098827879575,2,0.2995917149176312,0.08854868864641112,0.02595016903991621,0.023142145952251662,0.029834134848363433,0.010799489970113159,0.0017067082460460246,9,143,0.06936260130519553,0.24866354765646048,False,False,False,1.603346944065657e-07,COMPLETE
863,0.4152084231376648,2025-04-22 04:18:46.496773,2025-04-22 04:18:59.407024,0 days 00:00:12.910251,0.9744640015396943,0.6490138547311047,2,0.2923053932374772,0.09951689336372671,0.027764542074100982,0.027016504799695956,0.03780617688305626,0.016454808821167805,0.0030146401264518384,10,144,0.0732863692374384,0.2546511667245581,False,False,False,0.0006967075576249121,COMPLETE
864,0.3686727166175843,2025-04-22 04:18:59.688774,2025-04-22 04:19:12.735918,0 days 00:00:13.047144,0.9988101788145733,0.6596662780275037,2,0.29354075373795646,0.08275160512961664,0.026516631739920252,0.025196417524011305,0.0349346909873649,0.013835337944122719,0.0019630170048233852,10,139,0.07136120033669599,0.2537025570653585,False,False,False,2.8093198906845215e-07,COMPLETE
865,0.38751504421234134,2025-04-22 04:19:13.020360,2025-04-22 04:19:20.642751,0 days 00:00:07.622391,0.9731999838660337,0.5794256590096366,8,0.2917899697567603,0.09441807504376579,0.027889107418039724,0.021014610179461934,0.02036079450973783,0.016421516735804144,0.0026480546089394813,9,131,0.07406362062812252,0.24958197207139105,False,False,False,1.902409258295738e-07,COMPLETE
866,0.37466136217117313,2025-04-22 04:19:20.911911,2025-04-22 04:19:34.034290,0 days 00:00:13.122379,0.9663290365168216,0.622474663877516,2,0.2994421743964209,0.10473966320057702,0.02395127307875477,0.017990579316298085,0.027077143125999972,0.010909016172733635,0.0016499777022432112,10,142,0.06664290918476548,0.2645207695043688,False,False,False,2.6002325329969875e-07,COMPLETE
867,0.370415222644806,2025-04-22 04:19:34.313434,2025-04-22 04:19:47.305374,0 days 00:00:12.991940,0.9967178544899885,0.6357644162158066,2,0.29272961347048604,0.10184146952126155,0.029231936665401446,0.09608965111248507,0.04116005857965416,0.014704228860291902,0.0022270251478091144,10,135,0.06941217924814005,0.25473856229925523,False,False,False,1.560119632710183e-07,COMPLETE
868,0.4306648254394531,2025-04-22 04:19:47.588607,2025-04-22 04:20:00.053895,0 days 00:00:12.465288,0.99831568335728,0.6668605005257081,2,0.2923624013206204,0.10360552732198798,0.02235002458692544,0.022879418145197075,0.024677012960014972,0.016995504224699393,0.0016973720338032843,9,144,0.07161985156321904,0.27750574868540606,False,False,False,1.233290586355383e-07,COMPLETE
869,0.4360044002532959,2025-04-22 04:20:00.321845,2025-04-22 04:20:13.332340,0 days 00:00:13.010495,0.9596745304445204,0.6561629788957484,2,0.2952846735892278,0.09460467241270029,0.027621475302101926,0.028545857890426143,0.02920660236825463,0.011788904775015277,0.0015867753434209693,10,138,0.07432321097257734,0.24839023523117276,False,False,False,2.198221843630676e-07,COMPLETE
870,0.38885298371315,2025-04-22 04:20:13.609965,2025-04-22 04:20:25.416172,0 days 00:00:11.806207,0.9988285420562776,0.6466677365687291,2,0.28970397053854013,0.07648188853908502,0.03099167198473113,0.02532639603180477,0.02508813271886461,0.013084149110470976,0.00245869573902084,8,141,0.07560962632963615,0.25894990731769213,False,False,False,1.1114665032470948e-07,COMPLETE
871,0.38463606834411623,2025-04-22 04:20:25.698113,2025-04-22 04:20:39.481566,0 days 00:00:13.783453,0.9796134294908952,0.6161581232955192,2,0.2924842586023823,0.1062390773184381,0.02919906413894345,0.041995306819529746,0.02964743371262323,0.009718016820921894,0.0020519162736756793,10,145,0.07281762246223211,0.24622177045625263,True,False,False,1.571826936442451e-07,COMPLETE
872,0.37657665014266967,2025-04-22 04:20:39.773772,2025-04-22 04:20:59.171167,0 days 00:00:19.397395,0.9584382727183205,0.5971342721496761,2,0.2879812167415918,0.09868962732522939,0.025970762560235467,0.031162406575366605,0.025437253453794117,0.01562555222925026,0.0015503396915307868,20,140,0.07576122122872413,0.24926094272900154,False,False,False,9.472318804665096e-08,COMPLETE
873,0.36629494428634646,2025-04-22 04:20:59.441981,2025-04-22 04:21:13.096223,0 days 00:00:13.654242,0.9731614635846385,0.555450612591575,2,0.28946615571570794,0.10473124351706894,0.020372462052320163,0.026663050653415957,0.023080278032167962,0.013612598736920733,0.00164628085771615,11,145,0.07078412731122449,0.2686146722853654,False,False,False,1.308459183734741e-07,COMPLETE
874,0.42991163134574895,2025-04-22 04:21:13.380324,2025-04-22 04:21:25.719049,0 days 00:00:12.338725,0.15420663752649466,0.6670222620471836,2,0.29982473397742665,0.08613600061472945,0.07400497855195783,0.019039540944965266,0.03297992968415965,0.01649242223300148,0.001936797551434353,9,137,0.07378069655056155,0.25518110214033796,False,False,False,2.0421559019374463e-07,COMPLETE
875,0.43414757251739505,2025-04-22 04:21:26.002773,2025-04-22 04:21:39.749095,0 days 00:00:13.746322,0.9536011724608152,0.6388662717451343,2,0.293890826684097,0.09996877364453963,0.06981334745453119,0.021686086584361507,0.0778331882781361,0.012581573344388548,0.002561352669667422,11,133,0.07621705273555507,0.1575260649090706,False,False,False,1.1390430154880545e-07,COMPLETE
876,0.3308885157108307,2025-04-22 04:21:40.034620,2025-04-22 04:21:51.713631,0 days 00:00:11.679011,0.9798499147607322,0.6674304655787028,2,0.2930328247110804,0.10394437204358983,0.03175766430979359,0.02453097030686055,0.026155328210717855,0.017927165641042665,0.001457650649467998,10,142,0.06864294652002874,0.21126347567091,False,True,False,1.6138133607795774e-07,COMPLETE
877,0.3940872430801392,2025-04-22 04:21:51.986328,2025-04-22 04:21:59.227079,0 days 00:00:07.240751,0.9431350212714008,0.6374614691771705,16,0.2868416571097249,0.09126899699276626,0.08213613701413877,0.0285185078277869,0.03865503881502448,0.009124197936142496,0.0018811403577917135,11,145,0.07220253776253638,0.17074432855433966,False,False,False,8.11848835081877e-08,COMPLETE
878,0.29630714654922485,2025-04-22 04:21:59.513256,2025-04-22 04:22:11.278325,0 days 00:00:11.765069,0.9989825177937167,0.6726339587399165,2,0.28798152361855345,0.10898344338834712,0.024435168176989014,0.020872872468921572,0.04485854360097016,0.010463098957759043,0.004752279072075677,10,122,0.07452300608037286,0.2439012845124876,False,False,True,1.0372247235009214e-07,COMPLETE
879,0.37453143596649174,2025-04-22 04:22:11.565335,2025-04-22 04:22:25.267169,0 days 00:00:13.701834,0.999390742226227,0.6830144733217883,2,0.20891460210434767,0.10645442940015672,0.02875630616576852,0.015557384246386596,0.029137500230922934,0.01577013348109355,0.002131742335078196,11,139,0.070953608775005,0.2198667365269286,False,False,False,1.2655938610454842e-07,COMPLETE
880,0.4140390992164612,2025-04-22 04:22:25.539984,2025-04-22 04:22:38.570451,0 days 00:00:13.030467,0.9659859684188341,0.6546511055647635,2,0.2946469687869572,0.09773284633235463,0.02577574462515555,0.023588965646527887,0.03135233070527896,0.01352445132699003,0.003389093738540495,10,143,0.07628975579734477,0.2607138443413155,False,False,False,7.194087371301805e-08,COMPLETE
881,0.3759893536567688,2025-04-22 04:22:38.858490,2025-04-22 04:22:52.494702,0 days 00:00:13.636212,0.9511257522960458,0.6241424267587676,2,0.28841337581719273,0.10924739724580923,0.02454426045422085,0.02630448822161538,0.031169820914151998,0.017779089302442073,0.0014527977249722329,11,147,0.06438077731366093,0.2417765293329251,False,False,False,1.7675643739259013e-07,COMPLETE
882,0.37392559051513674,2025-04-22 04:22:52.781947,2025-04-22 04:23:05.222411,0 days 00:00:12.440464,0.9761585549968891,0.6603212471148601,2,0.2957588451448892,0.0898408764284905,0.032194345138894846,0.03612554010835313,0.028602985378906244,0.011970820230253174,0.0017292097382452581,9,135,0.07294559229663189,0.1391893655674769,False,False,False,9.15491000807587e-08,COMPLETE
883,0.37905243635177616,2025-04-22 04:23:05.513209,2025-04-22 04:23:18.493536,0 days 00:00:12.980327,0.9658361161085093,0.5981580501932965,2,0.2855327141851405,0.07111178542787694,0.029906188955913165,0.029398446171353614,0.04424866439702997,0.015158866452182587,0.001398785105518674,10,140,0.07473975408260337,0.1977604447072689,False,False,False,2.303125098891334e-07,COMPLETE
884,0.3956137180328369,2025-04-22 04:23:18.767274,2025-04-22 04:23:32.443777,0 days 00:00:13.676503,0.9998983171720018,0.6789110366215898,2,0.2944163068045199,0.10887075302894683,0.023356535046361617,0.023416772888380788,0.024220240732444824,0.017994825107451394,0.002803842624706755,11,143,0.06906153013225227,0.21469311216131473,False,False,False,1.509844267120838e-07,COMPLETE
885,0.37697161436080934,2025-04-22 04:23:32.736472,2025-04-22 04:23:40.811869,0 days 00:00:08.075397,0.9460241346336622,0.6500232077862329,8,0.23673686089179458,0.09634379723715042,0.026545238400673726,0.033460942623707454,0.02626888713023461,0.013947212518944329,0.002258204679544176,11,147,0.07643372888213666,0.23444764589251396,False,False,False,6.494925226347382e-08,COMPLETE
886,0.3843025088310242,2025-04-22 04:23:41.101117,2025-04-22 04:23:54.781589,0 days 00:00:13.680472,0.9793298022507791,0.6138753926028843,2,0.2867840335480151,0.10264167388884173,0.03125979489943823,0.01693914674357973,0.03337073417174089,0.01065753000220612,0.0017927153267360376,11,10,0.04199716031827011,0.2502869356185096,False,False,False,1.2350403214667996e-07,COMPLETE
887,0.3707723498344421,2025-04-22 04:23:55.055952,2025-04-22 04:24:06.858016,0 days 00:00:11.802064,0.936126139231584,0.6714063415468149,2,0.22674739426208126,0.11335949958045398,0.028241903344414333,0.019457589259508325,0.0352283433028994,0.016130520106794336,0.001368844762373665,8,137,0.07270879069011223,0.2232025984277477,False,False,False,9.201062575346018e-08,COMPLETE
888,0.4496982216835022,2025-04-22 04:24:07.145616,2025-04-22 04:24:20.164563,0 days 00:00:13.018947,0.9593252756568023,0.6371082186916454,2,0.295563450504014,0.08004403059065195,0.03214323354794762,0.02754698021624611,0.02183291202962686,0.018338178861049482,0.0015981333240668858,10,141,0.07738166730521157,0.2414955719553546,False,False,False,3.016019363485405e-07,COMPLETE
889,0.4436697363853455,2025-04-22 04:24:20.459279,2025-04-22 04:24:32.791164,0 days 00:00:12.331885,0.7293745609023379,0.6912753975885667,2,0.2853708953187744,0.11131029955890687,0.026498190083882506,0.030745124000191325,0.028033907393504077,0.0937023081352627,0.001989478946698155,9,144,0.07087150451964877,0.23288111435397546,False,False,False,8.524102255744023e-08,COMPLETE
890,0.38368359804153446,2025-04-22 04:24:33.083372,2025-04-22 04:24:47.034738,0 days 00:00:13.951366,0.9997965193533013,0.671071148608667,2,0.25615084461337256,0.10199105260504836,0.07062776984085731,0.025445458904160223,0.02999988315098254,0.012344304991093537,0.0014031861964068364,11,89,0.07448976216847925,0.25576938664825694,True,False,False,1.3605046335029144e-07,COMPLETE
891,0.2887604355812073,2025-04-22 04:24:47.315576,2025-04-22 04:25:00.291663,0 days 00:00:12.976087,0.9768784880969286,0.6506778426743544,2,0.2905109690201021,0.013022305017175329,0.028370219177594302,0.02152965298966163,0.03421208914362986,0.03408461700757228,0.002509322279866187,10,147,0.07630472268857659,0.2257095817459055,False,False,False,6.5169600245306e-08,COMPLETE
892,0.37280601263046265,2025-04-22 04:25:00.581553,2025-04-22 04:25:14.265356,0 days 00:00:13.683803,0.9534947648884492,0.6898488881238594,2,0.24504108010845713,0.10858149045190116,0.02338799206767024,0.027494755191106363,0.026444708498521416,0.00914268787674083,0.0017190695036578944,11,138,0.06763322259339213,0.20837262930250053,False,False,False,1.767930020454222e-07,COMPLETE
893,0.374994158744812,2025-04-22 04:25:14.561348,2025-04-22 04:25:27.529378,0 days 00:00:12.968030,0.9807633545826803,0.42631297223475195,2,0.2958218064003895,0.11424609462471287,0.03034521066520769,0.023279428519315422,0.03898979569706539,0.014378650003024011,0.0012908360043855046,10,142,0.07280230296972452,0.24525796997751295,False,False,False,1.196035904344786e-07,COMPLETE
894,0.43699765205383306,2025-04-22 04:25:27.824596,2025-04-22 04:25:41.479049,0 days 00:00:13.654453,0.9338074798304109,0.6286671735752676,2,0.0900618545956336,0.09631360811648151,0.025761727513583837,0.024879532677921156,0.036848576496804814,0.03767290988679405,0.0020006179739349562,11,145,0.07824896788886251,0.23619802069678894,False,False,False,9.833130820660905e-08,COMPLETE
895,0.3603526771068573,2025-04-22 04:25:41.758820,2025-04-22 04:25:53.617541,0 days 00:00:11.858721,0.48918577888244,0.39260517587328325,2,0.2848337848218325,0.065517980916406,0.033653258784283074,0.0990603167943652,0.04680621405951425,0.019078332348463387,0.0015989018452734018,11,15,0.07002276065085156,0.1788599892337144,False,True,False,7.431370407553543e-08,COMPLETE
896,0.310543018579483,2025-04-22 04:25:53.910936,2025-04-22 04:26:00.472734,0 days 00:00:06.561798,0.964723422335314,0.684871097392102,16,0.29967264082857814,0.10477810190630434,0.03556129655911686,0.018230033805653155,0.052405438516060485,0.016925613324919247,0.002271745253893453,9,130,0.07475705883060502,0.21799849235813412,False,False,True,2.0505298824641336e-07,COMPLETE
897,0.3693115592002869,2025-04-22 04:26:00.766335,2025-04-22 04:26:13.744398,0 days 00:00:12.978063,0.9793601424689363,0.6506388225198292,2,0.25229795738243366,0.08341814872075423,0.08795057285646002,0.030326000158217948,0.043258966995499026,0.010998094776613867,0.0012844160822403075,10,133,0.07332219296127841,0.24972836404868787,False,False,False,1.540726179015405e-07,COMPLETE
898,0.4435269236564636,2025-04-22 04:26:14.038437,2025-04-22 04:26:27.746575,0 days 00:00:13.708138,0.9416121508591933,0.6752451735320323,2,0.2611044119620039,0.11354005615236164,0.07500614291520862,0.02176163360505699,0.03646144506235831,0.012676650692737884,0.003133086198852808,11,139,0.07662964774215095,0.19232497325928366,False,False,False,8.173281625659658e-08,COMPLETE
899,0.44193496704101565,2025-04-22 04:26:28.025805,2025-04-22 04:26:41.087438,0 days 00:00:13.061633,0.9996120583301225,0.9998707831979275,2,0.2890182016757216,0.10504813730525148,0.029897357445627326,0.026369158361210353,0.02019125158674724,0.008305801796495258,0.001546543810374623,10,150,0.07141472462257004,0.22853643410862692,False,False,False,5.967352786924756e-08,COMPLETE
900,0.45298299789428714,2025-04-22 04:26:41.377020,2025-04-22 04:26:58.813903,0 days 00:00:17.436883,0.9581615931152343,0.6609969764838063,2,0.2836409136683046,0.1146690072272525,0.020846805525618066,0.019925337166490417,0.04968702575200514,0.014287038111703782,0.0018966389252612031,17,142,0.07493128888759511,0.2397100438627854,False,False,False,1.105868333963162e-07,COMPLETE
901,0.40176278352737427,2025-04-22 04:26:59.110739,2025-04-22 04:27:12.705784,0 days 00:00:13.595045,0.979629766956746,0.6147237544401818,2,0.2581084054374692,0.08905604980250394,0.03310428038467016,0.028047515260446573,0.03134381453000941,0.017196132047350647,0.0012456710881895016,11,146,0.07823264441855707,0.2634638854907942,False,False,False,1.4131958558590473e-07,COMPLETE
902,0.38374261856079106,2025-04-22 04:27:13.001197,2025-04-22 04:27:25.489723,0 days 00:00:12.488526,0.9358586298167465,0.6851284159821945,2,0.16326392948218635,0.09824766839767175,0.025241468138159796,0.031883853191168564,0.03905385755444558,0.010087520787990651,0.002326683749074515,9,136,0.06731014251983902,0.2212839077153614,False,False,False,2.638619671209403e-07,COMPLETE
903,0.4582460165023804,2025-04-22 04:27:25.767622,2025-04-22 04:27:40.019612,0 days 00:00:14.251990,0.9583815826280065,0.6989072870872538,2,0.29982840167220215,0.11065873331975724,0.09465086514162267,0.023732092550569857,0.033758245508669196,0.019780221796256787,0.0015138020936988834,12,144,0.07361776751177987,0.20450110888210835,False,False,False,9.876745363343284e-08,COMPLETE
904,0.4522917747497559,2025-04-22 04:27:40.312165,2025-04-22 04:27:55.252027,0 days 00:00:14.939862,0.926703818034205,0.6353898395181051,2,0.2990772823079999,0.10747390874999865,0.08453988708311985,0.02442279769347643,0.039976962916334,0.019945024718696684,0.0018611804749653705,13,140,0.07600959227804936,0.2015587127997585,False,False,False,7.849701902870325e-08,COMPLETE
905,0.4452660441398621,2025-04-22 04:27:55.548977,2025-04-22 04:28:09.773878,0 days 00:00:14.224901,0.9500044570577236,0.5841596618804743,2,0.2918422037748746,0.10180654563927052,0.06626622060748605,0.025911403991997144,0.023404930019841317,0.019283771166292485,0.0015622442069057197,12,137,0.07430675408758299,0.20465872835835813,False,False,False,9.395572291505579e-08,COMPLETE
906,0.4402781963348389,2025-04-22 04:28:10.070064,2025-04-22 04:28:25.055796,0 days 00:00:14.985732,0.9232294752054179,0.8674620324390889,2,0.2994836426759122,0.10876797614926607,0.09901491071818995,0.023254928711654695,0.03247014395176181,0.01927332737944439,0.001889138028164076,13,142,0.0775756984254871,0.20578995396730798,False,False,False,6.492106809327504e-08,COMPLETE
907,0.373179841041565,2025-04-22 04:28:25.337696,2025-04-22 04:28:33.479740,0 days 00:00:08.142044,0.9528023386884896,0.6677690211050475,8,0.29983377733193445,0.095265850152982,0.02861403966283165,0.0254793468844418,0.03137452278614102,0.020547628211664365,0.0027340709255472937,12,106,0.07354568355456235,0.20507060250357753,False,False,False,1.0501551071378068e-07,COMPLETE
908,0.38523374795913695,2025-04-22 04:28:33.774673,2025-04-22 04:28:50.179820,0 days 00:00:16.405147,0.9386072155533474,0.7015791606603051,2,0.24829502441363835,0.16864254820967384,0.0901018657303271,0.02906347469261745,0.03389354095101356,0.018337604342039168,0.0015570073982397706,14,140,0.07887436548661075,0.19722303685628692,True,False,False,5.829991036665417e-08,COMPLETE
909,0.39210174083709715,2025-04-22 04:28:50.477131,2025-04-22 04:29:09.750455,0 days 00:00:19.273324,0.9628202896594364,0.6432246973099188,2,0.2939519122996943,0.11332888236191571,0.08058024002569927,0.02407213894821302,0.028237767412865974,0.06375391338876907,0.0022189178173556805,21,33,0.09964847859398969,0.19541160610819763,False,False,False,7.792745238104852e-08,COMPLETE
910,0.3749823927879334,2025-04-22 04:29:10.048907,2025-04-22 04:29:24.330613,0 days 00:00:14.281706,0.9666278397965007,0.693425180820854,2,0.24001109087190908,0.10559226784814041,0.030931637349366343,0.022182059157389408,0.028430078494046683,0.017784347999781423,1.936568031272603e-05,12,134,0.0760728097440621,0.21181649002931421,False,False,False,9.547200231457357e-08,COMPLETE
