number,value,datetime_start,datetime_complete,duration,params_alpha-eval,params_alpha-train,params_batch-size,params_eps-eval,params_eps-train,params_lambda-actions-eval,params_lambda-actions-train,params_lambda-frames-eval,params_lambda-frames-train,params_learning-rate,params_n-epochs,params_n-frames,params_radius-gw,params_rho,params_std-feats,params_ub-actions,params_ub-frames,params_weight-decay,state
170,0.3758163094520569,2025-04-22 01:40:23.600915,2025-04-22 01:40:39.147102,0 days 00:00:15.546187,0.9549357403305604,0.9447211440224733,2,0.2972311337369764,0.11050638246120248,0.05539572317607517,0.00106986799194482,0.07041952375913721,0.03703639039889107,0.00038938942808657977,14,140,0.06782828887427135,0.12887933315022454,False,False,False,2.5406698917367476e-08,COMPLETE
171,0.4317326307296753,2025-04-22 01:40:39.202517,2025-04-22 01:40:53.370901,0 days 00:00:14.168384,0.8806610082965768,0.9228657653923722,2,0.2819851038442315,0.10168837631605532,0.04436421820859997,0.04506908844598238,0.079544828361989,0.024222458607871904,0.0007592035490403319,12,145,0.07902399703823879,0.1228155750038106,False,False,False,1.0184543083632517e-08,COMPLETE
172,0.4382692456245423,2025-04-22 01:40:53.434724,2025-04-22 01:41:07.748254,0 days 00:00:14.313530,0.87973880454365,0.9798241918753243,2,0.28689082395177307,0.09867361035601818,0.0506253377652836,0.04592786495959478,0.08048138206365718,0.021285179579846717,0.0009096757890538001,12,146,0.07436116869802138,0.10532221236950003,False,False,False,1.210120365366922e-08,COMPLETE
173,0.4396523237228394,2025-04-22 01:41:07.804873,2025-04-22 01:41:22.267354,0 days 00:00:14.462481,0.9341772000651853,0.977434023682305,2,0.27880510568618333,0.0994025707816718,0.04987760916233134,0.04105792897683176,0.08068163098458049,0.021363218219765563,0.0008072997417943873,12,146,0.07463960106676154,0.12288138032711554,False,False,False,1.0027586537231111e-08,COMPLETE
174,0.37661831378936766,2025-04-22 01:41:22.323071,2025-04-22 01:41:36.615565,0 days 00:00:14.292494,0.8858822904099998,0.9797886373878847,2,0.2845249934603394,0.0917189747578503,0.05205819814510598,0.04128229545463696,0.08051588565766765,0.020677425225645585,0.0008430052936967131,12,147,0.07033001417475737,0.10871538143932932,False,False,False,1.0018549081655828e-08,COMPLETE
175,0.43964903354644774,2025-04-22 01:41:36.671775,2025-04-22 01:41:51.577635,0 days 00:00:14.905860,0.9335278041734609,0.982184883795,2,0.27907739879312055,0.09890288597960809,0.04852344758972198,0.039757543521087665,0.0799228601581457,0.026037824844043843,0.0009857304245744988,13,145,0.07438533619554206,0.1266545957985465,False,False,False,1.2381407398299066e-08,COMPLETE
176,0.4250244736671448,2025-04-22 01:41:51.635279,2025-04-22 01:42:06.048794,0 days 00:00:14.413515,0.9287590542123249,0.985554162934536,2,0.275591646607912,0.09793412852350675,0.05098908262193028,0.04391644709562354,0.07943418022781376,0.025814080088448894,0.0009599837486514409,12,150,0.07400598362992489,0.12140095339901714,False,False,False,1.2655321450186738e-08,COMPLETE
177,0.4350007176399231,2025-04-22 01:42:06.105380,2025-04-22 01:42:21.014314,0 days 00:00:14.908934,0.9612327561370546,0.9349217463631496,2,0.2863709815921862,0.10152741413495506,0.04942581641996075,0.03577314189961839,0.0765687120559806,0.024442293697585646,0.0007535491590225454,13,145,0.07204987371008756,0.12416974208511791,False,False,False,1.2474570997702185e-08,COMPLETE
178,0.3850929975509644,2025-04-22 01:42:21.070963,2025-04-22 01:42:35.964377,0 days 00:00:14.893414,0.9604815579164021,0.9339241244712508,2,0.28015881124572206,0.08253604993032973,0.04977662563526874,0.034424617919322296,0.07663301246606471,0.024354103790595348,0.001055719925390558,13,146,0.07480040465400334,0.12825311837547068,False,False,False,1.2088503709473252e-08,COMPLETE
179,0.4368336796760559,2025-04-22 01:42:36.022728,2025-04-22 01:42:50.842743,0 days 00:00:14.820015,0.9378708639400032,0.9795715752984153,2,0.2647096105191689,0.100953204151067,0.04692414713210641,0.035199435552577235,0.07720542056051032,0.021454398454431364,0.0007588166990015724,13,148,0.07887815467677113,0.15039224963929396,False,False,False,1.253853495591858e-08,COMPLETE
180,0.43658037185668946,2025-04-22 01:42:50.901164,2025-04-22 01:43:05.088776,0 days 00:00:14.187612,0.9401714780655387,0.9817063361740664,2,0.26766470500799294,0.09916188186948059,0.04943908342876701,0.03848177885609872,0.07718036864252273,0.026401242696804845,0.0008868653537903033,12,148,0.0787880132526807,0.14724839179766425,False,False,False,1.932267278448519e-08,COMPLETE
181,0.4271801471710205,2025-04-22 01:43:05.155809,2025-04-22 01:43:19.400492,0 days 00:00:14.244683,0.9353320546024295,0.9781904537214601,2,0.27018571284131476,0.10079394848710467,0.049045800372625514,0.03752923767821215,0.07709367244974492,0.028125890078439866,0.0008841137446946449,12,147,0.07878210954214507,0.149288369708489,False,False,False,2.0118983216770075e-08,COMPLETE
182,0.38639239668846137,2025-04-22 01:43:19.459161,2025-04-22 01:43:34.437776,0 days 00:00:14.978615,0.9853255961213481,0.996598392515105,2,0.2660593037739588,0.09321834453296036,0.046895416392440256,0.03953804173331575,0.07572634851851534,0.026601808797545607,0.0007419165663710525,13,150,0.07306131080464418,0.1372374928335833,False,False,False,1.3874007924886329e-08,COMPLETE
183,0.4221499681472779,2025-04-22 01:43:34.497359,2025-04-22 01:43:48.207132,0 days 00:00:13.709773,0.8995559326235505,0.960137004481935,2,0.28683395533825434,0.08906779004296464,0.04522787996633994,0.03433395237110824,0.07275300329052138,0.023123770312227718,0.0011917870578921404,11,145,0.07607818098794634,0.14689817409759787,False,False,False,1.5730308156782197e-08,COMPLETE
184,0.45203461647033694,2025-04-22 01:43:48.265932,2025-04-22 01:44:03.203627,0 days 00:00:14.937695,0.9388538902792967,0.9807864620307365,2,0.27888034866015293,0.10080505776935603,0.05070309557472055,0.033108620781732635,0.07918324806827039,0.024833445158014385,0.0009272729792121963,13,148,0.07932527085499827,0.15497224336687265,False,False,False,1.978383756253537e-08,COMPLETE
185,0.4387580871582032,2025-04-22 01:44:03.262892,2025-04-22 01:44:18.141423,0 days 00:00:14.878531,0.9296511820656843,0.9811017244286504,2,0.2774023778098757,0.099420082231706,0.053868270506863686,0.03581513812502095,0.07945501281625807,0.029075078090913486,0.0009536851233230385,13,148,0.07853050398576142,0.1657121119580711,False,False,False,2.141029157054299e-08,COMPLETE
186,0.34242362380027774,2025-04-22 01:44:18.201349,2025-04-22 01:44:31.054381,0 days 00:00:12.853032,0.938627121860658,0.9970527308723452,2,0.2954107395097461,0.09942816960518112,0.05453176966017444,0.037951136041462046,0.08009958487510913,0.03144828495531646,0.0012817677141280946,12,147,0.07925225587924062,0.16941955939304765,False,True,False,2.0504062350401492e-08,COMPLETE
187,0.2895116865634918,2025-04-22 01:44:31.114589,2025-04-22 01:44:44.557727,0 days 00:00:13.443138,0.9521414949234553,0.9665275137802842,2,0.28357249731962364,0.09672257470659573,0.057219261048319106,0.03320185564125042,0.0538657626923104,0.02974688958287166,0.0009990798631619553,13,150,0.07915600118054275,0.15685396463203036,False,False,True,1.9253153809045637e-08,COMPLETE
188,0.4362473011016846,2025-04-22 01:44:44.617723,2025-04-22 01:44:58.861197,0 days 00:00:14.243474,0.9932399993431423,0.9501451228271585,2,0.2888121578854959,0.11030736672436607,0.051336644615214706,0.030182617761975863,0.07904748242394977,0.027000756599772083,0.0008809505728491142,12,147,0.07263977413555557,0.18571369043651467,False,False,False,2.6825733650933232e-08,COMPLETE
189,0.3892915368080139,2025-04-22 01:44:58.921795,2025-04-22 01:45:13.182152,0 days 00:00:14.260357,0.9991076419964132,0.9509476654860045,2,0.2636021613635583,0.07963428778438986,0.051330465321066575,0.031551434477009845,0.08113228380520425,0.029025738793483826,0.0009160940460985599,12,147,0.0701185957096696,0.18481362902584614,False,False,False,2.418359619348156e-08,COMPLETE
190,0.4592191100120545,2025-04-22 01:45:13.252126,2025-04-22 01:45:26.835125,0 days 00:00:13.582999,0.9822288668582398,0.9785521851184441,2,0.2888983833695608,0.10982741367521823,0.052716078216247124,0.028658622152477026,0.07906043194827637,0.026866601947735533,0.0010959838031775304,11,148,0.07201766950090399,0.19517309462521723,False,False,False,2.7541804528256498e-08,COMPLETE
191,0.43699213266372683,2025-04-22 01:45:26.896280,2025-04-22 01:45:40.517716,0 days 00:00:13.621436,0.9778658400658743,0.9993361787072853,2,0.2902307371917644,0.11069776559311416,0.04754428929750154,0.025977635295695425,0.07895275411138267,0.027214157484850312,0.001119102381016493,11,148,0.07257020528640093,0.14386843354039766,False,False,False,3.1438511493237014e-08,COMPLETE
192,0.42568645477294925,2025-04-22 01:45:40.579183,2025-04-22 01:45:54.233458,0 days 00:00:13.654275,0.9801558445757506,0.9985430650025714,2,0.2903383359512761,0.11254767061366004,0.05776223333863288,0.023832035392239624,0.07879180595027971,0.027206529009035134,0.0014009882626154877,11,148,0.0723953835159818,0.19120285358808253,False,False,False,3.2741178567676524e-08,COMPLETE
193,0.4287330746650696,2025-04-22 01:45:54.294393,2025-04-22 01:46:09.239175,0 days 00:00:14.944782,0.9665552247740745,0.9764556838303139,2,0.29832425312876065,0.1083728892038959,0.0536536757806241,0.028414531292215127,0.08133909409316083,0.027127072693314738,0.0011181106728036174,13,150,0.06744465148429607,0.15460571049377522,False,False,False,2.8314423152542826e-08,COMPLETE
194,0.398620343208313,2025-04-22 01:46:09.302018,2025-04-22 01:46:24.834595,0 days 00:00:15.532577,0.9994199261669113,0.999918249991824,2,0.28875414882081746,0.08831431916730731,0.0625630892721807,0.02736345152810407,0.07778471084165649,0.03138078910988032,0.00118940613588016,14,145,0.07210327378454982,0.1665635447188919,False,False,False,4.758112710213531e-08,COMPLETE
195,0.37492028474807737,2025-04-22 01:46:24.897509,2025-04-22 01:46:38.510979,0 days 00:00:13.613470,0.9354406585118828,0.9725513926880702,2,0.2778658082574412,0.10836793874504212,0.049704027283589865,0.031228244100883755,0.0822831104879572,0.02262102004651181,0.0009324134411814748,11,143,0.06961200230972453,0.19663974728371636,False,False,False,2.609795594976935e-08,COMPLETE
196,0.43651162385940556,2025-04-22 01:46:38.573588,2025-04-22 01:46:53.355595,0 days 00:00:14.782007,0.9617872150823014,0.9535049425022637,2,0.2705254961054555,0.0953845566620606,0.04808544758950103,0.036370097104396856,0.07882315976568567,0.029655033773285776,0.0014507328013628107,13,148,0.07439336664948996,0.21093977299567088,False,False,False,3.780752853067156e-08,COMPLETE
197,0.40582133531570436,2025-04-22 01:46:53.419414,2025-04-22 01:47:00.840853,0 days 00:00:07.421439,0.9646585986447732,0.9556079109170523,16,0.27138022680830837,0.09555348425232311,0.05091055320900863,0.024725690149550863,0.07406886455114091,0.0291357070322942,0.0016084492835720724,13,150,0.07320709788657687,0.14418575151923982,False,False,False,4.030620294675636e-08,COMPLETE
198,0.46175495386123655,2025-04-22 01:47:00.913430,2025-04-22 01:47:15.183116,0 days 00:00:14.269686,0.9848326870369194,0.979130862567414,2,0.28487938916808647,0.11550241062587334,0.05244085314011742,0.017888706923948814,0.07870545570616007,0.033926578019669335,0.001461305737782434,12,144,0.07417300630558461,0.21864322070136138,False,False,False,3.7939750714004974e-08,COMPLETE
199,0.3792438507080078,2025-04-22 01:47:15.247371,2025-04-22 01:47:29.555223,0 days 00:00:14.307852,0.9753675440649004,0.9819479039815598,2,0.26732034194663956,0.1191303516008437,0.05310562247024887,0.036331687159577054,0.07915705970759479,0.03380916691380046,0.0014731458823546522,12,148,0.07462795052900337,0.21318150692618731,False,False,False,6.349500545567406e-08,COMPLETE
200,0.4265267133712769,2025-04-22 01:47:29.619680,2025-04-22 01:47:43.771664,0 days 00:00:14.151984,0.9835912615904576,0.9519567662595829,2,0.2799894465135544,0.11596115664534914,0.05584957815249848,0.019047029771989937,0.07776035375536933,0.021482353170153456,0.0013340198775568422,12,142,0.07299530456958087,0.20910362251736178,False,False,False,3.27470062605752e-08,COMPLETE
201,0.4357346057891846,2025-04-22 01:47:43.836101,2025-04-22 01:47:58.745387,0 days 00:00:14.909286,0.9482249962300994,0.9722134350315326,2,0.2854965731865611,0.10860328479742429,0.04736408493368009,0.018380264204743455,0.0762677532684007,0.02625985320020555,0.0011100563028471674,13,144,0.06966539547304446,0.20703722767848828,False,False,False,4.0013595224680244e-08,COMPLETE
202,0.45466663837432864,2025-04-22 01:47:58.809436,2025-04-22 01:48:12.524547,0 days 00:00:13.715111,0.9581249246013992,0.9746935354170869,2,0.273732117007077,0.1107349957849112,0.04725217892212153,0.02080437294846035,0.07991229084211678,0.025492691675351876,0.0012652554927898285,11,145,0.07463885638515776,0.22229386537764825,False,False,False,5.355504314942416e-08,COMPLETE
203,0.44049172401428227,2025-04-22 01:48:12.590123,2025-04-22 01:48:26.267936,0 days 00:00:13.677813,0.9535560411701628,0.9780963744579869,2,0.27395249707017894,0.11058790580788203,0.05217837184995879,0.021179131935705794,0.08042452655728663,0.025333717003906693,0.0011878549111934559,11,145,0.07468868252808013,0.23886730998916933,False,False,False,5.5793724750886636e-08,COMPLETE
204,0.4361024022102356,2025-04-22 01:48:26.332842,2025-04-22 01:48:40.053780,0 days 00:00:13.720938,0.9486704850550806,0.976791615191313,2,0.2736828105732342,0.11117165475666649,0.05228155425680549,0.017881263971323055,0.08009761089081985,0.025247757584401898,0.001205910887737184,11,146,0.07504800943356657,0.22725762484137849,False,False,False,5.522413841652088e-08,COMPLETE
205,0.4241265773773194,2025-04-22 01:48:40.129247,2025-04-22 01:48:53.713064,0 days 00:00:13.583817,0.9367311113513717,0.9757112897095971,2,0.25498843188739406,0.11125493051064086,0.052421556062507244,0.018038167396380353,0.08049632597513053,0.02619156558053,0.0017176433460166882,11,148,0.07495711143486461,0.23006995688908483,False,False,False,7.681305394049607e-08,COMPLETE
206,0.402970552444458,2025-04-22 01:48:53.778841,2025-04-22 01:49:07.399394,0 days 00:00:13.620553,0.9488280645427701,0.9823785521425327,2,0.27325880296013055,0.11273314366291413,0.05075071935403236,0.017474924103359164,0.0801622115809698,0.026901389347346875,0.0013696644065379127,11,150,0.07728486958706657,0.22725507882756513,False,False,False,5.342799628506543e-08,COMPLETE
207,0.4333103895187378,2025-04-22 01:49:07.464872,2025-04-22 01:49:21.098660,0 days 00:00:13.633788,0.9994562849205042,0.9991551525816911,2,0.2728100351268709,0.10615059047764024,0.04706648505724649,0.020429149574008505,0.07889334013270069,0.02558066714501148,0.0020814710277866346,11,146,0.0752902865856352,0.2439806790527613,False,False,False,4.197293728160088e-08,COMPLETE
208,0.38160080909729005,2025-04-22 01:49:21.164558,2025-04-22 01:49:36.228744,0 days 00:00:15.064186,0.9836724823554226,0.968946554839081,2,0.26420753501107147,0.1183431970457139,0.055184343171057734,0.02108894798230323,0.08135734386641966,0.021674475009932668,0.0011227651334836033,12,144,0.07758576239678229,0.22097764922037844,True,False,False,6.053108932657558e-08,COMPLETE
209,0.3668221712112427,2025-04-22 01:49:36.296507,2025-04-22 01:49:49.988224,0 days 00:00:13.691717,0.9457717681080641,0.9835973979912451,2,0.28198253147382146,0.09215294649134509,0.05340984629507155,0.014144863493338967,0.07909330258138692,0.027691250127011385,0.001250032385485352,11,147,0.0748275770124858,0.21744931542991872,False,False,False,4.528636980877628e-08,COMPLETE
210,0.4558863997459412,2025-04-22 01:49:50.054835,2025-04-22 01:50:04.322873,0 days 00:00:14.268038,0.9224965684801061,0.9657169111925691,2,0.2757164397931189,0.11055730907712313,0.045393425824507144,0.025316539274943366,0.08579566327288966,0.0242858287545788,0.0015479132750504778,12,141,0.07747517469498029,0.23930040829528965,False,False,False,3.9999647369883946e-08,COMPLETE
211,0.4634656310081482,2025-04-22 01:50:04.389256,2025-04-22 01:50:18.595335,0 days 00:00:14.206079,0.9251241281341498,0.9713545373025461,2,0.27471474397674406,0.10941558094938564,0.044688772549074,0.026373699370343194,0.08582532666139575,0.02520773256020879,0.0016652812808196729,12,142,0.07649859101476603,0.24065730471307806,False,False,False,5.990660760868121e-08,COMPLETE
212,0.45896385908126835,2025-04-22 01:50:18.663278,2025-04-22 01:50:32.911883,0 days 00:00:14.248605,0.9217086604909439,0.9991984519526087,2,0.275682292395616,0.11273362782245566,0.04498464469171708,0.02577180032183731,0.08579081324258019,0.02254827694862689,0.0017349945592942547,12,141,0.07833170544120778,0.24014594892641664,False,False,False,7.316097505921751e-08,COMPLETE
213,0.45068351030349735,2025-04-22 01:50:32.989865,2025-04-22 01:50:47.263155,0 days 00:00:14.273290,0.9331603227892092,0.9568687583664495,2,0.2604636891723283,0.11775157315650601,0.04339841809647634,0.02555968255678926,0.08728416022068612,0.0228062693669036,0.0018735437268895263,12,140,0.07824711245865422,0.25421381516469244,False,False,False,7.833618432536428e-08,COMPLETE
214,0.4357351422309876,2025-04-22 01:50:47.330933,2025-04-22 01:51:01.513180,0 days 00:00:14.182247,0.9216050682631114,0.9977791855031873,2,0.26078875834055193,0.11874465393496733,0.04393305961027083,0.026255160018327714,0.08529315334734636,0.022761043315578856,0.0019050397391637021,12,140,0.07946610125618261,0.2586367728858009,False,False,False,7.201856642862e-08,COMPLETE
215,0.4513010263442993,2025-04-22 01:51:01.581871,2025-04-22 01:51:15.798480,0 days 00:00:14.216609,0.9234891902489073,0.9598684719140236,2,0.24894152493179528,0.10541701902846493,0.04494409274146171,0.02541819355546173,0.08646017276083647,0.020009148579037083,0.002293040057374661,12,138,0.07824647797312638,0.24232461697533092,False,False,False,7.828845453677084e-08,COMPLETE
216,0.43724364042282104,2025-04-22 01:51:15.867271,2025-04-22 01:51:30.159318,0 days 00:00:14.292047,0.9220891219448863,0.9656199878958514,2,0.24589793542625663,0.11575949491231818,0.043189555968831145,0.021815380554801353,0.08654206298277521,0.02163798893919618,0.002052633060014249,12,137,0.07783169492771698,0.2503257967736834,False,False,False,7.709134676880887e-08,COMPLETE
217,0.4325629353523255,2025-04-22 01:51:30.228567,2025-04-22 01:51:43.716027,0 days 00:00:13.487460,0.9220274472104758,0.961238370202306,2,0.25134983443962694,0.11809860213328002,0.04370049539366054,0.02522828601982555,0.08712807440804725,0.02036334077644494,0.002057020373459536,11,137,0.07769212899666984,0.25828002434480407,False,False,False,9.055651341452211e-08,COMPLETE
218,0.34356346130371096,2025-04-22 01:51:43.785052,2025-04-22 01:51:56.503536,0 days 00:00:12.718484,0.9226066110521888,0.9696907764920689,2,0.25112189250617606,0.12169106954206099,0.0454366506800864,0.022002778568462417,0.08667698514445385,0.021392773978031927,0.002923021328144609,12,139,0.07698980547958134,0.24161321521180187,False,True,False,8.857119358765886e-08,COMPLETE
219,0.2887604355812073,2025-04-22 01:51:56.572540,2025-04-22 01:52:08.740996,0 days 00:00:12.168456,0.9074773207187699,0.9990282660897484,2,0.2597493501680834,0.11402408677612072,0.04597300757089761,0.02211721682123288,0.08887918057761117,0.01946797688305522,0.0023095466788032367,11,137,0.08082190756329596,0.23748144867234133,False,False,True,1.2226168546238772e-07,COMPLETE
220,0.40111774206161505,2025-04-22 01:52:08.820776,2025-04-22 01:52:23.039152,0 days 00:00:14.218376,0.06147671667075466,0.9509799737826398,2,0.24102206057080638,0.10501760639844489,0.042745441583835385,0.027018019842088528,0.09137529330943357,0.023038331959551253,0.00254720140053925,12,141,0.07979428291302233,0.2526347211901049,False,False,False,6.430490892626899e-08,COMPLETE
221,0.4287007451057434,2025-04-22 01:52:23.109584,2025-04-22 01:52:37.368105,0 days 00:00:14.258521,0.9308926575196582,0.9818229262841025,2,0.2649150069197782,0.10873389472290067,0.04292639346587354,0.015008393831396967,0.08517714382817551,0.021945245491713557,0.0016724155891985884,12,142,0.07784505165757423,0.24429191670861952,False,False,False,7.844967207102062e-08,COMPLETE
222,0.43100916147232055,2025-04-22 01:52:37.439283,2025-04-22 01:52:51.726915,0 days 00:00:14.287632,0.8916478966716636,0.9797152549547063,2,0.27797159998704224,0.10574538800869336,0.04557045111562535,0.023076374095127895,0.08380366239016694,0.024086893337505313,0.0017151517759530443,12,140,0.07855719809991488,0.2524025206733961,False,False,False,5.1929520930950826e-08,COMPLETE
223,0.4171151638031006,2025-04-22 01:52:51.797919,2025-04-22 01:53:06.570883,0 days 00:00:14.772964,0.9352756142362965,0.9674973287971362,2,0.24566523911761765,0.1170275102299581,0.04963762727132916,0.025358476826671437,0.08766108889867928,0.0175155341572244,0.0022557183051579595,13,135,0.07684395549091896,0.2359826441297143,False,False,False,6.287717936638402e-08,COMPLETE
224,0.43390290737152104,2025-04-22 01:53:06.642522,2025-04-22 01:53:20.923096,0 days 00:00:14.280574,0.9738104230862918,0.996682113534253,2,0.2669412033963135,0.09927485836527207,0.04785492569982388,0.04088866587335032,0.08629723282644622,0.02363041446781218,0.0016292437007013095,12,142,0.07616680879151243,0.26743854984184356,False,False,False,1.1011564965097817e-07,COMPLETE
225,0.43804532289505005,2025-04-22 01:53:20.995056,2025-04-22 01:53:34.730159,0 days 00:00:13.735103,0.364190854460389,0.9607121681158525,2,0.279614959984926,0.11278996232498643,0.04452183562854692,0.028252059722886358,0.08317385306247703,0.02083340206177215,0.0019193763021459614,11,138,0.07957430793925002,0.2479345872977603,False,False,False,7.777533987002263e-08,COMPLETE
226,0.40878937244415287,2025-04-22 01:53:34.801789,2025-04-22 01:53:48.366676,0 days 00:00:13.564887,0.2963309220596144,0.946020629609288,2,0.278306899016549,0.1244972375275664,0.042277087623662765,0.029027277013181575,0.08461303588601378,0.02016776916715793,0.0018937103568116604,11,137,0.08122178981399517,0.2482874434981467,False,False,False,7.794896411304198e-08,COMPLETE
