number,value,datetime_start,datetime_complete,duration,params_alpha-eval,params_alpha-train,params_batch-size,params_eps-eval,params_eps-train,params_lambda-actions-eval,params_lambda-actions-train,params_lambda-frames-eval,params_lambda-frames-train,params_learning-rate,params_n-epochs,params_n-frames,params_radius-gw,params_rho,params_std-feats,params_ub-actions,params_ub-frames,params_weight-decay,state
784,0.41853510141372685,2025-04-01 16:14:40.502082,2025-04-01 16:14:50.914016,0 days 00:00:10.411934,0.9835596357789373,0.6184164700787588,8,0.1404357742488342,0.10762767384820425,0.04411719999020163,0.028174233427944652,0.05117791089792395,0.016915352995033606,0.0017626280556336086,27,139,0.08508823162852218,0.01532442564792711,False,False,False,1.1056831815311787e-06,COMPLETE
785,0.38056956529617314,2025-04-01 16:14:51.176846,2025-04-01 16:15:01.945996,0 days 00:00:10.769150,0.923572676781942,0.7690469265828125,8,0.29223210604917577,0.0979791382403538,0.050088916345660504,0.055003604052723386,0.05757179354111243,0.022651638942638736,0.0006946150537637246,29,129,0.08863191368740116,0.2836314823540316,False,False,False,1.8813589443015395e-06,COMPLETE
786,0.3875805616378784,2025-04-01 16:15:02.194932,2025-04-01 16:15:12.312194,0 days 00:00:10.117262,0.9612771937670356,0.54535703224375,8,0.2063726849271023,0.08786069371571097,0.05536019662811625,0.02246098832479541,0.05993511716936382,0.004793371988195523,0.0010578422761767072,28,28,0.09360325688048218,0.022334071489849554,False,False,False,2.068869064922707e-07,COMPLETE
787,0.35163134336471563,2025-04-01 16:15:12.573259,2025-04-01 16:15:21.857939,0 days 00:00:09.284680,0.679307466626452,0.6650472130580247,8,0.2745449508368448,0.09144371416057845,0.046485054524625286,0.032171199216526336,0.046888886260742266,0.008426757488023424,0.0013311105947596221,26,120,0.05534291312274646,0.0285910802787761,False,True,False,8.787315443443528e-07,COMPLETE
788,0.41252337694168095,2025-04-01 16:15:22.105344,2025-04-01 16:15:32.492324,0 days 00:00:10.386980,0.9121358947401462,0.7425867989186142,8,0.2859610389729188,0.15667700671734486,0.05216590119771789,0.006898125838068604,0.05420511629032839,0.012291708402093326,0.00047697021358927464,27,111,0.07791546153159476,0.0165071733151807,False,False,False,1.3383285310479302e-06,COMPLETE
789,0.4163045048713684,2025-04-01 16:15:32.753801,2025-04-01 16:15:43.416660,0 days 00:00:10.662859,0.9440304911693199,0.6843886018251716,8,0.29956468028482125,0.13412736439449066,0.049470325979967894,0.02654019757087516,0.05288841708799475,0.002544529191726078,0.0008849692403082325,29,125,0.09077703159855471,0.008702101014415965,False,False,False,5.794073645843049e-07,COMPLETE
790,0.40468304157257085,2025-04-01 16:15:43.683500,2025-04-01 16:15:52.310513,0 days 00:00:08.627013,0.9731022247221305,0.726276082278894,16,0.2684049945639817,0.08641022356681609,0.05299996440203291,0.02462367085075096,0.04096474607953257,0.01896989899948657,0.0006568430043782041,28,116,0.08668521384169389,0.02409122868787046,False,False,False,2.2119957717365284e-06,COMPLETE
791,0.40103124380111693,2025-04-01 16:15:52.559230,2025-04-01 16:16:03.065412,0 days 00:00:10.506182,0.9336750264282833,0.7535819064148177,8,0.279153960743459,0.10368987422517814,0.04793006964862802,0.02223729490306862,0.050174628709402966,0.029918952283353374,0.0011822026430417794,28,119,0.08345207906368599,0.01835980265434638,False,False,False,4.0214842547610884e-07,COMPLETE
792,0.4196463346481324,2025-04-01 16:16:03.328531,2025-04-01 16:16:14.034538,0 days 00:00:10.706007,0.9840065789746775,0.7051853494237637,8,0.2892142564750209,0.14875858851917773,0.05529953311224136,0.027594485794173042,0.021203196811478704,0.009642973683396587,0.0007496589595623681,29,123,0.08029360176704184,0.012038981555605469,False,False,False,3.2851196892039044e-06,COMPLETE
793,0.42181512117385866,2025-04-01 16:16:14.300614,2025-04-01 16:16:25.256790,0 days 00:00:10.956176,0.954558723281411,0.7786978374994082,8,0.1951736272921513,0.11292383083481447,0.05190406511321468,0.02969194120877526,0.04451007322654096,0.0154090612928869,0.0009936170397092411,30,128,0.08868253904415854,0.028564486117675265,False,False,False,1.5964268373719685e-06,COMPLETE
794,0.4194504022598267,2025-04-01 16:16:25.507006,2025-04-01 16:16:36.198838,0 days 00:00:10.691832,0.9283952600837413,0.6490716267059305,8,0.263932997816449,0.09732117842518842,0.045577957597151254,0.022135532642103134,0.05607844960400284,0.020862056545407334,0.0005793595419227219,29,114,0.08638232959321998,0.021256933062268182,False,False,False,1.06938772728244e-06,COMPLETE
795,0.41897315979003913,2025-04-01 16:16:36.468910,2025-04-01 16:16:47.087978,0 days 00:00:10.619068,0.9066125408400966,0.736020147413635,8,0.1728954354318738,0.08506624294050039,0.05624757331559255,0.02588993471973242,0.06186008104900372,0.006264199844486024,0.0015511978011993682,28,126,0.07604852758881876,0.014368900731399382,False,False,False,8.216928710932088e-07,COMPLETE
796,0.4109099864959717,2025-04-01 16:16:47.354385,2025-04-01 16:16:57.727117,0 days 00:00:10.372732,0.969164720462672,0.6896874879105035,8,0.28022231948253656,0.09125870882810838,0.04961211184160105,0.024506515396886697,0.04817756258955266,0.0044318875436356354,0.0008788186948881292,27,122,0.09209236613074175,0.004974118095498303,False,False,False,1.3233320269500978e-06,COMPLETE
797,0.41429082155227664,2025-04-01 16:16:57.984184,2025-04-01 16:17:08.822207,0 days 00:00:10.838023,0.9496731660281176,0.7211138268434142,8,0.2720490036735513,0.0861193780416554,0.05133360504230912,0.02226306968101742,0.05188772981254866,0.011024383867897704,0.0007622355424685756,30,108,0.08443513944268488,0.02962720907473647,False,False,False,1.9113899389184884e-06,COMPLETE
798,0.4139109969139099,2025-04-01 16:17:09.091272,2025-04-01 16:17:19.332962,0 days 00:00:10.241690,0.8966118356928686,0.7610292765689058,8,0.2944751824608955,0.10638037762810496,0.053890021726323026,0.03018691263873125,0.06651353872131323,0.027200759644237762,0.0011218469113008728,26,134,0.08964265648500233,0.022183500852382933,False,False,False,2.337074852856898e-06,COMPLETE
799,0.4013328433036804,2025-04-01 16:17:19.599854,2025-04-01 16:17:29.167997,0 days 00:00:09.568143,0.9601516500132895,0.6266516594533208,8,0.28466156671706117,0.09806605556382791,0.04759913535883839,0.009463650465209278,0.06943411984351494,0.017932009375682376,0.0014110087493105117,25,20,0.08715269833714809,0.010112979411562913,False,False,False,3.057049915650382e-06,COMPLETE
800,0.2961811423301697,2025-04-01 16:17:29.419455,2025-04-01 16:17:39.133009,0 days 00:00:09.713554,0.9851575828162983,0.6653678581508073,8,0.26673886330566293,0.0842960155000594,0.06915712578060991,0.07187597310791827,0.05956541199578211,0.00289407995612563,0.0006121228487244745,29,119,0.08263149004886573,0.017204813771205734,False,False,True,7.375878184317303e-07,COMPLETE
801,0.43006103038787846,2025-04-01 16:17:39.399452,2025-04-01 16:17:49.716620,0 days 00:00:10.317168,0.999576337999662,0.784646854326127,8,0.2761866335417913,0.09375050951119893,0.05091087146046431,0.024315431403173198,0.06418653330672079,0.014145112435303142,0.0009501134001507362,27,113,0.09391331830889063,0.024948911713907805,False,False,False,1.271580806325706e-06,COMPLETE
802,0.37814432382583624,2025-04-01 16:17:49.987721,2025-04-01 16:18:01.477864,0 days 00:00:11.490143,0.9210380093303046,0.7498786026075079,8,0.2888857081050943,0.08905838866737555,0.043471663444696024,0.027773473511387807,0.046453838299514966,0.007354837019849085,0.0008075890649729881,28,116,0.09042838106713141,0.013740666927256638,True,False,False,1.8256947122396413e-06,COMPLETE
803,0.40992375612258913,2025-04-01 16:18:01.735813,2025-04-01 16:18:12.508313,0 days 00:00:10.772500,0.515872690182914,0.6984294132450795,8,0.2816681203095804,0.11372162947060419,0.06648451328330875,0.03337453407989943,0.04302785013177947,0.024323166951951122,0.000469327679801973,29,131,0.0850656180914287,0.0012550495407386425,False,False,False,9.751404971652648e-07,COMPLETE
804,0.43129739761352537,2025-04-01 16:18:12.776183,2025-04-01 16:18:32.835451,0 days 00:00:20.059268,0.9133623462859699,0.7196740100482065,2,0.26965020538245593,0.12877139629050782,0.08758042421552385,0.042077215199905774,0.057020170331392214,0.02136136601274408,0.0011611727068493484,22,122,0.08766008979153031,0.03005035078138027,False,False,False,5.015433481917889e-07,COMPLETE
805,0.42944343090057374,2025-04-01 16:18:33.090356,2025-04-01 16:18:42.383558,0 days 00:00:09.293202,0.944013472068473,0.5757091716933901,8,0.26417826629175994,0.10142053896235453,0.05388730062188051,0.02117199076712715,0.04944023031558071,0.004845760948989161,0.000647893099416992,21,124,0.08124497615827196,0.021568966313439256,False,False,False,1.5251600446107933e-06,COMPLETE
806,0.34211809039115904,2025-04-01 16:18:42.647684,2025-04-01 16:18:51.973847,0 days 00:00:09.326163,0.8930792410305824,0.6466874675715123,8,0.2766486848933031,0.0832751894565219,0.056305721320239734,0.02620381749518497,0.0053376815648376015,0.017130317151745518,0.0009537087249868049,30,14,0.09657712656123502,0.009097709326864633,False,True,False,1.0756347000656197e-07,COMPLETE
807,0.40165349245071413,2025-04-01 16:18:52.240877,2025-04-01 16:19:02.633260,0 days 00:00:10.392383,0.9680302443173145,0.7359124566085614,8,0.2941623958330769,0.2439354194918561,0.04668754677872392,0.011023808447585704,0.05470935548135178,0.009464358720499878,0.0007443250222709426,27,119,0.0919311786216701,0.03268066626034231,False,False,False,2.403160440809033e-06,COMPLETE
808,0.39601098299026494,2025-04-01 16:19:02.893179,2025-04-01 16:19:13.460487,0 days 00:00:10.567308,0.9253024355108536,0.6013919978849095,8,0.2995743630819629,0.09257582434825755,0.04989645525631893,0.021289099414225104,0.04185851423274582,0.033515995364793015,0.0018855191776274494,29,103,0.0888446898566034,0.01765136722486088,False,False,False,2.715880493356982e-07,COMPLETE
809,0.43258939981460576,2025-04-01 16:19:13.730865,2025-04-01 16:19:24.364128,0 days 00:00:10.633263,0.98365345031059,0.7727651085560627,8,0.2880070807599614,0.08008072671164759,0.06851660724637862,0.038058791945494955,0.07180919300457617,0.0027104171814823722,0.001367292150463795,28,127,0.08566073740913113,0.024484174635615686,False,False,False,1.131581422247033e-06,COMPLETE
810,0.4318127393722534,2025-04-01 16:19:24.632688,2025-04-01 16:19:35.619970,0 days 00:00:10.987282,0.99903221690664,0.6818940340685459,8,0.27284373304147597,0.10299149211679907,0.053643224846657296,0.023721985867596183,0.052357384786255186,0.014024164186316676,0.0005753756095012078,30,117,0.083268747491533,0.01584217731699923,False,False,False,6.478981793973804e-07,COMPLETE
811,0.39354107379913333,2025-04-01 16:19:35.880291,2025-04-01 16:19:44.745521,0 days 00:00:08.865230,0.9374979852065843,0.7953703834218334,16,0.2612377420245792,0.1204401417103248,0.05163798802117424,0.028263235543553533,0.04486605898155475,0.07620384751561966,0.001042892375242826,29,125,0.08734386900898783,0.03036675758702991,False,False,False,4.054042523036822e-06,COMPLETE
812,0.42963967323303226,2025-04-01 16:19:45.012060,2025-04-01 16:19:55.297741,0 days 00:00:10.285681,0.8985348931379079,0.710755617245066,8,0.28192135628662685,0.08827681675308378,0.0481728046098608,0.030495510943745124,0.060577849848036144,0.011782006291219827,0.0008231516022139507,27,112,0.09012263194827118,0.022784458911038058,False,False,False,2.780299621485819e-06,COMPLETE
813,0.4031535983085633,2025-04-01 16:19:55.565801,2025-04-01 16:20:03.657445,0 days 00:00:08.091644,0.9580075022401281,0.7546195222217257,8,0.26936472001237405,0.09670664593594436,0.07026336136112801,0.026053310606199,0.05838671613862719,0.01910259180862182,0.0012026910755109136,14,150,0.08453252459339736,0.009263939808343277,False,False,False,1.904259015654256e-06,COMPLETE
814,0.42405074834823614,2025-04-01 16:20:03.912899,2025-04-01 16:20:11.444896,0 days 00:00:07.531997,0.48062539293715156,0.7328045205488685,8,0.27684325358441886,0.0809625304391475,0.04529278911493202,0.022658256932271685,0.04737659594936681,0.0011480832839080835,0.0005295033232661159,11,120,0.07912637790791678,0.018786262045437433,False,False,False,1.391015649517465e-06,COMPLETE
815,0.3973979353904724,2025-04-01 16:20:11.715633,2025-04-01 16:20:22.364603,0 days 00:00:10.648970,0.8855002272800261,0.6687296141146791,8,0.29062758416558004,0.10864817564902302,0.05601349295390739,0.02096189467842133,0.05107922054645476,0.055749765644342725,0.0006859624852009449,28,131,0.09223729637867331,0.026514239519612376,False,False,False,8.921096563722402e-07,COMPLETE
816,0.3018653690814972,2025-04-01 16:20:22.635584,2025-04-01 16:20:31.997636,0 days 00:00:09.362052,0.9159621148338093,0.7729210820126948,8,0.2834325332418093,0.053702634997008794,0.049953848025145145,0.008376555689895196,0.04020130024319708,0.0067736517770535295,0.002745346439693324,26,122,0.08833530253343636,0.006928223324192642,False,False,True,1.678492201051551e-06,COMPLETE
817,0.40695581436157224,2025-04-01 16:20:32.255843,2025-04-01 16:20:43.244508,0 days 00:00:10.988665,0.9425412210007015,0.6212836543390575,8,0.2619339896016713,0.04039587387572359,0.05380880460513803,0.024913694063344406,0.01130582961798509,0.0423994481920504,0.00161020817116315,30,127,0.08631803179814355,0.03296795260508728,False,False,False,6.887721796456432e-08,COMPLETE
818,0.4225966453552246,2025-04-01 16:20:43.516511,2025-04-01 16:20:54.210491,0 days 00:00:10.693980,0.9704584707503987,0.7008048850190973,8,0.2673039048174716,0.09162677515528007,0.048490148739605894,0.012658197227663386,0.054307789736223494,0.0636415373305887,0.0008743025349569197,29,117,0.09439455237222967,0.013739416516013363,False,False,False,1.1255148281993516e-06,COMPLETE
819,0.4294220089912415,2025-04-01 16:20:54.481073,2025-04-01 16:21:05.492066,0 days 00:00:11.010993,0.5980090632572231,0.7381834254243724,8,0.2933912520899847,0.08107333337870645,0.06655088455178053,0.02043939781886759,0.05676443243733291,0.01553564139197678,0.0003928940307898697,30,115,0.08105862537272232,0.021930433463087217,False,False,False,2.0838958787885192e-06,COMPLETE
820,0.4054931640625,2025-04-01 16:21:05.751840,2025-04-01 16:21:16.459512,0 days 00:00:10.707672,0.9077859619689131,0.6367840820102297,8,0.27664470362911936,0.08657078668027102,0.05242839130816609,0.02737585124374768,0.06358569502462955,0.004958458001482361,0.0010102096081944785,24,124,0.08999806222663469,0.012393353487907323,True,False,False,1.546202583749777e-06,COMPLETE
821,0.4204125285148621,2025-04-01 16:21:16.729259,2025-04-01 16:21:27.326487,0 days 00:00:10.597228,0.24905221988768395,0.7613898481859256,8,0.1514522366986942,0.1372594060482837,0.07099505553244517,0.023405126474813884,0.044820518640587975,0.023339369864195235,0.0007365690387609355,28,120,0.08411879997799265,0.028323012775553096,False,False,False,2.7466583151025325e-06,COMPLETE
822,0.4035715341567993,2025-04-01 16:21:27.601799,2025-04-01 16:21:38.130293,0 days 00:00:10.528494,0.9817307042285957,0.7114101977287419,8,0.2849569518184353,0.10189989221449751,0.057191589150886395,0.05037658186762483,0.04961535394227262,0.007920714349115416,0.0012396178115875827,28,128,0.07376208138860323,0.01833416633311203,False,False,False,8.213524013300044e-07,COMPLETE
823,0.4176040053367615,2025-04-01 16:21:38.405693,2025-04-01 16:21:48.773180,0 days 00:00:10.367487,0.9491964473536074,0.6888465621126199,8,0.2721632399788865,0.09517373141109442,0.050690787373786496,0.03278392162738421,0.04192420888038328,0.017769613317831234,0.0008747382040833978,27,111,0.08683473593781804,0.03261224176070126,False,False,False,5.901868186707874e-07,COMPLETE
824,0.4364267706871033,2025-04-01 16:21:49.032625,2025-04-01 16:22:10.981573,0 days 00:00:21.948948,0.8870456092177248,0.8000351995620197,2,0.26490366728060866,0.0761943024978505,0.046878642394826135,0.019704944051430143,0.0616971185240635,0.020490643063697606,0.00028897534486519957,25,121,0.0823015210132685,0.143915379437605,False,False,False,1.185555339285333e-06,COMPLETE
825,0.34569741487503053,2025-04-01 16:22:11.255373,2025-04-01 16:22:21.026019,0 days 00:00:09.770646,0.963956460715403,0.6619737023808655,8,0.2594760621143714,0.060969910967861904,0.04182678358657087,0.02899937206692204,0.05329107666545392,0.02828844505225438,0.0006243147579828106,29,118,0.09081474618433052,0.006013475738771883,False,True,False,2.306301251950921e-06,COMPLETE
826,0.4144513249397278,2025-04-01 16:22:21.299477,2025-04-01 16:22:31.569655,0 days 00:00:10.270178,0.920764082716894,0.7489205360345478,8,0.2796723241356812,0.08679760598144795,0.052338102567719084,0.010052489324900547,0.047706416410190286,0.010433636146434128,0.0010642021148540663,26,134,0.08898774637031805,0.02460515820183054,False,False,False,3.6067218757805007e-07,COMPLETE
827,0.37292697429656985,2025-04-01 16:22:31.833251,2025-04-01 16:22:42.795526,0 days 00:00:10.962275,0.6724138220417815,0.7774261674862389,8,0.2883792653786037,0.1142830519553789,0.054947495585042604,0.022097298637161554,0.05568224349316851,0.026087237749652024,0.0014548298828433843,30,124,0.08566462649623165,0.11669156055773314,False,False,False,1.4983408051518595e-06,COMPLETE
828,0.3986588001251221,2025-04-01 16:22:43.069885,2025-04-01 16:22:53.324009,0 days 00:00:10.254124,0.5551855118578027,0.7293062575586204,8,0.299236370887906,0.08022079490476833,0.049123182244743296,0.025868107857252062,0.05898521580890657,0.0038537508662409526,0.0005241134374715992,27,114,0.012324632149346398,0.015404655658777846,False,False,False,9.799988077570386e-07,COMPLETE
829,0.40929028987884525,2025-04-01 16:22:53.603800,2025-04-01 16:23:04.249084,0 days 00:00:10.645284,0.9348071756981505,0.7070737158820872,8,0.27123629159559753,0.09821387471781474,0.0684951865471756,0.013279272355576442,0.06592012902493939,0.013180525450651865,0.0007438376283098948,28,130,0.09316227550839334,0.01926911219508979,False,False,False,1.8904872610051292e-06,COMPLETE
830,0.430334198474884,2025-04-01 16:23:04.511664,2025-04-01 16:23:15.247066,0 days 00:00:10.735402,0.9851616887646035,0.6112211023976524,8,0.28180774109770407,0.09180825812377082,0.045122215944311136,0.03493752787174555,0.07476146013324476,0.016270389091124843,0.0009265171701909124,29,122,0.0781727564311254,0.026654502862839127,False,False,False,4.6298285445670313e-07,COMPLETE
831,0.4006058216094971,2025-04-01 16:23:15.527719,2025-04-01 16:23:26.285126,0 days 00:00:10.757407,0.9994443640393535,0.6828791529296534,8,0.2941556480483016,0.07657921482628219,0.05740504211577667,0.02008599864680486,0.04370508498859663,0.030361050450409967,0.0012178574725228066,29,126,0.09956264075581561,0.009967579296572316,False,False,False,7.413533052557544e-07,COMPLETE
832,0.4209902286529541,2025-04-01 16:23:26.570182,2025-04-01 16:23:37.445893,0 days 00:00:10.875711,0.9020722636098791,0.757146188717901,8,0.27565799010311015,0.1079007870750243,0.08939937042803923,0.024345208364326843,0.05133060209074522,0.005938247419523777,0.0004495075856113741,30,119,0.08811608140730948,0.03497974293575219,False,False,False,3.0797930416218943e-06,COMPLETE
833,0.4226699829101563,2025-04-01 16:23:37.707999,2025-04-01 16:23:48.066198,0 days 00:00:10.358199,0.9541073503918204,0.6402766663207272,8,0.2675817390728729,0.046614758051129204,0.0540540636930342,0.030219918730976483,0.0034565389371704657,0.00845159940346416,0.0006620742969150686,27,116,0.08305514290456519,0.022496387657727525,False,False,False,3.732922972989512e-08,COMPLETE
834,0.3929538130760193,2025-04-01 16:23:48.340568,2025-04-01 16:23:56.944310,0 days 00:00:08.603742,0.8883913989967825,0.7262370358738583,16,0.25766279218457255,0.0831925015660052,0.07190343499676298,0.0533220895147632,0.03984757502692826,0.019306251804633426,0.0008184100808608454,28,108,0.07990961476784136,0.0012872887526133511,False,False,False,1.275712061064702e-06,COMPLETE
835,0.29876892566680907,2025-04-01 16:23:57.217979,2025-04-01 16:24:06.927441,0 days 00:00:09.709462,0.9322820608417957,0.7982530605738566,8,0.2886965927972363,0.07401374944829033,0.05100512064038479,0.014746012423474945,0.009098290057897253,0.001113163764222905,0.0009963791327698157,29,124,0.09145436745066092,0.013411533587147546,False,False,True,4.299460361179499e-06,COMPLETE
836,0.38053253889083866,2025-04-01 16:24:07.192633,2025-04-01 16:24:18.096001,0 days 00:00:10.903368,0.8697577840562194,0.7454846465890586,8,0.28266402593755624,0.057667940106665705,0.054951549480611046,0.01830719563187291,0.05781200587478494,0.02238915458905921,0.0019083674117011324,30,129,0.08537327437062361,0.22961422850510482,False,False,False,2.1281852864269533e-06,COMPLETE
837,0.4303858280181885,2025-04-01 16:24:18.371226,2025-04-01 16:24:28.859097,0 days 00:00:10.487871,0.9705301837768691,0.7779371940900085,8,0.2733836568571788,0.064767362855457,0.048382976614906946,0.02675697844501901,0.048915611087514466,0.003322113673757183,0.0013265344398195008,28,121,0.08899934011979535,0.02810054078821751,False,False,False,1.674825114171453e-06,COMPLETE
838,0.4331109166145325,2025-04-01 16:24:29.141746,2025-04-01 16:24:39.508958,0 days 00:00:10.367212,0.9178774471993016,0.716391764480956,8,0.29983362427367477,0.08932380991082688,0.06408576329319973,0.011455247726320684,0.04618021391579137,0.05164559347242779,0.000803731947211686,27,118,0.08711898642071375,0.018686882671303404,False,False,False,1.3454667025543265e-06,COMPLETE
839,0.37934988737106323,2025-04-01 16:24:39.780319,2025-04-01 16:24:49.915488,0 days 00:00:10.135169,0.9505133878263223,0.6540506101087977,8,0.2639325095969164,0.09856976133004261,0.008443742769380362,0.022359676940523602,0.060419368017514165,0.011608698512173308,0.0006039351873429515,26,50,0.09059636349065765,0.012086243476900509,True,False,False,9.113299978989453e-07,COMPLETE
