number,value,datetime_start,datetime_complete,duration,params_alpha-eval,params_alpha-train,params_batch-size,params_eps-eval,params_eps-train,params_lambda-actions-eval,params_lambda-actions-train,params_lambda-frames-eval,params_lambda-frames-train,params_learning-rate,params_n-epochs,params_n-frames,params_radius-gw,params_rho,params_std-feats,params_ub-actions,params_ub-frames,params_weight-decay,state
1120,0.3808651685714722,2025-04-01 17:17:40.186080,2025-04-01 17:17:50.623152,0 days 00:00:10.437072,0.865070323609982,0.969290733335582,8,0.2773479342210872,0.05104521751165833,0.08166100281628402,0.02513924097898398,0.06632547422812744,0.016516717756356568,0.0009120385007901807,27,129,0.08233526375641582,0.022370010535739417,False,False,False,7.330070779304693e-08,COMPLETE
1121,0.3907311320304871,2025-04-01 17:17:50.995853,2025-04-01 17:18:01.724621,0 days 00:00:10.728768,0.8292850259002787,0.9011981492159676,8,0.2880247166406707,0.06639513151434495,0.08413521513495323,0.02245082749009041,0.061222184436914344,0.019092714183498338,0.002946355930722412,29,124,0.08611883395290833,0.03570857315695485,False,False,False,1.1321928886358496e-08,COMPLETE
1122,0.31064370870590213,2025-04-01 17:18:02.095976,2025-04-01 17:18:11.522819,0 days 00:00:09.426843,0.5419877318916109,0.9424733526777157,8,0.2832514245119947,0.05653007819546955,0.08066790317160259,0.01741482115708531,0.06343813614752657,0.038777253713739517,0.0006272665655116376,27,127,0.09585019821135754,0.04538077432325537,False,False,True,4.775054802711979e-07,COMPLETE
1123,0.39842114448547367,2025-04-01 17:18:11.890404,2025-04-01 17:18:20.137389,0 days 00:00:08.246985,0.7981852387168036,0.8794047503780669,16,0.2948878253952115,0.044098233328190496,0.082722866229982,0.015107985221172297,0.03538908752298222,0.014466181979763218,0.0011944436174758993,23,132,0.08389586014509319,0.02550447547316767,False,False,False,1.0287647857359287e-08,COMPLETE
1124,0.4178227424621582,2025-04-01 17:18:20.509041,2025-04-01 17:18:31.123201,0 days 00:00:10.614160,0.9163011311563026,0.9887776379512976,8,0.2750249966215211,0.17151170325953208,0.08814010923539259,0.011055388450352744,0.06007462731833391,0.01677869018842391,0.0007600277726365178,28,125,0.09409793090856478,0.03163239374974064,False,False,False,3.9312257485325624e-07,COMPLETE
1125,0.40635912418365483,2025-04-01 17:18:31.496341,2025-04-01 17:18:42.323971,0 days 00:00:10.827630,0.8807714364221503,0.9502735895033187,8,0.14679672060418766,0.06688013249079523,0.08493007787260053,0.028470739962542357,0.06272732584350633,0.010069140783810285,0.0010388352009033821,29,136,0.08604364100112386,0.020986227763306053,False,False,False,3.881273361759584e-08,COMPLETE
1126,0.40190014839172367,2025-04-01 17:18:42.679797,2025-04-01 17:18:53.917137,0 days 00:00:11.237340,0.7600152554486892,0.8521318825154093,8,0.2911864289094944,0.0599541072979874,0.08226148942265661,0.019922672855248506,0.023848667912018263,0.012237593228199457,0.0021231776600564994,26,122,0.08013781105246563,0.03706172736149879,True,False,False,1.986877927659072e-08,COMPLETE
1127,0.4284169793128968,2025-04-01 17:18:54.286223,2025-04-01 17:19:05.118998,0 days 00:00:10.832775,0.8477188389753831,0.9164580015907581,8,0.28125355959080506,0.06906490112715223,0.08563355651073971,0.026708408240853704,0.015281664527140863,0.019082636467016675,0.00047188892594401895,29,122,0.08251415209639304,0.12115961438658128,False,False,False,5.493464985423847e-07,COMPLETE
1128,0.41852291822433474,2025-04-01 17:19:05.487810,2025-04-01 17:19:16.116083,0 days 00:00:10.628273,0.9083386603284151,0.8959097954112699,8,0.28754159274189434,0.0631614781972071,0.08095209214753687,0.012936667877870624,0.060275548593931576,0.014017914509471424,0.00019695232792239838,28,129,0.08461793956382167,0.02708751487372187,False,False,False,6.988942975480123e-07,COMPLETE
1129,0.40441824197769166,2025-04-01 17:19:16.484817,2025-04-01 17:19:26.880618,0 days 00:00:10.395801,0.882553048241598,0.9469520653255907,8,0.29472617147895863,0.051952262076458665,0.08748381390546682,0.02327673883056522,0.06397504722828723,0.016282831819680103,0.001640866584394212,27,126,0.08626289489913296,0.041341784301486356,False,False,False,6.183762757194099e-07,COMPLETE
1130,0.3299590051174164,2025-04-01 17:19:27.250927,2025-04-01 17:19:36.964670,0 days 00:00:09.713743,0.5688801726369328,0.8499520905344571,8,0.2754347166430581,0.07005580679862661,0.09294629128813334,0.007436073818219317,0.061660336773565944,0.018141586013099946,0.0008311600866813787,29,123,0.08017549229699943,0.018235166112731252,False,True,False,3.8014170884181953e-07,COMPLETE
1131,0.38502711057662964,2025-04-01 17:19:37.335281,2025-04-01 17:19:47.725690,0 days 00:00:10.390409,0.8146166192841025,0.8709818176927953,8,0.2838677337626445,0.036457750925848825,0.09037217540047753,0.017523941010449687,0.0694883559262193,0.01527352363348939,0.0005551966075150113,30,23,0.09285815412945733,0.031325159950646615,False,False,False,8.1654211012593e-07,COMPLETE
1132,0.39423360824584963,2025-04-01 17:19:48.112976,2025-04-01 17:19:58.680584,0 days 00:00:10.567608,0.8636036998738366,0.8900270811324531,8,0.2901051526384706,0.056048046372594494,0.09482922211122033,0.014952588654389113,0.06455291464818205,0.010206018280685385,0.0010024694240261046,28,132,0.09955141971169715,0.023893087077750792,False,False,False,2.3969760742620055e-08,COMPLETE
1133,0.42935096025466923,2025-04-01 17:19:59.053732,2025-04-01 17:20:09.606588,0 days 00:00:10.552856,0.9140352189564586,0.5822554775913882,8,0.2789998511011344,0.07053205475908834,0.08425269287228015,0.03175369485972725,0.05989111173586517,0.01969476303844448,0.0012948992121776003,26,122,0.08214985329718213,0.03450755396008261,False,False,False,1.671640742850141e-08,COMPLETE
1134,0.4015198111534119,2025-04-01 17:20:10.006612,2025-04-01 17:20:20.409523,0 days 00:00:10.402911,0.8917424566104287,0.8438127415764449,8,0.29465643773452604,0.06315888551863051,0.08669824300478947,0.02668803879986611,0.06752469743993732,0.012427645803305826,0.0006926631919167117,28,77,0.08696783334957958,0.016828578874303838,False,False,False,2.83944952396016e-07,COMPLETE
1135,0.3979598641395569,2025-04-01 17:20:20.782840,2025-04-01 17:20:45.646492,0 days 00:00:24.863652,0.08647040455448285,0.7747241120569971,2,0.2722746426375402,0.07109048267973717,0.030729524327590615,0.01953316632524903,0.03149155005433436,0.014221435623940192,0.0008503055036801675,29,129,0.0776242348993316,0.043667392834315366,False,False,False,1.0107767436008433e-08,COMPLETE
1136,0.4278066039085388,2025-04-01 17:20:46.018975,2025-04-01 17:20:56.477679,0 days 00:00:10.458704,0.6703969756262042,0.9081803112720153,8,0.28572995833882386,0.05964817940651038,0.08256326931681848,0.02193606095836251,0.05922433808266757,0.00943348459146855,0.0011051580905963234,27,126,0.08438288528951282,0.026968025888851478,False,False,False,5.188288315880762e-07,COMPLETE
1137,0.41997847557067874,2025-04-01 17:20:56.852319,2025-04-01 17:21:07.846485,0 days 00:00:10.994166,0.8575685076014834,0.7851863836687176,8,0.29962475554770773,0.04240692786966206,0.03362033274907693,0.024753508032961974,0.0630401986350288,0.017371076157258605,0.00025113035823866434,30,122,0.09015575944108116,0.022055105306897953,False,False,False,7.130280116297856e-07,COMPLETE
1138,0.4224487662315369,2025-04-01 17:21:08.221105,2025-04-01 17:21:18.975436,0 days 00:00:10.754331,0.8777933043796383,0.9203552463786663,8,0.28089416898015046,0.0663198671343209,0.08053961589184472,0.009181650641603057,0.0624481860613272,0.019562995798245917,0.00063862117732925,29,125,0.0887718287197357,0.03616186413472027,False,False,False,1.0060667235358789e-06,COMPLETE
1139,0.4154747605323792,2025-04-01 17:21:19.353425,2025-04-01 17:21:30.079655,0 days 00:00:10.726230,0.8324007456709481,0.7626600250870154,8,0.2892005071248242,0.07394302419765325,0.08896686763480026,0.012786430288295188,0.03297376737336313,0.01572459819606137,0.0003902167374320466,28,134,0.08351468826437217,0.010271947358013879,False,False,False,4.102396878853798e-07,COMPLETE
1140,0.4136547207832337,2025-04-01 17:21:30.458789,2025-04-01 17:21:41.495205,0 days 00:00:11.036416,0.8966503951204449,0.5935089455657837,8,0.27584710709343313,0.06422951790125733,0.09805466132149132,0.016039117416211158,0.06590965515208311,0.0010612278319268652,0.0015567050662903348,30,130,0.08639005931406,0.029797376574705214,False,False,False,5.4643673519573816e-08,COMPLETE
1141,0.4101386547088623,2025-04-01 17:21:41.870890,2025-04-01 17:21:52.302560,0 days 00:00:10.431670,0.43274063964273335,0.9311081107177264,8,0.2999437626518377,0.05101064048156166,0.08466517660261617,0.028904258751243462,0.06515325686352949,0.011909049456285292,0.0007908794765910168,27,121,0.09158387549244866,0.1299821771144133,False,False,False,5.90902876879887e-07,COMPLETE
1142,0.30457404255867004,2025-04-01 17:21:52.684807,2025-04-01 17:22:00.569183,0 days 00:00:07.884376,0.9219957520136722,0.7533932363626484,8,0.28421826373937753,0.05632505342639944,0.03601607721270922,0.02044890003813879,0.02652175025937579,0.017186386058736118,0.0009200314084351603,16,127,0.08093735740661977,0.015524063459864791,False,False,True,1.011532000907311e-06,COMPLETE
1143,0.38489851951599124,2025-04-01 17:22:00.945738,2025-04-01 17:22:11.601351,0 days 00:00:10.655613,0.6013186943651826,0.8327816887794356,8,0.29420936547347204,0.1757233044328815,0.0869179865830499,0.023419499219172763,0.059485043582594134,0.013869161512191867,1.050092889105237e-05,28,124,0.0939167366617759,0.024115364610263403,False,False,False,1.4283477266970168e-08,COMPLETE
1144,0.4266535401344299,2025-04-01 17:22:11.980286,2025-04-01 17:22:22.739566,0 days 00:00:10.759280,0.7668857629542156,0.8012394137973838,8,0.2734836628588332,0.07127567876405952,0.08002130873290766,0.004586528034870058,0.01352691159619114,0.021101721361991885,0.0012357791218662853,29,120,0.07952153471903392,0.04819817614638591,False,False,False,8.951280261858674e-07,COMPLETE
1145,0.39004201889038087,2025-04-01 17:22:23.117994,2025-04-01 17:22:35.118579,0 days 00:00:12.000585,0.16507721162487382,0.7722215726905672,8,0.28803465034413317,0.06122669671805924,0.08355118589578726,0.018786123560642104,0.037186795279998144,0.00991163461336692,0.0006139094534197603,29,131,0.0886419941943412,0.005498147697114986,True,False,False,7.366283370500757e-07,COMPLETE
1146,0.3996909976005555,2025-04-01 17:22:35.497560,2025-04-01 17:22:44.251110,0 days 00:00:08.753550,0.9126892044539765,0.5425021000494434,16,0.2788626171405776,0.07444665108837259,0.06217786242907404,0.03293241530990565,0.061801372028238925,0.01891308483412747,0.0010207756450665267,28,127,0.07453387271786445,0.0547158648000623,False,False,False,2.122577733209033e-07,COMPLETE
1147,0.4232892513275147,2025-04-01 17:22:44.633618,2025-04-01 17:22:54.916766,0 days 00:00:10.283148,0.7923847983876101,0.5774104776071479,8,0.2912927423265943,0.06587736429090985,0.038687356536335926,0.014084029576465571,0.06075834476225768,0.015123972138507654,0.0007506105775918786,26,123,0.08465973766234601,0.03793587348636927,False,False,False,4.800963916873515e-07,COMPLETE
1148,0.40379455089569094,2025-04-01 17:22:55.278966,2025-04-01 17:23:05.994644,0 days 00:00:10.715678,0.8459550603874259,0.620424475108988,8,0.2820599182383871,0.04763913185483087,0.08981467460827092,0.02673015914960373,0.06592280241774613,0.012496371618609515,0.0005314921415763369,30,84,0.08639470444753611,0.019539043249674176,False,False,False,6.287147101886831e-07,COMPLETE
1149,0.43226386308670045,2025-04-01 17:23:06.371438,2025-04-01 17:23:17.345173,0 days 00:00:10.973735,0.8746997217788756,0.8801168685688591,8,0.2739894868205539,0.05405560838387853,0.026425847165142693,0.030116032755607265,0.05900298734345926,0.04467080485834952,0.0013858348499099001,29,136,0.08313524990126502,0.14808161253565927,False,False,False,1.1028257994021087e-06,COMPLETE
1150,0.43143553733825685,2025-04-01 17:23:17.727187,2025-04-01 17:23:28.285997,0 days 00:00:10.558810,0.9019420308610062,0.7840212437157206,8,0.2941803980337213,0.0691996348471895,0.08188194076279232,0.010954133660503969,0.057971049814270946,0.016853483242912574,0.0009318073211790732,28,120,0.09151755329599134,0.03234018864404261,False,False,False,8.038781893745012e-07,COMPLETE
1151,0.326615846157074,2025-04-01 17:23:28.666063,2025-04-01 17:23:38.173830,0 days 00:00:09.507767,0.6342691376659465,0.4952706842639997,8,0.28803269934334863,0.07602070027344408,0.08047570023529618,0.01721166044222402,0.06922803493307994,0.020485878396824187,0.0011530122565204873,27,125,0.09674571705557898,0.027513181045882143,False,True,False,1.2270358265478112e-06,COMPLETE
1152,0.4187989234924317,2025-04-01 17:23:38.550310,2025-04-01 17:23:49.548381,0 days 00:00:10.998071,0.8625476115963875,0.7414187056645315,8,0.2816594800577319,0.05984544581005614,0.06045798476321682,0.022280102585983938,0.063022477718969,0.018066179224354127,0.0007514791031466364,30,128,0.08970712287283387,0.012656219927799195,False,False,False,3.252982448862093e-07,COMPLETE
1153,0.4277839183807373,2025-04-01 17:23:49.925211,2025-04-01 17:23:59.803325,0 days 00:00:09.878114,0.9206488032649146,0.7623265340584573,8,0.272964327399062,0.06956174432268791,0.0871272476709597,0.024230984317703607,0.06454763626728972,0.01389706574714908,0.0004794481093636493,24,119,0.08155548457684808,0.042759439677195775,False,False,False,1.2819432747006806e-08,COMPLETE
1154,0.38329631090164185,2025-04-01 17:24:00.177942,2025-04-01 17:24:11.000087,0 days 00:00:10.822145,0.8217150320151458,0.8600228692476265,8,0.29430172578713176,0.07620073968119104,0.037322814717946885,0.015385495526645794,0.06161392105722663,0.009304545329968479,0.01588813918684701,29,122,0.0874348992033516,0.2208441276964393,False,False,False,9.238973179947739e-07,COMPLETE
1155,0.4310373425483704,2025-04-01 17:24:11.378927,2025-04-01 17:24:21.782337,0 days 00:00:10.403410,0.8785984922052388,0.951661562829988,8,0.2852786619580093,0.06064005492960345,0.05890764166995601,0.020612188054444588,0.05863497306572409,0.01165487897792906,0.0008921386102974554,27,132,0.07845969849068737,0.08194705797765273,False,False,False,8.749970902171912e-08,COMPLETE
1156,0.4017124176025391,2025-04-01 17:24:22.163059,2025-04-01 17:24:33.185706,0 days 00:00:11.022647,0.8414485872875536,0.8290782431558464,8,0.2695204541018409,0.06602720809289862,0.06315349448572177,0.0279171900019507,0.034995562595562045,0.015392026101667178,0.001876004699362817,30,143,0.08506818981192404,0.020009000366916663,False,False,False,6.109269308577786e-07,COMPLETE
1157,0.39912809133529664,2025-04-01 17:24:33.565624,2025-04-01 17:24:55.313989,0 days 00:00:21.748365,0.9196332229863938,0.5582971903607359,2,0.2777193561300931,0.08087375125364094,0.08554424053996816,0.034696009444425545,0.06732788882516462,0.02052588572660812,0.000632031041189933,25,73,0.08214968983872697,0.032799458103769,False,False,False,4.4869046337861067e-07,COMPLETE
1158,0.41824232339859013,2025-04-01 17:24:55.692684,2025-04-01 17:25:06.454984,0 days 00:00:10.762300,0.8907692176080659,0.6161235456018854,8,0.28989018264819494,0.053841844382825105,0.08321865991053792,0.01818970105920565,0.059725033662882225,0.018649340197282024,0.001106236401950794,29,124,0.09189382092198442,0.024640094724598834,False,False,False,1.135883617773113e-06,COMPLETE
1159,0.2914886295795441,2025-04-01 17:25:06.837096,2025-04-01 17:25:16.406444,0 days 00:00:09.569348,0.8972797906807646,0.7968146518717407,8,0.29542944092182905,0.0740443592796027,0.07927318227284859,0.012308532852077452,0.050523785802325735,0.008567279030322405,0.0013480690475852022,28,129,0.0879351940805197,0.0013118338194474232,False,False,True,1.7223122767612935e-08,COMPLETE
1160,0.37664462327957154,2025-04-01 17:25:16.786941,2025-04-01 17:25:26.763481,0 days 00:00:09.976540,0.9257615546180202,0.7472603081252127,8,0.2816201723698421,0.045404135703167446,0.05743987418675916,0.024875114931766487,0.03662659588839621,0.016123312059093915,0.07765865933843703,26,7,0.07634112623370214,0.014325247223992128,False,False,False,8.043412924732477e-07,COMPLETE
1161,0.41057958602905276,2025-04-01 17:25:27.146560,2025-04-01 17:25:37.572298,0 days 00:00:10.425738,0.8626637987206477,0.7328985991503489,8,0.2996800478183629,0.06954210378000572,0.04159057840408034,0.030674103887264603,0.07104109325282698,0.013075080768491058,0.0007376221803103123,27,118,0.036987176922457364,0.03875723817867768,False,False,False,1.4176314065797663e-06,COMPLETE
1162,0.4023042917251587,2025-04-01 17:25:37.953236,2025-04-01 17:25:48.660302,0 days 00:00:10.707066,0.8094628604937041,0.7728212910823612,8,0.21620190761068622,0.07929163865805722,0.0819559823555775,0.013879790906347948,0.052273536624440745,0.011160391479225604,0.0008821660735565277,29,121,0.07221366299789261,0.02790279526324421,False,False,False,1.0438603884371693e-06,COMPLETE
1163,0.42277567386627196,2025-04-01 17:25:49.045326,2025-04-01 17:25:59.604184,0 days 00:00:10.558858,0.7208453078789313,0.5958184670384495,8,0.27056133396313936,0.06307305617607332,0.05997752190526568,0.016186654823120657,0.05754182027714814,0.014708945241411003,0.0010510325385828573,28,125,0.08457573870882894,0.019234303753834676,False,False,False,7.004860424631034e-07,COMPLETE
1164,0.3963608622550965,2025-04-01 17:25:59.988479,2025-04-01 17:26:12.222084,0 days 00:00:12.233605,0.3804299740844636,0.8143827968844335,8,0.28473844266588266,0.07306644633995513,0.03333036115099098,0.026500264608533393,0.06223786887749676,0.017424941747736997,0.00032096860417213705,30,133,0.08659045703645002,0.009840705901514042,True,False,False,3.4656420637670633e-08,COMPLETE
1165,0.4184401631355286,2025-04-01 17:26:12.604880,2025-04-01 17:26:23.161240,0 days 00:00:10.556360,0.8355953881208366,0.7273934259829752,8,0.2892847936859688,0.056804131970437974,0.07930407106046612,0.022119484930366223,0.05430101854560369,0.022028931973075247,0.001506730102210339,28,118,0.08967627303529599,0.03251553816849372,False,False,False,2.517538359342667e-07,COMPLETE
1166,0.4036681413650513,2025-04-01 17:26:23.544951,2025-04-01 17:26:32.524672,0 days 00:00:08.979721,0.7799173668804642,0.908906291119459,16,0.2753832064764338,0.08091209351863063,0.05682826016317239,0.01846398179050156,0.06418916432929529,0.019166529135523767,0.0005615340193958809,30,127,0.05210737102819349,0.02222377428066797,False,False,False,5.389108435953162e-07,COMPLETE
1167,0.4258693814277649,2025-04-01 17:26:32.904513,2025-04-01 17:26:43.725257,0 days 00:00:10.820744,0.881755058115566,0.7714877002323925,8,0.27881074418663754,0.06662660039141925,0.08970919756253602,0.009614529402649698,0.0603860330077851,0.002409056197186033,0.0006986201511497651,29,122,0.09446448819016218,0.04205459381754233,False,False,False,1.38771393344244e-06,COMPLETE
1168,0.3362448334693909,2025-04-01 17:26:44.108807,2025-04-01 17:26:53.375069,0 days 00:00:09.266262,0.907277308105594,0.7581671901295951,8,0.2910653605170643,0.052126929269048834,0.06820639783076697,0.01952072735102761,0.05658388810994667,0.008708004116703756,0.0008526700885197458,27,91,0.08318441993155004,0.016235756818514312,False,True,False,8.498225980176912e-07,COMPLETE
1169,0.41066125631332395,2025-04-01 17:26:53.754464,2025-04-01 17:27:04.595356,0 days 00:00:10.840892,0.8577059125739908,0.935691335172678,8,0.26837674500876746,0.07399728072190269,0.08421337564731861,0.02350220083624889,0.0583219926913525,0.013505433827045193,0.0011857386386115007,29,139,0.0803253299927241,0.028256998074309758,False,False,False,2.4002060763642545e-08,COMPLETE
1170,0.41101393699645994,2025-04-01 17:27:04.979529,2025-04-01 17:27:15.604105,0 days 00:00:10.624576,0.32510197209220887,0.6318226389211463,8,0.285172248160803,0.06333589948888291,0.0917937827062208,0.02544796566875335,0.0524498940568208,0.015944178403698498,0.00042293877051159423,28,130,0.09007332957242899,0.035384130221601945,False,False,False,1.1747418352184858e-06,COMPLETE
1171,0.38804274797439575,2025-04-01 17:27:15.987476,2025-04-01 17:27:22.491573,0 days 00:00:06.504097,0.9318620897610822,0.7130411506037657,8,0.29414476391234,0.23665984603826823,0.08615991890252232,0.02799057789800553,0.06738998908460295,0.020351007397306158,0.002598652335632219,5,124,0.08602215043024729,0.048418898516406225,False,False,False,4.044204962891576e-07,COMPLETE
1172,0.40950522422790525,2025-04-01 17:27:22.874070,2025-04-01 17:27:31.872694,0 days 00:00:08.998624,0.6598444918030711,0.8018350645985264,8,0.2772401925084098,0.040131498064392576,0.060940250675796795,0.01642788239475194,0.06477670007115796,0.03517887389552615,4.009440138842196e-05,20,64,0.09239388629045416,0.006746943964551989,False,False,False,1.3596362258870295e-06,COMPLETE
1173,0.415157687664032,2025-04-01 17:27:32.260720,2025-04-01 17:27:43.165403,0 days 00:00:10.904683,0.8918911359518598,0.5994901939709943,8,0.2874825578220473,0.0851182209063243,0.05495204271149193,0.02072754983475248,0.061561903057921995,0.011204788678422006,0.0009847122498934176,30,120,0.08209336006849624,0.02294536513958395,False,False,False,9.843213042461957e-07,COMPLETE
1174,0.4132260322570801,2025-04-01 17:27:43.550848,2025-04-01 17:27:54.397146,0 days 00:00:10.846298,0.9259227280271339,0.7385375581413491,8,0.28040042928933184,0.07740381245731191,0.08042713993846147,0.01146582756531144,0.011659493818835836,0.01784701330554793,0.00015705226923490553,29,117,0.08793812561437968,0.029961272002436142,False,False,False,7.509974288254829e-07,COMPLETE
1175,0.4266229391098023,2025-04-01 17:27:54.785367,2025-04-01 17:28:05.350166,0 days 00:00:10.564799,0.7415414378667984,0.7859267576888462,8,0.29478864244409225,0.05827108707498566,0.05291670991521274,0.01347678203449193,0.05454872933896673,0.048554522911251695,0.0016527362483194311,28,127,0.08486452874559682,0.015787888139322262,False,False,False,1.6116027812118345e-06,COMPLETE
