number,value,datetime_start,datetime_complete,duration,params_alpha-eval,params_alpha-train,params_batch-size,params_eps-eval,params_eps-train,params_lambda-actions-eval,params_lambda-actions-train,params_lambda-frames-eval,params_lambda-frames-train,params_learning-rate,params_n-epochs,params_n-frames,params_radius-gw,params_rho,params_std-feats,params_ub-actions,params_ub-frames,params_weight-decay,state
224,0.4067470788955689,2025-04-01 14:31:23.892972,2025-04-01 14:31:34.866930,0 days 00:00:10.973958,0.8904247374351122,0.7879465258618406,8,0.2341261042110272,0.07301270934585782,0.08102593927152031,0.022228168846051582,0.06142130895632269,0.013794167666717764,0.0015028731448419586,30,119,0.09244596141026225,0.038504918856967926,False,False,False,1.3979939321469793e-06,COMPLETE
225,0.428592848777771,2025-04-01 14:31:34.940595,2025-04-01 14:31:45.648837,0 days 00:00:10.708242,0.8173057656347441,0.7782041869117768,8,0.2420348536744655,0.07862139164655951,0.07478755903806726,0.02011402399724622,0.0603951699052095,0.01556307967318133,0.0012361316448568623,29,117,0.08859281987224041,0.030922880940071878,False,False,False,3.6120298009512306e-07,COMPLETE
226,0.4271348118782044,2025-04-01 14:31:45.721789,2025-04-01 14:31:56.366741,0 days 00:00:10.644952,0.8195773084950118,0.7787254010654022,8,0.2408976457707903,0.07713377611110137,0.07478019009875421,0.024197983773093235,0.06012451936672385,0.015257334215877575,0.0012737370037514816,29,111,0.08764500895109183,0.030393585920099192,False,False,False,3.9783204798371465e-07,COMPLETE
227,0.38913812637329104,2025-04-01 14:31:56.449952,2025-04-01 14:32:08.052318,0 days 00:00:11.602366,0.8082963698380264,0.7924274616052711,8,0.23601907665037541,0.14852540231293676,0.07790620633303738,0.02778225229085333,0.06776523450082438,0.015729445301792024,0.0014971881937066512,29,115,0.09972906299254633,0.025875149016876,True,False,False,2.10694559617596e-07,COMPLETE
228,0.4319350242614747,2025-04-01 14:32:08.127165,2025-04-01 14:32:19.029483,0 days 00:00:10.902318,0.8536961264553395,0.7653713208667993,8,0.23935461362797972,0.09705243652774456,0.08089556974030518,0.01901605577232992,0.06221417754980898,0.010579649157016285,0.0011755976941851898,30,122,0.08348864765311834,0.03406786474347001,False,False,False,3.2720242862621197e-07,COMPLETE
229,0.3966569423675537,2025-04-01 14:32:19.103740,2025-04-01 14:32:44.037362,0 days 00:00:24.933622,0.8398761051188011,0.768138203271167,2,0.22615610526810698,0.0999530469283114,0.08082495653704058,0.01937600573791899,0.06313853778114481,0.0113492945162675,0.0011184850258915391,30,84,0.08450721146063134,0.0343506631845578,False,False,False,3.4232983778881787e-07,COMPLETE
230,0.3959766983985901,2025-04-01 14:32:44.112414,2025-04-01 14:32:55.020446,0 days 00:00:10.908032,0.8663885005684809,0.7474326386676527,8,0.24297471007522925,0.06274110147595949,0.07643342059552813,0.018624767362799166,0.05885291806379567,0.020465127248828045,0.0032158792808461554,30,122,0.08877008284927387,0.04358426537898451,False,False,False,1.682741387908773e-07,COMPLETE
231,0.41846636533737186,2025-04-01 14:32:55.095437,2025-04-01 14:33:05.814621,0 days 00:00:10.719184,0.8342543134888281,0.7643936665899267,8,0.23799238247523066,0.08739933950955825,0.07950538122656847,0.014913342323506974,0.06588689088975135,0.008768103523758917,0.001940700399038875,29,120,0.0826463786903058,0.030159546342438136,False,False,False,3.644268963675406e-07,COMPLETE
232,0.38146839141845706,2025-04-01 14:33:05.888809,2025-04-01 14:33:16.913609,0 days 00:00:11.024800,0.8189652581378084,0.7966143123229241,8,0.22886312642092563,0.09411540180916157,0.07411746317419542,0.018218214833084466,0.061409121875446816,0.007437342549985479,0.0013358955685453524,30,126,0.0051549040922136274,0.022421113127651826,False,False,False,2.288654098108347e-07,COMPLETE
233,0.43745633363723757,2025-04-01 14:33:16.998590,2025-04-01 14:33:27.720360,0 days 00:00:10.721770,0.865334531457328,0.7176274454067482,8,0.27063606435941656,0.07117928748438701,0.07713557540332182,0.02113794092207708,0.05798567210837215,0.010305277354372479,0.0011505545713271486,29,123,0.0858061845271455,0.03718845697398324,False,False,False,4.974262161004562e-07,COMPLETE
234,0.43414469957351687,2025-04-01 14:33:27.795924,2025-04-01 14:33:38.739918,0 days 00:00:10.943994,0.8588207022257425,0.7122850053403911,8,0.2710684816921637,0.07120488050675222,0.077204789977136,0.02190745584369405,0.05771522520521995,0.010897045765758456,0.0011572561610240283,30,117,0.08592390235526212,0.03848379464350399,False,False,False,5.064108788719698e-07,COMPLETE
235,0.4246220707893372,2025-04-01 14:33:38.815918,2025-04-01 14:33:49.621016,0 days 00:00:10.805098,0.8902255583716671,0.7136242528090648,8,0.2707938482218032,0.07155093777663013,0.07738790585748984,0.023309965777740416,0.057442097556474905,0.010955071830959243,0.001126082888291052,30,116,0.08709267542243986,0.03804938968394824,False,False,False,4.858251410825405e-07,COMPLETE
236,0.3453142762184143,2025-04-01 14:33:49.697595,2025-04-01 14:33:59.407154,0 days 00:00:09.709559,0.8620776693217523,0.7255025314280602,8,0.26420269146488634,0.0773732230428433,0.08110679004521293,0.021317685874701002,0.06990339381016678,0.014669165985518526,0.001529147204003472,29,123,0.08565531802855206,0.040166985081129467,False,True,False,4.643189806584241e-07,COMPLETE
237,0.4117600917816162,2025-04-01 14:33:59.485079,2025-04-01 14:34:10.354981,0 days 00:00:10.869902,0.8469931900342091,0.7059554267199801,8,0.2459391378744917,0.07291251195924524,0.07567939951477429,0.020364592679717134,0.06021121716479317,0.018319164637070784,0.0012708166700917394,30,113,0.08468261714789777,0.0328876036935508,False,False,False,2.908785481131063e-07,COMPLETE
238,0.42722415924072266,2025-04-01 14:34:10.432476,2025-04-01 14:34:21.096402,0 days 00:00:10.663926,0.9325096341839273,0.7446489422082461,8,0.2780989519671169,0.08193529628682951,0.07942450402940157,0.022578375001413065,0.06196314722783093,0.012146661562942637,0.00179571723300031,29,120,0.08880789880610104,0.04502041525319113,False,False,False,4.037390451142533e-07,COMPLETE
239,0.4000132560729981,2025-04-01 14:34:21.183558,2025-04-01 14:34:31.963632,0 days 00:00:10.780074,0.7933587069945558,0.7493227450048309,8,0.27096695605227095,0.06208810750998511,0.0860115459675983,0.025014741000652443,0.05826600125441493,0.005129625385101175,0.0023727833291959624,30,118,0.040081001615072845,0.029648000524712146,False,False,False,5.511047617474166e-07,COMPLETE
240,0.41919435262680055,2025-04-01 14:34:32.041627,2025-04-01 14:34:42.736990,0 days 00:00:10.695363,0.8286307420093185,0.4822893442907106,8,0.2611234881974589,0.06678326368438259,0.07768624357443789,0.02032828644027656,0.0651298136228437,0.009843114771109381,0.0010439144256549268,29,123,0.0906816982661714,0.03571978987069207,False,False,False,3.47282608137722e-07,COMPLETE
241,0.378907585144043,2025-04-01 14:34:42.817317,2025-04-01 14:34:53.669751,0 days 00:00:10.852434,0.8679642819744572,0.7739889752134055,8,0.2691967480692837,0.07859081737765897,0.0741722801961926,0.017077101598075222,0.06287488840662445,0.015604158171476416,0.0014221753416074742,30,116,0.08388874113094982,0.23523654960303345,False,False,False,6.191073330630314e-07,COMPLETE
242,0.42298316955566406,2025-04-01 14:34:53.747788,2025-04-01 14:35:04.415139,0 days 00:00:10.667351,0.8094969234972395,0.4150557124489062,8,0.2779687373356598,0.08652256196908438,0.07606408485004473,0.018092001046304672,0.05620232896138382,0.013376715963892375,0.001160198946129847,29,120,0.08656246576883556,0.03940321515084846,False,False,False,4.394369397437089e-07,COMPLETE
243,0.43107529878616335,2025-04-01 14:35:04.493891,2025-04-01 14:35:15.413794,0 days 00:00:10.919903,0.7357853511637685,0.722258322482494,8,0.2373159378319009,0.07131690865152399,0.06088440418803731,0.015375023500964924,0.059526323628681266,0.017314560940999348,0.000869928342862841,30,125,0.08319633188012614,0.025430210844669968,False,False,False,1.1338854322111542e-06,COMPLETE
244,0.41915643215179443,2025-04-01 14:35:15.493640,2025-04-01 14:35:26.507439,0 days 00:00:11.013799,0.7385380153472034,0.7229848720837474,8,0.2368898203222147,0.07060799988452163,0.06095093773064935,0.01457003031185483,0.05881596303547505,0.017676692990460298,0.0008978671135455235,30,126,0.08268530340067423,0.025098791980267442,False,False,False,1.204248231733892e-06,COMPLETE
245,0.38953036069869995,2025-04-01 14:35:26.595785,2025-04-01 14:35:37.000415,0 days 00:00:10.404630,0.6997471260162613,0.7015144384314488,8,0.2461481281620287,0.07591483491817157,0.058690093167229715,0.01623820241949578,0.06046211270529385,0.01598957142367202,0.0016202314842043506,30,37,0.08577191549795189,0.030681078734279048,False,False,False,9.909639300342654e-07,COMPLETE
246,0.43245773315429686,2025-04-01 14:35:37.081254,2025-04-01 14:35:47.782315,0 days 00:00:10.701061,0.7914380595637248,0.6842619338757434,8,0.25353445247106193,0.08301274729472675,0.06299391872506777,0.019928652928811103,0.05158489283139286,0.01213335565763392,0.001238229922938591,29,124,0.08287837548640582,0.02260299461727522,False,False,False,1.6457520945779912e-06,COMPLETE
247,0.4398156046867371,2025-04-01 14:35:47.861455,2025-04-01 14:35:58.794811,0 days 00:00:10.933356,0.9200756097734617,0.6807914891217313,8,0.2557366843569818,0.08372329606271955,0.0626913849658593,0.018212168715826565,0.05175893607194206,0.010603549904945461,0.0010165664261536469,30,124,0.08267189094329513,0.021588576474532772,False,False,False,1.68357735427078e-06,COMPLETE
248,0.41151348352432254,2025-04-01 14:35:58.875154,2025-04-01 14:36:07.782662,0 days 00:00:08.907508,0.9494827946200752,0.6650823470103406,16,0.2550540405269628,0.07061044124351823,0.06271398599549272,0.016159566323975062,0.05132239503182644,0.010252492527131512,0.001002001171188132,30,124,0.08275418598439047,0.02211758979737592,False,False,False,1.6163679825141359e-06,COMPLETE
249,0.419895362854004,2025-04-01 14:36:07.862945,2025-04-01 14:36:18.817006,0 days 00:00:10.954061,0.8990501634598774,0.6685637633970868,8,0.2625984330456669,0.057862658389663424,0.06505120216548374,0.022079156170545632,0.05338218667262599,0.007142472982840647,0.0007940377554580855,30,126,0.08220032441245884,0.02361422414890366,False,False,False,1.2471500063159876e-06,COMPLETE
250,0.4364853858947754,2025-04-01 14:36:18.897840,2025-04-01 14:36:29.802616,0 days 00:00:10.904776,0.7468846021138159,0.6901345179697882,8,0.2662559324866128,0.0838774444281121,0.05939399887467716,0.017757534521309664,0.04871966679996596,0.012092950002754826,0.0008952582752100608,30,123,0.08442146917729001,0.020912896442239128,False,False,False,1.8059011380623086e-06,COMPLETE
251,0.4274086236953736,2025-04-01 14:36:29.891854,2025-04-01 14:36:40.802852,0 days 00:00:10.910998,0.9168522358715442,0.6779558775192269,8,0.2728104474889513,0.08294965120092328,0.06148591515479374,0.01791029097707106,0.048242288645974615,0.011388629088950882,0.0008736396120874317,30,122,0.08474116145088834,0.02635161078948481,False,False,False,1.8790682258673626e-06,COMPLETE
252,0.4190027236938477,2025-04-01 14:36:40.884580,2025-04-01 14:36:51.775305,0 days 00:00:10.890725,0.7305623115471573,0.6891270884867501,8,0.2668573606163462,0.06666355983931166,0.06018024880397185,0.014566758483694429,0.0508785636799282,0.012287310094728176,0.001064940563908194,30,123,0.08338851912301525,0.0189842953864517,False,False,False,1.5365810080273248e-06,COMPLETE
253,0.29172886013984684,2025-04-01 14:36:51.859601,2025-04-01 14:37:01.502696,0 days 00:00:09.643095,0.7499737071293473,0.6442799936581424,8,0.2549450817945082,0.07367605113977221,0.06292704123732197,0.016794733675748037,0.05376403645221132,0.009079187042356338,0.0008310608707286454,29,120,0.0845312423222353,0.03384884837371399,False,False,True,2.3823078591487693e-06,COMPLETE
254,0.43496905565261845,2025-04-01 14:37:01.583316,2025-04-01 14:37:12.370352,0 days 00:00:10.787036,0.7915217118051915,0.7122595254048127,8,0.2596456769090859,0.09107252622796802,0.06399212142056017,0.012897795873686179,0.04880092353505993,0.004069788177644186,0.001129946501995375,30,124,0.08140589339984525,0.027538812201248913,False,False,False,1.7947677019434115e-06,COMPLETE
255,0.43910624980926516,2025-04-01 14:37:12.452480,2025-04-01 14:37:23.347309,0 days 00:00:10.894829,0.7894815860730061,0.6881184886862513,8,0.2596070719905005,0.0968181324086673,0.05808555920141048,0.019670556188203327,0.051688843778483824,0.0032525486777782984,0.0011602041469949485,30,126,0.08135330071627188,0.020318619684513574,False,False,False,1.8120780765534838e-06,COMPLETE
256,0.4185265302658081,2025-04-01 14:37:23.429636,2025-04-01 14:37:34.383186,0 days 00:00:10.953550,0.7910017139773583,0.6892564078973269,8,0.26042323768333436,0.0988865259712322,0.057289451678442224,0.08707820185922915,0.05167629437987932,0.003157462874531426,0.0017142235189828653,30,127,0.08100417351068867,0.020182602363002504,False,False,False,1.8921383335470894e-06,COMPLETE
257,0.4172410964965821,2025-04-01 14:37:34.474982,2025-04-01 14:37:46.503598,0 days 00:00:12.028616,0.9792503566084956,0.7097318884864298,8,0.25258900333355944,0.09326570690669994,0.05972756370696201,0.047406658962790255,0.05511675772526918,0.0013837487973771597,0.04395204503335002,30,124,0.08136943596764783,0.021710162738244346,True,False,False,1.4017932554181908e-06,COMPLETE
258,0.4320031046867371,2025-04-01 14:37:46.585394,2025-04-01 14:37:57.434057,0 days 00:00:10.848663,0.7541254317116292,0.7130521757951561,8,0.26414128622430855,0.0898628079599804,0.0656495480785302,0.01939446627880733,0.04940426961181524,0.004398853378994418,0.001056034700311263,30,127,0.0864555950599813,0.0353045060994908,False,False,False,2.7886179407484173e-06,COMPLETE
259,0.4328373074531556,2025-04-01 14:37:57.517200,2025-04-01 14:38:08.455366,0 days 00:00:10.938166,0.7588244514600295,0.6881963319375946,8,0.2648689144149631,0.09617239812972975,0.06480619782557764,0.019529259053785143,0.04966501396599606,0.0049252052223641984,0.00106707879840649,30,122,0.08726805402484,0.03722273984246481,False,False,False,2.81470648891893e-06,COMPLETE
260,0.4199607610702515,2025-04-01 14:38:08.538731,2025-04-01 14:38:19.428823,0 days 00:00:10.890092,0.7719678109291757,0.6598479213846473,8,0.26068653713014933,0.10490473623838674,0.06501508716851681,0.07349200413847318,0.04865441656231148,0.0045303844138473125,0.0010500487981651122,30,127,0.08851890559614657,0.03461129377066961,False,False,False,2.2231006365599046e-06,COMPLETE
261,0.4343090891838074,2025-04-01 14:38:19.511804,2025-04-01 14:38:30.430913,0 days 00:00:10.919109,0.7886114450515755,0.7155268996948392,8,0.26485138325128615,0.08901896445259613,0.06393594305839365,0.01970166545998184,0.050091910229277135,0.002594319147015708,0.0010796129543628906,30,122,0.0863849072286765,0.04962183385023407,False,False,False,2.6405076049065578e-06,COMPLETE
262,0.4212030172348023,2025-04-01 14:38:30.514471,2025-04-01 14:38:55.744025,0 days 00:00:25.229554,0.7560736057431566,0.709850016155244,2,0.2551142420951907,0.09785549211563951,0.06595059011098298,0.01958109021682332,0.04962952501619076,0.0037130745935130887,0.001077554657193815,30,123,0.08645388545083266,0.045417155998716666,False,False,False,2.650531530331986e-06,COMPLETE
263,0.33801592588424684,2025-04-01 14:38:55.838482,2025-04-01 14:39:05.695494,0 days 00:00:09.857012,0.7825557005931315,0.6834210834846538,8,0.263178825189688,0.0902449917694326,0.06442427660720496,0.02379743612897552,0.05205320774405003,0.002359135846330782,0.0009239503479317812,30,127,0.08747597732645025,0.05288631439549882,False,True,False,3.869120327125658e-06,COMPLETE
264,0.4310893774032593,2025-04-01 14:39:05.779052,2025-04-01 14:39:16.638510,0 days 00:00:10.859458,0.7975882864835938,0.7213247694863005,8,0.2504235644963294,0.0889521179013183,0.059614582300363504,0.020692696054614317,0.050268788418563554,0.005230308449442625,0.0011776867406918523,30,121,0.08678581427632284,0.04855464347643606,False,False,False,1.9348671543320458e-06,COMPLETE
265,0.4282276511192322,2025-04-01 14:39:16.722739,2025-04-01 14:39:27.645090,0 days 00:00:10.922351,0.7768180858524398,0.6151715981836182,8,0.25123386393822494,0.10816632366142998,0.06599733724595676,0.021015284929532755,0.05058846077266182,0.004904739531971425,0.0011928828189512657,30,120,0.0866432392172873,0.04984937918261482,False,False,False,2.7562315559761337e-06,COMPLETE
266,0.4146330356597901,2025-04-01 14:39:27.729726,2025-04-01 14:39:38.613962,0 days 00:00:10.884236,0.7916025327979699,0.6848677966042747,8,0.2585719829564778,0.10033493043128533,0.05598942690035579,0.025871076689937593,0.0488234713340122,0.005344055697248706,0.0015857616150912871,30,122,0.0890625581486883,0.04198022166639456,False,False,False,1.9187883466419633e-06,COMPLETE
267,0.4347383141517639,2025-04-01 14:39:38.700029,2025-04-01 14:39:49.680191,0 days 00:00:10.980162,0.7998617574288106,0.7135220875856094,8,0.2657273241733399,0.08933301692483882,0.059266138031439805,0.019893415510475757,0.05316148344829551,0.0013139260922555556,0.0010747979756131447,30,121,0.08664292201430802,0.03922279357077698,False,False,False,2.877232449146947e-06,COMPLETE
268,0.43229197263717656,2025-04-01 14:39:49.775961,2025-04-01 14:40:00.667933,0 days 00:00:10.891972,0.7605164090712712,0.6589506056195462,8,0.26737298908385754,0.09663880792948416,0.05820814488279058,0.019023624756429776,0.05475580739255309,0.001119514897888785,0.0010454960539354981,30,118,0.09049294738418452,0.037705515419681306,False,False,False,3.2465470615925975e-06,COMPLETE
269,0.41342873573303224,2025-04-01 14:40:00.754521,2025-04-01 14:40:11.662149,0 days 00:00:10.907628,0.7456216841206615,0.6644126449567496,8,0.2675039657233026,0.09524221565692802,0.05526452876999645,0.018196397866063235,0.052745353319733054,0.0011260624302097998,0.0009899389130028362,30,127,0.08573452132131659,0.16833476449871382,False,False,False,4.463589730781945e-06,COMPLETE
270,0.38014273643493657,2025-04-01 14:40:11.749358,2025-04-01 14:40:20.257427,0 days 00:00:08.508069,0.8819318018890154,0.7028123741397934,16,0.26467938777508576,0.10092045479312928,0.0584180132453186,0.07945356815297329,0.053664187147394384,0.0010039318629307106,0.011483049434902812,29,69,0.09054477750344972,0.05531338676332718,False,False,False,3.5014838823868086e-06,COMPLETE
271,0.4234752774238587,2025-04-01 14:40:20.347017,2025-04-01 14:40:31.199493,0 days 00:00:10.852476,0.7964737791303382,0.6374745855434224,8,0.2583683953315692,0.09107858896866497,0.06407596588168793,0.019778496106159345,0.05517618937359674,0.003172444766920037,0.0012563325031189545,30,122,0.08801145008902718,0.041283000993255346,False,False,False,2.979928736098801e-06,COMPLETE
272,0.2934630513191223,2025-04-01 14:40:31.287002,2025-04-01 14:40:41.080340,0 days 00:00:09.793338,0.7620906053742157,0.6539970425937512,8,0.2668122801548298,0.08646178239447805,0.057883720404896755,0.02200421785341866,0.05208182489143944,0.0027018180595993514,0.0010360473717918736,30,119,0.08489858929208768,0.0364292861340813,False,False,True,2.5958722568706043e-06,COMPLETE
273,0.42420096397399903,2025-04-01 14:40:41.177596,2025-04-01 14:40:51.869815,0 days 00:00:10.692219,0.843213361007408,0.6813346632133864,8,0.27152841097140695,0.09735582782607001,0.06713254633594573,0.018054647569858674,0.05349671899879694,0.0035113270990640207,0.0008589264230850402,29,124,0.07912429402595292,0.0468519198039811,False,False,False,3.937515050355784e-06,COMPLETE
274,0.4240955114364624,2025-04-01 14:40:51.957162,2025-04-01 14:41:02.695411,0 days 00:00:10.738249,0.7482851561383378,0.6992716695932913,8,0.2576459792174661,0.08873552967491025,0.06343278692971452,0.012175838656261897,0.05562274742189563,0.005582358014978514,0.0011659165546663386,29,128,0.08200733741387879,0.033674500224502295,False,False,False,2.9184854780992173e-06,COMPLETE
275,0.3992994546890259,2025-04-01 14:41:02.786665,2025-04-01 14:41:13.644740,0 days 00:00:10.858075,0.7824190001083545,0.724254709570297,8,0.26435399263513176,0.1050850785816468,0.07065923345557426,0.01986171443831292,0.04882800025156015,0.007913199996322938,0.0014167068443905549,30,118,0.017203617170402634,0.039439156615071476,False,False,False,2.366867339139254e-06,COMPLETE
276,0.3818246841430664,2025-04-01 14:41:13.734033,2025-04-01 14:41:24.090169,0 days 00:00:10.356136,0.9267786084347139,0.6738848856090724,8,0.2718073248744722,0.08389490000508253,0.06035960019488775,0.016856951799282968,0.05673760849316413,0.0036187220642574236,0.0009864377542452801,29,53,0.08777102616207255,0.10847474914455475,False,False,False,3.3454143089127686e-06,COMPLETE
277,0.40016902685165406,2025-04-01 14:41:24.178769,2025-04-01 14:41:36.053112,0 days 00:00:11.874343,0.760034539030134,0.6922105550998635,8,0.28224982523473596,0.09072770571951516,0.06824921328990245,0.022395988677650292,0.05172373388319317,0.0011778749519313827,0.0012485556871213587,30,122,0.08995469777857791,0.029521683335752762,True,False,False,1.808136465123615e-06,COMPLETE
278,0.4208608388900757,2025-04-01 14:41:36.151679,2025-04-01 14:41:47.055692,0 days 00:00:10.904013,0.8550306752123332,0.7105356670407595,8,0.24760920286114058,0.09553286768604703,0.05742766085437368,0.018478510689665797,0.05036073773153792,0.007040385094816515,0.0019014329636435282,30,126,0.08604665639332404,0.04318882757992747,False,False,False,2.3812552252597296e-06,COMPLETE
279,0.4218897938728333,2025-04-01 14:41:47.145181,2025-04-01 14:41:57.875243,0 days 00:00:10.730062,0.8062221870434143,0.6555701394860438,8,0.257942757732632,0.07975533032323348,0.06157509799176779,0.013962887820818067,0.05390363212548184,0.00594354137764227,0.0008543597962845927,29,119,0.08362720332114223,0.03497802047166113,False,False,False,4.482660471728045e-06,COMPLETE
