number,value,datetime_start,datetime_complete,duration,params_alpha-eval,params_alpha-train,params_batch-size,params_eps-eval,params_eps-train,params_lambda-actions-eval,params_lambda-actions-train,params_lambda-frames-eval,params_lambda-frames-train,params_learning-rate,params_n-epochs,params_n-frames,params_radius-gw,params_rho,params_std-feats,params_ub-actions,params_ub-frames,params_weight-decay,state
672,0.41341714859008794,2025-04-01 15:54:22.087991,2025-04-01 15:54:32.630726,0 days 00:00:10.542735,0.8659497617427803,0.7711266758820154,8,0.20088191222056395,0.10106098380641929,0.065540582487948,0.021258113794760277,0.0516831722156158,0.007642692772487452,0.0011112905949022802,28,127,0.08860691400622558,0.039552772931179966,False,False,False,1.239368327947314e-06,COMPLETE
673,0.4163185834884644,2025-04-01 15:54:32.844133,2025-04-01 15:54:43.644355,0 days 00:00:10.800222,0.925563734529049,0.8138587494298685,8,0.2771510832533825,0.09192627274912442,0.08242664553279831,0.026686245300471836,0.0010958050273450638,0.0024489730734317088,0.0008089677946782392,30,113,0.0843246926227599,0.024195190174787835,False,False,False,1.5469137810044105e-07,COMPLETE
674,0.39195396900177004,2025-04-01 15:54:43.871032,2025-04-01 15:54:52.619982,0 days 00:00:08.748950,0.7897095639224507,0.6942876751434234,8,0.2863629426242877,0.08591787702300145,0.06897441086596211,0.013115768431382645,0.041919575502600274,0.0127294388348912,0.0017561006766520916,18,118,0.09078274441611062,0.2968765718313515,False,False,False,3.038577233469563e-06,COMPLETE
675,0.41969027519226076,2025-04-01 15:54:52.846464,2025-04-01 15:55:03.629781,0 days 00:00:10.783317,0.8292313914111751,0.6196550950381114,8,0.2713992938017248,0.152748570013217,0.04747768123818534,0.018169881970368073,0.04559369477950604,0.01885528312809634,0.000978717058483064,29,121,0.09570260983549433,0.03379756951850149,False,False,False,8.682342005892616e-07,COMPLETE
676,0.4046115159988404,2025-04-01 15:55:03.859861,2025-04-01 15:55:12.688346,0 days 00:00:08.828485,0.9009224351228453,0.7897352651136136,16,0.25696027558557805,0.07045775736952001,0.0727379832367688,0.01536811653214484,0.06556985381018013,0.004682275673421917,0.0006381864576065327,29,125,0.08614651080866144,0.010062086613942818,False,False,False,2.539311538423567e-06,COMPLETE
677,0.4437058091163636,2025-04-01 15:55:12.902959,2025-04-01 15:55:23.171009,0 days 00:00:10.268050,0.7616212695131692,0.7355599261655273,8,0.26616822753745756,0.07842532138696415,0.055601534665875474,0.022624722880909783,0.03812221068712908,0.015745921305419998,0.0013045836711863153,26,116,0.08808194480149215,0.030056969337935273,False,False,False,1.7065296120775297e-06,COMPLETE
678,0.3848514795303345,2025-04-01 15:55:23.394553,2025-04-01 15:55:33.486199,0 days 00:00:10.091646,0.9439371910100163,0.7532153257220691,8,0.24319483388312987,0.048652719009743356,0.05056637691965836,0.025378601355036938,0.0366994324848065,0.019674804334080122,0.0016910545979300687,26,110,0.08925544521583546,0.20253864266882596,False,False,False,1.5114272444178346e-06,COMPLETE
679,0.4326474666595459,2025-04-01 15:55:33.716051,2025-04-01 15:55:43.697498,0 days 00:00:09.981447,0.980293662731778,0.736568259187107,8,0.2668402277866688,0.06684730922369256,0.0551924008220793,0.023025115065667137,0.03806422462590003,0.021709325736364422,0.0013342736773947785,25,113,0.0921773068535763,0.038196210291629173,False,False,False,1.1564483621471141e-06,COMPLETE
680,0.40683581829071047,2025-04-01 15:55:43.913536,2025-04-01 15:55:53.994290,0 days 00:00:10.080754,0.7677076287152655,0.7622724374654285,8,0.27978633854710144,0.07762359377021356,0.053246518597653426,0.024355046794926855,0.03619011506875708,0.01627905606936058,0.0022431168442875443,26,107,0.09019088271984763,0.04590101540798509,False,False,False,1.8666493671075303e-06,COMPLETE
681,0.29629565477371217,2025-04-01 15:55:54.222662,2025-04-01 15:56:03.679472,0 days 00:00:09.456810,0.8816314398721137,0.7401183951592342,8,0.2523136130065451,0.06025349882856813,0.052179021741666456,0.027323379631530084,0.0353164379233928,0.017863379794579953,0.00144871540710402,27,115,0.08771351299275922,0.03072582497746252,False,False,True,7.466401494193042e-07,COMPLETE
682,0.3994512438774109,2025-04-01 15:56:03.896223,2025-04-01 15:56:14.073336,0 days 00:00:10.177113,0.9978622674717276,0.7795662368819894,8,0.28496702674201374,0.07504152198637044,0.055664967692523784,0.02875547348846351,0.03802169540755401,0.023356088731371395,0.0011953857943265522,26,113,0.02854545982959543,0.04245141985255356,False,False,False,1.6390607745998913e-06,COMPLETE
683,0.4267924427986145,2025-04-01 15:56:14.300286,2025-04-01 15:56:24.688143,0 days 00:00:10.387857,0.8073451939281414,0.7280432684106165,8,0.26153813110702595,0.06843037839754006,0.05028296794745011,0.022368969079018516,0.03993485006926805,0.001025150117593951,0.001796983314938415,27,116,0.09318874878380942,0.03293108684880365,False,False,False,1.0609470405153995e-06,COMPLETE
684,0.4352439045906067,2025-04-01 15:56:24.906914,2025-04-01 15:56:35.492098,0 days 00:00:10.585184,0.9185575548918772,0.7583592242388179,8,0.27423696773208145,0.08039092215816598,0.07365239708050793,0.020842150625484383,0.03914492028607642,0.028594636909153974,0.0014208465726421758,28,118,0.0908853991085997,0.027201111416942002,False,False,False,2.2029259075641563e-06,COMPLETE
685,0.40742125511169436,2025-04-01 15:56:35.725400,2025-04-01 15:56:46.019587,0 days 00:00:10.294187,0.85583114695713,0.7969236163060062,8,0.26920821330165157,0.07271156705934659,0.0786410357744929,0.025003412374056493,0.037612566455733666,0.020486602905102447,0.0011546364042796255,27,109,0.08825862704706558,0.16059471011585047,False,False,False,3.7523675119257255e-06,COMPLETE
686,0.40032362937927246,2025-04-01 15:56:46.239170,2025-04-01 15:56:56.642743,0 days 00:00:10.403573,0.9629648139806346,0.718802209725254,8,0.2354663815612423,0.06383516130196294,0.05648298983184259,0.021648799591262733,0.040952567517752086,0.01676487553054685,0.0031925014738855145,27,116,0.0868924995683341,0.03706420802427735,False,False,False,1.349732395030201e-06,COMPLETE
687,0.4009974360466004,2025-04-01 15:56:56.876172,2025-04-01 15:57:08.311619,0 days 00:00:11.435447,0.7597008271835617,0.7720929183052376,8,0.2756475166277012,0.055231193308689336,0.07120343526394246,0.03290640401146949,0.033171137065881776,0.06700696124443373,0.0010574587418168224,28,119,0.09482298335178964,0.02396124815139373,True,False,False,6.415063561299067e-07,COMPLETE
688,0.39876365661621094,2025-04-01 15:57:08.544200,2025-04-01 15:57:18.766307,0 days 00:00:10.222107,0.784299655268484,0.7545294412795537,8,0.26237329514300933,0.0795001259311613,0.054258412013118124,0.01989258817183996,0.0598492949369423,0.00583399459435816,0.001320392602387086,27,103,0.08943018831730568,0.001349254360290113,False,False,False,2.413979299507363e-06,COMPLETE
689,0.3415951192378998,2025-04-01 15:57:18.984301,2025-04-01 15:57:39.944612,0 days 00:00:20.960311,0.9312777510311044,0.7416576867537972,2,0.28268556362095576,0.08595840953702126,0.07578396818413952,0.035159865530275405,0.040896330855119734,0.026151246696829732,0.0007648110223450093,28,147,0.0907596798087189,0.0307225037973705,False,True,False,1.703857942285376e-06,COMPLETE
690,0.41012909412384035,2025-04-01 15:57:40.176413,2025-04-01 15:57:49.957747,0 days 00:00:09.781334,0.9067781231316725,0.7270474671713603,8,0.2888358926453202,0.095594830261262,0.08105532320536121,0.023878538771801825,0.03424096628642299,0.0035493300219194605,0.0009270038313701362,24,112,0.08683276792297952,0.018481456195130003,False,False,False,8.694780540402455e-07,COMPLETE
691,0.406760573387146,2025-04-01 15:57:50.176394,2025-04-01 15:58:00.382785,0 days 00:00:10.206391,0.8779721251342135,0.8278271983404342,8,0.25553305401727316,0.10538827387125585,0.08411572817960425,0.02275362969321948,0.02423017099669741,0.014992029806952169,0.0004806682743503892,26,120,0.0930639938822182,0.05038411802704459,False,False,False,3.0034959900713305e-06,COMPLETE
692,0.40961259603500366,2025-04-01 15:58:00.616344,2025-04-01 15:58:11.115985,0 days 00:00:10.499641,0.8274836334164319,0.7853057895368502,8,0.24819093491432034,0.0694231226367043,0.051188310855446756,0.02616657271103269,0.0642896904007359,0.019004232160272416,0.0020520511258397315,28,115,0.08850759933782693,0.02691795858221866,False,False,False,1.3426695949403284e-06,COMPLETE
693,0.4365496158599854,2025-04-01 15:58:11.336035,2025-04-01 15:58:21.736141,0 days 00:00:10.400106,0.9600714070068245,0.8139311185039567,8,0.27011938953016906,0.07572684295554778,0.07914360089322121,0.020020976072942627,0.057695409250164684,0.05925758504422999,0.0010864257080505577,27,117,0.0857275292805996,0.014611957524955792,False,False,False,1.8424838826561142e-06,COMPLETE
694,0.3982097029685974,2025-04-01 15:58:21.968567,2025-04-01 15:58:32.279835,0 days 00:00:10.311268,0.8482514695257468,0.7113565956236084,8,0.2779042498669125,0.08220695701605833,0.057652377670564844,0.01744924335882982,0.0629599691011265,0.006919771843920499,1.6460253376561518e-05,28,63,0.09185735342382242,0.1049503966017251,False,False,False,1.1092989587938147e-06,COMPLETE
695,0.41968510150909427,2025-04-01 15:58:32.502056,2025-04-01 15:58:42.651801,0 days 00:00:10.149745,0.9415452943351376,0.7651165854470817,8,0.2626112746887453,0.08781955837614647,0.07425349800969742,0.014162373846594115,0.04290510468172834,0.08733606738396169,0.0015341780221785914,26,98,0.08954387424811686,0.035877695785982565,False,False,False,2.2266429564292085e-06,COMPLETE
696,0.3938439249992371,2025-04-01 15:58:42.884705,2025-04-01 15:58:53.205910,0 days 00:00:10.321205,0.8887028129863835,0.7441142665664153,8,0.29101094663466115,0.0647249615851975,0.06954513842239442,0.011671039651497243,0.0712583609932896,0.002624342909697445,0.07261495463073152,27,121,0.084450239115328,0.2123277996517816,False,False,False,1.568130512228719e-06,COMPLETE
697,0.43249011039733887,2025-04-01 15:58:53.440718,2025-04-01 15:59:04.108984,0 days 00:00:10.668266,0.9836699990977229,0.7215116532471997,8,0.22308491938743036,0.07392196415601732,0.04647277064591499,0.01913799078346126,0.05418228420306024,0.09160926175210204,0.0005983266521857052,29,123,0.087707345367925,0.04372911442351549,False,False,False,4.956420684736609e-06,COMPLETE
698,0.41440532207489017,2025-04-01 15:59:04.331893,2025-04-01 15:59:13.023800,0 days 00:00:08.691907,0.9148839707950726,0.7940188103418333,16,0.2680096237229889,0.09199681753582328,0.07673693377663822,0.021980491764849574,0.06009219930417208,0.024213938999040993,0.0008252347874743,28,118,0.09052997439770842,0.02228745451731906,False,False,False,9.673019268156972e-07,COMPLETE
699,0.3889609813690186,2025-04-01 15:59:13.257900,2025-04-01 15:59:24.004920,0 days 00:00:10.747020,0.870217258381534,0.05614563667989786,8,0.2570484442671662,0.029239449137454066,0.0530502325460744,0.01655071031799523,0.056350277909166475,0.053409773989334754,0.0006916769286382754,29,129,0.08561401376755826,0.00983070129051667,False,False,False,2.5674429671918685e-06,COMPLETE
700,0.2906430542469025,2025-04-01 15:59:24.228184,2025-04-01 15:59:33.426980,0 days 00:00:09.198796,0.7468483196925497,0.7689847031708483,8,0.28403766026748134,0.13416682574793262,0.07835147530552086,0.03018824584736642,0.043706637157514334,0.032569214993425716,0.0012614415077783785,27,75,0.09781136952307333,0.03138926674201158,False,False,True,1.3313124582798817e-06,COMPLETE
701,0.42153635025024416,2025-04-01 15:59:33.658996,2025-04-01 15:59:44.269715,0 days 00:00:10.610719,0.9566263778423597,0.7049668532631648,8,0.2755328993102492,0.05839980565302626,0.055427043187474434,0.018517843540516332,0.026543737424821058,0.09963370378249842,0.0009464923787137835,28,114,0.0820814336907683,0.020230305382880273,False,False,False,5.343513051904366e-07,COMPLETE
702,0.41868444681167605,2025-04-01 15:59:44.492846,2025-04-01 15:59:55.293070,0 days 00:00:10.800224,0.9020424222892173,0.7370912252522155,8,0.24361445482998367,0.0814203922216588,0.049081003265195274,0.009101330208564339,0.039182867547054655,0.004144330629347598,0.0008065672860844756,29,120,0.09356662216128783,0.026040871637817528,False,False,False,3.51371365509977e-06,COMPLETE
703,0.4091155767440796,2025-04-01 15:59:55.529712,2025-04-01 16:00:06.025004,0 days 00:00:10.495292,0.8168993943551568,0.7503239678500827,8,0.02878390027375692,0.09827559804883161,0.07142541564766851,0.014448473145712662,0.006388183014740732,0.04483823218756108,0.0010822702760918915,28,110,0.08782538097925915,0.01672044502555356,False,False,False,1.9442043340488118e-06,COMPLETE
704,0.4037968754768372,2025-04-01 16:00:06.265234,2025-04-01 16:00:18.100584,0 days 00:00:11.835350,0.9978503929608282,0.4790210555399506,8,0.2516009373658592,0.06941013036365665,0.05712487035521006,0.023760026907678696,0.061369840343680246,0.008333888544367401,0.0004255957058829057,29,123,0.09182653601731576,0.03890701836824725,True,False,False,1.6655238719940047e-06,COMPLETE
705,0.4042981743812561,2025-04-01 16:00:18.326416,2025-04-01 16:00:28.835169,0 days 00:00:10.508753,0.9391510974774566,0.7818118166469072,8,0.2947363876078963,0.04947718394960249,0.07558453505694179,0.02021528591568065,0.040821191341405015,0.005912251368194335,0.001616253170505382,28,117,0.08926944540599599,0.006965556281281116,False,False,False,7.104979017194641e-07,COMPLETE
706,0.4373926639556885,2025-04-01 16:00:29.074908,2025-04-01 16:00:39.374411,0 days 00:00:10.299503,0.8545803130434136,0.6924788170916671,8,0.26580546669157046,0.08798333215968226,0.05945666241553689,0.015575681583458933,0.05803568858879857,0.02158012104090924,0.0005671580649178513,27,120,0.08342375446090051,0.03257337098433317,False,False,False,1.0816210150058175e-06,COMPLETE
707,0.4031998872756958,2025-04-01 16:00:39.596120,2025-04-01 16:00:50.038161,0 days 00:00:10.442041,0.8486085466514861,0.8456990006726897,8,0.12469612028157388,0.10034832138287093,0.06757827807212125,0.011984281546328905,0.05786004847571572,0.02173255248290687,0.000446015874843686,27,126,0.04674006873176748,0.028092462759285744,False,False,False,7.573482208677637e-07,COMPLETE
708,0.4244243025779725,2025-04-01 16:00:50.275436,2025-04-01 16:01:00.317088,0 days 00:00:10.041652,0.8361655213116032,0.5550950422804702,8,0.26797175830901276,0.11512620186527467,0.05409999628863981,0.013322657600279016,0.059261324207933445,0.02247664342980813,0.000527140749469377,25,121,0.08084060390688454,0.020901675513792458,False,False,False,9.458349117953557e-07,COMPLETE
709,0.32946072220802314,2025-04-01 16:01:00.542866,2025-04-01 16:01:09.898423,0 days 00:00:09.355557,0.8652426229016328,0.5871604315368445,8,0.2726396611795472,0.0920312742761086,0.07326695390644776,0.06811694212177345,0.06241176544111737,0.019941330096716423,0.0006066331705394965,27,113,0.052928837803436365,0.013176279209856203,False,True,False,9.100253918624884e-07,COMPLETE
710,0.42571654319763186,2025-04-01 16:01:10.132601,2025-04-01 16:01:20.357646,0 days 00:00:10.225045,0.8592619306945518,0.6756538008274778,8,0.2647586991524912,0.08771441704605644,0.06439865837134215,0.015954703431568486,0.05856778975039101,0.023917802957320235,0.00036861926180716,26,132,0.08321384488546059,0.03249269913722885,False,False,False,5.810955235134955e-07,COMPLETE
711,0.4010549664497376,2025-04-01 16:01:20.597918,2025-04-01 16:01:43.055142,0 days 00:00:22.457224,0.8275095467680451,0.814951451566971,2,0.2798587062336817,0.09674047204532817,0.05899075834271248,0.05785199522234251,0.05671503747830894,0.024809143950257392,0.0003325365394771406,26,117,0.0948093501637134,0.024916154322085035,False,False,False,1.144815255568597e-06,COMPLETE
712,0.4464550852775574,2025-04-01 16:01:43.282349,2025-04-01 16:01:53.680386,0 days 00:00:10.398037,0.8764994449466165,0.6505056392919828,8,0.27307904122953763,0.10811519326139635,0.05182276584401012,0.02772296594634833,0.06072662220621667,0.0198054492111604,0.0011500991333317201,27,124,0.08699116730810265,0.016417220707277046,False,False,False,1.1137093303244526e-06,COMPLETE
713,0.4143816947937012,2025-04-01 16:01:53.920995,2025-04-01 16:02:04.280701,0 days 00:00:10.359706,0.8942013243894592,0.6094656817250486,8,0.2745549045037519,0.10170149390946856,0.05145787199364924,0.025495159535594922,0.06268947828838439,0.020775532825358236,0.0009442057241398255,27,128,0.09161377966265022,0.010201842607490925,False,False,False,8.529274810955669e-07,COMPLETE
714,0.4155105710029602,2025-04-01 16:02:04.506032,2025-04-01 16:02:14.818767,0 days 00:00:10.312735,0.882361593152011,0.6326972695856959,8,0.28179489479577385,0.1108534663992096,0.04766114641325401,0.030463740160708786,0.05996677660306515,0.01862089956767976,0.0007272372212462608,26,138,0.08528951128289843,0.006677638267045781,False,False,False,1.0518608247083368e-06,COMPLETE
715,0.43194471597671513,2025-04-01 16:02:15.058044,2025-04-01 16:02:25.503977,0 days 00:00:10.445933,0.925716259753266,0.6558121578502112,8,0.2719381173754658,0.1017937564923137,0.04917315744981509,0.02744208243431373,0.06519699913385855,0.019872277373068212,0.0011660076079922706,27,124,0.08733757439318493,0.016339330791151054,False,False,False,7.071344107766834e-07,COMPLETE
716,0.4202384948730469,2025-04-01 16:02:25.731434,2025-04-01 16:02:35.977692,0 days 00:00:10.246258,0.8917595513123312,0.6909620785215943,8,0.2786412058810583,0.10991430496178381,0.052513929436985754,0.028184793934013734,0.03168481732979081,0.021896149791351967,0.0008610265539459027,26,129,0.0895961475676959,0.014603986003471573,False,False,False,1.1666468125513074e-06,COMPLETE
717,0.4376020073890686,2025-04-01 16:02:36.218178,2025-04-01 16:02:46.603928,0 days 00:00:10.385750,0.9120097127466471,0.7229660884091618,8,0.2875638567245009,0.09554825374746871,0.05044696991960883,0.028369989043442945,0.042429491047771696,0.018339373464421244,0.0005465157286176162,27,126,0.07758578201057025,0.018852241967180397,False,False,False,1.266491840362781e-06,COMPLETE
718,0.39870604276657107,2025-04-01 16:02:46.845570,2025-04-01 16:02:57.268827,0 days 00:00:10.423257,0.9159491348705087,0.18339209549530233,8,0.2871024159788366,0.10554723787915984,0.05060279952404022,0.031237200847570284,0.04233614813607183,0.017437815240479302,0.000559339812760468,27,129,0.07730066644928692,0.005820583479499489,False,False,False,8.681173258972518e-07,COMPLETE
719,0.4363423109054566,2025-04-01 16:02:57.496760,2025-04-01 16:03:07.976638,0 days 00:00:10.479878,0.9059454719423804,0.7151114772761317,8,0.2907948409977494,0.09566908675245762,0.048038216670858655,0.028181926315684145,0.03890410190363196,0.01777863752614244,0.0004895855818303516,27,132,0.07872761050433444,0.01245655601853212,False,False,False,1.0384314145922076e-06,COMPLETE
720,0.2952629387378693,2025-04-01 16:03:08.220302,2025-04-01 16:03:17.684127,0 days 00:00:09.463825,0.8733862106209709,0.7277863861641805,8,0.28617275318941937,0.10655960371811034,0.04530279620125684,0.03263158274351568,0.039957017577154676,0.015990081340723418,0.000537399907976499,27,125,0.08077378084356601,0.018460274769751924,False,False,True,4.883455226013262e-07,COMPLETE
721,0.4357484936714172,2025-04-01 16:03:17.909914,2025-04-01 16:03:28.298480,0 days 00:00:10.388566,0.9170369217459954,0.7028111804170986,8,0.2944765388857131,0.097706743507129,0.05034540941437041,0.029412939730618926,0.0420998583804521,0.018788217376163825,0.00041737910986131867,27,133,0.07786927324115464,0.001826764224204894,False,False,False,6.967451999978195e-07,COMPLETE
722,0.4211148262023926,2025-04-01 16:03:28.539235,2025-04-01 16:03:38.750701,0 days 00:00:10.211466,0.8939885274400148,0.6856254303228764,8,0.28415091624755684,0.11486997466894797,0.05190049722284611,0.029171021460357806,0.042856401796184954,0.021793507224311445,0.00043031797266971446,26,126,0.07566807640786433,0.01074830136436893,False,False,False,1.2650811359142218e-06,COMPLETE
723,0.4134324073791504,2025-04-01 16:03:38.980540,2025-04-01 16:03:47.514005,0 days 00:00:08.533465,0.08335437830264125,0.7365056231769229,16,0.29529233424119783,0.10099627671339667,0.05054892920700469,0.032483594540882565,0.03476399561380991,0.015321968035738614,0.0006358509647141977,27,123,0.07940412426455558,0.018335316038081865,False,False,False,9.143008620481774e-07,COMPLETE
724,0.4286355972290039,2025-04-01 16:03:47.755328,2025-04-01 16:03:57.261447,0 days 00:00:09.506119,0.8760043306286442,0.717615392230395,8,0.2797696191228399,0.0935749442903561,0.09673794852030143,0.02546183308718344,0.0443607135541031,0.017261060073758674,0.0003355050649323256,22,130,0.08183071921663257,0.021270689934995785,False,False,False,1.3039884152324836e-06,COMPLETE
725,0.3711348414421082,2025-04-01 16:03:57.506617,2025-04-01 16:04:08.725208,0 days 00:00:11.218591,0.9296242458861671,0.7506766190979123,8,0.2895719401210409,0.103807778959892,0.04982702050589252,0.0292478157318087,0.03704707325370267,0.020603645714351325,0.0005382669982242113,26,127,0.08296357849515493,0.011864555365461826,True,False,False,5.347710833031417e-08,COMPLETE
726,0.4210880279541016,2025-04-01 16:04:08.956703,2025-04-01 16:04:19.541936,0 days 00:00:10.585233,0.9033262127427111,0.6687549196170499,8,0.2775660209451078,0.09090203048701748,0.052017375911844466,0.02699459206141852,0.04019116182979624,0.01999749568945139,0.0007380142727389467,28,121,0.07944566790476398,0.017160230773277718,False,False,False,6.463163232478026e-07,COMPLETE
727,0.3941043376922608,2025-04-01 16:04:19.786942,2025-04-01 16:04:30.014071,0 days 00:00:10.227129,0.9461784836120261,0.6991277694097485,8,0.2839695562255249,0.09349485536378489,0.04321690286861042,0.027508521811372606,0.041596340547606386,0.024931250496365274,0.0006452580843953695,27,79,0.08133718258151472,0.007214516489903983,False,False,False,1.1054829490640257e-06,COMPLETE
