number,value,datetime_start,datetime_complete,duration,params_alpha-eval,params_alpha-train,params_batch-size,params_eps-eval,params_eps-train,params_lambda-actions-eval,params_lambda-actions-train,params_lambda-frames-eval,params_lambda-frames-train,params_learning-rate,params_n-epochs,params_n-frames,params_radius-gw,params_rho,params_std-feats,params_ub-actions,params_ub-frames,params_weight-decay,state
569,0.2887604355812073,2025-04-22 03:11:50.133963,2025-04-22 03:12:02.987405,0 days 00:00:12.853442,0.9627792484053943,0.7181697871219936,2,0.2791450091484572,0.12466362390208902,0.05685974184494524,0.012611194281714169,0.07676564338315224,0.04285529925335578,0.0008020157483111382,12,141,0.06855848429988383,0.23623033997194895,False,True,True,7.909077226048773e-08,COMPLETE
570,0.44003030061721804,2025-04-22 03:12:03.170081,2025-04-22 03:12:16.159390,0 days 00:00:12.989309,0.9337024909738962,0.6629428256353672,2,0.2883901228434701,0.11775180900952183,0.053218663551248734,0.01991050922049089,0.07505526353977977,0.010316887992984265,0.001048708611820977,10,147,0.07218582401685546,0.22377650027965654,False,False,False,1.5660556550698824e-07,COMPLETE
571,0.38151416778564456,2025-04-22 03:12:16.336005,2025-04-22 03:12:30.009703,0 days 00:00:13.673698,0.9852356146392623,0.5868628494078947,2,0.2941562388493432,0.1343345192317753,0.05987170677915417,0.0213049780032737,0.07097031645105047,0.015083408181232,0.0012643742078922177,11,143,0.0681958386650041,0.21465641738431618,False,False,False,1.2418824644844044e-07,COMPLETE
572,0.37528311014175414,2025-04-22 03:12:30.197513,2025-04-22 03:12:38.415826,0 days 00:00:08.218313,0.999556074027893,0.6241903839166302,8,0.28296882779586974,0.12861257793024972,0.05308918905003376,0.012594215960283824,0.07615807873313873,0.01620721198343341,0.0010206513427989574,12,150,0.07220702019633594,0.2288388839598938,False,False,False,7.045011952315273e-08,COMPLETE
573,0.38058636188507083,2025-04-22 03:12:38.592433,2025-04-22 03:12:52.244869,0 days 00:00:13.652436,0.9531670225457589,0.705939185676693,2,0.27667557213167265,0.11833702651369044,0.056605956559531656,0.01563602771194058,0.07851574255997251,0.015652854490024178,0.0008312500594039055,11,104,0.07007311498664201,0.2627230351876292,False,False,False,9.269235198579555e-08,COMPLETE
574,0.39410401582717897,2025-04-22 03:12:52.433570,2025-04-22 03:13:06.773950,0 days 00:00:14.340380,0.932431977610519,0.6441353445144206,2,0.2934622624256374,0.13794586564190717,0.05915991108900871,0.021914706187757278,0.07409887809182991,0.012098601982999842,0.0014053728387116312,12,142,0.07291874359651491,0.23466261024260046,False,False,False,1.8274542094198164e-07,COMPLETE
575,0.44890707731246954,2025-04-22 03:13:06.952319,2025-04-22 03:13:19.953304,0 days 00:00:13.000985,0.9713241997643357,0.7253318390250484,2,0.2794085524554958,0.1267248713411252,0.05403292958781887,0.01955264306950807,0.08034325494565232,0.013595994201591282,0.0011215855124175758,10,145,0.07206328256105929,0.2097064074165686,False,False,False,1.0427600022630318e-07,COMPLETE
576,0.3795984148979187,2025-04-22 03:13:20.144150,2025-04-22 03:13:37.603927,0 days 00:00:17.459777,0.9992459701450812,0.6836604123792827,2,0.28674327061741695,0.11750215302821146,0.05509754575810237,0.017077795351878724,0.07698326283076452,0.035052914880688936,0.0012388935491735784,17,141,0.0693096393664853,0.2194927612110115,False,False,False,7.609383752443386e-08,COMPLETE
577,0.45573252439498907,2025-04-22 03:13:37.781714,2025-04-22 03:13:51.359127,0 days 00:00:13.577413,0.9514360331611049,0.7019372627147404,2,0.2754486346514765,0.12336278342868516,0.05229582934797798,0.024262823670432743,0.06595395471363759,0.008589705409173889,0.0009391610154447026,11,147,0.07431875673192831,0.23757695559103553,False,False,False,1.3892841991005598e-07,COMPLETE
578,0.4392390131950379,2025-04-22 03:13:51.551052,2025-04-22 03:14:03.961967,0 days 00:00:12.410915,0.9345464073924225,0.7346064150078915,2,0.27248189406044776,0.12716906681278498,0.05149100169593058,0.023508769904566035,0.06552766788550644,0.007877200530415924,0.0007079514395854569,9,148,0.07374686894588196,0.2373333355544629,False,False,False,1.1792827532298767e-07,COMPLETE
579,0.39928799867630005,2025-04-22 03:14:04.141605,2025-04-22 03:14:17.735803,0 days 00:00:13.594198,0.952346654692517,0.7017467778797037,2,0.2721818076734142,0.13301024447036594,0.05379800757006001,0.02097913545570256,0.07034598217927919,0.00868399874599695,0.000587964346001077,11,147,0.06422517253710973,0.23058527280677013,False,False,False,6.063478873405964e-08,COMPLETE
580,0.37080397605896,2025-04-22 03:14:17.927445,2025-04-22 03:14:30.912048,0 days 00:00:12.984603,0.96799422789671,0.5011330277006654,2,0.2763157695734791,0.12175169330835542,0.05587779273944555,0.024772154639068348,0.061676579117265366,0.009167064055442077,0.0008323047594056384,10,148,0.06681774313794082,0.2362506167331034,False,False,False,8.88320154913037e-08,COMPLETE
581,0.3728515148162842,2025-04-22 03:14:31.091908,2025-04-22 03:14:45.521319,0 days 00:00:14.429411,0.9275889105552951,0.717568660913498,2,0.27273282457430764,0.1223320971660746,0.051672410550812814,0.022444595270174342,0.07031097300139151,0.008412416590513876,0.0009322620014537596,11,150,0.028827817249362543,0.22417106343581822,True,False,False,1.3637478582709045e-07,COMPLETE
582,0.4410545945167542,2025-04-22 03:14:45.712891,2025-04-22 03:14:58.768841,0 days 00:00:13.055950,0.9557105440196891,0.6914917939585705,2,0.2549610458705568,0.14363846579454329,0.053967312435044344,0.018259108478194126,0.0739764822004143,0.010127739804477887,0.0007551265195110988,10,145,0.07191428709944983,0.23986136479005982,False,False,False,6.592478545882004e-08,COMPLETE
583,0.38578301668167114,2025-04-22 03:14:58.948604,2025-04-22 03:15:05.947195,0 days 00:00:06.998591,0.9853521370205426,0.7407470082440967,16,0.283068378862427,0.11888170664804658,0.057643386630359866,0.025856961449215614,0.07265851507615732,0.00725975776248461,0.0009678726085550905,11,71,0.07053587983007854,0.230707026193471,False,False,False,1.0176475457432139e-07,COMPLETE
584,0.4672629237174988,2025-04-22 03:15:06.128154,2025-04-22 03:15:19.202795,0 days 00:00:13.074641,0.9464923493030485,0.6982163561747429,2,0.26491345106929287,0.13035550376704036,0.052968615971054296,0.021375845910559365,0.07645072972367957,0.010527972180370262,0.0010433661303067424,10,144,0.07415237658928914,0.24274904249966128,False,False,False,7.61861578508945e-08,COMPLETE
585,0.37629718780517585,2025-04-22 03:15:19.393104,2025-04-22 03:15:31.067186,0 days 00:00:11.674082,0.9642346017833059,0.7082040791681184,2,0.25858125058669057,0.1366699778561893,0.052935202150987924,0.020197579861104202,0.07548058799197623,0.01325199089702895,1.4780102579333288e-05,8,147,0.07357847564355781,0.22081426515805969,False,False,False,8.02069137578215e-08,COMPLETE
586,0.4426035404205323,2025-04-22 03:15:31.248193,2025-04-22 03:15:44.332931,0 days 00:00:13.084738,0.9481427340402938,0.6781532772041328,2,0.26535179339904535,0.13122622842847656,0.05219442343289719,0.021941568486734196,0.06707320782244995,0.010724688821698957,0.0010931827047468738,10,144,0.06984549346756042,0.24141591624522904,False,False,False,9.517416221471158e-08,COMPLETE
587,0.43528664112091064,2025-04-22 03:15:44.525091,2025-04-22 03:15:56.887066,0 days 00:00:12.361975,0.9786522969973512,0.7258881664094423,2,0.2521924895606356,0.13893797450776071,0.05596076869383991,0.020149415194913523,0.0690260801375666,0.010764130066294888,0.0012360569866678125,9,145,0.0740395217585439,0.23350308141948284,False,False,False,7.464890118948751e-08,COMPLETE
588,0.33383746743202214,2025-04-22 03:15:57.068740,2025-04-22 03:16:08.124987,0 days 00:00:11.056247,0.9413877303502503,0.41664132613351434,2,0.25963560855839374,0.13023868159263874,0.05244122368298075,0.02349639656289618,0.0011019196772617187,0.01189216666398159,0.001439031967756085,9,142,0.0720640522730858,0.227759903842233,False,True,False,1.3887662511518044e-07,COMPLETE
589,0.4570548415184021,2025-04-22 03:16:08.318780,2025-04-22 03:16:21.251952,0 days 00:00:12.933172,0.9696903404632099,0.9455670236679474,2,0.26739803666936995,0.12639380000796865,0.06036734152407305,0.01812700425989026,0.07667010902587182,0.012499527475551997,0.0010570034800300567,10,147,0.07441070543408831,0.24090528516351795,False,False,False,1.1948118507064807e-07,COMPLETE
590,0.292516565322876,2025-04-22 03:16:21.434246,2025-04-22 03:16:32.577510,0 days 00:00:11.143264,0.9576658790728457,0.9418942735331572,2,0.2681083158417628,0.15462601692833478,0.060352960100834206,0.016109935292152697,0.07490323973936876,0.012857389475002728,0.0009703638941093735,9,150,0.06823642659495932,0.24078431631598382,False,False,True,9.464428180750142e-05,COMPLETE
591,0.3696832299232483,2025-04-22 03:16:32.771664,2025-04-22 03:16:45.740688,0 days 00:00:12.969024,0.9295201838321869,0.9588805354317598,2,0.2692206651329851,0.13472096395084981,0.05961114691089391,0.020020281367690167,0.07733013374146698,0.0120605197672957,0.0008563910388563046,10,147,0.06231123783608425,0.23644809394621968,False,False,False,1.7883623957834146e-07,COMPLETE
592,0.4309723973274231,2025-04-22 03:16:45.924296,2025-04-22 03:16:58.302669,0 days 00:00:12.378373,0.9664017458695078,0.9720893882547348,2,0.2768157962823093,0.12694115362083327,0.057952185906516476,0.017478260478517606,0.07623256010307299,0.010432212648084528,0.0006302142789908386,9,150,0.07187583451145205,0.24442816651126675,False,False,False,1.2134549468564733e-07,COMPLETE
593,0.4259697437286377,2025-04-22 03:16:58.498717,2025-04-22 03:17:11.447740,0 days 00:00:12.949023,0.9428834059373391,0.9425210358939752,2,0.26472083653038625,0.1457159154972154,0.061710177904926715,0.014289568896038973,0.07321347594039716,0.009837672848116085,0.0010810167318700307,10,146,0.07394132388329616,0.23344314634329708,False,False,False,1.4693237432869623e-07,COMPLETE
594,0.4283199906349182,2025-04-22 03:17:11.636583,2025-04-22 03:17:23.312618,0 days 00:00:11.676035,0.9812880824713736,0.9148041909694007,2,0.2776226767303543,0.1271211321943487,0.06031349602007897,0.015705640749242113,0.07836710200775088,0.00910860173753638,0.0007436008132709227,8,145,0.07057131619713441,0.22822062325028747,False,False,False,1.978665401384568e-07,COMPLETE
595,0.37908027172088626,2025-04-22 03:17:23.511616,2025-04-22 03:17:31.346384,0 days 00:00:07.834768,0.963639456864357,0.9841743922380222,8,0.2894875698081345,0.04292595218418095,0.06149147245993224,0.01877781938389633,0.07495455195646016,0.014420840809489788,0.0011299124239297356,10,147,0.07473695225828036,0.24103510356710386,False,False,False,1.121910027854526e-07,COMPLETE
596,0.43296115398406987,2025-04-22 03:17:31.529903,2025-04-22 03:17:44.514050,0 days 00:00:12.984147,0.9233812252072197,0.9608906489564714,2,0.2694297690480608,0.13470779441786782,0.05474169276415273,0.017762135838071617,0.07784021959017007,0.012769915186839143,0.0008820083606873125,10,150,0.0728585515231274,0.22344867716284525,False,False,False,2.563736329885002e-07,COMPLETE
597,0.38484590053558354,2025-04-22 03:17:44.712288,2025-04-22 03:17:57.688594,0 days 00:00:12.976306,0.9859652969294207,0.9322053494984873,2,0.2815474961767445,0.14169249116698665,0.05724324175060592,0.09344911456405933,0.07618065645470434,0.01149456608353097,0.00158403508180934,10,143,0.06950443028955772,0.21370264465876757,False,False,False,1.0109931585607078e-07,COMPLETE
598,0.44764661788940435,2025-04-22 03:17:57.872497,2025-04-22 03:18:10.875021,0 days 00:00:13.002524,0.999602639027614,0.9739764169541831,2,0.26383764274682275,0.12518074482922595,0.056237779719750955,0.010041490082572284,0.05842785863922078,0.007436742309031951,0.0013252995842238842,10,145,0.07509387236335036,0.23616116250456098,False,False,False,1.571084478688353e-07,COMPLETE
599,0.4397099256515503,2025-04-22 03:18:11.059649,2025-04-22 03:18:24.761091,0 days 00:00:13.701442,0.945332395430318,0.952131283195771,2,0.27365318118659676,0.12275232493411208,0.06651703643168602,0.021128103892090314,0.07126646796125859,0.015877887084664775,0.0010492066606896775,11,142,0.07174826811898084,0.2497826219843608,False,False,False,1.2339715893019472e-07,COMPLETE
600,0.3779600024223328,2025-04-22 03:18:24.956237,2025-04-22 03:18:37.030358,0 days 00:00:12.074121,0.9697702335412093,0.989591878657821,2,0.2947552302009126,0.1315492680825947,0.05500620533170734,0.02179853310716923,0.07931940697445297,0.014019642666125298,0.0011889309928951807,9,15,0.06625486371242387,0.2279610603086732,False,False,False,7.957692850008508e-08,COMPLETE
601,0.38723690509796144,2025-04-22 03:18:37.215990,2025-04-22 03:18:51.519403,0 days 00:00:14.303413,0.9443056981872279,0.38778101848198343,2,0.28563199392759764,0.11730304910267872,0.05070906219941334,0.01880998913129807,0.07629373834647796,0.0388974528387988,0.0007114143690016007,11,148,0.07470526004745591,0.22096444508060678,True,False,False,8.882545392100977e-08,COMPLETE
602,0.3872451543807984,2025-04-22 03:18:51.716736,2025-04-22 03:19:06.023200,0 days 00:00:14.306464,0.9227128627572789,0.9643747373652444,2,0.29980721204503324,0.1257128802000671,0.05219473180563417,0.013984844714212576,0.07464765598095793,0.011648564125598553,0.0015499174701761418,12,144,0.046970607657198016,0.24191805891967155,False,False,False,3.337197462520753e-07,COMPLETE
603,0.4300601601600647,2025-04-22 03:19:06.210722,2025-04-22 03:19:19.813253,0 days 00:00:13.602531,0.9703377580020606,0.9837585058219945,2,0.2621646214952183,0.1212319293309259,0.058633604271434325,0.02327320970722584,0.07237302773316484,0.015920253862233676,0.0009761187959788068,11,141,0.07337474026056427,0.2337235515322923,False,False,False,2.2649565527028534e-07,COMPLETE
604,0.42296588420867925,2025-04-22 03:19:20.011344,2025-04-22 03:19:34.321081,0 days 00:00:14.309737,0.9542712875285633,0.7479563891452843,2,0.2713364982463524,0.1313895788800562,0.053647707545836434,0.02030643228652233,0.07912597000130925,0.009354831897257018,0.0005354763736607265,12,147,0.0707046333235389,0.20453417109907823,False,False,False,1.101047727618736e-07,COMPLETE
605,0.4336677312850953,2025-04-22 03:19:34.506845,2025-04-22 03:19:46.901921,0 days 00:00:12.395076,0.9815011425411306,0.9408471309499835,2,0.2785084960455658,0.11629570970481147,0.05089495238190706,0.017039013148537296,0.08028943911091899,0.013115661241823666,0.0013490695250349357,9,150,0.06795626310079717,0.2457453589942992,False,False,False,5.875659936501874e-08,COMPLETE
606,0.38003929853439333,2025-04-22 03:19:47.099571,2025-04-22 03:19:54.312823,0 days 00:00:07.213252,0.9991271750418906,0.7215929144673421,16,0.267996718423845,0.12317991593882181,0.055199380921565254,0.012316251400248375,0.07843990492977043,0.0165052554408967,0.0017011651051434056,11,144,0.019981049730338117,0.21585874438961214,False,False,False,1.6839137768540154e-07,COMPLETE
607,0.3338504016399384,2025-04-22 03:19:54.499873,2025-04-22 03:20:07.216850,0 days 00:00:12.716977,0.9354084498631955,0.9663011885000983,2,0.28914229624386145,0.13566991707674694,0.06130883352229399,0.02420739699549116,0.07644626759963243,0.014493093057230877,0.0011582273033535178,12,140,0.07564522559869835,0.22702539352998538,False,True,False,1.3213998878039409e-07,COMPLETE
608,0.2898658037185669,2025-04-22 03:20:07.416997,2025-04-22 03:20:19.071470,0 days 00:00:11.654473,0.9650234780502295,0.9972382064339863,2,0.2759616302662604,0.11677221756100913,0.0016892200044638164,0.021680698317878052,0.07362129614508278,0.01005981081395323,0.0007915346174516508,10,146,0.07305079666091197,0.23891433866828884,False,False,True,8.974814411656686e-08,COMPLETE
609,0.3735562443733216,2025-04-22 03:20:19.260299,2025-04-22 03:20:34.119447,0 days 00:00:14.859148,0.9479820030776472,0.73238091592289,2,0.25867836586713566,0.057085544545915745,0.057091403807512965,0.018901293148778774,0.08044999531964477,0.007594226536328017,0.001477568741768284,13,142,0.07660120213578217,0.251463520187807,False,False,False,6.112606595277135e-08,COMPLETE
610,0.42942881584167486,2025-04-22 03:20:34.318636,2025-04-22 03:20:48.674290,0 days 00:00:14.355654,0.9815373783338054,0.928011524136847,2,0.2852135985743912,0.1280339374190369,0.04987985495947937,0.007559204894773318,0.07788910428676529,0.01690560235465232,0.000995781666641408,12,147,0.07123281478481436,0.23368898923727283,False,False,False,1.0594125220196366e-07,COMPLETE
611,0.45528473854064944,2025-04-22 03:20:48.864451,2025-04-22 03:21:01.954195,0 days 00:00:13.089744,0.9228825463071217,0.701262488267236,2,0.2664571385578147,0.14117577360206926,0.053182222212262445,0.02416330425444875,0.07625714305787354,0.023791327643965174,0.0017460149274100994,10,140,0.07486550529644845,0.2206700332929627,False,False,False,7.651007154662806e-08,COMPLETE
612,0.45094726085662845,2025-04-22 03:21:02.156757,2025-04-22 03:21:14.609028,0 days 00:00:12.452271,0.9233717100467151,0.7497601822393705,2,0.2640422638879443,0.11548730488348792,0.05294341549500583,0.08719985474465278,0.07721944427815461,0.024162532415534753,0.001931381602201108,9,140,0.07679856090581015,0.21014725571555173,False,False,False,7.116159834440555e-08,COMPLETE
613,0.43409310579299926,2025-04-22 03:21:14.799167,2025-04-22 03:21:27.816069,0 days 00:00:13.016902,0.9142708626512857,0.7167030474264552,2,0.2683145597656981,0.12218968930667182,0.050885742445408916,0.02396656840739094,0.08012935419731207,0.022675620495881982,0.0018147908112287568,10,139,0.07516824492545382,0.2084623758786892,False,False,False,5.702687468078106e-08,COMPLETE
614,0.42818727493286135,2025-04-22 03:21:28.019209,2025-04-22 03:21:48.594186,0 days 00:00:20.574977,0.9249755870801769,0.9991827775316584,2,0.2591218049644448,0.1490089702633155,0.05340437344092602,0.024836669784255007,0.07627792436032177,0.02434656124471727,0.0016346784344154286,22,142,0.07715908870261587,0.2168472371436414,False,False,False,7.117309479981048e-08,COMPLETE
615,0.44890482425689704,2025-04-22 03:21:48.782982,2025-04-22 03:22:01.814383,0 days 00:00:13.031401,0.8988331864608796,0.700085900034913,2,0.27408932085714705,0.11655748417649343,0.05202541828534825,0.02227508423288939,0.07942634521188315,0.022133500768041346,0.0021301644729971943,10,140,0.07312617426185278,0.22278339032933286,False,False,False,5.225775327321277e-08,COMPLETE
616,0.45110701322555546,2025-04-22 03:22:02.016796,2025-04-22 03:22:15.075650,0 days 00:00:13.058854,0.9450245027190564,0.9589777689586296,2,0.2632811451964029,0.1276474718179457,0.049813447037699084,0.025888688628395416,0.0782157479256953,0.02386086473663621,0.0014822388546760106,10,143,0.07538733023492028,0.24404745189400484,False,False,False,8.506009227254197e-08,COMPLETE
617,0.41834340095520023,2025-04-22 03:22:15.266362,2025-04-22 03:22:27.598574,0 days 00:00:12.332212,0.9262572966431374,0.7613827535973341,2,0.27161513262216896,0.14286350639036038,0.05452961968649364,0.02265553521103809,0.04521648140726107,0.026115554363202835,0.001821843142324943,9,140,0.07442325493271187,0.19447886441994341,False,False,False,8.552211139362646e-08,COMPLETE
618,0.4061287760734558,2025-04-22 03:22:27.801286,2025-04-22 03:22:35.627822,0 days 00:00:07.826536,0.954223935734062,0.8960529195074287,8,0.26676609584089717,0.11512171339829154,0.05070923458430227,0.024933160316307653,0.08123330084757623,0.023000362384251787,0.0014846462638273782,10,144,0.07749947737311247,0.21931774934895845,False,False,False,6.612163277151688e-08,COMPLETE
619,0.3807597875595093,2025-04-22 03:22:35.821823,2025-04-22 03:22:49.408296,0 days 00:00:13.586473,0.9127883966856063,0.33690474575213736,2,0.2563483215228463,0.12165878329727081,0.05468487837414154,0.020584026775525767,0.08074693510604186,0.028902822966224304,0.048540322052243616,11,138,0.07450532050893911,0.24969993966614346,False,False,False,9.979423165391583e-08,COMPLETE
620,0.38232152462005614,2025-04-22 03:22:49.613285,2025-04-22 03:23:05.279167,0 days 00:00:15.665882,0.9388405572707008,0.9760949062216164,2,0.2788548473902975,0.12896880849440157,0.030770507815282996,0.026155245085333775,0.07499235211463415,0.025046492569611233,0.0013693456613403804,13,144,0.07748568935771405,0.23724900596406506,True,False,False,5.677194694004112e-08,COMPLETE
621,0.43866704702377324,2025-04-22 03:23:05.471404,2025-04-22 03:23:19.123773,0 days 00:00:13.652369,0.9647269810942636,0.729750088379259,2,0.2602172997898636,0.11422015277354704,0.049184257740796856,0.022721676778007908,0.08265459110141636,0.01806829027866635,0.0017674288181552757,11,139,0.07238983987156333,0.23184946091722042,False,False,False,8.162112372163177e-08,COMPLETE
622,0.3831477165222168,2025-04-22 03:23:19.329308,2025-04-22 03:23:31.047031,0 days 00:00:11.717723,0.9393478661426945,0.7119513655138782,2,0.27025479473053116,0.122079543750276,0.05241784644577125,0.024246309230428753,0.07785975225755629,0.020384436826567032,0.011895804110723688,8,142,0.07604694226597775,0.20097830987961937,False,False,False,6.983664810608992e-08,COMPLETE
623,0.4366185069084168,2025-04-22 03:23:31.240394,2025-04-22 03:23:44.306165,0 days 00:00:13.065771,0.9636105034464462,0.9425822775351618,2,0.25003981375307754,0.13344083227645231,0.049870148482539775,0.020840926248144674,0.0752792846236036,0.04708661116087197,0.002148536360002471,10,145,0.07879675379750121,0.22261267435165155,False,False,False,1.5460948269830647e-05,COMPLETE
624,0.4332021713256836,2025-04-22 03:23:44.509549,2025-04-22 03:23:56.887278,0 days 00:00:12.377729,0.9140125189962794,0.6972050117031129,2,0.27486661802230283,0.11581984075887783,0.05219710075469632,0.02637466930028207,0.08193579230513408,0.07501557376477436,0.0013107793698617838,9,140,0.07379027659576581,0.24295021496617453,False,False,False,1.113008628399939e-07,COMPLETE
625,0.42912725210189817,2025-04-22 03:23:57.080580,2025-04-22 03:24:11.386188,0 days 00:00:14.305608,0.8949043226366892,0.9795555826837249,2,0.2652818431729025,0.06374177839853992,0.07245378007055209,0.023751492953240687,0.07919477373908679,0.022316224401343267,0.0012069030813364522,12,145,0.07623405431307731,0.2539516597742013,False,False,False,4.974137723781084e-08,COMPLETE
