number,value,datetime_start,datetime_complete,duration,params_alpha-eval,params_alpha-train,params_batch-size,params_eps-eval,params_eps-train,params_lambda-actions-eval,params_lambda-actions-train,params_lambda-frames-eval,params_lambda-frames-train,params_learning-rate,params_n-epochs,params_n-frames,params_radius-gw,params_rho,params_std-feats,params_ub-actions,params_ub-frames,params_weight-decay,state
1736,0.43590625524520876,2025-04-01 19:15:04.898494,2025-04-01 19:15:12.610284,0 days 00:00:07.711790,0.8808698824949691,0.8782935776516623,8,0.2949291478837696,0.07104579354071967,0.023018146227804726,0.011899004085613715,0.01832652134355759,0.021100128867201886,0.0010804810898998314,12,123,0.08686195797606353,0.06913104885664009,False,False,False,3.924797973071028e-07,COMPLETE
1737,0.41687687635421755,2025-04-01 19:15:13.171526,2025-04-01 19:15:24.212128,0 days 00:00:11.040602,0.9070811657181848,0.8247494409743681,8,0.2877356592665259,0.0770202469798218,0.010325206329303092,0.01888916210003389,0.015532890150879143,0.029034098508732453,0.0017682608876363685,30,128,0.09079298685987056,0.04383570910804156,False,False,False,6.960815239979735e-07,COMPLETE
1738,0.3367715954780579,2025-04-01 19:15:24.795603,2025-04-01 19:15:34.082904,0 days 00:00:09.287301,0.8773944604592719,0.8447302727242187,8,0.27074147417329647,0.06598340725548828,0.01505597869415198,0.01611319141577075,0.017059049562600553,0.0240594504441961,0.0013349947671623993,29,23,0.08193040552246122,0.03913687515700464,False,True,False,5.263566835948971e-07,COMPLETE
1739,0.4258862853050232,2025-04-01 19:15:34.645317,2025-04-01 19:15:45.626041,0 days 00:00:10.980724,0.92729297998901,0.8688468983916668,8,0.27921831330956526,0.05801238907580151,0.023679385422663162,0.014362418572034751,0.014945939932893455,0.02079445269941047,0.0009978007239699218,30,120,0.0789027054267413,0.06673062347547015,False,False,False,8.784522906100202e-07,COMPLETE
1740,0.3964127659797668,2025-04-01 19:15:46.212150,2025-04-01 19:15:55.293802,0 days 00:00:09.081652,0.9022041198648023,0.8168228702206687,16,0.2999254512418534,0.07522751238704094,0.02216965047637138,0.007066457703452586,0.012103328985155929,0.026240240223674945,0.001164243114351613,30,126,0.08658078273908247,0.03917232691854451,False,False,False,9.919412047817931e-07,COMPLETE
1741,0.39740905761718753,2025-04-01 19:15:55.856311,2025-04-01 19:16:06.603261,0 days 00:00:10.746950,0.8511096110993199,0.7964041405884184,8,0.2897087031719495,0.07030244763640542,0.020593126145559103,0.01973050325840977,0.0091696916132941,0.03351273563912559,0.0001760426808419454,29,117,0.08847520131508747,0.1327981402831277,False,False,False,1.8024058625681034e-07,COMPLETE
1742,0.4324738740921021,2025-04-01 19:16:07.190109,2025-04-01 19:16:18.011414,0 days 00:00:10.821305,0.8834890319764687,0.8809634312332336,8,0.2838214791726194,0.11546702941731485,0.027782367388596255,0.01074976489805074,0.014670974224579907,0.023136055643622727,0.0009657536830879233,29,122,0.08469124159303432,0.04854384218037933,False,False,False,6.990914981899303e-07,COMPLETE
1743,0.41801152229309085,2025-04-01 19:16:18.582788,2025-04-01 19:16:29.367717,0 days 00:00:10.784929,0.9235734315101762,0.845754976186405,8,0.29395918116454506,0.07634582531340735,0.020561030662198394,0.017186187567104293,0.014481930060899255,0.030100487016848542,0.0016932509457312631,29,114,0.09237113112576494,0.04354569281162866,False,False,False,1.0299095502726831e-07,COMPLETE
1744,0.41801271438598636,2025-04-01 19:16:29.959453,2025-04-01 19:16:40.795930,0 days 00:00:10.836477,0.8601777734929689,0.7931409310148868,8,0.21075846821859362,0.0631847880727529,0.022999458765765077,0.008415387695593584,0.012725029857788929,0.021207086071653416,0.0013824089101812872,29,124,0.08967298137175621,0.06377269580360495,False,False,False,1.0642537884394263e-06,COMPLETE
1745,0.4091557145118714,2025-04-01 19:16:41.367226,2025-04-01 19:16:52.400991,0 days 00:00:11.033765,0.9040794493893578,0.8915261338854729,8,0.27497403548465693,0.056030315153897704,0.022375597059423102,0.0128961287705785,0.010486967986303204,0.024908499587558003,0.000983407889511045,30,138,0.09394148947612832,0.04649355957788473,False,False,False,6.019038847778679e-08,COMPLETE
1746,0.397643518447876,2025-04-01 19:16:52.991265,2025-04-01 19:17:03.921554,0 days 00:00:10.930289,0.8885876148105118,0.8634241858221088,8,0.2820974047291707,0.0679932278347283,0.01850710132498055,0.01769274364936188,0.01785546857334254,0.027007292073208913,3.392626584600682e-05,30,109,0.09776152219442288,0.04722659330256316,False,False,False,2.641366797565481e-07,COMPLETE
1747,0.30685540437698366,2025-04-01 19:17:04.490670,2025-04-01 19:17:14.332270,0 days 00:00:09.841600,0.8747768418906592,0.8339215801869289,8,0.2892410157909737,0.06186837866799547,0.02508465776255487,0.05083059329951954,0.009342006223689255,0.022774027059522858,0.0011754489968842333,29,120,0.0829882947183363,0.09176523770349868,False,False,True,5.679258431562015e-07,COMPLETE
1748,0.4160675168037415,2025-04-01 19:17:14.923880,2025-04-01 19:17:25.955827,0 days 00:00:11.031947,0.9328007088475009,0.8077417401997659,8,0.2696324290049719,0.07101591827611183,0.020919890579785303,0.0706540832614943,0.011332407778684727,0.09465973813484141,0.0014619081766463805,30,133,0.08680316066798359,0.04204290362802341,False,False,False,4.0389352124455537e-07,COMPLETE
1749,0.39287045001983645,2025-04-01 19:17:26.520588,2025-04-01 19:17:37.407768,0 days 00:00:10.887180,0.9144360430971977,0.9078226509458146,8,0.27698118664623844,0.06497498873910448,0.01937404108698127,0.015148801612796255,0.012922509721461552,0.028997362403427086,0.0021204543179452243,29,127,0.09120656139760118,0.16965276443930544,False,False,False,9.211575042611076e-07,COMPLETE
1750,0.41184000968933104,2025-04-01 19:17:38.002271,2025-04-01 19:17:48.923439,0 days 00:00:10.921168,0.844590815795203,0.8676085514431559,8,0.29490969853249926,0.05587527958105372,0.028943790918131162,0.011235115186772865,0.007548144638317322,0.021429573667122993,0.0009945603090598752,29,145,0.08488642769614066,0.07182435786795324,False,False,False,7.660493259914124e-07,COMPLETE
1751,0.38380839824676516,2025-04-01 19:17:49.500442,2025-04-01 19:18:01.492832,0 days 00:00:11.992390,0.5499939141881908,0.8432788825336925,8,0.2998743000613462,0.07665942212228755,0.0263912353587479,0.005438071367241552,0.016246529020599733,0.025185853037557798,0.0009162539165460124,30,117,0.0805884643285939,0.03398301428751861,True,False,False,1.2021997653232868e-08,COMPLETE
1752,0.4167974472045899,2025-04-01 19:18:02.063872,2025-04-01 19:18:12.955779,0 days 00:00:10.891907,0.8671653991599715,0.8105263305967343,8,0.28457419366521053,0.06970111177926643,0.025309105661022097,0.019098523059201143,0.02113535093598202,0.019560667685614003,0.001215078045558308,29,130,0.0881924873091347,0.0336330946585579,False,False,False,9.394048529689268e-07,COMPLETE
1753,0.41207772493362427,2025-04-01 19:18:13.550418,2025-04-01 19:18:23.674489,0 days 00:00:10.124071,0.8945481130693703,0.8853626542238394,8,0.26988683590683843,0.06064296625885991,0.016970071057069942,0.014646999262626378,0.013316093650243327,0.026629517036770658,0.0015739798257279102,25,112,0.0890788639544149,0.07624281856824255,False,False,False,2.139847513949999e-08,COMPLETE
1754,0.4360931038856507,2025-04-01 19:18:24.243291,2025-04-01 19:18:33.845373,0 days 00:00:09.602082,0.9355808586232838,0.8512824363561737,8,0.2903398602269681,0.0783629296668002,0.022624876630896174,0.016987718630520475,0.01791280239729475,0.0227733452918927,0.00087602332187951,22,123,0.08582692185882375,0.04752610074644896,False,False,False,6.696582204249254e-07,COMPLETE
1755,0.39771531820297246,2025-04-01 19:18:34.433285,2025-04-01 19:18:44.705701,0 days 00:00:10.272416,0.9125240871678442,0.4082951317823862,8,0.2769077184107827,0.0725445953955607,0.019347752403608674,0.01987445268288019,0.009715093351808524,0.028153697215654493,0.001194425133534018,26,120,0.0954018327789536,0.03986706131200532,False,False,False,1.0892318891003048e-06,COMPLETE
1756,0.42543632984161384,2025-04-01 19:18:45.302429,2025-04-01 19:18:56.314515,0 days 00:00:11.012086,0.8858815971648056,0.9430899691876138,8,0.2856361764179067,0.06556762818075657,0.014791030234725226,0.013124960565833442,0.010032659272161602,0.0317720163607209,0.0010132226869555686,30,126,0.09120732433358987,0.11243915216110056,False,False,False,3.3802478658681765e-07,COMPLETE
1757,0.42301819324493406,2025-04-01 19:18:56.889767,2025-04-01 19:19:21.252148,0 days 00:00:24.362381,0.8676648456394829,0.45187977004070523,2,0.27999673179377266,0.052755427992364184,0.028766875884073638,0.009779700232278919,0.007918309673526216,0.020224716014695172,0.0013550030003482631,29,115,0.08146461454331544,0.029227601975319636,False,False,False,5.215750698385988e-07,COMPLETE
1758,0.3459417462348938,2025-04-01 19:19:21.818725,2025-04-01 19:19:31.778897,0 days 00:00:09.960172,0.5700442899467604,0.6215269473657967,8,0.2906726200385739,0.13927050523946966,0.021836582600406572,0.016035473248488988,0.01302608319891058,0.02357344971036341,0.000898064580021412,30,121,0.08310961440729538,0.031147217186734376,False,True,False,1.531608158304916e-08,COMPLETE
1759,0.4264614820480347,2025-04-01 19:19:32.373747,2025-04-01 19:19:43.220587,0 days 00:00:10.846840,0.8382586740175719,0.900048165502737,8,0.2690256746329516,0.07735034656451469,0.021448348238594588,0.02021633957813164,0.016060342627791997,0.025582967222217878,0.0010879966465418,29,118,0.08764278592897963,0.0532414481220037,False,False,False,2.0028371051553281e-07,COMPLETE
1760,0.3772686839103699,2025-04-01 19:19:43.798137,2025-04-01 19:19:52.311331,0 days 00:00:08.513194,0.9039264750375139,0.7902889323040788,8,0.29483619807719114,0.10861921164273662,0.011947876922433327,0.011748343747828204,0.00875854414528407,0.02066612119476541,0.001719545088051931,16,124,0.09354619257774682,0.1549592587163166,False,False,False,1.1034085305077659e-06,COMPLETE
1761,0.41524292230606086,2025-04-01 19:19:52.907996,2025-04-01 19:20:03.815998,0 days 00:00:10.908002,0.8588443894321212,0.921360089760546,8,0.28410690424099383,0.05762178485786015,0.022230835798420626,0.008044281100198246,0.011690780428344389,0.019485892943306892,0.0013217261752310717,29,129,0.08963565063120035,0.04351721507680459,False,False,False,8.939754801326428e-07,COMPLETE
1762,0.4351864576339722,2025-04-01 19:20:04.389124,2025-04-01 19:20:15.409336,0 days 00:00:11.020212,0.9285924137333981,0.8745253145675348,8,0.2753969066341507,0.06750657765363836,0.02326297900670483,0.01794119838471,0.0065667767351654084,0.03004643257943255,0.0008155870915503037,30,110,0.08489812212855889,0.03636839312678561,False,False,False,1.3634631397095426e-07,COMPLETE
1763,0.39062291383743286,2025-04-01 19:20:16.000940,2025-04-01 19:20:24.804455,0 days 00:00:08.803515,0.8864241661984336,0.8281984488010112,16,0.2870455270142053,0.16131100027740677,0.0074577438765037925,0.01430860570417979,0.013633166283567798,0.03289142252765153,0.0010573474881079234,28,118,0.09993268377708808,0.027424343107783675,False,False,False,8.06563486821493e-08,COMPLETE
1764,0.42361747026443486,2025-04-01 19:20:25.373481,2025-04-01 19:20:35.621250,0 days 00:00:10.247769,0.9061636124491707,0.5851175390685119,8,0.2795206815016825,0.0736392870135903,0.02119658656175903,0.009965408143117263,0.0115756888353152,0.027684961969054973,0.0009052413603888972,26,122,0.07732047810504719,0.05653971321639602,False,False,False,6.823263360707861e-07,COMPLETE
1765,0.4042496919631958,2025-04-01 19:20:36.219901,2025-04-01 19:20:46.980885,0 days 00:00:10.760984,0.9302156308807403,0.794960591105783,8,0.299754110278352,0.06165819259970512,0.027696616238026404,0.004638672919298208,0.01833845554257967,0.02343041876095041,0.0012664920130568895,29,113,0.08693302967604381,0.03642254397195811,False,False,False,5.172822429522075e-07,COMPLETE
1766,0.2952318668365479,2025-04-01 19:20:47.561044,2025-04-01 19:20:57.582585,0 days 00:00:10.021541,0.8824473997582195,0.8564523950600711,8,0.27302940158203554,0.0798538170706537,0.028276864890931525,0.015859096819086576,0.005942218838546451,0.024943731532018225,0.001507690321316811,30,125,0.09136637378970837,0.03142621721127846,False,False,True,1.067643245861682e-06,COMPLETE
1767,0.41815556287765504,2025-04-01 19:20:58.181225,2025-04-01 19:21:08.818155,0 days 00:00:10.636930,0.8550592378552708,0.8952395091134401,8,0.29140536796406014,0.06901318341477006,0.03143567680900625,0.006830637208009007,0.020201743514952707,0.018277090366718835,0.0008369706107411304,28,133,0.07321894517162017,0.025833800669472374,False,False,False,8.229692153026174e-07,COMPLETE
1768,0.4067632555961609,2025-04-01 19:21:09.394595,2025-04-01 19:21:20.223669,0 days 00:00:10.829074,0.9101849155640961,0.636156216410261,8,0.28306255501680466,0.05539865752346387,0.02460016569747334,0.01347859319782982,0.015514383705255014,0.02125651741560368,0.0020255430054891567,29,116,0.08332600097634883,0.0415680758182847,False,False,False,4.9764649904609886e-08,COMPLETE
1769,0.423062813282013,2025-04-01 19:21:20.819899,2025-04-01 19:21:31.255677,0 days 00:00:10.435778,0.8347233670676558,0.5383293696716072,8,0.26811215079273454,0.07459215676824528,0.01859816878790827,0.02028885397262504,0.00876458323833913,0.02921166906092366,0.0011207553679072402,26,127,0.08938890941086598,0.13979222234868605,False,False,False,3.047598162418803e-07,COMPLETE
1770,0.3946637392044068,2025-04-01 19:21:31.833194,2025-04-01 19:21:42.487571,0 days 00:00:10.654377,0.8744667840976578,0.938181081219653,8,0.1597062391965915,0.06252881770969344,0.027034226026131158,0.01853884969393605,0.01089041736867593,0.017071091597389246,5.177921693582656e-05,28,120,0.0796255347444959,0.08267131602064685,False,False,False,2.7252184560815678e-08,COMPLETE
1771,0.39202833175659185,2025-04-01 19:21:43.082632,2025-04-01 19:21:55.090171,0 days 00:00:12.007539,0.9352166414062876,0.8139454438461792,8,0.2947962428187365,0.06698052323077773,0.026181870587502782,0.011720246315716717,0.024563098838478632,0.019217658236122242,0.000822568097657105,30,123,0.09273519388298365,0.02414464842082264,True,False,False,6.378413958841066e-07,COMPLETE
1772,0.4187736749649048,2025-04-01 19:21:55.673839,2025-04-01 19:22:06.511260,0 days 00:00:10.837421,0.8926900657268523,0.612716466402462,8,0.2752197394223208,0.07941180129588687,0.06913412623710882,0.01758853942905797,0.004164225798198414,0.022531788784465476,0.0010492502035906674,29,130,0.08673028920195354,0.03289931809036927,False,False,False,4.140029067469742e-07,COMPLETE
1773,0.4212281107902527,2025-04-01 19:22:07.109558,2025-04-01 19:22:17.708493,0 days 00:00:10.598935,0.9148895976224486,0.881003336376193,8,0.287530876093231,0.12648937139922528,0.026496353451241402,0.015327677531800293,0.013807339630219158,0.03505219220068634,0.001340967680821289,28,118,0.08459698324566554,0.047669900097933336,False,False,False,1.0289929109221463e-06,COMPLETE
1774,0.41255762577056887,2025-04-01 19:22:18.319660,2025-04-01 19:22:42.710336,0 days 00:00:24.390676,0.6178279550600682,0.9178018561162385,2,0.28085679757272997,0.07317204245844643,0.024502386692864968,0.0028142209375313417,0.005638852152381589,0.026175889442961064,0.002412564570288158,29,106,0.08871448353469218,0.03818254447139393,False,False,False,7.315045924184383e-07,COMPLETE
1775,0.3972525358200073,2025-04-01 19:22:43.294781,2025-04-01 19:22:54.201742,0 days 00:00:10.906961,0.8696623208191417,0.830816967476484,8,0.2902284960847523,0.05319125562608981,0.030032266688711798,0.013346625248108332,0.01133138402441933,0.014801948053975703,0.0016623711798895015,30,114,0.04681914046298636,0.028669866886692923,False,False,False,1.1846409578552234e-06,COMPLETE
1776,0.34989936947822575,2025-04-01 19:22:54.786344,2025-04-01 19:23:04.751296,0 days 00:00:09.964952,0.8977184924163021,0.9748663880881988,8,0.2951630188886848,0.23200252964974807,0.019644962448063994,0.020247378693723957,0.014883079509956623,0.027597034875278478,0.0009299898396038441,30,125,0.09092980655884426,0.10057029273315496,False,True,False,3.801629406360418e-08,COMPLETE
1777,0.41836042404174806,2025-04-01 19:23:05.353910,2025-04-01 19:23:16.083760,0 days 00:00:10.729850,0.8505386211409462,0.7859451302210864,8,0.19943384908909312,0.061111638693986454,0.01651280688232958,0.009804984466018187,0.017224334228312876,0.024082400573008124,0.0012187493011237079,29,121,0.0818082959856637,0.022452562636021352,False,False,False,8.694312772778367e-07,COMPLETE
1778,0.4324410080909729,2025-04-01 19:23:16.663619,2025-04-01 19:23:27.335053,0 days 00:00:10.671434,0.9377766878928266,0.6014534654462554,8,0.26861305886450937,0.06613725674589692,0.024603207086348958,0.016904481620288982,0.008331436417024654,0.03136103153644524,0.0008104093446913865,28,128,0.08589859665685914,0.03339785331435183,False,False,False,5.532486105504265e-07,COMPLETE
1779,0.42036851644515993,2025-04-01 19:23:27.935120,2025-04-01 19:23:37.257700,0 days 00:00:09.322580,0.8900168105622266,0.8488208234943969,8,0.2845309468193266,0.08075582397555055,0.09404363087173748,0.014670714878107128,0.010092187753292858,0.017084799911083255,0.0010697374890372433,20,135,0.08783118062987393,0.04390468649293808,False,False,False,1.2428007393139474e-08,COMPLETE
1780,0.4164348363876343,2025-04-01 19:23:37.835666,2025-04-01 19:23:48.407065,0 days 00:00:10.571399,0.9198937736197289,0.8692729471198498,8,0.27647992238443414,0.07384559353366793,0.022803357099376455,0.011530297694544207,0.008528618810955228,0.019389894686139476,0.0013535549324775011,28,118,0.09537220331715376,0.021372065289286334,False,False,False,6.243662348182261e-08,COMPLETE
1781,0.4062665462493897,2025-04-01 19:23:49.017645,2025-04-01 19:23:59.111650,0 days 00:00:10.094005,0.8586386144447548,0.30344665034175033,8,0.28125737821294716,0.1114504443055155,0.018735455304957856,0.03536622765743685,0.0044435504403826384,0.014716968555879336,0.0008003071832298941,25,122,0.09254770492521466,0.0638731323324628,False,False,False,1.0871047288884356e-06,COMPLETE
1782,0.4347823381423951,2025-04-01 19:23:59.695477,2025-04-01 19:24:10.519748,0 days 00:00:10.824271,0.6755835124749415,0.5700296363558389,8,0.2900672880397567,0.05771930433577975,0.021169052008722614,0.00698306219428367,0.011470161687174522,0.021724401670065778,0.0009651601078377127,29,112,0.08996830417924846,0.02889098501705425,False,False,False,0.0002760662371407602,COMPLETE
1783,0.4070399522781372,2025-04-01 19:24:11.124652,2025-04-01 19:24:21.505533,0 days 00:00:10.380881,0.8743464677033528,0.6335677875083265,8,0.26748026625267013,0.06915817392944845,0.04451061468862132,0.019028143613814774,0.012460530507694793,0.025067766280140912,0.0015585483386869007,27,116,0.0840427030418135,0.03786843935498073,False,False,False,1.987438155893391e-08,COMPLETE
1784,0.3733504772186279,2025-04-01 19:24:22.087959,2025-04-01 19:24:31.179769,0 days 00:00:09.091810,0.8298984890514468,0.8946327318163126,16,0.2744815437333926,0.08103862259280152,0.02246184884633803,0.008945058167290337,0.006711357356162028,0.029257727243246566,0.001121229688875025,30,125,0.0870074909582424,0.05046578097997897,False,False,False,7.527491166338661e-07,COMPLETE
1785,0.3816756010055542,2025-04-01 19:24:31.782698,2025-04-01 19:24:42.286113,0 days 00:00:10.503415,0.9028196665861313,0.9121925498789132,8,0.2949048280858526,0.06276564428361919,0.06731569173702488,0.01670546065326331,0.012589920731425347,0.02048066506416323,0.0007341152156661023,29,5,0.08003717796948163,0.01977032364451678,False,False,False,4.526854666724404e-07,COMPLETE
1786,0.3053857862949372,2025-04-01 19:24:42.891386,2025-04-01 19:24:52.561008,0 days 00:00:09.669622,0.9384147526145157,0.8100884489274489,8,0.28594327724967766,0.07176078923688606,0.024314463126573215,0.013081235005358162,0.015511933116841396,0.016564663002005337,0.0009597025776031578,28,132,0.08976760151657344,0.024961128138843536,False,False,True,1.2374519588379998e-06,COMPLETE
1787,0.38704355955123904,2025-04-01 19:24:53.144548,2025-04-01 19:25:03.529459,0 days 00:00:10.384911,0.8829625253803468,0.9468188183722088,8,0.2799197432610542,0.1173972546339884,0.026902066589383405,0.020941170094096444,0.019377607196420368,0.018220930663816227,0.0027579244623845236,26,120,0.08581644509119446,0.03291907418721801,False,False,False,9.139412897994043e-08,COMPLETE
1788,0.40411220788955693,2025-04-01 19:25:04.117667,2025-04-01 19:25:15.094914,0 days 00:00:10.977247,0.6437882700211195,0.7936659679163028,8,0.2951113520817708,0.10269587610879245,0.02314808346331712,0.015517212990594624,0.006131300866228205,0.014274470459812151,0.001832889150499437,30,128,0.08211532133852754,0.04155005437529852,False,False,False,1.1003359001314185e-07,COMPLETE
1789,0.3996592879295349,2025-04-01 19:25:15.694481,2025-04-01 19:25:27.499006,0 days 00:00:11.804525,0.9019008296657378,0.8341381634340947,8,0.2722022766614098,0.053415754421699435,0.07065879973285616,0.018483819217188377,0.013175938546127012,0.02668559426817887,0.0012384693681008513,29,123,0.0918562441215028,0.027168915054180138,True,False,False,9.591258050020748e-07,COMPLETE
1790,0.416603422164917,2025-04-01 19:25:28.086897,2025-04-01 19:25:38.535855,0 days 00:00:10.448958,0.4736317583651731,0.6463217217454182,8,0.04803524398988625,0.07673135601447778,0.019436170479013568,0.011310232633171186,0.009248988163909332,0.02292485593633992,0.0008033121593201953,27,114,0.08930000068991079,0.016772571803540054,False,False,False,6.078693250058188e-07,COMPLETE
1791,0.429343318939209,2025-04-01 19:25:39.136253,2025-04-01 19:25:49.775099,0 days 00:00:10.638846,0.9190471761513093,0.5956700889650948,8,0.2999705701117116,0.14958836868794767,0.029886949160288064,0.013439168757193356,0.01660277103875199,0.04414391362436256,0.0014149738978282936,28,108,0.09351085809543183,0.03674290079241724,False,False,False,1.1921644935006734e-06,COMPLETE
