number,value,datetime_start,datetime_complete,duration,params_alpha-eval,params_alpha-train,params_batch-size,params_eps-eval,params_eps-train,params_lambda-actions-eval,params_lambda-actions-train,params_lambda-frames-eval,params_lambda-frames-train,params_learning-rate,params_n-epochs,params_n-frames,params_radius-gw,params_rho,params_std-feats,params_ub-actions,params_ub-frames,params_weight-decay,state
1082,0.3694434881210327,2025-04-22 05:08:36.832373,2025-04-22 05:08:49.868204,0 days 00:00:13.035831,0.21264210014822993,0.7282967381926871,2,0.27382621573952753,0.12275773463376576,0.08974365968233994,0.032304712642095404,0.021805549624409358,0.02169638613825862,0.0027213241850968396,10,132,0.07544031968897055,0.2313396990642463,False,False,False,1.3607944175810219e-07,COMPLETE
1083,0.4313055396080017,2025-04-22 05:08:50.218631,2025-04-22 05:09:05.173688,0 days 00:00:14.955057,0.9329325198589731,0.6516140239271333,2,0.2900080470576879,0.10966718558462506,0.02751178442462611,0.029763585717612347,0.07811663691462763,0.016713097979183904,0.0013359635232287632,13,146,0.07871058287344122,0.14367123164161077,False,False,False,3.83490394390648e-08,COMPLETE
1084,0.3697288990020752,2025-04-22 05:09:05.525052,2025-04-22 05:09:13.530062,0 days 00:00:08.005010,0.9826207115727768,0.5750132850384493,8,0.26827336710229993,0.10158475474733594,0.04918334532884428,0.024814494962286084,0.08041877494917647,0.009511703393531346,0.00023376711364184635,11,137,0.07690577048168568,0.22099656322901634,False,False,False,1.8768785325277584e-07,COMPLETE
1085,0.2887604355812073,2025-04-22 05:09:13.882326,2025-04-22 05:09:25.607036,0 days 00:00:11.724710,0.8878560467481512,0.9797048435196252,2,0.2941968907464537,0.11788748416377116,0.05343484287190494,0.022269620832136426,0.08493896773280527,0.025123990322543838,0.0018502798655069487,10,143,0.023672702315196067,0.26035992670123037,False,True,False,6.328172409157423e-08,COMPLETE
1086,0.2939841687679291,2025-04-22 05:09:25.941281,2025-04-22 05:09:38.858581,0 days 00:00:12.917300,0.9633277913876527,0.6382967731428151,2,0.2557227983484947,0.11132511585954057,0.046052678996701714,0.027108351935775012,0.07566309944003528,0.019187412176554713,0.0008701004481337524,12,147,0.08663988516970092,0.24874830804843695,False,False,True,1.0962166203851871e-07,COMPLETE
1087,0.38390804529190065,2025-04-22 05:09:39.217248,2025-04-22 05:09:52.928415,0 days 00:00:13.711167,0.9432200435404339,0.6979197201187313,2,0.28444244737828617,0.135324483409827,0.02518014662200215,0.019611425670181516,0.08192892885988191,0.014826898034830999,0.0014099172532317738,11,139,0.07125980656115752,0.22704014415180146,False,False,False,1.2874572458457058e-06,COMPLETE
1088,0.39014496803283694,2025-04-22 05:09:53.277444,2025-04-22 05:10:07.333576,0 days 00:00:14.056132,0.983710060283699,0.915342358207374,2,0.2767334660748294,0.12393593260788456,0.03966172460093915,0.024032692914059597,0.029943859233013605,0.006582901384776862,0.0022844238969103423,12,35,0.07461316344739377,0.2155581673241203,False,False,False,8.587189503233825e-08,COMPLETE
1089,0.46899286508560184,2025-04-22 05:10:07.682072,2025-04-22 05:10:22.667043,0 days 00:00:14.984971,0.9060209866772003,0.6701508171490558,2,0.2648821844398169,0.09923471936987599,0.08667024156179624,0.03786868705268834,0.06137833728646543,0.012241574362659342,0.0010988471676303324,13,144,0.07381441597059502,0.23806552711456005,False,False,False,2.7229568456375867e-08,COMPLETE
1090,0.3863793253898621,2025-04-22 05:10:23.012569,2025-04-22 05:10:38.467101,0 days 00:00:15.454532,0.9043833553194688,0.6730861430183319,2,0.25901819930884096,0.09539892448947268,0.09158501742736608,0.04462446251770163,0.06003207109545297,0.0043414734539479975,0.0016761948142764646,14,140,0.06719627471136644,0.23508055564914498,False,False,False,2.4875542702883928e-08,COMPLETE
1091,0.385926628112793,2025-04-22 05:10:38.816037,2025-04-22 05:10:54.361147,0 days 00:00:15.545110,0.8652693132229349,0.6655725584959278,2,0.29971613162907107,0.08994570315300868,0.08738773954500896,0.04097951666426923,0.06322456277598407,0.010642706156980184,0.003397605174047995,14,136,0.06509681832381797,0.2258216166666977,False,False,False,2.6488272866049968e-08,COMPLETE
1092,0.3906831622123718,2025-04-22 05:10:54.710111,2025-04-22 05:11:09.626937,0 days 00:00:14.916826,0.8419526403843912,0.6470820579467558,2,0.25216299200112685,0.07892189386019607,0.09072022350010653,0.03453714031191608,0.056611493353232664,0.027838674403516003,0.023985657169525977,13,142,0.0696197817555756,0.2334338196152591,False,False,False,3.282908998398092e-08,COMPLETE
1093,0.439548146724701,2025-04-22 05:11:09.981532,2025-04-22 05:11:24.874882,0 days 00:00:14.893350,0.8883752168393071,0.684685999277059,2,0.26513913600837985,0.09758889646652788,0.08804402767628361,0.03714330138128829,0.06463717222908248,0.023133768593051413,0.001211082209232939,13,139,0.07252847680070157,0.22167942164332885,False,False,False,1.795922870037086e-08,COMPLETE
1094,0.44018700122833254,2025-04-22 05:11:25.229058,2025-04-22 05:11:40.108306,0 days 00:00:14.879248,0.8642585183710413,0.658650975553511,2,0.28862019342874434,0.08575039330666588,0.08648560329862322,0.03399812849108596,0.06704911080880252,0.01721480262257447,0.0019643662540975116,13,143,0.08033289959170478,0.1965462431496447,False,False,False,1.4106008653505275e-08,COMPLETE
1095,0.3917226672172547,2025-04-22 05:11:40.463684,2025-04-22 05:11:47.944200,0 days 00:00:07.480516,0.8806223673639991,0.6316089446808258,16,0.29376886383168704,0.09192414663519012,0.030877696209491882,0.04245304791025867,0.06096243922463126,0.020362950004265475,0.0015235824338371041,13,137,0.0729031518361463,0.2078872760332771,False,False,False,1.982762563597154e-08,COMPLETE
1096,0.4434128403663635,2025-04-22 05:11:48.298799,2025-04-22 05:12:03.788395,0 days 00:00:15.489596,0.9068041407410068,0.7108347648759642,2,0.2462694174909012,0.10159984564459573,0.09085210841970708,0.036518262228176834,0.062444128694040785,0.012164151307451555,0.0013379615949028166,14,134,0.07693869813621788,0.2294884354497683,False,False,False,2.87252457763417e-08,COMPLETE
1097,0.38637452125549315,2025-04-22 05:12:04.124983,2025-04-22 05:12:19.008816,0 days 00:00:14.883833,0.021500062173113843,0.6799426512806614,2,0.2820180607556716,0.0999393117590168,0.09486837629908275,0.03253503449029076,0.05782245981005478,0.01424978769631484,0.002592391627405268,13,141,0.06976486287364289,0.23852361851462256,False,False,False,2.1976052249115114e-08,COMPLETE
1098,0.41853835582733157,2025-04-22 05:12:19.361058,2025-04-22 05:12:39.932706,0 days 00:00:20.571648,0.9087301877289977,0.6951328763890902,2,0.2584484691409689,0.10464264876215579,0.08929851376051565,0.03885584191576241,0.05242388309058765,0.00782871962848151,0.0010423887477254668,20,145,0.07425047659833135,0.21592084051308683,True,False,False,2.8723367910794527e-08,COMPLETE
1099,0.4139543533325195,2025-04-22 05:12:40.284645,2025-04-22 05:12:55.761997,0 days 00:00:15.477352,0.8828182057459236,0.6157535676653437,2,0.27183065126876305,0.0946911605416911,0.09208936350203034,0.034734120013135056,0.05929465089451365,0.021890474174505896,0.0016726255062565671,14,140,0.07170861913969485,0.17557447185599187,False,False,False,1.833634432818895e-08,COMPLETE
1100,0.44966307878494266,2025-04-22 05:12:56.114418,2025-04-22 05:13:12.998595,0 days 00:00:16.884177,0.90161982253242,0.6595258001533368,2,0.2628147584972973,0.10546982845436358,0.09404442690171466,0.030914395045649728,0.05506088705191219,0.01847530078932124,0.002129500932557471,16,144,0.07881696347066279,0.2526810215279678,False,False,False,2.5062515551341556e-08,COMPLETE
1101,0.4390952467918396,2025-04-22 05:13:13.352277,2025-04-22 05:13:28.418949,0 days 00:00:15.066672,0.9274420913468763,0.6435385571944257,2,0.28684136824092704,0.10000885058705576,0.08706577140528315,0.029857644030726143,0.08784626756082338,0.056026338857477126,0.0012262080960599366,13,138,0.08155757414714447,0.24439989983310065,False,False,False,3.5333031678791825e-08,COMPLETE
1102,0.38935093879699706,2025-04-22 05:13:28.774288,2025-04-22 05:13:42.594927,0 days 00:00:13.820639,0.917020768367027,0.7221550636796997,2,0.252587125676418,0.08943639616578195,0.0852304715792999,0.02831789521187457,0.06558984223733799,0.01626230073123375,0.0018166822492641456,12,27,0.07625722841176594,0.2351974177901448,False,False,False,4.053103632302645e-08,COMPLETE
1103,0.3715745210647583,2025-04-22 05:13:42.949358,2025-04-22 05:13:57.940903,0 days 00:00:14.991545,0.8905837686250047,0.6769994481619844,2,0.2788742442344295,0.07047951893314891,0.08080393953941875,0.037427403558040695,0.06259494713003905,0.009781959432344653,0.0013819019082395776,13,142,0.07564533379663084,0.22260101451212597,False,False,False,2.238331706764849e-08,COMPLETE
1104,0.33537580370903014,2025-04-22 05:13:58.301502,2025-04-22 05:14:11.022562,0 days 00:00:12.721060,0.5554668110609474,0.7473750905287904,2,0.29198758631489885,0.10374644910817889,0.09381551795362279,0.048258078093053776,0.060506621574022534,0.02484913182521504,0.0009169050748100786,12,131,0.07334355728353847,0.2294308341872182,False,True,False,4.76474832340025e-08,COMPLETE
1105,0.30205963850021367,2025-04-22 05:14:11.381125,2025-04-22 05:14:25.358060,0 days 00:00:13.976935,0.9209160451019122,0.7039847965682919,2,0.29999774496783166,0.09702678051845916,0.08320405208587342,0.032375661997152125,0.06244286985445969,0.012968988935184136,0.0022160460036298756,14,144,0.07067976410713572,0.21336239049026992,False,False,True,2.8323025535791293e-08,COMPLETE
1106,0.38729902505874636,2025-04-22 05:14:25.718526,2025-04-22 05:14:33.980713,0 days 00:00:08.262187,0.9374088094421266,0.6632859511278776,8,0.2728550021859327,0.10933992081827476,0.09719295622987087,0.03577556549161855,0.06172283189549368,0.04668327947761147,0.0015967425590155504,13,103,0.0787358128009826,0.2422743353566463,False,False,False,1.520611543527206e-08,COMPLETE
1107,0.46064586639404304,2025-04-22 05:14:34.337112,2025-04-22 05:14:48.624465,0 days 00:00:14.287353,0.8659451535195334,0.6302106831543672,2,0.23481493465283293,0.10552473329923515,0.08861553040814818,0.028857272884659335,0.05925836036745737,0.020205603571084637,0.001102352240790815,12,135,0.0748536245108809,0.25716764876732395,False,False,False,3.925727550323118e-08,COMPLETE
1108,0.3776706695556641,2025-04-22 05:14:48.985306,2025-04-22 05:15:14.043062,0 days 00:00:25.057756,0.87378642433195,0.6097267399392174,2,0.23981018710374943,0.09499766309600638,0.09198601257144316,0.03099386755284482,0.05398722096988728,0.021109306412980013,0.0010045801379661267,29,127,0.08337121240125432,0.2639345187463771,False,False,False,3.4677700585433953e-08,COMPLETE
1109,0.3772288680076599,2025-04-22 05:15:14.405196,2025-04-22 05:15:28.729218,0 days 00:00:14.324022,0.8389986852404177,0.6057752219769524,2,0.23391908246897702,0.08332942564208251,0.08939185149718025,0.029492273217513555,0.05841496976120957,0.022991730981665615,0.0008489194228462224,12,132,0.07739408631132336,0.26725730844560724,False,False,False,3.4435931492173675e-08,COMPLETE
1110,0.3726236820220948,2025-04-22 05:15:29.068442,2025-04-22 05:15:43.380778,0 days 00:00:14.312336,0.8556940082972079,0.584767938120205,2,0.22865986283998374,0.099949813084234,0.09026329007985068,0.03283327330407616,0.0671599343202252,0.019934062929000233,0.0010177406647126183,12,129,0.08003070745643431,0.2615582671242639,False,False,False,4.3663645824761595e-08,COMPLETE
1111,0.37709546089172363,2025-04-22 05:15:43.739495,2025-04-22 05:15:58.677408,0 days 00:00:14.937913,0.823554022421616,0.5982817679232953,2,0.23668894902463802,0.09231977851882471,0.08854208778956285,0.029029863967291465,0.06196946714718268,0.018752646234153705,0.0011808073622854014,13,133,0.0757100387783292,0.2586783905274398,False,False,False,3.073930974690411e-08,COMPLETE
1112,0.37316859960556037,2025-04-22 05:15:59.033183,2025-04-22 05:16:13.380194,0 days 00:00:14.347011,0.871071839153538,0.6319802444380508,2,0.22924865660379148,0.10268364300334419,0.08812289900545933,0.031958478577438304,0.05958012170988126,0.021459319825342285,0.0008601370393067382,12,134,0.07776873872435566,0.25960538478139333,False,False,False,4.1883385848242675e-08,COMPLETE
1113,0.3700971841812134,2025-04-22 05:16:13.737421,2025-04-22 05:16:28.069135,0 days 00:00:14.331714,0.8938911581002347,0.6166555423221098,2,0.2370724394928295,0.10679371496409727,0.08625923312052178,0.029995942443853008,0.06006587622649636,0.023985071471466127,0.0007393331446726275,12,134,0.07461870810846143,0.27198250183936007,False,False,False,2.920520031549567e-08,COMPLETE
1114,0.39762949943542486,2025-04-22 05:16:28.427769,2025-04-22 05:16:43.505865,0 days 00:00:15.078096,0.8787137883359396,0.6300179248615422,2,0.23970957756290068,0.10106959514155767,0.0855794203347557,0.02748825963848611,0.06481774476246532,0.019288579321510266,0.0011757216067795832,13,136,0.09344656042769538,0.28311224380194394,False,False,False,4.400172331593923e-08,COMPLETE
1115,0.3943237781524659,2025-04-22 05:16:43.862306,2025-04-22 05:17:00.166886,0 days 00:00:16.304580,0.7134531284974008,0.6397293999245531,2,0.24618294194980672,0.09700709406963132,0.0922518985729707,0.028327998683666058,0.05678578361613834,0.02127000986769299,0.0028696302169544095,15,130,0.08047807377079631,0.25391555745368843,False,False,False,3.609526795367078e-08,COMPLETE
1116,0.38466719388961795,2025-04-22 05:17:00.522026,2025-04-22 05:17:14.816046,0 days 00:00:14.294020,0.8846293291306621,0.6283419463539487,2,0.2333927167387869,0.09127651162026419,0.08965665280223678,0.03041249600942936,0.06328100388846741,0.017870118678467856,0.0011016085687839254,12,135,0.07686353858530273,0.2564217943481485,False,False,False,2.2457203961011672e-08,COMPLETE
1117,0.3726521968841553,2025-04-22 05:17:15.171215,2025-04-22 05:17:23.314680,0 days 00:00:08.143465,0.8376530014498916,0.5929840402088321,16,0.22822730510367917,0.08632638835216704,0.09271571191318134,0.02623088479963674,0.061329433545093626,0.02662132726129275,0.000801515382780764,12,137,0.07328516949676621,0.24841466758622038,True,False,False,4.739757472592324e-08,COMPLETE
1118,0.4571337103843689,2025-04-22 05:17:23.673192,2025-04-22 05:17:37.433979,0 days 00:00:13.760787,0.8673738670794705,0.6553013826399524,2,0.24302272173192874,0.10739489571418415,0.08715511941906945,0.027712326174799722,0.06392284970407609,0.020160992916516327,0.0014896629565877137,11,132,0.08221932536537924,0.25415560390668884,False,False,False,2.4794314094247974e-08,COMPLETE
1119,0.3836126446723938,2025-04-22 05:17:37.794238,2025-04-22 05:17:52.810259,0 days 00:00:15.016021,0.855286148885325,0.6174844382405447,2,0.24729777696846245,0.10472358297300836,0.08371165825863579,0.03111683291904309,0.057384698030554855,0.022939846718912804,0.001865020798808889,13,135,0.08536148871513563,0.26871935175558276,False,False,False,5.320495568556495e-08,COMPLETE
1120,0.41694426536560064,2025-04-22 05:17:53.171622,2025-04-22 05:18:06.761958,0 days 00:00:13.590336,0.8495157407741655,0.6433726441954739,2,0.22612581988000358,0.10895790829366217,0.08965335122099767,0.026474923961789777,0.0606127457181375,0.018339977201905014,0.004035689338766574,11,138,0.07521691171835006,0.2507121442264152,False,False,False,3.735133371665652e-08,COMPLETE
1121,0.3750913977622986,2025-04-22 05:18:07.122981,2025-04-22 05:18:21.446176,0 days 00:00:14.323195,0.8676932407509371,0.5560234750179798,2,0.22309277828997587,0.09599875864604401,0.08553643518520836,0.029029815686207983,0.060837652677275304,0.016856717224024174,0.001316995057724255,12,138,0.06829231131098923,0.26420533696856235,False,False,False,3.233331356002181e-08,COMPLETE
1122,0.3881110787391663,2025-04-22 05:18:21.805642,2025-04-22 05:18:36.720663,0 days 00:00:14.915021,0.8345493730714029,0.6485867757179297,2,0.22953617177185903,0.10919363705851622,0.09347190680818245,0.05071667876229688,0.06240719351994259,0.024624390856477687,0.000983091291907249,13,129,0.07156991530302058,0.2482344503508723,False,False,False,1.8921932508566933e-08,COMPLETE
1123,0.41357280015945436,2025-04-22 05:18:37.081266,2025-04-22 05:18:52.579268,0 days 00:00:15.498002,0.9138803477108455,0.6740824278889183,2,0.23456325684139617,0.10279062559480005,0.08222262000267111,0.033649507494713286,0.058977621290144534,0.021548703446612735,0.0024662246620825137,14,140,0.07907873016897268,0.2559009273418267,False,False,False,5.362530881958564e-08,COMPLETE
1124,0.39219620227813723,2025-04-22 05:18:52.947516,2025-04-22 05:19:06.653163,0 days 00:00:13.705647,0.8947549653604754,0.6232581059717489,2,0.24975317867602992,0.11120730611432002,0.08940033435584419,0.026397006949562915,0.05714916844267531,0.020361546397000448,0.0016924274537062863,11,137,0.07738819542101573,0.26057387132715293,False,False,False,3.889685454585593e-08,COMPLETE
1125,0.3332142889499664,2025-04-22 05:19:07.015597,2025-04-22 05:19:19.732438,0 days 00:00:12.716841,0.7830349337313136,0.6488370831935601,2,0.2218981239079391,0.07885534505718633,0.08751902093409128,0.02880044903813395,0.06534778869821087,0.016249717022596786,0.002132398954932459,12,132,0.06166387837424176,0.2516205896969945,False,True,False,4.9675322294665573e-08,COMPLETE
1126,0.29985347390174866,2025-04-22 05:19:20.079310,2025-04-22 05:19:32.276704,0 days 00:00:12.197394,0.854646015676093,0.6622111925053578,2,0.21710312000941084,0.09839591261159938,0.07645156184562348,0.03562831610411416,0.0633665114250381,0.028388607893582107,0.0012205618873353894,11,140,0.07428609749377248,0.24634076191837803,False,False,True,2.530280484304545e-08,COMPLETE
1127,0.3780812621116638,2025-04-22 05:19:32.634822,2025-04-22 05:19:46.858011,0 days 00:00:14.223189,0.8908360454237533,0.6404979352166671,2,0.24424828652380945,0.10622671759048416,0.09222926375335128,0.03153205385484866,0.06340292660562002,0.018320641281971216,0.0014475046286566416,12,134,0.07120066355073544,0.2427512907593687,False,False,False,6.066883060895887e-08,COMPLETE
1128,0.3864374876022339,2025-04-22 05:19:47.220715,2025-04-22 05:19:55.485124,0 days 00:00:08.264409,0.9133187009220164,0.5999212586581657,8,0.23324511158038985,0.11284234944524756,0.09116332766815341,0.02639696374659721,0.06479634425185708,0.022169868382629524,0.003239924961491881,12,141,0.07540406709964532,0.26821661578824696,False,False,False,1.617275422930358e-08,COMPLETE
1129,0.44261037111282353,2025-04-22 05:19:55.844476,2025-04-22 05:20:09.593380,0 days 00:00:13.748904,0.9005755003785259,0.6730069185665061,2,0.25844130333511445,0.10010557409211997,0.07984488093983852,0.02819689787735634,0.0596075476297605,0.015576203362314085,0.0018252662211599936,11,136,0.07967826851057959,0.2568826811188718,False,False,False,0.0005502675382427147,COMPLETE
1130,0.43437335491180423,2025-04-22 05:20:09.953473,2025-04-22 05:20:24.903389,0 days 00:00:14.949916,0.8656179746662003,0.625917038936354,2,0.2435225562147376,0.09147272249877356,0.08924615038729204,0.03857485656490518,0.06309491631014888,0.025847156171700327,0.0010439116250216484,13,144,0.07245752521058142,0.1562366128107189,False,False,False,2.937941758774786e-08,COMPLETE
1131,0.4343482613563538,2025-04-22 05:20:25.265289,2025-04-22 05:20:43.347188,0 days 00:00:18.081899,0.920212288684168,0.6879231407715646,2,0.2537900364283187,0.11225125657723126,0.08587018081855802,0.0253538821638338,0.061114930985341806,0.02347958755152524,0.001536153826487377,18,147,0.07760828106707451,0.23896724834456393,False,False,False,6.213485375214097e-08,COMPLETE
1132,0.3779067754745483,2025-04-22 05:20:43.710789,2025-04-22 05:20:57.389902,0 days 00:00:13.679113,0.9297032229368782,0.6600103987834055,2,0.25106046677834015,0.10546858425947937,0.09459831948214097,0.029414211523251764,0.06727522188596138,0.019529520959141268,0.00211360272967243,11,140,0.012868851091060049,0.2747117534901489,False,False,False,3.937732165919829e-08,COMPLETE
1133,0.4176873564720154,2025-04-22 05:20:57.750298,2025-04-22 05:21:13.385890,0 days 00:00:15.635592,0.900007110094167,0.5843513536293543,2,0.26180024595388907,0.08648525197712414,0.09566693473828272,0.027580231578940094,0.05841914529705402,0.01730190905523074,0.001277749919611279,14,150,0.0738886381136235,0.245420575268329,False,False,False,5.244386623202616e-08,COMPLETE
1134,0.3937906861305237,2025-04-22 05:21:13.750924,2025-04-22 05:21:28.406853,0 days 00:00:14.655929,0.9399895713866141,0.6505370302301027,2,0.23994425572716646,0.11397825915894293,0.08737139642270855,0.025158327432678724,0.027329086137420334,0.014828458308399198,0.0025714920561726957,13,74,0.06894272268899136,0.24968879592367405,False,False,False,7.028239342650257e-08,COMPLETE
1135,0.44919049739837646,2025-04-22 05:21:28.771002,2025-04-22 05:21:42.397413,0 days 00:00:13.626411,0.9255765131773448,0.6746136232186493,2,0.29502464092818276,0.1064102963292509,0.03773747073851161,0.030945436864518533,0.025066415225207896,0.020522019935919473,0.0008418705758384938,11,143,0.07615838141089665,0.2390947467809906,False,False,False,4.418518278134982e-08,COMPLETE
1136,0.38786418437957765,2025-04-22 05:21:42.763133,2025-04-22 05:21:57.790485,0 days 00:00:15.027352,0.796574045676097,0.6342323500359763,2,0.26474260989484855,0.09939585840992714,0.03255836018304558,0.033335274490799954,0.03791784135652104,0.030255774483886076,0.001708445729238463,12,139,0.082064523594065,0.18293610702698865,True,False,False,6.588045935778303e-08,COMPLETE
1137,0.4544486999511719,2025-04-22 05:21:58.154439,2025-04-22 05:22:12.438237,0 days 00:00:14.283798,0.8745143627878906,0.6853433091493636,2,0.25772014640332486,0.11366921675810003,0.09085490224871268,0.02524473061885199,0.033167649012470886,0.023829862177005164,0.0011510679401834935,12,146,0.07340504187895856,0.26164099048190387,False,False,False,2.0949513853290876e-08,COMPLETE
