number,value,datetime_start,datetime_complete,duration,params_alpha-eval,params_alpha-train,params_batch-size,params_eps-eval,params_eps-train,params_lambda-actions-eval,params_lambda-actions-train,params_lambda-frames-eval,params_lambda-frames-train,params_learning-rate,params_n-epochs,params_n-frames,params_radius-gw,params_rho,params_std-feats,params_ub-actions,params_ub-frames,params_weight-decay,state
1344,0.4231498003005982,2025-04-01 17:59:54.053085,2025-04-01 18:00:04.321432,0 days 00:00:10.268347,0.9118097521167978,0.6675163429085933,8,0.29458345920251455,0.07040305137016062,0.08689801664617373,0.02400904338081109,0.051931657957220594,0.01240672635528947,0.00034597565001063814,26,127,0.0899758516992972,0.037675888326948945,False,False,False,1.707691010016794e-06,COMPLETE
1345,0.4029138207435608,2025-04-01 18:00:04.759778,2025-04-01 18:00:15.767045,0 days 00:00:11.007267,0.8886326729896751,0.5933742797190822,8,0.029287005193745372,0.09022616323502655,0.054016384188005834,0.009857864558882627,0.04734109890707927,0.020926961088605707,0.00045081721073764365,30,131,0.03928645524440956,0.05287225474126685,False,False,False,1.2360642470092165e-06,COMPLETE
1346,0.42970148324966434,2025-04-01 18:00:16.203346,2025-04-01 18:00:26.653349,0 days 00:00:10.450003,0.8591721979502641,0.8453852794833998,8,0.2711713349297383,0.058307379787155444,0.07280178826904009,0.01847229363782252,0.06361905063514457,0.009850441082650176,0.0006413290983146601,27,120,0.08375199848800179,0.024703335756958218,False,False,False,2.834951707574135e-06,COMPLETE
1347,0.3764638304710388,2025-04-01 18:00:27.115914,2025-04-01 18:00:37.908982,0 days 00:00:10.793068,0.9273522085747776,0.700611414958668,8,0.285471790095069,0.08371088041757321,0.06295301070252945,0.015760785955653816,0.05403596848880924,0.0166020184801954,0.0008214001856687215,29,115,0.09191711217357608,0.22841232389069765,False,False,False,2.1669046906325775e-08,COMPLETE
1348,0.39363946914672854,2025-04-01 18:00:38.350348,2025-04-01 18:00:48.915106,0 days 00:00:10.564758,0.9988268145648856,0.7619991565578897,8,0.2566544693351536,0.06666203621675366,0.08968699643186759,0.02204322331411944,0.07074953633239943,0.050406519318735424,0.000106267133351418,28,123,0.08802612558233565,0.045758856693222556,False,False,False,2.2101111067893505e-06,COMPLETE
1349,0.291747397184372,2025-04-01 18:00:49.357600,2025-04-01 18:00:59.279071,0 days 00:00:09.921471,0.9591094660568193,0.9086549764654148,8,0.2896139405286848,0.07511176856972848,0.041943548486469216,0.013051963209319159,0.06535903632243503,0.014438121334289858,0.001451834399483675,30,110,0.08633469078805345,0.03222615835280705,False,False,True,9.583771617006509e-07,COMPLETE
1350,0.4283931612968445,2025-04-01 18:00:59.719138,2025-04-01 18:01:10.502267,0 days 00:00:10.783129,0.8939600424900294,0.7322765913139202,8,0.26550377137459613,0.09733824327507129,0.08450625966178082,0.0070928698142893945,0.05619895376531581,0.007611651997819444,0.0005441807595591835,29,125,0.08130205324500167,0.014232675340085373,False,False,False,1.4630865172948796e-06,COMPLETE
1351,0.39671993255615234,2025-04-01 18:01:10.944815,2025-04-01 18:01:21.522047,0 days 00:00:10.577232,0.8725534754810395,0.9333361507194862,8,0.27928875669529746,0.26903106789215636,0.07454896361215732,0.036967644112721444,0.050226941774430905,0.025718008343212608,0.0010726301070492598,28,118,0.09395913028730823,0.0011172691485575982,False,False,False,6.251826129236095e-08,COMPLETE
1352,0.43173372745513916,2025-04-01 18:01:21.958899,2025-04-01 18:01:32.874042,0 days 00:00:10.915143,0.836796938126079,0.608860538685676,8,0.27300237116820936,0.05213379023108948,0.032605455001279676,0.03236394200809863,0.060966120487618264,0.023353401333868547,0.0007404092770637704,30,121,0.0852016657593794,0.020058595257823365,False,False,False,1.5838332240876605e-08,COMPLETE
1353,0.4184006333351135,2025-04-01 18:01:33.311818,2025-04-01 18:01:44.145099,0 days 00:00:10.833281,0.7886341126758475,0.5735699416091412,8,0.29547724566848044,0.15939461577780675,0.06658432178982852,0.02662412860127059,0.05940158820236384,0.01900966448437444,0.0009342288551577967,29,128,0.08964293607391324,0.030321658492765628,False,False,False,1.8706562930126541e-06,COMPLETE
1354,0.40988818407058714,2025-04-01 18:01:44.604661,2025-04-01 18:01:54.797302,0 days 00:00:10.192641,0.9766642655956117,0.6862576516467953,8,0.2834166686966248,0.08052600430725572,0.05397666458174603,0.010338619398203982,0.036962235763779216,0.031168316944264404,0.0012665085604076415,26,113,0.08276302980439784,0.0388942014643439,False,False,False,2.1469545832205148e-07,COMPLETE
1355,0.3824002146720886,2025-04-01 18:01:55.244550,2025-04-01 18:02:16.920355,0 days 00:00:21.675805,0.9427592842226115,0.8263054860304118,2,0.29001856520139535,0.06788620362044445,0.07020091803896616,0.017012173782804278,0.052847019776112086,0.0038040442261602714,0.0015907129384587454,23,125,0.08782370517287466,0.024596191340468244,True,False,False,1.1226327694800439e-06,COMPLETE
1356,0.40572032928466795,2025-04-01 18:02:17.363529,2025-04-01 18:02:27.789664,0 days 00:00:10.426135,0.909726077366386,0.882646075391749,8,0.27727027580915714,0.05719566031197033,0.06513956953420959,0.02884167275081352,0.06286571591803777,0.01710278148380646,0.010714831175144523,27,116,0.09181954749560424,0.009917088751757872,False,False,False,1.5149210566434982e-06,COMPLETE
1357,0.40525660514831546,2025-04-01 18:02:28.234015,2025-04-01 18:02:39.104918,0 days 00:00:10.870903,0.8828947878710807,0.6468610440121999,8,0.26361227787122027,0.09154922001798815,0.07644520917206728,0.019502238633956358,0.06787112374861227,0.01204258663689012,0.0008615951427009716,29,134,0.09700811522871548,0.01820017377622114,False,False,False,3.2675825440832545e-06,COMPLETE
1358,0.3553063392639161,2025-04-01 18:02:39.549079,2025-04-01 18:02:49.185125,0 days 00:00:09.636046,0.9235336423938585,0.7162383851455428,8,0.2954147929789849,0.07382489613397784,0.060013522648302356,0.024770594007362305,0.05712932887195521,0.028794726743520453,0.0006148104293800243,28,121,0.08536864684911388,0.03195161109434398,False,True,False,8.210987413173885e-07,COMPLETE
1359,0.4254941940307617,2025-04-01 18:02:49.625948,2025-04-01 18:03:00.647029,0 days 00:00:11.021081,0.8576918877517481,0.7569580381577334,8,0.2537350937327864,0.06416991187286046,0.07192618731080133,0.005202757179064627,0.0541680786170422,0.0010017420979227718,0.0010956283767659,30,131,0.09055520607078828,0.026242477196714506,False,False,False,2.167135937899875e-06,COMPLETE
1360,0.4378181338310242,2025-04-01 18:03:01.109909,2025-04-01 18:03:11.660799,0 days 00:00:10.550890,0.9794439336552622,0.9015822457428946,8,0.28320732822488387,0.08467735525680255,0.08778686738686989,0.021690286976933884,0.048286094532062014,0.021952711671264474,0.0007794288425747342,28,119,0.08871602871975011,0.11482038711080748,False,False,False,1.3058823942003207e-06,COMPLETE
1361,0.39422817230224616,2025-04-01 18:03:12.111405,2025-04-01 18:03:22.490088,0 days 00:00:10.378683,0.9012773218567343,0.9651317913151681,8,0.2998061665245306,0.07694079879370502,0.061818393585583185,0.01551317490518423,0.05867470154757118,0.005671543116370602,0.0013159611072300881,27,124,0.08347748700915718,0.16038416735378241,False,False,False,1.0787887099208088e-06,COMPLETE
1362,0.4059971809387207,2025-04-01 18:03:22.937302,2025-04-01 18:03:33.369102,0 days 00:00:10.431800,0.8284528240161609,0.6642291921817443,8,0.2694183697881293,0.06961303931901315,0.08276387823062642,0.030676845158688883,0.06540769671397202,0.01500849160684779,0.0009298369127618054,29,56,0.03091884794822193,0.04375974703217003,False,False,False,1.7318255379226303e-06,COMPLETE
1363,0.43216378688812257,2025-04-01 18:03:33.817709,2025-04-01 18:03:44.752245,0 days 00:00:10.934536,0.9514574918525258,0.7701291176732517,8,0.28915204278256085,0.06084327253973677,0.06891961580007767,0.01843696724112762,0.055593069844881486,0.019821727268208612,0.0006745108813211152,30,127,0.0803729391915867,0.03696931502434122,False,False,False,5.017031069464587e-08,COMPLETE
1364,0.42657244205474854,2025-04-01 18:03:45.197849,2025-04-01 18:03:55.806128,0 days 00:00:10.608279,0.8045503818323385,0.6268573399315831,8,0.24672876255637227,0.050207074260525134,0.05306135539062309,0.04310452867367601,0.061606570534042795,0.03718920420684102,0.00048291027859087516,28,116,0.08674586986391515,0.005659309785111184,False,False,False,1.2036633939768363e-07,COMPLETE
1365,0.4167335987091064,2025-04-01 18:03:56.262481,2025-04-01 18:04:07.052972,0 days 00:00:10.790491,0.8772841406004912,0.7376968529257609,8,0.26019218168016806,0.0822213175192283,0.06396174199697528,0.01271026819895761,0.07364157677674404,0.009596783808011999,0.0010599394799032955,29,123,0.09294293456659161,0.012909536705223462,False,False,False,2.4103928831038098e-06,COMPLETE
1366,0.37959309816360476,2025-04-01 18:04:07.500678,2025-04-01 18:04:16.496867,0 days 00:00:08.996189,0.9327231197912114,0.6850332277857631,16,0.2738271262275657,0.08935485884525234,0.07765642876197076,0.027228331670009622,0.051579246559016,0.026599334872022984,0.0012526496429413592,30,119,0.08978315744073638,0.06632370432695694,False,False,False,8.53626139321563e-07,COMPLETE
1367,0.41909366846084595,2025-04-01 18:04:16.957615,2025-04-01 18:04:27.335875,0 days 00:00:10.378260,0.961484734863959,0.8663827375858947,8,0.28534963852487855,0.07536174321322694,0.038962798832467956,0.033664815413631526,0.05775156994766668,0.01280192759673645,0.0017129719933555124,27,113,0.08526662213547542,0.021105965810383712,False,False,False,1.4424793473654927e-06,COMPLETE
1368,0.41803781986236577,2025-04-01 18:04:27.783782,2025-04-01 18:04:38.531995,0 days 00:00:10.748213,0.9077941123053586,0.5432882438650621,8,0.2919596290777569,0.06591761964281186,0.09060509654952066,0.02335501546769658,0.04053112597509716,0.01712868815892488,0.0008193625168271564,28,128,0.08836444475726749,0.02862867015080337,False,False,False,1.3175235360858281e-08,COMPLETE
1369,0.38420627117156986,2025-04-01 18:04:38.982325,2025-04-01 18:04:49.774442,0 days 00:00:10.792117,0.8494744902767519,0.7120116903645038,8,0.27886701492287036,0.04468811092109102,0.08549801685867509,0.011230115560282871,0.04928271568348353,0.003930505184482469,0.0010076951570074577,29,122,0.06016203870310538,0.03478865063798662,False,False,False,7.759349349259086e-08,COMPLETE
1370,0.4108495473861694,2025-04-01 18:04:50.223924,2025-04-01 18:05:00.769872,0 days 00:00:10.545948,0.86887184997323,0.9225639645514482,8,0.2669716811274734,0.05640124563773809,0.06145020847145699,0.008903190152711203,0.03518362063745756,0.02322804738612491,0.0006767791369490323,28,125,0.09479919197017257,0.09590819053906884,False,False,False,3.511236063810843e-08,COMPLETE
1371,0.3859324097633362,2025-04-01 18:05:01.214611,2025-04-01 18:05:11.443337,0 days 00:00:10.228726,0.9821563872680875,0.05518337737741341,8,0.28892902765374445,0.08042561841059667,0.07423626035604106,0.02500917720323084,0.037977549312824314,0.014526723028295326,0.0014866337904769174,26,117,0.08215332133247204,0.19506980890887304,False,False,False,1.9993381899935917e-06,COMPLETE
1372,0.2901620447635651,2025-04-01 18:05:11.896596,2025-04-01 18:05:23.161841,0 days 00:00:11.265245,0.9994065539683457,0.9465036251088474,8,0.2810201172535146,0.07072836415006882,0.0664131339594867,0.01446800453510305,0.06352707636172458,0.019237582668391894,0.0011348789078745691,30,130,0.09158323715844932,0.0191079784072962,True,False,True,1.109717200410306e-06,COMPLETE
1373,0.43426117897033695,2025-04-01 18:05:23.627853,2025-04-01 18:05:34.372134,0 days 00:00:10.744281,0.8896399161097216,0.736118924757863,8,0.2699486511188447,0.09197964373302697,0.030550845556588692,0.02135076900132194,0.05372087434842749,0.011187979586657792,0.0009123978180908269,29,121,0.0870292937956403,0.02702311143942783,False,False,False,1.6179995117756489e-06,COMPLETE
1374,0.4019475340843201,2025-04-01 18:05:34.833770,2025-04-01 18:05:45.175199,0 days 00:00:10.341429,0.9259041645142938,0.4902029571301331,8,0.26033234634885405,0.0969131531608611,0.03611702811585861,0.01689544410721008,0.060300236436667404,0.007298500767823375,0.0007414353601623697,28,68,0.08393765606082158,0.014755941047072929,False,False,False,2.718949654089909e-06,COMPLETE
1375,0.4391061782836914,2025-04-01 18:05:45.628898,2025-04-01 18:05:56.372350,0 days 00:00:10.743452,0.9490407112111121,0.5954316218875866,8,0.2756018560236557,0.07704459743557965,0.05378113392799207,0.019503076665224925,0.051992491826137584,0.02090792004517312,0.0003930013292911773,29,109,0.09015695252080475,0.05029444725129649,False,False,False,1.3000590355052276e-06,COMPLETE
1376,0.42367483377456666,2025-04-01 18:05:56.824684,2025-04-01 18:06:07.624936,0 days 00:00:10.800252,0.9166534416016107,0.5832435371158149,8,0.2826616648810956,0.06377186709002095,0.05199390397992938,0.01842591007766499,0.04996977067506114,0.021417211591928165,0.0003664292966409653,30,107,0.09317047556438618,0.06222884160678187,False,False,False,8.610399654842155e-07,COMPLETE
1377,0.34157567620277407,2025-04-01 18:06:08.074390,2025-04-01 18:06:17.967546,0 days 00:00:09.893156,0.9467651908280901,0.6067772733229411,8,0.2869260642399959,0.07201680946429542,0.05316891935704199,0.015963076273489314,0.051644475423046045,0.02137529166539085,0.00033556420761081905,30,109,0.09658577819751457,0.05194206552411381,False,True,False,9.8251568056576e-07,COMPLETE
1378,0.4017628908157349,2025-04-01 18:06:18.414093,2025-04-01 18:06:42.981575,0 days 00:00:24.567482,0.9305598389718438,0.5856628597052979,2,0.29484574709230726,0.06177760613752403,0.05213879066142609,0.014255561028946498,0.06724227010148345,0.02361090633346265,0.00027400607838427984,29,102,0.05498712352714483,0.053016126748257925,False,False,False,1.1961689778846214e-06,COMPLETE
1379,0.431468141078949,2025-04-01 18:06:43.454888,2025-04-01 18:06:54.301652,0 days 00:00:10.846764,0.89166693043022,0.5530590851919015,8,0.27646161385777596,0.06841411214723818,0.054232936219879437,0.017460525002701257,0.04673735709411158,0.020255832212704453,0.000342675812019972,30,106,0.09389269797662242,0.059223785416168837,False,False,False,7.601425461873875e-07,COMPLETE
1380,0.423769748210907,2025-04-01 18:06:54.752617,2025-04-01 18:07:05.497075,0 days 00:00:10.744458,0.9038329329093308,0.5659314595450767,8,0.28925177423252973,0.07539932517151925,0.05090496754260784,0.019972710880111565,0.061886502252032495,0.022408844604128925,0.00037141565204056764,29,112,0.09122229485544762,0.04979456611304871,False,False,False,9.341884884361924e-07,COMPLETE
1381,0.42306427955627446,2025-04-01 18:07:05.948186,2025-04-01 18:07:16.606243,0 days 00:00:10.658057,0.9158556587564399,0.6163221190002107,8,0.28052165449530453,0.057233073347413926,0.05409667322898663,0.012582653097865487,0.06571176766700243,0.02481583832609128,0.00024948605546973383,29,112,0.09254582696137048,0.0446466506929203,False,False,False,1.1806839336052055e-06,COMPLETE
1382,0.430670177936554,2025-04-01 18:07:17.060751,2025-04-01 18:07:27.965709,0 days 00:00:10.904958,0.9393960101620384,0.5611955951196711,8,0.2943400011632134,0.06780176142544334,0.051265324083035156,0.0010858501937678457,0.03168664235900233,0.01888693535644653,0.00041085170182502816,30,110,0.09121691803434782,0.048720598595113955,False,False,False,1.3411064939045654e-06,COMPLETE
1383,0.3861918807029724,2025-04-01 18:07:28.414043,2025-04-01 18:07:39.040716,0 days 00:00:10.626673,0.8359725839106171,0.5876540882225164,8,0.2849631714246849,0.07844719187827015,0.053577973717759596,0.016173882746278005,0.055421121078568794,0.0204492827779596,0.0003608034268357494,30,44,0.09460795093300742,0.045570017644534035,False,False,False,7.553177079188175e-07,COMPLETE
1384,0.4246276617050171,2025-04-01 18:07:39.497812,2025-04-01 18:07:50.245388,0 days 00:00:10.747576,0.8655175522163915,0.6009897863599598,8,0.2751585246419034,0.07171406407641169,0.09360554233413008,0.0188561367840247,0.05890799145007794,0.022118815997611774,0.000452624323926995,29,105,0.08953043922023723,0.044483563044347946,False,False,False,2.4408740626608982e-05,COMPLETE
1385,0.4206147789955139,2025-04-01 18:07:50.718594,2025-04-01 18:08:01.434390,0 days 00:00:10.715796,0.8165612857408985,0.575999520220835,8,0.289942887626363,0.062316509549499306,0.05398336103132973,0.014898855552659122,0.04775378958946944,0.018407773499871972,0.00029802926020629797,29,109,0.09030247354865938,0.03975828771828889,False,False,False,9.884642222864148e-07,COMPLETE
1386,0.42947138547897346,2025-04-01 18:08:01.892430,2025-04-01 18:08:12.776114,0 days 00:00:10.883684,0.894709166874042,0.5977313562229176,8,0.2792312080523524,0.04994234280132842,0.05549426038109973,0.008262482056206007,0.052160257453323894,0.025304182154309744,0.00041399349388247407,30,113,0.0924104471737489,0.05039710031798536,False,False,False,1.385870103086913e-06,COMPLETE
1387,0.4253341555595398,2025-04-01 18:08:13.231556,2025-04-01 18:08:22.035599,0 days 00:00:08.804043,0.941114723708032,0.5331082079389562,16,0.29960390445790114,0.07548660797233184,0.05049582563057811,0.011338605762322025,0.06414226533030004,0.018040938590337174,0.00035156094992107924,29,109,0.07925927038499243,0.041262608130812534,False,False,False,2.9080818571802536e-07,COMPLETE
1388,0.3097887814044953,2025-04-01 18:08:22.483476,2025-04-01 18:08:32.242885,0 days 00:00:09.759409,0.9633417404778503,0.6298289490716698,8,0.2999841871630366,0.05637412436744377,0.08357679222760359,0.017249715722533462,0.06967357562767644,0.023681594099618643,0.00031613199265904214,29,112,0.095765545528531,0.042365568189733846,False,False,True,1.0572858561308621e-06,COMPLETE
1389,0.42747544050216674,2025-04-01 18:08:32.695047,2025-04-01 18:08:43.596860,0 days 00:00:10.901813,0.8761361515910387,0.611974157898075,8,0.2856797093664904,0.06561038882128327,0.052239756951760453,0.013591117069431172,0.049843064485083695,0.01748737342221675,0.00027596431577281346,30,110,0.09017806225312508,0.05557389784535614,False,False,False,7.770834412859258e-07,COMPLETE
1390,0.4270862102508545,2025-04-01 18:08:44.070782,2025-04-01 18:08:54.741311,0 days 00:00:10.670529,0.9125754742829661,0.5718645733100841,8,0.2751973098355895,0.0788211443935972,0.08719125516319104,0.01986957091186674,0.04076458882584255,0.020015094089908987,0.0003081053914261773,29,104,0.0894335628877574,0.03890365752676432,False,False,False,1.3521960334085304e-06,COMPLETE
1391,0.3961303472518921,2025-04-01 18:08:55.203377,2025-04-01 18:09:06.142685,0 days 00:00:10.939308,0.8481748359157969,0.6073471817641873,8,0.22459143560119127,0.03227001933361396,0.07055688708057901,0.006291853583679822,0.057426389938782255,0.015885652639008836,0.00040895650299777525,30,114,0.07538207398793212,0.05624345976314237,False,False,False,1.7279109936813975e-07,COMPLETE
1392,0.42862112522125245,2025-04-01 18:09:06.599889,2025-04-01 18:09:17.348223,0 days 00:00:10.748334,0.7740452874985891,0.6422096426941036,8,0.29278494673666355,0.06892892722827779,0.07651757177050672,0.003930474832771411,0.05474708437841885,0.026905944126157738,0.00046856152331945525,29,108,0.08773401874966186,0.0484948066696037,False,False,False,2.398497285417944e-08,COMPLETE
1393,0.3811147451400757,2025-04-01 18:09:17.804886,2025-04-01 18:09:29.719845,0 days 00:00:11.914959,0.8859197635181923,0.611816562738638,8,0.2834972245960006,0.20383002256804425,0.07171338004732734,0.017255312299933878,0.06104439048772207,0.022086212353704827,0.000445645459143941,30,115,0.08072003550093601,0.07407065298119425,True,False,False,1.5888981523535361e-06,COMPLETE
1394,0.3934340000152588,2025-04-01 18:09:30.173505,2025-04-01 18:09:41.071953,0 days 00:00:10.898448,0.9504729081051368,0.6315504741124591,8,0.29157718966647117,0.060059622044838654,0.06829849894675523,0.00981115440050112,0.06298184684302319,0.01933751382999726,0.00024727617282103385,29,133,0.09334315957692443,0.03698250496867575,False,False,False,1.147701297976146e-06,COMPLETE
1395,0.40890915393829347,2025-04-01 18:09:41.526866,2025-04-01 18:09:52.510607,0 days 00:00:10.983741,0.9244436460309517,0.5939367333396228,8,0.27392443579486053,0.08422487699546015,0.08567886631177923,0.020103171000258158,0.03412103399102212,0.015886151514614946,0.0004723589727008062,30,130,0.09105902128581633,0.0444778540581381,False,False,False,1.8615705297318548e-08,COMPLETE
1396,0.33064375519752504,2025-04-01 18:09:52.988069,2025-04-01 18:10:02.442505,0 days 00:00:09.454436,0.8600479275725317,0.6500641867204183,8,0.2806397609199721,0.0737217257923571,0.07352376407478202,0.031164380752115372,0.053376105600683094,0.024923030508171958,0.00029130290429938636,28,98,0.08592609175161466,0.03422866216070748,False,True,False,6.937352166592835e-07,COMPLETE
1397,0.41202712059020996,2025-04-01 18:10:02.905211,2025-04-01 18:10:13.638154,0 days 00:00:10.732943,0.9022146909010005,0.5888456509336443,8,0.2868048524969481,0.051836419696696834,0.03361419739463846,0.015408433622822732,0.03925134589599551,0.020723223108797366,0.0005265253293059461,29,114,0.0994163786585279,0.035987996898135935,False,False,False,9.096652427546694e-07,COMPLETE
1398,0.42202622890472413,2025-04-01 18:10:14.095852,2025-04-01 18:10:24.880655,0 days 00:00:10.784803,0.8731598610057286,0.6268472678698205,8,0.29385480958956095,0.06502268780412707,0.0821076011333219,0.011985465722602097,0.0560904007740644,0.028771316694139844,0.0005659114215872819,29,126,0.08847229811713428,0.040493822650657346,False,False,False,1.5865935013615046e-06,COMPLETE
1399,0.4065967917442322,2025-04-01 18:10:25.339633,2025-04-01 18:10:49.032592,0 days 00:00:23.692959,0.9702634194360321,0.5594631325694616,2,0.2442448328965274,0.07935268276372498,0.05540770801876288,0.029248664964226807,0.06626886169011047,0.02265445797461567,0.0005639731565138358,28,117,0.08264730121559401,0.03194009714179708,False,False,False,1.8581461778472116e-06,COMPLETE
