number,value,datetime_start,datetime_complete,duration,params_alpha-eval,params_alpha-train,params_batch-size,params_eps-eval,params_eps-train,params_lambda-actions-eval,params_lambda-actions-train,params_lambda-frames-eval,params_lambda-frames-train,params_learning-rate,params_n-epochs,params_n-frames,params_radius-gw,params_rho,params_std-feats,params_ub-actions,params_ub-frames,params_weight-decay,state
284,0.37331253290176397,2025-04-22 02:07:22.403348,2025-04-22 02:07:35.431904,0 days 00:00:13.028556,0.9827185717763025,0.5950881289028915,2,0.2827378472422489,0.09048860716805654,0.041812097659656926,0.02194539047691706,0.08335165699947687,0.02639328976021835,0.001120522229650385,10,140,0.07484796577515176,0.25772955513090756,False,False,False,8.624374124875488e-08,COMPLETE
285,0.3901949286460877,2025-04-22 02:07:35.521819,2025-04-22 02:07:50.057485,0 days 00:00:14.535666,0.34391808447971556,0.706116787285695,2,0.29329475718566694,0.09632699560044103,0.04400274685468334,0.019127720873426658,0.09024528813785684,0.02976829674651642,0.0022047805773113627,13,60,0.07269375437748692,0.24884522940319095,False,False,False,3.4734634632039824e-07,COMPLETE
286,0.37869733572006226,2025-04-22 02:07:50.147244,2025-04-22 02:08:05.352175,0 days 00:00:15.204931,0.29121061950014715,0.553852531067066,2,0.2595628547763503,0.06087627012053192,0.0576624161753376,0.02602902303725874,0.08728724964019587,0.021945981153446783,0.0017809315098694927,12,146,0.0784966748539276,0.23694218291128055,True,False,False,1.1833427228741261e-07,COMPLETE
287,0.39084475040435795,2025-04-22 02:08:05.442699,2025-04-22 02:08:12.862540,0 days 00:00:07.419841,0.2422828023679457,0.5229475944460461,16,0.2661984016839294,0.07571339415351623,0.05355521185412912,0.029020730315020768,0.08545070969799162,0.024533250210563975,0.0011986807458128571,13,135,0.0676251738559311,0.2221737473327217,False,False,False,1.98480910707314e-07,COMPLETE
288,0.44167891740798954,2025-04-22 02:08:12.963743,2025-04-22 02:08:26.517412,0 days 00:00:13.553669,0.36502165013018195,0.6629980137519992,2,0.2869733673537168,0.10175646664309596,0.04986580311311851,0.023306266070436944,0.08358696319728764,0.02767275914488608,0.0015009179871789452,11,143,0.07587258643109424,0.2720749813768633,False,False,False,6.596533836290967e-08,COMPLETE
289,0.4231806874275208,2025-04-22 02:08:26.609122,2025-04-22 02:08:40.180995,0 days 00:00:13.571873,0.36599183108331207,0.6726798314476061,2,0.0049347482333670645,0.10969172480027772,0.04663000483574077,0.023295769357245606,0.08444165800270213,0.028707940521488916,0.0015272094388972797,11,139,0.08240575814102453,0.2719694617491546,False,False,False,5.40348558669704e-08,COMPLETE
290,0.38080265522003176,2025-04-22 02:08:40.271800,2025-04-22 02:08:55.890002,0 days 00:00:15.618202,0.43065935059766114,0.6135096144417138,2,0.2865193667743756,0.10370002503798971,0.04895621838352893,0.020763275812756277,0.08782669241722467,0.03370956196123521,0.0019131032741163886,14,143,0.07647574490002,0.27905965848198905,False,False,False,2.1340874795508577e-05,COMPLETE
291,0.3778587460517883,2025-04-22 02:08:55.983008,2025-04-22 02:09:08.944040,0 days 00:00:12.961032,0.3161774719830936,0.6543560874490774,2,0.29704910313559035,0.12075399506587274,0.04453878773228171,0.0240048149856774,0.09172185620137664,0.027419262604352398,0.0024221679483919655,10,137,0.07849069488205154,0.29326116433815697,False,False,False,7.650542749795554e-08,COMPLETE
292,0.3825232028961182,2025-04-22 02:09:09.035625,2025-04-22 02:09:22.710650,0 days 00:00:13.675025,0.34958819202083735,0.6742832966111125,2,0.2901274841907834,0.10757362106599852,0.05186401596782989,0.09006685810785592,0.0822007178231214,0.026006679005377068,0.0016080920389834727,11,141,0.07058056504449715,0.2644593915931016,False,False,False,6.874021996385312e-08,COMPLETE
293,0.29089293479919437,2025-04-22 02:09:22.813183,2025-04-22 02:09:36.362660,0 days 00:00:13.549477,0.3319405728941351,0.7215977248366272,2,0.2770512945493958,0.08666596848772283,0.055979784672394346,0.02549232160308381,0.08636063778229687,0.03912419570848077,0.0013085199060469271,13,144,0.08076267514123005,0.2557529003958949,False,True,True,9.218216058156916e-08,COMPLETE
294,0.3779806613922119,2025-04-22 02:09:36.454466,2025-04-22 02:10:01.993201,0 days 00:00:25.538735,0.38697708885552967,0.6261637549007277,2,0.2842570766469164,0.09530483241514706,0.04701413230822815,0.028077621554067643,0.08915215637167534,0.03125993006462842,0.0020111671799959274,30,133,0.009939916490654704,0.29963113529638297,False,False,False,4.750810807430069e-08,COMPLETE
295,0.3753724455833435,2025-04-22 02:10:02.087231,2025-04-22 02:10:16.523029,0 days 00:00:14.435798,0.35934544880102537,0.741325843576759,2,0.2991356743816666,0.11052806525593319,0.04218476787115216,0.022826653217979467,0.08337145517758497,0.02806412778909515,0.0011016864966611442,12,147,0.07553178243871846,0.27318659496679976,False,False,False,1.1482145169161492e-07,COMPLETE
296,0.4357764065265656,2025-04-22 02:10:16.615642,2025-04-22 02:10:32.064687,0 days 00:00:15.449045,0.394741164437872,0.6923988482213261,2,0.2903485487026491,0.11702373524469124,0.04926477499026624,0.03077851628965996,0.08530542477859547,0.02403045163150652,0.0015341121827925977,14,140,0.07317341671940507,0.24109651075200125,False,False,False,1.5530668375701321e-07,COMPLETE
297,0.413156008720398,2025-04-22 02:10:32.156856,2025-04-22 02:10:45.843360,0 days 00:00:13.686504,0.9979381978913268,0.6549026558259212,2,0.2699909530934247,0.10246218323636844,0.04565206645429849,0.026197208527795498,0.0904549064880874,0.02544621971799771,0.0031693735227065834,11,137,0.07738548377977594,0.2497010084173183,False,False,False,6.48482169454094e-08,COMPLETE
298,0.3826097846031189,2025-04-22 02:10:45.948216,2025-04-22 02:11:00.223818,0 days 00:00:14.275602,0.33290298327863627,0.6360017920834989,2,0.28167806835031495,0.08061751767774301,0.043440843452548256,0.019379748274682543,0.09466645035036497,0.028926633421035918,0.0023998786416229646,12,143,0.0717183398067131,0.26013907332126074,False,False,False,5.400769416658597e-08,COMPLETE
299,0.37928698062896726,2025-04-22 02:11:00.317523,2025-04-22 02:11:08.690321,0 days 00:00:08.372798,0.9707199951051414,0.668138028546836,8,0.2757107101483819,0.12631942692635598,0.05071803753504528,0.017066050567112703,0.08749309029427163,0.059705875532787826,0.0017899847942321986,13,148,0.07569191917151122,0.23144946008074171,False,False,False,8.696077337344066e-08,COMPLETE
300,0.4218607246875763,2025-04-22 02:11:08.785323,2025-04-22 02:11:22.493918,0 days 00:00:13.708595,0.3662427966330606,0.7078665726018063,2,0.28766504585853725,0.09155948324135665,0.047039300781253374,0.027839920163126797,0.08161501145354468,0.02336464354933918,0.001291673832725342,11,150,0.07995458959628882,0.24423157914503593,False,False,False,2.392620934252212e-07,COMPLETE
301,0.3744075298309327,2025-04-22 02:11:22.587681,2025-04-22 02:11:37.605204,0 days 00:00:15.017523,0.512803216822493,0.692422069387852,2,0.2923845755093618,0.1077968949362211,0.04831701610979162,0.033783980858854444,0.0837151784180484,0.02653819464690644,0.0014442058670391456,13,140,0.06906320304242808,0.2672321280573865,False,False,False,1.3322567507419068e-07,COMPLETE
302,0.39351755380630493,2025-04-22 02:11:37.699157,2025-04-22 02:11:51.734258,0 days 00:00:14.035101,0.28982216022765,0.7702980187372367,2,0.2809503911311295,0.11414713922009498,0.05365471263210654,0.024788501749521876,0.08857432838526089,0.01822055435549367,0.0011198218079405365,12,84,0.07400923924250122,0.2849567024361537,False,False,False,9.482781758453565e-06,COMPLETE
303,0.3918920159339905,2025-04-22 02:11:51.838685,2025-04-22 02:12:08.052487,0 days 00:00:16.213802,0.3138251908481574,0.6395109170364172,2,0.2567687295383049,0.23389862159246344,0.0408071913778526,0.030471537922537473,0.08584237137627378,0.03054585852661821,0.001727235575907694,15,145,0.0772017155490032,0.25358433939919167,False,False,False,9.780318532036888e-08,COMPLETE
304,0.390168285369873,2025-04-22 02:12:08.147786,2025-04-22 02:12:22.725581,0 days 00:00:14.577795,0.9485045637786843,0.7241754798700013,2,0.26847873650083354,0.10004359411248158,0.04509710953322391,0.02164409840016421,0.061090798187520896,0.02521310289370185,0.004460772059758713,13,50,0.0736171829201993,0.2614394207548906,False,False,False,3.866320148366181e-08,COMPLETE
305,0.38509975671768193,2025-04-22 02:12:22.821270,2025-04-22 02:12:37.892054,0 days 00:00:15.070784,0.9784531235321305,0.6705283964779291,2,0.29457108648840563,0.28354021181390504,0.050378715437855305,0.026380502132718062,0.09255967244612179,0.02190961503340392,0.0021554368922383394,12,142,0.0790239037110606,0.24877711993395524,True,False,False,1.8089211826168483e-07,COMPLETE
306,0.36384980678558354,2025-04-22 02:12:37.990753,2025-04-22 02:12:52.160471,0 days 00:00:14.169718,0.12706542367014323,0.7354359077450239,2,0.2751922415371959,0.08620782897958705,0.052362387833103964,0.023401161906455976,0.08301861043316668,0.02676860954502303,0.0013680024259618746,12,138,0.07137261887281399,0.21547058984594955,False,False,False,6.730605495155199e-08,COMPLETE
307,0.40234166383743286,2025-04-22 02:12:52.267600,2025-04-22 02:13:05.301719,0 days 00:00:13.034119,0.34678518552186033,0.654258278165817,2,0.28572201098694094,0.11997204675981797,0.047089042451065696,0.028889608177417765,0.08671488801892346,0.024049043127168906,0.002813574605688304,10,146,0.0748381069008651,0.27897478917021035,False,False,False,1.2071454098575485e-07,COMPLETE
308,0.4401422262191773,2025-04-22 02:13:05.398366,2025-04-22 02:13:18.943873,0 days 00:00:13.545507,0.9572505920800334,0.7090260557046117,2,0.012927522668726876,0.0952925962320094,0.04330350307970787,0.02542146152898961,0.08144555955951512,0.020270715851380024,0.0016313340013087,11,134,0.08314059089979901,0.23739641340705456,False,False,False,4.6256969737502404e-08,COMPLETE
309,0.4531501054763794,2025-04-22 02:13:19.040322,2025-04-22 02:13:32.664828,0 days 00:00:13.624506,0.9844683106956756,0.7085102511348375,2,0.26358918479068577,0.09256580640739753,0.04262846816647262,0.024900407066309846,0.08195377984428166,0.019463032830596357,0.0016075096844561422,11,133,0.08254573760305126,0.237179631464101,False,False,False,4.577151209644425e-06,COMPLETE
310,0.38748899698257444,2025-04-22 02:13:32.760505,2025-04-22 02:13:39.823778,0 days 00:00:07.063273,0.9832133184018359,0.6791319870692183,16,0.2553361744211313,0.2588531430621719,0.040621010771935924,0.021002221080160064,0.08441813465071585,0.01936678553516743,0.0010859585575917234,10,136,0.08213092432065792,0.2410395813874298,False,False,False,7.532706125760538e-08,COMPLETE
311,0.45533150434494024,2025-04-22 02:13:39.920735,2025-04-22 02:13:53.559106,0 days 00:00:13.638371,0.993080015785596,0.6886643318623339,2,0.2596644422910344,0.07840762715272942,0.041952345846727634,0.027603286074363124,0.0894754357532131,0.014539100249802097,0.001897319124070596,11,132,0.08082748601067384,0.2352868674533782,False,False,False,1.0061082149007502e-07,COMPLETE
312,0.46481561660766607,2025-04-22 02:13:53.665727,2025-04-22 02:14:07.291326,0 days 00:00:13.625599,0.9896757978267887,0.7117352131416819,2,0.2610426189415186,0.07665788705267766,0.04271376203600663,0.02748426559398729,0.08968958830603566,0.016340214814511995,0.0019516101564595037,11,130,0.08443031765875206,0.2316148895217384,False,False,False,1.0147846940266371e-07,COMPLETE
313,0.4247683644294739,2025-04-22 02:14:07.390001,2025-04-22 02:14:20.996360,0 days 00:00:13.606359,0.9900352391541659,0.71065309935187,2,0.26675368683955997,0.0767686015182652,0.042636598092967645,0.027534720249575605,0.09060584302100361,0.01570456420658522,0.002240046126395768,11,131,0.08499838517555867,0.22631800757632511,False,False,False,7.20717588722303e-06,COMPLETE
314,0.33201014399528506,2025-04-22 02:14:21.094843,2025-04-22 02:14:33.286090,0 days 00:00:12.191247,0.9933345083398605,0.7348465433335236,2,0.26010771922346937,0.06445450604683556,0.039165899386044534,0.03185223291992495,0.09338057079348266,0.017334975137721524,0.0019132874981037111,11,131,0.0839469969945626,0.2334802887576238,False,True,False,3.44947033384004e-06,COMPLETE
315,0.29577386379241943,2025-04-22 02:14:33.384468,2025-04-22 02:14:45.128986,0 days 00:00:11.744518,0.9695239772234476,0.6965905971541274,2,0.2636205914640739,0.07964472474357061,0.04140577976549025,0.029460123341074514,0.08985921687782387,0.013529474295861437,0.0025670911086064113,10,128,0.0823176990351183,0.22350395616647137,False,False,True,4.2884595240612335e-06,COMPLETE
316,0.3963284730911255,2025-04-22 02:14:45.237291,2025-04-22 02:14:58.877001,0 days 00:00:13.639710,0.98975063094197,0.6850246123025352,2,0.25764885728081105,0.05799856437767638,0.04426317090819398,0.0269209805940401,0.0880061641243108,0.014496049638530767,0.0038025384051195146,11,135,0.0805388193608335,0.1777994742751215,False,False,False,4.520032812732824e-06,COMPLETE
317,0.41920031309127814,2025-04-22 02:14:58.977519,2025-04-22 02:15:12.538948,0 days 00:00:13.561429,0.9997080155883685,0.7852459326056567,2,0.26302482470028393,0.07147946242320732,0.0417498151029448,0.02469829972426621,0.09175856405031152,0.01582369826016903,0.001913015425525692,11,133,0.08563081024380635,0.23267748509275854,False,False,False,4.757757156137073e-06,COMPLETE
318,0.37452939748764036,2025-04-22 02:15:12.638463,2025-04-22 02:15:26.968790,0 days 00:00:14.330327,0.9743268418037121,0.7191349010420522,2,0.2709380496948027,0.07082363258757148,0.03887637685715712,0.028995926906260214,0.09642670297187861,0.01766555270658119,4.760083468892298e-05,12,139,0.08112374491659428,0.21807236483259124,False,False,False,1.0790254742811137e-07,COMPLETE
319,0.37062987089157107,2025-04-22 02:15:27.070143,2025-04-22 02:15:41.317544,0 days 00:00:14.247401,0.3082326118600665,0.5687731142020235,2,0.2500368410802138,0.07434627049348422,0.045069971933383794,0.0265881989860252,0.08872806055702114,0.018425604458539573,0.0015748852967236086,12,133,0.07904612467847565,0.2299777048033754,False,False,False,1.3884769291023645e-07,COMPLETE
320,0.4283626675605774,2025-04-22 02:15:41.427034,2025-04-22 02:15:54.432074,0 days 00:00:13.005040,0.9647879330453113,0.6949902949677302,2,0.278860146685261,0.08355216949549375,0.042712886558617574,0.03129004954570836,0.08638915511392667,0.016040851054056133,0.0022288664034224555,10,137,0.08199507482170779,0.25217357614305724,False,False,False,9.583414644465305e-08,COMPLETE
321,0.37971901297569277,2025-04-22 02:15:54.533023,2025-04-22 02:16:08.947883,0 days 00:00:14.414860,0.3737397461038716,0.7436258091873289,2,0.2667814387990738,0.08931777543857064,0.044486158762519434,0.023756236228951445,0.09005412094508365,0.01990601743955668,0.003271812219516647,12,141,0.07842347561471881,0.26769260260624944,False,False,False,1.639182881461352e-07,COMPLETE
322,0.4127248048782349,2025-04-22 02:16:09.047984,2025-04-22 02:16:22.608944,0 days 00:00:13.560960,0.28194248061438193,0.674674016147288,2,0.2826588181843591,0.08245744325159289,0.04071946284006657,0.028696157864960402,0.08830782916248585,0.013604509151458903,0.0017655188762496013,11,142,0.08064860317962332,0.2428424643798364,False,False,False,1.0636362153203736e-07,COMPLETE
323,0.3852201342582703,2025-04-22 02:16:22.709862,2025-04-22 02:16:33.369624,0 days 00:00:10.659762,0.9988916969399524,0.6212842044656485,8,0.2724351546523805,0.08946674305389257,0.04342569961898919,0.02533097043825939,0.08601718861764525,0.021624193418532764,0.001445432842338792,25,139,0.08366052750661788,0.25776017251400274,False,False,False,8.428444209504079e-08,COMPLETE
324,0.38271682262420653,2025-04-22 02:16:33.470982,2025-04-22 02:16:47.712902,0 days 00:00:14.241920,0.4568351355555974,0.6564333413908129,2,0.2620624221224251,0.07703310250429007,0.04601173884595382,0.027098450759222348,0.08466011027711795,0.010159416997461323,0.0026275821500835795,12,136,0.07718442087200043,0.24500539565149695,False,False,False,1.3532242639722302e-07,COMPLETE
325,0.42880201339721685,2025-04-22 02:16:47.826333,2025-04-22 02:17:00.808331,0 days 00:00:12.981998,0.9465617919427388,0.7629533071407598,2,0.2870137296759934,0.08467978374438774,0.04577170506193997,0.02362991099171688,0.09223166119778198,0.012193529001512285,0.002048251066570269,10,143,0.07931021974277772,0.2356916909984283,False,False,False,1.9342349010478965e-07,COMPLETE
326,0.38340736627578736,2025-04-22 02:17:00.910931,2025-04-22 02:17:15.298530,0 days 00:00:14.387599,0.33708832984925396,0.7190880744880568,2,0.18173017281187476,0.050244174863222836,0.04172989277749704,0.033572946460797934,0.0870616694991339,0.017104363357460198,0.06492915964279232,11,130,0.07666338605368726,0.2734381970388375,True,False,False,5.800006233544969e-06,COMPLETE
327,0.3903471827507019,2025-04-22 02:17:15.401915,2025-04-22 02:17:29.658203,0 days 00:00:14.256288,0.9600380790490302,0.47225819885073994,2,0.27770848052797625,0.09220002424477698,0.037740675592614153,0.030344451656783525,0.09447594343795913,0.022184723682562454,0.00164070371208489,12,147,0.08689823492268263,0.24932053762864326,False,False,False,2.831770701119664e-06,COMPLETE
328,0.4536866664886475,2025-04-22 02:17:29.760453,2025-04-22 02:17:43.404628,0 days 00:00:13.644175,0.9802275804264117,0.6818189910895995,2,0.2530044618656962,0.09709920263999104,0.047561214337622275,0.02771337021279053,0.0898359537620018,0.019472660732420002,0.0013443636028609212,11,140,0.07671154250391005,0.26389123337160403,False,False,False,7.032473774589691e-08,COMPLETE
329,0.3789653182029724,2025-04-22 02:17:43.516978,2025-04-22 02:17:57.172991,0 days 00:00:13.656013,0.9831857231401115,0.6414159813037357,2,0.2564808978782116,0.09877877446430161,0.047933772491684096,0.02800283072975998,0.09118496225280928,0.014648492933960557,0.0012422427885660807,11,134,0.08029090432633343,0.2650077874994001,False,False,False,6.515083745931987e-08,COMPLETE
330,0.46225482225418096,2025-04-22 02:17:57.276102,2025-04-22 02:18:10.241889,0 days 00:00:12.965787,0.9769102171102171,0.6732791071734733,2,0.24532400846187422,0.09437136271274055,0.04376407559245404,0.030866237617107314,0.08508813566642402,0.01853334752886785,0.0019264243095091281,10,139,0.07815692857854928,0.2585904461309607,False,False,False,8.607539337803953e-08,COMPLETE
331,0.44206037521362307,2025-04-22 02:18:10.345499,2025-04-22 02:18:22.780681,0 days 00:00:12.435182,0.9760272803492616,0.6795255483861814,2,0.257930137938781,0.09670476395584804,0.04333844399312644,0.031459974052337844,0.08774892374682333,0.016644001916026392,0.002340523736064308,9,139,0.08317274287912818,0.25724541457799277,False,False,False,8.87661906302763e-08,COMPLETE
332,0.37222268581390383,2025-04-22 02:18:22.884783,2025-04-22 02:18:35.810913,0 days 00:00:12.926130,0.9995346057568429,0.702181718372408,2,0.04088194660836983,0.09161597932179519,0.0396153141539364,0.03333993086337126,0.08550785974059584,0.018842977915777815,0.0020160184154224096,10,136,0.05357073297542059,0.2541698656838079,False,False,False,8.168950122355982e-08,COMPLETE
333,0.2887604355812073,2025-04-22 02:18:35.927334,2025-04-22 02:18:42.579042,0 days 00:00:06.651708,0.9694175092240908,0.6822065111753153,16,0.2533643602648457,0.09783453886122638,0.04491340390999526,0.030067649572627853,0.0897665831445689,0.019442438797382923,0.03623459048650893,10,133,0.07846764503261108,0.26062714975233486,False,True,True,0.0006384025114371085,COMPLETE
334,0.4332391142845154,2025-04-22 02:18:42.684092,2025-04-22 02:18:56.892341,0 days 00:00:14.208249,0.9427046122554718,0.6000534472290153,2,0.26648173057940416,0.0663689007861731,0.04145249195341555,0.028362661914087716,0.08701493523605208,0.020240373044601266,0.0018335270413490667,12,140,0.08129609055659816,0.22794140588414016,False,False,False,1.1523396919420928e-07,COMPLETE
335,0.38960199356079106,2025-04-22 02:18:56.996644,2025-04-22 02:19:10.602314,0 days 00:00:13.605670,0.9586787222099774,0.6483067954253242,2,0.2442158072206641,0.08835535219033687,0.04395148182466631,0.026874982464155546,0.08465362333663887,0.021243405880075412,0.0027652698351745175,11,102,0.07780987369277233,0.2477334010975022,False,False,False,9.917116669650197e-08,COMPLETE
336,0.45262616872787476,2025-04-22 02:19:10.706428,2025-04-22 02:19:24.895256,0 days 00:00:14.188828,0.9817758457737102,0.6988273951288282,2,0.2347018446332727,0.1052455632792775,0.04667059071487863,0.030118979616069047,0.09102046491393005,0.017480542162654957,0.0019786144307458375,12,137,0.07827541905989396,0.24017305677746031,False,False,False,2.6345819791544544e-07,COMPLETE
337,0.43264154195785526,2025-04-22 02:19:25.011539,2025-04-22 02:19:38.523725,0 days 00:00:13.512186,0.978059016343743,0.7066652688621835,2,0.2343083240690027,0.10736377652273867,0.043120831125170525,0.032214175175987264,0.09341965256775733,0.015591998023225173,0.0025401276603443127,11,128,0.0798695409472102,0.2390912741882101,False,False,False,5.337683777940589e-08,COMPLETE
338,0.44554393291473393,2025-04-22 02:19:38.629435,2025-04-22 02:19:53.011754,0 days 00:00:14.382319,0.9823360577886138,0.7413319210915637,2,0.23943047830079578,0.10491569319180738,0.045950879671555436,0.029931331872268915,0.09120792649902151,0.017637066379566677,0.003112693101069468,12,137,0.0784349272830668,0.2344649300552471,False,False,False,7.55322723994854e-08,COMPLETE
339,0.38706091642379764,2025-04-22 02:19:53.118484,2025-04-22 02:20:07.474757,0 days 00:00:14.356273,0.9993932645761534,0.7533077347802954,2,0.23642223290777548,0.11687173573216332,0.07737113260110128,0.03061311947500728,0.09501782100138338,0.017232236506618794,0.0030876003011191533,12,131,0.08443751853829376,0.2338702059706584,False,False,False,2.8050926411912056e-07,COMPLETE
340,0.41417994499206545,2025-04-22 02:20:07.581611,2025-04-22 02:20:20.578184,0 days 00:00:12.996573,0.9773391058490045,0.7281909951553422,2,0.24669952686981125,0.10537653484307691,0.0967122077109635,0.01346068104890346,0.0898290066387727,0.014962619666377623,0.0039065478183136475,10,137,0.08218096642455891,0.21959276125451532,False,False,False,7.17542087602993e-08,COMPLETE
