number,value,datetime_start,datetime_complete,duration,params_alpha-eval,params_alpha-train,params_batch-size,params_eps-eval,params_eps-train,params_lambda-actions-eval,params_lambda-actions-train,params_lambda-frames-eval,params_lambda-frames-train,params_learning-rate,params_n-epochs,params_n-frames,params_radius-gw,params_rho,params_std-feats,params_ub-actions,params_ub-frames,params_weight-decay,state
1288,0.42439224720001223,2025-04-01 17:49:27.349131,2025-04-01 17:49:37.696680,0 days 00:00:10.347549,0.8602609040735966,0.8379200457930674,8,0.28939231375814517,0.05878232566076132,0.06466373948529451,0.008355385491709541,0.04972928984625645,0.002514718906912315,0.0014848249640193505,27,114,0.09060905451863926,0.03777104037804746,False,False,False,1.6954781037994862e-06,COMPLETE
1289,0.4288418531417847,2025-04-01 17:49:38.117195,2025-04-01 17:50:02.077165,0 days 00:00:23.959970,0.821863065777115,0.6874308734394844,2,0.1562221754236307,0.04236463455355412,0.06587183437043648,0.009669175179011755,0.05144693006210386,0.020128681997053043,0.001303492440453889,28,111,0.08526410862852238,0.034904491591809236,False,False,False,1.3004287776077413e-08,COMPLETE
1290,0.3821210980415345,2025-04-01 17:50:02.502388,2025-04-01 17:50:12.843975,0 days 00:00:10.341587,0.03646428579603467,0.8405965390484474,8,0.29989244938085124,0.0536307353062346,0.067804522147516,0.00815621064157909,0.054594136204520735,0.006561260162205225,0.0012845612727678916,27,112,0.08793689905964022,0.2780256593762993,False,False,False,8.846987179421301e-08,COMPLETE
1291,0.42422548532485965,2025-04-01 17:50:13.266538,2025-04-01 17:50:23.785732,0 days 00:00:10.519194,0.8496993351540988,0.8791838851436838,8,0.2904742821854926,0.06056950708246532,0.07080363554789362,0.006508816627633788,0.052677705760033194,0.01356858384923647,0.0016702734239469753,28,110,0.09281809250148446,0.047248102154635915,False,False,False,1.4552432894325055e-06,COMPLETE
1292,0.42553302049636843,2025-04-01 17:50:24.208834,2025-04-01 17:50:34.757414,0 days 00:00:10.548580,0.811204381567879,0.6690313810913429,8,0.2878724728551012,0.061156886477205734,0.06754522370527402,0.010470325685468882,0.05550513629036845,0.0039092991042331045,0.0012243049544380601,28,114,0.08934941102413049,0.03230076528254893,False,False,False,2.3416568555764566e-06,COMPLETE
1293,0.29410662651062014,2025-04-01 17:50:35.181212,2025-04-01 17:50:44.677765,0 days 00:00:09.496553,0.41988672351740347,0.7427271957170157,8,0.2916039745697055,0.050954941531601516,0.06508058779722525,0.0051091936739618956,0.05169888852489332,0.02785205299515868,0.0013795658943005296,27,113,0.08412521943277788,0.04157127048185834,False,False,True,1.8099146989279242e-06,COMPLETE
1294,0.3898855924606323,2025-04-01 17:50:45.101161,2025-04-01 17:50:55.703945,0 days 00:00:10.602784,0.8626185289755265,0.8712433595130304,8,0.2942184791090846,0.057319985163536175,0.0633855139021714,0.010445415140427523,0.04955344213100537,0.0090897907578304,0.002106642043429479,28,115,0.08734956339413329,0.1824632959765101,False,False,False,1.3721363497057913e-06,COMPLETE
1295,0.418858289718628,2025-04-01 17:50:56.127301,2025-04-01 17:51:06.670905,0 days 00:00:10.543604,0.8336734958741553,0.6188154271222098,8,0.28537959174138716,0.0634688468326765,0.06633995105577582,0.011518330706442207,0.05418234915285917,0.0190062173591654,0.0011571799565443471,28,110,0.09100804551359647,0.03314103259374961,False,False,False,2.6329402150293964e-06,COMPLETE
1296,0.41951951980590824,2025-04-01 17:51:07.114546,2025-04-01 17:51:17.486514,0 days 00:00:10.371968,0.8685071630100829,0.7166186922631418,8,0.28617093437962177,0.03451799141641378,0.06398894801259063,0.010334813470985974,0.05607704802680332,0.022076422439759928,0.00017036964451614436,27,116,0.09616041416926008,0.038351379387340054,False,False,False,1.318568571318344e-07,COMPLETE
1297,0.4067657232284546,2025-04-01 17:51:17.911632,2025-04-01 17:51:29.072939,0 days 00:00:11.161307,0.4457841116915438,0.8392780670994122,8,0.29488123932586396,0.09478865016270138,0.06799213137693667,0.007586969110672969,0.053232100752469716,0.014065903439465606,0.0018214335694232695,27,107,0.08444056517595037,0.030184474609988833,True,False,False,1.8679284729028105e-07,COMPLETE
1298,0.43330914974212653,2025-04-01 17:51:29.501681,2025-04-01 17:51:40.034983,0 days 00:00:10.533302,0.8468988708974208,0.5824506270612759,8,0.2866515482032791,0.06559293267937173,0.06680957377586987,0.009718980789659465,0.050037391617694965,0.011282968881869635,0.001151013018008859,28,114,0.09333700094785767,0.0451705395376461,False,False,False,2.7440999220391157e-08,COMPLETE
1299,0.3988100528717041,2025-04-01 17:51:40.457704,2025-04-01 17:51:49.127386,0 days 00:00:08.669682,0.874617511272729,0.7328703561326187,16,0.29078291277768187,0.0442479250247213,0.06370781146886645,0.0064112905157971516,0.056861624526667945,0.03149788283360615,0.0014791378782667854,28,117,0.08701353218514392,0.05578213997782441,False,False,False,6.172738013447329e-08,COMPLETE
1300,0.41879861354827885,2025-04-01 17:51:49.549020,2025-04-01 17:52:00.039363,0 days 00:00:10.490343,0.802288279355889,0.9082334055546127,8,0.2808509565604579,0.0548990929193206,0.07005590439795956,0.0031128331849072603,0.051613540604318185,0.0254934545187477,0.0010465637445837036,27,131,0.08912836185657895,0.028975358521644276,False,False,False,2.0048206045507366e-06,COMPLETE
1301,0.32261296510696413,2025-04-01 17:52:00.468428,2025-04-01 17:52:10.001310,0 days 00:00:09.532882,0.8768342044408896,0.657104512557997,8,0.29965911298058345,0.08912781136643855,0.06954107191288234,0.023959224133594925,0.054369654627589706,0.01815580402945115,0.001269498620843414,28,118,0.09027421230365112,0.03588847475469049,False,True,False,1.3314711644672199e-06,COMPLETE
1302,0.4032423734664917,2025-04-01 17:52:10.424527,2025-04-01 17:52:18.834716,0 days 00:00:08.410189,0.8472586951974699,0.6966255402934183,8,0.2946750790155059,0.06591435992782506,0.0658986846030847,0.012321865598067742,0.039635882489121595,0.0055911165467063435,0.0010504467201883111,16,112,0.06634743505055672,0.02641177569256316,False,False,False,1.842689561717205e-06,COMPLETE
1303,0.392312502861023,2025-04-01 17:52:19.258794,2025-04-01 17:52:28.115309,0 days 00:00:08.856515,0.8672144918062162,0.6048194970915365,8,0.22092370648415935,0.08054984860944497,0.0688668806957159,0.009592542961263245,0.048536255307515846,0.028729101321446775,6.821194640494415e-05,18,127,0.08605537062542887,0.04212071906299626,False,False,False,9.354770479708624e-07,COMPLETE
1304,0.4192110538482666,2025-04-01 17:52:28.537673,2025-04-01 17:52:39.145590,0 days 00:00:10.607917,0.8199390953056691,0.7559751660407159,8,0.2817976501402918,0.07114382209910729,0.06253611901911724,0.0229829148927221,0.055498694391212244,0.0010734411559218003,0.0026401239601586838,28,119,0.09230735615587095,0.033440586973732866,False,False,False,1.1981309951231456e-06,COMPLETE
1305,0.4160262048244477,2025-04-01 17:52:39.568396,2025-04-01 17:52:50.373403,0 days 00:00:10.805007,0.20199888787064446,0.670497695844961,8,0.28708406761518035,0.061099625185361016,0.06485218355924569,0.03253970895923752,0.05197636112530778,0.008342174134633926,0.0014095686633177694,29,114,0.08419762014683518,0.019695693056350327,False,False,False,1.6608273654672633e-06,COMPLETE
1306,0.4166021585464478,2025-04-01 17:52:50.820175,2025-04-01 17:53:01.222260,0 days 00:00:10.402085,0.8895583179773168,0.5459342333590738,8,0.2944093645107285,0.05130334050055504,0.0639639388694862,0.030886184289774028,0.06319985405563532,0.013240058799566665,0.0009880058588592321,27,122,0.08843011555249415,0.02735759772940942,False,False,False,2.7947927701032585e-06,COMPLETE
1307,0.4329827666282654,2025-04-01 17:53:01.652611,2025-04-01 17:53:12.293527,0 days 00:00:10.640916,0.9584398234623067,0.8849264425871014,8,0.28154647205460626,0.08517984453229455,0.09015655111155774,0.012172864098599738,0.053733772238871845,0.023350677786305757,0.001125551930760778,28,116,0.08659636171820648,0.015671344384045806,False,False,False,1.2705143493307734e-06,COMPLETE
1308,0.40895671844482423,2025-04-01 17:53:12.726510,2025-04-01 17:53:19.566694,0 days 00:00:06.840184,0.9847401130260034,0.629207843086085,8,0.29000583741916364,0.09497140343291477,0.08433407333055022,0.009320425268839415,0.06578358650683118,0.010698376528776355,0.0017135011105019978,7,129,0.09124831942011709,0.04875521545551871,False,False,False,2.2522038938248367e-06,COMPLETE
1309,0.41784110069274905,2025-04-01 17:53:19.995489,2025-04-01 17:53:30.813149,0 days 00:00:10.817660,0.9983977002679241,0.7337054251625561,8,0.2998037442142346,0.07663432333552282,0.06900914977989996,0.02172184624565162,0.056946256381265145,0.02034622034433301,0.0009459484998730565,29,125,0.09436751075402462,0.023217347938584706,False,False,False,1.375612664149186e-06,COMPLETE
1310,0.4259497165679932,2025-04-01 17:53:31.245107,2025-04-01 17:53:42.055170,0 days 00:00:10.810063,0.8609561133641713,0.716156329044734,8,0.28508735913804695,0.06002811078182529,0.03226841084958176,0.0209078559155237,0.05753996624106665,0.004317184859160388,0.0003922920259162329,29,119,0.08918560637252827,0.036390305509164826,False,False,False,1.6809504246367954e-06,COMPLETE
1311,0.40712680816650393,2025-04-01 17:53:42.485294,2025-04-01 17:53:55.801741,0 days 00:00:13.316447,0.950605541344403,0.9251470266074381,2,0.2805220350881977,0.0701885547974499,0.06318419812931025,0.006560048056873309,0.050707067144260425,0.01712845806538944,0.0012269955765532787,11,132,0.08421431636895373,0.030534451367790455,False,False,False,1.5458748937341852e-08,COMPLETE
1312,0.3115571320056915,2025-04-01 17:53:56.230221,2025-04-01 17:54:05.929616,0 days 00:00:09.699395,0.8409995412872534,0.8634264180027378,8,0.2902197815122565,0.08882797128318329,0.0662641807675707,0.011240148987242408,0.03729455568874299,0.015158936066477231,0.0014967744441746025,28,123,0.08708739057930505,0.013565660804263706,False,False,True,3.677613741185707e-08,COMPLETE
1313,0.41250557899475104,2025-04-01 17:54:06.355334,2025-04-01 17:54:16.766708,0 days 00:00:10.411374,0.8852323087188081,0.745795528590459,8,0.2954296348799425,0.06438252488636292,0.087756030999143,0.035346357920952164,0.06289771401241077,0.022333573574192297,0.0009438463660975137,27,111,0.0907738119730651,0.1361060975565295,False,False,False,1.0422280860934944e-06,COMPLETE
1314,0.43016134500503544,2025-04-01 17:54:17.195174,2025-04-01 17:54:27.974755,0 days 00:00:10.779581,0.9270979077027417,0.6370383926011978,8,0.2793484116981884,0.07545470558836984,0.03776135034027434,0.025615961804464422,0.05552329771781432,0.0347526261014588,0.0007533974374434483,29,127,0.08531733541108087,0.0069889993721006915,False,False,False,1.0031606256937401e-08,COMPLETE
1315,0.3930942893028259,2025-04-01 17:54:28.423022,2025-04-01 17:54:38.955055,0 days 00:00:10.532033,0.889800501248754,0.8999201671578475,8,0.2871488876798399,0.08231514767423125,0.08353481805294853,0.02330654940398199,0.05248332223989257,0.05396418539376243,0.0011521537625729427,28,117,0.0982555591720064,0.24167542687336718,False,False,False,2.175411629738403e-06,COMPLETE
1316,0.3820823907852173,2025-04-01 17:54:39.388751,2025-04-01 17:54:50.804635,0 days 00:00:11.415884,0.8671824384223898,0.5961606617612187,8,0.2938764550931584,0.04796710351732308,0.00625093406957021,0.029491466693981245,0.06691968404660309,0.025107719881606688,0.0005569250648916531,27,121,0.08904909832493765,0.020775673067635773,True,False,False,1.5593271468573568e-06,COMPLETE
1317,0.4165619134902955,2025-04-01 17:54:51.236767,2025-04-01 17:55:02.002656,0 days 00:00:10.765889,0.9626992636861207,0.7002831528030125,8,0.277217192916197,0.05434340196472846,0.03463958429468612,0.019282422052962662,0.04821821044272397,0.018669390217678918,0.0008827254140715991,29,124,0.09271935211190502,0.040145980654027524,False,False,False,7.546332862119967e-08,COMPLETE
1318,0.41265106201171875,2025-04-01 17:55:02.438413,2025-04-01 17:55:13.002774,0 days 00:00:10.564361,0.7919804460014451,0.6835268708648342,8,0.28473285836864937,0.06791424557689629,0.07294002009845493,0.008474478531406815,0.058777632988952486,0.030026565575948665,0.0013316300259495289,28,119,0.08334794987200944,0.03008970165291336,False,False,False,1.1474640050901965e-06,COMPLETE
1319,0.4365529298782349,2025-04-01 17:55:13.431612,2025-04-01 17:55:24.183915,0 days 00:00:10.752303,0.9103212118196572,0.7519053232419077,8,0.2301762133592179,0.09710885901070149,0.06658965512703754,0.013005918884986277,0.06067244707265771,0.013225349953540176,0.0006558243382750917,29,115,0.08791532254914072,0.02471004463327455,False,False,False,8.931764432201223e-07,COMPLETE
1320,0.32502106428146366,2025-04-01 17:55:24.615745,2025-04-01 17:55:32.976168,0 days 00:00:08.360423,0.8263814257876054,0.6526208051818917,8,0.2997943170407463,0.07530970326044599,0.06933723658734539,0.022706151154730632,0.040146562094727944,0.007511255350707119,0.0010247134979834425,21,80,0.08608479296743492,0.016074846589819995,False,True,False,2.050341969726953e-06,COMPLETE
1321,0.4167673230171204,2025-04-01 17:55:33.405441,2025-04-01 17:55:43.890729,0 days 00:00:10.485288,0.9437959188876414,0.5636552225284183,8,0.2893358029971843,0.05927896713563861,0.06239204590681947,0.02063677905144511,0.054664350812481825,0.02712960604870867,0.0007765259255404927,27,128,0.09047151924994089,0.032820426042799326,False,False,False,2.5569492490588377e-06,COMPLETE
1322,0.3757116436958313,2025-04-01 17:55:44.323089,2025-04-01 17:55:53.162814,0 days 00:00:08.839725,0.8523415479954906,0.7183315602677003,16,0.21270576039520742,0.08327651673434781,0.09220248550081168,0.08819020836725525,0.06492319227850646,0.010206561574486841,0.0017542383950108775,29,121,0.019085174631808123,0.040939137228512626,False,False,False,4.468677518829031e-08,COMPLETE
1323,0.4359878778457642,2025-04-01 17:55:53.612755,2025-04-01 17:56:04.258968,0 days 00:00:10.646213,0.9827320048110251,0.8284347962975,8,0.2751558046939286,0.09076994342427412,0.08511993386321937,0.005484026799132262,0.05053622088868014,0.0027814610037663594,0.00047024617365730046,28,126,0.08380692087528181,0.009502749206583939,False,False,False,1.979170010683995e-08,COMPLETE
1324,0.4001530766487122,2025-04-01 17:56:04.695294,2025-04-01 17:56:15.340634,0 days 00:00:10.645340,0.8827314167033542,0.74050020086407,8,0.28096607298745285,0.19125525497271637,0.06451480909055998,0.025354085033156944,0.06195448791627795,0.015996732587923706,0.0009260717404844809,28,130,0.0943879411685482,0.0222218959055755,False,False,False,1.4930186483341338e-06,COMPLETE
1325,0.4316391944885254,2025-04-01 17:56:15.779270,2025-04-01 17:56:24.751184,0 days 00:00:08.971914,0.9991197075903739,0.8537134842500633,8,0.25057428535618836,0.07141117238222093,0.0712488666820886,0.03235789044123076,0.05330591833294059,0.02043825824244729,0.0011760601566697963,19,112,0.09199573578373035,0.026634336511827894,False,False,False,1.1754369181638095e-06,COMPLETE
1326,0.41392749547958374,2025-04-01 17:56:25.181468,2025-04-01 17:56:35.957243,0 days 00:00:10.775775,0.48678480236264554,0.9342841906252166,8,0.2941111277668284,0.2755561872440605,0.03997597949554699,0.017782214046658123,0.05651474786131834,0.006484153077736758,0.0014369841316723892,29,124,0.0878652475267098,0.03655319869997728,False,False,False,1.8307402769108062e-06,COMPLETE
1327,0.42579740285873413,2025-04-01 17:56:36.395219,2025-04-01 17:56:46.889568,0 days 00:00:10.494349,0.9207158671937573,0.38890189837387634,8,0.28596369976550273,0.06537588395906946,0.07393527234237746,0.011182486010813623,0.05755565278179952,0.02398251723067025,0.0006359691145739302,27,116,0.08945911680304948,0.04693706031890717,False,False,False,3.0350872743421617e-06,COMPLETE
1328,0.43280097246170046,2025-04-01 17:56:47.326797,2025-04-01 17:56:57.523275,0 days 00:00:10.196478,0.8979348857467,0.676357598157201,8,0.2766703528148559,0.03968458925027715,0.023445850843373885,0.02751945575635434,0.0689540808693981,0.01722253476129571,0.0007985386068772976,26,119,0.08562548273091772,0.01705329024046312,False,False,False,1.2610836927483063e-08,COMPLETE
1329,0.41128045320510864,2025-04-01 17:56:57.956169,2025-04-01 17:57:08.449563,0 days 00:00:10.493394,0.9611961862246264,0.885852974642765,8,0.28981451094161226,0.07979211008425507,0.08637318506210567,0.01387908788330928,0.05941772284462835,0.012440374091159636,0.001046221389286916,28,105,0.08718702943439226,0.02909598110626324,False,False,False,8.532706834744038e-07,COMPLETE
1330,0.2960954368114471,2025-04-01 17:57:08.883154,2025-04-01 17:57:18.549353,0 days 00:00:09.666199,0.8762048489521103,0.3355480016717446,8,0.28243615578985787,0.08737896956856986,0.028463625738440298,0.019721811693752533,0.03566091451067232,0.014316617662272832,0.0012498969651956527,29,108,0.08264509751413626,0.005896833685782869,False,False,True,1.4434262872631843e-06,COMPLETE
1331,0.4029581546783447,2025-04-01 17:57:18.982159,2025-04-01 17:57:29.585060,0 days 00:00:10.602901,0.8391500311280051,0.6142784577532799,8,0.2998490398257534,0.06165788217042586,0.061422744357625986,0.02397790876498278,0.06394609158315925,0.03281699815003027,0.002162632775684393,28,123,0.015618144670406578,0.05989544258266724,False,False,False,1.9381046725422973e-06,COMPLETE
1332,0.4070806980133057,2025-04-01 17:57:30.036726,2025-04-01 17:57:40.499975,0 days 00:00:10.463249,0.9308026063931262,0.9144909496206575,8,0.2581752294119176,0.0730985457092485,0.06770076812763152,0.003291462875384193,0.04894231824314734,0.004269071835752292,0.0008711662743364753,27,132,0.09606404464572217,0.021422104219237608,False,False,False,9.771592887774963e-07,COMPLETE
1333,0.3911720633506775,2025-04-01 17:57:40.941439,2025-04-01 17:58:05.463463,0 days 00:00:24.522024,0.8609990175504355,0.11157092332631308,2,0.29026071511559043,0.055873196175132235,0.06341705607898963,0.016534557636993345,0.05300030130662908,0.019432202983677767,0.0005791420412883542,29,121,0.0913961651377358,0.03387126245683385,False,False,False,1.1641902462262404e-06,COMPLETE
1334,0.37818160057067873,2025-04-01 17:58:05.903335,2025-04-01 17:58:16.922651,0 days 00:00:11.019316,0.9118579182475545,0.7150615866522663,8,0.27458232212140365,0.07932416228625308,0.0361169886656941,0.030272777111477297,0.06196541772045349,0.008571680263602235,0.0015382060190114386,28,86,0.08451591291668609,0.012795955847325347,True,False,False,2.278225837875338e-06,COMPLETE
1335,0.41756569147109984,2025-04-01 17:58:17.360326,2025-04-01 17:58:28.326291,0 days 00:00:10.965965,0.3070819059582674,0.6454477239334846,8,0.24000991637636754,0.17071359772155129,0.08892047317100826,0.008058160305316867,0.03282191754496771,0.021781312281496976,0.000715963832225798,29,127,0.08932627530303197,0.02673389563712126,False,False,False,1.5281431721379246e-06,COMPLETE
1336,0.4253755331039429,2025-04-01 17:58:28.761216,2025-04-01 17:58:39.301397,0 days 00:00:10.540181,0.9502117029757149,0.7449687129456156,8,0.12883796551610188,0.06604954722966982,0.07120026910501918,0.021995319622895325,0.06689714998328108,0.027288195136503556,0.0009288617836164952,28,118,0.0925748551284729,0.04155570156951462,False,False,False,9.768285861034827e-08,COMPLETE
1337,0.42472500801086427,2025-04-01 17:58:39.736524,2025-04-01 17:58:50.434140,0 days 00:00:10.697616,0.9780916371412937,0.5143520797788081,8,0.29413450220532306,0.044968526354403765,0.07525740999038298,0.011576728212666232,0.03852017919452618,0.015116598102899571,0.001150074950664404,29,113,0.0865528156886789,0.16757595598378075,False,False,False,1.8028876237023206e-06,COMPLETE
1338,0.418195903301239,2025-04-01 17:58:50.869331,2025-04-01 17:59:01.239742,0 days 00:00:10.370411,0.8959070049308885,0.7003736557427739,8,0.28223615569906896,0.08562706919169343,0.08181196205785479,0.026151041749713503,0.0560192760869313,0.011180913793799853,0.0007589353517125169,27,125,0.08853166505596552,0.018890289243124435,False,False,False,2.48768841327566e-07,COMPLETE
1339,0.3289703488349915,2025-04-01 17:59:01.697222,2025-04-01 17:59:11.457242,0 days 00:00:09.760020,0.8171462679164361,0.7288223152143154,8,0.2637435444862943,0.07229089319013843,0.06564753772349129,0.015222799733662423,0.05103406418517917,0.017968492043598485,0.0009656681974718112,29,121,0.0940684126655058,0.03432560465167562,False,True,False,2.5305340050890886e-06,COMPLETE
1340,0.38157174587249754,2025-04-01 17:59:11.898681,2025-04-01 17:59:22.559462,0 days 00:00:10.660781,0.9411066384418241,0.21135765825314068,8,0.2012605270347202,0.09592288333403572,0.08317748758690863,0.017832697825963723,0.05463639732860625,0.005823111976534707,0.0013125039200184026,28,129,0.09052021190680411,0.023302149294459746,False,False,False,1.298219669164224e-06,COMPLETE
1341,0.4296347498893738,2025-04-01 17:59:22.999592,2025-04-01 17:59:33.332958,0 days 00:00:10.333366,0.8734808482802854,0.756517531697612,8,0.28603736191122325,0.051301591315927444,0.06870124370576172,0.028598414546793818,0.058090407082086085,0.02460682565237548,0.00025852961531762483,27,116,0.08234478462453328,0.02898087923545571,False,False,False,1.5122475839069675e-07,COMPLETE
1342,0.4143965244293213,2025-04-01 17:59:33.774844,2025-04-01 17:59:44.407561,0 days 00:00:10.632717,0.9682025266750993,0.6279673021484203,8,0.27763316804521837,0.07836774935881399,0.0609199865549504,0.013736449794403166,0.06011033944005548,0.02931475973193211,0.0018889616501865788,28,123,0.08479165569405625,0.010360434230171607,False,False,False,8.906053484557032e-07,COMPLETE
1343,0.3878877878189087,2025-04-01 17:59:44.846256,2025-04-01 17:59:53.618275,0 days 00:00:08.772019,0.8467622877892227,0.8716606081664684,16,0.24993150322128313,0.062118746530566274,0.02689828408024516,0.020110575889895527,0.0403181377896791,0.0024031846030542216,0.001089206817913364,29,118,0.08721700691328046,0.017224943544426753,False,False,False,2.7187107851734458e-08,COMPLETE
