number,value,datetime_start,datetime_complete,duration,params_alpha-eval,params_alpha-train,params_batch-size,params_eps-eval,params_eps-train,params_lambda-actions-eval,params_lambda-actions-train,params_lambda-frames-eval,params_lambda-frames-train,params_learning-rate,params_n-epochs,params_n-frames,params_radius-gw,params_rho,params_std-feats,params_ub-actions,params_ub-frames,params_weight-decay,state
1848,0.3820407867431641,2025-04-01 19:36:49.526078,2025-04-01 19:37:00.027048,0 days 00:00:10.500970,0.9165349411013499,0.8201393678320642,8,0.27472192333608725,0.0438033248279336,0.04536464545293432,0.032065128675806215,0.07102481222027507,0.014939638278531805,0.0009929696834642704,27,136,0.04996581093131895,0.03801621076702931,False,False,False,1.8259621588443656e-08,COMPLETE
1849,0.3978913426399231,2025-04-01 19:37:00.662493,2025-04-01 19:37:09.667085,0 days 00:00:09.004592,0.7970641820369381,0.8835977113113028,8,0.28634910647478257,0.07862174541101641,0.06557427673519103,0.018931732568629386,0.03110673901427682,0.022343621811232374,0.008982190033597426,19,112,0.08970588598004417,0.02692074358960163,False,False,False,8.238322244550598e-08,COMPLETE
1850,0.4397124767303467,2025-04-01 19:37:10.270961,2025-04-01 19:37:20.867789,0 days 00:00:10.596828,0.8798512881183918,0.9113829349505236,8,0.29453860944276744,0.0636368008650613,0.0620604753927188,0.01612482615902189,0.012721099429337922,0.012385493045521771,0.0008572195815180824,28,117,0.08729152743162912,0.02087422367820551,False,False,False,3.0718800026994425e-07,COMPLETE
1851,0.33742951154708867,2025-04-01 19:37:21.501078,2025-04-01 19:37:29.687707,0 days 00:00:08.186629,0.8494248219205792,0.8652735205748393,16,0.2782198195319554,0.07188342966375193,0.06821549147198706,0.01511468573914823,0.03686056244474925,0.01701174900317488,0.0006916287435869167,29,122,0.09194230412710419,0.0331318914247206,False,True,False,1.2663972812227617e-06,COMPLETE
1852,0.39478980302810673,2025-04-01 19:37:30.294614,2025-04-01 19:37:41.167619,0 days 00:00:10.873005,0.8914103978807536,0.8032859658334945,8,0.26425980792584236,0.05551763544946559,0.02062261051813944,0.00479875811392546,0.007821319067211986,0.024519743804599252,0.0012647029523089942,29,128,0.09398243554594317,0.007892756562446233,False,False,False,1.2814421202403655e-08,COMPLETE
1853,0.42425502538681037,2025-04-01 19:37:41.793701,2025-04-01 19:37:48.637914,0 days 00:00:06.844213,0.9205054535075368,0.8421847597597791,8,0.28487272547750286,0.06513958283064103,0.06389775752534102,0.024314541319330335,0.009870023862823454,0.020100399002707728,0.0010369866578103612,7,115,0.08411637375032846,0.028051855847121703,False,False,False,3.93696025900185e-08,COMPLETE
1854,0.4048486351966858,2025-04-01 19:37:49.239106,2025-04-01 19:38:00.177971,0 days 00:00:10.938865,0.828422412203168,0.9447605376335044,8,0.270875364022993,0.08483103521895166,0.06709688773678796,0.021850142341341375,0.004596106659239898,0.01375666822595742,0.0014864388461141005,30,125,0.08932159533989775,0.04520457657962397,False,False,False,1.4819127860894634e-06,COMPLETE
1855,0.4083426117897034,2025-04-01 19:38:00.799893,2025-04-01 19:38:10.935402,0 days 00:00:10.135509,0.8603976690095221,0.8875087340515472,8,0.29962195701624866,0.09523270970538777,0.005572260631539434,0.017952023602934127,0.01447951192685848,0.021505638714085333,0.0008519789851324229,27,58,0.0860879965296512,0.015391543325764204,False,False,False,1.0302219611040631e-06,COMPLETE
1856,0.4478672504425049,2025-04-01 19:38:11.537675,2025-04-01 19:38:21.665846,0 days 00:00:10.128171,0.9025090024355938,0.9237159547649662,8,0.29162395873962677,0.060563755279361975,0.02355696591861603,0.026904866850184173,0.0069195451130773565,0.018016369461042146,0.0011170790780790192,25,119,0.09063594657100342,0.03794636315632195,False,False,False,1.329874819093818e-06,COMPLETE
1857,0.412552285194397,2025-04-01 19:38:22.297710,2025-04-01 19:38:32.321214,0 days 00:00:10.023504,0.8776320762877906,0.9553051529978063,8,0.2998099001520101,0.04561553294362149,0.02337884198043307,0.028780647960630956,0.006655879488963389,0.018314012617473497,0.0016699587608157644,25,114,0.09608174909240827,0.0403202739896909,False,False,False,1.3161266479571805e-06,COMPLETE
1858,0.40737270116806035,2025-04-01 19:38:32.954043,2025-04-01 19:38:43.083427,0 days 00:00:10.129384,0.8411707187293772,0.905021582569575,8,0.294691327588568,0.0521067753821962,0.017575960338886174,0.026441458793453294,0.005855968890034386,0.01897195845530479,0.0024353496897978615,25,111,0.09373550372879737,0.047223812243422515,False,False,False,1.0736770339255078e-06,COMPLETE
1859,0.423682177066803,2025-04-01 19:38:43.695754,2025-04-01 19:38:53.872580,0 days 00:00:10.176826,0.8666247777470597,0.9250196891803704,8,0.2905390988278953,0.0499040797302259,0.025741208021211784,0.029848205334585074,0.0026826530970905987,0.01835341837419245,0.0017843224014174493,25,117,0.09318076506632078,0.048359549573281715,False,False,False,7.677524356306236e-07,COMPLETE
1860,0.4246609926223755,2025-04-01 19:38:54.504176,2025-04-01 19:39:04.602179,0 days 00:00:10.098003,0.888696905511288,0.9331451118967135,8,0.29172483187987575,0.05984224876866406,0.023584041537359022,0.02709988577463004,0.0019200889402464965,0.021151485327568546,0.0013149208631583044,25,114,0.09200771725190204,0.05181749207387715,False,False,False,8.985746883930431e-07,COMPLETE
1861,0.2950962960720062,2025-04-01 19:39:05.218946,2025-04-01 19:39:14.349775,0 days 00:00:09.130829,0.8501230215005923,0.9785578498782413,8,0.29497724907042516,0.05527067130162232,0.02134061896161246,0.027015209256121983,0.007836469886385282,0.01743349905573496,0.001200208397504052,25,117,0.09537674587641612,0.04255486758211249,False,False,True,1.0391785299925817e-06,COMPLETE
1862,0.41386163234710693,2025-04-01 19:39:14.953704,2025-04-01 19:39:25.069006,0 days 00:00:10.115302,0.8810550747060812,0.9491398476451071,8,0.29063806787657076,0.05898806250192758,0.02471682676236979,0.028637889968141643,0.00483332536416411,0.020300078943174933,0.001964890496469681,25,118,0.09104278340042687,0.05856466183129657,False,False,False,1.2313269329200068e-06,COMPLETE
1863,0.4221338510513306,2025-04-01 19:39:25.699976,2025-04-01 19:39:48.096443,0 days 00:00:22.396467,0.897434638336981,0.4911036805622595,2,0.2879428431442007,0.046319429495919044,0.02666238217697013,0.03068386754864255,0.006700056823111193,0.017855659770821458,0.0014448816794574322,26,112,0.09075349169597341,0.043322660572119726,False,False,False,4.0197504740843234e-07,COMPLETE
1864,0.415926194190979,2025-04-01 19:39:48.728729,2025-04-01 19:39:58.914459,0 days 00:00:10.185730,0.22769543254549718,0.9598104782947526,8,0.2955005620332003,0.05569564588170659,0.023207240418909737,0.02627566721974733,0.0037110387828091012,0.020187447987175946,0.0010697372622697427,26,102,0.09491734490875772,0.05166848307112741,False,False,False,9.057863598924702e-07,COMPLETE
1865,0.3989908695220948,2025-04-01 19:39:59.534703,2025-04-01 19:40:10.677388,0 days 00:00:11.142685,0.8252625398748987,0.9262168329535894,8,0.2994478030587534,0.061431113369047705,0.0246457676795721,0.03026648693293336,0.00836932983600852,0.01624893984652545,0.0012509494463929243,26,115,0.09203462478285959,0.03861165615339545,True,False,False,1.2320422631056599e-06,COMPLETE
1866,0.4193783760070801,2025-04-01 19:40:11.306796,2025-04-01 19:40:21.481275,0 days 00:00:10.174479,0.8563616673732083,0.9167268614100497,8,0.2889735028001589,0.05092466754197318,0.022753035033463372,0.028676276642125003,0.005600148857193733,0.02272364635242688,0.0009992719879774738,26,109,0.0897517140178507,0.03931712987946384,False,False,False,1.312271041364818e-08,COMPLETE
1867,0.44110711812973025,2025-04-01 19:40:22.088551,2025-04-01 19:40:32.426603,0 days 00:00:10.338052,0.8738810094069114,0.94004861539561,8,0.284092177927949,0.061179190544707884,0.021952570448502805,0.026167409394498034,0.00798660138024827,0.019514076870719314,0.0015255495623510864,26,119,0.09041580502772477,0.04531073297074402,False,False,False,5.937871585565737e-08,COMPLETE
1868,0.3781370520591736,2025-04-01 19:40:33.056234,2025-04-01 19:40:43.299364,0 days 00:00:10.243130,0.8455256696429297,0.9501451400527277,8,0.28069568760921154,0.04382365555361387,0.020286233473282227,0.02594757089461581,0.007557004053178727,0.016330766172550314,0.0022989518612938145,26,119,0.09382743367374718,0.04843531985773912,False,False,False,5.6629580352734466e-08,COMPLETE
1869,0.3767526388168335,2025-04-01 19:40:43.936970,2025-04-01 19:40:54.331485,0 days 00:00:10.394515,0.8636983324241024,0.9425400559974538,8,0.28347086146773204,0.04798240103102228,0.021456303655510687,0.027730875042775938,0.006110168019636707,0.018297545335827465,0.0028131773648740303,26,120,0.09676843390130027,0.058954983634440114,False,False,False,6.215511991172728e-08,COMPLETE
1870,0.33742951154708867,2025-04-01 19:40:54.946213,2025-04-01 19:41:03.969528,0 days 00:00:09.023315,0.8139489213303593,0.9795611736605304,8,0.28266777221471817,0.054178726018860174,0.019872545491778464,0.026982090232525124,0.00939660511239336,0.01657507756647742,0.0023555203638319588,24,120,0.09137784812400447,0.04817669282102115,False,True,False,7.311933514417977e-08,COMPLETE
1871,0.38527849912643436,2025-04-01 19:41:04.577405,2025-04-01 19:41:14.797449,0 days 00:00:10.220044,0.8673765465805398,0.9640856403100913,8,0.2837504103647057,0.03932654468799958,0.021715027454131768,0.025161638992147618,0.007778171917590871,0.0192533555993676,0.0017060519716129885,25,116,0.09329061472931728,0.05633451807424472,False,False,False,6.757457826300209e-08,COMPLETE
1872,0.4021849870681763,2025-04-01 19:41:15.427979,2025-04-01 19:41:25.375613,0 days 00:00:09.947634,0.8369274932651899,0.9857018924756897,8,0.2784274564718415,0.05233171369664856,0.021885185179693158,0.028670527258276932,0.0036672460411424175,0.016481491388758342,0.0020875393036537716,24,121,0.09073935697074378,0.05272027684755379,False,False,False,5.1284268267004304e-08,COMPLETE
1873,0.3812991380691529,2025-04-01 19:41:26.013701,2025-04-01 19:41:34.514179,0 days 00:00:08.500478,0.8771704453522896,0.9656170331743316,16,0.28492932375456,0.05149794394091424,0.020291779770633775,0.024919646586711797,0.009677178294279396,0.02160599530787778,0.001883584687385743,26,118,0.0290281111836165,0.05496644392373411,False,False,False,1.9848576387527486e-07,COMPLETE
1874,0.4210096120834351,2025-04-01 19:41:35.127411,2025-04-01 19:41:45.336312,0 days 00:00:10.208901,0.882740444924105,0.9453810299478391,8,0.279869111992237,0.05899022428006159,0.022902819073359778,0.02662208958349388,0.004988281422572007,0.019035607468845826,0.0018096023898816788,26,114,0.09258411859908935,0.06414903684566767,False,False,False,5.0582735627286034e-08,COMPLETE
1875,0.44223144054412844,2025-04-01 19:41:45.975590,2025-04-01 19:41:56.097753,0 days 00:00:10.122163,0.8418057232189118,0.9211755136695572,8,0.2863894129088119,0.05737182824719613,0.01851493292164527,0.029394882901031084,0.007256355863383026,0.02345590900667227,0.0015955536774218937,25,122,0.0893491440252531,0.051038292969329706,False,False,False,6.577751445550198e-08,COMPLETE
1876,0.3722102046012879,2025-04-01 19:41:56.713187,2025-04-01 19:42:06.632413,0 days 00:00:09.919226,0.8192581932292732,0.9651152654287533,8,0.27706227387426585,0.04867575244204382,0.013820351490307914,0.03213782704730958,0.006869934839711437,0.021333010796234404,0.0022205740032395413,24,123,0.08849430656372359,0.05783070667663531,False,False,False,6.566503872180682e-08,COMPLETE
1877,0.37566390037536623,2025-04-01 19:42:07.263142,2025-04-01 19:42:17.432429,0 days 00:00:10.169287,0.8050289247252088,0.9390796894842061,8,0.2796174162417136,0.03909906033716013,0.016596788230861848,0.030792810321481484,0.008432628275105488,0.02174570638121335,0.0015699912319129203,25,123,0.08824247231179722,0.0627142529652342,False,False,False,8.143672893173462e-08,COMPLETE
1878,0.4065665483474732,2025-04-01 19:42:18.076172,2025-04-01 19:42:28.194784,0 days 00:00:10.118612,0.8146478574700523,0.9254864384450565,8,0.27645389644383755,0.04722773862235946,0.018858108320922766,0.03311754386236478,0.0022723762554083364,0.02323558988527688,0.0022509256119743657,26,74,0.08942314428044204,0.058083387724572756,False,False,False,6.160154279833065e-08,COMPLETE
1879,0.36990265846252446,2025-04-01 19:42:28.810151,2025-04-01 19:42:39.308837,0 days 00:00:10.498686,0.8318965031298835,0.9356066382114999,8,0.28454821004285463,0.052398145954515044,0.01758629001029951,0.02826450881590535,0.0052985974144149515,0.020193205554925674,0.002501199779867242,27,123,0.08890580786085323,0.06315764344767869,False,False,False,4.5369145534881994e-08,COMPLETE
1880,0.37916576862335205,2025-04-01 19:42:39.950993,2025-04-01 19:42:49.623340,0 days 00:00:09.672347,0.8266587760991558,0.9959294766973983,8,0.28332899610351575,0.04672436111362295,0.02014919331222849,0.030109047678615813,0.004976460954711241,0.02322192482613674,0.002011107419157794,25,26,0.08821284959427775,0.0645560708725133,False,False,False,5.999021484896807e-08,COMPLETE
1881,0.4121507525444031,2025-04-01 19:42:50.252937,2025-04-01 19:43:00.347013,0 days 00:00:10.094076,0.7801011835605495,0.9737288206139203,8,0.27616561974142706,0.05360757058817739,0.017146604562811862,0.031190887649868437,0.007916282645209962,0.018763185843194228,0.001746673093125631,25,126,0.08986035015989756,0.05341017566258396,False,False,False,8.755416521503592e-08,COMPLETE
1882,0.41526805162429814,2025-04-01 19:43:00.984169,2025-04-01 19:43:10.950114,0 days 00:00:09.965945,0.8357389313993855,0.9380912914980026,8,0.28585608243680205,0.057308142128784045,0.016019866008449304,0.034901506916450914,0.007581555739378179,0.020512597790482572,0.0017490839194192402,24,121,0.08751485234758122,0.05359377477086179,False,False,False,6.05875134018743e-08,COMPLETE
1883,0.3007339954376221,2025-04-01 19:43:11.568152,2025-04-01 19:43:20.627943,0 days 00:00:09.059791,0.8099938004525558,0.91905646401258,8,0.2801882988062433,0.055719046326387606,0.01838826181131853,0.028577173719307514,0.004276403843986297,0.01783264926534881,0.0017492279520280453,24,128,0.09018573895698453,0.05097559837576911,False,False,True,5.0873943125342554e-08,COMPLETE
1884,0.38114197254180915,2025-04-01 19:43:21.265423,2025-04-01 19:43:31.391787,0 days 00:00:10.126364,0.831406516506054,0.95909173056424,8,0.2754653451031136,0.04036792205092098,0.01900411578165149,0.030614263323365608,0.006692209685322614,0.022499571261925613,0.002073595366440695,25,124,0.08766849799898824,0.05076197307249286,False,False,False,8.361131391519136e-08,COMPLETE
1885,0.2887604355812073,2025-04-01 19:43:32.012382,2025-04-01 19:43:42.087572,0 days 00:00:10.075190,0.8070973618892565,0.9225798136650925,8,0.2861813402725763,0.03385248089837394,0.01920635450712932,0.029239175907026724,0.009260850288577347,0.015773996957411683,0.0017313712824108245,25,120,0.09025648083082653,0.04977944100501284,False,False,False,4.054310750841208e-08,COMPLETE
1886,0.2887604355812073,2025-04-01 19:43:42.703247,2025-04-01 19:44:05.458424,0 days 00:00:22.755177,0.8488014477993566,0.9574508817609165,2,0.2803063335468937,0.04345709444169055,0.01654665505758302,0.032686518903080004,0.010013426018745823,0.01989022291726649,0.001949188206837978,25,131,0.08827864974707518,0.05708017625666551,True,False,False,9.379253071922008e-08,COMPLETE
1887,0.42434318065643317,2025-04-01 19:44:06.090908,2025-04-01 19:44:16.275814,0 days 00:00:10.184906,0.847792290536288,0.9303035142985975,8,0.2878086453949737,0.057455457882913064,0.019022692178608663,0.0274829006003661,0.011067039186689921,0.024134755918316746,0.0016073910243886644,26,95,0.08705174689439438,0.059188606657872934,False,False,False,4.7825491381813985e-08,COMPLETE
1888,0.3863253116607666,2025-04-01 19:44:16.917993,2025-04-01 19:44:27.054825,0 days 00:00:10.136832,0.7874008561555669,0.9991549755390268,8,0.27596002361573985,0.05018854502706578,0.02113991363388321,0.02920759625244916,0.008767118663818019,0.017767468434892308,0.001537674154472057,25,122,0.09098414412173607,0.05426180033280985,False,False,False,5.676370090408388e-08,COMPLETE
1889,0.37751345634460454,2025-04-01 19:44:27.670871,2025-04-01 19:44:37.614769,0 days 00:00:09.943898,0.8469901799309556,0.9363264960740949,8,0.28630397350676173,0.05899094620919373,0.016092999866129262,0.032181433771251204,0.004609987052546978,0.021409552914664266,0.0034046743041451282,24,126,0.08937477244510054,0.0459062682789276,False,False,False,8.049092591278546e-08,COMPLETE
1890,0.3248072981834412,2025-04-01 19:44:38.255715,2025-04-01 19:44:47.491187,0 days 00:00:09.235472,0.7953055363087614,0.908983431768464,8,0.27391988002387896,0.06012624512737042,0.014531852924110652,0.02698836560939268,0.002965639519050961,0.016284056367905517,0.0015483905457715171,25,129,0.08673468392052924,0.0479184028129818,False,True,False,7.51272686156564e-08,COMPLETE
1891,0.4152681112289429,2025-04-01 19:44:48.109119,2025-04-01 19:44:58.364485,0 days 00:00:10.255366,0.8560366860039822,0.9085322443875694,8,0.28232581665640805,0.05309702707276427,0.021493074372615797,0.028365622197517516,0.006963753031895368,0.02328892845897202,0.001882946738317021,26,119,0.09167717065609546,0.05611020459441989,False,False,False,6.289510831127083e-08,COMPLETE
1892,0.3883846402168274,2025-04-01 19:44:59.003721,2025-04-01 19:45:09.101115,0 days 00:00:10.097394,0.8274632731205406,0.9514484694692256,8,0.2898323373066277,0.060267009259508,0.023508317969433132,0.02565423963516925,0.005917118655044504,0.019629033979004142,0.0029934928618069708,25,124,0.08896317609948806,0.04394955153449455,False,False,False,3.5660546165731835e-08,COMPLETE
1893,0.4064658522605896,2025-04-01 19:45:09.749925,2025-04-01 19:45:19.889536,0 days 00:00:10.139611,0.8550683712087275,0.9280670734197345,8,0.27358303562232067,0.04702138897250392,0.01913971202151108,0.030999766289286013,0.008984583825884303,0.015018644146268476,0.0025716734533772472,25,134,0.08630419821665976,0.05070131929085051,False,False,False,1.0096877968356845e-07,COMPLETE
1894,0.42703381776809696,2025-04-01 19:45:20.509867,2025-04-01 19:45:30.622106,0 days 00:00:10.112239,0.8338323311146532,0.9598122828667706,8,0.2819846605092434,0.05366119313703541,0.025399431225306073,0.03372471126593779,0.010358612057412165,0.017483849031763195,0.0014465240961851118,25,121,0.09062027097257741,0.059425196778669684,False,False,False,4.1842885361058924e-08,COMPLETE
1895,0.43841620683670046,2025-04-01 19:45:31.263420,2025-04-01 19:45:41.189592,0 days 00:00:09.926172,0.8630213780965428,0.9158079465487979,8,0.2898024614833568,0.06211003681214349,0.02138100009322011,0.025589220101776722,0.006776896705877402,0.02476711758047641,0.0015422903014016634,24,117,0.08797633241527585,0.04810693695152788,False,False,False,5.024269397814824e-08,COMPLETE
1896,0.3980022192001343,2025-04-01 19:45:41.812886,2025-04-01 19:45:50.209631,0 days 00:00:08.396745,0.8658714396903944,0.9055062852459368,16,0.2790649678901302,0.042080459983745794,0.022360224759502847,0.02823427573791519,0.010605070111483943,0.02134968406153111,0.0014832021232255561,24,126,0.09189055938234399,0.05354803241531356,False,False,False,6.414290787516528e-08,COMPLETE
1897,0.42797595262527466,2025-04-01 19:45:50.850425,2025-04-01 19:46:01.129714,0 days 00:00:10.279289,0.6037979315591134,0.9390703130668525,8,0.2875918914809067,0.056393399948313695,0.024075240468335507,0.029088446583692258,0.0014706013797891118,0.01533462913482519,0.0013612729097748897,26,123,0.08610568026198089,0.04529874482145478,False,False,False,9.020532850997218e-08,COMPLETE
1898,0.3744817852973938,2025-04-01 19:46:01.745836,2025-04-01 19:46:11.814736,0 days 00:00:10.068900,0.8180968104027128,0.9175490466590183,8,0.27242068961013616,0.06193526783670785,0.020213264045561438,0.026089292860744,0.007022001997849928,0.018178657799669262,0.002119193747155867,25,106,0.054517633468657456,0.046175569302518205,False,False,False,7.762909831115578e-08,COMPLETE
1899,0.38058404922485356,2025-04-01 19:46:12.452688,2025-04-01 19:46:22.151525,0 days 00:00:09.698837,0.8473223918905238,0.8995521589152473,8,0.2814684302440797,0.05058048313090977,0.017666427143580025,0.03129913752865373,0.0035742212301797353,0.022622661079902656,0.002055290117466134,25,18,0.08921228232920837,0.057504120454196964,False,False,False,3.600402524807868e-08,COMPLETE
1900,0.4302837371826172,2025-04-01 19:46:22.796101,2025-04-01 19:46:32.958316,0 days 00:00:10.162215,0.8682868876120787,0.9713325229141475,8,0.29117756333163614,0.0585185340583531,0.018857188069353843,0.03532558432758737,0.008934731650460602,0.019634257928763374,0.0014765663928044744,26,84,0.08739507275503684,0.0652123397532621,False,False,False,5.469641711263437e-08,COMPLETE
1901,0.30123629570007326,2025-04-01 19:46:33.581197,2025-04-01 19:46:42.620510,0 days 00:00:09.039313,0.8021935684904016,0.9397798972013638,8,0.28510763314191173,0.06345487572363973,0.015531309391603023,0.024622999309823913,0.005898205726681127,0.015012668262484642,0.0018095380117669414,24,129,0.09034562135158149,0.04381774208736341,False,False,True,1.1251716260843946e-07,COMPLETE
1902,0.42760552167892457,2025-04-01 19:46:43.258935,2025-04-01 19:46:53.552846,0 days 00:00:10.293911,0.8394594634879556,0.9004189414264787,8,0.2726415314278205,0.054558088446002795,0.012627990828233846,0.027647476721333844,0.012187795047333383,0.017500418383780005,0.0013440297353337334,26,119,0.09224297826103862,0.06820330230704397,False,False,False,8.860343653231646e-08,COMPLETE
1903,0.38646026849746706,2025-04-01 19:46:54.176159,2025-04-01 19:47:04.289422,0 days 00:00:10.113263,0.8789508414111826,0.9397022696197779,8,0.2783856869208098,0.062049028975950445,0.02474002061707467,0.03000555341826784,0.010137525441017032,0.0214376493469731,0.002585470082117708,25,116,0.08546819830087456,0.04957316924132935,False,False,False,3.67459078211601e-08,COMPLETE
