number,value,datetime_start,datetime_complete,duration,params_alpha-eval,params_alpha-train,params_batch-size,params_eps-eval,params_eps-train,params_lambda-actions-eval,params_lambda-actions-train,params_lambda-frames-eval,params_lambda-frames-train,params_learning-rate,params_n-epochs,params_n-frames,params_radius-gw,params_rho,params_std-feats,params_ub-actions,params_ub-frames,params_weight-decay,state
797,0.4372330963611603,2025-04-22 04:03:51.228541,2025-04-22 04:04:03.585120,0 days 00:00:12.356579,0.9807310484626329,0.7034615156343362,2,0.27859675281809015,0.10834779120594051,0.05504187382353601,0.021210312676676536,0.07183336489878288,0.02071579637724187,0.0014657708745822438,9,141,0.07117993894513741,0.2310783330414069,False,False,False,8.549002320673344e-08,COMPLETE
798,0.444052803516388,2025-04-22 04:04:03.848896,2025-04-22 04:04:18.050664,0 days 00:00:14.201768,0.9649977990888403,0.6118546901217463,2,0.2704803094324393,0.11342738666665991,0.05069832385710489,0.024964693458552702,0.07830913274760612,0.01097248901093778,0.0008333217409817443,12,143,0.07852856756793017,0.23753832777820644,False,False,False,1.3419777146966528e-07,COMPLETE
799,0.33869835138320925,2025-04-22 04:04:18.312097,2025-04-22 04:04:39.636725,0 days 00:00:21.324628,0.9362052215027848,0.970039778000865,2,0.2592777575803506,0.13071589974667122,0.046833692737572694,0.04651753723577082,0.08595377510438802,0.015803830819595594,0.001290863039397702,28,138,0.07355442873445132,0.2292546463594482,False,True,False,1.0956016505030323e-07,COMPLETE
800,0.44788374900817873,2025-04-22 04:04:39.883735,2025-04-22 04:04:55.327194,0 days 00:00:15.443459,0.9136106351674678,0.6786058856453677,2,0.2946530529679238,0.12290241116338449,0.048377704128370065,0.029425922832021015,0.08304186264165545,0.023287859891836075,0.0016803928995572214,14,147,0.06857277105716503,0.25413826727080113,False,False,False,7.944449284007956e-06,COMPLETE
801,0.2887604355812073,2025-04-22 04:04:55.589532,2025-04-22 04:05:11.882738,0 days 00:00:16.293206,0.9854467355069759,0.7262567556834193,2,0.2852252104349365,0.11522567948177015,0.05241230615419647,0.034546841984616605,0.08042018495043743,0.018554471451463935,0.0023882145942143353,18,140,0.005077336023267293,0.21416249744097865,False,False,True,1.7795019968583936e-07,COMPLETE
802,0.43925405740737916,2025-04-22 04:05:12.146598,2025-04-22 04:05:25.238465,0 days 00:00:13.091867,0.9998787265670276,0.694670352499397,2,0.2742181016231315,0.10116547477665307,0.04516548190727958,0.017853396901295296,0.07548224073130963,0.01422204064931773,0.001053640590008548,10,145,0.07648234861192743,0.24266473091751362,False,False,False,4.6848662071282524e-08,COMPLETE
803,0.44328739643096926,2025-04-22 04:05:25.489005,2025-04-22 04:05:39.134648,0 days 00:00:13.645643,0.9511553643507962,0.9829372823354883,2,0.24901622793597447,0.1088107119633075,0.042120667264352575,0.022699012722634186,0.06733382072161476,0.028381558186906623,0.002022190536467009,11,150,0.07992999091680116,0.22510955568384006,False,False,False,7.087041493606686e-08,COMPLETE
804,0.3803390383720398,2025-04-22 04:05:39.398933,2025-04-22 04:05:53.687899,0 days 00:00:14.288966,0.9677085443128574,0.7504048258236732,2,0.05067691799461975,0.12152056502135763,0.050701792746154266,0.026732017925016446,0.07709896591473753,0.022476491302817227,0.0005773082553410852,12,143,0.07786775557378581,0.23560183209945315,False,False,False,9.19847743651938e-08,COMPLETE
805,0.36843210458755493,2025-04-22 04:05:53.937905,2025-04-22 04:06:10.218811,0 days 00:00:16.280906,0.9342087877563872,0.6494057241368814,2,0.23257501838877218,0.13566760087801005,0.056446237622688585,0.031648483490598886,0.06527906248333518,0.009328676295777473,0.0013777726491512499,15,134,0.07470996268572135,0.24953636030189727,False,False,False,2.5646173043062403e-08,COMPLETE
806,0.4449929237365723,2025-04-22 04:06:10.480708,2025-04-22 04:06:22.812315,0 days 00:00:12.331607,0.9527642723829522,0.71995930387149,2,0.26453025004986636,0.12750577254471845,0.010973284792520958,0.020140926654382198,0.07969852002541564,0.05151261443116443,0.0009033893286351507,9,147,0.07238323318109514,0.21771624277539797,False,False,False,1.6233551592217174e-08,COMPLETE
807,0.39752442836761476,2025-04-22 04:06:23.077832,2025-04-22 04:06:30.483339,0 days 00:00:07.405507,0.9053208819108586,0.765153512399503,16,0.2811193577895727,0.1179906753939603,0.04831617988275747,0.024904110780654427,0.07356358377234866,0.025523680519539765,0.0016494860904097,13,138,0.08298338267548759,0.23226864022255136,False,False,False,5.449512675609664e-08,COMPLETE
808,0.44299682378768923,2025-04-22 04:06:30.735999,2025-04-22 04:06:44.391796,0 days 00:00:13.655797,0.9828339103047171,0.6762239636713759,2,0.2590367728668395,0.10783014099889089,0.03425211711544517,0.015811835830126332,0.08827034150310704,0.016662886569381197,0.0011629612390237614,11,142,0.0761077929828923,0.2401939269802408,False,False,False,1.252500377933854e-07,COMPLETE
809,0.4410340309143067,2025-04-22 04:06:44.657991,2025-04-22 04:06:57.625482,0 days 00:00:12.967491,0.9636218200964279,0.8855956152910031,2,0.2732128970200344,0.14201913973687064,0.05403158710826166,0.028940917125414085,0.08572668079110114,0.03133501654123502,0.0014214415947197685,10,145,0.07043023112645877,0.2584820368932933,False,False,False,3.5643286729086014e-08,COMPLETE
810,0.4507248044013977,2025-04-22 04:06:57.891902,2025-04-22 04:07:12.164274,0 days 00:00:14.272372,0.8793417760065168,0.62905800131444,2,0.2888116300401718,0.12391869909395828,0.044802076082807146,0.023621102790822645,0.05264858719602673,0.019776419607397695,0.002021656400226883,12,140,0.0814028774991009,0.2068571333425226,False,False,False,1.6689976059475082e-07,COMPLETE
811,0.3766181826591492,2025-04-22 04:07:12.418689,2025-04-22 04:07:26.907738,0 days 00:00:14.489049,0.9258683600875374,0.9586768349365858,2,0.2993589907899108,0.11512808051269521,0.04982095876531634,0.02664142681640586,0.08296634583315629,0.006322692910109138,0.0010705000587259406,11,147,0.07851224419158549,0.2235105985127395,True,False,False,6.40582025647345e-08,COMPLETE
812,0.3919834852218628,2025-04-22 04:07:27.170503,2025-04-22 04:07:40.659840,0 days 00:00:13.489337,0.9802927238440824,0.7055789590710705,2,0.2527705867231045,0.1310881561217546,0.01400102458425221,0.022034641476810807,0.06869433201906533,0.013575634660867827,0.0028754234070723235,11,67,0.07399486582553143,0.24546605404196875,False,False,False,1.0057320574844032e-07,COMPLETE
813,0.43366829156875614,2025-04-22 04:07:40.925291,2025-04-22 04:07:55.369997,0 days 00:00:14.444706,0.9992508291081056,0.9366560717488251,2,0.24155018602073117,0.1006232075814575,0.04689559065445222,0.018415118784562208,0.08158930107830249,0.021111154860043984,0.0008065800471387312,12,136,0.08533679524727579,0.22768650905956359,False,False,False,2.2416154676558042e-07,COMPLETE
814,0.38292682170867925,2025-04-22 04:07:55.622429,2025-04-22 04:08:10.617994,0 days 00:00:14.995565,0.9441100348311188,0.7259022937046792,2,0.2661994982478883,0.11203004557416876,0.03682306111764381,0.030638822144606986,0.07731969761974455,0.023937925108304628,0.001739999687029214,13,143,0.03459749824260467,0.262990594441145,False,False,False,7.99372162246694e-08,COMPLETE
815,0.3727986574172974,2025-04-22 04:08:10.883163,2025-04-22 04:08:23.850887,0 days 00:00:12.967724,0.9644202299221294,0.9985053246635449,2,0.2783830600368683,0.05843004662491791,0.05247348665405468,0.028026968864776913,0.08468417220342121,0.011117996435278185,0.0012542985381521882,10,148,0.07666498299628784,0.1897798802029246,False,False,False,1.1550033310496689e-07,COMPLETE
816,0.4364235639572144,2025-04-22 04:08:24.119054,2025-04-22 04:08:38.595909,0 days 00:00:14.476855,0.9462256770639588,0.6607729670384241,2,0.2869181378331065,0.12030653317011201,0.04320068517740378,0.024175090051249334,0.07964284322041396,0.017573352012453566,0.001523447861820505,12,141,0.07984175942706719,0.23481708772867882,False,False,False,4.2760387406431245e-08,COMPLETE
817,0.39112515449523927,2025-04-22 04:08:38.849862,2025-04-22 04:08:46.841375,0 days 00:00:07.991513,0.9820829366125813,0.6953666441264533,8,0.2707040575571864,0.10466342151660273,0.0323473486496499,0.020602141817869783,0.07525971044094441,0.019740210392808478,0.0009679770425139242,11,145,0.09469993869317636,0.2200399087422932,False,False,False,1.3940414316220428e-07,COMPLETE
818,0.3352669477462769,2025-04-22 04:08:47.104968,2025-04-22 04:08:58.813697,0 days 00:00:11.708729,0.909777102478361,0.7444671396693432,2,0.2835558369683934,0.12663560853421368,0.06018447540968315,0.025179668498039584,0.07050073738931778,0.027293081401296604,0.00240677754261785,10,150,0.07115667466080892,0.24179554203655695,False,True,False,6.367386484949748e-08,COMPLETE
819,0.29058271646499634,2025-04-22 04:08:59.084126,2025-04-22 04:09:12.474861,0 days 00:00:13.390735,0.9272675382281806,0.9788534813218431,2,0.2607360588021622,0.11839901871720522,0.055341956940063684,0.028176880751058803,0.08672507393045256,0.022092338556295707,0.0006576843887919633,13,138,0.07301210982445594,0.21153474550780638,False,False,True,8.720036168614346e-08,COMPLETE
820,0.390014111995697,2025-04-22 04:09:12.729631,2025-04-22 04:09:26.140670,0 days 00:00:13.411039,0.9646073782105817,0.6774089724913297,2,0.29400665532826353,0.1346878970969305,0.049476423617041326,0.02272232796607225,0.07875104194524321,0.015472523936203368,0.0012908360661008896,11,57,0.0752736433275903,0.24912773165017524,False,False,False,2.8623440822614584e-08,COMPLETE
821,0.39160609245300293,2025-04-22 04:09:26.405337,2025-04-22 04:09:40.756906,0 days 00:00:14.351569,0.950939923733954,0.7955077731995935,2,0.2765538969342168,0.10985562312381299,0.029571794093179248,0.033229791287218036,0.08231524026139177,0.009175044283288743,0.001798725866890241,12,79,0.06077349510963486,0.2311755862843311,False,False,False,5.3559722182571885e-08,COMPLETE
822,0.4457718372344971,2025-04-22 04:09:41.029071,2025-04-22 04:09:55.353275,0 days 00:00:14.324204,0.9986099285665346,0.7162845499354592,2,0.24527390674338045,0.1238604243396844,0.0579038499401754,0.017106057439764656,0.06309966520291461,0.025035774676001793,0.0010406561676099462,12,143,0.07754785655602836,0.23892248238476801,False,False,False,1.6487840112073346e-07,COMPLETE
823,0.38554158210754397,2025-04-22 04:09:55.621558,2025-04-22 04:10:09.344325,0 days 00:00:13.722767,0.9727337002368653,0.6929102477541491,2,0.26800920236803855,0.14637810191017614,0.05148136692740885,0.037871746907277654,0.08850884891462951,0.004256132887160827,0.0015218711111278605,11,145,0.06869965646032775,0.22499484222173013,False,False,False,1.080911322169661e-07,COMPLETE
824,0.42486170530319217,2025-04-22 04:10:09.600776,2025-04-22 04:10:25.183389,0 days 00:00:15.582613,0.9302156767513947,0.7350363176356673,2,0.25481996915280186,0.11477723118404176,0.04642355382738748,0.026117409721697914,0.0730461707727269,0.04229533250509282,0.0020926917863436185,14,135,0.08147082144297052,0.25188734051783285,False,False,False,7.482678750028177e-08,COMPLETE
825,0.4414202213287354,2025-04-22 04:10:25.452078,2025-04-22 04:10:38.511095,0 days 00:00:13.059017,0.8949941093061339,0.9626164115598768,2,0.2794261331272077,0.13092514254225004,0.04160682710177413,0.019816105337034574,0.04670319441841976,0.05853386453857644,0.001205100572045837,10,140,0.07428278179125425,0.2690345347676337,False,False,False,3.3160240070052196e-08,COMPLETE
826,0.4552207350730896,2025-04-22 04:10:38.782034,2025-04-22 04:10:53.010469,0 days 00:00:14.228435,0.9996776232099017,0.6540229194827843,2,0.26309265684768224,0.10419685687263723,0.05336460805848585,0.03080997597434679,0.08138883816348075,0.012407630278093244,0.0008866117811481728,12,148,0.07968969819755183,0.2358242398010391,False,False,False,1.4344576164946278e-07,COMPLETE
827,0.45194095373153687,2025-04-22 04:10:53.268838,2025-04-22 04:11:06.961205,0 days 00:00:13.692367,0.969584637156681,0.765215391768343,2,0.29008796893755895,0.1396090848342598,0.0480995486182154,0.021899375908967962,0.08415445374820404,0.018534927643033973,0.001705902287274158,11,141,0.07197209494260666,0.24563817753306647,False,False,False,7.224533988029756e-05,COMPLETE
828,0.3918658018112183,2025-04-22 04:11:07.231492,2025-04-22 04:11:14.226058,0 days 00:00:06.994566,0.9511934976229328,0.7059022954011658,16,0.17290875679888484,0.11927511199743895,0.04515130568365208,0.026126368674407596,0.0777230804278183,0.022755419936551852,0.0013881466380787947,9,145,0.0756669619093292,0.2199674483904166,False,False,False,4.5322077961635706e-08,COMPLETE
829,0.44490420818328863,2025-04-22 04:11:14.501181,2025-04-22 04:11:29.362807,0 days 00:00:14.861626,0.9150927110574543,0.9055053875832169,2,0.2744055617172291,0.12686553197237616,0.051052733814892795,0.014414372831834029,0.07552504553937525,0.016602277365367964,0.0010997267472087765,13,138,0.07754975728419383,0.22811278285747144,False,False,False,3.297001882239113e-07,COMPLETE
830,0.385150146484375,2025-04-22 04:11:29.618378,2025-04-22 04:11:43.905573,0 days 00:00:14.287195,0.86284909085439,0.679373340789296,2,0.25121721759667187,0.10913428196755509,0.04401990234942681,0.028972338183820997,0.07988224650065893,0.028436644705139118,0.0007517400791359685,11,132,0.08330472390174899,0.149577095493294,True,False,False,1.2439716989935585e-05,COMPLETE
831,0.46028257608413703,2025-04-22 04:11:44.176868,2025-04-22 04:11:57.215558,0 days 00:00:13.038690,0.9843492594275062,0.630226559893283,2,0.26950598261958597,0.11372077671175763,0.075726258181079,0.02387605310543325,0.026165513946956282,0.00744814793029945,0.0022231267645013678,10,143,0.07240501817659956,0.2552258466827532,False,False,False,9.456821556787347e-08,COMPLETE
832,0.3819111347198486,2025-04-22 04:11:57.486712,2025-04-22 04:12:09.897440,0 days 00:00:12.410728,0.9828980784845845,0.6612002559529586,2,0.28245224726329976,0.1007931587971689,0.07682189366382258,0.024061979562803672,0.006807728326436009,0.003799709615859547,0.002957577833744641,9,136,0.06769192179514862,0.21497213435454066,False,False,False,1.0428764441373678e-07,COMPLETE
833,0.37721512317657474,2025-04-22 04:12:10.153649,2025-04-22 04:12:23.149477,0 days 00:00:12.995828,0.9819465389456522,0.6043986847959056,2,0.2721060694268655,0.11349024298332082,0.07410863943349898,0.02729625434138752,0.016390116610914312,0.005249838097854466,0.0030325393293568086,10,142,0.06972633457904062,0.2616835388679948,False,False,False,8.946416488900838e-08,COMPLETE
834,0.3719599008560181,2025-04-22 04:12:23.420191,2025-04-22 04:12:35.812902,0 days 00:00:12.392711,0.984634586373041,0.6264714016159386,2,0.2779170055238334,0.10545277181372373,0.019109845615663222,0.025211132384650004,0.048946304868094995,0.007212261833742288,0.0036148024477393455,9,139,0.07046658385328573,0.23729149993171822,False,False,False,1.1773144495963833e-07,COMPLETE
835,0.3706286907196045,2025-04-22 04:12:36.084724,2025-04-22 04:12:48.976682,0 days 00:00:12.891958,0.9682681972672239,0.6270340926874164,2,0.2692068349421635,0.1115765123990229,0.07992209447172821,0.024329489392389693,0.012137845962111628,0.006195770832747901,0.0024841805468690456,10,134,0.07163078681178596,0.23097250273030337,False,False,False,1.880366693711177e-07,COMPLETE
836,0.44786431789398196,2025-04-22 04:12:49.238116,2025-04-22 04:13:02.309639,0 days 00:00:13.071523,0.9831465149929834,0.6323053049171319,2,0.2846182065562408,0.09863097644653876,0.03647646359234814,0.026583272457278217,0.07227362431311844,0.007145023422523691,0.0023716091663196605,10,142,0.07322089466929453,0.22321449373466218,False,False,False,7.932765364659514e-08,COMPLETE
837,0.4173480033874512,2025-04-22 04:13:02.580612,2025-04-22 04:13:14.923545,0 days 00:00:12.342933,0.9653087976561057,0.9425022402638635,2,0.27591097141818444,0.10752145810844695,0.03992548540513534,0.028034440805488618,0.06973845304549399,0.008148809951301806,0.0021375980386257143,9,139,0.07272481991738408,0.18423763418272582,False,False,False,0.00026508140771417527,COMPLETE
838,0.2887604355812073,2025-04-22 04:13:15.196845,2025-04-22 04:13:26.898928,0 days 00:00:11.702083,0.9978084479156237,0.6470760563803072,2,0.2680944901233289,0.11478797026920817,0.09232493502918575,0.02290005437495172,0.02382856905034163,0.010631972999828716,0.0041402514170683314,10,144,0.06930259648454869,0.24340887951282938,False,True,True,1.3045606197656114e-07,COMPLETE
839,0.38449313640594485,2025-04-22 04:13:27.158444,2025-04-22 04:13:40.127149,0 days 00:00:12.968705,0.9618384319205194,0.9723284646929878,2,0.2922216291857044,0.11837922531544322,0.07985784646996709,0.030499886017340633,0.07458031498956019,0.008625353219172393,0.002034321806681742,10,137,0.06673240542799816,0.2544446963283268,False,False,False,9.836897836081238e-08,COMPLETE
840,0.4539254188537598,2025-04-22 04:13:40.398193,2025-04-22 04:13:54.708284,0 days 00:00:14.310091,0.9850207716231054,0.9844337381306019,2,0.2822701129307661,0.11147871158425328,0.04158098320936738,0.025664899275715337,0.031956270647710706,0.012274865409587159,0.00184754000229069,12,141,0.07439554243250436,0.20767182637576417,False,False,False,2.430218580072736e-07,COMPLETE
841,0.4259344577789307,2025-04-22 04:13:54.983141,2025-04-22 04:14:09.845091,0 days 00:00:14.861950,0.9527203707256034,0.7533543790783762,2,0.2734290208798953,0.10364858114914527,0.044174132045466205,0.0238040325633799,0.020723989562357988,0.005572442146421046,0.002659157403793667,13,145,0.07200502648257687,0.23287060818293184,False,False,False,1.4824553014715957e-07,COMPLETE
842,0.43267493247985844,2025-04-22 04:14:10.121623,2025-04-22 04:14:22.586919,0 days 00:00:12.465296,0.9986443619992001,0.7348745589590238,2,0.26509424748687,0.1182805639450393,0.08888430212769785,0.028265090939012916,0.027326183750794188,0.0010257737026610498,0.0033240472405912493,9,148,0.0742213313774384,0.24572793232543913,False,False,False,7.715393394139971e-08,COMPLETE
843,0.38586810827255247,2025-04-22 04:14:22.848734,2025-04-22 04:14:30.683549,0 days 00:00:07.834815,0.9700996817341184,0.9548357791052451,8,0.2885089311541717,0.1213194149119452,0.07671426551699219,0.032685587195369264,0.042702924697887404,0.0072444995765342905,0.0022386453601992195,10,143,0.07116353604111533,0.23856817248750575,False,False,False,1.0574187095532526e-07,COMPLETE
844,0.37773072719573975,2025-04-22 04:14:30.960864,2025-04-22 04:14:42.750541,0 days 00:00:11.789677,0.9429603109420123,0.59996654896812,2,0.2787332800062697,0.10917240947914017,0.08553154748487726,0.02173048364314569,0.05654882039709659,0.010587718524605839,0.0017984794314452233,8,137,0.026048986542347503,0.22673040523757973,False,False,False,8.958312849763793e-08,COMPLETE
845,0.4332832932472229,2025-04-22 04:14:43.024579,2025-04-22 04:14:57.355511,0 days 00:00:14.330932,0.9776542105846394,0.5800823423807481,2,0.271555581526409,0.11576961994026184,0.03432424943731906,0.02636063924896344,0.059349967309932715,0.009239915764343487,0.001484507018460379,12,140,0.07570245585144052,0.20153829948901392,False,False,False,1.2879491789751653e-07,COMPLETE
846,0.44260240793228156,2025-04-22 04:14:57.615734,2025-04-22 04:15:11.410624,0 days 00:00:13.794890,0.9541045905801343,0.713831878818032,2,0.285251961539367,0.12338957741686331,0.06941345540573396,0.029501346400187724,0.06561571864373533,0.0991895228158852,0.002129749213102029,11,150,0.07322722616531872,0.21739862937977883,False,False,False,6.758520562577249e-08,COMPLETE
847,0.4602261066436768,2025-04-22 04:15:11.688938,2025-04-22 04:15:25.260658,0 days 00:00:13.571720,0.9843432707126103,0.6499641306932893,2,0.2993467416742418,0.10115581829586512,0.027580293792061727,0.024171094645761816,0.04096711976650183,0.013878556370125085,0.0016700719917930693,11,145,0.07578815936926468,0.23263817815871812,False,False,False,1.7861539140046657e-07,COMPLETE
848,0.38369648456573485,2025-04-22 04:15:25.538556,2025-04-22 04:15:38.495907,0 days 00:00:12.957351,0.9650445409298237,0.6158290559649264,2,0.2990670894518307,0.09989162498879023,0.030024467494169437,0.022001587443923675,0.024910496249416075,0.013591638731359792,0.0025677013113575785,10,134,0.06990715390417267,0.24172443520061315,False,False,False,2.540453714492124e-07,COMPLETE
849,0.45842260122299194,2025-04-22 04:15:38.759465,2025-04-22 04:15:51.741512,0 days 00:00:12.982047,0.9998431209297819,0.6412023220777447,2,0.29841427844298585,0.09838085342137945,0.025934739478863125,0.023724834411723045,0.034182629227822066,0.011823789607571945,0.0019514800338158742,10,142,0.07393131211964968,0.25000228497795907,False,False,False,1.7538187663970597e-07,COMPLETE
850,0.3824520826339722,2025-04-22 04:15:52.016811,2025-04-22 04:16:05.003896,0 days 00:00:12.987085,0.9979427743126843,0.6367006534631695,2,0.2995301347696293,0.09788461614397312,0.025245000318660355,0.02107171707419784,0.03398314685079979,0.013660368724966628,0.0029760985733598825,9,138,0.0482167191681016,0.2587733312302683,True,False,False,3.1116203404569103e-07,COMPLETE
851,0.38539389371871946,2025-04-22 04:16:05.280480,2025-04-22 04:16:12.256270,0 days 00:00:06.975790,0.9972729906651671,0.6057433547235794,16,0.2999112903227542,0.09728387720728916,0.023814795351103233,0.022659386004769248,0.0327738294773156,0.01212439795569363,0.002220847387084716,9,140,0.07261920126870572,0.25291575274596645,False,False,False,2.527649048650977e-07,COMPLETE
852,0.3833973526954651,2025-04-22 04:16:12.518393,2025-04-22 04:16:25.425454,0 days 00:00:12.907061,0.9825163684758678,0.6297565842243845,2,0.29325009019052767,0.09029241827160146,0.08267519403979776,0.023919996592095476,0.02941763074011614,0.013839025937035131,0.0025478119237207822,10,132,0.06801825121365687,0.2595065727386171,False,False,False,2.0632941422479306e-07,COMPLETE
853,0.3817887783050537,2025-04-22 04:16:25.700208,2025-04-22 04:16:38.193232,0 days 00:00:12.493024,0.9818256297450422,0.613959593518931,2,0.2985339403023327,0.09444031894988011,0.02212123746560167,0.020871959727279586,0.0374983458331666,0.011723901235697446,0.001991864415519293,9,135,0.07518718059543468,0.26539013164389275,False,False,False,2.0601301900541547e-07,COMPLETE
