number,value,datetime_start,datetime_complete,duration,params_alpha-eval,params_alpha-train,params_batch-size,params_eps-eval,params_eps-train,params_lambda-actions-eval,params_lambda-actions-train,params_lambda-frames-eval,params_lambda-frames-train,params_learning-rate,params_n-epochs,params_n-frames,params_radius-gw,params_rho,params_std-feats,params_ub-actions,params_ub-frames,params_weight-decay,state
1792,0.443890392780304,2025-04-01 19:25:50.357740,2025-04-01 19:26:01.197996,0 days 00:00:10.840256,0.8597323400713671,0.8776315907449791,8,0.2885092917273774,0.06647838455329064,0.06472283937064852,0.020659261107969007,0.007757284095639666,0.01285150851975752,0.0010817602741193851,29,118,0.08779686004489705,0.03148806136980461,False,False,False,1.0288243443867215e-08,COMPLETE
1793,0.4281797289848328,2025-04-01 19:26:01.798940,2025-04-01 19:26:12.482452,0 days 00:00:10.683512,0.82195734065213,0.8705267014770467,8,0.2779358992257499,0.056551499037804195,0.06534924777175452,0.019931792123231283,0.008100114475119883,0.011826698406870305,0.0015894603536069794,28,113,0.0911995068666005,0.04421180609578039,False,False,False,1.4576763278517008e-07,COMPLETE
1794,0.33253964185714724,2025-04-01 19:26:13.091586,2025-04-01 19:26:22.655020,0 days 00:00:09.563434,0.8368054354218272,0.8918715359568717,8,0.27222706976819333,0.049928763056208254,0.06320343874892705,0.021460637101716758,0.004867591152848255,0.013902685943188945,0.001324150738984544,28,110,0.0882714419981975,0.05113177635051391,False,True,False,1.492049783926439e-08,COMPLETE
1795,0.4267268657684326,2025-04-01 19:26:23.239723,2025-04-01 19:26:33.844768,0 days 00:00:10.605045,0.8173030357066962,0.8747464688843749,8,0.28231917759925906,0.060740724840738294,0.06512443899645257,0.02033899691685144,0.005877889435426938,0.012933320303388814,0.0011821843988534624,28,116,0.0908473515108052,0.0357142784838237,False,False,False,4.516781730282309e-08,COMPLETE
1796,0.4252978324890137,2025-04-01 19:26:34.456735,2025-04-01 19:26:44.836083,0 days 00:00:10.379348,0.838074171380744,0.8684667899803644,8,0.265484159042776,0.06352529944710081,0.06420595834123509,0.02131878258258592,0.009865156415155925,0.012506654963162214,0.001755074717632581,27,111,0.08943048536442393,0.03175348057839205,False,False,False,2.0008713029436226e-08,COMPLETE
1797,0.43912039995193486,2025-04-01 19:26:45.448162,2025-04-01 19:26:56.061704,0 days 00:00:10.613542,0.8475618795933809,0.9021437768193394,8,0.27725846817629723,0.05537955718540249,0.06270393719161363,0.022026772062271816,0.00905122764864328,0.01377864089096704,0.0014472993068438073,28,116,0.08794260538959285,0.05642964266338035,False,False,False,1.6210830127951524e-08,COMPLETE
1798,0.41567422151565553,2025-04-01 19:26:56.647169,2025-04-01 19:27:21.408435,0 days 00:00:24.761266,0.8087239235557514,0.8538527049427607,2,0.28584264521972574,0.06094954902814565,0.06611982990076856,0.021688909438022277,0.008284467231070753,0.01583458948051655,0.001107750551501484,29,114,0.09383510116696475,0.08779425418711746,False,False,False,2.5448641768991193e-08,COMPLETE
1799,0.43335690498352053,2025-04-01 19:27:22.018333,2025-04-01 19:27:31.697945,0 days 00:00:09.679612,0.8510288808726443,0.860805306765556,8,0.2691888021757216,0.04878865777110078,0.06478649019480691,0.020179021615255793,0.004307503618643946,0.08224843730149577,0.0011937345691686876,23,118,0.09214757265161003,0.022257836188017327,False,False,False,3.179467935312402e-08,COMPLETE
1800,0.3892925500869751,2025-04-01 19:27:32.283341,2025-04-01 19:27:43.065009,0 days 00:00:10.781668,0.8604468209224491,0.8893172666445831,8,0.2823014810430876,0.06484656346381534,0.06358265994176951,0.022797510821750733,0.00693766373572091,0.012427571861399492,0.0018770587199277496,29,116,0.08974949105864911,0.21805616159871188,False,False,False,1.665672310982816e-08,COMPLETE
1801,0.4208298325538635,2025-04-01 19:27:43.677437,2025-04-01 19:27:54.277883,0 days 00:00:10.600446,0.8289046953274655,0.8814379639635631,8,0.27445705337264553,0.06718969887847531,0.0670932199750606,0.01926017568129151,0.008113397739711375,0.014792439824656913,0.001482060879642126,28,112,0.0879041653187752,0.04097822991021363,False,False,False,1.1617878972650482e-08,COMPLETE
1802,0.42997421026229865,2025-04-01 19:27:54.866519,2025-04-01 19:28:05.526899,0 days 00:00:10.660380,0.8514317491405509,0.8491946889624937,8,0.28700853891819794,0.05558412233126438,0.061770118743398494,0.022243469188026863,0.006725123930842644,0.01538114946047079,0.0010250362001780313,28,118,0.09667737510782075,0.14433421487816497,False,False,False,1.6354567695544394e-08,COMPLETE
1803,0.4353468656539917,2025-04-01 19:28:06.138108,2025-04-01 19:28:17.029441,0 days 00:00:10.891333,0.8535425059502737,0.8982072357434073,8,0.280473086791942,0.061342939351772645,0.06747666336690185,0.018894521147195288,0.010012998489867513,0.013407585466472418,0.0013276462046168424,29,119,0.09111733916506173,0.04652397664152342,False,False,False,1.1480088809686228e-08,COMPLETE
1804,0.30584245920181274,2025-04-01 19:28:17.624524,2025-04-01 19:28:27.089339,0 days 00:00:09.464815,0.8658638569716951,0.883496312166145,8,0.26781666194809933,0.06776601119790433,0.06398459992218403,0.02098724452849379,0.011127135162054526,0.016414400077171685,0.0010797997071219018,27,114,0.06793778998142797,0.02729243173968085,False,False,True,1.0608057321791473e-08,COMPLETE
1805,0.39988203048706056,2025-04-01 19:28:27.697144,2025-04-01 19:28:38.277037,0 days 00:00:10.579893,0.8676669625159671,0.9277272795698707,8,0.2865705894416884,0.05181432556095046,0.06176419321617984,0.018050134742147377,0.00866544328424637,0.012011317124040782,0.00012240761041318096,28,108,0.08793661639805685,0.016551594400830535,False,False,False,1.3877950826772347e-08,COMPLETE
1806,0.4181547641754151,2025-04-01 19:28:38.865953,2025-04-01 19:28:49.429608,0 days 00:00:10.563655,0.8373353589582928,0.9103704340874511,8,0.27748929898293756,0.05812290747572077,0.06663539185220484,0.022735562233717765,0.003558573253071921,0.013756376333033036,0.001261167522271039,28,104,0.0895889417951499,0.03647088328902676,False,False,False,1.389589752183685e-08,COMPLETE
1807,0.380638861656189,2025-04-01 19:28:50.045155,2025-04-01 19:28:58.678999,0 days 00:00:08.633844,0.811778978053801,0.8478002516470124,16,0.2722956703972229,0.0684077201450157,0.01226462987863188,0.04192803135500365,0.006394198446933416,0.01720409549134273,0.0009907812925952627,27,120,0.09401863078155245,0.024672934624656334,False,False,False,1.2137709461768285e-08,COMPLETE
1808,0.36450733542442326,2025-04-01 19:28:59.291042,2025-04-01 19:29:11.050189,0 days 00:00:11.759147,0.8692595171186597,0.869282908517794,8,0.2899765032142979,0.10657065525363517,0.06460051363284744,0.019469960996930907,0.007291621835292516,0.014575649070926773,0.0015203964657699927,29,115,0.018305929820956864,0.019669581817677792,True,False,False,1.546457765655129e-08,COMPLETE
1809,0.3994142532348633,2025-04-01 19:29:11.645448,2025-04-01 19:29:22.407671,0 days 00:00:10.762223,0.8419722487182002,0.9212530956424073,8,0.26556309783594273,0.1441382291966144,0.06159332698865808,0.06790331646515688,0.010905788472446588,0.01893438162865512,0.0011358972619210693,29,122,0.08670528226928059,0.031436103709504275,False,False,False,1.6661153636402686e-08,COMPLETE
1810,0.37637696266174314,2025-04-01 19:29:23.023581,2025-04-01 19:29:33.596284,0 days 00:00:10.572703,0.878599318408565,0.8341842337291003,8,0.28251222136653814,0.13360540060033663,0.0685093375875309,0.02077930527846954,0.010257440605101758,0.0167223073104968,0.0020264007596830654,28,110,0.09133302649541161,0.24408388041097528,False,False,False,1.288503671267312e-08,COMPLETE
1811,0.42942217588424686,2025-04-01 19:29:34.192570,2025-04-01 19:29:44.492165,0 days 00:00:10.299595,0.8680999008254153,0.8824675355309048,8,0.27622970218994963,0.06624827777477688,0.06560259662917023,0.022845602640006863,0.004642769530864443,0.011730839066177178,0.0009293382802788429,26,118,0.08895537973334855,0.0408512086737546,False,False,False,1.1488271282155453e-08,COMPLETE
1812,0.41590657234191897,2025-04-01 19:29:45.108822,2025-04-01 19:29:56.006673,0 days 00:00:10.897851,0.8551647295242281,0.8619924568500353,8,0.2891033585449011,0.05997655099819553,0.0610978543558017,0.018231034902368628,0.007635508229395878,0.011345154579658397,0.0016180559410111527,29,130,0.08650836971574588,0.012951610558138678,False,False,False,1.0444665893489326e-08,COMPLETE
1813,0.43340359926223754,2025-04-01 19:29:56.608951,2025-04-01 19:30:07.125680,0 days 00:00:10.516729,0.8333173494779683,0.9081230898415781,8,0.28313669822448573,0.07031223657819559,0.06310045491125384,0.023638009350527317,0.011736903477517333,0.01524487362301417,0.0012628378255394874,27,126,0.09266273348156503,0.12037993106378711,False,False,False,1.8808465504905158e-08,COMPLETE
1814,0.4287344932556153,2025-04-01 19:30:07.743395,2025-04-01 19:30:18.326288,0 days 00:00:10.582893,0.8815824733953604,0.8269865182474897,8,0.27267444602733293,0.07434448845075613,0.017031752395020763,0.03331993171456949,0.0032770093305672697,0.017959137476807475,0.0009195814585081698,28,124,0.09016246513643335,0.030997508530980142,False,False,False,7.029106828388746e-08,COMPLETE
1815,0.3382111966609955,2025-04-01 19:30:18.922704,2025-04-01 19:30:28.661267,0 days 00:00:09.738563,0.8818369419952584,0.8510495323563079,8,0.2897680004786721,0.09856081201776665,0.025252996250094417,0.020826975109825438,0.00903404051196334,0.013578888694480791,0.00108897691621336,29,120,0.0876750909657099,0.024877252126840544,False,True,False,1.643296295356853e-08,COMPLETE
1816,0.402702534198761,2025-04-01 19:30:29.278982,2025-04-01 19:30:39.897022,0 days 00:00:10.618040,0.8614902182619584,0.8899118505124032,8,0.19180424210276498,0.20980389846424602,0.0683634949892342,0.02357017082654736,0.013456736824613189,0.02029476178708951,0.0013545791848290991,28,135,0.08624955329669433,0.036616520893821156,False,False,False,1.0669040510955489e-08,COMPLETE
1817,0.4225038528442383,2025-04-01 19:30:40.493169,2025-04-01 19:30:51.372102,0 days 00:00:10.878933,0.8243023285888911,0.9323628949037681,8,0.27971190339176166,0.049549046647883635,0.0638842002525163,0.018167847531477332,0.006354561508243612,0.015663465623371696,0.0008994509602044079,29,116,0.0952010892518827,0.0471143618083805,False,False,False,2.455593500317114e-08,COMPLETE
1818,0.4173578500747681,2025-04-01 19:30:51.966620,2025-04-01 19:31:15.350976,0 days 00:00:23.384356,0.8881466761446652,0.9072859230217222,2,0.2876130191191431,0.06259747395696964,0.0926900485538176,0.01838285896567375,0.005597422398005993,0.013042787762441062,0.0022926194351522784,27,128,0.09086482584919084,0.0060926894821436905,False,False,False,1.678637312516713e-08,COMPLETE
1819,0.42040638923645024,2025-04-01 19:31:15.961876,2025-04-01 19:31:26.220143,0 days 00:00:10.258267,0.8475415775956913,0.818976124245044,8,0.2648139871860756,0.056092417071791696,0.0608841570195065,0.017441843689475534,0.010382965555008028,0.018783509597143106,0.001089450933602245,26,113,0.09281923179732696,0.01926046549750366,False,False,False,2.239047915880779e-08,COMPLETE
1820,0.4040355086326599,2025-04-01 19:31:26.853843,2025-04-01 19:31:37.687806,0 days 00:00:10.833963,0.8714496645683452,0.8748339946516329,8,0.27800430346986116,0.07889105522359353,0.06028432661423609,0.020637581715342242,0.026400939010431754,0.011202784378950267,0.0016663568243629264,29,139,0.08868626674997596,0.029247966417463772,False,False,False,1.3031143835541561e-08,COMPLETE
1821,0.414154851436615,2025-04-01 19:31:38.288723,2025-04-01 19:31:48.214171,0 days 00:00:09.925448,0.11666664755839917,0.8658289722959989,8,0.28461293322165937,0.06856801558791213,0.06474353299412011,0.01618839392381798,0.013729958205796646,0.021605380721879106,0.0009281577543956063,24,121,0.08544156927548657,0.0121596643946803,False,False,False,1.0015842408960616e-08,COMPLETE
1822,0.4155675649642945,2025-04-01 19:31:48.833444,2025-04-01 19:31:59.587359,0 days 00:00:10.753915,0.8900184549293797,0.9611444818749006,8,0.2707315895056131,0.06294616663456958,0.06714733660253008,0.004635819109322268,0.004986990763219984,0.01624412351031347,0.001259822029460151,28,132,0.08838145880269559,0.07359219896295444,False,False,False,1.3542540573073266e-08,COMPLETE
1823,0.3175043821334839,2025-04-01 19:32:00.188668,2025-04-01 19:32:09.815150,0 days 00:00:09.626482,0.8502270106401122,0.8499352517517741,8,0.29175374648685704,0.07225433270701599,0.028563233779534215,0.024056770671680355,0.023143242625031472,0.013874970009040626,0.0002055049409215296,28,117,0.0903018195876811,0.05684843995663871,False,False,True,1.0504530177281004e-08,COMPLETE
1824,0.4178037524223328,2025-04-01 19:32:10.409040,2025-04-01 19:32:20.898793,0 days 00:00:10.489753,0.8067417808666196,0.9280758129522365,8,0.27530347398507915,0.05561011998615758,0.09637745379798768,0.021824731048157266,0.007523058605573116,0.01844476166521178,0.0014221877314040754,27,124,0.0864756912753894,0.023101363433741667,False,False,False,1.0374466915672034e-08,COMPLETE
1825,0.4378547072410584,2025-04-01 19:32:21.514846,2025-04-01 19:32:32.331521,0 days 00:00:10.816675,0.8669137644425956,0.8152924780415174,8,0.28212190042561813,0.08251092114022096,0.06282291027132597,0.016700480612888067,0.011884977964915843,0.020364240657486134,0.0010388576406589697,29,119,0.09119179647963074,0.03665938627908982,False,False,False,1.086969320997133e-08,COMPLETE
1826,0.4122512459754944,2025-04-01 19:32:32.953610,2025-04-01 19:32:43.790674,0 days 00:00:10.837064,0.8923403466517935,0.8352264622538568,8,0.2904384947664975,0.11484907819381132,0.06641093393407199,0.019346631196288027,0.003017074767295451,0.016105364328420954,0.0008101350993590368,29,126,0.08812181009111081,0.01641616056701813,False,False,False,1.4618082143549026e-08,COMPLETE
1827,0.4009313821792603,2025-04-01 19:32:44.392837,2025-04-01 19:32:55.843363,0 days 00:00:11.450526,0.8719547849858792,0.9088083438218237,8,0.2681001373624725,0.0652448505691391,0.020163029568773833,0.03709350177890613,0.031913744409385575,0.012217386985843268,0.0011794147993431474,28,112,0.09339773941159397,0.001089434608641273,True,False,False,1.0017655038643658e-08,COMPLETE
1828,0.4015776038169861,2025-04-01 19:32:56.467024,2025-04-01 19:33:05.002589,0 days 00:00:08.535565,0.8978276780463244,0.8033775759480617,16,0.21734061009982839,0.07603963981161785,0.06777855477812257,0.025039454213859766,0.010986410844040999,0.022693504677370146,0.0008981687894060889,26,122,0.08488077764448587,0.028993166279039584,False,False,False,1.459065732238974e-08,COMPLETE
1829,0.39385949373245244,2025-04-01 19:33:05.601371,2025-04-01 19:33:16.078131,0 days 00:00:10.476760,0.8377764775559464,0.892080531457165,8,0.2850181166884107,0.09866182491502086,0.06332369558744098,0.03138108356926217,0.008586752508140756,0.010834653104140541,0.0017953671800117268,27,115,0.03228129702083434,0.041239247950504404,False,False,False,1.4203486160986074e-08,COMPLETE
1830,0.43093624114990237,2025-04-01 19:33:16.674714,2025-04-01 19:33:27.578251,0 days 00:00:10.903537,0.8843330474558315,0.7791932622111901,8,0.2947935515671648,0.049069905772227834,0.02403705210248439,0.01705618996913932,0.013436633194341794,0.014588924890267656,0.0014795256977813188,29,131,0.08933334283177154,0.12680984354776376,False,False,False,1.0455009205501939e-08,COMPLETE
1831,0.32377501130104064,2025-04-01 19:33:28.199786,2025-04-01 19:33:37.971961,0 days 00:00:09.772175,0.8567950797846392,0.8722250702683678,8,0.2767628424631818,0.07005908462664899,0.04115199658308871,0.0024393173891355015,0.007787683742535561,0.018132831169792047,0.0010470932195764777,29,118,0.08648985515015908,0.03383470267646984,False,True,False,2.1446864304153735e-08,COMPLETE
1832,0.4026201128959656,2025-04-01 19:33:38.595976,2025-04-01 19:33:49.198667,0 days 00:00:10.602691,0.522792230690477,0.9399850527129622,8,0.2678776895510241,0.08576874409977941,0.06933121821136785,0.03325508545546056,0.009232076500156453,0.02144560734180396,0.0007833106421188514,28,123,0.09212874247565474,0.020641031663638808,False,False,False,1.679787386040253e-07,COMPLETE
1833,0.4292954444885254,2025-04-01 19:33:49.802347,2025-04-01 19:34:00.201020,0 days 00:00:10.398673,0.9071121532509053,0.8514978909033621,8,0.2806705479649195,0.06095412399551009,0.09035468528416907,0.02158120640686001,0.03388246505727405,0.01734241332808802,0.0012624417842751108,27,120,0.08806674120131996,0.025928691471938912,False,False,False,2.2759559665861914e-07,COMPLETE
1834,0.4247759938240051,2025-04-01 19:34:00.799717,2025-04-01 19:34:11.628117,0 days 00:00:10.828400,0.8778093712495325,0.8374910158401064,8,0.29064037263741577,0.07922415676185486,0.0654217508801863,0.019979370735840545,0.029036174173417376,0.013185465660995599,0.0009401628336500685,29,128,0.09009328761619322,0.011956195238363974,False,False,False,1.9845599729177917e-05,COMPLETE
1835,0.421090841293335,2025-04-01 19:34:12.245196,2025-04-01 19:34:22.864511,0 days 00:00:10.619315,0.8981608666328419,0.9000656839370453,8,0.26449580955446583,0.07186241890934972,0.0615604382771131,0.022763213364861565,0.0151614164984068,0.024026159423951282,0.0007270337907627332,28,110,0.09532414023298573,0.09379157524745928,False,False,False,1.0022803992544221e-08,COMPLETE
1836,0.4317465662956238,2025-04-01 19:34:23.463659,2025-04-01 19:34:33.950176,0 days 00:00:10.486517,0.8197445347231364,0.7835823208509842,8,0.2858440747665626,0.05739020522667212,0.021850908829732604,0.01688449719551431,0.07247989798551664,0.0194378068997474,0.0012236087347049043,27,125,0.08479432778293272,0.04604533145510884,False,False,False,2.0800113821465348e-08,COMPLETE
1837,0.43445662260055545,2025-04-01 19:34:34.568950,2025-04-01 19:34:45.199051,0 days 00:00:10.630101,0.8497001305071128,0.8775620718344401,8,0.2719748221850851,0.06544455125163239,0.014453005393191784,0.02463617723750136,0.005429215007023039,0.07572882815848618,0.0010422989921256916,28,116,0.08683186871208594,0.03300963147758749,False,False,False,2.473058839472645e-07,COMPLETE
1838,0.40464171171188357,2025-04-01 19:34:45.827802,2025-04-01 19:34:56.478150,0 days 00:00:10.650348,0.8684360920374952,0.9816264425133348,8,0.18317123213226694,0.08386095668320938,0.05971359337480672,0.0193535996007361,0.0029597027475411226,0.015663058641511907,0.0008682458511873275,29,80,0.0908867683494888,0.017585924312528957,False,False,False,1.2150805216672964e-06,COMPLETE
1839,0.42054214477539065,2025-04-01 19:34:57.092342,2025-04-01 19:35:07.670433,0 days 00:00:10.578091,0.8923825572656543,0.8158291405069821,8,0.2950062014550266,0.09422617876646489,0.06602302493925663,0.015076335758944188,0.012069570930638034,0.01068480602130084,0.0016378731977184414,28,121,0.09747816255102626,0.0647475170725337,False,False,False,1.3685104511396177e-06,COMPLETE
1840,0.4064204692840577,2025-04-01 19:35:08.300263,2025-04-01 19:35:19.104412,0 days 00:00:10.804149,0.7287930656211568,0.9283011976392771,8,0.28130486406466354,0.1042655957493838,0.02674367397388346,0.029709292884453894,0.07446265925038051,0.022886207972333417,0.0013859473465570545,29,127,0.063080294026205,0.025736414983221774,False,False,False,1.1655729617606774e-08,COMPLETE
1841,0.3907363295555115,2025-04-01 19:35:19.704391,2025-04-01 19:35:30.274211,0 days 00:00:10.569820,0.7098212415561782,0.7955197848808478,8,0.27322462704150413,0.07623730446484922,0.06919281468640731,0.01753536332526503,0.021802693898548213,0.012857533752318968,0.0019755199102094462,28,107,0.09324445471950091,0.1602002253085736,False,False,False,1.3907632739957366e-08,COMPLETE
1842,0.2904071629047394,2025-04-01 19:35:30.901891,2025-04-01 19:35:51.114054,0 days 00:00:20.212163,0.9107657431257803,0.9506730515919128,2,0.28624368537846606,0.052516072847063,0.01714284290700676,0.02058539482660277,0.03513685540910672,0.020552031299579346,0.0007044480346239721,27,114,0.08902442870988365,0.007430903684778139,False,False,True,1.24438328726938e-08,COMPLETE
1843,0.4287149548530579,2025-04-01 19:35:51.718892,2025-04-01 19:36:02.527282,0 days 00:00:10.808390,0.8373094874201602,0.913603049036678,8,0.2247858400099803,0.06792454270981343,0.06297289551430046,0.027758958522278582,0.009661435143360294,0.017121151200912378,0.0011053080993003567,29,118,0.08479215665170593,0.04131106737080335,False,False,False,1.1641674765981405e-07,COMPLETE
1844,0.4326192259788514,2025-04-01 19:36:03.157689,2025-04-01 19:36:13.476738,0 days 00:00:10.319049,0.8730781488460628,0.8614750042410667,8,0.29487746522795544,0.05892724025377137,0.09132731622844277,0.006196913295412516,0.006095368871571291,0.01477345822877665,0.0008950250295603662,26,123,0.08771833919455689,0.03189048139284137,False,False,False,3.020611018244027e-08,COMPLETE
1845,0.42628518342971805,2025-04-01 19:36:14.079124,2025-04-01 19:36:24.908797,0 days 00:00:10.829673,0.9413166134305602,0.8902297235411658,8,0.26430180822284294,0.07223634386894455,0.0602011525243625,0.02315733229311491,0.015144395968457675,0.0245097461485096,0.0011752938843198623,29,131,0.08324184334624078,0.020834814779364916,False,False,False,1.3639897084704719e-06,COMPLETE
1846,0.3870306134223938,2025-04-01 19:36:25.537780,2025-04-01 19:36:37.692752,0 days 00:00:12.154972,0.8968799461958252,0.8397125713916417,8,0.2799883878297026,0.12297004138275341,0.030034242849466597,0.025984412849975377,0.010967221769673047,0.010698915303753451,0.0007751363096688647,30,125,0.09180712241606107,0.05177839898198844,True,False,False,1.0105585389091685e-08,COMPLETE
1847,0.42025527954101566,2025-04-01 19:36:38.294579,2025-04-01 19:36:48.907031,0 days 00:00:10.612452,0.8637649224298294,0.7840907088383431,8,0.29031719892980806,0.08855313499038477,0.025314820366378714,0.046521090868118786,0.018463360061902474,0.019133915313479213,0.0014685415773515239,28,120,0.08606632136358079,0.013648539364423382,False,False,False,5.0851557955405584e-08,COMPLETE
