number,value,datetime_start,datetime_complete,duration,params_alpha-eval,params_alpha-train,params_batch-size,params_eps-eval,params_eps-train,params_lambda-actions-eval,params_lambda-actions-train,params_lambda-frames-eval,params_lambda-frames-train,params_learning-rate,params_n-epochs,params_n-frames,params_radius-gw,params_rho,params_std-feats,params_ub-actions,params_ub-frames,params_weight-decay,state
1176,0.3998157620429993,2025-04-01 17:28:05.735970,2025-04-01 17:28:15.657551,0 days 00:00:09.921581,0.8629112082058679,0.6545841798846218,8,0.29979199318446065,0.02701737154733804,0.08803160801205219,0.01787920552792188,0.05956001938348714,0.01555489251325706,0.0006116724206342651,26,50,0.0784394051670453,0.039615945042548575,False,False,False,1.8642018292696922e-07,COMPLETE
1177,0.43893749713897706,2025-04-01 17:28:16.043592,2025-04-01 17:28:26.940727,0 days 00:00:10.897135,0.9035608064001055,0.8895167588335283,8,0.27044568534706853,0.07070418570785776,0.05844841772061691,0.014925840932492057,0.017407852479765312,0.023055367625569402,0.0008317193630774599,30,121,0.0897013630138684,0.024144952829516474,False,False,False,1.1253749328135154e-06,COMPLETE
1178,0.42432489395141604,2025-04-01 17:28:27.328787,2025-04-01 17:28:38.248718,0 days 00:00:10.919931,0.9056095947607851,0.886479451884868,8,0.2699148826513606,0.06838883002492004,0.062233049796040094,0.02979226370798376,0.02919015594968346,0.024448038716959414,0.0012380768253369616,30,116,0.09201410883123794,0.011561026772907802,False,False,False,1.3381648486757027e-06,COMPLETE
1179,0.29572969675064087,2025-04-01 17:28:38.635558,2025-04-01 17:29:00.750710,0 days 00:00:22.115152,0.9125950598253472,0.8933855943311256,2,0.2656006081424012,0.08270985858612338,0.05986483156500981,0.03231609282432812,0.020861805278387335,0.023094345716484437,0.000998310605005366,30,119,0.0944343897085703,0.019110476029546884,False,False,True,1.4838516617859119e-06,COMPLETE
1180,0.40790091753005986,2025-04-01 17:29:01.137947,2025-04-01 17:29:11.965678,0 days 00:00:10.827731,0.8873557289342633,0.8760462931954888,8,0.26089046916525593,0.07414780801238989,0.0596454574408651,0.014023861715055036,0.021735913393117465,0.023633939926913275,0.0008511129766134525,30,99,0.09063854522631645,0.022825884849752367,False,False,False,1.050374053460912e-06,COMPLETE
1181,0.4208102703094483,2025-04-01 17:29:12.353807,2025-04-01 17:29:23.311135,0 days 00:00:10.957328,0.9272009298037533,0.8563333769189048,8,0.2679699352608802,0.06849771462780407,0.057777515292917324,0.010328123925372062,0.012277197604096637,0.023295227585616002,0.0014267815735963328,30,116,0.09318477964389843,0.010568879742442345,False,False,False,1.1903868027796733e-06,COMPLETE
1182,0.4413899302482605,2025-04-01 17:29:23.698261,2025-04-01 17:29:34.593091,0 days 00:00:10.894830,0.9013083321063596,0.9221917582438626,8,0.2651249819160104,0.08949357590790845,0.06186511045540548,0.006768361498012533,0.03758284045215255,0.026265117829642703,0.00103680464284763,30,120,0.09005942629522198,0.02558571354988058,False,False,False,1.497381177018113e-06,COMPLETE
1183,0.40205427408218386,2025-04-01 17:29:34.991388,2025-04-01 17:29:45.963563,0 days 00:00:10.972175,0.8910651862819204,0.9333119159373804,8,0.2590342666845502,0.08851678500686709,0.06297320987820669,0.009614323913642647,0.03350728344859616,0.02595015606891481,0.0012328257547564523,30,120,0.09078732336386576,0.0326033617356493,False,False,False,1.497050106996788e-06,COMPLETE
1184,0.4026988983154297,2025-04-01 17:29:46.350882,2025-04-01 17:29:58.387938,0 days 00:00:12.037056,0.8733885401723138,0.9143970493513016,8,0.26372666984428994,0.08849364765386639,0.06399513572538167,0.006019400176578025,0.017716545170708607,0.02564718075307348,0.001714859848109248,30,118,0.092926761141908,0.02917125669058399,True,False,False,1.6682252944122658e-06,COMPLETE
1185,0.40286325216293334,2025-04-01 17:29:58.783383,2025-04-01 17:30:09.747498,0 days 00:00:10.964115,0.8961589562611145,0.9802307222289294,8,0.26406886045446354,0.08783284358574307,0.06187740565173683,0.006007486618892477,0.03575352344883551,0.02464198498671152,0.0013600272434004536,30,114,0.08969320624040233,0.03699228175001569,False,False,False,1.5970458802837134e-06,COMPLETE
1186,0.4133348345756531,2025-04-01 17:30:10.141967,2025-04-01 17:30:21.136303,0 days 00:00:10.994336,0.9048857711545056,0.9638864583915309,8,0.2567102553338425,0.08154851019169157,0.06189017966900298,0.010184684928628032,0.037614514256205156,0.027490421611411058,0.0010872241064875724,30,121,0.09519165633739324,0.02821124177784195,False,False,False,1.2126032779909294e-06,COMPLETE
1187,0.4235076785087586,2025-04-01 17:30:21.525649,2025-04-01 17:30:32.406051,0 days 00:00:10.880402,0.8745430581743653,0.9058284192407176,8,0.2669508493788735,0.08042216128263997,0.06055600811286802,0.007741619048609823,0.03436408755508294,0.026314676848557192,0.0021429756927213725,30,117,0.09192842601407274,0.036051222332895885,False,False,False,1.363696164969305e-06,COMPLETE
1188,0.32402586936950684,2025-04-01 17:30:32.797562,2025-04-01 17:30:42.602298,0 days 00:00:09.804736,0.9065654077681766,0.931859353471859,8,0.2618120134206978,0.08597082682136738,0.06571254059282049,0.011996785251011582,0.03731283332898646,0.025718836383481034,0.0012243211188679253,30,111,0.08973600077269045,0.04463084000683165,False,True,False,1.8583818267604871e-06,COMPLETE
1189,0.373286771774292,2025-04-01 17:30:42.994378,2025-04-01 17:30:51.966333,0 days 00:00:08.971955,0.9122721031592346,0.9166042911845784,16,0.2704791209262756,0.07743757500870396,0.05915626860724826,0.008804897980556104,0.017325962967825327,0.024811231216631414,0.0015278644508564339,30,121,0.09089260564649339,0.023948088027068274,False,False,False,1.691184572476784e-06,COMPLETE
1190,0.4217741966247559,2025-04-01 17:30:52.359835,2025-04-01 17:31:03.295840,0 days 00:00:10.936005,0.8841533200103665,0.9629556175257448,8,0.25621345777257853,0.0835525089009609,0.06125924287779333,0.011540369061366618,0.030136010317607893,0.02928143952109461,0.00101846204148722,30,118,0.09645797487355641,0.032860665927876176,False,False,False,1.2060292686269853e-06,COMPLETE
1191,0.4353242158889771,2025-04-01 17:31:03.697585,2025-04-01 17:31:14.633664,0 days 00:00:10.936079,0.871029359008306,0.8965169072912269,8,0.13721837487417549,0.07568325649807778,0.06456984012411453,0.009191749060034761,0.014541590832136273,0.02871311589042417,0.001107422456638103,30,122,0.08894151217469626,0.02775163918543426,False,False,False,1.358465321784247e-06,COMPLETE
1192,0.3815507173538208,2025-04-01 17:31:15.027470,2025-04-01 17:31:25.412050,0 days 00:00:10.384580,0.8930610821259164,0.8749244641005157,8,0.27030932385867734,0.013258426468782725,0.06427462962851323,0.008120500610748049,0.02643103395436887,0.023548425634430395,0.0012974583931267005,30,13,0.09326100813840045,0.024209297162015454,False,False,False,1.7606836140145416e-06,COMPLETE
1193,0.4366219997406006,2025-04-01 17:31:25.807649,2025-04-01 17:31:33.024891,0 days 00:00:07.217242,0.8520672224242267,0.9287995000174416,8,0.2723347145640157,0.08905523786529995,0.06032452720294752,0.00447931205183268,0.032814847618643846,0.02747217939977033,0.0009656426808093217,9,114,0.0888192340520716,0.03860452429679696,False,False,False,1.0789920566316006e-06,COMPLETE
1194,0.4225813508033752,2025-04-01 17:31:33.420264,2025-04-01 17:31:44.370957,0 days 00:00:10.950693,0.4743641015394958,0.9149648118325893,8,0.2645741255990345,0.07403928907478693,0.05773391096444919,0.0018689149489806971,0.024583599261667376,0.02645275437999712,0.00161430522156861,30,119,0.09140165226898445,0.05826858172599633,False,False,False,1.4711165779326706e-06,COMPLETE
1195,0.42489674091339114,2025-04-01 17:31:44.766465,2025-04-01 17:31:55.759402,0 days 00:00:10.992937,0.9195835536364582,0.8999748223736851,8,0.2604625335533988,0.061902977919113214,0.059395620685915244,0.006056586021199378,0.03649478061274397,0.02352865576945392,0.0009585340071252684,30,115,0.08896397200238174,0.03170988555583753,False,False,False,1.809451982878223e-06,COMPLETE
1196,0.4125081539154053,2025-04-01 17:31:56.156136,2025-04-01 17:32:06.967437,0 days 00:00:10.811301,0.8831931747841819,0.865078610279751,8,0.2733704537217612,0.08051860833491001,0.06158619996662244,0.01388966995375415,0.03807691696503038,0.02263518606728121,0.0013117433804337956,29,123,0.09321778180415881,0.07089265947903645,False,False,False,1.0092964441956502e-08,COMPLETE
1197,0.44715734720230105,2025-04-01 17:32:07.360844,2025-04-01 17:32:18.157572,0 days 00:00:10.796728,0.9015465721444508,0.94384003820743,8,0.2656725657187263,0.07074745414261183,0.06306810279514348,0.0054823635462899955,0.016105948947499005,0.026345013723036905,0.0011177416907860727,29,121,0.09034059941245468,0.020965064493090466,False,False,False,6.404835334967531e-08,COMPLETE
1198,0.2947744190692902,2025-04-01 17:32:18.564667,2025-04-01 17:32:28.323894,0 days 00:00:09.759227,0.863196516590403,0.9591861197347298,8,0.25598114243750336,0.04671571251492206,0.06348972506197013,0.008508842382870769,0.009933424994702424,0.030114063871922177,0.0017612185446250275,29,123,0.0944637901848884,0.018286485753387028,False,False,True,4.3814077528131725e-08,COMPLETE
1199,0.41555055379867556,2025-04-01 17:32:28.719879,2025-04-01 17:32:39.469041,0 days 00:00:10.749162,0.8803818051200937,0.9443139138642112,8,0.25124563731128363,0.06381623027840679,0.06188686643049365,0.0030272779558797158,0.022895906424047666,0.03207818039761693,0.0014291555806824788,29,121,0.09105440575208433,0.020342807871804217,False,False,False,3.381160846522693e-08,COMPLETE
1200,0.4055692791938782,2025-04-01 17:32:39.865453,2025-04-01 17:32:50.688339,0 days 00:00:10.822886,0.8963768951926366,0.9517320110030557,8,0.2629037831508491,0.06998494420489536,0.0643646472505593,0.005449122032164397,0.0286003624507473,0.028410909465280246,0.0011922154164553463,29,124,0.09188651194476276,0.020556550788292383,False,False,False,5.647114867298778e-08,COMPLETE
1201,0.4070597052574158,2025-04-01 17:32:51.085919,2025-04-01 17:32:58.616170,0 days 00:00:07.530251,0.8680640973096846,0.9519258159174027,8,0.2591131321069141,0.05708767936710827,0.06709996833860399,0.00805014402359447,0.01823839183117114,0.027936656918717686,0.0019437422276798112,11,121,0.09575184877753401,0.013053845654834972,False,False,False,1.9348782496659026e-08,COMPLETE
1202,0.41748905181884766,2025-04-01 17:32:59.011657,2025-04-01 17:33:23.523612,0 days 00:00:24.511955,0.847350206415187,0.9325573732379909,2,0.26665186471066826,0.04939360179648513,0.06312361746449323,0.004228593673735146,0.013144118899325678,0.026688936436122503,0.0014687059929505762,29,123,0.09016304088846587,0.02294488027479697,False,False,False,8.57657297491669e-05,COMPLETE
1203,0.38614422082901007,2025-04-01 17:33:23.923751,2025-04-01 17:33:35.754066,0 days 00:00:11.830315,0.8970777566317847,0.9683024484738885,8,0.2573038244234852,0.06584733977733702,0.06292293049641763,0.003046090564179154,0.01656538138868733,0.03033524843574672,0.0011360624137892305,29,119,0.09291279149719955,0.025292280606529927,True,False,False,8.655735705985995e-08,COMPLETE
1204,0.40001481771469116,2025-04-01 17:33:36.151076,2025-04-01 17:33:46.870273,0 days 00:00:10.719197,0.8810421498279084,0.936165573533056,8,0.2652712169451702,0.053919316477803084,0.06583572809207794,0.003469128675930926,0.009987025584892235,0.025891386133727056,0.0012574022554066881,29,124,0.0975751224912721,0.014818719019376451,False,False,False,6.866582861258901e-08,COMPLETE
1205,0.4283432245254517,2025-04-01 17:33:47.266479,2025-04-01 17:33:57.815333,0 days 00:00:10.548854,0.9093456987734281,0.9343794918077102,8,0.24946201874240737,0.07077447338197737,0.06522033678428138,0.006599665530471317,0.02061512213839694,0.027530824510404516,0.0010715869061895197,28,120,0.08971029114838834,0.017862047350543864,False,False,False,2.7577178526809587e-08,COMPLETE
1206,0.4019139051437378,2025-04-01 17:33:58.214018,2025-04-01 17:34:09.029348,0 days 00:00:10.815330,0.8545112012648866,0.9795588438193019,8,0.2544575016743004,0.0601609510799749,0.05858695405024712,0.004804780395633391,0.009053817362179892,0.02616794381746573,0.0014345481571015448,29,124,0.09119552100318051,0.023009913321038827,False,False,False,1.2532255164718447e-07,COMPLETE
1207,0.3189136028289795,2025-04-01 17:34:09.427053,2025-04-01 17:34:19.232473,0 days 00:00:09.805420,0.3581152569292821,0.9146055946180358,8,0.2663172878630785,0.0912641428277853,0.06075397848159433,0.0016991367828132304,0.014985559675271737,0.030933140756421933,0.001064963187448115,29,121,0.0941989039014811,0.008998940365256634,False,True,False,3.8047595613643035e-08,COMPLETE
1208,0.4064227342605591,2025-04-01 17:34:19.640943,2025-04-01 17:34:30.330517,0 days 00:00:10.689574,0.878277343011068,0.9844264901306343,8,0.25940577454775376,0.07901692393594627,0.061025022123330615,0.004318259640873325,0.03570463604535356,0.02520547399705436,0.0016319840990637587,28,126,0.08864287916942246,0.017028192068471372,False,False,False,8.608154425259636e-08,COMPLETE
1209,0.4221370697021485,2025-04-01 17:34:30.725892,2025-04-01 17:34:41.284991,0 days 00:00:10.559099,0.8995567333310668,0.8941496685113699,8,0.27161171142120855,0.0851915529314893,0.06275591894933825,0.0044589504619298136,0.024667264469036203,0.02905286367406815,0.0009816393987534084,28,119,0.09248652142565512,0.02870107809512293,False,False,False,6.559885445138025e-08,COMPLETE
1210,0.4113667607307434,2025-04-01 17:34:41.686951,2025-04-01 17:34:52.475699,0 days 00:00:10.788748,0.8669988461694929,0.8981259978067504,8,0.2652929441924135,0.06603573015756264,0.06767806728288453,0.009431309341670911,0.012576935875780591,0.026990892671726645,0.0012445367180267382,29,125,0.09008616804807852,0.02125615464810581,False,False,False,1.4645803698152502e-07,COMPLETE
1211,0.4343581557273865,2025-04-01 17:34:52.884256,2025-04-01 17:35:03.478375,0 days 00:00:10.594119,0.8399178411583824,0.9157774092982752,8,0.2747226482254285,0.07151565230980807,0.0592158285549573,0.00713325087625364,0.01856035841056426,0.024539501733793937,0.0009018542621244555,28,122,0.08774110085901132,0.025896615655969273,False,False,False,5.7256771597667583e-08,COMPLETE
1212,0.3757538795471192,2025-04-01 17:35:03.879308,2025-04-01 17:35:14.641320,0 days 00:00:10.762012,0.9131936628364159,0.9523364697502833,8,0.2781899443302843,0.07860627114009862,0.06464234658681801,0.005077321545445519,0.03232553018354809,0.029146613363253,0.0011298526668549048,29,118,0.09129888609758642,0.2993779668354558,False,False,False,1.2059230059861327e-07,COMPLETE
1213,0.4191174387931824,2025-04-01 17:35:15.044494,2025-04-01 17:35:25.850822,0 days 00:00:10.806328,0.8887272040250788,0.940066741994372,8,0.24925884107394744,0.05924380581786264,0.057477447480430294,0.003463151951499962,0.015735119508861358,0.025485294103002196,0.0014596072686590754,29,126,0.08855869050474127,0.014716403940195934,False,False,False,2.5812148318184278e-08,COMPLETE
1214,0.4147013783454895,2025-04-01 17:35:26.248942,2025-04-01 17:35:35.034650,0 days 00:00:08.785708,0.8543560499817611,0.994979913674591,16,0.2687322978024331,0.09043525832842346,0.06693880180398594,0.0070395270344743655,0.020229375732889486,0.0286095795950459,0.0009000018692973675,28,123,0.09425792299853931,0.006687596526501734,False,False,False,5.2752783451916035e-08,COMPLETE
1215,0.4078709125518799,2025-04-01 17:35:35.437934,2025-04-01 17:35:46.318252,0 days 00:00:10.880318,0.9068023859293746,0.9130898025322143,8,0.26192974918553047,0.25221602569239354,0.05954311294320173,0.001580842963415506,0.03898700336060291,0.03204946197463618,0.002014264402288251,30,117,0.08976277853945115,0.027047052419882107,False,False,False,9.950922606577533e-08,COMPLETE
1216,0.4061115026473999,2025-04-01 17:35:46.719758,2025-04-01 17:35:57.485565,0 days 00:00:10.765807,0.8717314486312623,0.8924363967979654,8,0.2083288784409531,0.08402164649533578,0.06134690703112089,0.007091580025908447,0.03454141823225061,0.022734661369624997,0.0011830649295518057,29,120,0.09241484138585333,0.018831215775429583,False,False,False,5.2884224377117535e-08,COMPLETE
1217,0.29501326084136964,2025-04-01 17:35:57.887482,2025-04-01 17:36:07.864864,0 days 00:00:09.977382,0.8891415571680601,0.9226031970556464,8,0.19498777889545818,0.05118538577611435,0.06300397928692364,0.006262141620312731,0.011323817338248065,0.026916145559118452,0.0008728152351198138,30,125,0.08801764166866051,0.025676550402557872,False,False,True,1.7981764266996882e-06,COMPLETE
1218,0.4332421898841858,2025-04-01 17:36:08.263412,2025-04-01 17:36:18.910961,0 days 00:00:10.647549,0.8304042542085354,0.9666485340872544,8,0.2772245268285844,0.06566769864157268,0.05889234445647226,0.008637641432105034,0.0012300656012768267,0.024386298158559062,0.0010570710217973956,28,122,0.09013549411918834,0.010595914191703668,False,False,False,7.122788108227146e-08,COMPLETE
1219,0.4134349703788758,2025-04-01 17:36:19.315838,2025-04-01 17:36:30.080417,0 days 00:00:10.764579,0.9218963139874837,0.9433785632064284,8,0.23373490645085543,0.07497830052907174,0.0649856050827016,0.0038107398144647323,0.022652930786243412,0.030722642339308225,0.0013221146074849314,29,117,0.08779334661347275,0.03202591494952776,False,False,False,1.5674657789908463e-07,COMPLETE
1220,0.4175819039344788,2025-04-01 17:36:30.481897,2025-04-01 17:36:41.091070,0 days 00:00:10.609173,0.8982118811061747,0.8872994609549721,8,0.25527660029898436,0.06897253092838593,0.06765604945767069,0.006260186036290488,0.036164329803107464,0.022517345612400194,0.0008287558876728263,28,127,0.09087647197284783,0.01637303728159335,False,False,False,4.4403821357546786e-08,COMPLETE
1221,0.409181547164917,2025-04-01 17:36:41.493645,2025-04-01 17:36:53.234230,0 days 00:00:11.740585,0.8620384784121424,0.8761926516215899,8,0.2716657347927093,0.055653022237347125,0.05745532575625246,0.005175416628495215,0.026125724294254995,0.0035600745204568667,0.0017340120246752562,29,120,0.0924739918655339,0.022230350589468074,True,False,False,1.6126329669201342e-07,COMPLETE
1222,0.43475251197814946,2025-04-01 17:36:53.637483,2025-04-01 17:37:04.510926,0 days 00:00:10.873443,0.9239270562074172,0.9210854413616579,8,0.2813989190123932,0.07840777183309253,0.062337823875620216,0.0070176839928963045,0.030998033451145074,0.0010807497261796145,0.0010045826756734221,30,123,0.08827156087092171,0.0299349864192947,False,False,False,2.0808162822238048e-06,COMPLETE
1223,0.39917482137680055,2025-04-01 17:37:04.914299,2025-04-01 17:37:15.486873,0 days 00:00:10.572574,0.23153732051610504,0.8805071067518297,8,0.2643710728762985,0.06225913683684917,0.05985139105834152,0.012040681069224936,0.019278716386919813,0.027610647626939933,0.0014896260483035029,28,117,0.0696218329801677,0.01443943306687065,False,False,False,0.0001320564059280435,COMPLETE
1224,0.413950526714325,2025-04-01 17:37:15.888187,2025-04-01 17:37:40.467792,0 days 00:00:24.579605,0.8730647077041999,0.9083611506561394,2,0.27598395307021606,0.0871176520376244,0.0572544797238489,0.015899024353970465,0.03784184549036973,0.02491587216009694,0.0008292161672997421,29,126,0.09456312436767483,0.025644728924776247,False,False,False,4.273934744095039e-08,COMPLETE
1225,0.40696272850036624,2025-04-01 17:37:40.868927,2025-04-01 17:37:51.516478,0 days 00:00:10.647551,0.8370963918649499,0.9534778756043286,8,0.24328685433899241,0.03545935746828423,0.0629681242003421,0.010544433276232456,0.013941294829116541,0.00533953024443353,0.0012144622272703242,30,60,0.08712430287489654,0.006561211748338555,False,False,False,1.5370499696071021e-06,COMPLETE
1226,0.4279799342155457,2025-04-01 17:37:51.915324,2025-04-01 17:38:02.406404,0 days 00:00:10.491080,0.9148617710430114,0.9027637432333462,8,0.020992768836308157,0.07256470244965725,0.05598122115460044,0.014652804453729963,0.03893706412430187,0.029806055272464833,0.0009941938898480197,28,120,0.09010969142085298,0.0010506351096829444,False,False,False,8.925434051617686e-08,COMPLETE
1227,0.33953751921653746,2025-04-01 17:38:02.808173,2025-04-01 17:38:10.267617,0 days 00:00:07.459444,0.8991657818062986,0.9453213027525935,8,0.2693143293954773,0.08352173948848933,0.06867348890633257,0.01257400946210576,0.008986294642990982,0.006723159780680207,0.0008217818823421028,14,128,0.09235233537336766,0.03547402091842053,False,True,False,7.276353376878763e-08,COMPLETE
1228,0.4254663705825806,2025-04-01 17:38:10.666921,2025-04-01 17:38:21.435023,0 days 00:00:10.768102,0.8554653363890427,0.9230852975575468,8,0.09351829827349566,0.09109431276581473,0.0661376953831028,0.003513914499297252,0.0073067828718108435,0.022699025534011437,0.0012616238284701615,29,123,0.08757763143105261,0.0200325478414955,False,False,False,1.34735264264573e-08,COMPLETE
1229,0.39607176780700687,2025-04-01 17:38:21.838293,2025-04-01 17:38:32.791067,0 days 00:00:10.952774,0.8798370831832141,0.8709301759994533,8,0.28272118382603556,0.04308973973356313,0.07009361602715937,0.01700617448211602,0.03482501570192683,0.026320996026028366,0.0010336798758956032,30,117,0.08976088955409732,0.041396055702777816,False,False,False,1.0886990400214355e-07,COMPLETE
1230,0.4085386157035828,2025-04-01 17:38:33.192669,2025-04-01 17:38:43.814707,0 days 00:00:10.622038,0.9255891854786044,0.9715787137620704,8,0.2602919835673405,0.06413303877064146,0.06043785511455255,0.006881164259782051,0.028042679120782222,0.0028074375106775244,0.0007973896029214513,28,121,0.0968306796233386,0.029785409939967106,False,False,False,1.3000778851264673e-06,COMPLETE
1231,0.39889830350875854,2025-04-01 17:38:44.215367,2025-04-01 17:38:54.644473,0 days 00:00:10.429106,0.886981016379201,0.8932974711333682,8,0.17683210571622646,0.07690049595574103,0.05778706519169877,0.0012451564336702836,0.02281694992474831,0.007685868217149753,0.0016149704738749606,27,125,0.046936023427775975,0.011960206159360009,False,False,False,1.9892725903167603e-06,COMPLETE
