number,value,datetime_start,datetime_complete,duration,params_alpha-eval,params_alpha-train,params_batch-size,params_eps-eval,params_eps-train,params_lambda-actions-eval,params_lambda-actions-train,params_lambda-frames-eval,params_lambda-frames-train,params_learning-rate,params_n-epochs,params_n-frames,params_radius-gw,params_rho,params_std-feats,params_ub-actions,params_ub-frames,params_weight-decay,state
1232,0.43365890979766847,2025-04-01 17:38:55.044124,2025-04-01 17:39:05.812496,0 days 00:00:10.768372,0.9084090192333085,0.9323011113091857,8,0.27620189380300014,0.07084710711936519,0.06421080873109025,0.00876878026609552,0.016673581931573984,0.031725984123512484,0.0011017153636390116,29,119,0.08683383165484602,0.020526652989021427,False,False,False,3.248772353288464e-08,COMPLETE
1233,0.40257058143615726,2025-04-01 17:39:06.214890,2025-04-01 17:39:15.025645,0 days 00:00:08.810755,0.8408157666781182,0.8827730604438759,16,0.2525050919939046,0.056365712605477195,0.061000134848111016,0.01538913644105259,0.006656021171070031,0.025249644977009027,0.000935234213609633,29,114,0.09119080447917537,0.03451955018930955,False,False,False,1.8958648151530606e-08,COMPLETE
1234,0.41865799427032474,2025-04-01 17:39:15.444496,2025-04-01 17:39:26.440617,0 days 00:00:10.996121,0.9311844157098912,0.9986343170448085,8,0.2864448733933717,0.08065400218022033,0.05687068392106579,0.013317737720907386,0.03312094025820067,0.0010317296388230607,0.002319486313186988,30,128,0.08854270465844405,0.027876386274283856,False,False,False,1.4396249384313634e-06,COMPLETE
1235,0.4114977717399598,2025-04-01 17:39:26.849466,2025-04-01 17:39:37.393422,0 days 00:00:10.543956,0.8700220957283772,0.9045362532049643,8,0.2816535849769169,0.06717021625625572,0.05865783623593857,0.018403215368811905,0.031540630764135505,0.021785582153163386,0.0013656089465298197,28,123,0.09242878331478226,0.018526863903789194,False,False,False,1.9093237391690736e-06,COMPLETE
1236,0.4048674583435059,2025-04-01 17:39:37.807606,2025-04-01 17:39:48.749920,0 days 00:00:10.942314,0.8952319471759189,0.9054694435398281,8,0.2698980244744111,0.16275556988701056,0.029852829416922376,0.010518926705931268,0.03863583961057284,0.05792269353094759,0.0008424128008934611,30,117,0.06454485167943927,0.024563893165568125,False,False,False,1.136588178723278e-06,COMPLETE
1237,0.2977005660533905,2025-04-01 17:39:49.162770,2025-04-01 17:39:58.647819,0 days 00:00:09.485049,0.8259004686515465,0.8645103464863539,8,0.2605831770197311,0.04973310478016952,0.0623720758783109,0.011209257609445977,0.037197561399815345,0.028945935086190602,0.0007297598400967171,27,125,0.094546123375704,0.045951494664698736,False,False,True,1.0372109682855771e-07,COMPLETE
1238,0.4158272981643677,2025-04-01 17:39:59.055030,2025-04-01 17:40:09.729305,0 days 00:00:10.674275,0.8541048439121395,0.9345378866484946,8,0.2777613366165885,0.08428716476941336,0.0904395797208993,0.016496741313244735,0.06976778293927767,0.023804458141051022,0.0011972206044736462,29,121,0.08910631819284663,0.03579973964277085,False,False,False,1.518762636046645e-06,COMPLETE
1239,0.41867811679840095,2025-04-01 17:40:10.144177,2025-04-01 17:40:20.812342,0 days 00:00:10.668165,0.9313441746738935,0.8878591211013548,8,0.28592381779410914,0.06110884289304463,0.0697839021023076,0.018666460730668733,0.0154572114260639,0.009467974928117559,0.0009954883981978496,28,127,0.08693997292242688,0.012351246534668178,False,False,False,1.184232848573927e-06,COMPLETE
1240,0.3954616189002991,2025-04-01 17:40:21.220461,2025-04-01 17:40:31.678184,0 days 00:00:10.457723,0.9069261494220799,0.9239701921288415,8,0.26754188021953557,0.0744231299850257,0.05578725032781227,0.016299977093885226,0.02895550126562681,0.026812733099737883,0.0014072401909007918,27,119,0.02822123544364666,0.025438986154937032,False,False,False,2.207151151047237e-06,COMPLETE
1241,0.4127896189689636,2025-04-01 17:40:32.092137,2025-04-01 17:40:42.807495,0 days 00:00:10.715358,0.8833219414006477,0.41509083692592447,8,0.2738753424531238,0.08889496109655054,0.0654555586224602,0.01381824268883973,0.002282293025074927,0.004880985874991327,0.0018981931300424387,29,122,0.09050202394294182,0.00577605649442095,False,False,False,1.8777855736894152e-07,COMPLETE
1242,0.37298705577850344,2025-04-01 17:40:43.217699,2025-04-01 17:40:55.277148,0 days 00:00:12.059449,0.8741087224813949,0.8589442233481714,8,0.28979547112650755,0.07056761944197992,0.0935783544350921,0.015646955268824852,0.010420918955113097,0.021681334365157748,0.0007309882324795138,30,116,0.08682379425442559,0.031888690019360275,True,False,False,1.6427906300086119e-06,COMPLETE
1243,0.42513360977172854,2025-04-01 17:40:55.686476,2025-04-01 17:41:06.405992,0 days 00:00:10.719516,0.5144272175218959,0.9455593206571005,8,0.28140743330654105,0.0785003528755697,0.03563395712707612,0.019626416205760246,0.03605393684846398,0.0036609655078711813,0.0009622407389498194,29,112,0.08879274041989889,0.04100454227738563,False,False,False,1.0861094323550154e-06,COMPLETE
1244,0.4078220844268799,2025-04-01 17:41:06.817026,2025-04-01 17:41:17.774123,0 days 00:00:10.957097,0.9284648608755137,0.966390434805243,8,0.18526321932832004,0.059003917729761574,0.06752021380188178,0.011735446822205573,0.024286462226675038,0.006526736228868782,0.0011514903815114798,30,124,0.09537153779696853,0.016317180228627753,False,False,False,1.3483008871583305e-08,COMPLETE
1245,0.41098626852035525,2025-04-01 17:41:18.178615,2025-04-01 17:41:28.749201,0 days 00:00:10.570586,0.8501878073128007,0.9249436449884589,8,0.25378110645640206,0.09259808696761569,0.0314336876671427,0.007187546843058749,0.003661897059806546,0.008025047872260035,0.0007916355565211,28,120,0.09299970947333022,0.02975317754128888,False,False,False,1.945975670565401e-06,COMPLETE
1246,0.33173743486404417,2025-04-01 17:41:29.161701,2025-04-01 17:41:38.966500,0 days 00:00:09.804799,0.9020427505616981,0.8790536584322506,8,0.2644740895145946,0.06615672075319141,0.06084253174500817,0.038918234531257,0.027177731553796537,0.03315667133060699,0.0009074557219812871,29,129,0.09104321349764097,0.021413012487677272,False,True,False,1.3998164188090164e-06,COMPLETE
1247,0.42272739410400395,2025-04-01 17:41:39.370560,2025-04-01 17:42:02.725487,0 days 00:00:23.354927,0.8136552196010586,0.7074340113351025,2,0.28592324083608,0.08292533704324118,0.05829719727071301,0.01744720025955245,0.034324457373776825,0.00969325020613234,0.0015584327851674443,27,126,0.08671995966855112,0.05015855743267356,False,False,False,1.651221974296946e-06,COMPLETE
1248,0.4181854724884034,2025-04-01 17:42:03.135821,2025-04-01 17:42:13.662758,0 days 00:00:10.526937,0.9144755675373455,0.912091767482528,8,0.272202139116883,0.15230502566387025,0.08866481838621501,0.013895919014669897,0.011348142858577534,0.03022555148410433,0.0006652058976349834,28,115,0.08911215198185168,0.03822286818961091,False,False,False,1.2134825628061587e-06,COMPLETE
1249,0.39887896776199344,2025-04-01 17:42:14.070215,2025-04-01 17:42:25.045897,0 days 00:00:10.975682,0.8848054639980887,0.28387304217287845,8,0.2574637001841319,0.05170766396639473,0.05640947518905309,0.02092795829148187,0.0396422188899306,0.023858444008900852,0.0010931371904050375,30,123,0.09134183814786533,0.013950727299598002,False,False,False,9.614565610470475e-07,COMPLETE
1250,0.414528489112854,2025-04-01 17:42:25.454509,2025-04-01 17:42:36.039931,0 days 00:00:10.585422,0.8596648704876494,0.9012583251076963,8,0.281062743694547,0.07378427037560405,0.059038337176267205,0.014668762170085599,0.02065837326260324,0.027989581702785447,0.00021935525413698917,28,118,0.08674941290460655,0.022279742713250193,False,False,False,4.1920169953052936e-08,COMPLETE
1251,0.38847107887268073,2025-04-01 17:42:36.450150,2025-04-01 17:42:47.287801,0 days 00:00:10.837651,0.9403403571150645,0.8466497777859576,8,0.29154679535993294,0.06303350550472953,0.0646480216613998,0.036369590678728664,0.0505631767169833,0.021280631176107283,0.0013144237305131904,29,129,0.09343729002014028,0.02752496278651079,False,False,False,2.333462102519861e-08,COMPLETE
1252,0.4363186478614808,2025-04-01 17:42:47.694186,2025-04-01 17:42:58.702404,0 days 00:00:11.008218,0.8919743519302932,0.9480912134304147,8,0.27554933084364946,0.0782359078059784,0.07083258261812832,0.008301904921113339,0.012905054463507384,0.006465828868021802,0.0008927337459945484,30,121,0.08860956002424757,0.008243300858497525,False,False,False,1.9808313510440873e-06,COMPLETE
1253,0.38267948627471926,2025-04-01 17:42:59.108707,2025-04-01 17:43:09.847640,0 days 00:00:10.738933,0.9159984389617808,0.8828375349290866,8,0.2877420615242341,0.0548761793243675,0.08736281295248513,0.005063022914459621,0.05218778317153055,0.002690875578126059,0.000701055733213865,29,125,0.09054855353992289,0.2875448214470168,False,False,False,1.4650061616702908e-06,COMPLETE
1254,0.41660742759704594,2025-04-01 17:43:10.254034,2025-04-01 17:43:20.637496,0 days 00:00:10.383462,0.8356507963971957,0.9757443280076052,8,0.2639147011184782,0.06753031235888592,0.06261771074433298,0.018216781339686537,0.06622104327173836,0.02623358475764447,0.001067236180676596,27,118,0.08611476553299964,0.03300450047811219,False,False,False,2.3299767015172815e-06,COMPLETE
1255,0.29823626875877385,2025-04-01 17:43:21.064611,2025-04-01 17:43:29.132713,0 days 00:00:08.068102,0.8689336203272907,0.6915740529125598,16,0.2478246496828674,0.09125545720316779,0.05555389162049366,0.010230831752939573,0.039654468414659715,0.011040004075610997,0.0017428729302415048,28,113,0.08802371649610102,0.020486472518891602,False,False,True,7.070859477161023e-08,COMPLETE
1256,0.4191230058670044,2025-04-01 17:43:29.549331,2025-04-01 17:43:40.507191,0 days 00:00:10.957860,0.9422282588274143,0.9327275520821972,8,0.279881459473531,0.08434381713142404,0.03972344057959541,0.02017727424993691,0.05311010807884404,0.024493112730075282,0.0008220797455780577,30,122,0.09300397247735437,0.08968712591260322,False,False,False,1.0235090688167501e-06,COMPLETE
1257,0.43194836378097534,2025-04-01 17:43:40.923152,2025-04-01 17:43:51.696881,0 days 00:00:10.773729,0.8959982295421552,0.7112034854136556,8,0.2906307893293597,0.07310838755859145,0.058960663956335195,0.012478171254054883,0.0681112945830247,0.022652872317145314,0.0011417310195941778,29,127,0.0861565515070878,0.0420549179643532,False,False,False,1.2700190139004813e-06,COMPLETE
1258,0.4247618198394776,2025-04-01 17:43:52.111240,2025-04-01 17:44:02.753358,0 days 00:00:10.642118,0.9306492712383502,0.4661290786519343,8,0.2696485091161624,0.05985043752490831,0.08627388463546656,0.01683233118440236,0.03091648591393494,0.004469836923309444,0.0006123115169259384,28,116,0.08958464742540048,0.01674765061527319,False,False,False,1.923089326053651e-06,COMPLETE
1259,0.39423987865448,2025-04-01 17:44:03.170772,2025-04-01 17:44:14.537252,0 days 00:00:11.366480,0.854390494203789,0.9042090274150334,8,0.2590353643540471,0.04714451091035371,0.018890375297810843,0.02010393965997242,0.005838253946870086,0.028837722151600673,0.0013879047781260733,27,120,0.09516531119075114,0.026076337166262648,True,False,False,1.582094926923123e-06,COMPLETE
1260,0.40366313457489017,2025-04-01 17:44:14.953947,2025-04-01 17:44:25.960417,0 days 00:00:11.006470,0.8743089536083195,0.8611708262874678,8,0.2837324202803304,0.07859681642001352,0.03721626273229519,0.0953109197718699,0.036340528838636414,0.03376241770710123,0.000932719419601184,30,130,0.09831132830904038,0.036050168399303265,False,False,False,1.4625670282796122e-07,COMPLETE
1261,0.4110004186630249,2025-04-01 17:44:26.373684,2025-04-01 17:44:37.137085,0 days 00:00:10.763401,0.9166723522818746,0.5206574341392158,8,0.27618608868525324,0.07034123320516787,0.06081874837603822,0.014819229345873052,0.07234989882944508,0.008099242864533807,0.0003516273728919233,29,123,0.09130140202351533,0.02963294950285195,False,False,False,1.5377154161953916e-08,COMPLETE
1262,0.4154457449913025,2025-04-01 17:44:37.550615,2025-04-01 17:44:44.984682,0 days 00:00:07.434067,0.8199438682213025,0.5649736300678799,8,0.2901301858055631,0.08425945938574503,0.0679842264853525,0.01805461193472799,0.05110647044801103,0.021728297178368793,0.0007338724759447597,10,126,0.08817852843211212,0.012722598899374037,False,False,False,9.702151787541116e-07,COMPLETE
1263,0.42861251831054686,2025-04-01 17:44:45.395727,2025-04-01 17:44:55.959601,0 days 00:00:10.563874,0.8970891799440143,0.7172130431987292,8,0.26728071838063466,0.06451550656096308,0.05696373571680964,0.012353130889098951,0.018104663293866695,0.009940190241007675,0.001255164993482957,28,119,0.08581699151028355,0.02239914491235898,False,False,False,1.0108199164127335e-08,COMPLETE
1264,0.3331331551074982,2025-04-01 17:44:56.377810,2025-04-01 17:45:06.081944,0 days 00:00:09.704134,0.9365399003686369,0.6866276971696703,8,0.23821076568918767,0.09285694281115608,0.07154573427939626,0.002732316720042018,0.053901277538050116,0.002803705785653569,0.0009073525030295969,29,110,0.08985217203878959,0.0051054786696795584,False,True,False,1.2825752410065758e-06,COMPLETE
1265,0.41229045391082764,2025-04-01 17:45:06.493851,2025-04-01 17:45:17.445404,0 days 00:00:10.951553,0.8781940542895664,0.9175896623136336,8,0.28376798848526724,0.07737231791136678,0.03437693202049677,0.009232026658773268,0.008124059971323672,0.02744686817874998,0.00028032450635390535,30,124,0.08747493064397076,0.033313287026245926,False,False,False,1.7779314367211275e-06,COMPLETE
1266,0.391429352760315,2025-04-01 17:45:17.855709,2025-04-01 17:45:27.312795,0 days 00:00:09.457086,0.8440611113729849,0.9483263760092052,8,0.27494756785397084,0.040492088730269736,0.0917230835508871,0.02178393212115376,0.026425730780352725,0.020622888251835246,0.0010265559568837501,22,115,0.0918061890049167,0.044307682758442296,False,False,False,2.1527056392848084e-06,COMPLETE
1267,0.4112583637237549,2025-04-01 17:45:27.724928,2025-04-01 17:45:51.616195,0 days 00:00:23.891267,0.9027948773149453,0.7259632709123919,2,0.2923503210833457,0.057289844919535024,0.06455889882158339,0.015272518126042786,0.04999073697574014,0.03152045050749566,0.0005409844451599007,28,129,0.0896977061761675,0.017348281677109827,False,False,False,1.4356364741875907e-06,COMPLETE
1268,0.41424288749694826,2025-04-01 17:45:52.029482,2025-04-01 17:46:02.856250,0 days 00:00:10.826768,0.8633899903483961,0.8901934288106177,8,0.2630914679979784,0.06800716921294749,0.0853827286059445,0.01944955209859045,0.037791580148916384,0.011844768013456665,0.0007311697028176728,29,122,0.09349642559898175,0.02606051184523984,False,False,False,9.99204335098705e-07,COMPLETE
1269,0.4230485200881958,2025-04-01 17:46:03.278878,2025-04-01 17:46:13.666216,0 days 00:00:10.387338,0.9433431424127197,0.7008418758738292,8,0.2530933302083418,0.08696023249458176,0.05515101739191728,0.005539771450986835,0.05335890705827978,0.005314288832018971,0.0015359427975817329,27,118,0.08561279379661915,0.009757157903440908,False,False,False,2.2905931022971097e-07,COMPLETE
1270,0.41105246543884283,2025-04-01 17:46:14.082078,2025-04-01 17:46:21.855153,0 days 00:00:07.773075,0.9230659264466564,0.8654790757251704,8,0.28009742968980034,0.07388957156593896,0.061310434538653355,0.016714971177186937,0.06513034956576243,0.02390319314122257,0.0012107793374799517,12,126,0.08807871714677362,0.019470761291522348,False,False,False,3.164279644873195e-08,COMPLETE
1271,0.4023268222808838,2025-04-01 17:46:22.285833,2025-04-01 17:46:32.847070,0 days 00:00:10.561237,0.8904813299023803,0.6732243832456534,8,0.2946572147157044,0.06161494321803089,0.09559717185219042,0.01298891542008511,0.05537880711514288,0.008336911287237906,0.0008176171719295849,30,39,0.08528147075646264,0.05142961416413004,False,False,False,1.0321207836741562e-07,COMPLETE
1272,0.3851808667182922,2025-04-01 17:46:33.268495,2025-04-01 17:46:43.870675,0 days 00:00:10.602180,0.9138282722949319,0.5731048358208065,8,0.16271997036026772,0.08100911372032746,0.06992436668990831,0.02180808261007429,0.03395469235856705,0.00428007819235388,0.0006320654555679339,28,121,0.09598375563588164,0.206380749210448,False,False,False,4.172978689008839e-05,COMPLETE
1273,0.42926855087280275,2025-04-01 17:46:44.293714,2025-04-01 17:46:55.084672,0 days 00:00:10.790958,0.8407658264459515,0.7260189018461887,8,0.2852647019861866,0.06947107513864775,0.08895276638554142,0.01088819734839814,0.06761489704547849,0.02514189709841193,0.0010464310421846683,29,116,0.09118198489288958,0.03874802754792637,False,False,False,5.0778467531146594e-08,COMPLETE
1274,0.4223482012748719,2025-04-01 17:46:55.505707,2025-04-01 17:47:06.439323,0 days 00:00:10.933616,0.8788053000143292,0.9223801851969214,8,0.2713828049869898,0.05374585493338101,0.05842843510110937,0.01832798600177962,0.05121590794311199,0.020534824128950965,0.00048506305051547005,30,113,0.08735471305311088,0.029499151099194706,False,False,False,2.124325238902986e-06,COMPLETE
1275,0.28927509784698485,2025-04-01 17:47:06.857199,2025-04-01 17:47:16.472913,0 days 00:00:09.615714,0.9493084158999704,0.9536466477565427,8,0.24531700660870717,0.09263869689632026,0.06259441498781197,0.00779081818760803,0.06490526791648735,0.0010544992374061821,0.001928991004331927,28,125,0.08956953641255576,0.02331532197064509,False,False,True,1.2691143459043372e-06,COMPLETE
1276,0.3838943839073181,2025-04-01 17:47:16.893118,2025-04-01 17:47:27.318400,0 days 00:00:10.425282,0.8568561815096754,0.14642725778899401,8,0.2670246215347738,0.07411268368878292,0.07251960603840926,0.014907138475335108,0.023158486577033635,0.01291052997898836,0.0008746577086076843,27,130,0.09342579022633687,0.013291985150965333,False,False,False,1.6829784341992297e-06,COMPLETE
1277,0.39708303213119506,2025-04-01 17:47:27.736580,2025-04-01 17:47:38.468899,0 days 00:00:10.732319,0.9104744269525473,0.6936358802677038,8,0.2576249502201786,0.06456348632873239,0.05601678951182491,0.02077608336441011,0.01911134134623367,0.00935379841849556,0.0013530021600702536,29,120,0.05787735271044234,0.037038598852740766,False,False,False,2.5556712233259686e-06,COMPLETE
1278,0.37387949228286743,2025-04-01 17:47:38.889744,2025-04-01 17:47:49.003501,0 days 00:00:10.113757,0.8803813048056948,0.8991962738527525,16,0.28803741235700364,0.0822652356686033,0.06059617802851011,0.03417317411309114,0.06967579234991225,0.006419474809624897,0.0010797571370190233,30,128,0.08579323459988032,0.031249838724275426,True,False,False,1.1058596569980535e-06,COMPLETE
1279,0.4191044807434082,2025-04-01 17:47:49.424210,2025-04-01 17:47:59.921607,0 days 00:00:10.497397,0.9365652852495363,0.7315796190152137,8,0.27699301903370177,0.04588691818698136,0.0669426476137793,0.016767049392503515,0.014396858905677427,0.02995970013886176,0.0006793900864392142,27,123,0.08869544073902645,0.018212718843230235,False,False,False,1.6770138766221024e-06,COMPLETE
1280,0.41903533935546877,2025-04-01 17:48:00.351108,2025-04-01 17:48:10.887673,0 days 00:00:10.536565,0.800520253461819,0.6127763815595825,8,0.2948575654738525,0.08768880210018544,0.08626621344717253,0.013372238345320983,0.0632745260352135,0.042158197149544635,0.000805122362152163,28,118,0.09144394675115951,0.02551198366506901,False,False,False,9.071622931352969e-07,COMPLETE
1281,0.42509924173355107,2025-04-01 17:48:11.301782,2025-04-01 17:48:22.133449,0 days 00:00:10.831667,0.8951823525484136,0.5861165774780218,8,0.2834088929219844,0.07703659244954077,0.0556972889674186,0.022418488634508477,0.0556256951393678,0.010946657625700063,0.001581905620573041,29,124,0.08513073986050228,0.010361254291535806,False,False,False,1.8578507384725682e-08,COMPLETE
1282,0.33253964185714724,2025-04-01 17:48:22.550777,2025-04-01 17:48:32.293196,0 days 00:00:09.742419,0.8222339488540529,0.7104606795504507,8,0.270616910403727,0.06867826447445842,0.05896789068507809,0.019259961616558324,0.0523724448725436,0.02634456991090152,0.0009526441473748998,29,120,0.0877439675935627,0.0014616966983469568,False,True,False,2.4273605660646995e-06,COMPLETE
1283,0.4416613817214966,2025-04-01 17:48:32.713404,2025-04-01 17:48:43.200831,0 days 00:00:10.487427,0.8634456549680634,0.8675158272045818,8,0.29061355261287636,0.060822507220297584,0.06538164064929065,0.009839091678360879,0.052806863229096404,0.022573691102572558,0.0012298114041542345,28,115,0.08991080750343287,0.03320237346167666,False,False,False,1.3862953697354177e-06,COMPLETE
1284,0.3976972341537476,2025-04-01 17:48:43.638539,2025-04-01 17:48:54.033730,0 days 00:00:10.395191,0.8370630862823718,0.8683666355834754,8,0.2944277615441701,0.05631536838197262,0.06718806258253644,0.004549447211794859,0.050670932685368555,0.01925762725712149,0.001581573401987106,27,109,0.010619206658292635,0.045769270069856614,False,False,False,1.9218275850440673e-06,COMPLETE
1285,0.3854016065597534,2025-04-01 17:48:54.461908,2025-04-01 17:49:04.937006,0 days 00:00:10.475098,0.8320101006007032,0.8543329729165031,8,0.29347657989702036,0.04845142590761125,0.07201196150336012,0.0076698109307325206,0.052973248555207575,0.021271137893097734,0.004504114851772464,28,103,0.09224584546427507,0.05272203818513431,False,False,False,1.4988255413226932e-06,COMPLETE
1286,0.4088002026081085,2025-04-01 17:49:05.362765,2025-04-01 17:49:15.939295,0 days 00:00:10.576530,0.2675567857076569,0.8442512498006982,8,0.04198484820344957,0.05013783700927534,0.06582423401468256,0.008453707204965811,0.048852751160797334,0.012104999953559098,0.0022218255753369133,28,117,0.08616722584777319,0.04277891467900135,False,False,False,0.0005847777378293141,COMPLETE
1287,0.43634487390518195,2025-04-01 17:49:16.367480,2025-04-01 17:49:26.924333,0 days 00:00:10.556853,0.8527184633633009,0.8569398830394432,8,0.2999467339856376,0.054903590338247356,0.06903411023309997,0.0061634033313289985,0.053826112230780834,0.0459549420238091,0.0018233901980477096,28,107,0.09484713712006347,0.03912361437324498,False,False,False,2.1692966006462977e-06,COMPLETE
