number,value,datetime_start,datetime_complete,duration,params_alpha-eval,params_alpha-train,params_batch-size,params_eps-eval,params_eps-train,params_lambda-actions-eval,params_lambda-actions-train,params_lambda-frames-eval,params_lambda-frames-train,params_learning-rate,params_n-epochs,params_n-frames,params_radius-gw,params_rho,params_std-feats,params_ub-actions,params_ub-frames,params_weight-decay,state
1064,0.30204216837882997,2025-04-01 17:06:59.920191,2025-04-01 17:07:09.672427,0 days 00:00:09.752236,0.8783775590894395,0.8151525020280098,8,0.2907888543592382,0.06844327992160645,0.08604277939161482,0.03153658746941304,0.0645672558348368,0.014973804317227673,0.0005401065286195956,28,134,0.08087934655191399,0.0378765921937514,False,False,True,4.682325939042467e-08,COMPLETE
1065,0.4322251915931702,2025-04-01 17:07:10.026276,2025-04-01 17:07:17.012805,0 days 00:00:06.986529,0.8646044316132876,0.8126599828859902,8,0.29033931191751494,0.07800116980556089,0.08743897306760062,0.03379661394510383,0.0626910293740377,0.016563334737720505,0.0006413529949589379,8,127,0.0784000979316968,0.053292431002014945,False,False,False,0.0004449881754016863,COMPLETE
1066,0.3859582901000977,2025-04-01 17:07:17.355127,2025-04-01 17:07:28.283090,0 days 00:00:10.927963,0.873242618416093,0.8259697526421454,8,0.29420161177035015,0.06483381098915603,0.0906757153364967,0.03198120153338989,0.06600840100138479,0.014863333240152017,0.0007460286804901318,30,130,0.021732355284247967,0.03326212980962041,False,False,False,3.377187999722398e-08,COMPLETE
1067,0.4040947794914246,2025-04-01 17:07:28.631407,2025-04-01 17:07:52.958482,0 days 00:00:24.327075,0.8360717313746997,0.8662728090788061,2,0.2869613428784767,0.08341841993540494,0.08220419735342419,0.030322871940124046,0.06687927529971024,0.017849272259897193,0.00052941024933863,29,126,0.07998441197051694,0.03822720860101755,False,False,False,2.770798106771815e-08,COMPLETE
1068,0.40098712444305423,2025-04-01 17:07:53.308724,2025-04-01 17:08:05.680554,0 days 00:00:12.371830,0.8273198690672221,0.8001494951023361,8,0.28492912800638726,0.07353505437029459,0.08743044241209295,0.029080867361788734,0.06899509400967115,0.016815170353948923,0.0008201046654730648,30,136,0.08248927413319618,0.030869233606828018,True,False,False,3.355392759864394e-08,COMPLETE
1069,0.428614342212677,2025-04-01 17:08:06.030412,2025-04-01 17:08:16.606970,0 days 00:00:10.576558,0.8672208409742134,0.8440252453799075,8,0.2948861105485128,0.12746744381445035,0.08852761203089074,0.030335365683634416,0.0626691638931049,0.018743604475277047,0.0006247555333233393,28,128,0.08379856159351246,0.024662056526077322,False,False,False,2.182650124763684e-08,COMPLETE
1070,0.4445357203483582,2025-04-01 17:08:16.958130,2025-04-01 17:08:27.668222,0 days 00:00:10.710092,0.8890189260733096,0.8889624180728646,8,0.28796904924588945,0.05917330056210182,0.08393293691506276,0.0328816697345283,0.02874798375212579,0.01412887908742229,0.0010602619609628467,29,125,0.08185135772901553,0.044409039246615316,False,False,False,1.8337597626233792e-07,COMPLETE
1071,0.4068766474723816,2025-04-01 17:08:28.022867,2025-04-01 17:08:38.796394,0 days 00:00:10.773527,0.8795873524078133,0.9295061909824361,8,0.2950082677267642,0.056491179123744004,0.08596693082539358,0.03142601114081567,0.027067685733352286,0.013307826258922021,0.0016185922610192104,29,128,0.07660060094911025,0.04137347137722087,False,False,False,6.511840652132606e-08,COMPLETE
1072,0.3753991603851318,2025-04-01 17:08:39.154809,2025-04-01 17:08:49.533506,0 days 00:00:10.378697,0.8495290416549643,0.8976495705791181,8,0.290596276202629,0.05035594506143756,0.08781521937636703,0.032578111835633826,0.03414512114162717,0.012859482787385627,0.0012715081640340576,27,131,0.07994191814099888,0.04890277778036678,False,False,False,1.6045942116815432e-07,COMPLETE
1073,0.3355586647987366,2025-04-01 17:08:49.886857,2025-04-01 17:08:59.643375,0 days 00:00:09.756518,0.8532889663233049,0.8927805360719492,8,0.29953168451093465,0.052951494382812846,0.08682770647008944,0.02799441022374475,0.06483127401714282,0.01464291049829999,0.0011190531909048504,29,125,0.07966073439720547,0.04670204595238244,False,True,False,9.928138635188665e-08,COMPLETE
1074,0.3738014817237854,2025-04-01 17:09:00.002582,2025-04-01 17:09:10.977323,0 days 00:00:10.974741,0.8877881947985483,0.9541174666010472,8,0.2995320386320449,0.049637708457834245,0.08408198564339033,0.03594882349992562,0.029651429035235086,0.015268611199053334,0.0015571157257994715,30,131,0.08109045689789826,0.05279484558106634,False,False,False,5.71514965008296e-08,COMPLETE
1075,0.42344833612442023,2025-04-01 17:09:11.333291,2025-04-01 17:09:19.909531,0 days 00:00:08.576240,0.8613944857391037,0.9338606301371055,8,0.28845076931235286,0.060155183294422473,0.08445533251229556,0.034274223147986636,0.025209222466778744,0.015803722966972994,0.0010777155316868076,17,126,0.07789857783051553,0.04335409037193383,False,False,False,1.0683841897047641e-07,COMPLETE
1076,0.4423877716064454,2025-04-01 17:09:20.246860,2025-04-01 17:09:30.820210,0 days 00:00:10.573350,0.8771121465294768,0.9120081465638266,8,0.2890696542150751,0.056962045337736,0.08426560293806781,0.026308357400318307,0.06255761767869869,0.012403778493069952,0.001382684271509666,28,129,0.07943308655258435,0.03838568514296452,False,False,False,1.4251862388806234e-07,COMPLETE
1077,0.4242764711380005,2025-04-01 17:09:31.172295,2025-04-01 17:09:41.868110,0 days 00:00:10.695815,0.8920899442831997,0.8833876307164903,8,0.2899887236600505,0.05930589808581866,0.0931785745594649,0.0296470036795239,0.06412872488052881,0.012884000037837679,0.0018139733170073609,28,134,0.07370747189577732,0.0476192027852087,False,False,False,1.2080138887367804e-07,COMPLETE
1078,0.3671728610992432,2025-04-01 17:09:42.220819,2025-04-01 17:09:52.648766,0 days 00:00:10.427947,0.8927936960776952,0.9744879453539715,8,0.29469336622375514,0.04965603653467165,0.08621816714195996,0.02595035892381217,0.06787038425987656,0.01179192543505632,0.001383813098253001,27,132,0.07607040335763726,0.05831440188549618,False,False,False,1.3352126540094601e-07,COMPLETE
1079,0.2887604355812073,2025-04-01 17:09:53.005598,2025-04-01 17:10:01.712401,0 days 00:00:08.706803,0.8759413705397112,0.9375643849687962,16,0.286268245744945,0.04101631393249473,0.08494042891651578,0.027581574041272497,0.06669122989344674,0.01494584804811246,0.000927362688405634,28,140,0.07918544987788685,0.040347056799531954,False,False,False,1.7566389639017916e-07,COMPLETE
1080,0.37796912193298343,2025-04-01 17:10:02.066000,2025-04-01 17:10:12.694141,0 days 00:00:10.628141,0.9009764886161038,0.9306648646600878,8,0.286277337592373,0.04257808672362563,0.08571574579556,0.026059070831614135,0.018238174753070026,0.012565162116412832,0.00112865658771977,28,135,0.07893373717119503,0.03769263060403641,False,False,False,1.769953614086224e-07,COMPLETE
1081,0.3731951713562012,2025-04-01 17:10:13.064399,2025-04-01 17:10:23.515993,0 days 00:00:10.451594,0.8748093409052792,0.9645406542231743,8,0.29489543635685067,0.0463990306268299,0.08842041473645942,0.028561737533742713,0.03066088889870247,0.013024581489088971,0.002292310532215622,27,130,0.08102085646181138,0.04368930753034224,False,False,False,8.933989153295769e-08,COMPLETE
1082,0.42328315973281866,2025-04-01 17:10:23.874117,2025-04-01 17:10:34.474479,0 days 00:00:10.600362,0.9001346865616946,0.9240935977148612,8,0.29970805312363447,0.21892702401384428,0.09145411735461412,0.026712742878835113,0.021711975334430103,0.01368483720905938,0.001526038698067098,28,129,0.08128311966363064,0.04856866147085128,False,False,False,1.0073895531250066e-08,COMPLETE
1083,0.41838860511779785,2025-04-01 17:10:34.833942,2025-04-01 17:10:45.486011,0 days 00:00:10.652069,0.8835431083066235,0.9096770652908817,8,0.29026064196663753,0.05390033495867633,0.0836451172645254,0.03235113309574155,0.06323291747741912,0.011234489091952252,0.000978605880448089,28,132,0.07707009748814704,0.10436319869087571,False,False,False,1.3018888727412026e-07,COMPLETE
1084,0.30367920994758607,2025-04-01 17:10:45.849998,2025-04-01 17:10:55.397529,0 days 00:00:09.547531,0.8725211789128124,0.8838299617357214,8,0.2834742756977561,0.04582955499623012,0.08717860507609251,0.029116084836298007,0.03324479576169311,0.014146141452227994,0.000826608920241203,27,128,0.07800753821080023,0.03614131386342277,False,False,True,2.133989458578385e-07,COMPLETE
1085,0.4307308673858643,2025-04-01 17:10:55.759199,2025-04-01 17:11:06.015254,0 days 00:00:10.256055,0.8959843505862858,0.8813835293490164,8,0.2903149769821187,0.057235685527566395,0.08331916983521491,0.024465243818611516,0.06551176927210096,0.012112547867198505,0.0011744574528699955,26,134,0.0799311052183418,0.03327972300815768,False,False,False,1.2185846637702456e-07,COMPLETE
1086,0.4329428195953369,2025-04-01 17:11:06.357221,2025-04-01 17:11:16.798261,0 days 00:00:10.441040,0.8594003735015354,0.9277813997691624,8,0.2858484597442416,0.06066311371605208,0.08611087150315885,0.027468615871892185,0.06281836048427777,0.01576824333429762,0.00130083918819089,27,127,0.08106016115734206,0.04224657732617597,False,False,False,1.5684742514427166e-07,COMPLETE
1087,0.4442949771881104,2025-04-01 17:11:17.155445,2025-04-01 17:11:27.825414,0 days 00:00:10.669969,0.8398713383450658,0.9064144195082922,8,0.29486391799616246,0.05278483538588227,0.08935075327979915,0.025315879889366358,0.06464474717510038,0.01378136129794552,0.0009982806166574723,28,130,0.08257462293189634,0.03301641998679406,False,False,False,1.5335640966907806e-08,COMPLETE
1088,0.2887604355812073,2025-04-01 17:11:28.180484,2025-04-01 17:11:39.719923,0 days 00:00:11.539439,0.8151940546591967,0.9536509726643465,8,0.28758320050953584,0.03900345328453391,0.09185096642102658,0.03004477589684997,0.06737914992693353,0.012993580899767076,0.0017226827697307105,28,130,0.08274987419137607,0.03897806736676403,True,False,False,1.3477685097454625e-08,COMPLETE
1089,0.38389081954956056,2025-04-01 17:11:40.078640,2025-04-01 17:11:50.726239,0 days 00:00:10.647599,0.8276250069666705,0.9112663379044986,8,0.2833064003617799,0.04753531810248398,0.08955460428306389,0.024949176294253243,0.06556008795065228,0.011100371811955494,0.0013915552927126365,28,137,0.08334617420873865,0.04606756464923291,False,False,False,1.5406686382484324e-08,COMPLETE
1090,0.2887604355812073,2025-04-01 17:11:51.081084,2025-04-01 17:12:01.553382,0 days 00:00:10.472298,0.8430674288965023,0.9947358600266485,8,0.28077166849632595,0.03472147707716601,0.08427435221459728,0.0354952084036246,0.07034286934227367,0.013957587452273068,0.0010743596734693146,27,138,0.08281606727893057,0.038311451696081626,False,False,False,2.5211763423907976e-07,COMPLETE
1091,0.2887604355812073,2025-04-01 17:12:01.920232,2025-04-01 17:12:25.807849,0 days 00:00:23.887617,0.8069320255234571,0.9206623842921988,2,0.29093216923558524,0.04385880725624768,0.09366133181291407,0.03762176976551216,0.06895492581630822,0.014020851476542634,0.0013776308222261692,28,131,0.08194290266724893,0.03342803396192141,False,False,False,7.607905074338105e-08,COMPLETE
1092,0.41828327178955077,2025-04-01 17:12:26.170600,2025-04-01 17:12:36.625459,0 days 00:00:10.454859,0.8248960091682155,0.8954513237686909,8,0.28408752745411797,0.05197818182005743,0.08856879490802057,0.023334078252747074,0.06638489850504889,0.016035778264463077,0.0010234366295080643,27,135,0.07956545801392384,0.052484492775235474,False,False,False,1.3518519123414374e-08,COMPLETE
1093,0.3355586647987366,2025-04-01 17:12:36.985536,2025-04-01 17:12:46.284915,0 days 00:00:09.299379,0.8385420196422233,0.902398039083584,8,0.2913219758614085,0.05288152462804872,0.08671287390499109,0.025917721783163396,0.032278049728591815,0.013035159202204317,0.0017849710754917019,26,133,0.08259922708721265,0.04225273729019557,False,True,False,1.2104294290527837e-08,COMPLETE
1094,0.41868574619293214,2025-04-01 17:12:46.648940,2025-04-01 17:12:56.014947,0 days 00:00:09.366007,0.853105391174143,0.8864138301327473,8,0.2815230898851189,0.05505845984622743,0.08484823658721788,0.03337112246847893,0.06405774690412575,0.011634386448397833,0.0011876387834569803,21,132,0.07730976950368837,0.0335030711924669,False,False,False,1.0599961062805648e-08,COMPLETE
1095,0.37395035028457646,2025-04-01 17:12:56.376767,2025-04-01 17:13:07.014154,0 days 00:00:10.637387,0.7799083683743956,0.969394051505109,8,0.29174502473563935,0.04456071134602453,0.08961970555817826,0.027974326634668884,0.06443680386413692,0.01477333023505591,0.0010001280310808355,28,128,0.07470760064507503,0.032304459544463544,False,False,False,3.1332425586562535e-07,COMPLETE
1096,0.41508872509002687,2025-04-01 17:13:07.377569,2025-04-01 17:13:17.829923,0 days 00:00:10.452354,0.857180179890173,0.9147531959406578,8,0.284017771310978,0.05688025801380146,0.08996946626940387,0.024083174484557386,0.06605039785869948,0.015928098839112986,0.0014329658637736826,27,136,0.08352717697376615,0.05691735104143383,False,False,False,2.2834517229885015e-07,COMPLETE
1097,0.4154924631118775,2025-04-01 17:13:18.178154,2025-04-01 17:13:28.278080,0 days 00:00:10.099926,0.7994425480374564,0.8816398772080847,8,0.2945315772941082,0.16649079823518578,0.08765442577282576,0.03007513642982557,0.06262006041843182,0.011353764363649373,0.0009252504604630301,25,130,0.08075835632945116,0.1564295961503271,False,False,False,1.6716103556766127e-08,COMPLETE
1098,0.40685625076293946,2025-04-01 17:13:28.634500,2025-04-01 17:13:39.324893,0 days 00:00:10.690393,0.8370034739347743,0.9210062317352506,8,0.2800076210783575,0.05152410037427534,0.0010253743943863247,0.02193113794411828,0.06326218903052153,0.017161882615298336,0.00729358391335676,28,128,0.08401694647060733,0.045912875038250145,False,False,False,1.571760098110124e-08,COMPLETE
1099,0.40526082515716555,2025-04-01 17:13:39.685706,2025-04-01 17:13:50.423531,0 days 00:00:10.737825,0.8227280108645624,0.8957123689388067,8,0.2873480372230648,0.18949366282142158,0.08958180710577712,0.02737354462802263,0.06863383621883183,0.013017674549849308,0.001253444788751213,29,126,0.07950965591026807,0.030287057709705117,False,False,False,1.505026883369995e-08,COMPLETE
1100,0.4121832966804505,2025-04-01 17:13:50.785754,2025-04-01 17:14:01.476736,0 days 00:00:10.690982,0.8680021067754276,0.9056215203088398,8,0.28081247837618406,0.1989410287404258,0.08768432287697861,0.02275539666962765,0.06160776732050459,0.01623635675431731,0.0008524679374704342,28,147,0.08285874431417574,0.03520421882400193,False,False,False,1.796835944437853e-08,COMPLETE
1101,0.41943948268890385,2025-04-01 17:14:01.838927,2025-04-01 17:14:12.291353,0 days 00:00:10.452426,0.862036836900636,0.9155722953136187,8,0.2891862225658362,0.055844477523323735,0.0831017642015684,0.02606722655662594,0.06169129422084458,0.014440628099423085,0.00033231009424495586,27,130,0.08155278603555047,0.039722877105115836,False,False,False,1.0189962440722047e-08,COMPLETE
1102,0.38809555768966675,2025-04-01 17:14:12.661481,2025-04-01 17:14:21.631797,0 days 00:00:08.970316,0.8412921311110094,0.8954601448634775,16,0.2950486001525636,0.060729763102531205,0.08598296247920109,0.029745816926477334,0.06585580472227419,0.011169241096569544,0.001072843621596628,29,140,0.042181920228224035,0.02974675166414183,False,False,False,1.995601055081931e-08,COMPLETE
1103,0.2979717910289765,2025-04-01 17:14:21.991241,2025-04-01 17:14:31.847541,0 days 00:00:09.856300,0.8792204753633996,0.8690104652811665,8,0.2785534555832096,0.1810318253483012,0.0906675564756156,0.0317769123905553,0.0626924649355282,0.017472771789466844,0.0007446927340733589,29,132,0.0843102517732515,0.0352933157357183,False,False,True,1.2081444654342636e-08,COMPLETE
1104,0.3926326632499695,2025-04-01 17:14:32.213566,2025-04-01 17:14:42.870107,0 days 00:00:10.656541,0.8842676009943619,0.9004274634074085,8,0.2855814115880821,0.04736485427937745,0.09221365115714285,0.024417489147578193,0.06445950474179842,0.01382654597450334,0.00163393532909372,28,125,0.08442196959583963,0.04940306786520768,False,False,False,4.624837490387526e-08,COMPLETE
1105,0.37343205213546754,2025-04-01 17:14:43.237740,2025-04-01 17:14:53.698725,0 days 00:00:10.460985,0.855173140988179,0.8682181828428335,8,0.29568960178255627,0.05834860568664875,0.08359493591585136,0.021334808252380894,0.06391522008395226,0.010620035835947908,0.0009470712794631783,27,134,0.08156680200072958,0.25501295354780035,False,False,False,1.3077253903271451e-08,COMPLETE
1106,0.42900401353836065,2025-04-01 17:14:54.063703,2025-04-01 17:15:04.598652,0 days 00:00:10.534949,0.7802153861283998,0.9435084055508319,8,0.2888727639473383,0.06238270317407685,0.08535938934842824,0.026901703484749923,0.06841628892096818,0.01656863446180639,0.00120588038817633,28,128,0.07902102278995955,0.02845345536001551,False,False,False,2.4894163689773174e-08,COMPLETE
1107,0.3893505096435547,2025-04-01 17:15:04.966580,2025-04-01 17:15:16.129530,0 days 00:00:11.162950,0.8029877019148215,0.8602322093793371,8,0.2998488890795065,0.04867172052227374,0.08794619050502227,0.023578321068533626,0.06110944559227998,0.012732672336537909,0.001957138446243309,26,124,0.08491966552557009,0.04045352595792341,True,False,False,1.4274029544972647e-08,COMPLETE
1108,0.42397069931030273,2025-04-01 17:15:16.493178,2025-04-01 17:15:27.281912,0 days 00:00:10.788734,0.903997495408049,0.868960943370722,8,0.16941262220548492,0.05526387787075978,0.08551106611280661,0.010028986284662445,0.06675609153883932,0.015109401852554313,0.0007027832765352165,29,126,0.0778653472199576,0.027513230808448592,False,False,False,1.5945954457902118e-08,COMPLETE
1109,0.3885693907737732,2025-04-01 17:15:27.652382,2025-04-01 17:15:38.457167,0 days 00:00:10.804785,0.8701990068185458,0.8577085852403225,8,0.2788697546893718,0.06457070866874946,0.08847729207965752,0.03361708661535843,0.061162476183751785,0.017910884271784083,0.00043037037645181364,29,130,0.06123530697517022,0.03579600990647637,False,False,False,2.0899294674350423e-08,COMPLETE
1110,0.40182130336761473,2025-04-01 17:15:38.805375,2025-04-01 17:15:49.462804,0 days 00:00:10.657429,0.8450255834841145,0.8387920867411305,8,0.28513821848951104,0.03889155742058971,0.08143545457713863,0.02230023472910837,0.02958572246538173,0.011815344850712024,0.0008677083123008546,28,125,0.08205828686244836,0.044373390431933585,False,False,False,3.90225565271905e-08,COMPLETE
1111,0.41848148107528693,2025-04-01 17:15:49.828140,2025-04-01 17:16:00.130146,0 days 00:00:10.302006,0.889100898250952,0.9278175975986218,8,0.2896689594430067,0.06267600821825638,0.09198337190316187,0.028529619743798352,0.06594594660991436,0.014556176621405518,0.0010758149240345347,26,132,0.08468913510910375,0.030042828425107276,False,False,False,1.1151384604194315e-08,COMPLETE
1112,0.3332811236381531,2025-04-01 17:16:00.494758,2025-04-01 17:16:10.170108,0 days 00:00:09.675350,0.8196885057328164,0.9120427124550674,8,0.2785908076732673,0.05389818838005244,0.08884411458279623,0.0260231675153639,0.06414025483257922,0.01645176550521668,0.0014310933521055405,29,127,0.08095700964368265,0.025136708373670727,False,True,False,1.6012137703123177e-08,COMPLETE
1113,0.399263083934784,2025-04-01 17:16:10.536304,2025-04-01 17:16:34.441290,0 days 00:00:23.904986,0.9051867987240168,0.9495517926333843,2,0.291747932676455,0.06282052822741391,0.0827983458264602,0.0210470802266495,0.06097646003121081,0.010509643443547762,0.0006585467296645509,28,138,0.08299751119845339,0.03720350832296186,False,False,False,1.94097839177413e-08,COMPLETE
1114,0.43563730716705323,2025-04-01 17:16:34.814164,2025-04-01 17:16:45.223625,0 days 00:00:10.409461,0.8812965078730154,0.8735193144437295,8,0.2952915303777322,0.05850986100928372,0.0824765771216272,0.01178326086246555,0.0676406001549209,0.01850984057524145,0.0008350845897729163,27,124,0.08524981201351359,0.029953368437016757,False,False,False,1.3150784630188647e-08,COMPLETE
1115,0.4028950572013855,2025-04-01 17:16:45.591079,2025-04-01 17:16:56.354621,0 days 00:00:10.763542,0.8647741319862023,0.9365287864184708,8,0.28376222351843994,0.1586718863567513,0.08496111728614615,0.02454206461186173,0.027907387767099993,0.013345149626820088,0.0011613628886861659,29,129,0.08345992473404275,0.039836375115395395,False,False,False,2.7371910042540394e-07,COMPLETE
1116,0.42778428792953493,2025-04-01 17:16:56.725978,2025-04-01 17:17:07.311586,0 days 00:00:10.585608,0.844207690353071,0.8969812217753653,8,0.2765087036925779,0.06579693641696259,0.08699644946259101,0.03089456682319595,0.06359062942120065,0.015370206809738027,0.0005357169611227704,28,123,0.07878295129849078,0.025243075639635314,False,False,False,3.049487419363162e-08,COMPLETE
1117,0.3906110167503357,2025-04-01 17:17:07.680615,2025-04-01 17:17:18.453356,0 days 00:00:10.772741,0.895531730091963,0.8821174414523096,8,0.2848763694637708,0.048281047227160714,0.08454812025403032,0.020548837272140668,0.07138243801687645,0.010101193574376239,0.0009695683456541893,29,127,0.08063788754270061,0.03129300473931182,False,False,False,5.8519200198240174e-08,COMPLETE
1118,0.42462106943130495,2025-04-01 17:17:18.823331,2025-04-01 17:17:28.915083,0 days 00:00:10.091752,0.7433341903542453,0.8540868620332454,8,0.29982238295384606,0.05936827708042672,0.09557519763025679,0.029132195651536102,0.060603352856356874,0.017882640916778183,0.0007234822688670077,25,134,0.07639063392845827,0.05154441641829954,False,False,False,3.406979442990009e-07,COMPLETE
1119,0.43785188198089603,2025-04-01 17:17:29.281974,2025-04-01 17:17:39.815912,0 days 00:00:10.533938,0.9045850273223421,0.9149107704906956,8,0.2932538017074296,0.06586420359538676,0.09090006846055262,0.018770170266116687,0.01988275294604997,0.012464827509629937,0.0013878362983683304,28,123,0.08554414796795541,0.06346154443520041,False,False,False,2.762026854688115e-08,COMPLETE
