number,value,datetime_start,datetime_complete,duration,params_alpha-eval,params_alpha-train,params_batch-size,params_eps-eval,params_eps-train,params_lambda-actions-eval,params_lambda-actions-train,params_lambda-frames-eval,params_lambda-frames-train,params_learning-rate,params_n-epochs,params_n-frames,params_radius-gw,params_rho,params_std-feats,params_ub-actions,params_ub-frames,params_weight-decay,state
0,0.2887604355812073,2025-04-01 13:50:25.786735,2025-04-01 13:50:41.611228,0 days 00:00:15.824493,0.4541272957907776,0.5521716623886015,2,0.1598370418345434,0.08109571377556529,0.03700660329102249,0.04891440674976727,0.022510296641428472,0.07312557548494161,0.00016548216056184615,18,150,0.002409096233367036,0.11914122038642053,False,True,True,2.835205002616585e-08,COMPLETE
1,0.3803593635559082,2025-04-01 13:50:41.617765,2025-04-01 13:50:48.476383,0 days 00:00:06.858618,0.7317193271305635,0.5070420766649213,16,0.0537495244263593,0.09704298916293885,0.049214456488374615,0.02402581278851817,0.05722592874171403,0.06093535729132745,0.00010349197552922888,13,110,0.05294251504070097,0.07977865189469635,True,False,True,5.8737242183648444e-05,COMPLETE
2,0.30535101890563965,2025-04-01 13:50:48.480098,2025-04-01 13:50:55.007558,0 days 00:00:06.527460,0.3279160167224946,0.28659915837037725,16,0.11116665398398701,0.18462975135601084,0.021176825520579135,0.03895916667790471,0.01687564499159194,0.02101052829471791,1.6840477407298388e-05,9,136,0.0870175194001577,0.006470891067092012,True,False,True,1.1406384653673278e-08,COMPLETE
3,0.2887604355812073,2025-04-01 13:50:55.011758,2025-04-01 13:51:01.157454,0 days 00:00:06.145696,0.5873979860764484,0.5933671082688051,8,0.09439887374078765,0.2866736823880889,0.07710150361298318,0.01453408832151341,0.062230215936915106,0.015101264070710285,0.016916814129649634,7,46,0.09224217050470557,0.1936281341898502,False,True,False,0.0004221198627182153,COMPLETE
4,0.3742350697517395,2025-04-01 13:51:01.161662,2025-04-01 13:51:07.361148,0 days 00:00:06.199486,0.8846911906029831,0.8396612554116293,16,0.23195120108771589,0.07645681139292729,0.057350488890244876,0.024819812955019487,0.004064445681777935,0.06430208645182783,8.74340479032344e-05,8,41,0.02044131436060819,0.26251316076028636,False,False,False,1.5831208407616998e-06,COMPLETE
5,0.384723961353302,2025-04-01 13:51:07.365711,2025-04-01 13:51:20.328292,0 days 00:00:12.962581,0.5888752391762164,0.8521644603456968,2,0.01722506772769244,0.06902160976476437,0.048512872037608235,0.08714593330668133,0.04762054032997407,0.08796928359020927,0.08768409929633762,11,78,0.04109928483176879,0.23690093840013113,False,False,False,2.90527570230802e-08,COMPLETE
6,0.2887604355812073,2025-04-01 13:51:20.333508,2025-04-01 13:51:28.668263,0 days 00:00:08.334755,0.33530479301666116,0.606345517666719,8,0.22985820745654928,0.28474460054074907,0.02082816468197183,0.08420291328410785,0.04823586657939789,0.07912259162371427,0.00031081504567143927,22,33,0.012563821312167399,0.23794802757713676,False,True,True,0.00019525566761242698,COMPLETE
7,0.3855293273925781,2025-04-01 13:51:28.673608,2025-04-01 13:51:52.591874,0 days 00:00:23.918266,0.9261898686194912,0.7602412615094212,2,0.06330344959361725,0.2149396136720749,0.06305075947172105,0.02938211751191659,0.021787018064132586,0.030926984291154147,2.7914541350810842e-05,29,30,0.0397407918104641,0.24791563421316412,True,False,False,5.575097846841268e-08,COMPLETE
8,0.2887604355812073,2025-04-01 13:51:52.597689,2025-04-01 13:52:00.979709,0 days 00:00:08.382020,0.6129349810454034,0.017293052362021406,8,0.1161340071860103,0.19806461452111068,0.09111997367718153,0.014914319919699395,0.01978531968899622,0.058427827022205024,0.0001913625406652709,21,35,0.0552483213940875,0.11172112065801541,True,True,True,0.0003125523217176149,COMPLETE
9,0.29307289719581603,2025-04-01 13:52:00.985533,2025-04-01 13:52:08.686026,0 days 00:00:07.700493,0.5965368497405499,0.2510225889078298,16,0.2506084703802813,0.11648652397860165,0.023197831951350154,0.006453127709830321,0.038152913968614595,0.012503570672532143,0.00014046862291058158,28,65,0.013603938593775677,0.15742078966317352,False,True,False,0.00019119678058004706,COMPLETE
10,0.38123348951339725,2025-04-01 13:52:08.692672,2025-04-01 13:52:34.149899,0 days 00:00:25.457227,0.017268253350531837,0.9381437016596574,2,0.1700964426260126,0.013877527657925548,0.0015357237284694056,0.06721063486840916,0.091956845032297,0.035351997374867425,0.003017593260392763,30,10,0.07177088124066117,0.2920080898602911,True,False,False,4.2843433792128586e-07,COMPLETE
11,0.38246089220047,2025-04-01 13:52:34.156814,2025-04-01 13:52:49.472275,0 days 00:00:15.315461,0.9683363959586716,0.7966252092115649,2,0.024214327819625202,0.22678508262431812,0.06581034098735543,0.09554823314014399,0.0797220190392761,0.09811282742807509,0.06110848207513913,14,96,0.03630988148649914,0.22246151998436586,True,False,False,9.372465953926717e-08,COMPLETE
12,0.2887604355812073,2025-04-01 13:52:49.479303,2025-04-01 13:53:10.912637,0 days 00:00:21.433334,0.8646493914991529,0.7522480069841085,2,0.012435857368600693,0.013460732050776927,0.07454338546924634,0.0712928721512395,0.036214405038504274,0.04133934683397578,0.0025903672112792776,25,76,0.03524521420430424,0.1910845598920879,False,False,False,1.4352082210329582e-07,COMPLETE
13,0.3716126561164856,2025-04-01 13:53:10.919821,2025-04-01 13:53:25.591652,0 days 00:00:14.671831,0.7567293272158337,0.9951069954328329,2,0.062029308084078985,0.1455381439799117,0.047421825716537684,0.05862899325183386,0.06830904331371082,0.09875834197067714,2.3876183671189667e-05,13,96,0.038151742582914365,0.2845700675960613,True,False,False,1.6474876768950904e-05,COMPLETE
14,0.37573544979095463,2025-04-01 13:53:25.599026,2025-04-01 13:53:41.878492,0 days 00:00:16.279466,0.10559693812793647,0.7127811304741187,2,0.007611532191730025,0.2478358927781792,0.09346509928616833,0.03814909960110596,0.03659544164382115,0.030944902638096704,0.08804989926338914,16,9,0.06751578395703726,0.22583115913698906,False,False,False,1.6438870546920821e-06,COMPLETE
15,0.3858034133911133,2025-04-01 13:53:41.886272,2025-04-01 13:53:51.208844,0 days 00:00:09.322572,0.7420297528518659,0.887944157536683,2,0.06104105135587433,0.15784148068340387,0.0343890577828791,0.09911047164672708,0.001815185667562138,0.046269582492269326,0.001048737509183545,5,63,0.04357497890361531,0.17461405029565724,True,False,False,6.455254375539313e-08,COMPLETE
16,0.38752570152282717,2025-04-01 13:53:51.216850,2025-04-01 13:54:13.001461,0 days 00:00:21.784611,0.7937925519920628,0.3670027699059595,2,0.06695851335373328,0.16114471314006285,0.033497606116732095,0.04045785571304928,0.002383906095656874,0.003108023626252149,0.0011556632269534377,25,55,0.024141585092848424,0.1556849117028106,True,False,False,3.769011273687518e-07,COMPLETE
17,0.38359309434890754,2025-04-01 13:54:13.012001,2025-04-01 13:54:22.344782,0 days 00:00:09.332781,0.7531003304525737,0.3552115051468545,2,0.19053415983251398,0.15719458894561894,0.03291257552689428,0.04928999329386545,0.0030336171512068705,0.005570166455251834,0.0010878843987521683,5,52,0.026261473738212096,0.055793407949715365,True,False,False,4.305779991179788e-07,COMPLETE
18,0.38393516540527345,2025-04-01 13:54:22.354024,2025-04-01 13:54:44.178309,0 days 00:00:21.824285,0.8081039975386416,0.39521883697110116,2,0.29111177798809523,0.1563356088052598,0.01135729615239615,0.07371223186773604,0.009320459972442623,0.0014410519428055654,0.005805140899402538,25,65,0.06279852779724447,0.16592776032047094,True,False,False,9.864727590187515e-06,COMPLETE
19,0.38192325830459595,2025-04-01 13:54:44.187218,2025-04-01 13:54:54.661942,0 days 00:00:10.474724,0.6800487362927738,0.02933245887256991,8,0.13092634551286375,0.12802119276251822,0.04068992141099433,0.09984096564724515,0.0010593235607262107,0.04731194575976238,0.0006244022026751692,25,96,0.02736759000627941,0.12827681111851236,True,False,False,3.3315248290430534e-07,COMPLETE
20,0.3758279919624329,2025-04-01 13:54:54.673581,2025-04-01 13:55:12.750222,0 days 00:00:18.076641,0.440396262435802,0.158380165324054,2,0.08099135296514748,0.05087310455980351,0.031935490001091346,0.05968337399827829,0.02923522773556304,0.053042291657427895,0.015338357392803481,19,60,0.07815371751691462,0.07346665664000424,True,False,False,3.2271440846604437e-06,COMPLETE
21,0.3812771320343018,2025-04-01 13:55:12.760557,2025-04-01 13:55:37.084215,0 days 00:00:24.323658,0.965774905059474,0.677283021642849,2,0.044665145638678454,0.19467716588700212,0.06206107702689596,0.03970268928085279,0.01283526660390635,0.025178679450630428,0.0007684449707968696,30,23,0.04679010941792377,0.16452119351071418,True,False,False,7.732065148998437e-08,COMPLETE
22,0.38058013916015626,2025-04-01 13:55:37.094946,2025-04-01 13:55:59.690348,0 days 00:00:22.595402,0.9993879730398904,0.452285266978396,2,0.07677089330248892,0.2343777591963185,0.07955773152984083,0.02800717190247218,0.025710631396912948,0.04207969206096692,4.915287619518579e-05,27,25,0.02879473799993469,0.19199701836099092,True,False,False,3.254702076699305e-08,COMPLETE
23,0.3784512519836426,2025-04-01 13:55:59.700738,2025-04-01 13:56:19.621665,0 days 00:00:19.920927,0.8714682955951386,0.8770968547628222,2,0.04416020263384754,0.17744126856511158,0.05690686881409486,0.0324410819395834,0.010339358321956432,0.03286672037676523,0.0016756161696865502,22,56,0.04612049790652655,0.2645308249187189,True,False,False,1.8976315606740915e-07,COMPLETE
24,0.3922202110290528,2025-04-01 13:56:19.632453,2025-04-01 13:56:43.662419,0 days 00:00:24.029966,0.8168826261872565,0.6471134578484746,2,0.0900382855999217,0.21832008109892906,0.041577951756806564,0.043918815396518505,0.012649536685603178,0.022557420875611623,0.00040669606572416847,28,79,0.06058718098412299,0.1344443746055023,True,False,False,1.1095020132822203e-08,COMPLETE
25,0.3927404642105103,2025-04-01 13:56:43.673327,2025-04-01 13:57:05.280136,0 days 00:00:21.606809,0.6676107751699003,0.4461287479159074,2,0.13606819626405675,0.2513857599265269,0.025801767284536523,0.05904023213062762,0.011171857394697957,0.017154634064414892,0.0004351467788925737,24,80,0.05949141615461094,0.13882592810010808,True,False,False,1.4288726579244935e-08,COMPLETE
26,0.31602867841720583,2025-04-01 13:57:05.291157,2025-04-01 13:57:25.506076,0 days 00:00:20.214919,0.6721235916824909,0.3925002285817257,2,0.13494356896921839,0.26032371863332654,0.012789493861609214,0.057064937568555615,0.03012275959818586,0.011768326991355021,0.00039735590377567155,26,82,0.06007275934648961,0.13699662473521454,True,True,True,1.0687820400410593e-08,COMPLETE
27,0.38502873182296754,2025-04-01 13:57:25.518115,2025-04-01 13:57:46.676463,0 days 00:00:21.158348,0.7984828774606195,0.4726496954321472,2,0.1885530259669455,0.25746964964581326,0.02619325473249265,0.045425819390541425,0.012659154375419764,0.019795425470880507,0.00037174260113818317,23,111,0.07969850540630936,0.10417686896033809,True,False,False,1.6488486526893918e-08,COMPLETE
28,0.378264331817627,2025-04-01 13:57:46.688294,2025-04-01 13:57:56.777016,0 days 00:00:10.088722,0.5151927872937475,0.18379393949532222,8,0.09994324994284239,0.20865282986783293,0.042644393396887054,0.06306090549285956,0.09907754083990941,0.005903294141832568,0.005258860904557331,24,86,0.05974942534885886,0.09285089907591322,True,False,False,1.0880630996805273e-06,COMPLETE
29,0.2887604355812073,2025-04-01 13:57:56.789522,2025-04-01 13:58:04.491355,0 days 00:00:07.701833,0.45395595574414693,0.554140352462017,16,0.15197436659660965,0.24387150446814226,0.012026201350036826,0.05203678377959412,0.017516140590707788,0.024555160061887404,0.0003156370684389417,17,135,0.00784198722002167,0.12631022397042982,True,True,True,2.6210230734992804e-08,COMPLETE
30,0.381368887424469,2025-04-01 13:58:04.503724,2025-04-01 13:58:23.788168,0 days 00:00:19.284444,0.6707502917154842,0.6417676469866549,2,0.17521953465518975,0.2687683084816125,0.02869224787001408,0.044253367108900675,0.008797620476661536,0.00660358975276365,7.127868071000908e-05,20,115,0.002164882691228609,0.03221831946320397,True,False,False,4.4134702164006395e-06,COMPLETE
31,0.38169420957565314,2025-04-01 13:58:23.800897,2025-04-01 13:58:47.899543,0 days 00:00:24.098646,0.8081771549871193,0.3026368792974077,2,0.09032764309778782,0.1734571300452048,0.036940642023763806,0.08303836238988097,0.0011977160456717768,0.015607789519576063,0.0012380340542184729,28,71,0.06955990329031447,0.14533313224028568,True,False,False,4.6986757760418205e-08,COMPLETE
32,0.378342616558075,2025-04-01 13:58:47.912555,2025-04-01 13:59:11.540030,0 days 00:00:23.627475,0.7106936592251115,0.45117289221760376,2,0.1264923003983425,0.12228588649214181,0.037943448070994715,0.0519952059029833,0.007828593939465372,0.0013422706070722046,0.0006096777071199092,27,88,0.05219289931915963,0.17805151209084616,True,False,False,1.7904168738154933e-07,COMPLETE
33,0.3732826590538025,2025-04-01 13:59:11.553542,2025-04-01 13:59:29.142339,0 days 00:00:17.588797,0.8299331013418496,0.5492746333224198,2,0.033235271238185815,0.2199162120377979,0.018327134541751087,0.07709211478322217,0.01431461741505529,0.07100177365718155,0.00021796212562621333,18,70,0.04533992997677355,0.21064008877725582,True,False,False,1.8585723083444438e-08,COMPLETE
34,0.36024740338325506,2025-04-01 13:59:29.155970,2025-04-01 13:59:35.779646,0 days 00:00:06.623676,0.5366677270965308,0.5129837547868737,16,0.07070214107674339,0.2970375343642947,0.04440196243125498,0.018791381351054254,0.024522057161961708,0.020933695620626143,0.0020539289383299237,15,47,0.055272112010458,0.14652860469132875,True,False,True,1.021018785503368e-08,COMPLETE
35,0.38468021154403687,2025-04-01 13:59:35.793624,2025-04-01 13:59:48.904641,0 days 00:00:13.111017,0.7587225233479564,0.33531950254996556,2,0.10685311541158196,0.10104043024049605,0.033851180005649475,0.0346833295158947,0.006830726979963845,0.04014260709541405,0.0041962571451315,11,58,0.09762509932075097,0.17593625380588548,True,False,False,8.652388035613924e-08,COMPLETE
36,0.38338465690612794,2025-04-01 13:59:48.919227,2025-04-01 13:59:58.182760,0 days 00:00:09.263533,0.6439629632694819,0.2190993849402834,2,0.1432972232506094,0.16863999985998812,0.051079005642985724,0.09210234684325147,0.01749654081320772,0.010713628800154676,0.011587705097563883,5,45,0.01877970666069686,0.09123578747325428,True,False,False,4.14216376765638e-08,COMPLETE
37,0.37779943346977235,2025-04-01 13:59:58.197716,2025-04-01 14:00:04.775957,0 days 00:00:06.578241,0.9111488379917427,0.9126616491554695,16,0.052960592039236566,0.14186658166836508,0.05323699719563188,0.0026627942062290577,0.04440492224192596,0.02609428358021733,1.0176723025690067e-05,11,103,0.07815391891352537,0.20344011968364922,True,True,True,7.830135851506466e-07,COMPLETE
38,0.3918821573257446,2025-04-01 14:00:04.791095,2025-04-01 14:00:14.418828,0 days 00:00:09.627733,0.3592613175298464,0.6307727977719547,8,0.08993294125461385,0.1947258425603704,0.01777311520760312,0.04302751937609139,0.06145024623654468,0.016855555324599033,0.0013147039864101347,24,75,0.05104413075121897,0.12045329072177628,False,False,False,2.1906366743913398e-08,COMPLETE
39,0.3888959288597107,2025-04-01 14:00:14.434160,2025-04-01 14:00:23.727857,0 days 00:00:09.293697,0.2852256563350002,0.6114584191803989,8,0.11823674848074649,0.19670229764756741,0.002755764956003808,0.04362711614735619,0.05959246463957076,0.016924818745030906,0.0006073250042613193,22,78,0.06464678733790552,0.11411670974060999,False,False,False,2.0339994006679242e-08,COMPLETE
40,0.2887604355812073,2025-04-01 14:00:23.744072,2025-04-01 14:00:32.521441,0 days 00:00:08.777369,0.273767219099774,0.5978836810214219,8,0.11810258338465764,0.19041774165005224,0.0028934185434597707,0.04566759535359435,0.05660795652118975,0.01773964419614666,0.00014729940967185258,23,122,0.08571867254155557,0.0614912566918014,False,True,True,1.3772894451846867e-08,COMPLETE
41,0.4003044843673706,2025-04-01 14:00:32.538059,2025-04-01 14:00:41.681225,0 days 00:00:09.143166,0.2723590280787971,0.6579910661586347,8,0.08633222267617055,0.2111399827248306,0.0071303170120194555,0.04102057242108469,0.06910187269055613,0.010183121905645026,0.0005608744787403355,21,76,0.06451831645157102,0.11458559273438934,False,False,False,2.3983874625397778e-08,COMPLETE
42,0.38400092124938967,2025-04-01 14:00:41.700227,2025-04-01 14:00:50.571314,0 days 00:00:08.871087,0.25098532495166315,0.6541158463966491,8,0.10181118114698447,0.2058542192736105,0.00656888439142515,0.05406795847320642,0.06802053159078471,0.01060235274820813,0.00048569173943606425,20,74,0.0645010807336996,0.11375606969479571,False,False,False,2.3490413806416314e-08,COMPLETE
43,0.3996458888053894,2025-04-01 14:00:50.588093,2025-04-01 14:00:59.929837,0 days 00:00:09.341744,0.387793705329668,0.7109923751175091,8,0.0902961119237035,0.2258396643408863,0.017004510970608143,0.023011646769108076,0.07773564963042329,0.027662001224931718,0.0002481577201777057,22,90,0.0738553350579744,0.10076083450908947,False,False,False,2.3302220864634407e-08,COMPLETE
44,0.40506944656372074,2025-04-01 14:00:59.946772,2025-04-01 14:01:08.994096,0 days 00:00:09.047324,0.3650666388544169,0.7023004014746466,8,0.09041610214787979,0.2327452686867027,0.016422561396615222,0.019172130056560606,0.0810994095296855,0.026899120347168265,0.000226726203050021,20,90,0.07445137699541035,0.09640968832825883,False,False,False,3.904361260531043e-08,COMPLETE
45,0.38814824819564825,2025-04-01 14:01:09.011394,2025-04-01 14:01:17.984991,0 days 00:00:08.973597,0.19792191243094764,0.8083195442467506,8,0.16014216736442843,0.2769688008834801,0.02346407561909883,0.020081632463465574,0.08309279248154967,0.03657321476289582,0.0002329420747938126,20,88,0.07354129647119768,0.09294436866133607,False,False,False,4.4876744402705215e-08,COMPLETE
46,0.3984820008277893,2025-04-01 14:01:18.002372,2025-04-01 14:01:27.147838,0 days 00:00:09.145466,0.36864342109393267,0.7023732403264491,8,0.08864043336336626,0.23147018406372902,0.015069810000815047,0.010315946878181577,0.07845219433459497,0.024779625110842238,9.784964940287818e-05,21,93,0.08556692461762161,0.04187362716154644,False,False,False,1.118863893579679e-07,COMPLETE
47,0.389023494720459,2025-04-01 14:01:27.165689,2025-04-01 14:01:36.390002,0 days 00:00:09.224313,0.40634984230487026,0.7378513250470022,8,0.07989238158759604,0.2392744030831093,0.016344231088099844,0.00939771994932296,0.07948838738294264,0.024665349842556517,0.00010304425053034094,21,100,0.08661106318308061,0.04359040511013533,False,False,False,1.1514635844284237e-07,COMPLETE
48,0.38652871847152714,2025-04-01 14:01:36.408955,2025-04-01 14:01:44.913837,0 days 00:00:08.504882,0.39097949888563965,0.8127658474187127,8,0.10697096270537246,0.22653371125448477,0.008577448100359146,0.011061827223228193,0.0729014636688075,0.02720302140249348,4.6908788919591613e-05,17,105,0.08283112667047915,0.012672966696927017,False,False,False,2.1280951107321434e-07,COMPLETE
49,0.2887604355812073,2025-04-01 14:01:44.932222,2025-04-01 14:01:52.939400,0 days 00:00:08.007178,0.19269582021655096,0.6977039773863786,8,0.03625452084515482,0.25519977691955664,0.0073464339920619876,0.024427952253241715,0.08793118590538045,0.02950502052017805,6.919045405464248e-05,19,93,0.09099468715242255,0.07410306316767423,False,True,False,5.7570499698916244e-05,COMPLETE
50,0.3952367186546326,2025-04-01 14:01:52.958434,2025-04-01 14:02:02.255426,0 days 00:00:09.296992,0.5567304145058624,0.5605788045124136,8,0.1383900052668753,0.2755520028720644,0.021805662587579905,0.01678822129055401,0.07339355206695894,0.03600966095479331,0.00013935270097457692,21,124,0.07231130927731692,0.017358013130125916,False,False,False,5.932249657476281e-08,COMPLETE
51,0.3900130391120911,2025-04-01 14:02:02.274626,2025-04-01 14:02:11.667392,0 days 00:00:09.392766,0.5381327034929829,0.5595569489688361,8,0.21211276092060957,0.2844803205987708,0.01622477819250402,0.01578063685682106,0.07329992661662076,0.035062429045607,0.00012241478882797099,21,147,0.07496038973907415,0.016814196136431342,False,False,False,5.8524758106377e-08,COMPLETE
52,0.40896282196044925,2025-04-01 14:02:11.687343,2025-04-01 14:02:21.297842,0 days 00:00:09.610499,0.3221394816844847,0.754645882374608,8,0.15021378358689813,0.2701026132050551,0.021250896586043247,0.001444418124911681,0.0752794092721441,0.03010296849704487,0.0001756429943260376,23,120,0.06984104282937614,0.030530546427114585,False,False,False,3.750657314785052e-08,COMPLETE
53,0.40776919126510625,2025-04-01 14:02:21.317755,2025-04-01 14:02:30.281986,0 days 00:00:08.964231,0.3229698078857316,0.7667826476312256,8,0.16241511415673687,0.27214118633769474,0.020539089890089308,0.0010995040332390691,0.07606227292714055,0.028826984371800413,0.00019005730475822944,19,131,0.0687580138839277,0.0354470120378652,False,False,False,3.44056237759602e-08,COMPLETE
54,0.41947941780090336,2025-04-01 14:02:30.303500,2025-04-01 14:02:39.292323,0 days 00:00:08.988823,0.3199579702869333,0.7851989798672517,8,0.1614575956243336,0.2943633834683459,0.01178169979266634,0.0014305589759799411,0.08502585383866376,0.05339792528706759,0.0002738358229658056,19,134,0.0680648285740976,0.03263692904072613,False,False,False,0.0008151323801195661,COMPLETE
55,0.42403683662414554,2025-04-01 14:02:39.313059,2025-04-01 14:02:48.259231,0 days 00:00:08.946172,0.30210226574923427,0.774214555205039,8,0.1797567814155254,0.2989831462255969,0.020116481268663167,0.005430262926240595,0.08702701662087448,0.05270384041826619,0.00023300393098553418,19,136,0.06894903393888334,0.004038893674017108,False,False,False,0.0007588324876597257,COMPLETE
