number,value,datetime_start,datetime_complete,duration,params_alpha-eval,params_alpha-train,params_batch-size,params_eps-eval,params_eps-train,params_lambda-actions-eval,params_lambda-actions-train,params_lambda-frames-eval,params_lambda-frames-train,params_learning-rate,params_n-epochs,params_n-frames,params_radius-gw,params_rho,params_std-feats,params_ub-actions,params_ub-frames,params_weight-decay,state
728,0.4023603439331055,2025-04-01 16:04:30.244006,2025-04-01 16:04:40.442321,0 days 00:00:10.198315,0.8628913146916835,0.7294147952150989,8,0.2741175511759721,0.0983221688662702,0.04684976923343467,0.026850724260010127,0.06818560582315102,0.017179511958741133,0.0006310757337475174,27,90,0.08385650652202405,0.023113211120980682,False,False,False,8.188025972353026e-07,COMPLETE
729,0.34475810527801515,2025-04-01 16:04:40.685135,2025-04-01 16:04:49.866299,0 days 00:00:09.181164,0.9273104698996965,0.7560383270213019,8,0.2884093389140365,0.1054200643471261,0.05393521613191822,0.03170997359229007,0.03795881958456719,0.014168168145207119,0.0004960022522806042,28,41,0.08367177722512384,0.0011346339299644105,False,True,False,1.2692375977063244e-06,COMPLETE
730,0.438461184501648,2025-04-01 16:04:50.109031,2025-04-01 16:05:00.639941,0 days 00:00:10.530910,0.9693076575023776,0.6424600999697464,8,0.2997237564665652,0.12294732124878624,0.04824772904748326,0.0254983667397393,0.056653613342551284,0.027731749334619162,0.0007847238787498005,28,125,0.08163273057454985,0.014704238957731406,False,False,False,1.1210900975564018e-07,COMPLETE
731,0.41576772928237915,2025-04-01 16:05:00.871575,2025-04-01 16:05:11.576822,0 days 00:00:10.705247,0.9677767093113305,0.5909496293205053,8,0.29817776825439823,0.11916987053459474,0.045055199943045895,0.026888814356939995,0.05563986646426378,0.030321144261605516,0.0008345591694782058,28,129,0.07579461720397679,0.01143086593359928,False,False,False,2.7767886834382465e-07,COMPLETE
732,0.4327606439590454,2025-04-01 16:05:11.823241,2025-04-01 16:05:22.044304,0 days 00:00:10.221063,0.9684366998446285,0.6287819585576009,8,0.29544907146489574,0.10409106253427182,0.04742751114935438,0.030641460289134878,0.057780247526406855,0.07055798328199116,0.0010326469441474914,26,126,0.08191382711596634,0.007557047183324547,False,False,False,1.3718482731872574e-07,COMPLETE
733,0.43852521181106574,2025-04-01 16:05:22.274075,2025-04-01 16:05:32.388377,0 days 00:00:10.114302,0.9725605189054173,0.6412067710535266,8,0.29831389382788115,0.10628632182194118,0.04855939927434514,0.0246374901404157,0.0607778635507033,0.016395646866909773,0.000714030499641838,25,134,0.08094064638569778,0.015128464502419243,False,False,False,4.837557412587615e-07,COMPLETE
734,0.43363704681396487,2025-04-01 16:05:32.632230,2025-04-01 16:05:42.731162,0 days 00:00:10.098932,0.999732241691272,0.6102954285602503,8,0.2974951707266736,0.12603497331624336,0.04790808224734341,0.024331531397714365,0.061083896855523574,0.015043385672464922,0.0009246473636913926,25,131,0.07950086777631489,0.01348515492892383,False,False,False,1.0277652498572248e-07,COMPLETE
735,0.4131845593452454,2025-04-01 16:05:42.979495,2025-04-01 16:06:05.193462,0 days 00:00:22.213967,0.9739321000653011,0.6340110783988955,2,0.2979372638746014,0.11605781589538935,0.04864468540664853,0.026159910534209994,0.06461694978487173,0.01368957003423092,0.03472901477528618,25,133,0.07647994933076428,0.006067575901843269,False,False,False,1.852932792721335e-07,COMPLETE
736,0.4117676138877869,2025-04-01 16:06:05.425441,2025-04-01 16:06:15.522136,0 days 00:00:10.096695,0.9755193696348643,0.6140164874894644,8,0.2958056167269188,0.11059006107299307,0.04550962446905663,0.029046963954975455,0.06350597180017932,0.015770878685259712,0.000716317366883454,25,143,0.07906892944391682,0.012730133251391787,False,False,False,4.362381290408233e-07,COMPLETE
737,0.41694226264953616,2025-04-01 16:06:15.770661,2025-04-01 16:06:25.895005,0 days 00:00:10.124344,0.9560688141767809,0.6715544307234256,8,0.29849851247425374,0.10809176890604318,0.04437069838191808,0.026031607532524453,0.06276896500592843,0.013723644020794654,0.0013191817788416184,25,132,0.0773333659400281,0.015181715630278505,False,False,False,3.445786120727291e-07,COMPLETE
738,0.4124562978744507,2025-04-01 16:06:26.128819,2025-04-01 16:06:36.378847,0 days 00:00:10.250028,0.9776879878897005,0.6451049228955855,8,0.2931381731124957,0.10770467087650262,0.05007075502866209,0.024898657813394415,0.06046831079623304,0.018267104135373732,0.001094895862986356,26,134,0.08021723188678995,0.006299941549172636,False,False,False,4.1755074011101983e-07,COMPLETE
739,0.41660460233688357,2025-04-01 16:06:36.625838,2025-04-01 16:06:46.825977,0 days 00:00:10.200139,0.9556833345662126,0.6470106791168342,8,0.29250655602335646,0.10854810304169196,0.0497952608557611,0.02770087392415815,0.06041183477002586,0.015786997406190575,0.0008179526698178582,26,137,0.08087836953678056,0.017575024012530464,False,False,False,6.09571602078074e-08,COMPLETE
740,0.42610480785369875,2025-04-01 16:06:47.073125,2025-04-01 16:06:57.758058,0 days 00:00:10.684933,0.013393253270244931,0.6191357537780178,8,0.29765886386921175,0.11374309409291189,0.049425179169352254,0.02555309313396595,0.013513620576867717,0.013234830937903837,0.0009472785977987172,28,140,0.07497305985297012,0.009349132988016687,False,False,False,3.189997609763153e-08,COMPLETE
741,0.3009070992469788,2025-04-01 16:06:57.993612,2025-04-01 16:07:07.467471,0 days 00:00:09.473859,0.9827430635886736,0.6328126467870039,8,0.292367216626986,0.1194486926979652,0.042776562598222316,0.028734761534520932,0.0033049747675148937,0.017754898960826528,0.001224463219753019,27,129,0.07877527589317154,0.017464810950986145,False,False,True,5.836054783527345e-07,COMPLETE
742,0.42368948459625244,2025-04-01 16:07:07.713936,2025-04-01 16:07:15.627235,0 days 00:00:07.913299,0.9435498859756337,0.663667166749931,8,0.29044406943280726,0.1307206188931807,0.04642187280322255,0.024846848222299378,0.056317602211936824,0.01564744889271793,0.0007113512775849687,13,127,0.07765884752312836,0.01910128306622983,False,False,False,3.20964656686603e-07,COMPLETE
743,0.4169475913047791,2025-04-01 16:07:15.861596,2025-04-01 16:07:26.104258,0 days 00:00:10.242662,0.9860501563324885,0.5990582128089764,8,0.2894045004642516,0.14206388448467214,0.041781572369769565,0.02713330907278134,0.05848600233347111,0.01116323473322308,0.0008408001277079134,26,136,0.08132369199068472,0.012255968167441863,False,False,False,2.3945496670902667e-07,COMPLETE
744,0.36742599010467536,2025-04-01 16:07:26.349536,2025-04-01 16:07:38.218582,0 days 00:00:11.869046,0.9617900434199168,0.6300747360473288,8,0.2998930304186378,0.10133466255366776,0.04719252178977978,0.02310539641190248,0.06172547771374785,0.016043056563023805,0.0010288187118959453,28,137,0.07291390428608738,0.0024137452916966704,True,False,False,4.800458692596733e-07,COMPLETE
745,0.3732783198356629,2025-04-01 16:07:38.471435,2025-04-01 16:07:47.189829,0 days 00:00:08.718394,0.9547043689524146,0.5778807219785094,16,0.28872870452688243,0.11725046817553164,0.04817314211387558,0.02455063998061136,0.009735799613861071,0.039557039862478195,0.0014775687932907385,28,125,0.08208962910949444,0.022340874011299302,False,False,False,6.406976790151964e-07,COMPLETE
746,0.4359138011932373,2025-04-01 16:07:47.425796,2025-04-01 16:07:57.852207,0 days 00:00:10.426411,0.94193939874744,0.6426709002844877,8,0.29252430389387,0.110508676779842,0.05205186951444929,0.028512114026488344,0.07808788986581759,0.013705516556325358,0.0006790073970265195,27,132,0.08306977674535906,0.013970887467631827,False,False,False,5.416960367098959e-07,COMPLETE
747,0.39960677027702335,2025-04-01 16:07:58.100722,2025-04-01 16:08:08.700664,0 days 00:00:10.599942,0.9878574692213028,0.6778844854030922,8,0.28220184086254796,0.10061611184629284,0.04862723795919109,0.02608005478389601,0.05484959149154728,0.0339623747990872,0.0012126814423541966,28,135,0.0647298474857764,0.008985674634517913,False,False,False,3.410983899835463e-07,COMPLETE
748,0.34489934444427495,2025-04-01 16:08:08.937137,2025-04-01 16:08:18.449509,0 days 00:00:09.512372,0.9358903040024625,0.6051146127408118,8,0.28589573251221245,0.12167665669097036,0.05141711235969274,0.02391392768510054,0.064959956341566,0.018778564184179707,0.0008578297270091432,28,124,0.08481602563495048,0.019828188908853746,False,True,False,3.7785200989139276e-08,COMPLETE
749,0.4117226839065552,2025-04-01 16:08:18.696470,2025-04-01 16:08:29.093527,0 days 00:00:10.397057,0.9676883478570928,0.6551962753963245,8,0.29995178512645,0.12409734712599572,0.05284696884180725,0.02648797229108536,0.05968928200935359,0.016897471226925594,0.0010442832424633714,27,140,0.08174609277999566,0.014992673861069802,False,False,False,4.521227499234086e-07,COMPLETE
750,0.44016053676605227,2025-04-01 16:08:29.343444,2025-04-01 16:08:39.522832,0 days 00:00:10.179388,0.607866154266685,0.6476893082058552,8,0.2855002485966642,0.13709216367922364,0.04556716725000008,0.0303771816977045,0.056688824089617715,0.02856001229027755,0.0006977833641668012,26,129,0.08490932436868051,0.023427082411624625,False,False,False,5.02241048282099e-07,COMPLETE
751,0.4149777412414551,2025-04-01 16:08:39.761104,2025-04-01 16:08:49.830384,0 days 00:00:10.069280,0.6421754457890314,0.6385177744667166,8,0.2933867483253526,0.11708110751457317,0.045513590185999535,0.03156556886337534,0.04434852303872416,0.028760635283009928,0.0006561074112105481,25,134,0.0843421735661836,0.021430396716417333,False,False,False,5.420176892274233e-07,COMPLETE
752,0.4350754022598267,2025-04-01 16:08:50.089187,2025-04-01 16:09:00.324624,0 days 00:00:10.235437,0.609640537168653,0.6277767455925048,8,0.2882746866477598,0.13186931824564646,0.04006924188265847,0.033876237572683474,0.05395073976377302,0.027841470953596188,0.0005922835063578648,26,130,0.07954065510369569,0.015848703168288077,False,False,False,8.238439360268659e-08,COMPLETE
753,0.4319228768348694,2025-04-01 16:09:00.563978,2025-04-01 16:09:10.751974,0 days 00:00:10.187996,0.6327434850126348,0.662971542733504,8,0.293712935844199,0.13034976050425848,0.0448607166843283,0.02846809052506194,0.05482540323481161,0.029361064296020655,0.00045833878998529314,26,129,0.08018547177548896,0.0010590989852141894,False,False,False,8.196169495591379e-07,COMPLETE
754,0.4078672885894776,2025-04-01 16:09:11.001481,2025-04-01 16:09:21.068302,0 days 00:00:10.066821,0.6578697584903868,0.6047494456829651,8,0.2856434020118677,0.13992862586200935,0.0470329116074365,0.0312146407971698,0.066725968825383,0.03144970018740907,0.0007397076671546419,25,133,0.0857465607435057,0.00847268901958774,False,False,False,2.469532427411533e-07,COMPLETE
755,0.43145828247070317,2025-04-01 16:09:21.318223,2025-04-01 16:09:31.491610,0 days 00:00:10.173387,0.49644765573103405,0.6230233836096958,8,0.28192773193891507,0.13562138071651383,0.04095040293970442,0.03526156486547207,0.05573057587852187,0.026818195076172665,0.0005870136289586093,26,129,0.08257746135979196,0.023092268538477123,False,False,False,6.806969918276378e-07,COMPLETE
756,0.4147773623466492,2025-04-01 16:09:31.730995,2025-04-01 16:09:41.579580,0 days 00:00:09.848585,0.9993919300120423,0.6532847914777682,8,0.28772558461948927,0.1303631589809933,0.04303673969534314,0.03122177463394619,0.04481049028809687,0.028094640192356114,0.0007156457235801923,24,131,0.08605139898462383,0.023923849305766198,False,False,False,3.60743689253476e-07,COMPLETE
757,0.42869771718978883,2025-04-01 16:09:41.833227,2025-04-01 16:09:51.988043,0 days 00:00:10.154816,0.949814023100889,0.5807651221050475,8,0.29961539193253317,0.12523464351360186,0.046432890430473814,0.030617623229594833,0.057296287424915535,0.03565922210578601,0.0005444574644930315,26,127,0.08347394219517511,0.015951655667742065,False,False,False,7.19793508944908e-07,COMPLETE
758,0.40216772556304936,2025-04-01 16:09:52.240106,2025-04-01 16:10:15.003753,0 days 00:00:22.763647,0.9679559896093253,0.6353597522755308,2,0.29294696947925924,0.1454101485235641,0.04848040404877666,0.029241503365140257,0.06848896508212277,0.026632393013567908,0.0008076905565767391,26,135,0.08600118256077538,0.15232615214377426,False,False,False,8.87915394239771e-07,COMPLETE
759,0.373009341955185,2025-04-01 16:10:15.245823,2025-04-01 16:10:25.253320,0 days 00:00:10.007497,0.5535038060808342,0.6115102981273697,8,0.003470292515673795,0.15134973965549028,0.04891114676786157,0.029995457101773378,0.04597110121947045,0.03126971166538548,0.0006778930653557029,25,126,0.04866849587053888,0.019750527548543582,False,False,False,1.2992938152411585e-07,COMPLETE
760,0.2927589893341065,2025-04-01 16:10:25.508431,2025-04-01 16:10:35.003376,0 days 00:00:09.494945,0.9371322978036244,0.6476589394407016,8,0.299964667944722,0.11101926014387592,0.04429253407035566,0.02873095398797095,0.0525282930737678,0.03124860454017915,0.00047711110141202375,27,130,0.038066478537479694,0.00872104676365123,False,False,True,4.753694318447326e-08,COMPLETE
761,0.42699340581893924,2025-04-01 16:10:35.242223,2025-04-01 16:10:45.489260,0 days 00:00:10.247037,0.6581128130735195,0.6587671754485235,8,0.18428902577320697,0.1388009531008372,0.05107251084017736,0.026062935997166643,0.06305278931340126,0.01874660767977052,0.0008646727478308201,26,126,0.08144331271823403,0.02566884466525172,False,False,False,5.532625387653747e-07,COMPLETE
762,0.4129936933517456,2025-04-01 16:10:45.742599,2025-04-01 16:10:56.139110,0 days 00:00:10.396511,0.9796579453136729,0.6524387773927094,8,0.28402477398767684,0.13738419337860272,0.04607150851282915,0.033291054578361304,0.07268999892321756,0.019845237510880586,0.0006206004225472904,27,136,0.08720534478756141,0.010893509619923442,False,False,False,1.4517468023028509e-06,COMPLETE
763,0.40456705093383794,2025-04-01 16:10:56.396660,2025-04-01 16:11:06.264844,0 days 00:00:09.868184,0.5734449804017633,0.5929541235398613,8,0.28054272039128725,0.11187674606173223,0.05384611100461659,0.028059129047642958,0.005042390377033475,0.02930867673490128,0.0009104217704645249,24,131,0.08437400346725589,0.016107560824660107,False,False,False,1.4146019613898685e-06,COMPLETE
764,0.374507737159729,2025-04-01 16:11:06.505253,2025-04-01 16:11:17.798010,0 days 00:00:11.292757,0.9575207117692932,0.6266584168670767,8,0.2779574218555637,0.10431472411573028,0.050527146773545736,0.026479729885285023,0.056466160211462633,0.048192979836949396,0.0007682601049349805,27,124,0.07797464086140345,0.023723408053833682,True,False,False,9.63022572770975e-07,COMPLETE
765,0.4245129823684693,2025-04-01 16:11:18.054034,2025-04-01 16:11:28.056821,0 days 00:00:10.002787,0.6214171458988553,0.6759994357224653,8,0.2916364315152714,0.09651500510821108,0.04860898767586124,0.0657232807131449,0.05321317871242712,0.023786684876670846,0.000988533455241057,25,127,0.08817759736043161,0.01877456143832225,False,False,False,4.0196942783476524e-07,COMPLETE
766,0.3991944313049317,2025-04-01 16:11:28.298388,2025-04-01 16:11:38.730425,0 days 00:00:10.432037,0.6065451279256179,0.6544460548296246,8,0.28474238732496565,0.12642561290430235,0.043545789110598115,0.023497623276301925,0.05857568631730008,0.016410956387023036,0.00010275043835587732,27,123,0.08440190170491776,0.005672967870811764,False,False,False,6.803814437232904e-07,COMPLETE
767,0.4196975111961365,2025-04-01 16:11:38.984180,2025-04-01 16:11:49.425751,0 days 00:00:10.441571,0.927525568506284,0.6100374800345759,8,0.2768657239587978,0.14419258037651322,0.05289973941703573,0.025701019641851605,0.044295787498177225,0.018124831984477497,0.0004182814185221263,27,127,0.08104291818214172,0.01303485396901635,False,False,False,1.4909381497868938e-06,COMPLETE
768,0.3400904178619385,2025-04-01 16:11:49.684622,2025-04-01 16:11:56.295103,0 days 00:00:06.610481,0.9973257135597291,0.6757773650798443,16,0.2893059285926942,0.12294942309286491,0.04693826611450694,0.029436134701025615,0.061363937821172866,0.03320748906607203,0.0005398379750412552,15,106,0.08678358417395585,0.025917723139758406,False,True,False,1.130489476303898e-06,COMPLETE
769,0.4303607225418091,2025-04-01 16:11:56.538704,2025-04-01 16:12:07.106753,0 days 00:00:10.568049,0.5351244936999942,0.5658723951313401,8,0.27671519070574674,0.11703784425287458,0.05318007482468061,0.02385064607207353,0.047038701339181914,0.061607446230860965,0.000757442074220116,28,122,0.08900555407641383,0.019097920537825212,False,False,False,2.0272386869140402e-06,COMPLETE
770,0.41564565896987915,2025-04-01 16:12:07.362704,2025-04-01 16:12:17.096642,0 days 00:00:09.733938,0.9704866675779231,0.6267034945375894,8,0.28317527485974847,0.0978596825782396,0.05073702970735855,0.02776437956996845,0.043598023633884424,0.02642298962108249,0.0009327469418348409,23,133,0.08334641073415303,0.02743789578908065,False,False,False,1.6688413126892113e-07,COMPLETE
771,0.4225594758987427,2025-04-01 16:12:17.360482,2025-04-01 16:12:27.546406,0 days 00:00:10.185924,0.9458934652082699,0.6477853026254318,8,0.2929918159667051,0.10439839845322647,0.04859310586289584,0.04647595757592825,0.007786281976516211,0.02292688990733778,0.0006386284255036188,26,110,0.08558206584647815,0.011025649707515508,False,False,False,8.223812357936066e-07,COMPLETE
772,0.43204374313354493,2025-04-01 16:12:27.791663,2025-04-01 16:12:35.169482,0 days 00:00:07.377819,0.9309671215360603,0.6945930291955666,8,0.2703905347695306,0.09534549475575195,0.05411422597845474,0.033735475121239124,0.0536717687005713,0.014355514449838506,0.0007788676403393466,10,124,0.08785880305389822,0.0201045333064422,False,False,False,2.974447244755652e-08,COMPLETE
773,0.4166031956672669,2025-04-01 16:12:35.424910,2025-04-01 16:12:45.712245,0 days 00:00:10.287335,0.9155094553332019,0.7453245630968749,8,0.29931248704751184,0.09059532602594629,0.03779975910708744,0.023246541854222966,0.05607767471619457,0.036699363755376906,0.0012066753238551345,27,128,0.09005977626965002,0.006309336037917401,False,False,False,8.76071163150095e-08,COMPLETE
774,0.4067345499992371,2025-04-01 16:12:45.957778,2025-04-01 16:12:56.491470,0 days 00:00:10.533692,0.9838370365486536,0.6835369239428362,8,0.2793259047316784,0.10060909935297938,0.050930762164366886,0.07579066806377394,0.06662401055201209,0.02033193724304405,0.001020121356481924,28,120,0.0799311489707134,0.016059794563994523,False,False,False,5.09902712155319e-07,COMPLETE
775,0.41734071969985964,2025-04-01 16:12:56.747906,2025-04-01 16:13:07.296992,0 days 00:00:10.549086,0.9517870165325715,0.764246543783392,8,0.0909186806172112,0.11320260759784642,0.04505627875924213,0.029647409517552237,0.05884260650196283,0.028966038544199654,0.0005868444997860549,28,114,0.08642173497981574,0.0259298744683448,False,False,False,2.4247719982540758e-08,COMPLETE
776,0.42814267873764045,2025-04-01 16:13:07.557864,2025-04-01 16:13:17.830878,0 days 00:00:10.273014,0.9674793235928396,0.7279384464367293,8,0.2876109817129757,0.09417106177044662,0.0468640180383582,0.048704178454677526,0.02974043028279623,0.09705668462544259,0.0008122978770630966,26,131,0.08243050240555622,0.013054154278531401,False,False,False,1.6802027748722253e-06,COMPLETE
777,0.3914331316947937,2025-04-01 16:13:18.078120,2025-04-01 16:13:28.133264,0 days 00:00:10.055144,0.9993079717321496,0.669132539677532,8,0.2715237308830204,0.10711992976344982,0.055488791271432046,0.02694658982310961,0.06201981984303701,0.0010460235494150847,0.0013571011250560843,27,36,0.09271813344899549,0.02235309446383676,False,False,False,1.2389859477030522e-06,COMPLETE
778,0.30031939744949343,2025-04-01 16:13:28.387810,2025-04-01 16:13:38.019091,0 days 00:00:09.631281,0.9247379502032811,0.6413467926237016,8,0.2826630849804281,0.09487021010289315,0.05262708058189102,0.024950885490446998,0.04186868649506737,0.016989552094207765,0.0006858641127420409,28,122,0.08475728607797747,0.028774367253858166,False,False,True,9.800414026179611e-07,COMPLETE
779,0.4137649893760681,2025-04-01 16:13:38.279182,2025-04-01 16:13:48.551708,0 days 00:00:10.272526,0.5878198259562827,0.7092415637222262,8,0.27466796070407307,0.10107055839460037,0.04179194743984616,0.04409261627631907,0.06426266494681301,0.01262855130260454,0.0009429257055434799,26,137,0.08965435454278146,0.006251015315011162,False,False,False,2.063276470104027e-06,COMPLETE
780,0.41649914979934693,2025-04-01 16:13:48.798107,2025-04-01 16:13:59.188593,0 days 00:00:10.390486,0.9526703594140871,0.594778009833046,8,0.29391001286661794,0.16180837607803142,0.049554647641316237,0.022547825149886052,0.017236350935384587,0.01517914803788089,0.0005211920000751345,27,118,0.08780899013792537,0.001367973101625189,False,False,False,1.4368106650713833e-06,COMPLETE
781,0.4019947528839112,2025-04-01 16:13:59.447652,2025-04-01 16:14:17.615353,0 days 00:00:18.167701,0.9743398502819713,0.7636236365565198,2,0.28649473467729936,0.09121243264082284,0.051769396906567,0.030919548529601323,0.055182094477213436,0.032066213431846805,0.001120775158372631,19,125,0.08220883874540033,0.019273071245978723,False,False,False,6.821736546184002e-07,COMPLETE
782,0.4147897124290466,2025-04-01 16:14:17.877638,2025-04-01 16:14:28.449274,0 days 00:00:10.571636,0.938453752151925,0.7427493298134561,8,0.27954837406868027,0.12356694446914525,0.05453510331835913,0.03638230878841096,0.0458862455191162,0.025400633523550004,0.0008438274660189872,28,116,0.09575755130798902,0.011155330362896704,False,False,False,2.573509495197258e-06,COMPLETE
783,0.39218238592147825,2025-04-01 16:14:28.700905,2025-04-01 16:14:40.241838,0 days 00:00:11.540933,0.9057600552219585,0.7125219430164982,8,0.27191571058375463,0.11964566928119208,0.048514119275269905,0.02427943038450374,0.042860572352853565,0.01951221071527561,0.00037466913617581173,28,122,0.0912630026978932,0.027993721249857675,True,False,False,1.6261984032224645e-06,COMPLETE
