number,value,datetime_start,datetime_complete,duration,params_alpha-eval,params_alpha-train,params_batch-size,params_eps-eval,params_eps-train,params_lambda-actions-eval,params_lambda-actions-train,params_lambda-frames-eval,params_lambda-frames-train,params_learning-rate,params_n-epochs,params_n-frames,params_radius-gw,params_rho,params_std-feats,params_ub-actions,params_ub-frames,params_weight-decay,state
336,0.42973023653030396,2025-04-01 14:52:27.343171,2025-04-01 14:52:37.662688,0 days 00:00:10.319517,0.9002964501021686,0.7429123395167105,8,0.2822867636034117,0.08905836704626327,0.05737517750743946,0.025928560193880155,0.04050629335649794,0.009905065713817135,0.0008839835146300986,27,112,0.09528382040985561,0.02895794657579613,False,False,False,3.0023183115739454e-06,COMPLETE
337,0.4052421569824219,2025-04-01 14:52:37.779703,2025-04-01 14:52:48.229172,0 days 00:00:10.449469,0.9351456273363601,0.6929655633781199,8,0.24586565637177918,0.10012061038279901,0.054342013526110275,0.05027925338644504,0.042354401507087705,0.006339280977908318,0.0016018140685362928,28,116,0.08947659177672256,0.010115858472786753,False,False,False,5.226365792464352e-07,COMPLETE
338,0.38092221021652223,2025-04-01 14:52:48.336179,2025-04-01 14:53:00.252546,0 days 00:00:11.916367,0.9724621944380684,0.7834173258793935,8,0.2768684571237735,0.09257315347741119,0.07618673641854615,0.053680231927958316,0.0581765745598296,0.0028614981463563746,0.00116305991352345,30,118,0.0876401261497154,0.024002413060965046,True,False,False,2.6138001921482254e-06,COMPLETE
339,0.4297696471214295,2025-04-01 14:53:00.361385,2025-04-01 14:53:10.897208,0 days 00:00:10.535823,0.9954292748616881,0.7182253565613507,8,0.25768020797512076,0.07966161176180983,0.04942600259363662,0.029741530818459774,0.04984691102444779,0.007720110256260916,0.0009601464855626963,28,123,0.08606552896807677,0.030106244230843335,False,False,False,2.0009002922865334e-06,COMPLETE
340,0.434289562702179,2025-04-01 14:53:11.005478,2025-04-01 14:53:21.932930,0 days 00:00:10.927452,0.9518414317933115,0.680761676102916,8,0.2646756073973558,0.0872394578293554,0.07197651417568646,0.02211201323940349,0.019658564326982327,0.0044133661533375225,0.0007433581524873398,30,114,0.09163007124520128,0.015674848351744153,False,False,False,3.933382038881059e-06,COMPLETE
341,0.40967315435409546,2025-04-01 14:53:22.051106,2025-04-01 14:53:30.521352,0 days 00:00:08.470246,0.949569524382951,0.7646081508482537,16,0.25249295323444215,0.0639858605075504,0.07413362036364794,0.023866954727297822,0.02023655592134862,0.004296334859032901,0.0006917936428346786,27,111,0.0938302939893959,0.013993070628552226,False,False,False,4.822821009055483e-06,COMPLETE
342,0.33874666690826416,2025-04-01 14:53:30.629230,2025-04-01 14:53:40.458764,0 days 00:00:09.829534,0.9149158846683089,0.6686231742684502,8,0.26406464318819217,0.07322237310276826,0.07180232680726609,0.02238818840235137,0.053290794718557646,0.002630330524236035,0.0008168064081939094,30,114,0.09224265867931565,0.01626385516806623,False,True,False,2.4165521650530703e-06,COMPLETE
343,0.42358467578887943,2025-04-01 14:53:40.565867,2025-04-01 14:53:51.283885,0 days 00:00:10.718018,0.9496634566668128,0.7443968776945916,8,0.25964414057656554,0.054152534773970556,0.05863084427622159,0.026691226631390123,0.017512562306676263,0.001070706796552474,0.0007558689363200438,29,122,0.08432504631146216,0.009600595857600593,False,False,False,4.121173816127782e-06,COMPLETE
344,0.401410174369812,2025-04-01 14:53:51.392098,2025-04-01 14:54:02.136130,0 days 00:00:10.744032,0.8914882510288306,0.8008317780631208,8,0.25060368117180337,0.08639609838541243,0.056358471992444155,0.048899943582762936,0.011834527270359566,0.0047535693395791894,0.0009729117607775669,29,126,0.09692548021452473,0.020001959877440044,False,False,False,1.7285043705468193e-06,COMPLETE
345,0.4329306840896607,2025-04-01 14:54:02.261802,2025-04-01 14:54:13.086645,0 days 00:00:10.824843,0.9743394227082788,0.7088966520239101,8,0.26715433439979724,0.07943988596179177,0.07952365459703867,0.02387684607340899,0.013773129074716221,0.010532618679005222,0.0006436506797895819,30,107,0.08728032481548177,0.023919366469516867,False,False,False,6.557445543027332e-06,COMPLETE
346,0.4375405430793763,2025-04-01 14:54:13.195092,2025-04-01 14:54:24.117488,0 days 00:00:10.922396,0.9195741148465669,0.6017343429492628,8,0.2602383879695403,0.09457317463997583,0.07677495309936344,0.02095611533690388,0.005798351944559375,0.005663718219998324,0.0008251966538140045,30,119,0.09062508284830906,0.0159248723158155,False,False,False,7.765982829310222e-07,COMPLETE
347,0.43016754388809203,2025-04-01 14:54:24.227093,2025-04-01 14:54:34.731430,0 days 00:00:10.504337,0.9278381714927502,0.6278747004215648,8,0.2667948145025028,0.1019385542241996,0.07729921505626974,0.021127351669026684,0.004337937013794223,0.006515518866442293,0.0011113536008948318,28,115,0.09230659936982326,0.014588845840643828,False,False,False,6.919884831330525e-07,COMPLETE
348,0.422165584564209,2025-04-01 14:54:34.841039,2025-04-01 14:54:45.534705,0 days 00:00:10.693666,0.8781404800256972,0.642868095572588,8,0.2610112430774474,0.1058365277144122,0.09874839346144484,0.0217675275076996,0.007703937180125242,0.009722418604893783,0.0012934796014219421,29,119,0.09062299442579769,0.01622934345505028,False,False,False,8.038620089348233e-07,COMPLETE
349,0.4417482018470764,2025-04-01 14:54:45.655689,2025-04-01 14:54:56.505209,0 days 00:00:10.849520,0.9777398725599672,0.5805369244434201,8,0.2746622876104382,0.06478615638923073,0.07779909143298686,0.021008160546739683,0.005519835994832606,0.005538847137449067,0.0008966809826786615,30,112,0.08950999512361486,0.00878273438046306,False,False,False,5.740631006030663e-07,COMPLETE
350,0.43283488750457766,2025-04-01 14:54:56.615786,2025-04-01 14:55:07.460861,0 days 00:00:10.845075,0.9969692570652018,0.5913381064919789,8,0.27748608646417716,0.06815764967580422,0.07541533629841286,0.025212456000576068,0.005705852304212904,0.005227383428937134,0.0006751347193381409,30,112,0.09391357537689958,0.006535420209841437,False,False,False,5.210260027514881e-07,COMPLETE
351,0.42670741081237795,2025-04-01 14:55:07.571505,2025-04-01 14:55:18.464793,0 days 00:00:10.893288,0.9707424633972118,0.5434263690701009,8,0.2861092355612299,0.060710380437472775,0.07271618186893887,0.021936618793476012,0.00961970746099721,0.007726842219931806,0.0008628574689577011,30,113,0.09081250942858753,0.007636664185970636,False,False,False,7.379526457366513e-07,COMPLETE
352,0.42654210329055786,2025-04-01 14:55:18.577144,2025-04-01 14:55:29.437672,0 days 00:00:10.860528,0.9146838552383831,0.48246825088164325,8,0.2728306248449088,0.06581097095360319,0.07959044621538627,0.02079393162912226,0.016097985539705102,0.004696174267461294,0.0009798875511301856,30,116,0.08975158817140534,0.01019707267299984,False,False,False,9.657728987356012e-07,COMPLETE
353,0.2996025323867798,2025-04-01 14:55:29.559348,2025-04-01 14:55:51.488872,0 days 00:00:21.929524,0.977308700738327,0.598161431066701,2,0.26747426597928836,0.09405733568893118,0.07530248168957136,0.0167371524743485,0.0022855107277222207,0.006589737721590571,0.0006455043129754384,30,108,0.08925386884528921,0.018371560766119066,False,False,True,5.691880919372712e-07,COMPLETE
354,0.3841769933700562,2025-04-01 14:55:51.601556,2025-04-01 14:56:02.055340,0 days 00:00:10.453784,0.9993204823922117,0.6499348238828118,8,0.28127439125831055,0.11066098035542656,0.07751831771515755,0.020517333268327494,0.007429548515460268,0.008647538187165765,0.000787652845779582,30,19,0.012090269187118106,0.011380376587292029,False,False,False,1.1668916799125315e-06,COMPLETE
355,0.4284036159515381,2025-04-01 14:56:02.168664,2025-04-01 14:56:12.791435,0 days 00:00:10.622771,0.9428973987206751,0.6034211333953865,8,0.274508361387769,0.07389740948996693,0.07167723674366902,0.03395603849089986,0.005046533685049077,0.0035422835746088403,0.0010133162464401116,29,110,0.09275411845365203,0.019939355586841068,False,False,False,7.536537475838825e-07,COMPLETE
356,0.40119854211807254,2025-04-01 14:56:12.904804,2025-04-01 14:56:23.515270,0 days 00:00:10.610466,0.9546737475973585,0.5235065969864905,8,0.263427741955014,0.05362164806362101,0.07480318771430822,0.02263518928757067,0.020688269819155152,0.00583510549257812,0.0005999448898752315,30,63,0.0956876721978453,0.008116723298942983,False,False,False,1.2044266818785777e-06,COMPLETE
357,0.37754800319671633,2025-04-01 14:56:23.639016,2025-04-01 14:56:35.224691,0 days 00:00:11.585675,0.8989917540085631,0.5741244073836534,8,0.269314846106986,0.09839336200457655,0.07821987284531252,0.02500831827424274,0.0024752495481937687,0.008653166310744653,0.0008366616239943586,28,118,0.08322084370909642,0.01399669159000988,True,False,False,9.549785124545587e-07,COMPLETE
358,0.4030934929847717,2025-04-01 14:56:35.338082,2025-04-01 14:56:46.095655,0 days 00:00:10.757573,0.977689082343265,0.5635996973597661,8,0.26074384812613927,0.08463552949205919,0.06018111841407763,0.016141845141721615,0.015595216141047159,0.0035304464868056063,0.091782766519373,29,116,0.08829318878738837,0.023143092222026578,False,False,False,5.907960791058859e-07,COMPLETE
359,0.43424760103225707,2025-04-01 14:56:46.211676,2025-04-01 14:56:56.953565,0 days 00:00:10.741889,0.8283269291896194,0.6764238533792661,8,0.27636957022078146,0.07358516825082644,0.0802554937007757,0.020712745731108775,0.04897676779269995,0.006438283657723271,0.0010789298599840392,29,120,0.09155588450714765,0.018631681126018373,False,False,False,4.903475736572106e-07,COMPLETE
360,0.4133341312408447,2025-04-01 14:56:57.079519,2025-04-01 14:57:07.621676,0 days 00:00:10.542157,0.8328330801916521,0.6724292308984534,8,0.27690659230169384,0.07591576199012455,0.08126507939124536,0.012051866646988926,0.04949480943050682,0.006328434532160564,0.0007184324903129549,28,120,0.0918418453108714,0.013390115779268137,False,False,False,1.4538064200888198e-06,COMPLETE
361,0.2887604355812073,2025-04-01 14:57:07.735957,2025-04-01 14:57:17.294124,0 days 00:00:09.558167,0.8141375954704689,0.6318860014976595,8,0.06888717781055055,0.0953996712285925,0.08408964812973936,0.020429288399153728,0.024720667094957315,0.004444794814300072,0.0009689834161106897,29,120,0.09367521340670196,0.01887634268252362,False,True,False,1.9181214460971335e-06,COMPLETE
362,0.4010373592376709,2025-04-01 14:57:17.408265,2025-04-01 14:57:27.682553,0 days 00:00:10.274288,0.9357763477053104,0.6187959456363175,8,0.28910256189166017,0.08315293904000541,0.05363345133923967,0.017104357374287484,0.045456485142375234,0.001153984512793943,0.0004803844285393674,27,104,0.05372601386177095,0.009424017652354438,False,False,False,3.5517263578015295e-06,COMPLETE
363,0.40128215551376345,2025-04-01 14:57:27.797001,2025-04-01 14:57:36.685995,0 days 00:00:08.888994,0.9989439708550429,0.6566302203008507,16,0.11821387137511297,0.0895912346209943,0.08262054878375023,0.052732793800163914,0.04799582759046613,0.0064260819904777815,1.0176753605380357e-05,29,129,0.09751211690742537,0.02608200725176362,False,False,False,1.2734596567914616e-06,COMPLETE
364,0.41551669836044314,2025-04-01 14:57:36.811227,2025-04-01 14:57:47.423553,0 days 00:00:10.612326,0.9648439647122211,0.6735351337258352,8,0.2801773035185413,0.061253973559108575,0.05055849706093919,0.018275029604419003,0.008859195839923579,0.0034287650259111533,0.0008191402285353702,28,123,0.09111015240454914,0.017733833124314095,False,False,False,4.5484108875466034e-07,COMPLETE
365,0.4352442741394043,2025-04-01 14:57:47.540153,2025-04-01 14:57:58.269633,0 days 00:00:10.729480,0.8081140526496797,0.8159366817871604,8,0.25775260723950977,0.06772742151759677,0.05887839184347218,0.014483935047945408,0.006473327100596674,0.008471647437145484,0.001119732723718971,29,114,0.08905917169679275,0.023341124101539035,False,False,False,1.7143987054462205e-06,COMPLETE
366,0.410883629322052,2025-04-01 14:57:58.385785,2025-04-01 14:58:09.277501,0 days 00:00:10.891716,0.7998536178366207,0.836223949769668,8,0.25699324142692626,0.06638111388835434,0.05946167751487864,0.013873998430593481,0.004804363246243955,0.008582501787201883,0.0013691031241729445,30,110,0.08845428910252175,0.025012262631497598,False,False,False,1.7422433485965343e-06,COMPLETE
367,0.4292342185974121,2025-04-01 14:58:09.393439,2025-04-01 14:58:19.924584,0 days 00:00:10.531145,0.9628066079218495,0.8169050236286197,8,0.25031709727846396,0.09404293974995598,0.05797573549538311,0.012568714246495229,0.006568954957828538,0.0098134192607667,0.000920799396167998,28,113,0.08492576996262122,0.023645374706326987,False,False,False,2.0700978217691986e-06,COMPLETE
368,0.41343637704849245,2025-04-01 14:58:20.050767,2025-04-01 14:58:27.143525,0 days 00:00:07.092758,0.05715735950298906,0.7995891522103047,8,0.25974586228666,0.08018129664429474,0.09451527938696352,0.04683630971741778,0.01116802132669176,0.021031821278523478,0.0006256022921493656,9,112,0.08926523057873362,0.007566700241308913,False,False,False,2.793664999269968e-06,COMPLETE
369,0.424926495552063,2025-04-01 14:58:27.260731,2025-04-01 14:58:37.903090,0 days 00:00:10.642359,0.9182332707716904,0.8297504978335071,8,0.26480325460028925,0.10239320089076634,0.061177443473230765,0.01648639483615559,0.002946039301431314,0.004257379965659901,0.001797703728431713,29,115,0.08172207792979552,0.028204783991724512,False,False,False,1.4570427060999834e-06,COMPLETE
370,0.42512441873550416,2025-04-01 14:58:38.021941,2025-04-01 14:58:48.908200,0 days 00:00:10.886259,0.9786429654829065,0.7840256098983874,8,0.25651578162800576,0.05844841499743694,0.05862034521088542,0.01532348429458031,0.0015433293672546889,0.002470164321116832,0.0011750374929219705,30,118,0.0878255095964513,0.020340733590564597,False,False,False,1.2342702091847417e-06,COMPLETE
371,0.4291969656944275,2025-04-01 14:58:49.037129,2025-04-01 14:58:59.819350,0 days 00:00:10.782221,0.9350499365438975,0.7681667379771456,8,0.2674232226784043,0.08800721884189047,0.05641048109426152,0.0662744106937618,0.005347967560453805,0.007532374244489484,0.0007670440097986814,29,126,0.08540282255604174,0.013254178950368354,False,False,False,1.8209473868775189e-06,COMPLETE
372,0.43080806732177734,2025-04-01 14:58:59.936893,2025-04-01 14:59:10.749040,0 days 00:00:10.812147,0.7884493475487869,0.5460618055137046,8,0.24842175247375345,0.07029078257429962,0.053605390926102815,0.04252980549612355,0.02771942913703633,0.004860944270489916,0.0003759296394070407,29,122,0.08974849216682065,0.030718236829915806,False,False,False,2.4260089612743175e-06,COMPLETE
373,0.2938771963119507,2025-04-01 14:59:10.867292,2025-04-01 14:59:20.724846,0 days 00:00:09.857554,0.8088748306540917,0.8156036462615724,8,0.2557487621704397,0.08394743787641093,0.06113224100330304,0.014949650824891275,0.008648701802138947,0.024697332689313255,0.0005507640243779165,30,115,0.0828098892111503,0.2785082631687491,False,False,True,4.521688290678619e-06,COMPLETE
374,0.42448580265045166,2025-04-01 14:59:20.842245,2025-04-01 14:59:31.725824,0 days 00:00:10.883579,0.983905420670286,0.7456683866428998,8,0.26228707383988353,0.07805685419484586,0.057461821166200716,0.017823377398352783,0.051092148269391874,0.01156115651241689,0.0014659832523953404,30,118,0.08720177317435147,0.005470376281533934,False,False,False,3.455151636393835e-06,COMPLETE
375,0.43754017353057867,2025-04-01 14:59:31.855725,2025-04-01 14:59:42.222653,0 days 00:00:10.366928,0.9454271974472418,0.7830774867868399,8,0.2699987991078782,0.09660954872754081,0.04842005746358137,0.011935448045975,0.04296458131212192,0.07407788675043724,0.0010330220733220834,27,125,0.08435035185692541,0.015082140321599847,False,False,False,9.901990771851644e-07,COMPLETE
376,0.40927102565765383,2025-04-01 14:59:42.340380,2025-04-01 15:00:05.654906,0 days 00:00:23.314526,0.9152643106830629,0.7847344746859842,2,0.2711464801092314,0.10395227447888163,0.04790235424918212,0.012499781022977774,0.043345726206852356,0.08209636535043295,0.0011571390154293895,27,131,0.08400509617920243,0.02547184808420559,False,False,False,9.027837590480353e-07,COMPLETE
377,0.3733740448951722,2025-04-01 15:00:05.772991,2025-04-01 15:00:16.852255,0 days 00:00:11.079264,0.8652278912908725,0.8082926525831476,8,0.2728163316907599,0.09327238874085661,0.051267017413753765,0.01088439058023955,0.04189991560688158,0.009743508967391065,0.0009605674556197373,25,126,0.0807813703285757,0.100358728633566,True,False,False,1.0242876799102214e-06,COMPLETE
378,0.401087486743927,2025-04-01 15:00:16.973215,2025-04-01 15:00:27.449409,0 days 00:00:10.476194,0.823657452732613,0.19056621899087706,8,0.28483852197707843,0.047014595600148666,0.0487956915109273,0.011134907558491943,0.04462732775217451,0.08890624821634788,0.0013574693126756116,27,128,0.07875166314629609,0.02279560809268513,False,False,False,7.984890266975323e-07,COMPLETE
379,0.4110952615737915,2025-04-01 15:00:27.579926,2025-04-01 15:00:37.989878,0 days 00:00:10.409952,0.8912806805083581,0.7600886903180333,8,0.2515963583420603,0.18556675950689194,0.05372754164893659,0.058157396340345405,0.046989578638821486,0.007531221119760656,0.0016881937188594673,27,124,0.08511277669803992,0.012984198128332245,False,False,False,1.3970635670994453e-06,COMPLETE
380,0.41116496324539187,2025-04-01 15:00:38.109964,2025-04-01 15:00:48.572498,0 days 00:00:10.462534,0.9625430544991265,0.782144642241416,8,0.26809886886215045,0.10799948042661071,0.05059168289272214,0.013666236387703534,0.04089374594542818,0.00863506496934683,0.002319935566019498,28,122,0.08357854137021291,0.029795024627537792,False,False,False,1.113820506921748e-06,COMPLETE
381,0.3513491988182068,2025-04-01 15:00:48.691826,2025-04-01 15:00:58.144139,0 days 00:00:09.452313,0.9997121813861141,0.7652300234648302,8,0.25891448345015056,0.09831167723281703,0.04646055054152431,0.01523227997035204,0.04569524292535409,0.07445483037127448,0.0010985844979166431,27,129,0.0861402399043745,0.05780239568527136,False,True,False,1.4692452684193236e-06,COMPLETE
382,0.4334264755249024,2025-04-01 15:00:58.275637,2025-04-01 15:01:08.518421,0 days 00:00:10.242784,0.7744018103083499,0.7314660365607387,8,0.24523864610700832,0.09552583808429055,0.059957714131328006,0.04827429763927387,0.05292123141799434,0.07177711136404573,0.0009655105257938076,26,124,0.0818193040231899,0.01983943133758455,False,False,False,1.700235853121875e-06,COMPLETE
383,0.4255569338798523,2025-04-01 15:01:08.638990,2025-04-01 15:01:19.165687,0 days 00:00:10.526697,0.7937727515477224,0.7993472696312139,8,0.26333512348893134,0.06437690015983605,0.05519677449091222,0.01697938873259609,0.05008695590124695,0.011407793150372821,0.001357884687148972,28,120,0.08798735966565628,0.032670008364955344,False,False,False,7.038653910457902e-07,COMPLETE
384,0.43235467672348027,2025-04-01 15:01:19.290434,2025-04-01 15:01:29.850214,0 days 00:00:10.559780,0.8376824575156806,0.8387701921056742,8,0.27006238200444793,0.07757103827757662,0.062272004764606086,0.018663881928834315,0.03972468699693844,0.002050370814051126,0.0008591521555585828,28,126,0.08634343159269534,0.006026152004260911,False,False,False,1.995311212866999e-06,COMPLETE
385,0.39430973529815677,2025-04-01 15:01:29.985176,2025-04-01 15:01:38.457834,0 days 00:00:08.472658,0.937678347144299,0.7492981726410796,16,0.27768180637033885,0.08335847232454009,0.05215915100378627,0.013703460748295999,0.043565856877032606,0.005667264436837202,0.0011370767010279728,26,122,0.08402205246211288,0.014150253510364476,False,False,False,8.885586551809867e-07,COMPLETE
386,0.41563967466354373,2025-04-01 15:01:38.580778,2025-04-01 15:01:49.403555,0 days 00:00:10.822777,0.981148111835339,0.727530599753047,8,0.25445004666214216,0.07105230662355264,0.05861096332283189,0.015981520436127564,0.04788140081638404,0.00725928432995061,0.000686211893853256,29,133,0.0896945807889748,0.027598586268526067,False,False,False,1.176353465291066e-06,COMPLETE
387,0.4228604316711426,2025-04-01 15:01:49.526283,2025-04-01 15:02:00.112613,0 days 00:00:10.586330,0.8120467864089491,0.7797869465151949,8,0.26057660085468853,0.09122932456339274,0.05649959700838736,0.01928120974314294,0.051810920480343754,0.002722798132850138,0.0015977912231263896,28,119,0.08702873025614986,0.0211675624554136,False,False,False,1.619224200739318e-06,COMPLETE
388,0.43535693883895876,2025-04-01 15:02:00.235941,2025-04-01 15:02:11.047295,0 days 00:00:10.811354,0.9573020479154877,0.7599228080607411,8,0.27066485649523514,0.09946991443140096,0.04963640167150075,0.010679720789952895,0.04954214301780881,0.010109140392485306,0.0009579122026169287,29,126,0.08222924178817563,0.015269464957441893,False,False,False,2.1897642721640963e-06,COMPLETE
389,0.4301150798797608,2025-04-01 15:02:11.181352,2025-04-01 15:02:21.918171,0 days 00:00:10.736819,0.9572200534589154,0.7615120718914711,8,0.2818780897025144,0.10927959608747533,0.04497727669091628,0.012502712739123133,0.045258439747131146,0.09340487255853085,0.0008826215617023948,29,129,0.07822145440324013,0.010627779453105007,False,False,False,1.33822118355093e-06,COMPLETE
390,0.43378126621246343,2025-04-01 15:02:22.044918,2025-04-01 15:02:32.734248,0 days 00:00:10.689330,0.9220012454850475,0.8119827797354916,8,0.27369976489331427,0.09700008587696651,0.047997641658419896,0.010398747670610595,0.0534467899426767,0.01278140937382893,0.0005937408622737283,29,126,0.08120050980867319,0.018409656390586813,False,False,False,2.0665540840901973e-06,COMPLETE
391,0.2976344168186188,2025-04-01 15:02:32.856779,2025-04-01 15:02:42.475199,0 days 00:00:09.618420,0.946661148817078,0.7915397822774011,8,0.2693770046242466,0.10167599555709192,0.04877934311951081,0.00972741633367956,0.05630022723665482,0.011722250806204855,0.0012941603583245065,28,131,0.08292412502518004,0.007013329650912829,False,False,True,1.0341510388917523e-06,COMPLETE
