number,value,datetime_start,datetime_complete,duration,params_alpha-eval,params_alpha-train,params_batch-size,params_eps-eval,params_eps-train,params_lambda-actions-eval,params_lambda-actions-train,params_lambda-frames-eval,params_lambda-frames-train,params_learning-rate,params_n-epochs,params_n-frames,params_radius-gw,params_rho,params_std-feats,params_ub-actions,params_ub-frames,params_weight-decay,state
398,0.45232499837875373,2025-04-22 02:32:54.105528,2025-04-22 02:33:08.361432,0 days 00:00:14.255904,0.9162428454346943,0.805866984692355,2,0.2756819521280804,0.10730748669952676,0.03861328682830641,0.024942789694241806,0.0816895508296511,0.006293820662837816,0.0017465610320879213,12,134,0.07556782266345657,0.2473103945530964,False,False,False,2.5164186428345543e-08,COMPLETE
399,0.3904772520065308,2025-04-22 02:33:08.496152,2025-04-22 02:33:22.694904,0 days 00:00:14.198752,0.9189718970612645,0.7798315121627704,2,0.2759976699815459,0.10098636169674453,0.03745627885873187,0.024832979907440055,0.0807510247865463,0.004714106835789835,0.009219565189981502,12,129,0.0750455566600235,0.24154758879159927,False,False,False,2.879188854327354e-08,COMPLETE
400,0.37271904945373535,2025-04-22 02:33:22.819293,2025-04-22 02:33:37.184307,0 days 00:00:14.365014,0.876447260616079,0.8139860217951844,2,0.27654288619361644,0.10696632632401643,0.03905154177970999,0.019555861377148424,0.08385347417874198,0.019606339341119425,0.002052210731640551,12,133,0.07449968176951699,0.24796082144230394,False,False,False,2.6671767134481407e-08,COMPLETE
401,0.4521272301673889,2025-04-22 02:33:37.309902,2025-04-22 02:33:51.655307,0 days 00:00:14.345405,0.9090616428797503,0.8094066172727306,2,0.2682401923154223,0.09883480801624604,0.04071107326935409,0.02294916129884519,0.08813432954917867,0.008357633532408343,0.002560324994789765,12,133,0.0761126713964886,0.21342052334656594,False,False,False,2.3250775094116278e-08,COMPLETE
402,0.39446485042572027,2025-04-22 02:33:51.792235,2025-04-22 02:33:59.034020,0 days 00:00:07.241785,0.9035125574608208,0.8330581304639532,16,0.26937652095062714,0.0993931574453304,0.03611493406808474,0.02115567678578146,0.07780066783931171,0.011716302654102,0.0023287666685258062,12,125,0.07397848070016314,0.2120574487319884,False,False,False,2.577348000691996e-08,COMPLETE
403,0.42753621339797976,2025-04-22 02:33:59.159279,2025-04-22 02:34:12.818581,0 days 00:00:13.659302,0.853062699751593,0.7975257386753276,2,0.273330982888661,0.09839568037561384,0.03929811777080929,0.023130437572524348,0.08854197221053707,0.005530562918617295,0.002803342559846839,11,134,0.07584227667000644,0.21667730679350444,False,False,False,2.330408178282502e-08,COMPLETE
404,0.37161868810653687,2025-04-22 02:34:12.944115,2025-04-22 02:34:27.135043,0 days 00:00:14.190928,0.9077667139777625,0.759597997338912,2,0.2783655418282494,0.1069210537907287,0.04040470361690907,0.018144814827920054,0.08539845857619065,0.007117353152612776,0.00012973829366851847,12,130,0.07614494628731731,0.20683290515423192,False,False,False,2.2250966787528473e-08,COMPLETE
405,0.39013217687606816,2025-04-22 02:34:27.262357,2025-04-22 02:34:40.940081,0 days 00:00:13.677724,0.8768954983734304,0.7349788814133982,2,0.2688979642252727,0.09731011144066949,0.038024197964987926,0.0292393058351343,0.08149067479915374,0.009772884638669464,0.0026561771231970264,11,132,0.07285761036688594,0.22321124171494053,False,False,False,3.433432532981061e-08,COMPLETE
406,0.3795275926589966,2025-04-22 02:34:41.077877,2025-04-22 02:34:55.938404,0 days 00:00:14.860527,0.5450765522357186,0.7553601333846452,2,0.27774535236590814,0.10399094415951292,0.04127545283688318,0.022663198826893386,0.08680450449127622,0.0044969877938434225,0.0016970175866778878,12,122,0.07483487601167473,0.2298125169360153,True,False,False,3.457140261851499e-08,COMPLETE
407,0.3936913847923279,2025-04-22 02:34:56.065628,2025-04-22 02:35:09.790304,0 days 00:00:13.724676,0.9809719405407145,0.8440971231252645,2,0.26651849031280644,0.09571810110890842,0.04145409363495207,0.01984707736998062,0.05100323731711004,0.004125902245115917,0.0016559619934522392,11,136,0.04635929632030048,0.21716001992829262,False,False,False,4.546340093465967e-08,COMPLETE
408,0.38075147867202763,2025-04-22 02:35:09.917748,2025-04-22 02:35:24.131904,0 days 00:00:14.214156,0.9989211756400466,0.9999203065109724,2,0.2722852637682769,0.10410330987628223,0.034958014605013965,0.02541202797823056,0.07929086441881306,0.0027342310443365125,0.0021353416519312774,12,127,0.07750973876777378,0.23229217322693319,False,False,False,2.2094293183270626e-08,COMPLETE
409,0.3841187119483948,2025-04-22 02:35:24.269135,2025-04-22 02:35:37.332678,0 days 00:00:13.063543,0.934235929979953,0.6615377470617063,2,0.2648709033113242,0.10984760419174207,0.03797373021211089,0.027605050087327266,0.08450435431272038,0.007747944058702647,0.001329633573644839,10,135,0.07040743948754354,0.18792356024268198,False,False,False,3.3959843176030433e-06,COMPLETE
410,0.38408100605010986,2025-04-22 02:35:37.461431,2025-04-22 02:35:51.733747,0 days 00:00:14.272316,0.9654239625422073,0.7227038390407342,2,0.2558065485819797,0.10321983690052962,0.04493101691360676,0.03139033844756919,0.08921989476428832,0.002964690553720217,0.002582465562024842,12,132,0.02442171382174828,0.19782844027127547,False,False,False,2.6286844087177447e-08,COMPLETE
411,0.37794439792633056,2025-04-22 02:35:51.860567,2025-04-22 02:36:05.494791,0 days 00:00:13.634224,0.9125664088463491,0.8087413027782403,2,0.27768033497128103,0.11181025606420035,0.04226421654740901,0.02383565675765828,0.08443135188467424,0.008222874741452755,0.001795270748771562,11,135,0.07288610825987235,0.236548235804806,False,False,False,8.016094808657912e-07,COMPLETE
412,0.4168270587921143,2025-04-22 02:36:05.635096,2025-04-22 02:36:19.241675,0 days 00:00:13.606579,0.9464183308020717,0.9805465137169975,2,0.27095873428414885,0.09822245805255272,0.04458769648574111,0.02963404891251873,0.08850882614065533,0.007031977130249963,0.0015102688171168659,11,137,0.07824886085486346,0.22573099239038497,False,False,False,5.253191797449262e-06,COMPLETE
413,0.33414402008056643,2025-04-22 02:36:19.368909,2025-04-22 02:36:32.077221,0 days 00:00:12.708312,0.9783106051487475,0.7090376398236302,2,0.26372020442214666,0.09429384522060118,0.04634638697224023,0.027205108538549107,0.08613489306590287,0.008601064876113696,0.002230777911569329,12,129,0.07594049406721755,0.24221655614934065,False,True,False,7.159521977671424e-06,COMPLETE
414,0.29631370902061466,2025-04-22 02:36:32.208884,2025-04-22 02:36:44.952224,0 days 00:00:12.743340,0.8927138887853517,0.771985705178082,2,0.280462902329813,0.10735697780880696,0.04086247153641497,0.02153690150860304,0.08224167280530778,0.005776792397360425,0.0012447447385533262,12,138,0.07929130721197336,0.2599779244277642,False,False,True,3.8970016781327625e-08,COMPLETE
415,0.3698813796043396,2025-04-22 02:36:45.091645,2025-04-22 02:36:53.067880,0 days 00:00:07.976235,0.9303666497715356,0.6756388544593961,8,0.24559120114261276,0.11489429835437583,0.03933633229492999,0.016996777241654402,0.08009639419644485,0.006902005799548904,0.0018107298067987336,11,141,0.07441191965149359,0.24620501320256497,False,False,False,1.0783826730392533e-07,COMPLETE
416,0.3842381358146668,2025-04-22 02:36:53.198143,2025-04-22 02:37:07.389445,0 days 00:00:14.191302,0.9996272176361759,0.6476948073269551,2,0.2529775897585558,0.10324977590497098,0.04283943855578963,0.025316857368323516,0.0446557648541166,0.014281206571223155,0.0006610556838326873,12,10,0.07704893848187312,0.20538793855541612,False,False,False,4.8542584353587286e-08,COMPLETE
417,0.42074338197708133,2025-04-22 02:37:07.519375,2025-04-22 02:37:21.079730,0 days 00:00:13.560355,0.9633343762594974,0.4948165076204412,2,0.27244452352930143,0.11048644856590681,0.04473260431991231,0.032610439613121794,0.09075073293966338,0.002578585386436593,0.0015026798210935539,11,133,0.08354241514511258,0.21350127491965543,False,False,False,3.908544245936836e-06,COMPLETE
418,0.3902812480926514,2025-04-22 02:37:21.219675,2025-04-22 02:37:36.109407,0 days 00:00:14.889732,0.025993308875598475,0.9998832768657471,2,0.2816331395615884,0.09541181969238686,0.036318180613327,0.0282563258513814,0.08665650436116447,0.008801630968237138,0.0009632467512438075,13,138,0.0723516630297527,0.2356093093701104,False,False,False,3.057893799028131e-08,COMPLETE
419,0.4342967033386231,2025-04-22 02:37:36.239215,2025-04-22 02:37:49.159899,0 days 00:00:12.920684,0.9512780177785909,0.7273209934537458,2,0.2640445461510373,0.11505765824353674,0.046641049997014836,0.023683481495500328,0.08362199446020809,0.009996907752704811,0.002021051379153025,10,140,0.07861217565728697,0.22159324705362426,False,False,False,2.2319574387527573e-08,COMPLETE
420,0.37475755214691164,2025-04-22 02:37:49.292746,2025-04-22 02:38:02.497718,0 days 00:00:13.204972,0.9256595244891223,0.7022454778367918,2,0.2562368439898164,0.102401909958133,0.041874155694891745,0.030861407880987044,0.07816962542383094,0.004099687433168086,0.001193200221505673,10,135,0.06945404912085491,0.17731959183967558,False,False,False,9.205312407965843e-08,COMPLETE
421,0.3707507133483887,2025-04-22 02:38:02.639187,2025-04-22 02:38:16.227072,0 days 00:00:13.587885,0.9769184617265948,0.9203106989183215,2,0.27529235574915545,0.10690828936665638,0.043376641660646684,0.026538274272648474,0.08199980466118867,0.016493922884700578,0.0026609461467893467,11,130,0.07551309464522123,0.24069128957154345,False,False,False,6.620374504238083e-08,COMPLETE
422,0.39418208599090576,2025-04-22 02:38:16.358556,2025-04-22 02:38:35.029432,0 days 00:00:18.670876,0.9432087430316968,0.9783005602322212,2,0.26906010726492763,0.11511633258382387,0.04717354953105508,0.0205835964474247,0.08739004452924029,0.012681303747376941,0.001427079533071705,19,137,0.08112681233853714,0.22944652973782184,False,False,False,3.795225924128873e-08,COMPLETE
423,0.4312461376190186,2025-04-22 02:38:35.160378,2025-04-22 02:38:49.329812,0 days 00:00:14.169434,0.965034798838628,0.9490978909801918,2,0.2505946911868721,0.09909493379835083,0.0389959904851145,0.03367933052572854,0.08471541938928204,0.0178856556764371,0.0017095885120936654,12,142,0.07392631295388688,0.24833718502568222,False,False,False,0.0003299262089273713,COMPLETE
424,0.44913409948349003,2025-04-22 02:38:49.472791,2025-04-22 02:39:01.825044,0 days 00:00:12.352253,0.9071706818364976,0.7486561098176597,2,0.2617382613981573,0.09296735113841174,0.05408148553011263,0.029347506020275697,0.08962163428726146,0.006117904248473291,0.0020961850465444636,9,141,0.07661636020451477,0.2590174534963048,False,False,False,1.1250987172877038e-07,COMPLETE
425,0.3781596899032593,2025-04-22 02:39:01.958145,2025-04-22 02:39:17.560026,0 days 00:00:15.601881,0.9839463281149312,0.6830832237466874,2,0.21595438135664521,0.12354659529875119,0.0493681310466223,0.025381566223959172,0.08157939191607762,0.015071324372223442,0.0008814934184227791,13,133,0.07951994319100004,0.2361072743526195,True,False,False,4.966181882718061e-08,COMPLETE
426,0.38676985502243044,2025-04-22 02:39:17.691817,2025-04-22 02:39:24.821355,0 days 00:00:07.129538,0.9395593422829086,0.6598306552662128,16,0.2789278257676807,0.10896693441934989,0.04531484521854183,0.02740136260380915,0.08865560888076521,0.019629004069156235,0.0011405443266009506,11,138,0.0868527098511896,0.26835595500491866,False,False,False,7.007741856590052e-08,COMPLETE
427,0.3724821329116822,2025-04-22 02:39:24.953203,2025-04-22 02:39:39.266382,0 days 00:00:14.313179,0.8881748714870004,0.9702070023100462,2,0.27086579756463974,0.12936730092320234,0.04048182280589676,0.022655437701254645,0.08618905241242322,0.0019428189287830767,0.0015260884122434864,12,143,0.07721488120747919,0.24512280929877808,False,False,False,8.728937928406407e-08,COMPLETE
428,0.3701828002929688,2025-04-22 02:39:39.410593,2025-04-22 02:39:56.192367,0 days 00:00:16.781774,0.11072719288077848,0.6276965983454226,2,0.243483497938007,0.29149962825259335,0.04402224403736065,0.031001135513962774,0.09405041976260843,0.0010878635437127546,0.0024042264644029503,16,136,0.07158094461238483,0.2511791089079028,False,False,False,1.945379646802749e-08,COMPLETE
429,0.39047813415527344,2025-04-22 02:39:56.326327,2025-04-22 02:40:09.636878,0 days 00:00:13.310551,0.9648990981078953,0.7046281494208758,2,0.19251550610882587,0.11364834756424773,0.04694680461307054,0.035580026935267586,0.08421936598583803,0.02098406944671847,0.0012850296465612937,11,44,0.08262066384296596,0.26392794307282547,False,False,False,3.4708192337034996e-08,COMPLETE
430,0.2887604355812073,2025-04-22 02:40:09.772331,2025-04-22 02:40:23.930199,0 days 00:00:14.157868,0.862515851657937,0.9354205067980244,2,0.2619241402250653,0.02770808097454877,0.04208291343043098,0.018248024915543903,0.0800639330874877,0.02402139675236703,0.0018098940525303473,12,131,0.07385754730994815,0.24069459788137007,False,False,False,9.004610023574175e-06,COMPLETE
431,0.3873663187026978,2025-04-22 02:40:24.074108,2025-04-22 02:40:38.925886,0 days 00:00:14.851778,0.9990208332426342,0.7310453799899088,2,0.2753244333258535,0.10268606038858932,0.04914729520241265,0.024431838766354404,0.09133609086773496,0.018024762972846498,0.0009346086537689715,13,87,0.07970279433833342,0.22768456733936188,False,False,False,1.2057360364004072e-07,COMPLETE
432,0.28844957351684575,2025-04-22 02:40:39.058822,2025-04-22 02:40:50.830511,0 days 00:00:11.771689,0.9256833850200893,0.9835324346710466,2,0.2566183548972476,0.12165441984248065,0.03744061044197056,0.028999540714391207,0.08832864583217957,0.01634805308513182,0.0015515559921377416,10,139,0.07534357833552448,0.25460108260941383,False,False,True,4.569420568976516e-08,COMPLETE
433,0.34286800622940067,2025-04-22 02:40:50.966107,2025-04-22 02:41:03.757872,0 days 00:00:12.791765,0.5732160203706617,0.8613788442139754,2,0.28202207874604124,0.10987286139113626,0.04496228256836125,0.02073227701511666,0.035409739112688104,0.020413807622390503,1.034905481679144e-05,12,143,0.07796181709078483,0.24735319554391555,False,True,False,5.683661897204142e-08,COMPLETE
434,0.4399201512336731,2025-04-22 02:41:03.901467,2025-04-22 02:41:17.549709,0 days 00:00:13.648242,0.9533579388761458,0.6823294511071873,2,0.26232640849925903,0.09244418818621675,0.040781691382041727,0.026524324170159,0.08279216909429205,0.02356888575660548,0.0007570634558436885,11,135,0.08495197560157511,0.23173314432457784,False,False,False,2.745518949690802e-05,COMPLETE
435,0.39034426212310797,2025-04-22 02:41:17.685543,2025-04-22 02:41:30.676782,0 days 00:00:12.991239,0.9828125676857428,0.9490581560702698,2,0.26892344737155194,0.09922062977005293,0.05254880681091124,0.032464158251379105,0.07723257311728722,0.013469740703654472,0.0036179705373447593,10,150,0.08143915874079775,0.23825384096601282,False,False,False,2.5570321581381296e-08,COMPLETE
436,0.3922121286392212,2025-04-22 02:41:30.811512,2025-04-22 02:41:44.451069,0 days 00:00:13.639557,0.9150656265315865,0.8297323940930567,2,0.25075449606346834,0.10623370292066525,0.04774515966062018,0.022852096353871688,0.08651289994230242,0.020632775164628164,0.002016373921498618,11,127,0.06778977352787592,0.25837763325014995,False,False,False,8.552286696832877e-08,COMPLETE
437,0.37379958629608157,2025-04-22 02:41:44.597335,2025-04-22 02:41:54.266625,0 days 00:00:09.669290,0.9645196038839874,0.7058879082868703,8,0.2807338533391966,0.11589529658024657,0.0432086310648467,0.02522989804164621,0.08475985811916001,0.06152470683656361,0.0011608565311276647,20,139,0.001601589436946993,0.24464534661538562,False,False,False,6.448531719331139e-08,COMPLETE
438,0.40653907060623173,2025-04-22 02:41:54.402084,2025-04-22 02:42:08.628377,0 days 00:00:14.226293,0.9371819651590263,0.6671898429831122,2,0.2742950508690838,0.07388605483567892,0.059224796626405604,0.03013015490701272,0.09046555278675596,0.0189357911160979,0.00281438174808617,12,142,0.07675533409774259,0.22046467116397098,False,False,False,1.1850152640855995e-07,COMPLETE
439,0.4450549483299256,2025-04-22 02:42:08.764571,2025-04-22 02:42:23.542919,0 days 00:00:14.778348,0.9831436808595776,0.9666517581904676,2,0.2667506360157845,0.10077574384220535,0.045753472518953696,0.015184295878103818,0.08068891805066007,0.024289296651852022,0.0013343698928680427,13,147,0.07304876101071661,0.2511380037278737,False,False,False,3.0132235356601804e-08,COMPLETE
440,0.41957365274429326,2025-04-22 02:42:23.689825,2025-04-22 02:42:37.328790,0 days 00:00:13.638965,0.9583855195695193,0.7241337238397315,2,0.256409046632736,0.10869943637882108,0.03976284704812932,0.028109184109844428,0.0930540620739868,0.016472610640701532,0.0023443929547892067,11,133,0.07924478056736013,0.2645331051736053,False,False,False,4.38385798150273e-08,COMPLETE
441,0.44642553329467777,2025-04-22 02:42:37.465923,2025-04-22 02:42:51.729343,0 days 00:00:14.263420,0.9075517575516737,0.7667415139874934,2,0.24462176268871316,0.12021379510579118,0.05038510351599428,0.022558255909020004,0.08808038440672775,0.022813653167430024,0.0017858948219401304,12,144,0.0705780387207647,0.23379887078308395,False,False,False,7.258332882089795e-08,COMPLETE
442,0.44874219894409184,2025-04-22 02:42:51.866511,2025-04-22 02:43:06.127191,0 days 00:00:14.260680,0.9394001039726747,0.7986716646185712,2,0.2681821510327604,0.1381817419359675,0.042902440098369916,0.01980668586295925,0.0830730014195188,0.01837227140952391,0.0010503498664956167,12,140,0.0753333804298022,0.25667506730827677,False,False,False,9.702685232527874e-08,COMPLETE
443,0.4408694386482239,2025-04-22 02:43:06.273535,2025-04-22 02:43:21.208890,0 days 00:00:14.935355,0.9796002098946989,0.6461228805213822,2,0.28133783734229134,0.09409287162790442,0.048053269127161465,0.03695891146099513,0.08573510779372527,0.01105495439615468,0.0015165658425686144,13,136,0.08088432371359677,0.23831023772931811,False,False,False,5.331512462651749e-08,COMPLETE
444,0.43991231918334966,2025-04-22 02:43:21.350401,2025-04-22 02:43:35.111063,0 days 00:00:13.760662,0.8913577077234517,0.9868199340553148,2,0.27425872065897505,0.11362820043500312,0.045784550372504354,0.031611877427107825,0.07488325916424718,0.009516501522183002,0.0020270618357122127,11,130,0.08423928862196081,0.22480110777456708,False,False,False,3.4547598486872834e-08,COMPLETE
445,0.37852267026901243,2025-04-22 02:43:35.260159,2025-04-22 02:43:48.883046,0 days 00:00:13.622887,0.9499383669294981,0.6898569235003941,2,0.26057710485614577,0.10527584427340467,0.03831644909775009,0.026850720717425343,0.07960929644585828,0.02164047291424208,0.0013662394131852698,10,145,0.0771487897380998,0.2437983043388857,True,False,False,1.413889240018173e-07,COMPLETE
446,0.43589042425155644,2025-04-22 02:43:49.020824,2025-04-22 02:44:03.280863,0 days 00:00:14.260039,0.9994944572541239,0.9120152635524724,2,0.25031157076936367,0.12351170826435863,0.04395123885630817,0.024215257902050202,0.08901702695005614,0.026769158859571856,0.000949407985940056,12,148,0.07331661051057875,0.21443127251348573,False,False,False,1.9193752742655026e-08,COMPLETE
447,0.39142711162567145,2025-04-22 02:44:03.418865,2025-04-22 02:44:10.776956,0 days 00:00:07.358091,0.9678097677893507,0.9643014928747448,16,0.26613884345172695,0.1010057352589318,0.054606314521272466,0.028951558601601673,0.08407152386928267,0.023806317580540744,0.001682849980267115,13,120,0.07853048902412807,0.24803462439269597,False,False,False,0.00020896894488413325,COMPLETE
448,0.3789457201957703,2025-04-22 02:44:10.930214,2025-04-22 02:44:24.575039,0 days 00:00:13.644825,0.9238683239949032,0.5717882251688257,2,0.27587442435872306,0.06266622354390745,0.04159341768336323,0.03404645855726971,0.08186637383786169,0.005207443305303804,0.0006909657587747395,11,141,0.08303892770109932,0.26093682286085795,False,False,False,7.937012610051493e-08,COMPLETE
449,0.37385821938514713,2025-04-22 02:44:24.713127,2025-04-22 02:44:39.040192,0 days 00:00:14.327065,0.9426991199238003,0.3759635156964751,2,0.25537320789263745,0.11473190400442855,0.05153690221589948,0.02580477083301632,0.06303653451812607,0.020591250308459673,0.0025094419310709034,12,137,0.07494916898739405,0.25335621680926546,False,False,False,1.0350224500145774e-07,COMPLETE
450,0.430842125415802,2025-04-22 02:44:39.179710,2025-04-22 02:44:52.786178,0 days 00:00:13.606468,0.9718076991869957,0.7399254855113169,2,0.28324358938288813,0.09010930936117605,0.049380917565993235,0.03071374251582401,0.08655180861630736,0.018633331976230648,0.0011040810967196189,11,132,0.09050429033255673,0.23443649305859832,False,False,False,4.224084420590199e-08,COMPLETE
451,0.34111896157264715,2025-04-22 02:44:52.942713,2025-04-22 02:45:04.070950,0 days 00:00:11.128237,0.9172071616312016,0.9314885308187981,2,0.27074868728524737,0.08074685366213093,0.0469602574901879,0.02154788657945418,0.07815457990571066,0.014707706079101903,0.00209838151364802,9,143,0.0711966856627079,0.2416801648324044,False,True,False,2.658091859619178e-08,COMPLETE
452,0.29604998230934143,2025-04-22 02:45:04.211788,2025-04-22 02:45:16.113437,0 days 00:00:11.901649,0.9556608795407471,0.7129801687293535,2,0.2623798792260451,0.12777166287766936,0.04455495550706751,0.027895597807601893,0.09264773933856323,0.044412496953976276,0.0012590364791110944,11,33,0.077513250109031,0.22869548665509876,False,False,True,6.172800358389028e-08,COMPLETE
453,0.37269982099533083,2025-04-22 02:45:16.254805,2025-04-22 02:45:29.274460,0 days 00:00:13.019655,0.9823563542598497,0.9849239036147218,2,0.168348595181264,0.10859610328760051,0.036111971589055034,0.018393382213038215,0.0907169569928375,0.022168397238042214,0.0015911607065945833,10,138,0.0806017940832096,0.26757318514201545,False,False,False,8.485672661536802e-08,COMPLETE
454,0.4456934452056885,2025-04-22 02:45:29.426431,2025-04-22 02:45:43.712861,0 days 00:00:14.286430,0.8689330805920725,0.9476108408495554,2,0.05607002018259928,0.09710608655427956,0.04025361684869424,0.024892205248645757,0.08548083039098579,0.056955924872493485,0.0008776217496679764,12,135,0.0756991794472643,0.2482617020337133,False,False,False,5.261512900208287e-08,COMPLETE
