number,value,datetime_start,datetime_complete,duration,params_alpha-eval,params_alpha-train,params_batch-size,params_eps-eval,params_eps-train,params_lambda-actions-eval,params_lambda-actions-train,params_lambda-frames-eval,params_lambda-frames-train,params_learning-rate,params_n-epochs,params_n-frames,params_radius-gw,params_rho,params_std-feats,params_ub-actions,params_ub-frames,params_weight-decay,state
1680,0.4130027532577515,2025-04-01 19:04:00.028935,2025-04-01 19:04:10.565454,0 days 00:00:10.536519,0.9800185623714708,0.833406799363637,8,0.29107615116032504,0.08682454512209581,0.07163080343748975,0.016633167935209824,0.006931698057862152,0.014390742610913956,0.0007689551599244376,28,110,0.08064315762124485,0.011617506409569664,False,False,False,1.2745833458034709e-08,COMPLETE
1681,0.3525740027427674,2025-04-01 19:04:11.119099,2025-04-01 19:04:20.614556,0 days 00:00:09.495457,0.9163164980968984,0.9203047713704496,8,0.2697960973445963,0.05973952445931115,0.06491205653697098,0.030910796040429758,0.06013769535118976,0.015879392289643496,0.00047084633136256274,27,127,0.09002047515074665,0.035871026635514475,False,True,False,1.930305417760545e-06,COMPLETE
1682,0.4267521142959595,2025-04-01 19:04:21.165863,2025-04-01 19:04:32.107240,0 days 00:00:10.941377,0.9315243984142907,0.6528181482960532,8,0.0891028177191994,0.07503240299853028,0.07584825714161231,0.011491004802278219,0.009840874810014031,0.07869216320193004,0.0011414715514083407,30,121,0.08375571114347233,0.04574011076622153,False,False,False,3.6512359673651293e-07,COMPLETE
1683,0.3902298212051392,2025-04-01 19:04:32.672373,2025-04-01 19:04:43.283536,0 days 00:00:10.611163,0.8992509941303,0.5046645855899271,8,0.25319838763529207,0.19650023068573103,0.058165614910870016,0.02867593818073999,0.06599303752858537,0.0175332671489734,0.0005879273463179349,29,66,0.07783776209629878,0.02687827607897796,False,False,False,6.364598008089719e-07,COMPLETE
1684,0.3917793154716492,2025-04-01 19:04:43.834961,2025-04-01 19:05:05.804945,0 days 00:00:21.969984,0.9514052209213569,0.7360203166611232,2,0.2785867305591168,0.051397530185502846,0.0915821022751611,0.0082902560756323,0.04590153968982269,0.019197691052652142,0.001804663889006557,25,115,0.0922420146470511,0.19197823840111639,False,False,False,1.557753244718906e-06,COMPLETE
1685,0.427126407623291,2025-04-01 19:05:06.378662,2025-04-01 19:05:17.052559,0 days 00:00:10.673897,0.8620674862155728,0.9664982651121619,8,0.28834488480938747,0.08180615208022368,0.054656992987615595,0.06199316992403273,0.058104222455564784,0.012229004345268003,0.0009308321680105839,28,130,0.08755887381848299,0.017923213665945154,False,False,False,3.0735478217713756e-06,COMPLETE
1686,0.4302659630775452,2025-04-01 19:05:17.602617,2025-04-01 19:05:28.256803,0 days 00:00:10.654186,0.9813082949472536,0.7892037738177831,8,0.29997085505894117,0.08967517005430084,0.07373320816322249,0.026327698972750082,0.06832022118328343,0.021778465835828844,0.0013075693639925687,28,125,0.08495505697387011,0.03187718083794926,False,False,False,4.697823441902045e-07,COMPLETE
1687,0.4187718629837036,2025-04-01 19:05:28.829858,2025-04-01 19:05:39.798115,0 days 00:00:10.968257,0.8846994707988944,0.67519824827245,8,0.2634982598180016,0.10311724351086993,0.09530094519836604,0.018683094403141132,0.0172996184162134,0.009800993518040115,0.0007446118548896554,30,123,0.09474069485657535,0.021953839024726265,False,False,False,3.433213249016004e-08,COMPLETE
1688,0.44000588655471806,2025-04-01 19:05:40.354625,2025-04-01 19:05:51.092208,0 days 00:00:10.737583,0.9158510791426467,0.7661499125244545,8,0.2839084026584099,0.06704850181735843,0.02271753855574387,0.015295053767669202,0.013444502439694396,0.026312534033092843,0.0010759799850290199,29,118,0.08987689327541216,0.01324996355320633,False,False,False,8.815998036149888e-07,COMPLETE
1689,0.42676025629043585,2025-04-01 19:05:51.644480,2025-04-01 19:06:02.627450,0 days 00:00:10.982970,0.9135484356975495,0.814406564988516,8,0.28348748382293887,0.05811167782873475,0.06663461422960493,0.014073077807820149,0.0161877204357601,0.02615851897589482,0.0015667445098647714,30,113,0.09358480011097968,0.004787690749708005,False,False,False,7.305033793068612e-07,COMPLETE
1690,0.41450636386871337,2025-04-01 19:06:03.195846,2025-04-01 19:06:14.111853,0 days 00:00:10.916007,0.90446336398622,0.7842952825151359,8,0.28432413844491916,0.0637890715012291,0.04139104942627693,0.014535106496329943,0.012530497553536399,0.02702947505335472,0.005022990260242777,30,115,0.09218129473915325,0.0011682440861702633,False,False,False,7.108993697740628e-07,COMPLETE
1691,0.3091830909252167,2025-04-01 19:06:14.665046,2025-04-01 19:06:24.458811,0 days 00:00:09.793765,0.09824583318103541,0.8042247206193492,8,0.289013338907615,0.06110391902189649,0.023447694237778215,0.014871584204766914,0.01326563038755291,0.031025630804668063,0.0013827512137415893,29,113,0.09437148335799378,0.012835039667933848,False,False,True,8.541431327326461e-07,COMPLETE
1692,0.4258128046989441,2025-04-01 19:06:25.033766,2025-04-01 19:06:35.767246,0 days 00:00:10.733480,0.9177346503838868,0.775461748223294,8,0.2807814941749041,0.05453362878726416,0.07703075499631126,0.013086814566117932,0.013650209654601982,0.028296966487718504,0.0012172008445605132,29,111,0.09121486430331739,0.009802308297658886,False,False,False,6.796618119489298e-07,COMPLETE
1693,0.4093171119689941,2025-04-01 19:06:36.321117,2025-04-01 19:06:47.322477,0 days 00:00:11.001360,0.9012437139930155,0.788499356077726,8,0.2765927014046287,0.0649151792943608,0.022219604464488993,0.016980336959416895,0.013685769588678807,0.024908764057392153,0.0017601043822372355,30,116,0.09661698787583013,0.010725473417902556,False,False,False,8.762044961982379e-07,COMPLETE
1694,0.38402721881866453,2025-04-01 19:06:47.897108,2025-04-01 19:06:59.634102,0 days 00:00:11.736994,0.9275328481284867,0.8288390503888765,8,0.28538191347941094,0.06674142258390742,0.025056842480819606,0.015656227677408832,0.011719677408783552,0.02436383208973713,0.0011559868897208175,29,117,0.09259664667745199,0.008796554341607973,True,False,False,6.021097245765724e-07,COMPLETE
1695,0.398940908908844,2025-04-01 19:07:00.188040,2025-04-01 19:07:09.056336,0 days 00:00:08.868296,0.8837592493795158,0.8080824978769319,16,0.29318673674572854,0.05786654495657034,0.013100218864143705,0.012936554576895925,0.014268369460361576,0.02915162397632111,0.0014917538866219113,30,111,0.09029008485449996,0.18498943473641674,False,False,False,8.948222548489661e-07,COMPLETE
1696,0.4269334793090821,2025-04-01 19:07:09.632268,2025-04-01 19:07:20.408571,0 days 00:00:10.776303,0.9129642566896532,0.7605715733928254,8,0.12214498484364962,0.06634529744583956,0.019845187533549673,0.011459685992199455,0.012316420920789151,0.028517043694757514,0.0010798863228141766,29,117,0.08992558056572789,0.04158141679863088,False,False,False,5.751535279897959e-07,COMPLETE
1697,0.42199229001998906,2025-04-01 19:07:20.961931,2025-04-01 19:07:31.735138,0 days 00:00:10.773207,0.8938789543458163,0.8438144819610026,8,0.2804756478743492,0.053330237789532914,0.04274890178702149,0.016514834369211376,0.016648065208939824,0.02733400690427091,0.002280151918043833,29,114,0.09367476851622329,0.016469041311103133,False,False,False,9.753910143365656e-07,COMPLETE
1698,0.34979317784309394,2025-04-01 19:07:32.310744,2025-04-01 19:07:39.117260,0 days 00:00:06.806516,0.9252552379079758,0.7795106927974698,8,0.2901435633564932,0.06904999433709882,0.021360653520331035,0.015682285977471302,0.007628965137311654,0.02592978336897462,0.0013527426394509207,10,108,0.09216585649696331,0.04968351017767902,False,True,False,4.873343544794325e-07,COMPLETE
1699,0.43055158853530884,2025-04-01 19:07:39.675811,2025-04-01 19:07:50.719804,0 days 00:00:11.043993,0.8744154412684667,0.608971797029279,8,0.28700416123922035,0.06063834490606031,0.04339175058048205,0.011581423894259445,0.012602737197328967,0.025216397000792288,0.0010178552835776766,30,119,0.08939057967899078,0.03615896152977384,False,False,False,7.808722994724138e-07,COMPLETE
1700,0.4182841181755066,2025-04-01 19:07:51.275861,2025-04-01 19:08:02.145327,0 days 00:00:10.869466,0.9002161076747222,0.8009752778082234,8,0.2943008744144444,0.05004592075693313,0.0020397785421625986,0.01395801912561386,0.009582350909185487,0.02336043695845318,0.0017672386716741004,29,116,0.09511938548612803,0.026867121672404775,False,False,False,9.691965432102912e-07,COMPLETE
1701,0.43701730966568,2025-04-01 19:08:02.721377,2025-04-01 19:08:13.720901,0 days 00:00:10.999524,0.8529537183309093,0.8776183360669763,8,0.2768434529137159,0.06266845446606902,0.017408196989263477,0.010231172745045428,0.015555545991706398,0.026630847291759862,0.0011796557883303111,30,119,0.0905028750608554,0.01480989349022323,False,False,False,6.690084577904183e-07,COMPLETE
1702,0.4257490396499634,2025-04-01 19:08:14.296306,2025-04-01 19:08:25.083137,0 days 00:00:10.786831,0.8805764394540675,0.7566566931288625,8,0.28337944410085186,0.06986023272333002,0.02109835214865728,0.015373910362645037,0.018821558661332446,0.03026665637616865,0.0009318276197335633,29,113,0.08888105134698353,0.0050769912216913,False,False,False,1.0410419955449355e-06,COMPLETE
1703,0.4027091383934021,2025-04-01 19:08:25.663881,2025-04-01 19:08:36.557559,0 days 00:00:10.893678,0.9182130426973396,0.7690276596156621,8,0.29464723232944695,0.04564578948907684,0.08830284687938918,0.012523467877462979,0.014157072217704894,0.03183372596295378,0.0014538996896765195,30,101,0.09205284765281413,0.021680062467606964,False,False,False,4.908964948534171e-07,COMPLETE
1704,0.4476396203041077,2025-04-01 19:08:37.114589,2025-04-01 19:08:47.885535,0 days 00:00:10.770946,0.8902510209385455,0.8239699388476867,8,0.27601630906224073,0.07016974241669033,0.024266928023889616,0.0166307618504037,0.014555389212214383,0.023457388716047013,0.0011195664239685352,29,119,0.08863361087512169,0.057791482763332375,False,False,False,8.241724865337616e-07,COMPLETE
1705,0.42845164537429814,2025-04-01 19:08:48.465696,2025-04-01 19:08:59.256648,0 days 00:00:10.790952,0.8752298729641917,0.8390809504516875,8,0.2794220284780423,0.06131816498771342,0.02697251293321568,0.017306901624432207,0.012138474981195378,0.02430942786226308,0.0015934301585127358,29,118,0.08768386993602986,0.05506923386547061,False,False,False,6.064351927013669e-07,COMPLETE
1706,0.4448473691940308,2025-04-01 19:08:59.818312,2025-04-01 19:09:10.829768,0 days 00:00:11.011456,0.8907504015031857,0.8205436406681844,8,0.27734775563993685,0.06578726326293394,0.022681102750330986,0.01578843796653483,0.010873462435741933,0.022912934197940958,0.001291915499073635,30,120,0.08867445270021948,0.0601517787856595,False,False,False,7.77759008911037e-07,COMPLETE
1707,0.40176833868026735,2025-04-01 19:09:11.383690,2025-04-01 19:09:22.147196,0 days 00:00:10.763506,0.8968733857034326,0.8185941081727073,8,0.27424963573053546,0.06799756660289646,0.023231437332541825,0.017783668712589257,0.015063861757244279,0.023117394972752232,0.001575405470621641,30,62,0.0866752278522875,0.05616403624537606,False,False,False,5.377961182188944e-07,COMPLETE
1708,0.3972884178161621,2025-04-01 19:09:22.727880,2025-04-01 19:09:47.867564,0 days 00:00:25.139684,0.8998274281814214,0.8472513044317369,2,0.2774036877395038,0.06803188489371118,0.01910421285666734,0.01604271766611911,0.015829348479653213,0.025497060175240924,0.0020613089001806943,30,110,0.08788609673196832,0.069233650411689,False,False,False,6.504061544290879e-07,COMPLETE
1709,0.41339082717895514,2025-04-01 19:09:48.425581,2025-04-01 19:09:59.393389,0 days 00:00:10.967808,0.8911443609126178,0.8219729734918566,8,0.27415930959957185,0.0716170953591533,0.023873827138465923,0.01621338597747175,0.012926446246905275,0.023894609182720416,0.0018739246212611579,30,115,0.08533906006390862,0.06370508450631601,False,False,False,5.209323228800302e-07,COMPLETE
1710,0.4208157062530518,2025-04-01 19:09:59.977032,2025-04-01 19:10:10.952568,0 days 00:00:10.975536,0.8996327937146352,0.8164209271549016,8,0.2795875240295425,0.06541006245664825,0.0206189294799222,0.01748435469972464,0.011795121128761,0.0260681157249391,0.0018204299194977025,30,119,0.08217162590740305,0.05936066435173419,False,False,False,3.9871012964472997e-07,COMPLETE
1711,0.29797173142433164,2025-04-01 19:10:11.518789,2025-04-01 19:10:21.519544,0 days 00:00:10.000755,0.9134818210863637,0.8437612684337595,8,0.27460613619052887,0.06973029329326542,0.02464011848516972,0.014540524668342747,0.015967647072763127,0.02280953346703304,0.0015690983554827388,30,121,0.08674534570957622,0.06845558831014101,False,False,True,6.605007003033181e-07,COMPLETE
1712,0.393077301979065,2025-04-01 19:10:22.099888,2025-04-01 19:10:33.097401,0 days 00:00:10.997513,0.8859921309506162,0.8500674548670923,8,0.28114445055540843,0.06323019097178273,0.02218067360619938,0.017324250207030455,0.011451970339249709,0.025989707494157147,0.0024897765871366283,30,116,0.08874025743482676,0.06136579264037742,False,False,False,6.970672514015771e-07,COMPLETE
1713,0.4052809000015259,2025-04-01 19:10:33.655514,2025-04-01 19:10:44.584585,0 days 00:00:10.929071,0.9104924682856633,0.8236436223146549,8,0.27257836176440964,0.07099502434694863,0.025455678275090925,0.01422425021113534,0.01379118936825048,0.02357675902372659,0.0013627381821865764,30,112,0.0657084156654293,0.053227674684918264,False,False,False,4.648898585722207e-07,COMPLETE
1714,0.3920082807540894,2025-04-01 19:10:45.168894,2025-04-01 19:10:56.925153,0 days 00:00:11.756259,0.8829546314835045,0.8229245587987687,8,0.28413565436164745,0.065515798818354,0.017629508068170013,0.017859515708707727,0.0183280828487715,0.02512221088211202,0.001276653482175982,30,105,0.08061838849863737,0.05367312539390921,True,False,False,7.13683467800942e-07,COMPLETE
1715,0.4352026224136353,2025-04-01 19:10:57.486105,2025-04-01 19:11:08.448891,0 days 00:00:10.962786,0.9063549696664656,0.8278774148911034,8,0.2767170387515755,0.07078622546910758,0.01755862448087943,0.015627655151732967,0.01091935192108534,0.02438446512315408,0.001422490846166211,30,121,0.08353770667146343,0.056905588396959875,False,False,False,5.922824624252386e-07,COMPLETE
1716,0.4354367375373841,2025-04-01 19:11:09.028992,2025-04-01 19:11:19.958825,0 days 00:00:10.929833,0.8744545296690837,0.8062225014076867,8,0.2868550534559005,0.06263582233303848,0.022946161734411146,0.013165627229658592,0.00658655948108246,0.02685898238382731,0.001601694758166987,30,118,0.08853704848747768,0.056238805890264726,False,False,False,7.38786228878893e-07,COMPLETE
1717,0.41983706951141364,2025-04-01 19:11:20.519367,2025-04-01 19:11:31.503401,0 days 00:00:10.984034,0.8908655085695976,0.839088616253884,8,0.2811350535127747,0.07276360356340172,0.021420729432791098,0.01859824170505068,0.01073158451228132,0.022157661324508447,0.0012923817597942323,30,115,0.08564385603064421,0.045291935571644286,False,False,False,4.786580162034944e-07,COMPLETE
1718,0.33665691614151005,2025-04-01 19:11:32.057594,2025-04-01 19:11:39.968464,0 days 00:00:07.910870,0.9199502138706749,0.8106161671277758,16,0.2872793779003514,0.06459445602760466,0.019019667422911946,0.014632388947918214,0.017029386867191753,0.028675079613267554,0.0017023406405088579,30,53,0.0902692338586997,0.06473082172346178,False,True,False,7.907797841984145e-07,COMPLETE
1719,0.4125131726264954,2025-04-01 19:11:40.546731,2025-04-01 19:11:51.559004,0 days 00:00:11.012273,0.8704299745075539,0.8060146502424707,8,0.27248328192131943,0.07283173156575326,0.01606001983026443,0.016579857178893972,0.009915023261117015,0.022965575867175247,0.0011707294158771237,30,121,0.07896628409549811,0.0594323047850699,False,False,False,5.296743008189336e-07,COMPLETE
1720,0.4037054538726807,2025-04-01 19:11:52.121368,2025-04-01 19:12:03.097742,0 days 00:00:10.976374,0.9022091970869396,0.8302160051687069,8,0.2770816477757404,0.06652123028424438,0.028678318635415062,0.01280843576846243,0.011691083373528782,0.02783988831474175,0.0019801350554475576,30,118,0.08717482048318893,0.07855769405082226,False,False,False,8.274281288614919e-07,COMPLETE
1721,0.40771390199661256,2025-04-01 19:12:03.678566,2025-04-01 19:12:14.687640,0 days 00:00:11.009074,0.884627635898661,0.8388689168244617,8,0.2908447900685999,0.058720580876717235,0.020095033089777153,0.01925613286973213,0.010203389205142707,0.025391034433304187,0.0013380820490930536,30,108,0.07639552474433085,0.0554949705463381,False,False,False,6.0444102207982e-07,COMPLETE
1722,0.43106482028961185,2025-04-01 19:12:15.244851,2025-04-01 19:12:26.134911,0 days 00:00:10.890060,0.9102114474468742,0.8555819893916041,8,0.14783201504679105,0.07249458813545684,0.02375197697519628,0.010548209603310871,0.013522973886323989,0.024353739453461906,0.0011968269733121605,29,123,0.0827780405300722,0.06739905282249901,False,False,False,8.690131882596095e-07,COMPLETE
1723,0.42247607707977297,2025-04-01 19:12:26.723754,2025-04-01 19:12:37.668246,0 days 00:00:10.944492,0.8641794558742873,0.8230932207266145,8,0.2838893144770982,0.05996873892466876,0.023746475974429738,0.016279348099385763,0.014132527896270588,0.027275427251322,0.0014657624431835227,30,113,0.08535017206682977,0.08257409654869044,False,False,False,3.718909454187442e-07,COMPLETE
1724,0.43235195875167853,2025-04-01 19:12:38.231448,2025-04-01 19:12:48.997653,0 days 00:00:10.766205,0.8931268450264179,0.8129236146073052,8,0.29531524712684,0.06708974173460681,0.02254452817001916,0.014088149752268292,0.008761142856919719,0.021690948587307336,0.0012326908485620154,29,120,0.08833516210879888,0.0727564730830008,False,False,False,7.445786164143672e-07,COMPLETE
1725,0.4248220920562744,2025-04-01 19:12:49.585656,2025-04-01 19:13:00.518753,0 days 00:00:10.933097,0.9142153448713355,0.8352935496468878,8,0.27161611413585185,0.07449851705847221,0.027347193172885927,0.01832592117275066,0.014654638070968937,0.022269468877670097,0.0021342408561828862,30,116,0.0907161125925593,0.05906087173406238,False,False,False,8.055240023083244e-07,COMPLETE
1726,0.41791319847106934,2025-04-01 19:13:01.085343,2025-04-01 19:13:12.053845,0 days 00:00:10.968502,0.9254287999048341,0.8038738599983002,8,0.2809304057339281,0.061424023245516164,0.026022233859319146,0.011996845206788313,0.016722133061825843,0.024659586002267433,0.0010884458429397657,29,135,0.08516294944376193,0.04979005736267287,False,False,False,4.74722372564377e-07,COMPLETE
1727,0.40285663604736327,2025-04-01 19:13:12.645155,2025-04-01 19:13:23.666019,0 days 00:00:11.020864,0.8771403283713098,0.8565070114089792,8,0.28850624922105544,0.0679131115452217,0.025543086469728256,0.015271357170533528,0.014412999770679398,0.027452569272197646,0.0014850050311875395,30,123,0.06076930666519531,0.07414060042416935,False,False,False,6.150929761831048e-07,COMPLETE
1728,0.40203204154968264,2025-04-01 19:13:24.229886,2025-04-01 19:13:35.034248,0 days 00:00:10.804362,0.8902237467102856,0.8641501427079893,8,0.2778642158723497,0.07504566980307802,0.0207169337593892,0.008887468183956202,0.008007828076824753,0.023579236443337433,0.001195662018645069,29,119,0.08099369768857467,0.049939317178951115,False,False,False,3.2478481313468323e-07,COMPLETE
1729,0.42397502660751346,2025-04-01 19:13:35.602458,2025-04-01 19:13:46.422292,0 days 00:00:10.819834,0.8590872929640658,0.8375948563839779,8,0.28559948471656454,0.05786900720372921,0.024358809938017104,0.01750467077669353,0.012041993412733536,0.02618135173926213,0.0010585483828470651,29,111,0.08853508107661988,0.06234745218902436,False,False,False,8.734404045971074e-07,COMPLETE
1730,0.29764377474784853,2025-04-01 19:13:47.005382,2025-04-01 19:14:09.082506,0 days 00:00:22.077124,0.92303714749637,0.8212248841161106,2,0.27326717932208794,0.06456830203759185,0.01592797935484782,0.01406305374081786,0.015214443062153936,0.022361609504148748,0.0013846157258977036,30,121,0.08324215155476386,0.05991340936220804,False,False,True,6.253505227230384e-07,COMPLETE
1731,0.4298470258712769,2025-04-01 19:14:09.645411,2025-04-01 19:14:20.448047,0 days 00:00:10.802636,0.9038540049176426,0.8580142690077668,8,0.29018507981268554,0.07468914082465333,0.024935192113712295,0.019088978818637057,0.010897385595052525,0.02817859777311347,0.0010282590546907763,29,116,0.08675206839680688,0.05247990015740564,False,False,False,4.491884230540526e-07,COMPLETE
1732,0.419778048992157,2025-04-01 19:14:21.030797,2025-04-01 19:14:31.907824,0 days 00:00:10.877027,0.8712777267406495,0.7954216866580684,8,0.2942907921908025,0.05672942386252182,0.020329063739309528,0.010004525787295385,0.020080801587595315,0.021348975284429632,0.0015497314405003109,29,125,0.09026405920751536,0.0522847346203717,False,False,False,7.385832155864381e-07,COMPLETE
1733,0.4046149849891663,2025-04-01 19:14:32.472681,2025-04-01 19:14:41.293146,0 days 00:00:08.820465,0.8943883901041914,0.8280021439970817,8,0.2836527096417054,0.06942159813920049,0.01873767726408443,0.012880319753043608,0.012818301684547041,0.024330120785198688,0.0018575597066268277,15,118,0.09232767362015967,0.06178120821104381,True,False,False,9.429235088720696e-07,COMPLETE
1734,0.4137064218521118,2025-04-01 19:14:41.877979,2025-04-01 19:14:52.805184,0 days 00:00:10.927205,0.9277390255717234,0.8590886116371319,8,0.27108043062260023,0.15569764704276234,0.025505377765996783,0.004514199958157491,0.009746604161378547,0.03001173587796781,0.0012569482323440153,30,114,0.08435572157745932,0.06186540049372959,False,False,False,5.690133277221385e-07,COMPLETE
1735,0.42155003547668457,2025-04-01 19:14:53.370039,2025-04-01 19:15:04.311535,0 days 00:00:10.941496,0.8591471423350079,0.8009589023780312,8,0.27945341351078806,0.06243249097238386,0.02676791751881448,0.016104426500652323,0.01012687332724579,0.026517410048461348,0.0011122918967416706,29,131,0.08906491560903915,0.05041520121719033,False,False,False,8.385596312473166e-07,COMPLETE
