number,value,datetime_start,datetime_complete,duration,params_alpha-eval,params_alpha-train,params_batch-size,params_eps-eval,params_eps-train,params_lambda-actions-eval,params_lambda-actions-train,params_lambda-frames-eval,params_lambda-frames-train,params_learning-rate,params_n-epochs,params_n-frames,params_radius-gw,params_rho,params_std-feats,params_ub-actions,params_ub-frames,params_weight-decay,state
227,0.3882684826850892,2025-04-22 01:53:48.448379,2025-04-22 01:54:03.087740,0 days 00:00:14.639361,0.9130450972836903,0.956619676993887,2,0.23444519857125945,0.11341010972650233,0.04444098644069967,0.024221506241101823,0.088340143274789,0.015824180376087925,0.002160686791304321,13,38,0.08009825389140776,0.23277908912764128,False,False,False,5.11597028535465e-08,COMPLETE
228,0.40919663906097414,2025-04-22 01:54:03.160848,2025-04-22 01:54:16.763306,0 days 00:00:13.602458,0.43674729877041363,0.9385816870025174,2,0.2815562191673145,0.10619241388874344,0.04581851877400912,0.027275075707375623,0.08256840158576367,0.021883291102398103,0.002943677438982104,11,139,0.07623993336703888,0.26418790052386915,False,False,False,6.237295457004623e-08,COMPLETE
229,0.45469701290130615,2025-04-22 01:54:16.838968,2025-04-22 01:54:31.129012,0 days 00:00:14.290044,0.9600275029309981,0.9638368649355181,2,0.2746478002469052,0.11427450663294338,0.04190758124960682,0.030330954658955724,0.08661012938782092,0.01959370673205519,0.0014429957787961765,12,143,0.0743019412164449,0.24797854684090082,False,False,False,9.918246207154524e-08,COMPLETE
230,0.38298310041427613,2025-04-22 01:54:31.202196,2025-04-22 01:54:44.230247,0 days 00:00:13.028051,0.38128457715061354,0.9625033778358317,2,0.2741072413445352,0.12220584227508531,0.04164511966784008,0.032900479669311915,0.09043445723243944,0.017395670362591976,0.00150786713619302,10,134,0.01617460606221345,0.24912424909110187,False,False,False,7.802874642120392e-08,COMPLETE
231,0.4251477122306824,2025-04-22 01:54:44.303285,2025-04-22 01:54:58.508991,0 days 00:00:14.205706,0.2553998032108447,0.9826433381460241,2,0.2832330188957972,0.11375723944404709,0.04387905626687286,0.029979784706392364,0.08566237545164838,0.019104222537665617,0.0018340412631554365,12,143,0.07337783386976589,0.23869971196600623,False,False,False,9.668505208913989e-08,COMPLETE
232,0.451150381565094,2025-04-22 01:54:58.582261,2025-04-22 01:55:12.870587,0 days 00:00:14.288326,0.9691654665048689,0.9656489887715468,2,0.2764564584220605,0.10915622257598065,0.04593092737104169,0.031632605037853534,0.08322741718895268,0.024451726547829775,0.002599675853726526,12,140,0.07513656327268803,0.2568464910136199,False,False,False,1.2110310213548427e-07,COMPLETE
233,0.4574020385742188,2025-04-22 01:55:12.955928,2025-04-22 01:55:27.152508,0 days 00:00:14.196580,0.9581783876939924,0.6611644834100742,2,0.2741144814634804,0.111519806978948,0.041693390218337276,0.026468836779373804,0.08346136450287694,0.024174350833440786,0.001506754550990923,12,139,0.0741249811472851,0.25600891084387556,False,False,False,9.592254353735132e-08,COMPLETE
234,0.39294271469116215,2025-04-22 01:55:27.228096,2025-04-22 01:55:41.426615,0 days 00:00:14.198519,0.9592656735414751,0.4706793487149378,2,0.27574548836264595,0.12032843643688695,0.04210408399475265,0.03206303935246455,0.08390559557793527,0.024276093157651526,0.0022554790597132186,12,136,0.07495257886710695,0.25890576496753753,False,False,False,1.3400801873598e-07,COMPLETE
235,0.42247602939605716,2025-04-22 01:55:41.502579,2025-04-22 01:55:56.401657,0 days 00:00:14.899078,0.9566468187143604,0.6598194254202321,2,0.2785681968460181,0.11505178550769724,0.04403408764554452,0.023477954896907925,0.08668346992580203,0.02435064413142475,0.0029089408924963724,13,139,0.077133100778314,0.24459683813723976,False,False,False,9.602953427651108e-08,COMPLETE
236,0.37258536815643317,2025-04-22 01:55:56.477053,2025-04-22 01:56:10.719074,0 days 00:00:14.242021,0.9191859667943626,0.5867248562723235,2,0.27105858267247485,0.10593764857032727,0.03952523409310674,0.028453283117827625,0.08378925864611543,0.02071435134751818,0.0015132928982170498,12,141,0.07480657641446209,0.2547718063905905,False,False,False,1.1491807907596825e-07,COMPLETE
237,0.3897283792495728,2025-04-22 01:56:10.795468,2025-04-22 01:56:19.796896,0 days 00:00:09.001428,0.38104896074056654,0.9370285820257833,16,0.25498951288055377,0.1058666639652669,0.0414168016916792,0.02010069039604558,0.0883568334457162,0.022521528884379555,0.002461113268232236,27,137,0.04896887989138971,0.26667589644619355,False,False,False,7.270966193455805e-08,COMPLETE
238,0.41731675863265993,2025-04-22 01:56:19.874132,2025-04-22 01:56:34.060267,0 days 00:00:14.186135,0.9658119803587627,0.9613327464650578,2,0.28317227644858173,0.11587080223997902,0.04530853111350098,0.030588872069113225,0.08635127762426668,0.04263288845388245,0.0017263517740783733,12,142,0.07621066876781987,0.27427005522607156,False,False,False,6.088613696789795e-08,COMPLETE
239,0.4323797464370728,2025-04-22 01:56:34.148883,2025-04-22 01:56:53.491432,0 days 00:00:19.342549,0.8981110870428484,0.9414792877019932,2,0.2765762387191815,0.11074137671949534,0.04993465087751702,0.028245961886299943,0.08221660171427501,0.0190694478288592,0.0013380191580926965,20,139,0.07425646480862315,0.22257338342580554,False,False,False,8.597017440799152e-08,COMPLETE
240,0.3815190434455872,2025-04-22 01:56:53.570239,2025-04-22 01:57:07.110009,0 days 00:00:13.539770,0.9469658564811055,0.9570467554690998,2,0.26996396182505433,0.12411063467075353,0.04340415507529338,0.023047778436792565,0.0835192441204986,0.02474625651343695,0.0019774082611780514,11,5,0.07775959760439527,0.24660687029825598,False,False,False,5.3068327861493504e-08,COMPLETE
241,0.3727049112319947,2025-04-22 01:57:07.191380,2025-04-22 01:57:20.831915,0 days 00:00:13.640535,0.9700476413650208,0.5441225155995583,2,0.285900020665599,0.11175052916572985,0.08495690902805088,0.025624375324490252,0.08186221300267232,0.023094475458686387,0.0012789653247536688,11,144,0.0731394096358946,0.2390530328949574,False,False,False,4.488675106830178e-08,COMPLETE
242,0.44774217605590827,2025-04-22 01:57:20.909302,2025-04-22 01:57:34.600360,0 days 00:00:13.691058,0.3547339814121699,0.7149890476442423,2,0.2904179362658132,0.10564939310552836,0.04750427775521657,0.02571103894358927,0.08651066979863307,0.025730658815613372,0.0015348155447349248,11,143,0.07331828990615144,0.2529408846661788,False,False,False,7.346229807096279e-08,COMPLETE
243,0.44269264936447145,2025-04-22 01:57:34.678426,2025-04-22 01:57:49.502262,0 days 00:00:14.823836,0.31219519369336635,0.6163260925162355,2,0.2798115447983288,0.09635771565361183,0.04596762807414621,0.027229728344806782,0.08539256511365496,0.025154565728352094,0.0015346766122084805,13,141,0.07560784650565698,0.2535637782378193,False,False,False,1.238480897903958e-07,COMPLETE
244,0.4532749056816101,2025-04-22 01:57:49.583018,2025-04-22 01:58:04.502496,0 days 00:00:14.919478,0.3544538818124012,0.664077778197277,2,0.2811725683051976,0.09179524986425312,0.04647536378117724,0.02955162224999833,0.08507475628011799,0.025339366465106466,0.0015081224201590085,13,143,0.07410964109979386,0.2612451025744879,False,False,False,1.5199655566739982e-07,COMPLETE
245,0.44241234064102175,2025-04-22 01:58:04.591027,2025-04-22 01:58:19.494635,0 days 00:00:14.903608,0.3204873933100443,0.6775696963753913,2,0.2881561360388361,0.09442845456919391,0.04808713371756989,0.026660374929151274,0.08518147324572674,0.025292880464716547,0.0015210484019457344,13,143,0.0738610910082886,0.25947072297760493,False,False,False,1.5414231167526639e-07,COMPLETE
246,0.4430688738822937,2025-04-22 01:58:19.572642,2025-04-22 01:58:34.459811,0 days 00:00:14.887169,0.35061435550981623,0.653281438095046,2,0.29082923376027897,0.09032889259459993,0.04864383759071784,0.02654815453118055,0.08955536126828782,0.025276702613694024,0.0015375370256135125,13,144,0.07510872859414953,0.2721237226561896,False,False,False,1.2195611166307935e-07,COMPLETE
247,0.45006771087646485,2025-04-22 01:58:34.538349,2025-04-22 01:58:49.358071,0 days 00:00:14.819722,0.34170519289190504,0.6590370852978972,2,0.29284579405594935,0.08674878688656235,0.048562577622857664,0.026541470412749363,0.09036824877521757,0.025883241887870587,0.0014580244070854715,13,143,0.07507147344980068,0.2750119015803761,False,False,False,1.5314999199396292e-07,COMPLETE
248,0.3839107632637024,2025-04-22 01:58:49.436923,2025-04-22 01:59:05.126934,0 days 00:00:15.690011,0.3297409762284526,0.664771485858962,2,0.2932652980276685,0.09238920045886384,0.04828104622623096,0.0268778591276125,0.09149071044255598,0.025528053756113483,0.001500866680090835,13,143,0.07073802669655516,0.27520871217250975,True,False,False,1.9523392586546516e-07,COMPLETE
249,0.4407860398292542,2025-04-22 01:59:05.206697,2025-04-22 01:59:20.129468,0 days 00:00:14.922771,0.3375555117789747,0.7191711544643731,2,0.2924291892805353,0.08379262997723637,0.0464894330525162,0.025079240308218245,0.08913760728129523,0.024775296192697575,0.0015749144772378482,13,142,0.07613545823099141,0.28861724910934616,False,False,False,1.4581430081672933e-07,COMPLETE
250,0.3877135276794434,2025-04-22 01:59:20.208752,2025-04-22 01:59:35.842763,0 days 00:00:15.634011,0.29406277898930383,0.6568010336687682,2,0.29973573643208823,0.082670140270059,0.04660162306728894,0.0250646465190317,0.08959867236037344,0.02652039469676111,0.0015887602467823908,14,143,0.07573650918213233,0.2946315265464852,False,False,False,1.6040979866467422e-07,COMPLETE
251,0.3921684503555298,2025-04-22 01:59:35.932379,2025-04-22 01:59:50.642376,0 days 00:00:14.709997,0.3488617579419883,0.6235760761864768,2,0.29283492836882347,0.07425057982710587,0.04861464908078619,0.029920829245040775,0.09373610814076345,0.025188488100586232,0.001397318963595621,13,91,0.07607814895891059,0.286313674571924,False,False,False,1.497568942696003e-07,COMPLETE
252,0.445677649974823,2025-04-22 01:59:50.725073,2025-04-22 02:00:05.634259,0 days 00:00:14.909186,0.3252860597207418,0.7312999059731711,2,0.28823718287062516,0.08612620242381047,0.04665981056872735,0.026633383322581847,0.08949693303315771,0.027954681263130714,0.0017833476308057178,13,141,0.0722308062625522,0.2639821567537437,False,False,False,1.3333328297226837e-07,COMPLETE
253,0.4462900519371033,2025-04-22 02:00:05.716436,2025-04-22 02:00:20.639892,0 days 00:00:14.923456,0.32151353680071804,0.7075469888088011,2,0.28892936488855586,0.087995579443286,0.046507252935671414,0.02603334456646885,0.0894652374228259,0.025005191122768968,0.0016268749322212945,13,144,0.07167629592705865,0.26289971863727385,False,False,False,2.2458183044945907e-07,COMPLETE
254,0.37014002799987794,2025-04-22 02:00:20.720503,2025-04-22 02:00:35.500846,0 days 00:00:14.780343,0.3526371401889119,0.7305778727670036,2,0.2899159927163045,0.0830929091879641,0.04644670836991757,0.026442655715271993,0.09292615605368333,0.024622762531527256,0.0015572374199828208,13,140,0.07079919238807722,0.2619530882607712,False,False,False,2.2876824322841896e-07,COMPLETE
255,0.31488306522369386,2025-04-22 02:00:35.582284,2025-04-22 02:00:49.120084,0 days 00:00:13.537800,0.3234766094388108,0.7323511301333695,2,0.2867206574559592,0.08498708262083957,0.04657737913138422,0.02395497566566932,0.08916784045280622,0.027675557697953025,0.002519682992743583,13,144,0.07171719219462094,0.26909414145390764,False,True,True,1.258023919646711e-07,COMPLETE
256,0.366742467880249,2025-04-22 02:00:49.201389,2025-04-22 02:01:04.799949,0 days 00:00:15.598560,0.30327146219565204,0.7085110529764688,2,0.2997965299806586,0.06941618095722651,0.0502085998832669,0.027546126684568087,0.09145644586933885,0.024218185494382934,0.0017106256286153958,14,141,0.07269484190151847,0.27207235798696544,False,False,False,1.8411734716346785e-07,COMPLETE
257,0.38002923727035526,2025-04-22 02:01:04.893066,2025-04-22 02:01:19.700937,0 days 00:00:14.807871,0.26692851849959126,0.7152316854203541,2,0.2932065852780383,0.08848615952294772,0.04588145446012001,0.029580464223298783,0.08945309713244533,0.028012051844739743,0.0017944562552980941,13,144,0.06861467043270005,0.2838616112900974,False,False,False,1.3766107710740263e-07,COMPLETE
258,0.4355467319488526,2025-04-22 02:01:19.781335,2025-04-22 02:01:33.921280,0 days 00:00:14.139945,0.32986033776789675,0.6914403600881149,2,0.2855292568297175,0.08866932920107896,0.048908010187856274,0.025501592827906185,0.08767806900206918,0.0251382989344566,0.0013000280310781814,12,141,0.07432522297353358,0.2561715803063397,False,False,False,1.098343959546343e-07,COMPLETE
259,0.37308384180068976,2025-04-22 02:01:34.002520,2025-04-22 02:01:48.933494,0 days 00:00:14.930974,0.31932770272926625,0.6849975288743629,2,0.29053289764491474,0.07474760425968066,0.051616122486643476,0.023451565562944456,0.09055689616437929,0.04606910883778938,0.002252630901652579,13,145,0.07180963579316448,0.280908798876649,False,False,False,1.6605501961837432e-07,COMPLETE
260,0.3710891425609589,2025-04-22 02:01:49.015188,2025-04-22 02:02:03.884116,0 days 00:00:14.868928,0.35737957415318583,0.6325393310940156,2,0.2851752477628291,0.09189324536540767,0.04769810353003995,0.030779107774308135,0.08795056910841985,0.02316411076430578,0.001451418893155049,13,140,0.07581805468309287,0.26300647482815137,False,False,False,2.911808453739645e-07,COMPLETE
261,0.43202072381973267,2025-04-22 02:02:03.965577,2025-04-22 02:02:18.269841,0 days 00:00:14.304264,0.3433419233388007,0.6750599635475389,2,0.2951201656039913,0.07872841016388162,0.04534229235330773,0.026915302270878374,0.0914608777271684,0.025772342990788732,0.0018532509993427055,12,144,0.07356699726994201,0.25642504239887526,False,False,False,1.3039547883620428e-07,COMPLETE
262,0.37760406732559204,2025-04-22 02:02:18.351229,2025-04-22 02:02:33.823991,0 days 00:00:15.472762,0.2904502723142244,0.7562634765356,2,0.2818717422080457,0.08842042217075802,0.0504928768260862,0.02073396516367571,0.04751645802471648,0.028202614019345894,0.0012885177179673584,14,135,0.06973164454421421,0.2655679240737395,False,False,False,1.9813493864815396e-07,COMPLETE
263,0.3858475923538208,2025-04-22 02:02:33.918732,2025-04-22 02:02:48.695849,0 days 00:00:14.777117,0.3632943342878623,0.6143977899431352,2,0.27207322882852014,0.08536362948084267,0.0472010342308491,0.028640022223273172,0.08877377562016349,0.052483087976092184,0.002503600714070848,13,142,0.027249567002427092,0.28956733918184574,False,False,False,1.0360265362769983e-07,COMPLETE
264,0.3884735465049744,2025-04-22 02:02:48.779702,2025-04-22 02:02:55.824530,0 days 00:00:07.044828,0.40878157721806124,0.7174215463778262,16,0.28822345682203326,0.09367485973436934,0.052250605747754954,0.032425292129147694,0.0929548767785192,0.023139576940186105,0.0016476837620056253,10,139,0.07610346795715874,0.2769116629625328,False,False,False,1.3827459277448263e-07,COMPLETE
265,0.4286424338817597,2025-04-22 02:02:55.907588,2025-04-22 02:03:10.228332,0 days 00:00:14.320744,0.3199936493145648,0.6468398163260661,2,0.28115856013990803,0.09206535204385607,0.04867775683138616,0.025937871467220305,0.08568413196503719,0.025986154972758108,0.00206769917950235,12,145,0.07125586892301712,0.2608356829220662,False,False,False,1.1143968285790171e-07,COMPLETE
266,0.37773066759109497,2025-04-22 02:03:10.312117,2025-04-22 02:03:24.450183,0 days 00:00:14.138066,0.4038469888315557,0.605527097451718,2,0.2742641005486073,0.07857621347990339,0.044645341558643234,0.022250585062282013,0.08739836003678576,0.023061110455503964,0.0034870453278599742,12,96,0.07347339634767482,0.25193701993719064,False,False,False,1.5958855414352315e-07,COMPLETE
267,0.39163194894790654,2025-04-22 02:03:24.534003,2025-04-22 02:03:39.864885,0 days 00:00:15.330882,0.34033657712958176,0.7027847180244231,2,0.29386597347339677,0.09455840991107624,0.04646247603181693,0.024629319497280016,0.08951261229317002,0.028902836695711354,0.0012280229451118035,14,75,0.07720403722794944,0.2348242469141188,False,False,False,1.0445432358905528e-07,COMPLETE
268,0.38114752769470217,2025-04-22 02:03:39.960729,2025-04-22 02:03:54.352391,0 days 00:00:14.391662,0.3802779586744141,0.6496571024240614,2,0.2612898482499739,0.08336037467207383,0.0499874031928843,0.01589403265147645,0.08617547916334177,0.0251006516287905,0.0014853262668034013,11,142,0.07485128724278138,0.24252580814901212,True,False,False,2.41442761024485e-07,COMPLETE
269,0.37471489906311034,2025-04-22 02:03:54.436969,2025-04-22 02:04:09.314208,0 days 00:00:14.877239,0.2849243996421023,0.6715285451125741,2,0.2849986267895658,0.09685388021072557,0.04514887967989629,0.028014303321991393,0.08512468241530428,0.02731951814651443,0.0018390273222932323,13,138,0.07155485725000095,0.25449189608502104,False,False,False,1.387789667543326e-07,COMPLETE
270,0.4355919599533081,2025-04-22 02:04:09.400989,2025-04-22 02:04:23.670320,0 days 00:00:14.269331,0.3068845521886603,0.7525123181767525,2,0.2694501709500818,0.10408613366365607,0.04736489585290949,0.030065191983851842,0.09529178052593523,0.02236122703261743,0.0011159515577648113,12,145,0.06918575208485261,0.26217519382142807,False,False,False,9.287754442264601e-08,COMPLETE
271,0.3680795431137085,2025-04-22 02:04:23.757220,2025-04-22 02:04:38.592737,0 days 00:00:14.835517,0.270293533061435,0.6757568211736997,2,0.27936870240328265,0.08785608447877832,0.049466523704960325,0.023784594046328097,0.08803738072115562,0.024699749579470805,0.0015717766841164933,13,134,0.06656872538772968,0.23961774530404195,False,False,False,2.5812249132322535e-06,COMPLETE
272,0.3897052526473999,2025-04-22 02:04:38.678243,2025-04-22 02:04:51.815911,0 days 00:00:13.137668,0.2352341599957226,0.6882267907246855,2,0.2922659272033767,0.06808510838540927,0.0525069549377727,0.026580316328262323,0.09007132215516496,0.030340746714917988,0.0020713096244136565,11,28,0.07722218085049556,0.27025960443407715,False,False,False,1.787123948724685e-07,COMPLETE
273,0.32142645120620733,2025-04-22 02:04:51.912509,2025-04-22 02:05:05.229141,0 days 00:00:13.316632,0.33060365252717844,0.7247130526645351,2,0.27630895430174834,0.09603759783598112,0.044668015368919296,0.020462677625463895,0.08449699567057875,0.027065343911675987,0.0013015760993992137,13,141,0.07338273915281039,0.2521636638299191,False,True,False,1.2257029275751593e-07,COMPLETE
274,0.3057761788368225,2025-04-22 02:05:05.315690,2025-04-22 02:05:18.121374,0 days 00:00:12.805684,0.30549959199293797,0.6349051340555201,2,0.28725265116233445,0.07987051403574458,0.0427038057532135,0.03184651176706692,0.020620561888502552,0.023031290453826823,0.002570012482207581,12,145,0.08065742539880769,0.22776949076410885,False,False,True,9.204145382326396e-08,COMPLETE
275,0.3744886159896851,2025-04-22 02:05:18.208039,2025-04-22 02:05:31.238283,0 days 00:00:13.030244,0.37055567321714344,0.7046506635805939,2,0.29920163989224985,0.10354703015611139,0.04794098559068287,0.02872680182747898,0.0871259388278813,0.025291861656255146,1.4637512802883931e-05,10,138,0.07503468698635261,0.24643063691993825,False,False,False,1.4902008231050634e-07,COMPLETE
276,0.4130115866661072,2025-04-22 02:05:31.323996,2025-04-22 02:05:46.922680,0 days 00:00:15.598684,0.33958188267884715,0.6624356134293492,2,0.28262936884215417,0.08963800814431902,0.05454917960045947,0.024829445328657645,0.09172076906683091,0.019426228045530302,0.0017383874189316536,14,142,0.07823767387769316,0.27790289243147914,False,False,False,2.1176929897932381e-07,COMPLETE
277,0.2887604355812073,2025-04-22 02:05:47.009378,2025-04-22 02:05:54.910754,0 days 00:00:07.901376,0.3465343531207068,0.6843996872700916,8,0.26541277434755467,0.028011040740241175,0.05110829477038224,0.02214827234721195,0.08531810929887532,0.028544023967942592,0.001158080322023617,11,145,0.07606851801943382,0.2696901334458721,False,False,False,1.1588330576437651e-07,COMPLETE
278,0.42642993927001954,2025-04-22 02:05:55.007992,2025-04-22 02:06:09.213485,0 days 00:00:14.205493,0.31344957471509255,0.7684012765734008,2,0.2732769293569795,0.099440807511893,0.04592130436376513,0.026739687116279883,0.08786100872858219,0.021777067088485164,0.0014797021750351008,12,139,0.0725533564826542,0.26068679003393946,False,False,False,7.369419484749461e-08,COMPLETE
279,0.3854108333587647,2025-04-22 02:06:09.301787,2025-04-22 02:06:24.174514,0 days 00:00:14.872727,0.47879124331506245,0.7480972105178193,2,0.2919203981286692,0.10609082129340416,0.04341677094694334,0.01182557790806529,0.09345533267324838,0.02435046380804862,0.0020907905864160164,13,147,0.04059366699036489,0.2548399257356192,False,False,False,9.737412153300084e-08,COMPLETE
280,0.37845591306686405,2025-04-22 02:06:24.261657,2025-04-22 02:06:38.588498,0 days 00:00:14.326841,0.31476645846329354,0.6507134397228045,2,0.28079324502271774,0.09530702865427997,0.048807836761339554,0.029894116487272894,0.08419499131357534,0.026726767800816405,0.0013486808421067148,12,136,0.07063286561037756,0.23225751043666132,False,False,False,1.1630789285527715e-06,COMPLETE
281,0.4296493232250214,2025-04-22 02:06:38.676723,2025-04-22 02:06:52.865573,0 days 00:00:14.188850,0.3896117556274991,0.6377532542650535,2,0.2882488839415951,0.08350360629147921,0.04580115205148688,0.024545591051085752,0.08950490095266576,0.03186897850794807,0.0017508119702083743,12,142,0.07413821352369965,0.24421289600509286,False,False,False,6.296921928194053e-08,COMPLETE
282,0.37055406570434574,2025-04-22 02:06:52.953877,2025-04-22 02:07:06.596640,0 days 00:00:13.642763,0.3600665794556054,0.40824855914611546,2,0.274858342405145,0.1066236594663259,0.051081371721196256,0.0325987456034586,0.08612365957938974,0.023267881946360414,0.0028562492215542597,11,143,0.07989803838383719,0.26497217362846864,False,False,False,1.551033721733779e-07,COMPLETE
283,0.42106869220733645,2025-04-22 02:07:06.685639,2025-04-22 02:07:22.304343,0 days 00:00:15.618704,0.3296664866437728,0.6918849448827787,2,0.2706460332692686,0.1018130951096244,0.04790456649049898,0.027394544045744762,0.03143879487619459,0.020146684627059593,0.001415278170008691,14,150,0.0770574020839924,0.20208071718153447,False,False,False,6.845267922535641e-05,COMPLETE
