number,value,datetime_start,datetime_complete,duration,params_alpha-eval,params_alpha-train,params_batch-size,params_eps-eval,params_eps-train,params_lambda-actions-eval,params_lambda-actions-train,params_lambda-frames-eval,params_lambda-frames-train,params_learning-rate,params_n-epochs,params_n-frames,params_radius-gw,params_rho,params_std-feats,params_ub-actions,params_ub-frames,params_weight-decay,state
952,0.4242528200149536,2025-04-01 16:45:54.199529,2025-04-01 16:46:04.984659,0 days 00:00:10.785130,0.9790387299899332,0.3343700070496254,8,0.29360481348595585,0.05947272521003689,0.03566175688616592,0.010343073022295916,0.05573552138578529,0.01979308622365387,0.0001912498474251137,29,112,0.08893759722292224,0.044914211372801514,False,False,False,2.881876460196667e-06,COMPLETE
953,0.397639012336731,2025-04-01 16:46:05.302055,2025-04-01 16:46:15.959302,0 days 00:00:10.657247,0.9698052431143238,0.5726222741403956,8,0.2998961150907657,0.06932443237699974,0.057197974789319705,0.01111489348860113,0.05296343358736154,0.02651559544446936,0.00011523154802120321,28,128,0.08487594975291694,0.04427998009924164,False,False,False,1.8825551163324069e-06,COMPLETE
954,0.3870930433273315,2025-04-01 16:46:16.264907,2025-04-01 16:46:27.754987,0 days 00:00:11.490080,0.983147610545853,0.6035232233014258,8,0.2958533190067783,0.07107118137496132,0.03327961076890991,0.009822353254448404,0.05742957166923765,0.024121191460203043,0.00019227107906514174,28,123,0.08097025452639368,0.03354828799930359,True,False,False,2.400290580208078e-06,COMPLETE
955,0.4375960469245911,2025-04-01 16:46:28.078485,2025-04-01 16:46:38.914420,0 days 00:00:10.835935,0.9650609073972011,0.6218073271150155,8,0.2890297195447675,0.06325225052018058,0.033445473499543577,0.007748888991512629,0.05509849260900014,0.017184410068840143,0.0011787355463077258,29,117,0.09114329371059303,0.0349550868914422,False,False,False,1.8198574001708804e-06,COMPLETE
956,0.4311177015304566,2025-04-01 16:46:39.233966,2025-04-01 16:46:49.752428,0 days 00:00:10.518462,0.9821979903040182,0.5868176687372353,8,0.29982772852848716,0.07264039913827201,0.0348821772405705,0.012158769311344582,0.058641115751790034,0.02286732437562058,0.002081327163895618,28,119,0.0881202304958852,0.04132532191235303,False,False,False,1.6692571096904706e-06,COMPLETE
957,0.41119892597198493,2025-04-01 16:46:50.072441,2025-04-01 16:47:14.506722,0 days 00:00:24.434281,0.9998366166577016,0.5633770069997345,2,0.2854729081958918,0.056325984683972444,0.05807178812011887,0.012005652152555292,0.05254021871388112,0.02080667254007081,0.00032350812333096157,29,125,0.08311852085501212,0.03510796633964517,False,False,False,2.4857693216851404e-06,COMPLETE
958,0.4310278773307801,2025-04-01 16:47:14.826147,2025-04-01 16:47:25.527633,0 days 00:00:10.701486,0.9552806918026385,0.6124881961905903,8,0.28986635569247454,0.06495507727417167,0.03457578823721465,0.013609942510222907,0.05514348388731527,0.018904655468557744,0.0002737068410760658,29,121,0.08590916734268896,0.036590333901698566,False,False,False,1.948777374125402e-08,COMPLETE
959,0.3448269605636597,2025-04-01 16:47:25.831294,2025-04-01 16:47:35.494651,0 days 00:00:09.663357,0.972469494890244,0.49843724889529695,8,0.29135877670226484,0.0730119315414977,0.03901144008466175,0.0050886854463584544,0.058026055508716465,0.02796618489274794,0.00014611403706465295,28,114,0.09001607536242973,0.03207213216846051,False,True,False,2.9394076807712134e-06,COMPLETE
960,0.43093787431716923,2025-04-01 16:47:35.812608,2025-04-01 16:47:46.541712,0 days 00:00:10.729104,0.9987283363724848,0.6432614780093385,8,0.2992098749349097,0.0758150337645923,0.054963664915753045,0.013974806685637699,0.0605990153664669,0.016256230215059363,0.00023806435431817144,29,109,0.08409515532458177,0.04950193191476404,False,False,False,6.987698573356342e-06,COMPLETE
961,0.4020360827445984,2025-04-01 16:47:46.865649,2025-04-01 16:47:57.442690,0 days 00:00:10.577041,0.9572175775160041,0.5861778553499827,8,0.28283517716918677,0.0667609302879496,0.0317565907585913,0.014585458877970338,0.05383607893005006,0.02092916104119726,0.0016203893734514855,28,129,0.0961059942213608,0.04327713792019393,False,False,False,1.5036995189166115e-06,COMPLETE
962,0.4319853067398071,2025-04-01 16:47:57.762596,2025-04-01 16:48:08.487572,0 days 00:00:10.724976,0.9993410960576551,0.6076467511424809,8,0.28270724945821996,0.07691382581486486,0.03778932101896019,0.010918282620721854,0.05636254646077013,0.029212777486792164,0.00036377530644657996,29,117,0.08756707861493802,0.03072425245676784,False,False,False,8.78450930497804e-08,COMPLETE
963,0.42012039422988895,2025-04-01 16:48:08.815241,2025-04-01 16:48:19.331347,0 days 00:00:10.516106,0.9577879399301841,0.6533253567146283,8,0.29374942363117407,0.05774387795065511,0.03269064172925243,0.012862353409865225,0.05251177504784708,0.022762532323686947,0.00032743741612564905,28,125,0.09171900197392649,0.037127346834643735,False,False,False,3.843085588654836e-06,COMPLETE
964,0.4173267245292664,2025-04-01 16:48:19.638312,2025-04-01 16:48:30.380798,0 days 00:00:10.742486,0.9611158408676725,0.6267161875249276,8,0.2991866645775811,0.05196428844152953,0.037596886334751174,0.09997319269148483,0.05648643074207176,0.032100969367910494,0.0010814836859660908,29,122,0.07971853730821694,0.02943089815615207,False,False,False,2.068978166327921e-06,COMPLETE
965,0.42910674810409544,2025-04-01 16:48:30.703588,2025-04-01 16:48:41.300524,0 days 00:00:10.596936,0.9783674426894557,0.659594279761418,8,0.2882439434863106,0.06851999460937569,0.04071985348439256,0.010183462923163397,0.05929520871983766,0.018598987479628223,0.0009476960855197164,28,132,0.08161353453201556,0.030505324826302978,False,False,False,4.5492396357742486e-06,COMPLETE
966,0.4110281348228455,2025-04-01 16:48:41.618775,2025-04-01 16:48:52.649794,0 days 00:00:11.031019,0.9999305240956065,0.5503494105954981,8,0.28133965210732453,0.07681271019899005,0.035063675398590184,0.006510740450431659,0.05162911638715843,0.015017482911693041,0.0011652399934458367,30,127,0.0889717541821255,0.053380468721879244,False,False,False,2.026991227510661e-06,COMPLETE
967,0.3996725082397461,2025-04-01 16:48:52.971629,2025-04-01 16:49:02.926379,0 days 00:00:09.954750,0.7101786156144986,0.6095906994624841,8,0.2944946750514516,0.06181626859019107,0.035468694544337105,0.014806883885145655,0.055093346767506456,0.036193976536856305,0.0007836473289677599,24,138,0.02587906486130158,0.040812175707954965,False,False,False,1.3808394377549448e-06,COMPLETE
968,0.4054803252220154,2025-04-01 16:49:03.248326,2025-04-01 16:49:12.000327,0 days 00:00:08.752001,0.9448977876407129,0.5809899952556142,16,0.28756428173643195,0.07283859149290155,0.038312352498596214,0.015470862054780633,0.06153639397888611,0.013606840933844492,0.000263891353449802,29,118,0.08543679317212323,0.02731625908317576,False,False,False,3.1447973498998352e-06,COMPLETE
969,0.2983427524566651,2025-04-01 16:49:12.306160,2025-04-01 16:49:22.082537,0 days 00:00:09.776377,0.9699782031363704,0.6386853380199713,8,0.2826071565435,0.06759766880149558,0.021874088546016086,0.012488947416877054,0.05386291532177819,0.02478143792321356,0.0013446503032225941,29,122,0.09419944357955513,0.03411243369592638,False,False,True,1.685080991251472e-06,COMPLETE
970,0.4220556616783142,2025-04-01 16:49:22.398565,2025-04-01 16:49:33.252077,0 days 00:00:10.853512,0.9561793242511509,0.6195489432531248,8,0.27766299011578394,0.07870004654359672,0.02803046324136548,0.015329071779970343,0.059051103986144715,0.018526713810369595,0.0009480369157479735,30,112,0.0867401700486143,0.02857891390592918,False,False,False,9.240939798369105e-07,COMPLETE
971,0.4036141991615296,2025-04-01 16:49:33.571608,2025-04-01 16:49:44.097056,0 days 00:00:10.525448,0.979004206574774,0.5302495755419755,8,0.2939648094106559,0.061584795284403596,0.03471977852100514,0.010067653831192212,0.05795712105311594,0.01663092874511396,0.0007079649727513008,28,120,0.01638281789072396,0.03587463151911521,False,False,False,2.6198839318034653e-06,COMPLETE
972,0.4058470487594605,2025-04-01 16:49:44.422063,2025-04-01 16:49:52.187223,0 days 00:00:07.765160,0.3469852304972606,0.6699500274500351,8,0.28868786112692646,0.07521296182558827,0.029528717693405405,0.016365625317305205,0.05139797830292654,0.02229206203294398,0.0008689352102403165,13,88,0.09089544306926764,0.045046133204181577,False,False,False,2.036987794127896e-06,COMPLETE
973,0.3925892472267151,2025-04-01 16:49:52.507568,2025-04-01 16:50:04.276668,0 days 00:00:11.769100,0.9425021806001964,0.6424928493854961,8,0.2996375521604492,0.07023482535831857,0.03319833945105184,0.008048274528809608,0.05672105617012219,0.020099270866601352,0.0010788102057000652,29,115,0.08413900809746264,0.0282887076720828,True,False,False,1.4571362098969792e-06,COMPLETE
974,0.40543427467346194,2025-04-01 16:50:04.584312,2025-04-01 16:50:15.128723,0 days 00:00:10.544411,0.8238871229549126,0.592441576578136,8,0.280397353497352,0.05024494617277907,0.010594356180669534,0.014394167478269592,0.06354700079467598,0.01708879345478098,0.001668203050744915,28,125,0.08865718475851246,0.025292256651263986,False,False,False,5.090775748233474e-08,COMPLETE
975,0.4196563005447388,2025-04-01 16:50:15.451836,2025-04-01 16:50:26.481172,0 days 00:00:11.029336,0.9813760093253651,0.6675238777387995,8,0.2877700351770216,0.0443028314847601,0.03849483520078494,0.012274295416425614,0.06038672807112302,0.027480058817219103,0.0007105511620331814,30,128,0.08202424996514283,0.0346103829435026,False,False,False,1.1509519521067523e-06,COMPLETE
976,0.39501314163208007,2025-04-01 16:50:26.801565,2025-04-01 16:50:37.438887,0 days 00:00:10.637322,0.9537769440403818,0.6359046504142718,8,0.2802477490016746,0.08074768552147193,0.0151553642862827,0.04503840543002724,0.05429152029803713,0.013059870171819941,0.0013608965850322348,28,135,0.09256447444771351,0.03956333196331294,False,False,False,5.662891541902018e-07,COMPLETE
977,0.32459796071052555,2025-04-01 16:50:37.765029,2025-04-01 16:50:47.618039,0 days 00:00:09.853010,0.8411228870763294,0.6115281481766738,8,0.29991821455627804,0.1450328516556549,0.0547364184035861,0.016010241408029747,0.061410877273738416,0.014832996764846005,0.0009296836565256528,30,119,0.0863055554578961,0.02387791107842712,False,True,False,8.426622444884865e-07,COMPLETE
978,0.4047530651092529,2025-04-01 16:50:47.945878,2025-04-01 16:50:58.661038,0 days 00:00:10.715160,0.794245000123171,0.6580468145270683,8,0.275618537899419,0.12632619183541305,0.03633343645499619,0.012968339150643392,0.056358687696713886,0.019598559131670103,0.0025104939673263483,29,123,0.09001806942252481,0.030393686683941757,False,False,False,3.655351914344066e-07,COMPLETE
979,0.4149691700935364,2025-04-01 16:50:58.968431,2025-04-01 16:51:23.616859,0 days 00:00:24.648428,0.968385128621416,0.5873719621292578,2,0.2911483393496396,0.06635214431688526,0.03199391265312278,0.017495659704095782,0.05297748111667497,0.021770302545830747,0.00030177913332807055,29,116,0.08380177601894044,0.024011906850802785,False,False,False,1.6636468410813895e-06,COMPLETE
980,0.4323930382728577,2025-04-01 16:51:23.937515,2025-04-01 16:51:34.509078,0 days 00:00:10.571563,0.9492094230010909,0.6819970075043041,8,0.28404769192587254,0.07973669607859707,0.03255588355064838,0.010571631017507943,0.06726992908932353,0.029702089226624265,0.0007974954723289089,28,121,0.08759958852963215,0.03057658588252563,False,False,False,2.311574474695395e-06,COMPLETE
981,0.42159988880157473,2025-04-01 16:51:34.843858,2025-04-01 16:51:45.748296,0 days 00:00:10.904438,0.6299153847821761,0.6414986357250451,8,0.29991530485900225,0.05738869626917621,0.024806799192084686,0.014759257704134639,0.05090446368495366,0.02442676439407961,0.001056101773676551,30,113,0.08084213975363244,0.05835535887728804,False,False,False,3.0607164441388072e-06,COMPLETE
982,0.40300482511520386,2025-04-01 16:51:46.073018,2025-04-01 16:51:56.794034,0 days 00:00:10.721016,0.9856081967120188,0.5572648191335727,8,0.27549417572757345,0.07282428907949753,0.08498140626548059,0.0155396849055834,0.058487320859669914,0.017024932486087642,0.0007009227809108393,29,130,0.07132808942312577,0.02218849783489933,False,False,False,1.2426865937874028e-06,COMPLETE
983,0.4219380378723145,2025-04-01 16:51:57.122001,2025-04-01 16:52:07.968253,0 days 00:00:10.846252,0.9670798312599921,0.8397812688150582,8,0.2936249110443627,0.06223508691970564,0.02787958950293018,0.012980624961751994,0.05459502156547936,0.012106461676074456,0.0014508307907605126,30,126,0.08485648941196337,0.03990504436075251,False,False,False,6.785490444037868e-07,COMPLETE
984,0.40741585493087773,2025-04-01 16:52:08.296679,2025-04-01 16:52:18.858497,0 days 00:00:10.561818,0.9995426823405866,0.7522143579332077,8,0.2839278313301597,0.08241335391545213,0.03408466061556646,0.01792903247130574,0.06506262300748496,0.03310564828068881,0.0011929553162237016,28,119,0.07923611604500429,0.026488897379172364,False,False,False,1.7801787642520952e-06,COMPLETE
985,0.4027958989143372,2025-04-01 16:52:19.171395,2025-04-01 16:52:29.864111,0 days 00:00:10.692716,0.5896707206186014,0.6224421044332928,8,0.28905599520544617,0.07432165909646608,0.07170350968228778,0.016459362558818302,0.05634950538672681,0.0259128646081868,0.000915711564368801,29,124,0.09242172377494516,0.036402618545163405,False,False,False,9.852043802917778e-07,COMPLETE
986,0.3942002773284912,2025-04-01 16:52:30.195130,2025-04-01 16:52:40.428713,0 days 00:00:10.233583,0.6780724473865529,0.6683946737953026,8,0.2779255881238963,0.1328176300059717,0.038397530848004846,0.010693655184588362,0.06265656989090337,0.015283013979690424,0.0006595173615500782,28,54,0.08866124455806282,0.04611081114017603,False,False,False,1.4652522579352922e-06,COMPLETE
987,0.4208781480789185,2025-04-01 16:52:40.758738,2025-04-01 16:52:51.473015,0 days 00:00:10.714277,0.9389434138290991,0.7638661313354106,8,0.2717267849875232,0.06782631126069802,0.059149360733768024,0.008756930820864116,0.07016654327857769,0.01889402295873735,0.0004206544622630397,29,109,0.08673207354045537,0.0205717546946786,False,False,False,1.8577716946252957e-06,COMPLETE
988,0.3006651818752289,2025-04-01 16:52:51.799436,2025-04-01 16:53:01.678438,0 days 00:00:09.879002,0.9378201646577526,0.6028494436811296,8,0.29308536237639066,0.07714184558330461,0.054360326884188764,0.014099537923142016,0.059867964261598905,0.020933838094151076,0.0008179397874765553,30,116,0.09034033738430862,0.031059144297720647,False,False,True,2.3921504259193e-06,COMPLETE
989,0.40583765506744385,2025-04-01 16:53:02.019855,2025-04-01 16:53:10.919058,0 days 00:00:08.899203,0.9813635280237855,0.7389478593522297,16,0.28391833172393904,0.08353146483154479,0.05681357863842603,0.0172850788192548,0.05197160391855219,0.017786253935764804,0.0011365545677014858,30,121,0.0826566868532138,0.09872574990861395,False,False,False,8.188996071866185e-07,COMPLETE
990,0.4148296117782593,2025-04-01 16:53:11.231566,2025-04-01 16:53:21.829221,0 days 00:00:10.597655,0.9590612121153974,0.801992095258817,8,0.06541290271883221,0.055097567912869294,0.041411249958167654,0.0194926987721758,0.05716981482841297,0.02385541904452236,0.000963448331340097,28,132,0.08517283660696831,0.021290484915995306,False,False,False,1.1364486184301113e-06,COMPLETE
991,0.40174221992492676,2025-04-01 16:53:22.159272,2025-04-01 16:53:32.884329,0 days 00:00:10.725057,0.8516026031859206,0.6850117195447998,8,0.23837572336052987,0.06906694526683393,0.0810775848167077,0.012593394950294547,0.05386566339545437,0.013444566399715871,0.0001668524875909451,29,118,0.09545402881409758,0.027656081500065863,False,False,False,2.9526348318532227e-08,COMPLETE
992,0.38755361437797553,2025-04-01 16:53:33.212259,2025-04-01 16:53:44.890484,0 days 00:00:11.678225,0.29317867471048714,0.6512748130081055,8,0.2761757762058793,0.06338133654481458,0.0198804067378282,0.0170970842786319,0.08657665938197268,0.011366012381540945,0.0037468364855027165,28,127,0.08790310873223604,0.03535165746189633,True,False,False,2.8562879757534584e-06,COMPLETE
993,0.4031002998352051,2025-04-01 16:53:45.217891,2025-04-01 16:53:55.956715,0 days 00:00:10.738824,0.9334303024856222,0.760351780671924,8,0.050552645286739736,0.15478234219346282,0.03609324139010089,0.01922969447423044,0.058581611807501405,0.02880955327420093,8.353011617613647e-05,30,103,0.09095351278131411,0.019288486763404833,False,False,False,5.273046337225586e-07,COMPLETE
994,0.4341060519218445,2025-04-01 16:53:56.288567,2025-04-01 16:54:07.006766,0 days 00:00:10.718199,0.9814778603980769,0.7770363336591569,8,0.288508966141252,0.07371737552062861,0.07126341227787719,0.05604590730588525,0.07321402135259078,0.016426376498436975,0.0006173470672933384,29,123,0.0836305991812458,0.02641927504044448,False,False,False,2.180713575487151e-06,COMPLETE
995,0.4032266974449158,2025-04-01 16:54:07.338985,2025-04-01 16:54:18.022956,0 days 00:00:10.683971,0.8122891264352198,0.7401952256850063,8,0.27037099868326236,0.08241971446550922,0.059348499274652224,0.014145301504463787,0.060957401768237905,0.01953839941905206,0.0019375677835546982,29,114,0.07433750543662779,0.032569784437367855,False,False,False,1.429723379858241e-06,COMPLETE
996,0.3252252221107483,2025-04-01 16:54:18.345050,2025-04-01 16:54:27.890230,0 days 00:00:09.545180,0.9593596118137403,0.6221422425755302,8,0.2078635339061009,0.07798495596925702,0.05314434300303783,0.0112766686478715,0.051070446339600076,0.021904484598898676,0.0007648031028659773,28,118,0.09329767931680744,0.01795453408774575,False,True,False,3.8076260434038817e-06,COMPLETE
997,0.41698611974716193,2025-04-01 16:54:28.215934,2025-04-01 16:54:39.155358,0 days 00:00:10.939424,0.8327561381151384,0.6954054170203918,8,0.2799799048086376,0.06910980970148946,0.039983136685826134,0.01621870760849355,0.05514432075028401,0.03164268701982073,0.0012470868529941457,30,124,0.08939546882388819,0.04506527079946887,False,False,False,5.184773417064773e-06,COMPLETE
998,0.39826924800872804,2025-04-01 16:54:39.486046,2025-04-01 16:54:50.266611,0 days 00:00:10.780565,0.9480131773043344,0.43333911311760487,8,0.28943867477710467,0.1391246830353567,0.02929989643313261,0.021477745360719877,0.07627982328590564,0.026824550452269603,0.001026960482416445,29,111,0.08602173209472821,0.03988900723305805,False,False,False,1.0227380381821977e-06,COMPLETE
999,0.3882358551025391,2025-04-01 16:54:50.607751,2025-04-01 16:55:01.603524,0 days 00:00:10.995773,0.9703632960708083,0.8263830651002173,8,0.2943291152782305,0.06166030808634432,0.07828467840411818,0.018152289100430614,0.0631403398414847,0.01460729646503063,0.0008338000259581438,30,121,0.008804922964384773,0.02481517558363125,False,False,False,6.503288883929639e-07,COMPLETE
1000,0.4166605114936829,2025-04-01 16:55:01.939379,2025-04-01 16:55:12.451652,0 days 00:00:10.512273,0.7206039595688417,0.66853634907652,8,0.03655078541485375,0.08358021587272593,0.03155188663460609,0.013715753464647332,0.05774502208904468,0.010422830713360687,0.001418987751443208,28,129,0.08151129431274483,0.03164167972269105,False,False,False,1.7843277867053684e-06,COMPLETE
1001,0.42144566774368286,2025-04-01 16:55:12.789708,2025-04-01 16:55:37.200207,0 days 00:00:24.410499,0.935368882206183,0.6355310642249198,2,0.2460637291084976,0.07663401174551193,0.07405561570014507,0.04110595931286207,0.05285678361439932,0.017240115996736107,0.0006148359215014521,29,116,0.08747557479356614,0.018901149758368735,False,False,False,4.2231246222163555e-07,COMPLETE
1002,0.3932446718215943,2025-04-01 16:55:37.520249,2025-04-01 16:55:48.167980,0 days 00:00:10.647731,0.9826512448585184,0.8092470560770438,8,0.2719053732791439,0.07127548236597799,0.05547817432111843,0.020584366893364278,0.055863345215472454,0.020092096172717205,0.00022188689761646268,28,126,0.09207941530902285,0.025518226153351555,False,False,False,2.7888993569540193e-07,COMPLETE
1003,0.4210549831390381,2025-04-01 16:55:48.503746,2025-04-01 16:55:58.954862,0 days 00:00:10.451116,0.778628493485069,0.8550672240635202,8,0.283782550073588,0.05572296817920833,0.07557937870882522,0.024557415136306673,0.059855009782490504,0.02382857482563786,0.0007253455909682543,27,121,0.07945166548554386,0.03922493130745067,False,False,False,1.3601722184464704e-06,COMPLETE
1004,0.4070852994918823,2025-04-01 16:55:59.284352,2025-04-01 16:56:10.150844,0 days 00:00:10.866492,0.8675711191763628,0.5710938814401819,8,0.29472502417023294,0.06368016266864125,0.082535870358645,0.015944567247563886,0.05075045402424313,0.015780483898917758,0.0010304701596145474,30,113,0.08497725597789853,0.01648124801647745,False,False,False,8.360879789610245e-07,COMPLETE
1005,0.38672952651977544,2025-04-01 16:56:10.486126,2025-04-01 16:56:20.862024,0 days 00:00:10.375898,0.6991166412126095,0.7456104928257201,8,0.2769933765978182,0.07864495948780834,0.05700608414088969,0.019124891179798275,0.06446063558902537,0.022087323760940854,0.0017795694890901657,29,43,0.08941999290591082,0.03367351055475404,False,False,False,2.0733384283983056e-06,COMPLETE
1006,0.299027556180954,2025-04-01 16:56:21.209372,2025-04-01 16:56:30.808679,0 days 00:00:09.599307,0.5538900321969163,0.7711041891749096,8,0.2858129985949871,0.07166496508486604,0.07036124028361138,0.006188602961167089,0.05433089501357662,0.01830860259695908,2.3265912211183457e-05,28,119,0.08282193372505953,0.051970086447709396,False,False,True,2.517218628233498e-06,COMPLETE
1007,0.42976782321929935,2025-04-01 16:56:31.142456,2025-04-01 16:56:42.156148,0 days 00:00:11.013692,0.9291577823864116,0.7009851496721985,8,0.08455324094311599,0.08497789299984881,0.053093224832925175,0.06087286826999156,0.06166220233003431,0.030763204113739798,0.0005245018014037158,30,124,0.08719204273778579,0.06422568263194789,False,False,False,1.2532564128415183e-06,COMPLETE
