number,value,datetime_start,datetime_complete,duration,params_alpha-eval,params_alpha-train,params_batch-size,params_eps-eval,params_eps-train,params_lambda-actions-eval,params_lambda-actions-train,params_lambda-frames-eval,params_lambda-frames-train,params_learning-rate,params_n-epochs,params_n-frames,params_radius-gw,params_rho,params_std-feats,params_ub-actions,params_ub-frames,params_weight-decay,state
448,0.39444429874420167,2025-04-01 15:12:58.909407,2025-04-01 15:13:08.851760,0 days 00:00:09.942353,0.8863363602538402,0.7301382367280003,8,0.2942697727418336,0.06799900164403008,0.07070122248767242,0.01696067665694089,0.057747929324298224,0.02195357812989738,0.0005295841760615791,27,26,0.09502030064454689,0.02088176486558953,False,False,False,2.285259922015966e-06,COMPLETE
449,0.42445064783096315,2025-04-01 15:13:08.993137,2025-04-01 15:13:19.525009,0 days 00:00:10.531872,0.8667952643834962,0.5601586371370402,8,0.29336690730647697,0.07094493480256658,0.07436270422256801,0.06916730373437693,0.05505005717294424,0.02630242222910633,0.0006704018816999115,28,115,0.09092054679797672,0.16418531878980153,False,False,False,1.7600659342775096e-06,COMPLETE
450,0.2967191994190216,2025-04-01 15:13:19.670165,2025-04-01 15:13:29.184917,0 days 00:00:09.514752,0.9005930988104017,0.7610578244796772,8,0.29958677845554005,0.0615708733225819,0.06976143146584701,0.018587650096487943,0.05907097243568071,0.027375362712138446,0.000806126457897179,28,118,0.09217463457119235,0.02135555410773448,False,False,True,3.2308398542828014e-06,COMPLETE
451,0.4226856708526612,2025-04-01 15:13:29.341224,2025-04-01 15:13:39.673458,0 days 00:00:10.332234,0.9069408626999977,0.8081801715451244,8,0.28643368893944865,0.053060673705679025,0.08711133194295094,0.015391284663897643,0.05573738959881751,0.02396940672366636,0.0010149245929877088,27,111,0.0931363476943002,0.027678280184982584,False,False,False,1.2683116092589723e-06,COMPLETE
452,0.4219804048538208,2025-04-01 15:13:39.817864,2025-04-01 15:13:50.503031,0 days 00:00:10.685167,0.8798938837859671,0.748113615763447,8,0.29594615032231475,0.0708745980271997,0.07256354051585125,0.01945264984695177,0.03629914117828773,0.029177619372244574,0.000638631206541355,29,118,0.09172679636241364,0.009275918485130284,False,False,False,2.0869668297626883e-06,COMPLETE
453,0.44034616947174077,2025-04-01 15:13:50.650758,2025-04-01 15:14:01.100529,0 days 00:00:10.449771,0.8615746217330832,0.7261573776656159,8,0.28469384756963395,0.06619312099576201,0.06861493515154615,0.0178469446817908,0.03820844247681948,0.030222214106402478,0.0009148690452021062,28,114,0.09091969844788306,0.016826340416491732,False,False,False,1.6065510649578926e-06,COMPLETE
454,0.3977542638778687,2025-04-01 15:14:01.257421,2025-04-01 15:14:11.250486,0 days 00:00:09.993065,0.873411327632465,0.7165843442067644,8,0.28528105873039744,0.21246711873334037,0.07284726556604747,0.09120531967438289,0.037682158729257564,0.029261815923277406,0.00038104726333787296,21,119,0.09649881092083132,0.01419408665932518,True,False,False,2.4839260958781334e-06,COMPLETE
455,0.4217241644859314,2025-04-01 15:14:11.396646,2025-04-01 15:14:19.881117,0 days 00:00:08.484471,0.9189605264895245,0.7310553657230883,16,0.290373329396183,0.06179424369025964,0.06833062090871383,0.017926632809209312,0.04356079948396561,0.022872831900340628,0.0007999155038050881,26,122,0.09343470051278356,0.008830555320383477,False,False,False,1.4829363173150632e-06,COMPLETE
456,0.4277294993400574,2025-04-01 15:14:20.025362,2025-04-01 15:14:30.516411,0 days 00:00:10.491049,0.8900340294963568,0.689393481380237,8,0.2860842466369342,0.07352933882379581,0.06999901364734716,0.020710552768541328,0.036807760878616,0.021281121823817067,0.0005308008608332063,28,116,0.09125683573178438,0.017084011008734978,False,False,False,1.255521042183428e-06,COMPLETE
457,0.417366373538971,2025-04-01 15:14:30.674078,2025-04-01 15:14:40.988345,0 days 00:00:10.314267,0.8497878897234235,0.6646637306099222,8,0.28379482734124306,0.06558667706381,0.06670346629095605,0.0197327268801331,0.034952271128321964,0.02859609923249546,0.0009156157422388855,27,121,0.09403339919697876,0.03224769095351069,False,False,False,3.0586935467897724e-06,COMPLETE
458,0.38440418243408203,2025-04-01 15:14:41.133416,2025-04-01 15:14:51.506439,0 days 00:00:10.373023,0.9073841123211094,0.12944276791320114,8,0.27927800677635667,0.0745889049035821,0.06966884531606844,0.017110048538260644,0.04017296961491551,0.019622366352803688,0.0006880248903655808,27,113,0.09140465823951258,0.020200966447813714,False,False,False,1.0116322734504789e-06,COMPLETE
459,0.3297799229621888,2025-04-01 15:14:51.653619,2025-04-01 15:15:01.143694,0 days 00:00:09.490075,0.8611266324359951,0.7358073640985834,8,0.2801943322135301,0.08397563235574287,0.07482277676511573,0.02167559250977397,0.03835039370703551,0.03179140577140916,0.0009269867652275858,28,122,0.08998702395706185,0.006621294876212781,False,True,False,1.9502891800924904e-06,COMPLETE
460,0.4161876678466797,2025-04-01 15:15:01.300322,2025-04-01 15:15:09.124503,0 days 00:00:07.824181,0.9320564410697345,0.7221280491565043,8,0.2868084972609343,0.07915468247760661,0.0714017090194057,0.018015186654805067,0.04237749163764698,0.01804656071999948,0.00072183163152322,13,117,0.0954990634183685,0.013427207143167048,False,False,False,2.609713901949674e-06,COMPLETE
461,0.41515334844589236,2025-04-01 15:15:09.272833,2025-04-01 15:15:19.726274,0 days 00:00:10.453441,0.8898637142214253,0.7493355645415672,8,0.29951569227576924,0.07278980879612804,0.06668294540375837,0.01981916972944593,0.038701480363263874,0.02578128727095721,0.0013019343612342906,28,109,0.08734782017819356,0.0010641816851491674,False,False,False,1.567166594493079e-06,COMPLETE
462,0.39651401042938234,2025-04-01 15:15:19.875124,2025-04-01 15:15:29.725504,0 days 00:00:09.850380,0.9221659373037893,0.6922992963544518,8,0.29193022767051646,0.0829872790503556,0.06825919720871335,0.016518850761624543,0.05318920628450745,0.031119666262796362,0.0006222413744475537,24,123,0.020397544544179757,0.02428278080374487,False,False,False,3.9637176519730905e-06,COMPLETE
463,0.43008903264999393,2025-04-01 15:15:29.883698,2025-04-01 15:15:40.743285,0 days 00:00:10.859587,0.8784777309520511,0.7078191390096782,8,0.2764708572236694,0.05507820533825972,0.0735080140695754,0.022203877536035116,0.05695818959534292,0.012898939211647219,0.002180719397728499,30,119,0.09276756090735883,0.03140452651257076,False,False,False,1.153370158915638e-06,COMPLETE
464,0.2887604355812073,2025-04-01 15:15:40.891164,2025-04-01 15:15:51.243625,0 days 00:00:10.352461,0.8513062647794142,0.7641863447157671,8,0.2720431876340254,0.02934760310565611,0.07542119767394613,0.01480787310802971,0.06032956367458628,0.017060026237574057,0.0009807705477487508,28,115,0.09020104134443156,0.019716364930969753,False,False,False,2.074049812361909e-06,COMPLETE
465,0.43420224189758305,2025-04-01 15:15:51.402738,2025-04-01 15:16:02.312690,0 days 00:00:10.909952,0.9843945692460505,0.7281612136434311,8,0.2811639701356479,0.06548748883823394,0.07322269402688429,0.026087393179918626,0.05249368196123436,0.024586415622376796,0.0004905484191679411,30,120,0.08489962714975628,0.03875460346976346,False,False,False,1.5502451513287013e-06,COMPLETE
466,0.4099960803985596,2025-04-01 15:16:02.461416,2025-04-01 15:16:27.060425,0 days 00:00:24.599009,0.9087816186783002,0.6534909852127355,2,0.2698083128486899,0.08687703073228624,0.07112659590738749,0.08220446033384463,0.023224358284408733,0.027436796284278902,0.0008145419442814413,29,124,0.0884127180916924,0.02736491977272328,False,False,False,2.3905782102826553e-06,COMPLETE
467,0.41364225149154665,2025-04-01 15:16:27.208982,2025-04-01 15:16:38.087394,0 days 00:00:10.878412,0.9362746341744144,0.5375630917201427,8,0.278028243700685,0.07903047516582175,0.0814701149737121,0.019136968530896782,0.04167293632664085,0.022996530296287784,0.001268706871139854,30,112,0.0862607240782222,0.01206768430360267,False,False,False,3.279962562991688e-06,COMPLETE
468,0.43621562719345097,2025-04-01 15:16:38.249832,2025-04-01 15:16:48.995535,0 days 00:00:10.745703,0.9677930994686194,0.7451420039566716,8,0.2908923260235301,0.07161359314579308,0.05424809577337383,0.017591963090636632,0.05460359009408721,0.016220860144374023,0.0007639431711081662,29,117,0.09055720188713512,0.01662853969890619,False,False,False,1.3785801709826328e-08,COMPLETE
469,0.2949972033500672,2025-04-01 15:16:49.147377,2025-04-01 15:16:58.630956,0 days 00:00:09.483579,0.9758240346681962,0.6792340851184464,8,0.2928827718134282,0.0698830243892427,0.07849838308194823,0.016655882260140177,0.05427358083754086,0.018976240230767626,0.0007272814888050866,28,103,0.05704258415233483,0.03429388071847285,False,False,True,3.381626943743614e-08,COMPLETE
470,0.42969049215316774,2025-04-01 15:16:58.780885,2025-04-01 15:17:09.161306,0 days 00:00:10.380421,0.8996319943692522,0.744067542762396,8,0.2907566880365999,0.061111488883568,0.05461785086979423,0.020680087589238935,0.057575918021480196,0.01657096756909792,0.0005784463323199604,27,116,0.09200629513492037,0.04675826431806431,False,False,False,1.0083185330362023e-06,COMPLETE
471,0.4002139449119568,2025-04-01 15:17:09.329477,2025-04-01 15:17:20.091560,0 days 00:00:10.762083,0.9999154761822988,0.7111868017909284,8,0.2970630327987447,0.07431255483748378,0.055316968103862996,0.01758406796313698,0.0561442304431393,0.016761164976913545,0.0004459177243847214,29,114,0.09784765914984299,0.023826593626579816,False,False,False,5.5907879243817704e-08,COMPLETE
472,0.3833157777786255,2025-04-01 15:17:20.241756,2025-04-01 15:17:31.094506,0 days 00:00:10.852750,0.9301474503419251,0.5939633551900867,8,0.28605176771885815,0.06650860189110229,0.056787045135622,0.01919622132597306,0.059333949423525364,0.02073506736299819,0.0007752931774674789,30,110,0.09032266500207427,0.24202982924526764,False,False,False,4.707911508323855e-08,COMPLETE
473,0.42253324985504154,2025-04-01 15:17:31.245357,2025-04-01 15:17:41.957421,0 days 00:00:10.712064,0.8758850555623083,0.7345820109018278,8,0.2905230530568382,0.0481287925123146,0.053630029511968484,0.02192078897374411,0.05443823318048754,0.015147353391755741,0.0005653891784885778,29,118,0.09990299044442139,0.018711525644821068,False,False,False,1.0748558125569716e-07,COMPLETE
474,0.417090904712677,2025-04-01 15:17:42.120051,2025-04-01 15:17:53.796419,0 days 00:00:11.676368,0.9663072270216194,0.6155076022055143,8,0.28253153989664553,0.07477533725476165,0.06703557973207626,0.017611130778047778,0.05544207014692945,0.020378091949396902,0.0010424050578619315,30,106,0.09438657829949046,0.02786641943318121,True,False,False,1.2340602881793223e-06,COMPLETE
475,0.4214520931243897,2025-04-01 15:17:53.948734,2025-04-01 15:18:04.482871,0 days 00:00:10.534137,0.70532183987036,0.6379463370164073,8,0.29913937213604885,0.058404589648380134,0.07582014716927454,0.02413255340819071,0.05231651113643982,0.01468510689723795,0.000849950872193958,28,120,0.08937914104238423,0.007658490337556393,False,False,False,8.775030388649358e-07,COMPLETE
476,0.42714843750000003,2025-04-01 15:18:04.647041,2025-04-01 15:18:13.203027,0 days 00:00:08.555986,0.839304050866952,0.704055994955334,16,0.28888457767379183,0.06983958901252252,0.07030403955725541,0.015411527099043943,0.034343121802575385,0.03576847627445283,0.0006671924952188424,27,117,0.09249236824820901,0.04013300802861272,False,False,False,5.550595062120569e-06,COMPLETE
477,0.40714588165283205,2025-04-01 15:18:13.354213,2025-04-01 15:18:24.330522,0 days 00:00:10.976309,0.9837394075454096,0.7679134878078759,8,0.2815366108509787,0.22152015778018747,0.07984298652914237,0.02095193911311159,0.05182737649775226,0.018084675974457568,0.0015930929385358748,30,113,0.08856081662768055,0.031044822011717644,False,False,False,1.9160648759572936e-08,COMPLETE
478,0.427709436416626,2025-04-01 15:18:24.483612,2025-04-01 15:18:35.176191,0 days 00:00:10.692579,0.860107680329256,0.7232309859149606,8,0.2665224452429974,0.08021438770597757,0.05480385944475147,0.028262455413945023,0.05854611546778128,0.0273925537048989,0.0012727694672310388,29,121,0.09048492237941823,0.016596059292501075,False,False,False,1.7046457826210655e-06,COMPLETE
479,0.3441930592060089,2025-04-01 15:18:35.340629,2025-04-01 15:18:44.923800,0 days 00:00:09.583171,0.94642360640935,0.6855127716776312,8,0.27438159775857196,0.08575993604166843,0.0767518586981643,0.019075861456337266,0.05449083115037336,0.012752423713599085,0.0009024944318011618,28,118,0.0875407765234656,0.03562867018801565,False,True,False,1.3565198289404088e-06,COMPLETE
480,0.43207453489303593,2025-04-01 15:18:45.077518,2025-04-01 15:18:55.947667,0 days 00:00:10.870149,0.9824276193769672,0.7446373832259969,8,0.27700586044789455,0.07565085709248377,0.056840834611357,0.013856304688236145,0.04516445104965042,0.01496483324315663,0.000750862202867769,30,115,0.09529302307015851,0.022623026066589665,False,False,False,9.0135183059367e-08,COMPLETE
481,0.4139369010925293,2025-04-01 15:18:56.100247,2025-04-01 15:19:06.820130,0 days 00:00:10.719883,0.9188159138563988,0.7872002675985971,8,0.26410981787246024,0.06338923247616576,0.05355260745305938,0.02268325782208037,0.056278181552072586,0.011590184771278109,0.0010764128337739608,29,123,0.09144987380893266,0.011445525975239885,False,False,False,1.7003044648310947e-06,COMPLETE
482,0.4435506820678711,2025-04-01 15:19:06.984771,2025-04-01 15:19:17.745181,0 days 00:00:10.760410,0.8877693478852087,0.76136886588361,8,0.284554392884422,0.08057952297418744,0.07424338388674678,0.016946168701202004,0.04319210048910574,0.01752406209521011,0.0005953764237374352,29,120,0.08702499486184373,0.027792951148072523,False,False,False,1.1318175362784337e-06,COMPLETE
483,0.4302389144897461,2025-04-01 15:19:17.900628,2025-04-01 15:19:28.597059,0 days 00:00:10.696431,0.8977924673513021,0.7780564183880023,8,0.295347692592237,0.0714129535082198,0.07397041812194263,0.01621844286632207,0.041278753375962804,0.018438874927468252,0.000645922548083513,28,112,0.08500697392512631,0.02857780640695098,False,False,False,7.60816857060005e-07,COMPLETE
484,0.4328437447547913,2025-04-01 15:19:28.765836,2025-04-01 15:19:38.972914,0 days 00:00:10.207078,0.873030030293023,0.7672109774215087,8,0.28674336431637304,0.08037547563707015,0.07292782213082569,0.017320702963655184,0.07305963914523048,0.01806303244253026,0.0015319637144387422,26,117,0.0866620077851901,0.04122713699942009,False,False,False,2.2814522621053566e-08,COMPLETE
485,0.4474886059761048,2025-04-01 15:19:39.129855,2025-04-01 15:19:50.077267,0 days 00:00:10.947412,0.8926780961088471,0.7534548588538896,8,0.28413251241359566,0.06572649284933568,0.07513845585128272,0.012689280442029495,0.06142731691337083,0.01595600861301007,0.0008675352651120901,30,122,0.08959504906236497,0.03409152745832671,False,False,False,1.1279807701483324e-08,COMPLETE
486,0.4321586608886719,2025-04-01 15:19:50.233909,2025-04-01 15:20:01.142362,0 days 00:00:10.908453,0.886504145992229,0.49610817756165065,8,0.2885804919319956,0.0544028146532525,0.07499086792640096,0.012423058643004796,0.058933651748652484,0.017836826099581864,0.0007975056105088167,30,124,0.0876469729944297,0.03502420786506647,False,False,False,2.5931614506041113e-08,COMPLETE
487,0.4313695311546326,2025-04-01 15:20:01.310669,2025-04-01 15:20:12.101016,0 days 00:00:10.790347,0.901840188122641,0.7529200574054004,8,0.2995246885787784,0.06410404768763178,0.07774408184247371,0.013411043575624643,0.03879169548302554,0.01590539103796017,0.0009506323540512413,29,128,0.0932950960843709,0.04549515259869947,False,False,False,1.1959710313970152e-08,COMPLETE
488,0.39369767904281616,2025-04-01 15:20:12.257500,2025-04-01 15:20:22.842390,0 days 00:00:10.584890,0.8611217551624515,0.790578541669542,8,0.29277358995126457,0.058980411725636235,0.07634227236086254,0.01455298124349311,0.05715705493389941,0.021513059184086164,0.0006335892403024562,30,50,0.08405161381580725,0.02551764469135669,False,False,False,1.904745167150303e-08,COMPLETE
489,0.39775025844573975,2025-04-01 15:20:22.997917,2025-04-01 15:20:47.536851,0 days 00:00:24.538934,0.886879131309972,0.661495401500177,2,0.28436703160714916,0.06969812928680502,0.07507598519423613,0.014511569908654029,0.06258858299863923,0.016208430066661048,0.0007838799980267651,29,122,0.09043431428747774,0.02270067505098784,False,False,False,1.0017019965595541e-06,COMPLETE
490,0.289728057384491,2025-04-01 15:20:47.703809,2025-04-01 15:20:57.177043,0 days 00:00:09.473234,0.9129057081198618,0.7672867232224094,8,0.21916685397803665,0.06468400290399093,0.07812062571480362,0.011856296362918281,0.06120217041349704,0.01684943437772101,2.916338848444146e-05,27,125,0.08609461573415728,0.0307031327506404,False,False,True,1.2732039082089874e-08,COMPLETE
491,0.4395122885704041,2025-04-01 15:20:57.333253,2025-04-01 15:21:07.844520,0 days 00:00:10.511267,0.8532122044474715,0.7482395770697041,8,0.2831538450903604,0.05237204652638454,0.08254084328595487,0.01526795645445927,0.06336485491947674,0.019491714951948708,0.0009186097336186276,28,120,0.09001238054017235,0.03766492468311771,False,False,False,1.1764687836538783e-06,COMPLETE
492,0.41954289674758916,2025-04-01 15:21:08.016793,2025-04-01 15:21:18.399366,0 days 00:00:10.382573,0.843783110152811,0.7024043044530549,8,0.2926868028209261,0.03824235402092409,0.08867728688105316,0.015512476911633766,0.06603022219743607,0.021654251887124977,0.0010847174871570682,27,121,0.09282287418468438,0.0419262741050576,False,False,False,1.0986713092242444e-08,COMPLETE
493,0.4219432592391968,2025-04-01 15:21:18.563998,2025-04-01 15:21:29.078678,0 days 00:00:10.514680,0.8639654027592115,0.7371326321739861,8,0.2855303500365513,0.05224026736272801,0.08356734341323746,0.013282431492614967,0.06212835241283429,0.019902477261748736,0.0009320200191555486,28,123,0.09091911303067601,0.054484909613743096,False,False,False,1.8834905780050163e-08,COMPLETE
494,0.38363734483718875,2025-04-01 15:21:29.236062,2025-04-01 15:21:39.914219,0 days 00:00:10.678157,0.8344396463473299,0.7147617196235325,8,0.29208943715426294,0.04889635377910495,0.08206075235794516,0.01585790401685517,0.06882610229510655,0.01990874289161082,0.0011737909502923718,28,67,0.08716484533891564,0.0282854516410567,True,False,False,1.1665874659952562e-08,COMPLETE
495,0.42897133827209477,2025-04-01 15:21:40.084977,2025-04-01 15:21:50.613987,0 days 00:00:10.529010,0.8713427519809739,0.7418377971369449,8,0.2856174199176078,0.055910814979708304,0.07671460209137007,0.012792173967400153,0.061460549344671524,0.02380865687035193,0.0009078975034359852,28,127,0.08412902271594878,0.02015631540601868,False,False,False,1.1847975602030518e-08,COMPLETE
496,0.4138656497001648,2025-04-01 15:21:50.772674,2025-04-01 15:22:01.116882,0 days 00:00:10.344208,0.8514395442550137,0.6703151804151055,8,0.28120399296650317,0.04469464172137939,0.0800911305372372,0.008979872230283355,0.06292711419391772,0.01887239022886969,0.0008271282438186386,27,120,0.09550219292324327,0.024350519224990954,False,False,False,8.895393891636073e-07,COMPLETE
497,0.4241107225418091,2025-04-01 15:22:01.273526,2025-04-01 15:22:11.693681,0 days 00:00:10.420155,0.8953024220527004,0.6874856007401,8,0.28064645380498743,0.05958895346491919,0.08548210784875224,0.017261379883838825,0.06178640230044354,0.06204013469890839,0.0010515832569045157,28,119,0.08855993683634031,0.04724619722431829,False,False,False,1.64443020682932e-08,COMPLETE
498,0.3193138360977173,2025-04-01 15:22:11.861779,2025-04-01 15:22:21.461302,0 days 00:00:09.599523,0.8786541293761483,0.7200002919993478,8,0.29010852735086723,0.05156611184021739,0.08286222070651057,0.015430530194522476,0.06456661683139923,0.019217490567187766,0.001236688804548255,28,131,0.08589720637343433,0.03608522283809841,False,True,False,1.6575894321435218e-08,COMPLETE
499,0.4031501293182373,2025-04-01 15:22:21.621160,2025-04-01 15:22:30.203606,0 days 00:00:08.582446,0.8351690716869505,0.746722360861532,16,0.2944393768658291,0.06492015892097064,0.07897646361179231,0.017899175029085612,0.06423159522889269,0.022970752723039306,0.0008385898673569238,29,77,0.09116469090031944,0.014878705545581237,False,False,False,7.024586989966306e-07,COMPLETE
500,0.42408835887908936,2025-04-01 15:22:30.375721,2025-04-01 15:22:40.597871,0 days 00:00:10.222150,0.9223945944092586,0.8029118605178064,8,0.2817530481313501,0.07094895045278288,0.08087577011083168,0.014565505639887585,0.06717206923043312,0.030444670119869538,0.000731374084822898,26,124,0.08971339461269302,0.0289961271568109,False,False,False,1.0786711744699788e-06,COMPLETE
501,0.41485263109207154,2025-04-01 15:22:40.759665,2025-04-01 15:22:51.576369,0 days 00:00:10.816704,0.894351407329915,0.6377611148060512,8,0.28733343281945267,0.07457225009918528,0.07285600070489653,0.012235501552456054,0.060333611885772485,0.016219505583310843,0.0010016385677629753,29,120,0.09322376934398116,0.007083886606464534,False,False,False,7.55420389032605e-08,COMPLETE
502,0.42358877658843996,2025-04-01 15:22:51.735069,2025-04-01 15:23:02.192984,0 days 00:00:10.457915,0.8448999798585961,0.78145234527356,8,0.27700108888515984,0.06865923780086379,0.07493660363525156,0.01698681106632914,0.06041782356119835,0.018138654690869917,0.0013150830709326917,27,126,0.08292234011254791,0.018854394665292745,False,False,False,1.3375185555243502e-08,COMPLETE
503,0.43059442043304447,2025-04-01 15:23:02.361985,2025-04-01 15:23:11.458335,0 days 00:00:09.096350,0.8681236804095875,0.7011568088265009,8,0.25292196193944383,0.06028902559982102,0.08445435651992549,0.018916652066245324,0.05849732238033039,0.014316454431222399,0.0005041794981233186,20,123,0.0873962342248628,0.0401148572075825,False,False,False,1.0759577535970507e-08,COMPLETE
