number,value,datetime_start,datetime_complete,duration,params_alpha-eval,params_alpha-train,params_batch-size,params_eps-eval,params_eps-train,params_lambda-actions-eval,params_lambda-actions-train,params_lambda-frames-eval,params_lambda-frames-train,params_learning-rate,params_n-epochs,params_n-frames,params_radius-gw,params_rho,params_std-feats,params_ub-actions,params_ub-frames,params_weight-decay,state
1960,0.36936975717544557,2025-04-01 19:57:37.953084,2025-04-01 19:57:49.080085,0 days 00:00:11.127001,0.8892835512706239,0.9210588993560672,8,0.2846177359660319,0.07042438063700315,0.027934259895819918,0.030773075000719675,0.00912034248725656,0.01855729080379736,0.0012205852085839916,25,125,0.07127116595711848,0.035696389546721295,True,False,False,5.972643859238843e-08,COMPLETE
1961,0.4226697087287903,2025-04-01 19:57:49.746775,2025-04-01 19:57:59.597650,0 days 00:00:09.850875,0.8518275252907735,0.9357515741147496,8,0.2948324086391164,0.15752823223362922,0.01885143099338165,0.02327688621662764,0.001098653029550715,0.020589977950774604,0.0015306274915366802,23,128,0.08343531362696052,0.043043581325504475,False,False,False,9.20929617174204e-08,COMPLETE
1962,0.3807115197181702,2025-04-01 19:58:00.237025,2025-04-01 19:58:08.799098,0 days 00:00:08.562073,0.8987050652281047,0.8905580148550862,16,0.27962550341200815,0.132332875621699,0.02539392801376352,0.026381724101432674,0.010871723767867263,0.014879154181713258,0.0009772758699008485,26,118,0.0914024656820972,0.053028205666256455,False,False,False,4.142881060288821e-08,COMPLETE
1963,0.43172696828842166,2025-04-01 19:58:09.462094,2025-04-01 19:58:19.675012,0 days 00:00:10.212918,0.8130310059232488,0.910140336800785,8,0.26120624427163147,0.05962961688490602,0.08709179314706274,0.059241002288849466,0.003777418779090603,0.02314732781746393,0.001158572807525481,26,123,0.08531242363867236,0.03602529146341191,False,False,False,2.1689108097559175e-08,COMPLETE
1964,0.38977987766265876,2025-04-01 19:58:20.340579,2025-04-01 19:58:30.610903,0 days 00:00:10.270324,0.8734203224843057,0.848458008514534,8,0.27171324603774183,0.06489390743312005,0.02184012231486363,0.03337296073316019,0.00576376828850095,0.016794986174931654,0.001825114971718317,26,120,0.03494268590721772,0.0769346441237874,False,False,False,3.340896275763316e-08,COMPLETE
1965,0.408213746547699,2025-04-01 19:58:31.251562,2025-04-01 19:58:41.162889,0 days 00:00:09.911327,0.8448618403101595,0.8761884798807847,8,0.28654523003383664,0.05470586741744535,0.0204444921287733,0.02761277973280708,0.008172523392386616,0.019613249286562377,0.0013665817645312616,24,126,0.08751175838265006,0.046830121047134236,False,False,False,5.4856630130383246e-08,COMPLETE
1966,0.3314401686191559,2025-04-01 19:58:41.825803,2025-04-01 19:58:51.061710,0 days 00:00:09.235907,0.881420999612141,0.9458589425432024,8,0.26537932060869224,0.10306724552314384,0.022559856440142058,0.025932112674744934,0.006097701117091094,0.011664680816980487,0.0009249190322879888,25,131,0.08951060967910597,0.03781324807576679,False,True,False,6.917848232822196e-08,COMPLETE
1967,0.4157435536384583,2025-04-01 19:58:51.727796,2025-04-01 19:59:02.269820,0 days 00:00:10.542024,0.8988930442914035,0.8472870922802558,8,0.27954774420624817,0.07062369812964257,0.017248058829958016,0.02362440243977133,0.01056679043236116,0.01376481453557965,0.0009319033228380296,27,123,0.091610034449409,0.05380480424194299,False,False,False,1.3246764749507446e-07,COMPLETE
1968,0.41971237659454347,2025-04-01 19:59:02.916794,2025-04-01 19:59:13.363190,0 days 00:00:10.446396,0.8576652162518811,0.9713291932818422,8,0.2956242601943216,0.06298417902883746,0.018767188308597464,0.030454755347924453,0.008082406582409421,0.0221397403823014,0.0011157686574066487,26,137,0.08414958538315975,0.0669942569357412,False,False,False,4.636048111900991e-08,COMPLETE
1969,0.3780535221099854,2025-04-01 19:59:14.028833,2025-04-01 19:59:24.507695,0 days 00:00:10.478862,0.896404689949725,0.9245341719523591,8,0.28800864217925726,0.04308103607295978,0.08977200795043913,0.027923835789710808,0.03292004342479238,0.017675634013673065,0.0014944010185494222,27,118,0.07846988127880983,0.04242150064748086,False,False,False,1.8973751950168885e-08,COMPLETE
1970,0.4124991178512573,2025-04-01 19:59:25.154976,2025-04-01 19:59:35.336280,0 days 00:00:10.181304,0.4467238202893117,0.8946168513835127,8,0.2730461055249715,0.056629579391128476,0.025772955711297445,0.02580425316758045,0.004178510777125334,0.01651898847932738,0.0012425293890687941,25,129,0.08653365023841456,0.03464159243885677,False,False,False,9.248220095591197e-08,COMPLETE
1971,0.4141194820404053,2025-04-01 19:59:36.000573,2025-04-01 19:59:45.882310,0 days 00:00:09.881737,0.8650991750103535,0.8705789229785126,8,0.29999335540648997,0.12220423481508094,0.015704248609856843,0.03694997547561878,0.025228249428656188,0.020484002858515708,0.03660086209973127,24,108,0.08980537354241412,0.058638273772809994,False,False,False,2.4669154788359045e-08,COMPLETE
1972,0.41213377714157107,2025-04-01 19:59:46.549879,2025-04-01 19:59:56.911333,0 days 00:00:10.361454,0.6503602703160295,0.9568060161703003,8,0.028832691762288504,0.07188776749506133,0.021390987456277526,0.0320694255335704,0.03654171542140475,0.014812739145817096,0.0009071520073692598,27,120,0.08091183769997475,0.04762425973421868,False,False,False,3.816910398699e-08,COMPLETE
1973,0.4222211956977845,2025-04-01 19:59:57.552713,2025-04-01 20:00:19.598286,0 days 00:00:22.045573,0.8251766698977219,0.9060074516010429,2,0.28232122102141616,0.06262918872941206,0.04654285493800501,0.028523707758813965,0.011407093559235358,0.0237579929948449,0.0019208651375307764,25,125,0.09289718252884982,0.03707959832047236,False,False,False,1.6008328049633714e-07,COMPLETE
1974,0.42644438743591306,2025-04-01 20:00:20.269791,2025-04-01 20:00:30.644410,0 days 00:00:10.374619,0.8830192955074134,0.8830902625815887,8,0.2900862042960873,0.05302241906840639,0.08634314221696912,0.001167544174510534,0.006898099480076275,0.011760225796431737,0.0011187153490947648,27,116,0.08793347783817662,0.04177143703521419,False,False,False,7.071282406388205e-08,COMPLETE
1975,0.42822510004043585,2025-04-01 20:00:31.282526,2025-04-01 20:00:41.545424,0 days 00:00:10.262898,0.8452650045329391,0.9276655552823531,8,0.2760441307654927,0.07108779892877573,0.05942628103867132,0.024133787875845546,0.009731348983437518,0.014832319845240407,0.0016048895080742588,26,122,0.08300294655449893,0.03595412012792338,False,False,False,1.763952049586089e-08,COMPLETE
1976,0.2998171091079712,2025-04-01 20:00:42.208972,2025-04-01 20:00:51.655191,0 days 00:00:09.446219,0.9070571530235682,0.8384595995307923,8,0.26673372446824095,0.2919022618475541,0.09038741727785504,0.022605330948572363,0.005140614781265276,0.019129969289373945,0.001308268197137723,27,119,0.08556682630828585,0.062279775357107804,False,False,True,1.0596101903879817e-07,COMPLETE
1977,0.42731355428695683,2025-04-01 20:00:52.323163,2025-04-01 20:01:02.697815,0 days 00:00:10.374652,0.8705727440072285,0.8587191572536188,8,0.2834886778319142,0.06629296248194362,0.02382872424444302,0.03023835809587919,0.06865543408259889,0.02156121274699234,0.0009087956220628601,26,128,0.08981752357352933,0.0492172086678566,False,False,False,4.764118638236126e-08,COMPLETE
1978,0.4078461766242981,2025-04-01 20:01:03.344104,2025-04-01 20:01:13.780649,0 days 00:00:10.436545,0.8981413973605423,0.8970803040982741,8,0.11558309422184299,0.04862462060878403,0.008459402936833628,0.026269247961747132,0.038485840721007115,0.013046557919979057,0.0010593408829314979,27,124,0.09136517746981189,0.04149160979284119,False,False,False,3.164135577695871e-08,COMPLETE
1979,0.4027470588684082,2025-04-01 20:01:14.454534,2025-04-01 20:01:23.958021,0 days 00:00:09.503487,0.8031008967270392,0.9463376832555199,8,0.2914960486166675,0.05934805624125972,0.09246672700595883,0.023123996713049707,0.007951392591866151,0.01744056998236819,0.0022073235780475553,22,113,0.08739050233011915,0.034802868704518305,False,False,False,6.616125740389064e-08,COMPLETE
1980,0.40141205787658696,2025-04-01 20:01:24.601927,2025-04-01 20:01:34.984556,0 days 00:00:10.382629,0.4231157093415212,0.9143615570351097,8,0.2778920895047998,0.06496643890079411,0.05899391350523338,0.03364833406172108,0.028526703053304674,0.09887553532939689,0.0013282842634292937,26,133,0.08386497209222295,0.051237609662874696,False,False,False,1.3651261284644581e-08,COMPLETE
1981,0.37952685356140137,2025-04-01 20:01:35.651704,2025-04-01 20:01:46.575829,0 days 00:00:10.924125,0.8740217374069854,0.9850504793935794,8,0.2854927169304047,0.09970262393599426,0.020037114816940652,0.028228785810987707,0.0027240966601328152,0.023769428432165007,0.0008283742226704192,25,116,0.05200393317953898,0.04326960842931843,True,False,False,5.868246423601162e-08,COMPLETE
1982,0.4143988609313965,2025-04-01 20:01:47.252383,2025-04-01 20:01:57.565211,0 days 00:00:10.312828,0.7772426435321156,0.8756197024489832,8,0.25950726316986367,0.07443279542277377,0.01733538256100673,0.0251901611078498,0.034798356225857266,0.015970648527781572,0.0016298228113330196,26,120,0.08908666654616366,0.03404261206579376,False,False,False,2.0523575915461805e-07,COMPLETE
1983,0.39645429849624636,2025-04-01 20:01:58.215899,2025-04-01 20:02:06.933606,0 days 00:00:08.717707,0.8403979430197683,0.8452823521158193,16,0.269897421887041,0.05767433051876477,0.023183522412003214,0.02982056467663313,0.012064174767211748,0.020436057738685204,0.001112987918236807,27,126,0.09382826640624094,0.040053309008606604,False,False,False,2.8302465407699e-07,COMPLETE
1984,0.2887604355812073,2025-04-01 20:02:07.597949,2025-04-01 20:02:17.095054,0 days 00:00:09.497105,0.9063290977268785,0.9069291828864261,8,0.039951562331515325,0.06871606324167387,0.0859433427219909,0.027042488194944977,0.008913230372651303,0.012399540191860304,0.00021808682410544904,27,122,0.08579582366438918,0.05481900485084468,False,True,False,2.7844202040129588e-08,COMPLETE
1985,0.4176177263259888,2025-04-01 20:02:17.766593,2025-04-01 20:02:27.585598,0 days 00:00:09.819005,0.8658322914540357,0.9350875005291933,8,0.2944977061022913,0.052424966826090116,0.027068371548160032,0.023166641808408318,0.005703399030716348,0.01764543123121722,0.0009733369795297546,24,110,0.08183350308885426,0.03340211476500497,False,False,False,1.9217169971953684e-08,COMPLETE
1986,0.42143703699111945,2025-04-01 20:02:28.233333,2025-04-01 20:02:38.444082,0 days 00:00:10.210749,0.8292516678073176,0.8852393764057074,8,0.27693826887706463,0.10661407735156603,0.08845359036309608,0.03179848762192087,0.00980957421317184,0.014605839907698797,0.0013868789884035916,26,104,0.09146322179089408,0.0472416035984787,False,False,False,7.840652346476421e-08,COMPLETE
1987,0.43439792394638066,2025-04-01 20:02:39.114501,2025-04-01 20:02:48.496340,0 days 00:00:09.381839,0.8879652873569411,0.8653724130352176,8,0.2884920268113686,0.06271726494516269,0.02395483790080332,0.08222969502276357,0.01252026018776446,0.06827618356342911,0.000832690316043675,21,117,0.08793444570882991,0.034654471125075886,False,False,False,1.3304237960037309e-08,COMPLETE
1988,0.41442557573318484,2025-04-01 20:02:49.169128,2025-04-01 20:02:59.648188,0 days 00:00:10.479060,0.8631776235650047,0.9253015909479886,8,0.28055898309170857,0.27829838809418567,0.060216608342581565,0.02755575675895038,0.004478751221195017,0.021783883836553056,0.0011841202031668868,27,131,0.08490744899514202,0.04384132785383482,False,False,False,1.297900862457538e-07,COMPLETE
1989,0.4203640222549439,2025-04-01 20:03:00.302031,2025-04-01 20:03:08.428444,0 days 00:00:08.126413,0.9030351776169401,0.8413634707025983,8,0.26432927531220535,0.0720827236404338,0.04756028204995856,0.034755906182834896,0.06992986789287534,0.024062940821087665,0.0018288448102892418,14,127,0.09028434732747045,0.060210593998986484,False,False,False,8.03702579027229e-08,COMPLETE
1990,0.38458435535430907,2025-04-01 20:03:09.096519,2025-04-01 20:03:19.587548,0 days 00:00:10.491029,0.16782412291378485,0.9570832985741844,8,0.27217639371423247,0.05749515619743775,0.01426262269431889,0.024721217194913818,0.007162131611830027,0.018580438496875754,0.0009600356035726953,27,123,0.0786513286695385,0.23214299795086626,False,False,False,4.383836041922283e-08,COMPLETE
1991,0.41891266107559205,2025-04-01 20:03:20.258541,2025-04-01 20:03:30.741159,0 days 00:00:10.482618,0.8856765312318577,0.899955163896869,8,0.2119323251392499,0.06662948843211824,0.019191450722351597,0.02926756078259782,0.06771667042143881,0.015703062699475735,0.0014670587287862764,27,120,0.0867890187077674,0.03770176794099794,False,False,False,5.8704986676073836e-08,COMPLETE
1992,0.40558203458786013,2025-04-01 20:03:31.399613,2025-04-01 20:03:41.676794,0 days 00:00:10.277181,0.8520769027002121,0.8834308569194013,8,0.29470254708091187,0.04316672967265041,0.08762074327314988,0.0257227222464245,0.010480542180790298,0.011916677159687994,0.0011814937894483418,26,114,0.09458023649642035,0.03359450289667292,False,False,False,1.7741775185107486e-07,COMPLETE
1993,0.4020615935325623,2025-04-01 20:03:42.353424,2025-04-01 20:03:52.484054,0 days 00:00:10.130630,0.8263614595259577,0.5133397906602922,8,0.28442884762923204,0.11141940011881257,0.028451911954880324,0.023114561763952178,0.0386933706414716,0.020157217675231914,0.0008315653373087513,25,125,0.09235468701064806,0.0555937001345551,False,False,False,1.0017459066233317e-08,COMPLETE
1994,0.41874525547027586,2025-04-01 20:03:53.130954,2025-04-01 20:04:03.611654,0 days 00:00:10.480700,0.9113509157031399,0.8561014714007988,8,0.29056630142689527,0.07273554986439017,0.021258604022515608,0.030461346717737658,0.006715497079132607,0.022950040064774895,0.0010529534221065911,27,129,0.08860002366956847,0.07176069522123413,False,False,False,1.0026368317434228e-07,COMPLETE
1995,0.3019669473171234,2025-04-01 20:04:04.281570,2025-04-01 20:04:23.501960,0 days 00:00:19.220390,0.8810316177518343,0.9290591506450251,2,0.2735300440514448,0.04868949561945275,0.05775548701247678,0.026857136684709234,0.008189630470947397,0.018064530108586184,0.0016152057571931467,25,118,0.08318776993195662,0.04768514583404574,False,False,True,3.5845831433106076e-08,COMPLETE
1996,0.42132389545440674,2025-04-01 20:04:24.171963,2025-04-01 20:04:34.632078,0 days 00:00:10.460115,0.8456946001796559,0.8309909595567627,8,0.29981252335858005,0.05984085706494792,0.06262082227112709,0.022569433505938173,0.012281481652888728,0.01072234194317805,0.0012820854724980386,27,122,0.08033450750981022,0.10299511658979539,False,False,False,1.0013663132372077e-08,COMPLETE
1997,0.42585865259170536,2025-04-01 20:04:35.281938,2025-04-01 20:04:44.976239,0 days 00:00:09.694301,0.8621387280667322,0.9066985033794578,8,0.2818805524079127,0.07531425314749493,0.06087870617164362,0.03206333289448033,0.0038204080471382585,0.013915524396209075,0.0008416472999161578,23,111,0.08698900652279935,0.04023694316851878,False,False,False,2.3060266617394535e-08,COMPLETE
1998,0.3680798411369324,2025-04-01 20:04:45.650284,2025-04-01 20:04:56.727100,0 days 00:00:11.076816,0.8932391322413729,0.8777555973371515,8,0.12722297338150196,0.06645897088735474,0.09421337348853992,0.02786323470388737,0.06565399346066211,0.016532886980018525,0.0010027233378577245,26,115,0.09034867851724193,0.03241548947068801,True,False,False,1.615616031895262e-08,COMPLETE
1999,0.37282410860061643,2025-04-01 20:04:57.397930,2025-04-01 20:05:07.708952,0 days 00:00:10.311022,0.7950919193708184,0.9405487193275395,8,0.26793985605103054,0.15191131867210408,0.04404224770305204,0.02468284089025203,0.02683253818252803,0.02487173157391736,0.0022193903193694796,26,126,0.08536172899198931,0.13600814453305843,False,False,False,4.755454736972707e-08,COMPLETE
