number,value,datetime_start,datetime_complete,duration,params_alpha-eval,params_alpha-train,params_batch-size,params_eps-eval,params_eps-train,params_lambda-actions-eval,params_lambda-actions-train,params_lambda-frames-eval,params_lambda-frames-train,params_learning-rate,params_n-epochs,params_n-frames,params_radius-gw,params_rho,params_std-feats,params_ub-actions,params_ub-frames,params_weight-decay,state
1250,0.4205191612243653,2025-04-22 05:51:01.715872,2025-04-22 05:51:15.477288,0 days 00:00:13.761416,0.7925215679796793,0.6776216020695011,2,0.27681265252013776,0.14317088001969086,0.07755558771734283,0.03220423306709088,0.04195331970547494,0.006534152012291226,0.0005935897114366177,11,136,0.08190706089418931,0.2220898622690994,False,False,False,2.0087489153700458e-08,COMPLETE
1251,0.37968432903289795,2025-04-22 05:51:15.876053,2025-04-22 05:51:23.793196,0 days 00:00:07.917143,0.8602833431199769,0.6453651721490098,16,0.26367736718871554,0.13678799738347108,0.07703865085916899,0.026828421079488955,0.04105536239590237,0.008858830343391706,0.000993099060418638,11,130,0.08447465275390657,0.23367509361358305,True,False,False,3.4680258296184743e-08,COMPLETE
1252,0.40507857799530034,2025-04-22 05:51:24.193008,2025-04-22 05:51:37.854631,0 days 00:00:13.661623,0.8196328829447291,0.671919164052369,2,0.2742429411116899,0.12652904796793055,0.07885072411323724,0.030017294140961753,0.04620309420531536,0.010296744191565172,0.0008227686974628516,11,137,0.08798753041024603,0.22579344372898177,False,False,False,2.8179659880078484e-08,COMPLETE
1253,0.4261699318885804,2025-04-22 05:51:38.257707,2025-04-22 05:51:52.568582,0 days 00:00:14.310875,0.8790621939536328,0.9554331471550704,2,0.2602409569797735,0.12114994251674957,0.08080421521916101,0.026915835362697288,0.08846062480068186,0.010453346331908638,0.000932464948275084,12,125,0.0864926339496164,0.23614274892579432,False,False,False,1.7950981614341572e-08,COMPLETE
1254,0.389361310005188,2025-04-22 05:51:52.969477,2025-04-22 05:52:07.344389,0 days 00:00:14.374912,0.888252841702134,0.9802121957211872,2,0.21701806562377113,0.1327945157153874,0.08380369009640365,0.028634917723487398,0.04634595451388262,0.011513712724660903,0.0010116020763521977,12,139,0.09146899898038477,0.22813885300784567,False,False,False,2.602726037928865e-08,COMPLETE
1255,0.4333766579627991,2025-04-22 05:52:07.763720,2025-04-22 05:52:21.498643,0 days 00:00:13.734923,0.8657199479625985,0.6923170325311053,2,0.2709051068781634,0.12035131413282325,0.08285006831966557,0.030677310428375064,0.04504196471752609,0.0019506890666043655,0.0007671211764116594,11,132,0.0815408423567047,0.22161978541863295,False,False,False,3.1449158753665276e-08,COMPLETE
1256,0.3728260159492493,2025-04-22 05:52:21.902912,2025-04-22 05:52:36.254011,0 days 00:00:14.351099,0.8779341155948078,0.6358948963656909,2,0.2774831113434271,0.12855468297395226,0.08234532563904799,0.033664518213604534,0.04118691632911135,0.008338883368250704,0.0009517183195027276,12,136,0.08046557294946012,0.2356031497992755,False,False,False,3.5841158636360435e-08,COMPLETE
1257,0.4366333484649658,2025-04-22 05:52:36.659674,2025-04-22 05:52:50.210310,0 days 00:00:13.550636,0.89448604134325,0.7158429730683196,2,0.267636859498539,0.11830853829765571,0.0836045460636947,0.02604520773694517,0.048258500103199764,0.004126631105113281,0.001044038739390877,11,140,0.08300934089609562,0.23106104773164757,False,False,False,1.1467077535552141e-08,COMPLETE
1258,0.3627291560173035,2025-04-22 05:52:50.614382,2025-04-22 05:53:11.477773,0 days 00:00:20.863391,0.9069717217704635,0.6619562712697207,2,0.1467972752562571,0.12454798073107479,0.08203182448606001,0.02843505958197633,0.03862550134486688,0.048591048456604925,0.0010064646296058515,27,142,0.07916023931936833,0.23997776205827834,False,False,True,1.5435033724576133e-08,COMPLETE
1259,0.332856035232544,2025-04-22 05:53:11.885577,2025-04-22 05:53:24.094678,0 days 00:00:12.209101,0.900451269055668,0.6814688443761775,2,0.28081958542814267,0.16440256263197692,0.0811207563409374,0.026441257239344804,0.04013963361535948,0.006590616746503511,0.0007898401139768513,11,139,0.08034432706539366,0.2360466242530542,False,True,False,5.218986211048014e-05,COMPLETE
1260,0.4496182441711426,2025-04-22 05:53:24.507979,2025-04-22 05:53:39.023024,0 days 00:00:14.515045,0.8579358642480388,0.6512916445200726,2,0.2570169973124322,0.14462287531181556,0.0748501305028782,0.03701951235964106,0.04306135144780835,0.011637203915673529,0.001067456253099392,12,135,0.0827542734081705,0.21920816694263695,False,False,False,2.5409718889534602e-08,COMPLETE
1261,0.3764366388320923,2025-04-22 05:53:39.428917,2025-04-22 05:53:47.100412,0 days 00:00:07.671495,0.8125401217736304,0.6301434105533125,8,0.26262335842354606,0.13850389170658187,0.07695016934789652,0.02583031576755738,0.04254376060315102,0.009199618843393388,0.0008426433725672813,10,88,0.07989547174509234,0.22641520126978396,False,False,False,3.995744839332713e-08,COMPLETE
1262,0.3898510575294495,2025-04-22 05:53:47.511616,2025-04-22 05:54:01.135085,0 days 00:00:13.623469,0.8495977398085888,0.5728031449796513,2,0.27161888020899955,0.11815027142920839,0.07833626675591908,0.03143423989219151,0.040909814755362026,0.012544366776821114,0.0010989693478837914,11,142,0.07957119589931885,0.24124324925599297,False,False,False,3.378882106132112e-08,COMPLETE
1263,0.4380109906196595,2025-04-22 05:54:01.540584,2025-04-22 05:54:14.574185,0 days 00:00:13.033601,0.8777974538703772,0.7094231868614972,2,0.23859424119005254,0.15136421584358883,0.08085933712329679,0.028371556893691877,0.039412190108281134,0.030714169132358155,0.0006820494948148986,10,144,0.08187680527145652,0.23127099606935014,False,False,False,2.3468201855510546e-08,COMPLETE
1264,0.39712408781051634,2025-04-22 05:54:14.979661,2025-04-22 05:54:30.631527,0 days 00:00:15.651866,0.9143864875934409,0.9812744839717149,2,0.27987644925758404,0.12812929222476369,0.07618818208834181,0.025421798039944037,0.03812101791522539,0.010355206569653344,0.0011252729831367212,14,138,0.08561230847220647,0.22145788487781984,False,False,False,2.01962021768963e-08,COMPLETE
1265,0.3852966904640198,2025-04-22 05:54:31.034500,2025-04-22 05:54:45.356196,0 days 00:00:14.321696,0.8962641495946445,0.9307780930309808,2,0.2754397798332804,0.11698180521346128,0.08391373571577267,0.03331356965557368,0.04287937750792754,0.007281075490614142,0.0003103700449079296,12,132,0.08961526782817428,0.23561182530042665,False,False,False,3.484986383849017e-08,COMPLETE
1266,0.37967656850814824,2025-04-22 05:54:45.758685,2025-04-22 05:55:02.054360,0 days 00:00:16.295675,0.6859800423712631,0.6717686163867892,2,0.24942898100640226,0.1318288723619018,0.08036099104944844,0.030297902415959116,0.046967231069456196,0.03389843425734588,0.00010070915916478484,15,148,0.07855109668127028,0.24183050052876728,False,False,False,1.3312828832154802e-08,COMPLETE
1267,0.3918401598930359,2025-04-22 05:55:02.457433,2025-04-22 05:55:16.103898,0 days 00:00:13.646465,0.9231612437551098,0.9640393358302802,2,0.2587049439621587,0.12239068344218504,0.08178148498336073,0.027863640844127933,0.05010376849427591,0.01289097811713614,0.0005250669341907384,11,141,0.083762244930678,0.22916850936941535,False,False,False,4.23188862180193e-08,COMPLETE
1268,0.4594309329986572,2025-04-22 05:55:16.508915,2025-04-22 05:55:30.823754,0 days 00:00:14.314839,0.9233963002184973,0.6895898623677619,2,0.28230968126110445,0.11652171979246453,0.08297275928156593,0.025259658206310355,0.039067375477162,0.010755101863622938,0.0009101722485341856,12,145,0.07949128188756392,0.21863850160820678,False,False,False,1.7867023127819582e-08,COMPLETE
1269,0.40272337198257446,2025-04-22 05:55:31.230195,2025-04-22 05:55:46.447105,0 days 00:00:15.216910,0.9014037948168394,0.7127373932415796,2,0.2766506767019845,0.12438397854837566,0.08299879029211107,0.029460583733045685,0.03979870779254146,0.0035732990902228503,0.0007129354384621524,13,150,0.08139631795390148,0.21903513246449513,False,False,False,1.3268418725350167e-08,COMPLETE
1270,0.38802715539932253,2025-04-22 05:55:46.852551,2025-04-22 05:56:01.213220,0 days 00:00:14.360669,0.8917041899173771,0.7232520044153934,2,0.27011472820917315,0.11773601086148397,0.08579524656903412,0.026956852053599073,0.015710267335826054,0.006131667431320004,0.0006148244234849483,12,146,0.08101371866604641,0.2161185597992329,False,False,False,1.674683761129224e-08,COMPLETE
1271,0.38079793453216554,2025-04-22 05:56:01.638511,2025-04-22 05:56:16.756048,0 days 00:00:15.117537,0.9119260026965502,0.7390630539400896,2,0.27951722566352566,0.12407036644898323,0.07910889039111185,0.028955545799130285,0.04033458599105894,0.009863285292132826,0.0007995822976988242,12,148,0.07968620390898228,0.2176369808418505,True,False,False,2.1516618633445752e-08,COMPLETE
1272,0.38189834356307983,2025-04-22 05:56:17.169799,2025-04-22 05:56:32.103334,0 days 00:00:14.933535,0.9226876419041844,0.7034393467046577,2,0.27333161110231385,0.11795193032871146,0.08281575880580568,0.025632812423338827,0.04449047569089271,0.0070336801401945535,0.0005621503323876116,13,145,0.08458290499501399,0.2147536697124048,False,False,False,1.0973624873562415e-08,COMPLETE
1273,0.3955931305885315,2025-04-22 05:56:32.525740,2025-04-22 05:56:46.979482,0 days 00:00:14.453742,0.8805714264287773,0.69889911053685,2,0.26693671887845555,0.12740090541234073,0.08355099293836628,0.03180119659551771,0.046100608950703365,0.008301446179224905,0.0008842732680395923,12,150,0.08197172500754964,0.22254589824582427,False,False,False,1.5646163098564624e-08,COMPLETE
1274,0.380598795413971,2025-04-22 05:56:47.393899,2025-04-22 05:57:01.605050,0 days 00:00:14.211151,0.7356773370053824,0.6903527505884606,2,0.28068185937481066,0.11614136813355258,0.08553864436294054,0.026790003062915027,0.042834269261147875,0.010221888963159693,0.0008908662167540679,12,91,0.07973799655551499,0.22366958648621998,False,False,False,1.7435808053423053e-08,COMPLETE
1275,0.38417118787765503,2025-04-22 05:57:02.017334,2025-04-22 05:57:09.480206,0 days 00:00:07.462872,0.9107785946147009,0.7229881486358924,16,0.26718956078341183,0.13285434361948492,0.0815475704871288,0.02990675631717443,0.04012157064044568,0.028086033665313516,0.0008059309650317175,13,145,0.0834567886967523,0.2167889044262918,False,False,False,1.3724449243857674e-08,COMPLETE
1276,0.3279039084911347,2025-04-22 05:57:09.892201,2025-04-22 05:57:22.786714,0 days 00:00:12.894513,0.8728095496157926,0.695010947317378,2,0.28031399068516843,0.12165955393956024,0.0801136903901079,0.02519201531893962,0.038007763467904854,0.012785439102924068,0.0008819257927879748,12,147,0.0802452977335632,0.2248607714152192,False,True,False,2.4598777706298134e-08,COMPLETE
1277,0.3745778799057007,2025-04-22 05:57:23.203697,2025-04-22 05:57:36.606935,0 days 00:00:13.403238,0.927426239931865,0.6797451686098314,2,0.054566818472294526,0.11385417072972438,0.07791257615156667,0.027964637553476387,0.0398703807419406,0.008746774171917458,0.0010373385143909717,13,144,0.07893540259292232,0.21437773947857036,False,False,True,2.0955783345704023e-08,COMPLETE
1278,0.3781924724578858,2025-04-22 05:57:37.015608,2025-04-22 05:57:51.440340,0 days 00:00:14.424732,0.8980793404461129,0.7404667830163366,2,0.2731336961816218,0.11869037177797209,0.08456041329540585,0.03245430953692583,0.04098253702337385,0.013749923244525035,0.0006797407026893922,12,148,0.08240859703728111,0.22636447995175502,False,False,False,1.9991377044367693e-08,COMPLETE
1279,0.3937535643577576,2025-04-22 05:57:51.853641,2025-04-22 05:58:08.731247,0 days 00:00:16.877606,0.9244019896934779,0.7132165738048173,2,0.2831785126180479,0.129478705076798,0.08202645680019763,0.035628169554445394,0.04017247997952782,0.02903640227460156,0.030233750322619764,16,143,0.08559420033526657,0.2293153601542596,False,False,False,1.5762608332162072e-08,COMPLETE
1280,0.4260587692260743,2025-04-22 05:58:09.139557,2025-04-22 05:58:23.500058,0 days 00:00:14.360501,0.8472812478504705,0.6879690034554233,2,0.26333827073679805,0.1372551673328892,0.07939818088496865,0.04247657292368774,0.04064374215473677,0.011294941593132803,0.0010138813235093236,12,147,0.07826764434527013,0.22041585345065112,False,False,False,2.8308543202043433e-08,COMPLETE
1281,0.4526497006416321,2025-04-22 05:58:23.906412,2025-04-22 05:58:38.948918,0 days 00:00:15.042506,0.9299038042441996,0.674867447074858,2,0.2764337917109551,0.1142034035018296,0.08521923218121855,0.025096371380111976,0.05374207632726046,0.04124313010635799,0.0006917475869313688,13,141,0.07875437183255783,0.22114638594266753,False,False,False,1.6074698623252335e-08,COMPLETE
1282,0.44589501619338995,2025-04-22 05:58:39.357253,2025-04-22 05:58:53.763111,0 days 00:00:14.405858,0.8836181883420907,0.7051918426319571,2,0.22427951430321888,0.125083175043267,0.0866923665962,0.02823679681303156,0.04435206983495806,0.02620073088515068,0.0009477882971725059,12,144,0.0817947988875294,0.21278555791006507,False,False,False,1.0535518879670112e-08,COMPLETE
1283,0.44552347660064695,2025-04-22 05:58:54.173279,2025-04-22 05:59:08.579596,0 days 00:00:14.406317,0.9094386502377392,0.7260257653748856,2,0.2685598340383362,0.11936471117705001,0.0842703368235291,0.030548890087182298,0.057840413433152466,0.015968932403082524,0.0011494716950397634,12,150,0.0783963348626753,0.2306426834628897,False,False,False,1.9329681867131477e-08,COMPLETE
1284,0.424494469165802,2025-04-22 05:59:09.024528,2025-04-22 05:59:23.994971,0 days 00:00:14.970443,0.8264840997030303,0.6644156613618948,2,0.25469830729930587,0.05206521768908704,0.08045841576312417,0.027118873185148478,0.0860506383315939,0.009914137528536805,0.001149288089963153,13,138,0.08044550272378075,0.22544479090676114,False,False,False,3.084007712822229e-08,COMPLETE
1285,0.38590002059936523,2025-04-22 05:59:24.417221,2025-04-22 05:59:32.449529,0 days 00:00:08.032308,0.9323577927340643,0.9044970041060054,8,0.2838807181603544,0.11328144543426556,0.08319712890896082,0.02480867423540033,0.04095621754966769,0.013353796713514745,0.0008545071171622463,11,145,0.08389735052982973,0.23345516157492296,False,False,False,2.895694677279744e-08,COMPLETE
1286,0.38692485094070433,2025-04-22 05:59:32.864807,2025-04-22 05:59:47.208091,0 days 00:00:14.343284,0.8598159182607755,0.6877600127813376,2,0.2744814725834583,0.12370962814399342,0.0758654766404675,0.029310767833083874,0.04227376221414371,0.004774799599013854,0.0006272927251053863,12,140,0.08644588538327466,0.21695425687336642,False,False,False,2.2640015673372364e-08,COMPLETE
1287,0.4533338189125061,2025-04-22 05:59:47.624874,2025-04-22 06:00:03.221444,0 days 00:00:15.596570,0.9356752331654361,0.7513297456687951,2,0.2613109617896179,0.13233414308485023,0.08208859191782214,0.026791080150853557,0.014047641378151489,0.007967318090333984,0.0009841404735655417,14,135,0.07736924985050173,0.2298751712834542,False,False,False,1.2572605716682926e-08,COMPLETE
1288,0.44899322986602785,2025-04-22 06:00:03.636441,2025-04-22 06:00:17.324572,0 days 00:00:13.688131,0.9030747300497672,0.6905555880826595,2,0.2831458677327547,0.14106060927388417,0.07864449405127091,0.024728464827110185,0.0485912694090278,0.03268710011702425,0.0012241307953441724,11,143,0.08132329671222846,0.22095173920254657,False,False,False,4.294077597680097e-08,COMPLETE
1289,0.3918290257453919,2025-04-22 06:00:17.740825,2025-04-22 06:00:32.093706,0 days 00:00:14.352881,0.9387863061598445,0.6631466423941152,2,0.2688375041359516,0.11264953105621148,0.08658028788921525,0.031245176288331677,0.038368172673966215,0.02419528903361627,0.0007560032056907618,12,148,0.08878335315155646,0.21137640310620529,False,False,False,3.683057017145678e-08,COMPLETE
1290,0.3792411208152771,2025-04-22 06:00:32.507372,2025-04-22 06:00:47.610009,0 days 00:00:15.102637,0.915494015027809,0.9827367329231109,2,0.27860428943884413,0.11741253198655419,0.08237642260433138,0.022988861297546053,0.05215390694676179,0.016382934512234087,0.00012458350945400282,12,139,0.07946107718145015,0.23456818890785663,True,False,False,2.0285565130846487e-08,COMPLETE
1291,0.4393008589744568,2025-04-22 06:00:48.020024,2025-04-22 06:01:03.118834,0 days 00:00:15.098810,0.8824190385882451,0.9991468043788695,2,0.24304585828656386,0.12729005773009355,0.0862312547247059,0.02828029712863037,0.04236688915998016,0.012053247506745418,0.001167805134134148,13,146,0.07770066763778359,0.22426452081751477,False,False,False,2.647410312970127e-08,COMPLETE
1292,0.3988493800163269,2025-04-22 06:01:03.533296,2025-04-22 06:01:17.271648,0 days 00:00:13.738352,0.9430094080012922,0.9617520918665904,2,0.2562409887612683,0.12014814909643354,0.08692481528475506,0.03407588262175685,0.04396609063857762,0.01052696527464354,0.0009528827271671236,11,142,0.08350795480356542,0.22647021035730472,False,False,False,2.747408869229816e-08,COMPLETE
1293,0.3896596670150757,2025-04-22 06:01:17.689379,2025-04-22 06:01:31.426530,0 days 00:00:13.737151,0.9147522748767373,0.7172314108412011,2,0.2848739833018782,0.14828199911213838,0.08772839550973673,0.029585207452934473,0.055710099116691884,0.014201902291945697,0.0012335875842742487,11,131,0.07793395810683637,0.23616032188297462,False,False,False,1.690763243235227e-08,COMPLETE
1294,0.43121702671051027,2025-04-22 06:01:31.839382,2025-04-22 06:01:46.108841,0 days 00:00:14.269459,0.9427027555359521,0.677618330518441,2,0.2738359681786414,0.11213305951951445,0.08099324145691769,0.03795000112104876,0.08385818969973743,0.025960277037961426,0.0010619273249595803,12,137,0.08060498110412653,0.2176496408201121,False,False,False,3.682077099938407e-08,COMPLETE
1295,0.342251843214035,2025-04-22 06:01:46.522866,2025-04-22 06:01:59.910402,0 days 00:00:13.387536,0.8959136540857155,0.3173816332590743,2,0.26674158686794486,0.13546661355294026,0.08493175188800263,0.026303065012003864,0.06487627294526281,0.01698122657872333,0.0008245966180367766,13,145,0.07779474479214299,0.23089530780330408,False,True,False,4.627268886796232e-08,COMPLETE
1296,0.32336873412132267,2025-04-22 06:02:00.346383,2025-04-22 06:02:07.230811,0 days 00:00:06.884428,0.9285762061895462,0.6580723507077451,16,0.2614499551102316,0.12398802544966019,0.07708543306217355,0.024216130262996065,0.05927072192923687,0.021539401330181063,0.0012730851403711838,11,141,0.030067343331465813,0.21081990034844328,False,False,True,2.4389927820996304e-08,COMPLETE
1297,0.37216622829437257,2025-04-22 06:02:07.652113,2025-04-22 06:02:22.034924,0 days 00:00:14.382811,0.950030613728923,0.7009491460044773,2,0.24764405516403376,0.11093540236826621,0.08389645676545568,0.02638583796621576,0.08656369175913997,0.030031442286736425,0.0012170423457553005,12,150,0.08270184678684077,0.23873122517394907,False,False,False,2.9695366253507842e-08,COMPLETE
1298,0.43493561744689946,2025-04-22 06:02:22.455584,2025-04-22 06:02:36.061988,0 days 00:00:13.606404,0.8667216171275329,0.679936442946094,2,0.2771470576718141,0.1158906196676149,0.08180882737085915,0.03323237000833419,0.08987753818309252,0.01568098308466985,0.0009690928667769543,11,144,0.08009699851651882,0.23144620833445448,False,False,False,3.8274904225810864e-08,COMPLETE
1299,0.4325507164001465,2025-04-22 06:02:36.481217,2025-04-22 06:02:51.417426,0 days 00:00:14.936209,0.915184733624083,0.72258816341106,2,0.2848580049997269,0.1301854559763622,0.0789923413056624,0.021804620172984346,0.061086899373665786,0.012035734982199581,0.0007414557888890085,13,147,0.07733264194787244,0.22011928263112548,False,False,False,1.9087971553077372e-08,COMPLETE
1300,0.4428570628166199,2025-04-22 06:02:51.834327,2025-04-22 06:03:13.218082,0 days 00:00:21.383755,0.7655153489727902,0.6564936265985795,2,0.23244244729566904,0.12194577724659435,0.0858683217168444,0.03075832585552932,0.038291616323185,0.02739651241101435,0.0012894932686734221,23,134,0.07905792030828382,0.2259642604674628,False,False,False,4.640355473129224e-08,COMPLETE
1301,0.38619089126586914,2025-04-22 06:03:13.633912,2025-04-22 06:03:27.929995,0 days 00:00:14.296083,0.946377298147401,0.7012409604743044,2,0.272726745471886,0.11103269263670233,0.05480185257615879,0.028168063951052043,0.0373370797032079,0.02348773475427537,0.0010324046077350088,12,111,0.0770933963190332,0.23858981367890233,False,False,False,3.700124126707552e-08,COMPLETE
1302,0.38492748737335203,2025-04-22 06:03:28.348237,2025-04-22 06:03:43.890134,0 days 00:00:15.541897,0.8816983426595193,0.732010001645385,2,0.2531232841676677,0.11748821931222299,0.08312386118839185,0.023484116569654673,0.0928983750776967,0.018240377265491943,0.001314312014866891,14,137,0.03675817709048875,0.2357326572116204,False,False,False,2.3383707381823436e-08,COMPLETE
1303,0.38478167057037355,2025-04-22 06:03:44.307014,2025-04-22 06:03:57.691961,0 days 00:00:13.384947,0.9290379613482018,0.9431759737600792,2,0.2804890818424746,0.1260961326007997,0.0525274842037988,0.02568056669338729,0.04489808155422706,0.008393460544020894,0.0005769211597565385,11,63,0.08502021035274572,0.2111200662973226,False,False,False,1.4705949249016604e-08,COMPLETE
1304,0.4550090312957764,2025-04-22 06:03:58.105508,2025-04-22 06:04:12.368080,0 days 00:00:14.262572,0.9015593103156783,0.674516107862168,2,0.2859430223638054,0.1377025056248881,0.07744721879283245,0.027916015702644043,0.09705734448843356,0.06953547607058064,0.0010792528224750418,12,141,0.08149317569013784,0.22730145499251403,False,False,False,5.4688511507256587e-08,COMPLETE
1305,0.414771044254303,2025-04-22 06:04:12.784228,2025-04-22 06:04:20.855351,0 days 00:00:08.071123,0.9454106722012494,0.6483525377302124,8,0.26796201966096145,0.11070116096917676,0.08851225815573997,0.03160890060553728,0.01858191107185638,0.014406876631634338,0.0008647611750218793,11,147,0.07747139670445646,0.15623073714434452,False,False,False,3.229876296356997e-08,COMPLETE
