number,value,datetime_start,datetime_complete,duration,params_alpha-eval,params_alpha-train,params_batch-size,params_eps-eval,params_eps-train,params_lambda-actions-eval,params_lambda-actions-train,params_lambda-frames-eval,params_lambda-frames-train,params_learning-rate,params_n-epochs,params_n-frames,params_radius-gw,params_rho,params_std-feats,params_ub-actions,params_ub-frames,params_weight-decay,state
392,0.42350118160247807,2025-04-01 15:02:42.610520,2025-04-01 15:02:53.336429,0 days 00:00:10.725909,0.9677553957508042,0.7474752263997757,8,0.2853663404708781,0.06797615103691172,0.049737822672307426,0.011757111904390102,0.04236854901817964,0.09873815771033474,0.0008047799979579037,29,124,0.08008224813786083,0.01662641388753785,False,False,False,1.593477742106877e-06,COMPLETE
393,0.42081054449081423,2025-04-01 15:02:53.460139,2025-04-01 15:03:04.000660,0 days 00:00:10.540521,0.9851292817843137,0.7749738574875928,8,0.2773248293570377,0.07714683879198257,0.05302228210458965,0.029323508211678832,0.04715715343868025,0.009829814250931553,0.0010011193778699365,28,117,0.0847351121097397,0.026312692442778274,False,False,False,2.137301573002602e-06,COMPLETE
394,0.39375079870224006,2025-04-01 15:03:04.125169,2025-04-01 15:03:14.664542,0 days 00:00:10.539373,0.9060244594680996,0.7577092626399772,8,0.2497934952005324,0.08855509294327983,0.05555455905190958,0.014160145302596506,0.049195651313953766,0.06569229843585452,0.000456205202900752,29,90,0.08230170772131425,0.012771422502385827,False,False,False,2.5998942853003102e-06,COMPLETE
395,0.41433086395263674,2025-04-01 15:03:14.791144,2025-04-01 15:03:25.151328,0 days 00:00:10.360184,0.8728620004474464,0.738487429622579,8,0.2574278657824239,0.08263697954206004,0.051242917894755984,0.027321671533204084,0.05249816561983877,0.009258368926364398,0.0006835303252228496,27,127,0.0894029491874308,0.02261390125785634,False,False,False,7.278970565044982e-07,COMPLETE
396,0.40811742544174195,2025-04-01 15:03:25.286029,2025-04-01 15:03:36.004786,0 days 00:00:10.718757,0.9435766719283747,0.7004876431427522,8,0.2670593700313655,0.10037889833261021,0.054270341296911065,0.0394136546928833,0.05067971266030414,0.08017777719795237,0.0019252288287734782,29,120,0.08819243356727724,0.031888882871179386,False,False,False,1.2059435926654097e-06,COMPLETE
397,0.37741297483444214,2025-04-01 15:03:36.131640,2025-04-01 15:03:47.746723,0 days 00:00:11.615083,0.9632424273543785,0.8208996496941899,8,0.2614448532437796,0.0548546888099989,0.04699612322355058,0.04476350882866313,0.044706993314869395,0.05989348447734562,0.001284948757593828,28,123,0.0849619367867355,0.0013514466582109017,True,False,False,1.7639061369608987e-06,COMPLETE
398,0.4095789432525635,2025-04-01 15:03:47.873224,2025-04-01 15:03:58.001432,0 days 00:00:10.128208,0.9302380637690226,0.7278450643791697,2,0.11133331709640232,0.07408310581694809,0.051635597194774396,0.015429877222548499,0.05560720674817245,0.013009632262289468,0.0009431407336764088,6,116,0.09044817043936257,0.015307704681563348,False,False,False,8.834397852409169e-07,COMPLETE
399,0.4138270139694214,2025-04-01 15:03:58.138121,2025-04-01 15:04:09.049799,0 days 00:00:10.911678,0.9975506987711319,0.772706900318367,8,0.27312593254091966,0.11267668084756448,0.05774901969981791,0.024257695979368502,0.04704617877902095,0.007729207007532254,0.0007710852297543368,30,119,0.0828235731288244,0.023202674070445403,False,False,False,2.1665503424037342e-06,COMPLETE
400,0.38254966735839846,2025-04-01 15:04:09.175752,2025-04-01 15:04:19.350992,0 days 00:00:10.175240,0.9740317361210024,0.7931011165081997,8,0.03828223225974209,0.09417065609101916,0.04884649853356689,0.017495274331166648,0.007106636832849058,0.010478946462297224,0.0005398663996644891,29,32,0.08003071346469873,0.009508115707803976,False,False,False,1.358811301185972e-06,COMPLETE
401,0.3282224714756012,2025-04-01 15:04:19.482328,2025-04-01 15:04:27.002653,0 days 00:00:07.520325,0.8963143434403514,0.6026029547200877,8,0.2443454866612752,0.155209396443232,0.07849564570691134,0.05567591953402983,0.05396793962695739,0.006751682785984619,0.0010851412329495763,15,125,0.08764979033816427,0.028513333714107893,False,True,False,2.9087935475356602e-06,COMPLETE
402,0.4130287170410157,2025-04-01 15:04:27.140514,2025-04-01 15:04:38.116815,0 days 00:00:10.976301,0.9566567303524659,0.747648845527822,8,0.2545846423717272,0.06207343200972613,0.05978509708439975,0.009902663522995347,0.049106898828088046,0.01930468017400278,0.001493060198303041,30,129,0.08566854489857081,0.01906297740654951,False,False,False,1.6615568924269387e-06,COMPLETE
403,0.40398669242858887,2025-04-01 15:04:38.249609,2025-04-01 15:04:48.766793,0 days 00:00:10.517184,0.9326629589905827,0.700359924356966,8,0.2662702189846001,0.0832746039946191,0.05339715333673443,0.013612850067714457,0.04275066827729956,0.02292490655790284,0.0008413427021891839,29,81,0.09403776637907865,0.03126561262698166,False,False,False,2.0741802335411776e-06,COMPLETE
404,0.38052033185958867,2025-04-01 15:04:48.896123,2025-04-01 15:04:59.225481,0 days 00:00:10.329358,0.8474436966018417,0.5032807210798038,8,0.2803449185187165,0.12340017124003977,0.07640521563812726,0.02009713080818675,0.05121924390502422,0.00906556413954999,0.002774257013964803,27,122,0.09224129778782787,0.011190106617404806,False,False,False,6.361227662756245e-07,COMPLETE
405,0.4030460000038147,2025-04-01 15:04:59.357104,2025-04-01 15:05:09.837480,0 days 00:00:10.480376,0.9797584421624672,0.7216828313898735,8,0.2915660443782335,0.0881267653299429,0.056410749612884954,0.016883800201109037,0.046077296939043555,0.005412834340585202,0.021295131561016672,28,117,0.07751911279415458,0.024137507234350174,False,False,False,1.0715493964272253e-06,COMPLETE
406,0.43576697111129764,2025-04-01 15:05:09.975663,2025-04-01 15:05:20.792735,0 days 00:00:10.817072,0.9993774517364611,0.7643550396835896,8,0.2731530268612235,0.07868714898299291,0.06114020356859135,0.02326884858555806,0.04864939175508092,0.010384353610097947,0.0006548710538396158,30,110,0.08917004646944886,0.035621026258924986,False,False,False,1.4278402690512866e-06,COMPLETE
407,0.4291696429252625,2025-04-01 15:05:20.920661,2025-04-01 15:05:31.746380,0 days 00:00:10.825719,0.8802562340474195,0.8122520221377793,8,0.2748222429721375,0.06784427494296062,0.06086121747977099,0.022981467957170466,0.048693724977433225,0.01324633646185979,0.0006857290136607193,30,107,0.08438476493433815,0.03410685136042067,False,False,False,2.550415218932477e-06,COMPLETE
408,0.2887604355812073,2025-04-01 15:05:31.875963,2025-04-01 15:05:40.676403,0 days 00:00:08.800440,0.9475889741938586,0.7743121090038622,16,0.28466696250611484,0.00925550044781126,0.061815625596539386,0.025987021220862105,0.052628724683754756,0.011243754817836314,0.0011275897126861024,30,109,0.0868003229537034,0.18646285166129226,False,False,False,1.7822181763497904e-06,COMPLETE
409,0.39967999458312986,2025-04-01 15:05:40.816429,2025-04-01 15:05:51.652940,0 days 00:00:10.836511,0.9186562005076051,0.8424180957414866,8,0.26194735677849745,0.07535697409196174,0.059120818815547156,0.02382320376623523,0.07582012848363465,0.010213101824125314,4.362633775736263e-05,30,112,0.09049789799600728,0.03657492858543686,False,False,False,2.993384093535915e-06,COMPLETE
410,0.43286572694778447,2025-04-01 15:05:51.782860,2025-04-01 15:06:02.682832,0 days 00:00:10.899972,0.9810901725538337,0.801777143871176,8,0.27792522811824844,0.07995493965587647,0.06194930455573406,0.02119461750962101,0.05080628512729091,0.013219963192690393,0.0009433542861701153,30,126,0.08203149805724767,0.042889474049763794,False,False,False,1.3329932265768362e-06,COMPLETE
411,0.29476404190063477,2025-04-01 15:06:02.813485,2025-04-01 15:06:12.631755,0 days 00:00:09.818270,0.9658675003324967,0.757373269120463,8,0.25004292686755347,0.0722524279754432,0.04375117009485398,0.01885425202778802,0.05676515165981104,0.008270891727692326,0.0012576614175647217,30,113,0.0874697825705623,0.03506642408117746,False,False,True,9.321715899568302e-07,COMPLETE
412,0.4197783589363099,2025-04-01 15:06:12.774047,2025-04-01 15:06:23.497528,0 days 00:00:10.723481,0.7737799969167812,0.780741660272852,8,0.27124118906925104,0.20199287802285423,0.07359259243225784,0.07227629552123126,0.054543574313612626,0.011323915708604361,0.0008039645887462033,29,121,0.08409079814107309,0.026491468162463658,False,False,False,2.2668467844439862e-06,COMPLETE
413,0.41948460340499877,2025-04-01 15:06:23.629744,2025-04-01 15:06:34.531927,0 days 00:00:10.902183,0.8214212946507348,0.7544830954854657,8,0.25580292653311715,0.07834589487276422,0.058917056884104924,0.020665980796864235,0.04860631838859525,0.014068835077223922,0.0006463084682781576,30,131,0.08914116295653936,0.030103056160793104,False,False,False,1.680628964354013e-06,COMPLETE
414,0.4189996361732483,2025-04-01 15:06:34.663391,2025-04-01 15:06:45.388108,0 days 00:00:10.724717,0.7395274931845034,0.6988479248366353,8,0.26469178634782875,0.06443185878674479,0.07958117278108902,0.012119362893152151,0.05181455560173068,0.008872816654407948,0.0009913414429542045,29,125,0.08002627026799945,0.04098495777786923,False,False,False,1.1558458901699534e-06,COMPLETE
415,0.3782664656639099,2025-04-01 15:06:45.532424,2025-04-01 15:06:57.496045,0 days 00:00:11.963621,0.8431535941982297,0.4432665831635547,8,0.09716788382682554,0.1303469554895602,0.06401823449743395,0.023184145692552498,0.0041271153885461005,0.001027272362677606,0.0015199810321927442,30,120,0.08644675427537746,0.02064753411049973,True,False,False,6.79165014075381e-07,COMPLETE
416,0.4107567310333252,2025-04-01 15:06:57.629624,2025-04-01 15:07:07.657789,0 days 00:00:10.028165,0.9118140075397012,0.7942710408845164,8,0.2612177680853457,0.08345194988774328,0.057715059081635,0.02554062690304157,0.047096516770198306,0.004970519340454563,0.0011644658146392223,26,100,0.09191914532343559,0.03250503647151908,False,False,False,2.16382602998863e-06,COMPLETE
417,0.4269595861434937,2025-04-01 15:07:07.789636,2025-04-01 15:07:18.568347,0 days 00:00:10.778711,0.9515187582734816,0.7676346608418504,8,0.2734051711156697,0.10621952984182308,0.07524457857028104,0.01595817054007022,0.049872441191592363,0.007494529861423002,0.0008473762650048044,29,123,0.08470225475189576,0.024947977705257557,False,False,False,2.7193142419989973e-06,COMPLETE
418,0.4143806695938111,2025-04-01 15:07:18.713073,2025-04-01 15:07:29.568983,0 days 00:00:10.855910,0.9802828979618736,0.7163921937386982,8,0.2673057066494714,0.07062618117811122,0.06040948654255208,0.07808440024899385,0.010225427033285371,0.010833579872026995,0.0007038429555626533,30,110,0.08863334014948532,0.07501042540752108,False,False,False,1.6993699509049777e-06,COMPLETE
419,0.4173081040382386,2025-04-01 15:07:29.706674,2025-04-01 15:07:40.388752,0 days 00:00:10.682078,0.8617220549556722,0.7376976051440876,8,0.25620968584287884,0.0938958142912253,0.05593045824804747,0.018155476807878757,0.0593297565397793,0.004377841874669466,0.0019527997913347784,29,105,0.09512883126708592,0.03712078580321248,False,False,False,3.4496804475443166e-06,COMPLETE
420,0.3287697196006775,2025-04-01 15:07:40.523140,2025-04-01 15:07:50.061744,0 days 00:00:09.538604,0.7859551644066051,0.6193788466811307,8,0.2810906883960527,0.0570846530241038,0.06328923147875755,0.014431058150840736,0.05416691467013958,0.07696118614111438,0.001001085004477131,28,118,0.08242283604393023,0.019598171191635722,False,True,False,8.442863040949993e-07,COMPLETE
421,0.3875353574752808,2025-04-01 15:07:50.207793,2025-04-01 15:08:01.150950,0 days 00:00:10.943157,0.9423536731947114,0.646076432974369,8,0.24416210402351243,0.07685114529599626,0.07734381850386117,0.021461077592648554,0.056255856033689114,0.006066684084192694,0.001348482937539508,30,128,0.09030222830155296,0.1502683640817205,False,False,False,1.50297863552827e-06,COMPLETE
422,0.4090819478034973,2025-04-01 15:08:01.284965,2025-04-01 15:08:25.007826,0 days 00:00:23.722861,0.8967213854987979,0.8220676045846637,2,0.2519219070325884,0.08475713296355232,0.058138353379419826,0.027445508957813686,0.05297599701105666,0.08491675948355923,0.00593601172149144,28,115,0.08591704222068063,0.027276535983085742,False,False,False,1.944260758074089e-06,COMPLETE
423,0.4151313304901123,2025-04-01 15:08:25.143632,2025-04-01 15:08:35.163081,0 days 00:00:10.019449,0.9995418281097586,0.6985947393198567,8,0.271247404161309,0.049455337428951654,0.06080631462235114,0.020084494383450675,0.048137400740377076,0.02109587749203303,0.000626882144405281,25,133,0.08826829022827687,0.0055718778634501025,False,False,False,1.2589380181433448e-06,COMPLETE
424,0.4182681918144226,2025-04-01 15:08:35.310198,2025-04-01 15:08:46.122298,0 days 00:00:10.812100,0.808126323687889,0.7463006169855747,8,0.2889003014259435,0.09849542884135445,0.05452784397794512,0.017377976503995352,0.05094856810571209,0.008892930326142329,0.0016161112526464887,30,122,0.09291051404986782,0.017525840432400214,False,False,False,2.605105742807965e-06,COMPLETE
425,0.4254294753074646,2025-04-01 15:08:46.259573,2025-04-01 15:08:56.917108,0 days 00:00:10.657535,0.929789123851757,0.5785080735648929,8,0.26137203202501835,0.040547695147480384,0.07526799536811545,0.01070129893055943,0.046403457200642546,0.001002035741871651,0.00081911540154358,29,119,0.08385148245673495,0.04593058741273695,False,False,False,1.0148136851218258e-06,COMPLETE
426,0.4350820541381836,2025-04-01 15:08:57.053097,2025-04-01 15:09:07.781223,0 days 00:00:10.728126,0.7544027472430952,0.7759608831517935,8,0.27564590664493943,0.09197583828415706,0.0505675611444463,0.02308657684968413,0.04946018299690905,0.003966705077009551,0.001142388407753151,29,125,0.08656632592106188,0.034215187397735915,False,False,False,5.84855494367129e-07,COMPLETE
427,0.4095375895500183,2025-04-01 15:09:07.918240,2025-04-01 15:09:18.305991,0 days 00:00:10.387751,0.7442185262495989,0.7732711305896021,8,0.28017007996938825,0.14004329764014994,0.0498871585353967,0.02269596997880054,0.04942789768675498,0.008063775783438792,0.001252482875030797,27,127,0.09041312744032232,0.03158302496648857,False,False,False,4.743034513861016e-07,COMPLETE
428,0.3903684377670288,2025-04-01 15:09:18.451502,2025-04-01 15:09:29.062734,0 days 00:00:10.611232,0.72757703010337,0.794799649604025,8,0.08210932564768246,0.10324849125156388,0.04674324077066451,0.029925503859000082,0.0458918188266219,0.006319818234248539,0.0009349124647572919,28,130,0.045324278222649464,0.023155159085140573,False,False,False,7.936001964043014e-07,COMPLETE
429,0.42879065275192263,2025-04-01 15:09:29.197392,2025-04-01 15:09:39.709606,0 days 00:00:10.512214,0.7685712476904144,0.8042116804061243,8,0.2873608306017702,0.0675711112381298,0.05019354208238621,0.024981360095945895,0.04773026110601888,0.011990493043611718,0.0005626232826280304,28,125,0.08076550398839234,0.0154549891661936,False,False,False,6.219471208990192e-07,COMPLETE
430,0.43046133518219,2025-04-01 15:09:39.848576,2025-04-01 15:09:50.509877,0 days 00:00:10.661301,0.9603613419620282,0.7747255272176595,8,0.2761058313056911,0.09212279626358842,0.05178976568805981,0.023947930181213124,0.04495784000747655,0.004446548518361516,0.0007376380637342267,29,125,0.08588496017486245,0.02815094062230814,False,False,False,6.793750383375053e-07,COMPLETE
431,0.3810457229614258,2025-04-01 15:09:50.655540,2025-04-01 15:09:59.346940,0 days 00:00:08.691400,0.9739208593777611,0.754197011821447,16,0.27190467898288495,0.0809450090497038,0.07933947923454122,0.0274071122036863,0.050717677037821866,0.009618653145849435,0.0016578714490246705,29,114,0.0880873242105516,0.023778682685080654,False,False,False,4.28543534672783e-07,COMPLETE
432,0.3022887587547302,2025-04-01 15:09:59.484281,2025-04-01 15:10:08.865415,0 days 00:00:09.381134,0.7557712889551791,0.7793960964546084,8,0.28131924569722144,0.07346851550052315,0.04807648066019088,0.013646380051973198,0.0010914014118945225,0.014920017844757282,0.001133314337669727,27,123,0.08306124842828734,0.034448917468353664,False,False,True,5.3338005747479e-07,COMPLETE
433,0.4152787685394287,2025-04-01 15:10:09.003930,2025-04-01 15:10:19.695711,0 days 00:00:10.691781,0.7271051161975013,0.356012550144545,8,0.26744980340546554,0.1170207746378495,0.05185370421055412,0.062093218238924656,0.0495863332702664,0.006909063164341601,0.0008769713292762246,29,127,0.09136381617706137,0.010540477262373083,False,False,False,5.821113344599696e-07,COMPLETE
434,0.398396921157837,2025-04-01 15:10:19.844129,2025-04-01 15:10:30.310635,0 days 00:00:10.466506,0.9804133789886681,0.7600739059152612,8,0.25946292974973045,0.08485782585495498,0.08182760438115622,0.021853337967681383,0.006820996875745494,0.004172423329488392,0.0014103203014771072,28,119,0.029932966405093443,0.01857138512139913,False,False,False,1.3633493055384887e-06,COMPLETE
435,0.38785595893859864,2025-04-01 15:10:30.452959,2025-04-01 15:10:42.358590,0 days 00:00:11.905631,0.9243581470068668,0.8359561084273529,8,0.1246311461896916,0.09371456014330372,0.07358312526409506,0.015809162091616303,0.04768175967425748,0.010232132688974873,0.0010602819294444885,29,129,0.08523253057790184,0.02851944809656881,True,False,False,1.0215132191470865e-06,COMPLETE
436,0.390435791015625,2025-04-01 15:10:42.495673,2025-04-01 15:10:53.003840,0 days 00:00:10.508167,0.9990253789782247,0.737511474592049,8,0.27593637832303736,0.06143280543762657,0.06850196733009217,0.025148378689349424,0.05878896874103939,0.007580271488747308,0.00043021678613415157,30,40,0.0508272852000541,0.005345146945773264,False,False,False,7.773128354188804e-07,COMPLETE
437,0.4349772453308106,2025-04-01 15:10:53.152988,2025-04-01 15:11:03.912845,0 days 00:00:10.759857,0.9549626683861242,0.7899539997623133,8,0.24762432275064822,0.07779166270303743,0.07672626285917555,0.018159837493049592,0.0403791546456155,0.06818837699497672,0.0007046897196356839,29,117,0.08908569309775254,0.014498629841709357,False,False,False,1.8098527090625647e-06,COMPLETE
438,0.4337123036384583,2025-04-01 15:11:04.053486,2025-04-01 15:11:14.515824,0 days 00:00:10.462338,0.9493441672045394,0.8139156236636998,8,0.2321318370578079,0.07250081801974659,0.07772848433093436,0.018503303899869455,0.041334494095241696,0.0741564567969206,0.0005912535477928851,28,112,0.09334519009265545,0.011807720699754313,False,False,False,3.3560807414240315e-07,COMPLETE
439,0.32822421193122864,2025-04-01 15:11:14.655993,2025-04-01 15:11:24.103881,0 days 00:00:09.447888,0.910554498306911,0.8523191010902788,8,0.2478439901677223,0.07739279768448752,0.0796653618366469,0.0206897441221652,0.04230458613221406,0.07973626415278827,0.0006617533588024544,28,116,0.09003988222828785,0.0161827843855531,False,True,False,4.3917858831691887e-07,COMPLETE
440,0.41864222288131714,2025-04-01 15:11:24.252695,2025-04-01 15:11:34.966446,0 days 00:00:10.713751,0.9381017591894665,0.790251498907101,8,0.2402121872012716,0.06709897942294496,0.07597522805600203,0.022878621407951726,0.03943378539211381,0.01421177972755631,0.0007457491401499802,29,109,0.08850180370969,0.0016198742349066916,False,False,False,2.0169308316594963e-06,COMPLETE
441,0.4308572888374329,2025-04-01 15:11:35.106206,2025-04-01 15:11:45.791811,0 days 00:00:10.685605,0.9598155661059043,0.8269424156326085,8,0.24545431185881636,0.07765711799298701,0.07810643828885258,0.019200501421712104,0.04014616586768541,0.07234013581534583,0.00046378496556249456,29,116,0.08717086814269402,0.008617967144991714,False,False,False,1.4247668541091018e-06,COMPLETE
442,0.43014016151428225,2025-04-01 15:11:45.932431,2025-04-01 15:11:56.033688,0 days 00:00:10.101257,0.9672670991973196,0.8008783572033051,8,0.25281729442811346,0.08160784731618559,0.07678488328360905,0.016516468216097608,0.04398505805415227,0.0695454998013268,0.0005707612582249933,26,113,0.08887934465923537,0.0161685121145659,False,False,False,1.1230043090848839e-06,COMPLETE
443,0.4370906233787537,2025-04-01 15:11:56.184165,2025-04-01 15:12:06.882789,0 days 00:00:10.698624,0.8803708877213131,0.7844728376064103,8,0.28498120779200475,0.06798237947172314,0.0737516312282375,0.01812496723887792,0.03848676177860852,0.025957607219353494,0.000755223343654821,29,118,0.09126713117799684,0.023565641661998465,False,False,False,1.6737477625771865e-06,COMPLETE
444,0.41418910026550293,2025-04-01 15:12:07.024150,2025-04-01 15:12:17.619286,0 days 00:00:10.595136,0.8579567525537792,0.7687829155601915,8,0.29291076031775615,0.057911339309751855,0.07142276533801079,0.0207360337120567,0.003591121381656989,0.02571943536485135,0.0008712394281815336,28,120,0.09423831857920065,0.02139511676332264,False,False,False,8.61990589755692e-07,COMPLETE
445,0.3937893629074097,2025-04-01 15:12:17.775152,2025-04-01 15:12:37.785500,0 days 00:00:20.010348,0.8770608596557586,0.7841880509864015,2,0.28394582060790896,0.0647434654890932,0.07356948764230334,0.023766570428211006,0.045087052405221116,0.019623609355308602,0.0007864868244843503,22,121,0.038071437271725836,0.04017188171918631,False,False,False,1.4807113186909172e-06,COMPLETE
446,0.4399213075637818,2025-04-01 15:12:37.932254,2025-04-01 15:12:48.442186,0 days 00:00:10.509932,0.8887116148415299,0.7581405863533054,8,0.2925333144212573,0.07045399026638022,0.0704121895104359,0.017409483938587426,0.05627196286087858,0.027110103064088505,0.000940484918594224,28,119,0.09196465873775743,0.02420921357162958,False,False,False,2.120088385153187e-06,COMPLETE
447,0.4075632452964783,2025-04-01 15:12:48.585523,2025-04-01 15:12:58.754084,0 days 00:00:10.168561,0.8881353411069145,0.7515704151112179,8,0.2894138775977111,0.0584806873852511,0.07128346217720667,0.01545766180139873,0.056627268654465476,0.02455258134577077,0.0009107417500360582,27,72,0.09682315271722987,0.02541798483665828,False,False,False,2.287504802449338e-06,COMPLETE
