number,value,datetime_start,datetime_complete,duration,params_alpha-eval,params_alpha-train,params_batch-size,params_eps-eval,params_eps-train,params_lambda-actions-eval,params_lambda-actions-train,params_lambda-frames-eval,params_lambda-frames-train,params_learning-rate,params_n-epochs,params_n-frames,params_radius-gw,params_rho,params_std-feats,params_ub-actions,params_ub-frames,params_weight-decay,state
455,0.44985306262969976,2025-04-22 02:45:43.853955,2025-04-22 02:45:58.093401,0 days 00:00:14.239446,0.999417410781649,0.690497262381682,2,0.2826408663140495,0.11899438806398892,0.042308934454276824,0.027133887551115253,0.007201253335429217,0.02449095846153488,0.001772490714222308,12,140,0.0792215922891669,0.2547563027109381,False,False,False,3.5090749501454856e-08,COMPLETE
456,0.3798125088214874,2025-04-22 02:45:58.234202,2025-04-22 02:46:11.846082,0 days 00:00:13.611880,0.9304256488654723,0.6612538377598338,2,0.27667633550171294,0.10514054299637322,0.04641057003106635,0.09739948376492652,0.09712059294621221,0.0409215784055908,6.85108907160963e-05,11,148,0.0724688579387534,0.200793225890817,False,False,False,1.0914000141524837e-07,COMPLETE
457,0.4039462924003601,2025-04-22 02:46:11.999526,2025-04-22 02:46:26.888987,0 days 00:00:14.889461,0.9615921789903311,0.9967190714005341,2,0.26836820839973247,0.11073887770500321,0.04795674441560653,0.02964412864676516,0.0879061680213988,0.01673315114901708,0.0027476428415736994,13,125,0.08227327063215897,0.2425440333185087,False,False,False,6.596050628490455e-08,COMPLETE
458,0.4230244278907776,2025-04-22 02:46:27.029682,2025-04-22 02:46:41.328889,0 days 00:00:14.299207,0.9044743063335399,0.9696562399405364,2,0.25704905472552186,0.0944071949673983,0.0445351774766584,0.032671239061347904,0.08270643033758202,0.07079573245217943,0.0012726747275534787,12,145,0.07644752868156399,0.2355910986279696,False,False,False,2.3746683115773028e-08,COMPLETE
459,0.39053672552108765,2025-04-22 02:46:41.472071,2025-04-22 02:46:55.135273,0 days 00:00:13.663202,0.9414218092122715,0.754463433895233,2,0.27176380712322956,0.11560000846825007,0.050171779261741434,0.023219733126602676,0.0897428852381925,0.026567498548534983,0.0021689047782730494,11,142,0.08657284917420897,0.2601350097940083,False,False,False,1.2552231713956582e-07,COMPLETE
460,0.3834818482398987,2025-04-22 02:46:55.288100,2025-04-22 02:47:03.288571,0 days 00:00:08.000471,0.9811820247573495,0.6732378102436134,8,0.2442382771754206,0.10414804340260199,0.039069072120469873,0.02521496598050396,0.08503866207878094,0.007639465976491439,0.001497901109546689,12,76,0.07369597453990397,0.2209720766774813,False,False,False,4.320919051156166e-08,COMPLETE
461,0.37101573944091804,2025-04-22 02:47:03.432373,2025-04-22 02:47:16.523605,0 days 00:00:13.091232,0.9619222043365109,0.7195094171352968,2,0.2523058873557902,0.06992305407258496,0.04257181237410936,0.020844558827181635,0.08033389129856934,0.021425322957602133,0.0011061970866397316,10,134,0.07923380640443413,0.21200150273514992,False,False,False,1.7846456359231866e-07,COMPLETE
462,0.4039164066314697,2025-04-22 02:47:16.666789,2025-04-22 02:47:31.482288,0 days 00:00:14.815499,0.890083359647963,0.6128912121499785,2,0.26384639135726157,0.09960630271974309,0.04558768748265463,0.028629299503171366,0.08704532324640142,0.053883670887506466,0.0008016579194675639,13,128,0.0775330503832047,0.1622019831385067,False,False,False,8.79376631308976e-08,COMPLETE
463,0.3841973066329956,2025-04-22 02:47:31.637257,2025-04-22 02:47:45.807173,0 days 00:00:14.169916,0.9269170699245252,0.949462635630483,2,0.27832827551047185,0.11026842583153604,0.0527728722098127,0.03155884772149516,0.07615770950804973,0.01827721741798432,0.0019121989142129822,12,139,0.06947181786656936,0.25024692535165316,False,False,False,0.0009682934481818105,COMPLETE
464,0.3846184253692627,2025-04-22 02:47:45.950733,2025-04-22 02:48:00.285261,0 days 00:00:14.334528,0.9466712513115979,0.6980842706055626,2,0.28227462281962523,0.13243515301470493,0.048433445536540054,0.017105683621222806,0.08331726133781946,0.020497133609764975,0.0014714264531296626,11,145,0.07501180367893703,0.22962795769637045,True,False,False,5.745041038039387e-06,COMPLETE
465,0.40251960754394533,2025-04-22 02:48:00.441529,2025-04-22 02:48:13.335146,0 days 00:00:12.893617,0.9829736516950296,0.8730783926082819,2,0.26060056326817416,0.08734733392320158,0.055987419418051784,0.03490452191560822,0.08817925337896285,0.024019432390386636,0.004047802920637805,10,137,0.08048263834864595,0.24029097586987144,False,False,False,3.184479704574473e-08,COMPLETE
466,0.387905216217041,2025-04-22 02:48:13.479360,2025-04-22 02:48:35.522802,0 days 00:00:22.043442,0.9664647271074032,0.7781158590264328,2,0.2727505841149518,0.12032892692916244,0.04104524926660332,0.026360293300858196,0.07856449139406843,0.013175023378602175,0.001026551243813231,24,150,0.08403375020855515,0.24644294544485493,False,False,False,5.041220443737201e-08,COMPLETE
467,0.38252966403961186,2025-04-22 02:48:35.666800,2025-04-22 02:48:49.915469,0 days 00:00:14.248669,0.9194884645989851,0.9727604720390062,2,0.26620144196057216,0.1130017514201975,0.04367673300715294,0.02294967129809677,0.08155526575038298,0.015895302966474664,0.0029761726411483007,12,131,0.07180977788119523,0.25402891106230097,False,False,False,6.902992223408002e-08,COMPLETE
468,0.38161712884902954,2025-04-22 02:48:50.073089,2025-04-22 02:49:04.909460,0 days 00:00:14.836371,0.9451283751155897,0.6400384046107676,2,0.24736167966056988,0.0987077148923399,0.05098851327796137,0.030397490713668075,0.08533456860581737,0.029275881184559774,0.0023696111032857456,13,111,0.08186561839707386,0.2645075491922001,False,False,False,1.8127226280320055e-08,COMPLETE
469,0.38910837173461915,2025-04-22 02:49:05.057235,2025-04-22 02:49:12.231380,0 days 00:00:07.174145,0.983387495353653,0.7342210415231494,16,0.2372013881929687,0.0799888502340277,0.04676816128762161,0.027643641069913134,0.09510127757262743,0.02597383048560172,0.0017021608442064863,11,142,0.04218739269044424,0.23645413120097286,False,False,False,1.3581417004741122e-07,COMPLETE
470,0.2887604355812073,2025-04-22 02:49:12.379260,2025-04-22 02:49:25.245043,0 days 00:00:12.865783,0.9992929614040579,0.9275310661540954,2,0.2844156479438059,0.10618842234309471,0.03895364790306996,0.02435653563020408,0.0916509280317262,0.019417044111495543,0.0012988472770366672,12,135,0.07852935828964296,0.22636306671521747,False,True,True,9.655688978366992e-08,COMPLETE
471,0.3810376405715943,2025-04-22 02:49:25.400560,2025-04-22 02:49:38.900471,0 days 00:00:13.499911,0.9031256299994713,0.6756590039386469,2,0.2559976785483854,0.12417664054828645,0.04910084965445831,0.03821772842001608,0.08397597698293795,0.022663802296028317,0.001993115868218373,11,96,0.07537909511411851,0.244814252715828,False,False,False,5.683468302128863e-08,COMPLETE
472,0.45034221410751346,2025-04-22 02:49:39.046582,2025-04-22 02:49:52.079980,0 days 00:00:13.033398,0.9594310771037301,0.7034537939816233,2,0.2761770869092024,0.09134500035249328,0.044646196750459756,0.019919897932063543,0.08954032922081219,0.0241405881653397,0.000896492158951345,10,140,0.07365284747439944,0.2583480428868155,False,False,False,3.9581510363877465e-08,COMPLETE
473,0.41520701646804814,2025-04-22 02:49:52.227269,2025-04-22 02:50:05.962941,0 days 00:00:13.735672,0.21418592921331378,0.8988276845335953,2,0.26992440897002495,0.11713644750140051,0.04221337913294561,0.026526824656398298,0.05846592762497212,0.021135325961274005,0.0014304007974137323,11,147,0.07714277631762863,0.18195153620294102,False,False,False,7.738304930041467e-08,COMPLETE
474,0.43114962577819826,2025-04-22 02:50:06.120948,2025-04-22 02:50:20.983447,0 days 00:00:14.862499,0.9318132235313534,0.8123711498887731,2,0.26160585136931985,0.10320529565594834,0.03739792243407293,0.033102452540568164,0.08649235648614324,0.01775641222468268,0.003411927972393162,13,144,0.08060237270609664,0.13896860426230093,False,False,False,2.6105340735145858e-08,COMPLETE
475,0.43475781679153447,2025-04-22 02:50:21.131765,2025-04-22 02:50:35.523361,0 days 00:00:14.391596,0.8806965197018399,0.981040736319466,2,0.27772786100955765,0.11167983183006047,0.046524878235235226,0.02980106716338026,0.08159212456499053,0.02676048430006675,0.0006592727584279409,12,138,0.07622294553301741,0.2509573003601781,False,False,False,1.0810913046627494e-07,COMPLETE
476,0.4039698839187622,2025-04-22 02:50:35.682495,2025-04-22 02:50:49.425796,0 days 00:00:13.743301,0.9656801693694528,0.999965312540444,2,0.2514907333893951,0.09779191404398788,0.0402225613943064,0.022606937670779665,0.08375559906549741,0.006195590009062295,0.001140875857429494,11,142,0.07882422282917594,0.23228115956180015,False,False,False,6.62347177141786e-08,COMPLETE
477,0.4179680347442627,2025-04-22 02:50:49.573435,2025-04-22 02:51:03.810083,0 days 00:00:14.236648,0.9474110998795277,0.9616513786817661,2,0.28469881004970776,0.10841366165236266,0.0690681850322743,0.028400751408941133,0.08747152595251244,0.0037756422954466585,0.00246174320474607,12,133,0.08331160680888629,0.2688109838198591,False,False,False,1.6049154454685725e-07,COMPLETE
478,0.44125816822052005,2025-04-22 02:51:03.958374,2025-04-22 02:51:21.454633,0 days 00:00:17.496259,0.9787362202653503,0.7444085612584347,2,0.26771289569902657,0.12732090492690915,0.04378472790007167,0.025193094934478227,0.09003100093696123,0.022871086358064976,0.0017883891603901747,17,147,0.07387517275036695,0.2401390873489614,False,False,False,3.273750011464928e-08,COMPLETE
479,0.38611931800842286,2025-04-22 02:51:21.614669,2025-04-22 02:51:33.942748,0 days 00:00:12.328079,0.9155856697410699,0.682618664183484,2,0.273883934181531,0.21142643932481373,0.053621722586295446,0.03107056752825152,0.07912778874972304,0.01963029091029355,0.0015956360463619073,9,136,0.0670671518574208,0.19265433335719734,False,False,False,4.649045165273084e-08,COMPLETE
480,0.38156400918960576,2025-04-22 02:51:34.092498,2025-04-22 02:51:42.043775,0 days 00:00:07.951277,0.49295082297306214,0.947242760283726,8,0.25733805233242607,0.14700015178123224,0.048602551262628746,0.021393150167672438,0.08543501114710987,0.015420289224673606,0.001294314030323417,11,129,0.07751940981473894,0.2191909794519083,False,False,False,2.0839736492581322e-08,COMPLETE
481,0.43847342729568484,2025-04-22 02:51:42.191576,2025-04-22 02:52:05.424852,0 days 00:00:23.233276,0.9337697391985437,0.6623907872594446,2,0.26599474345614366,0.09221215021303589,0.04582810388669261,0.027558040534825017,0.08137706083985013,0.03704703159432514,0.0010149277398373514,26,140,0.08557689211235187,0.242891890369654,False,False,False,8.450755697359745e-08,COMPLETE
482,0.39611526727676394,2025-04-22 02:52:05.585947,2025-04-22 02:52:19.287627,0 days 00:00:13.701680,0.9808955508672946,0.7179101078346544,2,0.03522045574334631,0.08444046656118992,0.051689190864988105,0.023966840091761525,0.09283301119687488,0.012113778915718448,0.0021268214844946884,10,144,0.06227876053465619,0.2489236835847522,True,False,False,5.4131181570203116e-08,COMPLETE
483,0.3824362277984619,2025-04-22 02:52:19.440087,2025-04-22 02:52:34.337224,0 days 00:00:14.897137,0.9996956534325543,0.6910012708519989,2,0.2790995398743151,0.05284769182027223,0.04203430979264654,0.01820052999834494,0.08842843909097339,0.02505381127939448,0.0018319425932937711,13,138,0.07137692877180399,0.2609079345632564,False,False,False,1.2584819633713616e-07,COMPLETE
484,0.4624096870422364,2025-04-22 02:52:34.497536,2025-04-22 02:52:48.812211,0 days 00:00:14.314675,0.9550303988872582,0.9817643652778094,2,0.23395770968664537,0.11714085357205646,0.035163380831636844,0.02923601230479625,0.08383563812963282,0.021516337227009835,0.00143336205541367,12,133,0.08075372323653518,0.23235382445428146,False,False,False,7.707453743541796e-08,COMPLETE
485,0.4273332238197327,2025-04-22 02:52:48.962100,2025-04-22 02:53:03.247199,0 days 00:00:14.285099,0.9008052478833184,0.9993238292600171,2,0.23671363194029352,0.11770561646173011,0.03639238390914085,0.025571532521111003,0.08678454899259443,0.017688243297540825,0.0013511743854752159,12,131,0.08233635190886333,0.2236065886921918,False,False,False,0.0004606390916495834,COMPLETE
486,0.44669340848922734,2025-04-22 02:53:03.397949,2025-04-22 02:53:17.207893,0 days 00:00:13.809944,0.949918587682911,0.9797147758902278,2,0.22321810256797192,0.12375567132098202,0.03683853175052479,0.015551960701961097,0.09073830436855802,0.020934309108978588,0.0011459301196919713,11,132,0.080997397994759,0.23223506568806426,False,False,False,7.052384533472201e-08,COMPLETE
487,0.4377288818359375,2025-04-22 02:53:17.369624,2025-04-22 02:53:30.344988,0 days 00:00:12.975364,0.9292193332554859,0.9799366317712749,2,0.22876611531097346,0.11856975888850058,0.038265374992094515,0.02855260644874301,0.08407223736032451,0.009175965834866935,0.0008857393835815793,10,126,0.07966009903769121,0.2299723228216003,False,False,False,4.0983850390750106e-08,COMPLETE
488,0.3876210689544678,2025-04-22 02:53:30.496643,2025-04-22 02:53:44.814507,0 days 00:00:14.317864,0.9555003505297338,0.6285836597584162,2,0.23454074492323104,0.27376679670895365,0.0332374168815625,0.026576046999315435,0.08585843078446008,0.019382207510851974,0.001533732854966396,12,128,0.08486571354473046,0.23615634749563716,False,False,False,5.6006374020017545e-08,COMPLETE
489,0.3448615550994873,2025-04-22 02:53:44.965483,2025-04-22 02:53:58.208975,0 days 00:00:13.243492,0.9061383128207725,0.7171056393812815,2,0.24158542093591592,0.13613185812278922,0.03382591002637698,0.02262950120576912,0.08878366641321223,0.022208355521019626,0.0011917655121047325,13,134,0.08270399208168024,0.20998711813023516,False,True,False,2.8251618575277803e-08,COMPLETE
490,0.4261744379997254,2025-04-22 02:53:58.374568,2025-04-22 02:54:13.861614,0 days 00:00:15.487046,0.45163546589271664,0.9998109357239765,2,0.23296623583573528,0.22027673537921114,0.03588776937933845,0.029533573047143994,0.08240500033854087,0.016295683393768832,0.0007862755286240715,14,133,0.08065613779675605,0.21626847380703973,False,False,False,6.738849992568338e-08,COMPLETE
491,0.29448307156562803,2025-04-22 02:54:14.017596,2025-04-22 02:54:26.228251,0 days 00:00:12.210655,0.966528157838542,0.6519977643059328,2,0.24505282458218447,0.1308497971676704,0.03513647779549628,0.01987591210314632,0.07663929502075549,0.0196028117239935,0.0014964051337360818,11,135,0.08720909530493517,0.22544688273723118,False,False,True,9.046603214308755e-08,COMPLETE
492,0.39274847507476807,2025-04-22 02:54:26.392279,2025-04-22 02:54:34.481883,0 days 00:00:08.089604,0.9343648962741147,0.9577711960925146,16,0.2418797386595825,0.11292050173817528,0.039198032356448725,0.024931053783093203,0.08026597335615698,0.021389383269942348,0.001021182899589298,18,147,0.07844822676139204,0.15460593704775802,False,False,False,3.6833109978877816e-08,COMPLETE
493,0.37205194234848027,2025-04-22 02:54:34.635569,2025-04-22 02:54:48.913976,0 days 00:00:14.278407,0.8791262189527649,0.747775856938078,2,0.21968254739152793,0.07581944717630658,0.041563919690970036,0.0274314412864033,0.09202337964021029,0.01436773406161055,0.0016151612572933428,12,124,0.07984265674503932,0.23994162400591254,False,False,False,5.277682002011499e-08,COMPLETE
494,0.37597978115081787,2025-04-22 02:54:49.066214,2025-04-22 02:55:02.797778,0 days 00:00:13.731564,0.9205998497844011,0.7040038537282381,2,0.24989798071845026,0.10404284256214874,0.0400919896474249,0.02373680687914785,0.08517002435584609,0.01773096289034491,0.0013170288137181112,11,150,0.0821305589658599,0.23335055699337054,False,False,False,7.848794464921141e-08,COMPLETE
495,0.3779908895492554,2025-04-22 02:55:02.962780,2025-04-22 02:55:17.209406,0 days 00:00:14.246626,0.9767586337994262,0.9243963056842265,2,0.2551840223496431,0.12188849858093732,0.04316601768140571,0.029658927915366885,0.0875934290124725,0.022663664189781184,0.001845064101309143,12,129,0.07734264431740484,0.24500480708839464,False,False,False,4.1392122568259095e-08,COMPLETE
496,0.43651633262634276,2025-04-22 02:55:17.362217,2025-04-22 02:55:30.310754,0 days 00:00:12.948537,0.947866577240138,0.6746316103869311,2,0.22842562971267705,0.09843819984625488,0.08005893636755297,0.0320950943531829,0.08314287667946467,0.027584810834927056,0.0011572741130812818,10,138,0.08412391786418162,0.23839885476657205,False,False,False,6.103486440179437e-08,COMPLETE
497,0.45665793418884276,2025-04-22 02:55:30.465098,2025-04-22 02:55:44.126402,0 days 00:00:13.661304,0.9996297233842834,0.7790078551588713,2,0.26019736556023965,0.11318607412744143,0.034740809551928,0.021649855910913826,0.07840175445322942,0.023955491605266416,0.0014019849468149986,11,143,0.07638799982195257,0.22560350062534942,False,False,False,2.3420085372350417e-08,COMPLETE
498,0.4495752811431885,2025-04-22 02:55:44.289216,2025-04-22 02:55:57.223382,0 days 00:00:12.934166,0.9979997247645779,0.8046412468756274,2,0.2612632383531969,0.12592637605935975,0.0331152324031264,0.01331859268710716,0.07750638189188191,0.02503507918058072,0.0009706278032985711,10,144,0.07499440511213525,0.22451418318644745,False,False,False,1.9693102258614275e-08,COMPLETE
499,0.43642263412475585,2025-04-22 02:55:57.377531,2025-04-22 02:56:11.029528,0 days 00:00:13.651997,0.9816928409901151,0.77784181627011,2,0.2631847229356853,0.11608491967536193,0.08953290245815318,0.01868747489187163,0.07976914269982868,0.029989237217826845,0.0013931308581120975,11,146,0.07281009079671395,0.2050887384059113,False,False,False,3.7573877287798026e-08,COMPLETE
500,0.39686326980590825,2025-04-22 02:56:11.195874,2025-04-22 02:56:24.198174,0 days 00:00:13.002300,0.9849501274045889,0.8225609009889564,2,0.26928613592875744,0.11304682163717665,0.03466791675132522,0.020388485587056804,0.07809438521994717,0.02393668222237951,0.00125299381259838,10,142,0.08904962851695748,0.21849054713436972,False,False,False,1.7060908242834407e-08,COMPLETE
501,0.447097384929657,2025-04-22 02:56:24.353083,2025-04-22 02:56:37.929816,0 days 00:00:13.576733,0.9678525143738488,0.7906668319796225,2,0.25936840097042263,0.11920238551398529,0.03186872840956789,0.02259198132942932,0.0723321906990952,0.05128211131972108,0.0008390793166925746,11,145,0.07611607167822561,0.22790763498441227,False,False,False,2.223284786474845e-08,COMPLETE
502,0.4392292976379395,2025-04-22 02:56:38.084808,2025-04-22 02:56:51.726222,0 days 00:00:13.641414,0.9980449677091316,0.827815646512145,2,0.27166962284452434,0.10901021773664255,0.03762633841619678,0.021641030567902956,0.07461438168373012,0.032468438535365,0.0010728349624380769,11,150,0.0704496472079933,0.22090733533218185,False,False,False,2.7394499553296957e-08,COMPLETE
503,0.37822328805923466,2025-04-22 02:56:51.890951,2025-04-22 02:57:06.237368,0 days 00:00:14.346417,0.9662060008489078,0.7307758194591905,2,0.26433981399553197,0.1305649118934195,0.03607764938351127,0.034749483838776074,0.07955871519071236,0.026625377337314196,0.0016574075609965438,11,142,0.07446346743128765,0.21191076906480677,True,False,False,2.386751091371908e-08,COMPLETE
504,0.39257661104202274,2025-04-22 02:57:06.393682,2025-04-22 02:57:14.408021,0 days 00:00:08.014339,0.1725766390690664,0.7656994582079758,8,0.2863131954438418,0.12208933892235638,0.0334926105164936,0.016344771921801716,0.07706845098288281,0.022934508015087424,0.0006859737398831896,11,148,0.07856021615444533,0.23124039284253703,False,False,False,1.679981635063749e-08,COMPLETE
505,0.4500968098640442,2025-04-22 02:57:14.574934,2025-04-22 02:57:29.389954,0 days 00:00:14.815020,0.9831871155136462,0.7761797273258765,2,0.2540863209913787,0.11337906404180544,0.0358155150252051,0.026571561171106584,0.08055478683902684,0.025217862089091846,0.0014670838694689934,13,140,0.07642590202835693,0.2251003680357153,False,False,False,2.840968729058097e-08,COMPLETE
506,0.38964705467224126,2025-04-22 02:57:29.547363,2025-04-22 02:57:42.587267,0 days 00:00:13.039904,0.9991812945163062,0.7446084261375936,2,0.2717586413896916,0.06688999179159152,0.03440243390609843,0.01926506070102231,0.08183810839364579,0.02825172531638516,0.001204732679348848,10,136,0.05817035164097152,0.23491638403626,False,False,False,2.9455807778635216e-06,COMPLETE
507,0.4378709793090821,2025-04-22 02:57:42.743705,2025-04-22 02:57:57.001146,0 days 00:00:14.257441,0.9520986911949852,0.803520660762259,2,0.2597703863939519,0.10283857066798789,0.05466987853518751,0.02408123383791748,0.07582217900971071,0.021300288104694885,0.0017901328477715594,12,145,0.08093646336936919,0.21702646257937325,False,False,False,3.1925884779346624e-08,COMPLETE
508,0.3924121856689453,2025-04-22 02:57:57.167372,2025-04-22 02:58:11.357644,0 days 00:00:14.190272,0.9659271702213398,0.6948265404163451,2,0.20557409895996265,0.08992231518909413,0.037632101204114116,0.028874004750490553,0.09368936372333696,0.02366877950999869,0.0009501419093435102,12,142,0.009448186654395098,0.25152995633581116,False,False,False,2.0686936068404582e-08,COMPLETE
509,0.2887604355812073,2025-04-22 02:58:11.515365,2025-04-22 02:58:23.866870,0 days 00:00:12.351505,0.9471418865169868,0.8498341768036306,2,0.28254146870034236,0.10752300313380712,0.030151147188626957,0.021510938119932786,0.07899906909004678,0.018884950041807548,0.001316696082401459,11,130,0.07368006706279435,0.23009325984510592,False,True,True,4.4003723098473856e-08,COMPLETE
510,0.4386833429336548,2025-04-22 02:58:24.035175,2025-04-22 02:58:38.278807,0 days 00:00:14.243632,0.9802622935130574,0.7561298337524348,2,0.26483331232993207,0.19515596208226738,0.040103544522334854,0.030980518526098566,0.08385260130915723,0.01134892422554186,0.0015490128675608292,12,148,0.07744865421441662,0.24564816584417212,False,False,False,3.352916308852754e-08,COMPLETE
511,0.43978590965271,2025-04-22 02:58:38.436345,2025-04-22 02:58:51.351395,0 days 00:00:12.915050,0.9600428286331554,0.7218653040697371,2,0.2764896723202163,0.11686599805940551,0.05031125627099981,0.02652163531292152,0.0814311284279169,0.0048701206689247415,0.002030316957370789,10,136,0.07985122316984962,0.2375596672268654,False,False,False,4.66559069242661e-08,COMPLETE
