number,value,datetime_start,datetime_complete,duration,params_alpha-eval,params_alpha-train,params_batch-size,params_eps-eval,params_eps-train,params_lambda-actions-eval,params_lambda-actions-train,params_lambda-frames-eval,params_lambda-frames-train,params_learning-rate,params_n-epochs,params_n-frames,params_radius-gw,params_rho,params_std-feats,params_ub-actions,params_ub-frames,params_weight-decay,state
168,0.4370696783065796,2025-04-01 14:21:20.271696,2025-04-01 14:21:30.652103,0 days 00:00:10.380407,0.7438348435212124,0.8129707596097602,8,0.254918508086975,0.08252324986383053,0.06051597204733419,0.016234745928496972,0.04909358765862443,0.020152940054154977,0.0009769491863334096,27,123,0.08870340477434185,0.028124645852415947,False,False,False,1.5823647256669352e-06,COMPLETE
169,0.4045941472053528,2025-04-01 14:21:30.707467,2025-04-01 14:21:41.119625,0 days 00:00:10.412158,0.7386470405908239,0.8017321499778671,8,0.2576988385772746,0.08090655798192321,0.06205762730592461,0.017332895626414515,0.04957270322561242,0.01997726054178968,0.0027503019266097812,27,122,0.09205827070541844,0.024299656452556127,False,False,False,4.4690550162346745e-07,COMPLETE
170,0.4233236312866211,2025-04-01 14:21:41.175269,2025-04-01 14:21:51.665709,0 days 00:00:10.490440,0.7781743788829063,0.8193926985624249,8,0.27623230693705036,0.05871971311903319,0.06449294940210948,0.02309162650231512,0.047452908767714824,0.014733139780577144,0.000948112041508397,28,116,0.09006918191079943,0.02935396412560623,False,False,False,6.872826343287789e-07,COMPLETE
171,0.39861319065094,2025-04-01 14:21:51.723531,2025-04-01 14:22:02.223620,0 days 00:00:10.500089,0.6888153592908519,0.781702151350149,8,0.25627869717774104,0.08520728161141,0.07193116435582989,0.015094376214831019,0.0443042369903252,0.01627442077990475,0.0008313206175101486,28,124,0.08827472030171155,0.18540820962152094,False,False,False,9.511750847837835e-07,COMPLETE
172,0.4326056480407715,2025-04-01 14:22:02.289084,2025-04-01 14:22:13.080779,0 days 00:00:10.791695,0.7013469521861849,0.7129881874912194,8,0.27880651289226444,0.07562741932860056,0.05996704503986348,0.018390703986108405,0.05085143987050157,0.012517955716103465,0.0006307109976836493,29,127,0.08424717376363343,0.042777830532167715,False,False,False,1.8833828657618613e-06,COMPLETE
173,0.436646842956543,2025-04-01 14:22:13.138224,2025-04-01 14:22:23.800512,0 days 00:00:10.662288,0.7376796899415067,0.7031387095695969,8,0.24403507971910257,0.07637492551639452,0.05957596629875807,0.017500328132692124,0.05187134908890487,0.006431646887663811,0.000682073564058523,29,120,0.08477282018599122,0.041165530888907315,False,False,False,1.7500260261312077e-06,COMPLETE
174,0.42405447959899906,2025-04-01 14:22:23.858399,2025-04-01 14:22:34.542059,0 days 00:00:10.683660,0.728871187734555,0.7179899091914004,8,0.24409257398578116,0.07689580588130668,0.05989314215612425,0.017825385851166012,0.051203263046306256,0.0027733253193996544,0.0006838546248638155,29,119,0.08555208848636198,0.04585025626392108,False,False,False,1.8388781563413145e-06,COMPLETE
175,0.42330867052078247,2025-04-01 14:22:34.598959,2025-04-01 14:22:45.379378,0 days 00:00:10.780419,0.7016712052640871,0.7438563538946114,8,0.269950532376834,0.06516571358887824,0.06020261484967078,0.013381407743065744,0.05386637694346405,0.00529940083431624,0.0011327452737948552,29,124,0.0838697811415422,0.0386836499695372,False,False,False,2.613687081010346e-07,COMPLETE
176,0.3969949007034302,2025-04-01 14:22:45.440371,2025-04-01 14:22:56.079847,0 days 00:00:10.639476,0.783170134639212,0.7030290697195108,8,0.26384565902748097,0.03492530729985714,0.06525042684404782,0.016044452416737083,0.04814318875877439,0.012388535892612382,0.0006133062658408689,29,120,0.08200697971601582,0.033253597677190355,False,False,False,1.6443079917734738e-06,COMPLETE
177,0.4186770558357239,2025-04-01 14:22:56.137639,2025-04-01 14:23:07.147912,0 days 00:00:11.010273,0.8255716780642124,0.7701646860668385,8,0.2779537830478009,0.06966726348726626,0.05644261108618518,0.020889804093189274,0.046564370936286334,0.017549377043562076,0.000806633223120075,30,127,0.08796015918372012,0.042521661329295524,False,False,False,6.315393325430775e-07,COMPLETE
178,0.4202879428863525,2025-04-01 14:23:07.206134,2025-04-01 14:23:14.484053,0 days 00:00:07.277919,0.7411258560476522,0.7990088312677924,8,0.2484675286145871,0.0527355288509606,0.05854904029576734,0.019237510249055827,0.05939034194073299,0.0072067905637534175,0.001966785191242659,10,124,0.0843749157736439,0.031059999362012,False,False,False,8.889617258098129e-07,COMPLETE
179,0.4330953598022461,2025-04-01 14:23:14.543314,2025-04-01 14:23:25.195177,0 days 00:00:10.651863,0.6804147744303722,0.7690963488697924,8,0.25890201693774506,0.0778080340958812,0.062312247754580226,0.013770912159758293,0.05528298375943108,0.011793461790459505,0.0005341679724715178,29,117,0.08166455829927434,0.02361219981809776,False,False,False,2.313907075831873e-06,COMPLETE
180,0.2966955184936524,2025-04-01 14:23:25.255755,2025-04-01 14:23:34.866677,0 days 00:00:09.610922,0.7624584784418996,0.7429836358812606,8,0.2599659840490743,0.07709222905300098,0.061259030483578,0.0141360219914749,0.04972700329787736,0.012142483148559941,0.0009372286694935325,28,121,0.08668147275966956,0.02413744526513495,False,False,True,2.284162932489893e-06,COMPLETE
181,0.430314576625824,2025-04-01 14:23:34.934570,2025-04-01 14:23:45.638691,0 days 00:00:10.704121,0.6829488073136973,0.7680238420270025,8,0.26893831920384037,0.08454828468400594,0.06265465770133102,0.017237461567455557,0.042688705739464476,0.013890562815135815,0.0005292290163440662,29,116,0.08234677753643403,0.02237502052523992,False,False,False,1.5120999568019294e-06,COMPLETE
182,0.42487443685531623,2025-04-01 14:23:45.697969,2025-04-01 14:23:56.389400,0 days 00:00:10.691431,0.6794178132532108,0.7718872609040072,8,0.2702605924759239,0.06209204953803708,0.0641761487424652,0.016983854998706735,0.05579788018520181,0.009621651811757403,0.0006229758809972321,29,116,0.08301653944906086,0.022500539671678,False,False,False,1.4927806412236865e-06,COMPLETE
183,0.424892008304596,2025-04-01 14:23:56.449773,2025-04-01 14:24:06.672734,0 days 00:00:10.222961,0.6726575045840784,0.7730408388211709,8,0.25407372264987993,0.062206504029130666,0.06415877359638694,0.017341380764073766,0.05705444374757957,0.008773061588297043,0.0006084158003814862,27,112,0.08404360417553963,0.03825649192054307,False,False,False,1.4721707646852023e-06,COMPLETE
184,0.4270950555801392,2025-04-01 14:24:06.733572,2025-04-01 14:24:17.038860,0 days 00:00:10.305288,0.7096848370005938,0.7204686965504331,8,0.25479268462031757,0.08508866995026974,0.06883710220753081,0.020535087191641686,0.05514158719224115,0.0069155409989757905,0.0007134105686248534,27,113,0.0932998682649442,0.03916250261615538,False,False,False,1.7184726536770842e-06,COMPLETE
185,0.42831552028656006,2025-04-01 14:24:17.101059,2025-04-01 14:24:27.479830,0 days 00:00:10.378771,0.7161181074849012,0.6930384511214357,8,0.251161003198808,0.08237755238257305,0.06740687987782995,0.020873465335108653,0.05455961003504598,0.013529130313525666,0.0007514706402322398,27,118,0.09197891187965122,0.05083639768657704,False,False,False,3.020031769600625e-06,COMPLETE
186,0.41490710973739625,2025-04-01 14:24:27.541287,2025-04-01 14:24:37.936604,0 days 00:00:10.395317,0.7253368318757345,0.7110929040864671,8,0.23954461528658763,0.08291190472880614,0.07261959079824783,0.02275438337988038,0.05471883757755834,0.005633936841481629,0.0007704129456701687,27,115,0.09604373008455357,0.048660752699278775,False,False,False,2.893880213160815e-06,COMPLETE
187,0.4160896062850953,2025-04-01 14:24:37.997869,2025-04-01 14:25:01.151421,0 days 00:00:23.153552,0.7053729404070566,0.6975888305889268,2,0.24513247503690022,0.09149243983676185,0.06783926483195993,0.02011357243488964,0.060080646962082845,0.012447712226607831,0.0007506389281571067,27,111,0.09848624179898505,0.05292645965347671,False,False,False,1.9198734182252375e-06,COMPLETE
188,0.3957308292388916,2025-04-01 14:25:01.217562,2025-04-01 14:25:08.113185,0 days 00:00:06.895623,0.7501229761874831,0.6520894091402489,8,0.2662134259877963,0.08419089004815675,0.06663882708658314,0.021675084237050855,0.05107443627208746,0.013883328367589928,0.0005078571241659538,6,121,0.09272787055660238,0.04428948826962541,True,False,False,2.7850175702589947e-06,COMPLETE
189,0.42314566373825074,2025-04-01 14:25:08.175771,2025-04-01 14:25:18.681194,0 days 00:00:10.505423,0.6626713156183631,0.7279987996848183,8,0.2536345983833139,0.07554365907598855,0.059076309423384585,0.013027434788371314,0.04369917842596978,0.0033244250024487797,0.0011042968419471071,28,117,0.09081692144123947,0.03272776751102155,False,False,False,2.23899585062939e-06,COMPLETE
190,0.43353501558303836,2025-04-01 14:25:18.752136,2025-04-01 14:25:29.667137,0 days 00:00:10.915001,0.7155763999848942,0.6879271332707695,8,0.273134183383289,0.08866177534262279,0.06971744332523898,0.018803912725039566,0.063614980220073,0.006959409846268395,0.001490305281139267,30,118,0.08945459824835818,0.037822076715855024,False,False,False,3.0055497539628e-06,COMPLETE
191,0.4356127381324768,2025-04-01 14:25:29.729523,2025-04-01 14:25:40.529379,0 days 00:00:10.799856,0.71004053319589,0.7551896785327945,8,0.2730254171358678,0.0922748129922406,0.06969013424564596,0.019966807994380394,0.05149818894635632,0.010106136725014906,0.0014929025273616922,30,117,0.08923545241438245,0.033701704518265936,False,False,False,3.181086637918573e-06,COMPLETE
192,0.43023548126220706,2025-04-01 14:25:40.594586,2025-04-01 14:25:51.443161,0 days 00:00:10.848575,0.7157739478418692,0.6942099502493242,8,0.2727733491850265,0.09320830005108333,0.07540627866820415,0.018832648769988785,0.06695162536284928,0.007014024630560677,0.0013741582958444972,30,114,0.09425934432502901,0.037862001567157424,False,False,False,3.2925860587088697e-06,COMPLETE
193,0.4215501070022583,2025-04-01 14:25:51.506313,2025-04-01 14:26:02.345106,0 days 00:00:10.838793,0.7163592400786533,0.6771439352582327,8,0.27997556292519826,0.08939236099329027,0.07662295980778251,0.025176935549045994,0.051999439028638766,0.006886529466982576,0.0014109563081097195,30,112,0.09454722132802312,0.0408305775197904,False,False,False,2.5833002587654063e-06,COMPLETE
194,0.4187883496284485,2025-04-01 14:26:02.408622,2025-04-01 14:26:13.305232,0 days 00:00:10.896610,0.7312521440726079,0.7174486458567805,8,0.23476569583002435,0.08351440863243773,0.0828070198891582,0.01960080640534211,0.06660372855206839,0.0013839378949824562,0.002066177838700342,30,118,0.09658218471037551,0.035091900077040425,False,False,False,3.3144017620631893e-06,COMPLETE
195,0.4222722411155701,2025-04-01 14:26:13.369253,2025-04-01 14:26:23.901738,0 days 00:00:10.532485,0.7069746455558711,0.630131780934335,8,0.2746245767584025,0.0928823125430481,0.06987253284158894,0.0189809882663789,0.050013284824977265,0.010842966447907533,0.001678404917629565,28,114,0.09352624531557335,0.0565398853204941,False,False,False,1.6947011255745353e-06,COMPLETE
196,0.4311553001403809,2025-04-01 14:26:23.968304,2025-04-01 14:26:34.922751,0 days 00:00:10.954447,0.76713301871583,0.7468816688333291,8,0.2622210939783109,0.07982456010625415,0.07748619774004156,0.02419164036539869,0.062155623090272186,0.007049849362116307,0.001601769097162359,30,117,0.08997483327214977,0.036680682970840914,False,False,False,2.089042225472886e-06,COMPLETE
197,0.4361976265907288,2025-04-01 14:26:34.986513,2025-04-01 14:26:45.870857,0 days 00:00:10.884344,0.768396455606852,0.7515521993729003,8,0.2643957758425987,0.0792794817333647,0.07676257801956027,0.017719126528796352,0.057216563601410086,0.009280045011270697,0.001340816949800074,30,118,0.08913285759302048,0.046694744629089846,False,False,False,4.041942624392235e-07,COMPLETE
198,0.3900892019271851,2025-04-01 14:26:45.944484,2025-04-01 14:26:56.839846,0 days 00:00:10.895362,0.775636394151008,0.6872925182362627,8,0.26499775819780735,0.0784621803219986,0.07859968012177608,0.017928716691142182,0.0656345818711387,0.004065612214105389,0.003187327418962269,30,116,0.08956771271046338,0.04880789116220722,False,False,False,4.02602454237749e-07,COMPLETE
199,0.343733549118042,2025-04-01 14:26:56.904517,2025-04-01 14:27:06.885301,0 days 00:00:09.980784,0.7510131240503061,0.7596961090924942,8,0.25986136045241215,0.06945010898516359,0.07568035971155504,0.023655488778045804,0.06392570525503372,0.009417500055038193,0.0024379451117568993,30,119,0.09042321431785821,0.0648722259474153,False,True,False,5.482348035729933e-07,COMPLETE
200,0.38279625177383425,2025-04-01 14:27:06.950691,2025-04-01 14:27:15.720647,0 days 00:00:08.769956,0.7336353950389211,0.7444176954994823,16,0.27246204436542015,0.07760653520819351,0.07279400195390472,0.015083709457445462,0.05973365911794545,0.011479744235376576,0.00149171720939765,30,105,0.08881980055924787,0.04479289039917339,False,False,False,2.3314217377729025e-06,COMPLETE
201,0.4312402009963989,2025-04-01 14:27:15.787333,2025-04-01 14:27:26.643784,0 days 00:00:10.856451,0.6820413607920777,0.6984595350511762,8,0.2786854262739642,0.09248074660724868,0.07857374779959486,0.01710762629901594,0.06224807174851352,0.006147434072955151,0.001406100857298187,30,121,0.08711409035200153,0.03141805705969347,False,False,False,2.9148157285881796e-06,COMPLETE
202,0.4164568781852722,2025-04-01 14:27:26.711245,2025-04-01 14:27:37.593128,0 days 00:00:10.881883,0.8036124347319143,0.6956364893427825,8,0.27261269183133574,0.0931616300268229,0.07217864252299873,0.021960871359117694,0.0620977925763541,0.007960533137103012,0.001746937301751886,30,121,0.08725717165170299,0.035817606541339995,False,False,False,3.1557169596997372e-06,COMPLETE
203,0.42414842844009404,2025-04-01 14:27:37.658492,2025-04-01 14:27:48.511413,0 days 00:00:10.852921,0.6775231881964475,0.7368869255050324,8,0.26287317459985493,0.07079683623646686,0.07937732492577952,0.016865018984675025,0.05800197949180092,0.005919197437086925,0.0011864864611223214,30,118,0.0860174763218722,0.03213009184016999,False,False,False,7.155952169696388e-07,COMPLETE
204,0.4280620217323304,2025-04-01 14:27:48.577989,2025-04-01 14:27:59.162908,0 days 00:00:10.584919,0.7623570018975123,0.7569653488227204,8,0.24981649032920128,0.08229357638181269,0.08328984759972534,0.018822873923852058,0.06430640196752893,0.01263688981145056,0.001289867994120497,29,109,0.09199289960529067,0.04296365338199839,False,False,False,2.736973783046113e-07,COMPLETE
205,0.4074822306632996,2025-04-01 14:27:59.238461,2025-04-01 14:28:09.884758,0 days 00:00:10.646297,0.7583212362719353,0.7126891706163748,8,0.2485779827739923,0.08248050922250812,0.08526101925399618,0.019134490233415322,0.06959237093548824,0.013172656843872501,0.0013324985249138829,29,108,0.09137732278773195,0.052129638522026546,False,False,False,1.5250213316537225e-07,COMPLETE
206,0.42401505708694465,2025-04-01 14:28:09.952209,2025-04-01 14:28:20.591653,0 days 00:00:10.639444,0.7989842141933771,0.6687180233418178,8,0.25413843385918194,0.0730011729440543,0.08424468022227333,0.0155942264084615,0.06332923621598131,0.010440179246433846,0.0015801336799842892,29,116,0.09183444716594333,0.04313884880653308,False,False,False,3.068409522387955e-06,COMPLETE
207,0.4218830823898316,2025-04-01 14:28:20.660481,2025-04-01 14:28:31.309123,0 days 00:00:10.648642,0.7819485325547796,0.7533948076833379,8,0.2667528732888134,0.08694284331616269,0.08189122589935052,0.026314602180982354,0.06418756974427972,0.011678535849799629,0.002073494541152547,29,110,0.08881949893765455,0.03913516378749405,False,False,False,2.590370208835623e-07,COMPLETE
208,0.434028959274292,2025-04-01 14:28:31.375869,2025-04-01 14:28:42.097448,0 days 00:00:10.721579,0.7438736594815848,0.7327607379682308,8,0.2403178642421535,0.08007585270801802,0.07751249859718073,0.018268427320707024,0.05803032099256989,0.014128774551301375,0.0012400005210435898,29,122,0.08677895200937961,0.030351850280442377,False,False,False,2.716882850906962e-07,COMPLETE
209,0.4225325107574463,2025-04-01 14:28:42.164668,2025-04-01 14:28:53.049430,0 days 00:00:10.884762,0.7457086828451486,0.7280326130057394,8,0.2415207527066401,0.09838624459759104,0.07599084546730125,0.01824342381475338,0.05817195979062563,0.0066033315724753835,0.0012907432102866735,30,121,0.08805504316679494,0.04978945885316718,False,False,False,2.0371897000008613e-07,COMPLETE
210,0.415772020816803,2025-04-01 14:28:53.117252,2025-04-01 14:29:03.740212,0 days 00:00:10.622960,0.7264376668373629,0.6991760523588053,8,0.24277883537973532,0.06645892825478025,0.08787429788824547,0.021042245331880212,0.06172412076459804,0.014247353189036444,0.0017329717592478337,29,114,0.09120472850985333,0.03133998090432794,False,False,False,2.8840891112626407e-07,COMPLETE
211,0.42794945240020754,2025-04-01 14:29:03.809138,2025-04-01 14:29:14.632521,0 days 00:00:10.823383,0.6940018948392617,0.7522175649799013,8,0.250865017781659,0.079278781094629,0.06619466985603427,0.016887170589849673,0.05536390313457148,0.019295541318682663,0.0012628917505140122,29,123,0.08580362318561169,0.030015594308540422,False,False,False,4.2922293223144616e-07,COMPLETE
212,0.4379167675971985,2025-04-01 14:29:14.700690,2025-04-01 14:29:25.644314,0 days 00:00:10.943624,0.8579479447788045,0.7431220317338693,8,0.24938602424895506,0.077429305646634,0.07791785694192303,0.016848281838566456,0.05638974852109938,0.01977645966336506,0.0012958143269026477,30,119,0.08630596562638938,0.03488285531214906,False,False,False,2.1236138556177744e-06,COMPLETE
213,0.40745196342468265,2025-04-01 14:29:25.723674,2025-04-01 14:29:36.606667,0 days 00:00:10.882993,0.7730697507210524,0.7330520199053513,8,0.24925535599718107,0.17793984894179948,0.07705476465355511,0.019806232650475642,0.05674986207379831,0.009105096842476795,0.0010489771388500799,30,118,0.0889246629864981,0.058753831215887876,False,False,False,2.1369042036959624e-06,COMPLETE
214,0.43670705556869505,2025-04-01 14:29:36.676399,2025-04-01 14:29:47.594435,0 days 00:00:10.918036,0.8433517017291019,0.6597269906702975,8,0.25888314662314954,0.07669859432899434,0.0785688220047751,0.018430298124675205,0.06012541473397679,0.0030656223334272863,0.0013890365358544534,30,120,0.08682592770557862,0.03659763847276799,False,False,False,2.5996937802480334e-06,COMPLETE
215,0.4248149156570435,2025-04-01 14:29:47.665947,2025-04-01 14:29:58.517505,0 days 00:00:10.851558,0.8777831328160265,0.6549992487701887,8,0.26266850874359077,0.07387344487009204,0.07457375770816807,0.02352251411893399,0.06122019766996187,0.003588561537051965,0.0014846837026983844,30,121,0.08638311446216498,0.035349940043412166,False,False,False,2.6015761184525707e-06,COMPLETE
216,0.4260174155235291,2025-04-01 14:29:58.588785,2025-04-01 14:30:09.530626,0 days 00:00:10.941841,0.7132378333027823,0.6849716429743792,8,0.25808976741540984,0.05663866244700716,0.07874233671736033,0.013871944014005065,0.05419291286898941,0.0045623831836426685,0.002293037715775278,30,118,0.08741422572887173,0.0353743479375081,False,False,False,1.9694945751693607e-06,COMPLETE
217,0.2965623617172241,2025-04-01 14:30:09.600647,2025-04-01 14:30:19.408313,0 days 00:00:09.807666,0.8587053751687878,0.706073614642712,8,0.26747577682955953,0.06728842653299225,0.07973197450239988,0.016623531336838193,0.05726748656077176,0.007435253396498699,0.0009128418667095724,30,123,0.08511169626170653,0.026456557637662272,False,False,True,3.7640237762476764e-06,COMPLETE
218,0.4194969773292542,2025-04-01 14:30:19.478178,2025-04-01 14:30:30.060171,0 days 00:00:10.581993,0.8487532318537876,0.670560064302826,8,0.22972637214982486,0.09033275927460013,0.07395465933407097,0.021053865455230355,0.05921920266035424,0.0017805110278699995,0.0016992944952121333,28,118,0.08985904535200237,0.04223407373539807,False,False,False,1.6183148042097674e-06,COMPLETE
219,0.4076302647590637,2025-04-01 14:30:30.131132,2025-04-01 14:30:41.018275,0 days 00:00:10.887143,0.8440153390848772,0.6374079959413456,8,0.28018536823036316,0.07818946078522442,0.06185555504053209,0.01786770705428178,0.05250431084105293,0.01029453965033931,0.0010719458253695864,30,115,0.09514639233022411,0.15626159058182598,False,False,False,2.4678503055983497e-06,COMPLETE
220,0.42777361869812014,2025-04-01 14:30:41.099567,2025-04-01 14:30:51.653450,0 days 00:00:10.553883,0.687079649707586,0.5267934015226249,8,0.2566899119925337,0.10613969085228854,0.07098405969708965,0.015628667642854265,0.049398426822684256,0.005737087456776068,0.0009387638137422622,28,121,0.0869064385293209,0.0370860954738776,False,False,False,3.3408204614864314e-06,COMPLETE
221,0.42907106876373297,2025-04-01 14:30:51.724590,2025-04-01 14:31:02.341713,0 days 00:00:10.617123,0.8238899562045605,0.7454169823788338,8,0.23679179116071608,0.08468264412729598,0.07738184034006285,0.018822477108636975,0.060793765795603694,0.015134592996019785,0.0013569289134671826,29,112,0.09259574024673625,0.04331118649378269,False,False,False,3.7872033851745545e-07,COMPLETE
222,0.3000593900680542,2025-04-01 14:31:02.413871,2025-04-01 14:31:13.075725,0 days 00:00:10.661854,0.9035009175601156,0.7269656225521881,8,0.0007739803435361514,0.08837438694439591,0.07786941361548562,0.012936658479434794,0.05617276556145201,0.01907001069365606,0.0019138418048013303,29,114,0.08958810821218798,0.046997115779557105,False,False,False,2.023372165595669e-06,COMPLETE
223,0.42987126111984253,2025-04-01 14:31:13.147846,2025-04-01 14:31:23.819529,0 days 00:00:10.671683,0.8172950370610436,0.7832875554334265,8,0.2411072485744608,0.07160139368713346,0.0805194974518045,0.021728991497998704,0.06082070888495689,0.015171413554806971,0.0013389259676337816,29,120,0.08536699759894034,0.028944561953815198,False,False,False,3.605603550974202e-07,COMPLETE
