number,value,datetime_start,datetime_complete,duration,params_alpha-eval,params_alpha-train,params_batch-size,params_eps-eval,params_eps-train,params_lambda-actions-eval,params_lambda-actions-train,params_lambda-frames-eval,params_lambda-frames-train,params_learning-rate,params_n-epochs,params_n-frames,params_radius-gw,params_rho,params_std-feats,params_ub-actions,params_ub-frames,params_weight-decay,state
911,0.4591810822486878,2025-04-22 04:29:24.613991,2025-04-22 04:29:39.515428,0 days 00:00:14.901437,0.9134337994895126,0.6673239180584686,2,0.2632754018142739,0.11039522620668356,0.0672765959684573,0.027054961520188416,0.03583745367657569,0.020477967126418743,0.0017447737507529188,13,144,0.07501908862276851,0.2061304518815784,False,False,False,1.0873607560385194e-07,COMPLETE
912,0.44564007520675664,2025-04-22 04:29:39.812097,2025-04-22 04:29:55.416631,0 days 00:00:15.604534,0.8915867840002462,0.6584674753504155,2,0.2996470101572147,0.1002755343805622,0.0778597213975038,0.029465308311849753,0.03430065761446382,0.020132288240941685,0.002090742530199276,14,145,0.07228687207533067,0.20064132953425545,False,False,False,1.2161454838831307e-07,COMPLETE
913,0.37835886478424074,2025-04-22 04:29:55.714966,2025-04-22 04:30:12.039506,0 days 00:00:16.324540,0.9054666646339832,0.635837669723838,2,0.28255543880686557,0.09451447007189631,0.07179646074457026,0.027241097753515523,0.03643403757973519,0.015606455987921583,0.0026824587358890463,15,144,0.05096962430240247,0.20192080266808482,False,False,False,1.1277617800278325e-07,COMPLETE
914,0.446190893650055,2025-04-22 04:30:12.339277,2025-04-22 04:30:27.236005,0 days 00:00:14.896728,0.9125052853480072,0.6200529576939062,2,0.26245109806270794,0.10998723022452651,0.06251612079241022,0.028068060691498684,0.03699066325703121,0.01724017366533869,0.0019319927930373192,13,147,0.07407601702173526,0.19063146929258204,False,False,False,1.2981779790756953e-07,COMPLETE
915,0.4441556811332703,2025-04-22 04:30:27.518281,2025-04-22 04:30:45.572182,0 days 00:00:18.053901,0.8724763046931774,0.6579261377325895,2,0.2939460372695839,0.10501442998652513,0.09693962014263278,0.031500927900707874,0.034063919455157125,0.021177756922837573,0.0017665198046528708,18,144,0.07181108272532827,0.20846305927667697,False,False,False,1.0024947636854926e-07,COMPLETE
916,0.43806617259979247,2025-04-22 04:30:45.870048,2025-04-22 04:31:00.724920,0 days 00:00:14.854872,0.9126778243584899,0.6041248990587599,2,0.26433895622043513,0.10126639162169057,0.09490069438951662,0.03425955953317336,0.036047915413209806,0.0188557428915401,0.00229432810853328,13,143,0.07456612095855888,0.20063041078510505,False,False,False,1.3756489374717354e-07,COMPLETE
917,0.30246886014938357,2025-04-22 04:31:01.023701,2025-04-22 04:31:16.070552,0 days 00:00:15.046851,0.8904455144558002,0.6721524518542792,2,0.2887633893571549,0.08790959048627493,0.0714297554720071,0.029809094209326013,0.03542070211846944,0.016806158742929275,0.0016437305427753157,16,148,0.07538556134360881,0.20458642279464725,False,False,True,9.666336811800614e-08,COMPLETE
918,0.4226140022277832,2025-04-22 04:31:16.370613,2025-04-22 04:31:30.666125,0 days 00:00:14.295512,0.9269259687484985,0.6504115393569144,2,0.2557751187110965,0.11622998637921673,0.09201644804965815,0.027088959113085134,0.033369461609883966,0.07675990412663371,0.0032373059182872984,12,145,0.07302453026435776,0.21047539218315758,False,False,False,1.651149712653637e-08,COMPLETE
919,0.34605390429496763,2025-04-22 04:31:30.949450,2025-04-22 04:31:38.210638,0 days 00:00:07.261188,0.9291312918601954,0.6740838104819187,16,0.28256077536258783,0.11039267813094594,0.06807029216384457,0.026033062588047946,0.030383958058035017,0.020581875186924226,0.0017919348468124722,16,142,0.07192208017091352,0.1963415486066424,False,True,False,8.194961209750626e-08,COMPLETE
920,0.402191698551178,2025-04-22 04:31:38.515141,2025-04-22 04:31:52.909357,0 days 00:00:14.394216,0.907721180852656,0.6370221781690981,2,0.26695817731768495,0.10946037021509956,0.01649471050109872,0.028192957961881322,0.04090575401652212,0.016019366632498984,0.06667804464950931,12,148,0.07655293406827468,0.20878318623262626,False,False,False,1.1565439052821378e-07,COMPLETE
921,0.39288740158081054,2025-04-22 04:31:53.207913,2025-04-22 04:32:07.172944,0 days 00:00:13.965031,0.8481223165609105,0.6641749050560999,2,0.29427585166862535,0.11693100939977066,0.06920581107933824,0.03232331652762914,0.038782242352309884,0.019128594403959014,0.0023511318277898204,12,63,0.07402376972508985,0.21206315505333997,False,False,False,1.402138252400251e-07,COMPLETE
922,0.43299111127853396,2025-04-22 04:32:07.477284,2025-04-22 04:32:22.397668,0 days 00:00:14.920384,0.9394674180012154,0.6805673978731601,2,0.2521912647490328,0.09856741036178063,0.06703739405018422,0.02575603678563695,0.032933184772968464,0.02164744094571031,0.0014680558559997095,13,141,0.07764238515152427,0.19051052949145572,False,False,False,1.6255554942195856e-07,COMPLETE
923,0.3808490157127381,2025-04-22 04:32:22.683209,2025-04-22 04:32:36.823312,0 days 00:00:14.140103,0.18321326492930945,0.6285821866440955,2,0.2819138753516789,0.09283779514943337,0.06727860161210847,0.030035316630831164,0.03780827383681363,0.014876981690621738,0.0020982676105873546,12,145,0.021762620548736893,0.2128310461544277,False,False,False,9.987531391456258e-08,COMPLETE
924,0.44466278553009037,2025-04-22 04:32:37.120747,2025-04-22 04:32:50.811086,0 days 00:00:13.690339,0.9220871599352606,0.6547526559766427,2,0.25994570492482166,0.10511645856865709,0.09349978557576027,0.027442775106321118,0.0369758602045522,0.019261725704002388,0.0014729594992404348,11,150,0.07528418226417521,0.2029151773539109,False,False,False,7.205599928164603e-08,COMPLETE
925,0.4468041777610779,2025-04-22 04:32:51.112846,2025-04-22 04:33:05.327369,0 days 00:00:14.214523,0.6754441482624014,0.6837065492970316,2,0.28986155206515646,0.11360508468810979,0.0269371249037283,0.024598123727560903,0.03060181148259917,0.017448822048301973,0.0017899330287810499,12,143,0.07271014578462207,0.19429635671924042,False,False,False,6.28617285516466e-07,COMPLETE
926,0.3771391987800598,2025-04-22 04:33:05.630670,2025-04-22 04:33:18.513517,0 days 00:00:12.882847,0.775720784261378,0.9989396602259467,2,0.22025083750885385,0.11872884586467705,0.08481063037640613,0.02846946629401204,0.04126619877620342,0.02115583603610479,0.0026912716330421494,10,94,0.07037132877787121,0.213193692397238,False,False,False,1.1573913527055593e-07,COMPLETE
927,0.38181365728378297,2025-04-22 04:33:18.797433,2025-04-22 04:33:34.269889,0 days 00:00:15.472456,0.9490197123421897,0.5624277393473502,2,0.27002481312759297,0.10677213665773284,0.03333649486328116,0.026429758680674965,0.03479983386540552,0.015313729641270098,0.0014568434653262658,13,117,0.07915161774603195,0.20540887062944624,True,False,False,8.375847949270016e-08,COMPLETE
928,0.3783963918685913,2025-04-22 04:33:34.567040,2025-04-22 04:33:48.412162,0 days 00:00:13.845122,0.42387224567243276,0.3563994722132935,2,0.2881410939619806,0.10141017267566729,0.06428062091292781,0.03042228329569068,0.032699249235518466,0.032593038765550565,0.0019811395347702054,11,146,0.0758662493130881,0.20942202163295626,False,False,False,5.577914263150212e-08,COMPLETE
929,0.3764768838882447,2025-04-22 04:33:48.714459,2025-04-22 04:34:02.386884,0 days 00:00:13.672425,0.46730234717003577,0.1776158403247049,2,0.24614414617153252,0.11312222681191059,0.02250837631632911,0.025050717725854092,0.0289403929238322,0.017969945803581598,0.001358759609472793,11,140,0.07374056489585967,0.21746321426003687,False,False,False,1.569040309337746e-07,COMPLETE
930,0.38033443689346313,2025-04-22 04:34:02.688911,2025-04-22 04:34:10.886346,0 days 00:00:08.197435,0.9406521267456609,0.6116546504978199,8,0.279968654104546,0.11782626918090315,0.06540233721727798,0.02334783652217579,0.03450329290549037,0.021675769470547085,0.001682207483686306,12,144,0.07081203248951347,0.18525128043311825,False,False,False,1.090965104098882e-07,COMPLETE
931,0.4481331586837769,2025-04-22 04:34:11.185845,2025-04-22 04:34:24.186270,0 days 00:00:13.000425,0.8998204861688793,0.691853854690538,2,0.20261592851455063,0.0845234840472129,0.07407486722662031,0.02870093417366542,0.026929904429758296,0.0036254405638830546,0.0038468501555604115,10,141,0.07732639850726304,0.2169561040265359,False,False,False,3.3353449322147576e-06,COMPLETE
932,0.4200668931007386,2025-04-22 04:34:24.485921,2025-04-22 04:34:40.075347,0 days 00:00:15.589426,0.9813015318840129,0.6460227535920068,2,0.022430717178154536,0.10980791380284978,0.03746900913688661,0.026764446493185476,0.038154720812817226,0.01391307764499843,0.0023170586207461098,14,147,0.07516031249882653,0.19993526918927154,False,False,False,6.392714462338208e-08,COMPLETE
933,0.36895509958267214,2025-04-22 04:34:40.376963,2025-04-22 04:34:52.874583,0 days 00:00:12.497620,0.9538557937762442,0.9803069402700966,2,0.26449052335983836,0.09277939562703133,0.08132000536542562,0.02400158664238419,0.035303159177426185,0.007991494198279103,0.0013040683548826266,9,139,0.0726571337154618,0.21403279854855622,False,False,False,8.800761523948025e-07,COMPLETE
934,0.3332980453968048,2025-04-22 04:34:53.182566,2025-04-22 04:35:06.517813,0 days 00:00:13.335247,0.9241183398957725,0.8373381266467899,2,0.29450149712826473,0.10177356297193399,0.07779326874580322,0.03166059549747886,0.02490124330862072,0.01907004757311564,0.0018257437973865005,13,143,0.07877891543401029,0.20687340725248304,False,True,False,1.3388853551536062e-07,COMPLETE
935,0.29714954495429996,2025-04-22 04:35:06.824841,2025-04-22 04:35:19.141763,0 days 00:00:12.316922,0.9653158320311153,0.7064527637715474,2,0.2592672046745998,0.11868677549092826,0.029310658168066016,0.02624484956544156,0.04193916647534051,0.016233950150677714,0.0015483395324711702,11,148,0.07698828067129801,0.19590739050447945,False,False,True,8.983904615604382e-08,COMPLETE
936,0.3819801807403565,2025-04-22 04:35:19.429813,2025-04-22 04:35:33.635467,0 days 00:00:14.205654,0.8800527051774658,0.661334255208144,2,0.2730923902543204,0.11025227447598508,0.09965688373051448,0.028877183079011277,0.03062252133549763,0.022790192345681692,0.002062329471083358,12,145,0.08650880841310706,0.21956109861959053,False,False,False,1.828671264031483e-07,COMPLETE
937,0.38270596265792844,2025-04-22 04:35:33.937432,2025-04-22 04:35:47.021207,0 days 00:00:13.083775,0.9815878525742113,0.6767859850646745,2,0.2794391185985653,0.09648521464232254,0.03516943623583587,0.022360518659353325,0.03203874701412206,0.020063039181115724,0.0012616488796615543,10,138,0.08934585953295753,0.22709739722798036,False,False,False,7.33916684577382e-08,COMPLETE
938,0.3728335857391358,2025-04-22 04:35:47.327665,2025-04-22 04:36:00.961171,0 days 00:00:13.633506,0.9400141959079527,0.699224445905026,2,0.2525822349627319,0.07771342876592917,0.02840040512464036,0.03441787733264218,0.025800831958532104,0.012228464879969744,0.002551722234134788,11,142,0.07092597305911502,0.21453369295934907,False,False,False,5.306904744087146e-08,COMPLETE
939,0.3769906282424927,2025-04-22 04:36:01.269497,2025-04-22 04:36:17.484127,0 days 00:00:16.214630,0.9641856450900295,0.5259701453903247,2,0.2669311956232385,0.11939587423980988,0.09606009563705621,0.024607016825454242,0.035978302823862676,0.015243912009753703,0.0016113834269905014,15,150,0.07416380751383678,0.23236642528884377,False,False,False,2.149794538001422e-08,COMPLETE
940,0.43746223449707033,2025-04-22 04:36:17.778176,2025-04-22 04:36:32.163166,0 days 00:00:14.384990,0.9776696282663868,0.6275275374299522,2,0.2866869023788483,0.10666080558842965,0.06416976183740147,0.030159250605857127,0.038612298022672895,0.017428035244237184,0.0012689654795820934,12,146,0.08004700630668614,0.22273633082009786,False,False,False,1.1264186356030919e-07,COMPLETE
941,0.4367023706436157,2025-04-22 04:36:32.466518,2025-04-22 04:36:45.588788,0 days 00:00:13.122270,0.9507989553266343,0.9770719726295843,2,0.299236533195926,0.11397056724692314,0.08847871311281816,0.027453594387192547,0.030736976794944124,0.009875678421501086,0.0030407612106345037,10,140,0.07590828450760628,0.20855285289279624,False,False,False,8.987630279770277e-08,COMPLETE
942,0.39846166372299197,2025-04-22 04:36:45.894325,2025-04-22 04:36:53.137747,0 days 00:00:07.243422,0.9998091012985084,0.64875723442199,16,0.234393866550769,0.10049199422725473,0.024551503487419666,0.022183734541926396,0.02837511184670316,0.006806531699874016,0.0018867562734695825,11,143,0.0724809227742826,0.2315718180417939,False,False,False,1.4221188740637755e-07,COMPLETE
943,0.4173448920249939,2025-04-22 04:36:53.445452,2025-04-22 04:37:08.472209,0 days 00:00:15.026757,0.5357924611479544,0.92298889676407,2,0.2777978264573648,0.12031615946203048,0.07472079649054432,0.02550563418293774,0.04726905534562228,0.09665847453672893,0.001542299374152364,13,148,0.07783474910381294,0.27259087071521687,False,False,False,6.614063144759711e-08,COMPLETE
944,0.45388112068176273,2025-04-22 04:37:08.780406,2025-04-22 04:37:23.078814,0 days 00:00:14.298408,0.9218420487823668,0.6725079913974435,2,0.2887413983371525,0.10681722606514764,0.03165507605514277,0.024100234661792907,0.04131610465146833,0.013479678888373713,0.0020658051188827947,12,137,0.07430355408663304,0.23815676194288568,False,False,False,1.1075432916269387e-07,COMPLETE
945,0.4424062848091126,2025-04-22 04:37:23.369673,2025-04-22 04:37:37.029042,0 days 00:00:13.659369,0.9813979196105577,0.5983149051112429,2,0.25848518451329344,0.11402047962586546,0.07630032306190422,0.03280494637407366,0.03216516942892195,0.020997430835810023,0.0012674990268665566,11,145,0.06940322550089695,0.22388264348843537,False,False,False,1.8861438664756735e-07,COMPLETE
946,0.3796940088272095,2025-04-22 04:37:37.334002,2025-04-22 04:37:52.385814,0 days 00:00:15.051812,0.937734848387374,0.6921493977999266,2,0.2994293278175873,0.09046864318632014,0.03790600699690914,0.027192685742595292,0.022251828587299877,0.02294836140874524,0.0017497670016262457,12,141,0.0722600803778353,0.2550884960261067,True,False,False,8.479926177923742e-08,COMPLETE
947,0.4496235609054566,2025-04-22 04:37:52.693750,2025-04-22 04:38:05.798659,0 days 00:00:13.104909,0.9606653605941923,0.9632359186874028,2,0.2698409808204799,0.1123159461205327,0.027023355244356666,0.02113392272030833,0.033801292449705755,0.05339936885156874,0.0014448597276721124,10,143,0.07602215942629169,0.21627587350776628,False,False,False,5.415421666094307e-08,COMPLETE
948,0.43260021209716804,2025-04-22 04:38:06.106482,2025-04-22 04:38:18.371052,0 days 00:00:12.264570,0.9005224308195591,0.713115417338387,2,0.28406730958292864,0.12189542355841743,0.08705310590832008,0.04816273658545685,0.035144319610737614,0.029886091443432367,0.002294798343724026,9,139,0.07865505159330417,0.24443730705479194,False,False,False,1.3817974787384924e-07,COMPLETE
949,0.37021677494049077,2025-04-22 04:38:18.663694,2025-04-22 04:38:33.611191,0 days 00:00:14.947497,0.9992940531182352,0.662373375259103,2,0.18135253242877222,0.046681429590866144,0.006664545278960057,0.029510226105428833,0.03782760072267023,0.018875047091585835,0.0017260944628249828,13,147,0.07459596704582937,0.23667114388845206,False,False,False,9.411667723149599e-08,COMPLETE
950,0.4366316914558411,2025-04-22 04:38:33.916826,2025-04-22 04:38:47.512235,0 days 00:00:13.595409,0.9653622011100595,0.6406249581608782,2,0.2630266266368819,0.10461452504330199,0.09399572873795131,0.023494261071451493,0.043501317818146125,0.016324294592405808,0.0011844498240051406,11,145,0.07103347016051863,0.20051982714715544,False,False,False,7.286301132450139e-08,COMPLETE
951,0.3978115797042847,2025-04-22 04:38:47.819540,2025-04-22 04:39:02.080347,0 days 00:00:14.260807,0.9418453948064123,0.9982684022810997,2,0.24845113893725923,0.117543787866357,0.03326371849306255,0.02582761007258088,0.045396260503205575,0.011340739224413497,0.002494385323678249,12,136,0.0809068992221311,0.2612240164033556,False,False,False,1.6494759231725784e-06,COMPLETE
952,0.4518283486366272,2025-04-22 04:39:02.388986,2025-04-22 04:39:19.736865,0 days 00:00:17.347879,0.9156898770897604,0.6754396658013503,2,0.29234089252851797,0.09851016752648525,0.06270630084498045,0.02798910402818522,0.050721399114372664,0.026128900292277546,0.0014526692378682114,17,141,0.07685877845026721,0.2278059825425298,False,False,False,1.6496277089541045e-07,COMPLETE
953,0.33994217514991765,2025-04-22 04:39:20.045863,2025-04-22 04:39:27.216931,0 days 00:00:07.171068,0.9997776709616186,0.6264989802716151,8,0.2423778497816787,0.12362364876623802,0.07183673327686874,0.020707596624317273,0.08002782556338538,0.014524622468257312,0.0020502176597223852,9,150,0.07341605915319328,0.1650316061139719,False,True,False,1.1376274805055602e-06,COMPLETE
954,0.2997080445289612,2025-04-22 04:39:27.510666,2025-04-22 04:39:41.394700,0 days 00:00:13.884034,0.9790024046591496,0.7098807722528774,2,0.2699110704445935,0.11016582496497464,0.0312797075207898,0.030895973961367267,0.017967333673324204,0.021227981223602532,0.0011905069511458943,14,143,0.07883998632343756,0.24041265371241569,False,False,True,2.2764950296404046e-07,COMPLETE
955,0.44330610036849977,2025-04-22 04:39:41.701109,2025-04-22 04:39:55.381643,0 days 00:00:13.680534,0.9570545875670223,0.9429596987240838,2,0.276378084142141,0.10459356634136002,0.03524838940589177,0.023348549925922113,0.03988180200123482,0.01890536578702742,0.0016397085179100494,11,138,0.07561490252147515,0.25196578011354204,False,False,False,1.1917063442433345e-07,COMPLETE
956,0.4516369938850403,2025-04-22 04:39:55.689016,2025-04-22 04:40:08.721249,0 days 00:00:13.032233,0.9812965532740014,0.6831484988867993,2,0.28287020861714823,0.11723060464894364,0.06581139513772083,0.025736032886060745,0.05399438539771282,0.02382566539578005,0.0014085747781619328,10,147,0.06950812901419591,0.22194555999231028,False,False,False,5.1125724400982646e-08,COMPLETE
957,0.36651138067245487,2025-04-22 04:40:09.032299,2025-04-22 04:40:23.539729,0 days 00:00:14.507430,0.9303839178179598,0.9754112210526702,2,0.25551759461202533,0.09469071283626397,0.06933174343271144,0.028346534821679373,0.030360068318933824,0.009513803515866795,0.002095016075143742,12,141,0.07245156979112631,0.18589498032918914,False,False,False,8.041480456829472e-08,COMPLETE
958,0.4661574840545655,2025-04-22 04:40:23.851482,2025-04-22 04:40:36.818232,0 days 00:00:12.966750,0.8661872445795956,0.6503469052618288,2,0.294294568803582,0.15132539351961546,0.09088771195907812,0.022008942568969247,0.028076252028027736,0.012027384977943794,0.0017273369230695168,10,145,0.07700829823794292,0.23246481735823057,False,False,False,1.8208646070325216e-08,COMPLETE
959,0.37659478187561035,2025-04-22 04:40:37.113344,2025-04-22 04:40:50.227409,0 days 00:00:13.114065,0.8573989915001283,0.613437658092786,2,0.2957067986618888,0.140141322890089,0.0919449393547576,0.025699093010221045,0.024666827384118187,0.012396735802009591,0.0029048300776233485,10,150,0.0801819178099181,0.24505722719871356,False,False,False,1.0854783184454402e-07,COMPLETE
960,0.39635127782821655,2025-04-22 04:40:50.536583,2025-04-22 04:41:02.984070,0 days 00:00:12.447487,0.9023868724330605,0.6480583572378955,2,0.2948087104280628,0.16748602042645444,0.09749667285189642,0.023560098331110363,0.027712159812484906,0.007637296422394177,0.002620068602199625,9,146,0.0817244586108814,0.23523206147232628,False,False,False,1.3674219816299e-07,COMPLETE
961,0.3982644319534302,2025-04-22 04:41:03.296786,2025-04-22 04:41:15.749736,0 days 00:00:12.452950,0.8648126409356105,0.5940312394429594,2,0.29000323483328594,0.1477655347291425,0.0920035335655394,0.027095881801145017,0.027355499441273648,0.010470296891344303,0.0019064018985717318,9,147,0.07759279873074608,0.24244546696789512,False,False,False,1.45618107023691e-08,COMPLETE
962,0.39254747629165654,2025-04-22 04:41:16.060498,2025-04-22 04:41:29.075103,0 days 00:00:13.014605,0.9034764868130012,0.4918304822670325,2,0.2994934718301843,0.15120528497756988,0.09338481257040206,0.029596587199060262,0.025297179571149665,0.012643454513852593,0.0022572934305414567,10,145,0.07417018238103411,0.2328981211568615,False,False,False,1.8008624016776194e-08,COMPLETE
963,0.38643773794174197,2025-04-22 04:41:29.389044,2025-04-22 04:41:42.437644,0 days 00:00:13.048600,0.8271580034418063,0.3132025106626105,2,0.28970743160317164,0.1554139842923583,0.0870574542221656,0.031967782297951365,0.02920113918248114,0.006212768269306139,0.0034391412592108496,10,148,0.038443784051709076,0.24942719437801514,False,False,False,1.5409068472874534e-08,COMPLETE
964,0.3894864439964295,2025-04-22 04:41:42.730224,2025-04-22 04:41:49.646626,0 days 00:00:06.916402,0.8413823995761496,0.5782383095922552,16,0.2923383508872841,0.1503277141366732,0.09404972475851878,0.022325647024141602,0.026018362931643203,0.013605533649268482,0.0017710773205156384,8,143,0.07930084461429127,0.23692301720279554,False,False,False,1.7262595888950242e-07,COMPLETE
965,0.37870546579360964,2025-04-22 04:41:49.954601,2025-04-22 04:42:02.375195,0 days 00:00:12.420594,0.9136346877590487,0.6296292342225414,2,0.28843144665657433,0.15828893596625715,0.0886840472024355,0.02479562370273709,0.030678357144687547,0.010599713846122702,0.0024227237912793757,9,145,0.01644323497684306,0.26686207536978795,False,False,False,9.34976446289426e-08,COMPLETE
966,0.3720081090927124,2025-04-22 04:42:02.691950,2025-04-22 04:42:16.371417,0 days 00:00:13.679467,0.8916171669727809,0.6480868693917896,2,0.2850799332467624,0.1630075840069197,0.09050652787217936,0.019915982450143428,0.03325229414023763,0.014665338188065466,0.001691438772132491,10,140,0.07148055534646264,0.23052298445612726,True,False,False,6.181046888668759e-08,COMPLETE
967,0.4112766265869141,2025-04-22 04:42:16.691386,2025-04-22 04:42:29.115755,0 days 00:00:12.424369,0.8929800513329347,0.615992046200529,2,0.2928246192513469,0.08666054474840525,0.09114177888855879,0.02713782479783166,0.028807979164870354,0.009271181550449571,0.00208389873777056,9,150,0.07515367735342736,0.02156745946132857,False,False,False,1.3358233352282254e-07,COMPLETE
