number,value,datetime_start,datetime_complete,duration,params_alpha-eval,params_alpha-train,params_batch-size,params_eps-eval,params_eps-train,params_lambda-actions-eval,params_lambda-actions-train,params_lambda-frames-eval,params_lambda-frames-train,params_learning-rate,params_n-epochs,params_n-frames,params_radius-gw,params_rho,params_std-feats,params_ub-actions,params_ub-frames,params_weight-decay,state
1400,0.2887604355812073,2025-04-01 18:10:49.492180,2025-04-01 18:11:00.434675,0 days 00:00:10.942495,0.8242011697183408,0.8933980525484485,8,0.10438524111318263,0.0389907785972418,0.052229832189282954,0.018137067284024887,0.004714196897126998,0.01750153547031872,0.0004218484502148369,30,129,0.0778617155306827,0.05022418718617031,False,False,False,1.212794892625081e-06,COMPLETE
1401,0.42949686050415037,2025-04-01 18:11:00.914366,2025-04-01 18:11:11.443876,0 days 00:00:10.529510,0.9278687798978204,0.661625501408165,8,0.2707307891301356,0.07236224192292336,0.0792413061531524,0.013865322462476848,0.059310074777262176,0.013449171502346976,0.00038597501777835414,28,116,0.092743090998017,0.0417132016327259,False,False,False,4.219520455157752e-08,COMPLETE
1402,0.2887604355812073,2025-04-01 18:11:11.908160,2025-04-01 18:11:22.703871,0 days 00:00:10.795711,0.9035721085991034,0.6226915140033136,8,0.2813518207124828,0.002003341259380509,0.0759819655939215,0.02076367878063199,0.05172158673215239,0.027447832088573605,0.00030085013109119413,30,111,0.08830954126325762,0.033779473359435624,False,False,False,1.2428566241117835e-08,COMPLETE
1403,0.40753042697906494,2025-04-01 18:11:23.163573,2025-04-01 18:11:33.981643,0 days 00:00:10.818070,0.8474122911831601,0.5904361531640698,8,0.2891376297301399,0.04697224239598742,0.054888809493983545,0.03507241046600717,0.05747596129279749,0.030642392948754055,0.00021229332596442655,29,133,0.08508449159455947,0.03110779884720661,False,False,False,8.888549476221465e-08,COMPLETE
1404,0.42837072610855104,2025-04-01 18:11:34.442447,2025-04-01 18:11:45.178180,0 days 00:00:10.735733,0.9517436068924114,0.6546548457395289,8,0.27723997990891514,0.08601962715822872,0.08126258493493616,0.015249737511169661,0.047451251826410724,0.019213580303606908,0.000491341589772657,29,126,0.08648065033984506,0.04412752146738159,False,False,False,1.0538380078869704e-06,COMPLETE
1405,0.4334966778755188,2025-04-01 18:11:45.643730,2025-04-01 18:11:56.182191,0 days 00:00:10.538461,0.889348668798875,0.9106592350803157,8,0.2999671264320608,0.061174464016519374,0.08783119742407722,0.009583555889362785,0.03737912217493603,0.015551615158239234,0.0005252759378252842,28,119,0.09092021563978941,0.037751179748774635,False,False,False,1.3549000901481268e-07,COMPLETE
1406,0.30639347434043884,2025-04-01 18:11:56.642091,2025-04-01 18:12:06.125138,0 days 00:00:09.483047,0.5398912499092998,0.8589314707732915,8,0.25529385505306973,0.05473498843073778,0.04985674067261461,0.007210820068235953,0.06163660188467418,0.033200676810524785,0.002428895433128016,27,123,0.08162018243463828,0.028909701589154634,False,False,True,1.4416255890365324e-06,COMPLETE
1407,0.40874632596969607,2025-04-01 18:12:06.602587,2025-04-01 18:12:17.395107,0 days 00:00:10.792520,0.7975455099151187,0.9339867890945487,8,0.26824390299266165,0.1770794268595058,0.09054467882107017,0.01871504067004114,0.0502361829296402,0.02509951520248006,0.001984604349193033,29,127,0.09462214614579577,0.03601008268768752,False,False,False,8.081128470446575e-07,COMPLETE
1408,0.43243843317031866,2025-04-01 18:12:17.863206,2025-04-01 18:12:28.174001,0 days 00:00:10.310795,0.980270775475127,0.9628256791034407,8,0.11728596703400009,0.06738070040093627,0.07246459124500329,0.012115318817299513,0.06403846715185739,0.02155562783794316,0.0006699460812662006,26,120,0.08929547731558948,0.027162452552091577,False,False,False,1.7925442980852875e-06,COMPLETE
1409,0.4172957062721253,2025-04-01 18:12:28.631863,2025-04-01 18:12:37.488125,0 days 00:00:08.856262,0.8656688076956898,0.6703676800774935,16,0.28543922042096453,0.07448235119038313,0.08447541860871546,0.016495042507917515,0.05449995462129561,0.017328330263852856,0.0005625628628338632,30,115,0.08389387147629745,0.047978585651832245,False,False,False,5.771468662583817e-08,COMPLETE
1410,0.37901446819305423,2025-04-01 18:12:37.950696,2025-04-01 18:12:49.403864,0 days 00:00:11.453168,0.9384843886284238,0.5783094707905507,8,0.2930159050621655,0.08006389193619469,0.05638299579892619,0.022996798273941802,0.06807516969461606,0.013372314173404513,0.00039691824558608593,28,107,0.07977397345448997,0.03277505129510594,True,False,False,1.2390534990450633e-06,COMPLETE
1411,0.41689200401306153,2025-04-01 18:12:49.865606,2025-04-01 18:13:00.677751,0 days 00:00:10.812145,0.9150908140852388,0.8438699641401178,8,0.262758751761594,0.08654697569138961,0.06923749387128,0.027374918001587832,0.059424162079404486,0.020116612120025388,0.0006219083503225708,29,122,0.09223869811542675,0.024439487865594786,False,False,False,9.751094250717661e-07,COMPLETE
1412,0.4319607257843018,2025-04-01 18:13:01.161736,2025-04-01 18:13:12.192429,0 days 00:00:11.030693,0.9668048246408658,0.5302688773588282,8,0.2746886608165516,0.0629263582939157,0.05271439119326885,0.021248598374809503,0.05350245502435008,0.02378227649678441,0.0005071263402984679,30,125,0.08693500669115671,0.04119896072144718,False,False,False,1.5605040162539946e-06,COMPLETE
1413,0.41432459354400636,2025-04-01 18:13:12.662336,2025-04-01 18:13:20.589030,0 days 00:00:07.926694,0.8361004350232992,0.6273593418616297,8,0.28355509306063864,0.07069177326693417,0.07488502045886078,0.013945120760932425,0.04883756894667496,0.015583471851197623,0.0013599388831344525,13,130,0.08922020673996693,0.03038139979553201,False,False,False,2.075218189660173e-06,COMPLETE
1414,0.41971896886825566,2025-04-01 18:13:21.050992,2025-04-01 18:13:30.234134,0 days 00:00:09.183142,0.882540903632747,0.6401673595440454,8,0.09821873516181322,0.15090102419953222,0.037529389200472954,0.019266323941258257,0.096939489172486,0.010615582475885819,0.0006118667393752737,20,118,0.08428387025663661,0.03830685684155307,False,False,False,1.2733779270908441e-06,COMPLETE
1415,0.3271386504173279,2025-04-01 18:13:30.699792,2025-04-01 18:13:40.324419,0 days 00:00:09.624627,0.8577370631007192,0.6034254332237454,8,0.290278554467989,0.056022506335360364,0.07790865568739092,0.03137601474246266,0.035648346333065045,0.027377665118352098,0.0016527527181776332,28,113,0.09719375287967812,0.025731964668706538,False,True,False,6.222572043440791e-07,COMPLETE
1416,0.413158643245697,2025-04-01 18:13:40.789466,2025-04-01 18:13:51.582281,0 days 00:00:10.792815,0.9315618295743473,0.8833953389660492,8,0.29486743832726886,0.07570619216835349,0.06758877667446199,0.02873303427511393,0.029389521672560006,0.017778927837753408,0.0003555071647949162,29,123,0.09101807291710193,0.022529983651224834,False,False,False,1.061521081587803e-07,COMPLETE
1417,0.41589453220367434,2025-04-01 18:13:52.065980,2025-04-01 18:14:02.582006,0 days 00:00:10.516026,0.9014620987187264,0.5481780458308185,8,0.27966757729261577,0.0815615240521903,0.05382778019448802,0.01644212676524628,0.056560780612071856,0.014235427803506435,0.0007901556492683709,27,136,0.08708197481391054,0.034300625631754816,False,False,False,1.6446048174298465e-08,COMPLETE
1418,0.43578101396560676,2025-04-01 18:14:03.046979,2025-04-01 18:14:13.851610,0 days 00:00:10.804631,0.9840227961580539,0.677384007213759,8,0.2723906567006222,0.06822739167608399,0.05020801790503487,0.010917154362509174,0.0627884675064807,0.02235643219803103,0.0011774239132873326,29,128,0.08194878004548525,0.05339564689191835,False,False,False,1.6439932973762948e-06,COMPLETE
1419,0.42930852174758916,2025-04-01 18:14:14.316317,2025-04-01 18:14:25.230168,0 days 00:00:10.913851,0.8792089607944404,0.9190030193210434,8,0.26547961686341937,0.10042607990730068,0.08856931861301498,0.005136194716510728,0.04216426809660907,0.012260988132923105,0.000668188428362051,30,117,0.08893971864590969,0.04677953814382449,False,False,False,3.1476539028077785e-08,COMPLETE
1420,0.4171124339103699,2025-04-01 18:14:25.692624,2025-04-01 18:14:36.236777,0 days 00:00:10.544153,0.9543501175715018,0.6931073979441559,8,0.25209431714665087,0.058952894755662705,0.06558390274337592,0.026283052906993856,0.05162298705759396,0.009191537639841284,0.000970405467060554,28,111,0.085523958679807,0.029855810562263437,False,False,False,1.980993155116925e-07,COMPLETE
1421,0.3897701978683472,2025-04-01 18:14:36.724989,2025-04-01 18:14:59.775796,0 days 00:00:23.050807,0.910431239724792,0.8933412720330123,2,0.2875340281251644,0.09098673901643117,0.08328651101245786,0.033589880264896954,0.060074711644000536,0.018842647497956284,0.001403851917358954,27,121,0.04859483903916759,0.022822542474083843,False,False,False,8.615321025572933e-07,COMPLETE
1422,0.41215684413909914,2025-04-01 18:15:00.243167,2025-04-01 18:15:10.992558,0 days 00:00:10.749391,0.3918342821918693,0.6147261000647783,8,0.23605315065307947,0.043753900514978294,0.04137544121746156,0.018215794691880362,0.06606129651057535,0.02970383077990115,0.0004169762929644044,29,125,0.09444743970898728,0.0371321957481518,False,False,False,2.300727209804551e-06,COMPLETE
1423,0.4337069153785706,2025-04-01 18:15:11.479760,2025-04-01 18:15:22.433866,0 days 00:00:10.954106,0.8551389565338439,0.6480375905898933,8,0.2803036279738218,0.07705147583722434,0.021441900977258954,0.0216298455549146,0.05534992236944304,0.02635738475785294,0.0008098405850398843,30,119,0.09203208630090459,0.02996291092956182,False,False,False,1.0723801584786648e-05,COMPLETE
1424,0.4174429297447205,2025-04-01 18:15:22.897763,2025-04-01 18:15:29.569697,0 days 00:00:06.671934,0.8134554028151514,0.8225423358271972,8,0.29453195179228914,0.06440729520947179,0.08077873005454363,0.013158386413380222,0.07182572498264535,0.023504069878691285,0.0011194949591452161,6,133,0.08380115796651624,0.0421744632158619,False,False,False,1.3846765301153822e-06,COMPLETE
1425,0.42552187442779543,2025-04-01 18:15:30.028989,2025-04-01 18:15:40.645122,0 days 00:00:10.616133,0.999273373856312,0.9440259198072262,8,0.25916234820788436,0.05081718297041016,0.07044378534805104,0.08074296813914623,0.057673447501536405,0.020762579928937645,0.0005388924116720143,28,115,0.09002908239681343,0.019764328735597452,False,False,False,9.909058693741846e-07,COMPLETE
1426,0.2930003464221954,2025-04-01 18:15:41.127120,2025-04-01 18:15:50.989846,0 days 00:00:09.862726,0.964283124892359,0.8707853954107593,8,0.28596143999375473,0.08529087435006373,0.08539698082736392,0.007872635461780807,0.03299400130293853,0.01682493212956384,0.0018898301407029364,30,124,0.079966917283281,0.02534935851403923,False,False,True,1.9920625704092053e-06,COMPLETE
1427,0.4189588785171509,2025-04-01 18:15:51.458619,2025-04-01 18:16:01.895815,0 days 00:00:10.437196,0.890632979934978,0.5765060942212293,8,0.27588054818538676,0.07057289058360851,0.05628450544188928,0.023108081670131623,0.05271280891973775,0.01148037605354777,0.0009372008945201782,27,127,0.08806931020748443,0.03495530284482936,False,False,False,1.1703908459442084e-06,COMPLETE
1428,0.3981448888778687,2025-04-01 18:16:02.364560,2025-04-01 18:16:12.766787,0 days 00:00:10.402227,0.9332637625345358,0.7002795783331346,8,0.29519093041904165,0.05905621013056596,0.07337776639454069,0.015210062293570232,0.06186251165714239,0.013745373606216244,0.000711233991912,28,90,0.013886402167973134,0.013742708660226779,False,False,False,6.703164448133488e-07,COMPLETE
1429,0.3908868312835693,2025-04-01 18:16:13.237286,2025-04-01 18:16:23.446948,0 days 00:00:10.209662,0.8713972277363697,0.9795403824289183,8,0.26791332172983856,0.07865652731142289,0.051244823981672745,0.024883083955989323,0.04638287023676406,0.01626582603702674,0.0012946822368224468,26,131,0.08666129468682555,0.020612794774450202,False,False,False,1.7889227049269955e-06,COMPLETE
1430,0.4145224809646607,2025-04-01 18:16:23.913048,2025-04-01 18:16:34.622704,0 days 00:00:10.709656,0.8298517555961493,0.6762159056799655,8,0.28861022617615395,0.07075056899746635,0.07588418038145488,0.00978438517838837,0.038315084411183926,0.03144177207144652,0.0016434075744677225,29,121,0.08244149629482209,0.030219873295273064,False,False,False,1.396242969329631e-06,COMPLETE
1431,0.3783192753791809,2025-04-01 18:16:35.107982,2025-04-01 18:16:44.694690,0 days 00:00:09.586708,0.9222431355101429,0.5998519903944531,16,0.2808590021871452,0.08513032964204069,0.06503231165150211,0.019574019252940906,0.06450914639847884,0.025083623711003738,0.0010462499884764057,28,117,0.07750826260829217,0.045823810340312375,True,False,False,1.0310822236675504e-08,COMPLETE
1432,0.4261679410934448,2025-04-01 18:16:45.163362,2025-04-01 18:16:55.723960,0 days 00:00:10.560598,0.9513886413836405,0.6383417489701603,8,0.27140077125716955,0.06545928717174178,0.03396340247686471,0.040728075191467907,0.05038122572892058,0.019864100238360605,0.0003096961679885529,29,95,0.09076911954526055,0.05862487379258686,False,False,False,2.5778230856804185e-06,COMPLETE
1433,0.4174407005310059,2025-04-01 18:16:56.192952,2025-04-01 18:17:07.149401,0 days 00:00:10.956449,0.900661170015698,0.9104919249894399,8,0.2999599158826479,0.09536663611371897,0.053928463305999444,0.03020483441040803,0.04112173952703195,0.014674211267037997,0.000784759133314132,30,124,0.09337345155116471,0.006654453293262551,False,False,False,8.141358781981349e-07,COMPLETE
1434,0.3268719792366028,2025-04-01 18:17:07.617603,2025-04-01 18:17:17.127341,0 days 00:00:09.509738,0.7607449054045252,0.8352493130493861,8,0.2850042421461737,0.2858412055938383,0.057377062480847146,0.017921754627825564,0.05991253506674586,0.009442852719853598,0.0006200321982720853,27,111,0.08584310026816862,0.21525664487407598,False,True,False,6.793063739402695e-08,COMPLETE
1435,0.43429116010665897,2025-04-01 18:17:17.595266,2025-04-01 18:17:28.436409,0 days 00:00:10.841143,0.9830074046713569,0.6618301723191128,8,0.2624149447652342,0.07437686484767989,0.07944145831300536,0.012160739357786426,0.05437525698951021,0.018318927314320832,0.0012502047926265453,29,120,0.08877958815559271,0.0376420798524955,False,False,False,1.6989286977086096e-05,COMPLETE
1436,0.43366445302963263,2025-04-01 18:17:28.925036,2025-04-01 18:17:39.540501,0 days 00:00:10.615465,0.8502869679374462,0.8976221254934437,8,0.24646041749123668,0.055813719479992425,0.08677504174294587,0.0166664855438576,0.05805732100302078,0.028684515156775364,0.0004718699541569355,28,128,0.0840993617142012,0.023920383320699012,False,False,False,1.1215403632807067e-06,COMPLETE
1437,0.4174521446228028,2025-04-01 18:17:40.008423,2025-04-01 18:17:50.931408,0 days 00:00:10.922985,0.8734027174047665,0.6240752172666754,8,0.27799891831793966,0.08075436604634559,0.06788409327677451,0.027439414195340673,0.06923253249893342,0.022017953685396944,0.0008787729935194504,30,115,0.09594543024847203,0.031500252071404986,False,False,False,2.911033693079196e-07,COMPLETE
1438,0.42638610601425175,2025-04-01 18:17:51.397340,2025-04-01 18:17:59.710220,0 days 00:00:08.312880,0.9167172987023097,0.7215325482854238,8,0.29353475562487136,0.090938407476513,0.09198990158550036,0.020589370187186852,0.05560042135088275,0.016052293173720738,0.00022476642248201549,15,122,0.06820314887538238,0.016446442301446863,False,False,False,1.7889047079405756e-06,COMPLETE
1439,0.4368324160575867,2025-04-01 18:18:00.177305,2025-04-01 18:18:10.943632,0 days 00:00:10.766327,0.8899381348910134,0.9370681042138461,8,0.29997851793276625,0.06431302893361276,0.082525410776004,0.014842816651178866,0.04861163980552254,0.026217856859423943,0.0014844260661411954,29,118,0.09198551901093147,0.03908660335843983,False,False,False,1.5099389872366381e-06,COMPLETE
1440,0.4179082989692688,2025-04-01 18:18:11.431282,2025-04-01 18:18:22.222406,0 days 00:00:10.791124,0.9665641536905337,0.851760761483689,8,0.2894166173572472,0.0489703720258374,0.07737071922066721,0.022916886673767803,0.05257363459210212,0.034860688703885104,0.0010161144580591993,28,126,0.08153072418118272,0.02643071996370559,False,False,False,3.1985042155873116e-06,COMPLETE
1441,0.2887604355812073,2025-04-01 18:18:22.693909,2025-04-01 18:18:33.470082,0 days 00:00:10.776173,0.9410671830708803,0.7003768983944694,8,0.2560825374581894,0.024386428794381326,0.05188439223329455,0.003266291971856967,0.062431118856551136,0.012184525165322929,0.0008007040622143322,29,130,0.08783735639657478,0.010393156410636274,False,False,False,2.3681865559657055e-08,COMPLETE
1442,0.43042877912521366,2025-04-01 18:18:33.938870,2025-04-01 18:18:44.919501,0 days 00:00:10.980631,0.7808513495308806,0.8804618293255002,8,0.27281349994214515,0.0723405386673833,0.07214779468484252,0.007729278922931605,0.0646851763012267,0.020575123768975263,0.000676569268571916,30,114,0.0904634818065603,0.018939941086326614,False,False,False,2.0394786192533647e-06,COMPLETE
1443,0.42964465618133546,2025-04-01 18:18:45.388546,2025-04-01 18:19:08.607759,0 days 00:00:23.219213,0.8433922068658741,0.9585190259633332,2,0.2840128211778613,0.059971495382392305,0.06402171234468142,0.046196647777033015,0.060803621837861456,0.018099541986331624,0.001195459893198503,27,122,0.08520855953172629,0.03459457873503519,False,False,False,1.0147309534995395e-06,COMPLETE
1444,0.2959267854690552,2025-04-01 18:19:09.078555,2025-04-01 18:19:15.617459,0 days 00:00:06.538904,0.9048802464125507,0.6066196756987823,8,0.26704784343833776,0.08092939373347857,0.049657989827217655,0.02574075004238671,0.036279247049322574,0.022826521363303952,0.000542042788173753,8,119,0.07980483628446888,0.026719753171637745,False,False,True,7.330212437294613e-07,COMPLETE
1445,0.4171750068664551,2025-04-01 18:19:16.106128,2025-04-01 18:19:26.289862,0 days 00:00:10.183734,0.8661864272340803,0.5667914438789994,8,0.27804818114687746,0.07543349670151982,0.0893954162900854,0.016594108502318714,0.05053898656940783,0.008251930461657613,0.0009985461396384593,26,108,0.08774447563316161,0.044386879513235625,False,False,False,1.2952944251371326e-06,COMPLETE
1446,0.4115321636199952,2025-04-01 18:19:26.764465,2025-04-01 18:19:37.376033,0 days 00:00:10.611568,0.9998950710670498,0.6538790076589075,8,0.28960357549800164,0.06764463919233764,0.05461478766485229,0.012399523698869264,0.05731267608109468,0.01095756867693048,0.0014534869060674378,28,124,0.09376758374653814,0.018007745934873993,False,False,False,2.4557521971757292e-06,COMPLETE
1447,0.4060333013534546,2025-04-01 18:19:37.849850,2025-04-01 18:19:48.621207,0 days 00:00:10.771357,0.8032054406132189,0.917312228267302,8,0.2835032659508863,0.10060298352332012,0.07458251956190592,0.028407119437435145,0.06712072289822857,0.014117968225389545,0.0008733009402471204,30,75,0.08318013557450057,0.03203087830604204,False,False,False,1.6195350614283182e-06,COMPLETE
1448,0.3957563757896424,2025-04-01 18:19:49.096901,2025-04-01 18:20:01.045118,0 days 00:00:11.948217,0.9494390679401105,0.6852954382307539,8,0.2938718080830446,0.08856201233441909,0.0318780021446835,0.020644608434908326,0.053772114688191486,0.023705610388381322,0.0011632163548180138,29,128,0.09004994616512875,0.053296291572332156,True,False,False,9.523252642606326e-07,COMPLETE
1449,0.3829933166503906,2025-04-01 18:20:01.537287,2025-04-01 18:20:09.677258,0 days 00:00:08.139971,0.8859378788551714,0.5891177208100639,8,0.2505758356574272,0.08432589680297208,0.07034896141654563,0.0105482760896858,0.05890951116592353,0.02849475674712215,0.0007095003991907043,14,117,0.003081011594972663,0.02259046637686072,False,False,False,1.2922000766641192e-08,COMPLETE
1450,0.40978521108627325,2025-04-01 18:20:10.158234,2025-04-01 18:20:20.780007,0 days 00:00:10.621773,0.5862309924225084,0.7183531862117334,8,0.2737302462170296,0.062236728459989975,0.08511398898223482,0.01828111412940024,0.055936119145027406,0.01638932273037029,0.0003985911886786365,28,133,0.08613324033661089,0.012790367380562773,False,False,False,4.9289358280877204e-08,COMPLETE
1451,0.4169402599334717,2025-04-01 18:20:21.256208,2025-04-01 18:20:32.018966,0 days 00:00:10.762758,0.9737432480231885,0.8119801383017742,8,0.2618101914134325,0.05594708415973815,0.05663653866486064,0.014102901556949533,0.04493759493271947,0.040220461225368855,0.000580473945772932,29,125,0.09179893400660848,0.03989102049732082,False,False,False,1.1428304544499825e-06,COMPLETE
1452,0.33737633228302005,2025-04-01 18:20:32.495013,2025-04-01 18:20:42.053196,0 days 00:00:09.558183,0.9260900618737645,0.6368333640564963,8,0.2888772484514407,0.07284962838764539,0.06710740975135662,0.006226536876689599,0.06396679986457114,0.01938806817706652,0.0009379235534675253,28,120,0.08878414693854883,0.029120370898730635,False,True,False,5.862158014284109e-07,COMPLETE
1453,0.3818583726882935,2025-04-01 18:20:42.545808,2025-04-01 18:20:51.091819,0 days 00:00:08.546011,0.8335660126777278,0.8671123960212926,16,0.28008439654826345,0.03786114557997493,0.035665138437635545,0.023669254383563414,0.052166768107099616,0.03252539398647254,0.0020328650137772784,27,113,0.05337463202638104,0.006376852590885669,False,False,False,1.7963444912312573e-06,COMPLETE
1454,0.4073006510734558,2025-04-01 18:20:51.564704,2025-04-01 18:21:02.506443,0 days 00:00:10.941739,0.8586921661500232,0.6655435129204035,8,0.2650538479882972,0.06760141134939142,0.042787356477475516,0.03286116159408705,0.0389358032234264,0.013100597906972693,0.059673581023207724,30,122,0.08475257030590476,0.022445916890380425,False,False,False,1.3769929521783904e-06,COMPLETE
1455,0.4292617201805115,2025-04-01 18:21:02.982454,2025-04-01 18:21:13.792073,0 days 00:00:10.809619,0.9072114153799886,0.7809987065751554,8,0.2948124229643186,0.051077135684379,0.052259009429792606,0.029972522852147753,0.04891642330811464,0.009700816041513205,0.0013861949250890215,29,117,0.08730711616150148,0.048676397935959674,False,False,False,1.643715161531112e-08,COMPLETE
