number,value,datetime_start,datetime_complete,duration,params_alpha-eval,params_alpha-train,params_batch-size,params_eps-eval,params_eps-train,params_lambda-actions-eval,params_lambda-actions-train,params_lambda-frames-eval,params_lambda-frames-train,params_learning-rate,params_n-epochs,params_n-frames,params_radius-gw,params_rho,params_std-feats,params_ub-actions,params_ub-frames,params_weight-decay,state
0,0.38883700370788576,2025-04-22 01:05:32.305723,2025-04-22 01:05:48.978547,0 days 00:00:16.672824,0.7081790007856855,0.5378468657314563,2,0.23329634605103172,0.28396360866399495,0.006078330338176289,0.07705055336868909,0.00731706212439437,0.04329568948851666,0.03177079623044105,16,128,0.05184915175727465,0.04128123600271379,False,False,False,0.0006923351637215436,COMPLETE
1,0.3142933189868927,2025-04-22 01:05:48.983511,2025-04-22 01:05:56.131361,0 days 00:00:07.147850,0.6324539982336288,0.4593728571715529,16,0.14846029995786916,0.18329830108982453,0.08304368445609107,0.09398129381182109,0.048579360308692206,0.04040986077770254,1.1011695840096592e-05,18,42,0.04335594639685124,0.2973735588517571,False,False,True,4.343542410776044e-06,COMPLETE
2,0.37631696462631226,2025-04-22 01:05:56.134958,2025-04-22 01:06:02.530320,0 days 00:00:06.395362,0.7980242381236248,0.7976226628639627,8,0.053210072760380756,0.2530874761433563,0.05618043971802007,0.057989560726049674,0.09149388461871451,0.038787605824122155,0.007569022167874316,5,137,0.08552418285459328,0.08585736270806381,False,False,True,1.8620559794294916e-08,COMPLETE
3,0.2887604355812073,2025-04-22 01:06:02.534170,2025-04-22 01:06:19.515454,0 days 00:00:16.981284,0.16340683088095953,0.3157073948634982,2,0.06507254853236559,0.11436955804154234,0.008110281995749187,0.07188892082332603,0.017690059376990287,0.06440305495131,0.0017254386861296571,21,9,0.07768259716980674,0.10772443350161105,False,True,True,2.079499507920651e-07,COMPLETE
4,0.3738355875015259,2025-04-22 01:06:19.519867,2025-04-22 01:06:30.001949,0 days 00:00:10.482082,0.7252851164783787,0.991531787715525,16,0.04390506361438181,0.16857489040441037,0.0773542469010685,0.06567036427065301,0.0985181127614565,0.019535478757760783,2.1292100064075585e-05,24,149,0.022026325482679514,0.06069908985490788,True,False,False,2.194095352160163e-05,COMPLETE
5,0.29986435174942017,2025-04-22 01:06:30.006426,2025-04-22 01:06:45.240429,0 days 00:00:15.234003,0.27536974688054566,0.3005140403256028,2,0.22277008829778214,0.04336165455844735,0.059733257792376024,0.03627213563229243,0.006066747237860432,0.02846190759439171,2.2588652420689516e-05,15,140,0.0211898645392317,0.05843549628047641,True,False,True,1.3527184597695903e-07,COMPLETE
6,0.331887823343277,2025-04-22 01:06:45.245283,2025-04-22 01:06:51.568290,0 days 00:00:06.323007,0.012911876508808519,0.6444432497091754,16,0.2418330961548156,0.08429800927507973,0.0605843123059397,0.0056194695054440184,0.043044135346304975,0.016859693818856984,0.0030692510408971718,10,19,0.09868122369132329,0.054873599922098004,False,True,False,0.00020315057940719424,COMPLETE
7,0.37832787036895754,2025-04-22 01:06:51.573380,2025-04-22 01:07:07.557205,0 days 00:00:15.983825,0.3093448654265468,0.6914700259068427,2,0.008108178450618996,0.17406116141104572,0.013898569052164817,0.007405784149436785,0.029373376926543328,0.08833793478551197,0.03064717245850314,19,7,0.04419242792183713,0.1822240092080362,False,True,False,5.694239477188879e-05,COMPLETE
8,0.38393508791923525,2025-04-22 01:07:07.562464,2025-04-22 01:07:21.615287,0 days 00:00:14.052823,0.9316606685558412,0.2546213749001171,2,0.07927289849965835,0.17667267713264992,0.03677232886464784,0.02326862436712819,0.057461377026690776,0.05492603922964839,1.2487640776003971e-05,13,127,0.08512147214302755,0.2785629835622243,True,True,True,0.000301435697783254,COMPLETE
9,0.38302851915359504,2025-04-22 01:07:21.620891,2025-04-22 01:07:29.727904,0 days 00:00:08.107013,0.013607174758080876,0.18514205904159595,16,0.1730228183535025,0.11939285897144346,0.0980944900668863,0.0705073008721546,0.043165035407522825,0.037916874531307564,0.04410916127769011,23,54,0.0010483620418491309,0.06135469420159932,False,False,False,6.638065198937686e-07,COMPLETE
10,0.3909515142440796,2025-04-22 01:07:29.734301,2025-04-22 01:07:42.056893,0 days 00:00:12.322592,0.48691142494230916,0.0868182437024988,8,0.2978851722396576,0.26875963561998967,0.030920464346864792,0.09933873925142295,0.07578180864883424,0.07884391845674497,0.00027608900221053306,29,100,0.06287949427062779,0.009951358104578034,True,False,False,0.000555034925030718,COMPLETE
11,0.38266414403915405,2025-04-22 01:07:42.063504,2025-04-22 01:07:54.502959,0 days 00:00:12.439455,0.4963484130678093,0.045878306508225164,8,0.280552553623919,0.297181274142495,0.028901465666668097,0.09942237703626548,0.07765793511354287,0.07734528773562838,0.0002870808149387419,29,102,0.0620459772415358,0.01041368313969995,True,False,False,0.0006688358901191571,COMPLETE
12,0.3642470359802246,2025-04-22 01:07:54.511731,2025-04-22 01:08:06.994445,0 days 00:00:12.482714,0.4845174561386987,0.5119420597089345,8,0.28075005474208814,0.24701412263928038,0.025990157011360728,0.08336041435447177,0.07066367753637603,0.09632030412911959,0.00017329851165625413,30,99,0.0608522970408395,0.007385850042863101,True,False,False,2.783308208018502e-05,COMPLETE
13,0.3840001463890076,2025-04-22 01:08:07.001429,2025-04-22 01:08:18.979202,0 days 00:00:11.977773,0.6143795290182358,0.4457251593576021,8,0.2964806093400195,0.2929661849443624,0.0015222993314382071,0.0805585990310396,0.06691303773377917,0.0705215219746789,0.0002821499327216357,27,104,0.061290363678694865,0.16511247607738305,True,False,False,0.0007911776963917979,COMPLETE
14,0.37486207485198975,2025-04-22 01:08:18.986601,2025-04-22 01:08:31.829660,0 days 00:00:12.843059,0.9654132077577955,0.08259270088551024,2,0.21585437282576608,0.23033126869861537,0.04061010910064353,0.0439437505000579,0.08360826338981342,0.05602496411611899,0.009064101165715079,10,86,0.03217074874620925,0.11916094650500887,False,False,False,8.024011122559725e-05,COMPLETE
15,0.38780556917190556,2025-04-22 01:08:31.839607,2025-04-22 01:08:41.214344,0 days 00:00:09.374737,0.4170792262966687,0.6160746193124831,8,0.1664432950884555,0.21243753290394995,0.01803325427617962,0.08729126079872176,0.00446309988151548,0.005646469112252389,0.0006200829789712887,14,123,0.05491894577264356,0.005184931940013759,True,False,False,6.244714975953633e-06,COMPLETE
16,0.3842329025268555,2025-04-22 01:08:41.222588,2025-04-22 01:08:51.360995,0 days 00:00:10.138407,0.761933162407572,0.8710300879980934,8,0.25187465950813803,0.2689990994846526,0.023024864657119004,0.09822678296750853,0.02887783131315387,0.07970944926072576,0.00011212383319997012,25,64,0.07207083112183457,0.20924140413719225,False,False,False,0.00010575001115407024,COMPLETE
17,0.2887604355812073,2025-04-22 01:08:51.369298,2025-04-22 01:09:12.257084,0 days 00:00:20.887786,0.5775075111337521,0.3608533639534913,2,0.12093571325290763,0.009938327155024684,0.04484793497828943,0.05389359118481996,0.05741558582741106,0.06336997770630126,0.0753435583187022,21,119,0.036111967623295355,0.03340680950034414,True,False,False,1.2585733156822894e-05,COMPLETE
18,0.3329571485519409,2025-04-22 01:09:12.265633,2025-04-22 01:09:20.723573,0 days 00:00:08.457940,0.8528387220453312,0.13867184146436895,8,0.18744519343851293,0.22663616449397128,0.0037612498831833315,0.08205510113484729,0.028619421781412354,0.04718469587882711,6.37868234569516e-05,16,77,0.07074276201801394,0.13098116844489033,True,True,False,0.0008333958671839931,COMPLETE
19,0.38501350879669194,2025-04-22 01:09:20.732380,2025-04-22 01:09:34.202295,0 days 00:00:13.469915,0.384491012266188,0.5405029864211446,2,0.2604890946355837,0.2735758341233006,0.03125786604362071,0.07444469645451264,0.013909391240430084,0.08873633966451003,0.0006762399160710164,11,85,0.05321089206996506,0.2355144977125318,False,False,False,1.247998588205527e-06,COMPLETE
20,0.3878116250038147,2025-04-22 01:09:34.211644,2025-04-22 01:09:44.070920,0 days 00:00:09.859276,0.6897338947502156,0.7562006384502313,2,0.2171271550773045,0.2058315224055876,0.014537769845394398,0.0897614188050593,0.06751115598946231,0.09840074786082695,0.011576194299879144,5,120,0.09955889019805159,0.02904349547006054,False,False,False,0.0002364808391139726,COMPLETE
21,0.3831777334213257,2025-04-22 01:09:44.080496,2025-04-22 01:09:54.398545,0 days 00:00:10.318049,0.6775947920846497,0.7470138578696498,2,0.20875415425228933,0.21135361010525225,0.014260657062369677,0.09144212263129291,0.06723407314463797,0.09847846568704795,0.0141311413736835,6,113,0.09964884503518862,0.026453500481413327,False,False,False,0.0002550334890502985,COMPLETE
22,0.38741965293884284,2025-04-22 01:09:54.408375,2025-04-22 01:10:06.139554,0 days 00:00:11.731179,0.566504465428059,0.9512941755238362,2,0.2988368409939833,0.26786782634776224,0.011733897951641672,0.06305863398035262,0.08044290515702061,0.08482772515663164,0.0038748829065893262,8,134,0.08277896138749521,0.03854820749953946,False,False,False,0.0002671858731775366,COMPLETE
23,0.3873831391334534,2025-04-22 01:10:06.149598,2025-04-22 01:10:29.752741,0 days 00:00:23.603143,0.8608771239465489,0.5705129416549316,2,0.23865010671794398,0.20211142111452018,0.01739500177178991,0.08739579743772236,0.06070566057808834,0.09979909263979019,0.022182195323203154,27,108,0.06904082698590867,0.08586619846082369,False,False,False,0.0009570856791921102,COMPLETE
24,0.39297765493392944,2025-04-22 01:10:29.765043,2025-04-22 01:10:43.954468,0 days 00:00:14.189425,0.6971014731732608,0.4067039433345227,2,0.1982861696177863,0.24649340799155847,0.03263791705720309,0.09267018501549522,0.07470773663840037,0.07267270790088824,0.09796644343402049,12,91,0.09213008050259547,0.09075016002090626,False,False,False,5.3955245162474144e-05,COMPLETE
25,0.3794738531112671,2025-04-22 01:10:43.965124,2025-04-22 01:10:51.942474,0 days 00:00:07.977350,0.4303318187577005,0.4526080150677624,8,0.13377080082446313,0.2947354192982986,0.049272725793523736,0.07745577107479856,0.0878775328040382,0.0684146807898379,0.08615803048888634,12,94,0.08937765637990532,0.08734933214966235,False,False,False,4.7505819881444955e-05,COMPLETE
26,0.2887604355812073,2025-04-22 01:10:51.954358,2025-04-22 01:11:07.588539,0 days 00:00:15.634181,0.5656109641910214,0.3656745620971942,2,0.19945674967418592,0.24454910601332241,0.03627736520255584,0.04532657388066572,0.0997859845664109,0.07484828161721699,0.05796280429298534,17,71,0.04364638675535753,0.14253127196061835,True,True,True,0.00010502665433678997,COMPLETE
27,0.3774287819862366,2025-04-22 01:11:07.599589,2025-04-22 01:11:27.246614,0 days 00:00:19.647025,0.8034275608342198,0.13975180533190662,2,0.26707327776722056,0.2700633394049953,0.0719418454421597,0.09975628017924357,0.0766351830397992,0.049156856361542794,0.0014195325264799536,21,86,0.031196309129380814,0.10089653532491386,False,False,False,1.4990881955702748e-05,COMPLETE
28,0.3845785975456238,2025-04-22 01:11:27.258224,2025-04-22 01:11:35.230758,0 days 00:00:07.972534,0.6803237172814365,0.24684976031043643,16,0.23751430662274195,0.14233935360775463,0.022505650705281224,0.09136798475764996,0.050768234782916796,0.05730589065513543,0.024327279175039917,19,52,0.09172331998843328,0.07330450347466852,True,False,False,0.0004719907166539917,COMPLETE
29,0.31243516802787785,2025-04-22 01:11:35.242720,2025-04-22 01:11:42.159021,0 days 00:00:06.916301,0.32634370271840785,0.4284946536189122,8,0.15310242349763528,0.2392376612742823,0.031770917734412284,0.09389426204324389,0.036501338885057175,0.04285854919872581,0.00433007912463592,8,93,0.049099134189380944,0.04456914902215424,False,False,True,3.500378649673458e-06,COMPLETE
30,0.38162448406219485,2025-04-22 01:11:42.171305,2025-04-22 01:11:50.071164,0 days 00:00:07.899859,0.6387934017583005,0.015375878134781487,16,0.1867311488634149,0.2828779254099699,0.049644073341950194,0.06548616721695652,0.052169220901943335,0.028502432036082864,0.09938845404081054,18,112,0.07749137370676606,0.0172670180648782,False,False,False,0.00014195109729194538,COMPLETE
31,0.40348573923110964,2025-04-22 01:11:50.083752,2025-04-22 01:12:01.782606,0 days 00:00:11.698854,0.7081853094800258,0.8164012667987325,2,0.2250688145343586,0.20344266419191076,0.008014603401409321,0.0873682895798434,0.07216568437759993,0.09120135275190977,0.013137910532639352,8,120,0.09328502764240472,0.031224952084368388,False,False,False,0.00034790651962007,COMPLETE
32,0.3854322671890259,2025-04-22 01:12:01.797360,2025-04-22 01:12:13.516230,0 days 00:00:11.718870,0.8824014538014717,0.79736118391225,2,0.23438589042327904,0.25797129796064794,0.008613426268696404,0.08438409535125901,0.07295572155481567,0.08466135912607295,0.04781854682062578,8,130,0.07799770184386492,0.07211385424683091,False,False,False,0.0004124571601994008,COMPLETE
33,0.40469845533370974,2025-04-22 01:12:13.529300,2025-04-22 01:12:29.099572,0 days 00:00:15.570272,0.7607969407554149,0.8444651357851527,2,0.27576357633770443,0.19420892344644222,0.006282555948977498,0.07678903912612309,0.08814250880107681,0.09008743090455042,0.015148223758407214,14,146,0.06746964344145993,0.0011371541407669775,False,False,False,4.174068437707805e-05,COMPLETE
34,0.4011138558387757,2025-04-22 01:12:29.113691,2025-04-22 01:12:44.092486,0 days 00:00:14.978795,0.7722241019560669,0.8740449374048739,2,0.2816400910273928,0.19089527125737352,0.004326519035689237,0.07754499627873632,0.09203667329796925,0.08282674092165292,0.0021094223222871914,13,144,0.09304015381543064,0.0038988208273292996,False,False,False,3.858323333052676e-05,COMPLETE
35,0.4002732396125794,2025-04-22 01:12:44.106098,2025-04-22 01:12:59.064576,0 days 00:00:14.958478,0.7787333199352735,0.8765915361293936,2,0.2732121502290964,0.1487069259154865,0.0064825214226988835,0.07445446909412594,0.08782773597243489,0.09187314054066639,0.005606308430886573,13,150,0.09163496848903399,0.002197970214207705,False,False,False,3.475448476652044e-05,COMPLETE
36,0.30634582638740543,2025-04-22 01:12:59.079860,2025-04-22 01:13:12.884045,0 days 00:00:13.804185,0.7713326606476926,0.8878785921636461,2,0.2699327570127964,0.15204943535804707,0.006433023558387542,0.06997983972426075,0.09196599870621548,0.08989107432270314,0.00514190759381009,14,149,0.09312563352848538,0.024869813290975193,False,False,True,1.0220072239867736e-05,COMPLETE
37,0.3355586647987366,2025-04-22 01:13:12.899421,2025-04-22 01:13:27.698701,0 days 00:00:14.799280,0.8108461125947708,0.8653367185842787,2,0.2757244032427465,0.19058028973407287,0.0010032349730002966,0.0746082467624296,0.09309875173037663,0.09077522346062807,0.0026726821964264506,16,142,0.08179278942246047,0.04274263992256313,False,True,False,3.527518823163485e-05,COMPLETE
38,0.2891490876674652,2025-04-22 01:13:27.713404,2025-04-22 01:13:39.362768,0 days 00:00:11.649364,0.9139762113915737,0.9345105891352598,2,0.25366819197275664,0.157810397884804,0.009385754135545023,0.056047220459410275,0.085450109324186,0.09260477427932283,0.017353876475127247,10,142,0.0876470918924895,0.003427644169414032,False,False,True,2.12823755448047e-05,COMPLETE
39,0.40731377601623536,2025-04-22 01:13:39.377757,2025-04-22 01:13:55.046107,0 days 00:00:15.668350,0.9955024226076787,0.9974615423848466,2,0.24915913415103366,0.12284434859853303,0.019851990299405275,0.06427962163152004,0.09431058789333355,0.08319536365188755,0.002324337186103738,14,149,0.09500022855801338,0.053517645192509955,False,False,False,7.307208303110868e-06,COMPLETE
40,0.3351393520832062,2025-04-22 01:13:55.061502,2025-04-22 01:14:05.047029,0 days 00:00:09.985527,0.9359975758664324,0.9963096965460163,2,0.25173017369194534,0.08090848334286882,0.019577686526034352,0.06438001930625546,0.09534461566973529,0.08230481045823371,0.0021437045892995794,7,136,0.0762456371373206,0.04935697210386035,False,True,False,1.8819992634241976e-06,COMPLETE
41,0.39660526514053346,2025-04-22 01:14:05.062873,2025-04-22 01:14:19.815243,0 days 00:00:14.752370,0.9889811958499242,0.8264232328201822,2,0.28502496362585505,0.11599285827969401,0.006555205127158584,0.07780820982783976,0.08850776396594101,0.08424537757436927,0.005905560514743249,13,149,0.09500403601164083,0.02175022097693881,False,False,False,6.318392049627691e-06,COMPLETE
42,0.42406725883483887,2025-04-22 01:14:19.831144,2025-04-22 01:14:35.992565,0 days 00:00:16.161421,0.7422302794367792,0.9367896089574583,2,0.22350151487702338,0.12914269447410814,0.01092147447274194,0.06033734311045792,0.08259322511691415,0.09407245221338542,0.0012971790027550055,15,141,0.08389031912929058,0.06534802966675812,False,False,False,1.037119476168937e-08,COMPLETE
43,0.4153242588043213,2025-04-22 01:14:36.008887,2025-04-22 01:14:52.100038,0 days 00:00:16.091151,0.7245433339885611,0.9422430010067798,2,0.22802217582130063,0.1321716253671653,0.01223808465176315,0.06143572532188466,0.08238848926269428,0.09435010964578086,0.0012948522419176489,15,129,0.08465579034868002,0.06905295814299303,False,False,False,6.201015909812235e-08,COMPLETE
44,0.40667884349823,2025-04-22 01:14:52.116434,2025-04-22 01:15:08.321051,0 days 00:00:16.204617,0.7410241136617657,0.9439531616713972,2,0.2360444686089805,0.13259998976269297,0.012663848966066864,0.05994166897869117,0.0827249264266579,0.09438907555132518,0.0011865362530397024,15,129,0.08470310387452729,0.06576357800805702,False,False,False,3.354542014827268e-08,COMPLETE
45,0.4276667833328247,2025-04-22 01:15:08.337978,2025-04-22 01:15:24.409017,0 days 00:00:16.071039,0.6258160045056695,0.966407888657427,2,0.10448387802189624,0.09445213147989245,0.02415066484696437,0.05962299152379506,0.08138699980246018,0.09484839215602028,0.0011547665072886056,15,130,0.08380782582779119,0.10939680846218192,False,False,False,1.072346179661577e-08,COMPLETE
46,0.35380664467811584,2025-04-22 01:15:24.426457,2025-04-22 01:15:31.704544,0 days 00:00:07.278087,0.6175101203581898,0.9362672488116486,16,0.10636733542093656,0.09600966071923524,0.02607519365272966,0.06087563570203069,0.08223295745066328,0.09473948544414956,0.0008128682365555429,16,129,0.08422929118737651,0.10816997428132974,False,False,True,1.1440145142468647e-08,COMPLETE
47,0.38154728412628175,2025-04-22 01:15:31.722102,2025-04-22 01:15:47.260698,0 days 00:00:15.538596,0.8304820287549488,0.9496249593195876,2,0.0866028391279017,0.1340053341178113,0.021982457655921942,0.04814626019698036,0.08175179776550859,0.0868481304729681,0.0010301450778141324,15,26,0.07918145322819622,0.12178403951313096,False,False,False,4.46965704410409e-08,COMPLETE
48,0.2887604355812073,2025-04-22 01:15:47.281005,2025-04-22 01:16:03.731547,0 days 00:00:16.450542,0.14669378012920564,0.9856936547833598,2,0.05191010599707458,0.06387477871329651,0.09879412528664562,0.050869016154419806,0.09732178068155464,0.09478225578382425,0.0014212161978991807,19,135,0.07378389937677253,0.07140508107768459,False,True,False,3.73216561568138e-08,COMPLETE
49,0.38292402029037476,2025-04-22 01:16:03.749738,2025-04-22 01:16:21.281872,0 days 00:00:17.532134,0.526788059871242,0.9089782721485056,2,0.02344973917067264,0.10251830627911544,0.016887436979310624,0.03599799381720852,0.06304080399108783,0.07870494388764092,0.00044580709839910277,17,124,0.004259051275003846,0.06279744721373838,False,False,False,1.3789451599211997e-07,COMPLETE
50,0.39045453071594244,2025-04-22 01:16:21.300554,2025-04-22 01:16:28.898809,0 days 00:00:07.598255,0.6571747236724571,0.7334657524360382,16,0.09186708671682843,0.13306154091057742,0.02548660958917457,0.05917430104114807,0.0953991994925373,0.09901367752416664,0.0005015537945616148,15,132,0.08573632157097176,0.10130255111823037,False,False,False,3.4117005275007555e-08,COMPLETE
51,0.37972851991653445,2025-04-22 01:16:28.917273,2025-04-22 01:16:45.256361,0 days 00:00:16.339088,0.7313395782255208,0.9911026574314349,2,0.22524910511430282,0.12618754277634817,0.011297924606571481,0.06773435423904868,0.07971608796943327,0.09469753145695778,0.0010794238292760668,15,140,0.06573215006191942,0.05641096886992382,False,False,False,1.6975979529593718e-08,COMPLETE
52,0.37339956760406495,2025-04-22 01:16:45.275332,2025-04-22 01:17:00.678502,0 days 00:00:15.403170,0.7446681128873881,0.9199550161928634,2,0.24788665844863944,0.16513067170311518,0.013834762875219798,0.053175279326504656,0.08486381053693177,0.08774214825405117,0.0003798315660539096,14,115,0.08218991550479099,0.07801926764070537,False,False,False,5.1556908098960123e-08,COMPLETE
53,0.38938748836517334,2025-04-22 01:17:00.697947,2025-04-22 01:17:18.694308,0 days 00:00:17.996361,0.8860842758688527,0.8246281934348784,2,0.17640402745294564,0.10362948560020557,0.019746693177579863,0.05772550999910118,0.08774950874241402,0.08082609579612632,0.002773543598485043,18,127,0.06594057361027436,0.16188790400560632,False,False,False,2.7368861781348475e-07,COMPLETE
54,0.4027331471443177,2025-04-22 01:17:18.715013,2025-04-22 01:17:32.345258,0 days 00:00:13.630245,0.6350857240955159,0.9711243226134013,2,0.07250768778133002,0.07032963825186575,0.01199188320729791,0.04167161651019903,0.07790765782039275,0.09519431696812786,0.001431622398976661,11,145,0.08820089485093024,0.06374854214944621,False,False,False,2.2675325277694247e-08,COMPLETE
55,0.383467173576355,2025-04-22 01:17:32.364909,2025-04-22 01:17:51.771398,0 days 00:00:19.406489,0.5908094180749384,0.9100813950562162,2,0.1334722774851554,0.10899513290992224,0.09108089384916182,0.06964497272260767,0.09014308626831649,0.07633347550445528,0.007452830771250204,20,137,0.058146807424208774,0.10995832103174574,False,False,False,1.0397022502312394e-08,COMPLETE
