number,value,datetime_start,datetime_complete,duration,params_alpha-eval,params_alpha-train,params_batch-size,params_eps-eval,params_eps-train,params_lambda-actions-eval,params_lambda-actions-train,params_lambda-frames-eval,params_lambda-frames-train,params_learning-rate,params_n-epochs,params_n-frames,params_radius-gw,params_rho,params_std-feats,params_ub-actions,params_ub-frames,params_weight-decay,state
1904,0.39408464431762696,2025-04-01 19:47:04.929969,2025-04-01 19:47:16.079756,0 days 00:00:11.149787,0.8575587332711347,0.929778115191095,8,0.28672334257440124,0.04524260951989305,0.023223442197396995,0.026557262401836878,0.008045081580607148,0.025219117690888217,0.0015934307638740676,26,122,0.08901436240513574,0.05124662416664004,True,False,False,4.843327178933788e-08,COMPLETE
1905,0.4108743190765381,2025-04-01 19:47:16.721149,2025-04-01 19:47:26.887098,0 days 00:00:10.165949,0.8797944335694916,0.9118204562119728,8,0.2706860628800203,0.061991310748494115,0.02080276856870389,0.02464264005631066,0.006303575005249712,0.015115521544014847,0.0013586686790841797,26,88,0.09371236110759022,0.05385349182298811,False,False,False,1.0921381099911949e-07,COMPLETE
1906,0.4069393157958985,2025-04-01 19:47:27.510763,2025-04-01 19:47:37.597253,0 days 00:00:10.086490,0.7611200160580207,0.8947188997086595,8,0.2030004030880142,0.053400274110660076,0.025225070500736028,0.0270874874436055,0.004517453011622411,0.01952942529836334,0.0013344585968851285,25,111,0.014383641122710997,0.04728576563394078,False,False,False,6.85583109025224e-08,COMPLETE
1907,0.3920101523399353,2025-04-01 19:47:38.247074,2025-04-01 19:47:48.308328,0 days 00:00:10.061254,0.8971420265918211,0.9636870005491966,8,0.29047616013917316,0.06469728688846248,0.02726693987286277,0.02989832154237611,0.00998058223699129,0.02345523924068846,0.001992421147065634,26,70,0.0866522507911869,0.04176887193431588,False,False,False,5.8977207013202586e-08,COMPLETE
1908,0.4109546065330506,2025-04-01 19:47:48.932352,2025-04-01 19:48:11.554120,0 days 00:00:22.621768,0.8425387896963265,0.9233503050204602,2,0.27939873282338334,0.04886001448709883,0.018399680694223156,0.03404826531855038,0.00766875962633827,0.017066199554764946,0.0016820103655771487,26,126,0.09024407961089487,0.04275830637722765,False,False,False,1.0289916756054184e-07,COMPLETE
1909,0.42212104797363287,2025-04-01 19:48:12.200219,2025-04-01 19:48:22.069758,0 days 00:00:09.869539,0.8630702682289085,0.8959454606011388,8,0.283702460558886,0.05747494186614551,0.020750673741882476,0.024591192262599107,0.001186493004037878,0.014071981195627902,0.0013504258689074101,24,119,0.08819131261512589,0.04645437610659454,False,False,False,4.2401164578296356e-08,COMPLETE
1910,0.41583577394485477,2025-04-01 19:48:22.693735,2025-04-01 19:48:32.884413,0 days 00:00:10.190678,0.8253415322509177,0.9564687181414451,8,0.2756490739887474,0.06619364590794174,0.01456506898243587,0.0290272831297718,0.01119828946321051,0.019503700121430583,0.001260795833755907,25,131,0.09157090410222708,0.0609225322025761,False,False,False,4.811843909238366e-08,COMPLETE
1911,0.42470250129699705,2025-04-01 19:48:33.541686,2025-04-01 19:48:43.779246,0 days 00:00:10.237560,0.8837997426408795,0.9144940027719008,8,0.2899347834956091,0.057768997499513,0.022617600300746287,0.026238232429330495,0.004722488187633048,0.04951497671424018,0.0014832073773857256,26,115,0.085486737736942,0.04250227421657038,False,False,False,7.232414250218877e-08,COMPLETE
1912,0.4340020418167114,2025-04-01 19:48:44.407792,2025-04-01 19:48:54.477645,0 days 00:00:10.069853,0.501760407911961,0.8845187504495103,8,0.2823877921182748,0.06531228937759172,0.022411361135937398,0.03170825154895992,0.012100244127940874,0.02512007820519209,0.0012405415324212373,25,123,0.08773419071064714,0.05390376907849359,False,False,False,7.129372048611094e-08,COMPLETE
1913,0.42031177282333376,2025-04-01 19:48:55.132676,2025-04-01 19:49:05.487410,0 days 00:00:10.354734,0.8987516150484728,0.9460778893603821,8,0.2705488279746588,0.05291312075689171,0.017410725368501537,0.02514592368088103,0.008163158990186433,0.01599536992107066,0.001862339942242655,26,120,0.09297655419621637,0.07008908509704542,False,False,False,3.688011404555682e-08,COMPLETE
1914,0.4085456728935242,2025-04-01 19:49:06.111487,2025-04-01 19:49:16.267816,0 days 00:00:10.156329,0.8729196397584498,0.9047838755753016,8,0.2918102555677284,0.06300524903410958,0.021389507706034504,0.027861414682361148,0.011851301783904294,0.07179074698174681,0.0015665362495488053,25,133,0.09057069271068778,0.04252450217422735,False,False,False,1.4763382961416816e-07,COMPLETE
1915,0.3332609534263611,2025-04-01 19:49:16.921162,2025-04-01 19:49:26.445111,0 days 00:00:09.523949,0.8577350455002802,0.9802314573694302,8,0.2772017604919325,0.11127804397356988,0.010518815201074687,0.03279239372884974,0.009070372585160233,0.02159384767883313,0.0011871508329143851,27,127,0.08576401759218848,0.04754054766284714,False,True,False,7.340983509921595e-08,COMPLETE
1916,0.3976231694221497,2025-04-01 19:49:27.073683,2025-04-01 19:49:37.409474,0 days 00:00:10.335791,0.890397310800763,0.9200725956164549,8,0.28739310196547535,0.05707009564513474,0.02590417299506418,0.03859860485220917,0.003563881746050023,0.0233615195653984,0.0021163079298306695,26,113,0.08846541803116355,0.03898333450054068,False,False,False,5.3209758525310445e-08,COMPLETE
1917,0.3889688134193421,2025-04-01 19:49:38.060229,2025-04-01 19:49:46.575698,0 days 00:00:08.515469,0.8402390575093256,0.8913272674436196,16,0.2938727672057505,0.042969201596867304,0.02022541236586513,0.0240938156007616,0.005988134799237257,0.013861841508122908,0.001236333984327952,26,117,0.08966822993319996,0.04310065481592887,False,False,False,1.1012046330517429e-07,COMPLETE
1918,0.4052666783332825,2025-04-01 19:49:47.198424,2025-04-01 19:49:57.379024,0 days 00:00:10.180600,0.9008662237378363,0.9343953977884789,8,0.281593854127813,0.048608409758619894,0.023493139265440426,0.030126005248538396,0.009522136744586313,0.01769272828804614,0.0016134021647296205,26,98,0.094922177809168,0.05807061208944429,False,False,False,3.139465419390057e-08,COMPLETE
1919,0.4418411374092102,2025-04-01 19:49:58.032674,2025-04-01 19:50:08.032155,0 days 00:00:09.999481,0.8676252280164023,0.8857993070024331,8,0.27142988765750153,0.06481691356358052,0.019205559886056957,0.027765665135774064,0.007055911276191682,0.020295256951398423,0.001189566530081214,24,124,0.0848788666564469,0.05043436531954136,False,False,False,4.360292038555564e-08,COMPLETE
1920,0.30124391317367555,2025-04-01 19:50:08.661379,2025-04-01 19:50:17.739749,0 days 00:00:09.078370,0.8225033984872546,0.8810598152880718,8,0.2672060559351046,0.0580739842726684,0.014708405306134967,0.029016117234643663,0.005110312666383489,0.020259604131312767,0.0014425239115188138,24,128,0.0838068500558917,0.05946025425283615,False,False,True,5.496052344058848e-08,COMPLETE
1921,0.2887604355812073,2025-04-01 19:50:18.391297,2025-04-01 19:50:28.430161,0 days 00:00:10.038864,0.8074594705600017,0.8985007951254369,8,0.2677926101179008,0.0350122884337425,0.0195070646401539,0.028281011563795328,0.004149223688432299,0.05325818422758155,0.004018338706263646,25,126,0.08531619283400259,0.055162315367124806,False,False,False,3.27453552298423e-08,COMPLETE
1922,0.4125768423080445,2025-04-01 19:50:29.059760,2025-04-01 19:50:39.053037,0 days 00:00:09.993277,0.8208550215612304,0.8855731022922341,8,0.26646530216467534,0.05175169447263052,0.02132505094129818,0.02708233374173909,0.007346692454261938,0.01898658466022517,0.001804454210816415,24,130,0.08407552100169861,0.058818378962760376,False,False,False,4.25739804566524e-08,COMPLETE
1923,0.426963746547699,2025-04-01 19:50:39.710276,2025-04-01 19:50:49.435337,0 days 00:00:09.725061,0.8421730860855987,0.8772959545547946,8,0.270888893566918,0.061495013647865006,0.01993160029802883,0.029849037215575778,0.005992018852392072,0.019710797951231058,0.00139056053537606,23,129,0.08330311527157053,0.05354801553966905,False,False,False,4.183660715915309e-08,COMPLETE
1924,0.39140133857727055,2025-04-01 19:50:50.061735,2025-04-01 19:51:00.800657,0 days 00:00:10.738922,0.8314349316359497,0.8999915916529384,8,0.27024817680159124,0.06497952153657084,0.01672020487275111,0.026818450123394615,0.0039675276984061595,0.018277738494059528,0.0022713418804219104,23,126,0.08443335570908378,0.06337142480339131,True,False,False,4.5931439369524635e-08,COMPLETE
1925,0.4395657539367676,2025-04-01 19:51:01.449625,2025-04-01 19:51:11.330487,0 days 00:00:09.880862,0.7967500995016032,0.9133482755464045,8,0.26833358019311,0.056391851272681065,0.01707436653600643,0.03153598625735348,0.005753344548318838,0.020754186028205335,0.001215592966376905,24,124,0.08306149848345054,0.0535319024551649,False,False,False,4.0783694979979055e-08,COMPLETE
1926,0.4026970863342285,2025-04-01 19:51:11.984875,2025-04-01 19:51:22.194010,0 days 00:00:10.209135,0.8494744926667805,0.8768367865566724,8,0.2735900201570274,0.04921850646265076,0.016843096761348327,0.027250110650889982,0.0028713639072185304,0.01694008252560677,0.0031056667929488064,25,130,0.08468237739857605,0.049769268816718434,False,False,False,3.011363267476433e-08,COMPLETE
1927,0.33063410520553593,2025-04-01 19:51:22.824484,2025-04-01 19:51:31.841277,0 days 00:00:09.016793,0.8558057754476331,0.9249252156566041,8,0.2641069782766955,0.06548881821298805,0.0192017485265088,0.03157940056463814,0.007391132148828545,0.017983745956075783,0.001626187843998408,24,125,0.08506736128297586,0.048428074827783885,False,True,False,3.815318053306414e-08,COMPLETE
1928,0.4374739289283752,2025-04-01 19:51:32.498977,2025-04-01 19:51:42.606227,0 days 00:00:10.107250,0.8176574680383883,0.8960249732704336,8,0.2729903086199478,0.05950196967405512,0.017447096411987516,0.029700309868635217,0.00845589981339884,0.04109747559325634,0.0011908749482259296,25,128,0.08205228633942992,0.050817154822297386,False,False,False,2.953273633281615e-08,COMPLETE
1929,0.418030869960785,2025-04-01 19:51:43.233659,2025-04-01 19:52:04.745866,0 days 00:00:21.512207,0.860088728446308,0.8997721875991005,2,0.26299347646735705,0.16519776844329945,0.015012578199259528,0.025722591809503908,0.0010775857134458309,0.021504051921570056,0.0014306868614954288,24,125,0.08600449235669684,0.04747005091379608,False,False,False,3.8829954975024386e-08,COMPLETE
1930,0.38888009786605837,2025-04-01 19:52:05.397702,2025-04-01 19:52:15.364116,0 days 00:00:09.966414,0.8347772431744777,0.8700388415009493,8,0.27458713997676915,0.2411550247509157,0.018515266944272354,0.027797968557354488,0.006414960851855703,0.019823732512822545,0.0018217444512662081,24,131,0.08657417782612838,0.05063713290723691,False,False,False,6.170463413699672e-08,COMPLETE
1931,0.2887604355812073,2025-04-01 19:52:15.993158,2025-04-01 19:52:26.070468,0 days 00:00:10.077310,0.8003568763906024,0.9180617613236065,8,0.26713597309198794,0.010330051020429498,0.013757083759877177,0.024267852574921832,0.005208437072149099,0.01607979260261397,0.0012007134100169704,25,135,0.08364395710426056,0.047187104393406516,False,False,False,5.7736938495587e-08,COMPLETE
1932,0.3948243021965027,2025-04-01 19:52:26.718530,2025-04-01 19:52:36.877558,0 days 00:00:10.159028,0.25274691866080795,0.8818054215378707,8,0.27752227540356766,0.06655038702423309,0.011478685786010996,0.029390524256184578,0.007601226323266673,0.01842588764402154,0.0014459619531965561,25,137,0.0863194772854925,0.044169678229027176,False,False,False,4.4436296520330245e-08,COMPLETE
1933,0.3822487235069275,2025-04-01 19:52:37.533256,2025-04-01 19:52:47.439453,0 days 00:00:09.906197,0.8631801425608184,0.9425147353297396,8,0.26925313937545053,0.04388149043459613,0.015712955902658313,0.025589519180348873,0.00254372567783003,0.016012811214923137,0.0012107767124794016,25,38,0.08254447848581228,0.07048687450955604,False,False,False,7.133278153606634e-08,COMPLETE
1934,0.4308223128318787,2025-04-01 19:52:48.071437,2025-04-01 19:52:58.190713,0 days 00:00:10.119276,0.7709128315730174,0.863817640651227,8,0.2751770804242295,0.054826858282497025,0.018282221832714468,0.03203530550247635,0.006887588230384232,0.021601065280894116,0.0016330279218782536,25,123,0.08499455064637246,0.060067764985897554,False,False,False,4.938240954882388e-08,COMPLETE
1935,0.4108533620834351,2025-04-01 19:52:58.839612,2025-04-01 19:53:08.966809,0 days 00:00:10.127197,0.8416262289930561,0.9176091312481124,8,0.26371425719689523,0.06197023051167862,0.018572820827941247,0.027714631197496904,0.005145080291984716,0.019432972125829666,0.0011457605862755038,25,127,0.08664967959654167,0.05695478843586629,False,False,False,5.729271465474472e-08,COMPLETE
1936,0.40841286182403563,2025-04-01 19:53:09.625741,2025-04-01 19:53:20.009600,0 days 00:00:10.383859,0.8689100250030526,0.8912819942302297,8,0.27715156900245247,0.1272685206239314,0.02019330500634916,0.02435668676357423,0.009114104998480818,0.01517183185646048,0.0011260606641523808,26,133,0.08113275165659832,0.061120780566522176,False,False,False,8.97378274958382e-08,COMPLETE
1937,0.39217367172241213,2025-04-01 19:53:20.643104,2025-04-01 19:53:30.954044,0 days 00:00:10.310940,0.85255310680943,0.9348891953403002,8,0.2712560395916889,0.11720566659457257,0.015559801735327797,0.030445855990508645,0.003739705563436165,0.017694120716079256,0.0020402556907742806,26,124,0.0870185719973718,0.04424950715557156,False,False,False,3.748241848564604e-08,COMPLETE
1938,0.30098034143447877,2025-04-01 19:53:31.609660,2025-04-01 19:53:40.633173,0 days 00:00:09.023513,0.8724107530616875,0.8594315710948742,8,0.2615778454425554,0.06538475559225036,0.01850371530151574,0.027007313717917387,0.007165921919092118,0.013827049659762376,0.0015143138187753433,24,122,0.08429742950798902,0.054646933728670036,False,False,True,7.025473501949e-08,COMPLETE
1939,0.39677820205688474,2025-04-01 19:53:41.266122,2025-04-01 19:53:49.895318,0 days 00:00:08.629196,0.8283355587642061,0.9085199038439746,16,0.2789832961845055,0.05238209320886518,0.01996301168135594,0.033948602489936565,0.008099292234068564,0.022138343513787725,0.0010909551704416736,26,128,0.08733354406445143,0.03989677388540213,False,False,False,3.424892634910878e-08,COMPLETE
1940,0.3832196116447449,2025-04-01 19:53:50.549121,2025-04-01 19:53:59.978794,0 days 00:00:09.429673,0.849913275581763,0.9541400872021617,8,0.16603212436142437,0.0589997031455674,0.012617209392734443,0.025363168787731837,0.01026919552590559,0.020183642977720434,0.0013951691264850238,23,47,0.043612460035398086,0.06485806839514577,False,False,False,2.597392934786519e-08,COMPLETE
1941,0.381708562374115,2025-04-01 19:54:00.611462,2025-04-01 19:54:10.349017,0 days 00:00:09.737555,0.8789319521541172,0.8688543148948027,8,0.27165621408554874,0.06693733279351484,0.02206406028465521,0.028210912371721467,0.005218457393227719,0.017519621354650586,0.001314246395184516,25,32,0.08473553181510694,0.041939829307794795,False,False,False,3.327976605260675e-08,COMPLETE
1942,0.37901531457901005,2025-04-01 19:54:11.003414,2025-04-01 19:54:22.233855,0 days 00:00:11.230441,0.8682032963023439,0.8942945979748921,8,0.299940034441838,0.04737514051099513,0.01767634849315517,0.024097536482243588,0.008845288390412754,0.013834411766843403,0.0010284221127145096,26,125,0.0825966398765204,0.05212599009391246,True,False,False,6.944767830319654e-08,COMPLETE
1943,0.40698750019073493,2025-04-01 19:54:22.896469,2025-04-01 19:54:33.070486,0 days 00:00:10.174017,0.8395910398635221,0.9230778278845018,8,0.28369824997433346,0.05875785155191901,0.02113176730931257,0.02978302737240887,0.003095479675110491,0.01683441054232501,0.0026736252218061197,25,122,0.08675556216679438,0.039559907575285186,False,False,False,4.34913452869899e-08,COMPLETE
1944,0.405109703540802,2025-04-01 19:54:33.705036,2025-04-01 19:54:44.018381,0 days 00:00:10.313345,0.8760865736001998,0.8840631808929101,8,0.2760005809535566,0.11005232783024284,0.08950363124869588,0.026576706786603677,0.007180432301859851,0.02127878468997399,0.0016850053677414253,26,130,0.08731503622916263,0.04603053456541807,False,False,False,5.118198722579631e-08,COMPLETE
1945,0.39981806278228765,2025-04-01 19:54:44.668310,2025-04-01 19:54:54.846413,0 days 00:00:10.178103,0.8140672143991169,0.950146569107112,8,0.2892641050505893,0.17530516707392696,0.02443428752511011,0.03317055350044796,0.005041151044696615,0.06412271894334559,0.0010733906911503195,25,126,0.08858090578061326,0.039235505819891506,False,False,False,2.4784852366513117e-08,COMPLETE
1946,0.3453142762184143,2025-04-01 19:54:55.505244,2025-04-01 19:55:04.852556,0 days 00:00:09.347312,0.8569164697612883,0.8597185912991052,8,0.2679360691522221,0.10537967104133791,0.09361912923218627,0.031150702071358394,0.010491731058071274,0.015770568403463643,0.0012885024761095027,26,122,0.08505567520503346,0.04925979310875525,False,True,False,6.539063517957194e-08,COMPLETE
1947,0.4145946383476258,2025-04-01 19:55:05.490751,2025-04-01 19:55:15.781266,0 days 00:00:10.290515,0.7924140522136438,0.9099101803143219,8,0.2798524394993673,0.0679570652053534,0.01644996907349419,0.024358033827900208,0.006701220933213492,0.01957738910821676,0.0010435140966779857,25,142,0.08190513562527288,0.03884929886586995,False,False,False,4.968140053712048e-08,COMPLETE
1948,0.3897272229194641,2025-04-01 19:55:16.438269,2025-04-01 19:55:26.369745,0 days 00:00:09.931476,0.686718753186505,0.8772161016397205,8,0.29391169176706106,0.14211871655080538,0.02325746983869152,0.028578193144528904,0.008778348395227953,0.04642056386950318,0.002033154718025633,24,128,0.07952549034240836,0.06787990966886635,False,False,False,8.139403089427251e-08,COMPLETE
1949,0.3872867345809937,2025-04-01 19:55:27.011297,2025-04-01 19:55:37.388571,0 days 00:00:10.377274,0.8853463265885697,0.9775574622754223,8,0.2619548025351024,0.05315348772292472,0.018049540798272527,0.03568284123473032,0.006094566214823462,0.013532298212468265,0.0016352161590541619,26,133,0.0754169933900236,0.05219500446164015,False,False,False,1.0169027439779494e-07,COMPLETE
1950,0.4058630585670472,2025-04-01 19:55:38.043917,2025-04-01 19:55:48.333028,0 days 00:00:10.289111,0.8377086219960547,0.9388930258245936,8,0.28542935321826834,0.062015493761113066,0.020649467744055423,0.027081195978434898,0.0024633812623617813,0.018503140684674936,0.00016006923938975798,26,121,0.08812342944253075,0.0456155327278374,False,False,False,2.7041186091586708e-08,COMPLETE
1951,0.43091573715209963,2025-04-01 19:55:48.994880,2025-04-01 19:55:59.087652,0 days 00:00:10.092772,0.8634779591308541,0.9107451768099869,8,0.2749180958096365,0.06850678655590987,0.027481921044404348,0.02373230610280634,0.00965289306779785,0.022364593570756458,0.001235307835858847,25,125,0.08360740859754441,0.061546671077865,False,False,False,4.4599180146203246e-08,COMPLETE
1952,0.40000358819961546,2025-04-01 19:55:59.723344,2025-04-01 19:56:22.286714,0 days 00:00:22.563370,0.7511527816641183,0.8560493987186202,2,0.2948849409170863,0.06234055858650153,0.08790421324290734,0.02635150506963446,0.008258576527001897,0.014996153799647235,0.0014045381903324261,26,121,0.039638598929576795,0.036852023662432835,False,False,False,5.719640975712567e-08,COMPLETE
1953,0.43654811382293707,2025-04-01 19:56:22.943901,2025-04-01 19:56:33.260616,0 days 00:00:10.316715,0.8815654010711043,0.8956507694924191,8,0.28232716658576895,0.06933234849190839,0.015333262675266513,0.029396698213629252,0.0035078435241567524,0.013039932247952,0.0010108691539184769,26,124,0.08590500057702363,0.0439087365070568,False,False,False,1.3082900690371746e-07,COMPLETE
1954,0.4057870626449585,2025-04-01 19:56:33.921915,2025-04-01 19:56:43.834078,0 days 00:00:09.912163,0.8623580824304009,0.8819503125630325,8,0.267846985672736,0.05604923041694026,0.09154108533755889,0.025768713039514887,0.010509494597366381,0.016933358650399164,0.0747924022895039,24,130,0.08849494959578838,0.03835291904163576,False,False,False,8.616333970988655e-08,COMPLETE
1955,0.2887604355812073,2025-04-01 19:56:44.471164,2025-04-01 19:56:54.671394,0 days 00:00:10.200230,0.8277061721475965,0.9620098399576738,8,0.28822487072131625,0.03819193162550301,0.024454486433057112,0.03178698434820972,0.006402546340342449,0.020915029019087778,0.0017893216147161425,26,120,0.08572450557230207,0.10885089898403744,False,False,False,5.2066176111278835e-08,COMPLETE
1956,0.4118643164634705,2025-04-01 19:56:55.330762,2025-04-01 19:57:05.476143,0 days 00:00:10.145381,0.8857530311358124,0.9272974696083249,8,0.2783415139066789,0.047345861677682656,0.019771795562065805,0.02471379537491809,0.004621832767295889,0.02288238549257393,0.0011098277476134994,25,127,0.08928613333646086,0.05633272177774358,False,False,False,2.7618986196751592e-08,COMPLETE
1957,0.3240588486194611,2025-04-01 19:57:06.142772,2025-04-01 19:57:15.581696,0 days 00:00:09.438924,0.8447325866339933,0.8691012692638723,8,0.29119899571407437,0.06156066364945005,0.08940626614698162,0.028562064063662736,0.00858950161483793,0.018863870957964365,0.0013849624964759558,26,123,0.05932236518952445,0.044552597309254746,False,False,True,1.2445446693244304e-07,COMPLETE
1958,0.41282396316528325,2025-04-01 19:57:16.219862,2025-04-01 19:57:26.385965,0 days 00:00:10.166103,0.5770128085175412,0.9024045461085061,8,0.1769863001866099,0.06866844875370091,0.013332105952053903,0.023785955526680343,0.011416971259164585,0.015919937289108246,0.002341149791221315,25,133,0.08134370805991815,0.03879629107955883,False,False,False,7.642985747796815e-08,COMPLETE
1959,0.4342774152755738,2025-04-01 19:57:27.061350,2025-04-01 19:57:37.317620,0 days 00:00:10.256270,0.8708029891884299,0.8579358036171635,8,0.27240442674140297,0.0516308925678711,0.0224253610825774,0.02908053431319163,0.00689572689874121,0.012910313548802769,0.0009837446458145524,26,121,0.08794120565227435,0.05004871676463607,False,False,False,3.280622632247812e-08,COMPLETE
