number,value,datetime_start,datetime_complete,duration,params_alpha-eval,params_alpha-train,params_batch-size,params_eps-eval,params_eps-train,params_lambda-actions-eval,params_lambda-actions-train,params_lambda-frames-eval,params_lambda-frames-train,params_learning-rate,params_n-epochs,params_n-frames,params_radius-gw,params_rho,params_std-feats,params_ub-actions,params_ub-frames,params_weight-decay,state
898,0.5368391275405884,2025-03-31 21:26:39.246156,2025-03-31 21:26:59.209264,0 days 00:00:19.963108,0.08658730701982692,0.7190969709007939,2,0.040580324208965055,0.16968856471333976,0.016403512180719292,0.024094158262765827,0.08427431843671825,0.07416818095787517,0.00013051022323449943,27,80,0.04566427409514484,0.05402987712944901,False,False,True,1.5366570597605812e-08,COMPLETE
899,0.40569190979003905,2025-03-31 21:26:59.489499,2025-03-31 21:27:07.117194,0 days 00:00:07.627695,0.06437199925218623,0.7822045135354977,16,0.05179420213359781,0.18692752189200776,0.01419447857980878,0.057014894344838245,0.08840283374218932,0.02037235723034519,1.2172546480058904e-05,29,71,0.0494480329874694,0.06128307892536681,False,False,True,2.1960565446852358e-08,COMPLETE
900,0.5215906739234925,2025-03-31 21:27:07.408046,2025-03-31 21:27:14.254577,0 days 00:00:06.846531,0.028130285830036215,0.7436005894983342,16,0.034575898752624804,0.17710485118408759,0.020446425057298285,0.017041340085872582,0.0975748279664306,0.04691857401638175,0.00019029481166096018,20,77,0.040991825056226026,0.07249677245191785,False,False,True,1.2186538359520064e-08,COMPLETE
901,0.28806949853897096,2025-03-31 21:27:14.551269,2025-03-31 21:27:23.394367,0 days 00:00:08.843098,0.8344534754206878,0.8085306215926364,8,0.05760499062497046,0.16841169009979123,0.01721518295915749,0.0546742199218984,0.09069418158829466,0.08134752108824699,0.0004176035689368018,26,66,0.03901221154091735,0.06740438581566277,False,False,True,2.947813181634548e-07,COMPLETE
902,0.5362931847572328,2025-03-31 21:27:23.691211,2025-03-31 21:27:31.221379,0 days 00:00:07.530168,0.10940194224983048,0.7095841008549484,16,0.043803588715634605,0.17302158477176866,0.018598293647017365,0.05220055211914157,0.08596485422922084,0.03760070860302246,0.0002614339706510801,28,80,0.04793074067830869,0.035871422321358745,False,False,True,1.0030200649124993e-08,COMPLETE
903,0.5285586833953858,2025-03-31 21:27:31.501380,2025-03-31 21:27:39.010341,0 days 00:00:07.508961,0.010499992476670019,0.7697998863087435,16,0.02602097770603828,0.13970186484620636,0.015088165716692158,0.02005417658602363,0.09354152080293537,0.02193886237038989,0.00014167877904086332,27,73,0.044478455249780384,0.07846258954760188,False,False,True,1.7120279548427297e-08,COMPLETE
904,0.4223608732223511,2025-03-31 21:27:39.302241,2025-03-31 21:27:45.353389,0 days 00:00:06.051148,0.06748368900055268,0.7355049748808895,16,0.0668094081977102,0.19375201325490155,0.014146000632111147,0.09340901974430618,0.08238429244262814,0.009257707164422263,0.00010513347884071462,10,98,0.04160430409803907,0.04825698722983226,False,False,True,0.00019046609813249364,COMPLETE
905,0.32258812189102176,2025-03-31 21:27:45.646193,2025-03-31 21:27:53.043165,0 days 00:00:07.396972,0.043018297435895594,0.7912428289019247,16,0.038363939013246716,0.18291248708861657,0.012638767984869802,0.040296188161414115,0.08774606731951158,0.07517401877347477,0.00022060544321789445,26,76,0.04311369833083071,0.05646482767815079,False,True,True,0.0007628683426492563,COMPLETE
906,0.37914268970489506,2025-03-31 21:27:53.338230,2025-03-31 21:28:01.479132,0 days 00:00:08.140902,0.0412343468639369,0.7576277090761196,16,0.04937893686399414,0.16511617023212102,0.02371990034379677,0.050153177095459904,0.09019093535461706,0.012234604403874645,0.07368564214479885,27,81,0.03887141621021835,0.05913431639204552,False,False,False,0.00025089553280886615,COMPLETE
907,0.5510647416114807,2025-03-31 21:28:01.762155,2025-03-31 21:28:09.311498,0 days 00:00:07.549343,0.12686719090942794,0.7208489191172125,16,0.03372336674886345,0.1387450039611127,0.018545131044581175,0.037401112352644525,0.0952970002787344,0.002669572689341572,0.00016992186406691412,28,70,0.0460347804776807,0.051808770637187626,False,False,True,7.497705001809729e-05,COMPLETE
908,0.46555643081665044,2025-03-31 21:28:09.603755,2025-03-31 21:28:17.198354,0 days 00:00:07.594599,0.0108932875194108,0.8522960138323342,16,0.04249842825285662,0.20061454108583146,0.016004595842672217,0.05566775356992186,0.09268433789450564,0.006336579946230948,0.00032271505755349144,26,95,0.040920782873324436,0.1492104857002279,True,False,True,0.00039825445994581864,COMPLETE
909,0.5514430522918701,2025-03-31 21:28:17.495119,2025-03-31 21:28:25.226652,0 days 00:00:07.731533,0.32938596432112344,0.7462085244331855,16,0.058191728016902866,0.17537988120878287,0.04972173920842446,0.04923494681868297,0.08656076707728354,0.07259626485202228,0.00024455839791014816,30,78,0.043806342618762,0.06533527136136771,False,False,True,1.1826266763855055e-08,COMPLETE
910,0.5238988041877747,2025-03-31 21:28:25.524738,2025-03-31 21:28:33.173544,0 days 00:00:07.648806,0.7807909351928757,0.8037780944723448,16,0.019467509222633583,0.1467549517170123,0.013373056743043382,0.02565349068979491,0.08939021926044108,0.018223021433116084,0.00019313832674907754,28,82,0.0418381065435455,0.04031436048127602,False,False,True,2.3045067369395185e-08,COMPLETE
911,0.5029114842414857,2025-03-31 21:28:33.459197,2025-03-31 21:28:41.136619,0 days 00:00:07.677422,0.0876981266551898,0.7746882133628197,16,0.03073005189018297,0.13528672924978638,0.01101597657222849,0.02178815894560503,0.08448605149495253,0.07825568841168765,0.00015140029077719954,29,74,0.038721468546561125,0.06182952263116493,False,False,True,1.5109037930499943e-08,COMPLETE
912,0.5537590861320496,2025-03-31 21:28:41.429542,2025-03-31 21:28:48.841797,0 days 00:00:07.412255,0.060235161796831076,0.711899849525308,16,0.0467618586092864,0.15221455297482347,0.01590198848960946,0.05252696688876823,0.09121694800960894,0.07050177162814712,0.0002691805169637976,26,68,0.04818155089914369,0.12458119560447138,False,False,True,1.2578794327650575e-08,COMPLETE
913,0.5576021194458007,2025-03-31 21:28:49.142732,2025-03-31 21:28:56.570980,0 days 00:00:07.428248,0.02703708061770222,0.8268795412218231,16,0.08499337547798261,0.14289613597694437,0.012116586669349628,0.03949223106414993,0.08840700448510827,0.06907971152861059,0.00019141811325271914,27,77,0.05102208252506991,0.04621851825715596,False,False,True,1.0087766438949365e-08,COMPLETE
914,0.47713147401809697,2025-03-31 21:28:56.869241,2025-03-31 21:29:04.005266,0 days 00:00:07.136025,0.11180524294845176,0.7336535549045758,16,0.05168053027114838,0.1601506725684252,0.021480472678248076,0.05792107800259566,0.08678878444065545,0.08406877953294953,0.00011815646402726068,22,80,0.045162171646693415,0.07337350672886353,False,False,True,0.00019552490522325517,COMPLETE
915,0.4764811873435974,2025-03-31 21:29:04.288488,2025-03-31 21:29:10.650854,0 days 00:00:06.362366,0.039716240649553626,0.7032600849897781,16,0.039440100402574015,0.13202415353805907,0.028929928887120954,0.06127877673814905,0.09542262621946496,0.07648526718574405,0.00022407910549802153,14,72,0.04011648761221926,0.053772607024965696,False,False,True,4.987426961382354e-07,COMPLETE
916,0.5492221713066101,2025-03-31 21:29:10.947666,2025-03-31 21:29:18.425463,0 days 00:00:07.477797,0.07681993084023547,0.7615139781814326,16,0.02371178316518953,0.1692400005172718,0.014234291223516521,0.03609714245479688,0.0925019703025326,0.07297115336253843,0.0003552799387043293,27,75,0.04296993631003596,0.06789511264645769,False,False,True,1.792513555441727e-08,COMPLETE
917,0.4853498339653015,2025-03-31 21:29:18.727743,2025-03-31 21:29:26.117435,0 days 00:00:07.389692,0.052024982495540134,0.7828383561524894,16,0.07635171738316385,0.14582364241826565,0.019206684120545395,0.05102221067878436,0.08974515944722564,0.07998440597604163,0.00014755627896051375,26,63,0.03741959322107874,0.08704901274470199,False,False,True,2.7633183107315675e-08,COMPLETE
918,0.5645364165306092,2025-03-31 21:29:26.416623,2025-03-31 21:29:33.940670,0 days 00:00:07.524047,0.0281708756876442,0.7416067725258163,16,0.03239961598670717,0.1508353548748643,0.010627250358203243,0.04882276314065991,0.06402175346840352,0.06875539799204863,0.0001754500147102983,27,82,0.040567482383396296,0.060388169103919816,False,False,True,0.00048707569014623303,COMPLETE
919,0.4162532210350037,2025-03-31 21:29:34.224569,2025-03-31 21:29:41.364964,0 days 00:00:07.140395,0.10045884952899484,0.4038820772382238,16,0.06281387837166696,0.1801615864589362,0.01699750993012576,0.04108408852689075,0.08396983004162704,0.0713095398718553,0.00026877971929576273,23,96,0.04587789331966485,0.05145775779067961,False,False,True,0.00023788330374912263,COMPLETE
920,0.5459439635276795,2025-03-31 21:29:41.661611,2025-03-31 21:29:49.264211,0 days 00:00:07.602600,0.1328896222348816,0.6889815205831368,16,0.044505534612486485,0.13885636350542233,0.01247941412282309,0.03819971947859757,0.08726426936040133,0.04250719267253555,0.00021239646714309412,28,93,0.04206603882984553,0.043413168611587526,False,False,True,0.0003037605313667452,COMPLETE
921,0.5370224356651306,2025-03-31 21:29:49.566181,2025-03-31 21:30:10.294345,0 days 00:00:20.728164,0.06472326058038809,0.8007226809094283,2,0.05414797329342269,0.1581291536453988,0.009283614088521814,0.013960780797315775,0.09131568407608745,0.07493136092692337,0.00030457883444672825,28,101,0.044135190140786096,0.05686491119656404,False,False,True,0.000131179772421399,COMPLETE
922,0.32372890710830693,2025-03-31 21:30:10.599990,2025-03-31 21:30:18.100367,0 days 00:00:07.500377,0.16652655740708125,0.7245515678699006,16,0.038530237426032496,0.1339358024103649,0.015110281188749332,0.053791354747726734,0.09430676613473982,0.06736601763460257,0.00016372219484393346,27,79,0.03902644686052911,0.07582108424355452,False,True,True,9.343540964924633e-05,COMPLETE
923,0.40897296667099,2025-03-31 21:30:18.387874,2025-03-31 21:30:24.629306,0 days 00:00:06.241432,0.010393236048288578,0.7566212963975028,8,0.028130778559819394,0.27463609029052893,0.012966675982084775,0.023131546978909075,0.09985154507166313,0.004561302638576497,9.001893690476277e-05,7,84,0.041260945418623275,0.06561423122814268,False,False,True,1.4291538671803157e-08,COMPLETE
924,0.5668151497840882,2025-03-31 21:30:24.928430,2025-03-31 21:30:32.333564,0 days 00:00:07.405134,0.04122576642772402,0.7846521945571782,16,0.046821586174706414,0.16373100020511971,0.011018852858861165,0.027619346700366334,0.09713944995043569,0.0828270282902274,0.00021902778361989735,26,76,0.046902010179020126,0.0485974561744078,False,False,True,2.1244032549594196e-08,COMPLETE
925,0.39469476938247683,2025-03-31 21:30:32.631331,2025-03-31 21:30:40.629388,0 days 00:00:07.998057,0.0878138255995673,0.8130291141757414,16,0.04853181411477858,0.17092233504621365,0.009108109627662102,0.024736356219337105,0.09737492868361468,0.08166788613839751,0.000284631287497363,26,73,0.04979899146838302,0.030481664310344627,False,False,False,3.1854648044917466e-08,COMPLETE
926,0.5527590751647949,2025-03-31 21:30:40.935933,2025-03-31 21:30:48.291616,0 days 00:00:07.355683,0.07307859222073383,0.7908683794724386,16,0.06052079035993898,0.17246864512178575,0.011119200407659801,0.01041344499155375,0.09774776200884537,0.08295534303856875,0.00024022583410425295,26,75,0.047247555425018475,0.03814565467656482,False,False,True,2.385772943645498e-08,COMPLETE
927,0.503555178642273,2025-03-31 21:30:48.580018,2025-03-31 21:30:56.152371,0 days 00:00:07.572353,0.04732278161140238,0.8204534864395894,16,0.05704840379994197,0.16563539134135166,0.00982923189410424,0.02723654883251503,0.09990591677449398,0.08058952918514935,0.0004527369988110674,26,70,0.05040023289214515,0.04577789656981503,True,False,True,2.0907448995870636e-08,COMPLETE
928,0.5478781938552857,2025-03-31 21:30:56.454760,2025-03-31 21:31:03.863727,0 days 00:00:07.408967,0.6092472640441745,0.7746933561973157,16,0.05118368878729795,0.17938852792482388,0.008695142479778822,0.036153800276484634,0.0969813973946263,0.08277550645106495,0.0003119093137988062,26,76,0.04848054316108798,0.04797402427968104,False,False,True,2.7506319353395914e-08,COMPLETE
929,0.5422927021980286,2025-03-31 21:31:04.163207,2025-03-31 21:31:11.535211,0 days 00:00:07.372004,0.5173614927132708,0.7970977093549723,16,0.0673982474157323,0.19008002021269202,0.011322838248115466,0.042230528085435946,0.09780271616455008,0.0836771994596034,0.0003851899074891522,26,67,0.04713773498571016,0.16769107540436878,False,False,True,1.9376473526872247e-08,COMPLETE
930,0.5584074258804321,2025-03-31 21:31:11.837395,2025-03-31 21:31:19.266269,0 days 00:00:07.428874,0.11244330962541084,0.7767893960875284,16,0.04630793356233511,0.16415080102197896,0.011286049023167728,0.05169625050630421,0.09637963812802451,0.08395798505583218,0.00023171619878139244,26,71,0.046712701776317624,0.0550942570128072,False,False,True,2.1198023788929574e-08,COMPLETE
931,0.5419215083122254,2025-03-31 21:31:19.556271,2025-03-31 21:31:26.929553,0 days 00:00:07.373282,0.05747154659233322,0.828804715895131,16,0.016493093469436296,0.1685833971631123,0.009771228631771923,0.01596613356619749,0.011789201365603415,0.0846729278188603,0.00020441660559124665,26,73,0.04932565970401135,0.07070217271088958,False,False,True,1.5617489085136175e-08,COMPLETE
932,0.5674790859222412,2025-03-31 21:31:27.230991,2025-03-31 21:31:34.486212,0 days 00:00:07.255221,0.034135712609065685,0.8555740946512074,16,0.037786021197267206,0.1610301245591202,0.013025037045934218,0.04767463936037912,0.0951148783861932,0.08162989853634942,0.0002626046461262258,25,78,0.045154613231617693,0.08037794042440184,False,False,True,2.8649843275622117e-08,COMPLETE
933,0.40444402694702153,2025-03-31 21:31:34.785282,2025-03-31 21:31:42.071600,0 days 00:00:07.286318,0.08400107295823206,0.8607706582428858,16,0.20153546172017192,0.16311194351152766,0.008360262282930795,0.046129266524778834,0.09499274034173776,0.08170715759033512,0.0003583247729672564,25,78,0.052451593659232874,0.0791716503329086,False,False,True,2.5318834455218892e-08,COMPLETE
934,0.5565319895744324,2025-03-31 21:31:42.377825,2025-03-31 21:31:49.698725,0 days 00:00:07.320900,0.1349294435468661,0.8391162685273629,16,0.035540555905813016,0.1608981666798152,0.011702829075450904,0.04837195920562061,0.09408367335649587,0.08595516780062838,0.00030453677909177726,25,77,0.04691379627171605,0.062061534829591786,False,False,True,4.3348762559921756e-08,COMPLETE
935,0.553943395614624,2025-03-31 21:31:50.002906,2025-03-31 21:31:57.214785,0 days 00:00:07.211879,0.06500925454578516,0.8631994491233919,16,0.02327168773121309,0.1721927059332933,0.006794525481825032,0.04771313653048927,0.09337106412125824,0.08053215037566364,0.0002539464822886175,24,76,0.04840395510941252,0.03983723680328084,False,False,True,2.914961180718352e-08,COMPLETE
936,0.5609918355941773,2025-03-31 21:31:57.505512,2025-03-31 21:32:04.792841,0 days 00:00:07.287329,0.044566490753332175,0.8706035891566885,16,0.0529939357281969,0.16564135016969025,0.013015728381638357,0.04921111583347237,0.09777708939088534,0.08537742423696838,0.0002809134943263945,25,79,0.04603694955720309,0.0708684581494497,False,False,True,2.464376398151763e-08,COMPLETE
937,0.5637083768844605,2025-03-31 21:32:05.097243,2025-03-31 21:32:12.278826,0 days 00:00:07.181583,0.09934350960583858,0.8762974868080672,16,0.030737740216820214,0.17513982258413804,0.009635346088338135,0.05115635839096557,0.09514835619786823,0.07973618080741486,0.0002018902264435539,24,73,0.044812479801503616,0.0621327460395496,False,False,True,2.4851046221680818e-08,COMPLETE
938,0.5308755874633789,2025-03-31 21:32:12.587349,2025-03-31 21:32:19.850373,0 days 00:00:07.263024,0.027308897571610265,0.8396690285116662,16,0.11886070473947445,0.15636347743944656,0.011279438491221068,0.047274037423644784,0.09321823692421653,0.07686940396041299,0.0005221890571164645,25,75,0.048437675238183646,0.052570033174628446,False,False,True,3.505441326863936e-08,COMPLETE
939,0.5422518730163575,2025-03-31 21:32:20.155413,2025-03-31 21:32:27.410101,0 days 00:00:07.254688,0.07798811918859733,0.8457570201475749,16,0.043298215102221135,0.1610914331570176,0.0082112025354134,0.04837436772009364,0.09216179401336846,0.083478710636133,0.0003766105674404,25,80,0.05096349998786976,0.046935419390296926,False,False,True,3.561722993338793e-08,COMPLETE
940,0.562459146976471,2025-03-31 21:32:27.700272,2025-03-31 21:32:34.875145,0 days 00:00:07.174873,0.05093660268482982,0.8805764508557155,16,0.037161600842689976,0.16807050986707536,0.013443742159986645,0.04347933894345596,0.09557832312110759,0.08263857721380859,0.00024382229441001257,23,78,0.04682809233002388,0.06696534735511808,False,False,True,2.0358136176772894e-08,COMPLETE
941,0.533082103729248,2025-03-31 21:32:35.178664,2025-03-31 21:32:42.384986,0 days 00:00:07.206322,0.11511409022399596,0.8662764832665082,16,0.05871274831798314,0.15883000426959573,0.004381824442120854,0.05040988844280194,0.09172339074700082,0.07926165566873825,0.00030553861019208924,24,71,0.04529030923203724,0.0352244678485808,False,False,True,1.9793548441856884e-08,COMPLETE
942,0.5691065907478332,2025-03-31 21:32:42.691176,2025-03-31 21:32:50.052895,0 days 00:00:07.361719,0.010512720401699755,0.8269328964992662,16,0.04842873456493393,0.17294508114042353,0.006148305066382607,0.05089119157890035,0.09989960471662857,0.08073829814681746,0.00019224487221917639,25,76,0.04425931787104473,0.05648968404330541,False,False,True,3.714873378192815e-08,COMPLETE
943,0.32744864225387577,2025-03-31 21:32:50.366168,2025-03-31 21:33:09.484955,0 days 00:00:19.118787,0.011334295494128475,0.8534600140493013,2,0.04556869673969831,0.18172814908915766,0.003629977508450622,0.048991217841541,0.09962733465982809,0.08280177417587911,0.0002729830512478704,25,73,0.04987420560756039,0.044433469663245656,False,True,True,3.072626403602489e-08,COMPLETE
944,0.5684386849403382,2025-03-31 21:33:09.794266,2025-03-31 21:33:17.071161,0 days 00:00:07.276895,0.011426858540381703,0.845328621533014,16,0.03449537861444512,0.18473278297696996,0.0010629953117795663,0.05201929190819361,0.09883857654705536,0.08060181911980045,0.00020123926750491953,25,69,0.04510536463603857,0.05372174459822297,False,False,True,3.870645598487763e-08,COMPLETE
945,0.39348465204238897,2025-03-31 21:33:17.363783,2025-03-31 21:33:25.143353,0 days 00:00:07.779570,0.025933357425347258,0.8501831476792611,16,0.04113719473246379,0.18039640521323771,0.001881788596612183,0.0530408980480986,0.09935694833166209,0.08149250892935339,0.0002371078347615005,24,70,0.04817490680286743,0.05664267142285008,False,False,False,4.48900887880798e-08,COMPLETE
946,0.49824131727218635,2025-03-31 21:33:25.448038,2025-03-31 21:33:34.347319,0 days 00:00:08.899281,0.01108629632068259,0.8929154251185148,8,0.046877225282614114,0.18984850807603235,0.0024680460246556657,0.05533773823348935,0.09695524912456652,0.08478640752824351,0.00021086256674294893,25,66,0.046225081451370206,0.05246820117286475,True,False,True,3.187123406993694e-08,COMPLETE
947,0.5616461873054505,2025-03-31 21:33:34.655999,2025-03-31 21:33:41.945076,0 days 00:00:07.289077,0.010523354531686246,0.8657366537087858,16,0.03813589607890126,0.17337566157927525,0.003792643821108472,0.05119168084343094,0.09741867965481998,0.08099913430105268,0.0003281239928403489,25,68,0.04849336446077272,0.058390069546591435,False,False,True,5.320864583853017e-08,COMPLETE
948,0.5584976196289062,2025-03-31 21:33:42.254672,2025-03-31 21:33:49.529102,0 days 00:00:07.274430,0.026639142464266914,0.8417813993841897,16,0.03539106115966957,0.18472160114695052,0.005001764815976333,0.052517945521026184,0.09926271700984049,0.0816201693368615,0.00025959283347886,24,68,0.05104116508366415,0.06349100436809746,False,False,True,2.8746484719376122e-08,COMPLETE
949,0.4734195113182068,2025-03-31 21:33:49.831163,2025-03-31 21:33:57.081393,0 days 00:00:07.250230,0.02945735976222263,0.8538618003009326,16,0.04935781158607877,0.1897760768571958,0.0010028915345868597,0.05460332886437442,0.09916929456325403,0.08720787224056264,0.00020392108287287152,25,64,0.04602572952382661,0.05548322914814323,False,False,True,3.989608978736195e-08,COMPLETE
950,0.5006460547447205,2025-03-31 21:33:57.388201,2025-03-31 21:34:04.663978,0 days 00:00:07.275777,0.011111826067416591,0.8210832349167125,16,0.04356742664905541,0.1864169961468225,0.0011593166978505218,0.05293637274920954,0.09841728894949536,0.07886368894435235,0.0003749532724272409,25,65,0.0449630585233028,0.05032862080942772,False,False,True,3.234775929615939e-08,COMPLETE
951,0.5640194892883301,2025-03-31 21:34:04.969687,2025-03-31 21:34:12.144435,0 days 00:00:07.174748,0.01124479292576942,0.831025899243645,16,0.03516579344107056,0.17426271062158494,0.0029926692058772995,0.05094999503304693,0.0996825872577229,0.08461384004382089,0.0002739984172316384,24,71,0.04701683463218562,0.07522723313986704,False,False,True,4.087730597234665e-08,COMPLETE
952,0.5573482394218445,2025-03-31 21:34:12.456810,2025-03-31 21:34:19.716616,0 days 00:00:07.259806,0.03763643508835992,0.8891228841106916,16,0.05156342358819374,0.17690226815293383,0.004738330967947102,0.057303675481298964,0.09835795559248445,0.08036971134544874,0.0001897042271910722,25,69,0.044492815215105314,0.058495236667754635,False,False,True,4.289587408030781e-08,COMPLETE
953,0.5524352788925171,2025-03-31 21:34:20.025837,2025-03-31 21:34:27.087994,0 days 00:00:07.062157,0.030497921290350692,0.8388645876928855,16,0.04259008671637361,0.18059631224339054,0.001566023229309032,0.053600227610253556,0.09745317932891677,0.0796969721415121,0.00023569646221828437,23,73,0.04839108837863349,0.06728516180983303,False,False,True,3.916246358995482e-08,COMPLETE
