number,value,datetime_start,datetime_complete,duration,params_alpha-eval,params_alpha-train,params_batch-size,params_eps-eval,params_eps-train,params_lambda-actions-eval,params_lambda-actions-train,params_lambda-frames-eval,params_lambda-frames-train,params_learning-rate,params_n-epochs,params_n-frames,params_radius-gw,params_rho,params_std-feats,params_ub-actions,params_ub-frames,params_weight-decay,state
226,0.5578432083129883,2025-03-31 19:55:52.081811,2025-03-31 19:55:59.232206,0 days 00:00:07.150395,0.1718565493904209,0.8581346407764486,16,0.007074920215894027,0.09706061706366455,0.09980748741566459,0.06996560525899574,0.09210414632217756,0.09352302333367236,0.00016860147350806345,24,66,0.059619973796284774,0.05175741745588776,False,False,True,2.9774503916200484e-08,COMPLETE
227,0.5621272087097169,2025-03-31 19:55:59.312787,2025-03-31 19:56:06.461155,0 days 00:00:07.148368,0.09947379762408669,0.8610593292485827,16,0.0138966611144787,0.08769180265004384,0.09974753254874427,0.07175649048008573,0.09180648182088966,0.09333010829051433,0.00015683818754848194,24,59,0.05729787874109467,0.040676675265075235,False,False,True,3.0325354371184484e-08,COMPLETE
228,0.5516420841217041,2025-03-31 19:56:06.535471,2025-03-31 19:56:13.483281,0 days 00:00:06.947810,0.09786609291346483,0.8506881150421827,16,0.0193740528246146,0.0813403142768163,0.09964433405973498,0.07183261411777035,0.09127661596153921,0.09020516556283188,0.00015859918191995609,22,66,0.05528084186350981,0.039913147857502516,False,False,True,3.026445644297761e-08,COMPLETE
229,0.5569888234138489,2025-03-31 19:56:13.556208,2025-03-31 19:56:20.642016,0 days 00:00:07.085808,0.09863616063881606,0.8577078472396262,16,0.012815739150171833,0.08525759799793,0.09681632288197019,0.07071678752046531,0.09242089581357983,0.09379474572954465,0.00018312722766662432,23,58,0.06352133935999907,0.05370470452281748,False,False,True,2.4040071542069546e-08,COMPLETE
230,0.32187293171882636,2025-03-31 19:56:20.715009,2025-03-31 19:56:27.838688,0 days 00:00:07.123679,0.11388740506220807,0.8615487088530182,16,0.025732825811169136,0.08501594379374897,0.09677160023985952,0.07550633360578209,0.08998735310834745,0.09355411175550538,0.0001250318594799304,23,58,0.06453120335818333,0.03947930788882026,False,True,True,2.40913074891701e-08,COMPLETE
231,0.5496680021286011,2025-03-31 19:56:27.910992,2025-03-31 19:56:35.043115,0 days 00:00:07.132123,0.13262325140804324,0.8866443281580024,16,0.012286504032138254,0.08984556944208655,0.09679619260330037,0.07063856044304417,0.0923533940857118,0.05335938753539109,0.00017743588392151976,24,58,0.06057509747579591,0.050654291792135535,False,False,True,3.1492846713338915e-08,COMPLETE
232,0.554390013217926,2025-03-31 19:56:35.117879,2025-03-31 19:56:42.199307,0 days 00:00:07.081428,0.09356998663118815,0.8677923732299727,16,0.009354265613748188,0.09586873355143088,0.09837896563443997,0.07365135302675338,0.09320510931105307,0.09300893749473232,0.00022515055136613778,23,55,0.06378077929801551,0.03219607911640054,False,False,True,2.1122056908339478e-08,COMPLETE
233,0.530439829826355,2025-03-31 19:56:42.283298,2025-03-31 19:56:49.361294,0 days 00:00:07.077996,0.08102020430298085,0.8603151489058457,16,0.009552629806381639,0.078139338225437,0.09535813837598119,0.07339273081957108,0.08739928118100382,0.0933698390037943,0.00014284960701273377,23,54,0.06711599758817492,0.04084736729074331,False,False,True,1.7790581340647375e-08,COMPLETE
234,0.5449891209602356,2025-03-31 19:56:49.436021,2025-03-31 19:56:56.482530,0 days 00:00:07.046509,0.1038902471096992,0.8413645890320126,16,0.018645192325005486,0.08708421797145964,0.09834038059796704,0.07485756369653603,0.008030156941317743,0.09350840230444218,0.0002060523271565182,22,56,0.06409036370961868,0.04970756122829939,False,False,True,2.2156581632561187e-08,COMPLETE
235,0.5501248478889466,2025-03-31 19:56:56.557960,2025-03-31 19:57:03.592913,0 days 00:00:07.034953,0.09999428015409022,0.8637916545776428,16,0.014418058921975353,0.09508712956012522,0.09426282196078468,0.07021312056571977,0.09171745278394895,0.09260050085671216,0.00017793847266839118,23,51,0.062367342094876224,0.0268368916476487,False,False,True,2.9403251869272816e-08,COMPLETE
236,0.5434816837310792,2025-03-31 19:57:03.667346,2025-03-31 19:57:10.803626,0 days 00:00:07.136280,0.09163868693199882,0.9030197800160794,16,0.006614036450882044,0.09898405095606269,0.09676960137295973,0.07290368492708664,0.09392843479022245,0.09380475977439065,0.0002402227876658679,24,59,0.06899077869184944,0.02514997541091732,False,False,True,1.95513941970956e-08,COMPLETE
237,0.5413753747940064,2025-03-31 19:57:10.879721,2025-03-31 19:57:17.957468,0 days 00:00:07.077747,0.150459530991536,0.8766060201673189,16,0.007507115066562671,0.09160993773128173,0.09977220917573813,0.07187256065748553,0.09703352770635075,0.07248138890559185,0.00021425434190008042,23,56,0.06184252313020763,0.034402172480922526,False,False,True,3.708763151312391e-08,COMPLETE
238,0.38219963312149047,2025-03-31 19:57:18.032802,2025-03-31 19:57:25.796458,0 days 00:00:07.763656,0.14181300274672837,0.9604592523073026,16,0.023198502173486697,0.08268520067938812,0.09994271083935913,0.06949421234658855,0.08984322986446742,0.09159932708435164,0.0003728601537293649,24,53,0.004297155626576798,0.05444684292851935,False,False,False,1.5163527881693718e-08,COMPLETE
239,0.5053474426269531,2025-03-31 19:57:25.882028,2025-03-31 19:57:33.017092,0 days 00:00:07.135064,0.12919697982830688,0.9063450703227532,16,0.014214388430392291,0.10031942319704332,0.09584128497712738,0.07610587082013079,0.09829012865566872,0.06681889372194952,0.000280001512176191,22,65,0.05679576971255294,0.012156008603486899,True,False,True,2.4045305814881495e-08,COMPLETE
240,0.44126397371292114,2025-03-31 19:57:33.093571,2025-03-31 19:57:40.262129,0 days 00:00:07.168558,0.12423684443279134,0.946811060261165,16,0.009094410819672464,0.09343544564818486,0.047461095890218914,0.06127754261555773,0.09501898287496388,0.08934163623612379,0.0001610134900876862,24,59,0.09792850288886151,0.05601033214830402,False,False,True,3.5541287872227045e-08,COMPLETE
241,0.5289096832275391,2025-03-31 19:57:40.340399,2025-03-31 19:57:47.526269,0 days 00:00:07.185870,0.17144255040095538,0.8906993706217753,16,0.00656512035985794,0.10110772974344681,0.09801236243266002,0.0666103034819939,0.04504084151568391,0.08926953919206145,0.0003084333204199287,24,62,0.01987468628832307,0.046168766075724524,False,False,True,4.376222967077755e-08,COMPLETE
242,0.5517041563987732,2025-03-31 19:57:47.603159,2025-03-31 19:57:54.811006,0 days 00:00:07.207847,0.15990411469925578,0.8880235146519508,16,0.0063248082850287084,0.11756854119178946,0.09807241865767001,0.06805340086638008,0.09309840738061491,0.06187187586490789,0.00024130946995147695,24,60,0.058957602482441425,0.05880080193452436,False,False,True,3.7538420832385527e-06,COMPLETE
243,0.5406973600387573,2025-03-31 19:57:54.888430,2025-03-31 19:58:02.150779,0 days 00:00:07.262349,0.541705232670193,0.9193418699332807,16,0.014443235250180032,0.11079005865365585,0.09740602160414795,0.07123005686818655,0.09241165570839628,0.09444459563754734,0.0002749479131595027,25,57,0.06606285270942906,0.07540742782327643,False,False,True,2.6456883915655615e-08,COMPLETE
244,0.5554507851600647,2025-03-31 19:58:02.227917,2025-03-31 19:58:09.421668,0 days 00:00:07.193751,0.18210489260905746,0.8706843845266887,16,0.005062079506353042,0.09671856634292295,0.09406001993333406,0.05307566804401168,0.09410874795174559,0.09074260098398515,0.0001958044195894927,24,55,0.060170161979600664,0.0616389793002039,False,False,True,5.193367288128876e-08,COMPLETE
245,0.5285776138305665,2025-03-31 19:58:09.509303,2025-03-31 19:58:16.765005,0 days 00:00:07.255702,0.1862061707193932,0.8689310681043969,16,0.01952783119956684,0.0868930531969657,0.09315234030293983,0.0537696192321773,0.09503523702152553,0.09101491314908941,0.00019872471036644641,25,55,0.06029663860788876,0.019571188877347517,False,False,True,5.2433320762762486e-08,COMPLETE
246,0.5043604016304016,2025-03-31 19:58:16.842922,2025-03-31 19:58:23.912135,0 days 00:00:07.069213,0.07362539225102037,0.912804262043916,16,0.01159137929879742,0.09563440858590325,0.09349453705726644,0.052445326536919114,0.09806048927293698,0.09307489710517171,0.02930445743168172,23,51,0.06340956489290057,0.0779981732697064,False,False,True,3.605941469971854e-08,COMPLETE
247,0.5515811681747437,2025-03-31 19:58:23.989295,2025-03-31 19:58:32.537515,0 days 00:00:08.548220,0.09129102017787856,0.9411807080850706,8,0.005710913636090256,0.10151190520393966,0.09513307094953004,0.049103761219971925,0.09098824035166525,0.09186946981055029,0.00016073751938911978,24,55,0.05706299181008236,0.06174194684022259,False,False,True,4.823537425089682e-08,COMPLETE
248,0.530984652042389,2025-03-31 19:58:32.615847,2025-03-31 19:58:39.738396,0 days 00:00:07.122549,0.14983803921399746,0.8441177792241285,16,0.02691515242208464,0.25335241277890924,0.09603394747136276,0.07303006605540743,0.09638169639384445,0.08819185096100429,0.00022226295361892312,23,58,0.05454190328886789,0.03261252177700459,False,False,True,2.7323637998620535e-08,COMPLETE
249,0.5382370471954345,2025-03-31 19:58:39.816186,2025-03-31 19:58:47.088655,0 days 00:00:07.272469,0.1899459101430837,0.9667913550990573,16,0.014418309515077799,0.08863499210177751,0.09952477983066457,0.07010609134284093,0.09421295563486255,0.09457188254046713,0.000188196567646666,25,54,0.0607520661897608,0.07280075795658779,False,False,True,3.725118881829299e-08,COMPLETE
250,0.4044788241386414,2025-03-31 19:58:47.169297,2025-03-31 19:58:54.474104,0 days 00:00:07.304807,0.16797860236218015,0.012087314532152116,16,0.00013687915610823898,0.09597730028638718,0.0945378338939532,0.05690426574755501,0.08829027456587388,0.02156083538231189,0.0001404697722974435,26,64,0.06338879541232256,0.08038748162797577,False,False,True,2.0287578853871703e-08,COMPLETE
251,0.559927237033844,2025-03-31 19:58:54.563522,2025-03-31 19:59:01.840830,0 days 00:00:07.277308,0.11422777612166632,0.9232178133427803,16,0.007842788309196807,0.10280506411439305,0.09258721342541389,0.050760057436262246,0.0983532329456185,0.09033493284418863,0.00024208615138344292,25,60,0.052099141674079086,0.06984888629714234,False,False,True,4.7757737371494875e-08,COMPLETE
252,0.5551300287246704,2025-03-31 19:59:01.920814,2025-03-31 19:59:09.071799,0 days 00:00:07.150985,0.11228593467047684,0.8997525133081635,16,0.01087565237196653,0.10417640673676236,0.09221036885397677,0.05074912831622201,0.09135773315151241,0.09106513859009874,0.00022960610005386071,24,61,0.05417462194135361,0.05262397462897049,False,False,True,3.064129041391293e-08,COMPLETE
253,0.5641154646873474,2025-03-31 19:59:09.152125,2025-03-31 19:59:16.320579,0 days 00:00:07.168454,0.10179098497378926,0.8604579078543362,16,0.008311803474552053,0.10545791337325137,0.09002455094370694,0.04502797715489518,0.09024777923136797,0.09035563223133307,0.00019685137351598152,24,61,0.051763276593968996,0.053286652101034344,False,False,True,4.9229599871829995e-08,COMPLETE
254,0.5178646564483642,2025-03-31 19:59:16.401123,2025-03-31 19:59:23.630388,0 days 00:00:07.229265,0.10611427415475204,0.8545552453005235,16,0.009313815324151497,0.10311830949966778,0.08864879622414153,0.0506639355494323,0.08976989289480317,0.08969134584878553,0.00011478858100645056,24,66,0.05070580909398163,0.04541512857831166,False,False,True,3.184557856871906e-08,COMPLETE
255,0.5682152509689331,2025-03-31 19:59:23.711418,2025-03-31 19:59:30.850363,0 days 00:00:07.138945,0.087045543367476,0.8290629326645057,16,0.014405229367991917,0.10946456031549612,0.005196379231394148,0.051314778590365165,0.0932089914251674,0.08804905960673536,0.0001844240595219063,24,62,0.050079854391513925,0.05154333572483921,False,False,True,3.8490649019369103e-08,COMPLETE
256,0.5612312078475953,2025-03-31 19:59:30.931449,2025-03-31 19:59:38.080170,0 days 00:00:07.148721,0.08556917022570429,0.8309828709972871,16,0.018024260897097938,0.10380639242262603,0.0026618073873441042,0.047690012275323934,0.09087744405941553,0.08806442684806998,0.0001768609541307638,24,62,0.053686569259390214,0.052399258602178075,False,False,True,3.569767104080821e-08,COMPLETE
257,0.558326017856598,2025-03-31 19:59:38.170427,2025-03-31 19:59:45.409003,0 days 00:00:07.238576,0.08142081628412814,0.8319060447219265,16,0.017090910539881776,0.09266438231462326,0.0017804427099461055,0.04423545099480815,0.0867531794504567,0.08846919040344137,0.00015371225839779635,24,68,0.05156059258470341,0.05292969191522455,False,False,True,3.679491336223912e-08,COMPLETE
258,0.5322622299194336,2025-03-31 19:59:45.489998,2025-03-31 19:59:52.614823,0 days 00:00:07.124825,0.11105669917856312,0.8245411051054798,16,0.017631320811293493,0.09020251975270849,0.0013454030054944575,0.03883594012773722,0.08750715890455132,0.08839978937905286,0.00013602003851129695,24,68,0.05153487450260913,0.053107017423416794,False,False,True,3.850544144702428e-08,COMPLETE
259,0.5572715520858764,2025-03-31 19:59:52.696854,2025-03-31 19:59:59.887556,0 days 00:00:07.190702,0.08124115194721675,0.8338029872112025,16,0.017555171335232524,0.10224766998469698,0.00701107138996539,0.04655664059905622,0.08996247777722015,0.08704913101058388,0.00016774261375644253,24,65,0.04975509422883006,0.05332921790794721,False,False,True,3.0602893244971075e-08,COMPLETE
260,0.5524327278137208,2025-03-31 19:59:59.968910,2025-03-31 20:00:07.108020,0 days 00:00:07.139110,0.06005535627425314,0.8300631159571822,16,0.02160108596910447,0.10372799711722128,0.003885528177659352,0.04521235748363842,0.08552147963024231,0.08803070646202434,0.00015312692266226016,24,67,0.045694706516539015,0.051872269318991936,False,False,True,2.8697873710980344e-08,COMPLETE
261,0.3222287297248841,2025-03-31 20:00:07.189964,2025-03-31 20:00:14.362648,0 days 00:00:07.172684,0.08246345877294192,0.8258317554629756,16,0.015974706137853394,0.10851084944668868,0.009491158271534624,0.04698048953464752,0.08891607314093294,0.0857357985301468,0.0001758546717716559,24,64,0.048975174708702995,0.04511878100108631,False,True,True,0.0008565806170937509,COMPLETE
262,0.5004410028457642,2025-03-31 20:00:14.445183,2025-03-31 20:00:21.649280,0 days 00:00:07.204097,0.11652532907056301,0.8084767593601849,16,0.015407983395615731,0.10194086278516165,0.005777957353199315,0.046435141413232545,0.0905849997278221,0.0902290108228586,0.00010292031190942937,24,70,0.04368913028319421,0.05624862097068058,False,False,True,4.317440451157893e-08,COMPLETE
263,0.38905705213546754,2025-03-31 20:00:21.742131,2025-03-31 20:00:29.458963,0 days 00:00:07.716832,0.07172934304851955,0.8431693190730659,16,0.006844155397197009,0.12049325630765567,0.002539653445545508,0.04596328419794659,0.08689943013896019,0.0880044474598324,0.00012068782439384195,24,64,0.052848395782984746,0.04913591763717829,False,False,False,3.104637368369337e-08,COMPLETE
264,0.499846363067627,2025-03-31 20:00:29.542710,2025-03-31 20:00:36.879889,0 days 00:00:07.337179,0.047697369079954435,0.8434361746635731,16,0.02778513115998544,0.11208539546629129,0.005316313745083753,0.04455530457387525,0.09140047176207534,0.09034306671301075,0.00014661036027805861,24,62,0.04930276252665546,0.05790318505616048,True,False,True,4.877568436260865e-08,COMPLETE
265,0.5561958909034729,2025-03-31 20:00:36.963199,2025-03-31 20:00:44.164965,0 days 00:00:07.201766,0.08814413857216198,0.8161847049480156,16,0.021261288941615032,0.09297467244579286,0.007464132649111488,0.04842203194598762,0.08932349020116043,0.08604374021501845,0.00017857010436550462,25,66,0.05219609330317855,0.03885065835216896,False,False,True,6.887144980803572e-08,COMPLETE
266,0.5610347747802735,2025-03-31 20:00:44.247933,2025-03-31 20:00:51.337442,0 days 00:00:07.089509,0.0802103249966282,0.825663011668267,16,0.022184114420027067,0.09162341613392164,0.010774461913699393,0.041263950441084656,0.08787750610176387,0.08494280264290399,0.00017285920051964782,23,68,0.052029829639938775,0.040662538754167955,False,False,True,3.511098283481203e-08,COMPLETE
267,0.5287067770957947,2025-03-31 20:00:51.421728,2025-03-31 20:00:58.530868,0 days 00:00:07.109140,0.08865524442395246,0.8036634662359408,16,0.025014218440686194,0.08456282175730839,0.009293153306188094,0.04207523021002935,0.08488530660264153,0.09016858843457348,0.00012687389294597593,23,68,0.04789947309861522,0.040896007854986226,False,False,True,3.460812529937351e-08,COMPLETE
268,0.5437964797019958,2025-03-31 20:00:58.625196,2025-03-31 20:01:07.035095,0 days 00:00:08.409899,0.08093055688443695,0.816436262238431,8,0.021767973870396848,0.09195619774692883,0.010008577047540662,0.04981450842242493,0.08879635523852908,0.08467128990011373,0.00017731982135387798,23,74,0.05142923026874155,0.03676539709602013,False,False,True,2.565040806289717e-08,COMPLETE
269,0.5595874786376953,2025-03-31 20:01:07.121961,2025-03-31 20:01:14.266785,0 days 00:00:07.144824,0.06014230984369434,0.8311804943647051,16,0.020614306677681583,0.09045071490429929,0.00642310512299791,0.04915308449229819,0.08649394816050013,0.08548883021444768,0.00016950333324148922,23,73,0.05208596018537825,0.04249553265489874,False,False,True,1.573085041778856e-05,COMPLETE
270,0.4808001041412354,2025-03-31 20:01:14.351202,2025-03-31 20:01:21.430382,0 days 00:00:07.079180,0.05635490260671948,0.7788843903434689,16,0.029822319147473634,0.08678386659137188,0.007057614349952269,0.04562659300646582,0.08581412991848021,0.08543298506912207,7.835425074892854e-05,22,71,0.051186901433058846,0.04379972336803815,False,False,True,8.784305132706002e-06,COMPLETE
271,0.5548745512962341,2025-03-31 20:01:21.516055,2025-03-31 20:01:28.620758,0 days 00:00:07.104703,0.042475446435780995,0.8348178001351728,16,0.02392776136409295,0.09131924960421839,0.00374188173919448,0.0485070054422334,0.08834935472796361,0.08455916833168947,0.00015726998656773145,23,72,0.05018731390721281,0.04320897616373153,False,False,True,8.438667765432798e-05,COMPLETE
272,0.44700781106948856,2025-03-31 20:01:28.705960,2025-03-31 20:01:34.812714,0 days 00:00:06.106754,0.07249542234261137,0.8132934624692358,16,0.019025400515303624,0.07439687778227863,0.008338432425791544,0.0439111518405896,0.08629820442321137,0.08830996895397865,0.00012419816714675982,11,67,0.05289527285018732,0.048435598607484,False,False,True,4.1102165639447654e-08,COMPLETE
273,0.5339515805244446,2025-03-31 20:01:34.907978,2025-03-31 20:01:41.928209,0 days 00:00:07.020231,0.09042768320991154,0.8515740907650915,16,0.027796251396258506,0.08113972081038781,0.0048273002352444685,0.04084103858035183,0.0886905425272466,0.08100463887295616,0.00017531907058693637,22,77,0.04633066219383908,0.037976749017030194,False,False,True,2.6851323851441403e-05,COMPLETE
274,0.4961298704147339,2025-03-31 20:01:42.015069,2025-03-31 20:01:49.092293,0 days 00:00:07.077224,0.05952699161449144,0.8376271590386909,16,0.016847613567200482,0.09543904004144257,0.002241278658123926,0.04762945209285566,0.09020526041678263,0.08736784270116468,9.700886983312225e-05,23,71,0.04951649293797114,0.05127355944328427,False,False,True,7.62999135849187e-08,COMPLETE
275,0.5591256618499756,2025-03-31 20:01:49.179719,2025-03-31 20:01:56.354932,0 days 00:00:07.175213,0.10495609057350849,0.7970691475277465,16,0.031145069904615755,0.09011079639988415,0.007838448249224556,0.05263085901170018,0.09026169074757384,0.08582713705624251,0.00018670531750088226,24,65,0.053168848222175505,0.060278105807388536,False,False,True,5.760089203349913e-06,COMPLETE
276,0.4941000580787659,2025-03-31 20:01:56.441000,2025-03-31 20:02:03.052341,0 days 00:00:06.611341,0.10698512837607096,0.7953510814221694,16,0.03248727643494093,0.08422412430206809,0.0068667732069322505,0.049966336467720904,0.0841173481372518,0.0845713331529122,0.00015285633867402994,16,75,0.05185207401150702,0.04439645165788981,False,False,True,1.621978608246561e-05,COMPLETE
277,0.2722788155078888,2025-03-31 20:02:03.138621,2025-03-31 20:02:10.288047,0 days 00:00:07.149426,0.09593703734600544,0.8192993735533186,16,0.2517934669895427,0.077553711691275,0.014764931078297478,0.048564398020807364,0.08678243134857494,0.08417192320755411,0.00013732623889085806,23,69,0.0520394963919902,0.05483843212585384,False,False,True,2.675200513352144e-06,COMPLETE
278,0.5486179232597351,2025-03-31 20:02:10.384490,2025-03-31 20:02:17.687495,0 days 00:00:07.303005,0.12224752447194974,0.7868246904766036,16,0.030627021735440296,0.0900719540787935,0.00777560310769254,0.0470137216624616,0.08970479315662891,0.08228839843462428,0.00017786933520620759,25,66,0.047643566911495204,0.03557947954944138,False,False,True,2.813109167115779e-05,COMPLETE
279,0.5070895195007324,2025-03-31 20:02:17.775376,2025-03-31 20:02:24.991566,0 days 00:00:07.216190,0.07188972520467625,0.8300130085758489,16,0.02204203888631334,0.09081747126921104,0.013328694907398617,0.05174264801731741,0.09102239506113659,0.08604146687525815,0.00011370552488594718,24,67,0.05286144774661858,0.059271606741377124,False,False,True,5.016598718423947e-06,COMPLETE
280,0.33432279825210576,2025-03-31 20:02:25.079869,2025-03-31 20:02:30.755712,0 days 00:00:05.675843,0.030958171067856047,0.8539946441727165,16,0.017522003466214627,0.08335630496517957,0.010947542796833746,0.04227249417640266,0.08898126295316428,0.0771503208810817,0.00018597778000409136,6,65,0.013185501129955382,0.049006891131285396,False,True,True,6.305412048305515e-06,COMPLETE
281,0.4822039723396302,2025-03-31 20:02:30.842815,2025-03-31 20:02:38.264209,0 days 00:00:07.421394,0.0884223211041236,0.8082156983602213,16,0.035885578108695346,0.005114557064957781,0.005952623104550189,0.09507131935233232,0.09218971535638609,0.0861896754439026,0.00015125343302543735,26,95,0.04994680936224853,0.03970318483645479,False,False,True,1.2975273864470681e-05,COMPLETE
