number,value,datetime_start,datetime_complete,duration,params_alpha-eval,params_alpha-train,params_batch-size,params_eps-eval,params_eps-train,params_lambda-actions-eval,params_lambda-actions-train,params_lambda-frames-eval,params_lambda-frames-train,params_learning-rate,params_n-epochs,params_n-frames,params_radius-gw,params_rho,params_std-feats,params_ub-actions,params_ub-frames,params_weight-decay,state
854,0.538935387134552,2025-04-21 15:16:50.059918,2025-04-21 15:17:00.992992,0 days 00:00:10.933074,0.5095506532090845,0.6555647505290474,2,0.04519266683955303,0.07454606731403843,0.0073350741683341275,0.01289989766827671,0.02293496893067877,0.07364071231997503,0.05036003701923341,9,150,0.030213120920040446,0.07888041124287602,True,False,True,4.12146348380379e-05,COMPLETE
855,0.43507158756256104,2025-04-21 15:17:01.276143,2025-04-21 15:17:12.767989,0 days 00:00:11.491846,0.6573849816349161,0.5541662700754835,2,0.028969692489696202,0.09442849721513136,0.010937196289921862,0.016829916018458017,0.0202825618984759,0.09594021169482474,0.07316566761568344,10,145,0.026748120760535843,0.05748219934391207,True,False,True,2.7285758975348888e-05,COMPLETE
856,0.3284110009670258,2025-04-21 15:17:13.035090,2025-04-21 15:17:23.922017,0 days 00:00:10.886927,0.5627027427452214,0.5884178759212016,2,0.07672929524628772,0.05646398208799872,0.013261172032702932,0.01132585581157685,0.013793335612399676,0.03514315991504957,1.2490275381586625e-05,9,142,0.029012497676738143,0.03390954839089759,True,False,True,1.3069277555639694e-05,COMPLETE
857,0.49997173547744755,2025-04-21 15:17:24.201204,2025-04-21 15:17:30.315558,0 days 00:00:06.114354,0.4909794581625895,0.6286958965042038,16,0.04961504352633229,0.07880702158427125,0.008728018980689513,0.014992196521945002,0.025113399662358343,0.018649874131605085,0.019667626870459,7,106,0.03296054867370202,0.0641558532405995,True,False,True,2.9308684416645075e-06,COMPLETE
858,0.31354024410247805,2025-04-21 15:17:30.596236,2025-04-21 15:17:41.018963,0 days 00:00:10.422727,0.460462420021337,0.570812454151786,2,0.09032507739488878,0.08951253941708166,0.01722178188352582,0.06544765882658538,0.021480645374278566,0.08395197552110195,0.00014092098718922666,8,147,0.021864787532137032,0.05128365596176551,True,False,True,1.6001476357952727e-06,COMPLETE
859,0.5700462102890015,2025-04-21 15:17:41.286501,2025-04-21 15:17:51.115238,0 days 00:00:09.828737,0.43451468701789114,0.5985886427877221,2,0.0353044686807146,0.08427814257129584,0.0119586070147209,0.058190707564787114,0.01850409924409667,0.014290670724693737,0.031214501618386847,7,144,0.03102774050307742,0.084466177374627,True,False,True,3.116108987457749e-05,COMPLETE
860,0.5764081001281739,2025-04-21 15:17:51.395375,2025-04-21 15:18:02.377367,0 days 00:00:10.981992,0.5271867350122286,0.6135459388803445,2,0.03839952795372686,0.09988970271127082,0.014549466047331469,0.05073940398877193,0.02625849459730294,0.07979357609099157,0.045729742523548535,9,133,0.035214999722857715,0.006267682539990077,True,False,True,0.00010471916636790419,COMPLETE
861,0.28286103010177616,2025-04-21 15:18:02.658426,2025-04-21 15:18:14.199916,0 days 00:00:11.541490,0.5051552756203519,0.6863382016646836,2,0.05939436042402438,0.09317275505751252,0.019554452899711073,0.06070699630686069,0.023401834480186182,0.08575708169665873,0.060260366487196244,10,150,0.02603115548502975,0.06965321100336735,True,True,True,0.00031015477170304455,COMPLETE
862,0.6057203054428101,2025-04-21 15:18:14.470440,2025-04-21 15:18:26.797637,0 days 00:00:12.327197,0.476615298404944,0.5197527147047831,2,0.04385815084896669,0.08099697272647549,0.009281648695467227,0.04766428850622858,0.016474206245026553,0.09922510842155957,0.02588929134467403,12,48,0.028986064229912983,0.022519131508674118,True,False,True,0.00013202472232145713,COMPLETE
863,0.5698807120323182,2025-04-21 15:18:27.076939,2025-04-21 15:18:34.279287,0 days 00:00:07.202348,0.4464261265032602,0.500140255586218,8,0.05230690573500446,0.07003584333377007,0.006189673347931066,0.04633346062693977,0.01296730969673348,0.09718657003460111,0.0213774627325824,12,57,0.024771279078222817,0.03357862269240637,True,False,True,0.0002026648455329271,COMPLETE
864,0.4074373126029968,2025-04-21 15:18:34.558152,2025-04-21 15:18:49.644947,0 days 00:00:15.086795,0.4194645822536024,0.45957273511495267,2,0.04702714967044554,0.07393595656166231,0.008766632999462117,0.049047458375369606,0.015795167615562294,0.09752765210489714,0.020071306731972573,14,40,0.02725785191013562,0.009804273650115016,True,False,False,0.00014623367167479196,COMPLETE
865,0.542255961894989,2025-04-21 15:18:49.926409,2025-04-21 15:19:01.893744,0 days 00:00:11.967335,0.4707011533473031,0.5264922251132981,2,0.054490665721403285,0.08007452049223511,0.00986066972949546,0.04818161159088537,0.016062886782411207,0.09903389589407145,0.015863444735978945,11,62,0.028583626469410893,0.016857154225590573,True,False,True,2.2140667733913753e-05,COMPLETE
866,0.42416397333145145,2025-04-21 15:19:02.163194,2025-04-21 15:19:14.079309,0 days 00:00:11.916115,0.45541254072999626,0.484423022907086,2,0.044002400306514255,0.07582387125116839,0.0036006641607598013,0.04737844799730819,0.014617874103320584,0.09868616760341666,0.024930914507245515,11,18,0.023408829420999335,0.02496748352319203,True,False,True,4.675028528960814e-05,COMPLETE
867,0.515598738193512,2025-04-21 15:19:14.361032,2025-04-21 15:19:26.836184,0 days 00:00:12.475152,0.3879346967589327,0.5091445260202725,2,0.0623477504434772,0.06716085042110313,0.007345839170887345,0.04773615167964592,0.01730447323087609,0.09789743389297273,0.025356040183914515,12,147,0.026924551161743818,0.019890845648221352,True,False,True,0.00015425267369009098,COMPLETE
868,0.3754941582679749,2025-04-21 15:19:27.118694,2025-04-21 15:19:38.328562,0 days 00:00:11.209868,0.4254505181440858,0.48524205790887603,2,0.11791448684773578,0.08252940604655448,0.010472253137067008,0.05209082814086276,0.014600536123346353,0.09980050936046074,0.014586786071314506,10,35,0.029609198553262137,0.022154338635338357,True,False,True,0.00023207878776937635,COMPLETE
869,0.4483298540115357,2025-04-21 15:19:38.598961,2025-04-21 15:19:59.463724,0 days 00:00:20.864763,0.4748308968763079,0.5080218709167513,2,0.050090308528278525,0.0801645996656444,0.005094522291813238,0.05316727761352432,0.009885953111275152,0.0962851959341278,0.08466708765084453,29,47,0.02830041923606337,0.01920907958662425,False,False,True,1.7811773169721056e-05,COMPLETE
870,0.5415685296058655,2025-04-21 15:19:59.742452,2025-04-21 15:20:11.600239,0 days 00:00:11.857787,0.44168453525878865,0.5369037507480188,2,0.05868400072266537,0.0712866526512078,0.008800905203996758,0.050004723022604426,0.011793032607922471,0.09977510265976564,0.018352549423377794,11,49,0.0256184305850161,0.029307010091291608,True,False,True,3.6683328915262615e-05,COMPLETE
871,0.3589973568916321,2025-04-21 15:20:11.883014,2025-04-21 15:20:23.171374,0 days 00:00:11.288360,0.48878972695820205,0.5267084971399528,2,0.22562172111484155,0.08606125510194874,0.011968980395165344,0.04758717806342021,0.017605168528542877,0.0953289418841872,0.018255350379298645,10,73,0.030059573015729105,0.024509914616915603,True,False,True,0.0006464024503793457,COMPLETE
872,0.5693715453147888,2025-04-21 15:20:23.458454,2025-04-21 15:20:35.976336,0 days 00:00:12.517882,0.3707105681553424,0.18478383328688597,2,0.042519048291034506,0.07840533134676199,0.007458372990184664,0.05051521972115259,0.01858814216613533,0.0956216673190078,0.024624135679434816,12,110,0.027733294932928552,0.012149662100751439,True,False,True,1.4118891131664092e-05,COMPLETE
873,0.39651243090629584,2025-04-21 15:20:36.246757,2025-04-21 15:20:47.258782,0 days 00:00:11.012025,0.5241421035511806,0.5139445346576414,2,0.0688437254650414,0.06330234352950057,0.010559023637231726,0.04921649975617806,0.016840835658918692,0.09956297879653667,0.027610148047144126,9,150,0.03131083714217383,0.02923421100510103,True,False,True,0.0001731385894306477,COMPLETE
874,0.42754882574081426,2025-04-21 15:20:47.541280,2025-04-21 15:21:00.421130,0 days 00:00:12.879850,0.40686972746410655,0.03224521149614895,2,0.048389146483247734,0.0848542086468483,0.013762003235799979,0.054511873921359325,0.020452344748342562,0.09781414598074667,0.0675746786209131,13,93,0.01605192451062578,0.015086235805059814,True,False,True,9.393975974303007e-06,COMPLETE
875,0.37052329778671267,2025-04-21 15:21:00.713591,2025-04-21 15:21:08.314412,0 days 00:00:07.600821,0.46473670585372595,0.5429877087736549,8,0.2921814319356658,0.0751017000267089,0.01159538266373363,0.010006767887358521,0.011226317831548465,0.09618352965462988,0.08660312725138507,13,145,0.02471111776876274,0.037352564508712105,True,False,True,0.000456778169391204,COMPLETE
876,0.28286103010177616,2025-04-21 15:21:08.600917,2025-04-21 15:21:22.499209,0 days 00:00:13.898292,0.6095932015558473,0.46887001706771414,2,0.04225148020915622,0.05072133831085733,0.00961431859010468,0.052518645866709394,0.019828916029830466,0.09439617673533582,0.030600511886969665,15,33,0.02946586124181014,0.023885655979938115,True,False,True,2.8919011887611167e-05,COMPLETE
877,0.5347395777702332,2025-04-21 15:21:22.772066,2025-04-21 15:21:34.200007,0 days 00:00:11.427941,0.5049521700217436,0.5221349964159042,2,0.039142502588971305,0.08912150877028747,0.01608261710378811,0.07193427544834931,0.016065156299833447,0.09377930282507999,0.07102200786319546,10,147,0.026704439210311723,0.04471746787013412,True,False,True,8.925293988530112e-05,COMPLETE
878,0.4141679048538208,2025-04-21 15:21:34.484270,2025-04-21 15:21:46.312090,0 days 00:00:11.827820,0.5413591599982165,0.5486139761965083,2,0.052329662046205976,0.29729263426345354,0.005299729272430319,0.008757808508001983,0.019575132166091823,0.08257574593169828,0.09988301669570164,11,60,0.031630827354681215,0.04018080663334384,True,False,True,1.2302708739439797e-06,COMPLETE
879,0.3838561534881592,2025-04-21 15:21:46.597619,2025-04-21 15:21:57.371813,0 days 00:00:10.774194,0.43316934708601285,0.5007920299812915,2,0.05877665798449645,0.08250333335041499,0.013363079802374602,0.04784660692315456,0.01422195953255347,0.008138797417254349,0.023202643916744377,9,44,0.02879726444172014,0.07487974271776984,True,False,True,0.00012199553405732374,COMPLETE
880,0.5028417468070984,2025-04-21 15:21:57.646226,2025-04-21 15:22:04.022196,0 days 00:00:06.375970,0.4801806659427286,0.5603853044846222,16,0.043614760566052097,0.08760541543073526,0.00839279472676114,0.04655567905838526,0.017634456604921404,0.09867344342582744,0.0564554447034378,9,150,0.02137677157089965,0.23625353851585573,True,False,True,3.959482070362772e-05,COMPLETE
881,0.28286103010177616,2025-04-21 15:22:04.307338,2025-04-21 15:22:15.989745,0 days 00:00:11.682407,0.45662164390810844,0.5349452897417638,2,0.07132395761343044,0.07051428965781947,0.011881130255301936,0.012370147331244476,0.0216380015960447,0.09987764573935473,0.07607774742419507,10,145,0.03042975820019815,0.054907549474855655,True,True,True,0.00018399197853453936,COMPLETE
882,0.4510786294937134,2025-04-21 15:22:16.277959,2025-04-21 15:22:28.933133,0 days 00:00:12.655174,0.574525192418811,0.48702975211350497,2,0.053941925824138606,0.07864274323954146,0.015083016156997402,0.05137212267000063,0.018579182583686366,0.011953248026956164,0.056459313493883376,10,143,0.026134990899028335,0.06295200069417434,True,False,False,0.0002828901347149854,COMPLETE
883,0.5473394870758057,2025-04-21 15:22:29.221143,2025-04-21 15:22:40.134854,0 days 00:00:10.913711,0.5166489621544641,0.7110039134690042,2,0.023776584233963984,0.08991103119757914,0.006384745830627081,0.049395392961717716,0.04481681677344186,0.09692561141008965,0.028250444017416707,9,148,0.023953672203947896,0.028993886246791074,True,False,True,2.3286169377925958e-05,COMPLETE
884,0.5775527954101562,2025-04-21 15:22:40.407993,2025-04-21 15:22:52.358017,0 days 00:00:11.950024,0.49595590441921583,0.6657177124544884,2,0.04697664156936363,0.06499320282384227,0.013161475107550275,0.013520900647241605,0.021006225222397087,0.09265410467828976,0.04724309925615302,11,147,0.03205693289282936,0.0332269863870547,True,False,True,1.6532659535653664e-05,COMPLETE
885,0.5704569935798646,2025-04-21 15:22:52.644205,2025-04-21 15:23:03.517679,0 days 00:00:10.873474,0.5478391341198777,0.5477013584574087,2,0.037999921778968014,0.08289982259003294,0.00993470477867385,0.062086109276259474,0.01300290474630755,0.07816940162979388,0.03472101223692495,9,144,0.027917473431553295,0.07737597370610674,True,False,True,5.679634176366254e-05,COMPLETE
886,0.5546001434326172,2025-04-21 15:23:03.806292,2025-04-21 15:23:14.177854,0 days 00:00:10.371562,0.46809128830169955,0.5643710582627515,2,0.0654956755637593,0.07562386245593776,0.01759922300440127,0.05493982372880041,0.01665133702205139,0.0755623216281373,0.06591024611777131,8,141,0.029832315090870667,0.04987652461450744,True,False,True,3.30471066268829e-06,COMPLETE
887,0.5984843730926513,2025-04-21 15:23:14.462210,2025-04-21 15:23:25.933664,0 days 00:00:11.471454,0.440237879155123,0.5136218099808935,2,0.029707377984695763,0.09242714333426837,0.01088597708774356,0.06658968153208411,0.022591113483852017,0.06941985632270677,0.012220480277529016,10,124,0.03236201112216523,0.006980352311090225,True,False,True,0.00013567512733200942,COMPLETE
888,0.4447917461395264,2025-04-21 15:23:26.222120,2025-04-21 15:23:33.419821,0 days 00:00:07.197701,0.41795463779533454,0.44696564834462377,8,0.024964428417152438,0.08682392318766495,0.007516778159139952,0.06772958466426894,0.019701387359828845,0.024374093137527454,0.009390094331145252,11,129,0.032938953679610986,0.04330691812235932,True,False,True,0.00018603255408192014,COMPLETE
889,0.41185808181762695,2025-04-21 15:23:33.708791,2025-04-21 15:23:45.540232,0 days 00:00:11.831441,0.39917105250029705,0.5040753421795946,2,0.029175391312862967,0.0944253640845024,0.009426250451454938,0.06622916090191718,0.022522165617035465,0.0657950560605358,0.00499281981956973,11,24,0.032239036535980176,0.014642079882894565,False,False,True,3.163728499966097e-05,COMPLETE
890,0.3695650219917298,2025-04-21 15:23:45.836638,2025-04-21 15:23:57.204697,0 days 00:00:11.368059,0.43194894951445534,0.491084383212028,2,0.03166068370023733,0.08135479854428995,0.004655533087796616,0.06519030967296346,0.01862680792624511,0.06903082127360517,0.01365295017284499,10,150,0.06400328904100765,0.017441865733902558,True,False,True,0.00034823282705170893,COMPLETE
891,0.38218690156936647,2025-04-21 15:23:57.479951,2025-04-21 15:24:13.287250,0 days 00:00:15.807299,0.40006902027481395,0.5155553469566275,2,0.025772616988813078,0.04530806275117593,0.007379256149155964,0.07012634361000665,0.021096614660784226,0.08089091684924751,0.014188875653363586,18,150,0.03488951009299253,0.003049577541645361,True,False,True,0.0002441725223152507,COMPLETE
892,0.3867273688316345,2025-04-21 15:24:13.574612,2025-04-21 15:24:24.832802,0 days 00:00:11.258190,0.4368193911893689,0.5203876200356984,2,0.018880372031081165,0.05776636211339441,0.003048749271114501,0.06784102911819762,0.01619708285198032,0.00587214928856763,0.017536658542468685,10,29,0.0435278347460254,0.005635819772309574,True,False,True,2.334325716207054e-06,COMPLETE
893,0.37414476871490476,2025-04-21 15:24:25.123658,2025-04-21 15:24:36.551989,0 days 00:00:11.428331,0.4451262474757243,0.48811880120849976,2,0.034283917182369804,0.07485198497561965,0.010770838622165952,0.07044024222305217,0.019293324203730335,0.009600049303845202,0.014953897140857436,10,127,0.03286590514850589,0.025714648611082917,True,False,True,0.00014891829775344316,COMPLETE
894,0.47805002927780155,2025-04-21 15:24:36.846192,2025-04-21 15:24:48.827673,0 days 00:00:11.981481,0.5205448205915401,0.5353404842886202,2,0.021599047058936303,0.08951417385729174,0.009248698198008196,0.06870371211710476,0.022991699287199636,0.07026711111782524,0.08407518120776383,11,147,0.03092958217017945,0.021435906479625826,True,False,True,4.603689339188485e-05,COMPLETE
895,0.4018456459045411,2025-04-21 15:24:49.102754,2025-04-21 15:25:02.672166,0 days 00:00:13.569412,0.4143904252159275,0.5128946464227837,2,0.030734267809144327,0.07044848374732737,0.010678274960035681,0.06682589384110053,0.020499790779118364,0.09448353398905067,0.012475736583254519,14,124,0.03598681250816048,0.011334051105747962,True,False,True,2.4031419189102356e-05,COMPLETE
896,0.38470230102539066,2025-04-21 15:25:02.961998,2025-04-21 15:25:14.197807,0 days 00:00:11.235809,0.3743680297951901,0.46342745246170236,2,0.02003206027006339,0.08453430612680579,0.011887378488855663,0.06930283239799964,0.015175014404523027,0.08446836420143264,0.012906182757983551,10,28,0.02838251384549173,0.014189931687524703,True,False,True,7.903672290776417e-05,COMPLETE
897,0.39861088991165167,2025-04-21 15:25:14.487427,2025-04-21 15:25:25.787783,0 days 00:00:11.300356,0.4886048187941444,0.4742003903937215,2,0.03494350238943893,0.09658005922625955,0.006129635090890684,0.0628715708735015,0.02218288821408016,0.016295692564729167,0.008130563858555342,10,69,0.03262674037062909,0.009208125073150254,True,False,True,1.10518751614849e-05,COMPLETE
898,0.5601554751396179,2025-04-21 15:25:26.090798,2025-04-21 15:25:38.028115,0 days 00:00:11.937317,0.4761320247533731,0.5391544150628221,2,0.06197930046840073,0.09163532781679883,0.008665175810859304,0.06407463082434905,0.017153846480881616,0.09638781811936181,0.05861460963649928,11,120,0.02661573847341493,0.009377122160241225,True,False,True,1.9811664738009002e-05,COMPLETE
899,0.42015194892883306,2025-04-21 15:25:38.307353,2025-04-21 15:25:55.138194,0 days 00:00:16.830841,0.45202149437691347,0.5265924089359284,2,0.02815951912343602,0.07853210735456102,0.011995832261254098,0.06743854441950119,0.01887895345940405,0.0725547714086894,0.0161411882237783,20,117,0.02908215551793437,0.03706264511060335,True,True,True,0.0008222047329024579,COMPLETE
900,0.5302968382835388,2025-04-21 15:25:55.429233,2025-04-21 15:26:02.541727,0 days 00:00:07.112494,0.5587272424626278,0.5449401414164587,8,0.0384655928871722,0.0852214302873337,0.014850157655442271,0.058647979525618774,0.07032053552622061,0.09112243538993825,0.07117402664195425,10,147,0.022698682607746226,0.010610287226064954,True,False,True,0.00020298997488149174,COMPLETE
901,0.3721561074256897,2025-04-21 15:26:02.833619,2025-04-21 15:26:15.618121,0 days 00:00:12.784502,0.506834111160827,0.5071742646191456,2,0.14925990798399255,0.06582304854360096,0.0076508560743299555,0.06520890435793618,0.02353528729232256,0.0789619018583792,0.05182507387717634,10,150,0.031089702870096,0.03350272305160843,True,False,False,1.1372500877830649e-07,COMPLETE
902,0.35112051963806157,2025-04-21 15:26:15.915581,2025-04-21 15:26:26.874602,0 days 00:00:10.959021,0.5258405276253939,0.5570854033264752,2,0.04965799811792214,0.0980160416144291,0.01053396787813114,0.06533959460063535,0.014185180074933065,0.004121378728520647,0.010150600525744437,9,145,0.03443732405914845,0.007323758418786935,True,False,True,0.00010480519111768144,COMPLETE
903,0.45615472793579104,2025-04-21 15:26:27.153242,2025-04-21 15:26:39.425532,0 days 00:00:12.272290,0.4276390857427483,0.532920539415458,2,0.08314984386631974,0.07842349982447859,0.002858413349482637,0.061340179396649035,0.021400123886579997,0.08211402216764348,0.020293445006825596,12,43,0.025346113946431548,0.048751891188644376,True,False,True,4.525165662034336e-06,COMPLETE
904,0.3643795013427734,2025-04-21 15:26:39.720401,2025-04-21 15:26:46.257888,0 days 00:00:06.537487,0.6346421536195412,0.4930867775100602,16,0.057017547914336476,0.09005784687882398,0.013246824045877693,0.07121639128841135,0.023685107503424105,0.022191983011507162,0.0851923809981196,11,147,0.03734573294541292,0.0018015799232690925,True,False,True,3.7741246635616346e-05,COMPLETE
905,0.56733558177948,2025-04-21 15:26:46.551089,2025-04-21 15:26:58.038453,0 days 00:00:11.487364,0.3871816208367725,0.5660057809980916,2,0.04500372196374538,0.07239331021074479,0.020606187662396514,0.06778058207586728,0.018388717166156997,0.08616243930564864,0.010828330405104425,10,143,0.02809902695364042,0.042261738586810864,True,False,True,2.939839135969415e-05,COMPLETE
906,0.544849181175232,2025-04-21 15:26:58.334694,2025-04-21 15:27:09.328114,0 days 00:00:10.993420,0.3622887653586966,0.5187531768022691,2,0.031622132952537324,0.08386214530226338,0.009247315590494536,0.05133842680751591,0.04216781751845867,0.09264367403690549,0.005990244250853823,9,150,0.030901398292230854,0.05475323629965103,True,False,True,1.5694863283224097e-05,COMPLETE
907,0.515732491016388,2025-04-21 15:27:09.615354,2025-04-21 15:27:27.644381,0 days 00:00:18.029027,0.49828743152096905,0.5771009638134333,2,0.023719462957507625,0.0935554541743787,0.015389320329115741,0.04687584453840522,0.019740052622655574,0.07460325927027958,0.04402143614512066,23,85,0.033378692916810344,0.02077568813229415,False,False,True,0.00013287585044759816,COMPLETE
908,0.4198815941810608,2025-04-21 15:27:27.938106,2025-04-21 15:27:39.298784,0 days 00:00:11.360678,0.4761790079705746,0.5582289837281857,2,0.03855640309591757,0.0806616584494618,0.006046466773110079,0.06619750840993353,0.022000724179960907,0.09801678392277077,0.06700962275500667,10,99,0.027083970075696517,0.0273510166334723,True,False,True,5.0193067594320825e-05,COMPLETE
909,0.5570782184600831,2025-04-21 15:27:39.596102,2025-04-21 15:27:49.969643,0 days 00:00:10.373541,0.5391449331310116,0.5510938612972712,2,0.052926147382500496,0.09898815822894783,0.011656403916585898,0.0632003912153366,0.0168227635510287,0.07635177572145094,0.05271327286838451,8,145,0.02960565659372107,0.03851713368412838,True,False,True,6.945262751082408e-05,COMPLETE
910,0.46453150510787966,2025-04-21 15:27:50.273673,2025-04-21 15:28:01.205526,0 days 00:00:10.931853,0.7132786762206001,0.5268486587918241,2,0.04538032788684538,0.0871597347712564,0.012881877733454623,0.04920142925645526,0.01171632298519899,0.09518293651004532,0.06072716343765227,9,147,0.023998711965764023,0.0023272961387364975,True,False,True,7.1726901655834005e-06,COMPLETE
