number,value,datetime_start,datetime_complete,duration,params_alpha-eval,params_alpha-train,params_batch-size,params_eps-eval,params_eps-train,params_lambda-actions-eval,params_lambda-actions-train,params_lambda-frames-eval,params_lambda-frames-train,params_learning-rate,params_n-epochs,params_n-frames,params_radius-gw,params_rho,params_std-feats,params_ub-actions,params_ub-frames,params_weight-decay,state
1514,0.32420545816421514,2025-03-31 22:51:19.854217,2025-03-31 22:51:27.004586,0 days 00:00:07.150369,0.06292264398490816,0.7947341283055978,16,0.06779602530165235,0.12112169920124835,0.006068686771432117,0.055131449592380144,0.09252379716149736,0.08710113018154512,0.00020080369313870035,23,71,0.05174461967905949,0.07884901342292465,False,True,True,0.0001447908032896926,COMPLETE
1515,0.4690413594245911,2025-03-31 22:51:27.490428,2025-03-31 22:51:34.831927,0 days 00:00:07.341499,0.04160230829972804,0.8168310960565491,16,0.08200564760657336,0.12479489423039974,0.0030602929693740698,0.0474775414456303,0.0893744918173406,0.09371453947181338,0.0001515377713839265,25,58,0.0506225877027611,0.10060063272196644,False,False,True,9.67815627622154e-05,COMPLETE
1516,0.39578473567962646,2025-03-31 22:51:35.319222,2025-03-31 22:51:42.953197,0 days 00:00:07.633975,0.010042489749529876,0.9007768851375125,16,0.06403097464580809,0.11413120232621587,0.006768805534847314,0.050883411666355974,0.03502279235267951,0.08825185109239606,0.0002447331861242312,22,51,0.05437455458950531,0.09343539845433871,False,False,False,2.7064112047896125e-05,COMPLETE
1517,0.560951292514801,2025-03-31 22:51:43.458046,2025-03-31 22:51:50.699148,0 days 00:00:07.241102,0.010021270566404623,0.8281277964232985,16,0.058112707778976716,0.10613692387892693,0.004015915324369627,0.04835449731606917,0.08562378633671644,0.08550610679783995,0.00031546260516328816,24,67,0.04887930674491274,0.08766004553795227,False,False,True,0.00011058499392925518,COMPLETE
1518,0.47374179363250735,2025-03-31 22:51:51.191529,2025-03-31 22:51:58.424265,0 days 00:00:07.232736,0.06019592157417783,0.7928967430447444,16,0.07023314449053084,0.1153290148626024,0.007069420689379521,0.08566802466997159,0.04950505755008093,0.09148268691835944,0.00019037921855630789,24,71,0.07384470538053167,0.07955917879167147,False,False,True,4.6431089356003015e-05,COMPLETE
1519,0.32662734389305115,2025-03-31 22:51:58.908921,2025-03-31 22:52:17.577373,0 days 00:00:18.668452,0.036701895331487724,0.8844124684260508,2,0.28954877069101975,0.11969796183209817,0.0046722735575486975,0.018407102272168522,0.012908851321267602,0.08604277753787,0.0004808669650558227,25,32,0.04995573156498029,0.10476986965326278,False,False,True,7.060893796917681e-05,COMPLETE
1520,0.5508185863494873,2025-03-31 22:52:18.065133,2025-03-31 22:52:25.198824,0 days 00:00:07.133691,0.031563297058087345,0.8169828016803903,16,0.05859342975887634,0.10079994027336822,0.002807932765149795,0.05351855568180323,0.0873448023808135,0.09011912201297727,0.0003769405579002578,23,63,0.0583444421255986,0.09815821024487323,False,False,True,8.6352523113754e-05,COMPLETE
1521,0.3037963688373566,2025-03-31 22:52:25.705714,2025-03-31 22:52:32.418898,0 days 00:00:06.713184,0.06065127357415276,0.8724921907244075,16,0.06543054891992488,0.12655104831578182,0.006846790949459158,0.05603282522179116,0.05729160677055075,0.09703135995979642,0.0002418876570054349,18,8,0.05138242005422809,0.0792361302257174,True,False,True,6.978342234141743e-05,COMPLETE
1522,0.5038613796234132,2025-03-31 22:52:32.906754,2025-03-31 22:52:40.045367,0 days 00:00:07.138613,0.04110252946417114,0.8414778751681196,16,0.057402019719078386,0.11308755640931892,0.0049350791139604056,0.05005491037999775,0.08924599989309927,0.08803894401848752,0.00013849185632943816,23,69,0.04978770197503644,0.08876257109781903,False,False,True,9.20427361335412e-07,COMPLETE
1523,0.4087131261825562,2025-03-31 22:52:40.530482,2025-03-31 22:52:47.842200,0 days 00:00:07.311718,0.07024956072013608,0.8053569068350642,16,0.16196251690740882,0.0945736702653602,0.001068153668821647,0.014315234397324085,0.09222046455955195,0.09333751710549695,0.00016817267592195492,25,72,0.052763245892908914,0.0844334932219174,False,False,True,2.4205941881059094e-08,COMPLETE
1524,0.5426270604133606,2025-03-31 22:52:48.349462,2025-03-31 22:52:57.008306,0 days 00:00:08.658844,0.034559453783254264,0.777346259655046,8,0.07193321108682542,0.10853926888279436,0.007658895356330037,0.052387289256127345,0.08401628881390291,0.08991560274318364,0.00029032895324003835,24,65,0.049430254237296155,0.07452416380782588,False,False,True,7.056601655990669e-08,COMPLETE
1525,0.46913719177246094,2025-03-31 22:52:57.502250,2025-03-31 22:53:04.681428,0 days 00:00:07.179178,0.010000898370045842,0.8317511752965183,16,0.07903326071410961,0.11923797501547398,0.0032753945351899284,0.020235639835039697,0.08653215734604815,0.0871398087927469,8.788689201542715e-05,24,61,0.05468694840703852,0.09529614377329473,False,False,True,5.559435540014775e-05,COMPLETE
1526,0.5580564260482789,2025-03-31 22:53:05.175917,2025-03-31 22:53:12.534645,0 days 00:00:07.358728,0.05714991857756497,0.8692927723408598,16,0.06222032166215395,0.08365010516715514,0.006338509731264848,0.04836034051421028,0.09212850396940112,0.08493609915189174,0.00021195897838656316,25,68,0.049005130802683046,0.07589375212853192,False,False,True,2.3586165469520775e-08,COMPLETE
1527,0.566110348701477,2025-03-31 22:53:13.020548,2025-03-31 22:53:20.302897,0 days 00:00:07.282349,0.026526807028671186,0.8969787848474264,16,0.055859789969180264,0.12468732368282195,0.004783653438060759,0.04658429272097068,0.08867491216940002,0.08855452623352054,0.0002658584551129661,25,73,0.051243495138936015,0.0916824150763494,False,False,True,5.785681959252152e-08,COMPLETE
1528,0.5333290100097656,2025-03-31 22:53:20.807297,2025-03-31 22:53:27.860175,0 days 00:00:07.052878,0.047094006698128084,0.7986746803754312,16,0.06563782840734518,0.11022241156994314,0.00856541654275835,0.05549546675916562,0.09063510251484556,0.09077464226841224,0.0001993741594438706,22,65,0.04896982207533719,0.11582135802794168,False,False,True,5.705560500539005e-07,COMPLETE
1529,0.4866329431533814,2025-03-31 22:53:28.353984,2025-03-31 22:53:35.585193,0 days 00:00:07.231209,0.0729870406052205,0.927035641320274,16,0.054134998891268285,0.10240345633436128,0.007709567249042328,0.022058549629241586,0.0852747161814217,0.08588488845862981,0.00012435374998602698,24,72,0.05406276550731325,0.08205111383215295,False,False,True,1.8029743997858245e-08,COMPLETE
1530,0.5001276731491089,2025-03-31 22:53:36.073454,2025-03-31 22:53:43.258638,0 days 00:00:07.185184,0.046658858757951505,0.8439845483289139,16,0.07597222475457854,0.11971939887618208,0.038040216987975065,0.05031372330491131,0.08234580672015793,0.08390400658907626,0.0003355979487749643,23,57,0.0522629592924879,0.11171955256567316,False,False,True,0.00011641499503478321,COMPLETE
1531,0.5577953815460206,2025-03-31 22:53:43.768291,2025-03-31 22:53:51.015310,0 days 00:00:07.247019,0.027951630438961365,0.7751972369389035,16,0.06113347845236227,0.12684354192496317,0.003727576407097202,0.052459791288587174,0.09310568550501673,0.08904653476125958,0.00022995884503418572,24,69,0.04844477301306097,0.0874908261220283,False,False,True,1.2257694567647466e-08,COMPLETE
1532,0.5347793340682984,2025-03-31 22:53:51.507350,2025-03-31 22:53:58.803976,0 days 00:00:07.296626,0.0323544040102557,0.8148256966853774,16,0.05424675110851717,0.11243042187920833,0.005620312480994833,0.01663456781792428,0.0882689262707959,0.08490809961514886,0.00016581313087082465,24,74,0.050193549077187725,0.10218604176499901,False,False,True,0.000165134272591707,COMPLETE
1533,0.3301494359970093,2025-03-31 22:53:59.292320,2025-03-31 22:54:06.681829,0 days 00:00:07.389509,0.17739226681128167,0.9575158109792108,16,0.06670761812205184,0.10716639981384023,0.0011109211078451536,0.0422370687466355,0.04201129764878693,0.09215162939954082,0.0004037861355899176,25,67,0.04749770553749041,0.07109374857045232,False,True,True,1.501303449848721e-08,COMPLETE
1534,0.5446624040603638,2025-03-31 22:54:07.196950,2025-03-31 22:54:14.374939,0 days 00:00:07.177989,0.06692896368742425,0.8628109640386131,16,0.05924351644724625,0.11714008266015398,0.003322568577983376,0.049023426677972194,0.08040989843902538,0.08812443509200951,0.0005683342304264805,23,71,0.05532201313275713,0.09380077670880806,False,False,True,1.4427669308553096e-06,COMPLETE
1535,0.3971089363098145,2025-03-31 22:54:14.868844,2025-03-31 22:54:22.597423,0 days 00:00:07.728579,0.027077106462904052,0.7870811568651006,16,0.07341887867533496,0.1296262776138366,0.00774342616285273,0.02423094693480125,0.0904483289375844,0.07679377492055889,0.0002844235163700425,24,65,0.04758983988410546,0.07753109996866628,False,False,False,7.955500167423175e-05,COMPLETE
1536,0.48560036420822145,2025-03-31 22:54:23.090530,2025-03-31 22:54:30.641051,0 days 00:00:07.550521,0.05447328616987155,0.8804055192453062,16,0.053735622804333055,0.09818402645500746,0.005840532151139034,0.05128347329503114,0.08711898281091134,0.09184217347655185,0.00023087728925801608,25,75,0.05195214095321156,0.06456875120531713,True,False,True,4.035090411310257e-08,COMPLETE
1537,0.48369870185852054,2025-03-31 22:54:31.150432,2025-03-31 22:54:38.433047,0 days 00:00:07.282615,0.027174980109094693,0.8289384562101065,16,0.06262558931389742,0.1211615354166005,0.007936253565855405,0.044733786277964815,0.09298819859652416,0.08709067304736184,0.0001847483335952672,23,60,0.04894929548429885,0.08440798225319934,False,False,True,2.0604901137390593e-08,COMPLETE
1538,0.5204261779785156,2025-03-31 22:54:38.928165,2025-03-31 22:54:46.062534,0 days 00:00:07.134369,0.48694731987301487,0.7683423003749331,16,0.08263686181995597,0.10461375770072089,0.002723760990628862,0.053047586430472464,0.08456446370064581,0.08353314240835914,0.0002608287557967413,23,63,0.050347690323931424,0.06931808338523125,False,False,True,1.2790527621485926e-08,COMPLETE
1539,0.40703341960906986,2025-03-31 22:54:46.556522,2025-03-31 22:54:53.574840,0 days 00:00:07.018318,0.07936217705943613,0.8508275375268677,16,0.05501781972126782,0.11164830682195959,0.0010264104102625036,0.019863293329100716,0.08906371464202294,0.07784131040228656,0.00014913832454567104,22,70,0.014684326522862536,0.13603255816190016,False,False,True,2.5198485954692606e-08,COMPLETE
1540,0.5571833610534669,2025-03-31 22:54:54.063188,2025-03-31 22:55:01.262800,0 days 00:00:07.199612,0.05443669298067174,0.9018221852462542,16,0.06792166045895945,0.12932870371560032,0.0056775968188493104,0.05580626575992027,0.07819389016726767,0.09014422602629071,0.0003306392136347553,24,71,0.04579438334135959,0.07606027719219516,False,False,True,1.6423894558223043e-08,COMPLETE
1541,0.41524999737739565,2025-03-31 22:55:01.775415,2025-03-31 22:55:20.481864,0 days 00:00:18.706449,0.01005858940224524,0.8183203623408074,2,0.24786974837000753,0.06770339482896372,0.009077036326868682,0.047080829731011194,0.09069212511890398,0.09514148635224505,0.0002046164415752776,25,75,0.05320012523374266,0.1002134224300124,False,False,True,1.210427028311383e-08,COMPLETE
1542,0.5501978278160096,2025-03-31 22:55:20.974192,2025-03-31 22:55:28.401600,0 days 00:00:07.427408,0.041353674293081594,0.7948364699796459,16,0.05120059116930541,0.11642750103431293,0.006865559912690781,0.054277492626614236,0.0859127894953643,0.08548506165532439,0.0001742982243111787,25,68,0.05746178822784126,0.0633184219481008,False,False,True,4.997493660686034e-08,COMPLETE
1543,0.3431898295879364,2025-03-31 22:55:28.897958,2025-03-31 22:55:36.063727,0 days 00:00:07.165769,0.6342747717519006,0.9265547168448816,16,0.07255339877677175,0.09201508111056095,0.004608011804523453,0.05043937279808199,0.08746554019511296,0.08829298390430565,0.00023952847144208952,23,74,0.0466924668668908,0.08884833604912845,False,False,True,3.684456435198401e-08,COMPLETE
1544,0.49666005373001104,2025-03-31 22:55:36.576856,2025-03-31 22:55:43.849384,0 days 00:00:07.272528,0.08708001936207825,0.8418622630958579,16,0.06041262430831552,0.2140402744454275,0.009398975171762483,0.018354628033839915,0.09299701138433077,0.07727539358853351,0.000302684927593954,24,102,0.050103796379420806,0.08142292548815638,False,False,True,1.550999904521491e-08,COMPLETE
1545,0.27010285258293154,2025-03-31 22:55:44.342391,2025-03-31 22:55:51.568473,0 days 00:00:07.226082,0.15598941565138189,0.8779053836011472,16,0.25727015363760064,0.121897668291147,0.007412196330552054,0.057748037447271194,0.08997258151591178,0.08276155161814193,0.00021028330280427064,24,66,0.047950491520045775,0.06994319985800382,False,False,True,1.672928114293632e-05,COMPLETE
1546,0.48866392374038703,2025-03-31 22:55:52.061298,2025-03-31 22:55:59.240619,0 days 00:00:07.179321,0.030291736239570613,0.8083198996132384,16,0.065643816439076,0.10931102407282678,0.004044412594634238,0.04847998844119332,0.08311084541530495,0.0858974833836555,0.0001284527272574219,23,62,0.052357997876649444,0.09497332612935991,False,False,True,0.00014430146798901023,COMPLETE
1547,0.520540714263916,2025-03-31 22:55:59.754852,2025-03-31 22:56:07.019159,0 days 00:00:07.264307,0.3759193034318298,0.7680996083517391,16,0.08908474933325286,0.1011344901403926,0.006017122991937839,0.04103547594265497,0.0920066742075394,0.09081280812538275,0.00037711798412480894,25,71,0.05651867524684144,0.23079476278695385,False,False,True,2.0700660906247997e-08,COMPLETE
1548,0.4987716317176819,2025-03-31 22:56:07.513761,2025-03-31 22:56:14.738683,0 days 00:00:07.224922,0.010789308175871612,0.7870183408093726,16,0.05359355110532473,0.11554175473383278,0.009552474170596629,0.052465644123364935,0.07493965666870397,0.07971207588263889,0.00026325148511467775,24,55,0.0462862497619969,0.10485136228365008,False,False,True,1.2044916289762777e-08,COMPLETE
1549,0.4102439284324646,2025-03-31 22:56:15.229054,2025-03-31 22:56:22.220350,0 days 00:00:06.991296,0.055247567281176316,0.9902403765283779,16,0.05885952978192226,0.13217810362321208,0.003954339480428619,0.02224812054419659,0.06089312694854274,0.09303896905903546,0.00015672047861177394,22,75,0.04480582702388604,0.06441451180135643,False,False,True,0.00012013617975660389,COMPLETE
1550,0.5650142550468445,2025-03-31 22:56:22.737803,2025-03-31 22:56:30.098810,0 days 00:00:07.361007,0.10558640027072527,0.8574997120354136,16,0.008131792165790888,0.12175743927946317,0.008175539440004553,0.01510335706482789,0.07117538555181772,0.08395194731460037,0.00020188311474412954,25,67,0.047849324862181394,0.07611544214434907,False,False,True,2.6680029816503415e-08,COMPLETE
1551,0.5421398997306824,2025-03-31 22:56:30.604827,2025-03-31 22:56:39.264027,0 days 00:00:08.659200,0.010249308985194081,0.8310886474026685,8,0.07419352685002178,0.12607179402747648,0.0031358314511413343,0.03518291074741236,0.08820756340614086,0.08784579564672089,0.0002982477321953265,24,72,0.04914756609017726,0.08563643490719003,False,False,True,1.7978546922697976e-08,COMPLETE
1552,0.32341247797012335,2025-03-31 22:56:39.762480,2025-03-31 22:56:47.010942,0 days 00:00:07.248462,0.0703602923838319,0.8126371876019544,16,0.05213582228264874,0.10878566398102173,0.006579924931399669,0.03891936205370393,0.08599687673407774,0.07743683506709138,0.0002443115555332566,24,64,0.05461634157808489,0.07134511571221784,False,True,True,1.4444722168489318e-08,COMPLETE
1553,0.4790922045707703,2025-03-31 22:56:47.527732,2025-03-31 22:56:54.853065,0 days 00:00:07.325333,0.043805224219714424,0.8847350878280634,16,0.06798642004270637,0.11543856177266952,0.010283900314056696,0.04590918814600854,0.09055006326303276,0.08903670963276965,0.00010179587448730532,25,70,0.05129472430340485,0.09128987393002225,False,False,True,1.0062589862915384e-08,COMPLETE
1554,0.4021059155464172,2025-03-31 22:56:55.350454,2025-03-31 22:57:02.581178,0 days 00:00:07.230724,0.028419344225335777,0.2591640656044318,16,0.05957593304531369,0.10354681116672287,0.0010391018625813492,0.050681744650123706,0.0843644033084232,0.07912495452244579,0.00018904624150754625,23,74,0.045408247688418696,0.09839697635969288,False,False,True,1.0014614955949799e-08,COMPLETE
1555,0.5311246395111084,2025-03-31 22:57:03.077657,2025-03-31 22:57:10.606547,0 days 00:00:07.528890,0.07266257921446234,0.783916055674803,16,0.052841722707916074,0.1253955358275211,0.0053464515747992155,0.05451340375638949,0.09389824131787818,0.08630561548607182,0.0003342818474948333,25,60,0.04379655996953507,0.0629167848278214,True,False,True,3.5952356465412554e-08,COMPLETE
1556,0.3963740706443787,2025-03-31 22:57:11.124673,2025-03-31 22:57:18.850735,0 days 00:00:07.726062,0.13350923945726542,0.7663176671862223,16,0.04892175327535993,0.11162361910976033,0.00827576824031928,0.0640750252641184,0.03153467677249389,0.08200727482698861,0.00014637241277603834,23,99,0.04988214557563365,0.0796748657639631,False,False,False,2.2472328837563635e-08,COMPLETE
1557,0.5648033857345581,2025-03-31 22:57:19.346873,2025-03-31 22:57:26.649335,0 days 00:00:07.302462,0.04174737033856606,0.8370483112208877,16,0.05863685985725465,0.11766082159937453,0.0029635613436793506,0.04922046858784947,0.08821949329771532,0.08492150459808465,0.00022702602416071826,24,68,0.046899118971260714,0.07146315412353084,False,False,True,1.5578553770331394e-08,COMPLETE
1558,0.5304363250732422,2025-03-31 22:57:27.150893,2025-03-31 22:57:34.462576,0 days 00:00:07.311683,0.09415870571582316,0.9098535089538545,16,0.013537147526886537,0.13198607995470124,0.010289816720001826,0.01141155305924371,0.09031938529151366,0.09005737687296406,0.00017897420218567414,25,65,0.05984190721865738,0.11073432266088076,False,False,True,1.1846662955339056e-05,COMPLETE
1559,0.28753931522369386,2025-03-31 22:57:34.982934,2025-03-31 22:57:41.164846,0 days 00:00:06.181912,0.026136152807571304,0.8605803283305788,16,0.14056334356324457,0.09720278347065689,0.006329146968357054,0.043136905032550736,0.08667018718950863,0.08001770102894201,0.00026590752888810184,11,75,0.043594328268307156,0.08222214938163491,False,False,True,4.8076844698542286e-08,COMPLETE
1560,0.5479907870292664,2025-03-31 22:57:41.668077,2025-03-31 22:57:48.981535,0 days 00:00:07.313458,0.01021168990274936,0.8020318054377027,16,0.0653035852048846,0.10784280063072554,0.008295964755015072,0.05185104872453571,0.09398824238706316,0.09420906652486462,0.0004180161451306053,24,71,0.04605157351597659,0.060659177012267286,False,False,True,7.53631676883448e-05,COMPLETE
1561,0.5626949429512025,2025-03-31 22:57:49.478663,2025-03-31 22:57:56.821514,0 days 00:00:07.342851,0.056382805512180056,0.892602372702264,16,0.08098760175310206,0.1217506558960927,0.004738670559399035,0.01743358174390168,0.09193639778947586,0.08275068109777012,0.00022023655417108322,25,68,0.053484689770150654,0.0874583129351769,False,False,True,2.871141704856459e-08,COMPLETE
1562,0.5591667771339417,2025-03-31 22:57:57.348980,2025-03-31 22:58:04.446404,0 days 00:00:07.097424,0.03081226466728343,0.8220413064119088,16,0.049014133625330344,0.10413428368288295,0.01024169492746885,0.048574535314623864,0.08912512724409692,0.07671525026315965,0.00031105272286905186,23,73,0.04809334207371125,0.06743479856728699,False,False,True,1.2324813616657617e-08,COMPLETE
1563,0.5007305979728699,2025-03-31 22:58:04.951080,2025-03-31 22:58:22.183332,0 days 00:00:17.232252,0.0674059822498199,0.7876772903926155,2,0.061679247938167994,0.1287236774051585,0.05284629151867925,0.02487348779043349,0.08094777472028218,0.08746303027614212,0.00016689172988886144,22,58,0.044382891631071286,0.07616426248441027,False,False,True,0.00010715658117752188,COMPLETE
1564,0.558320689201355,2025-03-31 22:58:22.687030,2025-03-31 22:58:29.939460,0 days 00:00:07.252430,0.12325416124332765,0.9314088710896656,16,0.06903570636124902,0.1134131339827084,0.0025569454933162712,0.020254289060916874,0.08350465688839467,0.09065300484226782,0.00025084347333131755,24,63,0.0514316252363206,0.09319040024841765,False,False,True,1.7880139752459657e-08,COMPLETE
1565,0.48369879722595216,2025-03-31 22:58:30.462287,2025-03-31 22:58:37.767158,0 days 00:00:07.304871,0.043642932450859116,0.7645778152701103,16,0.04817995745067486,0.12209526389153928,0.007406901019147472,0.05444036622542849,0.08658463303157596,0.08457206855502952,0.00013022828541861263,24,75,0.03709024823360179,0.06380546673425581,False,False,True,1.2995020939835251e-08,COMPLETE
1566,0.5626961350440979,2025-03-31 22:58:38.269410,2025-03-31 22:58:46.794347,0 days 00:00:08.524937,0.01005141735569822,0.8648614126462122,8,0.07467064755311725,0.08923750561216842,0.010888310486051881,0.04522167254067057,0.09176416442397128,0.08047025099786226,0.00019365806246360575,23,69,0.04744465418057332,0.10677376160928259,False,False,True,2.1648404875397453e-08,COMPLETE
1567,0.48488770723342894,2025-03-31 22:58:47.295204,2025-03-31 22:58:54.676329,0 days 00:00:07.381125,0.09484956027883695,0.5557027369939326,16,0.05931699223010978,0.11663203700803883,0.004955869840262996,0.05610585255166775,0.08904292536469603,0.07773364447509375,0.000383081849609699,25,66,0.039222194933511825,0.058570299841798436,False,False,True,8.411756187642966e-06,COMPLETE
1568,0.564399552345276,2025-03-31 22:58:55.200529,2025-03-31 22:59:02.377573,0 days 00:00:07.177044,0.05423127285260895,0.8409015163206821,16,0.05290840928113506,0.13308845273787473,0.0464889481723824,0.050815633929453076,0.0941385442030642,0.08892658457794156,0.00028758960864187826,24,73,0.04359173100844165,0.09820572024314721,False,False,True,3.324111041341598e-08,COMPLETE
1569,0.5473721742630004,2025-03-31 22:59:02.882876,2025-03-31 22:59:09.937691,0 days 00:00:07.054815,0.28177878509925547,0.8024928872770936,16,0.05575085825740465,0.10979958114036699,0.008918797220540507,0.038684166477448156,0.08764568500917205,0.08673465486429359,0.00022511067861730356,22,61,0.04962663038387278,0.08164504410547137,False,False,True,7.393095989087777e-08,COMPLETE
