number,value,datetime_start,datetime_complete,duration,params_alpha-eval,params_alpha-train,params_batch-size,params_eps-eval,params_eps-train,params_lambda-actions-eval,params_lambda-actions-train,params_lambda-frames-eval,params_lambda-frames-train,params_learning-rate,params_n-epochs,params_n-frames,params_radius-gw,params_rho,params_std-feats,params_ub-actions,params_ub-frames,params_weight-decay,state
455,0.28286103010177616,2025-04-21 14:04:37.024841,2025-04-21 14:04:43.926841,0 days 00:00:06.902000,0.9421113379398127,0.5157200020260307,8,0.043101100321898816,0.08480727468494051,0.017929518663298533,0.04743068283486116,0.02492182135277428,0.08499392661056665,0.04581963755894153,9,145,0.033166982953609335,0.008676216517050372,True,True,True,0.000160124940610631,COMPLETE
456,0.5164232134819031,2025-04-21 14:04:44.067849,2025-04-21 14:04:54.984765,0 days 00:00:10.916916,0.4545248985045092,0.6097777576735521,2,0.03797836172516773,0.09088269911100362,0.009065933871015692,0.007931120574898868,0.015702190451859624,0.08990666285160354,0.0610684499362473,9,135,0.027237039696286894,0.08685336610709708,True,False,True,3.5565193622422677e-05,COMPLETE
457,0.3803643941879273,2025-04-21 14:04:55.138152,2025-04-21 14:05:07.867913,0 days 00:00:12.729761,0.3327530966908416,0.5801208933168444,2,0.05497825733194382,0.08332609589814997,0.012434273659090386,0.04321591086320482,0.0279889499580898,0.09350063314903663,0.02572095907521413,10,142,0.031531368159399484,0.034907102226622286,True,False,False,3.434267295766337e-06,COMPLETE
458,0.31605581045150755,2025-04-21 14:05:08.011140,2025-04-21 14:05:18.952479,0 days 00:00:10.941339,0.5744441958506439,0.551703024573663,2,0.02756560937068498,0.0975073112250382,0.006780859757540982,0.06460615867113718,0.012786334989719579,0.09569570194304344,1.6430065769624458e-05,9,147,0.029376503600416024,0.013629615815209679,True,False,True,2.362282182278518e-05,COMPLETE
459,0.5006980538368225,2025-04-21 14:05:19.094793,2025-04-21 14:05:30.460563,0 days 00:00:11.365770,0.5410082330836156,0.6321397002350468,2,0.03274893006781753,0.07015303618959257,0.02537288941625712,0.05028826919414135,0.022058513997536385,0.043041526770503644,0.05200177819492577,10,150,0.017630197470686233,0.06712945008500085,True,False,True,8.229372664699942e-06,COMPLETE
460,0.5347792387008667,2025-04-21 14:05:30.613109,2025-04-21 14:05:40.945346,0 days 00:00:10.332237,0.6396737266337467,0.5051013923786778,2,0.045188598339793745,0.09159495410944511,0.014354308702126131,0.024449359726988428,0.0046207702542308375,0.03959841153299898,0.0826739004769206,8,137,0.02521184201828779,0.09738887430257073,True,False,True,4.8748237574249425e-05,COMPLETE
461,0.5371949195861816,2025-04-21 14:05:41.087477,2025-04-21 14:05:53.134658,0 days 00:00:12.047181,0.5156327851168455,0.5922524470451176,2,0.021132844162618455,0.0801041212052726,0.009813929860662231,0.005704902838887041,0.024027242231377494,0.08687351609076081,0.04003902806019792,11,147,0.035154159230334485,0.029438014438932028,True,False,True,2.922006011090485e-05,COMPLETE
462,0.5344834804534913,2025-04-21 14:05:53.278954,2025-04-21 14:06:04.164403,0 days 00:00:10.885449,0.42592359588265977,0.61668520406526,2,0.03935188265029495,0.10400023431852592,0.015909289855186953,0.05367575659693601,0.018566033168769622,0.09837710220548164,0.03058232967899672,9,142,0.021713708797124302,0.05155748957057819,True,False,True,6.15991965031496e-05,COMPLETE
463,0.39571572542190553,2025-04-21 14:06:04.319233,2025-04-21 14:06:14.741032,0 days 00:00:10.421799,0.39782522969869555,0.5378981297711771,2,0.050018935388935454,0.08785154816472039,0.011216292669281274,0.05714682955935656,0.02635530235520494,0.09210093216397452,0.06517809371822593,8,145,0.02853454342345897,0.15355851399687218,True,False,True,0.00012726183656731896,COMPLETE
464,0.41298807859420783,2025-04-21 14:06:14.885531,2025-04-21 14:06:26.259875,0 days 00:00:11.374344,0.37709315365866625,0.6705308057458349,2,0.0837484278721963,0.07700025245944174,0.019871346291956155,0.048857020599717846,0.020143046494272312,0.003154720687705781,0.021251703191946095,10,139,0.0319690951641505,0.11280041547902522,True,False,True,1.1759110786594624e-05,COMPLETE
465,0.34396669864654544,2025-04-21 14:06:26.416497,2025-04-21 14:06:37.251284,0 days 00:00:10.834787,0.4947201030640068,0.4847814233005602,2,0.06385039054045222,0.09700886429571105,0.013267475945630684,0.046358573482504516,0.016400307243770763,0.08834758795266337,0.053361163251463783,9,148,0.030546797869763723,0.07431452886194617,False,False,True,1.8277691858040596e-05,COMPLETE
466,0.3931297302246094,2025-04-21 14:06:37.396824,2025-04-21 14:06:49.858151,0 days 00:00:12.461327,0.4713509470419352,0.5634092015036204,2,0.02398193613598569,0.0911124631607367,0.01754848238714574,0.06185758767988986,0.022714522490345116,0.0230043160580816,0.04424202033820152,12,144,0.03763636853901534,0.11933954023545552,True,False,True,2.4752074120080695e-05,COMPLETE
467,0.5289617657661438,2025-04-21 14:06:50.002094,2025-04-21 14:07:01.922724,0 days 00:00:11.920630,0.44109711792050565,0.5961502335530563,2,0.033310829629699036,0.08426948853905822,0.014673534941894004,0.009652165190851028,0.01759681590003579,0.07926498052318313,0.03439900794081465,11,150,0.026372089162136732,0.13955006371752787,True,False,True,0.0007154958603789758,COMPLETE
468,0.390721869468689,2025-04-21 14:07:02.078444,2025-04-21 14:07:13.041023,0 days 00:00:10.962579,0.2728283250370383,0.5668489560505048,2,0.0423196397124375,0.058771822612036395,0.011014226974958411,0.05200680520007047,0.029795600919643988,0.08312800181477226,0.07239606102549209,9,141,0.03313701409783379,0.1264520764883557,True,False,True,9.074093084792496e-05,COMPLETE
469,0.531721830368042,2025-04-21 14:07:13.185964,2025-04-21 14:07:24.649656,0 days 00:00:11.463692,0.5313953951694457,0.6452574262701158,2,0.05791228898488037,0.07447471798442738,0.06801929659883163,0.043177457566245095,0.02454660556193689,0.09482191014662643,0.05873123092368998,10,146,0.028480161203399405,0.08307481624847751,True,False,True,3.8996485416270694e-05,COMPLETE
470,0.5483646869659424,2025-04-21 14:07:24.797552,2025-04-21 14:07:35.159976,0 days 00:00:10.362424,0.5899059055245901,0.6177220878659175,2,0.026371408897305798,0.113558311970444,0.00784089238365708,0.012224793676575727,0.020439663000056604,0.09035102232763702,0.046450868588715014,8,143,0.02395180737812016,0.1067993531396469,True,False,True,2.139652510381706e-05,COMPLETE
471,0.44637655019760136,2025-04-21 14:07:35.318030,2025-04-21 14:07:46.767188,0 days 00:00:11.449158,0.48753428075830857,0.582678662402923,2,0.01821244662613485,0.1004627820063801,0.01330469781547966,0.015383926865840565,0.027741854406646744,0.09280652444194526,0.038316134976646356,10,150,0.09016750496807181,0.13383905332481652,True,False,True,3.0971050368872246e-05,COMPLETE
472,0.5280786395072937,2025-04-21 14:07:46.913320,2025-04-21 14:07:57.793734,0 days 00:00:10.880414,0.4165631743091157,0.5383960025713224,2,0.03595005685402059,0.08103634215860649,0.016291154031322003,0.04495642353579421,0.051990969970869154,0.012821230202484383,0.028506670432551468,9,147,0.03030124700931219,0.14680838357167653,True,False,True,1.3955156679424896e-05,COMPLETE
473,0.5655049204826355,2025-04-21 14:07:57.940983,2025-04-21 14:08:08.340050,0 days 00:00:10.399067,0.30438930859507146,0.5512406783746626,2,0.05063876943069773,0.09232916926391446,0.010113605663509665,0.039960163075297345,0.06788186998951372,0.08574083816010249,0.08482094794550754,8,138,0.034552580858550945,0.12149177936974204,True,False,True,4.8200382078890945e-05,COMPLETE
474,0.28286103010177616,2025-04-21 14:08:08.497179,2025-04-21 14:08:19.481874,0 days 00:00:10.984695,0.18091480797332204,0.600800017201996,2,0.0044448451442891165,0.10829545566011524,0.030256351843410002,0.07276551691391284,0.05675023670792003,0.007410489934203385,0.06947012236600421,9,145,0.026717866031091393,0.15913534633931292,True,True,True,1.5975912804654747e-05,COMPLETE
475,0.3694228529930115,2025-04-21 14:08:19.629115,2025-04-21 14:08:26.178780,0 days 00:00:06.549665,0.450094440556355,0.517588582704603,16,0.027782819418454056,0.08710935004754972,0.018685935464237427,0.0010433721845412485,0.014920886049778145,0.09712558594598579,0.054194444435595956,11,141,0.032250810208116196,0.10087618219334135,True,False,True,0.00014035826718461443,COMPLETE
476,0.3895203471183777,2025-04-21 14:08:26.339124,2025-04-21 14:08:42.303455,0 days 00:00:15.964331,0.5047862299828544,0.5739941630548411,2,0.04686839074388251,0.06543270025034839,0.012290672574493929,0.04934749514303457,0.03404684685677267,0.09094831150284648,0.04142718268752111,15,148,0.02879023232318583,0.06998850305663523,True,False,False,1.0673715511063136e-05,COMPLETE
477,0.40348210334777834,2025-04-21 14:08:42.451768,2025-04-21 14:08:53.813999,0 days 00:00:11.362231,0.5537492769820742,0.6314606258727543,2,0.013046921900156754,0.09501817467969412,0.015069210465725754,0.05474151141039016,0.02592522779031734,0.09389533402627832,0.033886570798238966,10,144,0.03054321088250772,0.05359603348172965,True,False,True,6.474652483857345e-05,COMPLETE
478,0.5599647641181946,2025-04-21 14:08:53.962307,2025-04-21 14:09:00.555468,0 days 00:00:06.593161,0.4692810327033617,0.6085883331766988,8,0.07256665664184926,0.07990489965615756,0.005447144828700149,0.04695468378551296,0.022694005741946525,0.08763096570468049,0.063046523096066,7,150,0.0331395999016228,0.11342404167069925,True,False,True,2.42162234708735e-05,COMPLETE
479,0.5622636675834656,2025-04-21 14:09:00.713845,2025-04-21 14:09:12.128775,0 days 00:00:11.414930,0.4345986535602175,0.5553890849528225,2,0.06006860712723103,0.10118649303732734,0.05470284929390243,0.004838729075471861,0.018833960767388414,0.0012073303709493242,0.04832850735912338,10,147,0.027734855717859143,0.07740036693419507,True,False,True,3.358766426470201e-05,COMPLETE
480,0.5350668430328369,2025-04-21 14:09:12.277865,2025-04-21 14:09:22.665112,0 days 00:00:10.387247,0.5172729721059874,0.5831239402644955,2,0.04135980909569986,0.08763811874999582,0.0379261212142632,0.04191576205976884,0.010684795644049085,0.09585559267762032,0.07730502661590387,8,142,0.02486822613116467,0.16493959308938985,True,False,True,0.00010303994087344395,COMPLETE
481,0.37305833101272584,2025-04-21 14:09:22.814111,2025-04-21 14:09:39.598407,0 days 00:00:16.784296,0.3550411628221199,0.5270487591369658,2,0.033504561058793354,0.0721338915530661,0.05722444840800941,0.05079792297189097,0.02121361534827812,0.08939067015969249,0.02508734074510684,20,145,0.03607865004706397,0.13892313997421965,True,False,True,1.9007123901032686e-05,COMPLETE
482,0.4059540033340454,2025-04-21 14:09:39.759724,2025-04-21 14:09:50.709006,0 days 00:00:10.949282,0.46538254757874686,0.5902128481724879,2,0.021109076609823522,0.21382291600296618,0.04197529774212501,0.047713605709424844,0.03142263811562407,0.08150368813345034,0.0002172112387800559,9,140,0.03055056533017989,0.061119564884251486,True,False,True,4.0545492775392315e-05,COMPLETE
483,0.5687645554542542,2025-04-21 14:09:50.861001,2025-04-21 14:10:01.825824,0 days 00:00:10.964823,0.4823241685156905,0.6554252889273778,2,0.00044556091308337216,0.09522267979332619,0.021160629217230567,0.045173708914396996,0.01705300394530247,0.09321560970169136,0.05634113206234221,9,147,0.028805968838155192,0.12620546555957202,True,False,True,1.3969120420732804e-05,COMPLETE
484,0.42193949222564703,2025-04-21 14:10:01.988087,2025-04-21 14:10:13.276966,0 days 00:00:11.288879,0.4073629326492781,0.5002048983789249,2,0.05538421593966107,0.08575271233541858,0.017210479696209664,0.009395605948462544,0.012773740884855384,0.09812012528888474,0.04202907079650266,10,137,0.0316489827197898,0.0887741842122795,False,False,True,0.00021104593171679753,COMPLETE
485,0.4356238722801209,2025-04-21 14:10:13.425987,2025-04-21 14:10:24.285199,0 days 00:00:10.859212,0.49772401501123364,0.6229921674924652,2,0.03070479752373003,0.07786040325558638,0.008414386449422398,0.017790586436958543,0.024128997088372024,0.08444261666207875,0.031082877061885443,9,150,0.0698756923959985,0.1523278962894783,True,False,True,6.475156724882386e-06,COMPLETE
486,0.4977370977401734,2025-04-21 14:10:24.435694,2025-04-21 14:10:34.772150,0 days 00:00:10.336456,0.3861791126891211,0.5688137660194383,2,0.008886082380151936,0.10477246080681403,0.011909638387204522,0.05820190561647244,0.028610224841881374,0.05085614981159619,0.04918882091564118,8,143,0.026082084782861732,0.11622948920599377,True,False,True,2.6077237648309612e-05,COMPLETE
487,0.5526745915412903,2025-04-21 14:10:34.935082,2025-04-21 14:10:46.431865,0 days 00:00:11.496783,0.4569112073439556,0.6011963375551512,2,0.03949457164875248,0.09131534776475654,0.050133412879490316,0.00674739039922609,0.01956702222424255,0.056783933922015015,0.08723822318174969,10,147,0.03331233751528236,0.04317799701555053,True,False,True,1.7899653764073706e-05,COMPLETE
488,0.41061598062515264,2025-04-21 14:10:46.582922,2025-04-21 14:10:58.317792,0 days 00:00:11.734870,0.5293052741309658,0.5411035689242735,2,0.016935338648150583,0.0837911574257277,0.014343505514369477,0.052855827201464894,0.025448179238326433,0.09157244225086959,0.018729950120882008,11,45,0.0452213874907129,0.06593151766603862,True,False,True,3.280891661553595e-05,COMPLETE
489,0.5755143404006958,2025-04-21 14:10:58.469178,2025-04-21 14:11:09.427925,0 days 00:00:10.958747,0.4245683198698904,0.5642282285805065,2,0.04623392245434738,0.09774882510300797,0.009482745647319865,0.049040541785644785,0.021811466262876174,0.08711158193700617,0.06560320302189358,9,145,0.02971547970628846,0.1236526471441846,True,False,True,8.56011052780885e-05,COMPLETE
490,0.5331375122070313,2025-04-21 14:11:09.591641,2025-04-21 14:11:20.960195,0 days 00:00:11.368554,0.3321908582876484,0.6390983152684204,2,0.0658154217550503,0.07479205586864633,0.013194657886931142,0.04338216184356639,0.07533124920992573,0.03667272917355395,0.036890865332829426,10,140,0.028054566457446504,0.019522054853158895,True,False,True,8.434199655745847e-06,COMPLETE
491,0.430520510673523,2025-04-21 14:11:21.111838,2025-04-21 14:11:32.092119,0 days 00:00:10.980281,0.47859209275690706,0.5828445784413845,2,0.023535701845980795,0.08979615595061434,0.016700305872612932,0.04564431543876205,0.015838719736810582,0.09530766246801384,0.05710015658880922,9,134,0.042332538452387394,0.14324638844742665,True,False,True,5.321281981149503e-05,COMPLETE
492,0.47576330900192265,2025-04-21 14:11:32.256718,2025-04-21 14:11:54.052405,0 days 00:00:21.795687,0.24211318063179804,0.6052017416332448,2,0.03785286297133906,0.08180021435951072,0.022996708542432198,0.055095914148111734,0.0267536956619389,0.07623677355181503,0.04584631841434212,30,112,0.034785211490105675,0.08033303439006571,True,False,True,2.1790418516514636e-05,COMPLETE
493,0.28286103010177616,2025-04-21 14:11:54.205672,2025-04-21 14:12:04.663202,0 days 00:00:10.457530,0.7082216019228889,0.6827997419222777,2,0.05302806893867198,0.06812862004134826,0.010981939015471499,0.01139569890499917,0.01776538051577728,0.08958643212720598,0.06778818317150227,8,150,0.022785846139940058,0.1732078765394619,True,True,True,1.4313550121015283e-05,COMPLETE
494,0.3358109056949616,2025-04-21 14:12:04.815325,2025-04-21 14:12:14.679615,0 days 00:00:09.864290,0.44430853542805326,0.5460812961852417,2,0.24516764037840505,0.0999945495924528,0.006851294942544262,0.03860090059016013,0.024004372724022394,0.0169907088855139,0.02842937816138216,7,144,0.031914810181476454,0.1351559039443055,True,False,True,0.0001632237026703695,COMPLETE
495,0.3669891357421875,2025-04-21 14:12:14.843788,2025-04-21 14:12:28.076083,0 days 00:00:13.232295,0.6144172236272256,0.5136728977621661,2,0.011421736368362294,0.10882243662677306,0.015116142269864404,0.003097147370996231,0.013841088938398137,0.09269240105365623,0.0372682890692527,11,147,0.02655014220275559,0.10782073359706575,True,False,False,1.0822595350577203e-05,COMPLETE
496,0.3879026651382447,2025-04-21 14:12:28.230542,2025-04-21 14:12:46.089524,0 days 00:00:17.858982,0.565275422649214,0.5734712322943568,2,0.11232618808667753,0.09255604953000858,0.012188967586252432,0.008077386759036777,0.02054460450787067,0.08020305589011596,0.052370476661707716,22,142,0.030106778311292073,0.1319172462030316,True,False,True,4.1630342232186566e-05,COMPLETE
497,0.49940558671951296,2025-04-21 14:12:46.245107,2025-04-21 14:12:52.644124,0 days 00:00:06.399017,0.5103690832725387,0.6197061956419786,16,0.03072419881540304,0.08813880197331386,0.018914295270161918,0.05122796477701066,0.022093552305408333,0.09686638479764546,0.07916048105173214,10,148,0.028395918084524168,0.05795089415949308,True,False,True,2.6707631840631692e-05,COMPLETE
498,0.4753172397613526,2025-04-21 14:12:52.808098,2025-04-21 14:13:03.692652,0 days 00:00:10.884554,0.5411171153301914,0.5341364612552697,2,0.045268310397491386,0.07996473990526193,0.04708272911663655,0.04712629690969736,0.028830111671530295,0.08836146399351216,0.09940974258913012,9,145,0.033706898416874624,0.12000761648573542,True,False,True,7.235687887690338e-05,COMPLETE
499,0.4978191614151001,2025-04-21 14:13:03.846636,2025-04-21 14:13:15.297413,0 days 00:00:11.450777,0.31410420499353175,0.5962969989441728,2,0.018296742399662246,0.09694151470478786,0.013446112402210608,0.014401419645739141,0.018719559126902974,0.00422391073174142,0.0430083322351622,10,139,0.03150602327426525,0.09495264980127305,True,False,True,4.169243880018026e-06,COMPLETE
500,0.3935628890991211,2025-04-21 14:13:15.463906,2025-04-21 14:13:22.221598,0 days 00:00:06.757692,0.6622882761513382,0.5539439048990451,8,0.0345847419480772,0.08334558489987379,0.0096731427204119,0.04194963878795898,0.023668308515679925,0.09091524219803357,0.06144160113363023,8,150,0.03695392664998063,0.07077139004905761,True,False,True,1.8881476781607153e-05,COMPLETE
501,0.5097389101982117,2025-04-21 14:13:22.381356,2025-04-21 14:13:33.251682,0 days 00:00:10.870326,0.49128434859155673,0.5783021134958286,2,0.026111640056559228,0.10424659179250134,0.016930864336978452,0.052482899816349224,0.02643471613182337,0.09445129984785246,0.03387152394794748,9,143,0.025560886862900548,0.030023309539582252,True,False,True,2.661898634994592e-06,COMPLETE
502,0.28286103010177616,2025-04-21 14:13:33.406302,2025-04-21 14:13:44.953781,0 days 00:00:11.547479,0.45881181077383215,0.4788663087842646,2,0.19351844043478128,0.07732096240230364,0.014976279119818805,0.04985604593306742,0.015850241291083745,0.08468616783282389,0.022318598336981993,10,147,0.029099567624938857,0.11200153694131534,True,False,True,3.024750856993823e-05,COMPLETE
503,0.4089612245559693,2025-04-21 14:13:45.118840,2025-04-21 14:13:55.896688,0 days 00:00:10.777848,0.42824534606954984,0.6351207501342337,2,0.007791958651020309,0.09285758557515526,0.02013074976176683,0.0364609969709465,0.02090482867435045,0.09867638252676549,0.049693419667466446,9,145,0.031129288263764873,0.12724109915609105,False,False,True,0.00012123698641871219,COMPLETE
504,0.28324580788612364,2025-04-21 14:13:56.051604,2025-04-21 14:14:06.387031,0 days 00:00:10.335427,0.5186783746741308,0.612666063321283,2,0.04089409269184819,0.11616443223665252,0.010871876545481607,0.06048703428618242,0.018707936827655987,0.006210087201988772,0.06956674856554099,8,141,0.00448015277709235,0.1453838337152411,True,False,True,2.231668170513138e-05,COMPLETE
505,0.45524631738662724,2025-04-21 14:14:06.556033,2025-04-21 14:14:18.530297,0 days 00:00:11.974264,0.40667145973141583,0.5586215893712779,2,0.05291636607272912,0.07160242916220035,0.0036842718748614214,0.05635213436726129,0.029273218344259083,0.09140121430998531,0.0012991972984019132,11,137,0.027076310277525405,0.18306283448993627,True,False,True,1.2797640435685434e-05,COMPLETE
506,0.5544609785079957,2025-04-21 14:14:18.692037,2025-04-21 14:14:29.654237,0 days 00:00:10.962200,0.3654759823535558,0.5245305464616665,2,0.01611461206951436,0.08653715082094172,0.007566514987309699,0.07787244911714032,0.06339788970895753,0.0864526934214827,0.0030283680932065016,9,148,0.0334679427342436,0.15538544595359738,True,False,True,1.68217291677996e-05,COMPLETE
507,0.5206132769584656,2025-04-21 14:14:29.811135,2025-04-21 14:14:40.221362,0 days 00:00:10.410227,0.4745208865802099,0.4268574149351985,2,0.00018211981988725673,0.10016592358815248,0.013586753948250095,0.027448045608320773,0.025301123042176084,0.0944666522163898,0.040779016210138345,8,143,0.023216036794073754,0.035256008220855416,True,False,True,5.350399023089436e-05,COMPLETE
508,0.6150900363922119,2025-04-21 14:14:40.390295,2025-04-21 14:14:51.984892,0 days 00:00:11.594597,0.5046704455626813,0.592733095338787,2,0.06094586598661969,0.08816976361742876,0.01796249530732607,0.0632849215583853,0.022782728720296828,0.08256977206986008,0.05707803416584507,10,150,0.029902746529827842,0.10139258961453695,True,False,True,3.8288940603179515e-05,COMPLETE
509,0.6168512463569641,2025-04-21 14:14:52.141369,2025-04-21 14:15:03.575384,0 days 00:00:11.434015,0.5067180064954788,0.5967183787698983,2,0.06812251675535134,0.08276345774958489,0.018685189078680376,0.06793851521176203,0.021742672231356994,0.08176172104769744,0.08152185153213364,10,150,0.027721488580741166,0.10036434753623505,True,False,True,4.130776937977678e-05,COMPLETE
510,0.5183943986892701,2025-04-21 14:15:03.744471,2025-04-21 14:15:15.657917,0 days 00:00:11.913446,0.4907730125594577,0.6570420774103596,2,0.06958094674674922,0.07734114831989583,0.021176812268975734,0.06720675249962121,0.01997698736586842,0.07816893539608646,0.08914289018010886,11,150,0.02551567468281614,0.10156390162157293,True,False,True,4.333451886627457e-05,COMPLETE
511,0.5160918831825256,2025-04-21 14:15:15.816621,2025-04-21 14:15:27.301374,0 days 00:00:11.484753,0.5483955748033753,0.6243678266128229,2,0.0666263796438244,0.06350353988293903,0.01927861024754779,0.06497189812883428,0.021220966066036566,0.08066791845106758,0.07863358158290147,10,150,0.024797292857499004,0.09239085195786181,True,False,True,6.267093784997222e-05,COMPLETE
