number,value,datetime_start,datetime_complete,duration,params_alpha-eval,params_alpha-train,params_batch-size,params_eps-eval,params_eps-train,params_lambda-actions-eval,params_lambda-actions-train,params_lambda-frames-eval,params_lambda-frames-train,params_learning-rate,params_n-epochs,params_n-frames,params_radius-gw,params_rho,params_std-feats,params_ub-actions,params_ub-frames,params_weight-decay,state
1193,0.38841745853424076,2025-04-21 16:21:32.129868,2025-04-21 16:21:43.185339,0 days 00:00:11.055471,0.44306912011791516,0.5469404590423806,2,0.06652725031443538,0.10339621986111715,0.021474339586258065,0.04504106207101665,0.009205396372086878,0.09829574080150702,0.048507203369357446,9,150,0.02775742568567096,0.10112680554872423,True,False,True,0.00012051039080055462,COMPLETE
1194,0.38092618584632876,2025-04-21 16:21:43.572297,2025-04-21 16:21:55.012706,0 days 00:00:11.440409,0.5130669043325569,0.5169405866281286,2,0.04897634056024461,0.06654565644340588,0.011875401227178046,0.0065631340103867895,0.019377525442607728,0.001048314119273371,0.008175608244933682,10,145,0.038650219747209544,0.04714484392695746,False,False,True,4.851270137294552e-05,COMPLETE
1195,0.44746595025062563,2025-04-21 16:21:55.404080,2025-04-21 16:22:07.484841,0 days 00:00:12.080761,0.46703677802775617,0.21094712694656081,2,0.07215135782885895,0.17531784764914415,0.014775141283070423,0.06726992678566128,0.029155433600541698,0.09998356173546928,0.0834399981665258,11,140,0.03476449733375929,0.08495798661730283,True,False,True,0.00032444609124334376,COMPLETE
1196,0.555114245414734,2025-04-21 16:22:07.872853,2025-04-21 16:22:19.568359,0 days 00:00:11.695506,0.3587086201836049,0.6030770788081883,2,0.03613053418833732,0.1902749262085301,0.017366833414191568,0.051170770474396,0.02425192441533084,0.0816347691009255,0.018494203241193125,10,132,0.03207984387876557,0.03776284033221949,True,False,True,2.2878001828877497e-05,COMPLETE
1197,0.5353328585624695,2025-04-21 16:22:19.954062,2025-04-21 16:22:30.495392,0 days 00:00:10.541330,0.4835918722756602,0.5745011837249081,2,0.04353790679686018,0.08113776463518901,0.010050730543237333,0.029428137195413054,0.07727332432852373,0.0942568892321639,0.06187979803931995,8,143,0.02907242520307076,0.0076026098546871515,True,False,True,0.00024163560488744758,COMPLETE
1198,0.4949755430221558,2025-04-21 16:22:30.885284,2025-04-21 16:22:41.895485,0 days 00:00:11.010201,0.4475394841899429,0.5537505989369323,2,0.022616149077101567,0.2868642305133352,0.013353979198340218,0.05870875207467276,0.015681571449261696,0.07987688594151492,0.09984439091814942,9,147,0.02588717701929566,0.05410690842348047,True,False,True,0.0001769789434896138,COMPLETE
1199,0.571401834487915,2025-04-21 16:22:42.286007,2025-04-21 16:22:53.271065,0 days 00:00:10.985058,0.5021053165441165,0.5936917089713034,2,0.030533640225179882,0.09248044498583417,0.007870314151105742,0.05289182711397791,0.020428460146334947,0.08551008534053314,0.013083746852731157,9,136,0.033701626501504066,0.030557583274140446,True,False,True,3.603530524816584e-05,COMPLETE
1200,0.5054539799690247,2025-04-21 16:22:53.658029,2025-04-21 16:23:05.288898,0 days 00:00:11.630869,0.42037388710325774,0.5324235001868793,2,0.05285490964818334,0.22540600363382768,0.024140798714460236,0.06955488894768745,0.01734097955158434,0.08819954071530342,0.04640434455224362,10,150,0.023425398187592927,0.10611037352105666,True,False,True,1.758764629877143e-05,COMPLETE
1201,0.5427502036094666,2025-04-21 16:23:05.677753,2025-04-21 16:23:16.186182,0 days 00:00:10.508429,0.5652920985968677,0.5008506727649565,2,0.04012730734010936,0.24993054642202286,0.054723607627289755,0.06437894634414802,0.022236345653252762,0.025333910249989284,0.07365123871621207,8,145,0.030826094764244014,0.024717491873106606,True,False,True,2.730630281502552e-05,COMPLETE
1202,0.4660283207893372,2025-04-21 16:23:16.575339,2025-04-21 16:23:28.644803,0 days 00:00:12.069464,0.3855869613783473,0.5623756710988942,2,0.04649339862699074,0.08661629689054065,0.011556799308696736,0.04979008862268822,0.0032112873531000056,0.02942416895156822,0.05073920034120306,11,113,0.03633774544976368,0.017248205646438537,True,False,True,3.459083084775317e-06,COMPLETE
1203,0.49191086292266845,2025-04-21 16:23:29.029710,2025-04-21 16:23:40.014230,0 days 00:00:10.984520,0.5296581935477402,0.7095017291035334,2,0.033949386756276956,0.07752776747573896,0.01497318028144303,0.05515227327003396,0.005382083498033258,0.010754569266206718,0.057670913391791735,9,141,0.02810729163018218,0.0940829097909214,True,False,True,0.0004071993679016885,COMPLETE
1204,0.49301737546920776,2025-04-21 16:23:40.401768,2025-04-21 16:23:47.614049,0 days 00:00:07.212281,0.461599157568111,0.6195862462752119,8,0.058883016338624236,0.05440011967121604,0.016535338005548378,0.05994348026283344,0.027046315448372375,0.015731972619347275,0.01439618517769605,10,147,0.02628842540296481,0.04281429552056958,True,False,True,8.317724550816484e-05,COMPLETE
1205,0.28286103010177616,2025-04-21 16:23:48.007389,2025-04-21 16:24:00.803446,0 days 00:00:12.796057,0.47999390146009324,0.6845684015941621,2,0.01567156451975507,0.13196191337604668,0.009313588636849425,0.050239229325257415,0.024676147616606227,0.00693218806668374,0.01996154423162373,12,148,0.0627825078787457,0.05891076157408452,True,True,True,0.0002714952010031078,COMPLETE
1206,0.43214441537857057,2025-04-21 16:24:01.191148,2025-04-21 16:24:12.218033,0 days 00:00:11.026885,0.4388850642149774,0.4529607913392058,2,0.025795377169447246,0.09672777533688044,0.0186431661505931,0.05354126417780154,0.030725024799979725,0.01329309894728549,0.07238990031560566,9,143,0.032495759030076295,0.04808367024541038,True,False,True,4.325252310046716e-05,COMPLETE
1207,0.3683437108993531,2025-04-21 16:24:12.609396,2025-04-21 16:24:25.360016,0 days 00:00:12.750620,0.5124112609561833,0.5854452851946249,2,0.052943683243363564,0.07169349533580965,0.005317781137306538,0.048262964205694626,0.013353068038722212,0.0331512609728133,0.010001226235821503,10,66,0.04088384577161844,0.1122653008938088,True,False,False,0.00013497038362159843,COMPLETE
1208,0.5697850942611695,2025-04-21 16:24:25.750117,2025-04-21 16:24:42.495624,0 days 00:00:16.745507,0.5491112453239875,0.6429009863403871,2,0.04330426400899272,0.08602724290847587,0.013817814517757364,0.004704067870737763,0.021475410610535674,0.07773568576213225,0.024243040086128525,20,104,0.029918781252050348,0.08339622587139511,True,False,True,0.00020416209447362505,COMPLETE
1209,0.5684723496437073,2025-04-21 16:24:42.883936,2025-04-21 16:24:53.386201,0 days 00:00:10.502265,0.49262551104937036,0.537471172650082,2,0.03519963052195823,0.09324261837872398,0.011934554084875969,0.009274798653944833,0.018643510520596398,0.08418247449261124,0.016948765711840483,8,118,0.03467323922078705,0.005347475226112735,True,False,True,6.123586319587732e-05,COMPLETE
1210,0.4800145268440247,2025-04-21 16:24:53.775204,2025-04-21 16:25:04.755697,0 days 00:00:10.980493,0.4056153626606351,0.5668410814419644,2,0.02861228859601458,0.10380166299382937,0.016494011828951126,0.057526368988776985,0.007279453348485329,0.038805944233153575,0.06291132521013645,9,138,0.018592047981366277,0.05316286876075875,True,False,True,8.66864493865803e-06,COMPLETE
1211,0.5815641522407532,2025-04-21 16:25:05.146048,2025-04-21 16:25:17.150610,0 days 00:00:12.004562,0.4613442312578951,0.5179148285381179,2,0.047579966859635586,0.11466262870178409,0.008474921415672229,0.05181151203416383,0.03572164534706125,0.08146797075215689,0.011756104293093443,11,150,0.028364585122452556,0.03748460211133432,True,False,True,2.014519623454317e-05,COMPLETE
1212,0.48635114431381227,2025-04-21 16:25:17.543940,2025-04-21 16:25:25.694196,0 days 00:00:08.150256,0.520354774535515,0.6079479082410587,16,0.06129294437503556,0.0804350591646467,0.011181303709643806,0.06576398625454329,0.015384824662903966,0.09066591409047552,0.04532304097258121,28,84,0.031591497658555755,0.012619058648533757,True,False,True,1.4207083251821211e-05,COMPLETE
1213,0.5021928310394288,2025-04-21 16:25:26.085314,2025-04-21 16:25:36.950033,0 days 00:00:10.864719,0.4752006466672702,0.4812252355204931,2,0.03953961917024727,0.08890738184945408,0.015135907877991244,0.04722389325922146,0.010136262092520833,0.005138821613422711,0.006326320163302687,9,145,0.02522338883688992,0.06424098465757325,False,False,True,0.00010676628469298884,COMPLETE
1214,0.377265727519989,2025-04-21 16:25:37.338680,2025-04-21 16:25:48.986027,0 days 00:00:11.647347,0.4322645982320355,0.5810547538507375,2,0.05417943838003915,0.06720731237543034,0.047330588037391534,0.04372207211850013,0.022846016080591662,0.009131831947950617,0.07335638041457583,10,141,0.030033871633032307,0.02358240125900724,True,False,True,3.186788351942349e-05,COMPLETE
1215,0.5330439805984497,2025-04-21 16:25:49.376132,2025-04-21 16:26:01.596104,0 days 00:00:12.219972,0.5031516016820413,0.2682656260058938,2,0.03151381755453685,0.09967862114503219,0.013191996369968137,0.06229967820787519,0.026542094826434017,0.07592866111202454,0.053458784823929975,11,147,0.027344801439776453,0.1229466053599065,True,False,True,0.00016654583489432654,COMPLETE
1216,0.5397439002990723,2025-04-21 16:26:01.989775,2025-04-21 16:26:13.022055,0 days 00:00:11.032280,0.5391851794060815,0.5524260317106103,2,0.06893100617881749,0.2313076566151406,0.021100022165869443,0.0119019813952581,0.019511783722015237,0.09601317133669401,0.08971739646174383,9,144,0.03362041153258995,0.10119108707918559,True,False,True,4.7146192429003035e-06,COMPLETE
1217,0.5419611811637879,2025-04-21 16:26:13.413428,2025-04-21 16:26:20.300644,0 days 00:00:06.887216,0.4513171872582357,0.5417959032457982,8,0.02242745739991856,0.07853871228839902,0.009860811914724776,0.05590675463300507,0.02868479040391106,0.0866381452485485,0.0254393829645607,8,150,0.0435621790185067,0.04534371853817416,True,False,True,0.0003529464748885815,COMPLETE
1218,0.5155930280685426,2025-04-21 16:26:20.692771,2025-04-21 16:26:32.191809,0 days 00:00:11.499038,0.48548364393934873,0.6697851885593477,2,0.04441047619641795,0.08494844482658731,0.018256699191223427,0.051629262353249564,0.025162599181038067,0.07892091928537964,0.02078916827053504,10,139,0.023079050813668244,0.02921761486135955,True,False,True,2.4334958528379903e-05,COMPLETE
1219,0.38605455160140995,2025-04-21 16:26:32.581399,2025-04-21 16:26:44.241121,0 days 00:00:11.659722,0.5700802379860654,0.5936968518117225,2,0.038093540467460045,0.07450744516407282,0.0032551672951601903,0.03544918205333646,0.021225599818282644,0.08237086543118011,0.06363883182487814,10,147,0.03710787610156031,0.08992614627820895,True,False,True,5.034807384533296e-05,COMPLETE
1220,0.4491130352020264,2025-04-21 16:26:44.638638,2025-04-21 16:26:55.637989,0 days 00:00:10.999351,0.5165323456368026,0.6224149414230249,2,0.04840912823337279,0.091501342535202,0.006954217432025899,0.053707931435880076,0.01674525737934098,0.08428552413059054,0.013879632702167324,9,142,0.07732651274490335,0.017348733389168217,True,False,True,0.0006075442364952975,COMPLETE
1221,0.4384543061256409,2025-04-21 16:26:56.028542,2025-04-21 16:27:17.914758,0 days 00:00:21.886216,0.6205521425389269,0.5081346636357218,2,0.03448629145213713,0.058569478194563894,0.015720545858562952,0.06711438452612113,0.011951219886459852,0.09437398074829173,0.08412656880523713,30,93,0.03064737003333687,0.05605951865751272,True,False,True,7.336393420110029e-05,COMPLETE
1222,0.3987427711486816,2025-04-21 16:27:18.308040,2025-04-21 16:27:29.733127,0 days 00:00:11.425087,0.42025741134726696,0.5696731730657411,2,0.05595612146985287,0.047977114113939456,0.0587764016277414,0.006874677677302246,0.023276053987301145,0.0030673319931900237,0.008654392288054247,10,58,0.031828350910603806,0.11680112257965874,True,False,True,0.00023884631987536182,COMPLETE
1223,0.28286103010177616,2025-04-21 16:27:30.125072,2025-04-21 16:27:47.908847,0 days 00:00:17.783775,0.46337061428271015,0.5555861070466532,2,0.04121584596919825,0.24246910735841634,0.012976311248012722,0.049686545971734004,0.018318038767652936,0.08901398805181078,0.016526660509179884,21,147,0.028272926334877012,0.10838442324616235,True,True,True,3.605196075691335e-05,COMPLETE
1224,0.443067729473114,2025-04-21 16:27:48.302509,2025-04-21 16:27:58.817884,0 days 00:00:10.515375,0.5003627527203188,0.6527569621990011,2,0.061710324188960844,0.09647518445371124,0.06916912231956429,0.003063771272827613,0.02037595389222877,0.007014356722052091,0.04632781770403326,8,134,0.02602362513923052,0.042892789007981526,True,False,True,1.1416980169411876e-05,COMPLETE
1225,0.38713715076446537,2025-04-21 16:27:59.212116,2025-04-21 16:28:11.467736,0 days 00:00:12.255620,0.44541362516502925,0.603143613818729,2,0.027513065238015822,0.08175112604146204,0.010663701245416789,0.046424969715197925,0.0032122002113838463,0.01197948163660877,0.05379878712775744,9,129,0.03364242901904275,0.03832523851988889,True,False,False,0.0001285923458573248,COMPLETE
1226,0.3730748057365418,2025-04-21 16:28:11.860574,2025-04-21 16:28:23.916416,0 days 00:00:12.055842,0.05150577019744218,0.5279291793750042,2,0.04976741241457098,0.10990537346849359,0.017583698282314434,0.06898096558050183,0.00602156401233773,0.0804636420107036,0.00018922850594630273,11,144,0.02960791274570336,0.0012531657461328193,True,False,True,1.7590331728180938e-05,COMPLETE
1227,0.46571953296661384,2025-04-21 16:28:24.308493,2025-04-21 16:28:35.896987,0 days 00:00:11.588494,0.5343240397615843,0.5765477648056219,2,0.044292379416927784,0.09004507466886477,0.020071101964525634,0.05643984316070772,0.014716228003700272,0.09787094090068738,0.07221249845015401,10,150,0.03559006046527269,0.060852489279766483,True,False,True,0.00029596173717669693,COMPLETE
1228,0.28286103010177616,2025-04-21 16:28:36.287880,2025-04-21 16:28:47.236344,0 days 00:00:10.948464,0.4713926382144926,0.9727428753019118,2,0.02061179415736886,0.040458446750194256,0.007726767465797992,0.010537506465726064,0.05370618513831537,0.09251050381055616,0.011723055702407042,9,137,0.03237861447044254,0.04896964374258716,True,False,True,0.00018154254448290722,COMPLETE
1229,0.5295244097709656,2025-04-21 16:28:47.630629,2025-04-21 16:28:55.954358,0 days 00:00:08.323729,0.3860717697365147,0.4898091294242734,8,0.0327849488637555,0.07047366666251906,0.014594448991426985,0.06054743616306221,0.027390342581617794,0.005457626140436503,0.05784216837682737,17,145,0.027554000494753962,0.09701451753180194,True,False,True,4.235187379362231e-05,COMPLETE
1230,0.29904233217239384,2025-04-21 16:28:56.346002,2025-04-21 16:29:08.661753,0 days 00:00:12.315751,0.5006975724786841,0.5493674916479173,2,0.07579705130756384,0.07514858912627634,0.011973719470469987,0.052282771606826005,0.008617800336300212,0.009653549852648893,0.042568573383347644,11,141,0.025070416154105442,0.01296927241671924,True,False,True,0.000479690297628047,COMPLETE
1231,0.5988707065582276,2025-04-21 16:29:09.055133,2025-04-21 16:29:19.577767,0 days 00:00:10.522634,0.6663464480578845,0.6336040863349881,2,0.03843002908016309,0.09799568198091382,0.00968335527286491,0.06443214093441811,0.024584264380904056,0.07746032107661902,0.023548047936187613,8,147,0.02950137413835736,0.022767751120776097,True,False,True,2.879179982335838e-05,COMPLETE
1232,0.29308211207389834,2025-04-21 16:29:19.969849,2025-04-21 16:29:31.444623,0 days 00:00:11.474774,0.648799476240968,0.6691180016906484,2,0.028210970595434023,0.08509691115611352,0.006010860601459942,0.06652705367334384,0.021828334679861273,0.0751559710991995,0.08142011264693454,10,150,0.02163132919320081,0.021264533499949834,False,False,True,2.9193596318052998e-05,COMPLETE
1233,0.47583342790603644,2025-04-21 16:29:31.836259,2025-04-21 16:29:42.843993,0 days 00:00:11.007734,0.5849740746551093,0.653955053955084,2,0.03343678437941844,0.0943032948486743,0.008432147247137175,0.06456851041536556,0.06623980512284555,0.07887378721103704,0.02502217327450146,9,147,0.023685343576950305,0.023724444528983268,True,False,True,2.0658576380142458e-05,COMPLETE
1234,0.5597644090652466,2025-04-21 16:29:43.255437,2025-04-21 16:29:55.936328,0 days 00:00:12.680891,0.7590630790318622,0.6416972826772545,2,0.016524751639077035,0.06424780345426497,0.005054102328105291,0.0643026472895147,0.017912640951539174,0.0771295589560393,0.03934744293837718,12,150,0.026992569906285218,0.01848299692140002,True,False,True,1.4254434711190521e-05,COMPLETE
1235,0.520697832107544,2025-04-21 16:29:56.348740,2025-04-21 16:30:02.953052,0 days 00:00:06.604312,0.6398936310992787,0.6401045644471609,16,0.02545883281707724,0.08384043110339966,0.00888648808315053,0.06264526436292654,0.023599753188408953,0.07568774535114464,0.06333266179728408,10,147,0.02910779328412752,0.024896352843879067,True,False,True,2.5789586560756902e-05,COMPLETE
1236,0.3722345530986786,2025-04-21 16:30:03.354663,2025-04-21 16:30:13.916175,0 days 00:00:10.561512,0.665171649814614,0.6547415147046319,2,0.20585548494031866,0.08905704791436667,0.006664233732400826,0.06315746913739115,0.019213608399825,0.0738393933876072,0.02758461989463782,8,148,0.02632233436718115,0.01612496447045994,True,False,True,9.95996126127874e-05,COMPLETE
1237,0.48132849931716926,2025-04-21 16:30:14.315100,2025-04-21 16:30:25.334980,0 days 00:00:11.019880,0.6976076083049362,0.6744892200389313,2,0.03822975722862215,0.2593470664712867,0.010351314513310108,0.06156393775024902,0.02124810638119582,0.07631074470765621,0.04925112077165063,9,143,0.02919963559727843,0.02832374093415175,True,False,True,1.9834354446151134e-05,COMPLETE
1238,0.5779166340827943,2025-04-21 16:30:25.735205,2025-04-21 16:30:36.915549,0 days 00:00:11.180344,0.6912088809727122,0.6261059270542317,2,0.030578015502913346,0.0786971927238404,0.00795558334799871,0.06511166895466008,0.024827709237487613,0.07898526172884822,0.018949554884095842,9,148,0.03098919365564313,0.010657094464183732,True,False,True,0.0002311856366400138,COMPLETE
1239,0.5508994221687317,2025-04-21 16:30:37.314957,2025-04-21 16:30:48.947959,0 days 00:00:11.633002,0.6170881386789797,0.6329903493560544,2,0.03702739725102757,0.13832257013584048,0.004321952376203311,0.06735428182689206,0.016239781303282824,0.07756658932194911,0.07432793915171634,10,145,0.02795844455950945,0.018075240522827808,True,False,True,0.00013377905767540215,COMPLETE
1240,0.5045524954795837,2025-04-21 16:30:49.348534,2025-04-21 16:30:59.862293,0 days 00:00:10.513759,0.729750942103616,0.6906106074649812,2,0.021563959200757314,0.09902571360489176,0.04235561906477968,0.0648156420066583,0.004520366513359531,0.07802420342367349,0.057645333175986115,8,150,0.02427578281881681,0.022742089490526626,True,False,True,0.00016319600331286853,COMPLETE
1241,0.5160791873931885,2025-04-21 16:31:00.260861,2025-04-21 16:31:12.950160,0 days 00:00:12.689299,0.6621642676717023,0.6612231311464016,2,0.03999093250028931,0.09208041635369953,0.009722510333934297,0.06605899001214767,0.02362529055389603,0.07966784331190921,0.014069650273443571,12,142,0.03248846991350352,0.031136859272338446,True,False,True,0.0003285346042393174,COMPLETE
1242,0.28286103010177616,2025-04-21 16:31:13.350818,2025-04-21 16:31:20.535813,0 days 00:00:07.184995,0.5993285001070233,0.6352461416585831,8,0.03237423166520657,0.2741669092072412,0.007596398517177495,0.07025728189688002,0.01980145300403763,0.07463885999028161,0.04412991554125644,10,147,0.03832366393264322,0.008741954428614666,True,True,True,2.3700785944579556e-05,COMPLETE
1243,0.36660820841789243,2025-04-21 16:31:20.934203,2025-04-21 16:31:32.974090,0 days 00:00:12.039887,0.8228849156648825,0.625848036515709,2,0.026125598448655703,0.07545119116477968,0.010573815331820348,0.0617145186465335,0.014588683308535189,0.08076792207158438,0.009731575223196325,11,145,0.03517093408274544,0.014650702913404213,True,False,True,0.0002116279422979348,COMPLETE
1244,0.4032935023307801,2025-04-21 16:31:33.390623,2025-04-21 16:31:45.644596,0 days 00:00:12.253973,0.614513124948614,0.6146457036458061,2,0.038323941853207213,0.08599492306109685,0.009344848691719356,0.06022964827709027,0.022033693138520688,0.08148666570056934,0.0854740615380676,9,139,0.03079802279138174,0.028608684828171235,True,False,False,6.951856873036629e-06,COMPLETE
1245,0.5008027195930481,2025-04-21 16:31:46.042734,2025-04-21 16:31:57.606690,0 days 00:00:11.563956,0.6698502071599536,0.6400263384661866,2,0.04335380356954873,0.07929020699249008,0.005420857410859635,0.06840294372488809,0.017202368805793653,0.0787073053538711,0.028422314239316435,10,150,0.026020751864656015,0.02419916372339076,True,False,True,1.4824290391695467e-05,COMPLETE
1246,0.275669014453888,2025-04-21 16:31:58.010102,2025-04-21 16:32:11.706988,0 days 00:00:13.696886,0.7750979991106783,0.6179687749826294,2,0.13829454384459136,0.06972365703536759,0.010850652500490051,0.06272346660554551,0.01022741809232738,0.0769197711269659,0.06526548387962233,14,143,0.028745821274268266,0.020655565264216517,True,False,True,8.563930301874768e-05,COMPLETE
1247,0.2860947251319885,2025-04-21 16:32:12.109157,2025-04-21 16:32:23.124233,0 days 00:00:11.015076,0.6378569379358836,0.6589535245549135,2,0.0900804426062333,0.10608414292118737,0.006572520800523003,0.058466235253123985,0.012512518308710033,0.0827573423421294,0.036355630163025905,9,147,0.020903057351653404,0.03236142437930952,True,False,True,0.00044016219526382363,COMPLETE
1248,0.5611397981643678,2025-04-21 16:32:23.536332,2025-04-21 16:32:34.061219,0 days 00:00:10.524887,0.5997859676533518,0.6893603733269859,2,0.03256231197582474,0.09374583781560338,0.011797491346610218,0.06387723374113181,0.020007694112852387,0.08053385092790881,0.01710862270760943,8,136,0.033746682255508254,0.009052223446254629,True,False,True,1.0441588890436736e-05,COMPLETE
1249,0.5093301892280578,2025-04-21 16:32:34.459829,2025-04-21 16:32:46.591803,0 days 00:00:12.131974,0.7045468508017814,0.6102953151785823,2,0.03719839368292557,0.24707010768563148,0.008520599034070785,0.06823299242380927,0.02492773077850984,0.07422248643645087,0.020921333614900853,11,141,0.03211190162317982,0.016399182022043806,True,False,True,0.0002653623475553829,COMPLETE
