number,value,datetime_start,datetime_complete,duration,params_alpha-eval,params_alpha-train,params_batch-size,params_eps-eval,params_eps-train,params_lambda-actions-eval,params_lambda-actions-train,params_lambda-frames-eval,params_lambda-frames-train,params_learning-rate,params_n-epochs,params_n-frames,params_radius-gw,params_rho,params_std-feats,params_ub-actions,params_ub-frames,params_weight-decay,state
1626,0.5516245603561402,2025-03-31 23:06:49.721720,2025-03-31 23:06:57.216075,0 days 00:00:07.494355,0.12182107083051696,0.9036418485305796,16,0.057080175324492326,0.197553673235733,0.008024372608773717,0.05306469112784704,0.064735021847169,0.09111460199721215,0.0002252551143872473,26,68,0.04983978597776312,0.05873182695265335,False,False,True,1.5765432680007812e-08,COMPLETE
1627,0.5068002343177795,2025-03-31 23:06:57.740846,2025-03-31 23:07:05.286771,0 days 00:00:07.545925,0.061836645796514274,0.7827119534294736,16,0.05223429633768426,0.11286186646474763,0.014361805336614394,0.0451507468611953,0.08823697656039044,0.0864299339352326,0.0003305652900649665,28,65,0.041205498846281746,0.18169150912876025,False,False,True,1.2637512904720466e-08,COMPLETE
1628,0.32569659948349,2025-03-31 23:07:05.808310,2025-03-31 23:07:24.945242,0 days 00:00:19.136932,0.030447027111889662,0.8515002140213874,2,0.03450375345874425,0.10094128771133036,0.004548966232641272,0.0497585647534429,0.052597197767994826,0.0668110845240675,0.00018243360066501392,25,73,0.054932788317072524,0.1717533614848762,False,True,True,1.0068921496988565e-08,COMPLETE
1629,0.3932622194290161,2025-03-31 23:07:25.486494,2025-03-31 23:07:33.281578,0 days 00:00:07.795084,0.08019908736771028,0.8185978331531667,16,0.10216022301285922,0.27294388552586435,0.009212490382499548,0.02296616555301939,0.07984761535080408,0.07773751732680734,0.0002534787066374167,24,77,0.046420827083450994,0.08903788677954601,False,False,False,2.161862888624504e-08,COMPLETE
1630,0.4741345047950745,2025-03-31 23:07:33.814843,2025-03-31 23:07:40.985059,0 days 00:00:07.170216,0.040787785199022084,0.8872718959777768,16,0.07195028542639247,0.12120842496438147,0.0031335753827852605,0.04751135178385783,0.0848272081178714,0.08044604843477922,0.00010433188367999298,23,58,0.03878430294477133,0.05101271202725075,False,False,True,0.00011384054521893901,COMPLETE
1631,0.5004910945892334,2025-03-31 23:07:41.535144,2025-03-31 23:07:49.009519,0 days 00:00:07.474375,0.0280185881589151,0.7536281865498528,16,0.06228325262026001,0.13874906332575326,0.0059468000595681745,0.037280551274350635,0.08984202917445948,0.08468761020849029,0.00014829554209986026,25,69,0.048163561878376344,0.06618758502561002,True,False,True,2.6281420179694576e-08,COMPLETE
1632,0.5413131475448609,2025-03-31 23:07:49.529383,2025-03-31 23:07:58.182288,0 days 00:00:08.652905,0.0959406447951912,0.9658022689920018,8,0.04383612261939394,0.10816057232143753,0.011381408692469716,0.04191102017124078,0.09214056885305437,0.09402494691723806,0.0001987813281632118,24,79,0.04316766145403715,0.11048809009758197,False,False,True,0.0001378486836961973,COMPLETE
1633,0.5654765248298645,2025-03-31 23:07:58.704820,2025-03-31 23:08:05.766621,0 days 00:00:07.061801,0.05298961472183374,0.8410267553999689,16,0.01781429540359323,0.1338156606868156,0.07100400126634414,0.051178680052957795,0.08680142587494857,0.0825122219512477,0.00039300254703238493,22,64,0.051944377213313714,0.08067742649209549,False,False,True,1.2032430308426323e-07,COMPLETE
1634,0.34409708380699155,2025-03-31 23:08:06.310771,2025-03-31 23:08:13.739318,0 days 00:00:07.428547,0.1580644313708389,0.7899802192728289,16,0.06799406152871851,0.1160722005810893,0.007555994968554261,0.01717587731213143,0.0954197648502894,0.08891836092278625,0.00030301407147894987,26,72,0.009536793304561891,0.05586093392997407,False,False,True,3.7380253007821634e-08,COMPLETE
1635,0.5611288189888001,2025-03-31 23:08:14.265394,2025-03-31 23:08:21.492618,0 days 00:00:07.227224,0.029967618181087126,0.8718718982486693,16,0.04989076756959771,0.12509654609530285,0.012652270697163504,0.012660241321677654,0.08129068291379968,0.07483057168773127,0.00022385058362898373,24,76,0.045128401455611325,0.09349487859612896,False,False,True,5.392448900828346e-08,COMPLETE
1636,0.4920564770698547,2025-03-31 23:08:22.039393,2025-03-31 23:08:29.190688,0 days 00:00:07.151295,0.06494880926021986,0.7695109507984248,16,0.03950571162415456,0.10361913742396371,0.004539148809505752,0.053667957452102136,0.09362700781497155,0.07733431406201008,0.00017014183119401624,23,55,0.04063145028421685,0.07364038902731511,False,False,True,1.747635482272249e-08,COMPLETE
1637,0.5526117444038392,2025-03-31 23:08:29.720561,2025-03-31 23:08:37.285715,0 days 00:00:07.565154,0.046041071992575254,0.8092066338713912,16,0.05828258773785092,0.13997756480247858,0.010200444273968524,0.05637108136269321,0.08997427922285005,0.0872171055671078,0.00024283396064946245,28,67,0.05002485134957277,0.08564126821962828,False,False,True,1.0059044192862232e-08,COMPLETE
1638,0.4753533482551575,2025-03-31 23:08:37.810471,2025-03-31 23:08:45.142692,0 days 00:00:07.332221,0.13017585233004264,0.837181143936156,16,0.032411935675672465,0.11913398382585044,0.013926925502331475,0.020933806016391183,0.08763774277971922,0.091511213179745,7.679571465300214e-05,25,62,0.03343795294505127,0.04686702201354573,False,False,True,1.3946193405807847e-08,COMPLETE
1639,0.2823464453220368,2025-03-31 23:08:45.687188,2025-03-31 23:08:52.885927,0 days 00:00:07.198739,0.02902955953045843,0.9311678960284818,16,0.1544828896535075,0.13052358461049868,0.00726602289267337,0.03443257644916457,0.09155670555041424,0.08036162631182703,0.0001214547363214582,23,80,0.04310303421655512,0.062273887023471954,False,False,True,0.00018051987788372377,COMPLETE
1640,0.5560788035392761,2025-03-31 23:08:53.410827,2025-03-31 23:09:00.803504,0 days 00:00:07.392677,0.07705514705175637,0.7875072408893645,16,0.07589194546671818,0.11005310203980105,0.0028393043004786367,0.05116620927701424,0.08465748343817497,0.08477215994631843,0.00032532931905139773,26,70,0.047773316650378775,0.10479971396826732,False,False,True,2.036115604589591e-08,COMPLETE
1641,0.4088550806045532,2025-03-31 23:09:01.356256,2025-03-31 23:09:08.528220,0 days 00:00:07.171964,0.5857525233077405,0.8558103552585008,16,0.046313325822313414,0.11366659660018757,0.009513871019027459,0.047707483991187995,0.08884846115579131,0.08236356068006492,0.00019839815587652595,24,75,0.08228684106040168,0.0689489263014007,False,False,True,1.2501229799794733e-08,COMPLETE
1642,0.5169848918914796,2025-03-31 23:09:09.055027,2025-03-31 23:09:16.405708,0 days 00:00:07.350681,0.10262115370430064,0.8163736039772427,16,0.024761356964244828,0.09310434505089035,0.006680996714697131,0.06100278404412923,0.08680084748207437,0.08949059740993329,0.0002645783293331319,25,72,0.03691054951485112,0.07700408920031476,False,False,True,1.0028874470164513e-08,COMPLETE
1643,0.37723679542541505,2025-03-31 23:09:16.933997,2025-03-31 23:09:24.142649,0 days 00:00:07.208652,0.05666019115193885,0.9064344001621368,16,0.05469054078077134,0.12261057878296568,0.014655406768305696,0.04990910438056134,0.09377522081158217,0.07908232079688092,0.014894150316813718,24,66,0.04557663644914341,0.055094949061349666,False,False,True,2.9273521892634892e-08,COMPLETE
1644,0.47722204923629763,2025-03-31 23:09:24.689883,2025-03-31 23:09:31.667473,0 days 00:00:06.977590,0.010000519144711537,0.767073496407783,16,0.06449614704044336,0.1036266473660917,0.005081228027372061,0.054477221371784144,0.09042979660366195,0.08737650925953272,0.00014649494073254823,21,69,0.03969101726608052,0.08347423174698604,False,False,True,4.375487180406126e-07,COMPLETE
1645,0.5430938363075256,2025-03-31 23:09:32.197380,2025-03-31 23:09:39.748304,0 days 00:00:07.550924,0.04007653327375703,0.8735556309225918,16,0.03954626002594505,0.12917936836823715,0.011779635117567596,0.052664667932565905,0.08305685144936663,0.07743789323445764,0.0004415083948985435,26,101,0.04171747314915317,0.09788252538863393,False,False,True,1.6449522443909273e-08,COMPLETE
1646,0.32341247797012335,2025-03-31 23:09:40.304337,2025-03-31 23:09:47.531004,0 days 00:00:07.226667,0.028386781296596053,0.8021220215966228,16,0.05363781984423809,0.11700652053228996,0.07683840096279107,0.03849256633814397,0.09528685348272338,0.06713813092087997,0.0002113253121580202,23,74,0.044010056840511784,0.05966530677275825,False,True,True,9.451800458353859e-05,COMPLETE
1647,0.5512711524963378,2025-03-31 23:09:48.067398,2025-03-31 23:09:55.356372,0 days 00:00:07.288974,0.08358773124288608,0.8340164184213332,16,0.05966438311081851,0.1385598885651052,0.009097971301839333,0.017980377950804847,0.07782141794245444,0.07493536019009549,0.00035335793355877314,25,62,0.05341791698627078,0.09026319267572185,False,False,True,3.6868918240737475e-08,COMPLETE
1648,0.3967082142829895,2025-03-31 23:09:55.883105,2025-03-31 23:10:03.679330,0 days 00:00:07.796225,0.010732422107439861,0.7497409328481669,16,0.04776115941803849,0.0842143927859959,0.0034997235821286722,0.024357007295308,0.0010256788314538176,0.06343430913759675,0.00028472765122259893,24,80,0.0463285116165307,0.06858042556579703,False,False,False,1.487911607652587e-08,COMPLETE
1649,0.513618278503418,2025-03-31 23:10:04.227619,2025-03-31 23:10:11.390539,0 days 00:00:07.162920,0.05938003232162019,0.8909178400989429,16,0.03129658714550281,0.11251312147937484,0.005760602874750052,0.05790519538129375,0.09249162515998627,0.0932752885617198,0.00017745757602324056,22,92,0.04929497411409172,0.049444705522471454,False,False,True,2.465275760700344e-08,COMPLETE
1650,0.5214310050010681,2025-03-31 23:10:11.918740,2025-03-31 23:10:30.805379,0 days 00:00:18.886639,0.1109576237964567,0.5154650789791787,2,0.09226243882152113,0.09784977439333604,0.007955011048201161,0.014873145230195473,0.085839365386144,0.08627209227944523,0.0002638557941044634,25,77,0.04170500223269643,0.07613370006187767,False,False,True,1.2300732062964106e-08,COMPLETE
1651,0.49181145429611206,2025-03-31 23:10:31.358793,2025-03-31 23:10:39.008983,0 days 00:00:07.650190,0.042685096726161026,0.7803848489050302,16,0.06827816860735475,0.12185692616410401,0.01094278443025344,0.04571731741653944,0.0885695255549248,0.08059372978710039,0.0002278591206111482,27,67,0.055692667952542144,0.06456377782779606,True,False,True,1.7849834975760823e-08,COMPLETE
1652,0.49999480247497563,2025-03-31 23:10:39.543738,2025-03-31 23:10:46.384853,0 days 00:00:06.841115,0.07001894514823226,0.8520442214198192,16,0.07925357044468051,0.10886391475951411,0.0028187517990283448,0.04885148410570853,0.0911244468501214,0.08365171283485755,0.00016969126996884583,19,71,0.05129980986649222,0.08557283321075963,False,False,True,7.261273556607469e-05,COMPLETE
1653,0.5155902028083801,2025-03-31 23:10:46.913669,2025-03-31 23:10:54.515734,0 days 00:00:07.602065,0.02631312455610251,0.821873987306849,16,0.1178596300135719,0.14153168302104738,0.014170127435175844,0.004163763164808827,0.0873918410650263,0.061040583209845685,0.0003206614708599847,28,64,0.037869329181485764,0.05836847077721248,False,False,True,0.00013711783251466048,COMPLETE
1654,0.31377021670341493,2025-03-31 23:10:55.061096,2025-03-31 23:11:03.705972,0 days 00:00:08.644876,0.7925746682842372,0.9496952226641805,8,0.06172055373878227,0.1509608342664444,0.012290872334981327,0.03695428747535215,0.08929154711216113,0.09060907140649639,0.000532223504822276,24,75,0.04696202126334637,0.09520612040865109,False,False,True,4.610791596295652e-08,COMPLETE
1655,0.4121388673782349,2025-03-31 23:11:04.236551,2025-03-31 23:11:11.398050,0 days 00:00:07.161499,0.010124224141242212,0.12061912222986354,16,0.0364726223145369,0.19321204561023936,0.007581929493185819,0.041499619869142086,0.09616439688360212,0.08905724837841501,0.00020247248851432015,23,72,0.03543119787455711,0.0530861143395359,False,False,True,1.4244935848401596e-08,COMPLETE
1656,0.4827475905418396,2025-03-31 23:11:11.959550,2025-03-31 23:11:19.613146,0 days 00:00:07.653596,0.04358222002249146,0.7557990758203182,16,0.043042163587362105,0.12959423412733484,0.004911056855590636,0.0512824194013094,0.08453977069785433,0.08491061457959026,0.00014288377405687416,29,59,0.042920342758218266,0.10321706533730482,False,False,True,2.0201083379551817e-08,COMPLETE
1657,0.5660694479942322,2025-03-31 23:11:20.150418,2025-03-31 23:11:27.557249,0 days 00:00:07.406831,0.09402377941678058,0.7986379179449213,16,0.05280088216730648,0.11867994181169739,0.0010021960882457782,0.01988651962083411,0.09347712078803902,0.08180104785171134,0.0002483487989579405,26,80,0.03964634381085572,0.07251648634197469,False,False,True,1.0014061879368791e-08,COMPLETE
1658,0.5502434968948364,2025-03-31 23:11:28.082930,2025-03-31 23:11:35.355793,0 days 00:00:07.272863,0.059725342833909165,0.9184983608039079,16,0.07195947832832589,0.13438835073814442,0.010281094570593218,0.010915855452123556,0.09082486284234983,0.07853822048131412,0.0004009512189746264,25,69,0.044666263103445895,0.08072608287918981,False,False,True,3.122546565301663e-08,COMPLETE
1659,0.5473040461540222,2025-03-31 23:11:35.907953,2025-03-31 23:11:43.584931,0 days 00:00:07.676978,0.14578082791469357,0.8730485174481247,16,0.01132367079827146,0.20866477934524302,0.07385287758917805,0.04345825277166428,0.08628394768319742,0.0763882358742084,0.0002876711941445118,28,97,0.048982390971244856,0.04431034195964222,False,False,True,2.3764043378758975e-08,COMPLETE
1660,0.5373974919319153,2025-03-31 23:11:44.114001,2025-03-31 23:11:51.519521,0 days 00:00:07.405520,0.028666538516165498,0.8300608450470832,16,0.027188194081830867,0.10721199746943301,0.0150942721504135,0.05302662146518483,0.0884918901803808,0.08769034414077857,0.00017814988461557714,26,77,0.05274428821303435,0.06343086066517435,False,False,True,1.3084747753519975e-08,COMPLETE
1661,0.47252433300018315,2025-03-31 23:11:52.075387,2025-03-31 23:11:59.334061,0 days 00:00:07.258674,0.11641216265599683,0.5884592170988453,16,0.04746699982458976,0.12494590480610769,0.005657817653069439,0.04805432271561278,0.09244097303387534,0.07442435156783858,0.00021721788695008422,24,66,0.04052436905788251,0.09078950835057403,False,False,True,0.00010420950032622165,COMPLETE
1662,0.5099688887596131,2025-03-31 23:11:59.868894,2025-03-31 23:12:06.996882,0 days 00:00:07.127988,0.04720516616964607,0.8007550843657927,16,0.057009634082190785,0.11523489351336223,0.009265858114727087,0.021810637484488353,0.08233501210803552,0.09157158349344358,0.0003426407425761289,23,73,0.021029091886226953,0.14236837910611433,False,False,True,1.5648357485606748e-08,COMPLETE
1663,0.4646408200263977,2025-03-31 23:12:07.529926,2025-03-31 23:12:14.899398,0 days 00:00:07.369472,0.07696129480773134,0.8537564209510661,16,0.06558843553042037,0.14851456306613847,0.0029521695284477883,0.05533823147630639,0.09653142670759557,0.08025718694142311,0.00012420913679647374,25,63,0.044396907835781374,0.07236560640977503,False,False,True,5.7136351113523345e-08,COMPLETE
1664,0.3196446180343628,2025-03-31 23:12:15.448939,2025-03-31 23:12:22.752155,0 days 00:00:07.303216,0.9061289364052649,0.7738505365620609,16,0.04164983293651759,0.10262572343209592,0.012369968559104813,0.034186857100010584,0.09459060317432302,0.06531517808521792,0.0001572568374258677,25,69,0.04693635313407516,0.051777957631514604,False,False,True,1.9177913743136038e-08,COMPLETE
1665,0.32341247797012335,2025-03-31 23:12:23.288112,2025-03-31 23:12:30.780920,0 days 00:00:07.492808,0.026647864413363146,0.8957023720074176,16,0.0340662775503586,0.11143806642381944,0.006929724229101354,0.05019695874340703,0.0901679047517387,0.08557304170765126,0.00024242723615956757,27,81,0.09464034864078183,0.08650859293394111,False,True,True,1.1990279136848598e-08,COMPLETE
1666,0.5444340109825134,2025-03-31 23:12:31.335916,2025-03-31 23:12:38.562066,0 days 00:00:07.226150,0.027702055364445543,0.8183828880629096,16,0.020625380779992666,0.14122522430181117,0.08662588025902977,0.0462253085759877,0.08496869752410469,0.08277750051039405,0.00020873286997851479,24,74,0.050135730079562006,0.11531328451991033,False,False,True,3.946466950928722e-08,COMPLETE
1667,0.3963679075241089,2025-03-31 23:12:39.096711,2025-03-31 23:12:45.293889,0 days 00:00:06.197178,0.06119229436350797,0.7829823747856569,16,0.05109444835796083,0.12417272169292407,0.008368541250489834,0.040338950077685246,0.08731419665028403,0.08761301339756292,0.0003025295915878671,7,77,0.04237989176642583,0.058125177144049,False,False,False,1.2578555165883068e-08,COMPLETE
1668,0.5687058329582214,2025-03-31 23:12:45.846287,2025-03-31 23:12:53.054754,0 days 00:00:07.208467,0.044264970465463106,0.7566873877213824,16,0.05936744016076345,0.1298383412989481,0.004167520686225965,0.0163104935949041,0.09211336868726874,0.07798300592069848,0.0001852629002785455,22,60,0.045598459579943976,0.07858069770083527,True,False,True,2.9639153971221398e-08,COMPLETE
1669,0.4441274285316468,2025-03-31 23:12:53.591483,2025-03-31 23:13:00.550071,0 days 00:00:06.958588,0.3385292769440742,0.8438824379979007,16,0.06176707758797634,0.15521762292021302,0.0034189571499123675,0.013922205594619319,0.09422660861510539,0.0899082263873916,0.00011260216136773205,21,54,0.03859275123361406,0.07669631200654917,False,False,True,4.4905109830077626e-08,COMPLETE
1670,0.49563614130020145,2025-03-31 23:13:01.082914,2025-03-31 23:13:08.035100,0 days 00:00:06.952186,0.10428371074309496,0.8029025296516331,16,0.06816709151831943,0.1176731022386632,0.0028878367642295073,0.01553507369979363,0.09236129294029914,0.07882685338189091,0.00013930372051492777,20,54,0.04368640884366512,0.07981554862607904,True,False,True,3.3074640089829076e-08,COMPLETE
1671,0.5039579033851623,2025-03-31 23:13:08.594763,2025-03-31 23:13:15.749802,0 days 00:00:07.155039,0.08443833901798997,0.7620074649292474,16,0.06000909735741871,0.13427781501411917,0.004092754866190535,0.012998588324559968,0.0957443610575681,0.0989559342900483,9.141258107056029e-05,22,52,0.04780372345455753,0.07897147890188744,True,False,True,3.768407879338859e-08,COMPLETE
1672,0.49390063285827634,2025-03-31 23:13:16.281650,2025-03-31 23:13:23.388128,0 days 00:00:07.106478,0.08322147315508656,0.8686252415919868,16,0.06589280452548844,0.09828139406706068,0.00523867164038371,0.016363305685338614,0.09212504281664585,0.08410310109137155,0.00015883817165829897,21,55,0.04552937833433741,0.08196359828868487,True,False,True,6.649105747292177e-08,COMPLETE
1673,0.4841604113578796,2025-03-31 23:13:23.948725,2025-03-31 23:13:40.815163,0 days 00:00:16.866438,0.13270014603161695,0.8255970782986791,2,0.05819302330118746,0.10681490003153656,0.0045504296204877314,0.01615460871001105,0.09325212735772402,0.0812941192420839,0.0001775129528439752,21,57,0.04128904556779177,0.08589163534098851,True,False,True,3.750396064492292e-08,COMPLETE
1674,0.5002126097679138,2025-03-31 23:13:41.349459,2025-03-31 23:13:48.490324,0 days 00:00:07.140865,0.06796787889055826,0.7954750351725925,16,0.07467030006770933,0.14356279466672345,0.0024318511400285825,0.017963237806269333,0.09447387620584398,0.09251846110523301,0.00012863472427231956,22,58,0.05229192543093595,0.07663454236336754,True,False,True,3.0676856665294575e-08,COMPLETE
1675,0.49557017087936406,2025-03-31 23:13:49.020231,2025-03-31 23:13:56.167704,0 days 00:00:07.147473,0.09384767516839045,0.8873611857891165,16,0.05694443738212944,0.12745621292637122,0.006041947090930843,0.01731204575507749,0.09541101404865346,0.07663364968372932,0.00018114572283657932,21,57,0.039498847835018336,0.08693112923025463,True,False,True,4.664771282711796e-08,COMPLETE
1676,0.48490773439407353,2025-03-31 23:13:56.724370,2025-03-31 23:14:05.182855,0 days 00:00:08.458485,0.05822555153879329,0.7464799996279661,8,0.062480896439126174,0.11327023564899003,0.002691038873303803,0.014065479379807313,0.09258039734602952,0.08622757458679718,0.0002296022339525327,22,59,0.03597678038213044,0.09177982151947131,True,False,True,2.8968762556892078e-08,COMPLETE
1677,0.5056296229362488,2025-03-31 23:14:05.720047,2025-03-31 23:14:12.891803,0 days 00:00:07.171756,0.06765746765282879,0.918664457087664,16,0.07071936456789725,0.12094843221918779,0.00466762740574889,0.01489170866239963,0.09126937485978705,0.07973899933839043,0.00015937427682729242,21,62,0.04303265087539842,0.07938427585012442,True,False,True,2.7096185186593026e-08,COMPLETE
1678,0.41553414463996885,2025-03-31 23:14:13.448652,2025-03-31 23:14:20.656314,0 days 00:00:07.207662,0.04841790664393035,0.7728449378769491,16,0.19714676674188358,0.14703359867206894,0.006398466193519624,0.01669992903459491,0.09372448650795999,0.08872272676063837,0.0002672924646222377,22,51,0.05078377641692597,0.07331343274777642,True,False,True,4.066473728913943e-08,COMPLETE
1679,0.48084770441055297,2025-03-31 23:14:21.192097,2025-03-31 23:14:28.275533,0 days 00:00:07.083436,0.08963766192406705,0.8412177197424501,16,0.055710349561690034,0.15350074728500082,0.0037534724877917192,0.01585191621825937,0.09124037327899773,0.06841350663000849,0.0001943291581237119,21,62,0.05513036796648051,0.08262321732896488,True,False,True,5.8371175917809975e-08,COMPLETE
1680,0.4860583305358887,2025-03-31 23:14:28.835122,2025-03-31 23:14:36.044096,0 days 00:00:07.208974,0.1803086075222222,0.8158144811304106,16,0.06452696908482404,0.13235462871601078,0.002636360566549347,0.014571089903023174,0.09641800692675621,0.07459148424971111,0.0003772275443245093,22,56,0.046311944608420266,0.09587004713721911,True,False,True,4.987778268754212e-08,COMPLETE
1681,0.4970680356025696,2025-03-31 23:14:36.582502,2025-03-31 23:14:43.824222,0 days 00:00:07.241720,0.11718195989976202,0.8626215994460693,16,0.0845957335559055,0.10969236043261907,0.006910498422618253,0.019425504878001456,0.0905101497590728,0.08333047222782715,0.000776353524576761,22,61,0.04853077654134771,0.08648450031785339,True,False,True,3.7205259493495247e-08,COMPLETE
