number,value,datetime_start,datetime_complete,duration,params_alpha-eval,params_alpha-train,params_batch-size,params_eps-eval,params_eps-train,params_lambda-actions-eval,params_lambda-actions-train,params_lambda-frames-eval,params_lambda-frames-train,params_learning-rate,params_n-epochs,params_n-frames,params_radius-gw,params_rho,params_std-feats,params_ub-actions,params_ub-frames,params_weight-decay,state
786,0.5620639324188232,2025-03-31 21:11:13.257637,2025-03-31 21:11:20.644645,0 days 00:00:07.387008,0.02716971409840733,0.7924123614679306,16,0.036448632268278665,0.148088967759464,0.009556402966825634,0.023918645391463992,0.09934202825387119,0.07185598257776611,0.00018803724955379563,26,94,0.04225143860125863,0.0834497019660341,False,False,True,5.888558803339607e-05,COMPLETE
787,0.4839509844779969,2025-03-31 21:11:20.900881,2025-03-31 21:11:28.214754,0 days 00:00:07.313873,0.01165009445869784,0.7497139598383165,16,0.04540587131509114,0.13351443456679998,0.005467049205092585,0.014249829688035866,0.09553046606078798,0.03235372932116795,0.00011010551175165878,25,92,0.03708166980146219,0.07312632151645293,False,False,True,1.3053992549161831e-05,COMPLETE
788,0.539484977722168,2025-03-31 21:11:28.461087,2025-03-31 21:11:47.963470,0 days 00:00:19.502383,0.05016783167065253,0.7342870113034751,2,0.05689110985928287,0.14087087830542752,0.014297830632018466,0.017456320455903264,0.09637702114872122,0.04884558496185797,0.00014994090229350021,26,95,0.04216760093676637,0.08990435814491032,False,False,True,0.00016814110436323397,COMPLETE
789,0.5627550721168518,2025-03-31 21:11:48.218592,2025-03-31 21:11:55.594177,0 days 00:00:07.375585,0.010946449842362082,0.8056169093924029,16,0.03969384486138691,0.12699280588376394,0.011208227603652724,0.028696400155997524,0.09528119296066338,0.07402003378503672,0.00030166896069335847,25,93,0.04044525551846174,0.0952320737346722,False,False,True,0.00022410652326545686,COMPLETE
790,0.32372890710830693,2025-03-31 21:11:55.853164,2025-03-31 21:12:03.266410,0 days 00:00:07.413246,0.05851238425490572,0.781548710713368,16,0.03334959560549274,0.15624615428089172,0.00887177006009771,0.016466300471001106,0.09431075480281492,0.06838031729068521,0.00018241395232723774,25,91,0.04434897817686561,0.08770417941078011,False,True,True,0.000141172976636737,COMPLETE
791,0.5553482174873352,2025-03-31 21:12:03.517643,2025-03-31 21:12:12.461209,0 days 00:00:08.943566,0.03274925019885643,0.7518946755458252,8,0.049290848429879464,0.20964568954387136,0.014308486073994008,0.020119347499229633,0.09438178685092621,0.0708976920642287,0.0002296263803472479,26,97,0.035805969834919654,0.09927584665697207,False,False,True,1.5368074740982946e-06,COMPLETE
792,0.39744678735733036,2025-03-31 21:12:12.718747,2025-03-31 21:12:20.488358,0 days 00:00:07.769611,0.010458094656923805,0.7687050497260264,16,0.06577880287956199,0.13455603096630397,0.0035981498386345352,0.03233348594288109,0.09665261201371968,0.06634235591090665,0.0001512398320198862,24,88,0.03864825732980054,0.07026844084298259,False,False,False,8.251045532220777e-05,COMPLETE
793,0.5589212417602539,2025-03-31 21:12:20.753813,2025-03-31 21:12:28.155976,0 days 00:00:07.402163,0.05360450320260525,0.7345985934421767,16,0.040608332815557695,0.1468251655342202,0.011655442546485218,0.01573055946780998,0.052109152404732004,0.07363051959167477,0.00026600706755936995,26,92,0.040787023122334974,0.07519334610789126,False,False,True,0.00010085614950660021,COMPLETE
794,0.4849109530448914,2025-03-31 21:12:28.402830,2025-03-31 21:12:35.934336,0 days 00:00:07.531506,0.03239750600527859,0.7974041132035948,16,0.030889248881562532,0.1619417230455317,0.0077458373680466455,0.018423059167589524,0.09879385496261646,0.0708632628400463,5.881451838854721e-05,25,101,0.03346520707840754,0.07168052497932377,True,False,True,0.00019142826666533928,COMPLETE
795,0.5121886610984803,2025-03-31 21:12:36.195846,2025-03-31 21:12:43.579997,0 days 00:00:07.384151,0.06140394709739634,0.7473584733314018,16,0.054068927200790866,0.17773749433097236,0.013086937689480608,0.03487042733222874,0.09961236733524308,0.06453525955447242,0.00012797789927883405,26,88,0.04367443165551949,0.07026776234864843,False,False,True,0.0006607637597436829,COMPLETE
796,0.5458176255226135,2025-03-31 21:12:43.840682,2025-03-31 21:12:51.164587,0 days 00:00:07.323905,0.040977973575106824,0.720311910863708,16,0.07328358657804607,0.1398454323095104,0.009954409496428219,0.032057287917408916,0.09476448538011856,0.0676647307824949,0.00020087176035754874,25,95,0.04220138756231639,0.07467474582593395,False,False,True,0.00012713391124857514,COMPLETE
797,0.4004719376564026,2025-03-31 21:12:51.411426,2025-03-31 21:12:58.846442,0 days 00:00:07.435016,0.028130293663313745,0.779716695947799,16,0.04720020611801599,0.287395994301356,0.005560685357972798,0.01663558737362409,0.09336005512450402,0.06961310655635057,2.251444551497937e-05,26,90,0.03901002659160048,0.08094190434770632,False,False,True,1.5054407208694437e-08,COMPLETE
798,0.5455141663551331,2025-03-31 21:12:59.105989,2025-03-31 21:13:06.334194,0 days 00:00:07.228205,0.0623222579222299,0.7613147396482645,16,0.034999067709094084,0.15040953115906935,0.015286265406674692,0.02588792267217953,0.01734431566388526,0.07321254748514124,0.00034803864970145556,24,104,0.03652655373790925,0.0636728491908617,False,False,True,0.000246627810864712,COMPLETE
799,0.5639760851860046,2025-03-31 21:13:06.598653,2025-03-31 21:13:14.214475,0 days 00:00:07.615822,0.03900559007465699,0.7291389513600447,16,0.059044476242513626,0.12700309378526203,0.011662012267445742,0.014612096710376481,0.09347027989548704,0.06292168169767513,0.00017401073588972933,29,86,0.04081584384769045,0.06895976939091997,False,False,True,1.0017585996636018e-08,COMPLETE
800,0.5571635127067566,2025-03-31 21:13:14.459384,2025-03-31 21:13:21.874746,0 days 00:00:07.415362,0.06989513152714621,0.8068741853716251,16,0.04278347726506877,0.14472814506853784,0.007477569523661142,0.03702619327884795,0.09656626616619482,0.06625507919341489,0.0002424446893714111,26,91,0.04354693840172522,0.06653373777330436,False,False,True,0.000974363574901335,COMPLETE
801,0.39966127872467044,2025-03-31 21:13:22.136831,2025-03-31 21:13:28.719762,0 days 00:00:06.582931,0.010180740254710562,0.09150052686149801,16,0.037227775998132984,0.1709068378069461,0.015374267200638492,0.029965531024539527,0.09278719440467463,0.07445964036903244,0.0002083799706711886,16,99,0.03846318256037537,0.07431121572233938,False,False,True,0.0001576889148478757,COMPLETE
802,0.4028679132461548,2025-03-31 21:13:28.982259,2025-03-31 21:13:34.740519,0 days 00:00:05.758260,0.03204101007191595,0.7115183663332495,16,0.030387777519286317,0.1334916907694538,0.010442113768972227,0.021669399478125,0.09516580587463495,0.06863504540613184,0.00012884891041089227,6,94,0.04501978855910973,0.10515252776209584,False,False,True,9.271643708681231e-05,COMPLETE
803,0.5149547100067139,2025-03-31 21:13:34.989605,2025-03-31 21:13:42.727217,0 days 00:00:07.737612,0.010298381971050648,0.785166609986612,16,0.05121733756037585,0.15573629531065217,0.01318516310678318,0.011280883408017155,0.09275709896591725,0.07163411400742696,0.0008383972616346699,30,87,0.04132445893458113,0.06447055318870434,False,False,True,0.00011974882457339239,COMPLETE
804,0.5324908018112183,2025-03-31 21:13:42.989303,2025-03-31 21:13:50.260083,0 days 00:00:07.270780,0.04445821719149792,0.7446680376085862,16,0.044416031549215314,0.1405802319534293,0.008754478579843303,0.0122877757301004,0.09178650289628197,0.07465965435739716,0.00017081960308261085,24,89,0.03953163752798491,0.09387761762300445,False,False,True,1.6766903787826882e-08,COMPLETE
805,0.5507049083709717,2025-03-31 21:13:50.510619,2025-03-31 21:13:57.817062,0 days 00:00:07.306443,0.07829768006649283,0.7678171711460874,16,0.039501703705295765,0.16121160821160338,0.011967225004041088,0.0349536489784398,0.0989961715019867,0.06516112708047057,0.0003043323800822524,25,86,0.04231851340922084,0.11822939711136168,False,False,True,3.365287815994245e-06,COMPLETE
806,0.5643117427825928,2025-03-31 21:13:58.081964,2025-03-31 21:14:05.466145,0 days 00:00:07.384181,0.05827525048669165,0.7044090609529431,16,0.05510172414457146,0.1500959316339659,0.00629390824092824,0.027264133895754633,0.09944174693649603,0.07036069336428427,0.0002176694105730065,26,92,0.03745791102375546,0.08227180367630153,False,False,True,0.0001836997969767808,COMPLETE
807,0.5225106120109558,2025-03-31 21:14:05.728683,2025-03-31 21:14:13.068669,0 days 00:00:07.339986,0.026942472347478374,0.7348267307330422,16,0.04852291047624786,0.13437288035233444,0.014542124684130396,0.03235022994557656,0.09047365055617765,0.06746864499055326,0.00015333737844869575,25,96,0.04348334200147589,0.06070651173280693,False,False,True,1.1968991065231971e-08,COMPLETE
808,0.4229861617088318,2025-03-31 21:14:13.318795,2025-03-31 21:14:20.336362,0 days 00:00:07.017567,0.05440389112855376,0.8201642501312901,16,0.027412473998982063,0.1264231583688913,0.008871581303274867,0.03845183839979601,0.09304743569691797,0.026393102186617504,0.00010629220618296757,22,87,0.04670761909009469,0.07058056784098807,False,False,True,7.145813559811724e-05,COMPLETE
809,0.3221655011177063,2025-03-31 21:14:20.601016,2025-03-31 21:14:28.059703,0 days 00:00:07.458687,0.026743083122479496,0.7585696158635624,16,0.06184511076654837,0.19144403034210514,0.016121250352526185,0.03647385274862083,0.06637791688892684,0.069616987802368,0.00027267082867127546,26,84,0.040119367825220985,0.057347340796735966,False,True,True,0.000436966791405862,COMPLETE
810,0.5124700188636779,2025-03-31 21:14:28.322029,2025-03-31 21:14:46.488902,0 days 00:00:18.166873,0.08846527350894709,0.7871038601587546,2,0.03414015290083659,0.14486508993707117,0.0036699006693384096,0.024720376846024576,0.09689597166338582,0.07247855123898929,0.00018676967326455165,24,89,0.03612988381459108,0.04722325966440765,False,False,True,1.8501537273856326e-05,COMPLETE
811,0.39469572305679324,2025-03-31 21:14:46.747958,2025-03-31 21:14:55.079792,0 days 00:00:08.331834,0.04695051651149139,0.6961307226644007,16,0.039825323737417234,0.15619680526501853,0.011365415759907014,0.012263457182662408,0.09508703038250403,0.06296849425719772,0.00022613056717003411,29,90,0.04513385669440628,0.14224338078341245,False,False,False,1.0070253179994407e-08,COMPLETE
812,0.49350692033767707,2025-03-31 21:14:55.342686,2025-03-31 21:15:02.726581,0 days 00:00:07.383895,0.06877096835200133,0.7244733825265023,16,0.047094848217486926,0.1401218931709888,0.013440059306120775,0.030671815771965434,0.08930772886745042,0.07518713617995228,0.00013341872503361014,23,100,0.03464849847966677,0.0774137656142368,True,False,True,3.071464331724159e-05,COMPLETE
813,0.5559049010276795,2025-03-31 21:15:02.991807,2025-03-31 21:15:11.780689,0 days 00:00:08.788882,0.1578982617509619,0.7469126159141226,8,0.03177213912364715,0.1678148652381907,0.00974149884427518,0.0348916976685851,0.0911053080608605,0.0673686164043141,0.00016840617784662058,25,94,0.041739878199758176,0.06124042219361015,False,False,True,0.00024132456093488034,COMPLETE
814,0.5561801671981812,2025-03-31 21:15:12.036020,2025-03-31 21:15:19.456457,0 days 00:00:07.420437,0.011006882010614172,0.7708148204722443,16,0.05310565782202405,0.1300483186944811,0.006391728109947098,0.029353681453854537,0.03571767597345507,0.07183941205362096,0.0002387235771735207,26,86,0.038064397200164427,0.06854840727831302,False,False,True,0.0001570124153514198,COMPLETE
815,0.5177477359771728,2025-03-31 21:15:19.722968,2025-03-31 21:15:26.991543,0 days 00:00:07.268575,0.12489225639990457,0.7189884165778556,16,0.04520617777217997,0.1506314287690428,0.0165196150670606,0.01355808642641231,0.09408477219884886,0.06033827273090554,0.0003364018107389826,25,83,0.03159787003408676,0.08922283902230772,False,False,True,1.480778497153041e-08,COMPLETE
816,0.5468101024627686,2025-03-31 21:15:27.258187,2025-03-31 21:15:34.435565,0 days 00:00:07.177378,0.03566750000986537,0.8110075263601176,16,0.03707930733753465,0.13710534459185295,0.014053916588232135,0.033108202215789785,0.09994903644716446,0.06891680010711153,0.00019797051728251693,24,87,0.04363810878934136,0.04421345506330405,False,False,True,0.00012039260885018186,COMPLETE
817,0.5555204868316651,2025-03-31 21:15:34.691287,2025-03-31 21:15:42.080036,0 days 00:00:07.388749,0.09110228488916894,0.6980076368271956,16,0.027903829737609395,0.12289091087972591,0.01158529407877408,0.03811820082387473,0.08719708414071455,0.06539023416254747,0.0001528976276400403,26,83,0.04002393056177289,0.05431908181535711,False,False,True,0.00021189859009325987,COMPLETE
818,0.5440942645072937,2025-03-31 21:15:42.344239,2025-03-31 21:15:49.948411,0 days 00:00:07.604172,0.1067289750595393,0.7408710719958322,16,0.04213965245204698,0.14636269842290653,0.008258386836460435,0.02242970866975029,0.03923945335110074,0.07370394322731418,0.00028360456516423785,28,103,0.047220626368536085,0.06461272339241904,False,False,True,1.288789739509549e-08,COMPLETE
819,0.550822949409485,2025-03-31 21:15:50.216011,2025-03-31 21:15:57.407621,0 days 00:00:07.191610,0.01021463858233213,0.7914433353465847,16,0.10725491564251428,0.15837197870886768,0.010351095908445549,0.027505088718481757,0.08992867072575542,0.07537332320756396,0.000205104191744891,24,92,0.04271548827109084,0.05065020099573293,False,False,True,5.449717970737798e-06,COMPLETE
820,0.39034998416900635,2025-03-31 21:15:57.661534,2025-03-31 21:16:05.275982,0 days 00:00:07.614448,0.0556282083733215,0.035484693853589544,16,0.0816066219690078,0.13291071348330116,0.013537161171580794,0.03939456354214924,0.0923875942633735,0.06998245727311965,0.00024793665864881857,29,97,0.0446700763033299,0.22409376912766812,False,False,True,0.0005597807594090949,COMPLETE
821,0.4992489218711853,2025-03-31 21:16:05.541668,2025-03-31 21:16:12.441456,0 days 00:00:06.899788,0.03139622290270101,0.7586213827794852,16,0.06535892795273775,0.15194434582374158,0.01541589953575402,0.031181860277580433,0.0883192834724063,0.07224845169644518,0.00013440799415313147,20,89,0.03739734711449039,0.05752485421723732,False,False,True,0.00014494018085380164,COMPLETE
822,0.558079993724823,2025-03-31 21:16:12.710542,2025-03-31 21:16:20.130744,0 days 00:00:07.420202,0.13487378263015082,0.7143285928779299,16,0.054878126199512975,0.14284108400806042,0.00488756290817949,0.03423343537388884,0.08617721677549252,0.06770451698064517,0.00017194397963925278,26,81,0.040842950638284706,0.06386216141019228,False,False,True,1.576420278807222e-08,COMPLETE
823,0.47146680355072024,2025-03-31 21:16:20.401147,2025-03-31 21:16:27.724464,0 days 00:00:07.323317,0.07128557036880309,0.6872551797747152,16,0.0347044217179927,0.2145485425156442,0.01263692335219788,0.037381219117310266,0.09077387774565283,0.07078845677304965,9.629571159260819e-05,25,85,0.03872442463005729,0.07444923449095744,False,False,True,1.7509662062530676e-08,COMPLETE
824,0.5408072829246521,2025-03-31 21:16:27.981104,2025-03-31 21:16:35.556465,0 days 00:00:07.575361,0.04422766784919765,0.7738489068815957,16,0.047927397945676325,0.16326992671952734,0.017200857779664947,0.018272112254907807,0.09432731247150336,0.06472610082324491,0.0004004022619299351,28,70,0.04649464128633074,0.046025134049485036,False,False,True,0.00018782871241614736,COMPLETE
825,0.5416492223739624,2025-03-31 21:16:35.825200,2025-03-31 21:16:42.393362,0 days 00:00:06.568162,0.025540765374850127,0.7300094573786927,16,0.04189708173021887,0.13680159031418498,0.007986186521092368,0.028765336047699083,0.08887015738110905,0.07586493699632132,0.00018990859238274979,17,94,0.04201789093882531,0.05246359165010572,False,False,True,0.00010770620118199732,COMPLETE
826,0.5577290415763856,2025-03-31 21:16:42.668504,2025-03-31 21:16:50.093539,0 days 00:00:07.425035,0.08422612756300742,0.7493034849925065,16,0.025057407373754007,0.1254734927835323,0.010477225859928592,0.03618072345840651,0.0964571121490144,0.06678648044615794,0.0002588668710411873,26,91,0.035176130495722234,0.06888708650823151,False,False,True,0.0003155282700908238,COMPLETE
827,0.5173097252845764,2025-03-31 21:16:50.351958,2025-03-31 21:16:57.802128,0 days 00:00:07.450170,0.10484259760828124,0.8015387229672504,16,0.05917276385552388,0.15361021956699836,0.01204017733206164,0.031168684264128964,0.022906078494060175,0.07371901596363122,0.00011538936797510442,27,83,0.03988086862559268,0.05772906461247451,False,False,True,1.2824725088990819e-08,COMPLETE
828,0.32258812189102176,2025-03-31 21:16:58.073236,2025-03-31 21:17:05.464096,0 days 00:00:07.390860,0.05952656863624921,0.7094263044479581,16,0.03167430283207896,0.1733999854081525,0.0030116708454123275,0.03327881614030345,0.08595563934055832,0.06862303519517943,0.00015502228951528644,25,140,0.04413885896260795,0.061851655565846875,False,True,True,8.403161871203826e-05,COMPLETE
829,0.51417396068573,2025-03-31 21:17:05.740404,2025-03-31 21:17:13.427269,0 days 00:00:07.686865,0.16792016845469748,0.76367070789767,16,0.05193444602018771,0.0017433371707086531,0.0065185711170587714,0.04044098505985281,0.09213356966047714,0.07128171260820909,0.00019987398739508775,29,80,0.04232780838342789,0.07936074882552281,False,False,True,1.0049287117582488e-08,COMPLETE
830,0.39586930274963383,2025-03-31 21:17:13.687490,2025-03-31 21:17:21.837778,0 days 00:00:08.150288,0.03099264349373332,0.6874165943324108,16,0.03975294536806376,0.1440270539980297,0.014781593098792133,0.024861318698090187,0.08959908825016558,0.06216633729765402,0.00030411017439838496,28,87,0.03750482753287681,0.04420121350819094,False,False,False,0.00014205943599252297,COMPLETE
831,0.5009604811668396,2025-03-31 21:17:22.109123,2025-03-31 21:17:29.478923,0 days 00:00:07.369800,0.010558429166450917,0.7388827004554454,16,0.04584020181783722,0.13050081506811093,0.009808129707759398,0.026639659372373208,0.08747900533969037,0.07563938692302787,0.00022549682883566527,24,76,0.04567929216352303,0.052971770295970305,True,False,True,0.0002031727019379509,COMPLETE
832,0.5044570446014405,2025-03-31 21:17:29.753438,2025-03-31 21:17:47.484946,0 days 00:00:17.731508,0.04889693127004428,0.7881348060611182,2,0.07144491492010466,0.14846683133562202,0.018243795925700277,0.014866950171016066,0.09348860180582216,0.06411950441484804,0.0001710198618475077,23,72,0.040282018824691304,0.06722773589386576,False,False,True,0.0002640070081785551,COMPLETE
833,0.28286103010177616,2025-03-31 21:17:47.743457,2025-03-31 21:17:55.213359,0 days 00:00:07.469902,0.9442365114555034,0.723103396889641,16,0.03316822684738683,0.1831961874219425,0.01330878827646137,0.03528733463663688,0.09118427340094955,0.07325076759821782,0.0001343846317177749,26,130,0.033151256889117846,0.0864751127367737,False,False,True,0.0007484684362294605,COMPLETE
834,0.5492210388183594,2025-03-31 21:17:55.488389,2025-03-31 21:18:03.003860,0 days 00:00:07.515471,0.0736192894539672,0.8330398392555158,16,0.03738382828947516,0.1212898912407952,0.008447791143824207,0.038737353841634355,0.08445941724313814,0.0665016423517307,0.00026552600499648855,27,85,0.0482923844580459,0.05888469132781925,False,False,True,1.7215256370915365e-08,COMPLETE
835,0.5404607057571411,2025-03-31 21:18:03.281182,2025-03-31 21:18:12.088972,0 days 00:00:08.807790,0.13975192507456113,0.7722609883583403,8,0.025795611599948802,0.13868724054845083,0.01610544117296236,0.031530522130904244,0.0961540146365888,0.07008899518853531,0.00021347818155479484,25,80,0.04346590944345725,0.04755193313435089,False,False,True,1.2197912335131636e-08,COMPLETE
836,0.29489009976387026,2025-03-31 21:18:12.355843,2025-03-31 21:18:19.943904,0 days 00:00:07.588061,0.7546277416390188,0.7481010067331537,16,0.05007657607282541,0.16011071524335407,0.011540200155934837,0.029092513630510825,0.03160373296784985,0.06902576532548951,3.841712295968776e-05,28,97,0.03877142068361815,0.07245677941805433,False,False,True,9.621652086576227e-06,COMPLETE
837,0.5553594946861268,2025-03-31 21:18:20.216950,2025-03-31 21:18:27.704386,0 days 00:00:07.487436,0.030376861572745377,0.6945552610561998,16,0.04258419626045792,0.13250392177183618,0.01417888556880552,0.03714816096387248,0.0060639125046450665,0.07684436656863522,0.00017198595162971024,27,89,0.04137842566519474,0.054305588339144256,False,False,True,0.00011191863504446849,COMPLETE
838,0.37487256526947027,2025-03-31 21:18:27.982795,2025-03-31 21:18:35.338190,0 days 00:00:07.355395,0.11402405344542052,0.8126624116284502,16,0.05459005871301313,0.15365605722089107,0.004728253254908818,0.034598687830975805,0.08792072513665886,0.07279530768129605,0.00014698346270326093,26,78,0.010816406053919106,0.06528928798032017,False,False,True,0.00016010519643563155,COMPLETE
839,0.3886288046836853,2025-03-31 21:18:35.601484,2025-03-31 21:18:42.817998,0 days 00:00:07.216514,0.04571915475471513,0.27886247084658666,16,0.05971801613005471,0.16690166131501072,0.00941421469476309,0.03284452746368846,0.08972746086147725,0.06594029190502733,0.0003710342141669616,24,74,0.035892602756148986,0.04088403721984436,False,False,True,0.0003695777861604117,COMPLETE
840,0.5568596839904785,2025-03-31 21:18:43.091971,2025-03-31 21:18:50.552276,0 days 00:00:07.460305,0.010545881385158037,0.7157657201022684,16,0.03720926875136231,0.14018436056865707,0.006871393337732784,0.041440894138222654,0.0445561955702878,0.07133786605321657,0.0002398681593668425,27,83,0.04480466515614737,0.05082491328946387,False,False,True,1.2460544490345367e-08,COMPLETE
841,0.4991614818572998,2025-03-31 21:18:50.829267,2025-03-31 21:18:58.106338,0 days 00:00:07.277071,0.08452981226022466,0.7918393915452555,16,0.02956654672033486,0.14458099714415829,0.011516104709801592,0.023232006438192437,0.06952164781625846,0.07472296511845065,0.0001945692783745546,25,70,0.04192981886145086,0.06003314663897146,False,False,True,1.4743118415493073e-08,COMPLETE
