number,value,datetime_start,datetime_complete,duration,params_alpha-eval,params_alpha-train,params_batch-size,params_eps-eval,params_eps-train,params_lambda-actions-eval,params_lambda-actions-train,params_lambda-frames-eval,params_lambda-frames-train,params_learning-rate,params_n-epochs,params_n-frames,params_radius-gw,params_rho,params_std-feats,params_ub-actions,params_ub-frames,params_weight-decay,state
113,0.5426331758499146,2025-03-31 19:40:26.080298,2025-03-31 19:40:47.392981,0 days 00:00:21.312683,0.13314497566312697,0.7926830479102099,2,0.0676420849458152,0.12217685484660012,0.08295277033074186,0.012490528558190005,0.09411655581985408,0.09573884837856059,0.0003182046212098975,30,58,0.05430942583046236,0.16177275830467494,False,False,True,9.679224695595383e-07,COMPLETE
114,0.5272246599197388,2025-03-31 19:40:47.430501,2025-03-31 19:41:08.832173,0 days 00:00:21.401672,0.13605582652738518,0.7893176201229881,2,0.059246385701586836,0.13527921000752482,0.0870969725657725,0.01881345238066437,0.09411514850511357,0.09619553990220954,0.00031942744970307383,30,59,0.058282997572086326,0.1575557708911061,False,False,True,9.437531278741927e-07,COMPLETE
115,0.5317904829978943,2025-03-31 19:41:08.869969,2025-03-31 19:41:29.648201,0 days 00:00:20.778232,0.39234369162945015,0.9190769382579341,2,0.06650994053029904,0.12101290005183038,0.08286379840437273,0.011357511023464682,0.0968670556079166,0.09037948113510419,0.000794208668897095,29,51,0.06828360101570204,0.13710803966737356,False,False,True,2.3062154062860982e-07,COMPLETE
116,0.28348258733749393,2025-03-31 19:41:29.687203,2025-03-31 19:41:51.421683,0 days 00:00:21.734480,0.15856292349144635,0.8687904507155376,2,0.14746841952172382,0.1295851444893093,0.08854901533439405,0.007804973642065757,0.06679648115227174,0.05164647359869703,0.0003778482199799887,30,64,0.05438440451327205,0.18073256572194724,False,True,True,5.596341704249037e-07,COMPLETE
117,0.395790433883667,2025-03-31 19:41:51.459905,2025-03-31 19:42:15.275906,0 days 00:00:23.816001,0.0938534443180778,0.8992786948732963,2,0.12293684137087466,0.11478486540581082,0.02982280868240938,0.0010023694090695,0.07827851772834114,0.09801305604046476,0.0002637894308257672,29,62,0.04925651057609304,0.1648541080411842,False,False,False,1.1907368792623574e-06,COMPLETE
118,0.42639060020446784,2025-03-31 19:42:15.315588,2025-03-31 19:42:35.355434,0 days 00:00:20.039846,0.3140174228827592,0.8317578395859012,2,0.16139398244190709,0.14246009972457474,0.07667422152515115,0.012328333435411164,0.06312106180301251,0.09327246176734524,0.0006124881116074838,28,49,0.05640897354843957,0.12986633334328535,False,False,True,1.491250986233046e-07,COMPLETE
119,0.3878429889678955,2025-03-31 19:42:35.395768,2025-03-31 19:42:57.159845,0 days 00:00:21.764077,0.11182768455494191,0.825027072667881,2,0.10273305366930088,0.0973635696153394,0.08210639245603125,0.003268136113876302,0.07093932493950277,0.08513611231978058,0.0001665261670219152,30,78,0.07701665063752892,0.19703808673094753,True,False,True,6.282056728052964e-07,COMPLETE
120,0.5439631938934326,2025-03-31 19:42:57.200033,2025-03-31 19:43:04.346295,0 days 00:00:07.146262,0.06773306013163372,0.9485792315840603,16,0.034794780680961146,0.1075409344663315,0.08597097437494154,0.05217026963776099,0.09888447084602217,0.09510968944235382,0.00045998009897386683,24,56,0.061696846467285564,0.11851769974873802,False,False,True,3.725798151531631e-07,COMPLETE
121,0.5556223154067994,2025-03-31 19:43:04.386579,2025-03-31 19:43:11.564614,0 days 00:00:07.178035,0.06969196718574831,0.9636809881470868,16,0.03266502295815651,0.10790558274608172,0.08558083580245424,0.05138209677073028,0.09567524512563612,0.09489885813777707,0.00041390271328927065,24,56,0.0617611448990694,0.09025087579153421,False,False,True,3.606038706464614e-07,COMPLETE
122,0.5538363218307496,2025-03-31 19:43:11.604700,2025-03-31 19:43:18.748984,0 days 00:00:07.144284,0.06914626584041883,0.9826533167990931,16,0.02752287636278611,0.10715734120239565,0.0861341762146314,0.05593920344246594,0.09999727744238583,0.0999411079475364,0.00043812346332331527,24,57,0.06436613434104653,0.07834633503490365,False,False,True,3.609048821626999e-07,COMPLETE
123,0.4165027618408203,2025-03-31 19:43:18.798301,2025-03-31 19:43:25.822554,0 days 00:00:07.024253,0.08131518011800064,0.9971505444462812,16,0.025618276973022196,0.10656686987123011,0.08633485706246663,0.05156350027090668,0.09981418211522104,0.09933855761326665,0.0002319105611611083,23,55,0.06199138505951377,0.07084207416165356,False,False,True,2.686391797950981e-07,COMPLETE
124,0.5584265232086182,2025-03-31 19:43:25.863651,2025-03-31 19:43:33.055734,0 days 00:00:07.192083,0.13046253210912534,0.944580405425712,16,0.03877804189925977,0.08504691929012886,0.08459632315713916,0.05461627130004059,0.09518232632350536,0.09497513994948047,0.0003044889874656107,24,58,0.06478748372116273,0.08334689056654086,False,False,True,3.5712468859038003e-07,COMPLETE
125,0.5443087816238403,2025-03-31 19:43:33.096667,2025-03-31 19:43:40.259639,0 days 00:00:07.162972,0.1948054237089722,0.9539006911499066,16,0.032695354780730004,0.083466867335831,0.0848777680405463,0.05435146723087224,0.09741281997946172,0.09639810745898218,0.00042267480455729974,24,56,0.06557977314338208,0.07359388737241976,False,False,True,2.0300529148755778e-07,COMPLETE
126,0.543540906906128,2025-03-31 19:43:40.300615,2025-03-31 19:43:47.467976,0 days 00:00:07.167361,0.2035158146780608,0.9766034059952876,16,0.014737951930454001,0.08323725996542333,0.09219958251414682,0.05599716600667636,0.09703521920903996,0.0954541655197633,0.0002820818769509859,24,57,0.06425801140452705,0.08351485903646323,False,False,True,4.425825457832271e-08,COMPLETE
127,0.5454851269721985,2025-03-31 19:43:47.508927,2025-03-31 19:43:54.707764,0 days 00:00:07.198837,0.1979816754040146,0.9513783130745216,16,0.03319494562869155,0.07145494628660366,0.09234989211212748,0.055011829710763856,0.09593809524076892,0.0966621291462587,0.0004396051433161548,24,57,0.06084225039414939,0.08308992791916893,False,False,True,1.973120592803271e-08,COMPLETE
128,0.5428809285163879,2025-03-31 19:43:54.749852,2025-03-31 19:44:01.983521,0 days 00:00:07.233669,0.27206556337071114,0.9751843586019258,16,0.033837944880575885,0.07093084845766096,0.09203124194402758,0.05532840056470479,0.0963143805251576,0.09520053738457464,0.000451560614373773,24,51,0.0639701109686365,0.08239749460050699,False,False,True,1.7224793706625425e-08,COMPLETE
129,0.48174036741256715,2025-03-31 19:44:02.025799,2025-03-31 19:44:10.609060,0 days 00:00:08.583261,0.22568004431682342,0.9563262295912622,8,0.03349635088697056,0.06184811380146468,0.09601116855573849,0.05484341001411892,0.09615313100927059,0.09538525419584455,0.0004546623461210627,24,41,0.0643393095885686,0.0793674078253131,False,False,True,5.7947536499551956e-08,COMPLETE
130,0.5196998000144959,2025-03-31 19:44:10.651880,2025-03-31 19:44:17.676454,0 days 00:00:07.024574,0.2828153918048558,0.9852971114682141,16,0.009960297569633535,0.0828271264188685,0.09264422066691627,0.06215201225975908,0.09875034878103191,0.09578689878760573,0.0011403807097000102,23,50,0.06010370004814102,0.0906955168908737,False,False,True,1.4474340073975217e-08,COMPLETE
131,0.5422035217285157,2025-03-31 19:44:17.719201,2025-03-31 19:44:24.722494,0 days 00:00:07.003293,0.18178977946442407,0.9674402031868823,16,0.015888298448073664,0.07623952601627104,0.08553715335383566,0.04735045017703163,0.09455229157641015,0.09723821804547281,0.00042582437841203174,22,56,0.06305160512982372,0.04828247487480654,False,False,True,2.0429230409333623e-08,COMPLETE
132,0.508232867717743,2025-03-31 19:44:24.765009,2025-03-31 19:44:31.656356,0 days 00:00:06.891347,0.19438509172226348,0.9766791937903119,16,0.04068047043246514,0.07362553750266161,0.08527325794499412,0.047451185792933,0.09411170071168928,0.09305575349939871,0.0005527458065759465,21,46,0.06313463285284557,0.062097205444460075,False,False,True,4.263357123613195e-08,COMPLETE
133,0.5427173852920533,2025-03-31 19:44:31.700010,2025-03-31 19:44:38.841814,0 days 00:00:07.141804,0.2605825679197104,0.9423533545219887,16,0.014155476576014094,0.04888305725994668,0.09158708278578406,0.05549254722621352,0.09626432373855803,0.0971392020319961,0.0004375743676622879,24,53,0.0648610691466881,0.07824715538478477,False,False,True,2.4788647919563433e-08,COMPLETE
134,0.5335291504859925,2025-03-31 19:44:38.885969,2025-03-31 19:44:46.029527,0 days 00:00:07.143558,0.20375196251650507,0.9441956725661483,16,0.032637681667621,0.062287477104169334,0.09937137617518432,0.054568209055636516,0.09689939937267475,0.0945154785429897,0.0007435194821588643,24,51,0.06508819836100213,0.07957116654456792,False,False,True,3.173572220340736e-08,COMPLETE
135,0.3912486910820008,2025-03-31 19:44:46.073469,2025-03-31 19:44:53.279067,0 days 00:00:07.205598,0.24585031032935417,0.9984068779640788,16,0.026611415153158402,0.04903592101733876,0.09431423678993557,0.057878162980993526,0.09181556686126019,0.09744173920859034,0.0003996046725313588,25,53,0.06101496100956665,0.09266829551107232,False,False,True,1.3569369347200907e-08,COMPLETE
136,0.5481585741043091,2025-03-31 19:44:53.323794,2025-03-31 19:45:00.393831,0 days 00:00:07.070037,0.26119919875366404,0.9465123430196973,16,0.04906434490034425,0.08621014798914337,0.09183998034171864,0.04338076910744283,0.09945220143676434,0.09243923914477864,0.00025486602715514095,23,57,0.05829672521576477,0.07361251690388754,False,False,True,2.6643439194806884e-08,COMPLETE
137,0.406373655796051,2025-03-31 19:45:00.438476,2025-03-31 19:45:07.687041,0 days 00:00:07.248565,0.2716335955074564,0.9542193548915363,16,0.016258553812811244,0.04258416829902688,0.0911972294792633,0.04323582086103634,0.09828286157517022,0.0922551765982611,0.0005083328723048557,24,43,0.05875467364432366,0.07334202282067603,False,True,True,2.89264492207449e-08,COMPLETE
138,0.4006675720214844,2025-03-31 19:45:07.740662,2025-03-31 19:45:14.783352,0 days 00:00:07.042690,0.295973426553936,0.9293234197907907,16,0.04354699724292495,0.06946509692803321,0.09647689962733104,0.05347524225787428,0.0995399235866731,0.08828433851937403,0.00023018870983001019,23,7,0.05662493365439728,0.08580070262477633,False,False,True,1.942662545993362e-08,COMPLETE
139,0.3871951460838318,2025-03-31 19:45:14.830435,2025-03-31 19:45:22.602731,0 days 00:00:07.772296,0.2531261433818313,0.9707200912897405,16,0.0512909330334225,0.08686075060475273,0.09400502472727831,0.05851035902817092,0.0961022122594619,0.0928366354571876,0.0008349994009978402,25,39,0.06546304325436504,0.05140065808751749,False,False,False,4.5366717390225185e-08,COMPLETE
140,0.49179208278656006,2025-03-31 19:45:22.648773,2025-03-31 19:45:29.746044,0 days 00:00:07.097271,0.22156578895649448,0.938051787117409,16,0.006362521366760937,0.059141709981715036,0.09164242941648644,0.06490453101767327,0.09993009050779317,0.09470025703187535,0.0006068143296351577,22,53,0.06065765480200209,0.09683363508273599,True,False,True,1.5350147995755378e-08,COMPLETE
141,0.550752866268158,2025-03-31 19:45:29.791934,2025-03-31 19:45:36.918710,0 days 00:00:07.126776,0.34120125048041927,0.9557970217305138,16,0.03509524716972484,0.09266807483660688,0.08393820556476814,0.05685487065146791,0.09395544909219493,0.09562674433063827,0.0002731504854967326,24,58,0.05407037485213924,0.0728272158519501,False,False,True,1.1360527305469189e-08,COMPLETE
142,0.4912417054176331,2025-03-31 19:45:36.964715,2025-03-31 19:45:44.099316,0 days 00:00:07.134601,0.3410411899155844,0.9573291357670901,16,0.030831925441007095,0.09083067227977937,0.08753491248763282,0.05692096902213056,0.09623847038042013,0.09135629150046104,0.0001970964154651549,24,57,0.052368626477829215,0.08489541990279087,False,False,True,1.1804779624478688e-08,COMPLETE
143,0.5458034992218018,2025-03-31 19:45:44.146493,2025-03-31 19:45:51.260792,0 days 00:00:07.114299,0.2669691939421385,0.9249988297546287,16,0.021816385352590582,0.08177368190360657,0.07970907799991946,0.06179470251196803,0.09181201345990522,0.09780772905576292,0.0002678671896280872,23,55,0.05811361739749927,0.07097045747663085,False,False,True,2.0738621799712945e-08,COMPLETE
144,0.4806241273880005,2025-03-31 19:45:51.313612,2025-03-31 19:45:58.378573,0 days 00:00:07.064961,0.3037319955708606,0.981052743614351,16,0.02319053780977625,0.08122863043714915,0.07921756860145995,0.0610833095809852,0.08947935922110391,0.09824816630450034,0.000255561157056847,23,48,0.05856628977782655,0.0630811757049394,False,False,True,1.7320611652026976e-08,COMPLETE
145,0.4801712274551392,2025-03-31 19:45:58.425631,2025-03-31 19:46:05.318159,0 days 00:00:06.892528,0.33568966208248213,0.9166685454061052,16,0.03516870120794267,0.08484245669817078,0.021224130775970206,0.05224082826819742,0.09231035951305998,0.09992442532279168,0.00013679209837335146,21,56,0.05429863834702202,0.07036996709340339,False,False,True,3.5244734482669394e-08,COMPLETE
146,0.47809725999832153,2025-03-31 19:46:05.365318,2025-03-31 19:46:12.444224,0 days 00:00:07.078906,0.439593067655059,0.9025649391060818,16,0.04864248951659965,0.09292082329932244,0.04036442483778015,0.04868224357775556,0.0931242064481396,0.09395684273469401,0.00011387178971696444,23,59,0.055776535431678965,0.052431546686052266,False,False,True,2.755542432433469e-08,COMPLETE
147,0.38563610315322877,2025-03-31 19:46:12.492420,2025-03-31 19:46:19.683654,0 days 00:00:07.191234,0.20485733606685935,0.9989600015631347,16,0.0419989618010887,0.07303088645129867,0.08431137376215511,0.05926912997173888,0.09122082728556406,0.08894911981108211,0.00017233803098011706,25,47,0.061271680510176146,0.05608198917783973,False,False,True,1.012481469159268e-08,COMPLETE
148,0.5485113978385926,2025-03-31 19:46:19.731682,2025-03-31 19:46:27.002987,0 days 00:00:07.271305,0.16529816469402203,0.931300538875886,16,0.03680921007559912,0.09663637780336594,0.09763324832517235,0.06291063810826751,0.09769639419314866,0.09166004441182855,0.00027318785000903986,25,56,0.06678273357188365,0.07371765724682361,False,False,True,4.998406314900066e-08,COMPLETE
149,0.5528366565704346,2025-03-31 19:46:27.050734,2025-03-31 19:46:34.308793,0 days 00:00:07.258059,0.18214967739320054,0.9316241979427806,16,0.0021107837307481996,0.09851375370364562,0.09773691355331439,0.06382901592357842,0.09851897109999529,0.0863553572304947,0.00028012957495864694,25,55,0.06751245970718052,0.07395284117012163,False,False,True,5.7367266336476366e-08,COMPLETE
150,0.5351925611495971,2025-03-31 19:46:34.359027,2025-03-31 19:46:41.401384,0 days 00:00:07.042357,0.15844735419940634,0.9429460960199573,16,0.021562827055264674,0.08838889704123262,0.09800246070123936,0.06412571697480508,0.09793056019838349,0.06200462443122176,0.0002743433578810958,23,56,0.06672270330372114,0.10422058948341138,False,False,True,9.880987750183621e-08,COMPLETE
151,0.5607124209403992,2025-03-31 19:46:41.458735,2025-03-31 19:46:48.695978,0 days 00:00:07.237243,0.17294218367126807,0.9218468058494925,16,0.0010955591741962627,0.10153814314176965,0.09548413872594931,0.07288575411932938,0.09433751997702292,0.09099715477905651,0.0002222555163508011,25,58,0.05775187152690186,0.07398465496438826,False,False,True,6.473054981224155e-08,COMPLETE
152,0.5551121592521667,2025-03-31 19:46:48.744936,2025-03-31 19:46:55.930424,0 days 00:00:07.185488,0.17169587461089778,0.9239832364657011,16,0.005825535813165993,0.09890237684368097,0.09799929978329903,0.06993194088344032,0.09811116094876403,0.08709400321348947,0.0002203626168019032,25,61,0.057836635980210105,0.06685492062464449,False,False,True,5.5020665026790205e-08,COMPLETE
153,0.5544183850288391,2025-03-31 19:46:55.979537,2025-03-31 19:47:03.233230,0 days 00:00:07.253693,0.18850251236396176,0.9193939827700426,16,0.001113381257504895,0.09684374642342597,0.0999062611815181,0.06975037117550298,0.09997870559256815,0.08710978446617054,0.0002228475984252285,25,60,0.05694830283182857,0.07354176663473842,False,False,True,3.752277638770499e-08,COMPLETE
154,0.5559096813201905,2025-03-31 19:47:03.284040,2025-03-31 19:47:10.521681,0 days 00:00:07.237641,0.18149354271600682,0.9222879915644221,16,0.002672582725628784,0.09754165255173186,0.09935320750681848,0.070135939556525,0.09467643393112164,0.08670529528341772,0.00021097029423661564,25,61,0.05699126929603561,0.06667270126522344,False,False,True,4.688747195422452e-08,COMPLETE
155,0.5514597058296205,2025-03-31 19:47:10.570873,2025-03-31 19:47:17.783935,0 days 00:00:07.213062,0.17429222762575625,0.9226327820490361,16,0.00022505539363012203,0.0963327221434138,0.09847703895761613,0.06757245141793485,0.09408625235631585,0.0835933963181032,0.00018441033147767528,25,60,0.05764789827850529,0.0676774700315726,False,False,True,4.642427798696691e-08,COMPLETE
156,0.5292099595069886,2025-03-31 19:47:17.834567,2025-03-31 19:47:25.113547,0 days 00:00:07.278980,0.17909042314672333,0.9160256880360914,16,0.001296410585125668,0.10010330089701568,0.09931273411336501,0.0704417921453672,0.08854028884778783,0.08250664672163668,0.0001510003526931168,25,67,0.05040483567877932,0.06657705931051552,False,False,True,5.99498639855239e-08,COMPLETE
157,0.5436099529266357,2025-03-31 19:47:25.164472,2025-03-31 19:47:32.410441,0 days 00:00:07.245969,0.17184109805981979,0.8976583413961947,16,0.0003881219717133211,0.09591360142226314,0.09781847391278198,0.07154348838102684,0.09404301767572756,0.08627025313898466,0.00020156234101083843,25,62,0.05763891967863521,0.043626139544319736,False,False,True,5.880816918503668e-08,COMPLETE
158,0.5052559614181519,2025-03-31 19:47:32.462124,2025-03-31 19:47:39.736243,0 days 00:00:07.274119,0.15691540888933195,0.9222059374990255,16,0.007990579775094469,0.10401609737093329,0.09564550694338762,0.06847518088468063,0.09049235630727236,0.08711230641112633,0.0001155595553387708,25,60,0.056137129407947406,0.058223274546676286,False,False,True,7.887539908845585e-08,COMPLETE
159,0.5467628836631775,2025-03-31 19:47:39.786924,2025-03-31 19:47:47.084755,0 days 00:00:07.297831,0.22914009415144335,0.895860981429034,16,0.010255395828307211,0.09743267076378545,0.09925833046086771,0.07695358391614177,0.09981246798382439,0.08204230855669509,0.00017572928984442134,26,70,0.052153706508446876,0.0669460703344174,False,False,True,3.8254514811188496e-08,COMPLETE
160,0.4837595701217651,2025-03-31 19:47:47.136757,2025-03-31 19:47:54.473002,0 days 00:00:07.336245,0.23068760638922736,0.890777360331121,16,0.004470800673274204,0.09965016718847895,0.0973974910948295,0.07511742321372611,0.09448033651786202,0.08606790647204564,9.086895973140285e-05,26,65,0.052645390490262525,0.06375281950686298,False,False,True,3.654159541750913e-08,COMPLETE
161,0.545036792755127,2025-03-31 19:47:54.525146,2025-03-31 19:48:01.827064,0 days 00:00:07.301918,0.14115870516273726,0.9212447460758085,16,0.012166681989422478,0.09435514789667505,0.09606329022810597,0.08456402999080677,0.09949247953277969,0.0836741134649637,0.00018042144152734783,25,70,0.05070804282402927,0.06837729187248331,False,False,True,5.09193343200722e-08,COMPLETE
162,0.5195387601852417,2025-03-31 19:48:01.888326,2025-03-31 19:48:09.252727,0 days 00:00:07.364401,0.2200894600580388,0.9005506110169786,16,0.011299557048668467,0.10083642677122336,0.09928148201963904,0.07429351625218986,0.09997737224771014,0.08465525514954138,0.00013408843972101398,26,68,0.0585653452146524,0.07475576703394902,False,False,True,7.751597572459854e-08,COMPLETE
163,0.5224817276000977,2025-03-31 19:48:09.305163,2025-03-31 19:48:16.253335,0 days 00:00:06.948172,0.23974731434479718,0.9303762898941793,16,0.01870155197361759,0.09045883491984705,0.0983123001324658,0.06700222561574683,0.09315789026997212,0.08916130082580793,0.00022357341701100645,22,62,0.05352742154281388,0.03275496587923187,False,False,True,2.3964078525976355e-08,COMPLETE
164,0.5192337512969971,2025-03-31 19:48:16.308561,2025-03-31 19:48:23.681906,0 days 00:00:07.373345,0.17847049432237905,0.9081459094743575,16,0.005356806919438983,0.10926661817268957,0.09993387523617642,0.0789446553544716,0.09483325666412895,0.0809200194515616,0.00016337863231963252,26,73,0.055342402862438085,0.059619062594157585,False,False,True,3.8635349397138025e-08,COMPLETE
165,0.5495992183685303,2025-03-31 19:48:23.736222,2025-03-31 19:48:30.982733,0 days 00:00:07.246511,0.17010155243735212,0.9309657185413077,16,0.0248866241207314,0.09488339784130637,0.09486858354313717,0.07277470035689022,0.09755813686274932,0.09098941698798915,0.00023212826669047554,25,60,0.05714922242402743,0.09415467545785547,False,False,True,3.055648453581189e-08,COMPLETE
166,0.33259534835815435,2025-03-31 19:48:31.037061,2025-03-31 19:48:38.380662,0 days 00:00:07.343601,0.17337872113691807,0.8921352711848967,16,0.006954415452698854,0.09662189002993662,0.09462743037638989,0.07346517444617294,0.09809892595017838,0.08824684612849781,0.0002317571442089989,25,65,0.047209709136812744,0.09404202793154157,False,True,True,1.196100353910345e-07,COMPLETE
167,0.542438817024231,2025-03-31 19:48:38.436692,2025-03-31 19:48:47.326091,0 days 00:00:08.889399,0.15476093626510878,0.9646827240797896,8,0.024245746860958914,0.10448754850983785,0.0964003784967714,0.07063582417751237,0.09740864618600642,0.08253923720915342,0.0001876569737767101,26,61,0.05710245508570787,0.07702083515735214,False,False,True,6.764994872244108e-08,COMPLETE
168,0.28286103010177616,2025-03-31 19:48:47.379132,2025-03-31 19:48:55.030379,0 days 00:00:07.651247,0.13278512999779607,0.9351612033191927,16,0.0008067512322582525,0.0907000544107992,0.09457606541908087,0.08303620836315088,0.09505382279709433,0.09084966506606411,0.00020934246035237807,25,70,0.05344913461559216,0.08970711877233845,False,False,False,4.9757841498540286e-08,COMPLETE
169,0.48312565088272097,2025-03-31 19:48:55.084320,2025-03-31 19:49:02.553792,0 days 00:00:07.469472,0.2128446300762258,0.8845181459834169,16,0.011003088710863683,0.11170648277817258,0.09970851035581488,0.06741907155853401,0.09812649035227443,0.08641633646527828,0.0003091581876482261,26,60,0.059447378840423996,0.0656623180979986,True,False,True,9.921735360824399e-08,COMPLETE
