number,value,datetime_start,datetime_complete,duration,params_alpha-eval,params_alpha-train,params_batch-size,params_eps-eval,params_eps-train,params_lambda-actions-eval,params_lambda-actions-train,params_lambda-frames-eval,params_lambda-frames-train,params_learning-rate,params_n-epochs,params_n-frames,params_radius-gw,params_rho,params_std-feats,params_ub-actions,params_ub-frames,params_weight-decay,state
284,0.36982462406158445,2025-04-21 13:33:08.705332,2025-04-21 13:33:19.619559,0 days 00:00:10.914227,0.8258943207582239,0.5453022549564074,2,0.04949433367860104,0.08408713924495693,0.09784612291452657,0.0953438164699972,0.019136154069854194,0.081024740331508,0.08077845519125698,9,147,0.03387160797038137,0.03103575130775032,True,False,True,1.9620141227350125e-05,COMPLETE
285,0.27845448851585386,2025-04-21 13:33:19.709899,2025-04-21 13:33:30.590593,0 days 00:00:10.880694,0.8504011485474443,0.9189573748381165,2,0.03380524256607402,0.09377623277309126,0.008486254564176529,0.051743091123455966,0.02240963058768624,0.07879162531401022,0.07889066858367398,9,150,0.02719696288027734,0.04554532279435313,True,False,True,1.2619376079250833e-05,COMPLETE
286,0.31229718327522277,2025-04-21 13:33:30.681076,2025-04-21 13:33:42.132841,0 days 00:00:11.451765,0.826927600660263,0.5586076684503186,2,0.05790472864768688,0.08728136280175594,0.012934624481079186,0.009357776471352414,0.015935883147618426,0.07708464370589149,8.636133076656798e-05,10,145,0.03062163136151986,0.0652768196383327,True,False,True,7.239439401293054e-05,COMPLETE
287,0.33209735751152036,2025-04-21 13:33:42.224856,2025-04-21 13:33:53.124798,0 days 00:00:10.899942,0.7633245725161513,0.579725517456441,2,0.12556514934787377,0.07835394437985191,0.014336191790611639,0.01331889132360799,0.01882144259191036,0.0859310578694709,0.0242767487292382,9,147,0.032719983170910336,0.06866304168403199,True,False,True,5.2506413008643224e-05,COMPLETE
288,0.30735034942626954,2025-04-21 13:33:53.227370,2025-04-21 13:34:04.666331,0 days 00:00:11.438961,0.8876342496260097,0.620247729196737,2,0.03765414758475279,0.09848959244979147,0.010717776566611489,0.023565271283026858,0.021726650522986078,0.07925957611755917,0.05493093876190936,10,143,0.0350199665008752,0.05719488795832881,True,False,True,1.5076202262329692e-05,COMPLETE
289,0.36673047542572024,2025-04-21 13:34:04.756731,2025-04-21 13:34:15.632149,0 days 00:00:10.875418,0.7867333896742551,0.568641039266047,2,0.046677809810058424,0.09046870466522058,0.017654754889576418,0.06480255444816145,0.016984646260744387,0.08196102676506047,0.038263545592408986,9,150,0.025066780723652714,0.03693762697916651,True,False,True,3.789203922795476e-05,COMPLETE
290,0.3770664930343628,2025-04-21 13:34:15.723456,2025-04-21 13:34:27.094526,0 days 00:00:11.371070,0.5207093061998174,0.5920877216562319,2,0.05413544125761728,0.08049970875636812,0.015525827086913292,0.05138461848746295,0.02377554475534443,0.08713163236258134,0.00024536893636808397,10,144,0.02962855728894155,0.04453556513434157,True,False,True,3.180952121627414e-05,COMPLETE
291,0.590300989151001,2025-04-21 13:34:27.186891,2025-04-21 13:34:38.104153,0 days 00:00:10.917262,0.49748347070564636,0.6167780228261485,2,0.04547801070237085,0.09469798539184843,0.012720349197964158,0.04928480020463993,0.020189221190065255,0.09597731742519813,0.046829232519413413,9,147,0.02790953337573242,0.05522688164487705,True,False,True,2.1116817448653204e-05,COMPLETE
292,0.5616422414779663,2025-04-21 13:34:38.197061,2025-04-21 13:34:49.034407,0 days 00:00:10.837346,0.4873613425346539,0.630556740881604,2,0.06345343804000245,0.0839030268867542,0.006414443585534653,0.05024184236361792,0.019979362670470416,0.07519564353878194,0.05029177425026171,9,148,0.023001771742920726,0.059258935736788226,True,False,True,1.9235672625039387e-05,COMPLETE
293,0.48858973979949955,2025-04-21 13:34:49.136385,2025-04-21 13:34:59.949831,0 days 00:00:10.813446,0.5019139304725024,0.6124567900539879,2,0.03798756001124814,0.07408570569924527,0.012771211433627451,0.05462401266851912,0.017250199349216653,0.0960541912802803,0.06473510723189915,9,141,0.027530228065361782,0.047581062450980684,True,False,True,2.46256726722647e-05,COMPLETE
294,0.36827300786972045,2025-04-21 13:35:00.042343,2025-04-21 13:35:06.494094,0 days 00:00:06.451751,0.5415042025897714,0.11524690214255606,16,0.049874476335101794,0.10188053278022453,0.008801076671739334,0.061722091571068144,0.014055631452022222,0.0957763231575414,0.045240652383000284,10,150,0.01901459902826578,0.06003942385603023,True,False,True,1.337169765368098e-05,COMPLETE
295,0.5575607299804688,2025-04-21 13:35:06.588173,2025-04-21 13:35:16.889389,0 days 00:00:10.301216,0.5039196001283089,0.6492857054804537,2,0.044434968808992586,0.09055454646136656,0.011369764914674185,0.053109915798024515,0.021286283924804826,0.097663620090375,0.0829311894022272,8,147,0.03205058611435916,0.1482921090386699,True,False,True,1.955174405147811e-05,COMPLETE
296,0.27220572829246525,2025-04-21 13:35:16.982751,2025-04-21 13:35:28.921983,0 days 00:00:11.939232,0.7234587449373888,0.5947940593576352,2,0.08042958665546988,0.09534936798460167,0.014807396236195283,0.01590928600145306,0.018420128169115847,0.08521987710757992,0.056109735097313825,11,145,0.026005052094010914,0.0491657052544152,True,False,True,4.396143145611071e-05,COMPLETE
297,0.37944908142089845,2025-04-21 13:35:29.014741,2025-04-21 13:35:35.742697,0 days 00:00:06.727956,0.46601413635639477,0.5502808304903384,8,0.054335851949244986,0.08366027262877074,0.012926805227668477,0.009050961333171001,0.023721084438789616,0.0941651869927004,0.0729678496357719,8,142,0.006763923405099542,0.1397776460693383,True,False,True,2.9708487230629602e-05,COMPLETE
298,0.5081848502159119,2025-04-21 13:35:35.846205,2025-04-21 13:35:46.657843,0 days 00:00:10.811638,0.4831975982973066,0.6175937376703351,2,0.044950221978790346,0.07479543017863657,0.009250260604972915,0.0483991421379491,0.015332575666473374,0.08761601320810174,0.0381093267512372,9,138,0.02833107868305943,0.054664810818612235,True,False,True,1.4549727093683502e-05,COMPLETE
299,0.28286103010177616,2025-04-21 13:35:46.751018,2025-04-21 13:35:58.237774,0 days 00:00:11.486756,0.581625332305414,0.571643841506287,2,0.0445279107061389,0.10029133718776198,0.011038437394433602,0.01123401836180405,0.020715497569793878,0.09572617468362958,0.04595464131474527,10,147,0.030461429881479804,0.050305085720802785,True,True,True,1.0676482332788541e-05,COMPLETE
300,0.39142551422119143,2025-04-21 13:35:58.331361,2025-04-21 13:36:09.247770,0 days 00:00:10.916409,0.527949273999669,0.5932209576249924,2,0.017029888168192002,0.09059347406818037,0.01618337026056574,0.051618310016943024,0.02298283383329057,0.08237440525204241,0.057019616971778896,9,150,0.076728439223278,0.1508992040513195,True,False,True,1.721158147195306e-05,COMPLETE
301,0.41667747497558594,2025-04-21 13:36:09.343844,2025-04-21 13:36:22.009840,0 days 00:00:12.665996,0.43773285730020456,0.6393645315705552,2,0.027125945480691256,0.06921373789879653,0.005605207891849015,0.042206237835526884,0.02524972724424131,0.09078038466683666,0.06797117648522183,10,144,0.033506586917450225,0.0531431529688163,True,False,False,7.3027645610787845e-06,COMPLETE
302,0.5800679564476013,2025-04-21 13:36:22.105531,2025-04-21 13:36:32.429997,0 days 00:00:10.324466,0.45601042608924325,0.5749562285273627,2,0.03946147900694927,0.08204710052248691,0.013042655265960566,0.04558153964467226,0.01892565046387902,0.09450058883033165,0.03349706322377249,8,141,0.02904332650345372,0.07103247968754099,True,False,True,2.372705873185719e-05,COMPLETE
303,0.5465399503707886,2025-04-21 13:36:32.534451,2025-04-21 13:36:43.334890,0 days 00:00:10.800439,0.4598755600031294,0.5440647582290767,2,0.04147322626244708,0.08730221931076595,0.014176183861478592,0.047371829341822005,0.019335938903186807,0.09248743942825279,0.03289338973451991,9,140,0.024400831211266925,0.08533826961547612,True,False,True,2.260774204042293e-05,COMPLETE
304,0.5023468852043153,2025-04-21 13:36:43.432242,2025-04-21 13:36:55.330027,0 days 00:00:11.897785,0.507077227414073,0.5601928919863431,2,0.05104664945958472,0.08161794328588255,0.016804872406621377,0.046235385795143004,0.022307892054115985,0.08964832813796883,0.03849013014180388,11,136,0.02771152797277881,0.06549376463618406,True,False,True,1.910890662198082e-05,COMPLETE
305,0.2682839632034302,2025-04-21 13:36:55.424509,2025-04-21 13:37:05.819565,0 days 00:00:10.395056,0.47579972846136465,0.575314522290896,2,0.25786377690290485,0.09444299668945838,0.013061652549359551,0.0441541605694296,0.017719862324282028,0.027902299528691846,0.028736169673520922,8,141,0.02916323776739613,0.06952423634112317,True,False,True,2.621820775037016e-05,COMPLETE
306,0.38425612449645996,2025-04-21 13:37:05.916041,2025-04-21 13:37:17.328248,0 days 00:00:11.412207,0.4574657933584599,0.44661814812781453,2,0.03504610582327082,0.10551158859129967,0.015227921014615368,0.049583601446651866,0.08299296950702088,0.08480991570083703,0.04386551153488378,10,137,0.025959632214699588,0.16402286903074506,True,False,True,1.5286696087549295e-05,COMPLETE
307,0.5778991341590882,2025-04-21 13:37:17.434065,2025-04-21 13:37:28.326499,0 days 00:00:10.892434,0.5170501033241983,0.5251221819735166,2,0.06069228109428644,0.08865714125207269,0.018350555401485075,0.04502347336611843,0.020186264071772632,0.0015640018866724184,0.034298703157877745,9,142,0.03220462589268451,0.07270123183187219,True,False,True,3.2115444500164297e-05,COMPLETE
308,0.3946623325347901,2025-04-21 13:37:28.423309,2025-04-21 13:37:39.291917,0 days 00:00:10.868608,0.5493508747649537,0.3664332426448344,2,0.05565897482307606,0.08886867709249882,0.01787443709077202,0.04492695613532638,0.019538403446967726,0.01423360211761033,0.0335311156820489,9,143,0.03180176956312597,0.07140159098103295,True,False,True,3.241330007137785e-05,COMPLETE
309,0.41199419498443607,2025-04-21 13:37:39.389537,2025-04-21 13:37:50.268508,0 days 00:00:10.878971,0.5124637203970278,0.5281031747020587,2,0.06094518416640598,0.07828939088474776,0.012277023253392503,0.04482301153147575,0.020937374559490282,0.0798921091495355,0.024189801950095464,9,145,0.0367425064448299,0.06315581067923681,True,False,True,2.5626047696508962e-05,COMPLETE
310,0.5907962083816529,2025-04-21 13:37:50.368126,2025-04-21 13:38:01.856132,0 days 00:00:11.488006,0.5219870943954213,0.5409654740123313,2,0.06532097560732246,0.09627055066646759,0.007423004530119205,0.04078462468466941,0.017624821297808343,0.010304854002469565,0.05132998162409683,10,142,0.029138327072159017,0.0737636664465558,True,False,True,3.5119606085202636e-05,COMPLETE
311,0.47600498199462893,2025-04-21 13:38:01.953251,2025-04-21 13:38:13.408362,0 days 00:00:11.455111,0.5312665368794542,0.4895433713875629,2,0.0580312327988599,0.09710228753346405,0.009184285979698193,0.03818462607854776,0.01713041273941878,0.008515288985306783,0.05191241859380533,10,141,0.02710545807955264,0.07684750655561914,True,False,True,3.503922513492572e-05,COMPLETE
312,0.45695690512657167,2025-04-21 13:38:13.515413,2025-04-21 13:38:25.405920,0 days 00:00:11.890507,0.5570868927975794,0.5152789991142783,2,0.0698391954249255,0.0843827253548164,0.014288265662208971,0.042079919797224065,0.017907186148119376,0.006121274519074916,0.043943311458570625,11,147,0.029171046874076803,0.07344087708698675,True,False,True,3.945427207574533e-05,COMPLETE
313,0.5212912082672119,2025-04-21 13:38:25.504146,2025-04-21 13:38:38.031867,0 days 00:00:12.527721,0.5214430769611279,0.5411455335730593,2,0.050080328192265794,0.09041068434634712,0.01083912234578754,0.0409987961972515,0.01506483222947438,0.0014959325161821983,0.05463580320469875,12,144,0.021668318501603865,0.07050561433488159,True,False,True,2.2953326944508188e-05,COMPLETE
314,0.46696364879608154,2025-04-21 13:38:38.129725,2025-04-21 13:38:49.483386,0 days 00:00:11.353661,0.4998263869779449,0.5341045536338654,2,0.0674374280609643,0.08336141234260837,0.007644174477621942,0.04024239994180684,0.019526429536874005,0.09752479487846699,0.040061924210853354,10,139,0.024373533098534128,0.08243904820741242,True,False,True,6.165246507371055e-05,COMPLETE
315,0.33958253264427185,2025-04-21 13:38:49.584568,2025-04-21 13:39:01.451004,0 days 00:00:11.866436,0.4840243460392538,0.5540286222686603,2,0.21208683599380296,0.09304243143085827,0.012054490999343845,0.007637279160828864,0.016086144463797684,0.00411297508055785,0.05124810344532804,11,142,0.028131185930235173,0.07419041869433385,True,False,True,3.2793196783556676e-05,COMPLETE
316,0.5338890194892884,2025-04-21 13:39:01.559999,2025-04-21 13:39:12.882200,0 days 00:00:11.322201,0.4417947842132735,0.5755615509175573,2,0.07877197335546651,0.07614402987521392,0.016070417299422504,0.04575681275325255,0.02208060995241964,0.008017834056257653,0.0032316154903018475,10,91,0.030512296764925714,0.062343089520998686,True,False,True,1.8019741342186496e-05,COMPLETE
317,0.2828028440475464,2025-04-21 13:39:12.980885,2025-04-21 13:39:23.902533,0 days 00:00:10.921648,0.8508907098873357,0.5918575579154419,2,0.05937570614812106,0.10132263303788706,0.009955227550459304,0.04280961446274969,0.020305623590399204,0.0940238769955855,0.06422702176409968,9,147,0.026261555292585892,0.08112957840974754,True,False,True,2.8431222389809966e-05,COMPLETE
318,0.4672772407531739,2025-04-21 13:39:24.002263,2025-04-21 13:39:35.385780,0 days 00:00:11.383517,0.6755621822928728,0.5092793249156471,2,0.06351761492825687,0.08740227919040966,0.013542084633394074,0.04315015737001059,0.018201472176039138,0.014527605145955236,0.03712049055742774,10,145,0.029560562715852345,0.055332008690687974,True,False,True,1.2533663633987944e-05,COMPLETE
319,0.28286103010177616,2025-04-21 13:39:35.485590,2025-04-21 13:39:46.423808,0 days 00:00:10.938218,0.5652135685541276,0.5631836431373771,2,0.07165996408214173,0.09599433213680039,0.017942464216609708,0.04770444576448846,0.02380238520023391,0.02453360489480205,0.048438069772102854,9,148,0.03187703752555078,0.06498369763304816,True,True,True,2.052358881482303e-05,COMPLETE
320,0.39325290918350225,2025-04-21 13:39:46.534537,2025-04-21 13:39:53.563110,0 days 00:00:07.028573,0.5338379669859403,0.5232097644061855,8,0.04282217253031887,0.07960812134399914,0.00748423573687015,0.044782296368517646,0.01649742217790088,0.003195470209524499,0.001056849088387984,10,142,0.035135040424163606,0.09045522915588627,True,False,True,4.9043097503225706e-05,COMPLETE
321,0.42788003683090214,2025-04-21 13:39:53.665414,2025-04-21 13:40:00.150820,0 days 00:00:06.485406,0.49388704228707686,0.5945146475851163,16,0.04954145781031338,0.08899377492889426,0.015357266038220619,0.03972654268700726,0.02005471433262076,0.09647413579251382,0.067986241273324,11,145,0.028081149826204747,0.06607559331391452,True,False,True,9.213094099275258e-06,COMPLETE
322,0.5897300958633424,2025-04-21 13:40:00.251752,2025-04-21 13:40:11.087639,0 days 00:00:10.835887,0.47161280748890433,0.5439780265271997,2,0.039481161659843556,0.08258864984594867,0.01255822483292358,0.01359188617400999,0.025471556915078356,0.005657410470624569,0.031900537708129686,9,150,0.0324510043939979,0.039512936574258306,True,False,True,0.000175953163936869,COMPLETE
323,0.5373729348182679,2025-04-21 13:40:11.186932,2025-04-21 13:40:22.088708,0 days 00:00:10.901776,0.4695458920820934,0.5428453821532896,2,0.039651071951129324,0.07167977451825067,0.01224300193704325,0.014556061100500405,0.0229090106571909,0.006122415358277708,0.05724687419861797,9,150,0.030816781468990872,0.11778420161013722,True,False,True,0.00019650061517718584,COMPLETE
324,0.33042613267898563,2025-04-21 13:40:22.189470,2025-04-21 13:40:33.232863,0 days 00:00:11.043393,0.45656250045451613,0.5619044967784812,2,0.13579785476988196,0.08252157404701305,0.009998221945094253,0.012862098490715557,0.025521351378878936,0.0020278707714424496,1.0439866129928485e-05,9,147,0.03346055844376486,0.04498554823737907,True,False,True,0.0001723856168459131,COMPLETE
325,0.3860698938369751,2025-04-21 13:40:33.345109,2025-04-21 13:40:57.362861,0 days 00:00:24.017752,0.515624603585072,0.6069479476193341,2,0.053116197140918475,0.07589205396596128,0.014109161848101459,0.011190400160102955,0.014875052046745605,0.005080361622837268,0.045821264587706495,28,150,0.026073694732648804,0.02514073109938985,True,False,False,0.00032418843114401843,COMPLETE
326,0.5493445038795471,2025-04-21 13:40:57.464891,2025-04-21 13:41:08.377366,0 days 00:00:10.912475,0.43271392012644516,0.494892608700791,2,0.04711135167601748,0.09646959124980303,0.004605045833013233,0.009257284602883074,0.021713212590004752,0.003986784244609643,0.03339353852546208,9,147,0.029308801418612144,0.03780134278830603,True,False,True,2.484426140098184e-05,COMPLETE
327,0.532428240776062,2025-04-21 13:41:08.479701,2025-04-21 13:41:18.895111,0 days 00:00:10.415410,0.47610444027551146,0.5783779416574981,2,0.04127679713733915,0.08235206252189221,0.01197394555176898,0.01340270181301127,0.04505862711629813,0.09797400807168613,0.0900038710466997,8,145,0.03195697504966642,0.03863003173943097,True,False,True,8.812267463190651e-05,COMPLETE
328,0.5193259596824646,2025-04-21 13:41:18.999124,2025-04-21 13:41:29.886765,0 days 00:00:10.887641,0.6006342420236542,0.6290495214455524,2,0.036763912663652726,0.08677365165487011,0.01655279712666843,0.0074213740563138526,0.024001209082997237,0.011483951921915581,0.057950350207510846,9,148,0.027016848577950465,0.05164007601440121,True,False,True,5.289757370717723e-06,COMPLETE
329,0.4659797787666321,2025-04-21 13:41:29.999436,2025-04-21 13:41:41.398009,0 days 00:00:11.398573,0.4980871073877653,0.5434941799482405,2,0.04541726117918924,0.10247301199539278,0.008981141161939593,0.018819283271232327,0.018622511332094086,0.009150438780250333,0.0017719933940449697,10,143,0.023574892874280808,0.020668018330507878,True,False,True,3.837892416998953e-05,COMPLETE
330,0.38910975456237795,2025-04-21 13:41:41.500666,2025-04-21 13:41:53.975627,0 days 00:00:12.474961,0.9111652814796639,0.6157783698276733,2,0.055335994329037526,0.09299220320995934,0.013453734596513016,0.009864097323639512,0.025546871227873892,0.09464379547930918,0.04154929319018588,12,150,0.08344697058897677,0.040827173291328456,True,False,True,0.0002543590679082744,COMPLETE
331,0.3702042758464813,2025-04-21 13:41:54.078758,2025-04-21 13:42:11.662652,0 days 00:00:17.583894,0.4547458807061384,0.579650790860364,2,0.033008740212719184,0.07891226129483607,0.011212740012581887,0.04169248630184431,0.020952687189555706,0.0018994846771700977,0.07506116742714741,22,145,0.06204253558603873,0.0331598339194947,False,False,True,0.00014343257386194495,COMPLETE
332,0.546616280078888,2025-04-21 13:42:11.766966,2025-04-21 13:42:23.216041,0 days 00:00:11.449075,0.6383819152146756,0.5574722956276885,2,0.058478807292487306,0.08666704888923413,0.014724436959570923,0.046457674147426534,0.00151956847772651,0.0068149496189420615,0.03368476383942374,10,139,0.0299346094436949,0.05889419296799154,True,False,True,1.4620398143133787e-05,COMPLETE
333,0.4240426540374756,2025-04-21 13:42:23.329486,2025-04-21 13:42:33.773433,0 days 00:00:10.443947,0.4812797006292143,0.5246283287402089,2,0.040554622068491114,0.0707839928010143,0.020203893778136632,0.015681343072145353,0.01800557954250395,0.011326638104130956,0.050921927516303186,8,142,0.03333587273843887,0.07341782973993902,True,False,True,1.7045320329324854e-05,COMPLETE
334,0.5810392737388611,2025-04-21 13:42:33.882228,2025-04-21 13:42:44.783301,0 days 00:00:10.901073,0.42797221382911266,0.6021072902730059,2,0.031044238283055116,0.09838591619184381,0.01846621514960157,0.043879239873060645,0.022890012448457522,0.020409830243982727,0.0632220858508536,9,147,0.02830376094285171,0.12413256164846942,True,False,True,0.00011558095901167978,COMPLETE
335,0.3985965847969055,2025-04-21 13:42:44.887338,2025-04-21 13:42:56.326848,0 days 00:00:11.439510,0.4298893560833153,0.6621589888643192,2,0.16064343385165136,0.105787661334165,0.019020526437171646,0.044758613755518706,0.015884063863670216,0.09950547101544746,0.06898055888392608,10,147,0.02531539666490905,0.13409954595484697,True,False,True,2.1774149816628675e-05,COMPLETE
336,0.3927424788475037,2025-04-21 13:42:56.432349,2025-04-21 13:43:07.339785,0 days 00:00:10.907436,0.5163654806331108,0.5919003902434906,2,0.03375313822631011,0.10098901115503597,0.01735511917129781,0.04266754046127371,0.019657187766818334,0.017968534484102502,0.06141755476623551,9,150,0.027422951457764223,0.12293042989774068,True,False,True,0.00014151020323420493,COMPLETE
337,0.519016432762146,2025-04-21 13:43:07.455475,2025-04-21 13:43:18.303426,0 days 00:00:10.847951,0.7447055452478807,0.5758335174698422,2,0.04786097192124189,0.09597597771699992,0.019545036460451016,0.04348057497168701,0.022497347843609176,0.01680554583731498,0.08469944683645961,9,147,0.028795771081643138,0.12655310060750624,True,False,True,0.00011455649758534218,COMPLETE
338,0.3056557893753052,2025-04-21 13:43:18.407726,2025-04-21 13:43:28.775387,0 days 00:00:10.367661,0.42704130682703556,0.6269908472245738,2,0.0869710534906494,0.09182791927529105,0.01580826549570649,0.04822711318683812,0.02627388719187493,0.0012240835563166255,0.07121721094829205,8,148,0.030536266563869215,0.09418475119464079,True,False,True,0.00010697494355121284,COMPLETE
339,0.3609834790229797,2025-04-21 13:43:28.881846,2025-04-21 13:43:41.911848,0 days 00:00:13.030002,0.5380071233204295,0.5321831024204359,2,0.029701771926988963,0.098974131941931,0.008042092254350498,0.03912451986638323,0.014054086801676503,0.004019639960057947,0.09775065818678315,13,141,0.022737420543492676,0.1358727561983856,True,False,True,0.00023198655898409753,COMPLETE
340,0.28286103010177616,2025-04-21 13:43:42.019273,2025-04-21 13:43:54.078285,0 days 00:00:12.059012,0.8141972096593153,0.5566123783033972,2,0.04070114786485801,0.1056686690444709,0.012722640994485508,0.04556081111035574,0.021117778602898447,0.005852922407118012,0.058492348074569094,11,145,0.02813836303016939,0.1095762516930943,True,True,True,2.793039609715409e-05,COMPLETE
