number,value,datetime_start,datetime_complete,duration,params_alpha-eval,params_alpha-train,params_batch-size,params_eps-eval,params_eps-train,params_lambda-actions-eval,params_lambda-actions-train,params_lambda-frames-eval,params_lambda-frames-train,params_learning-rate,params_n-epochs,params_n-frames,params_radius-gw,params_rho,params_std-feats,params_ub-actions,params_ub-frames,params_weight-decay,state
569,0.5427511930465698,2025-04-21 14:26:03.019555,2025-04-21 14:26:13.418153,0 days 00:00:10.398598,0.5004208399209813,0.5965003867817875,2,0.0196357890767451,0.08704597420089136,0.005667825255974088,0.04844061853178436,0.01989404058382263,0.09424521735096346,0.05200720329773384,8,150,0.02870517705510336,0.03735316092489477,True,False,True,6.894576665957939e-05,COMPLETE
570,0.4831084489822388,2025-04-21 14:26:13.596626,2025-04-21 14:26:25.084375,0 days 00:00:11.487749,0.5325587174107336,0.5592386641330257,2,0.004675889868547917,0.07495119988429987,0.014925099185397988,0.04586486278077039,0.027313159988709708,0.012165849520500746,2.5209989995514666e-05,10,140,0.014346254964857176,0.11065247606312135,True,False,True,5.268114051986613e-06,COMPLETE
571,0.4795035719871521,2025-04-21 14:26:25.262058,2025-04-21 14:26:37.238793,0 days 00:00:11.976735,0.4532729609241659,0.5356945951005918,2,0.04327243468349545,0.09236081243485199,0.009063503376930154,0.05144922227879736,0.021648379176412595,0.07905648192051475,0.0353386860718581,11,143,0.0247250193556084,0.11970343029764542,True,False,True,2.1696870946606102e-05,COMPLETE
572,0.28286103010177616,2025-04-21 14:26:37.426568,2025-04-21 14:26:48.446975,0 days 00:00:11.020407,0.4838187932883099,0.6242929776866865,2,0.03171400476242883,0.11257267397690476,0.019220716526233216,0.042270150406494206,0.018149891894913152,0.08609834154940607,0.08793808322962224,9,147,0.02729205955230641,0.09962414794731442,True,True,True,3.730872547749709e-05,COMPLETE
573,0.3638369798660278,2025-04-21 14:26:48.622402,2025-04-21 14:27:08.598741,0 days 00:00:19.976339,0.08139760310587213,0.5820886438125645,2,0.05241678611546213,0.08105856952204316,0.011965678132195139,0.06081950189850579,0.02348359185064686,0.09611850749169192,0.057348010441638494,26,145,0.03064310909530514,0.13104217880581523,True,False,True,0.00014081810336575738,COMPLETE
574,0.3477793693542481,2025-04-21 14:27:08.787048,2025-04-21 14:27:21.464312,0 days 00:00:12.677264,0.5553117282214141,0.5075419967867701,2,0.012500931422720456,0.1052118881892094,0.014624148608708462,0.04842210495700719,0.02562353350439877,0.08928448176976132,0.02908058867704083,10,138,0.051283893099390104,0.1410304748278701,True,False,False,2.7697250315193994e-05,COMPLETE
575,0.38754481077194214,2025-04-21 14:27:21.642351,2025-04-21 14:27:31.423976,0 days 00:00:09.781625,0.5139474164830011,0.5616225969955247,2,0.024345656271612955,0.06732184911174338,0.06529275289948668,0.008106206183983219,0.020216968492787712,0.09114109563707373,0.043009826213740505,7,150,0.03349783401755385,0.15345143985441645,True,False,True,1.3513880732849982e-05,COMPLETE
576,0.5755977153778077,2025-04-21 14:27:31.612405,2025-04-21 14:27:40.894696,0 days 00:00:09.282291,0.21819300298255306,0.5947734931834152,2,0.0367497018639084,0.09785371806400085,0.010628347673510636,0.05407211650662153,0.022905166762409966,0.09294781281856959,0.07450895097285333,6,142,0.02950911492140548,0.09352629300826752,True,False,True,1.9129265372031447e-05,COMPLETE
577,0.3936121702194214,2025-04-21 14:27:41.076903,2025-04-21 14:27:51.464519,0 days 00:00:10.387616,0.4264263179512371,0.24250512033882426,2,0.0078413520182944,0.04845705867411212,0.01663226524149254,0.04085984246382671,0.09912233848409222,0.09815660980478123,0.050876644192557635,8,147,0.027246400361058486,0.12091210820029037,True,False,True,9.633728130401002e-05,COMPLETE
578,0.41466999053955084,2025-04-21 14:27:51.653931,2025-04-21 14:28:03.147569,0 days 00:00:11.493638,0.6491220989316777,0.6604683736275601,2,0.01883065945643317,0.0874643437536001,0.021733203048289376,0.0464003305234889,0.01629364539378631,0.08177961752252033,0.06259667053946846,10,145,0.031631586342963036,0.1077298863694365,True,False,True,1.0065852319186702e-05,COMPLETE
579,0.5543083786964417,2025-04-21 14:28:03.325509,2025-04-21 14:28:14.200098,0 days 00:00:10.874589,0.5981132654810922,0.5447154826167271,2,0.00030996950646026977,0.07701798413443363,0.007720332118385355,0.06334983431714923,0.018783030934384565,0.08465784152345053,0.03792163260799657,9,150,0.02106987716668241,0.12560734384762468,True,False,True,4.8495737916107866e-05,COMPLETE
580,0.4044491648674012,2025-04-21 14:28:14.391070,2025-04-21 14:28:24.631423,0 days 00:00:10.240353,0.46740210451811215,0.6087377858197472,2,0.04746713418620965,0.09158800451097068,0.06095342740860325,0.04415379781915006,0.0136175333491221,0.0872856164116617,0.045936010648333025,8,51,0.03916400793464408,0.16705530056206716,False,False,True,3.627692054332139e-05,COMPLETE
581,0.3256111264228821,2025-04-21 14:28:24.812052,2025-04-21 14:28:35.776783,0 days 00:00:10.964731,0.9146344073424761,0.5756131470801579,2,0.029817153460684025,0.08411057816142857,0.012877753628437176,0.005215068989552677,0.08039973701947219,0.09481791628496851,0.06948098213957177,9,142,0.03484282243977461,0.11429442415721787,True,False,True,2.3579616061744322e-05,COMPLETE
582,0.5106029033660889,2025-04-21 14:28:35.969094,2025-04-21 14:28:47.483733,0 days 00:00:11.514639,0.37619224642730864,0.6302802008843387,2,0.03751934493890863,0.1003360808024823,0.029337242649349414,0.049292268905433714,0.028866851044295323,0.09202017556517875,0.08386545867471465,10,147,0.025685632078238447,0.04899678535353854,True,False,True,1.5680663815348605e-05,COMPLETE
583,0.3834737777709961,2025-04-21 14:28:47.664807,2025-04-21 14:28:59.711818,0 days 00:00:12.047011,0.2588937400812253,0.5176943933397075,2,0.015366563935410636,0.09521032809109053,0.017969931183847265,0.01885040221295054,0.037828497688759906,0.02250571692184562,0.05363777469815869,11,144,0.02958698108652773,0.13327634165616137,True,False,True,6.557312694266648e-06,COMPLETE
584,0.3728335857391357,2025-04-21 14:28:59.892029,2025-04-21 14:29:10.307190,0 days 00:00:10.415161,0.49414351302475396,0.5957418938622897,2,0.0949116047617613,0.08586096564425325,0.015134456011775642,0.05227057958894948,0.025435209933372678,0.08864441010832981,0.023132027024993427,8,139,0.06556006114257436,0.0823657292978611,True,False,True,7.310981849049902e-05,COMPLETE
585,0.37190222740173345,2025-04-21 14:29:10.498235,2025-04-21 14:29:21.533206,0 days 00:00:11.034971,0.4490002114951245,0.5594259755025872,2,0.05330261483919164,0.07990263781068187,0.01069566121495231,0.05669641814588536,0.02244603481184053,0.09609528558171528,0.03604693912061553,9,147,0.03240445237236677,0.10052546184424375,True,False,True,5.769368445147645e-05,COMPLETE
586,0.43750816583633423,2025-04-21 14:29:21.713969,2025-04-21 14:29:31.535273,0 days 00:00:09.821304,0.5158289773289677,0.5395251735262137,2,0.04196822895485881,0.09275045380770579,0.02004883600327708,0.0032733186480095253,0.020758554707330592,0.07589447630985995,0.03021567161402302,7,150,0.056336338704602425,0.05810315743176141,True,False,True,3.174036777164204e-05,COMPLETE
587,0.4720980405807495,2025-04-21 14:29:31.729869,2025-04-21 14:29:38.997171,0 days 00:00:07.267302,0.4091965444356726,0.5787028995705057,16,0.08153345875682708,0.06998838353457822,0.013734106268023103,0.0471676385498159,0.009977903976079274,0.09062731146179442,0.09842767657393015,19,95,0.028115518591329117,0.14356852573041945,True,False,True,0.00012001015936489458,COMPLETE
588,0.5365369915962219,2025-04-21 14:29:39.178307,2025-04-21 14:29:50.564043,0 days 00:00:11.385736,0.15590163097879206,0.6151276065995415,2,0.02663261226224387,0.10757044465340695,0.02546183346388641,0.05821053995667843,0.017369245689258087,0.0828511481235877,0.06258676737163145,10,144,0.024545612660720882,0.0025285074027151244,True,False,True,4.151261938303882e-05,COMPLETE
589,0.3661777913570404,2025-04-21 14:29:50.757697,2025-04-21 14:30:00.555231,0 days 00:00:09.797534,0.4806969792317562,0.6440187979445479,8,0.10253960455705813,0.08731828740862278,0.009050494048561758,0.06572566133409904,0.02661420939515837,0.09354420964475797,0.04463010975946455,28,147,0.030425145118994665,0.025907071661195543,True,False,True,0.00022933832814093334,COMPLETE
590,0.5472517848014832,2025-04-21 14:30:00.738549,2025-04-21 14:30:11.612533,0 days 00:00:10.873984,0.4358622332439786,0.5972553264088915,2,0.03256826389553777,0.07838909211301903,0.01176343181017317,0.013162913745762223,0.08325090438212251,0.06338245749809196,0.05487650047161644,9,142,0.0272722259836003,0.13566526731530076,True,False,True,1.981467304949596e-05,COMPLETE
591,0.28286103010177616,2025-04-21 14:30:11.806602,2025-04-21 14:30:22.749269,0 days 00:00:10.942667,0.533548756276994,0.5683539566620683,2,0.023197636162757607,0.09812327739122127,0.016072721694539542,0.050398012247704536,0.024088545358594136,0.08598780783319522,0.07354828988810731,9,150,0.0345146288309394,0.08891458249828336,True,True,True,2.581620533246675e-05,COMPLETE
592,0.35905700325965884,2025-04-21 14:30:22.931289,2025-04-21 14:30:36.195287,0 days 00:00:13.263998,0.4611648003257826,0.6254874085904101,2,0.009539447909379453,0.07404363273503722,0.006511572725677232,0.05372618633056995,0.015199574896249882,0.07841270279760483,0.03947870674399416,11,145,0.029779274338695108,0.11594053524030352,True,False,False,1.5153124350688806e-05,COMPLETE
593,0.36585140824317935,2025-04-21 14:30:36.392445,2025-04-21 14:30:47.779998,0 days 00:00:11.387553,0.49930531172082315,0.5233363966634811,2,0.181283956098554,0.08946326596084253,0.004129681086863251,0.0714724928828944,0.018991389230959024,0.08027551050456652,0.0479899403272916,10,136,0.03161733990897409,0.2792958638102093,True,False,True,0.00016469495122458654,COMPLETE
594,0.5008798480033875,2025-04-21 14:30:47.965001,2025-04-21 14:30:59.349641,0 days 00:00:11.384640,0.34674143266660457,0.4999128079379245,2,0.048334939154018715,0.08271068469810929,0.0747916013945703,0.043677351276097454,0.022018006551005033,0.09673285789513619,0.031987717994867056,10,147,0.02609398965447976,0.1493234184013619,True,False,True,1.1597169312520526e-05,COMPLETE
595,0.5038593530654908,2025-04-21 14:30:59.544771,2025-04-21 14:31:09.890819,0 days 00:00:10.346048,0.5735887312669836,0.5485882632829628,2,0.04225816062910176,0.10268329099467344,0.013371547921407155,0.04593265761207024,0.027435109811206754,0.029004752081480213,0.06469792362383768,8,139,0.03666867982233636,0.12328048813951574,True,False,True,9.030154697997832e-06,COMPLETE
596,0.31574448347091677,2025-04-21 14:31:10.075449,2025-04-21 14:31:20.990909,0 days 00:00:10.915460,0.4422407086531831,0.5838852117630429,2,0.12107058525620407,0.09417858763961065,0.0175384793380868,0.04829040432825683,0.023541159833822625,0.09238791338839568,0.00010667943306677954,9,143,0.028934052276350215,0.06617566906569489,True,False,True,9.134757277121124e-05,COMPLETE
597,0.4882106423377991,2025-04-21 14:31:21.188410,2025-04-21 14:31:32.644194,0 days 00:00:11.455784,0.7989437099084629,0.6124453089574953,2,0.01748039889122866,0.08497842792164137,0.037522193008480455,0.010776134594711523,0.030994954521561258,0.0840086497318382,0.024292994572063034,10,148,0.02346495622462504,0.11046632310128038,True,False,True,3.0619522094137514e-05,COMPLETE
598,0.4063010096549988,2025-04-21 14:31:32.831553,2025-04-21 14:31:43.267682,0 days 00:00:10.436129,0.3923082667500874,0.5640886958023175,2,0.05601628464913683,0.07577871818427193,0.02310035358095576,0.007265967218883937,0.0208498979550385,0.08853143412442686,0.07955195708937543,8,150,0.03314699016602354,0.013421837406780428,True,False,True,1.923090832994625e-05,COMPLETE
599,0.37272640466690066,2025-04-21 14:31:43.452116,2025-04-21 14:31:54.419946,0 days 00:00:10.967830,0.47366445785243566,0.47223326034209817,2,0.005296630404385799,0.12016144028665665,0.009881952415428502,0.05094526016874088,0.01749280581951475,0.09449551215897385,0.056867188704419605,9,145,0.02853488895279789,0.04093383863698516,True,False,True,5.2690370134381836e-05,COMPLETE
600,0.5240735173225404,2025-04-21 14:31:54.616977,2025-04-21 14:32:06.425432,0 days 00:00:11.808455,0.42066604853111306,0.5945102469734305,2,0.03557841095737806,0.08909871250653867,0.01202863891192268,0.040534545372133426,0.012514142953937789,0.09820077971276063,0.04679941733831168,11,141,0.031078150440073036,0.034106202142274,False,False,True,3.907254318556086e-05,COMPLETE
601,0.5481822252273559,2025-04-21 14:32:06.611754,2025-04-21 14:32:19.019633,0 days 00:00:12.407879,0.548570838125136,0.658866632028115,2,0.028083632032850022,0.09808795421070754,0.0159026415271463,0.055439857199488546,0.0190602388309678,0.0907966849623234,0.03764566539330169,12,147,0.02632323760847715,0.1287455138979977,True,False,True,2.5702538637447794e-05,COMPLETE
602,0.45209454298019414,2025-04-21 14:32:19.218283,2025-04-21 14:32:30.692946,0 days 00:00:11.474663,0.515470567598102,0.538294647334495,2,0.02075725054325801,0.08159401580681556,0.019986507787054415,0.0490739644858372,0.015490818710584045,0.0871137347848788,0.016876703533629443,10,145,0.0329089411041059,0.10513135593716352,True,False,True,7.357700783500396e-05,COMPLETE
603,0.5869376778602601,2025-04-21 14:32:30.879388,2025-04-21 14:32:41.781779,0 days 00:00:10.902391,0.4592872619035616,0.630390061827683,2,0.04151430213278121,0.09277966644656739,0.013591757522940884,0.01613578753647593,0.02498026464095476,0.0721249491154406,0.027340327439348645,9,142,0.03020192990710224,0.07715436115771172,True,False,True,0.00012622051214599775,COMPLETE
604,0.3796004056930542,2025-04-21 14:32:41.980092,2025-04-21 14:32:52.902710,0 days 00:00:10.922618,0.48889333949440517,0.6459169700961277,2,0.04105933921609011,0.11291677463230784,0.014650580017399143,0.015315801166369485,0.025148707578294936,0.0769145183406962,0.026180801798384907,9,135,0.03536884630309823,0.0792156285647091,True,False,True,0.00010912958202585322,COMPLETE
605,0.27540013790130613,2025-04-21 14:32:53.088431,2025-04-21 14:33:06.671684,0 days 00:00:13.583253,0.46665587509274575,0.6761068074228501,2,0.28068971255596487,0.10655844018074699,0.01801473894099678,0.017284182591765958,0.02896426164980021,0.08034904452722234,0.023830285860044355,14,133,0.030775047783288736,0.07347648264259966,True,False,True,0.00014014783588202974,COMPLETE
606,0.2862973988056183,2025-04-21 14:33:06.869366,2025-04-21 14:33:17.250912,0 days 00:00:10.381546,0.6706269693515534,0.6353418761345947,2,0.04898076304780737,0.10326725465370849,0.013593841480138947,0.01403571329482041,0.02635554747619039,0.07389820360186986,0.020285411954312924,8,139,0.03385479273954497,0.07969426441592971,True,False,True,0.00017586602005748443,COMPLETE
607,0.5644315123558045,2025-04-21 14:33:17.438595,2025-04-21 14:33:28.881049,0 days 00:00:11.442454,0.49997711944750023,0.6198814154538097,2,0.04492363605649034,0.09514735162477829,0.015987655908085333,0.0133637253104013,0.024125633489084333,0.07524993642113062,0.028928948700629988,10,141,0.029524310809350193,0.0854848362531678,True,False,True,0.00012232950260477335,COMPLETE
608,0.5905606985092163,2025-04-21 14:33:29.079839,2025-04-21 14:33:38.997079,0 days 00:00:09.917240,0.47745600555660656,0.5782836252160106,2,0.03573071267167818,0.09363875799154965,0.01274309859255386,0.021720711447335977,0.026089517082770918,0.07187661165842063,0.031222690521350873,7,142,0.03206254528875831,0.0677080655766919,True,False,True,8.798185716165407e-05,COMPLETE
609,0.3760412931442261,2025-04-21 14:33:39.185093,2025-04-21 14:33:48.984157,0 days 00:00:09.799064,0.7561316868639035,0.6024202640565003,2,0.034357116334159304,0.10056635563538488,0.019590215528917015,0.011604771048214658,0.03261319568637601,0.06748552219996064,0.01612288769774589,7,143,0.03568227862703612,0.06626117940044879,True,False,True,8.78832159269166e-05,COMPLETE
610,0.28286103010177616,2025-04-21 14:33:49.184778,2025-04-21 14:33:55.048153,0 days 00:00:05.863375,0.5236566091190318,0.6942415900542755,16,0.0331528575138143,0.09488158859197164,0.014714219335793945,0.017305406574260742,0.028082105127443364,0.07082301383433938,0.020640608410712673,5,139,0.036989944844601344,0.05860319508916566,True,True,True,9.494610054573482e-05,COMPLETE
611,0.5589759707450866,2025-04-21 14:33:55.234922,2025-04-21 14:34:04.479884,0 days 00:00:09.244962,0.4836709469529803,0.5547943891236377,2,0.05471489117263689,0.10943856082855768,0.032608980894142964,0.019271549529434696,0.029428105281901918,0.0769992812522051,0.027907239600400664,6,137,0.03268435349652506,0.08990668676147079,True,False,True,0.00012628155690954968,COMPLETE
612,0.37081197500228885,2025-04-21 14:34:04.681513,2025-04-21 14:34:11.105577,0 days 00:00:06.424064,0.5073432622036521,0.5205691378556714,8,0.03916531422854259,0.10177310448678009,0.01131626028991237,0.021836454118293002,0.026804915761368044,0.06522666247233022,0.0016193784596854517,6,144,0.03187416220407157,0.06966526705079422,True,False,True,7.639976924549063e-05,COMPLETE
613,0.5818068265914917,2025-04-21 14:34:11.294705,2025-04-21 14:34:21.164993,0 days 00:00:09.870288,0.5352559746448635,0.5812707847753024,2,0.04659854840363436,0.09190676691893851,0.008464757321922485,0.015529329806201716,0.025432151388355723,0.07215389834636242,0.028922684819214145,7,150,0.032885620646000396,0.07779286456233991,True,False,True,0.00010436589018951098,COMPLETE
614,0.3783288478851318,2025-04-21 14:34:21.367479,2025-04-21 14:34:30.695887,0 days 00:00:09.328408,0.5479468028284887,0.5847983011519875,2,0.05067864996153255,0.09157695571995725,0.00584033411301896,0.016300994161138616,0.02547105780456109,0.0688070893098299,0.027043216944080566,6,148,0.0340657604805944,0.07560310670362874,True,False,True,0.00011155745340395566,COMPLETE
615,0.4945116639137268,2025-04-21 14:34:30.885472,2025-04-21 14:34:41.191185,0 days 00:00:10.305713,0.5697099624306022,0.6274192007320981,2,0.06603628143227253,0.09006478225445305,0.00822877874403038,0.019961710996274945,0.02373773306650615,0.07143809065706022,0.02055161313516625,6,142,0.03766133837082785,0.0825206190834543,True,False,False,0.00015143810297712967,COMPLETE
616,0.33261677622795105,2025-04-21 14:34:41.391496,2025-04-21 14:34:51.307269,0 days 00:00:09.915773,0.5452203145507262,0.6004148639407713,2,0.05971829213287669,0.09326044244411308,0.008788440505218036,0.02016416574920396,0.025494480672181123,0.07011046874197703,0.023604870287739634,7,145,0.034988167344018634,0.07994903573377869,True,False,True,9.1018059410036e-05,COMPLETE
617,0.5870931029319764,2025-04-21 14:34:51.496487,2025-04-21 14:35:01.435182,0 days 00:00:09.938695,0.5295019501064782,0.6553031285665954,2,0.0459184214588259,0.08790382625975303,0.004027637973095742,0.016226170982068994,0.023411674817699464,0.07329985816663238,0.03140978357385865,7,148,0.03267354121669385,0.07270876190753023,True,False,True,0.00011772897117746978,COMPLETE
618,0.38860716819763186,2025-04-21 14:35:01.638464,2025-04-21 14:35:10.918028,0 days 00:00:09.279564,0.5348510493019241,0.6833135022899306,2,0.050573332524938036,0.0862684983038785,0.0011583669273306655,0.016209754026455903,0.02739909231996228,0.07126671734172481,0.027292045000197364,6,150,0.035335618549768806,0.07227206093330317,True,False,True,7.891635030632898e-05,COMPLETE
619,0.4238576650619507,2025-04-21 14:35:11.108328,2025-04-21 14:35:19.886220,0 days 00:00:08.777892,0.5258338773851817,0.7119804665749008,2,0.056614704708018264,0.08597084775430902,0.003088448493449729,0.014910554899998619,0.024108510719148338,0.07325497598155122,0.02158177114901809,5,147,0.03399183101579521,0.0651482232846727,True,False,True,0.00010238766956807657,COMPLETE
620,0.43729798197746284,2025-04-21 14:35:20.090331,2025-04-21 14:35:29.328270,0 days 00:00:09.237939,0.5667238025199199,0.6611183883039868,2,0.04609167894859005,0.08028507568101009,0.0034329965161353777,0.016713166661426714,0.02733240364603535,0.07256901477701952,0.0311853691390362,6,58,0.03270137143212574,0.07331805615203728,True,False,True,0.00018117856402589215,COMPLETE
621,0.4965063571929932,2025-04-21 14:35:29.520763,2025-04-21 14:35:39.431314,0 days 00:00:09.910551,0.5469673017347063,0.6534133410874687,2,0.04716645795947878,0.09283937503477747,0.00351930000904867,0.015032613990514497,0.05043058921558792,0.06817140571732248,0.0009453044733128033,7,150,0.03664509945018877,0.0797716705485035,True,False,True,0.00014244372523791258,COMPLETE
622,0.3983818769454956,2025-04-21 14:35:39.636277,2025-04-21 14:35:49.463721,0 days 00:00:09.827444,0.5256081609066056,0.6654196959396548,2,0.05871952535154865,0.088574272874421,0.006196618928496915,0.018163231047424216,0.025662550143083985,0.07496172971770478,0.01887105223573627,7,143,0.08209481544593897,0.08761490573358303,False,False,True,7.50444555034833e-05,COMPLETE
623,0.484709906578064,2025-04-21 14:35:49.658365,2025-04-21 14:35:59.545044,0 days 00:00:09.886679,0.5059666450778271,0.6397809382362882,2,0.05154833146547594,0.07964951587618291,0.005766669412055449,0.013102683865995411,0.02289772388258267,0.07256096358080544,0.026422244292420963,7,147,0.03950213731175352,0.06872001301851562,True,False,True,6.444737564798375e-05,COMPLETE
624,0.5436843991279602,2025-04-21 14:35:59.747743,2025-04-21 14:36:09.619190,0 days 00:00:09.871447,0.5906199574499497,0.6470598879058165,2,0.04366182144297367,0.07089879172644975,0.004600098253013948,0.015582860361068823,0.02496964346138361,0.07163874266425452,0.032470401271700006,7,140,0.03200046766934157,0.058923674993717805,True,False,True,0.00010835299916619728,COMPLETE
625,0.38006469011306765,2025-04-21 14:36:09.811862,2025-04-21 14:36:19.698787,0 days 00:00:09.886925,0.5551476680986495,0.6176432571951255,2,0.0562426677878199,0.08590959192449481,0.0071511419818387064,0.014241648865302327,0.02211491072549133,0.07297679123385965,0.030561972156123406,7,145,0.040498223039311915,0.07447020885028349,True,False,True,0.00014768368872152985,COMPLETE
