number,value,datetime_start,datetime_complete,duration,params_alpha-eval,params_alpha-train,params_batch-size,params_eps-eval,params_eps-train,params_lambda-actions-eval,params_lambda-actions-train,params_lambda-frames-eval,params_lambda-frames-train,params_learning-rate,params_n-epochs,params_n-frames,params_radius-gw,params_rho,params_std-feats,params_ub-actions,params_ub-frames,params_weight-decay,state
1738,0.5393639445304871,2025-03-31 23:22:24.419557,2025-03-31 23:22:31.735911,0 days 00:00:07.316354,0.07399489493080724,0.8409598265436783,16,0.08773376362283689,0.13919714005039954,0.0010597895481768696,0.01808301055972306,0.09320765313747058,0.0802817635774358,0.00014460863134900143,25,72,0.05533540939030452,0.05866155942245647,False,False,True,4.243660067531955e-08,COMPLETE
1739,0.5158961534500122,2025-03-31 23:22:32.290276,2025-03-31 23:22:51.182168,0 days 00:00:18.891892,0.02986331841097436,0.8161576845124294,2,0.053014459683215845,0.09906829864534247,0.013240304364844555,0.053361039660164616,0.09541960559587472,0.08329638416946866,9.550497333942516e-05,25,68,0.04368947436063446,0.09950375361500825,False,False,True,3.262334038688016e-08,COMPLETE
1740,0.32258812189102176,2025-03-31 23:22:51.763412,2025-03-31 23:22:58.842186,0 days 00:00:07.078774,0.052275284106712915,0.7933911523219704,16,0.06977098868289018,0.1517871569080323,0.010335684540485151,0.05066119626508693,0.06638191110333802,0.06566007977581656,0.00020316147962221034,22,82,0.049948748921848356,0.0720161898081464,False,True,True,0.0001309345792685946,COMPLETE
1741,0.5104959011077881,2025-03-31 23:22:59.392645,2025-03-31 23:23:06.625975,0 days 00:00:07.233330,0.14796414336156974,0.7562066174511205,16,0.041052064461360435,0.10999856389878317,0.008014162175887981,0.02549769596460673,0.09010085164960419,0.09218968714382014,0.0004029810603795705,24,73,0.03988126750103156,0.06416465357488083,False,False,True,6.693389054352926e-08,COMPLETE
1742,0.47857949733734134,2025-03-31 23:23:07.203465,2025-03-31 23:23:14.333216,0 days 00:00:07.129751,0.10170900426655236,0.8732759231392598,16,0.0006386328925580571,0.08652661616404161,0.004157508551810393,0.020023332791801105,0.08605973487509458,0.07847233167817072,0.00026371117345224456,23,46,0.03573691352898373,0.08194685849073007,False,False,True,1.2194803393090899e-08,COMPLETE
1743,0.3922400355339051,2025-03-31 23:23:14.891690,2025-03-31 23:23:24.374247,0 days 00:00:09.482557,0.026934513125342622,0.8984459424914676,8,0.047911649149029435,0.11699544582313172,0.06248113164087837,0.046638256138293636,0.08804466973195495,0.0725866205781376,0.0003077456187576062,24,102,0.04279207835925132,0.24954189374042035,False,False,False,2.1223362457350434e-08,COMPLETE
1744,0.47188242673873904,2025-03-31 23:23:24.951264,2025-03-31 23:23:32.209429,0 days 00:00:07.258165,0.07773738582787103,0.8329034004188752,16,0.06518659044437498,0.16310396541576822,0.03596429198790699,0.014918071130655536,0.09208192039978039,0.0864284429311006,0.00017441225276101298,25,56,0.04566397775997282,0.0749315136728154,False,False,True,1.688336205069432e-08,COMPLETE
1745,0.5551461577415466,2025-03-31 23:23:32.786809,2025-03-31 23:23:40.219195,0 days 00:00:07.432386,0.0587492306000178,0.7461731477020427,16,0.057922998557330074,0.13194633420126553,0.006639208545963864,0.0558421767597585,0.09363576121876512,0.09064318063537642,0.00023358091014564963,26,66,0.047343406534304314,0.09276599506736907,False,False,True,1.2168051836772435e-08,COMPLETE
1746,0.505322265625,2025-03-31 23:23:40.802158,2025-03-31 23:23:48.129279,0 days 00:00:07.327121,0.037155327401031814,0.7791037274131852,16,0.04852916965295709,0.12152017506857651,0.0028947006256835805,0.04881548723862202,0.0903466287041858,0.06807261345439741,0.00013268645707900921,23,79,0.04212459701480974,0.06018454807061259,True,False,True,9.795514286264315e-05,COMPLETE
1747,0.45327100753784183,2025-03-31 23:23:48.690231,2025-03-31 23:23:54.700085,0 days 00:00:06.009854,0.010397545699041486,0.8103154203680157,16,0.07648346908926817,0.10646003097891457,0.011345678956003677,0.05157799599924001,0.09622747549273004,0.08146216093422431,0.00019513154647845906,9,76,0.03863103064634109,0.06819173857440292,False,False,True,2.7976086894975293e-08,COMPLETE
1748,0.5520812630653382,2025-03-31 23:23:55.282098,2025-03-31 23:24:02.500810,0 days 00:00:07.218712,0.010392731418491398,0.8370830999365049,16,0.054726331274863614,0.18238011754655026,0.06650384115870811,0.06333048982000111,0.0879676343514356,0.08901718058479417,0.0003537421780699434,24,70,0.050133470340659674,0.08608067477594464,False,False,True,4.8234609001714414e-08,COMPLETE
1749,0.4638396978378296,2025-03-31 23:24:03.063248,2025-03-31 23:24:10.106178,0 days 00:00:07.042930,0.04400838472342752,0.7913984830962746,16,0.03973913262126413,0.203163425945872,0.01341570237519882,0.016838961542756214,0.08576986852395892,0.07508117060455828,0.0002484970191333838,22,60,0.0444804333035177,0.10660845176707544,False,False,True,0.00016266003859026506,COMPLETE
1750,0.4824082136154175,2025-03-31 23:24:10.692907,2025-03-31 23:24:18.035814,0 days 00:00:07.342907,0.08664486152643026,0.8571389452165067,16,0.06844695080968467,0.17051781035578129,0.005261445621441552,0.02217994779142794,0.09848442261085658,0.08334611754176889,0.00016952406113833428,25,74,0.04053831506988886,0.07750713103775089,False,False,True,1.8839971322757904e-08,COMPLETE
1751,0.5066153168678285,2025-03-31 23:24:18.600135,2025-03-31 23:24:25.769750,0 days 00:00:07.169615,0.06770080164805427,0.9288999418748989,16,0.061310201105598115,0.15565482424233693,0.0076416734702473964,0.012199853451078433,0.09243928084892229,0.07941091114757647,0.0002214763918319202,23,94,0.05283390294116959,0.09526719188843667,False,False,True,1.421911509663181e-08,COMPLETE
1752,0.5505407094955445,2025-03-31 23:24:26.330883,2025-03-31 23:24:33.604659,0 days 00:00:07.273776,0.11413161521411341,0.8822637751665668,16,0.08182663841390972,0.1268107444232382,0.009923732268779807,0.05451063169452849,0.09035822805922297,0.08726189918847439,0.00030041999441482556,24,63,0.0482316847701344,0.0565655097167779,False,False,True,3.473662790983533e-08,COMPLETE
1753,0.5599111437797547,2025-03-31 23:24:34.181053,2025-03-31 23:24:41.622107,0 days 00:00:07.441054,0.03158835270632464,0.7680591219519901,16,0.044499162673114045,0.14439194815500936,0.002752868800502347,0.05198536981377524,0.08777106606905406,0.0769581425587108,0.0002669964827536042,26,86,0.04611002552554266,0.08801597811708477,False,False,True,2.3329739614147757e-08,COMPLETE
1754,0.49783576726913453,2025-03-31 23:24:42.183858,2025-03-31 23:24:49.485582,0 days 00:00:07.301724,0.0558105187251131,0.7378051856817938,16,0.05378365912148561,0.11507260970469636,0.0010038621277563286,0.046441019548723664,0.09536066278728667,0.08514413652179922,0.0009394266153897626,25,68,0.0423951883848335,0.07032311191549133,False,False,True,1.2295557838302442e-08,COMPLETE
1755,0.5406168818473817,2025-03-31 23:24:50.061571,2025-03-31 23:24:57.305462,0 days 00:00:07.243891,0.02708131373176206,0.9093471550009967,16,0.06232077663240654,0.11089300961287384,0.005417024524599634,0.04911486519559591,0.0859508921527054,0.09370223227961559,0.00019730813552723382,24,81,0.037562279944453256,0.06410232979563349,False,False,True,0.00020621917552040244,COMPLETE
1756,0.44764198064804084,2025-03-31 23:24:57.893141,2025-03-31 23:25:04.407278,0 days 00:00:06.514137,0.043217428403529864,0.8184695117447373,16,0.048844796068362714,0.13376445378471252,0.008938475796823053,0.019609858249036712,0.08998041160537722,0.07193384241605504,0.000143846878630671,15,71,0.04443413895951093,0.1029448412120739,False,False,True,7.379647988554817e-05,COMPLETE
1757,0.4797243475914002,2025-03-31 23:25:04.973047,2025-03-31 23:25:12.336008,0 days 00:00:07.362961,0.13901289416217993,0.7995743647682666,16,0.040461668958004085,0.13873950863386872,0.05038939533046405,0.0527084472673869,0.09368866034088831,0.09004908629538819,0.00037371053602131026,23,77,0.05127599662129166,0.08164325651609035,True,False,True,1.4893599638572511e-08,COMPLETE
1758,0.3784927904605866,2025-03-31 23:25:12.896842,2025-03-31 23:25:20.030703,0 days 00:00:07.133861,0.09376813904221876,0.8592800120564399,16,0.06996127384816053,0.10295730547709048,0.011771600035379682,0.05053645171259264,0.09138850378976668,0.08136031575074996,5.579192831051646e-05,24,5,0.048748254257358584,0.07284649126136056,False,False,True,0.00011944574901011278,COMPLETE
1759,0.38272582292556767,2025-03-31 23:25:20.614130,2025-03-31 23:25:28.038203,0 days 00:00:07.424073,0.06226279402030879,0.9994583660435841,16,0.057185690573489746,0.12050785990899593,0.014237617750161562,0.05750018030710274,0.08444646953064451,0.07028308077913221,0.00022907187916259542,26,66,0.03984206884284789,0.05446243842877534,False,False,True,1.8396209033807813e-08,COMPLETE
1760,0.3248848021030426,2025-03-31 23:25:28.614598,2025-03-31 23:25:35.745936,0 days 00:00:07.131338,0.21080285709288837,0.8258629361949795,16,0.049480935097852764,0.19426567921947965,0.006976196894739073,0.016271910499256022,0.08900653309941962,0.07364741787104633,0.003943190229895752,22,74,0.03353398032690544,0.060239075278652784,False,True,True,1.7094579464122223e-07,COMPLETE
1761,0.39117934703826907,2025-03-31 23:25:36.335166,2025-03-31 23:25:57.920563,0 days 00:00:21.585397,0.03154705983170285,0.777433374629842,2,0.06525925076568453,0.17643025330271717,0.004037128501872971,0.04521829686056846,0.09718363461113295,0.08745597531621467,0.00028877316240888824,25,58,0.04226293784139207,0.08931441805121212,False,False,False,2.8209596093894138e-08,COMPLETE
1762,0.5465000867843628,2025-03-31 23:25:58.486740,2025-03-31 23:26:05.668568,0 days 00:00:07.181828,0.07772277990555213,0.8465297418530733,16,0.07386413422914002,0.09568106581869769,0.010194662294314528,0.04800084368155503,0.08690714737705633,0.08374733395490806,0.00045319934491439646,23,64,0.06071647372547432,0.11471443930590294,False,False,True,5.166056976059321e-05,COMPLETE
1763,0.4627491235733033,2025-03-31 23:26:06.251422,2025-03-31 23:26:13.583027,0 days 00:00:07.331605,0.045560029563220555,0.8772651805881001,16,0.13417923312394148,0.15029207244090717,0.007285989672329076,0.053875341978302196,0.0921514608074618,0.07892089211691583,0.00018186025278241351,25,80,0.05752610382161378,0.07829725720082728,False,False,True,1.0079907285956338e-08,COMPLETE
1764,0.5492647051811218,2025-03-31 23:26:14.145752,2025-03-31 23:26:21.386051,0 days 00:00:07.240299,0.025850027136917548,0.7577242791657168,16,0.05875030353886563,0.128078279775242,0.012804656127731278,0.018296417615184527,0.08845005974447719,0.05153708730713885,0.0002483602905438676,24,89,0.046507848717073155,0.0673374863304495,False,False,True,5.674923940177947e-08,COMPLETE
1765,0.5493271112442017,2025-03-31 23:26:21.971576,2025-03-31 23:26:29.365806,0 days 00:00:07.394230,0.010698078410926962,0.7900268501756715,16,0.037845861680939306,0.16158260896424906,0.004830287789535709,0.05941489331134375,0.09505756465756371,0.06243913474942312,0.0001641332238955144,26,70,0.05419306307177903,0.04599880444161974,False,False,True,4.3206806160300345e-08,COMPLETE
1766,0.2905823647975922,2025-03-31 23:26:29.933096,2025-03-31 23:26:37.211059,0 days 00:00:07.277963,0.11796385465182023,0.8987706895823918,16,0.18985122072752375,0.11418691361608144,0.001016671928913085,0.022843880748246052,0.08360173884018068,0.07654666405039068,0.000121541304385245,25,77,0.04457736692014115,0.09842880175579384,False,False,True,2.4013632216120808e-08,COMPLETE
1767,0.5001550197601319,2025-03-31 23:26:37.797875,2025-03-31 23:26:44.842936,0 days 00:00:07.045061,0.05715097805889454,0.813997489926949,16,0.04476146946494957,0.16821777520135656,0.008714031289200013,0.04995440770422527,0.08979755276223207,0.09149142246483782,0.0003203868944960345,22,72,0.04160653506855136,0.08408281604757399,False,False,True,1.4193889480188744e-08,COMPLETE
1768,0.5510804891586304,2025-03-31 23:26:45.408612,2025-03-31 23:26:54.025968,0 days 00:00:08.617356,0.027820945792829774,0.7392749489160507,8,0.05145774223003709,0.10701427988593283,0.002951620536970667,0.01392086545855668,0.09339754784461603,0.08553213952994392,0.0002162116129833099,23,61,0.049789652782545414,0.059623864567131174,False,False,True,1.3959460990403497e-05,COMPLETE
1769,0.4801703214645386,2025-03-31 23:26:54.613905,2025-03-31 23:27:02.101198,0 days 00:00:07.487293,0.08858062546330972,0.8465663302485381,16,0.06509212706819946,0.12262544005677067,0.006007633676938899,0.008739588871667064,0.0771473620816522,0.08885936189176052,0.00019499812891234574,24,97,0.03624757405332742,0.07473548692373395,True,False,True,1.889981289616173e-08,COMPLETE
1770,0.5534232139587403,2025-03-31 23:27:02.667335,2025-03-31 23:27:09.537154,0 days 00:00:06.869819,0.17056958186421972,0.86389223871018,16,0.05549376604858394,0.14254895196849546,0.010537598626164765,0.051479417006385364,0.0914694452920841,0.08098494620375642,0.00026238466238209275,19,83,0.03874086368153194,0.05163119280332479,False,False,True,1.2424205008070743e-08,COMPLETE
1771,0.5572684049606323,2025-03-31 23:27:10.122879,2025-03-31 23:27:17.310664,0 days 00:00:07.187785,0.010337819461743957,0.7666791661202622,16,0.04014372846698619,0.1539484926473679,0.014947083022513923,0.05615202011785926,0.08598077409016167,0.0670138303265926,0.0003424942673852274,24,68,0.04679620042180931,0.09488341273288194,False,False,True,3.003370645047793e-07,COMPLETE
1772,0.49675066471099855,2025-03-31 23:27:17.876261,2025-03-31 23:27:25.049541,0 days 00:00:07.173280,0.044331402605103015,0.9377259179914942,16,0.07433296595025977,0.18716889792711416,0.01229862993672636,0.020566656485737012,0.07359917797019855,0.07798659716954463,0.00014698960114674305,23,74,0.04322144896077591,0.06536958615043667,False,False,True,0.00010024957345587648,COMPLETE
1773,0.5593822240829468,2025-03-31 23:27:25.635069,2025-03-31 23:27:32.964381,0 days 00:00:07.329312,0.06485124881998466,0.8065859256472352,16,0.047664515996674754,0.1182060273694021,0.008304345692189331,0.05354846084564925,0.08885148480320389,0.08298422189053657,0.00023631150218236336,25,65,0.05180031932252496,0.08138627288457509,False,False,True,2.8799885052740367e-08,COMPLETE
1774,0.409239673614502,2025-03-31 23:27:33.557002,2025-03-31 23:27:39.200440,0 days 00:00:05.643438,0.10301434140723717,0.8287681799904916,16,0.059778983295893234,0.13561048295220382,0.004307439557199854,0.04717687206688485,0.09799488968179737,0.0690249462240645,0.00017241236778697613,5,78,0.04027534549815258,0.08797065911921938,False,False,True,3.794147988951778e-08,COMPLETE
1775,0.5618893027305604,2025-03-31 23:27:39.771141,2025-03-31 23:27:47.002360,0 days 00:00:07.231219,0.01006268035817322,0.8845394823858443,16,0.06931853793902001,0.11008587311645818,0.007083745737875808,0.0492228858256864,0.09449417490490881,0.08593799718956596,0.00030027558060929157,24,72,0.044880521575897656,0.07403054192699146,False,False,True,1.1824941348042099e-08,COMPLETE
1776,0.538222873210907,2025-03-31 23:27:47.575114,2025-03-31 23:27:54.627854,0 days 00:00:07.052740,0.04394094625338159,0.7815471481286529,16,0.052491925695566835,0.14707700054953907,0.009462095887261683,0.0549224779725183,0.09984386874316062,0.08822987362319942,0.00020657156936582777,21,92,0.048500872843358314,0.0539325047771839,False,False,True,1.556311786545816e-08,COMPLETE
1777,0.4740547060966492,2025-03-31 23:27:55.223060,2025-03-31 23:28:02.551394,0 days 00:00:07.328334,0.07625295796391524,0.9114248625171961,16,0.06179706083087044,0.12629858924976106,0.00293549311498789,0.025713793436540858,0.09139623455791945,0.0736615228416675,0.0001276795112406693,26,54,0.04285597450393106,0.0694062750690811,False,False,True,2.194531716822295e-08,COMPLETE
1778,0.32296298742294316,2025-03-31 23:28:03.123882,2025-03-31 23:28:09.822049,0 days 00:00:06.698167,0.12712172587103954,0.7452487211766428,16,0.04301828668397315,0.10462193039194466,0.013915869957509258,0.052015670180892926,0.023819679431391134,0.06424290339360604,0.0004085949177178437,18,68,0.04685953326860246,0.06138078257103231,False,True,True,0.00015739706628647578,COMPLETE
1779,0.521847414970398,2025-03-31 23:28:10.406343,2025-03-31 23:28:17.781249,0 days 00:00:07.374906,0.028353108621530898,0.8448041535791755,16,0.04485610316995417,0.1580037632424221,0.005760218176676579,0.01778989670081762,0.08717550637781463,0.07561155761597727,0.0015833376722193219,25,75,0.04068320793896636,0.09174656843699729,False,False,True,1.1990644129793478e-08,COMPLETE
1780,0.5346684455871582,2025-03-31 23:28:18.357288,2025-03-31 23:28:25.754743,0 days 00:00:07.397455,0.0596759194288725,0.8125231602919207,16,0.036234970443501685,0.16465318101416043,0.011280108400088841,0.044251790846640895,0.08478427540712044,0.07989391859607728,0.00025107459047139926,23,80,0.05584049533565279,0.04078789523323705,True,False,True,8.350210305430233e-05,COMPLETE
1781,0.4999086260795594,2025-03-31 23:28:26.341167,2025-03-31 23:28:33.569124,0 days 00:00:07.227957,0.3994487708752693,0.7962319103423271,16,0.055264920426635666,0.11395448425435643,0.0044745967770991445,0.04725530658945094,0.0962015891119959,0.09303024517008246,0.00019962780205741556,24,62,0.0384293087612856,0.08120722991965437,False,False,True,3.1535229255337474e-08,COMPLETE
1782,0.39366748332977297,2025-03-31 23:28:34.145011,2025-03-31 23:28:49.103314,0 days 00:00:14.958303,0.028564053089082726,0.8719108759333993,2,0.08181415708039667,0.09813360479711658,0.030867968208367708,0.049994941743984576,0.09005529929234843,0.09058021402725756,0.00028439012020622863,14,70,0.044788097173741055,0.10232495635738778,False,False,False,1.7837360538098417e-08,COMPLETE
1783,0.5254771828651429,2025-03-31 23:28:49.692697,2025-03-31 23:28:56.725840,0 days 00:00:07.033143,0.04474787306523666,0.7617029444061688,16,0.06580053906495088,0.17916513843766413,0.008090115714175424,0.022311739823902776,0.09359538101945729,0.08223154313930889,0.0001627236563307884,22,85,0.05064804898227907,0.049592516339093576,False,False,True,1.0058003964969913e-08,COMPLETE
1784,0.5357357263565063,2025-03-31 23:28:57.290041,2025-03-31 23:29:04.676962,0 days 00:00:07.386921,0.010354039862759285,0.9536924933016163,16,0.05957311528574886,0.12849701192387109,0.0010370679373626359,0.015865113305677664,0.08074578499018407,0.07143882896328281,0.002532404277557219,26,66,0.049153040536978096,0.1525262358691032,False,False,True,1.0058830666518622e-08,COMPLETE
1785,0.46581945419311527,2025-03-31 23:29:05.266850,2025-03-31 23:29:12.633715,0 days 00:00:07.366865,0.07634901374688942,0.8293095212223274,16,0.07335124692582569,0.11961996445038914,0.011486129634967493,0.019464176081095887,0.0999564268655514,0.08883662226871977,0.00010165081319338591,25,100,0.04275286050288241,0.06370122950829908,False,False,True,5.037820220769028e-08,COMPLETE
1786,0.2950746834278107,2025-03-31 23:29:13.226071,2025-03-31 23:29:21.807282,0 days 00:00:08.581211,0.9682428293822879,0.7812631589719083,8,0.04888073566786509,0.13786810632299645,0.006313482097835482,0.05274532352558222,0.08806277707023843,0.08478796390268173,0.0003551760450006971,23,76,0.035058334099922324,0.07525322796857441,False,False,True,1.4568811407273274e-08,COMPLETE
1787,0.5546313405036927,2025-03-31 23:29:22.383459,2025-03-31 23:29:29.690878,0 days 00:00:07.307419,0.04313249353606203,0.8600558834336129,16,0.03713831058214696,0.15287065790301757,0.013657080655649783,0.057010017659699944,0.09171154614269855,0.07810704639701938,0.00022172411306076894,25,71,0.05293768698794838,0.08556558282034758,False,False,True,3.774883999953203e-08,COMPLETE
1788,0.4790055751800537,2025-03-31 23:29:30.262527,2025-03-31 23:29:37.459488,0 days 00:00:07.196961,0.10376668901194892,0.7383927479100492,16,0.05356229782310239,0.17332628700969976,0.0030749762696443304,0.05041065785368427,0.08626386423897174,0.07444579965438185,0.00028720621182186476,24,59,0.04691070807036976,0.05525609470341916,False,False,True,7.911702735846429e-08,COMPLETE
1789,0.49740912914276125,2025-03-31 23:29:38.051444,2025-03-31 23:29:45.327398,0 days 00:00:07.275954,0.06189044462269187,0.8004345199151136,16,0.06643633959022077,0.11082386447184443,0.009549048198985454,0.05517256981165496,0.08946636744328038,0.09562615637404014,0.00018312707381359073,24,63,0.04012715850509654,0.068014870770229,False,False,True,1.935538300736313e-06,COMPLETE
1790,0.5553543567657471,2025-03-31 23:29:45.896757,2025-03-31 23:29:53.348387,0 days 00:00:07.451630,0.5506229848131781,0.8415482581637668,16,0.04555698086700493,0.11658881982528138,0.015296879522266799,0.04600292843005078,0.08308333248055506,0.08118782803179207,0.00023970479829297565,26,74,0.04475279327192532,0.09468604766742747,False,False,True,0.00013323320402900605,COMPLETE
1791,0.4965673923492432,2025-03-31 23:29:53.938724,2025-03-31 23:30:01.419305,0 days 00:00:07.480581,0.028171432613838088,0.8922206735331466,16,0.0595631084898996,0.14516799481711196,0.005858422194581163,0.06137874780550205,0.0931765718520508,0.08601818645276692,0.00014914416718535164,24,79,0.04272887672742583,0.05909730859637167,True,False,True,2.2777128874396456e-08,COMPLETE
1792,0.5112611770629882,2025-03-31 23:30:01.986430,2025-03-31 23:30:09.088468,0 days 00:00:07.102038,0.14023303598475895,0.8222650351777084,16,0.07834316941797666,0.10429007329194398,0.007813599113462752,0.01290685316441587,0.09639494407594697,0.08728601226283436,0.0005351539304236757,23,68,0.03785561595972221,0.07871390764819791,False,False,True,6.832916146000145e-05,COMPLETE
1793,0.5604970097541809,2025-03-31 23:30:09.700628,2025-03-31 23:30:17.368940,0 days 00:00:07.668312,0.010159199851171592,0.7683405103980356,16,0.05195857730729216,0.0913924162973826,0.010891471886720102,0.0758353064922572,0.04846143542809983,0.0793576799879837,0.00020547617115113307,29,82,0.048115593435564104,0.1065208775613275,False,False,True,1.0052961321721938e-08,COMPLETE
