number,value,datetime_start,datetime_complete,duration,params_alpha-eval,params_alpha-train,params_batch-size,params_eps-eval,params_eps-train,params_lambda-actions-eval,params_lambda-actions-train,params_lambda-frames-eval,params_lambda-frames-train,params_learning-rate,params_n-epochs,params_n-frames,params_radius-gw,params_rho,params_std-feats,params_ub-actions,params_ub-frames,params_weight-decay,state
968,0.4110806465148926,2025-04-21 15:38:42.817338,2025-04-21 15:38:55.909995,0 days 00:00:13.092657,0.42675134050312824,0.4995876086476509,2,0.05512542423332549,0.05156135554784115,0.01608172874303175,0.04751220535242281,0.018390258917430867,0.00390891116317177,0.0610167079944078,13,150,0.02874194065767102,0.08229490298356927,True,False,True,0.0001940238766110874,COMPLETE
969,0.42253693342208865,2025-04-21 15:38:56.209163,2025-04-21 15:39:02.575234,0 days 00:00:06.366071,0.454772748457473,0.4774989901366426,16,0.03667091668760336,0.05477679629750217,0.01827044374572131,0.0033977210883975543,0.013661966618324615,0.012247622007109464,0.026103718549075037,9,145,0.025618679820462776,0.08859833516846737,True,False,True,0.0002092975360606286,COMPLETE
970,0.588334333896637,2025-04-21 15:39:02.889393,2025-04-21 15:39:14.295252,0 days 00:00:11.405859,0.5052876004068482,0.5804864743380744,2,0.04918191216728092,0.1596922386861394,0.009670653919077917,0.05043843181157226,0.019131333658944812,0.004689508807005874,0.014699041534921697,10,141,0.029708817032450163,0.0674346919444493,True,False,True,0.00029158966783170875,COMPLETE
971,0.5079572916030884,2025-04-21 15:39:14.608164,2025-04-21 15:39:26.020446,0 days 00:00:11.412282,0.4846863343498373,0.5333756269468528,2,0.03961977195054642,0.16359860243782806,0.013110771568924508,0.05068453019983396,0.016500986969777205,0.00563332129167506,0.014567140892717198,10,143,0.03772661832050737,0.04383285412871603,True,False,True,0.00028061860743059015,COMPLETE
972,0.3469366133213043,2025-04-21 15:39:26.334498,2025-04-21 15:39:38.381056,0 days 00:00:12.046558,0.8286199395298928,0.5542958326890138,2,0.03254697342603372,0.15629609079782159,0.010427033560220234,0.04977718424791051,0.015231001210153791,0.0022244869561236762,0.01425136775090093,11,147,0.030930561978161936,0.06790819854078362,True,False,True,0.0003120653933886002,COMPLETE
973,0.5587934017181396,2025-04-21 15:39:38.696909,2025-04-21 15:39:49.731903,0 days 00:00:11.034994,0.4725602750415758,0.5820972964212107,2,0.04382193896982102,0.21281511066012926,0.015670401421366446,0.05426055057306474,0.018553902349716836,0.004678445453170275,0.009039736812543586,9,150,0.032221414831585346,0.059426695306837585,True,False,True,0.0002475859293382766,COMPLETE
974,0.5153628587722778,2025-04-21 15:39:50.032896,2025-04-21 15:40:01.639222,0 days 00:00:11.606326,0.4433867936726909,0.5257305229466436,2,0.048367384569167594,0.054998499115790064,0.012133804358890967,0.052374945539917055,0.014832493620544415,0.0027953233850786744,0.013828845834384283,10,145,0.029774791034002976,0.06354231477516195,True,False,True,0.0005541584660902739,COMPLETE
975,0.5171371817588807,2025-04-21 15:40:01.962231,2025-04-21 15:40:12.962752,0 days 00:00:11.000521,0.5057932727642735,0.5574640587261781,2,0.029102559449041835,0.1869645965112725,0.021180390079466715,0.04855037883053733,0.012298300340507254,0.0021830184051328853,0.016169855098325272,9,142,0.035771836969647926,0.054921768964429386,True,False,True,0.0003982486488353825,COMPLETE
976,0.35436087250709536,2025-04-21 15:40:13.277355,2025-04-21 15:40:24.153456,0 days 00:00:10.876101,0.5301141298946789,0.45392519219278127,2,0.03677669250892313,0.13460473025894118,0.014223955482797413,0.05220620815453722,0.019099754215355626,0.0072909349780003905,0.01347288162548115,9,91,0.02720541429811292,0.0017376531147101758,True,True,True,0.00031170791147695575,COMPLETE
977,0.49130961894989017,2025-04-21 15:40:24.469509,2025-04-21 15:40:31.503215,0 days 00:00:07.033706,0.41485520759599104,0.595452525821662,8,0.043436335949658636,0.03787862500934082,0.02463252924857636,0.05035673928344337,0.01630200233320806,0.008402928548175342,0.01100577469466597,10,127,0.03412837766401694,0.052048316664519104,True,False,True,0.0002570840858735079,COMPLETE
978,0.5434873700141907,2025-04-21 15:40:31.822377,2025-04-21 15:40:43.365343,0 days 00:00:11.542966,0.48154203680311336,0.5070867797720036,2,0.04880553818040221,0.14881519452762346,0.009637863711734551,0.04631696368020714,0.01745427160254109,0.005723685951040475,0.016513725332347986,8,146,0.030310300558363278,0.10375910645140653,True,False,False,0.0008150259590612434,COMPLETE
979,0.4614526391029358,2025-04-21 15:40:43.668351,2025-04-21 15:40:55.679427,0 days 00:00:12.011076,0.45705791198278123,0.569563574149133,2,0.03928894635854566,0.151352038266455,0.011750635166175045,0.05606341913880871,0.01992817489002412,0.0034414607945140096,0.018224124686900368,11,139,0.028235582254912912,0.09646597188409403,True,False,True,0.0003356623490992598,COMPLETE
980,0.5276850819587708,2025-04-21 15:40:55.991134,2025-04-21 15:41:07.535345,0 days 00:00:11.544211,0.4912136785457601,0.547300977699293,2,0.03175680052838058,0.10664715226758695,0.01957781466236837,0.04771106751374457,0.031152940333362328,0.002928730534651528,0.010018328776622712,10,150,0.024676898148943367,0.04166682482688388,True,False,True,0.00043769943637407533,COMPLETE
981,0.5979620337486267,2025-04-21 15:41:07.852446,2025-04-21 15:41:18.913160,0 days 00:00:11.060714,0.5149492141012043,0.5850186856726309,2,0.02449075772755437,0.1686296843822513,0.01634748981829208,0.052774106365614054,0.009092565013917173,0.004818526007075774,0.011237544881334395,9,143,0.03261124258627256,0.04812958687349824,True,False,True,0.00023405845767148026,COMPLETE
982,0.4370210409164429,2025-04-21 15:41:19.230818,2025-04-21 15:41:29.835995,0 days 00:00:10.605177,0.5433295422051202,0.6049565409117702,2,0.024763880848953913,0.2050887940751232,0.018185777721523338,0.05418240859300313,0.004363329731069946,0.002016997734348621,0.020804913311654766,8,147,0.038890302410710814,0.03928836437839557,True,False,True,0.0002223975207969966,COMPLETE
983,0.3894119501113892,2025-04-21 15:41:30.155321,2025-04-21 15:41:40.718146,0 days 00:00:10.562825,0.567903456717144,0.5309904990184692,2,0.023701223372435003,0.03191441209595666,0.017148859411373632,0.05736630621963932,0.005932449148841421,0.004235097708328992,0.011197050455521896,8,145,0.035471945676583,0.045401953047944026,True,False,True,0.0002394553874175355,COMPLETE
984,0.44694371223449714,2025-04-21 15:41:41.036338,2025-04-21 15:41:51.965634,0 days 00:00:10.929296,0.5311155129892676,0.5979050156214881,2,0.021654919085398596,0.24566194666632346,0.01927978635803577,0.05655063998092551,0.007367120038367577,0.008788463766872796,0.007227857277585809,9,148,0.03417158555059301,0.050371972955012785,False,False,True,0.0001936235594546413,COMPLETE
985,0.6010953426361084,2025-04-21 15:41:52.274257,2025-04-21 15:42:03.311483,0 days 00:00:11.037226,0.4327591159707379,0.5640390138650545,2,0.027484292208880077,0.24003089983892467,0.015347954739771342,0.05392872929814929,0.006696217594797372,0.0011504826894710948,0.008595075122426316,9,145,0.03260530248517919,0.047132504989590616,True,False,True,0.0001844851819730947,COMPLETE
986,0.4592094659805298,2025-04-21 15:42:03.627720,2025-04-21 15:42:14.565435,0 days 00:00:10.937715,0.44224182607933527,0.5764245839745294,2,0.028791177511823904,0.24384363909380471,0.015661245787336957,0.054998730765732466,0.003812357193487582,0.0011618471678333034,0.01068816186054525,9,102,0.035094939450465115,0.048725791645398614,True,False,True,0.0002465347369924266,COMPLETE
987,0.44230477809906005,2025-04-21 15:42:14.887002,2025-04-21 15:42:25.859120,0 days 00:00:10.972118,0.4625732606198588,0.6070567800368812,2,0.029465780183035348,0.12655044950468747,0.015192627127326868,0.05505732631075113,0.0068312326971662896,0.003255669234374266,0.009707575845882053,9,150,0.035834572735334996,0.04463917221461837,True,False,True,0.00020193181346739338,COMPLETE
988,0.42120616436004643,2025-04-21 15:42:26.186999,2025-04-21 15:42:37.181983,0 days 00:00:10.994984,0.44771912979289263,0.5858721093000473,2,0.0280786170568341,0.1198919130695169,0.01384786680121021,0.0527824931799938,0.00117113495714867,0.0014840322988040108,0.008850622117695238,9,147,0.041864750605117955,0.03822668406458226,True,False,True,0.0002497311549325407,COMPLETE
989,0.504169797897339,2025-04-21 15:42:37.503719,2025-04-21 15:42:48.437859,0 days 00:00:10.934140,0.427921965708541,0.5653526479881832,2,0.03221741498256397,0.18380949843330363,0.0163486580029041,0.058420604084784555,0.00726579833806361,0.0010337593268565236,0.007857040793199961,9,144,0.03678903062140358,0.03257463751429705,True,False,True,0.0001717097730516514,COMPLETE
990,0.3801570534706116,2025-04-21 15:42:48.740103,2025-04-21 15:42:55.793945,0 days 00:00:07.053842,0.4678172235916953,0.6059681165451701,8,0.03503272388113557,0.23734055387430575,0.01487370820743764,0.05320279921752151,0.0059649253977891795,0.0011706866523885256,0.015327378592576699,9,148,0.03332516012630858,0.047300181011650747,True,False,True,0.00030807249088225786,COMPLETE
991,0.570371150970459,2025-04-21 15:42:56.111832,2025-04-21 15:43:07.199688,0 days 00:00:11.087856,0.48623543675731223,0.5660232907702611,2,0.026033016465894614,0.24501233973948094,0.013489901265638099,0.057357077198209566,0.055215402262261,0.006200704511844516,0.007756188893171013,9,145,0.033205583790977405,0.04316245454035292,True,False,True,0.0002141520492628948,COMPLETE
992,0.36430956721305846,2025-04-21 15:43:07.516810,2025-04-21 15:43:18.646469,0 days 00:00:11.129659,0.5176829640369389,0.5861965130836114,2,0.03462733557349308,0.0015942348619424618,0.016763347270999665,0.0545794142345889,0.007599111255998945,0.003686187004157275,0.009495557828964609,9,150,0.03249493790054879,0.05508053556984546,True,False,True,0.00016961041600014554,COMPLETE
993,0.36795262098312376,2025-04-21 15:43:18.967573,2025-04-21 15:43:30.542781,0 days 00:00:11.575208,0.437226685035601,0.5528069869595801,2,0.02418622968269881,0.24988692366991738,0.012953769076512484,0.055991959038866404,0.004452637364049999,0.003655924461493447,0.011681189269209127,10,143,0.038715858864848844,0.03880502263486629,True,False,True,0.00033715931798934505,COMPLETE
994,0.500059998035431,2025-04-21 15:43:30.875389,2025-04-21 15:43:37.323984,0 days 00:00:06.448595,0.7330789376345507,0.5891490483183587,16,0.033245673259890605,0.2625389999937975,0.015687662831951502,0.053408839675545286,0.002398355345073641,0.0042887875159403985,0.010975830866300319,9,147,0.03410514771790556,0.05209733078191714,True,False,True,0.0002603037686597129,COMPLETE
995,0.3836589097976685,2025-04-21 15:43:37.649071,2025-04-21 15:43:49.177668,0 days 00:00:11.528597,0.46133616102858466,0.6129629189491671,2,0.03809058154248149,0.24358123098502277,0.013418007726893076,0.05670856146283084,0.008114533272353997,0.004489030817703427,0.011813848054519618,10,145,0.03258743765816255,0.048024190216090445,True,False,True,0.00021126679550991886,COMPLETE
996,0.28286103010177616,2025-04-21 15:43:49.484962,2025-04-21 15:44:00.728935,0 days 00:00:11.243973,0.47784200787432907,0.5605676088339564,2,0.030449840418856025,0.24083804814393966,0.017609516759248607,0.05964632288157576,0.00908977906498209,0.007574755545453832,0.006553713549527651,9,150,0.035721315849994086,0.029685060350992214,True,True,True,0.0001565719815044128,COMPLETE
997,0.5806051254272461,2025-04-21 15:44:01.050370,2025-04-21 15:44:12.621018,0 days 00:00:11.570648,0.4222399138062042,0.5439813290083789,2,0.022648576878934575,0.171510938776181,0.032935072317202135,0.05341767514155205,0.005827990736594915,0.0028742904156085387,0.011928100805092394,10,142,0.036931242500555905,0.036217247623250653,True,False,True,0.00016695938982626317,COMPLETE
998,0.5144275784492494,2025-04-21 15:44:12.942867,2025-04-21 15:44:27.721690,0 days 00:00:14.778823,0.5009418886072572,0.5799048130122211,2,0.04028277889653387,0.10956337231391322,0.014890473561753792,0.052370710864272356,0.009325867734482806,0.0016045766291598058,0.08463047098824338,16,146,0.03197574840890578,0.04414270445329986,True,False,True,0.00021006818772152433,COMPLETE
999,0.5761786699295044,2025-04-21 15:44:28.044802,2025-04-21 15:44:39.107349,0 days 00:00:11.062547,0.4501265396655963,0.5978973797413971,2,0.027371395992104156,0.23522090994515793,0.012157125094682251,0.05543228721260002,0.0013591448178519958,0.003727287608158599,0.013081153931524928,9,147,0.031456010837372234,0.05277714593148444,True,False,True,0.00026780447927896397,COMPLETE
1000,0.39632893800735475,2025-04-21 15:44:39.435687,2025-04-21 15:44:51.029749,0 days 00:00:11.594062,0.5514750180338935,0.5150937608256461,2,0.035701270456971676,0.2630482854507711,0.012535481421039423,0.05871300081379023,0.010308402055395054,0.0069930811852699105,0.012772420425097415,8,142,0.03430705775775133,0.04321292729448538,True,False,False,0.00015470864597866358,COMPLETE
1001,0.5061928153038026,2025-04-21 15:44:51.359355,2025-04-21 15:45:02.979243,0 days 00:00:11.619888,0.5165115140857731,0.5692946092322094,2,0.03994547171151581,0.23751078475618181,0.016672418144040912,0.05217500052851726,0.009201846800171684,0.010115376171265341,0.010118605045805728,10,150,0.017944492402169797,0.04858628002437426,True,False,True,0.0003696877679415338,COMPLETE
1002,0.5376167297363281,2025-04-21 15:45:03.287849,2025-04-21 15:45:10.219487,0 days 00:00:06.931638,0.47113605389956886,0.5435277833720181,8,0.04391573873125585,0.24641974296607871,0.014491083905527643,0.05460972286036191,0.005066070434153437,0.006082173101663848,0.003218124484697338,9,73,0.03168306228882888,0.03310680470422521,True,False,True,0.00022785908502409317,COMPLETE
1003,0.5831322193145752,2025-04-21 15:45:10.542000,2025-04-21 15:45:21.047550,0 days 00:00:10.505550,0.4962591309897177,0.6111324519824642,2,0.032109515103817654,0.2614138267006431,0.01095594749368552,0.051578793966914414,0.02967555981439209,0.004774243517938394,0.01260358799458644,8,144,0.034080195702044416,0.03785240964222446,True,False,True,1.7214107341119596e-05,COMPLETE
1004,0.511496651172638,2025-04-21 15:45:21.372844,2025-04-21 15:45:32.919938,0 days 00:00:11.547094,0.4371235098249648,0.49086650084491673,2,0.02613711252432283,0.2593404950062534,0.012956271329654288,0.06629601867655505,0.003655040774365334,0.007888490788065965,0.012353917244391121,10,147,0.031232050891149984,0.0493493910349853,False,False,True,0.00018120938220459506,COMPLETE
1005,0.3897206544876099,2025-04-21 15:45:33.247455,2025-04-21 15:45:44.243075,0 days 00:00:10.995620,0.4578195404855696,0.5871389532841831,2,0.03684343367074466,0.24691219051147878,0.015055103243723302,0.061185212309591085,0.027277728294989718,0.010820914166550271,0.017465674614098384,9,139,0.03745560864682206,0.05670072701027645,True,False,True,0.0003167573586792661,COMPLETE
1006,0.5517292976379395,2025-04-21 15:45:44.572698,2025-04-21 15:45:56.272815,0 days 00:00:11.700117,0.5264707557912478,0.5639934203023488,2,0.0403104544436179,0.2510785336229525,0.06750032316860062,0.057843220883017986,0.004497322875633352,0.00874089495097384,0.0067107034204196975,10,143,0.03274387773000082,0.020443900491347027,True,False,True,0.00042323613945295213,COMPLETE
1007,0.4632933616638184,2025-04-21 15:45:56.601628,2025-04-21 15:46:08.644426,0 days 00:00:12.042798,0.4903056263276124,0.5387684648902088,2,0.021288171066867322,0.05452220431332032,0.01718269469837573,0.05648349719282108,0.008733372130032821,0.004714625556168135,0.014542171104513443,11,148,0.03071077831273596,0.025826548733078856,True,False,True,1.223481892739401e-05,COMPLETE
1008,0.32642010450363157,2025-04-21 15:46:08.953108,2025-04-21 15:46:19.499829,0 days 00:00:10.546721,0.6469989282786274,0.6126305112231389,2,0.0314115764164205,0.29335828315219165,0.01094898026875589,0.053860031491737695,0.0032366953638793623,0.011017728622795356,1.521829273618988e-05,8,150,0.03467492687801916,0.04347281798579704,True,False,True,1.3757346357033173e-05,COMPLETE
1009,0.31964467763900756,2025-04-21 15:46:19.822376,2025-04-21 15:46:30.692323,0 days 00:00:10.869947,0.4626786515171569,0.5117613752344455,2,0.04476308324938519,0.23950839881167785,0.013268949378274893,0.0011862002436721418,0.007363992609309386,0.014348713355876192,0.00855622181881375,9,51,0.030039594988544766,0.05206174571287153,True,False,True,0.00015084041670754942,COMPLETE
1010,0.29321303963661194,2025-04-21 15:46:31.019128,2025-04-21 15:46:42.484602,0 days 00:00:11.465474,0.8768840324717972,0.5809050331021745,2,0.05699058791512988,0.2502629572429303,0.04626975228137788,0.006451538201293784,0.00972684077079291,0.001003882532284033,0.008585293865397596,10,81,0.032849361208832334,0.039420417188604416,True,False,True,0.0002503425839355964,COMPLETE
1011,0.3728954136371613,2025-04-21 15:46:42.810392,2025-04-21 15:46:53.627437,0 days 00:00:10.817045,0.4272863967295353,0.5595300631557312,2,0.07495218087098776,0.25247115137971604,0.010616991316354083,0.06811286572798847,0.007686498712257276,0.0029209733187621576,0.0015286087354686388,9,64,0.053050343355007634,0.034607822876053816,True,False,True,1.5591030477405107e-07,COMPLETE
1012,0.32554068565368655,2025-04-21 15:46:53.953787,2025-04-21 15:47:05.538313,0 days 00:00:11.584526,0.4804499762826953,0.5961699416375656,2,0.19792666847656126,0.2160810844866648,0.018759234617631126,0.05099279682674448,0.009721283010196199,0.005723679633506763,0.01008154206390293,10,145,0.060261710062892986,0.05725364891829795,True,False,True,2.0176037826970788e-05,COMPLETE
1013,0.3714064121246338,2025-04-21 15:47:05.864606,2025-04-21 15:47:12.241454,0 days 00:00:06.376848,0.7921546825723986,0.5254400603321026,16,0.035670091196602485,0.2350568349273361,0.015567565780399712,0.05340486821225148,0.025953968965882014,0.08113587050102802,0.06909751810668846,8,141,0.035824493782956754,0.030839639188844456,True,False,True,0.00018644990031807537,COMPLETE
1014,0.28286103010177616,2025-04-21 15:47:12.556539,2025-04-21 15:47:23.647246,0 days 00:00:11.090707,0.517441754030218,0.6217130832764722,2,0.04483530743669371,0.25653147177088703,0.011968866982026516,0.059998345511315866,0.011446134424644509,0.007280606467980398,0.018273637239196512,9,137,0.03995165262450527,0.10661615610162525,True,True,True,0.00014101263966528,COMPLETE
1015,0.5034247159957885,2025-04-21 15:47:23.970241,2025-04-21 15:47:30.999060,0 days 00:00:07.028819,0.41298189985502876,0.7454528141262635,8,0.027331010352089978,0.2579561128072476,0.014253763972628822,0.05574369361415156,0.005136898323851468,0.010808750114098748,0.015387906780726128,9,145,0.03074689334641075,0.05218878513839816,True,False,True,0.0005218554529775467,COMPLETE
1016,0.3765784740447998,2025-04-21 15:47:31.323619,2025-04-21 15:47:53.601682,0 days 00:00:22.278063,0.5576150138735573,0.550074854605676,2,0.06422376162497068,0.13133021776633597,0.00933999210571633,0.036150886774794805,0.09431986549639698,0.08225832765259773,0.0006113422617056051,25,148,0.028864012681295147,0.044908074972749346,True,False,False,0.00031438230713124604,COMPLETE
1017,0.38128758668899543,2025-04-21 15:47:53.931176,2025-04-21 15:48:06.085370,0 days 00:00:12.154194,0.5041377435958353,0.57421515783191,2,0.051945057612824946,0.25318878804393574,0.03830811534928508,0.05051814754957537,0.02855622838973462,0.0012593298908557832,0.06107135762177881,11,141,0.03259736444196958,0.05703507147188609,True,False,True,1.5675152976087836e-05,COMPLETE
1018,0.42282918691635135,2025-04-21 15:48:06.414039,2025-04-21 15:48:16.951439,0 days 00:00:10.537400,0.4445646496415501,0.47968458582795426,2,0.042222845819623434,0.22694097909303362,0.01189316645283819,0.005742485049132421,0.024153708524733242,0.0039546904832162685,0.09830719608413992,8,147,0.045201258387144894,0.010583549974126702,True,False,True,6.178067705881192e-06,COMPLETE
1019,0.38646714687347417,2025-04-21 15:48:17.284998,2025-04-21 15:48:28.878262,0 days 00:00:11.593264,0.476649714750497,0.5987448967218663,2,0.03537908060098482,0.11099426354719746,0.017067147505704497,0.0640066449622199,0.006414020377795137,0.007997906111446585,0.07141343562117809,10,150,0.03403645555130273,0.02485080941624963,True,False,True,2.2797955061578307e-05,COMPLETE
1020,0.31005619168281556,2025-04-21 15:48:29.191343,2025-04-21 15:48:40.830493,0 days 00:00:11.639150,0.7606205293904822,0.529044436984787,2,0.1124576530343443,0.05789966211637569,0.05704772957467018,0.00347244722400782,0.032119100239830244,0.014252017286620657,0.00030243209923523363,10,143,0.03769929375456123,0.04079608104569438,True,False,True,0.00022563272510039994,COMPLETE
1021,0.4038650691509247,2025-04-21 15:48:41.158369,2025-04-21 15:48:52.169072,0 days 00:00:11.010703,0.5422048276544161,0.5661221876429089,2,0.048797144271202506,0.1939177608718962,0.008804049023419996,0.052377554102153716,0.010921025235570793,0.07948014368011509,0.020313790128998307,9,145,0.030880041239300094,0.04883086072026704,True,False,True,0.0001847657317421558,COMPLETE
1022,0.36808491945266725,2025-04-21 15:48:52.501251,2025-04-21 15:49:04.559103,0 days 00:00:12.057852,0.4897845688837048,0.5502874881951318,2,0.2611564673182839,0.045414566446683055,0.014338569880819942,0.05825780244006015,0.02722074543312529,0.08433389874280046,0.01200423014313835,11,139,0.0285781487303443,0.06062810917477489,True,False,True,1.9406063565262402e-05,COMPLETE
1023,0.38381257057189944,2025-04-21 15:49:04.888645,2025-04-21 15:49:15.794860,0 days 00:00:10.906215,0.5841324703039188,0.6169898160817004,2,0.019734476368740168,0.1025580421977981,0.01937102449297179,0.054968436382426426,0.025629559991140912,0.00634766937513455,0.059332354969898624,9,8,0.020420075118324547,0.017139365118837506,False,False,True,0.0001347436365074614,COMPLETE
