number,value,datetime_start,datetime_complete,duration,params_alpha-eval,params_alpha-train,params_batch-size,params_eps-eval,params_eps-train,params_lambda-actions-eval,params_lambda-actions-train,params_lambda-frames-eval,params_lambda-frames-train,params_learning-rate,params_n-epochs,params_n-frames,params_radius-gw,params_rho,params_std-feats,params_ub-actions,params_ub-frames,params_weight-decay,state
227,0.574174177646637,2025-04-21 13:22:19.905576,2025-04-21 13:22:30.735087,0 days 00:00:10.829511,0.464466971026701,0.6055125041206424,2,0.020444490533285575,0.07565121751187553,0.049157920776654436,0.05945662710237498,0.02369683672137259,0.09228162239678409,0.047525599854679676,9,144,0.03293070511558784,0.11827628708688687,True,False,True,5.587589083086527e-05,COMPLETE
228,0.5304711103439331,2025-04-21 13:22:30.807788,2025-04-21 13:22:41.041335,0 days 00:00:10.233547,0.4897423846640762,0.5915327005973703,2,0.02165475729633609,0.07495207874958532,0.0652271328360859,0.058989850540170564,0.0239394423230406,0.0861919387761762,0.04361326543723098,8,145,0.02677129595131345,0.11714019296984379,True,False,True,6.501942622843065e-05,COMPLETE
229,0.28286103010177616,2025-04-21 13:22:41.113972,2025-04-21 13:22:52.530008,0 days 00:00:11.416036,0.6580801961144083,0.5584437513934349,2,0.018252425815051807,0.06042517289603427,0.01668391710555221,0.06266373972764859,0.09661073909125648,0.09265509575482885,0.03126142442584903,10,150,0.021131280369921176,0.1323147028362497,True,True,True,4.186361804171984e-05,COMPLETE
230,0.4139651894569397,2025-04-21 13:22:52.604655,2025-04-21 13:23:04.112859,0 days 00:00:11.508204,0.47049807414900974,0.5299823647301558,2,0.09187203785190895,0.08061053132862976,0.04915143485716851,0.04920774692542842,0.025803522719026167,0.08851387930055532,0.04738650509715741,8,142,0.09359804074622545,0.12421044392857988,True,False,False,5.0534668052933835e-05,COMPLETE
231,0.567411744594574,2025-04-21 13:23:04.185842,2025-04-21 13:23:15.052039,0 days 00:00:10.866197,0.4323323315091827,0.6072995027540802,2,0.012565895531274043,0.08704803491991192,0.01231099984893588,0.05708716657492234,0.022768359493863854,0.09387469514029728,0.05687493321127872,9,140,0.03262569760413261,0.14632606108430601,True,False,True,1.1959191319963424e-05,COMPLETE
232,0.3815171480178833,2025-04-21 13:23:15.125580,2025-04-21 13:23:26.071897,0 days 00:00:10.946317,0.4455984304329074,0.6125086746123021,2,0.014731734112757274,0.0850864210217057,0.05339969739560605,0.05811458128115185,0.022538199756432217,0.09114364679837464,0.03772966221137419,9,141,0.03293962812005132,0.15579884721654425,True,False,True,1.4218932900446563e-05,COMPLETE
233,0.5986339569091798,2025-04-21 13:23:26.155343,2025-04-21 13:23:37.687776,0 days 00:00:11.532433,0.46820124645177374,0.5867192518446551,2,0.027403681535097594,0.08902470402028516,0.013863445487629036,0.00587437504168252,0.023632475504841308,0.09468518498860228,0.05100600529609081,10,146,0.029279150765294238,0.10899547168650553,True,False,True,1.1449031645858717e-05,COMPLETE
234,0.4485941767692566,2025-04-21 13:23:37.762269,2025-04-21 13:23:49.680888,0 days 00:00:11.918619,0.46017771113586103,0.5841553760646998,2,0.032977371541544495,0.09720506644402432,0.014726524497240975,0.04636998242692768,0.02469272940389423,0.09018450019415238,0.07508045571316281,11,145,0.02873738833777856,0.10609374790783313,True,False,True,2.223966467514196e-05,COMPLETE
235,0.5845136165618896,2025-04-21 13:23:49.754816,2025-04-21 13:24:01.194102,0 days 00:00:11.439286,0.5127076558441042,0.6181090715699543,2,0.0264665446271777,0.07756375733348074,0.014084067747748582,0.007320245099787855,0.02681759434434476,0.09239566773029198,0.051569576630722855,10,148,0.02987310456085398,0.11198587843725485,True,False,True,5.396970103941688e-05,COMPLETE
236,0.5969726324081421,2025-04-21 13:24:01.268905,2025-04-21 13:24:12.687645,0 days 00:00:11.418740,0.6304070830653103,0.568451961617152,2,0.0382643675501337,0.09206617878913785,0.009673746368615123,0.04815315438312791,0.027057323664054653,0.09462336545211024,0.050705233838994675,10,146,0.030648107177009217,0.11275939501339396,True,False,True,9.340038559367623e-06,COMPLETE
237,0.4070297718048096,2025-04-21 13:24:12.762583,2025-04-21 13:24:24.229050,0 days 00:00:11.466467,0.618131943295269,0.5458673312403862,2,0.03515763642018836,0.07345645665060058,0.07055626695034425,0.005892929428702545,0.0275868572029548,0.09438472689614588,0.04000748923420235,10,144,0.06565452592372904,0.11058562775475661,True,False,True,1.0915531525624538e-05,COMPLETE
238,0.5577621936798096,2025-04-21 13:24:24.307180,2025-04-21 13:24:36.247209,0 days 00:00:11.940029,0.7119263529594158,0.567993586446883,2,0.02979824405890526,0.06578915941080804,0.0182622407663367,0.04813830047320369,0.02566438697256051,0.08772440507928266,0.05104267229319143,11,146,0.027926100706468754,0.11536091515003634,True,False,True,9.466211994639739e-06,COMPLETE
239,0.5703431010246277,2025-04-21 13:24:36.336011,2025-04-21 13:24:47.801728,0 days 00:00:11.465717,0.5143287783905897,0.5844548331103412,2,0.04191291251123731,0.09456009786838115,0.04567880439649023,0.0035905080886661864,0.027104064997884748,0.09183714363405178,0.028102696468867462,10,143,0.030953587321971888,0.1022332057088211,True,False,True,1.636477698763263e-05,COMPLETE
240,0.48925012350082403,2025-04-21 13:24:47.877177,2025-04-21 13:24:59.864709,0 days 00:00:11.987532,0.5742986003109112,0.5273796524180113,2,0.041412997498815995,0.09629858745162524,0.04531405698291466,0.005517605410360145,0.026968604160251184,0.0906855508303546,0.02675060833523037,11,143,0.030993589821661352,0.09784368672671576,True,False,True,1.608078955527506e-05,COMPLETE
241,0.483112633228302,2025-04-21 13:24:59.940811,2025-04-21 13:25:11.209076,0 days 00:00:11.268265,0.5188517227949023,0.586669780754514,2,0.02723148101470286,0.08918331333088628,0.013782979806818895,0.0033517684115922583,0.026571605632582384,0.0918003018070387,0.030714738628330174,10,74,0.02955063198210932,0.10797323984614444,True,False,True,8.100800631382166e-06,COMPLETE
242,0.38977599143981934,2025-04-21 13:25:11.286981,2025-04-21 13:25:22.670579,0 days 00:00:11.383598,0.5066257843503492,0.5840983872337292,2,0.040774776537601205,0.08292074270684911,0.009883926242809881,0.012050004335155812,0.024384786800512058,0.09437716225736421,0.03637751626552116,10,140,0.03407516289735088,0.11929288761511592,True,False,True,8.244270614085592e-05,COMPLETE
243,0.5774357914924622,2025-04-21 13:25:22.747236,2025-04-21 13:25:34.135008,0 days 00:00:11.387772,0.48279731957241845,0.559200317281147,2,0.04708417041473342,0.0914861567122798,0.04904344686737485,0.010445029257950801,0.0287826351947849,0.08876080450832481,0.04876995218659699,10,146,0.03157815331288383,0.11143018728578685,True,False,True,1.6412138902254222e-05,COMPLETE
244,0.6023374080657959,2025-04-21 13:25:34.211525,2025-04-21 13:25:45.573262,0 days 00:00:11.361737,0.551714778392248,0.5086661170152532,2,0.037094340118743206,0.09235743252976812,0.04869863547544516,0.010814865576370177,0.02751541862359625,0.08904147958513794,0.049848486518534615,10,150,0.02766870237147116,0.08356779398074053,True,False,True,1.716788908429872e-05,COMPLETE
245,0.3770270824432373,2025-04-21 13:25:45.661009,2025-04-21 13:25:57.641336,0 days 00:00:11.980327,0.5230448945136857,0.5420414220577385,2,0.042809336167887194,0.09283030300975528,0.048479508634333576,0.003903492684643145,0.02661011665483399,0.08758356385870261,0.0481779823806361,11,150,0.031533664123828596,0.07668731534850957,True,False,True,1.3246862399694476e-05,COMPLETE
246,0.5590741395950318,2025-04-21 13:25:57.720412,2025-04-21 13:26:09.205919,0 days 00:00:11.485507,0.5422195887445075,0.566488727561955,2,0.03706988147901817,0.09941153092879679,0.04493832805455592,0.012876257760712875,0.02849037268874826,0.08541306396754388,0.048112996514514256,10,145,0.028628186118415208,0.07848032495383346,True,False,True,1.756092485703336e-05,COMPLETE
247,0.381293785572052,2025-04-21 13:26:09.283966,2025-04-21 13:26:20.678184,0 days 00:00:11.394218,0.5645083606025436,0.4890150498170708,2,0.053281301039668744,0.09121917015741228,0.053962868235047506,0.00889817998168442,0.02418129848254457,0.08920091837442665,0.00230985798434533,10,150,0.030853384042783632,0.08537867373436367,True,False,True,1.534331220560208e-05,COMPLETE
248,0.43972885608673096,2025-04-21 13:26:20.756409,2025-04-21 13:26:30.592928,0 days 00:00:09.836519,0.49274886004114377,0.5228853875254201,2,0.04420568695034022,0.08672875410905449,0.050137172705016296,0.009306653561821674,0.030454156496701797,0.0922509011604321,0.03279555991963689,7,147,0.03327129375094771,0.10556608177896938,True,False,True,0.00014146972944363939,COMPLETE
249,0.5180533051490784,2025-04-21 13:26:30.671651,2025-04-21 13:26:41.669727,0 days 00:00:10.998076,0.6216090341078282,0.508354202898836,2,0.0345388146919847,0.09999974789033722,0.04150384486401811,0.010392461465257264,0.025697512790932853,0.08340985059646085,0.05317228957413787,9,143,0.028062219900104858,0.09002640784234157,True,False,True,1.0370392055806281e-05,COMPLETE
250,0.5140623331069947,2025-04-21 13:26:41.748543,2025-04-21 13:26:52.119603,0 days 00:00:10.371060,0.5069838154597562,0.559710124639871,2,0.048127950708093545,0.07951090040591109,0.04686104631012565,0.006654967284066048,0.02317212011322743,0.08688072240498812,0.025146006020513277,8,145,0.030142487874970758,0.06005275185679847,True,False,True,1.8685492817616073e-05,COMPLETE
251,0.5065909862518311,2025-04-21 13:26:52.207944,2025-04-21 13:26:58.657965,0 days 00:00:06.450021,0.5522557941912905,0.549731364824277,16,0.02888327030180644,0.09610533487881773,0.05285624680518658,0.007924997369562502,0.02766380541095606,0.0902119326937137,0.04064623118417326,11,139,0.025244184239626235,0.12288463161366052,True,False,True,6.165607860709388e-05,COMPLETE
252,0.49303158521652224,2025-04-21 13:26:58.737676,2025-04-21 13:27:10.151111,0 days 00:00:11.413435,0.4813550101299772,0.4002486664809948,2,0.03279032357843172,0.10737790536755781,0.04935263463802724,0.002551038474961833,0.020813620311906054,0.09295877849990246,0.05396232064898714,10,148,0.03280779289856685,0.11382005412662807,True,False,True,6.145410821962561e-06,COMPLETE
253,0.37699457406997683,2025-04-21 13:27:10.231057,2025-04-21 13:27:21.062030,0 days 00:00:10.830973,0.5319175365054848,0.5794679605004959,2,0.058170796714665386,0.08656989237072676,0.055569411058697935,0.006414884819601021,0.024836101517945235,0.08867782242251795,0.034953361158030646,9,142,0.057506940462513145,0.10457972117007314,True,False,True,1.3600752434842392e-05,COMPLETE
254,0.48134635686874394,2025-04-21 13:27:21.142921,2025-04-21 13:27:31.369834,0 days 00:00:10.226913,0.5030928137410464,0.7706988822281197,2,0.038214682530025974,0.07795799744269628,0.05032208541858105,0.010975400963304339,0.03157143389393151,0.04225387121249561,0.04381173313422168,8,48,0.03453796620057496,0.11896503811559794,True,False,True,2.2419651134001785e-05,COMPLETE
255,0.5663429021835327,2025-04-21 13:27:31.452664,2025-04-21 13:27:41.279180,0 days 00:00:09.826516,0.322350953137858,0.5899483366544869,2,0.023935699227652894,0.09216799362681549,0.04325498781042794,0.014509582104940355,0.022065450019378756,0.09116500133737537,0.06047258367755467,7,145,0.031186221460187184,0.13646205083964266,True,False,True,1.6224238676797055e-05,COMPLETE
256,0.3874138593673706,2025-04-21 13:27:41.360094,2025-04-21 13:27:52.886542,0 days 00:00:11.526448,0.4823087749341167,0.467657173091163,2,0.04670240240828383,0.08544300788211745,0.05226140394101575,0.007780616699556177,0.029185948391118252,0.08656338051436566,0.0005719231638079632,10,150,0.029015438338987214,0.09013817588504555,True,False,True,5.4322801726526976e-05,COMPLETE
257,0.5104120016098023,2025-04-21 13:27:52.977028,2025-04-21 13:28:03.830078,0 days 00:00:10.853050,0.5895657119552,0.5647617520417987,2,0.02400405020419738,0.10436501409508452,0.05991111750746014,0.0024712336034845434,0.0271515587750388,0.09478964968797891,0.02200331409371227,9,138,0.027315866890591185,0.1288840078205819,True,False,True,7.215185910235464e-05,COMPLETE
258,0.28286103010177616,2025-04-21 13:28:03.912517,2025-04-21 13:28:14.344643,0 days 00:00:10.432126,0.46640514788108195,0.6169207109238637,2,0.030652236942684857,0.09606987350482103,0.04598989049796711,0.0012648313205715078,0.01940088731092243,0.06958228702191799,0.050740629329738836,8,147,0.03171047617067223,0.12227342791963773,True,True,True,1.9576725203668195e-05,COMPLETE
259,0.5453325152397156,2025-04-21 13:28:14.426431,2025-04-21 13:28:26.416557,0 days 00:00:11.990126,0.5209143247253488,0.7410761160653437,2,0.026477749835295394,0.07666996012367325,0.04764526266860502,0.04384688646583538,0.023272747787928854,0.09263016700921671,0.06760735100815338,11,143,0.03422779801137542,0.11454345913635837,True,False,True,7.231714177895083e-06,COMPLETE
260,0.3565743207931519,2025-04-21 13:28:26.498862,2025-04-21 13:28:38.543805,0 days 00:00:12.044943,0.48785716290077136,0.5037207140121139,2,0.03978393408847693,0.08437997013096507,0.009702484955515608,0.01612014075323074,0.024725228852140537,0.08442664394458568,0.028169510238635963,9,142,0.02940607369293917,0.1020877233523536,True,False,False,1.1688510340317176e-05,COMPLETE
261,0.49927179813385014,2025-04-21 13:28:38.626201,2025-04-21 13:28:49.989562,0 days 00:00:11.363361,0.6843854984733599,0.5919518034468833,2,0.020873313920346272,0.09203108767200761,0.05145865764215973,0.04903014866193302,0.02629175515806165,0.08897726048118305,0.0380437214435657,10,147,0.025808595746434775,0.13810012887963535,True,False,True,3.561518943795407e-07,COMPLETE
262,0.2682088196277619,2025-04-21 13:28:50.073631,2025-04-21 13:29:00.952806,0 days 00:00:10.879175,0.6362486711565807,0.5683624070215515,2,0.17454313912670397,0.10443426260698593,0.007913619315983519,0.050749695075827356,0.021389397109219128,0.09119665169838481,0.057548703217333505,9,139,0.031867158644294714,0.12965162829119034,True,False,True,3.874612136110214e-05,COMPLETE
263,0.5808491826057434,2025-04-21 13:29:01.045083,2025-04-21 13:29:12.480659,0 days 00:00:11.435576,0.2993838266737464,0.5404715288693647,2,0.035459861828180284,0.09864765073137621,0.03176722265653348,0.004312344505478292,0.029452384229934594,0.09521303620647663,0.04351372263962283,10,150,0.030182201995625435,0.12019308693521671,True,False,True,2.4250718506692528e-05,COMPLETE
264,0.3681254982948303,2025-04-21 13:29:12.563729,2025-04-21 13:29:24.068118,0 days 00:00:11.504389,0.2878774699404362,0.5309538476690902,2,0.03623538002807342,0.09898864620863673,0.02920863579020912,0.0079133718869644,0.030432074970105572,0.08576093992942113,0.04171251827943275,10,150,0.035893055668892275,0.12078050268598797,True,False,True,1.7361236934190673e-05,COMPLETE
265,0.5698019981384277,2025-04-21 13:29:24.151887,2025-04-21 13:29:36.196712,0 days 00:00:12.044825,0.30997165766494417,0.5160940509319204,2,0.0318059869798279,0.11175210257138897,0.027310791167547303,0.004838404088987081,0.028249721126927384,0.05976345409900857,0.030888825310094885,11,150,0.027741798511571943,0.11200134089518271,True,False,True,4.6065373344642456e-07,COMPLETE
266,0.5303329348564148,2025-04-21 13:29:36.280777,2025-04-21 13:29:48.263586,0 days 00:00:11.982809,0.26227434895910307,0.5097670958309828,2,0.04665791526984368,0.10997022077983092,0.025119390635634804,0.0035109746700990596,0.028944115765387305,0.03851784652948026,0.03370421268208497,11,150,0.022615294438806215,0.10643275117691926,True,False,True,2.201197990276253e-05,COMPLETE
267,0.5177038669586183,2025-04-21 13:29:48.348792,2025-04-21 13:30:00.741827,0 days 00:00:12.393035,0.3037354439577045,0.5040519002362016,2,0.028793031290382264,0.09984831637438181,0.034220128156161184,0.004831919739828778,0.03205758598639543,0.062215012940795456,0.047328767563235924,12,147,0.0241076400253727,0.09527978182230033,True,False,True,2.7292608942356036e-07,COMPLETE
268,0.5136176109313966,2025-04-21 13:30:00.836496,2025-04-21 13:30:13.243316,0 days 00:00:12.406820,0.3281349679145298,0.5350948954147605,2,0.03935322875260794,0.08205985674804023,0.03206808597799415,0.00457591219349717,0.028158865101103363,0.08812600788493732,0.04314446618386835,12,144,0.027579713890201404,0.11122844474983509,True,False,True,1.2448853222716109e-05,COMPLETE
269,0.547909390926361,2025-04-21 13:30:13.329073,2025-04-21 13:30:25.379620,0 days 00:00:12.050547,0.2756973793656381,0.5475915844210575,2,0.021797730619258226,0.08917303965153488,0.03103670264328346,0.006974048613689535,0.03012190608607736,0.06006871963481861,0.0316418806552854,11,150,0.028833890036684014,0.11796404116065105,True,False,True,4.153049864167944e-07,COMPLETE
270,0.5246917009353638,2025-04-21 13:30:25.464308,2025-04-21 13:30:36.938922,0 days 00:00:11.474614,0.30096623951799795,0.5559043763085622,2,0.03278694695300868,0.05470884728186643,0.028093534235969008,0.0012011775024540934,0.02776322575108919,0.05239528135774432,0.053612337080993305,10,146,0.0261461521787665,0.12594683322007852,True,False,True,9.399250538874372e-05,COMPLETE
271,0.4321454048156739,2025-04-21 13:30:37.022976,2025-04-21 13:30:49.088897,0 days 00:00:12.065921,0.7577993531262334,0.48484334463814305,2,0.023401903336824473,0.11352994931775073,0.02668011333117241,0.0047959592288668185,0.018561562484930707,0.0936868212015869,0.036095417935713484,11,142,0.05144951377703613,0.11456793225948454,True,False,True,4.5873406517334856e-05,COMPLETE
272,0.42984914779663086,2025-04-21 13:30:49.174891,2025-04-21 13:30:55.613220,0 days 00:00:06.438329,0.5434248444309024,0.6264530549527315,16,0.01956212497602922,0.07410533351686154,0.038275869253046164,0.006416230814679277,0.03256349437350084,0.08990908203324316,0.06235260068321878,10,147,0.033417610705880944,0.13018290838836225,True,False,True,1.5358572585554556e-05,COMPLETE
273,0.40057059526443484,2025-04-21 13:30:55.708739,2025-04-21 13:31:07.570588,0 days 00:00:11.861849,0.33830757802087846,0.5249488610909158,2,0.027311515606861236,0.10579893214033605,0.022588902319654325,0.019301230884067662,0.024745491190670366,0.09344492248897254,0.04646800275366106,11,144,0.02974563170077446,0.12249432785653368,True,False,True,2.5447980952943104e-05,COMPLETE
274,0.5742611527442932,2025-04-21 13:31:07.657530,2025-04-21 13:31:19.159587,0 days 00:00:11.502057,0.5059925152684036,0.5992737896439653,2,0.05221560446506322,0.08792682992336019,0.010707481020892676,0.011128215112541855,0.020016358722104166,0.08075142927040109,0.027072081309799604,10,150,0.027434230505100864,0.04792582719781722,True,False,True,1.8788385063344468e-05,COMPLETE
275,0.5974040269851685,2025-04-21 13:31:19.247509,2025-04-21 13:31:30.718116,0 days 00:00:11.470607,0.5066356916441778,0.6036286404420892,2,0.06742896245084101,0.08205022884455412,0.010658403030805029,0.01341340663888927,0.01925460567937587,0.08023998214132042,0.024943286372792528,10,147,0.03161202979710498,0.13608919112427925,True,False,True,1.963744519648084e-05,COMPLETE
276,0.5363888740539551,2025-04-21 13:31:30.807991,2025-04-21 13:31:41.752740,0 days 00:00:10.944749,0.4930611610934449,0.6089461045657845,2,0.06463989397198117,0.079693182787789,0.010557083986868682,0.011431876913993135,0.016912349562635313,0.08066567723959168,0.021942195714851866,9,147,0.033265456426985376,0.13608516006495414,True,False,True,3.460378305539407e-05,COMPLETE
277,0.5301794886589051,2025-04-21 13:31:41.840199,2025-04-21 13:32:00.883994,0 days 00:00:19.043795,0.47284838776958255,0.6305397494032122,2,0.05586330001740822,0.0719144271321363,0.008747657552122477,0.014335773312556553,0.018309080867581772,0.08360776269441572,0.0658582272655525,24,148,0.02470035498058543,0.009886791113425913,True,False,True,2.1203501366678697e-05,COMPLETE
278,0.37565991878509525,2025-04-21 13:32:00.980523,2025-04-21 13:32:12.360660,0 days 00:00:11.380137,0.5046070798924951,0.6029533925422158,2,0.07373707547654919,0.08580931811510932,0.011794072976464195,0.010770408871612062,0.02058946806286506,0.07774710680956522,0.05281557115240253,10,145,0.035822462006843706,0.13095120706419414,True,False,True,8.633229169614375e-06,COMPLETE
279,0.3785765886306763,2025-04-21 13:32:12.453499,2025-04-21 13:32:24.638377,0 days 00:00:12.184878,0.5294736052507395,0.6031280054826771,2,0.051488763838211556,0.08017133458729228,0.010466422409268167,0.00944967921729424,0.019437287390890855,0.08061965449333698,0.061845505582688656,9,150,0.02912657716867505,0.03798170547376952,True,False,False,2.668991261054689e-05,COMPLETE
280,0.2942107915878296,2025-04-21 13:32:24.726945,2025-04-21 13:32:34.506126,0 days 00:00:09.779181,0.5566343469503346,0.6407352055147255,2,0.10545990337258154,0.08834213091233388,0.007088168977985054,0.012427541891207188,0.01532205817436651,0.08479337899975095,0.03966922330459539,7,140,0.03196586046710789,0.14125758558821394,True,False,True,0.00012654747324431555,COMPLETE
281,0.28286103010177616,2025-04-21 13:32:34.595221,2025-04-21 13:32:46.100750,0 days 00:00:11.505529,0.4767467574759015,0.6597240586979259,2,0.016764751645761963,0.06545625720749762,0.01377759254858566,0.017422651285874103,0.020601467968269175,0.08308633529389337,0.04618409481452415,10,145,0.026476342721978796,0.13389106511074322,True,True,True,0.0002881198800969294,COMPLETE
282,0.5955505967140198,2025-04-21 13:32:46.189413,2025-04-21 13:32:57.096040,0 days 00:00:10.906627,0.8172576487458757,0.5645120564584113,2,0.048784639975247124,0.07607747899002941,0.011085038126750619,0.05154119291428453,0.016020997898476736,0.07928401070168493,0.07673071081220756,9,148,0.030201112434713507,0.06280965270273339,True,False,True,2.0116985982520868e-05,COMPLETE
283,0.33749964237213137,2025-04-21 13:32:57.185011,2025-04-21 13:33:08.607157,0 days 00:00:11.422146,0.8040748556005838,0.5740937080459954,2,0.06561769586337145,0.07492555187888988,0.01053099730734458,0.05291904890543903,0.016484375823945668,0.08273622645098024,0.01856689711489801,10,148,0.028865957814332828,0.07762900462971807,True,False,True,1.0412793329051338e-05,COMPLETE
