number,value,datetime_start,datetime_complete,duration,params_alpha-eval,params_alpha-train,params_batch-size,params_eps-eval,params_eps-train,params_lambda-actions-eval,params_lambda-actions-train,params_lambda-frames-eval,params_lambda-frames-train,params_learning-rate,params_n-epochs,params_n-frames,params_radius-gw,params_rho,params_std-feats,params_ub-actions,params_ub-frames,params_weight-decay,state
618,0.3953892707824707,2025-03-31 20:48:30.307662,2025-03-31 20:48:38.580214,0 days 00:00:08.272552,0.10917935396526354,0.7110246270025632,16,0.05631595145760312,0.12322838720016357,0.009985546364209842,0.04574666664909699,0.08914808241843927,0.07386469465028454,0.00019597998546636686,29,77,0.04589260457601656,0.04897212193282002,False,False,False,1.000331154018987e-08,COMPLETE
619,0.41097915172576904,2025-03-31 20:48:38.773229,2025-03-31 20:48:46.453456,0 days 00:00:07.680227,0.048958601937648755,0.6804881351401683,16,0.03691933147824775,0.13473552657248988,0.01706162539470109,0.03849443158800395,0.08731760279365791,0.08189291980253723,0.00015358705983839995,26,125,0.04166100923694567,0.19396470338507438,True,False,True,2.657731868049067e-06,COMPLETE
620,0.5575320601463318,2025-03-31 20:48:46.657516,2025-03-31 20:48:54.306446,0 days 00:00:07.648930,0.08705904533655427,0.6405359485452929,16,0.043805125228968754,0.14155245326871385,0.026190063750274044,0.031970430550451054,0.08310686660971463,0.07679633396425381,0.00023111808626517715,28,88,0.038544705504074954,0.055408924991871215,False,False,True,1.2693876275069557e-08,COMPLETE
621,0.5559097290039063,2025-03-31 20:48:54.501458,2025-03-31 20:49:02.064099,0 days 00:00:07.562641,0.02828125859731376,0.7228290201159882,16,0.050984048627049534,0.1563111764009967,0.014506215964790497,0.02970798317512663,0.08477101435059312,0.07839923436965683,0.0002912660759287824,28,72,0.04387023536922711,0.06289766238649597,False,False,True,2.3015947097467574e-08,COMPLETE
622,0.56565842628479,2025-03-31 20:49:02.269721,2025-03-31 20:49:09.708959,0 days 00:00:07.439238,0.0667339881964786,0.6586363029877779,16,0.029308281116197977,0.13071218089368633,0.011762015501673509,0.049179181418860816,0.09022921288456257,0.06669700793472913,0.00018324897582154456,27,84,0.04043700063164474,0.0483498076318808,False,False,True,0.00014338966136943004,COMPLETE
623,0.556289541721344,2025-03-31 20:49:09.905071,2025-03-31 20:49:17.308135,0 days 00:00:07.403064,0.09384330031190109,0.6274204030458246,16,0.023468960774968906,0.12845460537449493,0.008793306102121444,0.04920454830146643,0.09166877177563271,0.0649665967529072,0.00013170581192419262,27,91,0.035946509019427655,0.046252280822662785,False,False,True,0.00012743785555536773,COMPLETE
624,0.5646782398223877,2025-03-31 20:49:17.514021,2025-03-31 20:49:24.814800,0 days 00:00:07.300779,0.12198048473763132,0.6468488962910036,16,0.03045426311307837,0.12487762624070425,0.01144043212077857,0.04433114676374291,0.09324670724915701,0.06157882775495845,0.00017413358316974658,25,86,0.0383762715001625,0.050444182659611654,False,False,True,0.00014366689693255072,COMPLETE
625,0.28922595381736754,2025-03-31 20:49:25.013368,2025-03-31 20:49:32.308912,0 days 00:00:07.295544,0.13462035167918496,0.6449343090603398,16,0.19311090275068019,0.12155553738994365,0.011451233106341385,0.042311467777939954,0.09421795699164229,0.05800992197401134,8.064955596716503e-05,25,85,0.031875276551385556,0.033767846297050715,False,False,True,0.00014967625988062826,COMPLETE
626,0.40513540506362916,2025-03-31 20:49:32.515594,2025-03-31 20:49:40.035355,0 days 00:00:07.519761,0.15116068034493013,0.6517411813627041,16,0.018805635950126912,0.20521072046919892,0.012633706624155416,0.04442407927577902,0.09508242117465716,0.06150278223506103,0.0001858063682149793,26,84,0.09906234310810995,0.04872161387082526,False,False,True,0.00011035728997496743,COMPLETE
627,0.4644283056259155,2025-03-31 20:49:40.230969,2025-03-31 20:49:47.509149,0 days 00:00:07.278180,0.12748218950015436,0.587907221759034,16,0.028879942587979306,0.12375160924591848,0.01172710578804459,0.045067350773477156,0.09369726714438424,0.0661529431012965,0.00014757876322040345,25,81,0.038247476955423326,0.2124703533121444,False,False,True,9.681866737244249e-05,COMPLETE
628,0.48824049234390265,2025-03-31 20:49:47.716172,2025-03-31 20:49:55.038507,0 days 00:00:07.322335,0.14023147201687572,0.631665094455523,16,0.023536406601765942,0.12782188466578923,0.013909370907174663,0.04085774156117596,0.0953445475209922,0.06523445613397999,0.0001137063844525596,25,76,0.03401859770382459,0.025713400734688842,False,False,True,0.0001215721742630201,COMPLETE
629,0.5013068914413452,2025-03-31 20:49:55.235891,2025-03-31 20:50:02.571225,0 days 00:00:07.335334,0.11456768121435709,0.6168243481437466,16,0.018903307774798473,0.11914798448885036,0.010644621923610442,0.04761421903194035,0.0926139699154478,0.06275648009026834,0.00021264282415665427,25,79,0.03589455734803711,0.04095495873677714,False,False,True,0.0001015098572609256,COMPLETE
630,0.4783250808715821,2025-03-31 20:50:02.780664,2025-03-31 20:50:10.130678,0 days 00:00:07.350014,0.12091271865193741,0.659510046036153,16,0.029737383595806202,0.1297342350591131,0.013707397559260728,0.045733698027505446,0.09120050310119299,0.06635366983755576,0.04456759494371925,26,74,0.047918989602495014,0.049791653977032474,False,False,True,0.0001298740950573194,COMPLETE
631,0.558094835281372,2025-03-31 20:50:10.328684,2025-03-31 20:50:17.636944,0 days 00:00:07.308260,0.0993937994159923,0.6156542296661592,16,0.02756389246641598,0.1214414989557026,0.06431394904001259,0.04189293358987584,0.09332996075013779,0.06433843370393737,0.00017670314311948624,25,87,0.03870190124129836,0.03539675188205023,False,False,True,0.00016618545928491604,COMPLETE
632,0.5409234762191772,2025-03-31 20:50:17.846060,2025-03-31 20:50:26.602589,0 days 00:00:08.756529,0.07300182918015877,0.6576345533758997,8,0.03353868791027042,0.13157000842028316,0.015181975086410789,0.04686513105992625,0.09015572144640097,0.05564098394124427,0.00024994237680523763,25,83,0.040914298902349475,0.04715865929888832,False,False,True,0.0001389310501928516,COMPLETE
633,0.5555731773376466,2025-03-31 20:50:26.800387,2025-03-31 20:50:34.202192,0 days 00:00:07.401805,0.11106980249430264,0.72738429328977,16,0.024156125972888583,0.12890215293661722,0.010411687517453102,0.04403844025298747,0.09567531970289324,0.06807496219244358,0.00015659546978164567,26,78,0.04509240986492293,0.05553553311877625,False,False,True,0.00015446792516410175,COMPLETE
634,0.5533022522926331,2025-03-31 20:50:34.410124,2025-03-31 20:50:41.789843,0 days 00:00:07.379719,0.06357083812341503,0.6071503005164574,16,0.01543494161265306,0.11615064037839165,0.00646850404152537,0.03926994721161859,0.09175222182282926,0.06746181980543699,0.00020306069102894565,26,82,0.04237471819938172,0.05118120791373925,False,False,True,6.242419711728834e-05,COMPLETE
635,0.3293764114379883,2025-03-31 20:50:41.988481,2025-03-31 20:51:01.065796,0 days 00:00:19.077315,0.0909161558212074,0.7059798460382819,2,0.03390963322138808,0.13499035365052894,0.012188102860648274,0.04894848786358838,0.0898607610928691,0.06894513845467039,0.00013172839377269832,25,72,0.037024450929072285,0.042417049862522996,False,True,True,7.450689058320556e-05,COMPLETE
636,0.5291995882987977,2025-03-31 20:51:01.276256,2025-03-31 20:51:08.598630,0 days 00:00:07.322374,0.053535761257662996,0.6697034799795659,16,0.07951232273991558,0.12266037990868976,0.015322405851237857,0.03635109222281978,0.06462352758356188,0.0588553642586608,0.0003079184699867302,26,86,0.01741577260679856,0.05110389306547302,False,False,True,0.00020747037178508172,COMPLETE
637,0.4021334528923035,2025-03-31 20:51:08.798030,2025-03-31 20:51:16.853599,0 days 00:00:08.055569,0.07497141422907742,0.6353470225082268,16,0.02166013312822524,0.13768248388318372,0.013350037846581871,0.04734858589858069,0.09303255174741303,0.06286468954178469,3.052666377183549e-05,27,76,0.04674365374582224,0.0363656404993078,False,False,False,2.243625601196294e-05,COMPLETE
638,0.2945486009120941,2025-03-31 20:51:17.065695,2025-03-31 20:51:24.480058,0 days 00:00:07.414363,0.9230346200475126,0.7483336653387282,16,0.033179078420396316,0.12543432450599087,0.00989791406543161,0.04462235603602118,0.0900408653582752,0.06133041774768444,0.0001770602718259944,27,79,0.03971654130734878,0.04566136715127743,False,False,True,8.458312272491918e-05,COMPLETE
639,0.5542175650596619,2025-03-31 20:51:24.678892,2025-03-31 20:51:32.211769,0 days 00:00:07.532877,0.12075123427249715,0.5725128049903334,16,0.02984678988035039,0.1328989639756935,0.007833277229963334,0.04306985652210492,0.08879264892270693,0.0688999080841589,0.00026403382446886633,26,83,0.04328318587914004,0.054861163699853145,True,False,True,0.00018624408817060584,COMPLETE
640,0.47075828313827517,2025-03-31 20:51:32.423650,2025-03-31 20:51:39.836226,0 days 00:00:07.412576,0.15386978475096508,0.6942826120294725,16,0.03652740618920783,0.14053233496797105,0.041982097270292666,0.0498300841723211,0.0737844527288147,0.03714417496237052,0.011018036437632533,27,75,0.04085839680126427,0.05743128818238257,False,False,True,1.280672663059904e-06,COMPLETE
641,0.526235294342041,2025-03-31 20:51:40.036439,2025-03-31 20:51:47.400673,0 days 00:00:07.364234,0.044540088726288216,0.7245719640905323,16,0.02519141521996132,0.14375692985948704,0.011950308840110866,0.03401390655941912,0.0917644546661209,0.04529414816948627,0.021995329605320506,26,80,0.03780855328592298,0.04844913058732177,False,False,True,1.82522293297048e-08,COMPLETE
642,0.5018056750297547,2025-03-31 20:51:47.613582,2025-03-31 20:51:55.008883,0 days 00:00:07.395301,0.08952500799194028,0.6504158572457259,16,0.017773188460019927,0.16623567557284735,0.004461844776598846,0.045533048726687786,0.08586658544856746,0.06683853801785476,0.00010140972373307654,27,70,0.04969370052230956,0.04141754175784687,False,False,True,0.00011954284636785827,COMPLETE
643,0.5660146355628968,2025-03-31 20:51:55.208212,2025-03-31 20:52:02.490474,0 days 00:00:07.282262,0.04506958698879532,0.7525256902234919,16,0.03618490191195836,0.15145601600847294,0.01612513186111004,0.0491778805873526,0.0879070110128145,0.06992377295619413,0.00022407037763809095,25,87,0.04509462130991459,0.05376697537090216,False,False,True,0.0002902529318326699,COMPLETE
644,0.5449591279029846,2025-03-31 20:52:02.704045,2025-03-31 20:52:10.047033,0 days 00:00:07.342988,0.03107604249638961,0.7571696530163116,16,0.028130099822659387,0.16047998945430714,0.01446396749594361,0.040350704322763886,0.09053989366586894,0.0647710259796328,0.0003873655620603843,25,92,0.046425696026022326,0.06024393410258396,False,False,True,0.0003074875117046269,COMPLETE
645,0.5490016102790833,2025-03-31 20:52:10.247264,2025-03-31 20:52:17.613346,0 days 00:00:07.366082,0.050660188515277677,0.7664528618285537,16,0.03658004930489964,0.15290867320741852,0.012718915399224635,0.046611974938705746,0.0889674854699574,0.07021260396799577,0.00023175051520914197,25,102,0.04452417623563223,0.06706539607201946,False,False,True,0.00032627284325132734,COMPLETE
646,0.38770986795425416,2025-03-31 20:52:17.826644,2025-03-31 20:52:25.069428,0 days 00:00:07.242784,0.5572632399938472,0.37965414331665837,16,0.03223800627335108,0.11479305231546559,0.018509988464190455,0.04885905521130306,0.09321635367917404,0.0682020447581481,0.0003193516512502097,25,14,0.04855591505851488,0.05795159096293177,False,False,True,0.000297835725628041,COMPLETE
647,0.5614906430244446,2025-03-31 20:52:25.285443,2025-03-31 20:52:32.591379,0 days 00:00:07.305936,0.02631032346281165,0.7371127513550879,16,0.02323090034124277,0.16320780652843747,0.009864164718721922,0.03762774549048113,0.08814422568850411,0.06993032669704981,0.0001615782152862987,25,88,0.044873352709725776,0.04708078776424574,False,False,True,0.00023400778177272576,COMPLETE
648,0.5570014476776124,2025-03-31 20:52:32.793535,2025-03-31 20:52:40.041089,0 days 00:00:07.247554,0.0453251566318182,0.800141732592969,16,0.037917698438247105,0.1523832886121377,0.07643745784843328,0.04332171635273934,0.09575718141890369,0.06669700881064199,0.00025778507619530865,25,90,0.04329830446361401,0.05461922561388052,False,False,True,0.0003564154801605502,COMPLETE
649,0.5512658715248109,2025-03-31 20:52:40.256571,2025-03-31 20:52:47.669820,0 days 00:00:07.413249,0.010917002011836895,0.7471598580340169,16,0.014035224620413586,0.14932083791881723,0.016143673318957854,0.047699668588012535,0.09081426605605054,0.06760370470673656,0.00021672827727114847,26,86,0.04697429812670991,0.04259891383593552,False,False,True,0.00024210936279916398,COMPLETE
650,0.5008344531059266,2025-03-31 20:52:47.872328,2025-03-31 20:52:55.300924,0 days 00:00:07.428596,0.059798499312522464,0.5087136178231044,16,0.02795595505651454,0.15771588757683874,0.00788760861859196,0.05111755804146582,0.087180448916795,0.0695940411668176,0.0004589221572496501,26,97,0.04175440093349148,0.062404574988545965,False,False,True,0.0004095127141866258,COMPLETE
651,0.5076781988143921,2025-03-31 20:52:55.515002,2025-03-31 20:53:02.902767,0 days 00:00:07.387765,0.029374610283923297,0.7787381024037026,16,0.03844447575391731,0.03727761251174348,0.02879546997057253,0.042193223693729597,0.08906161856364393,0.07092562553210818,0.00013175331258004103,26,73,0.045258429411228845,0.07216324872575973,False,False,True,0.0002084637367664918,COMPLETE
652,0.5617838859558105,2025-03-31 20:53:03.103271,2025-03-31 20:53:10.382805,0 days 00:00:07.279534,0.02876549475341336,0.7323587296590046,16,0.11880489967303837,0.12694482739682672,0.013745794517424772,0.036023196474658604,0.0921860460034484,0.07005171992560126,0.000186797855195495,25,77,0.04848978848548948,0.05049820141267041,False,False,True,0.0001628863826686864,COMPLETE
653,0.46771399974822997,2025-03-31 20:53:10.599276,2025-03-31 20:53:31.038889,0 days 00:00:20.439613,0.04349179517520088,0.7159229917952727,2,0.029080428466923908,0.17167720673016007,0.011713428267390106,0.046067771058948,0.08679063342713628,0.06382649997335002,0.00026483608724437715,28,69,0.043110966219491106,0.037130739046883965,False,False,True,0.00029461228025015753,COMPLETE
654,0.3222287297248841,2025-03-31 20:53:31.245119,2025-03-31 20:53:38.674717,0 days 00:00:07.429598,0.06295541654556366,0.7663376700092878,16,0.03388221100460948,0.11879613759324728,0.01572498627119294,0.033649235672942264,0.08995045576329784,0.07145832184938913,0.00015295355578503475,26,80,0.046366203875825476,0.058846815716364395,False,True,True,0.00020680025045756122,COMPLETE
655,0.5576766848564148,2025-03-31 20:53:38.890890,2025-03-31 20:53:46.361367,0 days 00:00:07.470477,0.026429573619803956,0.7504716778098522,16,0.020989910456935615,0.1356573829845985,0.017633818488832727,0.052414417680017505,0.09437640366602135,0.06596769451914838,0.00021100312403765715,27,75,0.04253287604825606,0.05255875959212103,False,False,True,0.0002514980015534832,COMPLETE
656,0.5446807026863099,2025-03-31 20:53:46.568419,2025-03-31 20:53:55.473561,0 days 00:00:08.905142,0.3875050513925534,0.712121039403129,8,0.04211107721977203,0.14768762764163496,0.011095676337732405,0.03992950948229632,0.08558917398284957,0.07201418461347642,0.00017729307526719506,26,84,0.049707039447899656,0.0015199173944131783,False,False,True,0.00017085941017418348,COMPLETE
657,0.39766116142272956,2025-03-31 20:53:55.691521,2025-03-31 20:54:03.875267,0 days 00:00:08.183746,0.14029154109943162,0.7889287643115109,16,0.03927546931826018,0.11192848861544986,0.04787042888362799,0.04898129003072147,0.087746566489361,0.06847343661939137,0.0002990845454927198,28,88,0.03985574734805842,0.06644528894576815,False,False,False,0.0004026561258499196,COMPLETE
658,0.5577137827873231,2025-03-31 20:54:04.080101,2025-03-31 20:54:11.359136,0 days 00:00:07.279035,0.011330368905969758,0.7350342766189083,16,0.03380305617162056,0.13971983745938193,0.013697766054414891,0.043578753582783174,0.09134562999508057,0.07144775230766254,0.00023358814203087462,25,72,0.04373755562799739,0.045256196778289064,False,False,True,0.0004826961752440471,COMPLETE
659,0.5473942875862121,2025-03-31 20:54:11.573884,2025-03-31 20:54:19.201734,0 days 00:00:07.627850,0.0486017802785253,0.6936323268699857,16,0.02437040845296286,0.253200652484033,0.005910123060399923,0.03185617663558378,0.08951404144312121,0.07324447992588105,0.0001251431783531751,27,81,0.04163738437529095,0.05475115612973603,True,False,True,0.00012794344485896094,COMPLETE
660,0.5339056849479675,2025-03-31 20:54:19.408590,2025-03-31 20:54:25.809891,0 days 00:00:06.401301,0.06715345436213299,0.7624216629087486,16,0.030374007720618556,0.15448995548552666,0.01957870612772316,0.052332625302797635,0.08635493312595392,0.06645287536672964,0.0031784622556494764,14,78,0.04509885512428452,0.06250573333893289,False,False,True,0.00014546637076416768,COMPLETE
661,0.510637390613556,2025-03-31 20:54:26.025977,2025-03-31 20:54:33.477057,0 days 00:00:07.451080,0.6296716392425854,0.710193911419897,16,0.04181039295648345,0.18034434358890805,0.00917967907104288,0.04599215117393157,0.09237678225424617,0.07170426002330696,0.0001521310218836993,27,85,0.03958696346649899,0.028411768345001157,False,False,True,4.326446587560978e-06,COMPLETE
662,0.5442668914794923,2025-03-31 20:54:33.683451,2025-03-31 20:54:41.275219,0 days 00:00:07.591768,0.04478132130264492,0.735388735461381,16,0.015404819402080622,0.1309794498968999,0.01590981229733463,0.04832227796779147,0.088114299359592,0.0644828936817021,0.00019342675356277654,28,94,0.047317705245901745,0.04872849159274027,False,False,True,2.434740808086782e-08,COMPLETE
663,0.4024165511131287,2025-03-31 20:54:41.492125,2025-03-31 20:54:48.770415,0 days 00:00:07.278290,0.10795578559155196,0.8100113261300061,16,0.036216251639772365,0.12330562406857284,0.014315032779620785,0.049927007981170425,0.08484874865781608,0.06871730724467043,1.6265291490592647e-05,25,25,0.041447777961167935,0.0573530075550043,False,False,True,0.00027222357134145265,COMPLETE
664,0.555126440525055,2025-03-31 20:54:48.977502,2025-03-31 20:54:56.436881,0 days 00:00:07.459379,0.6597296997935513,0.6948942062219517,16,0.02821212437828713,0.1458247092869686,0.0010598886534118612,0.044770043706721045,0.08971997010741403,0.07323093443610204,0.000238382817016674,27,74,0.04428730986274175,0.041065028440880336,False,False,True,7.200468983781257e-06,COMPLETE
665,0.5111231207847595,2025-03-31 20:54:56.654533,2025-03-31 20:55:04.058587,0 days 00:00:07.404054,0.02376551188060587,0.7529447814905808,16,0.04070731675835474,0.13693113003266785,0.01133459420491895,0.040977784572952924,0.08711513579448907,0.07048200300271687,0.00035875546217201164,26,68,0.04049776051578181,0.0695494238255003,False,False,True,0.000180154196678352,COMPLETE
666,0.5616428971290589,2025-03-31 20:55:04.281387,2025-03-31 20:55:11.857325,0 days 00:00:07.575938,0.07550091848803195,0.7779156009717173,16,0.02171384539737959,0.15086880200775638,0.01751676566348275,0.03755995459508058,0.09111538557832509,0.07392198908005429,0.00016956221028690632,28,82,0.042288666445740475,0.05203088361217878,False,False,True,1.8605688176746373e-08,COMPLETE
667,0.5538491964340211,2025-03-31 20:55:12.064000,2025-03-31 20:55:19.454603,0 days 00:00:07.390603,0.0413724182293889,0.7127193136845517,16,0.03425873419541597,0.16105346305691787,0.012956009717022744,0.03056703866084528,0.09411700235284545,0.06754794649517212,0.0002836994601474175,26,76,0.049631233411848295,0.061221169356378766,False,False,True,0.00023223649971684638,COMPLETE
668,0.37716145515441896,2025-03-31 20:55:19.674576,2025-03-31 20:55:27.253330,0 days 00:00:07.578754,0.024936730600525724,0.677988795581969,16,0.04221522498833672,0.129484932632329,0.0073675858086519755,0.04749943648670718,0.08302551825008549,0.06005077953660766,0.0001116494332870013,27,88,0.00305868649430327,0.07463371014192391,False,False,True,0.00010145642547832008,COMPLETE
669,0.5581314206123352,2025-03-31 20:55:27.460615,2025-03-31 20:55:34.996471,0 days 00:00:07.535856,0.06409218421914907,0.7289135384079939,16,0.029231042811753906,0.14205100231771356,0.010023368129885718,0.05308428885282146,0.08517574006764561,0.07247464533720652,0.00021700918122523352,28,79,0.03835487370895948,0.04620171294371149,False,False,True,1.540553109471009e-08,COMPLETE
670,0.43025366067886356,2025-03-31 20:55:35.218786,2025-03-31 20:55:42.693322,0 days 00:00:07.474536,0.011794258058124032,0.7950258007043384,16,0.037774412309294576,0.01758613704499362,0.020874939436889832,0.03416522307616429,0.0884672483905332,0.0172778904469573,0.00014482740462191514,27,85,0.04566203857946623,0.03606242530073221,False,False,True,0.00014355314410901345,COMPLETE
671,0.39414530992507935,2025-03-31 20:55:42.899840,2025-03-31 20:55:50.275855,0 days 00:00:07.376015,0.09292816711509509,0.752515390723185,16,0.17154126400684866,0.11905637013228224,0.015363428127330606,0.04239959116887737,0.08679796312837025,0.06887867514020476,0.0001881985189970562,26,91,0.04261419729065403,0.05386628962295672,False,False,True,0.0003464778918724948,COMPLETE
672,0.5478990435600282,2025-03-31 20:55:50.497236,2025-03-31 20:55:57.748348,0 days 00:00:07.251112,0.3537869017383259,0.6946990983845714,16,0.018485044860166278,0.15560714020574531,0.02417874211609823,0.050659991548719356,0.028691781016464638,0.07454338571800241,0.00025940012681861146,25,71,0.047552470532711485,0.06581310975855087,False,False,True,1.2899906617820976e-08,COMPLETE
673,0.47391470670700075,2025-03-31 20:55:57.963616,2025-03-31 20:56:05.502455,0 days 00:00:07.538839,0.010551065510570098,0.7143466614565095,16,0.04313993230107885,0.14638976171680607,0.0032122100338711672,0.046412857651283425,0.0924478808715654,0.0707352199668852,0.0001747764194523597,28,77,0.04422091978696491,0.29971550157118426,False,False,True,0.0001940172047303535,COMPLETE
