number,value,datetime_start,datetime_complete,duration,params_alpha-eval,params_alpha-train,params_batch-size,params_eps-eval,params_eps-train,params_lambda-actions-eval,params_lambda-actions-train,params_lambda-frames-eval,params_lambda-frames-train,params_learning-rate,params_n-epochs,params_n-frames,params_radius-gw,params_rho,params_std-feats,params_ub-actions,params_ub-frames,params_weight-decay,state
0,0.2820645451545715,2025-03-31 19:24:29.728046,2025-03-31 19:24:43.113931,0 days 00:00:13.385885,0.3758528355474387,0.2489762839295593,2,0.04545974785606075,0.2082297350459283,0.055528995960364265,0.0811549271534115,0.004996992625448428,0.05035086690564745,0.009301554173355273,14,64,0.06122292631450523,0.20048668657984806,False,True,False,2.524912723494865e-08,COMPLETE
1,0.2815818369388581,2025-03-31 19:24:43.121976,2025-03-31 19:25:02.491971,0 days 00:00:19.369995,0.6606068689266645,0.810807664711047,2,0.2526555628863157,0.15686722684376286,0.052393949750913396,0.03578472012832841,0.08185707634504086,0.036109583312551256,0.03640845571792399,26,29,0.013377469304052658,0.29047885061632706,False,False,True,0.0004129500794605795,COMPLETE
2,0.40195963382720945,2025-03-31 19:25:02.495999,2025-03-31 19:25:08.147703,0 days 00:00:05.651704,0.26076899327145003,0.6118978199445535,16,0.10034553620572653,0.1476455596296107,0.0674764908593078,0.007651466393569225,0.007576744273091379,0.05209993267960963,0.002030950406063484,6,90,0.08914947408952287,0.11830134394675774,False,False,True,2.0532692614081464e-05,COMPLETE
3,0.4117398262023926,2025-03-31 19:25:08.151685,2025-03-31 19:25:14.767018,0 days 00:00:06.615333,0.9581239757623226,0.6941644652539908,16,0.2270465183481403,0.25990025994688465,0.03639502615650358,0.024852649191993533,0.028662762171141012,0.08587842254821094,5.314669453621783e-05,12,99,0.014189778865002674,0.2969965523169718,True,False,False,1.265646394812603e-07,COMPLETE
4,0.30364089608192446,2025-03-31 19:25:14.771242,2025-03-31 19:25:23.539694,0 days 00:00:08.768452,0.40281387386212547,0.8559365049175327,8,0.20048803612987204,0.07118597516198144,0.09246521058577961,0.041624214592842455,0.04464635298090887,0.04650142433533579,1.4688873832044798e-05,25,63,0.08860441250188113,0.08249585561181727,True,True,False,0.0008093369026885975,COMPLETE
5,0.30832558274269106,2025-03-31 19:25:23.544248,2025-03-31 19:25:30.445923,0 days 00:00:06.901675,0.5503539406815087,0.339747030133123,8,0.18282868458943605,0.2426777506283969,0.006555486996198202,0.07738682113699945,0.08995485299993917,0.08874377823624106,9.272862569832742e-05,12,74,0.06117437358564835,0.1142563850792356,True,False,True,4.128226644238526e-06,COMPLETE
6,0.32618216276168827,2025-03-31 19:25:30.450680,2025-03-31 19:25:39.541266,0 days 00:00:09.090586,0.3595136309782388,0.9100166010524801,8,0.15622740939793525,0.24308801710811145,0.04893922471869617,0.019686640044642868,0.05465466526967623,0.011519280640345828,0.0005312837335937364,28,126,0.066674978947384,0.10206426330514529,False,True,False,3.641813365380429e-08,COMPLETE
7,0.28286103010177616,2025-03-31 19:25:39.546605,2025-03-31 19:25:45.452415,0 days 00:00:05.905810,0.048109689581651995,0.708850858182549,16,0.1974717762452287,0.2357067219800741,0.016624516078352122,0.0898131135181219,0.007671595646097269,0.08176421990926637,0.0014358259740341577,9,60,0.09539015847693907,0.2969886299779908,True,True,True,3.8403512748908827e-08,COMPLETE
8,0.3928898096084595,2025-03-31 19:25:45.457750,2025-03-31 19:25:53.387869,0 days 00:00:07.930119,0.4189675340981138,0.9432820716730907,8,0.16751054439864896,0.1823954770140073,0.08049779809541717,0.048906790880989655,0.023209619695107597,0.07555896045731793,1.8848518076027048e-05,15,64,0.06666704122151004,0.0418954119987602,False,False,False,2.1551920481568837e-06,COMPLETE
9,0.28286103010177616,2025-03-31 19:25:53.393645,2025-03-31 19:25:59.119147,0 days 00:00:05.725502,0.8774735286379041,0.1019544741423982,16,0.2999735747009828,0.18584514842851527,0.09042998566021387,0.04596846855650503,0.08175052610288558,0.020593375339213627,0.004716189743798973,7,134,0.06424430439188644,0.1797600870385936,False,True,True,1.7318095385646046e-05,COMPLETE
10,0.38613227605819705,2025-03-31 19:25:59.125929,2025-03-31 19:26:06.638174,0 days 00:00:07.512245,0.9756246499940195,0.47318781242038305,16,0.00933532968543474,0.2911925566396604,0.03260513384226235,0.06498026869925165,0.03675134451834049,0.09962708955925444,0.00017000126468250042,19,104,0.0036700140643076574,0.23470387478662647,True,False,False,3.6686983710878544e-07,COMPLETE
11,0.5106402635574341,2025-03-31 19:26:06.644671,2025-03-31 19:26:12.256779,0 days 00:00:05.612108,0.16271883063415932,0.6278343834499904,16,0.09397999043022744,0.08263736313167766,0.06776659830945392,0.0014848838876589734,0.023466768534537073,0.06638614747244768,0.0007165854152222206,5,97,0.031208614404340966,0.0038038353333506303,True,False,True,6.127489113653209e-05,COMPLETE
12,0.28286103010177616,2025-03-31 19:26:12.263648,2025-03-31 19:26:19.564980,0 days 00:00:07.301332,0.04639571696969408,0.5456009592494204,16,0.10965783782815046,0.01220881234225965,0.03756331811480196,0.003683171505458431,0.027766922642321702,0.06913461604338385,8.516077601564401e-05,19,109,0.029933085760044928,0.02144939316524166,True,False,False,3.109565374877909e-07,COMPLETE
13,0.28286103010177616,2025-03-31 19:26:19.572307,2025-03-31 19:26:25.542510,0 days 00:00:05.970203,0.7340601324487676,0.7087944023387535,16,0.08296980153946694,0.09947037723662366,0.027710964433821168,0.020439053011357105,0.06157590200953599,0.06337415183844354,0.0003642774526985253,10,36,0.03360394615446275,0.2386175288894523,True,False,True,8.192735353293183e-05,COMPLETE
14,0.3959824204444885,2025-03-31 19:26:25.550536,2025-03-31 19:26:31.512040,0 days 00:00:05.961504,0.19885996562473252,0.4103003881142865,16,0.24444045912119008,0.09225468309592913,0.06922977994861837,0.02399509724346185,0.021554056476837388,0.09861688352307868,3.957127238618819e-05,5,97,0.031027201006785826,0.0024082059404540905,True,False,False,3.943924737322523e-07,COMPLETE
15,0.36061803102493284,2025-03-31 19:26:31.519769,2025-03-31 19:26:38.354744,0 days 00:00:06.834975,0.810316931498545,0.7029803282400349,16,0.12703608005936542,0.028066844586727244,0.0681183942163454,0.0014648360058777438,0.03501412893868421,0.06402355088723813,0.05162288394896237,16,149,0.019131953895185832,0.06023350981865277,True,False,True,9.410724763517103e-05,COMPLETE
16,0.3045629978179932,2025-03-31 19:26:38.362837,2025-03-31 19:26:49.616936,0 days 00:00:11.254099,0.5867208257219527,0.5968399546153265,2,0.2402354429639039,0.2910956385922154,0.04131597473393037,0.028496197341337116,0.0654475341209923,0.0845447981761073,0.0002959141933083329,10,119,0.0011023580661006435,0.1514135909570168,True,False,True,2.1530838940150306e-06,COMPLETE
17,0.3930698037147522,2025-03-31 19:26:49.625439,2025-03-31 19:26:57.316312,0 days 00:00:07.690873,0.1691873069739011,0.7926388774606359,16,0.06311125053883837,0.12428822999025627,0.024012026395941223,0.013977818059117653,0.01822592353586796,0.07128821759511716,0.004559091421684036,23,45,0.04581374524096689,0.2532571565090321,True,False,False,1.2534297986854297e-07,COMPLETE
18,0.3833851218223572,2025-03-31 19:26:57.325159,2025-03-31 19:27:03.841860,0 days 00:00:06.516701,0.9890279201118106,0.9872271942312829,16,0.13943513756993833,0.05756085591988486,0.06003762043202306,0.06075393217653484,0.04438629033536928,0.03622663973788513,4.754505019896302e-05,12,12,0.04505814966477674,0.1625221838238927,True,False,False,1.0997193372835641e-08,COMPLETE
19,0.3212205529212952,2025-03-31 19:27:03.850770,2025-03-31 19:27:13.902335,0 days 00:00:10.051565,0.8434463392925251,0.2835143714169154,2,0.2757582666374542,0.1311380406944027,0.003705527468235645,0.031519719061234464,0.032797770575012465,0.058396356517844,0.0007733896314014677,8,81,0.018086791648033982,0.2071716517575059,True,False,True,1.097330167906123e-05,COMPLETE
20,0.38143270015716557,2025-03-31 19:27:13.911944,2025-03-31 19:27:21.579405,0 days 00:00:07.667461,0.6434898138301062,0.45570504541562756,16,0.20979828285385121,0.04599061413416476,0.07623926460370148,0.014398179311938531,0.014916921677542253,0.09135591021103302,0.01544977335588758,21,87,0.03851991031130355,0.12839400636640302,True,False,False,0.0001288123920786535,COMPLETE
21,0.37189452052116395,2025-03-31 19:27:21.588946,2025-03-31 19:27:27.191783,0 days 00:00:05.602837,0.22676411657314105,0.6308989115191312,16,0.1027481295511216,0.15497713729487347,0.044196657508418634,0.006132209605824976,0.012214887465138845,0.038424065398056734,0.001958520850961557,5,91,0.08334032863016577,0.06670676129190009,False,False,True,2.6064161271399013e-05,COMPLETE
22,0.47100971937179564,2025-03-31 19:27:27.201832,2025-03-31 19:27:32.852031,0 days 00:00:05.650199,0.27790957383457293,0.620527059465271,16,0.046799599936295656,0.10273808282788736,0.06186067889671932,0.011141778085985399,0.001211148825207363,0.05580048852861771,0.0021537464238959086,6,115,0.02325151498788625,0.13605594958348285,False,False,True,6.462379231227309e-06,COMPLETE
23,0.4219536900520325,2025-03-31 19:27:32.862080,2025-03-31 19:27:39.052616,0 days 00:00:06.190536,0.28477413369841903,0.7401557510903407,16,0.026635094645846555,0.10196106916039874,0.06094893172272862,0.013664385745524114,0.027015490056189584,0.07797278148753412,0.0002067344582849673,12,111,0.024610899769960955,0.27167360448469624,False,False,True,5.600774321718614e-06,COMPLETE
24,0.4401222348213196,2025-03-31 19:27:39.063072,2025-03-31 19:27:44.912445,0 days 00:00:05.849373,0.11798394207274865,0.7821423609367623,16,0.0009940762056767222,0.08451054396843509,0.0833421859238814,0.012203502860731819,0.04219745715236256,0.07709736252654223,0.0008781922763500101,8,115,0.02329195112509247,0.26616148217210434,False,False,True,6.078788288183985e-06,COMPLETE
25,0.4546653985977173,2025-03-31 19:27:44.923355,2025-03-31 19:27:50.777475,0 days 00:00:05.854120,0.12122226015906484,0.5132428552267932,16,0.047910953791877195,0.0821418199625159,0.08335292557876156,0.010924984831935096,0.002221994251535661,0.05467741246536025,0.0008820705927175711,8,138,0.038622231278010476,0.20846047172375168,False,False,True,1.1278083139001311e-06,COMPLETE
26,0.28286103010177616,2025-03-31 19:27:50.788344,2025-03-31 19:27:56.359118,0 days 00:00:05.570774,0.12490744324552105,0.5302517886230391,16,0.06305847140077597,0.11589367876155246,0.09813098619562576,0.0012021975802041767,0.002943815639534627,0.042259397251262105,0.004577884028414097,5,136,0.052759554300097926,0.1943873618011596,False,True,True,1.1185792769295951e-06,COMPLETE
27,0.43626312017440794,2025-03-31 19:27:56.370491,2025-03-31 19:28:02.157169,0 days 00:00:05.786678,0.47580644652329507,0.36859693515937175,16,0.037545730562960906,0.039485433310585086,0.0738010893073645,0.03739177629782454,0.0027276568898039503,0.02572289544000554,0.002702626935495808,7,150,0.037916362582499155,0.21686877274290028,False,False,True,4.469409674784703e-05,COMPLETE
28,0.386126184463501,2025-03-31 19:28:02.168769,2025-03-31 19:28:08.795951,0 days 00:00:06.627182,0.30690223064283145,0.564540789332415,8,0.07030183143293513,0.0021904559627596437,0.08539121620509302,0.019773571563349655,0.013334495999648935,0.05757241208776231,0.015137093480968242,10,134,0.05329554669403491,0.1734986153154431,False,False,True,9.482397052685673e-07,COMPLETE
29,0.39646825790405277,2025-03-31 19:28:08.808000,2025-03-31 19:28:18.299886,0 days 00:00:09.491886,0.1102136686144986,0.1303288332350705,2,0.049809462162743276,0.06701053880005811,0.059393029327781934,0.05788408324234537,0.0011207406762858748,0.05410507544644483,0.0005946519444336353,7,122,0.011116936964078925,0.09053186165501356,False,True,True,0.0002870345624780595,COMPLETE
30,0.42371578216552735,2025-03-31 19:28:18.312346,2025-03-31 19:28:28.797358,0 days 00:00:10.485012,0.3390392552633047,0.23667370287150669,2,0.02941362614902216,0.07450125576222288,0.07580360444429333,0.0110270913778474,0.010453420948433139,0.02809733848850965,0.010211793914017598,9,136,0.04387887504979354,0.13643210443802206,False,False,True,1.0143867480644676e-05,COMPLETE
31,0.48431994915008547,2025-03-31 19:28:28.812979,2025-03-31 19:28:35.151884,0 days 00:00:06.338905,0.011320110601669167,0.6493129509585032,16,0.001343537490399574,0.08877886734150583,0.08232802133222061,0.010026816559942146,0.04066400756981103,0.0648787290085624,0.0011634696056159108,14,115,0.02533860210266594,0.26331510099721683,False,False,True,7.0243172748972624e-06,COMPLETE
32,0.5311240315437318,2025-03-31 19:28:35.164665,2025-03-31 19:28:41.513705,0 days 00:00:06.349040,0.04654543302260193,0.6389341113631846,16,0.021334478300543767,0.11299966499851552,0.09920270379989188,0.01790530413826758,0.05280443735497806,0.04726140791109221,0.0010891492348248373,14,126,0.02674833557717193,0.22997923246971425,False,False,True,1.1379317081596686e-06,COMPLETE
33,0.4761756181716919,2025-03-31 19:28:41.527062,2025-03-31 19:28:47.857221,0 days 00:00:06.330159,0.012997781714568848,0.6546023636985736,16,0.01840683258416301,0.10912123459013037,0.09633979065961049,0.031090513009657518,0.056834011580471154,0.04853451528515956,0.002528776793452696,14,103,0.026142647784578713,0.2776942829957299,False,False,True,4.244187756017589e-05,COMPLETE
34,0.3837617635726929,2025-03-31 19:28:47.870720,2025-03-31 19:28:54.234690,0 days 00:00:06.363970,0.011112643913335163,0.6535920017475866,16,0.010546058062680962,0.13638871192399982,0.09941020117519551,0.03138878555556668,0.05528463938986448,0.04650621425203366,0.0013759761964004236,14,100,0.009315328837097049,0.2820550973186629,False,False,True,3.62227061573036e-05,COMPLETE
35,0.3900188922882081,2025-03-31 19:28:54.248796,2025-03-31 19:29:00.865461,0 days 00:00:06.616665,0.061812284972479856,0.8700436106468626,16,0.020481132879161177,0.17467070859481076,0.09113501905966229,0.024449233184429292,0.07040136671793225,0.06321923690932016,0.003649847081706539,17,125,0.02813003480868793,0.23353702241707128,False,False,True,0.00014392846013456224,COMPLETE
36,0.42956386804580693,2025-03-31 19:29:00.879681,2025-03-31 19:29:07.184419,0 days 00:00:06.304738,0.17264747506578249,0.6634551855432214,16,0.006345872044098189,0.11364924981905784,0.09489735565470342,0.03736779794940277,0.05115973752117726,0.04797022106957177,0.00037325269839059776,14,81,0.01756979070112058,0.25327420638162196,False,False,True,0.00024509748647139436,COMPLETE
37,0.38798671960830694,2025-03-31 19:29:07.199428,2025-03-31 19:29:14.982605,0 days 00:00:07.783177,0.012887710627826761,0.014197633539864751,8,0.08520516320514747,0.14215190826991322,0.08769833341274216,0.018981924500162527,0.05990659060510495,0.04252756432517681,0.007702073268951857,18,104,0.007125483878684176,0.2716213183074509,False,False,True,6.106385664454169e-05,COMPLETE
38,0.28286103010177616,2025-03-31 19:29:15.001267,2025-03-31 19:29:27.597162,0 days 00:00:12.595895,0.07744476105308686,0.8341502986784479,2,0.021707015433521104,0.0553824636565483,0.09497588337051376,0.006183919903658011,0.06995111887716811,0.07018671993163184,0.001382729095923728,13,73,0.03533872664009836,0.2556020153031524,False,True,True,0.0006293797303527863,COMPLETE
39,0.3989702939987183,2025-03-31 19:29:27.612204,2025-03-31 19:29:35.310461,0 days 00:00:07.698257,0.24357715082927062,0.7621043395263438,16,0.0912008833367224,0.1619049330533051,0.0800901594325763,0.0278820969592867,0.048320078298197074,0.0013272553557749159,0.027844721927508646,30,93,0.026233090246607197,0.29862348948431583,False,False,True,1.5703586180855763e-05,COMPLETE
40,0.3399202585220337,2025-03-31 19:29:35.325814,2025-03-31 19:29:42.803578,0 days 00:00:07.477764,0.18325017474365524,0.47174592334415016,8,0.12158025983016213,0.21336804798855258,0.09936814438535439,0.04255864295080014,0.040043173490477466,0.049209291870522004,0.00018614706606154993,16,106,0.015639435855069828,0.2834718359966251,False,True,True,3.1465737372635975e-06,COMPLETE
41,0.47585113048553473,2025-03-31 19:29:42.819155,2025-03-31 19:29:49.292807,0 days 00:00:06.473652,0.09273093438921896,0.6024478183927303,16,0.04458882186495856,0.10807093595055017,0.05276232004141018,0.00813606526111748,0.048545409554522086,0.05939018217929182,0.0022422170124557802,15,116,0.022089208451446244,0.23363150852396913,False,False,True,8.82530321276688e-06,COMPLETE
42,0.4746998310089111,2025-03-31 19:29:49.308722,2025-03-31 19:29:55.841836,0 days 00:00:06.533114,0.08301811642167341,0.5814767233521333,16,0.03586343927252268,0.11008967906633411,0.05115901234562284,0.007138671836327184,0.04922487882411299,0.060772563755113286,0.002810966736717948,15,128,0.021577923203083212,0.21960407508609492,False,False,True,2.4610152528077025e-05,COMPLETE
43,0.5144190907478332,2025-03-31 19:29:55.858409,2025-03-31 19:30:02.688787,0 days 00:00:06.830378,0.018482309808630096,0.6713564942367449,16,0.05633437084845261,0.08745967263750837,0.05480866616790644,0.016510032183804736,0.05551082546551279,0.06754541893868779,0.0013181079449006926,20,113,0.03141736108636251,0.18621121591380158,False,False,True,1.0360829714462472e-05,COMPLETE
44,0.5311163187026978,2025-03-31 19:30:02.706099,2025-03-31 19:30:09.704860,0 days 00:00:06.998761,0.018589816999471986,0.6682246687261921,16,0.07051216543318797,0.0663299273439868,0.07194417001916215,0.017274858518019687,0.08006496902869416,0.03132732695190432,0.0005094123755746766,22,100,0.03242615777839161,0.19052639184169176,False,False,True,2.5076369562498385e-06,COMPLETE
45,0.41777889728546147,2025-03-31 19:30:09.721821,2025-03-31 19:30:16.740835,0 days 00:00:07.019014,0.14212342578933015,0.7492593084555916,16,0.07622908349389713,0.02773941241003281,0.06412737917460484,0.099525672765981,0.08221216372982842,0.030704095931509842,0.0004574026452889724,22,110,0.031800411580600374,0.18137966976214165,False,False,True,3.205973173976527e-06,COMPLETE
46,0.5277186393737794,2025-03-31 19:30:16.758539,2025-03-31 19:30:23.609605,0 days 00:00:06.851066,0.03654880926230252,0.7043163626147362,16,0.05610804267276536,0.08774476204773582,0.07097711703818853,0.016551154197886636,0.09768387302791486,0.06828801630403109,0.0012226118624215107,20,96,0.041272438620277345,0.1576716572145777,False,False,True,6.481003700223624e-07,COMPLETE
47,0.47375775575637824,2025-03-31 19:30:23.627275,2025-03-31 19:30:31.022839,0 days 00:00:07.395564,0.05636199259907481,0.888428327065033,16,0.05855718647205345,0.06777304740386902,0.05602262360200745,0.01823971432004735,0.09934913777774367,0.017122135329930684,0.0001240459874193635,25,74,0.04822993733242471,0.1922460055068307,True,False,True,5.248585226361474e-07,COMPLETE
48,0.46568663120269777,2025-03-31 19:30:31.040595,2025-03-31 19:30:37.917397,0 days 00:00:06.876802,0.215378173047799,0.8244367655131652,16,0.11897825951766285,0.05310715912162828,0.0667953511263383,0.01623780398262899,0.09190528525966314,0.07341881191162755,0.0006685445979650572,20,97,0.04195237476037883,0.16271967922561267,False,False,True,1.5226982575936533e-07,COMPLETE
49,0.28286103010177616,2025-03-31 19:30:37.935551,2025-03-31 19:30:46.712168,0 days 00:00:08.776617,0.1520118415513802,0.6972140470303375,8,0.0897991541985661,0.07611837905614231,0.04668303599879001,0.02336364701536303,0.08253251498292678,0.08181377348321342,0.00028155713588971467,24,85,0.055723325048010405,0.10980396067911212,True,True,True,1.83491200587616e-07,COMPLETE
50,0.3928743481636048,2025-03-31 19:30:46.730698,2025-03-31 19:30:54.109794,0 days 00:00:07.379096,0.4257972911113404,0.5517748766290193,16,0.10062499340645263,0.03102802316617012,0.07230443073403836,0.06741808719978705,0.07613521490386149,0.06698351861683903,0.09259607758766046,20,51,0.07414567092403826,0.16655514650467496,False,False,False,1.663628340804152e-06,COMPLETE
51,0.5211048364639282,2025-03-31 19:30:54.128574,2025-03-31 19:31:01.147097,0 days 00:00:07.018523,0.03264311255846218,0.6786499728939015,16,0.07140021996848872,0.08966477853082801,0.07802705485368339,0.0035845074937110493,0.08908955454359238,0.06605187521744224,0.0011469378290420698,22,93,0.033920684841254406,0.18528760771443206,False,False,True,8.526481849736253e-07,COMPLETE
52,0.5596534132957459,2025-03-31 19:31:01.166182,2025-03-31 19:31:08.247931,0 days 00:00:07.081749,0.04942913017733029,0.7019775836844839,16,0.07397945911572269,0.12506009990056008,0.07044455321758533,0.003518394692877667,0.09198425685604336,0.06782161994831863,0.00048066467393863076,22,92,0.034720297163489566,0.14792313533884627,False,False,True,8.585124085196298e-07,COMPLETE
53,0.5371639013290406,2025-03-31 19:31:08.266941,2025-03-31 19:31:15.742881,0 days 00:00:07.475940,0.04856517866111652,0.730978402441457,16,0.07407727273161666,0.12669395542308853,0.0716666896647078,0.005593957821156513,0.09134851326798418,0.07579397226647769,0.0005267983825376815,27,91,0.04080715092049937,0.15175870922169551,False,False,True,7.605056695239226e-07,COMPLETE
54,0.5431676387786866,2025-03-31 19:31:15.762484,2025-03-31 19:31:23.160332,0 days 00:00:07.397848,0.05408381941300758,0.7239566979421399,16,0.0722769632370855,0.12356976119485762,0.07939382982107229,0.004566858961948989,0.0919446539720324,0.07916805297687736,0.0004087913247803573,27,78,0.040653152568273995,0.15569975725840388,False,False,True,6.175530947918995e-07,COMPLETE
55,0.5380950331687928,2025-03-31 19:31:23.180285,2025-03-31 19:31:30.626197,0 days 00:00:07.445912,0.06688037747709635,0.7255637884536987,16,0.16347785786661836,0.1304459462267667,0.07156924783750224,0.005064442031962902,0.09822248471192593,0.09045486845712533,0.0004878645708080982,27,63,0.0576382710143265,0.1499013472277784,False,False,True,5.22858278314842e-07,COMPLETE
