number,value,datetime_start,datetime_complete,duration,params_alpha-eval,params_alpha-train,params_batch-size,params_eps-eval,params_eps-train,params_lambda-actions-eval,params_lambda-actions-train,params_lambda-frames-eval,params_lambda-frames-train,params_learning-rate,params_n-epochs,params_n-frames,params_radius-gw,params_rho,params_std-feats,params_ub-actions,params_ub-frames,params_weight-decay,state
512,0.5282724261283874,2025-04-21 14:15:27.460603,2025-04-21 14:15:39.454786,0 days 00:00:11.994183,0.5322019485140844,0.602251536221344,2,0.07788038260767657,0.07230466271924332,0.018047459864946713,0.059862996798288395,0.022599172885161264,0.07973015064876356,0.05705429607830915,11,150,0.02135292594702887,0.10031125872445039,True,False,True,4.1462406261630576e-05,COMPLETE
513,0.39332395792007446,2025-04-21 14:15:39.629973,2025-04-21 14:15:51.115298,0 days 00:00:11.485325,0.5096350989783565,0.6402573290937061,2,0.06299557281985699,0.08288900674160343,0.02247362105404295,0.07291019692528591,0.017982582665674665,0.08207725117410629,0.07480270312950274,10,147,0.027614088220533444,0.09089082849409005,True,False,True,3.523986319122723e-05,COMPLETE
514,0.28286103010177616,2025-04-21 14:15:51.277528,2025-04-21 14:16:03.837170,0 days 00:00:12.559642,0.52111561041936,0.6078906808703533,2,0.08472423685469443,0.08626958199499289,0.01997617297201315,0.05793626863377766,0.016426534094957423,0.09625156962102753,0.09830276174792948,12,150,0.02793161204903049,0.10150326510967207,True,True,True,3.6687089815716465e-05,COMPLETE
515,0.4881775856018067,2025-04-21 14:16:04.008943,2025-04-21 14:16:15.408971,0 days 00:00:11.400028,0.5036466430610586,0.5898063475832621,2,0.07667739147276723,0.07843184206404026,0.016486190094305457,0.06648196706352841,0.019481838408991266,0.019277755853554464,0.0623720487105368,10,147,0.024038011742926538,0.10547630778778097,True,False,True,5.514968874589813e-05,COMPLETE
516,0.43947291374206543,2025-04-21 14:16:15.568594,2025-04-21 14:16:28.290692,0 days 00:00:12.722098,0.5343085659976096,0.622401279971403,2,0.06375583638572299,0.08656419084993296,0.018046212315246918,0.06884126887934086,0.022587336115732704,0.08358892706172708,0.02673867706677031,10,148,0.02975303128045522,0.09542619220248476,True,False,False,7.290101050410495e-05,COMPLETE
517,0.4967959880828858,2025-04-21 14:16:28.451251,2025-04-21 14:16:40.381012,0 days 00:00:11.929761,0.5862685199997825,0.5933409084854115,2,0.07171635083436727,0.07096373575730204,0.023892024014131187,0.06455882595835541,0.014772493119756789,0.08134720343663358,0.0550285645543863,11,150,0.026584212206216824,0.08165216428581681,True,False,True,5.119882399953443e-05,COMPLETE
518,0.5422697544097901,2025-04-21 14:16:40.551137,2025-04-21 14:16:51.503396,0 days 00:00:10.952259,0.5537191149512465,0.6465527468179416,2,0.058187773706460166,0.08182313923907748,0.01469714209228656,0.062009992438273556,0.02075723882886539,0.0786706457407231,0.00973860799655014,9,145,0.02852229796225118,0.10524315527564833,True,False,True,3.098794466877736e-05,COMPLETE
519,0.5756128072738648,2025-04-21 14:16:51.666819,2025-04-21 14:17:03.162805,0 days 00:00:11.495986,0.4907530241031068,0.6137452479626441,2,0.06351605775546074,0.08939387222987868,0.0118539465467902,0.0683286461167583,0.01770921068708058,0.08255210815065082,0.07427616322837098,10,147,0.029893260860500242,0.08917804603980903,True,False,True,4.47259209746764e-05,COMPLETE
520,0.43542736768722534,2025-04-21 14:17:03.335100,2025-04-21 14:17:09.981532,0 days 00:00:06.646432,0.45730167853752485,0.5790953651231249,16,0.07457291829285029,0.055588250442243255,0.016363718011889197,0.0761841257124009,0.023171186000160212,0.07989546559636262,0.03167841756894986,12,145,0.02663583235411347,0.07811176377075066,True,False,True,2.740538846160941e-05,COMPLETE
521,0.514183247089386,2025-04-21 14:17:10.141682,2025-04-21 14:17:24.611596,0 days 00:00:14.469914,0.511803748221627,0.5926370167769386,2,0.06022966220809079,0.07642651535356677,0.02089184819146899,0.07124439743691692,0.019553033436342668,0.07721086099000261,0.044533682783398615,16,115,0.029545843552396638,0.08470816405421273,True,False,True,0.00010101211964228927,COMPLETE
522,0.5293508410453797,2025-04-21 14:17:24.773279,2025-04-21 14:17:35.686963,0 days 00:00:10.913684,0.44006740611168493,0.6334577673178308,2,0.07205725341516546,0.09359998626025015,0.009356899754640628,0.06341079580328042,0.013040504596955573,0.08262361981215374,0.06165068812063486,9,150,0.02447815655882194,0.0014666492780649187,True,False,True,3.607208207097892e-05,COMPLETE
523,0.41674907207489015,2025-04-21 14:17:35.858923,2025-04-21 14:17:42.468224,0 days 00:00:06.609301,0.47373901111259153,0.5692117443814452,8,0.0893741245782394,0.08232256471976393,0.013364737385657983,0.06670278479177365,0.021835118171389292,0.08282517972836534,0.03755038589430639,7,147,0.027327120647680756,0.09724702629087992,True,False,True,7.873080105081917e-05,COMPLETE
524,0.33785212635993955,2025-04-21 14:17:42.631938,2025-04-21 14:17:54.469931,0 days 00:00:11.837993,0.6869022250035997,0.6653970595868216,2,0.054719331736127745,0.09030957908895054,0.018721519968946762,0.0642805469525906,0.01725031849378582,0.08432010369527361,0.0005568683719563496,11,144,0.030886143583356847,0.11046589933944453,False,False,True,4.6546201947245864e-05,COMPLETE
525,0.4727447390556336,2025-04-21 14:17:54.644476,2025-04-21 14:18:06.266687,0 days 00:00:11.622211,0.5047037270616571,0.6087715444014331,2,0.05946593592249522,0.06907223436836574,0.015373423247550696,0.048667263860046155,0.02437169397382391,0.009990638446430836,0.004389293160065854,10,147,0.03232495632941011,0.11766732954323017,True,False,True,2.7283202835669064e-05,COMPLETE
526,0.537505829334259,2025-04-21 14:18:06.429439,2025-04-21 14:18:17.355869,0 days 00:00:10.926430,0.5252570418785432,0.5492994957523711,2,0.04959023053305922,0.08444421368462618,0.09371981681644871,0.0896567355150378,0.019344082357662207,0.07536349892165156,0.050078124248841754,9,150,0.02885753222585863,0.06635875451327895,True,False,True,6.057823740143912e-05,COMPLETE
527,0.39272773265838623,2025-04-21 14:18:17.521075,2025-04-21 14:18:28.821099,0 days 00:00:11.300024,0.4212520590529794,0.4990581564980583,2,0.06843743475002384,0.07572549502981195,0.02472175005881485,0.0693509081073459,0.01506976572853238,0.08142958773294699,0.0859539387365906,10,143,0.02558026844654993,0.11033007796829283,True,False,True,3.411005080000079e-05,COMPLETE
528,0.3689061284065247,2025-04-21 14:18:28.993940,2025-04-21 14:18:47.997701,0 days 00:00:19.003761,0.4647783639926691,0.5899929559707406,2,0.005366642914068614,0.09472828154721212,0.0053777961982842785,0.06358554738520235,0.02274137741239212,0.09942859092080648,0.0692360362886881,24,147,0.061207111210703005,0.07356193788321004,True,False,True,0.00014990910338391446,COMPLETE
529,0.40628483295440676,2025-04-21 14:18:48.160766,2025-04-21 14:18:59.003501,0 days 00:00:10.842735,0.5662982107063941,0.6222195936925782,2,0.05739603094375938,0.08937897630378272,0.03561102994896069,0.06224641296917258,0.021213482582534568,0.0028552679612965553,0.04339456475274467,9,142,0.029671294764020216,0.13729273118997795,True,False,True,2.248354011488622e-05,COMPLETE
530,0.49803298711776733,2025-04-21 14:18:59.179043,2025-04-21 14:19:09.722358,0 days 00:00:10.543315,0.78015188220692,0.5695786101787792,2,0.009105195014909064,0.08141785439522087,0.01213229536136946,0.053588946362738664,0.010224055705965436,0.09549255402071952,0.054926112497218946,8,145,0.03221955474255913,0.289775945245251,True,False,True,0.00022138580201386306,COMPLETE
531,0.3912910223007202,2025-04-21 14:19:09.885765,2025-04-21 14:19:21.366962,0 days 00:00:11.481197,0.496392590416428,0.533456840791152,2,0.04425998207269924,0.09745938082230086,0.010898736156378274,0.045567240902598144,0.0239415354628348,0.03396427101588543,0.0023091969665514547,10,150,0.034830499423907944,0.046976491157879885,True,False,True,0.00028818461534013624,COMPLETE
532,0.28286103010177616,2025-04-21 14:19:21.543341,2025-04-21 14:19:33.590072,0 days 00:00:12.046731,0.39073349736935054,0.594166425947983,2,0.06886245237730626,0.08716324417669252,0.016394997351279257,0.06008909706854992,0.016094567287979582,0.0788440739307492,0.033488267181533304,11,147,0.027119398437389808,0.11737763753436903,True,True,True,4.118392089918636e-05,COMPLETE
533,0.5235719323158264,2025-04-21 14:19:33.754595,2025-04-21 14:19:51.137934,0 days 00:00:17.383339,0.4777645991436517,0.3092013517788339,2,0.05186834141499123,0.06366615616421946,0.00745769996079097,0.05530357926732737,0.018094031881223962,0.0931593815406367,0.024201599240823744,21,140,0.030733282487312902,0.1019432722190338,True,False,True,2.8357840590891215e-05,COMPLETE
534,0.3755468845367432,2025-04-21 14:19:51.303951,2025-04-21 14:20:03.331591,0 days 00:00:12.027640,0.43830011968021254,0.5549758391216958,2,0.013478207404739904,0.0779837105340278,0.013488363768112053,0.0504522840289428,0.026502274019867635,0.09624337602091086,0.06681538039629034,9,145,0.02815177800370948,0.14890837501067927,True,False,False,8.470830460501183e-05,COMPLETE
535,0.2824065148830414,2025-04-21 14:20:03.507409,2025-04-21 14:20:13.817562,0 days 00:00:10.310153,0.5393028717168288,0.4625440494986919,2,0.13148052878756983,0.0939688433983328,0.01858414862694876,0.04757280352122662,0.012212045613212427,0.025284040539339615,0.04832608843185187,8,150,0.022354652785321907,0.12415247067047601,True,False,True,0.00010781079051729447,COMPLETE
536,0.4921523451805115,2025-04-21 14:20:13.982665,2025-04-21 14:20:25.428290,0 days 00:00:11.445625,0.4509553060867407,0.5765810456996977,2,0.14487144477051853,0.08310913778911135,0.009488249566026766,0.05188974865074557,0.02078936407696173,0.09807391630158549,0.038045990527930854,10,143,0.033156660213822194,0.0625265717132979,True,False,True,2.3562208854654673e-05,COMPLETE
537,0.525490140914917,2025-04-21 14:20:25.606048,2025-04-21 14:20:36.506487,0 days 00:00:10.900439,0.5132194742186506,0.61567861091409,2,0.03688767992432394,0.07423766407455563,0.0018189532816921972,0.044316949669050004,0.024791283435058625,0.0010056420800197672,0.08137139980836015,9,147,0.030861737246223788,0.07433432265149288,True,False,True,3.530024870368301e-05,COMPLETE
538,0.5183369398117066,2025-04-21 14:20:36.673393,2025-04-21 14:20:48.106731,0 days 00:00:11.433338,0.4873577770914972,0.644087233292653,2,0.06327323270580536,0.08959531337137368,0.014115976133560644,0.08008689204375267,0.019080722385666916,0.09375982670855519,0.0579596960210974,10,145,0.026251378933332778,0.13187915017637736,True,False,True,6.003774879949106e-05,COMPLETE
539,0.618998682498932,2025-04-21 14:20:48.277264,2025-04-21 14:20:58.623903,0 days 00:00:10.346639,0.40283620483147176,0.5118775577008026,2,0.030222809691163234,0.09987062229386792,0.02853642557954278,0.04883351940269336,0.022792511618673503,0.08528932121380117,0.015987507608130717,8,148,0.028483394801655505,0.023866702490506014,True,False,True,0.00017959201960093875,COMPLETE
540,0.2867757856845856,2025-04-21 14:20:58.802737,2025-04-21 14:21:08.558553,0 days 00:00:09.755816,0.4025061731328894,0.602366520599876,2,0.15927129993776462,0.1030779101909447,0.011039965208037614,0.04938624673314749,0.02318381944242568,0.0860227483714174,0.014118390312851038,7,67,0.02393213738869397,0.018220479200646063,True,False,True,0.00018090154807885554,COMPLETE
541,0.5674463033676148,2025-04-21 14:21:08.726780,2025-04-21 14:21:18.546569,0 days 00:00:09.819789,0.37268424722743365,0.4877649287767701,2,0.029288768219957018,0.09746283161782336,0.025106581447834883,0.052988456095501485,0.026607424569043366,0.0835113836442836,0.01567891887937104,7,150,0.027932751485141818,0.02429282124117273,True,False,True,8.374102080438256e-05,COMPLETE
542,0.5071866631507874,2025-04-21 14:21:18.724819,2025-04-21 14:21:29.022511,0 days 00:00:10.297692,0.4124086534853609,0.5111102239850229,2,0.021487970482532162,0.10158777024452623,0.022938621268248593,0.08421494179225952,0.02493297651031389,0.08499477911069632,0.019105924083965414,8,147,0.025620128337083707,0.027192066517019452,False,False,True,0.0001816645856691262,COMPLETE
543,0.5638879895210267,2025-04-21 14:21:29.191501,2025-04-21 14:21:35.964906,0 days 00:00:06.773405,0.39979788041060726,0.6284419481224556,16,0.030747678392629915,0.0964955696476733,0.03087776289816617,0.06581843808822774,0.022566234657371145,0.0821649084730125,0.012391212109345994,13,148,0.02834185852238028,0.034866275500482546,True,False,True,0.00036283738198015787,COMPLETE
544,0.49696404933929444,2025-04-21 14:21:36.145985,2025-04-21 14:21:46.370925,0 days 00:00:10.224940,0.38494206316281554,0.5711988521443345,2,0.024476374072064412,0.2241352267440032,0.027190975947955404,0.05057625447746623,0.02741308668856273,0.08054198590663031,0.020883056966862018,8,75,0.02948967413717484,0.0290062093359012,True,False,True,0.00014338462271506146,COMPLETE
545,0.3854043602943421,2025-04-21 14:21:46.540287,2025-04-21 14:21:53.101729,0 days 00:00:06.561442,0.43386583917913263,0.5983910900717494,8,0.035137411512303596,0.09330337410633184,0.02911175768895748,0.057508788591139115,0.007743346778655605,0.08434703089570976,0.026826140021921525,8,35,0.02690478114986712,0.10894262230542026,True,False,True,0.0002106871443879921,COMPLETE
546,0.3957987666130066,2025-04-21 14:21:53.273182,2025-04-21 14:22:03.089299,0 days 00:00:09.816117,0.4249901735053686,0.5384411622669358,2,0.019632734854003107,0.11055798960230445,0.0400078498924457,0.047763265681744604,0.014232461560188711,0.08622510312439267,0.08494135775743032,7,150,0.02310862210832278,0.012748409440026535,True,False,True,0.00027772864069346983,COMPLETE
547,0.5091918468475343,2025-04-21 14:22:03.269072,2025-04-21 14:22:15.252074,0 days 00:00:11.983002,0.7448770013064138,0.5858835380709526,2,0.04010030758936692,0.1049782165139409,0.008428009166653327,0.06991734873457511,0.024043048989897106,0.09005258256373529,0.0654211111036184,11,145,0.020241198334331155,0.01747528131639983,True,False,True,0.00011921372741209635,COMPLETE
548,0.5355630278587341,2025-04-21 14:22:15.421846,2025-04-21 14:22:26.377719,0 days 00:00:10.955873,0.45447170212658033,0.5596950255243611,2,0.029447747543159142,0.06787235547935755,0.03189599253044346,0.05553506403346081,0.02147853939715962,0.09219868997516553,0.050683566193642685,9,148,0.029729176400628943,0.024213622538525856,True,False,True,0.00013055426113581172,COMPLETE
549,0.5074864745140076,2025-04-21 14:22:26.560598,2025-04-21 14:22:36.940781,0 days 00:00:10.380183,0.40792180179725046,0.6209406551871541,2,0.014366983935032798,0.0833548008354513,0.02712680867803767,0.05210094012355759,0.017162360928831222,0.0878949232784997,0.005723908855311527,8,150,0.02554632296429206,0.11396947714284342,True,False,True,0.0001636165558515061,COMPLETE
550,0.50653555393219,2025-04-21 14:22:37.110924,2025-04-21 14:22:47.848468,0 days 00:00:10.737544,0.4382678784515125,0.6517629514046765,2,0.03480166884194693,0.07696690089531265,0.012071751971597822,0.004631821756763915,0.024950267494630467,0.09475003103880325,0.042942666647703125,9,107,0.02820468753101348,0.14385258871224135,True,False,True,0.00024722748782826025,COMPLETE
551,0.5544490218162537,2025-04-21 14:22:48.032780,2025-04-21 14:22:59.459100,0 days 00:00:11.426320,0.37702888513074456,0.580150879050351,2,0.004703141756370516,0.0867158184700813,0.03463210557159025,0.049448787820965845,0.02190990920599124,0.07365603560528443,0.07107554356942052,10,144,0.030801454863150172,0.1389890974309113,True,False,True,1.9391528073886686e-05,COMPLETE
552,0.28286103010177616,2025-04-21 14:22:59.630568,2025-04-21 14:23:11.606716,0 days 00:00:11.976148,0.42078115118484893,0.6087538447434433,2,0.025439784914927186,0.09919637114150702,0.015145706698583321,0.046355162380749,0.026297344450494226,0.09685025131708722,0.057846185820192644,11,146,0.0266836558133723,0.12246387531466979,True,True,True,0.00010800104690426582,COMPLETE
553,0.4263960719108582,2025-04-21 14:23:11.788524,2025-04-21 14:23:22.149184,0 days 00:00:10.360660,0.45812555471171873,0.5054291130029231,2,0.04317304918489119,0.09231561211371164,0.01007601724344668,0.053899091912403406,0.01968956786381718,0.07745393966402492,0.09989811045055086,8,142,0.029421546171859256,0.09600535125104918,True,False,True,8.242572315620463e-06,COMPLETE
554,0.459639585018158,2025-04-21 14:23:22.321034,2025-04-21 14:23:33.288659,0 days 00:00:10.967625,0.47192483381576167,0.5523490726816244,2,0.009314951217504822,0.08141557529214395,0.012264397212093861,0.06219361484588366,0.015314442668776736,0.08561370027674682,0.05066766558741089,9,147,0.03183117559269946,0.042595038693098566,True,False,True,1.6384675350149428e-05,COMPLETE
555,0.38459864258766174,2025-04-21 14:23:33.461430,2025-04-21 14:23:44.317095,0 days 00:00:10.855665,0.39611753353168194,0.6741912232604426,2,0.019327229813546017,0.08780633091911914,0.013987172512932708,0.05148890073081009,0.017183010394855643,0.09285631914833523,0.031221235552054187,7,150,0.028358623229403055,0.10483649522163971,True,False,False,0.00013549904310406567,COMPLETE
556,0.5192446351051331,2025-04-21 14:23:44.499883,2025-04-21 14:23:55.972113,0 days 00:00:11.472230,0.44328374002473603,0.5320324996501461,2,0.0373073138744067,0.07244261999074121,0.016244626648197712,0.05881160391134341,0.0229054337273619,0.015277604752787406,0.041439361970557705,10,145,0.024866867591027256,0.12849327869131189,True,False,True,4.689167215850844e-05,COMPLETE
557,0.3852125644683838,2025-04-21 14:23:56.142258,2025-04-21 14:24:07.024061,0 days 00:00:10.881803,0.4892692182155473,0.5913102099601178,2,0.030485829743528384,0.09630677552131152,0.006780135412247798,0.098202769010103,0.06010381123778725,0.05975107250945008,0.07702031468020926,9,140,0.03422872150609097,0.11902905331876129,True,False,True,0.00020316519931696473,COMPLETE
558,0.5643581628799439,2025-04-21 14:24:07.207637,2025-04-21 14:24:18.675822,0 days 00:00:11.468185,0.4733157019018541,0.6322910754089212,2,0.047078367684539414,0.1070141211948991,0.010968853909925668,0.04810443482598503,0.026789997858249346,0.0999841691104224,0.061707118292445136,10,148,0.03089226160036459,0.134240620791115,True,False,True,2.144559065004714e-05,COMPLETE
559,0.499647331237793,2025-04-21 14:24:18.849966,2025-04-21 14:24:29.215765,0 days 00:00:10.365799,0.4360595185551429,0.6903955833908275,2,0.015057058280385002,0.07833431988712715,0.008655896514259787,0.04983487290107981,0.020060532555397404,0.09070465834958293,0.023094048018668576,8,143,0.027084738784516317,0.022328297054149633,True,False,True,1.1227579949445361e-05,COMPLETE
560,0.5651964664459228,2025-04-21 14:24:29.403404,2025-04-21 14:24:40.306733,0 days 00:00:10.903329,0.624677564186545,0.5715614940384902,2,0.0007777553896811343,0.09184362574770193,0.013732285650275131,0.002771360281092083,0.024193684288297556,0.08037265612615566,0.047687236022881684,9,147,0.03238925866679935,0.14852309878589048,True,False,True,9.833774168590948e-05,COMPLETE
561,0.5450107097625733,2025-04-21 14:24:40.481613,2025-04-21 14:24:51.783404,0 days 00:00:11.301791,0.3558383363854647,0.60576698520314,2,0.023721806792301032,0.10005113551725216,0.01702853120248878,0.0062431489753776315,0.018279801219984366,0.08398571748316304,0.03690634356796912,10,150,0.029656978588315692,0.031245631353772674,False,False,True,6.407883287813509e-05,COMPLETE
562,0.27780074477195743,2025-04-21 14:24:51.956413,2025-04-21 14:25:02.155261,0 days 00:00:10.198848,0.4148232371372553,0.551149797402734,2,0.21170524217419562,0.08365777670062172,0.01238025009742349,0.04703557403453819,0.021598842062996785,0.08767054648667351,0.028603447830334052,8,17,0.023385876183747,0.115046080483558,True,False,True,2.4992764168636664e-05,COMPLETE
563,0.5390913963317872,2025-04-21 14:25:02.340108,2025-04-21 14:25:13.231098,0 days 00:00:10.890990,0.4960708427293922,0.5211752824686768,2,0.041545536082412356,0.08854977338926873,0.021195885769600912,0.06747395822800979,0.012240804615497695,0.09453665642916415,0.057572003470201326,9,145,0.02839027002219281,0.054096212910798254,True,False,True,1.3268534808159764e-05,COMPLETE
564,0.46475365161895754,2025-04-21 14:25:13.405425,2025-04-21 14:25:25.976251,0 days 00:00:12.570826,0.45516681857406355,0.5786115967192866,2,0.0335320953710293,0.07197593416974755,0.03368528165101763,0.05587164491212929,0.02867178540667718,0.05370105380598336,0.07573815934173259,12,141,0.0333542416323533,0.08705403975152748,True,False,True,3.10379932890683e-08,COMPLETE
565,0.4175559401512146,2025-04-21 14:25:26.161092,2025-04-21 14:25:38.089931,0 days 00:00:11.928839,0.7229530361241785,0.4454685623435866,2,0.01108410860226193,0.09446980872325321,0.015255292434650519,0.07439615056725511,0.016463729804555412,0.08936764176866203,0.00827390294821294,11,148,0.0305102549472348,0.15942163119356723,True,False,True,2.9263961466411746e-05,COMPLETE
566,0.5094537734985352,2025-04-21 14:25:38.265981,2025-04-21 14:25:44.716796,0 days 00:00:06.450815,0.46967793072384356,0.6136261416040172,16,0.0274800968917892,0.08110696026804678,0.01042701832635071,0.052908644478825546,0.024922544998630933,0.08232814345634228,0.042469465544183044,10,144,0.036046707956935785,0.12720076350522863,True,False,True,4.717789555323048e-05,COMPLETE
567,0.38875513076782225,2025-04-21 14:25:44.903850,2025-04-21 14:25:51.837002,0 days 00:00:06.933152,0.42306862905465825,0.48138353939301226,8,0.0474582333615202,0.10171511179768188,0.013145237943146128,0.05061051239479778,0.031045253901809466,0.09716013268805632,0.018152726539681235,9,147,0.026145910708873687,0.10496235844983627,True,False,True,1.707850831879743e-05,COMPLETE
568,0.5178314089775086,2025-04-21 14:25:52.012047,2025-04-21 14:26:02.830552,0 days 00:00:10.818505,0.39129763803449175,0.6429536474157661,2,0.038694945755796115,0.06196533904650293,0.017455160179304822,0.04421396407604482,0.014276251510173785,0.09197267754729228,0.06552594608908688,9,91,0.03183367491321931,0.14025793337197714,True,False,True,0.00017716737807186515,COMPLETE
