number,value,datetime_start,datetime_complete,duration,params_alpha-eval,params_alpha-train,params_batch-size,params_eps-eval,params_eps-train,params_lambda-actions-eval,params_lambda-actions-train,params_lambda-frames-eval,params_lambda-frames-train,params_learning-rate,params_n-epochs,params_n-frames,params_radius-gw,params_rho,params_std-feats,params_ub-actions,params_ub-frames,params_weight-decay,state
1010,0.5133460879325867,2025-03-31 21:41:58.479110,2025-03-31 21:42:16.927520,0 days 00:00:18.448410,0.0500559057916387,0.8416238863817508,2,0.043764039869481686,0.17432287370690022,0.014179871504190256,0.051423432233362106,0.09097656330551425,0.07630018371235889,0.00016728640717551075,24,75,0.044887191226652516,0.049353996260464515,False,False,True,1.7789134513514536e-08,COMPLETE
1011,0.5139545679092408,2025-03-31 21:42:17.255555,2025-03-31 21:42:24.732402,0 days 00:00:07.476847,0.09746407207953588,0.7431549783718276,16,0.015066412941104508,0.15349844586359498,0.012334604263409415,0.043747976724681906,0.09983507510356436,0.011421733791051568,0.00026951548247999396,27,68,0.038278176871552334,0.08050339015099171,False,False,True,1.4618441190982767e-08,COMPLETE
1012,0.5493179798126221,2025-03-31 21:42:25.060198,2025-03-31 21:42:32.448658,0 days 00:00:07.388460,0.1891220520068686,0.7686332948989913,16,0.03349569131140066,0.25530979516022306,0.009424319423079907,0.03637902496009738,0.09299606252673953,0.08344057429147507,0.0002309612106807345,26,77,0.0424676576795381,0.05713879306840377,False,False,True,5.74994293936163e-08,COMPLETE
1013,0.48641102313995366,2025-03-31 21:42:32.780167,2025-03-31 21:42:41.325377,0 days 00:00:08.545210,0.07948666899525257,0.728371733644591,8,0.05110142392609902,0.16702090825063515,0.004051668906083031,0.04738676996967251,0.09588013678740762,0.08508516762800128,4.7572621582653056e-05,23,81,0.04634971236368703,0.039036164883862225,False,False,True,2.169989782360109e-08,COMPLETE
1014,0.4073891758918763,2025-03-31 21:42:41.640079,2025-03-31 21:42:48.915423,0 days 00:00:07.275344,0.12062664625184773,0.8660753370136935,16,0.04015510902402821,0.15634569715859725,0.015386727956070639,0.0377617476688403,0.07834898795068353,0.07959138590866496,0.00013245095200599015,25,34,0.04075875668175171,0.06111849126746767,False,False,True,2.2889184456458195e-06,COMPLETE
1015,0.5650635719299316,2025-03-31 21:42:49.245824,2025-03-31 21:42:56.451193,0 days 00:00:07.205369,0.04343006885866697,0.8260131647302965,16,0.06013299857347168,0.18686917738409306,0.007804647961424217,0.05295812791495056,0.08883890730930949,0.07828038231679724,0.00018236531504464524,24,73,0.043998512350293104,0.04564730262295055,False,False,True,2.9676217250400704e-08,COMPLETE
1016,0.530828320980072,2025-03-31 21:42:56.777924,2025-03-31 21:43:04.234593,0 days 00:00:07.456669,0.07296007846768335,0.7606449669704001,16,0.04824102333909652,0.18011706438294342,0.012729086556909618,0.04075430948576347,0.0978560987467896,0.07605429785831376,0.00030888335905257926,27,70,0.01616881007663179,0.05341442678362168,False,False,True,1.1809522751712516e-08,COMPLETE
1017,0.5475478053092957,2025-03-31 21:43:04.564109,2025-03-31 21:43:11.878994,0 days 00:00:07.314885,0.0559478754275341,0.7838093544529284,16,0.029279706530644767,0.16130233301422986,0.010755369362964817,0.049809733505190586,0.09062076751729001,0.08033975427475996,0.00020561247380372337,25,78,0.04215582793282221,0.03165357299179317,False,False,True,3.880661086180115e-08,COMPLETE
1018,0.4902162075042725,2025-03-31 21:43:12.208949,2025-03-31 21:43:19.605652,0 days 00:00:07.396703,0.029778092463550763,0.8070823958730527,16,0.07143946320532128,0.17097834359197683,0.00526218310585863,0.05436139081377604,0.09252751367492788,0.08285637219052377,0.00015430028737646744,26,75,0.036265800382579365,0.06558335680952936,False,False,True,1.7039452695452745e-08,COMPLETE
1019,0.32372890710830693,2025-03-31 21:43:19.938230,2025-03-31 21:43:26.832138,0 days 00:00:06.893908,0.14100369647469002,0.7272384754308989,16,0.036422635833203806,0.15409700484117678,0.014262276480274666,0.05686439214671891,0.054154853428663954,0.07572902080446584,0.00024704279384228547,20,80,0.04813699151393497,0.07229145052390717,False,True,True,1.44704913662723e-08,COMPLETE
1020,0.4984448552131653,2025-03-31 21:43:27.146848,2025-03-31 21:43:34.560395,0 days 00:00:07.413547,0.10666154507712186,0.7546923756059144,16,0.04364009796075725,0.1500532289948455,0.0010176390613974846,0.04756466908928736,0.08539067475174965,0.0873535805079984,0.00017556115832593103,26,65,0.03838590351044863,0.05701226545490409,False,False,True,2.416361562501858e-08,COMPLETE
1021,0.5448852896690368,2025-03-31 21:43:34.890972,2025-03-31 21:43:42.370077,0 days 00:00:07.479105,0.04486464840230819,0.8355967230379859,16,0.024686658465666842,0.2013626673409924,0.016156026868936205,0.05997031699170024,0.08024660616274162,0.08163635138900817,0.00040588573513292457,27,72,0.044705285996110344,0.11320743653144612,False,False,True,1.22804799116562e-08,COMPLETE
1022,0.37743252515792847,2025-03-31 21:43:42.699372,2025-03-31 21:43:50.619253,0 days 00:00:07.919881,0.01100535269146287,0.895741489178458,16,0.05341763523818053,0.17817692098504048,0.009163638827011707,0.05094564765049478,0.08882061236419772,0.07959154680653302,0.00012115689598933884,24,77,0.040153727546512544,0.05029504306506259,True,False,False,1.8721836017035084e-08,COMPLETE
1023,0.3092486441135407,2025-03-31 21:43:50.952361,2025-03-31 21:43:58.308329,0 days 00:00:07.355968,0.578609522229208,0.7886554665785744,16,0.11309018199958781,0.16202992843040878,0.01145971696924665,0.044621661064133254,0.09380011829797762,0.07800508624318042,0.0002060132616623536,25,82,0.04592018540566937,0.06344845754764054,False,False,True,1.2137506313474e-08,COMPLETE
1024,0.49015771150588994,2025-03-31 21:43:58.638449,2025-03-31 21:44:05.273347,0 days 00:00:06.634898,0.06293638429400145,0.7400450296402534,16,0.03393195280644619,0.1669328540099811,0.006510306356562019,0.036806585766314334,0.0950558634888252,0.08530264166689593,0.0002720232780579028,17,68,0.042132881723289266,0.0417175525833346,False,False,True,1.5972739565714273e-08,COMPLETE
1025,0.4536198139190674,2025-03-31 21:44:05.609742,2025-03-31 21:44:13.084346,0 days 00:00:07.474604,0.08879139439860612,0.5585836994665108,16,0.04811942214297472,0.15836946233149105,0.044025457918343475,0.04893174835692823,0.08752277633522813,0.07550433605710022,7.036148956034235e-05,27,74,0.03968253242387713,0.05779561401641781,False,False,True,4.7941059322551835e-08,COMPLETE
1026,0.5034396886825562,2025-03-31 21:44:13.418637,2025-03-31 21:44:20.517735,0 days 00:00:07.099098,0.03258037055109565,0.7768374866095347,16,0.04124727113397039,0.19148382741001366,0.017580896147714423,0.03989635400955813,0.09112649164048954,0.07738958502887083,0.00014785165719451038,23,70,0.04402377657939331,0.08265294165224346,False,False,True,6.5662278555712795e-06,COMPLETE
1027,0.4281206011772156,2025-03-31 21:44:20.838751,2025-03-31 21:44:28.297509,0 days 00:00:07.458758,0.12460911819932673,0.7102579152749902,16,0.06417849525629532,0.17286408659826336,0.06273140651473841,0.05239788784898136,0.08194253480077902,0.08268008381357836,0.00033507162338349775,25,146,0.0492338409963012,0.06826676288400668,False,False,True,2.4156826695378742e-08,COMPLETE
1028,0.5572239041328431,2025-03-31 21:44:28.627587,2025-03-31 21:44:35.986020,0 days 00:00:07.358433,0.010762221763147641,0.8582203782532413,16,0.032203879170261226,0.1502610780310375,0.013364190011771415,0.04319227236772336,0.08507487945878409,0.08108342357817014,0.0002453608838391108,26,78,0.0417050213364705,0.048052721243522646,False,False,True,3.268008934252541e-08,COMPLETE
1029,0.39870898723602294,2025-03-31 21:44:36.318148,2025-03-31 21:44:43.792227,0 days 00:00:07.474079,0.1590427975634994,0.07148593048086349,16,0.02097879967078304,0.18537422901148956,0.007804049142257244,0.03507196890573099,0.09613315271107867,0.07444933031822322,0.00018053701149464213,27,75,0.04655137657604445,0.054454552610321186,False,False,True,4.212476219782435e-06,COMPLETE
1030,0.3884420931339264,2025-03-31 21:44:44.124225,2025-03-31 21:44:51.423112,0 days 00:00:07.298887,0.04553639898859799,0.8023346910479462,16,0.04372897938148611,0.1770777638871869,0.01076383462352622,0.04759484380263224,0.08939780513827854,0.07879698914317938,0.0002156402526022036,26,19,0.03698459278517836,0.07690113350376995,False,False,True,2.0390846577577007e-08,COMPLETE
1031,0.5447453498840332,2025-03-31 21:44:51.760700,2025-03-31 21:44:59.014049,0 days 00:00:07.253349,0.2959305141611091,0.7483007921457094,16,0.05694971836380382,0.15052320038537742,0.003820782258082266,0.0381613589160396,0.0870302567761857,0.0768546951268167,0.0001660707160186581,25,81,0.04317945477346167,0.06314548508497855,False,False,True,1.2049920470344647e-08,COMPLETE
1032,0.47795290946960456,2025-03-31 21:44:59.346247,2025-03-31 21:45:16.641918,0 days 00:00:17.295671,0.07082673391888683,0.7246446942905757,2,0.038126123994328055,0.1682224141371384,0.014815973277872017,0.05416225531133119,0.098323540489569,0.0895774177406222,0.00013634580048438045,22,72,0.03921286404725094,0.07151698711531726,False,False,True,1.5396797166136573e-08,COMPLETE
1033,0.42175103425979615,2025-03-31 21:45:16.984060,2025-03-31 21:45:24.173926,0 days 00:00:07.189866,0.028751881208030673,0.8344838926897816,16,0.05029407889042555,0.16009964328996007,0.012291674397368108,0.05035279433392611,0.09991586674798525,0.0837070115015642,0.00010557639709716953,24,78,0.04108670110637588,0.1977737455142931,False,False,True,1.877335547981437e-08,COMPLETE
1034,0.4251785397529602,2025-03-31 21:45:24.491832,2025-03-31 21:45:31.887664,0 days 00:00:07.395832,0.10324016922916228,0.480128074654852,16,0.029198385777007202,0.1483208123719786,0.009312145725213215,0.04569092829094058,0.09208945200014845,0.07503089275798464,0.0009048321551850686,26,76,0.04518919542645486,0.051309677021839875,False,False,True,2.7560643983976033e-08,COMPLETE
1035,0.5395350217819214,2025-03-31 21:45:32.219584,2025-03-31 21:45:39.683944,0 days 00:00:07.464360,0.08248563950588893,0.7611023038503397,16,0.03767154510210057,0.15762429598432978,0.017089319748022982,0.04080663880248679,0.08980489520481423,0.08122799116528893,0.00029780841803148865,27,82,0.04719345897667737,0.0441128518413883,False,False,True,1.0120197848275898e-08,COMPLETE
1036,0.4988170742988587,2025-03-31 21:45:40.016177,2025-03-31 21:45:48.792625,0 days 00:00:08.776448,0.055548556384445294,0.8151137502870044,8,0.045709173906061835,0.18222583377807727,0.013724342619254511,0.03604055143445929,0.09521192470262795,0.04510023058789109,0.00048441870052837524,25,63,0.04266712333045791,0.059221334219084015,False,False,True,1.4635193571886004e-08,COMPLETE
1037,0.5068995952606201,2025-03-31 21:45:49.125796,2025-03-31 21:45:56.308053,0 days 00:00:07.182257,0.010015405243629321,0.8806193939623297,16,0.05539000197020747,0.20599987961030902,0.0058413222402629115,0.04933660056921179,0.08307050801243367,0.07924878754557162,0.0002405317563716678,24,67,0.03733467600336241,0.036630235741288764,False,False,True,2.2718497693626713e-08,COMPLETE
1038,0.5104520082473756,2025-03-31 21:45:56.644440,2025-03-31 21:46:04.065068,0 days 00:00:07.420628,0.4361484815355134,0.7732430992971725,16,0.017361454787902318,0.1709591675037512,0.0028170540970946178,0.051686751261326346,0.05015361141359276,0.04089900714902982,0.00020040644572704884,26,72,0.035345789661661776,0.06667861920051547,False,False,True,1.2599963284267022e-08,COMPLETE
1039,0.2826900064945221,2025-03-31 21:46:04.403042,2025-03-31 21:46:11.941807,0 days 00:00:07.538765,0.12325307921508212,0.7170454819008358,16,0.18264456553667957,0.16548674464626023,0.010983614056490669,0.09994725720779118,0.09323067761074391,0.08596361014620177,0.00016640671040103646,27,80,0.001030362891161457,0.08982263122398602,False,True,True,3.400799809049307e-08,COMPLETE
1040,0.39589438438415525,2025-03-31 21:46:12.278084,2025-03-31 21:46:19.803703,0 days 00:00:07.525619,0.03771224451764735,0.5112349229006714,16,0.03410916011996519,0.15265440904936495,0.00777347976757345,0.042595893446962504,0.06793889788495222,0.07404465490949019,0.00020896359776571884,21,74,0.044378259784907254,0.055699714365549914,False,False,False,1.0058260246791806e-08,COMPLETE
1041,0.5178009986877441,2025-03-31 21:46:20.125836,2025-03-31 21:46:27.356025,0 days 00:00:07.230189,0.0601977772023651,0.7403773214226118,16,0.025078789823343405,0.14547985345206704,0.012184740818677858,0.058797415454919594,0.0879815114093754,0.07703137063177355,0.00025511559530853525,23,69,0.0399783880688786,0.06134843184020481,True,False,True,6.826097021351775e-08,COMPLETE
1042,0.39350818395614623,2025-03-31 21:46:27.687787,2025-03-31 21:46:35.027294,0 days 00:00:07.339507,0.02806591128412602,0.2998006669674799,16,0.060710299535425304,0.17635867641513817,0.01525996426012293,0.055649081995576805,0.019299546717323094,0.08068285615307656,0.00036660116094156155,25,78,0.04899482699671116,0.04679708463595933,False,False,True,1.7812355843803024e-08,COMPLETE
1043,0.524937665462494,2025-03-31 21:46:35.361719,2025-03-31 21:46:42.753653,0 days 00:00:07.391934,0.08632594450991005,0.7852989128456864,16,0.04231545263437872,0.16093396639750684,0.009884506155996854,0.03902070264245343,0.0854498992641435,0.08235707091481262,0.0001372903150126478,26,83,0.042039420879229385,0.07060861921713285,False,False,True,1.6455969890496652e-05,COMPLETE
1044,0.5000098824501038,2025-03-31 21:46:43.086391,2025-03-31 21:46:50.327784,0 days 00:00:07.241393,0.10147440809803103,0.8087474491323599,16,0.05155552440694984,0.15380874994492852,0.0010067617481127312,0.04553070212049792,0.09055184915473352,0.07846743187248326,0.00018484175346626335,24,75,0.03864602961997599,0.0524650772116087,False,False,True,1.5251971301126324e-08,COMPLETE
1045,0.5516466736793518,2025-03-31 21:46:50.664440,2025-03-31 21:46:58.106304,0 days 00:00:07.441864,0.03880334932767836,0.8556264232129877,16,0.04873973545927215,0.2371258345843092,0.017943851295477584,0.034507793907571464,0.0972797668836376,0.0757288761498119,0.00027465689115275193,27,70,0.045741921160538705,0.07831271623405504,False,False,True,2.5026288313503468e-08,COMPLETE
1046,0.5155938386917115,2025-03-31 21:46:58.441890,2025-03-31 21:47:05.788470,0 days 00:00:07.346580,0.010790003725641463,0.7629113746692406,16,0.03575576852892369,0.0312945858912933,0.00513770749015617,0.03738122314720382,0.09223122281185897,0.07398821686885076,0.00015911585146164393,25,80,0.040630133590430544,0.06354503200731686,False,False,True,3.852677347938136e-05,COMPLETE
1047,0.45972241163253785,2025-03-31 21:47:06.124910,2025-03-31 21:47:13.620856,0 days 00:00:07.495946,0.05965900618453117,0.7021145012401947,16,0.042032337990729425,0.1936664542983621,0.013465936939581378,0.05382441535235008,0.08724108253185746,0.07941427807987682,0.00022630012628942529,27,61,0.04409760431003766,0.057090358199132676,False,False,True,4.1425638346226835e-08,COMPLETE
1048,0.5481852889060974,2025-03-31 21:47:13.959029,2025-03-31 21:47:21.239580,0 days 00:00:07.280551,0.14472862602337783,0.729834183006793,16,0.028358879245858032,0.16583051490487502,0.016416218726193525,0.05150338000388474,0.09433955317620514,0.0834725902351947,0.00019482015474116168,25,76,0.04703861143906304,0.043566617721414916,False,False,True,1.906819853421904e-08,COMPLETE
1049,0.5484965920448304,2025-03-31 21:47:21.560261,2025-03-31 21:47:28.944714,0 days 00:00:07.384453,0.04223647707758699,0.8334779355244608,16,0.06384323479180189,0.14568406911006768,0.008327690760015667,0.04808922864013783,0.08943254299865872,0.0846212641772888,0.0003166496722745321,26,73,0.051091343616428975,0.05035294391370786,False,False,True,1.3729663543914592e-08,COMPLETE
1050,0.5633265852928162,2025-03-31 21:47:29.279622,2025-03-31 21:47:36.581993,0 days 00:00:07.302371,0.1778578282253068,0.7529363246243505,16,0.05403852541218657,0.17218140457584513,0.011231639014844972,0.04113659035229782,0.09815789657558707,0.0768330442052741,0.00023342233970549944,24,82,0.042496048132801174,0.06810428389037848,False,False,True,1.2363128793554664e-08,COMPLETE
1051,0.4731063008308411,2025-03-31 21:47:36.918591,2025-03-31 21:47:44.383422,0 days 00:00:07.464831,0.07176686345083225,0.7977445870401088,16,0.04558894344929968,0.18364930876643157,0.006724344928011255,0.04629288355602322,0.08583640217757804,0.08069111473231823,0.0001205232103154748,27,65,0.03803202318832272,0.06093765006990601,False,False,True,1.0023862517553238e-08,COMPLETE
1052,0.5496677875518798,2025-03-31 21:47:44.721872,2025-03-31 21:47:52.112996,0 days 00:00:07.391124,0.027799094845117008,0.7743529224751057,16,0.08125257141955754,0.15839577440954541,0.014756810383512634,0.05011416724949594,0.09084125545127548,0.07328648442494518,0.00017064582106183013,26,77,0.04088768338844591,0.07349215189772688,False,False,True,2.6792593445635048e-08,COMPLETE
1053,0.46138204336166383,2025-03-31 21:47:52.452024,2025-03-31 21:47:59.606538,0 days 00:00:07.154514,0.10874123255487056,0.7107455992968027,16,0.03746480648050444,0.1492281968247281,0.00303101133103524,0.03468410394749028,0.09647713376419328,0.08722223590454935,0.0002787411969519477,24,71,0.07122296114262515,0.052648305571675776,False,False,True,2.0889740943454616e-08,COMPLETE
1054,0.5407696127891541,2025-03-31 21:47:59.943775,2025-03-31 21:48:17.667760,0 days 00:00:17.723985,0.08971813023656026,0.7353877628859451,2,0.03288252595670628,0.16341687677795266,0.012752013602820418,0.05729394862385183,0.08833213994270045,0.0786888661621635,0.00014281071914631305,23,79,0.04373683712638208,0.21387843261914014,False,False,True,3.0714477670720703e-06,COMPLETE
1055,0.5301431059837342,2025-03-31 21:48:18.009118,2025-03-31 21:48:24.861225,0 days 00:00:06.852107,0.13224166260633,0.8215552270179313,16,0.010632223280707485,0.17649527365313308,0.0093765026653521,0.043604495742669586,0.09310879662840967,0.07599618704641276,0.024570516607981315,19,84,0.048040049916391554,0.036819421695445984,False,False,True,3.739100282531583e-08,COMPLETE
1056,0.5497669339179992,2025-03-31 21:48:25.205836,2025-03-31 21:48:32.490146,0 days 00:00:07.284310,0.02709345959805224,0.7839690356802413,16,0.023597568806030325,0.1425314695666799,0.004535960984385713,0.03882758760421033,0.08319938756088174,0.0819200768092987,0.0002000124449340877,25,73,0.04513737654664015,0.09624066963518657,False,False,True,1.5706505365675446e-08,COMPLETE
1057,0.5176353335380555,2025-03-31 21:48:32.815770,2025-03-31 21:48:40.186694,0 days 00:00:07.370924,0.04929858469705313,0.8511434484832099,16,0.07069562907300456,0.15460622648575575,0.018842366255120747,0.05310351998456647,0.095337799277976,0.07365834183671903,0.00023726115893818586,26,68,0.03979695936872351,0.05843237921173297,False,False,True,2.832482106742451e-08,COMPLETE
1058,0.39962728619575505,2025-03-31 21:48:40.523893,2025-03-31 21:48:49.686585,0 days 00:00:09.162692,0.06815755873788151,0.7513378036893651,8,0.04975691030812959,0.18673129241531758,0.015981872742029467,0.04930467097620789,0.09112352546959804,0.07822100496087647,0.0003915441447865376,28,24,0.03595976353360669,0.047434141359890825,False,False,True,1.221742863944681e-08,COMPLETE
1059,0.3222287297248841,2025-03-31 21:48:50.026767,2025-03-31 21:48:57.441159,0 days 00:00:07.414392,0.027534395584454155,0.802008540325747,16,0.05747431823882923,0.19759131897059773,0.010515411728631819,0.03688614778427109,0.09997036249191144,0.0829288402468219,0.0001741617049922078,27,75,0.0427500700976594,0.06588191458525128,False,True,False,8.849254871932146e-06,COMPLETE
1060,0.5381333589553833,2025-03-31 21:48:57.784133,2025-03-31 21:49:05.097709,0 days 00:00:07.313576,0.5487850086671474,0.7023413136220229,16,0.04141472826001474,0.1709956791106455,0.007004901382402338,0.04737502773982059,0.08662803375621618,0.0197512476080469,0.00032126925166553976,25,82,0.04964468793403735,0.08176231562255348,False,False,True,5.145380406551566e-08,COMPLETE
1061,0.30625562071800233,2025-03-31 21:49:05.440199,2025-03-31 21:49:12.807988,0 days 00:00:07.367789,0.11782953019157527,0.7252005624002954,16,0.24560580750180044,0.14866596232951526,0.013337235007582991,0.05137433483969303,0.08873336987563658,0.08041981460444665,9.757275583294755e-05,26,77,0.046665331278540625,0.18268802255742916,False,False,True,2.2912706165145476e-05,COMPLETE
1062,0.49781100749969487,2025-03-31 21:49:13.153868,2025-03-31 21:49:20.837725,0 days 00:00:07.683857,0.011117580809804245,0.7701191581804285,16,0.030302961190698655,0.15926279116514339,0.008583418839921456,0.03387382838969652,0.08502890422942212,0.08533207724945885,0.00021265790375442302,27,80,0.04106933085123302,0.05502179498135975,True,False,True,1.7357228208740193e-08,COMPLETE
1063,0.4491946816444397,2025-03-31 21:49:21.184372,2025-03-31 21:49:28.368493,0 days 00:00:07.184121,0.010075521951680416,0.8733756298147386,16,0.0461244216181954,0.1427425490399066,0.012261938937469267,0.03962788999376509,0.092898207585617,0.02494102179953062,0.00014851244223045533,24,66,0.04337638341405573,0.16072932511126325,False,False,True,1.5250324337292075e-08,COMPLETE
1064,0.5291957259178162,2025-03-31 21:49:28.713581,2025-03-31 21:49:36.285911,0 days 00:00:07.572330,0.053869672066917555,0.8296423210484655,16,0.03754037085025997,0.16589245328757507,0.015774986495869135,0.05540648866101639,0.09642829987924234,0.07658965027222135,0.00025856081391868795,28,71,0.03870805152136558,0.029289936863610547,False,False,True,2.2035330042524615e-08,COMPLETE
1065,0.4829384207725525,2025-03-31 21:49:36.635530,2025-03-31 21:49:44.037213,0 days 00:00:07.401683,0.08529242224321118,0.7329252803869081,16,0.14324686751467836,0.17990784476273702,0.01036420104551936,0.04494524568585534,0.08964963607955419,0.07473813204632547,0.0001892925463875153,25,85,0.045087225671075586,0.06109149662769929,False,False,True,1.2215785379146063e-08,COMPLETE
