number,value,datetime_start,datetime_complete,duration,params_alpha-eval,params_alpha-train,params_batch-size,params_eps-eval,params_eps-train,params_lambda-actions-eval,params_lambda-actions-train,params_lambda-frames-eval,params_lambda-frames-train,params_learning-rate,params_n-epochs,params_n-frames,params_radius-gw,params_rho,params_std-feats,params_ub-actions,params_ub-frames,params_weight-decay,state
1962,0.5346631407737732,2025-03-31 23:54:20.810256,2025-03-31 23:54:28.536124,0 days 00:00:07.725868,0.14927085926721492,0.7244957784081532,16,0.016755552652207153,0.1395922749585262,0.012874190300968395,0.038880103985885504,0.08238938937733854,0.09579460450574041,9.718790118728242e-05,29,82,0.04133162437952747,0.0460332873684227,False,False,True,4.103783428890289e-05,COMPLETE
1963,0.5541898846626282,2025-03-31 23:54:29.179720,2025-03-31 23:54:36.748173,0 days 00:00:07.568453,0.17279126069318007,0.7356588502982176,16,0.02628043981025096,0.1397483234282098,0.009765996672692536,0.04202720413739371,0.0808223037245403,0.09650693449211946,0.00014322797897056065,28,78,0.0405063648824574,0.04962012593521194,False,False,True,3.060322397069501e-05,COMPLETE
1964,0.44524879455566413,2025-03-31 23:54:37.403206,2025-03-31 23:54:45.020141,0 days 00:00:07.616935,0.22106152620354846,0.7138918686579355,16,0.017549589101262128,0.13636813379335122,0.011922017262367302,0.043290908169182955,0.08316328532925134,0.09913746799076871,2.3146697735834924e-05,28,76,0.036081850893577246,0.031120638406898382,False,False,True,7.487748559374356e-05,COMPLETE
1965,0.4926827192306519,2025-03-31 23:54:45.649366,2025-03-31 23:54:53.410349,0 days 00:00:07.760983,0.15622089428507765,0.7430358952611585,16,0.012045982514551759,0.14229968910185464,0.009415741590456855,0.03964560895651078,0.07489477684469481,0.09811750291543364,0.00015014985073596077,30,74,0.03893361997275819,0.05036883288087038,False,False,True,5.976292846508437e-05,COMPLETE
1966,0.5270444989204407,2025-03-31 23:54:54.064055,2025-03-31 23:55:01.915247,0 days 00:00:07.851192,0.1402985106429431,0.718227301375107,16,0.02318325132348402,0.1434387956044207,0.010858437345658544,0.0413139529101943,0.08270482920984097,0.09818049229421291,8.504194709109996e-05,30,81,0.041839194663942265,0.0424935384939199,False,False,True,6.973908735036445e-05,COMPLETE
1967,0.3222287297248841,2025-03-31 23:55:02.573624,2025-03-31 23:55:10.311503,0 days 00:00:07.737879,0.17684550240334768,0.7393376284790866,16,0.02853214322569156,0.13579443291773202,0.015024866272322928,0.07571829357691649,0.07841602052769844,0.09760926367783015,8.489583672198236e-05,29,78,0.042094863070660016,0.05140995178012398,False,True,True,8.361432310197298e-05,COMPLETE
1968,0.3922004222869873,2025-03-31 23:55:10.948887,2025-03-31 23:55:19.281937,0 days 00:00:08.333050,0.1544982417330508,0.7546595004666679,16,0.028065857935141762,0.1476628264413911,0.009183315892667689,0.04129097209410907,0.08399526242913588,0.09577216100000634,0.00010729727775773714,29,75,0.03980109008291346,0.054180120572810984,False,False,False,5.390610391179497e-05,COMPLETE
1969,0.5544694900512696,2025-03-31 23:55:19.935257,2025-03-31 23:55:27.616746,0 days 00:00:07.681489,0.1351584962220655,0.7189897433214233,16,0.029470966992872414,0.1326256018223839,0.012991702495288394,0.03772397873180264,0.0836854954383097,0.09897830017709651,0.00011908067709141891,29,84,0.036875019316084695,0.039250661027152745,False,False,True,4.539204226174691e-05,COMPLETE
1970,0.5171531438827515,2025-03-31 23:55:28.246050,2025-03-31 23:55:36.053358,0 days 00:00:07.807308,0.1489942127364479,0.753818676965155,16,0.02156334921324443,0.14451145004715016,0.01124955078228148,0.040468564828243764,0.08051502088353381,0.09752235582584867,6.859594649676262e-05,30,74,0.042307028967553645,0.0347189364906928,False,False,True,5.032224254255946e-05,COMPLETE
1971,0.5665276050567627,2025-03-31 23:55:36.704889,2025-03-31 23:55:44.493227,0 days 00:00:07.788338,0.180964451337208,0.7041711059399582,16,0.026697000993076415,0.138474764410259,0.008845354950742393,0.03822463997291014,0.0753378193158958,0.09557304828894218,0.00015112742498146252,30,80,0.04056152106936958,0.048677921362081905,False,False,True,4.543844447743437e-05,COMPLETE
1972,0.5214863777160644,2025-03-31 23:55:45.145605,2025-03-31 23:55:52.996473,0 days 00:00:07.850868,0.12936021944019602,0.7289785259191623,16,0.010779286945739352,0.149534825944773,0.0159075283390714,0.042301079222238525,0.08322704586630024,0.09952809140739581,0.00016635858599913685,29,74,0.03857961596211827,0.05616757639287516,True,False,True,5.9527368854570905e-05,COMPLETE
1973,0.4590458631515503,2025-03-31 23:55:53.625835,2025-03-31 23:56:01.254274,0 days 00:00:07.628439,0.13982414905882223,0.7604432228038774,16,0.03146743156589929,0.13294275136196856,0.013809540287346307,0.044966292510283765,0.08446699540708907,0.09534931807010505,4.9513554937665866e-05,29,78,0.04273735904183127,0.055160196714591984,False,False,True,4.624635002256073e-05,COMPLETE
1974,0.5580679535865783,2025-03-31 23:56:01.909207,2025-03-31 23:56:09.540191,0 days 00:00:07.630984,0.12851831377778378,0.7347091345262977,16,0.02418208943651662,0.1305542120045929,0.008820885838165461,0.04342804193191052,0.08502040009453309,0.09834881836145654,0.00014722100418119796,29,83,0.041184747153037854,0.044973175530075384,False,False,True,5.476890386613636e-05,COMPLETE
1975,0.5138107419013977,2025-03-31 23:56:10.171876,2025-03-31 23:56:17.880060,0 days 00:00:07.708184,0.1722321334664754,0.7580037910950737,16,0.03214523049100013,0.1422516665272884,0.010934986704027403,0.03946567992492557,0.08160591749898023,0.09729253906031483,0.007082039151415516,29,73,0.03358208001526815,0.057732189582075315,False,False,True,3.747388550730987e-05,COMPLETE
1976,0.4932214498519898,2025-03-31 23:56:18.536482,2025-03-31 23:56:26.272932,0 days 00:00:07.736450,0.1464092189506721,0.7062331859646941,16,0.019627212253675582,0.1496315493920961,0.011984714108372381,0.03835484337734585,0.08485477240250347,0.096441906715249,0.0001643958558450672,30,77,0.038512987683452043,0.05048035032498288,False,False,True,5.851102390165969e-05,COMPLETE
1977,0.5247693538665772,2025-03-31 23:56:26.927559,2025-03-31 23:56:34.589830,0 days 00:00:07.662271,0.1358812871567476,0.7457852019164991,16,0.028449385469418997,0.13670313984918034,0.008532769877804365,0.04031742636980099,0.07528497432878366,0.09465846618098847,0.00011516794614224578,29,80,0.04296473466987351,0.06087785346131768,False,False,True,2.694082145837184e-05,COMPLETE
1978,0.49964237213134766,2025-03-31 23:56:35.223437,2025-03-31 23:56:42.868457,0 days 00:00:07.645020,0.12678633958763955,0.7687061411063779,16,0.03365178006679284,0.12776011980561813,0.01606553143094267,0.07278795849128654,0.08557798247393628,0.09994677745723117,0.00013723155280604595,29,73,0.03646843522244741,0.05280027791374684,False,False,True,0.00013271931784745205,COMPLETE
1979,0.5673861622810364,2025-03-31 23:56:43.526158,2025-03-31 23:56:51.116742,0 days 00:00:07.590584,0.12457939267808944,0.7729019957482084,16,0.035701672310035494,0.15179718050973806,0.014281420017036566,0.04278022554798015,0.082965382005087,0.09705836562335486,0.0001616711298086669,28,76,0.0403579576926424,0.06314293403356616,False,False,True,5.554092807877138e-05,COMPLETE
1980,0.5711488962173462,2025-03-31 23:56:51.747386,2025-03-31 23:56:59.335084,0 days 00:00:07.587698,0.16551192857220454,0.7364753391114625,16,0.03270318586071842,0.14267155750702892,0.010278659778426742,0.03831867483482563,0.07992423321695685,0.09388373215105306,0.00018572251745798435,28,73,0.04274895472092063,0.04492604633395597,False,False,True,7.542956227550747e-05,COMPLETE
1981,0.5372678875923157,2025-03-31 23:56:59.985210,2025-03-31 23:57:07.648982,0 days 00:00:07.663772,0.19773730721393,0.7208570742121139,16,0.02514825986060888,0.03017008450288794,0.00813363676256145,0.037128608272163216,0.07962121849794468,0.0972134864869046,0.00012801830356727774,29,78,0.03955653959663173,0.040469675498407395,False,False,True,6.391334537048926e-05,COMPLETE
1982,0.5540911436080933,2025-03-31 23:57:08.308981,2025-03-31 23:57:15.896896,0 days 00:00:07.587915,0.1598137743731936,0.7176463094605301,16,0.02405773698485869,0.1483981929365004,0.008663639804461621,0.03641162492388035,0.0806443568416577,0.09296214606858766,0.00017964822462843255,28,80,0.041730704693756906,0.034307216436312786,False,False,True,5.80025580329835e-05,COMPLETE
1983,0.5138979554176331,2025-03-31 23:57:16.530212,2025-03-31 23:57:37.089161,0 days 00:00:20.558949,0.17495559245861975,0.7407494578450232,2,0.027977720787830146,0.15428061810527086,0.00970818847086057,0.03963221451457865,0.08441046546255267,0.09482855666220567,0.00017079588407695748,28,76,0.038240336298469284,0.02187235316025947,True,False,True,5.123233347265287e-05,COMPLETE
1984,0.5372087240219117,2025-03-31 23:57:37.745428,2025-03-31 23:57:47.116618,0 days 00:00:09.371190,0.17527805256612944,0.7171447445022926,8,0.029493708729907066,0.15230952497605588,0.007688222764976378,0.03874309991655059,0.0808992159127944,0.09623065466717183,0.00013795312824747336,29,83,0.040367924399501647,0.026173553146457067,False,False,True,4.938555737494748e-05,COMPLETE
1985,0.3222287297248841,2025-03-31 23:57:47.779026,2025-03-31 23:57:55.402191,0 days 00:00:07.623165,0.18139968837837778,0.7056316162641156,16,0.024254259205020376,0.15801750509482212,0.00992902472214707,0.0368720113938279,0.0828971583929437,0.09499429904844003,0.00018193084582746386,28,74,0.03566843740226657,0.03290863689890542,False,True,True,6.228303162726736e-05,COMPLETE
1986,0.5027218103408814,2025-03-31 23:57:56.036286,2025-03-31 23:58:03.689630,0 days 00:00:07.653344,0.20266620221474338,0.7346190408568729,16,0.016790871026134434,0.14650798704383577,0.033291650947398305,0.04125528230273914,0.08050046430572988,0.07746491047847612,0.0001617064491108074,29,77,0.038000768953234586,0.026093254917503497,False,False,True,4.415475802541311e-05,COMPLETE
1987,0.39371857643127445,2025-03-31 23:58:04.353800,2025-03-31 23:58:12.587290,0 days 00:00:08.233490,0.1989819552802295,0.7000773347639375,16,0.013842485222828927,0.14337195797198085,0.00793743236782972,0.038100175221365946,0.07784443367512671,0.09557304925491707,0.00018561498539557716,28,74,0.04195579883002596,0.03864359404142339,False,False,False,4.427328348361129e-05,COMPLETE
1988,0.5588368892669678,2025-03-31 23:58:13.252278,2025-03-31 23:58:21.062733,0 days 00:00:07.810455,0.1545254605429452,0.7435255190621096,16,0.019849615736759155,0.1444709032873737,0.011136733088403902,0.03531246275510015,0.0831935664884905,0.09998464847991154,0.00011961014088102987,30,81,0.042283664810372566,0.046332535133177345,False,False,True,3.7361608526310807e-05,COMPLETE
1989,0.5572529077529907,2025-03-31 23:58:21.700741,2025-03-31 23:58:29.261680,0 days 00:00:07.560939,0.16474196371180405,0.7318425855348129,16,0.032847971633387596,0.15682782366489278,0.007337791261834348,0.039028030331968416,0.07796503999911966,0.09715679972490608,0.00014793729708018085,28,79,0.0394591019048301,0.04020835805682614,False,False,True,6.745286716791737e-05,COMPLETE
1990,0.5549908876419067,2025-03-31 23:58:29.923602,2025-03-31 23:58:37.517753,0 days 00:00:07.594151,0.14570200809705858,0.6999147131077652,16,0.009523380896718277,0.15216347052032037,0.01839247201797878,0.036676372739984225,0.08080227047177434,0.09409469863081765,0.00018568334260797432,28,75,0.04279761682533198,0.04796934359140853,False,False,True,7.250886642449078e-05,COMPLETE
1991,0.4804842352867127,2025-03-31 23:58:38.182291,2025-03-31 23:58:45.866835,0 days 00:00:07.684544,0.18327031955275075,0.7506808376368691,16,0.030332855772997908,0.14313524101554997,0.012737629547279701,0.04160701501508162,0.08132381056027442,0.09307216981630748,9.904096481393907e-05,29,73,0.04090752131879493,0.03954587805524,False,False,True,3.1482966720846075e-05,COMPLETE
1992,0.5012651562690735,2025-03-31 23:58:46.505495,2025-03-31 23:58:54.143230,0 days 00:00:07.637735,0.16759874880242578,0.7261990089483776,16,0.022268682684750674,0.1503634027237042,0.009515941350374603,0.0378583295450412,0.08326439818613196,0.09271535234865802,0.00018984000960694573,28,77,0.03768680339995304,0.04325128402650775,False,False,True,7.704711305200986e-05,COMPLETE
1993,0.5492831468582153,2025-03-31 23:58:54.809014,2025-03-31 23:59:02.416541,0 days 00:00:07.607527,0.13112629129915418,0.7558721371418848,16,0.028841207503796946,0.14454957120644904,0.007795921532177144,0.035131174255814274,0.08193539227068129,0.09338025846173272,0.0001386376829215079,28,82,0.0399709016173175,0.03945856720728314,False,False,True,4.395755505516445e-05,COMPLETE
1994,0.559203028678894,2025-03-31 23:59:03.048175,2025-03-31 23:59:10.642617,0 days 00:00:07.594442,0.14606060280021485,0.7429263641078472,16,0.034358451155530885,0.1629068463834469,0.010310966567422449,0.04014460050587644,0.07841069969014142,0.09331859371288051,0.00016995029652015957,28,85,0.04309839516991051,0.036039116625454115,False,False,True,0.00012112980783184909,COMPLETE
1995,0.5287565588951111,2025-03-31 23:59:11.298506,2025-03-31 23:59:19.190253,0 days 00:00:07.891747,0.1646234256425024,0.7218767022571028,16,0.03390491251750319,0.13949612932156247,0.01303253599523901,0.035290583077195924,0.0799956907467672,0.09618966348299529,0.0001943236464637494,29,72,0.04165793850176175,0.044097657686601975,True,False,True,8.441898647544781e-05,COMPLETE
1996,0.5377548217773438,2025-03-31 23:59:19.849543,2025-03-31 23:59:27.573077,0 days 00:00:07.723534,0.1916967597918338,0.7600511643821765,16,0.01770220539556645,0.15595232902272946,0.010816553011084907,0.04136855717488315,0.08243210532683408,0.09493545387390744,0.00015368444896279046,28,137,0.03543193515104036,0.04451605285488319,False,False,True,4.4584998466913416e-05,COMPLETE
1997,0.5434937477111816,2025-03-31 23:59:28.208830,2025-03-31 23:59:35.858252,0 days 00:00:07.649422,0.14513432241544896,0.7001924224502586,16,0.03436795437074057,0.14712367131378362,0.016363635695796477,0.03927770559313669,0.08360544376428884,0.0937798123232298,0.00011404648699900686,28,78,0.04340682857644842,0.04539706473633185,False,False,True,6.183031463499871e-05,COMPLETE
1998,0.5066344738006592,2025-03-31 23:59:36.516770,2025-03-31 23:59:44.271849,0 days 00:00:07.755079,0.14462420692542657,0.7649032957190419,16,0.02212081723934444,0.16163297590574977,0.006551766544142508,0.037507621409002635,0.0852828502228366,0.09219885402448094,0.00020680710055858868,29,74,0.039728160338598384,0.052259415915713946,False,False,True,9.052063018136802e-05,COMPLETE
1999,0.5657838463783265,2025-03-31 23:59:44.939879,2025-03-31 23:59:52.573398,0 days 00:00:07.633519,0.13939235395673993,0.7321404107702751,16,0.02791312462834117,0.13758501564293246,0.008718206483701474,0.04172018288642364,0.08448950630308848,0.09664810871527321,0.00019644758392277316,29,72,0.043089669624312904,0.04824113271524574,False,False,True,5.020518038688197e-05,COMPLETE
