number,value,datetime_start,datetime_complete,duration,params_alpha-eval,params_alpha-train,params_batch-size,params_eps-eval,params_eps-train,params_lambda-actions-eval,params_lambda-actions-train,params_lambda-frames-eval,params_lambda-frames-train,params_learning-rate,params_n-epochs,params_n-frames,params_radius-gw,params_rho,params_std-feats,params_ub-actions,params_ub-frames,params_weight-decay,state
1290,0.41341624259948734,2025-03-31 22:20:34.837429,2025-03-31 22:20:42.149295,0 days 00:00:07.311866,0.04072879918893753,0.8959867152830489,16,0.07506505257524174,0.10721931739556123,0.003077606433824204,0.02157005780115857,0.08161203156728677,0.0873787633589894,3.457889537639538e-05,25,69,0.05046536315351301,0.10698658888101766,False,False,True,1.2279855792576375e-08,COMPLETE
1291,0.5528099775314331,2025-03-31 22:20:42.560771,2025-03-31 22:20:49.444851,0 days 00:00:06.884080,0.04011612988936297,0.9151526375866336,16,0.062458656674784396,0.10526132549589672,0.008635141442221859,0.02258991846563717,0.0836366008134091,0.09260143244040606,0.00027017414371213565,20,67,0.05526689633203099,0.09897158528742514,False,False,True,1.4195795826103643e-08,COMPLETE
1292,0.5568381667137146,2025-03-31 22:20:49.863417,2025-03-31 22:20:57.158439,0 days 00:00:07.295022,0.06081562833936184,0.8904169837024374,16,0.07264189114696297,0.11856471719035028,0.005250753310746186,0.023130229393468458,0.07293882986178567,0.08758747427668855,0.0003371967049038901,25,61,0.05358481734297355,0.10036225743567144,False,False,True,1.186284656975768e-08,COMPLETE
1293,0.5587494611740113,2025-03-31 22:20:57.570972,2025-03-31 22:21:04.728719,0 days 00:00:07.157747,0.07517156402605603,0.9066815827273479,16,0.081901439337221,0.10011007098998406,0.008055495223347607,0.01773455898688756,0.08631779366641228,0.08917313362308311,0.00026109916331242987,23,70,0.054551850973274876,0.08177812600970341,False,False,True,1.003159523538994e-08,COMPLETE
1294,0.5446292877197266,2025-03-31 22:21:05.142297,2025-03-31 22:21:12.198651,0 days 00:00:07.056354,0.030508114991857894,0.9550822667662024,16,0.09110758296150226,0.113467207613493,0.0027101607358938984,0.022999894635958196,0.07952120774575225,0.08773280806370157,0.00025251120623954256,22,68,0.050903577018162706,0.09430702370000112,False,False,True,1.6222110557673234e-08,COMPLETE
1295,0.512594473361969,2025-03-31 22:21:12.612360,2025-03-31 22:21:19.856692,0 days 00:00:07.244332,0.04714329132553025,0.8695710013225283,16,0.0717905609155868,0.11373576218571914,0.0010574498131189847,0.018171934856788655,0.08237674223308136,0.08411985886007907,0.0323513195362563,24,59,0.04948253428699483,0.08979853219416603,False,False,True,1.4872681575979174e-08,COMPLETE
1296,0.55609210729599,2025-03-31 22:21:20.293632,2025-03-31 22:21:27.601872,0 days 00:00:07.308240,0.06058081422990061,0.9418617757845966,16,0.0674926080413915,0.10313204108163018,0.005869125953179426,0.02063162056725574,0.08649083166192964,0.08737085328592273,0.0003719715064919989,25,64,0.04720279709798868,0.1080783733174886,False,False,True,1.0244774408960829e-08,COMPLETE
1297,0.5590011954307557,2025-03-31 22:21:28.021906,2025-03-31 22:21:35.256473,0 days 00:00:07.234567,0.02744135897609987,0.8666965061709605,16,0.06728412383322578,0.11790766992634469,0.0076303114971087785,0.02461962268296608,0.07688584446279526,0.09074913380211798,0.0004463948409331936,24,71,0.05052463685292456,0.10006968769761837,False,False,True,1.2659172676659172e-08,COMPLETE
1298,0.47988076210021974,2025-03-31 22:21:35.677594,2025-03-31 22:21:54.454739,0 days 00:00:18.777145,0.09247320834705237,0.8474800549442331,2,0.06206374390124401,0.26201083410879544,0.008564067747042275,0.020204925352809974,0.08442592770491571,0.08610567998835077,0.0002332823460310193,25,72,0.055530578200385594,0.09713126103266619,False,False,True,1.712518787418345e-08,COMPLETE
1299,0.5616918444633484,2025-03-31 22:21:54.872213,2025-03-31 22:22:02.244228,0 days 00:00:07.372015,0.028510309820413027,0.9125770219946056,16,0.05943144752166947,0.09955440681675758,0.005507809013659759,0.020583070171361486,0.07083096089576868,0.09460591270729103,0.00030163797278100554,26,66,0.049170580290199,0.09530729802678715,False,False,True,1.4357365238750149e-08,COMPLETE
1300,0.5661048650741577,2025-03-31 22:22:02.663095,2025-03-31 22:22:09.940797,0 days 00:00:07.277702,0.07197215179095244,0.8520829822947394,16,0.07808472320207577,0.1123279293068183,0.03960711352527774,0.02309445497120443,0.08698783177765916,0.08967011422639241,0.00023892891022673512,24,70,0.048826772211093085,0.08983785187580406,False,False,True,1.2486250465458793e-08,COMPLETE
1301,0.555549144744873,2025-03-31 22:22:10.363918,2025-03-31 22:22:17.711656,0 days 00:00:07.347738,0.042809654390655774,0.8346304944078836,16,0.0559278792505713,0.11707845552981627,0.003626538896175871,0.01852043002219403,0.0741169561823419,0.08623179632711671,0.00020891637523360102,25,68,0.05045475947602268,0.10205713143254211,False,False,True,1.7241461599291755e-08,COMPLETE
1302,0.5164266705513001,2025-03-31 22:22:18.127553,2025-03-31 22:22:27.070645,0 days 00:00:08.943092,0.10328548624025305,0.8493067853800448,8,0.0669036950914632,0.10928794913689964,0.00667743628075328,0.023708778607286162,0.08440453249216727,0.09210915418950127,0.004536680720304105,26,72,0.05243778504165522,0.08913290895684155,False,False,True,1.0115435753880364e-08,COMPLETE
1303,0.5676360368728638,2025-03-31 22:22:27.485540,2025-03-31 22:22:34.628326,0 days 00:00:07.142786,0.027909974494507793,0.8855604929619688,16,0.06030272762538293,0.10990778417502003,0.009064204670456235,0.019654316767913765,0.08721656125246545,0.08794768591590742,0.00027044269714696626,23,64,0.048721212093349724,0.09180889854945364,False,False,True,1.0106034786322813e-08,COMPLETE
1304,0.5515528321266174,2025-03-31 22:22:35.044188,2025-03-31 22:22:42.186294,0 days 00:00:07.142106,0.029466205745138634,0.9090497966836737,16,0.07173529233015064,0.11722240786475716,0.004709925904804106,0.015514280931374476,0.08686135828446913,0.08910583383287156,0.00044901400646921787,23,63,0.05285974728160828,0.09366680816326904,False,False,True,1.0432348130398016e-08,COMPLETE
1305,0.32435978651046754,2025-03-31 22:22:42.601352,2025-03-31 22:22:49.669632,0 days 00:00:07.068280,0.024163733047030227,0.8859390925690551,16,0.06318555549266477,0.1053640590948654,0.008288350882454547,0.017683245867804218,0.08450225806542071,0.09124715218449564,0.0003348784826165957,22,60,0.0545007651737997,0.10275137745620402,False,True,True,1.0108485636118462e-08,COMPLETE
1306,0.5676409482955933,2025-03-31 22:22:50.106574,2025-03-31 22:22:57.255136,0 days 00:00:07.148562,0.028104116601251942,0.915099109780188,16,0.06792565564185969,0.1170470485907339,0.004621550763549255,0.015356493359832576,0.06902519213470536,0.08734199791037478,0.0003811038200532998,22,62,0.04960994742036456,0.10604011841537796,False,False,True,1.220338591730309e-08,COMPLETE
1307,0.3926309108734131,2025-03-31 22:22:57.678264,2025-03-31 22:23:05.174202,0 days 00:00:07.495938,0.024347862109117505,0.9368795024692754,16,0.07934723262034381,0.11120654387601536,0.007269367801154334,0.0136432979810087,0.06562649327985569,0.09006328005051778,0.0005016506339204667,21,60,0.05052189200466532,0.09355182884579526,False,False,False,1.212776628258128e-08,COMPLETE
1308,0.4951555967330933,2025-03-31 22:23:05.595904,2025-03-31 22:23:12.770705,0 days 00:00:07.174801,0.010468795825348494,0.9086717831069437,16,0.06767848613442003,0.10510319623108706,0.006759940587846966,0.020774829292365488,0.06119158501879825,0.09566818783756259,0.000440827527996968,22,58,0.051251824199576024,0.0942264371958081,True,False,True,1.2161167796180521e-08,COMPLETE
1309,0.5586405038833618,2025-03-31 22:23:13.193207,2025-03-31 22:23:20.221792,0 days 00:00:07.028585,0.04099271201800907,0.9580544113923842,16,0.0730456846879775,0.11276370013627586,0.009021781304802905,0.011291377769018217,0.06968649352436543,0.08718225298459795,0.0003660331748894245,22,62,0.053275527709706956,0.10375937697420838,False,False,True,1.1748001293974112e-08,COMPLETE
1310,0.5039034724235535,2025-03-31 22:23:20.640913,2025-03-31 22:23:27.584200,0 days 00:00:06.943287,0.010576710572841075,0.9322011372455606,16,0.07583376468074893,0.10779964729739293,0.008728910441834985,0.01635497381767304,0.07443104117092537,0.08961877595240549,0.0007004448054669718,21,57,0.05200119189374833,0.10366556369865706,False,False,True,1.1762050891917144e-08,COMPLETE
1311,0.5146948337554932,2025-03-31 22:23:28.007293,2025-03-31 22:23:35.112911,0 days 00:00:07.105618,0.026181417196030284,0.943600672478949,16,0.06879960728565017,0.09532798277982871,0.005825884109909852,0.013656700536203801,0.08071156820674076,0.0936843689636021,0.0003769029977843968,22,56,0.04924265930876716,0.09937454022556333,False,False,True,1.014243441669747e-08,COMPLETE
1312,0.5637718558311463,2025-03-31 22:23:35.529270,2025-03-31 22:23:42.649669,0 days 00:00:07.120399,0.04767422262934588,0.9019775312339373,16,0.08062247353023541,0.11857686392864616,0.006477438976236799,0.015582709934795642,0.08360652770767073,0.0896547256847043,0.0003141699035456501,22,63,0.05405163844575312,0.09811949398286104,False,False,True,1.3330139734107938e-08,COMPLETE
1313,0.5624681711196899,2025-03-31 22:23:43.069036,2025-03-31 22:23:50.040148,0 days 00:00:06.971112,0.02893572460415221,0.9059923711944913,16,0.08573637586311085,0.0970320504279589,0.00909619314734849,0.019396141562595347,0.06643215990285059,0.09077285388056006,0.00038619128382149964,21,59,0.05134874616782394,0.10531567286043507,False,False,True,1.0403335053603726e-08,COMPLETE
1314,0.5666109085083009,2025-03-31 22:23:50.459358,2025-03-31 22:23:57.520791,0 days 00:00:07.061433,0.011117498055740551,0.912697531214251,16,0.07268791601481574,0.10288771540485094,0.007358884001205668,0.012137224341573362,0.06954799284135314,0.08844530853525884,0.00031476637571877967,22,60,0.050456581647607544,0.08730871853354885,False,False,True,1.0086262516191147e-08,COMPLETE
1315,0.5612582683563233,2025-03-31 22:23:57.960749,2025-03-31 22:24:05.010543,0 days 00:00:07.049794,0.010231785427336475,0.8988193637410746,16,0.06650364259918923,0.11189219672160047,0.005720257612525486,0.014238229899132518,0.052701910502972134,0.0928428896297393,0.0005276544189594429,22,62,0.052924521783589834,0.11521734004605357,False,False,True,1.314450217864761e-08,COMPLETE
1316,0.5030750513076783,2025-03-31 22:24:05.430967,2025-03-31 22:24:12.493569,0 days 00:00:07.062602,0.010102772126971037,0.8858989558927555,16,0.06081448240739365,0.1195579596388365,0.009214483383870077,0.017978571097038362,0.0710439641076849,0.08817446281348448,0.0003040097118151255,22,58,0.04901211129783886,0.10733349256840281,False,False,True,1.015807555317916e-08,COMPLETE
1317,0.5604242086410522,2025-03-31 22:24:12.919588,2025-03-31 22:24:19.989503,0 days 00:00:07.069915,0.05137981621066501,0.9326172720547059,16,0.059037020701589414,0.11318156661482617,0.004386793234549232,0.014327019964807406,0.07575643163554795,0.08815884377761107,0.00038475528540862113,22,65,0.049013115509263024,0.09659730280603594,False,False,True,1.4303601000702753e-08,COMPLETE
1318,0.5627524733543396,2025-03-31 22:24:20.411627,2025-03-31 22:24:27.531838,0 days 00:00:07.120211,0.040878921886831024,0.9309498316313575,16,0.0673937840194554,0.11840826197793035,0.0680559946252906,0.007479121650151813,0.0665755656495875,0.0866468730661564,0.0003461571205959707,23,63,0.0484886960390842,0.09753841659115636,False,False,True,1.3963067211711695e-08,COMPLETE
1319,0.4930937290191651,2025-03-31 22:24:27.954131,2025-03-31 22:24:35.075994,0 days 00:00:07.121863,0.05617371283243385,0.912591710690857,16,0.06479187520265485,0.10067219693141179,0.007315370488009946,0.015788592803568584,0.06209621489355764,0.09764337829459611,0.001035970352096828,23,54,0.0488817020154454,0.11011809448193212,False,False,True,1.0081531771685552e-08,COMPLETE
1320,0.4233563125133515,2025-03-31 22:24:35.508295,2025-03-31 22:24:42.671710,0 days 00:00:07.163415,0.7441450059087575,0.8720498333873906,16,0.057979077443678514,0.10845134502813289,0.009463092140981729,0.016162614860564733,0.055505237135093206,0.09040761720924981,0.0002972944861423613,23,61,0.05636714553221601,0.09061250829337834,False,False,True,1.3296570550531266e-08,COMPLETE
1321,0.5645569324493409,2025-03-31 22:24:43.094629,2025-03-31 22:24:50.117618,0 days 00:00:07.022989,0.029589662579060816,0.9180695976727165,16,0.060065945889419096,0.11587228087541844,0.005028453847849779,0.021695625091819198,0.05870974329648496,0.0920995719928608,0.00027190662751505607,22,64,0.04959033667507548,0.09571253626523815,False,False,True,1.4390601332994413e-08,COMPLETE
1322,0.2877398729324341,2025-03-31 22:24:50.535541,2025-03-31 22:24:58.682888,0 days 00:00:08.147347,0.040737819672619094,0.8897226414569673,8,0.2740680832363309,0.12204667755322487,0.009744515988979746,0.019304260444966345,0.07886317157498095,0.08832362496473739,0.000271144401789479,21,64,0.05207463987464412,0.09216866726316009,False,False,True,1.2349415567051214e-08,COMPLETE
1323,0.4816136240959168,2025-03-31 22:24:59.130194,2025-03-31 22:25:16.787361,0 days 00:00:17.657167,0.058927991582493414,0.8842026167084098,2,0.07219961575097948,0.11034719471987402,0.007422108848463342,0.01827702276747081,0.08261940043449195,0.0919088111874501,0.00028358789904513377,23,62,0.047633198036716104,0.12209327304628254,False,False,True,1.441264734128154e-08,COMPLETE
1324,0.32566183805465704,2025-03-31 22:25:17.222286,2025-03-31 22:25:24.374974,0 days 00:00:07.152688,0.02670299937707075,0.9191647871502017,16,0.05690084425111151,0.12227634904952911,0.004675075787982776,0.017588842006728625,0.06339018730146685,0.08716974896343542,0.00043901825175790945,23,65,0.050322737049530566,0.10420460331540904,False,True,True,1.0096039650659835e-08,COMPLETE
1325,0.4708747506141663,2025-03-31 22:25:24.804555,2025-03-31 22:25:31.855143,0 days 00:00:07.050588,0.422536138007893,0.95074381033514,16,0.05494823339088621,0.1206631182450925,0.008289847687945415,0.019603935544534535,0.0799657377463683,0.08718696982276977,0.00025486828611501975,22,59,0.0483581391898466,0.14409711596399,False,False,True,1.5532979306491345e-08,COMPLETE
1326,0.39537113904953003,2025-03-31 22:25:32.281406,2025-03-31 22:25:39.960617,0 days 00:00:07.679211,0.05495784315223427,0.8898522533583385,16,0.10769184710985302,0.10611472752094456,0.010389154157958089,0.013753198657589638,0.06820513277742128,0.08865629441971863,0.00033057414145015414,23,65,0.05315562974860598,0.0986251590468295,False,False,False,1.2798239876581913e-08,COMPLETE
1327,0.5637872695922852,2025-03-31 22:25:40.385562,2025-03-31 22:25:47.551217,0 days 00:00:07.165655,0.029173117529732395,0.8747631840586987,16,0.06512363254942463,0.11793592704531172,0.006533660904505417,0.01768293640266564,0.07787148824502323,0.09172693028103326,0.00026738270018644526,23,62,0.05059891539763269,0.09627409885613049,False,False,True,1.0099221044082282e-08,COMPLETE
1328,0.47711497545242315,2025-03-31 22:25:47.980894,2025-03-31 22:25:55.196373,0 days 00:00:07.215479,0.044394517759490854,0.8902351218209539,16,0.059537991218099946,0.11614615627212835,0.0038382470214517734,0.019034608957539414,0.0857648906597303,0.08592065264380383,0.0003575266841413269,22,66,0.04799609246244971,0.08716104002468866,True,False,True,1.6239293686826947e-08,COMPLETE
1329,0.5472683548927307,2025-03-31 22:25:55.624103,2025-03-31 22:26:02.604359,0 days 00:00:06.980256,0.34135825140720777,0.8835581647465732,16,0.05328943167446874,0.11425781459146464,0.010266854042490243,0.011457559351032662,0.07265277414288213,0.08609377597880596,0.0002530807767944361,21,67,0.05486546013476229,0.09177938479049016,False,False,True,1.2219338739958689e-08,COMPLETE
1330,0.516366183757782,2025-03-31 22:26:03.029316,2025-03-31 22:26:10.163916,0 days 00:00:07.134600,0.0687341657570241,0.9244637175138186,16,0.008309827036019027,0.09704401447292024,0.0069845576627057425,0.022794900438599965,0.08103316011461133,0.09450102164755075,0.0002932878729701885,23,57,0.048851456901963984,0.08594494535147812,False,False,True,1.581208518103249e-08,COMPLETE
1331,0.557795774936676,2025-03-31 22:26:10.590211,2025-03-31 22:26:17.836198,0 days 00:00:07.245987,0.03028847392880193,0.8713216897462074,16,0.07795624506316291,0.10049447806491663,0.009203806023878044,0.009897020689494468,0.07194915001230275,0.08876406379174381,0.00023976953940709424,23,66,0.04758876418389835,0.10105032600753999,False,False,True,1.2200034765766308e-08,COMPLETE
1332,0.5366678833961487,2025-03-31 22:26:18.282224,2025-03-31 22:26:25.421390,0 days 00:00:07.139166,0.010084972238288551,0.9788822564164316,16,0.06913315164907186,0.10517444451972144,0.004630358125068935,0.01673150480614818,0.0871209796643302,0.08567058950534619,0.0003949110065182669,23,66,0.047352141425975214,0.09104740210155171,False,False,True,1.6329561198830407e-08,COMPLETE
1333,0.56085764169693,2025-03-31 22:26:25.853095,2025-03-31 22:26:32.983318,0 days 00:00:07.130223,0.05648706185934854,0.8923143316581102,16,0.05539470766253626,0.10931681717075871,0.008172114153795595,0.056188058014596996,0.08504646800060464,0.09047527713131018,0.0003187859334392858,23,61,0.04923238172191961,0.08493167207296322,False,False,True,1.0171967732460898e-08,COMPLETE
1334,0.538215160369873,2025-03-31 22:26:33.409956,2025-03-31 22:26:40.498907,0 days 00:00:07.088951,0.010888437493862407,0.9230728210098809,16,0.06065014090869093,0.11925704860475843,0.022728994745911228,0.019848752658929245,0.05714893692135768,0.08883084761682702,0.00023110205567158492,21,63,0.05042294937224269,0.10830647964300844,False,False,True,1.2644952769377482e-08,COMPLETE
1335,0.5635604500770569,2025-03-31 22:26:40.928733,2025-03-31 22:26:47.972834,0 days 00:00:07.044101,0.04109983518256928,0.8679974590263378,16,0.05298284156922843,0.12427040569896661,0.006566274142152348,0.021711084486238284,0.08723704835312007,0.08631457571290839,0.00026412491121429496,22,69,0.05206122232961644,0.09087765993144362,False,False,True,1.7662615597025218e-08,COMPLETE
1336,0.5530699133872986,2025-03-31 22:26:48.402911,2025-03-31 22:26:55.503919,0 days 00:00:07.101008,0.010342021765818984,0.8629940079888622,16,0.09592029223018753,0.11369756175330077,0.035774579196824946,0.016820270661370804,0.08187141781715745,0.09301550131447225,0.0005825609381126182,23,68,0.04803454660248985,0.11597184594372331,False,False,True,1.4366118074407396e-08,COMPLETE
1337,0.5139045238494874,2025-03-31 22:26:55.930729,2025-03-31 22:27:02.950655,0 days 00:00:07.019926,0.07239107510801118,0.9675993326937052,16,0.0647201645906487,0.12522175651112616,0.0106858900836006,0.014995538628921312,0.06843413639825416,0.08776521571230378,0.000229980153333734,22,64,0.04694379429172636,0.08523986200354865,False,False,True,1.014142874856886e-08,COMPLETE
1338,0.5181702733039857,2025-03-31 22:27:03.379496,2025-03-31 22:27:10.493935,0 days 00:00:07.114439,0.038773726041178624,0.9235004485180606,16,0.07030362811715223,0.11173013904145909,0.005046165908520365,0.017721216060647745,0.08783727530396065,0.08569351649689781,0.00031620464853765034,23,60,0.04608099851139421,0.09503290955066362,False,False,True,1.3251701733592537e-08,COMPLETE
1339,0.497081995010376,2025-03-31 22:27:10.941474,2025-03-31 22:27:18.049639,0 days 00:00:07.108165,0.05820899030430213,0.8981658411161951,16,0.0500862319395871,0.09882435514096496,0.010362953243616076,0.020285958716173894,0.08500766219053968,0.09114657175939352,0.00021825765696935112,23,56,0.05192721031302864,0.08538242025858299,False,False,True,1.7490575493098316e-08,COMPLETE
1340,0.5684226989746094,2025-03-31 22:27:18.483792,2025-03-31 22:27:25.644190,0 days 00:00:07.160398,0.034280841016678484,0.8628019463296152,16,0.05866032779919035,0.10483518283130897,0.008315345205760244,0.020413202900441834,0.08801992281158766,0.08972728125864038,0.00027731533493529297,23,66,0.047128199277884385,0.10148372965143838,False,False,True,1.0026686231832436e-08,COMPLETE
1341,0.5620709657669067,2025-03-31 22:27:26.071713,2025-03-31 22:27:33.173010,0 days 00:00:07.101297,0.07743911106574569,0.8685113050234069,16,0.0738882791341294,0.10274362446095218,0.07879271218828501,0.01776461566397261,0.08878976168755096,0.09514405622936818,0.0003111898858476397,23,66,0.054114089784407106,0.10162115561876325,False,False,True,1.0020330763341295e-08,COMPLETE
1342,0.5567517638206483,2025-03-31 22:27:33.606181,2025-03-31 22:27:40.718614,0 days 00:00:07.112433,0.061404780878949516,0.8596034771313222,16,0.06508274037713968,0.10516245461110263,0.011682738265115577,0.015657845878286728,0.08800252542007331,0.0938919599937238,0.00041563524640309983,23,60,0.050807379032968884,0.10771712068053227,False,False,True,1.2264190287684772e-08,COMPLETE
1343,0.3284658074378968,2025-03-31 22:27:41.148252,2025-03-31 22:27:59.844116,0 days 00:00:18.695864,0.06650962036460681,0.9018489610877722,2,0.06200544028508641,0.11631804841875129,0.008397025679530351,0.0193239451039253,0.08788923049478511,0.09111269338901919,0.0002761055697280498,24,64,0.05638355181914277,0.10756166746184301,False,True,True,1.0179826874585424e-08,COMPLETE
1344,0.5546170830726624,2025-03-31 22:28:00.274924,2025-03-31 22:28:07.455635,0 days 00:00:07.180711,0.044685805958969926,0.8853425445129728,16,0.07041037763868656,0.09498815833171963,0.0034451298585221647,0.011934649250266896,0.08844233111133563,0.08912947201885459,0.00037006317050626797,23,66,0.048881371445404206,0.10946012157756246,False,False,True,1.223688970921641e-08,COMPLETE
1345,0.3955393433570862,2025-03-31 22:28:07.884128,2025-03-31 22:28:15.581999,0 days 00:00:07.697871,0.07515955453521754,0.8753865985721017,16,0.08436806356738194,0.09385119519873594,0.005981875445030978,0.02251766825104541,0.08636078328641385,0.09140628685749905,0.0001984097906237673,23,63,0.04720130697300319,0.09968934241433522,False,False,False,1.3998840333717289e-08,COMPLETE
