number,value,datetime_start,datetime_complete,duration,params_alpha-eval,params_alpha-train,params_batch-size,params_eps-eval,params_eps-train,params_lambda-actions-eval,params_lambda-actions-train,params_lambda-frames-eval,params_lambda-frames-train,params_learning-rate,params_n-epochs,params_n-frames,params_radius-gw,params_rho,params_std-feats,params_ub-actions,params_ub-frames,params_weight-decay,state
1570,0.5394867181777955,2025-03-31 22:59:10.444379,2025-03-31 22:59:17.836342,0 days 00:00:07.391963,0.028955133009816114,0.9541823201861502,16,0.04769145862094511,0.104749245685846,0.0030762067109525153,0.05267006912423534,0.0849839496582028,0.09160021980552446,0.0004977017590616831,25,76,0.044788207247434035,0.07427572441482275,False,False,True,1.54339719824007e-08,COMPLETE
1571,0.32420545816421514,2025-03-31 22:59:18.361555,2025-03-31 22:59:25.736412,0 days 00:00:07.374857,0.14614690070006506,0.819564757408679,16,0.06533835596663685,0.12716975422106624,0.006783324002196803,0.013181889631129588,0.09099655713173677,0.08271474851113529,0.00015624457541262284,25,70,0.04613930355497765,0.0879119013097638,False,True,True,0.00015384219845814413,COMPLETE
1572,0.5172902464866638,2025-03-31 22:59:26.241657,2025-03-31 22:59:33.384473,0 days 00:00:07.142816,0.07760032832919346,0.849985130800586,16,0.09416119345761535,0.1182131972593078,0.00569037610927692,0.035036684056449316,0.08914784790471024,0.07626352600888084,0.0002711997866484516,23,65,0.04202979013205323,0.06881730484846411,False,False,True,1.2214717322899274e-08,COMPLETE
1573,0.3882465362548828,2025-03-31 22:59:33.885268,2025-03-31 22:59:40.990006,0 days 00:00:07.104738,0.8611879223671667,0.7843608123186722,16,0.055957363110568197,0.11124129648120382,0.011431611562389546,0.046764299770123766,0.06963646495475471,0.07884997184900548,0.00019525517143921482,17,72,0.05219783236101475,0.0579074282556942,False,False,False,8.506532463513817e-05,COMPLETE
1574,0.49084153175354006,2025-03-31 22:59:41.514325,2025-03-31 22:59:48.761848,0 days 00:00:07.247523,0.10855924676632786,0.9021920714678967,16,0.07103639890081903,0.23478171906090334,0.008545689980478227,0.022119023883450106,0.09294406578942124,0.05854715635391276,0.00034195239131799214,24,76,0.03824522557261636,0.07629367370166536,False,False,True,1.77042961506579e-08,COMPLETE
1575,0.47146307229995726,2025-03-31 22:59:49.268220,2025-03-31 22:59:56.566688,0 days 00:00:07.298468,0.04584348628943013,0.8701603898568995,16,0.0455574058107337,0.09659942680821665,0.0010191528501089584,0.05696778114197986,0.09472155632185492,0.08476343850896448,0.00022589076026670595,23,69,0.04863326510992915,0.09147625098237729,True,False,True,2.4105339572012343e-08,COMPLETE
1576,0.48001679182052615,2025-03-31 22:59:57.070658,2025-03-31 23:00:04.291130,0 days 00:00:07.220472,0.02998130684449233,0.7631559791366938,16,0.0006494494646672386,0.1219821158220276,0.0044825720837473665,0.04109954932306017,0.08247412061862322,0.08779255361790676,0.00017109591292244013,24,62,0.0429449182379521,0.08445678504730605,False,False,True,4.352827315952142e-08,COMPLETE
1577,0.5606171846389771,2025-03-31 23:00:04.812362,2025-03-31 23:00:11.962272,0 days 00:00:07.149910,0.07152269345970928,0.8327682799620372,16,0.06255594687215044,0.13174534542002272,0.010310652622891806,0.04912830277302234,0.08599507107087433,0.09280497629891339,0.0002746897558755017,23,72,0.04601836161961227,0.10098216214892533,False,False,True,1.2280280682990273e-08,COMPLETE
1578,0.4500500679016114,2025-03-31 23:00:12.469543,2025-03-31 23:00:19.785672,0 days 00:00:07.316129,0.029567924799372907,0.8032409217323278,16,0.018592409838298622,0.2033971399579396,0.0028752143641836646,0.018209231924869736,0.09058222006509785,0.0814952754592768,0.00011736720897332106,25,67,0.04059465332327346,0.0634847194673378,False,False,True,3.1660941412268325e-08,COMPLETE
1579,0.560922372341156,2025-03-31 23:00:20.289314,2025-03-31 23:00:27.527308,0 days 00:00:07.237994,0.010558149070146197,0.8865072912117473,16,0.0775806057460205,0.11439932237130065,0.006965996255603829,0.052583577993619866,0.027579461350759272,0.08961013174918359,0.0001984473518377411,24,76,0.050353470582105125,0.06838034797884515,False,False,True,5.865488999800727e-05,COMPLETE
1580,0.5474995970726013,2025-03-31 23:00:28.052936,2025-03-31 23:00:35.105487,0 days 00:00:07.052551,0.05737647330009004,0.8192931480812695,16,0.04987978116742289,0.12465880012293803,0.011798506031605017,0.03766401983231662,0.08732177601172914,0.08591150402633875,0.00033081848797295445,22,69,0.056819575524482455,0.07959485417643199,False,False,True,1.5932174546571795e-08,COMPLETE
1581,0.3202253580093384,2025-03-31 23:00:35.610523,2025-03-31 23:00:42.862891,0 days 00:00:07.252368,0.09108455983023335,0.7592913797100463,16,0.18152075754331098,0.10705665457924432,0.009107788349757093,0.0010313951030094803,0.09248438714350125,0.09718683954138417,0.0001460951614142449,24,64,0.04501533348435205,0.05984488501658849,False,False,True,0.0001684642575681821,COMPLETE
1582,0.5659774541854858,2025-03-31 23:00:43.369270,2025-03-31 23:00:50.662045,0 days 00:00:07.292775,0.04527391564734881,0.8562897803241656,16,0.05637000882118154,0.10373842348246382,0.06083557031588484,0.04771579474589489,0.08929837012933751,0.08046111821043252,0.00023623086378849942,25,73,0.05387456962178283,0.07260632482697178,False,False,True,5.984374583358874e-08,COMPLETE
1583,0.5182003140449524,2025-03-31 23:00:51.184591,2025-03-31 23:00:58.470982,0 days 00:00:07.286391,0.02737490132715701,0.7851706572202483,16,0.07011635385947994,0.11772895210197644,0.005120269384270012,0.05067065001628496,0.08543137680023645,0.0761826206159942,0.0004494016433945569,24,130,0.0418870555229144,0.09264369455507443,False,False,True,1.8593349166361e-08,COMPLETE
1584,0.4057747840881348,2025-03-31 23:00:58.976681,2025-03-31 23:01:04.698617,0 days 00:00:05.721936,0.06252517043779046,0.03525457207183863,16,0.06330887620133534,0.1124884986996937,0.00670087998980931,0.05375897205478531,0.010455301904646622,0.08380819874495668,0.0002625367055009284,6,76,0.04815172191481631,0.08444107620619903,False,False,True,1.273897767175105e-08,COMPLETE
1585,0.5145819306373597,2025-03-31 23:01:05.206695,2025-03-31 23:01:22.856427,0 days 00:00:17.649732,0.2317255674454382,0.9087518172098985,2,0.045079520540112085,0.09906107087086419,0.0034004831226329495,0.0204751597431449,0.09516562319465044,0.0877297855441403,0.0001775672690210309,23,53,0.03849609572170093,0.06517449898285937,False,False,True,0.0001137171404616864,COMPLETE
1586,0.4868252038955689,2025-03-31 23:01:23.383917,2025-03-31 23:01:30.751606,0 days 00:00:07.367689,0.11578708237483314,0.9341436610653309,16,0.050768729599287465,0.13447421065738918,0.009327135194388743,0.015875655041529785,0.0916011149025048,0.07930486309509839,0.00021542541982396036,25,66,0.04347880930403803,0.1185970431698835,False,False,True,2.4736946406342587e-08,COMPLETE
1587,0.5478777885437012,2025-03-31 23:01:31.259569,2025-03-31 23:01:38.720109,0 days 00:00:07.460540,0.04244842622863492,0.8389453356531871,16,0.08299027199963781,0.12383210021882833,0.011279024334060143,0.04383915340842286,0.07944714425577105,0.09118669230475039,0.0003166317578631299,26,72,0.04716495467015224,0.05519756089344538,False,False,True,1.0179088580720216e-08,COMPLETE
1588,0.4934566855430603,2025-03-31 23:01:39.252454,2025-03-31 23:01:47.456394,0 days 00:00:08.203940,0.07994879173457067,0.8713931376843808,8,0.05506039328681836,0.11909757197761223,0.0075367452696780916,0.05119688950287326,0.08382476005126915,0.08225483703823147,0.0001390524833499991,21,60,0.03960156735730436,0.09711858762344155,False,False,True,1.3960732212906149e-08,COMPLETE
1589,0.3245915949344635,2025-03-31 23:01:47.969073,2025-03-31 23:01:55.164625,0 days 00:00:07.195552,0.031078496231995267,0.804891754593887,16,0.04355151993328966,0.1288267090934544,0.005445794122672534,0.023379441326426883,0.08800424689804277,0.0778599659793757,0.0002574614650617123,23,96,0.031011500906432465,0.07649921959163844,False,True,True,4.2981821491336125e-08,COMPLETE
1590,0.5490832805633545,2025-03-31 23:01:55.678406,2025-03-31 23:02:02.933011,0 days 00:00:07.254605,0.19687952040346002,0.7639872712701725,16,0.06385426432740007,0.10958390627264672,0.0025655282817032914,0.007751012727803097,0.08952838614224058,0.0650868500483407,0.00018380786128713617,24,76,0.0512379307381993,0.0699756811083999,False,False,True,2.125730388132498e-08,COMPLETE
1591,0.3904600262641907,2025-03-31 23:02:03.462696,2025-03-31 23:02:11.382818,0 days 00:00:07.920122,0.05333587101884489,0.8220814310102595,16,0.05860787876020288,0.11596683517756719,0.011729947711315275,0.03574093704413657,0.08690470277461133,0.08532846246754884,0.00039047651519738335,25,57,0.08817486713510025,0.16224689528882558,False,False,False,1.4862574728537785e-08,COMPLETE
1592,0.5609813690185548,2025-03-31 23:02:11.899530,2025-03-31 23:02:19.255943,0 days 00:00:07.356413,0.14320842895694916,0.7779638156122081,16,0.02343991667422089,0.13636985300355967,0.009099835463562564,0.05507455812620697,0.09329691491939995,0.08888500784644066,0.00022142566062772614,26,69,0.04487102142959324,0.05842574757718436,False,False,True,1.0050494430953553e-08,COMPLETE
1593,0.44801239967346196,2025-03-31 23:02:19.763101,2025-03-31 23:02:26.895781,0 days 00:00:07.132680,0.02867806658887422,0.8480648724723036,16,0.049851993647010345,0.12636146054460928,0.004471474668504026,0.05805743256697879,0.07313057399930045,0.07595213511562171,9.961574499126853e-05,23,64,0.04134706184961809,0.10657198683157115,False,False,True,3.2509666384690446e-08,COMPLETE
1594,0.5287508845329285,2025-03-31 23:02:27.431288,2025-03-31 23:02:34.837771,0 days 00:00:07.406483,0.010672606120474073,0.793070070539745,16,0.041461879275775354,0.11851840087997925,0.00708197325897831,0.04019107231840592,0.0909753873932663,0.08678193162697707,0.00029682188846754596,24,73,0.054826084685468186,0.08844379491235664,True,False,True,1.9151968729466906e-08,COMPLETE
1595,0.49971201419830324,2025-03-31 23:02:35.349026,2025-03-31 23:02:42.713150,0 days 00:00:07.364124,0.07682256540811508,0.8783859647637218,16,0.0676791426622122,0.10244937550256616,0.010187395386933727,0.04911974668897134,0.08442973006611847,0.0938199007734306,0.0001663241284003127,25,67,0.037343597742769165,0.08109257724401386,False,False,True,2.5634283959481416e-08,COMPLETE
1596,0.45380825996398927,2025-03-31 23:02:43.221778,2025-03-31 23:02:50.456479,0 days 00:00:07.234701,0.16992315523640372,0.4693583125431864,16,0.0732457412735999,0.11066713236214494,0.0416954838319942,0.04696641483890762,0.09501683064454707,0.08078370301518378,0.00021175491794258683,24,77,0.0489412166033629,0.06572023093729236,False,False,True,8.26873396042249e-05,COMPLETE
1597,0.5558927178382873,2025-03-31 23:02:50.984451,2025-03-31 23:02:58.075345,0 days 00:00:07.090894,0.10826334954058518,0.8247742628451473,16,0.007142082839898793,0.09558691624563376,0.0026982049361224374,0.052429127191521735,0.08753617730486292,0.08338271432571381,0.0002581845691252342,22,70,0.04341182100484253,0.055678623299836735,False,False,True,2.8935461630619822e-06,COMPLETE
1598,0.4205778002738953,2025-03-31 23:02:58.585980,2025-03-31 23:03:06.093245,0 days 00:00:07.507265,0.056512218091022595,0.8953946767255162,16,0.013562149574111317,0.20026306125986792,0.012120439958750494,0.049989669520040705,0.08168169328757155,0.07892668948583904,0.0003020619391480831,26,146,0.04645167756643244,0.09556394689320599,False,False,True,0.00013761223826679929,COMPLETE
1599,0.5185205340385437,2025-03-31 23:03:06.626967,2025-03-31 23:03:13.819231,0 days 00:00:07.192264,0.026323435610873892,0.855607757972205,16,0.05566177359453905,0.13281507991496344,0.005908299737042111,0.019171526361753885,0.09008036759445147,0.08677920742597073,0.00034719131723268777,23,63,0.04079265726105348,0.07522572368656752,False,False,True,1.258769842620418e-08,COMPLETE
1600,0.5145936131477356,2025-03-31 23:03:14.335548,2025-03-31 23:03:21.686271,0 days 00:00:07.350723,0.047657006867923915,0.7997106815426628,16,0.047558761187231104,0.11301838334782478,0.007937746268374589,0.054335176874567966,0.0926557262276431,0.09179289670290065,0.00019083181590440326,25,74,0.05239818131716645,0.20779943994598782,False,False,True,1.2195174582769003e-08,COMPLETE
1601,0.5201121211051941,2025-03-31 23:03:22.198677,2025-03-31 23:03:29.439106,0 days 00:00:07.240429,0.010112943295130704,0.756595547781782,16,0.06336756972399525,0.10566549097686191,0.004438899176477887,0.03756701945789968,0.08874157769998557,0.08866374520453571,0.00013133089648100288,24,70,0.043141086012121174,0.062258901432845806,False,False,True,1.581582058769831e-08,COMPLETE
1602,0.28811500668525697,2025-03-31 23:03:29.977246,2025-03-31 23:03:37.177147,0 days 00:00:07.199901,0.08737509766388268,0.7820164945057606,16,0.23755279981485483,0.12248709035474646,0.008465245530548702,0.045798755752316296,0.09173643196170854,0.07586492520316895,0.00023698946997115458,24,78,0.045443810499367965,0.08825154599734909,False,False,True,4.068215724025421e-08,COMPLETE
1603,0.4679829359054566,2025-03-31 23:03:37.697019,2025-03-31 23:03:45.014561,0 days 00:00:07.317542,0.028625204970907592,0.8390786441973397,16,0.04075770144832434,0.13758525838693134,0.012542240672997548,0.04249344926187425,0.08606500349528153,0.0900486876607754,0.0001653657783431329,25,67,0.02614674422211888,0.07242350518109246,False,False,True,0.0001089529357543283,COMPLETE
1604,0.5262595772743225,2025-03-31 23:03:45.528852,2025-03-31 23:03:52.696810,0 days 00:00:07.167958,0.06164397256655607,0.9175423026452316,16,0.05969292747561015,0.12910132203809624,0.010500484400581041,0.051389046145396744,0.07620012109531944,0.08398136748625859,0.00027085193021042606,23,99,0.04749272475115068,0.08131687686387698,False,False,True,1.0148710906418228e-08,COMPLETE
1605,0.5618757963180542,2025-03-31 23:03:53.228381,2025-03-31 23:04:00.649804,0 days 00:00:07.421423,0.1218854242168003,0.8102212421462285,16,0.05075112997482483,0.11433529029832563,0.0026654436289908754,0.01649447352217237,0.09514704185088592,0.07694661369103241,0.00021071836492736026,26,73,0.05000850321937788,0.10369826361698686,False,False,True,5.699996067759937e-08,COMPLETE
1606,0.5179970622062684,2025-03-31 23:04:01.164001,2025-03-31 23:04:08.492457,0 days 00:00:07.328456,0.04612444056083102,0.8742754154702693,16,0.07551574439616539,0.11968252138230995,0.00619198148343958,0.04863906390994399,0.0846991295772215,0.06626690194053587,0.001120681214604855,25,62,0.03919250367774557,0.05305469956280213,False,False,True,2.8905193463733553e-08,COMPLETE
1607,0.5240177869796753,2025-03-31 23:04:09.005946,2025-03-31 23:04:26.526951,0 days 00:00:17.521005,0.02856457783774898,0.7739812417767978,2,0.043712213237332764,0.10633419189133542,0.004796805685963719,0.025095323379216376,0.08865035161620714,0.0821735503079393,0.00036388129299055503,22,76,0.03671590405196086,0.06002092437770166,False,False,True,1.7515002804948283e-08,COMPLETE
1608,0.32308810949325567,2025-03-31 23:04:27.059771,2025-03-31 23:04:34.298775,0 days 00:00:07.239004,0.0727832019282662,0.8278182376476252,16,0.06947754250410496,0.09757080481990354,0.008524262007217061,0.014562269405482725,0.09366227047774245,0.07898575898458354,0.00015318136958872546,24,59,0.042396023115096264,0.07095245426630478,False,True,True,2.1062097055578346e-08,COMPLETE
1609,0.3817668557167053,2025-03-31 23:04:34.815530,2025-03-31 23:04:41.961818,0 days 00:00:07.146288,0.09757279755755993,0.9407220050809182,16,0.055237253672852496,0.12702221977564368,0.010695056163724523,0.0218559113662491,0.09052875685936465,0.08570425378777274,0.0002377409518305487,23,15,0.04440020685445222,0.08557212127757793,False,False,True,1.0015992792899928e-08,COMPLETE
1610,0.3965077996253968,2025-03-31 23:04:42.500485,2025-03-31 23:04:50.547570,0 days 00:00:08.047085,0.04109556597697081,0.36786550036306614,16,0.02873836212962833,0.07630743960595711,0.002609703255893264,0.057004580352749044,0.08693486842807174,0.0812405574789271,0.00018691834745350407,26,71,0.0502495238265114,0.0665649254127389,False,False,False,4.436572308523419e-06,COMPLETE
1611,0.5021404266357422,2025-03-31 23:04:51.066339,2025-03-31 23:04:58.612236,0 days 00:00:07.545897,0.02644014723457116,0.8592869532976889,16,0.03766419950727648,0.11172004547217027,0.0010379871848437208,0.053332774151489896,0.09257175131301106,0.09004632175100097,0.00028329084386079207,25,66,0.04048495467345827,0.0980646895525807,True,False,True,1.5782729201240287e-08,COMPLETE
1612,0.5467904925346374,2025-03-31 23:04:59.128082,2025-03-31 23:05:06.358947,0 days 00:00:07.230865,0.06213151609695279,0.755214098966817,16,0.0872684941718519,0.11924920712844493,0.03373216503529424,0.05041394409031226,0.08272328688424692,0.08758576913648701,0.0004401224586782203,24,68,0.047771104857986565,0.1301188861654165,False,False,True,3.509863292155198e-08,COMPLETE
1613,0.48794604539871217,2025-03-31 23:05:06.895210,2025-03-31 23:05:14.250133,0 days 00:00:07.354923,0.04453062617976373,0.794815021562537,16,0.06395644999635217,0.091216355555612,0.012481543530970547,0.039277743585944304,0.08993745218990948,0.06404445901960017,0.00011995647806371392,25,79,0.04635657620254599,0.09004669912019056,False,False,True,8.279680345991072e-08,COMPLETE
1614,0.5538968682289124,2025-03-31 23:05:14.769294,2025-03-31 23:05:23.461728,0 days 00:00:08.692434,0.07550132038033851,0.8958000142313668,8,0.02258906896865106,0.10493611786899605,0.0010059973173408834,0.018582804134912666,0.04438476405737379,0.07829634370363783,0.0002096690227412114,24,75,0.05345724924616203,0.05529400211680584,False,False,True,1.4781880401961941e-08,COMPLETE
1615,0.49696179628372195,2025-03-31 23:05:23.977321,2025-03-31 23:05:31.129607,0 days 00:00:07.152286,0.029408286868489508,0.816789192431722,16,0.05007359521129545,0.13656765558143305,0.006366507068092657,0.03496049517040574,0.08788933008361638,0.09236743789003282,0.0006079993998165862,23,70,0.03539817632728389,0.07874916618054609,False,False,True,1.240072967937828e-08,COMPLETE
1616,0.5515977263450623,2025-03-31 23:05:31.666761,2025-03-31 23:05:39.097781,0 days 00:00:07.431020,0.010031198079293917,0.8437692907426021,16,0.05816946778707323,0.13085343821516449,0.009454246065535195,0.04411078679340207,0.08556940404679529,0.08368085015194594,0.000311170143075315,26,93,0.04213915440984893,0.06362742292872757,False,False,True,0.0001647736332019588,COMPLETE
1617,0.38889169692993164,2025-03-31 23:05:39.612307,2025-03-31 23:05:47.030003,0 days 00:00:07.417696,0.1390837357818706,0.07563822170901946,16,0.04504787230720628,0.12228152512377893,0.0045892593203187,0.04728260356044753,0.09494395641674955,0.07582025734869145,0.00024445094025993546,25,105,0.04413537840562089,0.051493565618130656,False,False,True,6.483000398534533e-05,COMPLETE
1618,0.5182595372200013,2025-03-31 23:05:47.573271,2025-03-31 23:05:54.814721,0 days 00:00:07.241450,0.04655554038283452,0.9211417415471193,16,0.03526514783233054,0.11012311916026296,0.006984819050657105,0.054889952227044375,0.09153374899725608,0.08095986875945176,0.00015961751162111123,24,73,0.05164937573707367,0.09354431504932816,False,False,True,1.6750973364365849e-06,COMPLETE
1619,0.5047910571098327,2025-03-31 23:05:55.336239,2025-03-31 23:06:02.572921,0 days 00:00:07.236682,0.010714272560964196,0.8791307962646536,16,0.06231532016502327,0.1155425466542934,0.013370062702911882,0.05212719814432638,0.08879628218576932,0.0856537096278936,0.00019745792151063465,24,65,0.03970762847327879,0.07252382131487312,False,False,True,2.4535508068537288e-08,COMPLETE
1620,0.5523152589797974,2025-03-31 23:06:03.096207,2025-03-31 23:06:10.246897,0 days 00:00:07.150690,0.0872547725147507,0.7737088369273127,16,0.052954901487272256,0.10054895554624414,0.008714817114356342,0.03605269702507473,0.08340245802293281,0.08956699796081506,0.0003731586161759683,23,78,0.04838506384708637,0.06104245320785964,False,False,True,4.7456571597796955e-05,COMPLETE
1621,0.46399958133697516,2025-03-31 23:06:10.788297,2025-03-31 23:06:17.862429,0 days 00:00:07.074132,0.10517212998276385,0.8099304746359446,16,0.02842289438018631,0.12423537406219419,0.004031098938079363,0.04918225681636666,0.09347915954658333,0.09543712349113279,0.0002769247927159021,22,61,0.045604537856910085,0.24154960765909045,False,False,True,8.884116395559407e-05,COMPLETE
1622,0.4525172233581543,2025-03-31 23:06:18.385072,2025-03-31 23:06:25.761822,0 days 00:00:07.376750,0.06221182341013347,0.830725554946476,16,0.07984312761897927,0.13588249505315048,0.010622949063185852,0.05899131526773103,0.08603981114170456,0.07928134055511836,0.00014033566401156273,26,36,0.05754962464921016,0.08207208549580283,False,False,True,1.2338392990226077e-08,COMPLETE
1623,0.5108976364135742,2025-03-31 23:06:26.278306,2025-03-31 23:06:33.440767,0 days 00:00:07.162461,0.010624202427428312,0.7959084181132068,16,0.0683306787737763,0.1074396004256892,0.001034317870170268,0.0396920239312949,0.06745722056697182,0.08834395200546959,0.000230107013392986,23,71,0.03784442214381661,0.06859194522327616,False,False,True,1.9380801775280835e-08,COMPLETE
1624,0.5473617076873779,2025-03-31 23:06:33.984152,2025-03-31 23:06:41.358304,0 days 00:00:07.374152,0.04089504336980974,0.7562572750645263,16,0.041234064819434875,0.12711326767685674,0.006519826482288492,0.05577588115954688,0.09090906324529134,0.0832907477984033,0.00017901032432384868,25,75,0.04200371292980852,0.10046261416749155,False,False,True,3.0594991569776774e-08,COMPLETE
1625,0.5399931907653809,2025-03-31 23:06:41.876901,2025-03-31 23:06:49.175129,0 days 00:00:07.298228,0.01012836653685252,0.8617681975636469,16,0.04746110741040158,0.11632210332245393,0.012091507131355,0.020221362059062487,0.09596456019368127,0.07532731006658004,0.0002807005463771623,24,96,0.04416872390690556,0.07712978166704718,False,False,True,4.596705423946996e-08,COMPLETE
