number,value,datetime_start,datetime_complete,duration,params_alpha-eval,params_alpha-train,params_batch-size,params_eps-eval,params_eps-train,params_lambda-actions-eval,params_lambda-actions-train,params_lambda-frames-eval,params_lambda-frames-train,params_learning-rate,params_n-epochs,params_n-frames,params_radius-gw,params_rho,params_std-feats,params_ub-actions,params_ub-frames,params_weight-decay,state
797,0.28529365062713624,2025-04-21 15:06:14.627513,2025-04-21 15:06:24.954110,0 days 00:00:10.326597,0.45170330538844866,0.6790004346174036,2,0.05250627319639406,0.055559733244866294,0.012350237528878165,0.012834431407590979,0.01424218402162859,0.012908653662436431,0.0744382529147732,8,140,0.036639318970483684,0.05920908289915096,True,False,True,0.00014650974604557082,COMPLETE
798,0.582220983505249,2025-04-21 15:06:25.212667,2025-04-21 15:06:45.726043,0 days 00:00:20.513376,0.4198921643487455,0.6520716445235739,2,0.03697054264599976,0.04641098400106664,0.004075397642255967,0.01841904071800172,0.021244778548071237,0.010513032460779236,0.09285032611534279,27,138,0.03347373676961231,0.04290656344580091,True,False,True,0.0002711478797569924,COMPLETE
799,0.3096510887145996,2025-04-21 15:06:45.987552,2025-04-21 15:06:56.316734,0 days 00:00:10.329182,0.44681429386122723,0.6502656719124493,2,0.15807979466043043,0.07426462890946942,0.009451450952798795,0.01554130271692493,0.017964018685458813,0.0034510902606450867,0.05596153322115304,8,135,0.03270489361793806,0.030350108677177086,True,False,True,0.00044595363706599524,COMPLETE
800,0.541716456413269,2025-04-21 15:06:56.564132,2025-04-21 15:07:03.477233,0 days 00:00:06.913101,0.45946146403903526,0.6859323138130832,8,0.06929708481080077,0.06211220171115425,0.006836657770546189,0.010994900640922721,0.02043566379809352,0.015229724323747836,0.04261265509547441,9,141,0.033969402932106145,0.05030610526408791,True,False,True,0.00016033511201519554,COMPLETE
801,0.2943522989749909,2025-04-21 15:07:03.736975,2025-04-21 15:07:15.217567,0 days 00:00:11.480592,0.439140275502177,0.6289011365581029,2,0.18783771671458538,0.08025914239845834,0.012597906902865155,0.013692135922960003,0.01715002675153089,0.006056325486566758,0.0004757979233747449,10,142,0.03598137219166367,0.04544586822691526,True,False,True,0.00035025269614086826,COMPLETE
802,0.41723431944847106,2025-04-21 15:07:15.480641,2025-04-21 15:07:26.394849,0 days 00:00:10.914208,0.3997136176303669,0.639213760354698,2,0.04664166021524555,0.06890601723531932,0.010417371735550003,0.017166974101242877,0.02173195396282393,0.010921185177148575,0.002615446253633089,9,132,0.033138312865733426,0.05289077465660895,True,False,True,0.00029879415941614593,COMPLETE
803,0.3932722091674805,2025-04-21 15:07:26.643239,2025-04-21 15:07:37.562686,0 days 00:00:10.919447,0.46839679083458013,0.6737746297520897,2,0.03889508574161199,0.07618064339517176,0.013258893782098224,0.011137332510273901,0.017852134888965806,0.003847497071702427,0.00712885835142739,9,144,0.03792948382375292,0.05811463333528607,True,False,True,0.0003379556493501267,COMPLETE
804,0.28286103010177616,2025-04-21 15:07:37.823376,2025-04-21 15:07:49.371220,0 days 00:00:11.547844,0.4179478942191094,0.6579261540665229,2,0.06265432425451879,0.08153709965907228,0.008208040762600824,0.02042190821445112,0.018814550432531076,0.008220544278201715,0.06554771069328072,10,143,0.031237901259038567,0.037064824061313346,True,True,True,0.0005446591146848456,COMPLETE
805,0.5150278925895692,2025-04-21 15:07:49.620212,2025-04-21 15:07:59.983954,0 days 00:00:10.363742,0.37889340992652615,0.6398065670059446,2,0.05422684433678198,0.08394166954708707,0.010549882702481965,0.014585384188114465,0.02202984720416021,0.018339675645056647,0.048766409189893646,8,138,0.03199581129684502,0.059680381695354626,True,False,True,0.0002961730013737665,COMPLETE
806,0.3684451937675476,2025-04-21 15:08:00.245491,2025-04-21 15:08:12.966033,0 days 00:00:12.720542,0.46595568816641464,0.47047160343924377,2,0.033530302958847916,0.0756471014859949,0.006210731712710037,0.01700742132897823,0.015470634651879853,0.011723742583576759,0.03912962651716024,10,141,0.03404605106464019,0.04326073487296832,True,False,False,0.00023152306767165813,COMPLETE
807,0.3324466347694397,2025-04-21 15:08:13.227303,2025-04-21 15:08:24.174368,0 days 00:00:10.947065,0.8963153342894877,0.49724870703433194,2,0.04324050000327237,0.08086112705180837,0.012365646438074713,0.052924217564079265,0.02005686712100371,0.01326445622539698,0.08387485601609193,9,144,0.031828621180842315,0.030968338045753645,True,False,True,0.0004257821563324724,COMPLETE
808,0.2790960788726807,2025-04-21 15:08:24.426580,2025-04-21 15:08:35.420059,0 days 00:00:10.993479,0.44573041593800494,0.7176208862536247,2,0.16615256662672662,0.07095694227213901,0.013701993482391669,0.013526288978866074,0.022053505734080086,0.03851696514935198,0.09865182953038601,9,140,0.03488477845240448,0.04985791792136833,True,False,True,0.00021724695656235698,COMPLETE
809,0.5380491971969605,2025-04-21 15:08:35.682365,2025-04-21 15:08:46.159680,0 days 00:00:10.477315,0.4287879841101091,0.622368053897717,2,0.04787217586234991,0.08590047447461015,0.008696315099122207,0.05898820598376572,0.019259228809989468,0.007399907549309385,0.05830247909940994,8,135,0.03078096773306185,0.02727974425179588,True,False,True,0.00032207267607157455,COMPLETE
810,0.5327724337577819,2025-04-21 15:08:46.423024,2025-04-21 15:08:57.870767,0 days 00:00:11.447743,0.48152570416050167,0.6866097243624693,2,0.03672467606886074,0.08792083306911339,0.010839011183126489,0.019064309899809284,0.013611934037843137,0.004839622317527892,0.07085300855423773,10,145,0.03247514203993187,0.06354647238803504,True,False,True,0.00014355172058177031,COMPLETE
811,0.38132153749465947,2025-04-21 15:08:58.120584,2025-04-21 15:09:08.551902,0 days 00:00:10.431318,0.46257655337966136,0.6146409593897251,2,0.13344947805063212,0.08224678078031308,0.00465788749168731,0.05504821633339177,0.01619317057772911,0.026065866069419436,0.0515267160290075,8,143,0.03902644815432798,0.05628475817135897,True,False,True,0.00024083272234887601,COMPLETE
812,0.3112757086753845,2025-04-21 15:09:08.815990,2025-04-21 15:09:15.529553,0 days 00:00:06.713563,0.48190434693506684,0.6336786079319411,8,0.059620372990412215,0.07616899140937779,0.027825779001527422,0.010691988856670078,0.02204180814602404,0.07542475764578296,0.03753390332987187,9,11,0.036086038225935826,0.03653006436238231,True,False,True,0.0001708678320378745,COMPLETE
813,0.4761611342430115,2025-04-21 15:09:15.795019,2025-04-21 15:09:26.953950,0 days 00:00:11.158931,0.4473683979996748,0.6525293416464409,2,0.040445777057581116,0.0630015122514131,0.014410621924048465,0.016041004773272763,0.020264270504347058,0.016386859494907,0.03355068323060713,10,88,0.029893707632037275,0.0673718612109963,False,False,True,0.0002766438841875337,COMPLETE
814,0.5738659739494324,2025-04-21 15:09:27.206638,2025-04-21 15:09:37.640121,0 days 00:00:10.433483,0.39516620820874593,0.6151307919452993,2,0.0514287867384872,0.08811090779393578,0.011583365732810304,0.012145664266362561,0.022587947196587226,0.07718587959189949,0.04542325067053146,8,146,0.032064101135694155,0.039172105342154616,True,False,True,0.00017840341077578371,COMPLETE
815,0.4514580130577088,2025-04-21 15:09:37.905258,2025-04-21 15:09:44.383079,0 days 00:00:06.477821,0.41558655390828975,0.5202386148469609,16,0.08203031176245529,0.06840922158487649,0.008592055843288541,0.014689837871416637,0.01838826157917717,0.01022827701010138,0.0643175160098198,10,138,0.029326237432703704,0.05367684635851834,True,False,True,0.00021772945931662526,COMPLETE
816,0.44812136888504034,2025-04-21 15:09:44.647196,2025-04-21 15:10:03.587431,0 days 00:00:18.940235,0.46682214700329017,0.6043763109026273,2,0.03259979394085741,0.07835904681909996,0.03601880844221152,0.01967057501857107,0.020676573018419988,0.008653836345022016,0.001262639599640635,24,142,0.034306052108920564,0.023556963265443022,True,False,True,0.00015685503046849645,COMPLETE
817,0.40107451677322387,2025-04-21 15:10:03.840035,2025-04-21 15:10:14.916946,0 days 00:00:11.076911,0.6168796103050869,0.439133602361391,2,0.045824767154178186,0.08960446747049203,0.013964348668084199,0.0158617997541155,0.022781203222479014,0.006703599027869288,0.05658693722634393,9,146,0.030663491328086427,0.060608746513346,True,False,True,0.00011851839653999506,COMPLETE
818,0.4501195788383484,2025-04-21 15:10:15.180546,2025-04-21 15:10:26.131040,0 days 00:00:10.950494,0.4948540226809412,0.5400958569562413,2,0.04099409091650239,0.08058090711423657,0.003002687122956955,0.06341044991254287,0.017182008556497482,0.01418800133947342,0.07416158568200487,9,141,0.050759440465779335,0.04489860740759541,True,False,True,0.0002923125763163369,COMPLETE
819,0.2880840659141541,2025-04-21 15:10:26.397244,2025-04-21 15:10:37.901379,0 days 00:00:11.504135,0.9494755305327117,0.6599493528049728,2,0.2760675277125155,0.09070501783005891,0.00996550572088182,0.017890784683553814,0.013682650197679745,0.06649181297741674,0.04382128289877344,10,145,0.032868522957641276,0.07021619127245686,True,False,True,0.00044534710916478243,COMPLETE
820,0.38341484069824217,2025-04-21 15:10:38.156281,2025-04-21 15:10:48.587016,0 days 00:00:10.430735,0.4373456058020438,0.4936139805658787,2,0.05484588292279571,0.058582535105894964,0.006429792806649508,0.05412824468434239,0.02359338260125613,0.020796229132795586,0.03292898789528707,8,133,0.028427563865605524,0.05091330063112677,True,False,True,2.172316660528645e-05,COMPLETE
821,0.4324556469917298,2025-04-21 15:10:48.851583,2025-04-21 15:10:59.810961,0 days 00:00:10.959378,0.47903049869200104,0.5962765068416446,2,0.06820439223396021,0.072611267212878,0.011829503691268737,0.012595234022530577,0.019424912103289498,0.07959538668470702,0.051896938370876985,9,147,0.046303217598493054,0.06514424528299334,True,False,True,0.00020092590990484607,COMPLETE
822,0.5656903028488159,2025-04-21 15:11:00.077906,2025-04-21 15:11:11.601853,0 days 00:00:11.523947,0.45253579529895904,0.6321381662882476,2,0.035941760438084815,0.08384237167829037,0.01463992200295686,0.0663380434203097,0.04109267016518621,0.08195698128499743,0.07756342129972728,10,138,0.03596414701557224,0.03198817347513137,True,False,True,0.0005674329006322457,COMPLETE
823,0.28286103010177616,2025-04-21 15:11:11.872076,2025-04-21 15:11:22.292228,0 days 00:00:10.420152,0.4904005822565466,0.5737357769298334,2,0.04871630385621604,0.09366361171555533,0.013033718085547147,0.05078884367184604,0.021181502151533676,0.08089036276834086,0.010711055544390962,8,143,0.031189075917597876,0.04737571188326754,True,True,True,8.337607912632395e-08,COMPLETE
824,0.4414754867553711,2025-04-21 15:11:22.547225,2025-04-21 15:11:33.386203,0 days 00:00:10.838978,0.3715393475949162,0.5530688581393767,2,0.05886665228053342,0.08698414470512669,0.008186304725577777,0.01018791755376025,0.015451646903414273,0.031833775969854906,0.03783784166956504,9,80,0.028825135534077825,0.07362959626165867,True,False,True,0.00013446902868792266,COMPLETE
825,0.37211730480194094,2025-04-21 15:11:33.651945,2025-04-21 15:11:41.253992,0 days 00:00:07.602047,0.5113942064812587,0.6103162870543313,8,0.04204498688631398,0.07604149239902708,0.010514635541438624,0.014549191948485186,0.06627749303597928,0.0736602022336668,0.06105270863333754,10,147,0.0329867015747447,0.056506873680662977,True,False,False,2.6452793562112093e-05,COMPLETE
826,0.4377476215362549,2025-04-21 15:11:41.525314,2025-04-21 15:11:52.505194,0 days 00:00:10.979880,0.46764652482888924,0.5295239494390053,2,0.032681465088782016,0.06682167413088616,0.016212966639058173,0.06062649499221524,0.023045318844575294,0.027973799810555935,0.04360721538305603,9,140,0.029869443184253143,0.03814414252114265,True,False,True,3.334173047003514e-05,COMPLETE
827,0.38980313539505007,2025-04-21 15:11:52.761522,2025-04-21 15:12:03.184855,0 days 00:00:10.423333,0.42616525178888903,0.5787762707040497,2,0.04870156384240053,0.0852164574842189,0.012284340549612237,0.05706936236307844,0.03754615194705161,0.06962149815056726,0.0984120225515481,8,144,0.0348298337249041,0.07708274700946345,True,False,True,0.00018187794061847633,COMPLETE
828,0.40629740953445437,2025-04-21 15:12:03.458171,2025-04-21 15:12:14.415781,0 days 00:00:10.957610,0.5006036555057535,0.6404891692709944,2,0.0377246672995757,0.09396902532715949,0.015465735017420313,0.021368818489211416,0.01763638618181422,0.07557088109302446,0.051894420598712056,9,148,0.03142945504772124,0.042595073542199643,True,False,True,2.0022683773520493e-05,COMPLETE
829,0.5118466377258302,2025-04-21 15:12:14.693397,2025-04-21 15:12:26.156288,0 days 00:00:11.462891,0.4539310868378187,0.6984760088275261,2,0.06378563205451825,0.08179020872552918,0.009702725941021203,0.01735899098817338,0.021041967461694948,0.08056044668796666,0.03153806995816478,10,137,0.027646425764126972,0.015553208681542835,True,False,True,0.00036759249191712924,COMPLETE
830,0.4430185556411743,2025-04-21 15:12:26.414917,2025-04-21 15:12:37.853494,0 days 00:00:11.438577,0.01156717337952301,0.511598009533402,2,0.043866488260808224,0.09146032372698114,0.006765459816218559,0.05239714065800093,0.02380973905421822,0.08340656621221343,0.06947441164681692,10,143,0.03795231353321514,0.06375289652347406,True,False,True,0.00011924587108950821,COMPLETE
831,0.28286103010177616,2025-04-21 15:12:38.124285,2025-04-21 15:12:48.450669,0 days 00:00:10.326384,0.52916838794104,0.6012170087299071,2,0.14038001204017064,0.07838729937726405,0.01334407839952596,0.01335848978310827,0.086280442216979,0.09701664968503206,0.08400251823242376,8,147,0.025386917968872953,0.02762450992232665,True,False,True,2.5035954990988097e-05,COMPLETE
832,0.41895700693130494,2025-04-21 15:12:48.725128,2025-04-21 15:12:59.433455,0 days 00:00:10.708327,0.48748540806285096,0.5494641613608129,2,0.0738044818704003,0.07361543449832383,0.012057441825293414,0.04946649977238215,0.019081950978461628,0.043919717408202066,0.04047350971868141,9,53,0.029574226146380056,0.07200152620746289,False,False,True,0.0002787825000633211,COMPLETE
833,0.4572462320327759,2025-04-21 15:12:59.689933,2025-04-21 15:13:09.621575,0 days 00:00:09.931642,0.4017694383142238,0.6189558153361722,2,0.05467780785320746,0.08831581673937793,0.005153944457534437,0.009581176710377056,0.022864281393436974,0.007971464836018242,0.059544590902384203,7,141,0.06960112003011569,0.055077166985732964,True,False,True,0.00015245616646578916,COMPLETE
834,0.39776173830032346,2025-04-21 15:13:09.893205,2025-04-21 15:13:21.940055,0 days 00:00:12.046850,0.4739097966372292,0.5730787680757262,2,0.02994625137479145,0.09632901288191723,0.014919061677147856,0.01552917449119566,0.0208203745680917,0.005207366827588982,0.046735468390171425,11,150,0.033612659149124806,0.04645126926780071,True,False,True,2.9486322699747202e-05,COMPLETE
835,0.3532415091991425,2025-04-21 15:13:22.211664,2025-04-21 15:13:28.577033,0 days 00:00:06.365369,0.4391751698714788,0.6647841906176788,16,0.03692695739615139,0.035332522036279526,0.008321351020143697,0.09308882143454066,0.07831563214256096,0.09787289914668072,0.034487177375034525,9,145,0.031723030011756616,0.04006711708763828,True,False,True,0.0001187696173827245,COMPLETE
836,0.5262202858924866,2025-04-21 15:13:28.833873,2025-04-21 15:13:40.207875,0 days 00:00:11.374002,0.5146155292339202,0.5945152349710507,2,0.05068375985493787,0.08454749012286131,0.010644924322124636,0.06888810719996301,0.015620627100617363,0.05504776094522553,0.07019789256246879,10,135,0.01844768576408802,0.0615303395884038,True,False,True,0.00020384922031679175,COMPLETE
837,0.5642774820327758,2025-04-21 15:13:40.481341,2025-04-21 15:13:52.010083,0 days 00:00:11.528742,0.544754637507252,0.5366176912874314,2,0.044724409656548426,0.06950208801967034,0.016552506246161825,0.01772191602256613,0.024613180439345836,0.012570099526088944,0.05676329556821188,10,147,0.02757768417247046,0.02160604290695539,True,False,True,0.00010184494573895102,COMPLETE
838,0.5823851108551026,2025-04-21 15:13:52.282360,2025-04-21 15:14:02.639104,0 days 00:00:10.356744,0.5819440115855843,0.6321474298742089,2,0.058704493913296636,0.2384484102772984,0.013715314966462794,0.01202803837765712,0.012042803581277298,0.0789606800072179,0.028282976651047967,8,140,0.02987888525590761,0.032988095699065065,True,False,True,3.514933880717686e-05,COMPLETE
839,0.5498786687850953,2025-04-21 15:14:02.897844,2025-04-21 15:14:09.708518,0 days 00:00:06.810674,0.46598525460055207,0.5723977843540252,8,0.03215540469600713,0.19509804803855807,0.05959244981126029,0.07590101179901707,0.01815450813367708,0.07803970683725184,0.08485502571196772,8,143,0.023204792085163062,0.07137701839804877,True,False,True,1.7371435047664028e-05,COMPLETE
840,0.4057787299156189,2025-04-21 15:14:09.979007,2025-04-21 15:14:19.932059,0 days 00:00:09.953052,0.4171841382678572,0.5588085297426211,2,0.040792057068935156,0.09213909939844087,0.01002418504050445,0.01942118861370076,0.048780391884638244,0.09833036632514763,0.048851144949692955,7,114,0.03535694838448457,0.06603299199040848,True,False,True,2.1338335458942947e-05,COMPLETE
841,0.3857389569282532,2025-04-21 15:14:20.206790,2025-04-21 15:14:31.155194,0 days 00:00:10.948404,0.5033758264902225,0.4785686131383517,2,0.05174612504288668,0.022526828632457918,0.012165932663057143,0.01329580557843441,0.021635786412125695,0.07094963390892449,0.034121531098304105,9,150,0.0406691139742768,0.08066595732789418,True,False,True,0.0002410639763620493,COMPLETE
842,0.28286103010177616,2025-04-21 15:14:31.432050,2025-04-21 15:14:42.323835,0 days 00:00:10.891785,0.48590843024282365,0.6057232106367508,2,0.045885386273884395,0.0789837966104108,0.008655494091341611,0.05021613392069066,0.02469205323057425,0.0828571212255483,0.022488411475519807,9,76,0.07944073346638907,0.049135598327893104,True,True,True,0.00015600269536613837,COMPLETE
843,0.35255699753761294,2025-04-21 15:14:42.584825,2025-04-21 15:14:54.013058,0 days 00:00:11.428233,0.45028438697573786,0.6783475314859587,2,0.1246956909410117,0.08690032878088479,0.001259547554635974,0.015856086779629977,0.016734509267501106,0.04159710407428704,0.040588629165511314,10,145,0.025681632732119042,0.0563385776484973,True,False,True,0.0001240857016654711,COMPLETE
844,0.3947052717208862,2025-04-21 15:14:54.288398,2025-04-21 15:15:07.739781,0 days 00:00:13.451383,0.5231352762778068,0.5880722917488327,2,0.035693592988340406,0.09935927084505766,0.014853411101062294,0.010808988163468283,0.019320849637296585,0.08523162319323432,0.06396015574008646,11,147,0.031890655983276936,0.07658274586656738,True,False,False,2.6780602424315427e-05,COMPLETE
845,0.5451305389404297,2025-04-21 15:15:08.015381,2025-04-21 15:15:16.807287,0 days 00:00:08.791906,0.4763074734513224,0.6448224305709448,2,0.06778570287719798,0.06153165806275932,0.006604295244618025,0.05390719193009773,0.023086150762886205,0.059669897079934794,0.05368868653265568,5,138,0.02780421504373601,0.03649287304654589,True,False,True,3.548505329808441e-05,COMPLETE
846,0.3202492713928223,2025-04-21 15:15:17.069860,2025-04-21 15:15:28.020065,0 days 00:00:10.950205,0.3892772491665186,0.5214730439374159,2,0.056611828554708046,0.09489914826836474,0.010833800188268301,0.020523866331971386,0.020760024367816696,0.062250564722619944,2.2839715356617156e-05,9,143,0.03361220498768521,0.06808330088683655,True,False,True,0.00014116859291123254,COMPLETE
847,0.4321431994438172,2025-04-21 15:15:28.293757,2025-04-21 15:15:38.725353,0 days 00:00:10.431596,0.4360956695575396,0.6222467961868937,2,0.029527355723147054,0.07302757811778952,0.00426855727546939,0.05173590051999802,0.02449935104297452,0.010241134577185593,0.09946516766905436,8,148,0.029790906513076854,0.08207515345154069,True,False,True,0.00017587863918855926,COMPLETE
848,0.28256213665008545,2025-04-21 15:15:39.004275,2025-04-21 15:15:56.381911,0 days 00:00:17.377636,0.8673815690074856,0.5529589162745905,2,0.0406625144228007,0.08293633095940764,0.017409150176398106,0.06355165593323099,0.06175163615107405,0.03793167263398262,0.04258522313705013,21,141,0.031491771815852,0.06071480496190176,True,False,True,2.155184155195213e-05,COMPLETE
849,0.4186826825141907,2025-04-21 15:15:56.644053,2025-04-21 15:16:08.037585,0 days 00:00:11.393532,0.500362648286291,0.59624322919822,2,0.04862259799705379,0.08960212325802713,0.012735918468401901,0.014761788218530534,0.022267396691556512,0.08118430105329108,0.07682621409814672,10,129,0.03706287756888489,0.05085137250398994,True,False,True,9.836496005895571e-05,COMPLETE
850,0.4726428747177124,2025-04-21 15:16:08.312147,2025-04-21 15:16:15.128718,0 days 00:00:06.816571,0.45633652735089153,0.5022165709598052,8,0.0342541105908555,0.08021764515791478,0.022637619169949247,0.01811931295314447,0.019029814745819468,0.06785881657283806,0.03029530708527302,9,145,0.027954000779044343,0.027688229599631443,False,False,True,1.7093011531358466e-05,COMPLETE
851,0.5256420373916626,2025-04-21 15:16:15.407661,2025-04-21 15:16:27.402334,0 days 00:00:11.994673,0.5394314010574327,0.5763384079315604,2,0.06420421234474107,0.09739247363499796,0.01529561539851717,0.04873287072302311,0.025502089887044038,0.07574141541636814,0.06393992808114142,11,148,0.02463621733060821,0.04176438975909403,True,False,True,2.1256551030566412e-06,COMPLETE
852,0.5420425772666931,2025-04-21 15:16:27.667847,2025-04-21 15:16:38.059083,0 days 00:00:10.391236,0.4127649102999712,0.6147036743770928,2,0.041794183709488945,0.08712073001831447,0.041376751354526696,0.056179418035413174,0.014915756859803165,0.04510168323296818,0.024426287186126484,8,139,0.03402186485108098,0.07270213653923242,True,False,True,0.00024305151528158985,COMPLETE
853,0.41400560140609743,2025-04-21 15:16:38.333595,2025-04-21 15:16:49.781454,0 days 00:00:11.447859,0.47437389494636484,0.535821436710215,2,0.05504516707619217,0.06583986536400428,0.02546151798209511,0.008686229484446143,0.017253269605185594,0.07747053664732391,0.037673603475360834,10,136,0.09574043105750557,0.04503564049606255,True,False,True,0.0003774617672357139,COMPLETE
