number,value,datetime_start,datetime_complete,duration,params_alpha-eval,params_alpha-train,params_batch-size,params_eps-eval,params_eps-train,params_lambda-actions-eval,params_lambda-actions-train,params_lambda-frames-eval,params_lambda-frames-train,params_learning-rate,params_n-epochs,params_n-frames,params_radius-gw,params_rho,params_std-feats,params_ub-actions,params_ub-frames,params_weight-decay,state
1066,0.5477458000183105,2025-03-31 21:49:44.372062,2025-03-31 21:49:51.791918,0 days 00:00:07.419856,0.15356425474525556,0.7922576770828043,16,0.017296543571354316,0.15324776159140432,0.014319686866000603,0.04144018638492514,0.09447348359565176,0.07977172012974104,0.00012062471757397276,26,74,0.04177802622703802,0.0404281555339732,False,False,True,3.040134764426572e-08,COMPLETE
1067,0.5111932635307312,2025-03-31 21:49:52.142211,2025-03-31 21:49:59.598743,0 days 00:00:07.456532,0.04752130539481149,0.7547483545399502,16,0.0522734670345144,0.17041781332674255,0.005706938738500183,0.03589637419916271,0.09803835599948003,0.07285497537820342,0.00022451543003318436,27,78,0.07551106760490006,0.04925410854521877,False,False,True,2.028055200836302e-08,COMPLETE
1068,0.5252051711082459,2025-03-31 21:49:59.939916,2025-03-31 21:50:07.203191,0 days 00:00:07.263275,0.09569511754586266,0.8151514740177233,16,0.06034774766414844,0.14314178011608755,0.017536378945825444,0.053407329144216496,0.08726443607348772,0.07789207347268984,0.00015717801294118247,24,90,0.03395482272242536,0.0746312818964697,False,False,True,1.630042646510786e-08,COMPLETE
1069,0.5559708118438721,2025-03-31 21:50:07.547078,2025-03-31 21:50:14.945448,0 days 00:00:07.398370,0.03171784533109287,0.7003180253478958,16,0.041808287931140956,0.15963878247512592,0.01152439628941333,0.05173785382832186,0.03350664194186275,0.08206137253215201,0.0002851013609031298,26,82,0.0375239904408937,0.06623577585417526,False,False,True,1.2182891780262325e-08,COMPLETE
1070,0.5549871802330018,2025-03-31 21:50:15.288015,2025-03-31 21:50:22.846329,0 days 00:00:07.558314,0.06534528046408308,0.7426906234087274,16,0.03057541067505513,0.19036646214906497,0.00850864386016599,0.048136188995043794,0.09136426784494392,0.0755906819399101,0.0001894472574481804,28,71,0.04554982291913806,0.05688278051794992,False,False,True,3.78442555573823e-07,COMPLETE
1071,0.5702290534973145,2025-03-31 21:50:23.191728,2025-03-31 21:50:30.688993,0 days 00:00:07.497265,0.04267540670464261,0.7747130388803283,16,0.04745593445720409,0.14984843715785207,0.013931498013743278,0.0496323102431065,0.08838636895306641,0.0717305615377782,0.00023963349305576565,27,76,0.03995553897664445,0.08551452579863256,False,False,True,3.8900402646405934e-08,COMPLETE
1072,0.514088761806488,2025-03-31 21:50:31.033849,2025-03-31 21:50:38.521641,0 days 00:00:07.487792,0.2549423182617304,0.7997918117630771,16,0.05586682899953323,0.15337254445666212,0.017715218033167147,0.04952681772383757,0.08439066113118925,0.07160083454069047,0.00037061081809241635,27,74,0.03501161359338771,0.09202027528592693,False,False,True,4.6616959998478014e-08,COMPLETE
1073,0.5151006698608398,2025-03-31 21:50:38.868095,2025-03-31 21:50:46.258429,0 days 00:00:07.390334,0.07699499398309792,0.7809566519374793,16,0.04908970383865616,0.16217827114610867,0.019350679480615376,0.0502620518530686,0.09337680483630607,0.07154774991257118,0.00031763124334729237,26,76,0.03907800660884367,0.0860732069759089,False,False,True,5.0849538113636213e-08,COMPLETE
1074,0.5223506450653076,2025-03-31 21:50:46.607339,2025-03-31 21:50:54.080880,0 days 00:00:07.473541,0.10607022529018702,0.8038259267514527,16,0.05275035156830054,0.15638032299141333,0.015517550366155985,0.04733268961369175,0.08968012138459173,0.07200797905622724,0.00029104959089463795,27,69,0.03604516055982467,0.08239175634103969,False,False,True,6.046742442738827e-08,COMPLETE
1075,0.5144355773925782,2025-03-31 21:50:54.430553,2025-03-31 21:51:01.802881,0 days 00:00:07.372328,0.07724944812968247,0.8421144158820127,16,0.059713766350278245,0.14891947094708108,0.016429419284393048,0.048895800268220484,0.08642746981776257,0.08837028501181328,0.0004177914855544047,26,72,0.037694632783192544,0.08193291876649657,False,False,True,3.977209577269836e-08,COMPLETE
1076,0.3981174945831299,2025-03-31 21:51:02.135113,2025-03-31 21:51:21.142252,0 days 00:00:19.007139,0.05651977661614882,0.7801110956223313,2,0.045831290806616784,0.04595337791139584,0.013653506716205983,0.05157097987284047,0.08164710640254183,0.04891472682583296,0.0002536841248115224,25,75,0.04011048275186675,0.07688977575315971,False,True,True,2.8514532875726715e-08,COMPLETE
1077,0.34161666631698606,2025-03-31 21:51:21.488408,2025-03-31 21:51:28.535411,0 days 00:00:07.047003,0.6836789355837803,0.8281042156878229,16,0.0651045994286906,0.16357624296422832,0.014486343826230146,0.04655197809076235,0.09596923750442486,0.091202876651918,0.0002427192738140251,22,78,0.043096195695152,0.09118354815779967,False,False,True,7.064849168166376e-08,COMPLETE
1078,0.5490315079689025,2025-03-31 21:51:28.884933,2025-03-31 21:51:36.354490,0 days 00:00:07.469557,0.13209059494002126,0.8127896345326475,16,0.04920243814174029,0.15418718515894467,0.01624422518612355,0.05381813921101249,0.09140288129563319,0.08508598718701088,0.00030856681858122323,27,67,0.04825626461826226,0.08210106678935286,False,False,True,2.9763535693919998e-08,COMPLETE
1079,0.49526648521423344,2025-03-31 21:51:36.702359,2025-03-31 21:51:45.772684,0 days 00:00:09.070325,0.09066755231850845,0.7700601638491233,8,0.055915997396484125,0.1752302344640186,0.002438868365560935,0.04933754810063467,0.09806650831559764,0.07115206375874579,0.00022916127655242776,26,74,0.040378799999901765,0.09725682989596222,True,False,True,4.1877181804429314e-08,COMPLETE
1080,0.5132560133934021,2025-03-31 21:51:46.118821,2025-03-31 21:51:53.459789,0 days 00:00:07.340968,0.06867102762885702,0.7906613006899667,16,0.04608274179719929,0.1681740588599949,0.01823618984245485,0.04467886604397367,0.08758635975375424,0.07347311571408635,0.0003375703358719837,26,70,0.03816839590782505,0.10666376181145576,False,False,True,4.030228568775563e-08,COMPLETE
1081,0.39073780775070194,2025-03-31 21:51:53.807949,2025-03-31 21:52:01.667295,0 days 00:00:07.859346,0.6472457481113905,0.8590258235037109,16,0.05264152479154261,0.14969694520685944,0.013269759795147386,0.05166692580397861,0.08324982554881973,0.08389818845562709,0.0005418862396988072,25,77,0.032701407372421165,0.08745434786792725,False,False,False,3.526794712339899e-08,COMPLETE
1082,0.5656822800636292,2025-03-31 21:52:02.013642,2025-03-31 21:52:09.473913,0 days 00:00:07.460271,0.11948909286375303,0.7640436392628359,16,0.04264832730606347,0.15836841781091113,0.04112020898590101,0.05559679619666174,0.09465059893135269,0.07036115575252001,0.0002567673249224839,27,73,0.042002163072929186,0.09063674834355873,False,False,True,9.210717435614734e-08,COMPLETE
1083,0.5606771588325501,2025-03-31 21:52:09.824730,2025-03-31 21:52:17.252268,0 days 00:00:07.427538,0.049177624300261166,0.8208034348602508,16,0.061632531872080634,0.14946099518739853,0.003900579387114189,0.0468927720748335,0.08844115228962289,0.0724125657893405,0.00020752529879488748,26,76,0.05219653979854706,0.07737664546619433,False,False,True,5.7409284856285623e-08,COMPLETE
1084,0.4947802305221558,2025-03-31 21:52:17.603964,2025-03-31 21:52:24.782418,0 days 00:00:07.178454,0.09766534744775617,0.7915218762096972,16,0.0489039994212714,0.16371587862502676,0.014703057668774722,0.05050648753568553,0.09184389217832394,0.08073054940341434,0.0002910622804889242,23,62,0.044529057629020846,0.07543757533205907,False,False,True,3.167767254587183e-08,COMPLETE
1085,0.5478661894798279,2025-03-31 21:52:25.139362,2025-03-31 21:52:32.400992,0 days 00:00:07.261630,0.06494985309033154,0.9005930041858421,16,0.06621457301782217,0.18116864970812224,0.0010506600713914467,0.048172893416499996,0.08540832524089423,0.07401513016330004,0.00021574527915264093,25,71,0.04737079911780607,0.08475507285149089,False,False,True,3.7050910129762334e-08,COMPLETE
1086,0.48430970907211307,2025-03-31 21:52:32.740461,2025-03-31 21:52:40.229414,0 days 00:00:07.488953,0.04217698355202172,0.7680435518181896,16,0.04154331544308601,0.15600005849539156,0.012644183243909542,0.05269906054921308,0.008039854225686899,0.08253704782904,0.00017353378450972063,27,79,0.03679764885421456,0.08879599870507904,False,False,True,2.4073109728014788e-08,COMPLETE
1087,0.5092322826385498,2025-03-31 21:52:40.581236,2025-03-31 21:52:47.994668,0 days 00:00:07.413432,0.16409882344943563,0.8097519166631508,16,0.07259076047694764,0.17043964787048932,0.019315582495684734,0.04557353607574958,0.09017218377848206,0.07108969242252201,0.00026153707974846987,26,73,0.04052028697719758,0.07067369442888448,False,False,True,4.759287446665461e-08,COMPLETE
1088,0.5420074582099915,2025-03-31 21:52:48.345189,2025-03-31 21:52:55.589645,0 days 00:00:07.244456,0.0815856742949373,0.8519226739244543,16,0.0540261865630343,0.1471088284415599,0.006307187112266573,0.04335180888040815,0.09337349354385718,0.0794016172908169,0.0001955054654622472,24,65,0.04986686760321915,0.08141091025809274,False,False,True,2.254154039496971e-08,COMPLETE
1089,0.5542586207389831,2025-03-31 21:52:55.938145,2025-03-31 21:53:03.222328,0 days 00:00:07.284183,0.14102346682757247,0.7804838925996525,16,0.04568006097798506,0.16453105694835568,0.011538652243066598,0.050050610569431796,0.09991467588938582,0.009812362098898067,0.00037947485202523084,25,76,0.04320899768031654,0.098533570185046,False,False,True,9.435707639787006e-07,COMPLETE
1090,0.47828763723373413,2025-03-31 21:53:03.571466,2025-03-31 21:53:11.030220,0 days 00:00:07.458754,0.11035080382688983,0.8377680984522926,16,0.03984170439269745,0.17481942318845642,0.016494880716971666,0.05481125084285997,0.09599145105983888,0.08516998904229277,0.00014585731389962336,27,69,0.03993345119445952,0.07353175262692686,False,False,True,1.906349707877479e-08,COMPLETE
1091,0.5650081276893616,2025-03-31 21:53:11.382614,2025-03-31 21:53:18.744127,0 days 00:00:07.361513,0.04115451883543668,0.7525881048689751,16,0.050105722702120666,0.11349150534974016,0.009950549422952617,0.05734138491377113,0.08730372786146233,0.08714972082108113,0.0002329463780607027,26,78,0.04534402674152388,0.07075119226006486,False,False,True,3.428438600491185e-08,COMPLETE
1092,0.26603999733924866,2025-03-31 21:53:19.096324,2025-03-31 21:53:26.327938,0 days 00:00:07.231614,0.06244593683870401,0.8817522584229021,16,0.29654990742024256,0.1564989116252842,0.01428836943332601,0.052622317255197996,0.08931919200565491,0.08124106822770749,0.00018854050011461818,25,73,0.042563057534560446,0.07806319986543112,False,False,True,2.5489821995266163e-08,COMPLETE
1093,0.5667358994483949,2025-03-31 21:53:26.681053,2025-03-31 21:53:33.951184,0 days 00:00:07.270131,0.043755361248236424,0.7216981483887098,16,0.06018503106946632,0.144132636346535,0.00443261445192469,0.04801330726405649,0.09821732281918273,0.07378739333560826,0.0002777595032401983,24,80,0.03870429024326838,0.06628857372123735,False,False,True,6.356879243469223e-08,COMPLETE
1094,0.3900264501571655,2025-03-31 21:53:34.308173,2025-03-31 21:53:41.436136,0 days 00:00:07.127963,0.08360066915043927,0.3571102051573586,16,0.07505934175975928,0.14327568792044293,0.0030322493785595013,0.04475761979036178,0.09857453921166687,0.07419631194890218,0.0003499779305932766,23,80,0.03584602463444741,0.07070100361506207,False,False,True,1.3009743717109282e-07,COMPLETE
1095,0.508863115310669,2025-03-31 21:53:41.793533,2025-03-31 21:53:48.845739,0 days 00:00:07.052206,0.027398495611177465,0.6867674986175522,16,0.06752820785713068,0.14289701132782187,0.004716003130320052,0.04276687738926553,0.09822385348384276,0.07632456235529379,0.00046213102218221755,22,79,0.03424507382929882,0.08429004807868226,False,False,True,5.6909890255615375e-08,COMPLETE
1096,0.32792683839797976,2025-03-31 21:53:49.202614,2025-03-31 21:53:55.154999,0 days 00:00:05.952385,0.05542440026528868,0.7122141366359416,16,0.08909925627923057,0.18425352875429615,0.0027032303523709268,0.04750452260756673,0.09798549040502297,0.07724688047875478,0.0002959056513145556,9,76,0.03731603338887659,0.07441606831244438,False,True,True,4.5907300155562264e-08,COMPLETE
1097,0.3898218870162964,2025-03-31 21:53:55.494362,2025-03-31 21:54:03.153460,0 days 00:00:07.659098,0.11155808528787708,0.6899758606904148,16,0.06324599930292182,0.13900799158835808,0.004936917775746221,0.04622839536646166,0.09685615017430847,0.07536008712949782,0.00035218607589521355,23,76,0.03130023146894008,0.06947445718817118,False,False,False,5.577107183254104e-08,COMPLETE
1098,0.5248076677322389,2025-03-31 21:54:03.505229,2025-03-31 21:54:21.831543,0 days 00:00:18.326314,0.03881599978284875,0.715302616641921,2,0.0683311016312859,0.144613625331476,0.0025631893120355957,0.04853465460328298,0.09991343016247645,0.07813716974375713,0.0002775489575687451,24,80,0.038400849779212175,0.07716388616176642,False,False,True,5.493586022286627e-05,COMPLETE
1099,0.5278727531433106,2025-03-31 21:54:22.184376,2025-03-31 21:54:29.492450,0 days 00:00:07.308074,0.1282216434197356,0.6854628527940039,16,0.12521180286988468,0.19044430282931984,0.004433367056284981,0.044047498479752985,0.09787825151917716,0.07415441641033339,0.0002419872248807679,23,73,0.03573085507470605,0.06342095288960946,True,False,True,7.023574164734594e-08,COMPLETE
1100,0.5618475914001465,2025-03-31 21:54:29.845974,2025-03-31 21:54:37.024578,0 days 00:00:07.178604,0.09004599783362022,0.7196604793613888,16,0.060021693795906765,0.13921080568658267,0.004613090921306604,0.0967766947007469,0.09638700363849205,0.0727874387405141,0.0003102251202108848,24,78,0.03857843417755336,0.06745523663755122,False,False,True,4.004263814609226e-08,COMPLETE
1101,0.5093564033508301,2025-03-31 21:54:37.380017,2025-03-31 21:54:44.634580,0 days 00:00:07.254563,0.027999576230805314,0.6961778423200644,16,0.058710167788729235,0.1771765001284706,0.007269916269146053,0.046561752779462104,0.09527418618007202,0.0790157080836184,0.0004124355919771119,24,75,0.03682021575521852,0.08817108441893702,False,False,True,3.390904304012332e-08,COMPLETE
1102,0.5012525916099548,2025-03-31 21:54:44.987137,2025-03-31 21:54:53.639499,0 days 00:00:08.652362,0.066292229555268,0.7289902558868047,8,0.06349714034436305,0.14806606052517587,0.0029597313760418758,0.06143004484548651,0.0999687947510606,0.07563391953207547,0.00016562309388950706,24,70,0.03932593683020506,0.07619404612167355,False,False,True,4.967034660152822e-08,COMPLETE
1103,0.46823235750198366,2025-03-31 21:54:53.997196,2025-03-31 21:55:01.197781,0 days 00:00:07.200585,0.04457608146830586,0.8287909003147604,16,0.07261048486974493,0.17097224874215108,0.006811060943315964,0.05091632628833812,0.09649513319221227,0.08316310820551776,0.00027210955815095995,23,81,0.03412715932426613,0.285048446605768,False,False,True,3.393880357895731e-08,COMPLETE
1104,0.49145791530609134,2025-03-31 21:55:01.550303,2025-03-31 21:55:08.725130,0 days 00:00:07.174827,0.02723370127869089,0.7126520785497725,16,0.0512406715431469,0.18301452246592032,0.005867128634197447,0.04183126583321517,0.09834359694282917,0.0772407489487195,0.0002070590837211322,24,76,0.03865568677418625,0.0664800515914855,False,False,True,4.044090346455846e-08,COMPLETE
1105,0.4651892185211182,2025-03-31 21:55:09.084085,2025-03-31 21:55:16.243898,0 days 00:00:07.159813,0.14975714943523294,0.8703868084447088,16,0.05852281630106399,0.1374247211328528,0.0023095153998928114,0.04928756464772889,0.09472250466593515,0.08109714117781479,0.00012776458725155724,23,67,0.04081096370592805,0.08273437034625485,False,False,True,6.502435200806355e-08,COMPLETE
1106,0.507310163974762,2025-03-31 21:55:16.602527,2025-03-31 21:55:24.067160,0 days 00:00:07.464633,0.10264960391232714,0.6751507124381078,16,0.05572911697456272,0.11644810777029767,0.004417712669300655,0.054052291714228075,0.09658051254472773,0.07351359422695414,0.00022775479572922846,27,79,0.036474497066837495,0.07057061053322634,False,False,True,3.097491468108104e-08,COMPLETE
1107,0.44971443414688117,2025-03-31 21:55:24.428833,2025-03-31 21:55:31.947519,0 days 00:00:07.518686,0.07808321346349713,0.7960360325249212,16,0.08007472965863499,0.19719800018843167,0.0010340604612472295,0.051122153447759146,0.09990897633241377,0.07933430540478908,8.391000938525222e-05,27,72,0.039384861423118915,0.06272860313531091,False,False,True,1.203930141161613e-05,COMPLETE
1108,0.5428257822990418,2025-03-31 21:55:32.308078,2025-03-31 21:55:39.549193,0 days 00:00:07.241115,0.054783511441541255,0.8475029586986872,16,0.06373748706623954,0.16071578203084305,0.007593270747161935,0.045552296539114884,0.09475379655326627,0.07553289298710418,0.007464830844957988,24,74,0.04098513027556859,0.06538844553404635,False,False,True,2.8442930850490357e-08,COMPLETE
1109,0.48481537103652955,2025-03-31 21:55:39.911640,2025-03-31 21:55:47.431404,0 days 00:00:07.519764,0.11846205551661493,0.7345271628497184,16,0.05613903619804209,0.15262799306887137,0.006015249444759378,0.047511493585104474,0.09764413771287853,0.07251628434549538,0.00015612268203553872,27,60,0.03782693301433042,0.09555250439688795,False,False,True,3.318859540717307e-05,COMPLETE
1110,0.39979895353317263,2025-03-31 21:55:47.771096,2025-03-31 21:55:53.407661,0 days 00:00:05.636565,0.026439810035538802,0.8102991438048058,16,0.06632987522682536,0.14536921351968402,0.0010234547077864948,0.040095328551119545,0.06213912555757211,0.07716299757690975,2.9365325066870927e-05,5,78,0.04081032531393967,0.0745243705467899,False,False,True,2.3291610038847435e-08,COMPLETE
1111,0.46911833286285404,2025-03-31 21:55:53.765644,2025-03-31 21:55:59.966962,0 days 00:00:06.201318,0.010348865963983662,0.696591561619022,16,0.05758733123345124,0.16743034112857336,0.008365990590956716,0.058886715043998644,0.09370696489448221,0.08317692666297569,0.00018836177160178603,12,70,0.029812266242812663,0.06043584186403949,False,False,True,1.0010888805540142e-08,COMPLETE
1112,0.5522901058197022,2025-03-31 21:56:00.326794,2025-03-31 21:56:07.582636,0 days 00:00:07.255842,0.06206647851570506,0.7424585994837575,16,0.05331995587329648,0.1765826217306296,0.003843245413913934,0.05634048857720127,0.0999819157461923,0.08084811513483618,0.0002791176306171808,24,80,0.04183280277828198,0.0789959360105953,False,False,True,4.487948812225023e-08,COMPLETE
1113,0.5159120917320252,2025-03-31 21:56:07.942391,2025-03-31 21:56:15.453898,0 days 00:00:07.511507,0.0846751791438824,0.8242390363675941,16,0.05213519135814098,0.14984459273051762,0.006183367720324453,0.053195863529286486,0.09643936909161796,0.07838299529790564,0.0003529189049870882,27,75,0.03873154386027246,0.07077297858914576,False,False,True,8.128142103384252e-08,COMPLETE
1114,0.33901462554931644,2025-03-31 21:56:15.812490,2025-03-31 21:56:23.172521,0 days 00:00:07.360031,0.040674232771376315,0.7665782271557509,16,0.04725838275111063,0.13850958579849187,0.007600768425178439,0.05004005331896688,0.09342360973341939,0.07201843044212188,0.00023824645148916721,25,68,0.03657244446710597,0.06567994770461918,False,True,True,1.923609413857605e-08,COMPLETE
1115,0.4663286089897156,2025-03-31 21:56:23.534791,2025-03-31 21:56:30.776530,0 days 00:00:07.241739,0.13642063844157307,0.7214249411625481,16,0.06112891076075174,0.15956780335539195,0.009843363426380723,0.04284972931468769,0.09784073491551679,0.05449810159182411,0.05374015861615442,24,82,0.034753507001871776,0.06042840510125307,False,False,True,1.389455989870793e-06,COMPLETE
1116,0.40612188577651975,2025-03-31 21:56:31.139821,2025-03-31 21:56:37.677544,0 days 00:00:06.537723,0.1779809580783791,0.27123453639974576,16,0.07214509260885514,0.1681716571363079,0.004123841965415627,0.047020279387294035,0.09575767522040922,0.07487491885431745,0.00011128224702793718,16,64,0.04163161353377078,0.08520940508519273,False,False,True,2.4622178364304034e-08,COMPLETE
1117,0.37764323949813844,2025-03-31 21:56:38.037729,2025-03-31 21:56:46.221544,0 days 00:00:08.183815,0.09889510047422766,0.7938415105397684,16,0.04809654702076701,0.14261032000072119,0.008435286584054152,0.052828667814059566,0.09277399861034848,0.08003117856681773,0.00017513316657969246,26,72,0.039669387040116806,0.07013749047550878,True,False,False,1.4521591258996104e-08,COMPLETE
1118,0.40889475345611576,2025-03-31 21:56:46.580717,2025-03-31 21:56:54.109125,0 days 00:00:07.528408,0.01026395534518722,0.7476553453313859,16,0.05713445169830503,0.18957987178202887,0.005735788389750869,0.050305165526686006,0.0950989051447829,0.08230521129628157,0.00014411327113009035,28,77,0.08008268291966561,0.06275848342666508,False,False,True,1.793631804045464e-08,COMPLETE
1119,0.2852557301521301,2025-03-31 21:56:54.471911,2025-03-31 21:57:01.576382,0 days 00:00:07.104471,0.9766193040200105,0.8415170971996254,16,0.045896872477006655,0.15360839875443522,0.009532250787417313,0.04450339272468603,0.09270071556053551,0.08585974724826174,0.0002173459731242383,22,74,0.04325060789843408,0.054557160686885396,False,False,True,3.644127424061029e-08,COMPLETE
1120,0.5569769144058228,2025-03-31 21:57:01.936607,2025-03-31 21:57:09.107570,0 days 00:00:07.170963,0.4710422858770743,0.700342567648206,16,0.051871492432459254,0.1824294981528986,0.011883493180633128,0.03994851919238604,0.09789988557231925,0.027589480529096176,0.000275514563241144,23,80,0.0415206067465039,0.07932373669711182,False,False,True,1.4595559088042342e-08,COMPLETE
1121,0.5112081885337829,2025-03-31 21:57:09.475169,2025-03-31 21:57:29.406027,0 days 00:00:19.930858,0.04552059411347828,0.7745697193193201,2,0.06596429213902338,0.12007469893568173,0.002899535289181768,0.048779014252835415,0.09151256796347772,0.07758700980740743,0.00019528009907515985,27,76,0.03802555635376409,0.05714523630964555,False,False,True,2.7299604251828456e-08,COMPLETE
