number,value,datetime_start,datetime_complete,duration,params_alpha-eval,params_alpha-train,params_batch-size,params_eps-eval,params_eps-train,params_lambda-actions-eval,params_lambda-actions-train,params_lambda-frames-eval,params_lambda-frames-train,params_learning-rate,params_n-epochs,params_n-frames,params_radius-gw,params_rho,params_std-feats,params_ub-actions,params_ub-frames,params_weight-decay,state
170,0.28348779678344727,2025-04-21 13:12:10.006663,2025-04-21 13:12:20.876081,0 days 00:00:10.869418,0.3451043381651367,0.5823486906299516,2,0.19757213547559788,0.12176350234123452,0.024936621140964788,0.04463306395590349,0.034809907043304875,0.09140025892651671,0.03683273293057577,9,146,0.02623803636332716,0.16406651306735928,True,False,True,0.0005367642717811124,COMPLETE
171,0.5612100601196289,2025-04-21 13:12:20.933796,2025-04-21 13:12:32.326029,0 days 00:00:11.392233,0.3909529284865828,0.6343226744104296,2,0.011785228246195285,0.1390955962881723,0.00633236661208866,0.034709238285428684,0.019323569996653765,0.09833393739368688,0.046540595421524784,10,136,0.03376056047716717,0.19618463720195364,True,False,True,8.002932245192386e-07,COMPLETE
172,0.5592620491981507,2025-04-21 13:12:32.389264,2025-04-21 13:12:43.826887,0 days 00:00:11.437623,0.42320098209710466,0.6211881472456644,2,0.025127399950189838,0.13791304527882073,0.0056599543881016064,0.03913057023996506,0.023129586508238983,0.09720565918743329,0.057278569681087466,10,133,0.03379963023052072,0.19258086433572508,True,False,True,1.1381642275227082e-06,COMPLETE
173,0.5530141711235046,2025-04-21 13:12:43.882184,2025-04-21 13:12:55.817723,0 days 00:00:11.935539,0.3610170167129585,0.6565731642395813,2,0.012549299013641924,0.1812600224467829,0.010723242024390917,0.03541970365907872,0.017402156487605326,0.09821033206762111,0.042319141015841735,11,137,0.031049427149447403,0.20723062875586162,True,False,True,7.779055163274023e-07,COMPLETE
174,0.4251169919967651,2025-04-21 13:12:55.873616,2025-04-21 13:13:05.176080,0 days 00:00:09.302464,0.38638211216080065,0.4755592795895447,2,0.0059521085480252955,0.1317815127119359,0.009546511633732114,0.05373824032507514,0.03810621750527386,0.09446544669038244,0.07287638481091115,6,139,0.03539622522497532,0.18823842722605305,True,False,True,4.3384473418105646e-07,COMPLETE
175,0.5066739439964295,2025-04-21 13:13:05.232518,2025-04-21 13:13:15.531749,0 days 00:00:10.299231,0.3375449945873418,0.6053782537790946,2,0.01904324559628437,0.11102925393122527,0.015417457420184542,0.03681054922149226,0.025158514829447844,0.09021158669677247,0.05001644177640764,8,142,0.02957770989932727,0.2005764059745359,True,False,True,1.3471878035208165e-06,COMPLETE
176,0.5445937633514405,2025-04-21 13:13:15.589459,2025-04-21 13:13:25.415517,0 days 00:00:09.826058,0.4468352505884151,0.561795985992054,2,0.011475376002544406,0.15277362736234265,0.008004348286154364,0.05838512287804973,0.014957207175362322,0.0829962621248685,0.02673668497908361,7,128,0.03741912286506754,0.18183549476788738,True,False,True,6.745154212232727e-07,COMPLETE
177,0.5669339656829835,2025-04-21 13:13:25.473133,2025-04-21 13:13:36.329136,0 days 00:00:10.856003,0.4133660689901897,0.6341688340688137,2,0.0006203201038408462,0.10354970933369595,0.011963919935841599,0.05611537375285708,0.01262799780592364,0.09631117089860378,0.06079352566942851,9,135,0.032349987034812344,0.14460208456315646,True,False,True,3.063311741151943e-05,COMPLETE
178,0.5595970153808594,2025-04-21 13:13:36.385803,2025-04-21 13:13:47.324357,0 days 00:00:10.938554,0.4082109455799751,0.6355274408008138,2,0.0006102397503582914,0.09272013591090737,0.011915668521681612,0.05675576860901074,0.020633163468486957,0.09638081683298592,0.0626281504278863,9,145,0.03193285543609369,0.14617343515675832,True,False,True,1.693298756478194e-05,COMPLETE
179,0.3842021346092224,2025-04-21 13:13:47.381170,2025-04-21 13:13:53.709752,0 days 00:00:06.328582,0.4276959391032023,0.6726645629115567,16,0.023780471230080338,0.10431799587337484,0.006112563263695574,0.034552572493156714,0.011703236041469743,0.09752478283318633,0.0817366914741175,10,131,0.02839892305990061,0.13331228182369687,True,False,True,0.00017974346119252837,COMPLETE
180,0.5414831042289734,2025-04-21 13:13:53.766955,2025-04-21 13:14:05.185986,0 days 00:00:11.419031,0.3687941855841732,0.5860304548691077,2,0.029438389557798785,0.10038971372104441,0.009576153479174548,0.060903070567791893,0.012399277800646652,0.09460172846453767,0.01989907842361524,10,136,0.032694139837780946,0.13882742980932816,True,False,True,2.6721110399249364e-06,COMPLETE
181,0.5676616311073304,2025-04-21 13:14:05.253168,2025-04-21 13:14:16.108841,0 days 00:00:10.855673,0.4047720633644515,0.6214346619994485,2,0.0005144274959034238,0.0916930862475107,0.012316187407540213,0.05673993761567862,0.021225331701544694,0.09602558907437647,0.06622048238482335,9,148,0.030674465979553662,0.15288762014907958,True,False,True,2.9685508563568964e-05,COMPLETE
182,0.5815675377845765,2025-04-21 13:14:16.166928,2025-04-21 13:14:27.005425,0 days 00:00:10.838497,0.40126692941878167,0.6263212908237947,2,0.0004503972900698637,0.08710358086653115,0.014165869137902352,0.05179695745606429,0.018752790789200786,0.09263021201606696,0.0557083819492217,9,149,0.030137149399312616,0.15298686501182585,True,False,True,5.104179432477928e-05,COMPLETE
183,0.5649831771850586,2025-04-21 13:14:27.064383,2025-04-21 13:14:37.983267,0 days 00:00:10.918884,0.39009885948727796,0.6203796762673246,2,0.0055998601558976315,0.0874281118595786,0.013819466162235361,0.05591153690700971,0.018697747044811135,0.09295487118739541,0.055052158567813446,9,146,0.029619084559582374,0.1528991728619062,True,False,True,4.9109718112915825e-05,COMPLETE
184,0.5676344871520996,2025-04-21 13:14:38.043235,2025-04-21 13:14:48.931971,0 days 00:00:10.888736,0.4172564480330008,0.6084661612747596,2,0.0016522740745957506,0.07860027310061501,0.014326439653790327,0.05657792231146319,0.017690756058005276,0.09255280517852817,0.07361482650614741,9,148,0.029760320031978062,0.15840074122174838,True,False,True,3.396054462881054e-05,COMPLETE
185,0.5166238069534301,2025-04-21 13:14:48.991452,2025-04-21 13:14:59.881649,0 days 00:00:10.890197,0.40445797585978527,0.6160943629390433,2,0.001820076753050343,0.07934735189399958,0.014811620859582611,0.05113809095235622,0.014910300438570133,0.09304551204580212,0.08052194854891785,9,150,0.02555932586227591,0.15728841476311556,True,False,True,4.325935719175499e-05,COMPLETE
186,0.38052470684051515,2025-04-21 13:14:59.941371,2025-04-21 13:15:10.828833,0 days 00:00:10.887462,0.4255071749000839,0.5996811148122486,2,0.00585474088241392,0.08676831222274146,0.01335374557271642,0.05613422481070694,0.01820703588268693,0.09135696820141798,0.05699949026882385,9,148,0.02735063352067378,0.13828275332409543,True,False,True,3.712192940997895e-05,COMPLETE
187,0.5355147004127503,2025-04-21 13:15:10.889310,2025-04-21 13:15:21.841261,0 days 00:00:10.951951,0.3797208420480236,0.549697812916625,2,0.0008882765391105013,0.07165769934162321,0.017776330523408254,0.05489214457959296,0.01607943669044141,0.09262748840704974,0.09963566645192969,9,150,0.029233052768185386,0.15205248974207816,True,False,True,5.997997174005186e-05,COMPLETE
188,0.5695475816726685,2025-04-21 13:15:21.901193,2025-04-21 13:15:32.251450,0 days 00:00:10.350257,0.4624371204975978,0.5810343926289384,2,0.007604810680186998,0.09293063091667074,0.01592938328144456,0.057199029404847175,0.022834981805805253,0.09551792645035846,0.07419677455280385,8,146,0.030388755596155517,0.14575851622645092,True,False,True,2.6259563789445492e-05,COMPLETE
189,0.5626593232154846,2025-04-21 13:15:32.311970,2025-04-21 13:15:42.680415,0 days 00:00:10.368445,0.45981694394553335,0.622702530681741,2,0.007588446189028667,0.07359851396819957,0.013174034852639824,0.05755838835674955,0.02010949721356436,0.09571606687681826,0.05534448498879981,8,146,0.024253655113889112,0.14599001119904928,True,False,True,2.4458766900662077e-05,COMPLETE
190,0.28286103010177616,2025-04-21 13:15:42.750968,2025-04-21 13:15:53.722824,0 days 00:00:10.971856,0.41344778946801874,0.5836354023043874,2,0.00040449588468364865,0.09022427273690588,0.015511233160114442,0.05258806011345673,0.009344267498439758,0.09471181495810348,0.07870743351442919,9,148,0.026771394607574335,0.15865639788247196,True,True,True,9.020573647532515e-05,COMPLETE
191,0.5877158403396607,2025-04-21 13:15:53.783836,2025-04-21 13:16:04.095840,0 days 00:00:10.312004,0.4546674828087701,0.6098465512123211,2,0.01714635664006172,0.08221506096648942,0.011858445099156869,0.058658148455188706,0.022925476895637002,0.08799612799203656,0.06851028658636928,8,144,0.030257759785525078,0.14063902898999978,True,False,True,3.094111621560262e-05,COMPLETE
192,0.5501556634902954,2025-04-21 13:16:04.157652,2025-04-21 13:16:14.485111,0 days 00:00:10.327459,0.4580883559755299,0.5959813949714533,2,0.016484745112423337,0.08223199140749984,0.011942626590549886,0.05585911920766113,0.02250930555589545,0.09243595480380516,0.06558974806190335,8,144,0.03009412824504448,0.14186280063273352,True,False,True,2.4001674781776943e-05,COMPLETE
193,0.5781075835227967,2025-04-21 13:16:14.547747,2025-04-21 13:16:25.370251,0 days 00:00:10.822504,0.4270144034645204,0.6094392622850804,2,0.006998471146207445,0.08529082552522915,0.011616463489213635,0.05914202108682595,0.017259008276773454,0.0950710029185094,0.05149508361238538,9,147,0.02877218416855671,0.14914791518555284,True,False,True,2.6606344781000366e-05,COMPLETE
194,0.45494625568389896,2025-04-21 13:16:25.433031,2025-04-21 13:16:35.822887,0 days 00:00:10.389856,0.429763610723254,0.6511605821059837,2,0.008109256673788416,0.08626055674203982,0.015032531893378536,0.06364133016014181,0.017474887758983322,0.08761981530401254,0.051981403546435795,8,147,0.028606411987791566,0.1473538588750472,True,False,True,2.6029110420738916e-05,COMPLETE
195,0.5716775298118592,2025-04-21 13:16:35.886334,2025-04-21 13:16:46.352700,0 days 00:00:10.466366,0.39430663811769145,0.613685658278306,2,0.016540390020753394,0.06686105035701514,0.01110687738501125,0.061576600816665154,0.013369891425226106,0.09504309989949943,0.07855721573261226,8,150,0.030982836951385307,0.12905295568359132,True,False,True,4.839451600393278e-05,COMPLETE
196,0.5610112547874451,2025-04-21 13:16:46.415214,2025-04-21 13:16:57.303022,0 days 00:00:10.887808,0.3947764731560036,0.6097288321679313,2,0.01705567877806997,0.06700492632781374,0.013722962813861615,0.0629247210789022,0.013616822399668344,0.09395541262886953,0.08525708628111556,9,149,0.027449556807418455,0.12803002412372957,True,False,True,4.5025304938753356e-05,COMPLETE
197,0.49441214799880984,2025-04-21 13:16:57.366638,2025-04-21 13:17:08.819062,0 days 00:00:11.452424,0.4944310174876399,0.5779582791703937,2,0.014771227938601668,0.07240613695552338,0.009200545685929106,0.06592396147537935,0.012794708891904509,0.09106553908367195,0.07146161312480187,8,150,0.030578837757044546,0.135688819749638,True,False,False,3.181616880831246e-05,COMPLETE
198,0.4904056310653687,2025-04-21 13:17:08.893309,2025-04-21 13:17:19.845095,0 days 00:00:10.951786,0.356394753391373,0.6341045610089217,2,0.019491034933934125,0.07935372583190488,0.016430286558475428,0.06057625308006183,0.006639057729675624,0.08926885607544048,0.0013541349535944793,9,144,0.02325262484080897,0.14250958479438924,True,False,True,5.9527406121522934e-05,COMPLETE
199,0.38180769681930543,2025-04-21 13:17:19.909261,2025-04-21 13:17:30.301359,0 days 00:00:10.392098,0.38580746466648774,0.6697862626437268,2,0.009086550400264353,0.09259280816326157,0.01888058133810915,0.05836323692474849,0.015921038040980693,0.08685347266768859,3.355593959430515e-05,8,146,0.029075753654925734,0.12134617628931661,True,False,True,7.53891052510408e-05,COMPLETE
200,0.5436636805534363,2025-04-21 13:17:30.365289,2025-04-21 13:17:40.723590,0 days 00:00:10.358301,0.4107530380557555,0.5917412858219803,2,0.02206224076630786,0.07524949385561484,0.01095031693372343,0.0554748318614012,0.01862448092165127,0.09593693155647573,0.08662685662588888,8,144,0.025412142017360136,0.15374361337299153,True,False,True,5.011164642137365e-05,COMPLETE
201,0.5203886508941651,2025-04-21 13:17:40.788936,2025-04-21 13:17:50.591687,0 days 00:00:09.802751,0.46594445186799033,0.6200114717223371,2,0.006728961712360194,0.09475868145279412,0.011344334230600973,0.06064942857553681,0.020985503659158068,0.09361333311918378,0.06090514484888181,7,142,0.03172387063444577,0.15038189552717005,True,False,True,3.374787889424982e-05,COMPLETE
202,0.5766394257545472,2025-04-21 13:17:50.656114,2025-04-21 13:18:01.577536,0 days 00:00:10.921422,0.846779612798392,0.6059872518063194,2,0.010619982662588,0.08835028642134041,0.014174554336594125,0.04972229941649387,0.0227258838062935,0.09187566707055059,0.04417779686926072,9,147,0.03180070098947117,0.13088738563157953,True,False,True,1.8844616073215278e-05,COMPLETE
203,0.5815678000450135,2025-04-21 13:18:01.643662,2025-04-21 13:18:12.561366,0 days 00:00:10.917704,0.7355064219503219,0.6060373069543771,2,0.012845635523815546,0.08959800989954919,0.01439146934156607,0.048953009753134366,0.017598652281166364,0.09143881467677493,0.04417295705816005,9,147,0.030822205203484446,0.1338652937887748,True,False,True,9.914029625721149e-05,COMPLETE
204,0.3975556015968323,2025-04-21 13:18:12.626173,2025-04-21 13:18:23.523888,0 days 00:00:10.897715,0.7221946037102343,0.5399619941611848,2,0.013248963842271116,0.08840354206150647,0.015068994114069275,0.0501707110637451,0.01670784623752715,0.09176044927242911,0.04465453360850829,9,150,0.03048529635216451,0.13018775204784389,True,False,True,0.00010569933911369668,COMPLETE
205,0.5822869300842285,2025-04-21 13:18:23.599589,2025-04-21 13:18:34.576957,0 days 00:00:10.977368,0.4378486100979682,0.5955793144606182,2,0.010627098357805257,0.08307095187052155,0.013214274241654738,0.04867630320938742,0.014557103039176941,0.08880209627701816,0.0701255315125604,9,147,0.027847715427204236,0.12254632116611588,True,False,True,1.8403009901119532e-05,COMPLETE
206,0.39538103342056274,2025-04-21 13:18:34.646758,2025-04-21 13:18:45.452913,0 days 00:00:10.806155,0.8671895554235378,0.572306926436496,2,0.01152332884891876,0.08111180091545554,0.017428681326569936,0.048492886396882436,0.015074062086940752,0.08822698492450728,0.07383772326729225,9,148,0.027864727841002936,0.11510055283445544,True,False,True,1.92826368939182e-05,COMPLETE
207,0.5686975479125977,2025-04-21 13:18:45.518398,2025-04-21 13:18:56.980023,0 days 00:00:11.461625,0.965791769781562,0.6024313701296615,2,0.00017002762152977524,0.0688587098194734,0.020785288418015198,0.04730237300332501,0.013295943530575392,0.08967567169474358,0.09728488160834567,10,147,0.026858029383879125,0.11076337825704569,True,False,True,2.7843018952220108e-05,COMPLETE
208,0.42663900852203374,2025-04-21 13:18:57.046305,2025-04-21 13:19:08.400925,0 days 00:00:11.354620,0.8614906889722026,0.5990161078632724,2,0.0003244994549280162,0.06195382340444347,0.021669885409505464,0.04782167982655684,0.00820414158385034,0.0866232066478686,0.0998525377008995,10,147,0.025489747172520727,0.10640619854570472,True,False,True,1.4963059084713827e-05,COMPLETE
209,0.37416250705718995,2025-04-21 13:19:08.469459,2025-04-21 13:19:19.411855,0 days 00:00:10.942396,0.9207649848100802,0.5586647425224658,2,0.01713095762440943,0.05372528552094945,0.02100549198168639,0.04549413701616303,0.014196397515355912,0.09022266823780974,0.08333813940590293,9,150,0.026888428486183256,0.11932941529588727,True,False,True,2.8775462528493548e-05,COMPLETE
210,0.5382393956184387,2025-04-21 13:19:19.479498,2025-04-21 13:19:25.899386,0 days 00:00:06.419888,0.7924856617441027,0.5793149180044144,16,0.01007027507476446,0.09818701594402016,0.05538088659023738,0.051592761183815936,0.01258308607994794,0.08816318699504251,0.041549348384102874,10,143,0.03162976320682164,0.12237097432601245,True,False,True,1.1250464943650633e-05,COMPLETE
211,0.5431371212005616,2025-04-21 13:19:25.967679,2025-04-21 13:19:36.368715,0 days 00:00:10.401036,0.9421285958463116,0.603324859185747,2,0.007721985177457778,0.07100704873647012,0.018865999314662842,0.04978088611207043,0.01155405598853303,0.0901669393329809,0.06510089800559324,8,147,0.03222833227174041,0.09699755498590754,True,False,True,1.9841528294833822e-05,COMPLETE
212,0.5231086015701294,2025-04-21 13:19:36.440140,2025-04-21 13:19:47.358520,0 days 00:00:10.918380,0.8977159213459135,0.6442423880717308,2,0.014595453512723577,0.0802574490257542,0.016260917793240848,0.05369898878120349,0.016805400708695198,0.09187542575284209,0.07288603266057705,9,143,0.029069427907505285,0.13277262630947007,True,False,True,3.857974604472331e-05,COMPLETE
213,0.5707814931869507,2025-04-21 13:19:47.435377,2025-04-21 13:19:57.834121,0 days 00:00:10.398744,0.44362226839019064,0.603000739357256,2,0.006915048643142459,0.06698939784039279,0.05945581439786983,0.046965137675817926,0.010130435977436889,0.08928063304277319,0.06449374051506161,8,140,0.030826939197056095,0.1258972835285197,True,False,True,2.3473680189597284e-05,COMPLETE
214,0.46740365028381353,2025-04-21 13:19:57.902991,2025-04-21 13:20:08.854073,0 days 00:00:10.951082,0.8140946562345752,0.5975836747568797,2,0.019342950983003673,0.06518668678494065,0.0578318932822405,0.04698898430107502,0.010107317566126721,0.08949634517806435,0.0884278921664942,9,145,0.027706445594537825,0.1122414824816131,True,False,True,2.2219752981118834e-05,COMPLETE
215,0.4005303502082825,2025-04-21 13:20:08.924141,2025-04-21 13:20:19.257008,0 days 00:00:10.332867,0.47931644157872466,0.5706391877556347,2,0.00029094391479248145,0.06713077146675386,0.0603478912469697,0.049296977159985995,0.007310741848819351,0.08650891822673394,0.05955226203487554,8,140,0.030765464619027606,0.1259787877675074,True,False,True,2.97867916325156e-05,COMPLETE
216,0.47625348567962644,2025-04-21 13:20:19.327525,2025-04-21 13:20:29.725311,0 days 00:00:10.397786,0.687033734081136,0.6064339952750244,2,0.01037391564900599,0.07704916504238188,0.013929054864507252,0.05226218327631728,0.010444175416186054,0.04872666359666829,0.0995091429528942,8,148,0.024014539921409818,0.13664358925921227,True,False,True,3.433154831358896e-05,COMPLETE
217,0.3833460688591004,2025-04-21 13:20:29.794658,2025-04-21 13:20:41.206786,0 days 00:00:11.412128,0.771823468388444,0.5475303743854366,2,0.015537351861737997,0.0841811974272062,0.05123223202999734,0.04625401190455498,0.013748046984135674,0.08884704340205112,0.03497869832744246,10,150,0.02938851173240394,0.1265050319360997,True,False,True,0.00011521256334918155,COMPLETE
218,0.5817872643470765,2025-04-21 13:20:41.275416,2025-04-21 13:20:52.256471,0 days 00:00:10.981055,0.5089345827597241,0.5869058620969138,2,0.007229665561724906,0.09454167958585923,0.012911007905364424,0.04399252921161051,0.020496308059193485,0.08467934420022012,0.04427275050799106,9,143,0.03187334414711029,0.14129209060806833,True,False,True,1.5434469816102185e-05,COMPLETE
219,0.3842971324920655,2025-04-21 13:20:52.330010,2025-04-21 13:21:03.739399,0 days 00:00:11.409389,0.5089350564420909,0.24592462835387963,2,0.022392196879309254,0.09206309068518181,0.047477053316962406,0.04272613819013893,0.019972612586727886,0.084567967560089,0.045580008173774715,10,143,0.025904712854120687,0.11161022287614296,True,False,True,1.2836436588248374e-05,COMPLETE
220,0.3547505855560303,2025-04-21 13:21:03.818890,2025-04-21 13:21:14.171648,0 days 00:00:10.352758,0.9623615056484104,0.5802902301323646,2,0.0071993963760377646,0.0956577269511386,0.016262805780920216,0.044874792030886776,0.021882809152547488,0.08437606485021565,0.030481797297999214,8,145,0.030636983326297346,0.13248392265790607,True,False,True,1.602604123675407e-05,COMPLETE
221,0.5219390511512756,2025-04-21 13:21:14.242163,2025-04-21 13:21:25.167584,0 days 00:00:10.925421,0.44923286588363465,0.6051922592263236,2,0.005569552945018265,0.04187557170358072,0.012351579977245356,0.048454953806585446,0.017935360738460086,0.0869852355041052,0.06083088748204197,9,141,0.03186666914365699,0.14271526646160285,True,False,True,2.6405703170934493e-05,COMPLETE
222,0.2686110377311707,2025-04-21 13:21:25.238110,2025-04-21 13:21:36.152042,0 days 00:00:10.913932,0.9894861760611291,0.5897027642594329,2,0.010385626072675623,0.10172236890632678,0.014054739992426962,0.05112725322400026,0.014714313040066936,0.09153457180579586,0.04841922840413229,9,147,0.03243057362420768,0.13885810296083068,True,False,True,2.03075999363221e-05,COMPLETE
223,0.39774106740951537,2025-04-21 13:21:36.222275,2025-04-21 13:21:46.959313,0 days 00:00:10.737038,0.8808008991974638,0.6395435432346824,2,0.014558677498077436,0.08411324948059895,0.01236097516470022,0.0467500975879353,0.019471891896398433,0.0939206007974361,0.07410631270595436,9,23,0.02757830279592553,0.1447285297821204,True,False,True,3.9565815540485924e-05,COMPLETE
224,0.3852465391159058,2025-04-21 13:21:47.030418,2025-04-21 13:21:57.336991,0 days 00:00:10.306573,0.8432709815447804,0.4351278670757506,2,0.0056838459396654694,0.07010361861470071,0.015779363999056877,0.05331055592911509,0.016553457338281254,0.08210106265294637,0.03837051849445388,8,143,0.029203809439149804,0.1266806503395658,True,False,True,2.9185492459383804e-05,COMPLETE
225,0.44973224401474005,2025-04-21 13:21:57.408435,2025-04-21 13:22:08.828777,0 days 00:00:11.420342,0.4445186719136725,0.5683659524401438,2,0.0005718953454854157,0.09054012087276096,0.01934281450868856,0.05021180940528494,0.011559629561046478,0.0908033548205757,0.06121210280349901,10,139,0.03284771378114327,0.16296706954811516,True,False,True,1.9247787732409074e-05,COMPLETE
226,0.4572398900985718,2025-04-21 13:22:08.900174,2025-04-21 13:22:19.824346,0 days 00:00:10.924172,0.2886604046128346,0.7873831873275847,2,0.028647327449532717,0.1034583331140492,0.008857073317298379,0.04370838306884787,0.020968549696434483,0.08886981651258442,0.0819157338244007,9,147,0.030375226692651983,0.10028811525945597,True,False,True,2.3350596460170078e-05,COMPLETE
