number,value,datetime_start,datetime_complete,duration,params_alpha-eval,params_alpha-train,params_batch-size,params_eps-eval,params_eps-train,params_lambda-actions-eval,params_lambda-actions-train,params_lambda-frames-eval,params_lambda-frames-train,params_learning-rate,params_n-epochs,params_n-frames,params_radius-gw,params_rho,params_std-feats,params_ub-actions,params_ub-frames,params_weight-decay,state
1136,0.3968019008636475,2025-04-21 16:10:38.246421,2025-04-21 16:10:49.340925,0 days 00:00:11.094504,0.5050595281229968,0.5528345295795668,2,0.05709515658313769,0.07774723298017466,0.009272887205598204,0.03785007393028757,0.0038212652477398797,0.010671440228347453,0.09944617535022612,9,150,0.03186436123102877,0.22157730067259174,True,False,True,5.441950075010522e-05,COMPLETE
1137,0.40626363754272465,2025-04-21 16:10:49.707569,2025-04-21 16:11:01.820470,0 days 00:00:12.112901,0.7443228978255976,0.5804704014084776,2,0.05141262797931516,0.18806396341780302,0.0612254174892164,0.06906352935732525,0.002627243490390558,0.08845767829731287,0.01637667723132875,11,140,0.026125839695151025,0.11777671066818214,True,False,True,2.3414457493228874e-05,COMPLETE
1138,0.4073483347892761,2025-04-21 16:11:02.187584,2025-04-21 16:11:13.709566,0 days 00:00:11.521982,0.46531491236970385,0.36172679119008344,2,0.03819184705899787,0.06734283222051132,0.011074617713675159,0.061579768301332896,0.01661302095982274,0.08306484515463083,0.061207085673490445,10,147,0.03707908269877181,0.03008421417573439,False,False,True,0.0001410027028554991,COMPLETE
1139,0.5589659929275513,2025-04-21 16:11:14.076852,2025-04-21 16:11:25.072236,0 days 00:00:10.995384,0.4848596217204009,0.49505859528125035,2,0.02581176923492845,0.03918750323401178,0.025033374021789373,0.04965946887713154,0.01342005059963727,0.09033501664031113,0.009881642601561538,9,143,0.022854269592943663,0.101978516045287,True,False,True,0.0002079252806351272,COMPLETE
1140,0.538828432559967,2025-04-21 16:11:25.440501,2025-04-21 16:11:37.523205,0 days 00:00:12.082704,0.4180308688163457,0.5992793998218071,2,0.032169358251471755,0.2714919124104748,0.014969445523867557,0.052777700959461424,0.01673831718151892,0.0807576108789719,0.021408795176696048,11,136,0.030321399706601613,0.014064303305653735,True,False,True,9.714203132792482e-06,COMPLETE
1141,0.4554526329040528,2025-04-21 16:11:37.891381,2025-04-21 16:11:45.127937,0 days 00:00:07.236556,0.39141070670451167,0.5193734157941838,8,0.06387378781605837,0.0891291055089621,0.013106801724943436,0.057258351283770326,0.012284499715298235,0.09215684565547812,0.074388449082059,10,150,0.03288674139686129,0.03151658453034687,True,False,True,7.277339990309826e-05,COMPLETE
1142,0.40015249848365786,2025-04-21 16:11:45.497104,2025-04-21 16:12:01.320595,0 days 00:00:15.823491,0.4444874254289582,0.5518662172141554,2,0.04302094168642337,0.08173187011301059,0.00817825302579282,0.06632444862389844,0.0013275347864374117,0.08175261825431804,0.014160242889409619,18,144,0.035430938697497305,0.017958868533296875,True,False,True,0.0003366901160370393,COMPLETE
1143,0.5161657094955444,2025-04-21 16:12:01.690962,2025-04-21 16:12:12.776412,0 days 00:00:11.085450,0.5105643503328015,0.5695680297562905,2,0.07149608267561827,0.17631764821246715,0.017367360068147458,0.05241925405389666,0.010800578338595004,0.08391652098702357,0.018303945841538608,9,147,0.028649817497478462,0.0076217635371194255,True,False,True,1.2118730464162913e-05,COMPLETE
1144,0.4100452184677124,2025-04-21 16:12:13.148685,2025-04-21 16:12:23.956378,0 days 00:00:10.807693,0.6542036984585403,0.31821353977940825,2,0.055002243376880186,0.0737257264594102,0.02065055109570668,0.05556064379597295,0.0073716769781434,0.027044834403488847,0.011643130717066756,9,26,0.02444209090747463,0.11154289197279711,True,False,True,4.2317038688382164e-05,COMPLETE
1145,0.38670647144317627,2025-04-21 16:12:24.328302,2025-04-21 16:12:35.967804,0 days 00:00:11.639502,0.7808901357611797,0.6934543274994198,2,0.01678074122759729,0.04681010958994311,0.011157318029390514,0.05044167054311077,0.004984238296061623,0.07567812988496635,0.007912302593079847,10,139,0.057858170570596675,0.1050589657701239,True,False,True,0.00011251226732183217,COMPLETE
1146,0.31023969054222106,2025-04-21 16:12:36.338986,2025-04-21 16:12:46.793880,0 days 00:00:10.454894,0.9324389159646662,0.5375376439038718,2,0.049311936869088704,0.05861220563145726,0.01376028758830899,0.04790192228944337,0.014351354681853886,0.08642022082706519,0.06813004503771795,8,141,0.030903334338118083,0.09209539905202696,True,False,True,0.00026234134749255673,COMPLETE
1147,0.5481139898300171,2025-04-21 16:12:47.167270,2025-04-21 16:12:59.194686,0 days 00:00:12.027416,0.4756799590969311,0.46675068006308157,2,0.03784210191959355,0.08332312124087089,0.016315505025623518,0.005327369349176857,0.016369308477575954,0.010659153900672586,0.0026985640600104446,11,131,0.027015869059503674,0.00711777615178215,True,False,True,2.714504522698524e-05,COMPLETE
1148,0.4758756160736084,2025-04-21 16:12:59.548416,2025-04-21 16:13:10.490566,0 days 00:00:10.942150,0.532949488428544,0.5878559941097689,2,0.02322433632373519,0.09415176641151932,0.005054285306806232,0.05414900080843179,0.08353892703980478,0.0779950399866455,0.07933249656973274,9,147,0.0198343076106079,0.2573538665675992,True,False,True,0.0008371303910092786,COMPLETE
1149,0.3492374479770661,2025-04-21 16:13:10.858768,2025-04-21 16:13:17.378908,0 days 00:00:06.520140,0.15777657377153603,0.5113188165137267,16,0.045987046682349715,0.14727006126926234,0.0097422629027764,0.05900625363238511,0.01856911773721669,0.016063274013152693,0.06171147671974948,10,55,0.039641410046606707,0.025100713414973302,True,True,True,0.00018263284611550606,COMPLETE
1150,0.3765495538711548,2025-04-21 16:13:17.743108,2025-04-21 16:13:30.632183,0 days 00:00:12.889075,0.460066378814487,0.572998136169043,2,0.03541186153357863,0.07719306683326568,0.012496507839040456,0.05134099953805023,0.018427487931825904,0.08022827811244006,0.09977800675705807,10,150,0.03380406732034768,0.08871718783471566,True,False,False,3.598049956464674e-05,COMPLETE
1151,0.5478307008743286,2025-04-21 16:13:30.999910,2025-04-21 16:13:42.078156,0 days 00:00:11.078246,0.498168784305706,0.5445554214165159,2,0.030809276782712634,0.2570995053758887,0.01848210536418521,0.06040227928494737,0.039521114477781144,0.08835453277541473,0.022506055338371026,9,145,0.02939017406068961,0.02965850900938476,True,False,True,0.0004241258098823528,COMPLETE
1152,0.5663968801498414,2025-04-21 16:13:42.448610,2025-04-21 16:14:02.656884,0 days 00:00:20.208274,0.561379898992751,0.6051702255445441,2,0.03996744882774248,0.24373135106066351,0.007088150556352472,0.04638886915008038,0.010777302915279032,0.08409670397259218,0.015588477091746615,26,142,0.03248681304876318,0.014110561531921643,True,False,True,5.531554278131477e-05,COMPLETE
1153,0.5370699644088746,2025-04-21 16:14:03.025781,2025-04-21 16:14:15.195056,0 days 00:00:12.169275,0.43184116524736804,0.5616697037546984,2,0.057087939304047396,0.08861102131335527,0.022221508527220477,0.06326208107495405,0.02057804627207412,0.008975598174624774,0.05927958168627553,11,147,0.026316320414702783,0.11146524972818694,True,False,True,2.0599087592242467e-05,COMPLETE
1154,0.5379306554794312,2025-04-21 16:14:15.568964,2025-04-21 16:14:22.595857,0 days 00:00:07.026893,0.6010752254370235,0.5860914437772178,8,0.10496200425800399,0.06950613308446561,0.015498109890253567,0.0024296995621901963,0.00837671697186865,0.086656324261092,0.08429649276387156,9,137,0.030499890451085646,0.0229151164542989,True,False,True,9.770709285692638e-05,COMPLETE
1155,0.5455120086669922,2025-04-21 16:14:22.965702,2025-04-21 16:14:33.446828,0 days 00:00:10.481126,0.4676470315271292,0.5303575542885184,2,0.046531835644703146,0.08172450839602644,0.010566928052954698,0.07102243974592552,0.059785806873516555,0.011899212727201918,0.01253851637090235,8,144,0.0282489889250164,0.1026142089425814,True,False,True,0.0001477910620261594,COMPLETE
1156,0.3078746974468231,2025-04-21 16:14:33.818536,2025-04-21 16:14:46.323089,0 days 00:00:12.504553,0.5155363546995306,0.6024011308502115,2,0.0639359174970221,0.1644995803829865,0.013955293304327068,0.07526057537076336,0.006461398318321716,0.020453114067254138,0.018657026541208432,12,142,0.03528232995221731,0.11775484706760966,False,False,True,0.00032914355714970273,COMPLETE
1157,0.4752608597278595,2025-04-21 16:14:46.695268,2025-04-21 16:14:58.272552,0 days 00:00:11.577284,0.4465070505673785,0.48540334293172327,2,0.02598762860362852,0.1570882907667208,0.008849123163218243,0.06564932629541573,0.014295395475604458,0.0817762916064782,0.010280057191147145,10,150,0.024573197017853814,0.03429215256220562,True,False,True,5.6644379315674045e-06,COMPLETE
1158,0.3953896641731262,2025-04-21 16:14:58.643049,2025-04-21 16:15:09.555463,0 days 00:00:10.912414,0.49433176904756126,0.563133737304685,2,0.052547020216817605,0.09860816462506831,0.0034568435318335948,0.049118389368551306,0.016950326822365573,0.09201393674347969,0.06959993699585537,9,42,0.03234752841951148,0.01913261084923116,True,False,True,3.204937116606285e-05,COMPLETE
1159,0.5224143385887147,2025-04-21 16:15:09.926109,2025-04-21 16:15:21.528860,0 days 00:00:11.602751,0.539152912933427,0.5115947943255456,2,0.040231054391538804,0.2195760956065979,0.01203476714700192,0.06750357509431523,0.019319574188529507,0.07932153190629261,0.06085094507399235,10,147,0.0291761478732605,0.09335429952383706,True,False,True,1.4659793221836774e-05,COMPLETE
1160,0.5750840544700623,2025-04-21 16:15:21.901278,2025-04-21 16:15:32.954476,0 days 00:00:11.053198,0.41189666122752333,0.5794169335824667,2,0.03192934498150626,0.06323763353548473,0.01815331312941553,0.05359401284049595,0.004038797369977023,0.0029288650567925356,0.05520882643045467,9,139,0.030811641839803366,0.008412239838455493,True,False,True,4.009339381574549e-08,COMPLETE
1161,0.49678413867950444,2025-04-21 16:15:33.327620,2025-04-21 16:15:43.822935,0 days 00:00:10.495315,0.48126095578609707,0.5406711120635537,2,0.04234642008195727,0.09011786778947513,0.015504474237209994,0.05689609771755172,0.021266943894101307,0.09989096501805701,0.01447027552724977,8,144,0.021421990021228993,0.0010404773995081936,True,False,True,0.0005779473125083225,COMPLETE
1162,0.4000619232654572,2025-04-21 16:15:44.196240,2025-04-21 16:15:55.895012,0 days 00:00:11.698772,0.4528642766569954,0.6186863088145599,2,0.019847360189005396,0.07297592160692726,0.007741968966463765,0.007692264081952427,0.0012715187715776903,0.09017027841010396,0.08432661730971212,10,148,0.033869272940253596,0.10676990176476382,True,False,True,4.061162328591456e-05,COMPLETE
1163,0.3712154746055603,2025-04-21 16:15:56.270504,2025-04-21 16:16:07.287660,0 days 00:00:11.017156,0.9950324576799683,0.5479048104341602,2,0.04868127207437982,0.08482109265050755,0.023489602631888006,0.05084873325224731,0.01787077348733969,0.013958973825792195,0.022748658894040593,9,145,0.02698030002235313,0.02864857132034618,True,False,True,0.0002549426961820828,COMPLETE
1164,0.29691702127456665,2025-04-21 16:16:07.658945,2025-04-21 16:16:19.687292,0 days 00:00:12.028347,0.5167820692373871,0.5896205368344404,2,0.14479139954106074,0.12589159117345877,0.013083303044386015,0.052675944050033154,0.015616993670896561,0.07649814096615712,0.01846815157229845,11,134,0.03798581306548526,0.0984623315436385,True,False,True,7.778310072813653e-06,COMPLETE
1165,0.3802659988403321,2025-04-21 16:16:20.060384,2025-04-21 16:16:31.619030,0 days 00:00:11.558646,0.6921041029986509,0.5658856988104657,2,0.03676570908461578,0.029147478126164812,0.02065402640982514,0.054631493834959854,0.013381019920055125,0.0840183631284626,0.05582514059178897,10,150,0.031754062733985323,0.11979513202106797,True,False,True,2.2527294668561866e-05,COMPLETE
1166,0.48729292154312137,2025-04-21 16:16:31.999637,2025-04-21 16:16:38.893187,0 days 00:00:06.893550,0.3789377504849283,0.522796416171496,8,0.05985196417249009,0.09192932341068545,0.010655140133696714,0.04935851496967201,0.06349764242667541,0.09415325550955761,0.0709684174150709,9,49,0.02889670858880612,0.012412009499908986,True,False,True,0.00018648497263910708,COMPLETE
1167,0.39372408390045166,2025-04-21 16:16:39.265723,2025-04-21 16:16:50.941319,0 days 00:00:11.675596,0.49288320171827227,0.5006294305250487,2,0.07579776606986532,0.08026307664703342,0.01683157667636165,0.09569011506194687,0.02200707202373169,0.008454164384837518,0.011471012066897532,10,128,0.025850534435325243,0.02260188390916936,True,True,True,2.6554324363448518e-08,COMPLETE
1168,0.5333065748214723,2025-04-21 16:16:51.312833,2025-04-21 16:17:01.878751,0 days 00:00:10.565918,0.43146446759653495,0.6443312085441478,2,0.029365536425020062,0.09636106634374286,0.014254568956318523,0.05529625672249173,0.08865252833524441,0.08559972930892658,0.0050792861745301105,8,141,0.035036079048736624,0.08717229450030958,True,False,True,7.747049161320269e-05,COMPLETE
1169,0.3787322759628296,2025-04-21 16:17:02.253315,2025-04-21 16:17:09.320060,0 days 00:00:07.066745,0.57146211684289,0.6767178161641528,16,0.043709267922807854,0.05201396091932085,0.0062150750633784575,0.044308688028588644,0.005428490974940711,0.08203683923404492,0.015095962670930893,11,145,0.02343981008523772,0.03408309973952231,True,False,False,0.00013421921881815263,COMPLETE
1170,0.4352240681648255,2025-04-21 16:17:09.695623,2025-04-21 16:17:20.820079,0 days 00:00:11.124456,0.4671138185385244,0.06890739959937786,2,0.05589258750669506,0.07565135043866131,0.009344388947001464,0.04748995122711877,0.019725670356918898,0.08787923758929624,0.06956242801112575,9,124,0.03081851180645747,0.0381376347743048,True,False,True,6.222038898332848e-05,COMPLETE
1171,0.36538994312286377,2025-04-21 16:17:21.192788,2025-04-21 16:17:34.422029,0 days 00:00:13.229241,0.5355613369897417,0.6080199935229923,2,0.03433333943143023,0.08703771092305784,0.01899683331175782,0.06901518437544812,0.02350485992338702,0.09801077689933142,6.81780181628865e-05,13,137,0.02840246716514529,0.04659228010152487,True,False,True,4.075415041915197e-06,COMPLETE
1172,0.39995586872100836,2025-04-21 16:17:34.799094,2025-04-21 16:17:49.594535,0 days 00:00:14.795441,0.5105625703086817,0.7768321852739145,2,0.05002849780015355,0.26601635787466765,0.011460442916945248,0.05071236274545716,0.008819525555227591,0.0011709865334426236,0.007242124897726816,16,148,0.03278014232590735,0.015832877721457497,True,False,True,2.728527185822564e-05,COMPLETE
1173,0.43493726253509524,2025-04-21 16:17:49.967321,2025-04-21 16:18:01.551513,0 days 00:00:11.584192,0.4464911546076833,0.5542483558846457,2,0.01591393168159829,0.06501743479692285,0.027651226838822852,0.005568858959724433,0.01794637861503403,0.07892460744993365,0.05471221585730914,10,143,0.03636172790262359,0.11123171956770912,True,False,True,1.6604756872736416e-05,COMPLETE
1174,0.577772581577301,2025-04-21 16:18:01.931068,2025-04-21 16:18:12.960592,0 days 00:00:11.029524,0.48579958620207314,0.5876481508977479,2,0.025122231664746753,0.20943508500083435,0.03397028627723525,0.06378859940023393,0.03025576938971884,0.012440494688009828,0.020192105172273267,9,150,0.027090347927616047,0.0014596838109410832,True,False,True,4.938198403922989e-05,COMPLETE
1175,0.5132854461669922,2025-04-21 16:18:13.337542,2025-04-21 16:18:25.486730,0 days 00:00:12.149188,0.4092697108297541,0.8780067860418257,2,0.06725921877540014,0.23731415713273346,0.015099389271660657,0.06102149864692832,0.03321884411156962,0.08247411761737639,0.08025813145797256,11,147,0.030419091390161232,0.0989639857145164,True,False,True,2.223231087973003e-07,COMPLETE
1176,0.32031034827232363,2025-04-21 16:18:25.863766,2025-04-21 16:18:36.285719,0 days 00:00:10.421953,0.552131232159386,0.5321024183078186,2,0.04243019353570594,0.10524157574688973,0.012741707816352652,0.05688302936609051,0.010684716682772426,0.009274683082616489,0.00953946132367997,8,139,0.03349968960646341,0.02849219491344633,False,False,True,0.0001630391107119902,COMPLETE
1177,0.5035750031471253,2025-04-21 16:18:36.661315,2025-04-21 16:18:48.201457,0 days 00:00:11.540142,0.4690274064598342,0.6297695092643828,2,0.05239952578858629,0.1832211997738387,0.01754276994849861,0.05261024427075862,0.020268468379078735,0.08951546055511336,0.024045775585595685,10,145,0.025671606295579984,0.009428474266690214,True,False,True,0.00037017136073716955,COMPLETE
1178,0.5365481972694397,2025-04-21 16:18:48.579150,2025-04-21 16:18:59.537112,0 days 00:00:10.957962,0.5037073526588729,0.5735187072384771,2,0.03692841791660131,0.09466918712215117,0.008232148233162869,0.058642858160685055,0.01553879319785651,0.006570927850177837,0.09857784613096451,9,141,0.028993163314870278,0.04193875653642819,True,False,True,1.1331404140020813e-05,COMPLETE
1179,0.3616714239120484,2025-04-21 16:18:59.917859,2025-04-21 16:19:06.869263,0 days 00:00:06.951404,0.4295588032009966,0.6008963218592775,8,0.04666989926671751,0.19838343019793447,0.016069955285315966,0.046332698384969534,0.0035005954113167467,0.0802320750697987,0.016754134220316824,8,147,0.03157377628544506,0.09022243372246484,True,False,True,0.00023284617335186407,COMPLETE
1180,0.38025941848754885,2025-04-21 16:19:07.247785,2025-04-21 16:19:18.294522,0 days 00:00:11.046737,0.5273071104491948,0.5491218319512571,2,0.0325537696412085,0.0823559846336488,0.011764453591352489,0.008069901931123433,0.022444467479836097,0.01888212760331367,0.00010341356171559402,9,150,0.024212850341849654,0.016899549543525044,True,False,True,0.00010809898316674461,COMPLETE
1181,0.5110110878944397,2025-04-21 16:19:18.677744,2025-04-21 16:19:30.327228,0 days 00:00:11.649484,0.48124973795821135,0.5730628918046639,2,0.062395931764161014,0.07066154491057106,0.00964215001850739,0.0033382868727864206,0.02862919983559195,0.08491338361949705,0.05140966676884126,10,143,0.02741883590212422,0.10555056489821671,True,False,True,3.385237985083238e-05,COMPLETE
1182,0.5432324647903443,2025-04-21 16:19:30.706963,2025-04-21 16:19:42.241893,0 days 00:00:11.534930,0.45213517033067463,0.5226697502863006,2,0.04157071972357139,0.08658039708854695,0.01356504077301494,0.049137935813683795,0.017975571211012637,0.003217943955109072,0.01331349614276073,10,135,0.029716290176190176,0.04992017095899409,True,False,True,1.8504327060064836e-05,COMPLETE
1183,0.3742630839347839,2025-04-21 16:19:42.621333,2025-04-21 16:19:54.757563,0 days 00:00:12.136230,0.467047055727174,0.47061319216629416,2,0.027196472560054696,0.10022163710308953,0.004366940391768993,0.06598619919013872,0.020240983035972958,0.07538800380708519,0.06630538409871846,11,147,0.03395003020339937,0.0364302992353524,True,False,True,0.0002939689089515711,COMPLETE
1184,0.404023551940918,2025-04-21 16:19:55.139924,2025-04-21 16:20:06.177737,0 days 00:00:11.037813,0.397821001981693,0.49774372994282784,2,0.055747143827879306,0.07616891839706708,0.019304938459340504,0.051723085523146695,0.0235737220620727,0.010470228481732166,0.08478281996965324,9,145,0.03615498671720757,0.024222838066599223,True,False,True,2.484742304728222e-05,COMPLETE
1185,0.31266218423843384,2025-04-21 16:20:06.558783,2025-04-21 16:20:18.126824,0 days 00:00:11.568041,0.5877570822453134,0.656941869117932,2,0.0813238506289874,0.11070039326001904,0.0072221336423626895,0.05412529256030013,0.011918129883063053,0.09629192758260034,0.05375661128118018,10,140,0.03181338164440154,0.09465724340014532,True,False,True,4.112608598999928e-05,COMPLETE
1186,0.28286103010177616,2025-04-21 16:20:18.509892,2025-04-21 16:20:29.172803,0 days 00:00:10.662911,0.5287078284476268,0.6147887622184156,2,0.04555215083149377,0.09161650519450086,0.011210457116719584,0.06254697841997899,0.0011533278882876665,0.09281685185760129,0.02203140115999859,8,150,0.027719820896350007,0.11374570113666109,True,True,True,0.00020251203522727543,COMPLETE
1187,0.5759637594223023,2025-04-21 16:20:29.558280,2025-04-21 16:20:40.568140,0 days 00:00:11.009860,0.49985262613995,0.5584483111943177,2,0.036872288280854655,0.07923520616238523,0.01499698389259369,0.07204160742722861,0.016719653437907857,0.07792503775522565,0.0717645184444538,9,142,0.02182973316788646,0.04270634341147779,True,False,True,8.941948815316258e-05,COMPLETE
1188,0.3728848457336426,2025-04-21 16:20:40.949878,2025-04-21 16:20:54.432221,0 days 00:00:13.482343,0.7210410842080113,0.5929180765207344,2,0.050147928601049434,0.08974953358154285,0.01685665183544288,0.05575103124349652,0.006682371310777063,0.08675694405731263,0.0002857017688163768,11,147,0.029813927294400883,0.03164889933668555,True,False,False,3.021796609680061e-05,COMPLETE
1189,0.3947665333747864,2025-04-21 16:20:54.815029,2025-04-21 16:21:06.307074,0 days 00:00:11.492045,0.42257832780205357,0.5337217955245865,2,0.020633573754402158,0.06045557151157804,0.013418636767992438,0.032925947533727025,0.02174188540958035,0.007695299733326913,0.0111734429775404,10,138,0.08139610742401736,0.12169683529910756,True,False,True,6.130955399731743e-05,COMPLETE
1190,0.3706211805343628,2025-04-21 16:21:06.691955,2025-04-21 16:21:13.205444,0 days 00:00:06.513489,0.5489391257436576,0.5766656685316891,16,0.030051293030542152,0.0848928504644993,0.009518723984937718,0.04819760565204965,0.013742730140209772,0.08330858814659281,0.016139701035216693,9,145,0.02527203157503162,0.02014792475606183,True,False,True,0.0004871347861932921,COMPLETE
1191,0.564713728427887,2025-04-21 16:21:13.589295,2025-04-21 16:21:24.124911,0 days 00:00:10.535616,0.4880934232080807,0.6289631125257641,2,0.039752645762640204,0.09771679519848263,0.006235776486020128,0.0010068839657162141,0.02414249619045172,0.0914010483646778,0.061684905210326234,8,143,0.03277585866813735,0.05086572419608591,True,False,True,0.00015007309519628109,COMPLETE
1192,0.287714171409607,2025-04-21 16:21:24.509057,2025-04-21 16:21:31.741583,0 days 00:00:07.232526,0.854190622946812,0.7366116755007361,8,0.05844226884746816,0.07234004780916838,0.019659960641593463,0.010232157841644806,0.02675216152193083,0.004398470718998408,0.02537762164484181,10,148,0.030370508929017482,0.011361775722585085,True,False,True,1.3098764853139567e-05,COMPLETE
