number,value,datetime_start,datetime_complete,duration,params_alpha-eval,params_alpha-train,params_batch-size,params_eps-eval,params_eps-train,params_lambda-actions-eval,params_lambda-actions-train,params_lambda-frames-eval,params_lambda-frames-train,params_learning-rate,params_n-epochs,params_n-frames,params_radius-gw,params_rho,params_std-feats,params_ub-actions,params_ub-frames,params_weight-decay,state
113,0.5722742319107056,2025-04-21 13:01:38.876819,2025-04-21 13:01:48.667698,0 days 00:00:09.790879,0.4966077017970221,0.7566507071690541,2,0.016104545594017267,0.13730114957702652,0.01944372747750808,0.052629254178298994,0.02643209175112038,0.08928021100980243,0.039009552850780956,7,136,0.03358805912738259,0.1712682408376959,True,False,True,3.427837494969029e-07,COMPLETE
114,0.5595565438270569,2025-04-21 13:01:48.706184,2025-04-21 13:01:58.496626,0 days 00:00:09.790442,0.5366228615867293,0.7374987651816196,2,0.0049826021042830085,0.13758085774037937,0.01960414140602835,0.053981145619614514,0.03283508948166009,0.09022297570816049,0.04065276354028595,7,134,0.03377729769227091,0.17046189161235714,True,False,True,1.2716808555358307e-06,COMPLETE
115,0.3871628999710083,2025-04-21 13:01:58.533997,2025-04-21 13:02:08.411723,0 days 00:00:09.877726,0.5373472597725317,0.7503969313830776,2,0.004233159209405802,0.13760005652138801,0.01774475507291269,0.05294471092375663,0.03195114198462622,0.08948086941877048,0.03941475722287396,7,136,0.0025773588332200364,0.27057403793418394,True,False,True,1.263670868272677e-06,COMPLETE
116,0.28286103010177616,2025-04-21 13:02:08.451596,2025-04-21 13:02:17.295021,0 days 00:00:08.843425,0.49538079236823973,0.012006196116791934,2,0.029453482485580648,0.12421119159019559,0.023580714544954463,0.05432450878440889,0.04002350253144268,0.09837566612562343,0.060983274700281566,5,130,0.03318371222397394,0.16689182427037727,True,True,True,1.0467893408535987e-06,COMPLETE
117,0.3733614802360535,2025-04-21 13:02:17.335964,2025-04-21 13:02:24.552741,0 days 00:00:07.216777,0.6008220257290119,0.8021314913543596,8,0.012060840527033996,0.1494202133486086,0.015201303551472551,0.04415364329875479,0.032971067049695435,0.0949350630431058,0.07920295560787836,9,147,0.026655237786685507,0.1695996633659924,True,False,False,3.918857104765339e-07,COMPLETE
118,0.44238220453262334,2025-04-21 13:02:24.592139,2025-04-21 13:02:33.829874,0 days 00:00:09.237735,0.4550863485797125,0.8207437842613128,2,0.00011759993914321927,0.1210566521317458,0.020571964695862758,0.049806206128644746,0.027930099406339417,0.09181694225610679,0.04448776684068177,6,143,0.035865227693404,0.15071378895188198,True,False,True,7.456588712593218e-07,COMPLETE
119,0.5128259181976319,2025-04-21 13:02:33.869303,2025-04-21 13:02:55.819753,0 days 00:00:21.950450,0.5620238325477952,0.8894126583060665,2,0.021748629379391034,0.15706887110085893,0.05143781802628701,0.0564048755250295,0.026801341923698166,0.041474669677427974,0.031985098194531984,30,150,0.02834600860240325,0.23652038437682288,True,False,True,2.995858660291685e-07,COMPLETE
120,0.49499604701995853,2025-04-21 13:02:55.858992,2025-04-21 13:03:05.655287,0 days 00:00:09.796295,0.5136136686379953,0.6592088079278746,2,0.03929614595711725,0.11395587744577167,0.009549847523071133,0.046753770735580534,0.03590887551014542,0.08788721360626388,0.027849443448212944,7,138,0.02461243500826485,0.18765228315058755,True,False,True,5.162436325732882e-07,COMPLETE
121,0.5237877011299134,2025-04-21 13:03:05.696645,2025-04-21 13:03:16.096998,0 days 00:00:10.400353,0.46484045892276316,0.7134969724112303,2,0.017620389975909645,0.09172018117184563,0.02564081678618776,0.060471990362623566,0.033769839929979534,0.08226200271635034,0.023022870250758217,8,134,0.040101552673838234,0.17410296657582616,True,False,True,1.4209248661028904e-06,COMPLETE
122,0.5488301753997803,2025-04-21 13:03:16.137111,2025-04-21 13:03:26.899792,0 days 00:00:10.762681,0.42714392862348916,0.7364919861225602,2,0.007482669331240643,0.12570108140024866,0.005540890209040538,0.03224560225009608,0.026005864691634642,0.09269793867250231,0.05077471673506916,9,126,0.03364420351513194,0.19718311373719244,True,False,True,9.047743719543714e-07,COMPLETE
123,0.5494463920593262,2025-04-21 13:03:26.949386,2025-04-21 13:03:37.809103,0 days 00:00:10.859717,0.49900470465225877,0.6802581285363978,2,0.007129603486997895,0.12526817131674833,0.006600914764142657,0.029667063405809508,0.025861753814561374,0.09644851064921245,0.03667782221082528,9,145,0.03126552812102304,0.19671744758207732,True,False,True,1.0294893466993144e-06,COMPLETE
124,0.5639638543128968,2025-04-21 13:03:37.849814,2025-04-21 13:03:47.167963,0 days 00:00:09.318149,0.4118850775677308,0.6256870324352672,2,0.023544975756950363,0.12423308377567076,0.011064392059009328,0.032583634246272246,0.026524991077833352,0.09634688865557765,0.05188549519823734,6,145,0.03402333736852099,0.19494270066739278,True,False,True,8.597891899368105e-07,COMPLETE
125,0.5662248969078064,2025-04-21 13:03:47.209299,2025-04-21 13:03:56.503360,0 days 00:00:09.294061,0.4248900957694106,0.6265882887089047,2,0.004825770631015153,0.1248554486285871,0.007406336165500143,0.034698531526843664,0.022932144737286435,0.0995540042463172,0.06814763995243821,6,140,0.034427147030195934,0.19520646489639484,True,False,True,1.790902725323195e-06,COMPLETE
126,0.5639576315879822,2025-04-21 13:03:56.544791,2025-04-21 13:04:06.322912,0 days 00:00:09.778121,0.4184896457012766,0.6241163661299746,2,0.005535804441635308,0.1383876333728531,0.011051051435426708,0.033577352085069186,0.02325548831402162,0.09952624650400692,0.052251097352490346,7,141,0.0344614439207235,0.196740206735854,True,False,True,9.85261261727325e-07,COMPLETE
127,0.32092746496200564,2025-04-21 13:04:06.364476,2025-04-21 13:04:15.752021,0 days 00:00:09.387545,0.4154874517394648,0.632873678152442,2,0.14156119430281922,0.1372527172481257,0.011306659643928796,0.0358022970297945,0.023173677477730338,0.09975629561847887,0.06541195227660086,6,141,0.037297012346697335,0.2086802834608478,True,False,True,2.795026133305752e-06,COMPLETE
128,0.43765934705734255,2025-04-21 13:04:15.793424,2025-04-21 13:04:25.650477,0 days 00:00:09.857053,0.38143713819957176,0.5762185770473955,2,0.00039285563587969884,0.14638036085172834,0.015392638154964888,0.03981316365969106,0.016227873717486976,0.09711843543130866,0.09620214293579758,7,139,0.035805333659673415,0.19220369591995745,True,False,True,5.597097511431135e-06,COMPLETE
129,0.48522815704345706,2025-04-21 13:04:25.692660,2025-04-21 13:04:34.327183,0 days 00:00:08.634523,0.5343670325924067,0.6086062236695708,2,0.015214664275853914,0.10634976850633024,0.007951699405648242,0.029058978346241642,0.01999987883919761,0.09609305952177677,0.07262941279572745,5,40,0.029656549211787786,0.20333086249549617,True,False,True,1.8147437976004088e-06,COMPLETE
130,0.40971070528030396,2025-04-21 13:04:34.371916,2025-04-21 13:04:43.624349,0 days 00:00:09.252433,0.46622498779754973,0.6862530716811724,2,0.006889884473671607,0.11418255428624499,0.01834494525016961,0.022646598819158086,0.021844961421923725,0.09845849150459282,0.055751638430543676,6,131,0.03894304413515055,0.21523209926614886,True,False,True,1.1535866785303231e-06,COMPLETE
131,0.5449176669120789,2025-04-21 13:04:43.667473,2025-04-21 13:04:54.533933,0 days 00:00:10.866460,0.4308218682002357,0.6667688293381681,2,0.007487728237911703,0.1267577015221428,0.008135669815152334,0.027306539548632398,0.025456911817241665,0.09275953861758496,0.05109010326657419,9,127,0.03300238258751268,0.19677417587452475,True,False,True,9.651412352593764e-07,COMPLETE
132,0.2816163539886475,2025-04-21 13:04:54.578073,2025-04-21 13:05:05.053168,0 days 00:00:10.475095,0.4189437711254331,0.5761942042318662,2,0.16060606035642658,0.09746043873144682,0.006660806939578823,0.03162035163648826,0.026347828416243505,0.09547898507288372,0.04031363585984085,8,144,0.03451025657308626,0.1824192830972824,True,False,True,2.4925460795636338e-06,COMPLETE
133,0.5585524201393128,2025-04-21 13:05:05.096758,2025-04-21 13:05:16.506879,0 days 00:00:11.410121,0.399006894509205,0.6185856322533475,2,0.010845936822947069,0.14321928131992623,0.0039290604995099385,0.03346808444269623,0.01929432722162437,0.09971737391298184,0.04779742538865567,10,137,0.033676808696447895,0.19731260275412052,True,False,True,8.752887402373869e-07,COMPLETE
134,0.5759796500205994,2025-04-21 13:05:16.550806,2025-04-21 13:05:28.510239,0 days 00:00:11.959433,0.400252252003358,0.6047179587957252,2,0.012898214333468726,0.13632872843794366,0.011164626763115755,0.0350796743026355,0.01846573214770137,0.09979667470174965,0.08145819671261613,11,137,0.03034892551072574,0.20266754170389034,True,False,True,6.339384914111345e-07,COMPLETE
135,0.47135499715805057,2025-04-21 13:05:28.554204,2025-04-21 13:05:40.447983,0 days 00:00:11.893779,0.38472682762622556,0.5298843309068821,2,0.014525740206784123,0.14001222101168498,0.010606690447744422,0.037925892638770185,0.018339360593803786,0.09949449794974354,0.06803130563798401,11,136,0.027208191025956813,0.20336059258928219,True,False,True,6.164320529299783e-07,COMPLETE
136,0.37125867605209356,2025-04-21 13:05:40.491554,2025-04-21 13:05:51.843994,0 days 00:00:11.352440,0.35396092969700704,0.6263737427314917,2,0.02454539402192178,0.15285490421576672,0.013535564583331593,0.03431299767688643,0.01425298453945976,0.09983978871829603,0.07836384216716637,10,133,0.07987024734865641,0.18578865584431103,True,False,True,1.3048692177214514e-06,COMPLETE
137,0.28286103010177616,2025-04-21 13:05:51.888500,2025-04-21 13:06:01.856765,0 days 00:00:09.968265,0.4023800672925741,0.5906179191832855,2,0.03285690361920666,0.1355102430623529,0.0038322420420072965,0.03659647873430041,0.020059529487395155,0.09720609407709775,0.085393914851832,7,138,0.03456338840458057,0.1793142872060287,True,True,True,5.110650409857908e-07,COMPLETE
138,0.3605095505714417,2025-04-21 13:06:01.911053,2025-04-21 13:06:26.434791,0 days 00:00:24.523738,0.3271302040211894,0.5566571373986825,2,0.014352393916357602,0.14511175869573595,0.014899493691115793,0.032988983170110626,0.023207350156388255,0.09393966878198626,0.04833811965326795,29,141,0.02942193959587509,0.17102251543152355,True,False,False,1.6079577243007889e-06,COMPLETE
139,0.3873567581176758,2025-04-21 13:06:26.479754,2025-04-21 13:06:38.994201,0 days 00:00:12.514447,0.40067997118025844,0.6412579240531593,2,0.024329889902950062,0.11596132802963247,0.018575296534820953,0.05292253811755393,0.01635444825744098,0.09003401937190575,0.058368727355209295,12,137,0.03798426985931153,0.14233885568480895,True,False,True,7.011113283800834e-07,COMPLETE
140,0.5681825995445251,2025-04-21 13:06:39.040600,2025-04-21 13:06:50.470583,0 days 00:00:11.429983,0.45206799769545014,0.6479374016507881,2,0.0007309939678481689,0.17503511577059574,0.012425132474412402,0.05847580484115028,0.02894780554996753,0.09815883384372892,0.04216771099109946,10,129,0.036002492730850606,0.18897344215510856,True,False,True,1.934019024865754e-06,COMPLETE
141,0.5636501789093018,2025-04-21 13:06:50.516289,2025-04-21 13:07:01.940029,0 days 00:00:11.423740,0.44681325667919325,0.6173004689345513,2,0.001125998305848917,0.18324292989439184,0.012483675848610752,0.058205923075962236,0.029609525767749622,0.09748345290739928,0.035188432937790656,10,131,0.03597749052386167,0.19219114494966025,True,False,True,1.8181405785934258e-06,COMPLETE
142,0.3785916566848755,2025-04-21 13:07:01.985465,2025-04-21 13:07:13.946315,0 days 00:00:11.960850,0.45371615717252495,0.6128567761207699,2,0.003213917317604037,0.1727030165648304,0.01143191920829135,0.05647891848602264,0.03108200890465041,0.09739285289421305,0.035611895839407055,11,130,0.04364379212255827,0.20161986967126755,True,False,True,1.953359532144124e-06,COMPLETE
143,0.554517960548401,2025-04-21 13:07:13.992560,2025-04-21 13:07:24.371455,0 days 00:00:10.378895,0.47464314398846114,0.5962098903737105,2,0.0005675451159344608,0.1783530466791014,0.013532455338971442,0.058174418384639506,0.023806377624808455,0.09502851643387966,0.04333116737969542,8,123,0.03681700923669112,0.21422584623407925,True,False,True,3.5976016160024374e-06,COMPLETE
144,0.5617833137512207,2025-04-21 13:07:24.418360,2025-04-21 13:07:35.736064,0 days 00:00:11.317704,0.4401315914341851,0.6467563888146336,2,0.013098576670015719,0.19600753808452667,0.009750763343471594,0.059760103605284554,0.028948349265067272,0.09796490437418559,0.06458804874199447,10,133,0.03480277960865994,0.20842301970589003,True,False,True,4.3094335383664875e-06,COMPLETE
145,0.5259170174598694,2025-04-21 13:07:35.783370,2025-04-21 13:07:48.226327,0 days 00:00:12.442957,0.37208097972940596,0.6451027986074721,2,0.017766812784276775,0.18612302355016827,0.009184433734891506,0.06406180319910479,0.029336225200019654,0.09994994558759673,0.06502215382362296,12,132,0.0359778926802878,0.17657997276204015,True,False,True,4.670745436635515e-06,COMPLETE
146,0.2811681151390076,2025-04-21 13:07:48.273440,2025-04-21 13:08:00.183068,0 days 00:00:11.909628,0.9783837809117237,0.5738754214170239,2,0.012973984560697486,0.16575723054758845,0.0031944931099942733,0.05926112717508378,0.03115894980279891,0.09789371767709484,0.08502937389236791,11,139,0.039129767957101526,0.20681244097275214,True,False,True,3.324667664259452e-06,COMPLETE
147,0.33134807944297795,2025-04-21 13:08:00.230561,2025-04-21 13:08:11.734034,0 days 00:00:11.503473,0.43698105599329584,0.6189382615943486,2,0.2692194862126964,0.1912745597284684,0.016285120187802083,0.054117364937505005,0.022515884956696507,0.09785465667053309,0.05440642802653079,10,128,0.0409708975962219,0.18493456300744163,True,False,True,9.101922108564186e-06,COMPLETE
148,0.4296077132225037,2025-04-21 13:08:11.782265,2025-04-21 13:08:23.275702,0 days 00:00:11.493437,0.3468356618957116,0.4934213297592655,2,0.02180632131319952,0.19644941557274276,0.005192652496062589,0.05546352274604268,0.01959085511993467,0.018289715205934726,0.09873950594354476,10,134,0.032810022924035474,0.19320276841826772,True,False,True,2.237795394208832e-06,COMPLETE
149,0.3793981194496155,2025-04-21 13:08:23.324110,2025-04-21 13:08:33.145289,0 days 00:00:09.821179,0.4129438696107548,0.664736811904422,2,0.029414242794520047,0.18464222743669353,0.019724247020673744,0.05148120196095183,0.028021289565315063,0.09539422574896544,0.04436254623016137,7,147,0.03457025795894243,0.15400780157886096,True,False,True,1.3658211462358612e-06,COMPLETE
150,0.3965357422828675,2025-04-21 13:08:33.193706,2025-04-21 13:08:39.237150,0 days 00:00:06.043444,0.27800918396893004,0.5448159563300403,16,0.012433009293304997,0.0783668415978205,0.012733840893744986,0.059664372917007776,0.024288307450145846,0.09417238120194932,0.03815506885705365,6,143,0.030713045247714958,0.16921657380762709,True,False,True,1.754754852142244e-06,COMPLETE
151,0.46117988824844364,2025-04-21 13:08:39.294822,2025-04-21 13:08:49.615581,0 days 00:00:10.320759,0.49098538210141146,0.6300111509143045,2,0.006299960980914027,0.1604253486895263,0.010252420695399942,0.05721601377532685,0.017935628613341806,0.09290691207714397,0.03261752544636064,8,136,0.028013485431086473,0.22104784371665653,True,False,True,7.760336814797831e-07,COMPLETE
152,0.5181207060813904,2025-04-21 13:08:49.665422,2025-04-21 13:09:00.529021,0 days 00:00:10.863599,0.45869033814418936,0.6493155439897134,2,0.01087750844833701,0.13008782232716024,0.007905521255929788,0.061884794864459886,0.021497429995992492,0.09639267128978174,0.06192036086221071,9,130,0.030042818760303514,0.19983939365604667,True,False,True,9.123074136079526e-06,COMPLETE
153,0.5355921506881715,2025-04-21 13:09:00.578809,2025-04-21 13:09:12.030866,0 days 00:00:11.452057,0.5231460461908997,0.6030141620588738,2,0.019053687330646912,0.10039289858098263,0.0033389536892913007,0.04789038016316935,0.029130951960979465,0.09047400452430507,0.026564775845066932,10,133,0.03312556836966462,0.21079790976204166,True,False,True,9.20992284137332e-07,COMPLETE
154,0.5207736968994141,2025-04-21 13:09:12.081145,2025-04-21 13:09:22.393081,0 days 00:00:10.311936,0.44197855314048334,0.7022543696503153,2,0.0038975597727500637,0.14312381270933708,0.011894419312705512,0.05490578760127394,0.031755435469214624,0.09972260194834677,0.0493117945340923,8,125,0.02581468109458902,0.18795529690744595,True,False,True,6.0164408762515e-07,COMPLETE
155,0.3713844895362854,2025-04-21 13:09:22.445670,2025-04-21 13:09:32.299528,0 days 00:00:09.853858,0.4804006019018402,0.6799343747829021,2,0.000944207081074721,0.2043183992182241,0.01412139104731197,0.05266265983158079,0.027674012720787504,0.09252902344379471,0.03297570005471773,7,140,0.035720362134681334,0.18287184028077488,True,False,True,4.7618538909368077e-07,COMPLETE
156,0.5775486111640931,2025-04-21 13:09:32.349859,2025-04-21 13:09:43.244608,0 days 00:00:10.894749,0.3159498604635789,0.5786018121774736,2,0.024958228882909224,0.1083134812227932,0.01664539874796371,0.03509126963818875,0.02478579260750382,0.08725551311846413,0.06891293949754868,9,136,0.03156208765357859,0.1925586021438908,True,False,True,1.4375223952068641e-06,COMPLETE
157,0.5628613591194153,2025-04-21 13:09:43.294845,2025-04-21 13:09:55.236059,0 days 00:00:11.941214,0.31308980308084317,0.5641798524583288,2,0.026790585065630257,0.10998675632723699,0.017235645904129137,0.04062778012300976,0.02454967338424251,0.08936322077576554,0.07037324003239569,11,138,0.03121516789305245,0.1757274307972007,True,False,True,2.622993684823774e-06,COMPLETE
158,0.5835843324661255,2025-04-21 13:09:55.286749,2025-04-21 13:10:07.193639,0 days 00:00:11.906890,0.3220255252431698,0.5673514463314707,2,0.03846598007272628,0.10585303878560048,0.017528175113056994,0.0419211679196074,0.025093333824214154,0.08800639616335772,0.07041115984531085,11,143,0.03146521093747556,0.17425306180865602,True,False,True,4.09620394170198e-06,COMPLETE
159,0.43174822330474855,2025-04-21 13:10:07.244967,2025-04-21 13:10:19.833143,0 days 00:00:12.588176,0.31241596402107613,0.5200029540974347,2,0.037216646680467536,0.10858077205080309,0.01638918830340627,0.04193103760656124,0.024871608853889317,0.08575959936933199,0.07197000361583213,12,148,0.030662476588547816,0.17631002013816616,True,False,True,7.294370276310965e-06,COMPLETE
160,0.28286103010177616,2025-04-21 13:10:19.885185,2025-04-21 13:10:31.944702,0 days 00:00:12.059517,0.26472198851830414,0.5682984913593071,2,0.029508148483118328,0.08982782915649967,0.01674888849087129,0.04065832572654432,0.02166379966235682,0.08786496505586812,0.0802209538325594,11,141,0.038090205179596756,0.18021600235170426,True,True,True,4.404082853023659e-06,COMPLETE
161,0.45947726964950564,2025-04-21 13:10:31.997159,2025-04-21 13:10:43.905407,0 days 00:00:11.908248,0.30142441658943375,0.5945929633199717,2,0.024114347932595523,0.1044465594196462,0.020302580440273423,0.046256699540319815,0.02670280649793752,0.08875446195918343,0.05886775788647583,11,143,0.03200029198783659,0.16624323112331546,True,False,True,2.536642089518847e-06,COMPLETE
162,0.4096746325492859,2025-04-21 13:10:43.966291,2025-04-21 13:10:53.236452,0 days 00:00:09.270161,0.3391933344984172,0.5626194950938641,2,0.04238707733218759,0.1184245301403676,0.02353350927020769,0.04490949558065166,0.030512717995487913,0.08923708769291523,0.06624730468115235,6,145,0.03537727464526251,0.19232374586793818,True,False,True,3.4228455117761796e-06,COMPLETE
163,0.5539849162101746,2025-04-21 13:10:53.289395,2025-04-21 13:11:02.118086,0 days 00:00:08.828691,0.32306544668382003,0.548010391994773,2,0.034088228752815405,0.11151868479765206,0.0190765131352109,0.03744525528112037,0.02384156787018728,0.08566483824078797,0.08990485156448286,5,139,0.029655688319982342,0.17299584326705353,True,False,True,2.2421010666452586e-06,COMPLETE
164,0.5480701088905334,2025-04-21 13:11:02.171425,2025-04-21 13:11:14.056780,0 days 00:00:11.885355,0.2876782177553844,0.6051377233699798,2,0.0213593959601704,0.0986401031789117,0.010785754531879946,0.03541435721973759,0.033009082687141734,0.09090988012297628,0.09996207714835104,11,134,0.032659146903518954,0.16181944988079777,True,False,True,1.5519141207183418e-06,COMPLETE
165,0.4025488495826721,2025-04-21 13:11:14.109865,2025-04-21 13:11:25.033844,0 days 00:00:10.923979,0.3610630596948252,0.5088195801847792,2,0.048847599643393996,0.11694005769201594,0.014359126604367979,0.03887527161529521,0.026584386446296165,0.0842221827371115,0.04176725794586202,9,130,0.03699457572610171,0.15634691949434143,True,False,True,2.981884591352922e-06,COMPLETE
166,0.4008528351783752,2025-04-21 13:11:25.087525,2025-04-21 13:11:35.879784,0 days 00:00:10.792259,0.32386499816719827,0.5329700897793338,2,0.017671748118868947,0.08416554230128843,0.008160168807790419,0.04952565306837155,0.02941869022523225,0.08740957644161497,0.07076929327763756,7,137,0.0314437852073705,0.14936586451747005,True,False,False,1.1752320037003196e-06,COMPLETE
167,0.41074344515800476,2025-04-21 13:11:35.934027,2025-04-21 13:11:47.249484,0 days 00:00:11.315457,0.2728816813433358,0.5862955207141622,2,0.027509685600026288,0.10782378674361201,0.021371003949982342,0.05095536130551871,0.024902149611391974,0.09384998420289024,0.05261083023182496,10,12,0.034665359778084166,0.1864768883824175,True,False,True,4.535470920532888e-06,COMPLETE
168,0.5470232605934143,2025-04-21 13:11:47.303507,2025-04-21 13:11:57.628230,0 days 00:00:10.324723,0.37582876374310614,0.6563339461857244,2,0.015751609724929207,0.12048007643758958,0.012979409675003169,0.04167973498273771,0.02134209019124337,0.03207258590818775,0.023140949601383885,8,142,0.02834328548321658,0.16971522812473466,True,False,True,2.06744860005838e-06,COMPLETE
169,0.46471948623657233,2025-04-21 13:11:57.683295,2025-04-21 13:12:09.951238,0 days 00:00:12.267943,0.30327363219518194,0.6369590978772771,2,0.034400607114395035,0.09634068582193826,0.01729406752428678,0.047785381573764316,0.0281379068982999,0.095840674771481,0.00031680011409931187,12,60,0.0398007381941455,0.1789528799351428,True,False,True,1.5818653343244309e-06,COMPLETE
