number,value,datetime_start,datetime_complete,duration,params_alpha-eval,params_alpha-train,params_batch-size,params_eps-eval,params_eps-train,params_lambda-actions-eval,params_lambda-actions-train,params_lambda-frames-eval,params_lambda-frames-train,params_learning-rate,params_n-epochs,params_n-frames,params_radius-gw,params_rho,params_std-feats,params_ub-actions,params_ub-frames,params_weight-decay,state
1250,0.2823891580104828,2025-04-21 16:32:46.992513,2025-04-21 16:32:58.015369,0 days 00:00:11.022856,0.5492660452951572,0.63480686320246,2,0.28411132820383705,0.060282319457378,0.012063509478940141,0.07324605340194035,0.006580900273191666,0.08377756641149345,0.051140910512300776,9,145,0.029501979133981403,0.0067258346794510735,True,False,True,1.7829208770587438e-05,COMPLETE
1251,0.5146014213562011,2025-04-21 16:32:58.412910,2025-04-21 16:33:09.820497,0 days 00:00:11.407587,0.5920380963884535,0.6086853165571463,2,0.01355303083953488,0.2144361753931636,0.00951290358623629,0.0711377187819419,0.023145858585689294,0.07692113295554211,0.012495348246043808,10,150,0.027367024198094003,0.021886034789550937,False,False,True,0.00011173533768490285,COMPLETE
1252,0.4742166638374329,2025-04-21 16:33:10.221248,2025-04-21 16:33:30.850774,0 days 00:00:20.629526,0.7144604759770536,0.6540338675311518,2,0.02978335558081309,0.1728539957199801,0.00228002520701036,0.05962924486100592,0.0030879279198750354,0.08599455518879053,0.0715244343771119,27,147,0.025255859676566853,0.10743423087098695,True,False,True,0.00016390145479471758,COMPLETE
1253,0.611480712890625,2025-04-21 16:33:31.252309,2025-04-21 16:33:42.782240,0 days 00:00:11.529931,0.5722986858706172,0.5960379619486553,2,0.023386291596488522,0.08319747628273223,0.01296511559437782,0.06531455778356235,0.027192665838528845,0.08151732082998368,0.042965172335872465,10,143,0.03108998734792079,0.027480803497186224,True,False,True,2.859432126194343e-05,COMPLETE
1254,0.39130328893661503,2025-04-21 16:33:43.185556,2025-04-21 16:33:50.388933,0 days 00:00:07.203377,0.5793744968994412,0.6101137224968419,8,0.015734305922365098,0.0770396416782322,0.03835817212237039,0.06504157700097962,0.03166369932417227,0.08097866335972731,0.033997008050138625,10,145,0.034226989569425596,0.028516136408791228,True,False,True,2.3534879264748933e-05,COMPLETE
1255,0.5539740085601808,2025-04-21 16:33:50.810803,2025-04-21 16:34:01.390008,0 days 00:00:10.579205,0.6202215379186882,0.623776264031879,2,0.015291122472320569,0.06911859594294881,0.029617421602538017,0.06579229596638807,0.02865047834436482,0.08291565715340143,0.028385752918499076,8,148,0.036165082956798454,0.025985676820707633,True,False,True,1.7535079355696592e-05,COMPLETE
1256,0.5720237851142883,2025-04-21 16:34:01.799988,2025-04-21 16:34:12.820776,0 days 00:00:11.020788,0.6001468365730181,0.6245259576201294,2,0.01938905394321003,0.08132827276232457,0.013541219112200844,0.06738966543770408,0.03084420607048193,0.07980486226306928,0.0355349037329421,9,143,0.031288398502684896,0.03435594479828372,True,False,True,2.5045662505193315e-05,COMPLETE
1257,0.5879745721817017,2025-04-21 16:34:13.224805,2025-04-21 16:34:24.817469,0 days 00:00:11.592664,0.573753189159527,0.6057104195171642,2,0.024547662918219013,0.0744080378793763,0.012428153414591237,0.06322118842928727,0.028297415636989807,0.08173484487911786,0.037147764839767235,10,147,0.03328064739764631,0.030435423361419457,True,False,True,1.288419472493551e-05,COMPLETE
1258,0.3947158813476563,2025-04-21 16:34:25.226024,2025-04-21 16:34:31.886718,0 days 00:00:06.660694,0.5743137684318806,0.6454951506972192,16,0.012287206234620447,0.08340528031903433,0.0136304800427643,0.06478175473365035,0.033247323294556444,0.07880189917386492,0.02755782098734646,11,150,0.07233459028281032,0.033634021307106625,True,False,True,0.00019691950586284097,COMPLETE
1259,0.4126558542251587,2025-04-21 16:34:32.294432,2025-04-21 16:34:43.413082,0 days 00:00:11.118650,0.6377499752340965,0.6025481429424406,2,0.025662167048163695,0.08019491473857707,0.01342077251798288,0.06653949082678284,0.026913554302753138,0.0853046754105567,0.042606131656012035,9,140,0.03733962112679249,0.02738788908447696,True,False,True,2.2041968585140114e-05,COMPLETE
1260,0.5463823676109314,2025-04-21 16:34:43.827232,2025-04-21 16:34:54.848902,0 days 00:00:11.021670,0.6773648677595806,0.6734216356659519,2,0.019504297220131566,0.07239528424531312,0.012594047240988416,0.06959691910458762,0.028776533941349085,0.0825290024036605,0.039249819004633674,9,145,0.032587576237512954,0.0183848448938335,True,False,True,0.00033468977795555164,COMPLETE
1261,0.4919548869132996,2025-04-21 16:34:55.256204,2025-04-21 16:35:06.736639,0 days 00:00:11.480435,0.6026536896334448,0.5954430925121027,2,0.021614121546525172,0.08686234207056436,0.015651784008265078,0.06268679258307137,0.029692833390626734,0.08061566837413851,0.03253598843038511,10,110,0.03495480137957419,0.033856762723741045,True,False,True,1.6665166865464873e-05,COMPLETE
1262,0.5830458283424378,2025-04-21 16:35:07.142637,2025-04-21 16:35:17.612619,0 days 00:00:10.469982,0.5683506661724166,0.6291936764290442,2,0.024851135981008937,0.06514329989575134,0.014544560186105854,0.06437386042199741,0.026293649456412813,0.08383902602786807,0.02520457373807914,8,143,0.03094466519840186,0.0251614348757205,True,False,True,3.0622006102836806e-06,COMPLETE
1263,0.3543706774711609,2025-04-21 16:35:18.023430,2025-04-21 16:35:29.018223,0 days 00:00:10.994793,0.6324161744840004,0.6008343762812887,2,0.029309238123015963,0.07589981288796875,0.011459986435600557,0.06831386841146272,0.026177651128281167,0.07751114541809463,0.041825026063204505,9,71,0.03412245218121842,0.02012370426316044,True,True,True,3.351736066131335e-05,COMPLETE
1264,0.3889566242694855,2025-04-21 16:35:29.424346,2025-04-21 16:35:42.902068,0 days 00:00:13.477722,0.5781071994005614,0.6461202227122942,2,0.01998846571811574,0.08225767731996675,0.010764320371167965,0.0615498533370083,0.02976211277281811,0.07948148254155962,0.04669401497993861,11,150,0.030361041377971278,0.034384360835617925,True,False,False,2.6997796041833734e-05,COMPLETE
1265,0.3887524604797364,2025-04-21 16:35:43.307044,2025-04-21 16:35:54.950482,0 days 00:00:11.643438,0.612133737861145,0.6140801932254123,2,0.03181649124525338,0.08825247056680545,0.01401963439572311,0.06701263194323313,0.027283296859382633,0.08295276668735922,0.023429313999000896,10,147,0.032296955675221624,0.028185494540980773,True,False,True,0.00012515668348547844,COMPLETE
1266,0.39398591518402104,2025-04-21 16:35:55.356559,2025-04-21 16:36:05.873911,0 days 00:00:10.517352,0.08552980754214107,0.5903580541373815,2,0.024438560929962744,0.06765473022935199,0.01588564048136558,0.06554889466839628,0.02562357397183375,0.0854450679324489,0.029827443602556875,8,139,0.035755220405223796,0.02236152336213196,True,False,True,0.00026110847607785495,COMPLETE
1267,0.27056933641433717,2025-04-21 16:36:06.279185,2025-04-21 16:36:13.362032,0 days 00:00:07.082847,0.5555666277664257,0.6272199878355342,8,0.11689331781410844,0.07904458765373107,0.022594424563095582,0.06343603800893034,0.03135783465833358,0.0815760650755332,0.05303899278562261,9,145,0.028165380149666606,0.012095401175107616,True,False,True,2.0358135055996948e-05,COMPLETE
1268,0.4401474356651306,2025-04-21 16:36:13.766178,2025-04-21 16:36:25.248075,0 days 00:00:11.481897,0.5861312978675296,0.5914166972789462,2,0.033860812603106305,0.056250301422691426,0.012197838616612364,0.06762467470603135,0.024658557284777873,0.07744203380015804,0.01047155697676069,10,132,0.03941674076216774,0.014632319654890119,True,False,True,9.49034541725541e-06,COMPLETE
1269,0.387083375453949,2025-04-21 16:36:25.653350,2025-04-21 16:36:37.253021,0 days 00:00:11.599671,0.5574308519109574,0.5859963924928614,2,0.014563887386172734,0.07259425777104314,0.01760579741222532,0.07064968910898341,0.027819385728402275,0.07514957986721796,0.04190854716188844,10,148,0.052781883896610635,0.03832939940863687,True,False,True,0.00040094042460608875,COMPLETE
1270,0.5621707677841187,2025-04-21 16:36:37.667160,2025-04-21 16:36:48.808752,0 days 00:00:11.141592,0.5461319513621207,0.6502632924744585,2,0.027994772894056476,0.0857049832827684,0.014029738428831307,0.0616083045595065,0.024502145057440135,0.08672396410038921,0.015017561530536822,9,142,0.030056788156188004,0.10293512596352368,True,False,True,0.00019481795087915562,COMPLETE
1271,0.3834111988544464,2025-04-21 16:36:49.231433,2025-04-21 16:37:01.388420,0 days 00:00:12.156987,0.6654188375779153,0.616422604933893,2,0.03623349415285827,0.08311631968306461,0.01062400528504952,0.08784437755754829,0.03363332435781176,0.07957778268931817,0.056235606599445764,11,150,0.03181384187181836,0.021423111995860424,True,False,True,0.0001603557653510182,COMPLETE
1272,0.4815113306045532,2025-04-21 16:37:01.800448,2025-04-21 16:37:17.901978,0 days 00:00:16.101530,0.5641309091622764,0.5958927295204278,2,0.038720180590722644,0.06250557588840139,0.07280531758556016,0.0696504754850002,0.027584002963799616,0.08247326310578233,0.09890273230991853,19,145,0.033388788270516986,0.11642043622026985,False,False,True,1.4438264584499375e-05,COMPLETE
1273,0.32641170620918275,2025-04-21 16:37:18.314448,2025-04-21 16:37:36.313173,0 days 00:00:17.998725,0.7944239211174802,0.6777086416593584,2,0.0418479507097196,0.0766406008939516,0.0758311578625913,0.060910619274367514,0.02567689652920752,0.08446664322604473,0.03316811880825574,22,136,0.029511270980771484,0.03158928635957299,True,False,True,9.322577871570432e-05,COMPLETE
1274,0.5219945907592773,2025-04-21 16:37:36.725825,2025-04-21 16:37:51.011406,0 days 00:00:14.285581,0.582563546796246,0.6276389592204356,2,0.027483926894082158,0.08865459099351275,0.01647339611200179,0.09243892966053141,0.02962938733255492,0.08734232356789692,0.02279886134057928,15,126,0.026703354595386652,0.014436389385966768,True,False,True,2.641301383823189e-05,COMPLETE
1275,0.50847886800766,2025-04-21 16:37:51.424728,2025-04-21 16:38:02.232561,0 days 00:00:10.807833,0.4042793309576842,0.5918811454698966,2,0.021483025564818375,0.04857662856183395,0.01263440198650612,0.07301808309911784,0.02303895875287481,0.08086319846491435,0.00801458810980105,9,33,0.03687688122099719,0.03734037172654351,True,False,True,3.170082957440374e-05,COMPLETE
1276,0.5243085145950318,2025-04-21 16:38:02.646296,2025-04-21 16:38:14.161484,0 days 00:00:11.515188,0.5593285491243086,0.6656782338640512,2,0.03385324075118536,0.2535393310427785,0.019675748541160217,0.06441069764149958,0.0011726646119323307,0.0795445783504472,0.04679862834132999,10,147,0.023240915438912903,0.026173970068184997,True,False,True,0.0005456517517560873,COMPLETE
1277,0.3680447101593018,2025-04-21 16:38:14.573873,2025-04-21 16:38:25.103142,0 days 00:00:10.529269,0.5413535178314239,0.3962611189827712,2,0.043702369461464184,0.07137119698532811,0.026057726259217835,0.06675270776328997,0.023829310606883893,0.07659088416292227,0.004241989144026239,8,142,0.028424668483681845,0.11213381784932187,True,False,True,5.6521775921854e-06,COMPLETE
1278,0.425166928768158,2025-04-21 16:38:25.514217,2025-04-21 16:38:37.550252,0 days 00:00:12.036035,0.6544065745916122,0.016462886582440495,2,0.02928558146393903,0.08112597239326448,0.04506718488972294,0.0842227065585065,0.00816620298206893,0.08907626381435599,0.019551450792282966,11,138,0.04964605919376578,0.12363471890910756,True,False,True,0.0001415919649788313,COMPLETE
1279,0.29297574162483214,2025-04-21 16:38:37.960531,2025-04-21 16:38:44.961608,0 days 00:00:07.001077,0.4274341412433005,0.6132476397802753,8,0.03754071353546677,0.09136229711121092,0.010195836640672275,0.05963807893762562,0.027036046694867113,0.08392110954914321,1.0480977441017088e-05,9,101,0.031985314446126394,0.019737396089115945,True,False,True,0.00025001615376429116,COMPLETE
1280,0.40292994976043706,2025-04-21 16:38:45.377706,2025-04-21 16:38:51.905228,0 days 00:00:06.527522,0.6323563545121356,0.5856380447526951,16,0.043565254144748655,0.16252285354269827,0.014393209669960673,0.0660313509975287,0.06880543422004222,0.0972488794595867,0.05987019362360644,10,145,0.030646393206788934,0.005745960774362129,True,False,True,0.000311745775133577,COMPLETE
1281,0.3052421808242798,2025-04-21 16:38:52.318194,2025-04-21 16:39:03.348832,0 days 00:00:11.030638,0.6019498281743599,0.7022734013032573,2,0.18497984407141868,0.23817215170140524,0.017550026970729608,0.0688252299885899,0.004994419353325106,0.07792402551329297,0.03867824762228009,9,150,0.0339060447196176,0.10577211856177238,True,False,True,7.113092031071611e-05,COMPLETE
1282,0.48298822641372685,2025-04-21 16:39:03.760838,2025-04-21 16:39:14.267807,0 days 00:00:10.506969,0.9021735745756865,0.6359071625155293,2,0.016280373549804713,0.08592505070659903,0.012489418231029859,0.06310611407305572,0.02464864788569138,0.08127179427373328,0.011580775064742676,8,143,0.027025331196783332,0.02577741062686532,True,False,True,3.995563998459755e-05,COMPLETE
1283,0.28286103010177616,2025-04-21 16:39:14.676455,2025-04-21 16:39:26.201216,0 days 00:00:11.524761,0.5338982949556721,0.5843037928514558,2,0.0346187805473427,0.15421132744087607,0.014938693150002078,0.012694854422991775,0.029778815316227152,0.0851043315613133,0.016536493935475252,10,147,0.029185939496326765,0.039294902665169905,True,True,False,2.0453311116856265e-05,COMPLETE
1284,0.4774024844169617,2025-04-21 16:39:26.632642,2025-04-21 16:39:37.648666,0 days 00:00:11.016024,0.41510518815815817,0.6083446788991497,2,0.02744175320783985,0.19438516395685934,0.010558535679787897,0.056681071790579254,0.021798345588191007,0.090954933164422,0.027848998795280265,9,140,0.02469199482993523,0.0322163341786221,True,False,True,2.9452593797027216e-05,COMPLETE
1285,0.39274742603302004,2025-04-21 16:39:38.065532,2025-04-21 16:39:50.872748,0 days 00:00:12.807216,0.5672013758327826,0.5809297080517216,2,0.04184304955538783,0.07849836402256156,0.016367172424285113,0.06591534167312922,0.026588510092512743,0.0829348031598971,0.052488650807328674,12,150,0.03522192210798962,0.09970974335819853,True,False,True,0.00019267619873800996,COMPLETE
1286,0.5724588990211488,2025-04-21 16:39:51.289528,2025-04-21 16:40:02.987906,0 days 00:00:11.698378,0.4405429071300328,0.6461562003027952,2,0.04679703672604183,0.09017841087684275,0.012442575239459824,0.059196011344154045,0.07187849462090558,0.09573878875752617,0.0674724147147763,10,145,0.032095617669893134,0.014699824511423284,True,False,True,0.0007034846783372959,COMPLETE
1287,0.5153689980506897,2025-04-21 16:40:03.406470,2025-04-21 16:40:15.559716,0 days 00:00:12.153246,0.5423657911028681,0.6017147755417138,2,0.022024087061479878,0.07388668335090594,0.018480197572293,0.061965368704427856,0.024239931766208377,0.08736837391573704,0.0017009060544926934,11,147,0.019859885946768956,0.019669048697326386,True,False,True,5.431541021358832e-05,COMPLETE
1288,0.2809694528579712,2025-04-21 16:40:15.977118,2025-04-21 16:40:26.522988,0 days 00:00:10.545870,0.881339385866585,0.5727289010613823,2,0.03207302262639948,0.06822984861514966,0.021595912843885103,0.054763216935625886,0.023151162875105782,0.09318223759783925,0.04867792285250907,8,142,0.03051289669540843,0.011466347713691684,True,False,True,0.00011304829484984765,COMPLETE
1289,0.5224223256111145,2025-04-21 16:40:26.939165,2025-04-21 16:40:37.888918,0 days 00:00:10.949753,0.5234621859552107,0.6274657991049541,2,0.038657843447034525,0.09555137635447276,0.008953958589875442,0.07138514117180281,0.028447662497812595,0.03645195468370569,0.013825150754985463,9,134,0.028127418856897755,0.11485555999154248,False,False,True,1.1722285420075614e-05,COMPLETE
1290,0.41036232709884646,2025-04-21 16:40:38.300672,2025-04-21 16:40:49.294216,0 days 00:00:10.993544,0.39278181278046675,0.6069868069647331,2,0.048240723473624514,0.20747058392431608,0.014032493211543267,0.06425440752858509,0.025967867212843918,0.07532904064575072,0.08662678381207005,9,147,0.03305041276679559,0.030577906167626023,True,False,True,0.00039607027143034185,COMPLETE
1291,0.5034868717193604,2025-04-21 16:40:49.709396,2025-04-21 16:41:01.281516,0 days 00:00:11.572120,0.838107948753731,0.6040084864145324,2,0.03362396784783653,0.03368805069100386,0.011229041467974673,0.05782375458487074,0.03153889173447818,0.07853198944714201,0.0317010860655819,10,138,0.025853589856851822,0.04112571831621005,True,False,True,1.5817748936531757e-05,COMPLETE
1292,0.38278516530990603,2025-04-21 16:41:01.697940,2025-04-21 16:41:08.621747,0 days 00:00:06.923807,0.43283555257914186,0.5772812884835674,8,0.04158060140889264,0.14470642363976222,0.016428499431254687,0.01393106458050152,0.006765172053731236,0.08084363355083318,0.020142387257078592,8,150,0.02927103919454719,0.03635206793740111,True,False,True,0.00028181275197240106,COMPLETE
1293,0.3725135087966919,2025-04-21 16:41:09.034325,2025-04-21 16:41:27.418407,0 days 00:00:18.384082,0.5941730632774356,0.6630637693021669,2,0.02361076435300786,0.08375497498854864,0.01939603551116758,0.06809086955787792,0.022270748878600113,0.08407174239677928,0.06538879807283271,23,143,0.03496961531514452,0.006748546673414013,True,False,True,0.00014152244747369394,COMPLETE
1294,0.5093503594398499,2025-04-21 16:41:27.835214,2025-04-21 16:41:39.942194,0 days 00:00:12.106980,0.45016215387823527,0.5704864218366467,2,0.012451984249541043,0.060590900455288255,0.009378583913209644,0.07597537920742302,0.00290247775037419,0.0982131823939418,0.009555379304133298,11,140,0.022547688793274193,0.026913195320928777,True,False,True,0.0002051088856653656,COMPLETE
1295,0.4456854104995728,2025-04-21 16:41:40.359320,2025-04-21 16:41:51.922066,0 days 00:00:11.562746,0.5552917924540501,0.636105731906774,2,0.049327627016003,0.07928356195689042,0.01236504311130771,0.05372410003200871,0.02082289975453055,0.08276333907276222,0.07528086100274174,10,145,0.038207852804006265,0.10237594271793275,True,False,True,2.0790303422116502e-05,COMPLETE
1296,0.5700376391410827,2025-04-21 16:41:52.353574,2025-04-21 16:42:05.528093,0 days 00:00:13.174519,0.37418401302254434,0.5900788462758115,2,0.030836974183842118,0.08902468533843824,0.014559142917315237,0.050875014961782906,0.009355631294207453,0.07936216231811091,0.024851960260404225,13,148,0.03061684697209225,0.10810767823380535,True,False,True,4.464426332788915e-05,COMPLETE
1297,0.5592047572135925,2025-04-21 16:42:05.945676,2025-04-21 16:42:16.976716,0 days 00:00:11.031040,0.45902052427657425,0.6166337098110289,2,0.03874962336961711,0.09467823108349124,0.010441870903088893,0.011142501957419374,0.02805965471911641,0.0010321423747630823,0.042722500349213405,9,144,0.02708075598620504,0.020737602624476163,True,False,True,3.565657185348206e-05,COMPLETE
1298,0.46635758876800537,2025-04-21 16:42:17.395200,2025-04-21 16:42:28.944031,0 days 00:00:11.548831,0.4131522066849382,0.5718898038797436,2,0.04668893469519074,0.06678925381865948,0.024319755270296204,0.06429639559697752,0.024377901162917808,0.08951520448051463,0.0007319890894693199,10,147,0.03216273308311567,0.014596764759249056,True,False,True,9.60777520205221e-05,COMPLETE
1299,0.28286103010177616,2025-04-21 16:42:29.365015,2025-04-21 16:42:40.897006,0 days 00:00:11.531991,0.5414678578468012,0.6836085347552158,2,0.026511916635370093,0.07464955684584837,0.013132798907328215,0.06091034812378859,0.02172519410157162,0.08617826960913867,0.01742767158529263,10,140,0.028577705351349215,0.11845491129310315,True,True,True,6.875140364835341e-05,COMPLETE
1300,0.5250260591506959,2025-04-21 16:42:41.313871,2025-04-21 16:42:51.946916,0 days 00:00:10.633045,0.5174477228181603,0.5921658598709086,2,0.02003726323062629,0.08202388684062223,0.017155221827740832,0.05499252533006451,0.00535769041994852,0.07409111254593087,0.05403844334047254,8,122,0.024565394227084782,0.09793635070140584,True,False,True,2.5472734244139392e-05,COMPLETE
1301,0.3663894534111023,2025-04-21 16:42:52.362825,2025-04-21 16:43:04.621368,0 days 00:00:12.258543,0.6850119456007483,0.5612327896729293,2,0.036009044964518136,0.08797486631856856,0.008761873884532765,0.0574713673568766,0.02611373438786849,0.09492334839761153,0.03532536897619113,9,150,0.033831543350207965,0.034549376881454014,True,False,False,3.806379522490406e-06,COMPLETE
1302,0.5491968274116517,2025-04-21 16:43:05.040871,2025-04-21 16:43:16.044910,0 days 00:00:11.004039,0.43232193147527,0.6265100173631862,2,0.04359055199057885,0.09865289048203792,0.015635673761230647,0.013384144145907946,0.02141989788050897,0.041528400527834054,0.012032160205932776,9,143,0.031122151413460888,0.02543514369428888,True,False,True,0.00016094804463915094,COMPLETE
1303,0.29080567359924314,2025-04-21 16:43:16.459415,2025-04-21 16:43:28.554360,0 days 00:00:12.094945,0.7411981605446566,0.6559358688638204,2,0.05154859362474061,0.08374915727425664,0.011520934763670866,0.05241431290779962,0.023275584681191865,0.08141226668984719,0.06093411734237915,11,147,0.036150029104961304,0.24889366988621775,True,False,True,7.624387612634633e-06,COMPLETE
1304,0.5364522695541382,2025-04-21 16:43:28.970520,2025-04-21 16:43:35.593192,0 days 00:00:06.622672,0.46511491589896603,0.5750045579574204,16,0.03193927324033696,0.1689462686704437,0.020339157181402293,0.04928712069022638,0.02999928725815036,0.0030074564007159053,0.08477363669155609,10,136,0.027032711584981908,0.04167543214221418,True,False,True,0.0003462197443860895,COMPLETE
1305,0.43684999942779545,2025-04-21 16:43:36.009232,2025-04-21 16:43:42.980998,0 days 00:00:06.971766,0.6157871101686305,0.6046457040308292,8,0.03856524108491754,0.09272129450490742,0.013307326986409896,0.06710056702876374,0.02584709671378447,0.07780365562595234,0.048554411577351846,8,145,0.029524733279259904,0.11082310982507611,True,False,True,0.00021610646649285583,COMPLETE
1306,0.5786103844642639,2025-04-21 16:43:43.418306,2025-04-21 16:43:54.598015,0 days 00:00:11.179709,0.5794113114959373,0.5906789543050183,2,0.04413779605756786,0.05298987579144287,0.018451027133801576,0.07009999518184971,0.03258483971607123,0.08778417050750664,0.014796061726654718,9,150,0.03224113762859102,0.008500912343015317,True,False,True,1.695834889720658e-05,COMPLETE
