number,value,datetime_start,datetime_complete,duration,params_alpha-eval,params_alpha-train,params_batch-size,params_eps-eval,params_eps-train,params_lambda-actions-eval,params_lambda-actions-train,params_lambda-frames-eval,params_lambda-frames-train,params_learning-rate,params_n-epochs,params_n-frames,params_radius-gw,params_rho,params_std-feats,params_ub-actions,params_ub-frames,params_weight-decay,state
1307,0.5213263988494873,2025-04-21 16:43:55.021243,2025-04-21 16:44:06.072664,0 days 00:00:11.051421,0.5247021443221166,0.641464374336753,2,0.05305558177690204,0.0733686967487403,0.015209907746100851,0.05403994890287465,0.027543037969841908,0.09990441040005082,0.022573220597715327,9,131,0.025463288726685435,0.017679062763356863,True,False,True,2.933043383102432e-05,COMPLETE
1308,0.4607431530952454,2025-04-21 16:44:06.494360,2025-04-21 16:44:17.845847,0 days 00:00:11.351487,0.48325825859398386,0.5654958648039632,2,0.03047213620401973,0.07819261679327455,0.008120308223296636,0.06315017915867147,0.019294307290954237,0.08519285723941959,0.03863628744201482,10,90,0.03367937080709766,0.028863259516584815,False,False,True,0.00011799168635536618,COMPLETE
1309,0.5247618436813355,2025-04-21 16:44:18.267413,2025-04-21 16:44:30.189185,0 days 00:00:11.921772,0.44974801782174406,0.6182851160889754,2,0.018562045279912644,0.06469897536134789,0.010722902091300581,0.05082178890547567,0.008559908356352328,0.07630326649275389,0.0022213595307943126,11,51,0.040682503120156886,0.041501595172816534,True,False,True,0.0001712002638709248,COMPLETE
1310,0.4628677368164063,2025-04-21 16:44:30.609533,2025-04-21 16:44:41.727319,0 days 00:00:11.117786,0.5055213761311375,0.5790840602926525,2,0.03734948242714603,0.08776703837353042,0.013801623624761703,0.06617843049074483,0.011060676536198591,0.08294368920175027,0.07063273797077806,9,141,0.028207662706508423,0.0018495759768005753,True,False,True,0.00024286330673331917,COMPLETE
1311,0.5819147109985352,2025-04-21 16:44:42.147989,2025-04-21 16:44:53.807582,0 days 00:00:11.659593,0.40701535850185605,0.6003068454104338,2,0.04568541415769391,0.0986190697428422,0.011507831153023075,0.05969486684071364,0.02304925314987126,0.09175278070915666,0.030593286706825745,10,147,0.030741295550617526,0.12586257629362316,True,False,True,5.8203838234044016e-05,COMPLETE
1312,0.3844078242778778,2025-04-21 16:44:54.225509,2025-04-21 16:45:04.745174,0 days 00:00:10.519665,0.3494303023464121,0.5641779787714528,2,0.02939546107064902,0.08161058490004114,0.016868994126237585,0.011678509724509411,0.02516001763141753,0.08095454583035398,0.060187933188811826,8,143,0.03646526563939205,0.02419106093050828,True,False,True,2.026188577169364e-05,COMPLETE
1313,0.5811546206474305,2025-04-21 16:45:05.163705,2025-04-21 16:45:17.851217,0 days 00:00:12.687512,0.5496253845429954,0.6205312212738698,2,0.02428053434193687,0.08995259047802455,0.009817321717215936,0.048428499307748014,0.0366405945080401,0.0954782091718264,0.018092781728294562,12,138,0.029545836304197385,0.09583118896722514,True,False,True,3.6422477449662174e-05,COMPLETE
1314,0.49465240240097047,2025-04-21 16:45:18.270437,2025-04-21 16:45:29.824912,0 days 00:00:11.554475,0.4728304806305684,0.5868001314698422,2,0.0515733783845822,0.2630993595630454,0.032862451501262935,0.055719345092804115,0.0011194534679944898,0.07910473472670651,0.02560205254756542,10,145,0.026559085275908827,0.013502439176261923,True,False,True,0.0004680568073904449,COMPLETE
1315,0.30696377754211424,2025-04-21 16:45:30.265267,2025-04-21 16:45:41.056400,0 days 00:00:10.791133,0.42661740523583896,0.5622653307957637,2,0.041673304784260845,0.1836589872230929,0.014871826832954575,0.013908361744984792,0.021069562158260675,0.09744731732434495,0.006877608337972158,9,10,0.008091024307232797,0.03221006701406497,True,False,True,1.3124044459478703e-05,COMPLETE
1316,0.5150385975837708,2025-04-21 16:45:41.484237,2025-04-21 16:45:53.648401,0 days 00:00:12.164164,0.49223473936926876,0.6670508254211606,2,0.03461023222057545,0.0438710532870344,0.01253811235902876,0.05321787694547692,0.05807513491214762,0.0932241741446106,0.04687389167070142,11,148,0.022255950684206015,0.10593552786018143,True,False,True,0.0002787956859773464,COMPLETE
1317,0.4369761347770691,2025-04-21 16:45:54.076198,2025-04-21 16:46:01.051103,0 days 00:00:06.974905,0.5273588689648726,0.6400783139809141,8,0.04115783577280654,0.06982814153928163,0.02192685556114157,0.06851052400141845,0.029013695232651918,0.08444513953854092,0.07987292183377627,8,150,0.03262830195171184,0.046743608379693415,True,False,True,9.054674293430586e-05,COMPLETE
1318,0.28286103010177616,2025-04-21 16:46:01.475990,2025-04-21 16:46:11.589977,0 days 00:00:10.113987,0.46288621415994186,0.6011463718245275,2,0.012878242820544842,0.2999649027098903,0.05148905480252258,0.05127504283821211,0.004477430877230295,0.08706201572021888,0.05887643130274942,7,141,0.03448681620745723,0.12136241877496584,True,True,True,4.919304304060784e-05,COMPLETE
1319,0.5740251183509827,2025-04-21 16:46:12.013085,2025-04-21 16:46:23.624624,0 days 00:00:11.611539,0.4445449002691283,0.4724587128574642,2,0.04876054239257651,0.23116173093287784,0.007338117761851419,0.057315541499704734,0.044614218858731375,0.08902390754129053,0.012844327146381632,10,145,0.030879300308863458,0.019754904236037343,True,False,True,2.553482324789924e-05,COMPLETE
1320,0.3699620604515076,2025-04-21 16:46:24.050708,2025-04-21 16:46:36.348917,0 days 00:00:12.298209,0.5666766200048023,0.5540743826671264,2,0.027199236876616312,0.09357990753715392,0.01921082079050167,0.06526633733366691,0.023762636638212688,0.08231223846470552,0.010407493642170211,9,147,0.024132234281977624,0.03608359263474501,True,False,False,0.00012078533833855711,COMPLETE
1321,0.5692938923835755,2025-04-21 16:46:36.771483,2025-04-21 16:46:48.362015,0 days 00:00:11.590532,0.5073334730144644,0.5823150379987341,2,0.03449537136472655,0.07577537181724246,0.01600819414366124,0.009562330632080175,0.007006383748888938,0.07944581403250583,0.03995029006279204,10,143,0.028299797301577702,0.09477629627457403,True,False,True,1.019542181620061e-05,COMPLETE
1322,0.5482363343238831,2025-04-21 16:46:48.785435,2025-04-21 16:46:59.881831,0 days 00:00:11.096396,0.48832254021373156,0.7002617058651344,2,0.05424910303555436,0.019551340092101202,0.009603114253857457,0.06192474691776618,0.018395868607346714,0.07793850415571192,0.022128323462720798,9,148,0.03138066881858142,0.012464038907412755,True,False,True,0.0001421828093723103,COMPLETE
1323,0.4055974066257477,2025-04-21 16:47:00.323224,2025-04-21 16:47:07.036471,0 days 00:00:06.713247,0.40029540029809735,0.6160331191670949,16,0.044161423180692695,0.08477624452174302,0.01278548996117502,0.05278782490042728,0.020105220128932393,0.0030532798164132017,0.07203888180466135,11,134,0.02699003472660498,0.04397624163287302,True,False,True,3.172439198955537e-05,COMPLETE
1324,0.2786357939243317,2025-04-21 16:47:07.466459,2025-04-21 16:47:19.022837,0 days 00:00:11.556378,0.5304952209840159,0.5636213668609814,2,0.21882553638510488,0.055417923823266095,0.01826403529077533,0.049904392752621304,0.026745279673742954,0.08049601342647733,0.03249328983470514,10,139,0.029068985880945246,0.10164539584031429,True,False,True,7.719139367327586e-05,COMPLETE
1325,0.3655957341194153,2025-04-21 16:47:19.447963,2025-04-21 16:47:29.859137,0 days 00:00:10.411174,0.4535520754094023,0.5375996452791205,2,0.02237038623838514,0.2450738053721055,0.01425848093256905,0.047825830971187686,0.012900479710005894,0.08537281188720605,0.008836750721170765,8,150,0.03367050573111725,0.02910542296062533,True,False,True,2.543773695597949e-06,COMPLETE
1326,0.4994833946228027,2025-04-21 16:47:30.283385,2025-04-21 16:47:41.203347,0 days 00:00:10.919962,0.4799048298236285,0.5882257579121142,2,0.03849382139668965,0.07904036698256046,0.010987337907785496,0.014020514649917134,0.02257564890893872,0.07636908223021874,0.051515902380440966,9,145,0.024972887468657477,0.11335278230062731,False,False,True,3.8876926154636894e-05,COMPLETE
1327,0.5214480996131897,2025-04-21 16:47:41.631230,2025-04-21 16:47:53.202690,0 days 00:00:11.571460,0.5102293540798994,0.6494073421360135,2,0.047777589769739684,0.10023457921596046,0.007416458281929361,0.05556706596805307,0.025106969969641027,0.09081370821105728,0.015718831539305835,10,142,0.03717305445329512,0.023465965524988388,True,False,True,0.000352039449271196,COMPLETE
1328,0.4760400056838989,2025-04-21 16:47:53.625393,2025-04-21 16:48:04.658343,0 days 00:00:11.032950,0.5496843004420232,0.6017934325567236,2,0.029869574673002885,0.08657884940959593,0.016298728454202924,0.06461418183778406,0.019247889048679707,0.08277287596914318,0.08431062140732305,9,147,0.017113033949696172,0.006280909550800828,True,False,True,1.822544288133573e-05,COMPLETE
1329,0.5913620233535767,2025-04-21 16:48:05.083685,2025-04-21 16:48:16.678872,0 days 00:00:11.595187,0.41746856048162406,0.5523316474964453,2,0.03434824811344493,0.22008325452267108,0.030552887982329555,0.05952957247343325,0.0033398105257272533,0.09504146194098788,0.09667592265707735,10,137,0.030148902526445386,0.05126722860832544,True,False,True,0.00022055503621934034,COMPLETE
1330,0.47613939046859743,2025-04-21 16:48:17.102199,2025-04-21 16:48:24.439767,0 days 00:00:07.337568,0.39169331764214793,0.5155679878230349,8,0.025119178063890912,0.22271480720706052,0.03082519928450418,0.06030674851860976,0.003488607726185127,0.09009915646729415,0.09476354039422857,11,131,0.026963695104953996,0.04966731309835224,True,False,True,0.00022552865156595772,COMPLETE
1331,0.531219220161438,2025-04-21 16:48:24.863600,2025-04-21 16:48:36.917399,0 days 00:00:12.053799,0.3552367417190121,0.5443483451430192,2,0.01811490751911904,0.22073007219279783,0.029117332373861774,0.061331618529975825,0.0034614370586311333,0.09199973924846652,0.01967080297860135,11,127,0.029193395438772755,0.0516529804834386,True,False,True,0.0001854858158722623,COMPLETE
1332,0.3780417084693909,2025-04-21 16:48:37.361862,2025-04-21 16:48:49.421726,0 days 00:00:12.059864,0.37585179032787525,0.5001511657591682,2,0.03050926767921739,0.20905265601373124,0.025117612600798395,0.059829710162557025,0.005384741695310574,0.08766653320981276,0.09304162180803345,11,135,0.025348295557860032,0.055679237873346,True,False,True,0.00026197177162529464,COMPLETE
1333,0.40952264070510863,2025-04-21 16:48:49.854667,2025-04-21 16:49:01.923993,0 days 00:00:12.069326,0.3968820409926678,0.422767926113822,2,0.02510923061288322,0.23721487845331757,0.02539048150924299,0.061864545787147944,0.002959837571322088,0.09352148015379726,0.09725604371309957,11,129,0.027879153685152914,0.04660162496511043,True,False,True,0.0001839503409300854,COMPLETE
1334,0.47452734708786015,2025-04-21 16:49:02.352429,2025-04-21 16:49:13.920183,0 days 00:00:11.567754,0.4125109114788616,0.5265067782251804,2,0.03515168567491478,0.2287159212511685,0.036279578879602675,0.05809427236741912,0.00250942151255612,0.09140458880028418,0.08502305609444712,10,134,0.02266342817927745,0.052099325675838776,True,False,True,0.0002340024141789428,COMPLETE
1335,0.5485415101051331,2025-04-21 16:49:14.345103,2025-04-21 16:49:25.992305,0 days 00:00:11.647202,0.4106861183880131,0.5358583448117452,2,0.03205097580281201,0.22616388789425712,0.0350583329634302,0.05859886181053822,0.0017462972411818405,0.08926625719304415,0.09337589917314708,10,136,0.029813241226189183,0.05586655463714721,True,False,True,0.0002881633892472138,COMPLETE
1336,0.3886055588722229,2025-04-21 16:49:26.421302,2025-04-21 16:49:38.424406,0 days 00:00:12.003104,0.43206960871904865,0.45056653588613793,2,0.022286401533760346,0.25399660289546117,0.04223734501196462,0.06842093595406222,0.09709413017249072,0.08449489977088123,0.09478225213856699,11,136,0.031191444614468877,0.051843280578785074,True,False,True,0.00022938674600496002,COMPLETE
1337,0.48623797893524173,2025-04-21 16:49:38.850599,2025-04-21 16:49:50.474670,0 days 00:00:11.624071,0.3882980209190724,0.5143675746483735,2,0.03447220335464558,0.23262921105531822,0.02655843873177052,0.06254869761063438,0.005838444269186598,0.0807019192198077,0.07711500291973043,10,134,0.026792098720507026,0.055054007520977055,True,False,True,0.00016305128494445328,COMPLETE
1338,0.5676337122917176,2025-04-21 16:49:50.903148,2025-04-21 16:50:03.569267,0 days 00:00:12.666119,0.41781500890302725,0.547377012236341,2,0.02792492862985461,0.20686554908548402,0.020133193388073716,0.06039846519647948,0.005864699703191612,0.07355521507561177,0.0014080530657683502,12,138,0.02912215404442007,0.05992299285165881,True,False,True,0.00033679685742503,COMPLETE
1339,0.28286103010177616,2025-04-21 16:50:04.012522,2025-04-21 16:50:16.336164,0 days 00:00:12.323642,0.37501469177582336,0.5554903750874732,2,0.017424790464213503,0.21683293334544967,0.06232530177310483,0.06339003911603584,0.004768503727663776,0.08675144520786017,0.08089294477958082,11,137,0.032584688033284605,0.04656793573604935,True,True,True,0.0001984349081859665,COMPLETE
1340,0.42612389326095584,2025-04-21 16:50:16.768505,2025-04-21 16:50:29.586903,0 days 00:00:12.818398,0.4245864520099455,0.5004237580618065,2,0.03780109589737854,0.25533485423572655,0.022969375122400684,0.06293995305981337,0.002390431239056183,0.09317208671603756,0.09725093935903065,10,131,0.025805642022565068,0.04979507438097767,True,False,False,0.0002802972892135816,COMPLETE
1341,0.5513120889663696,2025-04-21 16:50:30.018347,2025-04-21 16:50:41.548857,0 days 00:00:11.530510,0.4092035980957799,0.5226770904226956,2,0.02804534045348236,0.23710950772443157,0.023465991580248067,0.06515911500596501,0.010397718837748099,0.07815835156972514,0.026868643794819548,10,138,0.0301682933938029,0.05377011419090047,True,False,True,0.00016285036912407714,COMPLETE
1342,0.5314506530761719,2025-04-21 16:50:41.980183,2025-04-21 16:50:53.529170,0 days 00:00:11.548987,0.3909628527504753,0.5605155548621059,2,0.0363647499601776,0.20366243197748773,0.040600865088498306,0.059085554146980086,0.007561981570070465,0.00396336655212205,0.09903665134224224,10,133,0.027945607087322636,0.04470488676357339,True,False,True,0.00020450976471414085,COMPLETE
1343,0.4112781167030335,2025-04-21 16:50:53.958285,2025-04-21 16:51:01.306137,0 days 00:00:07.347852,0.6488509494599733,0.48424319179437275,8,0.012038218247633466,0.1983964809572532,0.030304467715764796,0.057892630183640575,0.003565596970111969,0.08374656355082606,0.07215988046894165,11,139,0.024047538832108986,0.09480719672830544,True,False,True,0.00014356800651034365,COMPLETE
