number,value,datetime_start,datetime_complete,duration,params_alpha-eval,params_alpha-train,params_batch-size,params_eps-eval,params_eps-train,params_lambda-actions-eval,params_lambda-actions-train,params_lambda-frames-eval,params_lambda-frames-train,params_learning-rate,params_n-epochs,params_n-frames,params_radius-gw,params_rho,params_std-feats,params_ub-actions,params_ub-frames,params_weight-decay,state
730,0.5517441987991334,2025-03-31 21:03:49.232195,2025-03-31 21:03:56.567420,0 days 00:00:07.335225,0.13681735910209902,0.760188404635089,16,0.025341516479149555,0.17254222134036637,0.057423304556176766,0.03251373318774601,0.09663665511289674,0.06899217914497653,0.00019041194565026716,25,84,0.042275553330514595,0.06774070980133028,False,False,True,0.00031171046900020644,COMPLETE
731,0.44912471771240237,2025-03-31 21:03:56.794457,2025-03-31 21:04:04.119194,0 days 00:00:07.324737,0.07907182852044908,0.8686447668771354,16,0.011474261595730093,0.1537655502142901,0.02265663371167384,0.04152745429996731,0.09000868608771424,0.06615434800555081,0.0006951897093825103,25,67,0.09478364130598979,0.055645207431760046,False,False,True,0.0002120211252836904,COMPLETE
732,0.32296298742294316,2025-03-31 21:04:04.361583,2025-03-31 21:04:11.595810,0 days 00:00:07.234227,0.11706077875376933,0.8415292162302818,16,0.042752107440390645,0.10760222878655085,0.005669413876998668,0.03555542455660599,0.08884047319180208,0.06426637567930817,0.00011169888790169526,24,80,0.04911408806347346,0.06346895709102174,False,True,True,0.00014602173113422497,COMPLETE
733,0.3956096410751343,2025-03-31 21:04:11.824301,2025-03-31 21:04:19.631824,0 days 00:00:07.807523,0.04541415298835971,0.7419471022054617,16,0.034451552334101465,0.12188964807842985,0.008682154998054473,0.030035605818155908,0.09351718197970944,0.06999899877432933,0.00022790413590058058,25,76,0.04691990523676903,0.052839284481716806,False,False,False,0.0002599609929866028,COMPLETE
734,0.4783775568008423,2025-03-31 21:04:19.909335,2025-03-31 21:04:26.938091,0 days 00:00:07.028756,0.02723661466326289,0.8045758523522865,16,0.050121315264434835,0.15861194884745872,0.010817312302025109,0.04496759031589784,0.08898497737008627,0.0665411172302914,0.00016315678212821513,22,73,0.041085842494986397,0.07561198671174912,False,False,True,0.0003532027346599567,COMPLETE
735,0.5094849586486816,2025-03-31 21:04:27.178379,2025-03-31 21:04:34.572691,0 days 00:00:07.394312,0.058394462253357544,0.7222590742511353,16,0.01826913029470807,0.17126142836856037,0.0068589735276368274,0.02545358567041983,0.09134026502906717,0.041648136255821686,0.00013280155940427487,24,86,0.04481353716212187,0.06044920916746543,True,False,True,0.0005212438150832135,COMPLETE
736,0.5692962169647218,2025-03-31 21:04:34.801699,2025-03-31 21:04:42.082412,0 days 00:00:07.280713,0.15661300819348783,0.7800455803055664,16,0.04059808689016974,0.16239133638987507,0.010498832046627899,0.03776013710891571,0.08870543085063466,0.06934805159927973,0.00019297660165554332,25,91,0.042429627148672995,0.06851394850112456,False,False,True,0.0001402168742927135,COMPLETE
737,0.5678143739700318,2025-03-31 21:04:42.322432,2025-03-31 21:04:49.607118,0 days 00:00:07.284686,0.10453402910249511,0.7884836585581375,16,0.05337545237095499,0.1669791993529908,0.009770648735148536,0.03696905712600066,0.09410074836114388,0.0680576008598237,0.0002477445400516461,24,94,0.04018136079231926,0.0834498871323366,False,False,True,8.40034558837816e-05,COMPLETE
738,0.5561047315597535,2025-03-31 21:04:49.837491,2025-03-31 21:04:56.961818,0 days 00:00:07.124327,0.10891964093556446,0.8178796481214698,16,0.05006752497141574,0.1718900154744335,0.008247424250043638,0.03612153118414996,0.09796491965052379,0.06802641689057229,0.00035888562751015113,23,97,0.03967268195559754,0.0759221207227283,False,False,True,0.00010501915668456877,COMPLETE
739,0.5593387484550476,2025-03-31 21:04:57.206896,2025-03-31 21:05:04.413707,0 days 00:00:07.206811,0.1543112352461932,0.7880958322427021,16,0.05649549098294773,0.1763369075352806,0.010207385150077955,0.03804276048226718,0.09407896593586441,0.0654620457173459,0.0002899196569351459,24,92,0.03893266769599723,0.06882078269932226,False,False,True,8.144177791679985e-05,COMPLETE
740,0.5614557147026062,2025-03-31 21:05:04.659359,2025-03-31 21:05:11.919232,0 days 00:00:07.259873,0.1048679678890892,0.8322680178639461,16,0.05409379041303027,0.1639405351271716,0.005249465244447019,0.03802837727591209,0.09546025364287662,0.069126694558529,0.0002879884764208852,24,96,0.04048830427784342,0.0844650693924088,False,False,True,8.903561497153893e-05,COMPLETE
741,0.5502336740493775,2025-03-31 21:05:12.148217,2025-03-31 21:05:19.356585,0 days 00:00:07.208368,0.12479967126679711,0.8025434958342688,16,0.05174586045885291,0.1683759732630261,0.008621812958542651,0.034881970233286486,0.0976449859050107,0.06773122102415334,0.000249178196845065,24,105,0.041140805399348834,0.0730170742790473,False,False,True,0.00013783476535468697,COMPLETE
742,0.5600727558135987,2025-03-31 21:05:19.602357,2025-03-31 21:05:26.785828,0 days 00:00:07.183471,0.09105104028055155,0.7966246904702634,16,0.044930975801537654,0.1635901976643862,0.006998589936924603,0.036660359409926006,0.09654521846865098,0.07063965738541829,0.00038498012197593157,24,93,0.03836011114361504,0.07836085339310898,False,False,True,6.833998683369732e-05,COMPLETE
743,0.5110698103904724,2025-03-31 21:05:27.016585,2025-03-31 21:05:44.846551,0 days 00:00:17.829966,0.15637229441755743,0.784330433044429,2,0.05205288585140737,0.18429483540898203,0.00992579527796491,0.03929139808421891,0.09422049762726548,0.06451358338885392,0.0002435245119584948,23,94,0.041503635912248246,0.08391958659886102,False,False,True,0.00011302023293310294,COMPLETE
744,0.29257907867431643,2025-03-31 21:05:45.089975,2025-03-31 21:05:52.356100,0 days 00:00:07.266125,0.8741334268270172,0.7745906173474518,16,0.04631026712620675,0.16483932106307708,0.07033692239318634,0.033832939781315886,0.09221568027219806,0.06943032269607663,0.00021932076201325464,25,94,0.03934700626396501,0.08073092547970794,False,False,True,0.00010771927427629595,COMPLETE
745,0.568385899066925,2025-03-31 21:05:52.601932,2025-03-31 21:05:59.690215,0 days 00:00:07.088283,0.10236598886774965,0.7740771164003772,16,0.0578662442744613,0.19055297037847516,0.010089246526440221,0.0376082675347841,0.09331962663864271,0.06735816236284223,0.0002634920286915923,23,91,0.04221330549544552,0.07201734646436145,False,False,True,0.0001479690572888321,COMPLETE
746,0.5551886796951294,2025-03-31 21:05:59.922547,2025-03-31 21:06:07.070051,0 days 00:00:07.147504,0.11370497748215938,0.8060487652981696,16,0.06203822187529773,0.17769278222246934,0.01049642671670231,0.03865223822549777,0.09421021934562551,0.07037573189397739,0.00034721046946564944,23,96,0.03841719583169463,0.07156375360683452,False,False,True,0.00013201714752431889,COMPLETE
747,0.5374726533889771,2025-03-31 21:06:07.312178,2025-03-31 21:06:15.841556,0 days 00:00:08.529378,0.13182666074263677,0.8188746855466442,8,0.06877775575674216,0.16137878876298173,0.010943358830463903,0.03714056447144193,0.09142296698104536,0.06825015511779335,0.00029451650243448604,23,92,0.039710154507769324,0.06769996335064968,False,False,True,9.222284478087606e-05,COMPLETE
748,0.39138956069946296,2025-03-31 21:06:16.074820,2025-03-31 21:06:23.268852,0 days 00:00:07.194032,0.10001522264354035,0.8489273978470929,16,0.15622215540913226,0.1917509834012205,0.008864196107732805,0.04020140049516638,0.09502265905211944,0.07086760079150405,0.0002483598494643453,24,96,0.04178453178421011,0.07985484928646765,False,False,True,5.9015369555660043e-05,COMPLETE
749,0.4040865421295166,2025-03-31 21:06:23.516176,2025-03-31 21:06:30.777405,0 days 00:00:07.261229,0.1430502996653147,0.7908073833336449,16,0.059071383338282366,0.18277212639248422,0.010874943673444892,0.03779847249042232,0.0963640584707065,0.06763615051933816,0.0005236167444952299,25,99,0.082088140155565,0.06681335911847579,False,False,True,0.00012707913721331004,COMPLETE
750,0.551041042804718,2025-03-31 21:06:31.026710,2025-03-31 21:06:38.252531,0 days 00:00:07.225821,0.11771274516875893,0.8269962667481164,16,0.06760059472001576,0.15361784156224073,0.03152408328137843,0.03960486355703475,0.09097133897461615,0.06977707238302129,0.00034232444781977386,24,99,0.041138108434512925,0.06438650860764052,False,False,True,0.0001481799448765679,COMPLETE
751,0.3267584443092347,2025-03-31 21:06:38.485451,2025-03-31 21:06:44.325029,0 days 00:00:05.839578,0.09117144173423082,0.7896450908697651,16,0.05724194228736302,0.1979747380384912,0.011399582372259923,0.035690669808510204,0.09184950649012644,0.06795149152411194,0.00041174225058699857,8,93,0.0372915471104346,0.07397482099987136,False,True,True,9.653465057406064e-05,COMPLETE
752,0.5500995635986329,2025-03-31 21:06:44.572837,2025-03-31 21:06:51.906052,0 days 00:00:07.333215,0.12233760675207676,0.7758175342883404,16,0.053354309724000376,0.18778484913522248,0.008981908440311489,0.04061530904114782,0.09337405931220621,0.06309098908897123,0.0002910145379214727,25,102,0.042643236010134304,0.06196694021894934,False,False,True,0.0001630404807589348,COMPLETE
753,0.3940052270889282,2025-03-31 21:06:52.139604,2025-03-31 21:06:59.694035,0 days 00:00:07.554431,0.09512838509905917,0.8002821695683964,16,0.06221631380043719,0.2038839487537147,0.012039785342098527,0.03789967431090182,0.08978854536537217,0.07126229964329997,0.0002564565235292488,22,90,0.03984787160633304,0.06949706438201766,False,False,False,0.00012821247163490807,COMPLETE
754,0.421061909198761,2025-03-31 21:06:59.944768,2025-03-31 21:07:07.283020,0 days 00:00:07.338252,0.10266633695151864,0.7693655872239296,16,0.0544268932832129,0.15149016072924348,0.00900233370871116,0.036503218245022034,0.08953626035807521,0.06921692625522206,0.00019394075603297765,23,100,0.05108162134701718,0.06250766929004924,True,False,True,7.133992594108485e-05,COMPLETE
755,0.5504521012306214,2025-03-31 21:07:07.530074,2025-03-31 21:07:14.894271,0 days 00:00:07.364197,0.14298718858003823,0.8118103215270187,16,0.04893870389177369,0.1573826842569037,0.010436071558218721,0.03947758034663843,0.09243644330602159,0.0669273463330135,0.00016269121748392919,25,92,0.03476447229116343,0.05892033077527387,False,False,True,4.3426881990385654e-05,COMPLETE
756,0.5450361728668214,2025-03-31 21:07:15.131789,2025-03-31 21:07:22.434011,0 days 00:00:07.302222,0.08102981495556946,0.7699369136348104,16,0.05650850332249206,0.22057191796384187,0.01259144964205048,0.03485832876048197,0.09531602054816234,0.06568687829505315,0.00022229944087323087,25,91,0.045073317973749125,0.07689485146882266,False,False,True,0.000109490197717743,COMPLETE
757,0.5571945428848267,2025-03-31 21:07:22.679577,2025-03-31 21:07:29.939466,0 days 00:00:07.259889,0.11498162631909259,0.8439899928519459,16,0.04402811705842084,0.19423288517992396,0.007224997321988111,0.04110541474230905,0.09058241740382299,0.0714402253635498,0.00031466637384256857,24,95,0.037449617937110484,0.06790351822241117,False,False,True,0.00016822176133498472,COMPLETE
758,0.5025644659996032,2025-03-31 21:07:30.190348,2025-03-31 21:07:36.908798,0 days 00:00:06.718450,0.07471504274515847,0.7662294576486107,16,0.046710519421485616,0.10878482677267907,0.004702203460029005,0.02198627572287125,0.08899177081849763,0.06974418692288989,0.00018403980105394368,18,116,0.04215473459106883,0.05647929649961989,False,False,True,0.00013603244570507218,COMPLETE
759,0.4936656951904297,2025-03-31 21:07:37.142258,2025-03-31 21:07:44.270249,0 days 00:00:07.127991,0.15816627700002645,0.7945627965409774,16,0.0516158798462535,0.1568704084339255,0.012179296523999269,0.03771419286881746,0.09326766748521152,0.06690062610517876,0.00026154879135042227,22,90,0.021241070442316514,0.05130045029931811,False,False,True,2.1064850042429006e-06,COMPLETE
760,0.5044958710670471,2025-03-31 21:07:44.521706,2025-03-31 21:07:51.676115,0 days 00:00:07.154409,0.08113244491068503,0.7644182186845667,16,0.058195321119564075,0.2296182276282363,0.009423956910219524,0.041841596327990456,0.09725798616727946,0.06373595216813382,0.00013648393737490674,23,90,0.045918247868825236,0.06470205504217957,False,False,True,8.735015445839099e-05,COMPLETE
761,0.5416686773300171,2025-03-31 21:07:51.911035,2025-03-31 21:07:59.198868,0 days 00:00:07.287833,0.10682716567148955,0.8266603038433459,16,0.04539365462302633,0.15336237458028357,0.007858326381551217,0.03597035694558939,0.08834393146581529,0.07199291482946948,0.00021101142091466132,24,88,0.03952219782768837,0.13260906265723502,False,False,True,0.00016363038688175559,COMPLETE
762,0.5287182092666627,2025-03-31 21:07:59.448330,2025-03-31 21:08:06.844047,0 days 00:00:07.395717,0.13854749472057354,0.7541194235964582,16,0.04095404747506617,0.17110438758673477,0.010686526071688601,0.031752661844764364,0.09141857144306845,0.06855361575266523,0.0001546319457665551,25,96,0.04097188877716221,0.08247057177315119,False,False,True,0.00010792824965056206,COMPLETE
763,0.5008520364761353,2025-03-31 21:08:07.093607,2025-03-31 21:08:14.362692,0 days 00:00:07.269085,0.12523954403719295,0.7822058850159355,16,0.05180073135335968,0.1523441567412122,0.012962842224473239,0.039559914496715115,0.08853473215424539,0.0660343292635973,0.00011553229565968519,24,90,0.043408840790410075,0.05829962333900887,False,False,True,0.00013947119813819255,COMPLETE
764,0.4582889080047608,2025-03-31 21:08:14.602340,2025-03-31 21:08:21.894819,0 days 00:00:07.292479,0.0880682190389787,0.7348832281278682,16,0.06290274548865113,0.1984089222541137,0.005013544321205673,0.03347772500958709,0.09472037701007242,0.0699277748548857,7.35898694051255e-05,25,97,0.04951817306479641,0.07208132711325342,False,False,True,0.00013195547096931377,COMPLETE
765,0.5086609959602356,2025-03-31 21:08:22.143309,2025-03-31 21:08:40.518867,0 days 00:00:18.375558,0.06920998646408696,0.8566522979264639,2,0.06739563188535888,0.2015169206537406,0.009724215865070836,0.028023884746548627,0.09078910388245405,0.06792241958741077,0.00018526017632742553,24,93,0.03596999054446211,0.05078938371378313,False,False,True,0.00018291785666629581,COMPLETE
766,0.4904487133026123,2025-03-31 21:08:40.756844,2025-03-31 21:08:48.063846,0 days 00:00:07.307002,0.10052277391793192,0.8190217890924599,16,0.0418492335219146,0.11459095191785286,0.04552743112794449,0.03564447561991167,0.09304706163501214,0.07265245857236109,0.00024544197618756546,25,88,0.013186511867493984,0.06351457350810305,False,False,True,7.644486245721181e-05,COMPLETE
767,0.5448640108108521,2025-03-31 21:08:48.312444,2025-03-31 21:08:55.483763,0 days 00:00:07.171319,0.06672568060163721,0.7598327771328782,16,0.04913154086427901,0.1879217683218738,0.006395881405105037,0.04199665458714565,0.04717920250774218,0.06407470731079759,0.0003268853948264898,23,91,0.047061521457871354,0.056666321156376334,False,False,True,0.00010912598865828964,COMPLETE
768,0.5467440843582154,2025-03-31 21:08:55.736174,2025-03-31 21:09:02.990318,0 days 00:00:07.254144,0.12108969808288571,0.7227739677248879,16,0.05548806458105024,0.1507485639253897,0.012305013152423595,0.030453723133703266,0.08801142074626034,0.07123490397294573,0.00016442469428750385,24,86,0.03814663015940466,0.06732462838115474,False,False,True,0.00016836278037183302,COMPLETE
769,0.5497536301612854,2025-03-31 21:09:03.227676,2025-03-31 21:09:11.994898,0 days 00:00:08.767222,0.16880599839271573,0.7972008761376759,8,0.041934744218867226,0.158921746027452,0.013545572836230967,0.0232239309904337,0.09165040843644931,0.0663113010093211,0.00021019420445314772,25,100,0.042918508709705795,0.04933107156038328,False,False,True,9.929500982827324e-05,COMPLETE
770,0.285964173078537,2025-03-31 21:09:12.250773,2025-03-31 21:09:18.482076,0 days 00:00:06.231303,0.08068029294870058,0.7340411428877593,16,0.23306505449448311,0.1067061379333117,0.00841212954670615,0.039379066786678484,0.09006784630110087,0.06893021374163749,0.000254511268171139,12,109,0.04079277905911908,0.06038467699320345,False,False,True,0.0001933387317037712,COMPLETE
771,0.33569711446762085,2025-03-31 21:09:18.735525,2025-03-31 21:09:26.166111,0 days 00:00:07.430586,0.14400904098078726,0.7817522614054779,16,0.20855759339053323,0.12062127773208772,0.010775498819911796,0.037167770948076884,0.08787487226390787,0.06184478190286041,0.00014946661542443934,26,89,0.045561926633007746,0.05371283553953446,False,True,True,0.0007199669571966494,COMPLETE
772,0.5667402148246765,2025-03-31 21:09:26.407919,2025-03-31 21:09:33.766506,0 days 00:00:07.358587,0.010507012778885563,0.7492944896731795,16,0.04729238887600665,0.13303265108563964,0.011845644572435782,0.019333890129844555,0.0988204373833884,0.0715059799256588,0.00019622341600051155,25,94,0.038964630607331664,0.07571922396940167,False,False,True,0.00015047810091306084,COMPLETE
773,0.38634159564971926,2025-03-31 21:09:34.018478,2025-03-31 21:09:41.948609,0 days 00:00:07.930131,0.025009766881891424,0.746685757206123,16,0.04746814860242391,0.13167839040737622,0.011771382052353962,0.013909185994750627,0.09797932210375047,0.07204702312880827,9.474018166489293e-05,25,97,0.03687626389210076,0.0867880602822206,False,False,False,0.00015405285526607422,COMPLETE
774,0.5599959492683411,2025-03-31 21:09:42.193151,2025-03-31 21:09:49.566303,0 days 00:00:07.373152,0.012616737665372253,0.7567597922969662,16,0.05482538278735857,0.13472462741932398,0.012855724012362594,0.02040155564261307,0.09649634975522302,0.07107382310567437,0.00018962838839219434,26,92,0.03482368173477534,0.08207028432793272,False,False,True,0.00015074499516672365,COMPLETE
775,0.5013181209564209,2025-03-31 21:09:49.817154,2025-03-31 21:09:57.384818,0 days 00:00:07.567664,0.011532627235903778,0.717239906183777,16,0.06122091773023074,0.1257881903991503,0.009969470651166948,0.033691305211910015,0.09816139184902398,0.07008502834651517,0.00012335560036340018,25,99,0.038192147769606506,0.07764573937744113,True,False,True,0.00011795661265418163,COMPLETE
776,0.5461843132972718,2025-03-31 21:09:57.640687,2025-03-31 21:10:05.057419,0 days 00:00:07.416732,0.04748790935624664,0.7444333947770287,16,0.0494477486149646,0.13666746574511476,0.007254015451207193,0.015257282394055008,0.09675326008990832,0.07239081662002508,0.0004248404805206441,26,94,0.03949034703123272,0.07754913224278986,False,False,True,0.0001879804959066451,COMPLETE
777,0.5649275183677673,2025-03-31 21:10:05.298184,2025-03-31 21:10:12.686100,0 days 00:00:07.387916,0.029099329261471775,0.7752370627393358,16,0.040038686682453355,0.13100118012438514,0.013878867555564885,0.016782511211625935,0.09612594741053658,0.06840701826642977,0.00022640984034799034,26,96,0.04061000586096724,0.09191683722525215,False,False,True,0.00013028214072392696,COMPLETE
778,0.4935016751289368,2025-03-31 21:10:12.940051,2025-03-31 21:10:20.218112,0 days 00:00:07.278061,0.026495945392592323,0.7767451564950043,16,0.12874852063226785,0.13105439050129417,0.013834204803221178,0.016774406739539612,0.09826833027277102,0.07306178657711977,0.00017155051121727836,25,97,0.03713562863355813,0.08525930913426787,False,False,True,0.00022131735297309914,COMPLETE
779,0.5093259692192078,2025-03-31 21:10:20.472970,2025-03-31 21:10:27.849030,0 days 00:00:07.376060,0.026805206474002335,0.5325795049601205,16,0.0385156856237603,0.21190891152023875,0.010906867515133235,0.01705056489788589,0.09557667597174546,0.06917488579165901,0.0002176895846978507,26,89,0.03829690455187856,0.09206446119712546,False,False,True,0.00014309723115587094,COMPLETE
780,0.5397478818893433,2025-03-31 21:10:28.090829,2025-03-31 21:10:35.398828,0 days 00:00:07.307999,0.024898483932194748,0.7751207050545119,16,0.03848138694517131,0.13765536432825065,0.012770336215444926,0.019458745479046254,0.09930783753638886,0.07089395580786581,0.0001627753447042026,25,103,0.034236518911429516,0.08334073156469649,False,False,True,0.00012260398811227954,COMPLETE
781,0.28365092277526854,2025-03-31 21:10:35.651797,2025-03-31 21:10:42.883209,0 days 00:00:07.231412,0.011849326820973526,0.7995424126635118,16,0.25168597189736075,0.1306266517123598,0.008890812916012621,0.019161849507356086,0.0974363173464659,0.07322169580940782,0.0011584733917659226,25,100,0.039150305948159735,0.0781946004017287,False,False,True,0.00018355769422657292,COMPLETE
782,0.5614565253257752,2025-03-31 21:10:43.142105,2025-03-31 21:10:50.536572,0 days 00:00:07.394467,0.03881062163395699,0.7757365894679992,16,0.04379876670322107,0.1413131593844175,0.010642290476257468,0.0199957034557069,0.0964319766748369,0.06727521738293296,0.00027878069921827953,26,94,0.03584255836104343,0.08910536369377438,False,False,True,9.368639065458421e-05,COMPLETE
783,0.5250606417655945,2025-03-31 21:10:50.782329,2025-03-31 21:10:58.221038,0 days 00:00:07.438709,0.011178540254933478,0.7601672932208432,16,0.0361687083667166,0.14676904669457022,0.013906836556211367,0.021381077794258914,0.09865118086244574,0.06523659786100477,0.00014008897101718516,26,98,0.04050333934853416,0.09594321917629951,False,False,True,0.00015751714356155097,COMPLETE
784,0.44747523069381717,2025-03-31 21:10:58.479740,2025-03-31 21:11:05.785607,0 days 00:00:07.305867,0.045227210879611,0.21864050791093947,16,0.043167515645952816,0.12727799485720775,0.007279846619046233,0.017476428102505673,0.09783061464076138,0.0024709318209288414,0.0002073471126912068,25,98,0.04090745963156981,0.08113264751517237,False,False,True,0.00021983313096162648,COMPLETE
785,0.5624651312828064,2025-03-31 21:11:06.042861,2025-03-31 21:11:13.011082,0 days 00:00:06.968221,0.04243110756455926,0.7633442911358466,16,0.05079517701572993,0.13744980606434284,0.012323489660311644,0.01861681555507248,0.09859691056326514,0.06919250724449469,0.0002371739792901692,21,95,0.03894652280541563,0.07626965603253555,False,False,True,0.00012319180837439046,COMPLETE
