number,value,datetime_start,datetime_complete,duration,params_alpha-eval,params_alpha-train,params_batch-size,params_eps-eval,params_eps-train,params_lambda-actions-eval,params_lambda-actions-train,params_lambda-frames-eval,params_lambda-frames-train,params_learning-rate,params_n-epochs,params_n-frames,params_radius-gw,params_rho,params_std-feats,params_ub-actions,params_ub-frames,params_weight-decay,state
1122,0.5527054786682128,2025-03-31 21:57:29.772326,2025-03-31 21:57:37.238993,0 days 00:00:07.466667,0.07275864077677147,0.8143986301960005,16,0.04041122454953634,0.17269765428874928,0.01031542437040595,0.05551802822938623,0.09437643083859065,0.07405938139297023,0.00017196063142176473,26,70,0.04311286608742113,0.06579810659482203,False,False,True,1.2794344347084809e-08,COMPLETE
1123,0.5327034711837768,2025-03-31 21:57:37.602123,2025-03-31 21:57:44.958438,0 days 00:00:07.356315,0.028846142685254823,0.7277940183756189,16,0.05682578024330779,0.1638539194948383,0.006353095668218286,0.03794572432066545,0.09657014568004708,0.07023061539927179,0.00044427011325631104,25,82,0.039372705495839586,0.04515045658960884,False,False,True,2.1895548348405947e-08,COMPLETE
1124,0.5479018330574036,2025-03-31 21:57:45.323115,2025-03-31 21:57:53.533505,0 days 00:00:08.210390,0.063188276184637,0.6748519595686329,8,0.04500961104441714,0.1470041951196248,0.051573222365022535,0.051750789401517464,0.09114640875871398,0.03600997867527867,0.00024558676196517537,21,78,0.04367864421016073,0.10099857443392399,False,False,True,4.821874987239787e-08,COMPLETE
1125,0.4877153277397156,2025-03-31 21:57:53.897179,2025-03-31 21:58:01.413142,0 days 00:00:07.515963,0.12247710704199889,0.8586400097853009,16,0.06083129510036082,0.1358393694676025,0.011951389853404453,0.041941264689504314,0.09817260190472295,0.08419752920248334,0.00013706833619019977,27,72,0.040519975970150834,0.06056705845559737,False,False,True,1.7765205352089603e-08,COMPLETE
1126,0.5142808437347413,2025-03-31 21:58:01.760254,2025-03-31 21:58:09.332413,0 days 00:00:07.572159,0.042219471490991395,0.756628149358755,16,0.04904869981321453,0.10843374914634589,0.008564240078869492,0.0461917569679352,0.0943687180123783,0.08842655844601843,0.00031188423426363205,28,66,0.03589227523978194,0.07284372418521064,False,False,True,4.335067394310171e-05,COMPLETE
1127,0.5677747607231141,2025-03-31 21:58:09.692338,2025-03-31 21:58:16.880905,0 days 00:00:07.188567,0.10480291436505644,0.7937218948339912,16,0.03981166040580644,0.15604771001146467,0.004709437840678339,0.04858434549752919,0.09192968823267049,0.07641822286766009,0.0002033230138238375,24,74,0.041886019846871396,0.052315449534395375,False,False,True,2.8493839775650793e-08,COMPLETE
1128,0.387901759147644,2025-03-31 21:58:17.243501,2025-03-31 21:58:24.310048,0 days 00:00:07.066547,0.08997118372853646,0.8013646669382618,16,0.037142876000229245,0.16047527196632475,0.0011532591976048633,0.05170170036295882,0.09299080569479669,0.08024438259152691,0.00016297944731556672,23,14,0.04618642429895622,0.050234857240480775,False,False,True,3.461267010615498e-08,COMPLETE
1129,0.502466881275177,2025-03-31 21:58:24.669578,2025-03-31 21:58:31.902678,0 days 00:00:07.233100,0.07220052935387292,0.8125310288440135,16,0.03758771684105675,0.16659812011117658,0.006045171224765605,0.0491682138465261,0.09214085216792631,0.07843071073225515,0.00020012212497568695,24,77,0.03335350745208809,0.06845804129340424,False,False,True,3.044540683417489e-08,COMPLETE
1130,0.48228045701980593,2025-03-31 21:58:32.265647,2025-03-31 21:58:39.348138,0 days 00:00:07.082491,0.05520059484764967,0.7942089998928304,16,0.04046772325258362,0.015193013981239817,0.004075762109950657,0.053636706026380494,0.09270948064534881,0.0901834143709928,0.00012757014920572324,23,82,0.04371687473173983,0.05753365674411322,False,False,True,4.072723223609987e-08,COMPLETE
1131,0.5219676971435547,2025-03-31 21:58:39.710893,2025-03-31 21:58:46.915916,0 days 00:00:07.205023,0.026405804714487356,0.826674901462586,16,0.03406098278014656,0.1577260745120846,0.002424304808513163,0.052038115643778166,0.03779854753877851,0.00598086085061059,0.00024149778577585218,24,72,0.03989236750058342,0.042236902126773085,False,False,True,3.021292069355041e-08,COMPLETE
1132,0.4747029781341553,2025-03-31 21:58:47.278817,2025-03-31 21:58:54.568327,0 days 00:00:07.289510,0.09678459064882866,0.7801842514144643,16,0.042919898421319776,0.17564296559985904,0.0036939548475086693,0.04844623383197157,0.0946240745345167,0.08262742818375295,0.00015814505016396865,24,68,0.04147010474626581,0.06302076001430297,False,False,True,6.195405154318906e-08,COMPLETE
1133,0.4911792755126953,2025-03-31 21:58:54.929111,2025-03-31 21:59:02.078077,0 days 00:00:07.148966,0.0463377182235663,0.7951472345817232,16,0.033848510367994855,0.16927925601662602,0.013070386938614037,0.049945231881217925,0.09556585461535948,0.07625413286061392,0.0001987033651865926,23,80,0.03736388480450818,0.07679308136060733,False,False,True,4.0546971165984106e-08,COMPLETE
1134,0.32372890710830693,2025-03-31 21:59:02.442208,2025-03-31 21:59:09.728766,0 days 00:00:07.286558,0.07532972258574494,0.8272608649914989,16,0.041250020058623826,0.1641666093275517,0.0599010989695564,0.050843944513424756,0.0908781888925087,0.07284087986550641,0.0003243357892490745,24,75,0.044533216477505654,0.050527769987145796,False,True,True,2.5917117928508885e-08,COMPLETE
1135,0.4676747560501099,2025-03-31 21:59:10.092187,2025-03-31 21:59:17.401891,0 days 00:00:07.309704,0.027140124707938182,0.7848972795863991,16,0.0366466899183921,0.1799603552066362,0.0031515360254226136,0.054999553177069456,0.0956688396051265,0.07989398509041382,0.00010862177746447883,24,78,0.047267249601807074,0.08819345240995158,False,False,True,4.874902443533602e-08,COMPLETE
1136,0.3920804142951966,2025-03-31 21:59:17.767123,2025-03-31 21:59:24.676177,0 days 00:00:06.909054,0.059361463048169555,0.8398558192866026,16,0.21137604064522336,0.15594873272379264,0.011320806161759317,0.04805965061779834,0.09353453841743212,0.08121195200494373,0.0002506501628134251,15,63,0.04249247483814504,0.0555705321938406,False,False,False,6.114352548123612e-07,COMPLETE
1137,0.5434862136840821,2025-03-31 21:59:25.039215,2025-03-31 21:59:32.279189,0 days 00:00:07.239974,0.09813393636499826,0.8081852822279595,16,0.04318239024008099,0.1265438877842076,0.005117293446491593,0.05305992956672633,0.09123194060497215,0.07106721108594716,0.0001734794070031264,23,74,0.03859947550083778,0.06695671848536724,True,False,True,2.3114525367394578e-07,COMPLETE
1138,0.5653571009635925,2025-03-31 21:59:32.649415,2025-03-31 21:59:39.852693,0 days 00:00:07.203278,0.02828992521202357,0.7765890592886425,16,0.025895252732308024,0.15229295615022448,0.03348669418715706,0.05680547401835589,0.09808728955696412,0.07764640834024229,0.00021565454393172455,24,71,0.045016964326338844,0.04582308788255303,False,False,True,8.382114553680265e-08,COMPLETE
1139,0.5356495141983032,2025-03-31 21:59:40.218195,2025-03-31 21:59:47.519511,0 days 00:00:07.301316,0.07901745100467192,0.8130436157487878,16,0.03235851635070092,0.11674886102172549,0.009055737934371264,0.049350141055062004,0.09417545660588414,0.08490684453682903,0.0001371165879412032,25,82,0.04107468881521672,0.06019458038587826,False,False,True,3.002003453868835e-08,COMPLETE
1140,0.5425890326499939,2025-03-31 21:59:47.887173,2025-03-31 21:59:55.119791,0 days 00:00:07.232618,0.04665840747723981,0.7898011782798937,16,0.044986986099291054,0.17318307227570684,0.014129447336550208,0.051287736123043264,0.099939079840425,0.0753761053670107,0.0002783675910327206,24,77,0.04912887916840135,0.03463545330201534,False,False,True,2.3144431590983566e-08,COMPLETE
1141,0.4858415603637695,2025-03-31 21:59:55.488102,2025-03-31 22:00:02.784904,0 days 00:00:07.296802,0.028825286003013848,0.8772693407762178,16,0.037537791123879165,0.1853832503625368,0.0010827671071636843,0.04787551082194399,0.0967632929411128,0.01375528659052215,0.0001839314772454286,25,68,0.04239166101979178,0.07362688357078095,False,False,True,2.6718620571396486e-08,COMPLETE
1142,0.5075713634490967,2025-03-31 22:00:03.154160,2025-03-31 22:00:10.459358,0 days 00:00:07.305198,0.10716324707351114,0.7670012950111189,16,0.04914048745357601,0.14303621420859577,0.010945557521519336,0.05451811339667731,0.09044570671803177,0.07883489445580306,0.0002178675051558563,25,74,0.039317468741484056,0.0532032823694646,False,False,True,3.5135357561722235e-08,COMPLETE
1143,0.5193948149681091,2025-03-31 22:00:10.832127,2025-03-31 22:00:18.006631,0 days 00:00:07.174504,0.05922537343876371,0.8539713268324367,16,0.042657242152195365,0.20914793676308197,0.013530509674734296,0.05086312204832779,0.09247981787078811,0.08199580414560564,0.00015021819799088232,24,80,0.05331682752056704,0.06452594742139658,False,False,True,3.929473651683493e-08,COMPLETE
1144,0.5167028188705445,2025-03-31 22:00:18.378908,2025-03-31 22:00:37.491171,0 days 00:00:19.112263,0.02693130814230247,0.8296422987778636,2,0.02811251418542117,0.15986348596371847,0.008002713661675155,0.05903616816807056,0.09628298713595862,0.07436762065700066,0.0003237339839809529,25,84,0.04417293628137652,0.08029872700737195,False,False,True,2.4349724325643068e-08,COMPLETE
1145,0.5623843669891357,2025-03-31 22:00:37.862794,2025-03-31 22:00:45.251211,0 days 00:00:07.388417,0.011737121214031872,0.8027455059015004,16,0.05210806192754472,0.16642228662789027,0.004948082947223811,0.022918714178587433,0.08990846691702058,0.06947454766382682,0.0002442478615963809,25,71,0.04639918372157619,0.04177733950350679,False,False,True,5.458515064353566e-08,COMPLETE
1146,0.512720274925232,2025-03-31 22:00:45.623146,2025-03-31 22:00:54.142836,0 days 00:00:08.519690,0.07941551872514223,0.8148826341810571,8,0.03527999437478221,0.13478562980273184,0.009957417142188275,0.04849185271040749,0.09226453244694169,0.044332678634607006,0.0001872002566213367,23,76,0.036466777526875487,0.05970215488949605,False,False,True,3.3813479205194615e-08,COMPLETE
1147,0.542867386341095,2025-03-31 22:00:54.514279,2025-03-31 22:01:01.627909,0 days 00:00:07.113630,0.040532449248908614,0.7705127699721566,16,0.045660553496635656,0.14743206870586106,0.01474958660719095,0.052737177185873896,0.046839736922119395,0.08649321419596,0.0003669184603844083,22,98,0.04014314154876789,0.04887629203328564,False,False,True,1.980292311722533e-08,COMPLETE
1148,0.2706993103027344,2025-03-31 22:01:01.982191,2025-03-31 22:01:09.279954,0 days 00:00:07.297763,0.01091899701765473,0.837369325386618,16,0.2626500469232896,0.17711387994760863,0.007335616079905428,0.037477366733238385,0.09454660260103186,0.07214875629951543,0.0001611020110577158,25,78,0.0426520317073742,0.07068329679408555,False,False,True,2.631909850250732e-08,COMPLETE
1149,0.5058968663215637,2025-03-31 22:01:09.650517,2025-03-31 22:01:16.882704,0 days 00:00:07.232187,0.1171329179201093,0.7864725173303996,16,0.038546470368989554,0.19755632289772568,0.01245778116832445,0.04636140231170235,0.09811002599904736,0.07659578022806965,0.0002682444102446808,24,73,0.038206906011279025,0.055596308594382395,False,False,True,2.070995336468214e-08,COMPLETE
1150,0.47484773397445684,2025-03-31 22:01:17.249396,2025-03-31 22:01:24.656926,0 days 00:00:07.407530,0.06924158643075892,0.5405995918568339,16,0.06951568518112997,0.15309597081680706,0.0027336817743729533,0.05015889057326568,0.0901556298698946,0.08395894036267494,0.00012355780474903385,26,81,0.04615406538086117,0.06515032350314781,False,False,True,6.469983968547435e-05,COMPLETE
1151,0.5418108701705933,2025-03-31 22:01:25.024944,2025-03-31 22:01:32.469936,0 days 00:00:07.444992,0.04891359961246662,0.7684033315595725,16,0.023189172008883867,0.16085264366509233,0.01023608658670054,0.0535257270158417,0.09409377236839847,0.07926431260010054,0.00019373098516849808,26,93,0.05117992881626315,0.05032799265181595,False,False,True,1.7882292308130407e-06,COMPLETE
1152,0.28286103010177616,2025-03-31 22:01:32.835525,2025-03-31 22:01:40.162077,0 days 00:00:07.326552,0.09806759997502604,0.4396945628890129,16,0.05425249323584046,0.1403968878351439,0.0475478580191465,0.048367303811487496,0.09631795388352991,0.07340303187297577,0.0005832737529654354,24,69,0.007517931948381094,0.07575591237798253,False,True,True,4.0751569632435295e-08,COMPLETE
1153,0.29614717960357667,2025-03-31 22:01:40.531305,2025-03-31 22:01:47.698721,0 days 00:00:07.167416,0.05566428371191611,0.8645379125410285,16,0.1589158580651722,0.1713478389390114,0.012476911362606272,0.03359798505957022,0.09202066458655313,0.0700365432524721,0.000218394064177675,23,84,0.0052291445466133984,0.0583519387205052,False,False,True,2.816178336440431e-08,COMPLETE
1154,0.3960113286972046,2025-03-31 22:01:48.069080,2025-03-31 22:01:56.038539,0 days 00:00:07.969459,0.031442599143023095,0.7511190719628931,16,0.03260574184959108,0.12409481582406398,0.015994344785851915,0.05727614131747264,0.08956874099790992,0.07768272917111334,0.0001604352007756316,26,60,0.034885606263308375,0.06845286002589958,False,False,False,2.1060388917966513e-08,COMPLETE
1155,0.5155258655548096,2025-03-31 22:01:56.410863,2025-03-31 22:02:03.710208,0 days 00:00:07.299345,0.14540295941409484,0.8051634150522412,16,0.047847240614430075,0.18858362604628381,0.004949390972862245,0.036315675084252694,0.09825429101835569,0.03238966519357319,0.0002742558001672966,25,66,0.04371758972168242,0.040140861240028074,False,False,True,5.479030272670515e-08,COMPLETE
1156,0.5581260442733765,2025-03-31 22:02:04.081101,2025-03-31 22:02:11.259486,0 days 00:00:07.178385,0.0845146892760168,0.7606196450793984,16,0.07759490916757696,0.13250892187618363,0.009099418010010749,0.05157080941228978,0.09995360127773796,0.08151072462799673,0.000222211383391336,23,75,0.04046144610233359,0.09386153440221234,False,False,True,3.361101981018969e-08,COMPLETE
1157,0.4966675877571106,2025-03-31 22:02:11.642794,2025-03-31 22:02:18.997245,0 days 00:00:07.354451,0.041384709673359076,0.8404176602743648,16,0.043317119381477365,0.15659997510565518,0.07219193215161297,0.05475876193989035,0.0929057651054203,0.07613851490942189,0.00013598959948792674,24,79,0.04835523200507693,0.08327471011256252,True,False,True,1.0531322301502124e-07,COMPLETE
1158,0.2872146666049957,2025-03-31 22:02:19.370802,2025-03-31 22:02:26.712983,0 days 00:00:07.342181,0.12430631242181218,0.7880621323737331,16,0.23185544861011126,0.16541791958037635,0.006675582064734029,0.038814933383449254,0.0907004894745002,0.08043840421798558,0.013023614094266021,25,73,0.042162927832217506,0.04601430661102496,False,False,True,4.40163657335003e-08,COMPLETE
1159,0.4428102731704712,2025-03-31 22:02:27.087670,2025-03-31 22:02:34.423262,0 days 00:00:07.335592,0.06880936746668144,0.8973303132517955,16,0.0554918946142431,0.2985334793750094,0.0010616746903268242,0.04578872274325288,0.09535428984124061,0.07185185234778893,9.316981041299663e-05,26,77,0.044642498407515135,0.06102777009916809,False,False,True,1.7583577128734464e-08,COMPLETE
1160,0.5025245904922486,2025-03-31 22:02:34.796693,2025-03-31 22:02:42.058423,0 days 00:00:07.261730,0.09893995249150211,0.8175391180916146,16,0.03869167662521876,0.17830558185820747,0.014119439394559691,0.025765924412087207,0.09424618988389927,0.07425535833923604,0.00019167357782184797,25,70,0.03749766198864863,0.05349751970208722,False,False,True,2.723351250058874e-08,COMPLETE
1161,0.5159817457199096,2025-03-31 22:02:42.429467,2025-03-31 22:02:49.691424,0 days 00:00:07.261957,0.0383517560650156,0.7503986810305708,16,0.02928597490613278,0.14873965407174822,0.011896569726778052,0.050248850053794036,0.08860295528441656,0.06979295103767881,0.0003151804415529776,24,80,0.03261562193230998,0.0709480593959905,False,False,True,2.2722043106664126e-08,COMPLETE
1162,0.5600635886192322,2025-03-31 22:02:50.064976,2025-03-31 22:02:57.451224,0 days 00:00:07.386248,0.024843045269898667,0.782248594977184,16,0.06021339167880139,0.1402659162195123,0.01745777596889117,0.04783702106590657,0.07124373501363201,0.08359522924190659,0.0002486060731661257,26,83,0.04132959448856492,0.06154871515447666,False,False,True,1.573578582348326e-08,COMPLETE
1163,0.5050175666809082,2025-03-31 22:02:57.831594,2025-03-31 22:03:05.071774,0 days 00:00:07.240180,0.8547631799829939,0.7397635002271946,16,0.008726824160458044,0.11006827773607797,0.007444843486982268,0.052706993137261994,0.09671274778226906,0.07773137040020614,0.0011961856364254703,25,76,0.04606760620485352,0.05417137902657764,False,False,True,2.984651931451786e-08,COMPLETE
1164,0.46887840032577516,2025-03-31 22:03:05.443599,2025-03-31 22:03:12.350042,0 days 00:00:06.906443,0.2270843668341192,0.8542814880869123,16,0.04879839801412048,0.12800994095309426,0.010662162538252085,0.035124165223820995,0.09225092100510185,0.0805674830662769,0.00018280917941878886,20,65,0.03944538077730125,0.13027537431555103,False,False,True,6.55465512912975e-08,COMPLETE
1165,0.551594078540802,2025-03-31 22:03:12.724076,2025-03-31 22:03:19.956829,0 days 00:00:07.232753,0.058710043039442356,0.8008539639711237,16,0.040041419408644696,0.17182506499616867,0.0042523007601056,0.032272019868653204,0.08907323229200825,0.07523279471749225,0.00038707621348791575,24,94,0.04328672679928911,0.046056209746773186,False,False,True,1.0067992420344824e-08,COMPLETE
1166,0.43786033391952517,2025-03-31 22:03:20.331808,2025-03-31 22:03:27.375158,0 days 00:00:07.043350,0.35887633490615867,0.8216632281708481,16,0.015090416786973954,0.1607656664501662,0.015718906170455866,0.05023926584085719,0.09139497205652099,0.07233632120547562,0.00015880628491625308,22,72,0.04772006743213051,0.22159454198814854,False,False,True,3.561636548913047e-08,COMPLETE
1167,0.5288908600807191,2025-03-31 22:03:27.749943,2025-03-31 22:03:47.152616,0 days 00:00:19.402673,0.010984108797773676,0.7677738231332983,2,0.03416928722905247,0.14632616764578568,0.02038339609335944,0.04685759190452418,0.09674078817781222,0.023152879995406106,0.0002189266288520562,26,79,0.04138327362935922,0.07820304741793607,False,False,True,2.0882367554087614e-08,COMPLETE
1168,0.5521619439125061,2025-03-31 22:03:47.531023,2025-03-31 22:03:54.902011,0 days 00:00:07.370988,0.08337321843729258,0.795504937740456,16,0.04558669905702958,0.11902628061970608,0.013416656058482431,0.05539986973481215,0.058350558484629646,0.07924220590453201,0.00029176757607119705,26,108,0.038655528851338626,0.06561109899121342,False,False,True,1.5476789694068762e-08,COMPLETE
1169,0.5431568264961243,2025-03-31 22:03:55.279919,2025-03-31 22:04:02.563170,0 days 00:00:07.283251,0.11033957963574947,0.7542090336685329,16,0.05234322929872184,0.15354211670884857,0.008943970414249984,0.037323354694001616,0.08890927369840236,0.08803039640872737,0.00011844575731325258,25,75,0.04465794988065514,0.025473640667678182,False,False,True,1.7331377571252932e-08,COMPLETE
1170,0.5133071184158325,2025-03-31 22:04:02.939769,2025-03-31 22:04:11.595554,0 days 00:00:08.655785,0.010316863735886393,0.8432395267282479,8,0.17640516254194402,0.18218061290663307,0.08061624951893331,0.05227765557838046,0.09387577744894779,0.08256672872867,0.00024204148310079387,24,84,0.0369418918920495,0.03505173302615548,False,False,True,1.2228180442516083e-08,COMPLETE
1171,0.32683513164520267,2025-03-31 22:04:11.982682,2025-03-31 22:04:19.431450,0 days 00:00:07.448768,0.1403594435932335,0.32965214603046894,16,0.021805534630161647,0.16681106377571334,0.0031348832163143317,0.049592362430689096,0.09829905241823908,0.06970309189388227,0.00014634248637260925,27,69,0.04270020531843944,0.057293756458222815,False,True,True,4.7497610289686295e-08,COMPLETE
1172,0.4413631796836853,2025-03-31 22:04:19.813725,2025-03-31 22:04:26.059336,0 days 00:00:06.245611,0.05409677211347735,0.871900194892629,16,0.06410584289578469,0.13750540715489107,0.006476467790356032,0.03371118796441038,0.09015896548375561,0.04670963917102446,0.00018869530142356705,13,82,0.049743485068619114,0.049603231701333024,False,False,True,2.5105728363104227e-08,COMPLETE
1173,0.3913144946098328,2025-03-31 22:04:26.434441,2025-03-31 22:04:34.268634,0 days 00:00:07.834193,0.03030564839744425,0.7782223786352336,16,0.029100738338106225,0.20255492727063626,0.011238135035809964,0.02382742999835929,0.08785049823145541,0.05184200068867447,0.0002721895505869989,25,74,0.09673629742142965,0.07247004607966677,False,False,False,3.308947313255042e-08,COMPLETE
1174,0.5493952870368958,2025-03-31 22:04:34.648899,2025-03-31 22:04:42.021681,0 days 00:00:07.372782,0.0646222990089524,0.7315118266279228,16,0.04186965682929043,0.14486810149140328,0.014561412753545366,0.02970369545247667,0.02968329852613312,0.08549621406785901,0.00044979015687192955,26,78,0.0403130750160404,0.06500186788013702,False,False,True,2.008124369021632e-08,COMPLETE
1175,0.5086476802825928,2025-03-31 22:04:42.396192,2025-03-31 22:04:49.785995,0 days 00:00:07.389803,0.16492687980210835,0.8209730379324823,16,0.05670009496179367,0.19228407392664093,0.017688738094226164,0.039370465544517196,0.09511550411825595,0.07736423619096265,0.00020313167669105774,23,86,0.04550818819906612,0.011520355228639756,True,False,True,1.413498728604948e-08,COMPLETE
1176,0.46535452604293825,2025-03-31 22:04:50.165807,2025-03-31 22:04:57.039057,0 days 00:00:06.873250,0.010073851972149812,0.7595597132334873,16,0.0369670870068256,0.15810737966656246,0.00839042430172287,0.06036588141737958,0.09295835740695926,0.07382051161904755,0.0001664275498646389,19,71,0.04192623594945587,0.08679166477352813,False,False,True,5.415203910582991e-05,COMPLETE
1177,0.5064170718193054,2025-03-31 22:04:57.416881,2025-03-31 22:05:04.907102,0 days 00:00:07.490221,0.04157158480001699,0.7372433504284389,16,0.047915534339519006,0.13069653823356323,0.012033523269051811,0.045559689308851216,0.09125794614912984,0.08174315601355846,0.0003272158415919318,27,63,0.047272365498024105,0.058436106625948794,False,False,True,4.45772979221036e-08,COMPLETE
