number,value,datetime_start,datetime_complete,duration,params_alpha-eval,params_alpha-train,params_batch-size,params_eps-eval,params_eps-train,params_lambda-actions-eval,params_lambda-actions-train,params_lambda-frames-eval,params_lambda-frames-train,params_learning-rate,params_n-epochs,params_n-frames,params_radius-gw,params_rho,params_std-feats,params_ub-actions,params_ub-frames,params_weight-decay,state
1178,0.5155437827110291,2025-03-31 22:05:05.289548,2025-03-31 22:05:12.548500,0 days 00:00:07.258952,0.08746140322223411,0.8001833047087893,16,0.05400757177771933,0.17308686822732086,0.0153250699769478,0.021070595399920823,0.02527272988134724,0.07922251313671938,0.0002293204562691108,24,76,0.034713620584453486,0.043626594240298584,False,False,True,8.149400211269148e-05,COMPLETE
1179,0.49340358972549436,2025-03-31 22:05:12.931768,2025-03-31 22:05:20.267277,0 days 00:00:07.335509,0.010127375030649127,0.8324418180359204,16,0.03213564056865589,0.15121708581099863,0.05671020703582926,0.05739245292805808,0.0982535929095811,0.07521572076616673,0.00010381317983520223,25,100,0.043894303030130914,0.05249410923774542,False,False,True,2.4079709786906947e-08,COMPLETE
1180,0.4737491250038147,2025-03-31 22:05:20.649249,2025-03-31 22:05:28.049846,0 days 00:00:07.400597,0.10933284042894902,0.7797448474517884,16,0.10304153083834636,0.1662968581137701,0.005003755240583074,0.054366263117104276,0.08647562776778182,0.07132844807807834,0.00013778919339784484,26,81,0.039302084331304964,0.06861803546611793,False,False,True,1.0044822501403472e-08,COMPLETE
1181,0.5117945551872254,2025-03-31 22:05:28.432244,2025-03-31 22:05:35.988447,0 days 00:00:07.556203,0.13007281052293976,0.7085787317032264,16,0.04512680690168744,0.14166978798410174,0.010267966906569911,0.04860149966609155,0.09996086652460953,0.0768794412401523,0.0022878944854850054,27,95,0.04123208299828964,0.062418232681975154,False,False,True,1.5991068261708993e-08,COMPLETE
1182,0.49419306516647343,2025-03-31 22:05:36.371128,2025-03-31 22:05:43.723685,0 days 00:00:07.352557,0.0423310103765364,0.7602209464230995,16,0.06940683578979182,0.1344516232571055,0.0026946386015162505,0.036303333689269114,0.09609530979073158,0.09154137144227527,0.000172369182480523,25,73,0.03705187062040737,0.07884133856521158,False,False,True,1.236621083306899e-08,COMPLETE
1183,0.44295648336410526,2025-03-31 22:05:44.103709,2025-03-31 22:05:51.340937,0 days 00:00:07.237228,0.07302145358099912,0.8084206554821954,16,0.04029438090498056,0.1617842911928506,0.01315380774451107,0.051986326746059255,0.08852878674115573,0.08430604096354476,5.957220786640969e-05,24,67,0.04371171248739478,0.052463778589374774,False,False,True,3.0250294261884135e-08,COMPLETE
1184,0.5621493220329286,2025-03-31 22:05:51.726989,2025-03-31 22:05:59.174966,0 days 00:00:07.447977,0.030677166893838606,0.8887558369100685,16,0.06167875808164792,0.15519872742936405,0.007070353246543925,0.04732738650458024,0.09393609813105246,0.07246491490990048,0.0002547115080312634,27,78,0.04617799432770189,0.07391140653752473,False,False,True,1.8671513520709097e-08,COMPLETE
1185,0.5642553091049195,2025-03-31 22:05:59.556390,2025-03-31 22:06:06.762520,0 days 00:00:07.206130,0.057518964916582004,0.740748818745618,16,0.026414574040537743,0.11368775787772784,0.018346350135723555,0.041104934810347354,0.09114825461814305,0.08008390549897759,0.00020325713638025806,23,91,0.039741568294132446,0.05867949591471644,False,False,True,3.958857553074666e-08,COMPLETE
1186,0.541961145401001,2025-03-31 22:06:07.143276,2025-03-31 22:06:14.553267,0 days 00:00:07.409991,0.09217322131286873,0.8562765690564329,16,0.05014955955018909,0.10556014280625173,0.00905316198879448,0.05057893328347224,0.08445650043835681,0.06886755407113046,0.0002119675067663999,26,88,0.042509704139955244,0.04704242308658331,False,False,True,1.4442717349236771e-08,COMPLETE
1187,0.5187621593475342,2025-03-31 22:06:14.939372,2025-03-31 22:06:22.268723,0 days 00:00:07.329351,0.04542484104800438,0.7894750549704285,16,0.03408044064236871,0.1859174274687595,0.012137551693116328,0.031871536935746056,0.08981276259604283,0.0825226408874565,0.0003339952627198482,25,75,0.03787807273489841,0.03762785377493229,False,False,True,2.1788752070200097e-08,COMPLETE
1188,0.5240836858749389,2025-03-31 22:06:22.653246,2025-03-31 22:06:41.152549,0 days 00:00:18.499303,0.0290000869693411,0.8318311452722182,2,0.0437870053510588,0.17941492152905153,0.01612890713142017,0.03798281951962635,0.09620987495600784,0.07836477258428912,0.00016389012583370276,24,81,0.044667951275875604,0.06570328858750309,False,False,True,6.296643338115557e-08,COMPLETE
1189,0.5542925953865052,2025-03-31 22:06:41.539340,2025-03-31 22:06:48.936158,0 days 00:00:07.396818,0.11685783420140221,0.7197851876538671,16,0.05482847210514626,0.17035443834389785,0.004535896064357133,0.026110600682555534,0.08718644559626229,0.07054538499576656,0.0002842903856998363,26,70,0.048590044455855866,0.056598034093502655,False,False,True,2.6406547907345952e-08,COMPLETE
1190,0.32296298742294316,2025-03-31 22:06:49.317249,2025-03-31 22:06:56.858203,0 days 00:00:07.540954,0.06958245367316646,0.7709410176999673,16,0.03645477345552606,0.12420439264036218,0.014062532294522225,0.053717778907484325,0.09243861394942224,0.07575343471454436,0.00013126992062968137,27,84,0.041642234665271186,0.07022351583495137,False,True,True,1.2709264286284442e-08,COMPLETE
1191,0.40360765457153325,2025-03-31 22:06:57.249635,2025-03-31 22:07:06.148981,0 days 00:00:08.899346,0.028086323786990185,0.6824318069140081,8,0.019157541263121934,0.14724624833637273,0.006855032973379891,0.04374579285309881,0.09999329165206718,0.0864956042111763,1.684825935506429e-05,26,78,0.03976395697539455,0.11955832319636144,False,False,True,4.864810981111701e-06,COMPLETE
1192,0.39577871561050415,2025-03-31 22:07:06.535412,2025-03-31 22:07:13.807507,0 days 00:00:07.272095,0.08582171576347777,0.8085855137235407,16,0.04936323441896239,0.15252606687915946,0.011486396695978554,0.048787888062113004,0.0856711307745772,0.07397816801544596,0.00023630762779583122,18,72,0.035876160673226916,0.10800796675812491,False,False,False,1.775009308949225e-08,COMPLETE
1193,0.5183287620544434,2025-03-31 22:07:14.193862,2025-03-31 22:07:21.667773,0 days 00:00:07.473911,0.054711157430014326,0.7393943118553332,16,0.027251548114769344,0.1411591608205298,0.010046086356652408,0.03472769676502254,0.08016805716361909,0.0806312505489703,0.00018996837172086863,25,76,0.051142515330347194,0.05022949848653228,True,False,True,3.2388765631994053e-08,COMPLETE
1194,0.49643490314483646,2025-03-31 22:07:22.053059,2025-03-31 22:07:29.130609,0 days 00:00:07.077550,0.10440787375225234,0.7043593270137446,16,0.04236147869630341,0.16087171641789683,0.014614333139623382,0.046687434503248984,0.09469560936868163,0.07161648976097691,0.00015541790393399944,23,68,0.045992423436010545,0.09327300922069084,False,False,True,4.85652934929332e-08,COMPLETE
1195,0.555915117263794,2025-03-31 22:07:29.519454,2025-03-31 22:07:36.800044,0 days 00:00:07.280590,0.14607460341192438,0.7575512983468078,16,0.059735936561452485,0.1739540579969027,0.0024071620142729257,0.05160831885508474,0.08891433514339937,0.07808262902531189,0.0002707512354708827,24,73,0.04357197246001866,0.08382369164141948,False,False,True,1.569523522157152e-08,COMPLETE
1196,0.5340112447738647,2025-03-31 22:07:37.187814,2025-03-31 22:07:44.525656,0 days 00:00:07.337842,0.7022459080266763,0.7834872623882605,16,0.035644791285436773,0.13452048727238428,0.008527979127065051,0.0565299996781713,0.09705760784080124,0.08350935024820771,0.00020808215997705,25,80,0.04079261149520069,0.06319703957956,False,False,True,1.1786803277737475e-08,COMPLETE
1197,0.5170217633247376,2025-03-31 22:07:44.917045,2025-03-31 22:07:52.406547,0 days 00:00:07.489502,0.19167730895460838,0.8421271756652451,16,0.046960702052637235,0.1655207425037581,0.016437318933588144,0.030822421225534614,0.09210113389836162,0.06840602679411845,0.00011701234218845561,27,92,0.038461135882559956,0.05569915152998628,False,False,True,2.2964218794025738e-08,COMPLETE
1198,0.3874169230461121,2025-03-31 22:07:52.792091,2025-03-31 22:08:00.184823,0 days 00:00:07.392732,0.028257799109091,0.1413864334998653,16,0.06580453389693018,0.1480508550111922,0.0053582438091252,0.028730175029139018,0.09030389097314345,0.07593079308784545,0.0001773646245404082,26,86,0.027581422983006885,0.043412984024553763,False,False,True,2.0749590032329685e-08,COMPLETE
1199,0.5042423129081726,2025-03-31 22:08:00.575209,2025-03-31 22:08:07.895174,0 days 00:00:07.319965,0.058572817391784965,0.7258907880478638,16,0.039846725517749884,0.15696342063900884,0.0010807490324947037,0.049751386523964304,0.0774954289430874,0.07352694378934052,0.00023885394383114868,24,126,0.04659823255895986,0.07476391192553736,False,False,True,8.267557476327773e-08,COMPLETE
1200,0.5472829341888428,2025-03-31 22:08:08.284083,2025-03-31 22:08:15.715663,0 days 00:00:07.431580,0.07929988083598724,0.8237546036098572,16,0.05390796244337588,0.1289166930037798,0.020433200575970055,0.0400566267318964,0.09817798477446132,0.08132751242624572,0.0003938959312640083,27,59,0.054542912647872,0.061649658024000985,False,False,True,2.1828868184785048e-05,COMPLETE
1201,0.5568454742431641,2025-03-31 22:08:16.103912,2025-03-31 22:08:23.461885,0 days 00:00:07.357973,0.317564208988649,0.7486409338862696,16,0.031709007538572885,0.1802014667138112,0.013233905870373217,0.044755558475296435,0.0943814806517273,0.07052257603233548,0.00030364273340699975,25,77,0.04272451157855418,0.05027300572817631,False,False,True,7.42476192514511e-05,COMPLETE
1202,0.5183550596237183,2025-03-31 22:08:23.851470,2025-03-31 22:08:30.885504,0 days 00:00:07.034034,0.04633030241252846,0.8688451060980694,16,0.021469849051080722,0.1398292796484758,0.010603984962591562,0.03700174813287803,0.08774878919686073,0.07925961435798455,0.00015562894581196994,22,82,0.0486658846692001,0.06787463726765666,False,False,True,3.635375583700694e-08,COMPLETE
1203,0.4699178814888001,2025-03-31 22:08:31.274363,2025-03-31 22:08:38.809813,0 days 00:00:07.535450,0.11774176739991615,0.7709273181243578,16,0.04420357232226106,0.19277928906817732,0.018024076419463873,0.05297359687233516,0.08525605430884914,0.07586265652126886,0.0007427221745165747,27,65,0.04442775439113412,0.0566150759752555,False,False,True,1.462667755802296e-08,COMPLETE
1204,0.5480561137199402,2025-03-31 22:08:39.200293,2025-03-31 22:08:46.591255,0 days 00:00:07.390962,0.03037746520285272,0.7966286591772541,16,0.0849243299925001,0.15071486840768067,0.007374650570079794,0.0477094376161541,0.09294953161434727,0.07293594404905332,0.00023271970827735812,26,75,0.04072364195479621,0.03952809508484278,False,False,True,2.983018640740593e-08,COMPLETE
1205,0.5527475237846374,2025-03-31 22:08:46.982202,2025-03-31 22:08:54.250945,0 days 00:00:07.268743,0.09681514204056693,0.688883456219763,16,0.05048287899401623,0.1640106164778427,0.012881827013439845,0.03356669328685497,0.0906536066956454,0.08903000111569312,0.00018053488137857317,24,96,0.03654248831616178,0.06227873578129738,False,False,True,1.0141497099851727e-08,COMPLETE
1206,0.388355553150177,2025-03-31 22:08:54.640716,2025-03-31 22:09:02.021450,0 days 00:00:07.380734,0.06864031553064233,0.17365937542791565,16,0.05908120526553249,0.11999729596111842,0.004361485807950982,0.055262835707827015,0.09600166094211504,0.08228213536066556,0.00020760482114460824,26,70,0.03811977533234292,0.07951585554989403,False,False,True,1.8782693627311957e-08,COMPLETE
1207,0.5421521782875062,2025-03-31 22:09:02.412088,2025-03-31 22:09:09.772047,0 days 00:00:07.359959,0.011645218017317039,0.7211009866838554,16,0.03968056415992481,0.1447421434617219,0.06540804202844777,0.05055475768647351,0.0830094147429661,0.07777251024478028,0.0001423554167169805,25,79,0.042425778806047275,0.052629805836994704,False,False,True,2.558449806182744e-08,COMPLETE
1208,0.4285569906234742,2025-03-31 22:09:10.160310,2025-03-31 22:09:28.968153,0 days 00:00:18.807843,0.15801966040968776,0.8227532930425939,2,0.029414417012127422,0.16998178285789192,0.009705156271519268,0.038969538623887474,0.08835991322043768,0.030204556047780648,0.0002787591008563635,25,74,0.08416729089339844,0.04662058089490528,False,False,True,1.0027969029646187e-08,COMPLETE
1209,0.28286103010177616,2025-03-31 22:09:29.364718,2025-03-31 22:09:36.927872,0 days 00:00:07.563154,0.046127876081944075,0.7809938019150243,16,0.011489886551375606,0.18640889580188358,0.015144884485984,0.042777533909665086,0.09309033799351028,0.06841836128934506,0.00037620929580729263,27,88,0.04502042698340707,0.1906737770774955,False,True,True,1.385553445013131e-08,COMPLETE
1210,0.5435522913932801,2025-03-31 22:09:37.317341,2025-03-31 22:09:44.732335,0 days 00:00:07.414994,0.12744178696446398,0.7540966574909073,16,0.07397487050327756,0.17588205830130332,0.011722333006175801,0.03540646133091814,0.08672148679361576,0.0015776110006427008,0.00018457853834286743,26,83,0.04736356487381556,0.07141191728522572,False,False,True,3.7425320232986804e-08,COMPLETE
1211,0.3961772918701172,2025-03-31 22:09:45.124957,2025-03-31 22:09:52.839061,0 days 00:00:07.714104,0.026371222549519256,0.8003118113144948,16,0.047602975650422,0.1560748517102002,0.006398481261764175,0.049239405199612535,0.09793034764028662,0.0849407061750976,0.000243823208448663,23,72,0.03485160737209714,0.05766248863094298,False,False,False,1.7360087340907937e-08,COMPLETE
1212,0.4879457712173462,2025-03-31 22:09:53.232308,2025-03-31 22:10:01.994389,0 days 00:00:08.762081,0.0718373552804166,0.7392178810885417,8,0.035760228869246555,0.13572260608907855,0.01711162506850843,0.04568043111455724,0.09088692798792586,0.08027512943622249,0.00011870322034305168,24,77,0.03983890045679113,0.06614282828043833,True,False,True,2.339207328188058e-08,COMPLETE
1213,0.5428365826606751,2025-03-31 22:10:02.392140,2025-03-31 22:10:09.748038,0 days 00:00:07.355898,0.04440273790881848,0.8478810214851845,16,0.05398515870374148,0.12612834731603317,0.008485071200356532,0.051869315976816405,0.09460227535588939,0.07435521419745869,0.000214003879002721,25,80,0.050336905362437755,0.07486974582757182,False,False,True,5.73064261623952e-08,COMPLETE
1214,0.36817783117294317,2025-03-31 22:10:10.138493,2025-03-31 22:10:17.564692,0 days 00:00:07.426199,0.010487751423167747,0.6704538025063235,16,0.18872447554467822,0.16078222436935508,0.00270948080294562,0.026825191610054075,0.08935490567570158,0.07704230924145758,0.0001448660078000706,27,67,0.04218846750703061,0.153309348428688,False,False,True,1.2295683334824393e-08,COMPLETE
1215,0.4483811616897583,2025-03-31 22:10:17.958872,2025-03-31 22:10:25.383784,0 days 00:00:07.424912,0.10685002620414857,0.6999282422099813,16,0.025169878860613434,0.05954826582255063,0.013896539300966182,0.024439609414705327,0.08446736166074591,0.07237027506573764,7.710532149924373e-05,26,114,0.032260378253103,0.08691505692501696,False,False,True,1.73424222342107e-08,COMPLETE
1216,0.5531516790390015,2025-03-31 22:10:25.777112,2025-03-31 22:10:32.760955,0 days 00:00:06.983843,0.09217076556726116,0.7729794447579215,16,0.04059458871047365,0.14354327191909538,0.010880956279239996,0.05441232202277551,0.09199417295865464,0.07003581442819803,0.00031752543741047723,21,85,0.04373935398163191,0.049024606123680405,False,False,True,1.4173084116642545e-05,COMPLETE
1217,0.4891170620918274,2025-03-31 22:10:33.149953,2025-03-31 22:10:40.327251,0 days 00:00:07.177298,0.027906406243292242,0.7101494619209064,16,0.06362962740713103,0.15122423674651153,0.015221092335469437,0.04092856926663121,0.0968445664631381,0.07887288971736382,0.0001755826413874692,24,71,0.03901962087605935,0.06112270935012873,False,False,True,2.9002683866743328e-08,COMPLETE
1218,0.5452178359031677,2025-03-31 22:10:40.721514,2025-03-31 22:10:48.071417,0 days 00:00:07.349903,0.13819173855810896,0.8109356358783554,16,0.03340359049834194,0.16929488404237109,0.01925618169423264,0.03785939746268102,0.09999513994101242,0.0870692151582107,0.00026238302765489973,25,91,0.04565582320541414,0.030514829335520157,False,False,True,1.3505261775258669e-08,COMPLETE
1219,0.47771465778350836,2025-03-31 22:10:48.464723,2025-03-31 22:10:54.902469,0 days 00:00:06.437746,0.056946656757283935,0.8836027748251691,16,0.04508249517975463,0.1362572837557487,0.005054519256251801,0.04728025137160917,0.08715771286498863,0.08311726259977598,0.00021227382941709958,15,98,0.04092013386632417,0.04335679168572714,False,False,True,2.0555662025103883e-08,COMPLETE
1220,0.5453617691993713,2025-03-31 22:10:55.295451,2025-03-31 22:11:02.696439,0 days 00:00:07.400988,0.010785892894442924,0.7565422830102579,16,0.051978736527600114,0.1576627551467792,0.012978025273981873,0.058305579809311316,0.09532278605406752,0.09611861504461341,0.00047991123036539307,26,75,0.04282488027501192,0.053264193907795916,False,False,True,4.189821999525586e-08,COMPLETE
1221,0.4867870807647705,2025-03-31 22:11:03.089764,2025-03-31 22:11:10.250783,0 days 00:00:07.161019,0.38373744038371616,0.7943652189975624,16,0.05773886138234501,0.18024945514417656,0.008308666828366212,0.031819697177462906,0.08886739426766388,0.01576198201489081,0.0001632945174249094,23,79,0.037512548011892424,0.06955618047247593,False,False,True,0.00010258213126776876,COMPLETE
1222,0.5376692295074463,2025-03-31 22:11:10.642152,2025-03-31 22:11:18.140214,0 days 00:00:07.498062,0.07727597475560986,0.7316321323376052,16,0.15196682624072197,0.14826459022382155,0.010483069420337065,0.04975942711605386,0.09328156422331907,0.0812343107728572,0.00032253960696870603,27,74,0.04735643257817107,0.2618142840723474,False,False,True,2.81033533095809e-08,COMPLETE
1223,0.45895233154296877,2025-03-31 22:11:18.537003,2025-03-31 22:11:25.830996,0 days 00:00:07.293993,0.04469101799309928,0.8580436399156735,16,0.04093447397722168,0.13078858989112688,0.006330072508691119,0.022032029612841425,0.08599351128172979,0.07449432189839487,9.76466380748643e-05,25,63,0.03985725730405356,0.0803893852934159,False,False,True,1.5473512872892635e-08,COMPLETE
1224,0.5152538657188416,2025-03-31 22:11:26.223455,2025-03-31 22:11:33.476531,0 days 00:00:07.253076,0.01012261079764011,0.8240839728454723,16,0.03090610383409123,0.1162674703923566,0.01651422248229239,0.05220838714235292,0.0815864930532044,0.07106677500307737,0.00013237761000985945,24,82,0.04446731491624616,0.06244863613559189,False,False,True,2.2741805264304128e-08,COMPLETE
1225,0.5129530310630799,2025-03-31 22:11:33.868760,2025-03-31 22:11:41.281030,0 days 00:00:07.412270,0.06169244498984817,0.7761626343142883,16,0.04780924049850858,0.1640192152779574,0.002570337562723039,0.0442822454641853,0.09049194965614019,0.0680486401512416,0.000245645735238731,26,69,0.042139610056688676,0.05740357344217839,False,False,True,4.8894572719039345e-08,COMPLETE
1226,0.4997429490089417,2025-03-31 22:11:41.673164,2025-03-31 22:11:49.149939,0 days 00:00:07.476775,0.8155987989830049,0.7165449482322048,16,0.02366257487940656,0.17461409769796382,0.013010604334069822,0.03557660180041661,0.09820977686952534,0.07678244812632026,0.00019248139440219527,27,77,0.03621453856322383,0.03908135799073324,False,False,True,3.503567060304885e-08,COMPLETE
1227,0.5608543395996094,2025-03-31 22:11:49.541486,2025-03-31 22:11:56.940839,0 days 00:00:07.399353,0.03082011747162066,0.7443827580462498,16,0.037675789126814234,0.14052655718442011,0.009439538681904416,0.047982958269563954,0.09528547501418741,0.084612025705621,0.0002768631562767428,26,88,0.0407650267709139,0.06619312937037984,False,False,True,1.2678076998476468e-08,COMPLETE
1228,0.32296298742294316,2025-03-31 22:11:57.332070,2025-03-31 22:12:04.471467,0 days 00:00:07.139397,0.12219159574061358,0.8362266694590199,16,0.06798943445158649,0.16783415527167203,0.004659768689611228,0.05097799987528162,0.09191831042648399,0.07974863412803937,0.00021108019153526916,23,72,0.045488983015926805,0.04888170320227611,False,True,True,1.788173723047463e-08,COMPLETE
1229,0.4085028409957886,2025-03-31 22:12:04.867770,2025-03-31 22:12:12.439656,0 days 00:00:07.571886,0.0889445280719369,0.804811158099531,16,0.057755555711860564,0.155014339858327,0.011852993643313676,0.053862729905069885,0.08824459859903348,0.01907546272536731,2.3135252590565978e-05,28,79,0.048145956781775225,0.054535236254280375,False,False,True,1.250158352527139e-08,COMPLETE
1230,0.3950610756874085,2025-03-31 22:12:12.833414,2025-03-31 22:12:35.555817,0 days 00:00:22.722403,0.043281960066046544,0.6765949727886099,2,0.015102232162595977,0.14679592184590673,0.015343630816034584,0.02894078781414093,0.0978145502756851,0.07549848423328023,0.0001480187631151934,27,94,0.038297274678161373,0.07332088568498324,False,False,False,2.6370552992089134e-08,COMPLETE
1231,0.49779638051986697,2025-03-31 22:12:35.950792,2025-03-31 22:12:43.475984,0 days 00:00:07.525192,0.07380852969787738,0.7675965376391404,16,0.043423557143263444,0.18717155733768828,0.007888073547821839,0.03347282669373234,0.09345468285129024,0.07298718224274622,0.00017910720815437638,25,85,0.04366584111689896,0.060317956974166885,True,False,True,1.0047899188141578e-08,COMPLETE
1232,0.5614468336105347,2025-03-31 22:12:43.868740,2025-03-31 22:12:51.155872,0 days 00:00:07.287132,0.10418477815319249,0.7002052815412295,16,0.05014027352535165,0.1516552620266561,0.021465655795272594,0.042057843181035906,0.09046178373176084,0.06952737315918342,0.0002464235806701972,24,76,0.041242015657661925,0.04437340264362948,False,False,True,8.906603127350639e-05,COMPLETE
1233,0.4704981088638306,2025-03-31 22:12:51.549317,2025-03-31 22:12:57.495173,0 days 00:00:05.945856,0.027870925444629213,0.7904373623197436,16,0.03255917884709975,0.12277111618188473,0.017718250686872862,0.0564352782639359,0.04062976615205393,0.08244028813583312,0.0003532607959009192,8,82,0.034290297767646014,0.06819186257275499,False,False,True,1.5677939640587758e-08,COMPLETE
