number,value,datetime_start,datetime_complete,duration,params_alpha-eval,params_alpha-train,params_batch-size,params_eps-eval,params_eps-train,params_lambda-actions-eval,params_lambda-actions-train,params_lambda-frames-eval,params_lambda-frames-train,params_learning-rate,params_n-epochs,params_n-frames,params_radius-gw,params_rho,params_std-feats,params_ub-actions,params_ub-frames,params_weight-decay,state
282,0.5545931577682496,2025-03-31 20:02:38.351974,2025-03-31 20:02:45.622366,0 days 00:00:07.270392,0.12186308053242353,0.8543451306452554,16,0.0223565961405975,0.10001140333502598,0.0017098466174745178,0.04885210881314519,0.025440186599192425,0.08864591828328552,0.00019151139792424697,25,73,0.053583804062567866,0.05651850936221808,False,False,True,4.725100871105673e-05,COMPLETE
283,0.3965034484863281,2025-03-31 20:02:45.711017,2025-03-31 20:02:53.285675,0 days 00:00:07.574658,0.0577925186677531,0.8230196289112752,16,0.01215009848943913,0.09431732903951966,0.004069540752750896,0.044473016375667425,0.0872727870971109,0.09446197228867478,0.00016030617073379996,23,64,0.0533245645252625,0.06240035388233727,False,False,False,8.008193465940039e-06,COMPLETE
284,0.30210995078086855,2025-03-31 20:02:53.384137,2025-03-31 20:03:00.668719,0 days 00:00:07.284582,0.10528424726218129,0.7695594073206524,16,0.2224294003061571,0.12394293621375382,0.006755058137412614,0.04762610281817488,0.09262072935641527,0.08834606713993455,0.0001330471472473191,24,69,0.048912514690331164,0.030144256510845374,True,False,True,1.3474872632911072e-05,COMPLETE
285,0.561754560470581,2025-03-31 20:03:00.757236,2025-03-31 20:03:08.038035,0 days 00:00:07.280799,0.07761652674280364,0.841122450479259,16,0.028727965054694063,0.11075446812710021,0.01309981931335679,0.05109601855145812,0.09099340854644417,0.08580907950311753,0.0002099056607065808,25,64,0.051293807234774697,0.0498861835096525,False,False,True,2.3958496188351554e-08,COMPLETE
286,0.5596080541610717,2025-03-31 20:03:08.128519,2025-03-31 20:03:15.505934,0 days 00:00:07.377415,0.08686845958736454,0.7981032556665256,16,0.015361699593577114,0.11426688943224128,0.012485421028922188,0.05285179649318894,0.09066752474597536,0.08499322629461017,0.00019376416752525083,26,65,0.05066967248241595,0.04577641395986879,False,False,True,2.189954847624379e-08,COMPLETE
287,0.5609962463378907,2025-03-31 20:03:15.595799,2025-03-31 20:03:22.947721,0 days 00:00:07.351922,0.07818670405318792,0.7977826245085033,16,0.02790088172301436,0.11862149288043439,0.019766528352344742,0.05082870405997376,0.08985156941757402,0.08070053623470247,0.00020008681084596243,26,66,0.05036001348350322,0.0461731459870448,False,False,True,1.9404028346165417e-08,COMPLETE
288,0.5586414098739624,2025-03-31 20:03:23.047828,2025-03-31 20:03:30.414487,0 days 00:00:07.366659,0.0800587016916814,0.791358953805517,16,0.028582095030149968,0.1275841830654262,0.02104422674150816,0.05223415288938036,0.08650135655144314,0.0805915639588361,0.00018747590708271834,26,69,0.04821526319619675,0.046802113395237176,False,False,True,1.4361270057747532e-08,COMPLETE
289,0.523369324207306,2025-03-31 20:03:30.506442,2025-03-31 20:03:37.968852,0 days 00:00:07.462410,0.03988419282598491,0.7846783123015958,16,0.030425512057394577,0.12230953480876358,0.02201220573799366,0.05235456103589714,0.08183389503788077,0.08005971155755079,0.00010559062858184899,27,72,0.04631681693214486,0.04729188327458049,False,False,True,1.6766574087304497e-08,COMPLETE
290,0.5592101097106934,2025-03-31 20:03:38.058994,2025-03-31 20:03:45.519626,0 days 00:00:07.460632,0.06853286340633186,0.7559854175819132,16,0.027644762434589472,0.12414809659194305,0.016349039314097275,0.05355555043172263,0.08366285089088586,0.0790000495910212,0.00020254088257339923,27,69,0.04355022636070059,0.04562430658850976,False,False,True,1.982880014143558e-08,COMPLETE
291,0.4985384941101074,2025-03-31 20:03:45.610712,2025-03-31 20:03:53.043839,0 days 00:00:07.433127,0.06704032990051503,0.7948270637235217,16,0.036139507923890236,0.12003470515240944,0.021517133942056215,0.05345798445397075,0.08407384649077648,0.07881097695875605,0.00014402243416164625,27,69,0.0424331048305117,0.04538491254013323,False,False,True,1.5559927569902208e-08,COMPLETE
292,0.5501401185989381,2025-03-31 20:03:53.139401,2025-03-31 20:04:02.046131,0 days 00:00:08.906730,0.04673753276374977,0.7566276219645294,8,0.026143116922782476,0.12350142227780195,0.012651861606196857,0.05131925663956123,0.08677656772777291,0.08131481043337516,0.00017813000639241977,26,76,0.04910568253085913,0.050414888737319606,False,False,True,1.1080382562098166e-08,COMPLETE
293,0.5151801943778992,2025-03-31 20:04:02.147619,2025-03-31 20:04:09.511119,0 days 00:00:07.363500,0.07210813224363302,0.7655342625298905,16,0.038608731469810274,0.13210605864995056,0.01834817681284954,0.05360281908407653,0.08322490886009629,0.07456102572530353,0.060016339537790224,26,71,0.03473148318763533,0.041929101882603195,False,False,True,1.6059945197429158e-08,COMPLETE
294,0.5674850225448609,2025-03-31 20:04:09.602363,2025-03-31 20:04:17.073767,0 days 00:00:07.471404,0.022328844949422645,0.751838398362308,16,0.02961688459899641,0.12967099026594303,0.017960146407528424,0.03956511409656498,0.08551542358217387,0.0778444703246972,0.00020603770156136237,27,68,0.04565368193616891,0.05386546765062743,False,False,True,1.8239410338571123e-08,COMPLETE
295,0.43986507654190066,2025-03-31 20:04:17.165030,2025-03-31 20:04:24.619901,0 days 00:00:07.454871,0.019941990469373685,0.7757647056852173,16,0.028102975624028814,0.13086423445890874,0.020129503488834653,0.035863962324129695,0.08667661142688712,0.07887618820463235,3.625348981348816e-05,27,68,0.045840013801634855,0.050079928803065984,False,False,True,1.5046021464342537e-08,COMPLETE
296,0.5639949083328247,2025-03-31 20:04:24.712290,2025-03-31 20:04:32.192826,0 days 00:00:07.480536,0.028358331082717785,0.7538988583642167,16,0.028649509664464955,0.1269079117496201,0.01736714818769225,0.05016803063122303,0.08737060836933058,0.07783936530076638,0.00018861838055525738,27,74,0.043563072093321255,0.05491576387562354,False,False,True,2.000695568516967e-08,COMPLETE
297,0.5583080410957337,2025-03-31 20:04:32.285927,2025-03-31 20:04:39.729870,0 days 00:00:07.443943,0.029458875917439314,0.7464216594246565,16,0.041733301562260634,0.1285463390227336,0.027293615825190635,0.039784249855275775,0.08597200277563215,0.07602311120530043,0.00020163529550841229,27,79,0.0430440110324226,0.04494647366923785,False,False,True,1.7948742239668768e-08,COMPLETE
298,0.5481502294540406,2025-03-31 20:04:39.833517,2025-03-31 20:04:47.246569,0 days 00:00:07.413052,0.011648388136103978,0.745641855138801,16,0.04170413894166068,0.13745701941010563,0.016468699046358493,0.03972174144234428,0.08482521331033212,0.07686509426155315,0.00020077786575781677,27,81,0.04118557085755129,0.03721230082146581,False,False,True,1.3247214751967061e-08,COMPLETE
299,0.5608681321144104,2025-03-31 20:04:47.340029,2025-03-31 20:04:54.755902,0 days 00:00:07.415873,0.022543858478298498,0.7420633309455205,16,0.038908699660829736,0.12849344278456853,0.016357675975126055,0.03703034578248919,0.08249114668220849,0.07107427733368608,0.00020239737900888124,27,76,0.04499866324234258,0.04431411157690624,False,False,True,1.8583903394704405e-08,COMPLETE
300,0.49209046363830566,2025-03-31 20:04:54.849403,2025-03-31 20:05:02.384812,0 days 00:00:07.535409,0.028587375967293986,0.711055220533808,16,0.044343542414312265,0.12659121010711893,0.018437073223041233,0.03657428694817072,0.08162719017210451,0.0706382788274538,0.00013298682111223209,28,79,0.03749166639878752,0.04446368238319203,False,False,True,1.8615669168474688e-08,COMPLETE
301,0.32676070928573614,2025-03-31 20:05:02.479691,2025-03-31 20:05:10.030636,0 days 00:00:07.550945,0.0314537782329594,0.7455462671995186,16,0.038342164186601274,0.12849866104587387,0.024428775698610117,0.03954585737664906,0.08364818793795974,0.076095612955941,0.0001981609582777283,27,89,0.045314840404271126,0.04462283990658456,False,True,True,1.4052043034030496e-08,COMPLETE
302,0.5459572792053223,2025-03-31 20:05:10.125221,2025-03-31 20:05:17.549753,0 days 00:00:07.424532,0.047189752349592044,0.7536490487251218,16,0.0333225789321769,0.13185429031452917,0.015167452481132285,0.03452196036819699,0.08482530812401014,0.07267148857703021,0.0001587531912134925,27,77,0.04425085374062528,0.03394401614534048,False,False,True,1.9841190852567077e-08,COMPLETE
303,0.5600327372550964,2025-03-31 20:05:17.654507,2025-03-31 20:05:25.128155,0 days 00:00:07.473648,0.01565050827671339,0.7223732520203373,16,0.04805893596424768,0.1255901757425915,0.01586601036113383,0.03883571005019463,0.08706352264900723,0.0701937101329728,0.00021218607673491056,27,74,0.04275867502973039,0.04722177844825638,False,False,True,1.861618591866465e-08,COMPLETE
304,0.3944401025772095,2025-03-31 20:05:25.224375,2025-03-31 20:05:33.254446,0 days 00:00:08.030071,0.01940260138452206,0.7164659423133014,16,0.05076362417435143,0.13800389505249855,0.01787400118632722,0.04064472151461129,0.08564846499493983,0.07821124942862506,0.00021328045960291325,27,75,0.04375635268303868,0.024300791402329026,False,False,False,1.3480135954652992e-08,COMPLETE
305,0.4972496032714844,2025-03-31 20:05:33.351011,2025-03-31 20:05:40.983573,0 days 00:00:07.632562,0.014197186881643717,0.7599496660794203,16,0.04368059553441126,0.12583285509653128,0.012943456016149608,0.03759872343104568,0.08304945755165513,0.07374473640249966,0.00014836445887318964,27,76,0.04003605242857654,0.04765452789039716,True,False,True,1.851365407681695e-08,COMPLETE
306,0.549271035194397,2025-03-31 20:05:41.079941,2025-03-31 20:05:48.603998,0 days 00:00:07.524057,0.03818303779594256,0.7259025940180548,16,0.035891474084101434,0.1344029410551552,0.015613043275687905,0.03782488734164607,0.08598654141305716,0.076743512399591,0.00011933890824518681,28,73,0.04757182522699836,0.03846140806533425,False,False,True,2.1053053581443676e-08,COMPLETE
307,0.5104399085044862,2025-03-31 20:05:48.713563,2025-03-31 20:05:56.215610,0 days 00:00:07.502047,0.054089298756161405,0.7747788567587531,16,0.05601848753524467,0.12631591470333017,0.024173409598329768,0.041925106761278905,0.0811258994988412,0.0748742212698728,0.00019682543248332636,27,85,0.04373158136406645,0.23998453358537092,False,False,True,1.8591901412921984e-08,COMPLETE
308,0.5699329018592835,2025-03-31 20:05:56.311802,2025-03-31 20:06:03.772576,0 days 00:00:07.460774,0.01060577506570427,0.6958981173250154,16,0.04716296453314222,0.11880385054742468,0.013999225600475987,0.05062746539089654,0.08781641938965301,0.07974750403768457,0.00020971207365166856,27,73,0.042673875646322794,0.05689814919187878,False,False,True,2.2302557615023548e-08,COMPLETE
309,0.5704548716545105,2025-03-31 20:06:03.867709,2025-03-31 20:06:11.343491,0 days 00:00:07.475782,0.03106069860625839,0.733226824686024,16,0.04775147875337113,0.14124740419308793,0.017048368986498905,0.05097215700356034,0.08781880563302519,0.08012044834490455,0.00016001182271441824,27,75,0.04244299293888349,0.052783543876495885,False,False,True,1.1931365631889836e-08,COMPLETE
310,0.5627903342247009,2025-03-31 20:06:11.440792,2025-03-31 20:06:18.928542,0 days 00:00:07.487750,0.01154742433864544,0.6844443071063173,16,0.04755502444009162,0.13547111559200606,0.017621286587561066,0.050478238824107756,0.08747147320426693,0.07864631842923528,0.00020906402197974543,27,82,0.041464745637369356,0.054978884675575226,False,False,True,1.1186810934645752e-08,COMPLETE
311,0.4868712186813354,2025-03-31 20:06:19.026160,2025-03-31 20:06:26.548888,0 days 00:00:07.522728,0.017281310075202214,0.6854270467888104,16,0.054114290008669574,0.14239549754736,0.017052985456776814,0.05033455758962905,0.08821920041913472,0.0798069345706218,0.00013865997592558559,28,73,0.038876010144674115,0.05641041496603123,False,False,True,1.085136929499535e-08,COMPLETE
312,0.5673113942146302,2025-03-31 20:06:26.656884,2025-03-31 20:06:34.147412,0 days 00:00:07.490528,0.012282794852497326,0.7005517813843581,16,0.03901358679074397,0.1318361778857933,0.01396859152054036,0.05513363496621721,0.08778423909651746,0.08074366748030587,0.00022324396744829238,27,80,0.04193970116130089,0.056468958355079035,False,False,True,1.1303307455958966e-08,COMPLETE
313,0.5582376956939697,2025-03-31 20:06:34.247917,2025-03-31 20:06:41.725345,0 days 00:00:07.477428,0.029154496043674934,0.6918020205141747,16,0.047575208108736236,0.14541195404205293,0.013897955299754072,0.05460450827389242,0.08794696472925241,0.08033525109081338,0.00020698052353488369,27,84,0.04122068848688973,0.05716007401788255,False,False,True,1.0051294254196455e-08,COMPLETE
314,0.525509810447693,2025-03-31 20:06:41.823569,2025-03-31 20:06:50.983773,0 days 00:00:09.160204,0.012257064355752162,0.6537105230615796,8,0.0478304289137385,0.13659339915411275,0.019603440098302925,0.05254499576680729,0.08448705078710268,0.08123137697705533,0.008884735463926968,27,83,0.04138351518368951,0.0423373070773452,False,False,True,1.1677468928140856e-08,COMPLETE
315,0.5638061404228211,2025-03-31 20:06:51.083040,2025-03-31 20:06:58.607578,0 days 00:00:07.524538,0.011148742250454993,0.6720995461417103,16,0.03952777729594308,0.14873640028899948,0.011918998146746974,0.05097829337416143,0.08732335905261455,0.07986638411953322,0.00022265094536749698,28,79,0.03811676943541426,0.04848823235652002,False,False,True,1.2947923040149507e-08,COMPLETE
316,0.5026516795158387,2025-03-31 20:06:58.717372,2025-03-31 20:07:19.081328,0 days 00:00:20.363956,0.04225504811705415,0.716171857753516,2,0.06225876586159491,0.14563666914833143,0.011553516551248335,0.05084746647588685,0.08753713000649815,0.07832388295393672,0.00021897891197799265,28,79,0.03859635851071749,0.049500458659070865,False,False,True,1.53991817729839e-08,COMPLETE
317,0.5464139819145203,2025-03-31 20:07:19.180401,2025-03-31 20:07:26.782142,0 days 00:00:07.601741,0.03345751469448989,0.6640021793899061,16,0.0435179675383807,0.15173335008491692,0.016032937464805965,0.049640149166466696,0.08367624304676352,0.07827925968207723,0.00017549404384164375,28,101,0.036455511440032146,0.03033258788574378,False,False,True,1.2328776577674e-08,COMPLETE
318,0.5522101283073426,2025-03-31 20:07:26.880808,2025-03-31 20:07:34.351926,0 days 00:00:07.471118,0.014674957199794149,0.695010030140793,16,0.05354674090869625,0.1396095954339867,0.011730304847579191,0.051957356106188866,0.0857129916347572,0.08201036194089269,0.00023091909529255616,27,75,0.04271838478090037,0.05801274268580891,False,False,True,1.0053305226036339e-08,COMPLETE
319,0.5166705489158631,2025-03-31 20:07:34.450765,2025-03-31 20:07:41.783854,0 days 00:00:07.333089,0.04779520969734002,0.6272238174246652,16,0.03177021886307123,0.1351810572446845,0.013441626435292012,0.05571663918589256,0.08711464902934088,0.07955317631689678,9.064917278692686e-05,26,81,0.03945875156199665,0.03757011683295266,False,False,True,1.2870140954798827e-08,COMPLETE
320,0.5036685228347778,2025-03-31 20:07:41.894576,2025-03-31 20:07:49.538341,0 days 00:00:07.643765,0.012004446111452738,0.7218043335688868,16,0.03842201562655257,0.12886058571283981,0.015042966763465171,0.04970722946531046,0.08191681313620504,0.07736911088613639,0.0001681540969727796,28,87,0.03336939458393922,0.0484045569386276,False,False,True,1.3842273107420242e-08,COMPLETE
321,0.5138068437576294,2025-03-31 20:07:49.637938,2025-03-31 20:07:57.138531,0 days 00:00:07.500593,0.05305079723235777,0.6773089273875257,16,0.050908366098852506,0.15268066406681408,0.017335334935361723,0.053377290589583515,0.08903779705255108,0.08148011149235085,0.0001221620054813822,27,79,0.044677651892404024,0.054257966784739035,False,False,True,1.544607859655557e-08,COMPLETE
322,0.5564016699790955,2025-03-31 20:07:57.239357,2025-03-31 20:08:04.776638,0 days 00:00:07.537281,0.011241441528493365,0.7289094646442097,16,0.0469095819084562,0.13407368859027605,0.019530307665263428,0.05107547776427876,0.08811244709836492,0.07093245334140066,0.00020519650433537527,28,75,0.04142489436605013,0.04112658856857129,False,False,True,2.263403143145506e-08,COMPLETE
323,0.5414552688598633,2025-03-31 20:08:04.876890,2025-03-31 20:08:12.358748,0 days 00:00:07.481858,0.0337100616918214,0.7084494000132125,16,0.03026955863936246,0.12370788378537712,0.01081646062082842,0.026988752354267318,0.08529270947415002,0.07985118278137468,0.00024254907455134066,27,73,0.04682642238187964,0.20923306811436515,False,False,True,1.2088569156400302e-08,COMPLETE
324,0.49366011619567873,2025-03-31 20:08:12.462123,2025-03-31 20:08:19.865271,0 days 00:00:07.403148,0.05626881682790987,0.6739491871671108,16,0.03814589446984146,0.1418296449272438,0.01616741622336771,0.04879890133070102,0.08833208939523712,0.08265136436926475,0.00015633903289750606,26,81,0.031011125244783937,0.061557594531614204,False,False,True,1.6574151966721987e-08,COMPLETE
325,0.390462350845337,2025-03-31 20:08:19.976617,2025-03-31 20:08:28.051476,0 days 00:00:08.074859,0.04182354878222579,0.7349921315139794,16,0.03185177998462089,0.11869109333594338,0.01399576144217658,0.03278745448433555,0.07925761274230318,0.07395947957246551,0.018053845318043653,27,77,0.04505605354794105,0.046107673140361086,False,False,False,1.0034996989279636e-08,COMPLETE
326,0.3222287297248841,2025-03-31 20:08:28.152862,2025-03-31 20:08:35.592344,0 days 00:00:07.439482,0.010466552722437331,0.7044365810136454,16,0.059259010997987395,0.1274892230792045,0.03331557347359518,0.054446132637119,0.08340759351594106,0.07860077342718358,0.00019220009579977874,26,71,0.04256440555281037,0.053302206124365065,False,True,True,2.1602788681164292e-08,COMPLETE
327,0.5344434022903443,2025-03-31 20:08:35.693835,2025-03-31 20:08:43.458765,0 days 00:00:07.764930,0.061964781110356346,0.7376657578781531,16,0.042150552644287034,0.13309951943209497,0.010560088440942049,0.05211537074297257,0.08954364300147855,0.07582600225124198,0.0002373593729713693,28,74,0.03604346584609961,0.018665973021208343,True,False,True,1.3383483878769371e-08,COMPLETE
328,0.4886795163154602,2025-03-31 20:08:43.560912,2025-03-31 20:08:50.945764,0 days 00:00:07.384852,0.03287573382592895,0.7568995836004366,16,0.025532351748343944,0.16142056698386534,0.018470167236019266,0.08854460031935359,0.08570180866015639,0.08198322959072074,0.00013493764963327704,26,78,0.03843179753534431,0.03402504116658667,False,False,True,1.7664649395849923e-08,COMPLETE
329,0.5620997548103333,2025-03-31 20:08:51.058503,2025-03-31 20:08:58.520525,0 days 00:00:07.462022,0.0617511971198979,0.7895898606108022,16,0.03735076900342195,0.11815903501092384,0.022357753343957027,0.05632678554571154,0.08686876932038487,0.08039608265468248,0.0001795469997098453,27,71,0.046957252454597365,0.06039005997012666,False,False,True,2.152029927422082e-08,COMPLETE
330,0.5614697456359864,2025-03-31 20:08:58.622039,2025-03-31 20:09:06.180161,0 days 00:00:07.558122,0.04432108219303877,0.7050120478418991,16,0.034925557171823704,0.1185640377919982,0.012801252153083744,0.05638888787050515,0.09020506583581896,0.08311304208881623,0.0001632591024533082,28,71,0.04405392333246553,0.05980803327666236,False,False,True,2.159257126654696e-08,COMPLETE
331,0.5166053056716919,2025-03-31 20:09:06.282990,2025-03-31 20:09:13.846271,0 days 00:00:07.563281,0.04710550037367978,0.6738817356124689,16,0.04795421103847779,0.11717910361167078,0.014665880141100098,0.05654035360626495,0.08822311720309925,0.08280100723354825,0.00011478827634870505,28,72,0.04424782300874907,0.06285313816145473,False,False,True,2.3534609800411254e-08,COMPLETE
332,0.50566565990448,2025-03-31 20:09:13.949403,2025-03-31 20:09:20.720233,0 days 00:00:06.770830,0.030528488578482286,0.7049467019603187,16,0.03892243089756577,0.12080633591165824,0.012492687724712641,0.05750398388365933,0.08983667165726766,0.0775969230506835,0.00014819785665316486,19,75,0.04660100672532769,0.054613715592868546,False,False,True,2.2092501169592812e-08,COMPLETE
333,0.5644820451736451,2025-03-31 20:09:20.833613,2025-03-31 20:09:28.310062,0 days 00:00:07.476449,0.06010680881712437,0.6932144852806329,16,0.045489623651367064,0.11708662025483803,0.016616944163352233,0.04621473732439335,0.08746315220182813,0.06783281805634288,0.0002462967244347039,27,81,0.04272772017670898,0.057581134357617254,False,False,True,0.0001170288010431607,COMPLETE
334,0.5492903590202332,2025-03-31 20:09:28.414789,2025-03-31 20:09:35.931281,0 days 00:00:07.516492,0.05338181972409785,0.636610383425933,16,0.045812662009133434,0.11921804780713671,0.018494149851061525,0.0456682396047781,0.05163380040879033,0.06801596371181412,0.00024273044858030157,28,83,0.040709730938670065,0.06478556755811687,False,False,True,2.3350309991594482e-08,COMPLETE
335,0.5578857779502868,2025-03-31 20:09:36.036979,2025-03-31 20:09:43.546745,0 days 00:00:07.509766,0.031075681689390997,0.6520114515093725,16,0.05340689235256433,0.11532973268001119,0.02312062052909689,0.04268780314293787,0.0874251624346738,0.06558082873909299,0.00026346378209591615,28,91,0.042371142165209486,0.0554343357362648,False,False,True,0.00016655336082233414,COMPLETE
336,0.5665606498718262,2025-03-31 20:09:43.650885,2025-03-31 20:09:51.163793,0 days 00:00:07.512908,0.05901622976353192,0.6859451244958751,16,0.037915347357910544,0.14882172036319724,0.014278869422896185,0.02935157285153846,0.09004168978609484,0.07086440142232424,0.00017658470812257406,27,86,0.039906693926659915,0.05892148462705485,False,False,True,0.0006781802805588628,COMPLETE
337,0.5268378973007203,2025-03-31 20:09:51.278818,2025-03-31 20:10:11.284056,0 days 00:00:20.005238,0.06318753003013657,0.692686030331798,2,0.036154742418233916,0.14995279125023608,0.012793148611705513,0.04762635422983883,0.08996987508082861,0.07190681761408532,9.97172394835145e-05,27,89,0.037848555456858626,0.05910179019896046,False,False,True,0.0005902641572754207,COMPLETE
