number,value,datetime_start,datetime_complete,duration,params_alpha-eval,params_alpha-train,params_batch-size,params_eps-eval,params_eps-train,params_lambda-actions-eval,params_lambda-actions-train,params_lambda-frames-eval,params_lambda-frames-train,params_learning-rate,params_n-epochs,params_n-frames,params_radius-gw,params_rho,params_std-feats,params_ub-actions,params_ub-frames,params_weight-decay,state
1346,0.49482173919677735,2025-03-31 22:28:16.018115,2025-03-31 22:28:23.260636,0 days 00:00:07.242521,0.049712694724975214,0.8531164150732005,16,0.062060723487223565,0.10580001926346402,0.019410003407198725,0.009279149836484108,0.0888256166652647,0.09157581739823312,0.00023875841122820087,24,52,0.04994798079270167,0.10252861938505554,False,False,True,1.2804293852051757e-08,COMPLETE
1347,0.4771456837654114,2025-03-31 22:28:23.709093,2025-03-31 22:28:30.969006,0 days 00:00:07.259913,0.0850156981697885,0.8728648699741248,16,0.058631663752144264,0.10842738795204271,0.010144481393844074,0.017873189060942814,0.08672217599928997,0.08938769529259506,0.00029281404077397867,23,61,0.05258061192084223,0.10582119294941013,True,False,True,1.0186043974124279e-08,COMPLETE
1348,0.5058103561401367,2025-03-31 22:28:31.404864,2025-03-31 22:28:39.985973,0 days 00:00:08.581109,0.03961287502847812,0.8805269547128117,8,0.06720922869722054,0.1114720272256771,0.013429155231039044,0.015447157513336938,0.08904324679146562,0.08930269054047871,0.00020010803288233854,23,57,0.04733679491320334,0.09592354562961378,False,False,True,1.2278142982767497e-08,COMPLETE
1349,0.5484238505363465,2025-03-31 22:28:40.416843,2025-03-31 22:28:47.653203,0 days 00:00:07.236360,0.06139308508975966,0.8640258766060799,16,0.05720139620349182,0.10048917380720407,0.008305114321277413,0.012871511000940743,0.08788062864555074,0.08984776391339629,0.0004638555645179292,24,67,0.04619067633459189,0.11136475127350787,False,False,True,1.6615594788337678e-08,COMPLETE
1350,0.5621447443962098,2025-03-31 22:28:48.085642,2025-03-31 22:28:55.319070,0 days 00:00:07.233428,0.029705864157822778,0.855534675284409,16,0.061318087879228496,0.09597794009316644,0.011852374089945845,0.019958909733038092,0.08616890577968842,0.08757596271503945,0.0003566169451746552,24,68,0.04972444129548704,0.11401390849256668,False,False,True,1.2283498440155198e-08,COMPLETE
1351,0.5025989651679993,2025-03-31 22:28:55.753622,2025-03-31 22:29:02.945821,0 days 00:00:07.192199,0.08062576998802098,0.9045674969472124,16,0.07671097739728822,0.10795088557596208,0.005561749273143573,0.013154058980697103,0.08935904067098935,0.09336137075792804,0.00024832728505415813,24,63,0.04619598386359472,0.0967566786448614,False,False,True,1.5917145400184683e-08,COMPLETE
1352,0.532526159286499,2025-03-31 22:29:03.387021,2025-03-31 22:29:10.590418,0 days 00:00:07.203397,0.045084852498061635,0.845301882745114,16,0.06713784578809362,0.10219808882323152,0.009523962167247029,0.019632551027851438,0.08560434701523166,0.08594084286315991,0.00018588946392692914,24,65,0.05175925119180571,0.12776187591479707,False,False,True,1.9945048059406973e-08,COMPLETE
1353,0.4976810693740845,2025-03-31 22:29:11.018765,2025-03-31 22:29:18.156736,0 days 00:00:07.137971,0.029615570040040586,0.9436843005833683,16,0.05420046914080011,0.10833518245401881,0.003969448265068779,0.017428677221972742,0.08974377275685644,0.0875409652872057,0.00023006474827896308,23,60,0.048239187304024725,0.09221014242454399,False,False,True,4.507481967330759e-07,COMPLETE
1354,0.5613404512405396,2025-03-31 22:29:18.609516,2025-03-31 22:29:25.868395,0 days 00:00:07.258879,0.06536868537331496,0.9164859372157608,16,0.057214793593151694,0.11389722761828878,0.04314566269539885,0.007882895899847099,0.08746418568559236,0.08988237255245783,0.0002825754620055467,24,68,0.05397832085250848,0.09313827963612938,False,False,True,1.0082224185889127e-08,COMPLETE
1355,0.4886213064193726,2025-03-31 22:29:26.304538,2025-03-31 22:29:33.428549,0 days 00:00:07.124011,0.027056014154024706,0.8480564100883874,16,0.06321798831993923,0.12067619949105347,0.007049799039868665,0.0051610617267006335,0.08939779411487775,0.0882562501899075,0.00020169384405643566,23,62,0.04538607946987324,0.10259292980762377,False,False,True,2.6819231328206277e-06,COMPLETE
1356,0.4945490598678589,2025-03-31 22:29:33.867772,2025-03-31 22:29:41.097279,0 days 00:00:07.229507,0.05162377365004043,0.8639573854024252,16,0.054016319391216185,0.11422529907454777,0.01267897166583086,0.08961224348353683,0.08580678959790446,0.08592989023339671,0.04166684216310311,24,65,0.0465555642665729,0.10190895581112963,False,False,True,1.2107745770481195e-08,COMPLETE
1357,0.5583446860313416,2025-03-31 22:29:41.532348,2025-03-31 22:29:48.736097,0 days 00:00:07.203749,0.07559325812783346,0.8938780039231171,16,0.07468608012931573,0.09760935076069077,0.017182916943644884,0.021471460045034065,0.08773719479564879,0.09080532524929065,0.0003243821655487709,23,69,0.049630259728903676,0.09159576597864791,False,False,True,1.002378119630385e-08,COMPLETE
1358,0.549827516078949,2025-03-31 22:29:49.170115,2025-03-31 22:29:56.431090,0 days 00:00:07.260975,0.029315711013066716,0.8408986236706335,16,0.05924345696283732,0.12120272982592552,0.011328181754915165,0.014834894446358667,0.08373378594189002,0.09232373450021648,0.00018314252113712387,24,68,0.04511371979953159,0.08338183986076263,False,False,True,1.491608623142844e-08,COMPLETE
1359,0.5530225515365601,2025-03-31 22:29:56.864307,2025-03-31 22:30:04.152114,0 days 00:00:07.287807,0.05513005604650512,0.8837581101516293,16,0.005404892752729307,0.11056940933477198,0.014221258445637147,0.016287634531378967,0.09025131339795113,0.09667043665893091,0.0002557289138519544,24,65,0.04789107340198456,0.13674428068575153,False,False,True,1.903901528272305e-08,COMPLETE
1360,0.49898355007171635,2025-03-31 22:30:04.603619,2025-03-31 22:30:11.770034,0 days 00:00:07.166415,0.09402614473848041,0.9098033779993469,16,0.05285162313728935,0.10654770896495884,0.008777412461716911,0.01926563514824486,0.08759925318877426,0.08859061747038167,0.00022037861568375425,23,59,0.045828242938642384,0.08553453712859317,False,False,True,1.4350551378948809e-08,COMPLETE
1361,0.40988914966583256,2025-03-31 22:30:12.205714,2025-03-31 22:30:19.440111,0 days 00:00:07.234397,0.04222569856035896,0.9946993739502874,16,0.06925431045739981,0.12385384877148184,0.002728070334756496,0.021248194166966574,0.08977480431246336,0.08549563392960394,0.00035744993784605903,24,68,0.05174223633120448,0.11377486045299139,False,False,True,7.608508965121257e-07,COMPLETE
1362,0.3260655760765076,2025-03-31 22:30:19.882722,2025-03-31 22:30:27.155387,0 days 00:00:07.272665,0.027527043976861516,0.8604646680933783,16,0.052321740863538906,0.10112083793719087,0.0069181029643353075,0.014943598522046287,0.08571910403043217,0.08490011548639687,0.0007861101734247402,24,63,0.04933830961410487,0.09481592688061888,False,True,True,1.2130323687411774e-08,COMPLETE
1363,0.4841734886169434,2025-03-31 22:30:27.589754,2025-03-31 22:30:34.717538,0 days 00:00:07.127784,0.0637530800994548,0.8399154665399658,16,0.06584361643166131,0.1167267267689725,0.010293314122343817,0.017596690433815572,0.08874890516053743,0.09272143572620159,0.0001809828319779337,23,66,0.04463593307122664,0.10032972624653799,False,False,True,1.867057901072349e-08,COMPLETE
1364,0.5276595473289489,2025-03-31 22:30:35.161329,2025-03-31 22:30:52.951445,0 days 00:00:17.790116,0.08875057699882956,0.8682352551560545,2,0.06127775688301026,0.09085397899905373,0.01962964980921721,0.021439268171049467,0.07357777481309688,0.08783812734125004,0.00028258449679028757,23,70,0.04735701614663868,0.11810846651931627,False,False,True,3.273613241673571e-07,COMPLETE
1365,0.37656389474868773,2025-03-31 22:30:53.385597,2025-03-31 22:31:01.320857,0 days 00:00:07.935260,0.029287175564310697,0.8899772698648493,16,0.04932026464578535,0.12423650339385556,0.015815568642091552,0.01988382723360429,0.08390710088291012,0.09008021175804888,0.00022161211104804735,24,70,0.04434000118369231,0.08744145770655527,True,False,False,1.0116371072946835e-08,COMPLETE
1366,0.5512207388877869,2025-03-31 22:31:01.757303,2025-03-31 22:31:08.967698,0 days 00:00:07.210395,0.0507029580415483,0.8348885845869825,16,0.054568054916851565,0.10257793751139939,0.005075598882051944,0.010295580471361325,0.05072278057999695,0.0848352956503613,0.0004189429633680436,24,70,0.05048020409583437,0.08858606739299107,False,False,True,1.0027498787570322e-08,COMPLETE
1367,0.47334641218185425,2025-03-31 22:31:09.424146,2025-03-31 22:31:16.517040,0 days 00:00:07.092894,0.07923096751327563,0.8521942191903965,16,0.05769017902589314,0.11313930877851834,0.013538106796518309,0.05509958217243964,0.08772846669194455,0.08665512472089887,0.000159846970179706,23,64,0.046258951999195885,0.09838154086274394,False,False,True,1.4124658368174555e-08,COMPLETE
1368,0.5369038939476013,2025-03-31 22:31:16.958225,2025-03-31 22:31:26.088753,0 days 00:00:09.130528,0.025008201026836582,0.8822699516753301,8,0.07280102491662381,0.11794551018287198,0.010864673803990206,0.0130257395459403,0.09039698647169091,0.0905910178734277,0.0002685025901918696,28,58,0.05582859762180776,0.08254343846454594,False,False,True,1.6833289715660144e-08,COMPLETE
1369,0.5453848361968994,2025-03-31 22:31:26.530754,2025-03-31 22:31:33.729445,0 days 00:00:07.198691,0.04340003476821283,0.9140471927167674,16,0.04789819994148994,0.10896849825775971,0.0072819042068177214,0.023004596598951495,0.08591254594563559,0.08741684582008251,0.00021237342632379736,24,62,0.04841876291850959,0.09126722079386108,False,False,True,2.0184140326641046e-08,COMPLETE
1370,0.542655348777771,2025-03-31 22:31:34.174535,2025-03-31 22:31:41.425010,0 days 00:00:07.250475,0.606512565057221,0.8536099920197117,16,0.06244069803190976,0.12270392763435686,0.003751441565590274,0.002362105610170081,0.08968071225646153,0.08431565808446106,0.0003242092654342666,24,67,0.0451162570308252,0.08383797965289379,False,False,True,1.265217633929641e-08,COMPLETE
1371,0.5507033944129944,2025-03-31 22:31:41.865284,2025-03-31 22:31:49.455183,0 days 00:00:07.589899,0.010503694255676415,0.8376190307318773,16,0.05055228655839545,0.11783908129875767,0.012589077573379714,0.02045095580041448,0.0868105369216007,0.08849254111695071,0.00017032811882373847,28,70,0.04345404456529191,0.09733510848981422,False,False,True,1.4603987117749055e-08,COMPLETE
1372,0.5532546401023866,2025-03-31 22:31:49.892234,2025-03-31 22:31:57.091249,0 days 00:00:07.199015,0.06171863067472694,0.9421168062209568,16,0.05776317810956018,0.10302235745390909,0.017816334887740242,0.05406076211522765,0.08304893226401242,0.09313420649416912,0.00024927161677516145,23,66,0.04735681676941092,0.08828164727319139,False,False,True,1.53777155658089e-08,COMPLETE
1373,0.5571907877922058,2025-03-31 22:31:57.548075,2025-03-31 22:32:04.810342,0 days 00:00:07.262267,0.03916806030833074,0.8284173137868737,16,0.06568402363168935,0.11461181690690016,0.00892332404957586,0.018714893714929653,0.09065526299991863,0.03976961354644283,0.00020145393712868407,24,71,0.052989395127607544,0.08180784255443303,False,False,True,2.08854228064177e-08,COMPLETE
1374,0.5021278023719788,2025-03-31 22:32:05.252781,2025-03-31 22:32:12.409024,0 days 00:00:07.156243,0.08777723367568765,0.9042568407819936,16,0.04827861487483474,0.10874298838366339,0.005523671759156609,0.05849065048309177,0.08798466404432102,0.08542668389589926,0.0005476916818902858,23,48,0.04440403145682179,0.10316283644072322,False,False,True,1.0162376626662099e-08,COMPLETE
1375,0.4453107476234436,2025-03-31 22:32:12.857999,2025-03-31 22:32:19.914692,0 days 00:00:07.056693,0.026272420848163912,0.8756412492632318,16,0.05511064300260676,0.09795668206498302,0.015469627752480055,0.03802874874805344,0.08491628765575196,0.05728807077463749,0.0002826036541897706,22,69,0.09986551020937132,0.08196115298144563,False,False,True,1.2300473920671827e-08,COMPLETE
1376,0.5279834151268006,2025-03-31 22:32:20.352947,2025-03-31 22:32:27.665186,0 days 00:00:07.312239,0.06373066527658532,0.86806402656203,16,0.08363557482725752,0.1262850594957855,0.010595960841513966,0.01714573470424501,0.08863475499293118,0.0896832736319772,0.00016324764992599715,24,61,0.05119408055539828,0.0910749099540677,False,False,True,1.173344726017273e-06,COMPLETE
1377,0.4436948299407959,2025-03-31 22:32:28.101566,2025-03-31 22:32:35.722893,0 days 00:00:07.621327,0.010658414545418927,0.8270626735677307,16,0.06750814187367118,0.2859788834079309,0.008348028835354241,0.05571420212337822,0.09061695524663661,0.08579046779127196,0.00022894594665585363,28,142,0.04600836277025212,0.10419931116542372,False,False,True,1.6779545039274866e-08,COMPLETE
1378,0.4932634592056275,2025-03-31 22:32:36.162054,2025-03-31 22:32:43.430415,0 days 00:00:07.268361,0.04603863857399996,0.8477193660128932,16,0.04553256331680089,0.12197874780423244,0.013121350467169375,0.053001084612258796,0.08629217255329684,0.09053896292802573,0.00033578380481270783,24,111,0.04925400293638635,0.09272787144290368,False,False,True,1.2246510444252335e-08,COMPLETE
1379,0.535049843788147,2025-03-31 22:32:43.893122,2025-03-31 22:32:50.938303,0 days 00:00:07.045181,0.09932363251651263,0.8885032263671258,16,0.05907619167057631,0.11187941567328136,0.005801516345365012,0.015125712373394943,0.08459959137508624,0.08729876450331782,0.00018380078662812648,22,72,0.04319764634747345,0.08549504222294597,False,False,True,1.8870480090690425e-08,COMPLETE
1380,0.4986732125282288,2025-03-31 22:32:51.381259,2025-03-31 22:32:58.573382,0 days 00:00:07.192123,0.07078987529143549,0.9216044970783086,16,0.053366997886340056,0.1256529302203794,0.0032575961909141627,0.05729508256114456,0.08830688700865884,0.09298901586331518,0.0002511271712454281,23,63,0.047059449260078615,0.08026912882503692,False,False,True,2.24493792046364e-08,COMPLETE
1381,0.32456496953964237,2025-03-31 22:32:59.017730,2025-03-31 22:33:06.274474,0 days 00:00:07.256744,0.010552551236645807,0.8574766725874827,16,0.07317015089110844,0.11977548419430285,0.016641879689356806,0.022344107932400093,0.09081369858592689,0.08469761207509066,0.00043013538911061954,24,67,0.045085580634805236,0.12159959614727915,False,True,True,1.3779553229119583e-08,COMPLETE
1382,0.44915311336517333,2025-03-31 22:33:06.718298,2025-03-31 22:33:13.103691,0 days 00:00:06.385393,0.042291801784513486,0.8175265258009011,16,0.04668650424024585,0.10328488058008103,0.021506085605452196,0.01617029374654539,0.08315880464318705,0.08668763102251298,0.00014818633141353715,14,72,0.042647770728754315,0.09965747140733454,False,False,True,1.5112763623921024e-07,COMPLETE
1383,0.49935971498489384,2025-03-31 22:33:13.549721,2025-03-31 22:33:20.991987,0 days 00:00:07.442266,0.027941498944799817,0.8363883691866536,16,0.1220565248503784,0.11030348686104298,0.011875546925265835,0.03852872852578543,0.08658983140562673,0.08835110009131844,0.00020821740469938207,27,55,0.0488582183122411,0.09543954883649323,False,False,True,1.2125151965196399e-08,COMPLETE
1384,0.39256517887115483,2025-03-31 22:33:21.433977,2025-03-31 22:33:29.691644,0 days 00:00:08.257667,0.05378185010255681,0.9017859893721867,16,0.06386631715742352,0.12426198467594804,0.009176009631569025,0.05347426981182665,0.08961535074286418,0.08446823635010005,0.00030743104758936473,28,68,0.0443524622774663,0.08826776571732449,False,False,False,1.584444195415144e-08,COMPLETE
1385,0.33323264122009283,2025-03-31 22:33:30.153898,2025-03-31 22:33:37.840170,0 days 00:00:07.686272,0.9488473819602945,0.8733004604944837,16,0.05223071696488763,0.09119892356908274,0.014268899724954586,0.0185507630237464,0.06715863182378867,0.09491625528333175,0.00024422105015885816,27,64,0.05093524994807885,0.08170692162942918,True,False,True,1.0035761801335114e-08,COMPLETE
1386,0.40117720365524295,2025-03-31 22:33:38.285776,2025-03-31 22:33:45.514708,0 days 00:00:07.228932,0.0988634673986861,0.4230447860079428,16,0.04448831454123102,0.1163481213980768,0.007690291936324604,0.05559137481465253,0.08735945797916,0.09074209403638889,0.00016855195173442547,24,58,0.04678768256102083,0.10716316368723137,False,False,True,2.189282314145227e-08,COMPLETE
1387,0.5305112361907959,2025-03-31 22:33:45.963834,2025-03-31 22:34:03.773051,0 days 00:00:17.809217,0.07520060569753376,0.8246512215809565,2,0.07924545019909746,0.10718625710658568,0.0043506539217724105,0.036859018108413855,0.047579417349203956,0.08907919826738903,0.00021089290988129448,23,72,0.041914690532025616,0.07858141108755258,False,False,True,1.0017101735641248e-08,COMPLETE
1388,0.5490492343902589,2025-03-31 22:34:04.221182,2025-03-31 22:34:11.848308,0 days 00:00:07.627126,0.02741546641312656,0.8601177423187952,16,0.05888123238021141,0.1158023202622325,0.010505928576554868,0.052164766743565655,0.09092588063371629,0.09161968298374656,0.0003825063624199734,28,73,0.0443024182037,0.09700426097519743,False,False,True,1.2963300033161884e-08,COMPLETE
1389,0.554121994972229,2025-03-31 22:34:12.288840,2025-03-31 22:34:19.624540,0 days 00:00:07.335700,0.056591984589037844,0.8447303893499842,16,0.011575170692186668,0.20127387406180003,0.019167780136606093,0.02136513682962396,0.08565688658543895,0.08463549346823249,0.0002865681451326878,25,66,0.054157870536595536,0.0883874546100005,False,False,True,1.7918778965891332e-08,COMPLETE
1390,0.5446424007415771,2025-03-31 22:34:20.090989,2025-03-31 22:34:27.306965,0 days 00:00:07.215976,0.04046553009899686,0.8940654107521127,16,0.042912324947473594,0.12401953764079594,0.006087371610939833,0.03950654710135237,0.0888927961001055,0.0868254906301506,0.00018595530128451306,24,69,0.04758025035034648,0.07872056742687572,False,False,True,1.3887975045803497e-08,COMPLETE
1391,0.45123518705368043,2025-03-31 22:34:27.756450,2025-03-31 22:34:36.826584,0 days 00:00:09.070134,0.0809407738471872,0.9310498192103189,8,0.07015485177432128,0.19429668649154588,0.0025682312133802087,0.018247466182914417,0.0826556460177745,0.0838606049689826,0.00013618895921001188,27,62,0.042173345220866014,0.09190025364831439,False,False,True,2.2700198823801267e-08,COMPLETE
1392,0.5440986275672912,2025-03-31 22:34:37.274748,2025-03-31 22:34:44.597414,0 days 00:00:07.322666,0.026535585230008644,0.9611572256382265,16,0.015500357027280445,0.10002905907136657,0.015138535924313851,0.012411280925681736,0.09134166019398617,0.08807162976354908,0.0002452800430878157,25,71,0.04489721025192194,0.08400436351663243,False,False,True,1.6274249724834552e-08,COMPLETE
1393,0.4860334157943726,2025-03-31 22:34:45.043246,2025-03-31 22:34:52.131724,0 days 00:00:07.088478,0.10466149790139842,0.817922493665451,16,0.05246593580387279,0.19007506538202035,0.013005474896638176,0.05402546950209678,0.08439615365197556,0.08656884777295293,0.0003004091123192428,22,136,0.04261811841978991,0.1079784166306991,False,False,True,1.2446717940925482e-08,COMPLETE
1394,0.5339774012565613,2025-03-31 22:34:52.574994,2025-03-31 22:34:59.846730,0 days 00:00:07.271736,0.057625126673197524,0.8331230128677315,16,0.06351314567983461,0.12632584681697975,0.007400133847963565,0.05198453346383758,0.08779841594082195,0.004539432260313794,0.00020759664314480713,24,73,0.04891266400569069,0.09843408681674347,False,False,True,1.7528859956397728e-08,COMPLETE
1395,0.5517019391059876,2025-03-31 22:35:00.286510,2025-03-31 22:35:07.454475,0 days 00:00:07.167965,0.028925982758176764,0.8795977911925944,16,0.04124531388413723,0.023889182485554605,0.009678037503379817,0.05931399076221903,0.016332404045929748,0.08925487120428899,0.00035350150671401985,23,68,0.045403643308574604,0.0791401398658142,False,False,True,0.0001041258176344452,COMPLETE
1396,0.5426695942878723,2025-03-31 22:35:07.927674,2025-03-31 22:35:15.461405,0 days 00:00:07.533731,0.04091725446843887,0.8556921307242021,16,0.04814548542057862,0.11842230934259451,0.01665736882511073,0.01995295727733684,0.06430977318907313,0.08366329533436918,0.00015603964101981136,28,59,0.051458420671060344,0.08674421867065676,False,False,True,1.2973124281686474e-08,COMPLETE
1397,0.49014875888824466,2025-03-31 22:35:15.928162,2025-03-31 22:35:22.533534,0 days 00:00:06.605372,0.08022550678140213,0.8153499349841443,16,0.05547208114255167,0.10451632329056798,0.01156906122839011,0.051359166236100935,0.08919387226841922,0.09271367311802636,0.00026155804748961766,16,65,0.04128324154158641,0.07993058083076669,False,False,True,1.019815947847276e-08,COMPLETE
1398,0.5390230894088746,2025-03-31 22:35:22.983396,2025-03-31 22:35:30.358275,0 days 00:00:07.374879,0.010871588027521415,0.8417951556877187,16,0.06037136039159577,0.11549331455277957,0.006415453998857933,0.08250499436528076,0.0764345462852619,0.034689081498080046,0.00018485872546568184,27,73,0.04365913000387719,0.1042968914426004,False,False,True,2.5937706549871045e-08,COMPLETE
1399,0.5650382518768311,2025-03-31 22:35:30.807929,2025-03-31 22:35:38.120272,0 days 00:00:07.312343,0.061722922967383624,0.8696703488174585,16,0.019788897804923055,0.12772010537167594,0.0028159625389785658,0.023320439999121843,0.08002386793647084,0.09889424743865545,0.0002220817202570123,25,67,0.04617485298838553,0.0957630260271372,False,False,True,1.4777576752350905e-08,COMPLETE
1400,0.4931796431541443,2025-03-31 22:35:38.579088,2025-03-31 22:35:45.852679,0 days 00:00:07.273591,0.0265512732475816,0.8148054672172856,16,0.0483745701574741,0.18581550737162653,0.008869422500310042,0.036379622579533796,0.0856382470852298,0.09159104919938625,0.00013641295848367736,24,71,0.04797695585261662,0.09139376659441255,False,False,True,1.011717341674616e-08,COMPLETE
1401,0.5615593194961548,2025-03-31 22:35:46.322021,2025-03-31 22:35:53.828388,0 days 00:00:07.506367,0.010912806435986168,0.8990221414374495,16,0.04028674072428849,0.10808713865489593,0.014423941531610463,0.054606507226350395,0.09177324206517898,0.08550431683226385,0.0002768372853400111,27,74,0.04126141155858255,0.11388369594384147,False,False,True,2.2315944964570136e-08,COMPLETE
