number,value,datetime_start,datetime_complete,duration,params_alpha-eval,params_alpha-train,params_batch-size,params_eps-eval,params_eps-train,params_lambda-actions-eval,params_lambda-actions-train,params_lambda-frames-eval,params_lambda-frames-train,params_learning-rate,params_n-epochs,params_n-frames,params_radius-gw,params_rho,params_std-feats,params_ub-actions,params_ub-frames,params_weight-decay,state
398,0.38804105520248416,2025-04-21 13:54:13.457029,2025-04-21 13:54:24.333310,0 days 00:00:10.876281,0.3828007175986823,0.49672966810758623,2,0.0249168440448252,0.0895748639873891,0.03363511145342886,0.045741334615958536,0.024088562047020545,0.08899333649393433,0.07232853526741667,9,148,0.03342323476879558,0.1361375819740175,True,False,True,1.2548432558734107e-05,COMPLETE
399,0.5448033928871155,2025-04-21 13:54:24.467998,2025-04-21 13:54:34.806347,0 days 00:00:10.338349,0.20201837860285232,0.5953146377792914,2,0.060075275458211425,0.07361588123214663,0.005718898364659292,0.051853636247432104,0.025596457288527438,0.0961870638744385,0.031398425855160624,8,145,0.02624475555131096,0.09885449992483603,True,False,True,1.7874497302770594e-05,COMPLETE
400,0.27197768688201907,2025-04-21 13:54:34.930235,2025-04-21 13:54:46.378640,0 days 00:00:11.448405,0.8594203873990415,0.5537176323618854,2,0.050425975249892036,0.08401076135638802,0.024145644915149297,0.044330501670758096,0.02115915730812435,0.06720903820267443,0.04292226857695194,10,140,0.029843539802107213,0.10771871019563668,True,False,True,0.00012282587262916998,COMPLETE
401,0.44027440547943114,2025-04-21 13:54:46.504186,2025-04-21 13:54:58.716067,0 days 00:00:12.211881,0.5272300225640493,0.6348987239941775,2,0.04001535327335075,0.09403354824750926,0.012197674998675129,0.004133169631722675,0.011960041626242498,0.0918937235063584,0.05323004650201042,9,150,0.03164131667482831,0.11419052005409029,True,False,False,6.486716959862875e-05,COMPLETE
402,0.5746107578277588,2025-04-21 13:54:58.853329,2025-04-21 13:55:10.313253,0 days 00:00:11.459924,0.449040450941592,0.5690751199477866,2,0.011903411867300531,0.10564102521792042,0.017929462276588298,0.040515052932722166,0.02795494950201746,0.09436476157975186,0.025935805816328903,10,147,0.028194260386662104,0.06885247112664075,True,False,True,4.9345344658288444e-05,COMPLETE
403,0.4765679478645325,2025-04-21 13:55:10.441600,2025-04-21 13:55:21.686247,0 days 00:00:11.244647,0.4819179475823023,0.6066158305411132,2,0.022551047104039858,0.08928364806701401,0.014632275564076199,0.04740569387789944,0.04087186542646444,0.08317058325141949,0.03805766614184666,10,23,0.023492895561548172,0.0761754462552707,True,False,True,3.527865621713989e-05,COMPLETE
404,0.3976165771484375,2025-04-21 13:55:21.811083,2025-04-21 13:55:32.754894,0 days 00:00:10.943811,0.418969506565705,0.5169140118224939,2,0.032139436361408015,0.08044371708344882,0.010530516200392378,0.04171716934149291,0.01737362392562481,0.0069378696666277904,0.06479164464768375,9,143,0.03828691589663148,0.12242583343292568,True,False,True,2.5413021646362612e-05,COMPLETE
405,0.28328580856323243,2025-04-21 13:55:32.881230,2025-04-21 13:55:43.327733,0 days 00:00:10.446503,0.4623049755056317,0.6517663059872804,2,0.23420558659471663,0.09609116966306659,0.01412001234356744,0.050509366801375855,0.014491471981739576,0.08672679610230824,0.08191261074918046,8,145,0.03456466050675967,0.06172950013122114,True,False,True,0.00010110070580141127,COMPLETE
406,0.4502413153648377,2025-04-21 13:55:43.464704,2025-04-21 13:55:54.368575,0 days 00:00:10.903871,0.5046909344098978,0.5878301320066193,2,0.007011717567325222,0.0693726723096063,0.019216555259914954,0.044835731256742006,0.02293721087144185,0.07942479546628893,0.04957513828233813,9,138,0.029558474032822492,0.13016972379785574,True,False,True,0.0001590872557967868,COMPLETE
407,0.33338932991027836,2025-04-21 13:55:54.496345,2025-04-21 13:56:04.968379,0 days 00:00:10.472034,0.5436832057200718,0.6783483046952988,2,0.06934116742678084,0.10088860644192868,0.012128802084657438,0.05467744985435908,0.019142428077435887,0.0898570383692335,0.03790276432225373,8,148,0.032336740936146594,0.1392427652018423,True,False,True,1.559823114536034e-05,COMPLETE
408,0.44049499034881595,2025-04-21 13:56:05.094447,2025-04-21 13:56:16.831646,0 days 00:00:11.737199,0.28671840541351473,0.5505395717839444,2,0.01635179599137413,0.08820842994928965,0.01631651847188713,0.04859981935725842,0.030340854028773876,0.09270883207549299,0.06422307487133139,11,79,0.026608307572010492,0.15537428103594017,False,False,True,1.9700956783432746e-05,COMPLETE
409,0.5671292304992676,2025-04-21 13:56:16.968260,2025-04-21 13:56:28.435021,0 days 00:00:11.466761,0.6021117932319728,0.6225062650826501,2,0.04554042607404302,0.07695847796522778,0.008485936597087386,0.052633212790505784,0.02652938738817897,0.09544301416878034,0.030314870282357468,10,143,0.028653064640837705,0.11749611349171678,True,False,True,2.9281924174039183e-05,COMPLETE
410,0.5635937809944154,2025-04-21 13:56:28.563702,2025-04-21 13:56:34.896800,0 days 00:00:06.333098,0.44480368646939505,0.5764040558610686,16,0.03764637503384555,0.0838231681275115,0.013258733472736515,0.042853404521386626,0.008967313365293824,0.0024741311209058687,0.04577380065326766,9,147,0.03134418221961467,0.14611218516213492,True,False,True,1.192157016372856e-05,COMPLETE
411,0.3853676080703735,2025-04-21 13:56:35.026528,2025-04-21 13:56:45.915289,0 days 00:00:10.888761,0.6994256902541568,0.5423749096533851,2,0.05509410527117456,0.09238116540619554,0.010355449384905999,0.001445326589775673,0.0197816153219702,0.09083735996276944,0.05515478445752454,9,150,0.035667131169041875,0.1297840256205178,True,False,True,0.0004359922556487719,COMPLETE
412,0.5598732948303223,2025-04-21 13:56:46.056612,2025-04-21 13:56:53.075568,0 days 00:00:07.018956,0.34507391345661426,0.6031950170462336,8,0.030889490615324616,0.11040286693354816,0.02158599732863936,0.006962960793694269,0.022048901266057533,0.08812088114603506,0.07359345764202226,10,141,0.025581177231265587,0.11065021786352452,True,False,True,5.7606162024978035e-06,COMPLETE
413,0.5483002662658691,2025-04-21 13:56:53.203821,2025-04-21 13:57:03.613655,0 days 00:00:10.409834,0.4764821640271151,0.5676274126350703,2,0.025334464365883446,0.09940241642620458,0.015278539272617485,0.04640540283565805,0.02445572193942337,0.08452214743783353,0.03658512394608101,8,145,0.03299513879053732,0.06640808479529146,True,False,True,0.00023084118358364714,COMPLETE
414,0.41853200197219853,2025-04-21 13:57:03.747264,2025-04-21 13:57:14.585707,0 days 00:00:10.838443,0.25635733679651346,0.5067770022430463,2,0.014102607520503487,0.059910111510149425,0.017171482692250356,0.05043249005423754,0.017224178348268452,0.09704200111126052,0.00013947287438455664,9,135,0.029925562544461402,0.13570867119154703,True,False,True,2.2307161051285628e-05,COMPLETE
415,0.4043653130531311,2025-04-21 13:57:14.727008,2025-04-21 13:57:26.173666,0 days 00:00:11.446658,0.3983182301030309,0.6230824025303967,2,0.04845486963495416,0.0738671541313696,0.007107934325336387,0.04791143907730907,0.020689946688028038,0.07342094550495835,0.0007907131164418999,10,150,0.027517218284974287,0.12034319778111607,True,False,True,4.215355914699244e-05,COMPLETE
416,0.28286103010177616,2025-04-21 13:57:26.311573,2025-04-21 13:57:38.394228,0 days 00:00:12.082655,0.49401046389187,0.5896442413461862,2,0.04134244745960297,0.08658412055423075,0.063044840096121,0.009512922143494723,0.015331032845429861,0.09297841039440538,0.058744255210581686,11,145,0.031028375333319282,0.07435715108872167,True,True,True,7.785879229876915e-05,COMPLETE
417,0.4867017507553101,2025-04-21 13:57:38.524158,2025-04-21 13:57:48.293846,0 days 00:00:09.769688,0.5237792257537246,0.5422609862051103,2,0.006709412129979066,0.09288935121002251,0.013164882345689015,0.041879848119211666,0.02850839980335038,0.07001753029748059,0.04655988460721368,7,142,0.027880600640076997,0.09578734711701999,True,False,True,1.5815758348505232e-05,COMPLETE
418,0.359256660938263,2025-04-21 13:57:48.435354,2025-04-21 13:58:00.959652,0 days 00:00:12.524298,0.4334475609172755,0.5619546830475781,2,0.020093700173638544,0.08077921452849172,0.011340582623313587,0.054013644940527565,0.01334078135442304,0.047965248054133644,0.022454850727705287,10,119,0.034039571263662485,0.08370175215955086,True,False,False,7.214607985698865e-06,COMPLETE
419,0.539302396774292,2025-04-21 13:58:01.090486,2025-04-21 13:58:11.998659,0 days 00:00:10.908173,0.4627350637662171,0.4550644294554666,2,0.03424003050271576,0.04664076588816063,0.019064589981706338,0.01325534868072723,0.023890744280424363,0.09489293596450714,0.04111862782570739,9,147,0.030333411983951182,0.10382033059821516,True,False,True,3.178923997387791e-05,COMPLETE
420,0.38359249830245973,2025-04-21 13:58:12.129272,2025-04-21 13:58:22.550808,0 days 00:00:10.421536,0.42279180939080757,0.5285615564585883,2,0.02791067959010144,0.1038008168193744,0.015128372803963546,0.04370834883277894,0.018749843960150902,0.08927131242881503,0.08373909810990314,8,138,0.02465358979098916,0.12489332197940646,True,False,True,1.041546090250022e-05,COMPLETE
421,0.2827621340751648,2025-04-21 13:58:22.692584,2025-04-21 13:58:33.342699,0 days 00:00:10.650115,0.891507076467319,0.6520914643126727,2,0.062435765008493245,0.08633744492668897,0.00987455996291419,0.04735853238198777,0.025518272221168873,0.005193285734838074,0.031130771730639092,9,7,0.02877565563809483,0.1429065679840956,True,False,True,2.4145005284397208e-05,COMPLETE
422,0.44943522214889525,2025-04-21 13:58:33.472415,2025-04-21 13:58:45.022697,0 days 00:00:11.550282,0.5675512680177867,0.6078380449028733,2,0.012367918472937878,0.09671480064146881,0.012923760381091208,0.04542322599954767,0.021780132972291255,0.08640915958375382,0.07000148939247926,10,147,0.0962006420189343,0.024300063740600952,True,False,True,1.9224596398403795e-05,COMPLETE
423,0.3786610007286072,2025-04-21 13:58:45.154670,2025-04-21 13:58:57.114142,0 days 00:00:11.959472,0.491205832540585,0.044816426633263295,2,0.054493729079999165,0.0795483183881239,0.01588816375126804,0.049708166446744195,0.01644049396717858,0.0012504773165364221,0.0170947418653146,11,143,0.03274571412827695,0.15046843826840808,True,False,True,5.309301153756426e-05,COMPLETE
424,0.5352419257164002,2025-04-21 13:58:57.257774,2025-04-21 13:59:07.574867,0 days 00:00:10.317093,0.5327691748584177,0.5867861689676455,2,0.043108074983427724,0.09180231623872118,0.008554647922915127,0.0040796016363252975,0.027086056910681628,0.09086813230764208,0.05356112084754363,8,150,0.02652094956737426,0.11521241502801698,True,False,True,1.3266711353124407e-05,COMPLETE
425,0.28286103010177616,2025-04-21 13:59:07.706117,2025-04-21 13:59:18.407314,0 days 00:00:10.701197,0.794899480086944,0.6384232591218267,2,0.02048755781644429,0.06763446361838993,0.011384253829502188,0.03866624897590267,0.054242503870772944,0.010608888274603061,0.03467230193063172,9,32,0.022721391273929255,0.06089311778872384,True,False,True,3.783045540167446e-05,COMPLETE
426,0.37113196849823,2025-04-21 13:59:18.538751,2025-04-21 13:59:30.042068,0 days 00:00:11.503317,0.5088986381184577,0.5722260116185789,2,0.005465951709275523,0.08423640530962642,0.017515660291037453,0.07052771551964356,0.09075030099579645,0.08096317491768855,0.06372743823650322,10,140,0.031220812495866626,0.13161795952268784,True,False,True,0.00011657384800233493,COMPLETE
427,0.440355920791626,2025-04-21 13:59:30.174809,2025-04-21 13:59:39.880749,0 days 00:00:09.705940,0.319871434370835,0.6045481309231926,2,0.03641747913781699,0.10793761693740814,0.014042492129813329,0.05191495659076658,0.03303312331447671,0.096715085329756,0.04487757476697908,7,145,0.01976336939851766,0.12475700604719056,False,False,True,1.7216323034274903e-05,COMPLETE
428,0.43120808601379396,2025-04-21 13:59:40.023049,2025-04-21 13:59:50.942515,0 days 00:00:10.919466,0.44975366430207986,0.5165695140408417,2,0.027844632739823794,0.10107417078449765,0.020000285075605292,0.008404886036484538,0.01993098896832071,0.09214006579380812,0.0974546766319738,9,148,0.029047466985324427,0.13722188877162866,True,False,True,2.7321183206045744e-05,COMPLETE
429,0.562767493724823,2025-04-21 13:59:51.075388,2025-04-21 14:00:02.487402,0 days 00:00:11.412014,0.48021892559167584,0.5478614495595253,2,0.01724160334141756,0.0731941376204639,0.005451828568402188,0.016507728200736274,0.022999521672206077,0.07617681121154211,0.05241576339280733,10,143,0.03616968093715996,0.10987539488007331,True,False,True,2.200259407565057e-05,COMPLETE
430,0.5481034517288208,2025-04-21 14:00:02.621818,2025-04-21 14:00:13.502542,0 days 00:00:10.880724,0.3875062223151169,0.6275431704124073,2,0.051208191509212804,0.09049262033106979,0.012010634274390374,0.005440891334990843,0.0177022835643667,0.09420223193799049,0.025137252512056535,9,145,0.0325766870261467,0.0863851225385555,True,False,True,8.600877438319591e-05,COMPLETE
431,0.5494563221931458,2025-04-21 14:00:13.645728,2025-04-21 14:00:25.105943,0 days 00:00:11.460215,0.42764259380461817,0.5827869948923042,2,0.046017437192939055,0.07849791296839069,0.04370007775000447,0.04908459406847608,0.01096874880744428,0.0882167298436837,0.040347494732759316,10,150,0.027697550866540178,0.06916880347031366,True,False,True,0.00015665764219202136,COMPLETE
432,0.3912100315093995,2025-04-21 14:00:25.240484,2025-04-21 14:00:31.494586,0 days 00:00:06.254102,0.8245226300656016,0.47864964397738796,16,0.03671948810249648,0.09473488906673055,0.014938542037587179,0.04617869859595754,0.02980836561821396,0.08368402527671719,0.07398071613170253,8,101,0.029959612316816698,0.054391388955876946,True,False,True,4.224934091837165e-05,COMPLETE
433,0.4274841547012329,2025-04-21 14:00:31.627522,2025-04-21 14:00:43.538995,0 days 00:00:11.911473,0.7309036097841913,0.5631735852351645,2,0.010241051765727054,0.08717853130708032,0.022475169545353703,0.022246943763019757,0.024886208426828597,0.029587129637196178,0.00038513964634884684,11,140,0.03458974795946787,0.11989058077558218,True,False,True,3.252203739811014e-05,COMPLETE
434,0.5151358366012574,2025-04-21 14:00:43.684418,2025-04-21 14:00:50.455598,0 days 00:00:06.771180,0.4065385534838431,0.6124471285985216,8,0.030620996026233322,0.2940495128380188,0.010061183369137595,0.04418887721365081,0.02088304494190677,0.09077950954995265,0.02909840854790276,8,147,0.025467186984138593,0.1426594520929742,True,False,True,1.3793580801615437e-05,COMPLETE
435,0.5466423153877259,2025-04-21 14:00:50.589912,2025-04-21 14:01:04.193027,0 days 00:00:13.603115,0.47056954367258175,0.5322707026459312,2,0.023967690760644825,0.0998698002119999,0.017823594595698072,0.050831847395041665,0.04326990783932039,0.09323034841310121,0.04722191506153033,14,136,0.031866691471931864,0.07677661835953715,True,False,True,2.0652401725437182e-05,COMPLETE
436,0.28286103010177616,2025-04-21 14:01:04.327876,2025-04-21 14:01:15.264551,0 days 00:00:10.936675,0.36103565059536563,0.5924118839560528,2,0.005486891365798019,0.08337788657139775,0.013553099676539738,0.0553007375292245,0.016060485318497422,0.09647891322985157,0.06108729982111122,9,142,0.02959051846863731,0.10278840562869321,True,True,True,9.757239994142716e-06,COMPLETE
437,0.5088921427726746,2025-04-21 14:01:15.410284,2025-04-21 14:01:26.816106,0 days 00:00:11.405822,0.5084047561247937,0.5699272722792632,2,0.040821908439466224,0.09374809163382752,0.008459723318753514,0.010375887075031759,0.026355398994453983,0.08546135029601454,0.03649586116608346,10,147,0.026261585253328945,0.12945272044117076,True,False,True,6.351014360042594e-05,COMPLETE
438,0.4304084777832032,2025-04-21 14:01:26.952015,2025-04-21 14:01:38.986801,0 days 00:00:12.034786,0.5496674450920063,0.6580664073381479,2,0.06531335999169921,0.07749314890296927,0.016717022445732817,0.04160877850076862,0.018789703468491945,0.08927303264050694,0.05502894634663752,9,109,0.03356008356748385,0.159464308478618,True,False,False,2.762952074480529e-05,COMPLETE
439,0.45751781463623054,2025-04-21 14:01:39.125432,2025-04-21 14:01:49.534808,0 days 00:00:10.409376,0.4510596486960338,0.4975151002132454,2,0.05839261371699341,0.08989666802330633,0.011404841501458906,0.047996691557792695,0.0218370225343322,0.08745916179873717,0.08569131144355943,8,144,0.027937601592952957,0.11654700373964753,True,False,True,1.599105637584425e-05,COMPLETE
440,0.29131371378898624,2025-04-21 14:01:49.681416,2025-04-21 14:02:01.108552,0 days 00:00:11.427136,0.49878115572974874,0.5512504090312975,2,0.07904962550188295,0.11649364012306769,0.014956541634977505,0.0069472981607033996,0.01352633936032437,0.09439870706648544,0.04057264301901914,10,150,0.030847378735081973,0.14796192911817158,True,False,True,0.000260141369691478,COMPLETE
441,0.5587150573730469,2025-04-21 14:02:01.248135,2025-04-21 14:02:13.255671,0 days 00:00:12.007536,0.7584717876653654,0.6209203808168845,2,0.014931379789443621,0.10502240913724822,0.006743466662547387,0.037270629024339044,0.023594476651697283,0.09178532742986573,0.0067884044482890895,11,140,0.02922396069334736,0.11195839803814486,True,False,True,1.3551723383286102e-08,COMPLETE
442,0.5909502744674683,2025-04-21 14:02:13.393322,2025-04-21 14:02:24.334318,0 days 00:00:10.940996,0.47011343865852695,0.590361817066196,2,0.049373861506588804,0.08419781245241911,0.013236422886233296,0.05335151998729114,0.027460233764932035,0.09686482267381827,0.06395246258451333,9,147,0.03146677238818577,0.029738691931946705,True,False,True,4.865613476235061e-05,COMPLETE
443,0.53026921749115,2025-04-21 14:02:24.481831,2025-04-21 14:02:35.457453,0 days 00:00:10.975622,0.47465811097187516,0.5824840815661743,2,0.05030757138960008,0.07209535011646803,0.010100921824454016,0.05382095510046284,0.030917638314526187,0.0978938936597437,0.07036367377795681,9,145,0.02373506579008043,0.029542357904789915,True,False,True,4.780084259459912e-05,COMPLETE
444,0.3929849028587341,2025-04-21 14:02:35.596456,2025-04-21 14:02:47.076408,0 days 00:00:11.479952,0.44191368185839774,0.5319552776004087,2,0.04736170432181782,0.08121614037755542,0.012452259480668125,0.060150706692290515,0.02951891375754642,0.09756038434676782,0.07689365798588854,10,148,0.02739987554186774,0.06438990598262742,True,False,True,5.760446145289978e-05,COMPLETE
445,0.37874755859375003,2025-04-21 14:02:47.225896,2025-04-21 14:02:58.109365,0 days 00:00:10.883469,0.4872712753357554,0.5653827359201805,2,0.09960032546327391,0.09700769906335883,0.00873815062600139,0.05634644045572651,0.03612250615341395,0.09799444705042953,0.060790752060043536,9,142,0.03904227730822247,0.03929371426387405,True,False,True,9.609400114217206e-05,COMPLETE
446,0.3076172471046448,2025-04-21 14:02:58.249140,2025-04-21 14:03:07.969645,0 days 00:00:09.720505,0.46410664841006133,0.5932253790317608,2,0.05474932375521246,0.08362407744696278,0.00382346829548274,0.051351279545956835,0.02813692127671584,0.09513993966006612,0.08645006614829863,7,145,0.031907154484891044,0.07262224909644445,False,False,True,4.155610416848086e-05,COMPLETE
447,0.4493865966796875,2025-04-21 14:03:08.110330,2025-04-21 14:03:23.298166,0 days 00:00:15.187836,0.5263759187789534,0.5509147926255044,2,0.041872871035031296,0.0734871086124856,0.048176664200890146,0.054041820242173286,0.026870119315380803,0.09585176618245268,0.06710177576214525,17,138,0.00935768956974805,0.03292168202789598,True,False,True,7.231983000731904e-05,COMPLETE
448,0.4007098436355591,2025-04-21 14:03:23.448615,2025-04-21 14:03:34.940336,0 days 00:00:11.491721,0.43758188739686305,0.5235628832692614,2,0.046989294841093446,0.08788371258350473,0.013540639756945142,0.05242648490720398,0.02815584142095156,0.08200739848813474,0.05242079346927884,10,150,0.033940055718687356,0.02524296761072664,True,False,True,3.66708452030444e-05,COMPLETE
449,0.3778680682182312,2025-04-21 14:03:35.080117,2025-04-21 14:03:45.955077,0 days 00:00:10.874960,0.4583671028882626,0.5740479211402053,2,0.06898770334486502,0.06599798646214049,0.019086708842118022,0.011877129958176552,0.014814002764232805,0.09648597522481048,0.06072321603133461,9,147,0.029823230407576222,0.07921675955491597,True,False,True,5.086527092128222e-05,COMPLETE
450,0.4655048489570618,2025-04-21 14:03:46.094238,2025-04-21 14:03:56.444203,0 days 00:00:10.349965,0.4147743611766226,0.6052952114644491,2,0.05934930741717781,0.03171054899461724,0.016222772894559447,0.014166008066727255,0.025596748560827987,0.0779562092479549,0.09982180032171792,8,143,0.02530250425383264,0.09271196049641342,True,False,True,4.974022830285339e-06,COMPLETE
451,0.406466019153595,2025-04-21 14:03:56.595904,2025-04-21 14:04:08.516651,0 days 00:00:11.920747,0.5117956680537283,0.540205011323936,2,0.03711131277953875,0.11012625942717523,0.011128600960610236,0.05916580710181642,0.032789830115914215,0.09374214413281431,0.050145454477108685,11,147,0.027405101845773543,0.10650629074286513,True,False,True,0.00019718828093029337,COMPLETE
452,0.4634008646011353,2025-04-21 14:04:08.655976,2025-04-21 14:04:20.074378,0 days 00:00:11.418402,0.4914870872667184,0.6347579235365508,2,0.03238731988387497,0.09549864024193046,0.012745650876578165,0.040231038483522094,0.01778057446286497,0.09984342338273923,5.810244298827754e-05,10,140,0.035862293373579796,0.04152761525104073,True,False,True,7.510757668317967e-05,COMPLETE
453,0.40991778969764714,2025-04-21 14:04:20.214195,2025-04-21 14:04:26.347057,0 days 00:00:06.132862,0.4760377921811594,0.5877925007041778,16,0.050670780001557364,0.07720587455861698,0.021502709006488083,0.04491932576457628,0.030740544303241614,0.004957831039415302,0.07387664176846889,7,150,0.031069491761398105,0.060134326351342235,True,False,True,0.00011375713319414629,COMPLETE
454,0.2764765858650208,2025-04-21 14:04:26.498766,2025-04-21 14:04:36.883208,0 days 00:00:10.384442,0.2856569418440525,0.5630147272193723,2,0.22537781876952384,0.10227511792604055,0.015419742209736654,0.0025580714112963514,0.019894144339317656,0.008933840610444214,0.03404618458947789,8,144,0.029360861063925693,0.020214976418055093,True,False,True,2.916295199995165e-05,COMPLETE
