number,value,datetime_start,datetime_complete,duration,params_alpha-eval,params_alpha-train,params_batch-size,params_eps-eval,params_eps-train,params_lambda-actions-eval,params_lambda-actions-train,params_lambda-frames-eval,params_lambda-frames-train,params_learning-rate,params_n-epochs,params_n-frames,params_radius-gw,params_rho,params_std-feats,params_ub-actions,params_ub-frames,params_weight-decay,state
562,0.28286103010177616,2025-03-31 20:40:49.073377,2025-03-31 20:40:56.033393,0 days 00:00:06.960016,0.05169535765540244,0.293841793480897,16,0.03276006509218704,0.2950073817302802,0.01982264006435887,0.04999108007731587,0.0842580877179802,0.07080414999394971,0.0002547050879317276,20,80,0.04747885822704898,0.0431490848655353,True,False,True,1.9574995107783033e-08,COMPLETE
563,0.4633991837501526,2025-03-31 20:40:56.218438,2025-03-31 20:41:02.921976,0 days 00:00:06.703538,0.010010968815784949,0.7847100702620132,16,0.048230151168308213,0.1581336307837288,0.006531516419631893,0.05445588718385448,0.08030819975085035,0.0664380565267457,8.869261874555758e-05,18,89,0.03767924530590082,0.056951532048608686,False,False,True,1.279563575525603e-08,COMPLETE
564,0.475742518901825,2025-03-31 20:41:03.098379,2025-03-31 20:41:10.598758,0 days 00:00:07.500379,0.010109292274881618,0.7278439519736328,16,0.04367797162290665,0.138591792108595,0.010772324977685894,0.04662236418639844,0.07745743657449367,0.0640543907666792,6.407733675709941e-05,27,77,0.041733822951004376,0.04981798134395316,False,False,True,1.1701020524502676e-08,COMPLETE
565,0.37021200656890874,2025-03-31 20:41:10.785295,2025-03-31 20:41:24.916871,0 days 00:00:14.131576,0.04151147072616705,0.7583468834269315,2,0.07501429564832358,0.2687619195982473,0.017082293983585232,0.0519480730270139,0.0860275879766933,0.07274173741945286,0.00015049008277461578,16,32,0.044143594044283925,0.06277530079301342,False,False,True,1.0068006223879574e-08,COMPLETE
566,0.5467572569847107,2025-03-31 20:41:25.095421,2025-03-31 20:41:34.298305,0 days 00:00:09.202884,0.0679705247208614,0.7300859764498601,8,0.054900015181850434,0.14622568049404483,0.04596178753928048,0.05329554751295446,0.08443053942249891,0.07446972977441767,0.00017995176647994147,28,85,0.03910820479204741,0.05497760136320051,False,False,True,1.581649606828798e-08,COMPLETE
567,0.39504215717315677,2025-03-31 20:41:34.488382,2025-03-31 20:41:41.547003,0 days 00:00:07.058621,0.0296401605352252,0.14793678523375792,16,0.036461446463475336,0.15489494918952365,0.05807912574028594,0.04944234665657113,0.08098603860179647,0.06939742115847702,0.00022238892176836732,22,73,0.045763892474007674,0.0372240631287766,False,False,True,1.972282904600603e-08,COMPLETE
568,0.5594887018203736,2025-03-31 20:41:41.724619,2025-03-31 20:41:48.485930,0 days 00:00:06.761311,0.05614616209282498,0.7097227929436579,16,0.0456403328029136,0.1288104992992631,0.013711411701863307,0.05657457662442376,0.08654244488143893,0.07583680801344102,0.00018698835735650405,19,82,0.04105662005069724,0.045029651136742725,False,False,True,0.00011756066793848148,COMPLETE
569,0.2897148132324219,2025-03-31 20:41:48.676330,2025-03-31 20:41:55.597914,0 days 00:00:06.921584,0.07375407577926503,0.7860638544031145,16,0.2674189957115266,0.13721878551881292,0.00913864829699148,0.046065560525518974,0.08321252643247382,0.08184323446351734,0.0001360149508449255,21,76,0.03517764957671615,0.06684134802494886,False,False,True,1.0848480574366372e-05,COMPLETE
570,0.5521652221679688,2025-03-31 20:41:55.776375,2025-03-31 20:42:03.432702,0 days 00:00:07.656327,0.03819986346308029,0.7623637623894829,16,0.03234868160783795,0.14650405579142228,0.015311396446840679,0.025034309200439947,0.0861030565415341,0.07160669591644828,0.0002792341313462336,29,92,0.04344331452944154,0.05904820769636855,False,False,True,1.5145920501343306e-08,COMPLETE
571,0.5113767981529236,2025-03-31 20:42:03.609729,2025-03-31 20:42:11.038751,0 days 00:00:07.429022,0.36973241405808044,0.7371760404784788,16,0.05146168695563203,0.15104177943820607,0.013354546633704946,0.048793974632454384,0.08063424505523212,0.07378344870842496,0.0002193968259526636,27,80,0.03246352142495325,0.051476457813902476,False,False,True,0.00021692757515805668,COMPLETE
572,0.5508240818977356,2025-03-31 20:42:11.228495,2025-03-31 20:42:18.139966,0 days 00:00:06.911471,0.29180905802853024,0.6974445036804463,16,0.039026671310332564,0.126769767751765,0.031211600191768673,0.050432364839165925,0.08776682339148843,0.07759226873002546,0.00016251440743754559,21,86,0.03699155946056358,0.04521322213036877,False,False,True,1.0076163779778684e-08,COMPLETE
573,0.4739732265472413,2025-03-31 20:42:18.318283,2025-03-31 20:42:25.121479,0 days 00:00:06.803196,0.02519569336438037,0.7227758961771851,16,0.06321113482436229,0.13780538643576976,0.017461458974214843,0.05327530033381671,0.061811058681438096,0.07960223330571672,0.00010715848126876068,19,73,0.04752245730088705,0.07615134774778354,False,False,True,1.9839334180126308e-08,COMPLETE
574,0.5603556513786316,2025-03-31 20:42:25.318641,2025-03-31 20:42:32.859895,0 days 00:00:07.541254,0.010097209326747309,0.684014730240426,16,0.04654029305246449,0.1436684661594743,0.020287066509743847,0.02296241754949582,0.0893128258167896,0.07672680196088402,0.0001925021514711113,28,83,0.039537059484651034,0.062075283492876984,False,False,True,1.2331948170765903e-08,COMPLETE
575,0.5575868606567383,2025-03-31 20:42:33.037663,2025-03-31 20:42:40.488066,0 days 00:00:07.450403,0.055181880567341364,0.7402143063270196,16,0.05665083643907,0.13411606191196468,0.010703470831888242,0.057662747137480826,0.08515537395360376,0.08198241791379812,0.00024893393299029815,27,79,0.04313459199338361,0.05393840253542078,False,False,True,1.551577790347368e-08,COMPLETE
576,0.5443907499313355,2025-03-31 20:42:40.683653,2025-03-31 20:42:48.304871,0 days 00:00:07.621218,0.0102691914827389,0.7559364067975016,16,0.037792961662295184,0.1529335016314254,0.007127998364592685,0.0448219307728903,0.01021144010300546,0.07499113971508607,0.00013569631274034155,29,76,0.04553488794896152,0.06963087227208713,False,False,True,0.0002680315225041614,COMPLETE
577,0.32258812189102176,2025-03-31 20:42:48.484967,2025-03-31 20:42:56.059790,0 days 00:00:07.574823,0.03950183363161683,0.7842653492649689,16,0.030367394692098884,0.16457820963511427,0.015562084345114411,0.04796121651357725,0.08757116715712954,0.07257559780811595,0.00030136289210724973,28,89,0.041471479839219096,0.03822982048041316,False,True,True,1.2392672520605192e-08,COMPLETE
578,0.5444998502731324,2025-03-31 20:42:56.252941,2025-03-31 20:43:03.746196,0 days 00:00:07.493255,0.5961209309934643,0.7108130249450652,16,0.041722247256587144,0.1438823958539656,0.012629257892885389,0.05270333299675399,0.08341347509322203,0.07947916634827114,0.00017140266312739688,27,94,0.03886155287253174,0.04957458972096177,False,False,True,2.0784160567362653e-08,COMPLETE
579,0.5572946310043335,2025-03-31 20:43:03.925723,2025-03-31 20:43:11.507020,0 days 00:00:07.581297,0.07467968777594963,0.6903098775973046,16,0.05182728640953166,0.13850438298351828,0.018807581601300947,0.05051836115783332,0.0902605463120872,0.07791666023832691,0.00021969447644213822,28,72,0.04207316186749867,0.05773818362393572,False,False,True,1.610802636329547e-08,COMPLETE
580,0.3949932217597961,2025-03-31 20:43:11.701974,2025-03-31 20:43:19.716058,0 days 00:00:08.014084,0.09516630779014296,0.7213759150350687,16,0.046996047027104214,0.13087311681489708,0.00834051033966498,0.05995519217577308,0.08578488076153695,0.06764650637442218,0.0001473463788250905,27,82,0.04476452398205036,0.06390068221208153,False,False,False,0.00015830734133786742,COMPLETE
581,0.4909465312957764,2025-03-31 20:43:19.896248,2025-03-31 20:43:27.812115,0 days 00:00:07.915867,0.031194921196349295,0.7724514360981084,16,0.05818783095364817,0.1481175789454863,0.06889510185320702,0.055005178001946646,0.08850877857015384,0.07456394780659897,0.00024872483978925715,30,87,0.0402166488557102,0.0470036828559193,True,False,True,1.4432315445174548e-08,COMPLETE
582,0.4875680804252625,2025-03-31 20:43:28.007987,2025-03-31 20:43:35.478126,0 days 00:00:07.470139,0.06744573733453772,0.7462422957651366,16,0.032027412119319754,0.12543321834548177,0.014405917584080961,0.02629379002964049,0.09199963794406989,0.07061865055550728,0.0001197514650024104,27,78,0.036558546800137974,0.054799826473553595,False,False,True,1.2427083026656048e-08,COMPLETE
583,0.45413298606872565,2025-03-31 20:43:35.659205,2025-03-31 20:43:43.230564,0 days 00:00:07.571359,0.050518195362216085,0.6823602660484742,16,0.17797910738904543,0.15857461873074816,0.010953896955092033,0.051198821417271966,0.08223818852126477,0.08045306357546339,0.00018806069419673518,29,84,0.048577640560968076,0.040147813102884906,False,False,True,0.0003888981928112533,COMPLETE
584,0.3977056503295898,2025-03-31 20:43:43.414947,2025-03-31 20:43:50.162062,0 days 00:00:06.747115,0.037793344221678786,0.1844908807291627,16,0.04063917469634236,0.24300992499183302,0.004727579347840387,0.046646206075926296,0.08710302313868977,0.076106385653397,0.0002861300574563884,19,75,0.043621157113347686,0.05130022999405882,False,False,True,2.252369390477369e-08,COMPLETE
585,0.555012333393097,2025-03-31 20:43:50.355018,2025-03-31 20:43:57.893759,0 days 00:00:07.538741,0.12358860218964211,0.7960916752562062,16,0.050132057260792756,0.1523904405574495,0.016645069876179867,0.0291815200316093,0.08443404292996402,0.07833535208280024,0.00020649339838527882,28,80,0.046516602521920906,0.059673272420338826,False,False,True,1.812266229217713e-08,COMPLETE
586,0.5035232543945313,2025-03-31 20:43:58.076921,2025-03-31 20:44:17.485328,0 days 00:00:19.408407,0.02667057549041258,0.7096412896559722,2,0.03882354388984674,0.14031546252052182,0.07327628764124886,0.04084698157805444,0.08987941444976295,0.06594136225792156,0.00015388611478408924,26,71,0.038138675915118166,0.06917208919516463,False,False,True,1.4766603452433833e-08,COMPLETE
587,0.5626317620277406,2025-03-31 20:44:17.680149,2025-03-31 20:44:25.133638,0 days 00:00:07.453489,0.07977032910528312,0.7384999479740663,16,0.044313527980974064,0.1343022937478598,0.012877597058399883,0.04342963194871795,0.08841624005768044,0.07313662569275534,0.0001749511819263427,27,77,0.04089726945935618,0.04390276207689079,False,False,True,0.00013027703229231586,COMPLETE
588,0.5403820395469666,2025-03-31 20:44:25.315224,2025-03-31 20:44:34.369479,0 days 00:00:09.054255,0.10461589323152708,0.7313983605562798,8,0.06824731544510462,0.12424223631443372,0.014006596150709058,0.042622297040690434,0.07089003873126426,0.08242583833983505,0.0001257802210252497,27,75,0.042252385165585576,0.027360687764248874,False,False,True,0.00015997298062687387,COMPLETE
589,0.5203054189682007,2025-03-31 20:44:34.566371,2025-03-31 20:44:42.008817,0 days 00:00:07.442446,0.07461213857268865,0.6684942946681318,16,0.05746861144058106,0.1318654555423682,0.017751341660496866,0.04369989779736222,0.09243995230934376,0.07666628873839905,9.930542039356848e-05,27,85,0.04612344882218066,0.038533925537871334,False,False,True,0.00011265875382464908,COMPLETE
590,0.5368163466453553,2025-03-31 20:44:42.192646,2025-03-31 20:44:49.563231,0 days 00:00:07.370585,0.08984750750878938,0.699059063096303,16,0.04451803840468679,0.144903074627099,0.02118947373721401,0.04050035505832926,0.08970514808762053,0.07379666287253135,0.00016847454448635395,26,91,0.044479597361364254,0.030563641232136292,False,False,True,0.00012763863999090168,COMPLETE
591,0.49346351623535156,2025-03-31 20:44:49.759128,2025-03-31 20:44:57.296265,0 days 00:00:07.537137,0.11561523300892973,0.7222802642136901,16,0.05196418534080886,0.13146535658224817,0.012674348742805687,0.045084893772726314,0.08825638352993656,0.08011557945762728,0.0001419985080577603,28,70,0.04109690357288656,0.04293690371829445,False,False,True,9.420326533851057e-05,COMPLETE
592,0.38963065147399906,2025-03-31 20:44:57.481063,2025-03-31 20:45:05.001162,0 days 00:00:07.520099,0.08557297121113627,0.7445491092176131,16,0.06211888536238342,0.1250974514582538,0.016273428096863298,0.03855981515343667,0.04962242535883681,0.07557554515842115,4.982858861490476e-05,27,81,0.007678415719348297,0.045476261212539906,False,False,True,1.0025972071239158e-08,COMPLETE
593,0.43359410762786865,2025-03-31 20:45:05.198109,2025-03-31 20:45:12.777784,0 days 00:00:07.579675,0.06462741976437814,0.7000723052716614,16,0.047332683577243545,0.1554826548158884,0.01954789483275448,0.042558088536105994,0.09089740976599307,0.0067755781533336765,0.0001648291331024097,28,74,0.08673344968830723,0.12465383614983888,False,False,True,9.028552435077627e-05,COMPLETE
594,0.5639777779579163,2025-03-31 20:45:12.963677,2025-03-31 20:45:20.349909,0 days 00:00:07.386232,0.1351099122796532,0.6724560944959088,16,0.032780516728817724,0.14792761183276726,0.015076185125582401,0.044050688922081985,0.08677088342728183,0.07807449730915177,0.00018804581766559243,26,78,0.04305112765204754,0.0340590097399093,False,False,True,0.0002049702376774838,COMPLETE
595,0.5566678166389465,2025-03-31 20:45:20.550113,2025-03-31 20:45:27.906511,0 days 00:00:07.356398,0.5048083033799031,0.6656303623691902,16,0.029147946656840406,0.16051016417894484,0.014450159865286607,0.0421840586737039,0.08684329895098358,0.07756470215568534,0.0001928177765060489,26,80,0.04226337978199414,0.031465945101981384,False,False,True,0.00018244976794341594,COMPLETE
596,0.32759100198745733,2025-03-31 20:45:28.093758,2025-03-31 20:45:35.460192,0 days 00:00:07.366434,0.11495386914664382,0.4633539442348261,16,0.033755186094781696,0.14980652311811954,0.012223686325267744,0.044820203641087145,0.08608123117854,0.07470427233932461,0.0002485727069880933,26,83,0.03652564290999741,0.020504304430343286,False,True,True,0.00013176489680930483,COMPLETE
597,0.5665294885635377,2025-03-31 20:45:35.659462,2025-03-31 20:45:42.982909,0 days 00:00:07.323447,0.12547469105354436,0.6787996503199678,16,0.03249133474693448,0.14829044015445178,0.01488396645852254,0.04389930184796033,0.08783498705203122,0.07267417740438437,0.00019674986102547048,26,77,0.0396751387890554,0.06152504223680532,False,False,True,0.00020229727714693175,COMPLETE
598,0.49404684305191043,2025-03-31 20:45:43.168760,2025-03-31 20:45:50.554662,0 days 00:00:07.385902,0.049925649027153685,0.6432314915437548,16,0.02528801580790379,0.15542864024848477,0.05447525541372503,0.04614275874743701,0.08499375966023862,0.07010583974317876,0.0010225256193019468,26,86,0.03421811014734623,0.07093000651349296,False,False,True,0.00022884084637433087,COMPLETE
599,0.3965165734291076,2025-03-31 20:45:50.744401,2025-03-31 20:45:58.706024,0 days 00:00:07.961623,0.1486520548021931,0.6706367896336501,16,0.028597387769795972,0.16388603029727739,0.015416456034724786,0.03950938454546368,0.0412314201589275,0.07864128478126807,0.00021177740307255815,26,78,0.03817581671912322,0.07396789525996991,False,False,False,0.00022801685365355298,COMPLETE
600,0.5086223363876343,2025-03-31 20:45:58.907605,2025-03-31 20:46:06.454378,0 days 00:00:07.546773,0.15184935511261533,0.6564618324493372,16,0.030972787040950484,0.14880461088345395,0.015863895663592836,0.0408141081049022,0.0869683232191394,0.07638900870130384,0.0003067702641359846,26,80,0.03946433507493881,0.06352786602666696,True,False,True,0.00019841707855594213,COMPLETE
601,0.5090064525604249,2025-03-31 20:46:06.642756,2025-03-31 20:46:13.958673,0 days 00:00:07.315917,0.12920140412540965,0.6810299641601719,16,0.03459532709369152,0.1544027998564854,0.01451731026246071,0.0448907424990586,0.08500244691893724,0.07368104355581492,0.00025474929465860705,26,83,0.035112192352411135,0.06401435537497212,False,False,True,0.0002633484442999834,COMPLETE
602,0.5465201377868653,2025-03-31 20:46:14.155800,2025-03-31 20:46:21.786385,0 days 00:00:07.630585,0.13504293144450175,0.6707647802603777,16,0.024687407890970525,0.1776050135025674,0.016903625914263788,0.04797158937928977,0.08843351753279806,0.050485765558593035,0.00041824682404956095,29,76,0.04206315519159498,0.05862335913537697,False,False,True,0.0001765301576433069,COMPLETE
603,0.5462752461433411,2025-03-31 20:46:21.975298,2025-03-31 20:46:29.364051,0 days 00:00:07.388753,0.14569764737808305,0.6861864177820434,16,0.03543466240505276,0.14702271037116565,0.011486016520192833,0.04680060110689155,0.08640257288661958,0.07701652131300163,0.00020540206757784212,26,112,0.037656890232081845,0.06689824353498544,False,False,True,0.0001851242231000829,COMPLETE
604,0.39238466024398805,2025-03-31 20:46:29.560795,2025-03-31 20:46:36.979162,0 days 00:00:07.418367,0.13742902537871168,0.09453989386496486,16,0.029512140764994834,0.15952726127226183,0.013248012404004824,0.044619447057036986,0.08332787481390438,0.0694941118973048,0.00019295203576871747,27,89,0.043468933843749,0.058404727168185164,False,False,True,5.342869580807366e-05,COMPLETE
605,0.5454553008079529,2025-03-31 20:46:37.170597,2025-03-31 20:46:44.767376,0 days 00:00:07.596779,0.10336558027233074,0.632247747510844,16,0.03794051057393386,0.15163221687946782,0.01813777328723752,0.043157388414516315,0.08868416287370476,0.0791616756299343,0.0002390838631138422,29,83,0.048366005980782764,0.007336357099884755,False,False,True,1.1970935890192804e-08,COMPLETE
606,0.54796621799469,2025-03-31 20:46:44.967850,2025-03-31 20:46:52.549203,0 days 00:00:07.581353,0.44795683342852133,0.6970073308312281,16,0.033319753197681365,0.14372856659308103,0.015301213759206995,0.03716188580116292,0.08459117191397642,0.07240949093626636,0.0003087677363873651,28,86,0.039623637713471715,0.06200971343644844,False,False,True,3.595892750262318e-05,COMPLETE
607,0.5454749822616578,2025-03-31 20:46:52.738304,2025-03-31 20:47:00.077772,0 days 00:00:07.339468,0.12916019328176465,0.655522215558427,16,0.05546547658444235,0.16819699172864153,0.009679009881780656,0.028097875692782753,0.08723204750518375,0.07528039864468841,0.00017809419665223874,26,78,0.04066458182848748,0.0725491139914559,False,False,True,0.00022610894134740905,COMPLETE
608,0.5154788494110107,2025-03-31 20:47:00.277953,2025-03-31 20:47:20.349638,0 days 00:00:20.071685,0.0510715473356585,0.6837541723903444,2,0.02394937333263662,0.14599656948589845,0.007945968155381471,0.04812258349972176,0.09069168168174034,0.07816107988962917,0.00022736810918794675,27,74,0.029783775445087854,0.05560893008921238,False,False,True,0.00016800298910343872,COMPLETE
609,0.5190321445465088,2025-03-31 20:47:20.541103,2025-03-31 20:47:27.982536,0 days 00:00:07.441433,0.11032173484588298,0.7054357091849247,16,0.04464346844455985,0.14122932166996224,0.01151355896151923,0.024926607600215908,0.09291512819085737,0.06816181996376952,0.00013378362554495525,27,80,0.04518297231314054,0.07803561544615922,False,False,True,1.0110553092258806e-08,COMPLETE
610,0.5519310116767884,2025-03-31 20:47:28.183816,2025-03-31 20:47:35.717009,0 days 00:00:07.533193,0.030630317404082216,0.668719121915172,16,0.03851952528224537,0.1514753886470768,0.0028760892931773644,0.0211933144736006,0.08943859336344322,0.06312457440409981,0.00027117654928078577,28,93,0.03329201380315556,0.06581724900677491,False,False,True,0.0001522855664584203,COMPLETE
611,0.4694385647773743,2025-03-31 20:47:35.907240,2025-03-31 20:47:42.026410,0 days 00:00:06.119170,0.06217851943212928,0.6982848289469034,16,0.0640779855293314,0.13822520467589605,0.014021557818112002,0.04105990436005739,0.08619319046064007,0.07591082303290791,0.0001700176306337329,11,82,0.042702188627927996,0.0548055668195536,False,False,True,7.758642971309232e-05,COMPLETE
612,0.5393358707427979,2025-03-31 20:47:42.226469,2025-03-31 20:47:49.851543,0 days 00:00:07.625074,0.042141970850859606,0.6304022034234632,16,0.05107700095566095,0.1548050086981818,0.019186079402573077,0.029913612655073203,0.08382644212970203,0.0803304708261866,0.0002044088951463905,29,88,0.04739831969326343,0.06065207396587864,False,False,True,1.2685950807025178e-08,COMPLETE
613,0.5508503556251526,2025-03-31 20:47:50.050987,2025-03-31 20:47:59.290332,0 days 00:00:09.239345,0.08625378911773848,0.7152586929225149,8,0.03187232467702077,0.14686576530529927,0.016270332069402253,0.03512722714387638,0.08802869532318977,0.07230197688093805,0.00014863679226133944,28,76,0.026542573037072328,0.016908354102520333,False,False,True,0.00010398087040714265,COMPLETE
614,0.5246067881584168,2025-03-31 20:47:59.493696,2025-03-31 20:48:06.954430,0 days 00:00:07.460734,0.0340305923564292,0.6564037002382,16,0.04843429255493198,0.16020315429629112,0.021877219224918507,0.04689881652901394,0.026136502015303178,0.07458530294034171,0.00011642804904007084,27,85,0.037463898849149906,0.051776602011265396,False,False,True,1.5290536553008408e-08,COMPLETE
615,0.32590061426162725,2025-03-31 20:48:07.146837,2025-03-31 20:48:14.537267,0 days 00:00:07.390430,0.02778499553751457,0.6771139517716356,16,0.04171737064789392,0.13751995742023054,0.06684024423172112,0.04859762604987555,0.08597670288990882,0.07104562203542479,0.0003512910203315191,26,73,0.04360954632618558,0.0131372466945332,False,True,True,0.0002702577910259615,COMPLETE
616,0.5506576180458069,2025-03-31 20:48:14.740596,2025-03-31 20:48:22.452695,0 days 00:00:07.712099,0.06250985480908007,0.6919875104359123,16,0.027337250196364266,0.14255131759568648,0.00639184815954758,0.026890913757959444,0.09138540593705276,0.07747339479756962,0.0002502419982821686,30,79,0.040192308384115576,0.06698890652212453,False,False,True,1.2317894043274888e-08,COMPLETE
617,0.48137248754501344,2025-03-31 20:48:22.647105,2025-03-31 20:48:30.104466,0 days 00:00:07.457361,0.010260271154657715,0.5996847536721159,16,0.07046730710293375,0.1491533269685191,0.012740163581032932,0.04294341368424608,0.09401439432832784,0.07950290864141381,0.001636176912610617,27,81,0.03609151697327916,0.05861627060993455,False,False,True,1.5920898291492897e-08,COMPLETE
