number,value,datetime_start,datetime_complete,duration,params_alpha-eval,params_alpha-train,params_batch-size,params_eps-eval,params_eps-train,params_lambda-actions-eval,params_lambda-actions-train,params_lambda-frames-eval,params_lambda-frames-train,params_learning-rate,params_n-epochs,params_n-frames,params_radius-gw,params_rho,params_std-feats,params_ub-actions,params_ub-frames,params_weight-decay,state
1234,0.527833354473114,2025-03-31 22:12:57.909477,2025-03-31 22:13:05.226607,0 days 00:00:07.317130,0.15887151651054454,0.7325267522095024,16,0.043541963855497356,0.1978586552618381,0.013965511953940976,0.039383570838293115,0.08568857392400132,0.07855948386148319,0.003023956539125706,25,68,0.019441533613449954,0.053444665419127964,False,False,True,4.248042984099833e-08,COMPLETE
1235,0.42062264680862427,2025-03-31 22:13:05.624347,2025-03-31 22:13:11.430883,0 days 00:00:05.806536,0.05676657753867114,0.8223264875381454,16,0.03728004759790062,0.11196134916701407,0.009933190992587614,0.04599980646562547,0.08382758765622818,0.08114963816023486,0.0002150794497677387,6,73,0.05254233100708088,0.10227877944656759,False,False,True,2.047863003542501e-08,COMPLETE
1236,0.5518499493598938,2025-03-31 22:13:11.829772,2025-03-31 22:13:20.468924,0 days 00:00:08.639152,0.12979542410282008,0.755347648767724,8,0.050837595242003035,0.15969817964743,0.0119268594813511,0.04951648565578067,0.09634731261069285,0.07161751835185763,0.00016494032464870975,24,78,0.04356970159270716,0.08180177220811437,False,False,True,1.0004887096614124e-08,COMPLETE
1237,0.46901773214340214,2025-03-31 22:13:20.871143,2025-03-31 22:13:28.336123,0 days 00:00:07.464980,0.028665729871477558,0.8651573981911118,16,0.06252106426835977,0.1749193485503341,0.002745986115528491,0.03672357829894365,0.08926632400218909,0.07705471988197916,0.00012832019745911678,26,75,0.03933553256926067,0.09057080480846598,False,False,True,3.294241622932779e-08,COMPLETE
1238,0.5075280666351318,2025-03-31 22:13:28.735631,2025-03-31 22:13:36.208381,0 days 00:00:07.472750,0.08811580716096762,0.9068220903277322,16,0.1336182521829907,0.13232146042593493,0.0010570284416500418,0.06316012813101345,0.09182472736947316,0.07488496148304231,0.00028446473198089057,27,90,0.049470970147942675,0.06150091465495281,False,False,True,1.4646058503695293e-08,COMPLETE
1239,0.5605906963348388,2025-03-31 22:13:36.609599,2025-03-31 22:13:44.135263,0 days 00:00:07.525664,0.044797467510320085,0.7887039521304465,16,0.02730051578770595,0.164770624604976,0.0061021386737856245,0.05277095286990767,0.0944845898433899,0.07899710211459476,0.00019319962092588652,28,71,0.04652489184706433,0.049154149600852404,False,False,True,6.585163938612471e-08,COMPLETE
1240,0.5686954259872437,2025-03-31 22:13:44.538757,2025-03-31 22:13:51.952294,0 days 00:00:07.413537,0.0633334305528256,0.8436214860934508,16,0.0554906626897431,0.14338779506441207,0.014932908197810353,0.04803927504600114,0.08713559586774162,0.08575873083886,0.0002368565690248424,26,80,0.041961910858591155,0.07431209374546052,False,False,True,6.535757562797887e-05,COMPLETE
1241,0.5486692428588867,2025-03-31 22:13:52.356190,2025-03-31 22:13:59.711298,0 days 00:00:07.355108,0.057195113138725884,0.8770005148101606,16,0.06739775298005583,0.13848005067699104,0.018899052462539697,0.06191851792327343,0.08409293549214167,0.08962436349683432,0.0004122215019165877,25,85,0.04548997568108401,0.08573384805577725,False,False,True,6.467017498804078e-05,COMPLETE
1242,0.5207332611083985,2025-03-31 22:14:00.110052,2025-03-31 22:14:07.598074,0 days 00:00:07.488022,0.06902600045823622,0.84968530462023,16,0.056525587919776105,0.12740652670301605,0.007348706266904686,0.05584181740984011,0.08575734669703132,0.08929676871878738,0.00034340995534561867,27,82,0.023523595839261145,0.07899353665309876,False,False,True,8.213659728227995e-05,COMPLETE
1243,0.5582202792167663,2025-03-31 22:14:08.001043,2025-03-31 22:14:15.194014,0 days 00:00:07.192971,0.04463364359438925,0.8530758328061043,16,0.062009862996120824,0.13461530625269452,0.011416962588619243,0.030543368985217256,0.09819699358585839,0.0866165486905506,0.0003021060555077942,24,87,0.04397441499390491,0.07523677207459169,False,False,True,5.230235278049061e-05,COMPLETE
1244,0.56557195186615,2025-03-31 22:14:15.591742,2025-03-31 22:14:23.075822,0 days 00:00:07.484080,0.06704745807327869,0.8420088814179398,16,0.058643881884064,0.14286432915096722,0.004287576889090039,0.053822580384059744,0.08729937892721133,0.08670001272538518,0.00025225647076085675,26,84,0.04252639637153622,0.0811599361020964,False,False,True,7.618833422321763e-05,COMPLETE
1245,0.5461353540420533,2025-03-31 22:14:23.476946,2025-03-31 22:14:30.805850,0 days 00:00:07.328904,0.04374901106569477,0.8955800286972646,16,0.05434938361715215,0.13890853749447526,0.016364959336217712,0.05136660473995547,0.09580555459079852,0.08684126670401424,0.00029252931159721367,25,93,0.04706468340743597,0.07469088414921515,False,False,True,4.006134802695521e-05,COMPLETE
1246,0.5455953478813171,2025-03-31 22:14:31.202480,2025-03-31 22:14:38.280150,0 days 00:00:07.077670,0.27608738728488713,0.8655499179930171,16,0.07730439450118777,0.10313062326532468,0.01353610809819703,0.06003725667097116,0.08255311229490309,0.08523097912589322,0.00023650424986595446,22,81,0.045050358779804456,0.0891842167687352,False,False,True,3.414210544530864e-05,COMPLETE
1247,0.326243007183075,2025-03-31 22:14:38.681980,2025-03-31 22:14:45.855610,0 days 00:00:07.173630,0.02894934812994504,0.8301432489854706,16,0.06850184268557644,0.13186795230141138,0.009377179171626426,0.01919846607514801,0.09318634523183027,0.08381096741572833,0.00033509694038860087,23,80,0.04188040853143151,0.08385908791993961,False,True,True,9.883929534863828e-05,COMPLETE
1248,0.565013325214386,2025-03-31 22:14:46.256340,2025-03-31 22:14:53.784954,0 days 00:00:07.528614,0.01027948969442549,0.8419565553758097,16,0.06186446340157871,0.1840103412633076,0.014812439584000223,0.05787248215963812,0.08958266056702364,0.08738743336730795,0.00023725556471412438,27,84,0.04433613703240468,0.0721157897138354,False,False,True,3.865955332896599e-05,COMPLETE
1249,0.3935165286064148,2025-03-31 22:14:54.184089,2025-03-31 22:15:02.161476,0 days 00:00:07.977387,0.06057984177640502,0.8758675130496707,16,0.05518063441017542,0.12134560520078189,0.012385226492840472,0.026422556430473452,0.09135406800500492,0.08833318683082948,0.0002845375766965915,26,61,0.04928602164677376,0.29262067507457246,False,False,False,6.198830943929532e-05,COMPLETE
1250,0.4958620309829712,2025-03-31 22:15:02.559311,2025-03-31 22:15:08.719218,0 days 00:00:06.159907,0.07098676014716217,0.8166430448193305,16,0.05189004809909434,0.14217408799680736,0.007917643170426794,0.049439080088791665,0.08694100487751602,0.08515363716187083,0.0003973515403517003,10,88,0.041662781126745124,0.09554991329985554,True,False,True,2.2610237686692464e-08,COMPLETE
1251,0.2964180886745453,2025-03-31 22:15:09.122706,2025-03-31 22:15:16.682023,0 days 00:00:07.559317,0.9991851903965876,0.840925809275541,16,0.05714345680571479,0.1792453067930008,0.0057785488724364335,0.05173693818170497,0.09839193850384581,0.09253103754259016,0.0002070334491847919,28,79,0.043239330252872674,0.07219922764993895,False,False,True,7.395979373974816e-05,COMPLETE
1252,0.5490937471389771,2025-03-31 22:15:17.091779,2025-03-31 22:15:24.474039,0 days 00:00:07.382260,0.03993091661650057,0.8174221940298059,16,0.06450667577933786,0.19331565242410306,0.010510941845420662,0.028759101715727358,0.09435460117268159,0.0865765931568209,0.0002379995958596076,25,96,0.04729310502484377,0.06771085851378424,False,False,True,9.408388123674489e-05,COMPLETE
1253,0.49766825437545775,2025-03-31 22:15:24.876197,2025-03-31 22:15:43.066265,0 days 00:00:18.190068,0.08174169198292977,0.8605124222961429,2,0.051329866513865736,0.17134865478531164,0.0031411712125196814,0.054549588424690036,0.0801297324337374,0.0838598858990387,0.0005182073866399972,24,82,0.04588047543417423,0.07627668778126906,False,False,True,4.807697304167864e-05,COMPLETE
1254,0.4700861215591431,2025-03-31 22:15:43.471332,2025-03-31 22:15:50.145881,0 days 00:00:06.674549,0.027430178736811577,0.8855110809650489,16,0.04874409767929373,0.1266053812414084,0.017416987514403497,0.03177852962620925,0.08851572402345234,0.08356904374481444,0.00017199365060164908,17,67,0.041563894953012964,0.07945519753731738,False,False,True,5.798758966747362e-05,COMPLETE
1255,0.537155544757843,2025-03-31 22:15:50.566322,2025-03-31 22:15:58.155069,0 days 00:00:07.588747,0.052305234805346545,0.8295873530972796,16,0.057000461640227276,0.1362507062531145,0.07526399925883165,0.05060884405519096,0.09721507011978997,0.09031015928327236,0.0002672428331963457,27,90,0.04019687986206777,0.034311272379094676,False,False,True,6.750890994293139e-05,COMPLETE
1256,0.5227643847465515,2025-03-31 22:15:58.561278,2025-03-31 22:16:06.220799,0 days 00:00:07.659521,0.026884266790916746,0.8063014227337973,16,0.07212807936316995,0.1468661641594427,0.013112441546230258,0.048333148832894565,0.09996511128809839,0.08824404561156737,0.019256536619925116,28,78,0.04397496814689175,0.08619990380857409,False,False,True,7.40702202630183e-05,COMPLETE
1257,0.5477240920066834,2025-03-31 22:16:06.625971,2025-03-31 22:16:15.388828,0 days 00:00:08.762857,0.058028824755876535,0.7999155295786451,8,0.04992388716914273,0.24789703937502977,0.009808540640416339,0.056525307602420756,0.09140912116140117,0.08579521540529124,0.00021272511324121573,25,86,0.051311375949974654,0.07749884293995833,False,False,True,7.3122572135185485e-06,COMPLETE
1258,0.5481221199035645,2025-03-31 22:16:15.799610,2025-03-31 22:16:23.279246,0 days 00:00:07.479636,0.08821224974895547,0.8470514140365201,16,0.06226701488705265,0.15499931402419936,0.01535499534954385,0.052141714314347054,0.08556391291326876,0.08406902874740825,0.00015274528566245122,27,74,0.04520588125267359,0.06657987212638082,False,False,True,4.511426335235477e-05,COMPLETE
1259,0.5152218699455262,2025-03-31 22:16:23.688844,2025-03-31 22:16:31.033528,0 days 00:00:07.344684,0.04129845723082575,0.8241627126968728,16,0.04642726933718306,0.16743371246015099,0.0010591821827649634,0.03323020840638989,0.09547568939679245,0.08578357987808562,0.0003256325956017326,26,64,0.042394382419397185,0.06863459190839336,False,False,True,9.824721803392832e-06,COMPLETE
1260,0.553564989566803,2025-03-31 22:16:31.440802,2025-03-31 22:16:38.692082,0 days 00:00:07.251280,0.07445821147195053,0.7846600178223068,16,0.05579844809226492,0.17644563342024794,0.007900164722459786,0.024014020072099226,0.0932131360417942,0.08209284022224851,0.00018703684704963973,24,76,0.04784280552707571,0.04289561219351974,False,False,True,1.9916933171957645e-05,COMPLETE
1261,0.5360740184783936,2025-03-31 22:16:39.096269,2025-03-31 22:16:46.300535,0 days 00:00:07.204266,0.011311383440031932,0.5767905222502919,16,0.04487827065903381,0.16134794028449367,0.02064086713512491,0.053221192993674074,0.08960183603253227,0.08455132479735022,0.00025272097298142596,23,99,0.03841780926756656,0.08268816192748743,False,False,True,1.910774734264724e-08,COMPLETE
1262,0.503170621395111,2025-03-31 22:16:46.708819,2025-03-31 22:16:54.107769,0 days 00:00:07.398950,0.054563441542429814,0.8116478725072925,16,0.06789643354989063,0.14517729498184004,0.004313431442329638,0.049084196040543454,0.08750499831681485,0.08168017351321936,0.00010924780233177015,26,81,0.04050340309240553,0.05652570278876088,False,False,True,2.8739062994547537e-08,COMPLETE
1263,0.5666607379913331,2025-03-31 22:16:54.510853,2025-03-31 22:17:01.707417,0 days 00:00:07.196564,0.028439045290984642,0.8617539921274185,16,0.05099870966952793,0.13274605054893052,0.011781638674701809,0.04748942103025393,0.08371891674723984,0.0888309410301655,0.00022187235164911078,24,70,0.043748752723713896,0.0721309276602012,False,False,True,1.225808863984312e-08,COMPLETE
1264,0.5603301644325257,2025-03-31 22:17:02.117526,2025-03-31 22:17:09.310047,0 days 00:00:07.192521,0.025546944242719766,0.8913155718120102,16,0.06377578719841544,0.12482607466879142,0.009404359914243165,0.04712745840047204,0.08315858372226131,0.09049288023875633,0.00037660753129653985,24,65,0.04692871748769911,0.07795903838566151,False,False,True,1.3170060357188375e-08,COMPLETE
1265,0.5327186346054078,2025-03-31 22:17:09.713051,2025-03-31 22:17:16.908292,0 days 00:00:07.195241,0.01001919405037549,0.8764105732013792,16,0.05660554202674064,0.12924698429347128,0.00667540585489465,0.04704728099299961,0.08065017312962926,0.09047282819386664,0.0016659814887047867,23,102,0.04583018980003883,0.09028096473839153,False,False,True,1.3136514259171953e-08,COMPLETE
1266,0.32435978651046754,2025-03-31 22:17:17.310759,2025-03-31 22:17:24.508143,0 days 00:00:07.197384,0.025169723623394417,0.8830894847230158,16,0.06223798021213999,0.12066738705610736,0.011614254954625342,0.048061781200018056,0.07850528877332791,0.09142800100620246,0.0003004710489083623,24,67,0.049923348113152737,0.08369852768940772,False,True,True,1.1453341084719052e-08,COMPLETE
1267,0.5663612723350525,2025-03-31 22:17:24.912426,2025-03-31 22:17:32.112890,0 days 00:00:07.200464,0.010967815676471551,0.8546803807881204,16,0.05224624012122831,0.131027930807282,0.009484803073774922,0.04586844565579267,0.08084912227129572,0.08829668109190086,0.00027196762345743864,24,69,0.044600642732243095,0.07567252051560978,False,False,True,1.5732614933419566e-08,COMPLETE
1268,0.39376010894775393,2025-03-31 22:17:32.519350,2025-03-31 22:17:40.256705,0 days 00:00:07.737355,0.030520468475168164,0.862935228541517,16,0.05745443293170439,0.12378377317702152,0.03175223177332975,0.048429095944022726,0.0819620393705925,0.08609170015969259,0.00022901290767251612,23,106,0.04847786890009718,0.07386354504005356,False,False,False,1.2246574283907215e-08,COMPLETE
1269,0.5584296822547913,2025-03-31 22:17:40.660307,2025-03-31 22:17:47.854795,0 days 00:00:07.194488,0.040527934495020464,0.9054340810151867,16,0.07271868148145527,0.1358655289351852,0.00751103745291984,0.04993619135542172,0.08351258708248398,0.08814402186380933,0.0003155378653423714,24,71,0.04595133086679578,0.08065107968841537,False,False,True,1.0148014894454949e-08,COMPLETE
1270,0.28124560713768004,2025-03-31 22:17:48.262166,2025-03-31 22:17:55.460298,0 days 00:00:07.198132,0.9097901816864158,0.8682139898040835,16,0.052341605003524284,0.13268747568296024,0.010701492209257136,0.04624635737742518,0.08362022864215472,0.09064260166153791,0.00022747092490810132,23,65,0.04332407644681677,0.07179872438217691,True,False,True,1.6146805398086532e-08,COMPLETE
1271,0.5705789804458619,2025-03-31 22:17:55.880491,2025-03-31 22:18:03.129001,0 days 00:00:07.248510,0.028826452106633947,0.8530077073420994,16,0.05931060052795283,0.116943516487043,0.005225806621757436,0.02017254275732307,0.08420865299561225,0.08990623144095834,0.00026590982137374744,24,68,0.0441383603069569,0.09325330230664632,False,False,True,1.2022853141503063e-08,COMPLETE
1272,0.5605410575866699,2025-03-31 22:18:03.538633,2025-03-31 22:18:10.688767,0 days 00:00:07.150134,0.03954955842606048,0.8401331766009981,16,0.0770490566724844,0.10924282139111605,0.003993765642618382,0.018973603939178112,0.08473392419611622,0.09343979061297515,0.00039604154436125065,23,65,0.04679225130119023,0.08770079772944638,False,False,True,1.4634826681556673e-08,COMPLETE
1273,0.5483118176460267,2025-03-31 22:18:11.103343,2025-03-31 22:18:18.303205,0 days 00:00:07.199862,0.5061494293411357,0.8331289524195006,16,0.06523242231826817,0.11029742403248835,0.005147606615898723,0.02014114216303012,0.078678771232633,0.09216137076523992,0.0002985815298560038,24,67,0.04821933692195492,0.0882370503874635,False,False,True,1.0070427909478632e-08,COMPLETE
1274,0.504819917678833,2025-03-31 22:18:18.717942,2025-03-31 22:18:26.059258,0 days 00:00:07.341316,0.024584109753884982,0.9058337702509615,16,0.06826474214395045,0.10679225694243168,0.004845057275046136,0.024063900710830654,0.08555229283739448,0.09354143477145316,0.00046195242111854136,25,61,0.045020030710391484,0.08967769262665762,False,False,True,1.8911321896616638e-08,COMPLETE
1275,0.5024402737617493,2025-03-31 22:18:26.472353,2025-03-31 22:18:44.716169,0 days 00:00:18.243816,0.04653401092329859,0.8546635182378736,2,0.16923572594984856,0.11137290394985999,0.0031208235267657144,0.016564612465472757,0.08511034494191162,0.09123514930079574,0.0003542235263214535,24,61,0.042824535449706096,0.10167461604970998,False,False,True,1.610078408476636e-08,COMPLETE
1276,0.5120135068893432,2025-03-31 22:18:45.125586,2025-03-31 22:18:52.508755,0 days 00:00:07.383169,0.011107996487889031,0.8386519018410488,16,0.060738560619884106,0.11250203248491017,0.0030107251736146935,0.018284849435935766,0.08120070712957347,0.08991124956363152,0.00034954202589784083,25,63,0.04575955923409656,0.09540507043582006,False,False,True,1.220493201043646e-08,COMPLETE
1277,0.5142716407775879,2025-03-31 22:18:52.917067,2025-03-31 22:19:00.193997,0 days 00:00:07.276930,0.048304069797462164,0.8175504533662683,16,0.07131766571600345,0.10486930020554597,0.004943457047172937,0.02114893903528424,0.08189521535029834,0.08183105353311726,0.00027571996357965547,25,68,0.04390334714200009,0.08962936602614902,False,False,True,1.840455566612116e-08,COMPLETE
1278,0.5677831649780274,2025-03-31 22:19:00.604197,2025-03-31 22:19:07.775299,0 days 00:00:07.171102,0.010007210321451961,0.8538982915562843,16,0.06518455288698251,0.12088658196277549,0.0064498151422783916,0.019584887543861913,0.086396104619757,0.08772560126384132,0.00027442856770323404,24,70,0.05160647423365449,0.08201075710361995,False,False,True,1.2330745466602834e-08,COMPLETE
1279,0.5334131836891174,2025-03-31 22:19:08.189719,2025-03-31 22:19:16.899863,0 days 00:00:08.710144,0.010044090881671177,0.8718349846316411,8,0.07755548861054135,0.11677937743184992,0.006599178854358475,0.019359410093599986,0.08316922236154214,0.08775691663423572,0.00041363785008674374,24,57,0.05344564025036585,0.08473129610731489,False,False,True,1.1867182152258169e-08,COMPLETE
1280,0.564585018157959,2025-03-31 22:19:17.312079,2025-03-31 22:19:24.418797,0 days 00:00:07.106718,0.027434945235267454,0.8789149765566154,16,0.06875679216662954,0.12174139517306863,0.0074238762170482225,0.016742080802364546,0.07629338627143688,0.08959443599144372,0.00025609330902152716,23,67,0.05245131408439083,0.09290096554048549,False,False,True,1.2658565071206008e-08,COMPLETE
1281,0.559823739528656,2025-03-31 22:19:24.828508,2025-03-31 22:19:32.008123,0 days 00:00:07.179615,0.025385105093506923,0.8868020537388018,16,0.06387243857278287,0.11471911401272232,0.005961651005662729,0.021287312748952947,0.08589522519495776,0.088813699807795,0.00034240390542616636,22,71,0.05369412367426391,0.0930879875063635,False,False,True,1.0131773813103428e-08,COMPLETE
1282,0.5662432551383972,2025-03-31 22:19:32.427542,2025-03-31 22:19:39.756799,0 days 00:00:07.329257,0.010010442020326383,0.855020575882241,16,0.058654542236383354,0.10115402197676726,0.008174366406429304,0.018936620159746627,0.08455579230173463,0.09451697822302094,0.00020640687933945608,25,64,0.05241871038837841,0.08439867138403434,False,False,True,1.486572364003905e-08,COMPLETE
1283,0.5675700783729554,2025-03-31 22:19:40.167033,2025-03-31 22:19:47.551821,0 days 00:00:07.384788,0.021461001061475145,0.9041041450379175,16,0.06652277125523524,0.1102155829342128,0.007062221272561281,0.022209460907967507,0.07389251872294249,0.08856449795161617,0.00025823980494010747,25,69,0.04925798867351124,0.09598735780387208,False,False,True,1.0062422076707302e-08,COMPLETE
1284,0.5477601885795593,2025-03-31 22:19:47.977465,2025-03-31 22:19:55.280294,0 days 00:00:07.302829,0.010439480133332568,0.9017124432151771,16,0.08432477364039673,0.10254010531784613,0.0058859975967020615,0.021295138807578686,0.08215711520373137,0.09050664645881884,0.0006288250154517633,24,66,0.05511083444566961,0.11249118936668626,False,False,True,1.1700456895500016e-08,COMPLETE
1285,0.5468014001846314,2025-03-31 22:19:55.696132,2025-03-31 22:20:03.029813,0 days 00:00:07.333681,0.030702982618409917,0.8976447964068577,16,0.07933737849320645,0.10918946339540517,0.005745908674819373,0.021964207993227222,0.07611251768512826,0.08748924372413079,0.0005082143692285655,25,67,0.05214194393989208,0.1029683134852822,False,False,True,1.1963058375945465e-08,COMPLETE
1286,0.32516523599624636,2025-03-31 22:20:03.445523,2025-03-31 22:20:10.706348,0 days 00:00:07.260825,0.02942694182944417,0.9116424383345934,16,0.0729660246314581,0.10684999167966305,0.0062440566289882204,0.02183996939362002,0.07461179839555974,0.09231456527469453,0.00030884089044288957,24,63,0.05220928731568585,0.09798785602952623,False,True,True,1.0485310511391973e-08,COMPLETE
1287,0.551561975479126,2025-03-31 22:20:11.120652,2025-03-31 22:20:18.300922,0 days 00:00:07.180270,0.057733287046904135,0.9245010431340681,16,0.06396168146456498,0.1156383820906771,0.007448215522522388,0.0202729406517425,0.08575831598069024,0.08971053969328437,0.0004019712692474559,23,70,0.05053676405289616,0.08910846696667868,False,False,True,1.4135742723104965e-08,COMPLETE
1288,0.39511923789978026,2025-03-31 22:20:18.716039,2025-03-31 22:20:26.537244,0 days 00:00:07.821205,0.01033842804958804,0.9303695196657602,16,0.06559997192330398,0.11374254760573485,0.0034759662606456123,0.059621597084240446,0.07876766154698447,0.09182796979620127,0.0003340515862224503,24,65,0.05076847324179927,0.09470265622949071,False,False,False,1.014855941423408e-08,COMPLETE
1289,0.4679017424583435,2025-03-31 22:20:26.952559,2025-03-31 22:20:34.422304,0 days 00:00:07.469745,0.010182776631726792,0.8792094662933613,16,0.0709868283573759,0.11842139286928237,0.006727741222922266,0.020539477070668458,0.06419613343020247,0.08946146220724809,0.00029058208899667017,25,69,0.05114411714324179,0.11134647830282354,True,False,True,1.4383783934661287e-08,COMPLETE
