number,value,datetime_start,datetime_complete,duration,params_alpha-eval,params_alpha-train,params_batch-size,params_eps-eval,params_eps-train,params_lambda-actions-eval,params_lambda-actions-train,params_lambda-frames-eval,params_lambda-frames-train,params_learning-rate,params_n-epochs,params_n-frames,params_radius-gw,params_rho,params_std-feats,params_ub-actions,params_ub-frames,params_weight-decay,state
170,0.39956799745559696,2025-03-31 19:49:02.608141,2025-03-31 19:49:09.871530,0 days 00:00:07.263389,0.1678198943241962,0.16013923208077702,16,0.028327658666754737,0.1008167122479236,0.0973927296851643,0.07719686504292321,0.09996702990338613,0.08421697959840277,1.0383097550835476e-05,25,64,0.05558752233074413,0.08714340621130218,False,False,True,3.02985505043204e-08,COMPLETE
171,0.5530093908309937,2025-03-31 19:49:09.926089,2025-03-31 19:49:16.986463,0 days 00:00:07.060374,0.196281902048075,0.9266843346353631,16,0.020646803359354142,0.08026194123884338,0.09560119790162652,0.06874734929647532,0.09539803342354253,0.09163459911774158,0.0002547922427092598,23,53,0.058114316630777305,0.07183192126592672,False,False,True,2.550371623948598e-08,COMPLETE
172,0.5067180037498474,2025-03-31 19:49:17.050918,2025-03-31 19:49:24.187466,0 days 00:00:07.136548,0.18921664335915578,0.9106678224506869,16,0.016240211898380586,0.09410666986248258,0.09517979634718705,0.07283277594366808,0.058333819417994454,0.09105764828957347,0.00023767692312303828,24,52,0.0510999639537299,0.07638237446277057,False,False,True,3.620114462309059e-08,COMPLETE
173,0.5379525423049927,2025-03-31 19:49:24.242145,2025-03-31 19:49:31.466952,0 days 00:00:07.224807,0.14197665565956197,0.9329416468266752,16,0.00531267603487328,0.08728596206740495,0.09991103013182705,0.06977685751207906,0.09531719372217859,0.08871194366711636,0.00015532234993270982,25,58,0.06248880346819176,0.05812949824181245,False,False,True,4.9721155038708213e-08,COMPLETE
174,0.5437785983085632,2025-03-31 19:49:31.523561,2025-03-31 19:49:38.612282,0 days 00:00:07.088721,0.22360383380285204,0.9618998329384829,16,0.058173163620051135,0.07761914256615084,0.0973546664392909,0.06643661812875125,0.09286040443197568,0.09158078209983145,0.0002829368771087531,23,60,0.05943256393665019,0.06873822010136488,False,False,True,3.315341699069397e-08,COMPLETE
175,0.39298758506774906,2025-03-31 19:49:38.667872,2025-03-31 19:49:45.804152,0 days 00:00:07.136280,0.16172731740066662,0.9843459919919034,16,0.02130736796234481,0.10531090926103993,0.09383424047883844,0.06286553964840201,0.09677006217903172,0.002055555427347415,0.00035118673255651124,24,54,0.05669979629400795,0.10056596916882928,False,False,True,2.6731823668313688e-08,COMPLETE
176,0.5470293521881103,2025-03-31 19:49:45.861047,2025-03-31 19:49:53.220317,0 days 00:00:07.359270,0.11792306019804175,0.9380834591838528,16,0.03990526494294832,0.09696755791038325,0.09597016422660698,0.0693596492254125,0.0901837284901668,0.086160455910492,0.00019388765139713424,26,64,0.05315718447999867,0.07952243898995574,False,False,True,6.90616682035876e-08,COMPLETE
177,0.47787008285522464,2025-03-31 19:49:53.277513,2025-03-31 19:50:00.554768,0 days 00:00:07.277255,0.11956441382858647,0.9416344098969546,16,0.02723612753700603,0.09567251231866906,0.09630233791841113,0.06884337801621974,0.08907029716019571,0.0851197853675017,0.00011994896649060482,25,63,0.052501206473430435,0.0781813835280867,False,False,True,7.086398181696692e-08,COMPLETE
178,0.5400676131248474,2025-03-31 19:50:00.611775,2025-03-31 19:50:07.811227,0 days 00:00:07.199452,0.14637684195915923,0.9619628615947634,16,0.04158108791176904,0.08911695059682358,0.09478863264974373,0.07207418902009605,0.09393560415908271,0.08098432854873477,0.00020643182228513023,24,59,0.05392097828263237,0.06499753524506713,False,False,True,5.412549559144771e-08,COMPLETE
179,0.4333293795585632,2025-03-31 19:50:07.869170,2025-03-31 19:50:14.948366,0 days 00:00:07.079196,0.18885881444597266,0.9124427483007986,16,0.01909991762320322,0.09970703494355922,0.09724464318512799,0.07576332857305898,0.09046157485292307,0.08732914032074729,5.9546924552744804e-05,23,51,0.049823075172179494,0.04718724249357548,False,False,True,4.453679843144495e-08,COMPLETE
180,0.4604147791862488,2025-03-31 19:50:15.006999,2025-03-31 19:50:21.896330,0 days 00:00:06.889331,0.11364685427166411,0.4977570796245713,16,0.04698012331281254,0.07843270315577162,0.09993791672308788,0.07959302904355017,0.09800136181643637,0.08979170330274175,9.941653863356013e-05,21,68,0.04792033467713102,0.07252576804971737,False,False,True,3.9263312648928656e-08,COMPLETE
181,0.5333138346672058,2025-03-31 19:50:21.963990,2025-03-31 19:50:29.264517,0 days 00:00:07.300527,0.6390748014552413,0.8925512037403898,16,0.010810524599762278,0.11157263126796967,0.09312456447593877,0.06557738062184074,0.09996832949110078,0.09182024283189036,0.0001711113837643564,26,66,0.0567598910524349,0.08155382694195723,False,False,True,8.092521238961887e-08,COMPLETE
182,0.5514376044273377,2025-03-31 19:50:29.322943,2025-03-31 19:50:36.605072,0 days 00:00:07.282129,0.20997619926723537,0.9299864060171209,16,0.0004931859026593968,0.10607354051003393,0.090437607743809,0.06874476966101409,0.09576590828474205,0.08714635890943838,0.00024602152232067713,25,63,0.059669523484000335,0.0858663052152122,False,False,True,6.17295139833644e-08,COMPLETE
183,0.5548170804977417,2025-03-31 19:50:36.664614,2025-03-31 19:50:43.889269,0 days 00:00:07.224655,0.21056809357172385,0.9312330587753916,16,0.002448383682747802,0.10525020184071099,0.09780246412928945,0.06418269844039502,0.09550808245699235,0.08683941791170247,0.00025576588035499504,25,59,0.05503028899520926,0.08801812133193354,False,False,True,6.005123414633728e-08,COMPLETE
184,0.5514375686645508,2025-03-31 19:50:43.948863,2025-03-31 19:50:51.215569,0 days 00:00:07.266706,0.1977240911651158,0.9340060385878926,16,0.002469586192502568,0.10458779371767966,0.09555931507258564,0.06329440478156265,0.09575078292882479,0.08684093472953057,0.0002634216172123901,25,54,0.061714503790500495,0.08782965412350781,False,False,True,9.8389941411906e-08,COMPLETE
185,0.5437006115913392,2025-03-31 19:50:51.275328,2025-03-31 19:50:58.465394,0 days 00:00:07.190066,0.2001036722879264,0.9606626201912141,16,0.0010397525020982754,0.10773829178228383,0.09376963524921962,0.06445507611504445,0.09552372730043131,0.08895542928865742,0.0002685541146773812,25,54,0.06171287758370786,0.09574921929742204,False,False,True,1.079044320515769e-07,COMPLETE
186,0.5573182106018066,2025-03-31 19:50:58.524974,2025-03-31 19:51:05.732172,0 days 00:00:07.207198,0.20957463372281815,0.9263743101575541,16,0.00034518397773454414,0.1037435091175076,0.09040409899065786,0.06310502810870687,0.092807768206307,0.08414821902712197,0.00034272003616763445,24,58,0.06043769433310815,0.09019913234868722,False,False,True,6.176978999569295e-08,COMPLETE
187,0.5387913823127747,2025-03-31 19:51:05.792704,2025-03-31 19:51:12.998298,0 days 00:00:07.205594,0.2127604618949577,0.9231481405075456,16,0.0012486371196957988,0.10461004079352179,0.08959299021699062,0.06336318442619686,0.09292841536269866,0.08437985173270578,0.00024376123864279807,24,49,0.0678136868157084,0.08952165365055186,False,False,True,1.3572917197611836e-07,COMPLETE
188,0.5405311226844788,2025-03-31 19:51:13.058179,2025-03-31 19:51:20.300178,0 days 00:00:07.241999,0.1882659782946731,0.9823597501254676,16,0.008729276875342667,0.08701273210196118,0.09745577201020507,0.06080312658172938,0.09584401852413367,0.08728959235553277,0.0003283929568180578,25,58,0.06286308674340571,0.08537278555797324,False,False,True,6.087431930541912e-08,COMPLETE
189,0.5477317333221435,2025-03-31 19:51:20.360750,2025-03-31 19:51:27.555234,0 days 00:00:07.194484,0.24901545298750233,0.9426134390369302,16,0.01529022836568055,0.11208792917214652,0.08954091009220733,0.06641207244509216,0.09353805660465421,0.09214697174401469,0.00030722557295790513,24,52,0.0604231721419666,0.109378253080444,False,False,True,8.290263134981856e-08,COMPLETE
190,0.41933845281600957,2025-03-31 19:51:27.624941,2025-03-31 19:51:34.698677,0 days 00:00:07.073736,0.21144311079992334,0.38754600084953494,16,0.005669209637680772,0.0917370190294447,0.09568992326493682,0.06007779098989346,0.03200853230645313,0.07968799012656595,0.00023679371108225363,23,54,0.059479326366782284,0.09637885015173532,False,False,True,5.443097269995385e-08,COMPLETE
191,0.5455467700958252,2025-03-31 19:51:34.760348,2025-03-31 19:51:41.944147,0 days 00:00:07.183799,0.22985781447767673,0.948001789474467,16,0.015007449245124135,0.11145205799790898,0.08927389932974242,0.06692568395812576,0.09366126389075723,0.09120071874072054,0.0002886258179790256,24,51,0.06135006753752975,0.10825536235340186,False,False,True,9.1421037444207e-08,COMPLETE
192,0.3937053442001343,2025-03-31 19:51:42.005559,2025-03-31 19:51:49.160151,0 days 00:00:07.154592,0.2586615312252715,0.3193269036609161,16,0.015337026799367402,0.10254786944972426,0.0930981815308013,0.06549859526519594,0.09703333339134122,0.08768654395100621,0.0003620879157197195,24,58,0.06018819748494382,0.08796924513665286,False,False,True,7.462363991429105e-08,COMPLETE
193,0.5531353473663331,2025-03-31 19:51:49.223187,2025-03-31 19:51:56.398765,0 days 00:00:07.175578,0.24183679998110838,0.9338848211365933,16,0.0010016569520063592,0.1067210892142711,0.09074070809383461,0.06847956648125421,0.09184316737686608,0.09286755040544852,0.00030377483523152845,25,55,0.05758514272070098,0.10068647536332664,False,False,True,4.696428116663023e-08,COMPLETE
194,0.5569643497467042,2025-03-31 19:51:56.460604,2025-03-31 19:52:03.696947,0 days 00:00:07.236343,0.1728987829299016,0.9175390270813383,16,0.0021020446545402384,0.10519089447371077,0.09739581131866698,0.07160120696313645,0.09187080053358009,0.09288872697423439,0.00022487137088711393,25,55,0.0556706397137815,0.07492392127995103,False,False,True,2.9057593256255323e-08,COMPLETE
195,0.543653929233551,2025-03-31 19:52:03.759141,2025-03-31 19:52:10.997715,0 days 00:00:07.238574,0.16472559302139675,0.9190603714069782,16,0.0009710225314691287,0.1055618641223878,0.09779052905072076,0.07130313096457445,0.09142260578145579,0.08369714118598075,0.0002073581790914595,25,54,0.05560758577513499,0.09986611788781778,False,False,True,5.169575946359597e-08,COMPLETE
196,0.48359963893890384,2025-03-31 19:52:11.061795,2025-03-31 19:52:18.291969,0 days 00:00:07.230174,0.19195283796023555,0.973080085963663,16,0.006031255776175902,0.10219926678428981,0.09486603764011031,0.06841136417960426,0.08774982554201133,0.09012373309395622,0.0003411530736676476,25,46,0.06299926933196164,0.09030482732588645,False,False,True,4.2821835330012885e-08,COMPLETE
197,0.5593693852424622,2025-03-31 19:52:18.356080,2025-03-31 19:52:25.600325,0 days 00:00:07.244245,0.1723371214032168,0.9109229149247116,16,0.0002654589100875921,0.09567818314433348,0.09816822270006126,0.07293748566595885,0.09520147903750523,0.08550472418176905,0.00022659335788966924,25,61,0.05764001941935796,0.08300104589189466,False,False,True,3.046539210130349e-08,COMPLETE
198,0.38383016586303714,2025-03-31 19:52:25.672044,2025-03-31 19:52:32.963537,0 days 00:00:07.291493,0.20539156444031373,0.9088881413102436,16,0.007332947524229142,0.10924097736737745,0.09556557273261791,0.07235313303145799,0.0919495778568135,0.04341247375309407,0.00022012591630001562,25,60,0.05696178146748262,0.08305414639194056,False,True,True,3.3639094035616344e-08,COMPLETE
199,0.28286103010177616,2025-03-31 19:52:33.028214,2025-03-31 19:52:40.626384,0 days 00:00:07.598170,0.1471105364294876,0.9994486627559233,16,0.0010566275676662578,0.09312035059428245,0.09801024498385395,0.06964848750082403,0.0955949150439512,0.08484784923378626,0.0001438840811812181,24,60,0.0546857913400973,0.09250757934579369,False,False,False,2.6298217855362465e-08,COMPLETE
200,0.48842509984970095,2025-03-31 19:52:40.690773,2025-03-31 19:52:47.372416,0 days 00:00:06.681643,0.18474297021234148,0.8852792765652044,16,0.009675185998662288,0.11682215481203531,0.09059408599051995,0.07428722702910122,0.09482674334249476,0.08609055138012216,0.00036641554704373283,18,49,0.05854025304564015,0.08083501022672113,False,False,True,3.3290546400789485e-08,COMPLETE
201,0.5569244623184204,2025-03-31 19:52:47.437415,2025-03-31 19:52:54.674134,0 days 00:00:07.236719,0.1621028320424127,0.9264432392919896,16,0.0011583714650164091,0.10011423190690859,0.09994457060989544,0.06352522447195758,0.09763962139347869,0.08841816132519031,0.000248966844238869,25,56,0.05744694979146939,0.07514308498874395,False,False,True,6.304119004726725e-08,COMPLETE
202,0.5561013102531434,2025-03-31 19:52:54.738778,2025-03-31 19:53:02.018389,0 days 00:00:07.279611,0.17483885919181344,0.9239025465693564,16,0.006084400004584802,0.10055309332760251,0.09929888664069632,0.06836005380929859,0.0927628797840879,0.08788155295451645,0.00024340908805725223,25,62,0.05505963615602289,0.07724311642070845,False,False,True,6.372542849232579e-08,COMPLETE
203,0.5292731404304505,2025-03-31 19:53:02.083555,2025-03-31 19:53:09.343511,0 days 00:00:07.259956,0.21038765939628284,0.9579088850858052,16,0.0015660223917199627,0.10164431230926928,0.09996824827750864,0.06758092765557608,0.09177160163363562,0.08803252995209389,0.000176500015946322,25,55,0.055240102119249956,0.07621594117305187,False,False,True,5.990943257890478e-08,COMPLETE
204,0.551378870010376,2025-03-31 19:53:09.408988,2025-03-31 19:53:16.634180,0 days 00:00:07.225192,0.18309955309741704,0.9059020547147246,16,0.0067071070155362116,0.10768115246659854,0.09834652113830258,0.06511017752922145,0.08909809059480107,0.08305534428730622,0.00029514939269860977,24,62,0.058168562367740526,0.06969749624389364,False,False,True,6.643808505986516e-08,COMPLETE
205,0.5504166960716248,2025-03-31 19:53:16.710037,2025-03-31 19:53:23.924111,0 days 00:00:07.214074,0.17914531007681123,0.9156316544793617,16,0.0006400757204178052,0.10775138712889877,0.0981623999005687,0.06414777192557479,0.08860036941304203,0.0818832481970888,0.00028757931084489544,24,63,0.05841360197251109,0.06161979683283035,False,False,True,6.515866129348282e-08,COMPLETE
206,0.4791429996490479,2025-03-31 19:53:23.990523,2025-03-31 19:53:31.430083,0 days 00:00:07.439560,0.14677784080897177,0.8721016281541533,16,0.008761443343770877,0.11520196982163154,0.0979840979900955,0.0700580833058427,0.09154956590661627,0.08301014578769197,0.00020242591616887224,26,61,0.060673671449813026,0.08561016559037404,True,False,True,9.389239814721993e-08,COMPLETE
207,0.5269410967826844,2025-03-31 19:53:31.495544,2025-03-31 19:53:40.287211,0 days 00:00:08.791667,0.1913570340235963,0.9040236245589269,8,0.012350529772255153,0.10249349734839584,0.09620627557453837,0.06571563442451547,0.09008713690669684,0.08608820013344912,0.0003640624702196694,25,54,0.06286490503983537,0.06915002664890679,False,False,True,1.1749243618151671e-07,COMPLETE
208,0.49069641828536986,2025-03-31 19:53:40.354367,2025-03-31 19:53:47.678948,0 days 00:00:07.324581,0.7990664367721899,0.927542091446192,16,0.006132327854001163,0.1083651416013452,0.09982113991703485,0.06836760748465351,0.09558325259142338,0.08523513743365596,0.00013905214430446234,25,62,0.05741701251216171,0.07902480572816535,False,False,True,4.469885928300772e-08,COMPLETE
209,0.4737543821334839,2025-03-31 19:53:47.745365,2025-03-31 19:53:54.847055,0 days 00:00:07.101690,0.23686322563532153,0.8981879420325631,16,0.01816600560192563,0.0999236486526128,0.09995087538164987,0.06176766637528858,0.0870942473582245,0.08860116873053375,0.00023598152385807735,24,20,0.05974956600816525,0.055606046111788175,False,False,True,6.460656184914453e-08,COMPLETE
210,0.49841544628143314,2025-03-31 19:53:54.913035,2025-03-31 19:54:02.270541,0 days 00:00:07.357506,0.15029577889249043,0.8760879304241702,16,0.00047137021988555826,0.2219496686526129,0.0965776798258569,0.07089554809524773,0.09331832114857645,0.0792452085986945,0.0003070699511699225,26,107,0.055465584051280464,0.06751009186131164,False,False,True,4.300500696433319e-08,COMPLETE
211,0.5486408114433289,2025-03-31 19:54:02.339752,2025-03-31 19:54:09.517094,0 days 00:00:07.177342,0.2048588566816606,0.9563814558618841,16,0.00696464979857298,0.09107887754090076,0.09783610291241855,0.05013833213663121,0.09419728766461653,0.08690510669365158,0.0002531097719621296,24,58,0.054157736098148855,0.07451600740644454,False,False,True,7.885713699366739e-08,COMPLETE
212,0.5531384706497193,2025-03-31 19:54:09.584380,2025-03-31 19:54:16.819544,0 days 00:00:07.235164,0.17425422131952487,0.934403599413668,16,0.012309535990118416,0.1143895120258148,0.09350306865502991,0.05910961556784178,0.09664508661687073,0.056210787024748354,0.00028574433495484993,25,58,0.057640819715801664,0.08424639524216336,False,False,True,5.5729203251731076e-08,COMPLETE
213,0.5485943078994752,2025-03-31 19:54:16.896211,2025-03-31 19:54:24.103279,0 days 00:00:07.207068,0.16926870617088277,0.9260621298594305,16,0.01178392097757982,0.11260044812637046,0.093306465896096,0.05947165076969862,0.09643641935058848,0.08304109773518345,0.00019485951754947162,25,56,0.05823661141685421,0.08377294941151253,False,False,True,5.5312235513266164e-08,COMPLETE
214,0.5507415294647217,2025-03-31 19:54:24.172827,2025-03-31 19:54:31.470707,0 days 00:00:07.297880,0.18439412307696984,0.9081743702547952,16,0.006123340242314529,0.11586458426429344,0.0957473028622669,0.06349063159424187,0.09704943769842532,0.05927039252006076,0.000369394623071951,26,53,0.06410167282579676,0.08837863907502469,False,False,True,4.539262873628611e-08,COMPLETE
215,0.5575681686401368,2025-03-31 19:54:31.539579,2025-03-31 19:54:38.850293,0 days 00:00:07.310714,0.1331813029688618,0.9388589633531013,16,0.013772300240938475,0.10622354000649273,0.09345117348386348,0.0682482286880566,0.09254559863809748,0.06952882003908786,0.0003010727614204096,25,58,0.061296163714662184,0.07908261804848168,False,False,True,6.883053772548237e-08,COMPLETE
216,0.5204405426979065,2025-03-31 19:54:38.921924,2025-03-31 19:54:46.192818,0 days 00:00:07.270894,0.12932609976375384,0.938073041405418,16,0.017644296734202015,0.0994862336432903,0.09294110327538126,0.06826855360996682,0.09278393558285446,0.05561629698741346,0.00016349825064719098,25,57,0.06145502406414197,0.08054759628097939,False,False,True,1.604499411086503e-07,COMPLETE
217,0.4823027014732361,2025-03-31 19:54:46.261765,2025-03-31 19:54:53.603813,0 days 00:00:07.342048,0.15266316489631487,0.971516980192593,16,0.013467053956014947,0.10454053558442052,0.09392605024985201,0.07127211294069351,0.0957188904139315,0.06473758118561829,0.00023963466471933824,26,49,0.06003183903831371,0.09799965853856346,False,False,True,9.374733985885469e-08,COMPLETE
218,0.5201766252517701,2025-03-31 19:54:53.673443,2025-03-31 19:55:00.892735,0 days 00:00:07.219292,0.13424354956192586,0.9330257115951242,16,0.0003632537768109023,0.09778372814017246,0.0912118828903493,0.07371391302054953,0.09825650523956682,0.039634932585966696,0.000317674024021674,25,52,0.056134601135905945,0.08731920609596854,False,False,True,3.8794430362419896e-08,COMPLETE
219,0.541860592365265,2025-03-31 19:55:00.962948,2025-03-31 19:55:08.217408,0 days 00:00:07.254460,0.2168075632571627,0.9462732965103368,16,0.010318073955044792,0.11461508339383107,0.08777669407856047,0.058799605776546665,0.019455017122825366,0.07506387812417438,0.00020792894123578055,25,58,0.062429878869831354,0.07731277061469968,False,False,True,5.463569225692334e-08,COMPLETE
220,0.5315140843391419,2025-03-31 19:55:08.297649,2025-03-31 19:55:15.601845,0 days 00:00:07.304196,0.1648344400561258,0.9815358379354344,16,0.01999399194407246,0.10831717704611458,0.09649320931768468,0.03410883444546485,0.09491107365148997,0.06900858832074354,0.0003898039850622337,26,56,0.06521146601372092,0.1029732715483192,False,False,True,7.613240942113406e-08,COMPLETE
221,0.5475032448768616,2025-03-31 19:55:15.671569,2025-03-31 19:55:22.836221,0 days 00:00:07.164652,0.20016785397918796,0.9153270604913868,16,0.00501119209807787,0.10563590121699704,0.09800701318824914,0.06538439279550819,0.09059390569403987,0.05029064789985624,0.00026824237037579283,24,62,0.05758411270957409,0.07073783358550216,False,False,True,5.93044812126524e-08,COMPLETE
222,0.5520256161689758,2025-03-31 19:55:22.906490,2025-03-31 19:55:30.089229,0 days 00:00:07.182739,0.1719206228088182,0.8892842547856049,16,0.0004735786558102606,0.1096472854551409,0.09828069144706508,0.0670073236289813,0.09329686805075829,0.08949588591250231,0.00029976212714258245,24,61,0.058789751825180446,0.06449964651417137,False,False,True,7.13619148220032e-08,COMPLETE
223,0.5577859878540039,2025-03-31 19:55:30.160975,2025-03-31 19:55:37.390671,0 days 00:00:07.229696,0.16622611297618617,0.8869461138490673,16,0.00011620209238194892,0.11946447453997883,0.09467310688070757,0.06744047293654085,0.09282646963714138,0.08903618704652104,0.0002527612011311104,25,60,0.0602789803322759,0.06143886486451851,False,False,True,4.481112248908692e-08,COMPLETE
224,0.5509476780891419,2025-03-31 19:55:37.462557,2025-03-31 19:55:44.653080,0 days 00:00:07.190523,0.16002905700311446,0.884124134299602,16,0.0002683955279277482,0.12041879896970649,0.09426733297243284,0.06907363581127277,0.09291758762598172,0.08966084915285562,0.0002133971819636679,23,60,0.059420883357151615,0.06058567840422026,False,False,True,2.2936651395346087e-08,COMPLETE
225,0.5292604088783265,2025-03-31 19:55:44.725983,2025-03-31 19:55:52.010867,0 days 00:00:07.284884,0.13187003067090217,0.5892156757680242,16,0.01215424496028206,0.11367239408358215,0.09185721005645019,0.06710913279671771,0.09761415844407692,0.05737507435902999,0.00032499833106213464,25,63,0.05604152618027613,0.06453588593730353,False,False,True,4.186258365483882e-08,COMPLETE
