number,value,datetime_start,datetime_complete,duration,params_alpha-eval,params_alpha-train,params_batch-size,params_eps-eval,params_eps-train,params_lambda-actions-eval,params_lambda-actions-train,params_lambda-frames-eval,params_lambda-frames-train,params_learning-rate,params_n-epochs,params_n-frames,params_radius-gw,params_rho,params_std-feats,params_ub-actions,params_ub-frames,params_weight-decay,state
1458,0.5466404914855957,2025-03-31 22:43:41.504840,2025-03-31 22:43:48.701095,0 days 00:00:07.196255,0.08547981918758615,0.7872712356893096,16,0.0761567945464433,0.1046305301072288,0.009328595488467845,0.05991095439267315,0.0934455774347708,0.08183202030075441,0.0003709839025583969,24,69,0.05147785145056152,0.2026104609181236,False,False,True,5.735637542747258e-08,COMPLETE
1459,0.39708101749420166,2025-03-31 22:43:49.167315,2025-03-31 22:43:56.904142,0 days 00:00:07.736827,0.059164529149392305,0.7979239442528219,16,0.08393385036681346,0.0968327286757885,0.008304122762490393,0.01784844203281221,0.09299893423618233,0.07824298680459846,0.00030477346131154326,24,70,0.04913852330957832,0.07404132047632042,False,False,False,6.506825854116985e-08,COMPLETE
1460,0.4873901605606079,2025-03-31 22:43:57.373915,2025-03-31 22:44:04.788643,0 days 00:00:07.414728,0.0703108146865386,0.7829266811467793,16,0.08118353278636294,0.10480626165792976,0.006790879664928517,0.057521087229324475,0.09254576403469456,0.08823414661068261,0.0002717423848180147,24,66,0.051061450706690825,0.07894234380671758,True,False,True,4.3343243644921696e-08,COMPLETE
1461,0.5421223998069764,2025-03-31 22:44:05.256480,2025-03-31 22:44:12.393576,0 days 00:00:07.137096,0.3046116611956923,0.794887128262889,16,0.0729381429918408,0.10767057568002832,0.009343517152941535,0.02296402760351201,0.09248413366818838,0.08386766840393058,0.0004846355269491857,23,71,0.050371121843506325,0.07142578007200129,False,False,True,4.147508557509633e-08,COMPLETE
1462,0.5465572476387024,2025-03-31 22:44:12.877201,2025-03-31 22:44:20.082325,0 days 00:00:07.205124,0.08872910192737872,0.7714920986237994,16,0.07048595373083967,0.09273028438267458,0.049215163388398764,0.06247687701479934,0.09146744481185821,0.08110611311832415,0.0005779212980168277,24,64,0.04792402584019411,0.08220233298154138,False,False,True,5.242558601492554e-08,COMPLETE
1463,0.46780833005905154,2025-03-31 22:44:20.550853,2025-03-31 22:44:27.803281,0 days 00:00:07.252428,0.4059568145465104,0.30882600118700804,16,0.06817076896288818,0.037074696676771476,0.006381271770149162,0.05948924449825355,0.09165138402714715,0.021311904506650776,0.00039976658352259013,24,68,0.04942230496006822,0.0764661201716669,False,False,True,3.79484406333271e-08,COMPLETE
1464,0.5565358877182007,2025-03-31 22:44:28.272029,2025-03-31 22:44:35.375236,0 days 00:00:07.103207,0.12711214891742176,0.8052849260601012,16,0.07159309049809137,0.11191834868556139,0.004345570817882902,0.061910858760189515,0.09346408538869189,0.08685522512083489,0.0002982728844825638,23,71,0.048188431075948925,0.07188146470974562,False,False,True,3.5090108973591204e-08,COMPLETE
1465,0.560064947605133,2025-03-31 22:44:35.844440,2025-03-31 22:44:42.931755,0 days 00:00:07.087315,0.0460118804177493,0.8211764584189862,16,0.08036492385194083,0.09903663367044724,0.008425015841717504,0.056305291270526664,0.08968074877056552,0.036918881768883166,0.0002646338109354773,23,66,0.05383974553488399,0.08264576645840203,False,False,True,4.1199955533173326e-08,COMPLETE
1466,0.5527902960777282,2025-03-31 22:44:43.421705,2025-03-31 22:44:50.621479,0 days 00:00:07.199774,0.06577332118424804,0.7714173049498873,16,0.07588948200917112,0.10030097080488136,0.010200876969572465,0.04951224082464068,0.09313420322668535,0.09045104810796224,0.00024150201097990264,24,62,0.05228547650068622,0.08929619782887697,False,False,True,4.5659360753215334e-08,COMPLETE
1467,0.5546179771423341,2025-03-31 22:44:51.092515,2025-03-31 22:44:58.249085,0 days 00:00:07.156570,0.10508620755696604,0.7995542641182776,16,0.06595680340287054,0.11197466990435852,0.007115144661936492,0.014344179632432182,0.09064363993706252,0.07923943632421115,0.00034591581772832843,23,73,0.049995270013999255,0.06948100551817946,False,False,True,3.010332702680847e-08,COMPLETE
1468,0.5655539035797119,2025-03-31 22:44:58.720000,2025-03-31 22:45:05.997055,0 days 00:00:07.277055,0.0419944361465149,0.8285205665257659,16,0.0768540068982251,0.1095165075278348,0.004773150735547851,0.0060411990240451345,0.09040544724926887,0.08382894347407785,0.0002279038445445862,24,69,0.04722917195941732,0.07520288025005781,False,False,True,3.067816774870425e-08,COMPLETE
1469,0.5547332048416138,2025-03-31 22:45:06.470412,2025-03-31 22:45:13.704869,0 days 00:00:07.234457,0.028394608264232186,0.7676938803449991,16,0.06452594501229462,0.11518183161630757,0.010366087047257985,0.09357647492270589,0.09351015371744757,0.0965475338811489,0.00031783398219141517,24,72,0.04716328667315528,0.08824301009366672,False,False,True,4.63174424973407e-08,COMPLETE
1470,0.5306532979011536,2025-03-31 22:45:14.195126,2025-03-31 22:45:21.623591,0 days 00:00:07.428465,0.05728181995548823,0.8080575382959629,16,0.06269769402959496,0.09935155597756257,0.0025729232777750295,0.02063120715097822,0.09183440701993958,0.08056700452085477,0.00018894749463894161,25,104,0.04642837029660053,0.06638429675538093,False,False,True,5.7294586796177054e-08,COMPLETE
1471,0.2842036545276642,2025-03-31 22:45:22.099924,2025-03-31 22:45:29.234749,0 days 00:00:07.134825,0.13726089879578177,0.8383759898696199,16,0.21627786173716473,0.10662956356987947,0.007341638482479765,0.009409388440166835,0.06258187104667622,0.043577919160130346,0.0002565602840097435,23,65,0.05126237720728057,0.07798108897332061,False,False,True,3.339682698719578e-08,COMPLETE
1472,0.5555407643318176,2025-03-31 22:45:29.707987,2025-03-31 22:45:36.949172,0 days 00:00:07.241185,0.08170756033485148,0.7787957850227349,16,0.0704845234011213,0.11794849903617556,0.005343627083879054,0.05089853800663757,0.08959916056991503,0.07766675173074046,0.00020617277371996978,24,70,0.04879039771425601,0.0840748103564399,False,False,True,9.233040662862083e-08,COMPLETE
1473,0.5521270394325256,2025-03-31 22:45:37.422597,2025-03-31 22:45:44.772135,0 days 00:00:07.349538,0.028150482623903475,0.7887891065315408,16,0.06494020973601305,0.11225264996329072,0.02761877458811329,0.016308759968378612,0.07681472855407824,0.0893736962506054,0.00016508283421510394,25,67,0.046399382505659545,0.06644580886665476,False,False,True,5.3530549048740635e-08,COMPLETE
1474,0.554435932636261,2025-03-31 22:45:45.260295,2025-03-31 22:45:52.471356,0 days 00:00:07.211061,0.04531398877121356,0.8280811716717609,16,0.12905467184657893,0.08810024408735644,0.008822495726083863,0.024485780410214673,0.09153527424524704,0.0847311069679956,0.00041873675632086803,23,73,0.05003267389439681,0.1064529058687344,False,False,True,6.964602715497699e-08,COMPLETE
1475,0.5104816555976868,2025-03-31 22:45:52.945591,2025-03-31 22:46:00.160065,0 days 00:00:07.214474,0.06797173962241031,0.8121769334941157,16,0.06353313979763102,0.10603032496135162,0.01096101940928362,0.018914539834979517,0.06821763051517969,0.08237582078649598,0.00028933515669873493,24,62,0.04797500762541941,0.07228557655237698,False,False,True,7.89259749151044e-08,COMPLETE
1476,0.5677342414855957,2025-03-31 22:46:00.632377,2025-03-31 22:46:07.946748,0 days 00:00:07.314371,0.028982558260441053,0.850238617258108,16,0.06038953393917787,0.11596879082042545,0.002767549946164678,0.05253637784044723,0.09320162212210063,0.08735805217321185,0.00023271752738203828,25,74,0.05227937682642363,0.09182708897456784,False,False,True,2.6481614543201648e-08,COMPLETE
1477,0.5379499077796936,2025-03-31 22:46:08.439635,2025-03-31 22:46:17.258295,0 days 00:00:08.818660,0.02653541339851662,0.8639029982889913,8,0.08710790864234001,0.11995847677769557,0.003387985392430969,0.052054612267540185,0.09396715851261991,0.08716403168968033,0.0003629389689359823,25,70,0.0515233977874099,0.10106707719374514,False,False,True,3.299714930081982e-08,COMPLETE
1478,0.3283228278160096,2025-03-31 22:46:17.737971,2025-03-31 22:46:36.679925,0 days 00:00:18.941954,0.010774062849373475,0.8505506928197714,2,0.07622247499685761,0.11439606665596987,0.0020193787673692468,0.051428686006758026,0.09442622244691856,0.08810454160141827,0.0002606767430637151,25,68,0.05337674144101191,0.09430971097760123,False,True,False,3.673989124802496e-08,COMPLETE
1479,0.558104681968689,2025-03-31 22:46:37.156168,2025-03-31 22:46:44.485712,0 days 00:00:07.329544,0.0325390205408033,0.8737424303120382,16,0.07084808657089794,0.1134283468845236,0.0026326394115263278,0.048997519839699064,0.09282883293279738,0.0866991283856667,0.00031352939838486524,25,73,0.053193277034934,0.09197940000697846,False,False,True,5.013479975561813e-08,COMPLETE
1480,0.33710802197456363,2025-03-31 22:46:44.956950,2025-03-31 22:46:52.427173,0 days 00:00:07.470223,0.7219326383604667,0.8388960564698633,16,0.06611024785369192,0.10187332864246489,0.0019798701826557897,0.05243023215854208,0.0937448314784114,0.09133236970620008,0.000237956582100779,25,70,0.052995231333215924,0.09810575773846751,True,False,True,2.7605622683362086e-08,COMPLETE
1481,0.5579073905944825,2025-03-31 22:46:52.924681,2025-03-31 22:47:00.263892,0 days 00:00:07.339211,0.028703775427481624,0.894781200873672,16,0.06068903141983929,0.11847376392122903,0.001522229818315889,0.04931079282473806,0.09409248289367325,0.08913822602939575,0.00034049731412081464,25,64,0.052486460312816716,0.09505370679507343,False,False,True,2.889185463562807e-08,COMPLETE
1482,0.5223388552665711,2025-03-31 22:47:00.743244,2025-03-31 22:47:07.984843,0 days 00:00:07.241599,0.026185487216786235,0.848355260424858,16,0.059607608970999974,0.10822048749801612,0.002660390574403995,0.05071660845670348,0.045979339604944054,0.0861758516928374,0.001370506319135123,24,72,0.05213843622728372,0.09063969717681879,False,False,True,4.1193774438441617e-08,COMPLETE
1483,0.5442481398582459,2025-03-31 22:47:08.464126,2025-03-31 22:47:15.765801,0 days 00:00:07.301675,0.04297760897251623,0.8689747238344105,16,0.0705303819059143,0.12048723248322263,0.004130341241807572,0.05285191730911017,0.09268958974250072,0.09339834171043286,0.0001894009545988707,25,67,0.05300938339038408,0.09768932628969357,False,False,True,3.5349554059944766e-08,COMPLETE
1484,0.280332887172699,2025-03-31 22:47:16.236595,2025-03-31 22:47:23.404636,0 days 00:00:07.168041,0.04011146138357213,0.8429585811934642,16,0.27963495390200377,0.11276186503727757,0.0040454267512112455,0.04924521816086611,0.09503786532760215,0.09162987225905014,0.00027161930661344624,24,74,0.05515645930746686,0.08870504700474725,False,False,True,2.629355449246425e-08,COMPLETE
1485,0.5599305510520936,2025-03-31 22:47:23.900155,2025-03-31 22:47:31.204340,0 days 00:00:07.304185,0.02388938016278174,0.8878204670682264,16,0.08026675145686762,0.10696819703017699,0.004461856224258844,0.051799048783378175,0.09194836838502801,0.08505885234147344,0.0002237101188405821,25,59,0.05413509121166571,0.1002294695458857,False,False,True,5.054847781863472e-08,COMPLETE
1486,0.39346822500228884,2025-03-31 22:47:31.684936,2025-03-31 22:47:38.882841,0 days 00:00:07.197905,0.050052740034981356,0.8229891968974576,16,0.06730100136797171,0.1185894743869856,0.005315091753341974,0.054153586685250346,0.09455629903858823,0.08868608925965542,0.0004355194817098881,24,23,0.05670510926527203,0.11954074290287563,False,False,True,4.3503362677048905e-08,COMPLETE
1487,0.31529770493507386,2025-03-31 22:47:39.364652,2025-03-31 22:47:46.676410,0 days 00:00:07.311758,0.6659124061468672,0.8604491914162925,16,0.1456800082804522,0.09379595995973583,0.002939089155565979,0.010997891120938585,0.09234297003793855,0.08636271906325335,0.00017369749145999965,25,69,0.05632272394963377,0.10519736028513349,False,False,True,3.087992292083621e-08,COMPLETE
1488,0.5695168852806092,2025-03-31 22:47:47.157178,2025-03-31 22:47:54.330429,0 days 00:00:07.173251,0.010423399450494503,0.921414323909826,16,0.07476275417889935,0.1138220754541341,0.00102751360794776,0.050055975482124676,0.09017382788018934,0.08998885687253907,0.00028632356238619106,24,65,0.05443348695197926,0.08610464218958025,False,False,True,0.00010345424850297047,COMPLETE
1489,0.5537261009216309,2025-03-31 22:47:54.825133,2025-03-31 22:48:02.005978,0 days 00:00:07.180845,0.024940610364928742,0.945544632432268,16,0.07191620817190708,0.10874847281340833,0.0026712912558441403,0.053377565331423585,0.09041180507689976,0.09427581716232367,0.00039726095791763375,23,60,0.05839720603039606,0.11237286037480418,False,False,True,9.943623817011265e-05,COMPLETE
1490,0.5493324518203735,2025-03-31 22:48:02.486066,2025-03-31 22:48:09.678226,0 days 00:00:07.192160,0.010844649104899951,0.9190637766154722,16,0.08892114178706736,0.11382221010186533,0.0015159940391043926,0.05059458478001895,0.08921503980951706,0.09041864171444619,0.0005091588136049974,23,62,0.05727092137040168,0.09382030717365303,False,False,True,6.0463709055820216e-05,COMPLETE
1491,0.5627346277236939,2025-03-31 22:48:10.159844,2025-03-31 22:48:17.338754,0 days 00:00:07.178910,0.02268559893690539,0.9663787288428366,16,0.09565762732298508,0.10568401509907654,0.0011131038899655427,0.05287149128298786,0.0904069104144613,0.09249419274793481,0.0003508296039127134,24,63,0.0587197785979786,0.08699372298630256,False,False,True,9.20116719602281e-05,COMPLETE
1492,0.5630478978157044,2025-03-31 22:48:17.817208,2025-03-31 22:48:25.016267,0 days 00:00:07.199059,0.024250016277448244,0.9450102663363529,16,0.07521720592699516,0.1169019898902103,0.0015124911776071182,0.050676528406734866,0.08822466782076875,0.0950142543493278,0.00030164300460363587,24,65,0.05407385409901306,0.10405373614271474,False,False,True,8.165911878786595e-05,COMPLETE
1493,0.5412115216255189,2025-03-31 22:48:25.515037,2025-03-31 22:48:32.692313,0 days 00:00:07.177276,0.02457827592786318,0.9765150313711866,16,0.0844637655037414,0.1221868060885289,0.002501828155602102,0.022355701827477353,0.08763896434560503,0.09068903744463962,0.00029843930986820266,23,65,0.05568125558056561,0.0929370287271468,False,False,True,0.00011840183644338054,COMPLETE
1494,0.5427001357078552,2025-03-31 22:48:33.177436,2025-03-31 22:48:40.200706,0 days 00:00:07.023270,0.010409880403645311,0.940786724685602,16,0.08382137412969203,0.10116858884056969,0.0012426632130388665,0.05356349779844012,0.09040603814677477,0.09248708970772077,0.0002317226599519719,22,62,0.056403180922750346,0.10011160303343625,False,False,True,9.943265380521557e-05,COMPLETE
1495,0.5380692720413208,2025-03-31 22:48:40.680498,2025-03-31 22:48:47.877622,0 days 00:00:07.197124,0.04298259931882901,0.9369548412331903,16,0.07008393411418318,0.11105238474559657,0.003372569098959796,0.05439339274975315,0.08709513101183408,0.0908565854214604,0.00019938887804265074,24,65,0.058946969330829276,0.08802118817319234,False,False,True,0.00012417831756924698,COMPLETE
1496,0.3278614640235901,2025-03-31 22:48:48.375762,2025-03-31 22:48:55.541499,0 days 00:00:07.165737,0.010772112067056108,0.9273978964790415,16,0.07628603881109516,0.1222635602393204,0.0038234234125813314,0.05202514468165992,0.0034446056713403547,0.09263025542885217,0.0003442269086049695,23,67,0.05299678266998921,0.09335153935256996,False,True,True,7.976878820373566e-05,COMPLETE
1497,0.5361719727516174,2025-03-31 22:48:56.022698,2025-03-31 22:49:14.206292,0 days 00:00:18.183594,0.04621510286680576,0.9364225360321616,2,0.08035175783329851,0.1160592162352883,0.0012354483587613757,0.018475917267786184,0.06553973544720987,0.08963007937656078,0.00015229049113116202,24,56,0.055106742374390456,0.08504519753635777,False,False,True,0.00013055198300389157,COMPLETE
1498,0.39523781538009645,2025-03-31 22:49:14.686301,2025-03-31 22:49:22.397245,0 days 00:00:07.710944,0.025444954874920506,0.9125913494541997,16,0.07916116976380744,0.10987406674522851,0.0011192572526084112,0.049462341577078836,0.08964884977070908,0.08879613998370028,0.00026335691675387834,24,59,0.05399779812209812,0.1092510336961342,False,False,False,7.394984617612332e-05,COMPLETE
1499,0.47653913497924805,2025-03-31 22:49:22.876250,2025-03-31 22:49:30.185024,0 days 00:00:07.308774,0.04198839228129371,0.917914532078794,16,0.07588729356150853,0.10000145952462801,0.0038470635596756088,0.05497367549657283,0.0909149613401507,0.08933173245636233,0.0002156046834496367,23,63,0.055591480368341405,0.09646983853081906,True,False,True,0.00012918546467794687,COMPLETE
1500,0.4716439485549927,2025-03-31 22:49:30.686934,2025-03-31 22:49:37.960356,0 days 00:00:07.273422,0.011398286935682074,0.9146346934302011,16,0.08684354759285344,0.11575513034385114,0.004575018546750573,0.050262611589385046,0.07944546167963847,0.09186502114327935,0.0019820948977969906,24,55,0.05450219386443574,0.12632521591659232,False,False,True,5.353212709113404e-05,COMPLETE
1501,0.5339514017105103,2025-03-31 22:49:38.444967,2025-03-31 22:49:46.858258,0 days 00:00:08.413291,0.011150099394809352,0.9117107128219902,8,0.08017234180538077,0.10218253941400789,0.0037083121881264962,0.05173544946950832,0.08823872207938283,0.0954955465062081,0.00042728147307343704,22,67,0.057296721750525435,0.09018729133363652,False,False,True,0.00012844651520968218,COMPLETE
1502,0.5119880199432373,2025-03-31 22:49:47.341254,2025-03-31 22:49:54.506014,0 days 00:00:07.164760,0.05269217809481608,0.947952355867038,16,0.069097383918422,0.12249126826391302,0.0012656883430453823,0.015454575063730621,0.08641003578014955,0.08835337885036086,0.00017274545357393305,23,60,0.05596029893583385,0.08723925633247819,False,False,True,5.931665164304287e-05,COMPLETE
1503,0.5460800886154176,2025-03-31 22:49:54.991760,2025-03-31 22:50:02.214296,0 days 00:00:07.222536,0.010932466687860031,0.9720486143761465,16,0.07075941423705479,0.10748439289480967,0.005542183034275901,0.048772489716237794,0.09095094964751049,0.08849115865691329,0.0002857172335897444,24,66,0.054672882684701385,0.10238241526163908,False,False,True,0.00011253185051705825,COMPLETE
1504,0.5655212879180909,2025-03-31 22:50:02.714111,2025-03-31 22:50:09.964236,0 days 00:00:07.250125,0.01034370786428774,0.8966057978232761,16,0.09017593483301048,0.1165094599802198,0.0050568448095185976,0.020846764635798813,0.08873354355044252,0.09031229613566746,0.00024020696108738513,24,67,0.05215809416016767,0.09818230306641462,False,False,True,9.801666677625943e-05,COMPLETE
1505,0.49973688125610355,2025-03-31 22:50:10.445994,2025-03-31 22:50:17.710581,0 days 00:00:07.264587,0.040329608740101774,0.9082100145445132,16,0.06566064818913848,0.12398118839822445,0.0029188273649354063,0.051696793758574604,0.08364798156747212,0.09239793470999133,0.0001404423874095873,23,69,0.050556760685842826,0.08397062124896515,False,False,True,9.048447273378499e-05,COMPLETE
1506,0.5621299147605896,2025-03-31 22:50:18.195236,2025-03-31 22:50:25.414394,0 days 00:00:07.219158,0.039753570709833035,0.8920371841115674,16,0.07616075571944006,0.11098452870000879,0.005823486669322819,0.02465840779742611,0.08634694274206196,0.08695968264398445,0.0003569862624797819,24,64,0.055129473987914845,0.0828917245045629,False,False,True,6.804554316114156e-05,COMPLETE
1507,0.5142993450164794,2025-03-31 22:50:25.914708,2025-03-31 22:50:33.053335,0 days 00:00:07.138627,0.05594283016639974,0.9650498653446168,16,0.07505275099546688,0.1056259199481131,0.0033256944187996006,0.01274362320867577,0.09173036943119377,0.0900532502307137,0.00019507517245591976,23,60,0.053234603085709174,0.09105316990012349,False,False,True,9.763400165989109e-05,COMPLETE
1508,0.5674450397491455,2025-03-31 22:50:33.544748,2025-03-31 22:50:40.797838,0 days 00:00:07.253090,0.02741767079256965,0.9214063054678219,16,0.0628008270429345,0.09586515850322957,0.005777983455358526,0.01946149140164279,0.08861329855877752,0.09426768481515982,0.00025370598698152934,24,69,0.0510310700691959,0.08391634075748587,False,False,True,9.574042520043858e-05,COMPLETE
1509,0.5642959833145141,2025-03-31 22:50:41.283323,2025-03-31 22:50:48.394304,0 days 00:00:07.110981,0.0560852143428157,0.8854786137737555,16,0.1000566238840986,0.11697510986844582,0.003859856781726916,0.05415160344890163,0.09024117749929746,0.08877829869387575,0.0003178851872292538,22,64,0.051431293999769055,0.10747512007710691,False,False,True,2.693535976152302e-07,COMPLETE
1510,0.5039393424987793,2025-03-31 22:50:48.878110,2025-03-31 22:50:56.071207,0 days 00:00:07.193097,0.02700837618004677,0.9475711932059173,16,0.06652152889247401,0.12416809342264189,0.001091698750394195,0.022489584421816096,0.0848323116872594,0.0869736951083449,0.0001701398349305434,23,70,0.05580054727565922,0.09602847020479431,False,False,True,0.0001620082047232574,COMPLETE
1511,0.4327127099037171,2025-03-31 22:50:56.573136,2025-03-31 22:51:03.819256,0 days 00:00:07.246120,0.011297182991461869,0.9267842823317572,16,0.06109150492148788,0.11392319757111444,0.0057061837787160076,0.049703977946767945,0.08728707287625025,0.09017299916586224,0.00022021458387583135,24,117,0.050577674652619545,0.08072010291781233,False,False,True,0.0001273875421317737,COMPLETE
1512,0.4899299740791321,2025-03-31 22:51:04.309442,2025-03-31 22:51:11.644872,0 days 00:00:07.335430,0.01058925993427496,0.8052520129635727,16,0.0732450530415263,0.10282579469108964,0.0011377809566294238,0.05242489277163138,0.09097190703643185,0.08704405191764711,0.00011275716614624931,25,62,0.05718462896396575,0.09110627919757402,False,False,True,0.00011340708987208739,COMPLETE
1513,0.5654173612594604,2025-03-31 22:51:12.128388,2025-03-31 22:51:19.347955,0 days 00:00:07.219567,0.038947078918588965,0.9068086456857821,16,0.05931751649747351,0.10992241844385918,0.0010153056917824145,0.016915720308308776,0.08241167776314003,0.09156907843512821,0.00028238434544449966,24,67,0.052850218690269075,0.08562234033967944,False,False,True,0.0001478065111031374,COMPLETE
