number,value,datetime_start,datetime_complete,duration,params_alpha-eval,params_alpha-train,params_batch-size,params_eps-eval,params_eps-train,params_lambda-actions-eval,params_lambda-actions-train,params_lambda-frames-eval,params_lambda-frames-train,params_learning-rate,params_n-epochs,params_n-frames,params_radius-gw,params_rho,params_std-feats,params_ub-actions,params_ub-frames,params_weight-decay,state
1906,0.5103144764900208,2025-03-31 23:46:10.496819,2025-03-31 23:46:17.553227,0 days 00:00:07.056408,0.010381443137904449,0.7350980284793368,16,0.041201140866714406,0.1634654709357874,0.0046937471729803,0.035533502524368474,0.08645852840225736,0.08013797094812232,0.00041161188750961873,22,81,0.035299394156249594,0.04873880348495262,False,False,True,1.7732513098520388e-08,COMPLETE
1907,0.4936730742454529,2025-03-31 23:46:18.187510,2025-03-31 23:46:25.351066,0 days 00:00:07.163556,0.09746246400368783,0.8158360161126331,16,0.02959046665431833,0.12395048415346924,0.010334996546240439,0.05034445055668455,0.08020969099394763,0.0956434641974611,0.00021283289572554098,23,64,0.044875587593006895,0.08645176427913263,False,False,True,1.4534156102317386e-08,COMPLETE
1908,0.5614376783370972,2025-03-31 23:46:25.965998,2025-03-31 23:46:33.456290,0 days 00:00:07.490292,0.01007812402293173,0.7836691333448937,16,0.050434828786974896,0.09859528394523774,0.014262866926963689,0.06106826833379472,0.09104930140856433,0.06910597441552314,0.000157502338871456,26,73,0.04688790584064001,0.05647030661829013,False,False,True,0.00010733843491746864,COMPLETE
1909,0.4977113127708435,2025-03-31 23:46:34.096403,2025-03-31 23:46:41.419358,0 days 00:00:07.322955,0.06656133061690092,0.755490959352838,16,0.061782171118440414,0.14908865497684912,0.055664002228857604,0.015996954631775924,0.09998911718521396,0.08460003997646355,0.00024801652683633085,25,67,0.03845618661789177,0.1144974072098378,False,False,True,1.2510370114499778e-08,COMPLETE
1910,0.32435978651046754,2025-03-31 23:46:42.037617,2025-03-31 23:46:49.750594,0 days 00:00:07.712977,0.041599716910178046,0.8735849667508369,16,0.0453689650864314,0.11457842111965366,0.005873207711593387,0.022008004150768562,0.09426695576077707,0.07626003169224348,0.0003118606033084052,29,76,0.05276188250166461,0.08052855261097247,False,True,True,4.623683242291219e-05,COMPLETE
1911,0.5474002480506898,2025-03-31 23:46:50.388945,2025-03-31 23:46:57.517045,0 days 00:00:07.128100,0.04592455023227873,0.8930591044503607,16,0.07643485762991559,0.14113416814382454,0.0010285177779548948,0.04663998505221285,0.08955291427988174,0.06322251077356478,0.00018563042559750298,23,71,0.05057500012065347,0.0646312425251902,False,False,True,1.0022105574543398e-08,COMPLETE
1912,0.3921444296836853,2025-03-31 23:46:58.138108,2025-03-31 23:47:05.948493,0 days 00:00:07.810385,0.08136453995021048,0.8525250430907515,16,0.055520772036028274,0.13239211135901635,0.008933681263804252,0.036977827587671944,0.08724223766501123,0.09029575118352015,0.0003552426624829201,24,86,0.04088999340606531,0.1030740941728853,False,False,False,6.561925879290435e-05,COMPLETE
1913,0.3972497463226319,2025-03-31 23:47:06.580983,2025-03-31 23:47:25.568959,0 days 00:00:18.987976,0.028975216207053636,0.3848628656438098,2,0.06680172227296537,0.11916736139383595,0.00700974154205432,0.04103196028384269,0.09284017958737104,0.07444433355163017,0.00025486446831629426,25,78,0.04268903078303088,0.09627495608289542,False,False,True,3.890887085413867e-08,COMPLETE
1914,0.5498028874397278,2025-03-31 23:47:26.189494,2025-03-31 23:47:33.677533,0 days 00:00:07.488039,0.054591849302634145,0.822988032833474,16,0.08539161330600142,0.1574573745951765,0.012139720909780763,0.0322421000185389,0.08252427051917736,0.06006164326298062,0.00022126530852477743,27,92,0.0491380918222601,0.07236564405640492,False,False,True,2.744338875412465e-08,COMPLETE
1915,0.4812390446662903,2025-03-31 23:47:34.315206,2025-03-31 23:47:41.585273,0 days 00:00:07.270067,0.10921039103739455,0.7987510674069037,16,0.038961292732942236,0.055535867743540454,0.017332536384651133,0.012757986184726774,0.0909601398866443,0.07905945062058001,0.00014526802496324297,24,97,0.04593849868198264,0.053703346979692534,False,False,True,1.4436728424884452e-08,COMPLETE
1916,0.5099213480949403,2025-03-31 23:47:42.206032,2025-03-31 23:47:49.654646,0 days 00:00:07.448614,0.06457831622899565,0.7743033564777753,16,0.011731080288968895,0.16763928269168382,0.004071086940158277,0.05279224386707635,0.08469836547962391,0.0816418227686976,0.0002856197739273295,26,63,0.03974030355189642,0.07813927166340467,False,False,True,2.040554643635466e-08,COMPLETE
1917,0.49951152801513676,2025-03-31 23:47:50.299737,2025-03-31 23:47:57.665633,0 days 00:00:07.365896,0.041495077402551594,0.7223744260668279,16,0.05114837202200278,0.11115648377125663,0.010412627160131846,0.04435118559859397,0.09693669923795006,0.08737186526221867,0.0005229222268359641,23,69,0.04470255507052499,0.08789089390180124,True,False,True,4.903441838143799e-08,COMPLETE
1918,0.4512933015823365,2025-03-31 23:47:58.288357,2025-03-31 23:48:07.170806,0 days 00:00:08.882449,0.027697932558904764,0.6071874302085195,8,0.0627742288010738,0.1953386701620952,0.0150067132519928,0.05582610036350696,0.08798696034384083,0.08915605165261314,0.00018548342650447956,25,82,0.05694211199921251,0.06613490259595498,False,False,True,1.2220345794879084e-08,COMPLETE
1919,0.5417916059494019,2025-03-31 23:48:07.808426,2025-03-31 23:48:15.068705,0 days 00:00:07.260279,0.08979394307015434,0.943659053875126,16,0.031276817840608304,0.1053126014329465,0.007452174971834914,0.05063533263689756,0.08957822238692269,0.08407152607139667,0.00023273105020919958,24,74,0.04787688530768197,0.05822360831724707,False,False,True,0.00013785413269332326,COMPLETE
1920,0.5085055828094482,2025-03-31 23:48:15.687161,2025-03-31 23:48:23.269383,0 days 00:00:07.582222,0.07044095833211596,0.7471252053872606,16,0.04453285624569744,0.17452538707965395,0.003106747062778548,0.01851792921871649,0.09464873950192977,0.07208529587249371,0.0003490020006026299,28,66,0.042746559967675124,0.04721405372258436,False,False,True,1.0015364251095647e-08,COMPLETE
1921,0.35682966709136965,2025-03-31 23:48:23.914671,2025-03-31 23:48:31.044858,0 days 00:00:07.130187,0.6194338772327632,0.83233922667873,16,0.07124226948494712,0.1866963009796708,0.004912918181816466,0.04849448254816943,0.09200477288703554,0.09115061399719765,0.00016190066138159216,23,60,0.05475464948288307,0.09090585751517155,False,False,True,1.6339156901495076e-08,COMPLETE
1922,0.5287923693656922,2025-03-31 23:48:31.663717,2025-03-31 23:48:39.077419,0 days 00:00:07.413702,0.010181756790053906,0.9131631929867012,16,0.060062776258891,0.12741409149903427,0.013257872213052363,0.05393698428315953,0.08642295975821475,0.06779752142061675,0.0002842573010044448,25,72,0.03721951732504815,0.07410231106006772,False,False,True,5.563921092193281e-07,COMPLETE
1923,0.44348679184913636,2025-03-31 23:48:39.718876,2025-03-31 23:48:47.324044,0 days 00:00:07.605168,0.4742400634771381,0.8790010218931799,16,0.056298634702654546,0.021112195302234404,0.008972956680786695,0.0592349150054928,0.06104973978712401,0.08578023119294831,0.00021177747937178761,28,79,0.051286030709781556,0.08438470022068822,False,False,True,2.3058090453987262e-08,COMPLETE
1924,0.42448619604110716,2025-03-31 23:48:47.973196,2025-03-31 23:48:55.421936,0 days 00:00:07.448740,0.14109831326017655,0.806107804234161,16,0.03814200422604084,0.14532330544398067,0.006487812796531149,0.049679884267730685,0.09794689494900599,0.0774311035982195,0.00012256716219476475,26,76,0.04037342931372154,0.2714974880900869,False,False,True,3.495791725393567e-08,COMPLETE
1925,0.5676731109619141,2025-03-31 23:48:56.057307,2025-03-31 23:49:03.389712,0 days 00:00:07.332405,0.01010556349830145,0.845740303052986,16,0.04831415336053998,0.1356874516623332,0.011342711421164803,0.06614232210015421,0.07410577722560938,0.09323990569269212,0.00018797395753859924,24,69,0.0456116675838431,0.062005278976912825,False,False,True,9.167647784734016e-05,COMPLETE
1926,0.5019165992736817,2025-03-31 23:49:04.028416,2025-03-31 23:49:11.399738,0 days 00:00:07.371322,0.026998486272325924,0.85075178767688,16,0.04263138795152049,0.14065424847686137,0.016630536286359476,0.06777195734112461,0.09021771381466824,0.07606259890635951,0.0001011098570819874,23,85,0.04383865666103608,0.0620793630500621,True,False,True,9.638865043797507e-05,COMPLETE
1927,0.4726689577102661,2025-03-31 23:49:12.018167,2025-03-31 23:49:19.213555,0 days 00:00:07.195388,0.01057787540994623,0.8342294841764908,16,0.04804225490635646,0.13884086128880324,0.014741294972837559,0.06645966565347147,0.09352492385339442,0.09907628809767194,0.00012853462441595698,23,65,0.042729044629123816,0.05997819854150414,False,False,True,6.902513721757534e-05,COMPLETE
1928,0.4768341898918152,2025-03-31 23:49:19.857486,2025-03-31 23:49:27.031855,0 days 00:00:07.174369,0.038731310152459064,0.8261937543226087,16,0.0360064879306358,0.13543675040519917,0.01227411073180038,0.06917600210629311,0.08512869310976698,0.09515172664046165,0.0001491688484219162,23,57,0.044946471512188155,0.05419534699897258,False,False,True,7.591330547947237e-05,COMPLETE
1929,0.528178083896637,2025-03-31 23:49:27.649749,2025-03-31 23:49:34.917213,0 days 00:00:07.267464,0.02885026949180029,0.8429474748269598,16,0.04592109276941847,0.13251549192730414,0.012922618072141368,0.07889075130107696,0.08784021655739915,0.09334843694731915,0.00013897074558984207,24,74,0.04189495718748635,0.06388434867069687,False,False,True,5.160427662881386e-05,COMPLETE
1930,0.3222287297248841,2025-03-31 23:49:35.557190,2025-03-31 23:49:42.812189,0 days 00:00:07.254999,0.027951120872139426,0.8481545953562594,16,0.042087231520384384,0.13872648455377262,0.014752601760893543,0.07943828852619192,0.09192687830918354,0.0927262089503367,0.00016351953021443005,24,70,0.028379342737994237,0.05785245580414486,False,True,False,0.0001304216080899695,COMPLETE
1931,0.5434101462364197,2025-03-31 23:49:43.425000,2025-03-31 23:49:50.584933,0 days 00:00:07.159933,0.12337620978359225,0.8482654074530209,16,0.04788891801052222,0.13642119208730244,0.011585675791492212,0.06386830545313302,0.09627710062186255,0.09848049878864348,0.0001727555280125365,23,89,0.044637256735427476,0.0667441828965665,False,False,True,8.135562501440375e-05,COMPLETE
1932,0.4959352493286133,2025-03-31 23:49:51.222814,2025-03-31 23:49:58.395973,0 days 00:00:07.173159,0.010334805684355675,0.8236516354584792,16,0.04075340455543253,0.13376975772232771,0.016962716696413044,0.061377754521483696,0.08314776037698286,0.09344054946854358,0.0001150288371148324,22,81,0.04123697543040246,0.050208640448018566,False,False,True,0.00010839613531853658,COMPLETE
1933,0.4661150693893433,2025-03-31 23:49:59.036261,2025-03-31 23:50:06.274826,0 days 00:00:07.238565,0.7318878050415754,0.8077452740001703,16,0.03490168415627081,0.14457652009566618,0.013145289525073496,0.07069439275621175,0.08896126966214433,0.09504095938634276,0.00017748739625111627,24,62,0.045960936458777794,0.061780147480857514,False,False,True,0.00016052850556117255,COMPLETE
1934,0.5117003798484803,2025-03-31 23:50:06.890790,2025-03-31 23:50:14.117719,0 days 00:00:07.226929,0.0500391256585412,0.8205590907742264,16,0.050734892530887116,0.13304705485416765,0.047700396732894806,0.07795146866100205,0.08594788829800305,0.0952180045659483,0.00013309007727178035,24,78,0.0439424518855529,0.06883526161559057,False,False,True,9.86587977678181e-05,COMPLETE
1935,0.5014047503471375,2025-03-31 23:50:14.761585,2025-03-31 23:50:32.824702,0 days 00:00:18.063117,0.0503538503227404,0.8572639884791547,2,0.04698477840229875,0.14336507540859214,0.01556293735369915,0.06344265519297954,0.0939998478307064,0.09429522649059341,0.00015454222505401402,23,68,0.042226647648625944,0.05331770020966642,False,False,True,6.059795311117971e-05,COMPLETE
1936,0.4954125404357911,2025-03-31 23:50:33.474716,2025-03-31 23:50:40.710082,0 days 00:00:07.235366,0.158909067534155,0.7998517030794879,16,0.04003518117816735,0.15004200133012688,0.011762422937032264,0.07009153803105304,0.09071463816425976,0.09404696150048208,0.00018484651712401701,24,73,0.039088033822315335,0.05844003901662776,False,False,True,7.820673603753323e-05,COMPLETE
1937,0.5523364543914795,2025-03-31 23:50:41.335642,2025-03-31 23:50:48.477707,0 days 00:00:07.142065,0.010056426157495739,0.8298772195579549,16,0.031263070780869186,0.13055360114906026,0.013956080785389176,0.06434342593562685,0.08809553602609303,0.09719517630653189,0.00018559688832002637,22,76,0.04595933940867835,0.06826165195325595,False,False,True,6.190517977100778e-05,COMPLETE
1938,0.517323923110962,2025-03-31 23:50:49.132966,2025-03-31 23:50:56.481571,0 days 00:00:07.348605,0.09796017439365984,0.7837534198644172,16,0.05081447095557562,0.14583895753128112,0.010358354269695834,0.04547601671708895,0.08086686835647572,0.09584659148885347,0.00015345201400699204,23,66,0.042908711803641655,0.04409802674141546,True,False,True,9.139368364807898e-05,COMPLETE
1939,0.5468675971031189,2025-03-31 23:50:57.101556,2025-03-31 23:51:05.807109,0 days 00:00:08.705553,0.027887161473462107,0.8425421460192732,8,0.0423148963397875,0.1423980652496072,0.011984154871546675,0.06470683734371571,0.09230606615371834,0.09646583543833681,0.00020907925015021858,24,100,0.04055073447398354,0.06314830149158537,False,False,True,8.456321602790502e-05,COMPLETE
1940,0.5033377766609193,2025-03-31 23:51:06.454874,2025-03-31 23:51:13.594026,0 days 00:00:07.139152,0.07068321516917027,0.8161609222061987,16,0.036263232210313155,0.13772194218684355,0.014287952438632762,0.08070517904435565,0.09540625053136814,0.09322841333528814,0.00011714226394945943,23,72,0.044560464266351976,0.0552722731535968,False,False,True,6.450862245929152e-05,COMPLETE
1941,0.5034747838974,2025-03-31 23:51:14.210634,2025-03-31 23:51:21.303008,0 days 00:00:07.092374,0.04667096680256812,0.8642209207111926,16,0.0518088962587754,0.1308757068058725,0.06908277384119024,0.06711941905068505,0.0845493925723346,0.09208479399199812,0.010389040523650092,22,61,0.0460632183235228,0.07042993313162824,False,False,True,0.00014678164250847437,COMPLETE
1942,0.5021369695663452,2025-03-31 23:51:21.941193,2025-03-31 23:51:29.144466,0 days 00:00:07.203273,0.11540606035319609,0.7946326112128844,16,0.04639744338530529,0.15045977170148045,0.01830282568289572,0.07089378070691946,0.0900580074944825,0.09223157601019308,0.00020497962819184649,24,70,0.03791066029336117,0.06338758306191622,False,False,True,0.0001934731507551029,COMPLETE
1943,0.5431761264801025,2025-03-31 23:51:29.788536,2025-03-31 23:51:37.085891,0 days 00:00:07.297355,0.026694160090273443,0.8354739758069875,16,0.03291144789466642,0.1361273871700885,0.010366347802537224,0.06556420151373624,0.08687100353955088,0.09639000061283803,0.00014234533346209208,24,92,0.04129540799510986,0.03721246227100636,False,False,True,0.0001065464396744739,COMPLETE
1944,0.48564330339431766,2025-03-31 23:51:37.716188,2025-03-31 23:51:44.981327,0 days 00:00:07.265139,0.06308386185748982,0.8124882477674452,16,0.05182650183215082,0.13004098734978534,0.016152633310220127,0.07368485993799553,0.09306678293840898,0.07045474771117119,9.313671907725935e-05,24,82,0.04375392786423162,0.0496704052056518,False,False,True,8.797241893096523e-05,COMPLETE
1945,0.49708782434463505,2025-03-31 23:51:45.621982,2025-03-31 23:51:52.794039,0 days 00:00:07.172057,0.010318191054330673,0.7844482119616715,16,0.04410638082859371,0.14141136293350692,0.011046859654627502,0.06730089128007491,0.08927328349059034,0.07913631865018339,0.00017490325918459644,23,64,0.03498229022714609,0.05821190979324235,False,False,True,0.00010662207544472466,COMPLETE
1946,0.5474376916885376,2025-03-31 23:51:53.443301,2025-03-31 23:52:00.607091,0 days 00:00:07.163790,0.07975108103610513,0.7662727554780396,16,0.024871999122348984,0.15154835017405072,0.013730596643750016,0.04719568533188417,0.09600302797022166,0.07365689860373488,0.0002000346002501592,23,76,0.04689641347353922,0.07001011009750592,False,False,True,3.782507405691475e-05,COMPLETE
1947,0.3512769401073456,2025-03-31 23:52:01.245527,2025-03-31 23:52:08.580300,0 days 00:00:07.334773,0.04316749840541683,0.8486217342966443,16,0.017727830484040998,0.12675698483209136,0.012581723681084706,0.04291245660843602,0.09783074960604188,0.06695822754832664,0.0002207653971328612,24,67,0.03992529780938126,0.06516182318370342,False,True,True,0.0001155928422996712,COMPLETE
1948,0.48633837699890137,2025-03-31 23:52:09.229667,2025-03-31 23:52:16.378206,0 days 00:00:07.148539,0.028371159909007237,0.8625025584101839,16,0.05361796837099333,0.14313851031187197,0.011044413773153957,0.044638828734525224,0.09145313523986198,0.09421203923486356,0.00016639970649204555,23,58,0.04304174542608946,0.04762643212784434,False,False,True,7.950323531051047e-05,COMPLETE
1949,0.37733020782470705,2025-03-31 23:52:17.001419,2025-03-31 23:52:24.884741,0 days 00:00:07.883322,0.0887590572194249,0.8126893257735052,16,0.04617148480606343,0.1584943276634471,0.00979486116850285,0.07184558657344144,0.08646357189683734,0.08067424816241026,0.00023424212023677633,24,79,0.0726259555974143,0.05473836504901228,True,False,False,6.809547264414785e-05,COMPLETE
1950,0.49783045053482056,2025-03-31 23:52:25.526067,2025-03-31 23:52:33.248424,0 days 00:00:07.722357,0.05306560612475239,0.8304341844341976,16,0.038904207768276945,0.13529520295965944,0.014885253758895677,0.04881065264914381,0.08792404064853115,0.07550318672846917,0.0493934150268163,30,86,0.04461267190618038,0.07411030254341532,False,False,True,0.00012957144540191848,COMPLETE
1951,0.569865095615387,2025-03-31 23:52:33.893575,2025-03-31 23:52:41.519632,0 days 00:00:07.626057,0.1312532142053629,0.7512288012652041,16,0.054768367231474886,0.1272504195455895,0.009313972459013303,0.04110537338416436,0.08361295085960152,0.09628221190438484,0.00018918689805650713,28,75,0.0418661731229454,0.06064781712982467,False,False,True,4.919584343688555e-05,COMPLETE
1952,0.4908798933029175,2025-03-31 23:52:42.143946,2025-03-31 23:52:49.837882,0 days 00:00:07.693936,0.1598395552715104,0.7315005273637064,16,0.047376776195047474,0.1318820674465839,0.01717651460840912,0.040199507423809774,0.08158746188465563,0.09580837741487701,0.00014340232179553913,29,76,0.03935009518462469,0.06045833179037145,False,False,True,6.754725309561422e-05,COMPLETE
1953,0.4796416282653809,2025-03-31 23:52:50.483811,2025-03-31 23:52:58.117065,0 days 00:00:07.633254,0.15020793707942873,0.7164724654916221,16,0.03944694470135309,0.13541288633976722,0.012585741926798013,0.08322631722060003,0.08038871586002942,0.09452878195413189,0.00011173089107134828,28,79,0.037768520027920104,0.056726458836608325,False,False,True,7.323837217610328e-05,COMPLETE
1954,0.5533364295959473,2025-03-31 23:52:58.771377,2025-03-31 23:53:06.437278,0 days 00:00:07.665901,0.2008826008752987,0.745150537591738,16,0.05011698285696093,0.12658679587387725,0.010797776724853849,0.07444764093975315,0.07977437097959757,0.09555275123936156,0.00013265309179094528,29,74,0.04095959933683688,0.05283182844908854,False,False,True,3.4968632385519494e-05,COMPLETE
1955,0.5589986443519592,2025-03-31 23:53:07.060910,2025-03-31 23:53:14.579073,0 days 00:00:07.518163,0.16276531472618158,0.7460508741750583,16,0.041494959722754896,0.1323907532131888,0.018688011604776834,0.03942370357805166,0.08199493202227347,0.09889590951175586,0.00015676084579045054,28,77,0.04056985744063806,0.06010258382248075,False,False,True,5.856870056716893e-05,COMPLETE
1956,0.5463413834571839,2025-03-31 23:53:15.229375,2025-03-31 23:53:22.799685,0 days 00:00:07.570310,0.1841125737005831,0.7567590623788139,16,0.03441312536904369,0.12840301362257475,0.014836108946342342,0.036829913258393306,0.08174284041013083,0.09749299651598073,0.0001319110562104643,28,80,0.03812556652798335,0.06297434187410017,False,False,True,5.243987582312002e-05,COMPLETE
1957,0.5680247664451599,2025-03-31 23:53:23.451410,2025-03-31 23:53:31.112881,0 days 00:00:07.661471,0.1440155356117046,0.7286247305263832,16,0.02711328374482146,0.13737533021130785,0.009216573572258196,0.041388674416429676,0.07702938710153412,0.09359889942751475,0.000166029229719708,29,76,0.041596385524514556,0.0502792797422627,False,False,True,5.882118752223197e-05,COMPLETE
1958,0.5521605253219605,2025-03-31 23:53:31.745673,2025-03-31 23:53:53.244540,0 days 00:00:21.498867,0.15862607212175736,0.7227579472108399,2,0.025136904469520046,0.14092275256138176,0.011240628760389481,0.04354640971634709,0.07877019460018123,0.09518986353512797,3.528785039577934e-05,30,78,0.03933533847541712,0.04159257382657506,False,False,True,5.485130095082752e-05,COMPLETE
1959,0.48483123779296877,2025-03-31 23:53:53.899332,2025-03-31 23:54:01.599514,0 days 00:00:07.700182,0.18245559532556777,0.7306811643562461,16,0.022160787551333088,0.13754908507936933,0.013463367958755173,0.041280782297554205,0.07956031320545445,0.09603363421574837,0.0001055734441844014,29,80,0.03683743887053491,0.043507610390266155,False,False,True,3.489135115407149e-05,COMPLETE
1960,0.5622172951698303,2025-03-31 23:54:02.226457,2025-03-31 23:54:09.960637,0 days 00:00:07.734180,0.16745741167382852,0.7112760811920054,16,0.01931472100902057,0.14676350588102532,0.012680847011447813,0.041355644030893576,0.07790879313314474,0.09700127671980349,0.0001274733926309576,30,76,0.04161502432184593,0.03707541163769982,False,False,True,3.9482676574634295e-05,COMPLETE
1961,0.5394956350326539,2025-03-31 23:54:10.619185,2025-03-31 23:54:20.184591,0 days 00:00:09.565406,0.19346710792171706,0.703714406825253,8,0.015825875441960867,0.13499372487432054,0.010190411091271882,0.03918621689837421,0.07873580531175715,0.0988131825621952,0.00012260853908082592,29,76,0.03894939045045079,0.0461670285913497,True,False,True,4.080058813721165e-05,COMPLETE
