number,value,datetime_start,datetime_complete,duration,params_alpha-eval,params_alpha-train,params_batch-size,params_eps-eval,params_eps-train,params_lambda-actions-eval,params_lambda-actions-train,params_lambda-frames-eval,params_lambda-frames-train,params_learning-rate,params_n-epochs,params_n-frames,params_radius-gw,params_rho,params_std-feats,params_ub-actions,params_ub-frames,params_weight-decay,state
954,0.5561727285385132,2025-03-31 21:34:27.386350,2025-03-31 21:34:34.682847,0 days 00:00:07.296497,0.03791745098981994,0.8502696653811034,16,0.031855294859688826,0.18432054977649012,0.0040877841844788225,0.05007553896742788,0.09768497564499756,0.08389354826666115,0.0003268363407446419,25,74,0.04461451628782655,0.0529408969941555,False,False,True,3.4396853350345946e-08,COMPLETE
955,0.545464301109314,2025-03-31 21:34:34.988554,2025-03-31 21:34:42.161112,0 days 00:00:07.172558,0.02959732261846413,0.8739413543710082,16,0.04016855557254021,0.19656867948764262,0.0026310487409885834,0.04714331043512893,0.09966963402612823,0.08174460013352802,0.00018879866282909668,24,70,0.04634028620050397,0.061076147301375755,False,False,True,5.272043666234848e-08,COMPLETE
956,0.5563120365142823,2025-03-31 21:34:42.470015,2025-03-31 21:34:49.752449,0 days 00:00:07.282434,0.01058913218792041,0.8239076150428011,16,0.047754856052823,0.17901419149092399,0.007094216352721171,0.05527451866888996,0.0999116403927855,0.08224549772104414,0.0002348769237216936,25,63,0.05073058099026522,0.0806520774448036,False,False,True,3.78706020805535e-08,COMPLETE
957,0.5538786411285401,2025-03-31 21:34:50.063897,2025-03-31 21:34:57.265932,0 days 00:00:07.202035,0.04475077359976685,0.8250922258940081,16,0.02737747953319089,0.1709952623323811,0.005715883021930759,0.05262647042357533,0.09767918087220365,0.07830818159295264,0.0002872112555099303,24,75,0.044325550064048085,0.04297464714936542,False,False,True,3.0020052819008283e-08,COMPLETE
958,0.5482653617858887,2025-03-31 21:34:57.575776,2025-03-31 21:35:04.864963,0 days 00:00:07.289187,0.010681772140781073,0.8512565801124268,16,0.03645576092254234,0.18902998335381205,0.005640380767192964,0.05112984139957167,0.0962979155982891,0.08679504279297645,0.00017459025945546443,25,72,0.04682696798458723,0.0704832159522025,False,False,True,3.9655028672086474e-08,COMPLETE
959,0.5594428658485413,2025-03-31 21:35:05.160006,2025-03-31 21:35:12.466312,0 days 00:00:07.306306,0.04136108468231643,0.8081877871223513,16,0.051269983898621065,0.16619509504783028,0.002878989255948681,0.049779438179263835,0.09974299495782096,0.07884548802381396,0.000217658045526179,25,66,0.052961231798629174,0.05574404270066154,False,False,True,3.044023815341193e-08,COMPLETE
960,0.549975323677063,2025-03-31 21:35:12.778021,2025-03-31 21:35:19.983663,0 days 00:00:07.205642,0.010303096534448103,0.8681237100911653,16,0.04046112761528789,0.176709280372798,0.005746065707380107,0.056413695084520314,0.0962113520147909,0.03964366033427013,0.00041130881684520333,24,76,0.04384233450997034,0.0645870835723565,False,False,True,2.6484481055256067e-08,COMPLETE
961,0.5534334301948547,2025-03-31 21:35:20.290612,2025-03-31 21:35:27.557901,0 days 00:00:07.267289,0.15096648871097854,0.8341437655588719,16,0.04531319983503014,0.1702275543105055,0.005195761713651319,0.04767713637840058,0.09621839195707423,0.07975465588254393,0.0002589716599988328,25,70,0.049876391143936855,0.0489071332768514,False,False,True,4.5072692700805617e-08,COMPLETE
962,0.32341247797012335,2025-03-31 21:35:27.871518,2025-03-31 21:35:35.014413,0 days 00:00:07.142895,0.047685860038336254,0.8178596041244779,16,0.05406304359186058,0.1764179309304636,0.0066347989458783695,0.04524367812458389,0.09993674572799072,0.08228677749738722,0.00018527993155794425,23,73,0.04515035142750469,0.059504650704210675,False,True,True,2.2951487888405717e-08,COMPLETE
963,0.5175071597099304,2025-03-31 21:35:35.325320,2025-03-31 21:35:42.613097,0 days 00:00:07.287777,0.03141079537754154,0.8351215094841259,16,0.031754749771991456,0.18634107172270256,0.0010740966620647534,0.053675698272206356,0.09783969878873627,0.07767104675679402,0.0037250666570450117,24,76,0.04796942065464064,0.07245073697572241,False,False,True,2.511878644763213e-08,COMPLETE
964,0.3943943023681641,2025-03-31 21:35:42.915356,2025-03-31 21:35:50.851960,0 days 00:00:07.936604,0.05771676040909521,0.8085274180434354,16,0.023643192565841326,0.18156298439939508,0.0034688941501292286,0.05159778449558856,0.09552511020590525,0.08045766658706113,0.0001590106074858396,26,68,0.043839524937391024,0.05244530272783622,False,False,False,5.3386249603729796e-08,COMPLETE
965,0.4803554773330689,2025-03-31 21:35:51.163771,2025-03-31 21:35:58.697114,0 days 00:00:07.533343,0.028616726025838344,0.8770240401829281,16,0.04679348760683645,0.20099703710804498,0.007098530374854415,0.04239473247233983,0.09785709998959428,0.0837122731647334,0.00021051028119238883,25,75,0.04346897686621927,0.06545571257707691,True,False,True,3.6001342032179194e-08,COMPLETE
966,0.54986070394516,2025-03-31 21:35:59.012021,2025-03-31 21:36:06.248481,0 days 00:00:07.236460,0.12822216013919102,0.8525119247924544,16,0.03548505117467043,0.19473413406721624,0.0058606956484119205,0.05524412495066085,0.09499872691471047,0.07852828796716263,0.00029875928713720204,24,77,0.04587795842747671,0.04314377506610741,False,False,True,2.1959945341706672e-08,COMPLETE
967,0.513115930557251,2025-03-31 21:36:06.561918,2025-03-31 21:36:25.554589,0 days 00:00:18.992671,0.028100787943354296,0.8132202648268388,2,0.13584310680913686,0.17022260106877024,0.00841863116109599,0.049674342632350335,0.0974652627682106,0.08568572856279674,0.0002369556085333352,25,72,0.04856682279818525,0.05741681905478615,False,False,True,1.8757637927167308e-08,COMPLETE
968,0.4903076410293579,2025-03-31 21:36:25.870910,2025-03-31 21:36:34.641724,0 days 00:00:08.770814,0.16673448370788074,0.8620218212336599,8,0.04230268420313795,0.16745730171062162,0.02562969157388441,0.046227050928116555,0.09544922980853653,0.08067052229639057,0.0001552194696696821,25,66,0.07745000222946652,0.051517716279930056,False,False,True,3.419232015561795e-08,COMPLETE
969,0.49074755907058715,2025-03-31 21:36:34.940550,2025-03-31 21:36:42.277779,0 days 00:00:07.337229,0.054751100101732085,0.8025300935541647,16,0.029618441887129067,0.17275198231925643,0.004730833096399581,0.038898083528706016,0.09732118346224698,0.07757894865865911,0.00019885081983814568,26,62,0.04299094878105846,0.0806864097336827,False,False,True,2.655863628809991e-08,COMPLETE
970,0.5317365765571594,2025-03-31 21:36:42.590472,2025-03-31 21:36:50.016470,0 days 00:00:07.425998,0.02769229010776949,0.8219762414536985,16,0.05186557781906533,0.16421741813208635,0.007917233919678123,0.040138706347016107,0.0951280926909167,0.0825200454867237,0.0001355791380168813,26,75,0.04577781810966463,0.06317846625685415,False,False,True,1.76356246827253e-08,COMPLETE
971,0.5607236742973328,2025-03-31 21:36:50.330026,2025-03-31 21:36:57.703402,0 days 00:00:07.373376,0.04503579076890142,0.8383511348447521,16,0.04024716879994688,0.1762190685371505,0.05393635473011927,0.052056906797306804,0.09976666632270292,0.07832218766971442,0.0003196794839586831,26,78,0.04327055332318569,0.07005582467941181,False,False,True,1.7244980674901718e-08,COMPLETE
972,0.5632952451705933,2025-03-31 21:36:58.018118,2025-03-31 21:37:05.178973,0 days 00:00:07.160855,0.010402159975124206,0.7967291731340952,16,0.057057001235052175,0.19091841264089224,0.008112750179348746,0.04795216614877732,0.09780225910042525,0.0815170673980314,0.0002560932204214355,24,71,0.045160630903520176,0.047717018434455645,False,False,True,2.26092350910066e-08,COMPLETE
973,0.514876413345337,2025-03-31 21:37:05.494661,2025-03-31 21:37:12.401965,0 days 00:00:06.907304,0.0974439857885761,0.8914603827134623,16,0.03514249214296736,0.1627505462048283,0.0012108841145074371,0.05853322381537442,0.09578301664986474,0.07948590614412178,0.000168599605026541,21,69,0.047686334455786905,0.05877944516411477,False,False,True,2.98877204781305e-08,COMPLETE
974,0.32039302587509155,2025-03-31 21:37:12.703355,2025-03-31 21:37:19.820315,0 days 00:00:07.116960,0.8910251974678396,0.8091811011557708,16,0.044354012614038124,0.18123231180315988,0.004879268632415621,0.03775855245250395,0.09479578983320497,0.0844078495288397,0.0002142130700859151,23,74,0.049791888587652704,0.05563895626119398,False,False,True,1.5616082192574594e-08,COMPLETE
975,0.5466073155403137,2025-03-31 21:37:20.135222,2025-03-31 21:37:27.494266,0 days 00:00:07.359044,0.1834366743511256,0.8395181819715752,16,0.01983858464773321,0.16973680769480742,0.009379463188486216,0.050449461140780236,0.09374479154948755,0.07694864836717916,0.00018336091055974005,26,78,0.04274595838613174,0.03523063461510202,False,False,True,5.37072704707586e-08,COMPLETE
976,0.553097403049469,2025-03-31 21:37:27.812426,2025-03-31 21:37:35.090720,0 days 00:00:07.278294,0.0704809741683709,0.7902601469207978,16,0.048891541763207334,0.18646206053342979,0.014376585790481119,0.04381788404713703,0.09777290860505711,0.030969920194025575,0.00026847784414414,25,72,0.04727132569386644,0.041967305345573476,False,False,True,1.4169878076197962e-08,COMPLETE
977,0.5471809506416321,2025-03-31 21:37:35.410122,2025-03-31 21:37:42.695369,0 days 00:00:07.285247,0.13951714952754563,0.8193954206230318,16,0.02797229410590197,0.16164511616397223,0.006492824051044132,0.08670270447340374,0.09334446075351358,0.03403421828501606,0.00044883090748086004,25,78,0.05225560980565014,0.07480341925362101,False,False,True,2.1760041126748095e-08,COMPLETE
978,0.5262963533401489,2025-03-31 21:37:43.015245,2025-03-31 21:37:50.336214,0 days 00:00:07.320969,0.04452985309752766,0.793268724789837,16,0.038602080862743166,0.19689084822148212,0.003291207108512677,0.054451597367404105,0.09985585610592392,0.08112647954310756,0.000137871938581638,26,75,0.04434189995220922,0.06357453848149307,False,False,True,7.430973972288559e-08,COMPLETE
979,0.4973113298416138,2025-03-31 21:37:50.639326,2025-03-31 21:37:57.800976,0 days 00:00:07.161650,0.06157302177052146,0.8647464638504254,16,0.055270044085864535,0.17438961089478972,0.01612997405871304,0.03522337332644565,0.09406825546919792,0.07879789726073329,0.0002181200295710831,24,67,0.042278410433173506,0.04755613128004903,False,False,True,4.367402464255486e-08,COMPLETE
980,0.5547509670257569,2025-03-31 21:37:58.114763,2025-03-31 21:38:05.304927,0 days 00:00:07.190164,0.028019060822235608,0.8142609605512816,16,0.03193176364332134,0.15614116556793267,0.010414211522965284,0.05676894781086848,0.0964045693218631,0.07699812034881998,0.00035922091014934125,23,79,0.04574393618705673,0.05285992662127026,False,False,True,2.746785925527367e-08,COMPLETE
981,0.5670194506645203,2025-03-31 21:38:05.620263,2025-03-31 21:38:12.997049,0 days 00:00:07.376786,0.11563015471870874,0.8303713500416484,16,0.06230621108061341,0.16598797848352545,0.0010253585469688123,0.04802308290373715,0.0938850892661257,0.08313099317924147,0.00019330567102091454,25,73,0.04289024025223146,0.06626625947737141,False,False,True,1.8114328849732045e-08,COMPLETE
982,0.3461616039276123,2025-03-31 21:38:13.314310,2025-03-31 21:38:20.577979,0 days 00:00:07.263669,0.14709078305348838,0.8467248953966979,16,0.06664703876988037,0.16661470865186376,0.001068124275928991,0.04702597876883619,0.09625138442214974,0.08649490239152101,0.00017204315196699905,24,68,0.042458044909704916,0.08545805770608542,False,True,True,2.135133716888111e-08,COMPLETE
983,0.3921495914459229,2025-03-31 21:38:20.898723,2025-03-31 21:38:28.806057,0 days 00:00:07.907334,0.11555577813330925,0.8787661833388525,16,0.06367574832109998,0.1697654713142584,0.001184138262046522,0.04878407148752778,0.09812930160238073,0.08719545024968861,0.000230030303760477,25,71,0.0423924896149691,0.07510535778493621,False,False,False,2.7340705726811164e-08,COMPLETE
984,0.5242426753044128,2025-03-31 21:38:29.128257,2025-03-31 21:38:36.391139,0 days 00:00:07.262882,0.1264679372453938,0.8356441750218528,16,0.06398462037374886,0.16366503234253685,0.0010383921506847285,0.0458181834050923,0.09986093536463038,0.08490578374141391,0.00014704918844433062,24,69,0.043676903206183226,0.0703890850294257,False,False,True,2.0215390443759745e-08,COMPLETE
985,0.4893745303153992,2025-03-31 21:38:36.696539,2025-03-31 21:38:44.120951,0 days 00:00:07.424412,0.1189562116844767,0.8429228085784951,16,0.07797361499969097,0.17932452528151455,0.003001724619716845,0.04773124114356061,0.09423720212546653,0.0836898227083826,0.0006446593068693277,25,63,0.04222672682483026,0.08091167214433231,True,False,True,1.868329510072372e-08,COMPLETE
986,0.550903046131134,2025-03-31 21:38:44.441007,2025-03-31 21:38:51.747247,0 days 00:00:07.306240,0.15101981595897213,0.8601692109040775,16,0.0746467529602558,0.17458953544043515,0.003570912850742923,0.05023502097385709,0.07567311872099897,0.08624302477846418,0.00028532042977474296,24,120,0.041341411642528594,0.06657706905425048,False,False,True,3.3882706787450445e-08,COMPLETE
987,0.47097847461700443,2025-03-31 21:38:52.063756,2025-03-31 21:38:59.313789,0 days 00:00:07.250033,0.11426015733380436,0.8193364013866213,16,0.06898190041801325,0.16241910942682383,0.002939796042017012,0.0494953540566787,0.0964780888949236,0.08184314995022288,0.0014117514503391056,25,65,0.044267425291328155,0.07508092346590518,False,False,True,2.6420739594936098e-08,COMPLETE
988,0.5228757858276367,2025-03-31 21:38:59.636600,2025-03-31 21:39:17.030165,0 days 00:00:17.393565,0.09998966386497601,0.8548319662207213,2,0.059729135807354894,0.1688565826599773,0.0037776885286695105,0.04403873541560406,0.09383403580622972,0.08233378441082312,0.00018648058862367407,22,72,0.04172171939467593,0.06730942139941253,False,False,True,1.7919182021180183e-08,COMPLETE
989,0.5075416445732117,2025-03-31 21:39:17.352046,2025-03-31 21:39:24.532105,0 days 00:00:07.180059,0.13579277037936127,0.826131998526312,16,0.06019298530233201,0.15757352496681679,0.001043441255784274,0.04630191140597852,0.09612111383465034,0.08359068270764078,0.00012492008692718574,24,74,0.044272793053084236,0.0615058201020693,False,False,True,2.3702815650911876e-08,COMPLETE
990,0.4928853631019593,2025-03-31 21:39:24.836037,2025-03-31 21:39:32.157468,0 days 00:00:07.321431,0.09101178717407077,0.8796218005651381,16,0.05638148568730339,0.18374688245272344,0.00392450929801267,0.05160239164253783,0.093860632281906,0.08319413136410493,0.00024090183740497424,25,70,0.04149094886927733,0.07063949479582951,False,False,True,3.475969789199623e-08,COMPLETE
991,0.5385379672050477,2025-03-31 21:39:32.475964,2025-03-31 21:39:41.049028,0 days 00:00:08.573064,0.17136259213292276,0.8349854272839191,8,0.06405328899136212,0.165139138875392,0.005941828046193901,0.042190517743784114,0.09994880396443298,0.08858270376060548,0.00018902040454097223,24,73,0.043236377847323045,0.23478165488554553,False,False,True,1.6821162730805016e-08,COMPLETE
992,0.43710333108901983,2025-03-31 21:39:41.374007,2025-03-31 21:39:48.604123,0 days 00:00:07.230116,0.09908197347978054,0.8000014556047989,16,0.05379383559835282,0.17507404462395043,0.0050992904136305745,0.04839394770951231,0.09250570856856069,0.0849112396988657,0.00034111297421328315,25,43,0.04045882824391458,0.0619239961736585,False,False,True,2.3602596954387647e-08,COMPLETE
993,0.5205069422721863,2025-03-31 21:39:48.930554,2025-03-31 21:39:56.104271,0 days 00:00:07.173717,0.1377089484259405,0.8499502602193292,16,0.07055139186300007,0.1609189703768594,0.03705339869541688,0.05351441978711181,0.09745273223843218,0.07983918286263711,0.00015494396276969968,24,76,0.045386303982021974,0.07805228930887809,False,False,True,3.973162609515688e-08,COMPLETE
994,0.48808908462524414,2025-03-31 21:39:56.427278,2025-03-31 21:40:03.551663,0 days 00:00:07.124385,0.11385530907117229,0.8217736576841246,16,0.06220534046901603,0.17034854678328068,0.0032034224630770915,0.04574813537237854,0.09567458506349458,0.0810614108932505,0.00021939603577700566,23,67,0.04342085308937405,0.06732590257933176,False,False,True,1.6460537400414522e-08,COMPLETE
995,0.5232834219932556,2025-03-31 21:40:03.874682,2025-03-31 21:40:11.199834,0 days 00:00:07.325152,0.09262565974901982,0.8919761965089243,16,0.053405403890316026,0.1567604103810037,0.00269301194937972,0.04934121220640981,0.09280545181981513,0.08030114524975035,0.00027906812296065326,25,74,0.039864630234911165,0.056178681619561126,False,False,True,2.982320642121502e-08,COMPLETE
996,0.43049465417861943,2025-03-31 21:40:11.513563,2025-03-31 21:40:18.920094,0 days 00:00:07.406531,0.08167276606991695,0.8033911374865096,16,0.051438030897044254,0.17951920180985395,0.006905255208716991,0.05236117616151785,0.09740454824070392,0.08387340234399786,0.00016974487633456765,26,134,0.04559477509868561,0.04942450747870087,False,False,True,2.0281519828554935e-08,COMPLETE
997,0.5614748716354371,2025-03-31 21:40:19.240247,2025-03-31 21:40:26.549309,0 days 00:00:07.309062,0.07865299233886205,0.8309624059907028,16,0.04837494374656523,0.16657475403029026,0.005263494663779154,0.04150819124788492,0.042964435208329606,0.08198242827153612,0.0002136388151583358,25,80,0.0418604136987552,0.08672327548521734,False,False,True,1.4467159432442195e-08,COMPLETE
998,0.47033854722976687,2025-03-31 21:40:26.867688,2025-03-31 21:40:33.975638,0 days 00:00:07.107950,0.15276153318594765,0.7931836021293226,16,0.059417915337220795,0.15688938301371597,0.0011641442090371483,0.04719574625811413,0.09194153698266999,0.07939293203398362,0.00012589594225053113,23,71,0.038770491168168664,0.06088533520705099,False,False,True,4.561742365039021e-08,COMPLETE
999,0.5492242097854614,2025-03-31 21:40:34.301926,2025-03-31 21:40:41.613899,0 days 00:00:07.311973,0.11782106439629154,0.8677015343368482,16,0.04652294265147121,0.17570775359606977,0.008701348833648141,0.04455693101568125,0.09500897311840568,0.08660839637742035,0.0002580680046294052,25,76,0.04384773877500022,0.039706214615725724,False,False,True,1.4696149204111644e-08,COMPLETE
1000,0.3226675629615784,2025-03-31 21:40:41.937483,2025-03-31 21:40:48.671253,0 days 00:00:06.733770,0.09225183104937477,0.817633221235237,16,0.022006164311119812,0.1879517234340686,0.00715315331534385,0.05065573873040142,0.09399058383096465,0.08245811179179592,0.00018915322235196685,18,78,0.04651368672051007,0.07208584927952666,False,True,True,2.3853716704374856e-08,COMPLETE
1001,0.3909954309463501,2025-03-31 21:40:48.999830,2025-03-31 21:40:56.323689,0 days 00:00:07.323859,0.1072425842755214,0.19719304446028685,16,0.1949804692890083,0.16401306220103884,0.012860291973803561,0.05397157744839082,0.09121612791178423,0.08031506538597592,0.0001480607376601662,26,65,0.04056726869496381,0.2695799694909757,False,False,True,1.852942753821956e-07,COMPLETE
1002,0.39436206817626956,2025-03-31 21:40:56.646656,2025-03-31 21:41:04.444982,0 days 00:00:07.798326,0.07349320339832595,0.7870040772377039,16,0.01246485829014906,0.15443007592875183,0.010150896332299722,0.04034192084708332,0.06025031976547331,0.08537256226131378,0.00029776428648852903,25,61,0.04253375732304928,0.05527845130081969,False,False,False,2.7368376026815354e-05,COMPLETE
1003,0.5577205657958985,2025-03-31 21:41:04.769732,2025-03-31 21:41:11.970144,0 days 00:00:07.200412,0.15879812394868612,0.7661508787524255,16,0.05437298729484932,0.17212146030959702,0.005294438436728662,0.04957276891531516,0.0973864448820309,0.07808176848218558,0.00021958183631277196,24,69,0.04480111050465828,0.06563961019498443,False,False,True,1.7700064994199794e-08,COMPLETE
1004,0.5537032008171082,2025-03-31 21:41:12.292304,2025-03-31 21:41:19.967541,0 days 00:00:07.675237,0.13370325117624382,0.8494314342420627,16,0.09420888131456259,0.16083008361131182,0.01475401054694084,0.04254692274194265,0.0901049474351769,0.08315444281080593,0.00018634294355516126,26,73,0.03745614606424752,0.04557387338038063,True,False,True,1.2863175008720578e-08,COMPLETE
1005,0.3894039273262024,2025-03-31 21:41:20.294747,2025-03-31 21:41:27.657030,0 days 00:00:07.362283,0.06606704139934877,0.11557655649518728,16,0.04597312428597309,0.18182964775551527,0.008589570175095656,0.04809969108985556,0.09514474711980389,0.08861011778557619,0.00025062294317469637,25,80,0.04105017349712934,0.13796442751505222,False,False,True,3.2751582466826215e-08,COMPLETE
1006,0.5417990446090698,2025-03-31 21:41:27.984159,2025-03-31 21:41:35.369153,0 days 00:00:07.384994,0.13070043892507371,0.8147260737648819,16,0.03864643382645286,0.16828135069036032,0.01207198627422373,0.052278502034044896,0.09210791031939675,0.07847747440949468,0.00015248325449093836,26,76,0.04730878118331584,0.052613068978344606,False,False,True,2.0135760571358907e-08,COMPLETE
1007,0.5029201626777648,2025-03-31 21:41:35.699137,2025-03-31 21:41:42.954082,0 days 00:00:07.254945,0.10568329745273915,0.7521213822254598,16,0.02674550812809494,0.1548185202539237,0.003041450320881632,0.03863674713992257,0.09810180837044766,0.08042950296332793,0.00010996859330485752,24,72,0.043282721532730245,0.06056271946338199,False,False,True,1.2827628098152717e-08,COMPLETE
1008,0.4023036003112793,2025-03-31 21:41:43.266271,2025-03-31 21:41:50.523431,0 days 00:00:07.257160,0.0784612711875945,0.7834120976930493,16,0.05731079764439868,0.1933604951797615,0.01029492895814241,0.055752188237691194,0.08910553400669555,0.07728943244227243,0.0003367805012626497,25,80,0.09066792524122799,0.0755160916108398,False,False,True,9.890904164427659e-08,COMPLETE
1009,0.43246053457260136,2025-03-31 21:41:50.847578,2025-03-31 21:41:58.156411,0 days 00:00:07.308833,0.057167100748689456,0.8026415729764234,16,0.06755522248158224,0.1628068821691724,0.006970008631009584,0.045846636762437123,0.09402228914981882,0.08128905860327927,0.00020916544107624674,26,28,0.03962947523580456,0.06796004873244782,False,False,True,2.6865103560082622e-08,COMPLETE
