number,value,datetime_start,datetime_complete,duration,params_alpha-eval,params_alpha-train,params_batch-size,params_eps-eval,params_eps-train,params_lambda-actions-eval,params_lambda-actions-train,params_lambda-frames-eval,params_lambda-frames-train,params_learning-rate,params_n-epochs,params_n-frames,params_radius-gw,params_rho,params_std-feats,params_ub-actions,params_ub-frames,params_weight-decay,state
338,0.5647976517677308,2025-03-31 20:10:11.389115,2025-03-31 20:10:18.995061,0 days 00:00:07.605946,0.031705948886726794,0.6902292024989904,16,0.04194855495346552,0.1491397893116797,0.01664815885363278,0.02840920344850996,0.0878364524470759,0.06805160534425742,0.00015902062525745633,28,87,0.03943646005814368,0.051623443252657934,False,False,True,0.0004486956841425427,COMPLETE
339,0.2707709610462189,2025-03-31 20:10:19.100556,2025-03-31 20:10:26.695692,0 days 00:00:07.595136,0.010069432903664743,0.6854563695513982,16,0.2708478540491743,0.14851392950524112,0.01663806817212722,0.03334214299660392,0.08902288806370931,0.06758675993060165,0.00013027805309512566,29,93,0.039532818127735896,0.05073216125349396,False,False,True,1.7181459226133896e-08,COMPLETE
340,0.49734126329422,2025-03-31 20:10:26.800053,2025-03-31 20:10:34.347110,0 days 00:00:07.547057,0.03309112760645673,0.7055260345720171,16,0.044188982052692095,0.16085340832126152,0.014701792970335073,0.02893991819026864,0.0882760617666488,0.0736085307398435,0.0001623567320627468,28,85,0.03438126011652712,0.058580864691255494,False,False,True,0.0005846819891416297,COMPLETE
341,0.5026282548904419,2025-03-31 20:10:34.464174,2025-03-31 20:10:43.519607,0 days 00:00:09.055433,0.047573147661715776,0.6647845766475389,8,0.04979132685116661,0.1454251986941106,0.018908276567847077,0.023567945810128124,0.0901430757890557,0.06982246134750472,6.736744264078907e-05,27,88,0.03979251568578816,0.06513553045694362,False,False,True,0.0004693745456056738,COMPLETE
342,0.3254284977912903,2025-03-31 20:10:43.627383,2025-03-31 20:10:51.154039,0 days 00:00:07.526656,0.029546621818517745,0.7288393482791916,16,0.06029235214857609,0.13950251076730025,0.017141099464675725,0.0449615312250956,0.08739113169068559,0.06318158058258637,0.00011092976088689857,27,83,0.04189651004771731,0.051500416654689164,False,True,True,0.000694303310372218,COMPLETE
343,0.5493404865264893,2025-03-31 20:10:51.260282,2025-03-31 20:10:58.742048,0 days 00:00:07.481766,0.010042326840218723,0.6943286039827057,16,0.04163316110553482,0.15667715368305093,0.014289068034079994,0.04141945957736709,0.08540910056968357,0.06898462847429362,0.00013808822361559522,28,86,0.03694671911589849,0.059121449652802485,False,False,True,0.00021888949444157178,COMPLETE
344,0.5509913206100464,2025-03-31 20:10:58.849887,2025-03-31 20:11:06.401928,0 days 00:00:07.552041,0.04680311061730709,0.6755395634627747,16,0.03715955176766481,0.13766588892526016,0.05590578785490726,0.021724762853497007,0.09049816768932151,0.0711962048079624,0.0001583372243380096,28,80,0.045374228895218416,0.05138849139095417,False,False,True,0.0008146066881357333,COMPLETE
345,0.3945671081542969,2025-03-31 20:11:06.520916,2025-03-31 20:11:14.824036,0 days 00:00:08.303120,0.06428188700785925,0.7141264839569188,16,0.044635260543272666,0.15319151149141164,0.011884137968767364,0.037038811515561126,0.08856520614697745,0.06908600771316414,0.00020221364219472586,29,90,0.04046341455074065,0.05529767126513494,False,False,False,0.00011520134447733374,COMPLETE
346,0.48527643680572513,2025-03-31 20:11:14.932211,2025-03-31 20:11:22.590099,0 days 00:00:07.657888,0.031199789315540266,0.73606239605931,16,0.05356027633412895,0.11546286590488003,0.02094228227844689,0.031273201277148915,0.09050555146557056,0.06542924796278073,0.00026558969499084986,27,82,0.04447843968430859,0.06433601788695785,True,False,True,0.0003316747763402121,COMPLETE
347,0.31734583973884584,2025-03-31 20:11:22.698209,2025-03-31 20:11:30.109360,0 days 00:00:07.411151,0.9666681465113031,0.6433284049565582,16,0.034987424783794185,0.13087171708056736,0.015035931401974663,0.04604922090434813,0.08481522382857805,0.06674058395038397,0.0001674128262716709,27,79,0.047531991856363115,0.04849861430314443,False,False,True,0.0003809081667558789,COMPLETE
348,0.554163658618927,2025-03-31 20:11:30.217186,2025-03-31 20:11:37.615585,0 days 00:00:07.398399,0.07323998039538744,0.6953650321575894,16,0.06734061475528112,0.1429356347494995,0.044471063344436935,0.028649806575663062,0.08678621106395812,0.07188815855866514,0.00022792788507356243,26,77,0.04271624331060027,0.04150425429194036,False,False,True,6.463865399368325e-05,COMPLETE
349,0.4535194158554077,2025-03-31 20:11:37.735053,2025-03-31 20:11:45.214010,0 days 00:00:07.478957,0.04404480801339063,0.564527386995578,16,0.03850954966943695,0.2801691013706602,0.009516769021034908,0.043650667573792545,0.09096306836503994,0.07488700924696316,0.00018409212655967985,27,82,0.04558474715543171,0.0590660571024479,False,False,True,1.3062506349942392e-08,COMPLETE
350,0.5511623024940491,2025-03-31 20:11:45.322637,2025-03-31 20:11:52.795457,0 days 00:00:07.472820,0.02594739231695325,0.6651731724679852,16,0.05584179687920029,0.16580477447903097,0.017262659662757265,0.050673956305579824,0.08883267304603441,0.06701030490936709,0.00013845316190552157,27,85,0.03806506622734442,0.04994491510463275,False,False,True,0.0005367816979508002,COMPLETE
351,0.5531240701675415,2025-03-31 20:11:52.904241,2025-03-31 20:12:00.538995,0 days 00:00:07.634754,0.060725045432945934,0.7260015599709201,16,0.04904399633894816,0.12294899925465048,0.013103082638683684,0.0478428848446323,0.0870578402619361,0.07009509035355245,0.00021678980319347584,28,98,0.041915005253035854,0.05568837328693761,False,False,True,1.7276697915439135e-08,COMPLETE
352,0.5590743184089662,2025-03-31 20:12:00.649213,2025-03-31 20:12:08.038143,0 days 00:00:07.388930,0.0439874410914393,0.7446228402494705,16,0.04266133013612443,0.11515746615348725,0.019935621138337033,0.03829011621381326,0.08253628014390726,0.06432980005600436,0.0002722752059498723,26,86,0.03525701768447902,0.06501202554922116,False,False,True,2.2120429958706072e-08,COMPLETE
353,0.5380433082580567,2025-03-31 20:12:08.157902,2025-03-31 20:12:15.716065,0 days 00:00:07.558163,0.07428028467514791,0.7105136648773682,16,0.033076447168909125,0.1319204012539511,0.01598272773803579,0.054937794900942555,0.08491624745143998,0.08067686288150011,0.0001748232126967137,28,94,0.046933092645899614,0.037574538668315394,False,False,True,1.274528937143832e-08,COMPLETE
354,0.5135973811149598,2025-03-31 20:12:15.826064,2025-03-31 20:12:23.293453,0 days 00:00:07.467389,0.026409173618432282,0.6793692645888658,16,0.03724433555022476,0.17457277914024405,0.011104106528585955,0.05028809912735996,0.09023860703138603,0.07624987590285615,8.996543814543756e-05,27,80,0.04052371224372342,0.044751506420063945,False,False,True,2.495704493392006e-08,COMPLETE
355,0.29797786474227905,2025-03-31 20:12:23.407594,2025-03-31 20:12:30.711515,0 days 00:00:07.303921,0.9250288889605015,0.7729344018610832,16,0.047443420634778924,0.12649192164040873,0.014078976208424228,0.03533674948451129,0.08707661890471834,0.07293954007590159,0.00011839503974244639,26,77,0.0443125738257645,0.053829725923295504,False,False,True,1.787915223800393e-08,COMPLETE
356,0.5562283754348755,2025-03-31 20:12:30.821969,2025-03-31 20:12:38.394737,0 days 00:00:07.572768,0.012065621664718112,0.7001262858661182,16,0.02910461635154171,0.14614588467315592,0.059252509741961654,0.048842930058924275,0.09112676868554341,0.08312487218884168,0.00021047197941711734,29,71,0.0477359116637629,0.06124844106586862,False,False,True,1.3792106346192159e-08,COMPLETE
357,0.32223995923995974,2025-03-31 20:12:38.515601,2025-03-31 20:12:45.962515,0 days 00:00:07.446914,0.7041884554566397,0.7284179079121088,16,0.0404227645365,0.12052071025733799,0.017978360507956016,0.025798082255479568,0.08843794866731125,0.08065591834703204,1.974849228889792e-05,27,75,0.03981802529789054,0.04772076969198621,False,False,True,2.4676530274731218e-08,COMPLETE
358,0.5462517976760864,2025-03-31 20:12:46.076483,2025-03-31 20:12:53.723403,0 days 00:00:07.646920,0.08548580392839772,0.7771801604386154,16,0.03407365570268865,0.11211709719781501,0.012283491294743423,0.056289792313140755,0.08504710775452451,0.07894421866144898,0.00014743170515392728,28,91,0.042743331125848695,0.040454724878718894,False,False,True,1.773432292646432e-08,COMPLETE
359,0.47821207046508796,2025-03-31 20:12:53.836186,2025-03-31 20:13:01.199883,0 days 00:00:07.363697,0.043190264257024776,0.6549780186239113,16,0.025969897864618154,0.13495146320878276,0.01613436798478635,0.04623041703921904,0.088325860694112,0.07713546022164572,0.00023748283462392386,26,81,0.03226575907575048,0.29265896315319484,False,False,True,1.112134283038968e-08,COMPLETE
360,0.4745739340782166,2025-03-31 20:13:01.321961,2025-03-31 20:13:21.129205,0 days 00:00:19.807244,0.06131924225375676,0.7442971879666245,2,0.05606717035676097,0.12289355571972294,0.0627903368911712,0.0423288021036412,0.0905426923792228,0.0817133832278676,0.0051958491479289865,27,87,0.03687981789552348,0.030638405069123964,False,False,True,0.0008926280368627007,COMPLETE
361,0.39676222801208494,2025-03-31 20:13:21.240462,2025-03-31 20:13:28.545251,0 days 00:00:07.304789,0.0298773406454216,0.2310671492258271,16,0.04561574839643995,0.138884574770397,0.052843258970909884,0.05072923868040788,0.08647789418899116,0.06827333748136549,0.00018547271655037614,26,76,0.04986125629895112,0.05440686937636345,False,False,True,0.00025321047544437476,COMPLETE
362,0.3222287297248841,2025-03-31 20:13:28.658984,2025-03-31 20:13:37.945655,0 days 00:00:09.286671,0.08530574860553501,0.6023134328011815,8,0.0326129304030089,0.12938117815482789,0.022648577105466073,0.04029303431624874,0.08236504142567731,0.0832588465358602,0.00016668868084505607,28,71,0.045681655365791905,0.06513457206784853,False,True,True,1.4819370086001967e-08,COMPLETE
363,0.5548243522644043,2025-03-31 20:13:38.058427,2025-03-31 20:13:45.504441,0 days 00:00:07.446014,0.049772855154665785,0.6839999224489665,16,0.040448609206649534,0.1129578300107161,0.01848065146860657,0.054734286183341876,0.09129299651235741,0.07398403067881218,0.00025522435985143513,27,83,0.042828371760627405,0.048888133831315746,False,False,True,2.5424539352957937e-08,COMPLETE
364,0.39576693773269656,2025-03-31 20:13:45.628135,2025-03-31 20:13:53.840912,0 days 00:00:08.212777,0.012158937940520366,0.8021960673008907,16,0.048487110541972425,0.15630829015526168,0.01011072394299401,0.0473824574958661,0.03860978731665829,0.07763254513661647,0.00013139500040288129,28,74,0.03865787032986126,0.05945103068629263,False,False,False,2.1501357228832412e-08,COMPLETE
365,0.5465630054473877,2025-03-31 20:13:53.958418,2025-03-31 20:14:01.332813,0 days 00:00:07.374395,0.06499474448629779,0.721850741909697,16,0.025812045407848337,0.11704487760023584,0.014226889587078751,0.04366111949545213,0.08909249867820716,0.06059217755212133,0.0002071786788241776,26,70,0.048502197924836996,0.03584010737724515,False,False,True,1.7367090306414097e-08,COMPLETE
366,0.49526157379150393,2025-03-31 20:14:01.447326,2025-03-31 20:14:09.051891,0 days 00:00:07.604565,0.03119779225095504,0.445391225081675,16,0.0326441336002591,0.12504740730530614,0.02015907795121423,0.052390338369214744,0.08508627572959898,0.08015101372644319,0.00029118708863144847,27,79,0.04412243788703899,0.04337669812619743,True,False,True,0.0004529893458473035,COMPLETE
367,0.4836336731910706,2025-03-31 20:14:09.166184,2025-03-31 20:14:16.823521,0 days 00:00:07.657337,0.0846878123212565,0.7053114493658748,16,0.07682356994694212,0.14970787536054958,0.015981039049028666,0.04993774822132296,0.08760064191556279,0.07089670114315193,0.00015402354179309158,29,145,0.04094100727392098,0.05108599229600371,False,False,True,1.2633715565837447e-08,COMPLETE
368,0.5656884670257568,2025-03-31 20:14:16.948464,2025-03-31 20:14:24.307311,0 days 00:00:07.358847,0.010439859910856393,0.7740786710133498,16,0.04111884875210186,0.13460042818969392,0.025496189308157953,0.030483347042497645,0.09134062434096107,0.07564103596220702,0.00019742912270681714,26,77,0.04728986144259597,0.058398406269144366,False,False,True,1.0045250349772601e-08,COMPLETE
369,0.5024081587791442,2025-03-31 20:14:24.422372,2025-03-31 20:14:31.837354,0 days 00:00:07.414982,0.010063266025760725,0.76559446820861,16,0.053572913276119356,0.1336650801764639,0.02462963769526045,0.030305683897743338,0.08924666778431582,0.0744158878205524,0.00010478644240346102,27,78,0.04704206757702401,0.06485034290381078,False,False,True,1.0279469871583623e-08,COMPLETE
370,0.4906517624855042,2025-03-31 20:14:31.954507,2025-03-31 20:14:38.203368,0 days 00:00:06.248861,0.010035377643210212,0.7487781535639656,16,0.04025243326461205,0.14249801612205681,0.020291862638346043,0.035277724826352476,0.09176088402961946,0.07519349196785197,0.0002231663099835204,13,81,0.04485709088947885,0.06844947908114206,False,False,True,1.2234092290526668e-08,COMPLETE
371,0.551488721370697,2025-03-31 20:14:38.329665,2025-03-31 20:14:45.835826,0 days 00:00:07.506161,0.046082164926863234,0.6215795032861053,16,0.045059988058805046,0.13784538191673196,0.025404086038297535,0.037868644563302946,0.08620281166809127,0.0767939195472805,0.00017816629248463406,28,74,0.041920147866438426,0.05848903085757226,False,False,True,1.0324666860287268e-08,COMPLETE
372,0.5140479564666749,2025-03-31 20:14:45.951770,2025-03-31 20:14:53.392014,0 days 00:00:07.440244,0.37829075912914656,0.6859186349843488,16,0.036376333846005714,0.12922851784659592,0.03839384992747668,0.031600456172362665,0.08817449996176385,0.07832991794882692,0.0003106217737034274,27,84,0.028279911364131147,0.05719743461239583,False,False,True,1.5831411786381398e-08,COMPLETE
373,0.5167881011962892,2025-03-31 20:14:53.507806,2025-03-31 20:15:00.857234,0 days 00:00:07.349428,0.030459880712785697,0.7152698932321474,16,0.06349348185531298,0.14680089095271262,0.017062188371533032,0.030622412509394306,0.08372615581177653,0.07209050650823526,0.00013159677878015196,26,77,0.04562861672839934,0.06761815253460239,False,False,True,2.805541849062823e-08,COMPLETE
374,0.5486932396888733,2025-03-31 20:15:00.975040,2025-03-31 20:15:08.442928,0 days 00:00:07.467888,0.05271624790659277,0.7675003469334349,16,0.05147282843165994,0.1331897645491911,0.020871140314055334,0.025857322741679723,0.09228872318952386,0.07608864166768779,0.0002618245925041472,28,88,0.039524570953851555,0.053389559602228125,False,False,True,0.000691268551463706,COMPLETE
375,0.4987778663635254,2025-03-31 20:15:08.570874,2025-03-31 20:15:15.213449,0 days 00:00:06.642575,0.026855976041589735,0.7328127829823863,16,0.04362718461832902,0.12134932500331955,0.017674679639548822,0.02938747558724558,0.09004374192386462,0.0690584539768899,0.00015532963958895306,17,73,0.04844050582537543,0.06162364283517416,False,False,True,1.3644159258056848e-08,COMPLETE
376,0.5606930971145629,2025-03-31 20:15:15.330424,2025-03-31 20:15:22.797052,0 days 00:00:07.466628,0.05774389636270337,0.7877008240024731,16,0.031292480573919416,0.14121678874879132,0.01511864993491328,0.04698883568684624,0.0865234157732738,0.08052796913454396,0.00020177696959128798,27,77,0.0435309925574542,0.0496532254465204,False,False,True,0.00017445693654023355,COMPLETE
377,0.5582661509513855,2025-03-31 20:15:22.913865,2025-03-31 20:15:30.322893,0 days 00:00:07.409028,0.06655222161199725,0.7779037494833888,16,0.027917398454981434,0.14158980536067878,0.022480823796292355,0.027286699874583493,0.08452564834267001,0.07890307038683478,0.00020700709605794593,27,77,0.04369573110357856,0.04888686969437658,False,False,True,0.00015494307415760442,COMPLETE
378,0.5542331814765931,2025-03-31 20:15:30.440704,2025-03-31 20:15:37.891509,0 days 00:00:07.450805,0.03895919693078313,0.7862283562857577,16,0.03460967247171291,0.1489440235642545,0.014894089666352655,0.04584309088011417,0.08226881822698374,0.08202752891098217,0.00017977808346810375,27,80,0.046455673824853376,0.0416385825778999,False,False,True,0.0003528008796265078,COMPLETE
379,0.3952432155609131,2025-03-31 20:15:38.019347,2025-03-31 20:15:45.382817,0 days 00:00:07.363470,0.05996363978900787,0.04663325553104303,16,0.025292186159635723,0.15733430469268198,0.0191426963227573,0.048923006328390084,0.08681183057531894,0.0802987724470449,0.0002328580948943709,26,71,0.041906403036463744,0.0547192545505715,False,False,True,0.00018170991897089353,COMPLETE
380,0.5696769237518311,2025-03-31 20:15:45.501097,2025-03-31 20:15:53.057407,0 days 00:00:07.556310,0.02720125762760292,0.8015691355401093,16,0.03891488730142494,0.14064236627575571,0.013795078266232932,0.033108704101859385,0.0859527748639906,0.07757694544287669,0.00015673457472515113,28,76,0.044083903625309416,0.06014259034822842,False,False,True,0.00012025815863277727,COMPLETE
381,0.5476530432701111,2025-03-31 20:15:53.178037,2025-03-31 20:16:00.737482,0 days 00:00:07.559445,0.027694163567019398,0.8022594195661968,16,0.038793821768632344,0.14118737080146845,0.013539977193091843,0.02931691297821281,0.08392583310077067,0.07794838383240049,0.00012036540842024037,28,75,0.043930180981594985,0.04915191317055677,False,False,True,9.102003091607185e-05,COMPLETE
382,0.3226675629615784,2025-03-31 20:16:00.866647,2025-03-31 20:16:08.503894,0 days 00:00:07.637247,0.03189924687773662,0.8056188571356152,16,0.031813528618994835,0.1505119623056541,0.009176553588838806,0.03369047181910697,0.08579501219928194,0.0755925454210304,0.00014601207895571946,29,77,0.04557237609906707,0.060075713745714014,False,True,True,0.000123173470584312,COMPLETE
383,0.5041808843612672,2025-03-31 20:16:08.622688,2025-03-31 20:16:29.099909,0 days 00:00:20.477221,0.04793404590449468,0.7555819139364776,2,0.04189297522723212,0.13639318882042464,0.015526264593167319,0.030930424157778774,0.07965850357830467,0.07942300730902953,0.00016293799165253975,28,81,0.04062032344373579,0.040751089977970396,False,False,True,5.8183620833702456e-05,COMPLETE
384,0.5373438358306886,2025-03-31 20:16:29.221986,2025-03-31 20:16:36.739221,0 days 00:00:07.517235,0.024977744590252142,0.7849561030016469,16,0.04653173555581137,0.14402476556425675,0.011683008363343475,0.03228961565887814,0.08113720644750007,0.08072697608014523,0.00012080320302581066,27,72,0.04291600991906697,0.05427932313761836,False,False,True,0.00023523814246834653,COMPLETE
385,0.5558011531829834,2025-03-31 20:16:36.870538,2025-03-31 20:16:44.382949,0 days 00:00:07.512411,0.04639233326950365,0.8088203604231807,16,0.03435438673598297,0.1335335735255176,0.0174161201098971,0.03348884630723195,0.08781282871105484,0.0772450830869119,0.00019112264237199309,28,79,0.038499083403230584,0.0472029643449798,False,False,True,0.00011249760329184861,COMPLETE
386,0.5125792503356934,2025-03-31 20:16:44.502948,2025-03-31 20:16:53.661520,0 days 00:00:09.158572,0.010458852067206958,0.7645058520539405,8,0.03906489168375553,0.1533847689362167,0.013290528307677582,0.039803408735817766,0.08612279451768946,0.08213102454047644,0.0001513030595212985,27,75,0.04732016386588595,0.02738692264824305,True,False,True,1.008474883425874e-08,COMPLETE
387,0.3943318724632263,2025-03-31 20:16:53.782558,2025-03-31 20:17:02.019094,0 days 00:00:08.236536,0.07063099555202751,0.6579227386825268,16,0.050529875049104375,0.16968018303778581,0.015470620470859446,0.04379315699848041,0.03384315470094727,0.072750279872827,0.00010130555504605315,29,70,0.043959254272144796,0.03532749596723561,False,False,False,0.00029197558564319115,COMPLETE
388,0.5660096883773804,2025-03-31 20:17:02.140073,2025-03-31 20:17:09.708480,0 days 00:00:07.568407,0.010001763891326532,0.7416588058698318,16,0.030654732247405753,0.1384569353933525,0.011305243952332612,0.034977394750541776,0.08857389490220816,0.07566531198195174,0.0001877779257462519,28,84,0.041465161600076315,0.05632852960216308,False,False,True,0.00019956052728211537,COMPLETE
389,0.5149704575538636,2025-03-31 20:17:09.840440,2025-03-31 20:17:17.460291,0 days 00:00:07.619851,0.604058647756246,0.746292543925193,16,0.023422979167215252,0.1449995652715963,0.010502733374544385,0.03233462459173352,0.08941788684669637,0.07487212738234647,0.00013660429231261598,29,84,0.0491413574158603,0.06081133891200015,False,False,True,0.0001805023423708917,COMPLETE
390,0.4827649831771851,2025-03-31 20:17:17.582496,2025-03-31 20:17:25.158076,0 days 00:00:07.575580,0.4331650835797152,0.8134922022271075,16,0.02968174123079366,0.13939376539174259,0.009756385747384865,0.026692691671053138,0.060222176983392744,0.07725225810620265,0.00018339269773791963,28,131,0.04087799632547267,0.05414453849377729,False,False,True,0.00012010976181873923,COMPLETE
391,0.4813459992408753,2025-03-31 20:17:25.280716,2025-03-31 20:17:32.836343,0 days 00:00:07.555627,0.03867915714420612,0.7952110820697121,16,0.028939826800759204,0.1594697958103764,0.013071865523371723,0.036031019524511106,0.0889523160320361,0.08036372394479613,0.00016441095232418046,28,120,0.045654642166085814,0.06325408772043382,False,False,True,0.0004402738046888686,COMPLETE
392,0.4627747893333435,2025-03-31 20:17:32.970231,2025-03-31 20:17:38.867450,0 days 00:00:05.897219,0.06159975443685111,0.7747647014667325,16,0.035199988096776234,0.13785034493819415,0.026938911126191144,0.04729610364397721,0.015219224114791166,0.08314892758013476,0.0002021726164238296,9,85,0.037009892141499634,0.0581391622921878,False,False,True,0.0001554328371449715,COMPLETE
393,0.5564888000488282,2025-03-31 20:17:38.987963,2025-03-31 20:17:46.577592,0 days 00:00:07.589629,0.011370192301662526,0.7529464612951096,16,0.023030790030368696,0.1475533830640847,0.011060266387853155,0.058103411235326044,0.08413417457840665,0.0782555080174927,0.00013771545747023257,28,81,0.04077192710388671,0.052631007673077615,False,False,True,0.00010536840831889707,COMPLETE
