number,value,datetime_start,datetime_complete,duration,params_alpha-eval,params_alpha-train,params_batch-size,params_eps-eval,params_eps-train,params_lambda-actions-eval,params_lambda-actions-train,params_lambda-frames-eval,params_lambda-frames-train,params_learning-rate,params_n-epochs,params_n-frames,params_radius-gw,params_rho,params_std-feats,params_ub-actions,params_ub-frames,params_weight-decay,state
450,0.541851258277893,2025-03-31 20:25:17.314274,2025-03-31 20:25:37.486629,0 days 00:00:20.172355,0.030455188155247413,0.7320082646716259,2,0.018776018945421975,0.13720094096128838,0.018173389757042954,0.0378400444784434,0.0810730364160922,0.07445592556443525,0.00020449681907116482,28,63,0.05102604673907508,0.06435987478300158,False,False,True,1.0179421212179194e-08,COMPLETE
451,0.5448092103004456,2025-03-31 20:25:37.642165,2025-03-31 20:25:45.052506,0 days 00:00:07.410341,0.07577947335170057,0.7771297709053886,16,0.039736279719521636,0.12915593092255218,0.021563040541452996,0.07772676975825484,0.08951158087816523,0.07719732380466872,0.00015222095396904273,27,76,0.04814110374668713,0.03614933010930951,False,False,True,2.828272282200007e-08,COMPLETE
452,0.5477555274963379,2025-03-31 20:25:45.195609,2025-03-31 20:25:52.933807,0 days 00:00:07.738198,0.010765506807537099,0.6936497234045488,8,0.0336601810703806,0.15755109328703135,0.042903389972446776,0.03366973342056776,0.09398017707207336,0.08198026028687558,0.00022853544580197138,18,82,0.04507469965432696,0.04863117011528969,False,False,True,0.0002523426296217261,COMPLETE
453,0.5078628063201904,2025-03-31 20:25:53.075423,2025-03-31 20:26:00.586079,0 days 00:00:07.510656,0.05030128907238128,0.6448999674478303,16,0.026501822203596495,0.10882373330750303,0.014042446788515446,0.048030685196819016,0.0868103762793196,0.0837328517376563,0.00028800575621319637,28,69,0.039109697807387836,0.05782074248116375,False,False,True,2.1369776805354483e-08,COMPLETE
454,0.4824259400367737,2025-03-31 20:26:00.738808,2025-03-31 20:26:08.152466,0 days 00:00:07.413658,0.10085575185862722,0.7932826843830056,16,0.045669390496645035,0.14483568929398327,0.009526788684442653,0.031282640509758014,0.08368635114805614,0.07939846159085491,0.00012480346941968787,26,65,0.04300288626241459,0.03943381678361384,False,False,True,1.4149566859802887e-08,COMPLETE
455,0.5495482206344605,2025-03-31 20:26:08.295033,2025-03-31 20:26:15.728431,0 days 00:00:07.433398,0.06288197331331402,0.7502737649312212,16,0.022304900454560492,0.12313779849701974,0.011222007673604928,0.05258750839984805,0.09143613288786465,0.08588452309094695,0.00018553089771887075,27,72,0.0541777403741266,0.06813607321623236,False,False,True,3.808120472011856e-08,COMPLETE
456,0.39577651023864746,2025-03-31 20:26:15.871945,2025-03-31 20:26:23.464126,0 days 00:00:07.592181,0.026980935761620396,0.6162989366893684,16,0.040322119913924294,0.11592810358179584,0.01555564737492649,0.041016343191746296,0.08919613429457603,0.06930944665960191,0.00015134166365308291,29,19,0.04906265774347396,0.02626306772762401,False,False,True,1.867412941825702e-08,COMPLETE
457,0.566415286064148,2025-03-31 20:26:23.618738,2025-03-31 20:26:31.203037,0 days 00:00:07.584299,0.11958270584727365,0.7170138085548835,16,0.050352628168222335,0.15161443526328644,0.006243783857176749,0.04429839927991917,0.08686086724922779,0.07581933664276976,0.00021371101859243808,28,74,0.04170263291846433,0.05228883511326947,False,False,True,1.27305665708174e-08,COMPLETE
458,0.5002918004989625,2025-03-31 20:26:31.345271,2025-03-31 20:26:38.990978,0 days 00:00:07.645707,0.11016289886946287,0.7187400074785154,16,0.07079615870802877,0.1593359747936486,0.009379454749253363,0.045014755775933016,0.08541611495773786,0.07584840351935943,0.0001802543534928124,29,74,0.040070053211967126,0.05214367407675406,False,False,True,1.0233681581471863e-08,COMPLETE
459,0.4758066654205323,2025-03-31 20:26:39.135469,2025-03-31 20:26:46.673487,0 days 00:00:07.538018,0.09204080094676907,0.6774727531251834,16,0.05300074333433384,0.15036937755190566,0.003666883681097401,0.04313518335760754,0.08729361651346909,0.07312324858359508,8.156048986676405e-05,28,76,0.0355180446029637,0.04196457342476861,False,False,True,1.2802756533190047e-08,COMPLETE
460,0.32676070928573614,2025-03-31 20:26:46.826891,2025-03-31 20:26:54.337791,0 days 00:00:07.510900,0.12241210490241303,0.702503593950025,16,0.05776530261601122,0.15351097758785867,0.007707299311811678,0.04621137355577994,0.08225999753674106,0.0787091231179796,0.00012388482334342588,28,79,0.04192451174830474,0.04621869804089125,False,True,True,1.7008263765643583e-08,COMPLETE
461,0.5573598146438599,2025-03-31 20:26:54.484571,2025-03-31 20:27:02.032041,0 days 00:00:07.547470,0.07841263212281932,0.7353913318299652,16,0.06463513657111457,0.13962308000640042,0.007054187530712813,0.043914734098572564,0.08533420900517112,0.0746273099830586,0.00023369126027466332,28,69,0.044977782400056475,0.05915726618562689,False,False,True,1.3389418725390586e-08,COMPLETE
462,0.41364127397537237,2025-03-31 20:27:02.175858,2025-03-31 20:27:10.459562,0 days 00:00:08.283704,0.044641481999718326,0.7603874967029586,16,0.04934348019751628,0.14682529490715246,0.006216501057836438,0.04165820515942605,0.08759973299910437,0.07721865012609712,2.6711303130052057e-05,29,74,0.03771405240287098,0.05233356013585787,False,False,False,1.495985862342e-08,COMPLETE
463,0.5381400227546692,2025-03-31 20:27:10.616027,2025-03-31 20:27:18.106590,0 days 00:00:07.490563,0.05944956860344667,0.718827399075975,16,0.04183381535035743,0.164874927163421,0.0037479255239158344,0.049397942974355014,0.08386833050238698,0.07633102041747802,0.0002787704168927243,27,77,0.04168027431937079,0.03349534894598019,False,False,True,1.0022629982770115e-08,COMPLETE
464,0.5160600423812867,2025-03-31 20:27:18.252595,2025-03-31 20:27:25.811322,0 days 00:00:07.558727,0.03133961026860792,0.6880316915222439,16,0.03482704192923857,0.13521758133433817,0.005596910836201165,0.04758895571432732,0.0891300522346417,0.07074042506918461,0.0001534044870326788,27,71,0.04395200422633559,0.047932644087951434,True,False,True,2.277630861522098e-08,COMPLETE
465,0.29470686912536626,2025-03-31 20:27:25.971866,2025-03-31 20:27:33.436313,0 days 00:00:07.464447,0.010280661965084158,0.8248052191069905,16,0.2412643991610354,0.15500466970464688,0.03595485081339985,0.0559138868791389,0.07769797446434001,0.08147032239305321,0.00019469606091262933,28,83,0.046416198504096826,0.06101013996040184,False,False,True,0.00048236366403387766,COMPLETE
466,0.5635867476463319,2025-03-31 20:27:33.582761,2025-03-31 20:27:41.068431,0 days 00:00:07.485670,0.08150448440758512,0.743981852483358,16,0.05023022796031717,0.14383269418580427,0.013026431440026538,0.036546599704358196,0.08656078403046023,0.07250638911258582,0.00021210750822268424,27,79,0.0402220126200296,0.0538393253722948,False,False,True,1.2745280370071566e-08,COMPLETE
467,0.5460882186889648,2025-03-31 20:27:41.213908,2025-03-31 20:27:48.750767,0 days 00:00:07.536859,0.0955421445196842,0.7636146400447668,16,0.05249098692687628,0.15535128640757426,0.01064719600237021,0.0446736146608498,0.08671135042635825,0.07513682201676979,0.00033792592130819503,28,86,0.03911235957965522,0.05533131695723858,False,False,True,1.1930106050312616e-08,COMPLETE
468,0.5683827042579651,2025-03-31 20:27:48.909132,2025-03-31 20:27:56.397555,0 days 00:00:07.488423,0.11787580205459952,0.7105911125653513,16,0.06035077892760132,0.14939140323204508,0.012543829715131207,0.050077817897262976,0.09033211665955468,0.07389273807146705,0.0002458986792351738,27,79,0.04012899952368644,0.06454497650364001,False,False,True,1.3208335236430895e-08,COMPLETE
469,0.5096412062644958,2025-03-31 20:27:56.546687,2025-03-31 20:28:04.094373,0 days 00:00:07.547686,0.12331367179546357,0.6985670435867251,16,0.061935817789772765,0.14978721663405092,0.012574307707339999,0.04913060914836051,0.09154192178964718,0.07335851647054668,0.0002986826742497736,28,81,0.03459164747436344,0.06585798966990254,False,False,True,1.3369124708968988e-08,COMPLETE
470,0.39024612903594974,2025-03-31 20:28:04.244756,2025-03-31 20:28:11.682163,0 days 00:00:07.437407,0.0979915592295645,0.3347699227210664,16,0.05736454060555177,0.1447189068590538,0.012770075827421151,0.029728429490516545,0.08802134785281376,0.07182593274199708,0.0002310882274380446,27,79,0.036250473867484194,0.06276039381349344,False,False,True,1.2470985259965858e-08,COMPLETE
471,0.5541368365287781,2025-03-31 20:28:11.840251,2025-03-31 20:28:19.251676,0 days 00:00:07.411425,0.125780227366905,0.715803847431945,16,0.05095455483814769,0.17403424997419342,0.010784349135476021,0.03482601814396641,0.0902930852344516,0.07302206691041803,0.00025699366083740174,27,84,0.040028109817670555,0.0683879836123215,False,False,True,1.0301945157862564e-08,COMPLETE
472,0.49858467578887944,2025-03-31 20:28:19.399897,2025-03-31 20:28:26.983155,0 days 00:00:07.583258,0.1160712203598368,0.6616772819258523,16,0.056654536334895665,0.161619098927612,0.007926424973253854,0.047483297028284674,0.08514555595771948,0.07553522479516783,9.555990357530514e-05,28,80,0.0384359294622917,0.057348382506132306,False,False,True,1.561178710128533e-08,COMPLETE
473,0.5630291700363159,2025-03-31 20:28:27.131770,2025-03-31 20:28:34.769101,0 days 00:00:07.637331,0.07484555551675529,0.6798919694573899,16,0.04847517076040795,0.14748272832470544,0.009099646134807838,0.026892149011109538,0.08809551562037955,0.076297109377171,0.000170492575593368,29,89,0.03995657509699888,0.062304182011123255,False,False,True,0.00020115090731506022,COMPLETE
474,0.5430855870246888,2025-03-31 20:28:34.926756,2025-03-31 20:28:42.675691,0 days 00:00:07.748935,0.06480198200211823,0.6449807851966411,16,0.06382436087280667,0.1605819796268314,0.008531396775010486,0.02442622555946374,0.08896197004333375,0.07466628337228445,0.00014447369083405166,30,87,0.036893709473288905,0.07276364369630255,False,False,True,0.00016929886787957768,COMPLETE
475,0.48353117704391485,2025-03-31 20:28:42.826110,2025-03-31 20:29:03.727339,0 days 00:00:20.901229,0.047098880760218544,0.6807359420518231,2,0.04734360367231902,0.14781234110778516,0.005371768595885718,0.026113182715967697,0.09177368035173905,0.0727794399781663,0.004163394255489722,29,95,0.0404461493459863,0.06566982501853112,False,False,True,0.00019840843716827629,COMPLETE
476,0.5299785971641541,2025-03-31 20:29:03.892800,2025-03-31 20:29:13.220390,0 days 00:00:09.327590,0.08180738044641514,0.7087353352685765,8,0.05274626819991775,0.15174510485038592,0.01407086258332843,0.02733465711459942,0.08709234921823693,0.0769448697340691,0.0003653611019098734,29,92,0.03348473341034533,0.27671086486915025,False,False,True,0.00023256512839725903,COMPLETE
477,0.26339559555053715,2025-03-31 20:29:13.369052,2025-03-31 20:29:21.108564,0 days 00:00:07.739512,0.8829267434674613,0.6700307022713445,16,0.20271171911912428,0.1683988970298453,0.009029180470119797,0.029327723254820467,0.09036523137481346,0.07519587861192856,0.00017502445280852635,30,87,0.041789329652737996,0.061237641502100995,False,False,True,0.000338889711411596,COMPLETE
478,0.548825466632843,2025-03-31 20:29:21.258473,2025-03-31 20:29:28.891768,0 days 00:00:07.633295,0.09929995684495763,0.6904039235537451,16,0.04704846174362351,0.1420579193561305,0.011993509926319935,0.027908055979704666,0.08455166211267669,0.07768701133276316,0.00028203107320134334,29,90,0.03862958523237533,0.05699585561943137,False,False,True,0.0002564049877483316,COMPLETE
479,0.5174598574638367,2025-03-31 20:29:29.052454,2025-03-31 20:29:36.543234,0 days 00:00:07.490780,0.13521420923063326,0.7318564872180043,16,0.05827350669155751,0.1518146859795398,0.014424266577007443,0.0331962108408347,0.08651129723828037,0.07384147593847805,0.00012213119141931108,28,84,0.04004189958601286,0.07140196744387739,False,False,True,0.00039006094567489415,COMPLETE
480,0.5519660353660584,2025-03-31 20:29:36.695774,2025-03-31 20:29:44.409117,0 days 00:00:07.713343,0.04644766983337045,0.6544305405413514,16,0.04616306448653001,0.14297445782051404,0.0024835240218294705,0.021516831725608625,0.09258386095538501,0.07035555994144105,0.000226820857688206,30,89,0.04265068173523335,0.06269653205914517,False,False,True,1.250865676619486e-08,COMPLETE
481,0.32418742775917053,2025-03-31 20:29:44.560224,2025-03-31 20:29:52.280368,0 days 00:00:07.720144,0.062014866429848575,0.7084662750799949,16,0.05135948016321199,0.14697581281046865,0.006130857091264793,0.05235970673516795,0.08891323974653922,0.07607098335987826,0.00015928995188625676,29,79,0.037326335213829304,0.05389651680683902,False,True,True,1.0044687273835198e-08,COMPLETE
482,0.40670934915542606,2025-03-31 20:29:52.441746,2025-03-31 20:30:00.618891,0 days 00:00:08.177145,0.10832521470717728,0.7259415026891083,16,0.04372369245027263,0.15900263261025757,0.01252177849072286,0.022840675056485092,0.0901499420787912,0.06851266923778823,1.0407555651822941e-05,28,92,0.04131095100642092,0.059175486159241085,False,False,False,9.552413818498573e-05,COMPLETE
483,0.4939390063285828,2025-03-31 20:30:00.771657,2025-03-31 20:30:08.399592,0 days 00:00:07.627935,0.029677529112087517,0.6808635137310233,16,0.06878536441050564,0.14061651689953497,0.009726579917569741,0.031665045854238474,0.08624045229152663,0.07831190281063728,0.00019131354006687499,27,83,0.039316126011284924,0.0676924786299933,True,False,True,0.000629331598762881,COMPLETE
484,0.5188137412071228,2025-03-31 20:30:08.567928,2025-03-31 20:30:16.149090,0 days 00:00:07.581162,0.6718979934866244,0.6993600337311223,16,0.053065593931455546,0.15157966631858677,0.014127521769431696,0.05427882243780443,0.09395427426983716,0.07182508332995857,0.0002348944965003621,29,77,0.04348852619327424,0.0528850829439287,False,False,True,1.3766574629017738e-08,COMPLETE
485,0.5348051309585572,2025-03-31 20:30:16.300358,2025-03-31 20:30:23.812289,0 days 00:00:07.511931,0.01031128026489092,0.7409453503327815,16,0.0429768303106936,0.13719295353663027,0.01196857218420612,0.05820048526489563,0.08826993383324311,0.023784951487837783,0.00013083709074517737,28,81,0.041205631751078775,0.06290778756625783,False,False,True,1.6132114925244345e-08,COMPLETE
486,0.563525915145874,2025-03-31 20:30:23.964043,2025-03-31 20:30:31.407448,0 days 00:00:07.443405,0.08062774142560755,0.6304928719496251,16,0.047280913373090844,0.144001740792393,0.01647237752315234,0.05032262596999717,0.08394407044190486,0.07886400459977289,0.0002029725360046915,27,84,0.035813282130632215,0.05316507044550894,False,False,True,1.458547162840381e-08,COMPLETE
487,0.5098896145820618,2025-03-31 20:30:31.571389,2025-03-31 20:30:38.998469,0 days 00:00:07.427080,0.07230122483377172,0.6420880736557266,16,0.04926867013397212,0.14636376965937217,0.017266429179480135,0.05032663818278557,0.08029835417827816,0.0780871965205347,0.00028864267105129085,27,84,0.031953581554162364,0.05836846348522974,False,False,True,1.5251574144627802e-08,COMPLETE
488,0.5635503888130188,2025-03-31 20:30:39.151780,2025-03-31 20:30:46.609835,0 days 00:00:07.458055,0.4025053559828462,0.6562454837720245,16,0.060005982543632055,0.14176406824767915,0.015285896074001673,0.054006656368345674,0.08285184655770687,0.077033769458503,0.00021404441962132934,27,87,0.03491384749343791,0.052456063655356655,False,False,True,1.2088724299715862e-08,COMPLETE
489,0.5042098522186279,2025-03-31 20:30:46.762854,2025-03-31 20:30:54.284771,0 days 00:00:07.521917,0.6262898045169207,0.6367970091789381,16,0.06497307834963037,0.14379053536131484,0.016206530614492162,0.051483080304207264,0.0833292221122009,0.07470179819817588,0.0003729086791701497,27,86,0.03476161752578157,0.05021816362965909,False,False,True,1.0071383821006215e-08,COMPLETE
490,0.5005589604377747,2025-03-31 20:30:54.449281,2025-03-31 20:31:01.916450,0 days 00:00:07.467169,0.457886074976807,0.5874990859983988,16,0.07439480772722092,0.1548486083184466,0.017876332695428314,0.05373521373441029,0.08189214806405923,0.07631781749152125,0.0002522556827229083,27,88,0.032359561356517165,0.05356319341813018,False,False,True,1.2354431820545786e-08,COMPLETE
491,0.5412935495376587,2025-03-31 20:31:02.085040,2025-03-31 20:31:09.423092,0 days 00:00:07.338052,0.5671832420067304,0.6695874304465236,16,0.06464085674227346,0.14060449844672937,0.015431985787713699,0.052389739767620735,0.08363664213609982,0.07384327120880115,0.0003238220254985828,26,93,0.035445113174158,0.04945340070336962,False,False,True,0.00013643295510770275,COMPLETE
492,0.5054600834846497,2025-03-31 20:31:09.589689,2025-03-31 20:31:17.053229,0 days 00:00:07.463540,0.1177984907982849,0.6223094318302166,16,0.055353581833521265,0.14816175285673944,0.01503025819819329,0.026070151521422925,0.08466937696308866,0.07718738398652115,0.0002286907238241071,27,89,0.03067863661985967,0.055537914807797045,False,False,True,1.3938579444062047e-08,COMPLETE
493,0.5578962564468384,2025-03-31 20:31:17.208480,2025-03-31 20:31:24.707766,0 days 00:00:07.499286,0.3997024887134236,0.6578009677626833,16,0.0599139193699465,0.13587182878830045,0.018205314724651703,0.049455141807389046,0.08159582438216098,0.07948639041063435,0.00026583798905035246,27,95,0.03338846921255728,0.06438523763693133,False,False,True,1.2294827191429648e-08,COMPLETE
494,0.5589781761169434,2025-03-31 20:31:24.862753,2025-03-31 20:31:32.224384,0 days 00:00:07.361631,0.028505884544285875,0.6662716825229372,16,0.09687262345574184,0.14281243088606727,0.013844516405735799,0.031245562758192576,0.08579671548526609,0.07651266416983776,0.00019375114175448934,26,85,0.037067771467428644,0.046647560148646454,False,False,True,1.7046079311465792e-08,COMPLETE
495,0.5594150066375733,2025-03-31 20:31:32.390229,2025-03-31 20:31:39.816313,0 days 00:00:07.426084,0.08285507365003894,0.6311201558571702,16,0.05978896274119116,0.15396592276002385,0.02012962288309507,0.050429081481096615,0.08394016730662035,0.07886417333956983,0.00020986520621857214,27,91,0.03618758091942634,0.052637808140194815,False,False,True,1.243479453192643e-08,COMPLETE
496,0.5139126896858215,2025-03-31 20:31:39.972791,2025-03-31 20:31:59.864984,0 days 00:00:19.892193,0.3574918417808331,0.6832498651712037,2,0.05339333039142696,0.1367802029042963,0.016690956620340182,0.05327177281434737,0.08589867477573815,0.07320577858383395,0.0002953042704427119,27,82,0.03824787263855731,0.06874071694467963,False,False,True,0.0001894991614305314,COMPLETE
497,0.2709516763687134,2025-03-31 20:32:00.021636,2025-03-31 20:32:07.450031,0 days 00:00:07.428395,0.9911967472112393,0.6874305980603177,16,0.04729919406289436,0.14722377740035422,0.014758173312599295,0.054763943963858246,0.08222067997713822,0.07491853812550345,0.00020634399656081372,26,87,0.03561497825472627,0.05897598684455297,False,False,True,1.0124768035986703e-08,COMPLETE
498,0.5592474460601807,2025-03-31 20:32:07.616253,2025-03-31 20:32:15.197147,0 days 00:00:07.580894,0.05043035092271543,0.6161314155026985,16,0.07008840709802938,0.1409680404975036,0.011050924217295281,0.09080038095622234,0.08711280494579335,0.07775930299014715,0.0002391328860854432,28,81,0.037780859004291366,0.04788065983178466,False,False,True,1.573818350248463e-08,COMPLETE
499,0.5468800306320191,2025-03-31 20:32:15.354826,2025-03-31 20:32:24.379248,0 days 00:00:09.024422,0.5261945542046009,0.5421514713859705,8,0.05857904549054724,0.13322057957597763,0.017566319094179345,0.029379237627363945,0.0798825864250429,0.07905225422335073,0.0001663058221670463,27,84,0.03975822453436707,0.05435227667729308,False,False,True,1.2928286488221092e-08,COMPLETE
500,0.32308810949325567,2025-03-31 20:32:24.546912,2025-03-31 20:32:31.454095,0 days 00:00:06.907183,0.06539579677937446,0.6564923654251158,16,0.04324798779933507,0.15793645603372283,0.013408699651670509,0.03557726229866051,0.08443271776065892,0.07581150805425751,0.00019150506024401064,20,89,0.03441287897106921,0.0718611174231784,False,True,True,0.0002791535695295651,COMPLETE
501,0.5376169443130494,2025-03-31 20:32:31.612645,2025-03-31 20:32:39.013634,0 days 00:00:07.400989,0.13559305651521292,0.721243694699164,16,0.0812840512852593,0.16210450200423196,0.023888300152360015,0.04997767084317298,0.08730490946938273,0.07190632545262392,0.00014555934310139036,26,81,0.041581447141044454,0.06305191920674746,False,False,True,1.7225874773658028e-08,COMPLETE
502,0.3965296506881714,2025-03-31 20:32:39.170934,2025-03-31 20:32:47.305595,0 days 00:00:08.134661,0.10574262000045778,0.6730912928166648,16,0.05027745391352423,0.14866122565829865,0.01941892660031302,0.05242987696169253,0.08578664766431392,0.014150006644397202,0.00024856964191135873,28,78,0.03881138478029946,0.04572461655387998,False,False,False,1.000420681924633e-08,COMPLETE
503,0.4956480145454407,2025-03-31 20:32:47.472675,2025-03-31 20:32:55.106495,0 days 00:00:07.633820,0.029591327096900745,0.7439876655059747,16,0.04375561784321789,0.13840440888943467,0.01568810886032563,0.04649897225471408,0.08353912063134873,0.07983377383949318,0.001390664629846745,27,87,0.03677440205802929,0.2486052647168015,True,False,True,0.0004913441187280414,COMPLETE
504,0.48348636627197267,2025-03-31 20:32:55.264797,2025-03-31 20:33:02.978443,0 days 00:00:07.713646,0.08828127122942132,0.7074253973904634,16,0.052194245978023905,0.1533786123333316,0.009614229048172662,0.04880847141550835,0.08785623958933952,0.06991574155943397,0.08465791972275812,28,85,0.04290001946315377,0.05874740239401258,False,False,True,1.499389210246462e-08,COMPLETE
505,0.5621688008308411,2025-03-31 20:33:03.149047,2025-03-31 20:33:10.536796,0 days 00:00:07.387749,0.04547122976725045,0.6481256568725462,16,0.040994835683023055,0.13229900396450384,0.012114655161589981,0.03283415674907986,0.08883601121588292,0.07702635879359783,0.0003440026046073794,26,79,0.04021830824907247,0.05034328189902272,False,False,True,0.0008107777598859981,COMPLETE
