number,value,datetime_start,datetime_complete,duration,params_alpha-eval,params_alpha-train,params_batch-size,params_eps-eval,params_eps-train,params_lambda-actions-eval,params_lambda-actions-train,params_lambda-frames-eval,params_lambda-frames-train,params_learning-rate,params_n-epochs,params_n-frames,params_radius-gw,params_rho,params_std-feats,params_ub-actions,params_ub-frames,params_weight-decay,state
506,0.5458656072616577,2025-03-31 20:33:10.694198,2025-03-31 20:33:18.158343,0 days 00:00:07.464145,0.011361666978518405,0.6422913311530962,16,0.04719118205853845,0.13114892905759246,0.010777227858459332,0.03420793737984674,0.08521545232467044,0.07392034316897993,0.0003239253572940185,27,79,0.03988464191364451,0.041188484905669454,False,False,True,1.2555248590194049e-08,COMPLETE
507,0.5516613006591797,2025-03-31 20:33:18.315148,2025-03-31 20:33:25.880502,0 days 00:00:07.565354,0.04226808157799507,0.6464233044856039,16,0.05677886465234379,0.13418690895942112,0.00828834505324491,0.03175867666970003,0.0885966446972536,0.07695536690432962,0.0003565729178086383,28,82,0.037805337129359365,0.05407612599091751,False,False,True,0.0009086243209411761,COMPLETE
508,0.5109594821929933,2025-03-31 20:33:26.047733,2025-03-31 20:33:33.495740,0 days 00:00:07.448007,0.41296733527107,0.6236235584343726,16,0.04138894465459183,0.14079888997576656,0.02113546906157556,0.032634617262256554,0.08183080027611117,0.07621512343963803,0.0002796659760628823,27,76,0.03349258466929772,0.06480837904016465,False,False,True,0.0007200897777280318,COMPLETE
509,0.5604475259780884,2025-03-31 20:33:33.656459,2025-03-31 20:33:41.046431,0 days 00:00:07.389972,0.041295686483777044,0.6652984880284971,16,0.0488583199581545,0.14519661376448129,0.016685329589379114,0.02788178255247399,0.0784623196655772,0.07827364469396962,0.00021903464029712153,26,80,0.04062182607749593,0.057831275911503124,False,False,True,0.0009063149857039434,COMPLETE
510,0.5538975238800049,2025-03-31 20:33:41.216959,2025-03-31 20:33:48.927416,0 days 00:00:07.710457,0.030042860915129154,0.593284161076442,16,0.11347166248470363,0.13147911512434762,0.012005586016187841,0.03516740998735447,0.08697518956901779,0.07417355258328001,0.0003941824097096876,29,78,0.042040457702110456,0.047831752132081615,False,False,True,0.0006819549663894999,COMPLETE
511,0.5465534567832947,2025-03-31 20:33:49.086543,2025-03-31 20:33:56.659623,0 days 00:00:07.573080,0.010612695695006518,0.6848716669714172,16,0.0412928557807372,0.138299992533048,0.01861701500895328,0.030438304649190843,0.08867684660197672,0.04787788847549991,0.00017352944326911847,28,85,0.03637796826403956,0.040811873885050205,False,False,True,0.0005086965193098782,COMPLETE
512,0.4387988448143006,2025-03-31 20:33:56.819157,2025-03-31 20:34:04.323508,0 days 00:00:07.504351,0.05992447898062431,0.6521895442270594,16,0.062094871440838015,0.14839869086647892,0.01492736213378519,0.03348830857953748,0.0845240048052935,0.07965783962298495,0.00010448833273296474,27,82,0.0394563339340461,0.22672611048491353,False,False,True,0.00040176452494862497,COMPLETE
513,0.4314751267433167,2025-03-31 20:34:04.496687,2025-03-31 20:34:11.884182,0 days 00:00:07.387495,0.7493429039205973,0.7228937431686326,16,0.052305679597012426,0.14368639294096502,0.013173058423250485,0.03720926594619791,0.08624612003038475,0.07189692269791476,0.00026486252803422847,26,91,0.04371957732366301,0.051786906186037034,False,False,True,0.0007739937987186892,COMPLETE
514,0.5427250623703003,2025-03-31 20:34:12.044865,2025-03-31 20:34:19.464382,0 days 00:00:07.419517,0.048721336190929734,0.677670836340549,16,0.038102229905521916,0.13182653443500625,0.01591815037087799,0.029685379659866378,0.08874647352013881,0.07607744334277455,0.00014216516347100456,27,76,0.040890089474909304,0.06905268682629967,False,False,True,0.0009823398629322947,COMPLETE
515,0.453799319267273,2025-03-31 20:34:19.638438,2025-03-31 20:34:27.095898,0 days 00:00:07.457460,0.3083005013750108,0.7013352893045985,16,0.04255281998448524,0.16828167326722945,0.008051173259115443,0.025144489082625055,0.08321836785198981,0.08060319751748217,0.00021201122345555892,27,75,0.03822791428577185,0.2627948327277423,False,False,True,0.0006018324911871442,COMPLETE
516,0.5656151890754699,2025-03-31 20:34:27.257220,2025-03-31 20:34:34.880791,0 days 00:00:07.623571,0.026174298255165603,0.7509093077075305,16,0.05656298293881231,0.15098189961525282,0.01073756577815433,0.027691278585685614,0.08625162689743879,0.0669311792395097,0.00016695655844163764,29,83,0.042909666086841075,0.06099956491783241,False,False,True,0.00013895241119799289,COMPLETE
517,0.49233025312423706,2025-03-31 20:34:35.041094,2025-03-31 20:34:41.998587,0 days 00:00:06.957493,0.010010212787524106,0.7387180365327355,16,0.06737080413526188,0.16158691571205322,0.010793939267823842,0.02692227828281938,0.08526668300090892,0.06581398791000512,0.00011714859293334353,21,84,0.04216634224375376,0.056540213798885755,False,False,True,0.00015265324284664496,COMPLETE
518,0.5422523498535157,2025-03-31 20:34:42.169772,2025-03-31 20:34:49.908236,0 days 00:00:07.738464,0.3268516461758273,0.612268599828034,16,0.05597580474163379,0.15261264758483586,0.007126019299276063,0.024148904114708398,0.08057533596900045,0.06509408663895735,0.00015509729836899345,30,88,0.04006439872559987,0.06260989071124103,False,False,True,0.00020239159890599845,COMPLETE
519,0.5037302017211914,2025-03-31 20:34:50.071722,2025-03-31 20:35:11.507305,0 days 00:00:21.435583,0.029330000761500184,0.7557249613065917,2,0.06254688207905316,0.15798526169430233,0.00972714190404245,0.0289610657680114,0.08978668485253838,0.0674783092595969,0.00029797376213527437,30,82,0.043271945899377114,0.04393361481702446,False,False,True,0.0001190062119434205,COMPLETE
520,0.324046665430069,2025-03-31 20:35:11.684219,2025-03-31 20:35:19.337404,0 days 00:00:07.653185,0.02775719399463951,0.7244853391111257,16,0.18484280737420405,0.14875464620916848,0.011960342112059447,0.027167799898207473,0.08772571926019136,0.06825333478428115,0.00019602537192136727,29,80,0.02884783413263226,0.05204024741729918,False,True,True,0.00010806101908139664,COMPLETE
521,0.5556926846504212,2025-03-31 20:35:19.501008,2025-03-31 20:35:27.047628,0 days 00:00:07.546620,0.026385203128044113,0.6948015512544792,16,0.05788949782167048,0.1429705598425357,0.01342991011796422,0.03641620363380783,0.05372597925166116,0.0703724925900808,0.0002482333614284241,28,85,0.041238286099889235,0.06535567449141629,False,False,True,0.00010267941045076316,COMPLETE
522,0.39564058780670164,2025-03-31 20:35:27.211195,2025-03-31 20:35:37.528092,0 days 00:00:10.316897,0.04541848462274145,0.7561033893467591,8,0.0485705122299316,0.1385525833625086,0.009370522346196567,0.03198867817779778,0.057493828373725936,0.07266892457260682,0.00013549366919732831,29,96,0.03604602522171576,0.07329549433567592,False,False,False,0.0001735030890920551,COMPLETE
523,0.5460885405540467,2025-03-31 20:35:37.702330,2025-03-31 20:35:45.351324,0 days 00:00:07.648994,0.025816081909218136,0.7156820695731841,16,0.05379079557706212,0.1535017148144846,0.011481635691659553,0.029141681573963858,0.09177422194174038,0.0695557835018321,0.0001754463923245346,29,89,0.03795324186597941,0.11688310237805463,False,False,True,0.00022343273904607152,COMPLETE
524,0.49175136089324956,2025-03-31 20:35:45.514937,2025-03-31 20:35:51.946099,0 days 00:00:06.431162,0.06056384632203177,0.6641590465201892,16,0.04831109202894121,0.1498304847505209,0.006101064716324972,0.031248564194768104,0.08284181650295282,0.0742110033195996,0.006599048206319059,13,79,0.04407333693971884,0.04890785199452135,True,False,True,1.8311263424903717e-06,COMPLETE
525,0.3633027970790863,2025-03-31 20:35:52.124226,2025-03-31 20:35:59.720359,0 days 00:00:07.596133,0.043833716934327534,0.6965141001624318,16,0.07119272955191513,0.14425443301124644,0.01413173919968393,0.08282723898985034,0.08611560069600868,0.07676158474056895,0.00022058166931781444,30,5,0.024154993834637623,0.05612693105723393,False,False,True,0.00013566703022104383,COMPLETE
526,0.5562842845916749,2025-03-31 20:35:59.882048,2025-03-31 20:36:07.344715,0 days 00:00:07.462667,0.011384211260874993,0.5617987527494995,16,0.06226151677570371,0.13597371096236105,0.008035046662868984,0.025919698826496917,0.08906358997444998,0.060631899442068156,0.00016167989106122992,28,81,0.03956553436050173,0.04328274583403298,False,False,True,0.0003252515417653485,COMPLETE
527,0.5501868247985839,2025-03-31 20:36:07.510055,2025-03-31 20:36:15.147933,0 days 00:00:07.637878,0.07204797007978335,0.6391392687120808,16,0.044678872507895054,0.16507678386418775,0.011566553874960049,0.023063379033552427,0.0909752702247156,0.06277505111465491,0.00031840624318013133,29,84,0.042641880990105796,0.03713962335250792,False,False,True,6.733687679640872e-05,COMPLETE
528,0.5069788932800293,2025-03-31 20:36:15.322877,2025-03-31 20:36:22.954558,0 days 00:00:07.631681,0.04092483832028186,0.7326972761818078,16,0.05565630553245698,0.1556394245207768,0.01623315878627652,0.032947793319145484,0.08449777886955419,0.06585126351073357,0.00019993876565352757,28,79,0.03420066875676084,0.06024298611894008,False,False,True,3.6304934469041576e-06,COMPLETE
529,0.5060049057006837,2025-03-31 20:36:23.120430,2025-03-31 20:36:30.683409,0 days 00:00:07.562979,0.10110039073277012,0.6796428830736017,16,0.05070504540067595,0.14419496836828424,0.013752391409383809,0.04661304106982371,0.08771628893303617,0.06728958176979745,0.01554171329725147,28,87,0.044695769042624914,0.0511524226834467,False,False,True,0.0001367655501511343,COMPLETE
530,0.2764611005783081,2025-03-31 20:36:30.858281,2025-03-31 20:36:38.288142,0 days 00:00:07.429861,0.02737505142433892,0.763379279752823,16,0.23266882080889706,0.13562912115818657,0.010236011010179397,0.038505444301387214,0.08982306564807888,0.07208351107078552,0.00013234877542290608,26,93,0.04138829005481036,0.06719520856578994,False,False,True,8.138008322319957e-05,COMPLETE
531,0.510402536392212,2025-03-31 20:36:38.454672,2025-03-31 20:36:46.063864,0 days 00:00:07.609192,0.05918515231629791,0.7130560118027393,16,0.04028114082473454,0.12925255194294388,0.01745050624214445,0.02739826632327116,0.09303646534092279,0.07472410813632603,0.00025555412388792126,29,77,0.03872035762970051,0.0562051754125036,False,False,True,1.001875132794566e-08,COMPLETE
532,0.5587548971176148,2025-03-31 20:36:46.240880,2025-03-31 20:36:53.818061,0 days 00:00:07.577181,0.011321251451020585,0.6935178814248981,16,0.046490959029699755,0.06604464908527904,0.012884749692417891,0.030513870715600896,0.08619609217259447,0.06939305378596963,0.00016319359492193895,28,84,0.03669217123272713,0.04649928308188722,False,False,True,0.0005565379910533688,COMPLETE
533,0.5029302835464478,2025-03-31 20:36:53.985816,2025-03-31 20:37:01.444713,0 days 00:00:07.458897,0.03907713799468484,0.654796384402971,16,0.03739494088033617,0.14970618037474118,0.015047658337035929,0.034898674965772966,0.021474947984855393,0.0776666200282993,0.00010984905087082468,27,82,0.04266543350885299,0.059928734832911244,False,False,True,1.2348763531533681e-08,COMPLETE
534,0.5617505073547363,2025-03-31 20:37:01.611650,2025-03-31 20:37:08.917136,0 days 00:00:07.305486,0.07839451840989548,0.7546255300823284,16,0.055006617027522506,0.14041234258531088,0.009487113454622241,0.048418069071063635,0.0881108805222488,0.07808579197721444,0.00022721906125607445,26,75,0.04486043839236576,0.05119101434759609,False,False,True,0.0002589991901857564,COMPLETE
535,0.5420350074768067,2025-03-31 20:37:09.097062,2025-03-31 20:37:16.699353,0 days 00:00:07.602291,0.13340152481016893,0.7393419227978031,16,0.06622516886735079,0.15922373364997422,0.03584887424595813,0.04486993015298184,0.08449986512674768,0.07149340983338012,0.00042176931711648645,29,78,0.0400577160667333,0.07175155909656265,False,False,True,0.0002034556284901403,COMPLETE
536,0.5505139708518982,2025-03-31 20:37:16.866316,2025-03-31 20:37:24.335641,0 days 00:00:07.469325,0.01077386015118964,0.7141227604889261,16,0.041304618861189246,0.14808083286547943,0.006605540115339033,0.03329735182363345,0.09167236336419546,0.05298705058590894,0.0001939684193826682,27,90,0.04224990495289624,0.040424467137150345,False,False,True,1.5065282973816435e-08,COMPLETE
537,0.499350905418396,2025-03-31 20:37:24.516976,2025-03-31 20:37:32.037151,0 days 00:00:07.520175,0.055843600046373704,0.739508394550431,16,0.04667560771522346,0.13412935016931485,0.018416228759981376,0.018933196284084235,0.08965672695703918,0.07468090933738701,0.0001407531905396237,28,86,0.030863785239471125,0.061690673193616305,False,False,True,0.0008097554493087608,COMPLETE
538,0.5551435112953187,2025-03-31 20:37:32.204805,2025-03-31 20:37:39.750392,0 days 00:00:07.545587,0.0902728275141481,0.6831324875838289,16,0.03532466022738979,0.13975202051422322,0.015028285841660311,0.039434395877159814,0.06836299300900933,0.07563902507396822,0.000267516744224465,28,81,0.03857276789111246,0.0548687726365361,False,False,True,0.00015050689355624206,COMPLETE
539,0.5579960107803345,2025-03-31 20:37:39.918789,2025-03-31 20:37:47.330077,0 days 00:00:07.411288,0.11476660049055466,0.7721088815509071,16,0.050910006411002115,0.1291979885971895,0.01290128746295777,0.028117836481828643,0.08659976241294462,0.07882128169402382,0.0001800553571573922,26,75,0.045204381969566894,0.04782197203086599,False,False,True,1.2959411444550895e-08,COMPLETE
540,0.32290061712265017,2025-03-31 20:37:47.508457,2025-03-31 20:37:54.983972,0 days 00:00:07.475515,0.030643629337124927,0.6080684734903469,16,0.10456145804779474,0.1549778865753073,0.039725439882771295,0.036517338495303676,0.08206641254423122,0.06811431675379498,0.000323365253311633,27,82,0.03553201218757965,0.03274537574687329,False,True,True,1.682248535004068e-08,COMPLETE
541,0.5416091799736024,2025-03-31 20:37:55.154408,2025-03-31 20:38:16.264352,0 days 00:00:21.109944,0.04881276842132221,0.6294120365311378,2,0.05929611126477348,0.1445913625067566,0.004696006186395612,0.0507532837767359,0.09424357222312142,0.0733002157172163,0.00022520562906681822,29,139,0.040185938919630244,0.06439035432213949,False,False,True,0.00032245573017686263,COMPLETE
542,0.39245798587799074,2025-03-31 20:38:16.444125,2025-03-31 20:38:24.714827,0 days 00:00:08.270702,0.0633652098187211,0.6656263646842018,16,0.044875868771696116,0.1510460963183445,0.01653776326589907,0.030238258664548597,0.03674985589301246,0.07682181835323865,0.0001570683039416618,28,87,0.04336574951347165,0.05391441194731099,False,False,False,4.805390360241255e-05,COMPLETE
543,0.5071176052093507,2025-03-31 20:38:24.883696,2025-03-31 20:38:32.494752,0 days 00:00:07.611056,0.08302661832916002,0.6999115387778244,16,0.0360299719997215,0.1373060074674269,0.011040938395912251,0.04315381804574067,0.08762792765885002,0.08082396245562837,0.00012220993128018849,27,78,0.04118111071846383,0.042562047867663766,True,False,True,0.0004430904370409044,COMPLETE
544,0.5497046113014221,2025-03-31 20:38:32.677992,2025-03-31 20:38:41.713630,0 days 00:00:09.035638,0.02490744912176716,0.724104784485841,8,0.05350931375420283,0.12810488974203835,0.014172540147313246,0.04751563974354422,0.0906410464587916,0.0707564391731448,0.00019580317596226964,27,84,0.037744168408794895,0.05822275688221155,False,False,True,1.0056828411738022e-08,COMPLETE
545,0.5671904563903809,2025-03-31 20:38:41.884080,2025-03-31 20:38:48.821304,0 days 00:00:06.937224,0.010135574240979512,0.7486835471647272,16,0.04220395411797107,0.1441996112832083,0.007989122092611604,0.025589045991575736,0.08436885610130763,0.07844083806353776,0.0002570925372012469,21,74,0.04588254029170165,0.048350884796639425,False,False,True,1.3462248161237946e-08,COMPLETE
546,0.5558210253715515,2025-03-31 20:38:48.997391,2025-03-31 20:38:55.916922,0 days 00:00:06.919531,0.026347665932785324,0.7545917067217046,16,0.04241425128739644,0.1441401549465248,0.007053601904280052,0.05256720840825574,0.08291165556542276,0.07855072860786562,0.0003880000625916146,21,74,0.046144765900068115,0.0500786505264701,False,False,True,1.207123020414158e-08,COMPLETE
547,0.5580084800720215,2025-03-31 20:38:56.101395,2025-03-31 20:39:03.532455,0 days 00:00:07.431060,0.026749173383872466,0.7742812296480245,16,0.048753088978553315,0.15154907429671796,0.008391177840584022,0.020824523425718448,0.07641861787927048,0.0798881667421548,0.00029437850276505916,26,74,0.04613015150562248,0.06547538028077005,False,False,True,1.4420301822541912e-08,COMPLETE
548,0.5543965578079224,2025-03-31 20:39:03.705229,2025-03-31 20:39:11.199364,0 days 00:00:07.494135,0.010639204164147332,0.7393708095654612,16,0.03876752690844466,0.13990318191185525,0.05184461290662665,0.024265085963698883,0.07944703175999003,0.07619299704845839,0.0002792177708015133,28,78,0.04336269942910934,0.05616063310694974,False,False,True,1.1832642595960855e-08,COMPLETE
549,0.5486728668212891,2025-03-31 20:39:11.380985,2025-03-31 20:39:18.012926,0 days 00:00:06.631941,0.044588154052950635,0.7196344739248491,16,0.059944462078115435,0.1600160831056398,0.009537283059999808,0.026271741455228866,0.08474380044818915,0.07821708547690727,0.0003385083033551452,17,98,0.04497553908171657,0.046874582818745854,False,False,True,1.676949359853906e-08,COMPLETE
550,0.5556225299835206,2025-03-31 20:39:18.183164,2025-03-31 20:39:25.900910,0 days 00:00:07.717746,0.040707703169426415,0.7501212789621474,16,0.045400774090928166,0.14627205384079045,0.0048679808430213845,0.023153703319066316,0.08124502039348226,0.07349166018021462,0.00023476623401427087,30,74,0.04172299147185745,0.07074547147971762,False,False,True,1.0053819571754623e-08,COMPLETE
551,0.514254379272461,2025-03-31 20:39:26.082818,2025-03-31 20:39:33.647735,0 days 00:00:07.564917,0.012223904523627744,0.7776344719139353,16,0.033850188191511255,0.1350336344028033,0.011409913792009438,0.05498644351506852,0.08504175049680872,0.08106432255449537,0.0005199110307432577,27,80,0.03337118164546622,0.06086790016360053,False,False,True,1.4442061568897459e-08,COMPLETE
552,0.5584036946296692,2025-03-31 20:39:33.821707,2025-03-31 20:39:41.328762,0 days 00:00:07.507055,0.040757111746864035,0.6996604056213799,16,0.040664947494010575,0.15552102649859514,0.007750695559917528,0.02822909454748575,0.08421946656521384,0.07583708362567705,0.00025368918024157365,28,77,0.03996577613063967,0.051074549231282296,False,False,True,1.2804159641170107e-08,COMPLETE
553,0.5437709212303161,2025-03-31 20:39:41.512539,2025-03-31 20:39:48.916109,0 days 00:00:07.403570,0.02937501254214827,0.6754821896173605,16,0.054740313846244434,0.14307867425035278,0.012103608197155835,0.0273351052281054,0.08270982715552452,0.07792569328218714,0.00021861899493628387,26,90,0.04680032345809077,0.05521136921551831,False,False,True,1.7330510676908796e-08,COMPLETE
554,0.4745554029941559,2025-03-31 20:39:49.088468,2025-03-31 20:39:55.972187,0 days 00:00:06.883719,0.6887745974594548,0.7329992937784016,16,0.0491843461902713,0.1708262437487152,0.01840801544222499,0.05386778837760069,0.08580728605024437,0.07486106274464788,0.0002710177368133301,20,82,0.043720924089354636,0.06524972216134302,False,False,True,8.190187512715464e-05,COMPLETE
555,0.5049450993537903,2025-03-31 20:39:56.145170,2025-03-31 20:40:03.546598,0 days 00:00:07.401428,0.060160448364872166,0.7102322270867545,16,0.044126168987703204,0.13294407967451768,0.01550942696482902,0.025028290909623874,0.08679517849576937,0.08126554427018205,0.0001943425483289143,27,73,0.03707463934084894,0.04611101029367376,False,False,True,0.0005918620187062508,COMPLETE
556,0.5493603110313416,2025-03-31 20:40:03.731587,2025-03-31 20:40:11.380737,0 days 00:00:07.649150,0.01031610288904601,0.6538811109168337,16,0.033328890899803974,0.14963633424445946,0.008582407565123799,0.030980244612367272,0.0882752153619129,0.07943560360458732,0.0003479341078695795,28,86,0.041512510823431784,0.05923087162313494,False,False,True,0.0001710479509757653,COMPLETE
557,0.5621817588806153,2025-03-31 20:40:11.553864,2025-03-31 20:40:18.506159,0 days 00:00:06.952295,0.010198656923878481,0.7642755992789894,16,0.039463931475762604,0.13792515507462463,0.010118258663988418,0.05105012963584531,0.08109129650600752,0.07197262276532967,0.00022638362812567227,21,78,0.039771198300590005,0.05202648634778264,False,False,True,1.9177598514956e-08,COMPLETE
558,0.32296298742294316,2025-03-31 20:40:18.692999,2025-03-31 20:40:25.723732,0 days 00:00:07.030733,0.010387004446577556,0.7698644570611156,16,0.06613458064358699,0.1427002562313793,0.06094809039181669,0.0513980190638909,0.08172137696926526,0.07162275362503048,0.00017964541929539499,22,77,0.04523209026618066,0.07330998409466204,False,True,True,1.7955953437107316e-08,COMPLETE
559,0.5208022117614747,2025-03-31 20:40:25.897513,2025-03-31 20:40:33.510790,0 days 00:00:07.613277,0.03016985807112067,0.751271686122366,16,0.05168360158150655,0.16394280127607533,0.005842756206928592,0.04878583440889684,0.07880180851576975,0.06816253779235086,0.00022853508905586108,29,75,0.03508143533920967,0.06087822044139955,False,False,True,1.9610521046442776e-08,COMPLETE
560,0.39600948095321653,2025-03-31 20:40:33.700129,2025-03-31 20:40:41.872141,0 days 00:00:08.172012,0.022252088870956692,0.7716509017465439,16,0.03782193695771885,0.14946186781163176,0.009589902565888857,0.051559474344457144,0.08331464564720527,0.07291308192899909,0.00016251462426130096,28,83,0.038854215987340866,0.05356689526761941,False,False,False,1.5029375277483016e-08,COMPLETE
561,0.5532266855239868,2025-03-31 20:40:42.047281,2025-03-31 20:40:48.894661,0 days 00:00:06.847380,0.028100289809571646,0.7500281847451301,16,0.05990894974831312,0.1408528037569391,0.0040140232443998634,0.05564581904521755,0.08249347161443184,0.06969817547737253,0.000205771279464708,20,72,0.04294192998340664,0.06764973572929128,False,False,True,1.2993932924538088e-08,COMPLETE
