number,value,datetime_start,datetime_complete,duration,params_alpha-eval,params_alpha-train,params_batch-size,params_eps-eval,params_eps-train,params_lambda-actions-eval,params_lambda-actions-train,params_lambda-frames-eval,params_lambda-frames-train,params_learning-rate,params_n-epochs,params_n-frames,params_radius-gw,params_rho,params_std-feats,params_ub-actions,params_ub-frames,params_weight-decay,state
1682,0.509992265701294,2025-03-31 23:14:44.360982,2025-03-31 23:14:51.562668,0 days 00:00:07.201686,0.04615192790300632,0.7879297912868433,16,0.056772870140910994,0.193441772530594,0.006408928270589312,0.017947222406044887,0.09356798936951125,0.07780663347579432,0.00011153603356455907,22,62,0.041054249738044016,0.073683191600774,True,False,True,2.8357196453142497e-08,COMPLETE
1683,0.48187217712402347,2025-03-31 23:14:52.114170,2025-03-31 23:14:59.283252,0 days 00:00:07.169082,0.07751948589121563,0.9030120165202562,16,0.17297797062641712,0.11783423074371838,0.004609740837134287,0.013014527648909941,0.09217298090376286,0.09527789243625155,0.00024355158073408617,22,59,0.044669743318175185,0.09146531731306237,True,False,True,0.00018768431032853983,COMPLETE
1684,0.486809504032135,2025-03-31 23:14:59.826165,2025-03-31 23:15:06.976251,0 days 00:00:07.150086,0.044403749665989985,0.8338794616455893,16,0.06569619424470939,0.10236087471383387,0.001171979142618961,0.01171948136958568,0.0897942739811603,0.06719846210981915,0.00015097942142905754,22,56,0.037518612624303255,0.21721302102862194,True,False,True,3.3518584433734044e-08,COMPLETE
1685,0.33819563388824464,2025-03-31 23:15:07.536006,2025-03-31 23:15:14.713878,0 days 00:00:07.177872,0.06434141822370942,0.9462309065005468,16,0.05208369478432713,0.09119887505946392,0.00819862820762683,0.06527801039062749,0.09650310774649971,0.09053711535041459,0.00019981212165866223,22,57,0.042371804109797455,0.08196793292613916,True,True,True,0.000137773368729702,COMPLETE
1686,0.3785837769508362,2025-03-31 23:15:15.252801,2025-03-31 23:15:23.097800,0 days 00:00:07.844999,0.1022539275691222,0.8084596733882745,16,0.07309763383806482,0.12593755926851263,0.0053522478929596785,0.017265179849835294,0.09368667144332785,0.08651446844897301,0.00046016720893098876,23,59,0.047412213108348845,0.10002026761583523,True,False,False,4.824209533654916e-08,COMPLETE
1687,0.5032658338546754,2025-03-31 23:15:23.657228,2025-03-31 23:15:30.958679,0 days 00:00:07.301451,0.1302811243842731,0.7544811795229083,16,0.054602478948911556,0.11408958875088511,0.0010061378534875353,0.02179003556917712,0.09118296580238261,0.08062219397090367,0.0002978504550254479,23,60,0.05015601827749854,0.0701438965559794,True,False,True,8.932093401923422e-08,COMPLETE
1688,0.46594179272651676,2025-03-31 23:15:31.503914,2025-03-31 23:15:38.652212,0 days 00:00:07.148298,0.03949287123061188,0.8771738382071551,16,0.061722700602955274,0.1221963804512648,0.008357514496709744,0.01868628816974252,0.09602196183065956,0.073638213458602,0.00024315793460282108,21,91,0.03961642758393446,0.07610392513336922,True,False,True,0.00011464420723147422,COMPLETE
1689,0.4780088663101197,2025-03-31 23:15:39.188337,2025-03-31 23:15:46.547214,0 days 00:00:07.358877,0.446514854980253,0.8515682250404781,16,0.07816222223518926,0.14128882808825408,0.003908054528554883,0.01826078237985859,0.08958112694815855,0.08477980010281849,0.00018144785694101188,23,82,0.04450642047080838,0.08455450848276645,True,False,True,8.6657815932436e-05,COMPLETE
1690,0.5190880775451661,2025-03-31 23:15:47.109628,2025-03-31 23:15:54.452756,0 days 00:00:07.343128,0.01062627616473348,0.8151751371699837,16,0.06985249055257356,0.10578030713223736,0.005621152984223052,0.01618921805768389,0.09199725175584647,0.088623698644455,0.00032198380782258814,22,95,0.045657702240226875,0.07113939818955871,True,False,True,2.124929973082893e-07,COMPLETE
1691,0.49579821825027465,2025-03-31 23:15:54.999998,2025-03-31 23:16:02.292812,0 days 00:00:07.292814,0.06879301682505051,0.7762752659343066,16,0.06138657693933848,0.18883283727447703,0.00973658124524928,0.01962748603125648,0.08982033710386594,0.08175621038507765,0.00013686971537791939,23,59,0.05833626036098365,0.08960932014166549,True,False,True,2.422337922079655e-08,COMPLETE
1692,0.48269608020782473,2025-03-31 23:16:02.856832,2025-03-31 23:16:09.913527,0 days 00:00:07.056695,0.04617652648941051,0.7965348788894794,16,0.05255644030971187,0.15343681836573206,0.0010903734804449455,0.020438710735287427,0.09454797267793323,0.07624345709224602,0.0002105832984837164,20,64,0.0537554017876391,0.07860342507113922,True,False,True,6.439557257038268e-05,COMPLETE
1693,0.39310081005096437,2025-03-31 23:16:10.458089,2025-03-31 23:16:17.586476,0 days 00:00:07.128387,0.15225199515516383,0.9280907941767869,16,0.04978728079682304,0.13399020900455838,0.007156420069101022,0.014605331581750888,0.09293898972594114,0.07863082424114032,0.0002642379127564805,23,44,0.04228410884412788,0.09563838847503128,False,False,True,2.8074370618516416e-05,COMPLETE
1694,0.4678800702095032,2025-03-31 23:16:18.156144,2025-03-31 23:16:24.128591,0 days 00:00:05.972447,0.02858990115865631,0.8359538313357193,16,0.060143080028776226,0.11766457938053788,0.0029375407264449916,0.009939065872874775,0.07484737643107187,0.09215655675485013,0.00016239812048353026,8,78,0.04811772992911286,0.2548886682088958,True,False,True,3.205657057912453e-08,COMPLETE
1695,0.48158738613128665,2025-03-31 23:16:24.669759,2025-03-31 23:16:42.468331,0 days 00:00:17.798572,0.05717596306010693,0.7639727916475801,2,0.06699113437825345,0.11040176841624562,0.007612235674851617,0.017302655161546304,0.07214213156244738,0.0829960658567269,0.00037566897888640776,23,61,0.03807285443879144,0.10984810665178031,True,False,True,7.192771924864847e-08,COMPLETE
1696,0.47656849622726444,2025-03-31 23:16:43.033484,2025-03-31 23:16:50.303459,0 days 00:00:07.269975,0.09087760502838894,0.8654812869095097,16,0.05339837249113139,0.09944051174130432,0.009945131165725585,0.01952493435610977,0.0892733173388869,0.08712937826185677,0.0002127396300895972,22,81,0.040947239886673106,0.06798289953111104,True,False,True,1.0026873974503596e-08,COMPLETE
1697,0.4643636465072632,2025-03-31 23:16:50.843966,2025-03-31 23:16:58.288497,0 days 00:00:07.444531,0.027441377175914987,0.8962982227914161,16,0.06025080573523029,0.15810656056509662,0.004495847650579172,0.012511618825984824,0.09174583121946969,0.08911364858357748,0.00027771130442168473,24,90,0.033487316625615146,0.08374323960538915,True,False,True,2.6312071505255064e-08,COMPLETE
1698,0.5250717163085938,2025-03-31 23:16:58.854890,2025-03-31 23:17:07.433743,0 days 00:00:08.578853,0.11540381615760358,0.7499072942318932,8,0.04807596511875484,0.14725646813452667,0.006465598985549811,0.02270201946965214,0.09632304611684125,0.08457305377490341,0.000190393426026046,23,64,0.0436439706981753,0.07528536012530054,True,False,True,6.07551252763117e-06,COMPLETE
1699,0.5347761631011964,2025-03-31 23:17:07.975680,2025-03-31 23:17:15.202642,0 days 00:00:07.226962,0.07174148426246774,0.7818098475132547,16,0.07136705315929645,0.12493381295069957,0.008570685265810177,0.020825377880291453,0.09429431568363596,0.09078506744795403,0.00024388293021891498,22,78,0.051789870804727196,0.09098761700918798,True,False,True,4.023956332919178e-08,COMPLETE
1700,0.4841613173484802,2025-03-31 23:17:15.749169,2025-03-31 23:17:23.087407,0 days 00:00:07.338238,0.04307963515660804,0.8274850938636307,16,0.05776723517913205,0.13792231169809183,0.002584682116105112,0.019100562931672133,0.0564319995092223,0.07530072631542753,0.00032496518725879655,23,76,0.046567976635808556,0.07058932083472678,True,False,True,0.00016589944478900302,COMPLETE
1701,0.4932646632194519,2025-03-31 23:17:23.652387,2025-03-31 23:17:31.079712,0 days 00:00:07.427325,0.029694497539578743,0.9740473118042543,16,0.0655630134246188,0.1130544941716587,0.010730699860189624,0.01844780549926496,0.09113316806470222,0.09412178502855825,0.0001413578963514957,24,60,0.04979334773467521,0.0993322911288616,True,False,True,1.003996467662493e-08,COMPLETE
1702,0.4832799792289734,2025-03-31 23:17:31.621234,2025-03-31 23:17:39.087897,0 days 00:00:07.466663,0.010386248290585296,0.8037951280309713,16,0.05080780227847534,0.19930006042326637,0.005730461631209433,0.015951485050148182,0.0632801013907963,0.0776576483263473,0.0002168421704840233,24,83,0.04036743504996012,0.12182598133465808,True,False,True,5.773165796094296e-08,COMPLETE
1703,0.28286103010177616,2025-03-31 23:17:39.653508,2025-03-31 23:17:46.814560,0 days 00:00:07.161052,0.05510133611579017,0.8846053826212388,16,0.07931539038336136,0.12023449729761382,0.004363550355466872,0.02505300023128394,0.08859622178733004,0.08021864703127578,0.0002855082452422741,21,65,0.06992357985581014,0.08251475925156977,True,True,True,5.510675714936767e-05,COMPLETE
1704,0.38795788288116456,2025-03-31 23:17:47.367896,2025-03-31 23:17:54.501125,0 days 00:00:07.133229,0.08952383386250559,0.855053672442707,16,0.05557998668525922,0.13205686603435624,0.007687307456145875,0.02123776104538764,0.08999805807888268,0.06601261130230142,0.00017230915488639472,23,94,0.08521605270528687,0.07692716171342884,False,False,True,2.1934024334771923e-08,COMPLETE
1705,0.39594259262084963,2025-03-31 23:17:55.067774,2025-03-31 23:18:01.748147,0 days 00:00:06.680373,0.02852164447412067,0.7437063890868937,16,0.04697167319373857,0.10517824710252721,0.010126701435521121,0.013656629757431593,0.06951496367381604,0.08600131051268167,0.00024350044739836375,12,74,0.043627944942399764,0.06640683061558715,False,False,False,3.4234971225913913e-08,COMPLETE
1706,0.288679838180542,2025-03-31 23:18:02.296758,2025-03-31 23:18:09.347951,0 days 00:00:07.051193,0.7008645756504979,0.7723102207416346,16,0.10863208994363441,0.14958003199750808,0.0010394328726565539,0.057724613918715875,0.09690826122254297,0.0820913021407267,0.02581595760017465,22,49,0.04523443457282162,0.08947789207992157,False,False,True,2.4402090591876532e-08,COMPLETE
1707,0.4766346096992493,2025-03-31 23:18:09.890947,2025-03-31 23:18:17.124548,0 days 00:00:07.233601,0.07515184629016958,0.9122596727564246,16,0.06586487893550347,0.14349745392711033,0.00417761565546717,0.06025691567554236,0.09446954661974201,0.06943407751606785,0.0003534719590313146,24,53,0.05643222634884692,0.10380176378395697,False,False,True,0.0001177122223592838,COMPLETE
1708,0.5003081202507019,2025-03-31 23:18:17.695014,2025-03-31 23:18:24.821711,0 days 00:00:07.126697,0.05125495518476987,0.8411154563713656,16,0.07327308399674248,0.12822916639016843,0.006291126704236194,0.01652220237853499,0.09270447362269539,0.0732111533875324,0.0001944766756623092,23,79,0.03547950733398177,0.06901338224406232,False,False,True,4.512473822243821e-08,COMPLETE
1709,0.46058793067932136,2025-03-31 23:18:25.367077,2025-03-31 23:18:32.675218,0 days 00:00:07.308141,0.10537110439532568,0.7941065379219314,16,0.05852481791279311,0.15828966078317416,0.008801052670444513,0.05275257406678263,0.08913995673267178,0.0871235520177969,0.00010887751989720743,24,71,0.03879340539210766,0.07962500207312422,False,False,True,8.766467649232942e-05,COMPLETE
1710,0.5640403389930725,2025-03-31 23:18:33.238735,2025-03-31 23:18:40.586347,0 days 00:00:07.347612,0.010432758213131435,0.8686415015355128,16,0.047483237140845375,0.10824674992395066,0.0108239018900664,0.023655444797648025,0.08799192510622714,0.056638270266622215,0.0002699479952328707,25,66,0.048437778723112467,0.09534585674206522,False,False,True,1.4445355223172256e-08,COMPLETE
1711,0.52099187374115,2025-03-31 23:18:41.133027,2025-03-31 23:18:48.322567,0 days 00:00:07.189540,0.010235388799725267,0.8131645757250254,16,0.05351124176319771,0.16987391078394742,0.0029074972432180267,0.09687439512818771,0.0925310683484969,0.08993957998959728,0.00015311218647095883,23,75,0.04218025135040976,0.07295465145134732,False,False,True,1.2389042321792308e-08,COMPLETE
1712,0.47657815217971805,2025-03-31 23:18:48.893728,2025-03-31 23:18:56.276300,0 days 00:00:07.382572,0.04248821689042656,0.8267163753406596,16,0.06263905457954128,0.11890282840069642,0.005968864708433048,0.05591225027151274,0.09072352549913687,0.07839526770138362,0.00022590793649099593,24,61,0.05174460732469135,0.08760454287505243,True,False,True,2.8473232546076732e-08,COMPLETE
1713,0.5424304127693176,2025-03-31 23:18:56.824388,2025-03-31 23:19:04.058204,0 days 00:00:07.233816,0.16700012500960182,0.7820670504567575,16,0.046035254022391094,0.13695867254879407,0.0010149919959947943,0.05138932109702175,0.09585836723372035,0.08475558173568656,0.0005168254554971228,24,80,0.04590034207054213,0.0844756792677944,False,False,True,1.6592610863318185e-08,COMPLETE
1714,0.42006008625030516,2025-03-31 23:19:04.626385,2025-03-31 23:19:11.962530,0 days 00:00:07.336145,0.13717693968669953,0.8539990153315231,16,0.06922884326940866,0.09439765520656163,0.012233762211010722,0.049358585610507696,0.08759162613517026,0.06376005373471112,4.257955811782786e-05,25,84,0.041386025116972334,0.06795839558279736,False,False,True,6.833566561991297e-07,COMPLETE
1715,0.485698926448822,2025-03-31 23:19:12.512022,2025-03-31 23:19:19.767611,0 days 00:00:07.255589,0.06713206873390823,0.8846573841101052,16,0.05654855175148526,0.11346686014875372,0.007905651342413072,0.05385901928458212,0.09090348821002263,0.09309457890858441,0.00031318878994417463,23,109,0.0537054169985732,0.07705663753024897,False,False,True,1.9407961938185073e-08,COMPLETE
1716,0.5475668907165527,2025-03-31 23:19:20.341730,2025-03-31 23:19:27.401219,0 days 00:00:07.059489,0.028223981508732957,0.7430213058852329,16,0.0637765375319118,0.17659232270778366,0.009948234378912731,0.019269371818599185,0.09394380219749114,0.08168888765178024,0.00039924073453039536,22,98,0.04932767862605934,0.06491216511180445,False,False,True,3.4966197629745686e-08,COMPLETE
1717,0.534222686290741,2025-03-31 23:19:27.952315,2025-03-31 23:19:46.868731,0 days 00:00:18.916416,0.045685609112011784,0.761699917137425,2,0.07613494084799756,0.16121849908789992,0.004283288384931383,0.015612660490686336,0.05990928138559729,0.08809932237811587,0.00017668737296197838,25,73,0.0443886683146624,0.09816973135703409,False,False,True,1.2483757282992412e-08,COMPLETE
1718,0.4974803924560547,2025-03-31 23:19:47.419806,2025-03-31 23:19:54.691019,0 days 00:00:07.271213,0.2575756740646963,0.8047569522616854,16,0.05047464150380093,0.1517928959920004,0.0028382351465531877,0.051765600815836,0.08867410942359417,0.06773417516244647,0.00021612797175244713,24,77,0.03720356981493128,0.10625559534420756,False,False,True,0.00013547342862983925,COMPLETE
1719,0.38347767591476445,2025-03-31 23:19:55.262680,2025-03-31 23:20:02.578495,0 days 00:00:07.315815,0.08395637289883766,0.8373690957508002,16,0.05864591834084266,0.10090333438534622,0.007486806423491648,0.0543416452039841,0.007243710272703777,0.07578012878375844,0.00027052719081598373,25,67,0.004812648390799389,0.09184593687961543,False,False,True,2.1655634901346997e-08,COMPLETE
1720,0.4962224364280701,2025-03-31 23:20:03.123665,2025-03-31 23:20:11.632070,0 days 00:00:08.508405,0.027449711500849093,0.9368063912175055,8,0.08231955755627803,0.18360178895484358,0.0055384357660780235,0.048804578755159665,0.03863669713008847,0.08015292724434848,0.00019487830554638564,23,71,0.03998567388131939,0.0740754077330082,False,False,True,7.489494256416504e-05,COMPLETE
1721,0.47929962873458865,2025-03-31 23:20:12.205074,2025-03-31 23:20:19.427703,0 days 00:00:07.222629,0.06090992086145083,0.7919552608023693,16,0.04445582813939409,0.12403772294348614,0.011765227179008284,0.011006634742974029,0.09736064072611764,0.07325845214853707,0.00012995418492232552,24,89,0.04637577465106153,0.08277871055996507,False,False,True,1.5432517257424114e-08,COMPLETE
1722,0.3268797516822815,2025-03-31 23:20:19.976458,2025-03-31 23:20:27.203559,0 days 00:00:07.227101,0.5115166119922345,0.9052424315931824,16,0.051468608204066374,0.11504569144771469,0.009200293625505677,0.01772468481035979,0.09205278634968238,0.08401424782907208,0.00015655151103012593,23,65,0.04259501188656124,0.06411578497047427,False,True,True,0.00017342301030125025,COMPLETE
1723,0.49482909440994266,2025-03-31 23:20:27.777103,2025-03-31 23:20:35.012150,0 days 00:00:07.235047,0.11775790397739444,0.8174041037323523,16,0.0710338556310525,0.10865757320859738,0.004554197930252125,0.02175296459487368,0.09019523152006415,0.09157657565839142,0.0002375881420999994,24,57,0.05063525797391296,0.08693158837367129,False,False,True,4.0803134110165975e-05,COMPLETE
1724,0.3755792260169983,2025-03-31 23:20:35.565877,2025-03-31 23:20:43.276157,0 days 00:00:07.710280,0.041402276795932134,0.8731189488549023,16,0.0627840338566868,0.12767797931974637,0.007076062224307024,0.050425519005866656,0.09475802791041917,0.07718013840144573,0.0003304005760479338,22,63,0.04757872675031287,0.07808120842753334,True,False,False,2.8076910498469756e-08,COMPLETE
1725,0.5551426768302918,2025-03-31 23:20:43.848235,2025-03-31 23:20:51.175485,0 days 00:00:07.327250,0.0922748996955329,0.7683540370665033,16,0.055047795094183075,0.2627706212125859,0.011972275884543247,0.014276267691420116,0.08720993311019333,0.08842091054473847,0.00044550916550109326,25,75,0.0437274791934891,0.07035433779388338,False,False,True,1.0015625738619038e-08,COMPLETE
1726,0.44869791269302367,2025-03-31 23:20:51.729640,2025-03-31 23:20:58.391102,0 days 00:00:06.661462,0.05771032413125746,0.8518230311795448,16,0.04431939672812693,0.22195134188618038,0.009047053042983788,0.05719343437436109,0.08887305776143153,0.0711780305710331,0.0002801769589511869,16,68,0.039079332455831534,0.10073138223450347,False,False,True,0.00010303578474603231,COMPLETE
1727,0.5320488691329956,2025-03-31 23:20:58.966914,2025-03-31 23:21:06.206428,0 days 00:00:07.239514,0.027954061377394705,0.739225459487455,16,0.06802066736872713,0.14179591327125307,0.05899284961487529,0.08097334562879696,0.0933388439838884,0.08613714833985141,0.00018859681730834489,24,79,0.04872023785256589,0.09415074743104893,False,False,True,1.100167604914471e-06,COMPLETE
1728,0.5112436175346375,2025-03-31 23:21:06.760699,2025-03-31 23:21:13.891791,0 days 00:00:07.131092,0.07599199526616615,0.827781578259548,16,0.05819866235078186,0.1186986500160562,0.005949747463629783,0.04742791107028619,0.09071280152377524,0.07925266051377235,0.00023616724976466825,23,71,0.041401397062966354,0.0632988942030375,False,False,True,5.0840364993218096e-08,COMPLETE
1729,0.5158466696739197,2025-03-31 23:21:14.440222,2025-03-31 23:21:21.869649,0 days 00:00:07.429427,0.01005287763272208,0.7857097114949427,16,0.048797035676563225,0.13170438316831773,0.0029612894014396816,0.051202097842805626,0.0970205096159177,0.08241872728451113,0.00015688887937527685,25,92,0.04627568952643594,0.08058979045844586,False,False,True,1.2546596445648922e-08,COMPLETE
1730,0.42421209812164307,2025-03-31 23:21:22.442049,2025-03-31 23:21:29.755305,0 days 00:00:07.313256,0.043450546764089826,0.443755446254338,16,0.054130361332464835,0.1659906334048908,0.011028435033673976,0.05395281431831643,0.08710936138607148,0.0748949898860566,0.00034941773559619315,24,83,0.04364591858022888,0.07266321166310304,False,False,True,2.1329040362820367e-08,COMPLETE
1731,0.46846858263015745,2025-03-31 23:21:30.307168,2025-03-31 23:21:37.206728,0 days 00:00:06.899560,0.01024613655412859,0.8059965668219423,16,0.04243369080318725,0.10396321422826861,0.013250081337828751,0.02072100080590689,0.09213303888341363,0.059551251730017726,0.0001178034540246366,20,74,0.029963937541502703,0.08863551298196913,False,False,True,3.7868522646030487e-08,COMPLETE
1732,0.3896668314933777,2025-03-31 23:21:37.790090,2025-03-31 23:21:45.006980,0 days 00:00:07.216890,0.10262379308976437,0.3480902572590121,16,0.0754819682757687,0.18936025467162235,0.007861149904060866,0.052407961937840655,0.08914038461384652,0.08986196547090891,0.0002043235295632334,24,61,0.05332413337973783,0.06270099283695994,False,False,True,1.530714882675665e-08,COMPLETE
1733,0.28286103010177616,2025-03-31 23:21:45.559557,2025-03-31 23:21:52.826854,0 days 00:00:07.267297,0.8220149100494862,0.8880286071009128,16,0.06491476591837331,0.14684190133972222,0.0030355726078988626,0.058935462567161416,0.09477752251677393,0.06954576775945147,0.0002664072511902657,25,69,0.03749567668304291,0.11027603139144221,False,False,True,1.1950718737698507e-08,COMPLETE
1734,0.5363879442214966,2025-03-31 23:21:53.402328,2025-03-31 23:22:00.583313,0 days 00:00:07.180985,0.027033092975568634,0.9550251647231162,16,0.0617948165576611,0.15779884787247167,0.04456399838944518,0.05566963726511239,0.09132614350189079,0.09657384258752429,0.0006490748142481953,23,78,0.0516057787245218,0.06803779033943869,False,False,True,1.770135194118214e-08,COMPLETE
1735,0.4973749876022339,2025-03-31 23:22:01.136851,2025-03-31 23:22:08.329311,0 days 00:00:07.192460,0.058001072941210166,0.859729944924349,16,0.051538779274563504,0.11283467314218418,0.006183738049317046,0.04961312134796833,0.08670323752988475,0.08752849693992211,0.0003030851896893836,21,64,0.0452250213147033,0.09269089384774369,True,False,True,2.5766294807753335e-08,COMPLETE
1736,0.5134971499443054,2025-03-31 23:22:08.903931,2025-03-31 23:22:16.145205,0 days 00:00:07.241274,0.1255043398946008,0.9217360115886218,16,0.04452209218889265,0.12212966863621753,0.009302628776006704,0.047973385065300425,0.08890255763181884,0.08506777542135555,0.00017292913158437607,24,87,0.040950356886429756,0.08446492340243,False,False,True,1.489700759028899e-08,COMPLETE
1737,0.5423950314521789,2025-03-31 23:22:16.700698,2025-03-31 23:22:23.841134,0 days 00:00:07.140436,0.04191095568891272,0.7679290786249743,16,0.05910213240087607,0.17403649202489607,0.004857022341555533,0.02363401816112753,0.0980357857252955,0.07684742420660223,0.00022506082047426962,23,76,0.04764697913843563,0.07821836033360695,False,False,True,1.0087159334725984e-08,COMPLETE
