number,value,datetime_start,datetime_complete,duration,params_alpha-eval,params_alpha-train,params_batch-size,params_eps-eval,params_eps-train,params_lambda-actions-eval,params_lambda-actions-train,params_lambda-frames-eval,params_lambda-frames-train,params_learning-rate,params_n-epochs,params_n-frames,params_radius-gw,params_rho,params_std-feats,params_ub-actions,params_ub-frames,params_weight-decay,state
674,0.32676070928573614,2025-03-31 20:56:05.723590,2025-03-31 20:56:13.291851,0 days 00:00:07.568261,0.04393275114337336,0.6718306363550631,16,0.01189352948121344,0.13326843460768265,0.012711947345929713,0.04895240437844674,0.09004475803143536,0.07531290233825749,0.00013990601231275325,27,82,0.03947994215384616,0.04816216197948718,False,True,True,0.0005441622993882009,COMPLETE
675,0.46052672863006594,2025-03-31 20:56:13.501506,2025-03-31 20:56:20.828136,0 days 00:00:07.326630,0.8028353686791401,0.7374699903218731,16,0.03233316760266415,0.13887119847762638,0.01836434490515499,0.028300604798028914,0.08816813750427716,0.06351201499682006,0.0002166660206699538,26,73,0.04079767713812512,0.058471616365901646,False,False,True,2.003800289691803e-08,COMPLETE
676,0.5080416083335877,2025-03-31 20:56:21.050727,2025-03-31 20:56:41.847832,0 days 00:00:20.797105,0.12397762646398416,0.7666159234803348,2,0.02389092056461033,0.1263201047289515,0.014794397942252966,0.038680659869525555,0.09560745191280258,0.0658984406590837,0.00033944603764597973,28,79,0.04618528027621743,0.04221050472494556,False,False,True,1.2367921740341134e-08,COMPLETE
677,0.37752479314804077,2025-03-31 20:56:42.063175,2025-03-31 20:56:50.292339,0 days 00:00:08.229164,0.06206586335459158,0.8103275951152068,16,0.0913099429792925,0.1117598049403236,0.0052748417864114956,0.053793323288993194,0.08524792449446103,0.0726509002742622,0.00019115165927780883,27,86,0.03785188199014934,0.051555439020450296,True,False,False,2.5169890642452287e-08,COMPLETE
678,0.5557147264480591,2025-03-31 20:56:50.514415,2025-03-31 20:56:58.013424,0 days 00:00:07.499009,0.09996835543865665,0.6996606721116378,16,0.046156351764951586,0.15140204590756248,0.009273605468479053,0.05162316281476303,0.08230069851638637,0.07512879521710915,0.0002746775827752997,27,82,0.043907739124153605,0.060555329975951644,False,False,True,1.0054270676762017e-08,COMPLETE
679,0.4873580574989319,2025-03-31 20:56:58.237836,2025-03-31 20:57:07.138297,0 days 00:00:08.900461,0.14942477425315448,0.7858836947770802,8,0.03711887482046139,0.14417776663743403,0.01679380748300038,0.043896089921770326,0.09062742134116414,0.06954709461817882,9.752369903397047e-05,26,70,0.04178643911154308,0.0693037294470811,False,False,True,1.5544740060184312e-08,COMPLETE
680,0.5470704436302185,2025-03-31 20:57:07.349817,2025-03-31 20:57:14.892309,0 days 00:00:07.542492,0.038984559968353635,0.6703248125571251,16,0.059556797420166056,0.13240304967082395,0.011325517320941978,0.03545653255724656,0.0865611425201553,0.07306782910009808,0.00016542561429899754,28,75,0.050266784060554966,0.054181137122065855,False,False,True,0.00026583053405842476,COMPLETE
681,0.5445752501487732,2025-03-31 20:57:15.118932,2025-03-31 20:57:22.602601,0 days 00:00:07.483669,0.0805498203745732,0.7307504901061078,16,0.028003051523099065,0.1574377196340888,0.013487491616003424,0.05541533234642896,0.0888694714868803,0.06198228061276334,0.00012235716385874167,27,78,0.03913920318605255,0.04798908998760768,False,False,True,0.0001504789769815247,COMPLETE
682,0.5450528860092163,2025-03-31 20:57:22.813235,2025-03-31 20:57:30.146147,0 days 00:00:07.332912,0.029423977933375714,0.6873844301747137,16,0.04361869039501315,0.12289274481266457,0.01929755746729879,0.03148829307640467,0.09295851671782321,0.06741548760912222,0.00022695503791021838,25,90,0.04297681858170961,0.03313939551104212,False,False,True,0.00010291327891465887,COMPLETE
683,0.5163016080856324,2025-03-31 20:57:30.369354,2025-03-31 20:57:37.846277,0 days 00:00:07.476923,0.41691153690120386,0.7179606504897684,16,0.051183464109031365,0.16455898032719524,0.00764492973641571,0.04668848982112895,0.08384709855991884,0.07635637452991759,0.00014493291835700274,27,84,0.04838403202913685,0.06325400465758887,False,False,True,1.813770605611101e-08,COMPLETE
684,0.5605442881584168,2025-03-31 20:57:38.058606,2025-03-31 20:57:45.399327,0 days 00:00:07.340721,0.055217397581028824,0.7486979666038824,16,0.03682552208363166,0.13993203401306237,0.01571102112914608,0.049623304439949015,0.0870522624145308,0.07115557706174105,0.00020588427020478586,26,74,0.04537671904902085,0.040424438050099154,False,False,True,1.003052500028073e-08,COMPLETE
685,0.5536093235015869,2025-03-31 20:57:45.623905,2025-03-31 20:57:53.218994,0 days 00:00:07.595089,0.02765362234148818,0.6623577733487314,16,0.03221824063540921,0.14891070848490276,0.011176655960049346,0.04474797135932218,0.09088768593571803,0.08032181473056116,0.0002972524159369175,28,80,0.040800463996953126,0.05811826967212638,False,False,True,1.6594517257964178e-07,COMPLETE
686,0.5014191269874573,2025-03-31 20:57:53.429587,2025-03-31 20:58:00.925382,0 days 00:00:07.495795,0.07467262274768632,0.7660606870863941,16,0.0749263278292707,0.11606613259597075,0.01398534533743224,0.05173611332693728,0.08516716162573043,0.07451131393017227,0.00017351235301749776,27,77,0.03727600179408629,0.0783361613035272,False,False,True,1.4196210659125033e-08,COMPLETE
687,0.28311350345611574,2025-03-31 20:58:01.152354,2025-03-31 20:58:08.500250,0 days 00:00:07.347896,0.10977300118799335,0.7031008783970684,16,0.2612034597492781,0.13620221341082173,0.01714491070573931,0.04117245695184919,0.08923296887034847,0.07671825642863726,0.000241201488311394,26,68,0.04344333597410661,0.02257256206962139,False,False,True,0.0004506489760942627,COMPLETE
688,0.5059158563613892,2025-03-31 20:58:08.728372,2025-03-31 20:58:16.066549,0 days 00:00:07.338177,0.010475154594612936,0.48282660330321026,16,0.019070154640341803,0.12805383158714967,0.01292385718869145,0.029534188561585156,0.08779565324929596,0.0819445337171262,0.00020591246041396603,25,87,0.03957388688799774,0.04537075181509794,False,False,True,0.00018158423626519804,COMPLETE
689,0.48336817026138307,2025-03-31 20:58:16.289683,2025-03-31 20:58:22.731249,0 days 00:00:06.441566,0.051331767511765485,0.7194952824036637,16,0.04324916978206484,0.14537442333730505,0.009839013717500868,0.023488319313784797,0.09374430028807593,0.054129389562063604,0.00015402384352918822,15,82,0.046274083993066276,0.05388192302244761,False,False,True,1.507092355969466e-08,COMPLETE
690,0.47730966806411745,2025-03-31 20:58:22.958457,2025-03-31 20:58:30.496320,0 days 00:00:07.537863,0.043186888709706495,0.7436774603965001,16,0.055413044517663344,0.1526331302519729,0.020621972574239457,0.03274230975587312,0.08120403775817488,0.07006194261424484,0.00012367602242585935,28,71,0.04186330600176843,0.0670948263400621,False,False,True,0.00021858578489105697,COMPLETE
691,0.26200768947601316,2025-03-31 20:58:30.713998,2025-03-31 20:58:38.183379,0 days 00:00:07.469381,0.7220194368382775,0.6795277586219103,16,0.13955663051322498,0.1406134403459021,0.008724381156750014,0.04870245288391313,0.09149690034646758,0.0778291842935013,0.00025463366325032894,27,80,0.035594000845641335,0.059089205099172336,False,False,True,2.5538814219025768e-08,COMPLETE
692,0.29035617113113404,2025-03-31 20:58:38.410991,2025-03-31 20:58:46.077774,0 days 00:00:07.666783,0.09424401324480779,0.4219364460164036,16,0.28748096925833566,0.1346481552426049,0.015285701549744464,0.05781620196840744,0.09659864325692682,0.057248596934188885,0.00019008571936492746,29,76,0.0448724125232038,0.20453459365935334,False,False,True,1.2549405157476108e-08,COMPLETE
693,0.3242387652397156,2025-03-31 20:58:46.296165,2025-03-31 20:58:53.834668,0 days 00:00:07.538503,0.14073379750285417,0.8006617156420289,16,0.02481796184262787,0.12216413015872099,0.011567328980662253,0.047619419386746416,0.08569385734757917,0.07352479615034821,0.00041782454360821917,28,84,0.03832933510823803,0.04915849996187089,False,True,True,7.752502584562058e-05,COMPLETE
694,0.5502831459045411,2025-03-31 20:58:54.061219,2025-03-31 20:59:01.520278,0 days 00:00:07.459059,0.2739972161134044,0.7853555283008908,16,0.047318452142197015,0.10998816290688487,0.016978416768909366,0.02576258632995107,0.08381864709272112,0.06875034114178065,0.0003358793988327527,27,88,0.047536160657358155,0.06367634503872652,False,False,True,1.952278582617673e-08,COMPLETE
695,0.39426033496856694,2025-03-31 20:59:01.735070,2025-03-31 20:59:09.836630,0 days 00:00:08.101560,0.010398857571607304,0.7249442273369273,16,0.037999041066324644,0.15843329983838134,0.006170209921418047,0.05379410822878414,0.08924307366912632,0.06484927055588431,0.00017143427848733108,26,93,0.04119764476435173,0.053241119262740624,False,False,False,0.00011615765458680079,COMPLETE
696,0.5273674964904785,2025-03-31 20:59:10.061939,2025-03-31 20:59:16.108451,0 days 00:00:06.046512,0.065299773193049,0.692487781296513,16,0.0307063279330798,0.14639031976604294,0.014424270877155799,0.05052005084778122,0.08649078552058799,0.07190393771480853,0.00023423246804389348,9,74,0.04331786460234585,0.03837658975144131,True,False,True,1.2775895054488841e-08,COMPLETE
697,0.5115649223327637,2025-03-31 20:59:16.336992,2025-03-31 20:59:36.213894,0 days 00:00:19.876902,0.032642691588224006,0.7647960759645956,2,0.06264896445939663,0.12915747712149916,0.01888378183110244,0.04366916725624248,0.08808283739208946,0.07519862531642024,0.00014287426300972693,27,78,0.04030665779378557,0.04435629791228156,False,False,True,2.1157398551192972e-08,COMPLETE
698,0.5089610457420349,2025-03-31 20:59:36.428111,2025-03-31 20:59:43.672917,0 days 00:00:07.244806,0.0788436154508235,0.6567588199490523,16,0.052558714236352194,0.14287070263646096,0.012259463980550358,0.04597529968702927,0.07929217712728835,0.079802610376876,0.002449110667697289,25,67,0.051152503865336124,0.18660912454311757,False,False,True,0.00029893557918789427,COMPLETE
699,0.5681107044219971,2025-03-31 20:59:43.900170,2025-03-31 20:59:51.101066,0 days 00:00:07.200896,0.126665302544483,0.7473165235749911,16,0.03983021665378652,0.16862806553953305,0.008320160532563124,0.037347825707259925,0.09209760386662523,0.06702379802105263,0.0001978341758422325,24,82,0.036989744868214595,0.05695097048089358,False,False,True,1.0103820483432305e-08,COMPLETE
700,0.5368385314941406,2025-03-31 20:59:51.318023,2025-03-31 20:59:59.960624,0 days 00:00:08.642601,0.13003781429125943,0.7402823154334277,8,0.03795553335342296,0.16723431962890034,0.004512057641283238,0.037227239571199375,0.09511729283301677,0.06577034298131333,9.960832520105609e-05,24,81,0.03870668597896445,0.06677385094172125,False,False,True,1.011662770923485e-08,COMPLETE
701,0.5449038743972778,2025-03-31 21:00:00.189899,2025-03-31 21:00:07.342756,0 days 00:00:07.152857,0.15466062193796232,0.7660676175073078,16,0.032840805931641154,0.1757829680438084,0.007024217378569656,0.03952490320344967,0.09287722856672713,0.06661114604139516,0.00016707603475609532,24,78,0.042375274391698484,0.05889962801935486,False,False,True,0.00014347417424914475,COMPLETE
702,0.4748641610145569,2025-03-31 21:00:07.562112,2025-03-31 21:00:14.739070,0 days 00:00:07.176958,0.12207728377033168,0.7493649737548893,16,0.04220336199059836,0.16311514660102128,0.008294242279091587,0.03889707465104154,0.09432923476653239,0.06343128584381227,0.00013675680833833646,23,72,0.037194720143995996,0.07286740852995899,False,False,True,1.5601231351628304e-08,COMPLETE
703,0.5612207531929017,2025-03-31 21:00:14.968682,2025-03-31 21:00:22.134027,0 days 00:00:07.165345,0.11644105535968657,0.777698731963372,16,0.03380900031927081,0.17886440803062573,0.00433142269294554,0.034086192759773815,0.09167610947846834,0.0674282089105399,0.00019538617567067606,24,81,0.044326901068638805,0.061002141555345384,False,False,True,0.0006274202312397391,COMPLETE
704,0.3938597321510315,2025-03-31 21:00:22.368680,2025-03-31 21:00:29.583229,0 days 00:00:07.214549,0.10949816727808703,0.24792348704167433,16,0.027247014896529108,0.1683863493703395,0.03463016322540067,0.03593310217678741,0.014614626120988197,0.06881254476421457,0.0002551718909011119,24,75,0.04034246210482183,0.05652390910161505,False,False,True,0.00019364081690126237,COMPLETE
705,0.44927080869674685,2025-03-31 21:00:29.801661,2025-03-31 21:00:37.056886,0 days 00:00:07.255225,0.1375011769495352,0.7317885735312668,16,0.04324877687924066,0.11703560975419698,0.008934676930368294,0.04069294290999499,0.09088881922018724,0.06718345991363919,0.00016157153635006224,24,83,0.045266179674286484,0.283493527397301,False,False,True,0.0004031088892439475,COMPLETE
706,0.49989367723464967,2025-03-31 21:00:37.288882,2025-03-31 21:00:44.568525,0 days 00:00:07.279643,0.08951414242498834,0.8171458521280908,16,0.01572813909234204,0.1815052317920757,0.0098651926700445,0.03515165410041727,0.09636552768837801,0.06440246654865872,0.0001228771792601526,25,77,0.04799659561745458,0.06887144334173845,False,False,True,1.2148957052097502e-08,COMPLETE
707,0.5239049911499023,2025-03-31 21:00:44.787662,2025-03-31 21:00:52.044536,0 days 00:00:07.256874,0.1018677004352199,0.7503153772827549,16,0.03708337865507211,0.21929083831196006,0.005585253472644816,0.03697311645860363,0.09232519380035284,0.060464453469655524,0.00019784932847919428,24,80,0.0417649006700055,0.11094930304924353,False,False,True,1.0141308771262545e-08,COMPLETE
708,0.517614209651947,2025-03-31 21:00:52.280184,2025-03-31 21:00:59.366017,0 days 00:00:07.085833,0.15715386791713765,0.7853550271811479,16,0.025391574378209394,0.168256699425053,0.03866398446092767,0.038327002560963816,0.0595591437681602,0.07005010117171818,0.00029989657711668844,23,72,0.0394868314851336,0.04845197336153449,False,False,True,8.982516325241276e-05,COMPLETE
709,0.5646951556205749,2025-03-31 21:00:59.582835,2025-03-31 21:01:06.938328,0 days 00:00:07.355493,0.06107393354689384,0.7191687061333912,16,0.046152288363494984,0.1572461874450108,0.007243997458782179,0.03244584181026642,0.08978662035584649,0.06621782655649189,0.00021663982478661474,25,84,0.03721300121700909,0.06412311452936961,False,False,True,1.7514851357180685e-08,COMPLETE
710,0.5638958096504212,2025-03-31 21:01:07.173509,2025-03-31 21:01:14.453098,0 days 00:00:07.279589,0.05195885603794764,0.7090467075533761,16,0.03960741472754533,0.17037082427382402,0.002726015429487252,0.0300875711757705,0.09364544237497843,0.0624320201261605,0.00027708639837729086,25,85,0.036348973841697566,0.07252627726366223,False,False,True,2.195839045947218e-08,COMPLETE
711,0.5119226813316345,2025-03-31 21:01:14.685850,2025-03-31 21:01:21.949094,0 days 00:00:07.263244,0.06311322694477202,0.7170464923569895,16,0.03310211962223986,0.17409347122585456,0.0012710314977869663,0.031144050191777933,0.09647232023328467,0.06372268664607575,0.00037480828023292906,25,85,0.033332745840385494,0.07921315148766551,False,False,True,2.7653945246383974e-08,COMPLETE
712,0.32372890710830693,2025-03-31 21:01:22.172601,2025-03-31 21:01:29.397589,0 days 00:00:07.224988,0.06368398044312844,0.7076737084950784,16,0.04241353009081316,0.1732453048725399,0.005787571982484956,0.030780909504782007,0.09526586314769864,0.06133510441358682,0.00027342926020415645,24,90,0.036047907695592095,0.06993933304135809,False,True,True,3.191087263350226e-08,COMPLETE
713,0.5095317482948304,2025-03-31 21:01:29.631341,2025-03-31 21:01:36.935515,0 days 00:00:07.304174,0.048957653134147724,0.7244518033397921,16,0.022047362671779206,0.17578578057234934,0.003654166304008254,0.028264589688248975,0.09408279483366419,0.06159162667349573,0.00047980603885550924,25,87,0.034457604513309176,0.0797487026362979,False,False,True,2.504954224010696e-08,COMPLETE
714,0.5606248021125794,2025-03-31 21:01:37.160739,2025-03-31 21:01:44.517356,0 days 00:00:07.356617,0.08041942943143268,0.7132701497295489,16,0.029197326720460187,0.18586956216619244,0.0017881709621924164,0.032644446355283505,0.09782194614758999,0.06502453704814003,0.0003216066699714608,25,85,0.03713925105432695,0.07513365988143351,False,False,True,2.45017814243809e-07,COMPLETE
715,0.3950384140014649,2025-03-31 21:01:44.748632,2025-03-31 21:01:52.681907,0 days 00:00:07.933275,0.054513102659542324,0.7310144851084817,16,0.04548006902365212,0.17031517605687702,0.00403855627394809,0.028255712627251364,0.0925979447086676,0.062181293370498214,0.000242151062125455,25,88,0.049333586402776554,0.06578587677574287,False,False,False,2.150601160394709e-08,COMPLETE
716,0.5053069472312928,2025-03-31 21:01:52.911201,2025-03-31 21:02:00.328222,0 days 00:00:07.417021,0.040697716757255364,0.7012870468511908,16,0.0396052846805269,0.18082005296317175,0.003253362596248016,0.030165649566100003,0.09453463331316411,0.058446379288208984,8.508964715886823e-05,24,84,0.03617675017118658,0.07340784325669401,True,False,True,2.0733133611249717e-08,COMPLETE
717,0.5246336579322816,2025-03-31 21:02:00.559688,2025-03-31 21:02:07.852731,0 days 00:00:07.293043,0.09737406836894974,0.7575297545220288,16,0.034770411566857506,0.16023785186199285,0.0013371736286679002,0.03238586689661837,0.09267308855945026,0.05963040474255473,0.00017290379775688987,25,91,0.04634098624509857,0.07123296436846384,False,False,True,2.4490293105905162e-08,COMPLETE
718,0.48119868040084846,2025-03-31 21:02:08.093071,2025-03-31 21:02:15.322187,0 days 00:00:07.229116,0.0704345401993085,0.7339130840641052,16,0.012588760881794912,0.19191219836153572,0.0036152160489540527,0.02640127416641759,0.09424367410795556,0.06518828801121121,0.00014533133963913388,24,86,0.03222845770396747,0.0646535562121935,False,False,True,3.0429535574870285e-08,COMPLETE
719,0.5617355227470399,2025-03-31 21:02:15.545365,2025-03-31 21:02:22.816554,0 days 00:00:07.271189,0.1265192943327292,0.702668464533336,16,0.04594743990779003,0.16596528720931988,0.005819997274870819,0.029367890873976614,0.09080504440537387,0.06300280607224858,0.00028803994578242685,25,82,0.037811844604084974,0.06439491050965665,False,False,True,0.00011850714341279642,COMPLETE
720,0.5640246033668518,2025-03-31 21:02:23.054368,2025-03-31 21:02:30.281353,0 days 00:00:07.226985,0.03996361530781331,0.7474521997023761,16,0.039094018767196294,0.16547505007642832,0.006881876707017471,0.033557984787006015,0.09284233109941059,0.06576571389321607,0.00021488991317113426,24,84,0.043597962090036836,0.07269419093207413,False,False,True,0.0002725973908677992,COMPLETE
721,0.5293212890625001,2025-03-31 21:02:30.505720,2025-03-31 21:02:48.312263,0 days 00:00:17.806543,0.03205516527836824,0.7607243235299922,2,0.02840324964103182,0.16722462077863803,0.007761485590988005,0.03461447312657691,0.09124587580308932,0.06711914338299807,0.00011430457010656063,23,82,0.043696597393923564,0.061774852414357775,False,False,True,0.00034807692965891106,COMPLETE
722,0.53291255235672,2025-03-31 21:02:48.549217,2025-03-31 21:02:55.725973,0 days 00:00:07.176756,0.029804083706399302,0.7842179514231719,16,0.019782119361188375,0.15953616558125477,0.007157142975069996,0.03347662260479848,0.09058306395618021,0.06675311344112549,0.00018076184881589803,23,88,0.04706995870999552,0.065676813657987,False,False,True,0.00029388573360548785,COMPLETE
723,0.5566081643104553,2025-03-31 21:02:55.986633,2025-03-31 21:03:02.986151,0 days 00:00:06.999518,0.042743841025821946,0.7673820728800184,16,0.03721698588804906,0.16322973373223382,0.006584946411028192,0.032107234877047065,0.09275156155927433,0.0665580960250168,0.0002040434333231658,22,84,0.044984500003133365,0.05942310324422432,False,False,True,0.00024923580156198594,COMPLETE
724,0.4961298942565918,2025-03-31 21:03:03.222361,2025-03-31 21:03:11.692822,0 days 00:00:08.470461,0.06793212458521002,0.7457390136886973,8,0.030595988879074512,0.15772944864889546,0.007972941787934826,0.03384642659224457,0.08993436926057109,0.06602082997714007,0.0001473973109842749,23,69,0.04267604135489841,0.06950075663631126,False,False,True,0.0003600774726840271,COMPLETE
725,0.4080266118049622,2025-03-31 21:03:11.931817,2025-03-31 21:03:19.126079,0 days 00:00:07.194262,0.032803028854766755,0.7475005243894357,16,0.04784787620619479,0.16505019324368636,0.006776945774589724,0.03600553853594569,0.0901226144658414,0.0649335703501744,0.00021861524423114363,24,38,0.04834269322373059,0.07689939685379497,False,False,True,0.00022553750475473388,COMPLETE
726,0.5263798236846924,2025-03-31 21:03:19.353841,2025-03-31 21:03:26.575510,0 days 00:00:07.221669,0.09354449449639192,0.8095684122145168,16,0.0235593598141375,0.1597080207461382,0.004992450804075094,0.03187798323976121,0.09227987178926693,0.06822231222811073,0.00018217990711870982,24,95,0.04580272067599345,0.05923351850429953,False,False,True,0.00027350530968711276,COMPLETE
727,0.518791675567627,2025-03-31 21:03:26.809456,2025-03-31 21:03:34.039076,0 days 00:00:07.229620,0.01043085519673986,0.7768783731632078,16,0.03328074770591342,0.16440572982497634,0.009011720936030209,0.04276790911389126,0.09532772856546994,0.06863718007310177,0.00013882732520814834,24,82,0.043477098251311574,0.06311087111720652,False,False,True,0.00019043893405954344,COMPLETE
728,0.4108556151390076,2025-03-31 21:03:34.267719,2025-03-31 21:03:41.590888,0 days 00:00:07.323169,0.05307636384080796,0.35666965492594055,16,0.03911588366427439,0.1554857297877672,0.00779910104473491,0.034241425019609806,0.08926065470831629,0.06454104111248415,0.00016276351513801022,24,89,0.051741938702397655,0.058342755487292175,False,False,True,0.0004765014960412531,COMPLETE
729,0.4386912107467652,2025-03-31 21:03:41.828477,2025-03-31 21:03:48.989647,0 days 00:00:07.161170,0.027386558136073356,0.728773974051927,16,0.047019361396145064,0.11450215987910689,0.010004596385942368,0.0275759735790538,0.0919375071064328,0.0677021544923294,0.00023086627812940406,23,150,0.0443058105222786,0.05549180646375054,False,False,True,0.0001714070311262733,COMPLETE
