number,value,datetime_start,datetime_complete,duration,params_alpha-eval,params_alpha-train,params_batch-size,params_eps-eval,params_eps-train,params_lambda-actions-eval,params_lambda-actions-train,params_lambda-frames-eval,params_lambda-frames-train,params_learning-rate,params_n-epochs,params_n-frames,params_radius-gw,params_rho,params_std-feats,params_ub-actions,params_ub-frames,params_weight-decay,state
1024,0.5128519654273987,2025-04-21 15:49:16.123969,2025-04-21 15:49:26.531582,0 days 00:00:10.407613,0.4463915318370376,0.585671737359966,2,0.04091106488309616,0.2692465542461503,0.015776602391376196,0.05111528485174128,0.022476409441452138,0.09973610958664125,0.07749554121372972,8,131,0.026898465969162143,0.03530561794395155,True,False,True,0.00027738471294111054,COMPLETE
1025,0.4022587418556214,2025-04-21 15:49:26.863246,2025-04-21 15:49:38.396758,0 days 00:00:11.533512,0.4641373042443919,0.5084110063217162,2,0.06009061440955381,0.0993510523832187,0.011228876210119252,0.0665722468574739,0.02998555599185799,0.012697372392313463,0.01816517320567266,10,135,0.032487877287247766,0.053054320369753064,True,False,True,1.0269299173467695e-05,COMPLETE
1026,0.5811124801635743,2025-04-21 15:49:38.734088,2025-04-21 15:49:49.748656,0 days 00:00:11.014568,0.5140726465670549,0.5306166621339945,2,0.029233135709512036,0.23379240607780005,0.01254279593824408,0.0329182259770765,0.02510327152683505,0.0975887865396274,0.06598053129647224,9,147,0.02954786162052517,0.0467761357401934,True,False,True,2.8180444791986874e-05,COMPLETE
1027,0.4073840260505676,2025-04-21 15:49:50.067998,2025-04-21 15:50:01.654006,0 days 00:00:11.586008,0.4167765205644933,0.570144199477828,2,0.04631692789077266,0.06378774368660181,0.035232560136336674,0.06285424598900244,0.02148641171311686,0.08299510473386636,0.055993193989084915,10,150,0.0350550380819049,0.09956652561247721,True,False,True,3.5910800960591234e-05,COMPLETE
1028,0.37933954000473025,2025-04-21 15:50:01.983234,2025-04-21 15:50:08.849066,0 days 00:00:06.865832,0.5006266872690392,0.5971125949111409,8,0.07029652681353879,0.10253126473025609,0.018094199206591038,0.04966277555470168,0.028353696759967045,0.08051019253511446,0.004076529769509269,8,142,0.03054194990579991,0.10759499914736238,True,False,True,0.0003698295782262074,COMPLETE
1029,0.5035494923591615,2025-04-21 15:50:09.178354,2025-04-21 15:50:21.834183,0 days 00:00:12.655829,0.5316476876878434,0.624093083123441,2,0.03498557871061204,0.14265231120407693,0.009181515101510017,0.05636588129850328,0.023877314948692302,0.0011087048599839383,0.08587099036668817,12,145,0.026703531352015114,0.04209575338542129,True,False,True,0.00016562759121879956,COMPLETE
1030,0.2781735360622406,2025-04-21 15:50:22.165655,2025-04-21 15:50:33.241239,0 days 00:00:11.075584,0.8454105916080525,0.5498416654827653,2,0.0559819062081979,0.2032228309463236,0.01398366252150675,0.0698110310986787,0.027417070129914355,0.00786261117120403,0.023591523342800978,9,139,0.032154853877798185,0.057567515513574904,True,False,True,1.4953503608697378e-05,COMPLETE
1031,0.5232585072517395,2025-04-21 15:50:33.574878,2025-04-21 15:50:45.636244,0 days 00:00:12.061366,0.4612336114750791,0.49466677194716874,2,0.03956023746832938,0.09826026022180429,0.01622330025391918,0.05385954785333405,0.020992244702532074,0.0037433950848898274,0.05049172588508881,11,147,0.024054866135464564,0.029346552027308445,True,False,True,0.00022459192139600613,COMPLETE
1032,0.463397216796875,2025-04-21 15:50:45.973508,2025-04-21 15:50:57.073971,0 days 00:00:11.100463,0.48790977672267016,0.5818166301861756,2,0.024614924392303165,0.09529142210035872,0.01023257368217372,0.0594960418117514,0.024222870487498768,0.00993137595876051,0.0740048834865527,9,144,0.028936097258787753,0.04800219212866678,True,False,True,2.4993954164792587e-05,COMPLETE
1033,0.28286103010177616,2025-04-21 15:50:57.409007,2025-04-21 15:51:08.952579,0 days 00:00:11.543572,0.6090078953198067,0.7210697658825533,2,0.05226925667423124,0.1221896172456528,0.013248320509193084,0.05035007374832078,0.07462554027640776,0.09832244948527567,0.059974389298491554,10,122,0.03679763199251837,0.039444960577939614,True,True,True,0.00013002964210704327,COMPLETE
1034,0.3728859305381775,2025-04-21 15:51:09.272204,2025-04-21 15:51:23.024895,0 days 00:00:13.752691,0.43192919041744077,0.6029124586926922,2,0.08268081417099551,0.11329610464745885,0.007721918640122652,0.00949440216636846,0.011130291598065247,0.005429040193794062,0.015049228602403068,14,150,0.0336370327560065,0.021680773473534413,True,False,True,3.892020506013686e-05,COMPLETE
1035,0.37195730209350586,2025-04-21 15:51:23.357323,2025-04-21 15:51:30.031890,0 days 00:00:06.674567,0.4755490890290496,0.5369595390050478,16,0.03067881810509663,0.23175125511683542,0.011256169918667043,0.05218440756404434,0.0265691394308518,0.08195468379990059,0.019738030206458423,8,142,0.031239700808164298,0.10907761928644608,True,False,False,1.7343467448860615e-05,COMPLETE
1036,0.4184537291526794,2025-04-21 15:51:30.361841,2025-04-21 15:51:41.916261,0 days 00:00:11.554420,0.4485891455431002,0.5639361347665148,2,0.04539460628293099,0.22224578090001784,0.014540924838254237,0.007750713388155146,0.03129044938148702,0.0778195606384851,0.04536315895794333,10,147,0.028697037982862827,0.014129564868269774,True,False,True,0.00047883383463266535,COMPLETE
1037,0.5329018950462342,2025-04-21 15:51:42.250076,2025-04-21 15:51:53.285462,0 days 00:00:11.035386,0.5135412580372739,0.6352810430644549,2,0.0386810554508253,0.0907162734347437,0.018399535691536652,0.04884234612685303,0.02212171898024747,0.011727171380043928,0.09903028186006795,9,139,0.026861816672636946,0.06028342051030694,True,False,True,0.00017605851192398786,COMPLETE
1038,0.3728184223175049,2025-04-21 15:51:53.619190,2025-04-21 15:52:04.173941,0 days 00:00:10.554751,0.47691432866397193,0.5222276734470372,2,0.06386719433310244,0.04954142773305019,0.01238124150240946,0.05420363391629868,0.007961538890788888,0.08506252251793407,0.005506429590213729,8,145,0.03479814064718361,0.03256545934253866,True,False,True,0.0002598118605065526,COMPLETE
1039,0.50790513753891,2025-04-21 15:52:04.509925,2025-04-21 15:52:16.558769,0 days 00:00:12.048844,0.7063495447909863,0.46603198344250873,2,0.019636060771361985,0.10558834102885781,0.008568331793102082,0.05619282487916252,0.028830709968636396,0.09623351349823692,0.010231915540494886,11,137,0.021937552706003224,0.09938404592970845,True,False,True,1.9871655524704786e-05,COMPLETE
1040,0.3777421236038208,2025-04-21 15:52:16.897778,2025-04-21 15:52:24.075244,0 days 00:00:07.177466,0.4032302928400931,0.5840671674846271,8,0.032400950538985285,0.02292482201738827,0.0163029895734952,0.06120355889646632,0.025758242734333515,0.00472507969084188,0.07614762666692071,10,107,0.031563308948094504,0.05122021051318633,True,False,True,1.155809167643675e-05,COMPLETE
1041,0.2929590046405792,2025-04-21 15:52:24.394968,2025-04-21 15:52:35.326821,0 days 00:00:10.931853,0.49615451976557573,0.6123897731111726,2,0.05014306766453567,0.06110087050297189,0.05133898771291741,0.06618101135966858,0.02027119782225268,0.008603606379193456,0.01311046318945138,9,150,0.029881490429446697,0.044501483034098364,False,False,True,0.00031559963472048663,COMPLETE
1042,0.49393641948699957,2025-04-21 15:52:35.659047,2025-04-21 15:52:47.197400,0 days 00:00:11.538353,0.5328127535243664,0.5481791852611193,2,0.04318808592792356,0.16976614715118407,0.010455595410613186,0.052044600627607705,0.023331732600054493,0.07871620584310454,0.053263604961960975,10,147,0.013154576013146818,0.0545913355243013,True,False,True,0.00013170757464912034,COMPLETE
1043,0.4200868725776673,2025-04-21 15:52:47.534463,2025-04-21 15:52:58.443562,0 days 00:00:10.909099,0.45490959985515084,0.5703451207480422,2,0.058232950975679834,0.0685103381059817,0.013640348072589487,0.06345588418459543,0.020547267666279123,0.006343259083425975,0.039605824607529684,9,116,0.07473774177090597,0.04034595754100899,True,False,True,2.4146539887681316e-05,COMPLETE
1044,0.5368872642517091,2025-04-21 15:52:58.779491,2025-04-21 15:53:11.461258,0 days 00:00:12.681767,0.4302706412270991,0.5065750208906281,2,0.027582696001737073,0.08817692939510835,0.016308037026856202,0.006303277440310204,0.02385282045850825,0.08119615709277853,0.06589184471046379,12,142,0.0255094847596544,0.0605538306213733,True,False,True,3.5304131242380095e-05,COMPLETE
1045,0.4023639976978302,2025-04-21 15:53:11.798507,2025-04-21 15:53:22.331495,0 days 00:00:10.532988,0.5006446573039436,0.5956476577202409,2,0.03820164191310529,0.09668991121207415,0.011481345223195112,0.058323052790750854,0.003202476068637182,0.00317879738435401,0.0008457631283431454,8,144,0.03321870981179188,0.0263482151583274,True,False,True,0.00021374660208936319,COMPLETE
1046,0.5461382985115051,2025-04-21 15:53:22.669883,2025-04-21 15:53:33.582279,0 days 00:00:10.912396,0.5619065824299349,0.5534141793408354,2,0.0495026855049039,0.07266122837799895,0.019725712657199617,0.07185136019527263,0.012927910378708265,0.010255153906946642,0.008329637262390829,9,60,0.027722539714699485,0.007362733637339636,True,False,True,7.842410688778792e-06,COMPLETE
1047,0.3119436085224152,2025-04-21 15:53:33.919547,2025-04-21 15:53:45.387965,0 days 00:00:11.468418,0.4698676369714276,0.5323235670398364,2,0.22016878420079572,0.10432316488946608,0.05371745474950039,0.04992336295525693,0.025383902690450783,0.08268384085226922,0.02378142595748479,10,133,0.02993406634907076,0.035762529462475816,True,False,True,5.03835954228486e-05,COMPLETE
1048,0.32019239068031313,2025-04-21 15:53:45.726638,2025-04-21 15:53:57.757613,0 days 00:00:12.030975,0.8095525062349758,0.6134831615509039,2,0.035363404661179244,0.09126978293667798,0.00775295093975926,0.003478243424845995,0.021976015509973443,0.09775333999735869,4.106013853932392e-05,11,148,0.03615574298199109,0.047052130720360436,True,False,True,0.00015365909217189598,COMPLETE
1049,0.4430332899093628,2025-04-21 15:53:58.085549,2025-04-21 15:54:09.077158,0 days 00:00:10.991609,0.5129982543360528,0.5823329169237058,2,0.0775534388712849,0.05643225860764087,0.01501601808965272,0.06862396505908633,0.028265492264520343,0.007385293262012179,0.052492756796147205,9,96,0.03193142321654113,0.09509556334239908,True,False,True,2.974088011142764e-05,COMPLETE
1050,0.40744162797927863,2025-04-21 15:54:09.413122,2025-04-21 15:54:20.972944,0 days 00:00:11.559822,0.48435089379391155,0.6254645863068804,2,0.06896458191603193,0.07726638764476651,0.012527800809012573,0.009775790119563203,0.03058372686202368,0.08438859431483559,0.08532056200256323,10,141,0.004633762889328444,0.11078890697906661,True,False,True,1.3132163822179435e-05,COMPLETE
1051,0.4886044502258301,2025-04-21 15:54:21.309250,2025-04-21 15:54:31.834146,0 days 00:00:10.524896,0.4536516098324203,0.5639295471378734,2,0.0454475107609247,0.25475825131595525,0.010564498165256406,0.048426645956379466,0.02035797022938131,0.08007802438092682,0.06352157537601893,8,145,0.023758831598729095,0.10331114714315255,True,False,True,0.00043633872058736716,COMPLETE
1052,0.28286103010177616,2025-04-21 15:54:32.171177,2025-04-21 15:54:43.206961,0 days 00:00:11.035784,0.42060786673076406,0.49409222806138486,2,0.022636375331307947,0.2411944170404785,0.01792674319433334,0.05182036799917827,0.0060647713750047036,0.014304466774949362,0.03169616267264562,9,126,0.027772182098218325,0.05289623584559508,True,True,True,0.00020344711864254942,COMPLETE
1053,0.38186656236648564,2025-04-21 15:54:43.544880,2025-04-21 15:54:50.753478,0 days 00:00:07.208598,0.5363381264488128,0.5951184175072424,8,0.05487104664331297,0.08491087032891105,0.014592054699671035,0.054197525565193125,0.05026373294695223,0.09993393484968272,0.016925141007567045,10,150,0.033926225610950475,0.27291113102555653,True,False,True,0.0006654450500295675,COMPLETE
1054,0.3701795220375061,2025-04-21 15:54:51.092915,2025-04-21 15:55:04.534458,0 days 00:00:13.441543,0.4362397471270746,0.5253875783179396,2,0.04106742568487008,0.09793395189621185,0.02121819992009867,0.05612681580434788,0.026168207590525756,0.09518159870137885,0.04341719960640025,11,143,0.030189119378175033,0.06186652510435478,True,False,False,4.934389388317451e-06,COMPLETE
1055,0.5486967325210571,2025-04-21 15:55:04.873852,2025-04-21 15:55:15.925173,0 days 00:00:11.051321,0.470725396040309,0.5450204742451324,2,0.032960707288631555,0.08951770581710482,0.012852293019347729,0.01237827382166542,0.022754004635659512,0.012152111224297739,0.02187165895203514,9,136,0.031751319951696326,0.03252485592883135,True,False,True,4.0065097726305174e-05,COMPLETE
1056,0.4951922655105591,2025-04-21 15:55:16.266212,2025-04-21 15:55:27.771535,0 days 00:00:11.505323,0.132892319565802,0.5752096297684027,2,0.027371876446884196,0.03538546823013952,0.009080819797280293,0.003101579315489385,0.035046213769469044,0.017587817175313266,0.0726929260931837,10,147,0.02554568825273649,0.05417108686456155,True,False,True,2.1359940733884075e-05,COMPLETE
1057,0.35035336613655094,2025-04-21 15:55:28.097888,2025-04-21 15:55:34.510094,0 days 00:00:06.412206,0.495665747012317,0.6367748300173476,16,0.06004319181161479,0.0827957074372754,0.01611146638426199,0.05993865476396917,0.018959124320595135,0.08600791748650591,0.05111793675137395,8,147,0.02832582750919959,0.11600089542635691,True,False,True,0.00029493931016107437,COMPLETE
1058,0.5037309527397156,2025-04-21 15:55:34.846603,2025-04-21 15:55:45.753764,0 days 00:00:10.907161,0.5139616473284925,0.6048352836709401,2,0.04760877035871669,0.07295227186895845,0.009783796480580951,0.052922128137561295,0.02490047736855494,0.009725301183998319,0.026608980748009086,9,38,0.03815897810736264,0.04045150954465482,True,False,True,0.00012260351365078832,COMPLETE
1059,0.5865797519683839,2025-04-21 15:55:46.095279,2025-04-21 15:55:57.718895,0 days 00:00:11.623616,0.4032502455744574,0.55593612837345,2,0.040150795495251274,0.09448346338193718,0.014506861673006858,0.057413036440133895,0.027413232239239683,0.005071199124646156,0.036343592491453164,10,140,0.033587246448510535,0.04820559026524059,True,False,True,1.7231556546758628e-05,COMPLETE
1060,0.37588808536529544,2025-04-21 15:55:58.059373,2025-04-21 15:56:09.137254,0 days 00:00:11.077881,0.44700115506173416,0.7001179792831976,2,0.052765367525364246,0.07952397488304276,0.007113955478589636,0.008678332503989375,0.02168679987216154,0.0025457456271652332,0.062132631467254396,9,150,0.029322628641988813,0.05896876038462525,True,False,True,2.7354032320652467e-05,COMPLETE
1061,0.3021503210067749,2025-04-21 15:56:09.481442,2025-04-21 15:56:20.804276,0 days 00:00:11.322834,0.5503377183136964,0.5767691783546725,2,0.16623351963261762,0.06584858189908649,0.011835052171027548,0.06512988246627949,0.017948626270948856,0.08362861144561837,0.08334444086571348,10,46,0.026634634628715292,0.02285663395736978,False,False,True,0.00015156237958973646,COMPLETE
1062,0.38325401544570925,2025-04-21 15:56:21.146155,2025-04-21 15:56:31.657912,0 days 00:00:10.511757,0.4797887196467408,0.5377796690199735,2,0.17718057928813055,0.10131519111513404,0.013238165760513078,0.04924937691410196,0.03248831656242539,0.09629928405401555,0.04573082055269019,8,144,0.03584804666292079,0.09519473259403412,True,False,True,0.00036615705031675514,COMPLETE
1063,0.28286103010177616,2025-04-21 15:56:31.998741,2025-04-21 15:56:43.394273,0 days 00:00:11.395532,0.45559602901709473,0.5117486033388586,2,0.03278811102757901,0.08779739981637782,0.029149320978979543,0.0858453148480329,0.02287971154758338,0.008310419819378866,0.030829002367773955,10,15,0.03144821832462677,0.044533869319088384,True,False,True,5.8540280231150065e-05,COMPLETE
1064,0.560853111743927,2025-04-21 15:56:43.738439,2025-04-21 15:56:54.844897,0 days 00:00:11.106458,0.5249076579607893,0.5871148860500878,2,0.043375553035149624,0.1157088051789544,0.017499820737497125,0.0624524190287055,0.01252618580820021,0.07873937462380634,0.0020664459739281956,9,147,0.029988577442351616,0.034649342736451025,True,False,True,0.00019845464234298876,COMPLETE
1065,0.49811593294143675,2025-04-21 15:56:55.191785,2025-04-21 15:57:02.484186,0 days 00:00:07.292401,0.49233878292586897,0.4797881711779824,8,0.01636845936344443,0.10723639113255114,0.0097854125936918,0.011485388372961232,0.019849043695044765,0.006445158522790095,0.03898867097845801,11,138,0.06849344033232561,0.10434489404919373,True,False,True,9.328083942259911e-06,COMPLETE
1066,0.2826608002185822,2025-04-21 15:57:02.810378,2025-04-21 15:57:13.249729,0 days 00:00:10.439351,0.9548561490996612,0.6157414080123933,2,0.06563101153437714,0.09395285869087212,0.015205716900256789,0.047920439454861054,0.025380994995610355,0.004382481444181536,0.02001879404528151,8,143,0.02438103597504369,0.05381455602901139,True,False,True,3.23374071166277e-05,COMPLETE
1067,0.6212752103805542,2025-04-21 15:57:13.588740,2025-04-21 15:57:24.623923,0 days 00:00:11.035183,0.4673927766258487,0.5616632698689205,2,0.03665591491716646,0.0769404068496633,0.007903799889346886,0.06733112960128716,0.008788361271226574,0.08129420709392038,0.012226862645481874,9,150,0.033071164982331425,0.01649054703498137,True,False,True,0.00027232355600274546,COMPLETE
1068,0.5790844321250916,2025-04-21 15:57:24.967066,2025-04-21 15:57:36.599806,0 days 00:00:11.632740,0.4145731384968575,0.5988844665452333,2,0.0988553053860822,0.2785372799511921,0.007946139476963371,0.06826633862241797,0.009558025974390627,0.08047001839943115,0.009484230709754259,10,141,0.03520362204184702,0.022996321788555266,True,False,True,0.0003765767710208582,COMPLETE
1069,0.36957362890243534,2025-04-21 15:57:36.940549,2025-04-21 15:57:47.963794,0 days 00:00:11.023245,0.434133872381311,0.5688187763656786,2,0.029875457744470507,0.05939695539168168,0.006575460876483042,0.06698745689093905,0.006864723531331057,0.08045197007964708,0.008832184715123897,9,145,0.03767242460251289,0.01508618928402299,True,False,True,0.00038171127973391286,COMPLETE
1070,0.5020547032356263,2025-04-21 15:57:48.306885,2025-04-21 15:58:00.314027,0 days 00:00:12.007142,0.38781045903464995,0.6331252951175974,2,0.026631329016322113,0.0693140143954185,0.00703645362967779,0.06818213945740682,0.010193954506141419,0.08266840909455588,0.011471484082295208,11,148,0.021849068223402532,0.01935173543204719,True,False,True,0.0003030486301393713,COMPLETE
1071,0.42599972486495974,2025-04-21 15:58:00.655808,2025-04-21 15:58:11.182203,0 days 00:00:10.526395,0.47601826743262454,0.6015703750071577,2,0.022933592938778592,0.06438065575929172,0.005276494054995922,0.06492389430961527,0.007796950107219823,0.07810017929969557,0.015281248989479133,8,150,0.033424393540564215,0.008518700801445452,True,False,True,1.6256396177105868e-08,COMPLETE
1072,0.28286103010177616,2025-04-21 15:58:11.529614,2025-04-21 15:58:25.914942,0 days 00:00:14.385328,0.46506073423161925,0.574797042972271,2,0.03595723120907364,0.07545280839765817,0.0066947068401325424,0.0710350844061129,0.011170837446583006,0.08214375361442268,0.013699984388134289,15,134,0.039620753789906905,0.021496161341169124,True,True,True,0.00027504424039246755,COMPLETE
1073,0.5575202226638795,2025-04-21 15:58:26.260359,2025-04-21 15:58:37.332585,0 days 00:00:11.072226,0.5021080572960405,0.5585326579761527,2,0.0356105644065106,0.07038833264950338,0.008596682689162694,0.06713455902829965,0.005085225365071771,0.08487407069276379,0.011078676597358908,9,145,0.027510635561188868,0.02236799242868706,True,False,True,0.00048149994139940735,COMPLETE
1074,0.39218767881393435,2025-04-21 15:58:37.680837,2025-04-21 15:58:50.540442,0 days 00:00:12.859605,0.4384116009759785,0.5895453175704707,2,0.2510074083775542,0.07678392332174952,0.008612815568534406,0.06577673991852277,0.008318503030780505,0.0791671190420588,0.012499049735983423,10,140,0.03206167844709309,0.013407817292584678,True,False,False,0.00024348543253739746,COMPLETE
1075,0.4959500908851624,2025-04-21 15:58:50.891394,2025-04-21 15:59:01.903948,0 days 00:00:11.012554,0.5248260675012435,0.6141308586114985,2,0.047327608346876396,0.08337595806190806,0.010780082463802632,0.06764729173826561,0.005198827486167447,0.08252760921911635,0.009268968571516859,9,130,0.019318536814041318,0.006683479628054545,True,False,True,0.0006358297178926056,COMPLETE
1076,0.5262634277343751,2025-04-21 15:59:02.236225,2025-04-21 15:59:12.646086,0 days 00:00:10.409861,0.4574110873895031,0.6400606952047884,2,0.05506659036996813,0.07193853948061113,0.009503537258606566,0.06904698867490155,0.00609920149079466,0.08093211004980137,0.007897956032744097,8,77,0.029031988399293007,0.007046714620035597,True,False,True,0.00032476427822864044,COMPLETE
1077,0.5162653088569642,2025-04-21 15:59:13.000714,2025-04-21 15:59:24.534521,0 days 00:00:11.533807,0.5747377679661093,0.556218900951612,2,0.018975403459041414,0.28419973509229096,0.020312564654777508,0.06510923400396815,0.008213950755649823,0.07694202590918947,0.01391634160743178,10,147,0.02603584653922497,0.013160996092126013,True,False,True,2.270591266044739e-05,COMPLETE
1078,0.3750095129013062,2025-04-21 15:59:24.883294,2025-04-21 15:59:32.236438,0 days 00:00:07.353144,0.49038951320047897,0.5863784185726151,8,0.04191365824027381,0.044029119548366885,0.007224081999325501,0.061564345136150125,0.009157466715782176,0.08605629918308434,0.016135003275431742,11,143,0.031102174332589834,0.0010991048401042484,True,False,True,4.4700102487936346e-05,COMPLETE
1079,0.28474244475364685,2025-04-21 15:59:32.584596,2025-04-21 15:59:43.504312,0 days 00:00:10.919716,0.9012070941417722,0.6181300372493335,2,0.028341639966877878,0.0785996329046998,0.005166552624917133,0.06344497648922645,0.011381659877062335,0.08319614825915184,0.011391634860862048,9,87,0.03489660770762611,0.01555685999643864,True,False,True,1.5291081536915427e-05,COMPLETE
