number,value,datetime_start,datetime_complete,duration,params_alpha-eval,params_alpha-train,params_batch-size,params_eps-eval,params_eps-train,params_lambda-actions-eval,params_lambda-actions-train,params_lambda-frames-eval,params_lambda-frames-train,params_learning-rate,params_n-epochs,params_n-frames,params_radius-gw,params_rho,params_std-feats,params_ub-actions,params_ub-frames,params_weight-decay,state
1402,0.32308810949325567,2025-03-31 22:35:54.280809,2025-03-31 22:36:01.341207,0 days 00:00:07.060398,0.10279661671849236,0.8465633491317592,16,0.06883363491349612,0.11970794003640219,0.011452128403099102,0.039337700817467916,0.08703005947518516,0.08766639711890017,0.00017604744625314308,23,65,0.05017273570769652,0.08286030407218685,False,True,False,3.6711469377831648e-06,COMPLETE
1403,0.4985432267189026,2025-03-31 22:36:01.793394,2025-03-31 22:36:09.166822,0 days 00:00:07.373428,0.043346509327946495,0.8108891821839616,16,0.05497695811835057,0.2069230262562764,0.018425323074282112,0.05664774376810211,0.08962610635105817,0.08304609203089817,0.00023070794395168505,24,62,0.043114899003087105,0.07791585930287666,True,False,True,1.879802558318088e-08,COMPLETE
1404,0.5571096539497375,2025-03-31 22:36:09.616561,2025-03-31 22:36:16.913446,0 days 00:00:07.296885,0.07354876174519845,0.8317766604492711,16,0.04662507133599524,0.11245823235545731,0.004759017031829651,0.017166912662163393,0.09135093416415743,0.08987434769532561,0.00030682078136104864,25,69,0.045790555884386526,0.08706622796922138,False,False,True,1.2758731768772627e-08,COMPLETE
1405,0.5533395290374756,2025-03-31 22:36:17.358623,2025-03-31 22:36:24.743229,0 days 00:00:07.384606,0.048867489404469146,0.9172572933149666,16,0.06013365700331242,0.09800782835343669,0.013218997434573986,0.05136041743819613,0.08798301113396605,0.08485115545216271,0.0003649812289647513,26,74,0.04147930067043454,0.09169078078766524,False,False,True,1.0075207119557464e-08,COMPLETE
1406,0.545969033241272,2025-03-31 22:36:25.193053,2025-03-31 22:36:32.509082,0 days 00:00:07.316029,0.09036003657184057,0.8816198459102238,16,0.03999840604506475,0.1827730899364462,0.007468752755358025,0.03804860499939998,0.08447645631622774,0.08728310828914763,0.0001967357039081102,25,70,0.0445387464564437,0.10075851266386462,False,False,True,1.003459165796376e-08,COMPLETE
1407,0.5356493949890138,2025-03-31 22:36:32.981016,2025-03-31 22:36:40.478235,0 days 00:00:07.497219,0.02768421603364064,0.859561823423481,16,0.050497016426905614,0.088029186000487,0.010863410823643031,0.05348827728453551,0.08227075312794213,0.09535029419817644,0.0004892592800240017,27,73,0.047764299487128355,0.07964402894021555,False,False,True,1.553565717704393e-08,COMPLETE
1408,0.5279441714286804,2025-03-31 22:36:40.934585,2025-03-31 22:36:59.048637,0 days 00:00:18.114052,0.0646584510949298,0.8037630659111694,2,0.0648477150935694,0.10934970035322299,0.016632253559863096,0.01982145537351987,0.0905476473434739,0.08596112421634039,0.0002458577997089837,24,61,0.05394038763655229,0.08335628444300003,False,False,True,9.380067334977866e-05,COMPLETE
1409,0.48036720752716067,2025-03-31 22:36:59.499884,2025-03-31 22:37:06.662227,0 days 00:00:07.162343,0.010155083746801595,0.8307936597158306,16,0.04470719564944084,0.12651059114308147,0.004510224117121982,0.05105250993934203,0.0870641355718004,0.08346215271391734,0.00015779595315313359,23,53,0.04314760543219967,0.07677383254101951,False,False,True,1.685432464391611e-08,COMPLETE
1410,0.31487025618553166,2025-03-31 22:37:07.112341,2025-03-31 22:37:14.195823,0 days 00:00:07.083482,0.77139723997997,0.5263854031213612,16,0.07480357522649475,0.12147997913020378,0.009034792133265085,0.013530086510077165,0.05963318971149395,0.09033309090042826,0.00012071324445568246,22,69,0.049813065780599415,0.27691414139950754,False,False,True,2.6153631696811924e-08,COMPLETE
1411,0.4701624393463135,2025-03-31 22:37:14.650349,2025-03-31 22:37:23.557337,0 days 00:00:08.906988,0.04334337494755562,0.8566533173021554,8,0.05581657464305161,0.18934759847409488,0.05490456186076497,0.040478498319454034,0.0892351214351171,0.08884904488187186,0.00020413035089031885,26,64,0.0466013322685564,0.0955530743602987,False,False,True,2.044868760387103e-08,COMPLETE
1412,0.5099314451217651,2025-03-31 22:37:24.027139,2025-03-31 22:37:31.661655,0 days 00:00:07.634516,0.20808665540477211,0.8969618601535204,16,0.03624137421771491,0.10431517712719135,0.01443722753143032,0.05795233764460818,0.0852348325257,0.008670910906108886,0.00027381336992909834,28,75,0.0408498255513166,0.08844115619525071,False,False,True,1.4195746797095496e-08,COMPLETE
1413,0.5108688592910767,2025-03-31 22:37:32.118663,2025-03-31 22:37:39.418627,0 days 00:00:07.299964,0.029508288144306304,0.877833653970611,16,0.021124329481565098,0.114486208614414,0.03007141668185606,0.05446073151663928,0.09167448966161877,0.0828510542608367,0.0001774393297038382,25,71,0.043800382195015246,0.16734279581754363,False,False,True,3.674587271471196e-08,COMPLETE
1414,0.5018813610076904,2025-03-31 22:37:39.871752,2025-03-31 22:37:47.224791,0 days 00:00:07.353039,0.1152391428267188,0.8198329818327932,16,0.052125069703367735,0.12600728091082644,0.006187396583695778,0.015517527974619043,0.08827649704457034,0.041855433245544596,0.00022243278333861888,26,66,0.04541696135957377,0.10816372158501115,False,False,True,1.0012614476089745e-08,COMPLETE
1415,0.407389771938324,2025-03-31 22:37:47.678780,2025-03-31 22:37:55.212820,0 days 00:00:07.534040,0.46206928375485423,0.8034976012923511,16,0.04353346827868217,0.1114640328446501,0.012984953131959496,0.036292812178209254,0.08615647025542283,0.05463066154456811,1.309564345238384e-05,27,58,0.04187140098145674,0.07634815230361611,False,False,True,1.2365688543682385e-08,COMPLETE
1416,0.5576367616653443,2025-03-31 22:37:55.662927,2025-03-31 22:38:02.842598,0 days 00:00:07.179671,0.010436122595777907,0.8474404934074308,16,0.027258342033638822,0.11800915530987635,0.0025322831957930074,0.050778934060550125,0.09061876479165774,0.011714669800939055,0.0003383404902333942,23,74,0.04895004952687525,0.08513162083740698,False,False,True,2.4911391716996e-08,COMPLETE
1417,0.4878259181976319,2025-03-31 22:38:03.313499,2025-03-31 22:38:10.560908,0 days 00:00:07.247409,0.05768628050105838,0.9341969855149825,16,0.061938560592236784,0.09432788697335917,0.009995828847388373,0.062325622447743895,0.08238696817363926,0.08212413650207383,0.000143365651655571,24,68,0.052806607116365284,0.09856212539341151,False,False,True,1.9236605676084733e-07,COMPLETE
1418,0.5489933133125305,2025-03-31 22:38:11.014002,2025-03-31 22:38:18.674259,0 days 00:00:07.660257,0.08936083949958615,0.8293329593228136,16,0.036289296957113984,0.19530457108350796,0.008221904551095184,0.05298648597759698,0.089362330216747,0.09301258350320975,0.0002587363255401326,28,72,0.04366486660988805,0.09205876661172346,False,False,True,1.5131979812293723e-08,COMPLETE
1419,0.32372890710830693,2025-03-31 22:38:19.132319,2025-03-31 22:38:26.422549,0 days 00:00:07.290230,0.010088723965332762,0.8771296677940091,16,0.06835455345278754,0.12720300284631522,0.02028742856669075,0.01909725628691546,0.07030406696056166,0.08730554913767474,0.00017188576609421718,25,75,0.04679375702575965,0.07845878895354963,False,True,True,0.00011632041333259773,COMPLETE
1420,0.38854449987411505,2025-03-31 22:38:26.873359,2025-03-31 22:38:34.261247,0 days 00:00:07.387888,0.04704609519980316,0.8010307373916006,16,0.22511099895283831,0.18122257991075091,0.0156448942184149,0.023519736831121338,0.021603922442634777,0.08562330806743501,0.00031400365063785185,26,70,0.04041704480474607,0.07533496894091248,False,False,True,1.9067248935772563e-08,COMPLETE
1421,0.3911163449287415,2025-03-31 22:38:34.733611,2025-03-31 22:38:42.742419,0 days 00:00:08.008808,0.5685354448514918,0.9128331411404965,16,0.051112785227458414,0.11954087237739916,0.012043198339532539,0.021353984783484235,0.08676886036797184,0.08081702149495724,0.00021810011689934057,27,40,0.04230215384223376,0.08670089718940686,False,False,False,8.00010667446942e-05,COMPLETE
1422,0.5533593535423279,2025-03-31 22:38:43.198843,2025-03-31 22:38:50.370026,0 days 00:00:07.171183,0.06419963854115618,0.8552733545288701,16,0.05828000924099568,0.1062512243225058,0.005671175414638195,0.03763988365594131,0.09192935071170558,0.09123379034776685,0.00044324902899048313,24,64,0.05129044133318039,0.10366210843087605,False,False,True,3.179374136963348e-08,COMPLETE
1423,0.4399926066398621,2025-03-31 22:38:50.825446,2025-03-31 22:38:57.127339,0 days 00:00:06.301893,0.030315849160633783,0.8272045621768056,16,0.04602284913465838,0.18687226723909842,0.007373207232296059,0.040721835392366144,0.07443083770879394,0.08853557655908943,0.00019398542768606723,13,66,0.04484859908044736,0.08388070699291793,False,False,True,1.2585438148557288e-08,COMPLETE
1424,0.48382828235626224,2025-03-31 22:38:57.580062,2025-03-31 22:39:05.063677,0 days 00:00:07.483615,0.07233976870916885,0.8913446817054941,16,0.08827379747977579,0.1129568979254873,0.023424469894095606,0.04960223025238342,0.08461551352620532,0.08230260243743136,0.005930862966109665,25,61,0.047920970463468555,0.09516425964971278,True,False,True,4.996656099083809e-08,COMPLETE
1425,0.5684613823890686,2025-03-31 22:39:05.515630,2025-03-31 22:39:12.643285,0 days 00:00:07.127655,0.03903479131487825,0.8059375692546074,16,0.033250643593884646,0.12073345716890715,0.018269115555623994,0.05597406534148159,0.08796427026322688,0.08078964886568496,0.0002579783341021207,23,76,0.04138391536117903,0.07260846873713347,False,False,True,1.545866050323449e-08,COMPLETE
1426,0.3862793445587159,2025-03-31 22:39:13.115393,2025-03-31 22:39:20.188297,0 days 00:00:07.072904,0.025354862184759415,0.48951633621838986,16,0.04179974045156667,0.12237440427061712,0.021841816458670685,0.05834537362445495,0.08013433379139463,0.08085504368318067,0.06958841991353436,22,77,0.04375416407144987,0.0755208282493391,False,False,True,2.4179407422458194e-08,COMPLETE
1427,0.5565700888633728,2025-03-31 22:39:20.647195,2025-03-31 22:39:27.746526,0 days 00:00:07.099331,0.039566984693558266,0.8049715882384246,16,0.054310033745401484,0.12682443526237544,0.021513156440017864,0.059586758915344366,0.08413121643224081,0.08346873411677093,0.0003231054459167649,22,76,0.04637175646433947,0.0731367537907546,False,False,True,2.0849676360932542e-08,COMPLETE
1428,0.5548471331596374,2025-03-31 22:39:28.207126,2025-03-31 22:39:35.323477,0 days 00:00:07.116351,0.01029243469675971,0.8022654254777938,16,0.03732792653213967,0.12142114235663114,0.018967061771927397,0.05637683727279375,0.08532411178712612,0.08072806697964363,0.00040469375794753554,23,77,0.04042125584202166,0.07912952580680085,False,False,True,2.7231173962167515e-08,COMPLETE
1429,0.4194368362426758,2025-03-31 22:39:35.778784,2025-03-31 22:39:42.908732,0 days 00:00:07.129948,0.24772643179066037,0.7889389118409388,16,0.07726216586115082,0.11484943423093591,0.02078909761729679,0.055975268924116785,0.07790732126158789,0.08432905356234616,0.0003022390425405908,23,72,0.0924390362112755,0.07279244385375587,False,False,True,1.9181208218187156e-08,COMPLETE
1430,0.5233663082122803,2025-03-31 22:39:43.365365,2025-03-31 22:40:00.802117,0 days 00:00:17.436752,0.030571007294615586,0.7961227185776835,2,0.04894094064049111,0.008306757324182762,0.01859822399693537,0.05944013123016878,0.0876634309095527,0.08041647131037036,0.00038924907002710156,22,75,0.049444477179766674,0.1761855166900288,False,False,True,2.3076293973405255e-08,COMPLETE
1431,0.5176266551017761,2025-03-31 22:40:01.282776,2025-03-31 22:40:08.540366,0 days 00:00:07.257590,0.027750886252580844,0.9524244056792075,16,0.06444771817946683,0.12731216605334728,0.02315338578439413,0.06099255895997985,0.08217930636654963,0.08261792727952397,0.0002700879049486895,23,69,0.04236542330428689,0.08092230115443945,False,False,True,3.116120459822223e-08,COMPLETE
1432,0.5107073664665223,2025-03-31 22:40:09.002086,2025-03-31 22:40:16.114513,0 days 00:00:07.112427,0.0426561216253289,0.8147346575058204,16,0.005124734048752766,0.11744040375642577,0.01856455191459515,0.05708986298663571,0.08667860619395437,0.0803603413430181,0.0003758017541325362,23,60,0.04540057900882777,0.08007373944713984,False,False,True,1.692635683154528e-08,COMPLETE
1433,0.5630705118179322,2025-03-31 22:40:16.576716,2025-03-31 22:40:23.733127,0 days 00:00:07.156411,0.04558654440230395,0.7977233845017462,16,0.059251565169107824,0.1289395033421228,0.025221232724384136,0.05743571418035974,0.08387358943380074,0.08236847103433476,0.0002885344891035311,23,77,0.043627089036908845,0.0730083239603897,False,False,True,3.770529016852661e-08,COMPLETE
1434,0.3933147549629211,2025-03-31 22:40:24.188773,2025-03-31 22:40:32.552745,0 days 00:00:08.363972,0.010145590859828158,0.21323135057144088,8,0.030866514111401455,0.11976633433239225,0.01916787584967352,0.05430940972905013,0.08812253673245989,0.049713676898045574,0.00024726631230136045,22,56,0.05197751086171927,0.07328393547908084,False,False,True,2.2099767583184763e-08,COMPLETE
1435,0.5532367944717408,2025-03-31 22:40:33.014418,2025-03-31 22:40:40.144562,0 days 00:00:07.130144,0.028843952217413756,0.7813800352789912,16,0.041219392352594114,0.11165740911793287,0.020156811172954037,0.055703988332481566,0.08623613581944028,0.08446627401389596,0.00032086135156560495,23,64,0.055894101712904445,0.08703566101978448,False,False,True,1.675293345119284e-08,COMPLETE
1436,0.563088607788086,2025-03-31 22:40:40.619298,2025-03-31 22:40:47.811472,0 days 00:00:07.192174,0.05608856454470891,0.8354428363301608,16,0.048847317633240836,0.12144151154041279,0.016100148208092874,0.054302321494974416,0.0892427626525369,0.07930661116384365,0.00023520588744840298,23,73,0.04742182161209736,0.07103134489721044,False,False,True,1.7000758851244782e-08,COMPLETE
1437,0.5208681583404542,2025-03-31 22:40:48.276837,2025-03-31 22:40:55.470153,0 days 00:00:07.193316,0.03020562641570268,0.9247452649165646,16,0.05574303387563978,0.10328915953772691,0.018225228625814254,0.05591143805584031,0.09178242369666759,0.08596657820810484,0.00028207585714043644,23,67,0.04067620843442569,0.0822172460018612,False,False,True,2.5489423623764155e-08,COMPLETE
1438,0.5496125221252441,2025-03-31 22:40:55.928483,2025-03-31 22:41:03.045885,0 days 00:00:07.117402,0.10836213222560703,0.8658509745663773,16,0.07103951503534607,0.13022321223829364,0.01706752956642852,0.05757250299479192,0.08364547203714368,0.082084203646143,0.0004850509703566638,22,78,0.04476613746180063,0.08993030119077318,False,False,True,1.995507105133551e-08,COMPLETE
1439,0.5172764658927917,2025-03-31 22:41:03.506503,2025-03-31 22:41:10.738433,0 days 00:00:07.231930,0.04502342027747487,0.8192739648239075,16,0.0381645177970989,0.1152303763111066,0.020136669353193495,0.06089157940955717,0.08767965365726738,0.07989775294056714,0.000351922770794986,24,70,0.04271871980563364,0.07908891411631774,False,False,True,1.478915093927359e-08,COMPLETE
1440,0.28286103010177616,2025-03-31 22:41:11.223340,2025-03-31 22:41:18.415534,0 days 00:00:07.192194,0.537187777766687,0.7865982665543336,16,0.045412016363484076,0.10921051693158931,0.0033564359014364347,0.05326404608662114,0.08593159498793412,0.08471479045208183,0.008672955087326833,23,74,0.048904571962752746,0.06880462951507527,False,True,True,3.202112089282499e-08,COMPLETE
1441,0.37729725837707523,2025-03-31 22:41:18.879974,2025-03-31 22:41:26.903155,0 days 00:00:08.023181,0.010414589434302674,0.8448257052657878,16,0.06398100199405928,0.1284866981308746,0.017435638677635423,0.07860511258901268,0.05443148714175519,0.07921712385982128,0.00025260561292324806,24,67,0.03938684151840251,0.07686049028046858,True,False,False,6.470568056317946e-05,COMPLETE
1442,0.39676336050033567,2025-03-31 22:41:27.365195,2025-03-31 22:41:34.434362,0 days 00:00:07.069167,0.010016624296296742,0.9066609191132504,16,0.025778892851679034,0.12153060746802456,0.0025174756976352767,0.05290431894380394,0.09041676783037748,0.08333939809837715,0.00023080210631720957,22,123,0.011766294895343352,0.0864545768155238,False,False,True,4.406035298341123e-08,COMPLETE
1443,0.3848209977149964,2025-03-31 22:41:34.893849,2025-03-31 22:41:42.044598,0 days 00:00:07.150749,0.08111618482724418,0.8136625641912003,16,0.20598572939686588,0.10804903997754135,0.022549545385454648,0.05182107100377156,0.08877758433911899,0.08697565302409435,0.0002861898668392744,23,76,0.046439018534715375,0.09402837323564066,False,False,True,0.000110663388184348,COMPLETE
1444,0.5176123380661011,2025-03-31 22:41:42.502594,2025-03-31 22:41:49.797074,0 days 00:00:07.294480,0.05746793517578192,0.8708162284021789,16,0.05157501607996894,0.09705474075022155,0.004091360925268559,0.054910708950319444,0.08183373672905105,0.08983606152450135,0.00036378131291837413,24,62,0.041755986766025745,0.0711061096801446,False,False,True,1.948953985808486e-08,COMPLETE
1445,0.550348699092865,2025-03-31 22:41:50.280896,2025-03-31 22:41:57.446225,0 days 00:00:07.165329,0.041696109920513445,0.7752826889054408,16,0.03367740369573365,0.11415917666163627,0.006361806814324977,0.05781142761258233,0.08568699568559866,0.08194617574013642,0.0002175281170833054,23,70,0.05081520753336376,0.08252008931525326,False,False,True,1.4678957805431291e-08,COMPLETE
1446,0.5371452331542969,2025-03-31 22:41:57.911632,2025-03-31 22:42:05.134535,0 days 00:00:07.222903,0.028363995141852227,0.8915919674502241,16,0.057609122493862026,0.12464671533659605,0.004531064937522579,0.051612587528405855,0.09198370917414828,0.0852145451906018,0.0009023011954330866,24,72,0.04452931562126962,0.06739472736092016,False,False,True,2.8005352151851992e-08,COMPLETE
1447,0.5637630701065064,2025-03-31 22:42:05.603405,2025-03-31 22:42:12.818084,0 days 00:00:07.214679,0.07446527635687408,0.7922612854582908,16,0.043729993057403216,0.1304469688718338,0.016914268982978056,0.054327366918397804,0.0879084160408732,0.0794571586238195,0.00025812580062103984,24,78,0.04022677616630583,0.10190143709532846,False,False,True,1.4945115933793393e-08,COMPLETE
1448,0.5573700904846192,2025-03-31 22:42:13.283627,2025-03-31 22:42:20.598494,0 days 00:00:07.314867,0.09360916404802355,0.8398102201011469,16,0.06899204346811269,0.10510344584328889,0.007277683618926834,0.05053056021511141,0.08969146756784797,0.09401877410419933,0.0003293900149685191,24,74,0.042477102536052094,0.07555363579968397,False,False,True,2.253435202022773e-08,COMPLETE
1449,0.552253532409668,2025-03-31 22:42:21.082583,2025-03-31 22:42:28.157374,0 days 00:00:07.074791,0.028248392465215866,0.8093335288183179,16,0.017938287668554015,0.11769742812408278,0.008568408505498556,0.05295863254216704,0.08542141436259298,0.08113250858162308,0.00021894791372918654,22,79,0.046911267701892044,0.09173428878572261,False,False,True,3.691712338540988e-08,COMPLETE
1450,0.5171586513519287,2025-03-31 22:42:28.624331,2025-03-31 22:42:35.811583,0 days 00:00:07.187252,0.06075114891940998,0.8574934337744133,16,0.04894890915175763,0.10215345907371787,0.015410076593229625,0.055624006045868625,0.09213590992224187,0.08767267509714873,0.00028461607203093966,23,64,0.04487930822750677,0.06771324946749875,False,False,True,1.8517521963501315e-08,COMPLETE
1451,0.3979889035224915,2025-03-31 22:42:36.276891,2025-03-31 22:42:43.485593,0 days 00:00:07.208702,0.12031318497803059,0.39113488484863335,16,0.060500744730002866,0.12206377009334321,0.02083943560946037,0.05019563947713532,0.08411705248203231,0.08393091576904738,0.000660778015305054,24,68,0.0485835834858826,0.14785967472247835,False,False,True,1.3198598455708702e-08,COMPLETE
1452,0.512379276752472,2025-03-31 22:42:43.949190,2025-03-31 22:42:51.118997,0 days 00:00:07.169807,0.04644182107810536,0.824908381120505,16,0.038239677514325957,0.11150444820315594,0.004939640165682808,0.01668611080735467,0.08716505158875652,0.07849938544929828,0.00042681090950557623,23,72,0.03987227922835064,0.1131260771293259,False,False,True,1.2795196981432644e-08,COMPLETE
1453,0.5567498445510864,2025-03-31 22:42:51.605934,2025-03-31 22:42:58.899776,0 days 00:00:07.293842,0.029041656361818272,0.7742281021371998,16,0.031678868956135676,0.13008298006173774,0.0010653678292695,0.050281172921981754,0.07250740504152678,0.0859800011425934,0.0001973850289692265,24,75,0.0428122836678394,0.08437774201842385,False,False,True,2.1263342094074074e-06,COMPLETE
1454,0.5248381733894348,2025-03-31 22:42:59.369037,2025-03-31 22:43:16.618907,0 days 00:00:17.249870,0.0736385572284006,0.8791077866365273,2,0.11388628435287795,0.11043004249642255,0.017548349856523978,0.058635837624604566,0.0908885928361961,0.025196567546281086,0.00024572976927896803,22,58,0.0534344008842244,0.07688014812551433,False,False,True,1.1300815644263062e-07,COMPLETE
1455,0.5385521292686463,2025-03-31 22:43:17.086318,2025-03-31 22:43:25.635664,0 days 00:00:08.549346,0.04812387676609933,0.8538392000941988,8,0.05403488809163555,0.11709177064120083,0.0823033319932133,0.05333997738708578,0.08898753439164274,0.0917248001163813,0.0003272817445436521,23,67,0.04543334580690775,0.0972411405266978,False,False,True,8.26720864642152e-05,COMPLETE
1456,0.32731648683547976,2025-03-31 22:43:26.099762,2025-03-31 22:43:33.379302,0 days 00:00:07.279540,0.10644803884941345,0.8105703682084224,16,0.04391659578137864,0.12854352809260086,0.006025475170426934,0.02113509642679845,0.08118732909166194,0.08929204334003171,0.00020606817301702256,24,78,0.04092605517614389,0.1561141685353427,False,True,True,5.7448772753872276e-06,COMPLETE
1457,0.5686579346656799,2025-03-31 22:43:33.866169,2025-03-31 22:43:41.037743,0 days 00:00:07.171574,0.027719606028773807,0.7884243161384941,16,0.07558569758263711,0.11082644527971741,0.009666993750740697,0.05629365373433161,0.09241958694686722,0.08079665556960956,0.00025562575474489955,24,71,0.04784372040373035,0.07084883798387145,False,False,True,4.92889816895373e-08,COMPLETE
