number,value,datetime_start,datetime_complete,duration,params_alpha-eval,params_alpha-train,params_batch-size,params_eps-eval,params_eps-train,params_lambda-actions-eval,params_lambda-actions-train,params_lambda-frames-eval,params_lambda-frames-train,params_learning-rate,params_n-epochs,params_n-frames,params_radius-gw,params_rho,params_std-feats,params_ub-actions,params_ub-frames,params_weight-decay,state
1080,0.40493613481521606,2025-04-21 15:59:43.853525,2025-04-21 15:59:50.441308,0 days 00:00:06.587783,0.4183998351076695,0.5696875895028808,16,0.06008166940667847,0.22694220759383418,0.010408813970963628,0.07294193181170021,0.013775494009034522,0.07991882043821386,0.012982757439492672,10,137,0.033311967239142926,0.011941867599657296,True,False,True,0.0002587616317058235,COMPLETE
1081,0.46190875172615053,2025-04-21 15:59:50.788033,2025-04-21 16:00:01.629578,0 days 00:00:10.841545,0.5103963303605314,0.5375878527367489,2,0.034490420345556154,0.10052019884968759,0.040520654066091656,0.06974123560696276,0.012333636657566363,0.08385258986297242,0.007227090037278245,9,145,0.028904960122422357,0.017426759550221566,False,False,True,0.0004974764766035427,COMPLETE
1082,0.4890806794166565,2025-04-21 16:00:01.977967,2025-04-21 16:00:14.525072,0 days 00:00:12.547105,0.6790679162990654,0.5979678604192157,2,0.05152855529671508,0.06302483613999083,0.011542395289766702,0.06509315822600865,0.04680453194867586,0.07764329611062419,0.016835414991829813,12,150,0.024185994050187985,0.012405937228624247,True,False,True,2.5473844495081332e-05,COMPLETE
1083,0.4664446711540223,2025-04-21 16:00:14.872872,2025-04-21 16:00:25.400758,0 days 00:00:10.527886,0.4449032541488497,0.5185882585526648,2,0.04030302820563118,0.05539429603941257,0.008422976073591496,0.09941786292072838,0.007803035048422757,0.016183042124982908,0.012184702789531127,8,141,0.030882868667967762,0.007043136193638083,True,False,True,1.8925400966451874e-05,COMPLETE
1084,0.6085100054740906,2025-04-21 16:00:25.754107,2025-04-21 16:00:37.403977,0 days 00:00:11.649870,0.5474496521978232,0.554694633133876,2,0.04646998559623348,0.08770248788152918,0.018705722396351987,0.05063471656427537,0.0033548429233523514,0.08618534033598138,0.016801384430057898,10,147,0.027535618145144117,0.017020969993389576,True,False,True,3.599277370157004e-05,COMPLETE
1085,0.5346753120422364,2025-04-21 16:00:37.755082,2025-04-21 16:00:49.798042,0 days 00:00:12.042960,0.5943099110096817,0.5455259597622057,2,0.06841888831193915,0.07956586117742377,0.021745828906317544,0.051774742449724465,0.0027575309000899377,0.08733700871964568,0.016309238956605937,11,148,0.026331702450559345,0.018290354915739854,True,False,True,4.9603899898520596e-05,COMPLETE
1086,0.37321168780326847,2025-04-21 16:00:50.134905,2025-04-21 16:01:02.216795,0 days 00:00:12.081890,0.5677046297782844,0.5309203064006361,2,0.04674999295245454,0.08537262771607772,0.02350759267561626,0.07049852849200697,0.003994591692564868,0.08565290649836925,0.01551807981857878,11,143,0.03702177183243878,0.00910499479825602,True,False,True,4.1455607198752624e-05,COMPLETE
1087,0.5473337173461914,2025-04-21 16:01:02.565303,2025-04-21 16:01:14.120184,0 days 00:00:11.554881,0.5594525293223241,0.5558869131204002,2,0.023963840371459464,0.179989721354824,0.021039778843644528,0.05507139526632603,0.0027666345963924255,0.08635183057561088,0.010373348438214408,10,146,0.027746320967641513,0.016270835164729207,True,False,True,5.6255954433717155e-05,COMPLETE
1088,0.38145530223846436,2025-04-21 16:01:14.470348,2025-04-21 16:01:26.692766,0 days 00:00:12.222418,0.5804508640400047,0.5112455990380685,2,0.08758058212534972,0.071683092932513,0.019412596467938758,0.05345918830906753,0.005060199564602875,0.08518419748683327,0.013776235866143183,11,139,0.041809074130246614,0.019850563737770194,True,False,True,4.7282384712088364e-05,COMPLETE
1089,0.5486229419708252,2025-04-21 16:01:27.044775,2025-04-21 16:01:38.581376,0 days 00:00:11.536601,0.5468050222738542,0.5447953255193562,2,0.053600805133611956,0.07716543927493746,0.019938370585542025,0.06698802145431132,0.002635941618163701,0.08352205208481717,0.016575223549634303,10,148,0.03268319271893318,0.01225511349058504,True,False,True,3.651479552327088e-05,COMPLETE
1090,0.5553138136863709,2025-04-21 16:01:38.944775,2025-04-21 16:01:50.453017,0 days 00:00:11.508242,0.6377054716778973,0.5628289871395451,2,0.032840080510540756,0.08679711171084763,0.023106282448273365,0.0715879207130887,0.01165288258907081,0.08807195177803832,0.019621674807670044,10,150,0.029965250893989655,0.008450785469422082,True,False,True,5.4672089862860806e-05,COMPLETE
1091,0.33287498354911804,2025-04-21 16:01:50.802173,2025-04-21 16:01:58.019887,0 days 00:00:07.217714,0.5530745215035109,0.524959241815145,8,0.06157435835024783,0.08225089621398671,0.017131159453549965,0.05092521885259539,0.0028887181625473937,0.08160069840853139,0.013928720105407468,10,143,0.02250528142817471,0.002732900235312986,True,True,True,3.640298577616269e-05,COMPLETE
1092,0.47765908241271976,2025-04-21 16:01:58.375080,2025-04-21 16:02:10.561199,0 days 00:00:12.186119,0.5775878887231748,0.49584046287276207,2,0.03975755310919791,0.0667189336140119,0.02539717956733473,0.056675494071704774,0.0015328128316804334,0.086696214489188,0.010056385701849855,11,135,0.03414400344076297,0.024434961468875867,True,False,True,3.778559732738416e-05,COMPLETE
1093,0.34989089965820314,2025-04-21 16:02:10.915469,2025-04-21 16:02:23.719045,0 days 00:00:12.803576,0.6223103720207956,0.5517217472349205,2,0.04732574406651359,0.0849984735970421,0.01895070322025001,0.005555035305871971,0.006388499716246674,0.08430712941923042,0.018733487021807767,10,147,0.025043360027605394,0.026896386577328076,True,False,False,3.24349601968218e-05,COMPLETE
1094,0.294216525554657,2025-04-21 16:02:24.075508,2025-04-21 16:02:37.210873,0 days 00:00:13.135365,0.5593488064650396,0.5696987972821407,2,0.07357989714989657,0.08922650943359424,0.02024704962991734,0.060349869157897126,0.004395320533596514,0.08192887390583817,0.011464897112539153,13,141,0.03102127060290571,0.01657688174247352,True,False,True,0.0003774580318813861,COMPLETE
1095,0.5368255257606507,2025-04-21 16:02:37.566421,2025-04-21 16:02:49.647607,0 days 00:00:12.081186,0.5292403925176895,0.5338593285951176,2,0.028924701622479457,0.07579213669271248,0.01809887526571936,0.054051292097485694,0.0011399334326031253,0.08499647264233098,0.018996165450886615,11,145,0.02738333225646269,0.01936271355152224,True,False,True,6.289722587703916e-05,COMPLETE
1096,0.28446567654609684,2025-04-21 16:02:50.007344,2025-04-21 16:03:01.573123,0 days 00:00:11.565779,0.5423386487595196,0.12083484645201054,2,0.037515462681277055,0.24664383266239495,0.016872510339514705,0.0011392765434108196,0.00553111068740044,0.0881074641739391,0.01599723973573541,10,150,0.03566597310442411,0.013232551435444903,True,False,True,4.557050487484023e-05,COMPLETE
1097,0.28742164373397827,2025-04-21 16:03:01.909060,2025-04-21 16:03:13.987411,0 days 00:00:12.078351,0.534160404021344,0.5711499130182505,2,0.23851981568420594,0.09235637438888206,0.04397327849644738,0.07386418098133563,0.005887964500083595,0.08082474660426828,0.013135387260326562,11,138,0.093375950324391,0.025160851256088784,True,False,True,0.0002220929120312184,COMPLETE
1098,0.6118534088134766,2025-04-21 16:03:14.339036,2025-04-21 16:03:25.881815,0 days 00:00:11.542779,0.5392251988594718,0.5478880878659087,2,0.043854919550234996,0.19862064961716963,0.01738896922924498,0.05218634916766776,0.0035161316589496297,0.07816662678650363,0.014127730203322959,10,145,0.02897185940661971,0.01064614501577796,True,False,True,7.822194091042045e-05,COMPLETE
1099,0.2833910286426544,2025-04-21 16:03:26.234844,2025-04-21 16:03:38.619857,0 days 00:00:12.385013,0.6046443857867314,0.5020636190533281,2,0.05802059781235496,0.20871484319135067,0.021565144640069058,0.052308995274962335,0.004349552512726734,0.07845698748595129,0.011475151425377915,12,31,0.025578246418209164,0.014089981935514983,True,False,True,6.932855909101166e-05,COMPLETE
1100,0.40396232604980475,2025-04-21 16:03:38.974696,2025-04-21 16:03:50.388201,0 days 00:00:11.413505,0.5890735246101235,0.5276567658261291,2,0.052952524680718815,0.19474862443136307,0.017441284953580397,0.050941235931292746,0.0013049832879548362,0.08129375855628171,0.010634089983901685,10,147,0.023818230166776026,0.00892173190374596,False,False,True,7.469859707068999e-05,COMPLETE
1101,0.5743640422821046,2025-04-21 16:03:50.743448,2025-04-21 16:04:02.719754,0 days 00:00:11.976306,0.5512587451200044,0.5376560583535419,2,0.04798532742811068,0.15273050048942816,0.01903638936272391,0.054670377139474854,0.010974465624016999,0.0789634023273447,0.00900510325151114,11,150,0.02758476826242505,0.004816492801239823,True,False,True,5.526663098888156e-05,COMPLETE
1102,0.5894613862037659,2025-04-21 16:04:03.078406,2025-04-21 16:04:14.674640,0 days 00:00:11.596234,0.5623863378812467,0.5200054097235273,2,0.05487847453196466,0.18900931506256974,0.022188558563321824,0.052916796924879564,0.006394217131240386,0.08328050274635897,0.015477557192965157,10,145,0.028931768708561147,0.011028264667046948,True,False,True,5.421992651413517e-05,COMPLETE
1103,0.3779186129570008,2025-04-21 16:04:15.030008,2025-04-21 16:04:21.712243,0 days 00:00:06.682235,0.5721828773868098,0.47945383759895116,16,0.04667249488911754,0.2040732597419296,0.02235085265810243,0.05034929087484858,0.0036123833751104018,0.0771435146791395,0.013291520408962244,11,148,0.026075834674949047,0.004397143997027571,True,False,True,0.0003068681779091099,COMPLETE
1104,0.560490894317627,2025-04-21 16:04:22.064499,2025-04-21 16:04:33.647956,0 days 00:00:11.583457,0.5372885707801414,0.5116819296663062,2,0.042671513819241114,0.16243937553724738,0.02007991142491821,0.07995052954293261,0.003596076244620093,0.0794738161007768,0.014864045740714002,10,145,0.02774132101006517,0.018065431764735834,True,False,True,4.218366506383052e-05,COMPLETE
1105,0.3977330923080445,2025-04-21 16:04:34.005812,2025-04-21 16:04:41.206205,0 days 00:00:07.200393,0.5423788874821105,0.45817705490143423,8,0.0605148313697081,0.17468714431043714,0.01907935936027361,0.05664832125900976,0.0015726299299774263,0.07659679339267886,0.013223285331667332,10,147,0.022789554804064353,0.01118063159712889,True,False,True,3.1694758198311716e-05,COMPLETE
1106,0.43924400806427005,2025-04-21 16:04:41.561151,2025-04-21 16:04:54.204663,0 days 00:00:12.643512,0.5613335045756245,0.5474246293603623,2,0.05025554189619357,0.22060741753471155,0.018435456679545548,0.052661196513748613,0.00559516711614636,0.08943227596104059,0.011578553512112857,12,143,0.02976083061855317,0.016901836775995285,True,False,True,0.00042659084409526777,COMPLETE
1107,0.4988380193710327,2025-04-21 16:04:54.564517,2025-04-21 16:05:06.170004,0 days 00:00:11.605487,0.5945189344135318,0.5495367611307889,2,0.06439220923535202,0.2411874003990888,0.017069795269571062,0.04880534304754921,0.007135655092547677,0.08629380860967407,0.017666652484608473,10,150,0.025918705324062406,0.005345585252595153,True,False,True,4.001657059103253e-05,COMPLETE
1108,0.5745687246322633,2025-04-21 16:05:06.527446,2025-04-21 16:05:18.612715,0 days 00:00:12.085269,0.5760657528958357,0.5237307153954354,2,0.04318834568142918,0.25310430942161316,0.026332133007412172,0.054730101825145115,0.004422301615253669,0.08293648399463649,0.00906486101115426,11,147,0.029491715065721333,0.0046363137670888685,True,False,True,2.953523629580688e-05,COMPLETE
1109,0.5827749967575073,2025-04-21 16:05:18.975979,2025-04-21 16:05:30.591987,0 days 00:00:11.616008,0.544163398090306,0.496594080907484,2,0.05463529292378351,0.1845208012002668,0.020671502590030852,0.05824921226866848,0.0012418764033190598,0.08018655907452134,0.01324246543604086,10,145,0.027796277463344694,0.019960806987701096,True,False,True,6.701539676681466e-05,COMPLETE
1110,0.28286103010177616,2025-04-21 16:05:30.936025,2025-04-21 16:05:42.034361,0 days 00:00:11.098336,0.5355933818784502,0.5531851544170638,2,0.04944964991173019,0.2004907499597753,0.016519230255185886,0.04999257408864921,0.0036651851046954277,0.08471131664280017,0.015257986115272378,9,150,0.02459039102854156,0.0015099976146125647,True,True,True,0.0002794554550677537,COMPLETE
1111,0.5285808324813843,2025-04-21 16:05:42.390420,2025-04-21 16:06:03.966943,0 days 00:00:21.576523,0.5211262710887299,0.9110558976655788,2,0.040989438058830346,0.21574199950365497,0.017626524511236617,0.052285795262512307,0.0025059058030072125,0.08217736278511495,0.01780178645947235,29,143,0.02094058962236149,0.013377587278051068,True,False,True,4.3155123305827716e-05,COMPLETE
1112,0.3745032548904419,2025-04-21 16:06:04.321015,2025-04-21 16:06:17.250514,0 days 00:00:12.929499,0.5267424218709496,0.5351096263492475,2,0.04430767659523929,0.15814695761765962,0.019226369221755805,0.05527566647359618,0.008311683552929728,0.07948015205803426,0.010575137862191882,10,147,0.029779229597158893,0.2829599188848183,True,False,False,3.897821607110412e-06,COMPLETE
1113,0.3777082443237305,2025-04-21 16:06:17.609468,2025-04-21 16:06:29.738157,0 days 00:00:12.128689,0.5582720224394897,0.7994507071599956,2,0.05820801453702392,0.05911612218921013,0.015925263916784647,0.051141913845578924,0.005892521775383627,0.08333916092964977,0.012672973059068799,11,142,0.026821518609634283,0.024997906479900734,True,False,True,0.0005694673042369203,COMPLETE
1114,0.5727819561958314,2025-04-21 16:06:30.096655,2025-04-21 16:06:41.094756,0 days 00:00:10.998101,0.3922900962188819,0.5620657240188554,2,0.03591769856272943,0.16733389419650788,0.017998150730460485,0.06237553073761966,0.007740237373957923,0.08730067210505665,0.01853318722842323,9,145,0.031357089927509546,0.010250896291728045,True,False,True,6.539260676469384e-06,COMPLETE
1115,0.516953456401825,2025-04-21 16:06:41.450571,2025-04-21 16:06:53.006792,0 days 00:00:11.556221,0.5445596935729982,0.8322608057523351,2,0.05126316361158981,0.06865866327724161,0.023091034353270326,0.05363959840516502,0.0031726170399571834,0.08931889195412812,0.01528209847644355,10,140,0.02828887971104331,0.022733353111736944,True,False,True,0.00022691779161708805,COMPLETE
1116,0.564659333229065,2025-04-21 16:06:53.368796,2025-04-21 16:07:04.407401,0 days 00:00:11.038605,0.5217294369643324,0.5115257695391677,2,0.0700479108760103,0.19270714305692177,0.016102348801229557,0.04855739598135651,0.005390772954724347,0.07679104257264313,0.006388882032231193,9,150,0.031735781044864214,0.017038675114886354,True,False,True,3.3130311627810955e-05,COMPLETE
1117,0.30791276693344116,2025-04-21 16:07:04.763342,2025-04-21 16:07:11.977513,0 days 00:00:07.214171,0.5143050637199029,0.5783868056382128,8,0.2709431495544605,0.07466235089323568,0.03170769172885701,0.0697680182543532,0.008361510878771681,0.08109813127901346,0.020849557467596508,10,147,0.02951510793874291,0.026071796388520502,True,False,True,5.0565089388937266e-05,COMPLETE
1118,0.508871603012085,2025-04-21 16:07:12.337088,2025-04-21 16:07:23.388652,0 days 00:00:11.051564,0.4019079949510373,0.5401852549735546,2,0.07879222285498813,0.17958732412207595,0.015210093617665354,0.0580119462946672,0.010003994461924001,0.08588945244365855,0.010392717978653265,9,145,0.02559594043925679,0.008144219522439752,True,False,True,9.062448068115188e-05,COMPLETE
1119,0.47918835878372196,2025-04-21 16:07:23.750653,2025-04-21 16:07:35.731688,0 days 00:00:11.981035,0.5695315625276118,0.5591575131535881,2,0.018279542519924547,0.2323341589479454,0.02098295366174901,0.06389578166040051,0.0042716141534245265,0.013207223138550012,0.01680626482243715,11,141,0.03284003534695508,0.018419712608576534,False,False,True,0.0003673342186352051,COMPLETE
1120,0.5353233337402343,2025-04-21 16:07:36.094013,2025-04-21 16:07:47.651814,0 days 00:00:11.557801,0.42174051361774323,0.48191838595886716,2,0.04411651466430703,0.14189148755646408,0.005799520894995978,0.051159792945977285,0.00264863595920252,0.0779195723578979,0.09794448903793034,10,148,0.023266959888223117,0.0016630955418274352,True,False,True,0.00017378788703176858,COMPLETE
1121,0.4887880921363831,2025-04-21 16:07:48.011679,2025-04-21 16:07:59.041355,0 days 00:00:11.029676,0.5042144484975238,0.5192005661040763,2,0.0307582592279116,0.0796311668926608,0.018929576201632346,0.05533826747027744,0.008121339384616797,0.0883804388168561,0.0078085549412448664,9,69,0.030041315775114777,0.02816881262548407,True,False,True,0.00026765702632115427,COMPLETE
1122,0.5438634157180786,2025-04-21 16:07:59.404665,2025-04-21 16:08:10.417036,0 days 00:00:11.012371,0.617999373377281,0.5838415782134967,2,0.03973262379331124,0.21038693806810557,0.01499977582468522,0.06732776821336292,0.006705313155125493,0.0847858028385321,0.01280628075717499,9,143,0.028005999415840338,0.014796999936495511,True,False,True,6.318152201750572e-05,COMPLETE
1123,0.5305560350418091,2025-04-21 16:08:10.793342,2025-04-21 16:08:22.387167,0 days 00:00:11.593825,0.5215894522200458,0.5689085568042527,2,0.04929531177380563,0.1692465501437986,0.01659008261241404,0.04769560453774327,0.003535842323287167,0.08128121769149829,0.0004430096119447162,10,150,0.016705590396774845,0.11030399268786784,True,False,True,2.668164120492751e-05,COMPLETE
1124,0.5684327363967896,2025-04-21 16:08:22.753526,2025-04-21 16:08:34.806112,0 days 00:00:12.052586,0.5848555107055319,0.5356565373816824,2,0.059220567603409845,0.19900114517557183,0.013985644986947923,0.05317201910824284,0.009848819802386239,0.08382651714907931,0.08274195313452323,11,145,0.03095348152306409,0.021500720117267075,True,False,True,3.616330479130353e-05,COMPLETE
1125,0.504025912284851,2025-04-21 16:08:35.172536,2025-04-21 16:08:46.222568,0 days 00:00:11.050032,0.5448897611477246,0.5553870121428437,2,0.03562214762993093,0.13642177211716972,0.036628178046184776,0.049288207560885436,0.0065037755222974005,0.0905888530306083,0.013654404576941429,9,137,0.034032363090855736,0.11693517117761278,True,False,True,0.00010082114278595937,COMPLETE
1126,0.38741159439086914,2025-04-21 16:08:46.570963,2025-04-21 16:08:53.160128,0 days 00:00:06.589165,0.4326771706823102,0.4987181569159413,16,0.06507290516045859,0.15178360040027072,0.049114998697290635,0.05935958836491269,0.004803651022669717,0.07949988974392277,0.02153684821134417,10,147,0.027249795898179323,0.011730514917225189,True,False,True,0.00021240150516455217,COMPLETE
1127,0.4985759854316712,2025-04-21 16:08:53.519794,2025-04-21 16:09:04.563420,0 days 00:00:11.043626,0.49957094932629376,0.5867327355813093,2,0.022905059042625693,0.07070851123890799,0.017764445658519007,0.07773318317138839,0.009528943695744455,0.07616171181423935,0.009148539705341924,9,139,0.02480852327667983,0.09937954638150007,True,False,True,2.7784775105219903e-05,COMPLETE
1128,0.37984390258789064,2025-04-21 16:09:04.927467,2025-04-21 16:09:16.559872,0 days 00:00:11.632405,0.3719217110429108,0.43662959852074557,2,0.05227244798964809,0.22821718355092668,0.014575645225043002,0.04521615675108183,0.0016204288477508595,0.08665959884427833,0.01827890559030879,10,150,0.03242984652645382,0.02546992917553886,True,False,True,0.0003086976585938815,COMPLETE
1129,0.5785259246826172,2025-04-21 16:09:16.923042,2025-04-21 16:09:29.023200,0 days 00:00:12.100158,0.40902103062396084,0.5426900179337548,2,0.044964957273743104,0.25037545171138303,0.005198948738321007,0.05126097561635215,0.012610486739238366,0.08218612838996368,0.07802762897742704,11,143,0.028965686524610935,0.02889320138061475,True,False,True,4.530558235624975e-05,COMPLETE
1130,0.28286103010177616,2025-04-21 16:09:29.382581,2025-04-21 16:09:36.359177,0 days 00:00:06.976596,0.5186899512481977,0.5169594396559056,8,0.1538024461599348,0.0813744729651202,0.06384237852279373,0.05428001603217074,0.005025569747847019,0.0011061096603112905,0.015165671309621107,9,133,0.030758849555613862,0.10760444289803844,True,True,True,0.00017400088179078037,COMPLETE
1131,0.38465219736099243,2025-04-21 16:09:36.722251,2025-04-21 16:09:48.241714,0 days 00:00:11.519463,0.48550441462385735,0.716767799525994,2,0.03316638418048102,0.05161449138443311,0.020092187665488082,0.05678271379372614,0.009355768111657399,0.01201843619062741,0.07146250033866113,10,147,0.08551101336913729,0.01097448987374328,True,False,True,0.00012000750568319419,COMPLETE
1132,0.36425413489341735,2025-04-21 16:09:48.605067,2025-04-21 16:10:01.454079,0 days 00:00:12.849012,0.4572304530913079,0.5706784957461204,2,0.039436902932278944,0.07469029284586663,0.013365739751960296,0.09008667075675583,0.014709022198859707,0.07807713302346668,0.011827084659606883,10,145,0.034445199955706364,0.021283765839733106,True,False,False,8.053209605813659e-05,COMPLETE
1133,0.2874465942382813,2025-04-21 16:10:01.819320,2025-04-21 16:10:14.522130,0 days 00:00:12.702810,0.5301657139020605,0.5625145453317933,2,0.1287608047937655,0.0640865358526195,0.007195348374631627,0.06437089320352138,0.014527973623732572,0.08523031040568707,0.02011224141925311,12,141,0.02688937553752596,0.0982556632436891,True,False,True,0.0004455669206530869,COMPLETE
1134,0.36750720739364623,2025-04-21 16:10:14.885781,2025-04-21 16:10:26.011556,0 days 00:00:11.125775,0.4358972282503925,0.5929868353764043,2,0.028484704956401832,0.08351568993724236,0.016030144390169462,0.04696111130395723,0.006490895734303473,0.014246568756478619,0.08616856577293373,9,147,0.04712859179490278,0.09450849198161207,True,False,True,0.0002352189104180966,COMPLETE
1135,0.4704080224037171,2025-04-21 16:10:26.375659,2025-04-21 16:10:37.880635,0 days 00:00:11.504976,0.5522706595464608,0.5318089676012285,2,0.04542445757661669,0.08770936106386835,0.018304493523751658,0.0038257040916237213,0.008076238056197222,0.07963444096966764,0.06654139658802444,10,144,0.028704526286441868,0.018942446619407437,True,False,True,3.289625504592367e-05,COMPLETE
