number,value,datetime_start,datetime_complete,duration,params_alpha-eval,params_alpha-train,params_batch-size,params_eps-eval,params_eps-train,params_lambda-actions-eval,params_lambda-actions-train,params_lambda-frames-eval,params_lambda-frames-train,params_learning-rate,params_n-epochs,params_n-frames,params_radius-gw,params_rho,params_std-feats,params_ub-actions,params_ub-frames,params_weight-decay,state
842,0.554419755935669,2025-03-31 21:18:58.384169,2025-03-31 21:19:05.989822,0 days 00:00:07.605653,0.06235896424360881,0.7349904650826367,16,0.0466266272739623,0.12585263911433148,0.017706835035228845,0.03901917736309792,0.0855922571775397,0.0683526781461546,0.00031929623518859554,28,93,0.039319618144122534,0.07716445098874489,False,False,True,9.619113792281729e-05,COMPLETE
843,0.5381632804870605,2025-03-31 21:19:06.253969,2025-03-31 21:19:13.683833,0 days 00:00:07.429864,0.010065484960469164,0.7632603581533827,16,0.04128117554266587,0.15121113146720064,0.014504588847840501,0.030222226191450336,0.0922545579743508,0.05973486604556325,0.09805785878476439,26,86,0.04713505440592557,0.05573721266400962,False,False,True,6.567596958493184e-05,COMPLETE
844,0.5016024351119995,2025-03-31 21:19:13.958902,2025-03-31 21:19:21.592259,0 days 00:00:07.633357,0.03892907329399174,0.6809142294710552,16,0.021231793648795065,0.1600799182592666,0.019813540853205434,0.0363750834825064,0.0017051109942064838,0.08319803291252602,0.0001190309403532635,29,77,0.04408979019691758,0.06806327996417112,False,False,True,0.00023309152853068582,COMPLETE
845,0.5519190073013306,2025-03-31 21:19:21.870429,2025-03-31 21:19:29.240363,0 days 00:00:07.369934,0.10611447027445277,0.7089173212927228,16,0.035944311827904515,0.13516606696197553,0.010021843827540644,0.027037755963559177,0.09441750405255046,0.05260769719384037,0.00022582468941314838,26,90,0.04071187716541798,0.04854350039088921,False,False,True,0.00013670171213218049,COMPLETE
846,0.3956133723258972,2025-03-31 21:19:29.508257,2025-03-31 21:19:36.556826,0 days 00:00:07.048569,0.12426323436116767,0.7455186045112892,16,0.05091410083749019,0.14796084773774065,0.026719074942148424,0.056164412265674805,0.08738486599275547,0.07661537146623021,0.00016480905152576353,23,10,0.03772649017648028,0.0608272962386793,False,False,True,1.0460534819255876e-06,COMPLETE
847,0.32258812189102176,2025-03-31 21:19:36.837217,2025-03-31 21:19:44.306116,0 days 00:00:07.468899,0.06640004298740446,0.8179143862508178,16,0.029306504589961476,0.12121987768932685,0.012698588935471017,0.03404437196801414,0.09054525022500053,0.06354103198535575,0.00027047069517102174,27,83,0.04271656964868763,0.04175365791545679,False,True,True,1.7640407192317863e-08,COMPLETE
848,0.4981065511703492,2025-03-31 21:19:44.584326,2025-03-31 21:19:51.495950,0 days 00:00:06.911624,0.030786851946194908,0.7777982661004563,16,0.06641045435923809,0.05352636045604009,0.015981921006382765,0.0209181913978168,0.0854391957857484,0.08128403490469775,0.00019081149938616847,21,67,0.036978394522087066,0.07183869384170795,False,False,True,7.141657463541511e-07,COMPLETE
849,0.3916580557823181,2025-03-31 21:19:51.761087,2025-03-31 21:19:59.540188,0 days 00:00:07.779101,0.15025831675968337,0.7323634192657115,16,0.04532780098118753,0.129813633030061,0.007725681652767198,0.04046302642474722,0.08904485381119652,0.07017492820305692,0.0005837101743629887,24,81,0.04574882963338417,0.06287693431076989,False,False,False,1.0036469468198292e-08,COMPLETE
850,0.46410483121871954,2025-03-31 21:19:59.818973,2025-03-31 21:20:07.267282,0 days 00:00:07.448309,0.0938936329255523,0.7578682504221275,16,0.05753197748240653,0.1413639229384698,0.012095615784637408,0.02839610354424852,0.09222826748150577,0.05607768194022428,0.00014313696191327484,25,75,0.04888934703772303,0.2437675995278855,True,False,True,0.0005716110981837728,COMPLETE
851,0.563388180732727,2025-03-31 21:20:07.545994,2025-03-31 21:20:15.129653,0 days 00:00:07.583659,0.04444619197692083,0.6976757736301139,16,0.036034138220391816,0.15674907758535025,0.006016945618362064,0.03212708701631457,0.0997917985391857,0.06676143898471706,0.0002316166800906952,28,87,0.039374584050981064,0.05450195245461039,False,False,True,0.00015876079355158686,COMPLETE
852,0.5523707509040833,2025-03-31 21:20:15.395077,2025-03-31 21:20:22.832500,0 days 00:00:07.437423,0.07572505627258264,0.7227776733263964,16,0.09897301958607843,0.16810171707723381,0.009613553038918837,0.00902719587387788,0.09726718732698851,0.07314314830690757,0.0001854804882115371,27,94,0.04144474404870372,0.04752155816155304,False,False,True,0.00018831490232093778,COMPLETE
853,0.563434374332428,2025-03-31 21:20:23.110706,2025-03-31 21:20:30.452361,0 days 00:00:07.341655,0.02852832970273865,0.7935247785077366,16,0.04162543652949753,0.1777127568132106,0.0151551437074688,0.035796389862818384,0.09490769579497367,0.07895142880323903,0.00029711392470665586,25,78,0.0438772343674063,0.0650145678103903,False,False,True,0.0004335975190149042,COMPLETE
854,0.4343823075294495,2025-03-31 21:20:30.734593,2025-03-31 21:20:50.535510,0 days 00:00:19.800917,0.055603881457639434,0.45055448007953675,2,0.025181332140804452,0.1464113721708442,0.0026558226308542473,0.05284416808233914,0.08761946275689822,0.07498837996561575,0.00015399839934472946,27,91,0.036141226991671556,0.25658211804666864,False,False,True,1.4135021485997606e-08,COMPLETE
855,0.5622778415679932,2025-03-31 21:20:50.817845,2025-03-31 21:20:58.235269,0 days 00:00:07.417424,0.02500349900992825,0.683552595996028,16,0.051361853540285766,0.1361019096367901,0.01753766093533668,0.02535706547008987,0.09013891635225824,0.06816954552877438,0.00021259587938574548,26,99,0.04010449380321744,0.08099695410394199,False,False,True,0.00012524663220962688,COMPLETE
856,0.5319869041442872,2025-03-31 21:20:58.502599,2025-03-31 21:21:06.028554,0 days 00:00:07.525955,0.12592206019356578,0.759866414797242,16,0.04693099384896927,0.1302281849166002,0.013660928720948928,0.042113205670663505,0.08467392514662195,0.0651261686702894,0.00012102145374061693,28,81,0.04585841088673149,0.05651490040262372,False,False,True,1.7189347210847108e-08,COMPLETE
857,0.5255974054336549,2025-03-31 21:21:06.310036,2025-03-31 21:21:15.747876,0 days 00:00:09.437840,0.09648960361076978,0.7065008320784637,8,0.03194826430705144,0.1541947578072546,0.01105080405886344,0.03810955746003974,0.09338829369461069,0.0717405096910775,0.00046517273529131663,30,73,0.042193573432317874,0.053246277258331955,False,False,True,0.0002820524112587907,COMPLETE
858,0.5161007285118103,2025-03-31 21:21:16.028735,2025-03-31 21:21:23.670939,0 days 00:00:07.642204,0.054191944290713105,0.7389441111683046,16,0.04030821400518103,0.14212388596866324,0.008248084414647777,0.015453985173695232,0.08663558169210041,0.07813524193830707,0.0002653673243636918,29,86,0.034280369040512716,0.07151282024988129,False,False,True,1.2180980191093283e-08,COMPLETE
859,0.4669396638870239,2025-03-31 21:21:23.939872,2025-03-31 21:21:31.137771,0 days 00:00:07.197899,0.0279625929738559,0.7776100092464099,16,0.060519066634089166,0.12162794835210748,0.012974303188708815,0.030402209581914637,0.09154503896418976,0.06967383829344262,0.01139928149186622,24,84,0.039255401206963456,0.0437774037518563,False,False,True,9.758672683577802e-05,COMPLETE
860,0.28786432147026064,2025-03-31 21:21:31.415606,2025-03-31 21:21:38.744235,0 days 00:00:07.328629,0.010807228920499361,0.8053556096304348,16,0.1489077295776312,0.16255902134955755,0.005336801958386905,0.01861195260196309,0.08900183655729449,0.07405109756436493,8.326718122410845e-05,26,89,0.04791404472119604,0.06005386699881493,False,False,True,0.0002138206788369393,COMPLETE
861,0.5613003730773926,2025-03-31 21:21:39.027441,2025-03-31 21:21:46.375041,0 days 00:00:07.347600,0.0768952048889299,0.7226017673229683,16,0.03432413835141214,0.14746647720444184,0.015608221234511041,0.03342998281816758,0.09620023517493603,0.07626950730112424,0.00017392093382055982,25,79,0.04417674435726881,0.05012127918526589,False,False,True,0.00015696205838568666,COMPLETE
862,0.5615588068962097,2025-03-31 21:21:46.640825,2025-03-31 21:21:54.160357,0 days 00:00:07.519532,0.04348539872987221,0.7499472470058445,16,0.04599724489894673,0.13646534142372876,0.010312494017897116,0.051991009931081196,0.09109477822668631,0.07153206463551764,0.00021198138143443862,27,96,0.037600758821519795,0.06468488982378337,False,False,True,1.2405314973566053e-08,COMPLETE
863,0.5079658150672913,2025-03-31 21:21:54.440044,2025-03-31 21:22:01.727820,0 days 00:00:07.287776,0.1464306933807507,0.674181991131727,16,0.02719470941759708,0.12874482607025473,0.019038408379129613,0.06002276673803565,0.08841083970635552,0.06745947213439794,0.00033469829700063196,25,70,0.042140552942190074,0.08462185530592387,False,False,True,4.768629292315183e-05,COMPLETE
864,0.5050359249114991,2025-03-31 21:22:02.010577,2025-03-31 21:22:09.035137,0 days 00:00:07.024560,0.11240617933685018,0.7803304813901238,16,0.05388436127075884,0.15137469851088434,0.007976108473948388,0.0350837536810463,0.0832702370882544,0.0814383604326346,0.00013921304792819612,22,77,0.03982708632192324,0.056566197623025116,False,False,True,1.9021513591781984e-08,COMPLETE
865,0.32308810949325567,2025-03-31 21:22:09.320885,2025-03-31 21:22:16.555338,0 days 00:00:07.234453,0.010124215398380963,0.6989201108672773,16,0.04062316410017004,0.14400194542834222,0.012138332794911302,0.040117339570843465,0.0941281046696785,0.06225108788102015,9.811167882186762e-05,24,82,0.04616329235719823,0.07527942489806462,False,True,True,0.00011474935911596504,COMPLETE
866,0.532819962501526,2025-03-31 21:22:16.826612,2025-03-31 21:22:24.383427,0 days 00:00:07.556815,0.4851751486535707,0.7658204693726504,16,0.021644951369401616,0.15701473259143173,0.01660443715203642,0.02908369563039056,0.08623167703437391,0.0656279675907107,0.0002559580752401256,28,92,0.04311521426816165,0.03956145790600411,False,False,True,1.3428559639023695e-07,COMPLETE
867,0.5672773122787476,2025-03-31 21:22:24.664464,2025-03-31 21:22:31.999001,0 days 00:00:07.334537,0.05772843720825663,0.8288438209243494,16,0.03252892750674225,0.17296604138188781,0.013619468061160322,0.03683369463739368,0.08963241619216084,0.06893652834297236,0.00017805680774291864,26,74,0.041192074839309006,0.04985767126552318,False,False,True,1.0099852163152009e-08,COMPLETE
868,0.3944413542747498,2025-03-31 21:22:32.283319,2025-03-31 21:22:40.374318,0 days 00:00:08.090999,0.06002961915997343,0.8398963178042527,16,0.04945678204333314,0.18817006436892905,0.014612767834381922,0.03743265483874532,0.08800336496622327,0.06999349553445978,0.0002061559474431192,27,72,0.04485494292515334,0.06673785524908116,False,False,False,1.0349767674408625e-08,COMPLETE
869,0.5360298991203308,2025-03-31 21:22:40.646614,2025-03-31 21:22:48.159947,0 days 00:00:07.513333,0.0436261817897483,0.8037219221948921,16,0.03721331727508434,0.17965453415697258,0.014954356998970889,0.03641226723079338,0.0851761210046953,0.07281142634340496,0.0001626248096930974,26,106,0.04273779755669679,0.05996485314534956,False,False,True,1.0207471143493909e-08,COMPLETE
870,0.5163403987884522,2025-03-31 21:22:48.441723,2025-03-31 21:22:55.916430,0 days 00:00:07.474707,0.06970251784268058,0.8257559789051703,16,0.04402488578575116,0.1684653269336979,0.017692534212965155,0.03865832949763319,0.08923565659538789,0.06912146225991232,0.00023443434369541634,27,68,0.04129137253960156,0.04488236499423791,False,False,True,1.4587891956027016e-08,COMPLETE
871,0.49515589475631716,2025-03-31 21:22:56.206159,2025-03-31 21:23:03.729691,0 days 00:00:07.523532,0.04343190491262245,0.832328804367293,16,0.05642682389749116,0.17545561902729645,0.021026529935329677,0.03447312033528336,0.08693306905727119,0.07748274209012679,0.0002949547925434152,26,73,0.04868233966648194,0.05426536867721653,True,False,True,1.19705596417259e-08,COMPLETE
872,0.39989432096481325,2025-03-31 21:23:04.014488,2025-03-31 21:23:11.358660,0 days 00:00:07.344172,0.059279338067696724,0.8513532591264574,16,0.16531048782434574,0.17288385586893348,0.013288873774975993,0.0365337590374141,0.08966295046540916,0.07468254532519547,0.000187333175212494,26,74,0.044172534002817676,0.0693490661610665,False,False,True,1.232836462305119e-08,COMPLETE
873,0.5252325415611268,2025-03-31 21:23:11.631409,2025-03-31 21:23:19.084746,0 days 00:00:07.453337,0.026901511033578514,0.8207586882461556,16,0.06277194577038839,0.1714916299438298,0.017178106332881863,0.032370444513113834,0.08505298568387284,0.08010122291920868,0.005500127029576634,27,65,0.04633136921637338,0.04767802322980179,False,False,True,1.0021549580761795e-08,COMPLETE
874,0.48238668441772464,2025-03-31 21:23:19.368254,2025-03-31 21:23:26.835737,0 days 00:00:07.467483,0.04420710300275442,0.7906091696584193,16,0.03486444459867007,0.16576666222380912,0.01882204342132857,0.034642886987828546,0.08791962098044082,0.0713844443490582,0.0001336807806926516,27,71,0.041103007916477294,0.06176351643000695,False,False,True,1.534181295898659e-08,COMPLETE
875,0.5525410532951355,2025-03-31 21:23:27.122307,2025-03-31 21:23:34.729055,0 days 00:00:07.606748,0.07362323957112399,0.8439702259643903,16,0.04339960793921518,0.17977451359638952,0.024802129812848364,0.038166773634165624,0.07274013929852673,0.06808743459181965,0.000374316794835533,29,77,0.04411099778186602,0.10151288569298965,False,False,True,1.5679332198184343e-08,COMPLETE
876,0.4756833076477051,2025-03-31 21:23:35.017546,2025-03-31 21:23:55.383009,0 days 00:00:20.365463,0.036026586773907514,0.8206174225194947,2,0.05119158740865199,0.1673111513725056,0.013740544191728073,0.03085172107524613,0.08244305023087894,0.072816923271403,0.0002482808382971685,28,75,0.08647875253275186,0.03737540947871629,False,False,True,1.3418261989271961e-08,COMPLETE
877,0.5014513373374939,2025-03-31 21:23:55.656221,2025-03-31 21:24:03.083981,0 days 00:00:07.427760,0.08138202823524861,0.7948850579077424,16,0.0312076306629098,0.1743146474413617,0.015908760485201026,0.036475563230434015,0.09108128484328112,0.07631046742274146,0.00019955864172199912,26,69,0.04074874866352182,0.051359812486419854,False,False,True,1.9706594074817228e-08,COMPLETE
878,0.5318176746368408,2025-03-31 21:24:03.369284,2025-03-31 21:24:11.008630,0 days 00:00:07.639346,0.026607211285968786,0.8176505308674491,16,0.04009555992475228,0.19174851205538357,0.01013996586368401,0.0273988802561815,0.08701470608902709,0.08336897294982018,0.0001475933312114585,28,72,0.0476006810891426,0.07786021972213018,False,False,True,1.2908633919809464e-08,COMPLETE
879,0.5485610008239746,2025-03-31 21:24:11.298612,2025-03-31 21:24:20.324718,0 days 00:00:09.026106,0.054678818995815476,0.7748048838024835,8,0.0479222139129996,0.1634906221676108,0.006897664831795531,0.033868390981795775,0.08393085213784993,0.07020084968571325,0.0001715156918054255,27,74,0.04290031397988908,0.057815390250117844,False,False,True,1.585797074254044e-08,COMPLETE
880,0.4704765319824219,2025-03-31 21:24:20.597916,2025-03-31 21:24:27.995605,0 days 00:00:07.397689,0.02526592583411049,0.7529700975794248,16,0.02557822850660295,0.1617054458137834,0.012349076418296972,0.03256077217764099,0.09024410978023828,0.07922687699241042,0.00010997361878462831,26,76,0.039378280129362196,0.06714601717524196,False,False,True,1.2713694214650258e-08,COMPLETE
881,0.5541459679603578,2025-03-31 21:24:28.281141,2025-03-31 21:24:35.661111,0 days 00:00:07.379970,0.060093882333372484,0.8040357461046482,16,0.035837523334221966,0.20411239912808038,0.0032554773018929123,0.03902697613213798,0.08614244138633023,0.07406557675116539,0.0002726339641660883,26,69,0.04552294287446143,0.044058254557761196,False,False,True,1.0057052680523535e-08,COMPLETE
882,0.5673640251159668,2025-03-31 21:24:35.948304,2025-03-31 21:24:43.468762,0 days 00:00:07.520458,0.08825863678602272,0.7368782722847581,16,0.056408475550203875,0.18094237179306152,0.022054719758533833,0.05614489319394908,0.0888225288963921,0.01888244795881757,0.00021735130072864464,27,78,0.041670600888754926,0.062910270509122,False,False,True,2.0337069984609016e-08,COMPLETE
883,0.5351336002349854,2025-03-31 21:24:43.761107,2025-03-31 21:24:51.228589,0 days 00:00:07.467482,0.09354360009652209,0.7739388031125165,16,0.06183545926741919,0.1844159228534423,0.019745916281773006,0.06102007107981588,0.08766457953612462,0.02374242895525931,0.00022609098787783487,27,75,0.04307217258221047,0.17522068691141496,False,False,True,1.000582191503799e-08,COMPLETE
884,0.5391452789306641,2025-03-31 21:24:51.506179,2025-03-31 21:24:59.000688,0 days 00:00:07.494509,0.09104054193565964,0.7457483391436736,16,0.06921480137210782,0.18317938073540438,0.023267521474007805,0.05645022642779555,0.08462619205828596,0.03552344969283042,0.00018051365569597466,28,78,0.04995001984874961,0.09234655058654243,False,False,True,2.4222385001727557e-08,COMPLETE
885,0.3222287297248841,2025-03-31 21:24:59.288919,2025-03-31 21:25:05.387739,0 days 00:00:06.098820,0.08594427413151262,0.7886357550810688,16,0.06581724469846992,0.19480166303663832,0.02215765866850119,0.05513668656895648,0.08898055841056121,0.08175896543873647,0.00015055975638875171,11,72,0.04477447736619914,0.05115567751491387,False,True,True,2.1752123834807808e-08,COMPLETE
886,0.5110583901405334,2025-03-31 21:25:05.680902,2025-03-31 21:25:13.113694,0 days 00:00:07.432792,0.027111523739639987,0.8376053289799417,16,0.05518477582094632,0.18129209695911064,0.024985073817775705,0.059145059722796815,0.08716011981948057,0.07636571589833994,0.0003339148807428106,27,66,0.04177087216974812,0.057091704251703165,False,False,True,1.8597259371083563e-08,COMPLETE
887,0.39236451387405397,2025-03-31 21:25:13.390650,2025-03-31 21:25:21.422181,0 days 00:00:08.031531,0.10360994947252646,0.7376517479695367,16,0.06300879246095584,0.18571305973864063,0.020816245974460475,0.05907889355625534,0.08108693047533781,0.07512154504185625,0.03515611331363528,27,75,0.041809347316378864,0.07348920690424651,False,False,False,0.0004939135077049003,COMPLETE
888,0.4801515579223633,2025-03-31 21:25:21.710168,2025-03-31 21:25:29.397056,0 days 00:00:07.686888,0.010474058590137567,0.7570331531796473,16,0.05982010841237219,0.18522890654751756,0.023284501764779565,0.05763162493079161,0.09142915290178738,0.014913191759483618,0.00027197707762057714,28,78,0.04687152215288928,0.06150471691330942,True,False,True,1.0172061810113244e-08,COMPLETE
889,0.563149356842041,2025-03-31 21:25:29.686308,2025-03-31 21:25:37.124167,0 days 00:00:07.437859,0.07210731659846159,0.7706297248805557,16,0.07506181238077601,0.18892881441853554,0.021657855651924934,0.056700200675330055,0.08585779189733497,0.07792253297460239,0.00019754617784446666,27,76,0.04426872820483631,0.04944167757409896,False,False,True,1.4563796836712389e-08,COMPLETE
890,0.47943316698074345,2025-03-31 21:25:37.415219,2025-03-31 21:25:45.052262,0 days 00:00:07.637043,0.04686988412182982,0.8079860592496955,16,0.05669126149044993,0.17874063730200218,0.01801198659835071,0.05326165632291193,0.08906515924266935,0.07252762630793164,0.0001255970579224338,29,71,0.040772532364048306,0.05762096946757964,False,False,True,0.0006496460824778648,COMPLETE
891,0.5421544551849365,2025-03-31 21:25:45.334486,2025-03-31 21:25:52.835856,0 days 00:00:07.501370,0.02904001588935508,0.7328669725670112,16,0.0713474686852661,0.17998732003537377,0.019992673850866942,0.053066468394062746,0.056222766382640836,0.029547892144560578,0.0002427436256058371,28,80,0.04297425877804949,0.04161401969321802,False,False,True,0.0009997788664029717,COMPLETE
892,0.5324344754219056,2025-03-31 21:25:53.124178,2025-03-31 21:26:00.578896,0 days 00:00:07.454718,0.07670366614559324,0.759546915485224,16,0.05379542771409615,0.17288351450326003,0.02212261530105187,0.05497719968892269,0.083475135998213,0.0795737114768948,0.0019212353441272853,27,74,0.04498605795767484,0.06962245477696886,False,False,True,0.00036197322260464026,COMPLETE
893,0.26934382915496824,2025-03-31 21:26:00.873487,2025-03-31 21:26:08.401658,0 days 00:00:07.528171,0.04870552908114249,0.7872244581039564,16,0.2816897291056284,0.19279976624732503,0.019599975655335857,0.05508058638317962,0.09031560914441503,0.0509339318291106,0.00016027726796775902,27,102,0.0404439438485923,0.05591317912945874,False,False,True,1.3053946029980852e-08,COMPLETE
894,0.28071433305740356,2025-03-31 21:26:08.695088,2025-03-31 21:26:16.242755,0 days 00:00:07.547667,0.09920983668946096,0.8741349997709987,16,0.22078230473210697,0.1852196447637284,0.01653253573411593,0.050233661584859875,0.09224986083797791,0.02686193440206326,0.00020254355086965026,28,77,0.046819141477470405,0.05020483806662811,False,False,True,1.8273368260860795e-08,COMPLETE
895,0.5510111451148987,2025-03-31 21:26:16.520634,2025-03-31 21:26:24.142843,0 days 00:00:07.622209,0.027823000178658686,0.7326821871390989,16,0.01944223778652963,0.1961372405066487,0.02733575609598365,0.05842544236516287,0.08621594322283467,0.0772045093090554,0.0003035889368875247,28,79,0.04277210768422596,0.06398844269869866,False,False,True,2.779619475212472e-08,COMPLETE
896,0.4857380986213684,2025-03-31 21:26:24.435625,2025-03-31 21:26:31.897756,0 days 00:00:07.462131,0.010428461447491516,0.75920098994508,16,0.048743319268991725,0.1748476974590722,0.01770309210880095,0.051417836072265445,0.08837993720592915,0.07111837934086929,0.00016887248095657468,27,69,0.03959832672622212,0.08392106417549236,False,False,True,1.356533480947676e-08,COMPLETE
897,0.5542581200599671,2025-03-31 21:26:32.190557,2025-03-31 21:26:38.952695,0 days 00:00:06.762138,0.04719816371946692,0.8297546649271098,16,0.02894934090343988,0.17735157225371337,0.01530813531484595,0.05379848479850704,0.09225965502866229,0.01662689358957682,0.0002261313100613535,19,74,0.04300024611363214,0.04498217977650852,False,False,True,0.0003002235637141213,COMPLETE
