number,value,datetime_start,datetime_complete,duration,params_alpha-eval,params_alpha-train,params_batch-size,params_eps-eval,params_eps-train,params_lambda-actions-eval,params_lambda-actions-train,params_lambda-frames-eval,params_lambda-frames-train,params_learning-rate,params_n-epochs,params_n-frames,params_radius-gw,params_rho,params_std-feats,params_ub-actions,params_ub-frames,params_weight-decay,state
341,0.28458550572395325,2025-04-21 13:43:54.196876,2025-04-21 13:44:02.252662,0 days 00:00:08.055786,0.8725414149740919,0.6053672647963769,16,0.0676057531172454,0.09123966063596799,0.010702710264046948,0.0060970451790293015,0.016566213838701497,0.09623532149880737,0.04143066728008158,26,150,0.011734576051359177,0.0805794076481072,True,False,True,1.1516417315859294e-05,COMPLETE
342,0.3871691465377808,2025-04-21 13:44:02.360196,2025-04-21 13:44:15.110507,0 days 00:00:12.750311,0.4430928636809381,0.6485585783211458,2,0.036118036830941946,0.0844136611361448,0.01771521404700021,0.04789704503056582,0.01828392047789122,0.01130751142646075,0.028882070181309095,10,147,0.02489975445842297,0.06991724946211535,True,False,False,1.7397305911658238e-05,COMPLETE
343,0.5167510271072389,2025-04-21 13:44:15.217264,2025-04-21 13:44:25.575609,0 days 00:00:10.358345,0.4928503004219232,0.5884254351704208,2,0.0476545293832452,0.09579940029244403,0.014691382056228374,0.010766494956248693,0.023766696976898684,0.023184020889001202,0.05076936890210566,8,143,0.03033163796778944,0.10059090937082964,True,False,True,2.1744375057226254e-05,COMPLETE
344,0.535577690601349,2025-04-21 13:44:25.681522,2025-04-21 13:44:36.524991,0 days 00:00:10.843469,0.5173479297957196,0.5675993790394208,2,0.06211468190834596,0.09044584057244398,0.012787315144838081,0.046266282425938464,0.020044308725533377,0.021121935668668344,0.08122796336286355,9,138,0.027243384689444636,0.14097584652453324,True,False,True,3.107131313989174e-05,COMPLETE
345,0.3991001844406128,2025-04-21 13:44:36.642248,2025-04-21 13:44:43.687096,0 days 00:00:07.044848,0.57024878367239,0.5040771226819912,8,0.027140397449372543,0.10901140952418295,0.0071705860097923055,0.04965929133880863,0.022088332263226207,0.08702066183011256,0.038394761581242894,10,145,0.03139082619297038,0.130926911736145,True,False,True,0.00017006197785149322,COMPLETE
346,0.5092500925064087,2025-04-21 13:44:43.795895,2025-04-21 13:44:55.802404,0 days 00:00:12.006509,0.417057634416088,0.6299351880685481,2,0.051498731373912074,0.08187836148224524,0.01026897825139736,0.043241752357127135,0.025362854032628557,0.09326334672079588,0.06450190718012237,11,150,0.034984290306804146,0.11773788521048457,True,False,True,1.4960824539106327e-05,COMPLETE
347,0.5261303663253785,2025-04-21 13:44:55.910902,2025-04-21 13:45:06.960116,0 days 00:00:11.049214,0.7020044233064019,0.5988508763622322,2,0.03783091738165291,0.08788224353322847,0.016287654760533024,0.04112610616310352,0.04892790229730337,0.0077779656125999954,0.05398351738666841,9,141,0.028751377572161948,0.04982911313209954,True,False,True,2.59174102338342e-05,COMPLETE
348,0.5459272265434265,2025-04-21 13:45:07.068445,2025-04-21 13:45:17.939415,0 days 00:00:10.870970,0.4708041520777945,0.5436326813089906,2,0.07380323023462787,0.10054865392611045,0.022343133653531733,0.03721901774328656,0.017560226683580104,0.044836205297833574,0.045004787478664696,9,147,0.032221974431487194,0.14099432384009153,True,False,True,9.924717458041486e-06,COMPLETE
349,0.5368480324745178,2025-04-21 13:45:18.059589,2025-04-21 13:45:29.533321,0 days 00:00:11.473732,0.5458378502927149,0.6190660275502247,2,0.0314186105189573,0.07821999142811091,0.013686962210912533,0.012938541713198453,0.026492397689213076,0.02003552389980069,0.034426208871048664,10,144,0.026037520104010902,0.05603596769748507,True,False,True,1.9138856903412748e-05,COMPLETE
350,0.4677264571189881,2025-04-21 13:45:29.641676,2025-04-21 13:45:43.627359,0 days 00:00:13.985683,0.779587875135409,0.4702541807060755,2,0.04318604267507921,0.09712371058739258,0.009562875313821977,0.0072817192331521815,0.019754725638785137,0.07625058851330319,0.07271420697893238,15,147,0.029719156637613507,0.12253019498468752,False,False,True,1.3246763435918307e-05,COMPLETE
351,0.322868150472641,2025-04-21 13:45:43.735985,2025-04-21 13:45:54.011670,0 days 00:00:10.275685,0.8412539654621125,0.575336361706769,2,0.02736056898141912,0.08423860969172015,0.012227491521702143,0.04826786974353671,0.013797639049286393,0.0374086203693138,3.37922121756923e-05,8,141,0.03670912077216845,0.06303422109217022,True,False,True,8.3751767497696e-05,COMPLETE
352,0.5372702598571778,2025-04-21 13:45:54.121589,2025-04-21 13:46:06.089967,0 days 00:00:11.968378,0.4480209869123391,0.5201251937072023,2,0.05459449111549028,0.0903903589805904,0.005026283722356658,0.026219259648298972,0.024133138267025702,0.06463682813112429,0.059236915431602075,11,150,0.027603494433655253,0.11073537727758334,True,False,True,3.220147400209771e-05,COMPLETE
353,0.379559063911438,2025-04-21 13:46:06.210512,2025-04-21 13:46:17.413463,0 days 00:00:11.202951,0.5005992276352375,0.5974750760636669,2,0.023392991965254545,0.10420097253501967,0.018972276955705872,0.04422932353107659,0.022329322387189307,0.08811215966230067,0.04355380572567204,10,40,0.07166595669073358,0.12889486018720417,True,False,True,6.332841380886573e-06,COMPLETE
354,0.40143636465072635,2025-04-21 13:46:17.524331,2025-04-21 13:46:28.441488,0 days 00:00:10.917157,0.47979943082735454,0.5567251380079392,2,0.03634461239890784,0.09361808715862555,0.015224293893554258,0.020749706642737138,0.016031366297134305,0.09120497996101096,0.08543615356509973,9,143,0.03426462693397559,0.13493805236908835,True,False,True,0.0003592992797473604,COMPLETE
355,0.5273562669754028,2025-04-21 13:46:28.551354,2025-04-21 13:46:38.870944,0 days 00:00:10.319590,0.5240959475544285,0.643585915737837,2,0.046113913387354544,0.07634558070694338,0.011281526766115093,0.050056700170186395,0.028454945867470896,0.03155731252763706,0.028848397554138115,8,138,0.031299425981967714,0.12565604413979117,True,False,True,4.251092639715624e-05,COMPLETE
356,0.5578184843063355,2025-04-21 13:46:38.982475,2025-04-21 13:46:50.315890,0 days 00:00:11.333415,0.3987051219953667,0.5821081525682552,2,0.012594337727030414,0.0858294432783419,0.008587452823148886,0.008698026084977266,0.01839636427116685,0.09522474388232571,0.0507115496270531,10,147,0.02487703268162253,0.07589267859583974,True,False,True,2.391346920802556e-05,COMPLETE
357,0.4886950731277466,2025-04-21 13:46:50.437053,2025-04-21 13:47:01.196998,0 days 00:00:10.759945,0.4540344926906793,0.6152619323823298,2,0.060471868719842926,0.11129717971665716,0.013952585027995044,0.04708588961445986,0.012025631948333157,0.0817762064143784,0.03868463737066424,9,95,0.02070794115380804,0.06854978334585692,True,False,True,1.747999936329592e-05,COMPLETE
358,0.28286103010177616,2025-04-21 13:47:01.310462,2025-04-21 13:47:12.859482,0 days 00:00:11.549020,0.42918504908558763,0.5370274311053054,2,0.03022305695584747,0.06241492412347126,0.017144451823355118,0.015049666056050244,0.020854657898003906,0.07196452521150219,0.06635709279782744,10,145,0.029171340781087123,0.14315130895103784,True,True,True,1.203034652683161e-05,COMPLETE
359,0.42130006551742555,2025-04-21 13:47:12.971053,2025-04-21 13:47:23.696970,0 days 00:00:10.725917,0.498060553855517,0.5643623566316881,2,0.043938240204076974,0.018089175908909155,0.006944341459688143,0.04115004845326006,0.024666801485198238,0.002980693154708125,0.057464867299893245,9,62,0.032535588841655194,0.11568715498668468,True,False,True,7.940767386428526e-06,COMPLETE
360,0.5300285220146179,2025-04-21 13:47:23.819195,2025-04-21 13:47:35.696672,0 days 00:00:11.877477,0.4678829312105536,0.6012774969919796,2,0.019663279246696426,0.09918019301322423,0.020343528062367316,0.012285585165286536,0.022454188293317995,0.09717895370595096,0.09948312520090502,11,150,0.026521551414376298,0.044842869394586087,True,False,True,2.8587510551477593e-05,COMPLETE
361,0.3930038690567017,2025-04-21 13:47:35.808773,2025-04-21 13:47:47.730670,0 days 00:00:11.921897,0.5457271470891979,0.5827834074847843,2,0.05229987526169827,0.07162815265476978,0.0119358005103472,0.0053178803941114966,0.027459247111814352,0.09291017885296798,0.04630463707821932,9,54,0.029085561078852337,0.05702446722112542,True,False,False,1.933443431430376e-05,COMPLETE
362,0.5141957640647888,2025-04-21 13:47:47.844545,2025-04-21 13:47:58.264773,0 days 00:00:10.420228,0.6704366303391133,0.631056493550014,2,0.037361621815276545,0.08133834421346763,0.01579658060607614,0.017649617087278142,0.019481161247254103,0.08993452023649938,0.03421033274435219,8,143,0.030562567774759405,0.1078707996812855,True,False,True,1.472577335775259e-05,COMPLETE
363,0.37410514354705815,2025-04-21 13:47:58.380939,2025-04-21 13:48:04.788506,0 days 00:00:06.407567,0.3745187821239109,0.28649983789866107,16,0.11873970520093866,0.09172804544939268,0.010116744726793516,0.04500386796487084,0.01672433239002797,0.08352913969456482,0.07166033921053892,10,147,0.0342204154203516,0.08636617230138742,True,False,True,3.672500749408077e-05,COMPLETE
364,0.3925163149833679,2025-04-21 13:48:04.911335,2025-04-21 13:48:16.436753,0 days 00:00:11.525418,0.5158374606486543,0.6663103374575344,2,0.012254002061566873,0.08829373353530788,0.013131137070404971,0.010453361881556485,0.02111016615360266,0.08626472037266748,0.055846582188432456,10,139,0.032472769633179355,0.13770275476228483,True,False,True,7.066484416397346e-05,COMPLETE
365,0.4169542193412781,2025-04-21 13:48:16.550696,2025-04-21 13:48:27.433524,0 days 00:00:10.882828,0.5822302874812895,0.1677185291203001,2,0.0249472480282383,0.09640026934136489,0.01492797780189727,0.04908193708268667,0.029856742419678294,0.09443013560161245,0.025178521461266968,9,145,0.02386483030100695,0.12126766135590265,True,False,True,2.2405944410732346e-05,COMPLETE
366,0.5005162596702576,2025-04-21 13:48:27.548351,2025-04-21 13:48:38.385439,0 days 00:00:10.837088,0.2306454306420297,0.5464844477981705,2,0.030289066607754378,0.08115404461306962,0.018082707264578682,0.04644656442673387,0.014489681341041116,0.09816294680061491,0.041274078477512535,9,141,0.02758385529525204,0.10367370796400235,True,False,True,4.0886695762267164e-05,COMPLETE
367,0.4880298733711243,2025-04-21 13:48:38.501404,2025-04-21 13:48:45.196227,0 days 00:00:06.694823,0.41470663731261276,0.6108591376096587,8,0.03863302307200924,0.10322113930866084,0.009413274067682111,0.038922477696432,0.025484185220426534,0.08938831339131176,0.08151348093891521,8,70,0.030396158270624335,0.13144519253914502,True,False,True,2.7672065988952674e-05,COMPLETE
368,0.37035852670669556,2025-04-21 13:48:45.320872,2025-04-21 13:48:57.209115,0 days 00:00:11.888243,0.48865706081717486,0.4918169121535208,2,0.019740026358909053,0.00036139844511853814,0.011625410093229585,0.008185743029877063,0.018218697941289056,0.099767406103651,0.047443511012845524,11,148,0.03739904670245713,0.09375727629181309,True,False,True,1.655470689171536e-05,COMPLETE
369,0.5988088846206665,2025-04-21 13:48:57.324630,2025-04-21 13:49:08.759649,0 days 00:00:11.435019,0.45960012840475745,0.567103130702959,2,0.0483432339903712,0.08793455515997572,0.013810829260831634,0.05099869577265186,0.023512823472318287,0.07849794452896797,0.030855277982899512,10,150,0.028638201191017523,0.11448415431845009,True,False,True,0.00012649547461149132,COMPLETE
370,0.3159364998340607,2025-04-21 13:49:08.874257,2025-04-21 13:49:20.403086,0 days 00:00:11.528829,0.445550910890391,0.5220132864827797,2,0.2910984894505984,0.07711175108777982,0.016572457768989222,0.05091389779431916,0.02369220110279603,0.09209622066999973,0.033412000550861416,10,144,0.031358664560831265,0.11511452595437591,True,False,True,0.00012539195273013727,COMPLETE
371,0.3752601861953736,2025-04-21 13:49:20.532936,2025-04-21 13:49:30.765860,0 days 00:00:10.232924,0.43391770630533244,0.5597310155489986,2,0.03379939602635912,0.09444895189011836,0.013328652552194278,0.05194686483948704,0.026472566881286946,0.03394747964034012,0.059529652668737706,8,147,0.03517390644181803,0.12483717918827476,False,False,True,0.00017368264478558968,COMPLETE
372,0.48460179567337036,2025-04-21 13:49:30.884302,2025-04-21 13:49:43.413878,0 days 00:00:12.529576,0.4578540513528551,0.5362382077913131,2,0.04296766552530861,0.10866581861835199,0.02379030737513369,0.05024999784689533,0.023332066072291227,0.0787377987247099,0.039482371308586284,12,137,0.029115391369376846,0.1114114747835518,True,False,True,9.144239922529038e-05,COMPLETE
373,0.39218246936798096,2025-04-21 13:49:43.528862,2025-04-21 13:49:54.442715,0 days 00:00:10.913853,0.47030792911678837,0.5736264686784115,2,0.011570355825157067,0.08388049041207285,0.01481245796224752,0.047968625251321645,0.027429647595475073,0.09550073180614674,0.07100116977492513,9,141,0.03305519431284083,0.11984464418231519,True,False,True,5.600250296276257e-05,COMPLETE
374,0.5185515999794006,2025-04-21 13:49:54.558502,2025-04-21 13:50:05.362355,0 days 00:00:10.803853,0.4164782798944591,0.5145954713677995,2,0.024283704537952706,0.07123756328599558,0.018684233914119767,0.04235461768418486,0.02480618753072842,0.07439875338316386,0.050914183500953815,9,145,0.026332742835938294,0.09883430740081715,True,False,True,0.00010933675843528246,COMPLETE
375,0.29463537931442263,2025-04-21 13:50:05.488793,2025-04-21 13:50:16.935748,0 days 00:00:11.446955,0.7396557727388723,0.5825843391666025,2,0.046857337123192004,0.11592394924452813,0.016732310175319308,0.030216374911014195,0.02241618463204425,0.08852706589881268,0.06347185604083648,10,150,0.029953990696450817,0.14614654612407613,True,False,True,0.0001454402123806798,COMPLETE
376,0.37262808084487914,2025-04-21 13:50:17.054640,2025-04-21 13:50:29.046337,0 days 00:00:11.991697,0.44241083638690115,0.5597388789899936,2,0.031156829127445714,0.09991424244675623,0.013741464492540996,0.05461055797781884,0.02979495052526601,0.09117456705035686,0.044332687695763234,11,147,0.03243474732745906,0.0715256108437114,True,False,True,0.0002180872214053287,COMPLETE
377,0.5884119033813476,2025-04-21 13:50:29.163587,2025-04-21 13:50:39.602073,0 days 00:00:10.438486,0.39651900802876544,0.5415408151983164,2,0.017040956189691273,0.08918207807319946,0.02101564790659859,0.045696715337239374,0.01548891142578073,0.0933293539496654,0.030188245249152576,8,143,0.02842177434424038,0.07995984985065947,True,False,True,0.00011258240250935296,COMPLETE
378,0.28286103010177616,2025-04-21 13:50:39.722432,2025-04-21 13:50:49.622756,0 days 00:00:09.900324,0.48596362922794767,0.5328005711765035,2,0.03958403531187176,0.08796390921927787,0.022449482895800732,0.04599584582457109,0.01174152954682745,0.09330585115949808,0.028481459630424637,7,144,0.02482859097265603,0.08401200288811064,True,True,True,0.00014019608757778195,COMPLETE
379,0.5654820442199707,2025-04-21 13:50:49.750651,2025-04-21 13:51:00.119855,0 days 00:00:10.369204,0.463336892638659,0.5120545734976388,2,0.01830839124151916,0.09251022684071447,0.018886780970267712,0.048582701141734776,0.013358503175913913,0.09159357930377506,0.021181654074888208,8,142,0.02824511170257464,0.08030526778635509,True,False,True,7.239186288358921e-05,COMPLETE
380,0.5369840145111084,2025-04-21 13:51:00.239177,2025-04-21 13:51:10.530878,0 days 00:00:10.291701,0.39882980334373974,0.5482078484134474,2,0.026737547223972737,0.08048944488787989,0.020550403360207692,0.04505082851636545,0.015537269815549978,0.08794906278101453,0.03207049266147879,8,147,0.02681285749066232,0.08771865190635685,True,False,True,0.00010148204448630355,COMPLETE
381,0.5084733366966248,2025-04-21 13:51:10.653662,2025-04-21 13:51:21.078872,0 days 00:00:10.425210,0.3692983792538889,0.47635149121013465,2,0.065229512105114,0.08708838876597427,0.02053167711569486,0.050596014048330556,0.02668884826825854,0.09259827845930305,0.0379845202675849,8,150,0.022162622351715858,0.07965717361926192,True,False,True,9.661875271560537e-05,COMPLETE
382,0.3893871545791626,2025-04-21 13:51:21.209490,2025-04-21 13:51:33.350340,0 days 00:00:12.140850,0.4295097897708209,0.5525888191625309,2,0.05651868613678199,0.0758432007511046,0.017076033428635597,0.04726259829540166,0.021464468466198924,0.09028308847041251,0.03139038697836275,9,144,0.002285200618883397,0.0713262332854036,True,False,False,0.00013727996461873292,COMPLETE
383,0.3975062370300293,2025-04-21 13:51:33.469443,2025-04-21 13:51:43.262355,0 days 00:00:09.792912,0.48012073453848086,0.5346482215306588,2,0.03398446165702181,0.09174050306742952,0.01535401062964913,0.043770081509204854,0.01680417323787344,0.08600471324739742,0.03800059754482125,7,147,0.03102937067686852,0.06492956931027755,True,False,True,0.00018293109110726084,COMPLETE
384,0.49679925441741946,2025-04-21 13:51:43.381080,2025-04-21 13:51:54.191004,0 days 00:00:10.809924,0.6196622667259148,0.4984127157820714,2,0.04482952495228665,0.09807823050475825,0.017119099442914967,0.04292131182477654,0.02493925391297882,0.09484617490345694,0.05105064028341226,9,140,0.02878397028312872,0.10345117328666141,True,False,True,4.5738582445014814e-05,COMPLETE
385,0.28971567153930666,2025-04-21 13:51:54.321848,2025-04-21 13:52:05.278347,0 days 00:00:10.956499,0.8092949998060243,0.5738821263602274,2,0.18266855374869698,0.08212290474664677,0.01427092434872671,0.0028902069647303904,0.02881904831875936,0.004339337809314676,0.005051247061236039,9,143,0.034714988792409515,0.11457319865077725,True,False,True,0.00012075195529071275,COMPLETE
386,0.41203147172927856,2025-04-21 13:52:05.398279,2025-04-21 13:52:12.833643,0 days 00:00:07.435364,0.8319754704372444,0.5857648267594147,16,0.02210412907816347,0.10201475255927918,0.018417934824625726,0.05362591734710991,0.014350555411766608,0.02730799597257956,0.024503012736772665,19,147,0.05364311348299061,0.07512488589009744,True,False,True,1.0283321351093074e-05,COMPLETE
387,0.5568933963775635,2025-04-21 13:52:12.954358,2025-04-21 13:52:23.299538,0 days 00:00:10.345180,0.5294186766682397,0.5605799512126245,2,0.009007011029516877,0.06875140948994371,0.012550563408986623,0.04998112070959087,0.019285442148106333,0.09398558347795209,0.04424004397842667,8,150,0.026067458890499565,0.01669927718719823,True,False,True,5.972342798823004e-05,COMPLETE
388,0.5759721279144288,2025-04-21 13:52:23.420223,2025-04-21 13:52:33.837661,0 days 00:00:10.417438,0.3547400629805885,0.6192507459360848,2,0.03749227102015153,0.09440469121426029,0.015504851039846768,0.046093579228740224,0.023387440900384544,0.07737653425300356,0.034077430721534754,8,145,0.031762002114482844,0.13043445173338175,True,False,True,8.14887818051958e-05,COMPLETE
389,0.29076927304267886,2025-04-21 13:52:33.970381,2025-04-21 13:52:40.852318,0 days 00:00:06.881937,0.4537215708763082,0.5235067813409513,8,0.05017358353012726,0.08546309058978717,0.020814456277889432,0.04021559846692742,0.02128272902911376,0.015473471779175584,0.01944438492664534,10,141,0.028497944683035965,0.12402424011592557,False,False,True,3.550764264941852e-05,COMPLETE
390,0.5314327836036682,2025-04-21 13:52:40.972404,2025-04-21 13:52:51.758734,0 days 00:00:10.786330,0.4370138318951359,0.5898895014486893,2,0.014373254854846479,0.07667605135910865,0.01350727070672283,0.04885248874597787,0.031389057051978336,0.009500038554099526,0.05415846952876705,9,84,0.03022904124083375,0.10773560368721562,True,False,True,2.2734839482442148e-05,COMPLETE
391,0.31233094334602357,2025-04-21 13:52:51.881140,2025-04-21 13:53:03.336722,0 days 00:00:11.455582,0.5035166843717463,0.6425298308745775,2,0.14920899818360164,0.08869814102426156,0.007822576549003007,0.08981482390984713,0.01720370325565971,0.013143512983465474,0.04163556707721488,10,145,0.03338758418745364,0.13450908968140948,True,False,True,1.3948645231414382e-05,COMPLETE
392,0.46203987002372743,2025-04-21 13:53:03.472879,2025-04-21 13:53:14.396931,0 days 00:00:10.924052,0.6538942956673333,0.5455633990476688,2,0.028376590546946655,0.09503611648781995,0.011505638423359372,0.05222736798287138,0.02546496467628426,0.08954878926081986,0.028434507728865823,9,148,0.024416261282006718,0.11805729485571796,True,False,True,3.1838799829931747e-05,COMPLETE
393,0.5412163734436035,2025-04-21 13:53:14.519942,2025-04-21 13:53:30.189802,0 days 00:00:15.669860,0.4886832814885513,0.5642006544145116,2,0.07533180501793259,0.10614904252865126,0.01606738935883479,0.04669848878638464,0.02750981346809241,0.05412102810672747,0.04925692863870959,18,143,0.028034924555353023,0.09098698146296971,True,False,True,0.00019042277599364295,COMPLETE
394,0.469581937789917,2025-04-21 13:53:30.312722,2025-04-21 13:53:41.212608,0 days 00:00:10.899886,0.5572048517960524,0.5983339575710926,2,0.042788801197532825,0.08340367492822486,0.009330691243865579,0.0435910427395092,0.015548021283978739,0.08501255130151526,0.06190236488158783,9,150,0.03641969197283797,0.14196611114031,True,False,True,2.1534768012277843e-05,COMPLETE
395,0.47734161615371706,2025-04-21 13:53:41.334584,2025-04-21 13:53:51.664274,0 days 00:00:10.329690,0.40931732800806003,0.5770272159966877,2,0.01782445117126288,0.07880680447716404,0.04016357284071206,0.048820980310518514,0.020317944458162374,0.08740795876907533,0.03573233940233526,8,146,0.015590965257455795,0.1265699618739867,True,False,True,2.669050331559438e-05,COMPLETE
396,0.36408568620681764,2025-04-21 13:53:51.798069,2025-04-21 13:54:01.675721,0 days 00:00:09.877652,0.466761690187505,0.6171964453266907,2,0.007305792681542745,0.06377215242965373,0.0026817534877314336,0.06694579088142115,0.022734352688157575,0.091079283793413,0.045751055329901445,7,139,0.048361044362029496,0.14945873391844008,True,False,True,3.84648722607069e-06,COMPLETE
397,0.28286103010177616,2025-04-21 13:54:01.799403,2025-04-21 13:54:13.332506,0 days 00:00:11.533103,0.5103217289253307,0.5318686642841923,2,0.033728936444733924,0.0989583075038929,0.03677349878943277,0.005789802100972303,0.018431386128913964,0.09331506537453015,0.057926122306445074,10,142,0.030759874415002556,0.08168108109980442,True,True,True,8.953212360016513e-06,COMPLETE
