number,value,datetime_start,datetime_complete,duration,params_alpha-eval,params_alpha-train,params_batch-size,params_eps-eval,params_eps-train,params_lambda-actions-eval,params_lambda-actions-train,params_lambda-frames-eval,params_lambda-frames-train,params_learning-rate,params_n-epochs,params_n-frames,params_radius-gw,params_rho,params_std-feats,params_ub-actions,params_ub-frames,params_weight-decay,state
0,0.28286103010177616,2025-04-21 12:40:36.546427,2025-04-21 12:40:55.396791,0 days 00:00:18.850364,0.2955893364015373,0.6923965510379291,2,0.23577537047788916,0.10539586319476527,0.030132660239338645,0.08157954720368409,0.08921419372841974,0.08074613508393468,0.01860367472418927,25,65,0.0782771543390274,0.09578642071061726,False,True,False,7.645217377492771e-05,COMPLETE
1,0.39634159803390506,2025-04-21 12:40:55.400965,2025-04-21 12:41:04.196593,0 days 00:00:08.795628,0.15074829169881593,0.06025322837944278,8,0.2445351055234528,0.07908070238565422,0.04348348381510979,0.09508415299407304,0.03932981975598442,0.013802362765386128,0.003779084714664316,25,11,0.07629084946775216,0.20451550767682766,False,True,False,1.5160947962232107e-08,COMPLETE
2,0.28286103010177616,2025-04-21 12:41:04.200212,2025-04-21 12:41:15.073966,0 days 00:00:10.873754,0.27372954869566934,0.0897638492643116,2,0.06231414876397948,0.21773726184633835,0.07985179098988296,0.011073734737948478,0.008804558303615345,0.021406255987026758,0.007679077890234193,9,136,0.08503870109648001,0.01348863743519774,True,True,False,1.1140816053299415e-08,COMPLETE
3,0.3834221601486206,2025-04-21 12:41:15.077831,2025-04-21 12:41:23.674544,0 days 00:00:08.596713,0.6592331572971862,0.7305720435332183,8,0.1690538559284281,0.2092462814811735,0.003422296425249615,0.029990732518487186,0.09058166805586008,0.08786940740528022,0.007388010737498046,17,7,0.001762500792897449,0.13848306814439573,True,False,False,1.5625753651964157e-06,COMPLETE
4,0.409553062915802,2025-04-21 12:41:23.678710,2025-04-21 12:41:30.653525,0 days 00:00:06.974815,0.6903655163705318,0.3130289827804541,8,0.12952246759933203,0.22078010807531784,0.07615256040007128,0.02509323847537387,0.08873580560724363,0.0016692744973797987,0.00014458817627285262,8,30,0.055718655049040305,0.10375857401972552,False,False,False,0.0002196807503454927,COMPLETE
5,0.3998603463172913,2025-04-21 12:41:30.658381,2025-04-21 12:41:46.843797,0 days 00:00:16.185416,0.33479141463990886,0.7843583811733951,2,0.063777916795536,0.0986336932323927,0.03085263239037416,0.0415061444470404,0.0609037850647202,0.051757577600414766,0.0038198480091557237,16,42,0.040896243482859904,0.2646227027826166,True,False,False,0.0005923331811863729,COMPLETE
6,0.38642091751098634,2025-04-21 12:41:46.848542,2025-04-21 12:42:01.253341,0 days 00:00:14.404799,0.7925265158925949,0.39113879425466,2,0.003946779812002835,0.26820355716042443,0.04182864509727561,0.06555721034431515,0.042999988848421516,0.08914577899823563,0.002567525170911777,16,58,0.01512312358597261,0.20104657730193404,False,False,True,0.0008067715777831213,COMPLETE
7,0.4780036687850952,2025-04-21 12:42:01.258317,2025-04-21 12:42:14.129211,0 days 00:00:12.870894,0.09049967699112342,0.4883853469389626,2,0.12341183755618088,0.07168862707422474,0.06016983855173219,0.00672857266418513,0.06217997136361233,0.051631286574847654,0.0004546428316458551,13,128,0.032893775734472545,0.21871177563358907,False,False,True,1.4745942366192474e-05,COMPLETE
8,0.3855001926422119,2025-04-21 12:42:14.134544,2025-04-21 12:42:23.721399,0 days 00:00:09.586855,0.757936852580723,0.10657027742486551,8,0.06513129234655606,0.10424130663480397,0.057557101864798677,0.07761233341921661,0.008291145760348805,0.07863557272210482,0.00042799034355513736,30,30,0.0982516769775063,0.16836826992437742,False,False,True,2.1060427133322885e-07,COMPLETE
9,0.28286103010177616,2025-04-21 12:42:23.726981,2025-04-21 12:42:29.951533,0 days 00:00:06.224552,0.011767786564080304,0.9011378345598884,16,0.26166772843651454,0.06494531550193094,0.08345112245326845,0.008379851809596734,0.048668984800298715,0.017303002720376184,0.004992060263670191,11,135,0.0203350695349075,0.15153611082002663,False,True,False,2.119988205235472e-08,COMPLETE
10,0.2973271131515503,2025-04-21 12:42:29.957976,2025-04-21 12:42:35.814139,0 days 00:00:05.856163,0.9830806530811176,0.5186484359494917,16,0.16823234709715357,0.007367985044865175,0.09951618618463273,0.05612768079155599,0.07117313759624097,0.04588900085528444,4.623309378323394e-05,5,102,0.04942478671403017,0.28889789073433947,True,False,True,1.8325768478467576e-05,COMPLETE
11,0.2953623592853546,2025-04-21 12:42:35.820632,2025-04-21 12:42:42.683022,0 days 00:00:06.862390,0.5223870220465632,0.3393646061904828,8,0.1214564021507153,0.1786169684560767,0.06612892563971805,0.02791479091966965,0.07748958729931824,0.04660039368848204,0.00023566352233547183,10,103,0.03594602504024774,0.06426860710180869,False,False,True,3.487876066911957e-05,COMPLETE
12,0.34453925490379333,2025-04-21 12:42:42.689654,2025-04-21 12:42:51.897752,0 days 00:00:09.208098,0.5493320322389037,0.2879392621590886,2,0.12444351010653987,0.29474058633243244,0.07161077140401222,0.0033122279430254386,0.09873561880621404,0.061572206921243954,1.3608250687724032e-05,6,100,0.06281098783407016,0.0942306388678258,False,False,True,4.193084848511343e-06,COMPLETE
13,0.3179835736751557,2025-04-21 12:42:51.904935,2025-04-21 12:42:59.177333,0 days 00:00:07.272398,0.41513908575870895,0.5427355360485417,8,0.2052334348286049,0.1441365129503381,0.09712999809217936,0.02345036058782471,0.02719677009462551,0.0036522886249244838,0.00016196106569577092,13,83,0.05857127815743912,0.23270681805708548,False,False,True,0.00014953183953948101,COMPLETE
14,0.3911413669586182,2025-04-21 12:42:59.184572,2025-04-21 12:43:06.895197,0 days 00:00:07.710625,0.9290407215854992,0.23313908148779783,16,0.11377260004425789,0.023714971960211065,0.05850156864444578,0.03880007405027131,0.06487002853385565,0.03544903627500209,0.0008416334625215617,21,144,0.029762129122963662,0.008274957347974815,False,False,False,5.197001488524251e-06,COMPLETE
15,0.2910650968551636,2025-04-21 12:43:06.903480,2025-04-21 12:43:19.621942,0 days 00:00:12.718462,0.028923225360493132,0.4492272448344787,2,0.19269501154626284,0.15520316524825079,0.08405705361943233,0.01749415515092303,0.08098568876146132,0.030152371139554126,6.502985335174073e-05,13,120,0.05137051970386622,0.11446463852842956,False,False,True,0.00021464879712659556,COMPLETE
16,0.3623028814792633,2025-04-21 12:43:19.629736,2025-04-21 12:43:26.177482,0 days 00:00:06.547746,0.6454434636401769,0.6133162263537141,8,0.0963954344405989,0.24258041987932877,0.06793627002696562,0.0015476332296818704,0.06111012269143912,0.06619697104798487,0.04775865743738407,8,30,0.06603805778021556,0.05225116666754283,False,False,True,1.4742787151010503e-05,COMPLETE
17,0.3920547604560852,2025-04-21 12:43:26.185819,2025-04-21 12:43:34.109321,0 days 00:00:07.923502,0.1769080180227851,0.20420892201485225,8,0.2994500038529141,0.05015215313087862,0.009468711207803286,0.036380897565744676,0.023192402099548745,0.0998664555195743,0.0009218272676060324,13,78,0.02642288087713626,0.18135897796157596,False,False,False,2.799214693285158e-07,COMPLETE
18,0.3512736678123474,2025-04-21 12:43:34.118513,2025-04-21 12:43:50.714558,0 days 00:00:16.596045,0.8304066365706736,0.9641353874332035,2,0.006294341495676065,0.1419855526159272,0.04730080681875167,0.01700270655458327,0.09916759902093068,0.03429942036164578,6.941851613692906e-05,20,121,0.043974233376948155,0.2436840549546339,True,True,False,9.486721497106371e-07,COMPLETE
19,0.3014726579189301,2025-04-21 12:43:50.724200,2025-04-21 12:43:56.714354,0 days 00:00:05.990154,0.42127116539394893,0.4162740975102636,16,0.1514679823085536,0.20975286824144299,0.031340971162928076,0.05090294690242703,0.08004365971663041,0.062081285663512294,1.2272146620195293e-05,8,47,0.0055342162043222065,0.13034336030009136,False,False,True,6.120716042575559e-05,COMPLETE
20,0.4106326222419739,2025-04-21 12:43:56.724269,2025-04-21 12:44:03.824583,0 days 00:00:07.100314,0.6612869593603187,0.6403706628671532,8,0.029981409664663353,0.1786919339964262,0.09016213801128528,0.017504843649651672,0.053988767480623735,0.00855250656068067,0.00018471105630393894,12,88,0.0326239444303158,0.29887578554367217,False,False,True,0.00030721010745425777,COMPLETE
21,0.4097083806991577,2025-04-21 12:44:03.834161,2025-04-21 12:44:10.975669,0 days 00:00:07.141508,0.6472149012161226,0.6069161571332055,8,0.03423203038292398,0.18812877011841359,0.09120855525796216,0.017705250490800857,0.054546370948131126,0.0046338705853702575,0.00017425274161236384,12,92,0.03246266344110764,0.29016491621498164,False,False,True,0.0002972934637010436,COMPLETE
22,0.4749661803245545,2025-04-21 12:44:10.985668,2025-04-21 12:44:18.363507,0 days 00:00:07.377839,0.5835370467773622,0.5875273610584103,8,0.033839191821844694,0.17596570564766145,0.09144943010010308,0.01466917988538341,0.05231439467856077,0.010192625317867812,0.00038589294319513217,14,91,0.03281466783091377,0.29758126211422403,False,False,True,0.0009975387715178527,COMPLETE
23,0.47958173751831057,2025-04-21 12:44:18.373566,2025-04-21 12:44:25.887516,0 days 00:00:07.513950,0.5810134542924309,0.801761859356291,8,0.03083788966925041,0.16951272397822936,0.09034824161388633,0.013357265699700171,0.03428527862636917,0.024738684372699625,0.0015625846914360288,15,119,0.018580069412958502,0.29983620061754446,False,False,True,0.0009810762361930003,COMPLETE
24,0.3627992630004883,2025-04-21 12:44:25.898087,2025-04-21 12:44:34.026771,0 days 00:00:08.128684,0.4477532565411632,0.7843179207363506,8,0.0853278392204409,0.15431207264474528,0.08923614495056226,0.009469932564554931,0.0329520097457386,0.025440754514968755,0.00046645073085989933,19,117,0.015656792689603453,0.259364815755075,False,False,True,1.4034679334871832e-05,COMPLETE
25,0.46555734872817994,2025-04-21 12:44:34.037745,2025-04-21 12:44:47.883844,0 days 00:00:13.846099,0.5412224989497814,0.8542249806875668,2,0.031824661945800345,0.1299255412015903,0.05871391658928829,0.0012938919426774276,0.019635323718734218,0.040781043770429334,0.0020542133159704803,15,130,0.020908433909677455,0.2707317363593104,False,False,True,0.0009821164978502566,COMPLETE
26,0.28857187628746034,2025-04-21 12:44:47.894988,2025-04-21 12:44:56.882428,0 days 00:00:08.987440,0.5759379669115757,0.48969433394037487,8,0.0847937677105097,0.12400110436596062,0.07485078765300568,0.03561568198165765,0.04282754656142908,0.01297073311852642,0.0011651005626899414,22,149,0.008533762022273515,0.22540208874306672,True,True,True,7.192704139598625e-05,COMPLETE
27,0.45669662952423096,2025-04-21 12:44:56.894623,2025-04-21 12:45:04.423120,0 days 00:00:07.528497,0.14438763263569707,0.5506969691550323,8,0.04962742589346142,0.039144681521223315,0.06416531073164093,0.04730846899096097,0.03270289203445198,0.02667040160108417,0.0004724280680133455,15,110,0.040972252702160566,0.21287003406082589,False,False,True,3.9988589370327393e-07,COMPLETE
28,0.38166480064392094,2025-04-21 12:45:04.434423,2025-04-21 12:45:11.394786,0 days 00:00:06.960363,0.44481796570003385,0.9947160574772013,16,0.00048093403985875055,0.1652429026703274,0.021313573238397804,0.011372410366315986,0.05117152856753225,0.05127636435462192,0.0017679320148076226,19,68,0.023932092350292804,0.24733880852988838,False,False,True,4.375163029386259e-08,COMPLETE
29,0.28286103010177616,2025-04-21 12:45:11.406842,2025-04-21 12:45:29.471145,0 days 00:00:18.064303,0.27813167635549274,0.6673929405214234,2,0.09880337407548756,0.07835351524575654,0.09427197417552316,0.023872792959803706,0.06965270543812065,0.056410410602382145,0.06754344119268313,23,127,0.014546741003977688,0.27378423224756265,False,True,True,8.74101527529836e-05,COMPLETE
30,0.4935584783554077,2025-04-21 12:45:29.483831,2025-04-21 12:45:42.704769,0 days 00:00:13.220938,0.3515706863184903,0.7199263951932053,2,0.019665179282105247,0.2469181790461949,0.08629632865809034,0.06600147106937777,0.048417375549968035,0.07419858230388074,0.017230639982129363,14,109,0.03618374240314914,0.18370150664777857,False,False,True,8.789391418505764e-08,COMPLETE
31,0.5050937294960022,2025-04-21 12:45:42.717350,2025-04-21 12:45:56.502544,0 days 00:00:13.785194,0.2145411994780026,0.7204598358993786,2,0.02513981055348412,0.24425148709416017,0.08487918630349349,0.06678296854574398,0.03723468271582786,0.07256372299685085,0.017289535743476053,15,111,0.036024744604781875,0.18539484827244118,False,False,True,9.613302565513437e-08,COMPLETE
32,0.48184938430786134,2025-04-21 12:45:56.515704,2025-04-21 12:46:11.403650,0 days 00:00:14.887946,0.08864499683490465,0.73775698337075,2,0.018309371147718682,0.25440622311041433,0.08300802494951194,0.0663159876499645,0.016221230879887916,0.07268676472520942,0.025691072565811022,17,112,0.04535914281517562,0.18276539027861705,False,False,True,1.0804794004309206e-07,COMPLETE
33,0.5138133049011231,2025-04-21 12:46:11.417946,2025-04-21 12:46:26.770944,0 days 00:00:15.352998,0.19678676134186804,0.7282877596650827,2,0.02010628955699979,0.24935764668112448,0.08358661914007912,0.07158570655572073,0.017317995713531202,0.07429881548983899,0.021530584520768403,18,111,0.0444110262003017,0.185418241122026,False,False,True,6.978235796722745e-08,COMPLETE
34,0.28286103010177616,2025-04-21 12:46:26.784237,2025-04-21 12:46:42.434704,0 days 00:00:15.650467,0.21805632762053395,0.7094607928050726,2,0.02009544165696141,0.25522418344913333,0.08069297377434007,0.07812156173890429,0.0014045909555490746,0.07110034960738973,0.019680823818737547,18,110,0.07286664568536477,0.18425125826046496,False,True,True,8.815087966792283e-08,COMPLETE
35,0.44028022289276125,2025-04-21 12:46:42.448348,2025-04-21 12:47:02.156686,0 days 00:00:19.708338,0.3410886280760678,0.738839706849927,2,0.05076587883507124,0.28596123278969665,0.08389425718668092,0.06848863606733503,0.013794813110437707,0.07791990415274336,0.024507390340753894,26,109,0.04706482118366623,0.1555835375952238,True,False,True,1.0094142747527173e-07,COMPLETE
36,0.3973779439926148,2025-04-21 12:47:02.170468,2025-04-21 12:47:17.091281,0 days 00:00:14.920813,0.20864699989150154,0.859352045878664,2,0.048788077220256285,0.2335065591954659,0.0755947347645638,0.08668351090578898,0.01599922797166077,0.08616203607235105,0.010683910699735217,17,69,0.03914266690889273,0.1941714188086638,False,False,True,2.9880797661572575e-08,COMPLETE
37,0.4451748728752136,2025-04-21 12:47:17.105828,2025-04-21 12:47:32.548705,0 days 00:00:15.442877,0.09742873605643138,0.6917263220638019,2,0.01555467339957525,0.26943992589551263,0.07926537653333973,0.0646374694635554,0.026369627590014152,0.07144089813084158,0.03423135679520608,18,96,0.055312043331492665,0.16968612469298106,False,False,True,1.1043455851057667e-08,COMPLETE
38,0.28286103010177616,2025-04-21 12:47:32.563462,2025-04-21 12:47:47.372415,0 days 00:00:14.808953,0.3367901299429873,0.7701681695221569,2,0.07226528127692214,0.1989665003903638,0.07182774208637993,0.09910746002838405,0.006581348575985132,0.0956123376589424,0.01086604328160284,16,141,0.0456237962016727,0.19940491423701223,True,True,True,1.0144095750779369e-07,COMPLETE
39,0.4162309169769287,2025-04-21 12:47:47.387292,2025-04-21 12:48:05.807530,0 days 00:00:18.420238,0.23183458174688132,0.8597129098249586,2,0.05197800681212726,0.22959554468968318,0.05005737885505394,0.07114451911045298,0.040018813452233334,0.07319998007925253,0.07260133303414666,24,113,0.05319911205795144,0.13341194740023216,False,False,True,5.907550027792585e-07,COMPLETE
40,0.38911553621292116,2025-04-21 12:48:05.822884,2025-04-21 12:48:28.717307,0 days 00:00:22.894423,0.10481594071040223,0.9074832335363601,2,0.009686233584015845,0.2537060463898519,0.08553517244943108,0.05918322643507225,0.01391544240213765,0.08378321422192422,0.012291053418173124,27,82,0.03856842627557867,0.16634740152843347,False,False,False,5.693413016713251e-08,COMPLETE
41,0.4082984805107117,2025-04-21 12:48:28.732720,2025-04-21 12:48:42.531522,0 days 00:00:13.798802,0.37062836275578825,0.7969937307590887,2,0.022782791542774475,0.278995290707935,0.08749014535994537,0.07320437699255902,0.034153346662188645,0.07589348108412416,0.006091035523689081,15,126,0.05920080714135953,0.1846115973003882,False,False,True,2.235632765132812e-07,COMPLETE
42,0.407416832447052,2025-04-21 12:48:42.548494,2025-04-21 12:48:57.413043,0 days 00:00:14.864549,0.2598610213129208,0.8248064947395942,2,0.04117201377868431,0.2562848166658512,0.09562988922869237,0.0870572930053087,0.04590351623393342,0.06309333628323092,0.017816962001669382,17,106,0.027365444259636863,0.21147653797728833,False,False,True,2.2599086578062916e-06,COMPLETE
43,0.484754353761673,2025-04-21 12:48:57.429231,2025-04-21 12:49:13.923289,0 days 00:00:16.494058,0.1481956001719305,0.7372330525150664,2,0.07224268001973391,0.22094252864669942,0.08037821834612417,0.061783025456478104,0.03619864375642351,0.06731021016523406,0.04191204247462683,20,117,0.04469176407374689,0.14043082721331449,False,False,True,1.4479505164826896e-07,COMPLETE
44,0.4671118378639222,2025-04-21 12:49:13.939998,2025-04-21 12:49:30.318369,0 days 00:00:16.378371,0.1545672925678122,0.7476160023476708,2,0.07091211388711616,0.24066008711483722,0.07932416904174204,0.0594274518942877,0.0274574592347964,0.06743813642736626,0.03839117207252002,20,132,0.04373761952288643,0.14096295656046864,False,False,True,1.6353184271855562e-07,COMPLETE
45,0.5067215681076049,2025-04-21 12:49:30.334827,2025-04-21 12:49:47.238698,0 days 00:00:16.903871,0.0660786778808489,0.6740261291454668,2,0.0171756157350047,0.21716346739218684,0.07106260907719165,0.06449498693565271,0.019050034996343432,0.08161896309513561,0.003952123390391218,21,98,0.03715082283549255,0.1177233949157661,False,False,True,1.9985830473633405e-08,COMPLETE
46,0.4565741896629334,2025-04-21 12:49:47.258999,2025-04-21 12:50:04.270368,0 days 00:00:17.011369,0.06244296902465851,0.6422247489008963,2,0.059960395418724444,0.21853339954478193,0.06995693269098473,0.05114933029183146,0.03830836638372627,0.09019689340614098,0.0036203621630408133,21,100,0.03791897985756418,0.0868447669719515,True,False,True,1.7559126274126767e-08,COMPLETE
47,0.4572969794273377,2025-04-21 12:50:04.289572,2025-04-21 12:50:22.306048,0 days 00:00:18.016476,0.17508182072505707,0.6880426912026368,2,0.008022512532876563,0.199927455281684,0.06358274315891575,0.06299191390994609,0.020987290459606133,0.08252758183027081,0.008012939842544285,23,138,0.0493731366569275,0.11662146976093302,False,False,True,2.9318857417139398e-08,COMPLETE
48,0.3887562155723572,2025-04-21 12:50:22.325210,2025-04-21 12:50:40.216921,0 days 00:00:17.891711,0.12894501287640708,0.5581708343039332,2,0.07864064811479032,0.2981205921034187,0.09960942188279373,0.07496109849347546,0.029323216186878942,0.05672335148280942,0.0034927826829629443,19,97,0.03731328467689362,0.15370120651689712,False,False,False,5.254033014464417e-08,COMPLETE
49,0.41089792251586915,2025-04-21 12:50:40.236093,2025-04-21 12:50:51.509158,0 days 00:00:11.273065,0.2901544225675332,0.6558211693071955,2,0.0001232973124412791,0.22470394975046543,0.05416758146205351,0.08222925060685764,0.03900757387567029,0.07944147120178328,0.0883024400721946,10,104,0.06674631450970073,0.1186804804802349,False,False,True,2.4557059808663958e-08,COMPLETE
50,0.28286103010177616,2025-04-21 12:50:51.527470,2025-04-21 12:51:08.699180,0 days 00:00:17.171710,0.015829598582288468,0.9172261667396147,2,0.09929780009052924,0.26491426203986085,0.0763564165995427,0.05439889341547443,0.047844285235502465,0.0924119020464624,0.05194369426725707,21,122,0.09872833069877064,0.07816419993074268,False,True,True,5.036116746915741e-07,COMPLETE
51,0.53974107503891,2025-04-21 12:51:08.718006,2025-04-21 12:51:23.523894,0 days 00:00:14.805888,0.0440688414852517,0.725269243129555,2,0.019733999666767386,0.24521016473981477,0.0822479422757345,0.06841508959467106,0.010154264097940709,0.07370724572967385,0.015409739292957636,17,115,0.04128690799902261,0.17718747804372192,False,False,True,1.3129832800421734e-07,COMPLETE
52,0.5157275557518005,2025-04-21 12:51:23.542929,2025-04-21 12:51:37.922551,0 days 00:00:14.379622,0.05291552872416812,0.7245342948414014,2,0.04321975749171918,0.23949626135989244,0.0738679720038109,0.06125807494327759,0.010650810479810008,0.06559050500436123,0.016532296983037084,16,115,0.04181784722427679,0.15896007534997422,False,False,True,1.5081255680626765e-07,COMPLETE
53,0.5062491416931153,2025-04-21 12:51:37.941943,2025-04-21 12:51:52.249370,0 days 00:00:14.307427,0.054532438992652255,0.7046628693144632,2,0.04374555748137872,0.2423513452731872,0.07270480404210476,0.06863117565309908,0.005475488230575247,0.05696951134501903,0.014871269734703322,16,86,0.029124046680073068,0.17030638470957263,False,False,True,6.84475479486599e-08,COMPLETE
54,0.43908352851867677,2025-04-21 12:51:52.268655,2025-04-21 12:52:06.668704,0 days 00:00:14.400049,0.06501478489148022,0.5948932573506772,2,0.039438389765213175,0.271719501238277,0.07303298618507494,0.07028881813259369,0.0030591484670523896,0.05727846867149415,0.005431147347945647,16,87,0.023891448797793785,0.16302911943653875,False,False,True,4.68122911491497e-08,COMPLETE
55,0.39019494056701665,2025-04-21 12:52:06.688763,2025-04-21 12:52:14.072195,0 days 00:00:07.383432,0.049384369930698196,0.8333061118620498,16,0.060461839772805503,0.23992743478844042,0.06833860784475314,0.07989725209576189,0.010381653696548573,0.06845243757683239,0.013853527054061959,18,74,0.09057509452442586,0.17250272450943574,False,False,False,1.0566978227990833e-08,COMPLETE
