number,value,datetime_start,datetime_complete,duration,params_alpha-eval,params_alpha-train,params_batch-size,params_eps-eval,params_eps-train,params_lambda-actions-eval,params_lambda-actions-train,params_lambda-frames-eval,params_lambda-frames-train,params_learning-rate,params_n-epochs,params_n-frames,params_radius-gw,params_rho,params_std-feats,params_ub-actions,params_ub-frames,params_weight-decay,state
740,0.48821310997009276,2025-04-21 14:55:59.520472,2025-04-21 14:56:10.216758,0 days 00:00:10.696286,0.49189185266033036,0.5430720793837918,2,0.028459903060197144,0.08770863887864593,0.08025244661163075,0.023024051868787827,0.030217053692641133,0.06401690602052941,3.59483734315415e-05,9,36,0.03034677241503325,0.10184391211631881,True,False,True,8.203865856393128e-05,COMPLETE
741,0.574531102180481,2025-04-21 14:56:10.447782,2025-04-21 14:56:21.659246,0 days 00:00:11.211464,0.4544985892308311,0.519047728777308,2,0.033450984792792834,0.07687375418877435,0.08586715052801662,0.016857578489985994,0.021583105667629384,0.08746489270827469,0.04012549035021376,10,16,0.02665353643119548,0.05705918874538532,True,False,True,3.547577066027738e-05,COMPLETE
742,0.3858686923980713,2025-04-21 14:56:21.899779,2025-04-21 14:56:33.797704,0 days 00:00:11.897925,0.5115639386795618,0.5950706157082022,2,0.04763425258935385,0.1032835191238394,0.016944172050501985,0.05539689479707813,0.012982247045570935,0.05529447847738307,0.04685742667215311,11,139,0.03089901684952555,0.11550759108799136,True,False,True,0.00015059303391418572,COMPLETE
743,0.587412977218628,2025-04-21 14:56:34.027896,2025-04-21 14:56:44.906169,0 days 00:00:10.878273,0.47891273691504727,0.5613629154519924,2,0.03934009489049488,0.09362114503153371,0.014547641903126754,0.011080313025059227,0.03354855776847504,0.031104415119038022,0.0282150587354142,9,145,0.028243923430743088,0.037154040650424,True,False,True,4.6494693975225625e-05,COMPLETE
744,0.519119131565094,2025-04-21 14:56:45.146146,2025-04-21 14:56:55.549885,0 days 00:00:10.403739,0.5012329729162335,0.5484610767647591,2,0.04138435973066725,0.09993471128559694,0.09649462530174269,0.010786491077819257,0.03459157201704686,0.026488076642755085,0.020960878440791128,8,136,0.02865101007531142,0.03279210039972315,True,False,True,6.396473947237973e-05,COMPLETE
745,0.5503880858421326,2025-04-21 14:56:55.792553,2025-04-21 14:57:06.689577,0 days 00:00:10.897024,0.5260454379392442,0.5261669811868941,2,0.03808239760507788,0.11421445072000397,0.08894042506902164,0.009273561804940985,0.03090634582026014,0.0398337085387109,0.02701681024575127,9,141,0.030937722100780222,0.036035283859709895,True,False,True,4.882570367539594e-05,COMPLETE
746,0.4023860335350037,2025-04-21 14:57:06.919598,2025-04-21 14:57:13.394740,0 days 00:00:06.475142,0.4921993252819769,0.5613388207702429,16,0.04882634026648144,0.10661769526704856,0.07842152102609565,0.011870089605909205,0.026690007126752575,0.03579929249572179,0.025119376010908842,10,144,0.02506823330778024,0.02755575301647648,True,False,True,4.3295923436334945e-05,COMPLETE
747,0.28286103010177616,2025-04-21 14:57:13.636579,2025-04-21 14:57:23.519924,0 days 00:00:09.883345,0.48268486423779844,0.5084533632667418,2,0.04404401549249426,0.09677108339957644,0.019029720106369295,0.006881039765238609,0.03000345874857726,0.0582075536381401,0.031782011704795755,7,145,0.028538742020264147,0.04162242997635056,True,True,True,5.6954763706515254e-05,COMPLETE
748,0.3549967408180237,2025-04-21 14:57:23.751178,2025-04-21 14:57:35.789851,0 days 00:00:12.038673,0.518068477376669,0.5387857476305317,2,0.03492966400926152,0.09249015950016719,0.017672830713729562,0.013025412322045387,0.03226367098049617,0.0240908254037564,0.0298297501796579,9,139,0.03012773632070112,0.045645785334497896,True,False,False,1.4912806214982857e-06,COMPLETE
749,0.5087005734443665,2025-04-21 14:57:36.030941,2025-04-21 14:57:42.841774,0 days 00:00:06.810833,0.4785967752205096,0.565686617427358,8,0.055337711873398004,0.10885169199217584,0.015386522856515058,0.009954126003030191,0.02847572443913252,0.013089527359914307,0.013095556319331786,8,148,0.02695441273006654,0.039570415124484545,True,False,True,4.477620369665078e-05,COMPLETE
750,0.561128330230713,2025-04-21 14:57:43.090481,2025-04-21 14:57:52.402667,0 days 00:00:09.312186,0.5008754860486141,0.5758410053224476,2,0.03812754740728543,0.09460610424458138,0.019972294347435478,0.010949387421974379,0.028029345924223716,0.04422149489173774,0.023897780314520955,6,142,0.032669377825652116,0.018577967941031746,True,False,True,6.444863020217135e-05,COMPLETE
751,0.5260997295379639,2025-04-21 14:57:52.634157,2025-04-21 14:58:04.172838,0 days 00:00:11.538681,0.5202816585945772,0.5501751580256069,2,0.04983712595824494,0.10002613016775828,0.08388185713461724,0.014277238387793014,0.02449704553775541,0.07898534466841588,0.01757622729688298,10,150,0.021312056429798873,0.032221002541821635,True,False,True,3.822261087253899e-05,COMPLETE
752,0.4379232347011567,2025-04-21 14:58:04.416097,2025-04-21 14:58:18.606767,0 days 00:00:14.190670,0.4700910566688382,0.5826691828227991,2,0.06932074654655161,0.08933463864270778,0.05586010989046302,0.007330773880923205,0.031890955689084025,0.03277683944972822,0.035302319556866406,15,145,0.031272174301630845,0.024863779816619955,True,False,True,3.3096818445951755e-05,COMPLETE
753,0.5190572857856751,2025-04-21 14:58:18.843747,2025-04-21 14:58:30.830232,0 days 00:00:11.986485,0.5074183490335259,0.5349017762070806,2,0.03078924674743593,0.1734957044255628,0.024222734094426907,0.016350406458189654,0.0338413910840167,0.050766534827370466,0.03380563340075194,11,147,0.025716801295266444,0.05205292534384824,True,False,True,8.590079193111593e-05,COMPLETE
754,0.5098630666732789,2025-04-21 14:58:31.078578,2025-04-21 14:58:42.006833,0 days 00:00:10.928255,0.550487463075925,0.6945131229566814,2,0.043083926179962546,0.09096863194053453,0.09879893572301127,0.013050282432183955,0.03646559193051192,0.028786423422248644,0.028085599810438573,9,134,0.029551161732708678,0.04641755496771341,True,False,True,0.00010391572970974427,COMPLETE
755,0.2864143192768097,2025-04-21 14:58:42.253256,2025-04-21 14:58:53.082004,0 days 00:00:10.828748,0.533720186686859,0.9936645421613176,2,0.0625177801130177,0.08569386403326842,0.013932929649491863,0.008934126295187073,0.026646484068436584,0.07684494691284537,0.02355311801665969,9,141,0.033317902184686304,0.04065973234314837,False,False,True,6.489899211626803e-08,COMPLETE
756,0.4707533717155457,2025-04-21 14:58:53.315696,2025-04-21 14:59:04.762819,0 days 00:00:11.447123,0.484570491245758,0.4913179229976202,2,0.033826838206961675,0.10280794717839738,0.09469528135530127,0.018800005512423005,0.02352597146852991,0.033556602388337645,0.02080835628942772,10,143,0.027912645519319813,0.027308596168622714,True,False,True,5.565944475434196e-05,COMPLETE
757,0.39711526632308963,2025-04-21 14:59:05.006783,2025-04-21 14:59:14.882983,0 days 00:00:09.876200,0.4653378421161772,0.5602473202172686,2,0.05443871423047198,0.09575832065191728,0.07664943934289142,0.011351330837085331,0.025875472705238316,0.07480067849566761,0.03870461969933283,7,148,0.0350565532011898,0.0945881503184977,True,False,True,8.243121297559213e-05,COMPLETE
758,0.28286103010177616,2025-04-21 14:59:15.131496,2025-04-21 14:59:25.244818,0 days 00:00:10.113322,0.5015735337238072,0.6234676065317422,2,0.045404333719754005,0.11590571294293456,0.015670585814051317,0.03209465069042615,0.028701796556059322,0.046551515356806815,0.030798182843167904,8,6,0.02292444114002178,0.06383058080019009,True,False,True,0.00018812594409954367,COMPLETE
759,0.5323392152786255,2025-04-21 14:59:25.478239,2025-04-21 14:59:36.342772,0 days 00:00:10.864533,0.5189098700796646,0.6470675155172381,2,0.03953079125106619,0.10631113472474008,0.013737341036496988,0.015465490342545674,0.021835794527140854,0.03038311785189803,0.04117019070586689,9,145,0.031214718645789587,0.0886203824497837,True,False,True,4.543399398454198e-05,COMPLETE
760,0.3639702439308167,2025-04-21 14:59:36.589526,2025-04-21 14:59:48.100762,0 days 00:00:11.511236,0.4805911999280209,0.5190870722901709,2,0.02784739741783104,0.08221576666122699,0.017649956783290163,0.005309284768867897,0.024515710468304603,0.00728946754906918,0.027831183599654828,10,138,0.02924168542619489,0.03552055347385294,True,False,True,0.0001295917507350488,COMPLETE
761,0.5461707472801209,2025-04-21 14:59:48.336387,2025-04-21 14:59:55.671538,0 days 00:00:07.335151,0.5580860715470687,0.5906103386162319,8,0.051435937182863815,0.0895483974137518,0.0015065782509142908,0.01713475969080201,0.020697271966529956,0.041036222507976505,0.03563825041289063,12,118,0.02702725326473131,0.08366176435908339,True,False,True,2.988183252246534e-05,COMPLETE
762,0.5687325954437257,2025-04-21 14:59:55.919749,2025-04-21 15:00:07.886957,0 days 00:00:11.967208,0.45081619480920143,0.5718630255162932,2,0.059738963689973466,0.09854015630102883,0.011348815069587495,0.07047136568684371,0.022847597321103405,0.030980378203366788,0.045730051493357425,11,150,0.02562051666485477,0.0706501663911802,True,False,True,2.0983896557141936e-06,COMPLETE
763,0.5825037479400635,2025-04-21 15:00:08.137342,2025-04-21 15:00:19.077826,0 days 00:00:10.940484,0.49621984799752805,0.6067911941435516,2,0.036241404422661355,0.09377913430601802,0.02103215305659098,0.013171582349833752,0.026568796453645464,0.02030132270383819,0.022119164138722093,9,147,0.03264884967444234,0.05938092414673536,True,False,True,6.863091218150877e-05,COMPLETE
764,0.538296115398407,2025-04-21 15:00:19.315161,2025-04-21 15:00:29.167844,0 days 00:00:09.852683,0.5413210760546899,0.549268341605279,2,0.04479650349038132,0.06417724646447635,0.014177884272110143,0.07425687791926644,0.02829850924170148,0.009785204990645084,0.03571648428581621,7,142,0.029078798898316594,0.05181419951681212,True,False,True,3.757625013691538e-05,COMPLETE
765,0.3591408014297485,2025-04-21 15:00:29.415772,2025-04-21 15:00:39.830761,0 days 00:00:10.414989,0.4687764646715588,0.6272010549740621,2,0.027216723848022168,0.08539905804619201,0.016378219563988997,0.06793719638883576,0.024839499218016696,0.051966091442442186,0.04959911871129281,8,145,0.007252849631771939,0.01029466511902239,True,True,True,9.65612910552678e-05,COMPLETE
766,0.3392174482345581,2025-04-21 15:00:40.065965,2025-04-21 15:00:51.545523,0 days 00:00:11.479558,0.5228451028059212,0.5859398731898795,2,0.2041756190200134,0.07924784411542687,0.01128192843400016,0.02094783733975372,0.022473945059096022,0.08195662998890108,0.015918741746187032,10,150,0.030986843665153332,0.09642681978306064,True,False,True,0.00024785827651632036,COMPLETE
767,0.3827694058418274,2025-04-21 15:00:51.791473,2025-04-21 15:01:04.696680,0 days 00:00:12.905207,0.5955126783855592,0.6737523968668604,2,0.03951299378752504,0.10184521105458824,0.03944399913436114,0.03004515187666622,0.03043528989509959,0.09997297762104017,0.026123410554833294,10,140,0.0347508633201678,0.020256847008695483,True,False,False,5.041881860031951e-05,COMPLETE
768,0.39116873741149905,2025-04-21 15:01:04.948385,2025-04-21 15:01:11.048743,0 days 00:00:06.100358,0.4823409512722011,0.6081196296776404,16,0.032580745697726864,0.07384623652343668,0.05267878724589336,0.007699431212521821,0.032977524644724976,0.06250985679089516,0.041513301516069315,6,147,0.023876570717969895,0.07543338929418927,True,False,True,0.0001503767007442446,COMPLETE
769,0.5199495315551759,2025-04-21 15:01:11.287181,2025-04-21 15:01:21.673830,0 days 00:00:10.386649,0.5054757366127443,0.5655608912506722,2,0.04975330185889996,0.08967908763044882,0.013483576563622084,0.011818663147751986,0.019219438082717553,0.08312832429533525,0.0300444319216245,8,136,0.02771834842225421,0.032015190710678564,True,False,True,0.00011197954867522947,COMPLETE
770,0.4479260802268982,2025-04-21 15:01:21.923814,2025-04-21 15:01:32.812368,0 days 00:00:10.888554,0.4604194853737822,0.5118860342889043,2,0.06637846415889302,0.14735072853894624,0.010014088867158159,0.06493569204969295,0.025818485105333817,0.08040991378765333,0.05548881772346261,9,143,0.030164941889948848,0.03935416141728493,True,False,True,6.188477847930915e-05,COMPLETE
771,0.5814304351806641,2025-04-21 15:01:33.062130,2025-04-21 15:01:44.557455,0 days 00:00:11.495325,0.49110165200550226,0.5324257018010206,2,0.057537069177295945,0.10879944428188751,0.09766940892640845,0.014193759907313423,0.023715953415794192,0.04928748636299433,0.03534728410345188,10,145,0.032664292234092326,0.0669487616627655,True,False,True,3.0145342180512546e-05,COMPLETE
772,0.526611042022705,2025-04-21 15:01:44.797870,2025-04-21 15:01:56.780000,0 days 00:00:11.982130,0.34117954108938414,0.5970968485960105,2,0.04421291792899654,0.09323959773831214,0.018584568904777624,0.06196686582466786,0.021129326024737157,0.07817497459775627,0.05051142690797608,11,148,0.026223110873990835,0.0915257752394063,True,False,True,7.59658898395392e-05,COMPLETE
773,0.5164481043815613,2025-04-21 15:01:57.029200,2025-04-21 15:02:06.881339,0 days 00:00:09.852139,0.4406045465193928,0.6441043901465412,2,0.025665163528715933,0.08443797898825083,0.015485007162105815,0.05727466225777178,0.02822380223607231,0.0845201826725424,0.020398348851203986,7,139,0.02000072714942524,0.10198081959922495,True,False,True,4.260300220435254e-05,COMPLETE
774,0.3543726563453674,2025-04-21 15:02:07.122683,2025-04-21 15:02:13.901934,0 days 00:00:06.779251,0.534041180633871,0.5580158613361822,8,0.03500785108489539,0.04146624025574293,0.012529683446548189,0.01882638842142003,0.02653479681225084,0.052676807422902885,0.04078289681953208,9,150,0.02865993898468237,0.08450495058855788,False,False,True,0.00012950751695360292,COMPLETE
775,0.38748247623443605,2025-04-21 15:02:14.151469,2025-04-21 15:02:24.563646,0 days 00:00:10.412177,0.5115604575547321,0.5809462329979045,2,0.050456714791149666,0.0968679429329043,0.044596781532263756,0.009580762100875093,0.024188399129472543,0.015544955931309251,0.02676606111275926,8,142,0.031209733888368524,0.06073593007568816,True,False,True,2.444214825584061e-05,COMPLETE
776,0.5924153566360474,2025-04-21 15:02:24.816971,2025-04-21 15:02:35.815005,0 days 00:00:10.998034,0.4694861877334161,0.615479448111205,2,0.04074761883875024,0.0803570796657559,0.010630650193190157,0.016837802362258552,0.018951284132040058,0.03508974967105103,0.06296552048787299,9,145,0.03398310649944542,0.0484038258353964,True,False,True,0.00016747844677788944,COMPLETE
777,0.4917656898498535,2025-04-21 15:02:36.052971,2025-04-21 15:02:47.038370,0 days 00:00:10.985399,0.5613560695091501,0.6415964288389534,2,0.042701736049413706,0.06997503577712974,0.009962708172491294,0.01686761771920318,0.01815796204214102,0.03534368593231393,0.0637582173722111,9,132,0.035194908113517095,0.04600201240135171,True,False,True,0.00019426357496543702,COMPLETE
778,0.32233628034591677,2025-04-21 15:02:47.290396,2025-04-21 15:02:58.133415,0 days 00:00:10.843019,0.48867520542194304,0.6234293793212027,2,0.04901832737936614,0.07769354830998979,0.007308087274614155,0.014872244709053633,0.018866701454406786,0.006234793270501054,0.08377767825395849,9,140,0.03805456941533813,0.05133680957459878,True,False,True,0.0001800821638223619,COMPLETE
779,0.593911325931549,2025-04-21 15:02:58.389410,2025-04-21 15:03:09.295406,0 days 00:00:10.905996,0.4470594153536382,0.6731828027433189,2,0.04160177665783915,0.06747146214313077,0.01192641387890818,0.014986706488053773,0.020276107699078092,0.010736784504986652,0.06158696108601036,9,137,0.03598157616681381,0.049411780054800125,True,False,True,0.0003002887945095578,COMPLETE
780,0.4741060495376587,2025-04-21 15:03:09.535754,2025-04-21 15:03:20.468213,0 days 00:00:10.932459,0.4331901093522815,0.7018351727810769,2,0.05729599086297552,0.05086435503961525,0.010415633965732545,0.01566742279561967,0.01865720882404294,0.022743330367088668,0.056106789988149615,9,135,0.036783556823929434,0.0454232660337648,True,False,True,0.00019141351196390332,COMPLETE
781,0.41157289743423464,2025-04-21 15:03:20.723366,2025-04-21 15:03:31.582210,0 days 00:00:10.858844,0.4079046127081962,0.692167409804587,2,0.04639457346176315,0.06086726586781185,0.011624796794692785,0.013976884393338215,0.01699268468594129,0.013737057801605952,0.06150981126033201,9,134,0.039480148198795875,0.05161160138762,True,False,True,0.0006839000053318869,COMPLETE
782,0.40227458477020267,2025-04-21 15:03:31.839846,2025-04-21 15:03:42.789453,0 days 00:00:10.949607,0.4475109875734034,0.6504336165240043,2,0.05427291819498754,0.058403754876828244,0.007238033449882447,0.017437730143890294,0.01982390092173447,0.010877303769938161,0.04895636772831393,9,139,0.03647161077271446,0.05132529200684545,True,False,True,0.0004079919880975567,COMPLETE
783,0.605079746246338,2025-04-21 15:03:43.031486,2025-04-21 15:03:54.011503,0 days 00:00:10.980017,0.41415221459316287,0.6690158838482979,2,0.041285013559417216,0.06489698413471404,0.00978404208105266,0.01290569884259409,0.017136982345760134,0.010382016019611423,0.06413056666118525,9,137,0.03454262362799632,0.0412276568910331,True,False,True,0.0003671786571799605,COMPLETE
784,0.4343880534172059,2025-04-21 15:03:54.265992,2025-04-21 15:04:04.642961,0 days 00:00:10.376969,0.40578498798602014,0.677542585867166,2,0.0414863114030117,0.06283399190762165,0.005107653526656379,0.015323592988922705,0.016609949517653343,0.013047568990591476,0.07618475665305346,8,131,0.03795621230103732,0.04869800989989729,True,False,True,0.00032539452261171487,COMPLETE
785,0.28286103010177616,2025-04-21 15:04:04.898671,2025-04-21 15:04:15.303831,0 days 00:00:10.405160,0.3871828140787186,0.7278060987303637,2,0.050392437721758936,0.06643042487461834,0.00947812845455889,0.012296736488082813,0.01731986418990203,0.011528564970296891,0.07004657772151415,8,132,0.036581379434829135,0.038538945836703115,True,True,True,0.0005324350950562933,COMPLETE
786,0.5299040675163269,2025-04-21 15:04:15.544986,2025-04-21 15:04:26.451989,0 days 00:00:10.907003,0.4020665209781063,0.7037179163295579,2,0.04483458084977158,0.07006598292556662,0.008687877504790883,0.013989777026621833,0.016960363275199057,0.009314654820925432,0.08440559582992774,9,135,0.03593811479999994,0.04397462656494178,True,False,True,0.00023351751437203296,COMPLETE
787,0.41657869815826415,2025-04-21 15:04:26.705767,2025-04-21 15:04:38.812654,0 days 00:00:12.106887,0.4320681062334595,0.7017038117815533,2,0.041063945996183904,0.05003476492704199,0.006501959358395731,0.016867751376970382,0.01829086046719494,0.008699271984632655,0.06661875022694068,9,131,0.034915067497862155,0.03847791037800056,True,False,False,0.0005980616455648448,COMPLETE
788,0.44842063784599306,2025-04-21 15:04:39.057361,2025-04-21 15:04:45.840182,0 days 00:00:06.782821,0.4261013927658919,0.6607108427649664,8,0.05976347560177245,0.06254967138170182,0.00961345265161363,0.015265626298317445,0.02001196023685773,0.011336862045783809,0.05661655383454507,8,137,0.03433948152585741,0.045173283471780505,True,False,True,0.0007369720627122939,COMPLETE
789,0.5643471598625184,2025-04-21 15:04:46.094342,2025-04-21 15:04:56.984231,0 days 00:00:10.889889,0.41434321700616833,0.7137924018685543,2,0.05140270597783217,0.06734151798113928,0.007652874419513043,0.012006572258238934,0.014916712726018053,0.017924155469676097,0.06270141696875514,9,136,0.03557188759229961,0.0549325897755229,True,False,True,0.0002627882650606811,COMPLETE
790,0.5360432863235474,2025-04-21 15:04:57.242391,2025-04-21 15:05:07.638472,0 days 00:00:10.396081,0.3831211373519014,0.6940300076292966,2,0.04642702308338065,0.05916496712507707,0.0025503093158804465,0.018328667494831273,0.01570824317695243,0.016691118043094342,0.08399006628464535,8,134,0.04051877931619077,0.04012013507543861,True,False,True,0.00024358756716467668,COMPLETE
791,0.4206372976303101,2025-04-21 15:05:07.887151,2025-04-21 15:05:18.746747,0 days 00:00:10.859596,0.43962184400615295,0.6632207022356122,2,0.03845667396527083,0.05464425307917649,0.01131237440851235,0.013628463544079981,0.0195750540353523,0.005757434650735426,0.04755637858540998,9,138,0.03712072837185938,0.03649253862641147,True,False,True,0.00047188662876198803,COMPLETE
792,0.34662899374961853,2025-04-21 15:05:19.004041,2025-04-21 15:05:26.642338,0 days 00:00:07.638297,0.4026826978194152,0.7327396925284675,16,0.07510120895284937,0.05358475338699703,0.005696903519058281,0.01664081331119492,0.01793789460909339,0.009405391603980705,0.07245084739890578,22,129,0.04212337251983704,0.2642658121836392,True,False,True,0.00037078725163696753,COMPLETE
793,0.31405586600303653,2025-04-21 15:05:26.903199,2025-04-21 15:05:41.480199,0 days 00:00:14.577000,0.42826096604734826,0.6763484760252274,2,0.06352137353809802,0.06683514620050492,0.009547816010935704,0.014545668726168583,0.02041459102856192,0.014557855816729555,0.00023511886249894047,16,127,0.033393774892366196,0.05507703853148385,True,False,True,0.0003754014787207687,COMPLETE
794,0.2896544694900513,2025-04-21 15:05:41.724649,2025-04-21 15:05:52.564357,0 days 00:00:10.839708,0.4200686268114714,0.6763588343894927,2,0.05524791712856715,0.07268700203666245,0.012090184663261826,0.019154588432013467,0.020951003667065718,0.011242869827124172,0.05297419408593084,9,137,0.03879175701117525,0.04279301025238716,False,False,True,0.0003158353356410075,COMPLETE
795,0.3975944995880127,2025-04-21 15:05:52.822592,2025-04-21 15:06:03.199497,0 days 00:00:10.376905,0.45429129355635095,0.6724239379131215,2,0.04129906200856321,0.06643738944979899,0.008325996596377352,0.012191442455947683,0.015903305897295637,0.009005546473232274,0.06170161715399672,8,137,0.03423627220828788,0.04877342898237118,True,False,True,0.00020004608530160056,COMPLETE
796,0.5684812188148498,2025-04-21 15:06:03.458212,2025-04-21 15:06:14.378328,0 days 00:00:10.920116,0.365606359854609,0.6604470216063594,2,0.046550550544573244,0.07330207825909131,0.011059389490704617,0.015967928716412914,0.01937001334925815,0.0071297334781379035,0.04483118507322845,9,140,0.03380019578426524,0.033456463468897746,True,False,True,0.0004427783549595821,COMPLETE
