number,value,datetime_start,datetime_complete,duration,params_alpha-eval,params_alpha-train,params_batch-size,params_eps-eval,params_eps-train,params_lambda-actions-eval,params_lambda-actions-train,params_lambda-frames-eval,params_lambda-frames-train,params_learning-rate,params_n-epochs,params_n-frames,params_radius-gw,params_rho,params_std-feats,params_ub-actions,params_ub-frames,params_weight-decay,state
911,0.5292938232421875,2025-04-21 15:28:01.493769,2025-04-21 15:28:13.248116,0 days 00:00:11.754347,0.4521568894116313,0.5763751682400867,2,0.07531633663409898,0.07289977591237985,0.016693041214380297,0.0540261853363797,0.024179438710337876,0.08704915352322587,0.017592830890439,11,54,0.031887214212966905,0.049844422610455026,True,False,True,0.00021050669936735277,COMPLETE
912,0.3819021821022034,2025-04-21 15:28:13.543563,2025-04-21 15:28:24.425672,0 days 00:00:10.882109,0.4900860500685825,0.5048555380785148,2,0.03608818455437828,0.09197372805302981,0.007650969282628409,0.045822012467496724,0.021129005415637,0.08270678489968797,0.03849386549289674,9,141,0.028891353639895367,0.016761596177021013,True,False,True,0.0002924581793102279,COMPLETE
913,0.4343440055847168,2025-04-21 15:28:24.723714,2025-04-21 15:28:31.773436,0 days 00:00:07.049722,0.4094528873487342,0.578444115075058,8,0.06299761265542314,0.058878419804967934,0.00974799367621312,0.06966093489446426,0.015445419210622084,0.0073683178909128965,0.07652181095016213,10,121,0.034432216329914,0.05813025060236467,True,False,True,1.1656252624627215e-08,COMPLETE
914,0.49364024400711065,2025-04-21 15:28:32.086929,2025-04-21 15:28:43.080550,0 days 00:00:10.993621,0.5101244952992425,0.5420887669426656,2,0.02886049511853095,0.07857769300255706,0.0187664289222082,0.05615325420205678,0.020002169134785995,0.08025021469399461,0.04808216163118413,9,144,0.026208716571289203,0.044781415844715726,True,False,True,0.00016309241046241275,COMPLETE
915,0.49683145284652713,2025-04-21 15:28:43.362947,2025-04-21 15:28:53.740049,0 days 00:00:10.377102,0.46601465185703345,0.4815006473482847,2,0.04141091742267725,0.08479880138444013,0.013881705990062583,0.008561204390698848,0.02430730286799162,0.09028891853852887,0.060336082189185535,8,124,0.030609665371413717,0.03568808275837916,True,False,True,0.00010119310970445921,COMPLETE
916,0.49796230792999274,2025-04-21 15:28:54.034936,2025-04-21 15:29:05.467994,0 days 00:00:11.433058,0.43782950764277784,0.5607038161459168,2,0.05179185936958385,0.09672231151571176,0.01109226378846847,0.010834226888503135,0.02285783052622072,0.08441442790701013,0.08471669758473038,10,148,0.0193806878290692,0.06457428203079671,True,False,True,2.106501991233008e-05,COMPLETE
917,0.5765479445457459,2025-04-21 15:29:05.765446,2025-04-21 15:29:16.664557,0 days 00:00:10.899111,0.5265546897274638,0.5824438945512211,2,0.019217619041453627,0.06776169035762276,0.02326501877112425,0.0064296661056452,0.01769951997094953,0.09390512268437033,0.045489748991732054,9,141,0.032681369910110426,0.030087739036373202,True,False,True,1.3288214655036205e-05,COMPLETE
918,0.38964959383010866,2025-04-21 15:29:16.965954,2025-04-21 15:29:28.468732,0 days 00:00:11.502778,0.5930728748899761,0.5222930918173481,2,0.09469018005471347,0.08966343702824,0.006013006852370401,0.07325930443131404,0.05222338228552534,0.009607906404662109,0.03941562027923528,10,150,0.027827096221983375,0.05881891198106473,True,True,True,1.8047988229986061e-06,COMPLETE
919,0.5906886458396912,2025-04-21 15:29:28.754192,2025-04-21 15:29:39.239766,0 days 00:00:10.485574,0.482565482393675,0.5470834783082478,2,0.048063424055086484,0.1012184962652077,0.015432017933513979,0.0016412549920113229,0.025636007864531647,0.012550754657162488,0.022142953106025227,8,145,0.03034460122783518,0.04790457353137822,True,False,True,3.2957649165657396e-05,COMPLETE
920,0.47197602987289433,2025-04-21 15:29:39.538452,2025-04-21 15:29:49.985853,0 days 00:00:10.447401,0.45680683324389293,0.5458201784543065,2,0.0579861373964708,0.180934935972754,0.01812598297744211,0.0049696494919805635,0.026342607948424315,0.012946947287477192,0.022247623284569338,8,138,0.026163180623770564,0.04773895333332414,True,False,True,3.2609095571784975e-05,COMPLETE
921,0.36937353610992435,2025-04-21 15:29:50.282069,2025-04-21 15:30:01.625028,0 days 00:00:11.342959,0.4757870920715504,0.5263225036540453,2,0.07117528813976469,0.10121986893562859,0.016257458470521326,0.004322177588084702,0.027055651881736035,0.010738195668055181,0.015972615491589112,8,79,0.029114309271365525,0.046142990754628424,True,False,False,3.982157511593021e-05,COMPLETE
922,0.47775230407714847,2025-04-21 15:30:01.927797,2025-04-21 15:30:12.900449,0 days 00:00:10.972652,0.4484440539492115,0.5500203869612683,2,0.05003822812673807,0.10376073317407464,0.015618484598582106,0.004808285132822094,0.029799131054789336,0.012930407356377701,0.017963681014500153,9,142,0.02505082937169191,0.040835168354698324,True,False,True,2.6375446708545246e-05,COMPLETE
923,0.47484391927719116,2025-04-21 15:30:13.185749,2025-04-21 15:30:24.128220,0 days 00:00:10.942471,0.4673634429312977,0.505074935617049,2,0.06469887961690586,0.10168833885462095,0.019890815555714068,0.0037969912843248063,0.025724064542744136,0.010876394610737014,0.018095194992815134,9,132,0.02780880045749589,0.04237968105428962,True,False,True,3.166022994153638e-05,COMPLETE
924,0.520451831817627,2025-04-21 15:30:24.427178,2025-04-21 15:30:36.353348,0 days 00:00:11.926170,0.4249510660193348,0.5373823335843719,2,0.037038311547181735,0.09821294004641563,0.014575120797252128,0.006932988830466927,0.02716675481492382,0.011764240224052971,0.022702230167772054,11,140,0.030243627341639757,0.04879578788752251,True,False,True,3.727177275435449e-05,COMPLETE
925,0.29194654822349553,2025-04-21 15:30:36.653612,2025-04-21 15:30:42.811526,0 days 00:00:06.157914,0.4852238301850243,0.561027824263341,16,0.05537901132750256,0.10805541920874377,0.01707800307042084,0.007687405537024696,0.013104865938470135,0.006202601931607433,0.021037021524117423,9,12,0.02948944683564002,0.05435977021468394,True,False,True,2.5992420257622354e-05,COMPLETE
926,0.4686436653137207,2025-04-21 15:30:43.114236,2025-04-21 15:30:49.906043,0 days 00:00:06.791807,0.49270255345807,0.5166929808640304,8,0.030565290187585425,0.09494148941841415,0.013611415831079025,0.0012086708528837612,0.025048558295879687,0.013641341476210747,0.01344011684183657,8,145,0.024091405915339544,0.03566992895073363,True,False,True,4.5003422842812064e-05,COMPLETE
927,0.4577089428901673,2025-04-21 15:30:50.191361,2025-04-21 15:31:02.511147,0 days 00:00:12.319786,0.4394272895281981,0.559820626082609,2,0.045872546692682314,0.10072952075302612,0.014718926974020451,0.004769200341330271,0.014963240794939062,0.009460542129648123,0.018544506640860717,12,143,0.027790525581346443,0.050509103519735185,False,False,True,2.3041478514209863e-05,COMPLETE
928,0.565565836429596,2025-04-21 15:31:02.808271,2025-04-21 15:31:13.769272,0 days 00:00:10.961001,0.46771066533158645,0.7332747007702927,2,0.02416732338281433,0.09356018954280894,0.021525955159270086,0.0011559954180394242,0.018586962069478952,0.01550182000664781,0.02304489926258394,9,135,0.031291273011224925,0.027733312416490342,True,False,True,3.108350584294848e-05,COMPLETE
929,0.3881386160850525,2025-04-21 15:31:14.069405,2025-04-21 15:31:24.367420,0 days 00:00:10.298015,0.4555618759888265,0.9536617153807988,2,0.03873513773660719,0.07506602711643078,0.01868180216856645,0.05017842337291677,0.020740763736022808,0.014753692183334674,0.07019400689305189,8,66,0.02632655271115919,0.04079505751902733,True,False,True,4.391752917171809e-05,COMPLETE
930,0.4915839910507202,2025-04-21 15:31:24.670986,2025-04-21 15:31:36.066086,0 days 00:00:11.395100,0.40741059217633413,0.5338433422756227,2,0.056403416698005956,0.09274096226207085,0.012429776456076402,0.004105349329578187,0.031432944165456514,0.006798222476919829,0.016552868649881352,10,144,0.020708002754805055,0.051441946138657414,True,False,True,1.8562095545622798e-05,COMPLETE
931,0.6019375085830688,2025-04-21 15:31:36.352387,2025-04-21 15:31:47.789266,0 days 00:00:11.436879,0.4832288067166873,0.5715204003201619,2,0.048186593162655715,0.24788479155804094,0.016350759891781558,0.05950735645673006,0.02870162094032886,0.00864153818512584,0.020651001782540687,10,139,0.030256591443019804,0.05551235582139801,True,False,True,2.5646519479697592e-05,COMPLETE
932,0.30894798040390015,2025-04-21 15:31:48.088809,2025-04-21 15:32:00.095576,0 days 00:00:12.006767,0.977773590921245,0.580532382886146,2,0.06369246156386459,0.2794957977109478,0.01802247946730983,0.0596068528590193,0.028695227826832564,0.009207627364139367,0.014057166563756118,11,137,0.03188970190871222,0.05683118521382246,True,False,True,1.9363575663624002e-05,COMPLETE
933,0.568077027797699,2025-04-21 15:32:00.400492,2025-04-21 15:32:11.889494,0 days 00:00:11.489002,0.4969122922632484,0.579116370967366,2,0.053695269238925286,0.26615449941702285,0.020766404937529816,0.002057137760357689,0.02660236650845489,0.007405622656264446,0.01179440616975391,10,132,0.03615897162927433,0.05912246326782474,True,False,True,2.04819136140133e-05,COMPLETE
934,0.36871478557586673,2025-04-21 15:32:12.196039,2025-04-21 15:32:24.237756,0 days 00:00:12.041717,0.42675409139223586,0.49426809324367826,2,0.059451357918909487,0.289260021000863,0.016444846992252897,0.061181624041485666,0.02482492703912897,0.00934078854269032,0.015993084817886284,11,134,0.03351430238334658,0.054145323893456526,True,False,True,2.8045379180754076e-05,COMPLETE
935,0.3833945393562317,2025-04-21 15:32:24.544426,2025-04-21 15:32:35.990767,0 days 00:00:11.446341,0.5041497662322578,0.5901181878310342,2,0.049594554495041715,0.06612809537655504,0.03017609349843499,0.05929135898777127,0.006986224457002185,0.004947930514692048,0.01755472771122873,10,136,0.03051649252411033,0.06385772295206898,True,False,True,1.6924639666573605e-05,COMPLETE
936,0.529410994052887,2025-04-21 15:32:36.277898,2025-04-21 15:32:48.210756,0 days 00:00:11.932858,0.48019085240414583,0.4658068789892524,2,0.046680195863386426,0.2495387614209811,0.01937450513807741,0.0012724170737668798,0.028138532272471598,0.008134113929564077,0.02081557890447465,11,139,0.03149913649363484,0.05432735588597138,True,False,True,1.5232527762853255e-05,COMPLETE
937,0.4136670112609864,2025-04-21 15:32:48.511964,2025-04-21 15:33:00.561254,0 days 00:00:12.049290,0.4485857287386263,0.5674588822053053,2,0.05328345983643009,0.06127407801874412,0.01642033540253124,0.05721197796516309,0.029541122232722275,0.010099049635826036,0.08805641731126075,11,139,0.03419722475601215,0.060350010913526785,True,False,True,2.0281673617234297e-05,COMPLETE
938,0.426297128200531,2025-04-21 15:33:00.864964,2025-04-21 15:33:07.789867,0 days 00:00:06.924903,0.46999749615554026,0.5399893941122896,8,0.06623079051798575,0.14253715181723553,0.012198065317960052,0.05552584590767935,0.009747684684150496,0.009233315797262066,0.09944450647183171,10,39,0.030195468130102442,0.04807968383856481,True,False,True,2.281347342280061e-05,COMPLETE
939,0.28286103010177616,2025-04-21 15:33:08.104141,2025-04-21 15:33:19.466643,0 days 00:00:11.362502,0.3956878548184775,0.5108068928795798,2,0.05971128566585895,0.0801680158573724,0.01356522814978961,0.06050006397074281,0.022313205737836336,0.011226313709852744,0.020048644164423885,10,130,0.05576715470207086,0.05642600148827473,True,True,False,2.41506861360838e-05,COMPLETE
940,0.378627347946167,2025-04-21 15:33:19.760983,2025-04-21 15:33:32.266108,0 days 00:00:12.505125,0.5059686157536383,0.5485546586051501,2,0.04704036230221447,0.18834760226072655,0.010838910318519232,0.06508390692278851,0.025262414137405098,0.0071150329866489555,0.06662027224191762,12,136,0.039472326853431126,0.04794708538010907,True,False,True,2.9077332029907105e-05,COMPLETE
941,0.5300306439399719,2025-04-21 15:33:32.572222,2025-04-21 15:33:44.700985,0 days 00:00:12.128763,0.4433076789747159,0.5940110834055334,2,0.042676391601486965,0.07092028010172295,0.017272758290246777,0.06426062693743137,0.01634666134064498,0.005245087471319642,0.056089184468720826,11,140,0.029043150269265884,0.06213552587846744,True,False,True,2.6465526045887577e-05,COMPLETE
942,0.5700100779533387,2025-04-21 15:33:45.007274,2025-04-21 15:33:56.453972,0 days 00:00:11.446698,0.49844562976057405,0.5704117604131866,2,0.07181546657051317,0.22913237133516623,0.015776505393723956,0.05827728437302215,0.027435003296416224,0.012602815900315503,0.015014907346070742,10,141,0.032717857513797216,0.05572930004233013,True,False,True,1.441222630293886e-05,COMPLETE
943,0.5860403299331666,2025-04-21 15:33:56.763071,2025-04-21 15:34:08.295127,0 days 00:00:11.532056,0.481595622722631,0.5277585887418538,2,0.05319954902354373,0.22256397051706167,0.02354191692816294,0.06175257886374725,0.02346009476120704,0.007361883070649378,0.07099782575600766,10,137,0.03003898465012121,0.05136847561177842,True,False,True,9.403662426155968e-06,COMPLETE
944,0.5427990913391113,2025-04-21 15:34:08.603024,2025-04-21 15:34:19.992631,0 days 00:00:11.389607,0.4165313866977362,0.5901860600664867,2,0.01798804525570532,0.217854406632062,0.01252751649166968,0.001321321122292711,0.019384675890266496,0.011625054032169423,0.011826477389339875,10,142,0.03611079143935648,0.06723878503730632,True,False,True,1.1252474429062368e-05,COMPLETE
945,0.47588527202606207,2025-04-21 15:34:20.283312,2025-04-21 15:34:31.234099,0 days 00:00:10.950787,0.4665726852507827,0.558194514833793,2,0.04872018853063672,0.07624543200504771,0.01034361069261567,0.06301162958552785,0.02175307171773525,0.007813637616468097,0.022951560891804085,9,146,0.027232791741207428,0.006880379711358568,True,False,True,0.000495895857765981,COMPLETE
946,0.31408770084381105,2025-04-21 15:34:31.539936,2025-04-21 15:34:43.413339,0 days 00:00:11.873403,0.6781943065094753,0.4875654462240607,2,0.04259381257162314,0.08366526071741243,0.014807939740463507,0.057813920145837305,0.01359099137216992,0.0033562909117383494,0.05804514849153156,11,134,0.03290613013303575,0.0462641564429301,False,False,True,3.3789636240557585e-05,COMPLETE
947,0.5002324104309083,2025-04-21 15:34:43.718153,2025-04-21 15:34:49.955137,0 days 00:00:06.236984,0.4555264329099422,0.09432888450233479,16,0.03242503974548598,0.176831142681461,0.01885279992911003,0.0634718201804624,0.017644166536241405,0.009464230236904613,0.0772737637487105,9,19,0.02266321016593251,0.04415221265439642,True,False,True,1.7017841343952203e-05,COMPLETE
948,0.5103037357330322,2025-04-21 15:34:50.262575,2025-04-21 15:35:01.831802,0 days 00:00:11.569227,0.514538976673217,0.5767595987577511,2,0.05801083899530735,0.2711292596431796,0.011680729617452871,0.05381767847650623,0.025265185969972282,0.09998960682514464,0.019904293756034527,10,139,0.0314109383550562,0.05785413077897604,True,False,True,2.853115290496543e-06,COMPLETE
949,0.49040820598602297,2025-04-21 15:35:02.124446,2025-04-21 15:35:12.390244,0 days 00:00:10.265798,0.38167357381785105,0.5997225336541993,2,0.0490028962167423,0.06875309603565845,0.008999787461832049,0.002786660806562393,0.023385499472924315,0.08767071455447668,0.053361722478704764,8,112,0.028899089110429838,0.014810749447733028,True,False,True,2.367471700722656e-05,COMPLETE
950,0.3920374155044556,2025-04-21 15:35:12.694670,2025-04-21 15:35:24.323462,0 days 00:00:11.628792,0.48594082351455536,0.5438783266939894,2,0.041574423394810975,0.08582531831674135,0.013971308081750976,0.06180084941855615,0.02037832815550958,0.011081811524465208,0.06382709648201093,10,142,0.0010974033259440533,0.052157625432415644,True,False,True,1.2103108899531041e-05,COMPLETE
951,0.41883541345596315,2025-04-21 15:35:24.630526,2025-04-21 15:35:31.575425,0 days 00:00:06.944899,0.4320548634207536,0.4284006991668506,8,0.07872594876067894,0.16387579593966412,0.011477967067607104,0.0028535643731349893,0.02732736193824847,0.005955904493632047,0.07954098231890391,9,147,0.04915879121773542,0.06192398452442194,True,False,True,3.394877030960985e-05,COMPLETE
952,0.38734213113784793,2025-04-21 15:35:31.883864,2025-04-21 15:35:47.179537,0 days 00:00:15.295673,0.49730470362648443,0.5164304625451098,2,0.026698401197950514,0.011759878096299067,0.027052986629336726,0.05871202207652615,0.02964101328409499,0.09698543376278618,0.026449071693667007,17,144,0.034590472931462536,0.020326210570182572,True,False,True,2.8112057963737855e-05,COMPLETE
953,0.6135411024093628,2025-04-21 15:35:47.488838,2025-04-21 15:35:58.440002,0 days 00:00:10.951164,0.4629955872202859,0.5667658458214513,2,0.03445500300737551,0.051131688229760455,0.016196391288919275,0.056699287664325256,0.016225659058539524,0.0047499894361154255,0.05028015375898521,9,150,0.025551897565108152,0.09045862819454181,True,False,True,0.000383023296484004,COMPLETE
954,0.5211068511009217,2025-04-21 15:35:58.733055,2025-04-21 15:36:09.649494,0 days 00:00:10.916439,0.513699170021195,0.5522957356891647,2,0.034104201481090904,0.19940677672264728,0.020273796016298414,0.05334978937228286,0.011816568912032388,0.0057693528007033874,0.046396576970952126,9,150,0.02223163652940228,0.08997813148029907,True,False,True,0.0005146452439260504,COMPLETE
955,0.49498882293701174,2025-04-21 15:36:09.958744,2025-04-21 15:36:21.458816,0 days 00:00:11.500072,0.4755186517841698,0.5239329215245825,2,0.038726767314372065,0.04530484425793569,0.01757779633229612,0.056032493282045064,0.014249719312569024,0.006306265512694127,0.0426385102060556,10,150,0.023482257952398937,0.09113379211153205,True,False,True,0.00035298888706550714,COMPLETE
956,0.5851694822311402,2025-04-21 15:36:21.765463,2025-04-21 15:36:33.150589,0 days 00:00:11.385126,0.49158848062625576,0.5674137888912422,2,0.03389191719139349,0.026629945645838482,0.019877325309183107,0.05278394276577304,0.01599554681446017,0.009603097904727475,0.052460033648073695,10,150,0.025043072359234232,0.08586448715661928,True,False,True,0.00042884368598163585,COMPLETE
957,0.5769315361976624,2025-04-21 15:36:33.458494,2025-04-21 15:36:44.412292,0 days 00:00:10.953798,0.4555914397326351,0.5350213285706489,2,0.040053780276865236,0.048746738739409434,0.017602042645480834,0.0557220170539756,0.013375245060719477,0.005773167430787443,0.02472096833850323,9,147,0.025675155557543808,0.09762019469342828,True,False,True,0.0003705647548150141,COMPLETE
958,0.3428219497203827,2025-04-21 15:36:44.726831,2025-04-21 15:36:56.280381,0 days 00:00:11.553550,0.9192513478435345,0.7614588003447225,2,0.04567474957287841,0.06260739005882728,0.022123669912648043,0.05381925996753481,0.003536158648857167,0.007199569890562653,0.03435454321767123,10,148,0.020875464508896116,0.09217074865844029,True,False,True,0.0005510909888095809,COMPLETE
959,0.28286103010177616,2025-04-21 15:36:56.576407,2025-04-21 15:37:08.519373,0 days 00:00:11.942966,0.5252591548876758,0.5474278168982859,2,0.05334661217218367,0.036825859544701536,0.016511238098824613,0.0514004027466489,0.016698747713307413,0.0023818748312613366,0.001062000005053308,11,150,0.02529734540637008,0.09121876101265321,True,True,False,8.422426486451098e-06,COMPLETE
960,0.4430993616580964,2025-04-21 15:37:08.826732,2025-04-21 15:37:19.694100,0 days 00:00:10.867368,0.3605236057224486,0.5682000271650303,2,0.03344756938193813,0.0513575276543059,0.015267912720410552,0.08234430047585967,0.014940453733627347,0.0026166432507156853,0.017587187278656324,9,147,0.010098103499056536,0.10192528142831853,True,False,True,0.0003919149811485756,COMPLETE
961,0.39071886539459233,2025-04-21 15:37:20.006488,2025-04-21 15:37:36.404875,0 days 00:00:16.398387,0.4757800389074952,0.5013811642277782,2,0.043721363899157345,0.05188359017303143,0.018921052312103948,0.0523682579600963,0.010683464223416931,0.012430917608706737,0.050401448827255786,19,147,0.023338324991903237,0.09573599948911085,True,False,True,0.00038829595446209913,COMPLETE
962,0.5260117530822754,2025-04-21 15:37:36.719230,2025-04-21 15:37:48.219213,0 days 00:00:11.499983,0.43726030436231145,0.5362127199156048,2,0.06187287068327675,0.20952424995925614,0.015996971658304573,0.04886844870830706,0.01593747107363612,0.006005247450239551,0.04083409825328469,10,150,0.026749492385996162,0.08635198490603715,True,False,True,0.0006554918399135336,COMPLETE
963,0.5064152717590332,2025-04-21 15:37:48.535677,2025-04-21 15:37:59.469743,0 days 00:00:10.934066,0.5115762270131339,0.5622835858731345,2,0.03709659073948224,0.04410023129800781,0.014411937787469707,0.05701336986178845,0.012531840646704241,0.00886759761008573,0.022195234116833887,9,144,0.024248218610241262,0.08719716729763534,True,False,True,0.0004868733942301574,COMPLETE
964,0.3775224208831788,2025-04-21 15:37:59.767441,2025-04-21 15:38:07.042488,0 days 00:00:07.275047,0.4661128964484579,0.5812384660323539,8,0.049168347804624785,0.03985232780159441,0.017575949561175773,0.05510445749083207,0.01784474984306221,0.0053458309932272975,0.029928929181034663,11,147,0.02718513598811705,0.0982997486606752,True,False,True,0.00028216164677727926,COMPLETE
965,0.5207541465759278,2025-04-21 15:38:07.352290,2025-04-21 15:38:18.747777,0 days 00:00:11.395487,0.4929231624254533,0.518480204240501,2,0.06862858629610581,0.06120500335018601,0.014196409432154559,0.04578196751241817,0.015314971144096348,0.009434176908345525,0.053108281418339336,10,145,0.025986842637765246,0.09185661601995201,True,False,True,0.00031452872670202755,COMPLETE
966,0.3787420272827149,2025-04-21 15:38:19.058342,2025-04-21 15:38:29.723455,0 days 00:00:10.665113,0.5434911491423714,0.5686957903869394,2,0.029050707180668323,0.042547437377241315,0.021927339868214407,0.05121617372439817,0.018215640722635745,0.00412853193920065,0.03605432125094488,9,21,0.027914728756056627,0.10589938466434752,False,False,True,0.0003962846661509371,COMPLETE
967,0.5235711097717285,2025-04-21 15:38:30.038833,2025-04-21 15:38:42.501525,0 days 00:00:12.462692,0.39995573970580495,0.5471042688930787,2,0.043792084935325666,0.2571427090833318,0.013113321523143876,0.0601244843617778,0.01705980706195461,0.007769415005581511,0.04535468215959089,12,148,0.02247887337921916,0.10244780716785484,True,False,True,0.00025458602592190043,COMPLETE
