number,value,datetime_start,datetime_complete,duration,params_alpha-eval,params_alpha-train,params_batch-size,params_eps-eval,params_eps-train,params_lambda-actions-eval,params_lambda-actions-train,params_lambda-frames-eval,params_lambda-frames-train,params_learning-rate,params_n-epochs,params_n-frames,params_radius-gw,params_rho,params_std-feats,params_ub-actions,params_ub-frames,params_weight-decay,state
1296,0.3883605778217316,2025-04-04 22:01:07.044013,2025-04-04 22:01:42.748924,0 days 00:00:35.704911,0.03812438392013097,0.3599982883801174,2,0.21796120186747253,0.05643919163805575,0.021789324998344732,0.03690237816856595,0.006926443315308334,0.06586347993083183,0.001194683752035522,7,56,0.006099256853859449,0.1662342376108384,True,False,True,5.1742130934415906e-08,COMPLETE
1297,0.8489621758460999,2025-04-04 22:01:43.173403,2025-04-04 22:02:16.182762,0 days 00:00:33.009359,0.13729162297948486,0.23272494262299687,2,0.2470910261761745,0.06889556353743401,0.01589958850581237,0.0431025271837505,0.011051266705191843,0.08111511483816672,0.058921076825428,6,48,0.008752539527016786,0.1720372015274452,True,False,True,8.421725667754293e-08,COMPLETE
1298,0.5381603837013245,2025-04-04 22:02:16.613400,2025-04-04 22:02:52.761315,0 days 00:00:36.147915,0.06593830920925436,0.18571997791559253,2,0.2047137780719665,0.06167898072321821,0.018021316031745272,0.054255137827109355,0.07394140480747459,0.08364735499736603,0.07214368981417194,7,60,0.00646117373962858,0.1613701237329049,True,False,True,5.037326595221244e-08,COMPLETE
1299,0.4833506107330322,2025-04-04 22:02:53.186091,2025-04-04 22:03:31.789242,0 days 00:00:38.603151,0.09128596113004912,0.20898626275287524,2,0.21750547179752083,0.058580362573867444,0.013342824984686173,0.0343996536225831,0.014575957950174061,0.07942177671825003,0.07213809258482287,8,53,0.0035238718709749445,0.16875610943865457,True,False,True,1.388541683200805e-07,COMPLETE
1300,0.29052439928054813,2025-04-04 22:03:32.211767,2025-04-04 22:04:04.961200,0 days 00:00:32.749433,0.10577969679846669,0.24268242483367689,2,0.25457707809130664,0.05605579276199403,0.022193173968301876,0.03781388717322541,0.008749785022927158,0.0870477321040212,0.05596686508602521,6,50,0.009629516882266124,0.13856004029009197,True,True,True,2.759085327544359e-08,COMPLETE
1301,0.4163154840469361,2025-04-04 22:04:05.383105,2025-04-04 22:04:40.892352,0 days 00:00:35.509247,0.14992493934181544,0.27084520228683634,2,0.19647432275710416,0.06845188933647353,0.019958110220386058,0.06723814378116086,0.004645689668954305,0.08399686097077488,0.08890388566744639,7,58,0.007664959936355843,0.17301021720828094,False,False,True,3.918764390882726e-08,COMPLETE
1302,0.5129712462425232,2025-04-04 22:04:41.313931,2025-04-04 22:05:17.102718,0 days 00:00:35.788787,0.11438686548233545,0.20038789114110211,2,0.1826771010433959,0.26214149793563185,0.017580686796494438,0.04199506277109006,0.009917603132989264,0.08832697420203124,0.06040830403031241,7,54,0.00873142887797598,0.14294307442015822,True,False,True,1.5055560347799465e-07,COMPLETE
1303,0.27027207612991333,2025-04-04 22:05:17.526342,2025-04-04 22:05:50.836897,0 days 00:00:33.310555,0.13124581752049014,0.3303112672603886,2,0.22036729009037215,0.10835912385992727,0.012659525156045077,0.04034506412612422,0.012231162811862551,0.07695741009459478,0.07484904869430452,6,48,0.004938818565677194,0.15803920698409826,True,False,True,8.059513166368639e-08,COMPLETE
1304,0.3592350721359253,2025-04-04 22:05:51.260466,2025-04-04 22:06:21.823606,0 days 00:00:30.563140,0.24649005910552982,0.17886821886189558,2,0.21031600111635043,0.06941404863994276,0.01577806164259154,0.035936518447872934,0.00669567154443567,0.08252542555709257,0.05449468669904278,5,51,0.009268140280577694,0.16692572683746432,True,False,True,1.715920028900225e-08,COMPLETE
1305,0.6126812696456909,2025-04-04 22:06:22.256989,2025-04-04 22:06:55.065540,0 days 00:00:32.808551,0.15384947785729827,0.21975235265863957,2,0.24150565076329006,0.06294444288310162,0.022312305616959974,0.03921589407897757,0.02291562757705689,0.08496878948724403,0.06702594767146981,6,47,0.006239727383418466,0.17304622107634068,True,False,True,1.0455503944472335e-07,COMPLETE
1306,0.3496322751045227,2025-04-04 22:06:55.505465,2025-04-04 22:07:33.907744,0 days 00:00:38.402279,0.2232993649172471,0.18024133600466805,2,0.24921915151286045,0.056069743039266956,0.019356465180452056,0.0431062141625918,0.016629185500518874,0.08170531247235466,0.09757191825974165,8,56,0.009471944751005087,0.1648041203534436,True,False,True,5.658144672045767e-08,COMPLETE
1307,0.610979437828064,2025-04-04 22:07:34.334918,2025-04-04 22:08:05.022516,0 days 00:00:30.687598,0.04206073951689088,0.23767648422879073,2,0.23819815164098462,0.06297359284578827,0.014225622639168885,0.037800588844024284,0.003566421922338068,0.0790692943464192,0.051382170780669034,5,53,0.007278037001833777,0.15174700241751746,True,False,True,7.184807694385868e-08,COMPLETE
1308,0.48525246381759646,2025-04-04 22:08:05.451867,2025-04-04 22:08:38.938360,0 days 00:00:33.486493,0.17138483707571972,0.20084211818384745,2,0.20164930316423677,0.0703052475147763,0.017886199504041012,0.034188263749209455,0.010616073739629698,0.0861652715864243,0.0990613625113098,6,60,0.01015836316381159,0.17843600899095202,True,False,True,4.542603565311787e-08,COMPLETE
1309,0.9962403178215028,2025-04-04 22:08:39.367257,2025-04-04 22:09:09.832824,0 days 00:00:30.465567,0.07635998759551998,0.28618515971133607,2,0.22283964652363156,0.05643898489847871,0.02185122602004361,0.036557009535933604,0.00726767907563422,0.07950745333608399,0.08107892334169906,5,50,0.0036731465177997098,0.1720570177905989,True,False,True,1.278937505509847e-07,COMPLETE
1310,0.29034129381179813,2025-04-04 22:09:10.259421,2025-04-04 22:09:40.496133,0 days 00:00:30.236712,0.06999613464912147,0.29560551583852474,2,0.2290261588319964,0.17957027037024428,0.02237052986193639,0.03435665113020381,0.005405997472673981,0.07733807713661706,0.0070608644995896475,5,51,0.0021936576288420894,0.1605208918788659,True,False,True,1.474155199533233e-07,COMPLETE
1311,0.41398180127143863,2025-04-04 22:09:40.921749,2025-04-04 22:10:11.057485,0 days 00:00:30.135736,0.05871796800274024,0.2792764706540593,2,0.2346566810760276,0.0564259835911107,0.02241431033366932,0.03306097996486022,0.006500532080203121,0.0794555680379873,0.06304591494803731,5,56,0.003050486051044363,0.16378726090858825,True,False,True,9.813664585322851e-08,COMPLETE
1312,0.5385866284370422,2025-04-04 22:10:11.481129,2025-04-04 22:10:42.108873,0 days 00:00:30.627744,0.08322636362506622,0.27121953718691016,2,0.22346784219899765,0.054645994983418565,0.011967079917211621,0.03607798441686766,0.00777737285285173,0.07756766240788877,0.0027131934264872314,5,50,0.0027339640673259523,0.17116405019167572,True,False,True,1.3047483211714355e-07,COMPLETE
1313,0.9950958251953126,2025-04-04 22:10:42.538189,2025-04-04 22:11:13.362815,0 days 00:00:30.824626,0.08011208149945073,0.29833903128336603,2,0.25344881538345837,0.056329454649041225,0.020994625897759973,0.039875698539384635,0.0032340064445063686,0.08060836095377769,0.05387692513784063,5,53,0.0017623670490900627,0.15827660334323865,True,False,True,1.6463851902645795e-07,COMPLETE
1314,0.7513399720191956,2025-04-04 22:11:13.787492,2025-04-04 22:11:46.662305,0 days 00:00:32.874813,0.0919897640604618,0.33600765728418824,2,0.25090240753554793,0.0576326006045565,0.021121404293187783,0.03730431095671822,0.004471791987677058,0.07679654695361418,0.07351183604866011,6,54,0.002368349007915268,0.1442338959769002,True,False,True,1.2274523305079882e-07,COMPLETE
1315,0.46637954115867614,2025-04-04 22:11:47.106845,2025-04-04 22:12:20.023298,0 days 00:00:32.916453,0.08577683248755234,0.2810059525252914,2,0.25450850308403805,0.05447450580520713,0.022472955737153397,0.06598133051376452,0.0029982065469372817,0.08005122051634489,0.058137799769256496,6,58,0.0037848281048126963,0.15017305540381112,True,False,True,1.2137872349286393e-07,COMPLETE
1316,0.923017692565918,2025-04-04 22:12:20.452183,2025-04-04 22:12:50.627424,0 days 00:00:30.175241,0.1075010403294333,0.3040034218571798,2,0.24435107798137812,0.05864518181837627,0.020660821533921896,0.06885206677636722,0.0029963598978121403,0.07392065840601142,0.06941357352802614,5,55,0.002730371605639265,0.15745592581577136,True,False,True,9.390619612317355e-08,COMPLETE
1317,0.4104714035987854,2025-04-04 22:12:51.056744,2025-04-04 22:13:24.320534,0 days 00:00:33.263790,0.09652080494732318,0.3050040380660764,2,0.2556952788316392,0.054197858706786,0.023213580541454285,0.03268788346889547,0.0030662207214227815,0.07918644062440576,0.053218396152977444,6,61,0.002744296091986868,0.14531792450487627,True,False,True,1.7637076911202195e-07,COMPLETE
1318,0.29052439928054813,2025-04-04 22:13:24.748606,2025-04-04 22:13:54.905386,0 days 00:00:30.156780,0.11503465671599354,0.2847344452079893,2,0.2435866307496515,0.05291539033723456,0.021057456495837196,0.03587823350484104,0.004585916041773776,0.08087941826199671,0.08055536461985845,5,57,0.0031684879851242532,0.1560742288388818,True,True,True,1.511943172246062e-07,COMPLETE
1319,0.41560313701629636,2025-04-04 22:13:55.330435,2025-04-04 22:14:25.472717,0 days 00:00:30.142282,0.051214031465678156,0.30296322247925234,2,0.25046064840954435,0.05569963128419293,0.01998548612737251,0.03956644080110501,0.0038957444507108593,0.0761010664938381,0.06250104318527136,5,53,0.0015837709546197057,0.15039101337780297,False,False,True,9.173779566800588e-08,COMPLETE
1320,0.48531854152679443,2025-04-04 22:14:25.898039,2025-04-04 22:14:58.729425,0 days 00:00:32.831386,0.08087684229834702,0.2891164232689995,2,0.2577495481136713,0.24463913460542042,0.022159057203835878,0.03642067856937128,0.0010066468778442677,0.07765378368914215,0.08253583137390291,6,53,0.0023300557657620694,0.15716790657998944,True,False,True,6.413988752928174e-08,COMPLETE
1321,0.3465626180171967,2025-04-04 22:14:59.170081,2025-04-04 22:15:29.499587,0 days 00:00:30.329506,0.12083293234680065,0.3032639833237611,2,0.24704121568102871,0.06087858489253447,0.01954785040189003,0.03877647018675806,0.00554667258806026,0.056869307294566684,0.05107981006441737,5,58,0.0014474846747160757,0.15939450338478617,True,False,True,1.3535937370557934e-07,COMPLETE
1322,0.45553218722343447,2025-04-04 22:15:29.928284,2025-04-04 22:16:05.789638,0 days 00:00:35.861354,0.1036443181576997,0.2740235706740866,2,0.2549928105382957,0.053913803373663444,0.02269298395458425,0.03443331928678999,0.0027988816751340477,0.07937636593488188,0.0648337291089972,7,49,0.001156400396520177,0.1655700808462963,True,False,True,1.0535979876684028e-07,COMPLETE
1323,0.41453616619110106,2025-04-04 22:16:06.238047,2025-04-04 22:16:42.026432,0 days 00:00:35.788385,0.031569223707782146,0.33660319387836624,2,0.24169956558587888,0.05472484520366026,0.017996793145087626,0.03157256933708339,0.004570763276918114,0.08115060960178064,0.05112274266982036,7,55,0.003434146680373152,0.16311107541802405,True,False,True,6.997328410797162e-08,COMPLETE
1324,0.2927247941493988,2025-04-04 22:16:42.458419,2025-04-04 22:17:15.352158,0 days 00:00:32.893739,0.12486119752488156,0.2459158893173452,2,0.24704443494192135,0.22997588511387368,0.023314021949920657,0.064540995576651,0.006237860235048954,0.07597967390412111,0.07351794171890906,6,52,0.003765652749860751,0.14726806021459762,True,False,True,1.835252502070069e-07,COMPLETE
1325,0.3427229404449463,2025-04-04 22:17:15.785084,2025-04-04 22:17:45.963729,0 days 00:00:30.178645,0.0739960654555458,0.2613506972807971,2,0.23796967371184954,0.060662000262342766,0.020140787106671047,0.03996914460295325,0.0025316494608734223,0.07272067325236566,0.06172036367234751,5,60,0.001575732173627273,0.1542622775070026,True,False,True,1.2111649114096216e-07,COMPLETE
1326,0.6142122030258179,2025-04-04 22:17:46.395470,2025-04-04 22:18:22.183286,0 days 00:00:35.787816,0.13791669526764025,0.26490784770546305,2,0.25410285163889884,0.05330426129285484,0.021020679759740535,0.05876142380913681,0.0617021500070225,0.08273409259969075,0.01709024339933636,7,49,0.0029989224921149306,0.16774236028999062,True,False,True,3.230169797924232e-08,COMPLETE
1327,0.6885369420051575,2025-04-04 22:18:22.615093,2025-04-04 22:18:52.929736,0 days 00:00:30.314643,0.10045484346019429,0.2561681865463386,2,0.23241558130660653,0.06167598707300736,0.017344802805864975,0.038053135151790055,0.005607509696019373,0.07918930822838662,0.08855814652396732,5,47,0.004942706337213838,0.1626391901962101,True,False,True,8.47958343227807e-08,COMPLETE
1328,0.3677346289157868,2025-04-04 22:18:53.361565,2025-04-04 22:19:26.212906,0 days 00:00:32.851341,0.1321942917388241,0.2822217252141781,2,0.2504710337478823,0.06163977568296828,0.018415851562429295,0.034840113361281976,0.00313711676691249,0.0813646135754026,0.0014970331346130673,6,56,0.004157507095415926,0.14788456039474673,True,False,True,1.7247036006849645e-07,COMPLETE
1329,0.4169327795505524,2025-04-04 22:19:26.643347,2025-04-04 22:19:59.905288,0 days 00:00:33.261941,0.06456478789126192,0.32163255249808975,2,0.2586221570579959,0.053684939240270055,0.02226307573049227,0.04192064300878594,0.019979863478348327,0.07772710991609567,0.05492893824682735,6,53,0.004596107664298233,0.16869591279626253,True,False,True,4.9611746178060136e-08,COMPLETE
1330,0.4158220112323761,2025-04-04 22:20:00.341886,2025-04-04 22:20:39.036027,0 days 00:00:38.694141,0.010752354299471766,0.31357304076666764,2,0.23765957564672818,0.0641839362206707,0.016395154711786503,0.03620192618156546,0.006342171235950719,0.07500052813834934,0.07185892987371328,8,51,0.004451494360800324,0.16108471877259167,True,False,True,6.671390473357363e-08,COMPLETE
1331,0.29020448923110964,2025-04-04 22:20:39.467562,2025-04-04 22:21:20.202154,0 days 00:00:40.734592,0.11159821317326296,0.2289904168920298,2,0.24181248221346952,0.21208333262307058,0.06624586855000181,0.04406043906538348,0.007359715767174341,0.03265335723914184,0.09854657063227516,9,11,0.0014063976776999226,0.16970154705167942,True,False,True,1.5999397399779343e-07,COMPLETE
1332,0.41685802340507505,2025-04-04 22:21:20.654646,2025-04-04 22:21:56.920426,0 days 00:00:36.265780,0.08328139618342471,0.25704617782021544,2,0.24824016296105983,0.053905371024468664,0.023163881463395413,0.03273238132210378,0.0011867024781545118,0.08170720125365782,0.049234011793508,7,57,0.005597621045464808,0.15574791136574065,True,False,True,1.1845971309426206e-07,COMPLETE
1333,0.9944078445434571,2025-04-04 22:21:57.354162,2025-04-04 22:22:30.345090,0 days 00:00:32.990928,0.14302140184803136,0.21893866709104684,2,0.23049145248798927,0.059837253613424034,0.020372663928042236,0.03953623471255999,0.004909593632078186,0.08448158484681285,0.06500842859758707,6,46,0.004821139933552899,0.1717031146978318,True,False,True,1.910436039758677e-07,COMPLETE
1334,0.3601005613803864,2025-04-04 22:22:30.783772,2025-04-04 22:23:00.916632,0 days 00:00:30.132860,0.11851675696355485,0.21057778046765813,2,0.23518708207729142,0.057039101959692425,0.01963941508420321,0.041061867405628054,0.005112858882055615,0.08326665511996173,0.06488332632213432,5,45,0.0011056665775184115,0.15533290971710526,True,False,True,3.563187881122473e-08,COMPLETE
1335,0.485944139957428,2025-04-04 22:23:01.346100,2025-04-04 22:23:34.454294,0 days 00:00:33.108194,0.14054563197541695,0.20544421153485284,2,0.2315245195131107,0.052606707902027094,0.01991051346592069,0.0615919795673867,0.003273562179534584,0.08050354547654495,0.08134733233128184,6,61,0.00450829440439921,0.16779105853903295,True,False,True,2.214690523523742e-08,COMPLETE
1336,0.3643993139266968,2025-04-04 22:23:34.889565,2025-04-04 22:24:07.706717,0 days 00:00:32.817152,0.09553765919537163,0.3564639260014208,2,0.23736571716488275,0.05893526294423441,0.020929013434740358,0.040014684544423404,0.00487211449387061,0.08437322571262787,0.05895516485414524,6,48,0.0037766346759483434,0.17528338857999276,True,False,True,2.080604183468727e-07,COMPLETE
1337,0.34745275378227236,2025-04-04 22:24:08.137386,2025-04-04 22:24:38.508058,0 days 00:00:30.370672,0.13211200814881166,0.22103552323124545,2,0.2295209669269795,0.052981679891326634,0.022641796338200227,0.04280273155454232,0.0010559633965688338,0.08327023920634843,0.07153113370269823,5,46,0.004855219213388007,0.16024830416996566,True,False,True,2.0443191381332936e-07,COMPLETE
1338,0.41531382203102113,2025-04-04 22:24:38.946712,2025-04-04 22:25:11.798749,0 days 00:00:32.852037,0.06373970009505504,0.2002908825837457,2,0.24249168466646823,0.06694589896733888,0.01786745386977706,0.039673580908034786,0.00430343216409607,0.08328023753404501,0.09983487421369919,6,45,0.0058529759643482365,0.16607142620972629,False,False,True,4.638245249815356e-08,COMPLETE
1339,0.29052439928054813,2025-04-04 22:25:12.251906,2025-04-04 22:25:45.349389,0 days 00:00:33.097483,0.05061774067523144,0.1863094875464588,2,0.23548861512310582,0.06121040107442384,0.01903415923003137,0.04470797745928265,0.006916728330547194,0.0800704342585735,0.05637710027628667,6,55,0.0027728086931779164,0.17324231984944805,True,True,True,5.7708397501504644e-08,COMPLETE
1340,0.2899740755558014,2025-04-04 22:25:45.786111,2025-04-04 22:26:21.428695,0 days 00:00:35.642584,0.5546065349185945,0.2222953169256565,2,0.24235541069519134,0.05287285866825721,0.023094560040993462,0.06899061086364576,0.0029799504469540904,0.07980503406295629,0.07870689774025282,7,51,0.0011120929275394043,0.16301000494319973,True,False,True,1.927687591960687e-07,COMPLETE
1341,0.9514929175376892,2025-04-04 22:26:21.866643,2025-04-04 22:26:51.948610,0 days 00:00:30.081967,0.1052956517940709,0.2141395436182039,2,0.12106973125833488,0.058719620851707385,0.020513744815969053,0.04120129973944787,0.00760725652754491,0.07769972791746939,0.06695029349580184,5,47,0.005086602795987355,0.13741687377835962,True,False,True,5.968794419257852e-08,COMPLETE
1342,0.26702772378921513,2025-04-04 22:26:52.382928,2025-04-04 22:27:47.604347,0 days 00:00:55.221419,0.14683158946707836,0.18396031903068064,2,0.2292735252223403,0.1193549547886575,0.017437761009019205,0.037996508289314106,0.0050290448304627046,0.08169188769872376,0.04791325144720824,14,59,0.003474875586976376,0.16966419847313988,True,False,True,8.008913955713078e-08,COMPLETE
1343,0.9994909048080445,2025-04-04 22:27:48.039349,2025-04-04 22:28:24.029374,0 days 00:00:35.990025,0.07920107675959794,0.18738051192431157,2,0.25235647717491616,0.067730429426326,0.021379757194438034,0.04389079907502448,0.0065468847378004034,0.08524450967358102,0.08210562078536233,7,53,0.0061167222712156955,0.14616586232006892,True,False,True,1.3893877543111621e-07,COMPLETE
1344,0.4367813169956208,2025-04-04 22:28:24.463127,2025-04-04 22:28:57.705592,0 days 00:00:33.242465,0.10076874089312529,0.1946758438670772,2,0.25778592435507547,0.06282705890409683,0.020707851018602837,0.044779704198307804,0.007807687076650768,0.08610112433886458,0.08725699577839145,6,51,0.003262119406887771,0.14024221805978868,True,False,True,1.3665107739619988e-07,COMPLETE
1345,0.3473428964614868,2025-04-04 22:28:58.140007,2025-04-04 22:29:36.762318,0 days 00:00:38.622311,0.08941834035342039,0.1982349630472457,2,0.2453913229310429,0.05166970807968434,0.02108006542808305,0.04287165274975656,0.07695932724982894,0.0843054035368415,0.08362711057629817,8,47,0.004036255338757116,0.13902555046432985,True,False,True,1.1240565208290487e-07,COMPLETE
1346,0.4196769893169403,2025-04-04 22:29:37.215089,2025-04-04 22:30:13.076421,0 days 00:00:35.861332,0.07461435970761188,0.22616551616745123,2,0.22868108518500282,0.05940614061465262,0.018814723524149393,0.04599348657226902,0.007120059738874167,0.08588964698715458,0.08513077740531115,7,52,0.005247992822567916,0.16206650971296763,True,False,True,1.399034256078865e-07,COMPLETE
1347,0.7241463303565979,2025-04-04 22:30:13.534618,2025-04-04 22:30:49.049261,0 days 00:00:35.514643,0.05445587274358282,0.18024355507797243,2,0.224716338265386,0.06561930279653953,0.017777629971344057,0.04451904162146015,0.008600622268129679,0.08763734666640197,0.07658453829154147,7,49,0.00238419463919538,0.14731929186746473,True,False,True,1.0015826607046408e-07,COMPLETE
1348,0.6120770692825318,2025-04-04 22:30:49.488421,2025-04-04 22:31:39.048534,0 days 00:00:49.560113,0.031450795336931875,0.22115244510990476,2,0.1430371157763552,0.0568334392994159,0.021937416334403808,0.04216790691361106,0.0061483227211772355,0.08377686235272008,0.08521557366787738,12,45,0.005445108972960936,0.1468232996638154,True,False,True,1.6416537223654048e-07,COMPLETE
1349,0.3485613524913788,2025-04-04 22:31:39.501958,2025-04-04 22:32:18.214888,0 days 00:00:38.712930,0.08172674210763783,0.20386541161693006,2,0.2357796882176665,0.06648135141740548,0.015706385065733092,0.043037618535779275,0.06523579968602491,0.0842596478485067,0.06806614953784634,8,53,0.0047690105860189475,0.13559286619157823,True,False,True,2.3103126300778283e-07,COMPLETE
1350,0.36672651767730713,2025-04-04 22:32:18.652552,2025-04-04 22:32:56.951494,0 days 00:00:38.298942,0.03388034037138568,0.176855261812654,2,0.2530482986948193,0.05085578714830052,0.01917187526695685,0.04111730507984906,0.00846688216683867,0.08278164133672952,0.09749300907071182,8,46,0.0010438677448744481,0.14694816692442322,True,False,True,9.665512808054168e-08,COMPLETE
1351,0.4708463847637177,2025-04-04 22:32:57.386379,2025-04-04 22:33:33.309834,0 days 00:00:35.923455,0.07068570580127242,0.1947101602516338,2,0.25991637637633025,0.059040957176120144,0.023769994143266818,0.044252850491377824,0.006888534567925373,0.08539493357553832,0.07241821022278236,7,50,0.00606351760827407,0.14188762825228463,True,False,True,1.4913902817488906e-07,COMPLETE
1352,0.47853334546089177,2025-04-04 22:33:33.749190,2025-04-04 22:34:09.791137,0 days 00:00:36.041947,0.11284262968959213,0.23189868916560105,2,0.24701581174317014,0.06284279219890264,0.016793427800399042,0.04013178524251847,0.008780099783546831,0.0852046206523787,0.09777794153634983,7,54,0.0035489811415207093,0.1520234639126267,True,False,True,1.8446066359730283e-07,COMPLETE
