number,value,datetime_start,datetime_complete,duration,params_alpha-eval,params_alpha-train,params_batch-size,params_eps-eval,params_eps-train,params_lambda-actions-eval,params_lambda-actions-train,params_lambda-frames-eval,params_lambda-frames-train,params_learning-rate,params_n-epochs,params_n-frames,params_radius-gw,params_rho,params_std-feats,params_ub-actions,params_ub-frames,params_weight-decay,state
1069,0.9520358324050904,2025-04-04 17:58:17.347564,2025-04-04 17:59:48.485416,0 days 00:01:31.137852,0.18158637054065332,0.1427286588404496,2,0.227061720653388,0.07360594405260565,0.007885223614230937,0.026301409653495592,0.00882677424545231,0.07845495032794828,0.03481191226011128,23,38,0.012113770726711895,0.17738353473835097,True,False,False,3.937254624489355e-07,COMPLETE
1070,0.405474328994751,2025-04-04 17:59:48.840907,2025-04-04 18:01:09.149795,0 days 00:01:20.308888,0.18883502917458878,0.14839491913965774,2,0.2256408157774511,0.08666010025955968,0.0072054656864283485,0.028289200836534065,0.008004293021874664,0.07431849431174928,0.031131686912424725,23,35,0.013185099897526937,0.17809681311793404,True,True,True,2.950273980598028e-07,COMPLETE
1071,0.41247826218605044,2025-04-04 18:01:09.501313,2025-04-04 18:02:41.395359,0 days 00:01:31.894046,0.19571327562201798,0.16171459548211323,2,0.2287078075844732,0.08195613930881766,0.010832269538833442,0.02712959010127567,0.013861140410397894,0.07848713274273394,0.02651488784931851,23,38,0.01407988880318288,0.1710930980381441,False,False,False,3.5478655366005075e-07,COMPLETE
1072,0.5798465132713317,2025-04-04 18:02:41.747582,2025-04-04 18:04:12.810899,0 days 00:01:31.063317,0.12110730489662085,0.17432071086177647,2,0.2110724361276095,0.0796923711603358,0.005915807238176762,0.03492378699496788,0.009825049525327879,0.08585504013759546,0.03150208994743613,23,43,0.012069411765592404,0.17732703755508647,True,False,False,3.747602692525078e-07,COMPLETE
1073,0.37557633519172673,2025-04-04 18:04:13.166131,2025-04-04 18:05:44.796272,0 days 00:01:31.630141,0.19683881007751428,0.14153473564166716,2,0.22108073697726224,0.07119608915602874,0.00750267230058871,0.02998083585009768,0.009413514251291229,0.020642073960361995,0.03661553730659588,23,40,0.013380192149598845,0.18105275452983108,True,False,False,6.090207429352117e-07,COMPLETE
1074,0.6321958422660828,2025-04-04 18:05:45.152706,2025-04-04 18:07:18.827850,0 days 00:01:33.675144,0.17321597197395883,0.19462440060692152,2,0.2203945007147,0.07759672126333493,0.011672151155751213,0.025970377181106022,0.0063562458087673005,0.07952842248844363,0.014668406194144808,24,32,0.01250430334684543,0.1726234308387326,True,False,False,6.057935444442443e-07,COMPLETE
1075,0.6045471787452699,2025-04-04 18:07:19.185175,2025-04-04 18:08:50.342116,0 days 00:01:31.156941,0.19658554767749586,0.13325285201087309,2,0.22770382476891654,0.0748685753443501,0.00838574635863414,0.028168557359058946,0.007465955321022831,0.08185405258556759,0.04367264909393653,23,38,0.01532488600802056,0.16985341851999963,True,False,False,3.3004477486069396e-07,COMPLETE
1076,0.3928064584732056,2025-04-04 18:08:50.680521,2025-04-04 18:10:21.789247,0 days 00:01:31.108726,0.14023464728091872,0.17540729545607703,2,0.2135937616955993,0.06700558730411176,0.008527628574429083,0.03199710502075685,0.010028364807682072,0.07524542818674468,0.03385617930300394,23,35,0.010916290634782808,0.18548013320034765,True,False,False,2.1442074092805103e-07,COMPLETE
1077,0.40036212205886845,2025-04-04 18:10:22.138073,2025-04-04 18:11:53.456129,0 days 00:01:31.318056,0.22014099909658189,0.1578489039938505,2,0.22764714047235876,0.08830749083444717,0.010681670079310611,0.029741055764172065,0.012423042411206871,0.07565953905575923,0.03964407926956973,23,40,0.010894523114715522,0.17518641175695304,True,False,False,4.0547692926352887e-07,COMPLETE
1078,0.41335117220878603,2025-04-04 18:11:53.807108,2025-04-04 18:13:27.554183,0 days 00:01:33.747075,0.1838378838144909,0.12479487866161758,2,0.22193697008837654,0.07178204611171282,0.012359276940980754,0.02636156847761418,0.006435666161628261,0.07068658794518791,0.045116261735225295,24,43,0.04398265509825104,0.1847723072209012,True,False,False,2.389474321485315e-07,COMPLETE
1079,0.6410743832588197,2025-04-04 18:13:27.903015,2025-04-04 18:15:00.420111,0 days 00:01:32.517096,0.1616122825801642,0.24035238373254886,2,0.2309071958964291,0.07518608898079056,0.004189981638936488,0.03300758050514004,0.007699406630188967,0.07235297789297641,0.026709172537004895,23,45,0.013866930314022634,0.1904924466728931,True,False,False,8.284357946275073e-07,COMPLETE
1080,0.4172079920768738,2025-04-04 18:15:00.770171,2025-04-04 18:16:35.162338,0 days 00:01:34.392167,0.19952493666050192,0.181452494987977,2,0.21162107887792878,0.06762169528521338,0.008886076342679607,0.03501681840171685,0.05736484931676277,0.06865639229690623,0.03633920926470406,24,37,0.010232836003821204,0.17944730920233604,True,False,False,3.308831377439275e-07,COMPLETE
1081,0.3643905520439148,2025-04-04 18:16:35.514273,2025-04-04 18:18:07.291200,0 days 00:01:31.776927,0.2209589057278438,0.14159437779664172,2,0.21866207940313886,0.08135589871493615,0.010527976625859643,0.03075857284626819,0.0048504298329747975,0.08172827621488775,0.04565260057739256,23,40,0.016605081046542947,0.17861011161378854,True,False,False,3.998708080387937e-07,COMPLETE
1082,0.4000283539295197,2025-04-04 18:18:07.644698,2025-04-04 18:19:38.393671,0 days 00:01:30.748973,0.1724239761015139,0.3470805414008439,2,0.22440569588301904,0.06687864653401773,0.0051182320388979295,0.032760857745126416,0.009256758884493708,0.08412656483779898,0.022643310097056273,23,44,0.011967440885417817,0.1857876581969136,True,False,False,5.618878251366403e-07,COMPLETE
1083,0.366216117143631,2025-04-04 18:19:38.746006,2025-04-04 18:21:12.825433,0 days 00:01:34.079427,0.15549009538010541,0.21038760826306044,2,0.2326492638836256,0.07380967431753169,0.013712502998393215,0.028247991304301917,0.006289783231313912,0.06450630915077284,0.047249948873026755,24,34,0.009146153899921341,0.1900530924017967,True,False,False,5.145092315041489e-08,COMPLETE
1084,0.43622921109199525,2025-04-04 18:21:13.183677,2025-04-04 18:22:44.805636,0 days 00:01:31.621959,0.11829674243144704,0.16208940923249127,2,0.21658578256650882,0.08357734063920876,0.012334411879960577,0.03001454762693637,0.010771487070544573,0.07523722221956923,0.03857823485680431,23,40,0.013967052920478952,0.17109616782616455,True,False,False,4.988005401492419e-07,COMPLETE
1085,0.4117277801036835,2025-04-04 18:22:45.161603,2025-04-04 18:24:19.040856,0 days 00:01:33.879253,0.1378671801691017,0.18880453409629747,2,0.20314799367572525,0.06694320190164034,0.011217181367782606,0.02621872685418017,0.003919172697757651,0.08127491133305727,0.029178643739993244,24,45,0.011625666861125051,0.18337645516604303,True,False,False,2.5591352799268207e-07,COMPLETE
1086,0.40447594523429875,2025-04-04 18:24:19.384622,2025-04-04 18:25:51.208458,0 days 00:01:31.823836,0.18991703377112273,0.12760251174715298,2,0.1917759883000136,0.07165415956666123,0.015323763680891575,0.03298477876918584,0.005544361191288072,0.0792707421429254,0.04610616444048208,23,37,0.008960130826167029,0.19382804501928305,True,False,False,3.2606040943708483e-07,COMPLETE
1087,0.5055360913276673,2025-04-04 18:25:51.562998,2025-04-04 18:27:23.078917,0 days 00:01:31.515919,0.17364151255411883,0.14920335674059187,2,0.2321269725534736,0.06526487990349167,0.008842013712321793,0.03102894163479176,0.008842051017781516,0.07678032405189875,0.03484423946074894,23,43,0.010381146791209165,0.17906510839035594,True,False,False,4.924887926573143e-07,COMPLETE
1088,0.4131599962711335,2025-04-04 18:27:23.437062,2025-04-04 18:28:52.207954,0 days 00:01:28.770892,0.22555382763190862,0.19805997076174406,2,0.210393293664643,0.07678113050317975,0.015493772994045035,0.028012853509715295,0.007973303961770489,0.07216837529386323,0.048101611141712346,22,41,0.062418262202480715,0.1878492865414044,True,False,False,1.4217989633226888e-07,COMPLETE
1089,0.29052439928054813,2025-04-04 18:28:52.562418,2025-04-04 18:30:11.937477,0 days 00:01:19.375059,0.20583854817920108,0.1686299433851738,2,0.225809393144564,0.06546849752108727,0.007371114874333383,0.034364440540640605,0.012080602481602804,0.0777492854482773,0.038607484764260624,23,28,0.007646948935448318,0.19445501383593922,True,True,True,2.761239344417947e-07,COMPLETE
1090,0.3876113295555115,2025-04-04 18:30:12.294235,2025-04-04 18:31:45.912818,0 days 00:01:33.618583,0.13821415472688953,0.12139244250501499,2,0.22038088724839494,0.07108716389037516,0.013561999228034586,0.031717292283490364,0.003293094687608475,0.072380590516811,0.04710971196992217,24,32,0.012580492647564077,0.16804944866178478,True,False,False,4.2002541175983394e-07,COMPLETE
1091,0.3612744569778442,2025-04-04 18:31:46.266826,2025-04-04 18:33:13.873443,0 days 00:01:27.606617,0.15094021172827501,0.2168370371122756,2,0.2302651313734247,0.08872753125546551,0.017158513522627136,0.03914998843153307,0.01459806712247557,0.06885259482906436,0.031189873732201834,22,36,0.015445739892777106,0.17656118965402176,True,False,False,9.15279633759801e-08,COMPLETE
1092,0.41269499063491827,2025-04-04 18:33:14.231579,2025-04-04 18:34:44.400011,0 days 00:01:30.168432,0.10226602709964301,0.14142293723400276,2,0.21478118822935433,0.07681180291364313,0.011023390054446549,0.03291371467642577,0.07126728549708472,0.06325872731210255,0.01875585025786304,23,46,0.010100886268343875,0.18274535048594745,False,False,False,8.734167041561375e-07,COMPLETE
1093,0.3483774781227112,2025-04-04 18:34:44.759170,2025-04-04 18:36:19.748898,0 days 00:01:34.989728,0.18014872746731964,0.17829246838247115,2,0.22456561502593805,0.0651537977674962,0.014974832320279291,0.028583804611559568,0.005624590973480793,0.0611843768849889,0.040736271011248375,24,39,0.018170824041313857,0.19050083247244087,True,False,False,2.0529369740961581e-07,COMPLETE
1094,0.9625715494155884,2025-04-04 18:36:20.109130,2025-04-04 18:37:48.597884,0 days 00:01:28.488754,0.20925038578517363,0.15533350851300662,2,0.20404940958980403,0.0698759624057416,0.017075398772885997,0.03135828797249622,0.007133298587646246,0.017454904015524797,0.04942203261547402,22,42,0.008147319522158435,0.17540083424322003,True,False,False,3.498378389238215e-07,COMPLETE
1095,0.3732755064964295,2025-04-04 18:37:48.961170,2025-04-04 18:39:17.813709,0 days 00:01:28.852539,0.21033586415170266,0.14979475584090196,2,0.2003230005616318,0.07918646878221539,0.014030906825442217,0.029863153288592483,0.007370719421716156,0.023409545004983344,0.050239419297957694,22,41,0.007470569611427204,0.17242560269778529,True,False,False,3.186017688456183e-07,COMPLETE
1096,0.38046872019767763,2025-04-04 18:39:18.173963,2025-04-04 18:40:45.831357,0 days 00:01:27.657394,0.22473050622338608,0.16290435144850354,2,0.21015203165160526,0.09319889542724973,0.016662530543031615,0.02588669691632061,0.00932659399829048,0.019992409913529192,0.05037722441535348,22,45,0.007234300842297921,0.16653558424110715,True,False,False,3.940717169908687e-07,COMPLETE
1097,0.41741603016853335,2025-04-04 18:40:46.174205,2025-04-04 18:42:14.825051,0 days 00:01:28.650846,0.19288339891915185,0.19311691780430723,2,0.20819314225637064,0.07124632283100073,0.017868162242105457,0.03180050990455058,0.011489718416557371,0.01714424093273438,0.038178029552317846,22,42,0.00906232032350651,0.17691370503164702,True,False,False,5.663721450995254e-07,COMPLETE
1098,0.4227834820747376,2025-04-04 18:42:15.179102,2025-04-04 18:43:43.980055,0 days 00:01:28.800953,0.20115564988867252,0.12956117534350245,2,0.21719136399428007,0.07517208814897894,0.019121452575548783,0.02968031601223648,0.005922647531527376,0.019326944140643752,0.05191860722983533,22,37,0.006643559743993924,0.17022319241873912,True,False,False,2.7179230640418446e-07,COMPLETE
1099,0.36429538726806643,2025-04-04 18:43:44.337272,2025-04-04 18:45:11.111594,0 days 00:01:26.774322,0.22697344001257014,0.16043675262183696,2,0.20498518658563825,0.06995863924282592,0.01605607668850166,0.03468402493240923,0.00402033768661402,0.07692878905393512,0.034810634068705416,22,43,0.009032967639567192,0.18416589024013014,True,False,False,4.47772859334481e-07,COMPLETE
1100,0.3658714234828949,2025-04-04 18:45:11.466241,2025-04-04 18:46:43.580925,0 days 00:01:32.114684,0.17684354603824376,0.24724975441876273,2,0.22026307805678103,0.08238298802752034,0.012132784714927113,0.03150215479276006,0.006301021904706854,0.07367718893603377,0.002396374897467867,23,39,0.0114936945444508,0.18215800734291307,True,False,False,3.2301881675037297e-07,COMPLETE
1101,0.4244860827922821,2025-04-04 18:46:43.942281,2025-04-04 18:48:12.195971,0 days 00:01:28.253690,0.1615197915601234,0.17476920951362723,2,0.22642318358469707,0.06503178828921088,0.006407666330542276,0.026964738365115298,0.07740203271427423,0.016813488872539997,0.0249979264957341,22,45,0.008787137876082186,0.1782267605544091,True,False,False,5.569772880821616e-07,COMPLETE
1102,0.4160239934921265,2025-04-04 18:48:12.557424,2025-04-04 18:49:43.985949,0 days 00:01:31.428525,0.21144029315992743,0.1436303351142101,2,0.1983364903655258,0.07773832635627333,0.01870824931150214,0.03427019165434222,0.0039299374599353325,0.09027295410919456,0.04252976692890293,23,35,0.006053893102746111,0.18778747220141648,True,False,False,1.2387458533790408e-08,COMPLETE
1103,0.34964962601661687,2025-04-04 18:49:44.348488,2025-04-04 18:51:12.965007,0 days 00:01:28.616519,0.1646714298224612,0.1193716242997642,2,0.21213078639709326,0.08363955422855891,0.01341036186564478,0.0368146358697727,0.00812168940672989,0.0697094314715723,0.05033807679978785,22,41,0.010672376523647623,0.16906059837384646,True,False,False,2.2585812090167176e-07,COMPLETE
1104,0.8974854111671449,2025-04-04 18:51:13.325521,2025-04-04 18:52:45.005516,0 days 00:01:31.679995,0.18271599006350098,0.2237019219827452,2,0.2328316925577012,0.06910072427658166,0.009885289422345924,0.03315868414971452,0.008810215456164354,0.08751702334146803,0.031221586475849928,23,46,0.01308049141140908,0.17583198392055363,True,False,False,1.7520305616303725e-07,COMPLETE
1105,0.34570388793945317,2025-04-04 18:52:45.371524,2025-04-04 18:54:16.245092,0 days 00:01:30.873568,0.18327760165394316,0.23428464658067039,2,0.2311159385494967,0.07324990492032675,0.0027037155442858314,0.029614528573408197,0.013406473770774419,0.08491379433863977,0.028506029750786296,23,46,0.015175643095225764,0.1742127590162183,True,False,False,7.820177737304183e-08,COMPLETE
1106,0.8857525944709779,2025-04-04 18:54:16.609897,2025-04-04 18:55:47.362595,0 days 00:01:30.752698,0.19635864233919603,0.22603528594264166,2,0.23337454317256762,0.07112895527648325,0.00979581908069925,0.03378767506421255,0.009868661111793915,0.09784466970418221,0.025166270136080873,23,46,0.013978561249907618,0.1753936729603935,True,False,False,1.65701801475067e-07,COMPLETE
1107,0.4808528780937195,2025-04-04 18:55:47.730217,2025-04-04 18:57:18.814907,0 days 00:01:31.084690,0.20320367090860791,0.2900642533345989,2,0.23149762700152693,0.06884402066965846,0.008976394758286906,0.03613533084108343,0.011971304354911162,0.09607419695553135,0.026046359797885072,23,47,0.015558918453901949,0.16350698676255718,True,False,False,1.6912392614419012e-07,COMPLETE
1108,0.34698482751846316,2025-04-04 18:57:19.180902,2025-04-04 18:58:50.177381,0 days 00:01:30.996479,0.23225546683495218,0.26652571279471027,2,0.23334348753089618,0.07144874099799453,0.006441502704695757,0.033874627230657074,0.010235970368925564,0.08777141609081522,0.023062432175034234,23,45,0.016903892412988206,0.17003321653488718,True,False,False,1.1112411868847693e-07,COMPLETE
1109,0.9924220442771912,2025-04-04 18:58:50.543631,2025-04-04 19:00:10.012248,0 days 00:01:19.468617,0.19253093983235586,0.23575432851683464,2,0.22591344394025062,0.0648298557846933,0.008212608325474267,0.038946347655087823,0.01112495290829759,0.07442004929734003,0.019951691743854867,23,46,0.014102832116491756,0.17925322302337732,True,False,True,1.7792961224993952e-07,COMPLETE
1110,0.4109233438968659,2025-04-04 19:00:10.366895,2025-04-04 19:01:30.515957,0 days 00:01:20.149062,0.21793162182606976,0.2572221433672636,2,0.2252848589973758,0.06420277818179168,0.004447307828905155,0.040964258529991214,0.014763866011125332,0.088973530055671,0.036461606279394154,23,44,0.013609669979768202,0.1675168550254514,False,True,True,7.327991189520098e-08,COMPLETE
1111,0.5534436225891114,2025-04-04 19:01:30.876710,2025-04-04 19:02:47.772306,0 days 00:01:16.895596,0.19488927044364668,0.24466179563805773,2,0.22456977981896553,0.06510264417580139,0.012139593158506353,0.03823399942058276,0.012748653120616465,0.09179049673874251,0.03135141882226853,22,43,0.01770489439281841,0.17642840719584124,True,False,True,4.349468224586957e-08,COMPLETE
1112,0.5960852146148682,2025-04-04 19:02:48.133306,2025-04-04 19:04:07.349650,0 days 00:01:19.216344,0.23319490369031384,0.20531196693946951,2,0.21966649552465778,0.06529976678110576,0.007370319905488969,0.040646641543383086,0.01068453921243067,0.07603333714344089,0.012335750868902866,23,47,0.014480378416932648,0.1796474542768332,True,False,True,2.1753792207747073e-07,COMPLETE
1113,0.9722962379455568,2025-04-04 19:04:07.712169,2025-04-04 19:05:24.568508,0 days 00:01:16.856339,0.18462312997254582,0.2190853436223825,2,0.23397978690033827,0.0658286231515014,0.0080398460558606,0.04015405292579198,0.010929649082852724,0.07374459853176168,0.04232065567717825,22,39,0.013173292500486074,0.17303714752505628,True,False,True,4.6001585190729066e-07,COMPLETE
1114,0.3844824612140656,2025-04-04 19:05:24.931298,2025-04-04 19:06:42.691707,0 days 00:01:17.760409,0.18817858454764527,0.27336774868758207,2,0.23236494542955466,0.07299762866170861,0.005115243432615378,0.04018477952789636,0.01432202355694372,0.08363474477662448,0.019447431086527862,22,47,0.016125270628237712,0.17338450103914438,True,False,True,4.0449595848233794e-07,COMPLETE
1115,0.43823170065879824,2025-04-04 19:06:43.057099,2025-04-04 19:07:57.351299,0 days 00:01:14.294200,0.14680684048391504,0.2516348831331827,2,0.2351862618205644,0.0669226353163966,0.008843414750268935,0.0381650496991543,0.012865602355511763,0.07452052992407501,0.016258029257037853,21,43,0.013759483394010388,0.16597436309558344,True,False,True,5.2180484966044706e-08,COMPLETE
1116,0.3889025270938874,2025-04-04 19:07:57.714673,2025-04-04 19:09:13.929623,0 days 00:01:16.214950,0.21311296050953363,0.22338230931132688,2,0.22385367875798012,0.07536780109222903,0.006013114817714695,0.04168583633358156,0.01049985078550155,0.08075113460515218,0.00848789184540005,22,38,0.018780901441042948,0.17975423465592072,True,False,True,1.3779775220528434e-07,COMPLETE
1117,0.3574207365512848,2025-04-04 19:09:14.295387,2025-04-04 19:10:31.444799,0 days 00:01:17.149412,0.17017928599919052,0.2680859590036875,2,0.22691577113157158,0.06418754618250208,0.007928090814675371,0.03647451711309517,0.01633879482713931,0.0939944476892769,0.03203217085164751,22,42,0.016015073045803335,0.17211286431535416,True,False,True,6.65917123797414e-07,COMPLETE
1118,0.4004543960094452,2025-04-04 19:10:31.811500,2025-04-04 19:11:48.362954,0 days 00:01:16.551454,0.18121493404744204,0.2385364496133407,2,0.23362777575237859,0.0693552307668174,0.011012456881623145,0.038603811327595085,0.009662132485604664,0.06843102240009473,0.03994102044534122,22,48,0.01279170920298237,0.17540130134707663,True,False,True,4.992072393798939e-07,COMPLETE
1119,0.273975419998169,2025-04-04 19:11:48.731031,2025-04-04 19:13:01.703792,0 days 00:01:12.972761,0.20950757928533,0.23512788721223454,2,0.2282415793647225,0.254422125467843,0.003688829389941437,0.03592093853251015,0.012579295062645079,0.07142893489264328,0.03599131096243999,21,32,0.014325309852747055,0.18542362423394806,True,False,True,7.639219588639765e-07,COMPLETE
1120,0.4171465992927551,2025-04-04 19:13:02.074032,2025-04-04 19:14:16.256150,0 days 00:01:14.182118,0.15153995491673408,0.2190338329816852,2,0.22009882427859168,0.06444645918486634,0.006700802300530841,0.03696520622452878,0.008357379620068548,0.0804460402088326,0.04158123705556167,21,39,0.012518039512738287,0.16203796529770395,True,False,True,3.7025890716633666e-07,COMPLETE
1121,0.37185564637184143,2025-04-04 19:14:16.624356,2025-04-04 19:15:33.768455,0 days 00:01:17.144099,0.19343259368907237,0.28697652311449773,2,0.23610109935238416,0.07513766833021683,0.001344429405665453,0.03797128351602811,0.011438038226328969,0.07825530148691356,0.03406494914253749,22,44,0.016980186233452634,0.1811310060856408,True,False,True,5.650269835525494e-07,COMPLETE
1122,0.4134053111076355,2025-04-04 19:15:34.134195,2025-04-04 19:16:52.940693,0 days 00:01:18.806498,0.23413841853658193,0.253031698906787,2,0.22796837962551067,0.0696417157972607,0.010265146359237956,0.0398185460433495,0.00803842566712471,0.07360028853937096,0.045658161385112556,23,36,0.012214179816679762,0.19110544455710265,True,False,True,4.295180108345608e-07,COMPLETE
1123,0.9681076169013978,2025-04-04 19:16:53.305856,2025-04-04 19:18:10.582696,0 days 00:01:17.276840,0.1301908681683407,0.22549583739883738,2,0.2138061559841429,0.06318799043478728,0.00821694279366432,0.03545180757477305,0.008493168211611982,0.08693553537177998,0.021090523325238995,22,47,0.014364297144503236,0.1690719598589189,True,False,True,2.464168844255183e-07,COMPLETE
1124,0.4552706301212311,2025-04-04 19:18:10.953190,2025-04-04 19:19:27.454099,0 days 00:01:16.500909,0.1350613388001678,0.22928071971629677,2,0.20560690948919197,0.0674115652043957,0.008945820762069642,0.04272828114196469,0.01061602879120757,0.09010498342641905,0.017100993890225093,22,45,0.0186542016120144,0.1685361020256412,True,False,True,2.1372838131627022e-07,COMPLETE
