number,value,datetime_start,datetime_complete,duration,params_alpha-eval,params_alpha-train,params_batch-size,params_eps-eval,params_eps-train,params_lambda-actions-eval,params_lambda-actions-train,params_lambda-frames-eval,params_lambda-frames-train,params_learning-rate,params_n-epochs,params_n-frames,params_radius-gw,params_rho,params_std-feats,params_ub-actions,params_ub-frames,params_weight-decay,state
113,0.47405104637146,2025-04-04 03:52:20.801496,2025-04-04 03:52:47.276950,0 days 00:00:26.475454,0.07458605268529152,0.3357071985387481,16,0.04301977312802019,0.021386345875539576,0.01145618587649578,0.02826000788031926,0.012535067718659296,0.07076409948074164,1.7330399767548317e-05,19,138,0.007756410178026856,0.07226591409883223,True,False,False,0.0008017981005517911,COMPLETE
114,0.6042248010635376,2025-04-04 03:52:47.315463,2025-04-04 03:53:13.366983,0 days 00:00:26.051520,0.12610612530124007,0.3027456544720224,16,0.0208536609749319,0.013077917763045,0.0916216857330272,0.03530851276687152,0.01626341933920945,0.065311246009317,1.8017224616651993e-05,20,123,0.0013755467120373588,0.048478317149590736,True,False,False,0.0006343510166882336,COMPLETE
115,0.5728636503219605,2025-04-04 03:53:13.405520,2025-04-04 03:53:40.037256,0 days 00:00:26.631736,0.12390604877646386,0.21923320816350275,16,0.04860369311754969,0.011852118145602077,0.012132709004964017,0.03602321492629938,0.01548379658330292,0.06472207758726704,1.664766087751637e-05,20,124,0.0038010910454835695,0.052316705581634135,True,False,False,0.0006758322676063107,COMPLETE
116,0.6094207406044007,2025-04-04 03:53:40.075896,2025-04-04 03:54:06.325697,0 days 00:00:26.249801,0.10050458944355442,0.2931714451367675,16,0.038909937005216125,0.012455337769692446,0.09953295021548436,0.031061493963492472,0.00534002887633391,0.058093649520981686,2.191055584088823e-05,20,127,0.0018768781031376887,0.04851049939354775,True,False,False,0.0004719024575470487,COMPLETE
117,0.5951807737350464,2025-04-04 03:54:06.366188,2025-04-04 03:54:31.615411,0 days 00:00:25.249223,0.03136618941113277,0.28325971307539666,16,0.03721814666346368,0.012096068245868162,0.08840014289480959,0.03099581715706333,0.005151019357789104,0.057835178719017555,2.226530921775352e-05,18,128,0.0010480241727909168,0.03517879737462077,True,False,False,0.000472273002398923,COMPLETE
118,0.35763222575187686,2025-04-04 03:54:31.655219,2025-04-04 03:54:57.160608,0 days 00:00:25.505389,0.02241800006173343,0.2840077127606228,16,0.03761546286355375,0.0022279264914211276,0.091127506277169,0.027530094858302323,0.005840910998423961,0.0622538737020587,2.043694982981343e-05,18,136,0.0016804808211836266,0.03550621539617581,True,False,False,0.0004873007862304915,COMPLETE
119,0.40422590970993044,2025-04-04 03:54:57.200278,2025-04-04 03:55:20.734189,0 days 00:00:23.533911,0.04218649513658834,0.26219319022327,16,0.05596407625357586,0.012479028702527215,0.08849937483830096,0.029679588611468164,0.00575279455109187,0.06515609364332108,1.241999467710662e-05,20,117,0.0012749847383866915,0.04616736223965616,False,False,False,0.0003580955767455864,COMPLETE
120,0.608825933933258,2025-04-04 03:55:20.774063,2025-04-04 03:55:48.425555,0 days 00:00:27.651492,0.10664131717454407,0.32893294909717036,16,0.0371724011655399,0.025773073614535826,0.09856707534758487,0.020405032415818473,0.021604594296131905,0.060820353368061394,2.2529938038622327e-05,22,123,0.003826157194860003,0.041433220557378095,True,False,False,0.0007586912523647871,COMPLETE
121,0.6100397109985352,2025-04-04 03:55:48.466035,2025-04-04 03:56:15.261308,0 days 00:00:26.795273,0.10143153131745804,0.31015651263678995,16,0.03579851610168762,0.025373371244923375,0.09848869710973869,0.02367033763751333,0.022804649852442776,0.06084737804997423,2.3067451188255514e-05,21,122,0.003934425813086057,0.04468629254261827,True,False,False,0.0007699712396919548,COMPLETE
122,0.5901473760604858,2025-04-04 03:56:15.302311,2025-04-04 03:56:43.154463,0 days 00:00:27.852152,0.10227259593371271,0.3201799958357059,16,0.050660093846677044,0.01591698885784492,0.09861708437823642,0.02063227515408713,0.02203590788911052,0.06041906346745738,2.489933946579751e-05,22,121,0.006584703515237315,0.043119174506745864,True,False,False,0.0007756415703847354,COMPLETE
123,0.29052439928054813,2025-04-04 03:56:43.205881,2025-04-04 03:57:10.430765,0 days 00:00:27.224884,0.14353178879225925,0.33860124062828684,16,0.0002168717280716416,0.026130880995474885,0.09378827384835296,0.015362182943806766,0.00862733539033944,0.06994269791484498,2.1232410753598072e-05,22,129,0.008809814630472562,0.055305046462207574,True,False,False,0.0005374539817561031,COMPLETE
124,0.5893253087997437,2025-04-04 03:57:10.472142,2025-04-04 03:57:37.677967,0 days 00:00:27.205825,0.08066752888022351,0.2546375068035662,16,0.035824817339568604,0.007783059044339475,0.09540948498858315,0.024960413517557355,0.01857447233656082,0.053631138574939896,1.3100454676958713e-05,21,123,0.004947188976731687,0.047962222641248206,True,False,False,0.0006677881240835216,COMPLETE
125,0.4829770028591156,2025-04-04 03:57:37.719365,2025-04-04 03:58:05.253640,0 days 00:00:27.534275,0.06264928370960379,0.20339602031502022,16,0.015922030949638025,0.006804211435306056,0.09910327304155933,0.03475791477611991,0.025577538652500058,0.06373481041807652,2.7688629904490682e-05,21,132,0.013748153078126782,0.018645868036545627,True,False,False,0.0009267826606537624,COMPLETE
126,0.46480591297149665,2025-04-04 03:58:05.298193,2025-04-04 03:58:31.873267,0 days 00:00:26.575074,0.16134925579105003,0.36133566349421864,16,0.06111369385121874,0.023826918033279437,0.09468912314960547,0.02215082658984857,0.00754640714092774,0.0665283761834319,1.0286193174034089e-05,19,136,0.002835817633376874,0.03578078331254397,True,False,False,0.0004909304689122218,COMPLETE
127,0.5823796272277832,2025-04-04 03:58:31.915073,2025-04-04 03:59:00.334342,0 days 00:00:28.419269,0.11420794251543075,0.316224343798494,16,0.019005500940834388,0.015807987367795397,0.09172271811882683,0.03762353295125613,0.011023161056211022,0.07567496489217326,1.3617315564011127e-05,24,119,0.006140521958620596,0.02450805337739927,True,False,False,0.0006430759754846303,COMPLETE
128,0.6091634988784791,2025-04-04 03:59:00.377047,2025-04-04 03:59:26.661792,0 days 00:00:26.284745,0.05488285130709031,0.3857532721931233,16,0.008407496645930417,0.04772422279902991,0.08217939705016793,0.01843075415821341,0.022107834697466917,0.06059475829489374,2.007168288451663e-05,20,127,0.001214140985249828,0.04136209164908111,True,False,False,0.00043593483109088526,COMPLETE
129,0.5345792770385742,2025-04-04 03:59:26.704901,2025-04-04 03:59:52.972469,0 days 00:00:26.267568,0.04808407935830163,0.2890835776132666,16,0.009108106571779538,0.046655292881608156,0.08279354538976517,0.009329887752541906,0.02114419353349109,0.05860329230278423,2.2121274898781483e-05,20,127,0.003386885074680022,0.04131240703547927,True,False,False,0.000465077078057549,COMPLETE
130,0.5811919093132019,2025-04-04 03:59:53.015525,2025-04-04 04:00:18.144875,0 days 00:00:25.129350,0.1386197389740823,0.385129715241065,16,0.03472495688177673,0.02579263965990547,0.08717193175194804,0.017596756781509442,0.023763713242853705,0.061490440986985216,3.6887088497829664e-05,19,113,0.0011950337698311223,0.05145734147141979,True,False,False,0.000307887265626335,COMPLETE
131,0.5105966806411744,2025-04-04 04:00:18.188639,2025-04-04 04:00:44.649788,0 days 00:00:26.461149,0.09663250934013612,0.3328378638587138,16,0.028510565907470132,0.04081921601809679,0.09624868009525361,0.03065154022526221,0.0018088602807964354,0.05570795282588524,2.9268786973294848e-05,21,122,0.009224433949209356,0.009427870214975778,True,False,False,0.000983655593462586,COMPLETE
132,0.6541093468666077,2025-04-04 04:00:44.694078,2025-04-04 04:01:10.618011,0 days 00:00:25.923933,0.03207277503982171,0.3064015188440932,16,0.022496964676329223,0.05165355003553582,0.09979735045314321,0.019443102730283837,0.01703166961999448,0.051142213076198303,1.5578660880278687e-05,20,118,0.006520055378804349,0.04647194331614484,True,False,False,0.0006079708061386011,COMPLETE
133,0.6294729948043823,2025-04-04 04:01:10.661411,2025-04-04 04:01:36.461338,0 days 00:00:25.799927,0.029372504036893787,0.27456136361090233,16,0.02151416590992123,0.006066595265133968,0.09976314775776546,0.020331208633481857,0.01433080825693508,0.051128879346943865,2.030559259122085e-05,20,118,0.006459811156582605,0.03452652156649371,True,False,False,0.0006203257368999434,COMPLETE
134,0.29052439928054813,2025-04-04 04:01:36.505569,2025-04-04 04:02:03.941371,0 days 00:00:27.435802,0.060269462559580114,0.3119432296171231,16,0.012896765773147724,0.0007277655029542043,0.09978851740470236,0.020289767350662645,0.015818309543597996,0.051674303256512844,1.8480373691297483e-05,23,118,0.006536621090371621,0.04561199445286035,True,False,False,0.000607550974486762,COMPLETE
135,0.6479874968528748,2025-04-04 04:02:03.985437,2025-04-04 04:02:29.535811,0 days 00:00:25.550374,0.010838341941302083,0.26255796726320296,16,0.02301111488155611,0.05084555946992451,0.09243192220318155,0.018065959419526965,0.01904013397146962,0.054068867672163914,1.6236540411714197e-05,20,113,0.013451780318239126,0.056942107906700165,True,False,False,0.0007214444889714658,COMPLETE
136,0.6498999476432801,2025-04-04 04:02:29.581207,2025-04-04 04:02:55.600749,0 days 00:00:26.019542,0.09433200755762863,0.25773651837933353,16,0.021212470101789258,0.05211541583111845,0.09736616080999527,0.014015545997025942,0.01889724787557597,0.05400481641681029,1.4157099063753457e-05,21,114,0.01250896674568178,0.055117734724695354,True,False,False,0.0007291313578263669,COMPLETE
137,0.6021535396575928,2025-04-04 04:02:55.645648,2025-04-04 04:03:21.574396,0 days 00:00:25.928748,0.014413519993688673,0.2609237721835438,16,0.02117294661897891,0.037961378821937605,0.09270364485750889,0.013178242847858717,0.01815066179406828,0.04972366949030584,1.462809022247871e-05,20,115,0.005076735856876836,0.05489002507622019,True,False,False,0.0007216743604425207,COMPLETE
138,0.6488595962524414,2025-04-04 04:03:21.629013,2025-04-04 04:03:47.536817,0 days 00:00:25.907804,0.01680637643279073,0.18049426211392708,16,0.02169923582046549,0.05051498841702226,0.09265315127648277,0.01092848296674824,0.018083784381019062,0.05059422030832551,1.3630365159493414e-05,20,115,0.011582656941998545,0.052503963221679634,True,False,False,0.0004136839332571855,COMPLETE
139,0.5207627773284912,2025-04-04 04:03:47.583355,2025-04-04 04:04:13.875765,0 days 00:00:26.292410,0.08439032079664324,0.16632577108144092,16,0.007468145000007583,0.05242721364507194,0.09775095717666565,0.008359706073326383,0.01977484599727766,0.0529054803841693,1.0204676810085792e-05,21,118,0.011990642345260243,0.023772006494174866,True,False,False,0.0005462100582088267,COMPLETE
140,0.6613249063491822,2025-04-04 04:04:13.925135,2025-04-04 04:04:41.335743,0 days 00:00:27.410608,0.10582030724337413,0.2199666504428837,16,0.024807094804477438,0.05459747385651444,0.09597267054691122,0.005958448368837013,0.022660017983914975,0.06347439500798842,1.2515569371269878e-05,23,114,0.012481578899554101,0.04956833325552751,True,False,False,0.0003977075353690817,COMPLETE
141,0.6670266389846802,2025-04-04 04:04:41.382597,2025-04-04 04:05:08.760406,0 days 00:00:27.377809,0.04832000801730785,0.22292898029427097,16,0.027963378764412142,0.04909334694096276,0.09659128612301304,0.0042459998297713795,0.024022921919671723,0.06371549066001514,1.2454028802056971e-05,23,114,0.009149406226545002,0.04951180437303609,True,False,False,0.00034706332191109565,COMPLETE
142,0.6640135049819946,2025-04-04 04:05:08.807441,2025-04-04 04:05:36.691930,0 days 00:00:27.884489,0.04126632454537574,0.2211745996536399,16,0.0275965854244257,0.04762949757651572,0.0967806982553194,0.00796815326981219,0.023246272863500318,0.0601935965454183,1.2603160034194378e-05,23,114,0.012376928716993717,0.05735817827388084,True,False,False,0.00037862375344705087,COMPLETE
143,0.6685210585594178,2025-04-04 04:05:36.738857,2025-04-04 04:06:03.820087,0 days 00:00:27.081230,0.05589488760708664,0.1073497765935365,16,0.027870365562312385,0.05422561763072355,0.09705701778328198,0.003861985505533052,0.02332276300530133,0.06012162976651805,1.340454139621639e-05,23,112,0.013180920541040973,0.05694959852816722,True,False,False,0.0003899655552390686,COMPLETE
144,0.5120274543762208,2025-04-04 04:06:03.869716,2025-04-04 04:06:30.984504,0 days 00:00:27.114788,0.045757126892554754,0.16938618324032362,16,0.029265743612237598,0.05499611192976173,0.09725738587526399,0.0040360235199513594,0.023856467266268274,0.059496722401643255,1.2125398329545189e-05,23,113,0.019640001586401196,0.05878518917825242,True,False,False,0.0003890785941423414,COMPLETE
145,0.6425731897354127,2025-04-04 04:06:31.032956,2025-04-04 04:06:58.628783,0 days 00:00:27.595827,0.058651483579182366,0.026481767420025726,16,0.024433077862222406,0.047970211912547724,0.08991058167080909,0.005642496705655002,0.026614364629814393,0.05104061480836982,1.4169431197277927e-05,24,108,0.012418535252009637,0.04013134102520945,True,False,False,0.00040218264849819715,COMPLETE
146,0.4154506385326386,2025-04-04 04:06:58.676814,2025-04-04 04:07:23.808001,0 days 00:00:25.131187,0.035504689915810725,0.02506462724585319,16,0.02404712430644048,0.0464403729549981,0.08954962545341273,0.0038446601150829898,0.02701139778788495,0.054032145052931656,1.3374078878690395e-05,25,107,0.01580268143095024,0.03207862972560384,False,False,False,0.00030536440219178327,COMPLETE
147,0.6501368403434753,2025-04-04 04:07:23.856220,2025-04-04 04:07:51.237463,0 days 00:00:27.381243,0.012475700059816647,0.0903720629445372,16,0.017469391775409952,0.05124753175360122,0.0848034592307777,0.006077346333532684,0.023318613034687692,0.052060174648670764,1.4890173033262436e-05,23,113,0.012668900348187418,0.052609707580580485,True,False,False,0.00040102379281562454,COMPLETE
148,0.6629743695259094,2025-04-04 04:07:51.286090,2025-04-04 04:08:18.014786,0 days 00:00:26.728696,0.010634520094940522,0.09233964471595421,16,0.01715249838788393,0.05498283692885039,0.09553790922616337,0.006843991310709347,0.025117091995504284,0.050028543648947515,1.1796609235779423e-05,23,102,0.012794071175002803,0.050796417138192294,True,False,False,0.00021757711079955683,COMPLETE
149,0.4686973989009858,2025-04-04 04:08:18.063206,2025-04-04 04:08:45.370064,0 days 00:00:27.306858,0.017623411933056245,0.09762217287037193,16,0.017145373968384538,0.0686509092559717,0.09402504319041048,0.006553232756715679,0.02447944265551654,0.050076316948725955,1.393661008064816e-05,23,112,0.01821405145059005,0.054420378899284236,True,False,False,0.00019873005145040916,COMPLETE
150,0.6697484254837036,2025-04-04 04:08:45.419335,2025-04-04 04:09:13.474405,0 days 00:00:28.055070,0.03273344812153424,0.07542985610139312,16,0.027200588633506304,0.055514134911748024,0.09617014534888346,0.0016567904730871719,0.026709120477841016,0.047985986550707425,1.0398332261892258e-05,24,109,0.012482098140055534,0.05769267570845149,True,False,False,0.0003478224779365339,COMPLETE
151,0.6718982577323914,2025-04-04 04:09:13.532892,2025-04-04 04:09:40.928408,0 days 00:00:27.395516,0.06624599322290531,0.07127789840750838,16,0.02874573016141206,0.05696798090249178,0.09598918162947764,0.0019235159897347922,0.026400914010050517,0.051026074282954755,1.1006338619296143e-05,24,101,0.012803823628775383,0.05913336828365978,True,False,False,0.0003456989373420519,COMPLETE
152,0.670474398136139,2025-04-04 04:09:40.978197,2025-04-04 04:10:08.490778,0 days 00:00:27.512581,0.014969119896991397,0.07141107713660001,16,0.027411462128724924,0.055156767650655254,0.09645521658830225,0.0011043401768779711,0.028021556301950357,0.050666335556333604,1.1274107919219514e-05,24,104,0.012812155115601073,0.058504422546027036,True,False,False,0.00034975797063323803,COMPLETE
153,0.6719045281410218,2025-04-04 04:10:08.540397,2025-04-04 04:10:36.140137,0 days 00:00:27.599740,0.06624074478769598,0.07900301593807027,16,0.028688773023346256,0.05547532516507678,0.08478631278043688,0.0010544556617481148,0.026601492594521218,0.04825671935269387,1.0513101539704829e-05,24,102,0.01269272901968798,0.05584009515486366,True,False,False,0.00033030309598788946,COMPLETE
154,0.6718982577323914,2025-04-04 04:10:36.189735,2025-04-04 04:11:04.398530,0 days 00:00:28.208795,0.017616976145328422,0.09171069365314989,16,0.02983241799638174,0.055847340581952676,0.09610254367996875,0.001170157142779215,0.02763678385339747,0.04784033025136142,1.0448988984103881e-05,25,103,0.015097514011152936,0.05916159279975015,True,False,False,0.000233793523017398,COMPLETE
155,0.6732671976089477,2025-04-04 04:11:04.448731,2025-04-04 04:11:32.371956,0 days 00:00:27.923225,0.07001227708512937,0.07430218467548695,16,0.030694101439777115,0.0575430084956578,0.07817711249397345,0.0012635311639445667,0.027912011243521145,0.048415966839695825,1.0456560428713261e-05,25,102,0.016153074188612816,0.07678201334743143,True,False,False,0.00022976741690144693,COMPLETE
156,0.6718633890151978,2025-04-04 04:11:32.423031,2025-04-04 04:12:00.598442,0 days 00:00:28.175411,0.06201917470818173,0.08793803726872484,16,0.030874475394460837,0.057618640778252336,0.07854899914330436,0.0012069592716248967,0.029337373667970144,0.047753609085525776,1.0267482002779449e-05,25,102,0.015445123409872216,0.060319967710172194,True,False,False,0.00022114407408913687,COMPLETE
157,0.6726053714752198,2025-04-04 04:12:00.649717,2025-04-04 04:12:28.742899,0 days 00:00:28.093182,0.07285637835576365,0.06797614871745547,16,0.030023131926125952,0.05956619255984873,0.07504670513488491,0.004030875711523744,0.027844594401876404,0.04344067173386388,1.0213585043117967e-05,25,103,0.015178322370680107,0.07464723687064419,True,False,False,0.00022906191527086346,COMPLETE
158,0.6727834939956665,2025-04-04 04:12:28.793726,2025-04-04 04:12:57.298496,0 days 00:00:28.504770,0.06897237180675707,0.06198890465294561,16,0.030701994138348197,0.059368335270503635,0.07452948663628385,0.0010541313636609675,0.028073229184460053,0.04460205567269372,1.0003603072348252e-05,26,102,0.015553379605904633,0.07250544596509849,True,False,False,0.0002260041620380697,COMPLETE
159,0.4606518924236298,2025-04-04 04:12:57.351255,2025-04-04 04:13:25.934534,0 days 00:00:28.583279,0.06689079868096107,0.06351988942491514,16,0.029526545250567433,0.0649949251286171,0.0756815984678433,0.0010680718075274662,0.02838846218006511,0.04801196082123111,1.0928255216569706e-05,27,101,0.021862548593092487,0.07512793171933715,True,False,False,0.00024729807843789395,COMPLETE
160,0.6732671976089477,2025-04-04 04:13:25.987159,2025-04-04 04:13:53.837933,0 days 00:00:27.850774,0.07252332528235947,0.06461295692678125,16,0.031669246521086644,0.058520149989684286,0.07866416837022179,0.0029541057471676943,0.031469685274665496,0.04295835137064028,1.0894879832588542e-05,25,103,0.015149689909222521,0.07669707244052794,True,False,False,0.00016128841129788317,COMPLETE
161,0.6732237696647644,2025-04-04 04:13:53.891037,2025-04-04 04:14:21.995076,0 days 00:00:28.104039,0.06641396822301818,0.05698123764929445,16,0.033617684612864664,0.060938237536966436,0.07266772298404069,0.002836933515856425,0.03161523832261128,0.0442444010066628,1.0101121539278776e-05,25,104,0.015616838391958852,0.07265619874284573,True,False,False,0.00021048473528596776,COMPLETE
162,0.672347903251648,2025-04-04 04:14:22.056190,2025-04-04 04:14:50.034988,0 days 00:00:27.978798,0.06746420777366467,0.06946987110729205,16,0.02952948526730421,0.059538067245470803,0.07654020321886382,0.00298814881361467,0.03242534787749912,0.04404147066093498,1.067692113662703e-05,25,104,0.015699372784365933,0.07761954764868342,True,False,False,0.0001677632004361459,COMPLETE
163,0.6725757002830506,2025-04-04 04:14:50.088554,2025-04-04 04:15:17.985589,0 days 00:00:27.897035,0.07613691745888575,0.06248082206633904,16,0.030931127033925355,0.06004119915587074,0.07361963156288448,0.0030310901589941,0.03075679015865548,0.04410144298744023,1.0636753019257861e-05,25,103,0.016946162452495354,0.07445536298565843,True,False,False,0.00017491384402901387,COMPLETE
164,0.6748958826065065,2025-04-04 04:15:18.040149,2025-04-04 04:15:46.185293,0 days 00:00:28.145144,0.07108148910933793,0.061620000882785735,16,0.031304292933229026,0.0597518638499613,0.0776049808734351,0.003252565624066942,0.031715686894146014,0.04347846756101976,1.0115030266134402e-05,25,99,0.01572319108766568,0.08512379097735993,True,False,False,0.0001688031164432913,COMPLETE
165,0.5965368986129761,2025-04-04 04:15:46.240364,2025-04-04 04:16:14.237443,0 days 00:00:27.997079,0.06825372800447184,0.05969811356403222,16,0.20971346630641113,0.060902841378655384,0.07278128831959063,0.0029232712991247136,0.032750009378958,0.04333127491571524,1.0053424320859297e-05,25,104,0.015765229592091375,0.0862890771899767,True,False,False,0.00015519616160457856,COMPLETE
166,0.4962781071662903,2025-04-04 04:16:14.293621,2025-04-04 04:16:41.972652,0 days 00:00:27.679031,0.0720010332866311,0.1219137759687198,16,0.031994427474836724,0.07203517971386862,0.07927655170853179,0.0022619710569822364,0.030439072018224905,0.04209576752869866,1.0767840588377296e-05,25,99,0.02049735221799843,0.07821094836111928,True,False,False,0.00017802216547658552,COMPLETE
167,0.6749685287475586,2025-04-04 04:16:42.026701,2025-04-04 04:17:10.169102,0 days 00:00:28.142401,0.07898960476030606,0.07686364236213705,16,0.04851263755581992,0.06827273519725943,0.07562472426929412,0.00418794158095373,0.027833532179246636,0.04516509761414067,1.0131366978731564e-05,26,96,0.018708945964129763,0.07396126215974186,True,False,False,0.0003069063850493109,COMPLETE
168,0.6748102426528931,2025-04-04 04:17:10.223313,2025-04-04 04:17:38.300909,0 days 00:00:28.077596,0.0789078313679476,0.07536366307888856,16,0.04940543784163014,0.06635025600711254,0.06858756782523587,0.0014475966036430205,0.03388428678200368,0.04453105867404862,1.0071220230149969e-05,26,96,0.017684045774581325,0.07286452290754054,True,False,False,0.00014392750852244935,COMPLETE
