number,value,datetime_start,datetime_complete,duration,params_alpha-eval,params_alpha-train,params_batch-size,params_eps-eval,params_eps-train,params_lambda-actions-eval,params_lambda-actions-train,params_lambda-frames-eval,params_lambda-frames-train,params_learning-rate,params_n-epochs,params_n-frames,params_radius-gw,params_rho,params_std-feats,params_ub-actions,params_ub-frames,params_weight-decay,state
910,0.999757480621338,2025-04-24 07:13:51.015731,2025-04-24 07:15:17.862240,0 days 00:01:26.846509,0.4453712775630343,0.5506101657442248,2,0.002871197437756018,0.009491720406229918,0.08639993109103583,0.05064270974887672,0.030080191916171218,0.04293396662869005,0.02226109104874377,22,19,0.010259534778838186,0.12480815952420805,True,False,False,7.06713063318411e-08,COMPLETE
911,0.29052439928054813,2025-04-24 07:15:18.146689,2025-04-24 07:16:50.329423,0 days 00:01:32.182734,0.46943671976913415,0.5700825561696338,2,0.1518408731708844,0.004438647974024445,0.08353781843212973,0.04562501279626713,0.03504127843967942,0.043509270986444734,0.01949963347397093,23,58,0.009552349925185319,0.13096148484671039,True,False,False,6.874943102586527e-06,COMPLETE
912,0.4094860672950745,2025-04-24 07:16:50.625496,2025-04-24 07:18:19.771822,0 days 00:01:29.146326,0.4641905305537343,0.5563623546301727,2,0.007201369929808393,0.010681742357505181,0.08174145096846165,0.04157425329865688,0.03844523507101894,0.041699343753580385,0.022508250438476658,23,24,0.043144247662373125,0.14044913474611254,True,False,False,0.0004468045112604889,COMPLETE
913,0.29052439928054813,2025-04-24 07:18:20.072645,2025-04-24 07:19:47.267223,0 days 00:01:27.194578,0.4911419517443936,0.5500388970294741,2,0.0009270467714095846,0.0003836751918269085,0.08611511739057857,0.03800901579803281,0.06243571122177514,0.045605517794296835,0.016706780686518093,22,32,0.008063771198945736,0.1266949703620568,True,False,False,0.0001888353843806628,COMPLETE
914,0.5534436225891114,2025-04-24 07:19:47.571869,2025-04-24 07:21:15.123757,0 days 00:01:27.551888,0.45245897455458883,0.5525508383177927,2,0.004782848102847834,0.008071463656540729,0.08402090461072495,0.016687437259462895,0.08064895322110231,0.04628635967397822,0.020560285875170975,22,22,0.009617853209893184,0.1388069806859825,True,False,False,8.708348224265017e-07,COMPLETE
915,0.3715466558933258,2025-04-24 07:21:15.409241,2025-04-24 07:22:47.165608,0 days 00:01:31.756367,0.448803040830882,0.5702737440066705,2,0.20585588776104025,0.17108247279242328,0.0816795886979571,0.0524764528629824,0.03311709516452545,0.04334772198440309,0.022437918590958967,22,150,0.005425166052324203,0.125487314020737,True,False,False,2.8699371712308626e-07,COMPLETE
916,0.34740843772888186,2025-04-24 07:22:47.462878,2025-04-24 07:23:25.641967,0 days 00:00:38.179089,0.48471799072338945,0.541371874001771,8,0.005589094889293242,0.12458245858723005,0.08605729234740273,0.04889363638271651,0.035902127218430335,0.029823258113548707,0.016703506133878804,29,20,0.07578754230694926,0.13566536948275323,True,False,False,0.00012453112159343372,COMPLETE
917,0.48012365102767945,2025-04-24 07:23:25.943009,2025-04-24 07:24:57.252460,0 days 00:01:31.309451,0.46261524327933407,0.5977125390948053,2,0.01935090333399961,0.01071784112783819,0.06002574790858314,0.04283017857306124,0.04938144154002285,0.047262548435375626,0.027309335961009235,23,29,0.010262772395317074,0.12153172775408101,True,False,False,0.00030223899163547206,COMPLETE
918,1.0,2025-04-24 07:24:57.553549,2025-04-24 07:26:49.580773,0 days 00:01:52.027224,0.4642164522158082,0.5288632151518449,2,0.014669953003745757,0.004876692037277534,0.08458525151313616,0.05600638358095501,0.044418033100076484,0.035329858478233125,0.023257546625617534,30,25,0.00780091560975194,0.13180213052003287,True,False,False,4.974608152874562e-07,COMPLETE
919,0.3467376232147217,2025-04-24 07:26:49.869431,2025-04-24 07:28:27.624676,0 days 00:01:37.755245,0.4631557547242476,0.511104357943971,2,0.02002321476058332,0.0037109983611860594,0.08092686085528646,0.05829843164717904,0.03747216692931268,0.03844392799977159,0.022884470892419177,30,24,0.010609927941406527,0.1325787827322834,True,True,False,8.277018863237072e-08,COMPLETE
920,0.39997754096984867,2025-04-24 07:28:27.924289,2025-04-24 07:30:19.032295,0 days 00:01:51.108006,0.4792225411241353,0.5438971812739891,2,0.0042221720886351476,0.004494907443581022,0.08303744221680932,0.05688592503938397,0.04528061035067563,0.03265039450611981,0.01927113573133948,30,21,0.008637051063966764,0.12891972498913523,False,False,False,5.0443335222357545e-08,COMPLETE
921,0.29052439928054813,2025-04-24 07:30:19.335616,2025-04-24 07:32:11.772538,0 days 00:01:52.436922,0.49397173530344296,0.5636985680106628,2,0.01572516493190199,0.0012744948982988478,0.0844231216875409,0.05523734269528371,0.031916511188091086,0.030876779765070587,0.024509806631078615,30,25,0.011259291312342259,0.13776643261191665,True,False,False,1.2247912838484116e-06,COMPLETE
922,0.29052439928054813,2025-04-24 07:32:12.075715,2025-04-24 07:34:00.934418,0 days 00:01:48.858703,0.47538828509755765,0.5225031533393307,2,0.004573374174734361,0.00020729137465060402,0.08209886620643322,0.05842355076652873,0.04286105509297419,0.042212665537858345,0.019325150055661308,29,19,0.012087173007678155,0.1263821247921049,True,False,False,1.1067385518262223e-07,COMPLETE
923,0.4160239934921265,2025-04-24 07:34:01.223434,2025-04-24 07:35:54.280267,0 days 00:01:53.056833,0.44517283538802804,0.5319554107376387,2,0.012960802896391972,0.009193498809729462,0.08391138252320993,0.06122243282479328,0.04808561944036957,0.04460609529492079,0.026815347099494933,30,23,0.008346753677872088,0.13339345337897715,True,False,False,2.828154348026585e-08,COMPLETE
924,0.48509672880172733,2025-04-24 07:35:54.580177,2025-04-24 07:37:43.306637,0 days 00:01:48.726460,0.4437496653008465,0.5300335929438611,2,0.01063527446626442,0.008739176720610867,0.07987483739586677,0.053353368771438835,0.01940661462341923,0.03883820062753886,0.02281026214698595,29,26,0.007571150098309737,0.1304942261518078,True,False,False,1.3200254925540929e-07,COMPLETE
925,0.9979745745658875,2025-04-24 07:37:43.608992,2025-04-24 07:39:36.325848,0 days 00:01:52.716856,0.4696229460629084,0.5394318447580126,2,0.010849758273175901,0.014158317393334466,0.0855075636114778,0.054687951730098126,0.0402536579954296,0.03487685720026205,0.017450971330079727,30,19,0.012296385576118181,0.12276493539833838,True,False,False,6.19696184246101e-08,COMPLETE
926,0.4160239934921265,2025-04-24 07:39:36.636985,2025-04-24 07:41:30.431601,0 days 00:01:53.794616,0.44808796526433325,0.5370166524452263,2,0.013944983978033398,0.01421952230870394,0.08531671312263578,0.055830493049532165,0.04023081272917133,0.03617100660582398,0.01681789119585941,30,20,0.012304309050843069,0.12546775352989434,True,False,False,5.109744769124801e-08,COMPLETE
927,0.4088877022266388,2025-04-24 07:41:30.719773,2025-04-24 07:43:23.130689,0 days 00:01:52.410916,0.46294210016938314,0.5566604719950725,2,0.007138304077998722,0.014768401141497389,0.08290108252576463,0.0568492587076158,0.03896252375250521,0.034570006541346954,0.018110427096437596,30,23,0.010448955961462152,0.1316742381592102,True,False,False,2.053466386314473e-07,COMPLETE
928,0.4197419703006745,2025-04-24 07:43:23.430565,2025-04-24 07:44:51.168650,0 days 00:01:27.738085,0.42980222425232706,0.5453501035935003,2,0.007772543664543885,0.013712254057398052,0.08486527684687074,0.05934773720447182,0.040776818440139834,0.028993309295400525,0.020364177153124028,22,26,0.012919510851107789,0.12270245881310482,True,False,False,1.5267049037432803e-07,COMPLETE
929,0.4155439674854279,2025-04-24 07:44:51.471276,2025-04-24 07:46:45.011134,0 days 00:01:53.539858,0.4707635398099515,0.5249345880507544,2,0.019965831774044984,0.007128662122905566,0.08033882414105675,0.05552809889243941,0.03622461611546612,0.0333099109791543,0.019029280520621906,30,21,0.009482209760984432,0.14079348014157206,True,False,False,8.949697742268213e-08,COMPLETE
930,0.8640101075172424,2025-04-24 07:46:45.316026,2025-04-24 07:48:37.883723,0 days 00:01:52.567697,0.43570647823805714,0.5266995942178132,2,0.0009367732886231737,0.016963469099241735,0.08517327501534405,0.05787250280681179,0.03795895709614869,0.03682569352591865,0.015021160257382697,30,24,0.011687625109340254,0.13564055949748335,True,False,False,2.0060018087207802e-07,COMPLETE
931,0.5266438961029053,2025-04-24 07:48:38.174242,2025-04-24 07:50:29.764746,0 days 00:01:51.590504,0.46642010475818524,0.5149414046150148,2,0.005626294589640855,0.015926711626859172,0.08286529828731425,0.05404938756367491,0.04192835048607112,0.03676981995348848,0.023761591612343654,30,18,0.01365670046861105,0.12766137928573473,True,False,False,8.569793985269303e-08,COMPLETE
932,0.4160239934921265,2025-04-24 07:50:30.067406,2025-04-24 07:52:22.522422,0 days 00:01:52.455016,0.4571074462181784,0.5183449620468988,2,0.00841082186412437,0.00967176417820326,0.08691151231710458,0.0558832184160131,0.03930492781517792,0.035070362895386106,0.0216778440195259,30,21,0.006381582022301958,0.12329364994304562,True,False,False,6.043827430533031e-08,COMPLETE
933,0.29052439928054813,2025-04-24 07:52:22.826427,2025-04-24 07:54:15.095610,0 days 00:01:52.269183,0.4388580885212777,0.5270995888942994,2,0.011033858043660052,0.00032892351010076724,0.08606348617723401,0.05446287605304672,0.035181185712656673,0.033782835451165394,0.01585632823699559,30,27,0.01122889753322912,0.12069828569684028,True,False,False,7.222981312660821e-08,COMPLETE
934,0.5531125068664551,2025-04-24 07:54:15.402049,2025-04-24 07:56:07.896242,0 days 00:01:52.494193,0.48542377496131883,0.5508340797459436,2,0.014103576381917894,0.011601618678735121,0.08294116779940915,0.05339443070713931,0.03757228429369243,0.0356146398322948,0.027807407910605098,29,18,0.009941258005451831,0.13397556946564532,True,False,False,0.00015101491113755593,COMPLETE
935,0.9588233590126038,2025-04-24 07:56:08.204514,2025-04-24 07:57:59.990483,0 days 00:01:51.785969,0.4417614682576752,0.5489008482185485,2,0.019063685018758422,0.018441754952848565,0.08676460928294225,0.05666842209573059,0.04136085335389168,0.039154408690939134,0.018395036486214236,30,24,0.008149845996321459,0.12640695196275045,True,False,False,5.4310558725744096e-08,COMPLETE
936,0.3475922644138337,2025-04-24 07:58:00.282441,2025-04-24 07:58:30.511801,0 days 00:00:30.229360,0.42987404527946627,0.5700776673365389,8,0.008046075340036481,0.005888096101900999,0.08566371810798357,0.06088572210554599,0.04004410844943393,0.03302724050892504,0.02412424742824556,19,27,0.013501481538841469,0.001503354833900239,True,False,False,3.7591413969652194e-08,COMPLETE
937,0.5530901551246643,2025-04-24 07:58:30.817992,2025-04-24 07:59:58.455093,0 days 00:01:27.637101,0.4711715909044602,0.5417521750699925,2,0.01381540387339617,0.02021974488140975,0.08216223951394624,0.05248468466295463,0.033852846550717804,0.03206648990247278,0.029346193073203734,22,19,0.004949847705309238,0.12075786332096486,True,False,False,6.534579667225771e-08,COMPLETE
938,0.999749767780304,2025-04-24 07:59:58.763852,2025-04-24 08:01:11.945388,0 days 00:01:13.181536,0.49497471647853786,0.5704302562872444,2,0.014167048194983252,0.013180849323075786,0.08410883012394775,0.05865680436124575,0.03671086522659408,0.04085694072148328,0.015496048206285475,21,22,0.006878637728210672,0.1292150328333838,True,True,False,1.7426350346183708e-06,COMPLETE
939,0.41205627322196964,2025-04-24 08:01:12.256918,2025-04-24 08:02:25.441454,0 days 00:01:13.184536,0.5083250507054204,0.5041241658724903,2,0.012885647149733299,0.005546086328717347,0.08034469853845011,0.06336256596450926,0.030311090920586734,0.040386414699145334,0.013988434274348358,21,28,0.004467849799808747,0.13742694001985992,False,True,False,3.892569428706861e-08,COMPLETE
940,0.6128419876098633,2025-04-24 08:02:25.736384,2025-04-24 08:03:41.443453,0 days 00:01:15.707069,0.5037432225280594,0.5714019496752629,2,0.0014201379591389583,0.00021563335274811177,0.08377571837855417,0.0610316690942406,0.032556576915593737,0.04286712872675177,0.015146668971647834,22,24,0.005925763339148067,0.13093720091310246,True,True,False,4.1418536175965e-08,COMPLETE
941,0.6792354822158814,2025-04-24 08:03:41.748626,2025-04-24 08:04:55.223081,0 days 00:01:13.474455,0.4913290438026453,0.525186299756595,2,0.01965980219259597,0.011281349318102832,0.08052488140827031,0.06018609305504817,0.03608917802514696,0.03777831359188787,0.01704784934322639,21,22,0.002556856697445967,0.1299981034450576,True,True,False,4.834380056884203e-07,COMPLETE
942,0.41333237886428836,2025-04-24 08:04:55.529951,2025-04-24 08:06:08.875136,0 days 00:01:13.345185,0.492572622891703,0.5753313149685584,2,0.014320601943192304,0.01196214714029805,0.0823454766245527,0.06047030048760098,0.03390702093260236,0.03550091462699274,0.014452885804717852,21,26,0.0076527058045729665,0.1351679731057429,True,True,False,6.947466261847475e-08,COMPLETE
943,0.41428116559982303,2025-04-24 08:06:09.185645,2025-04-24 08:07:22.379959,0 days 00:01:13.194314,0.49896743359468665,0.5558304649907652,2,0.01077872104785308,0.005668282511862126,0.08455453199233143,0.05894142342834918,0.07838462284646805,0.03710069074287548,0.018559826102991967,21,24,0.0051616700421567695,0.14292313741184368,True,True,False,2.9596639104545847e-07,COMPLETE
944,0.34540885090827944,2025-04-24 08:07:22.692392,2025-04-24 08:08:33.960198,0 days 00:01:11.267806,0.4614108562903095,0.5367824445971977,2,0.00667589749868952,0.015221743917935194,0.08157579563116837,0.06597121182479829,0.0371214227412475,0.03678242002629,0.016394641804109298,20,28,0.0067808406661669565,0.1293407892276521,True,True,False,1.8440847337066193e-06,COMPLETE
945,0.9951580405235291,2025-04-24 08:08:34.253209,2025-04-24 08:09:51.012363,0 days 00:01:16.759154,0.4714220642689305,0.5761468197175097,2,0.015681007440304685,0.00895924100689038,0.08437220996498111,0.059090570561528034,0.035280715391822204,0.03861695709356934,0.016927150809687947,22,22,0.00338253743750623,0.14185860880650278,True,True,False,1.1481772080763177e-07,COMPLETE
946,0.5523649096488953,2025-04-24 08:09:51.319450,2025-04-24 08:11:04.659810,0 days 00:01:13.340360,0.47486777391791374,0.512350692013297,2,0.0007942710972334843,0.01442928304145935,0.07934313028699842,0.0571848082308843,0.04316724620757815,0.04017880955104681,0.01343828036067114,21,30,0.004277326183494904,0.12572679871472917,True,True,False,6.106415739864522e-07,COMPLETE
947,0.41317167878150945,2025-04-24 08:11:04.968707,2025-04-24 08:12:15.965562,0 days 00:01:10.996855,0.4843507325339657,0.5430428012434686,2,0.02282785773583542,0.00541144475325085,0.04770232697547337,0.0644485194843524,0.034607182950797545,0.039937658545823033,0.02010530432833393,20,8,0.007578937088377652,0.1346781348666744,True,True,False,6.751257851433443e-07,COMPLETE
948,0.4112124741077423,2025-04-24 08:12:16.282314,2025-04-24 08:13:31.651408,0 days 00:01:15.369094,0.49757317316761573,0.5582204611644664,2,0.02469449184965528,0.017539190385070902,0.08758153487358286,0.05710577324172258,0.031721276614133646,0.04067177593149572,0.021200027577084737,22,21,0.0026891972714494154,0.12060909113824415,True,True,False,4.410074276556034e-07,COMPLETE
949,0.4160239934921265,2025-04-24 08:13:31.945965,2025-04-24 08:14:42.338094,0 days 00:01:10.392129,0.07977331564052048,0.5840802201940136,2,0.0013797751330835513,0.009830167281592226,0.08494298346037786,0.05473772488083528,0.038206749506178736,0.034322077649207784,0.014387782956260885,20,25,0.04867828544848496,0.12747638672083847,True,True,False,3.345643999266331e-08,COMPLETE
950,0.3631628155708313,2025-04-24 08:14:42.646683,2025-04-24 08:16:00.471097,0 days 00:01:17.824414,0.4458993020933612,0.5799067437162171,2,0.008104682931885942,0.0053293087371003595,0.03345373211774118,0.062001539276416745,0.036706846753071586,0.030546518788748967,0.025031568593312254,23,5,0.008661842814184181,0.11980716880741775,True,True,False,2.2201837758484166e-08,COMPLETE
951,0.39267335534095765,2025-04-24 08:16:00.780939,2025-04-24 08:17:13.643842,0 days 00:01:12.862903,0.4576327139019448,0.5370556504121285,2,0.016158036696071357,0.014218615296496519,0.0835989606362661,0.05571124873893302,0.04166347777471522,0.044874458549511186,0.020729595908180576,21,17,0.006405537019731591,0.12934609370226888,True,True,False,9.280324429348585e-07,COMPLETE
952,0.42370632290840154,2025-04-24 08:17:13.955474,2025-04-24 08:18:24.230325,0 days 00:01:10.274851,0.47101433465752934,0.5619371103724929,2,0.00017272861687705164,0.22632724083055625,0.05420988184258499,0.05740404176780915,0.033122447172447465,0.0418898172706557,0.001313621580991885,20,29,0.0010760614580791563,0.12408177871884464,True,True,False,4.182356609581707e-06,COMPLETE
953,0.4646115839481354,2025-04-24 08:18:24.543098,2025-04-24 08:19:56.116753,0 days 00:01:31.573655,0.1147442390966215,0.524859496162826,2,0.01603177288443717,0.0003898567581202255,0.08805674321372536,0.0537952504424304,0.0159607304800864,0.03165313037176201,0.017369539430063367,27,61,0.009290957831934364,0.1345605504649656,True,True,False,1.5868577015108367e-08,COMPLETE
954,0.35762870907783506,2025-04-24 08:19:56.416731,2025-04-24 08:21:12.152557,0 days 00:01:15.735826,0.4510029710392105,0.5671096079333073,2,0.011050779794515376,0.018775148500673064,0.0860675627729414,0.0515301179866924,0.04340967853262576,0.044082328929075806,0.013507117772013646,22,21,0.040659547668994996,0.14177933107829852,True,True,False,1.2771555959449476e-06,COMPLETE
955,0.4160239934921265,2025-04-24 08:21:12.462558,2025-04-24 08:22:37.763367,0 days 00:01:25.300809,0.03459110942799471,0.5859960918869619,2,0.009807442506487357,0.009380110571902831,0.04490120927377505,0.05577524163900116,0.04064757855364443,0.0440275446636894,0.0006195079672022079,21,14,0.004440830545438855,0.11825657142221213,True,False,False,3.1031104517769523e-06,COMPLETE
956,0.8713101625442505,2025-04-24 08:22:38.074050,2025-04-24 08:23:48.410257,0 days 00:01:10.336207,0.4243565521439633,0.5069685914189486,2,0.023771004257955246,0.020365592435820142,0.08292854706055236,0.051783895668236546,0.03719060467037897,0.03462404205268365,0.023200474812151303,20,26,0.0025899166143001106,0.12242167635046987,True,True,False,1.691384321912362e-06,COMPLETE
957,0.37659900784492495,2025-04-24 08:23:48.726195,2025-04-24 08:24:10.668140,0 days 00:00:21.941945,0.5040515611595404,0.5626423134354004,8,0.01757345645161258,0.012925536397107416,0.08787214175438907,0.05418547888470524,0.08571182263732763,0.04242736026682859,0.02794787293693954,12,10,0.006214000540792474,0.13056822332658247,True,True,False,2.0093816876691954e-07,COMPLETE
958,0.2971632838249207,2025-04-24 08:24:10.983199,2025-04-24 08:25:18.260861,0 days 00:01:07.277662,0.48382304885723615,0.548170189856553,2,0.026208565164691333,0.2110994284745535,0.08179659508972911,0.055819774328290606,0.030694537061752045,0.04051281404114426,0.01714756393467348,19,31,0.009869538833097383,0.13748439126533107,False,True,False,2.6303927469165573e-07,COMPLETE
959,0.4160239934921265,2025-04-24 08:25:18.560775,2025-04-24 08:26:47.026608,0 days 00:01:28.465833,0.4350735464847523,0.59663844442527,2,0.01212480543760578,0.006375622035279823,0.08487375302186959,0.05757297078742901,0.03966208130976187,0.037848070931679446,0.0017301601442815085,22,19,0.0351646962525387,0.11865426021794542,True,False,False,7.729329761638665e-08,COMPLETE
960,0.41518490314483647,2025-04-24 08:26:47.338695,2025-04-24 08:28:11.795319,0 days 00:01:24.456624,0.2688293721895995,0.590308780050636,2,0.006183578268727834,0.01861904060325778,0.06780547767308247,0.052136512145173876,0.0346121370112123,0.04792155719907563,0.021500385042450495,21,23,0.007413119833434013,0.12549654813184638,True,False,False,4.011644141916122e-06,COMPLETE
961,0.4142627775669098,2025-04-24 08:28:12.108020,2025-04-24 08:29:36.895136,0 days 00:01:24.787116,0.45575612379307845,0.5322607279233788,2,0.02028827686950055,0.01277312766424146,0.05802171771936143,0.05930717867352257,0.0819759260740412,0.0451246824453753,0.0008934752738505366,21,17,0.004673858647635837,0.11691278977740291,True,False,False,1.1356231801239204e-07,COMPLETE
962,0.9898906946182251,2025-04-24 08:29:37.212458,2025-04-24 08:31:08.383653,0 days 00:01:31.171195,0.29892253976411626,0.5798627717249563,2,0.012189888212774322,0.0070387067769250924,0.04941446036958865,0.050732664056989805,0.03825746400608114,0.048516668966311016,0.02590095662405065,23,26,0.010961136498598143,0.19326925915381485,True,False,False,7.763826568541951e-06,COMPLETE
963,0.44250319600105287,2025-04-24 08:31:08.700198,2025-04-24 08:32:27.862326,0 days 00:01:19.162128,0.9887874189671864,0.5576370537029833,2,0.002259900642961738,0.02132152232144052,0.08623354621167971,0.05859774394454949,0.008628075448021636,0.0418259402749401,0.014807035015897805,19,14,0.014177840825391976,0.13077974438701057,True,False,False,3.3776432678494686e-06,COMPLETE
964,0.29052439928054813,2025-04-24 08:32:28.165847,2025-04-24 08:33:47.871546,0 days 00:01:19.705699,0.2650671126525425,0.5182314858029141,2,0.023821207649152895,0.0002629043523654905,0.08814206342307498,0.05333230835936066,0.043981216987990894,0.047122294061010386,0.019086290266615222,20,22,0.008824011455846303,0.14481550756284287,True,False,False,2.1912345672057413e-06,COMPLETE
965,0.4375921130180359,2025-04-24 08:33:48.183726,2025-04-24 08:35:09.957941,0 days 00:01:21.774215,0.28071600373019884,0.5884951493414611,2,0.015584239496006616,0.013870624168597277,0.0851162417399135,0.062252860571462,0.03583389059722014,0.036049700376873654,0.028617481646442927,20,49,0.012616218838084822,0.12424478875845768,True,False,False,4.929218406697524e-08,COMPLETE
966,0.41456717848777774,2025-04-24 08:35:10.271151,2025-04-24 08:36:34.659319,0 days 00:01:24.388168,0.41855167694505785,0.5425463516986052,2,0.027714739807772674,0.009384101778831016,0.04142980500121589,0.04986529869342257,0.0420780129238114,0.049741039630071,0.02255656746537952,21,29,0.0035295810495585573,0.013523886183385792,True,False,False,2.365669197991583e-06,COMPLETE
