number,value,datetime_start,datetime_complete,duration,params_alpha-eval,params_alpha-train,params_batch-size,params_eps-eval,params_eps-train,params_lambda-actions-eval,params_lambda-actions-train,params_lambda-frames-eval,params_lambda-frames-train,params_learning-rate,params_n-epochs,params_n-frames,params_radius-gw,params_rho,params_std-feats,params_ub-actions,params_ub-frames,params_weight-decay,state
1752,1.0,2025-04-05 02:28:51.566065,2025-04-05 02:29:24.350508,0 days 00:00:32.784443,0.13031975197253093,0.3762295369202488,2,0.22776378887310567,0.07052447756990096,0.01654798298005246,0.037552441580719124,0.01015470517694992,0.09362685296371653,0.05915161104016781,6,31,0.004402242335231034,0.18220646457175285,True,False,True,3.903545060343821e-08,COMPLETE
1753,0.35783263444900515,2025-04-05 02:29:24.937499,2025-04-05 02:29:57.369262,0 days 00:00:32.431763,0.16390865348798922,0.378298064346398,2,0.23196954786929477,0.08065964927004354,0.014655231051461414,0.03263973113051701,0.01153720316421126,0.09632292859656971,0.054837216210708896,6,30,0.002893751220997994,0.18468881039681373,True,False,True,3.601490063730575e-08,COMPLETE
1754,0.2907038748264313,2025-04-05 02:29:57.940568,2025-04-05 02:30:30.619258,0 days 00:00:32.678690,0.1396809058386624,0.36837075828670385,2,0.22542327648525012,0.08805993903562706,0.011627782523478639,0.040946085251991796,0.018077795455968222,0.09174626355462806,0.05615729386859106,6,33,0.004188870540798743,0.19072976912295825,True,False,True,3.728862143640117e-08,COMPLETE
1755,0.3662026584148407,2025-04-05 02:30:31.207983,2025-04-05 02:31:03.587235,0 days 00:00:32.379252,0.04329671443572318,0.35357803579457414,2,0.23035973995258777,0.07671864765250029,0.01579331919610892,0.038587474372958445,0.014206965187708075,0.09244418878439671,0.013645051418761087,6,7,0.001020166777084853,0.18133673230856398,True,False,True,3.671704639597586e-08,COMPLETE
1756,0.29052439928054813,2025-04-05 02:31:04.180186,2025-04-05 02:31:36.596433,0 days 00:00:32.416247,0.17135054353440843,0.3667167204371133,2,0.23504659799540806,0.0840651545938977,0.01631013341335753,0.03513195476174921,0.011004487605827118,0.093745692405197,0.05682849409704909,6,18,0.0029904436210091375,0.1894418682881632,True,True,True,4.352374778650659e-08,COMPLETE
1757,0.29672316908836366,2025-04-05 02:31:37.167924,2025-04-05 02:32:09.088800,0 days 00:00:31.920876,0.028942767763114753,0.3941812285543574,2,0.2284191358387656,0.0734924661199321,0.012854720868298745,0.03719262981415772,0.007484747402076107,0.0920259746000149,0.05566795405722889,6,25,0.0010244506366317695,0.1958270711392787,False,False,True,3.506877658005982e-08,COMPLETE
1758,0.9974923491477967,2025-04-05 02:32:09.656397,2025-04-05 02:32:42.127856,0 days 00:00:32.471459,0.08951316653259805,0.41131424331018707,2,0.24201589993781641,0.07278032672919836,0.013598483622946005,0.040845359487328224,0.015909717841297764,0.09618284700213849,0.06357727428782652,6,30,0.001017182784681275,0.18076108136640018,True,False,True,1.6220626394707902e-07,COMPLETE
1759,0.2919506549835205,2025-04-05 02:32:42.722450,2025-04-05 02:33:15.374919,0 days 00:00:32.652469,0.09110951438435705,0.39280259442700816,2,0.2441503356655696,0.09623733642132232,0.014428961482241752,0.04212411765340795,0.01810099074370412,0.09736053587390897,0.05954571707349835,6,31,0.0010313977257345353,0.1877293975822779,True,False,True,1.5558902487753872e-07,COMPLETE
1760,0.3055933117866516,2025-04-05 02:33:15.948387,2025-04-05 02:33:48.564787,0 days 00:00:32.616400,0.07690289530307139,0.40244700948834455,2,0.24398803207179962,0.08301509946761554,0.014359527988700445,0.041136803603467303,0.016770372975762907,0.09648044340402774,0.05232261515796533,6,28,0.0028693736696868777,0.18305361435485706,True,False,True,4.336641326732862e-08,COMPLETE
1761,0.40125163793563845,2025-04-05 02:33:49.157505,2025-04-05 02:34:21.856413,0 days 00:00:32.698908,0.0999275855905171,0.3665412311799786,2,0.24671683860148363,0.08053458287875534,0.01570410127987841,0.041156399744190865,0.02110124336380022,0.09494574579820145,0.06404116457029098,6,26,0.002615376745769529,0.19640931134292636,True,False,True,3.206332239111752e-08,COMPLETE
1762,0.316210550069809,2025-04-05 02:34:22.435534,2025-04-05 02:34:54.684929,0 days 00:00:32.249395,0.0681986452399425,0.38293108798163955,2,0.24008866098279003,0.08717014039228647,0.012935563205904997,0.03993032164397933,0.019453690175925773,0.09578375608254557,0.05033492691764055,6,9,0.0028583511913110146,0.18113098971332867,True,False,True,4.935793068592996e-08,COMPLETE
1763,0.310097861289978,2025-04-05 02:34:55.278217,2025-04-05 02:35:27.697691,0 days 00:00:32.419474,0.1051284825661086,0.4034250457574371,2,0.25310754403934876,0.0786428308999997,0.016041306326311892,0.0423078868431505,0.016351093692577017,0.0963073416750606,0.06276552511325552,6,28,0.0010375836483748294,0.18917442233408568,True,False,True,4.116156353074542e-08,COMPLETE
1764,0.2981160461902619,2025-04-05 02:35:28.267616,2025-04-05 02:36:01.148559,0 days 00:00:32.880943,0.08403461141571536,0.3878585104448414,2,0.2506020473240103,0.07530506241660001,0.013560601595258261,0.0315740545101648,0.016767125209556404,0.09516184594365389,0.06456692177758724,6,29,0.004345986931095485,0.17702159486482288,True,False,True,1.2631368353372784e-07,COMPLETE
1765,0.29310997724533083,2025-04-05 02:36:01.743157,2025-04-05 02:36:16.847879,0 days 00:00:15.104722,0.06241477241970801,0.41044809795461656,16,0.2402527017910808,0.09151203107062443,0.015791096205533955,0.03918680218222891,0.01833078526908545,0.09446545640284268,0.06604816485039054,6,31,0.001037150763847341,0.19953206401405696,True,False,True,5.062230925356955e-08,COMPLETE
1766,0.30599782466888426,2025-04-05 02:36:17.417436,2025-04-05 02:36:52.630871,0 days 00:00:35.213435,0.11664102211778031,0.44313932264504224,2,0.24556744498808042,0.0733948597686399,0.013724367659828356,0.042094995472116224,0.01573150006567071,0.09841562025183237,0.05211538691415131,7,25,0.0010922950052893992,0.18380743552977005,True,False,True,3.034930345951199e-08,COMPLETE
1767,0.3039156556129456,2025-04-05 02:36:53.237171,2025-04-05 02:37:25.890698,0 days 00:00:32.653527,0.07944358640085587,0.41678396583922156,2,0.2371573888557227,0.08038072613399433,0.015719635805524265,0.037769695814649826,0.018648823902196927,0.0989653168986045,0.05444414598933938,6,31,0.0010421484727925587,0.19008923023205584,True,False,True,1.3939825234838275e-07,COMPLETE
1768,1.0,2025-04-05 02:37:26.458717,2025-04-05 02:37:58.930000,0 days 00:00:32.471283,0.05788581058621841,0.41261680224348946,2,0.2526379481970816,0.07054707137572752,0.011994826445795904,0.040376559404562876,0.02119828438314522,0.09717323918378427,0.07040916865228934,6,31,0.0044317908793600185,0.17540423357378557,True,False,True,9.85017780805619e-08,COMPLETE
1769,0.29493328332901003,2025-04-05 02:37:59.546347,2025-04-05 02:38:31.865211,0 days 00:00:32.318864,0.05514099108162311,0.42386046303460895,2,0.24802406068235894,0.0847714581198789,0.01232990461753221,0.034469282139230624,0.022130428950171994,0.09896842751520286,0.06790326554967273,6,29,0.0038387039993870915,0.17486683177037038,True,False,True,9.268745058721239e-08,COMPLETE
1770,0.3077346205711365,2025-04-05 02:38:32.441138,2025-04-05 02:39:05.106631,0 days 00:00:32.665493,0.047992691349174915,0.40711695212450655,2,0.2501549858132543,0.07673767554674453,0.01375155113976996,0.03658012008730377,0.02183519418909093,0.09837392938465364,0.07217393587084914,6,31,0.004065426361443513,0.17154682272134752,True,False,True,9.247826469180171e-08,COMPLETE
1771,0.29341050386428835,2025-04-05 02:39:05.696694,2025-04-05 02:39:38.239945,0 days 00:00:32.543251,0.04309787390774071,0.42032143766341723,2,0.2440251569916989,0.09056582230932159,0.014051067213991731,0.04019869937867396,0.019566838847392843,0.09408476645261692,0.06306983748729232,6,25,0.004281136037039071,0.17415965615102622,True,False,True,1.0561081894204276e-07,COMPLETE
1772,0.3770321667194366,2025-04-05 02:39:38.806534,2025-04-05 02:40:14.127406,0 days 00:00:35.320872,0.0626081214741068,0.4463558388212602,2,0.2520620000919312,0.08367075294794939,0.0162151212443508,0.04234316902389334,0.022954906961762618,0.09801663273744267,0.07534621645323239,7,31,0.003147397078089663,0.17751976737932323,True,False,True,7.252436537560647e-08,COMPLETE
1773,0.2949076235294342,2025-04-05 02:40:14.722406,2025-04-05 02:40:47.727877,0 days 00:00:33.005471,0.02670405166796972,0.40541026542679093,2,0.25373878191617444,0.07588323854099452,0.011659502601841858,0.038726447027937524,0.02390662390985088,0.09670700694007517,0.058304150143144134,6,33,0.005070761549237562,0.17081442587261297,True,False,True,6.438134409082856e-08,COMPLETE
1774,0.43642681241035464,2025-04-05 02:40:48.323398,2025-04-05 02:41:24.042787,0 days 00:00:35.719389,0.0785507080831978,0.4634125367319207,2,0.2413454246017567,0.07317150936807204,0.014349096828278849,0.04353313803663277,0.023448363505884206,0.09670493644014175,0.07233931594464188,7,29,0.0028882224643952993,0.17098820613449425,True,False,True,8.3723547653018e-08,COMPLETE
1775,0.29052439928054813,2025-04-05 02:41:24.629953,2025-04-05 02:41:57.589820,0 days 00:00:32.959867,0.04882659325862302,0.38498094997217164,2,0.251627077351301,0.08269933756701611,0.01588841573626885,0.03592656664238764,0.024436635040002524,0.09737734809050946,0.05979685570061728,6,32,0.005145060430908541,0.17789441474471515,True,True,True,1.0490682834102081e-07,COMPLETE
1776,0.319471549987793,2025-04-05 02:41:58.166164,2025-04-05 02:42:32.933924,0 days 00:00:34.767760,0.09422344372184203,0.44679488434709463,2,0.2513304438943247,0.0727870117261907,0.016937290719393965,0.03065458152692075,0.02080433908624462,0.09660168058317294,0.07312126224295243,7,27,0.0026870150944622354,0.1794122563121793,False,False,True,5.853600029151178e-08,COMPLETE
1777,0.29826046824455266,2025-04-05 02:42:33.530466,2025-04-05 02:43:06.125277,0 days 00:00:32.594811,0.07064159891656238,0.42046113552378395,2,0.25362581690375074,0.07881607214738096,0.0118229310315536,0.04052490798953899,0.021695207820490156,0.09936705546529469,0.08475389509084566,6,31,0.001084509211521056,0.1735793401987321,True,False,True,7.335550499379566e-08,COMPLETE
1778,0.35283548831939704,2025-04-05 02:43:06.694162,2025-04-05 02:43:36.415713,0 days 00:00:29.721551,0.028129426410856542,0.3944561606223332,2,0.24698853533338863,0.07221817672281619,0.013233718558918837,0.032866532727166005,0.02059287588085636,0.09657858465852383,0.05429800978729899,5,27,0.004926037840042823,0.17954183601168516,True,False,True,1.1051715833852589e-07,COMPLETE
1779,0.29137384295463564,2025-04-05 02:43:37.013870,2025-04-05 02:44:12.633324,0 days 00:00:35.619454,0.010495213062734241,0.4271838665174055,2,0.24114872266649504,0.09100939697666324,0.016932109656918232,0.038026456910563944,0.02431740797530464,0.09833733420638822,0.07071182361023812,7,24,0.005609743991047064,0.1706936280903915,True,False,True,8.972687771176338e-08,COMPLETE
1780,0.2671620428562165,2025-04-05 02:44:13.209793,2025-04-05 02:44:46.459864,0 days 00:00:33.250071,0.06079309811599694,0.3815681496717743,2,0.24568425338161703,0.10463846319156322,0.013958727472780968,0.04347626627875096,0.020464031929236487,0.09445546668485631,0.05046009794775877,6,34,0.0036202157274045975,0.17466853804249152,True,False,True,5.168438436310402e-08,COMPLETE
1781,0.3503060042858124,2025-04-05 02:44:47.058836,2025-04-05 02:45:17.234179,0 days 00:00:30.175343,0.09114964370507664,0.3799396673879179,2,0.25452017836916213,0.07145162829251475,0.01161569290286853,0.04088825185231772,0.004069403774751767,0.09983279117766217,0.08510323390316854,5,33,0.0036684423473509436,0.166456732575992,True,False,True,3.96407779639501e-08,COMPLETE
1782,0.3637295067310333,2025-04-05 02:45:17.810704,2025-04-05 02:45:50.526678,0 days 00:00:32.715974,0.04417402752018943,0.41721439938473115,2,0.23889885167690397,0.07141253366969408,0.015178171625065677,0.03877795959325086,0.006035470437536527,0.093071418600707,0.06233870254070257,6,31,0.003009644875943073,0.18236255599714826,True,False,True,5.99343384109879e-08,COMPLETE
1783,0.4106732487678528,2025-04-05 02:45:51.126234,2025-04-05 02:46:27.053210,0 days 00:00:35.926976,0.07704831181269618,0.33274439822931456,2,0.24794287675998683,0.07902828608592913,0.017036443551443105,0.03450097711457557,0.004689467048203099,0.09964545952780214,0.08534206755782767,7,27,0.005783771549391434,0.16812302302394752,True,False,True,7.565854183747457e-08,COMPLETE
1784,0.4086937189102173,2025-04-05 02:46:27.627313,2025-04-05 02:46:57.614337,0 days 00:00:29.987024,0.10350222334663416,0.3585224954841494,2,0.2393302089570017,0.07024436638030346,0.016607956363362472,0.0428678852160601,0.002267183721317508,0.09712694698271034,0.06335212067363397,5,23,0.0010599373903507833,0.18092178123261862,True,False,True,3.179200391276904e-08,COMPLETE
1785,0.2674160957336426,2025-04-05 02:46:58.212342,2025-04-05 02:47:33.206097,0 days 00:00:34.993755,0.057369981176274995,0.4438929412916197,2,0.25545887849638477,0.08284918254782318,0.01308669917364638,0.03688996330567251,0.006346355186047368,0.09504151272253847,0.07318698801525561,7,28,0.005879501814638084,0.17678065498789847,True,False,True,1.247184236455376e-07,COMPLETE
1786,0.3850279808044434,2025-04-05 02:47:33.806474,2025-04-05 02:47:49.338019,0 days 00:00:15.531545,0.08526141606177856,0.42907520676233224,16,0.23467592598518874,0.07669327489507996,0.014456298122955744,0.039603813458046803,0.0010631450527718435,0.09986576169468969,0.05034380727911632,6,34,0.0010759448377291444,0.18415893372172742,True,False,True,4.6285271705713154e-08,COMPLETE
1787,0.9984895825386048,2025-04-05 02:47:49.918715,2025-04-05 02:48:19.738919,0 days 00:00:29.820204,0.027088493424890815,0.42436435847572235,2,0.24187259499566335,0.06848985097931973,0.01674455897801659,0.04146830637650459,0.019007388386071036,0.09699760994708483,0.08435264220104886,5,29,0.0028482034566516723,0.17051940276027294,True,False,True,9.961737238941384e-08,COMPLETE
1788,0.3471617221832276,2025-04-05 02:48:20.317165,2025-04-05 02:48:50.342173,0 days 00:00:30.025008,0.02359140665789594,0.4190910622425331,2,0.24812048806168868,0.07753263712355178,0.01143131869928329,0.04403496394095724,0.022889232880775323,0.09723157488870295,0.08704611468552062,5,30,0.002918801546997695,0.18806797211518048,True,False,True,9.154990870523693e-08,COMPLETE
1789,0.3539559245109558,2025-04-05 02:48:50.939730,2025-04-05 02:49:21.120015,0 days 00:00:30.180285,0.032223796022704795,0.42797915842460604,2,0.2435508334007446,0.09019084885432221,0.015160923914815005,0.042058891106176964,0.019605631317583486,0.09552162252935716,0.0851066123456948,5,24,0.003128475470844377,0.20562894091531833,True,False,True,7.313798535353595e-08,COMPLETE
1790,0.2923305630683899,2025-04-05 02:49:21.701898,2025-04-05 02:49:51.712492,0 days 00:00:30.010594,0.029774331731813767,0.4108809302975035,2,0.2512423808769137,0.08681086009038438,0.01310322074778481,0.04389148252180892,0.021567114153415595,0.0999886426114982,0.08809848063344157,5,29,0.002789674880067173,0.16696371954130004,True,False,True,9.45049050303847e-08,COMPLETE
1791,0.3504667103290558,2025-04-05 02:49:52.309736,2025-04-05 02:50:22.361395,0 days 00:00:30.051659,0.013705920309928562,0.47184091931009753,2,0.256372662678569,0.0782775012867209,0.01708364292904116,0.042050088780975166,0.019569786510687786,0.09440558807067723,0.08618294145791068,5,20,0.003053613702491871,0.17381483967608868,True,False,True,6.748491907492997e-08,COMPLETE
1792,0.5569693207740785,2025-04-05 02:50:22.942615,2025-04-05 02:50:53.004804,0 days 00:00:30.062189,0.04320271769638484,0.4339658600352476,2,0.2447895342247211,0.07221557626901642,0.015246817649460745,0.04433328801654307,0.023603677558862713,0.09743735629371869,0.09968534470212331,5,26,0.0042592794982060835,0.16426186623672928,True,False,True,9.007291535856867e-08,COMPLETE
1793,0.2933242499828339,2025-04-05 02:50:53.602283,2025-04-05 02:51:23.373285,0 days 00:00:29.771002,0.01000523572124501,0.4062436553416953,2,0.252632059937637,0.08234237204856347,0.013152707546270527,0.04115443297316315,0.02332861534971065,0.0950797554887796,0.09916391058600361,5,30,0.0011092815297657614,0.17829162096813042,True,False,True,5.5480899703192006e-08,COMPLETE
1794,0.29052439928054813,2025-04-05 02:51:23.979365,2025-04-05 02:51:54.129455,0 days 00:00:30.150090,0.04451257196804038,0.3965165068110945,2,0.24369416344749198,0.07026427057243867,0.011348313138358932,0.0461499617011117,0.018388762897951688,0.09749377078510685,0.09937432185698668,5,33,0.004412407462302092,0.19529221516850506,True,True,True,7.681877030439531e-08,COMPLETE
1795,0.34357168674468996,2025-04-05 02:51:54.710509,2025-04-05 02:52:24.637767,0 days 00:00:29.927258,0.027758687208807677,0.442631012078982,2,0.2474040452570831,0.07621274662953695,0.016604728485897002,0.043582576463836085,0.01814499235038918,0.09558677919802917,0.09978054602145857,5,34,0.001070153749976517,0.18226674580542912,False,False,True,1.1003518326349711e-07,COMPLETE
1796,0.29484509825706484,2025-04-05 02:52:25.244944,2025-04-05 02:52:55.168760,0 days 00:00:29.923816,0.010047918878579984,0.39628729320145123,2,0.25628929476116846,0.08424970846031718,0.013854958090416484,0.04071860759596067,0.020993360690916375,0.09765851571929182,0.07405344324325301,5,31,0.002890169721092053,0.17018838743206227,True,False,True,5.518771865383239e-08,COMPLETE
1797,0.39246265888214116,2025-04-05 02:52:55.756213,2025-04-05 02:53:28.115878,0 days 00:00:32.359665,0.049381889056354544,0.38796191820203213,2,0.23845387219016229,0.06943462193495348,0.016838741626339793,0.03261598942048479,0.020543897389132173,0.09743802758716649,0.07403153801006897,6,24,0.005732606527779448,0.20144985692560585,True,False,True,6.594630064320505e-08,COMPLETE
1798,0.4061195850372315,2025-04-05 02:53:28.706766,2025-04-05 02:53:59.101772,0 days 00:00:30.395006,0.05539894454542503,0.37724908436017773,2,0.24828588701413098,0.06956748726070557,0.014697715549007884,0.04245529235766965,0.018953379734525183,0.09394107791565828,0.07439126240682596,5,28,0.002771931982153713,0.18785794464327082,True,False,True,4.2003379765531266e-08,COMPLETE
1799,0.8822029232978822,2025-04-05 02:53:59.702911,2025-04-05 02:54:32.992843,0 days 00:00:33.289932,0.0440520879534257,0.430403722721156,2,0.23974571258844157,0.07629371547101485,0.010654848586069634,0.03744979740290965,0.01688180627220837,0.09351911578606724,0.08416738390226482,6,35,0.00527572586893361,0.1766517163106843,True,False,True,8.577470867489127e-08,COMPLETE
1800,0.4074485421180726,2025-04-05 02:54:33.577994,2025-04-05 02:55:03.533208,0 days 00:00:29.955214,0.028865630945402863,0.36779095054290295,2,0.2506251929305974,0.07042038939499752,0.017156688805965326,0.03972602175496,0.02607366529879342,0.09923150676905587,0.07300670411570499,5,26,0.004618682073247619,0.16511873670501942,True,False,True,1.0525382161827584e-07,COMPLETE
1801,0.29321354627609253,2025-04-05 02:55:04.136613,2025-04-05 02:55:37.193690,0 days 00:00:33.057077,0.06860532669850965,0.4654005044902601,2,0.2428163881286406,0.07830022313260716,0.011708656211215104,0.045242561085357805,0.02145981440619345,0.09781675020586635,0.06546446399121154,6,34,0.0028033155082970848,0.19391909314213784,True,False,True,3.1961879439265916e-08,COMPLETE
1802,0.3850279808044434,2025-04-05 02:55:37.779981,2025-04-05 02:56:07.929481,0 days 00:00:30.149500,0.05970983625128241,0.40793018622762406,2,0.2565579457179656,0.09512722529818063,0.014704457600056287,0.03560625217665723,0.018955616875972713,0.0951081585441759,0.0837754361435073,5,31,0.006293377541694569,0.18333853914380155,True,False,True,5.102427765743755e-08,COMPLETE
1803,0.3970641374588013,2025-04-05 02:56:08.530371,2025-04-05 02:56:41.026375,0 days 00:00:32.496004,0.02943813394047999,0.35845666126805903,2,0.23842739475680888,0.06995009053431843,0.016950567272037163,0.04170383981907742,0.015580700690351402,0.09502483332570012,0.07270929906485168,6,20,0.0010558931960308535,0.1730104058109962,True,False,True,6.836705559160584e-08,COMPLETE
1804,0.6056722521781922,2025-04-05 02:56:41.607645,2025-04-05 02:57:16.894446,0 days 00:00:35.286801,0.06462177208604036,0.42503688254849853,2,0.26027471887883596,0.06888998532117882,0.012760235334747055,0.03896627859297888,0.01804107017356988,0.09679192704709003,0.061337109075265156,7,28,0.0029086200370254593,0.1870451975987203,True,False,True,3.7526092648325646e-08,COMPLETE
1805,0.5719677805900574,2025-04-05 02:57:17.499919,2025-04-05 02:57:47.374770,0 days 00:00:29.874851,0.03676719548902816,0.3519056629169935,2,0.24395195176967313,0.08682044473452637,0.014771029872660081,0.04729068317580741,0.020582477591479315,0.09543552625296135,0.08661307437060088,5,22,0.0056694263044090995,0.1626768754682519,True,False,True,1.1414703000081167e-07,COMPLETE
1806,0.35461245775222777,2025-04-05 02:57:47.972026,2025-04-05 02:58:20.510722,0 days 00:00:32.538696,0.0769716446713873,0.3992407113401054,2,0.23516453956784902,0.19428540262175345,0.01737506476564157,0.029476906585920417,0.02251811560482614,0.09390983487629344,0.055917086636959996,6,30,0.004455959012034584,0.1794766413714975,True,False,True,7.576599392428315e-08,COMPLETE
1807,0.3473428964614868,2025-04-05 02:58:21.114340,2025-04-05 02:58:56.647161,0 days 00:00:35.532821,0.0549370559764176,0.3769698333853847,2,0.24931958189678544,0.07889777087460545,0.012810830360462324,0.04355215741726466,0.014844151514241895,0.09627547799657332,0.09970628238571734,7,34,0.002705625568496283,0.20617627717909826,True,False,True,4.6063256211480565e-08,COMPLETE
1808,0.3383409559726715,2025-04-05 02:58:57.260055,2025-04-05 02:59:12.086063,0 days 00:00:14.826008,0.024820851185295804,0.4400554914293794,16,0.23602578892502238,0.06836119645010058,0.01571817381878193,0.04100522144509013,0.017236303126333063,0.09352267581039014,0.07291975093127942,5,26,0.006237694878636484,0.16925753384690545,True,False,True,6.175452809604198e-08,COMPLETE
