number,value,datetime_start,datetime_complete,duration,params_alpha-eval,params_alpha-train,params_batch-size,params_eps-eval,params_eps-train,params_lambda-actions-eval,params_lambda-actions-train,params_lambda-frames-eval,params_lambda-frames-train,params_learning-rate,params_n-epochs,params_n-frames,params_radius-gw,params_rho,params_std-feats,params_ub-actions,params_ub-frames,params_weight-decay,state
1182,0.4160239934921265,2025-04-04 20:30:28.811293,2025-04-04 20:31:51.104427,0 days 00:01:22.293134,0.09228993828805618,0.1716111601584307,2,0.2227755454318098,0.06249988422810581,0.015333687286848367,0.05125533456812107,0.011389711251304368,0.09049629296243593,0.0087481425223222,24,34,0.011685880458637984,0.18887686432937834,True,False,True,1.3477677837875508e-07,COMPLETE
1183,0.38770308494567873,2025-04-04 20:31:51.491743,2025-04-04 20:33:08.886504,0 days 00:01:17.394761,0.19772818683877613,0.2249039787868533,2,0.23847074188162204,0.09913510097068506,0.019693115896795677,0.03429947276615699,0.0064346052612484165,0.015143892981925566,0.05810820323623195,22,38,0.010510215628911537,0.19728872027567673,True,False,True,5.329851445041951e-07,COMPLETE
1184,0.919683849811554,2025-04-04 20:33:09.272161,2025-04-04 20:34:22.937546,0 days 00:01:13.665385,0.10924136331877088,0.19517149697612818,2,0.2007581934760021,0.06536127393566295,0.010106282514751569,0.04472481718635268,0.0944615895133881,0.09971627627247809,0.05244490238365516,21,44,0.014247169832871253,0.18170717462726368,True,False,True,2.831837516742424e-07,COMPLETE
1185,0.29052439928054813,2025-04-04 20:34:23.325254,2025-04-04 20:35:35.522905,0 days 00:01:12.197651,0.12969931115016084,0.17120402312267483,2,0.19409153365310683,0.07642465761196421,0.012762150986716517,0.048326102078439716,0.0010715684716344062,0.09677265491659502,0.052376605188294845,20,42,0.01834517503688755,0.17249409379770547,True,True,True,3.129788088866174e-07,COMPLETE
1186,0.41590508818626404,2025-04-04 20:35:35.909702,2025-04-04 20:36:50.212174,0 days 00:01:14.302472,0.08571396398883323,0.19216975673734124,2,0.19817888951160942,0.0687777975818083,0.018297962429305963,0.04399781250137844,0.09542670159334464,0.09704713964405923,0.041451732603073735,21,39,0.015940460080688175,0.17952445322074556,False,False,True,4.2850846877292743e-07,COMPLETE
1187,0.613646137714386,2025-04-04 20:36:50.603069,2025-04-04 20:38:04.935107,0 days 00:01:14.332038,0.08692973426533428,0.16398982714952187,2,0.19285326699015198,0.08028656473498116,0.02095914183952803,0.04515710004429295,0.09229839395991901,0.09813158065698084,0.05082959041163055,21,44,0.008340479760992697,0.16472458229100817,True,False,True,3.549170436692981e-07,COMPLETE
1188,0.44916995167732243,2025-04-04 20:38:05.326842,2025-04-04 20:39:14.765813,0 days 00:01:09.438971,0.11270918023141044,0.1965176143476225,2,0.1839667480624021,0.07004294709803931,0.010517010610642996,0.04896708033907367,0.015662965342916408,0.01597640833059461,0.06343666427920931,20,24,0.08684600323988678,0.17752371054944302,True,False,True,4.896170018736446e-07,COMPLETE
1189,0.49045610427856445,2025-04-04 20:39:15.155039,2025-04-04 20:40:22.373552,0 days 00:01:07.218513,0.10248746155482122,0.1738468482722616,2,0.20396077499782847,0.06644289883141659,0.014416407229278947,0.0503256919403319,0.09393595284743046,0.09722338745808748,0.04579730089894304,19,31,0.014572730567041874,0.1571448502423789,True,False,True,6.540309166462749e-07,COMPLETE
1190,0.3548610508441925,2025-04-04 20:40:22.762173,2025-04-04 20:41:37.142112,0 days 00:01:14.379939,0.053269247393262095,0.1637111455546799,2,0.20500676898492498,0.07595159337847801,0.020570093407841657,0.0467821908300518,0.09108645887918078,0.07873541881220054,0.06334633051048844,21,36,0.016582129010150676,0.18207610115303413,True,False,True,2.814063295186466e-07,COMPLETE
1191,0.34673734903335574,2025-04-04 20:41:37.532108,2025-04-04 20:42:49.210113,0 days 00:01:11.678005,0.1316537649060204,0.20046058039011075,2,0.24533409694970365,0.058942552231661664,0.016700792889404615,0.04497983997291472,0.09077695440040266,0.09466215889784696,0.03600176025345555,20,40,0.01879280798802657,0.1911337534039742,True,False,True,3.29100767292148e-07,COMPLETE
1192,0.35953366160392763,2025-04-04 20:42:49.599759,2025-04-04 20:44:03.082831,0 days 00:01:13.483072,0.11598730643358987,0.18680002811929938,2,0.19896477271128687,0.07268673625123236,0.008258533038245532,0.04288894131114917,0.09848325191493257,0.08326930063926712,0.05408154912321112,21,43,0.01058463273023163,0.16939330261051966,True,False,True,4.110109017848926e-07,COMPLETE
1193,0.35019541978836066,2025-04-04 20:44:03.471218,2025-04-04 20:44:59.684684,0 days 00:00:56.213466,0.14493290449160143,0.16482092603230475,2,0.21028589074406767,0.11425337144139058,0.018028975813117243,0.04522080907065229,0.09482672846944885,0.09970791682092306,0.043369583003036234,14,134,0.013844223815941923,0.19547883922634537,True,False,True,8.433353068591117e-07,COMPLETE
1194,0.4234224617481232,2025-04-04 20:45:00.079097,2025-04-04 20:46:14.491928,0 days 00:01:14.412831,0.09734183807169786,0.20889514112037225,2,0.23969433395707207,0.09017606477894545,0.013318915933801799,0.04671935275667953,0.002628278149052395,0.09942682893575162,0.06195257654256712,21,45,0.008835514989778918,0.17614590725691145,True,False,True,3.8890524998474075e-08,COMPLETE
1195,0.43374464511871336,2025-04-04 20:46:14.883176,2025-04-04 20:47:32.158686,0 days 00:01:17.275510,0.12303708328176573,0.17945923618410678,2,0.24447673785853563,0.06545596579829784,0.0035602259075838364,0.037695025898565396,0.005161742050472588,0.07039078140360534,0.05170872435899682,22,37,0.007358283995201706,0.18596118266595696,True,False,True,1.0241710981451233e-07,COMPLETE
1196,0.4854730308055878,2025-04-04 20:47:32.551053,2025-04-04 20:48:45.476938,0 days 00:01:12.925885,0.15822571537154112,0.38735528492296745,2,0.23409570940058438,0.06011035358497164,0.006945024143993425,0.048997474497815725,0.017373958909019063,0.09637521808334534,0.03255681607089203,21,41,0.020055647071725635,0.17424291410724682,True,False,True,6.588448290300209e-08,COMPLETE
1197,0.6151286363601685,2025-04-04 20:48:45.871871,2025-04-04 20:50:04.631033,0 days 00:01:18.759162,0.1472935351799507,0.15408775101373196,2,0.20041129942648458,0.085146242167376,0.020801723098292643,0.03552305292175223,0.013267560077479547,0.0980483252250055,0.07126304514478586,22,143,0.08269529237380613,0.18173804096320967,True,False,True,2.6257996071329934e-07,COMPLETE
1198,0.9586785078048707,2025-04-04 20:50:05.029794,2025-04-04 20:50:35.287629,0 days 00:00:30.257835,0.07158827238105314,0.24744395997191637,2,0.21063507470363876,0.06487893274963163,0.01114358524324014,0.04162233172820895,0.010316158086969746,0.08210460028722852,0.04051731065186888,5,50,0.012326323833986724,0.1914189624104552,True,False,True,1.725776791787312e-07,COMPLETE
1199,0.3797286689281464,2025-04-04 20:50:35.679825,2025-04-04 20:51:28.871510,0 days 00:00:53.191685,0.019603337843212817,0.27643395716330216,2,0.211788220885242,0.07233362519853959,0.011061513407907494,0.04428800070998402,0.09953499885332959,0.08237404802810466,0.034921949081290864,13,51,0.015921288210428045,0.19602329891904327,True,False,True,1.421277728598173e-07,COMPLETE
1200,0.37639065980911257,2025-04-04 20:51:29.265434,2025-04-04 20:52:15.785272,0 days 00:00:46.519838,0.046834489932616824,0.28709393430251245,2,0.20352477358205553,0.06745431774906553,0.01127570090115719,0.041715677992974654,0.010939050623024135,0.08073656967917113,0.0354505414510441,11,49,0.013751628069648759,0.19211763124782785,True,False,True,1.1917054593831487e-07,COMPLETE
1201,0.3860244572162629,2025-04-04 20:52:16.175858,2025-04-04 20:52:54.515638,0 days 00:00:38.339780,0.06859519771854157,0.2542931324367674,2,0.18846301811108473,0.07906434654767851,0.012986898469727587,0.04048101428393861,0.012860302648483257,0.0797546402238436,0.039128106002008306,8,54,0.016624199506548625,0.18728963005902166,True,False,True,1.9055460056422734e-07,COMPLETE
1202,0.6130079627037048,2025-04-04 20:52:54.911365,2025-04-04 20:54:10.992751,0 days 00:01:16.081386,0.06512679198447838,0.23912183885337848,2,0.21104394967058474,0.06513866023200514,0.008908117126512136,0.04224298117863821,0.009983733278599584,0.07659168381747723,0.042178754884424595,22,49,0.02278978548235859,0.19625993010398915,True,False,True,1.6958376156325724e-07,COMPLETE
1203,0.3036661207675934,2025-04-04 20:54:11.389268,2025-04-04 20:55:28.850105,0 days 00:01:17.460837,0.6765786370875562,0.2625256091872233,2,0.20444858333165727,0.07404328857950883,0.015356223568911292,0.04328425222791498,0.0958211415493717,0.08389580584699474,0.02933009063379733,22,53,0.014904136404240093,0.1911694577577863,True,False,True,1.9917605047332975e-07,COMPLETE
1204,0.29052439928054813,2025-04-04 20:55:29.243544,2025-04-04 20:56:49.757181,0 days 00:01:20.513637,0.07905570962785297,0.2506675646743851,2,0.21877319721660995,0.06605577120291956,0.010020340833135166,0.03794217224841854,0.0932893533131106,0.07897870761411936,0.04300905527916229,23,46,0.012664203041213067,0.18433185821276318,True,True,True,2.2948435699817506e-07,COMPLETE
1205,0.4160239934921265,2025-04-04 20:56:50.154142,2025-04-04 20:58:07.243299,0 days 00:01:17.089157,0.053841729057170745,0.27844218904196205,2,0.20928601747302222,0.07171660598895827,0.012288789205561042,0.046767536375049115,0.014485902553381273,0.0827159945645156,0.04681850669743137,22,50,0.012236989561633334,0.19786363310295804,False,False,True,7.766752075549671e-08,COMPLETE
1206,0.4766123771667481,2025-04-04 20:58:07.638501,2025-04-04 20:59:21.615300,0 days 00:01:13.976799,0.06034331477122702,0.23272879294479296,2,0.21295088970572412,0.05915197783732958,0.006951810677145992,0.04270981273858934,0.08921554916071303,0.08305614895061231,0.034543502839855536,21,55,0.01467447036722824,0.18830153313627623,True,False,True,1.55753117851531e-07,COMPLETE
1207,0.2832522392272949,2025-04-04 20:59:22.010644,2025-04-04 21:00:05.630744,0 days 00:00:43.620100,0.11944335612560031,0.22375086746412023,2,0.19861453076517283,0.14665879483224145,0.01465048627416414,0.039437290208905657,0.011898937011189076,0.08080031736784339,0.04080172842403002,10,44,0.017024550971603866,0.1808975433539326,True,False,True,9.85968926630691e-08,COMPLETE
1208,0.286716628074646,2025-04-04 21:00:06.024070,2025-04-04 21:01:25.004368,0 days 00:01:18.980298,0.11977541900464912,0.8210650360178976,2,0.22142515266035526,0.08213724540764222,0.01000121203887619,0.04573933773800175,0.008991907259568244,0.08140587484144304,0.028625888825970516,23,47,0.011801109064753746,0.16604585717563183,True,False,True,2.8371550217367626e-07,COMPLETE
1209,0.39270935058593753,2025-04-04 21:01:25.401034,2025-04-04 21:02:41.866819,0 days 00:01:16.465785,0.09852584677785751,0.20950958024539634,2,0.207069814482639,0.06677765640858624,0.01694911276322689,0.04162337496718101,0.010087177882535908,0.08519875553322517,0.03150619562202025,22,51,0.012323801203357429,0.19959369274413433,True,False,True,1.777911894917055e-07,COMPLETE
1210,0.5149883151054382,2025-04-04 21:02:42.264328,2025-04-04 21:03:53.801761,0 days 00:01:11.537433,0.1492181002881051,0.24307290612580496,2,0.2277677155576592,0.07686508075647999,0.011394955717637361,0.03762674585704312,0.007583917158145106,0.07529382481403277,0.05105403052735006,20,42,0.01406265959661947,0.17304740773090146,True,False,True,1.3604913946442827e-07,COMPLETE
1211,0.6001579999923706,2025-04-04 21:03:54.198106,2025-04-04 21:05:08.457076,0 days 00:01:14.258970,0.06830096939357601,0.1990706230888182,2,0.22288518387465067,0.059328381713659305,0.005579192113212552,0.03250724207819606,0.005344556218307123,0.07946218957239727,0.04971512828345329,21,52,0.018180596961440358,0.1908591763983842,True,False,True,3.7938935614250594e-07,COMPLETE
1212,0.41397686004638673,2025-04-04 21:05:08.857309,2025-04-04 21:06:28.373207,0 days 00:01:19.515898,0.10244540546301695,0.2594042192854505,2,0.21492570120328733,0.07128855055005702,0.008246917063586665,0.036165105281407296,0.09602494470982179,0.08238396820207826,0.0382438082471018,23,44,0.01095195132080621,0.18127509876282977,True,False,True,2.273497925549297e-07,COMPLETE
1213,0.8550788164138794,2025-04-04 21:06:28.768734,2025-04-04 21:07:46.554616,0 days 00:01:17.785882,0.08780017841341131,0.2129584859552825,2,0.19577618661096133,0.06439432901255479,0.013997304246591586,0.03947612473125342,0.0031774261983747347,0.08446862242833458,0.05647031809907679,22,33,0.01368878540269599,0.18677920678079152,True,False,True,4.806452916503978e-07,COMPLETE
1214,0.4878782391548157,2025-04-04 21:07:46.952896,2025-04-04 21:09:03.882634,0 days 00:01:16.929738,0.1688428132179742,0.18690838844663976,2,0.20269467833229168,0.058940349161594525,0.0010582264926916494,0.051450014243089065,0.09196878404649016,0.015730614877196857,0.043854267543885925,22,39,0.01045928738230777,0.1761686820861627,True,False,True,2.595308954654999e-07,COMPLETE
1215,0.41590936183929444,2025-04-04 21:09:04.278401,2025-04-04 21:09:34.426563,0 days 00:00:30.148162,0.07649600025676226,0.22916088990537578,2,0.2158085103511552,0.07074659374448107,0.018635166377180365,0.04444985543231632,0.014792241186129582,0.07764930908617435,0.06054457987973161,5,48,0.015116248542841014,0.19913534205124309,True,False,True,3.140029656421778e-07,COMPLETE
1216,0.3579397261142731,2025-04-04 21:09:34.822370,2025-04-04 21:10:48.819514,0 days 00:01:13.997144,0.10972152257946026,0.29833800821209594,2,0.22460096405355318,0.27885916604330246,0.007345540568029402,0.03431566276253644,0.09696845997550921,0.08061080460923217,0.03346142846929607,21,54,0.012477376682907928,0.16821644422915538,True,False,True,1.8974991730983905e-07,COMPLETE
1217,0.9957293748855591,2025-04-04 21:10:49.215769,2025-04-04 21:11:25.116506,0 days 00:00:35.900737,0.0331088502812121,0.18039975864501698,2,0.2092865132800811,0.06466257909918582,0.010301346959165921,0.04102753172089781,0.020822480115269416,0.0997491883777218,0.026331699086368978,7,41,0.010658417358307583,0.15204596422721392,True,False,True,1.9361963172590758e-08,COMPLETE
1218,0.4116772592067719,2025-04-04 21:11:25.515861,2025-04-04 21:11:58.272961,0 days 00:00:32.757100,0.02850657562139984,0.21630810351885163,2,0.19197087354820147,0.058765237849891544,0.01078717366686333,0.04081792129071708,0.01977154928176389,0.0990807094973672,0.02754062198779356,6,37,0.009629301221180803,0.16737498620693042,True,False,True,1.0780879966804523e-08,COMPLETE
1219,0.48646173477172855,2025-04-04 21:11:58.668420,2025-04-04 21:12:31.310789,0 days 00:00:32.642369,0.04077316321446811,0.18650916122409306,2,0.20747985700691557,0.06457402483223719,0.009096842688878344,0.04212691350649927,0.01745846649767635,0.09897789376753369,0.01981720678228007,6,35,0.0076766297141883395,0.1571513546052536,True,False,True,2.1377597388334945e-08,COMPLETE
1220,0.4160239934921265,2025-04-04 21:12:31.709319,2025-04-04 21:13:02.075118,0 days 00:00:30.365799,0.021455683439663115,0.24337547615487587,2,0.20221644067600042,0.06328694914688199,0.011788524797956784,0.042972424555554126,0.019800861215663053,0.09581035134724987,0.02761733457862878,5,40,0.010767428784131316,0.13595607938265353,True,False,True,2.9137834586468883e-08,COMPLETE
1221,0.40412795543670654,2025-04-04 21:13:02.473003,2025-04-04 21:13:32.983994,0 days 00:00:30.510991,0.04115645388898473,0.19996071676901933,2,0.20769646228186708,0.05732685703152413,0.009057431608535959,0.03910651416977113,0.021939453529090096,0.09936111220348712,0.02358629941635062,5,46,0.009203169500894521,0.1593838334198682,True,False,True,2.7575354963333788e-08,COMPLETE
1222,0.34411715269088744,2025-04-04 21:13:33.399527,2025-04-04 21:14:03.836809,0 days 00:00:30.437282,0.04151376286311763,0.17686483575472123,2,0.1998275554489884,0.0641802535778954,0.006718095178511101,0.04378529048307587,0.016388986447931197,0.09567945845072705,0.025719438540531755,5,56,0.007126190052007609,0.14771891710357196,True,False,True,2.2027191837281944e-08,COMPLETE
1223,0.29052439928054813,2025-04-04 21:14:04.235031,2025-04-04 21:14:37.634867,0 days 00:00:33.399836,0.026913687671287635,0.2304755844993029,2,0.2110843707046107,0.057317033700868575,0.01268616016140217,0.04087541431834396,0.021357440205556397,0.09886631384928961,0.02355089899390529,6,41,0.010577200077735598,0.15086406353554155,True,True,True,1.5488673170455523e-08,COMPLETE
1224,0.484876972436905,2025-04-04 21:14:38.033985,2025-04-04 21:15:08.069313,0 days 00:00:30.035328,0.07756149998078898,0.20393608483004683,2,0.2135205635855991,0.06358317637446008,0.010777306888659906,0.03850974708806452,0.018987911866218496,0.08553029465148569,0.02365056807749359,5,49,0.008546556434570803,0.15949024296340694,True,False,True,1.393615694823659e-08,COMPLETE
1225,0.4005387902259827,2025-04-04 21:15:08.465460,2025-04-04 21:15:41.203757,0 days 00:00:32.738297,0.09820761884275203,0.2639910804713142,2,0.20428027225947668,0.07643249461390632,0.0033434778109022005,0.04809298195235415,0.015762461692810936,0.09776847741913285,0.03153683114560795,6,37,0.005684681992063583,0.14320154909871827,True,False,True,2.165659706192588e-08,COMPLETE
1226,0.4160239934921265,2025-04-04 21:15:41.602857,2025-04-04 21:16:55.501885,0 days 00:01:13.899028,0.04461255058371587,0.4543823545835217,2,0.20966527012110764,0.058182296941801104,0.00506195283892504,0.04590507758479166,0.02273103578425992,0.0767195563684774,0.027034237074680223,21,53,0.09211816880925139,0.15189480993190296,False,False,True,1.4061177485424573e-08,COMPLETE
1227,0.4160239934921265,2025-04-04 21:16:55.900139,2025-04-04 21:17:29.022336,0 days 00:00:33.122197,0.055932689317175335,0.17751338167217193,2,0.1939976732926188,0.068891092191262,0.00821494363917529,0.037621722938186664,0.017146983689546973,0.09918870511498204,0.03298556095364204,6,45,0.010214664415400197,0.1630357349432418,True,False,True,3.2739767865790885e-08,COMPLETE
1228,0.27916412949562075,2025-04-04 21:17:29.421473,2025-04-04 21:18:43.271456,0 days 00:01:13.849983,0.041927235655566816,0.2159991538014894,2,0.23429630194620366,0.12724751289274222,0.009758882285445332,0.04043378752894608,0.015192673839775926,0.09747627128916093,0.022359473560063254,21,41,0.012908577421689774,0.14407706863274206,True,False,True,4.053361969123063e-08,COMPLETE
1229,0.40132812261581424,2025-04-04 21:18:43.670389,2025-04-04 21:19:59.442646,0 days 00:01:15.772257,0.01983608586017851,0.1582333938783398,2,0.1696436061529328,0.06386749367213311,0.013065000150907316,0.03606956361000575,0.014195474518344233,0.09987745796016222,0.07155304213450343,22,33,0.007507212027064316,0.17424812787629085,True,False,True,1.301440744046129e-07,COMPLETE
1230,0.6672113299369813,2025-04-04 21:19:59.843928,2025-04-04 21:21:11.681250,0 days 00:01:11.837322,0.2434010761871638,0.48730393518515525,2,0.22876475343021657,0.06997364266064966,0.00804101993267634,0.04387180588984568,0.012850359981588283,0.049968895301367465,0.03725165057453146,20,56,0.011205396749357936,0.137525409475535,True,False,True,7.825101446086822e-08,COMPLETE
1231,0.4186979055404663,2025-04-04 21:21:12.080800,2025-04-04 21:21:47.794554,0 days 00:00:35.713754,0.2333707087826321,0.19377644966513438,2,0.21697027924832765,0.058303330287417174,0.005892646470880315,0.03942708532166992,0.018588077123842642,0.09692428980706778,0.0521103418782992,7,50,0.015714727787487885,0.15092525289146755,True,False,True,1.895487953394317e-08,COMPLETE
1232,0.4160239934921265,2025-04-04 21:21:48.192729,2025-04-04 21:22:24.171808,0 days 00:00:35.979079,0.07602182884387743,0.24292807902996072,2,0.1997832552000388,0.0783930134531989,0.011314245153563928,0.03625097944650072,0.011532427796435487,0.09384774911267404,0.06806373677183349,7,47,0.009116654649881881,0.16448827840341615,True,False,True,1.9984295658903883e-07,COMPLETE
1233,0.34344656467437745,2025-04-04 21:22:24.569218,2025-04-04 21:23:00.374112,0 days 00:00:35.804894,0.21737221332976783,0.17225230143911266,2,0.24129313707762629,0.06590022012358245,0.013623071860999151,0.0424527244383867,0.012294123633656139,0.07832233899179745,0.028605418927882785,7,43,0.013882671560243027,0.16909250522753172,True,False,True,2.461568708199799e-07,COMPLETE
1234,0.4160239934921265,2025-04-04 21:23:00.788839,2025-04-04 21:23:38.868844,0 days 00:00:38.080005,0.07053797132291112,0.15073844265524283,2,0.23642380579756694,0.05889139892545299,0.010708918958656553,0.049060717364948846,0.010398836060514394,0.08395341536377499,0.05683957350889535,8,38,0.0063719154831136295,0.17307412286103419,True,False,True,1.745944152860862e-08,COMPLETE
1235,0.3811944782733917,2025-04-04 21:23:39.272602,2025-04-04 21:24:20.268634,0 days 00:00:40.996032,0.03674377907687001,0.2130857310046538,2,0.20818383804220128,0.0741831528866447,0.007825879122584894,0.03832459565222043,0.097910058388311,0.099700688722623,0.04691170428612136,9,50,0.01197727851979759,0.1788683111608808,True,False,True,6.035847304486551e-08,COMPLETE
1236,0.3456210672855377,2025-04-04 21:24:20.684927,2025-04-04 21:24:55.913424,0 days 00:00:35.228497,0.10770608603382917,0.276315379266219,2,0.2249810715952579,0.06739903850925309,0.005004208942377523,0.0463170385061149,0.08571816012780381,0.09994083876383764,0.03821580012520396,7,30,0.009651166538004345,0.19202250476567534,True,False,True,2.1900291530736504e-07,COMPLETE
1237,0.9728409171104432,2025-04-04 21:24:56.316335,2025-04-04 21:25:26.754875,0 days 00:00:30.438540,0.13436997067490536,0.19375865073257184,2,0.21463076105467999,0.08401688290142195,0.015277179898561949,0.04131871732415209,0.0133193219687102,0.08121382151110483,0.06661582521410411,5,53,0.007862718457861698,0.17890918139914674,True,False,True,5.279177692820887e-08,COMPLETE
1238,1.0,2025-04-04 21:25:27.163027,2025-04-04 21:26:00.343970,0 days 00:00:33.180943,0.11885217774466143,0.2349217882221051,2,0.2143005542154955,0.0870982552816244,0.015934929667530597,0.040107027229867,0.014953355148433527,0.08201399520033549,0.07416347186155325,6,53,0.0060179941793258186,0.17816976735186718,True,False,True,5.959152945379231e-08,COMPLETE
