number,value,datetime_start,datetime_complete,duration,params_alpha-eval,params_alpha-train,params_batch-size,params_eps-eval,params_eps-train,params_lambda-actions-eval,params_lambda-actions-train,params_lambda-frames-eval,params_lambda-frames-train,params_learning-rate,params_n-epochs,params_n-frames,params_radius-gw,params_rho,params_std-feats,params_ub-actions,params_ub-frames,params_weight-decay,state
569,0.4052131474018097,2025-04-23 23:04:23.016181,2025-04-23 23:05:47.507755,0 days 00:01:24.491574,0.31071910576843054,0.59862345126504,2,0.03205305425294093,0.016264521586973228,0.04282477853561531,0.039005561973946494,0.040202678633186495,0.05007224825427622,0.0009823969479783384,21,26,0.017374281984063517,0.122953743607133,True,False,False,5.298733529104185e-08,COMPLETE
570,0.395277738571167,2025-04-23 23:05:47.687208,2025-04-23 23:07:18.319793,0 days 00:01:30.632585,0.28242588723987755,0.5558605223882293,2,0.044141606130855715,0.026192242575984712,0.04342087828670986,0.043402624489142894,0.03598592006031455,0.08166729343577764,0.00019051834282230544,22,102,0.01110268016378141,0.10854450831920773,True,False,False,0.00043960294150946526,COMPLETE
571,0.3494070768356323,2025-04-23 23:07:18.500523,2025-04-23 23:08:38.252896,0 days 00:01:19.752373,0.3344840375827405,0.6210988841540053,2,0.0365989720217819,0.1496666030339656,0.07069861714399625,0.040429036074710795,0.03333342110946618,0.039162407706821174,0.0007044717787145352,20,20,0.07977311610721796,0.12932670234432384,True,False,False,0.0001451185754591527,COMPLETE
572,0.36001135706901555,2025-04-23 23:08:38.442514,2025-04-23 23:09:55.958359,0 days 00:01:17.515845,0.2638490808676997,0.7207034271788416,2,0.024473166878913145,0.07975075728702882,0.06093125394998784,0.04097201656881914,0.03876351294925557,0.08699786330559381,0.023279250682198237,19,27,0.016297638363591615,0.11517869476196801,False,False,False,0.0002509362482171855,COMPLETE
573,0.5240642428398132,2025-04-23 23:09:56.138269,2025-04-23 23:11:16.930836,0 days 00:01:20.792567,0.2976265620659564,0.5731590466043279,2,0.010803036372375998,0.009033655966974564,0.08753949608161982,0.037099497208853215,0.04159144884871528,0.04350073468834086,0.02681776025944667,20,23,0.009542444472199206,0.1735019315873378,True,False,False,0.00010327146577426564,COMPLETE
574,0.3448704779148102,2025-04-23 23:11:17.123389,2025-04-23 23:12:42.289516,0 days 00:01:25.166127,0.3207173089653683,0.6684386816461488,2,0.021160169571673222,0.021331843216523136,0.06777558494165056,0.03360848867370022,0.03756949060701398,0.0796124649414154,0.030152060739291102,21,15,0.012715859690080742,0.0395806630112763,True,False,False,0.0005228262872794865,COMPLETE
575,0.412387627363205,2025-04-23 23:12:42.469107,2025-04-23 23:14:35.272267,0 days 00:01:52.803160,0.2613939738115395,0.5881515925147341,2,0.1484547326040948,0.015733354205844655,0.07283767381553448,0.042743148075114416,0.04459765061846544,0.05279799021020198,0.02399742836875522,30,19,0.007855349888382414,0.10603484667387349,True,False,False,0.00020205021557706597,COMPLETE
576,0.9975078105926515,2025-04-23 23:14:35.465042,2025-04-23 23:15:59.685795,0 days 00:01:24.220753,0.24210543631469808,0.6348663563735494,2,0.1637598508816444,0.008232349770431763,0.07445227817158667,0.04664928220556278,0.034677321166274144,0.046797022168193474,0.035117721328120126,21,26,0.010139967135108651,0.16934088077919401,True,False,False,0.00032240484570575584,COMPLETE
577,0.9726514458656312,2025-04-23 23:15:59.867018,2025-04-23 23:16:33.054790,0 days 00:00:33.187772,0.24934691860713132,0.6445000635665249,8,0.15268763415102068,0.005467292159641968,0.044479257513689086,0.045170061742975984,0.033371392539834746,0.04522532277210915,0.036391866585799376,22,28,0.010105561506650375,0.1732298186091957,True,False,False,0.0001254221581564624,COMPLETE
578,0.37330089807510375,2025-04-23 23:16:33.246911,2025-04-23 23:18:01.078394,0 days 00:01:27.831483,0.2335832348757115,0.6766429598603741,2,0.16538739162617017,0.2998438126276378,0.09771370991764156,0.04453422794837434,0.04012826420384479,0.04700746309647272,0.002386276851600667,21,94,0.007308698842124704,0.16747986910409135,True,False,False,0.0002604046113457001,COMPLETE
579,0.9848766207695008,2025-04-23 23:18:01.258260,2025-04-23 23:19:28.918880,0 days 00:01:27.660620,0.21647570003274774,0.6336962141639303,2,0.15757294854216508,0.005163520869550556,0.049182291967710824,0.0484795105039757,0.03442646231680731,0.047812323462365074,0.03688462087006486,22,26,0.008915082263671928,0.17831330779179594,True,False,False,0.00017836729035059268,COMPLETE
580,0.3591743230819702,2025-04-23 23:19:29.113983,2025-04-23 23:20:56.321723,0 days 00:01:27.207740,0.2046129808350149,0.6536890394694314,2,0.1624589586590552,0.009881281207239473,0.04658324048089471,0.047274957139168405,0.03219547471106443,0.04746960312976862,0.000297679837369537,22,25,0.06288121170713475,0.18594880019620438,True,False,False,0.00017069040455668598,COMPLETE
581,0.4646177113056183,2025-04-23 23:20:56.505454,2025-04-23 23:22:24.742625,0 days 00:01:28.237171,0.23165662662716371,0.7022704469663321,2,0.16957769166205428,0.004545283785818888,0.08476483517079302,0.047919281233087675,0.03472467442083892,0.09344171070980631,0.03206834698786017,22,26,0.009715470656359674,0.18080613981817822,True,False,False,0.0001420237872478179,COMPLETE
582,0.5471200823783875,2025-04-23 23:22:24.939295,2025-04-23 23:23:53.921685,0 days 00:01:28.982390,0.184335835510345,0.6452913569766268,2,0.15830592367670127,0.0118220766199448,0.09834490879162663,0.04627215880722289,0.041858795095192164,0.04459192136898978,0.048201675030759006,22,25,0.011495592568633214,0.17508093206672637,True,False,False,0.00010701940853742965,COMPLETE
583,0.29052439928054813,2025-04-23 23:23:54.104543,2025-04-23 23:25:21.070416,0 days 00:01:26.965873,0.24794260072666302,0.6843838584508678,2,0.16541792546606918,0.000573863687192794,0.049110983223536485,0.049601329144693736,0.03214628364432027,0.04937214573188051,0.030981892770917143,22,28,0.009141450817622208,0.1737115776146591,True,False,False,0.00016643370072330751,COMPLETE
584,0.40995914936065675,2025-04-23 23:25:21.280689,2025-04-23 23:26:46.360242,0 days 00:01:25.079553,0.2041760142623426,0.6332164033646758,2,0.15745901937345164,0.009273370657318526,0.04914969209566156,0.04996712752719677,0.03426926451217067,0.04719925712919925,0.013902519411024737,21,23,0.008052310242156175,0.1912282030720213,True,False,False,0.0006352023458402005,COMPLETE
585,0.41957264542579653,2025-04-23 23:26:46.557712,2025-04-23 23:28:10.777873,0 days 00:01:24.220161,0.2741155363598677,0.6628501961804882,2,0.15431634885887355,0.014768753706765472,0.051624929102656175,0.04550862212426288,0.043532560234744354,0.04561302900561359,0.03540891221822089,21,30,0.011149180981047162,0.17713956282833612,True,False,False,9.128274070348806e-05,COMPLETE
586,0.5530467748641968,2025-04-23 23:28:10.963092,2025-04-23 23:29:34.887243,0 days 00:01:23.924151,0.23629512863095467,0.6172809096817294,2,0.1481900741308888,0.007146671127314059,0.09612300611871274,0.046535369776878624,0.030843440703683216,0.050350392287555334,0.051197955951775884,21,22,0.00850337270176662,0.16554801115794532,True,False,False,0.0001390307164724777,COMPLETE
587,0.35888404250144956,2025-04-23 23:29:35.081470,2025-04-23 23:31:02.777540,0 days 00:01:27.696070,0.21807978134762396,0.700551284062816,2,0.16137136076330114,0.014918335194142297,0.049914889877805756,0.05036217984509963,0.0380927819133668,0.04251701861645312,0.01571739022403365,22,27,0.010525397732183073,0.1800576533274795,True,False,False,0.00021149955004537747,COMPLETE
588,0.48536124229431155,2025-04-23 23:31:02.961654,2025-04-23 23:32:26.633735,0 days 00:01:23.672081,0.28240046231343086,0.6764190135716205,2,0.14275104035978994,0.0056367917967619485,0.04453249678665049,0.04724203686966125,0.03965676117413132,0.04848413928663936,0.0015222585191178029,21,24,0.007503410202270262,0.1680490577939756,True,False,False,0.0007035103221845149,COMPLETE
589,0.4160415649414063,2025-04-23 23:32:26.827251,2025-04-23 23:33:57.134041,0 days 00:01:30.306790,0.14897691189114043,0.6391129409268304,2,0.15324028518842925,0.01821228115806827,0.04882004739876398,0.04918783717771416,0.034527089026237925,0.05200278357921027,0.019025881642054654,23,30,0.012133819904582172,0.19883451406385405,True,False,False,0.00011668343942399197,COMPLETE
590,0.43516279458999635,2025-04-23 23:33:57.317869,2025-04-23 23:35:25.009294,0 days 00:01:27.691425,0.2555292458788475,0.6138573968842166,2,0.16778591722551728,0.013371128722859737,0.04805997291077164,0.04313430501244878,0.04213587415327006,0.04593418679216205,0.041113614709830125,22,27,0.0061714493908886945,0.16078940989090829,True,False,False,0.0006093895799536264,COMPLETE
591,0.4147403419017792,2025-04-23 23:35:25.208524,2025-04-23 23:36:45.668717,0 days 00:01:20.460193,0.2377660956958463,0.6563234246195159,2,0.15909388326746016,0.009612914452603174,0.044415391914489524,0.05120951271322829,0.04434818413689995,0.04830342134158794,0.008440876201903893,20,22,0.009682669363978895,0.17179085576945904,False,False,False,0.00018458347656698893,COMPLETE
592,0.3725746512413025,2025-04-23 23:36:45.855716,2025-04-23 23:38:10.266822,0 days 00:01:24.411106,0.2884764409952993,0.7151224747534667,2,0.1692678376340267,0.28427031419447774,0.05252962139617975,0.04589325320247677,0.03539774783548756,0.05019535983158246,0.011283786770966368,21,30,0.007191775957260155,0.18636393211192595,True,False,False,8.979435925343013e-05,COMPLETE
593,0.29052439928054813,2025-04-23 23:38:10.466967,2025-04-23 23:40:06.157853,0 days 00:01:55.690886,0.16807497109735225,0.629017924358748,2,0.15142516230123113,0.00013531430148930497,0.05172157426053567,0.048589361431837404,0.03916954059683383,0.05622490468556787,0.027908801629727843,30,121,0.03252826305279083,0.16331264350263516,True,False,False,0.0005076754283577134,COMPLETE
594,0.4255734384059906,2025-04-23 23:40:06.343559,2025-04-23 23:41:50.282258,0 days 00:01:43.938699,0.20424087076305356,0.6856298232076395,2,0.15957968862482555,0.020144393299314937,0.05009756624332157,0.04359050146924527,0.032077217063564284,0.043974115351884634,0.03374778888572591,27,25,0.008618865358307538,0.17757980616686642,True,False,False,0.0001349282355530989,COMPLETE
595,0.3790440738201141,2025-04-23 23:41:50.482388,2025-04-23 23:43:08.216978,0 days 00:01:17.734590,0.3461204862860587,0.6520343517368687,2,0.17655605185592646,0.006641879032063369,0.04828121467639871,0.045386597181686215,0.02899237384918213,0.05134157664130883,0.062398475230713596,19,17,0.013230480452542636,0.16861846073456904,True,False,False,0.0007878200994051952,COMPLETE
596,0.4114499926567078,2025-04-23 23:43:08.405080,2025-04-23 23:44:29.839488,0 days 00:01:21.434408,0.26629262953899574,0.5501737591279693,2,0.14587530106494115,0.013917672274485718,0.045755184571470375,0.04214765459556693,0.036758750762626614,0.04699284638664741,0.04241790982810409,20,22,0.0053012618034262,0.1842342101078354,True,False,False,0.0004222039926808461,COMPLETE
597,0.29052439928054813,2025-04-23 23:44:30.040553,2025-04-23 23:46:23.814736,0 days 00:01:53.774183,0.2953667983889639,0.610356638491971,2,0.1777529745274094,0.02436720725057366,0.08154115216980429,0.04848913816380619,0.04190819024249472,0.049562181652871164,0.014560057176603965,29,131,0.011860546886840597,0.1611020117629011,True,False,False,0.00023669935873337094,COMPLETE
598,0.37199647426605226,2025-04-23 23:46:24.000561,2025-04-23 23:47:54.289380,0 days 00:01:30.288819,0.21887327575287124,0.6701872850329619,2,0.17511791102759366,0.005095373725948513,0.039948932606908655,0.05124128191909754,0.04020434914056282,0.04186192147616823,0.012458896463533738,23,28,0.006754369648901977,0.1767809005977504,True,False,False,0.0006244417471292792,COMPLETE
599,0.29052439928054813,2025-04-23 23:47:54.476100,2025-04-23 23:49:22.117664,0 days 00:01:27.641564,0.2558313195123161,0.6367175037632072,2,0.19933127029319553,0.01834017559751646,0.08648556820199055,0.044894397221819815,0.037303998552155423,0.05232340710883659,0.007388071240072472,21,140,0.015200903022632956,0.019405935202181285,True,False,False,0.00016382453380271605,COMPLETE
600,0.3639044463634491,2025-04-23 23:49:22.316749,2025-04-23 23:50:49.876605,0 days 00:01:27.559856,0.18636215881847334,0.314773756165284,2,0.14278113687158703,0.1760571549797858,0.05352594817901788,0.06164212547180599,0.04390534383453751,0.021770172240923844,0.0010370147988010298,22,31,0.009508345220119202,0.2983356873497385,True,False,False,9.115451277856326e-05,COMPLETE
601,0.38918638229370117,2025-04-23 23:50:50.063498,2025-04-23 23:52:10.773597,0 days 00:01:20.710099,0.48408815199419,0.6954950344965951,2,0.17136922108239988,0.030779875122193198,0.06921908497210573,0.09916667988688092,0.03335604959362529,0.0358968489582495,0.016963162707641435,20,19,0.002779331729367772,0.16791618547562495,True,False,False,0.0007936437673159163,COMPLETE
602,0.4137775421142578,2025-04-23 23:52:10.973701,2025-04-23 23:53:30.376912,0 days 00:01:19.403211,0.3221531136381667,0.7263822692270681,2,0.16375109404122204,0.010943020375135597,0.07520738128381124,0.04408494703828764,0.03850532840473112,0.04511488200363758,0.010118126134139187,19,14,0.004812830172682594,0.15563046478570608,True,False,False,0.0004959207589301399,COMPLETE
603,0.3472632169723511,2025-04-23 23:53:30.566707,2025-04-23 23:54:54.284274,0 days 00:01:23.717567,0.27692821087433855,0.6247923308204577,2,0.2492753183880878,0.0048976421855050824,0.09939210411361656,0.04716289000091089,0.03584230444166929,0.03069196163017159,0.022101338454635525,21,26,0.018994978254804916,0.16264312438093165,True,False,False,0.00033819675034498886,COMPLETE
604,0.29052439928054813,2025-04-23 23:54:54.485049,2025-04-23 23:56:14.538498,0 days 00:01:20.053449,0.3574329840384274,0.6560183987615157,2,0.2289867778502813,0.00018255260962490773,0.09476811035285551,0.05356359239669786,0.04161679990839774,0.050133728864585045,0.00011364006605803117,20,21,0.06980234817408991,0.11026311012281262,True,False,False,2.7837314015022007e-08,COMPLETE
605,0.4172930657863617,2025-04-23 23:56:14.731313,2025-04-23 23:57:36.028227,0 days 00:01:21.296914,0.30294439295278974,0.6038623663102972,2,0.1813254614283232,0.015343266180469117,0.08800990265562943,0.022444071319014484,0.01866197095772857,0.04771314643579549,0.0011614225875306045,20,25,0.0010093678336919245,0.05858332811814766,True,False,False,0.0001136870660020241,COMPLETE
606,0.9994685411453247,2025-04-23 23:57:36.228638,2025-04-23 23:59:00.996537,0 days 00:01:24.767899,0.2426229107174326,0.5752296745268154,2,0.1381048984703862,0.023162196317045147,0.08399494055624519,0.04191550385411428,0.0450513865303315,0.014665403354879066,0.0005999374920272354,21,31,0.01036753032493088,0.10211022367751148,True,False,False,0.0001802832222345713,COMPLETE
607,0.37468825578689574,2025-04-23 23:59:01.188963,2025-04-23 23:59:33.709962,0 days 00:00:32.520999,0.23531007467171353,0.5962893586021939,8,0.13891857582545816,0.033018979376209956,0.08364522775329547,0.03999329146954155,0.045342357240478526,0.013348265058174897,0.0005585884164204525,21,29,0.011311537500027797,0.09945318433060604,True,False,False,0.00018765304401573374,COMPLETE
608,0.4191453754901886,2025-04-23 23:59:33.910500,2025-04-24 00:00:51.866836,0 days 00:01:17.956336,0.21883190601573982,0.5748352370526797,2,0.13410688968091772,0.04044795459949833,0.07929660028330014,0.04246978061771709,0.04527187966224593,0.010938691545960548,0.03637176250982426,19,25,0.010117640449773731,0.10326539919854974,True,False,False,0.00015475860212641344,COMPLETE
609,0.40090115070343024,2025-04-24 00:00:52.059644,2025-04-24 00:02:17.106418,0 days 00:01:25.046774,0.23959425328835662,0.6085388990174643,2,0.1407906736041113,0.028690410904404183,0.08502826931310024,0.041510786501055115,0.04552290690034552,0.014412410826148405,1.3001917096544115e-05,21,31,0.013227444821392664,0.09300600275045305,True,False,False,0.00020724701637669216,COMPLETE
610,0.4020040571689606,2025-04-24 00:02:17.307757,2025-04-24 00:03:38.821986,0 days 00:01:21.514229,0.2487972467432634,0.6374244413037953,2,0.13740272677141555,0.022420927542671686,0.08336442162898815,0.043534898584680785,0.04333486100811901,0.01719704920077117,0.0007723453425273951,20,22,0.02209262453531989,0.09817207175986471,True,False,False,0.0002539878544948527,COMPLETE
611,0.34735368490219115,2025-04-24 00:03:39.014068,2025-04-24 00:04:53.963830,0 days 00:01:14.949762,0.17410294974002738,0.6730383595184379,2,0.14929373562794085,0.024692637180624075,0.0828286993691888,0.04653659604493823,0.04039914832405614,0.01130301122486279,0.0016113588054408197,18,27,0.010597393014967371,0.10248392298885133,True,False,False,0.00013405467867006672,COMPLETE
612,0.41485430598258977,2025-04-24 00:04:54.164925,2025-04-24 00:06:45.955044,0 days 00:01:51.790119,0.200031739171818,0.5926756008468979,2,0.14962686734385588,0.019980063728322527,0.004130212719145862,0.045086640901680776,0.04309010924443611,0.015026853486003584,1.766601845355073e-05,30,17,0.013374806004598809,0.09620238030486208,False,False,False,0.00010837316172631336,COMPLETE
613,0.9007277607917786,2025-04-24 00:06:46.148065,2025-04-24 00:08:36.055847,0 days 00:01:49.907782,0.21940113686800855,0.2670787024417436,2,0.2577413668839731,0.03754654576834354,0.08141720167615081,0.04170945082725572,0.03891389502943212,0.015883567111117956,0.032169130441600476,29,28,0.01494641231608417,0.1149409271752243,True,False,False,0.00020077729211837156,COMPLETE
614,0.37500576376914985,2025-04-24 00:08:36.260508,2025-04-24 00:09:53.998034,0 days 00:01:17.737526,0.515041785653769,0.621543424411239,2,0.1404758128479943,0.028603172117323807,0.08559324058881108,0.049950165252008856,0.04134805647443239,0.013176570358951246,3.973469514587689e-05,19,23,0.008443007260164406,0.11318850900637624,True,False,False,0.00015602895091500692,COMPLETE
615,0.4114671766757965,2025-04-24 00:09:54.191072,2025-04-24 00:11:16.009390,0 days 00:01:21.818318,0.2420633703192121,0.5693123219423515,2,0.21936249962662352,0.01799613673684882,0.08738114733242587,0.04832285203172217,0.03054750648170674,0.017623603070854803,2.7342950275816356e-05,20,30,0.011001681460770707,0.10528181060790032,True,False,False,0.0002748169155380803,COMPLETE
616,0.37971570491790774,2025-04-24 00:11:16.213765,2025-04-24 00:12:40.432140,0 days 00:01:24.218375,0.2704201351683302,0.6597462490343607,2,0.1460366931678474,0.02322092658345938,0.017504332328065565,0.03923522825191541,0.08494123018376774,0.05308788637326192,0.000319375803272212,21,20,0.00836633143207567,0.07875252725058778,True,False,False,0.00018837388418775226,COMPLETE
617,0.35656697750091554,2025-04-24 00:12:40.627542,2025-04-24 00:14:07.265331,0 days 00:01:26.637789,0.19998004810219847,0.6987660386384562,2,0.23379075760895418,0.011866646628677386,0.0806455408244676,0.04619924072575571,0.04649024839618112,0.019423181735122294,0.04309855210250007,21,32,0.011815403723851425,0.08938159594241502,True,False,False,0.00013255844375067733,COMPLETE
618,0.36273797750473025,2025-04-24 00:14:07.468795,2025-04-24 00:15:28.638029,0 days 00:01:21.169234,0.8614995826876991,0.6428424068572718,2,0.04758217042048416,0.12952013196445017,0.07786426965247267,0.017730158854973813,0.03504674775944301,0.05498338658092099,0.025804960715514292,20,24,0.006828499346211841,0.26235015871322104,True,False,False,8.502323324954567e-05,COMPLETE
619,0.38418542146682744,2025-04-24 00:15:28.832473,2025-04-24 00:16:50.183885,0 days 00:01:21.351412,0.2586151747960468,0.6164540752667715,2,0.1341768630683247,0.015998878064690178,0.08372422038941173,0.0517967416088979,0.03787993212355868,0.03341649859083853,0.00017874631259969746,20,19,0.01723707743702035,0.11139622995972423,True,False,False,3.7856632777673816e-07,COMPLETE
620,0.5577039122581482,2025-04-24 00:16:50.390790,2025-04-24 00:18:09.341615,0 days 00:01:18.950825,0.3440095748872497,0.5894820743776851,2,0.21508897689419756,0.028554602288994632,0.08578717576283175,0.09752335741815935,0.032896325075238084,0.012318028093947641,0.05720260782208681,19,14,0.00939234511481288,0.1084071984222793,True,False,False,0.00023641999808226845,COMPLETE
621,0.5445194721221924,2025-04-24 00:18:09.537188,2025-04-24 00:19:34.300582,0 days 00:01:24.763394,0.4949576043184667,0.6689128984702373,2,0.2250348414304926,0.010545341465011656,0.08858305550090796,0.04241716256566028,0.04361104804349815,0.0592880556880167,0.01927175879533788,21,28,0.014388653945989725,0.1237441401270394,True,False,False,0.00033487715016264244,COMPLETE
622,0.3705005824565888,2025-04-24 00:19:34.506668,2025-04-24 00:20:49.986364,0 days 00:01:15.479696,0.21229669273812837,0.6842789320572429,2,0.24051648830272016,0.020800080773392036,0.0482501808900449,0.043864599877662114,0.04028549428661584,0.04693649876275755,0.000103328421980483,18,25,0.012087568061944554,0.18133342995499316,True,False,False,0.00010788695476583696,COMPLETE
623,0.29052439928054813,2025-04-24 00:20:50.181587,2025-04-24 00:22:11.134768,0 days 00:01:20.953181,0.23492127729516316,0.6260713659347825,2,0.04939273919065724,0.00017590331706239873,0.0866032906655257,0.04765355091491641,0.03634482154931463,0.03863652343660226,0.0022744414327907736,20,31,0.0073183084495953635,0.1910416010827419,True,False,False,0.00015353351120795297,COMPLETE
624,0.34585005640983585,2025-04-24 00:22:11.339768,2025-04-24 00:23:54.043170,0 days 00:01:42.703402,0.14311288880639422,0.7182659156083815,2,0.13173518220133262,0.034035269381993874,0.04188014391379904,0.019581992446560472,0.041846732742628,0.04356465376292622,0.01262313327368135,27,21,0.009615424488811117,0.17100991886402453,True,False,False,7.56869358464723e-05,COMPLETE
625,0.5534436225891114,2025-04-24 00:23:54.239915,2025-04-24 00:25:13.522520,0 days 00:01:19.282605,0.27579625822884635,0.6441631119042148,2,0.14891196953299865,0.015363428554634163,0.08141716662899982,0.04491418713314609,0.03838593711007872,0.04818126112839809,0.05054065910521693,19,17,0.005771592985997449,0.13189928999625722,True,False,False,0.00022370019136497095,COMPLETE
