number,value,datetime_start,datetime_complete,duration,params_alpha-eval,params_alpha-train,params_batch-size,params_eps-eval,params_eps-train,params_lambda-actions-eval,params_lambda-actions-train,params_lambda-frames-eval,params_lambda-frames-train,params_learning-rate,params_n-epochs,params_n-frames,params_radius-gw,params_rho,params_std-feats,params_ub-actions,params_ub-frames,params_weight-decay,state
1467,0.54088374376297,2025-04-04 23:36:50.609452,2025-04-04 23:37:23.648741,0 days 00:00:33.039289,0.010903719827176018,0.22927300320887214,2,0.2237351337481882,0.07046852904195201,0.016843964302514,0.043020183850517583,0.006194317562103438,0.08355745727165789,0.08522513042935723,6,48,0.006061201868837009,0.1759953455940355,True,False,True,4.0309883018671485e-08,COMPLETE
1468,0.6792354822158814,2025-04-04 23:37:24.121408,2025-04-04 23:37:54.263294,0 days 00:00:30.141886,0.10598597176858768,0.24732836768376465,2,0.2179756274934913,0.049988783074544074,0.019066604667187546,0.04313476547909462,0.0027270732850787098,0.08701979772997333,0.06328268970551651,5,53,0.00538806154352722,0.16087981280535021,True,False,True,2.614640375755337e-08,COMPLETE
1469,0.42502284646034244,2025-04-04 23:37:54.736940,2025-04-04 23:38:30.533887,0 days 00:00:35.796947,0.0817676723439025,0.2299564537074222,2,0.22996356140490884,0.06265701517955202,0.021631457439155937,0.04574050565988915,0.07032328318945953,0.0886128928771445,0.09994141625268604,7,63,0.004731684075779193,0.1447255926423472,True,False,True,1.905432632324163e-08,COMPLETE
1470,0.5534436225891114,2025-04-04 23:38:31.025068,2025-04-04 23:39:04.290640,0 days 00:00:33.265572,0.0589031521107001,0.2730351041702063,2,0.20994974014200848,0.043647774591945014,0.024041295761329802,0.04181522379734223,0.007001257191562352,0.06368424895977168,0.07311930862726254,6,57,0.0034582825150308,0.16949731859211642,True,False,True,3.649075660680189e-08,COMPLETE
1471,0.29052439928054813,2025-04-04 23:39:04.770078,2025-04-04 23:39:35.180944,0 days 00:00:30.410866,0.047990542945027005,0.2528179336622479,2,0.21971878072105966,0.05410730869089388,0.014279834589127674,0.04100502542292481,0.004537716993197901,0.08481808395793802,0.05007547365866532,5,51,0.006475127372967204,0.1525855414713107,True,True,True,3.054427047257608e-08,COMPLETE
1472,0.41588486433029176,2025-04-04 23:39:35.658297,2025-04-04 23:40:11.270414,0 days 00:00:35.612117,0.09654515328211892,0.3574931792409446,2,0.23193891947101342,0.07131288436910299,0.019829714961021018,0.044357540975765816,0.004462120717019251,0.050342353409687034,0.058882078891474766,7,48,0.0027205268325307327,0.18182992421216992,False,False,True,4.0330171020366156e-08,COMPLETE
1473,0.4160239934921265,2025-04-04 23:40:11.747193,2025-04-04 23:40:26.983150,0 days 00:00:15.235957,0.07255690156379269,0.28923677466354486,16,0.21507768064439767,0.06186693284365702,0.017166829939844353,0.04764043471157318,0.007909286781464997,0.08422992606107266,0.07490520504132583,5,61,0.005732407199539354,0.17458384267540128,True,False,True,2.251431090725447e-08,COMPLETE
1474,0.3449921786785126,2025-04-04 23:40:27.482633,2025-04-04 23:41:00.365227,0 days 00:00:32.882594,0.030577547512606985,0.2352708715438364,2,0.17673774449631424,0.06722891042724428,0.021451586776847418,0.036266114350784716,0.0026453264921595812,0.09118729039778531,0.09999330529372553,6,54,0.0028094465962538195,0.16756491599000056,True,False,True,3.0675194142158516e-08,COMPLETE
1475,0.482120954990387,2025-04-04 23:41:00.843889,2025-04-04 23:41:33.888485,0 days 00:00:33.044596,0.11046445956508796,0.21779806376891273,2,0.22596426274708659,0.04801094242504098,0.015838901158073647,0.03898185300665432,0.007336147944555456,0.08780619033729259,0.08352746447706727,6,50,0.004970232697814485,0.15753444434943142,True,False,True,4.159692585914798e-08,COMPLETE
1476,0.41718063950538636,2025-04-04 23:41:34.363928,2025-04-04 23:42:13.090091,0 days 00:00:38.726163,0.06222127152446709,0.2690023168191336,2,0.22166356854729888,0.057536263545529084,0.01877881986319911,0.04239156139571834,0.0050551472215073796,0.08501906864232812,0.06409470387582683,8,56,0.0065134025906185,0.16317764834132964,True,False,True,4.7034390176924505e-08,COMPLETE
1477,0.46193267107009894,2025-04-04 23:42:13.591873,2025-04-04 23:42:49.061972,0 days 00:00:35.470099,0.010681353443037896,0.24084056086775738,2,0.21332675612124752,0.05166199859662707,0.023822845787162518,0.04052267470045858,0.008024486710091781,0.08647360986408381,0.05026984228928241,7,47,0.0028323543204020565,0.17634564632102112,True,False,True,2.5481590434089008e-08,COMPLETE
1478,0.38898314237594606,2025-04-04 23:42:49.548702,2025-04-04 23:43:20.000996,0 days 00:00:30.452294,0.04408702442449325,0.22612165454168043,2,0.20646960482728186,0.06510853380211029,0.020693780057941688,0.049999920063870516,0.0028504632636341034,0.058909262275366525,0.07422827731112944,5,52,0.0010286128288846978,0.18185271968846875,True,False,True,6.745563631006039e-08,COMPLETE
1479,0.34745275378227236,2025-04-04 23:43:20.482956,2025-04-04 23:44:04.505491,0 days 00:00:44.022535,0.095726230394782,0.2612108189522863,2,0.23161114018978465,0.04289306723492997,0.014433621174355971,0.055149317084208595,0.006224420448504126,0.08543762238045707,0.05782140549046873,10,49,0.006414546489930702,0.007876578172508641,True,False,True,3.469107379233065e-08,COMPLETE
1480,0.9390285372734071,2025-04-04 23:44:04.985345,2025-04-04 23:44:38.368553,0 days 00:00:33.383208,0.07469319382497475,0.21288138978239549,2,0.21943790153926584,0.07347589938053936,0.01813161923962571,0.09763115396177383,0.00882476004632939,0.05398110479992196,0.083442407706438,6,60,0.004371645039972677,0.17179796272084877,True,False,True,4.763783580460104e-08,COMPLETE
1481,0.4159325242042542,2025-04-04 23:44:38.887305,2025-04-04 23:45:09.204357,0 days 00:00:30.317052,0.03930814550601932,0.299417256852815,2,0.22548220687151058,0.058889586746449715,0.023444288312411708,0.03895655122617028,0.001351446631551463,0.06592182271965467,0.04880629069437254,5,57,0.0030123453108388764,0.15446594991866852,True,False,True,2.0171909814019892e-08,COMPLETE
1482,0.6123736262321472,2025-04-04 23:45:09.688465,2025-04-04 23:45:45.354043,0 days 00:00:35.665578,0.11091615888961803,0.24542075191982882,2,0.23915322448759246,0.052132378806497216,0.02177766663975198,0.04596891966128553,0.003957097749621677,0.08331014346536898,0.06509398842744708,7,53,0.0066110721808831895,0.14203573322214932,True,False,True,1.047521564202797e-07,COMPLETE
1483,0.4124613165855408,2025-04-04 23:45:45.834536,2025-04-04 23:46:16.012560,0 days 00:00:30.178024,0.08770957520535805,0.32440189961374827,2,0.23338870271857243,0.06724255013612623,0.01618518986913693,0.03674691777481367,0.005737635920662355,0.0830902209471484,0.08555218087015634,5,46,0.004761792632014835,0.16419724200292157,True,False,True,6.73501574172558e-08,COMPLETE
1484,0.41502929329872135,2025-04-04 23:46:16.493427,2025-04-04 23:46:54.403168,0 days 00:00:37.909741,0.05921034876988272,0.23172104778142505,2,0.2156531067257179,0.059143619623204004,0.019065278458988585,0.04380415703074524,0.00876211144611698,0.09334552693932778,0.06652898731302288,8,51,0.0711094337305909,0.18309447607238066,True,False,True,2.9469944052357423e-08,COMPLETE
1485,0.37976779937744143,2025-04-04 23:46:54.903882,2025-04-04 23:47:30.814577,0 days 00:00:35.910695,0.07784833884420636,0.27749250346559795,2,0.2060134417582289,0.06358755679416751,0.020390795492666113,0.035756985455456525,0.004096073194844676,0.08996215487443124,0.050439591302321486,7,55,0.006644757609229588,0.1590440986093801,True,False,True,4.578947686988411e-08,COMPLETE
1486,0.37404268980026245,2025-04-04 23:47:31.306038,2025-04-04 23:48:04.382156,0 days 00:00:33.076118,0.10969022646584664,0.21049946871884828,2,0.227347011352452,0.05435207286488033,0.013659558467995544,0.040218193182983926,0.0012466784181633921,0.08210852256724463,0.07200177101127452,6,47,0.0029141205980248554,0.16957888450416472,True,False,True,5.85880588888754e-08,COMPLETE
1487,0.444335561990738,2025-04-04 23:48:04.864090,2025-04-04 23:48:37.834008,0 days 00:00:32.969918,0.044586016700351845,0.25317335392186885,2,0.22216477368912313,0.04485488933470043,0.02396029335416645,0.04192219739135557,0.006983084010917556,0.08813243726596325,0.08524439518646965,6,50,0.006607603929970435,0.17464303124836877,True,False,True,1.0571562321460543e-07,COMPLETE
1488,0.4529772222042084,2025-04-04 23:48:38.314359,2025-04-04 23:49:09.043150,0 days 00:00:30.728791,0.02967806602083511,0.21084658807249296,2,0.21250043406115107,0.07251638422105805,0.0640263123561928,0.038279647599559166,0.001009136905811274,0.08081301653982408,0.09981273200183177,5,58,0.001056892159009633,0.14863152609774052,True,False,True,3.7840191865133934e-08,COMPLETE
1489,0.999237620830536,2025-04-04 23:49:09.547534,2025-04-04 23:49:40.011496,0 days 00:00:30.463962,0.06584948366262897,0.23269099889145178,2,0.23931826906875478,0.05990537119720736,0.017303960738959245,0.04784001232045823,0.006043725657848173,0.061248843768059724,0.06047761291693891,5,53,0.005433579635603475,0.17939284077002776,True,False,True,1.4797626502834026e-08,COMPLETE
1490,0.29052439928054813,2025-04-04 23:49:40.494742,2025-04-04 23:50:10.845328,0 days 00:00:30.350586,0.07581016582375841,0.2590898181421186,2,0.24063432855055317,0.06791538652537699,0.015427084639777771,0.05065954672199065,0.008654274915804377,0.06264703579233469,0.0749054323433619,5,65,0.004260796754498745,0.16849396095065872,True,True,True,2.2365770948800094e-08,COMPLETE
1491,0.41912602186203,2025-04-04 23:50:11.330872,2025-04-04 23:50:41.214043,0 days 00:00:29.883171,0.06778320464370295,0.23726962229731138,2,0.2447171778914853,0.07400174436878118,0.013612853165940731,0.04933077296863301,0.009701914111409658,0.06492814604388751,0.06114819696019099,5,58,0.002900349176023242,0.17716839932600553,True,False,True,1.265558319340755e-08,COMPLETE
1492,0.29360988140106203,2025-04-04 23:50:41.700485,2025-04-04 23:50:56.173942,0 days 00:00:14.473457,0.05260865846023024,0.28139246098454107,16,0.2064892369327011,0.20090083754872656,0.05901469744176471,0.04774757778898336,0.008360423107882068,0.055170577005448376,0.08105981313484076,5,55,0.004547330321537379,0.16052059299399496,False,False,True,1.1099000731959336e-08,COMPLETE
1493,0.41911543607711793,2025-04-04 23:50:56.679835,2025-04-04 23:51:29.918103,0 days 00:00:33.238268,0.09276604604197226,0.23708791545781302,2,0.23080085694059566,0.06303543460745353,0.016918513671071812,0.05246914193465595,0.006508042918913699,0.06348733433534916,0.05955026809514222,6,61,0.0027471146225109717,0.16686212253781485,True,False,True,1.2238201009221158e-08,COMPLETE
1494,0.41403208374977113,2025-04-04 23:51:30.402006,2025-04-04 23:52:22.879560,0 days 00:00:52.477554,0.028141596797515975,0.7929579107036315,2,0.21855808595615095,0.06022890769306759,0.016902581926808515,0.048922449571697904,0.01036355857258261,0.06621416681566622,0.07202259006986378,13,54,0.0010916286418701316,0.1769744310096253,True,False,True,1.3338979283830167e-08,COMPLETE
1495,0.34630296230316165,2025-04-04 23:52:23.362794,2025-04-04 23:52:53.697588,0 days 00:00:30.334794,0.05978478815883207,0.25850944629106176,2,0.23911132551487857,0.0662315502793153,0.013640728309954041,0.04612049151380863,0.006245915971074656,0.05641997900388571,0.047483911937418556,5,57,0.0010324654309237834,0.15450774105930684,True,False,True,2.0378386428916834e-08,COMPLETE
1496,0.3750723481178284,2025-04-04 23:52:54.201728,2025-04-04 23:53:27.468189,0 days 00:00:33.266461,0.645563987901927,0.23219516431898285,2,0.2237405751835892,0.04937327519311589,0.015771726196078386,0.04672256642150093,0.007712720536236265,0.057607912128726936,0.06877764033855067,6,53,0.004576501250131344,0.17272270714461993,True,False,True,1.6034479371618246e-08,COMPLETE
1497,0.41531159281730656,2025-04-04 23:53:27.955968,2025-04-04 23:54:09.622492,0 days 00:00:41.666524,0.0933361871037116,0.22365253690378414,2,0.21203125661671415,0.0556052687385365,0.01826600778756958,0.050953620505976516,0.005328285371984412,0.060335944250146725,0.08188588025367305,9,59,0.004974081567041731,0.1640947181565583,True,False,True,1.5171124598503896e-08,COMPLETE
1498,0.42979934215545657,2025-04-04 23:54:10.114529,2025-04-04 23:54:40.593543,0 days 00:00:30.479014,0.03265866701136748,0.26859842401510586,2,0.2306646859286202,0.07315750743586544,0.02152728217112987,0.04455808521493535,0.01015795908523861,0.055372712083783616,0.06016972402381943,5,53,0.0010003692409160576,0.18128038262490231,True,False,True,1.618272093752612e-08,COMPLETE
1499,0.6215975999832154,2025-04-04 23:54:41.076284,2025-04-04 23:55:14.489049,0 days 00:00:33.412765,0.07163837798149385,0.25053431266082815,2,0.2178141366735056,0.06820658247731837,0.01960222243011139,0.04779774863769022,0.006951134231399874,0.06219452440298667,0.08513140500349324,6,55,0.006369365026547178,0.17065579745941942,True,False,True,1.559725615427886e-08,COMPLETE
1500,0.45373249053955084,2025-04-04 23:55:14.992727,2025-04-04 23:55:45.156931,0 days 00:00:30.164204,0.0494901040556526,0.29500762337358793,2,0.23632776882102896,0.06071355591079459,0.024783679975930055,0.04752867821476243,0.005097229942060377,0.0526618982177604,0.0491047470140215,5,52,0.0031087111968137707,0.16186358760861463,True,False,True,1.8129861844554383e-08,COMPLETE
1501,0.4102427065372467,2025-04-04 23:55:45.644860,2025-04-04 23:56:16.041432,0 days 00:00:30.396572,0.10716809896394516,0.21636981620893983,2,0.22622990592169773,0.048700486333070364,0.02189215016368242,0.05221121001401202,0.008942195341021461,0.05899566089018609,0.05912669652635315,5,57,0.08949373533974751,0.1775186205235831,True,False,True,1.9785842538331146e-08,COMPLETE
1502,0.38475605845451355,2025-04-04 23:56:16.528914,2025-04-04 23:56:49.973602,0 days 00:00:33.444688,0.6015155097794966,0.8379130487926832,2,0.20717018766501286,0.05465482885843731,0.013021705184067535,0.045189303142601604,0.010444112610095667,0.06769023468179984,0.08591048232821545,6,51,0.004844588695046372,0.1499971844042805,True,False,True,2.7195188100238263e-08,COMPLETE
1503,0.4817377805709839,2025-04-04 23:56:50.458652,2025-04-04 23:57:20.588725,0 days 00:00:30.130073,0.0836951945958924,0.24248880839777381,2,0.24293795403512095,0.06397669150433795,0.017634463959859698,0.04924292577263523,0.004148919287408516,0.05144993918892795,0.0712920646062646,5,59,0.006281272544031713,0.15679441857345622,True,False,True,1.0229483261935498e-08,COMPLETE
1504,0.26747515201568606,2025-04-04 23:57:21.096903,2025-04-04 23:57:54.381983,0 days 00:00:33.285080,0.7888001258863442,0.22344552457425493,2,0.2129443422039004,0.07377578068822176,0.022823453299212194,0.05483186485699896,0.006505526041209793,0.06043195980285715,0.04790633156402659,6,62,0.002779339159827285,0.16876425216329383,True,False,True,2.5543730929481675e-08,COMPLETE
1505,0.3568149507045746,2025-04-04 23:57:54.871256,2025-04-04 23:58:28.070202,0 days 00:00:33.198946,0.028386062971973568,0.2517730183307599,2,0.22176079377191332,0.04206920450120421,0.01533011707761339,0.043174004091468446,0.007469573533741835,0.04728274053053047,0.0694206931905225,6,55,0.006279506337224106,0.1730903643304939,True,False,True,1.5371962308863998e-08,COMPLETE
1506,0.9980150222778321,2025-04-04 23:58:28.557222,2025-04-04 23:58:58.658071,0 days 00:00:30.100849,0.05563371062490773,0.2724090594365015,2,0.2020627276424801,0.058376557561614764,0.02054115763863704,0.04488069059015238,0.0029097452383416945,0.08412848454787766,0.08521256414836224,5,47,0.004401078828827815,0.18178404746516572,True,False,True,7.682278339453081e-08,COMPLETE
1507,0.5225955963134766,2025-04-04 23:58:59.166741,2025-04-04 23:59:29.538812,0 days 00:00:30.372071,0.05416927112263838,0.28632936787534563,2,0.20658062270328945,0.04859988382440819,0.020733541190547936,0.046109198776896426,0.001106420004569507,0.08739705031114184,0.09931794733669756,5,46,0.0010223843084489134,0.18239490224342184,True,False,True,8.832182790999456e-08,COMPLETE
1508,0.35140565037727356,2025-04-04 23:59:30.028450,2025-04-05 00:00:00.141644,0 days 00:00:30.113194,0.04243689502308294,0.3156254261861149,2,0.19282260112574912,0.042284713997179535,0.02350852699862062,0.04789203561137113,0.003985169009062168,0.04248919148082049,0.08887919817907261,5,46,0.0035303409878947693,0.18448245465629046,True,False,True,1.3034367187856456e-07,COMPLETE
1509,0.29052439928054813,2025-04-05 00:00:00.640916,2025-04-05 00:00:30.973124,0 days 00:00:30.332208,0.06359716563344803,0.2909968732949511,2,0.2025285224395011,0.05425081095487325,0.020667307314225468,0.045305164993567716,0.003739496352771522,0.08602405276394369,0.08565659479241622,5,48,0.003120172692338419,0.18393455409133555,True,True,True,2.0626178537889496e-08,COMPLETE
1510,0.4132711708545685,2025-04-05 00:00:31.474588,2025-04-05 00:01:01.657206,0 days 00:00:30.182618,0.010613814785149655,0.3172948565157495,2,0.1885954899343904,0.05649624306180571,0.022319252950014835,0.04646708455406716,0.0026641549163487982,0.08899811370403704,0.0862592872315342,5,44,0.004554317937128682,0.17797682378621213,False,False,True,1.2185679157093196e-07,COMPLETE
1511,0.3465699374675751,2025-04-05 00:01:02.162135,2025-04-05 00:01:32.672109,0 days 00:00:30.509974,0.04455939469330736,0.2763399813208964,2,0.19749020790581212,0.048934765251633726,0.020041350373843234,0.049549785500663496,0.0010884112063258597,0.08471726728874449,0.09874753127569083,5,45,0.0010213660643347685,0.1808341637295644,True,False,True,3.264415037125065e-08,COMPLETE
1512,0.4160239934921265,2025-04-05 00:01:33.166241,2025-04-05 00:02:03.506473,0 days 00:00:30.340232,0.06935593700924418,0.2813774763261639,2,0.16684442567379687,0.05312014387237831,0.023292098087155277,0.044475591745689484,0.0029526039050201355,0.08465708708085068,0.07456464122091978,5,48,0.004403548465791884,0.18519257827713528,True,False,True,1.2916028369312295e-08,COMPLETE
1513,0.4160239934921265,2025-04-05 00:02:03.992332,2025-04-05 00:02:19.363721,0 days 00:00:15.371389,0.028258649702332234,0.27093798740363806,16,0.19995166767053077,0.05987033690023017,0.0250561375251134,0.04344441016782962,0.003079955096797949,0.08667136822252412,0.08373795414061898,5,49,0.003088589930350412,0.177951287905607,True,False,True,8.5475632171408e-08,COMPLETE
1514,0.4592583358287812,2025-04-05 00:02:19.874758,2025-04-05 00:02:50.204865,0 days 00:00:30.330107,0.060048827077609154,0.33324702491943153,2,0.20917534100393256,0.04315616588235131,0.019176636668274197,0.04795557459201868,0.0027658370914461303,0.09054743006814037,0.09867302959667115,5,45,0.005149045263170742,0.13636108936395575,True,False,True,3.732452061388369e-08,COMPLETE
1515,0.4059998691082001,2025-04-05 00:02:50.695808,2025-04-05 00:03:23.516508,0 days 00:00:32.820700,0.08009561910302822,0.30432722457718175,2,0.1904216283779511,0.06762385816119848,0.021479453668149573,0.045346009506108384,0.06338206875085328,0.043938821238661774,0.07049720704647791,6,49,0.004426705277894388,0.18422323348273015,True,False,True,5.550041500989445e-08,COMPLETE
1516,0.4160239934921265,2025-04-05 00:03:24.007917,2025-04-05 00:03:54.101985,0 days 00:00:30.094068,0.047730097182358516,0.2632291968517338,2,0.2016694219031565,0.05729750782242252,0.024874120236078077,0.04268034799155563,0.0049737622235094545,0.08560861137345663,0.07713301884278088,5,46,0.0066877840062095064,0.1758145722117569,True,False,True,2.4580374347623783e-08,COMPLETE
1517,0.3384395182132721,2025-04-05 00:03:54.618529,2025-04-05 00:04:27.474556,0 days 00:00:32.856027,0.5201461047142054,0.2799759257086445,2,0.19700276776844788,0.048516446851203404,0.019713166710724636,0.04688076630561964,0.0048650310339178006,0.0835900691854015,0.05859902941411372,6,51,0.0028564852690834137,0.18591969453638438,True,False,True,1.0221411008634387e-08,COMPLETE
1518,0.4366329193115235,2025-04-05 00:04:27.968503,2025-04-05 00:04:58.086761,0 days 00:00:30.118258,0.011196244535457464,0.29183684059683673,2,0.24515592937721317,0.062199624596880145,0.022145093988998804,0.0503244473101357,0.005422443111646987,0.08857148070615484,0.09883602866557285,5,44,0.00511481104936275,0.17600975654226592,True,False,True,1.060861480300705e-07,COMPLETE
1519,0.4925371646881104,2025-04-05 00:04:58.577205,2025-04-05 00:05:31.462604,0 days 00:00:32.885399,0.033957052892806365,0.26219083366680224,2,0.20229253538682085,0.05877842814134775,0.018116348098724536,0.04411361361908741,0.0011814432240002909,0.04796304967734835,0.0727330265565711,6,50,0.0032298087387830614,0.17964499018616903,True,False,True,7.611053676019404e-08,COMPLETE
1520,0.41154505014419557,2025-04-05 00:05:31.953249,2025-04-05 00:06:01.957154,0 days 00:00:30.003905,0.072783347148874,0.24955830441467294,2,0.20655608943882522,0.052600830590925025,0.020422876494086518,0.042619024027892645,0.003031892367297552,0.079716751388777,0.05719517440010037,5,48,0.04972665183527133,0.17294603485161952,True,False,True,4.600702224423622e-08,COMPLETE
1521,0.41158285140991213,2025-04-05 00:06:02.469269,2025-04-05 00:06:32.769685,0 days 00:00:30.300416,0.08677476338425305,0.3464497126775371,2,0.21267113552012212,0.06973771334178241,0.023596614926713257,0.044934085982080534,0.005979030723943038,0.08334978705037657,0.09964577110212798,5,52,0.006477915894590401,0.14572986014545547,True,False,True,1.7680512725524292e-08,COMPLETE
1522,0.39389663338661196,2025-04-05 00:06:33.264058,2025-04-05 00:07:06.044858,0 days 00:00:32.780800,0.06372399854011185,0.2670298201078748,2,0.23772449986994432,0.04281956422450718,0.018560699931451343,0.04770026188395028,0.0028023663839050307,0.045281244709159486,0.08303645346634267,6,46,0.0031971229747757286,0.1858012935710963,True,False,True,3.085010684340171e-08,COMPLETE
1523,0.8995943784713746,2025-04-05 00:07:06.535032,2025-04-05 00:07:36.644631,0 days 00:00:30.109599,0.0401686787757633,0.24501670633697112,2,0.2072090667343469,0.06455949662936751,0.025495748276813453,0.04202797558665805,0.0052581543181388505,0.09411000892896552,0.06715427183389575,5,43,0.006575815113797831,0.14077414723812945,True,False,True,5.796653529186514e-08,COMPLETE
