number,value,datetime_start,datetime_complete,duration,params_alpha-eval,params_alpha-train,params_batch-size,params_eps-eval,params_eps-train,params_lambda-actions-eval,params_lambda-actions-train,params_lambda-frames-eval,params_lambda-frames-train,params_learning-rate,params_n-epochs,params_n-frames,params_radius-gw,params_rho,params_std-feats,params_ub-actions,params_ub-frames,params_weight-decay,state
1695,0.37957414984703064,2025-04-05 01:51:51.380180,2025-04-05 01:52:26.579189,0 days 00:00:35.199009,0.1496088398355232,0.3704176798815315,2,0.22608886263591663,0.08556044266995837,0.009581425572007085,0.03207208817463837,0.012304153399236802,0.08445344308145669,0.08509603134440606,7,23,0.0010741740599858147,0.19201096725281377,True,False,True,5.4928471267543134e-08,COMPLETE
1696,0.37202155590057373,2025-04-05 01:52:27.149950,2025-04-05 01:53:05.058957,0 days 00:00:37.909007,0.1122390085598745,0.3563634506487975,2,0.2117837172655992,0.08199488067828788,0.013736163753084792,0.03275186556085312,0.007818526129981665,0.08722087302272986,0.09647910887003841,8,24,0.0013221717013516556,0.18898894009994302,True,False,True,6.376123594617826e-08,COMPLETE
1697,0.32325227856636046,2025-04-05 01:53:05.608423,2025-04-05 01:53:41.217447,0 days 00:00:35.609024,0.11568618726680602,0.373957905226689,2,0.22006977108192607,0.0796235928382949,0.012250330270634043,0.03033787562463569,0.005090638373076753,0.08912784506200072,0.09744464335497152,7,34,0.0027009050610608044,0.19980716734086365,True,False,True,8.933316452454822e-08,COMPLETE
1698,0.4057174861431122,2025-04-05 01:53:41.791774,2025-04-05 01:54:17.907112,0 days 00:00:36.115338,0.12610097920851454,0.3579236582138463,2,0.22763004406860998,0.0781842424537535,0.010661690770038874,0.031195247137457076,0.0010262276253774965,0.08445306104603523,0.09818724900089698,7,32,0.0014636244633217936,0.1966155730626876,True,True,True,5.1989028732380955e-08,COMPLETE
1699,0.2943789303302765,2025-04-05 01:54:18.461304,2025-04-05 01:54:58.915878,0 days 00:00:40.454574,0.10081835163896363,0.3440397452949123,2,0.2027230444382623,0.09163556711300974,0.012768565943072394,0.03496539881258682,0.009872691246668154,0.08685457013014755,0.07736782220161134,9,33,0.0011487387444944397,0.18693001299014497,False,False,True,7.957716069901202e-08,COMPLETE
1700,0.46755269765853885,2025-04-05 01:54:59.473587,2025-04-05 01:55:37.514826,0 days 00:00:38.041239,0.14480514696455182,0.29774353702346884,2,0.21474018174775078,0.07641095434264576,0.013280424002630565,0.034952546910852686,0.006788540627048214,0.08385751234324283,0.09854401844535819,8,24,0.0012421759474585323,0.19119996489011987,True,False,True,6.134164827267493e-08,COMPLETE
1701,0.4782282948493958,2025-04-05 01:55:38.090213,2025-04-05 01:56:13.629180,0 days 00:00:35.538967,0.10136625098773547,0.34191556677673746,2,0.231271880952208,0.07966128570691632,0.00930669929822081,0.031772060372194356,0.012258381521352741,0.08584484399091048,0.07929891975595668,7,19,0.0027096956106310586,0.19660972022556822,True,False,True,8.185907382103956e-08,COMPLETE
1702,0.4160239934921265,2025-04-05 01:56:14.185013,2025-04-05 01:56:30.028041,0 days 00:00:15.843028,0.09267667786770042,0.33363505762093226,16,0.20932688806991964,0.07320501175898117,0.07352956095693107,0.03421390366207891,0.004345786798057982,0.0884094513066883,0.08384495396781788,8,27,0.06933583279071748,0.1858208518417891,True,False,True,9.357138013088624e-08,COMPLETE
1703,0.4787298738956452,2025-04-05 01:56:30.604427,2025-04-05 01:57:05.690497,0 days 00:00:35.086070,0.12449626322238337,0.3238197665763567,2,0.2206769120021116,0.08483744153725574,0.014208957874335591,0.034485545569629045,0.014631010490358379,0.0830773772990458,0.07332809993280197,7,26,0.002972465005180113,0.2018672570742368,True,False,True,5.070847127664165e-08,COMPLETE
1704,0.41628542542457586,2025-04-05 01:57:06.240461,2025-04-05 01:57:41.745469,0 days 00:00:35.505008,0.15446911840378474,0.31489905198564094,2,0.224878201003304,0.0746526020982166,0.010063990567319162,0.029185707747944815,0.007863118609021589,0.08456877018744131,0.07589585535781608,7,26,0.0012878281362375286,0.19209441609605366,True,False,True,6.325756397404809e-08,COMPLETE
1705,0.37486347556114197,2025-04-05 01:57:42.320493,2025-04-05 01:58:17.574629,0 days 00:00:35.254136,0.1025763204564068,0.3136704611900749,2,0.2347743421510647,0.07415799544353895,0.01442764113987216,0.037333044934009164,0.006343884259584067,0.08664755845966937,0.08405971484425405,7,21,0.003090549856384099,0.18363114896677413,True,False,True,1.0458487226682547e-07,COMPLETE
1706,0.4164357244968414,2025-04-05 01:58:18.126972,2025-04-05 01:58:53.748766,0 days 00:00:35.621794,0.13175386936489278,0.3864072044410113,2,0.21225331963470007,0.07002944836969752,0.014181022012233513,0.0332867038963266,0.010617094025844667,0.08991384345482506,0.09973608355014253,7,37,0.003707071880376351,0.1883456599164865,True,False,True,5.006915545565345e-08,COMPLETE
1707,0.37146947979927064,2025-04-05 01:58:54.300352,2025-04-05 01:59:32.735261,0 days 00:00:38.434909,0.11694569434000832,0.3621633185550309,2,0.21615201734124237,0.08161606155150544,0.010771543759511231,0.02937763922898673,0.004042444519169541,0.08234152308499691,0.06919875802896298,8,32,0.003104677356023192,0.19999100335943437,True,False,True,7.419514210149978e-08,COMPLETE
1708,0.3680442094802857,2025-04-05 01:59:33.303849,2025-04-05 02:00:08.647276,0 days 00:00:35.343427,0.09211779621858711,0.33690894517101816,2,0.2270776354637445,0.06943507678047509,0.011930634310783114,0.035435139415651566,0.008904825040955166,0.08436404782157798,0.09958746512412961,7,31,0.0011559112821671051,0.18617995779039484,True,False,True,6.107089669075801e-08,COMPLETE
1709,0.4345304071903229,2025-04-05 02:00:09.198068,2025-04-05 02:00:50.697357,0 days 00:00:41.499289,0.1459137890676741,0.33012983583768424,2,0.2055622682383677,0.1597456997083705,0.01419972986542425,0.030593334173293175,0.006186121465548639,0.08214087185768501,0.07393474333759212,9,36,0.0011403399990709412,0.19195806239206994,True,False,True,9.757078263192954e-08,COMPLETE
1710,0.9472947955131532,2025-04-05 02:00:51.270023,2025-04-05 02:01:29.178095,0 days 00:00:37.908072,0.08258565332687606,0.4072136308789584,2,0.2212967149336888,0.06990463824731473,0.014155428434783797,0.03327373332311765,0.01253665672105415,0.08479887465025483,0.09936322063657804,8,21,0.003841160749663714,0.1849167291789439,True,False,True,4.708213380301027e-08,COMPLETE
1711,0.35608792304992676,2025-04-05 02:01:29.742139,2025-04-05 02:02:05.106840,0 days 00:00:35.364701,0.10940323411120662,0.3231724365691415,2,0.23077389750883123,0.07546145144286659,0.011951943127527294,0.03430361246676784,0.002621170966997206,0.08324063666116574,0.08376109899371192,7,26,0.00103499380933674,0.19567226456729292,True,False,True,7.169652384704829e-08,COMPLETE
1712,0.34745275378227236,2025-04-05 02:02:05.680744,2025-04-05 02:02:41.256718,0 days 00:00:35.575974,0.0850285381319342,0.34064573404641674,2,0.20110675319187948,0.06671573723705686,0.015278209907051369,0.03703244321447121,0.005139746185437573,0.08772962691859773,0.06720082367548867,7,29,0.0036411343175294843,0.1876573989140215,True,False,True,4.5865542969620606e-08,COMPLETE
1713,0.9968786478042603,2025-04-05 02:02:41.811241,2025-04-05 02:03:38.945118,0 days 00:00:57.133877,0.15854160894447877,0.3099420227720576,2,0.23666885934053636,0.07843520918206928,0.015036836949804433,0.036288143977582295,0.008323267916233092,0.09129010116558325,0.07432118317743153,15,16,0.0034839240104412987,0.18116364639929453,True,False,True,1.210307781446016e-07,COMPLETE
1714,0.34435318708419804,2025-04-05 02:03:39.520936,2025-04-05 02:04:39.781838,0 days 00:01:00.260902,0.13665945749596642,0.3245820460379571,2,0.23670490561182073,0.09631745924281666,0.012600441980693058,0.03721051060197009,0.010476741567016945,0.09125447374043233,0.0095658698343778,16,15,0.003307099288976642,0.19021637806547703,True,False,True,1.0490803980886159e-07,COMPLETE
1715,0.3294065594673157,2025-04-05 02:04:40.339004,2025-04-05 02:05:37.331786,0 days 00:00:56.992782,0.1513738432516646,0.3580961951326424,2,0.23740572613848795,0.08799949185843721,0.010801110334075364,0.03637919267589487,0.013396665013800876,0.09330596557217662,0.012485908105499164,15,23,0.001067553339796556,0.19336864302229556,True,False,True,1.0553155519321943e-07,COMPLETE
1716,0.29121631383895874,2025-04-05 02:05:37.910279,2025-04-05 02:06:26.403980,0 days 00:00:48.493701,0.1277641172782408,0.3340239112839262,2,0.23716061391039833,0.09338401260070675,0.013821297755707864,0.0360928744355115,0.011107574076097717,0.09389464809656826,0.08268819347834362,12,28,0.003990404104340111,0.2025906386978362,True,False,True,1.429432615788974e-07,COMPLETE
1717,0.38481870293617254,2025-04-05 02:06:26.966472,2025-04-05 02:07:21.346964,0 days 00:00:54.380492,0.10806384222903595,0.3592499747395403,2,0.2408633002237267,0.0884347363126248,0.014541141132251675,0.038452844717704666,0.009117070762690856,0.09226527355051704,0.08499895842959895,14,21,0.003095262119656427,0.18296527121329606,True,False,True,8.523856564123406e-08,COMPLETE
1718,0.29052439928054813,2025-04-05 02:07:21.901297,2025-04-05 02:08:02.746545,0 days 00:00:40.845248,0.1290558006619414,0.3159842715072478,2,0.23193621162191874,0.08903337753099885,0.010416995101838997,0.03594942990229469,0.012259894891405484,0.09090091035035425,0.07251252529104184,9,15,0.0042281554395473386,0.18696334485743948,False,True,True,7.172399174316577e-08,COMPLETE
1719,0.3637470841407776,2025-04-05 02:08:03.325300,2025-04-05 02:08:57.644665,0 days 00:00:54.319365,0.16313912271151754,0.33934265594195057,2,0.23506976710700783,0.08527990681494156,0.015115296773354407,0.03764783073547114,0.08140612936016053,0.08970607673182489,0.08493383369698833,14,20,0.004358919558146887,0.19722749877959714,True,False,True,1.27008797898801e-07,COMPLETE
1720,0.3879640579223633,2025-04-05 02:08:58.207081,2025-04-05 02:09:33.956451,0 days 00:00:35.749370,0.09570045790200093,0.3061612676497619,2,0.24108846726776473,0.08225664000425341,0.009102964224427279,0.03866311917930291,0.016886058894698405,0.09055142386419102,0.07164509375800142,7,40,0.0028618656509704233,0.1818438094949621,True,False,True,1.1036765736865383e-07,COMPLETE
1721,0.3490631699562073,2025-04-05 02:09:34.538916,2025-04-05 02:10:35.143363,0 days 00:01:00.604447,0.15104217176917684,0.34774886510839076,2,0.23131950465496245,0.0851045719399515,0.01356799506449509,0.035816786709923096,0.014916298960378362,0.09493215282371911,0.09970920281628286,16,35,0.004364163617589407,0.18939627302819018,True,False,True,9.15313462097742e-08,COMPLETE
1722,0.37274858951568607,2025-04-05 02:10:35.703819,2025-04-05 02:11:13.561685,0 days 00:00:37.857866,0.12426176632865231,0.3812999230543442,2,0.2363079220312214,0.07800962464018714,0.008586222600154942,0.03854575302615823,0.008665372009515424,0.09246427789958524,0.07485183490771159,8,12,0.0011780290377390945,0.18242397725029905,True,False,True,1.1044682083469028e-07,COMPLETE
1723,0.2910364329814911,2025-04-05 02:11:14.145040,2025-04-05 02:11:29.478641,0 days 00:00:15.333601,0.08252320042084448,0.31568547292101884,16,0.24408831472250506,0.09916371728951447,0.012394304041033704,0.03583925273390381,0.01000703262568425,0.08864205196605715,0.06481420829822138,7,10,0.047868221016472416,0.20088222947825185,True,False,True,1.376728199777475e-07,COMPLETE
1724,0.3850279808044434,2025-04-05 02:11:30.037825,2025-04-05 02:12:13.573817,0 days 00:00:43.535992,0.6640710325937051,0.31301275598620076,2,0.23334254802108848,0.08029805916413267,0.015457048987480036,0.038843783062765085,0.011261390686065301,0.09174662438010131,0.0808216835831277,10,16,0.0011581320091658821,0.17916220143875275,True,False,True,5.881010111569089e-08,COMPLETE
1725,0.3351015090942383,2025-04-05 02:12:14.155850,2025-04-05 02:12:51.706154,0 days 00:00:37.550304,0.11476546611823335,0.38193288545442156,2,0.22894090611911766,0.08991027006426702,0.01179509643934661,0.03422630247522061,0.008851354975107797,0.09346178064993589,0.06756977203134455,8,6,0.0010728066368159185,0.19388971925512094,True,False,True,8.669176336072572e-08,COMPLETE
1726,0.43857265710830695,2025-04-05 02:12:52.267032,2025-04-05 02:13:54.815443,0 days 00:01:02.548411,0.07573066189176786,0.35413835025883605,2,0.24235595039024524,0.08065751242581658,0.015408894181572015,0.03731918653083333,0.007603573961758134,0.08894277296004356,0.08497513312458799,17,13,0.004961596731768475,0.18597129992210273,True,False,True,1.326702036980762e-07,COMPLETE
1727,0.45436302423477176,2025-04-05 02:13:55.396823,2025-04-05 02:14:27.968922,0 days 00:00:32.572099,0.09855734386989021,0.32521882361192117,2,0.2297264175256767,0.07530791650186455,0.0120940632454004,0.039844183255600706,0.014351302851614086,0.09029051027766075,0.08527178706983997,6,24,0.003579680400424878,0.17753423743095528,True,False,True,6.80747949952058e-08,COMPLETE
1728,0.9860620975494385,2025-04-05 02:14:28.532738,2025-04-05 02:15:03.758972,0 days 00:00:35.226234,0.05590033779088224,0.2994187227796489,2,0.23596223344819803,0.08055733087377538,0.009048235137677003,0.03992278521925584,0.013190570787464216,0.08834172346209081,0.09880389051586125,7,17,0.00472570549205293,0.18216057412558276,True,False,True,4.316213647596619e-08,COMPLETE
1729,0.4232952773571015,2025-04-05 02:15:04.315924,2025-04-05 02:15:37.082197,0 days 00:00:32.766273,0.07576497358203935,0.32760061545606445,2,0.2261534000043574,0.07400372072371202,0.015756516142733625,0.03651900648348253,0.007133525214042651,0.08711706202514265,0.0665641691977743,6,14,0.0030050585121840978,0.18853652750148508,True,False,True,7.941809080329907e-08,COMPLETE
1730,1.0,2025-04-05 02:15:37.667927,2025-04-05 02:16:13.156232,0 days 00:00:35.488305,0.14253869154669124,0.31092356328562043,2,0.24528640150876369,0.07802310453015347,0.01379525661156693,0.03878134453169651,0.018045080313825207,0.08661858975426559,0.07330406515676113,7,31,0.004952539900008766,0.2030252873414181,True,False,True,6.061671933574217e-08,COMPLETE
1731,0.29166500568389897,2025-04-05 02:16:13.735382,2025-04-05 02:16:51.401379,0 days 00:00:37.665997,0.1329003868388209,0.339839378796301,2,0.24755233428165518,0.0933372394939586,0.01285065193988007,0.03342950063802978,0.019534486093863403,0.09010332440598165,0.08537020349109602,8,21,0.001107314289535494,0.19752672136327803,True,False,True,5.611666796475017e-08,COMPLETE
1732,0.2928161442279816,2025-04-05 02:16:51.995011,2025-04-05 02:17:32.081944,0 days 00:00:40.086933,0.1564819473417013,0.3093209218635252,2,0.25064409235398954,0.08350639288719121,0.010474175888671111,0.034212613613183576,0.0173255957772852,0.08715617387649828,0.07700948142000719,9,10,0.0036188235953410574,0.193082342628473,True,False,True,6.670771698834853e-08,COMPLETE
1733,0.41078408360481267,2025-04-05 02:17:32.639714,2025-04-05 02:18:07.809922,0 days 00:00:35.170208,0.15904154916775212,0.3665741459102058,2,0.24604851107587714,0.08192198671468011,0.011624063429618761,0.03554072895041105,0.018990652754506603,0.0864503668249306,0.09908045282097265,7,22,0.005096812554787935,0.20429608182534534,True,False,True,5.726054544334709e-08,COMPLETE
1734,0.2914049506187439,2025-04-05 02:18:08.390054,2025-04-05 02:18:46.500168,0 days 00:00:38.110114,0.1425036323085328,0.3179683644580166,2,0.24308823086911133,0.08833155356577356,0.01307775642336423,0.03299125883201052,0.020281013775023816,0.09049632463314922,0.07342961685249623,8,34,0.0010189940191243241,0.20289904657861024,True,False,True,4.8003713135601745e-08,COMPLETE
1735,0.41643637418746954,2025-04-05 02:18:47.060010,2025-04-05 02:19:22.782633,0 days 00:00:35.722623,0.14232488638036006,0.3511238445611923,2,0.22474457803991305,0.08160818110569053,0.009945112187806842,0.036876261793612926,0.01697126814100721,0.08865965489203051,0.06610946857552366,7,32,0.0031913320153757964,0.1986654753582241,True,False,True,7.834252971124941e-08,COMPLETE
1736,0.4633560061454773,2025-04-05 02:19:23.364025,2025-04-05 02:19:58.906055,0 days 00:00:35.542030,0.16920910112038523,0.325805993579246,2,0.2457358011085338,0.09358642417882751,0.014096729787060756,0.0344098217027618,0.019716395118498813,0.08559060262939001,0.0993816410727006,7,31,0.0029974613591738706,0.19272677093275065,True,True,True,8.831574716740474e-08,COMPLETE
1737,0.4009997248649597,2025-04-05 02:19:59.467216,2025-04-05 02:20:37.314806,0 days 00:00:37.847590,0.1370306975450049,0.3087686939591135,2,0.2353674426719073,0.08813963617603748,0.012580829099143646,0.03703723392098805,0.01608642922812514,0.08702826265199567,0.08408662544999643,8,28,0.005252026409577775,0.1845833099311572,True,False,True,4.147177674778821e-08,COMPLETE
1738,0.41521204710006715,2025-04-05 02:20:37.897255,2025-04-05 02:21:29.895614,0 days 00:00:51.998359,0.12287105168121056,0.29978886634467466,2,0.22233366449922892,0.07908921803115464,0.014752914564890649,0.031909118713323,0.016186470490333234,0.08575624225905229,0.09987206637930365,13,28,0.0028176193040224417,0.19283983725768009,False,False,True,5.935586672958845e-08,COMPLETE
1739,0.615140187740326,2025-04-05 02:21:30.460859,2025-04-05 02:22:05.528711,0 days 00:00:35.067852,0.15881972502253122,0.336758095119349,2,0.24190370365234565,0.08550940618944212,0.009391151573726391,0.035211034261412893,0.02223343487266779,0.0895712284356414,0.06153878983387212,7,29,0.0050516737225255685,0.18778169137739373,True,False,True,1.054835440850766e-07,COMPLETE
1740,0.39105711579322816,2025-04-05 02:22:06.112710,2025-04-05 02:22:44.376155,0 days 00:00:38.263445,0.12000226845834093,0.29859833809646213,2,0.22859795419771697,0.07849143470935173,0.007293620636181479,0.03809086229811503,0.021815361315644086,0.09216220028900858,0.07397124309380682,8,34,0.0031139826112169446,0.17802918208915894,True,False,True,6.643722519541377e-08,COMPLETE
1741,0.3106919884681702,2025-04-05 02:22:44.938214,2025-04-05 02:23:20.196425,0 days 00:00:35.258211,0.10253194162294374,0.39545770263791336,2,0.24936331324005684,0.07584081055134669,0.011807342323813322,0.038518079396147493,0.017159925829616725,0.08765526714483672,0.06461087526916265,7,28,0.00103470807227942,0.18316977395767775,True,False,True,4.327981819875572e-08,COMPLETE
1742,0.9850528955459594,2025-04-05 02:23:20.781342,2025-04-05 02:23:53.889110,0 days 00:00:33.107768,0.10935122237329328,0.31431468366639786,2,0.22262268730885224,0.07589450131446451,0.014654730773066105,0.030938461436610786,0.019518686042270243,0.08546412620020508,0.07572243549335074,6,18,0.001055116736494774,0.19791621171378224,True,False,True,5.243616104590243e-08,COMPLETE
1743,0.29052439928054813,2025-04-05 02:23:54.462671,2025-04-05 02:24:26.921255,0 days 00:00:32.458584,0.1662176355667128,0.3399687123750792,2,0.23845820138822765,0.08423542877560426,0.013224252630468725,0.03984411235010512,0.017658178772122786,0.08813415052531823,0.060569642826600226,6,12,0.005437968067734701,0.1433290031770019,True,False,True,7.550283748148942e-08,COMPLETE
1744,0.37933128476142886,2025-04-05 02:24:27.504249,2025-04-05 02:24:43.099601,0 days 00:00:15.595352,0.1422108693075346,0.2903931891995697,16,0.16335786539257388,0.07759523585232245,0.01000369407266938,0.03405033926760355,0.015168974977372875,0.08408626685885068,0.0845256515399262,7,29,0.0050639815763756325,0.17778679837031441,True,False,True,1.1362045209113108e-07,COMPLETE
1745,0.35572074055671693,2025-04-05 02:24:43.659444,2025-04-05 02:25:16.754850,0 days 00:00:33.095406,0.09872117106266953,0.31443817399947893,2,0.23064678617354392,0.09978507500375014,0.015280929607870728,0.03604248583167299,0.018939875467366335,0.08568085479676883,0.08471832513050963,6,19,0.003155462601485943,0.19111209267470552,True,False,True,3.77685938936861e-08,COMPLETE
1746,0.9487778782844545,2025-04-05 02:25:17.346760,2025-04-05 02:25:52.857491,0 days 00:00:35.510731,0.12323116060168737,0.36642806731104616,2,0.2187574272051383,0.0715467576693144,0.016095577547787614,0.039197616438018786,0.018077714252375983,0.09042346642149239,0.06376062925604664,7,23,0.00578398020330295,0.15100586974402555,True,False,True,8.512221210507221e-08,COMPLETE
1747,0.45628409385681157,2025-04-05 02:25:53.419888,2025-04-05 02:26:26.442065,0 days 00:00:33.022177,0.08631967622930875,0.29555323273878653,2,0.22645366191710142,0.0757656925202059,0.00791713874083176,0.0372340562996795,0.014346181967085831,0.09531999004136402,0.07380347871931178,6,30,0.002758888594346123,0.1731634493815595,True,False,True,5.775002319055196e-08,COMPLETE
1748,0.26702772378921513,2025-04-05 02:26:27.028604,2025-04-05 02:27:05.279585,0 days 00:00:38.250981,0.970776409329924,0.32925216318084166,2,0.2390247302466551,0.08584879433230969,0.013644944340565625,0.04116822294729554,0.011914107248684897,0.08417908645743455,0.09997892636726669,8,23,0.005409979844240686,0.033708912134568406,True,False,True,1.2894966714617947e-07,COMPLETE
1749,0.3995682239532471,2025-04-05 02:27:05.847665,2025-04-05 02:27:41.022456,0 days 00:00:35.174791,0.14826106046041432,0.2919743940559298,2,0.24790514577306696,0.07213377422379876,0.010365985185142236,0.03376309013138906,0.015383122036526411,0.08195195563563763,0.05891337108626579,7,26,0.0030542525726948264,0.18549288920714302,True,False,True,4.860254142437019e-08,COMPLETE
1750,0.3473428964614868,2025-04-05 02:27:41.614015,2025-04-05 02:28:17.356656,0 days 00:00:35.742641,0.06324209225932206,0.3171510297472893,2,0.2344979016002567,0.0730188360607894,0.012146725962153687,0.039938915239288435,0.013167623905091028,0.08745834937468334,0.07490824394512409,7,36,0.005485590969198757,0.20524138052313387,True,False,True,7.311972340289574e-08,COMPLETE
1751,0.3724560558795929,2025-04-05 02:28:17.923187,2025-04-05 02:28:51.001895,0 days 00:00:33.078708,0.10909016550035011,0.29558242461812617,2,0.21907922231214697,0.0794784009400477,0.005895099151714373,0.035936974251167056,0.021096208107466756,0.08253002130922481,0.0799305176917399,6,26,0.003024296707876584,0.1766692492601897,True,False,True,9.578886898122405e-08,COMPLETE
