number,value,datetime_start,datetime_complete,duration,params_alpha-eval,params_alpha-train,params_batch-size,params_eps-eval,params_eps-train,params_lambda-actions-eval,params_lambda-actions-train,params_lambda-frames-eval,params_lambda-frames-train,params_learning-rate,params_n-epochs,params_n-frames,params_radius-gw,params_rho,params_std-feats,params_ub-actions,params_ub-frames,params_weight-decay,state
1249,0.5534436225891114,2025-04-24 13:47:04.123500,2025-04-24 13:48:15.239400,0 days 00:01:11.115900,0.47865095306546857,0.5961558326804696,2,0.03149672764417555,0.0198416693222616,0.09115061104746529,0.009604204639431624,0.027446415513472308,0.009251577062897927,0.0008341505534129888,20,38,0.0027382078418397644,0.12693991874297123,True,True,False,3.3805149373519363e-07,COMPLETE
1250,0.6792354822158814,2025-04-24 13:48:15.646948,2025-04-24 13:49:30.792736,0 days 00:01:15.145788,0.2804195899511565,0.4123134647380309,2,0.020637848605000758,0.02936576234541046,0.08461086870283424,0.04959041890111849,0.0324977624743818,0.01869011340425183,0.02319817188239391,18,23,0.008899873941796895,0.09364412022178253,True,False,False,1.47110677589445e-07,COMPLETE
1251,0.29052439928054813,2025-04-24 13:49:31.194736,2025-04-24 13:50:51.603248,0 days 00:01:20.408512,0.49816829299082377,0.5494074142034987,2,0.015130754803939314,0.0002858792750123117,0.0889085880322753,0.04392263741520555,0.030410884486454168,0.014630350704424666,0.032604720667919904,20,18,0.004652929593560666,0.2034581015940261,True,False,False,2.398044395179488e-07,COMPLETE
1252,0.6792354822158814,2025-04-24 13:50:52.005087,2025-04-24 13:52:00.014626,0 days 00:01:08.009539,0.08060112768533956,0.501194416134476,2,0.23525114101991018,0.014253266489383448,0.08329810404192425,0.04577843964820286,0.03453326891128244,0.06283413306819491,0.028508507834175224,19,29,0.007233629252556002,0.11337395619398911,True,True,False,8.612686544887406e-07,COMPLETE
1253,0.29052439928054813,2025-04-24 13:52:00.418519,2025-04-24 13:53:18.047191,0 days 00:01:17.628672,0.17162575015765918,0.8877013071490136,2,0.00024230357227950506,0.009696492185003389,0.08599965693025356,0.04782010528486414,0.015525426814779114,0.01996477683618724,0.03764768394488806,19,21,0.0026179145615528874,0.14150586720992098,True,False,False,9.42841619794482e-08,COMPLETE
1254,0.41369380950927737,2025-04-24 13:53:18.458667,2025-04-24 13:54:29.574863,0 days 00:01:11.116196,0.2610602801197226,0.44782130088288036,2,0.006470952720429624,0.02324431543563382,0.07586922114428811,0.05095238461544608,0.028843248828418887,0.09419063689928414,0.024166234488808093,17,26,0.001197209504919396,0.10182065652317514,True,False,False,1.9324250214627647e-07,COMPLETE
1255,0.29052439928054813,2025-04-24 13:54:29.999649,2025-04-24 13:55:35.306958,0 days 00:01:05.307309,0.5385521909321169,0.583622307110016,2,0.024208140157922,0.017168174550872092,0.08031830710899772,0.02053636555117539,0.023767553649062863,0.05560848703206856,0.0006526604647373809,18,11,0.0010772637080276465,0.13489558225025172,True,True,True,1.1166068027357884e-06,COMPLETE
1256,0.5534436225891114,2025-04-24 13:55:35.714115,2025-04-24 13:56:56.317663,0 days 00:01:20.603548,0.29441116456095834,0.5655970773294686,2,0.010345111074513373,0.008432959131910068,0.0939644690504276,0.0252508202283168,0.03155479676757905,0.023868438098593625,0.03140000290326489,20,17,0.009007285401533806,0.27380806386225087,True,False,False,9.46382378441932e-06,COMPLETE
1257,0.5523166656494141,2025-04-24 13:56:56.725855,2025-04-24 13:58:17.895034,0 days 00:01:21.169179,0.3182522312115845,0.5356889720456932,2,0.006930612288215581,0.0063114872906057575,0.08783240462065618,0.03352855945481974,0.03561598120343604,0.02673715402436328,0.0003125439124555607,20,24,0.018052297164333684,0.11967577358072266,True,False,False,1.4059767079482382e-07,COMPLETE
1258,0.9997424006462097,2025-04-24 13:58:18.304231,2025-04-24 13:59:26.071873,0 days 00:01:07.767642,0.11855948570158201,0.6047121182233911,2,0.017125812734551767,0.00011810308832156322,0.08222201090389988,0.04260314395829021,0.034105824596725676,0.04158127900258342,0.045497750477779354,19,19,0.005439105394715493,0.12498798534621297,True,True,False,1.0554543520341634e-07,COMPLETE
1259,0.4854541838169098,2025-04-24 13:59:26.483124,2025-04-24 14:00:31.475101,0 days 00:01:04.991977,0.1836021808085791,0.6026804576781544,2,0.014343540176245808,0.003942397647974126,0.08060805132005561,0.04347155784316981,0.0331845608457892,0.04056955433568165,0.06142087189067138,18,19,0.004233144329100847,0.13179962825767386,True,True,False,1.0895980946918857e-07,COMPLETE
1260,0.40508180260658266,2025-04-24 14:00:31.885126,2025-04-24 14:01:36.917094,0 days 00:01:05.031968,0.0998839074606628,0.5852913284492661,2,0.0065846793499600275,0.0005891615424186375,0.07875271716004614,0.0390815099038202,0.03410094617558978,0.036689557764790624,0.07241488615188806,18,15,0.005141615639859789,0.12732612805180493,True,True,False,9.429794729253426e-08,COMPLETE
1261,0.41002343893051146,2025-04-24 14:01:37.322179,2025-04-24 14:02:45.108041,0 days 00:01:07.785862,0.041523313828004504,0.6070351557328081,2,0.013958980049005924,0.0007070198166563512,0.0775869223676634,0.04271144892920328,0.03597976815698322,0.0390567798510765,0.053505878595272,19,19,0.003743801960611129,0.13766265455889834,True,True,False,9.371029006694746e-08,COMPLETE
1262,0.4160239934921265,2025-04-24 14:02:45.514390,2025-04-24 14:03:12.089264,0 days 00:00:26.574874,0.10321278480718107,0.6071065681764881,8,0.00498601024088784,0.0005064026129229134,0.08160171364624588,0.04104425491905686,0.03347598124269521,0.038706297048039684,0.052550028169876875,18,22,0.0010846932671927023,0.12858083347665267,True,True,False,8.404449610139945e-08,COMPLETE
1263,0.5330464363098144,2025-04-24 14:03:12.495789,2025-04-24 14:04:16.564402,0 days 00:01:04.068613,0.169588031172658,0.598499448065755,2,0.017700773092811355,0.0001635327756274674,0.07923165556981693,0.04085616030264221,0.0355544714754535,0.04028054500174993,0.04515226847415836,17,18,0.006146159435041197,0.1360215772555957,True,True,True,1.399870253349303e-07,COMPLETE
1264,0.39219855666160586,2025-04-24 14:04:16.973663,2025-04-24 14:05:25.788995,0 days 00:01:08.815332,0.1933045385425198,0.574488732261541,2,0.010145516003743065,0.00526625906943184,0.0824636523936941,0.042057091504446906,0.030856122238485318,0.04099399252508395,0.04609901434697783,19,16,0.0036958770344195408,0.1426441665871575,True,True,False,1.2596602622899257e-07,COMPLETE
1265,0.4046542465686798,2025-04-24 14:05:26.198542,2025-04-24 14:06:34.797176,0 days 00:01:08.598634,0.08024589920100783,0.5822831832025301,2,0.010736339757528133,0.006051297527803385,0.07742685717781934,0.039124192768665224,0.03209992743807403,0.042775965724870954,0.08992109908269748,19,12,0.005681675440759589,0.12481362712791083,False,True,False,1.2369347532955249e-07,COMPLETE
1266,0.9994847774505616,2025-04-24 14:06:35.204887,2025-04-24 14:07:40.652704,0 days 00:01:05.447817,0.07667480653092013,0.6139949967410331,2,0.005558664772170761,0.011052317823485723,0.08250901491959414,0.044952883468681,0.036778372858884585,0.042049574009987115,0.06611682062805514,18,21,0.006667138134513705,0.13304928321186857,True,True,False,1.0883011173704755e-07,COMPLETE
1267,0.5686242341995239,2025-04-24 14:07:41.059868,2025-04-24 14:08:46.207901,0 days 00:01:05.148033,0.07018678418459443,0.6245610672989146,2,0.0045320147004772205,0.004922860655711866,0.07928241585808547,0.045882920655897094,0.035948203926915855,0.041812546766226644,0.07753969690783706,18,22,0.00683551192460174,0.12452133996714905,True,True,False,8.352365919211265e-08,COMPLETE
1268,0.4152288913726807,2025-04-24 14:08:46.618867,2025-04-24 14:09:48.844866,0 days 00:01:02.225999,0.11806223661019266,0.6055863746931105,2,0.0009570946517288245,0.00013843563905058427,0.08073368660981442,0.044322090044182326,0.036955064335680604,0.04012833994097213,0.0888635795828946,17,21,0.006287817981097841,0.13092978219575266,True,True,False,1.0450807298569565e-07,COMPLETE
1269,0.41827118992805484,2025-04-24 14:09:49.252462,2025-04-24 14:10:08.889986,0 days 00:00:19.637524,0.07047400217831104,0.6110806957644086,16,0.0005822485863805895,0.009203998049796304,0.08158044370680466,0.04521905004916807,0.037169032322882205,0.040999674549016644,0.09840124816776813,17,24,0.004778331475225741,0.12196414694472794,True,True,False,1.0700932646850576e-07,COMPLETE
1270,0.9411612868309022,2025-04-24 14:10:09.299681,2025-04-24 14:11:14.311434,0 days 00:01:05.011753,0.05779904261532837,0.6140182952463206,2,0.011002253915890877,0.010566747383124086,0.07521198557015997,0.04713939341494936,0.03438657473367627,0.04140537507836408,0.0742406618138688,18,21,0.007729866185240828,0.12972940285965293,True,True,False,9.120499476211263e-08,COMPLETE
1271,0.4335670948028565,2025-04-24 14:11:14.739129,2025-04-24 14:12:21.001903,0 days 00:01:06.262774,0.04383421842550979,0.595001525581154,2,0.0002541114194434847,0.00016595521199877852,0.08205794773839165,0.049188322165470554,0.035708609410604684,0.03728947415448085,0.057319758442613736,18,25,0.004034768135045302,0.12352637299525827,True,True,True,9.645941755949345e-08,COMPLETE
1272,0.4723832130432129,2025-04-24 14:12:21.416461,2025-04-24 14:13:23.994755,0 days 00:01:02.578294,0.04995345274041841,0.6226051082193043,2,0.006469573639928629,0.0743360269708579,0.08050852478010509,0.04422649508526114,0.036645047857008124,0.03818732735810969,0.07110832833479398,17,19,0.006483814744430795,0.13289967369936445,True,True,False,1.0505100778070425e-07,COMPLETE
1273,1.0,2025-04-24 14:13:24.411543,2025-04-24 14:14:29.838805,0 days 00:01:05.427262,0.0527744412328773,0.5822602615585691,2,0.01860752734116418,0.011432584838360509,0.0777439962381559,0.04718866496859483,0.006642419605801541,0.04261115931841899,0.06026460467372042,18,27,0.002949302483461487,0.12844686466026625,True,True,False,7.48288370589563e-08,COMPLETE
1274,0.35234910249710083,2025-04-24 14:14:30.254222,2025-04-24 14:15:32.408704,0 days 00:01:02.154482,0.08832578226045341,0.5909033063950451,2,0.014746558047196559,0.014075004295482325,0.07400571253231719,0.05002694459192296,0.0344540577461881,0.038467105249483276,0.07575297464734985,17,29,0.007073056639028316,0.12012899961674758,True,True,False,8.796576887508742e-08,COMPLETE
1275,0.34726408720016483,2025-04-24 14:15:32.820342,2025-04-24 14:16:32.865673,0 days 00:01:00.045331,0.05952506592989723,0.616771639600059,2,0.007023898906676519,0.013001981404279148,0.07353046375256078,0.04781623155477512,0.009366129445293053,0.04210411473590209,0.07033709973877238,16,28,0.00510123648104794,0.12642323016325438,True,True,False,7.11201514640312e-08,COMPLETE
1276,0.3471176564693451,2025-04-24 14:16:33.276492,2025-04-24 14:17:36.424053,0 days 00:01:03.147561,0.0479411777224808,0.5938827828286513,2,0.01086775800081417,0.015349410067781486,0.07612149654292519,0.050876765432476954,0.005184883738155275,0.039724246190734586,0.06244334069671939,17,27,0.008140003271297906,0.11758505670564984,True,True,False,6.692253198126274e-08,COMPLETE
1277,0.5007043361663819,2025-04-24 14:17:36.837737,2025-04-24 14:18:17.734188,0 days 00:00:40.896451,0.061858401398918586,0.5781116775322546,2,0.017183116247007635,0.15997877891568957,0.0765063800092474,0.04790602448830043,0.002348989233731797,0.04099317679620049,0.08788438960043449,9,31,0.0010222258900955275,0.12385777641089943,True,True,False,5.681075875546561e-08,COMPLETE
1278,0.6098366975784302,2025-04-24 14:18:18.145456,2025-04-24 14:19:23.929330,0 days 00:01:05.783874,0.029944555238751475,0.6030907902702751,2,0.005408911315990798,0.012252498688346884,0.07515769989642772,0.04904976453871845,0.003406119727795004,0.038035898159024896,0.06538278983897587,18,23,0.003498669183998182,0.2978858842691995,True,True,False,7.815728596205032e-08,COMPLETE
1279,0.29052439928054813,2025-04-24 14:19:24.345899,2025-04-24 14:20:28.560429,0 days 00:01:04.214530,0.07432937569013395,0.6135144254462332,2,0.005576053862403114,0.018323297288620963,0.07787546821457349,0.05215793596277973,0.03803339727148453,0.04271937874808081,0.06041846441136877,17,20,0.006042345149959026,0.1168968441988709,True,True,True,7.573201313922692e-08,COMPLETE
1280,0.5534436225891114,2025-04-24 14:20:28.971448,2025-04-24 14:21:35.293564,0 days 00:01:06.322116,0.08334645938304613,0.5820647183938794,2,0.0718310928550247,0.00991013927011482,0.07830945721109225,0.043003292248694786,0.004348810446039186,0.0427686144734155,0.08271511129780537,18,26,0.008846820116229089,0.12813634830068713,True,True,False,1.2059200283582213e-07,COMPLETE
1281,0.29052439928054813,2025-04-24 14:21:35.703875,2025-04-24 14:22:40.750614,0 days 00:01:05.046739,0.035927388158162425,0.9815832252112955,2,0.10240560901135028,0.01626651244965862,0.0760800714085231,0.046221680957956056,0.034072964697075846,0.04053218726652101,0.06584970276905273,18,22,0.004304512254428773,0.11927794338087465,True,True,False,7.532065312547495e-08,COMPLETE
1282,0.9921918392181397,2025-04-24 14:22:41.166428,2025-04-24 14:23:46.788930,0 days 00:01:05.622502,0.0930123333763336,0.6251779010814571,2,0.015004826938677697,0.008880083131563504,0.07831860830012954,0.049582513868737785,0.03723252747820374,0.03590375340546962,0.0511561318783978,18,32,0.007894019037328847,0.12731198342887004,True,True,False,1.1439429764723678e-07,COMPLETE
1283,0.3679234802722931,2025-04-24 14:23:47.202561,2025-04-24 14:24:50.221287,0 days 00:01:03.018726,0.06391291859671046,0.5745756962560025,2,0.01077241728669524,0.019354461842878423,0.07897823038102868,0.041826825836933215,0.012861989786351648,0.05871614191619067,0.06138299331420775,17,18,0.005253736951140927,0.12318803241420351,True,True,False,6.328438236345213e-08,COMPLETE
1284,0.3560413956642151,2025-04-24 14:24:50.653123,2025-04-24 14:25:16.075411,0 days 00:00:25.422288,0.08975968574152186,0.5938833400133541,8,0.0006170681024742662,0.01015188916462956,0.07511471942118794,0.05587808965735403,0.00860911419410821,0.05667290533630637,0.07989445109961318,16,24,0.003338646592415116,0.11419036658854556,True,True,False,1.3952791044675045e-07,COMPLETE
1285,0.4119975805282593,2025-04-24 14:25:16.493462,2025-04-24 14:26:21.338871,0 days 00:01:04.845409,0.0720604500993326,0.5703191874947822,2,0.016663422467273634,0.00493745464767209,0.07709909080241445,0.05174158990428583,0.012364301366010164,0.05371495300224935,0.056455590456625335,18,28,0.007045715015090162,0.13001008107104936,False,True,False,8.730094840695685e-08,COMPLETE
1286,0.3908985495567322,2025-04-24 14:26:21.759877,2025-04-24 14:27:27.093836,0 days 00:01:05.333959,0.11299005735626617,0.5961437593353238,2,0.00967180300794294,0.13000400190118563,0.07613565243512156,0.044963000051864,0.034444602874211555,0.0433809395159945,0.07119761700830841,18,20,0.0025011490911608283,0.12036296532801004,True,True,False,1.020417447797583e-07,COMPLETE
1287,0.29052439928054813,2025-04-24 14:27:27.509858,2025-04-24 14:28:31.327461,0 days 00:01:03.817603,0.049560332819887705,0.6253418938062731,2,0.020180638700972815,0.014517748280663626,0.0714525500916912,0.04743521568309399,0.006106648212819135,0.014679603177329907,0.05980035578357841,17,16,0.009542084998767165,0.13138848067802522,True,True,True,1.517871147686038e-07,COMPLETE
1288,0.4141787767410279,2025-04-24 14:28:31.744390,2025-04-24 14:29:37.314534,0 days 00:01:05.570144,0.09787852766166807,0.5639954205574879,2,0.00024167332669486948,0.02136043957859904,0.07921372112016445,0.038534107137020865,0.005005615392367601,0.039095072514033734,0.06775162875379102,18,23,0.004511792101030633,0.12547877141423827,True,True,False,5.864600674321325e-06,COMPLETE
1289,0.4408959984779358,2025-04-24 14:29:37.732328,2025-04-24 14:30:40.905859,0 days 00:01:03.173531,0.053983807951840136,0.6103169393404555,2,0.006648707671124769,0.22847119526080392,0.07961999376082853,0.04918726573295137,0.036892886833124076,0.020860528690674864,0.0523790855515908,17,18,0.006423062274581803,0.11811059637008989,True,True,False,1.2459932372962216e-07,COMPLETE
1290,0.41642985939979554,2025-04-24 14:30:41.322904,2025-04-24 14:31:46.993382,0 days 00:01:05.670478,0.1226914523103843,0.5872764326784029,2,0.01220355693101581,0.004950919928946427,0.07280265235185546,0.04609809692114551,0.005828854945599778,0.04240042617756669,0.04964141676523798,18,30,0.009298787979804265,0.13290081565438144,True,True,False,7.445981412791589e-08,COMPLETE
1291,0.3621149003505707,2025-04-24 14:31:47.409186,2025-04-24 14:32:06.891129,0 days 00:00:19.481943,0.10328613482651053,0.5661855255148458,16,0.06860926369966554,0.012000365147424459,0.08031189497356835,0.0418921000501951,0.03299101153125694,0.05373972560722806,0.051313512244391735,16,25,0.0028533908247490337,0.10960044330436566,True,True,False,1.5444227723795368e-07,COMPLETE
1292,0.6792354822158814,2025-04-24 14:32:07.305617,2025-04-24 14:33:12.523669,0 days 00:01:05.218052,0.07252387016606676,0.5579297290517364,2,0.01914701739799573,0.01732908113675849,0.07754030103562048,0.05283905578937361,0.03565318462343359,0.02676433057655521,0.043507292098338216,18,21,0.005606600530507172,0.12420706633442376,True,True,False,1.0574850844966494e-07,COMPLETE
1293,0.29028743505477905,2025-04-24 14:33:12.940168,2025-04-24 14:34:18.653373,0 days 00:01:05.713205,0.08905596362978593,0.6244695197602231,2,0.2772897287847166,0.11388459650952837,0.08284409639206802,0.04430665494552929,0.002788202999713711,0.016442624354373582,0.08868781845706977,18,27,0.008070461536278198,0.1335078473899429,True,True,False,6.076000950138611e-08,COMPLETE
1294,0.9997424006462097,2025-04-24 14:34:19.070097,2025-04-24 14:35:21.873364,0 days 00:01:02.803267,0.0670238271936346,0.602281905602952,2,0.0052904766038572165,0.005898770978335414,0.08386004492201714,0.04761100565895585,0.03845610887280512,0.043992743102612517,0.04527832925549443,17,17,0.0027755363204661323,0.11385468977260324,True,True,False,8.507222720945034e-08,COMPLETE
1295,0.29052439928054813,2025-04-24 14:35:22.289865,2025-04-24 14:36:22.911942,0 days 00:01:00.622077,0.018907234178766164,0.6326779063373987,2,0.015807243122103257,0.022372939596833764,0.08334299958416555,0.050208433673887824,0.010289008890250095,0.044363435673970046,0.05948549435161765,16,15,0.001037546152024391,0.11524991247046634,True,True,True,5.164246614564349e-08,COMPLETE
1296,0.29052439928054813,2025-04-24 14:36:23.348426,2025-04-24 14:37:23.106661,0 days 00:00:59.758235,0.062363526100694164,0.6060664463373029,2,0.02099492085517872,0.016514027275994964,0.0832762611183116,0.006522118721027518,0.03833620963223498,0.04277204275749633,0.07002444195060767,16,16,0.0030501713924897555,0.10795497859653815,True,True,False,1.407975218284563e-05,COMPLETE
1297,0.38467326760292053,2025-04-24 14:37:23.528023,2025-04-24 14:38:26.081093,0 days 00:01:02.553070,0.044824626934131945,0.6390940090391565,2,0.011173653580180354,0.011620337301135382,0.08380031247607422,0.05122901826416827,0.007455215905960115,0.04024783733794351,0.05407790834094021,17,17,0.003769181591774378,0.10993597089226474,True,True,False,7.546515066663332e-08,COMPLETE
1298,0.4162060141563416,2025-04-24 14:38:26.502620,2025-04-24 14:39:26.195016,0 days 00:00:59.692396,0.022506037662691956,0.6167293291800912,2,0.009905922864025949,0.020848766938073422,0.08189911910513752,0.05604814805297153,0.038098176942029785,0.042209001159459546,0.04548916348110495,16,14,0.001082733768649279,0.10673747978795303,True,True,False,6.09531720181266e-08,COMPLETE
1299,0.36634935736656193,2025-04-24 14:39:26.613781,2025-04-24 14:40:34.383536,0 days 00:01:07.769755,0.03137103101036465,0.5948320127906431,2,0.016306995052867746,0.01363140022734492,0.08409541781909702,0.04855873629898705,0.03932138528974259,0.03972110046505269,0.056723520442355374,19,17,0.002824414956548493,0.11396470533034563,True,True,False,8.041446036719638e-08,COMPLETE
1300,0.3680484116077423,2025-04-24 14:40:34.802850,2025-04-24 14:41:42.655451,0 days 00:01:07.852601,0.07416692723470783,0.6347047237878887,2,0.022030470920638773,0.00871688871364016,0.0813287593814738,0.05268299105685439,0.00981572833808915,0.04394801593420697,0.07624231235168319,19,19,0.004476298079953414,0.09927834736422958,True,True,False,8.890892012748656e-08,COMPLETE
1301,0.9156715750694275,2025-04-24 14:41:43.077300,2025-04-24 14:42:35.222087,0 days 00:00:52.144787,0.06337966768581457,0.6076629092708552,2,0.006170261707030244,0.023492046226476992,0.08441926961684465,0.04763108068540409,0.038872543092924455,0.012666382791728208,0.047805212095057094,13,14,0.0027031435628535436,0.10355367412455513,True,True,False,6.434898028477591e-08,COMPLETE
1302,0.969757091999054,2025-04-24 14:42:35.640674,2025-04-24 14:43:38.677853,0 days 00:01:03.037179,0.06521458654610182,0.5967610657584254,2,0.2492422435154248,0.0164055832615974,0.0849833457374062,0.05026259192173544,0.03663425598813597,0.04130113482967598,0.06255672079242904,17,33,0.0010757448784911177,0.11334413033511448,True,True,False,8.592876218073896e-08,COMPLETE
1303,0.41224576830863957,2025-04-24 14:43:39.096428,2025-04-24 14:44:38.970509,0 days 00:00:59.874081,0.08982189263688214,0.7951692521109912,2,0.0146432559218092,0.010467422604789629,0.08291047563194717,0.053606155936314404,0.010843379754067496,0.043403071597482086,0.048691019923974656,16,18,0.0047572012523716435,0.10976262194758642,False,True,False,1.0063998061009908e-07,COMPLETE
1304,0.29052439928054813,2025-04-24 14:44:39.390421,2025-04-24 14:45:47.443963,0 days 00:01:08.053542,0.11585756325900835,0.6204501434120853,2,0.09484036542460235,0.018874415377049546,0.0808813425630222,0.04789444822800396,0.006831989546632861,0.038308759810064666,0.04436557076560028,19,20,0.005731956918380502,0.11698104155173013,True,True,True,1.1027797431592677e-07,COMPLETE
