number,value,datetime_start,datetime_complete,duration,params_alpha-eval,params_alpha-train,params_batch-size,params_eps-eval,params_eps-train,params_lambda-actions-eval,params_lambda-actions-train,params_lambda-frames-eval,params_lambda-frames-train,params_learning-rate,params_n-epochs,params_n-frames,params_radius-gw,params_rho,params_std-feats,params_ub-actions,params_ub-frames,params_weight-decay,state
1524,0.3579655468463898,2025-04-05 00:07:37.163834,2025-04-05 00:08:11.324726,0 days 00:00:34.160892,0.08746019645148298,0.30545422690797697,2,0.24342953533653472,0.0541906855826888,0.021436438044326708,0.04472432735745585,0.003836557034986128,0.04937326028169229,0.05766132603952738,6,138,0.0047416791813293495,0.18097047412156247,True,False,True,4.2599197380981486e-08,COMPLETE
1525,0.4359042167663575,2025-04-05 00:08:11.818050,2025-04-05 00:08:41.937884,0 days 00:00:30.119834,0.05701338752964272,0.2439269216319173,2,0.2135286449826809,0.04824108756006483,0.01858043613417541,0.042232518669571166,0.0060655374954646235,0.09121615014464954,0.08355102636894583,5,51,0.0010104301424800986,0.16430746501364382,True,False,True,8.800045577259919e-08,COMPLETE
1526,0.4160239934921265,2025-04-05 00:08:42.430701,2025-04-05 00:09:15.545102,0 days 00:00:33.114401,0.03932500585945924,0.2663930348867652,2,0.19494812463262315,0.0753082418795257,0.022844502943258252,0.05317568202218256,0.003036709634923243,0.07611071118496433,0.07083148419388131,6,47,0.0030751417883154355,0.17179316832374328,True,False,True,1.3027940871358793e-07,COMPLETE
1527,0.2914941430091858,2025-04-05 00:09:16.037919,2025-04-05 00:09:46.351886,0 days 00:00:30.313967,0.02368691197696528,0.24103120808626677,2,0.23206602297788534,0.16573568378302572,0.02047255810849314,0.04949008838872182,0.019426557603017452,0.05795749487658865,0.04738838613979457,5,52,0.006373844661877967,0.1536890476262749,True,False,True,2.4978071890362732e-08,COMPLETE
1528,0.29052439928054813,2025-04-05 00:09:46.867178,2025-04-05 00:10:19.614718,0 days 00:00:32.747540,0.10398346465507133,0.3010108307308067,2,0.24632940707827183,0.05820411254556769,0.017384874841297412,0.05176320590500938,0.006987441842329058,0.039467603221966754,0.08249049163673679,6,43,0.0048961201720576705,0.17832352297864534,True,True,True,6.628277444481682e-08,COMPLETE
1529,0.4164471685886383,2025-04-05 00:10:20.110888,2025-04-05 00:11:18.093501,0 days 00:00:57.982613,0.058648546013883245,0.2251383693177637,2,0.2018928492065126,0.06693590957085038,0.025074914513458734,0.046094722798566766,0.0011514073466552888,0.06140159834165915,0.05673170756133923,15,48,0.0026487533653059797,0.15959003414151138,True,False,True,4.892393633598833e-08,COMPLETE
1530,0.34296077489852905,2025-04-05 00:11:18.583662,2025-04-05 00:11:51.962439,0 days 00:00:33.378777,0.07951223395320477,0.2735917850995705,2,0.2272306748133166,0.061433147144182236,0.02201707722848826,0.04060958904067148,0.001004933483364954,0.06830587256967038,0.09923747092751725,6,55,0.006580290554675491,0.1682743754939358,True,False,True,3.3075371931792814e-08,COMPLETE
1531,0.4157306253910065,2025-04-05 00:11:52.482014,2025-04-05 00:12:22.230433,0 days 00:00:29.748419,0.02955474539984284,0.25605460089123067,2,0.21632441643500855,0.05145506392868486,0.01941056470261874,0.043360742625519144,0.0046066895061524765,0.08282610026164125,0.06616883606756425,5,50,0.004769774081105889,0.18518950052580785,False,False,True,1.092467405864996e-07,COMPLETE
1532,0.3466838538646698,2025-04-05 00:12:22.727148,2025-04-05 00:12:52.958403,0 days 00:00:30.231255,0.09190694295791146,0.2361098042407955,2,0.2363380905616644,0.06901680680846692,0.02375522097804525,0.04668417806001688,0.00868133876199341,0.08687268416325204,0.047526056924994516,5,46,0.0030528834894283036,0.17357725268661664,True,False,True,1.8550631301143453e-08,COMPLETE
1533,0.41414610743522645,2025-04-05 00:12:53.451234,2025-04-05 00:13:26.715389,0 days 00:00:33.264155,0.05374636442928396,0.22145553671698615,2,0.21012498859334516,0.05646638353639485,0.017884714594864088,0.041234680033069016,0.006451347014875936,0.07805529148086279,0.08308036037190092,6,64,0.08046817284158246,0.14851742575551277,True,False,True,4.0416910293174284e-08,COMPLETE
1534,0.4674997687339783,2025-04-05 00:13:27.232905,2025-04-05 00:13:57.257525,0 days 00:00:30.024620,0.07193302026064954,0.28790148420732214,2,0.22441015289752433,0.04110779411149704,0.020714227285015187,0.044151802816139736,0.004648058074202312,0.08114042653446604,0.07202890298378409,5,52,0.0010517709471684223,0.18014293522460817,True,False,True,7.533796774900452e-08,COMPLETE
1535,0.34380794167518614,2025-04-05 00:13:57.758113,2025-04-05 00:14:13.310882,0 days 00:00:15.552769,0.11096764803239853,0.25833904737831503,16,0.2308885073900879,0.07582666417625775,0.02192949144727851,0.04930215536415196,0.011131599005994945,0.08471295878561108,0.0582824924300414,6,57,0.00635371762199473,0.15775841360516749,True,False,True,2.7037936510447713e-08,COMPLETE
1536,0.43838351964950567,2025-04-05 00:14:13.809065,2025-04-05 00:14:44.288759,0 days 00:00:30.479694,0.0488401848232932,0.21158876536079357,2,0.2392829751662917,0.04696057432465303,0.016820613848274622,0.04071763477489282,0.0076638152989734025,0.053116462399620624,0.07154504196208385,5,49,0.004637105700994378,0.16516525077424432,True,False,True,5.3147744677558534e-08,COMPLETE
1537,0.3571397066116333,2025-04-05 00:14:44.807298,2025-04-05 00:15:20.674873,0 days 00:00:35.867575,0.08737930405294705,0.23384685465271907,2,0.25001698639517217,0.0649621210994331,0.019187384840346274,0.04266713629884187,0.021292087704941048,0.0798307922784739,0.04831592168017597,7,44,0.007304292367255551,0.17383497339218368,True,False,True,1.3622966779757153e-08,COMPLETE
1538,0.7437805533409119,2025-04-05 00:15:21.174458,2025-04-05 00:15:54.348931,0 days 00:00:33.174473,0.029106288537928647,0.207396377654719,2,0.21691445217946942,0.05977987588162998,0.025311523985051418,0.04739821498062219,0.0027085200761345664,0.08238518939960288,0.0625657145096138,6,54,0.0029126054676084537,0.1870179136769918,True,False,True,1.366132489110625e-07,COMPLETE
1539,0.46580042243003844,2025-04-05 00:15:54.852256,2025-04-05 00:16:25.033208,0 days 00:00:30.180952,0.0701311112368167,0.26192473093560364,2,0.20781074534028338,0.052770318335160764,0.023186936033171245,0.04471098847229076,0.004124577698814334,0.08807398999163346,0.08494683764356145,5,60,0.00454549482654369,0.15351361411195116,True,False,True,2.2747681142656578e-08,COMPLETE
1540,0.3812531352043152,2025-04-05 00:16:25.529836,2025-04-05 00:16:58.373306,0 days 00:00:32.843470,0.09965136424975454,0.322766481866367,2,0.2221135953078283,0.07175691586600355,0.019723567439064244,0.04025215053927885,0.009350328554785443,0.08473667230089414,0.052739222348798805,6,52,0.006197899747031653,0.1696720532284078,True,False,True,9.861479531594952e-08,COMPLETE
1541,0.4831602215766907,2025-04-05 00:16:58.890825,2025-04-05 00:17:28.783487,0 days 00:00:29.892662,0.052736566955764674,0.22849172067456014,2,0.2335972493152969,0.05789823481393726,0.017087436133605007,0.04264191399553091,0.005831181999504354,0.08609480108335399,0.07455972110939213,5,47,0.006658586429119476,0.17871600934535048,True,False,True,3.548610416764635e-08,COMPLETE
1542,0.3979344666004181,2025-04-05 00:17:29.282746,2025-04-05 00:18:05.060449,0 days 00:00:35.777703,0.02312938397880932,0.2500508892743268,2,0.22628248284011324,0.06499930620862304,0.020559342475180944,0.051861496915326,0.00741981900156372,0.0795334206330129,0.08300150967043682,7,56,0.0027327494248997044,0.16352178453588048,True,False,True,6.377421433613402e-08,COMPLETE
1543,0.4119153678417206,2025-04-05 00:18:05.558724,2025-04-05 00:18:38.372126,0 days 00:00:32.813402,0.0109269996615987,0.2744812107112954,2,0.20382154834939417,0.047943062477079745,0.0224252165265979,0.04587472296849789,0.011632263546990988,0.08309701449358417,0.0616179892080406,6,43,0.007170676688356244,0.14215415367730694,True,False,True,4.575721264136562e-08,COMPLETE
1544,0.41566363573074344,2025-04-05 00:18:38.894997,2025-04-05 00:19:09.471900,0 days 00:00:30.576903,0.0723116049036665,0.20691729503428033,2,0.21294489955814377,0.053446918083266015,0.02557615594114963,0.03925974460239526,0.017562952591435962,0.07759228685287899,0.08397630859150905,5,50,0.004779006465909786,0.17291555205764916,True,False,True,8.110405711539375e-08,COMPLETE
1545,0.9699842333793641,2025-04-05 00:19:09.969910,2025-04-05 00:20:19.096822,0 days 00:01:09.126912,0.10263616422897479,0.2990050414007352,2,0.2404757898335105,0.06301299219710654,0.016481327831356522,0.05476508344144265,0.07304976151526606,0.08094676307756725,0.04867945617964597,19,54,0.0025743733443817484,0.1841281216939045,True,False,True,3.338643149640988e-08,COMPLETE
1546,0.3471465528011322,2025-04-05 00:20:19.594937,2025-04-05 00:20:55.317940,0 days 00:00:35.723003,0.0367714172772741,0.3783958948090472,2,0.2521682380198709,0.04030977882671584,0.019150830562035943,0.041284074317374964,0.0010230149167586504,0.09230084278611438,0.06015988704707588,7,46,0.007292145289537687,0.16401077454700044,True,False,True,2.784546309318914e-08,COMPLETE
1547,0.4156129777431488,2025-04-05 00:20:55.840219,2025-04-05 00:21:26.047383,0 days 00:00:30.207164,0.08222724406439921,0.22605923595162092,2,0.21788011614233424,0.07110054738582283,0.021641888256867126,0.043935039588247536,0.004265849778381162,0.08397219928831062,0.09825502579365854,5,50,0.004790205314285408,0.15623848109464372,False,False,True,1.1449123397637888e-07,COMPLETE
1548,0.4194440484046936,2025-04-05 00:21:26.558663,2025-04-05 00:21:59.516892,0 days 00:00:32.958229,0.0567612615729964,0.24641399177044976,2,0.1868760610905068,0.05878137642094456,0.02383013316463366,0.04841021750348192,0.009424305947873197,0.08916233642240783,0.06980962458131382,6,58,0.0011281695841458832,0.17714404050441546,True,False,True,1.620159417683558e-07,COMPLETE
1549,0.29052439928054813,2025-04-05 00:22:00.014129,2025-04-05 00:23:06.297828,0 days 00:01:06.283699,0.01103881537150919,0.5627323299037142,2,0.24499337524767745,0.046382463171869406,0.017882083021477597,0.040112787354918474,0.00672345086890013,0.07022697874840124,0.044485103936562846,18,42,0.002787112635775404,0.14890545881581974,True,True,True,5.367395269184054e-08,COMPLETE
1550,0.44538631439208987,2025-04-05 00:23:06.820547,2025-04-05 00:23:37.651118,0 days 00:00:30.830571,0.11766691100013557,0.2813170888321587,2,0.19582193606210924,0.07596285832074076,0.020996459500805312,0.04212019065723073,0.002975662422425631,0.038473480511930266,0.09899100267937211,5,53,0.006984674884143737,0.1690086699760771,True,False,True,1.7782132515555354e-08,COMPLETE
1551,0.4858671545982361,2025-04-05 00:23:38.155004,2025-04-05 00:24:11.019795,0 days 00:00:32.864791,0.049702594244393626,0.19720891082122594,2,0.22894520288710862,0.06562369332914234,0.015728742907457106,0.04671942475273527,0.023715758519265138,0.03404383184022175,0.07181788305883603,6,48,0.001030720559148597,0.18725850741140687,True,False,True,3.989249075454166e-08,COMPLETE
1552,0.40974951982498176,2025-04-05 00:24:11.527803,2025-04-05 00:24:47.276322,0 days 00:00:35.748519,0.08796564875092144,0.2270385400741824,2,0.2350828104782687,0.05228479850494336,0.018305661792590987,0.050936782731748266,0.0052100429307369266,0.07557537382224104,0.05541125239798145,7,62,0.004201400938788154,0.16083887410380812,True,False,True,6.438801183265802e-08,COMPLETE
1553,0.46045091152191164,2025-04-05 00:24:47.801952,2025-04-05 00:25:18.129411,0 days 00:00:30.327459,0.04054577347628592,0.2518844537737697,2,0.22259356833789729,0.05922980579340786,0.024367080910574913,0.04399272861330521,0.011403195229288787,0.08633999564771233,0.009358646934579336,5,56,0.005108182811078523,0.13368686771358973,True,False,True,1.4238535502688907e-07,COMPLETE
1554,0.34540987014770513,2025-04-05 00:25:18.635839,2025-04-05 00:25:51.378262,0 days 00:00:32.742423,0.07274586900159169,0.9603008282410919,2,0.21189988373759042,0.06825900995024992,0.02039789823051092,0.03942900238306798,0.008315005291862607,0.09497905728757557,0.074800006609855,6,44,0.007218480472354615,0.18107297843084386,True,False,True,2.3094074548323323e-08,COMPLETE
1555,0.44223151803016664,2025-04-05 00:25:51.889823,2025-04-05 00:26:06.814668,0 days 00:00:14.924845,0.10690670515505092,0.2083703378225801,16,0.2040837301185743,0.052531062953109164,0.022674501932161306,0.0567851820562031,0.0029619677447227585,0.08191883078900658,0.06323730513746649,5,52,0.0029656897438677743,0.17252460953991555,True,False,True,8.749597696920691e-08,COMPLETE
1556,0.28709272742271424,2025-04-05 00:26:07.346194,2025-04-05 00:26:40.367502,0 days 00:00:33.021308,0.0680842518283644,0.23643062485146105,2,0.21755008792427957,0.13660804046388972,0.019094088620097417,0.04170300469853282,0.08427790414108467,0.08434897512859174,0.08400566038520357,6,48,0.0054798814035474,0.16628414274170913,True,False,True,4.9634725010042193e-08,COMPLETE
1557,0.47083776593208315,2025-04-05 00:26:40.876661,2025-04-05 00:27:16.763137,0 days 00:00:35.886476,0.09270735635013647,0.26487613537638405,2,0.25761959045659305,0.06189982256108191,0.025954403134295985,0.0455935258655978,0.015667228877890908,0.07949299575732466,0.043805863406951126,7,54,0.0069257361927601985,0.1879087679839876,True,False,True,3.110773740126696e-08,COMPLETE
1558,0.28971660137176514,2025-04-05 00:27:17.265830,2025-04-05 00:27:55.598419,0 days 00:00:38.332589,0.029322115454013947,0.5307098912935112,2,0.23077874717890934,0.05589092794117762,0.015656410833274473,0.039626470486889914,0.005773133632827527,0.08740342752415449,0.055502830131775316,8,50,0.0010469282616341804,0.1771922887923975,True,False,True,7.458995310165581e-08,COMPLETE
1559,0.4852129459381104,2025-04-05 00:27:56.124532,2025-04-05 00:28:26.851602,0 days 00:00:30.727070,0.054584913937808094,0.19313860824285106,2,0.2457933268646277,0.040972335968163166,0.02175531636424637,0.04906842992052419,0.00968515655074055,0.08082116717604448,0.09936129514735316,5,58,0.004681598422452999,0.1514777496474945,True,False,True,4.0942500562133565e-08,COMPLETE
1560,0.28270485401153567,2025-04-05 00:28:27.359081,2025-04-05 00:29:00.609918,0 days 00:00:33.250837,0.11661897172021507,0.6269565810031303,2,0.223350303061548,0.07057191636728924,0.051199518407080716,0.042655792616084105,0.007098030079450063,0.04995081725197177,0.06703459821497514,6,46,0.003601789965740748,0.16155718056870152,True,False,True,1.156064265915126e-07,COMPLETE
1561,0.48557558059692385,2025-04-05 00:29:01.117794,2025-04-05 00:29:31.043909,0 days 00:00:29.926115,0.0688201244109825,0.29453415188439325,2,0.2386598973131355,0.047071847623740865,0.017439978778608044,0.03834591335159956,0.004528293815353357,0.08249259341769875,0.09998547363330455,5,43,0.007412987927801684,0.1718240042088436,True,False,True,1.4600495562864293e-08,COMPLETE
1562,0.3919998705387116,2025-04-05 00:29:31.571679,2025-04-05 00:30:04.518525,0 days 00:00:32.946846,0.0922181733471801,0.2339318358773665,2,0.20974772823617846,0.06482846359392434,0.023539734808421604,0.04466105857054681,0.01171820390050359,0.07697155454389211,0.08169565288485149,6,52,0.001000161405424656,0.1795521639334928,True,False,True,2.228693449666015e-08,COMPLETE
1563,0.410253381729126,2025-04-05 00:30:05.029046,2025-04-05 00:30:40.712406,0 days 00:00:35.683360,0.010880902520966355,0.21269703420567515,2,0.21650944585764145,0.07657386321691423,0.0199559634564142,0.041045165477363935,0.008101806456020141,0.08511876869173816,0.050103273364018125,7,56,0.004736114322171386,0.15723639781322019,True,False,True,5.8658392130196826e-08,COMPLETE
1564,0.3985749602317811,2025-04-05 00:30:41.233466,2025-04-05 00:31:11.883326,0 days 00:00:30.649860,0.03804667782618613,0.313560721643919,2,0.25269095014013226,0.057170106580112574,0.01841115475435928,0.09218854201798964,0.002725592626279977,0.07146020282645647,0.06324690166072006,5,60,0.0032922951730010395,0.17125588874507883,True,False,True,1.5924330204837974e-07,COMPLETE
1565,0.29052439928054813,2025-04-05 00:31:12.410971,2025-04-05 00:31:42.679937,0 days 00:00:30.268966,0.053115825572379136,0.27174431949764954,2,0.2263988627284395,0.05078873119429054,0.021567368521123013,0.046682545129006346,0.005903726511317037,0.08999080288337685,0.0756784485326185,5,48,0.007369951313522761,0.18325471728579223,True,True,True,2.833848517710163e-08,COMPLETE
1566,0.4175421893596649,2025-04-05 00:31:43.188407,2025-04-05 00:32:16.228161,0 days 00:00:33.039754,0.11405358992118762,0.34117250330088406,2,0.23379050620046266,0.0631320486134131,0.016214797079059023,0.038402178793778614,0.01016598791642555,0.0648115955343484,0.045728118235532335,6,42,0.005283219519033796,0.1429511324267818,True,False,True,1.0143841299160188e-07,COMPLETE
1567,0.40552646517753604,2025-04-05 00:32:16.741769,2025-04-05 00:32:51.972672,0 days 00:00:35.230903,0.07946156840806848,0.46963134832058856,2,0.20151432664245805,0.07088760190119149,0.02609700907908522,0.04264252515977627,0.004803887140805191,0.08350487620824602,0.0030109975858924804,7,50,0.04596263972743656,0.16671117312342393,True,False,True,3.7515055505544127e-08,COMPLETE
1568,0.3439160287380219,2025-04-05 00:32:52.499355,2025-04-05 00:33:22.376877,0 days 00:00:29.877522,0.040206576435417196,0.2443379797353299,2,0.18063174665398765,0.15249765088849807,0.02383080432798928,0.049738261912483164,0.014602499584050695,0.0869654455829859,0.05454746233673544,5,54,0.0027121094213759353,0.17764456568862746,False,False,True,4.96549864009346e-08,COMPLETE
1569,0.9994909048080445,2025-04-05 00:33:22.887552,2025-04-05 00:33:56.178770,0 days 00:00:33.291218,0.06886805657463688,0.22056016483966942,2,0.2598309132985178,0.05773317990492778,0.019828022810400962,0.04028444393424536,0.01834800514048524,0.056464542120744254,0.08026103615671794,6,46,0.007341201282816449,0.18851582703370576,True,False,True,7.441537069702328e-08,COMPLETE
1570,0.4213770627975464,2025-04-05 00:33:56.688746,2025-04-05 00:34:32.551329,0 days 00:00:35.862583,0.09743212392669785,0.18846414837261252,2,0.2621775128687681,0.044175839455086144,0.01675088432118193,0.04530669404862454,0.01870805823052214,0.0532751502617334,0.08725554273147669,7,42,0.0075737941996943565,0.18975509128499204,True,False,True,5.7774552152324366e-08,COMPLETE
1571,0.350920706987381,2025-04-05 00:34:33.079949,2025-04-05 00:35:11.433877,0 days 00:00:38.353928,0.11794603890480579,0.20207525248165453,2,0.15717737358973022,0.04970128494030825,0.018323637376066793,0.04361594716080172,0.02112340968594307,0.053747346745481074,0.09974531880267828,8,45,0.007491966736542638,0.18868365455730116,True,False,True,1.1094212085880622e-07,COMPLETE
1572,0.4160738289356232,2025-04-05 00:35:11.946910,2025-04-05 00:35:47.768181,0 days 00:00:35.821271,0.08713544214774452,0.21940104767089946,2,0.26269728213984295,0.0455376961790588,0.019687982505820857,0.04290514640604366,0.020568682502664453,0.05229824584673719,0.08399119270605925,7,40,0.060480456777155814,0.19229548471811933,True,False,True,8.615555205902942e-08,COMPLETE
1573,0.6113970041275024,2025-04-05 00:35:48.275325,2025-04-05 00:36:24.146312,0 days 00:00:35.870987,0.11740928862157557,0.1854735580094746,2,0.26136877706670314,0.05399137332920398,0.015459289984308646,0.04082844407736325,0.02299722008690273,0.05516532360500041,0.08439562708669167,7,44,0.007321023511031882,0.18756826926970072,True,False,True,9.218187901756105e-08,COMPLETE
1574,0.3922289252281189,2025-04-05 00:36:24.677288,2025-04-05 00:37:13.809179,0 days 00:00:49.131891,0.07064047857149863,0.21102391503957735,2,0.25558809851863845,0.05590214822630851,0.018418136279588146,0.047250033027639644,0.018848990000402757,0.0647703229155171,0.06600042090817544,12,46,0.0075468279150043525,0.1928183733897703,True,False,True,7.211014556948522e-08,COMPLETE
1575,0.4259493947029114,2025-04-05 00:37:14.316435,2025-04-05 00:37:47.231449,0 days 00:00:32.915014,0.08413495746421241,0.19493005814971712,2,0.2549626708367592,0.041186722348615354,0.02006859485629299,0.08894383463265766,0.017798742487427858,0.05514957998295652,0.07268662239925855,6,42,0.00604905799352192,0.18322388853422342,True,False,True,7.471499230190077e-08,COMPLETE
1576,0.6792354822158814,2025-04-05 00:37:47.745037,2025-04-05 00:38:03.156047,0 days 00:00:15.411010,0.06693041590020182,0.22211792296827565,16,0.25816798813693637,0.04962544229910467,0.016976774010029994,0.053267418160831484,0.01698573770892186,0.0576571827525488,0.08498529824233357,6,46,0.007453308305102943,0.18523311123083303,True,False,True,1.3409622508664568e-07,COMPLETE
1577,0.3473266065120697,2025-04-05 00:38:03.690327,2025-04-05 00:38:36.292599,0 days 00:00:32.602272,0.11381336990895422,0.20167056408920123,2,0.26066796461715236,0.05677565943879368,0.014816602968966915,0.040869189885098495,0.018771597748836678,0.055784138675583045,0.056889822823246,6,39,0.006186872918933498,0.18324605109069822,True,False,True,9.496962664266496e-08,COMPLETE
1578,0.3728355407714844,2025-04-05 00:38:36.803649,2025-04-05 00:39:12.419398,0 days 00:00:35.615749,0.10380022970899207,0.1804775691478385,2,0.25957736729836434,0.06001516849869973,0.019811984473393742,0.044791270382991494,0.022099879393140134,0.050527467834697894,0.06446255467022756,7,45,0.0052218710846234214,0.1906420939181716,True,False,True,7.269307779237827e-08,COMPLETE
1579,0.273272842168808,2025-04-05 00:39:12.925512,2025-04-05 00:39:59.849195,0 days 00:00:46.923683,0.8609050763256669,0.2221585600148396,2,0.24686042005088973,0.03959327295795259,0.018060309333186614,0.041894437107534134,0.02021274449650369,0.05650955235630139,0.08023621382310772,11,67,0.00730789644749648,0.1809165016978989,True,False,True,1.1759188589801745e-07,COMPLETE
1580,0.28964043259620664,2025-04-05 00:40:00.379332,2025-04-05 00:41:08.134641,0 days 00:01:07.755309,0.0989434094238914,0.22774477849922276,2,0.2505106102439378,0.2231791055654798,0.020828227402799895,0.039803837146680336,0.01764663791570695,0.048591592772436513,0.04647683172654976,19,41,0.005167670307463299,0.1936931644409873,True,False,True,6.549725318100321e-08,COMPLETE
