number,value,datetime_start,datetime_complete,duration,params_alpha-eval,params_alpha-train,params_batch-size,params_eps-eval,params_eps-train,params_lambda-actions-eval,params_lambda-actions-train,params_lambda-frames-eval,params_lambda-frames-train,params_learning-rate,params_n-epochs,params_n-frames,params_radius-gw,params_rho,params_std-feats,params_ub-actions,params_ub-frames,params_weight-decay,state
740,0.5531729936599732,2025-04-24 03:19:31.717178,2025-04-24 03:20:59.771815,0 days 00:01:28.054637,0.4407512376676803,0.7459330628819564,2,0.14202808888148194,0.009857483646921943,0.0871692309005654,0.04978326810416463,0.054533130853906854,0.0022262918771625145,0.04065377356500706,22,16,0.025497157264509802,0.11234095623503888,True,False,False,0.00022906326069404336,COMPLETE
741,0.34822869896888736,2025-04-24 03:21:00.004494,2025-04-24 03:22:25.298226,0 days 00:01:25.293732,0.42679834917739057,0.760866050043323,2,0.12451191297021985,0.005920687936903865,0.08931866932536957,0.04738332245579335,0.052866991629962765,0.0011916841479092893,0.052965289897553926,21,7,0.04078810347126441,0.10872352267068117,True,False,False,0.00018175006990774455,COMPLETE
742,0.6083880662918091,2025-04-24 03:22:25.543836,2025-04-24 03:23:54.405970,0 days 00:01:28.862134,0.41800328702877354,0.7241880221574286,2,0.14824870830561104,0.014508657574713792,0.08514732568729157,0.048618663413208585,0.050180070341559094,0.0027487168297080896,0.03508191333060089,22,12,0.029066746994204692,0.1187597084290433,True,False,False,0.00026062162557729623,COMPLETE
743,0.29052439928054813,2025-04-24 03:23:54.636655,2025-04-24 03:25:18.317008,0 days 00:01:23.680353,0.4119526147161691,0.7182443887437032,2,0.06616087444511885,0.00010610364564186351,0.08761835647782047,0.05157565234397283,0.04928986608504881,0.0018550251133639887,0.046142399134480566,21,6,0.03611394377437124,0.10184860917393346,True,False,False,0.00016757352157415015,COMPLETE
744,0.523822295665741,2025-04-24 03:25:18.563002,2025-04-24 03:25:51.332093,0 days 00:00:32.769091,0.45710555319384916,0.7379952197405537,8,0.2985381248126505,0.012760331989353226,0.08947400133337595,0.056447038276726494,0.04806973143213222,0.00725087731799852,0.06931330704080185,22,12,0.06245582204021724,0.11392769238741943,True,False,False,0.00020664138564877615,COMPLETE
745,0.9963641762733461,2025-04-24 03:25:51.578804,2025-04-24 03:27:17.238653,0 days 00:01:25.659849,0.4049684399977368,0.12133520058823494,2,0.14439557237605058,0.0194094388490516,0.08656748149542462,0.048824613501600486,0.04832710966682579,0.004675463222155448,0.030989881463276303,21,5,0.01559516413450973,0.1207761495647704,True,False,False,0.00028730094043247955,COMPLETE
746,0.34372403621673586,2025-04-24 03:27:17.474724,2025-04-24 03:28:45.000702,0 days 00:01:27.525978,0.4032904836634014,0.7033375565674769,2,0.13791731536687768,0.025471272911953315,0.08670123634888623,0.047384652974246405,0.04699744685470561,0.004103146447377704,0.030166587297333753,21,7,0.042597014473965474,0.12591377361051134,True,False,False,0.0003152078246364435,COMPLETE
747,0.4353231728076935,2025-04-24 03:28:45.244856,2025-04-24 03:29:57.774193,0 days 00:01:12.529337,0.3943527515596746,0.0938500794702452,2,0.14761603164721177,0.03624715537558683,0.09132817518222835,0.05017476915833396,0.05015325493926409,0.008341511425898734,0.03884163415225968,21,11,0.05550497319528755,0.12380008399812922,False,True,False,6.160666993760706e-06,COMPLETE
748,0.4143856048583984,2025-04-24 03:29:58.011613,2025-04-24 03:31:27.445925,0 days 00:01:29.434312,0.3810430311930302,0.19737531993280166,2,0.14714867837934226,0.019044819776176846,0.08878594533650966,0.05017408314438218,0.048078324003702204,0.0026254775146811863,0.029363986454209377,22,5,0.020859446246430446,0.12930187304417268,True,False,False,0.0002757166404353674,COMPLETE
749,0.41750280857086186,2025-04-24 03:31:27.700362,2025-04-24 03:32:53.983866,0 days 00:01:26.283504,0.3928547788191268,0.12464992181479799,2,0.13733129604313088,0.029598690510392777,0.08775614880361603,0.04736309107274129,0.05213202326255073,0.001082131237250504,0.026584735258147793,21,8,0.01626459636974638,0.11990865066419044,True,False,False,0.00023421100804164128,COMPLETE
750,0.5541938662528992,2025-04-24 03:32:54.231661,2025-04-24 03:34:19.165416,0 days 00:01:24.933755,0.4241115987454975,0.775130439336629,2,0.14129225263080805,0.02027541411841661,0.09058164325708096,0.04903823595887551,0.05105658926441486,0.004014845347495862,0.0346712028723197,20,11,0.08035840209318366,0.11389141065465862,True,False,False,0.00033009763706739,COMPLETE
751,0.41613482236862187,2025-04-24 03:34:19.399340,2025-04-24 03:35:47.288422,0 days 00:01:27.889082,0.3898030609687253,0.014261780962267087,2,0.13273726021709423,0.0250937493528205,0.08625101940352103,0.045494068960266865,0.05094841563280241,0.004781597484882315,0.042148855770733226,22,8,0.06761095267791596,0.2805751968319569,True,False,False,0.00027171327147477054,COMPLETE
752,0.34781364202499393,2025-04-24 03:35:47.536279,2025-04-24 03:37:20.520556,0 days 00:01:32.984277,0.42889118327355347,0.7249973041461774,2,0.1510951069601984,0.020095742706680846,0.09246635849425787,0.053968087173287514,0.04853528899968056,0.004891018135172719,0.03104209090317098,23,5,0.02737246768263398,0.12503787087124243,True,False,False,0.00018115751121046747,COMPLETE
753,0.34745275378227236,2025-04-24 03:37:20.755626,2025-04-24 03:38:45.458098,0 days 00:01:24.702472,0.39325953781952144,0.7542111718040418,2,0.1420857534742646,0.01832815629678784,0.0891211120157117,0.05112006248685378,0.0477490181182553,0.0016068171234779978,0.02465208094154285,20,6,0.018389014357316054,0.11813658176414596,True,False,False,0.00021616985699482848,COMPLETE
754,0.3491848409175873,2025-04-24 03:38:45.703983,2025-04-24 03:40:12.996229,0 days 00:01:27.292246,0.44525095753956756,0.6972606303899213,2,0.13334950787320488,0.031032409424646308,0.08466696679174147,0.04488947628541444,0.053654755973599075,0.006148153492938398,0.045719190619920545,21,5,0.07191680581929172,0.10621760746042581,True,False,False,0.00034619174757459655,COMPLETE
755,0.42078769803047184,2025-04-24 03:40:13.247637,2025-04-24 03:41:39.851139,0 days 00:01:26.603502,0.41620441586877327,0.8330740844520788,2,0.15439048843079028,0.01355340320713657,0.06389166479784725,0.04823680016749231,0.04631649352879713,0.0045163594297360065,0.037050909455953025,21,10,0.015051622083164873,0.11048156561014504,True,False,False,0.0001571950786064226,COMPLETE
756,0.4174685478210449,2025-04-24 03:41:40.086058,2025-04-24 03:43:16.942070,0 days 00:01:36.856012,0.38031524382457293,0.3640896460102702,2,0.1497032614016601,0.03971262412609734,0.08696753466319071,0.05202932994439411,0.04945665462492393,0.0018199526508937908,0.05311107755881747,24,8,0.06545537024895659,0.12148635627461354,True,False,False,0.0002733390636145415,COMPLETE
757,0.9926726222038269,2025-04-24 03:43:17.191360,2025-04-24 03:44:43.550745,0 days 00:01:26.359385,0.4765257797761219,0.2584738759506002,2,0.140584946918414,0.02623296680295007,0.09196487807201342,0.044195033215742544,0.027525165122089343,0.001160497919911987,0.022059892339779185,21,9,0.01639950524038373,0.1288072087308601,True,False,False,0.00013010453128688645,COMPLETE
758,0.6780186891555787,2025-04-24 03:44:43.801580,2025-04-24 03:46:13.633910,0 days 00:01:29.832330,0.436076409939847,0.2362937948645331,2,0.2868960300137997,0.036925630608344695,0.09046581224788118,0.04534061704110309,0.08212173913824464,0.0011622348369940212,0.023334896469431942,22,9,0.019760278486265905,0.12810706772788535,True,False,False,0.0001482621063942672,COMPLETE
759,0.5534436225891114,2025-04-24 03:46:13.870279,2025-04-24 03:47:40.282361,0 days 00:01:26.412082,0.47064838517330415,0.06405462232124144,2,0.1370547457959266,0.03165772051642415,0.09271947814439607,0.043932351379373395,0.026599547542123295,0.003967538157318055,0.026215244749218963,21,12,0.017344367496886448,0.12478503634404925,True,False,False,0.00012851390092975714,COMPLETE
760,0.35084598064422606,2025-04-24 03:47:40.533131,2025-04-24 03:49:06.884200,0 days 00:01:26.351069,0.9689189600947246,0.060745933090167875,2,0.14294743407902438,0.05357323374453102,0.09145398168067644,0.04330140953927705,0.025178868675358658,0.0034998966056337144,0.022364214976292908,21,5,0.017647470755985814,0.12803740905196503,True,False,False,0.0001969815646117459,COMPLETE
761,0.3757788062095642,2025-04-24 03:49:07.121006,2025-04-24 03:50:31.772031,0 days 00:01:24.651025,0.4673742235354119,0.32147701078008734,2,0.12911677937327742,0.10684222486983568,0.08930497161080538,0.04641878940183799,0.028649360751197585,0.0033344260594126394,0.020469718343743896,20,8,0.02204114943025259,0.13240335651513557,True,False,False,0.0001445350515329206,COMPLETE
762,0.3662301361560822,2025-04-24 03:50:32.019857,2025-04-24 03:52:02.830288,0 days 00:01:30.810431,0.44511732159389805,0.7660278437006299,2,0.139674010398513,0.044352295225098454,0.09125568519197161,0.04849445581697103,0.019812424444101476,0.006057625939616271,0.029778398435581912,22,6,0.015580357973053304,0.12160020792353853,True,False,False,0.00011441976542504858,COMPLETE
763,0.9982235550880433,2025-04-24 03:52:03.082747,2025-04-24 03:53:29.707364,0 days 00:01:26.624617,0.41514556841327044,0.17914900797368716,2,0.14610917670551357,0.029576887712529525,0.08794505512142212,0.04396301228911922,0.024141759308350857,0.003091684328204982,0.019034104671630078,21,9,0.01959229347850451,0.13660588037712468,True,False,False,0.0001712407240408734,COMPLETE
764,0.9694990634918214,2025-04-24 03:53:29.945801,2025-04-24 03:54:57.686069,0 days 00:01:27.740268,0.42222312101821313,0.1735713267824858,2,0.15312272626724002,0.03550389336185994,0.09378050859372443,0.04607620027408963,0.026737103758945887,0.0020481003116073968,0.01858640988802322,21,9,0.01815990337802037,0.13500321055971792,True,False,False,0.00022067442953460707,COMPLETE
765,0.36656668186187746,2025-04-24 03:54:57.936398,2025-04-24 03:56:29.058413,0 days 00:01:31.122015,0.4064725106185115,0.7860844973237305,2,0.14687706652487992,0.04219153180952531,0.08918727725010028,0.04526702558742765,0.025619780869192373,0.0011877351154347196,0.01983952841553231,22,7,0.02423989911946627,0.13554645723477238,True,False,False,0.000179993655194482,COMPLETE
766,0.42066103816032413,2025-04-24 03:56:29.296109,2025-04-24 03:57:56.761940,0 days 00:01:27.465831,0.40538554841394037,0.14227526922827638,2,0.16040821833257585,0.06263343453264869,0.09236303176244719,0.04350209130768886,0.025502723857300555,0.004544531562708112,0.01882823124249501,21,9,0.021020384713966535,0.13343496184684384,True,False,False,0.00012396395058719258,COMPLETE
767,0.4225952625274658,2025-04-24 03:57:57.011120,2025-04-24 03:58:25.245392,0 days 00:00:28.234272,0.45525530284596394,0.39420261789802125,8,0.1491714813579267,0.028474844989752862,0.08623064132370498,0.04805786292008607,0.029452292323744862,0.0018763454765687486,0.01591746705942402,21,9,0.021358878022498685,0.13052492752134004,True,True,False,0.00022194548954732933,COMPLETE
768,0.4137240290641785,2025-04-24 03:58:25.498016,2025-04-24 03:59:53.873697,0 days 00:01:28.375681,0.41034761879994014,0.2595929352663664,2,0.15123035636895807,0.02518915105715344,0.08853329183903966,0.046221998693809795,0.027171830379048394,0.026537554507294475,0.02268019107152533,22,6,0.02103612279659223,0.13117082684316717,False,False,False,0.00010778380078802864,COMPLETE
769,0.35179187059402467,2025-04-24 03:59:54.114231,2025-04-24 04:01:18.371537,0 days 00:01:24.257306,0.42981343643253567,0.11111090814907122,2,0.14239975059817708,0.11795926502108672,0.090457877860397,0.04330779872001773,0.028885856761070194,0.004535527811541796,0.01657751096774157,20,9,0.019629115692106666,0.13814606877265423,True,False,False,0.00026855288257250203,COMPLETE
770,0.34813629984855654,2025-04-24 04:01:18.624815,2025-04-24 04:02:47.334503,0 days 00:01:28.709688,0.48129788228101683,0.7527737147158928,2,0.15735059324497705,0.033307918059263746,0.08513423389967803,0.050089375062515824,0.023540584242607798,0.0033333417722962344,0.02426010433578035,21,8,0.01815546434404429,0.12439077216653274,True,False,False,0.00017287145883943428,COMPLETE
771,0.9910606741905214,2025-04-24 04:02:47.591353,2025-04-24 04:04:13.859093,0 days 00:01:26.267740,0.3733548967314821,0.0821526766130696,2,0.14667352811566153,0.021613134054793433,0.06046080731342848,0.048428362429792364,0.030772204699417625,0.0014311085485603507,0.021016110682952685,21,5,0.02328601296116176,0.12650064126357477,True,False,False,9.163353813506316e-05,COMPLETE
772,0.7361801385879517,2025-04-24 04:04:14.101070,2025-04-24 04:05:37.299617,0 days 00:01:23.198547,0.38912316037562106,0.22468868304734407,2,0.23603073943689873,0.015796732737194275,0.0933289347552647,0.043917365120861133,0.02735600355947596,0.09556961208194731,0.017472416170490782,20,11,0.018668170700405985,0.13861401266290074,True,False,False,0.0001363596387098521,COMPLETE
773,0.5431143283843994,2025-04-24 04:05:37.553113,2025-04-24 04:07:04.962283,0 days 00:01:27.409170,0.4506237101873158,0.20333862065877192,2,0.145172698741083,0.026554590210433857,0.09024407423939645,0.05192006080366591,0.02453578979310796,0.0011704623272411627,0.026164160595583123,22,14,0.019648678004636405,0.12062241026940546,True,False,False,0.0003301148850405808,COMPLETE
774,0.5041062593460083,2025-04-24 04:07:05.203121,2025-04-24 04:08:26.382460,0 days 00:01:21.179339,0.4343513811923989,0.17279685855016286,2,0.13861740116693919,0.01115976934989058,0.04096173047557462,0.046359532988967396,0.02645702119203884,0.0063587449260380305,0.0003580381259126912,20,5,0.016614568336856737,0.12873147867086085,True,False,False,4.1074575809807346e-05,COMPLETE
775,0.35282609462738035,2025-04-24 04:08:26.636499,2025-04-24 04:09:49.609446,0 days 00:01:22.972947,0.40944878571940824,0.7444999615358692,2,0.0170913191538572,0.037503710993549835,0.08710148666313954,0.05754951394618169,0.02160934465322715,0.004324406509642775,0.03381839193283151,20,13,0.016246073441954945,0.11765613332520809,True,False,False,6.441406844801441e-05,COMPLETE
776,0.4149361371994019,2025-04-24 04:09:49.863054,2025-04-24 04:11:14.805438,0 days 00:01:24.942384,0.4640317279445154,0.185797056916044,2,0.1446735148637823,0.018904889137266484,0.0847199643773996,0.05374625884134364,0.030650588670651145,0.00310326267879161,0.03737578770017277,21,12,0.015501475830790507,0.13348872489025243,True,False,False,0.00017448432344592844,COMPLETE
777,0.3560939610004425,2025-04-24 04:11:15.047848,2025-04-24 04:12:43.273463,0 days 00:01:28.225615,0.369443626276599,0.04061243764680017,2,0.26889838198194804,0.0956644117597562,0.08851885758100433,0.041505571272580144,0.028719977599752634,0.001268403110056319,0.026889494472994276,21,9,0.045386078625528216,0.1173362625614437,True,False,False,0.00010970301823526186,COMPLETE
778,0.6668226122856141,2025-04-24 04:12:43.527860,2025-04-24 04:14:12.256883,0 days 00:01:28.729023,0.43726496832391626,0.23310368153575578,2,0.21402425067814793,0.030364316177179815,0.09083414441458103,0.049136552456517296,0.021376011383681455,0.005336679544089095,0.021718538647804292,22,14,0.018976290159444662,0.14275515150690796,True,False,False,8.387454068626422e-05,COMPLETE
779,0.44584622979164124,2025-04-24 04:14:12.511358,2025-04-24 04:15:39.809642,0 days 00:01:27.298284,0.4001357837327798,0.1427057968991081,2,0.0249295787712495,0.0059042128617020385,0.09303166987279349,0.04722490108099679,0.03203284316985332,0.002934427745606808,0.017702506090609527,21,9,0.017101321442263083,0.12744144774643204,True,False,False,0.00023687121637224864,COMPLETE
780,0.998993456363678,2025-04-24 04:15:40.051553,2025-04-24 04:17:01.654660,0 days 00:01:21.603107,0.42042542708201786,0.11002622780161414,2,0.22622166076896272,0.013973697811794007,0.08659084591594665,0.04453409992212635,0.017388299017570302,0.006090913541652123,0.0006168415866231312,20,12,0.02226547387538075,0.12146406945696686,True,False,False,0.00014459180175403131,COMPLETE
781,0.36057900786399844,2025-04-24 04:17:01.910624,2025-04-24 04:18:22.938864,0 days 00:01:21.028240,0.42460010871889603,0.10247254345262279,2,0.2446432867638437,0.01173304722455775,0.08690905280179166,0.045565934937043785,0.014827286681604662,0.004722601552809605,0.0004047643377061305,20,5,0.02415390284837081,0.12104250851965817,True,False,False,0.0001397871838086511,COMPLETE
782,0.29052439928054813,2025-04-24 04:18:23.197105,2025-04-24 04:19:44.194799,0 days 00:01:20.997694,0.45225115108957015,0.1501921296189928,2,0.22958472704467234,0.005882354804073784,0.08410109299578086,0.04436266580180405,0.017414240629469592,0.0058136625806966,0.0005538578337264665,20,10,0.021912613272623813,0.11538610212227458,True,False,False,0.00014916928267378422,COMPLETE
783,0.40402794480323795,2025-04-24 04:19:44.439991,2025-04-24 04:21:06.226637,0 days 00:01:21.786646,0.39198518940834787,0.11830716184367016,2,0.23756208395307488,0.014663746149910548,0.0863170263649099,0.04207276918099823,0.0051275469385981265,0.007205752341615556,0.0006550429139573133,20,14,0.020553537841703835,0.12699345705456633,True,False,False,0.00018530031979932507,COMPLETE
784,0.4101005375385285,2025-04-24 04:21:06.483172,2025-04-24 04:22:25.566549,0 days 00:01:19.083377,0.4201051722430144,0.07290408314614213,2,0.2269642414543609,0.009647774058743532,0.08547092340556584,0.04434481615605881,0.013266057843467086,0.003470396024707073,0.0006292462898380248,19,11,0.02607531052605131,0.12218207090546009,True,False,False,9.816269677341342e-05,COMPLETE
785,0.5534436225891114,2025-04-24 04:22:25.828214,2025-04-24 04:23:49.054331,0 days 00:01:23.226117,0.37666769817748497,0.12967754091304304,2,0.22095458209048596,0.02222404596641176,0.0835800504790464,0.04255237433221494,0.020205080130423096,0.004994503070797362,0.0007544109068261243,20,13,0.023176989357645447,0.13263555864478085,True,False,False,0.0001251879705829867,COMPLETE
786,0.40595276951789855,2025-04-24 04:23:49.303437,2025-04-24 04:25:11.324181,0 days 00:01:22.020744,0.4788598178864076,0.06599282973891848,2,0.2314726231399574,0.047865230146086804,0.08787732329594679,0.04761154700809548,0.012285307439176364,0.006799136514157699,0.00109012916646438,19,11,0.04561909073051365,0.11441190335075274,True,False,False,2.157834386708724e-06,COMPLETE
787,0.46757658123970036,2025-04-24 04:25:11.585297,2025-04-24 04:26:24.931167,0 days 00:01:13.345870,0.4120614072246238,0.1783146130362242,2,0.2352319747097021,0.013835819385871109,0.08592391753788862,0.04496018603395982,0.021222274356174804,0.00317426403507774,0.0005260539000653533,21,8,0.020665695287979034,0.12302427158382213,True,True,False,0.00018362125571775702,COMPLETE
788,0.5533789157867431,2025-04-24 04:26:25.178614,2025-04-24 04:26:56.413011,0 days 00:00:31.234397,0.4360807458630199,0.12289924737598186,8,0.22088811327992408,0.017889629290784612,0.08878732905460048,0.06533954973099573,0.020408617908481502,0.006372795973028124,0.02035067450908789,20,15,0.01731815359295404,0.13800147876061186,True,False,False,0.00014396445661463432,COMPLETE
789,0.29052439928054813,2025-04-24 04:26:56.669773,2025-04-24 04:28:20.808724,0 days 00:01:24.138951,0.42749127829681893,0.07768584709124582,2,0.25280050218107497,0.00010410105149159798,0.08416799853911403,0.05001728818107135,0.02380853906138985,0.0012487424119314834,0.0009542549057496321,21,5,0.020885227014524416,0.11429689227397627,False,False,False,0.00023719679510742845,COMPLETE
790,0.3697313487529755,2025-04-24 04:28:21.071993,2025-04-24 04:29:45.521107,0 days 00:01:24.449114,0.46056192470403695,0.16665135980818602,2,0.22570579043692046,0.15565215476872096,0.04397550564380774,0.04624130108204737,0.01686832970443404,0.0036882884614725378,0.0004771815509795067,20,11,0.01905680413399772,0.12671513996526845,True,False,False,0.0001080328348163856,COMPLETE
791,0.29052439928054813,2025-04-24 04:29:45.770724,2025-04-24 04:31:09.204048,0 days 00:01:23.433324,0.3816886720084347,0.10391320451394556,2,0.22828222658186392,0.0055036121338914445,0.08749805944714979,0.0423728890396504,0.023178168252821298,0.007483781512370417,0.0006607271158764116,21,15,0.060700501963227446,0.11823538075839998,True,False,False,8.93337362562577e-05,COMPLETE
792,0.5534436225891114,2025-04-24 04:31:09.464032,2025-04-24 04:32:31.645138,0 days 00:01:22.181106,0.40112680852010013,0.11724778342568257,2,0.21657067546944106,0.024201877692170005,0.03687534977481595,0.051705683093449854,0.024399962738014,0.0034970708604804912,0.0006476668566628882,20,15,0.015448330185665184,0.13138915614684385,True,False,False,0.00012370915988549317,COMPLETE
793,0.5280580282211303,2025-04-24 04:32:31.907725,2025-04-24 04:33:50.689356,0 days 00:01:18.781631,0.44316012880377686,0.279270241781161,2,0.15549800209211276,0.010621315727254384,0.08939971134635859,0.05503856851205521,0.04858768898384413,0.0013910090354345957,0.0007450594911802326,19,8,0.019377736819458473,0.12232377973505108,True,False,False,0.00020468696456544985,COMPLETE
794,0.5565988898277283,2025-04-24 04:33:50.939789,2025-04-24 04:35:12.752598,0 days 00:01:21.812809,0.15786163452622803,0.0820679244094221,2,0.13742019993517604,0.016408732111851735,0.08586011910288807,0.04091245139016946,0.018382564758087132,0.003954828831288284,0.000495925266541732,20,10,0.08606554353297692,0.10805851209862445,True,False,False,7.027218777600504e-05,COMPLETE
795,0.3815528452396393,2025-04-24 04:35:13.013304,2025-04-24 04:36:43.019401,0 days 00:01:30.006097,0.19203842521609465,0.10172472803087221,2,0.15149512140050483,0.02910555627433714,0.08789902524813056,0.04827288216346037,0.022974420877886398,0.005237736444125329,0.0008112110272590783,22,13,0.022870934865115752,0.11300993463993086,True,False,False,0.00015730976670178524,COMPLETE
