number,value,datetime_start,datetime_complete,duration,params_alpha-eval,params_alpha-train,params_batch-size,params_eps-eval,params_eps-train,params_lambda-actions-eval,params_lambda-actions-train,params_lambda-frames-eval,params_lambda-frames-train,params_learning-rate,params_n-epochs,params_n-frames,params_radius-gw,params_rho,params_std-feats,params_ub-actions,params_ub-frames,params_weight-decay,state
1866,0.29176171422004704,2025-04-05 03:36:09.841526,2025-04-05 03:36:52.837924,0 days 00:00:42.996398,0.1413035888517881,0.48117575746467023,2,0.23910186934533514,0.0749448113935543,0.00710958641939359,0.03183182554537754,0.01652754759719004,0.09164482273989447,0.08184622273514056,10,26,0.008005557603613359,0.20470619803685242,True,False,True,3.9224270181868947e-08,COMPLETE
1867,0.41050005555152896,2025-04-05 03:36:53.442172,2025-04-05 03:37:34.562949,0 days 00:00:41.120777,0.12462238592707034,0.3484434404391205,2,0.22916518504149824,0.0825702270566619,0.008801650218648344,0.03251104992737732,0.013334974357673534,0.09626824001254473,0.07530343132999644,9,35,0.004776149827044206,0.20835853547049302,True,False,True,4.6474855576971065e-08,COMPLETE
1868,0.4612286567687989,2025-04-05 03:37:35.190638,2025-04-05 03:38:16.914645,0 days 00:00:41.724007,0.09941234575527386,0.42390855562720986,2,0.23584770922297185,0.0745772602052726,0.011075677722347039,0.028884381594522227,0.016032307154462404,0.09066170752663033,0.06509638751478834,9,34,0.006534137029510762,0.20060376870857305,True,False,True,6.407251956568552e-08,COMPLETE
1869,0.29953585267066957,2025-04-05 03:38:17.544719,2025-04-05 03:38:58.607414,0 days 00:00:41.062695,0.1151183005614292,0.37422012002480387,2,0.22718014026260766,0.09377920086475837,0.01183143303221038,0.027253488946177212,0.014371364531935452,0.09436466840844293,0.09984721115374186,9,37,0.004648809019228515,0.21198036080298466,True,False,True,8.370892207298587e-08,COMPLETE
1870,0.5225478410720825,2025-04-05 03:38:59.215905,2025-04-05 03:39:42.553459,0 days 00:00:43.337554,0.13657169990429227,0.41071445991499655,2,0.24460374894962322,0.0820093029898051,0.010288286799091806,0.02559031032497296,0.013397469530691413,0.09275038029722872,0.0830267957732994,10,26,0.008069378946972466,0.20384849287542403,True,False,True,5.365485323884328e-08,COMPLETE
1871,0.41492386460304265,2025-04-05 03:39:43.156076,2025-04-05 03:39:59.828222,0 days 00:00:16.672146,0.10131487301082417,0.3514016305263939,16,0.23944957307233583,0.07381196008222682,0.013088946716706958,0.031133371192886276,0.017076144475101883,0.09045108944861363,0.06354301881400637,11,30,0.051058025013056674,0.21545473328977516,False,True,True,3.3869412354117505e-08,COMPLETE
1872,0.3481868863105774,2025-04-05 03:40:00.450605,2025-04-05 03:40:38.864137,0 days 00:00:38.413532,0.15355361258818345,0.3773632855435497,2,0.22812116556555487,0.08983504420207436,0.012808883104647457,0.029534987923372766,0.012328196816596585,0.09570485785801951,0.08213441338070872,8,34,0.0059578262114283985,0.20688095004429868,True,False,True,9.408149339760248e-08,COMPLETE
1873,0.4167111456394196,2025-04-05 03:40:39.495698,2025-04-05 03:41:20.536222,0 days 00:00:41.040524,0.1223816531167128,0.39320621998229793,2,0.24643187344262202,0.07351903472726386,0.00801261164683258,0.03309898106707638,0.011711088885560623,0.09773020565779594,0.09978329561960858,9,28,0.008268313381694167,0.19749639688490384,True,False,True,6.858047008053726e-08,COMPLETE
1874,0.40081402659416204,2025-04-05 03:41:21.145618,2025-04-05 03:42:02.409732,0 days 00:00:41.264114,0.09339718440090014,0.4043418107560383,2,0.2345226884590477,0.08417261396280452,0.010687711667316278,0.033482670806976506,0.015704187900115373,0.09335501978785679,0.07328188887236815,9,37,0.004570606178660869,0.20166932714624272,True,False,True,4.389112157860018e-08,COMPLETE
1875,0.42293326258659364,2025-04-05 03:42:03.039302,2025-04-05 03:42:43.488512,0 days 00:00:40.449210,0.09254352599761365,0.36645889515378305,2,0.2266513901637481,0.07514880084946955,0.013440222413237491,0.033743734075629826,0.011471886396800177,0.09091423417585826,0.0995266977738647,9,32,0.0044603897091798315,0.20766050813095882,True,False,True,5.946917473954096e-08,COMPLETE
1876,0.46261347532272346,2025-04-05 03:42:44.092083,2025-04-05 03:43:22.501702,0 days 00:00:38.409619,0.13033983844835106,0.4559857809431221,2,0.24176453137951057,0.07896207175767321,0.010311762647332808,0.03235231620732461,0.013688416859751053,0.09479514734028979,0.06391828485152495,8,36,0.006334594666950489,0.21622652419240154,True,False,True,7.565143658936447e-08,COMPLETE
1877,0.44787541627883914,2025-04-05 03:43:23.126905,2025-04-05 03:44:06.855113,0 days 00:00:43.728208,0.11067527108394018,0.4357812649099376,2,0.23372239584518423,0.07188366455269607,0.013946819753330815,0.030678925221556592,0.016398686834362748,0.09680484271565412,0.09978504110427655,10,29,0.008041839346055039,0.20036907198860854,True,False,True,3.4869984732792583e-08,COMPLETE
1878,0.42255688905715943,2025-04-05 03:44:07.492253,2025-04-05 03:44:50.829274,0 days 00:00:43.337021,0.15180902430170648,0.34812496098667023,2,0.22658864804941137,0.0814560670765347,0.008669512297523089,0.03492901259404165,0.012452017476437191,0.09226308782832031,0.07659872828157897,10,8,0.06784786213544038,0.20179082525219186,True,False,True,9.872706852987772e-08,COMPLETE
1879,0.32750795483589173,2025-04-05 03:44:51.446941,2025-04-05 03:45:32.652776,0 days 00:00:41.205835,0.08669434985630066,0.39740286179795065,2,0.14801363408761328,0.11165022727368004,0.012109056464215026,0.03418248999003981,0.010103568461426899,0.09027526228274703,0.06189144424511639,9,38,0.004185279951920693,0.2077715346725244,True,False,True,4.7604660720676774e-08,COMPLETE
1880,0.4442587435245514,2025-04-05 03:45:33.317099,2025-04-05 03:46:11.467744,0 days 00:00:38.150645,0.11843129655435763,0.3742466001203957,2,0.2466250619146451,0.0727961211960806,0.014046681997047514,0.02709481098858344,0.014710593736532775,0.09796538377989475,0.08308056819884556,8,32,0.005835910022666266,0.19796236542327725,True,False,True,6.010697892793183e-08,COMPLETE
1881,0.2902030348777771,2025-04-05 03:46:12.083049,2025-04-05 03:46:52.763649,0 days 00:00:40.680600,0.139264265380572,0.3401513570110353,2,0.24843707893724182,0.07853315385234964,0.011123682752426397,0.03284011016418269,0.010586609464211008,0.09550126214038757,0.07260063524338546,9,38,0.004267613269643646,0.21772606103258685,True,False,True,7.602053042944282e-08,COMPLETE
1882,0.2921717524528504,2025-04-05 03:46:53.397526,2025-04-05 03:47:32.180286,0 days 00:00:38.782760,0.09624736035898113,0.42777742034558036,2,0.2348782619608027,0.09533080285760787,0.009060404545490529,0.03016313205562297,0.017441978851639863,0.09288794138126304,0.06213921176039404,8,33,0.006628059734634582,0.20782251737464827,True,False,True,4.212387731556925e-08,COMPLETE
1883,0.30448470115661624,2025-04-05 03:47:32.793726,2025-04-05 03:48:16.062400,0 days 00:00:43.268674,0.11138193222495599,0.41007639380356986,2,0.23890877340846262,0.08774506285667313,0.014224606253274763,0.036142110669557116,0.012089033017308962,0.09581291303637442,0.08245008963904084,10,26,0.00832677006719501,0.2124778509077153,True,False,True,5.211985351572526e-08,COMPLETE
1884,0.3451357841491699,2025-04-05 03:48:16.697886,2025-04-05 03:48:55.212251,0 days 00:00:38.514365,0.09096262940347824,0.34416266091818826,2,0.22948474667581398,0.10628168735394156,0.012596625871448327,0.03488686807388115,0.01535574453886073,0.09789857006992335,0.08371992680366029,8,35,0.05482635979051743,0.2048153015100829,True,False,True,9.12742531420798e-08,COMPLETE
1885,0.29729428291320803,2025-04-05 03:48:55.825605,2025-04-05 03:49:42.666929,0 days 00:00:46.841324,0.1315333458837728,0.3855686923096467,2,0.24077048902465853,0.07497235851886637,0.006312902499969429,0.03305995097832519,0.009956524624642494,0.09002611657157103,0.06384130550882687,11,38,0.0038878850002201336,0.19708191361547583,True,False,True,3.8420610917246114e-08,COMPLETE
1886,0.43026279211044316,2025-04-05 03:49:43.281906,2025-04-05 03:50:24.161817,0 days 00:00:40.879911,0.08511102905418116,0.4009074054591297,2,0.23212051282434396,0.07181155721384541,0.011946149128954201,0.03642355328595271,0.012962004997755624,0.09359297524041839,0.0740380360969618,9,23,0.006651414052762153,0.19824395108087461,True,False,True,6.667123396461389e-08,COMPLETE
1887,0.2943448662757874,2025-04-05 03:50:24.790098,2025-04-05 03:51:05.449514,0 days 00:00:40.659416,0.15125600437408904,0.3704092587975199,2,0.24973500489178757,0.08641448352751685,0.014670209920894618,0.03091566397687213,0.009787335921092877,0.09485121802641182,0.06073449152130791,9,30,0.0037485769238582356,0.21169381570237666,True,False,True,5.2341425248003814e-08,COMPLETE
1888,0.37296860814094546,2025-04-05 03:51:06.089587,2025-04-05 03:51:47.149015,0 days 00:00:41.059428,0.11504244801460231,0.3514914896070851,2,0.22614126537613127,0.07046206764485219,0.009641895836627138,0.034676031024899155,0.016766032669577238,0.09990517901461714,0.08192023297691188,9,34,0.008527994625291493,0.2000371731766405,True,False,True,3.224716599799335e-08,COMPLETE
1889,0.39765886664390565,2025-04-05 03:51:47.767349,2025-04-05 03:52:25.963847,0 days 00:00:38.196498,0.09855883937616938,0.39165432748761736,2,0.2425994730366678,0.07864892139266433,0.013989151539143617,0.03699368466433335,0.012353316626725126,0.09167438016178397,0.07052501057186661,8,27,0.004443950458494595,0.20756601731696125,True,True,True,7.661999067435923e-08,COMPLETE
1890,0.3213016927242279,2025-04-05 03:52:26.601916,2025-04-05 03:53:04.260902,0 days 00:00:37.658986,0.12917282637945848,0.44276460516912974,2,0.23441515103555693,0.07920163631056752,0.011068318036721793,0.032398176059495715,0.014695237441986937,0.09641008010799902,0.08358363404394399,8,31,0.005759617691297335,0.21635701921803985,False,False,True,1.0739250694202741e-07,COMPLETE
1891,0.38846651315689085,2025-04-05 03:53:04.873262,2025-04-05 03:53:20.924054,0 days 00:00:16.050792,0.0902651657295268,0.3340142065526836,16,0.2261151517723737,0.07350395175754504,0.014692375239826685,0.03639642433821945,0.010160986523138224,0.09307645608846375,0.06101004351674013,8,29,0.03305011254684692,0.19762584602003752,True,False,True,4.390322208720775e-08,COMPLETE
1892,0.4153601825237274,2025-04-05 03:53:21.556135,2025-04-05 03:54:05.502637,0 days 00:00:43.946502,0.15924344007836289,0.3648473926470852,2,0.25136901674212825,0.07151318329174126,0.0072913755349861605,0.028182464717762336,0.012581086287431285,0.08993481918613855,0.08407692973395542,10,37,0.003685975075093692,0.20470941400448797,True,False,True,9.600288103813513e-08,COMPLETE
1893,0.4326209902763367,2025-04-05 03:54:06.143380,2025-04-05 03:54:44.538143,0 days 00:00:38.394763,0.1100674788130256,0.40207554481544505,2,0.2400244180885487,0.0830096162930248,0.01235197265547378,0.03357109665395158,0.017743430672624596,0.09817191079708568,0.09968872023201464,8,35,0.0061868419610457154,0.21132343376899732,True,False,True,6.147955428542567e-08,COMPLETE
1894,0.3564727663993835,2025-04-05 03:54:45.150563,2025-04-05 03:55:36.546703,0 days 00:00:51.396140,0.0821733191137852,0.4790411913737918,2,0.23135041845940926,0.06934461081192882,0.015020655140875874,0.03576491422476702,0.00937608843492071,0.09442721333849534,0.05760725767540621,13,33,0.07725822851432304,0.19708445845812764,True,False,True,3.2434980052078444e-08,COMPLETE
1895,0.3490982711315155,2025-04-05 03:55:37.207933,2025-04-05 03:56:15.499770,0 days 00:00:38.291837,0.13786225803429994,0.3737948504798931,2,0.22507232920190717,0.08983786723670634,0.010798758492219455,0.034421148809634684,0.015433894442648928,0.08999744276304696,0.06784192237020857,8,38,0.00767966901509352,0.20181929987858904,True,False,True,7.720845466250723e-08,COMPLETE
1896,0.2918168842792511,2025-04-05 03:56:16.119980,2025-04-05 03:57:02.798316,0 days 00:00:46.678336,0.11510744531438331,0.4326807573807349,2,0.246676509218379,0.07655339906140099,0.013033624772556464,0.030838610456338674,0.011150151020314596,0.0962486879677912,0.07280523021647677,11,38,0.0033952315058260268,0.2191267184912582,True,False,True,4.955754018641032e-08,COMPLETE
1897,0.3447767734527588,2025-04-05 03:57:03.441202,2025-04-05 03:57:43.711833,0 days 00:00:40.270631,0.07958388160396193,0.4150240885225169,2,0.23861366037946868,0.07099517428382618,0.008942148050845568,0.03733727343887213,0.01380629277151382,0.09411462308653287,0.09879817457655815,9,31,0.00849331465515192,0.19680483444201308,True,False,True,6.152133686328672e-08,COMPLETE
1898,0.40431705117225647,2025-04-05 03:57:44.326054,2025-04-05 03:58:22.332600,0 days 00:00:38.006546,0.10418700423930277,0.3334691249138592,2,0.22530233381350212,0.07917471072204037,0.01511874156747514,0.037085903555292336,0.008957369172602637,0.09129613050285358,0.05488487457270246,8,24,0.0053825527285691595,0.20511537468237787,True,False,True,4.000492785615376e-08,COMPLETE
1899,0.3859573900699616,2025-04-05 03:58:22.966555,2025-04-05 03:59:03.553866,0 days 00:00:40.587311,0.13532748618584756,0.3489022355813196,2,0.23347724646823068,0.06938218918445009,0.012340089650226146,0.03377443096955139,0.01745373534231796,0.09747043252250458,0.08433027963540513,9,27,0.004105156658547647,0.19492119022561907,True,False,True,8.76129952441111e-08,COMPLETE
1900,0.2896264433860779,2025-04-05 03:59:04.199966,2025-04-05 03:59:42.500024,0 days 00:00:38.300058,0.0799733498922297,0.38433392410134987,2,0.2503283386550636,0.10047046762656806,0.014936534837631535,0.047902276600660744,0.011210934531969599,0.09286072621412801,0.07191208965089572,8,36,0.0032221406776313144,0.21095336594087727,True,False,True,1.0323265586183559e-07,COMPLETE
1901,0.4671188712120057,2025-04-05 03:59:43.116943,2025-04-05 04:00:21.353186,0 days 00:00:38.236243,0.10406895333131251,0.36258346000742814,2,0.24482218967800193,0.08215441392450216,0.009944678902068241,0.08241646773749825,0.014941513324296368,0.0898485490294776,0.060001716129917344,8,35,0.006299429406381961,0.1949419596638588,True,False,True,5.39828857666679e-08,COMPLETE
1902,0.3016684353351593,2025-04-05 04:00:21.988557,2025-04-05 04:01:05.442587,0 days 00:00:43.454030,0.1600146529021631,0.424625318679848,2,0.2385112789578586,0.08643670461925108,0.0136836883784173,0.03608672311180523,0.009203450536875303,0.09591110607440044,0.0863885765459618,10,30,0.00839233077120216,0.21588140936585082,True,False,True,3.3862338780824165e-08,COMPLETE
1903,0.4160239934921265,2025-04-05 04:01:06.057218,2025-04-05 04:01:47.276769,0 days 00:00:41.219551,0.12025876032145974,0.396374331100983,2,0.23178892614931423,0.06984085748530564,0.008236868451337892,0.032297633311064916,0.012894691411813685,0.09767143525177467,0.07067511215083985,9,39,0.003095680083459845,0.2011370911382449,True,False,True,7.212952337110634e-08,COMPLETE
1904,1.0,2025-04-05 04:01:47.912558,2025-04-05 04:02:26.715834,0 days 00:00:38.803276,0.08218149311899552,0.3361496834085303,2,0.22386258776817383,0.07507801682550225,0.011707530001021017,0.03760210496953717,0.010717444878801705,0.0917994806174833,0.055413614069771515,8,34,0.006108040137944273,0.20713983120328014,True,False,True,4.1485066821505537e-08,COMPLETE
1905,0.9923553586006164,2025-04-05 04:02:27.352628,2025-04-05 04:03:05.664169,0 days 00:00:38.311541,0.0722171495975932,0.3545017343715945,2,0.22270346402744037,0.06960475735028757,0.008408405787137262,0.09797751872359571,0.013133639004040965,0.09443746885493272,0.05347336569645615,8,33,0.008248489695465893,0.210258010911581,True,False,True,3.926412980896636e-08,COMPLETE
1906,0.4062333345413208,2025-04-05 04:03:06.278719,2025-04-05 04:03:44.417799,0 days 00:00:38.139080,0.07703036074447939,0.3859187528100068,2,0.22260954248578188,0.07376094512452305,0.007476906497123118,0.037553328402816055,0.014574786297139578,0.09966286377927433,0.04916086046924992,8,32,0.00917313891596322,0.21577861016320946,True,False,True,3.5783921393744525e-08,COMPLETE
1907,0.4278754711151123,2025-04-05 04:03:45.064861,2025-04-05 04:04:23.441723,0 days 00:00:38.376862,0.08448718630302127,0.3734642181020805,2,0.22470091731473352,0.06914024259893967,0.011199795429045789,0.03877977523796085,0.011315950639408028,0.09340508033963305,0.04868313363530846,8,29,0.006837426942411236,0.20858308562407063,True,False,True,4.2811508015784944e-08,COMPLETE
1908,0.29052439928054813,2025-04-05 04:04:24.061892,2025-04-05 04:05:02.675606,0 days 00:00:38.613714,0.09179587107108701,0.3737293373412498,2,0.22574879780462737,0.143523980684784,0.010962774553646429,0.038157115821188935,0.01785263361786079,0.09628524493132494,0.054577679526503095,8,32,0.008870942108619741,0.20983627068034413,True,True,True,2.8281514450738956e-08,COMPLETE
1909,0.4152546525001526,2025-04-05 04:05:03.317324,2025-04-05 04:05:43.578379,0 days 00:00:40.261055,0.0695501631030807,0.3594708738872625,2,0.22376053324315207,0.06773664131502183,0.006221193386886379,0.04649406534658807,0.016700126828095237,0.09226532013090033,0.05777721016815175,9,28,0.006290725919039364,0.21637481159519228,False,False,True,2.994161928609377e-08,COMPLETE
1910,0.2929697036743164,2025-04-05 04:05:44.202630,2025-04-05 04:06:25.101166,0 days 00:00:40.898536,0.0876755629958992,0.45334133704392715,2,0.22264461507324623,0.07405048668835512,0.008889682133857168,0.02817869650089567,0.012635875555156616,0.08963604349286211,0.0513622683418087,9,34,0.008777263607342276,0.20740362094467835,True,False,True,4.519000125435993e-08,COMPLETE
1911,0.34745275378227236,2025-04-05 04:06:25.757247,2025-04-05 04:07:03.954716,0 days 00:00:38.197469,0.0692530301622382,0.3404423398404185,2,0.22774466832495505,0.0689749500586629,0.011489421320562831,0.04678892430921248,0.010926335111520876,0.09803667011968539,0.06129726250512397,8,31,0.006852842088858101,0.2167657186089261,True,False,True,3.272599327835031e-08,COMPLETE
1912,0.35057361125946046,2025-04-05 04:07:04.581764,2025-04-05 04:07:20.542122,0 days 00:00:15.960358,0.08964215949418569,0.7522042222954812,16,0.22193083394942353,0.0756848903255849,0.0087691728380369,0.04841474078303055,0.0162985588710458,0.09490118092315973,0.04692258158577159,8,35,0.005754936967732065,0.20083409500832125,True,False,True,4.7354396224179785e-08,COMPLETE
1913,0.42215076684951786,2025-04-05 04:07:21.188490,2025-04-05 04:08:01.616299,0 days 00:00:40.427809,0.06380133677274206,0.4099339218940758,2,0.2290749553335476,0.06665602089308713,0.010543028106544665,0.038267928120291304,0.015035033025144494,0.09158251994332475,0.06256246868248035,9,29,0.008165320806440191,0.20687976874373892,True,False,True,5.1272912407818806e-08,COMPLETE
1914,0.41566633582115176,2025-04-05 04:08:02.233898,2025-04-05 04:08:41.217449,0 days 00:00:38.983551,0.09296815234232972,0.3302067403778504,2,0.22084416483842184,0.0765945459187287,0.01225645161469068,0.04503471555506299,0.013313407790619305,0.09593207168009935,0.09992107596259493,8,38,0.005487057893373405,0.2032438434191755,True,False,True,3.503104653128907e-08,COMPLETE
1915,0.9869817137718201,2025-04-05 04:08:41.860609,2025-04-05 04:09:20.564634,0 days 00:00:38.704025,0.06660111267380915,0.36573692982427114,2,0.23034415941755015,0.06708316708714167,0.00463882820780578,0.024870828349782593,0.011061662174220858,0.08923911070618883,0.06649283136719135,8,34,0.006789107733537492,0.2118998721417631,True,False,True,4.272851347167384e-08,COMPLETE
1916,0.401466304063797,2025-04-05 04:09:21.185804,2025-04-05 04:09:58.944345,0 days 00:00:37.758541,0.09278882219448202,0.3931088550100692,2,0.2214964342364236,0.08357129331620702,0.006345906600491425,0.09180716548761383,0.018120679414050947,0.09767162741955468,0.08364397164246,8,26,0.008392362233503849,0.20144236968195978,True,False,True,5.6561389107804915e-08,COMPLETE
1917,0.4286849319934845,2025-04-05 04:09:59.591970,2025-04-05 04:10:40.638766,0 days 00:00:41.046796,0.07449921425544065,0.3521341513422589,2,0.22884736661744426,0.0745319986026362,0.009706490715183955,0.034958949755011,0.009742815441661182,0.09363552113918794,0.0998140876469512,9,35,0.004854563533690782,0.21848305930845005,True,False,True,2.8593414272921476e-08,COMPLETE
1918,1.0,2025-04-05 04:10:41.270228,2025-04-05 04:11:22.279653,0 days 00:00:41.009425,0.10042956587713595,0.42109625355862845,2,0.23268265920716735,0.06923653358225491,0.012266821670103987,0.038318089077282125,0.014345490118113336,0.09153307174887186,0.055272359487930765,9,31,0.0048027871774880635,0.204089572830936,True,False,True,4.017994803260103e-08,COMPLETE
1919,0.2912095844745636,2025-04-05 04:11:22.926281,2025-04-05 04:12:06.777695,0 days 00:00:43.851414,0.11209296316716764,0.4350680783914423,2,0.23617941624423114,0.07148681833868518,0.010316385996896658,0.038515428514389584,0.01514808546496872,0.09076353074250446,0.04527257225135875,10,30,0.003025305175410799,0.20291592630082234,True,False,True,5.788856507700973e-08,COMPLETE
1920,0.40351974964141846,2025-04-05 04:12:07.411260,2025-04-05 04:12:47.892474,0 days 00:00:40.481214,0.09791247755731336,0.44830265676641556,2,0.24537254794381466,0.07822644665551341,0.012749824690685155,0.03704022188584945,0.014041290334585415,0.09226976720752784,0.044069862449584045,9,26,0.07457273196325903,0.2130061624718059,True,False,True,4.744535035334455e-08,COMPLETE
1921,0.33280041813850403,2025-04-05 04:12:48.541793,2025-04-05 04:13:32.223885,0 days 00:00:43.682092,0.11078130346050455,0.42289574872719216,2,0.23994332467595256,0.06937924155002198,0.006952955549272023,0.03704845204943469,0.01663067864756112,0.08892161850595381,0.04447293402476447,10,31,0.003904666803299846,0.2053089102795042,True,False,True,6.082782907371993e-08,COMPLETE
1922,0.29126975536346433,2025-04-05 04:13:32.851854,2025-04-05 04:14:13.566090,0 days 00:00:40.714236,0.10600880221579694,0.4073281002776211,2,0.2338240660016064,0.07987127728606602,0.01177712816343009,0.038925155897944916,0.013992519683949059,0.09132483871174177,0.05118481973175131,9,29,0.0049095166185793475,0.20816433185583982,True,False,True,4.210179068616842e-08,COMPLETE
