number,value,datetime_start,datetime_complete,duration,params_alpha-eval,params_alpha-train,params_batch-size,params_eps-eval,params_eps-train,params_lambda-actions-eval,params_lambda-actions-train,params_lambda-frames-eval,params_lambda-frames-train,params_learning-rate,params_n-epochs,params_n-frames,params_radius-gw,params_rho,params_std-feats,params_ub-actions,params_ub-frames,params_weight-decay,state
1080,0.40167726278305055,2025-04-24 10:45:11.494998,2025-04-24 10:46:16.255897,0 days 00:01:04.760899,0.4783353344350193,0.574934340975324,2,0.005986308537104903,0.015876834622578485,0.08226006075383344,0.04812197791651426,0.03357658388652189,0.05505409329503616,0.021601940406485286,18,10,0.013459918701951757,0.28717824072361653,True,True,False,7.88999109738477e-08,COMPLETE
1081,0.41546892523765566,2025-04-24 10:46:16.605551,2025-04-24 10:47:19.061430,0 days 00:01:02.455879,0.45755412584407656,0.5387988377990922,2,0.0006178910721664739,0.006368077001356188,0.07947296583232823,0.04993898674901953,0.024258203929655785,0.06036241605480292,0.048977337473684594,17,18,0.005183220649134018,0.1387665385067997,True,True,False,1.409941369887634e-07,COMPLETE
1082,0.29052439928054813,2025-04-24 10:47:19.410241,2025-04-24 10:48:26.662937,0 days 00:01:07.252696,0.2050931798983271,0.5993716760101853,2,0.012370063928721751,0.014088638395993256,0.08196609392835294,0.014418946631894736,0.030262933564050166,0.049829890966600926,0.03408656278854259,19,21,0.011662567666638701,0.12996146974496184,True,True,False,6.33040806996754e-08,COMPLETE
1083,0.47254335284233095,2025-04-24 10:48:27.014740,2025-04-24 10:49:34.200786,0 days 00:01:07.186046,0.13131061557929657,0.6280632632474442,2,0.01918975586489863,0.010567248725884564,0.08508461287913628,0.046397879252717565,0.034659594484220714,0.04638840296961383,0.026887415970151988,18,58,0.008734632350494438,0.15247386255480963,True,True,False,1.0013518289981283e-07,COMPLETE
1084,0.29052439928054813,2025-04-24 10:49:34.556718,2025-04-24 10:50:42.284027,0 days 00:01:07.727309,0.2486541211103494,0.5562339846778048,2,0.009663369859077394,0.00027974991670228107,0.07413533908768857,0.021157479907933954,0.028372446087263855,0.05266535010383312,0.04024132948261372,19,13,0.03194648197498659,0.14217301566773316,True,True,False,1.677430609333001e-07,COMPLETE
1085,0.40364187955856323,2025-04-24 10:50:42.638549,2025-04-24 10:51:50.626913,0 days 00:01:07.988364,0.18144613226736644,0.5778321756271196,2,0.00041443449752464646,0.016626931672981633,0.07224431519476503,0.05232042610786207,0.03194652000502218,0.056388567459360064,0.021881927405498162,19,16,0.0030756889485312154,0.13538683376554475,True,True,False,4.15292041743001e-07,COMPLETE
1086,0.4093091130256653,2025-04-24 10:51:50.965948,2025-04-24 10:52:17.374245,0 days 00:00:26.408297,0.49395376270084795,0.5271394262592904,8,0.006236457854903158,0.007529305514842686,0.08692657104851695,0.04410238231772562,0.03473376470511747,0.04079000380663991,0.06969444162578071,18,8,0.006304697564573937,0.12708549800227262,True,True,False,1.0787103745611284e-07,COMPLETE
1087,0.4017358124256134,2025-04-24 10:52:17.734738,2025-04-24 10:53:22.883559,0 days 00:01:05.148821,0.28879422669339766,0.5022360792264381,2,0.01625685812150496,0.0169049675544957,0.08381208330758913,0.048033541862164096,0.026031461341663436,0.0504014214058207,0.030656013132640984,18,23,0.014133357888371792,0.1332755313093426,True,True,False,1.49817976265108e-07,COMPLETE
1088,0.9609198808670044,2025-04-24 10:53:23.236001,2025-04-24 10:54:31.727043,0 days 00:01:08.491042,0.2265216986957475,0.608802344866047,2,0.02036977953566809,0.01098258930574545,0.08833743955758523,0.04968534252529099,0.03237079473635666,0.043511622590590965,0.025531770012960305,19,18,0.011176511627943291,0.14495473463203312,True,True,False,2.524513958869211e-07,COMPLETE
1089,0.601830267906189,2025-04-24 10:54:32.078669,2025-04-24 10:55:37.179833,0 days 00:01:05.101164,0.01602799448353262,0.5644050811434097,2,0.011938496140816456,0.0054359697446150455,0.08100950901654577,0.07036897032464486,0.029401399512299635,0.04769223373963248,0.0005325000113619099,17,111,0.004818144300087071,0.12667553941003448,True,True,False,1.5598761056935235e-07,COMPLETE
1090,0.3538504958152771,2025-04-24 10:55:37.531214,2025-04-24 10:56:43.225014,0 days 00:01:05.693800,0.26905762467764166,0.5912623202351533,2,0.00734095747705397,0.00013629299717423694,0.08571705322986156,0.061272651410116986,0.03109266667206313,0.05435948852426029,0.05856778278845888,18,21,0.009782279387660802,0.13661650320648278,True,True,False,8.770678826629004e-08,COMPLETE
1091,0.9779431104660035,2025-04-24 10:56:43.576093,2025-04-24 10:57:51.197190,0 days 00:01:07.621097,0.4691059185735434,0.6325255203340103,2,0.006588093400621392,0.020214844192463076,0.07816877414717781,0.04528860160239355,0.035078495729930964,0.05889547476402497,0.03382570706232591,19,14,0.00803643422138812,0.12464336567125775,True,True,False,2.64721201584575e-07,COMPLETE
1092,0.9218027949333192,2025-04-24 10:57:51.553481,2025-04-24 10:58:53.456636,0 days 00:01:01.903155,0.9099900860877351,0.5407876996455067,2,0.021784868709496037,0.012607945859812675,0.08364949706179625,0.05263969031432722,0.027272481449328895,0.04522884406422043,0.02037944392736408,17,10,0.01220092425650628,0.14749612386945565,True,True,False,1.806446830850941e-07,COMPLETE
1093,0.4140326201915741,2025-04-24 10:58:53.813023,2025-04-24 11:00:00.933351,0 days 00:01:07.120328,0.2525800998858886,0.6037179107149862,2,0.01192790630135766,0.007026024566644411,0.08765425076792402,0.05796045504617027,0.03334228713918726,0.0525098585280167,0.0003517091696356712,19,18,0.0029789775836770544,0.1300896938997188,False,True,False,1.1693312241115739e-07,COMPLETE
1094,0.6001690030097961,2025-04-24 11:00:01.291211,2025-04-24 11:01:06.815979,0 days 00:01:05.524768,0.22197375568940278,0.5147224953736738,2,0.0120172191181959,0.01843680408326287,0.08555132105703364,0.02906382502297472,0.030395301712639072,0.051768448987371006,0.04757257382928701,18,23,0.014629261968702161,0.1524899099145469,True,True,False,5.248796090964383e-07,COMPLETE
1095,0.37533378005027773,2025-04-24 11:01:07.173386,2025-04-24 11:02:15.294373,0 days 00:01:08.120987,0.2897076395770503,0.5505043249788761,2,0.005151659804382438,0.024630707912099432,0.09055274907351847,0.04615160572956423,0.034640955141112706,0.048635440672851374,0.03934705885394035,19,13,0.00692118071499233,0.1412428340345155,True,True,False,2.122156287727089e-07,COMPLETE
1096,1.0,2025-04-24 11:02:15.652699,2025-04-24 11:03:23.657248,0 days 00:01:08.004549,0.26413049541045924,0.5845981365552081,2,0.016579648479549736,0.012336306747725276,0.08217211494097265,0.048427831685033,0.0323705597762743,0.04235200346085567,0.028573560163396072,19,20,0.005213751895036395,0.1263168667450905,True,True,False,7.228998901424083e-08,COMPLETE
1097,0.35234212279319765,2025-04-24 11:03:23.998735,2025-04-24 11:04:31.862147,0 days 00:01:07.863412,0.295883405156962,0.5725480290731206,2,0.022696675667348423,0.02272685665008033,0.08280031211991254,0.050864855007516606,0.029439360226853086,0.0417348199387682,0.01841326175185053,19,16,0.003861565664241326,0.12701680489746034,True,True,False,6.107914844688404e-08,COMPLETE
1098,0.4160239934921265,2025-04-24 11:04:32.215978,2025-04-24 11:05:40.099403,0 days 00:01:07.883425,0.26718613733675356,0.5765420719713498,2,0.019253489398995266,0.01495845759636311,0.08135722162089622,0.05317808564859817,0.02807202451018304,0.03994411593635357,0.024000113780070144,19,18,0.004898318778463856,0.1320110252820731,True,True,False,8.892876438069657e-08,COMPLETE
1099,0.4176422357559204,2025-04-24 11:05:40.458318,2025-04-24 11:06:45.741382,0 days 00:01:05.283064,0.2768250505637228,0.5573058075836006,2,0.015819633752021896,0.029650677913249525,0.08187613844075785,0.049432283859438576,0.03219081347903617,0.05608306025243478,0.028338487477826708,18,15,0.0012414152927965466,0.12295116262919428,True,True,False,7.534518362473217e-08,COMPLETE
1100,0.40142450332641605,2025-04-24 11:06:46.096252,2025-04-24 11:07:51.533303,0 days 00:01:05.437051,0.8336373977468897,0.5814940657357862,2,0.0002937731215502991,0.018326169422249523,0.07984014810988262,0.05184025846853104,0.024512399049122346,0.04152167745790272,0.02173089264898586,18,20,0.003944164418039247,0.13621094913750312,True,True,False,7.13473313606809e-08,COMPLETE
1101,0.4160239934921265,2025-04-24 11:07:51.887454,2025-04-24 11:09:00.019144,0 days 00:01:08.131690,0.4590147566484444,0.4183508269484195,2,0.016602420782568975,0.012560916222016525,0.08422791731703923,0.055193661326097196,0.02609605944285772,0.03943219858400207,0.024901677047966003,19,18,0.003033791359571817,0.12745611023290715,True,True,False,4.4793372326453945e-08,COMPLETE
1102,0.4160239934921265,2025-04-24 11:09:00.373621,2025-04-24 11:10:08.076551,0 days 00:01:07.702930,0.5151598008385185,0.5355219863739658,2,0.024280227686633172,0.02468422290397184,0.08280179909628727,0.048334656344193795,0.030260020428399065,0.03822569930677952,0.018809517585108185,19,14,0.005573424859710961,0.12314281197829843,True,True,False,6.115253579013098e-08,COMPLETE
1103,0.3697950065135956,2025-04-24 11:10:08.432114,2025-04-24 11:10:57.735373,0 days 00:00:49.303259,0.2666469749026683,0.5742530591998906,2,0.010005771225847952,0.09784006153228782,0.08491271010636318,0.059397678483593654,0.03209157734911641,0.04321421686687403,0.0273261552296884,12,11,0.0027242747039935475,0.11904468453913454,True,True,False,1.0081441690398607e-07,COMPLETE
1104,0.6141760468482972,2025-04-24 11:10:58.094226,2025-04-24 11:12:03.877458,0 days 00:01:05.783232,0.29910521162741427,0.549082655604295,2,0.01589708500501997,0.018025712939634918,0.08074807933491962,0.04959546032204625,0.02740817889741477,0.041374219366129644,0.030063870711972772,18,20,0.005927563975610096,0.1320599407416478,True,True,False,5.944585223288275e-08,COMPLETE
1105,0.5534436225891114,2025-04-24 11:12:04.237271,2025-04-24 11:12:37.393863,0 days 00:00:33.156592,0.10396974747221506,0.5962160065707456,2,0.005106781504290529,0.03500442842068052,0.08700089279852771,0.007038665809082914,0.017481898982102388,0.054528479615707316,0.022474623212121875,6,16,0.0010224406871238716,0.1360401058950498,True,True,False,1.3275015135560504e-07,COMPLETE
1106,0.34735368490219115,2025-04-24 11:12:37.751994,2025-04-24 11:13:46.286156,0 days 00:01:08.534162,0.48634933130991564,0.5624863849734779,2,0.00015701577858927762,0.011032975605067974,0.08423657956666379,0.05082349388587962,0.03325308452040235,0.043258771565256746,0.017483059686238592,19,9,0.00470253681299367,0.11986300925875247,True,True,False,8.526134933175972e-08,COMPLETE
1107,0.4091372311115265,2025-04-24 11:13:46.645245,2025-04-24 11:14:13.287840,0 days 00:00:26.642595,0.4409356603481539,0.5263413808615702,8,0.022039723194967088,0.005728427853362747,0.08856805376439127,0.01667483334867765,0.023045620936508082,0.025739455884376677,0.0004422869841533918,19,20,0.007835287288954964,0.12683142945963521,True,True,False,1.340730264608833e-07,COMPLETE
1108,0.3940076649188996,2025-04-24 11:14:13.650986,2025-04-24 11:14:58.061552,0 days 00:00:44.410566,0.2562702270131007,0.5902376793624119,2,0.011194186263762899,0.02802474683619987,0.08249149292896617,0.047275778362027204,0.029107572839284092,0.05722293768085014,0.0006655602059937435,10,13,0.0027978799989881696,0.14080506827359002,True,True,False,7.566986928523327e-08,COMPLETE
1109,0.35002402663230897,2025-04-24 11:14:58.423956,2025-04-24 11:16:06.535179,0 days 00:01:08.111223,0.06428952175354795,0.5689371900907395,2,0.011758880051193495,0.02035834590329955,0.08689143486212511,0.05724983612613622,0.01928042088983903,0.03891070594219693,0.033110662155706044,19,16,0.00623545112312691,0.13073684923164286,True,True,False,2.017017034471558e-07,COMPLETE
1110,0.6131671786308289,2025-04-24 11:16:06.878316,2025-04-24 11:17:09.130135,0 days 00:01:02.251819,0.46775176785011835,0.5452765149966994,2,0.0197346694916228,0.013648937965828428,0.079403342038337,0.05275737536377711,0.03142071982002041,0.01007343843027762,0.0275085555929246,17,8,0.0609373306903931,0.11095957407356455,True,True,False,1.1109937067880564e-07,COMPLETE
1111,0.39222835898399355,2025-04-24 11:17:09.487536,2025-04-24 11:18:15.273778,0 days 00:01:05.786242,0.2869807922436369,0.847628213038659,2,0.007594156429615984,0.006497768988287422,0.08467457649856103,0.05491573168882862,0.03444450262716103,0.04091742225392899,0.08300833893884423,18,21,0.001083007899747255,0.12012946230815898,True,True,False,6.4110789324992e-08,COMPLETE
1112,0.6125227570533753,2025-04-24 11:18:15.635893,2025-04-24 11:19:20.847928,0 days 00:01:05.212035,0.5035227546316732,0.5073008942099935,2,0.015052722290180384,0.014537297502640281,0.08600610821068329,0.04392172747484764,0.014835919643149604,0.053279302631939585,0.02097726526811001,18,18,0.004079938321113008,0.12739811150454866,True,True,False,4.1944839319035364e-08,COMPLETE
1113,0.3543466329574585,2025-04-24 11:19:21.207136,2025-04-24 11:20:29.368047,0 days 00:01:08.160911,0.24368272928335416,0.6045388919299871,2,0.2862436422550096,0.02295886796293057,0.08962798592238545,0.04790405564953788,0.03006036310920628,0.011899525302464806,0.0001283231457976586,19,12,0.006981944957186329,0.13721151627308686,False,True,False,2.931324100751657e-07,COMPLETE
1114,0.3896799385547638,2025-04-24 11:20:29.728625,2025-04-24 11:21:38.878063,0 days 00:01:09.149438,0.2679334000619996,0.5601750082099451,2,0.2543551031372898,0.005596711937717982,0.08167599100947401,0.05062131467190747,0.03290468922892492,0.043813363473990216,0.036797349085622995,19,48,0.005554687702671738,0.11733995009565462,True,True,False,1.6210422861249428e-07,COMPLETE
1115,0.4154648244380951,2025-04-24 11:21:39.239156,2025-04-24 11:21:59.160175,0 days 00:00:19.921019,0.44717115714498173,0.5864581801041218,16,0.005027861681524252,0.011004444268689422,0.0839435543055992,0.048756724625174636,0.02553918663691903,0.05154171883141316,0.023829702365334653,17,23,0.007988061333804775,0.12412713761482562,True,True,False,1.1189013269786585e-07,COMPLETE
1116,0.41780762076377875,2025-04-24 11:21:59.519043,2025-04-24 11:22:46.252190,0 days 00:00:46.733147,0.47922067951979885,0.9432789342950014,2,0.0243523137542659,0.03458836027787192,0.08673896708065251,0.04606607551232188,0.03580052948544232,0.0544861424004732,0.016733441558124493,11,16,0.0027700903705361055,0.13158836305343574,True,True,False,5.5667923179174664e-08,COMPLETE
1117,0.37181581854820256,2025-04-24 11:22:46.611982,2025-04-24 11:23:51.950737,0 days 00:01:05.338755,0.23639426943540534,0.8101430255873219,2,0.006110840242777332,0.00019095713611035244,0.08881173867938773,0.04430608138563352,0.02801741597977203,0.050060485618536,0.03022311057950189,18,20,0.00935150169083713,0.22834100582092268,True,True,False,8.326703974379562e-08,COMPLETE
1118,0.9431109309196473,2025-04-24 11:23:52.313421,2025-04-24 11:24:59.603960,0 days 00:01:07.290539,0.16888991744127724,0.5360361268344732,2,0.016260403931760002,0.018055474915636437,0.08282016378701008,0.026773421031136422,0.06477539217614856,0.04188803936671779,0.041305081655433076,19,8,0.004466158417837561,0.1108596192108246,True,True,False,1.7468911104688694e-07,COMPLETE
1119,0.3911761701107025,2025-04-24 11:24:59.968905,2025-04-24 11:26:07.546979,0 days 00:01:07.578074,0.04827581767149958,0.61271542651681,2,0.009285438661369569,0.02658356302162747,0.09121222055326417,0.053918910370051976,0.03184472093520989,0.03736407905456689,0.04980925121484294,19,11,0.0011130389976428414,0.14245568262850353,True,True,False,9.502869220258513e-08,COMPLETE
1120,0.5530467748641968,2025-04-24 11:26:07.910748,2025-04-24 11:27:13.594835,0 days 00:01:05.684087,0.3005086410652487,0.5228464000739708,2,0.02556683855822654,0.0102619078926782,0.08562449543131576,0.018213347596776563,0.03547136092695686,0.05622391452510253,0.019139947831970462,18,17,0.014858191433720712,0.12279085068315283,True,True,False,1.296742250741799e-07,COMPLETE
1121,0.376460462808609,2025-04-24 11:27:13.957391,2025-04-24 11:28:23.543816,0 days 00:01:09.586425,0.28271025475298045,0.4813402441292752,2,0.27277227910873,0.019852549156830497,0.08019659515350991,0.0515223605819958,0.029976030998218946,0.04485043421251991,0.025785251678343935,20,23,0.005946556495450168,0.1154310021674249,True,True,False,8.121045397965539e-07,COMPLETE
1122,0.29052439928054813,2025-04-24 11:28:23.906259,2025-04-24 11:29:34.940468,0 days 00:01:11.034209,0.4574971160708643,0.5698326552317352,2,0.013495467648462212,0.005525914740188823,0.08797732639609106,0.024665138010172137,0.03412528483610359,0.05813225541121958,0.031664936910371186,20,42,0.038008347226509184,0.1342581616388266,True,True,False,3.462832191578632e-07,COMPLETE
1123,0.36215179562568667,2025-04-24 11:29:35.303816,2025-04-24 11:30:42.434311,0 days 00:01:07.130495,0.20791627169837956,0.579694074070402,2,0.005252155807472993,0.09066372467287936,0.08511548662561745,0.04754180481744293,0.032191629989025965,0.05168493517583491,0.03623154543167074,19,13,0.02665311173269006,0.1459216968372331,True,True,False,2.3823203891515366e-07,COMPLETE
1124,0.4160239934921265,2025-04-24 11:30:42.802109,2025-04-24 11:31:47.852409,0 days 00:01:05.050300,0.26763056912951183,0.552455290002634,2,0.019625449427680516,0.013932105995716657,0.09102625504282877,0.056385406035249115,0.027838947578571357,0.0532927486138932,0.01569837959489873,18,20,0.007909519708400106,0.12720786950010043,True,True,False,1.4211682678708451e-07,COMPLETE
1125,0.3984830141067505,2025-04-24 11:31:48.218302,2025-04-24 11:32:55.791876,0 days 00:01:07.573574,0.2513245106064751,0.6033084706697667,2,0.0009828672010243418,0.02401595675117799,0.0830162854129609,0.06413999272132001,0.02173520481707608,0.010481951348101115,0.02169518065273942,19,15,0.01276377037708147,0.11846055153240688,True,True,False,2.0116996285530826e-07,COMPLETE
1126,0.5803921341896058,2025-04-24 11:32:56.140771,2025-04-24 11:34:07.740191,0 days 00:01:11.599420,0.43527632879053,0.8787209244233354,2,0.01396860925437236,0.10740887072151058,0.08812204837284424,0.008127668885824824,0.03333756672247494,0.03971546689287798,0.06629516717287867,20,23,0.009520741398883955,0.13720542798348961,True,True,False,1.0026268767184216e-07,COMPLETE
1127,0.3908376216888428,2025-04-24 11:34:08.103152,2025-04-24 11:35:11.980597,0 days 00:01:03.877445,0.4880518892310164,0.5889954097895109,2,0.00805705404154872,0.00017434960524671805,0.08677422647880483,0.050030951963281854,0.036000325922545005,0.01306863320912121,0.02867300812595998,17,66,0.0036741027503953165,0.1117791999035988,True,True,False,5.056620311432218e-06,COMPLETE
1128,0.41613482236862187,2025-04-24 11:35:12.345161,2025-04-24 11:36:23.686207,0 days 00:01:11.341046,0.23954204057245948,0.5281261262076741,2,0.018680831575759792,0.009384843367489716,0.0812018130575576,0.04407364957794975,0.028898850575977433,0.046256660623303296,0.04622403841368933,20,18,0.0010418332452090603,0.13003878387363058,True,True,False,1.2319802433619367e-07,COMPLETE
1129,0.48494893908500675,2025-04-24 11:36:24.052092,2025-04-24 11:36:50.598043,0 days 00:00:26.545951,0.28322357321795333,0.5535058794642154,8,0.01260464654480705,0.03044011626433122,0.08424809184654447,0.030249736262466687,0.030962160712888948,0.05058502636329812,0.023770588411579814,18,38,0.011101709657627929,0.12262078969158495,True,True,False,7.049016239052374e-08,COMPLETE
1130,0.4083864092826843,2025-04-24 11:36:50.963209,2025-04-24 11:38:01.618200,0 days 00:01:10.654991,0.21773160946363396,0.6203482944516722,2,0.00034135929158319884,0.01725720805334317,0.0896718768795466,0.04659495255442091,0.0361604802207391,0.04336252778605427,0.03791315797524952,20,10,0.006822984144162607,0.12552942308150597,True,True,False,4.4398892036290774e-08,COMPLETE
1131,0.4066028892993927,2025-04-24 11:38:01.984266,2025-04-24 11:39:10.046230,0 days 00:01:08.061964,0.45983856234635495,0.501446256430114,2,0.0066477782528003865,0.013969627572590142,0.07856626913045887,0.05334314913003824,0.024019023175085266,0.054545522774882324,0.019116442996875992,19,20,0.015684433441754422,0.11573171173243121,False,True,False,1.7397501269318562e-07,COMPLETE
1132,0.38187491893768316,2025-04-24 11:39:10.410499,2025-04-24 11:40:12.851786,0 days 00:01:02.441287,0.5226362050903023,0.5721868806412319,2,0.01920210293676388,0.006176858310985337,0.085966177513484,0.07424765448281023,0.015778609175662005,0.04819632970529641,0.0005282810423219649,17,13,0.013456311807829592,0.14055451148852674,True,True,False,4.406228408708258e-07,COMPLETE
1133,0.38896476030349736,2025-04-24 11:40:13.217924,2025-04-24 11:41:18.112372,0 days 00:01:04.894448,0.30561382590153796,0.59710495896643,2,0.00040377336571312174,0.021373660197917754,0.09173920080424414,0.048908283486058565,0.03325789843096691,0.05959675573973672,0.055021178255641706,18,8,0.004618138313216986,0.1100933664533231,True,True,False,6.465064685177172e-07,COMPLETE
1134,0.41866987347602846,2025-04-24 11:41:18.476837,2025-04-24 11:42:29.153232,0 days 00:01:10.676395,0.26283260185475404,0.5417223253388296,2,0.02474076565099853,0.01017508677267595,0.0832820049359124,0.05894922971679298,0.030651989529788475,0.05265052372092804,0.03097831689839721,20,16,0.008912396027557248,0.13029794333540046,True,True,False,2.3224089977556547e-07,COMPLETE
1135,0.34957900643348694,2025-04-24 11:42:29.517570,2025-04-24 11:43:37.275410,0 days 00:01:07.757840,0.4446186255089515,0.5638014978510524,2,0.01002219520163482,0.027942127488723434,0.08865324498590064,0.051505875651114336,0.012342581798970586,0.048881361797987695,0.025708665861574234,19,22,0.011492908751603345,0.14657476119711924,True,True,False,1.5072074743317937e-07,COMPLETE
1136,0.5536287784576417,2025-04-24 11:43:37.641779,2025-04-24 11:44:29.356395,0 days 00:00:51.714616,0.23305415033687857,0.6208339148784779,2,0.00024989629812857423,0.016464306270808873,0.08624314983838371,0.020763133653457676,0.019144923720195394,0.04100488649495035,0.04400268934785252,13,18,0.0066155991896716705,0.12141313306691222,True,True,False,2.856930003089312e-07,COMPLETE
