number,value,datetime_start,datetime_complete,duration,params_alpha-eval,params_alpha-train,params_batch-size,params_eps-eval,params_eps-train,params_lambda-actions-eval,params_lambda-actions-train,params_lambda-frames-eval,params_lambda-frames-train,params_learning-rate,params_n-epochs,params_n-frames,params_radius-gw,params_rho,params_std-feats,params_ub-actions,params_ub-frames,params_weight-decay,state
281,0.6759037256240845,2025-04-04 05:19:31.400261,2025-04-04 05:20:12.177730,0 days 00:00:40.777469,0.2889671659775648,0.09252599565290519,8,0.07466671921938678,0.07814313268401937,0.0931175650512244,0.023769424380887375,0.05100183876702137,0.01792495355549433,0.00011160888918356008,30,86,0.016102831288781226,0.15483353062514935,True,False,False,4.394107005122865e-05,COMPLETE
282,0.3709949254989624,2025-04-04 05:20:12.266019,2025-04-04 05:20:53.430947,0 days 00:00:41.164928,0.3283453503948373,0.9200881261411809,8,0.10601208431973604,0.07107806826528065,0.09106923525910197,0.019682428604230397,0.048007609692652074,0.020818737532266412,0.000208539373526375,30,91,0.010113753894155655,0.1721253037733993,True,False,False,3.4625322022969245e-05,COMPLETE
283,0.6768193244934082,2025-04-04 05:20:53.519867,2025-04-04 05:21:33.112174,0 days 00:00:39.592307,0.3075265664857205,0.06865454832356713,8,0.09423109177526169,0.08043512817478829,0.09356175865215663,0.022648227925796877,0.045862756912245194,0.02662511174397472,7.397141119537914e-05,29,81,0.014001023076154083,0.15998901216117478,True,False,False,2.5187594588175226e-05,COMPLETE
284,0.3969694793224335,2025-04-04 05:21:33.213365,2025-04-04 05:22:13.774299,0 days 00:00:40.560934,0.2762188550910397,0.12371494977042344,8,0.07957259153349427,0.07427976142999922,0.08900383880747852,0.020621938309795564,0.049852847311282124,0.016261800701769823,5.2090240597261506e-05,30,87,0.012054582422623696,0.16396268527312652,True,False,False,1.1075935724326277e-05,COMPLETE
285,0.6779055953025819,2025-04-04 05:22:13.864126,2025-04-04 05:22:53.797407,0 days 00:00:39.933281,0.24158365416559344,0.09824994019401825,8,0.08504909268963365,0.06585755878427815,0.09120902457216921,0.018525401055983697,0.05209700149143837,0.02300912818853953,8.789382004000539e-05,29,91,0.015813352315870697,0.14736302190533934,True,False,False,4.430594364280537e-05,COMPLETE
286,0.677792239189148,2025-04-04 05:22:53.888440,2025-04-04 05:23:33.543346,0 days 00:00:39.654906,0.2373707764891817,0.08151956737724078,8,0.08681434029661309,0.06651860764783066,0.0912625674593864,0.018746969927665995,0.053690194378819646,0.023134636328714285,8.542956489589684e-05,29,83,0.015636467918275297,0.1457957873176845,True,False,False,4.361052761715743e-05,COMPLETE
287,0.6775858879089356,2025-04-04 05:23:33.635250,2025-04-04 05:24:14.608453,0 days 00:00:40.973203,0.24626305033453516,0.07769356769841262,8,0.08671877814122252,0.06657980609379724,0.09426463728543663,0.019282357985122425,0.05310453866107438,0.023338826473963736,8.519362201586954e-05,30,85,0.014802051198227865,0.14585462827125723,True,False,False,4.318888966528837e-05,COMPLETE
288,0.39991415143013004,2025-04-04 05:24:14.708938,2025-04-04 05:24:53.303102,0 days 00:00:38.594164,0.24560313767986627,0.0664575534863095,8,0.08793675444341664,0.06527564729824768,0.09435043564732025,0.018854362128965903,0.053082575814987376,0.022406029430721796,8.239178940710128e-05,30,82,0.013752951424886018,0.14824989092604882,False,False,False,3.345525670626398e-05,COMPLETE
289,0.4750867009162903,2025-04-04 05:24:53.394643,2025-04-04 05:25:34.284387,0 days 00:00:40.889744,0.3515729410248314,0.08514864049725826,8,0.08422610294489603,0.06709094416121358,0.09168135366293492,0.02175550471756728,0.054585299049915895,0.019446798729953613,0.00010377838809628644,30,83,0.009747491078872152,0.14630550540592835,True,False,False,4.188759248439084e-05,COMPLETE
290,0.6771634340286256,2025-04-04 05:25:34.376657,2025-04-04 05:26:13.995698,0 days 00:00:39.619041,0.2906941351270727,0.06962639926328526,8,0.09191986882974545,0.06605532827821221,0.09226022811806599,0.025973920727960995,0.05182683799866824,0.01292737957536247,6.437304271269174e-05,29,85,0.015352117836661749,0.1692071197436677,True,False,False,2.069176442495503e-05,COMPLETE
291,0.39330241084098816,2025-04-04 05:26:14.086892,2025-04-04 05:26:54.718693,0 days 00:00:40.631801,0.24469334549187785,0.09636372532391445,8,0.0844606161100086,0.07172359373629013,0.09451609887876722,0.019839959609606536,0.05756662250410016,0.02294380878322199,8.689958207824827e-05,30,87,0.01245325206081328,0.1756117625525252,True,False,False,3.283377433213636e-05,COMPLETE
292,0.6774864077568055,2025-04-04 05:26:54.811727,2025-04-04 05:27:34.129903,0 days 00:00:39.318176,0.2621374945539776,0.08389291439954848,8,0.0969654918466637,0.07352740576790645,0.09079262775589575,0.02327380593872328,0.05269007785730524,0.01733602158251675,6.419575200711159e-05,29,79,0.014968772946881696,0.14577328442492088,True,False,False,2.7133167739215807e-05,COMPLETE
293,0.6765143394470214,2025-04-04 05:27:34.233856,2025-04-04 05:28:13.549178,0 days 00:00:39.315322,0.2608048801073913,0.06397264318215315,8,0.08060535486856663,0.0696774885722348,0.08809192455167542,0.016752480690473488,0.05336170088224714,0.0105983087502805,6.357352283982181e-05,29,76,0.015744089493787566,0.14593157964092013,True,False,False,4.3818879306476426e-05,COMPLETE
294,0.42278052568435676,2025-04-04 05:28:13.641157,2025-04-04 05:28:53.699650,0 days 00:00:40.058493,0.2373507992825465,0.09865960420055153,8,0.1019278054158123,0.06584565855699274,0.09446053785313903,0.02344244437314067,0.04904284946767137,0.02058037365765595,7.510700289790603e-05,29,79,0.011606860560315896,0.161431628808036,True,False,False,2.8704340140393124e-05,COMPLETE
295,0.6779465675354005,2025-04-04 05:28:53.792588,2025-04-04 05:29:34.162629,0 days 00:00:40.370041,0.2602202601120684,0.08158494944244431,8,0.08830147453894713,0.07439372273286227,0.09033821732322452,0.019179668860254455,0.04648937675283724,0.018176499040222522,5.5240679744981324e-05,30,83,0.015168529325531213,0.1658993011739464,True,False,False,3.817981703309562e-05,COMPLETE
296,0.6773205876350403,2025-04-04 05:29:34.256686,2025-04-04 05:30:13.794110,0 days 00:00:39.537424,0.2679855561375927,0.0742063075804276,8,0.0783124726136894,0.06335878762375434,0.091220252962509,0.019024916279496498,0.05505947043740312,0.02307832626177597,5.560107331247224e-05,29,80,0.016105488199437037,0.16582011578426017,True,False,False,4.368921443247584e-05,COMPLETE
297,0.6774778962135315,2025-04-04 05:30:13.887340,2025-04-04 05:30:53.493197,0 days 00:00:39.605857,0.30879689746356254,0.06266915395327732,8,0.0966748818411528,0.07271744100120255,0.0928477681465384,0.01692022096078771,0.047794075049442726,0.01843709905168508,6.378486888605935e-05,29,84,0.01569976587876139,0.174594417532797,True,False,False,4.654027014464793e-06,COMPLETE
298,0.6774864077568055,2025-04-04 05:30:53.596796,2025-04-04 05:31:34.036292,0 days 00:00:40.439496,0.2758702119922628,0.08011708564060024,8,0.08836185739229019,0.07115627079925503,0.09002197989330894,0.019327931520871165,0.052377130898166875,0.017272731085323494,5.355228657860239e-05,30,82,0.012404717485509581,0.16011756124407056,True,False,False,1.627690798265341e-05,COMPLETE
299,0.41366525888442995,2025-04-04 05:31:34.129908,2025-04-04 05:32:14.830764,0 days 00:00:40.700856,0.25920170736105214,0.10085305306853978,8,0.08221014346415505,0.07655910743670112,0.09480572001178568,0.016778213333557983,0.04940419852790464,0.02696384191269567,9.78467805264281e-05,30,78,0.009236318512750412,0.1854529858496418,True,False,False,4.063677570181595e-05,COMPLETE
300,0.6776384592056275,2025-04-04 05:32:14.926462,2025-04-04 05:32:54.890965,0 days 00:00:39.964503,0.23386410090675336,0.05920426612401264,8,0.07298505086839838,0.06502296720106097,0.0907653261505857,0.020487473979796115,0.04532079740422037,0.014624356509913354,6.841154386446294e-05,29,84,0.016358845752970922,0.15220617167647393,True,False,False,3.337524174034341e-05,COMPLETE
301,0.6777402043342591,2025-04-04 05:32:54.986068,2025-04-04 05:33:36.146724,0 days 00:00:41.160656,0.2882873338705577,0.06404456128511328,8,0.07311691579520861,0.06355976900606301,0.08797838810357504,0.018421625459124933,0.04528598434327638,0.014030043241605531,0.00011326655977860061,30,91,0.016243987599308837,0.17037861794010237,True,False,False,3.6658608135969276e-05,COMPLETE
302,0.6785466432571412,2025-04-04 05:33:36.242188,2025-04-04 05:34:16.071348,0 days 00:00:39.829160,0.29434432855708764,0.0299003897225383,8,0.07570270467806099,0.06489487724393261,0.08781048516638548,0.0172324897051048,0.04506324881486426,0.01489016400901268,0.00011044338118617231,29,91,0.01655626194908776,0.17014249662701617,True,False,False,3.4741976556151284e-05,COMPLETE
303,0.6784290552139283,2025-04-04 05:34:16.175957,2025-04-04 05:34:56.913328,0 days 00:00:40.737371,0.29672063892467704,0.059235791405508796,8,0.07620934030820761,0.07976757734799936,0.0874672693425606,0.01683969312423135,0.045191566492057855,0.010618807471064123,0.00011998013865564552,30,91,0.016534054897743858,0.1692930949000725,True,False,False,3.483107772648539e-05,COMPLETE
304,0.6790287017822266,2025-04-04 05:34:57.009258,2025-04-04 05:35:36.205502,0 days 00:00:39.196244,0.33670626046226315,0.02520303490953807,8,0.0727477150622952,0.06299220878786141,0.08811014237726164,0.01673479271042251,0.04506701300096477,0.009245776771015752,0.0001172471236234373,28,92,0.012831056263090581,0.1797690971505854,True,False,False,5.1066027197294135e-05,COMPLETE
305,0.6789144158363343,2025-04-04 05:35:36.301355,2025-04-04 05:36:15.204879,0 days 00:00:38.903524,0.3221285151065062,0.021119983580617126,8,0.07101010524455248,0.06328977849657931,0.0878388789685606,0.015834811959114486,0.04521247387179979,0.011583973213295386,0.00010827778465246572,28,91,0.012179174287921826,0.18010885423423767,True,False,False,4.918100952739147e-05,COMPLETE
306,0.6780149340629578,2025-04-04 05:36:15.302486,2025-04-04 05:36:54.576488,0 days 00:00:39.274002,0.33328800681584286,0.028031035261652064,8,0.07169131067665274,0.06234060471380019,0.08708732585986191,0.016475259953898164,0.04545113276157293,0.005993531867053431,0.00012267131334038533,28,92,0.01187110766795782,0.17746305556448977,True,False,False,5.354147242260407e-05,COMPLETE
307,0.46538150310516363,2025-04-04 05:36:54.683381,2025-04-04 05:37:33.956438,0 days 00:00:39.273057,0.33840896000034093,0.015546688550878285,8,0.0724957538676315,0.06327024931358108,0.08733561866208558,0.0160926938582279,0.04686272521105281,0.008170615992349518,0.00015242528361202647,28,92,0.011142903612880518,0.18919942165510492,True,False,False,4.9279739433474635e-05,COMPLETE
308,0.3940866947174072,2025-04-04 05:37:34.054974,2025-04-04 05:38:11.753323,0 days 00:00:37.698349,0.3276044059766528,0.027923369950360988,8,0.07330049581190697,0.061624000465746745,0.08798897678363375,0.01663711371661085,0.044719453765979196,0.005755051688838478,0.00012078808951177913,28,88,0.008436780879046571,0.1806695711121268,False,False,False,4.995608142080887e-05,COMPLETE
309,0.43328737616539004,2025-04-04 05:38:11.849858,2025-04-04 05:38:51.198895,0 days 00:00:39.349037,0.3571935540706715,0.013835303145189904,8,0.18084704569415655,0.06972723213046932,0.04918034751356303,0.01578028517919582,0.04746798052663518,0.007513399364974617,0.00016922112902659702,28,95,0.01215465900733578,0.19725499886191705,True,False,False,8.643573280119121e-06,COMPLETE
310,0.5030864477157593,2025-04-04 05:38:51.296653,2025-04-04 05:39:31.193028,0 days 00:00:39.896375,0.31160356062492317,0.027683844353655833,8,0.0771018589970634,0.06923912318166887,0.08739260319823228,0.018220033580448058,0.044302230568093445,0.0038690404419925986,0.0001086420737488242,29,92,0.009823739600615838,0.17887991787539695,True,False,False,5.17560538353423e-05,COMPLETE
311,0.4188930749893189,2025-04-04 05:39:31.290762,2025-04-04 05:40:09.879853,0 days 00:00:38.589091,0.3159335272637473,0.03298564098336899,8,0.08189517659937995,0.09186431585349435,0.09238840912466587,0.020344892457908485,0.04709462430015471,0.010129001479178269,0.00013264952922377842,28,87,0.012976628652134678,0.1712209092137466,True,False,False,3.718235495190466e-05,COMPLETE
312,0.36332922577857973,2025-04-04 05:40:09.986649,2025-04-04 05:40:50.036553,0 days 00:00:40.049904,0.33603148736724503,0.012408974437050795,8,0.0728437509671018,0.2670011101242211,0.09246801826103028,0.017325081286324595,0.045281383188945284,0.010387975676714609,0.00010432650667365361,29,91,0.013269935672157479,0.16842325341215897,True,False,False,4.662820820248701e-05,COMPLETE
313,0.6768428802490234,2025-04-04 05:40:50.135241,2025-04-04 05:41:29.686437,0 days 00:00:39.551196,0.29699447301917614,0.05297501102586595,8,0.06957348640673017,0.061856906636125704,0.08851635234743982,0.015728564324286765,0.04832850844942827,0.020494084532426016,0.00021385644088366896,29,95,0.011203909587571536,0.17546720926066145,True,False,False,2.800165021429422e-05,COMPLETE
314,0.6781755447387695,2025-04-04 05:41:29.785487,2025-04-04 05:42:08.867273,0 days 00:00:39.081786,0.2875994365625312,0.039499839396636885,8,0.0784964165840966,0.07349708939928244,0.0870645349837744,0.02021708419900805,0.05050236841999223,0.018793033205207036,9.576549858379571e-05,28,88,0.013806265423761026,0.1840149244593586,True,False,False,3.768799963202766e-05,COMPLETE
315,0.6789132475852967,2025-04-04 05:42:08.967137,2025-04-04 05:42:48.047924,0 days 00:00:39.080787,0.30277582926090074,0.026196091017428404,8,0.08334065168107138,0.06954408382897503,0.08733137394276021,0.020647403905377865,0.04371071575412065,0.015471337724324664,7.972361048887001e-05,28,88,0.012855204959987172,0.1897732458389321,True,False,False,4.7263393752687585e-05,COMPLETE
316,0.4874244809150696,2025-04-04 05:42:48.157586,2025-04-04 05:43:27.399967,0 days 00:00:39.242381,0.30359805011412133,0.030990771031588198,8,0.082821400790744,0.07234635260338605,0.08750260869132102,0.020752278715461533,0.044031863395414435,0.016410045930902586,0.00013781401120764426,28,88,0.009526228499629492,0.19294138314813172,True,False,False,3.623144965331135e-05,COMPLETE
317,0.6763541221618652,2025-04-04 05:43:27.500035,2025-04-04 05:44:06.190006,0 days 00:00:38.689971,0.3287312970169477,0.026915422530154654,8,0.28373159537690373,0.08098850271974362,0.08632527497657991,0.017337283339546795,0.04660500892997088,0.011826263776435973,7.564466098061072e-05,28,93,0.012245171673273582,0.18054122152628987,True,False,False,5.027874445526564e-05,COMPLETE
318,0.6774681568145753,2025-04-04 05:44:06.291781,2025-04-04 05:44:45.106685,0 days 00:00:38.814904,0.28467581527362196,0.04781707361144524,8,0.11453900533122768,0.07376057848195054,0.08867678615850096,0.021300700461830524,0.04417533658175599,0.01842518540172401,0.00011632389823295483,28,88,0.01325231052244157,0.186840951716342,True,False,False,3.2007894657620455e-05,COMPLETE
319,0.42448896765708927,2025-04-04 05:44:45.206647,2025-04-04 05:45:25.449113,0 days 00:00:40.242466,0.31137874205204485,0.01120908210301027,8,0.06919578862439797,0.06301702095432132,0.04333926533783662,0.014645098184417808,0.047756296551217624,0.014740747750429797,5.562489206942046e-05,29,92,0.011013216657118912,0.2079458960890218,True,False,False,2.3016295552934737e-05,COMPLETE
320,0.6785027980804443,2025-04-04 05:45:25.560926,2025-04-04 05:46:05.360572,0 days 00:00:39.799646,0.356867017262419,0.03191222949559704,8,0.07685693109908774,0.06927595672612501,0.08663814947202468,0.019661625401220816,0.046524617977460485,0.02116851621561405,7.483319526924757e-05,29,96,0.01733220201209277,0.16558107081692797,True,False,False,5.368931770352755e-05,COMPLETE
321,0.45742247700691224,2025-04-04 05:46:05.461919,2025-04-04 05:46:44.789483,0 days 00:00:39.327564,0.3472728237416501,0.0368604529842091,8,0.14420661029246185,0.06918726209962825,0.08679789512427491,0.017894923974955224,0.046019098044298594,0.021468043015124602,7.674758697672955e-05,28,93,0.008986688250160482,0.16483014205735488,True,False,False,5.8302542977709526e-05,COMPLETE
322,0.4341402590274811,2025-04-04 05:46:44.890794,2025-04-04 05:47:24.783602,0 days 00:00:39.892808,0.32339813485625435,0.026689295130829876,8,0.08993595027114194,0.058704906473500226,0.08949364410578461,0.019805529010928795,0.04315283735420661,0.00853346656367837,0.00010229177692757966,29,96,0.017580009445111445,0.18314722292356275,True,False,False,3.933702292157892e-05,COMPLETE
323,0.3840729832649231,2025-04-04 05:47:24.885132,2025-04-04 05:48:04.997540,0 days 00:00:40.112408,0.35608053964074493,0.05176973736221802,8,0.0715217255920623,0.07470419221132915,0.0868683744884275,0.015346284926866537,0.04541448386786917,0.02464297033349208,0.00018220444147236593,29,96,0.0770137009350926,0.19141175964156149,True,False,False,5.2070504758671995e-05,COMPLETE
324,0.6782720208168029,2025-04-04 05:48:05.100941,2025-04-04 05:48:43.801977,0 days 00:00:38.701036,0.29539707013532446,0.024462184139079083,8,0.07657579047404832,0.06829617320103246,0.08845441041743637,0.01742557512037989,0.04848800096837057,0.01518635642256104,8.757756216316054e-05,28,87,0.013794867921030844,0.17681357454332444,True,False,False,3.481783195364126e-05,COMPLETE
325,0.41358972191810606,2025-04-04 05:48:43.913559,2025-04-04 05:49:23.193603,0 days 00:00:39.280044,0.2934920457176292,0.012306978915643618,8,0.07662686600751735,0.0916955618623892,0.08690085716590479,0.016612376533696266,0.04323594065384715,0.015354148397888803,0.0001226585055036756,28,86,0.013272279982942574,0.17719958573173272,True,False,False,3.161137000131463e-05,COMPLETE
326,0.6773690938949586,2025-04-04 05:49:23.296995,2025-04-04 05:50:01.995930,0 days 00:00:38.698935,0.30344186574651993,0.03394906432623089,8,0.07017999602656542,0.0709356096730975,0.08874757989993201,0.014226563418946124,0.0488479417103397,0.010791777809102805,7.289840356790771e-05,28,87,0.011514480185389062,0.1655860186016613,True,False,False,3.585256075440634e-05,COMPLETE
327,0.6777049660682678,2025-04-04 05:50:02.099070,2025-04-04 05:50:43.026865,0 days 00:00:40.927795,0.3406992712830988,0.03548177124947929,8,0.0930990342531603,0.08009270920583042,0.08582853182090633,0.02584419014492934,0.04709590972513678,0.006286552111791412,9.24941608165853e-05,30,88,0.013839442903819717,0.17250988094154696,True,False,False,1.9278019540196183e-05,COMPLETE
328,0.40854313373565676,2025-04-04 05:50:43.130038,2025-04-04 05:51:21.718722,0 days 00:00:38.588684,0.281632429922786,0.05774392317205508,8,0.07934541284973867,0.05915739938514407,0.08920059728108642,0.020121057317499018,0.04571239667298067,0.013470685422260638,7.304592510127487e-05,29,84,0.014472386711807223,0.16368909175670174,False,False,False,5.585878081058598e-05,COMPLETE
329,0.37754778265953065,2025-04-04 05:51:21.832466,2025-04-04 05:51:59.194013,0 days 00:00:37.361547,0.3873095164672583,0.04476496870752179,8,0.07465444622437799,0.07571903395585457,0.08761949287047738,0.016656498909084713,0.047723839524676966,0.016900765011771762,5.1272375834679425e-05,28,33,0.01739371324473267,0.1824691744112224,True,False,False,3.915058639293491e-05,COMPLETE
330,0.4973324179649353,2025-04-04 05:51:59.297552,2025-04-04 05:52:40.661889,0 days 00:00:41.364337,0.30711299163621275,0.011283625300471861,8,0.08418326725343901,0.06794258890213972,0.09300930622711198,0.01826594501146833,0.0433593295183582,0.020791280826498375,0.00013886390144798207,30,94,0.008187741195491677,0.16885791524396662,True,False,False,2.878284678268766e-05,COMPLETE
331,0.468330055475235,2025-04-04 05:52:40.766197,2025-04-04 05:53:20.817395,0 days 00:00:40.051198,0.32291539624168464,0.032662255881736595,8,0.06908967084312721,0.083323758675628,0.08969851967896239,0.020490376005680513,0.049387953872850714,0.017549895236833653,0.00010285723497931928,29,89,0.01109832733784932,0.20064983914721443,True,False,False,4.866963121994034e-05,COMPLETE
332,0.4062692761421204,2025-04-04 05:53:20.922440,2025-04-04 05:55:12.786971,0 days 00:01:51.864531,0.3695525730162018,0.04695081782811584,2,0.09081589308243146,0.07585235493781955,0.08587784953337989,0.014544114746467267,0.045313881724051375,0.01530854874847651,7.937249614914564e-05,29,97,0.014695461872284479,0.1756049461221635,True,False,False,2.527758829540169e-05,COMPLETE
333,0.6764941096305848,2025-04-04 05:55:12.902364,2025-04-04 05:55:53.926241,0 days 00:00:41.023877,0.2896950420845072,0.053992834126260304,8,0.0769073914629017,0.06275560108605949,0.08907756202872215,0.017166598933724565,0.04249745422747405,0.0038475574605547503,0.00011462208142180729,30,86,0.017773222646159915,0.16121842571173503,True,False,False,3.710304231072089e-05,COMPLETE
334,0.41561809778213504,2025-04-04 05:55:54.031366,2025-04-04 05:56:34.783549,0 days 00:00:40.752183,0.28114113178405586,0.02724135690040266,8,0.08149638165476235,0.07076771652270158,0.09498713169442596,0.01945552262438381,0.04762800318093414,0.018913522904049834,6.55761819628471e-05,30,91,0.08630675221052611,0.16714349742810883,True,False,False,5.406167738334384e-05,COMPLETE
335,0.39039645791053773,2025-04-04 05:56:34.888908,2025-04-04 05:57:14.178372,0 days 00:00:39.289464,0.30660295232387763,0.055168258338640905,8,0.0748363293867682,0.09018596287513915,0.09286327575792822,0.02351106551241486,0.05043247576083878,0.021328477282524915,8.938374442674813e-05,28,93,0.013276598726144123,0.18873924940839196,True,False,False,1.9312338803161034e-05,COMPLETE
336,0.3466292500495911,2025-04-04 05:57:14.284393,2025-04-04 05:57:54.234363,0 days 00:00:39.949970,0.33302160635240796,0.8024668145280218,8,0.0835313702613238,0.08044321975736866,0.08560591228467337,0.020908868648408442,0.044746076272833425,0.00914720944799088,5.152904891024729e-05,29,89,0.016541407887448754,0.1806124210085289,True,False,False,3.1572964023492695e-05,COMPLETE
