number,value,datetime_start,datetime_complete,duration,params_alpha-eval,params_alpha-train,params_batch-size,params_eps-eval,params_eps-train,params_lambda-actions-eval,params_lambda-actions-train,params_lambda-frames-eval,params_lambda-frames-train,params_learning-rate,params_n-epochs,params_n-frames,params_radius-gw,params_rho,params_std-feats,params_ub-actions,params_ub-frames,params_weight-decay,state
455,0.6131342172622681,2025-04-23 20:47:14.836617,2025-04-23 20:47:37.198380,0 days 00:00:22.361763,0.43941630783465013,0.5953878335056106,16,0.07610547822250326,0.01135407518476209,0.08531640134865254,0.03571852123014723,0.09567462346569808,0.07037872682910393,0.04621529683150216,22,55,0.004611244245047557,0.16747342940693766,True,False,True,0.00016083107842082455,COMPLETE
456,0.5303879022598267,2025-04-23 20:47:37.341020,2025-04-23 20:48:58.512181,0 days 00:01:21.171161,0.3559210838341426,0.5604345692416639,2,0.057349484778113184,0.016337339947684316,0.050352480528341695,0.09825345899324443,0.07838880338282392,0.06577013723419575,0.03210441516997468,24,21,0.0011880255554637916,0.14436186646479224,True,False,True,0.00010814131606744547,COMPLETE
457,0.35608240962028503,2025-04-23 20:48:58.667852,2025-04-23 20:50:12.256136,0 days 00:01:13.588284,0.40179504975911295,0.631572097331783,2,0.041757511288586784,0.0449376654939986,0.08163325107855021,0.05550166319987894,0.07427093239860018,0.06795158092989921,0.02193647011153898,21,16,0.0010417105244270336,0.157765802970699,True,False,True,3.33373606917776e-05,COMPLETE
458,0.3507869601249695,2025-04-23 20:50:12.400782,2025-04-23 20:50:53.241989,0 days 00:00:40.841207,0.37191997848591524,0.6560598658235536,2,0.0627757480449172,0.02095435686018909,0.07670667964581819,0.04089252525236035,0.07681131186012922,0.04872320429193743,0.05696257168711677,9,26,0.004986126272961023,0.152554596831659,True,False,True,6.252457144280556e-05,COMPLETE
459,0.46138318777084353,2025-04-23 20:50:53.385245,2025-04-23 20:52:12.379097,0 days 00:01:18.993852,0.42550604984977464,0.5773230545787877,2,0.0719927474223699,0.028434978466340303,0.07892135480521147,0.024902371441126704,0.07101020704443331,0.07354698160053638,0.04226421329782318,23,30,0.0026259434186966914,0.17346087145761938,True,False,True,9.320076875410335e-05,COMPLETE
460,0.4160239934921265,2025-04-23 20:52:12.538041,2025-04-23 20:52:31.990616,0 days 00:00:19.452575,0.44096754152729906,0.6087926282100075,16,0.05256063677838253,0.006928189620036775,0.08332485044413028,0.06097752653480372,0.0699695184144149,0.05396791619386384,0.02568500438722147,17,22,0.001048230181625995,0.16413164903749966,True,False,True,4.476800221911917e-05,COMPLETE
461,0.48550983071327214,2025-04-23 20:52:32.138828,2025-04-23 20:53:51.385585,0 days 00:01:19.246757,0.17756077738132436,0.5328893489998836,2,0.1859579913668676,0.011427726215249493,0.09994258824459397,0.050547096291317095,0.0324019356081527,0.05896468185200918,0.010090689932741356,23,28,0.005808293665166578,0.14871032298061213,True,False,True,7.059654691691013e-05,COMPLETE
462,0.46081537604331974,2025-04-23 20:53:51.532142,2025-04-23 20:54:49.110365,0 days 00:00:57.578223,0.4543323139136135,0.4476577098087628,2,0.19315311750290734,0.01932021914037591,0.08669834388157402,0.01965562487623845,0.09138472540347652,0.06499068729503395,0.01227509994273832,15,32,0.0036844006618911244,0.15882899043680954,True,False,True,8.252939927058315e-06,COMPLETE
463,0.35208595991134645,2025-04-23 20:54:49.266578,2025-04-23 20:55:48.436576,0 days 00:00:59.169998,0.3941822140976699,0.6425742386786201,2,0.04806439962734458,0.03551868870271166,0.09599071243890148,0.031478278001873236,0.03871001152004851,0.06935804642173904,0.031055266677431078,16,5,0.001024054154495651,0.16910586193263902,True,False,True,9.947871128465335e-05,COMPLETE
464,0.5049485921859742,2025-04-23 20:55:48.581576,2025-04-23 20:56:17.430242,0 days 00:00:28.848666,0.23552478044746702,0.6962300973214411,8,0.0372264223899199,0.026046358373175565,0.08042357575255644,0.09291431586165964,0.06664318009315243,0.051672362524601986,0.008059981909533675,20,72,0.006565348385569351,0.07062698714256326,True,False,True,5.614873178381143e-05,COMPLETE
465,0.29052439928054813,2025-04-23 20:56:17.589385,2025-04-23 20:56:36.030664,0 days 00:00:18.441279,0.9702318601616788,0.5038291314576597,16,0.06720932968430984,0.005939533252518732,0.09820582786191662,0.052944162425062724,0.03400804412945862,0.04540475274757274,0.038812261957738944,14,26,0.003961704818725575,0.1392654391015601,True,True,True,7.636267593547216e-05,COMPLETE
466,0.3471116304397583,2025-04-23 20:56:36.177485,2025-04-23 20:57:59.571090,0 days 00:01:23.393605,0.46529877110464474,0.5523291200216165,2,0.05896314147176851,0.00043404401651614584,0.08474117746842626,0.09555537895998115,0.04215371029822293,0.013487474944269932,0.005620030254266189,24,75,0.004640609418262014,0.1280458192102149,True,False,True,0.0001447127187010781,COMPLETE
467,0.8456627249717712,2025-04-23 20:57:59.717300,2025-04-23 20:58:58.376845,0 days 00:00:58.659545,0.3592139890535509,0.601774002846241,2,0.17942548416321447,0.013746531371891538,0.0876189492558979,0.029387815218610423,0.06876833956518325,0.0770815202210225,0.0012518436006821025,15,83,0.0028273226036388444,0.16332624588515646,True,False,True,0.0002475521275963905,COMPLETE
468,0.9822548151016236,2025-04-23 20:58:58.535917,2025-04-23 21:00:09.442359,0 days 00:01:10.906442,0.33116729738273093,0.6678447667576284,2,0.08069557504531845,0.01956882715789086,0.09222542731039694,0.02183997404360866,0.03546369915978058,0.047516562989584815,4.3997233478999717e-05,19,119,0.007238813346455932,0.17460517139026105,True,False,True,0.000376074808227308,COMPLETE
469,0.7484540581703187,2025-04-23 21:00:09.588670,2025-04-23 21:01:19.295597,0 days 00:01:09.706927,0.32129780566197375,0.6741991727369934,2,0.08143087338783953,0.019037826473355737,0.09300555491097147,0.020510370570591806,0.029516192977152987,0.04928055034429438,0.017298477913136885,19,68,0.007427042383981465,0.17717632094938082,True,False,True,0.0003327560981574166,COMPLETE
470,0.31325332522392274,2025-04-23 21:01:19.442828,2025-04-23 21:01:44.878773,0 days 00:00:25.435945,0.367991306606848,0.7091698772872258,16,0.07733635045800334,0.012481093256650123,0.09536260952247466,0.02191725052046415,0.034841906356397355,0.04259346354326078,0.05292388865309733,19,145,0.007877834951375158,0.178981636636698,True,False,True,0.0002961277506020638,COMPLETE
471,0.377095228433609,2025-04-23 21:01:45.037192,2025-04-23 21:02:56.605959,0 days 00:01:11.568767,0.33962613506381556,0.6668288769944133,2,0.09012355752172822,0.021137950083114032,0.07519783708706075,0.023589003399234733,0.03427221480315179,0.04665343368124731,3.126249269535103e-05,19,119,0.011066439312379434,0.17363623259388533,True,False,True,0.00021150306053746863,COMPLETE
472,0.37481315732002257,2025-04-23 21:02:56.755319,2025-04-23 21:04:01.829057,0 days 00:01:05.073738,0.326581627474952,0.6852147709309583,2,0.0720086012367227,0.008989227234447613,0.04642677564508944,0.025895561687921384,0.0373385557014992,0.05001312653795033,2.2173320619251288e-05,18,19,0.01359189398325212,0.16974005299614744,True,False,True,0.0003380095860393793,COMPLETE
473,0.4160239934921265,2025-04-23 21:04:01.976544,2025-04-23 21:05:09.237274,0 days 00:01:07.260730,0.3096291764523409,0.6524697837418457,2,0.07813662809469071,0.01588974913679904,0.0940789168769698,0.022284239127877865,0.07346406486040208,0.046162771133162896,6.878936865111056e-05,18,109,0.006271894805948904,0.17597904052526891,False,False,True,0.00039207664833515096,COMPLETE
474,0.30239676833152773,2025-04-23 21:05:09.395842,2025-04-23 21:05:33.301831,0 days 00:00:23.905989,0.286479955280612,0.7225331816989862,16,0.08475999692796657,0.005857489452138254,0.09694112687295395,0.02699446981458406,0.03626052338207338,0.04701255147578929,0.00024142062457061883,18,124,0.008495329088273568,0.16689675695817033,True,False,True,0.00012233360851585874,COMPLETE
475,0.31966955065727237,2025-04-23 21:05:33.451688,2025-04-23 21:06:47.286146,0 days 00:01:13.834458,0.33698320796785014,0.6301882418221156,2,0.066583802676671,0.024416176353635237,0.09167319501159206,0.024689298959469065,0.07824152902525679,0.04886461028182123,5.61034085487947e-05,20,147,0.005872898822234708,0.17203797623434505,True,False,True,0.00018127434564875678,COMPLETE
476,0.29052439928054813,2025-04-23 21:06:47.448474,2025-04-23 21:07:58.508079,0 days 00:01:11.059605,0.3055430104948808,0.6557854494299719,2,0.05976079723969074,0.015601261768885351,0.08319025414513812,0.018646769537092187,0.03128103213574127,0.05140496575092837,0.04738270632530305,19,97,0.00521019947016675,0.18190021673267034,True,True,True,0.0004492526660298112,COMPLETE
477,0.29022783041000366,2025-04-23 21:07:58.656745,2025-04-23 21:09:06.211152,0 days 00:01:07.554407,0.3495846098037712,0.6987687357810064,2,0.2512459353146501,0.008998230363424922,0.07761908722316278,0.01637700880218932,0.03277283470462125,0.07397838266291445,0.028692901116205274,18,123,0.00976564873716138,0.15342439607991443,True,False,True,1.4187818495107352e-08,COMPLETE
478,0.5162348270416259,2025-04-23 21:09:06.359879,2025-04-23 21:10:10.818474,0 days 00:01:04.458595,0.599975173879579,0.6310720897418208,2,0.08454299848567942,0.021263507952733483,0.09262840601688571,0.028661108039528906,0.0391650725099957,0.04112069712899232,0.0005725920851553695,17,59,0.007055377915074761,0.1221321551993552,True,False,True,0.0005589125518207985,COMPLETE
479,0.290291428565979,2025-04-23 21:10:10.979902,2025-04-23 21:10:36.840306,0 days 00:00:25.860404,0.7329256528284044,0.6772043213081408,16,0.14235869520356648,0.004239045767796169,0.07302316287133374,0.02083005036905332,0.034815909642910675,0.053916841315822465,0.00030765931835193726,20,138,0.003934883263433484,0.13445120768125682,True,False,True,8.20312433428199e-05,COMPLETE
480,0.37539326548576357,2025-04-23 21:10:36.992533,2025-04-23 21:12:07.517073,0 days 00:01:30.524540,0.26962615215904956,0.043337187397007315,2,0.04527136837247449,0.01372526943982898,0.09763718512635415,0.02362975262305911,0.03967701952409572,0.07178620243864448,0.0359366307093965,26,100,0.0031652178220780936,0.1631475246101195,True,False,True,6.729760641791957e-05,COMPLETE
481,0.6078827857971192,2025-04-23 21:12:07.667503,2025-04-23 21:13:19.212239,0 days 00:01:11.544736,0.24307672707903022,0.6167291587024327,2,0.05234744895287333,0.00010279364479454794,0.0943727077168203,0.02533917428077987,0.03666494824036079,0.04482581984268335,1.8689957648727872e-05,19,132,0.006062827949155704,0.1444061563794682,True,False,True,0.00037994701946438106,COMPLETE
482,0.3485505819320679,2025-04-23 21:13:19.373555,2025-04-23 21:14:23.835674,0 days 00:01:04.462119,0.20356038021560197,0.6484841851275647,2,0.0699136641838792,0.22421877296360088,0.08057118161948142,0.027846621429077168,0.07641716346925857,0.04819094523161962,0.04530476405546667,17,115,0.028222486552442163,0.16772277277164746,True,False,True,0.00025622607186302505,COMPLETE
483,0.4337064862251282,2025-04-23 21:14:23.987436,2025-04-23 21:14:52.956337,0 days 00:00:28.968901,0.3699858554160884,0.6665768579818284,16,0.03094515902759423,0.026327672873684524,0.08917571759524227,0.09702973815143229,0.02855788889497892,0.07624036431262131,0.03226763788735942,26,129,0.010781806152132364,0.1580391723520611,True,False,True,5.399132913119402e-05,COMPLETE
484,0.42949929237365725,2025-04-23 21:14:53.120409,2025-04-23 21:16:02.304344,0 days 00:01:09.183935,0.6596117226735939,0.483242108160747,2,0.040226134879539924,0.010662133387855738,0.08601225842223027,0.03444654395256113,0.0374880077336584,0.019756012198255547,0.022867381062668755,19,52,0.00818711816805554,0.15148654113758397,True,False,True,0.00010254220942596414,COMPLETE
485,0.3736739337444306,2025-04-23 21:16:02.456686,2025-04-23 21:17:01.416325,0 days 00:00:58.959639,0.2932219051991351,0.626215600193864,2,0.07731200530288118,0.017965921662971528,0.09581095659207228,0.09437440886170484,0.031722731826148376,0.052787581770197975,0.005210395146247343,15,111,0.08629624570314569,0.18097072586368687,True,False,True,0.0005690101485034188,COMPLETE
486,0.4147122025489807,2025-04-23 21:17:01.568687,2025-04-23 21:18:25.652299,0 days 00:01:24.083612,0.32514827937234714,0.594500120391232,2,0.06230295413291751,0.029819834865697517,0.08226609165355037,0.031550342193466155,0.052634813504255286,0.05015095968900991,0.062048451058761285,25,24,0.004152710868765466,0.17377987685974874,True,False,True,0.00015185143432293696,COMPLETE
487,0.4160239934921265,2025-04-23 21:18:25.815480,2025-04-23 21:18:45.089183,0 days 00:00:19.273703,0.1520736341938354,0.5061131871522475,8,0.0554975065061491,0.0096836588517008,0.09859458979256837,0.018690836193109774,0.040417466308759906,0.021408763146670694,0.013645512930431036,8,29,0.0029117836585305108,0.16256158740299118,True,False,True,4.301478487510963e-05,COMPLETE
488,0.29052439928054813,2025-04-23 21:18:45.240920,2025-04-23 21:19:04.818607,0 days 00:00:19.577687,0.6892140262330793,0.6928381291451733,16,0.048768922646951623,0.02064699684620597,0.09196023367289996,0.021372848010959657,0.09856221182838704,0.0730926447478371,0.042413027291771266,18,11,0.005709578805951358,0.14658664979844338,True,True,True,0.0009956615079408904,COMPLETE
489,0.3518465161323548,2025-04-23 21:19:04.972763,2025-04-23 21:20:04.431470,0 days 00:00:59.458707,0.21787305008804267,0.6141563276644566,2,0.2127385077245807,0.005659104595754882,0.07940090317264248,0.09077793947641884,0.0359617974257063,0.07044088129295542,0.02805620038427367,16,26,0.012915080423247223,0.1567595625602951,True,False,True,0.0006507311809239713,COMPLETE
490,0.5209742069244385,2025-04-23 21:20:04.594850,2025-04-23 21:20:59.948991,0 days 00:00:55.354141,0.1790044751549609,0.6460085994222866,2,0.06906723232346766,0.01354916980112508,0.08783542003583397,0.07303177285819869,0.005184123059282168,0.010087364866632805,0.006652433842105884,14,21,0.003005351002395038,0.17067242267030902,True,False,True,0.0004575935786163833,COMPLETE
491,0.29052439928054813,2025-04-23 21:21:00.104686,2025-04-23 21:21:58.342104,0 days 00:00:58.237418,0.7476797359910103,0.5796940338899499,2,0.08757160221379026,0.2531311248746881,0.07634975046102324,0.02347760844673053,0.071649416624311,0.0559941982980905,0.0185142458498407,15,62,0.007651652751358788,0.1374056286181892,True,False,True,8.923172936386271e-05,COMPLETE
492,0.4389363288879395,2025-04-23 21:21:58.508567,2025-04-23 21:23:22.169864,0 days 00:01:23.661297,0.045786850542763324,0.734607156868159,2,0.07489916519368262,0.023972240533912115,0.09460855019757823,0.0663968312994337,0.07440175410970261,0.018510185637314804,0.053441497131276904,25,29,0.005522692084821714,0.16590521514555492,False,False,True,0.0008386694717611444,COMPLETE
493,0.2827115118503571,2025-04-23 21:23:22.323813,2025-04-23 21:23:41.312165,0 days 00:00:18.988352,0.6159544126218104,0.43619893288050154,16,0.20311821551830717,0.01838356448269436,0.0916192577509751,0.09988808523427618,0.056377643334232154,0.07862575496365971,0.004436693185126886,15,32,0.004452897637152774,0.17805827228129156,True,False,True,7.201569292219645e-05,COMPLETE
494,0.5534436225891114,2025-04-23 21:23:41.470856,2025-04-23 21:24:41.244439,0 days 00:00:59.773583,0.26598334684963526,0.466985554095204,2,0.0353301042312663,0.004707659774497771,0.010322883632151302,0.026518535320134276,0.014792974627605822,0.07432287647953077,0.036479220380259504,16,24,0.0010409738295668082,0.18976717031922305,True,False,True,0.00012365956726214866,COMPLETE
495,0.9979817152023316,2025-04-23 21:24:41.413961,2025-04-23 21:26:05.016856,0 days 00:01:23.602895,0.3039155818902036,0.6742406042411975,2,0.02414964109378328,0.010367401133526067,0.08466353794728602,0.08928506358271907,0.0787282360222123,0.047151098238339156,0.010505418028469693,20,69,0.010096064574963821,0.11463988811025522,True,False,False,0.0006060630333092894,COMPLETE
496,0.4764606475830078,2025-04-23 21:26:05.172573,2025-04-23 21:27:28.219471,0 days 00:01:23.046898,0.30432807871640055,0.7170223197675865,2,0.01721968339011064,0.009827188835983939,0.08478718215657982,0.09023506524925479,0.07937515870089416,0.04341340569416498,0.010903897326168125,20,72,0.01193895916615895,0.18206599043082822,True,False,False,1.171924984750147e-05,COMPLETE
497,0.48552913665771485,2025-04-23 21:27:28.375316,2025-04-23 21:28:54.991970,0 days 00:01:26.616654,0.3112365867603615,0.6841208327186817,2,0.034323613168170994,0.0045352170709552445,0.08383849495224556,0.09297809415823287,0.08013129654370861,0.04907972415816168,4.252194319637578e-05,21,68,0.014126393013017553,0.09897048271576489,True,False,False,0.0003785664437442115,COMPLETE
498,0.29052439928054813,2025-04-23 21:28:55.157897,2025-04-23 21:30:18.147761,0 days 00:01:22.989864,0.347922509128101,0.6756518751981089,2,0.012154964187845455,0.0008180873426383399,0.08640973074340244,0.04914211071107349,0.07926569101303252,0.04356621527952699,0.013194338364844944,20,72,0.009540357535250772,0.11341270604287214,True,False,False,0.0005078254782640378,COMPLETE
499,0.481880784034729,2025-04-23 21:30:18.304044,2025-04-23 21:31:39.624381,0 days 00:01:21.320337,0.2817075644010752,0.6645014752970719,2,0.024354748264781033,0.06541834466225044,0.08862395502136887,0.09128160000599153,0.08075985759917269,0.04703279925385283,0.010408605123562105,19,144,0.010758465508568201,0.10719150405425042,True,False,False,0.0005623642774177669,COMPLETE
500,0.3475887417793274,2025-04-23 21:31:39.794148,2025-04-23 21:32:51.267303,0 days 00:01:11.473155,0.3261567082371821,0.6461934734262113,2,0.046329997037347546,0.013200893568575041,0.08272080387210529,0.09616926384802936,0.07745911705839714,0.04511453936580794,0.008244251628330906,20,30,0.009349122751797551,0.10259309759952419,True,True,False,7.549539437284857e-07,COMPLETE
501,0.46416761279106145,2025-04-23 21:32:51.423235,2025-04-23 21:34:10.911660,0 days 00:01:19.488425,0.2934443836997233,0.6983360510694813,2,0.02718507343804221,0.009806450957935507,0.08611408783320139,0.09360244301995876,0.07844813594763629,0.05119791007707151,0.015963758658750014,19,70,0.007567156833482228,0.11849894050659453,True,False,False,0.00033484826308813857,COMPLETE
502,0.9676677823066713,2025-04-23 21:34:11.069053,2025-04-23 21:35:34.245829,0 days 00:01:23.176776,0.0721349626915362,0.6367042231617869,2,0.223210386493124,0.01571909208805341,0.09072103379882784,0.08892782428524836,0.07685590302828275,0.04833009075409558,0.009563213962268525,20,75,0.010872278767593812,0.11287383397555409,True,False,False,0.00025008890980041543,COMPLETE
503,0.4155769646167755,2025-04-23 21:35:34.417544,2025-04-23 21:37:00.075286,0 days 00:01:25.657742,0.09387437909907523,0.6249018363573663,2,0.22364188722749517,0.016565845514634674,0.09082607997588091,0.09810703697680606,0.07660218543029425,0.04707235152885924,1.0323314786575732e-05,21,34,0.01457558109481607,0.10771468553140157,True,False,False,0.00022107985448692892,COMPLETE
504,0.34608749151229856,2025-04-23 21:37:00.233061,2025-04-23 21:38:22.080310,0 days 00:01:21.847249,0.059967352036373794,0.6597142216683003,2,0.22921893988470005,0.01771205871525436,0.08884159767057657,0.08853825025208704,0.08274359201672711,0.049022737561539804,0.0001439261600180194,20,26,0.012828391671888971,0.11235348815091148,True,False,False,0.0002894439110519722,COMPLETE
505,0.36454564929008487,2025-04-23 21:38:22.253090,2025-04-23 21:39:45.078843,0 days 00:01:22.825753,0.12303595270704279,0.6033241330116633,2,0.0236441375616201,0.02375020049166643,0.09037428570188406,0.0883064024890976,0.07500706086877382,0.04698130204061387,0.012074896639493802,20,75,0.01721181491167611,0.1152472816928802,True,False,False,0.0002684563008696061,COMPLETE
506,0.6752112627029419,2025-04-23 21:39:45.236787,2025-04-23 21:41:07.925127,0 days 00:01:22.688340,0.11586889442236697,0.636724814709521,2,0.21592972575691527,0.014665344289285263,0.09272678226415125,0.041973246438926706,0.04111118293193396,0.051356288329483045,0.009433584750711793,20,46,0.011750043089161942,0.1256455941782373,True,False,False,0.0002187236453316529,COMPLETE
507,0.9979535460472108,2025-04-23 21:41:08.086563,2025-04-23 21:42:32.543419,0 days 00:01:24.456856,0.23840791550297863,0.6406163223898975,2,0.0434598777603028,0.020560586660280104,0.08730111719618121,0.058780023754093864,0.037698881027042636,0.04895692425978099,0.011108422332830653,21,17,0.010695965817949696,0.1203166767508639,True,False,False,0.00013892296426907218,COMPLETE
508,0.5534436225891114,2025-04-23 21:42:32.712869,2025-04-23 21:43:57.658488,0 days 00:01:24.945619,0.07632484900993143,0.6402709687845483,2,0.021321567938766835,0.02931987279811548,0.08931414114529024,0.04874185093826221,0.037903598849831605,0.045246618834947266,0.01423637050425011,21,16,0.014639529180157446,0.11812842627029936,True,False,False,0.00017938986896069763,COMPLETE
509,0.38717028498649597,2025-04-23 21:43:57.819156,2025-04-23 21:45:22.594875,0 days 00:01:24.775719,0.8440551701499484,0.6695866468213313,2,0.23232870268784211,0.023395991434060515,0.08792805196925194,0.028778378621954297,0.03405463006789128,0.049538299682048814,0.011535193185097953,21,16,0.011100199378510471,0.11176340117530727,True,False,False,0.00017635654916517838,COMPLETE
510,0.3472486615180969,2025-04-23 21:45:22.768431,2025-04-23 21:46:47.131661,0 days 00:01:24.363230,0.026640921319460886,0.6494695697104635,2,0.2368623799250367,0.030197491601882932,0.09411139441610689,0.058609531908831586,0.039138280623196645,0.0485297833748979,0.010805594270633087,21,18,0.012939521786314261,0.10236333095560259,True,False,False,0.00012637134028866504,COMPLETE
511,0.6145468354225159,2025-04-23 21:46:47.289811,2025-04-23 21:48:14.979077,0 days 00:01:27.689266,0.2513086036229082,0.612796276950743,2,0.21927270507893806,0.019367849656351563,0.0968692690174968,0.05476235314152121,0.03874239224781315,0.0532617849375402,0.008344592927631034,21,10,0.016620760510348963,0.10810203438954306,True,False,False,0.00022966892358048635,COMPLETE
