number,value,datetime_start,datetime_complete,duration,params_alpha-eval,params_alpha-train,params_batch-size,params_eps-eval,params_eps-train,params_lambda-actions-eval,params_lambda-actions-train,params_lambda-frames-eval,params_lambda-frames-train,params_learning-rate,params_n-epochs,params_n-frames,params_radius-gw,params_rho,params_std-feats,params_ub-actions,params_ub-frames,params_weight-decay,state
0,0.350697523355484,2025-04-04 03:08:25.135147,2025-04-04 03:08:58.151837,0 days 00:00:33.016690,0.3125530250275194,0.5821932170554948,8,0.14746373194065562,0.2800545561071605,0.015746203484778187,0.09613504686914119,0.06688457508686727,0.019776096411987583,3.0710769461786926e-05,28,25,0.019937952438575098,0.0380452720496239,True,True,False,2.063128912849077e-06,COMPLETE
1,0.37863270044326786,2025-04-04 03:08:58.156088,2025-04-04 03:09:32.159579,0 days 00:00:34.003491,0.7188842262244451,0.622347684035134,8,0.21358560490965453,0.24377484143804107,0.04982898724330584,0.04758683611638349,0.07228715342951757,0.08137630959644346,0.003896654428888723,20,144,0.019710853202769496,0.11206683842295144,True,False,False,5.65962041759488e-05,COMPLETE
2,0.37562572956085205,2025-04-04 03:09:32.163522,2025-04-04 03:09:48.283828,0 days 00:00:16.120306,0.6035699278032325,0.541929132358308,16,0.2881540196400458,0.14636580559885692,0.06316183843334408,0.012446962836356955,0.03582531843789999,0.058191087643244876,0.00013147959147741096,5,47,0.0764782084074851,0.2346760652116506,False,False,False,0.000693441721526485,COMPLETE
3,0.4082581698894501,2025-04-04 03:09:48.287897,2025-04-04 03:10:05.269811,0 days 00:00:16.981914,0.06601101941124711,0.06284563673506117,16,0.03548311325156997,0.06879631220532646,0.07894677182361184,0.09591446582752011,0.07412893164074835,0.04725451517357811,0.012899451023237125,11,82,0.07691870679208677,0.2709958279121598,False,False,True,6.257077037383147e-06,COMPLETE
4,0.398559045791626,2025-04-04 03:10:05.274152,2025-04-04 03:10:21.501178,0 days 00:00:16.227026,0.6979340732406321,0.769871404984147,16,0.13030995776525436,0.08327366137540719,0.08534953341179924,0.09807709836728694,0.06580238242063814,0.08503155520188144,0.00023703574202981517,5,131,0.005897670164914806,0.01867865776626713,True,True,False,1.864725059688635e-06,COMPLETE
5,0.29645872116088867,2025-04-04 03:10:21.506078,2025-04-04 03:10:53.450044,0 days 00:00:31.943966,0.10830426477489635,0.3843707899992239,8,0.162235153756962,0.14372724094426823,0.06864415391384909,0.04206534043339286,0.06393053795314148,0.00746612708271782,0.0004526133590323771,28,8,0.007517380291683063,0.19092189129290088,False,True,False,2.542369268621823e-08,COMPLETE
6,0.29052439928054813,2025-04-04 03:10:53.454995,2025-04-04 03:12:14.200783,0 days 00:01:20.745788,0.4619291428890794,0.5856277747025127,2,0.02071511547735787,0.2194031981355522,0.05780719457606229,0.030102209353674338,0.08413300943393087,0.07951995549329523,2.999594143860909e-05,23,121,0.08472885887912396,0.0021247519312677906,True,True,False,4.86704740337811e-05,COMPLETE
7,0.37912329435348513,2025-04-04 03:12:14.206064,2025-04-04 03:12:35.725625,0 days 00:00:21.519561,0.09054711006144782,0.7763074350238511,16,0.11323336977797058,0.09786325996031346,0.08634234519292044,0.07703749810927885,0.010807845055912216,0.056978004130570435,0.061062606244413786,16,120,0.017099439613599072,0.22175610820967534,False,False,False,1.0316899152641807e-05,COMPLETE
8,0.29052439928054813,2025-04-04 03:12:35.731542,2025-04-04 03:12:57.431529,0 days 00:00:21.699987,0.6567531584273236,0.16972726805977334,16,0.11956136152014456,0.2988781473042243,0.01937037474047548,0.09659787842552255,0.06791472618145615,0.04831444061123013,0.09395721139361697,26,11,0.02040403068042481,0.06434652096124978,False,True,True,1.3353766277422852e-06,COMPLETE
9,0.38871554136276243,2025-04-04 03:12:57.438815,2025-04-04 03:13:19.127361,0 days 00:00:21.688546,0.6024597557948567,0.05138810489597056,16,0.12573761315719093,0.25130544450602654,0.02263157453787339,0.09913598421742442,0.0032221024952367662,0.0064628011514613354,1.0377188580454953e-05,16,126,0.0358732135090281,0.05275599686581895,False,False,False,1.3765039634954651e-07,COMPLETE
10,0.3758527219295502,2025-04-04 03:13:19.133861,2025-04-04 03:14:05.810900,0 days 00:00:46.677039,0.9855502971246755,0.21117707319958978,2,0.0008205092913157186,0.008823383860862927,0.09674029461110792,0.0719026637029426,0.09569603330838547,0.032597176315265514,0.006285837900797099,11,84,0.0659808498424749,0.2890992983826554,False,False,True,2.033715962960295e-07,COMPLETE
11,0.4117738902568817,2025-04-04 03:14:05.817399,2025-04-04 03:14:22.009751,0 days 00:00:16.192352,0.9020502535805587,0.9801090036364408,16,0.06316057561841062,0.049005854612486736,0.08105319642551942,0.08166188014983582,0.043378124844969876,0.0989443221222964,0.0036660114910007473,7,84,0.09748661515096407,0.14163425630562973,True,True,True,1.1209965481884061e-05,COMPLETE
12,0.37749487757682804,2025-04-04 03:14:22.016820,2025-04-04 03:14:39.323190,0 days 00:00:17.306370,0.9934626716520095,0.9737991962219054,16,0.05325742097340164,0.008215152986551788,0.04303107021160228,0.07214366640367051,0.039609627685023824,0.036696183182447856,0.009154343145162624,10,78,0.09893664761006978,0.12907969465754107,True,True,True,2.3330744499418056e-05,COMPLETE
13,0.3495109140872955,2025-04-04 03:14:39.330324,2025-04-04 03:14:57.769731,0 days 00:00:18.439407,0.33517519357624165,0.997050316048604,16,0.05999904201689153,0.06287940218639687,0.07642499961919683,0.08024713952380132,0.04557868902385178,0.09711522972044492,0.0024756559992413674,11,95,0.09953928817473125,0.1615159900979365,True,False,True,0.00032780181659312565,COMPLETE
14,0.29153430461883545,2025-04-04 03:14:57.777193,2025-04-04 03:15:14.632454,0 days 00:00:16.855261,0.8317604804119553,0.3653475371656417,16,0.07409643543153326,0.043534288543736734,0.0973729380871217,0.060627065269836675,0.03149875745337137,0.06862021240044915,0.025061963282438815,9,49,0.05381246807965135,0.2948941295648464,True,True,True,7.575872288904038e-06,COMPLETE
15,0.4052124977111817,2025-04-04 03:15:14.640409,2025-04-04 03:16:06.459860,0 days 00:00:51.819451,0.2281988779418852,0.8151525664585837,2,0.03202814069749522,0.1165679221785696,0.03749993770075927,0.08422957729570872,0.02288862860765209,0.09768748236425098,0.0011947711485515867,13,100,0.08265964760264895,0.09781143482388968,False,False,True,0.00014355637797963946,COMPLETE
16,0.41326137185096745,2025-04-04 03:16:06.467970,2025-04-04 03:16:22.051756,0 days 00:00:15.583786,0.4936044859945252,0.011521246871754487,16,0.08653772191766135,0.05357243806025245,0.07829639963918383,0.0563909780620863,0.05508623414690423,0.04476713969262964,0.018852365590775556,7,57,0.06575668660854865,0.17007386285311366,False,True,True,5.099846146971404e-07,COMPLETE
17,0.4101893544197083,2025-04-04 03:16:22.060537,2025-04-04 03:16:37.402728,0 days 00:00:15.342191,0.435056554197977,0.3789380190682493,16,0.09195435754539026,0.1887015478789507,0.0673681346857803,0.06395574671036217,0.04852030482900724,0.03011286786115444,0.030963901453920105,6,46,0.05430405403762974,0.16856959413470002,True,True,True,3.747358483854941e-07,COMPLETE
18,0.2884689807891846,2025-04-04 03:16:37.411588,2025-04-04 03:17:16.290133,0 days 00:00:38.878545,0.8725485765972858,0.2556204724225024,2,0.1701289035924476,0.03754566836941989,0.08659364007572802,0.034596507733044006,0.05562228525832529,0.06748963625598743,0.0017920751362395851,8,65,0.06458281476370914,0.19440034698082326,True,True,True,1.1014712603595409e-08,COMPLETE
19,0.37214333415031436,2025-04-04 03:17:16.299757,2025-04-04 03:17:39.807243,0 days 00:00:23.507486,0.530247704115359,0.8397136718809335,8,0.08016813678571481,0.11532561915450812,0.035195050919817755,0.0576875263901424,0.025553178431111802,0.020043708566146623,0.0007277805559219287,14,61,0.04040991557388378,0.08793487781198261,False,True,True,6.484882153677331e-07,COMPLETE
20,0.29491416811943055,2025-04-04 03:17:39.817042,2025-04-04 03:17:59.977987,0 days 00:00:20.160945,0.8113905981427305,0.6841653437891377,16,0.1959643938128006,0.17719526338489,0.072970748268769,0.0013991372372431296,0.05517229298021147,0.03961213511000661,0.02193777653945641,20,31,0.09130220225062297,0.13582278388381203,False,True,True,8.952221171481851e-08,COMPLETE
21,0.4817003190517426,2025-04-04 03:17:59.987718,2025-04-04 03:18:15.903962,0 days 00:00:15.916244,0.42161838794385476,0.3910898947909787,16,0.0920346866762084,0.19120885059600368,0.0615041976365914,0.061608763816304035,0.04969564548377733,0.023550707496180212,0.04387360124851269,7,63,0.055282382701088574,0.16963185375688936,True,True,True,8.613544998803678e-07,COMPLETE
22,0.43564126491546634,2025-04-04 03:18:15.913793,2025-04-04 03:18:31.915218,0 days 00:00:16.001425,0.3723861077462134,0.4125819066058418,16,0.09820798945402334,0.16813487806528066,0.05362713800523645,0.052165825793476665,0.04466674723415162,0.026891242434800074,0.048162211291227636,7,64,0.041277511178491134,0.18641053057202153,True,True,True,5.781975702703355e-07,COMPLETE
23,0.46709454059600836,2025-04-04 03:18:31.925627,2025-04-04 03:18:47.921971,0 days 00:00:15.996344,0.36906702369767325,0.43282809426273794,16,0.0953783892067835,0.17961610880403928,0.0562214555191434,0.05415163177850611,0.05227160814326668,0.0168727678087896,0.051155833798150474,7,62,0.04245407808119655,0.19924538654946902,True,True,True,5.002801426628121e-08,COMPLETE
24,0.29052439928054813,2025-04-04 03:18:47.932376,2025-04-04 03:19:04.574761,0 days 00:00:16.642385,0.2907296197525564,0.46027343796963316,16,0.09937955066613438,0.18695305874972956,0.052865464981396396,0.0474076043888178,0.029951747605863104,0.021876619343611917,0.05244176614286063,9,69,0.04053531791848738,0.23340553211371717,True,True,True,4.4621415142770027e-08,COMPLETE
25,0.29564509987831117,2025-04-04 03:19:04.585679,2025-04-04 03:19:24.109123,0 days 00:00:19.523444,0.39764931454080404,0.46327040701904854,16,0.1893909761231881,0.21385257521119594,0.005899332579621282,0.03536536948531313,0.01930303850864578,0.01390571790069517,0.044362563937525815,13,108,0.03340912421276042,0.19044412545373587,True,True,True,6.12351798885264e-08,COMPLETE
26,0.29052439928054813,2025-04-04 03:19:24.120446,2025-04-04 03:19:38.676165,0 days 00:00:14.555719,0.19019240454800468,0.2968914291542742,16,0.23296039598940968,0.16935898044249914,0.046860427495943546,0.02295368804042755,0.056697005014212494,0.0014665780985534463,0.09048120835324458,5,36,0.04633019794103259,0.21666853188779545,True,True,True,2.39538314049585e-07,COMPLETE
27,0.29052439928054813,2025-04-04 03:19:38.687899,2025-04-04 03:19:54.810529,0 days 00:00:16.122630,0.3801635834876806,0.47389463164225465,16,0.14937925043849068,0.2048591035788951,0.058708326090432215,0.053187316119940105,0.08120300016888485,0.024645310319871227,0.013334515984169116,7,69,0.030599454672439103,0.26901122706053404,True,True,True,2.018316988490276e-08,COMPLETE
28,0.36526986956596375,2025-04-04 03:19:54.822274,2025-04-04 03:21:03.429178,0 days 00:01:08.606904,0.21770254951272233,0.3218279179014477,2,0.10330160291100786,0.16053555203643305,0.03140691140309243,0.06861281926525085,0.041311840509077595,0.014396852016774049,0.006834488182317118,19,55,0.059299360567645405,0.20869050379794502,True,True,True,9.264951614446609e-07,COMPLETE
29,0.29052439928054813,2025-04-04 03:21:03.441199,2025-04-04 03:21:26.522591,0 days 00:00:23.081392,0.3091857469967847,0.42323467394546616,8,0.049456035883290776,0.25074716657316554,0.05716426128263086,0.041060079690398245,0.061317074726041865,0.02777299127086845,0.042726873501430875,14,22,0.046877256375843286,0.2487262515238499,True,True,True,3.954644934957747e-06,COMPLETE
30,0.41586949229240416,2025-04-04 03:21:26.536050,2025-04-04 03:21:46.472250,0 days 00:00:19.936200,0.5411189581696948,0.5254287558982457,8,0.13750848041622973,0.12474265715836752,0.030155762769308665,0.06500358240789822,0.04970778587595623,0.013940023840382433,0.08746210683357167,9,40,0.029937741309879688,0.18095576715707115,True,True,True,3.292191736451709e-06,COMPLETE
31,0.4145835340023041,2025-04-04 03:21:46.485082,2025-04-04 03:22:06.376467,0 days 00:00:19.891385,0.5581167916997024,0.5166993541451808,8,0.1430067531464357,0.13013545978702018,0.04223431853256188,0.06448191907871166,0.051388023451219206,0.014813346953682631,0.09737269062029995,9,38,0.027614178165113572,0.18012448016750932,True,True,True,2.6956885503307342e-06,COMPLETE
32,0.3500540435314179,2025-04-04 03:22:06.389406,2025-04-04 03:22:25.181046,0 days 00:00:18.791640,0.3864082644361175,0.6895794161483203,8,0.13470980284545847,0.23540643834859737,0.026188707288240937,0.04989771515286565,0.03522208582551098,0.008552328676924653,0.02676028213920357,8,20,0.02498314918938581,0.15472466482276348,True,True,True,1.1120666610222014e-06,COMPLETE
33,0.42676337957382204,2025-04-04 03:22:25.194295,2025-04-04 03:22:42.341057,0 days 00:00:17.146762,0.45315943041467466,0.6053090292303285,8,0.10301819282966251,0.1481596041627982,0.012107967191820723,0.044497167978957086,0.04954711189000006,0.0010092421283458448,0.05112176470237909,5,43,0.04141349760710991,0.12112720540792793,True,True,True,3.530422670247496e-06,COMPLETE
34,0.5480509400367737,2025-04-04 03:22:42.355619,2025-04-04 03:22:59.652891,0 days 00:00:17.297272,0.269396651657079,0.6145952368204829,8,0.1057734625263265,0.15185228479585047,0.006512381309946073,0.04759574516852359,0.0368790733303889,0.0037481898586155596,0.014296473599649459,5,72,0.04455245074238976,0.11776092537902225,True,True,True,3.564095743434965e-07,COMPLETE
35,0.2973089635372162,2025-04-04 03:22:59.666795,2025-04-04 03:23:17.478491,0 days 00:00:17.811696,0.17976215216745361,0.6805819234449209,8,0.2523376772808328,0.19695706101911434,0.0508452025318316,0.05327093191928268,0.03623412167374003,0.035283871572610266,0.015284020607445287,6,74,0.05098449912039242,0.1121043336859267,True,True,True,2.69183966720352e-07,COMPLETE
36,0.29052439928054813,2025-04-04 03:23:17.492623,2025-04-04 03:23:35.807544,0 days 00:00:18.314921,0.307720356381628,0.5576999535011644,16,0.07174522654116652,0.161235722406523,0.06382202632400588,0.08803070234074603,0.01792883256463695,0.02408388387444446,0.007717164257273826,12,91,0.05954254244764837,0.1492602314593891,True,True,False,8.808176361026487e-08,COMPLETE
37,0.29052439928054813,2025-04-04 03:23:35.822168,2025-04-04 03:23:52.613992,0 days 00:00:16.791824,0.012867637326960835,0.1864316646738039,8,0.16441897502727817,0.2247747669081211,0.0029418302463375067,0.02644151041389644,0.07271816441024499,0.01786114405711656,0.00010466446561900195,5,51,0.07393464389282897,0.20376223280105057,True,True,True,3.439259477937567e-08,COMPLETE
38,0.29052439928054813,2025-04-04 03:23:52.628763,2025-04-04 03:24:09.900072,0 days 00:00:17.271309,0.24610342164495355,0.42556064171554997,16,0.1123347408907932,0.1388132019858268,0.0551793665150145,0.039369432682067385,0.06035672379043791,0.04219098605629972,0.03180394638201021,7,150,0.04533086065722487,0.09158493396450856,True,True,False,1.4020870713728417e-07,COMPLETE
39,0.3458586931228638,2025-04-04 03:24:09.915716,2025-04-04 03:24:27.337493,0 days 00:00:17.421777,0.1369748459589282,0.32988979928369666,16,0.03970555717950919,0.26795103204398335,0.06367000760382706,0.04668099609834734,0.03977963271480381,0.008436632175846804,0.0048294328239913715,11,61,0.036428516045503394,0.2529292267955337,True,False,True,5.688970577296678e-07,COMPLETE
40,0.29052439928054813,2025-04-04 03:24:27.353073,2025-04-04 03:24:52.344622,0 days 00:00:24.991549,0.2639266696402345,0.6187152447485564,8,0.11994571914961631,0.09644223589786391,0.0468334177404191,0.05870685303047912,0.06828442324300943,0.05499621978850773,0.011418965470988456,16,78,0.01418929831306142,0.07156076265057197,True,True,False,1.279264420775219e-08,COMPLETE
41,0.4909080028533936,2025-04-04 03:24:52.360330,2025-04-04 03:25:09.373984,0 days 00:00:17.013654,0.4382706153214405,0.6036426551425597,8,0.09939786008368938,0.15012600715269178,0.010509138992198672,0.04486833804578808,0.04884169338968342,0.0011625851167778034,0.05503116573994772,5,45,0.04253062945248585,0.12074676233832857,True,True,True,1.7648548691902187e-06,COMPLETE
42,0.29052439928054813,2025-04-04 03:25:09.389986,2025-04-04 03:25:40.079010,0 days 00:00:30.689024,0.35215451536969145,0.656471657954774,8,0.0881168951813015,0.1731402051742855,0.011053305264785124,0.05177923221560899,0.04648607988636499,0.005235934598013331,0.058556556398180366,24,56,0.057696704642013125,0.10714171689159668,True,True,True,1.6401558369797102e-06,COMPLETE
43,0.29052439928054813,2025-04-04 03:25:40.095485,2025-04-04 03:25:57.782953,0 days 00:00:17.687468,0.4123906366003264,0.5629742529593231,8,0.07330231023543193,0.15285994634774772,0.0157295779103201,0.036016975779585014,0.03295698526655266,0.010579093313492965,0.03490890138051268,6,71,0.04920090416606274,0.14641505396102805,True,True,True,8.577853288357273e-07,COMPLETE
44,0.29052439928054813,2025-04-04 03:25:57.800258,2025-04-04 03:26:34.014065,0 days 00:00:36.213807,0.4879522372232884,0.7410512373415344,8,0.10926972637697616,0.1801330743413001,0.07061044802296448,0.043984638907518414,0.042951418039030506,0.0037623025313791463,0.016467793090214823,30,88,0.04258879890471334,0.17738718762069824,True,True,True,3.698391439618573e-07,COMPLETE
45,0.29052439928054813,2025-04-04 03:26:34.031267,2025-04-04 03:26:49.924214,0 days 00:00:15.892947,0.6139301564103231,0.4229080192246435,16,0.28774873979220084,0.2011343106779975,0.06043875410110277,0.029179288699167426,0.028042972399963045,0.028335083538747505,0.06630604474450082,8,31,0.03594542521660157,0.12977953225630645,True,True,True,1.4859942873026052e-07,COMPLETE
46,0.41548475027084353,2025-04-04 03:26:49.941474,2025-04-04 03:27:20.438267,0 days 00:00:30.496793,0.34151290738713064,0.5012072663031181,2,0.1261485174245295,0.13569931348979564,0.0013138798085436457,0.017724340801834576,0.06318343006854929,0.01840429868509845,0.019892304855471967,5,65,0.07157155510396293,0.028670295987144184,True,False,True,2.3882047420119134e-06,COMPLETE
47,0.3711741447448731,2025-04-04 03:27:20.456228,2025-04-04 03:27:38.225458,0 days 00:00:17.769230,0.45804188570120696,0.2508125594754263,16,0.0170493623898621,0.10518325789093773,0.03918016104235042,0.07556363391173908,0.0372386221459038,0.0088459406449752,0.03357359628745041,10,76,0.0016451425146365994,0.2325032192393662,True,True,False,1.4304974775433228e-05,COMPLETE
48,0.3590505123138428,2025-04-04 03:27:38.243426,2025-04-04 03:27:55.881656,0 days 00:00:17.638230,0.5846457503306148,0.35282486088433496,8,0.06225359355544289,0.15620996189774794,0.020979056866795673,0.05002827268908947,0.07737846746059165,0.011828519914553835,0.0003411860275352496,6,49,0.0526881566638531,0.11703324638612406,True,True,True,5.949401823984178e-06,COMPLETE
49,0.29046784043312074,2025-04-04 03:27:55.899948,2025-04-04 03:28:14.121691,0 days 00:00:18.221743,0.6994695184509041,0.12028744978897793,16,0.1194784959098337,0.2245689763690573,0.008470366965432102,0.061907338239526474,0.044087799054112566,0.017807199472362818,0.0035298040930218074,10,103,0.021355214396094047,0.16297299387339098,True,False,True,1.4540566092780318e-06,COMPLETE
50,0.5928599238395691,2025-04-04 03:28:14.141606,2025-04-04 03:28:30.408202,0 days 00:00:16.266596,0.36761392818699024,0.3996595188327499,16,0.09264385304665279,0.07792594579163405,0.01582117279451565,0.0684399833077701,0.05196549084662397,0.033279983142217584,0.009912904966423176,7,81,0.03640790525712745,0.08039076799324912,True,True,True,3.383626766020159e-05,COMPLETE
51,0.490662157535553,2025-04-04 03:28:30.427104,2025-04-04 03:28:47.161781,0 days 00:00:16.734677,0.364133317430824,0.4145442890713356,16,0.08924921313489892,0.07396322435491173,0.012007201047537067,0.054721366775688535,0.051951107323858874,0.033472580748573046,0.01105346541905422,8,82,0.03749714522850881,0.07633590271146579,True,True,True,0.0005474026873723304,COMPLETE
52,0.4236800968647004,2025-04-04 03:28:47.180944,2025-04-04 03:29:04.020825,0 days 00:00:16.839881,0.27829626945685426,0.49863768743250453,16,0.08747545951539615,0.07856272350001801,0.015510350997602946,0.06904784220678656,0.05261541935761714,0.03453770495982621,0.010661702470195789,8,82,0.0356632947353662,0.04878936671654985,True,True,True,0.0005199565844821214,COMPLETE
53,0.3461147725582123,2025-04-04 03:29:04.040276,2025-04-04 03:29:20.184123,0 days 00:00:16.143847,0.421771642579933,0.27497016570387456,16,0.05162276357352906,0.029657916723627706,0.006922138458239402,0.05611162001792167,0.05853274818049967,0.05135694351247269,0.004696093701318844,6,91,0.025026474496096775,0.07453996335662125,True,True,True,3.81508907576749e-05,COMPLETE
54,0.491057825088501,2025-04-04 03:29:20.204623,2025-04-04 03:29:36.671991,0 days 00:00:16.467368,0.48751877174078884,0.5714494437501499,16,0.07516107316442051,0.09504806269289101,0.01819993760839609,0.0715153432088192,0.06569472544039551,0.032221888455777024,0.0024905463189571217,8,82,0.05630613210510173,0.08010066131671595,True,True,True,2.2240674672631412e-05,COMPLETE
55,0.364329218864441,2025-04-04 03:29:36.693772,2025-04-04 03:29:52.912221,0 days 00:00:16.218449,0.5025091258636474,0.5944601589161164,16,0.06796722790183382,0.08304536780842986,0.02480303384283339,0.07540175202738988,0.06884857084254463,0.030885797210180966,0.0019769651638962263,8,114,0.0625184184885628,0.058946139785765996,False,True,True,9.05012175795374e-05,COMPLETE
