number,value,datetime_start,datetime_complete,duration,params_alpha-eval,params_alpha-train,params_batch-size,params_eps-eval,params_eps-train,params_lambda-actions-eval,params_lambda-actions-train,params_lambda-frames-eval,params_lambda-frames-train,params_learning-rate,params_n-epochs,params_n-frames,params_radius-gw,params_rho,params_std-feats,params_ub-actions,params_ub-frames,params_weight-decay,state
683,0.6123516321182251,2025-04-24 01:51:35.311040,2025-04-24 01:53:04.127324,0 days 00:01:28.816284,0.3867726975839343,0.5752601222644745,2,0.22661108587168802,0.013763350186756418,0.09774314136037623,0.03705881312256781,0.04406469877952102,0.016014380962720887,0.049818429445671615,22,35,0.014548793403040598,0.08373315972738588,True,False,False,3.3079245137819196e-05,COMPLETE
684,0.9913437724113465,2025-04-24 01:53:04.341203,2025-04-24 01:54:56.507237,0 days 00:01:52.166034,0.2704861920950209,0.6731405098103997,2,0.1340420584599149,0.024673294017767966,0.08769229943367395,0.04027668650352433,0.04042248385479507,0.009157659481700726,0.02968994052370718,30,21,0.012701916689047996,0.10151202970905708,True,False,False,0.00015948371558326753,COMPLETE
685,0.41527573466300965,2025-04-24 01:54:56.729642,2025-04-24 01:56:46.837006,0 days 00:01:50.107364,0.28736397414196363,0.6876592539411985,2,0.13419670145683255,0.0317141391451187,0.0879879020448203,0.037328335401563245,0.04179247174017556,0.009078547585662336,0.0282654580741549,29,25,0.012433363816321374,0.08805196772241966,True,False,False,0.00010577811775028122,COMPLETE
686,0.3575140178203583,2025-04-24 01:56:47.051763,2025-04-24 01:58:37.079863,0 days 00:01:50.028100,0.26715920444966634,0.7134363111922725,2,0.13795290820182712,0.041733799675676406,0.08483390213462587,0.03810078947658602,0.04574991762928081,0.01076999284206671,0.03236786990586414,29,14,0.011637920006578182,0.09843915173960142,True,False,False,7.69006623156411e-05,COMPLETE
687,0.3890074729919434,2025-04-24 01:58:37.304840,2025-04-24 02:00:30.194512,0 days 00:01:52.889672,0.3002952138169956,0.680857233416366,2,0.1337011502125768,0.03783675908438899,0.08711141507255343,0.012076456244264712,0.043348068022287425,0.006547638088079411,0.034690838487146644,30,32,0.01240711423118268,0.09030312233884692,True,False,False,0.0001373167743314004,COMPLETE
688,0.4154986143112183,2025-04-24 02:00:30.421078,2025-04-24 02:02:22.168726,0 days 00:01:51.747648,0.6361543749356445,0.6641913618325892,2,0.1441657992710402,0.029054775969479085,0.08410290504480727,0.050477635558686555,0.04911688002673792,0.013828984102167747,0.024570493502802083,30,28,0.013923527268489283,0.10122113211093271,False,False,False,0.00015530813597457987,COMPLETE
689,0.3725338757038117,2025-04-24 02:02:22.384031,2025-04-24 02:03:02.197294,0 days 00:00:39.813263,0.4925716774181973,0.6944846783838209,8,0.126821847663743,0.027794811856673027,0.0420317068477654,0.04028417274054069,0.04041906436440061,0.006917467421137882,0.039543692698755316,30,10,0.010703554639315879,0.09544282368510287,True,False,False,0.0006340934044849173,COMPLETE
690,0.9938687920570374,2025-04-24 02:03:02.427017,2025-04-24 02:04:53.495677,0 days 00:01:51.068660,0.4072779204540012,0.7240995262894729,2,0.13889303180586698,0.023967005415913695,0.08680954543745067,0.09349029069579831,0.03874031374701787,0.0012195161008999034,0.032344162184168614,30,19,0.011534459007337043,0.10506902829147648,True,False,False,0.00011219803703439066,COMPLETE
691,0.36696513891220095,2025-04-24 02:04:53.711819,2025-04-24 02:06:47.962285,0 days 00:01:54.250466,0.4158503957710393,0.726298207485484,2,0.1302194662342457,0.03706895757060334,0.08670983643260723,0.09444367420910421,0.038564579037805524,0.002384176693926261,0.02819355890371253,30,16,0.01240279124623141,0.10304444705637715,True,False,False,0.0001140266154287844,COMPLETE
692,0.41531730294227603,2025-04-24 02:06:48.189360,2025-04-24 02:08:41.465794,0 days 00:01:53.276434,0.3898912893217311,0.7587097593438894,2,0.138276091284921,0.02488337687760231,0.08591114504236592,0.0938057803121858,0.0864343387467204,0.0062873506276689955,0.02249739645916138,30,18,0.029973303553720625,0.10605469357386563,True,False,False,8.475348572881983e-05,COMPLETE
693,0.3551794409751892,2025-04-24 02:08:41.683287,2025-04-24 02:10:34.100531,0 days 00:01:52.417244,0.4425020503582765,0.7432213990430798,2,0.12856245295036933,0.048028210471122636,0.0825043987557065,0.03987659527714285,0.03749129740936622,0.005736048726652128,0.030474607764298844,30,19,0.014252698393726459,0.09384390719688598,True,False,False,9.482382879038357e-05,COMPLETE
694,0.3623942732810974,2025-04-24 02:10:34.327843,2025-04-24 02:12:26.374686,0 days 00:01:52.046843,0.41044054189453355,0.7142673620726863,2,0.13888203864147908,0.07330231995082791,0.08867574056988685,0.0423598531539064,0.039233778105429724,0.008230205803482167,0.02767295065972134,30,15,0.010667159847821768,0.10226403901477686,True,False,False,0.00011964804714965,COMPLETE
695,0.38730529546737674,2025-04-24 02:12:26.591634,2025-04-24 02:14:23.113889,0 days 00:01:56.522255,0.3653649850902838,0.7359061354652838,2,0.1443347437251255,0.03306399164407633,0.08658474705557519,0.04633338346301928,0.03754786722557295,0.0035303788508789114,0.02167460898903509,30,12,0.0112749681758518,0.10903470623986253,True,False,False,0.0001373719726009661,COMPLETE
696,0.3641641616821289,2025-04-24 02:14:23.340979,2025-04-24 02:16:16.443820,0 days 00:01:53.102841,0.37940349716964705,0.7709986127554925,2,0.12449376776679817,0.0254301360665872,0.08428541274201702,0.09307420397068304,0.04054307185190372,0.0086011167842849,0.032015370580146474,30,21,0.013482067432355933,0.09721323024184153,True,False,False,1.4863599350891334e-06,COMPLETE
697,0.3649154841899872,2025-04-24 02:16:16.674941,2025-04-24 02:18:08.734521,0 days 00:01:52.059580,0.4562511893841774,0.7316184509660535,2,0.1364393907040002,0.030294642345593748,0.08946067606466074,0.04916340577739985,0.038256279460326684,0.019071294836266368,0.025588794586036946,30,18,0.010125621867167128,0.10644110935598627,True,False,False,6.687145228045171e-05,COMPLETE
698,0.41413515806198126,2025-04-24 02:18:08.951144,2025-04-24 02:20:00.957403,0 days 00:01:52.006259,0.3576589509806049,0.704735756330869,2,0.14158167833242513,0.02316181333827954,0.0878972549945917,0.03879446524407781,0.04103340187277646,0.004596227532736251,0.0340989288218702,30,23,0.012441891952113263,0.0918329330522824,True,False,False,9.022548836189006e-05,COMPLETE
699,0.9696524500846864,2025-04-24 02:20:01.192379,2025-04-24 02:21:50.263621,0 days 00:01:49.071242,0.16398202219461194,0.7612268660548881,2,0.14634644873383562,0.021325024427857418,0.08147425276727728,0.0326925198741886,0.0421829230671646,0.025458687567432033,0.021841774388237017,29,20,0.014503312842811637,0.10412237170603424,True,False,False,0.00017024740749405914,COMPLETE
700,0.36705387830734254,2025-04-24 02:21:50.482721,2025-04-24 02:23:43.145813,0 days 00:01:52.663092,0.2818850676400093,0.7172192992827372,2,0.13023736294436306,0.03620962232467739,0.08326863182018733,0.035837017577770414,0.036355422837117846,0.01763765655785438,0.038959014450620284,30,22,0.010815539157575707,0.11265114620805738,True,False,False,0.00011660515217088491,COMPLETE
701,0.37157174944877625,2025-04-24 02:23:43.376445,2025-04-24 02:25:33.164623,0 days 00:01:49.788178,0.42269683869310287,0.7496122694387013,2,0.13308101024372232,0.22215129936126538,0.07630791014449839,0.051260832936508675,0.03933319783352959,0.021410692197268502,0.001416256812611856,29,16,0.015241606296733214,0.10151161616366298,True,False,False,0.0001602134605693384,COMPLETE
702,0.4050349891185761,2025-04-24 02:25:33.385082,2025-04-24 02:27:29.611413,0 days 00:01:56.226331,0.10859069101021478,0.7064572819557932,2,0.05956331842461659,0.028330815764338442,0.08518355278095689,0.07157088018150076,0.03716866747332715,0.010944819872389749,0.02833509179267752,30,13,0.008681765708741669,0.08439148921730841,True,False,False,7.722708967207406e-05,COMPLETE
703,0.29052439928054813,2025-04-24 02:27:29.841595,2025-04-24 02:29:02.086309,0 days 00:01:32.244714,0.23942847672756498,0.6868461562098085,2,0.14885424950326692,0.02035752596505779,0.08766533210637895,0.04422686872546848,0.040223989700740655,0.009185506585128556,0.0006726439219598134,23,84,0.012271010859955292,0.10849127070790138,True,False,False,6.331401751016945e-05,COMPLETE
704,0.41276117563247683,2025-04-24 02:29:02.315568,2025-04-24 02:30:30.722703,0 days 00:01:28.407135,0.3067826110546045,0.6736292049815743,2,0.05680709065529691,0.022645209064911825,0.08970997753032198,0.04034064329404713,0.08215317416996161,0.01257763865156733,0.04214145119239625,22,34,0.014304317669465577,0.11335285326794454,True,False,False,0.00010289443638481661,COMPLETE
705,0.29052439928054813,2025-04-24 02:30:30.943497,2025-04-24 02:31:35.130276,0 days 00:01:04.186779,0.43885495500849014,0.6549977227744455,2,0.13872257333696014,0.018600006138105286,0.07810835432681416,0.09134169841688812,0.05132172362148986,0.013078224478499137,0.018961912588273407,14,90,0.09058599412865018,0.09924282825521843,True,False,False,5.176202287084465e-05,COMPLETE
706,0.3619490683078766,2025-04-24 02:31:35.365149,2025-04-24 02:33:00.228720,0 days 00:01:24.863571,0.1334825138423166,0.7831038811927871,2,0.1348010332313043,0.03016496059902167,0.08589745745340799,0.046865564440590896,0.04279447244343589,0.004353758097913818,0.03782627074056528,21,30,0.008969919195920464,0.11745087280255605,True,False,False,0.00013560267317974602,COMPLETE
707,0.9514814138412476,2025-04-24 02:33:00.452355,2025-04-24 02:34:52.919151,0 days 00:01:52.466796,0.25287088172294514,0.7393854562257793,2,0.1275920102665962,0.01812550516081619,0.08216984278880365,0.04310262920871844,0.038433173800573074,0.01623694301483535,0.03274670237088331,30,26,0.010041641866296582,0.09342961005835573,True,False,False,0.00022361669988494023,COMPLETE
708,0.40695165991783144,2025-04-24 02:34:53.151441,2025-04-24 02:36:17.513216,0 days 00:01:24.361775,0.39585666581246015,0.7247222904299597,2,0.12098345987829068,0.0238074193114488,0.07343027616292719,0.049069313672734045,0.04166893291663699,0.018846795829624865,0.02479363183625611,21,23,0.016480612977009146,0.10692909096187342,False,False,False,4.387809866974667e-05,COMPLETE
709,0.36827896833419804,2025-04-24 02:36:17.737056,2025-04-24 02:38:07.308522,0 days 00:01:49.571466,0.22124585699102547,0.6974661116547234,2,0.05464571475826496,0.033930662490714025,0.08000721501610775,0.09226177601924176,0.03638636048410524,0.06185238822954578,0.007227027336710739,29,18,0.011870240616925955,0.11706665430405405,True,False,False,0.00016831143997352778,COMPLETE
710,0.40939950942993164,2025-04-24 02:38:07.541393,2025-04-24 02:39:32.699250,0 days 00:01:25.157857,0.20503874031082214,0.5448139294117342,2,0.14156722649357623,0.015514071217527393,0.08951718809854278,0.05665703562763135,0.04488432707410236,0.02185009955355152,0.0026245953862666393,21,28,0.009899743597170616,0.0999246669065445,True,False,False,9.044627836797119e-05,COMPLETE
711,0.3876695454120636,2025-04-24 02:39:32.935789,2025-04-24 02:40:04.134419,0 days 00:00:31.198630,0.2699175958740068,0.6623198458077391,8,0.0617524374106661,0.025627922941843437,0.08669935302517887,0.007206400084002078,0.03898139460339989,0.0028759903837717662,0.04533741935459668,20,20,0.012964275633542958,0.10930195527417522,True,False,False,9.28798183642595e-06,COMPLETE
712,0.5528489232063294,2025-04-24 02:40:04.357816,2025-04-24 02:41:33.817147,0 days 00:01:29.459331,0.2890335283382823,0.6793791188912656,2,0.14715471069871525,0.01574599687275426,0.06209380305361811,0.06834553634952492,0.04817220563301143,0.024012635415689213,0.030109801777424203,22,35,0.007622175861522939,0.15807763719808438,True,False,False,0.00011331497726727156,COMPLETE
713,0.3813119173049927,2025-04-24 02:41:34.053794,2025-04-24 02:43:16.957411,0 days 00:01:42.903617,0.24672603939767432,0.5791960060945502,2,0.04988375304807638,0.04068109539449545,0.08385518511269578,0.03445809857124239,0.040957288158991814,0.014057263481777688,0.0017998068428387384,27,31,0.01483460941790617,0.15425761894896392,True,False,False,7.974787672662304e-05,COMPLETE
714,0.41790840625762943,2025-04-24 02:43:17.181272,2025-04-24 02:45:09.546995,0 days 00:01:52.365723,0.32171791224794705,0.7076075664879851,2,0.15291481823774797,0.02096314592497554,0.08892388393005987,0.045127349259611975,0.04298969921997933,0.0021282852617811616,0.00955930081453233,30,25,0.017186420564115554,0.15026654923344523,True,False,False,0.00027207716474582106,COMPLETE
715,0.45096490383148197,2025-04-24 02:45:09.782590,2025-04-24 02:46:19.369195,0 days 00:01:09.586605,0.18364957841150573,0.7627144824652684,2,0.14411993652025984,0.013882897930031569,0.08483970877965386,0.09998244026894988,0.04640811268928428,0.017126379559719053,0.01723328226014409,16,22,0.033932013743829245,0.11482344351634258,True,False,False,0.00020324564775748728,COMPLETE
716,0.36773201823234564,2025-04-24 02:46:19.593930,2025-04-24 02:47:50.934458,0 days 00:01:31.340528,0.8472095197371167,0.8217269458369413,2,0.049756731141701004,0.029551290483818878,0.08767221768440303,0.04213776201139206,0.03702844445035656,0.014324850151653037,0.020848851636552052,23,15,0.009706100492574496,0.10304258775670885,True,False,False,0.00014958516833245034,COMPLETE
717,0.29052439928054813,2025-04-24 02:47:51.169908,2025-04-24 02:48:58.197240,0 days 00:01:07.027332,0.4724885197591315,0.6523070148293834,2,0.057721743944706735,0.017400061787966537,0.09025077446507922,0.09469060466240566,0.033841561191106276,0.018580340385591827,0.035218814415247185,15,81,0.07492308150846445,0.1611804954569328,True,False,False,9.7288441535768e-05,COMPLETE
718,0.3653083205223084,2025-04-24 02:48:58.435282,2025-04-24 02:50:23.673199,0 days 00:01:25.237917,0.800741366977798,0.5597097201404346,2,0.006421608729719325,0.013304215300418573,0.08143882472435955,0.06111749352111988,0.044341947850497825,0.028870885824201945,0.0012516057990558493,21,28,0.05347527003981704,0.11322145386963442,True,False,False,0.00013076928376212584,COMPLETE
719,0.3983778238296509,2025-04-24 02:50:23.894742,2025-04-24 02:51:46.052109,0 days 00:01:22.157367,0.3439885006883136,0.750039529069921,2,0.13751309553389127,0.021934134471872643,0.07582391106344001,0.09009434177722384,0.039660457828730164,0.007427936199781475,0.00821589941043772,20,33,0.011177507314400615,0.12211799755657983,True,False,False,5.2959926028869104e-05,COMPLETE
720,0.8993410587310792,2025-04-24 02:51:46.291517,2025-04-24 02:52:51.199584,0 days 00:01:04.908067,0.6616682094654308,0.7219542196982844,2,0.2389129368191352,0.027144419092606474,0.0669095270497435,0.03964117696000754,0.032309914170514833,0.005486365833122633,0.010409195089865878,14,10,0.007576180536901695,0.1079848548639532,True,False,False,6.857729193020973e-05,COMPLETE
721,0.4136588454246521,2025-04-24 02:52:51.425108,2025-04-24 02:54:15.652723,0 days 00:01:24.227615,0.6033586875080948,0.6863920058223806,2,0.1308001282296725,0.010463677225034045,0.08619578470704263,0.04673210111635296,0.041717526333294744,0.011295065948268127,0.026841609004039986,21,24,0.019220575012183126,0.13904006271834196,True,False,False,0.0003198143977497758,COMPLETE
722,0.46218103170394903,2025-04-24 02:54:15.891255,2025-04-24 02:55:31.663082,0 days 00:01:15.771827,0.22865696762284976,0.641081246101208,2,0.060980149425809774,0.03478063474126647,0.07183096352546396,0.09330273260227137,0.03639000278275944,0.010322734431495555,0.050515772689115335,22,19,0.012745974769189185,0.09183325150415818,True,False,True,0.00019652241479189154,COMPLETE
723,0.42389881014823916,2025-04-24 02:55:31.889071,2025-04-24 02:57:21.634934,0 days 00:01:49.745863,0.26304871575975536,0.7861946362146174,2,0.05262938739579981,0.016524321796819043,0.08290702324215413,0.05177152871762424,0.03802417023235308,0.016395362228027028,0.06378961263918805,29,31,0.006405220005025769,0.16165923760844406,True,False,False,0.00046035923394809254,COMPLETE
724,0.29052439928054813,2025-04-24 02:57:21.873415,2025-04-24 02:58:42.652920,0 days 00:01:20.779505,0.3623494862529587,0.5928320131798347,2,0.12119785052233487,0.00010052293144319213,0.07796856866418475,0.016227085624165416,0.046553453837773075,0.01402135346520703,0.040664406307048796,20,26,0.014354489109743351,0.12799767148558716,True,False,False,0.00010086410625880852,COMPLETE
725,0.36352928876876833,2025-04-24 02:58:42.893518,2025-04-24 03:00:28.976613,0 days 00:01:46.083095,0.30808836850774457,0.6666972916722362,2,0.013623826777901889,0.021811570161513267,0.03103586298406096,0.03619818458109699,0.04302825664355415,0.019646831558978787,0.02340640728327314,28,37,0.09977906975389673,0.09732920358382535,True,False,False,0.0001721010971590003,COMPLETE
726,0.39345664381980894,2025-04-24 03:00:29.202891,2025-04-24 03:01:37.401485,0 days 00:01:08.198594,0.28664696881531243,0.5368667780050725,2,0.044931119388150295,0.009843746352252306,0.09085230217295408,0.09674839260685339,0.03995031433865315,0.02320490524318366,0.029701621700672618,19,17,0.00999816850437174,0.15428629451043524,False,False,True,6.928801653649498e-05,COMPLETE
727,0.9992232084274293,2025-04-24 03:01:37.640535,2025-04-24 03:02:58.090981,0 days 00:01:20.450446,0.42928666329148557,0.5729878954822293,2,0.06313328401448255,0.014653626278042954,0.08816147006398597,0.054680113522936946,0.03563338023801494,0.012066401438319933,0.03467636451636296,20,21,0.001046705087822136,0.1650514519318765,True,False,False,0.00012429009716765212,COMPLETE
728,0.3972777366638184,2025-04-24 03:02:58.319271,2025-04-24 03:04:21.355420,0 days 00:01:23.036149,0.4050232678476867,0.7041065212618299,2,0.06425748674713651,0.028008942072699924,0.08855050124731051,0.05348925077721807,0.0305632894744957,0.012577715676822131,0.03577714259299559,20,14,0.016462170733406077,0.16681612432918258,True,False,False,0.00013540429561804726,COMPLETE
729,0.45848438739776615,2025-04-24 03:04:21.598213,2025-04-24 03:05:40.534013,0 days 00:01:18.935800,0.4109540636313841,0.6300435236610239,2,0.055394271336432134,0.02247900880169572,0.0872020818238625,0.056358989936031896,0.011273809844328464,0.010247071949794566,0.04452964038344639,19,20,0.007987512442588909,0.11459108894000047,True,False,False,0.00011785217813324278,COMPLETE
730,0.352827376127243,2025-04-24 03:05:40.776010,2025-04-24 03:07:01.347056,0 days 00:01:20.571046,0.42707222633865893,0.655740943485378,2,0.04744715933197179,0.04657592970080472,0.09001167119556747,0.05511144659063807,0.03300866875496111,0.012029940638626271,0.03097599848357883,20,21,0.004518323837414264,0.10472685195297426,True,False,False,0.00015109149678232028,COMPLETE
731,0.4257169663906098,2025-04-24 03:07:01.575077,2025-04-24 03:08:26.278100,0 days 00:01:24.703023,0.4579094852009134,0.7357297781073697,2,0.15290334023279406,0.016295445332475022,0.08549677468938952,0.05952714520091426,0.035348173243710354,0.014849921718373868,0.035313406349452015,21,17,0.011391312252655262,0.16519833782697652,True,False,False,8.321757231256465e-05,COMPLETE
732,0.3617038905620575,2025-04-24 03:08:26.518850,2025-04-24 03:09:47.720984,0 days 00:01:21.202134,0.44122981088210245,0.5714988542860641,2,0.23011263508453567,0.03219174413329205,0.08795609307070532,0.051756596589871445,0.033717656093609626,0.007856034303969259,0.050073287533495756,20,23,0.018369473276974104,0.12167202275592998,True,False,False,0.000124442955287918,COMPLETE
733,0.6130031824111939,2025-04-24 03:09:47.948498,2025-04-24 03:11:06.888168,0 days 00:01:18.939670,0.463691178568481,0.6027478162814508,2,0.05569780779211188,0.024913709114351243,0.09070959974855423,0.05271628082148659,0.03523299483943134,0.012371503058615793,0.02656832885436963,19,19,0.04978619193020043,0.10795962550766945,True,False,False,0.0001047824218944617,COMPLETE
734,0.47551918029785156,2025-04-24 03:11:07.129374,2025-04-24 03:12:34.292498,0 days 00:01:27.163124,0.44070872563598573,0.6776028888460899,2,0.0628043588811614,0.013452615037479205,0.08398014203731226,0.05827761408841424,0.029644235518942706,0.009099484574433027,0.04126628285322519,21,87,0.009416796174152635,0.13496688857188083,True,False,False,8.702662121097028e-05,COMPLETE
735,0.37657365798950193,2025-04-24 03:12:34.536868,2025-04-24 03:13:58.447331,0 days 00:01:23.910463,0.43021914528867344,0.6955380795739006,2,0.14293945787267556,0.24199041444800484,0.08578050378214683,0.05454436954593643,0.08444966707097983,0.01523479951176999,0.05592740057859591,20,11,0.005779830072681618,0.11800250891946594,True,False,False,0.00019621525734077162,COMPLETE
736,0.37149150371551515,2025-04-24 03:13:58.678564,2025-04-24 03:15:23.516968,0 days 00:01:24.838404,0.3986246394011531,0.8019708052975164,2,0.1328997120741741,0.20480120564312795,0.08834864119681385,0.04130815709455002,0.03307827277070377,0.016082350429574573,0.03351362112343753,21,17,0.0010373335053578835,0.16893689530912762,True,False,False,0.00024028533751889529,COMPLETE
737,0.3537398219108582,2025-04-24 03:15:23.759678,2025-04-24 03:16:45.047241,0 days 00:01:21.287563,0.3753667855235975,0.6258002276864053,2,0.053890330056071134,0.019127118835690824,0.09113288669772861,0.050563310634857424,0.03634653637345749,0.012675018887714665,0.02468744265727536,20,22,0.023112357077900682,0.07710732471713211,True,False,False,0.00015451492962935675,COMPLETE
738,0.5486654400825501,2025-04-24 03:16:45.279014,2025-04-24 03:18:04.495308,0 days 00:01:19.216294,0.414472589413082,0.6470400964011895,2,0.04917908943902154,0.007368077975465712,0.04560227556108167,0.05481459868704681,0.03780860407609818,0.014013438829161284,0.02078524682715343,19,13,0.013691171117966106,0.09768985929567921,True,False,False,0.00011739951725156968,COMPLETE
739,0.9977483987808228,2025-04-24 03:18:04.737336,2025-04-24 03:19:31.470898,0 days 00:01:26.733562,0.41844058315557525,0.7266609253095764,2,0.14806034129481133,0.013474948207302117,0.08693980383366678,0.048117363848395,0.04820839545121375,0.001054707883134054,0.03959799528015257,21,7,0.04647782562849114,0.11229651143267297,True,False,False,0.00016429658042543824,COMPLETE
