number,value,datetime_start,datetime_complete,duration,params_alpha-eval,params_alpha-train,params_batch-size,params_eps-eval,params_eps-train,params_lambda-actions-eval,params_lambda-actions-train,params_lambda-frames-eval,params_lambda-frames-train,params_learning-rate,params_n-epochs,params_n-frames,params_radius-gw,params_rho,params_std-feats,params_ub-actions,params_ub-frames,params_weight-decay,state
1809,0.29136487245559695,2025-04-05 02:59:12.680970,2025-04-05 02:59:45.599337,0 days 00:00:32.918367,0.0451993219387204,0.39791376934512834,2,0.25400911815468813,0.0754615401498085,0.062032185707585674,0.034816614842643326,0.015882667835857244,0.09993587280534548,0.06260870405863726,6,33,0.001157615376836335,0.17462342987233082,True,False,True,2.8020516567526012e-08,COMPLETE
1810,0.2950988709926605,2025-04-05 02:59:46.212985,2025-04-05 03:00:18.667129,0 days 00:00:32.454144,0.0836392058212064,0.35914853092504584,2,0.2431383831089762,0.083639860822687,0.017139077713282925,0.03729267810208337,0.01858211012022157,0.09805496572524174,0.08358681521299405,6,30,0.0040504590920667095,0.1926712477606515,True,False,True,9.183200647740939e-08,COMPLETE
1811,0.32928540706634524,2025-04-05 03:00:19.257938,2025-04-05 03:01:03.329032,0 days 00:00:44.071094,0.06423095544619671,0.37565415233674876,2,0.25913133424941126,0.06722693976648256,0.010843422700062933,0.04404688834195741,0.014765316582458308,0.09729409216918444,0.0009137892991736126,10,35,0.0029257442224148635,0.1846111048220347,True,False,True,1.0436184651846416e-08,COMPLETE
1812,0.29052439928054813,2025-04-05 03:01:03.937770,2025-04-05 03:01:41.909852,0 days 00:00:37.972082,0.0394747037572149,0.45904748901780723,2,0.2344706353404681,0.07440638596616383,0.04837182065343907,0.03904474791526508,0.019530669240009457,0.09302868614457753,0.050237413338008824,8,26,0.0043786370299642875,0.1632224032790481,True,True,True,4.104304730547249e-08,COMPLETE
1813,0.40383502244949343,2025-04-05 03:01:42.504774,2025-04-05 03:02:12.856421,0 days 00:00:30.351647,0.08210807544023656,0.35064918651963883,2,0.2492598042834441,0.06761590652277275,0.01494766708637471,0.032918382075986755,0.024242701965200803,0.09821495656623011,0.07496896194322442,5,16,0.005637510207952005,0.20006646165802205,True,False,True,1.232363038165958e-07,COMPLETE
1814,0.49261479377746586,2025-04-05 03:02:13.468066,2025-04-05 03:02:49.120257,0 days 00:00:35.652191,0.05403666471261715,0.41025507499717895,2,0.2402404560599684,0.08109370900959725,0.013100970090823902,0.042070698735391744,0.013489251288968388,0.0958842026685905,0.0995596548877751,7,32,0.006328251794734568,0.17877825606161135,True,False,True,6.231543145490319e-08,COMPLETE
1815,0.2929771184921265,2025-04-05 03:02:49.709701,2025-04-05 03:03:22.224497,0 days 00:00:32.514796,0.03003739967241054,0.42199702800224165,2,0.24572488576955234,0.06810435954899081,0.017391351055406522,0.04595525775053091,0.017503758512787487,0.09282908291140869,0.060720270895512546,6,30,0.0027832510641474656,0.16934339911768556,False,False,True,8.075586841550931e-08,COMPLETE
1816,0.3833106756210327,2025-04-05 03:03:22.834016,2025-04-05 03:03:52.987446,0 days 00:00:30.153430,0.09253461365684808,0.38254997810320923,2,0.23272813245336446,0.07317492924590127,0.010989579395907964,0.03637032614239452,0.020386743644401635,0.0999871274493303,0.0015077164311790396,5,35,0.0010442908713146175,0.18873779146361938,True,False,True,5.437071933913774e-08,COMPLETE
1817,0.5657459497451782,2025-04-05 03:03:53.596452,2025-04-05 03:04:29.188523,0 days 00:00:35.592071,0.010668834711149707,0.4542817536713636,2,0.2542664474708633,0.06703158668302875,0.015136896119692678,0.03084190992041158,0.01538747224550387,0.09587024465870103,0.07494961351056559,7,35,0.004638703323487548,0.17665721487694233,True,False,True,3.435293259060316e-08,COMPLETE
1818,0.29490388035774234,2025-04-05 03:04:29.786120,2025-04-05 03:05:02.270122,0 days 00:00:32.484002,0.06842342070423355,0.35418426174796425,2,0.2393039318425382,0.09066826323270033,0.013380165556377967,0.04043598309140322,0.013467866347106746,0.09164588711583338,0.058013849635015005,6,24,0.0029640041434258243,0.19412976107823315,True,False,True,9.663924116734566e-08,COMPLETE
1819,0.953711223602295,2025-04-05 03:05:02.876708,2025-04-05 03:05:32.871442,0 days 00:00:29.994734,0.09681264270093683,0.340512577526214,2,0.23364507576099655,0.07422835063822851,0.017067874481515224,0.03812736481017667,0.015957336469678233,0.09278704405638652,0.08418542238852214,5,28,0.005884157223063663,0.1618781713598898,True,False,True,4.4870732084988334e-08,COMPLETE
1820,0.40430546402931217,2025-04-05 03:05:33.483042,2025-04-05 03:06:11.986430,0 days 00:00:38.503388,0.07206504910764147,0.3955866070730302,2,0.24938298757030547,0.0813691214076335,0.015870619905732228,0.042983777628337494,0.018741566966782055,0.09657436115657533,0.04802460265972592,8,36,0.006372619027772532,0.18266604298835787,True,False,True,1.5211898038899083e-08,COMPLETE
1821,0.4148421466350556,2025-04-05 03:06:12.584469,2025-04-05 03:06:48.375694,0 days 00:00:35.791225,0.04581977194009127,0.36949128883461174,2,0.2433083650294572,0.07433016609248973,0.012494799882193906,0.03468021912405624,0.022998100506975264,0.0910388712910235,0.06541202576181618,7,32,0.001035845293622359,0.17125169313086902,True,False,True,2.3950246056705016e-08,COMPLETE
1822,0.40252783298492434,2025-04-05 03:06:48.994583,2025-04-05 03:07:30.084090,0 days 00:00:41.089507,0.025654959845434755,0.42917426842856,2,0.23221920999810572,0.06544239914411851,0.017426945949130364,0.044430412953438,0.021052555924908192,0.09399145747712533,0.09919560650059542,9,21,0.004257348284326287,0.18126887125335245,True,False,True,6.997489823601568e-08,COMPLETE
1823,0.8152503013610841,2025-04-05 03:07:30.677211,2025-04-05 03:08:03.511045,0 days 00:00:32.833834,0.06256726457770803,0.34855218584362013,2,0.26110345130951396,0.06738615657880584,0.014730178385254802,0.04046454029840639,0.009866891294743907,0.09782240115418736,0.07271961685776554,6,37,0.0010925051401430266,0.16630771798701785,True,False,True,1.2443808761726149e-07,COMPLETE
1824,0.3536200225353241,2025-04-05 03:08:04.097653,2025-04-05 03:08:33.990219,0 days 00:00:29.892566,0.10322427024199955,0.34115444227421243,2,0.23900430442408555,0.1278260290475716,0.011421501411011593,0.0472436715190923,0.013637651502592623,0.09554993028501946,0.08427338918480712,5,32,0.003950489370601341,0.17487214814680707,True,False,True,2.781146214083304e-08,COMPLETE
1825,0.41598138809204105,2025-04-05 03:08:34.596669,2025-04-05 03:09:07.075078,0 days 00:00:32.478409,0.07905359246408253,0.41264029744234854,2,0.24660077589181895,0.07967362900157657,0.017218752256384813,0.03793031908893982,0.0173880625887077,0.09151149190562047,0.055444554136355,6,29,0.0935714599126243,0.18840273366736626,True,False,True,5.495046031547491e-08,COMPLETE
1826,0.2921602487564087,2025-04-05 03:09:07.684178,2025-04-05 03:09:37.414054,0 days 00:00:29.729876,0.04340611325647992,0.43801452682844555,2,0.25413625613976637,0.0864984233730259,0.013505706947048989,0.041720066073285635,0.025393428177608066,0.09421066108279598,0.06677506132613117,5,26,0.0064547407148384745,0.1992805196878937,True,False,True,3.799241591688666e-08,COMPLETE
1827,0.9979895472526551,2025-04-05 03:09:38.019962,2025-04-05 03:10:14.036107,0 days 00:00:36.016145,0.09838111949148626,0.3808147665918968,2,0.23043108602038495,0.06761318272444634,0.009807882091737467,0.03614218264754987,0.007850854439806527,0.09798300942423457,0.08534092346020565,7,37,0.002947209195236404,0.2076327483318226,True,False,True,8.354197634116351e-08,COMPLETE
1828,0.5334707856178285,2025-04-05 03:10:14.646508,2025-04-05 03:10:30.653242,0 days 00:00:16.006734,0.11399795464666626,0.3895861506214764,16,0.2296636352190622,0.07258486874085604,0.010823976092317068,0.030801634162392417,0.009519575358052576,0.09817222542500773,0.08752780906379182,8,37,0.006577074437821209,0.20828889517657442,True,False,True,6.98696470879333e-08,COMPLETE
1829,0.4225276231765748,2025-04-05 03:10:31.253550,2025-04-05 03:11:09.500451,0 days 00:00:38.246901,0.10336197000957273,0.38215086450965147,2,0.22958762981453656,0.07818030091623765,0.00967673337862593,0.033831050117698866,0.01191193063395607,0.09400469526229913,0.0998795312423316,8,36,0.006425155314091209,0.20492083898889207,True,False,True,8.406948253051426e-08,COMPLETE
1830,0.3931845247745514,2025-04-05 03:11:10.195815,2025-04-05 03:11:45.819647,0 days 00:00:35.623832,0.11753507986796405,0.4058523358902636,2,0.22900829897666108,0.07168339805310854,0.009023625865008822,0.03353977780769134,0.008329870755962086,0.09812540522506709,0.08535618327217002,7,32,0.0043746007104126655,0.2083082232466669,True,False,True,8.237433857743143e-08,COMPLETE
1831,0.29052439928054813,2025-04-05 03:11:46.429476,2025-04-05 03:12:32.999350,0 days 00:00:46.569874,0.0941206929344467,0.3885666782366568,2,0.2339429978865911,0.0816622742127218,0.010187419623550239,0.03554090252940706,0.012729816253656897,0.09847026182099448,0.0837208143670788,11,35,0.004363663708606478,0.20787005295444,True,True,True,5.963355681615253e-08,COMPLETE
1832,0.4101211309432984,2025-04-05 03:12:33.615196,2025-04-05 03:13:08.823314,0 days 00:00:35.208118,0.011670318284901213,0.3957303324226463,2,0.22353277852673464,0.07628482488436301,0.010593871867734854,0.03104987092813485,0.010828632276071977,0.09725788430287777,0.09986618776724601,7,34,0.0010630205303276223,0.21049272979678404,False,False,True,8.801509401341602e-08,COMPLETE
1833,0.9974835872650147,2025-04-05 03:13:09.423326,2025-04-05 03:13:50.874496,0 days 00:00:41.451170,0.11767170483584083,0.36576522178262116,2,0.22590105363441504,0.06765777549092922,0.010953452381417985,0.035906572373544644,0.009804909453071758,0.09625335707180446,0.09937989148465635,9,36,0.006714390297027474,0.20165443472894357,True,False,True,6.897313996926493e-08,COMPLETE
1834,0.2907038748264313,2025-04-05 03:13:51.464772,2025-04-05 03:14:32.680856,0 days 00:00:41.216084,0.11856232447387782,0.37043744228759845,2,0.23221995164502707,0.08440777349353452,0.012137452750812548,0.03282926426315234,0.010392249872777218,0.09612340105697277,0.0846364636695221,9,34,0.004996983788270586,0.2047769802163704,True,False,True,6.885359790772836e-08,COMPLETE
1835,0.40011798143386845,2025-04-05 03:14:33.293084,2025-04-05 03:15:11.179131,0 days 00:00:37.886047,0.11397140380550666,0.37373849678486837,2,0.2292372497243494,0.07723535442220239,0.010182292471869006,0.03292022892293943,0.009269138489532173,0.0941267233709452,0.09939789181995123,8,32,0.006861622455678535,0.20208499623667647,True,False,True,7.468292150587997e-08,COMPLETE
1836,0.9994869589805604,2025-04-05 03:15:11.774892,2025-04-05 03:15:52.829490,0 days 00:00:41.054598,0.12163655458500364,0.37080914945717697,2,0.23543709125783713,0.07100293082448292,0.012375398087396962,0.03510740889670906,0.011902850468298967,0.09470608926645732,0.08520293193102989,9,37,0.006439056974800232,0.20943872018994195,True,False,True,5.8578029557108316e-08,COMPLETE
1837,0.381340354681015,2025-04-05 03:15:53.443342,2025-04-05 03:16:37.877104,0 days 00:00:44.433762,0.12896160327713466,0.3606585016578966,2,0.2373203011051391,0.09424156632263513,0.009788974925066725,0.03081573131178931,0.01322457611995866,0.09519103957900936,0.08583590735533654,10,36,0.007288452888870125,0.2122697425635818,True,False,True,5.6613319056330806e-08,COMPLETE
1838,0.9977020621299744,2025-04-05 03:16:38.500592,2025-04-05 03:17:19.599978,0 days 00:00:41.099386,0.1270223231293357,0.3783674939760754,2,0.23743132069892578,0.0833755968820529,0.011649209196859803,0.03211468054246707,0.013190936597806565,0.09346982569662496,0.08572207945830304,9,36,0.0066447376092482295,0.20367714195131773,True,False,True,5.484339123445671e-08,COMPLETE
1839,0.2905426800251007,2025-04-05 03:17:20.197825,2025-04-05 03:17:58.580007,0 days 00:00:38.382182,0.1351378256197029,0.3728020245181153,2,0.23779547306229923,0.09508378467339454,0.010315841592720292,0.02922777203115049,0.014234472659779202,0.09312610195138427,0.0868544643577428,8,34,0.007205016973011095,0.2150746290326884,True,False,True,5.180829570019652e-08,COMPLETE
1840,0.3767740726470947,2025-04-05 03:17:59.203879,2025-04-05 03:18:43.080801,0 days 00:00:43.876922,0.12511710295706727,0.39522562467317346,2,0.2386446820973908,0.10018113936146822,0.008737080465950333,0.028869000961208136,0.011961270428477767,0.09283069456219281,0.08676230776844986,10,36,0.006701312373522369,0.21194828971346555,True,False,True,5.0560475481759055e-08,COMPLETE
1841,0.2912250518798828,2025-04-05 03:18:43.687489,2025-04-05 03:19:24.419049,0 days 00:00:40.731560,0.12382562442958514,0.3761601121745999,2,0.24035279616760294,0.09066871729324533,0.008821924007282043,0.03247499970510363,0.013576868218742363,0.09479729884524019,0.08529976949843314,9,30,0.007391394373804241,0.20442478149026821,True,False,True,4.8786515551811736e-08,COMPLETE
1842,0.29184548258781434,2025-04-05 03:19:25.040224,2025-04-05 03:20:09.378322,0 days 00:00:44.338098,0.14052004724808798,0.41137619178745227,2,0.2377517468697629,0.08828892581082759,0.0094224172777711,0.029399957726415384,0.012675375295356294,0.09508493302837467,0.08640936737149073,10,33,0.007281376693847301,0.20522160048671004,True,False,True,5.9272862895043813e-08,COMPLETE
1843,0.4186077117919922,2025-04-05 03:20:09.979290,2025-04-05 03:20:51.046133,0 days 00:00:41.066843,0.1310423175521172,0.388355244641514,2,0.23568377968233928,0.08395332754750576,0.012001293974324046,0.03296688981503389,0.012688803666787169,0.09562177181133653,0.07514399863023016,9,36,0.028180746039970013,0.2147667864506846,True,False,True,4.6767722721202024e-08,COMPLETE
1844,0.9371399879455566,2025-04-05 03:20:51.664581,2025-04-05 03:21:32.608262,0 days 00:00:40.943681,0.13340948159221636,0.40091232522209874,2,0.23475085967267875,0.08279339164741703,0.011436984240800712,0.02900660279553167,0.014957115588041183,0.09358063848688093,0.09704280272475675,9,33,0.006881356623435509,0.20776531418485986,True,False,True,6.428942747155973e-08,COMPLETE
1845,0.2944390118122101,2025-04-05 03:21:33.208357,2025-04-05 03:22:13.634924,0 days 00:00:40.426567,0.12612431678898606,0.42672023000585796,2,0.2421609963441705,0.0957786741711925,0.011719634573772387,0.031376826530410254,0.012214515678041733,0.0921582203746263,0.07496424316585176,9,30,0.005921545119844,0.2117401607733781,True,False,True,4.625827444108705e-08,COMPLETE
1846,0.3495208561420441,2025-04-05 03:22:14.248774,2025-04-05 03:22:55.316455,0 days 00:00:41.067681,0.11792699066808228,0.37837781193597764,2,0.23659326642546932,0.08898571931303143,0.012140897899624989,0.03200035295322672,0.013139763821568111,0.09570504774864115,0.09907227795641138,9,36,0.00714965998596502,0.2107377352291303,True,False,True,0.000984020827075028,COMPLETE
1847,0.4502254128456116,2025-04-05 03:22:55.911131,2025-04-05 03:23:37.015767,0 days 00:00:41.104636,0.14501023119015974,0.36766194396429747,2,0.23368028649882852,0.08558525608714751,0.008401658592612164,0.03319724518643453,0.014422462786074421,0.09282468947970195,0.09994291695109254,9,37,0.0072819340100144445,0.21045108366047335,True,False,True,5.499147462360904e-08,COMPLETE
1848,0.2919575452804566,2025-04-05 03:23:37.630644,2025-04-05 03:24:21.210301,0 days 00:00:43.579657,0.1300769153467575,0.4066161372831716,2,0.24012493644961244,0.09179210926877449,0.009867853982280957,0.034962286383774625,0.011885308287922284,0.09628235640893261,0.07417341345943002,10,32,0.0059493200460623286,0.19931331315264617,True,False,True,6.942278440079173e-08,COMPLETE
1849,0.33851837515830996,2025-04-05 03:24:21.840259,2025-04-05 03:25:00.301597,0 days 00:00:38.461338,0.11726625900235618,0.3804968427771705,2,0.24404891633774528,0.08028356325040029,0.012376592190987613,0.02744405322348229,0.014439965356785423,0.09314706304880788,0.07259807603182471,8,29,0.0071448814316257755,0.20694709272147577,True,False,True,7.852361335107248e-08,COMPLETE
1850,0.332269549369812,2025-04-05 03:25:00.907645,2025-04-05 03:25:17.312012,0 days 00:00:16.404367,0.10651127933094753,0.4132282333997583,16,0.23327095328818606,0.08645749104974776,0.00998155070348395,0.03023731425958776,0.01515770551749819,0.09168210717506255,0.0842366428347079,9,37,0.005280267919226403,0.20617092399638526,True,False,True,4.1706527871257854e-08,COMPLETE
1851,0.29052439928054813,2025-04-05 03:25:17.935713,2025-04-05 03:25:58.873595,0 days 00:00:40.937882,0.11195036261801194,0.38489392009894446,2,0.24191299124765828,0.0814430369930304,0.012883098204383492,0.034536115159957984,0.010522504207623391,0.09608382840781697,0.07435489782497975,9,31,0.007437059113270084,0.20290874896551037,True,True,True,6.076542587934398e-08,COMPLETE
1852,0.4124547123908997,2025-04-05 03:25:59.478169,2025-04-05 03:26:45.865598,0 days 00:00:46.387429,0.1296778077346858,0.36220600400770514,2,0.2351908644130889,0.08642961376437276,0.011411101345990689,0.03163816325413573,0.012507935668505589,0.09442283893084374,0.09731506993354895,11,34,0.00571984338072001,0.21335811234051255,False,False,True,5.151713259179264e-08,COMPLETE
1853,0.4129753351211548,2025-04-05 03:26:46.486322,2025-04-05 03:27:29.659857,0 days 00:00:43.173535,0.10081643485718154,0.4170056108934278,2,0.23130250848417022,0.10066147608929653,0.00887460748148539,0.03557952867385929,0.011126966908780926,0.09723034228608791,0.07264552862249556,10,37,0.03604043012805204,0.20915276306625924,True,False,True,7.43906916353736e-08,COMPLETE
1854,0.41591368317604066,2025-04-05 03:27:30.264284,2025-04-05 03:28:11.657902,0 days 00:00:41.393618,0.14303202769677176,0.3607478336141345,2,0.23974351111278,0.07741822340269136,0.011736463501812271,0.03391540091684694,0.010565700843903719,0.09142674470740461,0.09970307386258652,9,33,0.005433828131614468,0.2018441963763861,True,False,True,4.309298444663476e-08,COMPLETE
1855,0.30186477303504944,2025-04-05 03:28:12.281366,2025-04-05 03:28:55.518431,0 days 00:00:43.237065,0.15035596112660163,0.3894344828498729,2,0.2444943230201324,0.07823721055357495,0.013067600602799871,0.03137624298116033,0.013672993909672167,0.09460055355474031,0.085021752144057,10,29,0.007864028418372589,0.20968893804466604,True,False,True,6.403472566333445e-08,COMPLETE
1856,0.36743890643119814,2025-04-05 03:28:56.125125,2025-04-05 03:29:40.154508,0 days 00:00:44.029383,0.11093981154324616,0.39997419500271764,2,0.23016402810468914,0.08998607712201938,0.01362289439167195,0.03576620388242573,0.011378405181570588,0.09344753264796886,0.07114149845492339,10,35,0.005008715661091875,0.20304920294177586,True,False,True,8.474041226736555e-08,COMPLETE
1857,0.4368323147296906,2025-04-05 03:29:40.775103,2025-04-05 03:30:24.968753,0 days 00:00:44.193650,0.12732492245815663,0.36639015423019894,2,0.23530986567452317,0.08327884158308715,0.009042152814982437,0.03465727252055543,0.016180429722369376,0.09767937623515918,0.09991255066326621,10,37,0.005668680497539112,0.21404004024774315,True,False,True,5.4994091037060896e-08,COMPLETE
1858,0.3196814775466919,2025-04-05 03:30:25.599754,2025-04-05 03:31:06.063000,0 days 00:00:40.463246,0.10354922627880252,0.44734064692085534,2,0.2439566245203091,0.07846745119843895,0.013532197418561829,0.03600187023969893,0.011170166812586216,0.0963984746072996,0.07246096847907568,9,30,0.007545167648385649,0.20261059875457718,True,False,True,3.964970139040331e-08,COMPLETE
1859,0.9997424006462097,2025-04-05 03:31:06.669356,2025-04-05 03:31:50.236108,0 days 00:00:43.566752,0.11427115959785994,0.4186410183004136,2,0.23013310856914665,0.07463842330848405,0.010491208870221296,0.031766356587492744,0.014293134884814276,0.09167099904101304,0.09957841634840119,10,32,0.004608460344381624,0.20792155090633962,True,False,True,6.877087050018854e-08,COMPLETE
1860,0.3850279808044434,2025-04-05 03:31:50.860482,2025-04-05 03:32:31.442382,0 days 00:00:40.581900,0.15062219377090252,0.4260111130975761,2,0.23765119668860765,0.09247798071300901,0.007035920434557033,0.027555840927177448,0.015485230172968604,0.0915295723245945,0.08386560038074473,9,32,0.00829993539162005,0.21152046586245696,True,False,True,4.758446587823266e-08,COMPLETE
1861,0.2919506549835205,2025-04-05 03:32:32.050373,2025-04-05 03:33:13.072586,0 days 00:00:41.022213,0.13319753015711872,0.4484222315622295,2,0.22840499491845662,0.08527873930226788,0.00719185619905162,0.02976865230018483,0.015253005274780067,0.09373151458325084,0.06999291705716454,9,33,0.0074586847917099425,0.21440486036167597,True,False,True,6.04736477680847e-08,COMPLETE
1862,0.3002612769603729,2025-04-05 03:33:13.674835,2025-04-05 03:33:54.317704,0 days 00:00:40.642869,0.11800396742209052,0.467677704265122,2,0.2426216406455036,0.0797675714003763,0.01019204944965411,0.03143740023685523,0.013936484773447671,0.09167321805294074,0.08274772881663985,9,28,0.006537766267995295,0.20965499860006104,True,False,True,3.7932064941361725e-08,COMPLETE
1863,0.44467721581459047,2025-04-05 03:33:54.938432,2025-04-05 03:34:38.236157,0 days 00:00:43.297725,0.14811977051120706,0.35579017729577106,2,0.2306768609274541,0.07809118819823999,0.009742162334073504,0.03158197602347576,0.01607519501173208,0.09041591831038326,0.06741428323380376,10,31,0.005994814452757588,0.21559877102086814,True,False,True,7.22781048899646e-08,COMPLETE
1864,0.2908627152442932,2025-04-05 03:34:38.865454,2025-04-05 03:35:27.745351,0 days 00:00:48.879897,0.11091578367617103,0.4287388775043876,2,0.23417560755880804,0.08547060437944409,0.0077641494412717975,0.028989520339595152,0.013890377315194068,0.09286170974221843,0.09914495006458383,12,28,0.008215028417981394,0.20017790869833435,True,False,True,5.3449678749227226e-08,COMPLETE
1865,0.4159081518650055,2025-04-05 03:35:28.348458,2025-04-05 03:36:09.215941,0 days 00:00:40.867483,0.1012865566756901,0.3860043011287151,2,0.24630425461080813,0.0758939643727655,0.011101278310962265,0.02951407253575669,0.014227786547485992,0.09454346043917862,0.06571458082523955,9,32,0.005105790576696579,0.20630273483527778,True,False,True,9.099350278499477e-08,COMPLETE
