number,value,datetime_start,datetime_complete,duration,params_alpha-eval,params_alpha-train,params_batch-size,params_eps-eval,params_eps-train,params_lambda-actions-eval,params_lambda-actions-train,params_lambda-frames-eval,params_lambda-frames-train,params_learning-rate,params_n-epochs,params_n-frames,params_radius-gw,params_rho,params_std-feats,params_ub-actions,params_ub-frames,params_weight-decay,state
505,0.6792354822158814,2025-04-04 07:54:13.047330,2025-04-04 07:54:53.272886,0 days 00:00:40.225556,0.43111823827537404,0.030131428639149683,8,0.03895196194266823,0.037069079505859345,0.09511404659203826,0.013808986774975782,0.045380738670722544,0.001020118401555738,0.0011154410826683687,28,112,0.0062991840521306455,0.2347947224966894,True,False,False,2.836324739137176e-06,COMPLETE
506,0.6792354822158814,2025-04-04 07:54:53.432795,2025-04-04 07:55:32.489253,0 days 00:00:39.056458,0.5372280758116386,0.02832616452849591,8,0.12342796811557341,0.028755622480822057,0.09672921097903645,0.009390507752162826,0.04276200888546841,0.006116571095994451,0.0003055126125920862,27,107,0.009251414898731953,0.251233444125573,True,False,False,5.316570581606551e-06,COMPLETE
507,0.29052439928054813,2025-04-04 07:55:32.649747,2025-04-04 07:56:07.055910,0 days 00:00:34.406163,0.3632927776603226,0.010355067476981611,8,0.2705040229553547,0.04635686322617805,0.09997354385653534,0.0074832411839125396,0.04666210233797696,0.003047494378468237,0.00036926496176924547,27,103,0.00444915700185094,0.24073753214116417,True,True,True,9.505439549823168e-06,COMPLETE
508,0.4813709080219269,2025-04-04 07:56:07.227819,2025-04-04 07:56:43.292933,0 days 00:00:36.065114,0.4657535780417169,0.04511598412968329,8,0.059175230934208,0.01582132253990447,0.0999499618149706,0.060818937668195114,0.044125869002853604,0.004488346303810535,0.0005010044758377353,26,109,0.0028545602583055223,0.24699872127133515,False,False,False,3.4049460158007743e-06,COMPLETE
509,0.6792354822158814,2025-04-04 07:56:43.455185,2025-04-04 07:57:23.777318,0 days 00:00:40.322133,0.3993651348195988,0.06192442399211008,8,0.051104936010635746,0.03492966655539065,0.09663272569828962,0.011776106783071052,0.04833920394979327,0.002989012454769487,0.00023726969314555503,28,114,0.006858608947118871,0.2330071599599968,True,False,False,4.672007687427571e-06,COMPLETE
510,0.6792354822158814,2025-04-04 07:57:23.953398,2025-04-04 07:58:03.077003,0 days 00:00:39.123605,0.498180763173832,0.031509102735475,8,0.06038519632635111,0.02601396573547212,0.09488471222742785,0.013821840824397861,0.05116687440710501,0.00103640096450867,0.0002907532888275343,27,106,0.0010688043071190268,0.2232389084760656,True,False,False,7.197993440967578e-06,COMPLETE
511,0.6778502702713013,2025-04-04 07:58:03.242515,2025-04-04 07:58:42.618511,0 days 00:00:39.375996,0.42105828176605814,0.02759893305117144,8,0.06688942913262912,0.04006924304570769,0.09813726818989175,0.010453458707999113,0.04583011311114193,0.0070706910880753236,0.0007043307001813948,27,110,0.004790098982848056,0.2380387847527994,True,False,False,6.185072501831522e-06,COMPLETE
512,0.6792354822158814,2025-04-04 07:58:42.781138,2025-04-04 07:59:21.537701,0 days 00:00:38.756563,0.3778343692156271,0.010763644782972145,8,0.045057528234493334,0.03134792937235865,0.09835581530638646,0.008529483740742657,0.05354481103282645,0.004371735226615046,0.0001832152913015132,26,117,0.00879658716806666,0.2546919767243386,True,False,False,1.684962941079712e-06,COMPLETE
513,0.6792354822158814,2025-04-04 07:59:21.713051,2025-04-04 08:00:02.556858,0 days 00:00:40.843807,0.4060066385372456,0.043215875552454056,8,0.20675163762206153,0.02112632642173601,0.09994996239657304,0.012057161346095224,0.041093912675611265,0.0026449220305718385,0.0004112511739449554,28,112,0.005604029608324298,0.22945811957027681,True,False,False,2.4319131624631153e-06,COMPLETE
514,0.4805925250053406,2025-04-04 08:00:02.722501,2025-04-04 08:00:41.459603,0 days 00:00:38.737102,0.44809642868749167,0.4412663560006426,8,0.05397059010677149,0.04328329918563145,0.09671124185345702,0.006196628525101046,0.043094351486127044,0.005649176776276965,0.00034012504418476505,27,104,0.003525466153894234,0.24618256878512013,True,False,False,3.851021110354286e-06,COMPLETE
515,0.6792354822158814,2025-04-04 08:00:41.637309,2025-04-04 08:01:18.366739,0 days 00:00:36.729430,0.38388722360178495,0.05671253688333221,8,0.06103823120670239,0.03560283956805508,0.09478198794040464,0.013870773549166833,0.048815101128947436,0.0010335295540985705,0.0005110998712337049,26,58,0.007105402050623939,0.2403380761007996,True,False,False,5.422692330827365e-06,COMPLETE
516,0.6792354822158814,2025-04-04 08:01:18.529398,2025-04-04 08:01:57.747424,0 days 00:00:39.218026,0.42584295601046934,0.02924245623163317,8,0.04894170598909593,0.027529683234069617,0.09784413168153012,0.010374748947962743,0.046846539707604704,0.0030339445002582136,0.0002202247571823626,27,107,0.0025625075736262636,0.25179905398927604,True,False,False,3.0619893028398548e-06,COMPLETE
517,0.6766618132591248,2025-04-04 08:01:57.910438,2025-04-04 08:02:37.255529,0 days 00:00:39.345091,0.4056310129964107,0.027819708594873007,8,0.05500623093793812,0.04820039247719631,0.09995423467385049,0.008139428807394777,0.0447893329744989,0.004634679094052874,0.0002803794455415744,27,109,0.005268431544129866,0.23240276947615282,True,False,False,1.1450441926702474e-05,COMPLETE
518,0.52187659740448,2025-04-04 08:02:37.429528,2025-04-04 08:03:14.895008,0 days 00:00:37.465480,0.48126360622348113,0.044956851556747314,8,0.06643978018398565,0.009687427571812155,0.0962216755405244,0.012069488166789457,0.07735556073477622,0.0028142621741693487,0.00043887351781401194,25,114,0.008564442304008633,0.21891553043185866,True,False,False,8.025473161997868e-06,COMPLETE
519,0.6792354822158814,2025-04-04 08:03:15.059195,2025-04-04 08:03:54.811613,0 days 00:00:39.752418,0.4423236737078752,0.024766673887444978,8,0.05854377120228837,0.039678557465161086,0.09830420476187604,0.010237500306422455,0.04970502112040015,0.0010166179444206513,0.0005619085630589123,28,103,0.0010650824397924873,0.2441293584885154,True,False,False,4.3275973973293176e-06,COMPLETE
520,0.6792354822158814,2025-04-04 08:03:54.990525,2025-04-04 08:04:33.334421,0 days 00:00:38.343896,0.3620860333751081,0.01003976641488095,8,0.066993528241142,0.03124256272038634,0.09444027487965792,0.014380604337380021,0.04247699677846853,0.006677836744898494,0.00035947816423416635,26,111,0.003964619084548681,0.23693296871191336,True,False,False,1.1494907767870621e-06,COMPLETE
521,0.6792354822158814,2025-04-04 08:04:33.500996,2025-04-04 08:05:13.814397,0 days 00:00:40.313401,0.846918670065929,0.6725063523692542,8,0.04441794910499061,0.02249621499241843,0.09686491277692495,0.012151864372914817,0.047496613423203396,0.004263179349501039,0.00018337057221098885,28,119,0.006735271197790548,0.26510702071132247,True,False,False,5.779574230983826e-06,COMPLETE
522,0.6792354822158814,2025-04-04 08:05:13.977908,2025-04-04 08:05:52.930227,0 days 00:00:38.952319,0.39364311401673474,0.06454876966000447,8,0.05272275565368909,0.03489386943333486,0.0982812664391337,0.008522503144445762,0.045195623835712365,0.0029578366976867887,0.000303739822071588,27,106,0.009211929474085737,0.2576762116605986,True,False,False,2.3909587593278476e-06,COMPLETE
523,0.6792354822158814,2025-04-04 08:05:53.105411,2025-04-04 08:06:32.278829,0 days 00:00:39.173418,0.4220760320057672,0.04503104270321924,8,0.06129834059931603,0.04178459350881206,0.09994267332109381,0.005988867808538248,0.0406124843110686,0.005581074942047662,0.00041289872877052746,27,109,0.004821404710630405,0.2262854933147147,True,False,False,3.6509387605708757e-06,COMPLETE
524,0.3501064538955689,2025-04-04 08:06:32.444590,2025-04-04 08:07:12.950496,0 days 00:00:40.505906,0.464261242518566,0.7095533935886893,8,0.05517811019195203,0.029613864695298926,0.09480562303666311,0.01063986314988824,0.0465333894831759,0.0010676972637811196,0.00023209182793399648,28,113,0.006577474860130503,0.24722861867575133,True,False,False,4.916930336009467e-06,COMPLETE
525,0.7219042778015138,2025-04-04 08:07:13.126975,2025-04-04 08:08:56.198035,0 days 00:01:43.071060,0.3864074843056248,0.010447466540965598,2,0.0489605813201625,0.050249169530435116,0.09668831997132182,0.014185647006000028,0.04368372832723665,0.0028301953105663294,0.00035018704022183797,26,107,0.002942780677866013,0.2371001491548257,True,False,False,8.209870582613322e-06,COMPLETE
526,0.5957658529281616,2025-04-04 08:08:56.364646,2025-04-04 08:10:25.502705,0 days 00:01:29.138059,0.3677397106175621,0.02820171928555293,2,0.038067672065802874,0.05119950449306879,0.09650608325736937,0.0521950347742875,0.04019220714585112,0.006808220403311966,0.0002750655275165675,26,103,0.00423335297423429,0.23441727073145774,True,True,False,7.218964780490831e-06,COMPLETE
527,0.4160239934921265,2025-04-04 08:10:25.669180,2025-04-04 08:11:51.369757,0 days 00:01:25.700577,0.3835440846629276,0.04064341237300821,2,0.04512888843821766,0.04583067857748194,0.09999881611507713,0.013639941276227587,0.04285004699330187,0.07306349135341637,0.00035748883495812043,25,107,0.007756567207278188,0.22950875675175952,False,False,True,1.0922388893306628e-05,COMPLETE
528,0.37286610007286075,2025-04-04 08:11:51.547002,2025-04-04 08:13:39.438405,0 days 00:01:47.891403,0.4027596738355381,0.06090887474214619,2,0.0496069053904981,0.03903062088744503,0.09487234715346252,0.014146863635724483,0.04422912603746398,0.004077443775506391,0.00021348659614929885,27,105,0.07323475037087726,0.23827451087742316,True,False,False,8.977129805243782e-06,COMPLETE
529,0.6156028389930726,2025-04-04 08:13:39.605956,2025-04-04 08:15:28.599813,0 days 00:01:48.993857,0.38580104365814955,0.011518396030141537,2,0.06762621141259993,0.04848932187832772,0.0968720162798955,0.012742479240198473,0.042644087323104464,0.002938922660116557,0.0003282348877645406,28,108,0.003027981566073617,0.2512980117047036,True,False,False,6.705757690261268e-06,COMPLETE
530,0.3906654417514801,2025-04-04 08:15:28.778851,2025-04-04 08:17:12.859797,0 days 00:01:44.080946,0.3597183058517173,0.01077941202476309,2,0.0405321398671219,0.04007465481888725,0.098049732307913,0.01191037432575274,0.0445047307657645,0.0048741591912468945,0.0008839408641584581,26,115,0.006487355344152834,0.21231092251439845,True,False,False,8.014159602062699e-06,COMPLETE
531,0.4580752789974213,2025-04-04 08:17:13.026623,2025-04-04 08:18:26.679422,0 days 00:01:13.652799,0.41585223966695095,0.04088100596674367,2,0.051281345349787344,0.02587054247192767,0.09431917994827198,0.013980200560059865,0.04154942312726302,0.007844935482411775,0.0002580191646308495,17,111,0.009472271236697492,0.2437337787344071,True,False,False,5.417695498510316e-06,COMPLETE
532,0.6683450102806091,2025-04-04 08:18:26.860499,2025-04-04 08:20:10.857494,0 days 00:01:43.996995,0.4046872705653523,0.027632653994172265,2,0.059862114549771965,0.03620686871484286,0.09643589921370649,0.008668315430122774,0.04557731062609099,0.0029256287319279557,0.0005649252761263797,26,103,0.005343048878172873,0.22584738483181932,True,False,False,4.397545578470963e-06,COMPLETE
533,0.6790183067321778,2025-04-04 08:20:11.025105,2025-04-04 08:21:56.903206,0 days 00:01:45.878101,0.3857956426545008,0.010414132970214554,2,0.06367658881754645,0.019337545431548954,0.09826356386597915,0.010989003664250513,0.050374189457862054,0.0026586015661508823,0.00046267416337376514,27,106,0.002729337352121621,0.23490772832212506,True,False,False,6.352452647548044e-06,COMPLETE
534,0.6792354822158814,2025-04-04 08:21:57.071499,2025-04-04 08:22:37.418479,0 days 00:00:40.346980,0.42796869829206197,0.04449847716785663,8,0.04765738268113367,0.0426159902652043,0.09996144830998539,0.012179617162047714,0.04372611679365684,0.0010114338742591902,0.0003227307973386346,28,113,0.005238566437753342,0.24934084651793867,True,False,False,2.0325329173761588e-06,COMPLETE
535,0.672258472442627,2025-04-04 08:22:37.599032,2025-04-04 08:24:24.183323,0 days 00:01:46.584291,0.36263803546888523,0.028470853340689863,2,0.05662467528641402,0.03354647366823167,0.096458508109882,0.007821417839088865,0.04831082738188908,0.005227406393063306,0.00017427335104342153,27,109,0.007577820298523495,0.2187355016066095,True,False,False,5.004656104676841e-06,COMPLETE
536,0.6790370345115662,2025-04-04 08:24:24.352943,2025-04-04 08:25:02.523288,0 days 00:00:38.170345,0.40183281441527574,0.06480517384103157,8,0.06592554388092957,0.02638205345143667,0.09449839262790319,0.014702537132854908,0.0458727805888526,0.0031704297961557028,0.0003892462831115229,26,107,0.0024178570719803416,0.2413370193966855,True,False,False,9.201202617294252e-06,COMPLETE
537,0.676933491230011,2025-04-04 08:25:02.705747,2025-04-04 08:25:42.314735,0 days 00:00:39.608988,0.4534311873855288,0.029160255263051077,8,0.05286866946361788,0.03516240659476338,0.09775652037074109,0.009723412186406787,0.04012881341288334,0.007633222169604392,0.00027334898022098817,27,116,0.009200589699419576,0.2080144886379726,True,False,False,2.9601509823022924e-06,COMPLETE
538,0.6792354822158814,2025-04-04 08:25:42.484788,2025-04-04 08:26:22.810980,0 days 00:00:40.326192,0.41646154209980774,0.010143261570495696,8,0.06182519820771757,0.04732118970484071,0.09819486281987812,0.08472651605252893,0.048147544866162455,0.004967113062222086,0.0002195064058156878,28,111,0.004461919213138355,0.23125469625272535,True,False,False,3.929932932089825e-06,COMPLETE
539,0.6792354822158814,2025-04-04 08:26:22.983002,2025-04-04 08:27:02.270217,0 days 00:00:39.287215,0.38112662675644865,0.056574420288073524,8,0.04382910506451871,0.02834857615544431,0.09636759242222288,0.005828705499753306,0.044078949830490446,0.001012446985931841,0.000500389719894478,27,104,0.001145584400460106,0.25664304217086203,True,False,False,1.4341257139727457e-06,COMPLETE
540,0.6792354822158814,2025-04-04 08:27:02.451463,2025-04-04 08:27:41.090795,0 days 00:00:38.639332,0.4349777234946963,0.04285460828272266,8,0.05384885826403218,0.014611620516914028,0.09994722257274039,0.012223129793461796,0.04636692129526347,0.002811911870527436,0.00033491277651257476,26,121,0.0060876380903739525,0.2716047502020649,True,False,False,2.803029400312053e-07,COMPLETE
541,0.6790370345115662,2025-04-04 08:27:41.264821,2025-04-04 08:28:20.621292,0 days 00:00:39.356471,0.39422894806375886,0.029712768967327986,8,0.036172476677683474,0.042330508694391346,0.09458407690110968,0.01457366747404291,0.0422939807878307,0.005849030463940913,0.0004296645752177806,27,109,0.004061707212410515,0.23744475438074136,True,False,False,6.406927742975851e-06,COMPLETE
542,0.6792354822158814,2025-04-04 08:28:20.805703,2025-04-04 08:29:01.031611,0 days 00:00:40.225908,0.41623105294049567,0.02697963495382996,8,0.06803465767446536,0.02101575548175433,0.09803115323065463,0.01045284982992044,0.05127438499478904,0.003908927148806774,0.00028241171531212316,28,113,0.008028298670683654,0.2442235641789252,True,False,False,4.736265024195418e-06,COMPLETE
543,0.6688839673995972,2025-04-04 08:29:01.203204,2025-04-04 08:29:40.601583,0 days 00:00:39.398379,0.35734983647290536,0.011007592522162015,8,0.0590319449140316,0.03708916417227842,0.09999919079339487,0.007784178825736917,0.04538776171191463,0.003041651938256926,0.0014725226412898615,27,102,0.006330028159842922,0.24989739199153777,True,False,False,1.179037254898847e-05,COMPLETE
544,0.6792354822158814,2025-04-04 08:29:40.786409,2025-04-04 08:30:18.970973,0 days 00:00:38.184564,0.44350541526518367,0.046359446706420664,8,0.048856576387602615,0.03148025968389508,0.0964366226438402,0.09072753507095604,0.049550493373821496,0.0026738492465704605,0.00018651162439388075,26,106,0.0011239478610395263,0.22532866092225629,True,False,False,7.872121214547175e-06,COMPLETE
545,0.3685701429843903,2025-04-04 08:30:19.143887,2025-04-04 08:30:59.085864,0 days 00:00:39.941977,0.40059479138277493,0.06581188519372998,8,0.06204918448633783,0.14000307424525557,0.09813862447076759,0.012481077290130576,0.047465838150136115,0.001093802750041616,0.02408529419733232,28,111,0.003872260876829625,0.23730347988284708,True,False,False,2.5924527641134125e-06,COMPLETE
546,0.29052439928054813,2025-04-04 08:30:59.256908,2025-04-04 08:31:31.334262,0 days 00:00:32.077354,0.6847786665169366,0.02762050654272133,8,0.06888629725691728,0.05101864531390192,0.09588887013184053,0.009700794314818732,0.04371766237529589,0.005816969417028543,0.00036507722960286016,27,108,0.009568102300231897,0.2310354736220059,False,True,False,5.8004031906579e-06,COMPLETE
547,0.4016469955444336,2025-04-04 08:31:31.518129,2025-04-04 08:32:05.482369,0 days 00:00:33.964240,0.3781288291329106,0.0449727060257499,8,0.05535914998987847,0.0252556381009041,0.09443712173501866,0.05573615983504443,0.04606754785835829,0.004575599802540067,0.00024147497931116725,25,118,0.0061708399784278015,0.24518201347872068,True,False,True,3.767041188516043e-06,COMPLETE
548,0.3756984353065491,2025-04-04 08:32:05.657527,2025-04-04 08:32:44.754834,0 days 00:00:39.097307,0.4232297807841206,0.48432281499846325,8,0.04884570195777456,0.0423879617698556,0.09827693070587502,0.014588142913774782,0.04257970493460858,0.001050026202966256,0.0006712121558058244,27,115,0.031896111508210465,0.2399425460790009,True,False,False,2.9135034170551577e-06,COMPLETE
549,0.6792354822158814,2025-04-04 08:32:44.941209,2025-04-04 08:33:23.648867,0 days 00:00:38.707658,0.4657761001527381,0.027009519010208247,8,0.059168035387891976,0.03594150040448633,0.09666042868049701,0.010911296114296904,0.05254502468926116,0.007794952235530726,0.00030457190742243126,26,105,0.0028261549180077688,0.2511456432518969,True,False,False,8.023018432789752e-06,COMPLETE
550,0.6678794860839844,2025-04-04 08:33:23.825172,2025-04-04 08:34:04.368447,0 days 00:00:40.543275,0.4133020576792872,0.010772960823920204,8,0.06747203589334266,0.030154769211549276,0.09831556579211945,0.006760769559970408,0.04878139110922758,0.002899699845912042,0.0004556388990207562,28,112,0.05260767912453544,0.23320754810484992,True,False,False,1.7950184342031775e-06,COMPLETE
551,0.6792354822158814,2025-04-04 08:34:04.553782,2025-04-04 08:34:43.519473,0 days 00:00:38.965691,0.436467485113358,0.06102826342545328,8,0.041793715768061894,0.039695714329456205,0.09436639977934015,0.009126771683094536,0.039910919506015365,0.004344354774133812,0.0003600755493181071,27,109,0.004439175400409162,0.2182040404186754,True,False,False,4.464297354283746e-06,COMPLETE
552,0.3695523917675019,2025-04-04 08:34:43.700485,2025-04-04 08:36:27.589217,0 days 00:01:43.888732,0.38910377397008916,0.011274301807419208,2,0.055223130929556094,0.2295839982954908,0.09990484809736926,0.012567846366830114,0.0447933753385276,0.0028549134190566225,0.0005233845994035628,26,106,0.0077078821734728326,0.2442888055782788,True,False,False,6.143302094706221e-06,COMPLETE
553,0.6792354822158814,2025-04-04 08:36:27.776347,2025-04-04 08:37:07.765390,0 days 00:00:39.989043,0.36644639101534515,0.04233820591259019,8,0.06238995765887567,0.022879865766245802,0.09996607472194477,0.01414082847646183,0.04744332477292194,0.006516794443781368,0.0002441163537908608,28,102,0.005121719397565357,0.25972380246753596,True,False,False,9.395177003771775e-06,COMPLETE
554,0.6792354822158814,2025-04-04 08:37:07.941032,2025-04-04 08:37:48.505535,0 days 00:00:40.564503,0.4519564573683984,0.027577089964065157,8,0.049368289424230584,0.045995435105055216,0.09653729972880926,0.01117781596963487,0.04457481755846572,0.0010475445921769302,0.00030329344014298174,27,145,0.002917581642993756,0.2746892095517184,True,False,False,3.4478301707623375e-06,COMPLETE
555,0.5719752073287964,2025-04-04 08:37:48.680986,2025-04-04 08:38:27.785452,0 days 00:00:39.104466,0.4041883213162715,0.04535948209306935,8,0.05645767688149408,0.0325820646982072,0.09802791728391805,0.008552632667863264,0.0497969608196252,0.004211222203590445,0.0813365911608163,27,110,0.0073260458606519046,0.23811660068892807,True,False,False,2.3264182825067628e-06,COMPLETE
556,0.6382071256637574,2025-04-04 08:38:27.972813,2025-04-04 08:39:06.047475,0 days 00:00:38.074662,0.42677006256445016,0.010015738504832838,8,0.06778304883724966,0.037213659320822635,0.09594878245357905,0.012686272880101665,0.04651316081392089,0.002733772301413852,0.00038812874203753364,26,114,0.08347175775394888,0.2246262596702349,True,False,False,5.2022737499496126e-06,COMPLETE
557,0.6792354822158814,2025-04-04 08:39:06.224220,2025-04-04 08:39:46.043908,0 days 00:00:39.819688,0.4824848807911982,0.01041247161024413,8,0.061136584935740076,0.017707950615683456,0.09999959996958724,0.014899875196528219,0.04164931539746004,0.005907879745185036,0.00020015761934681904,28,108,0.005714742556932174,0.25374480672722727,True,False,False,7.102700041073987e-06,COMPLETE
558,0.4112265765666962,2025-04-04 08:39:46.235961,2025-04-04 08:40:25.090909,0 days 00:00:38.854948,0.37750018227108745,0.06546376013010329,8,0.05181640210469079,0.027810381484866895,0.029829811142708225,0.004925643971575552,0.043672834882971315,0.0027443690244579404,0.00016771105040992972,27,103,0.06011956968700982,0.24612956162588073,True,False,False,4.170383001250347e-06,COMPLETE
559,0.42053731679916384,2025-04-04 08:40:25.270544,2025-04-04 08:41:01.706397,0 days 00:00:36.435853,0.40389052781291646,0.029206031344257522,8,0.04617333356155919,0.044494838173214306,0.0942022104968643,0.010441774586974479,0.047951674091273544,0.0010020479115266541,0.00045546694048419385,26,49,0.009436307984064203,0.2303706966821578,True,False,False,3.2162951817630685e-06,COMPLETE
560,0.6792354822158814,2025-04-04 08:41:01.897464,2025-04-04 08:41:39.752402,0 days 00:00:37.854938,0.43315318600046615,0.010363213331143168,8,0.06355027153142004,0.050955983480463984,0.09782099953178634,0.007242709284530525,0.046010451923892595,0.004354724632064081,0.0003412514774688854,25,112,0.0027395134234544155,0.24004127927797517,True,False,False,5.387434979222551e-06,COMPLETE
