number,value,datetime_start,datetime_complete,duration,params_alpha-eval,params_alpha-train,params_batch-size,params_eps-eval,params_eps-train,params_lambda-actions-eval,params_lambda-actions-train,params_lambda-frames-eval,params_lambda-frames-train,params_learning-rate,params_n-epochs,params_n-frames,params_radius-gw,params_rho,params_std-feats,params_ub-actions,params_ub-frames,params_weight-decay,state
512,0.4004014909267426,2025-04-23 21:48:15.139136,2025-04-23 21:49:24.594474,0 days 00:01:09.455338,0.05992576149621685,0.6285721943230552,2,0.04257665251549103,0.023997367002489018,0.09120690412308011,0.04466880817730229,0.0354458606320046,0.04655949956036161,0.0004023411105788504,20,14,0.010085549604924134,0.11819663766067018,False,True,False,0.00014782063442571707,COMPLETE
513,1.0,2025-04-23 21:49:24.766371,2025-04-23 21:50:45.927855,0 days 00:01:21.161484,0.22438454807373098,0.6808759371029589,2,0.22593282892417071,0.016454732155927382,0.092825486932246,0.050099531932730736,0.037228844160014825,0.050630993427312795,0.0016543901253404118,20,20,0.011430959485790378,0.11278094780229671,True,False,False,0.00015341000755363625,COMPLETE
514,0.35090698599815373,2025-04-23 21:50:46.088163,2025-04-23 21:52:08.104258,0 days 00:01:22.016095,0.21624001013354385,0.7076208136883559,2,0.030182478546414523,0.015005609479020078,0.08737199968499235,0.037970020830878776,0.03630126025750109,0.04085443324633195,0.013728131619458067,20,15,0.014641167705246412,0.09498964047086801,True,False,False,0.00022851418150791512,COMPLETE
515,0.34848071336746217,2025-04-23 21:52:08.279608,2025-04-23 21:53:34.219621,0 days 00:01:25.940013,0.23024868325312847,0.6936535746274736,2,0.2330352959579146,0.009949301702581466,0.0905022168078164,0.046625206280640936,0.03300415716178418,0.048343574327493206,0.016145818246826996,21,14,0.012623926260267704,0.11163123042125186,True,False,False,0.00018828747728995323,COMPLETE
516,0.36281827688217166,2025-04-23 21:53:34.384699,2025-04-23 21:54:56.181171,0 days 00:01:21.796472,0.2382672677072078,0.6773550158684316,2,0.24168734425935923,0.01777239108752069,0.09215696017314014,0.05724089849588275,0.038100729030728454,0.044743461010066383,0.000820180253544298,20,19,0.013194473249469308,0.12140626870465103,True,False,False,0.00013886791068730487,COMPLETE
517,0.41961548924446107,2025-04-23 21:54:56.344850,2025-04-23 21:56:14.328050,0 days 00:01:17.983200,0.20164213103807166,0.7178940002656561,2,0.21690314375181435,0.009567856373683428,0.09853909220875184,0.05095360573531713,0.02402061884327239,0.05058735437763946,0.009574694758978155,19,24,0.011292982522422952,0.11040710266377614,True,False,False,0.0001725588649842734,COMPLETE
518,0.9997424840927125,2025-04-23 21:56:14.501258,2025-04-23 21:57:36.310135,0 days 00:01:21.808877,0.2561914614282678,0.6866804279707286,2,0.22316672141098107,0.015143483664396573,0.06309324026265374,0.04452153110923102,0.037042595180954506,0.05327842953184006,0.022429396155927487,20,21,0.015279384948276135,0.1032343949105666,True,False,False,0.00028382214273810864,COMPLETE
519,0.40450140833854675,2025-04-23 21:57:36.472786,2025-04-23 21:59:00.785618,0 days 00:01:24.312832,0.24701021290820535,0.6632220950053718,2,0.2210455587108639,0.009222804345278644,0.05471722311331099,0.045540246813196,0.035237113727406434,0.05799724876837432,0.0020476581141776655,21,18,0.018609581221996272,0.10160158903197715,True,False,False,0.00027459428014438845,COMPLETE
520,0.9656629085540772,2025-04-23 21:59:00.961658,2025-04-23 22:00:23.989127,0 days 00:01:23.027469,0.26338980440786014,0.7420511003421353,2,0.22504762845550919,0.013558177421996007,0.05699400893174027,0.05321831144889316,0.03072102250123502,0.053985212456388154,0.020554649916767816,20,12,0.016221270108165823,0.09418059034063096,True,False,False,0.0003060493325342703,COMPLETE
521,0.41931183934211735,2025-04-23 22:00:24.152328,2025-04-23 22:01:48.616757,0 days 00:01:24.464429,0.2637171970469352,0.7515302166167976,2,0.22647622747426976,0.02298622246935713,0.05988164506769365,0.05275595269222942,0.03029633634332385,0.05518266904374273,0.017776323949127874,20,12,0.01611670218544603,0.091218212818188,True,False,False,0.0002993306692087878,COMPLETE
522,0.40772463083267213,2025-04-23 22:01:48.783309,2025-04-23 22:03:12.230477,0 days 00:01:23.447168,0.2503770852115179,0.7510978335295729,2,0.22678563265802684,0.01641212445496355,0.0507339965955277,0.014202408650620613,0.030057957982377644,0.05344499069287206,0.01807809896762566,20,7,0.016149265400390987,0.0995439805931657,True,False,False,0.000255808368879481,COMPLETE
523,0.3767695248126984,2025-04-23 22:03:12.404417,2025-04-23 22:04:35.556700,0 days 00:01:23.152283,0.27123067767428705,0.7733990506546283,2,0.22668531167947203,0.021536453882802432,0.06203265685078593,0.054802276429825034,0.032170831082289124,0.05656767589478567,0.021711487589237893,20,12,0.014305308385235386,0.09574900984781617,True,False,False,0.0003646538251084667,COMPLETE
524,0.7565627694129944,2025-04-23 22:04:35.719838,2025-04-23 22:06:03.671589,0 days 00:01:27.951751,0.2525251769323346,0.7398319087314146,2,0.2226498166519024,0.014196963195153848,0.05874970067818385,0.04932942924703473,0.027173124205659656,0.05087076674834822,0.001666667252919366,21,9,0.019508337904511834,0.08465894395772866,True,False,False,0.00021282119963941974,COMPLETE
525,0.3613109827041626,2025-04-23 22:06:03.847427,2025-04-23 22:07:14.157485,0 days 00:01:10.310058,0.2717377013681617,0.7105554510542748,2,0.23098899280826685,0.020578072228531794,0.0627698043384615,0.05246037232355908,0.033400615946717435,0.054139477841176564,0.01989413013827995,20,19,0.018139753383561337,0.10692751547415325,True,True,False,0.0003013970136692455,COMPLETE
526,0.5833840847015381,2025-04-23 22:07:14.322894,2025-04-23 22:08:35.201022,0 days 00:01:20.878128,0.28342881857450664,0.7322408679807404,2,0.22114412505894182,0.01349884465954617,0.05539411262787749,0.050533832819413434,0.03125618258405376,0.05464490877332372,0.021047909457008754,20,15,0.015048753750380846,0.08828369710233916,True,False,False,0.00018437136783150843,COMPLETE
527,0.3492646872997284,2025-04-23 22:08:35.367585,2025-04-23 22:09:52.460050,0 days 00:01:17.092465,0.22861668094187593,0.6728572483270495,2,0.236702142630969,0.0285949876202546,0.09570150557042821,0.05173625344168258,0.028521592399759505,0.05188075843818877,8.88374460737395e-05,19,21,0.013040255861148453,0.10454976322431077,True,False,False,0.00031988065870055795,COMPLETE
528,0.34304092526435853,2025-04-23 22:09:52.636453,2025-04-23 22:11:18.630433,0 days 00:01:25.993980,0.28515211359304005,0.7808073140166094,2,0.22678149094440483,0.012417508803944034,0.06747320459914205,0.04481034551522845,0.035096002640793544,0.05268865032308479,0.024422324180518207,21,13,0.015604242239241575,0.10100346780897355,True,False,False,0.00023331935492236207,COMPLETE
529,0.409215384721756,2025-04-23 22:11:18.795453,2025-04-23 22:12:49.501365,0 days 00:01:30.705912,0.2542310931385839,0.6997178345752219,2,0.2324399313131192,0.01902445845631947,0.05681284068153117,0.04795565950804539,0.039664980397058194,0.0573487659719777,0.0009726221869661928,22,7,0.012190569444623227,0.07666099021755475,True,False,False,0.0003683594712444795,COMPLETE
530,0.6298290729522705,2025-04-23 22:12:49.679806,2025-04-23 22:14:07.297824,0 days 00:01:17.618018,0.23298223635696527,0.6599010815045955,2,0.243256038899749,0.006938024240313253,0.06530675733957376,0.050366751043860986,0.03671665000098013,0.05206374352110226,0.015013546375916578,19,21,0.011586041894926822,0.0947388214155434,True,False,False,0.0002689435837826561,COMPLETE
531,0.35437785983085635,2025-04-23 22:14:07.463176,2025-04-23 22:15:29.823657,0 days 00:01:22.360481,0.273884954855862,0.8008142072614562,2,0.21153123046437622,0.024967923081036802,0.053768258711946605,0.05458502054673771,0.0418800203923262,0.054543955985013465,0.022460808277832752,20,16,0.0144694278776574,0.11746897166053949,True,False,False,0.00015089952079728103,COMPLETE
532,0.41347141861915593,2025-04-23 22:15:30.003977,2025-04-23 22:16:55.042286,0 days 00:01:25.038309,0.907497744002973,0.589484425863982,2,0.03892080876311048,0.015045260028736834,0.05134560496491622,0.04065896814278776,0.033199380631224,0.08569287600777184,0.026476507786988006,21,11,0.010554238079610884,0.11385319932284903,False,False,False,0.00034143698836681485,COMPLETE
533,0.9870728611946107,2025-04-23 22:16:55.209998,2025-04-23 22:18:16.085758,0 days 00:01:20.875760,0.26335944654474647,0.6150888925584913,2,0.22185445570722653,0.009365132292160905,0.09343408394254735,0.04273256452593885,0.039860235931463976,0.05210521251551736,0.012673690199484895,20,21,0.01688432240697338,0.12267113806254767,True,False,False,0.00019963797655646418,COMPLETE
534,0.9971806287765503,2025-04-23 22:18:16.253099,2025-04-23 22:19:36.627288,0 days 00:01:20.374189,0.3002759839124987,0.6779819074022757,2,0.22026403608469816,0.008027842334535896,0.06391221378833634,0.04242263736937288,0.0401160785147545,0.03300071103825881,0.012608169085708512,20,19,0.01771071317270682,0.12151497614379714,True,False,False,0.00019962977822588957,COMPLETE
535,0.34745275378227236,2025-04-23 22:19:36.804547,2025-04-23 22:21:01.560463,0 days 00:01:24.755916,0.2963065673655847,0.688931428060646,2,0.22259641072289066,0.005798913926018046,0.0930257220922581,0.04422841130953195,0.03869705090969944,0.028650661623075706,0.01218222471067321,21,18,0.017872978054698747,0.12284276524612738,True,False,False,0.00019512857826409924,COMPLETE
536,0.35667285323143005,2025-04-23 22:21:01.727632,2025-04-23 22:22:19.966796,0 days 00:01:18.239164,0.30046167622433206,0.6566460387490661,2,0.2128359242154409,0.09495874715493133,0.06409415462931459,0.04283012154243863,0.041145018031503534,0.0324493277576616,0.014116566266699682,19,18,0.019287864038633064,0.11780390944113323,True,False,False,0.0002009483643307008,COMPLETE
537,0.29052439928054813,2025-04-23 22:22:20.148097,2025-04-23 22:22:47.269938,0 days 00:00:27.121841,0.07314171004146021,0.6461296717825039,8,0.21826631994313628,0.00774212993621176,0.09341765940911724,0.04393763293733431,0.040590554410437636,0.04143677337144196,0.0107510974600353,20,20,0.052031961507922164,0.12461819447806854,True,True,False,0.000172302185692975,COMPLETE
538,0.29052439928054813,2025-04-23 22:22:47.439833,2025-04-23 22:24:08.074146,0 days 00:01:20.634313,0.3091645580510265,0.0829046536793221,2,0.22973417418297687,0.004477745181902797,0.09162946400002807,0.03964521906445116,0.03735669605397402,0.03720587934622501,0.01227215539132995,20,20,0.014386718834036227,0.10878658190654633,True,False,False,0.0001648520294853769,COMPLETE
539,0.4179091274738312,2025-04-23 22:24:08.244780,2025-04-23 22:25:32.826050,0 days 00:01:24.581270,0.04064273452970052,0.6839553189191981,2,0.24040751061916665,0.009669740390460658,0.07125462070040045,0.04156781341481518,0.040128228616291936,0.026359474009219334,0.015275403651138103,21,22,0.020800967777017437,0.11379521731954276,True,False,False,0.0002344558167667776,COMPLETE
540,0.5520899772644043,2025-04-23 22:25:33.004946,2025-04-23 22:26:53.729452,0 days 00:01:20.724506,0.09425140165718958,0.6195458796277837,2,0.21840322152726158,0.004729659050862685,0.0412164114520813,0.04826570496127363,0.04259592825061712,0.08310736804434639,0.01087036557799027,20,22,0.017276178274323824,0.11701242142610929,True,False,False,0.00023979288619722732,COMPLETE
541,0.34321391582489014,2025-04-23 22:26:53.898179,2025-04-23 22:28:11.807735,0 days 00:01:17.909556,0.2900255874654115,0.6689624861477202,2,0.20997905610624937,0.010411183845309884,0.08972283331688952,0.04584076593691865,0.03872706330284521,0.030761561149532733,0.001306960989161716,19,21,0.013059976987777049,0.12426306036162564,True,False,False,0.00014438208361036852,COMPLETE
542,0.35952516198158263,2025-04-23 22:28:11.988538,2025-04-23 22:29:33.139576,0 days 00:01:21.151038,0.3202490939306054,0.6410003757009154,2,0.22699077406735202,0.018650427544667995,0.06929400173479598,0.046864320183563415,0.03711156185374649,0.03489399753952991,0.009165956735713871,20,17,0.009644381886726621,0.12833461386601455,True,False,False,0.0002040484561873352,COMPLETE
543,0.29052439928054813,2025-04-23 22:29:33.310311,2025-04-23 22:30:55.821722,0 days 00:01:22.511411,0.2664840583036156,0.6126417876781727,2,0.23653739680824928,0.00026208902333233006,0.09466675306307415,0.04024135977164743,0.04040099949132736,0.03980571331171195,0.009112564637038722,21,23,0.025005925506487257,0.12086099531116731,True,False,False,0.000413911539482405,COMPLETE
544,0.5534436225891114,2025-04-23 22:30:56.006055,2025-04-23 22:32:14.491073,0 days 00:01:18.485018,0.3089861026141774,0.689725722615452,2,0.221064821969423,0.012820279106403104,0.0908431996946586,0.04187764310235878,0.035651258719859476,0.03359734606258485,0.012157759032821408,19,21,0.0171160574453404,0.11579149631577385,True,False,False,0.00029746825588569605,COMPLETE
545,0.5530467748641968,2025-04-23 22:32:14.664952,2025-04-23 22:33:39.354504,0 days 00:01:24.689552,0.28066720149404223,0.6321556662878011,2,0.03458131782986994,0.008390986087046382,0.09596700406378006,0.037274363332032205,0.04311289231895061,0.048679126969315985,0.014046899467822904,21,17,0.009378626012104404,0.10525279717933048,True,False,False,0.0001264084962771683,COMPLETE
546,0.46573721766471865,2025-04-23 22:33:39.524809,2025-04-23 22:34:57.631633,0 days 00:01:18.106824,0.24235406127171147,0.7144489149602867,2,0.21275240610302454,0.02215747008158113,0.09995212505971333,0.04216786182263536,0.03734755908763588,0.042801783987109085,0.010990985407924805,19,24,0.011279221305038589,0.11177215434261666,True,False,False,0.00014907762117311109,COMPLETE
547,0.416021203994751,2025-04-23 22:34:57.813986,2025-04-23 22:36:26.006922,0 days 00:01:28.192936,0.22014287312775938,0.5952780155460501,2,0.2157654073835797,0.016334930045617927,0.09308918944651244,0.04377730144141413,0.03945695450237687,0.04977478881010195,0.012220609047899218,22,18,0.022867259119881366,0.1234353866816152,True,False,False,2.5696250202342216e-06,COMPLETE
548,0.5520723938941956,2025-04-23 22:36:26.178463,2025-04-23 22:37:36.708417,0 days 00:01:10.529954,0.30854424164796646,0.6588429906391862,2,0.2312095486733185,0.005999154166097634,0.09045903231252411,0.03882747847121995,0.04239713352032422,0.05056247848814776,0.015843014398876584,20,22,0.013372156585242274,0.10582000685494805,True,True,False,0.00024001170300055988,COMPLETE
549,0.9188894391059875,2025-04-23 22:37:36.892133,2025-04-23 22:38:58.703498,0 days 00:01:21.811365,0.1901269752114549,0.6793739276369343,2,0.1687029779216313,0.01187509164973194,0.08846735686563023,0.04536136156661852,0.03516502860530688,0.023786614581310452,0.00882879460238038,20,24,0.009252582178679185,0.12927676452080178,True,False,False,0.0004156332366340965,COMPLETE
550,0.3674090623855591,2025-04-23 22:38:58.874547,2025-04-23 22:40:16.594335,0 days 00:01:17.719788,0.28792194190062925,0.6152884679166754,2,0.028921019921088437,0.018392323828721857,0.09485074168443754,0.04737941676241052,0.04014079958603446,0.03743630478231555,0.010083965565016713,19,15,0.09603793149066994,0.12022335098400037,True,False,False,0.00017800154229826294,COMPLETE
551,0.3906080842018128,2025-04-23 22:40:16.776223,2025-04-23 22:41:44.333189,0 days 00:01:27.556966,0.33004952063092247,0.6532305446478097,2,0.22297809795350246,0.02742252324774063,0.09225175233906859,0.043270358197450544,0.037434053199561855,0.04544930503585279,0.00785094485575709,22,21,0.015197319450176447,0.1134507919845372,True,False,False,0.00045547384354969165,COMPLETE
552,0.40019709467887876,2025-04-23 22:41:44.505217,2025-04-23 22:43:38.445219,0 days 00:01:53.940002,0.2481457824926941,0.6346445841157656,2,0.03946288489071199,0.0339232321702163,0.09730538601013347,0.04524587171167066,0.04293966560999182,0.0883820440028493,0.016614841801464865,30,107,0.011105811330253929,0.111418709694203,False,False,False,0.00011912035107025885,COMPLETE
553,0.29052439928054813,2025-04-23 22:43:38.630340,2025-04-23 22:45:01.782555,0 days 00:01:23.152215,0.16519558081919167,0.5819175324812068,2,0.015625286184558433,0.004340745646122208,0.08927277008235146,0.043701127510099004,0.03911721590121325,0.08384986795288615,0.013007841191097155,20,117,0.020986893203663724,0.12708583019702488,True,False,False,0.0002670826755286332,COMPLETE
554,0.3662472665309906,2025-04-23 22:45:01.956159,2025-04-23 22:46:27.271420,0 days 00:01:25.315261,0.267181708849986,0.7044732173177068,2,0.23636033023185937,0.11653621054267563,0.0358922312072509,0.047116359688362724,0.04079695057994067,0.08633051859385472,0.010037913878515414,21,27,0.00856582741372236,0.11995583248825437,True,False,False,4.651193143301848e-06,COMPLETE
555,0.3888532817363739,2025-04-23 22:46:27.445711,2025-04-23 22:47:54.285751,0 days 00:01:26.840040,0.19485075252675407,0.6653548842851102,2,0.019801186454436657,0.011246384186840326,0.09408677537547795,0.03921266688638497,0.08082126696593492,0.046919820565680184,0.018723001989247406,22,19,0.012459728690157927,0.10454286970578694,True,False,False,0.00020849938837946009,COMPLETE
556,0.4159819900989533,2025-04-23 22:47:54.470343,2025-04-23 22:48:26.433589,0 days 00:00:31.963246,0.297738668059884,0.6062072709466038,8,0.2082563171841119,0.02081499943110231,0.09152003687449106,0.03607167384119927,0.03516983838977853,0.052253330987640456,0.007582690241583754,21,25,0.015341450983313548,0.10994112234393091,True,False,False,1.640246593933818e-07,COMPLETE
557,0.29052439928054813,2025-04-23 22:48:26.608367,2025-04-23 22:49:44.925883,0 days 00:01:18.317516,0.21743685689606745,0.6869682629762422,2,0.041144844853681056,0.000376122834264421,0.09656620278157682,0.04884322502156099,0.04345622700981361,0.027873812402647705,0.027343164241147418,19,34,0.008530671844179981,0.13150577695935076,True,False,False,0.0001570418211067473,COMPLETE
558,0.9974621295928955,2025-04-23 22:49:45.111380,2025-04-23 22:51:06.061970,0 days 00:01:20.950590,0.3198581511781675,0.5713470271400973,2,0.034883498025990285,0.014518909106223964,0.04706724311893726,0.0403793128922801,0.03821270807534739,0.04845395067601733,0.0015798148796121233,20,23,0.010499937071978225,0.12350494549208911,True,False,False,0.0003584559018599328,COMPLETE
559,0.3469774127006531,2025-04-23 22:51:06.236775,2025-04-23 22:52:23.385980,0 days 00:01:17.149205,0.3249609358299369,0.5647013567374294,2,0.033618679737073665,0.007794018653095696,0.09838555552280394,0.04290458505356854,0.03770260892111685,0.08068364128102745,0.0012005386854806643,19,24,0.007717722232764446,0.12620025488280776,True,False,False,0.00039131568013449125,COMPLETE
560,0.4318540394306183,2025-04-23 22:52:23.576533,2025-04-23 22:53:36.749518,0 days 00:01:13.172985,0.3401701327703787,0.5746487507895509,2,0.027324318092347467,0.10201803795268333,0.046495219952668435,0.040548543791318274,0.038789633112886086,0.024571881510404795,0.001985357585868155,21,17,0.018815245878206842,0.13447360784288806,True,True,False,0.00048697185833981534,COMPLETE
561,0.9749010205268861,2025-04-23 22:53:36.925877,2025-04-23 22:54:59.222543,0 days 00:01:22.296666,0.31216762415471566,0.5917818705960787,2,0.0324947587824916,0.02285077612487086,0.07376053588590989,0.03753358553407469,0.0361786479845845,0.08212238332336,0.025087745593499747,20,20,0.013680384663762701,0.1208714201498944,True,False,False,0.0003392366402728699,COMPLETE
562,0.344072300195694,2025-04-23 22:54:59.399899,2025-04-23 22:56:19.258789,0 days 00:01:19.858890,0.3121937257338687,0.5857175269617487,2,0.02497582408243805,0.02578431470792325,0.0665142336990917,0.03777274608817037,0.034253099937928855,0.08394295647431427,0.0018457814717610487,20,21,0.013915413435510216,0.11873824541499334,True,False,False,0.0003321026281929573,COMPLETE
563,0.5249998211860657,2025-04-23 22:56:19.445957,2025-04-23 22:57:41.390808,0 days 00:01:21.944851,0.3374263410532303,0.5990598271133543,2,0.03013884556704707,0.012504378076060599,0.046312064301630325,0.03628430505442092,0.035795479059982385,0.07786847831963456,0.0013901644564524957,20,14,0.012890560743686684,0.12433224284710556,True,False,False,0.0003114180889226017,COMPLETE
564,0.6792354822158814,2025-04-23 22:57:41.568064,2025-04-23 22:59:05.607910,0 days 00:01:24.039846,0.28788776185418996,0.5659411737897533,2,0.019422327511177673,0.005364189118045708,0.06369663260571849,0.03597216001767801,0.037165859397449846,0.08136270087472611,0.0004961116951492813,21,18,0.014719594168538895,0.11947574554391499,True,False,False,0.00040210966079757296,COMPLETE
565,0.6123476147651672,2025-04-23 22:59:05.797094,2025-04-23 23:00:26.451446,0 days 00:01:20.654352,0.3183126444772703,0.5827707601123716,2,0.03515483250398153,0.018695761957535535,0.09583440652007219,0.038584212841226914,0.03364247752094694,0.08234318371676536,0.019916549954464367,20,20,0.04210528697645446,0.11610487179913413,True,False,False,0.00011554553820426001,COMPLETE
566,0.3790184795856476,2025-04-23 23:00:26.633111,2025-04-23 23:01:44.653221,0 days 00:01:18.020110,0.3001190147803196,0.5985552420348287,2,0.03594182971002847,0.03250683100012947,0.046915309982166954,0.040754761934314494,0.04126070046521116,0.07981704662961073,0.001755563901722879,19,23,0.01289790913444989,0.1195728439876638,True,False,False,0.00028850279793985015,COMPLETE
567,0.551880145072937,2025-04-23 23:01:44.841647,2025-04-23 23:03:05.772756,0 days 00:01:20.931109,0.34965862473270864,0.5729757600643776,2,0.028181282611908234,0.0105939935992211,0.09371270242634164,0.041284993827081375,0.038242386121111395,0.08559244604202594,0.0014644176993234234,20,17,0.01051142213160163,0.1272770169226786,True,False,False,0.00036732273453744303,COMPLETE
568,0.29052439928054813,2025-04-23 23:03:05.949666,2025-04-23 23:04:22.825871,0 days 00:01:16.876205,0.27445443564596705,0.6161615400816673,2,0.040247779466616826,0.00016318366930554058,0.04718750756264385,0.03433353619087843,0.036134858165606396,0.08334198692322276,0.02957892674511233,19,23,0.016088021951038152,0.09909964159536325,True,False,False,0.0001935990267089252,COMPLETE
