number,value,datetime_start,datetime_complete,duration,params_alpha-eval,params_alpha-train,params_batch-size,params_eps-eval,params_eps-train,params_lambda-actions-eval,params_lambda-actions-train,params_lambda-frames-eval,params_lambda-frames-train,params_learning-rate,params_n-epochs,params_n-frames,params_radius-gw,params_rho,params_std-feats,params_ub-actions,params_ub-frames,params_weight-decay,state
1125,0.7412262558937073,2025-04-04 19:19:27.825451,2025-04-04 19:20:41.217186,0 days 00:01:13.391735,0.12455602118874597,0.2140170590216074,2,0.21042843299456618,0.06206531731850107,0.005320010966791307,0.03514171831888143,0.00847574644467962,0.0756083926916031,0.020573379810053444,21,47,0.015867731727584176,0.16696824236318777,True,False,True,2.7253384408103277e-07,COMPLETE
1126,0.9605237722396851,2025-04-04 19:20:41.572206,2025-04-04 19:21:58.944177,0 days 00:01:17.371971,0.15787391166253456,0.26724510194449197,2,0.2148401600082593,0.0633223131698788,0.008976352577875537,0.03649135405734938,0.014827835647995426,0.08622899500594879,0.022133587357765654,22,49,0.017847495256625562,0.17260793288920506,True,False,True,1.5745395491507944e-07,COMPLETE
1127,0.4799532115459442,2025-04-04 19:21:59.311698,2025-04-04 19:23:13.220399,0 days 00:01:13.908701,0.12454718914767157,0.22512803431028264,2,0.1964125494951155,0.06156441539551476,0.007503320285434123,0.03860557805801988,0.015023226721650785,0.08696329409941428,0.02444915123944236,21,49,0.016824907004013467,0.17242541120252539,True,False,True,1.5888081972674033e-07,COMPLETE
1128,0.29052439928054813,2025-04-04 19:23:13.590097,2025-04-04 19:24:31.398553,0 days 00:01:17.808456,0.10215964644618389,0.2672672267149839,2,0.20442781281125721,0.06250370047440779,0.008311685844789772,0.03672678525871044,0.017271694260595466,0.08592971879154362,0.0241498750836632,22,49,0.018010153375530087,0.1638988690774704,True,True,True,1.742309943732918e-07,COMPLETE
1129,0.3028635859489441,2025-04-04 19:24:31.763390,2025-04-04 19:25:45.119047,0 days 00:01:13.355657,0.14233360091295616,0.3140964997971067,2,0.21110493772013716,0.07348255393917652,0.0030639083935241635,0.039470403905795745,0.019466756921526652,0.08742809032988993,0.014323386515935772,21,48,0.019251918108744187,0.16408699961864243,False,False,True,2.108192820706528e-07,COMPLETE
1130,0.4236132562160492,2025-04-04 19:25:45.489097,2025-04-04 19:27:02.203860,0 days 00:01:16.714763,0.10961047548087186,0.24737831812478736,2,0.23767804905338977,0.06995308632568892,0.00637017448421754,0.03518031499260449,0.014207028405233357,0.09094038703349214,0.020674256939982927,22,47,0.015478088495028798,0.16053789451915706,True,False,True,1.3375375279633302e-07,COMPLETE
1131,0.33474960923194885,2025-04-04 19:27:02.572284,2025-04-04 19:28:13.477790,0 days 00:01:10.905506,0.1674543786238204,0.28541498962572864,2,0.21529962516647666,0.08164155008657621,0.010887050537844634,0.041832829891354936,0.0155192605688378,0.08475331026585749,0.014510367914754452,20,49,0.015039886357205233,0.1750703641329175,True,False,True,2.5155374742909957e-07,COMPLETE
1132,0.4421276688575745,2025-04-04 19:28:13.845932,2025-04-04 19:29:30.193144,0 days 00:01:16.347212,0.15077131497752155,0.24702039427079353,2,0.2148186831499555,0.06261695178185556,0.008411275988379655,0.03420675436775582,0.013443109123943692,0.08877683281031322,0.01869969468342372,22,45,0.017121154002926443,0.1724255487148523,True,False,True,1.9334924123716366e-07,COMPLETE
1133,0.3800373256206513,2025-04-04 19:29:30.562124,2025-04-04 19:30:46.752345,0 days 00:01:16.190221,0.1183439393148078,0.23764976490495834,2,0.23737163804791908,0.07699271507358865,0.009889224944289326,0.03565609058166861,0.011813242445986943,0.08614458372137718,0.01716826814033381,22,43,0.014426726849245598,0.16919670822972235,True,False,True,1.4943265904818553e-07,COMPLETE
1134,0.40725144147872927,2025-04-04 19:30:47.121702,2025-04-04 19:32:00.911340,0 days 00:01:13.789638,0.15295580727921212,0.2650887728971803,2,0.2052515037007344,0.06420650123461939,0.012108431326176984,0.038789367598438554,0.01216272331903515,0.08344790494081175,0.026956160188237304,21,50,0.020859412331704543,0.17641273743700958,True,False,True,2.7022269334871507e-07,COMPLETE
1135,0.5534197688102722,2025-04-04 19:32:01.280207,2025-04-04 19:32:34.406645,0 days 00:00:33.126438,0.177853068858491,0.20910485098347423,2,0.22953257718486633,0.07014147160941066,0.005859017403315317,0.03326387046201389,0.010479693318199531,0.08828747107711393,0.019414143900558737,6,46,0.01438534492542555,0.16044436862041334,True,False,True,1.9772610643074386e-07,COMPLETE
1136,0.6175724744796753,2025-04-04 19:32:34.778562,2025-04-04 19:33:51.097842,0 days 00:01:16.319280,0.13729959346165319,0.2257995616494211,2,0.2219898902503455,0.0623136172449395,0.01078574009167107,0.03625759094094055,0.009216091227214548,0.0901574270880324,0.02288868560646476,22,42,0.016537599030533704,0.17822618403654714,True,False,True,1.3164330824597105e-07,COMPLETE
1137,0.3553033351898194,2025-04-04 19:33:51.471729,2025-04-04 19:35:05.469044,0 days 00:01:13.997315,0.15956296916112256,0.2364253596779822,2,0.18753116418770288,0.07494621533446712,0.008372080524842642,0.032237436410174944,0.01219693356961852,0.08546900681249801,0.020847923177846436,21,49,0.014248783155307917,0.1705560651679104,True,False,True,1.0508043198338086e-07,COMPLETE
1138,0.41393184661865234,2025-04-04 19:35:05.844083,2025-04-04 19:36:22.756997,0 days 00:01:16.912914,0.1656502787105184,0.25455588110697314,2,0.21257370293162262,0.06892853846981359,0.004153996255449218,0.04473505901305903,0.009555799184118651,0.09261648236539233,0.027860367261180175,22,45,0.019381403070468116,0.18123156944124413,True,False,True,3.043167215877129e-07,COMPLETE
1139,0.3584839701652527,2025-04-04 19:36:23.129381,2025-04-04 19:37:39.219357,0 days 00:01:16.089976,0.10699673831746387,0.2046144251542739,2,0.23157452713307475,0.08220531597605571,0.007601921577467605,0.03382458520715996,0.007548979636918181,0.08785013007775058,0.022741008522772978,22,41,0.013159547603030492,0.16643414312578636,True,False,True,2.0237427914934478e-08,COMPLETE
1140,0.36939340829849243,2025-04-04 19:37:39.591042,2025-04-04 19:38:53.321445,0 days 00:01:13.730403,0.1788931204920594,0.20877418799278488,2,0.23932649322039165,0.06290580866372288,0.013133952565886193,0.03688974656340474,0.010855044309838198,0.08676759610539245,0.03027832160543947,21,50,0.016182809225477355,0.1730711965696041,True,False,True,3.325704001270117e-07,COMPLETE
1141,0.35757766962051396,2025-04-04 19:38:53.694419,2025-04-04 19:40:04.759520,0 days 00:01:11.065101,0.13881761432628703,0.271865024059618,2,0.22630156053448303,0.07174029831356564,0.010783868799965905,0.0311793079759786,0.01382678499235598,0.08526289323375201,0.020225280640026568,20,43,0.014169519845069664,0.1795196018694791,True,False,True,1.1131576638067572e-07,COMPLETE
1142,0.9053484439849855,2025-04-04 19:40:05.137091,2025-04-04 19:41:24.255835,0 days 00:01:19.118744,0.19269481742452002,0.22049478898768515,2,0.216513969741482,0.061783494155414925,0.009379439852170941,0.04010635832885495,0.007615094649361644,0.0896691526728434,0.015383415931713698,23,47,0.013236173161429996,0.18477733687304576,True,False,True,2.3448046145941113e-07,COMPLETE
1143,0.4145915985107422,2025-04-04 19:41:24.629042,2025-04-04 19:42:41.409019,0 days 00:01:16.779977,0.17596000478438376,0.26573160114431477,2,0.21482748822593667,0.06391948888393241,0.005692957471347654,0.04210225169332737,0.009074481794829468,0.08893844547119534,0.016033451383246983,22,47,0.012063748013629578,0.18219778409493864,True,False,True,2.998666843105053e-08,COMPLETE
1144,0.9938735246658326,2025-04-04 19:42:41.785379,2025-04-04 19:44:00.538997,0 days 00:01:18.753618,0.20222448371021046,0.23306534604835166,2,0.2057585436580258,0.06070882585108861,0.008048989889476851,0.04068325838379181,0.01681725090935206,0.09240006913309237,0.0179448067948684,23,49,0.013139519056461567,0.1856487427534317,True,False,True,1.9075118564397312e-07,COMPLETE
1145,0.44581608176231385,2025-04-04 19:44:00.916076,2025-04-04 19:45:15.392286,0 days 00:01:14.476210,0.20974994292558513,0.24387012813908246,2,0.20395582251376204,0.061282338368941223,0.005347292152514263,0.040933500168942476,0.01775112674879715,0.09774875201813293,0.012530959927716766,21,51,0.016407940113679794,0.18744960415509213,True,False,True,2.5152824935995833e-07,COMPLETE
1146,0.4042677402496338,2025-04-04 19:45:15.771433,2025-04-04 19:46:31.670372,0 days 00:01:15.898939,0.2076098017530247,0.2821786443531084,2,0.19952120442033386,0.06130870777680088,0.007521180618870013,0.04299236430356879,0.014002879761638502,0.09734473341880676,0.02636474666153826,22,51,0.018247609065374842,0.18413841786074228,True,False,True,1.6828601433243314e-07,COMPLETE
1147,0.361363011598587,2025-04-04 19:46:32.049610,2025-04-04 19:47:54.376674,0 days 00:01:22.327064,0.1542946646831544,0.24964966663404542,2,0.19692402799639333,0.06170120580176979,0.003252343645304719,0.039132712157479876,0.01371984317242159,0.09242474105120975,0.015295030202899521,23,147,0.014763565317857302,0.014364853805496597,True,False,True,2.3538454430406018e-07,COMPLETE
1148,0.4110573291778565,2025-04-04 19:47:54.735269,2025-04-04 19:49:11.291182,0 days 00:01:16.555913,0.13597765822981814,0.22686699149085543,2,0.20476025449921073,0.06217731479789613,0.0076525843898682475,0.040502356906269625,0.015310234815603325,0.09175830076602316,0.02006703665435625,22,51,0.012225049415183068,0.19217817036503787,False,True,True,2.1499603284200524e-07,COMPLETE
1149,0.46991619467735296,2025-04-04 19:49:11.663658,2025-04-04 19:50:26.180026,0 days 00:01:14.516368,0.1926090241217758,0.21894406761656418,2,0.2082862142298889,0.06296660109233872,0.00483100992178451,0.04330137401964427,0.011697280745352855,0.0813251228226805,0.013784231353619397,21,50,0.010944893786892883,0.1870619270044032,True,False,True,1.5960289515364348e-07,COMPLETE
1150,0.351992267370224,2025-04-04 19:50:26.551972,2025-04-04 19:51:46.604463,0 days 00:01:20.052491,0.20345582432527218,0.2404392526471487,2,0.21312479331336107,0.06870567486674527,0.00912187922853826,0.03958194072625222,0.016717050542471173,0.0954139117586363,0.010009776080081974,23,47,0.01311084463380957,0.19369769366745027,True,False,True,2.6269686718169403e-07,COMPLETE
1151,0.4163350880146027,2025-04-04 19:51:46.976490,2025-04-04 19:52:58.068099,0 days 00:01:11.091609,0.1626069060445315,0.2984824285985233,2,0.20866687996396963,0.06101664556323244,0.007165370688364831,0.04596974450958876,0.018907165714718573,0.0839285061011312,0.014985322976876617,20,49,0.015416273096849835,0.1851467567806172,True,False,True,1.9656195636135742e-07,COMPLETE
1152,0.4137848019599915,2025-04-04 19:52:58.441437,2025-04-04 19:54:15.103718,0 days 00:01:16.662281,0.11977258624354238,0.19724916773851325,2,0.18926099115117623,0.0789443490941739,0.008971004196484363,0.041227347679509044,0.016257717914754014,0.09361642800843355,0.020371595228254692,22,47,0.011309938018844178,0.18609454190761318,True,False,True,1.1976023197321897e-07,COMPLETE
1153,0.4246540248394013,2025-04-04 19:54:15.477698,2025-04-04 19:55:35.491661,0 days 00:01:20.013963,0.23803423034749555,0.20386592022628305,2,0.19328475110931503,0.07377421269129802,0.003174182118419391,0.038020289337597483,0.011175726291582758,0.09593957598683274,0.02223670970665745,23,52,0.013336232807986046,0.19575589903807766,True,False,True,2.876746820235911e-07,COMPLETE
1154,0.6123464226722717,2025-04-04 19:55:35.866572,2025-04-04 19:56:52.643968,0 days 00:01:16.777396,0.18590618556330363,0.2617377469864521,2,0.20011765913506468,0.06026149854959208,0.00712052124161534,0.04771447935504379,0.021261372530707555,0.09061809692234406,0.05432625452174275,22,44,0.010607636468617074,0.17987229147959757,True,False,True,3.6660279870704466e-07,COMPLETE
1155,0.28935108184814456,2025-04-04 19:56:53.023244,2025-04-04 19:58:06.416117,0 days 00:01:13.392873,0.09523184288317098,0.3245613291804833,2,0.21576558477465677,0.10716442830399883,0.0056076827404679605,0.03903998093085789,0.015593096382907519,0.09291182325688119,0.011798949057368828,21,40,0.015155125416853883,0.19157865170875482,True,False,True,8.740532658571948e-08,COMPLETE
1156,0.39157579541206367,2025-04-04 19:58:06.791440,2025-04-04 19:59:24.828065,0 days 00:01:18.036625,0.21407644259180492,0.19408536354644942,2,0.20972537990704823,0.13554138017871303,0.01014511750614828,0.0410461511968435,0.007487381301484256,0.08954191220887069,0.01941617251998118,23,52,0.07275530571436097,0.15225181074438976,True,False,True,4.876501334472547e-07,COMPLETE
1157,0.3628558695316315,2025-04-04 19:59:25.207671,2025-04-04 20:00:42.577147,0 days 00:01:17.369476,0.16245785178559555,0.23018644111972375,2,0.21837251778016714,0.06865639587384374,0.013370067413923646,0.044227423586740575,0.012830614297777689,0.09063477686934869,0.017190371259952566,22,47,0.017887064281252266,0.18541107357366055,True,False,True,2.3035109322702544e-07,COMPLETE
1158,0.48134802579879765,2025-04-04 20:00:42.954002,2025-04-04 20:02:01.836244,0 days 00:01:18.882242,0.196809788600456,0.209367465008247,2,0.20412857844925567,0.060420041308374056,0.014371547764417434,0.039264538867120814,0.007255234579550159,0.09173903300530026,0.014553839424269273,23,45,0.010423315305144502,0.17983145535131778,True,False,True,7.83799292145433e-07,COMPLETE
1159,0.4017120480537415,2025-04-04 20:02:02.213283,2025-04-04 20:03:17.571293,0 days 00:01:15.358010,0.14179448531537792,0.21846718157539502,2,0.21425052493781302,0.07461860247274177,0.006925904999508684,0.03590599368001779,0.010947901301424506,0.09350720542181389,0.01980387647274224,22,49,0.07842049436910438,0.17061011564366552,True,False,True,1.528215316648406e-07,COMPLETE
1160,0.30121615529060364,2025-04-04 20:03:17.948733,2025-04-04 20:04:26.283271,0 days 00:01:08.334538,0.22835876363268254,0.24508154589243816,2,0.220497470233734,0.08931917537588294,0.009074738304574847,0.03760058071181412,0.009509069742228444,0.09270326571953702,0.013944322156386909,19,41,0.012160094502805795,0.19423604917434162,True,False,True,2.0080385981894808e-07,COMPLETE
1161,0.6055912375450134,2025-04-04 20:04:26.664189,2025-04-04 20:05:40.289775,0 days 00:01:13.625586,0.1770889777695041,0.1911630562176899,2,0.20951651279208267,0.06677580446343584,0.011281982773778117,0.04376882072649488,0.007665209120527323,0.0865211031905712,0.013149607940110232,21,52,0.020747591733135645,0.18793302953197596,True,False,True,4.40738284508069e-07,COMPLETE
1162,0.4489575564861298,2025-04-04 20:05:40.667143,2025-04-04 20:07:00.320184,0 days 00:01:19.653041,0.14943857985150663,0.22335021074368802,2,0.195609646191715,0.06017774960738667,0.0018008886235448794,0.04169109322220127,0.018013118554952887,0.08659935627876765,0.016161567901955744,23,44,0.013368485615763408,0.18149132142820337,True,False,True,3.0487928651466364e-07,COMPLETE
1163,0.36567875146865847,2025-04-04 20:07:00.696365,2025-04-04 20:08:15.009562,0 days 00:01:14.313197,0.19747447957217454,0.18840381875813558,2,0.22361682651675638,0.07155886655253005,0.0046114139865866335,0.03740309459667379,0.013096706889842682,0.08911489600378834,0.011221486325301263,21,48,0.009938865764872525,0.17297644144441673,True,False,True,2.5959231097722444e-08,COMPLETE
1164,0.325861656665802,2025-04-04 20:08:15.388851,2025-04-04 20:08:56.526508,0 days 00:00:41.137657,0.12250237630773034,0.2682602937403519,2,0.239498709225959,0.07940600896902508,0.019165838141907438,0.05032775137059029,0.002811486349345824,0.09450931134832083,0.019347537854868323,9,39,0.011885699141155023,0.19365455399309647,True,False,True,3.356546009743682e-07,COMPLETE
1165,0.407074522972107,2025-04-04 20:08:56.907220,2025-04-04 20:10:19.293076,0 days 00:01:22.385856,0.1785446209797558,0.25061868003839655,2,0.2017116814255686,0.06663550647848178,0.015588197441513485,0.040408534884254964,0.007021201205911353,0.09032332200762004,0.0178919393136791,24,43,0.015757046381818858,0.18518877296760247,True,False,True,6.24443641862637e-07,COMPLETE
1166,0.29052439928054813,2025-04-04 20:10:19.673362,2025-04-04 20:11:36.945873,0 days 00:01:17.272511,0.23353315536031335,0.18873915154881366,2,0.21459633215753632,0.05948938698149066,0.007888862235429141,0.03577586784909947,0.01082236919324775,0.08365282265696947,0.02231005595594204,22,51,0.00975105912780266,0.16264618687030283,True,True,True,1.4641320389420289e-07,COMPLETE
1167,0.41649861335754396,2025-04-04 20:11:37.324071,2025-04-04 20:12:55.734350,0 days 00:01:18.410279,0.21001407243690523,0.21320081586345183,2,0.22564545024394705,0.06629081769834093,0.01182183677692376,0.047001526186665525,0.01960643721041844,0.0920345637162128,0.016907327800266284,23,35,0.014046089189235162,0.17776912099651124,False,False,True,2.468161522799274e-07,COMPLETE
1168,0.4166298568248749,2025-04-04 20:12:56.117453,2025-04-04 20:14:07.529757,0 days 00:01:11.412304,0.17184123485628242,0.23809294909879705,2,0.2380914676938998,0.07490416629562649,0.019696438611687822,0.03849702852485817,0.08834891043696128,0.08805072568097295,0.05524271458796334,20,45,0.0105523589830583,0.1959252300596298,True,False,True,5.409014999507039e-07,COMPLETE
1169,0.3433666467666626,2025-04-04 20:14:07.912748,2025-04-04 20:15:24.661010,0 days 00:01:16.748262,0.15885819340093127,0.1859393206623069,2,0.21826965164576598,0.05968522033697533,0.016778886742902302,0.045357683430888224,0.015237420394377305,0.08477441048416737,0.023514941828176362,22,40,0.012717697024524783,0.14017910538989076,True,False,True,3.5517626360963537e-07,COMPLETE
1170,0.35088094472885134,2025-04-04 20:15:25.041076,2025-04-04 20:16:44.933503,0 days 00:01:19.892427,0.19643758307123724,0.28984808954653746,2,0.24196150864482702,0.06760955351792967,0.009229408547188764,0.0370336680948558,0.004519400460882006,0.08207269276983083,0.05416634912601427,23,48,0.009335849557804438,0.18936012689232312,True,False,True,2.023904734175895e-07,COMPLETE
1171,0.42544157505035407,2025-04-04 20:16:45.314398,2025-04-04 20:18:07.582442,0 days 00:01:22.268044,0.21777922185818593,0.21539317797128632,2,0.20706384431835975,0.06117413075354641,0.012994851739379705,0.03518284895979912,0.009009234292649812,0.08790031274363302,0.011004937653628174,24,42,0.017465125066817393,0.1746513938892531,True,False,True,9.403135153204023e-07,COMPLETE
1172,0.3494409143924713,2025-04-04 20:18:07.964543,2025-04-04 20:19:24.771947,0 days 00:01:16.807404,0.15232760419343847,0.20224884512360894,2,0.22799282509134655,0.07478666035424977,0.005607886493328921,0.04248635444604076,0.006557245086566962,0.09408572676661142,0.04934883566743276,22,52,0.011945741334571682,0.15824015768906538,True,False,True,5.554394517996836e-08,COMPLETE
1173,0.3042416572570801,2025-04-04 20:19:25.156022,2025-04-04 20:20:38.651805,0 days 00:01:13.495783,0.1302598853769437,0.5069428676505057,2,0.21964100905179926,0.08557029821984492,0.0191959504191043,0.03773607416705783,0.0030904470740647115,0.09070241439587104,0.01683779918616613,21,37,0.014714999170738164,0.16777011106762474,True,False,True,2.633763294673451e-07,COMPLETE
1174,0.2897390305995941,2025-04-04 20:20:39.046151,2025-04-04 20:21:28.139901,0 days 00:00:49.093750,0.18925873035979623,0.17812383159541134,2,0.17641276962187902,0.16833786562536687,0.010074472798745997,0.05341483958345318,0.011746132353494821,0.07822130976944446,0.025181639428593684,12,46,0.009441897432986363,0.1815335307727184,True,False,True,2.8238032062906417e-07,COMPLETE
1175,0.3486234605312348,2025-04-04 20:21:28.526261,2025-04-04 20:22:48.370075,0 days 00:01:19.843814,0.17808600704562652,0.237010016946952,2,0.23460811075557167,0.059808083139440735,0.01494427546857508,0.03992119963018757,0.005105485340358243,0.08940759206130743,0.054181166865142655,23,54,0.011437394562151752,0.18987294870616184,True,False,True,3.9963547811401064e-07,COMPLETE
1176,0.3470901548862457,2025-04-04 20:22:48.756329,2025-04-04 20:24:05.399913,0 days 00:01:16.643584,0.23991572256677543,0.19024192707867854,2,0.21298162120367628,0.07010426180162146,0.01730397219715817,0.035294562802488105,0.009350031263336011,0.08970099360631442,0.05835950788674678,22,43,0.014385302828729688,0.18080484688505324,True,False,True,1.1042318700499675e-07,COMPLETE
1177,0.41067531108856203,2025-04-04 20:24:05.783545,2025-04-04 20:25:18.806079,0 days 00:01:13.022534,0.21770960397810418,0.22575131843600785,2,0.2431039232240235,0.08304936840113082,0.006591737342514538,0.04795590379943179,0.013479925062655206,0.07719251735788264,0.04577458981718353,21,50,0.06641968229541756,0.19615457501000588,True,False,True,4.730145144523714e-07,COMPLETE
1178,0.41948543190956117,2025-04-04 20:25:19.193935,2025-04-04 20:26:39.462016,0 days 00:01:20.268081,0.1611482200657436,0.3072802367524169,2,0.22786305709368546,0.06607387511345825,0.020416344842490785,0.0395246057157341,0.007115771761110958,0.09542744608845473,0.059541038371201185,23,46,0.016423333391972474,0.18556073140116663,True,False,True,2.1768159088814867e-07,COMPLETE
1179,0.4160239934921265,2025-04-04 20:26:39.846328,2025-04-04 20:27:59.120674,0 days 00:01:19.274346,0.2056246341117601,0.25839513693194377,2,0.20784904203173046,0.0781300637470205,0.008513533972683066,0.036768213760663936,0.004405621850142054,0.07986862028646032,0.044656201183952776,23,40,0.008081291296239516,0.17204246124381278,True,False,True,6.659728024335915e-07,COMPLETE
1180,0.4792923390865326,2025-04-04 20:27:59.507576,2025-04-04 20:29:16.474552,0 days 00:01:16.966976,0.17570845979050836,0.18083826821408538,2,0.21813700388204482,0.05896065525547524,0.011993259470933163,0.041532161668121126,0.008968192401698934,0.08768143419971831,0.016140431088289855,22,48,0.012653576140857707,0.16732554720655166,True,False,True,1.6974792151004263e-07,COMPLETE
1181,0.3937647640705109,2025-04-04 20:29:16.860779,2025-04-04 20:30:28.424603,0 days 00:01:11.563824,0.134278956373937,0.20673315415839127,2,0.2323664633483416,0.07158052226400478,0.004942419821014504,0.0334213256901849,0.003056698388869336,0.09316708117304642,0.02860301003468706,20,53,0.009550617616270261,0.17575342080233605,True,False,True,3.567589357583283e-07,COMPLETE
