number,value,datetime_start,datetime_complete,duration,params_alpha-eval,params_alpha-train,params_batch-size,params_eps-eval,params_eps-train,params_lambda-actions-eval,params_lambda-actions-train,params_lambda-frames-eval,params_lambda-frames-train,params_learning-rate,params_n-epochs,params_n-frames,params_radius-gw,params_rho,params_std-feats,params_ub-actions,params_ub-frames,params_weight-decay,state
899,0.9706011414527893,2025-04-04 13:47:20.729914,2025-04-04 13:48:49.007019,0 days 00:01:28.277105,0.30283952502066575,0.24142158791603113,2,0.25067406938371184,0.06451689889394459,0.028544870710706785,0.07204053834751599,0.0068166082069087645,0.01459145583823884,0.05633271392896535,22,55,0.01184647376928394,0.2219107588018015,True,False,False,1.166174513429016e-05,COMPLETE
900,0.3813687264919281,2025-04-04 13:48:49.300898,2025-04-04 13:50:17.666762,0 days 00:01:28.365864,0.3158750420699213,0.2580732217722958,2,0.2486308486722212,0.06307455645486543,0.02910914789270141,0.07183471191576149,0.03563776829930404,0.012375100791344414,0.0536685685220182,22,54,0.013381249786565689,0.2204233152944979,True,False,False,2.001046614894007e-05,COMPLETE
901,0.40006796121597293,2025-04-04 13:50:17.965751,2025-04-04 13:51:45.603013,0 days 00:01:27.637262,0.3087908017787601,0.22605491451815157,2,0.24150313661407546,0.0659196860128145,0.027452834983956058,0.06678334079069315,0.005496857645795605,0.01649232947170859,0.06016434018304762,22,52,0.014377882213690293,0.2213052614700873,True,False,False,2.0520609773877303e-05,COMPLETE
902,0.44786761999130253,2025-04-04 13:51:45.902389,2025-04-04 13:53:16.897384,0 days 00:01:30.994995,0.2908885926448607,0.2320083467054484,2,0.2549897223854374,0.06050554737831991,0.030388273464620884,0.06422884334118063,0.0022966965596755255,0.017007481584567177,0.05410088406970109,23,56,0.014543508425245205,0.2197828297310377,True,False,False,2.1103694085132672e-05,COMPLETE
903,0.43151037096977235,2025-04-04 13:53:17.177874,2025-04-04 13:54:46.322126,0 days 00:01:29.144252,0.2945986027998696,0.21604885804671914,2,0.25131143929235966,0.067429662911935,0.03227726654088968,0.07377340754741886,0.004881458280699907,0.014527196127852346,0.07060981186463114,22,60,0.012318380617974222,0.22172622894895772,True,False,False,1.7164659249161528e-05,COMPLETE
904,0.3653661608695984,2025-04-04 13:54:46.621882,2025-04-04 13:56:11.565950,0 days 00:01:24.944068,0.3049405952555482,0.17506163999379895,2,0.24315525207718564,0.05701189623329767,0.027941882342607218,0.06921589543013279,0.0042585765141623065,0.015672141930835597,0.047819598134890694,21,57,0.011434702740828168,0.21543912470355778,True,False,False,1.5985818975619035e-05,COMPLETE
905,0.4485265195369721,2025-04-04 13:56:11.866297,2025-04-04 13:57:40.067626,0 days 00:01:28.201329,0.31302260915041813,0.21144361914286552,2,0.259328606718368,0.05743314728434821,0.02948188475954136,0.07201102004302422,0.011585706706924315,0.015161310658162001,0.09977889248120388,22,53,0.011697538765000712,0.22191804454605465,True,False,False,2.139490436998117e-05,COMPLETE
906,0.5393700003623962,2025-04-04 13:57:40.365820,2025-04-04 13:59:09.156847,0 days 00:01:28.791027,0.3312477125640812,0.1808612737827504,2,0.25003812402313436,0.06553172842996402,0.026176811011186994,0.05940620864051123,0.0073874539013456635,0.013312720199003387,0.061375647586773684,22,55,0.014800737380504386,0.2734573049567352,True,False,False,1.4498757844383748e-05,COMPLETE
907,0.37359572649002076,2025-04-04 13:59:09.440427,2025-04-04 14:00:42.789303,0 days 00:01:33.348876,0.32500608047284124,0.20314797225496883,2,0.2600015493623049,0.05289592908532045,0.03163612954222558,0.06949025221413545,0.0066401200716145695,0.016325267892504138,0.043975198795308326,23,68,0.009946657147493503,0.2809656780534565,True,False,False,1.7450851200875322e-05,COMPLETE
908,0.46119516491889956,2025-04-04 14:00:43.087945,2025-04-04 14:02:08.083346,0 days 00:01:24.995401,0.3389041536010625,0.24465677870396613,2,0.24265022687074067,0.057305163836284506,0.024587920908429237,0.06464365612754504,0.007140969073904204,0.012117766598732671,0.07702760283239403,21,63,0.009313254742361672,0.21376573858939227,True,False,False,1.2022436581049283e-05,COMPLETE
909,0.40760546922683716,2025-04-04 14:02:08.383500,2025-04-04 14:03:35.631538,0 days 00:01:27.248038,0.2949197312591093,0.16322802435877903,2,0.25429900287345025,0.053873495892450204,0.027748508654402808,0.0763078560758759,0.0016656583383704102,0.011354475118033391,0.03420807244930611,22,51,0.011793886759850877,0.2221373720222298,True,False,False,1.3011506723680161e-05,COMPLETE
910,0.721127200126648,2025-04-04 14:03:35.938343,2025-04-04 14:05:07.231719,0 days 00:01:31.293376,0.32695854979859845,0.18837906218978068,2,0.24741737587964885,0.06055776818463672,0.030086726217445223,0.06716525459927909,0.0033471293527159614,0.014848158109522312,0.06284703710539599,23,58,0.00876343632808913,0.2859948818400238,True,False,False,1.6375014661820923e-05,COMPLETE
911,0.38486000895500183,2025-04-04 14:05:07.520441,2025-04-04 14:06:39.837779,0 days 00:01:32.317338,0.3088441406038835,0.19069513313023193,2,0.23769896525018847,0.061467321816469966,0.03289624214215052,0.06277619922712838,0.033801737133314066,0.016828665811844112,0.04749954031316069,23,58,0.014023304705659729,0.21442424887418804,True,False,False,1.787206235868906e-05,COMPLETE
912,0.5202260375022888,2025-04-04 14:06:40.137154,2025-04-04 14:08:11.586484,0 days 00:01:31.449330,0.2968275234143211,0.19744243828479366,2,0.24664629788237125,0.05956832424591139,0.029750626710210903,0.07024750412245835,0.001168332278422272,0.014750785949732283,0.0580582082318587,23,60,0.010841059252934354,0.2865191460593801,True,False,False,1.5035283318436256e-05,COMPLETE
913,0.47841939926147464,2025-04-04 14:08:11.886665,2025-04-04 14:09:44.343295,0 days 00:01:32.456630,0.3212351274251212,0.22357951666911274,2,0.23120361121283187,0.06538819083701286,0.027701180489396144,0.06532983881480126,0.008896710262492048,0.017529891699983743,0.08005906326507654,23,56,0.012454858659589507,0.28877044624483866,True,False,False,1.8356146112025875e-05,COMPLETE
914,0.48939501047134404,2025-04-04 14:09:44.645592,2025-04-04 14:11:13.644686,0 days 00:01:28.999094,0.32652029433652885,0.15804143772308493,2,0.2396271082222877,0.06389804971205819,0.03050643492089846,0.06500451028148076,0.0036095394590202837,0.013882167510286572,0.03882662008485048,22,64,0.02607706914738222,0.2905096439014964,True,False,False,1.9930192445863004e-05,COMPLETE
915,0.9643978953361512,2025-04-04 14:11:13.932724,2025-04-04 14:12:39.300521,0 days 00:01:25.367797,0.3407119174277818,0.15858582895998094,2,0.24752067989945375,0.06786132196691146,0.025975945184382745,0.06760715298071375,0.0032688987566265285,0.013946764590804567,0.062361083778066435,21,59,0.008811256732436776,0.2882299929825927,True,False,False,1.5190837871282542e-05,COMPLETE
916,0.29052439928054813,2025-04-04 14:12:39.601397,2025-04-04 14:13:54.201944,0 days 00:01:14.600547,0.28843695315711115,0.1762022677837475,2,0.24685344607324033,0.0629970471866253,0.028504220526013584,0.06634662429105138,0.003943412710366834,0.01625095743698249,0.051093565708941385,21,61,0.008452018331765836,0.2886029434991245,True,True,True,2.2631885904352746e-05,COMPLETE
917,0.4162294268608093,2025-04-04 14:13:54.504498,2025-04-04 14:15:19.663141,0 days 00:01:25.158643,0.32704945263810814,0.16713595388626867,2,0.23807079338454323,0.06678226012786577,0.02654537210015032,0.07134065954562238,0.0032415477299152745,0.01499207888762812,0.06038966080858235,21,58,0.007017651340093992,0.28790982701732304,True,False,False,2.2617555992328133e-05,COMPLETE
918,0.3768252968788147,2025-04-04 14:15:19.968604,2025-04-04 14:16:47.052676,0 days 00:01:27.084072,0.30491678751646234,0.19478797064890602,2,0.24599828015168385,0.18503090717624224,0.032802710991570276,0.0741508760908877,0.006323445983004905,0.017643755987203878,0.04596825022477147,22,64,0.009215761188128248,0.29808250329128205,False,False,False,1.5192981924373615e-05,COMPLETE
919,0.42189423441886903,2025-04-04 14:16:47.338177,2025-04-04 14:18:08.898535,0 days 00:01:21.560358,0.3437300784628213,0.1526657982142634,2,0.2678934096341929,0.06954883750613178,0.030797579256785404,0.07102692547788543,0.0062534945496622255,0.014159915127139575,0.030762477280834522,20,58,0.006441042397654594,0.29414428924154024,True,False,False,1.5167347205442873e-05,COMPLETE
920,0.5789318323135376,2025-04-04 14:18:09.201554,2025-04-04 14:19:36.098544,0 days 00:01:26.896990,0.32779955513430403,0.20457724792357565,2,0.22591858699962789,0.06920089635089827,0.026901753390730695,0.06974253648096261,0.00410520795020722,0.015371842721092228,0.05359889847956839,21,76,0.009114224530924933,0.2850738266596576,True,False,False,1.3165176980555035e-05,COMPLETE
921,0.365742689371109,2025-04-04 14:19:36.403417,2025-04-04 14:21:04.216016,0 days 00:01:27.812599,0.3448733652615158,0.14674093899409454,2,0.23472538636724827,0.060194894176784135,0.025541954302969683,0.06720617959613445,0.0023678450104036514,0.013978561870391204,0.06393450766949617,22,52,0.03045205222937265,0.29292985913514163,True,False,False,2.128719814017431e-05,COMPLETE
922,0.5513889074325562,2025-04-04 14:21:04.521864,2025-04-04 14:22:30.496969,0 days 00:01:25.975105,0.30616161083362003,0.1698348962556281,2,0.2629174384518566,0.06877728851812767,0.029775789490019244,0.06825412684163429,0.003535883576558833,0.01294406602939338,0.06489331715795366,21,61,0.005968146053859357,0.2818334914027485,True,False,False,1.5621822779657294e-05,COMPLETE
923,0.3901303172111511,2025-04-04 14:22:30.789070,2025-04-04 14:23:54.706767,0 days 00:01:23.917697,0.342211500371727,0.19056793964935892,2,0.24376973775794558,0.059816106841347534,0.024615456564512236,0.07287098008671167,0.006289964752196548,0.01774479648590821,0.03931775584532129,20,67,0.008533456636640672,0.29370625532921596,True,False,False,1.2581709265128007e-05,COMPLETE
924,0.4049688637256622,2025-04-04 14:23:55.010582,2025-04-04 14:25:23.024824,0 days 00:01:28.014242,0.32077762888453193,0.2355511349910372,2,0.2503942524637954,0.05557282589625853,0.028194065477755704,0.06793597230650195,0.001578352712932061,0.011784719905185304,0.0480453883366078,22,55,0.010724224486122251,0.2922996270501503,True,False,False,1.6368130816979915e-05,COMPLETE
925,0.43582633733749393,2025-04-04 14:25:23.326155,2025-04-04 14:26:55.433936,0 days 00:01:32.107781,0.28584880074123803,0.1520099778525087,2,0.2579779555832886,0.06576194247222485,0.030759639048207527,0.06671557540532443,0.013881827622970341,0.013331551685313092,0.06933257110278056,23,63,0.007224020628296387,0.2984073324278938,True,False,False,1.2452647382885637e-05,COMPLETE
926,0.9711598992347719,2025-04-04 14:26:55.743500,2025-04-04 14:28:28.715206,0 days 00:01:32.971706,0.3468529783817857,0.20167600921776568,2,0.2782273937987463,0.05424363234105151,0.024795578391086166,0.07063806766264655,0.008768518902019204,0.011196690511482215,0.05538668764812102,23,51,0.00985118172218375,0.2841548194083665,True,False,False,1.8704980167292338e-05,COMPLETE
927,0.4729958891868592,2025-04-04 14:28:29.005736,2025-04-04 14:29:53.455979,0 days 00:01:24.450243,0.3409290229641373,0.2123016460407044,2,0.27965903851254337,0.05212031872363129,0.023355751219270367,0.05047527538009809,0.006829040533127584,0.01157677451562994,0.039691692365935886,21,53,0.012537640784322566,0.281645832356086,True,False,False,2.2351491638974523e-05,COMPLETE
928,0.3472393274307251,2025-04-04 14:29:53.761039,2025-04-04 14:31:21.556250,0 days 00:01:27.795211,0.35194862540297767,0.17389876795338205,2,0.2949057236995141,0.05551921039696122,0.025222704539435647,0.07059473734661312,0.005313869610448118,0.010864965882356825,0.052817726070780065,22,50,0.014528912123473951,0.21677585962291732,True,False,False,2.03227806651918e-05,COMPLETE
929,0.4116545975208283,2025-04-04 14:31:21.867454,2025-04-04 14:32:43.765384,0 days 00:01:21.897930,0.35353758565990584,0.2310736875067733,2,0.2749787603281401,0.051651867400457345,0.021481169661290767,0.053917478022487884,0.008525958864649592,0.01122100388245399,0.03208720910910738,20,50,0.010221622911505574,0.27930156019810387,True,False,False,1.238115377290373e-05,COMPLETE
930,0.4740558207035065,2025-04-04 14:32:44.072207,2025-04-04 14:34:09.482844,0 days 00:01:25.410637,0.3423989918300363,0.2676237519693524,2,0.2835652593114898,0.051267405454387634,0.02320396383857609,0.07185811899357042,0.006140604819094421,0.012717109346509254,0.04297946185310678,21,51,0.010655524595114993,0.2217448333031081,True,False,False,2.536735926639261e-05,COMPLETE
931,0.3771136403083802,2025-04-04 14:34:09.776170,2025-04-04 14:35:37.462936,0 days 00:01:27.686766,0.35624870310992457,0.20642539535972634,2,0.27124807012675545,0.05774193211696255,0.02601671174327433,0.0697046723623431,0.010266701940122346,0.010593662055849886,0.08098185112980869,22,48,0.006098547571924616,0.27826853874527835,True,False,False,1.084870680153976e-05,COMPLETE
932,0.46105902791023257,2025-04-04 14:35:37.768213,2025-04-04 14:37:03.194331,0 days 00:01:25.426118,0.35624563662928593,0.16300720312915362,2,0.2794864619743753,0.05401726993514204,0.020403952645366877,0.07509288625222423,0.010778407472260363,0.010737153992761334,0.054649772199341265,21,54,0.007907903441703628,0.2115904658445059,True,False,False,1.8515411924315643e-05,COMPLETE
933,0.5791606307029724,2025-04-04 14:37:03.499755,2025-04-04 14:38:36.640502,0 days 00:01:33.140747,0.3183635253303228,0.14845858715009122,2,0.26909737357276875,0.05081768707107282,0.024331604654927914,0.06900109375870073,0.017131556818442244,0.013052034592054602,0.07361821412976288,23,52,0.012279907010703386,0.21826132316718927,True,False,False,1.0288092743176036e-05,COMPLETE
934,0.4846915364265442,2025-04-04 14:38:36.953266,2025-04-04 14:40:05.912353,0 days 00:01:28.959087,0.33506530160914977,0.17007919487247036,2,0.192922170764415,0.059972355498227534,0.018643680195295668,0.07367252587453975,0.00829593023999278,0.011425230539444026,0.0493399742686017,22,49,0.009805825351932305,0.22341360343122893,True,False,False,1.426716214744271e-05,COMPLETE
935,0.39987953901290896,2025-04-04 14:40:06.222197,2025-04-04 14:41:17.247066,0 days 00:01:11.024869,0.35683587839091896,0.1371637213366615,2,0.2902453330493177,0.0513182082386366,0.027491100886934284,0.07157670433652856,0.00451984042461245,0.010667480759971041,0.026657586156446693,20,47,0.014314756601338033,0.2115569168771475,True,True,False,1.1547109391600065e-05,COMPLETE
936,0.3850279808044434,2025-04-04 14:41:17.541579,2025-04-04 14:42:31.521621,0 days 00:01:13.980042,0.35341583800206056,0.14810436045471667,2,0.2732934094430508,0.16270584416225287,0.022344960139271838,0.04861841991489748,0.008453605350667139,0.013360710548537179,0.05876873508454917,21,54,0.006276909160716701,0.2834032193170884,True,False,True,1.0278655499034618e-05,COMPLETE
937,0.4130293369293213,2025-04-04 14:42:31.828498,2025-04-04 14:44:03.121683,0 days 00:01:31.293185,0.3050362191019877,0.19907442338606718,2,0.26588453278136515,0.0679378616196411,0.025877370406267804,0.07406744339162682,0.03216199608725323,0.010280444544318075,0.041766955040289246,23,57,0.0080676667116156,0.21530744124344744,False,False,False,1.793159481901176e-05,COMPLETE
938,0.8173857331275941,2025-04-04 14:44:03.432355,2025-04-04 14:45:31.901914,0 days 00:01:28.469559,0.3318405534269946,0.16891872854772233,2,0.280523970371229,0.05586875125600873,0.024385187729844434,0.07577042087774005,0.003913276733414106,0.016229427784258815,0.07470257497053666,22,60,0.010046565622708871,0.27533707235830673,True,False,False,1.0265329302752692e-05,COMPLETE
939,0.4165590822696686,2025-04-04 14:45:32.210960,2025-04-04 14:47:00.381061,0 days 00:01:28.170101,0.2903836577931031,0.18766038768142745,2,0.2864887265057396,0.06201133588330146,0.024439250280199196,0.07942000329310196,0.0038358619710003945,0.017242527763909096,0.08583082904082215,22,60,0.012774985966654427,0.2794857759667041,True,False,False,1.4079389758948252e-05,COMPLETE
940,0.48947675228118903,2025-04-04 14:47:00.679725,2025-04-04 14:48:30.263124,0 days 00:01:29.583399,0.31950279055803066,0.21769090188362533,2,0.29345143189031564,0.05929482433729835,0.0221218667045209,0.0776202727268435,0.006255982054154355,0.01538101964995813,0.07146015923059776,22,66,0.010518517290528235,0.2741337160733558,True,False,False,2.3255322991675137e-05,COMPLETE
941,0.4409047842025757,2025-04-04 14:48:30.571166,2025-04-04 14:49:56.706254,0 days 00:01:26.135088,0.33094839568070206,0.17813788637796688,2,0.2776370592783485,0.0659711094275713,0.027053414565059244,0.07397430451770642,0.002707259200580769,0.01619019026946978,0.07539913094099707,21,60,0.011683327975680259,0.27441267695451976,True,False,False,1.2451056143078708e-05,COMPLETE
942,0.8215097784996033,2025-04-04 14:49:57.019329,2025-04-04 14:51:25.588250,0 days 00:01:28.568921,0.3008469401804277,0.15591525633688633,2,0.2817495595986782,0.05186841949992704,0.02426898657143856,0.07522607047552937,0.001239734607002209,0.014007440273459905,0.09867885577705637,22,63,0.014567064231988728,0.2829618533082105,True,False,False,1.021027203436839e-05,COMPLETE
943,0.4127379715442658,2025-04-04 14:51:25.899879,2025-04-04 14:52:54.930776,0 days 00:01:29.030897,0.2817897538359108,0.14886803907196255,2,0.2797949752887607,0.05780369037642924,0.021319046657548205,0.07588975234174525,0.013396150406074269,0.015533551601331682,0.09876003474927346,22,68,0.015629898942815985,0.2880335857357054,True,False,False,1.4487890158619964e-05,COMPLETE
944,0.4846790373325348,2025-04-04 14:52:55.243876,2025-04-04 14:54:28.366185,0 days 00:01:33.122309,0.29405234408717457,0.16981434103166348,2,0.2788057494881264,0.0637875139711501,0.023347781994901326,0.07956295454386673,0.0039130279292343365,0.016543117743197406,0.08792132416549386,23,65,0.015035205795463628,0.28472194522558497,True,False,False,1.0081529916369929e-05,COMPLETE
945,0.40241411924362186,2025-04-04 14:54:28.666496,2025-04-04 14:55:58.338012,0 days 00:01:29.671516,0.29900001050067215,0.14937513883719095,2,0.2746847995434351,0.05691737403180473,0.018960135901016566,0.07729671756400064,0.0016233086055378538,0.017979983192439944,0.08615271664033315,22,63,0.014078286602742364,0.29288626915637983,True,False,False,1.803121256986692e-05,COMPLETE
946,0.8724889636039734,2025-04-04 14:55:58.646924,2025-04-04 14:57:27.106818,0 days 00:01:28.459894,0.27421770723127636,0.16143944696992102,2,0.27043848622517025,0.05307782959167575,0.02522205157228073,0.07593051102939205,0.002129476283395052,0.01318105803676802,0.0609911233980797,22,62,0.015298025700933103,0.28254300972098756,True,False,False,1.1562491974691099e-05,COMPLETE
947,0.4235034048557282,2025-04-04 14:57:27.417929,2025-04-04 14:58:57.755285,0 days 00:01:30.337356,0.2771667981753718,0.17258862796015587,2,0.27173509531164236,0.0664078551766941,0.02420635038636438,0.07803173079686765,0.0016727015467451587,0.014259969077023118,0.09826752582407886,23,63,0.01594038108928581,0.2854744774976696,True,False,False,1.2586717705210839e-05,COMPLETE
948,0.3915617287158967,2025-04-04 14:58:58.065127,2025-04-04 15:00:27.463739,0 days 00:01:29.398612,0.2655624113827852,0.19448193700399652,2,0.2672603490269784,0.05691987350689923,0.02037443184541856,0.0751565250310127,0.001376789837845926,0.01829091839241935,0.03475753150143286,22,69,0.015500971576070879,0.29663175821645194,True,False,False,1.6034523782363987e-05,COMPLETE
949,0.43027805089950566,2025-04-04 15:00:27.767154,2025-04-04 15:01:56.432662,0 days 00:01:28.665508,0.2748752916610794,0.16333731315213024,2,0.28277974497155733,0.07036252701444665,0.0222648152975834,0.07575547598848693,0.0012318783904608371,0.01587851467153859,0.05664850382350233,22,61,0.014938065191916325,0.2826608643928376,True,False,False,1.1303085005052181e-05,COMPLETE
950,0.34704841375350953,2025-04-04 15:01:56.743793,2025-04-04 15:03:29.661681,0 days 00:01:32.917888,0.28459588288898857,0.13897839698647999,2,0.27379392221900317,0.05359868331109526,0.025256588400068412,0.07359904774219408,0.005238194634138537,0.013610891927690836,0.046030593041521836,23,64,0.014668292222437793,0.2904854651163506,True,False,False,1.3917860028204227e-05,COMPLETE
951,0.4156405568122864,2025-04-04 15:03:29.974487,2025-04-04 15:04:55.631628,0 days 00:01:25.657141,0.30355153484623293,0.18485474138711638,2,0.26192615315088935,0.06284324820467256,0.023300706564524647,0.08104434140865507,0.007961915537111999,0.014703711499305229,0.061128735151770516,21,59,0.01409072084675676,0.28209211614276897,True,False,False,1.1375129790375552e-05,COMPLETE
952,0.38819838166236875,2025-04-04 15:04:55.948721,2025-04-04 15:06:25.481952,0 days 00:01:29.533231,0.282936891843732,0.15619966777585642,2,0.26781263969527264,0.04987257896737998,0.01807014144677084,0.076178223559924,0.0048334037624805865,0.013499547865647223,0.07296992321585948,22,66,0.012662528433761217,0.2760099876763429,True,False,False,1.872585897101162e-05,COMPLETE
953,0.5240669488906861,2025-04-04 15:06:25.796923,2025-04-04 15:07:54.140994,0 days 00:01:28.344071,0.3068415953652184,0.2070308005268799,2,0.2821313756097632,0.0560762347614718,0.02514165803104048,0.07261797647727505,0.005899747348428477,0.01761146215687328,0.05217818067087125,22,61,0.01358946410204126,0.29003312999569847,True,False,False,1.4964699087703775e-05,COMPLETE
954,0.5530380010604858,2025-04-04 15:07:54.443223,2025-04-04 15:09:27.234212,0 days 00:01:32.790989,0.26264757845367,0.1377545792108261,2,0.2638212580450943,0.06282872266955469,0.020578964748446192,0.07892245141883268,0.003376940721837118,0.013395113874295393,0.0835055198243079,23,71,0.0129614800013539,0.2788144106705373,True,False,False,9.553293153284628e-06,COMPLETE
955,0.49151316881179813,2025-04-04 15:09:27.546822,2025-04-04 15:10:41.213206,0 days 00:01:13.666384,0.3036516043034974,0.16971651590533823,2,0.27497035878713627,0.05191331247419666,0.022467954233579515,0.07653594209764461,0.0011540705619869662,0.016231394701693325,0.06213771635144688,21,57,0.015551551311248347,0.29909886145483633,True,True,False,2.4846076308499144e-05,COMPLETE
