number,value,datetime_start,datetime_complete,duration,params_alpha-eval,params_alpha-train,params_batch-size,params_eps-eval,params_eps-train,params_lambda-actions-eval,params_lambda-actions-train,params_lambda-frames-eval,params_lambda-frames-train,params_learning-rate,params_n-epochs,params_n-frames,params_radius-gw,params_rho,params_std-feats,params_ub-actions,params_ub-frames,params_weight-decay,state
1638,0.3954940319061279,2025-04-05 01:15:34.545481,2025-04-05 01:16:07.989056,0 days 00:00:33.443575,0.06384352351436398,0.2586618012305491,2,0.2654176053669571,0.0729392828464571,0.016902079633516597,0.04031205775999982,0.010680934880731166,0.029332750442053742,0.08330186783499278,6,58,0.002853076120681122,0.16446028518858077,True,False,True,4.627861180771597e-08,COMPLETE
1639,0.4031885921955109,2025-04-05 01:16:08.545019,2025-04-05 01:16:24.205349,0 days 00:00:15.660330,0.036333193369773864,0.3070382739379436,16,0.22898970006665303,0.06745813238122876,0.021448279038073573,0.03715488852767133,0.005426231983987802,0.08048750923073969,0.06170666433617132,7,52,0.005947405516235126,0.17822591205559624,True,False,True,3.638517519803253e-08,COMPLETE
1640,0.42041924595832825,2025-04-05 01:16:24.739837,2025-04-05 01:17:02.946942,0 days 00:00:38.207105,0.1284945782454937,0.2375927747271266,2,0.18980515439171308,0.05146926419649635,0.01447814469657022,0.044848495310942295,0.016315026682288715,0.07729754478450265,0.041805751701287315,8,46,0.004247322769831117,0.17101706570305625,True,False,True,2.7072169116911577e-08,COMPLETE
1641,0.4134091377258301,2025-04-05 01:17:03.505509,2025-04-05 01:17:33.939732,0 days 00:00:30.434223,0.07295185205199231,0.3283734933399184,2,0.24326312927807403,0.03827098550549033,0.0183004140728107,0.0505185313141472,0.00861570489701534,0.053751320647162544,0.08416246564575242,5,70,0.00872806935072212,0.15444970579764025,False,False,True,1.0994938973183822e-07,COMPLETE
1642,0.48522571921348573,2025-04-05 01:17:34.478485,2025-04-05 01:18:10.224193,0 days 00:00:35.745708,0.10808216681842533,0.17910222502036174,2,0.20393455604703917,0.06085628630142624,0.019550909420854863,0.08685644137850021,0.014087941337086362,0.0823305575742322,0.09889622270862193,7,54,0.006208082324430039,0.19770181724877908,True,False,True,1.5744872503170114e-07,COMPLETE
1643,0.29052439928054813,2025-04-05 01:18:10.760170,2025-04-05 01:18:43.811707,0 days 00:00:33.051537,0.010105732037685243,0.22222961029745816,2,0.2541519254659313,0.05468558279810968,0.023644941682420213,0.04295917600213728,0.002536587282538285,0.08655628329966147,0.05603185980582455,6,35,0.002712994597128607,0.14015834222359416,True,True,True,2.0049335151023734e-07,COMPLETE
1644,0.5321104526519775,2025-04-05 01:18:44.369741,2025-04-05 01:19:14.662301,0 days 00:00:30.292560,0.04815296089999668,0.19834379767367621,2,0.21343390755260816,0.04647479265139558,0.021255059153680027,0.04031836561643969,0.006669509764738455,0.08412421059770002,0.0022759317346091015,5,51,0.008516549328476253,0.1874826934171043,True,False,True,5.5392281820706995e-08,COMPLETE
1645,0.4086983680725098,2025-04-05 01:19:15.202568,2025-04-05 01:20:07.438532,0 days 00:00:52.235964,0.09154763401944259,0.249011561977461,2,0.23543238462437932,0.06578236505520521,0.015189601869799802,0.034377596355701354,0.004728198477938233,0.05835468474453668,0.09959051846262879,13,41,0.005016375399298249,0.18222349469683607,True,False,True,7.832559293674836e-08,COMPLETE
1646,0.49038893580436704,2025-04-05 01:20:07.994573,2025-04-05 01:20:41.099173,0 days 00:00:33.104600,0.07527149693606325,0.2182695198678858,2,0.22216143521970497,0.07649363684612638,0.026060140127208142,0.05321017283134773,0.011795548148672948,0.07963846338715805,0.0722309564890823,6,61,0.006403881573803264,0.16446435160411235,True,False,True,1.7915643405539e-08,COMPLETE
1647,0.3765840590000153,2025-04-05 01:20:41.637737,2025-04-05 01:21:17.201862,0 days 00:00:35.564125,0.7057145652147936,0.42670566046772634,2,0.20956086487421405,0.058888473237297616,0.017877075049911297,0.03821061857299875,0.008214119470793289,0.0925235582064927,0.06440340381469721,7,49,0.0028402471764282745,0.1753776078076878,True,False,True,3.766917391252786e-08,COMPLETE
1648,0.38230548501014716,2025-04-05 01:21:17.738561,2025-04-05 01:22:27.380769,0 days 00:01:09.642208,0.03458753785185427,0.28021578196792113,2,0.2279280857749334,0.07173751401636477,0.012740423604770105,0.04602970551729268,0.004068572941952486,0.05130641923056075,0.07339910410876466,19,57,0.0010045951742006375,0.16816289631579517,True,False,True,1.1731476965527686e-07,COMPLETE
1649,0.9675857543945313,2025-04-05 01:22:27.937500,2025-04-05 01:23:28.478259,0 days 00:01:00.540759,0.053330736893277705,0.17125753671932864,2,0.13923067530663016,0.05099578255857769,0.022426055916237517,0.04422457984344887,0.0063143186231413365,0.07526885842860341,0.04670936508469602,16,44,0.008109927833930152,0.20309546520548974,True,False,True,5.360930662232884e-08,COMPLETE
1650,0.9780117273330688,2025-04-05 01:23:29.019142,2025-04-05 01:23:59.260359,0 days 00:00:30.241217,0.12823851198670258,0.23505888585814708,2,0.24017270638369959,0.06271985480091186,0.01898482419564643,0.0413653415710249,0.0026894281115018895,0.08120992109013586,0.05486115775947841,5,54,0.004615257664633178,0.17290458559683303,True,False,True,9.217952751842028e-08,COMPLETE
1651,0.513801634311676,2025-04-05 01:23:59.818755,2025-04-05 01:24:32.589624,0 days 00:00:32.770869,0.09052019404018008,0.26469281802431566,2,0.247502313023968,0.04244456341237379,0.016043428441137056,0.04917007092952891,0.02560462442839555,0.0842505393182971,0.04090918972283132,6,47,0.002901685988543902,0.19323050058712257,True,False,True,6.810879850678001e-08,COMPLETE
1652,0.3681865155696869,2025-04-05 01:24:33.125190,2025-04-05 01:25:03.303046,0 days 00:00:30.177856,0.0705769905005963,0.20287130123645558,2,0.10509756089965203,0.05446772602684181,0.020754406598791773,0.0372803166584139,0.009255116149476402,0.0609197378825587,0.08516725005568818,5,39,0.006190134018326672,0.15670335504230196,True,False,True,2.502047161108359e-08,COMPLETE
1653,0.43175738453865053,2025-04-05 01:25:03.838568,2025-04-05 01:25:39.567617,0 days 00:00:35.729049,0.14516470398613246,0.24006782453741735,2,0.17313332412432741,0.06837534388533237,0.024398143193546804,0.03970930195616845,0.019747876928781723,0.09623277600717044,0.06348971539874738,7,50,0.0010811233529110956,0.1022158350316994,True,False,True,4.520496701723275e-08,COMPLETE
1654,0.2920679211616516,2025-04-05 01:25:40.126431,2025-04-05 01:26:13.119518,0 days 00:00:32.993087,0.1093643156479714,0.1935868693744361,2,0.21719194636520353,0.18387416476380303,0.017087327333285416,0.04740512927575883,0.012176794658661196,0.07833220514485245,0.07648902968803023,6,56,0.008376497618025853,0.18211535768014014,True,False,True,3.358252045935665e-08,COMPLETE
1655,0.41568281650543215,2025-04-05 01:26:13.658346,2025-04-05 01:26:43.932520,0 days 00:00:30.274174,0.037916499205179546,0.2163860079891823,2,0.26373950117654277,0.05893004819688963,0.020361443437022387,0.035724217308286677,0.01021884842561795,0.08784338079924554,0.05119605302206086,5,52,0.004299255517432492,0.1470020334775659,True,False,True,1.6285730792670266e-07,COMPLETE
1656,0.28290348649024966,2025-04-05 01:26:44.489842,2025-04-05 01:27:17.475189,0 days 00:00:32.985347,0.06095533723771504,0.39285164145904167,2,0.2223425657300138,0.06435149124505657,0.02236626809626035,0.04284306652853777,0.006936284702728822,0.09424084870263981,0.06919983981092499,6,45,0.0062843807074869015,0.02131449117345327,True,False,True,1.499183204510677e-08,COMPLETE
1657,0.3977781653404236,2025-04-05 01:27:18.015170,2025-04-05 01:27:53.962332,0 days 00:00:35.947162,0.025374481164021384,0.2644370104062345,2,0.23268301228006605,0.04773488016838598,0.018803289777122405,0.04509697191860032,0.0043877646682248085,0.09069764959612231,0.08465369153117076,7,60,0.0042593383952509245,0.17829414755432435,True,False,True,2.068916539183862e-08,COMPLETE
1658,0.40058118700981143,2025-04-05 01:27:54.495092,2025-04-05 01:28:24.935552,0 days 00:00:30.440460,0.09059169270808434,0.28976847988058013,2,0.20313069055563707,0.07890629660024367,0.011713920775217948,0.03863954679938456,0.0025584974750565708,0.08567664188007176,0.003688153287924491,5,48,0.008379341189292589,0.16056920702229052,True,False,True,8.70171061202552e-08,COMPLETE
1659,0.29052439928054813,2025-04-05 01:28:25.492063,2025-04-05 01:28:58.318641,0 days 00:00:32.826578,0.1117740096360618,0.16954422546860615,2,0.21289971073433878,0.05607843922507194,0.025594736362180934,0.04158266697874933,0.016229954247219142,0.08166312616029785,0.05949010409632155,6,42,0.0011081068009062777,0.16951943072583295,True,True,True,5.865611041687803e-08,COMPLETE
1660,0.34547170996665955,2025-04-05 01:28:58.855511,2025-04-05 01:29:14.411905,0 days 00:00:15.556394,0.05202687095363932,0.2342987937634181,16,0.2557203097602118,0.07121388976161759,0.014357204949481523,0.0367968757553017,0.014094685277512363,0.08351034755870484,0.03996003048749473,8,53,0.006597226242425732,0.18600895836178052,False,False,True,2.8161668923418674e-08,COMPLETE
1661,0.41563903093338017,2025-04-05 01:29:14.969900,2025-04-05 01:29:45.408284,0 days 00:00:30.438384,0.07284144160653191,0.667480740042112,2,0.22738508768642468,0.06183768246032335,0.023293888924231298,0.043413302384576455,0.0010799403958896285,0.08042211637113064,0.07153215055484569,5,58,0.025829515355068534,0.22528061122798976,True,False,True,2.2142100606176596e-07,COMPLETE
1662,0.4836717009544373,2025-04-05 01:29:45.946721,2025-04-05 01:30:19.054022,0 days 00:00:33.107301,0.1298796012986971,0.2114885416956511,2,0.23762365721090106,0.040266698402702916,0.01669142915379499,0.040238347669407405,0.006102876350163056,0.045932054847987416,0.0999602302152831,6,37,0.0042202946103017894,0.1754924136142755,True,False,True,1.114655074474138e-07,COMPLETE
1663,0.3570449650287628,2025-04-05 01:30:19.591071,2025-04-05 01:30:55.263252,0 days 00:00:35.672181,0.027252241730730858,0.2530440168433354,2,0.012165453197890058,0.05045709480742271,0.02073565597637756,0.05123308189809471,0.008168422381891019,0.07636344162879488,0.05248318430124018,7,48,0.008801137213183968,0.19186301640846753,True,False,True,6.738130223779159e-08,COMPLETE
1664,0.41374238133430485,2025-04-05 01:30:55.821592,2025-04-05 01:31:25.905672,0 days 00:00:30.084080,0.0861382948724044,0.19379081229206652,2,0.21915704491822885,0.0658643572119081,0.01867507661867162,0.03428611826774333,0.0046159011671350735,0.055399880772085464,0.059439527941084966,5,55,0.0024895673254783247,0.13665853359013175,True,False,True,3.7076904494524176e-08,COMPLETE
1665,0.34724382758140565,2025-04-05 01:31:26.444786,2025-04-05 01:31:57.219384,0 days 00:00:30.774598,0.15047564856962226,0.22850921314543718,2,0.24808539856093006,0.05611067752697005,0.021849144286012173,0.04593561066699087,0.010814737341691943,0.08640783108608535,0.08540878595632474,5,51,0.005896913362307316,0.163037077828873,True,False,True,4.895482289055197e-08,COMPLETE
1666,0.3850279808044434,2025-04-05 01:31:57.781410,2025-04-05 01:32:30.579658,0 days 00:00:32.798248,0.7313332957577687,0.17770401400455593,2,0.22513721695404385,0.04642746417938569,0.0192870633059135,0.04841903067799535,0.007820757112416579,0.0827302799954861,0.07653314223476047,6,43,0.0029087314584689697,0.1815417999391128,True,False,True,1.35741836499845e-07,COMPLETE
1667,0.4016998052597046,2025-04-05 01:32:31.124608,2025-04-05 01:33:37.235518,0 days 00:01:06.110910,0.048397034558610746,0.30698338035544975,2,0.20847799562843586,0.07331883385051409,0.0239481739662424,0.03882889502926735,0.005760671393421846,0.07856822159086482,0.046536587490841705,18,46,0.007525658035725519,0.15418366594489688,True,False,True,1.791217324850956e-07,COMPLETE
1668,0.9751606702804566,2025-04-05 01:33:37.799397,2025-04-05 01:34:10.550888,0 days 00:00:32.751491,0.10274785003631755,0.27366934887556804,2,0.26047393804462543,0.05899111701102694,0.015595705673877285,0.05723167623708667,0.009300395360881121,0.08819039441747827,0.06271212924842197,6,49,0.0042203691117535325,0.1682384700753958,True,False,True,7.71430843898898e-08,COMPLETE
1669,0.9982662796974183,2025-04-05 01:34:11.101062,2025-04-05 01:34:46.893951,0 days 00:00:35.792889,0.069486450058627,0.24865494487301906,2,0.2441440552079986,0.051876416511772196,0.012510153209114638,0.04231373695474296,0.0035512242981841856,0.08545070672004379,0.08561448888406113,7,40,0.0010019720704221233,0.20733085609003754,True,False,True,3.222204261240757e-08,COMPLETE
1670,0.5534436225891114,2025-04-05 01:34:47.434149,2025-04-05 01:35:23.161798,0 days 00:00:35.727649,0.06877198116139774,0.27060406101068335,2,0.24252012905066136,0.04134935429063746,0.01177247610132491,0.04239199237404721,0.002798799713012849,0.08588494054186063,0.0502544077294586,7,40,0.0011736110364934864,0.1839432737639999,True,False,True,2.7857177109351953e-08,COMPLETE
1671,0.41535622477531436,2025-04-05 01:35:23.723115,2025-04-05 01:35:59.389247,0 days 00:00:35.666132,0.07893648370661323,0.25119566453688635,2,0.23798152699506597,0.039020624375866085,0.012136849173763693,0.04316939658099914,0.0026240233614652636,0.08764244773442473,0.038005505211508285,7,38,0.002671137933042439,0.20161824639661766,True,False,True,3.1748753562693495e-08,COMPLETE
1672,0.5867594838142395,2025-04-05 01:35:59.932383,2025-04-05 01:36:38.753355,0 days 00:00:38.820972,0.05740453344718795,0.25259398921619514,2,0.24364257318999924,0.047644129219977384,0.014014454102149024,0.04177087485579699,0.004063430795892473,0.08514462938696235,0.0626090458074202,8,34,0.002479454102371463,0.20424854200858322,True,False,True,1.9737144872333427e-08,COMPLETE
1673,0.34745275378227236,2025-04-05 01:36:39.318430,2025-04-05 01:37:23.233629,0 days 00:00:43.915199,0.09022787080942071,0.28967047088844594,2,0.234331010620665,0.048472718628303164,0.01222048876839707,0.044426442785486984,0.0012334355235824063,0.08885743722418654,0.07043205884800967,10,38,0.0023681260261162133,0.2074744387838525,True,False,True,2.4459871259006582e-08,COMPLETE
1674,0.34745275378227236,2025-04-05 01:37:23.775416,2025-04-05 01:38:02.420216,0 days 00:00:38.644800,0.0415490019997489,0.2694100595002353,2,0.23292731991540222,0.04378961468035944,0.012293268480441173,0.04001842276435713,0.0043979897291519755,0.08495146099198751,0.05415130163144329,8,36,0.002139086847415489,0.20985149873337605,True,False,True,3.553493149733416e-08,COMPLETE
1675,0.4182896733283997,2025-04-05 01:38:02.961422,2025-04-05 01:39:11.240178,0 days 00:01:08.278756,0.07327524687449005,0.2507756320907038,2,0.23900782029952625,0.05078940519360078,0.010294746099833088,0.04078695736236129,0.003303051524196815,0.08688157553639624,0.045589303519542525,19,33,0.0011740940240537597,0.19735800376390056,True,False,True,3.196456593754133e-08,COMPLETE
1676,0.2915274858474731,2025-04-05 01:39:11.799723,2025-04-05 01:39:47.553371,0 days 00:00:35.753648,0.9022623084864067,0.29707087947710525,2,0.24112148025090627,0.05303367343396673,0.013398874708727531,0.044338357372199245,0.005636065727259939,0.0893319374354194,0.07199993228998296,7,40,0.0025328549172024513,0.2002689838502295,True,False,True,4.2685867718984915e-08,COMPLETE
1677,0.41381457448005676,2025-04-05 01:39:48.097631,2025-04-05 01:40:24.052304,0 days 00:00:35.954673,0.10996016544137366,0.2381976388887979,2,0.23097643869310341,0.037190713483670576,0.010988157836888876,0.042524470445611945,0.0010473870374427003,0.08337271140514334,0.0573397760034596,7,41,0.001310101955194091,0.1921823511855717,True,False,True,3.916495631509865e-08,COMPLETE
1678,0.4852097392082214,2025-04-05 01:40:24.616379,2025-04-05 01:41:00.592758,0 days 00:00:35.976379,0.05744610470264516,0.27879106245497287,2,0.22735593234983711,0.08070292624057365,0.013888110593673772,0.038601073760504964,0.00441021551390679,0.0853888038496271,0.07312643852712843,7,36,0.0012074093436909225,0.20511660576208063,True,True,True,2.69110219724211e-08,COMPLETE
1679,0.4160239934921265,2025-04-05 01:41:01.138753,2025-04-05 01:41:36.675543,0 days 00:00:35.536790,0.03428275128755658,0.32639289011375916,2,0.24449159517370259,0.054152545825421436,0.013207933427599811,0.04584625226701815,0.006651767186795918,0.08305169810304533,0.062348372731229514,7,41,0.0037781963891222996,0.19766866540659775,False,False,True,4.789251624592112e-08,COMPLETE
1680,0.3635323941707611,2025-04-05 01:41:37.238066,2025-04-05 01:41:53.291863,0 days 00:00:16.053797,0.0915911960377142,0.26148763368286554,16,0.2335821293921648,0.04439830290236316,0.013724422343183383,0.04141822258274352,0.0032833046214063846,0.08148649763758009,0.03793681982701019,8,29,0.003910523377552038,0.2013497608069251,True,False,True,2.0639670706142098e-08,COMPLETE
1681,0.4854775607585907,2025-04-05 01:41:53.839401,2025-04-05 01:42:34.997988,0 days 00:00:41.158587,0.06677631293081894,0.23792434008529492,2,0.21566244963100145,0.06238260283611562,0.010344213120844197,0.03660457963334331,0.0050825483283434385,0.08791494412291238,0.04683854601505869,9,33,0.002859113963158263,0.18794497039298771,True,False,True,1.2945685165360898e-08,COMPLETE
1682,0.47431333661079406,2025-04-05 01:42:35.539759,2025-04-05 01:43:14.689799,0 days 00:00:39.150040,0.010267630080142226,0.23253841044615883,2,0.24719065610391497,0.06918594860696833,0.015423276958693503,0.043327202667708016,0.007381298358839006,0.09049158681024518,0.08373667627239599,8,43,0.004478311468133239,0.19527633188559182,True,False,True,2.3571592668437083e-08,COMPLETE
1683,0.34882459640502933,2025-04-05 01:43:15.254189,2025-04-05 01:43:50.505902,0 days 00:00:35.251713,0.6250732398383214,0.2591509858959608,2,0.22267762212353395,0.05897300719842128,0.015159007431750249,0.040519189645263146,0.003195074828145409,0.08462618795021944,0.06275697309602889,7,38,0.05312696493740222,0.17278729665457407,True,False,True,3.030469218055339e-08,COMPLETE
1684,0.34094963073730467,2025-04-05 01:43:51.056451,2025-04-05 01:44:56.953843,0 days 00:01:05.897392,0.11683120578261201,0.22556126117999517,2,0.23955185434398624,0.2084734740183612,0.010974203701217959,0.03788914973205746,0.006159874214070873,0.08628011646637895,0.08452330743298744,18,43,0.004265476906504013,0.17944097913645682,True,False,True,4.206402839094543e-08,COMPLETE
1685,0.451744681596756,2025-04-05 01:44:57.517409,2025-04-05 01:45:30.793621,0 days 00:00:33.276212,0.045968598231030645,0.2748221822463217,2,0.19360753302762088,0.05156026084804276,0.012432568462364695,0.04464781073479559,0.002756536027266823,0.08303563353505891,0.053803193430772375,6,39,0.002560202075835314,0.2088434731500945,True,False,True,1.8014738745725278e-08,COMPLETE
1686,0.4150618970394135,2025-04-05 01:45:31.337782,2025-04-05 01:46:09.708234,0 days 00:00:38.370452,0.08693970187291383,0.24937143817907906,2,0.22931444954142843,0.0654504194207721,0.016215964897956615,0.03981030884598922,0.008287993545492587,0.08089016755070165,0.07367813167421977,8,43,0.0012905290888494672,0.15837709674102476,True,False,True,5.170441656032922e-08,COMPLETE
1687,0.5359498143196106,2025-04-05 01:46:10.274105,2025-04-05 01:47:19.050753,0 days 00:01:08.776648,0.028160011533060865,0.3009815935963997,2,0.20772294784849193,0.045505348035494775,0.010632589200125995,0.04219727343627982,0.005233728280948425,0.09149221093423776,0.06782960214366203,19,45,0.004626546422816391,0.1468952423668831,True,False,True,3.413038837616501e-08,COMPLETE
1688,0.3677643299102783,2025-04-05 01:47:19.601622,2025-04-05 01:48:06.537673,0 days 00:00:46.936051,0.06625125681563356,0.22291863035726955,2,0.18424149790449315,0.05489596985555823,0.016164721488008873,0.045347254943642265,0.009963296327686232,0.07995867469787173,0.04703697549891651,11,36,0.0028505348046621495,0.16673047538742972,True,False,True,2.5427048736778492e-08,COMPLETE
1689,0.9966694235801697,2025-04-05 01:48:07.078185,2025-04-05 01:48:42.906529,0 days 00:00:35.828344,0.09917179988215573,0.35014193720281667,2,0.22051144328109556,0.062075842248301594,0.01503362303938823,0.03453689301593639,0.002603823067062226,0.0846161894737147,0.08521582995536116,7,41,0.001223589147766053,0.1882617968270064,True,False,True,6.370201887847617e-08,COMPLETE
1690,1.0,2025-04-05 01:48:43.476986,2025-04-05 01:49:18.747694,0 days 00:00:35.270708,0.10997886709417534,0.33610687313427434,2,0.21667966433350652,0.07699311434657337,0.01298603825352498,0.03318437417032634,0.004315760388696015,0.08572363323160502,0.08898596062542596,7,30,0.0013595250384934305,0.18971367949478424,True,False,True,6.147402265122805e-08,COMPLETE
1691,0.4160239934921265,2025-04-05 01:49:19.293441,2025-04-05 01:49:57.930215,0 days 00:00:38.636774,0.12296876032882242,0.35191805880382904,2,0.2242696550558348,0.07985547915776225,0.011427578182695183,0.03241292635233461,0.007472899379684364,0.08739248061202315,0.08963030500823542,8,38,0.001418703357777573,0.1946884259261409,True,False,True,6.228313784734783e-08,COMPLETE
1692,0.3931359648704529,2025-04-05 01:49:58.498469,2025-04-05 01:50:36.666701,0 days 00:00:38.168232,0.13013581629971283,0.2890167874567542,2,0.21449534767431797,0.07406724145023376,0.012137694885521147,0.03539778239173999,0.07584478472602972,0.08897583605594896,0.0878260268718317,8,27,0.0014109861790113417,0.19691835710558875,True,False,True,7.436980442594832e-08,COMPLETE
1693,0.3310830652713776,2025-04-05 01:50:37.215558,2025-04-05 01:51:14.839983,0 days 00:00:37.624425,0.13799847397807327,0.33873999231456975,2,0.2204250523538701,0.0820424345615303,0.010913832719070028,0.033484121638260145,0.00592008844220751,0.0861070492371684,0.08679503190178302,8,30,0.0017002864608007054,0.19332353381880732,True,False,True,6.074223600063703e-08,COMPLETE
1694,0.9826372146606446,2025-04-05 01:51:15.409447,2025-04-05 01:51:50.830746,0 days 00:00:35.421299,0.10992403559504448,0.3058641175090918,2,0.22064738499803044,0.08696342720019758,0.012949093372165038,0.033680760246874275,0.009298027930461594,0.08563531396609174,0.08734607323109339,7,32,0.002006573141287333,0.1911294039019558,True,False,True,7.290037674599078e-08,COMPLETE
