number,value,datetime_start,datetime_complete,duration,params_alpha-eval,params_alpha-train,params_batch-size,params_eps-eval,params_eps-train,params_lambda-actions-eval,params_lambda-actions-train,params_lambda-frames-eval,params_lambda-frames-train,params_learning-rate,params_n-epochs,params_n-frames,params_radius-gw,params_rho,params_std-feats,params_ub-actions,params_ub-frames,params_weight-decay,state
956,0.4174971282482147,2025-04-04 15:10:41.525416,2025-04-04 15:11:58.398776,0 days 00:01:16.873360,0.31572560996453564,0.23888465380282914,2,0.2589500158176271,0.05875847334613861,0.02499257650101646,0.07298324964564497,0.004126113239716889,0.013230796493603305,0.09950379836800442,22,62,0.01256187655406351,0.28700425562881277,False,False,True,1.1194394056380884e-05,COMPLETE
957,0.40558900833129885,2025-04-04 15:11:58.716493,2025-04-04 15:13:24.910947,0 days 00:01:26.194454,0.28920543794508136,0.15218546603176336,2,0.2697376533577509,0.052903384699957014,0.02666905591489886,0.07231481974146611,0.006904066310588224,0.012387689556122917,0.03666378759959373,21,74,0.012681990140877283,0.2787569413604821,True,False,False,1.2978688734475274e-05,COMPLETE
958,0.41228945851325993,2025-04-04 15:13:25.227513,2025-04-04 15:14:50.061359,0 days 00:01:24.833846,0.24284282063287424,0.19446673229494144,2,0.27931217554566623,0.06900568591953903,0.014905250858739113,0.07561616102369277,0.00363750314217452,0.018520855519166823,0.04574423933244367,21,57,0.01132594664962098,0.285427913706803,True,False,False,1.908459580827087e-05,COMPLETE
959,0.7128924608230591,2025-04-04 15:14:50.360140,2025-04-04 15:16:22.389725,0 days 00:01:32.029585,0.8836801315035019,0.17968985147862274,2,0.28620531587060005,0.051246312847696984,0.02001001132562403,0.07845920246000859,0.0031147391523287543,0.014907377274478405,0.07819841697780898,23,55,0.015097789366367579,0.2766725445195683,True,False,False,1.0590216251922003e-05,COMPLETE
960,0.4267856240272522,2025-04-04 15:16:22.705825,2025-04-04 15:17:44.264239,0 days 00:01:21.558414,0.3207343255327159,0.13135380323763066,2,0.2636156764359324,0.06162321854316488,0.0232918579675118,0.07042016281486897,0.007195051671997002,0.057985957270611746,0.057654238315108845,20,59,0.011078528652318256,0.28345594253579137,True,False,False,9.930257464494296e-06,COMPLETE
961,0.43678513765335086,2025-04-04 15:17:44.579583,2025-04-04 15:19:14.494160,0 days 00:01:29.914577,0.3143440472162887,0.21295145791324752,2,0.2736911381621716,0.05638823753528409,0.026034992395360956,0.07490716486332191,0.0050531633310580085,0.011402264496696235,0.06703908832777855,22,66,0.01251972678497799,0.2926970161016642,True,False,False,1.496988193956748e-05,COMPLETE
962,0.41215947270393377,2025-04-04 15:19:14.811693,2025-04-04 15:20:45.641506,0 days 00:01:30.829813,0.270013776306862,0.12915599186838264,2,0.2546124467784242,0.0477277474508268,0.02347926355719405,0.07275251009340056,0.0026427327977502097,0.016294832606306233,0.04874851689092896,23,55,0.024276632760704037,0.27276644884460544,True,False,False,9.597746128149607e-06,COMPLETE
963,0.4434395849704743,2025-04-04 15:20:45.961363,2025-04-04 15:22:12.368499,0 days 00:01:26.407136,0.327150448621868,0.16554238758339465,2,0.2657034330088723,0.04999619971373613,0.021467496786506914,0.07095841101314433,0.008072450063448033,0.012137831254039343,0.08310979835207498,21,69,0.010272520508136993,0.278913218860327,True,False,False,9.209596554457865e-06,COMPLETE
964,0.44208120703697207,2025-04-04 15:22:12.675053,2025-04-04 15:23:41.823833,0 days 00:01:29.148780,0.3035456045100598,0.18611632827854568,2,0.25517667008045736,0.06494377110713973,0.017169562913564355,0.06802090045419386,0.010220008663059698,0.014593609169671265,0.09919342916093549,22,63,0.014200596604500827,0.2829265259722111,True,False,False,1.6809561541074746e-05,COMPLETE
965,0.4803979992866516,2025-04-04 15:23:42.143503,2025-04-04 15:25:04.329002,0 days 00:01:22.185499,0.3380898268477338,0.1508956731610031,2,0.27758248127233626,0.0550821607976918,0.028105164927414123,0.07011322268405365,0.0013583672660880122,0.01252658843943249,0.04069558394559321,20,60,0.011285102358276207,0.2869007181266548,True,False,False,1.246300359022493e-05,COMPLETE
966,0.5970852613449097,2025-04-04 15:25:04.645223,2025-04-04 15:26:33.710746,0 days 00:01:29.065523,0.3257346172165413,0.12699924401613666,2,0.26038923273303616,0.05887403221910884,0.024883077581693665,0.0745844721653079,0.005245777444243,0.011028127891642096,0.06329300447931227,22,57,0.012919932459180095,0.2699686949283224,True,False,False,2.317500079788925e-05,COMPLETE
967,0.43466557860374455,2025-04-04 15:26:34.035776,2025-04-04 15:27:59.379340,0 days 00:01:25.343564,0.2880765375909434,0.20624132287463245,2,0.2714877282048999,0.04941593474342598,0.028797595960913094,0.06354813638879565,0.003289107185551461,0.013316822964091405,0.05382266313463844,21,51,0.010028338613890625,0.2895113963732349,True,False,False,9.206928039971586e-06,COMPLETE
968,0.4551501274108887,2025-04-04 15:27:59.698443,2025-04-04 15:29:30.383034,0 days 00:01:30.684591,0.30527920104691353,0.22655777412834538,2,0.28305534914005254,0.061123087078763225,0.026445072545354373,0.07846967322521914,0.005567913761682723,0.010234550477857231,0.07488765972310493,23,53,0.016759362555877545,0.2750230722493948,True,False,False,1.3077614232760204e-05,COMPLETE
969,0.359081369638443,2025-04-04 15:29:30.686581,2025-04-04 15:30:55.817187,0 days 00:01:25.130606,0.3421560453094557,0.14605325383669474,2,0.24002556061860666,0.15211812781008782,0.033800647448598314,0.07685966481376252,0.0032032247361594513,0.015676289163440077,0.028897491412063995,21,47,0.009778873772504207,0.273489893863299,True,False,False,9.281460838893956e-06,COMPLETE
970,0.7442191123962403,2025-04-04 15:30:56.134405,2025-04-04 15:32:25.115030,0 days 00:01:28.980625,0.3256320833655539,0.16645115673388378,2,0.23185340111190197,0.04995434521299594,0.023588784276024715,0.07322767215278753,0.009305632738340926,0.05501611579803479,0.099825877875567,22,63,0.013108599480450574,0.28115470286290956,True,False,False,1.8960789341420448e-05,COMPLETE
971,0.7904789686203004,2025-04-04 15:32:25.435982,2025-04-04 15:33:57.425688,0 days 00:01:31.989706,0.340357195805136,0.12714642441993165,2,0.25137052203876364,0.06931539356704246,0.020990439296127605,0.05996215711240803,0.015714620620972484,0.012210388060600319,0.06699802820186743,23,59,0.015207224920006705,0.27885617843946203,True,False,False,1.2527664447488663e-05,COMPLETE
972,0.3808379530906677,2025-04-04 15:33:57.749973,2025-04-04 15:35:29.574242,0 days 00:01:31.824269,0.29892711592025345,0.12403286613530437,2,0.24937525183423845,0.06666179731133917,0.01823578812042652,0.06406977171093084,0.010856754762448,0.014712124098926634,0.04484876521006066,23,60,0.016801525005988215,0.28939179962294503,True,False,False,1.5602513756627156e-05,COMPLETE
973,0.3502950072288513,2025-04-04 15:35:29.899877,2025-04-04 15:37:01.690078,0 days 00:01:31.790201,0.32177546449035743,0.13898519135364518,2,0.2509513835279237,0.06934506652659908,0.021117262258930593,0.057556750489462155,0.001162893669443319,0.018975991321814323,0.035804444876163626,23,58,0.018692489608530753,0.2915988101317147,True,False,False,1.4025157140110154e-05,COMPLETE
974,0.5246803402900696,2025-04-04 15:37:01.998761,2025-04-04 15:38:21.215389,0 days 00:01:19.216628,0.26991799877979317,0.1576622355342647,2,0.24421327169180343,0.06838253457168739,0.019239605356552423,0.056708867374386275,0.016055587582629375,0.01282782189356735,0.055312473667409316,23,56,0.018352705048661842,0.2795913919714128,True,True,True,1.1930864529432866e-05,COMPLETE
975,0.41356117725372316,2025-04-04 15:38:21.534739,2025-04-04 15:39:50.294961,0 days 00:01:28.760222,0.3347985909647519,0.12582164142577382,2,0.23726870645898804,0.07378807032365733,0.02117529949576168,0.06226923195449287,0.01511479045634824,0.01709404064922957,0.08098903093713952,22,65,0.015976481519655646,0.2859173789151859,False,False,False,1.6927711938748676e-05,COMPLETE
976,0.5662877202033997,2025-04-04 15:39:50.615361,2025-04-04 15:41:18.814535,0 days 00:01:28.199174,0.3115283298123791,0.1823534540201298,2,0.2575135148317869,0.07047183035921767,0.022876115611538763,0.06078488285184078,0.013313676949207407,0.012232937259383587,0.06416093322526187,22,62,0.015628254486228933,0.2782134403678621,True,False,False,2.3631857150197534e-05,COMPLETE
977,0.40679832696914675,2025-04-04 15:41:19.138380,2025-04-04 15:42:51.173496,0 days 00:01:32.035116,0.3476968569669807,0.14144625428345592,2,0.24319320299490005,0.06351495755146558,0.01689126475612295,0.06600462360938494,0.008180195183899727,0.014681379193251517,0.006628291522897131,23,55,0.015472695036939231,0.2946858626671249,True,False,False,1.273111647624729e-05,COMPLETE
978,0.46039082407951354,2025-04-04 15:42:51.499013,2025-04-04 15:44:16.448390,0 days 00:01:24.949377,0.3333125255678021,0.12384363454111437,2,0.2518702685076642,0.06205446696417084,0.02023313552378301,0.0590517783406854,0.011920287691465397,0.011071523510349646,0.08206945250824282,21,59,0.01438865096845552,0.27971605628698193,True,False,False,2.0683260558871647e-05,COMPLETE
979,0.4092368364334107,2025-04-04 15:44:16.758771,2025-04-04 15:45:45.136629,0 days 00:01:28.377858,0.2936991647591495,0.16790851767435408,2,0.22496512300557225,0.0563541436124548,0.024769959181077706,0.05243701640128684,0.0069593747234097305,0.01373341499515816,0.05005787568069132,22,51,0.017236077636843684,0.2945835315930803,True,False,False,1.0690180367639306e-05,COMPLETE
980,0.385681563615799,2025-04-04 15:45:45.455156,2025-04-04 15:47:07.070767,0 days 00:01:21.615611,0.34805398074907784,0.4007952135625869,2,0.2591171579091101,0.07018094488659292,0.02566504392793374,0.06867194923042855,0.0038628748131611136,0.016915976563617173,0.06979944977287175,20,53,0.014086371543030406,0.2838794818454882,True,False,False,1.47713119447828e-05,COMPLETE
981,0.38414482474327094,2025-04-04 15:47:07.390985,2025-04-04 15:48:32.290890,0 days 00:01:24.899905,0.31814175787298155,0.192674203448584,2,0.2481569696516651,0.05941813472068154,0.02246167556972852,0.06576626491747004,0.004828095111713993,0.010193106414601099,0.02251763237999768,21,58,0.012322962813144791,0.27618301581734694,True,False,False,1.7244068333817584e-05,COMPLETE
982,0.34677934646606445,2025-04-04 15:48:32.618324,2025-04-04 15:50:04.610860,0 days 00:01:31.992536,0.25499165446348226,0.1226426988027352,2,0.25565929414341454,0.0650033284543477,0.026956663624132217,0.07161133630274902,0.0029472989704304037,0.012053093030214016,0.04000062961521012,23,67,0.019970016634810895,0.22369638633544608,True,False,False,1.1529127209898296e-05,COMPLETE
983,0.40144450068473814,2025-04-04 15:50:04.933360,2025-04-04 15:51:35.469096,0 days 00:01:30.535736,0.3640443848692535,0.27808958708230913,2,0.23481707140206345,0.05347393084769413,0.01975445978137538,0.05395165023928681,0.0011628344615001228,0.009913259797094268,0.05885026761437009,22,70,0.014269404064207292,0.29946563211152066,True,False,False,9.276958496614783e-06,COMPLETE
984,0.3661034345626831,2025-04-04 15:51:35.791742,2025-04-04 15:53:05.032594,0 days 00:01:29.240852,0.28574199373603204,0.254246222173394,2,0.21719453615475132,0.21345964049375077,0.023577763350028706,0.05513075836158972,0.021302706718985986,0.014249083923349296,0.0830970423055093,22,63,0.012245842632146618,0.18497080732473475,True,False,False,1.423655475884237e-05,COMPLETE
985,0.503455638885498,2025-04-04 15:53:05.340273,2025-04-04 15:54:29.638587,0 days 00:01:24.298314,0.33929393774330396,0.1699708618137584,2,0.23992622275121658,0.058870231281078815,0.021940677735682014,0.06966527981015176,0.00574775882096229,0.01208014543768213,0.04948122698297182,21,48,0.05844631823026952,0.2723204066816894,True,False,False,2.4122912576060733e-05,COMPLETE
986,0.4195012331008911,2025-04-04 15:54:29.961167,2025-04-04 15:56:01.012051,0 days 00:01:31.050884,0.318106827429559,0.14654901381117205,2,0.2639630684529101,0.05411306200645552,0.028712921858385712,0.062005074383731915,0.006559847682599124,0.01585584167448089,0.07065619172600776,23,61,0.01754790733906659,0.21505015074948197,True,False,False,1.1459485418379242e-05,COMPLETE
987,0.4514166116714478,2025-04-04 15:56:01.334634,2025-04-04 15:57:29.042676,0 days 00:01:27.708042,0.3571170732618207,0.2131366349969826,2,0.25045612235024545,0.06705405974754503,0.024483051710727597,0.06075275624160128,0.0029760275359423096,0.010963013700600162,0.09979621290749242,22,56,0.010687499226753602,0.2861889625614718,True,False,False,9.043337950794126e-06,COMPLETE
988,0.3566387534141541,2025-04-04 15:57:29.367404,2025-04-04 15:58:51.093845,0 days 00:01:21.726441,0.3383222402385832,0.12028765178586513,2,0.25694625431616286,0.19468092921117947,0.026590321343574638,0.08131437239971034,0.0010141701355845015,0.07682638714284683,0.05896260046933613,20,52,0.014334855858284028,0.20968810733346108,True,False,False,1.991991275146572e-05,COMPLETE
989,0.41595510840415956,2025-04-04 15:58:51.420073,2025-04-04 16:00:22.410756,0 days 00:01:30.990683,0.35841159140031204,0.14598260129565072,2,0.2647752133532426,0.04831161623361942,0.018334522520919175,0.07515346821252392,0.009955133419490675,0.00979335519536239,0.033170292601728775,23,46,0.011870641355108576,0.2707028955915708,True,False,False,1.3645397862042173e-05,COMPLETE
990,0.6273248076438904,2025-04-04 16:00:22.725950,2025-04-04 16:01:47.827425,0 days 00:01:25.101475,0.30155799852671566,0.1899684333261217,2,0.2442652622544436,0.05719677621680806,0.022141728947318175,0.05985585083751312,0.004897960490413241,0.013315353162118085,0.08155359391657482,21,59,0.01030783312043296,0.28360802818292097,True,False,False,8.993231685199246e-06,COMPLETE
991,0.48837759494781496,2025-04-04 16:01:48.150355,2025-04-04 16:03:17.010667,0 days 00:01:28.860312,0.32997111992532613,0.23257806934940864,2,0.2535013599292029,0.07181090481531342,0.024779281298276223,0.06763591473805204,0.007495785439294285,0.009862858685523793,0.04247071601451132,22,55,0.015242623522121211,0.22398887279877686,True,False,False,1.1192931292388227e-05,COMPLETE
992,0.46829445362091066,2025-04-04 16:03:17.334536,2025-04-04 16:04:42.534537,0 days 00:01:25.200001,0.3574604225960602,0.1566075730354808,2,0.28716499636326853,0.061695142059888124,0.014620009615298371,0.0735108378761036,0.00511010424040555,0.018221812185823413,0.06595228428249235,21,49,0.012809485955697184,0.27625530110231583,True,False,False,1.7400297852305848e-05,COMPLETE
993,0.29052439928054813,2025-04-04 16:04:42.864307,2025-04-04 16:06:02.523185,0 days 00:01:19.658878,0.3137130013398044,0.20041090889304644,2,0.2294512213303033,0.04887829911930991,0.027703513124863386,0.071671508591229,0.003443308805893322,0.015697683592652546,0.05434017861979231,23,62,0.010104185749675865,0.19832315033993544,True,True,True,9.136751265963376e-06,COMPLETE
994,0.4031499266624451,2025-04-04 16:06:02.851160,2025-04-04 16:07:31.429971,0 days 00:01:28.578811,0.34164116646567244,0.17747766698896617,2,0.24040942463812429,0.05478814304139621,0.020427438737701753,0.07739088870873854,0.008757964243692231,0.012275926342357937,0.08432255851386351,22,65,0.01161561429443119,0.21609475378370488,False,False,False,1.2346515193273703e-05,COMPLETE
995,0.3960580527782441,2025-04-04 16:07:31.759774,2025-04-04 16:08:56.748380,0 days 00:01:24.988606,0.28415404122488375,0.12519081889098213,2,0.2606912613029387,0.06433124493739258,0.02530844047053528,0.051432445833852404,0.007752904893974205,0.009938173621014174,0.004695795307633165,21,54,0.04012744488520113,0.2916700415276308,True,False,False,1.5418890507691723e-05,COMPLETE
996,0.45272056460380555,2025-04-04 16:08:57.062532,2025-04-04 16:10:19.631342,0 days 00:01:22.568810,0.36440130356193945,0.11711451547452069,2,0.24513856421172595,0.048437556325903096,0.029726261203954548,0.0686981719475136,0.017786189432620763,0.013891219539972549,0.07309019762333013,20,58,0.00969555038651241,0.2058548832939759,True,False,False,8.474465639628996e-06,COMPLETE
997,0.505569726228714,2025-04-04 16:10:19.956559,2025-04-04 16:11:38.959791,0 days 00:01:19.003232,0.32700506371703925,0.14265036757801192,2,0.2684580585454573,0.05475745197863496,0.016566567130236756,0.07055135694278006,0.0049660776846499255,0.012384076621909232,0.045670322436566185,19,51,0.013447997598176917,0.219715764868144,True,False,False,1.162422174896943e-05,COMPLETE
998,0.4261449992656708,2025-04-04 16:11:39.286570,2025-04-04 16:13:06.581607,0 days 00:01:27.295037,0.35137791227849163,0.1669236789822775,2,0.2768876566350291,0.0605750907717446,0.022793986536191066,0.04612520824981124,0.00308311494754758,0.07203636824353131,0.06077907189119577,22,44,0.036775072843115,0.270107115294171,True,False,False,1.942478217673577e-05,COMPLETE
999,0.9614408969879151,2025-04-04 16:13:06.909505,2025-04-04 16:14:38.517382,0 days 00:01:31.607877,0.30779834170038306,0.11557991457613434,2,0.25162284168331456,0.07105077043412085,0.026556313356343706,0.06547467761564284,0.0011349121650117808,0.009788931999857826,0.05236854397448433,23,57,0.00902989807048105,0.1889317268281164,True,False,False,2.6066133140664828e-05,COMPLETE
1000,0.5341847777366638,2025-04-04 16:14:38.844888,2025-04-04 16:16:03.529428,0 days 00:01:24.684540,0.27061970011948777,0.11142642925267338,2,0.2597441335239506,0.04778105560001385,0.02834570006457977,0.06796841893006965,0.0021529954653384514,0.01117397951862781,0.03755153378496925,21,54,0.008263712211384293,0.19980167346185967,True,False,False,2.5762618042149405e-05,COMPLETE
1001,0.40734221339225773,2025-04-04 16:16:03.864085,2025-04-04 16:17:33.778503,0 days 00:01:29.914418,0.2971758683733551,0.209534484062799,2,0.2663347483241962,0.05409910779686554,0.031135823863009313,0.06571865055576512,0.0030655311228262347,0.008946461287405458,0.048559676474170574,22,78,0.008397121169225544,0.18846200053362389,True,False,False,2.769998819337064e-05,COMPLETE
1002,0.695879590511322,2025-04-04 16:17:34.092768,2025-04-04 16:19:02.509874,0 days 00:01:28.417106,0.2523543083835546,0.23639448852925382,2,0.28246200929967685,0.047358176391331976,0.026227288134552752,0.07365124244006858,0.0033937621449612793,0.009647455968481367,0.031169786571105022,22,51,0.009424898972444765,0.18594120577406706,True,False,False,1.8143405936694397e-05,COMPLETE
1003,0.4580428898334503,2025-04-04 16:19:02.839911,2025-04-04 16:20:24.956485,0 days 00:01:22.116574,0.27889050988627484,0.1845627544268309,2,0.23627441541587604,0.06144179342110011,0.027200676287158776,0.06554067235369233,0.001384664497137979,0.0096271300968378,0.04138674933668505,20,56,0.02785942658279902,0.192792964969251,True,False,False,2.8192434614217096e-05,COMPLETE
1004,0.4427937388420105,2025-04-04 16:20:25.284460,2025-04-04 16:21:58.319230,0 days 00:01:33.034770,0.304458189972491,0.11310527945883353,2,0.24706782448613737,0.055596968404460566,0.029591114467510015,0.06987972995779235,0.002245077143836899,0.00907925746089212,0.05274420003500989,23,48,0.008417409914231658,0.19604128004341473,True,False,False,2.1453402690955572e-05,COMPLETE
1005,0.3728636264801026,2025-04-04 16:21:58.650232,2025-04-04 16:23:26.656775,0 days 00:01:28.006543,0.2771945971173966,0.15234036573412868,2,0.2568013273365933,0.07193445527382801,0.031926271128043804,0.07624662743755478,0.0054653890969263985,0.008991132291846263,0.05557853275844068,22,42,0.01108888206531174,0.2023748605217932,True,False,False,2.472577493866623e-05,COMPLETE
1006,0.40929450988769533,2025-04-04 16:23:26.989387,2025-04-04 16:24:32.700515,0 days 00:01:05.711128,0.23977977381083404,0.10933525290784936,2,0.2743541978208136,0.049158956859994385,0.025062686144170787,0.06319310305065279,0.005175928282222173,0.014336572290802643,0.04368303534449882,15,38,0.00772107773181473,0.19269852817487115,True,False,False,2.5010374109066526e-05,COMPLETE
1007,0.5529146909713746,2025-04-04 16:24:33.034085,2025-04-04 16:25:58.030428,0 days 00:01:24.996343,0.31945293670277797,0.13452326685167937,2,0.25346400269160946,0.057814221677144326,0.028466107250708736,0.07207423868880544,0.001054592164600656,0.011434289223832179,0.08254659828714948,21,46,0.010037995730486304,0.20931982629398552,True,False,False,8.646430239974745e-06,COMPLETE
1008,0.4295217514038086,2025-04-04 16:25:58.346305,2025-04-04 16:27:32.202363,0 days 00:01:33.856058,0.3001852680637136,0.16775080267488454,2,0.26371366395964024,0.06587501293928,0.026714237366321503,0.07476046355196833,0.0038820250735421306,0.016670194552649033,0.09914297754366613,23,74,0.007369271064870897,0.19709788492856142,True,False,False,2.1158787721134147e-05,COMPLETE
1009,0.47401247024536136,2025-04-04 16:27:32.533713,2025-04-04 16:28:57.788095,0 days 00:01:25.254382,0.7120534945008672,0.196333202595364,2,0.14749878211124662,0.05298516129242377,0.06064319498028102,0.06846367074805058,0.0026819288382795288,0.009653171598801313,0.037717475417602904,21,52,0.011126070740327109,0.18842546541606559,True,False,False,1.5912483318064643e-05,COMPLETE
1010,0.9165453672409059,2025-04-04 16:28:58.115818,2025-04-04 16:30:27.118428,0 days 00:01:29.002610,0.3140440528001403,0.15048623619614476,2,0.24678845591165918,0.04697973865410269,0.02425282348587896,0.04826792427453262,0.0010357756205082247,0.01326750249199135,0.0646220990611179,22,56,0.009291721312584992,0.20417619832772366,True,False,False,8.333653795939987e-06,COMPLETE
1011,0.4769183337688446,2025-04-04 16:30:27.456091,2025-04-04 16:31:56.071781,0 days 00:01:28.615690,0.2644592537895693,0.1754058732231525,2,0.2406079314720715,0.04575282280143742,0.0236821214559526,0.04710156974267583,0.0016288602406177009,0.01875786905184539,0.050532924546127775,22,56,0.0070242994548369445,0.20602341705159455,True,False,False,9.802853754453363e-06,COMPLETE
1012,0.29052439928054813,2025-04-04 16:31:56.403603,2025-04-04 16:33:14.475482,0 days 00:01:18.071879,0.2988574052690577,0.1507281856708328,2,0.2348241801950896,0.04537104800295219,0.02441106472719571,0.049667310155849645,0.0034153246119925595,0.01538672610389537,0.06195651995062485,22,54,0.0090651938413803,0.2065993104077423,True,True,True,8.452134185587454e-06,COMPLETE
