number,value,datetime_start,datetime_complete,duration,params_alpha-eval,params_alpha-train,params_batch-size,params_eps-eval,params_eps-train,params_lambda-actions-eval,params_lambda-actions-train,params_lambda-frames-eval,params_lambda-frames-train,params_learning-rate,params_n-epochs,params_n-frames,params_radius-gw,params_rho,params_std-feats,params_ub-actions,params_ub-frames,params_weight-decay,state
0,0.30699655413627625,2025-04-23 12:58:33.329237,2025-04-23 12:58:52.242749,0 days 00:00:18.913512,0.5590018449266224,0.06264514888072062,16,0.19575935347878157,0.22376337629885892,0.06933435766962946,0.02977704868779186,0.0840196138490964,0.04475965912128198,0.05515239991269153,15,91,0.020728943573509233,0.2998927351294298,False,True,False,0.0004056206428879438,COMPLETE
1,0.35550153255462646,2025-04-23 12:58:52.246947,2025-04-23 12:59:15.510869,0 days 00:00:23.263922,0.9572255003319007,0.6740574531488168,16,0.04813023269897894,0.1649309845190366,0.04443032014093174,0.005510831991975485,0.035921034993378606,0.05545588756922949,2.248541475562207e-05,27,27,0.07781518166464593,0.1457907184876737,True,True,False,3.4944654093379087e-07,COMPLETE
2,0.366980654001236,2025-04-23 12:59:15.515114,2025-04-23 12:59:46.229079,0 days 00:00:30.713965,0.37246420930792523,0.3677499561611435,8,0.17921771901609954,0.2467922085054608,0.03991302927469398,0.09183425382524936,0.03426385761397439,0.08447250896231001,0.003838198834585354,17,105,0.009277447478261567,0.03129098841743977,True,False,False,3.82916338417732e-08,COMPLETE
3,0.4777939319610596,2025-04-23 12:59:46.233049,2025-04-23 13:00:44.384242,0 days 00:00:58.151193,0.12325624785222478,0.41914893957627763,2,0.09273286490110731,0.06835878560671681,0.08413302714176273,0.0279911081347081,0.06908811272958748,0.08075398288294913,0.0006327787546862907,15,59,0.07641805031676933,0.02707792629271759,True,False,True,6.204453042129046e-05,COMPLETE
4,0.29052439928054813,2025-04-23 13:00:44.388484,2025-04-23 13:01:09.992989,0 days 00:00:25.604505,0.4882863831501109,0.9763996543482965,8,0.1731411896978453,0.17751425984511646,0.010272088907561917,0.06295293291284186,0.015704461091654458,0.04509384711609509,0.0011484023499029879,16,147,0.006254759196812389,0.2050753950628276,False,True,True,0.0009572176031558463,COMPLETE
5,0.3770357668399811,2025-04-23 13:01:09.997447,2025-04-23 13:01:45.170854,0 days 00:00:35.173407,0.549747077427558,0.6698359960562681,8,0.27878488607227314,0.29620529082283925,0.0426306677014568,0.028333071797280094,0.013038500097924136,0.0597623897578989,0.00012014386069742999,25,12,0.066327297898117,0.04678414332411518,True,False,False,1.19458318357039e-08,COMPLETE
6,0.2829533994197846,2025-04-23 13:01:45.176014,2025-04-23 13:02:42.638912,0 days 00:00:57.462898,0.8715592950632461,0.36726072474508104,2,0.24182549641501,0.17597108170336728,0.03386264537972472,0.08816565932546602,0.024309340489082936,0.05590169704878006,0.0004937620236007301,15,62,0.07540336209775839,0.06987089816331299,True,False,True,2.2072288884032362e-08,COMPLETE
7,0.40434315204620364,2025-04-23 13:02:42.644056,2025-04-23 13:02:59.859638,0 days 00:00:17.215582,0.2695074441589075,0.833976158097572,16,0.00036134517737439783,0.17194960320669753,0.025148558828530135,0.08376856791529691,0.0016818539209513092,0.04431002275554272,0.0009525156304725661,7,107,0.08922398702263322,0.19512758526229113,True,False,True,0.0003446450117197779,COMPLETE
8,0.3788965344429016,2025-04-23 13:02:59.865080,2025-04-23 13:03:35.922318,0 days 00:00:36.057238,0.41747944474920773,0.7407742464925434,8,0.10428015440654127,0.02382083514831563,0.05825715686154804,0.06424364294865202,0.03278878269420621,0.01912210666944042,0.00329873265431627,29,85,0.07760869904767446,0.28901305604066074,True,True,True,1.5429135417042083e-08,COMPLETE
9,0.36882747411727906,2025-04-23 13:03:35.928071,2025-04-23 13:04:13.922198,0 days 00:00:37.994127,0.9241780268665416,0.5087248322166469,8,0.11311905315211873,0.2421255687504237,0.0955347513558609,0.08440751853157084,0.013967170974378704,0.06325023623362389,0.007572904568004018,26,96,0.08394565208350703,0.18582724362577419,True,False,False,4.7947881374904113e-08,COMPLETE
10,0.413535475730896,2025-04-23 13:04:13.928570,2025-04-23 13:04:52.735576,0 days 00:00:38.807006,0.03040363966049009,0.13957530332848805,2,0.07658488606039351,0.04933326031326678,0.09940104726768643,0.0023058042431573986,0.06966534674931756,0.09953759301280213,1.1479137839527693e-05,8,47,0.04530156485890001,0.10594601783539748,False,False,True,8.422260311401258e-06,COMPLETE
11,0.41536918282508856,2025-04-23 13:04:52.744270,2025-04-23 13:05:28.430307,0 days 00:00:35.686037,0.03142244229712226,0.027736171605474882,2,0.08042455901632412,0.0487101725558801,0.09840889761987447,0.0012337722165846263,0.07194675800078065,0.09806545774093259,2.0520851553423607e-05,7,53,0.043819570575286106,0.10271758736507006,False,False,True,2.0244537504990533e-05,COMPLETE
12,0.4160239934921265,2025-04-23 13:05:28.437758,2025-04-23 13:06:14.211540,0 days 00:00:45.773782,0.021085469553374574,0.196570541742647,2,0.03211068222369974,0.08141129268451351,0.08002792420667829,0.029303526634143567,0.06295468302939569,0.08575808769308725,6.341191265051627e-05,11,47,0.047440658011026975,0.007227474672156148,False,False,True,2.2302996531890872e-05,COMPLETE
13,0.3790811121463776,2025-04-23 13:06:14.218747,2025-04-23 13:06:59.967338,0 days 00:00:45.748591,0.1822126588245639,0.25346683241015044,2,0.01356103058515076,0.10198142915882327,0.07722311782504651,0.03274993847333034,0.05582153331986598,0.07857490656371119,9.219452166355242e-05,11,30,0.05743218565117736,0.008586182923410794,False,False,True,4.760022447495991e-05,COMPLETE
14,0.4004108786582947,2025-04-23 13:06:59.974732,2025-04-23 13:08:14.003028,0 days 00:01:14.028296,0.17135653801138795,0.4643360022272842,2,0.13426048785339062,0.10288455374569866,0.07429649930535456,0.04540751324659818,0.09628798378550424,0.07902594060136091,9.433415854715222e-05,21,71,0.09775522957580265,0.012905752298886769,False,False,True,1.1601613611732678e-06,COMPLETE
15,0.4143509685993195,2025-04-23 13:08:14.010779,2025-04-23 13:08:58.042685,0 days 00:00:44.031906,0.7100410937270938,0.23028373069546748,2,0.04482758372636103,0.11086454732378034,0.08426376075900616,0.020270361770727042,0.05392043322858131,0.0722621320058045,0.00025169321746384786,10,41,0.03358622911222106,0.06797290519647275,False,False,True,0.00011723185784733306,COMPLETE
16,0.40974189043045045,2025-04-23 13:08:58.050833,2025-04-23 13:10:14.257120,0 days 00:01:16.206287,0.15111901031389402,0.5570388226664436,2,0.04297489828129794,0.06918974480144374,0.0643516661144431,0.04608550337063232,0.06629163194937573,0.028158117591696057,0.02370138441258932,21,127,0.05883102268552233,0.10487635586305115,True,False,True,4.545400518278467e-06,COMPLETE
17,0.38812414407730106,2025-04-23 13:10:14.266141,2025-04-23 13:11:03.456025,0 days 00:00:49.189884,0.29337374416276885,0.32295806235049385,2,0.07963169758661182,0.017125398426479636,0.08548948121205023,0.018612888361144483,0.08374113852210009,0.08688672572190381,5.183978120097083e-05,12,9,0.03675722664673383,0.057011013628945624,False,False,True,3.906671534526504e-05,COMPLETE
18,0.37783035039901736,2025-04-23 13:11:03.464636,2025-04-23 13:12:16.366732,0 days 00:01:12.902096,0.01122923943404317,0.15413561792298774,2,0.14249513627183039,0.12234752191022721,0.05971023653029742,0.05414429803187361,0.04249461695803622,0.09070306639405196,0.0002515918118801268,20,71,0.06595645166939665,0.24562012792043209,False,True,True,5.835353963750225e-07,COMPLETE
19,0.5884687423706055,2025-04-23 13:12:16.376090,2025-04-23 13:12:46.346630,0 days 00:00:29.970540,0.25458834301262223,0.45796236353850617,2,0.032446864337765745,0.0670723170669946,0.08566987763529409,0.016708249498217156,0.05819504982608975,0.07230491441936242,0.0012571825148704687,5,31,0.0219267242612607,0.1414744848635384,True,False,True,1.3720437799373974e-05,COMPLETE
20,0.2899676263332367,2025-04-23 13:12:46.356516,2025-04-23 13:13:01.584297,0 days 00:00:15.227781,0.2876246201527487,0.5968447528903855,16,0.10559582469009926,0.1259688391502043,0.052081455150134175,0.014995616035509161,0.08037324154016165,0.0684746501471124,0.001732021594146515,5,25,0.021751535503211537,0.14524773511682,True,False,True,2.0032036014136803e-06,COMPLETE
21,0.42115855216979986,2025-04-23 13:13:01.594127,2025-04-23 13:13:53.814475,0 days 00:00:52.220348,0.10372785701539404,0.4386058842279358,2,0.024760844876024143,0.07473983054366348,0.08549223608376463,0.04072163942082736,0.06091384997553513,0.07162893467159646,0.0004329902933910253,13,58,0.025849792930077393,0.008138444801077057,True,False,True,1.5609010207939876e-05,COMPLETE
22,0.46398540735244753,2025-04-23 13:13:53.824362,2025-04-23 13:14:45.981769,0 days 00:00:52.157407,0.1310729656807301,0.4666356362197184,2,0.06524222302795375,0.058425849553216565,0.0894408070864509,0.03524630261756916,0.046702515724803995,0.07162287136993258,0.0004380734310964524,13,63,0.02133330920844478,0.08578601754556064,True,False,True,9.054242161501152e-06,COMPLETE
23,0.8052949190139771,2025-04-23 13:14:45.991964,2025-04-23 13:15:54.740444,0 days 00:01:08.748480,0.23319903741350106,0.42986104671627284,2,0.06359656284286891,0.009160015330781535,0.09207058810425219,0.012574359407110186,0.04599134272257724,0.002771980133848981,0.011287392687769043,19,39,0.01268729676655845,0.1218535727108133,True,False,True,0.00011352470444444137,COMPLETE
24,0.39024577736854554,2025-04-23 13:15:54.750747,2025-04-23 13:17:03.139053,0 days 00:01:08.388306,0.23462086101734128,0.3371092846979561,2,0.06445898019391753,0.0053011688621396845,0.09181470649299153,0.01165389854515948,0.051441485075605226,0.008413243649601797,0.01318841371240731,19,37,0.011674537130368041,0.1693130027205192,True,False,True,0.00011619282866046909,COMPLETE
25,0.6054362893104553,2025-04-23 13:17:03.150248,2025-04-23 13:18:19.698774,0 days 00:01:16.548526,0.3638771736998653,0.5561108061386943,2,0.12309379147724547,0.03179672893208228,0.07088182629467554,0.020352788962337626,0.0742959475543882,0.001141379367429196,0.09853693523870125,22,19,0.013487818246727604,0.1300364179641595,True,False,True,0.00011220187430042374,COMPLETE
26,0.29052439928054813,2025-04-23 13:18:19.709821,2025-04-23 13:19:38.674190,0 days 00:01:18.964369,0.3880430459229549,0.5745372025259015,2,0.13459185907446283,0.029627910439122884,0.07103035769786747,0.010611711595512812,0.09769860824927319,0.0012387814282588218,0.07968433222578679,23,19,0.013496858053746478,0.12862179460111742,True,True,False,0.00019273973632069096,COMPLETE
27,0.29052439928054813,2025-04-23 13:19:38.686006,2025-04-23 13:20:56.550206,0 days 00:01:17.864200,0.6462362769993535,0.8039803269893594,2,0.219833364841428,0.03812457014928956,0.06585352420359834,0.021713457182650414,0.07846666937497937,0.033023766282215816,0.03404849563127581,23,6,0.030142335562672203,0.12507836657011678,True,False,True,0.0007032101256581588,COMPLETE
28,0.9903979182243348,2025-04-23 13:20:56.561843,2025-04-23 13:22:02.769122,0 days 00:01:06.207279,0.335527177797649,0.6163340760697122,2,0.15708354474068448,0.020534163976117917,0.07728681501374376,0.09952051423245913,0.04277023381758012,0.014944130817786444,0.01063036192791292,18,35,0.001561048044726409,0.16777464324646893,True,False,True,9.559244977620122e-05,COMPLETE
29,0.32257857918739324,2025-04-23 13:22:02.781019,2025-04-23 13:22:22.614804,0 days 00:00:19.833785,0.477396317616094,0.8949456597534031,16,0.15784691542188764,0.012868688702941816,0.07165518069175,0.09954934209749322,0.02605253653126569,0.013443911664677649,0.04885915564526785,18,17,0.0032782819381233716,0.17152298981792713,True,True,False,0.000300255093745953,COMPLETE
30,0.381582236289978,2025-04-23 13:22:22.627260,2025-04-23 13:22:44.879844,0 days 00:00:22.252584,0.36402193646333786,0.6682956218461502,16,0.2071372696878248,0.009281004373419246,0.055146342817560465,0.0770953669698106,0.044587061524850216,0.022417647465595592,0.013640456922167192,23,38,0.016048351969500996,0.22292834822795324,True,False,True,8.22180561040356e-05,COMPLETE
31,0.4730452358722687,2025-04-23 13:22:44.893110,2025-04-23 13:23:50.076437,0 days 00:01:05.183327,0.3342595707427002,0.5416613665047776,2,0.12131203955187438,0.040545069060443084,0.0782116565961211,0.009403984136426595,0.09021707819513566,0.001692176047972345,0.0066653917440368205,18,32,0.002609860837746291,0.12316771525883034,True,False,True,0.0002078337578079541,COMPLETE
32,0.6246863961219788,2025-04-23 13:23:50.089168,2025-04-23 13:25:03.864561,0 days 00:01:13.775393,0.23029190736615476,0.6235140954709333,2,0.16280815559175812,0.004820321119544093,0.09199995052186576,0.023071839488982553,0.03921959547670204,0.009719888121249855,0.07964175677809378,21,21,0.018091366983847286,0.15827652993355798,True,False,True,4.127233639633557e-05,COMPLETE
33,0.5098017811775208,2025-04-23 13:25:03.879602,2025-04-23 13:26:18.002500,0 days 00:01:14.122898,0.4197821462900484,0.6218838951680878,2,0.16813568154202582,0.0025757906306133125,0.09134533461135018,0.023323049471196122,0.038442859606867524,0.010086153478725254,0.07259471868554443,21,17,0.015401887851867352,0.16269159517111642,True,False,True,3.425785821003876e-05,COMPLETE
34,0.3711645066738129,2025-04-23 13:26:18.015988,2025-04-23 13:27:51.029112,0 days 00:01:33.013124,0.2132864520984513,0.6990212944988784,2,0.2002582693150799,0.19974606306939235,0.09339801560867605,0.03727449672189772,0.027757794728246646,0.01569725537129698,0.0239058837237665,24,21,0.0013544597640389577,0.2175924138089804,True,False,False,0.000511756892481549,COMPLETE
35,0.29052439928054813,2025-04-23 13:27:51.042796,2025-04-23 13:28:54.119856,0 days 00:01:03.077060,0.3237331935162422,0.7405926800272211,2,0.18598985244035193,0.02723439719915474,0.07997210996548496,0.0723567414320457,0.04123274275609031,0.007004644733189076,0.045832012790322854,17,47,0.008785394821236333,0.16247456324142096,True,True,True,0.00012493998474008905,COMPLETE
36,0.2927120208740234,2025-04-23 13:28:54.134044,2025-04-23 13:29:20.357705,0 days 00:00:26.223661,0.4510389155630628,0.6425108104999168,8,0.1582281437989709,0.08749200996111564,0.06629303156715188,0.05843062570209811,0.04868761363397396,0.023746279768575487,0.01732449355117297,19,6,0.008550226698087545,0.13242932516581685,True,False,True,5.85279482510373e-05,COMPLETE
37,0.29052439928054813,2025-04-23 13:29:20.372048,2025-04-23 13:31:07.424421,0 days 00:01:47.052373,0.5539707495814096,0.7251853530451087,2,0.22995962748676624,0.00034673760953848193,0.04732024213951288,0.02631285646980225,0.03329448619444094,0.034481005810821586,0.09285472091773925,28,28,0.02939601095820058,0.18009105180521148,True,False,False,5.001276472489138e-06,COMPLETE
38,0.30847835540771484,2025-04-23 13:31:07.439221,2025-04-23 13:31:26.335312,0 days 00:00:18.896091,0.10079283094212804,0.39746983963622,16,0.2610619003993863,0.14753512542865058,0.0020363337874506338,0.09985906880999121,0.020148954020464956,0.005112317561560213,0.007766877733285983,16,14,0.03859622811911222,0.15273809902202484,True,False,True,0.0002458565067881413,COMPLETE
39,0.29052439928054813,2025-04-23 13:31:26.350222,2025-04-23 13:31:58.537517,0 days 00:00:32.187295,0.3403023729330259,0.5156697167261932,8,0.18122783748145382,0.03346022168360189,0.03762283966256588,0.006361524322591742,0.03796500400469128,0.014245259563834635,0.0034456690922331176,26,42,0.017850201837880393,0.08571373700467583,True,True,True,0.0004468236904422644,COMPLETE
40,0.3628362715244293,2025-04-23 13:31:58.552951,2025-04-23 13:33:26.508870,0 days 00:01:27.955919,0.6574415342895223,0.8003194641967551,2,0.1279859274342553,0.04938949495826399,0.02381251237491537,0.06882025440383914,0.031413947943691414,0.038962690583754074,0.03542911015328147,22,24,0.006823163631654298,0.20810150487078496,True,False,False,1.1407667411138289e-07,COMPLETE
41,0.4563614070415497,2025-04-23 13:33:26.524594,2025-04-23 13:34:27.165145,0 days 00:01:00.640551,0.22206330442137923,0.4913838805690314,2,0.14588177671678376,0.025164279130342398,0.08827916205646119,0.01581096174003742,0.05550004920254488,0.011753828369795095,0.0012715584107015428,16,35,0.02262532253640178,0.13739241522501008,True,False,True,1.1073229581320325e-05,COMPLETE
42,0.2904060661792755,2025-04-23 13:34:27.181661,2025-04-23 13:35:37.972037,0 days 00:01:10.790376,0.27721984657353643,0.41293139988770683,2,0.09625942914887588,0.05826882217662701,0.0822373356614069,0.014335452044289475,0.059509127903349286,0.005457473898079587,0.0025468811703766195,20,26,0.026456912584591437,0.11537232498116176,True,False,True,2.836593380425438e-05,COMPLETE
43,0.9643208026885987,2025-04-23 13:35:37.988413,2025-04-23 13:37:03.067154,0 days 00:01:25.078741,0.24451863023698323,0.6098301682883238,2,0.054859822142544534,0.018419388800391047,0.09626138469860082,0.024666684700798334,0.04908902408177777,0.05131274751277886,0.004913522886639863,25,51,0.011599132577255096,0.14671305809237836,True,False,True,0.00010795153077746161,COMPLETE
44,0.625994884967804,2025-04-23 13:37:03.083696,2025-04-23 13:38:28.120360,0 days 00:01:25.036664,0.41100069580887505,0.6045749498737879,2,0.05946053830511995,0.015395961896220136,0.09666477166215603,0.02748605931832158,0.04663538683869261,0.04890865324360828,0.005701340058461695,25,50,0.013550461591283756,0.15055500716593215,True,False,True,8.37180306061479e-05,COMPLETE
45,0.35086326003074647,2025-04-23 13:38:28.137150,2025-04-23 13:39:03.253035,0 days 00:00:35.115885,0.42465057045386245,0.6178409873543256,8,0.05214197390962054,0.2669991295151352,0.0967841596903009,0.031316986955801346,0.05039620356341456,0.04903517367041714,0.004998009190277597,30,51,0.0050210238203898735,0.1887854529430275,True,False,True,5.766899828514215e-05,COMPLETE
46,0.9911047697067261,2025-04-23 13:39:03.270640,2025-04-23 13:40:30.004632,0 days 00:01:26.733992,0.5201726371984202,0.6592019097046613,2,0.057503238686452914,0.016650122378624958,0.09970761400793458,0.025583085909019018,0.04502732546511869,0.0560702858102268,0.009790566943191237,25,83,0.0098330639839369,0.15494915403578058,True,False,True,0.0008322171102617796,COMPLETE
47,0.2946248829364777,2025-04-23 13:40:30.022520,2025-04-23 13:42:02.582446,0 days 00:01:32.559926,0.6000577065188285,0.8941162684161172,2,0.06403597345556217,0.01283519499935046,0.09967344451912973,0.040053288071152125,0.04537611290137766,0.05690883368155453,0.010359416570545094,27,79,0.010817261341407699,0.09075369023387216,True,False,True,0.0007363527640194249,COMPLETE
48,0.35923342704772954,2025-04-23 13:42:02.600180,2025-04-23 13:43:32.016447,0 days 00:01:29.416267,0.7574078523082236,0.6766221574781199,2,0.0021072430339292014,0.0457873903866704,0.09520405753703569,0.027535649055501942,0.06420257829864283,0.05225859834429177,0.004897843057053392,26,89,0.00686466508689651,0.14833856140871632,True,False,True,0.0009041965111495721,COMPLETE
49,0.29059520959854124,2025-04-23 13:43:32.034167,2025-04-23 13:44:58.658514,0 days 00:01:26.624347,0.5065163831246995,0.7744962745190963,2,0.0902898361835246,0.0875222180808169,0.09687908026201528,0.0467648359841984,0.007347222847425922,0.045301246231930485,0.002673170052213562,25,73,0.01103343070883854,0.1961430500222071,True,False,True,0.0004054748235671295,COMPLETE
50,0.29052439928054813,2025-04-23 13:44:58.677137,2025-04-23 13:45:25.813813,0 days 00:00:27.136676,0.48900754323845214,0.5118240286996705,16,0.05569710495214869,0.022588326981845038,0.08852583724133198,0.0055941654240889115,0.03412627268129881,0.06388807143689608,0.010153267441426526,28,96,0.026130057874634363,0.23628346628937125,True,True,True,0.0001821994889580683,COMPLETE
51,0.9861677289009094,2025-04-23 13:45:25.833192,2025-04-23 13:46:51.819033,0 days 00:01:25.985841,0.3099755964691844,0.5919682719226353,2,0.03511249883688357,0.01724037326830491,0.09357995353018937,0.03357441522044035,0.03965471227001693,0.04142820855951861,0.005701373667789201,25,65,0.0013582452677289945,0.15320272826535838,True,False,True,7.8101863218502e-05,COMPLETE
52,0.46224017739295964,2025-04-23 13:46:51.838094,2025-04-23 13:48:15.614896,0 days 00:01:23.776802,0.30999508403740156,0.5865998236388343,2,0.02290344752503489,0.01736697133919918,0.09916106261007931,0.02551001806624409,0.05217307634932164,0.04892099736534366,0.005851702226358576,24,60,0.001246542069566316,0.17544574444006458,True,False,True,8.120157660366734e-05,COMPLETE
53,0.38908014297485355,2025-04-23 13:48:15.634344,2025-04-23 13:49:41.879589,0 days 00:01:26.245245,0.39948066574090957,0.6569488639617185,2,0.035844512605969756,0.0562723090551248,0.09443848667412069,0.03224926090255882,0.04358064490046324,0.04036985688248905,0.02162785717208272,25,66,0.006036575532779675,0.11555012217164859,True,False,True,2.2427656631554543e-05,COMPLETE
54,0.39448623657226567,2025-04-23 13:49:41.899304,2025-04-23 13:51:13.457555,0 days 00:01:31.558251,0.185791916653733,0.7007545141234466,2,0.011236709241682019,0.04229974592161363,0.0760651705748375,0.041232594940947734,0.029039636624011923,0.062050726057188116,0.0021207277502909966,27,53,0.017984836795203022,0.14677864122327133,True,False,True,0.00015432233277860226,COMPLETE
55,0.37720987200737,2025-04-23 13:51:13.477396,2025-04-23 13:52:52.622553,0 days 00:01:39.145157,0.06580870983195827,0.2948972257042064,2,0.07685058459460677,0.19402272305054075,0.08180848224295716,0.035639885965245206,0.021934089437399117,0.05415411536566624,0.004006851895615741,30,79,0.009429960818768658,0.09537840294743372,False,False,True,8.517059405121211e-05,COMPLETE
