number,value,datetime_start,datetime_complete,duration,params_alpha-eval,params_alpha-train,params_batch-size,params_eps-eval,params_eps-train,params_lambda-actions-eval,params_lambda-actions-train,params_lambda-frames-eval,params_lambda-frames-train,params_learning-rate,params_n-epochs,params_n-frames,params_radius-gw,params_rho,params_std-feats,params_ub-actions,params_ub-frames,params_weight-decay,state
449,0.6792354822158814,2025-04-04 07:15:03.290176,2025-04-04 07:15:41.867796,0 days 00:00:38.577620,0.48038142969127917,0.010580807942391354,8,0.0620075357868091,0.03864951701877758,0.09653129175504024,0.00835569006603926,0.045629792550851575,0.0010297866372234016,0.0002502629296135968,26,116,0.006574246448132931,0.22922340871902522,True,False,False,5.287901071685516e-06,COMPLETE
450,0.2925532698631287,2025-04-04 07:15:42.009045,2025-04-04 07:16:17.092390,0 days 00:00:35.083345,0.4012823098322483,0.010561584429602503,8,0.050146904705764286,0.029571782989868168,0.09814826302664258,0.012756756604880374,0.04947126243237203,0.005802946747236221,0.00035833651236072655,27,110,0.005059580454385997,0.24845335660685305,True,True,True,3.0328643285634226e-06,COMPLETE
451,0.4140652358531952,2025-04-04 07:16:17.244716,2025-04-04 07:16:53.497405,0 days 00:00:36.252689,0.432307959355042,0.03391272321138446,8,0.03923045513321633,0.0461830913636235,0.09997085359791717,0.006676363647669583,0.04307341497451619,0.0029883024730110886,0.0007165045501047898,26,107,0.007574257505245305,0.23899313720663537,False,False,False,3.9201262381274374e-06,COMPLETE
452,0.6792354822158814,2025-04-04 07:16:53.641480,2025-04-04 07:17:32.946345,0 days 00:00:39.304865,0.38583799584964495,0.04050909867498454,8,0.05571793176717454,0.039318379603754554,0.09626601539231464,0.011102353921402247,0.045422141245309196,0.004506268888621907,0.00020581075016576247,27,112,0.0031220701427857774,0.2435470561237937,True,False,False,7.877738194932459e-06,COMPLETE
453,0.6792354822158814,2025-04-04 07:17:33.090064,2025-04-04 07:18:12.259444,0 days 00:00:39.169380,0.44717785858774217,0.010264536123906463,8,0.059026074143557365,0.021865282963918174,0.09802644975668916,0.008645072230531108,0.0479439366799026,0.002935274201077818,0.00046931488274086806,27,109,0.005980288795321256,0.23480204628443357,True,False,False,2.176555126781095e-06,COMPLETE
454,0.6792354822158814,2025-04-04 07:18:12.414913,2025-04-04 07:18:50.496150,0 days 00:00:38.081237,0.41733905806616645,0.028113334248086982,8,0.04786602797559522,0.03217672672718007,0.09613343675412216,0.012789896097694261,0.04384014871915179,0.0010475619316175485,0.00032496315740636865,26,105,0.0035017980060017464,0.267338090948505,True,False,False,5.012047623021847e-06,COMPLETE
455,0.6792354822158814,2025-04-04 07:18:50.640773,2025-04-04 07:19:30.220603,0 days 00:00:39.579830,0.37814395753548635,0.044589309236658235,8,0.06348281806689554,0.02826958282747354,0.09794791751592694,0.009980153634702392,0.04638970331875887,0.006593358531477061,0.0002614535704079319,27,117,0.007606443335990627,0.22446064839673074,True,False,False,6.4551899480236254e-06,COMPLETE
456,0.6792354822158814,2025-04-04 07:19:30.371359,2025-04-04 07:20:00.012861,0 days 00:00:29.641502,0.4072746456118609,0.027916688644244392,8,0.053959713345635395,0.0352186248553879,0.09999934496210482,0.01138197031177376,0.05059347913603237,0.0029196935857007094,0.0003751303317179151,16,113,0.0050178010319359145,0.25413015412741524,True,False,False,3.24654883528002e-06,COMPLETE
457,0.6792354822158814,2025-04-04 07:20:00.170217,2025-04-04 07:20:39.787873,0 days 00:00:39.617656,0.5143165530315066,0.027273785362649357,8,0.0605158545149885,0.04130143431042937,0.0960753645096545,0.012750648648974596,0.04794919550435153,0.004591427214695627,0.0005396719372035105,27,109,0.001215223789456412,0.21525482820408703,True,False,False,4.386928620609283e-06,COMPLETE
458,0.6792354822158814,2025-04-04 07:20:39.934580,2025-04-04 07:21:18.460806,0 days 00:00:38.526226,0.4544583292545685,0.01023983481506288,8,0.05162389681836663,0.024736294114522175,0.09852022048049644,0.006563296938474818,0.043338436757433874,0.0010983834217092882,0.0003919314180419614,26,105,0.00806641736683637,0.24825797746367026,True,False,False,2.5095931708110765e-06,COMPLETE
459,0.6792354822158814,2025-04-04 07:21:18.605444,2025-04-04 07:21:56.361904,0 days 00:00:37.756460,0.42699370638996753,0.04734161334871964,8,0.042361837381052654,0.045908364289613604,0.09994478262402447,0.008882515966414005,0.045424269092612074,0.0029125128683889162,0.00030842215379865007,25,111,0.003672171264642087,0.2398108215207024,True,False,False,1.7374181133024128e-06,COMPLETE
460,0.3651633977890015,2025-04-04 07:21:56.522362,2025-04-04 07:22:35.590755,0 days 00:00:39.068393,0.3982256638039372,0.8553931105095831,8,0.0578700058677008,0.034882153821034025,0.09589354972053232,0.013381907183165702,0.04949754553447057,0.0050825489519152455,0.00022180589479368334,27,108,0.005451970163931964,0.22948268682734768,True,False,False,9.017917099506561e-06,COMPLETE
461,0.6792354822158814,2025-04-04 07:22:35.737005,2025-04-04 07:24:19.441788,0 days 00:01:43.704783,0.43353331157473896,0.029036472327715675,2,0.061371315624556645,0.028486753187430325,0.09769986388945745,0.010368522460609085,0.046900782938202754,0.0028465706454549374,0.0004428260177755746,26,114,0.0026402134715869125,0.24376984776040034,True,False,False,5.505965469953316e-06,COMPLETE
462,0.6792354822158814,2025-04-04 07:24:19.588082,2025-04-04 07:24:59.111286,0 days 00:00:39.523204,0.37903687103766304,0.04488090169714928,8,0.04826528278644282,0.014680138662662982,0.09813016302944821,0.010893504373285207,0.04469879288804265,0.006068123147717345,0.00027316380614764586,27,106,0.00804732102007607,0.2339077211189936,True,False,False,3.725902079062342e-06,COMPLETE
463,0.6792354822158814,2025-04-04 07:24:59.269126,2025-04-04 07:25:38.659627,0 days 00:00:39.390501,0.47489421973082796,0.027633864407843746,8,0.054691393066476426,0.03958332054279924,0.09609905202794972,0.008024586467216425,0.04325776593966369,0.0010558613556393198,0.00034525795706835086,27,111,0.005679062315310904,0.2513969133709718,True,False,False,6.687361496592265e-06,COMPLETE
464,0.6792354822158814,2025-04-04 07:25:38.808313,2025-04-04 07:26:17.060974,0 days 00:00:38.252661,0.40894327190276103,0.010548052443768857,8,0.06383604713521736,0.03341427387865612,0.09993447768535096,0.013438880325189109,0.04711174641080995,0.003939205899349922,0.0001998336345327475,26,104,0.0037790589454526308,0.2386187167406959,True,False,False,2.7026098055151308e-06,COMPLETE
465,0.6790370345115662,2025-04-04 07:26:17.220684,2025-04-04 07:26:56.756018,0 days 00:00:39.535334,0.3957286420168393,0.05092035345530672,8,0.06405406270573252,0.020496522663547973,0.09788779513081693,0.011802493266129298,0.04908110506768999,0.0010359195778593473,0.0004906748563990984,27,117,0.006158778601639485,0.22674200798713307,True,False,False,4.967828998974164e-06,COMPLETE
466,0.6792354822158814,2025-04-04 07:26:56.904047,2025-04-04 07:27:35.005783,0 days 00:00:38.101736,0.4549481344526743,0.010819250653417274,8,0.053003986632276436,0.04293809154335263,0.09550576101615886,0.00900628511786328,0.05162893811508004,0.006275200695745728,0.0002451498196971348,26,108,0.008151981576084325,0.24539006570651672,True,False,False,2.1632073480612056e-06,COMPLETE
467,0.6792354822158814,2025-04-04 07:27:35.155057,2025-04-04 07:28:14.443260,0 days 00:00:39.288203,0.37560360505679696,0.010062916062261631,8,0.04446433691207992,0.028379301798843227,0.09825567672988304,0.006668429481576574,0.04546057718079882,0.0029692561901100267,0.00038755877080007056,27,113,0.0012231081542636059,0.2561922540445063,True,False,False,3.369677998043312e-06,COMPLETE
468,0.6735121011734009,2025-04-04 07:28:14.603496,2025-04-04 07:28:54.411946,0 days 00:00:39.808450,0.49778263555302804,0.046539254418706356,8,0.05744131226344296,0.035640011014300484,0.09568003870302476,0.01347842334980032,0.04273426128642682,0.004759595127478529,0.000604024320015198,27,110,0.004541182312736036,0.23558685180481542,True,False,False,9.810727393083638e-06,COMPLETE
469,0.3505268216133118,2025-04-04 07:28:54.562200,2025-04-04 07:29:28.633841,0 days 00:00:34.071641,0.4219444567397951,0.030280837322836405,8,0.04919559594153086,0.02254137761371219,0.09817813049484798,0.01027207111198919,0.04781173610225788,0.0025700119232655964,0.0003048362667197248,26,104,0.002994045428659336,0.24419884220047616,True,True,True,6.86241418495915e-06,COMPLETE
470,0.47277051806449893,2025-04-04 07:29:28.786021,2025-04-04 07:30:06.693852,0 days 00:00:37.907831,0.43947403246314093,0.028220599062279427,8,0.06338040268951838,0.039871663520684636,0.09676982099471144,0.011678735402423557,0.04549947849650052,0.0010784579279911647,0.0004241686669212048,27,120,0.006714917573767958,0.23098878571722112,False,False,False,4.52502540595925e-06,COMPLETE
471,0.6792354822158814,2025-04-04 07:30:06.852959,2025-04-04 07:30:44.058235,0 days 00:00:37.205276,0.4005729695336837,0.05186381385135711,8,0.05618114359934459,0.04704849915418528,0.09980928540258811,0.00835087747166158,0.04405586154055425,0.004401751776600604,0.0003316332434086816,25,108,0.00462032882829768,0.21798560080801824,True,False,False,3.896649689530779e-06,COMPLETE
472,0.37638511061668395,2025-04-04 07:30:44.208929,2025-04-04 07:31:23.343543,0 days 00:00:39.134614,0.4164506114404661,0.9894791974601946,8,0.0614831903668622,0.03132468126750937,0.09532410878130478,0.013394252597779068,0.04787850283257555,0.00674818792904463,0.00024217333651511527,27,115,0.008334505998876657,0.24049145038591127,True,False,False,2.8550649100539987e-06,COMPLETE
473,0.6792354822158814,2025-04-04 07:31:23.494676,2025-04-04 07:32:01.384860,0 days 00:00:37.890184,0.3779012722319361,0.010195409097656774,8,0.04167778343279622,0.02469591375670401,0.09833306326029327,0.010059274240670331,0.05049829685616505,0.0026525091963908497,0.0003689384534508695,26,111,0.0060520922817484,0.25176436245749934,True,False,False,1.3467944415797445e-06,COMPLETE
474,0.6792354822158814,2025-04-04 07:32:01.545076,2025-04-04 07:32:40.425913,0 days 00:00:38.880837,0.43457993394978167,0.029109225223974276,8,0.053509311702047924,0.03652094838370952,0.09699760936748089,0.006952561109885723,0.04640299960341745,0.004213396345838411,0.00028241282281635553,27,106,0.0025730807268938816,0.22660883664110917,True,False,False,5.5583129780023675e-06,COMPLETE
475,0.673990821838379,2025-04-04 07:32:40.577439,2025-04-04 07:33:19.035199,0 days 00:00:38.457760,0.4631400504799892,0.051849328167265674,8,0.06491679422471645,0.029955201050119385,0.09994669866906843,0.011640484151915645,0.04277744936266578,0.0025712186786252056,0.0007800938437787266,26,112,0.004348326110677096,0.24724806784020717,True,False,False,7.700412658214136e-06,COMPLETE
476,0.6792354822158814,2025-04-04 07:33:19.201136,2025-04-04 07:33:58.677925,0 days 00:00:39.476789,0.3983248819186633,0.030311869777365077,8,0.0502010591738455,0.04761621981885891,0.09802543865516118,0.01344084217320551,0.04476514546084924,0.0011843560266516092,0.0004960190553095168,27,109,0.0011373247169393832,0.21224741379127524,True,False,False,4.615341117479835e-06,COMPLETE
477,0.6792354822158814,2025-04-04 07:33:58.827383,2025-04-04 07:34:38.166117,0 days 00:00:39.338734,0.4141617472655443,0.045145889324416516,8,0.05837019529621496,0.04162986770193641,0.09999071888529265,0.010362698072070194,0.04930292291692026,0.0049602757157963286,0.0001948759155840979,27,106,0.008568211837134323,0.23488904406335737,True,False,False,2.0495615369704406e-06,COMPLETE
478,0.6792354822158814,2025-04-04 07:34:38.317723,2025-04-04 07:35:16.267638,0 days 00:00:37.949915,0.37633978236884924,0.010491244057698697,8,0.06497325628127036,0.033913845454493136,0.09500540496513295,0.00841663231229672,0.04668414002407305,0.0010434884398012466,0.0004186712024422268,26,104,0.006236422754225939,0.2400162564990784,True,False,False,3.381720682759121e-06,COMPLETE
479,0.4730690479278565,2025-04-04 07:35:16.430282,2025-04-04 07:35:56.162052,0 days 00:00:39.731770,0.4414065616396681,0.02848684855078794,8,0.05649971708845223,0.010087337138984031,0.09683089835101716,0.011573335658138442,0.052135825863405455,0.006822982297002439,0.00029924262201395555,27,114,0.003405133341417385,0.2590774035111788,True,False,False,7.168319421625701e-07,COMPLETE
480,0.6792354822158814,2025-04-04 07:35:56.316529,2025-04-04 07:36:34.454931,0 days 00:00:38.138402,0.3977528353799609,0.05282238856117805,8,0.04689269442530267,0.015572719279540431,0.09798524698723647,0.006272877629736139,0.08367736922045757,0.0032200558587207892,0.0003520321723401365,26,108,0.005518240774883567,0.22194616711221288,True,False,False,6.351573133713668e-06,COMPLETE
481,0.6740258932113647,2025-04-04 07:36:34.606384,2025-04-04 07:37:14.030785,0 days 00:00:39.424401,0.4201541377560767,0.02689065457300455,8,0.060893442392389946,0.0273098955016468,0.0999597973522733,0.013915664038617506,0.0427635091778408,0.004288849703695492,0.0005802968270253991,27,111,0.008265420712309802,0.2482135078590057,True,False,False,8.243830025506479e-06,COMPLETE
482,0.6785226702690126,2025-04-04 07:37:14.194119,2025-04-04 07:39:00.503954,0 days 00:01:46.309835,0.4576543881170561,0.02735485129634962,2,0.03824102484585237,0.039352806712112026,0.09551142920053315,0.009342266427415173,0.048276069545051425,0.002648625529047953,0.00024151982605450853,27,115,0.003126174309464611,0.2321100074736341,True,False,False,1.1040001999538826e-05,COMPLETE
483,0.6792354822158814,2025-04-04 07:39:00.658869,2025-04-04 07:39:38.968553,0 days 00:00:38.309684,0.37033301808364916,0.010756608926272369,8,0.05138296759755051,0.022744286520470544,0.09716285235995885,0.09625972068530494,0.04519241109031477,0.005875118293842626,0.0004893985572160951,26,107,0.006630860560637559,0.23916460856141966,True,False,False,3.932778715835937e-06,COMPLETE
484,0.36412798762321474,2025-04-04 07:39:39.135442,2025-04-04 07:40:18.332561,0 days 00:00:39.197119,0.3875599078767,0.7501220903555023,8,0.2948319134519989,0.0334913128195848,0.0952348183603294,0.011752346679422833,0.04653167387141147,0.0027935648024944443,0.00039124429035474465,27,104,0.0047789594163817235,0.24339017211376637,True,False,False,2.7814658604145208e-06,COMPLETE
485,0.6792354822158814,2025-04-04 07:40:18.486306,2025-04-04 07:40:56.066586,0 days 00:00:37.580280,0.48242267182969256,0.047410265017670906,8,0.06529630894197513,0.04528426508277711,0.0983744056035349,0.00987837546508636,0.049847776205745306,0.08190283403623234,0.00028885958741676565,25,110,0.0010801725360522507,0.2536613101487739,True,False,False,5.506102294918747e-06,COMPLETE
486,0.6792354822158814,2025-04-04 07:40:56.222394,2025-04-04 07:41:36.246927,0 days 00:00:40.024533,0.42768291135199166,0.028799603116107273,8,0.186619941627568,0.037403501255506184,0.0982706059216485,0.013841378944713285,0.04469398879043102,0.001038368780170379,0.0002004786759004619,27,117,0.00850069874872137,0.2351094793043489,True,False,False,4.303874314521345e-06,COMPLETE
487,0.6792354822158814,2025-04-04 07:41:36.412345,2025-04-04 07:42:16.003984,0 days 00:00:39.591639,0.4079140604939064,0.05694360911151533,8,0.0578994717479758,0.028270028174702377,0.09654268674096093,0.008627067685547805,0.04103490719099322,0.0036721658372866764,0.00031612474629333863,27,113,0.004348632747722698,0.2256433122474471,True,False,False,1.626603703449551e-06,COMPLETE
488,0.29052439928054813,2025-04-04 07:42:16.159318,2025-04-04 07:42:50.616055,0 days 00:00:34.456737,0.444549832454916,0.01053075761184373,8,0.05068276983215497,0.017799994959133973,0.09979083326169194,0.011882660357522284,0.048110479548020835,0.00643981582838772,0.0004456263042953438,26,107,0.006646678896974155,0.24813448409836403,True,True,True,6.1312371352845425e-06,COMPLETE
489,0.48123768568038944,2025-04-04 07:42:50.771707,2025-04-04 07:43:27.971627,0 days 00:00:37.199920,0.3916420795195873,0.039241904331805036,8,0.0652565022715641,0.042897506286726284,0.09496103078794405,0.00614065385597009,0.042665433212431034,0.001053399561656046,0.00025055131574507034,27,110,0.002860493041242052,0.24068596105650733,False,False,False,3.2410814338156377e-06,COMPLETE
490,0.6792354822158814,2025-04-04 07:43:28.136724,2025-04-04 07:44:08.338552,0 days 00:00:40.201828,0.4217563790887745,0.010122394427355486,8,0.05617532010191974,0.03196008615194391,0.09820101999973453,0.010081166968083699,0.04614582646024247,0.00450170750306767,0.00034300114464503803,28,104,0.005959619163774123,0.2672605114352661,True,False,False,2.1550301590703304e-06,COMPLETE
491,0.6792354822158814,2025-04-04 07:44:08.494515,2025-04-04 07:44:47.595023,0 days 00:00:39.100508,0.404938936541855,0.029740738729075934,8,0.044609080667007445,0.0485539325313698,0.09682354129524433,0.013089663740942,0.043868298459280794,0.0030789059787572105,0.0005923103236200309,27,108,0.008851151683143798,0.22971859447209875,True,False,False,4.86345062886901e-06,COMPLETE
492,0.6792354822158814,2025-04-04 07:44:47.764375,2025-04-04 07:45:26.203940,0 days 00:00:38.439565,0.3690836326495036,0.05737341167678827,8,0.22138907725350798,0.024754901914318825,0.09989465208394137,0.00818143852243191,0.047964402068073064,0.0010141309657245726,0.0003903083839853568,26,112,0.003049886489380537,0.2460948897062775,True,False,False,7.954397906220765e-06,COMPLETE
493,0.6792354822158814,2025-04-04 07:45:26.363234,2025-04-04 07:46:06.622817,0 days 00:00:40.259583,0.4335659655491034,0.041846037172263255,8,0.06277559588364913,0.03788517263377829,0.0953682868223005,0.011698663272412273,0.05036233078273896,0.007268112353968267,0.0004925744909617496,28,115,0.004851517661442191,0.23596772829737817,True,False,False,2.7184669145893337e-06,COMPLETE
494,0.6792354822158814,2025-04-04 07:46:06.779626,2025-04-04 07:46:33.941272,0 days 00:00:27.161646,0.47001801767065693,0.027723434727382232,8,0.0546431997470791,0.03163538739789503,0.09992896193401646,0.009952442153711601,0.045475308654561626,0.004266398124221476,0.00024235783478719335,14,103,0.007002492976855524,0.2557285256799143,True,False,False,6.832852475685689e-06,COMPLETE
495,0.6792354822158814,2025-04-04 07:46:34.109653,2025-04-04 07:47:13.271074,0 days 00:00:39.161421,0.39350050667195935,0.010486211041532335,8,0.0603904177470423,0.04209928800072187,0.09726206577548174,0.014004899726080152,0.041914290140536,0.002630538336734431,0.0001883438192486758,26,119,0.004615019432398269,0.23910980501875384,True,False,False,3.7535517537678453e-06,COMPLETE
496,0.3748221874237061,2025-04-04 07:47:13.430806,2025-04-04 07:47:52.655799,0 days 00:00:39.224993,0.4503793023741769,0.940664606053258,8,0.050648595962216415,0.03583115255964774,0.09812706321945606,0.007064945816503227,0.0471817373952455,0.005138340537162663,0.000332920289395014,27,110,0.001119509687510842,0.2496841935152407,True,False,False,5.157459294257931e-06,COMPLETE
497,0.6790370345115662,2025-04-04 07:47:52.813378,2025-04-04 07:48:33.013066,0 days 00:00:40.199688,0.4176365313374782,0.045182467934481364,8,0.0657712259835084,0.02626681746585361,0.09512658623255835,0.01200623587430592,0.044004856260772746,0.0010766222820671673,0.0002814697054003538,28,107,0.007204586524909065,0.22053522635048745,True,False,False,9.475857043862979e-06,COMPLETE
498,0.6792354822158814,2025-04-04 07:48:33.180070,2025-04-04 07:49:10.646140,0 days 00:00:37.466070,0.3663845158765613,0.027881312240368803,8,0.04456684020162585,0.019729781651349282,0.09822971583220419,0.013865896461410109,0.051875980677433715,0.0029045778010907,0.00039646216772818544,25,113,0.003641639797185174,0.2319126397229321,True,False,False,2.4154201168076822e-06,COMPLETE
499,0.6792354822158814,2025-04-04 07:49:10.806143,2025-04-04 07:49:50.344173,0 days 00:00:39.538030,0.38877494457387296,0.05780132489904463,8,0.055136086807449684,0.030413532119660712,0.09673522664951165,0.01056159686947649,0.048917266569837546,0.004777499207018938,0.00046707646697188317,27,106,0.008729301589577876,0.24279118342494316,True,False,False,3.406795666568458e-06,COMPLETE
500,0.6792354822158814,2025-04-04 07:49:50.516076,2025-04-04 07:50:29.713027,0 days 00:00:39.196951,0.43147072884028226,0.010306528051885915,8,0.06013985398398898,0.05005273962847487,0.0983093860737086,0.04658107438009538,0.04605867456144358,0.003046757898208313,0.00021566540615035294,27,111,0.00580747246832242,0.2981652961632866,True,False,False,6.011807954752785e-06,COMPLETE
501,0.42032306194305424,2025-04-04 07:50:29.871734,2025-04-04 07:51:05.902772,0 days 00:00:36.031038,0.40616326795899726,0.029636485712476172,8,0.049068327681471055,0.038913753273498296,0.09980446244829139,0.008260527247545604,0.040763095702504366,0.001001306627666019,0.0006320167240651527,26,42,0.002599840232607862,0.2432148836329766,True,False,False,4.550055985450508e-06,COMPLETE
502,0.6568726778030396,2025-04-04 07:51:06.061052,2025-04-04 07:52:54.773489,0 days 00:01:48.712437,0.4464350230651778,0.010182020058391208,2,0.05633568820949504,0.033260390091190264,0.09529855810927565,0.01236824249625849,0.04423517140859595,0.007271697409056455,0.000338360833373283,28,104,0.004892132057154659,0.22701138648479358,True,False,False,1.963214126704077e-06,COMPLETE
503,0.6792354822158814,2025-04-04 07:52:54.944344,2025-04-04 07:53:34.146974,0 days 00:00:39.202630,0.3814208395319798,0.04193120968861393,8,0.06508351581432656,0.04370613652709526,0.09700065989843176,0.01019966685195037,0.047451609113305954,0.004693422015458602,0.0002630011161850351,27,109,0.007621297501433668,0.25971358933018124,True,False,False,7.0477358131117945e-06,COMPLETE
504,0.6792354822158814,2025-04-04 07:53:34.306823,2025-04-04 07:54:12.873168,0 days 00:00:38.566345,0.4130380889345884,0.05929409134345216,8,0.0672802677289632,0.023297701752700798,0.09825149134154806,0.0051295040896382465,0.049550182467173735,0.0026794551204698054,0.00041523641191334445,26,116,0.002752630459518129,0.21193651494377197,True,False,False,3.993939289743506e-06,COMPLETE
