number,value,datetime_start,datetime_complete,duration,params_alpha-eval,params_alpha-train,params_batch-size,params_eps-eval,params_eps-train,params_lambda-actions-eval,params_lambda-actions-train,params_lambda-frames-eval,params_lambda-frames-train,params_learning-rate,params_n-epochs,params_n-frames,params_radius-gw,params_rho,params_std-feats,params_ub-actions,params_ub-frames,params_weight-decay,state
169,0.6751412987709046,2025-04-04 04:17:38.356350,2025-04-04 04:18:06.495014,0 days 00:00:28.138664,0.08275056134655412,0.07438595522323034,16,0.04923435914060221,0.06777818811062024,0.06806913527471475,0.0011979215586181348,0.028833744643807616,0.0446921843200229,1.0789734371109767e-05,26,96,0.01888371483197549,0.08712142698438789,True,False,False,0.00013850487228145368,COMPLETE
170,0.4087308049201966,2025-04-04 04:18:06.549917,2025-04-04 04:18:31.938176,0 days 00:00:25.388259,0.08115336484044698,0.04149085707281572,16,0.04977057166553539,0.06896226894778229,0.0678861991279134,0.00119213560929205,0.03424486274092482,0.045333840978975075,1.033652816606833e-05,26,95,0.0180145687938493,0.07672743942152638,False,False,False,0.00014567535061246186,COMPLETE
171,0.6754657030105592,2025-04-04 04:18:31.993064,2025-04-04 04:19:00.391055,0 days 00:00:28.397991,0.08035980768737483,0.07352764953889475,16,0.04775463140717229,0.06180745609016789,0.0761070492253008,0.0013953670036676992,0.028142425213061366,0.04397946024966078,1.0459013700650548e-05,26,98,0.01976951301013917,0.08663417318901363,True,False,False,0.00021190630951066266,COMPLETE
172,0.6758521199226379,2025-04-04 04:19:00.455021,2025-04-04 04:19:28.740759,0 days 00:00:28.285738,0.08453106038268926,0.12958826763935982,16,0.04699344611442686,0.06463461373317722,0.0753265428479676,0.0045428808172583175,0.031803432718819,0.044171111873136236,1.044208010500135e-05,26,98,0.018995331079906343,0.0828809170380503,True,False,False,0.00011895042917390733,COMPLETE
173,0.42594612240791324,2025-04-04 04:19:28.797968,2025-04-04 04:19:56.850932,0 days 00:00:28.052964,0.12731103098940688,0.13314933199064605,16,0.047658965097915396,0.0670008605440517,0.07597902813442631,0.004212196539749359,0.03187658664835077,0.04170321059654827,1.008782849706411e-05,26,97,0.023514677174311625,0.08636963755621724,True,False,False,0.00012100863939393742,COMPLETE
174,0.6726365923881531,2025-04-04 04:19:56.908107,2025-04-04 04:20:25.438343,0 days 00:00:28.530236,0.08424191838604803,0.04314233746783138,16,0.0582441475361396,0.0763926344863223,0.07143630492308634,0.005306500917017215,0.029879220731250145,0.04425249451882947,1.0302131711503099e-05,27,92,0.016865216963317758,0.08129132530396398,True,False,False,0.00021608706696277802,COMPLETE
175,0.6733941555023194,2025-04-04 04:20:25.496892,2025-04-04 04:20:53.922581,0 days 00:00:28.425689,0.08825528135496752,0.04442959498287337,16,0.05308503518104883,0.07689253266412005,0.07049558923490878,0.0052135846949668135,0.0368727516855062,0.044247871966939675,1.2064431831062294e-05,27,90,0.01910535457551489,0.09472045047637108,True,False,False,0.00017522215458593956,COMPLETE
176,0.6742720007896423,2025-04-04 04:20:53.980435,2025-04-04 04:21:22.209571,0 days 00:00:28.229136,0.08161929775134355,0.03918019994841207,16,0.06127165232160353,0.07773200529442682,0.07056062819096463,0.004874319895183748,0.036915202209211045,0.044156176163564174,1.532084575693522e-05,27,92,0.019876557284746167,0.09549862253342706,True,False,False,0.00018523627858193256,COMPLETE
177,0.675586497783661,2025-04-04 04:21:22.266749,2025-04-04 04:21:51.363769,0 days 00:00:29.097020,0.08712093899525694,0.04441157570011095,16,0.057388171162890196,0.07984445404825742,0.07071973888017737,0.004910861570560459,0.03491040535400967,0.04418753154006627,1.6001356510206632e-05,28,92,0.019423861925931638,0.09759794921425224,True,False,False,0.00017758226592431203,COMPLETE
178,0.4223892092704773,2025-04-04 04:21:51.421690,2025-04-04 04:23:41.595363,0 days 00:01:50.173673,0.09076562395693193,0.013795297089016726,2,0.05888321096408012,0.07986395063884426,0.07075137052917044,0.005271582490108492,0.03557453183406296,0.04469793092947239,1.5553507285268742e-05,28,92,0.019736697964284258,0.0969842788081905,True,False,False,0.00016844675436082413,COMPLETE
179,0.6734539985656739,2025-04-04 04:23:41.653911,2025-04-04 04:24:09.589538,0 days 00:00:27.935627,0.12375975756336313,0.04115737462468881,16,0.05563630280653868,0.0727453757931734,0.06567374885614614,0.011301116665782714,0.037308930572074205,0.04411421185280547,1.5442237798819368e-05,27,88,0.01796957363312715,0.09155236786610653,True,False,False,0.00011310367278172873,COMPLETE
180,0.4054840624332428,2025-04-04 04:24:09.649013,2025-04-04 04:24:39.113256,0 days 00:00:29.464243,0.11689993175089278,0.03676614380390944,16,0.056424890122419684,0.07666803951117807,0.07341191509734159,0.011025373012063262,0.03731346104596753,0.04149170686466934,1.4771165610392661e-05,29,90,0.023261391601949226,0.1024238410298555,True,False,False,0.00010729496650549999,COMPLETE
181,0.6708987712860108,2025-04-04 04:24:39.181658,2025-04-04 04:25:07.211830,0 days 00:00:28.030172,0.08907500542997147,0.04984454484447505,16,0.06492622101131786,0.08252807759709867,0.06543255423336483,0.007923833995687682,0.03173880839791836,0.04338980884584967,1.2743140510061253e-05,27,87,0.017675274922375087,0.09026086523026675,True,False,False,0.00014655571075820528,COMPLETE
182,0.6747369766235353,2025-04-04 04:25:07.270845,2025-04-04 04:25:36.021825,0 days 00:00:28.750980,0.13047699691026388,0.047883090082027055,16,0.052240795199885975,0.07282452045003732,0.07023135853269025,0.004457487014021907,0.03417074146772303,0.044655101617265935,1.619181470328799e-05,27,94,0.01895687798974422,0.08430971584143629,True,False,False,0.00018540649975928324,COMPLETE
183,0.6743395447731018,2025-04-04 04:25:36.084846,2025-04-04 04:26:05.003609,0 days 00:00:28.918763,0.12971631088198596,0.0424466073008533,16,0.05091095883967375,0.07419658165809054,0.07210794805043882,0.004942193550011987,0.03444585358866082,0.04061066255628927,1.2652915973014028e-05,27,95,0.019596297212135176,0.0848817888687211,True,False,False,8.424451274667341e-05,COMPLETE
184,0.4081457078456879,2025-04-04 04:26:05.063364,2025-04-04 04:26:33.607732,0 days 00:00:28.544368,0.13169729362053792,0.011239385978589866,16,0.052053953748444924,0.07352253683914305,0.07040195358463328,0.007405662428658542,0.03485701169099795,0.04091633559892495,1.629226013364372e-05,27,93,0.01998607702961639,0.08401819142628802,True,False,False,8.029215430760723e-05,COMPLETE
185,0.3945813477039337,2025-04-04 04:26:33.667203,2025-04-04 04:27:02.421738,0 days 00:00:28.754535,0.18235585785759864,0.044623558678045815,16,0.06156317238300399,0.08456310833203072,0.06588492402452767,0.005017880322003285,0.0364003885583916,0.035529970221019475,1.6293179882182207e-05,27,97,0.023914028966947366,0.09326371424469321,True,False,False,0.00012375255814372905,COMPLETE
186,0.41399415731430056,2025-04-04 04:27:02.482464,2025-04-04 04:27:30.348901,0 days 00:00:27.866437,0.12553631170308432,0.11371049396092792,16,0.04642449298712704,0.06570011093909457,0.06992219507635543,0.01100585295599699,0.03858366799754351,0.04534380971850308,1.3464227082861692e-05,26,94,0.021297220628997162,0.10080345266066981,True,False,False,0.00010361185603440836,COMPLETE
187,0.671925961971283,2025-04-04 04:27:30.411111,2025-04-04 04:27:59.633614,0 days 00:00:29.222503,0.20848840431941373,0.04179951223769551,16,0.05456919133165758,0.07405637603373064,0.0720538967506974,0.00852224297788437,0.03453483209036099,0.04061397661617564,1.2609149492700986e-05,29,86,0.019165036362971753,0.08290488520636372,True,False,False,0.00020370145083555582,COMPLETE
188,0.6728187322616577,2025-04-04 04:27:59.695384,2025-04-04 04:28:28.269965,0 days 00:00:28.574581,0.16163487236829654,0.04815784545260232,16,0.06937565124528154,0.07048335548111716,0.0685097637493023,0.005182660084073402,0.030057829553113546,0.043103941370685316,1.764719154185779e-05,27,90,0.01772377105549985,0.08779856477345978,True,False,False,0.000133557987899354,COMPLETE
189,0.6724636435508728,2025-04-04 04:28:28.331400,2025-04-04 04:28:56.836859,0 days 00:00:28.505459,0.1546266448255456,0.03376398593229604,16,0.06722110189564989,0.07251178263469021,0.06890301360748574,0.005132958553980398,0.033203622196831,0.04574341505721072,1.6164293413088063e-05,27,90,0.02172980838715724,0.08957886232374233,True,False,False,0.00013178652877954917,COMPLETE
190,0.4058221220970154,2025-04-04 04:28:56.907789,2025-04-04 04:29:26.013317,0 days 00:00:29.105528,0.10578036885314712,0.04724580379588942,16,0.07511541691840415,0.06758261944183107,0.07985838716867023,0.006574642857563004,0.029262373139173965,0.042236135106680936,1.813495012853024e-05,28,96,0.025522792443050866,0.09632798496035533,True,False,False,9.045495285517188e-05,COMPLETE
191,0.675550675392151,2025-04-04 04:29:26.076553,2025-04-04 04:29:54.323498,0 days 00:00:28.246945,0.08957836707911947,0.0577233812710176,16,0.05393874651143166,0.08788529072953377,0.07537585212020521,0.003934307075366116,0.030416819656054014,0.04402975692348702,1.2756141670715738e-05,26,98,0.01789337383010236,0.08297628785788451,True,False,False,0.0002645124231418305,COMPLETE
192,0.6750553965568543,2025-04-04 04:29:54.385827,2025-04-04 04:30:22.722884,0 days 00:00:28.337057,0.11382092475232296,0.14541954196939666,16,0.05211380692576942,0.08633545876912858,0.07737540878687829,0.003789368123346974,0.030555289982843216,0.04572253343810091,1.2694494819610849e-05,26,99,0.017752310043382475,0.08688052382265833,True,False,False,0.00014401517987669638,COMPLETE
193,0.6744809746742249,2025-04-04 04:30:22.785201,2025-04-04 04:30:51.048380,0 days 00:00:28.263179,0.11855035857670915,0.13965713207242597,16,0.05245735883882673,0.09430694652259275,0.0774698759473546,0.009138453660285688,0.03701805191501007,0.04647192360388698,1.2774432098015878e-05,26,98,0.018904396893443285,0.10853390725566586,True,False,False,0.0001445542889687545,COMPLETE
194,0.6755309224128724,2025-04-04 04:30:51.111083,2025-04-04 04:31:19.177406,0 days 00:00:28.066323,0.13858305863861436,0.14175163463277465,16,0.04985436569444465,0.0875652363093715,0.07713083497393478,0.009385310956877044,0.036651253399591424,0.0461939978147057,1.513018409254551e-05,26,97,0.018118989869920943,0.10856957178356473,True,False,False,0.0001406871316294941,COMPLETE
195,0.6720263004302979,2025-04-04 04:31:19.241305,2025-04-04 04:31:47.419898,0 days 00:00:28.178593,0.135491461977057,0.1460542729243827,16,0.049038724653247885,0.09105976902504262,0.07716574141285543,0.009732113025205352,0.03716856925450753,0.046489530546678474,0.0002939872449447261,26,98,0.019543208422336818,0.10781181306675085,True,False,False,0.00016587182685366344,COMPLETE
196,0.5021544933319092,2025-04-04 04:31:47.483120,2025-04-04 04:32:16.969011,0 days 00:00:29.485891,0.11422088944642506,0.14534069201783187,16,0.05404386571457249,0.08770401340789623,0.07828327580862676,0.012573001243872395,0.04000447870769436,0.03789231565486393,1.3150881641458775e-05,28,99,0.021503048152328376,0.10044749738804752,True,False,False,0.00010104127292767739,COMPLETE
197,0.6763428092002869,2025-04-04 04:32:17.033049,2025-04-04 04:32:45.377182,0 days 00:00:28.344133,0.09846509943482941,0.12277087360907774,16,0.046119943630708746,0.0952891484745519,0.08106064573686111,0.008068153536794591,0.034991300113240156,0.039822197604296054,1.4685500643260756e-05,26,95,0.018625806337399662,0.11150060752780945,True,False,False,0.00013746600283374942,COMPLETE
198,0.6771538257598877,2025-04-04 04:32:45.449654,2025-04-04 04:33:13.455801,0 days 00:00:28.006147,0.1468199415910928,0.12413740135287907,16,0.04611444608767141,0.08419213102671701,0.08064348475294243,0.008662698102983925,0.03524567525982087,0.04119312577523339,2.767281808527537e-05,26,95,0.018958555840316894,0.11675776330196397,True,False,False,7.969939339784208e-05,COMPLETE
199,0.40034970045089724,2025-04-04 04:33:13.520995,2025-04-04 04:33:41.400703,0 days 00:00:27.879708,0.1432594838163943,0.12445387993764305,16,0.06292138368400263,0.09458297279401497,0.06582800948676763,0.008955034679573154,0.035446477891069854,0.04711405891771426,3.135457685836752e-05,26,95,0.023449143203349482,0.10842140052031976,True,False,False,8.111924109257809e-05,COMPLETE
200,0.6766977190971375,2025-04-04 04:33:41.466323,2025-04-04 04:34:09.270201,0 days 00:00:27.803878,0.17463873037833139,0.10900766100181374,16,0.04601204788748514,0.09965060122170817,0.08148157776856309,0.007642442208602067,0.03811079512840062,0.040369345626320524,2.6320586235310064e-05,26,94,0.018831759604201307,0.11433777657059141,True,False,False,0.00011145526216086884,COMPLETE
201,0.6762193441390991,2025-04-04 04:34:09.335327,2025-04-04 04:34:37.352680,0 days 00:00:28.017353,0.17251613849828118,0.10278890326981527,16,0.05178041954435403,0.10123601183189648,0.08120983855090366,0.007834001457108662,0.03865434873790312,0.03922019143031028,2.4661974725855558e-05,26,93,0.019335534981707685,0.1155339637865275,True,False,False,0.00011707942049568704,COMPLETE
202,0.6769273400306701,2025-04-04 04:34:37.417390,2025-04-04 04:35:05.325456,0 days 00:00:27.908066,0.18602635601230236,0.11004942321596703,16,0.050604410288743545,0.0852593593446519,0.08204442247553367,0.007499996799451325,0.03786239089755235,0.03995091127210272,2.604134861434342e-05,26,94,0.019255892197282607,0.11660360107446603,True,False,False,0.00011793938240757701,COMPLETE
203,0.6766977190971375,2025-04-04 04:35:05.391327,2025-04-04 04:35:33.308438,0 days 00:00:27.917111,0.17963495014162428,0.1439024722242181,16,0.04525390648172464,0.10336485703708927,0.0826029139421574,0.011667150831539741,0.03943325840159117,0.04030775851482516,2.819693268442974e-05,26,94,0.020912421048768122,0.11630872714681943,True,False,False,0.00011951283230365039,COMPLETE
204,0.6760591626167298,2025-04-04 04:35:33.375196,2025-04-04 04:36:01.466521,0 days 00:00:28.091325,0.2125308375991839,0.15571989561418867,16,0.04575047358766442,0.10139573417376387,0.08135140661821066,0.007748079258752304,0.03979471788347452,0.039287444275771126,2.5176911821606197e-05,26,94,0.021135423835802136,0.11547042434088964,True,False,False,7.030190002480814e-05,COMPLETE
205,0.4127582371234894,2025-04-04 04:36:01.541539,2025-04-04 04:36:29.650705,0 days 00:00:28.109166,0.19329909955854108,0.13913487085208132,16,0.04587159875432468,0.10057093030997603,0.08163605145786543,0.007738236436973264,0.04115888551374892,0.035691938431578515,2.5955367829739897e-05,26,95,0.02169594339436652,0.11451727568699699,True,False,False,7.041372703512605e-05,COMPLETE
206,0.40696238279342656,2025-04-04 04:36:29.716668,2025-04-04 04:36:57.617948,0 days 00:00:27.901280,0.21101912905372605,0.16083516890651114,16,0.047406737128999246,0.09947500990414553,0.08303790974442658,0.008953809395551932,0.03887687081525677,0.03924954242152745,2.968755844661272e-05,26,96,0.027394830686433877,0.13019637028392317,True,False,False,8.07087488472458e-05,COMPLETE
207,0.4053819656372071,2025-04-04 04:36:57.683762,2025-04-04 04:37:23.244394,0 days 00:00:25.560632,0.23807155396230803,0.1095594631178902,16,0.04266276230692122,0.10785526875795949,0.08138163359659797,0.012376850221868279,0.03397365703636487,0.04018039230871496,2.5904762849611596e-05,26,98,0.02483300422286632,0.11433915687257602,False,False,False,0.00010565407399180174,COMPLETE
208,0.6760676145553589,2025-04-04 04:37:23.311915,2025-04-04 04:37:51.431620,0 days 00:00:28.119705,0.1829321587395556,0.10857793151296513,16,0.0511421217605553,0.08696955167252321,0.08025839313080661,0.007080817691757734,0.04019070469513663,0.03709437744173819,2.1023383439535323e-05,26,93,0.021138843413943804,0.12129577725460763,True,False,False,0.00013141773168523008,COMPLETE
209,0.47781546115875245,2025-04-04 04:37:51.499211,2025-04-04 04:39:32.763814,0 days 00:01:41.264603,0.1860124117223064,0.11202237207200645,2,0.04415744349987106,0.0977029728374644,0.08024730571933757,0.007495705283047941,0.04354279824934207,0.037389298754977325,2.7921104868308667e-05,26,99,0.022692786630556086,0.12192278688726062,True,False,False,0.0001314098101992865,COMPLETE
210,0.6765370607376099,2025-04-04 04:39:32.831168,2025-04-04 04:40:00.836442,0 days 00:00:28.005274,0.2041837482613581,0.15441346678224713,16,0.05146654486712735,0.08679803147482007,0.08498494811277774,0.009998526894041982,0.040572136705125904,0.03482996971687848,3.481078955479023e-05,26,93,0.017995594394703586,0.12192525306857718,True,False,False,0.00013323832680162844,COMPLETE
211,0.6768603205680848,2025-04-04 04:40:00.905232,2025-04-04 04:40:28.813513,0 days 00:00:27.908281,0.17183936687080728,0.1524020486038182,16,0.05227961950743363,0.08796883437597221,0.08481385475649002,0.00979754960398127,0.0393142973654496,0.03437161757153046,3.7924783481439236e-05,26,93,0.01799147986208172,0.11967258186324538,True,False,False,0.00013390293249612907,COMPLETE
212,0.6766888737678529,2025-04-04 04:40:28.881511,2025-04-04 04:40:57.139701,0 days 00:00:28.258190,0.17161295550260292,0.15784142159350856,16,0.051361134324956925,0.0850913956190185,0.08433213633037456,0.009855124805407876,0.03965928263580055,0.03465172026727113,3.349109565435253e-05,26,92,0.01822670093731221,0.12371651650085842,True,False,False,0.00013672776980878245,COMPLETE
213,0.6761133551597596,2025-04-04 04:40:57.218568,2025-04-04 04:41:25.126688,0 days 00:00:27.908120,0.17328166512688184,0.15898429712252898,16,0.0590349801763554,0.08648942734593577,0.0845976933010516,0.015412936669444006,0.03912611598637112,0.03545679648917496,3.444721825112371e-05,26,93,0.017550262372654328,0.12179761622742416,True,False,False,0.0001338241481154694,COMPLETE
214,0.6760270357131958,2025-04-04 04:41:25.196533,2025-04-04 04:41:52.662275,0 days 00:00:27.465742,0.17104566179037217,0.16077961699414503,16,0.06001650131081642,0.08765892245234194,0.08449087804574557,0.014395730541916138,0.03982099698389574,0.03519250332029478,3.625337409461476e-05,26,85,0.021160079689384572,0.12434481331468175,True,False,False,6.803530351642439e-05,COMPLETE
215,0.6755375385284423,2025-04-04 04:41:52.731573,2025-04-04 04:42:20.412011,0 days 00:00:27.680438,0.17362777344500774,0.15755758948730736,16,0.06102351563372006,0.0877747587926738,0.08593064563705863,0.015076361680310821,0.039950527762030355,0.035642299737558655,3.320486768147684e-05,26,84,0.02135222402580006,0.13399713842854255,True,False,False,6.135373076778823e-05,COMPLETE
216,0.6763542532920838,2025-04-04 04:42:20.481444,2025-04-04 04:42:48.027197,0 days 00:00:27.545753,0.16835090813348497,0.16180050708620936,16,0.061220333583416296,0.08583631987002976,0.0859833754864362,0.014554817974310526,0.04051648448623655,0.034260332548764566,3.626670921708385e-05,26,86,0.022627322804538923,0.14074033212683124,True,False,False,5.6770879603599003e-05,COMPLETE
217,0.40171081423759464,2025-04-04 04:42:48.096845,2025-04-04 04:43:15.505423,0 days 00:00:27.408578,0.17584759076144738,0.18191950374881352,16,0.06117995807870233,0.08732323641275849,0.0859361847105835,0.015366639962259567,0.0398688098043262,0.0337914273686838,3.872124452538103e-05,26,85,0.021032986136681447,0.14278968788689717,True,False,False,6.493393065058434e-05,COMPLETE
218,0.6758702158927918,2025-04-04 04:43:15.575012,2025-04-04 04:43:43.263135,0 days 00:00:27.688123,0.20463296871350178,0.15555392141130006,16,0.06717931933607799,0.08489647509950307,0.08444610933284359,0.01456174328581552,0.04455975003528848,0.03120932709069535,3.475841116109834e-05,26,84,0.022103142519615687,0.13376577124834663,True,False,False,5.908228362109116e-05,COMPLETE
219,0.37767550349235535,2025-04-04 04:43:43.334686,2025-04-04 04:44:11.690018,0 days 00:00:28.355332,0.23500306526481196,0.17066185084484378,16,0.06680034901706983,0.09102861768566967,0.08444113982022078,0.014127939643436288,0.04280204485470635,0.03147046859682401,3.313894447567908e-05,28,84,0.025104212657474523,0.13496148624290666,True,False,False,4.9373442774317566e-05,COMPLETE
220,0.6752062320709229,2025-04-04 04:44:11.770261,2025-04-04 04:44:39.776690,0 days 00:00:28.006429,0.20054379459665111,0.157971870431892,16,0.05941005308686791,0.1058358234367405,0.08366881249702514,0.013144178313931033,0.04501846881980036,0.03526277786678223,3.414532316981758e-05,26,88,0.02181545195955878,0.12254502647160373,True,False,False,6.626492660865358e-05,COMPLETE
221,0.3993571102619171,2025-04-04 04:44:39.849466,2025-04-04 04:45:07.647513,0 days 00:00:27.798047,0.20178994811956807,0.19900685092811016,16,0.05852367351105175,0.10379872411992253,0.08365961787718842,0.015744785912654314,0.04435328191105758,0.03477248363182827,3.359613487026091e-05,26,87,0.022239250025213642,0.12315875558576482,True,False,False,6.155572598570791e-05,COMPLETE
222,0.6761898517608642,2025-04-04 04:45:07.719205,2025-04-04 04:45:35.668116,0 days 00:00:27.948911,0.17160981320076668,0.1516495616290684,16,0.07102305629359555,0.08344090389566239,0.08668034354622449,0.012205524435585839,0.039503816591002834,0.028772323356868027,4.379000783476913e-05,26,89,0.020985324990391893,0.13248692614995577,True,False,False,6.604402216103273e-05,COMPLETE
223,0.38729578256607056,2025-04-04 04:45:35.738706,2025-04-04 04:46:03.051558,0 days 00:00:27.312852,0.17336530728496624,0.1589514532119372,16,0.07055242210728316,0.09490142084535369,0.08700799028872883,0.01266975710052273,0.040020380493193654,0.030219188719792834,5.538903133657836e-05,25,89,0.02282943134683758,0.1282382520968357,True,False,False,6.555699636968834e-05,COMPLETE
224,0.6761483788490296,2025-04-04 04:46:03.123284,2025-04-04 04:46:30.518096,0 days 00:00:27.394812,0.2259584307909155,0.12839513855544193,16,0.06443369854250955,0.08326924693748584,0.08603436755858655,0.013952934344564766,0.04111297784210581,0.03647261277040272,3.942671657641887e-05,26,84,0.02120003715506099,0.1332183610282373,True,False,False,8.924886629422415e-05,COMPLETE
