number,value,datetime_start,datetime_complete,duration,params_alpha-eval,params_alpha-train,params_batch-size,params_eps-eval,params_eps-train,params_lambda-actions-eval,params_lambda-actions-train,params_lambda-frames-eval,params_lambda-frames-train,params_learning-rate,params_n-epochs,params_n-frames,params_radius-gw,params_rho,params_std-feats,params_ub-actions,params_ub-frames,params_weight-decay,state
1013,0.6380879402160645,2025-04-04 16:33:14.813301,2025-04-04 16:34:39.649513,0 days 00:01:24.836212,0.6248467161226048,0.145472263340559,2,0.2480854052830226,0.061450555972650076,0.023611087646964433,0.050601740243883184,0.0011371954100863292,0.09507334594251998,0.033863876899823384,21,60,0.007099820159612252,0.20346152606459533,True,False,False,1.5541900415346896e-05,COMPLETE
1014,0.4131697773933411,2025-04-04 16:34:39.966554,2025-04-04 16:36:07.953588,0 days 00:01:27.987034,0.2819217199098518,0.17063232785732754,2,0.24213284177539923,0.05407408694662986,0.026166609848019797,0.04894971796512773,0.0058566155653659545,0.014081123571361553,0.04654485946184433,22,58,0.00912957081584346,0.2002283258511302,False,False,False,1.0449236470366444e-05,COMPLETE
1015,0.34623975157737735,2025-04-04 16:36:08.284144,2025-04-04 16:37:33.702127,0 days 00:01:25.417983,0.31616903721199413,0.2188846452242407,2,0.22956796580856173,0.048114003150040316,0.022322082346463025,0.04268111489623519,0.0012817206401061808,0.016345925273378536,0.026728628572272515,21,50,0.006665312756381285,0.19704755620656475,True,False,False,2.0336663302389065e-05,COMPLETE
1016,0.3807045519351959,2025-04-04 16:37:34.032589,2025-04-04 16:38:53.283480,0 days 00:01:19.250891,0.29297701112600555,0.13825020075629363,2,0.24592470248940773,0.05819570816733362,0.02536905900349558,0.04867381414579851,0.005114705030070671,0.013203169973960774,0.0032928503843378384,19,57,0.00911290826139275,0.2116111198835004,True,False,False,1.232816284650061e-05,COMPLETE
1017,0.7304966449737549,2025-04-04 16:38:53.617214,2025-04-04 16:40:26.555112,0 days 00:01:32.937898,0.26017061188733726,0.16065480575992122,2,0.23907953641982171,0.04506104626122986,0.023899869303275253,0.07083599019890433,0.00427421073112285,0.01914727464912465,0.07479277534978929,23,52,0.01038095433916764,0.1926692751114056,True,False,False,8.635739326411855e-06,COMPLETE
1018,0.46055561304092413,2025-04-04 16:40:26.889254,2025-04-04 16:41:55.250936,0 days 00:01:28.361682,0.3108619001606216,0.19248792277232876,2,0.24974298121631056,0.06535802814106687,0.02759682176247076,0.05207199150705289,0.059888193142517754,0.014217471695698083,0.056989129582231325,22,54,0.00788001443862014,0.21081216838166977,True,False,False,1.4946198389156495e-05,COMPLETE
1019,0.3793710291385651,2025-04-04 16:41:55.587435,2025-04-04 16:43:17.777780,0 days 00:01:22.190345,0.31909789236185115,0.12037629411347792,2,0.2509539337198192,0.05207753322666797,0.021516172867319112,0.0797279906619526,0.006861251116080448,0.01239846598745583,0.09982777925505107,20,63,0.005578858491034381,0.2027659954506849,True,False,False,2.5367878372209362e-05,COMPLETE
1020,0.3776100039482117,2025-04-04 16:43:18.096326,2025-04-04 16:44:52.151961,0 days 00:01:34.055635,0.28248970129741074,0.1346234035721152,2,0.2435866013767948,0.1225618153551885,0.02595316724210929,0.0441649336527592,0.001189031062025143,0.01641955512003697,0.07391980376186236,23,130,0.011616359851983102,0.21869719601485657,True,False,False,1.0941687215781145e-05,COMPLETE
1021,0.9808626055717469,2025-04-04 16:44:52.484580,2025-04-04 16:46:21.615442,0 days 00:01:29.130862,0.3020119261910853,0.15753363159846678,2,0.23560342026813424,0.05764048291246418,0.018968408783534393,0.035292508054807756,0.004055797579352229,0.010867716390336948,0.05596518804716044,22,49,0.008586694238050164,0.1850414747884022,True,False,False,7.810859540570834e-06,COMPLETE
1022,0.8455011725425721,2025-04-04 16:46:21.948605,2025-04-04 16:47:50.370967,0 days 00:01:28.422362,0.22747365605425762,0.16567627536238538,2,0.22615084999835525,0.07128471245979666,0.017849024190391312,0.045012377966615086,0.0072558747378914466,0.011930998826701917,0.06347185845196093,22,45,0.012179254915179237,0.1833201468967773,True,False,False,8.082071759293128e-06,COMPLETE
1023,0.556018090248108,2025-04-04 16:47:50.706267,2025-04-04 16:49:19.222732,0 days 00:01:28.516465,0.25854957036853965,0.18128357846136794,2,0.21931313157489568,0.07457949956282954,0.016034415351408725,0.047250163027003425,0.0075443356604034395,0.0149959908043889,0.05392368101898468,22,49,0.012888293000111569,0.18110953628231102,True,False,False,8.467895648380857e-06,COMPLETE
1024,0.4282768666744233,2025-04-04 16:49:19.562157,2025-04-04 16:50:46.826175,0 days 00:01:27.264018,0.19917628244902938,0.16507197442118893,2,0.22304913290221623,0.07325112380040572,0.011481922550729256,0.04646782206449476,0.006966793778637344,0.0131275015638026,0.060401438861634356,22,45,0.012699477758043311,0.1888421297005271,True,False,False,8.26495618473231e-06,COMPLETE
1025,0.9553393483161927,2025-04-04 16:50:47.161854,2025-04-04 16:52:18.107694,0 days 00:01:30.945840,0.20815759927371608,0.15398690230402096,2,0.2180689872320254,0.07101562290316965,0.01944439163800488,0.03778504259042419,0.009389595252905813,0.0175865876013352,0.0810735289369175,23,42,0.012739091646717717,0.1830836001769687,True,False,False,1.0253123151614886e-05,COMPLETE
1026,0.5603862166404724,2025-04-04 16:52:18.444861,2025-04-04 16:53:49.628370,0 days 00:01:31.183509,0.21886749332684552,0.16191284024098251,2,0.20957625289708787,0.07076066564517315,0.017575838826025654,0.04080674756455653,0.010015031383859233,0.011828593247656616,0.08662254604489002,23,44,0.01419836928805331,0.18397098770580603,True,False,False,7.86327826772632e-06,COMPLETE
1027,0.41557552814483645,2025-04-04 16:53:49.953769,2025-04-04 16:55:21.352118,0 days 00:01:31.398349,0.23436885134470642,0.14849224178022616,2,0.21832029064546626,0.06969923710847788,0.014137322349812978,0.03797484362658229,0.011723352751199491,0.013691448921080103,0.08581555151789551,23,40,0.01286016403351807,0.18093981772608525,True,False,False,1.1560020043886982e-05,COMPLETE
1028,0.9992628693580629,2025-04-04 16:55:21.687952,2025-04-04 16:56:53.256368,0 days 00:01:31.568416,0.19177563170173373,0.19891479677587043,2,0.22429825058888767,0.07613317302648247,0.016043698275307074,0.03324347383962008,0.007463415157878024,0.011407029639040264,0.06284943293214353,23,39,0.012115978588311512,0.186145896299106,True,False,False,4.2799883523636e-08,COMPLETE
1029,0.4155482590198517,2025-04-04 16:56:53.595608,2025-04-04 16:58:24.200774,0 days 00:01:30.605166,0.2457619867411594,0.2062414107032888,2,0.21570956857478618,0.07277287097532047,0.013124203582379645,0.035621487888751725,0.009375112919437607,0.017498469562378098,0.04974186740361201,23,35,0.01597130142972932,0.17886662670429143,True,False,False,2.3295510623819726e-08,COMPLETE
1030,0.3767695009708405,2025-04-04 16:58:24.537574,2025-04-04 16:59:56.001497,0 days 00:01:31.463923,0.18710750895842362,0.22673956226871217,2,0.22495549379493412,0.07383172164556678,0.015056832226066824,0.034475244606970205,0.011696286111922211,0.015104376403353468,0.05818924107652139,23,39,0.013909696839424503,0.18397449139375172,True,False,False,6.687024924780544e-08,COMPLETE
1031,0.4241456091403962,2025-04-04 16:59:56.342777,2025-04-04 17:01:26.756996,0 days 00:01:30.414219,0.2583241105430121,0.19628716154624487,2,0.2262227727658184,0.07619839844174797,0.016519177279052426,0.04012986527462792,0.009674129840635055,0.012089323209152297,0.044567856143609114,23,32,0.012732332237185895,0.1849116018659088,True,False,False,2.7677593658132935e-07,COMPLETE
1032,0.48480263948440555,2025-04-04 17:01:27.097634,2025-04-04 17:02:46.790077,0 days 00:01:19.692443,0.21258047614407083,0.19719122118342047,2,0.21580466436652204,0.0765822577560524,0.013866064493394722,0.03547079115029683,0.008020103873202044,0.013369578603854406,0.06014744424956421,23,41,0.015113572289384869,0.18310603132762676,True,True,True,1.0269602961048001e-05,COMPLETE
1033,0.4142338573932648,2025-04-04 17:02:47.135754,2025-04-04 17:04:20.657242,0 days 00:01:33.521488,0.1840570477284266,0.24113165241125695,2,0.2233977631773607,0.06980996160134395,0.01843840479515716,0.035249481165510854,0.008488312498576336,0.011663070830977427,0.05160049214596756,24,38,0.01642456164004498,0.17683346240087075,False,False,False,6.650749766069982e-07,COMPLETE
1034,0.4238762974739075,2025-04-04 17:04:20.984105,2025-04-04 17:05:51.684178,0 days 00:01:30.700073,0.2187574173021574,0.2182282345910212,2,0.2119647574684617,0.07246519160253112,0.017160733306531742,0.03751484400877158,0.006353440024838274,0.017718785643435316,0.06353081798237592,23,42,0.012170202039378436,0.18508064254438503,True,False,False,1.3338800386060667e-05,COMPLETE
1035,0.4160239934921265,2025-04-04 17:05:52.021885,2025-04-04 17:07:19.304756,0 days 00:01:27.282871,0.20428132050746087,0.18025307973018304,2,0.2209245558011449,0.07309363127631288,0.01869859411618247,0.03685449008942058,0.012570725186879787,0.014828841702817324,0.04407225391006557,22,35,0.05227152319494893,0.18886872281370498,True,False,False,3.823934181124519e-08,COMPLETE
1036,0.3474756181240082,2025-04-04 17:07:19.645347,2025-04-04 17:08:54.047861,0 days 00:01:34.402514,0.20926839225533259,0.1932237572053193,2,0.2286746116054507,0.07697134620215254,0.01587465460013091,0.04267610349188952,0.008512509891609375,0.011425350887285888,0.06895540188333649,24,37,0.03355379316873163,0.1793128115292223,True,False,False,9.6161660943608e-08,COMPLETE
1037,0.3566673278808594,2025-04-04 17:08:54.385516,2025-04-04 17:10:25.916673,0 days 00:01:31.531157,0.14960738921156408,0.1827803164192739,2,0.2299090105007142,0.06595678553001641,0.018231506991907523,0.032732595520262746,0.006525741113030614,0.014088446748922852,0.05219619368542341,23,44,0.01767317052536487,0.18823982829217972,True,False,False,1.68966804050055e-07,COMPLETE
1038,0.4155089676380158,2025-04-04 17:10:26.257790,2025-04-04 17:11:54.852671,0 days 00:01:28.594881,0.21295195324766886,0.2073356971260306,2,0.2237347527820489,0.07892780076190324,0.01359855057390228,0.03238883182556321,0.011240992932695183,0.011673254775512721,0.06648676369848555,22,41,0.011501161986903269,0.18940647402254962,True,False,False,2.4892189372724763e-07,COMPLETE
1039,0.9901208281517029,2025-04-04 17:11:55.192902,2025-04-04 17:13:26.724143,0 days 00:01:31.531241,0.1805309111529011,0.16012975840851076,2,0.21289017205201982,0.06578025104747957,0.019553035424851137,0.03195732597313198,0.004937684213066488,0.0158066112934663,0.040760622961230494,23,42,0.01263902098742899,0.17447414592082186,True,False,False,4.739325504754524e-07,COMPLETE
1040,0.4345069587230682,2025-04-04 17:13:27.064091,2025-04-04 17:14:58.628149,0 days 00:01:31.564058,0.19345559168791895,0.22246991537551503,2,0.20338375633237232,0.07424760506324989,0.015499465663354887,0.03404487467356489,0.009546506413298402,0.020079114370326855,0.03375308380397123,23,39,0.01114731621797619,0.17546119067284072,True,False,False,1.8199271350431622e-07,COMPLETE
1041,0.4082053422927857,2025-04-04 17:14:58.954361,2025-04-04 17:16:35.797357,0 days 00:01:36.842996,0.24807796034532154,0.18593851904343422,2,0.2180935369000904,0.06599187079219017,0.018726031473584617,0.03841803845991614,0.007117045737504754,0.017095570639461773,0.040379576253059865,24,43,0.010287194985645334,0.18788852724536803,True,False,False,7.815913637004974e-07,COMPLETE
1042,0.9104764223098756,2025-04-04 17:16:36.135645,2025-04-04 17:18:07.286491,0 days 00:01:31.150846,0.16815457467378156,0.1610411229454226,2,0.22002199601848704,0.07072446557924399,0.018763093858849347,0.02768000370034964,0.005413604676730067,0.01788829683052333,0.04186054375923009,23,43,0.01240352016455756,0.18598206813887558,True,False,False,5.060446989731415e-07,COMPLETE
1043,0.36745674014091495,2025-04-04 17:18:07.628151,2025-04-04 17:19:42.231891,0 days 00:01:34.603740,0.1307822664156882,0.15059141483672814,2,0.23151755194715018,0.06976818883066063,0.019857223030697473,0.03074096725210355,0.004145606586342995,0.01807061476698429,0.027515297461922092,24,34,0.013365876404208683,0.17631922000073053,True,False,False,1.913787620386564e-05,COMPLETE
1044,0.3675784945487976,2025-04-04 17:19:42.571085,2025-04-04 17:21:16.690092,0 days 00:01:34.119007,0.21310535160911892,0.1782340777891345,2,0.2126902051569917,0.06593723131558496,0.01968205109356627,0.03168647831163384,0.005362700489821383,0.01949846587799143,0.03237084643731079,24,29,0.009859246045030762,0.18124331743776168,True,False,False,1.0014599756695938e-06,COMPLETE
1045,0.8930890917778016,2025-04-04 17:21:17.031356,2025-04-04 17:22:48.820009,0 days 00:01:31.788653,0.22643630313063645,0.14114121488706,2,0.21964530125201423,0.0662842611648787,0.017271219433205504,0.027879228322657837,0.005247783326681067,0.0179636067400529,0.038381511882207814,23,38,0.011306735666783817,0.19021631686190443,True,False,False,4.076427998641183e-07,COMPLETE
1046,0.35795303583145144,2025-04-04 17:22:49.164724,2025-04-04 17:24:20.952572,0 days 00:01:31.787848,0.2052361195371965,0.25651425164399216,2,0.20048318560399797,0.07362955373213412,0.011966488685201407,0.031566020372123166,0.00496399063829428,0.02078739913146919,0.03600313414509957,23,32,0.012764503164922752,0.18331798576256986,True,False,False,1.5780861806259163e-08,COMPLETE
1047,0.4158220112323761,2025-04-04 17:24:21.295197,2025-04-04 17:25:51.838739,0 days 00:01:30.543542,0.19824062464753095,0.15776563933925294,2,0.22367044857287463,0.07757806395732134,0.015729264998401174,0.03358934505654152,0.006757415481450831,0.02062170366186751,0.038305026245026096,23,36,0.05573416127442168,0.17370730876031912,True,False,False,3.187744196177961e-08,COMPLETE
1048,0.414119154214859,2025-04-04 17:25:52.185380,2025-04-04 17:27:22.870302,0 days 00:01:30.684922,0.15628360739989694,0.13770525409582957,2,0.20638043750608745,0.06986571330597592,0.01601316894264178,0.029571335393852323,0.008512877512297406,0.018899716769756332,0.026505910421986835,23,38,0.008919789045662804,0.1904391958290469,True,False,False,4.771391241850896e-07,COMPLETE
1049,0.8835395693778991,2025-04-04 17:27:23.199263,2025-04-04 17:28:57.267176,0 days 00:01:34.067913,0.16817135744549927,0.1462213889130671,2,0.21661372477590227,0.07893396777087529,0.010200358653185571,0.0324877699007165,0.005689260069644069,0.017647692542940904,0.02918020595822878,24,41,0.011730384101979923,0.18340735971745026,True,False,False,3.2289948612457647e-07,COMPLETE
1050,0.4876917958259583,2025-04-04 17:28:57.609435,2025-04-04 17:30:31.739415,0 days 00:01:34.129980,0.16869018738690153,0.15362735627449384,2,0.21411106269085564,0.08139012100405024,0.012766040096655714,0.029559771066147326,0.00550710563454422,0.019594254017351716,0.030848493620851156,24,39,0.013635165336709821,0.1785767374013961,True,False,False,4.242380495167888e-07,COMPLETE
1051,0.5526615500450135,2025-04-04 17:30:32.082226,2025-04-04 17:31:54.991906,0 days 00:01:22.909680,0.15693474134196372,0.17373699100563078,2,0.2073580050986451,0.07940502117443161,0.009892397500876355,0.026665704193529108,0.010116855563001376,0.021625457298337394,0.023598630911127155,24,36,0.015181089901324515,0.18388176967276573,True,True,True,3.8752268824223885e-07,COMPLETE
1052,0.4124116599559784,2025-04-04 17:31:55.334077,2025-04-04 17:33:30.536614,0 days 00:01:35.202537,0.16817998237917323,0.14505825899453836,2,0.20855675862676257,0.07589843491927481,0.017399321197674986,0.028454266743402568,0.006629368339872362,0.018888789951680387,0.021193743369139005,24,41,0.013422657184240128,0.1735379322059682,False,False,False,5.06245806749944e-07,COMPLETE
1053,0.47759044766426084,2025-04-04 17:33:30.878617,2025-04-04 17:35:06.044176,0 days 00:01:35.165559,0.14115771346722186,0.17662439098160598,2,0.21317941254478256,0.08006615282427892,0.005739310166714648,0.028210009945446993,0.0035300351236053685,0.01986521524026852,0.02968902927930043,24,39,0.011219725506608895,0.18666023183775357,True,False,False,3.498068983247455e-07,COMPLETE
1054,0.34777277708053594,2025-04-04 17:35:06.388873,2025-04-04 17:36:37.915027,0 days 00:01:31.526154,0.1790727049360952,0.20488875699204476,2,0.2103438566249083,0.0864626116495483,0.008968377258805284,0.03164717221592203,0.004842175497523901,0.022084274549608998,0.018929552204248315,23,42,0.015193229074482546,0.18140956276455159,True,False,False,5.768281808464844e-07,COMPLETE
1055,0.4159346640110016,2025-04-04 17:36:38.261916,2025-04-04 17:38:11.941524,0 days 00:01:33.679608,0.18449472786813584,0.13830588503540292,2,0.21687936145783873,0.07495231870210473,0.006885522069274714,0.03408335695497036,0.00915165707944979,0.016755189438281463,0.03591752634597795,24,36,0.01207798361679499,0.19331091761377286,True,False,False,6.56455525033338e-07,COMPLETE
1056,0.36419711709022523,2025-04-04 17:38:12.289668,2025-04-04 17:39:44.229212,0 days 00:01:31.939544,0.17135190414352997,0.15591370860919576,2,0.22189301541204495,0.08508038198338488,0.014419294213515623,0.03703140491062326,0.006357040073333719,0.018516400690889445,0.04044868329970713,23,34,0.016714741771341156,0.18813591078938843,True,False,False,5.079547348228262e-07,COMPLETE
1057,0.8692196130752564,2025-04-04 17:39:44.560290,2025-04-04 17:41:16.183366,0 days 00:01:31.623076,0.18587256505519623,0.1883487826786831,2,0.2142039386341969,0.070173234420725,0.012184338965903978,0.030548284571179123,0.004129437950434821,0.017967685283578786,0.03346951995112793,23,39,0.013089018561376438,0.17873104129535183,True,False,False,2.9947014240589925e-07,COMPLETE
1058,0.9346722841262818,2025-04-04 17:41:16.529927,2025-04-04 17:42:47.586613,0 days 00:01:31.056686,0.1615399593901054,0.1648204015355783,2,0.21812495017668132,0.07101153635723653,0.011386110022600517,0.03551735090902595,0.01245750283591093,0.018448519545317104,0.04419899687868493,23,41,0.01143134570561583,0.19109647545064018,True,False,False,4.166315017502471e-07,COMPLETE
1059,0.3510248363018036,2025-04-04 17:42:47.932816,2025-04-04 17:44:21.751168,0 days 00:01:33.818352,0.12417752050242126,0.13840562361784406,2,0.20488916443594699,0.077751527331909,0.010199880866138634,0.03213816677739319,0.012183355828492306,0.020967996500197403,0.029445260342036247,24,40,0.010332387107332409,0.1905434148521676,True,False,False,4.779823012443022e-07,COMPLETE
1060,0.34801581501960754,2025-04-04 17:44:22.099577,2025-04-04 17:45:56.363715,0 days 00:01:34.264138,0.14632171355726167,0.2019858140329544,2,0.214858474511079,0.08601378850901656,0.009876753857161018,0.035802593734923865,0.013737033064143998,0.019582791155993668,0.03988437413734156,24,42,0.01109693290055357,0.18570203601075155,True,False,False,1.2889026772509917e-07,COMPLETE
1061,0.4225963890552521,2025-04-04 17:45:56.710924,2025-04-04 17:47:27.758140,0 days 00:01:31.047216,0.14821203119567505,0.17716936448725845,2,0.21807467999626892,0.0722695172797228,0.007370181119916162,0.03308931752669475,0.008667567978744935,0.020677825924413154,0.043313451539091885,23,37,0.00919344759306915,0.17381821414667611,True,False,False,3.1095288837100663e-07,COMPLETE
1062,0.83208566904068,2025-04-04 17:47:28.106386,2025-04-04 17:48:58.671999,0 days 00:01:30.565613,0.16460315367923414,0.1592948452121654,2,0.22234196955912033,0.08126093471332171,0.009514073405328831,0.03543367002068112,0.007889489928002511,0.018598960091946826,0.03413858380501541,23,41,0.011567630925595832,0.1816741210138691,True,False,False,4.7733550309937e-07,COMPLETE
1063,0.40238162875175476,2025-04-04 17:48:59.020950,2025-04-04 17:50:32.546050,0 days 00:01:33.525100,0.13726553307877026,0.13726575968230173,2,0.21687386725521537,0.0686751490997424,0.0036865912224940747,0.028777244532531155,0.007819127998381362,0.017911051320217496,0.04126194929460823,24,30,0.009599491915948041,0.19493988019042113,True,False,False,2.467490432689119e-07,COMPLETE
1064,0.3643904566764832,2025-04-04 17:50:32.896113,2025-04-04 17:52:04.133890,0 days 00:01:31.237777,0.16265071631018477,0.2220711445113581,2,0.20833937153452142,0.07676171468832871,0.013778463626999155,0.03733386881327717,0.010537014065320868,0.017239573896387424,0.02376362236134363,23,33,0.011964944263585272,0.19125394822116162,True,False,False,3.874551202245521e-07,COMPLETE
1065,0.3988012671470642,2025-04-04 17:52:04.482914,2025-04-04 17:53:38.301126,0 days 00:01:33.818212,0.15551628680239768,0.18346799674376862,2,0.20003476062205017,0.07013886566458781,0.014373502457181603,0.03505023282296786,0.011440653760196408,0.02242637263548438,0.02781162710414208,24,43,0.009319192472528963,0.1851599704584978,True,False,False,6.62508307595956e-07,COMPLETE
1066,0.35159213542938234,2025-04-04 17:53:38.635310,2025-04-04 17:55:09.491505,0 days 00:01:30.856195,0.16407012487131414,0.16115679724066503,2,0.22094266275605012,0.06712150580827993,0.01712204023176557,0.03858561472925598,0.010396690825227515,0.017425511596021948,0.03592943903916262,23,37,0.010558553877644834,0.1917349216246482,True,False,False,4.1047355958897884e-07,COMPLETE
1067,0.8952203392982484,2025-04-04 17:55:09.840829,2025-04-04 17:56:41.302360,0 days 00:01:31.461531,0.18904479175296673,0.20380510723100062,2,0.22142284586004649,0.06630715955703546,0.011892251477809429,0.03058642315075241,0.006053980673510304,0.06798949245581333,0.046062423320465805,23,42,0.013505568707877417,0.17763129772686775,True,False,False,3.350773207727043e-07,COMPLETE
1068,0.7923438429832459,2025-04-04 17:56:41.652039,2025-04-04 17:58:16.999069,0 days 00:01:35.347030,0.1845810694804848,0.1302676966577879,2,0.21807885635895574,0.07562524467036055,0.012044395273734625,0.030841750913731047,0.012728223594869765,0.06734604738572822,0.043184452196676944,24,42,0.007822957826981749,0.17347180580823193,True,False,False,2.1007039888517766e-07,COMPLETE
