number,value,datetime_start,datetime_complete,duration,params_alpha-eval,params_alpha-train,params_batch-size,params_eps-eval,params_eps-train,params_lambda-actions-eval,params_lambda-actions-train,params_lambda-frames-eval,params_lambda-frames-train,params_learning-rate,params_n-epochs,params_n-frames,params_radius-gw,params_rho,params_std-feats,params_ub-actions,params_ub-frames,params_weight-decay,state
626,0.3917602419853211,2025-04-24 00:25:13.730408,2025-04-24 00:26:54.215626,0 days 00:01:40.485218,0.3307115851076132,0.7663159146781395,2,0.21781847821279754,0.139675830665407,0.02633208151042745,0.059310258427350576,0.044768213604136416,0.01599216330786886,0.029869787376220123,26,27,0.004453002558974142,0.17417254878286403,True,False,False,0.00039961629835338376,COMPLETE
627,0.42101170420646666,2025-04-24 00:26:54.411219,2025-04-24 00:27:26.458971,0 days 00:00:32.047752,0.25838992319721543,0.5659659365051631,8,0.04427924901137567,0.007007465962149646,0.07217946031141577,0.09890775555079671,0.034593532518718224,0.008024757293177018,0.03489638726326348,21,33,0.0477597549217557,0.11710306947574997,True,False,False,0.0003085597988958381,COMPLETE
628,0.4085823774337769,2025-04-24 00:27:26.667982,2025-04-24 00:28:56.048150,0 days 00:01:29.380168,0.1833707979695201,0.5904745151154404,2,0.15664362039053412,0.022986147837776954,0.08938895617432355,0.040054622273251655,0.03987046576825244,0.05112376403175773,0.04440498174207706,22,56,0.01576605784831403,0.1808792601790777,True,False,False,0.0001748531049024196,COMPLETE
629,0.41405289173126225,2025-04-24 00:28:56.244391,2025-04-24 00:30:18.298789,0 days 00:01:22.054398,0.30123093316067356,0.6562665660061736,2,0.21252987927247052,0.011401587091110863,0.07912934313376421,0.09682416781979496,0.0372507414977679,0.09187568493512886,0.01136066067720585,20,24,0.012877294744804988,0.10292454736465688,False,False,False,0.00012225578703168626,COMPLETE
630,0.483749407529831,2025-04-24 00:30:18.508401,2025-04-24 00:31:40.466557,0 days 00:01:21.958156,0.22656793355904617,0.6992524130319889,2,0.1426216260729024,0.01630567676384222,0.05930283209972326,0.04606051340582799,0.0423081613137931,0.021412910375227384,0.013845293312953573,20,28,0.008103116036887377,0.1266985670658402,True,False,False,0.0002711851376125782,COMPLETE
631,0.39631395339965825,2025-04-24 00:31:40.665211,2025-04-24 00:33:29.328737,0 days 00:01:48.663526,0.2529966292016522,0.6044131916396511,2,0.1286671975052646,0.0278006287323519,0.06521676326185921,0.04180432989752295,0.03217313903357643,0.04573433586282202,0.009126359478561585,29,21,0.010452983231746685,0.16830220907222754,True,False,False,9.644622215643728e-05,COMPLETE
632,0.9350812554359437,2025-04-24 00:33:29.538348,2025-04-24 00:35:27.538191,0 days 00:01:57.999843,0.3207702920762654,0.6224116640623989,2,0.22567888358693558,0.006372533799425973,0.0850545360019454,0.04899589579103024,0.03588300277138212,0.04933031232608674,0.023146845873377838,30,99,0.006268921037181305,0.08713955334975299,True,False,False,0.00020984532602229462,COMPLETE
633,0.41199053525924684,2025-04-24 00:35:27.737452,2025-04-24 00:36:51.706247,0 days 00:01:23.968795,0.28929637840205885,0.5539289049780881,2,0.052625444969562916,0.018982665689226453,0.07424464352852052,0.05602238009627943,0.03968530085385995,0.02733384952907687,0.017391805488733616,21,24,0.003078650466816415,0.17571475176434154,True,False,False,0.00040369375253563103,COMPLETE
634,0.3650589168071747,2025-04-24 00:36:51.916020,2025-04-24 00:38:20.254372,0 days 00:01:28.338352,0.9380756513934863,0.6767769321746849,2,0.22846790072418166,0.010693211897935945,0.08256474880037126,0.021673108591809424,0.04703819029195245,0.04104313195020402,4.8900733691758365e-05,22,33,0.004601615885893225,0.18647173816874724,True,False,False,0.0001581687888663507,COMPLETE
635,0.41048928499221804,2025-04-24 00:38:20.453637,2025-04-24 00:39:38.942284,0 days 00:01:18.488647,0.5183936463093943,0.6412855309133122,2,0.15355250842087945,0.0054088249218919625,0.08893115194755183,0.044564588135716975,0.04311826482906658,0.053829725194465515,3.548348423593082e-05,19,29,0.008643933318588036,0.16362031123360565,True,False,False,7.663851017091378e-05,COMPLETE
636,0.44072532653808594,2025-04-24 00:39:39.153379,2025-04-24 00:41:00.490914,0 days 00:01:21.337535,0.8194257454636915,0.607810670622909,2,0.24467084347192647,0.025415228452429363,0.09243925440792604,0.09575192163986186,0.027903146320846242,0.051977372649466655,0.029438200116044772,20,18,0.013854594549793882,0.10814514151071802,True,False,False,0.0005255436879714218,COMPLETE
637,0.9859087467193605,2025-04-24 00:41:00.689832,2025-04-24 00:42:24.808383,0 days 00:01:24.118551,0.229362962572485,0.7338342377426783,2,0.042340153372428996,0.014287221514414392,0.050479948414962734,0.05319237441440232,0.0344765484836877,0.056332731394308576,0.03809727735556457,21,26,0.0067628918961433705,0.12238638322156982,True,False,False,0.0001278149098583158,COMPLETE
638,0.9714809536933899,2025-04-24 00:42:25.025566,2025-04-24 00:43:53.209079,0 days 00:01:28.183513,0.22116293734875045,0.7599598795359299,2,0.04182044575157254,0.012268743200858722,0.05277818220036912,0.047482696853809125,0.03138148416134408,0.058611999175673245,0.03895326870558893,22,26,0.0027154866052724424,0.12309100264464108,True,False,False,0.00011300330117904208,COMPLETE
639,0.29052439928054813,2025-04-24 00:43:53.409767,2025-04-24 00:45:20.329253,0 days 00:01:26.919486,0.18762261597843405,0.7394887756553928,2,0.05099004835338229,0.006043066979512936,0.05509309786121964,0.051084110678348046,0.025160524469458042,0.055655521394561536,0.0734090068761503,21,89,0.020298266107388708,0.13174389486393567,True,False,False,0.00013776032268053326,COMPLETE
640,0.29052439928054813,2025-04-24 00:45:20.539863,2025-04-24 00:46:47.961425,0 days 00:01:27.421562,0.20800916028762736,0.799356720601218,2,0.04579847964667504,0.0004437152062569342,0.05262032675194211,0.05325305076311525,0.029809274817114675,0.06018035764842664,0.0006054550284899797,22,23,0.005038302112782191,0.11779800388371323,True,False,False,0.00013472425767157157,COMPLETE
641,0.36149806380271915,2025-04-24 00:46:48.166989,2025-04-24 00:48:19.050519,0 days 00:01:30.883530,0.24116500302922256,0.7472112070373299,2,0.038261189881990176,0.05581473877151436,0.05083551295757292,0.053340976795229894,0.03430223242174846,0.05413618367403558,0.0009077619772546917,23,29,0.010838345274820348,0.1250444040089011,True,False,False,0.00010081682140654257,COMPLETE
642,0.9972160458564759,2025-04-24 00:48:19.260795,2025-04-24 00:49:43.061569,0 days 00:01:23.800774,0.23859853802235975,0.7304859662981127,2,0.05541410170205122,0.014998264896526196,0.045491868134143805,0.053813485794776475,0.044621073890995136,0.055791711588141446,0.04389574988192128,21,25,0.017179012024810886,0.1146535176604577,True,False,False,8.18171773200305e-05,COMPLETE
643,0.34713230133056644,2025-04-24 00:49:43.261829,2025-04-24 00:51:07.119415,0 days 00:01:23.857586,0.2597114334472827,0.7221178151887622,2,0.029802273488478234,0.01661909241359684,0.045321121019562136,0.05666427914677069,0.046463943532374846,0.057593554046475696,0.0007094946282183649,21,21,0.019255930050054087,0.11554083088627713,True,False,False,8.543015043516668e-05,COMPLETE
644,0.3741447329521179,2025-04-24 00:51:07.331423,2025-04-24 00:52:32.779387,0 days 00:01:25.447964,0.2319188418488276,0.7730621495258675,2,0.05299000824656688,0.16547200384918664,0.04265443547052675,0.055887282146814175,0.04424910192840488,0.057189176351941075,0.05664764883661961,21,15,0.01725674749803102,0.11873572105826227,True,False,False,9.838003953318809e-05,COMPLETE
645,0.9696094393730164,2025-04-24 00:52:32.981758,2025-04-24 00:53:58.583680,0 days 00:01:25.601922,0.27146196006134266,0.7337131178915556,2,0.05512488876217325,0.02295592227159416,0.04697989726251357,0.05799653469823806,0.045189485153705286,0.05672189399776666,0.04849919658670992,21,31,0.0180613235479491,0.10745722788121179,True,False,False,7.424765598714607e-05,COMPLETE
646,0.3480276525020599,2025-04-24 00:53:58.797217,2025-04-24 00:55:23.300718,0 days 00:01:24.503501,0.24180035543374373,0.7216445995953376,2,0.045229609224896355,0.033016246713032424,0.04528740875056231,0.05342277768026807,0.047712342310709616,0.06038864108478819,0.06597108215562246,21,24,0.022415253930169708,0.11084123993047558,True,False,False,7.00564371796113e-05,COMPLETE
647,0.3893919765949249,2025-04-24 00:55:23.517030,2025-04-24 00:56:48.134601,0 days 00:01:24.617571,0.25384710312719055,0.7333540254499664,2,0.05727946088360964,0.014484080748284507,0.0392319645054361,0.05516265818086447,0.04119423618212575,0.05567131340832611,0.00036609803572740045,21,19,0.018686939414121043,0.12069199478869545,True,False,False,5.742364813862284e-05,COMPLETE
648,0.9198922634124757,2025-04-24 00:56:48.338098,2025-04-24 00:57:26.154846,0 days 00:00:37.816748,0.2672660755466103,0.710145802555154,8,0.042280021707332485,0.019844525572688034,0.04394600524787426,0.054443583427043196,0.04294847909098789,0.05536044046628265,0.044243799619354617,28,27,0.016054272125176846,0.12948278524690987,True,False,False,6.596241390100645e-05,COMPLETE
649,0.3692738175392151,2025-04-24 00:57:26.377984,2025-04-24 00:58:52.776786,0 days 00:01:26.398802,0.22755408494564663,0.7396996695204828,2,0.052105810245571545,0.025820208782662373,0.05708175374666365,0.052664805866022874,0.045233601806677806,0.057966975648659054,0.0575750712092765,21,86,0.0010475807044889767,0.11728054714734405,False,False,False,9.845850451548826e-05,COMPLETE
650,0.979506289958954,2025-04-24 00:58:52.980077,2025-04-24 01:00:14.309266,0 days 00:01:21.329189,0.5597789967151483,0.7527792302764845,2,0.04878800436331927,0.012913863233930385,0.04779410147161266,0.05268919935804546,0.04231573051715377,0.054966844534777376,0.041371233646690965,20,23,0.0379991449809855,0.09982272840256529,True,False,False,7.834548800549948e-05,COMPLETE
651,0.3569961607456208,2025-04-24 01:00:14.526860,2025-04-24 01:01:59.555315,0 days 00:01:45.028455,0.2818526939122604,0.6986080295043948,2,0.05955994829374859,0.04163150404029252,0.07717780923128821,0.05903201661233851,0.04085109576529501,0.05708860653239352,0.030425133688909596,27,34,0.01603967644969794,0.10951860006687782,True,False,False,0.0001265998254223772,COMPLETE
652,0.9773372292518616,2025-04-24 01:01:59.761356,2025-04-24 01:03:21.089267,0 days 00:01:21.327911,0.2477992758873223,0.7898550262910743,2,0.03938467265950496,0.02003014197539567,0.08473371698665254,0.05054043904264431,0.04932340263049927,0.059166129440519764,0.05042234231005291,20,30,0.014650610640416567,0.11307188912239212,True,False,False,0.00011507259164247394,COMPLETE
653,0.9990030050277711,2025-04-24 01:03:21.306994,2025-04-24 01:04:46.434770,0 days 00:01:25.127776,0.4781766771734367,0.7653291222545011,2,0.20714260277469415,0.010055147309016209,0.09991117598162245,0.0014234806360251817,0.0442875142055792,0.014232493413603055,0.03357175406697151,21,20,0.017789447940788922,0.12409568467505029,True,False,False,8.895882700433621e-05,COMPLETE
654,0.37433135509490967,2025-04-24 01:04:46.639596,2025-04-24 01:06:28.088518,0 days 00:01:41.448922,0.5115665896456011,0.7900581794225493,2,0.20801056052621952,0.011039532899988255,0.09846813360561112,0.005804960198169153,0.044574328808764434,0.00960506287981105,0.0005275891721595642,26,13,0.019263777956805905,0.1389146574853795,True,False,False,5.020448874129246e-05,COMPLETE
655,0.369248628616333,2025-04-24 01:06:28.307477,2025-04-24 01:08:21.494527,0 days 00:01:53.187050,0.4833036442713862,0.7570270940104753,2,0.19502779429843287,0.19331348520616623,0.09962181196394462,0.009287570299651323,0.04702445667433924,0.013022995638675264,0.026518936856700367,30,19,0.02257550120449173,0.12747407741494443,True,False,False,6.70958072595051e-05,COMPLETE
656,0.3761642932891846,2025-04-24 01:08:21.699933,2025-04-24 01:09:43.911209,0 days 00:01:22.211276,0.47751499812116766,0.999746432797749,2,0.2169639596476528,0.23526767457872572,0.09849287687043413,0.0048349448076930035,0.04517007009445049,0.017632299164177825,0.0337512235171711,20,16,0.018021611059862185,0.13268434695138667,True,False,False,7.188334697541533e-05,COMPLETE
657,0.37573740482330326,2025-04-24 01:09:44.129102,2025-04-24 01:11:08.267729,0 days 00:01:24.138627,0.4944573437869138,0.821841961847105,2,0.20316329612185782,0.2714499201307593,0.09965815074232687,0.0631953163539183,0.04322668006655384,0.015127904617702647,0.024853352726287505,21,20,0.017164311507823497,0.22855280717624157,True,False,False,9.403264822014794e-05,COMPLETE
658,0.9933447480201723,2025-04-24 01:11:08.474646,2025-04-24 01:12:57.831841,0 days 00:01:49.357195,0.5325280401522383,0.7597339979740863,2,0.20585686674984366,0.008344473715353228,0.09751177539360245,0.03852015832476227,0.0480294463290887,0.018898355062263485,0.010055706343450852,29,16,0.019540042695290555,0.10526531553317435,True,False,False,5.315654294236727e-05,COMPLETE
659,0.4090917110443116,2025-04-24 01:12:58.049886,2025-04-24 01:14:49.177201,0 days 00:01:51.127315,0.5202015762843597,0.7742321442258745,2,0.2086998489728076,0.005538172724189357,0.09970849599848877,0.04122745191454226,0.04927905586268888,0.022465013011088993,0.01137171959525698,29,9,0.019207960700164402,0.09827444732820637,True,False,False,3.6312715154188385e-05,COMPLETE
660,0.6131671786308289,2025-04-24 01:14:49.385447,2025-04-24 01:16:44.592751,0 days 00:01:55.207304,0.5315953739277366,0.76510599832306,2,0.19690394900779956,0.008382039516816717,0.09622304399335606,0.01365042458975883,0.04741099608224303,0.020186810244040745,0.009919783577245565,30,12,0.021336567168098054,0.10199465524584694,True,False,False,0.0006946614326454704,COMPLETE
661,0.5531656622886658,2025-04-24 01:16:44.809306,2025-04-24 01:18:31.750655,0 days 00:01:46.941349,0.5055907849737739,0.8019312422202436,2,0.21510140979783124,0.009163023329984508,0.09994460512724393,0.015355017550072774,0.04836681973748465,0.01858924299220596,0.014964219041114623,28,16,0.017964980162527483,0.094272834843568,True,False,False,2.823138246601755e-05,COMPLETE
662,0.6131671786308289,2025-04-24 01:18:31.958729,2025-04-24 01:20:18.494923,0 days 00:01:46.536194,0.5737424824565646,0.776894361526119,2,0.20368884701902407,0.004317676260061666,0.09823511760156108,0.007843702629548623,0.04633387717224199,0.014984499083044656,0.0004784104261290004,28,15,0.018053298798408546,0.1046871940299432,True,False,False,3.6932901723900995e-06,COMPLETE
663,0.3765494644641877,2025-04-24 01:20:18.714074,2025-04-24 01:22:11.084876,0 days 00:01:52.370802,0.5441920392077124,0.7611725556263873,2,0.20622607725417197,0.010935653281247081,0.0973233594794893,0.03896127869782691,0.04613025069355569,0.017693130657510655,0.010949243903603498,29,12,0.015763809655063084,0.11128093367977988,True,False,False,4.5041454625147415e-05,COMPLETE
664,0.41611624360084537,2025-04-24 01:22:11.290547,2025-04-24 01:24:01.210927,0 days 00:01:49.920380,0.5526956572554569,0.75152371288132,2,0.2097273161057634,0.01565992620599106,0.09739463058813412,0.03902834476306863,0.05000683713061995,0.020084014652477902,0.020258654224591336,29,16,0.019892819236575182,0.10477035929690749,True,False,False,5.761873476908937e-05,COMPLETE
665,0.4158462464809418,2025-04-24 01:24:01.428581,2025-04-24 01:25:51.854617,0 days 00:01:50.426036,0.47117896124539266,0.810177565088877,2,0.19962436911909426,0.004421108661508412,0.0968322008693633,0.04200197557839424,0.044062663909070564,0.01130516023331761,0.012633704109120014,29,18,0.025662118563132885,0.11228951879279943,True,False,False,3.976822800629347e-05,COMPLETE
666,0.3772569060325623,2025-04-24 01:25:52.075985,2025-04-24 01:27:43.276560,0 days 00:01:51.200575,0.5189235042049496,0.776510297182673,2,0.20408921812729927,0.011473109578524453,0.09714914392478109,0.011890283793515756,0.04786218075256658,0.018183371118189726,0.0008375080206719025,30,21,0.01643846324212131,0.09130535718131351,True,False,False,4.774402501771116e-05,COMPLETE
667,0.34656220078468325,2025-04-24 01:27:43.486347,2025-04-24 01:29:40.959862,0 days 00:01:57.473515,0.5352882448712035,0.7849591579192085,2,0.21338164855357228,0.017903471323310306,0.0806355745323264,0.0028416212467411786,0.04537685600596516,0.01628826852624663,0.00960734586990191,30,9,0.019982475821961887,0.11579253918232485,True,False,False,5.4526770716197e-05,COMPLETE
668,0.3639594614505768,2025-04-24 01:29:41.180806,2025-04-24 01:31:06.181366,0 days 00:01:25.000560,0.5855381891635344,0.7484829272201888,2,0.20961180338416013,0.08547683551152756,0.09994993251533443,0.0997238615280575,0.044978609175332245,0.014279257148043185,0.016475890199219384,21,20,0.020849085970218218,0.12197976517803948,True,False,False,0.0007790020062798282,COMPLETE
669,0.4150482535362244,2025-04-24 01:31:06.393971,2025-04-24 01:31:44.816258,0 days 00:00:38.422287,0.48631015745061307,0.7560760911230516,8,0.22072593835085125,0.005676656938896338,0.08301469484543149,0.04305464790941153,0.04367987331419676,0.013916774015558249,0.008466366453892697,29,17,0.015626282010332775,0.10486310547575052,False,False,False,8.68091144550128e-05,COMPLETE
670,0.36854033470153813,2025-04-24 01:31:45.039484,2025-04-24 01:33:33.473127,0 days 00:01:48.433643,0.5573873364727582,0.716803093530509,2,0.2039126322704094,0.027733426366019966,0.07529648150764148,0.010101799820760295,0.04677728108180777,0.012533706112798393,0.013269019286826124,28,13,0.015018026717266347,0.09840412575411278,True,False,False,1.5621427231423214e-05,COMPLETE
671,0.29052439928054813,2025-04-24 01:33:33.685109,2025-04-24 01:35:23.805479,0 days 00:01:50.120370,0.5023068241060953,0.7060723647719951,2,0.22237599025076496,0.00045809383108020695,0.07877881690527141,0.035292604694646255,0.050475940115839835,0.016974581228440935,0.0010980310066035462,29,22,0.023644143039700662,0.11633738112276291,True,False,False,2.0710855397209337e-05,COMPLETE
672,0.5534436225891114,2025-04-24 01:35:24.027124,2025-04-24 01:36:44.761341,0 days 00:01:20.734217,0.469034688932057,0.8133729143325736,2,0.23395320089014993,0.010310201174749331,0.09586210254968859,0.002817351969414107,0.0421054498111001,0.02072356128550449,0.03216659035176773,20,18,0.014066106840947683,0.1284255300789937,True,False,False,0.0008677445886849754,COMPLETE
673,0.39727641940116887,2025-04-24 01:36:44.972493,2025-04-24 01:38:12.443468,0 days 00:01:27.470975,0.5637446142245341,0.7298126392512551,2,0.21119281416316252,0.02125326569358241,0.08719752218141179,0.09525964445304318,0.04312961498706802,0.015611470438425482,0.01111076888707309,22,23,0.0160419545381342,0.10963908088567363,True,False,False,0.0006173665233795588,COMPLETE
674,0.3466847062110901,2025-04-24 01:38:12.664969,2025-04-24 01:39:33.952714,0 days 00:01:21.287745,0.5346023090139806,0.6928226895711943,2,0.21803655139618838,0.014729303071439857,0.09806454039119361,0.040603316779546185,0.04798211059364579,0.010805237444470737,0.023060048998838612,20,24,0.020390606032481242,0.12240068866966813,True,False,False,6.328606105025561e-05,COMPLETE
675,0.43108569383621215,2025-04-24 01:39:34.165650,2025-04-24 01:41:03.095975,0 days 00:01:28.930325,0.501766745190092,0.7961167998470361,2,0.2022126481462468,0.00923720758966786,0.07032608464498001,0.0015744322778643086,0.08361751065416438,0.023841262668720997,0.04381848357085537,22,20,0.013294308102670306,0.11672671900868022,True,False,False,0.0009878814831643587,COMPLETE
676,0.4000011086463929,2025-04-24 01:41:03.318738,2025-04-24 01:42:48.372072,0 days 00:01:45.053334,0.4554877271525183,0.7707442619775007,2,0.19681872128645636,0.016759872348968623,0.08486180038960546,0.09680089335895926,0.04161673965174521,0.015326915458157127,0.007957746053709004,28,27,0.01806947330957668,0.11063884256688186,True,False,False,8.140909996932376e-05,COMPLETE
677,0.29052439928054813,2025-04-24 01:42:48.584538,2025-04-24 01:44:12.431124,0 days 00:01:23.846586,0.5099422912479469,0.7384008373889211,2,0.2310861208391664,0.0006982638854582026,0.08228605699818939,0.03821319654814522,0.04553676175927064,0.01992929381838693,0.02634257753598374,21,15,0.01343139760817436,0.10505135488327792,True,False,False,0.0006582216915955845,COMPLETE
678,0.3725707113742828,2025-04-24 01:44:12.653881,2025-04-24 01:45:34.053006,0 days 00:01:21.399125,0.5346466132354886,0.7138981565123237,2,0.22383737400329878,0.03355461126765591,0.09589840365898854,0.04354308580719947,0.04013440692477646,0.01811960336180673,0.00044731035928603313,20,32,0.017213107690873104,0.12610661422913433,True,False,False,0.0005225380321832606,COMPLETE
679,0.408994197845459,2025-04-24 01:45:34.283972,2025-04-24 01:46:55.036062,0 days 00:01:20.752090,0.5860693863337655,0.16895552822669713,2,0.21401806518423272,0.0248495420455909,0.09980257598918822,0.041209787060008427,0.04387076231335719,0.012070414784835183,0.018934721043747247,20,22,0.021413409379990263,0.09747153100308512,True,False,False,0.0009937045976370772,COMPLETE
680,0.6094367861747743,2025-04-24 01:46:55.251650,2025-04-24 01:48:19.783486,0 days 00:01:24.531836,0.2030112557914689,0.7884485404009544,2,0.2083991344682256,0.008882107398276329,0.08000557797603715,0.04488791308448562,0.04195032091670163,0.022837894562319428,0.014298216902676767,21,18,0.016074239316621667,0.13348662686968293,True,False,False,9.650182035852038e-07,COMPLETE
681,0.3518574118614197,2025-04-24 01:48:20.009766,2025-04-24 01:49:44.976187,0 days 00:01:24.966421,0.8951301950382572,0.686209200571259,2,0.19239127692513958,0.019070631578447662,0.08609005504716526,0.0978795444572399,0.046810726513391826,0.05308313208740214,0.03650566038253723,21,25,0.05788481309174198,0.11984453847983867,True,False,False,0.00010088236549304569,COMPLETE
682,0.6778002977371216,2025-04-24 01:49:45.190101,2025-04-24 01:51:35.082553,0 days 00:01:49.892452,0.5506465088523438,0.5519072000220838,2,0.22030853072521397,0.005565954383063164,0.09505790442815111,0.09512702817100345,0.038888563453460645,0.08899260457219275,0.008726206433209469,29,29,0.012301886069483873,0.11129118039523903,True,False,False,5.7924161797064526e-05,COMPLETE
