number,value,datetime_start,datetime_complete,duration,params_alpha-eval,params_alpha-train,params_batch-size,params_eps-eval,params_eps-train,params_lambda-actions-eval,params_lambda-actions-train,params_lambda-frames-eval,params_lambda-frames-train,params_learning-rate,params_n-epochs,params_n-frames,params_radius-gw,params_rho,params_std-feats,params_ub-actions,params_ub-frames,params_weight-decay,state
170,0.48142714500427247,2025-04-23 15:38:01.830444,2025-04-23 15:38:20.782426,0 days 00:00:18.951982,0.647401341047522,0.5869516385451025,16,0.07953696263399904,0.030284329367224055,0.08693576809745851,0.08469009817483462,0.08184083901063667,0.0706509081983827,0.004769462161856361,13,66,0.07334505772285635,0.16037417806405285,True,False,True,0.0006663022057035725,COMPLETE
171,0.40459303855896,2025-04-23 15:38:20.837950,2025-04-23 15:38:39.715217,0 days 00:00:18.877267,0.5338053992180585,0.5485815566654918,16,0.0984184033960211,0.037326988684762155,0.08101186187587658,0.09193467413015037,0.08685109339519947,0.055992169439933154,0.001552665380691112,13,64,0.0029672655459355678,0.15426190653118563,True,False,True,0.000978940032445638,COMPLETE
172,0.6015909314155579,2025-04-23 15:38:39.778654,2025-04-23 15:38:59.630326,0 days 00:00:19.851672,0.6908602604777732,0.523101462476287,16,0.08687938981542892,0.01231744479557258,0.07824225629941901,0.08713993655289082,0.09113896268003135,0.06311532969666091,0.0036248412599782258,15,65,0.005978784476613119,0.1443869524152571,True,False,True,0.00026301666031002566,COMPLETE
173,0.2908163249492645,2025-04-23 15:38:59.687931,2025-04-23 15:39:19.384366,0 days 00:00:19.696435,0.737857934751861,0.4925458852369463,16,0.14996783582512985,0.020968104067387333,0.07442101434790939,0.07944841477200455,0.08801589277403979,0.06228974525222109,0.005488925145732583,14,82,0.004476860804957055,0.17724617295027129,True,False,True,0.00046959492126374936,COMPLETE
174,0.7187137007713318,2025-04-23 15:39:19.440443,2025-04-23 15:39:37.191847,0 days 00:00:17.751404,0.603397030199915,0.541194815484227,16,0.06143152601548485,0.0066809488472288625,0.07622122825218125,0.09338974839954259,0.07579623364729553,0.0652179878105139,0.007428973852444193,12,33,0.0011064195012382562,0.15089259284562348,True,False,True,0.0005567655520057617,COMPLETE
175,0.29052439928054813,2025-04-23 15:39:37.248382,2025-04-23 15:39:56.235415,0 days 00:00:18.987033,0.6731225730248462,0.572514788773415,16,0.10981537659627957,0.029458239843787953,0.08055857181833594,0.02844365131882679,0.08024463624636886,0.05983940031937545,0.0032022679928023767,14,60,0.008998764304011921,0.1575455495833679,True,False,True,0.00014459220642363933,COMPLETE
176,0.38294193744659427,2025-04-23 15:39:56.291978,2025-04-23 15:40:15.538229,0 days 00:00:19.246251,0.5651385780463349,0.45925028001501994,16,0.09508279036056926,0.013186931156946417,0.08226819369769571,0.09810973810144774,0.08176896137771823,0.06801113693722348,0.004261689235567163,13,71,0.00730530480890033,0.1380555307310847,True,False,True,0.0008064855807447679,COMPLETE
177,0.344661819934845,2025-04-23 15:40:15.594775,2025-04-23 15:40:33.046264,0 days 00:00:17.451489,0.20517661489578887,0.5072113406315637,16,0.046670379803771284,0.022839209003669973,0.08464900710932056,0.08899274138701621,0.07202292399822777,0.06147123241806887,0.005810639931774054,11,38,0.011851090847042388,0.17286397971272166,True,False,True,0.00036002226621975624,COMPLETE
178,0.29052439928054813,2025-04-23 15:40:33.107743,2025-04-23 15:40:58.222573,0 days 00:00:25.114830,0.6968304233846082,0.6023066326642368,16,0.13823230736413167,0.0011109979319096942,0.0789315808748868,0.08176841889095192,0.06934371506281295,0.07576833330688494,0.009169968557363205,26,76,0.0028958119685028394,0.18228165844518257,True,False,True,0.0002255536387674023,COMPLETE
179,0.29052439928054813,2025-04-23 15:40:58.280620,2025-04-23 15:41:17.794398,0 days 00:00:19.513778,0.47294950576133477,0.6518931248407744,16,0.07190209845736145,0.010907284559183186,0.08607568068065634,0.07807334980582514,0.0903149869435572,0.056945035182909956,0.007894669170222761,15,63,0.0047001519673527834,0.14730964166001295,True,True,True,0.00012535524762918008,COMPLETE
180,0.5366687893867492,2025-04-23 15:41:17.853631,2025-04-23 15:41:41.698221,0 days 00:00:23.844590,0.7178588691836695,0.6212780897081629,16,0.054827210752764435,0.016494696124537495,0.07720302561426448,0.08552127130052174,0.0813359425511113,0.052379799200482455,0.004115094127742728,24,68,0.01038401907259023,0.11158980600076483,True,False,True,1.626286422123289e-08,COMPLETE
181,0.6284812331199646,2025-04-23 15:41:41.765463,2025-04-23 15:42:02.344016,0 days 00:00:20.578553,0.6329959638769929,0.48129513328905044,16,0.07007703187431413,0.01814444055084427,0.08321361508823075,0.08340153410234646,0.09835305083880541,0.01658811646703178,0.011391619864859513,16,74,0.005716285741725594,0.13473690531523708,True,False,True,0.00010139152581571416,COMPLETE
182,0.37847890257835387,2025-04-23 15:42:02.402254,2025-04-23 15:42:23.071810,0 days 00:00:20.669556,0.6172205030277206,0.4293381972084682,16,0.07727346544012856,0.026830931143460655,0.079660915128298,0.08104603689632349,0.05119715439882176,0.01775093752274604,0.009681158164996295,16,79,0.004909144564870879,0.2898567160935983,True,False,True,8.145237633837395e-05,COMPLETE
183,0.6644514083862305,2025-04-23 15:42:23.131018,2025-04-23 15:43:18.996853,0 days 00:00:55.865835,0.650681743928609,0.471454499409049,2,0.06346219020121983,0.007356335630090955,0.07059613867103291,0.07560611605680387,0.0891074923061876,0.0718146225193215,0.013437757273423074,14,71,0.002540616203037631,0.1313885237199651,True,False,True,6.244295164609339e-05,COMPLETE
184,0.3490781784057617,2025-04-23 15:43:19.056865,2025-04-23 15:44:17.704710,0 days 00:00:58.647845,0.6764490405189088,0.5184978202617584,2,0.0740997130721278,0.015234432377741478,0.08757718822866066,0.026993096150322204,0.053184298181706176,0.06666685196130498,0.006349541612413189,15,76,0.007970414577148447,0.12316906043197737,True,False,True,5.0509652704335865e-05,COMPLETE
185,0.4030300974845886,2025-04-23 15:44:17.765007,2025-04-23 15:45:22.326227,0 days 00:01:04.561220,0.5982203514583344,0.4836928875740213,2,0.08559940610463534,0.03298165858977937,0.08167196148351251,0.08310617611558857,0.04533427060252799,0.014402263479462338,0.004819271141734581,17,82,0.005993113093360477,0.1408741706743403,True,False,True,0.00018383336116502624,COMPLETE
186,0.40534189939498905,2025-04-23 15:45:22.385502,2025-04-23 15:45:41.052083,0 days 00:00:18.666581,0.6291481151358842,0.3985595585616431,16,0.06587856138060492,0.1346844036561507,0.08416408512439187,0.08075907944486178,0.08414918980757242,0.08164217847108274,0.008285513817457704,14,36,0.0475044203366425,0.1637763181766329,True,False,True,0.00010856575435853472,COMPLETE
187,0.4701247870922089,2025-04-23 15:45:41.112814,2025-04-23 15:46:41.365115,0 days 00:01:00.252301,0.24826736505383276,0.5853695590702027,2,0.049616854883875856,0.00583329323660863,0.09276718679217606,0.03027137299695743,0.08227591214063332,0.05807945510089098,0.010091376399137693,16,30,0.0038251286337473637,0.15510814433525086,True,False,True,7.752608314637156e-05,COMPLETE
188,0.4158492684364319,2025-04-23 15:46:41.425708,2025-04-23 15:47:34.749230,0 days 00:00:53.323522,0.5298340092665044,0.4478828782182156,2,0.10058544766972774,0.020780025118606594,0.08823382054576613,0.07743511718329889,0.05602901232881773,0.05482776085360919,0.013118250578731146,13,74,0.010083976978315267,0.14353399537655795,True,False,True,0.0005786964006433705,COMPLETE
189,0.3759764015674591,2025-04-23 15:47:34.810476,2025-04-23 15:48:03.884360,0 days 00:00:29.073884,0.4961759521382927,0.5366524655294128,8,0.05553720685554931,0.040084756177719005,0.0738703519811786,0.024436039242683078,0.0941001015122587,0.06000050294203972,0.018791145793580974,21,114,0.0015605132799941307,0.13358283006582744,False,False,True,0.00015104426797380295,COMPLETE
190,0.30747621059417723,2025-04-23 15:48:03.955156,2025-04-23 15:49:39.703669,0 days 00:01:35.748513,0.5571907398227339,0.5023401371126636,2,0.2528286376596664,0.012858718057171634,0.0974196426395937,0.08531696411225108,0.001552238882105747,0.021435779105252295,0.006030787861347869,29,40,0.007001835929955017,0.16993336008692106,True,False,True,9.381760531666222e-05,COMPLETE
191,0.3442366003990174,2025-04-23 15:49:39.764048,2025-04-23 15:49:57.875388,0 days 00:00:18.111340,0.6058146181340185,0.5438945753860656,16,0.0643310946535011,0.00572037039524104,0.0013040467421538693,0.09528038133252693,0.07409362696806851,0.06373193178751953,0.007307409198484212,12,34,0.00122301276123637,0.15136369125734972,True,False,True,0.0006412034505773303,COMPLETE
192,0.405213463306427,2025-04-23 15:49:57.938666,2025-04-23 15:50:16.100742,0 days 00:00:18.162076,0.5750744099060161,0.5582033133617994,16,0.060395475269719834,0.0002576152266446979,0.07653851691306304,0.09715748687784165,0.07741395747066385,0.0643899010502502,0.007423522973294158,12,33,0.003609224837890298,0.14992283885848498,True,False,True,0.0004880080282877608,COMPLETE
193,0.9888569593429566,2025-04-23 15:50:16.162737,2025-04-23 15:50:35.145951,0 days 00:00:18.983214,0.6097678550384932,0.5683912797914528,16,0.07563523187712082,0.00965982978050006,0.07667801609467931,0.09222870980412518,0.039899392656124376,0.06867244117696004,0.009146170864236832,15,28,0.0012451143802783755,0.1614749130339028,True,False,True,0.0007931944805060283,COMPLETE
194,0.5866114020347596,2025-04-23 15:50:35.208384,2025-04-23 15:50:53.987593,0 days 00:00:18.779209,0.6402837111219162,0.6012303055466492,16,0.07917655621770954,0.016471074176597173,0.07914841234454353,0.08891338775889038,0.03982905765492731,0.068917586256684,0.011016568409598615,15,22,0.004632574063870975,0.1601280075087487,True,False,True,0.0007704692964370228,COMPLETE
195,0.719688630104065,2025-04-23 15:50:54.051167,2025-04-23 15:51:12.880208,0 days 00:00:18.829041,0.6683278846219018,0.5689419870707333,16,0.09170872878202845,0.02543719417974274,0.08082324342819133,0.09085792783390396,0.042851677620488894,0.0716857299529708,0.009114489355007577,15,27,0.006116052263896861,0.16553615658801224,True,False,True,0.0009830736679008558,COMPLETE
196,0.3736621379852295,2025-04-23 15:51:12.942777,2025-04-23 15:51:32.307930,0 days 00:00:19.365153,0.3164953763713829,0.6367430361268542,16,0.07299869463051488,0.012216407328342144,0.07797731407353878,0.03230513306168805,0.038046731446131465,0.018106775927138972,0.00551573776116567,16,25,0.008719609474292046,0.14396901260291792,True,False,True,0.0004050964505881027,COMPLETE
197,0.3702180922031403,2025-04-23 15:51:32.370634,2025-04-23 15:52:28.744286,0 days 00:00:56.373652,0.6220715566631653,0.5220609183053205,2,0.1626309280850658,0.00985896027722469,0.09170839761578316,0.020393032328910116,0.04518759195419294,0.06102684393215524,0.015309738527634856,14,87,0.0011576288979966804,0.12668915660231714,True,False,True,6.385691640037078e-05,COMPLETE
198,0.9079675555229187,2025-04-23 15:52:28.816682,2025-04-23 15:54:06.362137,0 days 00:01:37.545455,0.2256131936358102,0.6205397370756107,2,0.1558004569834233,0.02028418472248819,0.0834002900198713,0.09341064464843117,0.0404723557622067,0.015037352953788325,0.08341019086398908,25,31,0.0036996501995700923,0.15894466323244044,True,False,False,0.00013689078240584386,COMPLETE
199,0.41924016475677495,2025-04-23 15:54:06.425191,2025-04-23 15:55:45.638244,0 days 00:01:39.213053,0.21643668183089376,0.6634578196584479,2,0.15514982274424124,0.0219875090090057,0.006419324660689247,0.09375887885264458,0.036696823936849164,0.016350705985784947,0.06682966451347985,25,37,0.00319553649592146,0.15996473942414596,True,False,False,0.0002642768111913925,COMPLETE
200,0.3839332520961762,2025-04-23 15:55:45.702309,2025-04-23 15:56:11.081963,0 days 00:00:25.379654,0.25800166878200936,0.6184291887560974,16,0.15045006095155725,0.02737175739657961,0.09523149443358021,0.016859306469873388,0.040160070900203515,0.06652019811621256,0.08851771153584422,25,27,0.011839902867709768,0.16908868997091797,True,False,False,0.0001348153981574929,COMPLETE
201,0.5241291046142578,2025-04-23 15:56:11.145972,2025-04-23 15:57:55.206354,0 days 00:01:44.060382,0.19131166336828082,0.5918156288084737,2,0.14740859959906602,0.019326339925461795,0.08201071057799747,0.0901273613413845,0.043276917318878526,0.014246397191088564,0.08893180742287889,26,79,0.004469148302416207,0.1554899160550355,True,False,False,0.00011577553221812001,COMPLETE
202,0.3720290839672089,2025-04-23 15:57:55.270740,2025-04-23 15:59:30.436806,0 days 00:01:35.166066,0.22826330221312463,0.6235649046510585,2,0.08262815290051424,0.006102082327161282,0.08568466877233204,0.0867635201526079,0.04654931287729296,0.020346786745988554,0.07486708925914773,24,30,0.006938639611302321,0.138599139859279,True,False,False,0.0001681931866288217,COMPLETE
203,0.4415822505950928,2025-04-23 15:59:30.501556,2025-04-23 16:00:42.729303,0 days 00:01:12.227747,0.27431624277000627,0.579488375219873,2,0.16746343009426476,0.014318701161917979,0.08342346951594616,0.09336576909844875,0.034240605502017296,0.01536626015377827,0.01063781389902426,17,31,0.0028527925250842953,0.0012580369868255004,True,False,False,9.005571635791811e-05,COMPLETE
204,0.6622890114784241,2025-04-23 16:00:42.794918,2025-04-23 16:02:08.539570,0 days 00:01:25.744652,0.6964491356835273,0.47299422167767013,2,0.06976977896788644,0.010473898618064843,0.07586794494239345,0.07921120215057471,0.05081701097979791,0.010274560722275679,0.05227229307617835,25,42,0.0010199130836662143,0.17581173203718298,True,False,True,1.0812622131190536e-06,COMPLETE
205,0.29046650528907775,2025-04-23 16:02:08.614495,2025-04-23 16:03:07.879037,0 days 00:00:59.264542,0.6473906109283494,0.684379057274526,2,0.08977705574449638,0.08997353085157155,0.07957971671476372,0.027156969548982127,0.040821844671406045,0.013280567827019533,0.006286384717111278,15,84,0.005417254311243217,0.16276527423926013,True,False,True,0.00020323712226676002,COMPLETE
206,0.29043338298797605,2025-04-23 16:03:07.945258,2025-04-23 16:04:01.799884,0 days 00:00:53.854626,0.58489651882154,0.6455338045438619,2,0.1431135248465846,0.03103864930851133,0.08293080293486545,0.09952486733411695,0.03831548902015055,0.018265253157961524,0.00470130550396592,13,75,0.008552308015784821,0.14745418717178013,True,False,True,0.0007432246585700861,COMPLETE
207,0.3815889418125153,2025-04-23 16:04:01.865252,2025-04-23 16:04:58.269655,0 days 00:00:56.404403,0.23637624427867832,0.9423346878066232,2,0.15847155520100265,0.016971652828222314,0.08873830957090177,0.029721168950503238,0.04876687967775614,0.05079375245217391,0.0086386092477113,14,72,0.0038633904887430573,0.15541866380859723,True,False,True,4.296201200594782e-05,COMPLETE
208,0.5435769557952881,2025-04-23 16:04:58.336245,2025-04-23 16:05:20.333225,0 days 00:00:21.996980,0.5124592861959112,0.6095428948968381,16,0.07703008669453833,0.0005848540734113492,0.0857809663544933,0.0833921170265024,0.04195886556163677,0.07731565112988321,0.012621724602535935,19,77,0.006436701151319588,0.1184478865705241,True,False,True,0.00011966793798717821,COMPLETE
209,0.3999122202396393,2025-04-23 16:05:20.404312,2025-04-23 16:06:31.798709,0 days 00:01:11.394397,0.18337409513600755,0.5633018618793123,2,0.05831028344703075,0.27169823645422314,0.09778497336509243,0.02202134219148847,0.04427388485537857,0.02880085115640952,0.0583223728284295,20,35,0.004479584880516073,0.16900806834946527,True,False,True,6.934285242837446e-05,COMPLETE
210,0.9687920570373536,2025-04-23 16:06:31.865744,2025-04-23 16:07:29.368138,0 days 00:00:57.502394,0.7345382168173941,0.4931694977040848,2,0.04739088686304453,0.021836829953144697,0.07702990018961992,0.09197715885296055,0.0672070298063759,0.06983359194804496,0.003965333209237246,15,39,0.0025420521406234364,0.13248121705011415,True,True,False,0.0005594135176666544,COMPLETE
211,0.49280127286911013,2025-04-23 16:07:29.435522,2025-04-23 16:08:27.197907,0 days 00:00:57.762385,0.7517893537007861,0.502031928258432,2,0.05200753115994043,0.02319760085571637,0.07774087148465075,0.09630006619590827,0.06689930845534255,0.07423172663786946,0.002867160115197928,15,38,0.0032893690088529525,0.13354905177582763,True,True,False,0.0006242335438299702,COMPLETE
212,0.4379535257816315,2025-04-23 16:08:27.265900,2025-04-23 16:09:28.206035,0 days 00:01:00.940135,0.7682526241519242,0.4595997143695436,2,0.0431812421855463,0.01839269038290386,0.080696663006962,0.09273317745570381,0.062457350167058064,0.06819087093777246,0.003549530247382685,16,43,0.0026252414601625803,0.12466390233402214,True,True,False,0.0008278559124652969,COMPLETE
213,0.5329762816429138,2025-04-23 16:09:28.282589,2025-04-23 16:10:56.387935,0 days 00:01:28.105346,0.7140927332584552,0.4919425739894142,2,0.04866778596324815,0.010840871145251741,0.07399817799381757,0.02584678848828638,0.08409139590088563,0.06944904275682816,0.0040282101099177675,26,31,0.0061018823369458595,0.139068389386043,True,True,False,0.0005677749967357076,COMPLETE
214,0.3988819599151612,2025-04-23 16:10:56.455280,2025-04-23 16:11:51.119589,0 days 00:00:54.664309,0.6580046910716257,0.5234957050032041,2,0.038602023497914105,0.02849294370110258,0.0759847888523865,0.09054044178496798,0.054102256645692494,0.02375924374297917,0.00558383200184862,14,41,0.0028778871529151285,0.12951516409884,True,True,False,0.00044169354224881275,COMPLETE
215,0.3671874880790711,2025-04-23 16:11:51.187844,2025-04-23 16:12:49.972953,0 days 00:00:58.785109,0.7070347401228756,0.5432577441352461,2,0.06134228150924312,0.00589381228847073,0.07848198809136424,0.0881472377204226,0.07925418555787613,0.07140019116880177,0.007196075908826401,15,67,0.0011364547093780809,0.1461912074102017,True,True,False,0.0003220316481300376,COMPLETE
216,0.36221279501914977,2025-04-23 16:12:50.040926,2025-04-23 16:13:43.441103,0 days 00:00:53.400177,0.7278402182801754,0.4437932653828241,2,0.06876351848348886,0.0372150862229977,0.09028072427604393,0.07774329438308997,0.0652267405368635,0.065698853953957,0.004789561157182478,13,81,0.009187371735642843,0.1527856427630537,True,False,True,5.34485156506938e-05,COMPLETE
217,0.3000108599662781,2025-04-23 16:13:43.509064,2025-04-23 16:14:06.628613,0 days 00:00:23.119549,0.54394895047018,0.48700898045150925,16,0.05501795568782229,0.015958455767800014,0.0940259842356276,0.0819882631842884,0.04747981293845038,0.012063742492945874,0.0005073231859713285,25,35,0.007504927159002694,0.16061802601301717,True,False,True,0.00015054934360990663,COMPLETE
218,0.34945985674858093,2025-04-23 16:14:06.697595,2025-04-23 16:15:08.961447,0 days 00:01:02.263852,0.6810424770923574,0.5962388663604199,2,0.08498969409606998,0.02463364743075217,0.08068401879578554,0.09504482083709877,0.03985867892544328,0.05463462141550397,0.009236893860131188,17,28,0.00461701491283309,0.13384904496904887,True,False,True,0.0009943963281166383,COMPLETE
219,0.5588619589805603,2025-04-23 16:15:09.032355,2025-04-23 16:16:03.626145,0 days 00:00:54.593790,0.6118782467603294,0.6332041873876265,2,0.09781974671222896,0.009395641389653596,0.07736300440537325,0.07156083657713955,0.07137296879617454,0.06349587046942254,0.0038240965618747463,14,17,0.013052290345745511,0.14086376713800786,True,False,True,9.322734685070566e-05,COMPLETE
220,0.456416255235672,2025-04-23 16:16:03.705865,2025-04-23 16:16:24.196408,0 days 00:00:20.490543,0.2565326453038087,0.42091118942403244,16,0.07603569577610592,0.019491077756250707,0.034029736922170734,0.07509773079250572,0.007324662534425132,0.059587449022717356,0.011419103453945957,18,39,0.005603257601135487,0.10599786225112069,True,False,True,0.0005211732425166952,COMPLETE
221,0.42787727117538454,2025-04-23 16:16:24.266487,2025-04-23 16:16:43.097147,0 days 00:00:18.830660,0.6714861297618512,0.570344746262401,16,0.09013104886751892,0.02559439848604204,0.08091833877648025,0.09101005929232926,0.042899137495006984,0.07099795680856617,0.009428244741233379,15,25,0.006473070796387314,0.16536933952252517,True,False,True,0.000952217491628418,COMPLETE
222,0.3190130114555359,2025-04-23 16:16:43.167349,2025-04-23 16:17:02.245470,0 days 00:00:19.078121,0.7365932675411814,0.5696362176463874,16,0.09300835424971922,0.031457227234733875,0.08209898788088608,0.09213439442714087,0.04246494923622944,0.07299301504619117,0.008408392955138063,16,28,0.0028841457665013115,0.17111417692388184,True,False,True,0.0008760995858758712,COMPLETE
223,0.36000407338142393,2025-04-23 16:17:02.315381,2025-04-23 16:17:21.366189,0 days 00:00:19.050808,0.6496620589745956,0.5125448528803982,16,0.10315558807762944,0.013286129756916234,0.07974378795807895,0.0891143495203771,0.04960085436292269,0.0718331887173664,0.006964378046877703,15,33,0.005181898223445925,0.16317374117651587,True,False,True,0.0006456866150747637,COMPLETE
224,0.3578357815742493,2025-04-23 16:17:21.437052,2025-04-23 16:17:40.874375,0 days 00:00:19.437323,0.6671342120423579,0.584387862856905,16,0.08174323673003075,0.023621369972199616,0.08409595307223239,0.08570052110977432,0.04687957651189287,0.07466772245195342,0.005193280438019789,16,25,0.010900933620895784,0.17933439560967093,True,False,True,0.0007677073450284745,COMPLETE
225,0.4116398990154267,2025-04-23 16:17:40.945467,2025-04-23 16:17:59.669074,0 days 00:00:18.723607,0.6889763041430153,0.6099856016518311,16,0.06606177188899973,0.0062706689490452,0.07127845561552129,0.08007945987152211,0.037213894994094575,0.0689753191943099,0.013842574861107602,14,21,0.0010738161830078912,0.15432960766370546,True,False,True,7.571919789961688e-05,COMPLETE
226,0.411691278219223,2025-04-23 16:17:59.739745,2025-04-23 16:18:58.033657,0 days 00:00:58.293912,0.6271521864749824,0.5522963791183443,2,0.04809460813599355,0.018338935059554737,0.07584916265374861,0.09073880116752052,0.044758686051737544,0.016513027954630683,0.006309407614538426,15,70,0.0072553239958917295,0.15943182475961437,False,False,True,0.00011838336703369194,COMPLETE
