number,value,datetime_start,datetime_complete,duration,params_alpha-eval,params_alpha-train,params_batch-size,params_eps-eval,params_eps-train,params_lambda-actions-eval,params_lambda-actions-train,params_lambda-frames-eval,params_lambda-frames-train,params_learning-rate,params_n-epochs,params_n-frames,params_radius-gw,params_rho,params_std-feats,params_ub-actions,params_ub-frames,params_weight-decay,state
398,0.6577848196029663,2025-04-23 19:42:30.147427,2025-04-23 19:43:00.113127,0 days 00:00:29.965700,0.5114656408966969,0.5654094946315694,8,0.08060643766837768,0.02945094505473464,0.09228342964358165,0.026378975730446497,0.045203256998204676,0.05560953101204012,0.009518383208935574,21,85,0.001017489614917105,0.14790881217438878,True,False,True,0.0001631836144298144,COMPLETE
399,0.9399696469306946,2025-04-23 19:43:00.250884,2025-04-23 19:44:46.781981,0 days 00:01:46.531097,0.5382201785844812,0.8476199492261576,2,0.11598916134669274,0.006673748199724739,0.09040536173303954,0.08603460905110422,0.046887075344205484,0.0814804371094006,0.004427705970701577,28,38,0.009060863269663905,0.18565310763191603,True,False,False,0.000728832844874586,COMPLETE
400,0.5022432744503021,2025-04-23 19:44:46.908230,2025-04-23 19:46:34.164480,0 days 00:01:47.256250,0.5371313410558983,0.4338252032092232,2,0.132093063961803,0.019524663580524602,0.08993220648392561,0.08755194139539876,0.06159808190880641,0.0825334401068925,0.042499427999878533,28,43,0.009633570489855222,0.19932186182875739,True,False,False,2.8259773207753875e-06,COMPLETE
401,0.3515433132648468,2025-04-23 19:46:34.287710,2025-04-23 19:48:27.533621,0 days 00:01:53.245911,0.5442777080846121,0.19675497448179557,2,0.11744211190243364,0.2895983646999233,0.0881423795940037,0.08614274162319076,0.04958838576755728,0.08152337369222623,0.03679614142207464,29,136,0.07890465314800674,0.19003203636661187,True,False,False,0.0007221556761158073,COMPLETE
402,0.6268146395683288,2025-04-23 19:48:27.670877,2025-04-23 19:50:18.265422,0 days 00:01:50.594545,0.5243952340229162,0.8183221586845673,2,0.11116598933999433,0.005759545583584822,0.09092722570172158,0.08518201876504347,0.04777008451190761,0.08062723106273219,0.05594693301647934,29,38,0.008705602895471013,0.18588202367586218,True,False,False,0.000598073993256939,COMPLETE
403,0.36726922392845157,2025-04-23 19:50:18.391727,2025-04-23 19:52:03.502537,0 days 00:01:45.110810,0.5065241510503603,0.797385238666801,2,0.12195812940662468,0.026426426401216355,0.09309407250159346,0.08936389847804999,0.047225746861643936,0.0864158808770663,0.0063507133490573655,27,42,0.011048546991408885,0.1844375122594716,True,False,False,0.0007712525318516727,COMPLETE
404,0.42157511115074164,2025-04-23 19:52:03.631834,2025-04-23 19:53:51.492037,0 days 00:01:47.860203,0.5664106852825351,0.6332176728478185,2,0.12602672236961604,0.013417847859127252,0.08624015897791654,0.09170788987583928,0.04582300986100212,0.08358294801203259,0.008398587657078571,28,38,0.00768381112705471,0.1928660495640112,True,False,False,0.0007996118220749692,COMPLETE
405,0.46746133565902714,2025-04-23 19:53:51.617939,2025-04-23 19:55:38.942658,0 days 00:01:47.324719,0.5474780384715965,0.7371659671146084,2,0.11679095535070749,0.012082291973285659,0.08993194437225689,0.09332193706914443,0.04334419287420686,0.07821028805318207,0.02192938586022057,28,34,0.0068534836639457895,0.17967651510326943,True,False,False,0.000525668350844392,COMPLETE
406,0.3766272008419037,2025-04-23 19:55:39.078668,2025-04-23 19:57:21.153112,0 days 00:01:42.074444,0.4752724403427123,0.9106411173356648,2,0.04516948710632658,0.05051142130176301,0.09475681831240469,0.08917032467602705,0.04277984162007444,0.08496648553915301,0.004086028176891019,26,40,0.0058454060419109825,0.2686353036114559,True,False,False,0.0006063803169170002,COMPLETE
407,0.35544954538345336,2025-04-23 19:57:21.279055,2025-04-23 19:59:05.348842,0 days 00:01:44.069787,0.26733954235428475,0.6653191500748699,2,0.05604263203819054,0.03317785915853972,0.09701778294264839,0.091104354465818,0.025662623550269364,0.03720764719617016,0.0055097840559013315,27,32,0.009458571439103482,0.1734679399485619,True,False,False,0.0008379018045485652,COMPLETE
408,0.5534436225891114,2025-04-23 19:59:05.474943,2025-04-23 20:00:23.438165,0 days 00:01:17.963222,0.41518373966018274,0.8662216564005378,2,0.020197227336920826,0.004875001882989045,0.09175602858832732,0.08792771989110758,0.06393511086562019,0.022263893725834233,0.015054120719135899,19,29,0.004490070941268943,0.1652716613212212,True,False,False,0.0009979726329597382,COMPLETE
409,0.3457498133182526,2025-04-23 20:00:23.576115,2025-04-23 20:01:58.308228,0 days 00:01:34.732113,0.7399090897284153,0.8590820971062423,2,0.06305363216579411,0.018546152990240497,0.08724395974171727,0.09707323623850814,0.050466878244024786,0.050631800153471074,0.01071826762210082,28,37,0.011134418272656946,0.15917467846591124,True,True,False,0.0004727311206346539,COMPLETE
410,0.29052439928054813,2025-04-23 20:01:58.436732,2025-04-23 20:02:35.329893,0 days 00:00:36.893161,0.5264933634153867,0.8985702782448152,2,0.10823022022995679,0.0004885470871689914,0.0844757296997546,0.08459282569312274,0.04113166671406291,0.07904813026898976,0.028324707814370725,6,19,0.03513716787472679,0.17713678707525057,True,False,False,0.0006454096197837973,COMPLETE
411,0.3447062075138092,2025-04-23 20:02:35.457312,2025-04-23 20:04:08.856500,0 days 00:01:33.399188,0.7033455100663198,0.8052965972395892,2,0.2707711231854735,0.025584645320238224,0.09415011795786478,0.0946586019037052,0.0451300099856443,0.07585489392167116,0.0072628628721546126,24,26,0.007707665592391376,0.16780363380649754,True,False,False,0.0008041111372284107,COMPLETE
412,0.3557984948158264,2025-04-23 20:04:08.996733,2025-04-23 20:05:41.123227,0 days 00:01:32.126494,0.08299356211122662,0.8386666136247022,2,0.18864618217228363,0.03640976426629838,0.08884748019309183,0.015910717463733196,0.038083378069822454,0.042437856246768345,0.033079040384638936,23,34,0.003201716028690366,0.15331305379769958,True,False,False,7.387139877714532e-05,COMPLETE
413,0.42944657802581787,2025-04-23 20:05:41.252132,2025-04-23 20:06:47.905026,0 days 00:01:06.652894,0.8127867573456372,0.6416215320842894,2,0.12388526460239056,0.009749683267586453,0.09781772590448023,0.02434213852723137,0.030790185642151385,0.034792297453116884,0.004717090725762204,15,58,0.005701860315529571,0.18685529204161386,True,False,False,0.00046299522980888954,COMPLETE
414,0.37658154368400576,2025-04-23 20:06:48.033816,2025-04-23 20:08:41.064531,0 days 00:01:53.030715,0.8668748842461109,0.9280389409976992,2,0.05458880445401576,0.016491205474527114,0.09225500472529259,0.022989879689758318,0.047378585819540714,0.044518492212860486,0.04782144209439431,30,51,0.0030053479964161946,0.1606894471358735,False,False,False,0.0006728751500035872,COMPLETE
415,0.42377009987831116,2025-04-23 20:08:41.205613,2025-04-23 20:10:07.081282,0 days 00:01:25.875669,0.30706977901024435,0.6156237300429253,2,0.03547395236420337,0.022951575869424316,0.09562152686304311,0.09998828173456056,0.040193735444034207,0.08798781502643291,0.003533290431538415,25,45,0.008285163685220217,0.17304005052719967,True,False,True,0.0008535751182932981,COMPLETE
416,0.38457398414611815,2025-04-23 20:10:07.211786,2025-04-23 20:11:34.797344,0 days 00:01:27.585558,0.34358869795149205,0.7089930306759512,2,0.11266670713010368,0.00933010749585511,0.09043097047641557,0.02821575739756497,0.03370414886278567,0.08167879843062491,0.005896440692115874,26,31,0.005072082506691231,0.16366340968376072,True,False,True,0.000998569026598021,COMPLETE
417,0.29052439928054813,2025-04-23 20:11:34.928320,2025-04-23 20:12:40.287399,0 days 00:01:05.359079,0.2553690869818262,0.4929277420977554,2,0.043635727909172,0.00022585562161324315,0.08332312206794855,0.09292958643018313,0.04398011986445154,0.08405787518905292,0.007599152755963553,15,23,0.0028686174412630217,0.1519954606460491,True,False,False,0.0005617077402767264,COMPLETE
418,0.9579914808273317,2025-04-23 20:12:40.429414,2025-04-23 20:13:21.262185,0 days 00:00:40.832771,0.36995304623921577,0.687305126445046,2,0.20554580119894159,0.017191717507072022,0.08636247305414592,0.09080560329159687,0.037259806531776074,0.048057283053098844,0.04041990884852876,9,28,0.005773113314808297,0.18276844900512432,True,False,True,5.580279998498664e-05,COMPLETE
419,0.29052439928054813,2025-04-23 20:13:21.392220,2025-04-23 20:13:54.521373,0 days 00:00:33.129153,0.3854965304613559,0.701311906317027,2,0.1989647687567587,0.01336077510636836,0.0860943976938102,0.052115567894551615,0.036370127756026986,0.047955609193219416,0.03507054487195602,6,34,0.012510600413475632,0.19521660365943183,True,True,True,5.0697785564900584e-05,COMPLETE
420,0.6118706583976746,2025-04-23 20:13:54.652004,2025-04-23 20:14:35.944732,0 days 00:00:41.292728,0.3283223480160322,0.68305906630664,2,0.1949509632138392,0.00665518208570357,0.08441053072410114,0.09102774808056419,0.036574332571644025,0.0507617439732388,0.041077903962696984,9,28,0.009786503641076881,0.18518607343498317,True,False,True,5.827023751490708e-05,COMPLETE
421,0.3566954731941223,2025-04-23 20:14:36.088697,2025-04-23 20:15:46.595186,0 days 00:01:10.506489,0.3866788342822893,0.6489717405392108,2,0.20658182976784106,0.02940000796245984,0.08791626110823365,0.09465961611042296,0.03481629147762782,0.048043159864316315,0.025121239209226702,19,104,0.007666672758868013,0.1581919012568707,True,False,True,6.195332936238834e-05,COMPLETE
422,0.3588309049606323,2025-04-23 20:15:46.726771,2025-04-23 20:16:22.749926,0 days 00:00:36.023155,0.4453790979795113,0.6853794465946559,2,0.20947868463383307,0.01854468490233423,0.0857255201767635,0.0972337765410567,0.037923772324957965,0.04619484589173044,0.019913110313389343,7,31,0.006590193050655707,0.14752013696470462,True,False,True,8.620744299640383e-05,COMPLETE
423,0.29549037218093877,2025-04-23 20:16:22.881843,2025-04-23 20:16:49.636578,0 days 00:00:26.754735,0.36235020234860477,0.6671397743989832,8,0.23058084706094029,0.11290537798792193,0.08273256304294167,0.05743265926376533,0.033272767958456365,0.05366963256255727,0.035521994858204446,18,36,0.005065405505858581,0.16949640631189003,True,False,True,6.94487281729025e-05,COMPLETE
424,0.34016984701156616,2025-04-23 20:16:49.783352,2025-04-23 20:17:33.665154,0 days 00:00:43.881802,0.35044718076667475,0.7280337559891054,2,0.18008407298037413,0.04301681472281012,0.0870535562302995,0.02589989306912799,0.03961732382881131,0.05236240245155133,0.009521026491151552,10,28,0.009476038238582141,0.16383887099075936,True,False,True,0.00010472615403064634,COMPLETE
425,0.29017484784126285,2025-04-23 20:17:33.798516,2025-04-23 20:18:09.843134,0 days 00:00:36.044618,0.41731712381936226,0.9576133510815162,2,0.2038301062023255,0.023877475014067825,0.09777238265825475,0.03701155616583645,0.048433804368964294,0.048984476885163414,0.0006737658589851822,7,38,0.005849436472375217,0.15408591252701412,True,False,True,5.529419797966112e-05,COMPLETE
426,0.3850279808044434,2025-04-23 20:18:09.976120,2025-04-23 20:19:10.224987,0 days 00:01:00.248867,0.7821970727847525,0.6670815227635375,2,0.18998972771692857,0.0056188753934133685,0.09992152314186376,0.09229138543463594,0.0383255831926345,0.04619828050309436,0.004849820466175158,16,33,0.004071584750363441,0.181808956991289,True,False,True,8.885180625726731e-05,COMPLETE
427,0.5268709778785706,2025-04-23 20:19:10.358361,2025-04-23 20:19:49.031908,0 days 00:00:38.673547,0.3669994309734083,0.7581429958278139,2,0.21636208004740942,0.010708617504047595,0.05516707522027535,0.02008502171358053,0.046011922823681335,0.05041059821587443,0.030320985812321437,8,41,0.007489035188551399,0.11438148201096777,True,False,True,0.0009979608543507676,COMPLETE
428,0.37413181662559514,2025-04-23 20:19:49.175110,2025-04-23 20:21:10.913141,0 days 00:01:21.738031,0.4834878025512796,0.7095703770620901,2,0.22162635663409028,0.03507213246408286,0.08887903958551231,0.08317925734262652,0.02713031281224053,0.05733444496462588,0.044135452715357425,24,26,0.0010713064203030868,0.2070167254183001,True,False,True,7.513309797848421e-05,COMPLETE
429,0.30409849882125856,2025-04-23 20:21:11.047740,2025-04-23 20:22:21.534655,0 days 00:01:10.486915,0.5520661471268775,0.4729898536688178,2,0.1992363890942696,0.20340349322331647,0.09413664210398837,0.08774782545990267,0.04379946756872396,0.099666188726963,0.006455860151383959,20,31,0.01192533754073274,0.14134899006150944,True,False,True,3.829650676168186e-05,COMPLETE
430,0.29052439928054813,2025-04-23 20:22:21.668688,2025-04-23 20:23:39.643619,0 days 00:01:17.974931,0.5022752429474279,0.8572592573935102,2,0.06568535681539614,0.014803395787787155,0.08188806239521232,0.022216458266655633,0.06768962702169166,0.031255324535181095,0.011500551305616143,22,28,0.0027420924839117143,0.15639473332069448,True,True,True,0.0007439177444025536,COMPLETE
431,0.29052439928054813,2025-04-23 20:23:39.788268,2025-04-23 20:24:20.913229,0 days 00:00:41.124961,0.583316839320892,0.5185763535953878,2,0.026307210626908963,0.021568788812788873,0.09683500598723507,0.09061434631694118,0.05135710255279139,0.07531701437081713,1.3681518015152917e-05,9,35,0.004764879984065235,0.17243900795780664,True,False,True,0.00013287780491427523,COMPLETE
432,0.6792354822158814,2025-04-23 20:24:21.048246,2025-04-23 20:25:48.786357,0 days 00:01:27.738111,0.012900871815313825,0.648970153298062,2,0.050104709019340395,0.005341897617310095,0.06692240788369144,0.09790953142347862,0.030972729679202192,0.039666073884589995,0.00381370148596807,26,30,0.05641828861487146,0.16245093511803854,True,False,True,0.0007907220787464636,COMPLETE
433,0.29052439928054813,2025-04-23 20:25:48.920573,2025-04-23 20:26:06.088409,0 days 00:00:17.167836,0.45695126648995305,0.6902122244663271,16,0.1838314691504388,0.027303846132238012,0.08467200343141329,0.09469100394543528,0.041482723477338924,0.07948011424919389,0.005884365625101878,10,39,0.006593515512040683,0.14931581835278546,True,False,True,0.00046540540614461887,COMPLETE
434,0.29128915071487427,2025-04-23 20:26:06.234691,2025-04-23 20:27:03.756145,0 days 00:00:57.521454,0.5237074973799549,0.8796529426994918,2,0.06114815376299604,0.01267826314925592,0.0707517859666839,0.02750092876853732,0.07542082603703636,0.07266754396823233,0.008456160012001964,15,33,0.0028137341743329483,0.1662583662099155,False,False,True,0.0006432258588163007,COMPLETE
435,0.6107706785202026,2025-04-23 20:27:03.891401,2025-04-23 20:28:28.176436,0 days 00:01:24.285035,0.3173516223780595,0.6257371491362663,2,0.1946541285049742,0.0004997542178972808,0.028577907622210942,0.029346464192917726,0.07127520384800981,0.07749518798157563,0.002973035359639661,25,26,0.008936771624818624,0.15749293156258407,True,False,True,5.752258880368973e-05,COMPLETE
436,0.34745275378227236,2025-04-23 20:28:28.314031,2025-04-23 20:28:58.980825,0 days 00:00:30.666794,0.19069946813071628,0.4978411716882106,2,0.07250674859730187,0.01730681745010579,0.07978141768535489,0.02536397872014847,0.03654660192376209,0.08273334121585577,0.004290464928780693,5,36,0.004168058311004203,0.17636198557185068,True,False,True,0.00039090153801872563,COMPLETE
437,0.6258240461349488,2025-04-23 20:28:59.126491,2025-04-23 20:29:19.448944,0 days 00:00:20.322453,0.13070932473189745,0.5836796587215174,16,0.047248351368139443,0.009054317611413792,0.0931301364472009,0.0858413764777071,0.03988709520463796,0.02524689309816192,0.027082403114216398,16,70,0.0061261946077850625,0.027562770621900545,True,False,True,0.0007787877086283351,COMPLETE
438,0.38311910629272466,2025-04-23 20:29:19.585829,2025-04-23 20:30:35.717290,0 days 00:01:16.131461,0.7273341629249247,0.4600364295577378,2,0.03630022680302643,0.02466624346499605,0.08960893371689253,0.09393010990023423,0.04958792979040052,0.05199373696011914,0.04087131192421786,18,48,0.010987881556729261,0.14311434046162635,True,False,False,0.0005434319404861976,COMPLETE
439,0.29984458684921267,2025-04-23 20:30:35.855394,2025-04-23 20:31:30.701391,0 days 00:00:54.845997,0.5022820076286831,0.7741545102667439,2,0.20544179767921605,0.0061533431708928315,0.07696538157328976,0.0681065587968767,0.03372980456042149,0.0690212092217187,0.013727019320445238,14,31,0.0022160042358393443,0.16741686256523403,True,False,True,0.00011067001511705146,COMPLETE
440,0.4123533725738526,2025-04-23 20:31:30.849492,2025-04-23 20:33:08.786116,0 days 00:01:37.936624,0.33317943347838275,0.6577700296603122,2,0.05909533708869416,0.032471555464725486,0.0918270959673361,0.08867658825619432,0.04575854334203637,0.05542706026217982,0.005218486598685635,25,60,0.0042616904262815225,0.15219244902720938,True,False,False,6.117601452448323e-07,COMPLETE
441,0.472073245048523,2025-04-23 20:33:08.923889,2025-04-23 20:34:27.847430,0 days 00:01:18.923541,0.5675784013342962,0.6224440402968688,2,0.0690963334837439,0.015443480840890134,0.09546843238790047,0.09232699004940399,0.04324591584848984,0.0665135029733099,0.0070152261308289885,23,29,0.008031471705343806,0.16111588190171644,True,False,True,0.0008178876102726504,COMPLETE
442,0.9051858425140382,2025-04-23 20:34:27.986941,2025-04-23 20:34:47.420901,0 days 00:00:19.433960,0.5385083931223149,0.525754065522729,16,0.05228578427273692,0.020530715311815523,0.08750469990518857,0.06427348852049466,0.03611651566546387,0.07977340103111982,0.04856670732958171,16,42,0.00260157977728589,0.1371133408620609,True,True,False,7.636720847094839e-05,COMPLETE
443,0.41559905409812925,2025-04-23 20:34:47.571838,2025-04-23 20:35:45.354308,0 days 00:00:57.782470,0.2083063622488497,0.6762767431654874,2,0.13631484571842506,0.010409442090651103,0.08540278686849818,0.09621788253274415,0.03830660731272445,0.07171869515531491,0.00954259712440176,15,26,0.0010958241254018087,0.18941582553584116,True,False,True,0.0006718758132552381,COMPLETE
444,0.3713542342185975,2025-04-23 20:35:45.492490,2025-04-23 20:36:20.291386,0 days 00:00:34.798896,0.2821896519389038,0.5451720170104051,8,0.042174944660855515,0.15698907253087963,0.09809981129236918,0.09004346148343942,0.08909214795724595,0.04392539343220144,0.008210052568928474,24,33,0.005859832246248623,0.18289193123948805,True,False,False,8.227909302760862e-05,COMPLETE
445,0.4854775607585907,2025-04-23 20:36:20.442867,2025-04-23 20:37:34.818507,0 days 00:01:14.375640,0.2517010528912421,0.4160341174905039,2,0.17366827455200953,0.004129732191473296,0.0896014716566925,0.02334159172218569,0.041086673467318764,0.08942989546700068,0.01717827521984023,21,24,0.004430975423358322,0.17186921454714252,True,False,True,0.0009954323679210843,COMPLETE
446,0.36353455185890204,2025-04-23 20:37:34.958082,2025-04-23 20:38:39.799003,0 days 00:01:04.840921,0.3434890315333359,0.7447394767537439,2,0.23446872193487484,0.027557453273871997,0.09592672995888982,0.08680945058044245,0.04793490736535995,0.08119583334985904,0.006606113098428056,14,92,0.009277511379881127,0.15711072494609477,True,False,False,0.0004743007902011737,COMPLETE
447,0.4766335904598236,2025-04-23 20:38:39.938948,2025-04-23 20:38:57.286996,0 days 00:00:17.348048,0.7571154964518305,0.29320319243345455,16,0.0295457796167918,0.01595428228462307,0.07459389144204595,0.02693461856289493,0.04435832881430704,0.07510255330853449,0.0034584068969139674,11,37,0.0067051302610526145,0.14865570760742855,True,False,True,1.9018491767029587e-05,COMPLETE
448,0.3827041029930115,2025-04-23 20:38:57.442111,2025-04-23 20:40:34.996010,0 days 00:01:37.553899,0.707547409735411,0.480081904693812,2,0.2149092544436092,0.03826431507792905,0.09393265492757881,0.030507648414861095,0.0767259207208201,0.08476638716343639,0.05514788858398219,25,28,0.0025623811472526284,0.17726530830411866,True,False,False,4.602318159574391e-05,COMPLETE
449,0.9959885835647583,2025-04-23 20:40:35.136673,2025-04-23 20:41:50.913820,0 days 00:01:15.777147,0.4018311634069847,0.6053958849908652,2,0.05686680564734541,0.010646127447031448,0.08270931362076796,0.044808825942475906,0.07400851981427466,0.06522101842658196,0.035761593226105524,22,21,0.0010546872015254477,0.1671024116399378,True,False,True,9.979317556838623e-05,COMPLETE
450,0.3522803246974945,2025-04-23 20:41:51.054896,2025-04-23 20:43:07.355995,0 days 00:01:16.301099,0.40045483038333657,0.6035251902218234,2,0.05442333718089712,0.023820476391758737,0.08147103828708605,0.043764604001930565,0.0755603425029309,0.06820149085960624,0.0357992387503058,22,20,0.001152344018140055,0.16582314194698516,True,False,True,0.00013196664934663385,COMPLETE
451,0.46818948984146125,2025-04-23 20:43:07.506972,2025-04-23 20:43:29.355992,0 days 00:00:21.849020,0.3791456802154818,0.35138263061928826,16,0.06225187795089654,0.020609123364639406,0.08368953559399393,0.04588279066184055,0.07492576338164184,0.06452594847489466,0.03528836764956325,23,19,0.0031362738988675453,0.1610602005044666,True,False,True,8.86029449959776e-05,COMPLETE
452,0.344710510969162,2025-04-23 20:43:29.497913,2025-04-23 20:44:44.388915,0 days 00:01:14.891002,0.42137292920068536,0.5803223381799907,2,0.05527682332008499,0.013232221595222306,0.07845086590696518,0.0474486379361572,0.07335051030950943,0.06680727202684046,0.02941970452815836,22,16,0.003978459892753045,0.17015513457647852,True,False,True,6.380152921219338e-05,COMPLETE
453,0.38315912485122683,2025-04-23 20:44:44.531360,2025-04-23 20:45:58.650241,0 days 00:01:14.118881,0.4162527152901243,0.6382628356480817,2,0.04811901978584454,0.03193002089752041,0.08273694416877114,0.033230906914500084,0.07275330149342803,0.06423553990722321,0.024388675026397164,21,23,0.0026157767739910963,0.15393325510687283,False,True,True,9.920875910718895e-05,COMPLETE
454,0.4158155679702759,2025-04-23 20:45:58.802999,2025-04-23 20:47:14.694588,0 days 00:01:15.891589,0.38769071891883145,0.6168399721543384,2,0.06564536038290418,0.00019459995854798854,0.08026772315056696,0.03902163672727258,0.07181170043891046,0.0704413635696301,0.03878818753998868,22,24,0.03954542716630019,0.16155978095260132,True,False,True,0.00012402649342366977,COMPLETE
