number,value,datetime_start,datetime_complete,duration,params_alpha-eval,params_alpha-train,params_batch-size,params_eps-eval,params_eps-train,params_lambda-actions-eval,params_lambda-actions-train,params_lambda-frames-eval,params_lambda-frames-train,params_learning-rate,params_n-epochs,params_n-frames,params_radius-gw,params_rho,params_std-feats,params_ub-actions,params_ub-frames,params_weight-decay,state
113,0.40262007117271426,2025-04-23 14:55:16.283120,2025-04-23 14:56:13.772358,0 days 00:00:57.489238,0.30120638130276733,0.13741766884764572,2,0.014967402230622704,0.007071674671271823,0.0890982970736634,0.032596610969358994,0.05467055382816423,0.003507875423037575,0.003034582578051972,15,61,0.023198999916695686,0.15115064467887834,True,False,True,3.310154442555464e-05,COMPLETE
114,0.3847980201244354,2025-04-23 14:56:13.810745,2025-04-23 14:57:33.746577,0 days 00:01:19.935832,0.3301194788555174,0.7163357464310799,2,0.009614328318676181,0.03938584543923715,0.09407357972309359,0.0703771004734872,0.046081234393939276,0.008512511310241678,0.02094670631422512,23,80,0.03254766294357517,0.16433250915313447,True,False,True,7.063522471443348e-06,COMPLETE
115,0.6027343153953553,2025-04-23 14:57:33.784900,2025-04-23 14:58:45.599567,0 days 00:01:11.814667,0.2665491200693239,0.021746753594189594,2,0.14262154445778544,0.027919242555969087,0.0809799908581493,0.0882594308774766,0.050687391014255116,0.0482760288895815,0.012424591655118371,20,40,0.013948031192027048,0.12372049555115838,True,False,True,5.104727124924453e-05,COMPLETE
116,0.4081415116786957,2025-04-23 14:58:45.637886,2025-04-23 14:59:48.545811,0 days 00:01:02.907925,0.3486301412592262,0.2434887263892066,2,0.0008050154187559289,0.014933504009309385,0.08782296842450539,0.06107195910055449,0.036992748387616,0.0176450322725739,0.040162736978271996,17,50,0.009707057787055861,0.17248665849550196,False,False,True,6.982529268983318e-05,COMPLETE
117,0.5376158952713013,2025-04-23 14:59:48.584964,2025-04-23 15:01:15.585182,0 days 00:01:27.000218,0.13654909648091723,0.05471567531605842,2,0.023662653398083495,0.0004644896316226988,0.01630669911417656,0.0286707775098875,0.04198629987255429,0.025666021387338266,0.05495033360176342,26,22,0.007050746390640473,0.13540514219378705,True,False,True,0.0001765469529842212,COMPLETE
118,0.6549508094787597,2025-04-23 15:01:15.623959,2025-04-23 15:01:54.502619,0 days 00:00:38.878660,0.08683368929530419,0.6327962304411121,2,0.04399230987509323,0.032394588837510147,0.09983809685173335,0.06529629946741171,0.04437601547146873,0.005612346711229694,0.026821524783830444,8,55,0.021317322492271137,0.15963937810226186,True,False,True,3.86710638520164e-05,COMPLETE
119,0.4863835096359253,2025-04-23 15:01:54.541812,2025-04-23 15:02:11.773614,0 days 00:00:17.231802,0.1009830314131347,0.2907079396164841,16,0.03406547530265156,0.11188299015666618,0.09966760532256312,0.06481489314760798,0.03449348202068226,0.006323350162890626,0.027563622403486285,9,57,0.02134270592844216,0.15954956001756,True,False,True,3.802438726093525e-05,COMPLETE
120,0.386937016248703,2025-04-23 15:02:11.814406,2025-04-23 15:03:08.996546,0 days 00:00:57.182140,0.06990059742293186,0.6384336165068751,2,0.13115038209145036,0.03486057284768629,0.09292810011832915,0.05395241700086751,0.039021296463529906,0.0011418270786474876,0.017895325610834033,12,54,0.02729325955103879,0.1902966154815264,True,False,False,1.7105767037093265e-05,COMPLETE
121,0.6120654344558716,2025-04-23 15:03:09.035973,2025-04-23 15:04:34.259128,0 days 00:01:25.223155,0.04337814096419171,0.5927285682312605,2,0.05997845506225859,0.021363369857383928,0.09733855062575116,0.08125446098639705,0.043863379588814505,0.010598542824269868,0.008578208029169063,25,47,0.015936687754649816,0.14622512923413328,True,False,True,9.174985250468305e-05,COMPLETE
122,0.5750492691993714,2025-04-23 15:04:34.298779,2025-04-23 15:05:19.108235,0 days 00:00:44.809456,0.19332582957141034,0.6169752588410279,2,0.0454248317582939,0.010376971935173354,0.09588689658980587,0.0038922464354393133,0.04846624453902325,0.05348200636033918,0.006816427065527691,10,62,0.02479647939511038,0.15704798573994527,True,False,True,5.554060647524964e-05,COMPLETE
123,0.4016051769256592,2025-04-23 15:05:19.157884,2025-04-23 15:06:25.135466,0 days 00:01:05.977582,0.016675643552452643,0.6558355199224716,2,0.05638060673521762,0.025938974354237518,0.09060890172491895,0.06616501946546686,0.04411140863859605,0.013463184311750722,0.05051596832449902,18,44,0.019546925866046467,0.17952011935180004,True,False,True,2.3286042730902157e-05,COMPLETE
124,0.351576566696167,2025-04-23 15:06:25.175914,2025-04-23 15:07:47.002747,0 days 00:01:21.826833,0.24403527331122257,0.6314979956118717,2,0.04288685454809507,0.05738521965664404,0.09473862872310611,0.05694796636235081,0.04679368447908911,0.005182412522267843,0.011218359559605633,24,37,0.002355668951529341,0.150072953830767,True,False,True,0.00010655671075604185,COMPLETE
125,0.4519256889820099,2025-04-23 15:07:47.043658,2025-04-23 15:08:25.481471,0 days 00:00:38.437813,0.21757202371590129,0.6811292454501567,2,0.06760079709478814,0.018693267186972982,0.06807538126319636,0.022813664856464744,0.052898364079929296,0.022747631225894252,0.024253547988555925,8,52,0.09248387823982936,0.12924099032103895,True,False,True,1.0937695412245469e-05,COMPLETE
126,0.2895026445388794,2025-04-23 15:08:25.522869,2025-04-23 15:08:56.480052,0 days 00:00:30.957183,0.16958335070853653,0.7048443580974668,2,0.08021665284079214,0.02963320022559993,0.0291298692902264,0.02434597007754724,0.04117031419134468,0.019530877337960217,4.373357155647781e-05,5,67,0.012999523646324007,0.16656608290614794,True,False,True,3.978020144416738e-05,COMPLETE
127,0.8878944754600526,2025-04-23 15:08:56.521795,2025-04-23 15:10:02.835317,0 days 00:01:06.313522,0.28060368511913486,0.5622811871000519,2,0.051909672366838,0.007118037519372235,0.09878419712448039,0.07628705970550784,0.04957990506606717,0.009213679342510665,0.07442884103838983,18,41,0.0052531293397855925,0.140547730779516,True,False,True,0.00014941718046174057,COMPLETE
128,0.5534436225891114,2025-04-23 15:10:02.876739,2025-04-23 15:11:11.863325,0 days 00:01:08.986586,0.1601385971931028,0.5063113457372749,2,0.050693723428105984,0.00530955656200777,0.09842435512771157,0.07593855441511661,0.05105642996854514,0.008195167886088754,0.07594761413671926,19,35,0.00736208040409157,0.14073599965703748,True,True,True,0.00021535457233804123,COMPLETE
129,0.3593179702758789,2025-04-23 15:11:11.905274,2025-04-23 15:11:44.958485,0 days 00:00:33.053211,0.2914316243950076,0.55908022996181,2,0.027708128728673207,0.04560213791180402,0.09991361746263097,0.07078621914086829,0.0926873094466808,0.01092976478833458,0.09834751358240462,6,32,0.001183407130550667,0.1553071330360509,True,False,True,0.00014575340685486497,COMPLETE
130,0.5534436225891114,2025-04-23 15:11:45.001943,2025-04-23 15:12:11.688020,0 days 00:00:26.686077,0.26447533355808056,0.5842083413253072,8,0.04027487152811067,0.010717392195130078,0.09263951446074543,0.06727317214475612,0.05744046542431551,0.015968477554475273,0.0646594952314952,18,43,0.004123881783206298,0.17246170688962434,True,False,True,0.0003159582160882473,COMPLETE
131,0.6792354822158814,2025-04-23 15:12:11.730762,2025-04-23 15:13:20.409271,0 days 00:01:08.678509,0.08801768372135593,0.5342343445358994,2,0.05312048546410213,0.014083265515888153,0.09662562533483357,0.07315222532277943,0.04706713899817308,0.0029775615667914585,0.03425663190277116,19,47,0.011042136097652028,0.1465031338403012,True,False,True,7.309252254652119e-05,COMPLETE
132,0.3563401699066162,2025-04-23 15:13:20.452120,2025-04-23 15:14:29.363191,0 days 00:01:08.911071,0.08675161432718015,0.5308961771242124,2,0.03521105558456398,0.18698624228305344,0.09073217315180997,0.08100353861643354,0.04943741839549305,0.0031546133602582825,0.03747006363533213,19,39,0.010852433383780146,0.1357111354683424,True,False,True,7.070291691502148e-05,COMPLETE
133,0.3962387919425965,2025-04-23 15:14:29.406505,2025-04-23 15:15:41.271171,0 days 00:01:11.864666,0.12352103284321163,0.5506565853261463,2,0.05366957083606822,0.015931623756789783,0.09623450972316583,0.06346882638870595,0.04693839743532653,0.005446660512719619,0.028460666325307204,20,47,0.005405174102164954,0.15933286828380397,True,False,True,0.00012440029270699757,COMPLETE
134,0.6392216205596924,2025-04-23 15:15:41.316185,2025-04-23 15:16:44.544658,0 days 00:01:03.228473,0.042811914482144955,0.5704281648216458,2,0.1601926497191943,0.023598689769088535,0.06269887527886718,0.07461802536630445,0.03824618834292821,0.0024795113400313826,0.045413760562584324,17,58,0.00863572253678142,0.14301343533345973,True,False,True,5.0173894307287955e-05,COMPLETE
135,0.6131342172622681,2025-04-23 15:16:44.588887,2025-04-23 15:17:45.787614,0 days 00:01:01.198727,0.23528666935494624,0.6108008207333978,2,0.01146825553085481,0.034325795807933115,0.05717575665620888,0.07220796700931276,0.044375983300221356,0.00759681004964502,0.020936263319954004,16,41,0.01766374257741489,0.02014388179325552,True,False,True,7.686951685716918e-05,COMPLETE
136,0.6792354822158814,2025-04-23 15:17:45.831780,2025-04-23 15:18:52.573996,0 days 00:01:06.742216,0.6134172942437385,0.5177804650924459,2,0.07161764006629331,0.006322582522020617,0.09428510470443881,0.07442330249132703,0.04184476244284167,0.012103200309720813,0.01590150575438994,18,50,0.015442732541844063,0.11729463775101465,True,False,True,2.9567126532666025e-05,COMPLETE
137,0.4160239934921265,2025-04-23 15:18:52.619962,2025-04-23 15:19:58.098196,0 days 00:01:05.478234,0.616632441699075,0.5115146816661602,2,0.062097245332462137,0.0003382956240771638,0.08727312463548167,0.07955269789016711,0.04186760628777682,0.013372692850396075,0.015362962278489834,18,45,0.01522332375616131,0.11551122109131683,False,False,True,2.9146366373953726e-05,COMPLETE
138,0.57105633020401,2025-04-23 15:19:58.151837,2025-04-23 15:21:01.228184,0 days 00:01:03.076347,0.5661103411716448,0.5327023353754817,2,0.0711183424812197,0.008102998454877688,0.09396828954386532,0.09198352342318304,0.035814162642156464,0.021091712974395393,0.033411424457413734,17,28,0.00974780063551991,0.10024217139064455,True,False,True,0.00016866894694908172,COMPLETE
139,0.46407876014709476,2025-04-23 15:21:01.272969,2025-04-23 15:22:21.431822,0 days 00:01:20.158853,0.6685865898126279,0.41551244609541077,2,0.08829374171641557,0.21504479858810868,0.08934011852704797,0.07781245842676335,0.03234463691621191,0.00909492563549523,0.013174948723888242,19,85,0.012644906923114006,0.1231827424416948,True,False,False,0.0007263827460672634,COMPLETE
140,0.7666507244110108,2025-04-23 15:22:21.477224,2025-04-23 15:23:22.738712,0 days 00:01:01.261488,0.6255165663125072,0.47955927650465635,2,0.07232181618462419,0.01620508747010284,0.08332886695940131,0.08316567793554541,0.05349425777198974,0.011740312729784659,0.01009786405723004,16,75,0.005205640676451257,0.13137568553967618,True,False,True,9.885587216992045e-05,COMPLETE
141,0.3472594738006592,2025-04-23 15:23:22.784135,2025-04-23 15:24:24.003894,0 days 00:01:01.219759,0.5937357120014761,0.46723990114012093,2,0.0778778822771534,0.017558204557308867,0.08383236944359146,0.08440824560710701,0.053315015044303346,0.011878500047103623,0.015386094718869049,16,76,0.0049054552589247,0.10843838195749839,True,False,True,0.00010463485333505259,COMPLETE
142,0.9448454618453981,2025-04-23 15:24:24.050017,2025-04-23 15:25:23.007391,0 days 00:00:58.957374,0.7075081858357497,0.49903724318026177,2,0.06588236921839277,0.011450987504637678,0.08559164977819628,0.0736371512110836,0.04776730937932612,0.01676928083076893,0.009537161898834265,15,73,0.006811179083210701,0.13190102394485678,True,False,True,6.090881679251317e-05,COMPLETE
143,0.5960474133491517,2025-04-23 15:25:23.052643,2025-04-23 15:26:19.651496,0 days 00:00:56.598853,0.725352338669545,0.4328325615555623,2,0.051692372355693135,0.013987609627427774,0.08542751722699099,0.08560204973899178,0.05168425269879013,0.015331957745072544,0.00926789974974919,14,81,0.007407267728206471,0.12888500910528283,True,False,True,5.913825576493418e-05,COMPLETE
144,0.4830579996109009,2025-04-23 15:26:19.699088,2025-04-23 15:27:18.895498,0 days 00:00:59.196410,0.7987170011750228,0.444770618333608,2,0.06616623212561139,0.024880584712356976,0.08290645102804631,0.06828627216960198,0.04785436454716403,0.0929520678399853,0.006751552302408145,15,73,0.002873367625513092,0.1318988514449715,True,False,True,8.93754280946368e-05,COMPLETE
145,0.6009389281272889,2025-04-23 15:27:18.942326,2025-04-23 15:28:17.875730,0 days 00:00:58.933404,0.6334060991828391,0.4768285838223413,2,0.05780973236719941,0.01991688869052617,0.09176402167177315,0.07342745690665302,0.04922478586312273,0.019394858340045278,0.008302800691167202,15,69,0.006367628970127388,0.14829215717852853,True,False,True,0.00012798751042629016,COMPLETE
146,0.7731809973716737,2025-04-23 15:28:17.923211,2025-04-23 15:29:13.787069,0 days 00:00:55.863858,0.6844626199958422,0.4916689932389826,2,0.09986851064068572,0.010645738340907722,0.07920549829608596,0.07851383716006287,0.05403947316323657,0.06057057608392685,0.011363947815819333,14,77,0.0036322453096582397,0.13964885508414396,True,False,True,7.259592220632902e-05,COMPLETE
147,0.7924798488616944,2025-04-23 15:29:13.834488,2025-04-23 15:29:33.498451,0 days 00:00:19.663963,0.7205204396911036,0.5032013802453644,16,0.08504977347104493,0.005929751333965205,0.0795929844999067,0.07813936839551495,0.0631424591250774,0.06132450298512587,0.010541317901467076,14,78,0.0012049493564377529,0.13649279928610564,True,False,True,0.00043407286629768135,COMPLETE
148,0.37395389676094054,2025-04-23 15:29:33.546333,2025-04-23 15:29:57.417361,0 days 00:00:23.871028,0.7136552241893414,0.3866589739069775,8,0.09976673885030195,0.004784008347279527,0.07712785127693786,0.0830156575431546,0.05940751695534929,0.06557138455101254,0.0041807061100816705,13,78,0.0011525388409756804,0.1268231249615375,True,False,True,0.0005182620704585802,COMPLETE
149,0.4547061979770661,2025-04-23 15:29:57.465458,2025-04-23 15:30:53.965699,0 days 00:00:56.500241,0.7535733537926556,0.4932468330683861,2,0.09229683123048804,0.010517760415255026,0.07565060676431729,0.07788754453174777,0.06623904924549226,0.06797017516941867,0.010305942796742282,14,75,0.00283515428170478,0.13505056214220776,True,False,True,0.000774158169460614,COMPLETE
150,0.328129005432129,2025-04-23 15:30:54.013655,2025-04-23 15:31:14.038507,0 days 00:00:20.024852,0.6842996258149499,0.48802998071209996,16,0.07679594890795685,0.0026630695573745125,0.07832987675880752,0.09659383206827185,0.07264283575806664,0.061299146368506675,0.005562125085001713,14,88,0.00451054073364929,0.14031742695276544,True,True,True,0.00043555144841908914,COMPLETE
151,0.5269527673721314,2025-04-23 15:31:14.095930,2025-04-23 15:32:13.038863,0 days 00:00:58.942933,0.7096954207106541,0.5778202713375893,2,0.10335386048767606,0.01952261007068355,0.07255650355082437,0.08649383430162326,0.06369687754114003,0.05929298799285691,0.011819087437698373,15,83,0.0044522749113396765,0.12423657178175258,True,False,True,0.00015114800073233605,COMPLETE
152,0.8373988628387452,2025-04-23 15:32:13.087876,2025-04-23 15:32:32.074732,0 days 00:00:18.986856,0.6949288198489467,0.5063725577794079,16,0.08083019067424574,0.02719910155372672,0.08028062494879712,0.08238079264036481,0.07832965650199109,0.06331334444898983,0.007267273704380607,13,73,0.006292405717198697,0.13959325483476456,True,False,True,0.00022649161241224561,COMPLETE
153,0.29086496829986574,2025-04-23 15:32:32.125115,2025-04-23 15:32:51.131028,0 days 00:00:19.005913,0.7938522194108009,0.5001662571818318,16,0.08283756849470988,0.011039404797059834,0.08005307664997911,0.08218313039149357,0.05519975633240483,0.06287627183429458,0.00673017401821129,13,73,0.00812231253258024,0.15171584873906094,True,False,True,0.00024930436648267027,COMPLETE
154,0.4325751900672913,2025-04-23 15:32:51.181126,2025-04-23 15:33:09.673424,0 days 00:00:18.492298,0.6529198432231427,0.4499427698249703,16,0.11445021543420675,0.02497741693405379,0.08202273877439416,0.0770434494306632,0.061042180569597856,0.056959741392101144,0.01014659442955924,12,70,0.00631110086625749,0.13904137642804892,True,False,True,0.0003040142755459929,COMPLETE
155,0.9243315935134888,2025-04-23 15:33:09.724672,2025-04-23 15:33:29.201769,0 days 00:00:19.477097,0.6369234367374816,0.557001906879563,16,0.08661483344783405,0.007321242573173311,0.07854634802263645,0.07909786804285311,0.08188099756056012,0.06921473442281491,0.004554261176183037,13,78,0.0011233103353127907,0.132124085423232,True,False,True,0.00020470218724418418,COMPLETE
156,0.45951367020607,2025-04-23 15:33:29.253321,2025-04-23 15:33:48.456578,0 days 00:00:19.203257,0.692093014636934,0.4260251277686612,16,0.09411001047216824,0.006598441058798151,0.07728676487718249,0.07927759001229868,0.0840297100698094,0.07475148956612643,0.0037755357384106052,12,85,0.001080456331198719,0.12975915551247386,True,False,True,0.00036976994412841167,COMPLETE
157,0.9440230727195741,2025-04-23 15:33:48.507382,2025-04-23 15:34:07.850689,0 days 00:00:19.343307,0.6278322380304017,0.46224836437786443,16,0.08785020821990133,0.0012592428362717782,0.07928797801649404,0.09053966395906442,0.07749739012097905,0.07047028884384778,0.005816335476319334,13,78,0.003287297431028066,0.16489648050632189,True,False,True,0.0006030554787960681,COMPLETE
158,0.33947648406028746,2025-04-23 15:34:07.902000,2025-04-23 15:34:27.521157,0 days 00:00:19.619157,0.6560029437377597,0.40744723488587903,16,0.10645544588740131,0.0007381589420196837,0.07963887662754213,0.09106494620428295,0.07791064393869272,0.07009089044150918,0.005607272980733347,13,91,0.002919024184139303,0.16662660207988464,True,False,True,0.0005629839002134503,COMPLETE
159,0.39435663223266604,2025-04-23 15:34:27.572189,2025-04-23 15:34:46.082336,0 days 00:00:18.510147,0.6988485211181186,0.45521534611720976,16,0.09119464981197554,0.01038281111459094,0.07519169800708808,0.08689579537307014,0.0794757333381349,0.07315626187829385,0.0025394543792963253,14,77,0.002825952665689006,0.17616300166659662,False,False,True,0.0006701151286368305,COMPLETE
160,0.4146991670131684,2025-04-23 15:34:46.133927,2025-04-23 15:35:05.528565,0 days 00:00:19.394638,0.7736964873725141,0.598064720632455,16,0.06673372449987879,0.0062700876688305315,0.07932310309924613,0.0990578676329826,0.06849171153929773,0.06450195486563566,0.00498699541695977,13,80,0.008315594480875776,0.18664574640625037,True,False,True,0.00040142205841080497,COMPLETE
161,0.38867406249046327,2025-04-23 15:35:05.580337,2025-04-23 15:35:24.413915,0 days 00:00:18.833578,0.628043984529171,0.46957550866801223,16,0.0743129921799162,0.01379774557407093,0.07221055930890942,0.07874567002906674,0.08554113081918702,0.06715013928385133,0.008116012421755471,12,78,0.005412092234811667,0.15651104552608952,True,False,True,0.0008795083748098811,COMPLETE
162,0.45915323495864874,2025-04-23 15:35:24.475231,2025-04-23 15:35:43.096037,0 days 00:00:18.620806,0.727234681071952,0.5624942652091731,16,0.08313465174293955,0.01872523799395387,0.08443129309010876,0.08890308785292546,0.08599266731392016,0.05852290784057609,0.007463766288439759,11,86,0.004188202102505223,0.1636230612225377,True,False,True,0.00021005418691274862,COMPLETE
163,0.6728789687156678,2025-04-23 15:35:43.148218,2025-04-23 15:36:02.842123,0 days 00:00:19.693905,0.5786476303957904,0.5515964948919764,16,0.08277408959862487,0.0008568137303017042,0.0693102832368757,0.09436921897818004,0.0786455118374663,0.06967118617342657,0.004374909960846394,14,74,0.006499533519822029,0.11954427363250725,True,False,True,0.00018317435820209315,COMPLETE
164,0.37411046028137207,2025-04-23 15:36:02.894697,2025-04-23 15:36:22.532752,0 days 00:00:19.638055,0.6666662665390436,0.5039801449468623,16,0.08804906733892247,0.0170345783339897,0.0817980331958341,0.08310498054798049,0.0745040288963112,0.07888711749898301,0.0064989927079503,13,81,0.0011197152317793686,0.14586938411396705,True,False,True,0.0004665716494809148,COMPLETE
165,0.943724286556244,2025-04-23 15:36:22.585965,2025-04-23 15:36:42.252143,0 days 00:00:19.666178,0.5399582451492428,0.48172759714356916,16,0.06668691426571621,0.025149870545076416,0.0771709631729932,0.08157187972951604,0.08955561795499967,0.07574707895822033,0.0034307665632283563,15,66,0.0039945434051469955,0.1533822999230435,True,False,True,0.000985303254844882,COMPLETE
166,0.29052439928054813,2025-04-23 15:36:42.305165,2025-04-23 15:37:01.571150,0 days 00:00:19.265985,0.5103418681900965,0.6419260964097566,16,0.1712216818668461,0.02535960729234433,0.07549596154870823,0.07588291004679909,0.07463247664379809,0.08144169748182445,0.003365727622872796,14,72,0.009841392332876488,0.15120297980166703,True,False,True,0.000951502390944098,COMPLETE
167,0.506815493106842,2025-04-23 15:37:01.625092,2025-04-23 15:37:20.036135,0 days 00:00:18.411043,0.5481920346958455,0.6701338452354464,16,0.06632617625192617,0.008024512977122155,0.07318052385119837,0.0809384840130924,0.09487791052356799,0.0736560482964982,0.0007494206564272696,12,68,0.0032062773506645117,0.16455081376914027,True,False,True,0.0006796351414222358,COMPLETE
168,0.41723703742027285,2025-04-23 15:37:20.090349,2025-04-23 15:37:42.733163,0 days 00:00:22.642814,0.587990135874143,0.6145653823086248,16,0.06028443216450079,0.022651184075037547,0.07769517175674909,0.025654242070646413,0.07705415518815495,0.07650625782060595,0.0022712409928703488,15,78,0.007624451526981483,0.16945214371088652,True,False,False,0.0003215830789420444,COMPLETE
169,0.8975013732910156,2025-04-23 15:37:42.786554,2025-04-23 15:38:01.775122,0 days 00:00:18.988568,0.6475573162224282,0.5426629710920534,16,0.09820745794691668,0.03089046760608518,0.07900585936572253,0.08522525291513311,0.08197318192517583,0.0609810229618855,0.004625759641976137,13,63,0.003851662004321976,0.15882149236006604,True,False,True,0.0005081375642679963,COMPLETE
