number,value,datetime_start,datetime_complete,duration,params_alpha-eval,params_alpha-train,params_batch-size,params_eps-eval,params_eps-train,params_lambda-actions-eval,params_lambda-actions-train,params_lambda-frames-eval,params_lambda-frames-train,params_learning-rate,params_n-epochs,params_n-frames,params_radius-gw,params_rho,params_std-feats,params_ub-actions,params_ub-frames,params_weight-decay,state
1305,0.41591728925704957,2025-04-24 14:45:47.866344,2025-04-24 14:46:56.226698,0 days 00:01:08.360354,0.08299039115492193,0.5966416071300481,2,0.005688379585232021,0.005870387060367202,0.0852038157057495,0.04453562492372786,0.03921825121337465,0.041588800861788955,0.05861190179856404,19,16,0.0033542852763537735,0.1040385317511006,True,True,False,5.663260202635184e-08,COMPLETE
1306,0.989672338962555,2025-04-24 14:46:56.668160,2025-04-24 14:48:05.130706,0 days 00:01:08.462546,0.030378257025951455,0.5749120494385185,2,0.010349139702377594,0.01380873076927262,0.0318203075764046,0.04037582937433629,0.03712814925680867,0.04467598171636495,0.04397832400318404,19,24,0.005111506156764195,0.09362814237883745,True,True,False,8.081477178581821e-08,COMPLETE
1307,0.3438773036003113,2025-04-24 14:48:05.553957,2025-04-24 14:49:07.863693,0 days 00:01:02.309736,0.04718726619577536,0.6345081318804743,2,0.022469080554091688,0.024535730766697565,0.08279315090896729,0.05715366827452274,0.04076225423186049,0.03734179365072343,2.663094282699663e-05,17,13,0.006067728988745269,0.11270191795301886,True,True,False,1.2411451365536422e-07,COMPLETE
1308,0.41109763383865355,2025-04-24 14:49:08.286296,2025-04-24 14:49:34.544842,0 days 00:00:26.258546,0.04735011267821882,0.5843538404319624,8,0.231906796950587,0.010353650882774278,0.08547218717305573,0.03682654392280637,0.036985688829824344,0.03972477047435544,0.04196022529808176,18,20,0.0030009222580906813,0.11896611251274194,True,True,False,6.729400961948715e-08,COMPLETE
1309,0.6792354822158814,2025-04-24 14:49:34.968851,2025-04-24 14:50:43.091578,0 days 00:01:08.122727,0.0844315177246395,0.5527100849861541,2,0.015540716842727679,0.017813764578562964,0.08124442988415392,0.05116245182352867,0.035701467897757445,0.04412891825030772,0.08139497537194557,19,30,0.0070198642107003805,0.11978401444790146,True,True,False,1.0896255759719743e-07,COMPLETE
1310,0.6792354822158814,2025-04-24 14:50:43.514136,2025-04-24 14:51:48.631305,0 days 00:01:05.117169,0.11411808853078322,0.6058856801871692,2,0.006550475494922776,0.006924696231966886,0.08347314757510042,0.04635935914236156,0.038574730561827184,0.041571179295253016,0.048926502754466104,18,17,0.002700540303611757,0.0885998775087658,True,True,False,5.413843973012448e-08,COMPLETE
1311,0.4131364822387696,2025-04-24 14:51:49.054546,2025-04-24 14:52:57.230288,0 days 00:01:08.175742,0.027084226761705035,0.5708227530333214,2,0.2419906328255474,0.024741587655106635,0.08612103743925914,0.042682050932040486,0.039757976904234965,0.04502695993998414,0.06244404040215335,19,22,0.0011182218296141076,0.1099555635366766,True,True,False,1.0047261450382482e-07,COMPLETE
1312,0.29052439928054813,2025-04-24 14:52:57.651736,2025-04-24 14:54:00.673220,0 days 00:01:03.021484,0.1294636077807996,0.6155098575263281,2,0.010537884405035697,0.014038284862172427,0.0798814857369112,0.048968832881719326,0.03556898431066755,0.04295713088956997,0.039711296789916174,17,27,0.004456947377863119,0.1226442102241895,True,True,True,8.597994964129242e-08,COMPLETE
1313,0.40578249692916873,2025-04-24 14:54:01.095574,2025-04-24 14:54:20.939278,0 days 00:00:19.843704,0.09476518560555003,0.5847528896664974,16,0.019553376235518734,0.005993582140294618,0.08464872105054727,0.05428761056248187,0.03414935675824843,0.0395834656591807,0.0521678012850662,18,15,0.007184950071058953,0.11380611382132463,True,True,False,6.797893202751769e-08,COMPLETE
1314,0.6098960995674133,2025-04-24 14:54:21.359947,2025-04-24 14:55:21.950167,0 days 00:01:00.590220,0.06202914219843162,0.6403641779506776,2,0.06532182359470692,0.019330366856546207,0.08177149775773873,0.045656846972471354,0.03738410238749491,0.017856861098957223,0.07104506533616586,16,35,0.004922281697262115,0.10723038241936934,True,True,False,1.347914635241509e-07,COMPLETE
1315,0.4216130495071411,2025-04-24 14:55:22.392232,2025-04-24 14:56:34.713656,0 days 00:01:12.321424,0.10606045554553661,0.3294173298536317,2,0.005369789728991537,0.009155522369560423,0.08686265694932865,0.05048674054349244,0.039901032945303026,0.04451338023975577,0.09706228506845502,19,135,0.006502443663821293,0.0236233685846228,True,True,False,4.4328046916178364e-08,COMPLETE
1316,0.6110336303710938,2025-04-24 14:56:35.141672,2025-04-24 14:57:38.122036,0 days 00:01:02.980364,0.026889199224916102,0.5534202284226741,2,0.00042907065974213694,0.014843882972342681,0.08306230897578479,0.047795452431716984,0.03511959772769772,0.041374579935471896,0.044055324371291386,17,23,0.002678039917565162,0.1180297742163879,True,True,False,1.7862437436354144e-07,COMPLETE
1317,0.677170705795288,2025-04-24 14:57:38.548711,2025-04-24 14:58:46.364074,0 days 00:01:07.815363,0.1373036446906919,0.596426798033319,2,0.010215936535657373,0.00515390603743908,0.08640220548591632,0.028656953204533715,0.033543375107233354,0.04225738507476933,0.0999242787852349,19,19,0.008151465194651692,0.09931241919574936,True,True,False,8.729232141266651e-08,COMPLETE
1318,0.4003175616264344,2025-04-24 14:58:46.788954,2025-04-24 14:59:52.600982,0 days 00:01:05.812028,0.09550217892130872,0.622277277185086,2,0.015349928827359548,0.02458691046052596,0.08039566535292755,0.05258429654935075,0.037198770383736424,0.03673875410342553,0.03911811662598311,18,13,0.004342447331808413,0.12479216408144486,True,True,False,1.293223266466394e-07,COMPLETE
1319,0.9331077575683595,2025-04-24 14:59:53.026354,2025-04-24 15:01:00.992414,0 days 00:01:07.966060,0.06941338705099967,0.5636522933401485,2,0.005414955437713313,0.011307156146417547,0.08495665314501306,0.043812021479616985,0.03811731112386325,0.021734923815278893,0.053541975374217114,19,26,0.002839557181287225,0.08074244081825566,True,True,False,1.5323692989008858e-07,COMPLETE
1320,0.29052439928054813,2025-04-24 15:01:01.417987,2025-04-24 15:02:07.352228,0 days 00:01:05.934241,0.04097433595942698,0.5812741101620379,2,0.2627036510625613,0.019183368024150858,0.0830537690906074,0.054969008826024915,0.04057911795884378,0.02428716310981419,0.039063777983864255,18,22,0.00603667539571366,0.158713022955519,True,True,True,7.33943759013643e-08,COMPLETE
1321,0.4052100419998169,2025-04-24 15:02:07.781555,2025-04-24 15:03:15.982157,0 days 00:01:08.200602,0.07536423903707955,0.8306134000753478,2,0.02408470607380635,0.010304234712045519,0.09339725612831822,0.018964076437301945,0.03566963776419491,0.04584944263804928,0.053849211938048126,19,18,0.008249182919714767,0.12240649138926964,True,True,False,1.0316349535826433e-07,COMPLETE
1322,0.4054781556129456,2025-04-24 15:03:16.406463,2025-04-24 15:04:22.289411,0 days 00:01:05.882948,0.05082141240324678,0.549960351848418,2,0.01370550855576735,0.006076109144144026,0.09026352565339417,0.0462856267455641,0.03304393182135121,0.014289320126857782,0.06672010489994182,18,30,0.0011603785048134151,0.11579341085495468,True,True,False,1.8235337904193066e-07,COMPLETE
1323,0.4048606872558594,2025-04-24 15:04:22.735136,2025-04-24 15:05:24.702966,0 days 00:01:01.967830,0.12299919410875693,0.6069807483992045,2,0.018831968979361277,0.01890264797950747,0.08687175140376316,0.05018547474935391,0.008760407477586532,0.018945071054966227,0.03990632404652318,17,15,0.00447035174814156,0.10732645251571264,False,True,False,1.2474071763871154e-07,COMPLETE
1324,0.4286545097827911,2025-04-24 15:05:25.129994,2025-04-24 15:06:20.063014,0 days 00:00:54.933020,0.10673200282638441,0.5848177322468068,2,0.00876834326685978,0.08303950003666455,0.08473887911705015,0.023860964103420274,0.038975847877175535,0.04432742929496723,0.04598013049259769,14,20,0.006245427525603961,0.1270590961883874,True,True,False,4.7728892589855185e-08,COMPLETE
1325,0.40174983739852904,2025-04-24 15:06:20.491758,2025-04-24 15:07:32.110568,0 days 00:01:11.618810,0.05183680426071457,0.641591444638699,2,0.004880951840952346,0.027544561092113597,0.0797221635568012,0.04145377212513775,0.011387418134875892,0.038316843474898436,0.03623231050052754,20,24,0.0027157400235492788,0.12000879627402578,True,True,False,9.975943458559365e-08,COMPLETE
1326,0.9921463966369629,2025-04-24 15:07:32.539054,2025-04-24 15:08:39.888735,0 days 00:01:07.349681,0.07645665311703814,0.5628210907523827,2,0.22791242277644927,0.014928386754817299,0.0823832347029631,0.048699795706624055,0.034800472067669515,0.04087126553108102,0.07649660885485057,19,17,0.007785451590369365,0.0974243987432393,True,True,False,1.1824638222941092e-05,COMPLETE
1327,0.9749525904655457,2025-04-24 15:08:40.315520,2025-04-24 15:09:51.325569,0 days 00:01:11.010049,0.058565748114745304,0.6104269529414591,2,0.23780730405159153,0.005524621889501198,0.08892972903698818,0.05841073852300803,0.04190328466587268,0.010867160250581001,0.061165942412753804,20,26,0.004563349201139454,0.12673941283887863,True,True,False,1.9079192717577017e-07,COMPLETE
1328,0.29052439928054813,2025-04-24 15:09:51.754127,2025-04-24 15:10:18.094896,0 days 00:00:26.340769,0.07413656219954098,0.5479892343148955,8,0.024376940891738804,0.022701010917407498,0.08685729784464749,0.027183136619267842,0.007355674743936773,0.02321970137915274,0.03711404936749751,18,21,0.009031132518263464,0.11441542732940219,True,True,True,1.453389015936892e-07,COMPLETE
1329,0.5534436225891114,2025-04-24 15:10:18.520757,2025-04-24 15:11:26.333932,0 days 00:01:07.813175,0.03369103056343734,0.5768252299608885,2,0.00015099024060137882,0.00019499293551691107,0.0844029399529983,0.044467822131823376,0.032838624787454224,0.043103284211497034,0.0491217513098275,19,13,0.0010787209955974088,0.12259850972750352,True,True,False,8.674314285052035e-08,COMPLETE
1330,0.34813213944435123,2025-04-24 15:11:26.762665,2025-04-24 15:12:31.861486,0 days 00:01:05.098821,0.13959379602603778,0.6260363242639021,2,0.015053866958966197,0.013009071626895385,0.08181189467850356,0.05224835524678979,0.03663846829634498,0.020149212997691346,0.04271549046422796,18,31,0.009418304904008629,0.11125493328281336,True,True,False,6.089044779340129e-08,COMPLETE
1331,0.40437543392181396,2025-04-24 15:12:32.289005,2025-04-24 15:13:35.060820,0 days 00:01:02.771815,0.010155521628966914,0.7982778813628721,2,0.011033261668947197,0.01009728297885696,0.09108488145868136,0.047098440316542305,0.03499570828054747,0.035994009269089015,0.00019701654342830848,17,23,0.0030725493684775514,0.13087022525471537,True,True,False,1.1015128242388628e-07,COMPLETE
1332,0.37952380180358886,2025-04-24 15:13:35.508159,2025-04-24 15:14:45.828265,0 days 00:01:10.320106,0.11159934136608138,0.5421718364129762,2,0.005345210301888946,0.01855827955683472,0.08538782962488883,0.056266251869454685,0.039155902843025246,0.03782835797968853,0.0004968885270025565,20,17,0.005277902103069626,0.11846728784720516,True,True,False,7.372940456564439e-08,COMPLETE
1333,0.6076241731643677,2025-04-24 15:14:46.266933,2025-04-24 15:15:54.092833,0 days 00:01:07.825900,0.07736749721981502,0.6004535965433961,2,0.00024911438735799457,0.0058331875221438925,0.08746090122799423,0.038326459252741175,0.033142576521584574,0.016542116068641966,0.034332445366273084,19,12,0.006841773285800251,0.10173806943595036,True,True,False,7.01240519759513e-06,COMPLETE
1334,0.39923411011695864,2025-04-24 15:15:54.523138,2025-04-24 15:16:54.930158,0 days 00:01:00.407020,0.0448594202068901,0.5671398392596261,2,0.020884184040320986,0.252415523003057,0.0793725573772442,0.042666334419556466,0.0406179814062086,0.0462151884396825,0.057782877321278854,16,27,0.004022199796803734,0.21114577475100768,True,True,False,2.220472328312774e-07,COMPLETE
1335,0.4160239934921265,2025-04-24 15:16:55.361072,2025-04-24 15:17:18.189648,0 days 00:00:22.828576,0.05726563155147481,0.8601073474340057,16,0.01117345645873051,0.014267494991124424,0.08337442299251718,0.04883800689762279,0.03687544945149003,0.04056184762773593,0.03859039933121667,19,34,0.0010507508869458087,0.15541959310244488,True,False,False,1.6001700827193005e-07,COMPLETE
1336,0.476106470823288,2025-04-24 15:17:18.625565,2025-04-24 15:18:29.789361,0 days 00:01:11.163796,0.09787801505985592,0.5942797681635921,2,0.01629473436081841,0.023148175302667058,0.08904387301362679,0.0451398427555605,0.03221309046418071,0.043573726941457926,0.04588227070831802,20,19,0.009179900453322768,0.05071979110725701,True,False,True,1.1630348542082379e-07,COMPLETE
1337,0.40229130387306217,2025-04-24 15:18:30.217625,2025-04-24 15:19:35.643157,0 days 00:01:05.425532,0.09056557352211692,0.6460595464043059,2,0.11189226359763267,0.010913612835252119,0.08194752726634337,0.05140022782157152,0.037661850725803185,0.039212295790399684,0.035374451584992826,18,22,0.005880611624120905,0.12698623324848368,True,True,False,1.528839899889433e-07,COMPLETE
1338,0.6078028440475465,2025-04-24 15:19:36.073299,2025-04-24 15:20:35.694421,0 days 00:00:59.621122,0.1310161651940318,0.6229579062243854,2,0.010550632458455566,0.027157540502698245,0.09227793884642836,0.03987286342167133,0.03531877521644867,0.01290004244776329,0.049341372184931225,13,16,0.010069673193900954,0.1389265835031251,True,False,False,8.479807619158514e-08,COMPLETE
1339,0.4713827431201935,2025-04-24 15:20:36.146637,2025-04-24 15:21:38.887755,0 days 00:01:02.741118,0.035321293811384755,0.9220458153824644,2,0.2566527454669341,0.0050313262702341,0.0856003526101484,0.04718237114518448,0.033276649311554635,0.01763246027814795,0.03285152062140891,17,20,0.0029997375548263252,0.11379568366169122,True,True,False,1.9194107827871236e-07,COMPLETE
1340,0.4159924447536469,2025-04-24 15:21:39.324562,2025-04-24 15:22:57.523721,0 days 00:01:18.199159,0.06472143330794246,0.5803935772397798,2,0.0056060917018938335,0.016227984090658,0.08760072984266418,0.049889195608770094,0.04064759615573027,0.04602151983228677,0.0739601509078675,19,28,0.007372924427791497,0.12121118878899549,True,False,False,5.7823804474195433e-08,COMPLETE
1341,0.29052439928054813,2025-04-24 15:22:57.959453,2025-04-24 15:24:12.270578,0 days 00:01:14.311125,0.06725251233385869,0.537383262696029,2,0.07530946436090351,0.0002259944265396701,0.08077496100673787,0.053650211822986286,0.031359161047463835,0.04128875203554466,0.042563860718538675,18,24,0.004540682540916346,0.10629790701980527,True,False,False,1.056563840817298e-07,COMPLETE
1342,0.3506620347499848,2025-04-24 15:24:12.703126,2025-04-24 15:25:23.218398,0 days 00:01:10.515272,0.09331836073795938,0.556614365823348,2,0.02690038174485532,0.020124704213215758,0.08403880197281365,0.04315535282420288,0.03795029038751326,0.05141341195097548,0.062347769895050684,20,12,0.0026669381325050475,0.1351572658266998,True,True,False,1.2457632381480024e-07,COMPLETE
1343,0.41507920026779177,2025-04-24 15:25:23.652167,2025-04-24 15:26:38.326543,0 days 00:01:14.674376,0.10558345977142207,0.5977032945317976,2,0.017769417982644156,0.009686803032770388,0.08997591072500832,0.04548506701455131,0.04182715066314371,0.022354805246074763,0.05252847250655629,18,15,0.006923771606459466,0.1300413707429907,True,False,False,4.821388858759792e-06,COMPLETE
