number,value,datetime_start,datetime_complete,duration,params_alpha-eval,params_alpha-train,params_batch-size,params_eps-eval,params_eps-train,params_lambda-actions-eval,params_lambda-actions-train,params_lambda-frames-eval,params_lambda-frames-train,params_learning-rate,params_n-epochs,params_n-frames,params_radius-gw,params_rho,params_std-feats,params_ub-actions,params_ub-frames,params_weight-decay,state
843,0.4153245270252228,2025-04-04 12:32:57.677384,2025-04-04 12:34:10.189347,0 days 00:01:12.511963,0.33695383524415407,0.09609685593293946,2,0.22793930150384878,0.06137690119836034,0.027264552745031524,0.0010369949361988115,0.03475381652617232,0.012743044541938722,0.058093684827986034,17,51,0.013108205873382748,0.2189084693350795,True,False,False,7.1776004032063605e-06,COMPLETE
844,0.4177678465843201,2025-04-04 12:34:10.467556,2025-04-04 12:35:19.312918,0 days 00:01:08.845362,0.35735938957443525,0.17744799377200465,2,0.2434684254024572,0.04859046837409887,0.01957236762887545,0.003627916883905777,0.0319130735150492,0.008720192968637446,0.048171981689744396,16,53,0.007321630316609649,0.21068552144701042,True,False,False,5.407001574627688e-06,COMPLETE
845,0.47255126833915717,2025-04-04 12:35:19.593985,2025-04-04 12:36:29.058390,0 days 00:01:09.464405,0.37254929417821825,0.1145211666840737,2,0.2490128198147512,0.05309590671907033,0.024339954702911802,0.0011500762179838366,0.03253973950192864,0.011603050403805073,0.01633432477112325,16,56,0.009902033713898637,0.21908171627237866,True,False,False,3.65980815497193e-06,COMPLETE
846,0.9909623146057129,2025-04-04 12:36:29.324735,2025-04-04 12:37:45.921639,0 days 00:01:16.596904,0.35748271201523585,0.08362619654878437,2,0.2392394761973035,0.04154305659248834,0.019922724966267343,0.002464354887146044,0.09194056060618086,0.007335433460203581,0.0672807749018738,18,59,0.007617043380014575,0.20803155123269562,True,False,False,6.416101521889288e-06,COMPLETE
847,0.457404899597168,2025-04-04 12:37:46.205754,2025-04-04 12:39:04.877344,0 days 00:01:18.671590,0.3351267533007527,0.08556961320457163,2,0.2319932605857952,0.046243643235413634,0.019729067558818356,0.06892795252028261,0.02843874166029105,0.010636715661581024,0.06466891188364772,19,55,0.013087088206423205,0.20633774401222063,True,False,False,1.2838560090240517e-05,COMPLETE
848,0.40854580998420714,2025-04-04 12:39:05.159437,2025-04-04 12:40:21.973398,0 days 00:01:16.813961,0.3071329808393256,0.09897937753547315,2,0.2396529791441109,0.04203339409125085,0.013675945653151654,0.0030821953401905253,0.09116138267225493,0.009102151494200107,0.07820668197833876,18,53,0.011294929943679696,0.20855675163184803,True,False,False,8.730781506290542e-06,COMPLETE
849,0.4380411624908448,2025-04-04 12:40:22.242696,2025-04-04 12:41:34.974963,0 days 00:01:12.732267,0.3495445615660959,0.0842802369861772,2,0.2228223088799413,0.05399598500858732,0.0222734503680488,0.003111325421521991,0.08207681823113312,0.014465009114491745,0.03401671641401527,17,61,0.08977523077387721,0.19852195830542463,True,False,False,7.117038983156465e-06,COMPLETE
850,0.4228694796562195,2025-04-04 12:41:35.253975,2025-04-04 12:42:51.273065,0 days 00:01:16.019090,0.3283637149685235,0.11930913718866631,2,0.23345987784970773,0.061614943488679116,0.01736013221493203,0.0011553076801874619,0.03189886276588852,0.007056932481426422,0.040246936487539055,18,54,0.007966272603760396,0.21656269217898322,True,False,False,1.0198035598987279e-05,COMPLETE
851,0.3519075810909271,2025-04-04 12:42:51.558673,2025-04-04 12:44:04.305785,0 days 00:01:12.747112,0.3609896674250078,0.07690426487233601,2,0.23674906945353041,0.04778483690590105,0.020445339103326604,0.003015846794457576,0.062458365746931,0.007330820855177861,0.05554790825073952,17,62,0.009602940940002974,0.21019157931142765,True,False,False,6.462791585848631e-06,COMPLETE
852,0.45319959521293646,2025-04-04 12:44:04.575121,2025-04-04 12:45:17.655326,0 days 00:01:13.080205,0.34819961689544077,0.1455306971444938,2,0.2525029124192587,0.041746501291070055,0.021733703696671186,0.033524449403160995,0.026449755658958466,0.010970235170036643,0.06916955347749423,17,56,0.011727540548371175,0.20189136632125154,True,False,False,4.2913497192308355e-06,COMPLETE
853,0.40652624368667606,2025-04-04 12:45:17.933943,2025-04-04 12:46:27.151177,0 days 00:01:09.217234,0.31017637575165496,0.10330773749995778,2,0.2460544295146245,0.05575133601971394,0.016142987415629778,0.0010853263571013576,0.0663439895699485,0.009265915079925836,0.08266441813321783,16,58,0.007904237953970399,0.21446618128249242,True,False,False,8.542159360838741e-06,COMPLETE
854,0.41136656403541566,2025-04-04 12:46:27.431471,2025-04-04 12:47:33.465119,0 days 00:01:06.033648,0.37028365420942394,0.07588800485513188,2,0.21892800554869724,0.048218415658130065,0.024176981375344884,0.0010431969362028311,0.07925689127299564,0.0074711538807864615,0.04445292047425588,15,49,0.009657596916620697,0.19498607472659513,True,False,False,5.796944061513701e-06,COMPLETE
855,0.4008200764656067,2025-04-04 12:47:33.750395,2025-04-04 12:48:49.310968,0 days 00:01:15.560573,0.33025455296120765,0.07205107926867428,2,0.22750230437940183,0.05142679398557413,0.02606932286814819,0.004646501717194453,0.0933308900434973,0.010774247582268307,0.056861754066168724,18,53,0.013917081542658059,0.20208996767456355,True,False,False,1.8545226527739718e-05,COMPLETE
856,0.352949869632721,2025-04-04 12:48:49.581952,2025-04-04 12:50:02.642705,0 days 00:01:13.060753,0.35782359828163385,0.13362026689989365,2,0.24250261308475898,0.14116546369376687,0.018548093448639457,0.07251052066529126,0.09916074068416637,0.013136953591490117,0.06873559651722805,17,59,0.007274850185411157,0.2084091597301072,True,False,False,4.716757283775805e-06,COMPLETE
857,0.3476505219936371,2025-04-04 12:50:02.922879,2025-04-04 12:51:14.112519,0 days 00:01:11.189640,0.3700059848519999,0.09612983131309732,2,0.2372673044761546,0.04229493582235728,0.028598659455704546,0.00539194492382047,0.07495546874766044,0.007590498986080168,0.07984806972698548,20,51,0.011206115857339004,0.1897462319507975,True,False,True,1.4137423111376715e-05,COMPLETE
858,0.29052439928054813,2025-04-04 12:51:14.396087,2025-04-04 12:52:22.064092,0 days 00:01:07.668005,0.3478015798513133,0.08598334586241077,2,0.2494611709562599,0.058447383899468526,0.02209978458238254,0.0030250125541910764,0.06959994906886194,0.00927607630098375,0.0453517461778155,19,46,0.00916444332634808,0.21999790150119233,False,True,False,8.171159964792489e-06,COMPLETE
859,0.37289792299270635,2025-04-04 12:52:22.334474,2025-04-04 12:53:50.647596,0 days 00:01:28.313122,0.38020584099068244,0.06556956508708317,2,0.26113698865575624,0.04147875339129651,0.019920426356594925,0.0028361096103545415,0.03472177138022022,0.006881813314811608,0.09957144372004446,22,49,0.007997882483942618,0.21457329989917642,True,False,False,6.31142125821966e-06,COMPLETE
860,0.3738001942634583,2025-04-04 12:53:50.932579,2025-04-04 12:55:05.805379,0 days 00:01:14.872800,0.3812775041691727,0.07164161929155644,2,0.25561673949301716,0.04780456588765277,0.024947577999342715,0.006010284387596644,0.02454632763971242,0.011693193132696456,0.035592815951797724,18,44,0.013247021304286503,0.28047020598900313,True,False,False,1.0531502587186562e-05,COMPLETE
861,0.36611222028732304,2025-04-04 12:55:06.091349,2025-04-04 12:56:15.265546,0 days 00:01:09.174197,0.33684517279705495,0.5742991517047591,2,0.24347700611042578,0.06527345093514042,0.027666538260032198,0.005300770642953515,0.031016511327116966,0.00905746285642068,0.05864209675779518,16,59,0.006915359253668962,0.2055105547545263,True,False,False,3.555366334384252e-06,COMPLETE
862,0.3771453678607941,2025-04-04 12:56:15.537602,2025-04-04 12:57:27.280887,0 days 00:01:11.743285,0.31041588406868864,0.1136936217434652,2,0.26903862271487533,0.05354424388637417,0.04370653307326411,0.003262999940664387,0.03553129016026075,0.006393777960266503,0.08429719155754666,17,54,0.0640966488303468,0.1988120243290465,True,False,False,4.949832998881405e-06,COMPLETE
863,0.3992670774459839,2025-04-04 12:57:27.572533,2025-04-04 12:58:50.594959,0 days 00:01:23.022426,0.3607223156179914,0.06477742227192321,2,0.27455171722464,0.040527054544324634,0.023944774443585184,0.05343126059676971,0.028113005336171906,0.007453874056205657,0.06551120096812048,20,56,0.010925101172522404,0.20916394443156086,True,False,False,7.0611418576767155e-06,COMPLETE
864,0.5773816823959351,2025-04-04 12:58:50.875725,2025-04-04 13:00:15.932611,0 days 00:01:25.056886,0.3879548891726895,0.10959287144571783,2,0.24701523717876697,0.048949489296206516,0.029838756298463685,0.004773183310370849,0.03666608895695925,0.00946502971202623,0.052074684338777925,21,50,0.009340652698135015,0.21886396730603466,True,False,False,5.711492894665505e-06,COMPLETE
865,0.5068130612373353,2025-04-04 13:00:16.222272,2025-04-04 13:01:22.084189,0 days 00:01:05.861917,0.34354543012141964,0.09083948759798205,2,0.17464866808439433,0.05862207612101557,0.03251929831489443,0.002609338778716051,0.029377911817858583,0.014400025462777244,0.06853441122883604,15,41,0.007666669003371256,0.2704156476326416,True,False,False,8.189221014179693e-06,COMPLETE
866,0.5637871384620667,2025-04-04 13:01:22.356331,2025-04-04 13:02:37.296784,0 days 00:01:14.940453,0.36783151188396973,0.06187139177072089,2,0.23806879333393616,0.04146571970240802,0.02635662165950929,0.0010515506089740839,0.032507411776570454,0.0114205550375974,0.04456516353483295,18,45,0.011813806633888367,0.21253709751865102,True,False,False,3.877536315823608e-06,COMPLETE
867,0.3886860847473145,2025-04-04 13:02:37.585434,2025-04-04 13:04:01.727082,0 days 00:01:24.141648,0.32325314223014573,0.08488641901025479,2,0.25327789600434775,0.04699188125928647,0.039228879910615924,0.004921123188615128,0.03404131096407584,0.006778247377435048,0.02510935120033639,21,48,0.006338655431612032,0.28476494873570235,True,False,False,1.0383852135169332e-05,COMPLETE
868,0.4372954964637757,2025-04-04 13:04:02.014207,2025-04-04 13:05:20.882209,0 days 00:01:18.868002,0.38703429349643426,0.06403215438382283,2,0.26070986170602173,0.05297086116469483,0.026524721667395095,0.006207169193567046,0.03090687970175326,0.008407465421242396,0.03295150067911254,19,57,0.009216364407243969,0.204773640866592,True,False,False,4.609517584678775e-06,COMPLETE
869,0.41609390377998356,2025-04-04 13:05:21.158578,2025-04-04 13:06:32.858119,0 days 00:01:11.699541,0.3445072901721926,0.062001568304085763,2,0.2824819925119236,0.0404485585251016,0.02101582367713275,0.003603348609954878,0.03737202969704628,0.006504945186585783,0.08359571752792308,17,40,0.007427232517432649,0.29973948808240103,True,False,False,6.700486764354178e-06,COMPLETE
870,0.4849626183509827,2025-04-04 13:06:33.144084,2025-04-04 13:07:42.220050,0 days 00:01:09.075966,0.36461152337896735,0.13450286262739158,2,0.22999979597954667,0.06457577042449385,0.023330888317583388,0.0029099071180513623,0.02320469086675614,0.009945313788075739,0.05234136717545161,16,44,0.010198209299582995,0.19651384778866718,True,False,False,1.2530191504470141e-05,COMPLETE
871,0.29052439928054813,2025-04-04 13:07:42.511853,2025-04-04 13:09:02.185571,0 days 00:01:19.673718,0.3947372077885547,0.10401430194956214,2,0.2895292185518642,0.0012329280669397952,0.029801293644419954,0.002845640937578284,0.03351682862825117,0.00668295535035707,0.09967984695820867,19,65,0.014420341047477924,0.18741154195200382,True,False,False,5.55497746204456e-06,COMPLETE
872,0.4044866085052491,2025-04-04 13:09:02.475973,2025-04-04 13:10:23.933050,0 days 00:01:21.457077,0.3730887044647369,0.08026161959863952,2,0.2636634305145184,0.04649226161731204,0.018698518951382002,0.0011068306852647816,0.02681397725443133,0.011760137380599545,0.061279904696849664,20,37,0.012003021240638581,0.27144556655946295,True,False,False,8.026830207448118e-06,COMPLETE
873,0.3531015753746033,2025-04-04 13:10:24.205501,2025-04-04 13:11:33.733390,0 days 00:01:09.527889,0.35330723784211016,0.6555248945787586,2,0.20437998824608605,0.056702218529578456,0.0417407423625799,0.0063661378506700735,0.035211252740282174,0.0090624227505697,0.0703661099180163,16,50,0.006697508502158861,0.29243052390427837,True,False,False,4.327041635233964e-06,COMPLETE
874,0.43049273490905765,2025-04-04 13:11:34.018669,2025-04-04 13:12:55.506887,0 days 00:01:21.488218,0.5443682473489309,0.06374727981798009,2,0.27675054499093005,0.04161111457156718,0.034489653057213576,0.004662840558373968,0.03771068662834839,0.012711477046914861,0.04012626641288972,20,53,0.041785644976718495,0.218499526916843,True,False,False,9.400236382815904e-06,COMPLETE
875,0.3642714560031891,2025-04-04 13:12:55.797109,2025-04-04 13:14:20.578989,0 days 00:01:24.781880,0.3315646568616298,0.0881977686935102,2,0.24347918568520793,0.29204159700804994,0.022645262915185694,0.0010818686886055362,0.029943379031378642,0.0065553000805110345,0.049525194839813796,21,60,0.009707038666970211,0.20165289586828195,True,False,False,3.484740792449061e-06,COMPLETE
876,0.3233369171619416,2025-04-04 13:14:20.872224,2025-04-04 13:15:39.309227,0 days 00:01:18.437003,0.3974017966369903,0.11833029467528514,2,0.25506450325984253,0.23630250897266297,0.030812056188382862,0.09735735641075932,0.03789764959234134,0.008552484902714125,0.08026320265702576,22,48,0.006895546579922091,0.2760299116990518,True,True,True,6.314242216570841e-06,COMPLETE
877,0.5524634957313538,2025-04-04 13:15:39.585213,2025-04-04 13:16:51.365315,0 days 00:01:11.780102,0.37622980394227507,0.05873373721389372,2,0.24927228897253234,0.0505655306246524,0.02501607120501626,0.006487097495175353,0.032317983360361846,0.010542897641609062,0.060376793481837096,17,33,0.013426734865356092,0.21137110444180107,True,False,False,4.899464400128633e-06,COMPLETE
878,0.4059168875217438,2025-04-04 13:16:51.650617,2025-04-04 13:18:22.303789,0 days 00:01:30.653172,0.35523318143145294,0.057586891502125426,2,0.27425434076000976,0.04516857924630086,0.03610288317766684,0.0032156505520847633,0.03616643189282815,0.007095215430292609,0.07294824043769217,23,41,0.011011933720283395,0.26662726549550414,False,False,False,7.213590020217097e-06,COMPLETE
879,0.3666751623153687,2025-04-04 13:18:22.594893,2025-04-04 13:19:38.086271,0 days 00:01:15.491378,0.31101622205318336,0.09809977526936561,2,0.26338405070727355,0.03915419770310807,0.028101592704021267,0.004494782546726909,0.02804730953982159,0.01504260964560829,0.04070798641525387,18,45,0.034591432682386444,0.19402151139319398,True,False,False,1.5798635781570206e-05,COMPLETE
880,0.5036741971969605,2025-04-04 13:19:38.363213,2025-04-04 13:21:11.798639,0 days 00:01:33.435426,0.39540773126258205,0.07914098195889979,2,0.27085930891835674,0.05340202228022458,0.02113368037092557,0.0064834385201249746,0.024794152323736333,0.006279722389692138,0.05259616519460951,24,53,0.06894988970203111,0.20677458235551022,True,False,False,1.0792493561502074e-05,COMPLETE
881,0.3883970320224762,2025-04-04 13:21:12.090285,2025-04-04 13:22:50.659589,0 days 00:01:38.569304,0.37245742284132205,0.0573272523587004,2,0.23474824708681755,0.06213570201539524,0.04709568737960511,0.0448088297573975,0.033733588570910335,0.009878779343725833,0.08417264831199057,25,43,0.008543670172614166,0.2151200611044093,True,False,False,5.794138180946335e-06,COMPLETE
882,0.41524438261985785,2025-04-04 13:22:50.956316,2025-04-04 13:24:20.296731,0 days 00:01:29.340415,0.32981467548919224,0.07586036359913531,2,0.28616742936342715,0.04501548709393481,0.01609441152389401,0.003230703799835792,0.08531751176706812,0.008502711299710643,0.06184040318100865,22,71,0.04806757802004633,0.2780138851877965,True,False,False,3.404171464759601e-06,COMPLETE
883,0.9872564792633057,2025-04-04 13:24:20.591107,2025-04-04 13:25:45.541479,0 days 00:01:24.950372,0.3530806407285553,0.1969721174041929,2,0.25781086829185473,0.05833181792868106,0.025900767894211908,0.004919778485077512,0.0032768620482524075,0.012832726992551695,0.07417482844395028,21,63,0.0063803041445747955,0.21915861550486088,True,False,False,8.288046181520887e-06,COMPLETE
884,0.6682731270790101,2025-04-04 13:25:45.821431,2025-04-04 13:27:06.964533,0 days 00:01:21.143102,0.30834522805692366,0.1686380687462278,2,0.25708954513950905,0.05977632383684103,0.02630664893263993,0.029790063058485708,0.018620015391867313,0.014691698932286987,0.07125590318597698,20,62,0.009087675119117003,0.20880479385073902,True,False,False,7.454998501288298e-07,COMPLETE
885,0.46238961815834045,2025-04-04 13:27:07.255671,2025-04-04 13:28:34.291332,0 days 00:01:27.035661,0.33820834646088993,0.1339121979989985,2,0.26694637252575804,0.061130802893595695,0.028844587507879722,0.004726581566248743,0.08710806415515934,0.013102081925576395,0.08491689300560445,21,65,0.011790473520467512,0.20212730070381404,True,False,False,1.1342087539564176e-05,COMPLETE
886,0.9844696283340455,2025-04-04 13:28:34.583988,2025-04-04 13:30:02.515799,0 days 00:01:27.931811,0.34949705705408163,0.17540892614786294,2,0.25753411680505706,0.05674540082352279,0.024131585459626546,0.05680171232525053,0.03605946600964232,0.012381680177772851,0.09908385171045765,22,55,0.007237031225180955,0.2198490036520148,True,False,False,8.889735496649149e-06,COMPLETE
887,0.8781004428863526,2025-04-04 13:30:02.795058,2025-04-04 13:31:31.345233,0 days 00:01:28.550175,0.3191051803805195,0.20598877452089234,2,0.2580376523865271,0.0511795791970841,0.02452112924585318,0.03720910528774077,0.005050418224428678,0.01575655671078402,0.08878233582268132,22,57,0.014011714388406808,0.21360576759389618,True,False,False,1.3784342372794351e-05,COMPLETE
888,0.40915514230728156,2025-04-04 13:31:31.636337,2025-04-04 13:33:00.086842,0 days 00:01:28.450505,0.29752834701769043,0.2129945385117828,2,0.25740204572570374,0.05363605250920559,0.02407599982089234,0.056365613595429395,0.009472623747589786,0.015224070484992165,0.09466122542137886,22,56,0.014223267053190925,0.2139128521507404,True,False,False,1.4573514144475102e-05,COMPLETE
889,0.452072674036026,2025-04-04 13:33:00.377858,2025-04-04 13:34:28.190660,0 days 00:01:27.812802,0.3083229383231395,0.13189405889541897,2,0.2599521555431657,0.06477224766502433,0.025140153356740556,0.04439101007124154,0.005305633012085486,0.014065458973384848,0.09808541191650623,22,61,0.011379091958638309,0.22001354520084634,True,False,False,1.9018819345983913e-05,COMPLETE
890,0.4428160488605499,2025-04-04 13:34:28.485320,2025-04-04 13:35:53.006194,0 days 00:01:24.520874,0.31672256753551703,0.18536226938520795,2,0.25394002847790803,0.06635263885339669,0.023063003319724582,0.0574862560080058,0.00425351481763703,0.012929059290091315,0.08578528709588325,21,63,0.01331652067297873,0.26586623172175416,True,False,False,1.6962290270838315e-05,COMPLETE
891,0.4124486446380615,2025-04-04 13:35:53.288740,2025-04-04 13:37:19.034328,0 days 00:01:25.745588,0.32548810106897164,0.2232186123785906,2,0.24989002776528688,0.06177194783714176,0.026432869230637708,0.06139458080049188,0.0346773216943398,0.013085033472859511,0.07450122428953913,21,58,0.01240438978401388,0.1992750920486654,True,False,False,1.8766344973882173e-05,COMPLETE
892,0.41224247813224796,2025-04-04 13:37:19.329939,2025-04-04 13:38:48.579623,0 days 00:01:29.249684,0.3163482669842362,0.1865870413631533,2,0.26293890273335135,0.05769063241333619,0.02139022698457008,0.04295046249229136,0.06413933772556712,0.01555506644800737,0.08771679006750652,22,58,0.013633376582380225,0.2050593881108505,True,False,False,1.3542159295281386e-05,COMPLETE
893,0.3898723363876343,2025-04-04 13:38:48.873220,2025-04-04 13:40:14.186416,0 days 00:01:25.313196,0.33372096020781034,0.15807025641776556,2,0.25140425764870145,0.055634664348296975,0.023837457781771754,0.0747371071419593,0.03566747714751592,0.016288377188561846,0.07429113900571084,21,60,0.010442518171074205,0.21750547078426843,True,False,False,1.5190771750237603e-05,COMPLETE
894,0.39098455309867863,2025-04-04 13:40:14.484018,2025-04-04 13:41:43.996688,0 days 00:01:29.512670,0.32798052577511116,0.1987387207541582,2,0.257697440523664,0.056800901063046944,0.026992884585004182,0.03681809658242406,0.002456155804511852,0.012511652922542468,0.08606067004886724,22,56,0.009610973067288498,0.21183793810592036,True,False,False,1.2548423188598174e-05,COMPLETE
895,0.49045671224594123,2025-04-04 13:41:44.279027,2025-04-04 13:43:08.879130,0 days 00:01:24.600103,0.3038035770867246,0.25218705075480397,2,0.26924286907239486,0.06585135103252857,0.02233500765275604,0.03369822183238254,0.001057206485559098,0.011206338559716903,0.06310677178515765,21,55,0.01373781905218695,0.20730115983169567,True,False,False,1.347709781340792e-05,COMPLETE
896,0.29052439928054813,2025-04-04 13:43:09.173523,2025-04-04 13:44:26.900250,0 days 00:01:17.726727,0.34565776747953525,0.18250229232894233,2,0.2647752293180718,0.05900158305866983,0.01976030663615853,0.0679851991930088,0.008842082936470144,0.013977027487100693,0.09924678618402186,22,61,0.007333165072615779,0.19224217464320942,True,True,True,1.1333365850861885e-05,COMPLETE
897,0.4130958795547486,2025-04-04 13:44:27.196483,2025-04-04 13:45:51.741693,0 days 00:01:24.545210,0.3440755789351172,0.19875742757729067,2,0.2451829357779467,0.05225331756353484,0.02516787185375764,0.040171853650696684,0.010776030821860565,0.012484768836927415,0.070915297799651,21,58,0.010900087671054555,0.26332618658123425,False,False,False,9.977014214563447e-06,COMPLETE
898,0.8816821932792664,2025-04-04 13:45:52.039090,2025-04-04 13:47:20.442655,0 days 00:01:28.403565,0.3525883964064487,0.10693278494064076,2,0.2495784941891313,0.051346522539665256,0.028317386151087767,0.0662681703169153,0.03669436673199083,0.011325358225913506,0.05910278675767613,22,55,0.008194426025947353,0.22100369077833773,True,False,False,1.9896503525593068e-05,COMPLETE
