number,value,datetime_start,datetime_complete,duration,params_alpha-eval,params_alpha-train,params_batch-size,params_eps-eval,params_eps-train,params_lambda-actions-eval,params_lambda-actions-train,params_lambda-frames-eval,params_lambda-frames-train,params_learning-rate,params_n-epochs,params_n-frames,params_radius-gw,params_rho,params_std-feats,params_ub-actions,params_ub-frames,params_weight-decay,state
617,0.6792354822158814,2025-04-04 09:23:37.572517,2025-04-04 09:24:17.012229,0 days 00:00:39.439712,0.44406806471651217,0.010827292176347128,8,0.05464984013121049,0.052233317358222106,0.09987523474762458,0.012442991943436682,0.04640230571913278,0.08663661017788654,0.00044448733996175967,27,113,0.005893615369272962,0.2411833399724511,True,False,False,3.39489362332131e-06,COMPLETE
618,0.6792354822158814,2025-04-04 09:24:17.218766,2025-04-04 09:24:55.340211,0 days 00:00:38.121445,0.3529864433891361,0.045037618608677076,8,0.039710972027690264,0.03729192802103622,0.02643293410875827,0.00554663936173953,0.05045805532590627,0.004458538588680145,0.00038129166998358935,26,102,0.0038586573811643567,0.2460431128416978,True,False,False,5.55000046515969e-06,COMPLETE
619,0.41876097321510314,2025-04-04 09:24:55.537506,2025-04-04 09:25:35.253627,0 days 00:00:39.716121,0.4245860076338213,0.06519319419865588,8,0.066344977606708,0.014246468672572656,0.09651428336497624,0.008739092807841145,0.04469354270622404,0.002816144107071963,0.00026900361593623363,28,108,0.009867432865199725,0.2355622452970615,True,False,False,1.8211935428972168e-06,COMPLETE
620,0.6792354822158814,2025-04-04 09:25:35.462609,2025-04-04 09:26:13.256881,0 days 00:00:37.794272,0.38009210885532546,0.04587799068258508,8,0.050091870723495364,0.02815653267184521,0.09368987185924406,0.013889335593216222,0.040889605341445916,0.0010575196776437899,0.0002030807879660716,25,114,0.0026446862448949488,0.2499455979936631,True,False,False,8.577632606242556e-06,COMPLETE
621,0.6792354822158814,2025-04-04 09:26:13.454063,2025-04-04 09:26:51.736870,0 days 00:00:38.282807,0.3990480341729225,0.028759337632040527,8,0.07065504284874359,0.045630527085525244,0.09992690807604374,0.01076581458487229,0.048262018881692854,0.007012297321932045,0.0005082662562018168,26,104,0.007971147091115374,0.22786499927132156,True,False,False,4.408410362003682e-06,COMPLETE
622,0.29052439928054813,2025-04-04 09:26:51.944335,2025-04-04 09:28:25.632360,0 days 00:01:33.688025,0.4252942689590413,0.030173284888032694,2,0.057763598272396695,0.02216640010893062,0.09999862330463101,0.013605720537056075,0.042712343245646135,0.0054752606746220085,0.00031458283410874783,27,110,0.005831154361972097,0.2625930436059867,True,True,True,6.512308490508164e-06,COMPLETE
623,0.48071715831756595,2025-04-04 09:28:25.828660,2025-04-04 09:29:03.321855,0 days 00:00:37.493195,0.37149378849290937,0.06913763633055094,8,0.044953223212931714,0.0322351027576629,0.09691722433613689,0.007016725787830533,0.04606783431904291,0.0010266399927606222,0.000401995831020247,27,107,0.004264208801922298,0.24320728804823158,False,False,False,1.4392176030539394e-06,COMPLETE
624,0.6792354822158814,2025-04-04 09:29:03.530885,2025-04-04 09:29:43.680063,0 days 00:00:40.149178,0.45042654686660566,0.01122080816588201,8,0.06422306037119105,0.03964587858561554,0.09523085543870669,0.009951107630758203,0.04730089030281284,0.003958972969873656,0.00023938023479339423,28,110,0.006882850223080508,0.22334156992855952,True,False,False,2.331834438696646e-06,COMPLETE
625,0.6792354822158814,2025-04-04 09:29:43.880522,2025-04-04 09:30:23.598606,0 days 00:00:39.718084,0.413290441112036,0.04670345643218273,8,0.14987644622010488,0.032775816686272566,0.09771071277748311,0.011752166056470701,0.04427040246409254,0.003267454481340416,0.00034496108960918435,27,117,0.0024657214950841912,0.23326799985596353,True,False,False,3.121412670692417e-06,COMPLETE
626,0.6792354822158814,2025-04-04 09:30:23.809887,2025-04-04 09:31:01.936278,0 days 00:00:38.126391,0.3826695125398713,0.029774998620161624,8,0.05386683296527103,0.025402606848133835,0.09998875510530994,0.01522325146613767,0.0494923793248421,0.006053187630317026,0.000638742518708155,26,104,0.0010300151354910437,0.2389207206887673,True,False,False,5.149418493369963e-06,COMPLETE
627,0.43637022972106937,2025-04-04 09:31:02.141728,2025-04-04 09:31:42.463150,0 days 00:00:40.321422,0.40223178628467654,0.026418081756069155,8,0.06093084225763167,0.042464810160140525,0.09556911349501392,0.008772871563660535,0.0538387855074068,0.00266690264408166,0.00019182084530636464,28,113,0.009053100574041933,0.24861933280215548,True,False,False,3.815181970782773e-06,COMPLETE
628,0.6778515696525574,2025-04-04 09:31:42.677327,2025-04-04 09:32:19.435852,0 days 00:00:36.758525,0.43291310065515815,0.011014371753250995,8,0.049579756250788226,0.036295084342750646,0.09802192407961548,0.01319724056079352,0.04577520466687946,0.00440479261827505,0.0009819262576919283,24,108,0.004449613131616452,0.25723861128096015,True,False,False,6.811154182604442e-06,COMPLETE
629,0.6792354822158814,2025-04-04 09:32:19.637608,2025-04-04 09:32:58.772860,0 days 00:00:39.135252,0.38801896993130663,0.05429617596787932,8,0.19955477162919358,0.02925549963949256,0.0968026470551598,0.058451558620139274,0.04293190272602532,0.007846991374253594,0.00026952268659668577,27,106,0.006808282209207936,0.23031044567043094,True,False,False,1.1166264595970278e-05,COMPLETE
630,0.6792354822158814,2025-04-04 09:32:58.983668,2025-04-04 09:33:38.267172,0 days 00:00:39.283504,0.35443940167978494,0.039096696563946154,8,0.057454305898494006,0.019854576653334018,0.0938519919129998,0.06326558587526783,0.051502570735183946,0.0027727918152681977,0.0005075080482636626,27,111,0.0047011968619149885,0.2449488700112037,True,False,False,5.001729659682031e-06,COMPLETE
631,0.6702470660209656,2025-04-04 09:33:38.466330,2025-04-04 09:34:17.025314,0 days 00:00:38.558984,0.4739505425458611,0.011256054664643897,8,0.06886566659715433,0.04667599373397921,0.09811242158618892,0.011084734589578173,0.04020631613489604,0.005008050418438698,0.00041666013333556737,26,115,0.03690071743404855,0.2373284184066481,True,False,False,2.773756758226326e-06,COMPLETE
632,0.6792354822158814,2025-04-04 09:34:17.238246,2025-04-04 09:34:56.896528,0 days 00:00:39.658282,0.4157113217324067,0.010369501050776355,8,0.062429709784706855,0.036566615907693875,0.09993761280466087,0.004002821696165451,0.04842889706907768,0.0010311143367784763,0.0001521241440599461,28,102,0.008391112009306957,0.21135693007746154,True,False,False,3.720581844412742e-06,COMPLETE
633,0.6790370345115662,2025-04-04 09:34:57.094567,2025-04-04 09:35:36.335218,0 days 00:00:39.240651,0.45412297588420564,0.05846698040119567,8,0.04542376238874982,0.02761109761919292,0.09559568385090211,0.008107444493838935,0.04528501722541647,0.002742421740978422,0.0003351190707998017,27,109,0.0024005139619091647,0.21953042554479069,True,False,False,8.247490530499106e-06,COMPLETE
634,0.6628230094909668,2025-04-04 09:35:36.545552,2025-04-04 09:37:18.992969,0 days 00:01:42.447417,0.3979539727010239,0.010221581070970246,2,0.05363175702676135,0.04244560614341067,0.097873185028074,0.015391256185522482,0.05989068538304308,0.0010145108584987252,0.0002931985670533296,26,105,0.010226814385559745,0.2520970402930047,True,False,False,5.822599809444255e-06,COMPLETE
635,0.45721996426582334,2025-04-04 09:37:19.193844,2025-04-04 09:37:53.562994,0 days 00:00:34.369150,0.4293379461462299,0.040856697940076396,8,0.03850637817612833,0.053697755165405474,0.09326561535039397,0.01175282488762756,0.0469395751620498,0.005946364704453254,0.00024541783450472904,22,112,0.042688695727716296,0.24196117720157573,True,False,False,4.6607181804931984e-07,COMPLETE
636,0.6792354822158814,2025-04-04 09:37:53.773775,2025-04-04 09:38:32.824055,0 days 00:00:39.050280,0.37017973061598175,0.07638310963798059,8,0.06529809080910906,0.03367540718780646,0.09675021223147742,0.00959447618248426,0.04437002276294401,0.0010079430734341705,0.00037377967868995686,27,101,0.006538158089112997,0.20314017623990926,True,False,False,2.1149100807201614e-06,COMPLETE
637,0.6792354822158814,2025-04-04 09:38:33.024987,2025-04-04 09:39:13.358474,0 days 00:00:40.333487,0.3957226916050205,0.02812578021043052,8,0.07104104991385621,0.017717898027662434,0.09831939821962736,0.012916326992340785,0.04944501061272816,0.004249253545403097,0.0004885161573953474,28,120,0.004282761737706781,0.23099373784423632,True,False,False,4.343704786455105e-06,COMPLETE
638,0.43038992881774907,2025-04-04 09:39:13.571705,2025-04-04 09:39:52.437031,0 days 00:00:38.865326,0.43950096324782767,0.043467535276426855,8,0.05671172500423424,0.03812646543573349,0.09526672975405681,0.006742241334168917,0.0384372913279234,0.008628934838214126,0.018319379917174982,27,108,0.005838830327091117,0.23651406918913545,True,False,False,6.851009961564393e-06,COMPLETE
639,0.6792354822158814,2025-04-04 09:39:52.640132,2025-04-04 09:40:30.761155,0 days 00:00:38.121023,0.7749320891699008,0.02852108381748306,8,0.11546239200757694,0.025742718646652778,0.09826555917758861,0.009740680558520369,0.042406097285957275,0.0030666953990502737,0.0007035573597231353,25,116,0.0028465415145953812,0.24771274108945315,True,False,False,9.400675428300703e-06,COMPLETE
640,0.29052439928054813,2025-04-04 09:40:30.974533,2025-04-04 09:41:05.425664,0 days 00:00:34.451131,0.41106806592437634,0.5987279431723532,8,0.04947434049666917,0.04843345357165318,0.09994280244929406,0.013440106819118385,0.04697075578400077,0.004469492375451609,0.00032005353802247466,26,106,0.00825110463152774,0.22447418570921773,True,True,True,3.224876243047198e-06,COMPLETE
641,0.4854775607585907,2025-04-04 09:41:05.626672,2025-04-04 09:41:43.831566,0 days 00:00:38.204894,0.351692836884187,0.058790531785915895,8,0.059884624557214446,0.009619882017897423,0.09625258172392644,0.011380461938285742,0.04417546733627177,0.0065769313951836985,0.00018805801752641146,28,111,0.001097166593711086,0.24179323657980514,False,False,False,6.0595253457125445e-06,COMPLETE
642,0.6792354822158814,2025-04-04 09:41:44.052649,2025-04-04 09:42:23.495199,0 days 00:00:39.442550,0.9149479386807431,0.026347082234438563,8,0.053177323380914465,0.030287052195253766,0.09349836756728061,0.015686704154390024,0.04643526213077499,0.0030832725919168738,0.0004155477416776088,27,114,0.005317410239279702,0.2580464359337834,True,False,False,4.7765466168905955e-06,COMPLETE
643,0.6792354822158814,2025-04-04 09:42:23.698868,2025-04-04 09:43:02.984692,0 days 00:00:39.285824,0.38116896056745975,0.01138369147263017,8,0.06549916066167098,0.041400210105003325,0.09821738499892074,0.007716203586560788,0.05176827804232508,0.0010171934367744439,0.00023029019683428457,27,109,0.004251460254574179,0.2341251343684138,True,False,False,2.568558476864642e-06,COMPLETE
644,0.6792354822158814,2025-04-04 09:43:03.199725,2025-04-04 09:43:41.110817,0 days 00:00:37.911092,0.49769130970246883,0.04724069338374007,8,0.04417724698667948,0.034642427188250884,0.09663279918119376,0.012801098467569483,0.04869616625928894,0.002878312733373435,0.000592155779042396,26,104,0.006497861824139978,0.24584567166463528,True,False,False,3.6681881770774854e-06,COMPLETE
645,0.6792354822158814,2025-04-04 09:43:41.313420,2025-04-04 09:44:21.196978,0 days 00:00:39.883558,0.4191647431257835,0.010810689610765395,8,0.05987092705255454,0.02497860099585531,0.09499679294694734,0.009759154344441032,0.041871233818135845,0.004836290502645597,0.0002834951015487099,28,107,0.009857288588724786,0.250603179191674,True,False,False,1.00142461334862e-06,COMPLETE
646,0.6682623028755188,2025-04-04 09:44:21.410072,2025-04-04 09:46:08.657539,0 days 00:01:47.247467,0.45434769627113253,0.041400404984565514,2,0.07102738600564881,0.044413444124558527,0.09837644383234308,0.015064445412072362,0.045569455097762925,0.0063235415152433,0.00015609157004356535,27,112,0.0026975255005088745,0.2385977520804861,True,False,False,7.438889144099598e-06,COMPLETE
647,0.671970558166504,2025-04-04 09:46:08.872998,2025-04-04 09:46:48.643394,0 days 00:00:39.770396,0.39651375052883076,0.0718444334440922,8,0.052733551478592926,0.03136656059374166,0.09689838067662658,0.005867348731348119,0.04338602563974909,0.003014256877200063,0.00034052672474284024,27,123,0.007714008702471778,0.22713938138550419,True,False,False,1.2818941506006809e-05,COMPLETE
648,0.6792354822158814,2025-04-04 09:46:48.848480,2025-04-04 09:47:28.935799,0 days 00:00:40.087319,0.43204502347649243,0.010262886381216668,8,0.06446618094517298,0.03832548884510097,0.09996153522411554,0.011232126289293452,0.047581507599662544,0.0010460871212982855,0.0004533101473930166,28,109,0.004236903607984065,0.2531756420374429,True,False,False,5.3065031938714605e-06,COMPLETE
649,0.8921232223510742,2025-04-04 09:47:29.154373,2025-04-04 09:48:07.008206,0 days 00:00:37.853833,0.3709121824243879,0.02957989863655284,8,0.2217657060620758,0.0207547352471389,0.021834460366462406,0.008809916236197621,0.050005113200317225,0.0048331920043922895,0.03920072680633511,26,101,0.006217754128905336,0.2172566351242871,True,False,False,4.203940864395959e-06,COMPLETE
650,0.29052439928054813,2025-04-04 09:48:07.215011,2025-04-04 09:48:43.413517,0 days 00:00:36.198506,0.3453447513197707,0.8017678926766663,8,0.13123969035483019,0.014855994232902393,0.017475876620123017,0.0049188514210093655,0.05661766813296931,0.007580108303294192,0.00020125272321068566,25,101,0.010285189266616264,0.21520911474124915,True,False,False,4.596984260136925e-06,COMPLETE
651,0.5208875656127929,2025-04-04 09:48:43.631049,2025-04-04 09:49:20.621584,0 days 00:00:36.990535,0.36629298073499106,0.07136638074288393,8,0.266101320463418,0.009432059056300245,0.09823525525525281,0.007733078799958417,0.05366780426082912,0.005165534475761362,0.01305266522847379,25,103,0.008542408406877313,0.20859110701622366,True,False,False,1.0054013720099642e-05,COMPLETE
652,0.6792354822158814,2025-04-04 09:49:20.828388,2025-04-04 09:49:58.803927,0 days 00:00:37.975539,0.37037248246999943,0.04238985147721781,8,0.18058809469723403,0.01992833441028411,0.0999936597964935,0.009237348034014768,0.051506027499896245,0.00932621024123188,0.001723015978631593,26,101,0.006452794806566572,0.21558846727836872,True,False,False,6.296008830972271e-06,COMPLETE
653,0.6741929292678833,2025-04-04 09:49:59.023472,2025-04-04 09:50:37.663350,0 days 00:00:38.639878,0.3473478693530993,0.031171786639118588,8,0.20930262813926817,0.051720199528991095,0.024156736495221955,0.013131579658410542,0.05522904493255076,0.004467437444184755,0.00817832602454432,26,105,0.006306008567278984,0.20402131249321037,True,False,False,8.279355728088618e-06,COMPLETE
654,0.6792354822158814,2025-04-04 09:50:37.874508,2025-04-04 09:51:15.877995,0 days 00:00:38.003487,0.3883788218783534,0.056455870331169014,8,0.22319316025058636,0.021257160338789764,0.04665941602920838,0.0075844548206463625,0.04973492606878298,0.0067611392992172606,0.00024872590712224075,26,105,0.008030204393705036,0.21966280187320297,True,False,False,4.175524695413593e-06,COMPLETE
655,0.6792354822158814,2025-04-04 09:51:16.101601,2025-04-04 09:51:53.922990,0 days 00:00:37.821389,0.373943295732707,0.032000819776403476,8,0.0711197524797518,0.024754424459482397,0.05455670796060928,0.08109830973835308,0.051027986594252756,0.002933173695227948,0.0002853413897860637,26,100,0.004929727509049771,0.21135116431054315,True,False,False,5.764463086443438e-06,COMPLETE
656,0.4081559419631958,2025-04-04 09:51:54.130999,2025-04-04 09:52:31.416287,0 days 00:00:37.285288,0.4058395726184585,0.05379701372490503,8,0.2216608380979634,0.039896985301871635,0.03928320692394603,0.011652143605489905,0.04909832556026577,0.004733256917410165,0.0002203917900449859,25,107,0.06718800420428883,0.22229569369052643,True,False,False,2.9651829747073228e-06,COMPLETE
657,0.4272102236747742,2025-04-04 09:52:31.638556,2025-04-04 09:53:11.070080,0 days 00:00:39.431524,0.3907303145840939,0.03293107026197448,8,0.060046947595897904,0.033792897391630446,0.06322196220436258,0.009481085469925555,0.040560912579944944,0.0028379115223961695,0.00017433890288844344,27,118,0.010471046651756811,0.22482752887288907,True,False,False,1.8397597779193772e-06,COMPLETE
658,0.655506992340088,2025-04-04 09:53:11.273709,2025-04-04 09:54:54.140692,0 days 00:01:42.866983,0.4131296846750189,0.010073945592553346,2,0.04881912100477381,0.014849790121300756,0.09552148091224617,0.014100427867699114,0.044922604531321866,0.008574478921849326,0.0003441684676581436,26,112,0.0063070897065997155,0.23012765004250538,True,False,False,7.4457271809365275e-06,COMPLETE
659,0.3244439065456391,2025-04-04 09:54:54.360225,2025-04-04 09:55:29.225680,0 days 00:00:34.865455,0.362392817462223,0.07024724040981677,8,0.2422457920312566,0.04614562040922069,0.09701108423584556,0.0059707673378618376,0.04762948661052518,0.005813752080269808,0.0002910931010358582,27,104,0.008324956607323802,0.21695109444264296,True,False,True,1.0127497053288987e-08,COMPLETE
660,0.29052439928054813,2025-04-04 09:55:29.435930,2025-04-04 09:56:03.106539,0 days 00:00:33.670609,0.38735337228916306,0.03228394336616555,8,0.0657984457262182,0.003387516749934122,0.09295731288052957,0.003732532948356196,0.0432602645110408,0.002662860293408336,0.0005076983268131046,28,114,0.00376006347236544,0.23103752954380768,False,True,False,4.8563772849279695e-06,COMPLETE
661,0.38853259086608893,2025-04-04 09:56:03.325924,2025-04-04 09:56:38.631161,0 days 00:00:35.305237,0.4193725225421196,0.010328246916520054,8,0.23328197211665086,0.02877474064780297,0.03477113400413067,0.011263873658727884,0.05283347690236541,0.004302090227980994,0.0004031100184938739,26,12,0.0056561660031168425,0.23519076456503712,True,False,False,5.812701566050442e-06,COMPLETE
662,0.3676184415817261,2025-04-04 09:56:38.841821,2025-04-04 09:57:15.713918,0 days 00:00:36.872097,0.4038329264045575,0.9006719379528496,8,0.26493423828103146,0.036099473362424125,0.09838516485802354,0.015610913147344668,0.04568125204521643,0.0026678623102073086,0.030854336369233334,27,6,0.0027451483208781563,0.20950664969860133,True,False,False,4.093286684771137e-06,COMPLETE
663,0.3719667613506318,2025-04-04 09:57:15.935165,2025-04-04 09:57:55.272983,0 days 00:00:39.337818,0.3728574968373645,0.9572776950434853,8,0.1827364436928876,0.04179843996138892,0.02014857740830746,0.00832247282330553,0.04907166876116439,0.001020478223856104,0.002860459934708477,27,109,0.007509704090925244,0.2225115089158531,True,False,False,3.4102324008615157e-06,COMPLETE
664,0.6780417084693909,2025-04-04 09:57:55.482785,2025-04-04 09:58:35.915604,0 days 00:00:40.432819,0.3465715524731318,0.047911860279307814,8,0.056740221093300874,0.021886841043328574,0.09533107960170192,0.013015310782139345,0.042129346226836034,0.006627384495960146,0.010551005139984781,28,107,0.004662218527917304,0.22749187237341062,True,False,False,2.431975352060806e-06,COMPLETE
665,0.42987163066864015,2025-04-04 09:58:36.136232,2025-04-04 09:59:13.497768,0 days 00:00:37.361536,0.39721201887585367,0.029283955941327544,8,0.041793492760849274,0.02955007675414232,0.09835560847744745,0.009727978608086342,0.05051347556545428,0.004299447411185779,0.00034704025298759876,26,103,0.009760119878004642,0.2391734682333609,True,False,False,1.5019384451985623e-06,COMPLETE
666,0.6792354822158814,2025-04-04 09:59:13.720784,2025-04-04 09:59:52.757026,0 days 00:00:39.036242,0.4271986866053473,0.02945395877791966,8,0.29995908561499507,0.03396142262194902,0.09995745135989935,0.011605438653936062,0.046651502864839774,0.003236422971985422,0.00025336259808677,27,111,0.0010703851679041915,0.23288825545954778,True,False,False,1.0399820247464336e-05,COMPLETE
667,0.6792354822158814,2025-04-04 09:59:52.968380,2025-04-04 10:00:32.583355,0 days 00:00:39.614975,0.38249868779935914,0.059363238136291574,8,0.19577052673603249,0.04816862554449536,0.09468242713868374,0.013857911344405683,0.04423072763464261,0.006076218757020348,0.00015728544264241546,27,115,0.005781564076315343,0.24528408707899313,True,False,False,6.864088544711488e-06,COMPLETE
668,0.6792354822158814,2025-04-04 10:00:32.811416,2025-04-04 10:01:09.244647,0 days 00:00:36.433231,0.41686648103086205,0.027923373016574365,8,0.06260329628411278,0.03954293327993542,0.09659133622465635,0.007543248285601498,0.0475435920467485,0.0010078460750732887,0.0007816490970993344,24,106,0.0028706435351022984,0.21908136368206657,True,False,False,4.9452690651450915e-06,COMPLETE
669,0.5538556933403016,2025-04-04 10:01:09.455948,2025-04-04 10:01:49.013412,0 days 00:00:39.557464,0.43936392633488097,0.010157753766881328,8,0.04857033201308015,0.024775627983208398,0.09994187183828082,0.010051691701071303,0.04489432371492614,0.002788200310128293,0.005562967155649121,28,100,0.007577379526296614,0.23815114714509839,True,False,False,3.900454912271589e-06,COMPLETE
670,0.6792354822158814,2025-04-04 10:01:49.240698,2025-04-04 10:02:27.554744,0 days 00:00:38.314046,0.3620604328311462,0.046556151087781425,8,0.054230172406423034,0.03235981682961181,0.09708020076060744,0.015437217795455194,0.0397945627102334,0.004451552751115919,0.0003029380962734594,26,110,0.004550821900957081,0.24521040857404958,True,False,False,7.61529527072355e-06,COMPLETE
671,0.6762912631034851,2025-04-04 10:02:27.767282,2025-04-04 10:04:14.908771,0 days 00:01:47.141489,0.4065543472639911,0.010063609991769886,2,0.034529288482390987,0.052775651845733365,0.0999654597968912,0.012290319905693896,0.04825016046650881,0.0010373644853995093,0.00020625080581467066,27,108,0.006799004036439666,0.22790245700686962,True,False,False,3.0722491009452263e-06,COMPLETE
672,0.370975810289383,2025-04-04 10:04:15.135564,2025-04-04 10:04:55.905765,0 days 00:00:40.770201,0.3890340137719624,0.0791100801375289,8,0.07092430284016463,0.27899628559210427,0.03657483175901102,0.009535038594016668,0.04320913988645564,0.007315501190439664,0.001326657137921507,28,112,0.0027223924971341473,0.2545043909803204,True,False,False,1.999108042173384e-06,COMPLETE
