number,value,datetime_start,datetime_complete,duration,params_alpha-eval,params_alpha-train,params_batch-size,params_eps-eval,params_eps-train,params_lambda-actions-eval,params_lambda-actions-train,params_lambda-frames-eval,params_lambda-frames-train,params_learning-rate,params_n-epochs,params_n-frames,params_radius-gw,params_rho,params_std-feats,params_ub-actions,params_ub-frames,params_weight-decay,state
1980,0.4157014131546021,2025-04-05 04:50:15.388494,2025-04-05 04:50:51.132083,0 days 00:00:35.743589,0.08760802012897417,0.3302190423721566,2,0.23220802565510584,0.08309328944787003,0.011225500795967347,0.04793079860619075,0.018594129615063057,0.09989288446588526,0.06153967923452957,7,36,0.0061764426991368394,0.19990129614385996,True,False,True,5.407636057385497e-08,COMPLETE
1981,0.3431824624538422,2025-04-05 04:50:51.796506,2025-04-05 04:51:30.195182,0 days 00:00:38.398676,0.10558905982917978,0.5441784888579697,2,0.25106123420584947,0.11557128786866143,0.009432758674839978,0.03204816035769326,0.014398021629641657,0.08808206724685272,0.041845837651532734,8,33,0.005637696633868162,0.21515338166943224,True,False,True,4.00210684090097e-08,COMPLETE
1982,0.4155769646167755,2025-04-05 04:51:30.862315,2025-04-05 04:52:11.805187,0 days 00:00:40.942872,0.038614660625269345,0.3521447801210243,2,0.23878846762364297,0.07420929362582443,0.01138264322149432,0.04585283002936343,0.01128343369923014,0.051615160946341845,0.05517310513028516,9,40,0.007364061951949247,0.20946957295519292,True,False,True,2.7003335806682847e-08,COMPLETE
1983,0.49261436462402347,2025-04-05 04:52:12.442988,2025-04-05 04:52:51.484960,0 days 00:00:39.041972,0.06335122191808996,0.40103816204550574,2,0.2263922335890568,0.09058237647490787,0.007388893037273665,0.03007771229702165,0.016069215725157245,0.09088750837333583,0.07957523489305857,8,36,0.00515651120684086,0.19343964201032474,True,True,True,4.865724185735715e-08,COMPLETE
1984,0.4071631491184235,2025-04-05 04:52:52.144534,2025-04-05 04:53:27.592512,0 days 00:00:35.447978,0.08433952917405942,0.3942773746141901,2,0.24437614477788838,0.07379202327429828,0.012627281493409389,0.03496640893747997,0.009393352143509235,0.09359903458560377,0.004302180789673796,7,32,0.008898306354816716,0.20070447655443172,True,False,True,1.975391688456909e-08,COMPLETE
1985,0.413366985321045,2025-04-05 04:53:28.256728,2025-04-05 04:54:03.787702,0 days 00:00:35.530974,0.1139812262503907,0.32381355582333704,2,0.2292598526161865,0.08191153146409744,0.008869046810138309,0.04713563802276574,0.014493422138168328,0.0964847986096917,0.06812064814955504,7,36,0.004821409165597157,0.2065502371871299,False,False,True,5.758636610031995e-08,COMPLETE
1986,0.4608606815338135,2025-04-05 04:54:04.427724,2025-04-05 04:54:42.341965,0 days 00:00:37.914241,0.04096887433830379,0.37794565983609724,2,0.23597496744271618,0.07628222386337902,0.049971119629884084,0.03283939606472136,0.02008469642299225,0.08982903714898897,0.05159208549593909,8,32,0.007369613178548062,0.19221632089866647,True,False,True,3.6735108264914265e-08,COMPLETE
1987,0.3358302295207978,2025-04-05 04:54:43.006577,2025-04-05 04:55:24.207338,0 days 00:00:41.200761,0.09453349276420145,0.5013639503117016,2,0.22105745354583936,0.08672812405282143,0.01193120180200253,0.033950460953299885,0.0172133313670454,0.09451730258159262,0.0821118431393974,9,39,0.00931236713575075,0.21660368615088876,True,False,True,2.999661902827021e-08,COMPLETE
1988,0.29447271227836613,2025-04-05 04:55:24.874366,2025-04-05 04:56:00.394175,0 days 00:00:35.519809,0.07148106591533387,0.3486276418438066,2,0.2566934791482709,0.1049996379327278,0.01584642488446538,0.049847230106352725,0.009358016161706745,0.08785935310724544,0.061875100775662197,7,31,0.005545200669386688,0.22467443322064407,True,False,True,6.100260429877098e-08,COMPLETE
1989,0.4150041818618775,2025-04-05 04:56:01.032451,2025-04-05 04:56:36.582558,0 days 00:00:35.550107,0.1268244970299045,0.36577690857553513,2,0.2487822826423218,0.07183800171353873,0.005341863871252322,0.045008342888771376,0.0125126810039801,0.09675851940092907,0.07307065986855378,7,40,0.00485790777405606,0.20058384830866616,True,False,True,4.6511886160693026e-08,COMPLETE
1990,0.29072968363761903,2025-04-05 04:56:37.248352,2025-04-05 04:57:15.859460,0 days 00:00:38.611108,0.056556674698771355,0.38095927111167555,2,0.24266115996409726,0.07774998988850212,0.013550914479515362,0.028188271240025965,0.022380395321306864,0.09236531158087166,0.04701520348778483,8,34,0.007099917141800369,0.20723309228746012,True,False,True,3.842963070836896e-08,COMPLETE
1991,0.2922163546085358,2025-04-05 04:57:16.524601,2025-04-05 04:57:52.293774,0 days 00:00:35.769173,0.10212480170030758,0.33103303363174025,2,0.22975634495867409,0.0994951872825819,0.010164115032341157,0.03141812550189059,0.010948385653776274,0.09470583912917367,0.08280659873394125,7,37,0.004583863417313369,0.19360062048280502,True,False,True,6.079375945571363e-08,COMPLETE
1992,0.3729061782360077,2025-04-05 04:57:52.940021,2025-04-05 04:58:30.874405,0 days 00:00:37.934384,0.07768939646502743,0.3929113607019216,2,0.23921210982927926,0.07244594202562243,0.0012449844547118352,0.03542666159279868,0.018916641923712556,0.09996946322475994,0.0592411390413211,8,28,0.009407283914122253,0.20180270950793486,True,False,True,2.2347392698608887e-08,COMPLETE
1993,0.946265196800232,2025-04-05 04:58:31.542919,2025-04-05 04:59:07.224575,0 days 00:00:35.681656,0.13363405326897032,0.3595940343058264,2,0.22112168078858438,0.06672815597775016,0.015693003916685003,0.04581058846098769,0.013546991372757361,0.0876850964843465,0.06707003948621565,7,36,0.006302397458779995,0.2139524371352311,True,False,True,4.459089212087086e-08,COMPLETE
1994,0.3742470383644104,2025-04-05 04:59:07.874087,2025-04-05 04:59:49.937334,0 days 00:00:42.063247,0.032702846607093904,0.324014094416542,2,0.2543030650044723,0.17525992055079445,0.013823355015771671,0.048301398728605886,0.00930956951636917,0.09730108917928558,0.08101725752077786,9,150,0.04039074258628732,0.1920802128387785,True,False,True,2.8982559314136284e-08,COMPLETE
1995,0.29215896129608154,2025-04-05 04:59:50.603050,2025-04-05 05:00:28.591902,0 days 00:00:37.988852,0.05739363633568287,0.41844900587960066,2,0.23368275476773934,0.08270951859045571,0.009656343799249192,0.03679587504469408,0.016723469005329856,0.08972162413002568,0.05340051911829582,8,30,0.004236814810937697,0.20748597496152918,True,False,True,5.4983722607364024e-08,COMPLETE
1996,0.27136288285255433,2025-04-05 05:00:29.259495,2025-04-05 05:00:44.499742,0 days 00:00:15.240247,0.09625873516905563,0.4047171183079946,16,0.2263068797115012,0.0905198473896535,0.012632803041345312,0.04388316800012875,0.01529468777008288,0.09157213702935253,0.04023653425569359,6,40,0.007675766409039702,0.19847662729191695,True,False,True,3.6956000108588026e-08,COMPLETE
1997,0.349598103761673,2025-04-05 05:00:45.141317,2025-04-05 05:01:20.484746,0 days 00:00:35.343429,0.10997977270566046,0.34772463344716414,2,0.2472251882092409,0.07675641375291876,0.0712819790047633,0.033254318153999984,0.012345619411491425,0.09543144145585213,0.08330516589894167,7,32,0.0045879538385436135,0.2193408298066308,True,False,True,4.571843504294276e-08,COMPLETE
1998,0.9851513624191284,2025-04-05 05:01:21.150963,2025-04-05 05:02:02.223822,0 days 00:00:41.072859,0.08243535052462857,0.380212428872415,2,0.23802034820672274,0.07080513192008703,0.011436570359530872,0.05198700371815277,0.020329697117725316,0.09821190883218368,0.06371290430566823,9,34,0.00586730400558186,0.211779034042798,True,False,True,7.01700440368145e-08,COMPLETE
1999,0.29250327944755555,2025-04-05 05:02:02.893052,2025-04-05 05:02:35.778068,0 days 00:00:32.885016,0.5796114308990181,0.4300865920762124,2,0.21874984698155867,0.06510658569183912,0.006410158623737296,0.03574548248346143,0.00838178297447478,0.05028031812475008,0.07140735748104882,6,26,0.008945595702037889,0.20529703352018547,True,False,True,3.132436593615908e-08,COMPLETE
