number,value,datetime_start,datetime_complete,duration,params_alpha-eval,params_alpha-train,params_batch-size,params_eps-eval,params_eps-train,params_lambda-actions-eval,params_lambda-actions-train,params_lambda-frames-eval,params_lambda-frames-train,params_learning-rate,params_n-epochs,params_n-frames,params_radius-gw,params_rho,params_std-feats,params_ub-actions,params_ub-frames,params_weight-decay,state
1923,0.39389427900314333,2025-04-05 04:14:14.212766,2025-04-05 04:14:58.149079,0 days 00:00:43.936313,0.1214128119679947,0.432957163765742,2,0.256285332240538,0.0676862265189468,0.009385270916431538,0.036168385225677786,0.01677219345817259,0.0890844102818348,0.052224464762120996,10,33,0.00301962839069622,0.2203994970532396,True,False,True,5.419304560441525e-08,COMPLETE
1924,0.4167203783988953,2025-04-05 04:14:58.777823,2025-04-05 04:15:39.382686,0 days 00:00:40.604863,0.10562982333376719,0.48421065339703145,2,0.2471785332202415,0.0735865515910504,0.013162787240738976,0.0384732246572156,0.01453754399342087,0.09356994070445838,0.05234568051742285,9,28,0.044077898320670064,0.20484464043881923,True,False,True,6.738860857410164e-08,COMPLETE
1925,0.3341722249984741,2025-04-05 04:15:40.027084,2025-04-05 04:16:20.785303,0 days 00:00:40.758219,0.10247348465019988,0.4588102374775983,2,0.25147022865513796,0.06783721976533905,0.010489220170257779,0.03535599915005561,0.012461908551967098,0.09197640183758053,0.0433455358892252,9,32,0.006856299635541432,0.20090785353509133,True,False,True,3.9623917507051526e-08,COMPLETE
1926,0.28975760340690615,2025-04-05 04:16:21.433010,2025-04-05 04:17:04.846032,0 days 00:00:43.413022,0.6893601732672211,0.4147470800393728,2,0.2331803905625695,0.23331701587451986,0.012515373169335174,0.03791711909925036,0.014955120110342349,0.09495555935913629,0.05565707311497003,10,25,0.05804185132028384,0.21218026161804218,True,False,True,5.005757861274898e-08,COMPLETE
1927,0.39234766364097595,2025-04-05 04:17:05.473874,2025-04-05 04:17:47.346029,0 days 00:00:41.872155,0.12051511931225892,0.45443381683526946,2,0.11724602261040624,0.0825117511787308,0.008769278205890928,0.03931103967928892,0.018480773533733223,0.09279382556239792,0.05637570760880028,9,36,0.004999305754006448,0.1984460687738465,True,True,True,5.9237182410794245e-08,COMPLETE
1928,0.3025274157524109,2025-04-05 04:17:47.995928,2025-04-05 04:18:29.048544,0 days 00:00:41.052616,0.08965854350008373,0.4151838406606109,2,0.23753882195778941,0.07641398159121968,0.011135030588775931,0.034227452475427224,0.01264928298345152,0.08925068433563879,0.046929388917033084,9,31,0.0029731455744036782,0.20609034207265428,True,False,True,6.799875336645712e-08,COMPLETE
1929,0.4160239934921265,2025-04-05 04:18:29.706029,2025-04-05 04:19:13.537389,0 days 00:00:43.831360,0.08518687156532348,0.3939100659511609,2,0.24252478646888528,0.06837097122617596,0.013192746482939758,0.03943490406011052,0.018686101363019247,0.09488638801668779,0.05555408083792999,10,34,0.008758389797682162,0.2120401051406888,False,False,True,4.097115858515762e-08,COMPLETE
1930,0.2907038748264313,2025-04-05 04:19:14.184971,2025-04-05 04:19:54.574419,0 days 00:00:40.389448,0.1161564853066864,0.44430165268894817,2,0.23003214347263146,0.08770696110784071,0.013266148526556628,0.03705940212501102,0.01230045335106773,0.09003670797986597,0.062483551138505185,9,29,0.006546418683996177,0.19668382066333448,True,False,True,4.9722557066063033e-08,COMPLETE
1931,0.28904225230216984,2025-04-05 04:19:55.198478,2025-04-05 04:20:36.540005,0 days 00:00:41.341527,0.10079196514357933,0.3882084118014918,2,0.25011190393794813,0.07400683522219839,0.010157997333443941,0.035629979056778824,0.01643640279307431,0.0963883483474138,0.04516558636579209,9,38,0.004934273996622203,0.22204021878281424,True,False,True,7.277856960939733e-08,COMPLETE
1932,0.2911610245704651,2025-04-05 04:20:37.184287,2025-04-05 04:21:20.662425,0 days 00:00:43.478138,0.08039543542841912,0.49774774898575924,2,0.2414220992161569,0.21740970614710103,0.006791764951637513,0.040191879299238085,0.015387709048915182,0.09980754875848577,0.05960604702021075,10,27,0.0027477301958676956,0.20392818797419363,True,False,True,3.9109013263835586e-08,COMPLETE
1933,0.2922854006290436,2025-04-05 04:21:21.311946,2025-04-05 04:21:37.244430,0 days 00:00:15.932484,0.12330770878695829,0.42077596898625336,16,0.23394625720962212,0.06620379365365583,0.014456646346420984,0.03250739439186149,0.013452781322689348,0.09260289330125998,0.04906227979712343,8,33,0.004605093278437146,0.21233626387806806,True,False,True,6.345630767359108e-08,COMPLETE
1934,0.4094479620456696,2025-04-05 04:21:37.863199,2025-04-05 04:22:18.962621,0 days 00:00:41.099422,0.13184595161134652,0.4672732387839788,2,0.2573509057711626,0.08155462375328473,0.010682300092425311,0.04294062360900427,0.012036202350284757,0.09061723637807129,0.063327671284286,9,38,0.0978189361079437,0.19993481547214303,True,False,True,3.326240463519115e-08,COMPLETE
1935,0.3473428964614868,2025-04-05 04:22:19.612606,2025-04-05 04:22:57.839295,0 days 00:00:38.226689,0.10039475988559073,0.3958799174067707,2,0.2438678572203498,0.07500706596290264,0.011868642637300501,0.03444176341665225,0.0182588932129166,0.09429777752560103,0.06302400505477242,8,35,0.007486028764690617,0.19615064963276158,True,False,True,4.9848152093012846e-08,COMPLETE
1936,0.9076857089996339,2025-04-05 04:22:58.491134,2025-04-05 04:23:39.472812,0 days 00:00:40.981678,0.07554697615707501,0.38069760844239553,2,0.23002379940539625,0.06669293175784119,0.008693510464678339,0.03944827069763815,0.014839885825517977,0.09665228056307011,0.054353532331857496,9,31,0.0028773197110864273,0.20744747911790976,True,False,True,7.924570310596917e-08,COMPLETE
1937,0.555429744720459,2025-04-05 04:23:40.101166,2025-04-05 04:24:18.019896,0 days 00:00:37.918730,0.09994928944063634,0.42089504272203704,2,0.15323267278472819,0.07234376400062165,0.013766182977050907,0.03030617918967812,0.010894501750219141,0.08869064334776187,0.06645217437122813,8,25,0.008727113026405156,0.21265522112445964,True,False,True,5.7142052319896e-08,COMPLETE
1938,0.3057297050952911,2025-04-05 04:24:18.670392,2025-04-05 04:24:56.483683,0 days 00:00:37.813291,0.1263988207894476,0.33689024540877355,2,0.2521858112107775,0.07936712142731159,0.012118621867095737,0.0416316567161775,0.01661372938392322,0.09282078806398686,0.04541123987595361,8,38,0.006616323868861008,0.2029413866575339,True,False,True,3.8103826631334484e-08,COMPLETE
1939,0.3850279808044434,2025-04-05 04:24:57.109925,2025-04-05 04:25:40.750755,0 days 00:00:43.640830,0.7941801952225866,0.4351486908327329,2,0.23728700234805558,0.0668960606702474,0.014965078321080745,0.03719375284712644,0.013351931937759711,0.09115806891842057,0.06681790771839614,10,28,0.004563491549870641,0.1956863792100188,True,False,True,7.614665196121434e-08,COMPLETE
1940,0.29052439928054813,2025-04-05 04:25:41.403354,2025-04-05 04:26:21.811185,0 days 00:00:40.407831,0.07804195167563296,0.36865986405924706,2,0.22878792814395718,0.09315475866963994,0.054333074905572015,0.044132793997750115,0.011294985882784618,0.09471793503439263,0.0551211393490191,9,32,0.003050293808707023,0.21604665792850233,True,False,True,4.758121877532227e-08,COMPLETE
1941,1.0,2025-04-05 04:26:22.438242,2025-04-05 04:27:00.825004,0 days 00:00:38.386762,0.06826800100330385,0.40731975934480574,2,0.24177487182536156,0.0845118785764697,0.00864959070664968,0.035436335335625915,0.01930568098043578,0.09848591886315375,0.06723920088041166,8,35,0.006465438256501314,0.21943283854715437,True,False,True,2.9031318725709383e-08,COMPLETE
1942,0.3850279808044434,2025-04-05 04:27:01.468639,2025-04-05 04:27:39.658062,0 days 00:00:38.189423,0.05918956286161012,0.41237247850233755,2,0.24955788771384368,0.0989385859120886,0.009467719577924291,0.03258561602085012,0.0202720282813175,0.09734055596819526,0.04084010548793656,8,30,0.0029157746179619285,0.22336300554719096,True,False,True,2.4939564794885586e-08,COMPLETE
1943,0.2926233530044556,2025-04-05 04:27:40.313730,2025-04-05 04:28:18.963273,0 days 00:00:38.649543,0.06581248454723841,0.43770627359089287,2,0.24799877371174509,0.08279123563347877,0.005545857788338512,0.03454624199799061,0.019791659201211103,0.09996244246121756,0.04920549983652636,8,34,0.005264157379508254,0.2224963967155284,True,False,True,2.776698825604266e-08,COMPLETE
1944,0.3339347064495087,2025-04-05 04:28:19.597663,2025-04-05 04:28:57.898838,0 days 00:00:38.301175,0.06445157751437092,0.4454322563149824,2,0.24495814353303108,0.09587742202129557,0.005719550020051222,0.03969035947434002,0.018982260527217337,0.09852450991108959,0.04368106765058297,8,24,0.009022584639133486,0.22314950631126187,True,False,True,2.606818048210569e-08,COMPLETE
1945,0.2925105154514313,2025-04-05 04:28:58.548023,2025-04-05 04:29:33.739741,0 days 00:00:35.191718,0.05672759322727096,0.41413844852993,2,0.2538545715478281,0.09101806554694598,0.0023782588700439217,0.03130294910715751,0.019148361678808793,0.09997107751061424,0.05049868144615466,7,28,0.004760695446343094,0.2200538845798059,True,False,True,2.5559309332825304e-08,COMPLETE
1946,0.29052439928054813,2025-04-05 04:29:34.396893,2025-04-05 04:30:13.192037,0 days 00:00:38.795144,0.07840217618185258,0.4309868478097848,2,0.24407940129285666,0.0914321885403283,0.008752681655440717,0.045527441174736664,0.018134647989141953,0.09784470741035917,0.05562454858390954,8,31,0.0029293513934642375,0.21920727003576299,False,True,True,3.512099183997148e-08,COMPLETE
1947,0.3008695363998413,2025-04-05 04:30:13.821867,2025-04-05 04:30:49.205913,0 days 00:00:35.384046,0.06255918812666708,0.46794726484191096,2,0.24196723525676825,0.08782488684215181,0.014929989762689468,0.037603466187601894,0.020373785660391528,0.09822274809873291,0.05720555708516049,7,38,0.006744247314825112,0.21816796971699337,True,False,True,3.1218076066004096e-08,COMPLETE
1948,0.34917864799499515,2025-04-05 04:30:49.857622,2025-04-05 04:31:25.549785,0 days 00:00:35.692163,0.07782611154972896,0.403294200577032,2,0.2610620571832591,0.10106134776377546,0.009116965540632741,0.042160802222413175,0.016903397341902618,0.09613611626770588,0.044758743166381176,7,35,0.0028199949876278442,0.22506236828170173,True,False,True,2.9504433020124563e-08,COMPLETE
1949,0.46483079195022586,2025-04-05 04:31:26.180325,2025-04-05 04:32:04.420476,0 days 00:00:38.240151,0.05657481363116488,0.4105028276196335,2,0.2513568947497189,0.08813408277765324,0.00485384894068418,0.0331203678687507,0.017689718630852922,0.08888202265052383,0.06120574953880466,8,32,0.0053306278758384895,0.22298119955252363,True,False,True,2.9843949900755356e-08,COMPLETE
1950,0.29052439928054813,2025-04-05 04:32:05.070152,2025-04-05 04:32:40.704459,0 days 00:00:35.634307,0.0851765219611727,0.4286892735882862,2,0.24020916456820554,0.08543566937519863,0.004318526714003346,0.04078996800429704,0.01951144409082997,0.09998668060672605,0.054085968730937704,7,27,0.008257864106407258,0.21799899399605674,True,False,True,2.3808215883723363e-08,COMPLETE
1951,0.49226442575454715,2025-04-05 04:32:41.358303,2025-04-05 04:33:20.315522,0 days 00:00:38.957219,0.05621815919316939,0.3895665652008862,2,0.24705101476880667,0.09445119960558154,0.0075115716565564315,0.03877813743190593,0.02202380949867963,0.08967323604264754,0.06832024559915585,8,35,0.0010421292655071412,0.21726291687597926,True,False,True,3.574914359262691e-08,COMPLETE
1952,0.32209867835044864,2025-04-05 04:33:20.947382,2025-04-05 04:33:56.389038,0 days 00:00:35.441656,0.09092693613875284,0.4521858874010116,2,0.2579767755083977,0.08693162996082297,0.007093601174825678,0.044769929760100156,0.017731305446082625,0.09478562856764212,0.06493910377415583,7,39,0.004816331946128287,0.21371377607465267,True,False,True,3.497564044964024e-08,COMPLETE
1953,0.2922943353652954,2025-04-05 04:33:57.046398,2025-04-05 04:34:32.316727,0 days 00:00:35.270329,0.07670091362864506,0.4007835543155577,2,0.2410621695746157,0.08515995105910207,0.0128868654882353,0.03553328781649996,0.02012071029703276,0.09798238811039149,0.05543710011919985,7,33,0.0027035777186584955,0.21239558860782365,True,False,True,3.993604860169366e-08,COMPLETE
1954,0.3850279808044434,2025-04-05 04:34:32.979878,2025-04-05 04:34:48.931735,0 days 00:00:15.951857,0.05994120815821437,0.41784936506447357,16,0.25130892402357596,0.09231390756834368,0.015693634831785836,0.030030208750840906,0.016052563293411502,0.09172716223149635,0.04209258223988798,8,29,0.0068116205986231805,0.20910564324283912,True,False,True,2.8410199086291973e-08,COMPLETE
1955,0.29108073711395266,2025-04-05 04:34:49.562884,2025-04-05 04:35:25.272380,0 days 00:00:35.709496,0.09443707558872957,0.43826237672607743,2,0.23625207436587853,0.08227414033237557,0.010690327463512242,0.0429264026232422,0.016319953662071694,0.08911294044437117,0.06811020859064662,7,38,0.008998192793676064,0.2178153218720361,True,False,True,4.301788606062599e-08,COMPLETE
1956,0.3962463140487671,2025-04-05 04:35:25.927432,2025-04-05 04:36:04.731257,0 days 00:00:38.803825,0.07363761432321961,0.38929912274691436,2,0.24522304198714898,0.07977218074358114,0.0073635259127911735,0.04689681234587857,0.01858065335941002,0.09336318767437207,0.049595217723266215,8,36,0.0047076838567592415,0.22506832813247643,True,False,True,2.180021865584274e-08,COMPLETE
1957,0.27585726976394653,2025-04-05 04:36:05.392432,2025-04-05 04:36:40.829299,0 days 00:00:35.436867,0.049834907617999094,0.4680020794106218,2,0.23985988660005456,0.08747715814283122,0.007938850179781454,0.03697598164913718,0.021396019185044166,0.09646149765984209,0.06554780945282851,7,31,0.0065566841374047015,0.20982577898094715,True,False,True,3.3935806129873184e-08,COMPLETE
1958,0.26702772378921513,2025-04-05 04:36:41.463740,2025-04-05 04:37:19.577291,0 days 00:00:38.113551,0.09813188098757049,0.4013991392886292,2,0.2575267317250814,0.10337311573895498,0.058753939664933544,0.040457790314480054,0.015733099015113577,0.08861154682973921,0.05668422521092948,8,25,0.003052217227084781,0.2128703743105572,True,False,True,4.4507670086769325e-08,COMPLETE
1959,0.3034337878227234,2025-04-05 04:37:20.239431,2025-04-05 04:37:55.657112,0 days 00:00:35.417681,0.07779700662224766,0.4250720665653883,2,0.24785890216361492,0.07949080921458784,0.013468342774993836,0.03389541953465377,0.01744387672004548,0.09147680728987022,0.0670366873776377,7,34,0.004853901620293463,0.20778216148938505,True,False,True,2.8276642751024258e-08,COMPLETE
1960,0.3850279808044434,2025-04-05 04:37:56.295780,2025-04-05 04:38:32.214200,0 days 00:00:35.918420,0.05020000732444943,0.38596723302244795,2,0.2635525527511481,0.08308023842237638,0.011834107185402473,0.037455005928140835,0.014738652084998763,0.09540973397529737,0.0420218379602216,7,39,0.002806747657357387,0.22114661946700787,True,False,True,3.5396923515981556e-08,COMPLETE
1961,0.3578274369239807,2025-04-05 04:38:32.870014,2025-04-05 04:39:10.768094,0 days 00:00:37.898080,0.08458791342512666,0.4086917291760825,2,0.23593584866128503,0.07600427648937542,0.015694890270181856,0.043321296154320094,0.021277075063029907,0.09361590141086801,0.07245335555807175,8,28,0.08383697515687864,0.2146742474745453,True,False,True,4.533066720841685e-08,COMPLETE
1962,0.31800140142440797,2025-04-05 04:39:11.403366,2025-04-05 04:39:47.099430,0 days 00:00:35.696064,0.10381325745660408,0.44655780317544297,2,0.25343627221270737,0.09222871305852125,0.0033443762282741926,0.03948534538288397,0.019626298940275188,0.04845212785381877,0.053380001191797796,7,30,0.0010196727966614277,0.2062471722906767,True,False,True,2.3872389629418366e-08,COMPLETE
1963,0.9997424006462097,2025-04-05 04:39:47.756857,2025-04-05 04:40:24.064942,0 days 00:00:36.308085,0.06075822887341267,0.3724578651873521,2,0.24155857597332192,0.08072032501818184,0.009522255857726522,0.04939765482895282,0.014444615887820271,0.09848411944451459,0.07119346778087839,7,36,0.007066671814511878,0.1956143470661702,True,False,True,3.919838866121428e-08,COMPLETE
1964,0.29052439928054813,2025-04-05 04:40:24.728461,2025-04-05 04:41:03.709988,0 days 00:00:38.981527,0.0468536815741898,0.35588931266301516,2,0.2344628145950826,0.08728266076049217,0.009683142194571052,0.05119397552253048,0.014665390028357319,0.0997299971966218,0.07068482231835284,8,37,0.00916101285052375,0.1977093305352854,True,True,True,3.124301298006894e-08,COMPLETE
1965,0.3629215955734253,2025-04-05 04:41:04.340121,2025-04-05 04:41:39.685282,0 days 00:00:35.345161,0.047415604580495783,0.33346629897297364,2,0.24523869298588274,0.09659061817133693,0.006673121107927678,0.04954013600855948,0.013326828530622139,0.09987897295484471,0.07428982054912509,7,39,0.009400411853605586,0.1961396324383749,False,False,True,3.8371734348553934e-08,COMPLETE
1966,0.5533167719841003,2025-04-05 04:41:40.342227,2025-04-05 04:42:18.513752,0 days 00:00:38.171525,0.057131544337408864,0.37002732710366193,2,0.2377783160945174,0.08987002889167925,0.00765622921162904,0.04985325613883253,0.017414712926342637,0.0985430241020705,0.07489367362662902,8,36,0.009106889139833575,0.20301417985212192,True,False,True,2.7413428606215527e-08,COMPLETE
1967,0.28972292542457584,2025-04-05 04:42:19.175866,2025-04-05 04:42:57.804932,0 days 00:00:38.629066,0.06456391102421877,0.36237419484405825,2,0.24875783722034694,0.08755403998243133,0.005655563802185464,0.04662792410731364,0.014333858271277472,0.09788234262022236,0.07642643259908964,8,40,0.007705090497959079,0.19567781743362891,True,False,True,3.771871138410774e-08,COMPLETE
1968,0.2929335951805115,2025-04-05 04:42:58.444389,2025-04-05 04:43:36.439762,0 days 00:00:37.995373,0.04530676088560742,0.34553925503214233,2,0.2358117744325867,0.08442064081803703,0.004142022813209901,0.049340437491412925,0.01304306882092721,0.0978371158600693,0.06269110223024497,8,38,0.008735871101994584,0.20431990989767046,True,False,True,4.895236813727001e-08,COMPLETE
1969,0.34724382758140565,2025-04-05 04:43:37.101059,2025-04-05 04:44:12.993863,0 days 00:00:35.892804,0.06687239771611678,0.34324693206217943,2,0.25550950090047253,0.08021801463459871,0.008405070712533455,0.048589855071434096,0.011939276547211226,0.0983914516165569,0.07302947901865066,7,35,0.007417058947853363,0.1986272720219564,True,False,True,3.1428641386599255e-08,COMPLETE
1970,0.30537323355674745,2025-04-05 04:44:13.629328,2025-04-05 04:44:49.314481,0 days 00:00:35.685153,0.04377294058864257,0.36835475702956866,2,0.24190457915403143,0.09590694123547124,0.0434094654157757,0.05072045132562317,0.015599402558557412,0.08850808261476165,0.057508701499107695,7,39,0.008985387833684147,0.207722002054249,True,False,True,4.233201302479741e-08,COMPLETE
1971,0.4642885029315949,2025-04-05 04:44:49.973474,2025-04-05 04:45:28.230757,0 days 00:00:38.257283,0.06804874157030702,0.3809534920086419,2,0.23445063473996008,0.09720970919485777,0.005982876668219569,0.04893231285252775,0.013924756411624769,0.09797339529915891,0.049518469256001056,8,35,0.007054099202808443,0.19535131892849183,True,False,True,2.3092973358502415e-08,COMPLETE
1972,0.2945349633693695,2025-04-05 04:45:28.895206,2025-04-05 04:46:04.411942,0 days 00:00:35.516736,0.044322713768163095,0.3473382477282468,2,0.23231701665925164,0.08276891449829678,0.010164170899541398,0.048546419348379694,0.011673592116224771,0.0879020108293277,0.0744237017443279,7,34,0.007060543747882552,0.20193965077313997,True,False,True,3.5032530538910316e-08,COMPLETE
1973,0.2920605897903442,2025-04-05 04:46:05.048199,2025-04-05 04:46:46.465739,0 days 00:00:41.417540,0.07198524545445055,0.3293210047519553,2,0.24233527346920486,0.10934664978658545,0.008461278541829494,0.04845371290679029,0.018081650920729327,0.09614914070906647,0.06023215400088214,9,38,0.009098130392835298,0.1943297054161894,True,False,True,4.399881966017727e-08,COMPLETE
1974,0.30309181809425356,2025-04-05 04:46:47.130844,2025-04-05 04:47:25.163638,0 days 00:00:38.032794,0.06104162806788347,0.3881934952036337,2,0.25160002451383967,0.07920967701507312,0.0068128566010858815,0.051702353986171616,0.022831887662070255,0.09050926933612116,0.07632266843723569,8,39,0.006790861075302183,0.20891740836034667,True,False,True,5.204515487345964e-08,COMPLETE
1975,0.3068170785903931,2025-04-05 04:47:25.798880,2025-04-05 04:47:41.233971,0 days 00:00:15.435091,0.08587882129480318,0.3711637087688905,16,0.2598750557480115,0.07762833003394545,0.004498914358158127,0.04699609291707829,0.01058531599248105,0.09387394615679696,0.04772457801910886,7,33,0.0066392881067456055,0.21307314505291772,True,False,True,2.990265759726812e-08,COMPLETE
1976,0.2926797688007355,2025-04-05 04:47:41.896669,2025-04-05 04:48:23.217365,0 days 00:00:41.320696,0.040506822747333644,0.32275875792750897,2,0.2466518944815647,0.0880480539288761,0.008719398684384105,0.0474344814048599,0.016052283075034604,0.09799590666656564,0.06264571062851067,9,39,0.009447390348795034,0.20293422683036139,True,False,True,5.2965708065742746e-08,COMPLETE
1977,0.290118807554245,2025-04-05 04:48:23.879680,2025-04-05 04:49:02.220867,0 days 00:00:38.341187,0.10746165384968388,0.37440814991809873,2,0.2654473961577472,0.09311135756442289,0.006911327222337135,0.050134249144087484,0.013447446037502425,0.09604340019902594,0.001212189604444586,8,36,0.005975881581364468,0.1956138017136135,True,False,True,2.3161168766372255e-08,COMPLETE
1978,0.35823273062705996,2025-04-05 04:49:02.863738,2025-04-05 04:49:38.583527,0 days 00:00:35.719789,0.07365447878373611,0.3530117639117672,2,0.24004330685570133,0.0816552578738841,0.009808806120044918,0.045419767528800704,0.009723275171007212,0.09984541087727232,0.07688503340412449,7,33,0.007577293989520083,0.19321781072560856,True,False,True,3.3849037402819034e-08,COMPLETE
1979,0.4161138713359833,2025-04-05 04:49:39.245971,2025-04-05 04:50:14.740329,0 days 00:00:35.494358,0.05483300219276509,0.38319447316347205,2,0.23224202052731804,0.07666855917500184,0.01103271253634299,0.04985189020062419,0.012165984987449904,0.09209097128982036,0.07568266363285327,7,40,0.00907881240060644,0.20584478055501484,True,False,True,4.0908691799930335e-08,COMPLETE
