number,value,datetime_start,datetime_complete,duration,params_alpha-eval,params_alpha-train,params_batch-size,params_eps-eval,params_eps-train,params_lambda-actions-eval,params_lambda-actions-train,params_lambda-frames-eval,params_lambda-frames-train,params_learning-rate,params_n-epochs,params_n-frames,params_radius-gw,params_rho,params_std-feats,params_ub-actions,params_ub-frames,params_weight-decay,state
227,0.65799617767334,2025-04-23 16:18:58.114060,2025-04-23 16:19:17.530200,0 days 00:00:19.416140,0.29293101213657424,0.46912309088775317,16,0.05987107721082037,0.013536886016435743,0.07789435292312574,0.023762634051682836,0.057240058978240346,0.0618367816589412,0.009522500217603121,13,79,0.060654329901103296,0.1453540012876318,True,False,True,0.0006692565239013079,COMPLETE
228,0.744009530544281,2025-04-23 16:19:17.603015,2025-04-23 16:19:41.553227,0 days 00:00:23.950212,0.5943199818071832,0.5278263281775311,8,0.11413023550415849,0.0005947659944036121,0.07991811258188698,0.08746510081231981,0.07587477406330909,0.07219902232247508,0.02213362099972859,14,44,0.003730933418532383,0.1661126432496646,True,True,True,0.0001892966340353522,COMPLETE
229,0.42058901786804204,2025-04-23 16:19:41.625552,2025-04-23 16:20:05.401227,0 days 00:00:23.775675,0.5773914825244297,0.5274747353069,8,0.05608435561415717,0.003029090832033308,0.09582738135569169,0.08535325214714684,0.07734407808152151,0.07712426858742388,0.02206827114608132,14,44,0.0029000459323866978,0.12867856212496465,True,True,False,0.00021094739292930952,COMPLETE
230,0.6100951790809631,2025-04-23 16:20:05.474267,2025-04-23 16:20:28.600565,0 days 00:00:23.126298,0.5501715104002535,0.4991468580208008,8,0.10603274604709774,0.004704383026293906,0.09218086891307935,0.08828267788476396,0.08058105197538912,0.013702908397735372,0.02516402076892703,13,51,0.004253705364550857,0.15014927580547668,True,True,True,0.00016788720516616303,COMPLETE
231,0.34121307730674744,2025-04-23 16:20:28.672971,2025-04-23 16:20:53.092470,0 days 00:00:24.419499,0.5933834852184626,0.5402527963593893,8,0.11850725365241119,0.0008327249528319669,0.08015470376724171,0.09188351071938963,0.0413664442959804,0.0717288167680177,0.011201970692350774,15,37,0.0056769546008242164,0.16878543012874447,True,True,True,0.00010099573198320928,COMPLETE
232,0.6385926365852357,2025-04-23 16:20:53.165515,2025-04-23 16:21:17.115525,0 days 00:00:23.950010,0.615195263447697,0.5721079068366857,8,0.09412034732736976,0.010409651017784342,0.08233424019993404,0.08732518468606643,0.07450082485108252,0.07299801090767918,0.017134614719612567,14,46,0.008444906611452318,0.1652132115731015,True,True,True,0.0002635308244463455,COMPLETE
233,0.29052439928054813,2025-04-23 16:21:17.197975,2025-04-23 16:21:41.518116,0 days 00:00:24.320141,0.9350451016813204,0.5958494994239912,8,0.1252739495017971,0.021796243676673495,0.07880527284318181,0.08305123540584672,0.08240161751637205,0.07004488066064543,0.008062926032934877,15,41,0.003235367537015069,0.17684175216532036,True,True,True,0.00013915055332357519,COMPLETE
234,0.9638168811798096,2025-04-23 16:21:41.591953,2025-04-23 16:22:47.445911,0 days 00:01:05.853958,0.21722704922658959,0.514753004566432,2,0.11178294342948329,0.00010865927826832905,0.08444685591254375,0.028758737027145733,0.052048501453574446,0.06779213667796193,0.04030674997507213,18,30,0.0012087696370585619,0.15604548110979105,True,False,True,0.0009722486607877973,COMPLETE
235,0.6792354822158814,2025-04-23 16:22:47.519692,2025-04-23 16:23:56.163857,0 days 00:01:08.644165,0.22064879426023923,0.5081840350068776,2,0.1592598992805492,0.0007847079429914002,0.08668862468418824,0.02854036580330145,0.052327563970035795,0.06693434730990915,0.04826064654349439,19,31,0.002080405900214843,0.1571791016043895,True,False,True,0.00034490906845918614,COMPLETE
236,0.3473428964614868,2025-04-23 16:23:56.238056,2025-04-23 16:25:00.133043,0 days 00:01:03.894987,0.238722487578387,0.4844080313264437,2,0.11407294908340425,0.008321370947035117,0.08386689500597219,0.033819264795210455,0.07563138214201492,0.06821945593153418,0.03930047451677868,17,62,0.0013293003299527147,0.13808004770801302,True,False,True,0.00047161550170458656,COMPLETE
237,0.6132961988449097,2025-04-23 16:25:00.207785,2025-04-23 16:26:10.964604,0 days 00:01:10.756819,0.21918496991154354,0.5223190063832043,2,0.10900269226546852,0.00036921546882751326,0.08844269655396704,0.030884993136537312,0.05017589265166344,0.06519301966175269,0.02322747888877856,20,49,0.004226681211891641,0.1500342002184224,True,False,True,0.0001830035357750873,COMPLETE
238,0.28862430453300475,2025-04-23 16:26:11.039864,2025-04-23 16:27:18.787044,0 days 00:01:07.747180,0.20085775917020274,0.4688468130791269,2,0.10193228764525131,0.16890272324629138,0.09867133459953438,0.025393855905428437,0.05410319080432936,0.05682091812051103,0.032751651622378676,18,74,0.001062650730927192,0.09314360670836885,True,False,True,7.690754961315094e-05,COMPLETE
239,0.5534436225891114,2025-04-23 16:27:18.871407,2025-04-23 16:28:25.951756,0 days 00:01:07.080349,0.2717370743216685,0.4880812629604937,2,0.0682644268975504,0.008452010167891218,0.08557868576018422,0.07922368527766543,0.0701915897861298,0.009303856075314008,0.043547023317297866,18,34,0.004558837898342084,0.15648372009255232,True,False,True,0.0001149040715294131,COMPLETE
240,0.4851127147674561,2025-04-23 16:28:26.028319,2025-04-23 16:29:29.852101,0 days 00:01:03.823782,0.25444668511097396,0.6595574427197713,2,0.15381770219528962,0.01410662915799203,0.021382690824807524,0.028082596117227868,0.051774041293132185,0.014776417297169735,0.03054107725543171,17,77,0.0032267858617793742,0.14334945211891476,True,False,True,0.0007772165325574976,COMPLETE
241,0.6046809315681457,2025-04-23 16:29:29.927843,2025-04-23 16:29:48.829810,0 days 00:00:18.901967,0.635376619054564,0.5270536870948421,16,0.09435031290666906,0.016286257042215375,0.048026096136289144,0.09398163335033553,0.04519034713555475,0.07001634563160426,0.07322539374922862,14,28,0.0062111620239890825,0.16463030926761887,True,False,True,0.0008152920616687929,COMPLETE
242,0.9906566977500917,2025-04-23 16:29:48.905717,2025-04-23 16:30:46.265322,0 days 00:00:57.359605,0.5993136957024954,0.5528717392264034,2,0.08665903698750167,0.006642628622844288,0.08108592456769663,0.08991705905758787,0.03957705704138732,0.07463333514726364,0.0045299684164206875,15,30,0.0071012492310004,0.16052085210683267,True,False,True,0.0009222825474549011,COMPLETE
243,0.41482678651809696,2025-04-23 16:30:46.342391,2025-04-23 16:32:07.469906,0 days 00:01:21.127515,0.5876084926781,0.549659873363851,2,0.08585146495996979,0.005861791359683244,0.07893613588072249,0.013087569504348516,0.03890114511827394,0.07675456885170169,0.004413126693065556,24,30,0.041797676084730645,0.1544966773532579,True,False,True,0.0005811488189129738,COMPLETE
244,0.4422052383422852,2025-04-23 16:32:07.545671,2025-04-23 16:32:59.892103,0 days 00:00:52.346432,0.5979541087971396,0.6244420172404574,2,0.07491134628329588,0.011083816938716256,0.08204217652623819,0.04427254977105434,0.039824150049915644,0.07488436979406579,0.004983558870668083,13,37,0.009653555507617055,0.16123615048435994,True,False,True,0.000686324896323949,COMPLETE
245,0.3521991848945618,2025-04-23 16:32:59.978695,2025-04-23 16:34:09.579603,0 days 00:01:09.600908,0.5677920155155978,0.5147448213603847,2,0.08637720451753388,0.0001263660569673721,0.07657139250634708,0.08735517722282109,0.07819284345449462,0.01833720163683579,0.0031660696874090993,19,40,0.007524118158367485,0.1338141995343674,True,False,True,0.000981607113544381,COMPLETE
246,0.4160777091979981,2025-04-23 16:34:09.657229,2025-04-23 16:35:10.515708,0 days 00:01:00.858479,0.20510692703647906,0.5484426010736139,2,0.07855879061714054,0.0070399131802575225,0.07345123679603743,0.010084157379549638,0.048422181133278445,0.07875744321563484,0.003934536709133532,16,32,0.00327772636516042,0.14892457167929038,True,False,True,3.936260910730963e-06,COMPLETE
247,0.29052439928054813,2025-04-23 16:35:10.593969,2025-04-23 16:36:36.832680,0 days 00:01:26.238711,0.6095303017079532,0.443806017340322,2,0.07012422820115384,0.015628392707488732,0.0842502757639298,0.026965369225370503,0.03604998789350923,0.035739981193302836,0.006105873268194052,25,45,0.005057676892675674,0.12181622818915025,True,True,True,6.158007954127041e-05,COMPLETE
248,0.6024319052696228,2025-04-23 16:36:36.910386,2025-04-23 16:37:44.557942,0 days 00:01:07.647556,0.14031690255321896,0.5018952340478728,2,0.062292897296057026,0.009231915383469914,0.08039481310046333,0.0820332726632634,0.05893398970203809,0.06759623592280375,0.004724455073001661,18,82,0.001041870152241776,0.16973588210124363,True,False,True,0.00014191362836258687,COMPLETE
249,0.8520557284355164,2025-04-23 16:37:44.635658,2025-04-23 16:38:40.636812,0 days 00:00:56.001154,0.16598634777983137,0.5960732718074135,2,0.09815028178321207,0.019893350530391825,0.09083112927740589,0.08432465996323836,0.0794511712487345,0.062410267430048974,0.002726245768568847,14,66,0.00781348270545927,0.17370538722314752,True,False,True,4.589601463336873e-05,COMPLETE
250,0.7891597032546998,2025-04-23 16:38:40.715887,2025-04-23 16:40:23.039807,0 days 00:01:42.323920,0.17383435711858594,0.6091166366464742,2,0.1012404359858854,0.02138277492311125,0.09054454101495236,0.0804442712155269,0.08036029040696856,0.06218259042337103,0.0022842281515765574,26,64,0.014091762931154536,0.17362953935044262,True,False,False,5.0866732810808485e-05,COMPLETE
251,0.41936320066452026,2025-04-23 16:40:23.127724,2025-04-23 16:42:05.425002,0 days 00:01:42.297278,0.11330832581450546,0.6110794623690168,2,0.09898170173760248,0.03183818098254824,0.09097048719101929,0.04792874088264456,0.07941461069009978,0.0630095243117828,0.001892205673389526,26,63,0.01461229584029244,0.17031076052116972,True,False,False,3.665356374359321e-05,COMPLETE
252,0.3647040665149689,2025-04-23 16:42:05.502975,2025-04-23 16:43:44.714185,0 days 00:01:39.211210,0.16241080965891508,0.6437620775813231,2,0.10018734402191953,0.021416113554301133,0.0931796966555554,0.08073548057661747,0.08325010038707172,0.06060386865744125,0.0025739962789341595,25,70,0.011767291302990963,0.18224833728257606,True,False,False,4.342645299016465e-05,COMPLETE
253,0.4198954463005066,2025-04-23 16:43:44.793395,2025-04-23 16:45:27.420768,0 days 00:01:42.627373,0.18349301392698272,0.590747906943744,2,0.08778310142024999,0.02703718647606078,0.0892871577684495,0.029510843462912193,0.08551073041084825,0.06452476187224666,0.0029286039030244635,26,64,0.01417054194450039,0.17552882765774094,True,False,False,5.110449039285748e-05,COMPLETE
254,0.47232466340065005,2025-04-23 16:45:27.499808,2025-04-23 16:46:24.426998,0 days 00:00:56.927190,0.16866569697900885,0.6263897635104031,2,0.1655315087003717,0.019119471519097472,0.09124439029367047,0.07684820183598569,0.03822704475250983,0.0586894051712888,0.002415521703082871,12,59,0.010913448653544293,0.1903904431375755,True,False,False,2.0191089541630685e-07,COMPLETE
255,0.41548575758934025,2025-04-23 16:46:24.506989,2025-04-23 16:48:10.376778,0 days 00:01:45.869789,0.19275763996562206,0.5990994527625333,2,0.10635356765886256,0.012881807600512808,0.09378841526144457,0.07792041527626785,0.0804486143180395,0.06148022631925738,0.0019187362658204946,27,67,0.009048206338113667,0.2506616997391403,False,False,False,3.537113448793336e-05,COMPLETE
256,0.8916747570037843,2025-04-23 16:48:10.457549,2025-04-23 16:49:56.755778,0 days 00:01:46.298229,0.1542543628006881,0.6113030853906445,2,0.09700920362344495,0.021464805504166046,0.09570273611785715,0.09757105070578416,0.08075255373795992,0.06591092052150546,0.0034734867290249663,27,66,0.013229051933251568,0.174896031897766,True,False,False,5.1446560824418144e-05,COMPLETE
257,0.4474704921245575,2025-04-23 16:49:56.845563,2025-04-23 16:51:44.064075,0 days 00:01:47.218512,0.1459256292141933,0.6174473270318599,2,0.09523783311170213,0.035378250463737375,0.09649754946151834,0.09346101680436088,0.08141959844081878,0.06357832164558637,0.003075283268636593,28,60,0.016027265158811945,0.18363260075719234,True,False,False,4.761137747635758e-05,COMPLETE
258,0.37679666876792905,2025-04-23 16:51:44.145148,2025-04-23 16:53:30.046739,0 days 00:01:45.901591,0.16770417167908822,0.5813966330554955,2,0.04640888944187084,0.026041982678884978,0.09816655783540844,0.09669430861119226,0.08385605701081937,0.06638834574829704,0.0034454839401482883,27,66,0.012184501211115133,0.1764080200988825,True,False,False,5.925199913223728e-05,COMPLETE
259,0.3641406118869782,2025-04-23 16:53:30.128293,2025-04-23 16:54:53.313796,0 days 00:01:23.185503,0.12596023799272343,0.6435974260073709,2,0.052559076510614394,0.02166811559461513,0.09538635942910537,0.09752003866771039,0.04096999909540557,0.06590778585474744,0.0014127426190692592,20,65,0.017830234974530547,0.17314361497685127,True,False,False,2.5325875588183594e-05,COMPLETE
260,0.3496886670589447,2025-04-23 16:54:53.396192,2025-04-23 16:56:42.167260,0 days 00:01:48.771068,0.1529903740205738,0.67720269298521,2,0.08146916065138163,0.029661569284017128,0.09249926296080585,0.025662036707427446,0.0793017413905957,0.06313487834711619,0.003786241196267157,28,62,0.012776982092144933,0.15978595716141225,True,False,False,0.000535033391210933,COMPLETE
261,0.4661753356456757,2025-04-23 16:56:42.248585,2025-04-23 16:58:20.609730,0 days 00:01:38.361145,0.1852085957329539,0.5978229053867169,2,0.09041008728853063,0.01946427095787325,0.08948603601294379,0.09880114464816458,0.08589341497745567,0.047569714163424356,0.002614692122437618,25,57,0.014338748813159921,0.18618164821571573,True,False,False,4.6538817353010205e-05,COMPLETE
262,0.3766361713409424,2025-04-23 16:58:20.694529,2025-04-23 17:00:04.443164,0 days 00:01:43.748635,0.22820189464570617,0.5649593413432513,2,0.05489876193226725,0.1590850881138687,0.0942520532089037,0.09669091121158492,0.07773437479559712,0.06872496842886251,0.004153276661109612,26,68,0.009984827095002237,0.17229923371209044,True,False,False,3.505002742551061e-05,COMPLETE
263,0.6133069872856141,2025-04-23 17:00:04.534698,2025-04-23 17:01:46.317122,0 days 00:01:41.782424,0.21610264000787524,0.6242260641141976,2,0.040485850750873076,0.01548997972154321,0.09114190859372427,0.006863285605634269,0.034871474780198815,0.019970119612037696,0.0010963872579298568,26,34,0.00800725305132109,0.16097525134492993,True,False,False,0.00043370841603564006,COMPLETE
264,0.3508858740329743,2025-04-23 17:01:46.399186,2025-04-23 17:02:39.510001,0 days 00:00:53.110815,0.5223928677589202,0.582207087475448,2,0.20838450122191482,0.04148953783552546,0.08659349271989372,0.09924155042882908,0.0435416623802971,0.06557532199656617,0.09968947389847882,13,72,0.01003738874659955,0.15427495365211322,True,False,True,0.0007714739901132753,COMPLETE
265,0.7332413196563722,2025-04-23 17:02:39.592896,2025-04-23 17:04:11.996986,0 days 00:01:32.404090,0.20611165643585275,0.6085445122464146,2,0.1770940798629338,0.02389538177732617,0.09661319110826296,0.0954076411801844,0.08802405046568122,0.06717639859274493,0.0034605106117653064,27,65,0.007711304235775377,0.1805650175645556,True,False,True,0.000629910603506216,COMPLETE
266,0.29052439928054813,2025-04-23 17:04:12.080000,2025-04-23 17:04:32.192824,0 days 00:00:20.112824,0.25306817043057045,0.6607951459430911,16,0.13594185111210208,0.034091214621203556,0.09876429298476389,0.02295464023712873,0.09998040014713823,0.05253792156988011,0.0022070283947715004,19,24,0.016166627586968078,0.16567688533487837,True,False,True,0.0009818845759273676,COMPLETE
267,0.9959396719932557,2025-04-23 17:04:32.276948,2025-04-23 17:06:06.369687,0 days 00:01:34.092739,0.32250857699537866,0.5655147975622686,2,0.14430175742824228,0.006937108522142096,0.08832585727102225,0.05201695627312944,0.08095210210121909,0.049533611721051155,0.005382228987771265,24,29,0.013237955237633447,0.15852209044906623,True,False,False,6.183944662388467e-05,COMPLETE
268,0.4168630540370941,2025-04-23 17:06:06.463566,2025-04-23 17:07:27.118083,0 days 00:01:20.654517,0.28379787872296736,0.7056972297643287,2,0.1476473869186106,0.007139123369391064,0.09994087517056917,0.004524426018562124,0.08269018961324547,0.04970791842694014,0.005267693051853201,24,29,0.08355774130392113,0.1568493457464077,True,False,True,7.530073337525207e-05,COMPLETE
269,0.8416088104248047,2025-04-23 17:07:27.203244,2025-04-23 17:07:49.173585,0 days 00:00:21.970341,0.33926191456901816,0.5588620573682096,16,0.18670947790427625,0.011783141756729724,0.08795978885252734,0.03080971566727133,0.03746053929313936,0.06976541819170086,0.005440313434261196,23,31,0.006561423503897804,0.14969923837787003,True,False,True,6.314888011654971e-05,COMPLETE
270,0.4428520083427429,2025-04-23 17:07:49.257972,2025-04-23 17:09:08.731212,0 days 00:01:19.473240,0.331363622521463,0.5586543425393307,2,0.03304357619014363,0.012179435897339493,0.08829387015506508,0.05224634430497109,0.036464002020677656,0.03869658303362464,0.005356160949009695,23,27,0.011516999169715023,0.08448433829904103,True,False,True,6.243493643021415e-05,COMPLETE
271,0.41300046443939215,2025-04-23 17:09:08.816085,2025-04-23 17:09:31.425172,0 days 00:00:22.609087,0.355839299645253,0.5694106920880582,16,0.20494589183073114,0.014999544007750339,0.0879040012849007,0.03354468191314264,0.03895961421186533,0.042604499304600765,0.004307250245404016,24,32,0.006964351666200462,0.14552930358846197,True,False,True,4.074653475544666e-05,COMPLETE
272,0.8775335907936097,2025-04-23 17:09:31.510126,2025-04-23 17:10:50.989441,0 days 00:01:19.479315,0.3205970841512936,0.5813172237045493,2,0.12938584362019895,0.011353602838534633,0.0863595419208892,0.02903298654889979,0.032353948848646355,0.06960281140585312,0.00015885664333925977,23,35,0.009360310710344072,0.15162781869043365,True,False,True,8.93823044414484e-05,COMPLETE
273,0.34885927438735964,2025-04-23 17:10:51.084891,2025-04-23 17:12:06.828189,0 days 00:01:15.743298,0.33820936483975056,0.5764126676584274,2,0.13077489654877866,0.0064552223963335875,0.08470379035946193,0.03109217893583983,0.034204366738348126,0.045972751656574704,0.00605431631537959,22,28,0.00808939480659079,0.1512765813723366,True,False,True,8.389737842239913e-05,COMPLETE
274,0.42100684046745307,2025-04-23 17:12:06.914680,2025-04-23 17:13:26.404812,0 days 00:01:19.490132,0.3160429783692678,0.5443828868236384,2,0.12530395432692987,0.017305282769590563,0.08629614869489716,0.028490702881004828,0.03139261584827036,0.07007418635413898,0.0045809924123570225,23,31,0.005769877520638909,0.1593548237180781,True,False,True,6.417748652237842e-05,COMPLETE
275,0.41092575192451475,2025-04-23 17:13:26.491266,2025-04-23 17:13:50.250528,0 days 00:00:23.759262,0.3052260170179596,0.584291204766004,16,0.12189812047831519,0.02808106606098245,0.08719315307863117,0.036776729823022825,0.03280363838710572,0.06997990559480509,2.7659953349598643e-05,22,23,0.00947518493557923,0.15202509488603932,False,False,False,9.522307185515555e-05,COMPLETE
276,0.3450469374656677,2025-04-23 17:13:50.336437,2025-04-23 17:15:09.805827,0 days 00:01:19.469390,0.35976938574804684,0.5610742072451324,2,0.13546223607473057,0.011032028377856735,0.08873911254757558,0.031081830352729933,0.03749200673371019,0.07397871775902128,0.0002032608723193167,23,37,0.006360666350915596,0.16225612400645986,True,False,True,5.329989847351935e-05,COMPLETE
277,0.4159105122089386,2025-04-23 17:15:09.892425,2025-04-23 17:16:32.764066,0 days 00:01:22.871641,0.3303708468874231,0.5999065714940518,2,0.229962830000547,0.02117117767442351,0.0852595621230749,0.024953108744014605,0.03514178343491587,0.06821173572847757,0.05832034774469356,24,34,0.004788469302574683,0.15515824998463484,True,False,True,8.494253799343836e-05,COMPLETE
278,0.4854775607585907,2025-04-23 17:16:32.861873,2025-04-23 17:16:55.147277,0 days 00:00:22.285404,0.3771679800441955,0.6342815556831737,16,0.15711670332389635,0.0055416057155844006,0.08946717922217534,0.027168970715780564,0.03658265975849549,0.03220749659547533,0.0035770502096369875,24,30,0.008698269448666326,0.146002320761107,True,False,True,6.334684032715706e-05,COMPLETE
279,0.368267297744751,2025-04-23 17:16:55.235007,2025-04-23 17:18:10.033022,0 days 00:01:14.798015,0.3087271110739931,0.5530201311251984,2,0.1459980294207365,0.015629128553206344,0.09311477830382264,0.032565309560410705,0.03987026194429675,0.07242374782941481,0.005336526152192106,21,26,0.011064491301792014,0.1665027893914715,True,False,True,2.7909886431626913e-05,COMPLETE
280,0.40523092746734624,2025-04-23 17:18:10.120843,2025-04-23 17:19:32.848703,0 days 00:01:22.727860,0.32010943434273853,0.5847120184793052,2,0.11133411436321713,0.028235380239102752,0.08744030717777689,0.029424134010442898,0.027587867198587714,0.044324884064338446,7.857142296072019e-05,24,34,0.006819507483791381,0.14969649847277605,True,False,True,4.458771971174199e-05,COMPLETE
281,0.9811574459075929,2025-04-23 17:19:32.936353,2025-04-23 17:21:00.943070,0 days 00:01:28.006717,0.2901771796760509,0.536876421213968,2,0.18203107245241534,0.010235554756043763,0.09503781253437922,0.027091968362042057,0.0765110995988532,0.06904184570598298,0.006819127519968581,22,36,0.0030039506594098614,0.15747062184125027,True,False,False,0.0007992586779416611,COMPLETE
282,0.36344428062438966,2025-04-23 17:21:01.031422,2025-04-23 17:21:25.486767,0 days 00:00:24.455345,0.29114158839024395,0.5361345685004854,16,0.18032259687384758,0.211069362939608,0.09492953430135902,0.05672919292705884,0.0729868958773693,0.06854387557997381,0.006947651558459492,23,30,0.0028444551702974706,0.158409005935554,True,False,False,0.0007508918373974373,COMPLETE
283,0.47118257284164433,2025-04-23 17:21:25.575740,2025-04-23 17:22:54.445436,0 days 00:01:28.869696,0.3453712450710012,0.5376435160327506,2,0.1627736780296567,0.011787677810393278,0.09677709849440412,0.09999328974064414,0.0758600548198761,0.07011625655813321,0.006362161753711972,22,35,0.0042334126738803,0.15497626379350934,True,False,False,0.0009812520537406822,COMPLETE
