number,value,datetime_start,datetime_complete,duration,params_alpha-eval,params_alpha-train,params_batch-size,params_eps-eval,params_eps-train,params_lambda-actions-eval,params_lambda-actions-train,params_lambda-frames-eval,params_lambda-frames-train,params_learning-rate,params_n-epochs,params_n-frames,params_radius-gw,params_rho,params_std-feats,params_ub-actions,params_ub-frames,params_weight-decay,state
1581,0.3474127948284149,2025-04-05 00:41:08.653143,2025-04-05 00:41:41.972083,0 days 00:00:33.318940,0.07375654598181466,0.20195972277844096,2,0.002714845947059674,0.05139521113057896,0.0163449941823416,0.04852050811952666,0.016523941898680512,0.06117616952587076,0.07113777630468704,6,48,0.0032154505417259643,0.1872923802957363,True,False,True,1.4742695561794678e-07,COMPLETE
1582,0.5800024628639221,2025-04-05 00:41:42.479950,2025-04-05 00:42:18.152532,0 days 00:00:35.672582,0.0611411090029833,0.24078212498756604,2,0.2532383961311379,0.05597438913172853,0.02090079189338431,0.04351370928735365,0.016628406399284156,0.059449019700154954,0.09916981434506744,7,44,0.0071901107832356035,0.17860284350151034,True,False,True,8.658488324012688e-08,COMPLETE
1583,0.4697429180145264,2025-04-05 00:42:18.688067,2025-04-05 00:42:57.003772,0 days 00:00:38.315705,0.027936745944143415,0.18311897155148693,2,0.2631513638133564,0.04944054683474238,0.014470064523573155,0.040398568727121234,0.015274908240254154,0.06247833685419476,0.05430494505680253,8,49,0.0050558766820464444,0.1831378969072667,True,False,True,1.3567437400088277e-07,COMPLETE
1584,0.3902307987213135,2025-04-05 00:42:57.516189,2025-04-05 00:43:30.244798,0 days 00:00:32.728609,0.09146216763193583,0.4102530959713483,2,0.2501091731676356,0.1130416106347368,0.01797843577475291,0.04649169000486834,0.014949033729900568,0.05670784067295121,0.06534698437354575,6,17,0.007669787418896926,0.1775996644537781,True,False,True,1.7795739663250715e-07,COMPLETE
1585,0.4212448239326477,2025-04-05 00:43:30.773871,2025-04-05 00:44:03.846866,0 days 00:00:33.072995,0.05550990235485127,0.20950885491129712,2,0.25707152171841624,0.0600964595674552,0.021859696239704525,0.043668676888100055,0.0192433906379945,0.0518413008210176,0.0018240854657707614,6,47,0.0027914710167009213,0.19386502334401284,True,False,True,1.026211978046461e-07,COMPLETE
1586,0.4019516944885254,2025-04-05 00:44:04.378104,2025-04-05 00:44:43.177703,0 days 00:00:38.799599,0.010219343531821225,0.23008375437235853,2,0.2526738458247109,0.045536259020167086,0.018803521365671462,0.0419541201779899,0.025642792839724704,0.05881912988629594,0.08366824658217115,8,41,0.004184823554686203,0.18707501803904977,False,True,True,6.364458349360623e-08,COMPLETE
1587,0.45408204197883606,2025-04-05 00:44:43.690044,2025-04-05 00:45:16.985719,0 days 00:00:33.295675,0.12382096730801298,0.2128802240471189,2,0.24709027561061295,0.06553706031386176,0.019816160954554206,0.05073824964470602,0.021133514159970695,0.05381614526616469,0.0439493472498369,6,44,0.0075177963856842426,0.17904163825315378,True,False,True,8.458918018384603e-08,COMPLETE
1588,0.3516656279563904,2025-04-05 00:45:17.532479,2025-04-05 00:45:53.419680,0 days 00:00:35.887201,0.06468951439532493,0.18551339720639107,2,0.26346675450885376,0.05399656427050088,0.016661420070891608,0.039147443545426486,0.01349845454587787,0.05964140098971664,0.001051626515303473,7,50,0.005483074318904369,0.1755914439761187,True,False,True,1.2894750381905502e-08,COMPLETE
1589,0.41593224406242374,2025-04-05 00:45:53.944371,2025-04-05 00:46:29.709395,0 days 00:00:35.765024,0.0918862855531058,0.2451447544688596,2,0.2060230182043044,0.06816780963175674,0.021393851834771875,0.04495336099588284,0.08732989353923766,0.06217238655385491,0.09966306981560787,7,39,0.0010291061393645695,0.17450848776338646,True,False,True,5.811667706658571e-08,COMPLETE
1590,0.3707761406898499,2025-04-05 00:46:30.227902,2025-04-05 00:47:02.984192,0 days 00:00:32.756290,0.0410213862849487,0.2218667206751337,2,0.1979512703755208,0.06082449454939795,0.015544335758728883,0.041542759846190325,0.018111663927057528,0.05832172403053243,0.0599917275123761,6,46,0.0031336201373815603,0.1975449245557955,True,False,True,1.7412324665036472e-08,COMPLETE
1591,0.4007919490337372,2025-04-05 00:47:03.524696,2025-04-05 00:48:09.663661,0 days 00:01:06.138965,0.07949502322704598,0.8788503789556794,2,0.24315390078614454,0.04741711941409749,0.018708163664148614,0.04757119909605589,0.015236592218690274,0.05790521107743297,0.07303503978341422,18,49,0.007636435562292371,0.18356052318624036,True,False,True,1.643789285892294e-07,COMPLETE
1592,0.41780377030372623,2025-04-05 00:48:10.184320,2025-04-05 00:49:05.434081,0 days 00:00:55.249761,0.10663403985222542,0.2015076928242013,2,0.25706645812640283,0.0397370841044995,0.021952064129113404,0.03819291375253035,0.013520530269541397,0.04964642946199706,0.055102446746081946,14,64,0.00532175485179094,0.18816944577736627,True,False,True,1.0530205194334777e-07,COMPLETE
1593,0.2902321457862854,2025-04-05 00:49:05.947410,2025-04-05 00:49:39.145993,0 days 00:00:33.198583,0.029193378625123265,0.24055325095686786,2,0.21096463191454934,0.2586853186050149,0.01268777719751896,0.043871342361795324,0.019871177471453366,0.059264017529205994,0.08356337036292906,6,37,0.00262260372444545,0.18176299291682185,True,False,True,1.222149980242399e-07,COMPLETE
1594,0.5427488327026367,2025-04-05 00:49:39.685409,2025-04-05 00:50:09.840831,0 days 00:00:30.155422,0.0540271278329142,0.18927785608922862,2,0.24949670534441984,0.05596381908964496,0.019915407814738165,0.09998442458579912,0.01660726502531952,0.056302652097397585,0.04326348368884697,5,42,0.005496218255175073,0.17496166183557318,True,False,True,7.451880376865272e-08,COMPLETE
1595,0.4160239934921265,2025-04-05 00:50:10.358835,2025-04-05 00:50:42.955778,0 days 00:00:32.596943,0.12703153372947273,0.17467690880817463,2,0.2419620717764674,0.06218802049181559,0.01732043599642442,0.040361230977504575,0.0010458758597626395,0.05266745050423819,0.07262884088745478,6,47,0.05686161216300942,0.17261748285278752,True,False,True,6.290206720624444e-08,COMPLETE
1596,0.4156002104282379,2025-04-05 00:50:43.476716,2025-04-05 00:51:19.048477,0 days 00:00:35.571761,0.07740676663654897,0.254588086884494,2,0.21653870515025989,0.07407822472210011,0.022757897363274753,0.05216894671015866,0.012156844885867168,0.06227777031263487,0.06115844194152661,7,52,0.007330950947413923,0.19857120401688752,True,False,True,4.904335798922073e-08,COMPLETE
1597,0.5001603782176972,2025-04-05 00:51:19.589105,2025-04-05 00:51:36.261943,0 days 00:00:16.672838,0.09947635578901942,0.22488792957427758,16,0.19294595893470579,0.05326285329462849,0.014202147970542194,0.04599939041828155,0.015434504350265818,0.05664804074383713,0.08484721675034765,9,58,0.0028349022071947226,0.1813278105976911,True,False,True,8.57021077854547e-08,COMPLETE
1598,0.4160239934921265,2025-04-05 00:51:36.784249,2025-04-05 00:52:06.922398,0 days 00:00:30.138149,0.04161205439777537,0.19979345896187428,2,0.26074097947808716,0.06833967562738329,0.0202241750461759,0.03722764269658384,0.02224175720329326,0.06494598384824757,0.05465850342837258,5,44,0.0052675590392560895,0.16971515275941057,True,False,True,1.8543357161262735e-07,COMPLETE
1599,0.392445719242096,2025-04-05 00:52:07.465258,2025-04-05 00:52:40.368276,0 days 00:00:32.903018,0.12704891095898158,0.23812448771207048,2,0.20999119481284545,0.059751661928154426,0.017480380149118423,0.04204158802125037,0.013044279246365807,0.05399554589192998,0.06889660293834357,6,50,0.008063563684835956,0.19021326781325693,True,False,True,1.9209315162956554e-08,COMPLETE
1600,0.29052439928054813,2025-04-05 00:52:40.895473,2025-04-05 00:53:16.492086,0 days 00:00:35.596613,0.06740357534990665,0.21576432570935755,2,0.2015090322646799,0.17271769327222095,0.022271091559500994,0.039642053417950296,0.07743406261001386,0.05073369513944416,0.08388526053094085,7,54,0.004309234851725772,0.17575961466283802,True,False,True,4.745801005969784e-08,COMPLETE
1601,0.5516989707946778,2025-04-05 00:53:17.016016,2025-04-05 00:53:47.672543,0 days 00:00:30.656527,0.08660500398539978,0.17551934022419818,2,0.2525281421070968,0.046073383784276195,0.019439014202407214,0.04862712988458441,0.024300500363498217,0.055127651017438384,0.0498262189226658,5,47,0.007898970636968303,0.1860039557760541,True,False,True,7.621209647205609e-08,COMPLETE
1602,0.6144463539123536,2025-04-05 00:53:48.215997,2025-04-05 00:54:26.634144,0 days 00:00:38.418147,0.026817069043150787,0.26301576295404167,2,0.21956227014371346,0.2855548607909423,0.01570016427924274,0.043907810763301726,0.0028002817677182617,0.06001386205468861,0.06498257460655534,8,61,0.0028304351692304336,0.16975067726267903,True,False,True,1.4162513949824164e-07,COMPLETE
1603,0.29052439928054813,2025-04-05 00:54:27.157781,2025-04-05 00:54:59.995013,0 days 00:00:32.837232,0.539544565259245,0.3647848432613018,2,0.12729376087126526,0.07713233968191598,0.021101923954021926,0.0390089645228071,0.010044621836547108,0.09182482341275784,0.08397987339561745,6,56,0.005869294485573864,0.19461861957426932,True,True,True,5.774630406108613e-08,COMPLETE
1604,0.41394936442375185,2025-04-05 00:55:00.522181,2025-04-05 00:55:30.452865,0 days 00:00:29.930684,0.04391595024323953,0.23341348341703086,2,0.24083972852393684,0.06508415691059193,0.01829692365782805,0.04193404781986444,0.002692834526566393,0.09408769823071544,0.09939389195279696,5,51,0.004190856677898525,0.17977088468889932,False,False,True,1.0098415418028673e-07,COMPLETE
1605,0.3456703245639801,2025-04-05 00:55:30.993420,2025-04-05 00:56:04.086216,0 days 00:00:33.092796,0.06418546361229957,0.19971655575151184,2,0.2143389232070892,0.05111013491670806,0.022744477710978216,0.0555448342333307,0.004353423845233086,0.050948826176627784,0.045152559441079904,6,40,0.001057568641451805,0.16772940434304487,True,False,True,3.0392407105037776e-08,COMPLETE
1606,0.32531495690345763,2025-04-05 00:56:04.611102,2025-04-05 00:56:40.152383,0 days 00:00:35.541281,0.12101384331549751,0.2500185415662497,2,0.2645033370882467,0.24334442542104606,0.012864716543041142,0.0363842602780708,0.01821357847135338,0.05789145230218058,0.06770007842295768,7,44,0.007538665451111233,0.1756534704048544,True,False,True,2.4810007662827264e-08,COMPLETE
1607,0.48810845613479614,2025-04-05 00:56:40.673544,2025-04-05 00:57:11.129962,0 days 00:00:30.456418,0.09794182878914691,0.21133295922846268,2,0.2462530405629136,0.05743688551496211,0.016215628167413253,0.046199167605837116,0.011570405280993281,0.07896803729985494,0.05634573066413335,5,48,0.03863513162933396,0.1892923507666091,True,False,True,1.5741305768129016e-08,COMPLETE
1608,0.48591705560684206,2025-04-05 00:57:11.672933,2025-04-05 00:57:44.516650,0 days 00:00:32.843717,0.07868589891438789,0.5112706956085472,2,0.2220504012522167,0.03913584882591992,0.01975559039983659,0.050263009281016895,0.0010358947366506956,0.06119181232505188,0.07508265138098279,6,53,0.0029665221092906005,0.18316290533630003,True,False,True,1.2323528783041047e-07,COMPLETE
1609,0.4180165112018585,2025-04-05 00:57:45.039834,2025-04-05 00:58:15.281805,0 days 00:00:30.241971,0.05369511405541499,0.27870967220088066,2,0.20452781691341432,0.07076135702059798,0.02378389306641472,0.04036846726650005,0.059544285343720985,0.0317603579061159,0.04042473854274373,5,56,0.001022989456208519,0.17310471394104013,True,False,True,4.730688128164066e-08,COMPLETE
1610,0.29014704227447513,2025-04-05 00:58:15.829607,2025-04-05 00:58:48.660210,0 days 00:00:32.830603,0.10949173280794423,0.18301393919500664,2,0.23600549687162167,0.12227501457489914,0.014283496131532198,0.044156349014217736,0.008001368598232127,0.07803154551474611,0.09958380321654445,6,46,0.005561022311705368,0.2005932661048574,True,False,True,6.816378001151103e-08,COMPLETE
1611,0.43868122696876527,2025-04-05 00:58:49.184646,2025-04-05 00:59:19.534801,0 days 00:00:30.350155,0.027416615120815155,0.22785892273718103,2,0.21193395431359757,0.061630147626983045,0.017629123164075965,0.037924895878483515,0.016618571706545595,0.07628155505385494,0.07572854329237746,5,50,0.007652174050168341,0.16664956513921172,True,False,True,1.9260472785228785e-07,COMPLETE
1612,0.29052439928054813,2025-04-05 00:59:20.058499,2025-04-05 00:59:58.678988,0 days 00:00:38.620489,0.5084678384982215,0.2515154426768434,2,0.22100116621124732,0.05420796658809329,0.02081734630753628,0.04199170793683868,0.05631354566593298,0.09583270461192041,0.055623741972293785,8,42,0.004068570357182451,0.17911234796314435,True,False,True,4.051601686930505e-08,COMPLETE
1613,0.4851670920848847,2025-04-05 00:59:59.222989,2025-04-05 01:00:32.233176,0 days 00:00:33.010187,0.07793245504039127,0.16989450389528277,2,0.2566280875174458,0.04482442125002775,0.02232524217282228,0.04772317416599503,0.004069798972082481,0.047110516640695765,0.06374907692933023,6,53,0.006061076780609098,0.18708499627155048,True,False,True,9.714958415239348e-08,COMPLETE
1614,0.40073411464691167,2025-04-05 01:00:32.756227,2025-04-05 01:01:02.890270,0 days 00:00:30.134043,0.011016041176465728,0.2185785229795728,2,0.2076974450137864,0.06634091887688612,0.01860326329772533,0.03977829509920043,0.008982733945168027,0.05226024282180398,0.04806021599950181,5,58,0.008175871848388003,0.19314989543679867,True,False,True,1.6227319345399732e-07,COMPLETE
1615,0.34475333094596866,2025-04-05 01:01:03.413156,2025-04-05 01:01:39.262748,0 days 00:00:35.849592,0.047497474792996965,0.19496080183549502,2,0.24967212854356952,0.05072903668606892,0.01530547110387202,0.045014171133037226,0.019925932353296767,0.08981638948724469,0.09965396172195874,7,38,0.002813149345532736,0.12738281778499694,True,False,True,5.699827708718902e-08,COMPLETE
1616,0.613002097606659,2025-04-05 01:01:39.817161,2025-04-05 01:02:12.975632,0 days 00:00:33.158471,0.12102810091286881,0.27974752061292235,2,0.2321823038743202,0.0584088378087071,0.020177991760599312,0.043203659179743364,0.013916054904468178,0.0631415599710337,0.08302453003699269,6,48,0.005523910120230386,0.17377614184600382,True,False,True,1.2291835044564629e-08,COMPLETE
1617,0.4143288731575012,2025-04-05 01:02:13.503865,2025-04-05 01:03:19.988845,0 days 00:01:06.484980,0.0959417859773681,0.24045668520467664,2,0.23995849735998673,0.07768997100441287,0.023366962126089776,0.054378230782990214,0.006812510922862319,0.0543124969439121,0.07123062400744502,18,44,0.004244253910010645,0.16564621526313644,True,False,True,7.974615606040978e-08,COMPLETE
1618,0.3472338974475861,2025-04-05 01:03:20.539319,2025-04-05 01:03:56.637210,0 days 00:00:36.097891,0.06372171064578379,0.20593878055113923,2,0.21493174833271636,0.06489522719205017,0.018143565344987532,0.0368734006099556,0.011654311467942803,0.08143268008971272,0.061851674232500084,7,51,0.008131729941910767,0.22499712378761547,True,False,True,2.2389288707014816e-08,COMPLETE
1619,0.5616064667701721,2025-04-05 01:03:57.166004,2025-04-05 01:04:27.397310,0 days 00:00:30.231306,0.03929532942654315,0.26245787522389885,2,0.1987766033068837,0.0711150748805415,0.020691610445250697,0.04112940751092902,0.0027892300365743006,0.06768559480298386,0.0823671009025176,5,61,0.002779647905694186,0.18279987619035049,True,False,True,3.5079919551697544e-08,COMPLETE
1620,0.41598138809204105,2025-04-05 01:04:27.922418,2025-04-05 01:04:42.924364,0 days 00:00:15.001946,0.08258387491782485,0.23019705237254376,16,0.22507157083795185,0.056414193522169344,0.02531768284838326,0.03850176580461257,0.005280156995595555,0.079414945935003,0.09986600363187763,5,53,0.08544133219296535,0.17110458286612618,True,False,True,1.2622488625424318e-07,COMPLETE
1621,0.4838387966156006,2025-04-05 01:04:43.490091,2025-04-05 01:05:16.638054,0 days 00:00:33.147963,0.06143984905550623,0.17110755088350077,2,0.24712393200998298,0.0480001237964233,0.01650347394839606,0.046425174681345674,0.009528242592916429,0.06073952179370907,0.04274510800490588,6,55,0.005747316949695456,0.179667612403084,True,False,True,2.0561794860778214e-08,COMPLETE
1622,0.29052439928054813,2025-04-05 01:05:17.169130,2025-04-05 01:05:55.532904,0 days 00:00:38.363774,0.13719468909469362,0.44077345969292925,2,0.21786590783035278,0.06150457350306611,0.022122042125277866,0.051351691177167105,0.007176921442162936,0.09188226399628178,0.0532780762472765,8,47,0.007871033933444826,0.16194208127106383,True,True,True,2.871714637039663e-08,COMPLETE
1623,0.3168423414230347,2025-04-05 01:05:56.060134,2025-04-05 01:07:04.087340,0 days 00:01:08.027206,0.5603001757426407,0.2128692998257233,2,0.23050002801314143,0.0406336653173119,0.013269507479572961,0.08174386469769274,0.00433543489599387,0.0818053969557833,0.012483696588023417,19,42,0.004139038705014158,0.17467006365452697,False,False,True,7.572773720837433e-08,COMPLETE
1624,0.5239603877067567,2025-04-05 01:07:04.632198,2025-04-05 01:08:02.483138,0 days 00:00:57.850940,0.027471381095093568,0.25270822525891334,2,0.2606487688435349,0.05380612776881676,0.019210106074591542,0.043041836548949636,0.001038168889378954,0.0885407458424832,0.07355628235620777,15,50,0.005808105861849337,0.18978756120540918,True,False,True,5.440639980231727e-08,COMPLETE
1625,0.5665743708610536,2025-04-05 01:08:03.007448,2025-04-05 01:08:39.143646,0 days 00:00:36.136198,0.09914236409982793,0.2953047959606138,2,0.20651514730577794,0.06626602262030293,0.02373861602821077,0.04017968521265143,0.006319210127102666,0.08533041093655333,0.06194683063088572,7,56,0.0026404243682533494,0.20305924405265785,True,False,True,4.471440264128155e-08,COMPLETE
1626,0.34516988992691044,2025-04-05 01:08:39.693179,2025-04-05 01:09:09.948310,0 days 00:00:30.255131,0.048318414947444474,0.18880805450953944,2,0.23690140351730174,0.07179650181123859,0.017545248903075898,0.035350274728963835,0.015088485112334897,0.07459989026178038,0.051223046041328886,5,59,0.0076649321310518674,0.16879308349387132,True,False,True,1.491776173547787e-07,COMPLETE
1627,0.4148740947246552,2025-04-05 01:09:10.485516,2025-04-05 01:09:43.527564,0 days 00:00:33.042048,0.12347939693755944,0.2677596386507803,2,0.2236794424612974,0.0623478008629942,0.021725639123882347,0.05826858577576173,0.010458676700381605,0.04917058854965849,0.07980272514314776,6,46,0.00576945168007026,0.1850176640808212,True,False,True,1.0009922165340707e-07,COMPLETE
1628,0.3473428964614868,2025-04-05 01:09:44.055360,2025-04-05 01:10:14.261219,0 days 00:00:30.205859,0.08372192792232151,0.22835291246242895,2,0.21388341887771822,0.046045502690346615,0.014892832067950116,0.038319776670536446,0.008497359380076773,0.0661633132398626,0.04179126202970087,5,40,0.0026970855347239753,0.14776619806507932,True,False,True,6.186812486278573e-08,COMPLETE
1629,0.3452411413192749,2025-04-05 01:10:14.814561,2025-04-05 01:10:47.703600,0 days 00:00:32.889039,0.0651643842200718,0.7157048576371667,2,0.25659997251098526,0.05212083897259588,0.020215436566291035,0.045424288150010615,0.0034509574124163807,0.08011538461222738,0.06637704053200061,6,64,0.030380801076410478,0.16369506781150597,True,False,True,1.6291166578620783e-08,COMPLETE
1630,0.3465050280094147,2025-04-05 01:10:48.230586,2025-04-05 01:11:23.968798,0 days 00:00:35.738212,0.030923108542479233,0.17226514006692756,2,0.2426044380651496,0.05879988843840326,0.012343691565538197,0.048727932859154895,0.0054583094342169364,0.0779491035411817,0.0847846617005334,7,49,0.008167413012293772,0.17763278437486615,True,False,True,3.111129157552745e-08,COMPLETE
1631,0.742239558696747,2025-04-05 01:11:24.523569,2025-04-05 01:11:57.302927,0 days 00:00:32.779358,0.08132339347287203,0.20502130148360015,2,0.2267820263936558,0.06834498398894562,0.016668946505678427,0.04192297187198477,0.012609208243245944,0.05654184429392592,0.005326381325381662,6,52,0.0011340394216115815,0.19505704787713998,True,False,True,1.8961829971013744e-07,COMPLETE
1632,0.4179247498512268,2025-04-05 01:11:57.829125,2025-04-05 01:12:38.476367,0 days 00:00:40.647242,0.10019378976944457,0.5972977796654269,2,0.21799889867470199,0.07715385523695596,0.025663228487262532,0.03569408969115877,0.007676361346133646,0.08683494835164973,0.054351559877724755,9,37,0.041789232487997034,0.16993174372367506,True,False,True,4.171064018927563e-08,COMPLETE
1633,0.34676147699356086,2025-04-05 01:12:39.004872,2025-04-05 01:13:08.850014,0 days 00:00:29.845142,0.0519890973661811,0.24293710481970082,2,0.20982587560651292,0.05627207021102668,0.06869584465973966,0.043399493861298065,0.08007758769791379,0.02486074198809403,0.07181255092071724,5,5,0.004403179583569728,0.1521881820721186,True,False,True,1.0309612235523063e-08,COMPLETE
1634,0.417104572057724,2025-04-05 01:13:09.401421,2025-04-05 01:13:39.594841,0 days 00:00:30.193420,0.01133396634480524,0.28284524699693836,2,0.23385159804686814,0.050510410396982654,0.018879394756793365,0.03894996550969393,0.0031378730944507656,0.08244139947383734,0.08305713747836227,5,43,0.06426783522527936,0.18210132725748235,True,False,True,8.823557527720392e-08,COMPLETE
1635,0.37540225982666015,2025-04-05 01:13:40.129145,2025-04-05 01:14:13.208345,0 days 00:00:33.079200,0.6005000822552057,0.4913919970150039,2,0.25069650655251796,0.06323955217607678,0.022480541803324965,0.09530297678103955,0.018202515343441666,0.08446662520795242,0.06464259352792805,6,45,0.006429552341282147,0.17529893458132298,True,False,True,1.3158952844078007e-07,COMPLETE
1636,0.486288720369339,2025-04-05 01:14:13.763730,2025-04-05 01:15:03.518441,0 days 00:00:49.754711,0.10819385157738277,0.21683429651193387,2,0.19829717579350345,0.04406786560442535,0.020230628354841757,0.041696378985724133,0.022051928040308075,0.08914448168536082,0.04965504928777518,12,55,0.0042514191843417894,0.15949025614828866,True,False,True,2.2437256255052205e-08,COMPLETE
1637,0.6131671786308289,2025-04-05 01:15:04.053443,2025-04-05 01:15:34.012840,0 days 00:00:29.959397,0.1419898484294923,0.19290177752423468,2,0.22044053879926367,0.058379727481667754,0.024065414283874632,0.047404299232793254,0.06716653994923666,0.06397799058919479,0.007248023849648224,5,49,0.008418311019435567,0.18851136113424413,True,False,True,6.635651077743167e-08,COMPLETE
