number,value,datetime_start,datetime_complete,duration,params_alpha-eval,params_alpha-train,params_batch-size,params_eps-eval,params_eps-train,params_lambda-actions-eval,params_lambda-actions-train,params_lambda-frames-eval,params_lambda-frames-train,params_learning-rate,params_n-epochs,params_n-frames,params_radius-gw,params_rho,params_std-feats,params_ub-actions,params_ub-frames,params_weight-decay,state
337,0.3562279939651489,2025-04-04 05:57:54.349947,2025-04-04 05:58:34.124949,0 days 00:00:39.775002,0.27961491420931195,0.011421668742122547,8,0.06876668169729633,0.19322000035141332,0.0879973603269987,0.016840843183785127,0.04860069718411902,0.013040338788940791,0.00014259612693906412,29,82,0.012632852024468184,0.17258543596554116,True,False,False,4.16816196278203e-05,COMPLETE
338,0.4218783378601074,2025-04-04 05:58:34.234475,2025-04-04 05:59:15.317645,0 days 00:00:41.083170,0.30206224592728803,0.058071533832718084,8,0.1325160203452198,0.07520710485457231,0.09031279441094764,0.014193195399867409,0.04566940159633853,0.027024678027076202,6.33991217647083e-05,30,85,0.010268863913664966,0.15948057540585306,True,False,False,2.7343617497680764e-05,COMPLETE
339,0.6786291360855103,2025-04-04 05:59:15.424896,2025-04-04 05:59:54.461435,0 days 00:00:39.036539,0.2588425679392367,0.06564832718317205,8,0.09340079874886249,0.06642021517568825,0.09284535623609441,0.01896052706726584,0.050836610184204475,0.017980702917936908,0.00010281172591181684,28,96,0.015082248535664323,0.1637389109149685,True,False,False,5.521740972691139e-05,COMPLETE
340,0.4451939165592194,2025-04-04 05:59:54.567996,2025-04-04 06:00:33.871103,0 days 00:00:39.303107,0.2777963467080568,0.02568721122476224,8,0.10184026545587765,0.05771776259234342,0.09318572585233045,0.022183208455897382,0.0507424500804603,0.01216166951460493,0.00018091751702086734,28,99,0.01806124810864754,0.17721491621360727,True,False,False,5.8239414560542825e-05,COMPLETE
341,0.6775858879089356,2025-04-04 06:00:33.992270,2025-04-04 06:01:13.741548,0 days 00:00:39.749278,0.3180475572505381,0.05560865642286684,8,0.09508723953281775,0.062319275860375924,0.0955532667671139,0.015606405784659057,0.04918158532933117,0.025067693949556012,9.426735981628057e-05,28,96,0.014736201283485077,0.15783831160987366,True,False,False,4.6393919556974526e-05,COMPLETE
342,0.6772939801216126,2025-04-04 06:01:13.848622,2025-04-04 06:01:54.176188,0 days 00:00:40.327566,0.3432975406418402,0.06391860690393222,8,0.10759705188932295,0.06748756977732806,0.08792992334720617,0.01829644363304426,0.04261440119890786,0.015101550918843618,0.00011754088393662437,29,100,0.012370060152698027,0.16269171144721292,True,False,False,5.779867415738173e-05,COMPLETE
343,0.678221619129181,2025-04-04 06:01:54.282974,2025-04-04 06:02:33.674593,0 days 00:00:39.391619,0.2889977486396092,0.03779091321048847,8,0.08009217871499301,0.08249985705697095,0.09222319114381936,0.02467757307995954,0.05151564263478044,0.019713206376286603,8.02949836647826e-05,28,95,0.01694788488699244,0.17131351376652257,True,False,False,1.3075588659553515e-05,COMPLETE
344,0.4673512160778046,2025-04-04 06:02:33.782387,2025-04-04 06:04:22.840725,0 days 00:01:49.058338,0.26190889818970653,0.0335625151531005,2,0.07696830187070598,0.08318943233348378,0.09276941072959101,0.013683565481316697,0.047403264452029796,0.021150529226182137,7.732844973307884e-05,28,96,0.017395247466755533,0.17215475756124088,True,False,False,4.762571360278307e-05,COMPLETE
345,0.3538397669792176,2025-04-04 06:04:22.959698,2025-04-04 06:05:02.039715,0 days 00:00:39.080017,0.2831480385634196,0.0472736416252108,8,0.1537048131140703,0.16852207663838187,0.08484543678491663,0.024641859838170882,0.04371874748798261,0.019852877740626537,9.091709898230065e-05,28,96,0.01883642903619629,0.1827953522063206,True,False,False,3.469854917967606e-05,COMPLETE
346,0.41124066710472107,2025-04-04 06:05:02.149154,2025-04-04 06:05:41.904555,0 days 00:00:39.755401,0.3673104669529885,0.02848118476447025,8,0.06900939426110266,0.09108823322035323,0.09473685297573255,0.016247658266608397,0.051682957750652694,0.023791258389047793,6.758661560025201e-05,28,100,0.016404156952591273,0.16935631774280085,True,False,False,2.131396638522176e-05,COMPLETE
347,0.6714464664459229,2025-04-04 06:05:42.013255,2025-04-04 06:06:22.055209,0 days 00:00:40.041954,0.22608389589812145,0.06574811448080953,8,0.07968344693399236,0.05591066984296564,0.08966512478797273,0.018946766085428446,0.04905860448596234,0.021905887549855424,0.0005435671283707098,29,94,0.018768882851209014,0.19254951068012913,True,False,False,6.329153068104728e-05,COMPLETE
348,0.4098727643489838,2025-04-04 06:06:22.163615,2025-04-04 06:07:00.400362,0 days 00:00:38.236747,0.3277558589172285,0.010571119562182398,8,0.07305644023332372,0.06940921549188436,0.054802292442763426,0.02069439575141007,0.04611529061522851,0.018778249448030644,0.00010067236069512003,29,93,0.015821992893031763,0.17538249494201968,False,False,False,1.2818742262616451e-05,COMPLETE
349,0.6780623435974121,2025-04-04 06:07:00.520666,2025-04-04 06:07:39.314935,0 days 00:00:38.794269,0.25181490903366444,0.0439004284233659,8,0.08245514832083692,0.08300746798132147,0.08644389246005992,0.017709475398933656,0.04226832882825609,0.024317443985259847,7.844734161859645e-05,28,91,0.011575983978291739,0.1641196688124323,True,False,False,4.553647485918134e-05,COMPLETE
350,0.36797426342964173,2025-04-04 06:07:39.424143,2025-04-04 06:08:18.765389,0 days 00:00:39.341246,0.25105473726616456,0.04454358347525063,8,0.08129930500208221,0.08984813669213096,0.086040668719675,0.015586981625338357,0.04242739067650793,0.017424956557838205,8.173067605420828e-05,28,92,0.008111556569247941,0.15995642124010545,True,False,False,4.7799029201889456e-05,COMPLETE
351,0.43898453116416936,2025-04-04 06:08:18.875214,2025-04-04 06:08:58.514303,0 days 00:00:39.639089,0.2600815561274877,0.03000735634257901,8,0.06946146085142248,0.0634189853071226,0.08372995795751216,0.02294160380941875,0.04434290653656411,0.020105728546937183,0.00010241608515230445,28,98,0.009892701314823641,0.16482843439587253,True,False,False,5.88146166491547e-05,COMPLETE
352,0.6780309081077576,2025-04-04 06:08:58.626411,2025-04-04 06:09:38.785176,0 days 00:00:40.158765,0.22775761544160053,0.05023512343233017,8,0.07668087604896104,0.08321624527704297,0.08747365355784044,0.017544711871700206,0.04238337682557562,0.02804359688856266,7.317660367708891e-05,29,94,0.011368791229475546,0.1665645126600196,True,False,False,4.050466607442063e-05,COMPLETE
353,0.35269114971160886,2025-04-04 06:09:38.906451,2025-04-04 06:10:18.790419,0 days 00:00:39.883968,0.22552898757652887,0.0671504624061263,8,0.08212472378422236,0.21394557267146458,0.09208592897870732,0.026928318588474078,0.04229265413803655,0.08991363524550453,7.307281058616681e-05,29,95,0.010977822239973845,0.1534392786644975,True,False,False,4.021420130202833e-05,COMPLETE
354,0.4066793501377106,2025-04-04 06:10:18.901479,2025-04-04 06:10:59.150407,0 days 00:00:40.248928,0.23222527204707175,0.05253191062966137,8,0.09431778406471698,0.08367729432602469,0.08812609263834233,0.019643473115507085,0.04260301404430866,0.0283867481835404,8.225136945164806e-05,29,98,0.013557090243045761,0.2797322175625913,True,False,False,2.701822251368965e-05,COMPLETE
355,0.6782233357429506,2025-04-04 06:10:59.261248,2025-04-04 06:11:39.097986,0 days 00:00:39.836738,0.27829755000322987,0.04515097062279754,8,0.07643629241168491,0.09408050293700936,0.0613570550270234,0.01857101481454481,0.0417409273562587,0.02389371595127364,6.657010291616204e-05,29,91,0.013210511013005785,0.1656942147766243,True,False,False,3.997276746002557e-05,COMPLETE
356,0.6781119942665101,2025-04-04 06:11:39.210025,2025-04-04 06:12:18.388277,0 days 00:00:39.178252,0.2762457559025707,0.06711908553307985,8,0.0909083754160324,0.0946001290053625,0.09330213184523756,0.02444605531014807,0.04753178315974576,0.02235636565632368,4.905320952584503e-05,28,91,0.014405202506052848,0.1616604571246134,True,False,False,1.6937929618182953e-05,COMPLETE
357,0.36904008984565734,2025-04-04 06:12:18.509884,2025-04-04 06:12:55.762495,0 days 00:00:37.252611,0.28052597438751786,0.07038212807011732,8,0.09183383545699553,0.15817238101464465,0.09425781676709696,0.025045007608838477,0.055529278847198306,0.02182130830711427,4.8914408198063336e-05,29,15,0.01480862321857943,0.1585721190013267,True,False,False,1.608782479944456e-05,COMPLETE
358,0.6777864933013916,2025-04-04 06:12:55.874955,2025-04-04 06:13:36.616141,0 days 00:00:40.741186,0.2843315583382959,0.07374102339487731,8,0.09788618793296715,0.09420168098454468,0.09684535814984077,0.024030510240347733,0.04708962215447468,0.022425684030325296,6.558129496713574e-05,30,88,0.017350906916776952,0.15351411258471542,True,False,False,1.7956309690162924e-05,COMPLETE
359,0.41761869788169864,2025-04-04 06:13:36.728868,2025-04-04 06:14:17.022787,0 days 00:00:40.293919,0.2669920297094698,0.12276908828151752,8,0.07612532934981565,0.08970163003205686,0.09276073444867317,0.021638665350835577,0.051608087556377066,0.019446389796984116,5.938511324805316e-05,29,91,0.019191251140113066,0.18742532359662908,True,False,False,2.230189619201841e-05,COMPLETE
360,0.41204085946083074,2025-04-04 06:14:17.148866,2025-04-04 06:14:57.621878,0 days 00:00:40.473012,0.30062550534686977,0.010999075473517146,8,0.08931316882858993,0.09447050702098549,0.09736604269121785,0.027484766178591788,0.048091963611675795,0.026366117454364197,4.96501441057079e-05,30,87,0.01385035722329114,0.17036042026367587,True,False,False,2.3247754310972743e-05,COMPLETE
361,0.6785901308059693,2025-04-04 06:14:57.735919,2025-04-04 06:15:37.320175,0 days 00:00:39.584256,0.2744819401875154,0.07627194144172281,8,0.0664240522599247,0.07434915064805825,0.09109280626678698,0.022901152875242064,0.04483053821841489,0.016098610490238897,9.978907836564937e-05,28,93,0.016793093240282372,0.1616638349224564,True,False,False,8.72755897359732e-06,COMPLETE
362,0.6777869939804078,2025-04-04 06:15:37.433917,2025-04-04 06:16:17.210395,0 days 00:00:39.776478,0.31472003436339946,0.12759140003378927,8,0.0678469577160441,0.07377347839945375,0.035869424489402044,0.02093935483719716,0.0443901432432509,0.01441214021451569,9.800568696308968e-05,29,95,0.01718345749463539,0.168060785804428,True,False,False,1.07108223909563e-05,COMPLETE
363,0.4230057120323181,2025-04-04 06:16:17.324114,2025-04-04 06:18:06.333754,0 days 00:01:49.009640,0.2526409640888484,0.07560908481594855,2,0.0662579978717268,0.06899467938048752,0.09068414030783653,0.019824816040994127,0.050116078791230034,0.01687603788598421,0.00015235219198509736,28,100,0.01951143375399476,0.1543148390562133,True,False,False,4.509836247793635e-06,COMPLETE
364,0.6784173727035523,2025-04-04 06:18:06.458462,2025-04-04 06:18:46.753625,0 days 00:00:40.295163,0.2923460085018092,0.03494621064081602,8,0.07460300832509506,0.07522169649571887,0.08979399420100155,0.022575800235650118,0.04477908945923111,0.012406494955715547,0.00011346371618192352,30,88,0.016520538599788692,0.1785736919893171,True,False,False,3.0737977905170165e-05,COMPLETE
365,0.6787461400032044,2025-04-04 06:18:46.867539,2025-04-04 06:19:28.023818,0 days 00:00:41.156279,0.2978417662103917,0.031616689850760965,8,0.07392150803436119,0.07804234500349128,0.08949440888359649,0.022957712555503808,0.04454963130495314,0.011095450904323177,0.00011467389336484268,30,97,0.017216722586993492,0.17950654321021184,True,False,False,3.091647552336344e-05,COMPLETE
366,0.4272188067436219,2025-04-04 06:19:28.138899,2025-04-04 06:20:09.385917,0 days 00:00:41.247018,0.2938049405792733,0.030209522234769463,8,0.06500380238264877,0.07588918545223491,0.08886451567249237,0.022977502409125036,0.04490175905444269,0.011865308151843423,0.00011501949299258721,30,97,0.019495721094762972,0.18365826773272562,True,False,False,7.472178925146957e-06,COMPLETE
367,0.4268029153347016,2025-04-04 06:20:09.501287,2025-04-04 06:20:51.301064,0 days 00:00:41.799777,0.9447911307934069,0.012547913717802941,8,0.07421204828186556,0.06872862315139694,0.08533346056471872,0.026388379294302745,0.04155605106828309,0.01114719267438134,0.00013961637535640483,30,97,0.017559906801840153,0.1805542663448248,True,False,False,6.710224504939079e-06,COMPLETE
368,0.6788612246513367,2025-04-04 06:20:51.426406,2025-04-04 06:21:32.747486,0 days 00:00:41.321080,0.31655303926646283,0.04550638794516921,8,0.07101349605791406,0.07876940808226529,0.08879425017112388,0.02091697163733515,0.045061795386552306,0.009595666405450775,0.00011069437380673923,30,101,0.015573831281987941,0.18811530097733176,True,False,False,3.168855774843987e-05,COMPLETE
369,0.4029256105422974,2025-04-04 06:21:32.863719,2025-04-04 06:22:11.266076,0 days 00:00:38.402357,0.3190750658582703,0.03311780462510435,8,0.06661124145639585,0.07479282546884157,0.08869028504357195,0.019765122818054683,0.04433237528451997,0.009072722974743718,0.00011161640304446875,29,102,0.01558611823238513,0.19398606771292543,False,False,False,3.103630068430441e-06,COMPLETE
370,0.6769648671150208,2025-04-04 06:22:11.382842,2025-04-04 06:22:49.947028,0 days 00:00:38.564186,0.3520766247805643,0.04327968465405235,8,0.0734041644134048,0.066665789072387,0.06168289423705483,0.023381336800821887,0.04416247282445408,0.010327043070029504,0.00017320099177156075,27,99,0.01891596711113867,0.18851995042129818,True,False,False,1.4726751428848455e-08,COMPLETE
371,0.43529343605041504,2025-04-04 06:22:50.074618,2025-04-04 06:23:31.441456,0 days 00:00:41.366838,0.3026829178662198,0.026356401807235898,8,0.07109157394292616,0.08670757214628055,0.05795244715114507,0.019063287130103933,0.04142403729874765,0.013222280436261962,0.00012726647028569397,30,94,0.017513471091028732,0.17762289271760767,True,False,False,3.3293780072659104e-05,COMPLETE
372,0.6790287017822266,2025-04-04 06:23:31.558439,2025-04-04 06:24:10.981886,0 days 00:00:39.423447,0.3152936145655723,0.050535970695714444,8,0.06566496185067129,0.07830169339659661,0.08469416052332618,0.0133249024293291,0.04562506101032653,0.007860853900289703,0.00010700354373063684,28,101,0.014785803452780006,0.19758524798439303,True,False,False,3.1961310052763264e-05,COMPLETE
373,0.6780512809753418,2025-04-04 06:24:11.098956,2025-04-04 06:24:51.861385,0 days 00:00:40.762429,0.32041288157527803,0.0508833304601357,8,0.06280913412188693,0.07214706915945984,0.08527257193785852,0.013420247854826728,0.043954444723155045,0.01175907437969292,0.00023882842199704374,28,100,0.012579489011960262,0.18538287238316606,True,False,False,6.640869660004564e-05,COMPLETE
374,0.42844021320343023,2025-04-04 06:24:51.978440,2025-04-04 06:25:31.382366,0 days 00:00:39.403926,0.33603176087456244,0.01149200740651278,8,0.06696240882139677,0.08073598873471619,0.0838240971028847,0.012608868175670616,0.045706414676156326,0.014228302020587032,0.00010032239950549424,28,105,0.015221943227334384,0.20410312446599202,True,False,False,1.8559999955071048e-06,COMPLETE
375,0.6760083198547363,2025-04-04 06:25:31.512541,2025-04-04 06:26:09.898918,0 days 00:00:38.386377,0.2998158014459925,0.038593210813767154,8,0.23967075305338492,0.055311241356026344,0.051859290829606386,0.014995391773660102,0.0417314716057477,0.008017538934513055,0.0001450549589184267,27,97,0.01484094771369416,0.2134020048788128,True,False,False,3.427898188838527e-05,COMPLETE
376,0.6780938506126404,2025-04-04 06:26:10.018767,2025-04-04 06:26:50.392199,0 days 00:00:40.373432,0.316744131707058,0.051796720310495724,8,0.07183968231357088,0.08739693314173147,0.08712752020171362,0.015305208484067417,0.04588455549834328,0.0074568527402942425,9.1891856919973e-05,29,101,0.012962109661479138,0.1996540310127021,True,False,False,3.206505329744232e-05,COMPLETE
377,0.45218985080719,2025-04-04 06:26:50.511645,2025-04-04 06:27:30.648158,0 days 00:00:40.136513,0.347653108168435,0.031169160081928257,8,0.06530964885626031,0.06713952160622161,0.08822578820793053,0.017944344037257327,0.043350586459327226,0.009556676752784404,0.00011913182017656692,28,106,0.01828359326990383,0.19597640331528882,True,False,False,4.7311911075752535e-05,COMPLETE
378,0.6780617833137512,2025-04-04 06:27:30.765702,2025-04-04 06:28:09.779987,0 days 00:00:39.014285,0.29664719251820004,0.05337694904056585,8,0.08306132604882595,0.0787096987039548,0.08489415627969325,0.012764564374122388,0.04615850395538017,0.013887904620714167,6.438354406011187e-05,27,94,0.015108176745950141,0.17678352933499492,True,False,False,3.843560352617635e-05,COMPLETE
379,0.44391496181488044,2025-04-04 06:28:09.908552,2025-04-04 06:28:50.801150,0 days 00:00:40.892598,0.291319482151678,0.028595315958548306,8,0.16560217833643254,0.07368373853699568,0.08905425236037474,0.015329338086789556,0.04393682454233201,0.011353102476937623,9.000165848081428e-05,29,102,0.01981392462928677,0.19065452548598202,True,False,False,6.88647594236948e-05,COMPLETE
380,0.3620507061481476,2025-04-04 06:28:50.921401,2025-04-04 06:29:28.208336,0 days 00:00:37.286935,0.32167833789193967,0.06181194776424043,8,0.07535409943530137,0.17888233749681645,0.08633568013398592,0.02034520843359599,0.0419483820188204,0.006350534185824784,7.082776638669525e-05,28,26,0.009410842669987672,0.18222581234964277,True,False,False,5.456482108033707e-05,COMPLETE
381,0.35577582716941836,2025-04-04 06:29:28.329266,2025-04-04 06:30:08.687010,0 days 00:00:40.357744,0.28765023252028216,0.011329491672861826,8,0.07163488859487499,0.24345495253601085,0.09520899949589638,0.01779648162441306,0.0472420982531805,0.009770394882706809,0.00010926266029878363,29,99,0.012996820465812515,0.17394513979718948,True,False,False,1.2351257476772002e-06,COMPLETE
382,0.6780617833137512,2025-04-04 06:30:08.817783,2025-04-04 06:30:47.622830,0 days 00:00:38.805047,0.3099217929843358,0.046099623970278274,8,0.08505797672762286,0.08439995711231636,0.03930752513230731,0.01908540946334708,0.04444394932718231,0.01585068916499892,5.812868374777928e-05,27,95,0.01744222171212541,0.18591768479791812,True,False,False,8.520095499335989e-08,COMPLETE
383,0.6785771369934083,2025-04-04 06:30:47.743654,2025-04-04 06:31:27.396433,0 days 00:00:39.652779,0.34547791638699277,0.030346065970362057,8,0.0646641961516024,0.05981178389366808,0.09218720445904607,0.016229463197725485,0.0410975468223172,0.012511103863922955,0.00014947924742643855,28,97,0.01603296734588423,0.19497315794199443,True,False,False,5.596966758195612e-06,COMPLETE
384,0.6776179313659668,2025-04-04 06:31:27.516546,2025-04-04 06:32:06.966694,0 days 00:00:39.450148,0.3318886477255543,0.033920273906336104,8,0.06825410812602727,0.05886981548836115,0.09373329688000286,0.013076361792499692,0.04100815731632326,0.013007148273863624,0.00016505658212601315,28,98,0.01357211195054516,0.20350996765473145,True,False,False,6.358098861619887e-06,COMPLETE
385,0.678425145149231,2025-04-04 06:32:07.102442,2025-04-04 06:32:46.711228,0 days 00:00:39.608786,0.37894156055617356,0.027011357977129294,8,0.0656605032124502,0.05253166119644793,0.09283105310584128,0.015761383455496516,0.04147012489027839,0.011112036540758983,0.00012624897746383017,28,100,0.015573828393163331,0.1962540209331997,True,False,False,4.724831543693116e-06,COMPLETE
386,0.43603795170784,2025-04-04 06:32:46.833926,2025-04-04 06:33:26.053824,0 days 00:00:39.219898,0.36212324675084384,0.011794297511723933,8,0.06454539404741419,0.058240852185572956,0.09299042517763098,0.015293209206143576,0.04135184717728367,0.008523680186904886,0.00021219433935944747,27,107,0.011111817118554197,0.19308214932016574,True,False,False,5.025029009647668e-06,COMPLETE
387,0.42320160269737245,2025-04-04 06:33:26.175361,2025-04-04 06:34:05.466537,0 days 00:00:39.291176,0.3791733594645785,0.03138177850152145,8,0.06286625671149139,0.04362988035209208,0.09168422225194586,0.013228301459249237,0.04137967439884437,0.010954469893556463,0.00014018804918687709,28,100,0.015004969892237187,0.21672454946883007,True,False,False,9.136681130429059e-06,COMPLETE
388,0.4160239934921265,2025-04-04 06:34:05.588382,2025-04-04 06:34:43.503244,0 days 00:00:37.914862,0.3683848274729506,0.029366032319545956,8,0.06251140860944385,0.04255883073894472,0.09579400297989843,0.01575866477351385,0.043195204758000906,0.004407121924046259,0.00016298609166288304,28,97,0.012725024876443983,0.20115853363772634,False,False,False,3.6362507909551586e-06,COMPLETE
389,0.36065977811813354,2025-04-04 06:34:43.635614,2025-04-04 06:35:23.405288,0 days 00:00:39.769674,0.38995850961002543,0.049822906064257225,8,0.07033317874770668,0.062080143106587826,0.09174656350610051,0.016238297504438785,0.04086462621150074,0.012088316930606285,0.00013069688115748213,28,104,0.019448737427506683,0.19788219346057148,True,False,False,4.8464773064304754e-06,COMPLETE
390,0.6785375595092774,2025-04-04 06:35:23.527489,2025-04-04 06:36:02.510598,0 days 00:00:38.983109,0.3673449223958353,0.04892746993009038,8,0.07419526647814025,0.04780019980038354,0.09509458873169946,0.013607262723771163,0.043602434680183606,0.0019704977380341736,0.00011436717004653332,27,101,0.01516962504694847,0.2071436994079472,True,False,False,5.802802163137404e-06,COMPLETE
391,0.6792354822158814,2025-04-04 06:36:02.635260,2025-04-04 06:36:41.459221,0 days 00:00:38.823961,0.380626908882849,0.012230320244008844,8,0.06619914973128094,0.036203471984619415,0.09679096124985431,0.013602331769764203,0.04423030969399267,0.006759899694543922,0.00011905576167377835,27,103,0.008337054802307738,0.20300694371142522,True,False,False,5.821875535404091e-06,COMPLETE
392,0.6792354822158814,2025-04-04 06:36:41.593028,2025-04-04 06:37:20.679638,0 days 00:00:39.086610,0.3837746918728079,0.028890994894646863,8,0.06292212557651941,0.04043993493213795,0.09654143066046357,0.01201335253202318,0.04530318631003732,0.005539879959997128,0.00019342032031520007,27,105,0.0069945514770528355,0.20766466892750013,True,False,False,5.508331890164944e-06,COMPLETE
