number,value,datetime_start,datetime_complete,duration,params_alpha-eval,params_alpha-train,params_batch-size,params_eps-eval,params_eps-train,params_lambda-actions-eval,params_lambda-actions-train,params_lambda-frames-eval,params_lambda-frames-train,params_learning-rate,params_n-epochs,params_n-frames,params_radius-gw,params_rho,params_std-feats,params_ub-actions,params_ub-frames,params_weight-decay,state
673,0.6792354822158814,2025-04-04 10:04:56.117317,2025-04-04 10:05:35.034625,0 days 00:00:38.917308,0.46197255627599443,0.044456474603133504,8,0.059661279994717764,0.01846929853293692,0.04158561406083348,0.0062490962979352615,0.046006548344159154,0.07757949842430578,0.000383829346729271,27,104,0.008918363828794549,0.23522155091148997,True,False,False,5.683633726517646e-06,COMPLETE
674,0.6792354822158814,2025-04-04 10:05:35.262638,2025-04-04 10:06:12.878131,0 days 00:00:37.615493,0.42755210528621207,0.026400265056255125,8,0.16336342869769307,0.04374574219931302,0.09390095537063252,0.011497792395520446,0.05038806627225094,0.002879554404491169,0.0005140534285119845,25,117,0.00461426486412986,0.24280423257189093,True,False,False,8.613792656634168e-06,COMPLETE
675,0.4048083901405335,2025-04-04 10:06:13.092985,2025-04-04 10:06:50.976984,0 days 00:00:37.883999,0.3734733708148933,0.05556449952548296,8,0.06565375962521985,0.037992109298735276,0.021664240802774026,0.013844259572988444,0.041876878429909996,0.0048074535358925835,0.0521826652936653,26,107,0.010193141804010701,0.2619800940011786,True,False,False,4.183318285540122e-06,COMPLETE
676,0.4617965996265412,2025-04-04 10:06:51.202263,2025-04-04 10:07:30.784742,0 days 00:00:39.582479,0.4046860141013905,0.02709758496564424,8,0.05376686098366504,0.027942661504386,0.09807185842656521,0.008044201868494257,0.045794614801695284,0.00280181958115125,0.00025411981436689003,27,114,0.04967009419598738,0.20221948954858623,True,False,False,2.5055658113755426e-06,COMPLETE
677,0.6792354822158814,2025-04-04 10:07:30.996094,2025-04-04 10:08:11.326985,0 days 00:00:40.330891,0.4437532171309838,0.03914248944703194,8,0.04591565555598763,0.03458428155433551,0.09628440295430306,0.01068039843992944,0.04873265730960794,0.008894224165354413,0.0003352111832445761,28,110,0.0010391428796737512,0.2510197398336499,True,False,False,6.0865455179598585e-06,COMPLETE
678,0.28914027810096743,2025-04-04 10:08:11.551960,2025-04-04 10:08:45.212227,0 days 00:00:33.660267,0.3464411403167857,0.07573394508365185,8,0.28068659981268684,0.023862144934305968,0.09843519906799447,0.012783577860634531,0.04404755086237946,0.005572325969079331,0.000424592743387695,26,101,0.0066854957704974485,0.23126674663418295,True,True,False,4.838614410981348e-06,COMPLETE
679,0.4160239934921265,2025-04-04 10:08:45.438705,2025-04-04 10:09:18.773639,0 days 00:00:33.334934,0.4176819635472945,0.028328535387292717,8,0.059780255148461275,0.04336512471652641,0.09540841216976102,0.008364660513397175,0.052498975258237816,0.0026947145292405827,0.00014656116190400468,27,105,0.004259282588216021,0.2393698686197522,False,False,True,3.3270052517777856e-06,COMPLETE
680,0.6792354822158814,2025-04-04 10:09:18.990273,2025-04-04 10:09:59.132658,0 days 00:00:40.142385,0.3889505002009366,0.010715380799675827,8,0.07037383408749555,0.03142212552088423,0.05850853747012108,0.07393198215877189,0.04720409410307623,0.0010283321694829562,0.0001873428505454527,28,111,0.005779635218340769,0.22354778683127405,True,False,False,6.720094374661667e-06,COMPLETE
681,0.6687166929244995,2025-04-04 10:09:59.361860,2025-04-04 10:10:38.723467,0 days 00:00:39.361607,0.40650497858579787,0.059849192324025954,8,0.05287066276433988,0.03692243676680446,0.09801671744009431,0.01463605091894403,0.037929477650356674,0.004201856405986167,0.0005775969479981596,27,108,0.007629895916556622,0.21525707601873784,True,False,False,9.451433133101835e-06,COMPLETE
682,0.569806432723999,2025-04-04 10:10:38.937880,2025-04-04 10:12:24.360109,0 days 00:01:45.422229,0.3704533901517355,0.042254792688534305,2,0.06476940982473783,0.04679855326621944,0.09329224207603974,0.010385521282058302,0.04513548262840846,0.0066964802285741434,0.00029262905854002356,26,103,0.0028845573720541915,0.23502833169666237,True,False,False,4.662935532542437e-06,COMPLETE
683,0.6557124495506288,2025-04-04 10:12:24.587685,2025-04-04 10:13:03.933199,0 days 00:00:39.345514,0.4367198343369197,0.028523020823476603,8,0.12605177693370329,0.02775883816136054,0.09687726595790586,0.01600255950742225,0.040904960186491125,0.00274365415230486,0.08020440163222804,27,114,0.010557986058764145,0.24408280795834716,True,False,False,2.6151702558639954e-06,COMPLETE
684,0.6792354822158814,2025-04-04 10:13:04.148869,2025-04-04 10:13:44.329025,0 days 00:00:40.180156,0.3913585782513722,0.029719690172269983,8,0.05847482932681902,0.015855370220976602,0.09821052243827472,0.0034863654080542284,0.04878047062229662,0.004401899587400041,0.0003821722762227675,28,109,0.004168291044413682,0.2492744930417287,True,False,False,3.871933998269724e-06,COMPLETE
685,0.6792354822158814,2025-04-04 10:13:44.556675,2025-04-04 10:14:22.592168,0 days 00:00:38.035493,0.48086727224944403,0.05596361360927027,8,0.04963517732445682,0.03968008531905372,0.09504406220653346,0.012371017531286162,0.043127669282526135,0.00276815137233397,0.0002145460391320374,26,106,0.008430478986725793,0.21006346239700807,True,False,False,6.0792442896105416e-06,COMPLETE
686,0.7951614737510682,2025-04-04 10:14:22.808829,2025-04-04 10:15:02.078253,0 days 00:00:39.269424,0.42322425603350733,0.010638165092442458,8,0.07133169359561314,0.03251570893008537,0.09842400474809318,0.005874389539621248,0.04667895047441761,0.005387508303158673,0.038801136019663326,27,111,0.006125940056186917,0.2680895859313409,True,False,False,2.1018639054036853e-06,COMPLETE
687,0.6792354822158814,2025-04-04 10:15:02.307325,2025-04-04 10:15:42.244121,0 days 00:00:39.936796,0.4163535039910406,0.0291373820928764,8,0.07113940162178306,0.050421711274322156,0.09849084183754583,0.0058100816580922525,0.05021020269915099,0.008516555877983474,0.00024249948395554602,27,117,0.006062102895653925,0.2709506125625643,True,False,False,1.5893310244823036e-06,COMPLETE
688,0.6788335323333741,2025-04-04 10:15:42.474637,2025-04-04 10:16:09.539759,0 days 00:00:27.065122,0.36556311688848786,0.01031199456261931,8,0.07120488047813554,0.03556907017589821,0.09661528188133076,0.003107558009275138,0.0456474529347431,0.006886643360479435,0.04084797827126307,13,113,0.00865114544101694,0.26370259870026425,True,False,False,1.29495829543782e-06,COMPLETE
689,0.5545236825942994,2025-04-04 10:16:09.760346,2025-04-04 10:16:49.745620,0 days 00:00:39.985274,0.39809632625819386,0.04717676418456427,8,0.0654706260773668,0.042073170848732445,0.09859870504594105,0.007744879219334849,0.04300942893666193,0.006177805185437468,0.045008284128361095,28,113,0.010504028372840434,0.2895191480509054,True,False,False,2.12986252045621e-06,COMPLETE
690,0.678567385673523,2025-04-04 10:16:49.978526,2025-04-04 10:17:28.943929,0 days 00:00:38.965403,0.3849838549460568,0.01104913974117593,8,0.06299308618341083,0.022437630677703026,0.0998322450009139,0.005650919417997337,0.04729455501551822,0.008434473865508031,0.031372075809970215,26,110,0.006323179058215031,0.2693192945546816,True,False,False,2.0178120820118178e-06,COMPLETE
691,0.579750692844391,2025-04-04 10:17:29.162307,2025-04-04 10:18:07.070579,0 days 00:00:37.908272,0.4211846899230972,0.6319386205458966,8,0.0725024536295894,0.03204408219495798,0.0930041958463646,0.006662391503813377,0.04463089921846316,0.005102017823780994,0.04502532592607496,25,119,0.007582549307553628,0.22502803453319375,True,False,False,1.8464471189956813e-06,COMPLETE
692,0.6792354822158814,2025-04-04 10:18:07.298798,2025-04-04 10:18:46.809273,0 days 00:00:39.510475,0.34564317453199644,0.07679908233153705,8,0.1384424880342747,0.039604245966912976,0.0999359305382122,0.00902456245852374,0.048374686168426266,0.004565052771185692,0.0020204235773486215,27,100,0.005209545890599901,0.2823291582867744,True,False,False,1.1032780623683487e-06,COMPLETE
693,0.3775112271308899,2025-04-04 10:18:47.026482,2025-04-04 10:19:23.495007,0 days 00:00:36.468525,0.4052168210626356,0.044582186193856586,8,0.06495396510755641,0.027812449590216275,0.09531961360912439,0.03681767122283871,0.04083821671177755,0.0027944440623498775,0.022149507086276343,26,62,0.0031271534035976585,0.2753726211826781,True,False,False,1.1967165568696126e-05,COMPLETE
694,0.9097833752632142,2025-04-04 10:19:23.725042,2025-04-04 10:20:02.532522,0 days 00:00:38.807480,0.382430453340237,0.01067125981336207,8,0.24881575885467933,0.048112553429763436,0.031583509699338874,0.004372956317827081,0.046240527513982894,0.005952823173401424,0.063359113985288,27,106,0.008892433094965894,0.27569101934933404,True,False,False,2.759437373631091e-06,COMPLETE
695,0.5300858736038209,2025-04-04 10:20:02.752063,2025-04-04 10:21:52.567274,0 days 00:01:49.815211,0.3623079381820118,0.028425804994716614,2,0.24651157930796402,0.054273764504424934,0.029056166338164203,0.00571894227825968,0.04363899202271829,0.008731781129140182,0.059629479822237146,28,104,0.010969439586995377,0.28116483785906216,True,False,False,1.5405507515175105e-06,COMPLETE
696,0.6792354822158814,2025-04-04 10:21:52.796924,2025-04-04 10:22:31.693469,0 days 00:00:38.896545,0.34438631919159224,0.010710640836372095,8,0.2667556329736927,0.051199586033800995,0.022703053849033338,0.0053177344662266,0.0454151395502984,0.00784301126652446,0.0001631578273737379,27,102,0.009440455273231004,0.2759646250503393,True,False,False,2.4100159881642094e-06,COMPLETE
697,0.35592319369316106,2025-04-04 10:22:31.927417,2025-04-04 10:23:10.767100,0 days 00:00:38.839683,0.3683209265544529,0.06113385766568061,8,0.07249329779267662,0.04700608939969129,0.009248345357944122,0.005169484861026155,0.04212402804301628,0.009608025191828769,0.037173506717258185,27,106,0.04498042266829836,0.288609805569521,True,False,False,7.742978617744991e-06,COMPLETE
698,0.35986115336418156,2025-04-04 10:23:10.988867,2025-04-04 10:23:43.007123,0 days 00:00:32.018256,0.38020648004845287,0.010023007638160768,8,0.27711179814180814,0.0491777001119355,0.09710750860955505,0.004236514989938556,0.05073080795524502,0.006434264257796425,0.00019345971514674187,26,26,0.008376243005131661,0.28153265927872123,True,False,True,3.027276305425497e-06,COMPLETE
699,0.29052439928054813,2025-04-04 10:23:43.242818,2025-04-04 10:24:16.584673,0 days 00:00:33.341855,0.38570658126667623,0.04462975696237608,8,0.23540456861185027,0.05532881474335392,0.015416427080561138,0.0036970840801719795,0.046383212193954096,0.005775306081691099,0.04807151075704386,28,107,0.01004727804250318,0.2679352657070872,False,True,False,2.033509317401632e-06,COMPLETE
700,0.5580225467681885,2025-04-04 10:24:16.806741,2025-04-04 10:24:55.994161,0 days 00:00:39.187420,0.39350061223360455,0.028231846001807566,8,0.26255558084620756,0.04462383458930824,0.02604957315754904,0.0028492642212666654,0.03906023343905031,0.004338964000793006,0.07769044228867177,27,103,0.007157447969685165,0.2696715625633083,True,False,False,2.6263162091428707e-06,COMPLETE
701,0.7535616755485536,2025-04-04 10:24:56.226091,2025-04-04 10:25:34.906546,0 days 00:00:38.680455,0.36112070248450573,0.010077251502046657,8,0.06137366762293133,0.039800177824730824,0.028648313528531408,0.0038390953110861957,0.04426306788801211,0.007272407733256673,0.06789693292878905,26,106,0.008499837139422664,0.2637898908771338,True,False,False,5.768181978810107e-06,COMPLETE
702,0.5477866172790528,2025-04-04 10:25:35.128799,2025-04-04 10:26:05.837835,0 days 00:00:30.709036,0.3535677696690562,0.04276648388698989,8,0.0672680833139086,0.04538561625530452,0.03426284199103592,0.0011234118214487904,0.041333261752489005,0.008773068662743966,0.06700995204894583,18,99,0.010298026909996259,0.2639538137836708,True,False,False,9.159409675326423e-06,COMPLETE
703,0.35827293395996096,2025-04-04 10:26:06.073663,2025-04-04 10:26:34.608917,0 days 00:00:28.535254,0.33501291804267397,0.028187603881942858,8,0.24234616896502675,0.054411848572528426,0.05645285436005909,0.0021096285054413564,0.04375938678808277,0.009571363181168002,0.06909841679513616,15,102,0.05760119148889378,0.26978505424466775,True,False,False,7.516736151950532e-06,COMPLETE
704,0.4161717772483826,2025-04-04 10:26:34.847223,2025-04-04 10:27:11.756896,0 days 00:00:36.909673,0.3579393159689327,0.06308490772560912,8,0.06136480871255124,0.039352455062227135,0.031351773607604085,0.004588802399109715,0.04396906252145468,0.006775224701526812,0.05717340201932297,25,105,0.010859566411305272,0.27586685236743075,True,False,False,1.3564918351414753e-05,COMPLETE
705,0.7074349999427796,2025-04-04 10:27:11.977096,2025-04-04 10:27:49.402636,0 days 00:00:37.425540,0.3711451153599096,0.028265472266939973,8,0.2537474621736596,0.04351478537872398,0.046463661764445635,0.0026572767667880992,0.04035861694216944,0.006766458680222068,0.06945283326362012,25,106,0.007913915184806823,0.2629991063664072,True,False,False,5.810856168026473e-06,COMPLETE
706,0.4081028997898102,2025-04-04 10:27:49.639893,2025-04-04 10:28:26.391316,0 days 00:00:36.751423,0.3525312810877957,0.05935343987540624,8,0.2543246338395827,0.052427950102605925,0.032466150755612315,0.002259430347832686,0.04076070745945318,0.008148933200600002,0.021035594379200013,25,100,0.010740094053458785,0.27859094837991893,True,False,False,5.67317769081748e-06,COMPLETE
707,0.4168993055820465,2025-04-04 10:28:26.614189,2025-04-04 10:29:03.648051,0 days 00:00:37.033862,0.3758945840732944,0.042243398803256796,8,0.26083895090161796,0.04585344397314694,0.026812871013067386,0.0023851410352444804,0.03721518734505637,0.01031472095358374,0.030140472258400462,25,103,0.00914116324533675,0.2642289671158228,True,False,False,7.521407885390646e-06,COMPLETE
708,0.44740110635757446,2025-04-04 10:29:03.883267,2025-04-04 10:30:42.511029,0 days 00:01:38.627762,0.33428601904644156,0.36862845858802773,2,0.25209742326726486,0.042404381336271134,0.02956711069139014,0.0035235121516789926,0.039969478761466906,0.007298137291486951,0.08703450122131327,24,106,0.008456755625711064,0.2760326506975064,True,False,False,1.0818674100444432e-05,COMPLETE
709,0.7205610394477844,2025-04-04 10:30:42.735740,2025-04-04 10:31:18.247061,0 days 00:00:35.511321,0.3588364510874065,0.07986801182892071,8,0.2531339404445124,0.04628722128462723,0.02296737224512936,0.0034732484061369448,0.03755657097713046,0.009096405224731312,0.0866528306607909,25,55,0.011201056715217499,0.27147696598167553,True,False,False,6.4361901081154044e-06,COMPLETE
710,0.4100943922996521,2025-04-04 10:31:18.482993,2025-04-04 10:31:54.430880,0 days 00:00:35.947887,0.34116476082881186,0.08121925832619281,8,0.2552874481634484,0.05610526397881342,0.021496727937539213,0.0026036251031208288,0.03576444270963711,0.009067386950429319,0.09492061667833067,24,100,0.011266325717217324,0.2677838881198574,True,False,False,9.05254669965084e-06,COMPLETE
711,0.6062315464019775,2025-04-04 10:31:54.666758,2025-04-04 10:32:30.973918,0 days 00:00:36.307160,0.3452179395242305,0.06521715666989028,8,0.24575945204203037,0.047857679950398135,0.01891544382091406,0.0021622972729808095,0.0368355537267832,0.009814928449216252,0.0991092666774029,24,104,0.011378759175659633,0.270054072757155,True,False,False,6.324799296101781e-06,COMPLETE
712,0.48533585071563723,2025-04-04 10:32:31.199234,2025-04-04 10:33:06.305492,0 days 00:00:35.106258,0.3617726504316929,0.07190577002198845,8,0.2592157422876177,0.052992650877097196,0.0236272045865123,0.003654888374835124,0.03775238021540789,0.010545068859355893,0.064690153484878,25,30,0.008562145023967044,0.27431688396538145,True,False,False,5.595443907016445e-06,COMPLETE
713,0.5523269772529602,2025-04-04 10:33:06.545773,2025-04-04 10:33:42.453215,0 days 00:00:35.907442,0.37195380856814875,0.04376403156554761,8,0.28867183077062214,0.04604368133574187,0.019364254235126874,0.002018973562247702,0.039037267551799634,0.0067740935635840676,0.06731444774791012,26,35,0.009009959355220538,0.2896271349138251,True,False,False,6.97615771480714e-06,COMPLETE
714,0.47251634001731874,2025-04-04 10:33:42.686011,2025-04-04 10:34:18.037993,0 days 00:00:35.351982,0.33652707797088593,0.07886955167954303,8,0.2468412572427515,0.0422047837998862,0.05087764438148693,0.0029222684091582277,0.03969975642846789,0.007085140344527881,0.07676201497012604,25,59,0.007513333508435283,0.27357375638479103,True,False,False,8.092455385424048e-06,COMPLETE
715,0.36103432774543764,2025-04-04 10:34:18.275147,2025-04-04 10:34:53.501371,0 days 00:00:35.226224,0.368376670229955,0.029881360517084385,8,0.2602529196362827,0.16136757037389102,0.024620308229115588,0.0011762355770695075,0.03631928666189461,0.00844331643844781,0.0543345180981299,25,44,0.010631708265156022,0.26437441042938553,True,False,False,5.196549553737845e-06,COMPLETE
716,0.3756856799125671,2025-04-04 10:34:53.728816,2025-04-04 10:35:29.550883,0 days 00:00:35.822067,0.6447204437158826,0.05383094869135595,8,0.23993965552891347,0.04880997219812856,0.023364860482636463,0.004545446362176975,0.039209310131467674,0.006784463134524546,0.05441568989803325,25,65,0.007138523011643503,0.2669575048410142,True,False,False,1.1258445250604833e-05,COMPLETE
717,0.5195013284683228,2025-04-04 10:35:29.789515,2025-04-04 10:36:05.420718,0 days 00:00:35.631203,0.34528964629549735,0.03160637417939951,8,0.2521867359520885,0.039681275768946506,0.02570030727035535,0.0047135704692701855,0.03555878680963781,0.010249808268646009,0.07367837232977315,24,71,0.011054258470157563,0.2746756284314894,True,False,False,6.642110671491529e-06,COMPLETE
718,0.29052439928054813,2025-04-04 10:36:05.660793,2025-04-04 10:36:37.246620,0 days 00:00:31.585827,0.3815470920204785,0.044001374693832015,8,0.2259181381988403,0.052988776610029376,0.027819294361057297,0.00398902157914828,0.038300411749257995,0.0053431430711045405,0.07964004761878937,25,51,0.008579022775138655,0.25888049604686636,True,True,True,8.884347994188043e-06,COMPLETE
719,0.4013572812080384,2025-04-04 10:36:37.472914,2025-04-04 10:37:15.589645,0 days 00:00:38.116731,0.3611103803906524,0.028193761365995336,8,0.23509343761113727,0.03976236289138634,0.020506170631719573,0.003942473331597075,0.037687437250007415,0.0055695663353209175,0.09674218960530034,26,106,0.0069012849306363455,0.26364726594468035,True,False,False,5.186932627510364e-06,COMPLETE
720,0.4326398551464081,2025-04-04 10:37:15.830413,2025-04-04 10:37:51.962613,0 days 00:00:36.132200,0.3761582418305022,0.05778175203961414,8,0.2528211393463517,0.04482132093128033,0.030855306842565326,0.005660357969057743,0.04140988250347322,0.007934473498135319,0.07559571597384734,25,135,0.006639474110880755,0.28805904784168745,False,False,False,6.67811602627439e-06,COMPLETE
721,0.3977835536003113,2025-04-04 10:37:52.189349,2025-04-04 10:39:32.638477,0 days 00:01:40.449128,0.33578210623117616,0.010347369149854105,2,0.24758414253763888,0.038611120533837084,0.016404783028280936,0.0035576880927777788,0.04137178712192615,0.005647848896304477,0.06056388487311485,26,55,0.009313077169775995,0.2817400679986134,True,False,False,5.300600808782582e-06,COMPLETE
722,0.5479917407035828,2025-04-04 10:39:32.875144,2025-04-04 10:40:09.139357,0 days 00:00:36.264213,0.3893535053843749,0.027391424034534578,8,0.25833615543373645,0.03533489306615303,0.04587472450139855,0.0015956266994765803,0.039631700860157965,0.00481828410513026,0.04203180907358202,26,41,0.00627435173928699,0.25789457326848825,True,False,False,4.936268624608837e-06,COMPLETE
723,0.878366506099701,2025-04-04 10:40:09.375157,2025-04-04 10:40:46.422213,0 days 00:00:37.047056,0.35783031394175685,0.07812556400665538,8,0.2680922708286617,0.0493929522247757,0.022945023787749444,0.006621406579426662,0.04285626859065864,0.007747258473341624,0.09407212190720984,25,102,0.008493901102546015,0.27061173794177845,True,False,False,8.505021151282491e-06,COMPLETE
724,0.5734131813049317,2025-04-04 10:40:46.662466,2025-04-04 10:41:21.551465,0 days 00:00:34.888999,0.3313606629806439,0.07864492890350419,8,0.27181385364099675,0.056542140398027116,0.02054563624023067,0.005058504996756702,0.03720984887693396,0.009960562632323724,0.06269075615559243,23,101,0.010646411668842299,0.27553395340535763,True,False,False,1.4721423691096601e-05,COMPLETE
725,0.41538006067276,2025-04-04 10:41:21.798057,2025-04-04 10:41:57.898763,0 days 00:00:36.100706,0.35602275155198615,0.2382622567348026,8,0.2724702769555724,0.05043872234736069,0.02812580672480485,0.006023607196247111,0.04223436028554603,0.007969729077901496,0.05621972092424619,24,101,0.011396581429595928,0.2689385505161009,True,False,False,1.1249465299402268e-05,COMPLETE
726,0.37804638743400576,2025-04-04 10:41:58.127084,2025-04-04 10:42:31.924214,0 days 00:00:33.797130,0.3575604178926853,0.0742362662786363,8,0.25451443286047964,0.05685251390709314,0.09300051642783622,0.0034970729425426736,0.040067343779656144,0.010510223550601739,0.09746246244626249,24,21,0.09335544917445696,0.27896332075143737,True,False,False,9.971841658581932e-06,COMPLETE
727,0.3703818917274475,2025-04-04 10:42:32.166256,2025-04-04 10:43:09.270388,0 days 00:00:37.104132,0.3725116618631893,0.07889201817708852,8,0.2281741998263241,0.25231833720549623,0.022351749951715613,0.006455969548611193,0.042603118595068414,0.007995515512811826,0.08358709229614436,25,102,0.008876325031314237,0.2842565393204139,True,False,False,8.287101248353936e-06,COMPLETE
728,0.7669493198394777,2025-04-04 10:43:09.506425,2025-04-04 10:43:46.859072,0 days 00:00:37.352647,0.34346465938403226,0.055296896780199625,8,0.27112705576185625,0.048868143220989965,0.03847502695927445,0.0011913313046081004,0.038549282855839306,0.00729693800092655,0.06764474361285887,25,104,0.00876562337150166,0.26934904321970715,True,False,False,7.351309326094678e-06,COMPLETE
