number,value,datetime_start,datetime_complete,duration,params_alpha-eval,params_alpha-train,params_batch-size,params_eps-eval,params_eps-train,params_lambda-actions-eval,params_lambda-actions-train,params_lambda-frames-eval,params_lambda-frames-train,params_learning-rate,params_n-epochs,params_n-frames,params_radius-gw,params_rho,params_std-feats,params_ub-actions,params_ub-frames,params_weight-decay,state
561,0.6774308919906616,2025-04-04 08:41:39.933229,2025-04-04 08:42:20.814587,0 days 00:00:40.881358,0.3576421829559599,0.04669195461535404,8,0.05609647288798285,0.031901134260540386,0.09674572860745186,0.010982633169867277,0.050613646998360025,0.09778799134016697,0.0002558541461975881,27,150,0.0047465631774872875,0.24898159982852736,True,False,False,6.7051412571702685e-06,COMPLETE
562,0.657971215248108,2025-04-04 08:42:20.992174,2025-04-04 08:43:00.566791,0 days 00:00:39.574617,0.38688861080786346,0.028107333687427034,8,0.06870037786270913,0.03828155373114465,0.09825385184129538,0.009102484372226376,0.04326899624950662,0.008074705269767887,0.0006069340899001784,28,106,0.09545488903639374,0.2340307602591627,True,False,False,2.1549348420889006e-06,COMPLETE
563,0.3780190408229828,2025-04-04 08:43:00.756538,2025-04-04 08:44:45.557312,0 days 00:01:44.800774,0.41816940298752897,0.061156296914074905,2,0.04152140038437935,0.023604779511200963,0.09560743221850607,0.012681384628367112,0.04786882847404475,0.004178320930291136,0.0004056459704306763,27,117,0.07897082822258564,0.2226144527443978,True,False,False,4.133745689548961e-06,COMPLETE
564,0.28769717216491697,2025-04-04 08:44:45.736609,2025-04-04 08:45:20.054481,0 days 00:00:34.317872,0.45329041075258647,0.03888252237825401,8,0.06057646634550615,0.030648866281989103,0.09992247497166622,0.014524130150418126,0.045599087190444546,0.0010451554373028594,0.00030213353137598196,26,110,0.007439902193689566,0.24222258979930555,True,True,True,1.0271871578491803e-05,COMPLETE
565,0.6792354822158814,2025-04-04 08:45:20.244910,2025-04-04 08:46:00.516008,0 days 00:00:40.271098,0.5675566534456977,0.028861619210976276,8,0.05197140707241465,0.041967831475197316,0.09746907992316985,0.07710117464723042,0.04091125309904582,0.0028216302401149786,0.0002132939856577189,28,107,0.0012760843088800008,0.25615074822200373,True,False,False,2.806428668345356e-06,COMPLETE
566,0.4785122811794281,2025-04-04 08:46:00.707327,2025-04-04 08:46:37.702536,0 days 00:00:36.995209,0.39687348754351875,0.042533036672309954,8,0.06835894249284974,0.0356376839725584,0.09408837671836398,0.011408066089906119,0.04932018553225474,0.005702968533121659,0.0004728006001932365,27,113,0.005612275733808623,0.2353699006904496,False,False,False,5.3805044139779734e-06,COMPLETE
567,0.42231898903846743,2025-04-04 08:46:37.892400,2025-04-04 08:47:17.935086,0 days 00:00:40.042686,0.41795813544611393,0.06251250792452037,8,0.057481936186716896,0.026688236576785845,0.09802225347805169,0.04995549397602614,0.045280793824240516,0.0026098983273978543,0.00035209980326790876,28,102,0.040573910339092426,0.24702701348387318,True,False,False,1.6051927118566108e-06,COMPLETE
568,0.4390085756778717,2025-04-04 08:47:18.114020,2025-04-04 08:47:57.094618,0 days 00:00:38.980598,0.38075640640309066,0.02883375960101433,8,0.047389040874860754,0.014766018145349506,0.0958353620279914,0.008828636371334816,0.043330661696831696,0.004981386589112851,0.0002710977806377377,27,109,0.009658423050147096,0.22926262307063833,True,False,False,8.569875286051836e-06,COMPLETE
569,0.6792354822158814,2025-04-04 08:47:57.291199,2025-04-04 08:48:35.669925,0 days 00:00:38.378726,0.439200389128587,0.010041661144161875,8,0.06391208740800208,0.05075630434314635,0.0983254491307145,0.012632386028050979,0.04640575047601815,0.0025405460071415303,0.0005426011602842865,26,105,0.003684090596350773,0.21390711130870063,True,False,False,3.735103151003522e-06,COMPLETE
570,0.407297557592392,2025-04-04 08:48:35.849904,2025-04-04 08:49:15.294039,0 days 00:00:39.444135,0.40524037892836506,0.01065856374545111,8,0.053821027727943206,0.004043267426298215,0.09644085803721673,0.007047870349772004,0.05202596853147622,0.0070893987057834736,0.0007794208012756774,27,115,0.007094387721306482,0.24091375843618915,True,False,False,6.888426847046808e-06,COMPLETE
571,0.6792354822158814,2025-04-04 08:49:15.474502,2025-04-04 08:49:54.145134,0 days 00:00:38.670632,0.3521683907424344,0.04861591920634105,8,0.062314877902027326,0.0368157941099811,0.09400643885435411,0.014747748077703373,0.048233412090305884,0.001153015992657605,0.00037662778653530096,28,67,0.0010675254816397612,0.2356144211436486,True,False,False,4.893531131186644e-06,COMPLETE
572,0.6792354822158814,2025-04-04 08:49:54.336513,2025-04-04 08:50:32.559219,0 days 00:00:38.222706,0.47520790314163563,0.02823378033213238,8,0.03580923392464591,0.04224278987491281,0.09994523922451114,0.010237379100962746,0.04207490800428017,0.001046643072723493,0.00031825992471536384,26,111,0.004096105566554762,0.26209514197153955,True,False,False,2.8874414621232674e-06,COMPLETE
573,0.6792354822158814,2025-04-04 08:50:32.739674,2025-04-04 08:51:11.615388,0 days 00:00:38.875714,0.4297942146393497,0.07013740079589903,8,0.05172162691126733,0.03087532305262262,0.09816266467962752,0.012933099606299507,0.04424395036760601,0.004342489768213895,0.00023107426136482416,27,108,0.0057428156149836405,0.25195126114343097,True,False,False,4.227565879890795e-06,COMPLETE
574,0.3668896496295929,2025-04-04 08:51:11.807655,2025-04-04 08:52:59.239017,0 days 00:01:47.431362,0.37399826886077964,0.026845350504074633,2,0.058459950656437484,0.18689337842277004,0.09998659984768982,0.00937057003474789,0.03973938373237217,0.004183089109927392,0.00043593475239737435,27,104,0.008167549422102644,0.228683174564876,True,False,False,1.3098919420249996e-05,COMPLETE
575,0.6792354822158814,2025-04-04 08:52:59.419946,2025-04-04 08:53:38.147892,0 days 00:00:38.727946,0.3928005922614911,0.01006158956633545,8,0.1388958932856956,0.021054345127838728,0.09617338165936984,0.00540290813958643,0.04701192085900667,0.0028528333611029582,0.00027900766544840814,26,112,0.0029345612423469203,0.24349362245282932,True,False,False,5.788743222567728e-06,COMPLETE
576,0.6792354822158814,2025-04-04 08:53:38.341670,2025-04-04 08:54:18.104565,0 days 00:00:39.762895,0.4562043472703142,0.04472258717442221,8,0.0439768446732043,0.03389658145774288,0.09815256142577009,0.011290477404916982,0.049732681155841583,0.09238815392961033,0.00019551319052850153,28,107,0.0056032033157544245,0.20853557886118718,True,False,False,2.071894812127847e-06,COMPLETE
577,0.42829894423484804,2025-04-04 08:54:18.285901,2025-04-04 08:54:57.963427,0 days 00:00:39.677526,0.42104194881618306,0.028706765307503775,8,0.06909435545967385,0.04561142892610104,0.09472962276181834,0.014005383860163041,0.044506859442808376,0.006451582155852046,0.00016698216748192273,27,118,0.009571896820050932,0.2392553073368915,True,False,False,7.568714382236335e-06,COMPLETE
578,0.6792354822158814,2025-04-04 08:54:58.159467,2025-04-04 08:55:37.669523,0 days 00:00:39.510056,0.5003829366568068,0.4140393492989504,8,0.05633044588372464,0.029369184818892613,0.09703247356861894,0.007584781980218159,0.04697849419531731,0.0010688391827004353,0.0003782848262941092,27,110,0.0040447949839718484,0.24787309330211377,True,False,False,3.410780761534923e-06,COMPLETE
579,0.6790370345115662,2025-04-04 08:55:37.853151,2025-04-04 08:56:18.708378,0 days 00:00:40.855227,0.4086732632471019,0.04868374527815463,8,0.06356888765667144,0.038757552092759405,0.09999212991855577,0.010716545040858661,0.04188515671932272,0.004316021451974713,0.0005340867183806627,28,115,0.007270961877136823,0.21936094568448417,True,False,False,4.757628054749271e-06,COMPLETE
580,0.6792354822158814,2025-04-04 08:56:18.904212,2025-04-04 08:56:57.259985,0 days 00:00:38.355773,0.4419313187082911,0.027232800253625695,8,0.04906774128829228,0.024115173956262552,0.04892367728558904,0.012576904885140888,0.04523012740107975,0.0026596543151695294,0.0003044935178670661,26,102,0.0010100635346934092,0.23452999374879205,True,False,False,6.226699443361036e-06,COMPLETE
581,0.6792354822158814,2025-04-04 08:56:57.445139,2025-04-04 08:57:35.302399,0 days 00:00:37.857260,0.38990330896109743,0.06901904382674556,8,0.06986877393071739,0.034171694509152244,0.09791108205938417,0.009233970913880145,0.04861054161085095,0.00778931483292937,0.00043891529664744907,26,105,0.0032155353680012474,0.2557957291114545,True,False,False,2.4313946402217996e-06,COMPLETE
582,0.6780429959297181,2025-04-04 08:57:35.499672,2025-04-04 08:58:15.010041,0 days 00:00:39.510369,0.3688434189164403,0.010006382672453957,8,0.058197924157950665,0.05015360055473332,0.043770500400554364,0.01496836196155301,0.04294263308277343,0.005046256284537969,0.0002672560250777962,27,112,0.0058177964935313175,0.2423719270205113,True,False,False,1.0387468123286268e-05,COMPLETE
583,0.3050073564052582,2025-04-04 08:58:15.196124,2025-04-04 08:58:50.872982,0 days 00:00:35.676858,0.4128999639396132,0.01029706897048932,8,0.0513593395699426,0.042508626899268674,0.0959475921729237,0.039782278527594125,0.05334744964697416,0.0027319201058196114,0.0003345102984147386,28,108,0.04730471401200297,0.22540067823315182,True,True,True,3.4080573423083917e-06,COMPLETE
584,0.40425606369972233,2025-04-04 08:58:51.057786,2025-04-04 08:59:28.089005,0 days 00:00:37.031219,0.45948197426737125,0.04040187373128581,8,0.06379562138586777,0.027946696523692437,0.09374767124308134,0.01132234574316359,0.050890251141088555,0.002696278006619525,0.00022994107529297314,27,110,0.00961609593774105,0.248706486363651,False,False,False,4.396902273612582e-06,COMPLETE
585,0.6792354822158814,2025-04-04 08:59:28.286305,2025-04-04 09:00:07.395536,0 days 00:00:39.109231,0.3536232944759619,0.02891755914105589,8,0.04261285933271332,0.03769824463161166,0.09840633443786073,0.007173620454835513,0.046349308289760575,0.005827938003949241,0.000682495482981789,27,105,0.007284226832953067,0.2852042982000007,True,False,False,3.214394282848067e-08,COMPLETE
586,0.6790370345115662,2025-04-04 09:00:07.580727,2025-04-04 09:00:46.137228,0 days 00:00:38.556501,0.3950151955247077,0.54975609687777,8,0.05758563426323836,0.010282141797513765,0.09996916521574666,0.043194921327373105,0.044235206744846566,0.0027390252631911156,0.00038883745158673584,26,115,0.004351727100529051,0.23059977777543347,True,False,False,7.24038012295616e-06,COMPLETE
587,0.6792354822158814,2025-04-04 09:00:46.333472,2025-04-04 09:02:37.632182,0 days 00:01:51.298710,0.43281736865702847,0.05250764507109232,2,0.2507515991794422,0.02208256256657914,0.0962793193635524,0.012671889368805422,0.04816324309021514,0.0011382256625282704,0.0001675763126156866,28,108,0.002562007505816897,0.2375439689119878,True,False,False,1.7681908178325742e-06,COMPLETE
588,0.6790370345115662,2025-04-04 09:02:37.818798,2025-04-04 09:03:17.740823,0 days 00:00:39.922025,0.4126475882396457,0.03169774625308905,8,0.06920412280255879,0.046562366848531024,0.09810419710050024,0.009066162921672383,0.04593504070546853,0.004667064996542181,0.0004970423979902917,27,121,0.00605266858112381,0.2424851476496721,True,False,False,5.697102361428461e-06,COMPLETE
589,0.6792354822158814,2025-04-04 09:03:17.937658,2025-04-04 09:03:55.484006,0 days 00:00:37.546348,0.37635718787471656,0.06558404388197754,8,0.05198076001169699,0.03288747619153517,0.09412974300205917,0.01518410002067214,0.04153302248952113,0.0011204785661210028,0.000315513312556389,25,113,0.008325388998193864,0.25203140558772436,True,False,False,1.3135296145511257e-06,COMPLETE
590,0.3631644546985626,2025-04-04 09:03:55.670189,2025-04-04 09:04:34.572143,0 days 00:00:38.901954,0.3971171346349725,0.02808891305763609,8,0.06349504700511412,0.26593843892508107,0.09651700288416772,0.011001014533567261,0.04903741319788407,0.001016872852985634,0.00020505213840252994,26,110,0.0045210169615177015,0.23514988931515715,True,False,False,2.7942508990370767e-06,COMPLETE
591,0.3625457704067231,2025-04-04 09:04:34.768951,2025-04-04 09:05:14.804965,0 days 00:00:40.036014,0.4413963526077491,0.04406188552080851,8,0.04553347980965038,0.20609777060792067,0.09999478120558171,0.0041941432054798475,0.03920048695641316,0.006663449487871393,0.00025667480020595096,28,105,0.002929533533591168,0.2224218040943859,True,False,False,4.022848953365872e-06,COMPLETE
592,0.6790370345115662,2025-04-04 09:05:14.991187,2025-04-04 09:05:53.994005,0 days 00:00:39.002818,0.4202182981584775,0.030008200442476665,8,0.05656600965626698,0.018541565840469613,0.09801296976327994,0.013251837785517482,0.04437600908199327,0.004211272408214145,0.00041644704521199313,27,101,0.006765415614067206,0.24513857067890663,True,False,False,8.353743524615921e-06,COMPLETE
593,0.6792354822158814,2025-04-04 09:05:54.193945,2025-04-04 09:06:33.121456,0 days 00:00:38.927511,0.3749580789139076,0.010094078491710916,8,0.06161081657701322,0.03984555881580745,0.09537521377516328,0.009298376534785432,0.04649595252181813,0.0034916337575194812,0.0003411433012084643,27,107,0.009732948024793353,0.2289506342098688,True,False,False,5.245745157970388e-06,COMPLETE
594,0.6792354822158814,2025-04-04 09:06:33.308184,2025-04-04 09:07:12.510757,0 days 00:00:39.202573,0.4668606031935298,0.010058427167778102,8,0.05289566800633645,0.029354722961468654,0.09803486074187293,0.07008031398673537,0.04282735158092607,0.008696938275627359,0.0006173299212219035,26,113,0.005115217934483776,0.23853318303214507,True,False,False,3.440173579818681e-06,COMPLETE
595,0.45381368994712834,2025-04-04 09:07:12.711702,2025-04-04 09:07:41.490978,0 days 00:00:28.779276,0.3994456484561302,0.053446366361848005,8,0.06832501380315428,0.03483917113661254,0.099931071036794,0.006527527738085824,0.05081998131035922,0.0030972159645220156,0.0004498083834186129,16,103,0.08766421406462052,0.25565187358302566,True,False,False,2.5106445911999737e-06,COMPLETE
596,0.6792354822158814,2025-04-04 09:07:41.679745,2025-04-04 09:08:22.365201,0 days 00:00:40.685456,0.4344513813431946,0.02922582903172781,8,0.05791408778734382,0.02463767715255662,0.09646792561808619,0.011359101884146468,0.047534633184514334,0.0010436093365714695,0.0002769614550616212,28,110,0.0027908243824832555,0.2470157645416636,True,False,False,6.371817877211448e-06,COMPLETE
597,0.6792354822158814,2025-04-04 09:08:22.567808,2025-04-04 09:09:02.180082,0 days 00:00:39.612274,0.35299166168080853,0.04797738363653534,8,0.046460861911154575,0.044466732821517516,0.09401957455068367,0.01436993855083186,0.0447236849537772,0.005705703692107021,0.00035915895002206134,27,116,0.007767059137939522,0.23389827310747166,True,False,False,4.51090643067796e-06,COMPLETE
598,0.6584146380424499,2025-04-04 09:09:02.369684,2025-04-04 09:10:46.362621,0 days 00:01:43.992937,0.41463220965339276,0.02611288822533193,2,0.06365555668700906,0.03885308880127568,0.0982730905020777,0.00849448091534019,0.04740224750537409,0.0010100740964189016,0.00021476009286213946,26,107,0.004878790187990735,0.26345747368723427,True,False,False,9.839247432327267e-06,COMPLETE
599,0.6710953831672668,2025-04-04 09:10:46.554167,2025-04-04 09:11:25.846050,0 days 00:00:39.291883,0.38787885706320874,0.05940312238247268,8,0.03673663343818488,0.02864544235249962,0.09640314150450431,0.012501922729792113,0.04133011355881876,0.004105808128749243,0.0005536431797640174,27,112,0.0010946266365438038,0.24099186765122124,True,False,False,7.764643670277593e-06,COMPLETE
600,0.6792354822158814,2025-04-04 09:11:26.046674,2025-04-04 09:12:05.624991,0 days 00:00:39.578317,0.450675914912825,0.0275490382096642,8,0.05221908438552757,0.03301670595995479,0.09836193907717632,0.010279191122301747,0.0495690668742959,0.002973610844414003,0.00016853093119047435,28,105,0.006538502688754794,0.21635486550694227,True,False,False,5.152958939368775e-06,COMPLETE
601,0.34672955274581907,2025-04-04 09:12:05.815327,2025-04-04 09:12:45.486385,0 days 00:00:39.671058,0.4220189614622642,0.04422402978756386,8,0.07039449128949857,0.1492892931479853,0.0952248405824824,0.015037219299823774,0.04551385719751661,0.005903998116963503,0.0003122752544821337,27,109,0.0033789031002136277,0.2500906884144087,True,False,False,3.1905161386085484e-06,COMPLETE
602,0.29052439928054813,2025-04-04 09:12:45.687014,2025-04-04 09:13:19.676802,0 days 00:00:33.989788,0.371326030465604,0.0747947158676468,8,0.062106331599141945,0.04151527054597634,0.09822788541697028,0.007893826703557039,0.043887729970797686,0.00288013988770061,0.0003881332570325313,26,102,0.009440100955780597,0.2269064475513175,True,True,True,6.4578661373941404e-06,COMPLETE
603,0.6792354822158814,2025-04-04 09:13:19.867855,2025-04-04 09:13:59.353217,0 days 00:00:39.485362,0.40065509610936223,0.026994395557744813,8,0.056474482677288745,0.05138465998796042,0.0937685294980701,0.06533164623561795,0.04670251866483257,0.0075223310259865585,0.0002362829678074766,27,117,0.005201800557786469,0.23805054056185745,True,False,False,2.2617119595998083e-06,COMPLETE
604,0.3531128764152527,2025-04-04 09:13:59.553462,2025-04-04 09:14:37.814509,0 days 00:00:38.261047,0.5172367184156782,0.010327202492509095,8,0.05104246505571068,0.12771367594123845,0.09674805697332878,0.01291338220908357,0.04247076610766551,0.0010187499565355357,0.00047195005387154764,28,113,0.007782545406998736,0.2322682517540826,False,False,False,3.845719642023513e-06,COMPLETE
605,0.6792354822158814,2025-04-04 09:14:38.011878,2025-04-04 09:15:15.461850,0 days 00:00:37.449972,0.48629648051504737,0.04571171250059198,8,0.041945884346181406,0.016878109376355185,0.032823439302003835,0.010588202392494597,0.048795443465185356,0.004583072688130248,0.00025810617378891335,25,108,0.003118817490449533,0.20568221440770654,True,False,False,1.8878030837628224e-06,COMPLETE
606,0.6568875908851624,2025-04-04 09:15:15.666775,2025-04-04 09:15:54.746177,0 days 00:00:39.079402,0.4349267315756242,0.011320743052097845,8,0.060583336640748504,0.026223038194718037,0.09983588296273027,0.005992737540631207,0.05221785449557208,0.0030276366399634947,0.00037185370673865144,27,110,0.06440403692412822,0.24491289391161022,True,False,False,4.87501127232431e-06,COMPLETE
607,0.6792354822158814,2025-04-04 09:15:54.937174,2025-04-04 09:16:33.328795,0 days 00:00:38.391621,0.4089714929859107,0.041745596493540364,8,0.06888155829950167,0.03593558694760243,0.09999939767438282,0.0113341182319625,0.045275439939345546,0.0052274190440787975,0.00030210744092240007,26,105,0.0053945440616839525,0.2535300795250845,True,False,False,2.9398707091978245e-06,COMPLETE
608,0.43946837782859804,2025-04-04 09:16:33.533857,2025-04-04 09:17:13.822222,0 days 00:00:40.288365,0.39058239139428097,0.0689388845840554,8,0.1700333924734678,0.048316921362991504,0.09566579995894062,0.014914519069514087,0.03919948387459922,0.002704604858689043,0.00046532299434834336,28,112,0.07064465119254995,0.24023638419526114,True,False,False,6.449425804815937e-06,COMPLETE
609,0.6792354822158814,2025-04-04 09:17:14.014952,2025-04-04 09:17:53.228813,0 days 00:00:39.213861,0.45572295950800173,0.011029087239286016,8,0.04841982782011257,0.03125716882185942,0.09799982664955792,0.009082411591725608,0.04756267790307541,0.0010555371241334354,0.00015724228288036216,27,107,0.001052420463824929,0.22272752143072172,True,False,False,8.843234677748336e-06,COMPLETE
610,0.3688210785388947,2025-04-04 09:17:53.433413,2025-04-04 09:19:39.335211,0 days 00:01:45.901798,0.6074845527041202,0.028374364198271256,2,0.05659968134023653,0.29917940442859436,0.09660752583436738,0.013064186791221998,0.04341522377505735,0.006445187559583366,0.0003510345111300763,27,102,0.00747281606115017,0.24936631200214257,True,False,False,1.2441336060020366e-05,COMPLETE
611,0.6792354822158814,2025-04-04 09:19:39.527090,2025-04-04 09:20:19.801816,0 days 00:00:40.274726,0.36291669032047585,0.02847637198230151,8,0.06418037056367931,0.04135504848794905,0.09368663272657482,0.09895124790962535,0.04999632000352624,0.0038400971446596417,0.00028345476721706683,28,115,0.0038961361089146444,0.23315900210228202,True,False,False,3.951723775619565e-06,COMPLETE
612,0.43941695094108585,2025-04-04 09:20:20.005641,2025-04-04 09:20:58.701027,0 days 00:00:38.695386,0.4322901945210885,0.05826077402008407,8,0.05427825441070867,0.021864012930691998,0.09848728380266883,0.009855034416439423,0.06834200649765787,0.0027830959330953,0.00018596327176457898,26,110,0.009848985931299858,0.2432974623880402,True,False,False,5.485320568775198e-06,COMPLETE
613,0.6752765536308288,2025-04-04 09:20:58.895291,2025-04-04 09:21:38.016018,0 days 00:00:39.120727,0.41349637536175116,0.04408706642342133,8,0.047714491250801995,0.037564865444270575,0.09671328827651342,0.011876441427155462,0.04553069767628903,0.004818953859658338,0.0005731519072970002,27,105,0.006098568934254875,0.22891129123015516,True,False,False,7.59768419842301e-06,COMPLETE
614,0.6792354822158814,2025-04-04 09:21:38.220062,2025-04-04 09:22:17.074669,0 days 00:00:38.854607,0.3836339759137323,0.026441739835931857,8,0.0682761679088763,0.02666964307623115,0.09813470895602301,0.007685396003556613,0.04153516754577222,0.008449084337019583,0.0004058132452458587,26,119,0.002800659644676542,0.23712513032659988,True,False,False,1.8026168192851014e-07,COMPLETE
615,0.6792354822158814,2025-04-04 09:22:17.269164,2025-04-04 09:22:57.564434,0 days 00:00:40.295270,0.40504795451413156,0.02713529253989924,8,0.05980758664108485,0.04502907488023261,0.09495955240120184,0.015047687233355905,0.047882703786872705,0.002762602001909676,0.00022942794846331145,28,107,0.0048110779284989,0.21416272659439123,True,False,False,4.350447390583672e-06,COMPLETE
616,0.6792354822158814,2025-04-04 09:22:57.770290,2025-04-04 09:23:37.376078,0 days 00:00:39.605788,0.47038034296426856,0.010499185742289821,8,0.061573834249432476,0.03313292177487989,0.098519622567104,0.01059439332244724,0.04398094365974577,0.0011010511281662938,0.00031974526103321546,27,111,0.007652332180239531,0.25668172610294704,True,False,False,2.6538633629796016e-06,COMPLETE
