number,value,datetime_start,datetime_complete,duration,params_alpha-eval,params_alpha-train,params_batch-size,params_eps-eval,params_eps-train,params_lambda-actions-eval,params_lambda-actions-train,params_lambda-frames-eval,params_lambda-frames-train,params_learning-rate,params_n-epochs,params_n-frames,params_radius-gw,params_rho,params_std-feats,params_ub-actions,params_ub-frames,params_weight-decay,state
284,0.3638407468795777,2025-04-23 17:22:54.543848,2025-04-23 17:24:26.049482,0 days 00:01:31.505634,0.3170389089652682,0.5728999080306023,2,0.1949253865819545,0.020315684099521336,0.09160617467671794,0.026398173737092766,0.07959414305025302,0.022291410324323392,0.0001268208349108929,23,32,0.0027937661882003655,0.162808213042289,True,False,False,0.0007382342339670723,COMPLETE
285,0.38119714260101323,2025-04-23 17:24:26.138510,2025-04-23 17:24:50.526545,0 days 00:00:24.388035,0.2720768575126138,0.5489458885474712,16,0.1942782604524021,0.025248334590394477,0.09519914665193374,0.021452776361612004,0.07759662013445257,0.06684562216340664,0.08185286060983527,22,38,0.0055898659190403155,0.14788562871552532,True,False,False,0.0006178670037464431,COMPLETE
286,0.3627651810646057,2025-04-23 17:24:50.617192,2025-04-23 17:26:27.658028,0 days 00:01:37.040836,0.29519015844234897,0.5909607395147257,2,0.182225770085156,0.10862174251890336,0.0977484612291107,0.0234441926936207,0.0814746403126079,0.07079527211923965,0.004422987645864713,25,26,0.002688848129011081,0.1673493139131426,True,False,False,0.00011346366436487009,COMPLETE
287,0.9436178207397461,2025-04-23 17:26:27.748029,2025-04-23 17:27:58.799774,0 days 00:01:31.051745,0.4469679016401342,0.5599811091332818,2,0.1878160098197418,0.03681943332794882,0.08996273479910799,0.09211572322588886,0.04175467272614579,0.06502051985550561,0.007002492788709806,23,36,0.001111583558647131,0.15809291528889172,True,False,False,0.000761850698940814,COMPLETE
288,0.45131496787071235,2025-04-23 17:27:58.899830,2025-04-23 17:29:29.677868,0 days 00:01:30.778038,0.4405945090625166,0.5626522483517075,2,0.1853054460854917,0.03349891184769321,0.09011378210387785,0.09265880898952224,0.0421385380580261,0.025764664556015327,0.00038637009368654786,23,36,0.001236599571708291,0.15880324331712412,True,False,False,0.0008615211791161491,COMPLETE
289,0.5525535702705383,2025-04-23 17:29:29.768638,2025-04-23 17:31:03.101051,0 days 00:01:33.332413,0.46884854189012776,0.5596279070833837,2,0.19451121578464928,0.005794000787865412,0.09314668642294062,0.09380798009086966,0.01812230202634519,0.07364815230899208,0.005818244024774929,23,33,0.0026389066388641837,0.1533810244155944,True,False,False,0.000546222533721048,COMPLETE
290,0.39841291308403015,2025-04-23 17:31:03.191787,2025-04-23 17:32:33.491439,0 days 00:01:30.299652,0.3724230820966184,0.6480314682789469,2,0.1901233591855807,0.0135768151630449,0.08964601695617024,0.09046103458555416,0.04017769390213816,0.017388189237125616,0.003157089613619119,23,36,0.03607740654353794,0.1618511448141563,True,False,False,0.0007427316689328557,COMPLETE
291,0.3600294291973114,2025-04-23 17:32:33.581583,2025-04-23 17:34:08.255122,0 days 00:01:34.673539,0.3981973618916801,0.6168914252743777,2,0.17394924138137396,0.04308350219096587,0.0924327960051018,0.09530725560129627,0.03846736039854022,0.06816633952237562,0.004307281737702836,24,39,0.05363316937998679,0.16998104021314034,True,False,False,0.000643649476480518,COMPLETE
292,0.41126424074172974,2025-04-23 17:34:08.347914,2025-04-23 17:35:36.025934,0 days 00:01:27.678020,0.4846317668818759,0.584120056132138,2,0.20143509168335183,0.037708477124092636,0.08681250847850534,0.028816275625439893,0.029564564841163286,0.06458560580668568,0.0068727721493608415,22,30,0.004614035037286392,0.1575799697358365,True,False,False,0.0009643583421043961,COMPLETE
293,0.9916617155075074,2025-04-23 17:35:36.127524,2025-04-23 17:37:13.784114,0 days 00:01:37.656590,0.27410848642804586,0.7377856400482943,2,0.19080352269091005,0.01896625811930153,0.09425631643313158,0.09203832923408829,0.03336780456271683,0.0831054607608326,0.040318643417623916,25,28,0.0012818798185247123,0.1651955318350968,True,False,False,0.0007990322985491703,COMPLETE
294,0.29052439928054813,2025-04-23 17:37:13.876313,2025-04-23 17:38:50.923140,0 days 00:01:37.046827,0.2762594410276531,0.6925152569409556,2,0.14106036086029114,0.00014182066885592808,0.09510774056743965,0.08974306091402831,0.03154461390365657,0.08593150380376267,0.04407990219467727,25,20,0.0010080756242519598,0.1741838758902145,True,False,False,0.0007659136903961478,COMPLETE
295,0.37947055697441107,2025-04-23 17:38:51.014834,2025-04-23 17:40:28.757201,0 days 00:01:37.742367,0.26024640893635703,0.6293212203499282,2,0.16843271268445462,0.019860681253070972,0.09661752579314355,0.09222466315548539,0.02912314763782572,0.08082038109558315,0.0394141480014133,25,28,0.0010052610365464856,0.1670884507832821,True,False,False,0.0005377042847323415,COMPLETE
296,0.3643248498439789,2025-04-23 17:40:28.849856,2025-04-23 17:42:07.016433,0 days 00:01:38.166577,0.24232744925458644,0.7869805842863404,2,0.18690551349541007,0.03212786748964856,0.09337807877768876,0.09421003507574513,0.03223982071408814,0.09035141439769229,0.03458409229875904,25,35,0.003220278909225756,0.16402923348644494,False,False,False,0.000983443405589665,COMPLETE
297,0.9298756003379822,2025-04-23 17:42:07.109657,2025-04-23 17:43:57.097813,0 days 00:01:49.988156,0.2992873071815874,0.5993203313875536,2,0.11898324350356967,0.017525533373836867,0.09100443703120921,0.08933563434233496,0.041703661035587244,0.01684751002291018,0.06680131648593998,29,23,0.0031312070944876126,0.17910795071543958,True,False,False,0.0006240295192257853,COMPLETE
298,0.34692994952201844,2025-04-23 17:43:57.200838,2025-04-23 17:45:31.044701,0 days 00:01:33.843863,0.29788829171399633,0.5299724853713359,2,0.11396353418817626,0.009443980811745701,0.09975254965835152,0.09056249137532503,0.04275649548572812,0.095540112235169,0.06434068075179691,24,23,0.00313755096709071,0.1957774181571183,True,False,False,0.0006390193127991057,COMPLETE
299,0.41598635315895083,2025-04-23 17:45:31.138788,2025-04-23 17:47:05.561195,0 days 00:01:34.422407,0.2825535779639947,0.7459090941664818,2,0.13381324123259886,0.016459023908262545,0.09467934132469413,0.08906720671682986,0.04134597349547639,0.0828316782435513,0.06335701042285435,24,16,0.004622738226043567,0.15863847636432782,True,False,False,0.0004479153529853511,COMPLETE
300,0.3742646753787995,2025-04-23 17:47:05.654753,2025-04-23 17:47:55.624217,0 days 00:00:49.969464,0.31349630079485524,0.8292610965246122,2,0.14135470943540718,0.02497322343695757,0.07461130383093098,0.09211294631616732,0.03374065548658551,0.01409765204917317,0.053597283637597776,10,20,0.001057997609581592,0.18361238997062912,True,False,False,3.1670312126893806e-08,COMPLETE
301,0.9954826593399049,2025-04-23 17:47:55.717871,2025-04-23 17:49:42.040641,0 days 00:01:46.322770,0.510659019786928,0.6558956030489229,2,0.12739128626615642,0.005525313372697881,0.09800620616863273,0.09612588274190878,0.04274115231006584,0.01639313813704731,0.05179263045367505,28,25,0.0025267138032521396,0.17815626575188448,True,False,False,0.0007626118945848149,COMPLETE
302,0.9884297847747803,2025-04-23 17:49:42.134330,2025-04-23 17:51:31.335448,0 days 00:01:49.201118,0.5267365965341803,0.6734150847110058,2,0.20000311032587728,0.006293954156482704,0.09714464363303878,0.09641419990927397,0.04400885657863715,0.08376379179550913,0.04653584885455916,29,25,0.00254475342404154,0.17983406614993788,True,False,False,0.0008001573569441536,COMPLETE
303,0.29052439928054813,2025-04-23 17:51:31.439561,2025-04-23 17:53:20.254897,0 days 00:01:48.815336,0.497652488235746,0.6766457316959611,2,0.207945031812173,0.00046696496555110635,0.0974107434189809,0.09781950944123789,0.0452270287219148,0.016472728946759357,0.05589291112536875,29,25,0.003369992010289894,0.18737833273447888,True,False,False,0.0007796282488505974,COMPLETE
304,0.4157539904117585,2025-04-23 17:53:20.350259,2025-04-23 17:55:11.548913,0 days 00:01:51.198654,0.5283229092443281,0.7287498398203476,2,0.21080447171109074,0.006017057880091672,0.09531105567066056,0.0959088375627567,0.04403561660836578,0.018754368666304075,0.04437434434443249,30,21,0.0024031614710159042,0.17940820747591152,True,False,False,0.0005488636147697114,COMPLETE
305,0.612380051612854,2025-04-23 17:55:11.644554,2025-04-23 17:57:01.218747,0 days 00:01:49.574193,0.4981706949975927,0.665080857714412,2,0.19710138747368255,0.015921290444637602,0.09774947396617575,0.09575353882085258,0.04115208012977122,0.08499339022612813,0.04990261888987851,29,23,0.0027734183323127794,0.17690901775864482,True,False,False,0.0007584610239574751,COMPLETE
306,0.526342761516571,2025-04-23 17:57:01.313809,2025-04-23 17:58:59.611185,0 days 00:01:58.297376,0.5144405351036496,0.699679373730518,2,0.1167713445988194,0.03945568554202353,0.09363722801008512,0.09759694246999916,0.04314570259847494,0.08371839268305707,0.036858889188068705,30,10,0.004339642881457463,0.1938331260365961,True,False,False,0.0006270805893559519,COMPLETE
307,0.36544064283370975,2025-04-23 17:58:59.717008,2025-04-23 18:00:46.009493,0 days 00:01:46.292485,0.5521320877363821,0.6483361466791182,2,0.19942772297644198,0.09579745042924723,0.09565930278535163,0.0943037927126053,0.04564285241595316,0.015433043399452912,0.04169784137179064,28,18,0.0010149392533998643,0.17997141969502098,True,False,False,0.0008539974068027874,COMPLETE
308,0.6126874208450317,2025-04-23 18:00:46.105307,2025-04-23 18:02:32.670539,0 days 00:01:46.565232,0.5224301800891297,0.6695798103688184,2,0.12469804416589411,0.005132295304204164,0.09142218211272135,0.09185608557375588,0.041883443229899,0.08779436358894398,0.04867819284521981,28,26,0.0010975725809429192,0.17178614783868143,True,False,False,0.000510437566129709,COMPLETE
309,0.6077768445014954,2025-04-23 18:02:32.766721,2025-04-23 18:04:23.433028,0 days 00:01:50.666307,0.062193329067210076,0.6825665549169206,2,0.17821144442898462,0.024342090372215932,0.0928139932885807,0.09668371813903005,0.03985528595943548,0.020180999367700875,0.0265971782734183,29,27,0.004495229414599108,0.18752452656447158,True,False,False,0.0009927642915587283,COMPLETE
310,0.36011693477630613,2025-04-23 18:04:23.530342,2025-04-23 18:06:13.206542,0 days 00:01:49.676200,0.5372865386961072,0.6506533919079798,2,0.2015426644488574,0.05192627302489786,0.0975445000935799,0.09400210090718214,0.04453846214832227,0.0782972656867811,0.07117310921983999,29,24,0.00298305339625109,0.16600989328474358,True,False,False,0.0007392181390833805,COMPLETE
311,0.441526597738266,2025-04-23 18:06:13.303379,2025-04-23 18:07:59.316528,0 days 00:01:46.013149,0.23462735534715728,0.6312946804806701,2,0.19120143890900715,0.01694196846636689,0.06527249393261524,0.08991833568638084,0.040998059257081276,0.08063925382772753,0.031178279267347796,28,28,0.0010075360504617397,0.17194956572527498,True,False,False,0.00040073400360070597,COMPLETE
312,0.41140935420989994,2025-04-23 18:07:59.423611,2025-04-23 18:09:51.215869,0 days 00:01:51.792258,0.46312697777644507,0.7433613953712384,2,0.1548339220830174,0.02992927870757748,0.07700759661314154,0.09808408047245253,0.04644744689939607,0.01669214860250593,0.037757960792455594,30,22,0.004628879891982258,0.1802265226948905,True,False,False,0.0006122910568962525,COMPLETE
313,0.36219670176506047,2025-04-23 18:09:51.312473,2025-04-23 18:11:38.029318,0 days 00:01:46.716845,0.7946135613028232,0.7126508219394416,2,0.12039933300387201,0.12331775735326475,0.09479380964995046,0.0954443720111846,0.04332165345927667,0.019063196083958907,0.05216034918905893,28,29,0.003309908167261366,0.16662534048481425,True,False,False,0.0008245567602972535,COMPLETE
314,0.35510440468788146,2025-04-23 18:11:38.127623,2025-04-23 18:13:21.356640,0 days 00:01:43.229017,0.42616048173568566,0.7714548355163418,2,0.15148539034739522,0.010665792385092467,0.09227863298577162,0.09275508883460926,0.092554966289908,0.08727024727732025,0.028660450551008822,27,25,0.005122334842222495,0.1621413828541003,True,False,False,0.0004928259218570551,COMPLETE
315,0.48059732913970954,2025-04-23 18:13:21.453996,2025-04-23 18:14:56.981076,0 days 00:01:35.527080,0.24595189279562688,0.6115559172077091,2,0.18657999658136026,0.004868727593653812,0.09935786224997385,0.08960930055999355,0.03850590480428327,0.012948601547330267,0.08448569377355414,29,32,0.002688461753295096,0.1772537137284411,True,True,False,0.00037247725406181105,COMPLETE
316,0.5401941657066345,2025-04-23 18:14:57.089933,2025-04-23 18:16:46.354876,0 days 00:01:49.264943,0.48866071844921144,0.6339040244043529,2,0.292920180899939,0.02153351203950216,0.08242646183943299,0.06232856478815714,0.08494592305693892,0.02225534272918473,0.06485473939926192,29,29,0.005850858369554911,0.16981266907968348,True,False,False,0.0007169798972774726,COMPLETE
317,0.4107940256595612,2025-04-23 18:16:46.453545,2025-04-23 18:18:36.201693,0 days 00:01:49.748148,0.5641094271012044,0.6132493849651286,2,0.21268104690527231,0.012503197485308617,0.09652684481099089,0.09185973561291562,0.0877051997290083,0.08974342124576445,0.008261560937778262,29,53,0.0026819797833757537,0.16132129414283544,False,False,False,0.0009913570032853449,COMPLETE
318,0.4157314002513886,2025-04-23 18:18:36.300736,2025-04-23 18:20:23.189516,0 days 00:01:46.888780,0.02009216307806866,0.6931297741240194,2,0.06002931873053822,0.005125864212003781,0.09020066339939878,0.018729340203308138,0.04019051563553248,0.05409667746034295,0.04215619532454897,28,19,0.005808743673242377,0.2045682727288865,True,False,False,0.0005874125785528128,COMPLETE
319,0.3702194511890412,2025-04-23 18:20:23.289657,2025-04-23 18:21:47.966866,0 days 00:01:24.677209,0.5139257197328266,0.7247599722069892,2,0.17248959489993887,0.23364376203501666,0.09376113431450611,0.09987308854533464,0.03561096683095203,0.014973580656885274,0.0062687712597511,21,26,0.004447159820728192,0.17253378500196992,True,False,False,0.0006812026043276613,COMPLETE
320,0.4480761289596558,2025-04-23 18:21:48.076955,2025-04-23 18:23:29.160917,0 days 00:01:41.083962,0.27078140607249657,0.6450357482413857,2,0.10589139061808839,0.01672477199194648,0.08345446048061167,0.02390623748065381,0.043084385731863975,0.017601305036402875,0.007407994952196109,25,126,0.002800983139611686,0.15830412582088835,True,False,False,0.0008184083180633027,COMPLETE
321,0.29052439928054813,2025-04-23 18:23:29.262189,2025-04-23 18:24:21.854861,0 days 00:00:52.592672,0.22444670777119702,0.6614091328695894,2,0.215608581521421,0.00045751272758136146,0.07538274335041346,0.09442084326387984,0.04582259582051151,0.05120642530307941,0.033167698948135815,11,32,0.06783267208216959,0.1829207173392981,True,False,False,0.0004917311885223342,COMPLETE
322,0.3702640175819397,2025-04-23 18:24:21.955869,2025-04-23 18:25:30.851228,0 days 00:01:08.895359,0.772495642384995,0.6027895174063573,2,0.12923010226473075,0.25943670690034626,0.09638713039258824,0.040959499311609145,0.03823537543878204,0.08398569984964066,0.004874888596032687,16,23,0.001039663334804924,0.16659176136162004,True,False,False,0.0008444258097759042,COMPLETE
323,0.34696026444435124,2025-04-23 18:25:30.950934,2025-04-23 18:27:25.278987,0 days 00:01:54.328053,0.5426860519793006,0.6306413759323444,2,0.044351058173745184,0.027900163683094895,0.0999502398266644,0.09752089069721925,0.04217781310061569,0.01597356031789427,0.0038357724600387062,30,56,0.007015694977679671,0.15417185853328644,True,False,False,1.9416250449464458e-06,COMPLETE
324,0.5534436225891114,2025-04-23 18:27:25.380124,2025-04-23 18:29:05.700619,0 days 00:01:40.320495,0.6396071410948354,0.5198569714406107,2,0.0644423732018723,0.010946091766947523,0.09084510167802039,0.08813217876661122,0.04719718947209161,0.07624057812668895,0.053620198658738696,26,15,0.00430620993050538,0.1630599822120617,True,False,False,0.0006359411907928322,COMPLETE
325,0.3471353769302369,2025-04-23 18:29:05.811294,2025-04-23 18:30:49.007229,0 days 00:01:43.195935,0.5059865402506596,0.6652948317383147,2,0.19246112912903224,0.021335407657296048,0.07230570205979167,0.09366644121980712,0.039604969051680226,0.0665525239443024,0.07816000816295084,27,30,0.0027845145725492633,0.17559078126156696,True,False,False,0.0009770329878773581,COMPLETE
326,0.40332412123680117,2025-04-23 18:30:49.107585,2025-04-23 18:32:12.774611,0 days 00:01:23.667026,0.2641175009069514,0.5409652898387465,2,0.04889112546399629,0.037932829196945114,0.07782141950106906,0.09069067090277744,0.08296644620342083,0.020160586405565117,0.005492228738028823,25,26,0.001046901925346994,0.1899656515914041,True,True,False,0.0004839604772594253,COMPLETE
327,0.993327558040619,2025-04-23 18:32:12.876698,2025-04-23 18:33:19.569556,0 days 00:01:06.692858,0.20170082434237063,0.6151689913220093,2,0.22695508151977378,0.03246379294072887,0.0887452884896724,0.08617416222890245,0.044127338521955224,0.08210109632528512,0.0071849693339800106,15,33,0.0063790465696894755,0.15658359842447625,True,False,False,0.00038685043553517373,COMPLETE
328,0.3505379438400269,2025-04-23 18:33:19.672215,2025-04-23 18:34:25.475928,0 days 00:01:05.803713,0.20211977238905413,0.6838383897655007,2,0.22624190946678474,0.0456196988420342,0.08895780966313478,0.08630739730950594,0.04444225236183362,0.08105459786824425,0.008352049367704919,15,31,0.007000151783406878,0.15396941818746895,True,False,False,0.00035224905083652245,COMPLETE
329,0.4088188946247101,2025-04-23 18:34:25.588750,2025-04-23 18:35:32.927123,0 days 00:01:07.338373,0.2380176031049248,0.6439197753347902,2,0.24452559938696705,0.03399087171863825,0.08418090164929955,0.08743034639458559,0.04160405043848804,0.08257916545404889,0.0070254509460827555,15,90,0.06322507044965911,0.14652356388934812,True,False,False,0.000406426746057101,COMPLETE
330,0.41604995131492617,2025-04-23 18:35:33.030419,2025-04-23 18:36:42.247498,0 days 00:01:09.217079,0.889211299092759,0.5990565125210512,2,0.23542320394857771,0.033011422226956605,0.08821326134835988,0.08460627610830182,0.0366654764710919,0.085331492057141,0.007864125834401558,16,34,0.005616719603481162,0.1608377806299095,True,False,False,0.0006184669809442708,COMPLETE
331,0.34745275378227236,2025-04-23 18:36:42.349909,2025-04-23 18:37:47.892131,0 days 00:01:05.542222,0.21439231960218885,0.623750779507089,2,0.24732357785230452,0.008833318938536765,0.08562820876196695,0.024991193176023812,0.043736544733337095,0.0788981060669645,0.00638220097698661,15,29,0.007781656264310391,0.15497655588349377,True,False,False,0.00032606618375117835,COMPLETE
332,0.3618259191513062,2025-04-23 18:37:47.995736,2025-04-23 18:38:57.867602,0 days 00:01:09.871866,0.25280028630518325,0.5224477689802547,2,0.16575504596314833,0.027337031472895755,0.09168531526098081,0.08893579690229088,0.04691598644718981,0.012242900938489749,0.05840919070744631,16,33,0.0045490569343461795,0.1671933085374308,True,False,False,0.0005217284780147866,COMPLETE
333,0.351982980966568,2025-04-23 18:38:57.982049,2025-04-23 18:40:13.405836,0 days 00:01:15.423787,0.29542277971524844,0.5717146916769744,2,0.2588056220238847,0.08120837355422214,0.08159394694916627,0.02651759793569966,0.04100058608013663,0.07581391106547695,0.04492499512020688,17,84,0.0030714666205893075,0.1503968579909186,True,False,False,0.0007110793111075555,COMPLETE
334,0.4312840580940247,2025-04-23 18:40:13.510006,2025-04-23 18:40:32.697161,0 days 00:00:19.187155,0.5373558988380819,0.5398622862412679,16,0.1610595459037652,0.015023423922216294,0.0891482853933429,0.09179975041171091,0.0387804413448724,0.08761942202745998,0.005097605170339595,15,37,0.006011325989222023,0.15966223331811555,True,False,True,0.00041346491470519673,COMPLETE
335,0.44240988492965705,2025-04-23 18:40:32.802555,2025-04-23 18:42:09.063526,0 days 00:01:36.260971,0.48163388330069656,0.5116644585825599,2,0.05301069746243125,0.006639209005358432,0.07629235849531295,0.022250652823112897,0.044925094595788286,0.055774467056477664,0.027400025557563306,25,27,0.004169772313322174,0.14419966352940072,False,False,False,0.0007967435017808821,COMPLETE
336,0.4962649345397949,2025-04-23 18:42:09.168779,2025-04-23 18:43:30.075855,0 days 00:01:20.907076,0.5647918934678666,0.46173600393146147,2,0.14464119881524626,0.017229265201354413,0.08562943620560319,0.02035866687476961,0.0964636466007034,0.017025226543150876,0.0062013220600555564,24,23,0.0010712657950259523,0.15541106199625332,True,False,True,0.0005745530912106866,COMPLETE
337,0.29052439928054813,2025-04-23 18:43:30.190953,2025-04-23 18:44:28.012204,0 days 00:00:57.821251,0.29654268421226676,0.5889246229684437,2,0.2771878650896728,0.025152768397732974,0.058144083127985115,0.08706560284635602,0.04274687216734403,0.08403065872970851,0.00846407351083069,15,30,0.008266417987303848,0.16405768079748412,True,True,True,0.000687558826789349,COMPLETE
338,0.9801682829856873,2025-04-23 18:44:28.117547,2025-04-23 18:44:49.773130,0 days 00:00:21.655583,0.2239937838299765,0.624830974094337,16,0.03643269119442982,0.005631483663931212,0.09173811744551795,0.08571658478682118,0.03693537500493299,0.08001501531527401,0.03727276997425426,16,33,0.003057837312145267,0.1696279805925816,True,False,False,0.0002899608877120249,COMPLETE
339,0.5448765397071839,2025-04-23 18:44:49.878193,2025-04-23 18:45:58.425855,0 days 00:01:08.547662,0.2294889742916837,0.6546538298026544,2,0.028226200293428025,0.004128893220697304,0.09164111151335212,0.0497690628702917,0.035081227314496935,0.07916076685796405,0.039233475078933724,16,32,0.0026798054854294128,0.04788613642385717,True,False,False,0.0008233204117608509,COMPLETE
340,0.29052439928054813,2025-04-23 18:45:58.533593,2025-04-23 18:47:10.064854,0 days 00:01:11.531261,0.19427017810643663,0.6312605464983181,2,0.0351534845784104,0.0007992338194790678,0.08972304001107811,0.08957510446773263,0.0373378888387549,0.0822971100321386,0.031032378941751947,17,36,0.00620615220058127,0.16917154810161508,True,False,False,0.00027369344904828096,COMPLETE
