number,value,datetime_start,datetime_complete,duration,params_alpha-eval,params_alpha-train,params_batch-size,params_eps-eval,params_eps-train,params_lambda-actions-eval,params_lambda-actions-train,params_lambda-frames-eval,params_lambda-frames-train,params_learning-rate,params_n-epochs,params_n-frames,params_radius-gw,params_rho,params_std-feats,params_ub-actions,params_ub-frames,params_weight-decay,state
341,0.41669859886169436,2025-04-23 18:47:10.180297,2025-04-23 18:47:31.603706,0 days 00:00:21.423409,0.21669820607610762,0.6149242439780455,16,0.03462702667299543,0.009806453342756715,0.09382731145977662,0.039028552484425244,0.04007867724857718,0.0754378428354711,0.03524231523939003,16,39,0.004746737767014145,0.1700081082638911,True,False,False,0.0002391550048533057,COMPLETE
342,0.5664911627769471,2025-04-23 18:47:31.709410,2025-04-23 18:48:41.221380,0 days 00:01:09.511970,0.2610493274035813,0.6657405209077247,2,0.22571733610597594,0.011625080220469793,0.09195731561981846,0.09112881298664849,0.03821086702456089,0.08016246602692377,0.04841639711865426,16,33,0.0028186480314528785,0.1795197335587946,True,False,False,0.00027864992027533717,COMPLETE
343,0.4245238542556763,2025-04-23 18:48:41.328424,2025-04-23 18:49:46.551345,0 days 00:01:05.222921,0.45557876138027087,0.8204781604663579,2,0.04371574592473809,0.005661870904667944,0.08744286066907243,0.09301602238189557,0.034965458731202555,0.07241134096734624,0.01944743185299883,15,28,0.007295201596934748,0.16330494796070785,True,False,False,0.0003633143181405954,COMPLETE
344,0.532101035118103,2025-04-23 18:49:46.656988,2025-04-23 18:50:57.918081,0 days 00:01:11.261093,0.24283771713698177,0.6274739124143389,2,0.041634623496626944,0.014501790509686332,0.08967991098530505,0.02684398743997185,0.04164861985399593,0.08278248644053127,0.03813377987799315,17,25,0.0027740166104894695,0.1497888478490344,True,False,False,0.0009770491196577128,COMPLETE
345,0.41666519045829775,2025-04-23 18:50:58.035849,2025-04-23 18:51:19.160325,0 days 00:00:21.124476,0.20688770343551727,0.6469118365287629,16,0.21804192302473607,0.007858503719447513,0.09444111732102427,0.024497867089271968,0.040171212166018266,0.0788300574499692,0.060422375934128386,15,32,0.009486987771351166,0.18415492082987614,True,False,False,0.0004426494039612246,COMPLETE
346,0.851453983783722,2025-04-23 18:51:19.268046,2025-04-23 18:52:28.950159,0 days 00:01:09.682113,0.23365739590564383,0.7567227737516121,2,0.18280260617499242,0.01877772327746304,0.061451403136317924,0.08861557675423123,0.04716836200858825,0.0771113860817567,0.07013426559604628,16,37,0.0054580400554244445,0.1580781595197135,True,False,False,0.0006127554662785729,COMPLETE
347,0.29052439928054813,2025-04-23 18:52:29.058697,2025-04-23 18:54:03.267006,0 days 00:01:34.208309,0.5204607628020558,0.5974446303389559,2,0.05891310251821471,0.0012127148240034255,0.09280536040029064,0.05986819167755786,0.03660992799135253,0.04098759060845126,0.026967244174368216,24,19,0.002454923821461885,0.17022006829295666,True,False,False,0.0008035149269273872,COMPLETE
348,0.29052439928054813,2025-04-23 18:54:03.375509,2025-04-23 18:55:15.692704,0 days 00:01:12.317195,0.27544605767932295,0.8800882235263203,2,0.17287911782309381,0.00021370873378033007,0.08784972366427674,0.09546310938096905,0.06856979189884112,0.07449455756309002,0.04211596173571429,17,28,0.004352283953769498,0.14611283863248842,True,False,False,0.0003063646019741952,COMPLETE
349,0.46723645925521856,2025-04-23 18:55:15.811757,2025-04-23 18:55:38.622587,0 days 00:00:22.810830,0.3005485168268113,0.6921697594041558,16,0.0385296368191498,0.07175397992244598,0.09770851494117808,0.08627325853161348,0.04394288295596864,0.013947448521832412,0.009146729490877008,25,34,0.0010488614502657616,0.1532511737361262,True,True,False,0.0006573099214649905,COMPLETE
350,0.6133096098899842,2025-04-23 18:55:38.732387,2025-04-23 18:56:44.381286,0 days 00:01:05.648899,0.33080879800478324,0.579417030543529,2,0.023933817288123,0.012355605567674047,0.09022930062683804,0.09277858552491759,0.03812362394455174,0.08109192407602057,0.0071513207096295444,15,30,0.006386686974825671,0.17539232105199493,True,False,False,1.3073802919770745e-06,COMPLETE
351,0.4120608329772949,2025-04-23 18:56:44.492093,2025-04-23 18:57:49.730863,0 days 00:01:05.238770,0.28243805154033025,0.6095748014734679,2,0.15353235160274484,0.01853394267614545,0.084874049061253,0.09027782103408517,0.045810713829069385,0.047766015429667255,0.032763367831189986,18,27,0.003977758943842358,0.16403198180267778,True,False,True,0.0009938545044994537,COMPLETE
352,0.3844458758831024,2025-04-23 18:57:49.841295,2025-04-23 18:58:24.366521,0 days 00:00:34.525226,0.1880804042910121,0.4899000645483051,8,0.1370934037380226,0.18801452991193257,0.09451608692885473,0.02264289746154274,0.04249651634094129,0.023819481604460534,0.010229931590504796,26,96,0.008480409506573389,0.14136937833112878,True,False,True,0.0005457720901521937,COMPLETE
353,0.37349021434783936,2025-04-23 18:58:24.486524,2025-04-23 18:59:31.425167,0 days 00:01:06.938643,0.257033319639698,0.6460592430118756,2,0.05094011699377329,0.14427605157667342,0.06898839946447262,0.05476453859176875,0.03341092227739775,0.07180261556692802,0.0994279960969765,15,42,0.0027911342764807712,0.15872308882307112,True,False,False,0.00014064020478931719,COMPLETE
354,0.36754912137985235,2025-04-23 18:59:31.534535,2025-04-23 19:00:33.418243,0 days 00:01:01.883708,0.211026262006755,0.6238125623836134,2,0.0673890539813275,0.009078848693795525,0.09180072990245303,0.027813865485330207,0.040092779859696726,0.08521435681915177,0.023983023872356648,16,86,0.005589713054731334,0.21819830652479694,True,False,True,0.0007577774319167831,COMPLETE
355,0.3690154135227204,2025-04-23 19:00:33.532281,2025-04-23 19:00:58.194659,0 days 00:00:24.662378,0.504394831090991,0.7181368851545097,16,0.05905555386684164,0.023592511226590195,0.08324009683722995,0.09409548179091813,0.048864679853394946,0.018198663756655034,0.048949896203905094,25,39,0.09341799348263731,0.16686998804381406,False,False,False,0.0004745039368163585,COMPLETE
356,0.6779945731163025,2025-04-23 19:00:58.309049,2025-04-23 19:02:18.931115,0 days 00:01:20.622066,0.3490520858182323,0.676756899274348,2,0.030172407455050884,0.015175851901866017,0.09791945558267014,0.08824598418873297,0.0370211315193571,0.015247517720922388,0.0058141059581487365,24,21,0.010262862435679214,0.1536436927090574,True,False,True,0.00021142233807345192,COMPLETE
357,0.5534436225891114,2025-04-23 19:02:19.051472,2025-04-23 19:03:19.911767,0 days 00:01:00.860295,0.5516224545003116,0.5634253268442868,2,0.11971994621942678,0.005839814473001916,0.07408558286694761,0.02562428635124459,0.04225091222278645,0.011751220315651498,0.007629148214839068,16,35,0.0013459710087056491,0.1711936554824066,True,False,True,0.0009811334451297012,COMPLETE
358,0.29052439928054813,2025-04-23 19:03:20.022866,2025-04-23 19:05:11.228745,0 days 00:01:51.205879,0.31109645718459433,0.5998102429285325,2,0.14746062686728473,0.00019331267914146784,0.08630153579627563,0.08480100240921093,0.04402847827447599,0.02718097744978315,0.013420390671794558,30,24,0.04462960549634659,0.1984038575234353,True,False,False,0.0006628892832346245,COMPLETE
359,0.7225022792816163,2025-04-23 19:05:11.340342,2025-04-23 19:05:31.154904,0 days 00:00:19.814562,0.22837373419175877,0.5811861036494896,16,0.04676648270788417,0.01119804774458303,0.09623709909159406,0.09056452252633382,0.022563153447871784,0.020422395864954618,0.004720719279877669,17,31,0.07262769596396741,0.1622245352320979,True,False,True,0.00017110442334287879,COMPLETE
360,0.6294607520103455,2025-04-23 19:05:31.277956,2025-04-23 19:06:34.466378,0 days 00:01:03.188422,0.7549107517875883,0.4706833064171113,2,0.07260491655225361,0.022229380015324242,0.08910472280878895,0.09574541675044304,0.03894240480222054,0.07298615077329666,0.06324433529618155,14,33,0.004104327968230058,0.14867165025022658,True,False,False,0.0003654183133204556,COMPLETE
361,0.29052439928054813,2025-04-23 19:06:34.580818,2025-04-23 19:07:50.755733,0 days 00:01:16.174915,0.8239974101524155,0.6125124506167126,2,0.1784959330142311,0.016267685502223635,0.09122591006322282,0.03463436279565864,0.034819192449727546,0.07759080194583252,0.08257785479461756,21,81,0.007641066351710726,0.17836337853085069,True,True,True,0.0008165793867391184,COMPLETE
362,0.3931766986846924,2025-04-23 19:07:50.867087,2025-04-23 19:08:56.367092,0 days 00:01:05.500005,0.5779182298390142,0.6584284019923501,2,0.15805695938554598,0.007683986175550335,0.0438626002205663,0.04659309029894578,0.09042968318454997,0.015773749794051273,0.036529072571083517,15,29,0.0010854496752654018,0.18704979802201405,True,False,False,0.0005293634021990913,COMPLETE
363,0.9499744057655335,2025-04-23 19:08:56.479036,2025-04-23 19:09:19.039739,0 days 00:00:22.560703,0.438700568064008,0.6373384175713551,16,0.06479050416666551,0.028453931642268407,0.09364440889736465,0.09187900103230433,0.07102021104577534,0.050766310942376255,0.005927813517828207,25,26,0.005974090446328654,0.15952931010421784,True,False,True,0.00010400804192758908,COMPLETE
364,0.3760257244110108,2025-04-23 19:09:19.164207,2025-04-23 19:09:39.225433,0 days 00:00:20.061226,0.4638181890475942,0.6355206854245679,16,0.06317273961265263,0.027080366016859925,0.09365260129545612,0.08601652127688243,0.07517615882394123,0.049638889329520666,0.006045698171217251,18,22,0.010357411428402104,0.16770566529148956,True,False,True,2.8825414246408654e-07,COMPLETE
365,0.349593722820282,2025-04-23 19:09:39.338921,2025-04-23 19:10:02.268449,0 days 00:00:22.929528,0.37848677411829135,0.5564724389597299,16,0.055490006069409945,0.039531458623031576,0.0952947408629312,0.09196375389240236,0.06962989419801002,0.05164221059422637,0.004144749213616324,26,25,0.007009187798800175,0.15619081391659426,True,False,True,7.901287714023818e-05,COMPLETE
366,0.3706339538097382,2025-04-23 19:10:02.382685,2025-04-23 19:10:24.533973,0 days 00:00:22.151288,0.39947373443913803,0.6793071589940322,16,0.07004562603143887,0.0334713265594547,0.09324075471232508,0.030526842385066515,0.046133308056106735,0.053628269846855925,0.00702135862447695,24,26,0.005383269937726006,0.14256770376319244,True,False,True,0.00010450148701393377,COMPLETE
367,0.416245973110199,2025-04-23 19:10:24.649337,2025-04-23 19:10:48.866569,0 days 00:00:24.217232,0.4373308081066257,0.5286827803716158,16,0.07590019369554962,0.029019413831847432,0.09731776857011272,0.08842025244758331,0.07328311427056564,0.047567225744794946,0.009403366271607505,29,18,0.009294389778274062,0.1749364703889773,True,False,True,5.855673353612897e-06,COMPLETE
368,0.5058436036109925,2025-04-23 19:10:48.990834,2025-04-23 19:11:10.282880,0 days 00:00:21.292046,0.5315325161211939,0.7005972481066935,16,0.06528498973369436,0.011889608917231845,0.0909748069855325,0.024665724870861543,0.07264977480319983,0.04997070307424384,0.005244733415050515,22,22,0.004152586005175199,0.16320651825490556,True,False,True,0.0004360067899490005,COMPLETE
369,0.41669961214065554,2025-04-23 19:11:10.397830,2025-04-23 19:11:29.628020,0 days 00:00:19.230190,0.4318670184559229,0.5041794932360335,16,0.05276473021314955,0.005379093724589403,0.052762504994704605,0.028189569165175482,0.07724323393586034,0.082765189110495,0.006233430242077167,16,28,0.001064880648653786,0.15079198412970996,True,False,True,0.0007021296062016703,COMPLETE
370,0.32548330426216127,2025-04-23 19:11:29.743259,2025-04-23 19:11:48.312729,0 days 00:00:18.569470,0.9993684489036354,0.5879279644628,16,0.20216147137062068,0.0461680503227506,0.09250971137805176,0.03254419439780218,0.06778657261961783,0.07098220812938791,0.008193853309718552,14,35,0.006600996393765209,0.15775955323340143,True,False,True,0.0008308057355956675,COMPLETE
371,0.3471617221832276,2025-04-23 19:11:48.441088,2025-04-23 19:12:07.850415,0 days 00:00:19.409327,0.4901032309306798,0.6455567108115993,16,0.058847618289163656,0.020585005574864805,0.09977091282540598,0.09132000409756567,0.06552549065392968,0.05347829735128092,0.004883006477817031,15,38,0.012014206481902625,0.17088820931535467,True,False,True,0.0006011334980544327,COMPLETE
372,0.3320074439048767,2025-04-23 19:12:07.966758,2025-04-23 19:12:32.394968,0 days 00:00:24.428210,0.6091389525180053,0.4481008713171971,16,0.12741370257924928,0.0136658471996788,0.09517041328170509,0.06987582994748558,0.04850648559784031,0.06822074412937054,0.019460988325639115,24,79,0.002979555820190633,0.18136104556033786,True,True,True,0.000999045403582382,COMPLETE
373,0.48707529306411745,2025-04-23 19:12:32.510139,2025-04-23 19:13:32.760959,0 days 00:01:00.250820,0.48719069963311873,0.48011238722616145,2,0.04758280005913193,0.005775852096589292,0.0886907641996113,0.021080781276128367,0.04357456355215893,0.04597504273894188,0.00559748541304253,16,41,0.008043414586286686,0.13520644555406228,True,False,True,9.488252250424312e-05,COMPLETE
374,0.39986611604690553,2025-04-23 19:13:32.878234,2025-04-23 19:14:04.420535,0 days 00:00:31.542301,0.4103442902622244,0.5694446954669905,8,0.03845750847829649,0.037289979246966136,0.09811646051575314,0.0897003620535649,0.07067757022715614,0.08631853136472759,0.004009524703250043,25,25,0.005304828865170064,0.16373536570279149,True,False,True,0.0004933930448179838,COMPLETE
375,0.37877470850944517,2025-04-23 19:14:04.548380,2025-04-23 19:14:25.091738,0 days 00:00:20.543358,0.3312205841651227,0.6675413213279839,16,0.0656858841110829,0.024987971777544006,0.09359243300325082,0.08692342413349319,0.04167383540754742,0.05197743028052412,0.010389019803140031,20,30,0.001079579657845776,0.1469043473764631,False,False,True,0.000703849250557553,COMPLETE
376,0.41567679643630984,2025-04-23 19:14:25.213014,2025-04-23 19:15:20.021226,0 days 00:00:54.808212,0.28820624748124196,0.6045097544165711,2,0.07424270460728412,0.01788104989935145,0.0907408955049414,0.04253544463913364,0.03568620017729255,0.07422090805539744,0.006910947829881593,14,33,0.04880053226018473,0.15515941796390406,True,False,True,7.407745247393634e-08,COMPLETE
377,0.4292599439620972,2025-04-23 19:15:20.137885,2025-04-23 19:16:23.328887,0 days 00:01:03.191002,0.35519061235178173,0.630459486268532,2,0.1907767354090398,0.009365929931909168,0.09602624472862517,0.09629777442918667,0.045840564751190506,0.049027368227934486,0.04641680392040944,17,28,0.003044319020027924,0.1723256801118634,True,False,True,0.0003912380889439411,COMPLETE
378,0.349978244304657,2025-04-23 19:16:23.446711,2025-04-23 19:17:22.408714,0 days 00:00:58.962003,0.523223662453167,0.5391022588413646,2,0.057432410761823795,0.03026252930010997,0.09250550880375298,0.0837512878914578,0.039158329588999216,0.0797554843540953,0.030841970734983345,15,82,0.00477642376191291,0.1414314525458583,True,False,True,0.0002931670114084543,COMPLETE
379,0.3521199464797974,2025-04-23 19:17:22.535737,2025-04-23 19:18:59.089393,0 days 00:01:36.553656,0.04761303121265817,0.5148587713458643,2,0.0788508753940878,0.01495752528279181,0.08828859961413821,0.09415116071219565,0.07593080543192234,0.07107101816755954,0.011770046065924925,29,36,0.00810351798259047,0.1663689636419605,True,False,True,0.00011331100534072873,COMPLETE
380,0.3056901812553406,2025-04-23 19:18:59.207414,2025-04-23 19:19:22.346642,0 days 00:00:23.139228,0.5935630542599117,0.5923457580940181,16,0.19747220500748305,0.0004151418606928405,0.07719502972673566,0.02626266240623956,0.04443957280057451,0.018784012516065623,0.0077228885003506565,26,23,0.002916986196560532,0.16056761869204267,True,False,True,0.0007989361230462889,COMPLETE
381,0.41379163265228275,2025-04-23 19:19:22.463764,2025-04-23 19:20:19.216244,0 days 00:00:56.752480,0.4542860533622487,0.5549090001788367,2,0.0692536976481734,0.023410809792877622,0.038909696241888454,0.09835943471473294,0.07125156628400064,0.06940644284851953,0.01611933761265672,15,13,0.005792584007824882,0.15152787629874787,True,False,True,0.0005857138364806931,COMPLETE
382,0.9992554783821107,2025-04-23 19:20:19.349715,2025-04-23 19:22:11.796524,0 days 00:01:52.446809,0.7361236158136993,0.7895646250855846,2,0.04329543595261518,0.009653247663411336,0.0870458977990672,0.023144114362422863,0.03057731492950898,0.07697637974923767,0.025039192579519257,30,31,0.0010362055384293923,0.12673958274971753,True,False,False,8.200499786803756e-05,COMPLETE
383,0.4937431216239929,2025-04-23 19:22:11.916631,2025-04-23 19:24:06.982137,0 days 00:01:55.065506,0.718180405981968,0.7598268107238516,2,0.03910046523885144,0.017431472437996084,0.08635212617637061,0.01760120010292162,0.02860043086587702,0.07667307010811757,0.005308640990617669,30,76,0.002564334190748344,0.12536297171633273,True,False,False,8.373754206825857e-05,COMPLETE
384,0.2917934238910675,2025-04-23 19:24:07.101719,2025-04-23 19:24:28.948710,0 days 00:00:21.846991,0.7391175609094944,0.8120756213906722,16,0.046159247614269885,0.13160642295204822,0.09999454545801287,0.0920217200648905,0.03235849896005674,0.07927597726684038,0.039228441629019214,23,27,0.004041459972389035,0.12911809637742155,True,True,False,0.00011342543927783917,COMPLETE
385,0.34500765800476074,2025-04-23 19:24:29.081830,2025-04-23 19:26:19.928355,0 days 00:01:50.846525,0.6199723080552934,0.7843858120977031,2,0.043296060960046005,0.010637124756672299,0.08110812976797595,0.022737266413894647,0.026427777861741768,0.0755863520936542,0.004392422046967877,29,32,0.0024752860561183514,0.12540581560033662,True,False,False,8.292659517221706e-05,COMPLETE
386,0.505109703540802,2025-04-23 19:26:20.048105,2025-04-23 19:28:14.296235,0 days 00:01:54.248130,0.10288004926820041,0.7020423948063866,2,0.0501446095988947,0.00592717766278541,0.08796779713832382,0.021399530308861686,0.03289524393507955,0.08147812880925234,0.024514111346688166,30,54,0.0010549510076060206,0.11747894399308811,True,False,False,0.0007726673093781954,COMPLETE
387,0.3610476076602936,2025-04-23 19:28:14.416733,2025-04-23 19:30:07.171980,0 days 00:01:52.755247,0.7268644676534334,0.790866879806588,2,0.05568494078799847,0.03157249829323459,0.0785700685329109,0.024046269952016242,0.0312956664849516,0.07346895054312247,0.006562257679765087,30,21,0.005809346174693631,0.13330737215140365,True,False,False,6.813810755153032e-05,COMPLETE
388,0.4051389992237091,2025-04-23 19:30:07.291830,2025-04-23 19:30:32.956249,0 days 00:00:25.664419,0.7608320106443579,0.48927204106027483,16,0.0337629974313174,0.021137802687885534,0.08473067738691262,0.02053081266934454,0.047944539326817984,0.07744590346479571,0.008988775509256497,25,40,0.00462438579833456,0.13913127276944373,True,False,False,0.000592481780133022,COMPLETE
389,0.3693652093410492,2025-04-23 19:30:33.087967,2025-04-23 19:32:22.603541,0 days 00:01:49.515574,0.7775344416792528,0.7343576754987527,2,0.2217216414724046,0.178366405310697,0.09658371295628868,0.08922545625177652,0.05075545764829941,0.08406665725279483,0.003767886606704226,29,29,0.03132720088066669,0.14516113478010884,True,False,False,0.0009804409797990693,COMPLETE
390,0.29052439928054813,2025-04-23 19:32:22.726609,2025-04-23 19:34:16.876263,0 days 00:01:54.149654,0.5527367970209528,0.7682275282730381,2,0.18505328354653192,0.00014216009835920848,0.07515034535920008,0.018730180787480653,0.03466877733609852,0.08041845815808112,0.0504153998688925,30,48,0.003191335170098797,0.12090263539694329,True,False,False,0.00012266857754656842,COMPLETE
391,0.4795033812522888,2025-04-23 19:34:16.997624,2025-04-23 19:35:20.565005,0 days 00:01:03.567381,0.7499315015898562,0.654439064658498,2,0.030259205138198898,0.012959816802217876,0.0901666106147636,0.08712347630893759,0.07369778418020927,0.0752546729656576,0.030596995911535824,14,36,0.001119593425585973,0.1919092263362322,True,False,False,0.0005163513002191467,COMPLETE
392,0.4341441512107849,2025-04-23 19:35:20.698050,2025-04-23 19:35:47.750936,0 days 00:00:27.052886,0.320444813527079,0.5093766411936892,16,0.040371943167344604,0.023491315468451734,0.09403724663611931,0.09960223439072977,0.04149780218905753,0.07349913982486127,0.005882842939016181,24,88,0.0064188813576354035,0.17961229074416762,True,False,False,6.920089410889281e-05,COMPLETE
393,0.3518167018890381,2025-04-23 19:35:47.873476,2025-04-23 19:37:41.999484,0 days 00:01:54.126008,0.5741042585933627,0.7213711934514222,2,0.23920729341000566,0.04088794796470098,0.08691923869707993,0.09286900620925335,0.029960540623984167,0.06758423410263986,0.004940048089377459,30,26,0.0010456065385131457,0.2356142009749475,True,False,False,0.0006883537595146551,COMPLETE
394,0.3582863688468933,2025-04-23 19:37:42.122916,2025-04-23 19:39:33.804387,0 days 00:01:51.681471,0.5012193807154991,0.539134565484697,2,0.05065510618701791,0.00594675473425119,0.07266173260836745,0.023853040209736866,0.09367503050045765,0.029392311801306505,0.012699880584108128,29,32,0.004083497792911599,0.1316582683647445,True,False,False,0.0009989286425547775,COMPLETE
395,0.35927380323410035,2025-04-23 19:39:33.927074,2025-04-23 19:41:10.542573,0 days 00:01:36.615499,0.47551705258590193,0.8338419221606352,2,0.06062987956921598,0.0587753616793277,0.0953451841369024,0.09610974706054651,0.0101768741050565,0.07897925458062469,0.007481702177049355,25,24,0.007078360503917165,0.17562274315196474,False,False,False,0.0003252034391116631,COMPLETE
396,0.413728404045105,2025-04-23 19:41:10.675355,2025-04-23 19:41:32.308934,0 days 00:00:21.633579,0.2761148083795986,0.46183093771878825,16,0.07161327183116471,0.017284528072704426,0.09851004256649136,0.09025057156701644,0.03652239328666847,0.07721477663314286,0.0030150501814705938,22,30,0.003079554483862561,0.15560718410840876,True,True,False,9.970553419319698e-05,COMPLETE
397,0.42190928459167487,2025-04-23 19:41:32.432514,2025-04-23 19:42:30.023498,0 days 00:00:57.590984,0.2999827949564503,0.6803443205931552,2,0.06428698416771697,0.011452137941737826,0.08124967800380599,0.09511017505301299,0.029622288857774584,0.07175121229930724,0.0009172349620219828,15,35,0.004726222837164226,0.16930115935039616,True,False,True,0.0004143636563194485,COMPLETE
