number,value,datetime_start,datetime_complete,duration,params_alpha-eval,params_alpha-train,params_batch-size,params_eps-eval,params_eps-train,params_lambda-actions-eval,params_lambda-actions-train,params_lambda-frames-eval,params_lambda-frames-train,params_learning-rate,params_n-epochs,params_n-frames,params_radius-gw,params_rho,params_std-feats,params_ub-actions,params_ub-frames,params_weight-decay,state
1193,0.3471529245376587,2025-04-24 12:44:31.442588,2025-04-24 12:45:43.420256,0 days 00:01:11.977668,0.47521737080095544,0.5435511046951823,2,0.005453179075287662,0.008562112910880975,0.08212130931655047,0.04089818113376871,0.0285910906511869,0.05211924170022904,0.062491351410577003,17,24,0.007117891779535212,0.11588418040919476,True,False,False,5.240210114938256e-08,COMPLETE
1194,0.4160239934921265,2025-04-24 12:45:43.809073,2025-04-24 12:47:06.122584,0 days 00:01:22.313511,0.3089563883729361,0.5124155074089475,2,0.010833236595718203,0.018912747140817084,0.09081917558101357,0.02828195221936135,0.035187421724898846,0.057612608321485334,0.035761124496099854,20,20,0.014110693722079333,0.12471864280491742,True,False,False,4.132115820481594e-08,COMPLETE
1195,0.4854775607585907,2025-04-24 12:47:06.511475,2025-04-24 12:48:12.254644,0 days 00:01:05.743169,0.1669453507241983,0.5617949157320733,2,0.018743301240797774,0.00579230924346744,0.08828326100243225,0.031119558933016746,0.013547894059950927,0.05436382460152602,0.022651627496491272,18,32,0.012121204899207176,0.10913200399663406,True,True,False,1.46706109625902e-07,COMPLETE
1196,0.4160239934921265,2025-04-24 12:48:12.644879,2025-04-24 12:48:43.675038,0 days 00:00:31.030159,0.25044687252561826,0.6079539093444668,8,0.032338491208738156,0.024149247506719523,0.08324812836683544,0.07987030885024636,0.030602352164472123,0.09832394442230882,0.026563144052850002,19,37,0.0035673944271538546,0.13643229893829667,True,False,False,1.209707460230416e-07,COMPLETE
1197,0.6510246396064758,2025-04-24 12:48:44.067294,2025-04-24 12:50:08.066972,0 days 00:01:23.999678,0.21402057820089893,0.6450978596695727,2,0.004503249313565645,0.013450994608937807,0.09304106895975517,0.04640685497919064,0.02659086720776304,0.046324520831081455,0.04956685716062675,20,97,0.005807107660339925,0.12082346246728896,True,False,False,6.313175891140485e-07,COMPLETE
1198,0.41606354117393496,2025-04-24 12:50:08.457357,2025-04-24 12:51:20.489421,0 days 00:01:12.032064,0.2671704782201114,0.5930652274753918,2,0.011149492469272156,0.005346095521634662,0.06685430874722549,0.05009968313466617,0.03874120510429764,0.04815608442558049,0.030782831894653376,20,16,0.009973388658773254,0.14600723551295153,True,True,False,2.3408918977572526e-07,COMPLETE
1199,0.6130216002464295,2025-04-24 12:51:20.881175,2025-04-24 12:52:28.874790,0 days 00:01:07.993615,0.22801188828953403,0.4855524963676063,2,0.021968314928581725,0.018973170850960536,0.026518951194076826,0.018261982386438544,0.016215179906703642,0.016556328163980633,0.017995836067736113,19,13,0.0011508525391713655,0.13291674113879623,True,False,True,9.107896289867733e-08,COMPLETE
1200,0.9997354984283449,2025-04-24 12:52:29.267108,2025-04-24 12:53:44.581231,0 days 00:01:15.314123,0.45780074750756083,0.5471580720010841,2,0.014816045716600727,0.012190295073875979,0.08554329526296857,0.052965396941985404,0.033811366435431034,0.021979562672883843,0.038881208021724296,18,25,0.0073819212854300525,0.126424965702497,True,False,False,1.564931606866519e-07,COMPLETE
1201,0.4160239934921265,2025-04-24 12:53:44.973319,2025-04-24 12:54:50.403554,0 days 00:01:05.430235,0.4571764082123526,0.5272770965134616,2,0.02006658309252666,0.010430497039877359,0.08072018430799435,0.053504601515127356,0.0330071451412406,0.02201151052032683,0.039554842236658026,18,30,0.004999668040949153,0.14065279498901054,True,True,False,1.4971252860723707e-07,COMPLETE
1202,0.41557409763336184,2025-04-24 12:54:50.797351,2025-04-24 12:56:02.679772,0 days 00:01:11.882421,0.4754827904578477,0.5458785682320921,2,0.016994579976852116,0.0057456014516220075,0.08489334503747129,0.052026486109385456,0.03127603367253307,0.02347504559163896,0.0526491779328944,17,27,0.006791704615278974,0.13103178813927832,True,False,False,2.2600947932093902e-07,COMPLETE
1203,0.4160239934921265,2025-04-24 12:56:03.068478,2025-04-24 12:56:25.296478,0 days 00:00:22.228000,0.45273851102890855,0.5345577034647824,16,0.013305174871157427,0.011017722357195902,0.07822243992018611,0.05063213226165022,0.029223523882975132,0.018482117218754347,0.04751982008005784,18,29,0.0027742318615657036,0.1377870306370663,True,False,False,1.967388973601603e-07,COMPLETE
1204,0.3480996131896973,2025-04-24 12:56:25.689012,2025-04-24 12:57:32.554257,0 days 00:01:06.865245,0.49475311007777534,0.560815972012582,2,0.010395138048892787,0.0053882121902643215,0.08335683779693312,0.05194079002742387,0.033335431458928276,0.026934358647269296,0.03996807175311391,18,33,0.0057567864225104475,0.12712059759764033,True,True,False,1.2577694836402535e-07,COMPLETE
1205,0.29052439928054813,2025-04-24 12:57:32.946559,2025-04-24 12:58:44.033972,0 days 00:01:11.087413,0.4682890658005611,0.496110424743185,2,0.016448619136748874,0.00021754667512404076,0.08184119298203762,0.05365013429345481,0.031713556596514245,0.023085850727573316,0.07364919804256731,17,27,0.004280692430094572,0.1483785776863618,True,False,False,1.629366371195559e-07,COMPLETE
1206,0.6135454416275025,2025-04-24 12:58:44.423210,2025-04-24 12:59:53.071334,0 days 00:01:08.648124,0.4584680905412363,0.5474830503288961,2,0.025576187156169307,0.013673062560135233,0.08555780223604094,0.049465391838144634,0.02967068677068449,0.022623571163948485,0.03385194880223555,16,25,0.007679979449619298,0.13187020982248587,True,False,False,1.1029424573094534e-07,COMPLETE
1207,0.4620808243751526,2025-04-24 12:59:53.463605,2025-04-24 13:01:00.397077,0 days 00:01:06.933472,0.4886526420361648,0.519355252102539,2,0.005367437538992175,0.00034983870581165727,0.08032823381113627,0.04828419451546825,0.020979548127440205,0.02158504969107017,0.04211081392670686,18,30,0.003626708002261332,0.14305592460855335,True,True,True,3.1096211827999916e-07,COMPLETE
1208,0.39260378479957586,2025-04-24 13:01:00.791872,2025-04-24 13:02:12.216982,0 days 00:01:11.425110,0.4411312520032999,0.5081801775289584,2,0.011708849558773875,0.01116386345413186,0.08417631247181787,0.05236452284099,0.02782979817141949,0.021321535125611517,0.03356430769353961,17,27,0.007533455852496118,0.12639644336364325,False,False,False,1.820037503073174e-07,COMPLETE
1209,0.4144473969936371,2025-04-24 13:02:12.610397,2025-04-24 13:03:27.609332,0 days 00:01:14.998935,0.43594084308331793,0.5597063671398992,2,0.000704301735547812,0.0065155308499785175,0.07688382562091568,0.050197001012498486,0.0235170488586366,0.020375179851670946,0.04619090875970287,18,24,0.002673278495561729,0.1369421234439496,True,False,False,1.509140532890975e-07,COMPLETE
1210,0.4102037906646729,2025-04-24 13:03:28.002035,2025-04-24 13:04:30.890982,0 days 00:01:02.888947,0.5103102748375987,0.5330288438799963,2,0.0002625513533802415,0.014978569557985965,0.08560823184861065,0.054323262635580974,0.03454710953603825,0.018870896403681614,0.03790365894895783,17,24,0.005919906541398399,0.15287278888057515,True,True,False,9.79435628401214e-08,COMPLETE
1211,0.34862104058265686,2025-04-24 13:04:31.283966,2025-04-24 13:05:46.759692,0 days 00:01:15.475726,0.47915461972928297,0.573861839954394,2,0.010471544098872403,0.005631470732243633,0.08227754903195791,0.04563870749278449,0.03225541803863155,0.02528625015888089,0.0558043047464242,18,22,0.0011096628695163935,0.12422841769658172,True,False,False,2.1763071281307319e-07,COMPLETE
1212,0.9904494404792786,2025-04-24 13:05:47.151581,2025-04-24 13:07:02.360536,0 days 00:01:15.208955,0.45568277327750156,0.554325399706604,2,0.021131695357599782,0.015686751638432233,0.08875605210759552,0.047133405465797376,0.03078012705610383,0.025068019923446046,0.029015226420293992,18,26,0.00851815366170255,0.13138232283711798,True,False,False,1.309314522016208e-07,COMPLETE
1213,0.4160239934921265,2025-04-24 13:07:02.754778,2025-04-24 13:08:11.410134,0 days 00:01:08.655356,0.43233440929730005,0.5173352683544945,2,0.015579662564806791,0.000149898512338484,0.08624537441149678,0.051123821881392736,0.03573275170709971,0.01714356892324669,0.0003822018104403582,19,32,0.004039360224704615,0.11967248422656146,True,True,False,2.7068586572905225e-07,COMPLETE
1214,0.3857580840587616,2025-04-24 13:08:11.811286,2025-04-24 13:09:24.728092,0 days 00:01:12.916806,0.475198952391888,0.5693353878244284,2,0.006738955440117218,0.062175528073060385,0.07920035459484882,0.04903668234434818,0.03406085864328391,0.024028870636911157,0.05788643068852188,17,35,0.006309424288339768,0.13594776486852564,True,False,False,1.6374053148967457e-07,COMPLETE
1215,0.41590936183929444,2025-04-24 13:09:25.120028,2025-04-24 13:10:33.765081,0 days 00:01:08.645053,0.5011522329364572,0.5442771776234133,2,0.00011208085775274868,0.00995293784111322,0.08394460264301982,0.04404718431472466,0.02728986750638468,0.028470680281479897,0.03347035337968697,19,43,0.007712556739846735,0.15695171434244123,True,False,True,7.310195678685292e-08,COMPLETE
1216,0.41598138809204105,2025-04-24 13:10:34.160971,2025-04-24 13:11:39.591441,0 days 00:01:05.430470,0.4498384580860685,0.5376299490512679,2,0.02325625556337936,0.019235008410554515,0.08750243069842034,0.053672168353645855,0.030449829553649724,0.019231330064103914,0.02625219439104421,18,29,0.0034931953644964184,0.12815417703087373,True,True,False,3.530257709064068e-07,COMPLETE
1217,0.29052439928054813,2025-04-24 13:11:39.986137,2025-04-24 13:12:10.534435,0 days 00:00:30.548298,0.5282738660516505,0.5709170718676715,8,0.01428140119600965,0.009482419282317689,0.0816032529790491,0.046812945451833905,0.018277481608186645,0.021705016181227263,0.03963206229743727,19,69,0.01642596371549299,0.14203727176320322,True,False,False,1.3721880372053558e-06,COMPLETE
1218,0.9992334604263307,2025-04-24 13:12:10.926830,2025-04-24 13:13:25.198772,0 days 00:01:14.271942,0.48031371012372115,0.4953174857582612,2,0.007266630647909029,0.01556290843798783,0.08642044992230428,0.04234017827623873,0.025380567884445752,0.02153985350318796,0.030875703575335058,18,23,0.0010705471284824008,0.11812940161126613,True,False,False,1.8840112893896456e-07,COMPLETE
1219,0.6769335865974426,2025-04-24 13:13:25.594494,2025-04-24 13:14:27.942706,0 days 00:01:02.348212,0.49092151317169136,0.471175673767989,2,0.005849188945906505,0.022025403702071233,0.09045469315476778,0.0415337009500065,0.022603247791970472,0.021943712246889496,0.03341899050758907,17,27,0.0011781877599585126,0.11404383879725592,True,True,False,1.9952587346175196e-07,COMPLETE
1220,0.6716501235961914,2025-04-24 13:14:28.334495,2025-04-24 13:15:43.504304,0 days 00:01:15.169809,0.5240136182554707,0.5150377347849404,2,0.29240382406037346,0.02577991013730572,0.08711003639094304,0.04023746479153747,0.02584674239826964,0.020276044398265948,0.04289689917422428,18,24,0.002740623824684274,0.10955543719094635,True,False,False,2.4204751357274267e-07,COMPLETE
1221,0.29052439928054813,2025-04-24 13:15:43.897462,2025-04-24 13:16:55.414357,0 days 00:01:11.516895,0.4996944712708171,0.5135357803413145,2,0.005331429414172015,0.005334973347158423,0.08911832226239538,0.04102126955024516,0.024498713355350882,0.020581330632571823,0.030013004737127758,17,30,0.0011981134494136706,0.10653877365086789,True,False,False,1.7603690063135227e-07,COMPLETE
1222,0.5533233761787415,2025-04-24 13:16:55.810857,2025-04-24 13:18:01.737189,0 days 00:01:05.926332,0.10458714380229048,0.45090324742667065,2,0.006505667696485974,0.017332575676517588,0.09240666764964883,0.040094208483464094,0.02461869935176733,0.02374109130745084,0.035860710555301496,18,26,0.0010971054733999834,0.11714487347216151,True,True,False,3.001007414458869e-07,COMPLETE
1223,0.5530559301376343,2025-04-24 13:18:02.130940,2025-04-24 13:19:06.818744,0 days 00:01:04.687804,0.4811137776584451,0.4785377812113072,2,0.018264111797367068,0.01218839758758917,0.08718430338603898,0.043945292449971834,0.020907238273299378,0.01933903892193486,0.04203269724135998,18,23,0.0010601544803350818,0.1150530697920527,True,False,True,1.4356488621627873e-07,COMPLETE
1224,0.29052439928054813,2025-04-24 13:19:07.213091,2025-04-24 13:20:21.514734,0 days 00:01:14.301643,0.4424170660501793,0.46108874768397917,2,0.012963427115408996,0.00024857910507850023,0.08380407057727653,0.04280794301169616,0.026863495656609396,0.024933095476799602,0.03032043148893464,18,28,0.002633821239382952,0.10596082363601513,True,False,False,2.1743772796499722e-07,COMPLETE
1225,0.4159274876117707,2025-04-24 13:20:21.909871,2025-04-24 13:20:41.599655,0 days 00:00:19.689784,0.5150650763625781,0.5012825094813971,16,0.004895851799928162,0.009140028240602,0.09000998850991337,0.04336112526143292,0.022892151983660774,0.020628443379618288,0.047214574077042284,17,25,0.004528726400359145,0.12326706024313651,True,True,False,1.9669724650802773e-07,COMPLETE
1226,0.2914537012577057,2025-04-24 13:20:41.993841,2025-04-24 13:21:56.649812,0 days 00:01:14.655971,0.46245666897694554,0.4632597511861872,2,0.00039082136584695816,0.019912269589225488,0.0855259821129877,0.04095445056049059,0.02583635486174672,0.0176507592087761,0.035120870317298256,18,22,0.002775708623543506,0.1440879118231087,True,False,False,2.769159734486135e-07,COMPLETE
1227,0.41118819713592536,2025-04-24 13:21:57.043003,2025-04-24 13:23:07.011959,0 days 00:01:09.968956,0.42790356853257294,0.49600216680463793,2,0.026977856827990532,0.03192643843070252,0.011233960388883663,0.0418578537336619,0.023644501083134817,0.021182319651121734,0.029013299252406873,16,34,0.004090493124029818,0.13419216589315427,False,False,False,1.8200379986490294e-07,COMPLETE
1228,0.3958285570144654,2025-04-24 13:23:07.406888,2025-04-24 13:24:15.524393,0 days 00:01:08.117505,0.30513248451729097,0.8163320680192063,2,0.00988984548614371,0.01622342555216558,0.08272551573911953,0.04482543221459833,0.027896232993526032,0.02294571680797866,0.026039217865881956,19,31,0.0026883178476170364,0.08371297098847505,True,True,False,1.5871097625489364e-07,COMPLETE
1229,0.4012721657752991,2025-04-24 13:24:15.920428,2025-04-24 13:25:31.333489,0 days 00:01:15.413061,0.4934668097245175,0.4946862885702316,2,0.019490172949827706,0.026137681353673167,0.08818755295958744,0.04520860767903228,0.025396923214589927,0.02645478791227926,0.06169896808882042,18,22,0.004532823881700801,0.11741946126985736,True,False,False,1.264531644115729e-07,COMPLETE
1230,0.6699107885360718,2025-04-24 13:25:31.733983,2025-04-24 13:26:43.589965,0 days 00:01:11.855982,0.011181520009174495,0.5021508460924462,2,0.010017300624524272,0.04202799882861286,0.07987594635478383,0.0424962994651519,0.02034328233208409,0.015933662644877198,0.036363227429688116,17,26,0.001034376288131531,0.14805278535675476,True,False,False,2.704449668839565e-07,COMPLETE
1231,0.29052439928054813,2025-04-24 13:26:43.986560,2025-04-24 13:27:52.847217,0 days 00:01:08.860657,0.46242799852591543,0.5863373562306433,2,0.015879291712450665,0.009234625309906746,0.09274705891710107,0.04671541035257037,0.028640141171573128,0.02270376073806376,0.04623805461556684,19,22,0.004899285027561887,0.1264237447165989,True,True,True,5.035017369451964e-07,COMPLETE
1232,0.48559532165527347,2025-04-24 13:27:53.241803,2025-04-24 13:29:08.370847,0 days 00:01:15.129044,0.478595272001758,0.4821540166663939,2,0.02558239379392112,0.01412672366224241,0.0843467214849249,0.03689797021244587,0.0010426235969371936,0.015161437014452574,0.027763109237381883,18,29,0.002627887141011656,0.10086676616864619,True,False,False,2.072107575331802e-07,COMPLETE
1233,0.675605607032776,2025-04-24 13:29:08.765162,2025-04-24 13:30:26.838348,0 days 00:01:18.073186,0.142422124317476,0.43132945363409386,2,0.0063477139679231995,0.006280304669131647,0.0866436684858101,0.04464182008000723,0.02770664110498894,0.01971526844525004,0.05228668901033891,19,25,0.0059212891076224254,0.11135541305303456,True,False,False,1.38416495849009e-07,COMPLETE
1234,0.3555217504501343,2025-04-24 13:30:27.254922,2025-04-24 13:31:32.902720,0 days 00:01:05.647798,0.4429004455598554,0.8391171294990735,2,0.014210225353187186,0.02172633559943028,0.0767058377584485,0.04304300806540463,0.022580239826073236,0.022848087553786207,1.512229430614715e-05,18,20,0.002948815592532293,0.13213110558043464,True,True,False,1.1513056865153566e-07,COMPLETE
1235,0.29052439928054813,2025-04-24 13:31:33.308698,2025-04-24 13:32:51.456210,0 days 00:01:18.147512,0.27702323679145785,0.47860859355070096,2,0.0005931617275595886,0.013931628519720489,0.08124587630541555,0.03993348360909364,0.024668580296123024,0.018017660544817717,0.038524810764003936,19,27,0.004047798881034317,0.13927617374357043,True,False,False,3.803765274234415e-07,COMPLETE
1236,0.29052439928054813,2025-04-24 13:32:51.858991,2025-04-24 13:34:11.182899,0 days 00:01:19.323908,0.31515040875947986,0.5799459220830248,2,0.24150646481690913,0.00024144964470955606,0.08983405646988953,0.03547894194068338,0.02906817943375923,0.017020142747537992,0.024044729608599994,19,63,0.0010620243576249227,0.05776409751529289,True,False,False,1.5879288527007356e-07,COMPLETE
1237,0.29052439928054813,2025-04-24 13:34:11.584840,2025-04-24 13:35:16.843599,0 days 00:01:05.258759,0.2889230677902116,0.20459537786046833,2,0.010365084392358559,0.00570762712437937,0.08294072452022949,0.047408537482164705,0.03183175115818423,0.012042185234407591,0.03332349529774191,18,23,0.005642875149287385,0.12089580777212168,True,True,False,2.1859188941547998e-07,COMPLETE
1238,0.38660107851028447,2025-04-24 13:35:17.248020,2025-04-24 13:36:29.575405,0 days 00:01:12.327385,0.4279901747429641,0.527633133580955,2,0.02118172763152823,0.17954371926560161,0.08518875745246669,0.04470206700547731,0.026599422753913565,0.024892656851981415,0.06796532319755379,17,31,0.005920626625406743,0.15698377929274066,True,False,False,1.6667814317746105e-07,COMPLETE
1239,0.8384499192237855,2025-04-24 13:36:29.977715,2025-04-24 13:36:55.457440,0 days 00:00:25.479725,0.5334907069152743,0.5576828461926917,8,0.006980512230450255,0.028341006751020397,0.08815250729293046,0.04829719784717871,0.029210293809467713,0.022319126898548286,0.025375783693817017,16,53,0.0026290187723837263,0.12903829730686434,True,False,True,2.7787504974017914e-07,COMPLETE
1240,0.38422355651855467,2025-04-24 13:36:55.859098,2025-04-24 13:38:01.137604,0 days 00:01:05.278506,0.504475095719717,0.5915118613357713,2,0.01709633081128545,0.018775910134613667,0.09139914744901005,0.04599619730212119,0.030225331220342922,0.015888951136441627,0.03210072255678751,18,21,0.004157291282062377,0.26597701955661923,True,True,False,1.31462084303776e-07,COMPLETE
1241,0.3436715602874756,2025-04-24 13:38:01.538772,2025-04-24 13:39:19.931494,0 days 00:01:18.392722,0.4728605641663988,0.558302278403637,2,0.004846021219439389,0.03592150660742491,0.07868288583220605,0.039023969686892875,0.03212129915573534,0.019742506557666795,0.03867495317570189,19,45,0.006711603479431713,0.11669782964810264,True,False,False,2.3584015877045814e-07,COMPLETE
1242,0.34706506729125974,2025-04-24 13:39:20.336564,2025-04-24 13:40:38.490591,0 days 00:01:18.154027,0.45554468530451714,0.49091045467331285,2,0.026954286147580685,0.010801785417450513,0.0687557775626995,0.015616883809074989,0.03401602468697679,0.013298603771376758,0.044025265335368255,19,25,0.002759669532036862,0.10897336811952694,True,False,False,1.85260723661047e-07,COMPLETE
1243,0.4816812992095948,2025-04-24 13:40:38.895587,2025-04-24 13:41:41.412001,0 days 00:01:02.516414,0.265588427419877,0.802893658661419,2,0.00028279278291356777,0.13586014255799708,0.08672886261267203,0.02305833998039404,0.019005361803599092,0.021222383516216786,0.02983922044870036,17,20,0.005011192854201387,0.12500593649925204,True,True,False,1.1860290484645926e-07,COMPLETE
1244,0.4131322860717773,2025-04-24 13:41:41.813233,2025-04-24 13:42:57.620499,0 days 00:01:15.807266,0.19125252762373535,0.521021195819034,2,0.013686631430486469,0.023391955968873192,0.08436978645379982,0.04284233827644269,0.026849407234315156,0.05945430260690003,0.023348741633691047,18,36,0.00820668109118579,0.1372898825869046,True,False,False,2.761764874776723e-06,COMPLETE
1245,0.4007952153682709,2025-04-24 13:42:58.024373,2025-04-24 13:44:16.453943,0 days 00:01:18.429570,0.28732954976462854,0.5797811706136204,2,0.019295445164994533,0.006601520610086889,0.08229678012156146,0.048868688080292204,0.03008973681962297,0.02452840044941139,0.056573753844547894,19,28,0.004624839194993276,0.1463323547258788,False,False,False,4.1678741913896155e-07,COMPLETE
1246,0.39973778128623966,2025-04-24 13:44:16.856556,2025-04-24 13:45:25.995285,0 days 00:01:09.138729,0.44678665699027703,0.5455065443224474,2,0.011058318029723424,0.01553767718732345,0.08885373553432081,0.04728403120773957,0.03298329605716708,0.055592010343305374,0.027542615575787976,19,24,0.0025444981666709133,0.12059151833917826,True,True,False,1.6945053729946192e-07,COMPLETE
1247,0.4160239934921265,2025-04-24 13:45:26.402419,2025-04-24 13:45:46.946587,0 days 00:00:20.544168,0.4258012601044886,0.5656038725185958,16,0.004873141820109811,0.004995073094398752,0.0807107979067754,0.04588509961214395,0.02504420081607383,0.01728177073451877,0.03866305981193129,19,20,0.007348419815123493,0.13206581711535678,True,False,True,2.0678210362809735e-06,COMPLETE
1248,0.9928336977958679,2025-04-24 13:45:47.351791,2025-04-24 13:47:03.718840,0 days 00:01:16.367049,0.25031904724073706,0.5302356932660192,2,0.010152791195168823,0.01054996032458578,0.0865911859204613,0.04127015354056553,0.021424468015678037,0.011558456960419673,0.04878750925925074,18,33,0.006007069410024326,0.1516956496231978,True,False,False,1.0984281442424145e-07,COMPLETE
