number,value,datetime_start,datetime_complete,duration,params_alpha-eval,params_alpha-train,params_batch-size,params_eps-eval,params_eps-train,params_lambda-actions-eval,params_lambda-actions-train,params_lambda-frames-eval,params_lambda-frames-train,params_learning-rate,params_n-epochs,params_n-frames,params_radius-gw,params_rho,params_std-feats,params_ub-actions,params_ub-frames,params_weight-decay,state
225,0.37426033020019533,2025-04-04 04:46:30.591069,2025-04-04 04:46:58.400068,0 days 00:00:27.808999,0.2246195444217462,0.1194619464777435,16,0.07659479688467155,0.08186322685332661,0.08628675452146292,0.015913073815545624,0.04148458168583991,0.03230852769056961,4.3678852162651923e-05,27,83,0.026932928621845473,0.13540148934040833,True,False,False,8.60627930615617e-05,COMPLETE
226,0.3844780743122101,2025-04-04 04:46:58.471890,2025-04-04 04:47:24.900177,0 days 00:00:26.428287,0.1650106801131522,0.18823695296983248,16,0.06502904926826075,0.0849257031390181,0.0811319482901861,0.010968845995265479,0.03910475174569708,0.03688750954890376,3.8846936558534034e-05,25,79,0.021001926542156133,0.15045732065543146,True,False,False,4.720632059041947e-05,COMPLETE
227,0.39344570040702825,2025-04-04 04:47:24.981456,2025-04-04 04:48:02.507802,0 days 00:00:37.526346,0.18373218097349311,0.1295710537484393,8,0.07174273041575302,0.08926140110413311,0.087858590002037,0.01011618964711323,0.04065984345875144,0.033563759127164285,2.9397440714854547e-05,26,91,0.024531234232237895,0.11748872260593868,True,False,False,9.10779911097584e-05,COMPLETE
228,0.6747276544570923,2025-04-04 04:48:02.580516,2025-04-04 04:48:30.521976,0 days 00:00:27.941460,0.21919922690768878,0.1653446109270294,16,0.057606173211624576,0.09487181460445834,0.08545376828283895,0.01382886857299213,0.04196507823001804,0.03702951322672623,4.545464844214233e-05,27,85,0.02060801115276224,0.13306662957087445,True,False,False,0.00010213983306804974,COMPLETE
229,0.40455886721611023,2025-04-04 04:48:30.595598,2025-04-04 04:48:58.262758,0 days 00:00:27.667160,0.16202170580627662,0.12748400397393356,16,0.06305450281505005,0.08221452579929162,0.08159082570748018,0.01129217844775222,0.038680744779940573,0.034100324158426364,2.736582169135921e-05,26,92,0.028841048315521207,0.14307036160779424,True,False,False,5.216195682577863e-05,COMPLETE
230,0.40698205232620244,2025-04-04 04:48:58.335477,2025-04-04 04:49:25.166805,0 days 00:00:26.831328,0.19690112429277956,0.10163724844568173,16,0.04279534204286875,0.08949934349590485,0.08309045768570086,0.01637519768794162,0.04251512615646831,0.02985542240358476,3.572229849861553e-05,25,92,0.023449588014958795,0.12505690684755355,True,False,False,8.061449130800831e-05,COMPLETE
231,0.6752062320709229,2025-04-04 04:49:25.240948,2025-04-04 04:49:52.978670,0 days 00:00:27.737722,0.20460280826413807,0.15570708688706075,16,0.058147969984959,0.10514455743777698,0.084563723850896,0.013435849703140044,0.04473153754696443,0.027227623092056775,3.406456392651646e-05,26,87,0.02115319907186899,0.12005304732184832,True,False,False,6.569675177061688e-05,COMPLETE
232,0.6753607869148255,2025-04-04 04:49:53.052651,2025-04-04 04:50:20.815454,0 days 00:00:27.762803,0.1777162486788625,0.15074512993739914,16,0.05674185182279709,0.09969476430850749,0.08046802529570579,0.012285225358321062,0.03907694245929219,0.0353808829702723,2.4412103797371746e-05,26,87,0.0206758552156324,0.11514977703040222,True,False,False,0.00011128678152100846,COMPLETE
233,0.3894921720027924,2025-04-04 04:50:20.900695,2025-04-04 04:50:48.101803,0 days 00:00:27.201108,0.17743277690435602,0.18086266050955405,16,0.0665628232432658,0.09819813909527463,0.08056029577024257,0.010237832270108277,0.03956598616456361,0.037639104194843294,2.247270903899723e-05,26,83,0.017376346371426026,0.11351487939161045,True,False,False,0.0001111683893058506,COMPLETE
234,0.6759357929229737,2025-04-04 04:50:48.176517,2025-04-04 04:51:16.388108,0 days 00:00:28.211591,0.2559377367821447,0.13121215196863598,16,0.0559608007639376,0.08326687445438676,0.08234869623682294,0.011859657899101114,0.0382072759486153,0.035605699730059184,2.5164617641407764e-05,27,89,0.020226771501154418,0.12765088454142487,True,False,False,0.00010121446846418122,COMPLETE
235,0.39986767768859866,2025-04-04 04:51:16.463264,2025-04-04 04:51:44.513139,0 days 00:00:28.049875,0.2495779708534251,0.12972253268132636,16,0.04376861549298975,0.08177761038881984,0.08276651055693712,0.009206197737354989,0.041240463677822047,0.03205906440573649,5.9051138328426344e-05,27,92,0.023349610235102285,0.13912511475986875,True,False,False,8.542889606598386e-05,COMPLETE
236,0.6770823240280153,2025-04-04 04:51:44.588762,2025-04-04 04:52:12.614233,0 days 00:00:28.025471,0.15455018798130424,0.10581328398275025,16,0.05495992228783965,0.08614684072533377,0.08631380660275086,0.01713664352556587,0.03804814751779166,0.038783420277163055,4.333938580223317e-05,27,90,0.01749064188016572,0.12926607509568022,True,False,False,0.00010563370952212563,COMPLETE
237,0.6769316792488098,2025-04-04 04:52:12.691173,2025-04-04 04:52:41.594566,0 days 00:00:28.903393,0.15460966932898632,0.10671086544630749,16,0.06405597625397344,0.08639996006992505,0.08720955662730388,0.017173143931465254,0.03769245433309643,0.03849663688300501,4.4768986543724624e-05,28,90,0.01708493334376307,0.12993225011806492,True,False,False,3.756145617538776e-05,COMPLETE
238,0.4057304084300995,2025-04-04 04:52:41.669917,2025-04-04 04:53:10.848282,0 days 00:00:29.178365,0.159182823747309,0.10067724452625207,16,0.06470331651623829,0.0924743869802879,0.08680560196188693,0.016798358068961124,0.037925880045843643,0.03804586818074296,4.540813719025959e-05,29,90,0.09652501655435602,0.12702818904220958,True,False,False,3.9845225445765066e-05,COMPLETE
239,0.6773168325424195,2025-04-04 04:53:10.934351,2025-04-04 04:53:39.629724,0 days 00:00:28.695373,0.21849371357405972,0.11365245165458684,16,0.07571427920264037,0.08300105583482771,0.09018303991162867,0.014912688381628516,0.04314776726958086,0.02491809505827696,4.0070881079376587e-05,28,89,0.01715262789405886,0.15647075880670358,True,False,False,5.304457315312277e-05,COMPLETE
240,0.6781119942665101,2025-04-04 04:53:39.705690,2025-04-04 04:54:08.868882,0 days 00:00:29.163192,0.26986498428469957,0.10961769282012998,16,0.07389400419152445,0.081054558062235,0.08948828802427704,0.017246478101418394,0.0419444163920951,0.038886414282468876,5.3748427644039e-05,28,93,0.01682338154166195,0.15668155664792174,True,False,False,7.42637377742716e-05,COMPLETE
241,0.6771660923957825,2025-04-04 04:54:08.945610,2025-04-04 04:54:38.649449,0 days 00:00:29.703839,0.2694382819849599,0.11709614710617439,16,0.07370121691950934,0.0828128416890707,0.08858931026997735,0.017799507000983872,0.04233449639127325,0.028856159702952654,4.061600831779051e-05,29,93,0.01695262782505565,0.15351405750530747,True,False,False,7.728619427410888e-05,COMPLETE
242,0.6776406884193421,2025-04-04 04:54:38.726561,2025-04-04 04:55:08.768902,0 days 00:00:30.042341,0.25690908332658635,0.11288883879912144,16,0.07958508542376272,0.08206632255496644,0.08983865427846129,0.016497462678125026,0.04366650676930645,0.021835024013866874,5.3897249028332544e-05,30,92,0.016820504517682244,0.1489196201039205,True,False,False,7.299273769495896e-05,COMPLETE
243,0.6781119942665101,2025-04-04 04:55:08.846087,2025-04-04 04:55:38.663766,0 days 00:00:29.817679,0.2672188133742333,0.11092055774111326,16,0.07363812649836193,0.0820085077559699,0.08972570701845461,0.01757073126359815,0.04304512399117898,0.025630373397229123,4.665985550971668e-05,30,89,0.016409413664974636,0.16269952422354764,True,False,False,4.908353047545108e-05,COMPLETE
244,0.6781119942665101,2025-04-04 04:55:38.742829,2025-04-04 04:56:07.736116,0 days 00:00:28.993287,0.26713701435047205,0.10763999047311819,16,0.07713635815657678,0.0821230745174541,0.08886039059937756,0.01688476012811476,0.04361796818362023,0.02447440062233144,6.508638482745387e-05,29,89,0.016721065318394967,0.1649887914562579,True,False,False,4.45665922009314e-05,COMPLETE
245,0.6781119942665101,2025-04-04 04:56:07.823599,2025-04-04 04:56:37.717252,0 days 00:00:29.893653,0.2741858242429063,0.10968635483074492,16,0.08171658463805898,0.08188251082957777,0.08910965823164839,0.018210423782599988,0.04298366617980247,0.02010226842665648,6.346202872910554e-05,30,89,0.01686083433036726,0.1588861351207943,True,False,False,4.0940673876121514e-05,COMPLETE
246,0.6781119942665101,2025-04-04 04:56:37.795232,2025-04-04 04:57:08.044503,0 days 00:00:30.249271,0.28244622953784015,0.09804703607104027,16,0.08522276151694771,0.0806864124367245,0.09021690416443703,0.017865142806205787,0.04219116956109036,0.022154142566749666,6.128684870306148e-05,30,93,0.01664619925091144,0.15885488958380906,True,False,False,4.016431355919539e-05,COMPLETE
247,0.37668159008026125,2025-04-04 04:57:08.123665,2025-04-04 04:57:35.560473,0 days 00:00:27.436808,0.27845826349438985,0.1042172912329267,16,0.08170765387838011,0.09451336494480952,0.09027120804308797,0.01821064031249672,0.04273166725685879,0.021487703755116685,7.315735792335367e-05,30,94,0.014471583081282286,0.16296361887553532,False,False,False,2.9421631371597722e-05,COMPLETE
248,0.6781119942665101,2025-04-04 04:57:35.638416,2025-04-04 04:58:05.642174,0 days 00:00:30.003758,0.30399929969853273,0.10602744956701328,16,0.07777742001870544,0.08099622155242132,0.08863842595139794,0.01871028891180711,0.04710686176403495,0.02500752819771146,5.496445355872604e-05,30,89,0.016642406716197104,0.17039150959626714,True,False,False,3.600793030978385e-05,COMPLETE
249,0.6781119942665101,2025-04-04 04:58:05.721490,2025-04-04 04:58:35.598666,0 days 00:00:29.877176,0.30060508856682183,0.10597842908112422,16,0.07790981160770669,0.08066562551710231,0.08898477983912237,0.018412234275760105,0.049986863785643966,0.022801488804056823,6.349900454151027e-05,30,89,0.016376098393982446,0.15732133579321234,True,False,False,3.394684855124559e-05,COMPLETE
250,0.6779581665992738,2025-04-04 04:58:35.677733,2025-04-04 04:59:05.372252,0 days 00:00:29.694519,0.3041089693302116,0.10203277631399449,16,0.08722249862956451,0.08131191692987366,0.08976293346942739,0.017902311096409024,0.049190636787169076,0.02479682382100082,5.797167855843176e-05,30,89,0.01606356384905159,0.17192065893114908,True,False,False,3.3355357949126274e-05,COMPLETE
251,0.6776384592056275,2025-04-04 04:59:05.461951,2025-04-04 04:59:35.466007,0 days 00:00:30.004056,0.29357109468772913,0.1005033701978298,16,0.08767479867879462,0.0789752377891406,0.08928418700126223,0.0185812848108486,0.049136892048282935,0.025676413237908154,6.476562269078314e-05,30,89,0.01655257290317682,0.15522463350120996,True,False,False,2.2987679146415462e-05,COMPLETE
252,0.4143190264701843,2025-04-04 04:59:35.547552,2025-04-04 05:01:31.505292,0 days 00:01:55.957740,0.3167674160262211,0.09194904624800526,2,0.08937746164785561,0.07840908759245994,0.08923071412827376,0.019101384234694988,0.04835715196991408,0.02461712534127154,6.715960312168669e-05,30,89,0.01618174239731297,0.15760320770756694,True,False,False,2.0681879688474368e-05,COMPLETE
253,0.39138150215148926,2025-04-04 05:01:31.585413,2025-04-04 05:02:00.732518,0 days 00:00:29.147105,0.29591961392057986,0.10929067576249417,16,0.08468785834672893,0.07769218735257838,0.08874707193088077,0.01812231406647327,0.04609707185045281,0.023292897594254278,5.815172842276603e-05,29,87,0.014673339727180323,0.16845556798186967,True,False,False,3.683326970541513e-05,COMPLETE
254,0.6781119942665101,2025-04-04 05:02:00.813115,2025-04-04 05:02:30.928195,0 days 00:00:30.115080,0.26593810353748515,0.09043994535309066,16,0.07773063648468874,0.07677874464150926,0.09015370893419332,0.022128001107395427,0.048843598443505484,0.02005562776813008,0.00010485262035501964,30,90,0.016303211084358536,0.15551689445251063,True,False,False,2.820132197137615e-05,COMPLETE
255,0.6781119942665101,2025-04-04 05:02:31.009493,2025-04-04 05:03:00.965462,0 days 00:00:29.955969,0.2753693749617979,0.09387187509602633,16,0.08003999867548607,0.0802132806748545,0.09106219832571964,0.021318568054244903,0.05036186506759602,0.019368538870204427,9.22673652418212e-05,30,90,0.01637263218879911,0.1574833188021069,True,False,False,2.5397011871827575e-05,COMPLETE
256,0.6777927994728088,2025-04-04 05:03:01.047745,2025-04-04 05:03:31.054139,0 days 00:00:30.006394,0.27017099863905725,0.09543369922339434,16,0.07804055459991707,0.08061068994351916,0.09129347237161584,0.02200369895829529,0.050628725611662775,0.01920410274573792,5.772242431550339e-05,30,90,0.016554482247843352,0.15572136550452914,True,False,False,2.5705075568125195e-05,COMPLETE
257,0.6781119942665101,2025-04-04 05:03:31.145100,2025-04-04 05:04:01.017394,0 days 00:00:29.872294,0.2760497710860282,0.09788242020518646,16,0.07888190412758331,0.07973779419891178,0.09076631144758607,0.022319084294579048,0.05014047673851624,0.01948330521812973,8.332539890207857e-05,30,90,0.016424577663266236,0.15587599646531336,True,False,False,2.5654665172532894e-05,COMPLETE
258,0.6777888894081116,2025-04-04 05:04:01.100616,2025-04-04 05:04:41.734691,0 days 00:00:40.634075,0.2681314976522814,0.09033368168599465,8,0.07854241417203708,0.07877101656144382,0.09092076287807516,0.023538876447227932,0.05026674070585475,0.019453839368573898,9.740334707290196e-05,30,90,0.014294718618490201,0.17165947078374233,True,False,False,1.5760027271018056e-05,COMPLETE
259,0.3947364687919617,2025-04-04 05:04:41.816972,2025-04-04 05:05:22.305458,0 days 00:00:40.488486,0.2707295546080115,0.09280029966357442,8,0.07867937203057745,0.07933445182564801,0.09038206978980252,0.023003329463298517,0.04897875352757204,0.020304883906184353,9.677408026681338e-05,30,88,0.014789315242807192,0.17602100946837493,True,False,False,1.7147431113919073e-05,COMPLETE
260,0.6767705082893372,2025-04-04 05:05:22.386986,2025-04-04 05:06:03.286421,0 days 00:00:40.899435,0.2920920053780397,0.09041538615290944,8,0.08600576287649145,0.07684182369535941,0.09157466252710149,0.022392907472413907,0.052477911319491026,0.015878595126605367,0.00012989703763139653,30,90,0.016387507051910555,0.15600202016902961,True,False,False,2.5292857052142497e-05,COMPLETE
261,0.6779534220695497,2025-04-04 05:06:03.368808,2025-04-04 05:06:44.557899,0 days 00:00:41.189091,0.2969930804422301,0.08979915742742389,8,0.08697498292011256,0.07742590979019912,0.09123544476748521,0.02154500667334649,0.05102521671017449,0.016524049589817288,0.00012723385986457712,30,90,0.014374445398481149,0.15586567887799715,True,False,False,2.7636605883106064e-05,COMPLETE
262,0.6774203896522523,2025-04-04 05:06:44.642896,2025-04-04 05:07:25.542411,0 days 00:00:40.899515,0.2960488329738201,0.08718842473800731,8,0.09460884369723754,0.07781281936867114,0.09139842359805377,0.022297962697274718,0.0509819010801191,0.01610411168396033,0.0001291950797699327,30,90,0.01414913880302807,0.15570679406604646,True,False,False,2.303238468939942e-05,COMPLETE
263,0.6768029689788818,2025-04-04 05:07:25.635061,2025-04-04 05:08:06.861886,0 days 00:00:41.226825,0.2938615392426539,0.09754165166325177,8,0.09116855554244789,0.07690226970970414,0.09258193181412859,0.021865458837804826,0.05062211573148776,0.016489471573728178,0.00016507476316055602,30,90,0.014366070203107609,0.15524628226857495,True,False,False,2.459702053378294e-05,COMPLETE
264,0.36052936911582945,2025-04-04 05:08:06.946573,2025-04-04 05:08:46.484707,0 days 00:00:39.538134,0.319309517254952,0.09158461783351995,8,0.09614059988761003,0.07633488392370849,0.09295687537726835,0.020714063421209586,0.05062910155353781,0.018258387626591318,0.00013858429685132466,29,81,0.014102372732254535,0.16929054866023252,True,False,False,2.31540239705721e-05,COMPLETE
265,0.6776988625526428,2025-04-04 05:08:46.568882,2025-04-04 05:09:27.161259,0 days 00:00:40.592377,0.26892316671561045,0.08546265803221667,8,0.07932838788537941,0.07602197689263646,0.09065476472819667,0.022202234675961694,0.050185237063855366,0.01286341790917726,8.924717837932208e-05,30,90,0.014254698433690764,0.16029130757734933,True,False,False,3.300680570252269e-05,COMPLETE
266,0.36544101238250737,2025-04-04 05:09:27.245933,2025-04-04 05:10:07.295646,0 days 00:00:40.049713,0.2628309044162465,0.08654066746065096,8,0.08019522492208425,0.2902208639813626,0.09004330555569184,0.02001756229109734,0.054555236273818225,0.012457216467474882,8.567233655934599e-05,29,88,0.010719204634286997,0.16313079585921322,True,False,False,3.288969746434808e-05,COMPLETE
267,0.37381016016006474,2025-04-04 05:10:07.379921,2025-04-04 05:10:46.304498,0 days 00:00:38.924577,0.273397681947785,0.1139347595970005,8,0.07658736359966781,0.08039398885911761,0.08926304580103869,0.024675971772671126,0.04964922011297921,0.022524257687222868,0.00010029587476249096,30,90,0.01601466322386325,0.15060801708880117,False,False,False,1.391468025757409e-05,COMPLETE
268,0.6762975335121155,2025-04-04 05:10:46.400083,2025-04-04 05:11:26.966590,0 days 00:00:40.566507,0.3316877777311361,0.08569415178639958,8,0.08259931391903186,0.07359601693378874,0.09138389831244514,0.01794866627136759,0.0472497565610366,0.025601800762137947,0.00012330530602064802,30,88,0.014286346493577788,0.16059102691179508,True,False,False,3.395299154785721e-05,COMPLETE
269,0.4099981188774109,2025-04-04 05:11:27.052128,2025-04-04 05:12:07.922428,0 days 00:00:40.870300,0.2985494239625318,0.11417062999450514,8,0.07611707167210137,0.07918414558251259,0.08825109069178806,0.0219063086539554,0.05175443535415127,0.019471397201507906,6.71848955020536e-05,30,86,0.016297148295708896,0.17324091133051345,True,False,False,1.878716347567419e-05,COMPLETE
270,0.6785889744758606,2025-04-04 05:12:08.007466,2025-04-04 05:12:47.850451,0 days 00:00:39.842985,0.25856281062465447,0.08632140101037282,8,0.08681635778192433,0.073956001780123,0.09371370653362308,0.01870245110508607,0.048243757383660164,0.02107936059596851,8.867553952779673e-05,29,91,0.014129409645977342,0.16532881766800225,True,False,False,2.7725814258518e-05,COMPLETE
271,0.6782688021659851,2025-04-04 05:12:47.935828,2025-04-04 05:13:28.064793,0 days 00:00:40.128965,0.24863562216536067,0.08998373467695678,8,0.08882388346392629,0.07133088711770956,0.09385407234473962,0.019189310218560445,0.048281835358233216,0.02115718012505137,8.737909372616958e-05,29,90,0.013902751447298642,0.1664266547944515,True,False,False,3.1077231642397525e-05,COMPLETE
272,0.4094028472900391,2025-04-04 05:13:28.152411,2025-04-04 05:14:08.561331,0 days 00:00:40.408920,0.2506224480746201,0.08580414975679128,8,0.09039851714896689,0.0723346058700949,0.09377003933568041,0.019123248439144508,0.04873042493077524,0.02137020497851535,9.37028579936366e-05,29,90,0.01055853335147711,0.18462978268739313,True,False,False,2.789380277192092e-05,COMPLETE
273,0.6781119942665101,2025-04-04 05:14:08.657418,2025-04-04 05:14:48.215330,0 days 00:00:39.557912,0.26611747818559517,0.08682329348735071,8,0.09853003856430517,0.07270136941642992,0.09086995877233538,0.017413593226007905,0.04701775768016004,0.019567664344767994,7.993700121527917e-05,29,86,0.013656216384589394,0.16501602703883014,True,False,False,4.0405037352994894e-05,COMPLETE
274,0.6769975304603577,2025-04-04 05:14:48.302934,2025-04-04 05:15:28.192497,0 days 00:00:39.889563,0.28186937116587374,0.0782690115312982,8,0.09859841199279516,0.07206059105317615,0.09106189781642539,0.02127307571777111,0.053529007419598304,0.01858330476127275,7.987639046508213e-05,29,82,0.013388329241916163,0.16622570645254506,True,False,False,1.5394589999536787e-05,COMPLETE
275,0.4571242332458496,2025-04-04 05:15:28.279339,2025-04-04 05:16:09.321508,0 days 00:00:41.042169,0.2648492406574251,0.0847326044591899,8,0.0855584439074368,0.06834030806550156,0.09038989589199879,0.01955432035618982,0.04700443606414075,0.014359533375238476,0.00011258934401242405,30,86,0.010996218758491117,0.1512329005100952,True,False,False,2.7822022372552625e-05,COMPLETE
276,0.3850719332695008,2025-04-04 05:16:09.408813,2025-04-04 05:16:49.674225,0 days 00:00:40.265412,0.31254268024847137,0.11831680912850714,8,0.0933987048567979,0.07843406585855975,0.09377996699710234,0.024250149555654507,0.0505419307860605,0.025258936658147463,5.849180692861258e-05,30,80,0.013576745628608344,0.15879374797592222,True,False,False,4.129558073164733e-05,COMPLETE
277,0.3898958265781403,2025-04-04 05:16:49.761884,2025-04-04 05:17:29.849442,0 days 00:00:40.087558,0.2733097633051791,0.09299700641803964,8,0.08167900642549286,0.07249746693594251,0.09195263369309936,0.017903605337028984,0.04855832032281595,0.022552424139627388,7.081122190967626e-05,29,88,0.014940059725061603,0.17999577919680718,True,False,False,2.011437949091353e-05,COMPLETE
278,0.6774689793586731,2025-04-04 05:17:29.947259,2025-04-04 05:18:10.768112,0 days 00:00:40.820853,0.24475022651789285,0.10046357395122466,8,0.08766795328938948,0.07647825860869266,0.08852341986489155,0.021556728884162216,0.04611388604886399,0.01973632615759696,8.207768446848275e-05,30,86,0.014027768064158848,0.14714061705948672,True,False,False,2.8972971170599103e-05,COMPLETE
279,0.4122599065303803,2025-04-04 05:18:10.856841,2025-04-04 05:18:51.375776,0 days 00:00:40.518935,0.25405508829559914,0.07680205300371525,8,0.10083114729926321,0.07831580405437734,0.08935527341019098,0.021209151562490737,0.04641702517616326,0.02018376206271857,9.01543599430819e-05,30,77,0.011186726257464176,0.1486430380692226,True,False,False,3.0432816728483434e-05,COMPLETE
280,0.3850919663906098,2025-04-04 05:18:51.463892,2025-04-04 05:19:31.312179,0 days 00:00:39.848287,0.2427190222166061,0.12523014886896056,8,0.08788478123678566,0.06998569080935126,0.08880406631339059,0.025178807980745475,0.056035690195457,0.024056730720316274,0.00015210229903037236,29,85,0.013979768137589917,0.16589938710634555,True,False,False,2.323712886983631e-05,COMPLETE
