number,value,datetime_start,datetime_complete,duration,params_alpha-eval,params_alpha-train,params_batch-size,params_eps-eval,params_eps-train,params_lambda-actions-eval,params_lambda-actions-train,params_lambda-frames-eval,params_lambda-frames-train,params_learning-rate,params_n-epochs,params_n-frames,params_radius-gw,params_rho,params_std-feats,params_ub-actions,params_ub-frames,params_weight-decay,state
393,0.6792354822158814,2025-04-04 06:37:20.802568,2025-04-04 06:37:59.969354,0 days 00:00:39.166786,0.3955894113153347,0.01404740750411082,8,0.0611755481719021,0.041720822917755196,0.09833388983770887,0.011995903137568317,0.04492864271506877,0.0014587228081865506,0.00020018541926311494,27,108,0.009027135381035133,0.21006984232353526,True,False,False,6.466544898600349e-06,COMPLETE
394,0.6792354822158814,2025-04-04 06:38:00.092996,2025-04-04 06:38:39.023770,0 days 00:00:38.930774,0.39964738221388896,0.013398198854212617,8,0.060744825668951216,0.03259916621226715,0.09784157128335665,0.011502343909814314,0.04509536230652801,0.0032427262273725223,0.00016389183299049588,27,106,0.006026084097837021,0.22969035429657267,True,False,False,6.006271252364333e-06,COMPLETE
395,0.6792354822158814,2025-04-04 06:38:39.147708,2025-04-04 06:39:18.717831,0 days 00:00:39.570123,0.40351092897909724,0.013009282552308397,8,0.06157088357694095,0.03315734145762553,0.09968168286336232,0.011736815951165103,0.04595866796693598,0.0018501277129305618,0.00018206139086867466,27,108,0.004979378729204157,0.22767258897821044,True,False,False,5.923365633160785e-06,COMPLETE
396,0.6792354822158814,2025-04-04 06:39:18.851283,2025-04-04 06:39:57.856502,0 days 00:00:39.005219,0.4110889928802766,0.012580558070523589,8,0.06081446614155235,0.035099963899168966,0.09768179295192501,0.011371137860087782,0.04612846233742303,0.001564198715407007,0.0003185324957124761,27,105,0.005711248820733503,0.24131316459813434,True,False,False,5.544218284230495e-06,COMPLETE
397,0.6792354822158814,2025-04-04 06:39:57.980883,2025-04-04 06:40:37.547000,0 days 00:00:39.566117,0.41424818200886143,0.011644882308297987,8,0.0593116634500484,0.035992603239641784,0.09994717926936314,0.011284037258399547,0.045314960393145295,0.0015115648162531414,0.0003155243045983508,27,110,0.006258802151732979,0.23828275969296747,True,False,False,6.284840150287251e-06,COMPLETE
398,0.6792354822158814,2025-04-04 06:40:37.675530,2025-04-04 06:41:17.309173,0 days 00:00:39.633643,0.4070557776306232,0.010861989159796928,8,0.05808379977265901,0.03550605001587406,0.09860001301893924,0.01113692525417448,0.045789573064340054,0.0023304194131783798,0.0002491216299733225,27,109,0.005347325836779932,0.24035605480020186,True,False,False,5.344631159177392e-06,COMPLETE
399,0.6792354822158814,2025-04-04 06:41:17.445262,2025-04-04 06:41:56.529135,0 days 00:00:39.083873,0.40528549671009223,0.013312620515372043,8,0.058716330695514615,0.03652044521177887,0.09865048459148888,0.010997051759731927,0.0452980097108909,0.0016773392997281086,0.000313754516306643,27,110,0.005996184269719986,0.23620391778190578,True,False,False,5.698349435783178e-06,COMPLETE
400,0.6792354822158814,2025-04-04 06:41:56.655997,2025-04-04 06:42:35.929100,0 days 00:00:39.273103,0.4061524732571772,0.01130440176111685,8,0.05918671562832502,0.03999698940317888,0.09974383404570072,0.011612530041514543,0.04594130816958148,0.0012944723218635268,0.00031293343589860144,27,110,0.005644830384742156,0.22841533043940268,True,False,False,5.981000619738735e-06,COMPLETE
401,0.6792354822158814,2025-04-04 06:42:36.055807,2025-04-04 06:43:15.395451,0 days 00:00:39.339644,0.4087961254857143,0.010270964385650554,8,0.05828884828710387,0.031200623943080576,0.09943725361211464,0.010656170721060652,0.04601088120138616,0.0010293965070887951,0.00037446407755225127,27,110,0.005905907499143376,0.23955973085745302,True,False,False,5.628790041520502e-06,COMPLETE
402,0.6792354822158814,2025-04-04 06:43:15.532628,2025-04-04 06:43:54.676315,0 days 00:00:39.143687,0.398442640838711,0.010368085503138998,8,0.05969881572172261,0.03254657051184294,0.09923364803273392,0.011844279769271432,0.04595958729783973,0.0011633494904793268,0.00039477340553504875,27,107,0.0048144462206848124,0.24120051799765702,True,False,False,6.061123885411048e-06,COMPLETE
403,0.6792354822158814,2025-04-04 06:43:54.804051,2025-04-04 06:44:34.760855,0 days 00:00:39.956804,0.41148496797478595,0.01370146725296989,8,0.057913659669506484,0.03482424146985771,0.09775463756263673,0.011787439676505841,0.045961820891500964,0.0012104990472647727,0.00037082946354014896,27,110,0.004220486529921033,0.24995533129828765,True,False,False,5.568463821448087e-06,COMPLETE
404,0.6792354822158814,2025-04-04 06:44:34.887304,2025-04-04 06:45:14.241248,0 days 00:00:39.353944,0.4093660055693309,0.03043721227244843,8,0.057777755980222556,0.035593469121773066,0.09984531245878518,0.011273498341636998,0.04584214132300033,0.0013332185606389658,0.0003651945672540277,27,108,0.004166062471530054,0.2405201273420081,True,False,False,6.012126995836904e-06,COMPLETE
405,0.6792354822158814,2025-04-04 06:45:14.369207,2025-04-04 06:45:53.703782,0 days 00:00:39.334575,0.4078321473256968,0.010030627872756322,8,0.058506636842175566,0.035004620018535465,0.09993058019083353,0.011278603262084396,0.046507428485788156,0.001452230809552081,0.0003886681505201995,27,109,0.005072276350462138,0.2409974785561327,True,False,False,2.465669034778956e-06,COMPLETE
406,0.6792354822158814,2025-04-04 06:45:53.842662,2025-04-04 06:46:33.606396,0 days 00:00:39.763734,0.4065484617724007,0.013454016325341812,8,0.056734009451078427,0.035144269801924206,0.09990300898104251,0.010887487113564812,0.04636623235373236,0.0011371160989600262,0.00031976305094435966,27,110,0.004810742336695442,0.24405513478677476,True,False,False,2.5500109825974263e-06,COMPLETE
407,0.6792354822158814,2025-04-04 06:46:33.734119,2025-04-04 06:47:13.222481,0 days 00:00:39.488362,0.4054001239911568,0.010161958138323511,8,0.05785901125117419,0.03397228887873255,0.0999616098855224,0.011572462192001996,0.04634799195428255,0.0011154840169979553,0.0003719947795350564,27,110,0.0048040164404613206,0.24450497516556852,True,False,False,2.5030266403166405e-06,COMPLETE
408,0.6792354822158814,2025-04-04 06:47:13.352164,2025-04-04 06:47:52.965327,0 days 00:00:39.613163,0.4157036080057187,0.011556263285439891,8,0.05900861541215367,0.033452903096844275,0.09981280455513489,0.010667298297793032,0.045795193870486,0.00111213328315724,0.00037840675072656015,27,110,0.004425362430335093,0.24297885541754913,True,False,False,3.4630460826205103e-06,COMPLETE
409,0.6792354822158814,2025-04-04 06:47:53.103116,2025-04-04 06:48:32.444772,0 days 00:00:39.341656,0.4077633591924366,0.010263623728319696,8,0.057374655686772344,0.0359569352604915,0.09986181368874592,0.010569016949569687,0.046361004571989585,0.001337289692179903,0.0003825287932341291,27,110,0.004910230319163378,0.24230407049616165,True,False,False,2.275456252082572e-06,COMPLETE
410,0.6792354822158814,2025-04-04 06:48:32.575031,2025-04-04 06:49:11.831247,0 days 00:00:39.256216,0.415409281632319,0.012804576632489302,8,0.057833194404901866,0.0346782393570264,0.09984927908886254,0.01101272342365457,0.04654939446213576,0.0011936384293446975,0.0003761804868869652,27,110,0.004647235305803264,0.242419071633348,True,False,False,2.348076027570059e-06,COMPLETE
411,0.4806592404842377,2025-04-04 06:49:11.960598,2025-04-04 06:49:48.867296,0 days 00:00:36.906698,0.40825890934640424,0.011431339956343656,8,0.05816947542872412,0.0346448428965641,0.0997440357176765,0.010752341018596248,0.0460455467770176,0.0012251446271694302,0.00037621305395150496,27,109,0.004503848454020595,0.24487856362336696,False,False,False,2.2392603940572374e-06,COMPLETE
412,0.29052439928054813,2025-04-04 06:49:49.007688,2025-04-04 06:50:24.278075,0 days 00:00:35.270387,0.4098875189030634,0.012132651944301302,8,0.05692190659680349,0.03557156353131397,0.09999356968306378,0.011083036107969678,0.04684503095345883,0.0023538085624069316,0.0003142732693505252,27,111,0.005454983487988014,0.2282072732960985,True,True,True,2.6688442528290227e-06,COMPLETE
413,0.6792354822158814,2025-04-04 06:50:24.408954,2025-04-04 06:51:03.851116,0 days 00:00:39.442162,0.4409484452810776,0.010312814151801098,8,0.05812443814175706,0.031037898862966165,0.0983028821819161,0.010443901526291195,0.04643767270464142,0.00100407125702722,0.0004089012024783037,27,109,0.0039978417130945324,0.2396129344528681,True,False,False,3.943705258436817e-06,COMPLETE
414,0.6792354822158814,2025-04-04 06:51:03.984115,2025-04-04 06:51:43.232427,0 days 00:00:39.248312,0.4455782251485708,0.012487394114667366,8,0.05593887035629942,0.030220866280064047,0.0982394292111783,0.010782145850706085,0.046985321411912626,0.0012949490888666904,0.0004194740010061044,27,110,0.0034981575365572973,0.2422367419156607,True,False,False,3.1899296145519608e-06,COMPLETE
415,0.6792354822158814,2025-04-04 06:51:43.373851,2025-04-04 06:52:22.696639,0 days 00:00:39.322788,0.4426583255138969,0.013277372529557518,8,0.05784591528446318,0.030530775396245297,0.09786267133547503,0.011024178196305053,0.04677590510892134,0.0010387725112688039,0.00038507819457982845,27,109,0.003932167177220261,0.24509120133192405,True,False,False,4.038645928012686e-06,COMPLETE
416,0.6792354822158814,2025-04-04 06:52:22.827067,2025-04-04 06:53:01.909053,0 days 00:00:39.081986,0.44346023518015104,0.011270683515791503,8,0.05643462613855471,0.02995905115788703,0.09800271621280654,0.010600133489138821,0.04682543317408378,0.001169109272243994,0.0004195891156033813,27,109,0.0032138574803747886,0.2427668605908772,True,False,False,3.383582724352713e-06,COMPLETE
417,0.6792354822158814,2025-04-04 06:53:02.039694,2025-04-04 06:53:40.996018,0 days 00:00:38.956324,0.4375896685866862,0.01298760497006912,8,0.05729891063851329,0.031968155784952976,0.09878757135067309,0.0099888613829776,0.04727179787866002,0.001166411044914093,0.00041084556257612773,27,110,0.0030600722193089526,0.24199062098154586,True,False,False,3.2755435389714134e-06,COMPLETE
418,0.6792354822158814,2025-04-04 06:53:41.143318,2025-04-04 06:54:20.866048,0 days 00:00:39.722730,0.44158490454832,0.010098114815295444,8,0.05609717076726257,0.03067859748003128,0.09829869878390185,0.010214741646965224,0.04804740409823216,0.002595965743731052,0.0004039484029398169,27,110,0.003294736016297313,0.24272177532449082,True,False,False,3.1483677916816836e-06,COMPLETE
419,0.6792354822158814,2025-04-04 06:54:20.998125,2025-04-04 06:55:00.755171,0 days 00:00:39.757046,0.4716043108918952,0.010866145926514418,8,0.055558282237591725,0.022481278892566577,0.09829548115050887,0.011043605593452858,0.047253757232354955,0.001463520419249679,0.0005305695731754953,27,109,0.0035329807974741408,0.2570477654860009,True,False,False,3.7227687166457463e-06,COMPLETE
420,0.6792354822158814,2025-04-04 06:55:00.888161,2025-04-04 06:55:40.121428,0 days 00:00:39.233267,0.421581887011134,0.010624224742511804,8,0.05717565404525926,0.03842275641052492,0.09998965057757431,0.009935886870554616,0.047576762401914385,0.00354172340603254,0.0002792819327417583,27,111,0.005758217006165049,0.2373748316267838,True,False,False,2.542239658775996e-06,COMPLETE
421,0.6792354822158814,2025-04-04 06:55:40.267404,2025-04-04 06:56:19.857272,0 days 00:00:39.589868,0.4479114960217773,0.01084434649934165,8,0.05366972757647703,0.029703540227610143,0.0981375431503015,0.011240124750409137,0.04720288472186374,0.0010131163930470158,0.00043189846356938915,27,108,0.003059255599620655,0.25307336982879686,True,False,False,3.928876993399666e-06,COMPLETE
422,0.6792354822158814,2025-04-04 06:56:19.991544,2025-04-04 06:56:59.399846,0 days 00:00:39.408302,0.40299927877615016,0.014356544356106525,8,0.05868540594780827,0.03689208350599853,0.09816377934145423,0.009060341279248417,0.046714630075401414,0.004355787010721582,0.00035338555636707026,27,112,0.006598856887051191,0.2311359060406811,True,False,False,1.6331908357707273e-06,COMPLETE
423,0.6792354822158814,2025-04-04 06:56:59.533395,2025-04-04 06:57:38.754924,0 days 00:00:39.221529,0.4281307630657726,0.010223570032679354,8,0.05791090522786857,0.02690726995390917,0.09981510037458484,0.01113166873355638,0.04872278530665061,0.0034111756643679736,0.00028685606636540383,27,107,0.004837004956875095,0.23685072274726462,True,False,False,3.136080503334342e-06,COMPLETE
424,0.6772709131240845,2025-04-04 06:57:38.900865,2025-04-04 06:58:18.495561,0 days 00:00:39.594696,0.405707849862577,0.012359224880328003,8,0.05119184560518297,0.03377407848917761,0.09765137482284908,0.008820697809691587,0.046452561297228634,0.002728695195100014,0.0004973762441392618,27,114,0.0023774502291943806,0.22513278302650658,True,False,False,6.71530993752707e-06,COMPLETE
425,0.6792354822158814,2025-04-04 06:58:18.629774,2025-04-04 06:58:57.808605,0 days 00:00:39.178831,0.45196991914822,0.011128793774302353,8,0.05959642035526858,0.019823553268335854,0.0999697307152058,0.011913915789864216,0.04871997494946705,0.001104001485613165,0.000611543909911436,27,109,0.004805278558493457,0.2615847644318864,True,False,False,3.862532833639773e-06,COMPLETE
426,0.6792354822158814,2025-04-04 06:58:57.944816,2025-04-04 06:59:37.419714,0 days 00:00:39.474898,0.4889176720012358,0.011483666784076137,8,0.05301664332577621,0.04051689008784147,0.09799186607662529,0.007378841293120746,0.04629238739604205,0.0040452924149346845,0.00025178796807375214,27,116,0.006717706479497244,0.2421745566325451,True,False,False,2.4138220464686237e-06,COMPLETE
427,0.6792354822158814,2025-04-04 06:59:37.557053,2025-04-04 07:00:16.507891,0 days 00:00:38.950838,0.42389907837509083,0.010355321586745785,8,0.059158601773205,0.030843131297931568,0.09745300592450178,0.00963734848041737,0.04861882913182224,0.0010673031874898766,0.00033319100838335596,27,107,0.0012696214953014785,0.24773800406719845,True,False,False,5.870898473819023e-06,COMPLETE
428,0.6792354822158814,2025-04-04 07:00:16.652745,2025-04-04 07:00:56.116645,0 days 00:00:39.463900,0.3975468632381508,0.010190649051055609,8,0.052744577110064396,0.03860415911279416,0.09826380664806858,0.011314325221685318,0.04727477262378113,0.005324257579308181,0.00043087526310302656,27,111,0.0042438803228027,0.23753739383826428,True,False,False,2.115559628447442e-06,COMPLETE
429,0.678452217578888,2025-04-04 07:00:56.253258,2025-04-04 07:01:35.219149,0 days 00:00:38.965891,0.4682356578267011,0.02703544702360583,8,0.03933562720655297,0.024889563706077842,0.09698802999352583,0.008766822441359125,0.04592507981688763,0.0032986607183639804,0.0008669558844159225,27,106,0.00668927390843466,0.24993516895372409,True,False,False,4.363879529173646e-06,COMPLETE
430,0.6792354822158814,2025-04-04 07:01:35.355875,2025-04-04 07:02:14.582664,0 days 00:00:39.226789,0.4401477580874536,0.011927043954242742,8,0.059696760839190115,0.03276664988750057,0.09987536123528207,0.0118103542817259,0.08962755762806399,0.004989477489285825,0.00035730790687232546,27,110,0.0030815443043165462,0.2327586254844448,True,False,False,3.0741853598416607e-06,COMPLETE
431,0.29052439928054813,2025-04-04 07:02:14.729062,2025-04-04 07:02:50.227793,0 days 00:00:35.498731,0.39280074158728034,0.010897199039303905,8,0.05033963461457307,0.04141875727021568,0.09716083512582895,0.007389993264903819,0.046138086731354375,0.001128963482522359,0.00045075588078356875,27,111,0.00501224132169714,0.24167943843989734,True,True,True,7.644204192537419e-06,COMPLETE
432,0.485355806350708,2025-04-04 07:02:50.363943,2025-04-04 07:03:28.004273,0 days 00:00:37.640330,0.42628578722653176,0.02697259619384758,8,0.05979207127214092,0.021320582213161784,0.09806713793705966,0.009783360322194512,0.04880894048486063,0.0029858429729240736,0.00027169953763037514,27,116,0.007075991986699993,0.22067909640548253,False,False,False,5.50234216731641e-06,COMPLETE
433,0.6792354822158814,2025-04-04 07:03:28.140582,2025-04-04 07:04:06.946771,0 days 00:00:38.806189,0.41039425677611385,0.010241388249175294,8,0.05587869236902135,0.028353253096247977,0.09987315861458655,0.01067013582592604,0.04415942182313258,0.005097074309735852,0.0006603281564008964,27,107,0.00293734844202816,0.25355638845356554,True,False,False,4.266241898338035e-06,COMPLETE
434,0.6790370345115662,2025-04-04 07:04:07.094046,2025-04-04 07:04:46.835064,0 days 00:00:39.741018,0.39182616821990257,0.031144697222281394,8,0.04721161292112466,0.035285531858106955,0.09672640532099534,0.011583850123451622,0.04684736726596836,0.002742291624277935,0.00030740028598877573,27,114,0.0052276869269973145,0.23842392728027148,True,False,False,7.439768208529207e-06,COMPLETE
435,0.6792354822158814,2025-04-04 07:04:46.974305,2025-04-04 07:05:26.357746,0 days 00:00:39.383441,0.4368068772564653,0.028664880017620818,8,0.06002167536829163,0.043213937521620706,0.09997236852816514,0.007483584959488315,0.04919304759053547,0.002814607452794173,0.00040085420970473423,27,106,0.007455174492197212,0.246701810158269,True,False,False,2.794077065091186e-06,COMPLETE
436,0.6792354822158814,2025-04-04 07:05:26.498041,2025-04-04 07:06:05.602202,0 days 00:00:39.104161,0.4619745230145529,0.02888790648263368,8,0.05333710940455826,0.03169993428422336,0.09819737127311756,0.01230373282428734,0.045555439555082324,0.001014455976429325,0.00035239498122564117,27,109,0.0013076723816368464,0.26222888307226877,True,False,False,3.5690952605377317e-06,COMPLETE
437,0.6792354822158814,2025-04-04 07:06:05.749651,2025-04-04 07:06:44.943751,0 days 00:00:39.194100,0.4111475155737776,0.010058115178582308,8,0.04143492404561379,0.026214482746339862,0.09705344706209536,0.00945556876145814,0.0438274274208556,0.005154648613467006,0.00023778811483892345,27,113,0.004175810357988415,0.2296935711216482,True,False,False,5.619751908273804e-06,COMPLETE
438,0.6792354822158814,2025-04-04 07:06:45.085940,2025-04-04 07:07:24.689272,0 days 00:00:39.603332,0.4196266943073501,0.03269226111486012,8,0.06081590317470609,0.03849186477235245,0.09657050478640264,0.012023227079834997,0.048279297849965284,0.003005793210471972,0.0004738938919332489,27,109,0.00619148485656328,0.23461272618167872,True,False,False,1.4920738158494517e-06,COMPLETE
439,0.6660209059715272,2025-04-04 07:07:24.830349,2025-04-04 07:09:10.992523,0 days 00:01:46.162174,0.389855726849531,0.028692046175576524,2,0.04818333653130531,0.017969406841195947,0.09997967278297674,0.006599607052121391,0.04602406927361216,0.0010835454335089518,0.00031510288851013617,27,105,0.0031425719036375587,0.2454393523596793,True,False,False,4.59389319335778e-06,COMPLETE
440,0.6792354822158814,2025-04-04 07:09:11.141447,2025-04-04 07:09:50.564785,0 days 00:00:39.423338,0.4456784839593225,0.011197134172771711,8,0.05592318449970183,0.035036358067674626,0.09797383663148637,0.009733481607738795,0.04395761375305195,0.004818523238348018,0.0005877463669108662,27,112,0.005111198426081611,0.2240771973768225,True,False,False,1.922644245673473e-06,COMPLETE
441,0.6790370345115662,2025-04-04 07:09:50.706895,2025-04-04 07:10:29.921674,0 days 00:00:39.214779,0.4053752320808214,0.033043234527426364,8,0.060925545558268776,0.026460026539513983,0.09635381816107855,0.009140418031808224,0.04899692777069947,0.003196223213789413,0.000379873150902696,27,108,0.007589515612588837,0.24040230447878,True,False,False,7.502986274266711e-06,COMPLETE
442,0.6792354822158814,2025-04-04 07:10:30.060829,2025-04-04 07:11:08.800254,0 days 00:00:38.739425,0.4287491228618047,0.031005302952846717,8,0.05358042696798633,0.04419362154398638,0.09844556482280156,0.011754965162476105,0.04714718030648939,0.0010036428808248348,0.0002667446245222534,26,115,0.002717470460916606,0.2530550880408538,True,False,False,3.539650498083173e-06,COMPLETE
443,0.6792354822158814,2025-04-04 07:11:08.951362,2025-04-04 07:11:47.822074,0 days 00:00:38.870712,0.3849518425252848,0.010820488202271248,8,0.04678957179829968,0.03075989097875432,0.09836156299826354,0.012414888820002797,0.09579534414815047,0.0060236975631422565,0.00021446401736928303,27,111,0.0060647960309124765,0.23229814348596084,True,False,False,5.774985693887752e-06,COMPLETE
444,0.6792354822158814,2025-04-04 07:11:47.962296,2025-04-04 07:12:25.959940,0 days 00:00:37.997644,0.4114444275778577,0.04209058595190555,8,0.06073726580406511,0.037744169759606816,0.09989101330006571,0.006484236366198331,0.04490181258144445,0.0037071522970631605,0.00041288656159906505,26,105,0.004228705927385898,0.24355525253372443,True,False,False,9.881953838756334e-07,COMPLETE
445,0.6782366037368776,2025-04-04 07:12:26.113827,2025-04-04 07:13:05.809613,0 days 00:00:39.695786,0.4603709334190467,0.01119253420104392,8,0.05271811775420854,0.024025619238564454,0.09630493314039658,0.008559743545216422,0.04983793443276009,0.002880669666461438,0.0003227663375264348,27,119,0.007431728325244427,0.24926274314864713,True,False,False,9.528609036902974e-06,COMPLETE
446,0.6792354822158814,2025-04-04 07:13:05.950235,2025-04-04 07:13:44.870099,0 days 00:00:38.919864,0.43948745870924005,0.03795648790619656,8,0.06241220371102013,0.04425898363470415,0.09623743406743629,0.010448645198306914,0.046593983308020545,0.005479246207755678,0.0005163933779504993,27,108,0.0019119507129352576,0.2361543508145077,True,False,False,2.5391593936508675e-06,COMPLETE
447,0.6792354822158814,2025-04-04 07:13:45.010980,2025-04-04 07:14:23.618773,0 days 00:00:38.607793,0.38897181366319455,0.02968453655574267,8,0.05539386957970112,0.03344247527168805,0.09828630474155373,0.012584999022194556,0.04377639973795502,0.0012479616993349416,0.00028800124757501363,26,113,0.00435272270777054,0.22059936412415043,True,False,False,4.197915108057143e-06,COMPLETE
448,0.6792354822158814,2025-04-04 07:14:23.772712,2025-04-04 07:15:03.149403,0 days 00:00:39.376691,0.4183237878921754,0.04306330991461295,8,0.04507590094820405,0.018427114309397585,0.09980419102134709,0.010437380088195626,0.04756474146902124,0.0038405944697569123,0.0004403881297421525,27,105,0.0011255792765783377,0.259768035219701,True,False,False,6.367594473577652e-06,COMPLETE
