number,value,datetime_start,datetime_complete,duration,params_alpha-eval,params_alpha-train,params_batch-size,params_eps-eval,params_eps-train,params_lambda-actions-eval,params_lambda-actions-train,params_lambda-frames-eval,params_lambda-frames-train,params_learning-rate,params_n-epochs,params_n-frames,params_radius-gw,params_rho,params_std-feats,params_ub-actions,params_ub-frames,params_weight-decay,state
729,0.4912658333778382,2025-04-04 10:43:47.101047,2025-04-04 10:44:22.662762,0 days 00:00:35.561715,0.3293425227759374,0.07662139634088717,8,0.27395229943730237,0.05305001079035666,0.02374269628056871,0.0047147623599168844,0.03295415819396412,0.011856100176836361,0.0662880729000075,24,99,0.011560175964874124,0.2710713603632066,True,False,False,1.3733026417928206e-05,COMPLETE
730,0.5699106812477113,2025-04-04 10:44:22.917152,2025-04-04 10:44:58.792459,0 days 00:00:35.875307,0.33463309178971984,0.08892530615382967,8,0.2783088546851557,0.056419028587205,0.03795494384813364,0.0010551802197275072,0.03655147550825792,0.009146867304579262,0.09954491952185689,24,99,0.008768040765802839,0.2705199757956563,True,False,False,9.970125421813083e-06,COMPLETE
731,0.7950042605400086,2025-04-04 10:44:59.024164,2025-04-04 10:45:35.686724,0 days 00:00:36.662560,0.35074573352560734,0.06085689347828822,8,0.2651573954214027,0.05041038995170531,0.032665497260677016,0.0024031604265820333,0.037641555505868535,0.009608764564723966,0.06909866065511115,25,75,0.011059907843228248,0.26594358348722,True,False,False,7.89208061266195e-06,COMPLETE
732,0.40702112913131716,2025-04-04 10:45:35.929261,2025-04-04 10:46:10.986424,0 days 00:00:35.057163,0.9773941915963931,0.08511111812700782,8,0.2641286901857906,0.050184555473200505,0.03452442846020304,0.00406278776409417,0.034918487903103854,0.010871480542197672,0.04943558433554426,25,37,0.011514354748026,0.26489392828235264,True,False,False,7.705450504606765e-06,COMPLETE
733,0.4081817209720612,2025-04-04 10:46:11.216455,2025-04-04 10:46:45.813073,0 days 00:00:34.596618,0.3456522546834411,0.06456082959786716,8,0.2693148768890229,0.048830872814285414,0.03131824672922798,0.0014999061599976814,0.035619509330679346,0.008114778950329525,0.06783310636400851,24,46,0.011632458519442092,0.2790075100646465,True,False,False,1.1754567100273658e-05,COMPLETE
734,0.4986111879348755,2025-04-04 10:46:46.055832,2025-04-04 10:48:17.466620,0 days 00:01:31.410788,0.3324299208179521,0.08710491070348068,2,0.2843281300999851,0.05799424034836197,0.036743988066325534,0.002175454869707858,0.07250554840552778,0.010806450918126619,0.08266338505659375,23,56,0.010067129419285725,0.2734136627949521,True,False,False,8.946398198174267e-06,COMPLETE
735,0.4184193253517151,2025-04-04 10:48:17.710185,2025-04-04 10:48:54.618176,0 days 00:00:36.907991,0.3491344488351265,0.062349654944386365,8,0.2626628306283839,0.05632044730802155,0.03985785419664387,0.0011685703837898802,0.03839723088372288,0.01014930093699208,0.03751292332819056,25,99,0.009192034671889488,0.2610960836869097,True,False,False,6.661393195720381e-06,COMPLETE
736,0.36741026639938357,2025-04-04 10:48:54.850491,2025-04-04 10:49:31.068955,0 days 00:00:36.218464,0.3556572372373292,0.08507882643149406,8,0.27311651893711747,0.11927621678516273,0.04431901266516605,0.003953458854759344,0.03643108811818438,0.00801268711074554,0.07941851129775293,25,68,0.011687774085586685,0.27032166039556643,True,False,False,8.39909887935812e-06,COMPLETE
737,0.3527342081069947,2025-04-04 10:49:31.316186,2025-04-04 10:50:08.643458,0 days 00:00:37.327272,0.33449202631256586,0.05627849967356103,8,0.2661777434580298,0.04812550472034651,0.03179005482107128,0.002984887152916579,0.03884356051602178,0.009300839193631404,0.07047716049374576,25,103,0.009460935025309447,0.2649444772348014,True,False,False,6.825747629062703e-06,COMPLETE
738,0.29052439928054813,2025-04-04 10:50:08.876021,2025-04-04 10:50:39.941779,0 days 00:00:31.065758,0.3697039821432604,0.059459229266931035,8,0.2701154054498531,0.05022596103583297,0.028732522634526688,0.0028303279178922163,0.037807356986134306,0.007166552567535394,0.05373673898430981,24,63,0.008047352368197872,0.2796468861311358,True,True,True,9.948953810008555e-06,COMPLETE
739,0.38274629712104796,2025-04-04 10:50:40.184783,2025-04-04 10:51:16.575837,0 days 00:00:36.391054,0.343244819413945,0.05476480180082425,8,0.25855229869865826,0.05541905079843853,0.025498338519174282,0.0028533100938885197,0.03652392404953251,0.007095318322091028,0.08730509590516047,25,71,0.009864436614677428,0.2678528549893791,True,False,False,6.243029073634815e-08,COMPLETE
740,0.5906402230262757,2025-04-04 10:51:16.823155,2025-04-04 10:51:52.816270,0 days 00:00:35.993115,0.35841100921480945,0.08150220914871413,8,0.2696459878347462,0.04735951508419373,0.027121365780858945,0.0015698508647231744,0.038874030699073,0.009900412960736037,0.06174137245383814,25,73,0.008023133707424147,0.29231446558537255,True,False,False,7.300860139728761e-06,COMPLETE
741,0.41225608587265017,2025-04-04 10:51:53.052932,2025-04-04 10:52:28.509522,0 days 00:00:35.456590,0.32472506493429343,0.04625276174336242,8,0.2907591830826345,0.04474472078636024,0.029914561808939758,0.006226667572176183,0.033459666084819574,0.006502760333882816,0.05264264850022789,25,103,0.07533963442081802,0.26099173776225865,False,False,False,6.259546459014505e-06,COMPLETE
742,0.6699043154716493,2025-04-04 10:52:28.758006,2025-04-04 10:53:05.530119,0 days 00:00:36.772113,0.3723979890794224,0.06314699447730934,8,0.27412298701390914,0.04406001697315697,0.033198142240354125,0.004627227160414957,0.0341382019398986,0.012323615396951225,0.0720488819412139,25,99,0.011730000573826772,0.2735847031177142,True,False,False,8.392537018306922e-06,COMPLETE
743,0.8809604525566102,2025-04-04 10:53:05.763469,2025-04-04 10:53:42.716487,0 days 00:00:36.953018,0.3556980015230573,0.04659407211361338,8,0.28186981311996334,0.0515234485431784,0.04024757387387449,0.0013328772630693693,0.038503785251926985,0.009026419932953724,0.044843924116881116,25,104,0.034451400583880874,0.2631895803240671,True,False,False,1.394565073733004e-05,COMPLETE
744,0.4044059991836548,2025-04-04 10:53:42.963754,2025-04-04 10:54:20.022862,0 days 00:00:37.059108,0.3244020891527569,0.0873204538538912,8,0.2842682568211101,0.05777015077151035,0.033711489098758624,0.0017777356379289557,0.03545548243695271,0.011249361791586702,0.03621132704341253,25,101,0.039455244230994294,0.2661569384198262,True,False,False,1.2069007031483898e-05,COMPLETE
745,0.5272340774536133,2025-04-04 10:54:20.274769,2025-04-04 10:54:56.519738,0 days 00:00:36.244969,0.3462419978733321,0.07511982956247239,8,0.2858992210302773,0.053645603349121655,0.04089279823372207,0.002901878270573522,0.038190301901449286,0.008932519488790973,0.04079885326540364,24,104,0.029451575040945102,0.28456434658597796,True,False,False,1.1614507654901183e-05,COMPLETE
746,0.5538697600364686,2025-04-04 10:54:56.753167,2025-04-04 10:56:37.874550,0 days 00:01:41.121383,0.34754712007455885,0.09741736160301726,2,0.27848427590257213,0.051054105660405386,0.048447894565609176,0.0037508049639722136,0.036909121766131245,0.011917454238921033,0.04540463109506756,25,103,0.011695700446816032,0.2608272111469774,True,False,False,1.7637452528126043e-05,COMPLETE
747,0.4106919825077057,2025-04-04 10:56:38.122070,2025-04-04 10:57:12.992013,0 days 00:00:34.869943,0.35988514927826043,0.05771738723162419,8,0.2581076982479126,0.0584235457166527,0.037168951587820784,0.0012607680967749034,0.03970199040175975,0.008803555223858402,0.059854728623047984,23,75,0.03615205563419966,0.2746522953626242,True,False,False,1.4525764865947044e-05,COMPLETE
748,0.4218678772449494,2025-04-04 10:57:13.228931,2025-04-04 10:57:49.090875,0 days 00:00:35.861944,0.3753751319134426,0.042787125324073166,8,0.279931722009565,0.047561190458053834,0.0448200364007179,0.003925543036445779,0.03814335719120144,0.009939862112798488,0.05514451277628445,24,99,0.03418391915215662,0.26610458663272346,True,False,False,1.3928240105801321e-05,COMPLETE
749,0.49104564189910893,2025-04-04 10:57:49.338724,2025-04-04 10:58:26.130202,0 days 00:00:36.791478,0.3582153977052024,0.06613497307338885,8,0.2690639217074181,0.04467569173096392,0.018215856118461552,0.0010356812075559153,0.039977270267868896,0.007623703802593675,0.0486975107350319,24,105,0.007770435632247205,0.27074389914035585,True,False,False,5.948542741469478e-06,COMPLETE
750,0.4149284899234772,2025-04-04 10:58:26.379084,2025-04-04 10:59:02.614507,0 days 00:00:36.235423,0.3294777488786388,0.046129811876915616,8,0.2665901358461114,0.050617195866131906,0.04247385917379907,0.0047235553742185025,0.040734665501584534,0.007120183644245304,0.08733727113316364,24,102,0.02635722006571032,0.26796324618568934,True,False,False,9.765206468749421e-06,COMPLETE
751,0.5018475532531739,2025-04-04 10:59:02.856547,2025-04-04 10:59:38.457328,0 days 00:00:35.600781,0.37853931137706676,0.04636560731955152,8,0.2930749011994851,0.0421222815738618,0.04089856910202398,0.003116643054512166,0.0359398003770805,0.006235598115781253,0.03454793297330944,25,52,0.00922047687594508,0.2600238277029364,True,False,False,7.4166432116449415e-06,COMPLETE
752,0.6037777662277222,2025-04-04 10:59:38.708491,2025-04-04 11:00:15.922887,0 days 00:00:37.214396,0.3832589067329494,0.06967442207775965,8,0.260681418066044,0.05560331042824826,0.03070113811215932,0.005449622400463967,0.032387362906138945,0.009579718185961452,0.07219576174476303,25,106,0.007103224599641377,0.27919901105944955,True,False,False,9.072991541435857e-06,COMPLETE
753,0.5281304240226746,2025-04-04 11:00:16.162124,2025-04-04 11:00:52.972777,0 days 00:00:36.810653,0.36498031765423433,0.044963529930216635,8,0.24894805894046076,0.04263103341680355,0.03552589399365777,0.006151292246213241,0.03452578058879615,0.011936863600700228,0.04469681979877101,25,105,0.00994386109438726,0.26219731426498816,True,False,False,5.971936575886312e-06,COMPLETE
754,0.4071971654891968,2025-04-04 11:00:53.222395,2025-04-04 11:01:29.054616,0 days 00:00:35.832221,0.3246596416720188,0.08944270442704605,8,0.2638207529798922,0.04941254410942798,0.04278365230605116,0.005746394599575844,0.03813500282368845,0.00600225423404742,0.02640483277514894,24,99,0.01191154316745711,0.28295651115260445,True,False,False,7.464321992274478e-06,COMPLETE
755,0.5972980380058288,2025-04-04 11:01:29.306499,2025-04-04 11:02:07.021498,0 days 00:00:37.714999,0.3448230261845112,0.03731414404818011,8,0.27491748737166743,0.04165769163061309,0.0389887081998202,0.0016561782433770526,0.040699340884234575,0.00837206461076599,0.06401564083518059,25,103,0.007312991272863978,0.27618988643866843,True,False,False,5.3558861388436534e-06,COMPLETE
756,0.5224400043487549,2025-04-04 11:02:07.260737,2025-04-04 11:02:44.803697,0 days 00:00:37.542960,0.386781246380383,0.059898910961039685,8,0.25294846670751436,0.0451804288041947,0.02503376975076673,0.0011175268643141124,0.040089948434991855,0.005728201359917782,0.06464179863047471,25,107,0.061191673549543975,0.25984649827556616,True,False,False,1.4958238428531677e-05,COMPLETE
757,0.4255391895771027,2025-04-04 11:02:45.058672,2025-04-04 11:03:20.206023,0 days 00:00:35.147351,0.36959953403516654,0.039082355944232344,8,0.2619989017821076,0.05524843182852885,0.047514307541218444,0.005328601383499167,0.03856886889156727,0.00769890301540534,0.08185190079399993,25,30,0.00986507056417038,0.29548331596169963,True,False,False,1.07925671574627e-05,COMPLETE
758,0.29052439928054813,2025-04-04 11:03:20.466559,2025-04-04 11:03:54.242409,0 days 00:00:33.775850,0.7318486734994915,0.039041033712518394,8,0.2838309984816301,0.04042505799003576,0.03514891650624658,0.003550228262863223,0.033810640500863756,0.006014845583495806,0.05103211341153572,26,105,0.006763073365876139,0.27149052871728935,True,True,True,6.545721126777524e-06,COMPLETE
759,0.4145948946475983,2025-04-04 11:03:54.484800,2025-04-04 11:05:22.516913,0 days 00:01:28.032113,0.3870042968699028,0.07215303224769433,2,0.2827970972533731,0.05105326306771786,0.021821276736637862,0.0038943257731707,0.0418686422501155,0.00932054072806426,0.003919029917411993,22,65,0.008401790653527755,0.2581341848733146,False,False,False,8.179755253992332e-06,COMPLETE
760,0.4845133423805237,2025-04-04 11:05:22.775116,2025-04-04 11:05:59.060798,0 days 00:00:36.285682,0.3564645953737359,0.4666407429551244,8,0.2557655363683268,0.040105270889725965,0.028139860748902422,0.0065680118577897805,0.0370790401659969,0.005278168413037484,0.04134317927352809,24,101,0.01128693726263491,0.2668509557003346,True,False,False,5.263735041333248e-06,COMPLETE
761,0.4951858997344971,2025-04-04 11:05:59.303334,2025-04-04 11:06:37.554227,0 days 00:00:38.250893,0.33862730404128316,0.031066825911942018,8,0.27474885496134205,0.048006691529474184,0.052714638271252376,0.002934437862026841,0.040755988441939076,0.06914133108718913,0.09500997482472903,26,107,0.0063144324204808325,0.27419107192175474,True,False,False,6.173836835344549e-06,COMPLETE
762,0.6554572582244874,2025-04-04 11:06:37.806436,2025-04-04 11:07:17.239491,0 days 00:00:39.433055,0.3900195917124809,0.0536681269306223,8,0.2785272965218839,0.03881384861018619,0.03706126784156834,0.04566730004107224,0.04167890664521223,0.012098806603803277,0.07093446424396035,26,140,0.008706350638369761,0.20479644919151235,True,False,False,9.98426880408525e-06,COMPLETE
763,0.4366602897644043,2025-04-04 11:07:17.493642,2025-04-04 11:07:54.683935,0 days 00:00:37.190293,0.3656751278267094,0.0301611128232582,8,0.21294895456358182,0.04450191170206415,0.03335962837061755,0.004774310728403214,0.039628062138152176,0.007202437896497439,0.054793376005756095,25,103,0.006508668011361457,0.2656821835732035,True,False,False,4.848222059760869e-06,COMPLETE
764,0.494364607334137,2025-04-04 11:07:54.925019,2025-04-04 11:08:32.532745,0 days 00:00:37.607726,0.39282961576087494,0.03204151385739694,8,0.2718541224115116,0.05749894927369652,0.04585463297618992,0.001047960423683419,0.03779191814667748,0.005115450428755566,0.08113350985865267,26,98,0.009502817164605971,0.25711500250804464,True,False,False,7.891324627801787e-06,COMPLETE
765,0.3629770636558533,2025-04-04 11:08:32.786419,2025-04-04 11:09:08.345260,0 days 00:00:35.558841,0.35512199413100465,0.06011399039960534,8,0.24562224121947285,0.036176275940595706,0.03835479297460512,0.006886410737850825,0.03534948032273124,0.0053169194172881795,0.05993396967666914,25,60,0.05093328459981164,0.26914368106423503,True,False,False,6.339811196557346e-06,COMPLETE
766,0.6131342172622681,2025-04-04 11:09:08.586478,2025-04-04 11:09:47.316451,0 days 00:00:38.729973,0.32344699835276103,0.02823734473127857,8,0.2612429140803248,0.05270394934047486,0.050111959299102386,0.0031817814891836327,0.0970778356671965,0.009942676984135234,0.0959999474054534,26,106,0.006205146557710554,0.2154531297735478,True,False,False,1.2083619235867882e-05,COMPLETE
767,0.5623405694961549,2025-04-04 11:09:47.568434,2025-04-04 11:10:24.660457,0 days 00:00:37.092023,0.378212672154682,0.09433263201489997,8,0.2666542520677233,0.04510236178398111,0.031294734356757004,0.00686293937312824,0.0422394268955544,0.007618288738250139,0.0357202987814831,25,107,0.012132591858831008,0.28269932404413206,True,False,False,4.821783182232137e-06,COMPLETE
768,0.356889283657074,2025-04-04 11:10:24.919053,2025-04-04 11:11:03.196364,0 days 00:00:38.277311,0.3926165526762413,0.049799014175291194,8,0.24896387969195405,0.03818617784723537,0.025392003676231872,0.0038567207659297425,0.04167481051881707,0.004766987333765476,0.027762374454046966,26,100,0.007816299444870096,0.2767981587491748,True,False,False,8.434374194540958e-06,COMPLETE
769,0.4474022567272186,2025-04-04 11:11:03.438455,2025-04-04 11:11:41.737142,0 days 00:00:38.298687,0.37046357824584525,0.0756274636129394,8,0.25682039900682624,0.047876066627032116,0.023246970050513665,0.0012816480902581688,0.039854807052122486,0.006702026272905295,0.06260550496730263,26,104,0.006385440304619218,0.26336777675755424,True,False,False,6.696311288721481e-06,COMPLETE
770,0.3562749266624451,2025-04-04 11:11:41.993028,2025-04-04 11:13:25.924615,0 days 00:01:43.931587,0.34888144501269697,0.027607527176053033,2,0.23965443956456098,0.060076263947367085,0.020975724068512985,0.005657776495162241,0.04283602719019331,0.013316610750648848,0.08188357562820525,26,108,0.010352894736567511,0.21155018540049958,True,False,False,4.857423612104616e-06,COMPLETE
771,0.3678559541702271,2025-04-04 11:13:26.182407,2025-04-04 11:14:02.692261,0 days 00:00:36.509854,0.39149008437375066,0.04639369355226067,8,0.2778615723654803,0.22060848749691742,0.04081176977129304,0.007077698197490199,0.03847146008249012,0.004780580938163615,0.04730090999145642,24,102,0.005836882552818997,0.2584555900941009,True,False,False,5.774172498901988e-06,COMPLETE
772,0.35769540071487427,2025-04-04 11:14:02.935111,2025-04-04 11:14:40.288942,0 days 00:00:37.353831,0.3317612680228722,0.028318294513890195,8,0.2164422603607482,0.0364077094521424,0.032369757771675736,0.003171653090708995,0.042432792456838536,0.008995618380447124,0.07175557807584008,25,106,0.03125171424291879,0.26990975365457764,True,False,False,9.369684152077855e-06,COMPLETE
773,0.3710814952850342,2025-04-04 11:14:40.543188,2025-04-04 11:15:07.764862,0 days 00:00:27.221674,0.367019622344648,0.865214677733597,8,0.26691552796391577,0.13237465971148474,0.029149082204677372,0.005405718035122636,0.043907494842079266,0.004520831934270199,0.04925136822680356,14,104,0.008643828925631335,0.21848018492295285,True,False,False,7.338878857830366e-06,COMPLETE
774,0.7408228754997254,2025-04-04 11:15:08.008550,2025-04-04 11:15:46.084327,0 days 00:00:38.075777,0.3965414437700144,0.06056792406074184,8,0.29139659478574526,0.0424034765943746,0.02749294359801612,0.0010886748565052196,0.03633948420699731,0.01102675176352051,0.07212126729919047,26,108,0.005432224644392957,0.20602545496065242,True,False,False,4.545370264444943e-06,COMPLETE
775,0.8561262607574462,2025-04-04 11:15:46.339949,2025-04-04 11:16:22.722472,0 days 00:00:36.382523,0.3781290120248402,0.08975657004851872,8,0.2702176518363717,0.05112147262318126,0.025889048433721137,0.002707520453433584,0.031479081642953946,0.010245702126712483,0.07044510714590899,26,49,0.010846082150127794,0.19871047556777532,True,False,False,4.4146141649441675e-06,COMPLETE
776,0.4517481923103333,2025-04-04 11:16:22.983485,2025-04-04 11:16:59.805682,0 days 00:00:36.822197,0.34359590056443673,0.09342730812141378,8,0.29086864403580187,0.0561389932760174,0.026546564583756756,0.0012760756438853428,0.03226324064944708,0.012797730841842372,0.07090801560905705,25,98,0.011713155232855783,0.20757742648341243,True,False,False,4.343163732715479e-06,COMPLETE
777,0.517763364315033,2025-04-04 11:17:00.051182,2025-04-04 11:17:37.265878,0 days 00:00:37.214696,0.3572409408191997,0.1067385762304105,8,0.2985153587527786,0.05407699481176679,0.028147976269486723,0.0011269077744703753,0.032240551493235084,0.011889557911825454,0.06102144950713223,25,101,0.08061468990716983,0.20603540772963636,True,False,False,4.280685001898529e-06,COMPLETE
778,0.33876696228981024,2025-04-04 11:17:37.522570,2025-04-04 11:18:09.215900,0 days 00:00:31.693330,0.37352285939966345,0.08385159789194582,8,0.28299522877510036,0.05070015653198819,0.02488566410018518,0.0025185713568132316,0.03074311724952534,0.013679375769976443,0.09596567755524214,26,50,0.0986748910882991,0.2066994628016163,True,True,False,4.428990460616132e-06,COMPLETE
779,0.4160239934921265,2025-04-04 11:18:09.477314,2025-04-04 11:18:44.481966,0 days 00:00:35.004652,0.32638565276799336,0.10628478227532989,8,0.2820201600243808,0.05099554887941453,0.018592868809949252,0.0032076920855024366,0.0349975438571968,0.009881354401966573,0.08259415293451682,25,58,0.012040905372771282,0.1961259379152213,False,False,False,5.284182416397063e-06,COMPLETE
780,0.30178221464157107,2025-04-04 11:18:44.728150,2025-04-04 11:19:15.506104,0 days 00:00:30.777954,0.38093651802088324,0.07228314062325156,8,0.273688839379962,0.06019153183029487,0.0267329249982547,0.0028181257465341863,0.030671338683005415,0.010807500439688159,0.09884460816807335,24,49,0.010358298907847344,0.20213187799123009,True,False,True,1.3632157728628241e-05,COMPLETE
781,0.40901757478713996,2025-04-04 11:19:15.764302,2025-04-04 11:19:52.308190,0 days 00:00:36.543888,0.34876728655952477,0.0962947589358194,8,0.29303575675306287,0.04555895109995208,0.023940762788543166,0.0011830698896669624,0.03330607620843157,0.011218479937651795,0.057426146262079085,26,54,0.012740624776558789,0.20100678766327812,True,False,False,6.965902591257062e-06,COMPLETE
782,0.48245812654495246,2025-04-04 11:19:52.571545,2025-04-04 11:20:28.843641,0 days 00:00:36.272096,0.39377556116518764,0.087551045128792,8,0.2945397271204925,0.0440919895572669,0.02720850009545503,0.004466397274113441,0.03486760561145066,0.010623665376908691,0.07334769140009667,26,42,0.010118969873920719,0.20601272529376013,True,False,False,4.3501895164577535e-06,COMPLETE
783,0.434454095363617,2025-04-04 11:20:29.094926,2025-04-04 11:22:10.759670,0 days 00:01:41.664744,0.3646867709098728,0.07558298714979095,2,0.27662001703819905,0.060166875180656894,0.023220606336678107,0.003331043466656801,0.02550096584914502,0.00872122934875651,0.06607827147168455,26,49,0.0086780999833914,0.1968363487571107,True,False,False,5.639423711624655e-06,COMPLETE
784,0.890678358078003,2025-04-04 11:22:11.020668,2025-04-04 11:22:44.925648,0 days 00:00:33.904980,0.32275228427969993,0.07065338950397099,8,0.2783768628473362,0.05277169030223443,0.027859264168820574,0.001005796855640664,0.030043599023431213,0.07256445504680152,0.05130185079445478,23,39,0.012372739079028656,0.21408996605098013,True,False,False,1.0409840536638324e-05,COMPLETE
785,0.3679888904094696,2025-04-04 11:22:45.188550,2025-04-04 11:23:18.772716,0 days 00:00:33.584166,0.32770756600477047,0.7655766343383246,8,0.26990557881142463,0.05884870252207716,0.02788214064683445,0.002692242677575914,0.02835983974009472,0.09205070315144499,0.04830013943329547,23,27,0.011844046060679157,0.20242214822862034,True,False,False,1.530723925987062e-05,COMPLETE
