number,value,datetime_start,datetime_complete,duration,params_alpha-eval,params_alpha-train,params_batch-size,params_eps-eval,params_eps-train,params_lambda-actions-eval,params_lambda-actions-train,params_lambda-frames-eval,params_lambda-frames-train,params_learning-rate,params_n-epochs,params_n-frames,params_radius-gw,params_rho,params_std-feats,params_ub-actions,params_ub-frames,params_weight-decay,state
1410,0.7436306357383728,2025-04-04 23:05:35.239900,2025-04-04 23:06:11.053910,0 days 00:00:35.814010,0.010627665035809024,0.21605016000991498,2,0.22038088991219915,0.04445930285321138,0.01675010900047432,0.08876410449874385,0.003955751009009778,0.08192628141989497,0.09161341385018894,7,57,0.005541738436614778,0.17256302512353933,True,False,True,2.056831388625701e-08,COMPLETE
1411,0.533791470527649,2025-04-04 23:06:11.511092,2025-04-04 23:06:49.988368,0 days 00:00:38.477276,0.03237055745576944,0.24844409171167478,2,0.23074007507104943,0.051059969174633534,0.02091485118204952,0.09602711124257327,0.023069883269306285,0.05319412889162511,0.09524690563088156,8,44,0.005324832524840872,0.17286802112426916,True,False,True,1.9338184844885914e-08,COMPLETE
1412,0.3855803906917572,2025-04-04 23:06:50.463313,2025-04-04 23:07:29.350456,0 days 00:00:38.887143,0.06705103788551733,0.213168007202861,2,0.21905520747058996,0.054542707573202176,0.015609584838793843,0.053054381012248034,0.003314450457461153,0.052440608626976595,0.0762114175735904,8,48,0.004433845300378856,0.15899834645606703,True,False,True,3.5853401399378327e-08,COMPLETE
1413,0.42216345667839056,2025-04-04 23:07:29.812132,2025-04-04 23:08:02.638604,0 days 00:00:32.826472,0.050801970873580835,0.2421449778548252,2,0.22679410242547404,0.05524259039593506,0.021809239628972715,0.05035845905723594,0.00589130262545569,0.05976945545770297,0.09666298814969895,6,41,0.005726891343396639,0.1656529423772133,True,False,True,4.081864723201939e-08,COMPLETE
1414,0.29052439928054813,2025-04-04 23:08:03.095554,2025-04-04 23:08:36.318279,0 days 00:00:33.222725,0.06994565068286218,0.20952002322278154,2,0.23105417258909317,0.0445853468998443,0.01868084438848796,0.053005981765816466,0.0027038811936788707,0.03314639472721685,0.099819152825802,6,54,0.0028389560152036787,0.1751724791523173,True,True,True,2.5815123909729078e-08,COMPLETE
1415,0.3778941571712494,2025-04-04 23:08:36.774283,2025-04-04 23:09:12.369932,0 days 00:00:35.595649,0.07603772722969691,0.4161134311599972,2,0.21982904420655175,0.13129018745093296,0.02221540310239584,0.09950711090281021,0.005991846374197207,0.042806920336239215,0.09899716916745735,7,50,0.0030857881589724566,0.15687904704427844,False,False,True,4.9971575797061755e-08,COMPLETE
1416,0.48474914431571964,2025-04-04 23:09:12.823925,2025-04-04 23:09:48.424956,0 days 00:00:35.601031,0.040929047801103235,0.2728497433789104,2,0.2250075619725817,0.05223368147538707,0.018058358998048314,0.05180759819791159,0.0054632574953637665,0.02790991054113507,0.0715324953576993,7,45,0.006464311389905011,0.16802438543411416,True,False,True,3.484976684014256e-08,COMPLETE
1417,0.5258877396583557,2025-04-04 23:09:48.903934,2025-04-04 23:10:27.390613,0 days 00:00:38.486679,0.02981329710405002,0.23314614554956772,2,0.2309298656351773,0.057958577995603944,0.015839194809961314,0.043690472454813584,0.0027569522799068625,0.027924348175687223,0.09957263268733084,8,52,0.001066480420946191,0.17477866744006182,True,False,True,4.2923914641951276e-08,COMPLETE
1418,0.3570597231388092,2025-04-04 23:10:27.852317,2025-04-04 23:11:00.750906,0 days 00:00:32.898589,0.09340795667066729,0.2046291171732134,2,0.21555740003829574,0.051713495718035865,0.019648534863796446,0.04724831777783113,0.02045208969566728,0.049561871069237845,0.07149666704303315,6,57,0.005712693762476199,0.1633850965421797,True,False,True,3.0878420599180554e-08,COMPLETE
1419,0.41506020426750184,2025-04-04 23:11:01.224822,2025-04-04 23:11:34.000187,0 days 00:00:32.775365,0.08681886796267849,0.25589707190022043,2,0.23386644445340327,0.05990503524742297,0.022594006764607016,0.08999129695113281,0.007739052212554523,0.07295817043600493,0.08038085974636326,6,40,0.0037298537908132755,0.14881201116141254,True,False,True,5.682102274344793e-08,COMPLETE
1420,0.37905792593955995,2025-04-04 23:11:34.456178,2025-04-04 23:12:07.296060,0 days 00:00:32.839882,0.04786600826111036,0.22957679857713106,2,0.22422815558991133,0.27383136553477616,0.02064563711916278,0.04213552039945066,0.005290071617990581,0.0805674185346949,0.06828475566756169,6,48,0.005986714600859747,0.1702367274611488,True,False,True,4.676880321735436e-08,COMPLETE
1421,0.416951984167099,2025-04-04 23:12:07.776830,2025-04-04 23:12:43.816606,0 days 00:00:36.039776,0.06080508425884377,0.19979978882295124,2,0.2183283389969799,0.044392221298250836,0.017130030014529056,0.03975917267606996,0.01840688252778919,0.07597100634750323,0.07955809431079611,7,59,0.003726367358747984,0.15446319540180747,True,False,True,2.028816621797364e-08,COMPLETE
1422,0.39728968739509585,2025-04-04 23:12:44.285929,2025-04-04 23:13:25.504445,0 days 00:00:41.218516,0.08673778524550774,0.34102259172868027,2,0.22478351957632955,0.058088730927961324,0.014777599581471778,0.04860536598630482,0.015543139199094898,0.0838070495423169,0.06531239261418147,9,54,0.0010123228462704265,0.17610667517250725,True,False,True,1.3641005615052902e-08,COMPLETE
1423,0.4160239934921265,2025-04-04 23:13:25.969428,2025-04-04 23:14:01.412735,0 days 00:00:35.443307,0.010163740526041607,0.28820668923761067,2,0.23539864435569077,0.050966671067348486,0.02265068978494619,0.03729908711452176,0.0074205765481583,0.02918158937585861,0.08299530061188377,7,45,0.005850798679344997,0.16153338582769017,True,False,True,2.8736796800616318e-08,COMPLETE
1424,0.9466114521026612,2025-04-04 23:14:01.873698,2025-04-04 23:14:35.301363,0 days 00:00:33.427665,0.031211183643878846,0.22252211881358283,2,0.2177586442143846,0.05890594514554162,0.019336384650609807,0.09262077292478041,0.004005844809241659,0.08481608426930334,0.06651462900512828,6,50,0.0031984564643650374,0.14301077787666577,True,False,True,3.461946869322854e-08,COMPLETE
1425,0.40015336871147156,2025-04-04 23:14:35.766494,2025-04-04 23:15:11.711152,0 days 00:00:35.944658,0.058775225464063656,0.31599225926160984,2,0.2282155175820406,0.06377104555176809,0.02115814727490799,0.03973545430932641,0.006256554477260982,0.08060638412671715,0.09926543289128856,7,41,0.006037253837770346,0.1708725466658694,True,False,True,5.038501853960262e-08,COMPLETE
1426,0.4363100945949555,2025-04-04 23:15:12.191379,2025-04-04 23:15:42.444440,0 days 00:00:30.253061,0.07495532093482032,0.2606823195841271,2,0.23540849847722095,0.04514903192240579,0.0184087777997654,0.04462572753158634,0.002884594909303595,0.077177604170993,0.07868172200554945,5,47,0.0010474394945551666,0.1768725124473245,True,False,True,3.89133424292215e-08,COMPLETE
1427,0.485355806350708,2025-04-04 23:15:42.918060,2025-04-04 23:16:16.026873,0 days 00:00:33.108813,0.09670707212991837,0.19959043269992352,2,0.21688067636594072,0.056351830369140016,0.01597721425834082,0.03743797111421941,0.009631813855528394,0.07001709081346998,0.06347452191363463,6,56,0.0049163215464230695,0.16403881502624798,True,False,True,2.4059374568279163e-08,COMPLETE
1428,0.9095857858657838,2025-04-04 23:16:16.494666,2025-04-04 23:16:46.894029,0 days 00:00:30.399363,0.0324626552746986,0.23878134477462803,2,0.22452466233568652,0.06846820941440081,0.02249582641890368,0.04204873333927116,0.0073211937948324144,0.08292441684998125,0.07998835440446096,5,53,0.006335179748299702,0.15677259366602164,True,False,True,6.643290713002259e-08,COMPLETE
1429,0.287917023897171,2025-04-04 23:16:47.358065,2025-04-04 23:17:23.188720,0 days 00:00:35.830655,0.05955803247595733,0.21757332704138418,2,0.23239555671592718,0.1430607621712494,0.020504368268863,0.05642793687017506,0.004817209702110905,0.07845221012151052,0.05810664406899605,7,43,0.0034308458047878077,0.16848508322309086,True,False,True,5.525476178362737e-08,COMPLETE
1430,0.4160239934921265,2025-04-04 23:17:23.649600,2025-04-04 23:17:39.761205,0 days 00:00:16.111605,0.09551956595687044,0.24970498240137345,16,0.22763425994712735,0.052443359647533126,0.017398855155267023,0.03942033169875683,0.02161092782421669,0.08582611953863079,0.07648395533061376,8,50,0.006487231648749326,0.14970060212722755,True,False,True,3.656680855533697e-08,COMPLETE
1431,0.2912993669509888,2025-04-04 23:17:40.242781,2025-04-04 23:18:13.321664,0 days 00:00:33.078883,0.08086264137572981,0.2728946087620533,2,0.22074319036027085,0.18851383463920707,0.015059937884610249,0.036578975626152956,0.009843197600558835,0.02664087637829563,0.09954115525066452,6,58,0.0030135184359929264,0.17835938161935888,True,False,True,7.509013769174846e-08,COMPLETE
1432,0.29052439928054813,2025-04-04 23:18:13.789348,2025-04-04 23:18:43.999836,0 days 00:00:30.210488,0.031350904718036324,0.19357240560940542,2,0.2367345543547546,0.06198193279979363,0.023124331571434988,0.05030032895199092,0.007002217194505808,0.08172418153006154,0.06591979247285533,5,45,0.004242678007083011,0.16171590866388422,True,True,True,5.936984253607924e-08,COMPLETE
1433,0.41545430421829227,2025-04-04 23:18:44.463107,2025-04-04 23:19:22.583132,0 days 00:00:38.120025,0.04761392318085985,0.21998696424787997,2,0.2148589060592975,0.07271517097379275,0.01929892487588986,0.04364329528717934,0.016470537566839468,0.07321078922070068,0.05733046247282514,8,52,0.006556567196949218,0.16919838856831268,False,False,True,2.989344171879794e-08,COMPLETE
1434,0.3031710982322693,2025-04-04 23:19:23.045912,2025-04-04 23:19:56.194820,0 days 00:00:33.148908,0.06747586925890593,0.18965032123586575,2,0.238412957368946,0.1049012345155518,0.021045108937950942,0.04137358028261584,0.0026506885477316586,0.08316020725967228,0.0807558469429139,6,60,0.0010122287155320945,0.17450050374125117,True,False,True,4.4238084512075054e-08,COMPLETE
1435,0.4160239934921265,2025-04-04 23:19:56.656213,2025-04-04 23:20:32.387339,0 days 00:00:35.731126,0.08353984260134598,0.305488112552816,2,0.2291603364536932,0.056677621007848754,0.017387088398027245,0.038497651974123075,0.004704149073171294,0.04777437933799439,0.06825477478034195,7,48,0.005222042143784297,0.1542757864044787,True,False,True,8.556405545919498e-08,COMPLETE
1436,0.34745275378227236,2025-04-04 23:20:32.868750,2025-04-04 23:21:03.321215,0 days 00:00:30.452465,0.051455707132887815,0.4404150432553848,2,0.2223981764624941,0.04400529063700507,0.02352462852374391,0.04561775487837902,0.013523790076652921,0.0807247714764975,0.08387764968970848,5,40,0.006519874816169221,0.16049848345759998,True,False,True,5.2529843117857204e-08,COMPLETE
1437,0.9992344856262207,2025-04-04 23:21:03.796767,2025-04-04 23:21:34.055235,0 days 00:00:30.258468,0.1002144624258477,0.2351463019567231,2,0.2147471156756583,0.06578941924797359,0.014612940827701515,0.040773782576354715,0.011524190253571936,0.07899846982292662,0.05576502869260063,5,54,0.00302550660766548,0.1773553306752069,True,False,True,4.095003082629899e-08,COMPLETE
1438,0.6569347858428956,2025-04-04 23:21:34.523683,2025-04-04 23:22:05.021585,0 days 00:00:30.497902,0.094159286626494,0.2544143906418213,2,0.21437697142186135,0.05039726154554725,0.01572090257730631,0.04296368910776803,0.014130127288661939,0.07949374746515495,0.06682030894798058,5,56,0.002614664113487046,0.17944357755683657,True,False,True,3.5523428496594126e-08,COMPLETE
1439,0.6116935014724731,2025-04-04 23:22:05.488708,2025-04-04 23:22:35.959481,0 days 00:00:30.470773,0.10504396999341677,0.29458807504996726,2,0.21233486855541178,0.059444488730780315,0.015106753579328967,0.04150319890273379,0.007707670793252513,0.036964964865353084,0.06111952132509437,5,54,0.0036338374317827246,0.1800323765378541,True,False,True,2.501990116349719e-08,COMPLETE
1440,0.40037299394607545,2025-04-04 23:22:36.444078,2025-04-04 23:23:06.886990,0 days 00:00:30.442912,0.09463141716217012,0.23745750292184628,2,0.15183947351729543,0.06691421096532321,0.014615994803716732,0.048120847573973294,0.012302722454917082,0.07927769021667029,0.055522979264469786,5,60,0.003655233714339252,0.1459666513795958,True,False,True,4.090129068423787e-08,COMPLETE
1441,0.290690553188324,2025-04-04 23:23:07.355954,2025-04-04 23:23:37.417380,0 days 00:00:30.061426,0.10455607855987431,0.4633047400698155,2,0.21234804192334822,0.07480775618974188,0.0161922543532073,0.03735819950026508,0.024653148083987688,0.07791270131980557,0.07246080896130677,5,57,0.0027533861861570932,0.17493808140249728,True,False,True,4.3197151857472746e-08,COMPLETE
1442,0.35473000407218935,2025-04-04 23:23:37.885985,2025-04-04 23:24:10.904825,0 days 00:00:33.018840,0.08166840900182143,0.579505145670074,2,0.2176015553800143,0.05175159121369282,0.013771435235762325,0.05232890355396112,0.005799610823049539,0.08194599838762895,0.08017438366455504,6,53,0.0028952333741646143,0.16516873940275426,True,False,True,5.305099086803758e-08,COMPLETE
1443,0.9875912547111512,2025-04-04 23:24:11.369855,2025-04-04 23:24:41.461377,0 days 00:00:30.091522,0.0689846760620183,0.25661494468591417,2,0.21634512567152606,0.061068821598529506,0.01838486397072859,0.04549608196071907,0.0026718349682131677,0.06178279836064539,0.05691458710784136,5,55,0.004541448484328832,0.17921537627992454,True,False,True,2.5598965544645403e-08,COMPLETE
1444,0.4050468623638153,2025-04-04 23:24:41.925716,2025-04-04 23:25:15.186239,0 days 00:00:33.260523,0.06552221825761823,0.28596040511666726,2,0.22056421633660914,0.061292960558180884,0.018814232014505113,0.04707908584780528,0.0021668653427902784,0.058067831176149685,0.05216341944570107,6,62,0.0012420448828783315,0.1699608046164181,True,False,True,2.247596490334872e-08,COMPLETE
1445,0.3824177145957947,2025-04-04 23:25:15.672289,2025-04-04 23:25:45.786026,0 days 00:00:30.113737,0.0655637562551408,0.27194490971398566,2,0.21835983362497263,0.05549982222895416,0.019788964985359033,0.04648414436786848,0.003759784927135545,0.06204896095800423,0.09952367733805444,5,59,0.004177017486135304,0.15581680798141304,True,False,True,1.8990339698607505e-08,COMPLETE
1446,0.4639278411865234,2025-04-04 23:25:46.254482,2025-04-04 23:26:19.751273,0 days 00:00:33.496791,0.0465861065338856,0.26761411322564316,2,0.20965556751736483,0.06135322851630759,0.018094038594839615,0.044653861122065514,0.0013727749111241143,0.06189798214774699,0.06724898111343047,6,56,0.00433901051223972,0.13918644716834247,True,False,True,2.5179030868865413e-08,COMPLETE
1447,0.410452938079834,2025-04-04 23:26:20.220938,2025-04-04 23:26:50.873424,0 days 00:00:30.652486,0.02852869542579113,0.2845479871818509,2,0.22241510723816132,0.05516278920054797,0.021102259075035424,0.0499435124202454,0.0011925962146927026,0.05659780742826223,0.05255643909663219,5,62,0.0011824791582838536,0.16480629750391912,True,False,True,1.9502007843425838e-08,COMPLETE
1448,0.613330352306366,2025-04-04 23:26:51.338233,2025-04-04 23:27:24.254399,0 days 00:00:32.916166,0.06637722025136131,0.2667386757530122,2,0.13357236841760317,0.048900086264016984,0.017903800488081528,0.04662562158821538,0.0028710667856681367,0.05167709949979856,0.05581161404219815,6,55,0.0028099745382175086,0.15135471285189495,True,False,True,2.449806486797387e-08,COMPLETE
1449,0.4845548033714295,2025-04-04 23:27:24.744282,2025-04-04 23:28:00.676653,0 days 00:00:35.932371,0.0778609168706644,0.3102360872893527,2,0.2149456536109078,0.06301220797436033,0.021981814176370042,0.04795047928977914,0.003954753731129391,0.0598465081782171,0.0839966728577347,7,58,0.004822520961187944,0.1763736127780223,True,False,True,1.600209998602725e-08,COMPLETE
1450,1.0,2025-04-04 23:28:01.150391,2025-04-04 23:28:31.431111,0 days 00:00:30.280720,0.038251480144714606,0.2518305292549075,2,0.2229620543948529,0.057715554814588045,0.019796223241140092,0.04526209480206861,0.0029503269470255618,0.08837278635314323,0.057770821227023365,5,50,0.003209170166996446,0.1804558742248326,True,False,True,3.0206338160196656e-08,COMPLETE
1451,0.4156203746795655,2025-04-04 23:28:31.900517,2025-04-04 23:28:47.044145,0 days 00:00:15.143628,0.04542545249533126,0.25595051896831317,16,0.22268065562660455,0.06748723330902547,0.017798533533227325,0.04581996327359496,0.002645888683993763,0.08842749869029468,0.06046515226270194,5,51,0.002569031589510255,0.17131829216717068,True,False,True,2.945856856021188e-08,COMPLETE
1452,0.29052439928054813,2025-04-04 23:28:47.515231,2025-04-04 23:29:17.469095,0 days 00:00:29.953864,0.037098878021050885,0.2911496348678998,2,0.2180072076556297,0.05986374635081402,0.019606064515625972,0.04892797942373578,0.0014169249534921107,0.09153491826029406,0.07201016382437984,5,52,0.0011194413932654858,0.18074017482567686,True,True,True,1.53914917702373e-08,COMPLETE
1453,0.41570097208023077,2025-04-04 23:29:17.961840,2025-04-04 23:29:48.222984,0 days 00:00:30.261144,0.02676896871510992,0.2711177799988258,2,0.22551135764250732,0.06644857014798007,0.01725719488692403,0.04534297065255673,0.0010353338776004093,0.05471211771021776,0.08235436560693728,5,55,0.0033424128446290988,0.1730024270505781,False,False,True,2.1102114954636015e-08,COMPLETE
1454,0.4157938659191132,2025-04-04 23:29:48.697502,2025-04-04 23:30:18.959669,0 days 00:00:30.262167,0.012832272626753965,0.25196623506366445,2,0.21157664478647795,0.057871445008425615,0.05607876317383097,0.04754171317686869,0.003932679375900523,0.04584324067732379,0.09943864530664713,5,49,0.00273238312199233,0.1789518185276818,True,False,True,2.8371286325134968e-08,COMPLETE
1455,0.5521377325057983,2025-04-04 23:30:19.430265,2025-04-04 23:30:52.760839,0 days 00:00:33.330574,0.05736046893677925,0.24481150177520458,2,0.1120840495926525,0.29366692188945825,0.019504862344564146,0.04871125351096404,0.004257118796947425,0.0468739584655323,0.05972709634999727,6,51,0.001165243394874765,0.1664027371481464,True,False,True,3.0267232609224765e-08,COMPLETE
1456,0.391250491142273,2025-04-04 23:30:53.231191,2025-04-04 23:31:23.404815,0 days 00:00:30.173624,0.046138390177331554,0.272456672887771,2,0.220208487544175,0.06366450074983476,0.01685612116349385,0.044905016733307095,0.0031047028336071364,0.08813470734945401,0.0681852046562839,5,54,0.004424243879067036,0.13333197630037477,True,False,True,2.2188943951999552e-08,COMPLETE
1457,0.34325029850006106,2025-04-04 23:31:23.896855,2025-04-04 23:31:57.154248,0 days 00:00:33.257393,0.011180784905140611,0.24952945893906425,2,0.2286176073381862,0.06841439822488897,0.021084518771570297,0.049474108175258595,0.001019462510218692,0.05165890776483463,0.05223109957427676,6,57,0.002864304684019722,0.15795100927247926,True,False,True,3.328136842583296e-08,COMPLETE
1458,0.4166907906532288,2025-04-04 23:31:57.630338,2025-04-04 23:32:27.774080,0 days 00:00:30.143742,0.07103753586378707,0.30264282699215167,2,0.213769399880233,0.05608086840709154,0.018988436956516704,0.05121461617499528,0.005143658121130961,0.09025367422145283,0.0806868875722624,5,50,0.004640172884465362,0.17390218548466096,True,False,True,1.614963175125068e-08,COMPLETE
1459,0.48251498341560367,2025-04-04 23:32:28.245125,2025-04-04 23:33:01.193624,0 days 00:00:32.948499,0.03140608020228943,0.27623151994649864,2,0.2243710343427749,0.04968997445317343,0.01659881390935447,0.04531910383726508,0.0030379232052128308,0.08677329478315575,0.06122830048730021,6,53,0.0028799252963020152,0.16751030889454147,True,False,True,2.6384087680206292e-08,COMPLETE
1460,0.4302763342857361,2025-04-04 23:33:01.664990,2025-04-04 23:33:31.974772,0 days 00:00:30.309782,0.052308252140022805,0.24031482350428968,2,0.21858353227068864,0.06300192391148399,0.02007763521856051,0.04341890820529421,0.0046621875969750995,0.08979230252043544,0.08340235311096302,5,58,0.0011073258326273934,0.18089826733789172,True,False,True,3.5319136439107416e-08,COMPLETE
1461,0.413876348733902,2025-04-04 23:33:32.449526,2025-04-04 23:34:05.626301,0 days 00:00:33.176775,0.08384655861338773,0.2572707770273248,2,0.2084385916540688,0.05838623258521968,0.023388742528087085,0.046957630799053955,0.005405122565312371,0.08641511256514876,0.07034280421384143,6,50,0.005253229695709654,0.15989397843103445,True,False,True,2.8591250124386475e-08,COMPLETE
1462,0.4160239934921265,2025-04-04 23:34:06.118883,2025-04-04 23:34:39.031149,0 days 00:00:32.912266,0.06459248387646954,0.2882945334442816,2,0.22872942314753822,0.044475633397040526,0.014099252817579103,0.044263967648455645,0.003004990041869379,0.08516126440221074,0.004666539580801351,6,55,0.0050108822935363145,0.17111686493654427,True,False,True,2.2747384405119565e-08,COMPLETE
1463,0.3511409878730774,2025-04-04 23:34:39.502507,2025-04-04 23:35:09.758802,0 days 00:00:30.256295,0.034118691803741955,0.2600194432251354,2,0.22292675006106344,0.06858527968196519,0.018156269986469457,0.04367642925876182,0.004807862130000325,0.08877718299931549,0.05236520306832646,5,60,0.0010533187542563298,0.027245018403850144,True,False,True,3.4207952368349524e-08,COMPLETE
1464,0.3130261063575745,2025-04-04 23:35:10.231827,2025-04-04 23:35:40.226735,0 days 00:00:29.994908,0.0845131432101976,0.9956046004396497,2,0.21597987661921095,0.05265852499245024,0.0534832540346568,0.04575289797703941,0.00597075232397442,0.04156167732751382,0.0698395270089878,5,49,0.004491016996788056,0.14948017251510431,True,False,True,1.7811684268874968e-08,COMPLETE
1465,0.3937451899051666,2025-04-04 23:35:40.704917,2025-04-04 23:36:16.739654,0 days 00:00:36.034737,0.052015558145632274,0.23398880773970782,2,0.22806603926156233,0.06253233454438596,0.02030662302672919,0.04848231775496799,0.002630787843490107,0.0859940367477412,0.09977844403244156,7,52,0.003784693765096248,0.1808545778193659,True,False,True,3.4361728395908017e-08,COMPLETE
1466,0.9083963990211488,2025-04-04 23:36:17.233692,2025-04-04 23:36:50.130278,0 days 00:00:32.896586,0.026043047165739814,0.31553133339197004,2,0.20995560264734456,0.05693088152726942,0.022485196547130482,0.05138645357381345,0.006387652620101308,0.09224017500062184,0.05438659237235624,6,55,0.0028009208383134813,0.16467830004018677,True,False,True,1.2854636980384087e-08,COMPLETE
