number,value,datetime_start,datetime_complete,duration,params_alpha-eval,params_alpha-train,params_batch-size,params_eps-eval,params_eps-train,params_lambda-actions-eval,params_lambda-actions-train,params_lambda-frames-eval,params_lambda-frames-train,params_learning-rate,params_n-epochs,params_n-frames,params_radius-gw,params_rho,params_std-feats,params_ub-actions,params_ub-frames,params_weight-decay,state
786,0.4155721664428711,2025-04-04 11:23:19.020322,2025-04-04 11:23:53.484952,0 days 00:00:34.464630,0.33911643892437004,0.10305093261704006,8,0.2774645938368955,0.053790394447959494,0.03060535479437224,0.0010761126777366578,0.02914032926524659,0.011767562030442694,0.038213503646068944,24,41,0.05334044058704071,0.22155641033068726,True,False,False,1.148482436181661e-05,COMPLETE
787,0.5002927660942078,2025-04-04 11:23:53.745513,2025-04-04 11:24:27.594620,0 days 00:00:33.849107,0.3172076360429643,0.10333144626294684,8,0.28470845839780257,0.05169001579098682,0.025964438273064546,0.0010767073845504922,0.03309052438273466,0.009589092502218614,0.0454806815989648,23,37,0.01241026296290892,0.21203206815993775,True,False,False,1.0830343411551218e-05,COMPLETE
788,0.3442208528518677,2025-04-04 11:24:27.844006,2025-04-04 11:25:02.486909,0 days 00:00:34.642903,0.3134337696765385,0.08033895549686138,8,0.2868730239526194,0.058555767638171746,0.029882274645874552,0.003959769462990946,0.027109427376755577,0.07887048808815796,0.05233479367316759,24,46,0.012465097992045267,0.21078973070887894,True,False,False,1.6410115907700762e-05,COMPLETE
789,0.4612048268318177,2025-04-04 11:25:02.747584,2025-04-04 11:25:37.909750,0 days 00:00:35.162166,0.31824156278701343,0.08118529599189027,8,0.29801075667666865,0.04961567424209105,0.028333096927253734,0.004413059705670677,0.030798477686669972,0.008637526193507326,0.0599636753061439,25,35,0.009497748937997066,0.21321007035345724,True,False,False,9.341939737594542e-06,COMPLETE
790,0.4060522139072419,2025-04-04 11:25:38.173369,2025-04-04 11:26:13.725565,0 days 00:00:35.552196,0.34908468275419857,0.06682118394930464,8,0.2876268590540426,0.06118632418511412,0.025517997585912885,0.0028674538875045194,0.03204775254534285,0.08268757615152447,0.07492392679855679,25,53,0.01028988823054175,0.21507625238380854,True,False,False,1.2898568825783814e-05,COMPLETE
791,0.48534784317016605,2025-04-04 11:26:13.977816,2025-04-04 11:26:47.402677,0 days 00:00:33.424861,0.33998231640878374,0.12628615245769736,8,0.279285233126308,0.047605626324993384,0.029790739644849972,0.002971092497595187,0.0345687087756915,0.013532468989135052,0.03783454589674977,22,55,0.01023771020021698,0.20222910284510512,True,False,False,1.7365478863730353e-08,COMPLETE
792,0.35395485758781436,2025-04-04 11:26:47.664150,2025-04-04 11:27:23.016968,0 days 00:00:35.352818,0.3648161497353831,0.5220161654682165,8,0.26659846297654277,0.05299818513664112,0.02091156158309811,0.005303471807423816,0.03102819955362459,0.0746062859232253,0.07051456493238997,25,38,0.011251336793230331,0.19851574967184188,True,False,False,8.653050457106121e-06,COMPLETE
793,0.49628630876541135,2025-04-04 11:27:23.283584,2025-04-04 11:27:57.023550,0 days 00:00:33.739966,0.3549079172698856,0.10862397300754764,8,0.2725874030133213,0.043093354625253,0.023267313290206773,0.002832894898806249,0.03664380506802124,0.07078334604812545,0.08247909011705314,24,18,0.007927826809983779,0.2088007076246595,True,False,False,7.905165330463758e-06,COMPLETE
794,0.37134754061698916,2025-04-04 11:27:57.277315,2025-04-04 11:28:33.871036,0 days 00:00:36.593721,0.8113737116728879,0.11819841727905117,8,0.2889350541516569,0.04555973691707282,0.026693321635947086,0.0011997938078443949,0.03401123992580103,0.011024616074961364,0.05329484415652468,26,44,0.012317744923082104,0.2186269922221566,True,False,False,1.1252356199613162e-05,COMPLETE
795,0.9728845357894897,2025-04-04 11:28:34.134322,2025-04-04 11:29:59.179469,0 days 00:01:25.045147,0.37758818970724695,0.06794133715108368,2,0.2575012903923594,0.054374426394828645,0.0220907249435935,0.00519534078873373,0.03642611921277618,0.008786890119553008,0.04251119977021298,21,41,0.008184000294928368,0.19912278619643548,True,False,False,6.842704589046218e-06,COMPLETE
796,0.43271521329879764,2025-04-04 11:29:59.447741,2025-04-04 11:31:18.233517,0 days 00:01:18.785776,0.3328677437253793,0.09234949224151201,2,0.25698313771947073,0.0582850508794528,0.022136293571607287,0.0049260494713977655,0.03660688374435184,0.08395901668819766,0.03013168246497767,19,41,0.0285608819962722,0.2002524901487667,True,False,False,9.102512500443763e-06,COMPLETE
797,0.33205188512802125,2025-04-04 11:31:18.486953,2025-04-04 11:32:35.145151,0 days 00:01:16.658198,0.586822469305428,0.2113915496928339,2,0.26350617561327006,0.052768292860362755,0.023804518227882,0.0048147419294308925,0.03463780486681291,0.013994788786824152,0.04467463385226644,22,38,0.010340976780400423,0.1948961427928684,True,True,False,1.7221125146309507e-05,COMPLETE
798,0.4066895663738251,2025-04-04 11:32:35.421529,2025-04-04 11:34:12.297013,0 days 00:01:36.875484,0.3737596062257561,0.08172830512080248,2,0.251628678818985,0.059397237227798036,0.022039381993177946,0.001265394900841333,0.02795303621635799,0.062484716479521585,0.044879797168926816,25,47,0.008884776375460885,0.19464789819943887,False,False,False,1.3315296877267556e-05,COMPLETE
799,0.40402165055274963,2025-04-04 11:34:12.564748,2025-04-04 11:34:45.987787,0 days 00:00:33.423039,0.3565475372590653,0.13323817243853797,8,0.2641376617524044,0.054150838169825716,0.01965430267512089,0.0011146917512575606,0.03247183150096745,0.07355634418167388,0.03763598196092718,23,43,0.012214623827258478,0.20624241599196422,True,False,False,7.268691046116835e-06,COMPLETE
800,0.29902042746543883,2025-04-04 11:34:46.242288,2025-04-04 11:35:58.991314,0 days 00:01:12.749026,0.37844541005017995,0.10169820550238418,2,0.25522058210918547,0.1118377760746043,0.025288645002948813,0.004424302396618333,0.030032237883103618,0.01016729824452035,0.0588451385964984,21,32,0.03831808088104708,0.20114202573320777,True,False,True,1.0063232770333366e-05,COMPLETE
801,0.37375807762146,2025-04-04 11:35:59.256279,2025-04-04 11:37:31.463371,0 days 00:01:32.207092,0.31745146446219413,0.06997963137355265,2,0.27065428900745286,0.05047194685728984,0.028258102331984034,0.005281871030683477,0.0264203959258599,0.08009771169449507,0.06595007569073796,23,67,0.00863734885589997,0.2092089583829577,True,False,False,7.346627238941379e-06,COMPLETE
802,0.4160239934921265,2025-04-04 11:37:31.732482,2025-04-04 11:38:59.179708,0 days 00:01:27.447226,0.350461621070286,0.0718782387368829,2,0.25804030341440903,0.04803844819871271,0.03302076183949093,0.004187342133436468,0.037216427904058935,0.08669288384039375,0.030617734990266893,22,34,0.010435004103765785,0.19131883966811364,True,False,False,6.2647710409537054e-06,COMPLETE
803,0.5563790082931519,2025-04-04 11:38:59.437529,2025-04-04 11:40:28.063112,0 days 00:01:28.625583,0.3768306847995838,0.09121994374169978,2,0.2766948518301705,0.061872699688191535,0.02429850037825715,0.0010739596652466102,0.03508664868819709,0.09521307844650301,0.05425596107006416,22,37,0.007877485940292198,0.21579240290012472,True,False,False,1.212169563243345e-07,COMPLETE
804,0.47701016664505,2025-04-04 11:40:28.331109,2025-04-04 11:42:00.085461,0 days 00:01:31.754352,0.33764891091129295,0.06485845454619654,2,0.28994940476794695,0.053934371307046286,0.021712523251545515,0.0031271248026657848,0.03646438706256652,0.00898252279961447,0.08635103725663093,23,46,0.012508733089266528,0.21080182818962048,True,False,False,1.0178962392571664e-05,COMPLETE
805,0.4566474974155426,2025-04-04 11:42:00.339207,2025-04-04 11:43:34.584072,0 days 00:01:34.244865,0.39151293201301396,0.06187181702748529,2,0.24306832505839907,0.0434628783632128,0.02793235016575495,0.006422172539051673,0.031660646916193955,0.012102305749913864,0.038729047003525426,24,39,0.008021675008972147,0.19941762832903975,True,False,False,4.818149785917944e-06,COMPLETE
806,0.9981936216354371,2025-04-04 11:43:34.849792,2025-04-04 11:44:56.438976,0 days 00:01:21.589184,0.3632581777134626,0.10836654932177742,2,0.24948624066491837,0.04855862512435035,0.03154725643388175,0.04864820836302227,0.029201433948213586,0.008178549631473943,0.04418425876641849,20,41,0.0100589184237076,0.20759170702756494,True,False,False,7.792390949787496e-06,COMPLETE
807,0.422205138206482,2025-04-04 11:44:56.707288,2025-04-04 11:46:23.092913,0 days 00:01:26.385625,0.3222598486196462,0.12310332366519883,2,0.24991966954269,0.05447513116930901,0.03184943045979102,0.003953717316336031,0.028120529527426504,0.013284808321212663,0.04300279080200357,21,99,0.01300060626237181,0.20580518196575098,True,False,False,1.3098152147452266e-05,COMPLETE
808,0.47213508486747746,2025-04-04 11:46:23.346048,2025-04-04 11:47:41.698208,0 days 00:01:18.352160,0.34128940935437346,0.11838087058421598,2,0.23506002989985197,0.058211696821248195,0.031334510469322556,0.0392480887465921,0.024633917032078068,0.01034163064040629,0.04988997012214728,19,40,0.010684140700223018,0.1978170564120762,True,False,False,8.498717264487107e-06,COMPLETE
809,0.414820271730423,2025-04-04 11:47:41.966092,2025-04-04 11:49:03.615747,0 days 00:01:21.649655,0.3604196865321315,0.10323817623359159,2,0.24098656910137353,0.04913424334869353,0.03470301268759814,0.05512559321330376,0.031195701736735214,0.007821300520561934,0.030444543053492687,20,39,0.013346696013475842,0.2050616925791237,True,False,False,1.0643676236370818e-05,COMPLETE
810,0.4815164148807526,2025-04-04 11:49:03.884186,2025-04-04 11:50:29.568425,0 days 00:01:25.684239,0.3158289379853266,0.09370780641459803,2,0.2607229946712963,0.06231460931017136,0.02963924850772698,0.05217296327264807,0.02498211371520313,0.06533692955181442,0.034330730369888464,21,45,0.009682393074949861,0.21291305373464633,True,False,False,7.697603899829712e-06,COMPLETE
811,0.46476291418075566,2025-04-04 11:50:29.826152,2025-04-04 11:51:54.831175,0 days 00:01:25.005023,0.36538535802364697,0.11630441079610482,2,0.24987932967591608,0.04785697731771993,0.025122509503027073,0.0032573792373746797,0.029318686056231308,0.0999060642438285,0.059910471735677845,21,36,0.04335150030486269,0.20791732769189727,True,False,False,8.8895421516017e-06,COMPLETE
812,0.507993483543396,2025-04-04 11:51:55.099933,2025-04-04 11:53:26.471926,0 days 00:01:31.371993,0.3488622635910357,0.13701665056434809,2,0.25692425479280717,0.06184979169924851,0.029528893137475302,0.006085120050009595,0.03329367003808815,0.008869782252444116,0.043174100362670095,23,40,0.011055757140088543,0.1997041583720601,True,False,False,6.910453509986126e-06,COMPLETE
813,0.4461396992206574,2025-04-04 11:53:26.739848,2025-04-04 11:54:54.878252,0 days 00:01:28.138404,0.33613867924699525,0.09485057525137311,2,0.26685612794631924,0.04387096635035572,0.03508273607213565,0.09296633854360387,0.029105556829808213,0.010683497969968196,0.026046961618382828,22,45,0.012987683467430202,0.21402809194913214,True,False,False,1.6250827523163223e-05,COMPLETE
814,0.8083754897117615,2025-04-04 11:54:55.136571,2025-04-04 11:56:07.670970,0 days 00:01:12.534399,0.3705587189175453,0.08724667603911433,2,0.24518281005619524,0.05428841762808026,0.026862428709352456,0.0010316962737933085,0.02833382688897463,0.00845823023726187,0.06660307926551534,17,48,0.008827462604264105,0.2037710871411503,True,False,False,4.987892420124618e-06,COMPLETE
815,0.5155209064483642,2025-04-04 11:56:07.939616,2025-04-04 11:57:19.604016,0 days 00:01:11.664400,0.3647668999411584,0.11163707148125006,2,0.24216820458108604,0.05833447179446928,0.027761106917680887,0.0877560127011647,0.026870352373702444,0.012402990296554757,0.06997098809045968,17,49,0.010562257775923591,0.2021418848070889,True,False,False,4.003542639363043e-06,COMPLETE
816,0.3981049954891205,2025-04-04 11:57:19.875116,2025-04-04 11:58:32.084953,0 days 00:01:12.209837,0.33419361796829267,0.09487821938576643,2,0.2481228571898486,0.05479932448916366,0.025932924048669405,0.002501346551568068,0.028787478105246515,0.00948379805978417,0.052330076004605736,17,45,0.012897714510426568,0.19210023231014775,True,False,False,4.2806417684736905e-06,COMPLETE
817,0.2882176756858826,2025-04-04 11:58:32.340400,2025-04-04 11:59:36.832056,0 days 00:01:04.491656,0.35648278685307405,0.1332959354458556,2,0.25084795611201616,0.06249937983716798,0.032516855704833134,0.002937085257455847,0.028905216687838083,0.011395096739555351,0.07986962007650364,17,42,0.00933413418056259,0.20871739338099482,True,True,True,5.381666530337477e-06,COMPLETE
818,0.35161863565444945,2025-04-04 11:59:37.104386,2025-04-04 12:00:49.482372,0 days 00:01:12.377986,0.31111844920775633,0.08127518488455705,2,0.24276402221749224,0.05267329457709253,0.0270405866339823,0.002422540397846962,0.024894105661975134,0.008468564754561304,0.06869646041737483,17,50,0.008609677408855418,0.19401262815375375,True,False,False,1.1823472625030812e-05,COMPLETE
819,0.41376641988754276,2025-04-04 12:00:49.751794,2025-04-04 12:02:24.242720,0 days 00:01:34.490926,0.3741683546459999,0.09064915124481865,2,0.22927947700981793,0.05540297332651002,0.03036908006339658,0.004708335112495766,0.026238382496458126,0.007949339903517408,0.06064094534224359,24,43,0.046279445324204284,0.2046050187999631,False,False,False,6.934000239539527e-06,COMPLETE
820,0.8201645255088806,2025-04-04 12:02:24.501749,2025-04-04 12:03:49.942837,0 days 00:01:25.441088,0.3837360514419409,0.12027056531742185,2,0.23714967415798205,0.04878319257026261,0.01997374184713751,0.0716216234056761,0.029276675622674893,0.009838164836244456,0.09649559686833606,21,47,0.011128546604997359,0.19768019889747307,True,False,False,4.932646341525936e-06,COMPLETE
821,0.3807989537715912,2025-04-04 12:03:50.213223,2025-04-04 12:05:08.171973,0 days 00:01:17.958750,0.33865743141890914,0.1326321648163918,2,0.23554258332567765,0.061670858348017936,0.017657676546215015,0.0012899395609479183,0.02964833409106249,0.014104045809314576,0.08533462166046574,19,47,0.012983181663497025,0.18963744340764013,True,False,False,3.932179202597083e-06,COMPLETE
822,0.44004767537117007,2025-04-04 12:05:08.444152,2025-04-04 12:06:29.628679,0 days 00:01:21.184527,0.35727086855601864,0.12572352549045093,2,0.240042172365342,0.0499037222209696,0.020060218820309623,0.05842908460487942,0.030320982190680315,0.012056499413631334,0.09721835388585895,20,45,0.011266764386092244,0.1946589828106248,True,False,False,8.777043567496037e-06,COMPLETE
823,0.3536311566829682,2025-04-04 12:06:29.904078,2025-04-04 12:07:45.608837,0 days 00:01:15.704759,0.38121675150383544,0.11004369325960252,2,0.2312774703191609,0.05383670920747023,0.02289459266720799,0.07781325480790978,0.023567582528213393,0.010722622758054967,0.09936773941417759,18,48,0.013118199724749209,0.1999993824902869,True,False,False,5.1935876814407225e-06,COMPLETE
824,0.35389615297317506,2025-04-04 12:07:45.866940,2025-04-04 12:09:11.411374,0 days 00:01:25.544434,0.3185749568300285,0.1112669735705332,2,0.2467808350803092,0.20176217713738426,0.015552413003341673,0.04152366955673871,0.027958786917739134,0.009888793387616083,0.07284362577456993,21,52,0.011251851726629425,0.0026060487549101896,True,False,False,6.7702405927022105e-06,COMPLETE
825,0.41253719925880433,2025-04-04 12:09:11.689702,2025-04-04 12:10:34.264868,0 days 00:01:22.575166,0.37575643369296857,0.10151661972196016,2,0.25272255369817576,0.04921945113332127,0.018652467797605227,0.06311615063219053,0.02631474364322388,0.014647017245517079,0.09898478597600845,20,43,0.010327480087486657,0.19946275847121653,True,False,False,4.111426375371425e-06,COMPLETE
826,0.4159941256046295,2025-04-04 12:10:34.538799,2025-04-04 12:11:49.835780,0 days 00:01:15.296981,0.34969166406108637,0.08788268235676247,2,0.24654149886449223,0.05739424172487654,0.021553784709865482,0.07109037764908341,0.03278822867703566,0.012689643693144802,0.08152317180914614,18,50,0.013702205660063051,0.20635641634875743,True,False,False,9.572321054989322e-06,COMPLETE
827,0.3471617221832276,2025-04-04 12:11:50.098163,2025-04-04 12:12:58.732431,0 days 00:01:08.634268,0.36584354028269556,0.0822685693261373,2,0.23980174968677884,0.04702306603296469,0.02473817983331766,0.08290832553978815,0.020170682277673782,0.00839420416711746,0.058232868944614914,16,41,0.011721657285834615,0.1963880972053024,True,False,False,4.879108162797361e-06,COMPLETE
828,0.4092223644256592,2025-04-04 12:12:59.005869,2025-04-04 12:14:15.860088,0 days 00:01:16.854219,0.32993019465914164,0.1516024987794825,2,0.2547539717068113,0.06337678244559755,0.02071108945806061,0.0012621001603798877,0.030798226288331843,0.011050838836352533,0.048233172683939264,18,53,0.009239111334501502,0.21310787219913702,True,False,False,6.531964550925916e-06,COMPLETE
829,0.42196264266967776,2025-04-04 12:14:16.138629,2025-04-04 12:15:40.063071,0 days 00:01:23.924442,0.38230324406233773,0.11777587855986468,2,0.2359619579576443,0.049583523370492134,0.023455927829265057,0.06696328247059631,0.021758222879723198,0.009660984917113341,0.07424947013857347,21,47,0.055020526563659355,0.2033616929702454,True,False,False,1.2415795990791185e-05,COMPLETE
830,0.5102199673652649,2025-04-04 12:15:40.326500,2025-04-04 12:17:05.984519,0 days 00:01:25.658019,0.3502561436078554,0.08092471262662823,2,0.2447776762249182,0.05705119056715421,0.029009404614663573,0.003063895473619993,0.030845749425852862,0.007782721811761496,0.04130329347218806,21,43,0.00867621821589788,0.2166302561734572,True,False,False,3.587468312211266e-06,COMPLETE
831,0.41160045266151435,2025-04-04 12:17:06.260381,2025-04-04 12:18:27.260107,0 days 00:01:20.999726,0.38514312218079494,0.10980199113244545,2,0.2599780772467933,0.045125908306858004,0.017363671847840795,0.048005374462691416,0.026229261516503958,0.088853056997717,0.06630364125609133,20,39,0.01106545498900855,0.21006767432574103,True,False,False,7.33948957729964e-06,COMPLETE
832,0.4117844998836518,2025-04-04 12:18:27.537861,2025-04-04 12:19:55.212121,0 days 00:01:27.674260,0.3661349152493385,0.07710937955595133,2,0.2533698764866984,0.05296356199044496,0.025856183091053343,0.061031673222684615,0.027257583574029277,0.007729412096065889,0.08203102521951906,22,34,0.008019979835142625,0.1931671506359102,True,False,False,5.9293089935081715e-06,COMPLETE
833,0.41470649838447576,2025-04-04 12:19:55.474756,2025-04-04 12:21:15.145577,0 days 00:01:19.670821,0.34357282393548766,0.4319578983342375,2,0.26489067315735715,0.04411118748736276,0.026671971242807038,0.004579057506938312,0.0304596220532611,0.013150996993218495,0.05321893739599652,19,52,0.010152310756896373,0.2866409134792772,True,False,False,4.692036640567014e-06,COMPLETE
834,0.3492248415946961,2025-04-04 12:21:15.421500,2025-04-04 12:22:37.749227,0 days 00:01:22.327727,0.3860031951128365,0.13391007451237885,2,0.2601226435721928,0.06384064851148769,0.02220706901948287,0.0037008930533516072,0.032993245581909386,0.009625734922999837,0.09991690932212004,20,48,0.013315787880179498,0.20446280186422724,True,False,False,8.497837559559055e-06,COMPLETE
835,0.41978929042816165,2025-04-04 12:22:38.026777,2025-04-04 12:24:02.981396,0 days 00:01:24.954619,0.3174256083338782,0.09632552414220992,2,0.24726858685387623,0.05022517793039121,0.03095939651262127,0.049750322125594264,0.029989422883462916,0.011269651444241118,0.06474562911721764,21,43,0.032434955057669815,0.19856516413175965,True,False,False,3.718529252292214e-06,COMPLETE
836,0.4154894471168518,2025-04-04 12:24:03.246884,2025-04-04 12:25:19.213140,0 days 00:01:15.966256,0.3675378257497465,0.07435945675134269,2,0.2815266623112779,0.056681425984083815,0.03662254293075947,0.0010159056988441654,0.03404569101817013,0.0075281982754941594,0.046995328457802375,18,39,0.007613591750036497,0.2782305885466703,True,False,False,1.0885686109766964e-05,COMPLETE
837,0.3287261784076691,2025-04-04 12:25:19.489917,2025-04-04 12:26:19.896877,0 days 00:01:00.406960,0.3906240677316901,0.14038911496308604,2,0.2561657320030857,0.043026698073850934,0.033964876938887785,0.004880393665939545,0.03283452373972504,0.007826589730594543,0.03795129755487701,16,47,0.010961508457222442,0.18967226649399088,True,False,True,1.5405449950159924e-05,COMPLETE
838,0.3474903464317322,2025-04-04 12:26:20.179919,2025-04-04 12:27:38.680608,0 days 00:01:18.500689,0.3410870953126862,0.06758936707864044,2,0.15885502297554616,0.049275913710094495,0.028606187724971862,0.09062915126535709,0.02808790059106385,0.06693105296497473,0.08203844385570076,23,47,0.009158313354728068,0.2113398994224132,True,True,False,5.671580039445359e-06,COMPLETE
839,0.4095879137516022,2025-04-04 12:27:38.946772,2025-04-04 12:29:06.987720,0 days 00:01:28.040948,0.35766830286462925,0.09968445474649244,2,0.2694963534572586,0.04350262457941517,0.031687442694228254,0.07985401527295569,0.02897057596298852,0.009618198639772079,0.059701169099049316,22,51,0.008511102460635172,0.203892236766777,False,False,False,7.987799530087386e-06,COMPLETE
840,0.35095744132995604,2025-04-04 12:29:07.263135,2025-04-04 12:30:31.939177,0 days 00:01:24.676042,0.3904502381337043,0.724538623084238,2,0.23134563218479665,0.05535133596317987,0.023320715811769917,0.08425274243224717,0.036168885401877016,0.007472557225863383,0.07146088244087002,21,36,0.012077720380517045,0.2730545487836645,True,False,False,4.723443075996052e-06,COMPLETE
841,0.8611457228660584,2025-04-04 12:30:32.219994,2025-04-04 12:31:44.611347,0 days 00:01:12.391353,0.3705107838096907,0.06971140688215784,2,0.238300888213295,0.04147111995245422,0.024638342678862214,0.0012082461529295064,0.031830041951150204,0.00711942977475947,0.05430962215135375,17,54,0.007817790427528613,0.2182035037200673,True,False,False,6.307687340694515e-06,COMPLETE
842,0.3698162078857422,2025-04-04 12:31:44.890667,2025-04-04 12:32:57.408652,0 days 00:01:12.517985,0.32105760514792014,0.11614745336878564,2,0.23787657638137377,0.17431423594663578,0.024955831687574787,0.07605940818735657,0.03005650048229238,0.009832495699427065,0.05184582769283957,17,57,0.010354659004147235,0.2147243747201036,True,False,False,1.0002318052529216e-05,COMPLETE
