number,value,datetime_start,datetime_complete,duration,params_alpha-eval,params_alpha-train,params_batch-size,params_eps-eval,params_eps-train,params_lambda-actions-eval,params_lambda-actions-train,params_lambda-frames-eval,params_lambda-frames-train,params_learning-rate,params_n-epochs,params_n-frames,params_radius-gw,params_rho,params_std-feats,params_ub-actions,params_ub-frames,params_weight-decay,state
1353,0.3617917180061341,2025-04-04 22:34:10.228083,2025-04-04 22:34:46.228313,0 days 00:00:36.000230,0.050922675412611584,0.21216664881060834,2,0.2243335783459034,0.051281279022062115,0.02144806251520569,0.038688059225686446,0.006480836830893141,0.08921470916522493,0.0636312293430447,7,48,0.006307090791521456,0.15141756150249672,True,False,True,1.218042540150676e-07,COMPLETE
1354,0.3567348957061768,2025-04-04 22:34:46.685643,2025-04-04 22:35:22.420734,0 days 00:00:35.735091,0.09276024525706195,0.1708321103370984,2,0.23276976673233674,0.06966437240984762,0.019071484900831034,0.046472994030470616,0.008548281217646534,0.0824379369702455,0.09994295449660884,7,44,0.002676895617714615,0.13173958691028148,True,False,True,1.931181078937489e-07,COMPLETE
1355,0.41590936183929444,2025-04-04 22:35:22.863515,2025-04-04 22:35:55.647894,0 days 00:00:32.784379,0.07386895191098797,0.2390080360573452,2,0.2391141559862603,0.05632253912124451,0.020997890437431672,0.04261794387344586,0.005733442301790013,0.08792160563639725,0.07845389726337526,6,51,0.005297481083208336,0.15623959168665036,True,False,True,8.368477209800917e-08,COMPLETE
1356,0.29052439928054813,2025-04-04 22:35:56.086876,2025-04-04 22:36:28.864721,0 days 00:00:32.777845,0.120361968570867,0.19016160866024362,2,0.24932716179985526,0.06657249034309812,0.02337957507396758,0.04005075862538628,0.004931521356913308,0.0805198672586896,0.0629874879983053,6,55,0.005926586870692665,0.14712243093678928,True,True,True,1.1486999375835856e-07,COMPLETE
1357,0.3844143271446228,2025-04-04 22:36:29.304620,2025-04-04 22:36:59.453267,0 days 00:00:30.148647,0.1023085345916348,0.21089941363739617,2,0.2252949433809998,0.09838127484999815,0.01638802444233656,0.04135400125694605,0.00917914625066891,0.0812957042123659,0.07216227907742681,5,47,0.004203047338836385,0.14126878043738234,False,False,True,2.2643650427016352e-07,COMPLETE
1358,0.6125210046768189,2025-04-04 22:36:59.891483,2025-04-04 22:37:32.610696,0 days 00:00:32.719213,0.1356346839230044,0.17639074170942742,2,0.25429268673268424,0.059531888310121406,0.019055317934933345,0.04444146668705766,0.0063321450974569765,0.07799184298715175,0.057455530301389314,6,43,0.0062034208835467005,0.15101429999828397,True,False,True,1.5017302128587743e-07,COMPLETE
1359,0.8788195848464966,2025-04-04 22:37:33.048647,2025-04-04 22:38:09.084389,0 days 00:00:36.035742,0.05991950059096682,0.21399686541108565,2,0.2436723176735805,0.052786722556088496,0.02349355612942786,0.039078221311681274,0.00427982302049495,0.048358540648154105,0.0716379969033879,7,53,0.003592158824351474,0.1578820936065882,True,False,True,8.909898964078875e-08,COMPLETE
1360,0.34475067257881165,2025-04-04 22:38:09.558178,2025-04-04 22:38:47.871983,0 days 00:00:38.313805,0.11694839443071961,0.19215314675151746,2,0.2396705116141937,0.06980970062588816,0.015329206635109496,0.03870578632017214,0.00828148334472415,0.07896364105621267,0.05870230705185108,8,49,0.007175493951849602,0.1271494017218635,True,False,True,4.480462161524967e-08,COMPLETE
1361,0.9992454767227174,2025-04-04 22:38:48.315958,2025-04-04 22:39:21.483315,0 days 00:00:33.167357,0.09079604320834606,0.23778704140070614,2,0.2313867977769116,0.06401758551251269,0.021058352148561377,0.0414956883053217,0.009460036481544585,0.08323589115253271,0.0849936935044031,6,45,0.0011213975860491056,0.16410816206844792,True,False,True,6.749672084552915e-08,COMPLETE
1362,0.41590936183929444,2025-04-04 22:39:21.925537,2025-04-04 22:39:55.012208,0 days 00:00:33.086671,0.08112198598233827,0.23316333997540456,2,0.23019940936788752,0.04995388918305704,0.021389247734605966,0.04586209596578774,0.011089575543088767,0.08594769666116844,0.08662254997182608,6,50,0.0015826969352221287,0.15792813624784058,True,False,True,6.948775067971018e-08,COMPLETE
1363,0.4497877895832062,2025-04-04 22:39:55.451690,2025-04-04 22:40:28.387925,0 days 00:00:32.936235,0.08347336712168528,0.25062494280475334,2,0.23535109552594044,0.05647390748795802,0.022941780475179033,0.0413724034957495,0.009878084326480819,0.08389983078270848,0.08521507609673051,6,46,0.002796995898271281,0.15335542885896986,True,False,True,6.500182388901334e-08,COMPLETE
1364,0.9492881536483766,2025-04-04 22:40:28.831030,2025-04-04 22:41:04.497691,0 days 00:00:35.666661,0.0462150119460707,0.2420094648814145,2,0.23242169110240027,0.06199437437559008,0.023566881710554596,0.04326188407225852,0.010924249165336923,0.08426381065834354,0.08659542300272849,7,54,0.0016102905635559644,0.16127836056388742,True,False,True,5.5281542974372206e-08,COMPLETE
1365,0.5932798624038697,2025-04-04 22:41:04.940169,2025-04-04 22:41:37.865632,0 days 00:00:32.925463,0.09431077934355371,0.24172731324334884,2,0.2269723447009815,0.05060301156624487,0.02097728715292707,0.042083252127812526,0.008988983675150655,0.08101122722122857,0.08352469672589423,6,51,0.0013755769173251025,0.14599336265146212,True,False,True,9.954420734262668e-08,COMPLETE
1366,0.4873407959938049,2025-04-04 22:41:38.310901,2025-04-04 22:42:14.326349,0 days 00:00:36.015448,0.07355947257981307,0.23798402990670436,2,0.23677184726169556,0.061219956648822633,0.024239384380390933,0.043358669685998975,0.012526458928608378,0.08575274642203652,0.07497022788206176,7,57,0.002721915921818203,0.1523467497545787,True,False,True,3.906981033448716e-08,COMPLETE
1367,0.9967438459396363,2025-04-04 22:42:14.789147,2025-04-04 22:42:44.962175,0 days 00:00:30.173028,0.01031493888684376,0.40892611394354345,2,0.23069351325125312,0.05623799359531838,0.021793731311744797,0.040788109087714075,0.007628535220531729,0.08249844704827697,0.0996611992986962,5,48,0.0016992525910458594,0.16268684249615034,True,False,True,7.321868504527891e-08,COMPLETE
1368,0.9093508481979371,2025-04-04 22:42:45.421336,2025-04-04 22:43:15.886738,0 days 00:00:30.465402,0.0587988024654961,0.44061968625341785,2,0.22583561427124105,0.051188950540172105,0.02000932273491546,0.04104457190192632,0.009692389661556267,0.08148331850146423,0.09999373128026483,5,47,0.0017129052479134968,0.15697058677913056,True,False,True,8.153691537111798e-08,COMPLETE
1369,0.41896736621856695,2025-04-04 22:43:16.334299,2025-04-04 22:43:46.483826,0 days 00:00:30.149527,0.02834142806018923,0.38608981701448003,2,0.23015302360764367,0.048269945085223184,0.021591757566498154,0.044804806214504354,0.011026032661368606,0.08278934668832823,0.09960205092614531,5,45,0.0014327598173668613,0.16249812853103585,True,False,True,8.22009313946731e-08,COMPLETE
1370,0.41350868344306946,2025-04-04 22:43:46.929922,2025-04-04 22:44:17.199679,0 days 00:00:30.269757,0.029615738280144216,0.426506650961956,2,0.23217057902496227,0.055196587646677814,0.019885579885351983,0.04028813971575073,0.008355195698326085,0.08390564011203189,0.08781425187823468,5,48,0.0020037510359060214,0.16381485934549173,True,False,True,5.566282983716342e-08,COMPLETE
1371,0.4158081948757172,2025-04-04 22:44:17.644130,2025-04-04 22:44:47.890403,0 days 00:00:30.246273,0.02326661143524853,0.49991656986006133,2,0.23310813173798717,0.05449128190784437,0.02136586184001043,0.09395711535254878,0.012134963258877758,0.08242171697469922,0.0884699994357436,5,46,0.0019199377930132384,0.1642449526187028,True,False,True,6.924115678395954e-08,COMPLETE
1372,0.4156838178634644,2025-04-04 22:44:48.331581,2025-04-04 22:45:21.008609,0 days 00:00:32.677028,0.03309945969628676,0.3462368678501336,2,0.22306710534616553,0.04930709290254757,0.018097725216584003,0.04324003631251928,0.009978833278952604,0.08019554918936661,0.09666400792756968,6,45,0.0051277599648246516,0.15586058458697538,True,False,True,7.069166901752679e-08,COMPLETE
1373,0.34810131788253784,2025-04-04 22:45:21.471824,2025-04-04 22:45:51.613757,0 days 00:00:30.141933,0.02587368910292987,0.318639280910514,2,0.2230087471692789,0.056031296400814015,0.019273784915054413,0.03944898499041452,0.024305707445755814,0.08762793597482005,0.09742599697604457,5,49,0.0025931160332273006,0.14878021577408043,True,False,True,9.436079331590902e-08,COMPLETE
1374,0.5488780975341797,2025-04-04 22:45:52.064322,2025-04-04 22:46:25.156723,0 days 00:00:33.092401,0.01262702033175479,0.3898002599564255,2,0.2280364570694104,0.047007845199858005,0.022537256843082484,0.041422144697332415,0.008864705147267164,0.08454753462455096,0.0764082459444788,6,50,0.001803092242030865,0.15600798499152907,True,False,True,4.8107880781267004e-08,COMPLETE
1375,0.41534600853919984,2025-04-04 22:46:25.604697,2025-04-04 22:46:55.739446,0 days 00:00:30.134749,0.017543876714643636,0.4564379240549869,2,0.2223322526703562,0.05987260773130428,0.021608168557779833,0.0456156245843339,0.007823952466588898,0.0824726648079977,0.08461060908475833,5,44,0.0014934839991579615,0.16277788196845014,True,False,True,7.331039675971135e-08,COMPLETE
1376,0.41164618730545044,2025-04-04 22:46:56.190168,2025-04-04 22:47:29.098112,0 days 00:00:32.907944,0.04620035018743903,0.2559665455371754,2,0.22954321898883637,0.05435771713592918,0.019943663639539862,0.038641051325322764,0.007005786402331654,0.0788684799665258,0.07902721809391594,6,49,0.004407603803511472,0.1684219378720996,False,True,True,5.7842637279222006e-08,COMPLETE
1377,0.4155704855918884,2025-04-04 22:47:29.548946,2025-04-04 22:48:02.818689,0 days 00:00:33.269743,0.04499319327307229,0.3740323797538991,2,0.23752585566804366,0.04814347570531557,0.023049628784540022,0.08419498187736889,0.011513481897301614,0.08729458003937922,0.09808635045690439,6,51,0.0010476479115533522,0.16677337289640348,True,False,True,1.1359411471316445e-07,COMPLETE
1378,0.6085952401161194,2025-04-04 22:48:03.267029,2025-04-04 22:48:33.828018,0 days 00:00:30.560989,0.012726500891316356,0.22812025797573401,2,0.23574035216528125,0.06091836671493161,0.019169678627792983,0.042902244152285614,0.06774102830168825,0.0857992145914802,0.0998345782875455,5,43,0.0013419354069960556,0.15213951735771442,True,False,True,8.664449373198672e-08,COMPLETE
1379,0.26702772378921513,2025-04-04 22:48:34.297039,2025-04-04 22:49:07.316502,0 days 00:00:33.019463,0.7566945049722669,0.40113385880357644,2,0.2215495878893811,0.05617215257839043,0.018087522661309197,0.040652691747718635,0.05858021291694947,0.0809329435824133,0.07738071608521122,6,47,0.004292789330646635,0.14230105155835943,True,False,True,7.182139088140845e-08,COMPLETE
1380,0.9838702559471131,2025-04-04 22:49:07.768613,2025-04-04 22:49:37.845723,0 days 00:00:30.077110,0.049460559630813056,0.26062842951993415,2,0.22782409937380863,0.06327288307129592,0.02413429466172632,0.03806061698902345,0.006462831946978442,0.08351996511985565,0.07217353095046472,5,52,0.004216222162668945,0.15935661632081524,True,False,True,3.9150618729485263e-08,COMPLETE
1381,0.488559764623642,2025-04-04 22:49:38.297508,2025-04-04 22:50:08.398449,0 days 00:00:30.100941,0.02220849781234737,0.2789222367631631,2,0.23157351911011764,0.04904162103884142,0.024583038020322467,0.03931881821752362,0.005963144046663042,0.07646485371781016,0.07346712560936472,5,52,0.0029080133769312693,0.15464014997596973,True,False,True,3.342805729356527e-08,COMPLETE
1382,0.5965044379234314,2025-04-04 22:50:08.847120,2025-04-04 22:50:39.149540,0 days 00:00:30.302420,0.04922377196930268,0.32367365584240854,2,0.2288215810315692,0.05763762982135674,0.02234058387174436,0.04180256231230978,0.006755116097530666,0.07900842829382564,0.0751401881951182,5,54,0.0012294403090674431,0.14872061689450597,True,False,True,2.4481343484008373e-08,COMPLETE
1383,0.4149421334266663,2025-04-04 22:50:39.597823,2025-04-04 22:51:09.889224,0 days 00:00:30.291401,0.03880230634547378,0.28182045584845894,2,0.24015675617574042,0.06419920880561883,0.024483448537740985,0.08682338712757898,0.005334832644307446,0.08106265777500081,0.08566511026211675,5,53,0.0035138784823082513,0.15931294527635426,True,False,True,4.498451636505612e-08,COMPLETE
1384,0.4170455038547516,2025-04-04 22:51:10.335587,2025-04-04 22:51:40.742152,0 days 00:00:30.406565,0.06331580541202947,0.2910656494745204,2,0.22818483488089755,0.053620388422957466,0.023586163928001058,0.03824166350382893,0.004705040988970368,0.08295572530043925,0.06676584136793366,5,53,0.003241239253324698,0.14978434644857658,True,False,True,3.141299358980285e-08,COMPLETE
1385,0.9179250955581666,2025-04-04 22:51:41.209378,2025-04-04 22:52:13.972989,0 days 00:00:32.763611,0.058351212901901775,0.262599400199463,2,0.23369525986179904,0.060255111164872865,0.021718545742690075,0.04354681809396883,0.007614527074321284,0.08015171003676029,0.07012258199682106,6,50,0.0036917142452749015,0.15885155271605442,True,False,True,3.822324046159736e-08,COMPLETE
1386,0.4167655169963837,2025-04-04 22:52:14.425302,2025-04-04 22:52:44.549179,0 days 00:00:30.123877,0.03226279679737375,0.4115283980947568,2,0.2398158707127661,0.0471231371379508,0.024754452447054123,0.040631699328229465,0.013264547498518226,0.07073934737038781,0.08320682551027822,5,55,0.0035770753995308067,0.14443963830949355,True,False,True,4.210051796202846e-08,COMPLETE
1387,0.4117614686489105,2025-04-04 22:52:45.013402,2025-04-04 22:53:15.570546,0 days 00:00:30.557144,0.04160706527953519,0.29968990066178286,2,0.22662735461934574,0.054703793428710706,0.02037095846126098,0.044230241679919124,0.010242131668041506,0.07888170227931815,0.07064779521784398,5,51,0.0035953628692475623,0.15714762725562006,True,False,True,5.038683847368637e-08,COMPLETE
1388,0.4343025326728821,2025-04-04 22:53:16.020801,2025-04-04 22:53:31.396140,0 days 00:00:15.375339,0.03310273480448048,0.2618485801279724,16,0.2354986487643115,0.06455544065697097,0.02217662464251631,0.04668363119423288,0.006134412861999448,0.08278809526209872,0.08412508590510197,6,55,0.0039008926100317556,0.16166598058153,True,False,True,5.9552865062191406e-08,COMPLETE
1389,0.3472188711166382,2025-04-04 22:53:31.839899,2025-04-04 22:54:05.151549,0 days 00:00:33.311650,0.012481242868835937,0.4819520531548681,2,0.22224365322500808,0.06513996663750653,0.024463135156565997,0.03766781358456986,0.008891086799231215,0.08175004582401649,0.09982436120985469,6,49,0.0015897667475430139,0.15398006965577604,True,False,True,2.964480202894317e-08,COMPLETE
1390,0.36024825572967534,2025-04-04 22:54:05.622249,2025-04-04 22:54:35.804574,0 days 00:00:30.182325,0.05359571172153023,0.25425286509043243,2,0.2389741463727047,0.05881005797842904,0.020589623930301386,0.04131218901318771,0.0046661444554649935,0.07556937828594414,0.09998925870149533,5,52,0.0010304462400166341,0.16528854342438726,True,False,True,5.1031919270299576e-08,COMPLETE
1391,0.4160239934921265,2025-04-04 22:54:36.259258,2025-04-04 22:55:09.367627,0 days 00:00:33.108369,0.011516005871077059,0.2617580577467008,2,0.23194225102555183,0.05100857568677115,0.023110624373421006,0.03970077540364827,0.007192912850647068,0.07700382032437826,0.06353464144811459,6,48,0.00438948251730786,0.15873629431324132,True,False,True,3.956197540794685e-08,COMPLETE
1392,0.5755739092826844,2025-04-04 22:55:09.826069,2025-04-04 22:55:40.220306,0 days 00:00:30.394237,0.04217585783160576,0.24509250523599754,2,0.22558458969542142,0.059322581173037826,0.018593018570268956,0.03743001930687672,0.010275440683551188,0.08460225172057446,0.06897459477694297,5,55,0.00115697286554151,0.13720129529273875,True,False,True,4.517902870387826e-08,COMPLETE
1393,0.4160239934921265,2025-04-04 22:55:40.672416,2025-04-04 22:56:16.648457,0 days 00:00:35.976041,0.010862643365844828,0.2360828748680812,2,0.24290639677173184,0.047474848244600694,0.020907930705904396,0.04313967277703945,0.013804456958792694,0.07950865026807034,0.07306354006711961,7,43,0.0043011703728455105,0.14569805148629625,True,False,True,6.576690593516863e-08,COMPLETE
1394,0.29052439928054813,2025-04-04 22:56:17.095666,2025-04-04 22:56:50.319376,0 days 00:00:33.223710,0.06932415754580834,0.5270575229134138,2,0.22207488363092887,0.06611175270014816,0.02527596504743432,0.03922996221398092,0.005841357759986494,0.08230267051589031,0.08025399813715313,6,52,0.004807701110355356,0.16806347793254137,True,True,True,9.147055446403268e-08,COMPLETE
1395,0.4160239934921265,2025-04-04 22:56:50.768551,2025-04-04 22:57:21.430909,0 days 00:00:30.662358,0.06387087856805264,0.2874524242706344,2,0.23324101714076542,0.05403779158762091,0.017538373880669506,0.04716524722830547,0.012120139986690244,0.08084742147463041,0.06175371896617889,5,47,0.0010450823967238952,0.16215775918811517,False,False,True,2.420429556010785e-08,COMPLETE
1396,0.4091311872005463,2025-04-04 22:57:21.901157,2025-04-04 22:57:57.384142,0 days 00:00:35.482985,0.08067043841740831,0.2720617604936754,2,0.22537053072950525,0.06118019544403444,0.022523502996137545,0.0416636803886242,0.007773362202363508,0.07428729228117209,0.08306362332672451,7,56,0.005093569339409438,0.17108608294879463,True,False,True,5.99880899151446e-08,COMPLETE
1397,0.41266627907752995,2025-04-04 22:57:57.841247,2025-04-04 22:58:28.179749,0 days 00:00:30.338502,0.05805254761368422,0.37010277681655623,2,0.24224751841777845,0.07147195698835819,0.019388749246728492,0.03854506992862473,0.009869382909470807,0.08346020693949659,0.09915748858462149,5,44,0.001050795221423807,0.15229537158304704,True,False,True,7.089917005417298e-08,COMPLETE
1398,0.6792354822158814,2025-04-04 22:58:28.635960,2025-04-04 22:59:02.043164,0 days 00:00:33.407204,0.08125150303832343,0.2184933229984386,2,0.235696687877426,0.06600853786999553,0.024905776265191762,0.04536637950549999,0.004534532027500281,0.08522092501604951,0.0626488935010305,6,50,0.003402990366337326,0.15856710288659648,True,False,True,5.0269148548366085e-08,COMPLETE
1399,0.9987298250198364,2025-04-04 22:59:02.501021,2025-04-04 22:59:41.130726,0 days 00:00:38.629705,0.03671218975210671,0.24280520804496827,2,0.22092894661956364,0.05272091785788437,0.02122406263403093,0.08968023999030103,0.007505719454113777,0.052077957165531846,0.06570778241712685,8,54,0.0054235092288748895,0.1658683581550074,True,False,True,3.667901438464782e-08,COMPLETE
1400,0.4265259802341461,2025-04-04 22:59:41.581797,2025-04-04 23:00:20.014146,0 days 00:00:38.432349,0.038697130764408706,0.25609013356057214,2,0.2224513782436469,0.04779269273374787,0.02083883908424142,0.040649597869673836,0.012099688046390621,0.06668158458045254,0.08328734791206009,8,51,0.0039089796541455744,0.16387610669346891,True,False,True,3.0622963255938285e-08,COMPLETE
1401,0.3916790902614594,2025-04-04 23:00:20.487694,2025-04-04 23:00:56.397716,0 days 00:00:35.910022,0.010674234251148051,0.298903580637233,2,0.218123310672791,0.05020079531450441,0.019093373606108726,0.08375092630765066,0.008840875745441353,0.06414254647069191,0.07196637377622937,7,46,0.003085751937640902,0.1652575699655575,True,False,True,2.6501948362127114e-08,COMPLETE
1402,0.3474830746650696,2025-04-04 23:00:56.858086,2025-04-04 23:01:32.857239,0 days 00:00:35.999153,0.037200659994454675,0.3293364196493787,2,0.22743565915856698,0.04716162969245622,0.018182405359850804,0.08575017980149352,0.0176636829234112,0.056798782404517655,0.08487418099697468,7,42,0.0049671121939911765,0.16807847404699297,True,False,True,1.7938323100855312e-08,COMPLETE
1403,0.4433369576931,2025-04-04 23:01:33.314128,2025-04-04 23:02:11.694527,0 days 00:00:38.380399,0.03088013678571739,0.22226593244829562,2,0.2196239202229556,0.053539678911959696,0.02032944117473978,0.03735057820046795,0.011234829173995636,0.07879610880173017,0.07509980647062453,8,52,0.005513776808973928,0.15272650680218475,True,False,True,4.168010748147589e-08,COMPLETE
1404,0.36752889156341556,2025-04-04 23:02:12.152896,2025-04-04 23:02:53.307189,0 days 00:00:41.154293,0.050390636624855926,0.24351555300320435,2,0.22055733855059262,0.04517683141106482,0.016642386405089787,0.09410017269619173,0.013736356123130934,0.07802405530680816,0.06106463192455915,9,48,0.0032082912152098467,0.16059184610863408,True,False,True,3.263771093228979e-08,COMPLETE
1405,0.9971564292907715,2025-04-04 23:02:53.758769,2025-04-04 23:03:29.518214,0 days 00:00:35.759445,0.059536273042731416,0.2101051074706959,2,0.2254718020952624,0.04630634227590223,0.02175676463929448,0.05311389689326101,0.004023981567807731,0.029607914549365667,0.09912679162672686,7,53,0.005563573158279553,0.17214156986820717,True,False,True,3.2587429191616535e-08,COMPLETE
1406,0.42211533784866334,2025-04-04 23:03:29.972295,2025-04-04 23:04:05.652201,0 days 00:00:35.679906,0.06513217883250023,0.2650347139722597,2,0.22611485218405025,0.04769790666498183,0.01992618504122488,0.053242467591332075,0.0050386464835380385,0.040337109982443144,0.09898428732476018,7,58,0.0028723620399396417,0.17316977954523502,True,False,True,2.468689830847633e-08,COMPLETE
1407,0.6786003351211548,2025-04-04 23:04:06.127078,2025-04-04 23:04:41.909435,0 days 00:00:35.782357,0.05272107409378081,0.22995916585933682,2,0.22024347307208617,0.04699272067242963,0.021664413945832645,0.0536849038431764,0.003515042808926643,0.03067763344730641,0.08447730155859838,7,54,0.004778481170990965,0.17086089752536587,True,False,True,3.8325487491474556e-08,COMPLETE
1408,0.28991881012916565,2025-04-04 23:04:42.370679,2025-04-04 23:05:18.078188,0 days 00:00:35.707509,0.06975344492168062,0.9204331242807937,2,0.2260871811227797,0.04614018920612214,0.017796948796661414,0.05070866424430378,0.0035909073795448525,0.035959359464751914,0.08436901113665979,7,56,0.0031930545487907384,0.16749385755060445,True,False,True,2.7830595570036613e-08,COMPLETE
1409,0.3471617221832276,2025-04-04 23:05:18.535302,2025-04-04 23:05:34.785389,0 days 00:00:16.250087,0.04752540608401459,0.2829079813979499,16,0.22969745969318922,0.04397357386270982,0.019602299699313895,0.05443631534533377,0.0029264877019186722,0.0551797064708329,0.08409898202901263,8,53,0.0010588631258430328,0.1648270157740765,True,False,True,3.219538683489595e-08,COMPLETE
