number,value,datetime_start,datetime_complete,duration,params_alpha-eval,params_alpha-train,params_batch-size,params_eps-eval,params_eps-train,params_lambda-actions-eval,params_lambda-actions-train,params_lambda-frames-eval,params_lambda-frames-train,params_learning-rate,params_n-epochs,params_n-frames,params_radius-gw,params_rho,params_std-feats,params_ub-actions,params_ub-frames,params_weight-decay,state
1137,0.9987343311309814,2025-04-24 11:44:29.721990,2025-04-24 11:45:37.745600,0 days 00:01:08.023610,0.1897203452378594,0.5174868998689234,2,0.02842354155676196,0.0055824914904462775,0.08166845293561738,0.04606162762159491,0.026392047501704614,0.044750699901943435,0.015448854841248992,19,25,0.00265329160488795,0.13745652034507547,True,True,False,1.0943529599251984e-06,COMPLETE
1138,0.3868945896625519,2025-04-24 11:45:38.115297,2025-04-24 11:45:58.662308,0 days 00:00:20.547011,0.16302731356655636,0.9031404679280309,16,0.032809493608182194,0.004264904318511469,0.07891869444727972,0.04670789946547059,0.026500870797428105,0.04499508350297926,0.012835362643790376,19,26,0.002628926956272959,0.14217253854656742,True,True,False,1.2746735043010964e-06,COMPLETE
1139,0.34737100005149846,2025-04-24 11:45:59.032844,2025-04-24 11:47:04.033088,0 days 00:01:05.000244,0.1671477579750446,0.47775017853890195,2,0.028657309927017996,0.004919283418338974,0.08042652458490163,0.042959627315011094,0.02432225571550012,0.04352075804134145,0.014038116808358838,18,24,0.0035455283759614773,0.1369205874388112,True,True,False,1.1763090052748313e-06,COMPLETE
1140,0.7461513400077819,2025-04-24 11:47:04.404703,2025-04-24 11:48:12.267144,0 days 00:01:07.862441,0.1785467688556676,0.49353682314637615,2,0.025109270575160228,0.0004048619542850341,0.08116973096336225,0.043566503697547124,0.026163260415216657,0.044904256947575494,0.015970344199077655,19,24,0.0024671883978009887,0.15035775459399825,True,True,False,3.90602282587118e-07,COMPLETE
1141,0.5530762314796448,2025-04-24 11:48:12.638355,2025-04-24 11:49:18.319450,0 days 00:01:05.681095,0.19526069212296734,0.4662318717670239,2,0.02863312160114135,0.005309474400543357,0.07757102843977505,0.045316633328205305,0.027077163032173564,0.04294648473390372,0.016683374077631867,18,25,0.0011015219850895237,0.14562261821413958,True,True,False,1.7352130097553852e-06,COMPLETE
1142,0.40379667878150943,2025-04-24 11:49:18.692047,2025-04-24 11:50:26.839626,0 days 00:01:08.147579,0.19507112130232038,0.8702541722117223,2,0.03177762348096108,0.010104811949238741,0.07983836043245678,0.042616930021547296,0.02883803766627032,0.04711946450920246,0.015579159710714663,19,21,0.004117645446364957,0.13693633471751107,True,True,False,5.197810377112136e-07,COMPLETE
1143,0.5467536568641662,2025-04-24 11:50:27.217373,2025-04-24 11:51:35.495304,0 days 00:01:08.277931,0.20529643787581148,0.516645235223666,2,0.021756421162726608,0.0067253320911573825,0.08244216870883948,0.044763799478167464,0.024842322461761365,0.045929289530563924,0.019387003837527603,19,24,0.004917480739739471,0.13329525289285968,True,True,True,1.904760340977205e-06,COMPLETE
1144,0.5528591752052308,2025-04-24 11:51:35.867846,2025-04-24 11:52:41.086456,0 days 00:01:05.218610,0.18194855686686262,0.5068374155715726,2,0.026295862477648934,0.010167645867417429,0.0814175577732299,0.04495489034581851,0.027617678114613374,0.041547586898794696,0.012544765130297904,18,22,0.0023592083259367375,0.14353068281812184,True,True,False,1.4874808687890768e-06,COMPLETE
1145,0.37348335981369024,2025-04-24 11:52:41.462366,2025-04-24 11:53:49.110694,0 days 00:01:07.648328,0.13562585317545733,0.5183706970362975,2,0.018926631763222884,0.0046806166330928545,0.07853048720180231,0.06211312125217884,0.023172639491859007,0.042798785696461686,0.014828806209351545,19,26,0.0051197126345447095,0.13989583347007342,True,True,False,9.137380591498016e-07,COMPLETE
1146,0.37740618586540225,2025-04-24 11:53:49.486415,2025-04-24 11:54:57.283976,0 days 00:01:07.797561,0.14211026433443935,0.840370866865406,2,0.023303263981631538,0.013236288686407216,0.08287750874177091,0.056212079064101035,0.029163716148279208,0.045543621657497646,0.018279636617246072,19,21,0.0036723844750817204,0.13382197819692462,True,True,False,2.3803730034558987e-06,COMPLETE
1147,0.8716699838638307,2025-04-24 11:54:57.660995,2025-04-24 11:56:03.200111,0 days 00:01:05.539116,0.19164328065169586,0.49858484489191496,2,0.015175555707381896,0.0002790660038635498,0.08023061714683058,0.04585837304232231,0.0263704194615904,0.04722626789600272,0.013107259443902187,18,27,0.006423466656004906,0.1524643532264455,True,True,False,1.0858202809513475e-06,COMPLETE
1148,0.5292810559272766,2025-04-24 11:56:03.559230,2025-04-24 11:57:11.550751,0 days 00:01:07.991521,0.21466329387040184,0.530977673860441,2,0.030467038840931493,0.00025274073410791464,0.08342901140137278,0.011953428300924308,0.03131229675892983,0.04374897022789653,0.020633490707931742,19,19,0.002671634455506707,0.13205507074905987,True,True,False,1.0427756073624817e-06,COMPLETE
1149,0.4147761106491089,2025-04-24 11:57:11.920285,2025-04-24 11:58:22.330081,0 days 00:01:10.409796,0.1518510957562084,0.5286642995024038,2,0.0144469172551414,0.018523444223411144,0.08153725297089787,0.04281461772305066,0.028618808105977694,0.02342778882869869,0.01663861235385594,20,23,0.004858833058359256,0.13789999045716161,True,True,False,8.254129380294373e-08,COMPLETE
1150,0.35457835197448734,2025-04-24 11:58:22.702067,2025-04-24 11:59:24.825481,0 days 00:01:02.123414,0.2200615474244149,0.4835352766643179,2,0.011093849802539132,0.21737074662541994,0.08463231562455491,0.04787006230355077,0.0213565781115686,0.04025245508098123,0.022379092611944984,17,19,0.001014461557506185,0.14662918044949996,True,True,False,2.2562742684141963e-06,COMPLETE
1151,0.3941547751426697,2025-04-24 11:59:25.196345,2025-04-24 12:00:31.239167,0 days 00:01:06.042822,0.21070923615165735,0.5414670255148134,2,0.021617140770681192,0.009596144889550382,0.07812193318969787,0.060452973111343615,0.029150430954196595,0.04901123165763288,0.01732862960193714,18,26,0.0071426911532924435,0.12796972887426214,False,True,True,1.43853808080861e-06,COMPLETE
1152,0.3868114292621613,2025-04-24 12:00:31.609220,2025-04-24 12:00:58.843037,0 days 00:00:27.233817,0.21970583053507897,0.3683661271452218,8,0.006251508832174092,0.02235148396251715,0.08203804914448143,0.023056729014328103,0.026106624638165543,0.04706451296464195,5.682445122758216e-05,19,23,0.0035797477290228814,0.1332578255725413,True,True,False,3.035968829437415e-06,COMPLETE
1153,0.680099630355835,2025-04-24 12:00:59.214030,2025-04-24 12:01:29.456248,0 days 00:00:30.242218,0.23563678774969088,0.5156533345206069,2,0.01605746214234733,0.01361073665317588,0.08443645356394822,0.05426027685753908,0.03054853283243416,0.04465166495598694,0.021205059622910933,5,20,0.008537970703138777,0.14083822221495226,True,True,False,1.3729664628641878e-06,COMPLETE
1154,0.9478884458541871,2025-04-24 12:01:29.830771,2025-04-24 12:02:41.468007,0 days 00:01:11.637236,0.1775631485653939,0.5497593968393398,2,0.010573782983625433,0.036280014333670646,0.084446209713973,0.05022598462050991,0.032226338669275365,0.03838315734440643,0.013650804533060933,20,36,0.006163073106450804,0.12816993734911197,True,True,False,6.525000417959413e-07,COMPLETE
1155,0.5534436225891114,2025-04-24 12:02:41.839307,2025-04-24 12:03:49.709429,0 days 00:01:07.870122,0.2019088849267049,0.45431432238027586,2,0.02918667653085964,0.0055741012764128186,0.07946449417610019,0.04723753298586535,0.02303544597664355,0.04163220070754344,0.024743928109467708,19,17,0.0027227915690771166,0.13471399394966532,True,True,False,2.1537681447968527e-06,COMPLETE
1156,0.4160239934921265,2025-04-24 12:03:50.080898,2025-04-24 12:05:00.764563,0 days 00:01:10.683665,0.24334743690201205,0.030104740481158437,2,0.021858709430524745,0.0159197603634148,0.0823450054363049,0.0270588030608191,0.027719693745282915,0.04980965488449163,0.018620380294990496,20,30,0.01001357158613142,0.1477973323627387,True,True,False,5.530973755094082e-08,COMPLETE
1157,0.3473428964614868,2025-04-24 12:05:01.138051,2025-04-24 12:06:06.456449,0 days 00:01:05.318398,0.2538897707131969,0.5889952193673954,2,0.00598722117986401,0.008814173428939167,0.0036496549321035007,0.052549758924489896,0.03392334311368872,0.04500281810023609,0.022206420585639184,18,25,0.005540968780161977,0.1270395593571668,True,True,False,2.087513513963901e-07,COMPLETE
1158,0.36853952407836915,2025-04-24 12:06:06.831417,2025-04-24 12:07:15.575588,0 days 00:01:08.744171,0.1905885917184061,0.5607072175577059,2,0.016681714309259077,0.1888232115487849,0.08568161336911534,0.057175829118782315,0.030516898751396345,0.028526769163064743,0.0007295049896885031,19,21,0.00749155421942763,0.1421723546633967,True,True,False,8.073313917071351e-07,COMPLETE
1159,0.29052439928054813,2025-04-24 12:07:15.951597,2025-04-24 12:07:31.800451,0 days 00:00:15.848854,0.22654327997455453,0.499098888646508,16,0.00015904106947450813,0.2779591950043186,0.07680096810855759,0.049387357578787455,0.036128757720312224,0.050979363637077516,0.01182999344847781,7,17,0.0011259154629993046,0.12463884897292413,True,True,True,2.9866951838705325e-07,COMPLETE
1160,0.6128205418586732,2025-04-24 12:07:32.175365,2025-04-24 12:08:35.236680,0 days 00:01:03.061315,0.2581257672577105,0.5384723834301788,2,0.00793876991754015,0.0260302085007606,0.08373624734338404,0.04600402283291228,0.03175045020206473,0.047476836744982494,0.015713666072061195,17,28,0.012853548673474168,0.1320355910385118,True,True,False,5.764892208274227e-07,COMPLETE
1161,0.4160239934921265,2025-04-24 12:08:35.610643,2025-04-24 12:09:46.918210,0 days 00:01:11.307567,0.23139866526617509,0.5786927007990477,2,0.015398137602411557,0.018876063643176136,0.08993393659690714,0.0438140137049331,0.02498239176278574,0.0432293357075661,0.027843028951621343,20,20,0.0046078592927418375,0.15280765753352854,True,True,False,3.306408237243217e-08,COMPLETE
1162,0.39744948148727416,2025-04-24 12:09:47.294182,2025-04-24 12:10:52.212049,0 days 00:01:04.917867,0.08202462035694302,0.6063195749216178,2,0.010684384548783612,0.004876415297798551,0.08752193213189395,0.0663491499852977,0.03430967923719703,0.05589362622137377,0.000622732371924014,18,15,0.0010511343358154239,0.13820228260554812,True,True,False,1.0529294658766373e-06,COMPLETE
1163,0.3744376063346863,2025-04-24 12:10:52.587745,2025-04-24 12:12:00.147828,0 days 00:01:07.560083,0.2772544237256297,0.5180235936059598,2,0.02255752271769504,0.031888171840141505,0.08025839964897748,0.04179582189784619,0.029634447194346398,0.0404658758244167,0.024527781316347357,19,24,0.00891160202905148,0.12289516997247098,True,True,False,1.9043860500652477e-06,COMPLETE
1164,0.3467561781406403,2025-04-24 12:12:00.524035,2025-04-24 12:13:11.013798,0 days 00:01:10.489763,0.2049225173184835,0.552977852661779,2,0.02817512275060975,0.010602305137612539,0.08565677946271308,0.054513919479580716,0.03668164249913779,0.013563014120253599,0.020324548556444312,20,18,0.015014644784529107,0.13179258129732574,True,True,False,1.213192039089901e-07,COMPLETE
1165,0.40865804553031926,2025-04-24 12:13:11.390137,2025-04-24 12:14:22.250955,0 days 00:01:10.860818,0.12018183586874676,0.5741191418929198,2,0.009978091989944848,0.022144532277377754,0.09214177063306864,0.049648446696431654,0.02697212751406298,0.04935448174424434,0.029209005128187002,20,23,0.010601213510601167,0.126178663785404,True,True,False,1.5617960301477782e-07,COMPLETE
1166,0.3010209560394287,2025-04-24 12:14:22.627727,2025-04-24 12:15:30.005434,0 days 00:01:07.377707,0.5087333315960701,0.6215957409708497,2,0.03433793495504542,0.16605596923331983,0.08242288556905215,0.047312129004278614,0.020154272908836635,0.052974869671458494,0.01485148494474994,19,21,0.003360000694524913,0.13947159327729441,True,True,False,1.7482318470395906e-07,COMPLETE
1167,0.29052439928054813,2025-04-24 12:15:30.381652,2025-04-24 12:16:37.167538,0 days 00:01:06.785886,0.25297670403530603,0.5907510450090557,2,0.00012075385239215634,0.015342317913067574,0.08899066459661273,0.033184750724720324,0.03279220730271064,0.051287816204618475,0.033385040954527795,18,28,0.006470219250098081,0.12047303481337146,True,True,True,7.701615326483072e-07,COMPLETE
1168,0.29052439928054813,2025-04-24 12:16:37.543716,2025-04-24 12:17:49.146769,0 days 00:01:11.603053,0.2322681692799864,0.527623428090657,2,0.005946683440891989,0.005813235060487498,0.08690954299642667,0.013293966063812853,0.029766563726510722,0.037317865381323374,0.024876355795147975,20,50,0.012756898148619224,0.14635249503428896,True,True,False,2.786417536420722e-06,COMPLETE
1169,0.406169468164444,2025-04-24 12:17:49.523208,2025-04-24 12:18:53.509278,0 days 00:01:03.986070,0.2823038750564103,0.5447268144300802,2,0.015413345307856974,0.0005269748917625782,0.08492095891108138,0.05241049070280181,0.03518902423417455,0.046207203912902575,0.020697193104758174,17,101,0.008217453944379265,0.1289404682632871,False,True,False,9.737111161897932e-08,COMPLETE
1170,0.29052439928054813,2025-04-24 12:18:53.887207,2025-04-24 12:19:44.299569,0 days 00:00:50.412362,0.15472349871799612,0.8212947823516571,2,0.02128497161647127,0.01172425318094044,0.08071088467706697,0.04507396324317345,0.037373135916470575,0.015149752384231085,0.011779551111944819,12,105,0.010792957389425387,0.13522439352569326,True,True,False,2.554381448455466e-07,COMPLETE
1171,0.34746568202972417,2025-04-24 12:19:44.678328,2025-04-24 12:20:52.463218,0 days 00:01:07.784890,0.49777190764986423,0.566328061968736,2,0.24834529284644422,0.027149999320157325,0.08354754427947716,0.058581025599830035,0.06036214456747782,0.011542370454462643,0.016299158309208455,19,15,0.015415502206759902,0.11792755761675476,True,True,False,4.803471111439341e-07,COMPLETE
1172,0.40171747207641606,2025-04-24 12:20:52.843222,2025-04-24 12:22:03.609872,0 days 00:01:10.766650,0.26446122323351345,0.49516603272945064,2,0.012393946217696745,0.01918144714913853,0.09117993076653852,0.055982386931366146,0.03143683787609316,0.05762250634585065,9.091931481122956e-05,20,32,0.00286815135757803,0.15415142963141715,True,True,False,1.2478716519618814e-07,COMPLETE
1173,0.40130738615989686,2025-04-24 12:22:03.990845,2025-04-24 12:22:31.018220,0 days 00:00:27.027375,0.17874796065612453,0.6144421484453118,8,0.005624294387762251,0.0001438279648030387,0.08780139219682345,0.049083429057171876,0.025634140861834225,0.04283409385124688,0.0004636302365181898,19,18,0.005241826157062495,0.1249734944701306,True,True,False,1.8552336108668104e-07,COMPLETE
1174,0.42337221503257755,2025-04-24 12:22:31.402519,2025-04-24 12:23:37.100627,0 days 00:01:05.698108,0.30480685294389337,0.6405955472351342,2,0.017238944985849984,0.009806319448046018,0.08565536088667883,0.05118826896257792,0.09237573531382805,0.05560742891460422,0.027211869142893145,18,26,0.008998616608889412,0.13249200046903623,True,True,False,7.678762907181308e-08,COMPLETE
1175,0.29052439928054813,2025-04-24 12:23:37.481637,2025-04-24 12:24:49.058221,0 days 00:01:11.576584,0.47980945527358115,0.8588014291640302,2,0.005675634800060978,0.01653416171091564,0.081874571120809,0.04604980808456698,0.028171769272661414,0.04859498581579556,0.018592396021438085,20,15,0.013322205319456925,0.13952605535474602,True,True,True,3.463946486081065e-07,COMPLETE
1176,0.4157333731651306,2025-04-24 12:24:49.441055,2025-04-24 12:25:54.723492,0 days 00:01:05.282437,0.2269572565142522,0.5918152396317415,2,0.026590478244473654,0.023713046916556575,0.07892078004092286,0.043791999193907,0.03313735776717491,0.044984915881618646,0.032480869535302125,18,23,0.006888275308714107,0.12041125405373222,True,True,False,6.595262275791406e-08,COMPLETE
1177,0.488076537847519,2025-04-24 12:25:55.106818,2025-04-24 12:27:04.556486,0 days 00:01:09.449668,0.2487473019840226,0.5605618153881411,2,0.011268366516437811,0.036741421587622315,0.08944202255664165,0.042307781975025154,0.034711415762711965,0.03929067415188437,0.02371423149259234,16,56,0.011434939070266305,0.1287455894402416,True,False,False,4.927099908938338e-08,COMPLETE
1178,0.3975977420806885,2025-04-24 12:27:04.936622,2025-04-24 12:28:24.393860,0 days 00:01:19.457238,0.2725500004026587,0.5823946452383517,2,0.03340212383020433,0.1466971093521695,0.0839634982141107,0.0039683185674886,0.03034819422934294,0.025247974852993127,0.033666525714434715,19,40,0.00469399629638446,0.14613390171286553,True,False,False,1.0130203926989945e-07,COMPLETE
1179,0.9941368579864502,2025-04-24 12:28:24.773678,2025-04-24 12:29:36.432919,0 days 00:01:11.659241,0.20789337032607105,0.5123244221505177,2,0.019567565270641046,0.006023093781224198,0.08706315600895059,0.04756147406002849,0.036802175279284956,0.05453835695027968,0.029298657587358543,20,34,0.002955651342809137,0.11747630850545358,True,True,False,2.2077384439524683e-07,COMPLETE
1180,0.4160239934921265,2025-04-24 12:29:36.815233,2025-04-24 12:30:57.509605,0 days 00:01:20.694372,0.29326694437495826,0.5331443504384522,2,0.006069745869548369,0.01375027068581353,0.08207453056997598,0.06897883266340682,0.027785270047257865,0.05191908343086953,0.018034334986102497,20,21,0.015649529185223155,0.12419382363703181,True,False,False,1.4641872302202668e-07,COMPLETE
1181,0.29052439928054813,2025-04-24 12:30:57.891330,2025-04-24 12:32:08.706976,0 days 00:01:10.815646,0.03678289475389935,0.5607112501638007,2,0.00015129538758366793,0.008998148168463128,0.08538485403337749,0.05419280280119816,0.017454166387779083,0.04727951139282574,0.013644884884775794,17,18,0.006680365553152421,0.13604661984226057,True,False,False,1.7028428605170919e-06,COMPLETE
1182,0.3811624348163605,2025-04-24 12:32:09.088427,2025-04-24 12:33:27.268248,0 days 00:01:18.179821,0.8593089999481459,0.6333977330407882,2,0.011765133340680039,0.029251686928919173,0.09221340092146736,0.0509094401438882,0.03229248087760771,0.0358962849406694,0.022102491328503577,19,15,0.010158985505256176,0.12970506953060248,True,False,False,8.234105312595754e-07,COMPLETE
1183,0.29052439928054813,2025-04-24 12:33:27.654026,2025-04-24 12:33:45.405442,0 days 00:00:17.751416,0.46871305833146015,0.4391497529352116,16,0.10621008389995797,0.02037986096115141,0.08875511962080247,0.04809509256780267,0.022491169913648943,0.0417270954212583,0.02599347501037562,13,27,0.001078152718944222,0.14293057076066995,True,True,True,1.8581121576250415e-07,COMPLETE
1184,0.41046426296234134,2025-04-24 12:33:45.790131,2025-04-24 12:35:00.656184,0 days 00:01:14.866053,0.23936629342740798,0.5977382016460236,2,0.017854603591330672,0.014810558115587905,0.08070002886045696,0.025213129078042396,0.03762148713480961,0.05027316878650458,0.08516139202402213,18,21,0.00832287371359804,0.12004795260459705,True,False,False,1.0680559452751565e-07,COMPLETE
1185,0.29052439928054813,2025-04-24 12:35:01.043694,2025-04-24 12:36:19.287981,0 days 00:01:18.244287,0.7879160315934511,0.24360347972648028,2,0.006778506234461601,0.004857214295696249,0.08371039004269518,0.045483389385462085,0.03466083679748361,0.05334522514498918,0.0360360075855328,19,25,0.013727637287967982,0.15054053666427478,True,False,False,3.532623797927153e-06,COMPLETE
1186,0.41591114401817325,2025-04-24 12:36:19.671507,2025-04-24 12:37:30.844076,0 days 00:01:11.172569,0.2162613549305476,0.6084510667721214,2,0.023123615722195637,0.010704374314149948,0.07623199446107116,0.05220868953525868,0.031093796567541764,0.04509753986517651,0.011617496759777331,20,13,0.004428174735537062,0.13521699466631074,True,True,False,2.652233205639497e-07,COMPLETE
1187,0.5534436225891114,2025-04-24 12:37:31.235015,2025-04-24 12:38:50.032617,0 days 00:01:18.797602,0.4961290223456876,0.5469137311783991,2,0.01334094951126738,0.02378759305490507,0.0863181783232666,0.05760835844193991,0.02520862768467026,0.06113479609842466,0.0007691420223852404,19,18,0.011783387580774494,0.15565224383544152,True,False,False,1.266648891026216e-07,COMPLETE
1188,0.41457828879356384,2025-04-24 12:38:50.417309,2025-04-24 12:40:04.810306,0 days 00:01:14.392997,0.2627021203879258,0.4706266002519447,2,0.007028262423154018,0.015980834957279748,0.09011209499623764,0.021608371944091532,0.029217802733422067,0.009732702149675972,0.019430302193381804,18,22,0.002828329551043058,0.1284970669429113,False,False,False,3.995750170005925e-07,COMPLETE
1189,0.29052439928054813,2025-04-24 12:40:05.195640,2025-04-24 12:41:16.233985,0 days 00:01:11.038345,0.1881746083245569,0.574941250258311,2,0.026857731340963836,0.11949710111776185,0.07907317051290454,0.04859290727004267,0.03597224893316687,0.049307744093660025,0.028906233793755523,20,29,0.008676847262678056,0.11411264255650107,True,True,False,8.46747669779937e-08,COMPLETE
1190,0.385469263792038,2025-04-24 12:41:16.619557,2025-04-24 12:42:09.904551,0 days 00:00:53.284994,0.5203014761576955,0.5276221510992216,2,0.03715172398760115,0.031108160699332883,0.08398915498003408,0.055310364958547374,0.03359894772330409,0.039431485683502146,0.0005643368750109474,11,18,0.01604108545478698,0.12299019588183113,True,False,False,1.7918582174193708e-07,COMPLETE
1191,0.40483739972114563,2025-04-24 12:42:10.292111,2025-04-24 12:43:19.699568,0 days 00:01:09.407457,0.24307507109116813,0.6261556545025604,2,0.015291371461364549,0.00033735660297689457,0.08763472917543792,0.043464528503056696,0.0384712508842,0.014035840365607708,0.04260645397821057,19,60,0.005128665209476943,0.14035591066620973,True,False,True,6.829231625948511e-08,COMPLETE
1192,0.4779526889324188,2025-04-24 12:43:20.088267,2025-04-24 12:44:31.055783,0 days 00:01:10.967516,0.28762416145697345,0.5802807488062827,2,0.2658736585062733,0.29050349673571596,0.08581082172088755,0.06016935269787608,0.03247513453425225,0.04294840197572811,0.01559554879203579,20,14,0.01019693789653131,0.13068033002205767,True,True,False,9.872058282671102e-07,COMPLETE
