number,value,datetime_start,datetime_complete,duration,params_alpha-eval,params_alpha-train,params_batch-size,params_eps-eval,params_eps-train,params_lambda-actions-eval,params_lambda-actions-train,params_lambda-frames-eval,params_lambda-frames-train,params_learning-rate,params_n-epochs,params_n-frames,params_radius-gw,params_rho,params_std-feats,params_ub-actions,params_ub-frames,params_weight-decay,state
1024,0.3900256216526031,2025-04-24 09:41:59.809833,2025-04-24 09:43:23.540946,0 days 00:01:23.731113,0.3138528708045096,0.698775573890201,2,0.01040599627244122,0.019298259304237626,0.07817002690002517,0.045940895997321866,0.016826800058840064,0.045502526805520735,0.022363854235637585,20,94,0.004512991714088061,0.11665460640927279,True,False,False,5.0464524342527156e-08,COMPLETE
1025,0.41533653140068055,2025-04-24 09:43:23.877222,2025-04-24 09:44:42.808058,0 days 00:01:18.930836,0.4746033108834772,0.5489605410296047,2,0.0057607406080174735,0.029890834443857914,0.0896421899526142,0.05989269437413037,0.03181026293435742,0.04924788958328015,0.036777081302909416,19,19,0.007857875336070862,0.12928394643649702,True,False,False,1.1825829204084607e-06,COMPLETE
1026,0.3497939169406891,2025-04-24 09:44:43.144631,2025-04-24 09:45:48.661385,0 days 00:01:05.516754,0.5174827608609133,0.6518274693485392,2,0.029540108408843663,0.010751529739026192,0.08624902028065665,0.05042129609062897,0.025411795303212706,0.034313468405462316,0.00015704093334580977,18,11,0.07399264395201735,0.12140020591581471,True,True,False,3.9832216825978766e-07,COMPLETE
1027,0.3836219012737274,2025-04-24 09:45:48.979464,2025-04-24 09:47:12.522823,0 days 00:01:23.543359,0.25901858864009536,0.5302192551890017,2,0.018814603751203186,0.020176877954538763,0.08295507653760517,0.05631609701537751,0.032979139349777725,0.05141517583728662,0.03077250511673244,20,5,0.018006802754093672,0.11302364982929286,True,False,False,1.3943017014836931e-07,COMPLETE
1028,0.4160239934921265,2025-04-24 09:47:12.856832,2025-04-24 09:48:35.248238,0 days 00:01:22.391406,0.2279538027760863,0.40153174734563263,2,0.012886804996769585,0.010199584955778593,0.08075286116093236,0.06382017658834059,0.028322655213474202,0.05557607444866744,0.017930448264912812,20,20,0.014060394515727818,0.12622171819104677,True,False,False,4.719620776110232e-08,COMPLETE
1029,0.29052439928054813,2025-04-24 09:48:35.584881,2025-04-24 09:49:53.804855,0 days 00:01:18.219974,0.1260116437015954,0.11124580453247168,2,0.00015788369713994922,0.03341317507487719,0.08808296245203516,0.04794708614546132,0.0212468907463826,0.04814569390330449,0.04515267025410478,19,14,0.010175851523496038,0.13747126487843792,True,False,False,1.1731880863726173e-07,COMPLETE
1030,0.4854775607585907,2025-04-24 09:49:54.139538,2025-04-24 09:51:20.167717,0 days 00:01:26.028179,0.28972328063937663,0.6665672819421543,2,0.022397735039530887,0.014980849367946027,0.08499018183084367,0.04303067731249947,0.03428099642638655,0.03934346279788107,0.024578152142294363,21,55,0.003217963543887824,0.11734252927751462,True,False,False,7.139266373341553e-08,COMPLETE
1031,0.3574944734573364,2025-04-24 09:51:20.504675,2025-04-24 09:52:44.030054,0 days 00:01:23.525379,0.48739953040830675,0.7067487668481911,2,0.006369872782188999,0.02458261211199142,0.06847076705154359,0.05189751642988088,0.09420336192643565,0.04615824295489533,0.0008802971441545736,21,17,0.08978838136014851,0.13173108585850385,True,False,False,9.331198421405219e-08,COMPLETE
1032,0.9775757431983948,2025-04-24 09:52:44.365738,2025-04-24 09:54:01.935876,0 days 00:01:17.570138,0.09239925644966147,0.6368915069632164,2,0.012035010276174065,0.01099259998263222,0.04461356228294866,0.054412895228638944,0.033067136504109425,0.05124518747393024,0.014602675615674753,18,10,0.007232882441258823,0.12533320625766806,True,False,False,1.5306066889379724e-06,COMPLETE
1033,0.35995641350746155,2025-04-24 09:54:02.272041,2025-04-24 09:55:12.561094,0 days 00:01:10.289053,0.26659514875455287,0.5609864049384867,2,0.02721196707118576,0.018500938252674043,0.08968465306640055,0.031639366933404356,0.02974188498128883,0.04228391569156524,0.0004128359368615651,20,21,0.012316279030029128,0.11191277348871795,True,True,False,3.3638415968456975e-07,COMPLETE
1034,0.999009883403778,2025-04-24 09:55:12.881161,2025-04-24 09:56:31.096307,0 days 00:01:18.215146,0.24411779960362023,0.5833376830518902,2,0.006590779847009641,0.005905249244297936,0.08704379474524207,0.046006762889078255,0.03093659038541171,0.05323317143219645,0.032203838549546865,19,15,0.015802106988961884,0.1201479387051688,True,False,False,2.2986625872971768e-07,COMPLETE
1035,0.39871639013290405,2025-04-24 09:56:31.431639,2025-04-24 09:57:42.765951,0 days 00:01:11.334312,0.21542101363858246,0.5835933981770612,2,0.00700829823935084,0.005281050587247766,0.09012326560270978,0.04523633819477853,0.030783330103787924,0.055069870218495534,0.03810376722354654,17,16,0.004368617862585722,0.1126055219470808,False,False,False,2.2893559196509275e-07,COMPLETE
1036,0.29052439928054813,2025-04-24 09:57:43.100021,2025-04-24 09:58:58.158251,0 days 00:01:15.058230,0.24056391617121597,0.5866974885280964,2,0.004750835950843288,0.0008008922225135329,0.08744996609023788,0.043466086650405446,0.027393487006256476,0.053508061942854186,0.00029087922471185824,18,18,0.008904232354848175,0.13551535681447172,True,False,False,1.7542906497520247e-07,COMPLETE
1037,0.3805124878883362,2025-04-24 09:58:58.492404,2025-04-24 10:00:18.175644,0 days 00:01:19.683240,0.24403954248467374,0.571838891822591,2,0.01283354199849955,0.07835416231098398,0.08414740582547575,0.04524335164226373,0.029390785767013948,0.05432126050437543,0.019961677434658414,19,15,0.017743924789770934,0.1215451152626641,True,False,False,1.871090368818008e-07,COMPLETE
1038,0.4160239934921265,2025-04-24 10:00:18.514827,2025-04-24 10:01:36.393339,0 days 00:01:17.878512,0.20343428020136922,0.5975812475939754,2,0.016798276147470318,0.004133291437803291,0.0812660839980954,0.04287140649750318,0.030338986650503347,0.05353005722402973,0.027013404178868862,19,19,0.005595088683081146,0.12793435711445048,True,False,False,2.222520790487571e-07,COMPLETE
1039,0.41534516811370853,2025-04-24 10:01:36.734127,2025-04-24 10:02:54.540879,0 days 00:01:17.806752,0.2352986645987152,0.5550630757750403,2,0.00977640434105518,0.007661577726073764,0.08571580298786495,0.04168809103704403,0.03273846046656542,0.05184954949550586,0.04570570230934411,19,14,0.010235712421751354,0.11730110119607513,True,False,False,1.331773151446623e-07,COMPLETE
1040,0.9989668250083923,2025-04-24 10:02:54.883251,2025-04-24 10:04:00.069247,0 days 00:01:05.185996,0.26383614414684525,0.5761939241545282,2,0.0011104182879764345,0.0002585047627258648,0.07320841175646563,0.046636258301233136,0.030996353757871083,0.055413769617892815,0.03417139936672349,18,21,0.013992866812015075,0.13067874574974597,True,True,False,1.559370228283718e-07,COMPLETE
1041,0.6123458981513977,2025-04-24 10:04:00.389959,2025-04-24 10:05:03.203537,0 days 00:01:02.813578,0.21939148884023388,0.5630600345252444,2,0.0013782856502480342,0.0005151296221293702,0.07230909974774836,0.046642313288862806,0.031177398287117467,0.05815109854788255,0.03497985750129989,17,22,0.011971620776614544,0.13616726208024849,True,True,False,2.3570460304381696e-07,COMPLETE
1042,0.41566756367683416,2025-04-24 10:05:03.538693,2025-04-24 10:06:05.928994,0 days 00:01:02.390301,0.25550682249273204,0.5740328446795235,2,0.00497163236585105,0.0001116548915994376,0.08263635494827797,0.045901846980942435,0.02919146519473943,0.0579453326695154,0.03851839582148495,17,21,0.013466176575017754,0.14023030214981722,True,True,False,3.12735186025275e-07,COMPLETE
1043,0.9992398738861085,2025-04-24 10:06:06.269348,2025-04-24 10:07:12.289958,0 days 00:01:06.020610,0.23681129890534564,0.5884638714315142,2,0.003790225614534015,0.00423845658286329,0.07523231759849291,0.046798532536909014,0.03107980017926977,0.05583685959522692,0.050258269084393715,18,22,0.011085770444028727,0.14544255868906394,True,True,False,1.6045386000499147e-07,COMPLETE
1044,0.4160239934921265,2025-04-24 10:07:12.627790,2025-04-24 10:07:38.122233,0 days 00:00:25.494443,0.19309499362366744,0.5839053937701171,8,0.0017296571156743485,0.0011291901846529687,0.07159642234838767,0.04709939244341367,0.028424937616339543,0.057727946514265514,0.03241759716554812,17,17,0.01024287064030973,0.14331527968038427,True,True,False,1.914769175272515e-07,COMPLETE
1045,0.4018436908721924,2025-04-24 10:07:38.459109,2025-04-24 10:08:43.985711,0 days 00:01:05.526602,0.24802250208872184,0.5963979897297911,2,0.0003392389122022395,0.005622662778484461,0.0731976902544205,0.04706488835611455,0.028910252093057934,0.053767328848834846,0.0506613808052369,18,20,0.01154276955460155,0.1403059257942407,True,True,False,1.4786699139453959e-07,COMPLETE
1046,0.3476691961288452,2025-04-24 10:08:44.327479,2025-04-24 10:09:50.013552,0 days 00:01:05.686073,0.266570524340556,0.57397543852068,2,0.005774130125803234,0.0010879776858220454,0.07390169061893224,0.04805571265418964,0.02622919464827715,0.056104653291787765,0.05245873519378685,18,16,0.009297459776705198,0.14209440040273635,True,True,False,1.5906343666032517e-07,COMPLETE
1047,0.5533177375793457,2025-04-24 10:09:50.355905,2025-04-24 10:10:56.416046,0 days 00:01:06.060141,0.20656932540880488,0.6117424780805593,2,0.007027669213995979,0.007404278070750289,0.07656537298585323,0.045255892758506236,0.03214742869451703,0.05626809087166048,0.0932281682239215,18,22,0.011281431505058314,0.14016443424983632,True,True,False,1.7192722584993538e-07,COMPLETE
1048,0.34724807143211367,2025-04-24 10:10:56.757630,2025-04-24 10:12:02.054684,0 days 00:01:05.297054,0.22815909619777025,0.5959906716858197,2,0.010418875803515876,0.005034815484328625,0.07088377764145185,0.044504939049528285,0.03066353185458736,0.05523339514196513,0.039480567315033556,18,19,0.006923938125425388,0.14647718195393744,True,True,False,9.526992485319697e-08,COMPLETE
1049,0.9997424006462097,2025-04-24 10:12:02.380970,2025-04-24 10:13:07.451871,0 days 00:01:05.070901,0.27300214946318974,0.5443174957719679,2,0.005844966268949688,0.004985440255977151,0.080706200281537,0.048843949062694916,0.030860644996113767,0.05289267838329977,0.059039609684812866,18,13,0.00858381571280527,0.14435672671930955,True,True,False,1.529106711606593e-07,COMPLETE
1050,0.3990214049816132,2025-04-24 10:13:07.790570,2025-04-24 10:14:10.029938,0 days 00:01:02.239368,0.2452431143296476,0.5408542150346459,2,0.0006115804929234,0.0009531053342618605,0.07811098720723297,0.04872571561496035,0.027259532421209976,0.059117990522670395,0.050557533582693,17,14,0.007951250405806142,0.14468030509911706,True,True,False,1.3028647615207258e-07,COMPLETE
1051,0.35122331976890564,2025-04-24 10:14:10.366479,2025-04-24 10:15:13.482327,0 days 00:01:03.115848,0.26838470240734497,0.5488509157204144,2,0.006088198354890596,0.004568354643625825,0.0773758246290869,0.04886417949450503,0.030097473762875384,0.05397523731091931,0.05882309042658315,17,12,0.0079171060713774,0.14723022373050482,True,True,False,2.0233531356070602e-07,COMPLETE
1052,0.6132978916168214,2025-04-24 10:15:13.819452,2025-04-24 10:16:15.442148,0 days 00:01:01.622696,0.23500849121476924,0.5277699290680071,2,0.00012589592207619274,0.00019058035315773492,0.07996848529777517,0.050099021773711776,0.030862753034689258,0.05619536695336341,0.05142159982085441,17,13,0.005760526835906637,0.14543442724591252,True,True,False,1.227226424851799e-07,COMPLETE
1053,0.553178334236145,2025-04-24 10:16:15.784182,2025-04-24 10:17:18.579557,0 days 00:01:02.795375,0.21800052770297462,0.5120789798407367,2,0.008078495929392224,0.0047747698138138304,0.07957076873765458,0.0471792705649745,0.09999274141541009,0.05252798408294867,0.06947783990605103,17,12,0.001027100519782374,0.14521233875434242,True,True,False,2.304967502268511e-07,COMPLETE
1054,0.39884344935417176,2025-04-24 10:17:18.923864,2025-04-24 10:18:23.744897,0 days 00:01:04.821033,0.2562501803134442,0.5483400264460438,2,0.01188500432717355,0.00020672034312992256,0.07730119734069658,0.04934143368910262,0.027090047259844874,0.054203170897806636,0.051413018209356974,18,13,0.009488772124940585,0.23992967505398144,True,True,False,1.4333341548820584e-07,COMPLETE
1055,0.41748481392860415,2025-04-24 10:18:24.088104,2025-04-24 10:19:29.619520,0 days 00:01:05.531416,0.15140795801297524,0.5687567360295783,2,0.008220306455627772,0.007956373338895989,0.07458318157694567,0.04891965373501889,0.031333914040804885,0.05630704194046617,0.05905859971686454,18,16,0.007010815305857894,0.14949791802668289,True,True,False,1.5604340586348098e-07,COMPLETE
1056,0.41023187637329106,2025-04-24 10:19:29.965267,2025-04-24 10:20:37.600338,0 days 00:01:07.635071,0.2538294454512964,0.5352312649864622,2,0.0048207595724111445,0.0005143034327792168,0.07420040814551686,0.04734381867685607,0.028380677680415942,0.0520400333710172,0.08007050715231255,19,16,0.004356282369954169,0.14911709285452002,False,True,False,2.1320373567950137e-07,COMPLETE
1057,0.35269868969917295,2025-04-24 10:20:37.929820,2025-04-24 10:21:43.011240,0 days 00:01:05.081420,0.18274753321617365,0.5905465033391525,2,0.013086826271778098,0.007850569043703574,0.07429048352746774,0.04604922271501078,0.029506744116263046,0.053292760196099166,0.09617532310579922,18,11,0.008827453957676305,0.14156286834744455,True,True,False,1.3399275315021405e-07,COMPLETE
1058,0.40184160470962527,2025-04-24 10:21:43.351803,2025-04-24 10:22:48.064057,0 days 00:01:04.712254,0.23097438668608997,0.5665759334560899,2,0.0054858295423900125,0.008663020911675295,0.07536948338787648,0.05112368082776374,0.031592953679380226,0.05977373520911554,0.05636639927859019,18,14,0.012458956038222465,0.13990418108152874,True,True,False,2.798195228615506e-07,COMPLETE
1059,0.4132185459136963,2025-04-24 10:22:48.406990,2025-04-24 10:23:54.652144,0 days 00:01:06.245154,0.2728766328373723,0.4894665898825086,2,0.012323671106651616,0.005872117841759939,0.07604453090334061,0.047395248749204144,0.0325833224243872,0.05099563886465937,0.043642424017685755,18,16,0.0028566259337992404,0.13419981273971332,True,True,False,1.1487518004913059e-07,COMPLETE
1060,0.29052439928054813,2025-04-24 10:23:54.994997,2025-04-24 10:24:56.449958,0 days 00:01:01.454961,0.20977996559285952,0.615233001623913,2,0.0013086905563004078,0.009770735046185416,0.07260468469376417,0.0506878791501848,0.024908458552996546,0.05480652269474194,0.07309538060051497,17,11,0.09580807877828729,0.14788934090315628,True,True,False,1.8023084692427348e-07,COMPLETE
1061,0.3784728467464447,2025-04-24 10:24:56.792722,2025-04-24 10:26:01.790165,0 days 00:01:04.997443,0.255208659857532,0.5200420820835727,2,0.014693972258397352,0.00455943754822616,0.07677413906462298,0.04651772784283386,0.030922740731946913,0.057267274452892966,0.06179470896063015,18,18,0.010087883343909731,0.13474412964115348,True,True,False,1.6840859065204642e-07,COMPLETE
1062,0.29052439928054813,2025-04-24 10:26:02.138632,2025-04-24 10:27:08.582777,0 days 00:01:06.444145,0.21738005462901183,0.5498339968335508,2,0.006869734879825876,0.0002888309097176618,0.07509346625268035,0.0010349155012966797,0.028599897411813867,0.05210861509853374,0.07688038098282729,18,46,0.007595941735205402,0.13992399438139286,True,True,False,1.0345222630577658e-07,COMPLETE
1063,0.5533024311065674,2025-04-24 10:27:08.929211,2025-04-24 10:28:12.176697,0 days 00:01:03.247486,0.2784331360503289,0.6035386996257981,2,0.010884721214659346,0.009334679629615695,0.07938868762368696,0.005093274204971597,0.03242157053537928,0.04985667248038492,0.04186432822813489,17,13,0.005626871888506249,0.15054427836401837,True,True,False,2.3017531760224267e-07,COMPLETE
1064,0.4166716516017914,2025-04-24 10:28:12.522008,2025-04-24 10:29:18.432279,0 days 00:01:05.910271,0.24285116337291848,0.5863122508350409,2,0.01656272424270611,0.15384850688053503,0.07761702200420083,0.04857231573740127,0.02718619637058109,0.053173446319011164,0.033659023199951586,18,18,0.012019185748672636,0.13174992038881714,True,True,False,1.3770427494133364e-07,COMPLETE
1065,0.4685668349266053,2025-04-24 10:29:18.782351,2025-04-24 10:29:45.886972,0 days 00:00:27.104621,0.27492974048998864,0.5520040509324016,8,0.0013568059023294533,0.011889270782334291,0.07957175387778137,0.05021153084291476,0.02961714178426081,0.05126247368421637,0.06546581175159484,18,63,0.0033117464200292245,0.13957600427684122,True,True,False,1.5737741808204086e-07,COMPLETE
1066,0.35021035075187684,2025-04-24 10:29:46.220234,2025-04-24 10:30:53.133174,0 days 00:01:06.912940,0.23711735343600093,0.6195376685853603,2,0.006370686631888785,0.010360694813651946,0.07815202938286975,0.04542442444067416,0.03237651913018813,0.053700287275580835,0.027545280095966716,18,52,0.0098974760355477,0.13591944723767133,True,True,False,2.5369686337101335e-07,COMPLETE
1067,0.3537583589553833,2025-04-24 10:30:53.476970,2025-04-24 10:31:58.655601,0 days 00:01:05.178631,0.2623332425482503,0.5750325500857298,2,0.0012158909602591767,0.005982587888375758,0.06992337802012791,0.04844721930205532,0.03343850881038787,0.05489194753727985,0.04385876219716193,18,14,0.04446675709640618,0.14375955180584213,True,True,False,1.1620068688570178e-07,COMPLETE
1068,0.5024441957473755,2025-04-24 10:31:59.002208,2025-04-24 10:33:01.181101,0 days 00:01:02.178893,0.22587605863123428,0.5333511384136808,2,0.0005229833437400367,0.010736143761912422,0.07310314228032748,0.04637006111859021,0.02635161895867856,0.05757362264782648,0.034040599714048915,17,10,0.01302216617231957,0.13614649500990247,True,True,False,1.6324745298826916e-07,COMPLETE
1069,0.4160239934921265,2025-04-24 10:33:01.530277,2025-04-24 10:34:07.044680,0 days 00:01:05.514403,0.19060054846748598,0.5001964449989105,2,0.00016595704652962,0.00010004069821547158,0.08263965018136257,0.051657738026483865,0.023878283680137325,0.04992827308126357,0.03034142910104289,18,18,0.06838481562715189,0.1456483810785331,True,True,False,1.8802656923619576e-07,COMPLETE
1070,0.5534436225891114,2025-04-24 10:34:07.391202,2025-04-24 10:35:13.019556,0 days 00:01:05.628354,0.4996336306859797,0.5909756983487517,2,0.01085983348898676,0.0001028132786617883,0.0810770809158588,0.04497594317050302,0.030466709921244305,0.05152793346520872,0.02463671311698382,18,15,0.0010010186350801129,0.1325989608202876,True,True,False,3.546562904096007e-07,COMPLETE
1071,0.5534436225891114,2025-04-24 10:35:13.365429,2025-04-24 10:36:15.788302,0 days 00:01:02.422873,0.28161493668082904,0.5604730439050521,2,0.017092103443084147,0.011125521012233058,0.08073735259865941,0.019432967451568545,0.033254870520994385,0.05554035112065653,0.0400690747901937,17,10,0.0066523207328944125,0.13931358187066598,True,True,False,8.352481610275823e-08,COMPLETE
1072,0.41269722580909735,2025-04-24 10:36:16.136663,2025-04-24 10:37:19.292912,0 days 00:01:03.156249,0.2514980613100735,0.61545807228567,2,0.010105229399592283,0.00586148573180098,0.08244531751278526,0.023076509892525427,0.028306423672485738,0.05009120390395465,0.0469007797961913,17,20,0.008702466781730086,0.15033062833621672,True,True,False,1.0437541871189547e-07,COMPLETE
1073,0.9459286332130433,2025-04-24 10:37:19.644045,2025-04-24 10:38:25.279657,0 days 00:01:05.635612,0.20220883909377366,0.5419395763894854,2,0.015522765892569845,0.011965534722958549,0.07829392691374906,0.07632317356656716,0.030761331726272413,0.0488646044719936,0.060197321554666595,18,16,0.005040948612589639,0.1318030843983609,True,True,False,3.1397610338363155e-07,COMPLETE
1074,0.29052439928054813,2025-04-24 10:38:25.631237,2025-04-24 10:39:33.051423,0 days 00:01:07.420186,0.5135696541790568,0.5804944403349215,2,0.006993963511454591,0.013485230661901026,0.08079343247323624,0.04980401213002021,0.0338893497471315,0.05381403058385166,0.027276806395664502,19,40,0.05049879795320178,0.14409851497002546,False,True,False,2.2824131227571103e-07,COMPLETE
1075,0.3611316680908203,2025-04-24 10:39:33.407200,2025-04-24 10:40:41.244903,0 days 00:01:07.837703,0.22669886784011045,0.5177515478735198,2,0.01654861645868716,0.24529213397241262,0.0758283914402997,0.047402947177086055,0.02668590079621895,0.057178338337115,0.00022382197700741068,19,21,0.011448401254168255,0.1300131400794936,True,True,False,1.5046654288350224e-07,COMPLETE
1076,0.41024859547615056,2025-04-24 10:40:41.579191,2025-04-24 10:41:46.319116,0 days 00:01:04.739925,0.15749039496764106,0.5993998887920513,2,0.009098729782972001,0.0001262187343303474,0.0699392743538175,0.02488803248639428,0.03209500761602674,0.0514425637032105,0.03483232976384756,18,12,0.014190893536463363,0.13674989612414518,True,True,False,1.9828297378351142e-07,COMPLETE
1077,0.4854775607585907,2025-04-24 10:41:46.668725,2025-04-24 10:42:54.298003,0 days 00:01:07.629278,0.26425162949474407,0.4753796100667595,2,0.0059816363219,0.013197285600379761,0.08384144315912735,0.010269907303187234,0.029053446922912535,0.05247257664050095,0.023840208859216172,19,19,0.0026820469789179146,0.1523877140611987,True,True,False,1.2004511314044757e-07,COMPLETE
1078,0.4175177812576294,2025-04-24 10:42:54.644691,2025-04-24 10:44:02.681685,0 days 00:01:08.036994,0.24263046829014956,0.5584589218302829,2,0.01827792647865921,0.006099591349536174,0.07649061525330025,0.051394978964235234,0.034241872389963575,0.044254801884273824,0.03014059465733593,19,15,0.00760500431647667,0.13209637985759046,True,True,False,2.8604442842105124e-07,COMPLETE
1079,0.41691382527351384,2025-04-24 10:44:03.028449,2025-04-24 10:45:11.144709,0 days 00:01:08.116260,0.27924878556248567,0.6250557384484411,2,0.012327953809045748,0.006329682538739771,0.0845587305130162,0.044717638944560656,0.031101418878731597,0.048281175185869066,0.040142862569139605,19,23,0.010138506866530662,0.1273516979119784,True,True,False,2.0180823637643776e-07,COMPLETE
