number,value,datetime_start,datetime_complete,duration,params_alpha-eval,params_alpha-train,params_batch-size,params_eps-eval,params_eps-train,params_lambda-actions-eval,params_lambda-actions-train,params_lambda-frames-eval,params_lambda-frames-train,params_learning-rate,params_n-epochs,params_n-frames,params_radius-gw,params_rho,params_std-feats,params_ub-actions,params_ub-frames,params_weight-decay,state
1515,0.37064237594604493,2025-04-06 05:30:45.048049,2025-04-06 05:32:20.576154,0 days 00:01:35.528105,0.9132161336492784,0.07911132322047737,2,0.04782398163167721,0.07515223015412431,0.014380882177469287,0.0621832078080918,0.017772849911742494,0.004357989696304383,0.0008422992162586114,29,84,0.09822867586038511,0.15883633582920317,False,False,True,7.54591764358407e-07,COMPLETE
1516,0.33297471404075624,2025-04-06 05:32:21.062207,2025-04-06 05:32:56.433511,0 days 00:00:35.371304,0.7013517567003053,0.09919910362114209,8,0.06998284250421626,0.06071763537536496,0.02241157360022342,0.057891894766491515,0.013993201778657573,0.06915983284923956,0.0006261536911849171,28,76,0.09677929718668012,0.19419098538554755,True,True,True,2.10683317401577e-06,COMPLETE
1517,0.450456178188324,2025-04-06 05:32:56.917544,2025-04-06 05:33:29.545440,0 days 00:00:32.627896,0.6505896588919511,0.058168475901327496,8,0.05538511272120755,0.08185336807804272,0.018243798614889516,0.06392748604799783,0.022755682206482476,0.01234368614961017,0.001285448836788869,27,81,0.0943826956551302,0.18662455701936617,False,False,True,5.595467497722016e-07,COMPLETE
1518,0.38571676611900335,2025-04-06 05:33:30.027109,2025-04-06 05:34:01.983533,0 days 00:00:31.956424,0.721466842748535,0.02675734420467628,8,0.06589621824898537,0.06893765278256794,0.007569166200529824,0.06677057410743144,0.010329758831295877,0.01597270877064614,0.000534128562622264,26,72,0.09092384066157358,0.2093221886324253,False,False,True,3.248359793658814e-06,COMPLETE
1519,0.384808760881424,2025-04-06 05:34:02.489108,2025-04-06 05:34:36.401448,0 days 00:00:33.912340,0.7589920610737442,0.07771381873728674,8,0.06092000618224178,0.04756883843540547,0.015336101205193901,0.06055587657175612,0.02552597912785581,0.06261559406888617,0.0004125073888258902,28,91,0.09841736970618845,0.1794657759191778,False,False,True,1.084821329099442e-06,COMPLETE
1520,0.4863210201263428,2025-04-06 05:34:36.889317,2025-04-06 05:35:09.940479,0 days 00:00:33.051162,0.6904432833704904,0.13522403213639933,8,0.0506649986802251,0.06552121748835303,0.01867552313270157,0.011267461433454482,0.015783981821657904,0.01884497642559728,0.0008046044511197393,27,86,0.09998206357103065,0.1724843118927452,False,False,True,1.7795513404165254e-06,COMPLETE
1521,0.40659386515617374,2025-04-06 05:35:10.424916,2025-04-06 05:35:45.329408,0 days 00:00:34.904492,0.7463827287862618,0.0442760083192096,8,0.07666021824690637,0.09380211395132058,0.016842626529441206,0.05657412582869095,0.020534519686478313,0.012613417652779577,0.0010176957995851775,30,78,0.09641848100019378,0.19821270324701598,False,False,True,3.4413711495831505e-07,COMPLETE
1522,0.35772255063056946,2025-04-06 05:35:45.850822,2025-04-06 05:36:19.284512,0 days 00:00:33.433690,0.6698616729160167,0.11942316454810259,8,0.04247844301546337,0.07424278771511622,0.020882177569624048,0.05877716517793554,0.029540240323980043,0.05049838474498002,0.0006984198980136351,27,83,0.09372188366363361,0.18913564004946343,False,False,True,7.667192620086367e-07,COMPLETE
1523,0.48771125078201294,2025-04-06 05:36:19.771544,2025-04-06 05:36:51.860149,0 days 00:00:32.088605,0.7085400699211698,0.06760804288596116,8,0.08429788271833373,0.05767444309606641,0.010982209384230682,0.06274136636495972,0.011923780839972531,0.014880906300441657,0.0009103885031655947,26,75,0.09814855707053248,0.1842458824698234,False,False,True,4.582882869543491e-07,COMPLETE
1524,0.3818396031856537,2025-04-06 05:36:52.347720,2025-04-06 05:37:26.643840,0 days 00:00:34.296120,0.6329624020812897,0.2957926725876946,8,0.06115904635876959,0.07975324651675388,0.006016875676708375,0.06500023559960265,0.018327325594870204,0.009733320038187773,0.001186341138493448,29,79,0.09519769086130032,0.20248936420940566,False,False,True,1.4029549331322088e-06,COMPLETE
1525,0.35931362509727477,2025-04-06 05:37:27.127599,2025-04-06 05:38:04.030711,0 days 00:00:36.903112,0.6866258236483851,0.09827140970823023,8,0.07051684919580169,0.06305058483391565,0.012978649215435435,0.06118189481356643,0.034671301754688244,0.016726254506706714,0.017043065536817753,28,44,0.09673609007569041,0.1676403534641011,False,False,False,5.895077278594102e-07,COMPLETE
1526,0.3931984484195709,2025-04-06 05:38:04.534715,2025-04-06 05:38:28.612588,0 days 00:00:24.077873,0.656804675699239,0.0413171945677292,16,0.056142332895637345,0.07099822997522992,0.019573306335874306,0.00917962386034413,0.01588738424950245,0.006308259872424041,0.0006182692734810155,27,88,0.09829382794782039,0.19204807758959103,False,False,True,2.7599092482916844e-06,COMPLETE
1527,0.3510550141334534,2025-04-06 05:38:29.097635,2025-04-06 05:40:02.519299,0 days 00:01:33.421664,0.7824777784447224,0.6729930836402479,2,0.0653176078385489,0.08601808533594282,0.015393174436593937,0.004963486836747622,0.014340041775867262,0.022465593220489452,0.0017108886414986752,28,83,0.09999422062876216,0.22143006436564808,False,False,True,1.015515201176301e-06,COMPLETE
1528,0.4855642437934876,2025-04-06 05:40:03.003687,2025-04-06 05:40:35.680342,0 days 00:00:32.676655,0.7231701730949492,0.0818010614215212,8,0.050419117828998966,0.04982795166902662,0.023159060684395015,0.06801651312534604,0.021979974612224083,0.019123800291841762,0.0008072195431164849,27,72,0.0926985911266618,0.17633200898933468,False,False,True,2.641085076553473e-07,COMPLETE
1529,0.49110387563705443,2025-04-06 05:40:36.189288,2025-04-06 05:41:08.225723,0 days 00:00:32.036435,0.610333711590813,0.05680639587161501,8,0.07369264140004023,0.06729483886545654,0.05782789729672969,0.05924725484991813,0.02791941040656137,0.008358172914441813,0.00047659017815417977,26,81,0.09531307877619659,0.2068575735453124,False,False,True,1.7297947868467637e-06,COMPLETE
1530,0.4000243306159973,2025-04-06 05:41:08.714933,2025-04-06 05:41:40.106676,0 days 00:00:31.391743,0.6176288787544693,0.11308060790235708,8,0.08539145236800223,0.05441536120170434,0.06204123394935634,0.05461878092586223,0.028895411444589986,0.003620781349144805,0.00045914600828561835,25,76,0.09687250540873141,0.21775374017646137,False,False,True,3.675570721112479e-06,COMPLETE
1531,0.39682603478431705,2025-04-06 05:41:40.593134,2025-04-06 05:42:11.921846,0 days 00:00:31.328712,0.597991939026696,0.09092004743434406,8,0.08041213628433154,0.060763779774977246,0.06337134730137146,0.05669396250309405,0.02860091780534232,0.005992127979082335,0.0003092416476251275,25,78,0.09544448342569202,0.2075519976226715,False,False,True,2.2490012531751086e-06,COMPLETE
1532,0.3929556488990784,2025-04-06 05:42:12.431318,2025-04-06 05:42:44.521665,0 days 00:00:32.090347,0.609549758104146,0.06719092908314364,8,0.09321064345656468,0.05652561033477305,0.017154458703067428,0.05757490997161864,0.03251759735249507,0.009005731504018745,0.0004039236290042208,26,80,0.09822893326795645,0.21224373943787128,False,False,True,3.8265436355880045e-07,COMPLETE
1533,0.4058800399303436,2025-04-06 05:42:45.011431,2025-04-06 05:43:16.904226,0 days 00:00:31.892795,0.6245570201885056,0.09385149640806531,8,0.07980558947401403,0.06291396369624615,0.05748227830097695,0.05830037942841928,0.027667309549447818,0.005721515329973788,0.000369503803761931,26,76,0.05909018459893722,0.21132756168671324,False,False,True,1.4031419979672946e-07,COMPLETE
1534,0.36442511677742007,2025-04-06 05:43:17.392279,2025-04-06 05:43:48.902129,0 days 00:00:31.509850,0.6217856668376758,0.06901197745398246,8,0.08998924040475294,0.06632079623070763,0.057638730578596926,0.05893611776383284,0.030258322690169405,0.0075799441636873145,0.00039473979886701374,25,74,0.08856135936344835,0.2192294701489192,False,True,True,8.109788979210822e-07,COMPLETE
1535,0.36249283552169803,2025-04-06 05:43:49.395619,2025-04-06 05:44:22.560426,0 days 00:00:33.164807,0.6003552193236313,0.1068340562920617,8,0.07562824130275342,0.05257290599025162,0.04596522282746229,0.055198063073417944,0.02697388769463509,0.00437460885366181,0.00028715235566687756,26,68,0.09681639845273697,0.209415522526476,True,False,True,5.093465344486308e-07,COMPLETE
1536,0.3976759612560273,2025-04-06 05:44:23.066045,2025-04-06 05:44:55.229730,0 days 00:00:32.163685,0.6357285868440028,0.08012186380723593,8,0.07583410037073061,0.04435429577049083,0.05315889670079772,0.05699628526948697,0.02922373262097406,0.007756519887503052,0.0004481101668955465,26,80,0.09468883045966528,0.2148017830549097,False,False,True,1.9485486394979457e-06,COMPLETE
1537,0.3578397333621979,2025-04-06 05:44:55.722109,2025-04-06 05:45:27.447122,0 days 00:00:31.725013,0.6090218785368469,0.6374353038376319,8,0.08496760479791052,0.14122579970550364,0.05948080862945935,0.05417674196314422,0.02615559634749733,0.008253732363871962,0.00034088130197007407,25,79,0.09808347638816561,0.20540351797259757,False,False,True,1.2143085012716458e-06,COMPLETE
1538,0.39548453092575075,2025-04-06 05:45:27.936805,2025-04-06 05:45:59.914537,0 days 00:00:31.977732,0.6076470601133923,0.06060115335922288,8,0.07302213697592977,0.06074889884919567,0.05819080490295385,0.05818088384895234,0.02916054617446024,0.006389081588038983,0.00042515138003009834,26,73,0.09829214230864623,0.20513835458524024,False,False,True,2.7756305494330108e-06,COMPLETE
1539,0.39220923781394956,2025-04-06 05:46:00.423783,2025-04-06 05:47:23.346925,0 days 00:01:22.923142,0.654704314251767,0.114800943691073,2,0.07951023323159763,0.0676149384729405,0.05489362007977961,0.05949726327773019,0.03151414096279581,0.00290098270367855,0.000182136723182912,25,36,0.09517364158402983,0.20260429717260378,False,False,True,7.038634538041812e-07,COMPLETE
1540,0.3983623027801514,2025-04-06 05:47:23.841121,2025-04-06 05:47:55.913355,0 days 00:00:32.072234,0.6357502795188913,0.05774083553080056,8,0.07517759814799847,0.05632075549175637,0.054057750888623926,0.05996864662986727,0.0328470014004669,0.008187393176653167,0.0004935714881922073,26,82,0.09683127426328107,0.22261796919680005,False,False,True,1.461909963397263e-06,COMPLETE
1541,0.39389045238494874,2025-04-06 05:47:56.400926,2025-04-06 05:48:28.590004,0 days 00:00:32.189078,0.6360830173737702,0.08805895171679087,8,0.0699453302807358,0.06732671772863338,0.04408471525510357,0.060472703683345265,0.025302398015432943,0.004681176146462663,0.0004998319638253244,26,76,0.09129723272880794,0.21526562699132162,False,False,True,1.0142111487219365e-06,COMPLETE
1542,0.3974941551685333,2025-04-06 05:48:29.101059,2025-04-06 05:49:01.402930,0 days 00:00:32.301871,0.6477004280717074,0.13406017705897905,8,0.07114948208048123,0.06029628335213754,0.051167805608086626,0.055979115311627275,0.02784831088616901,0.010405711352304923,0.0002356107026707129,26,80,0.09364437877850677,0.21027434879683937,False,False,True,6.038742300658991e-07,COMPLETE
1543,0.40286735296249393,2025-04-06 05:49:01.897135,2025-04-06 05:49:36.869218,0 days 00:00:34.972083,0.6212106102389926,0.07490323087420489,8,0.0790992984555205,0.07010806309170674,0.05447568985462037,0.013124735177428237,0.03163288170733964,0.007009644630677346,0.0005012005651491543,30,77,0.05348813399829368,0.20362879556669755,False,False,True,1.950747270563799e-06,COMPLETE
1544,0.4011495113372803,2025-04-06 05:49:37.360228,2025-04-06 05:50:09.928890,0 days 00:00:32.568662,0.6415401235155387,0.028114197489706012,8,0.06691537057252814,0.05056073852315938,0.022223203857259923,0.059145848318787185,0.026623619901661275,0.010156602998707126,0.07661519072488925,26,82,0.09990410243332508,0.19953599722892035,False,False,True,4.4926808304565897e-07,COMPLETE
1545,0.3489661931991578,2025-04-06 05:50:10.441867,2025-04-06 05:50:49.448787,0 days 00:00:39.006920,0.0770925942029897,0.0553555010341071,8,0.07252965929076122,0.06463350645379773,0.014299952249589944,0.056189823290964516,0.0274121893095135,0.008767322491373113,0.0004836664186290209,29,72,0.09813785082159149,0.19827949986195056,False,False,False,8.153018466046918e-07,COMPLETE
1546,0.3926788747310639,2025-04-06 05:50:49.944922,2025-04-06 05:51:22.042852,0 days 00:00:32.097930,0.6540516002167279,0.09739470162443811,8,0.06884476864585068,0.07188867518818172,0.062391761057005675,0.06095514513715739,0.030148420903143087,0.004754085096289249,0.0003455904213918801,26,78,0.09540208030644831,0.20824458167013235,False,False,True,2.6142758633506677e-06,COMPLETE
1547,0.4852668404579163,2025-04-06 05:51:22.534252,2025-04-06 05:51:53.899005,0 days 00:00:31.364753,0.6055724825783825,0.043139564410341155,8,0.08592255994456763,0.0582029149111039,0.05334219931870207,0.007808654062081057,0.024404244034816575,0.006128871083124135,0.0006107765150028675,25,83,0.0968158534306423,0.19831925390706748,False,False,True,2.980770321816598e-07,COMPLETE
1548,0.39740886688232424,2025-04-06 05:51:54.414303,2025-04-06 05:52:25.719875,0 days 00:00:31.305572,0.644587781996287,0.010105183970773784,8,0.06526582140099488,0.06377883159478265,0.06126887595303242,0.0261990837334096,0.03134358517084252,0.00291343953866209,0.0003354866269792923,27,25,0.09811163505612781,0.215959806579284,False,False,True,1.2169066227125356e-06,COMPLETE
1549,0.3928863823413849,2025-04-06 05:52:26.211493,2025-04-06 05:52:50.190751,0 days 00:00:23.979258,0.6638028837301442,0.07397387439009255,16,0.0750740487853187,0.07013704272162885,0.057536367536940636,0.05849738524140093,0.024792213700768798,0.010490647346291187,0.0005654864424587337,28,75,0.09993807656600726,0.20593048262974295,False,False,True,1.6320124126191454e-06,COMPLETE
1550,0.3648622274398804,2025-04-06 05:52:50.684929,2025-04-06 05:53:23.472090,0 days 00:00:32.787161,0.6284405634312368,0.8890239856184625,8,0.03586692996980698,0.05382288671491807,0.04850203644070303,0.05660951568123396,0.02945147168691529,0.00814895002864372,0.0004146956824776587,27,70,0.09425861741312166,0.1980911323036183,False,False,True,6.394793547046139e-07,COMPLETE
1551,0.41089073419570926,2025-04-06 05:53:23.995313,2025-04-06 05:53:58.223330,0 days 00:00:34.228017,0.6726676186698203,0.11467860165093478,8,0.06254335998075415,0.07657210134480537,0.019556176203388412,0.054699218406835094,0.03420810723684305,0.009100733038979878,0.022251398303359104,29,80,0.09997786307483585,0.19508083374581306,False,False,True,2.1005550070237682e-07,COMPLETE
1552,0.3992213070392609,2025-04-06 05:53:58.720400,2025-04-06 05:55:26.138377,0 days 00:01:27.417977,0.6489947159776315,0.059686753832730734,2,0.0700407255297906,0.06287325794398463,0.0521452876618585,0.07984318429701609,0.02376793219030997,0.021419212988332267,0.0005986460819222866,26,84,0.09642854007377082,0.20302495866299186,False,False,True,8.956163609179287e-07,COMPLETE
1553,0.3513718068599701,2025-04-06 05:55:26.632180,2025-04-06 05:55:59.570244,0 days 00:00:32.938064,0.6666453835080776,0.08612904063623714,8,0.05722011046438191,0.04586119102303744,0.017514262375415725,0.061251934912889806,0.026897917299598135,0.011472854192314549,0.000565327029471657,27,78,0.09237637359844635,0.05111256502981956,False,True,True,3.6440771376172464e-06,COMPLETE
1554,0.3599987745285035,2025-04-06 05:56:00.086675,2025-04-06 05:56:35.148227,0 days 00:00:35.061552,0.6707495178736164,0.031349989623632606,8,0.06705470986175603,0.06825098801888846,0.012467751234574942,0.01163261290433647,0.03239388195124232,0.005723226077357781,0.0005192036415690806,28,73,0.09831030945416416,0.21198056224848486,True,False,True,2.173431681950698e-06,COMPLETE
1555,0.48526514768600465,2025-04-06 05:56:35.650068,2025-04-06 05:57:09.114328,0 days 00:00:33.464260,0.63359029027681,0.05124682695580395,8,0.04572313506780766,0.05978307281563202,0.06083366437594298,0.058501805054732445,0.030595188341886233,0.007403971477974886,0.00042567851421454527,27,81,0.09537110818317276,0.08948219853816886,False,False,True,5.180037940427882e-07,COMPLETE
1556,0.48754978179931646,2025-04-06 05:57:09.612051,2025-04-06 05:57:43.145429,0 days 00:00:33.533378,0.6516999187282123,0.09588345487088965,8,0.07954773853539748,0.0731094735050177,0.01545547778631093,0.06120689138170376,0.022212089310701223,0.010588313699638887,0.0006759539791623374,28,76,0.09696943516941993,0.19361924493937,False,False,True,3.4542155731034886e-07,COMPLETE
1557,0.48833688497543337,2025-04-06 05:57:43.638325,2025-04-06 05:58:16.045300,0 days 00:00:32.406975,0.6134178837485316,0.0719094020652505,8,0.05976267481436381,0.07753366470439166,0.0564036065285816,0.028392624346470465,0.023437231614626977,0.02045367888728921,0.0005435785252034843,26,84,0.09546274865290527,0.20267120665704674,False,False,True,1.0278900747642856e-06,COMPLETE
1558,0.39276295304298403,2025-04-06 05:58:16.561650,2025-04-06 05:58:47.796019,0 days 00:00:31.234369,0.6806442468594448,0.1354453208971399,8,0.07328135864790619,0.06458695660812198,0.056650876150569573,0.06001186171592827,0.02570052806071202,0.011865263964506684,0.0006784884867461319,25,67,0.09837880422938687,0.19491229692064907,False,False,True,1.3523894176274466e-06,COMPLETE
1559,0.48638021945953375,2025-04-06 05:58:48.291021,2025-04-06 05:59:22.902483,0 days 00:00:34.611462,0.6602251371583592,0.042903507845812906,8,0.05419654822525881,0.05622831308780981,0.021347444815291407,0.018478925939588105,0.02030220485885235,0.009309216779583959,0.001299672904803156,29,80,0.09825468460895007,0.19157875376639164,False,False,True,6.730967206899752e-07,COMPLETE
1560,0.37031939625740057,2025-04-06 05:59:23.396112,2025-04-06 05:59:56.438396,0 days 00:00:33.042284,0.6868822828690604,0.07442560813921499,8,0.2504785588638835,0.06861401447433263,0.01969537902119349,0.015461743028718354,0.01967971074918251,0.09082431898414813,0.0010035333942653066,28,74,0.0433928387810932,0.2078879326445275,False,False,True,4.56447413031812e-07,COMPLETE
1561,0.4639446079730988,2025-04-06 05:59:56.955490,2025-04-06 06:00:30.100977,0 days 00:00:33.145487,0.6694411063091726,0.10837422025035709,8,0.06384135762747212,0.05020433706761564,0.0598834814407244,0.0618607640050941,0.0285705707954556,0.0012832246935833881,0.000724485065736757,27,78,0.09366518177033278,0.19990103816285293,False,False,True,2.994523805720538e-06,COMPLETE
1562,0.36034594178199775,2025-04-06 06:00:30.601239,2025-04-06 06:01:07.761479,0 days 00:00:37.160240,0.6344835036527898,0.028556924999447467,8,0.06582949313943517,0.07346354729913611,0.02319048913410412,0.05664340111015192,0.02197262370354476,0.017704476502818377,0.0003678864028482026,27,82,0.09993571340135736,0.2233275074255936,False,False,False,1.7387628496543323e-06,COMPLETE
1563,0.4877293229103089,2025-04-06 06:01:08.279480,2025-04-06 06:01:40.480447,0 days 00:00:32.200967,0.6493465107645982,0.05671632880112774,8,0.04038193587868039,0.06067674983596148,0.01724283608952369,0.003166395408069683,0.01861185919633023,0.006247576421351509,0.0005562816475206089,26,85,0.09995678200825901,0.19251413525820274,False,False,True,8.100896239636408e-07,COMPLETE
1564,0.4005764722824097,2025-04-06 06:01:40.986018,2025-04-06 06:03:12.786590,0 days 00:01:31.800572,0.6860452618451927,0.08458075633122454,2,0.08234044181197293,0.07997614019962951,0.013835717292274795,0.05396133727235987,0.024766966565891037,0.012500286066357256,0.0009046677607435417,28,76,0.031851292013224355,0.19982488197745352,False,False,True,1.093134149181041e-06,COMPLETE
1565,0.41459591984748845,2025-04-06 06:03:13.286336,2025-04-06 06:03:45.973320,0 days 00:00:32.686984,0.6039282522634343,0.06253782512445055,8,0.05018489445736527,0.06715808765312391,0.018649551157439097,0.058834221504606043,0.02091283909471482,0.008093895040329188,0.001442552830167589,27,71,0.09665004221792245,0.18880149960630954,False,False,True,2.2340518645427925e-06,COMPLETE
1566,0.48165791630744936,2025-04-06 06:03:46.493664,2025-04-06 06:04:18.560144,0 days 00:00:32.066480,0.6741010306206957,0.09691720149323785,8,0.05802834403805914,0.0595259722317726,0.015742834441041836,0.005576981900135662,0.036171823519023066,0.010548472850181847,0.0006582854875204277,26,81,0.09054178874424977,0.21412457119558354,False,False,True,6.142118659956795e-07,COMPLETE
1567,0.48562072515487675,2025-04-06 06:04:19.066001,2025-04-06 06:04:53.634910,0 days 00:00:34.568909,0.6965703635723436,0.03985907935900893,8,0.07256541400726292,0.07236698519483004,0.013220756290685264,0.0723114304754071,0.018032570064045267,0.019676585950474043,0.0011714447349537628,29,86,0.09414184014002401,0.20569339817765234,False,False,True,3.944052121804745e-07,COMPLETE
1568,0.3990835309028626,2025-04-06 06:04:54.134593,2025-04-06 06:05:27.717538,0 days 00:00:33.582945,0.6235334682926503,0.07989228931728794,8,0.06408835106745449,0.05515151840347076,0.020652286276894565,0.06271065373704536,0.022958268591915815,0.0170648644534789,0.0004538660693329628,28,78,0.09671387603979183,0.19555260451601655,False,False,True,1.4498502405807626e-06,COMPLETE
1569,0.3517598152160645,2025-04-06 06:05:28.237766,2025-04-06 06:06:01.841345,0 days 00:00:33.603579,0.6584650512879393,0.11833207374536209,8,0.053861134571619354,0.18027707904306348,0.017038170434825226,0.010500322041614694,0.019841581729704145,0.0039435518644663275,0.0007469606451335988,27,83,0.09824529763185473,0.18804870527254502,False,False,True,9.156929530583678e-07,COMPLETE
1570,0.3858222544193268,2025-04-06 06:06:02.346216,2025-04-06 06:06:27.068747,0 days 00:00:24.722531,0.6918602864588584,0.06017412834055037,16,0.06906186082216365,0.06542971037610534,0.011671662338519047,0.05749643845815131,0.01709717037981442,0.01442127299219724,2.404674456711013e-05,30,63,0.09520931001016072,0.20048452373683176,False,False,True,1.8430314346320525e-06,COMPLETE
