number,value,datetime_start,datetime_complete,duration,params_alpha-eval,params_alpha-train,params_batch-size,params_eps-eval,params_eps-train,params_lambda-actions-eval,params_lambda-actions-train,params_lambda-frames-eval,params_lambda-frames-train,params_learning-rate,params_n-epochs,params_n-frames,params_radius-gw,params_rho,params_std-feats,params_ub-actions,params_ub-frames,params_weight-decay,state
0,0.3676989853382111,2025-04-05 09:16:20.198352,2025-04-05 09:16:42.804757,0 days 00:00:22.606405,0.40282353316013564,0.3375832685022156,16,0.021044341621725502,0.09986474764398605,0.044511201127647136,0.09916365787803108,0.08719448656863127,0.05565579996874606,3.903265047465599e-05,21,109,0.029429599875197703,0.18093995408632987,False,True,True,4.204093495359474e-08,COMPLETE
1,0.28615721464157107,2025-04-05 09:16:42.808958,2025-04-05 09:17:19.136216,0 days 00:00:36.327258,0.1850349067256517,0.9638674321061129,2,0.2422871694980829,0.16249413636845142,0.03766884291855148,0.09224983294490724,0.08922498683537305,0.03345770574233227,0.0016891702266383778,7,84,0.0036497521165355707,0.023583983374433872,True,True,True,4.76156996146931e-06,COMPLETE
2,0.33109262585639954,2025-04-05 09:17:19.139917,2025-04-05 09:17:51.316434,0 days 00:00:32.176517,0.8168039953876295,0.03125190486101353,8,0.22782620845247809,0.2788900937418316,0.07377314816252492,0.08012813169399195,0.08678540717293766,0.05550053249257724,0.002936694989229208,26,29,0.03206270919001095,0.22351964707768227,True,False,True,3.48341577910131e-08,COMPLETE
3,0.3005799949169159,2025-04-05 09:17:51.320652,2025-04-05 09:18:20.883845,0 days 00:00:29.563193,0.44715306237406083,0.21973272294842308,2,0.2514651267401818,0.09235209451855363,0.022664612674461085,0.0014112948162334099,0.019489328189237782,0.06711204851863765,0.03891140807581699,5,22,0.048220761250266524,0.026785711249838626,False,False,True,2.722031656390378e-05,COMPLETE
4,0.37095405459403996,2025-04-05 09:18:20.888295,2025-04-05 09:19:58.941803,0 days 00:01:38.053508,0.40077606441687763,0.6577209289644783,2,0.11601363221840735,0.2910023241316778,0.0023311523960909955,0.008150352475289238,0.09618175993890239,0.06178360820134564,0.021034066438989932,25,38,0.02530459935601529,0.1698310447776161,False,False,False,2.0923377388508088e-08,COMPLETE
5,0.41476287245750426,2025-04-05 09:19:58.946383,2025-04-05 09:20:39.277994,0 days 00:00:40.331611,0.11226963730460782,0.21320892462636798,2,0.004200031819837893,0.2033578816843719,0.06414603014228556,0.0012451517996982268,0.03950754946555439,0.029414225509011967,0.00010641583371595199,9,29,0.06013740102948435,0.26768656994380374,False,False,True,2.483158347685543e-06,COMPLETE
6,0.28615721464157107,2025-04-05 09:20:39.283119,2025-04-05 09:22:16.389879,0 days 00:01:37.106760,0.6905083482439768,0.5687408764047299,2,0.18566495562772534,0.18151667250348258,0.09767925493227032,0.07283035837107905,0.06466575307736515,0.09571459511208225,9.707024079698507e-05,30,20,0.07344065545399547,0.028018631020593057,True,True,True,2.7697062539837323e-06,COMPLETE
7,0.28164364695549016,2025-04-05 09:22:16.395362,2025-04-05 09:23:59.544386,0 days 00:01:43.149024,0.8447589864871189,0.6795318587211364,2,0.15859015709734364,0.2983141721573795,0.09239923023744902,0.060629796470545234,0.07647483345734417,0.02000161823135706,0.0001163033630793007,30,100,0.08333802582588452,0.20359407041229613,True,True,True,3.3644551316084357e-06,COMPLETE
8,0.3214508473873139,2025-04-05 09:23:59.549850,2025-04-05 09:24:46.655462,0 days 00:00:47.105612,0.300802259448504,0.623008732228302,2,0.24531392249490325,0.08960512782275167,0.055703077687027286,0.028908331717159837,0.0737084212482938,0.07943701614277542,0.00037264766005368514,11,108,0.061041757379328127,0.284429511875114,False,False,True,5.441317889972082e-06,COMPLETE
9,0.28615721464157107,2025-04-05 09:24:46.661553,2025-04-05 09:25:01.513021,0 days 00:00:14.851468,0.9583412596730021,0.888792396509659,16,0.2739690447023612,0.2729105081508011,0.05265872519385755,0.07373481615852107,0.08749707572688495,0.0724143943460657,0.03315782633342835,5,78,0.01218774670007455,0.11741664844888544,False,True,True,1.3152919058386796e-08,COMPLETE
10,0.28615721464157107,2025-04-05 09:25:01.519463,2025-04-05 09:25:26.161273,0 days 00:00:24.641810,0.03486432277265923,0.3221303611235196,8,0.0015187528913158678,0.21783621537794678,0.07405809286775346,0.03696217551479308,0.036260901657418486,0.004205329615593511,1.0155810416740695e-05,13,55,0.09725728034400517,0.2958629448755657,False,False,False,0.0005223334767070508,COMPLETE
11,0.28615721464157107,2025-04-05 09:25:26.167858,2025-04-05 09:26:44.108008,0 days 00:01:17.940150,0.02596209184404591,0.7989218557751223,2,0.07695756673196061,0.005984180521699023,0.0010171485471063468,0.012311814517454972,0.046342600486695106,0.03418829633279825,0.007704925802283865,19,48,0.04219146691982312,0.10977879763584525,False,False,False,2.469485429506615e-07,COMPLETE
12,0.3521110057830811,2025-04-05 09:26:44.115083,2025-04-05 09:28:17.275251,0 days 00:01:33.160168,0.6327924792267767,0.4239102246754205,2,0.0939220734836729,0.23839851810880297,0.005538452290928371,0.019906129383669965,0.008559551400257711,0.03852941541717581,0.0004403417323116023,23,150,0.021152153573434765,0.2539540828571708,False,False,False,1.4540168329600687e-07,COMPLETE
13,0.3630687534809113,2025-04-05 09:28:17.282478,2025-04-05 09:29:19.801571,0 days 00:01:02.519093,0.20335257909143184,0.10237493383296581,2,0.09097806160233522,0.21954445622670138,0.06845153667401334,0.0018520546129542036,0.032773969781941616,0.014445565069621259,0.010489618056451742,14,49,0.06151524232946157,0.1457212658079992,False,False,False,0.00026032180701109607,COMPLETE
14,0.38263098001480106,2025-04-05 09:29:19.808980,2025-04-05 09:29:40.755250,0 days 00:00:20.946270,0.539532458888848,0.4841190829710791,16,0.05345263305498009,0.19913415747065763,0.02356661133995639,0.045779152733521684,0.05869105684752744,0.0461235328628693,0.06442176320811141,16,6,0.060606436907257505,0.07310502683160706,False,False,False,6.175451067977051e-07,COMPLETE
15,0.3862175107002258,2025-04-05 09:29:40.763044,2025-04-05 09:30:01.882716,0 days 00:00:21.119672,0.5849693495618127,0.4549781930669286,16,0.04442742916345324,0.13147981509092,0.027227439922098792,0.042128703166183334,0.056296393480970174,0.038777430621179394,0.0939497251494773,16,10,0.0628727456105521,0.07288379968167286,False,False,False,5.82732565163242e-07,COMPLETE
16,0.3679082274436951,2025-04-05 09:30:01.891801,2025-04-05 09:30:20.218253,0 days 00:00:18.326452,0.5779150231500765,0.19735013113090305,16,0.037440755632502515,0.14225196844128646,0.028163399121291392,0.05743873150609549,0.04666465700709441,0.024150097759662238,0.0005867996051444645,10,6,0.07907457921754919,0.06856362240193718,False,False,False,3.9737377901643384e-05,COMPLETE
17,0.31326350569725037,2025-04-05 09:30:20.227036,2025-04-05 09:30:41.620889,0 days 00:00:21.393853,0.741929707742238,0.3954599888016652,16,0.0020308122544818175,0.13361388147296863,0.0587390417423004,0.02744070244475414,0.02812380362221749,0.044579237155506816,2.0996065333160587e-05,17,63,0.0699014656539137,0.08077087584340639,False,False,False,4.5109322479755785e-07,COMPLETE
18,0.3777283728122711,2025-04-05 09:30:41.629477,2025-04-05 09:31:04.015011,0 days 00:00:22.385534,0.2993844918735083,0.23348842860200394,8,0.13422003606770908,0.042567475626511725,0.08409721244390699,0.04154374654585312,0.05683040530097799,0.008843758661412127,0.09746767588678462,9,33,0.08966653969752826,0.23948707453786483,True,False,False,1.1509572388542566e-06,COMPLETE
19,0.2954563438892365,2025-04-05 09:31:04.024469,2025-04-05 09:31:21.613249,0 days 00:00:17.588780,0.18027082856215132,0.48192409908817413,16,0.05952860072490889,0.12462874843191288,0.03732812050001379,0.05490609533914786,0.04258425956766329,0.025870400447105334,0.00013981336007928106,14,21,0.04197212041865391,0.14326117501051375,False,False,True,2.118831011547174e-05,COMPLETE
20,0.32626611590385435,2025-04-05 09:31:21.622594,2025-04-05 09:31:43.863243,0 days 00:00:22.240649,0.4978321455787845,0.10813764595022415,16,0.17814399829990046,0.24801391720458152,0.019441577358511812,0.02100210413758769,0.020465466343090426,0.029596117817096822,0.0036623397026463653,20,139,0.053014809489797185,0.10974934087570923,False,False,True,9.529760041412158e-08,COMPLETE
21,0.38226104974746705,2025-04-05 09:31:43.872876,2025-04-05 09:32:04.928383,0 days 00:00:21.055507,0.5666675961979114,0.5219084799756282,16,0.047235204291564845,0.18187365339526487,0.014100948585512571,0.04407697326401127,0.0588795007890342,0.04493555108556939,0.061627006450721555,16,7,0.0582881508760485,0.07031313035799658,False,False,False,7.455626397370265e-07,COMPLETE
22,0.37428311705589296,2025-04-05 09:32:04.938840,2025-04-05 09:32:25.886468,0 days 00:00:20.947628,0.5437762000133253,0.7438700026069671,16,0.0304728802375166,0.20040487195901824,0.03412631950445558,0.0473448930042585,0.06667994763477626,0.047230700743346,0.011793697345606317,16,6,0.06895033076956894,0.0064803721480178045,False,False,False,1.4352855717564357e-06,COMPLETE
23,0.35637636184692384,2025-04-05 09:32:25.896774,2025-04-05 09:32:45.399252,0 days 00:00:19.502478,0.6697627597617039,0.2895664571480283,16,0.06650833933186719,0.16796458577363227,0.045338316496901426,0.06626866959249189,0.054087971818393504,0.03959081843040545,0.06321918065087752,13,18,0.06539282699961085,0.05468597381321706,False,False,False,3.0626864701574927e-07,COMPLETE
24,0.3670673489570618,2025-04-05 09:32:45.409779,2025-04-05 09:33:07.230600,0 days 00:00:21.820821,0.33391748519720377,0.4378949581317861,16,0.10819924480793186,0.1915821734071277,0.013359774446586675,0.03128243834287937,0.03868841776821174,0.01681458424525411,0.02004085912225515,18,39,0.05289767969822496,0.09211659456862523,False,False,False,1.254769348935315e-05,COMPLETE
25,0.3478214025497437,2025-04-05 09:33:07.241545,2025-04-05 09:33:28.634274,0 days 00:00:21.392729,0.7536845035050815,0.5692086661921858,8,0.022791325372497638,0.06282300609526757,0.06145803049150025,0.049552193261159845,0.05100215200297643,0.053195126306609025,0.00098215123716423,8,66,0.04157028405252258,0.13278657451474307,False,False,False,6.456733707544329e-05,COMPLETE
26,0.3680196583271027,2025-04-05 09:33:28.645904,2025-04-05 09:33:45.772591,0 days 00:00:17.126687,0.4843989073238666,0.3536422295016057,16,0.053470206507208635,0.11518391836769852,0.029904963487393993,0.01815589539171389,0.0657111006755504,0.039617582921252815,3.999162264560013e-05,11,16,0.08306319435515505,0.038459010008226144,True,True,False,1.2266805751544262e-06,COMPLETE
27,0.28615721464157107,2025-04-05 09:33:45.785019,2025-04-05 09:34:08.292781,0 days 00:00:22.507762,0.6126412237756819,0.49968165092943867,16,0.0012419275289625542,0.15506831744054664,0.04175018738393682,0.03556616559705006,0.07440478781233464,0.08478803315746092,0.00021399945551920478,21,30,0.07539338471326665,0.17138175326990585,False,False,False,1.1360393527767476e-07,COMPLETE
28,0.3239094436168671,2025-04-05 09:34:08.304761,2025-04-05 09:34:32.110500,0 days 00:00:23.805739,0.9739292342154453,0.1584882893027793,8,0.08200310177359617,0.2138603316244791,0.024931745256889307,0.06538987751986336,0.026082586315398396,0.03206999445095878,0.006722969109897535,15,43,0.053630532980805036,0.27145196966211405,False,False,True,8.704942861319312e-06,COMPLETE
29,0.28615721464157107,2025-04-05 09:34:32.122616,2025-04-05 09:34:49.195105,0 days 00:00:17.072489,0.38297822558636196,0.282389323976744,16,0.019376785952329383,0.10904012111321966,0.04634022687794451,0.09195906084140107,0.061920306157371256,0.060408599207878194,6.323797607048063e-05,12,13,0.03448254030380336,0.19717905243960387,False,True,True,5.750500869009799e-07,COMPLETE
30,0.3542433023452759,2025-04-05 09:34:49.207356,2025-04-05 09:35:12.799022,0 days 00:00:23.591666,0.11042099384589643,0.3496615564665351,16,0.03923598308361469,0.24789109659668515,0.012016808073830071,0.03916089957485894,0.008849296886741034,0.04980160219482558,0.021597040411855103,23,29,0.046520676185097656,0.09849166612467979,False,False,False,4.6002750359827184e-08,COMPLETE
31,0.3847757697105408,2025-04-05 09:35:12.812118,2025-04-05 09:35:34.235213,0 days 00:00:21.423095,0.5464814501273947,0.5218724824220294,16,0.04911467608145431,0.17553758379572457,0.016872655089940444,0.052774557682866936,0.058140356998799436,0.04293701131229338,0.09535724603966972,17,9,0.06042645110701195,0.057691409298238,False,False,False,7.009250525084937e-07,COMPLETE
32,0.3811049938201905,2025-04-05 09:35:34.249364,2025-04-05 09:35:56.087901,0 days 00:00:21.838537,0.44312646132087474,0.6034232675795889,16,0.06623868763462454,0.17522922473328803,0.0194213159926966,0.053578394166610976,0.05019048018360845,0.03852692770176561,0.09370351850925016,18,6,0.06357978185327777,0.0540140987166803,False,False,False,2.9948447575016054e-06,COMPLETE
33,0.36055445671081543,2025-04-05 09:35:56.101303,2025-04-05 09:36:16.945658,0 days 00:00:20.844355,0.5312265371550469,0.4844210732011644,16,0.111425372160957,0.1503154135745162,0.009435685343446808,0.08338955791871927,0.039914179362301905,0.05944310771934569,0.04110816783692504,16,26,0.05725136112771357,0.0090418127274257,False,False,False,1.5818318516495888e-06,COMPLETE
34,0.3745624959468842,2025-04-05 09:36:16.960295,2025-04-05 09:36:44.619452,0 days 00:00:27.659157,0.46137045198502646,0.018582165567904735,16,0.031221976597054273,0.2056677580373022,0.0327696944965705,0.0462630012538829,0.07027403519760049,0.024978005690158782,0.0024411297888738592,22,91,0.06828773091376279,0.04346071092448427,True,False,False,2.1475931301956235e-07,COMPLETE
35,0.3101896047592163,2025-04-05 09:36:44.634508,2025-04-05 09:37:19.678467,0 days 00:00:35.043959,0.6243437832161405,0.42123062163994696,2,0.018849841165580007,0.2318014984392927,0.017935123341381407,0.06177459066518695,0.07865671719274181,0.05344961775035156,0.042693193028908887,7,13,0.04867973399215828,0.08091171589957571,False,False,True,4.0532904479668575e-07,COMPLETE
36,0.34141077995300295,2025-04-05 09:37:19.693601,2025-04-05 09:37:39.734956,0 days 00:00:20.041355,0.7294968521135213,0.7076654276578945,16,0.2085524466731425,0.1665669969490575,0.0653100961792872,0.07232314590175101,0.055677971506164006,0.034193627729149544,0.001392288800914095,20,36,0.07443835558078478,0.12430189952743027,False,True,False,5.121875254267987e-08,COMPLETE
37,0.28622549772262573,2025-04-05 09:37:39.750009,2025-04-05 09:38:36.475127,0 days 00:00:56.725118,0.815386093324086,0.5498037739602896,2,0.13718178624990293,0.19308086001828542,0.0813633449441985,0.010731384102374827,0.04593389314047686,0.06682444368105056,0.07164058122994726,15,25,0.03549097294394507,0.21553984822156286,True,False,True,8.859027336056485e-07,COMPLETE
38,0.3168728828430176,2025-04-05 09:38:36.490697,2025-04-05 09:39:45.461389,0 days 00:01:08.970692,0.36603252939974484,0.6367702900832585,2,0.29875156733301134,0.14088316645141513,0.02369602554924596,0.03324806968545316,0.06137741333026542,0.04112904937576974,0.023346285844616003,19,127,0.055046474421856686,0.02215862950280751,False,False,True,1.9998420396368206e-06,COMPLETE
39,0.2811744093894959,2025-04-05 09:39:45.477242,2025-04-05 09:40:17.135723,0 days 00:00:31.658481,0.2480767164460278,0.7621499485234071,8,0.04946425877143828,0.27293119436958463,0.008193350498672852,0.024521783170226612,0.05176350218565537,0.04870371109089488,0.0392434045138321,27,13,0.0643788101072898,0.05678002719835399,True,True,False,4.265401557927882e-06,COMPLETE
40,0.37086976766586305,2025-04-05 09:40:17.151849,2025-04-05 09:40:32.148850,0 days 00:00:14.997001,0.6897817513497358,0.8256052227343611,16,0.01763510951897187,0.0810535743840699,0.05029563791188982,0.09568561154979333,0.08182074341291305,0.031010660470751607,0.004287035896366869,6,21,0.08626796422572157,0.09541821579732496,False,False,True,8.233348714249382e-06,COMPLETE
41,0.3839567840099335,2025-04-05 09:40:32.165127,2025-04-05 09:40:53.318146,0 days 00:00:21.153019,0.5593895861228502,0.566868888702899,16,0.04768812496023619,0.18457265616876928,0.014128745255575769,0.051349578825785024,0.05882859518905538,0.04427465643619284,0.06659430580051336,17,5,0.058287623060937266,0.08239767103148994,False,False,False,8.253893782888168e-07,COMPLETE
42,0.3842276692390442,2025-04-05 09:40:53.334799,2025-04-05 09:41:14.504563,0 days 00:00:21.169764,0.42754143706576736,0.5835187533366897,16,0.07212252853839374,0.18830236928186442,0.01591563992333085,0.052767619959033445,0.06825728276602235,0.05569988467628337,0.06242746726937112,17,12,0.05878796364345035,0.07416255143637622,False,False,False,6.243497514347409e-07,COMPLETE
43,0.37720038890838625,2025-04-05 09:41:14.521107,2025-04-05 09:41:35.607444,0 days 00:00:21.086337,0.4158800507588974,0.5998594465984772,16,0.07517876843042752,0.17930438158721307,0.016591666491378308,0.05220237358556857,0.09964810286775999,0.06750766812994326,0.01546391595052521,17,14,0.04672298041046247,0.03718758382376954,False,False,False,2.0534181366751977e-06,COMPLETE
44,0.35054513812065125,2025-04-05 09:41:35.624361,2025-04-05 09:42:53.183639,0 days 00:01:17.559278,0.6030576129887921,0.5468528657051137,2,0.09752112207693686,0.1574227423929707,0.0012068046402512432,0.05698222274387838,0.0695611926060436,0.05640653102539057,0.031979701649497906,19,24,0.06990010254935113,0.0885299747381518,False,False,False,1.9094611249471267e-07,COMPLETE
45,0.39415661692619325,2025-04-05 09:42:53.200849,2025-04-05 09:43:12.844158,0 days 00:00:19.643309,0.6558164592926764,0.6534040306453643,16,0.013977073261343054,0.23003139414620646,0.005981417187033173,0.06697743849913727,0.034051047802297674,0.03614506339872627,0.052371043272941065,14,14,0.05871398893248909,0.1576443942310347,False,False,False,8.562491689705276e-08,COMPLETE
46,0.35104575753211975,2025-04-05 09:43:12.861581,2025-04-05 09:44:08.556564,0 days 00:00:55.694983,0.7851382007509594,0.9569630986667607,2,0.008641243407137136,0.2298997336578109,0.005867103929196683,0.08125896939294061,0.03281273412350689,0.02151392886974172,0.030060374761960534,12,43,0.07830123031794478,0.19108946607433872,False,False,False,1.5776949866433105e-08,COMPLETE
47,0.2843420207500458,2025-04-05 09:44:08.574616,2025-04-05 09:44:26.349301,0 days 00:00:17.774685,0.13957139861588386,0.6792285907457734,16,0.03258757735088409,0.21645831514849687,0.07515512923153755,0.06978007780287468,0.03315820504990027,0.03524523448629104,0.00022622109449210864,14,33,0.05069240069821251,0.24974284657230245,False,True,False,1.0457199789790982e-07,COMPLETE
48,0.4058499157428742,2025-04-05 09:44:26.367090,2025-04-05 09:44:43.300976,0 days 00:00:16.933886,0.9056594349169167,0.6544103699252665,16,0.07906260260784011,0.2583090608086283,0.005807456542758799,0.07590951471601415,0.014541553599257115,0.02850116752381979,1.4611451925656661e-05,10,60,0.06578917368270755,0.16040279938197655,False,False,True,2.861930339913683e-08,COMPLETE
49,0.2938038527965546,2025-04-05 09:44:43.319406,2025-04-05 09:45:27.394354,0 days 00:00:44.074948,0.9399140716749749,0.826249555049963,2,0.12753417178050033,0.24783564861588187,0.004690551723036729,0.07738357987615514,0.014819266019146994,0.011515556721605421,2.065564153428808e-05,10,59,0.0024098518539717798,0.15918781235298696,False,False,True,6.751135599467623e-08,COMPLETE
50,0.35919936895370486,2025-04-05 09:45:27.413031,2025-04-05 09:45:47.878833,0 days 00:00:20.465802,0.8710401527185597,0.7170538552467053,8,0.015156243751409176,0.2672971020711671,0.009593763957786619,0.08911810603861753,0.0027385074261263107,0.02702206496889538,1.156557139282072e-05,9,71,0.06561216029922803,0.16974862532731327,True,False,True,2.48615782596688e-08,COMPLETE
51,0.347245579957962,2025-04-05 09:45:47.897375,2025-04-05 09:46:04.916585,0 days 00:00:17.019210,0.8641320416738705,0.6133074285905088,16,0.08125010307942264,0.2602684284640948,0.005283856757932807,0.06356814678456081,0.024875113860651873,0.028056704105371567,5.3386261066489776e-05,12,12,0.06060671598270983,0.21861554070199965,False,False,True,2.8418080026453817e-08,COMPLETE
52,0.351920622587204,2025-04-05 09:46:04.935570,2025-04-05 09:46:20.928407,0 days 00:00:15.992837,0.6789953732002931,0.6409515362639905,16,0.06824497649742685,0.2880388114594339,0.02889270940651492,0.08516224811622591,0.019636911302120395,0.021136401280762017,2.0593902580607778e-05,8,50,0.0722612452028818,0.15632790436467364,False,False,True,1.1190567827025528e-08,COMPLETE
53,0.3340529799461365,2025-04-05 09:46:20.947808,2025-04-05 09:46:39.601834,0 days 00:00:18.654026,0.9027488757019595,0.6611808323273907,16,0.04203465451296878,0.22521617418236195,0.021637992903540064,0.07632686548436086,0.04718307195108962,0.0998170369278373,8.567390787704068e-05,13,88,0.06156787769260775,0.1850386497813863,False,False,True,4.487058031355901e-07,COMPLETE
54,0.3479951500892639,2025-04-05 09:46:39.622274,2025-04-05 09:47:00.040198,0 days 00:00:20.417924,0.661199914985303,0.4596668059916115,16,0.09304042114553056,0.25757396392827475,0.011131415439334501,0.05831391569567365,0.029197387400272574,0.03684272635931899,0.05364060857903506,15,20,0.0667404067153703,0.13619346718919934,False,False,False,1.5243572795036416e-07,COMPLETE
55,0.3880119681358338,2025-04-05 09:47:00.060481,2025-04-05 09:47:17.516921,0 days 00:00:17.456440,0.2837550912479617,0.38978146261019825,16,0.057683853453706885,0.20736314416619284,0.06941090797269327,0.0684907923306044,0.015080245818578274,0.017529765811051416,0.08647532858639383,10,79,0.05806867874648932,0.27471727419364844,False,False,True,2.935846703108962e-07,COMPLETE
