number,value,datetime_start,datetime_complete,duration,params_alpha-eval,params_alpha-train,params_batch-size,params_eps-eval,params_eps-train,params_lambda-actions-eval,params_lambda-actions-train,params_lambda-frames-eval,params_lambda-frames-train,params_learning-rate,params_n-epochs,params_n-frames,params_radius-gw,params_rho,params_std-feats,params_ub-actions,params_ub-frames,params_weight-decay,state
1011,0.4034524440765381,2025-04-06 00:00:06.667522,2025-04-06 00:00:40.169174,0 days 00:00:33.501652,0.6332341708585459,0.10752676293183226,8,0.06005806000188789,0.07389064438259377,0.021365298890295818,0.061827161281966955,0.03155654203195801,0.011610240462607006,0.06680330466120377,28,75,0.09991066204256041,0.2029089540808655,False,False,True,1.0722895922322632e-06,COMPLETE
1012,0.39441745281219487,2025-04-06 00:00:40.496731,2025-04-06 00:01:13.195131,0 days 00:00:32.698400,0.6686565509809486,0.06548287550892162,8,0.05654035938724343,0.07219644556132693,0.01771504155370695,0.06560019732048282,0.03051524577000929,0.012817057795187402,0.0004336977776793657,27,81,0.09820390585899352,0.19501182341678272,False,False,True,1.3711066090283193e-06,COMPLETE
1013,0.35174707770347596,2025-04-06 00:01:13.508909,2025-04-06 00:01:51.858218,0 days 00:00:38.349309,0.7220741710233897,0.052477287227061124,8,0.05305284241558145,0.094878597619135,0.020016222069765312,0.06326630762321445,0.029001637613910846,0.007678238486739991,0.0005958088637976365,29,70,0.09995863511058704,0.18585742005684697,False,False,False,2.0272289231839864e-06,COMPLETE
1014,0.48768553733825687,2025-04-06 00:01:52.180775,2025-04-06 00:02:25.290439,0 days 00:00:33.109664,0.6489296957297179,0.08748530270635355,8,0.06090036198664987,0.07895767040731352,0.02321902514466528,0.06049292289474004,0.029495689926178428,0.013608498023329316,0.0010268257955264222,27,84,0.09760737861000492,0.19961032843088863,False,False,True,8.580022962590622e-07,COMPLETE
1015,0.35347816348075867,2025-04-06 00:02:25.615147,2025-04-06 00:02:59.475640,0 days 00:00:33.860493,0.6861745971479333,0.10987904764478444,8,0.14211056425974644,0.06985104181059233,0.01644637921861308,0.06596229103898327,0.030322658992129808,0.05713053331540981,0.0007277268533820016,28,80,0.09810680179561404,0.18294145073323376,False,False,True,1.6248157972028522e-06,COMPLETE
1016,0.38591943383216865,2025-04-06 00:02:59.804073,2025-04-06 00:03:32.521469,0 days 00:00:32.717396,0.6292832593367332,0.06819240462059306,8,0.04563645772254648,0.08944165449982446,0.013235899653983937,0.06369563223638536,0.0345235077222525,0.009829628103003685,0.0005710690307504705,27,77,0.06117888461492377,0.029911081745254156,False,False,True,1.1624995827839873e-06,COMPLETE
1017,0.42798638939857486,2025-04-06 00:03:32.850861,2025-04-06 00:04:05.262998,0 days 00:00:32.412137,0.668226830026155,0.027528480225283165,8,0.06324229125192954,0.07624065754811368,0.019541932893648938,0.05940205277389883,0.026364817111881888,0.014899590007968474,0.0008118275346102296,27,66,0.096456388831166,0.19064350519788376,False,False,True,9.175018992990148e-07,COMPLETE
1018,0.3963508486747742,2025-04-06 00:04:05.596068,2025-04-06 00:04:37.636582,0 days 00:00:32.040514,0.692294744607902,0.08530992825671815,8,0.05429979512099522,0.06837818318134123,0.023484010038077503,0.061869067286823023,0.03281076272628482,0.010882575818283368,0.0004884132624100923,26,83,0.09997679167903573,0.20689209596950342,False,False,True,6.174473071051378e-07,COMPLETE
1019,0.35109863877296454,2025-04-06 00:04:37.947562,2025-04-06 00:05:11.609173,0 days 00:00:33.661611,0.7045350613486632,0.04891044904762481,8,0.06119423256963616,0.08271561513108143,0.021416974837808408,0.058929691327185306,0.025114592057058516,0.012944669550293757,0.00021313448572210178,28,73,0.09999403396885267,0.19312525072121453,False,False,True,3.576212732616285e-07,COMPLETE
1020,0.48640801906585696,2025-04-06 00:05:11.935464,2025-04-06 00:05:44.704620,0 days 00:00:32.769156,0.6507964149242668,0.06626703312515803,8,0.06542788781030984,0.07296547368942666,0.018037832901584262,0.0673050460262263,0.03601964607093905,0.015234797230336477,0.0009022437616079615,27,79,0.09701918474664703,0.17785472363482213,False,False,True,2.2061257151392172e-06,COMPLETE
1021,0.3964683771133423,2025-04-06 00:05:45.030906,2025-04-06 00:06:19.702386,0 days 00:00:34.671480,0.7319316728444202,0.09084866976637532,8,0.05675471583960254,0.06570004952119425,0.014801732040173009,0.06079435514086763,0.022616875884750722,0.009518589117907811,0.026050465504799614,29,86,0.09837704325300187,0.18570843042354926,False,False,True,1.5252354573718765e-06,COMPLETE
1022,0.3655693352222443,2025-04-06 00:06:20.030616,2025-04-06 00:06:52.752597,0 days 00:00:32.721981,0.7634359449004399,0.039406690845325255,8,0.05058873719575389,0.07615188422742426,0.0223453982620468,0.06472447167143101,0.027838373941063407,0.012071933175987313,0.0006589788536604884,26,88,0.0957905397172639,0.19945025542649875,False,True,True,1.0681682896011622e-06,COMPLETE
1023,0.48829307556152346,2025-04-06 00:06:53.081771,2025-04-06 00:07:25.732682,0 days 00:00:32.650911,0.6774628572236981,0.11182385196158878,8,0.06560872490247809,0.06830660733791628,0.011629645447091622,0.05783946346935209,0.02998035803202987,0.014287789642682968,0.0010231107312886746,27,76,0.09814274224892997,0.17878504596969222,False,False,True,8.017077285640835e-07,COMPLETE
1024,0.351066541671753,2025-04-06 00:07:26.061197,2025-04-06 00:07:59.701023,0 days 00:00:33.639826,0.6583401184775135,0.05898778239112738,8,0.0600492095934609,0.06210418219294596,0.019696366941983984,0.06290807614359042,0.020116872612435145,0.006729591110143724,0.0007260155493442003,26,81,0.0952777527014282,0.1900448924282552,True,False,True,4.3557035778177827e-07,COMPLETE
1025,0.3644093990325928,2025-04-06 00:08:00.034070,2025-04-06 00:08:33.244426,0 days 00:00:33.210356,0.7157939935656686,0.804951840218828,8,0.04433679624770459,0.08167490958649831,0.017355384593669792,0.06248709282201043,0.023659090602083398,0.01591526386710191,0.0005582004552787008,28,71,0.09658092939134001,0.17081708133944634,False,False,True,6.385151273502072e-07,COMPLETE
1026,0.4860775589942932,2025-04-06 00:08:33.559138,2025-04-06 00:09:06.565381,0 days 00:00:33.006243,0.6292836270348318,0.07786356764085169,8,0.06782299313800196,0.05642446799272842,0.02410900215066858,0.06043014959131825,0.03252372539349983,0.012841822964197473,0.0008672998336719222,27,74,0.09797666308470462,0.04536845061946533,False,False,True,1.2853157523263825e-06,COMPLETE
1027,0.39048705101013187,2025-04-06 00:09:06.894772,2025-04-06 00:09:39.226840,0 days 00:00:32.332068,0.6993269375604663,0.03587125617256189,8,0.055965543976899394,0.0721771457729272,0.02106210411404774,0.05766908999645541,0.03857085145344012,0.016004326842657016,0.00038333895281463535,26,84,0.09789094089816007,0.1956974744773958,False,False,True,5.177327664054253e-07,COMPLETE
1028,0.3523897111415863,2025-04-06 00:09:39.554686,2025-04-06 00:10:12.201034,0 days 00:00:32.646348,0.6682728900537767,0.10050731018768666,8,0.19936893277083878,0.06200821523386788,0.015544085633392324,0.06644897332118294,0.025969830702246864,0.011053801725676675,0.000654112579743568,27,78,0.09471964476403964,0.18451325608853786,False,False,True,1.8437448891202686e-06,COMPLETE
1029,0.3534814417362213,2025-04-06 00:10:12.529808,2025-04-06 00:11:45.112661,0 days 00:01:32.582853,0.6970077258738112,0.058218435245169696,2,0.050220083760708134,0.07807976547038056,0.019240124286452526,0.05558762569376324,0.020104641149398153,0.05345063468130324,0.001108575029297932,28,88,0.09832601934800834,0.2025190097944883,False,False,True,8.412844295645295e-07,COMPLETE
1030,0.39309723973274235,2025-04-06 00:11:45.442485,2025-04-06 00:12:18.417640,0 days 00:00:32.975155,0.6777626600996045,0.07996274335287362,8,0.07227283886581448,0.0676299833209051,0.023637140796666276,0.0791682799248923,0.022320655930683417,0.00889391907971734,0.00045606353419436055,27,82,0.09652045328867451,0.17619688054940474,False,False,True,2.3726313796520497e-06,COMPLETE
1031,0.3349794864654541,2025-04-06 00:12:18.751992,2025-04-06 00:12:50.539864,0 days 00:00:31.787872,0.7238644757055762,0.026721242735362083,8,0.2131425494316645,0.05623829885307325,0.013900679394250243,0.05889464966278311,0.021005246302934547,0.014012711561643312,0.0008223016029675949,26,76,0.09838439912884117,0.18847625992792033,False,False,True,3.851983262457765e-07,COMPLETE
1032,0.3556089997291565,2025-04-06 00:12:50.874920,2025-04-06 00:13:27.108051,0 days 00:00:36.233131,0.6505517897267495,0.05386368379844022,8,0.11986795742072237,0.07116700690577799,0.016478375240695224,0.061094624036451474,0.018405293977923242,0.016666903328394534,0.0005805798739955839,26,80,0.08268844605051204,0.19618727588874924,False,False,False,1.518133500373907e-06,COMPLETE
1033,0.4786557197570801,2025-04-06 00:13:27.426720,2025-04-06 00:14:01.016551,0 days 00:00:33.589831,0.6815382587014649,0.09099652164555845,8,0.06081927787847763,0.08822708804845643,0.021452951047933152,0.06543518497558304,0.02363043813876384,0.01209565198734133,0.0008890859647006723,28,86,0.09987488719384838,0.1815766468408196,False,False,True,1.0400936658164534e-06,COMPLETE
1034,0.47684022784233093,2025-04-06 00:14:01.347351,2025-04-06 00:14:33.965252,0 days 00:00:32.617901,0.7528767759890694,0.10997602028972683,8,0.06623437059049979,0.06380527712618965,0.018062286858252823,0.06345726419856988,0.018725597776353645,0.014444707602279021,0.0010285769168802694,27,73,0.09448021938110898,0.2083601394839355,False,False,True,6.618014496704451e-07,COMPLETE
1035,0.47374184131622316,2025-04-06 00:14:34.295277,2025-04-06 00:15:06.319763,0 days 00:00:32.024486,0.6298858831116957,0.0725345245043892,8,0.07536800406403404,0.08089713221768755,0.02593465871914341,0.056830641001177074,0.027096015913440383,0.01735486875138522,0.0006659196711798602,26,78,0.09586164698287464,0.19187893547131954,False,False,True,5.113919191898419e-07,COMPLETE
1036,0.48845546245574956,2025-04-06 00:15:06.654118,2025-04-06 00:15:39.740603,0 days 00:00:33.086485,0.7080173220767602,0.03861058203551327,8,0.05777175240365731,0.051593127063812305,0.023858055406616577,0.06929058027333221,0.021731473062589435,0.010210707313162218,0.0007893111899050943,28,69,0.09704652338764676,0.17243261718931296,False,False,True,8.432921416472117e-07,COMPLETE
1037,0.3509042918682098,2025-04-06 00:15:40.074582,2025-04-06 00:16:12.794420,0 days 00:00:32.719838,0.6579496588392993,0.05935767599134083,8,0.06392046730667283,0.1781447935607778,0.01986509565000131,0.05962110501896206,0.01708470030727446,0.015551543015228006,0.0004900055723297513,27,83,0.09820286618896133,0.20217846291131997,False,False,True,1.2232686196346617e-06,COMPLETE
1038,0.3507727384567261,2025-04-06 00:16:13.128200,2025-04-06 00:16:45.231297,0 days 00:00:32.103097,0.687798246263532,0.012575206775546036,8,0.0696973866935717,0.07451210491417325,0.01631223044644932,0.06224145058209592,0.0197137587053613,0.013085993962135415,0.0010844275139248077,26,80,0.09337324624183334,0.18439156935126594,False,False,True,2.8775216088655237e-06,COMPLETE
1039,0.39922450780868535,2025-04-06 00:16:45.569292,2025-04-06 00:17:20.233431,0 days 00:00:34.664139,0.6650519118714053,0.37992727344127264,8,0.052131361665788994,0.06836556366867966,0.0218381137144162,0.055000461544444525,0.029179382688570437,0.01774777929635597,0.0007257246697441275,29,88,0.09637595891926608,0.19629831817754198,False,False,True,3.5675242494779875e-08,COMPLETE
1040,0.392093849182129,2025-04-06 00:17:20.554344,2025-04-06 00:17:52.567007,0 days 00:00:32.012663,0.7325017430499028,0.081451983945688,8,0.07687293154707046,0.06121874214084004,0.012532952792714647,0.06437012723008395,0.02441890363544844,0.008160123315929954,0.0005585736878632548,26,75,0.09832897882413145,0.1782169574081231,False,False,True,1.8515677085407259e-06,COMPLETE
1041,0.28615721464157107,2025-04-06 00:17:52.900517,2025-04-06 00:18:26.338326,0 days 00:00:33.437809,0.7114067388168213,0.0449120503431303,8,0.2601711983212248,0.08360104222572651,0.024909514045337696,0.058881934714854825,0.01701721857666333,0.010834534370410046,0.0008650782329044159,27,84,0.05388070348290693,0.18934516241503274,False,True,True,3.7761216589653654e-07,COMPLETE
1042,0.3545265972614289,2025-04-06 00:18:26.674102,2025-04-06 00:19:00.226726,0 days 00:00:33.552624,0.6274450291643928,0.09509701549110885,8,0.058776753453200964,0.05719987110544045,0.018553792404863958,0.06080830159311299,0.02125232987956356,0.01488450149053339,0.0006374396177635348,26,78,0.09987594385547148,0.18568506425421982,True,False,True,5.835627661627341e-07,COMPLETE
1043,0.40339153409004214,2025-04-06 00:19:00.559290,2025-04-06 00:19:33.303911,0 days 00:00:32.744621,0.651631571854269,0.06669818380628989,8,0.04464083298077678,0.10114605266045337,0.014345802184346277,0.05698350268677874,0.025644932715259583,0.01304638073492629,0.019151411071935225,27,81,0.09470499164697953,0.17082341871903617,False,False,True,7.405518047227544e-07,COMPLETE
1044,0.47463763356208805,2025-04-06 00:19:33.639598,2025-04-06 00:20:07.236716,0 days 00:00:33.597118,0.6790645893304669,0.1113628236470437,8,0.06604485958073317,0.07471955104998627,0.02158049771571436,0.06699362538715219,0.018930412145639345,0.017134922131435113,0.0010597571502651676,28,85,0.09659316563108057,0.2064151002474035,False,False,True,9.8392453312366e-07,COMPLETE
1045,0.392198133468628,2025-04-06 00:20:07.574182,2025-04-06 00:20:39.139928,0 days 00:00:31.565746,0.6723720443777681,0.026364658945402297,8,0.05369023339111868,0.06707905625297711,0.01965753400913619,0.06256661990614998,0.03167881657257093,0.006565048101113639,0.0004064190096760702,26,67,0.09817543102162023,0.1934980180383274,False,False,True,2.285638297793414e-06,COMPLETE
1046,0.48426368832588196,2025-04-06 00:20:39.478446,2025-04-06 00:21:11.888161,0 days 00:00:32.409715,0.6966112136639542,0.08356084589865666,8,0.08085336780813282,0.05240062231559547,0.01665598539367068,0.05814964038319535,0.022742877061551297,0.015945686599220486,0.0007093338835978209,27,73,0.09992717211555535,0.18141360138097876,False,False,True,1.4386302315013727e-06,COMPLETE
1047,0.4595253229141235,2025-04-06 00:21:12.228744,2025-04-06 00:21:44.970443,0 days 00:00:32.741699,0.7222222966407097,0.05270852968494382,8,0.07235854677910214,0.06430875352723563,0.00902481515322305,0.060286912650269316,0.03462715736569561,0.011728296384782962,0.0009032422164124471,27,77,0.09268375130272895,0.20033059105190623,False,False,True,4.4869952646586665e-07,COMPLETE
1048,0.3947578012943268,2025-04-06 00:21:45.292814,2025-04-06 00:23:20.110364,0 days 00:01:34.817550,0.6453536175020531,0.07080751651259523,2,0.06163260054534221,0.0760293990406122,0.022978653681112227,0.06486813055709455,0.01729763023527959,0.013970184686120452,0.000539067760145703,29,82,0.09994942009323432,0.18919872235359392,False,False,True,3.209339774077579e-07,COMPLETE
1049,0.42713041901588444,2025-04-06 00:23:20.444221,2025-04-06 00:23:54.117471,0 days 00:00:33.673250,0.06522598097291826,0.01103893074231832,8,0.06914095718887488,0.06849679777725212,0.02566419551558475,0.05462622876615765,0.0204318176450718,0.01898168591275612,0.0007769557318166621,28,88,0.09521892372925712,0.1774531523703057,False,False,True,1.1837183098700731e-06,COMPLETE
1050,0.4411791145801544,2025-04-06 00:23:54.458491,2025-04-06 00:24:26.325112,0 days 00:00:31.866621,0.6931236179702872,0.04404395078562048,8,0.04998164654649459,0.09284489461265111,0.018048012874510293,0.06753379729687208,0.016226068941811275,0.009659311933418631,0.0006057889165971978,26,71,0.09621937858871997,0.19692976613945984,False,False,True,1.7346818416413295e-06,COMPLETE
1051,0.3499427199363708,2025-04-06 00:24:26.659889,2025-04-06 00:24:52.754972,0 days 00:00:26.095083,0.6616883700968634,0.09561270691086271,8,0.05820522924572391,0.07977380419921412,0.02026939747047684,0.057021580564488215,0.018758006698373086,0.017099387934804807,0.0011078960262992927,14,75,0.09811213706322532,0.210529360892362,False,False,False,5.71359740622759e-07,COMPLETE
1052,0.387805700302124,2025-04-06 00:24:53.096965,2025-04-06 00:25:25.779503,0 days 00:00:32.682538,0.7450970947815465,0.11250359127555695,8,0.06462276590808795,0.06101544967329094,0.015091036797940022,0.08135260956289958,0.04746124187076103,0.014818420647579017,0.0004860839274745219,27,79,0.09352109746335868,0.18473795295722245,False,False,True,7.591910879847273e-07,COMPLETE
1053,0.4789727151393891,2025-04-06 00:25:26.116101,2025-04-06 00:25:58.127702,0 days 00:00:32.011601,0.7102167213167532,0.06760789933551642,8,0.07756867600468234,0.07192491630097794,0.023270977990966377,0.06314559593083315,0.024765478818108356,0.012389399463776042,0.0009659997001158321,26,84,0.09085936943485724,0.1709353360311113,False,False,True,2.729953674099333e-06,COMPLETE
1054,0.37379379868507384,2025-04-06 00:25:58.466241,2025-04-06 00:26:31.333113,0 days 00:00:32.866872,0.8096603077217421,0.037030504835131685,8,0.05633233099397175,0.05013452045134077,0.025613191694649866,0.06093649651381068,0.02779264878231453,0.07149531730883416,0.0006978607574385144,27,79,0.09991088774556424,0.1900155473227024,False,False,True,1.1758783706861549e-07,COMPLETE
1055,0.4915271997451782,2025-04-06 00:26:31.678609,2025-04-06 00:27:05.344714,0 days 00:00:33.666105,0.6761765697621619,0.0846662176928966,8,0.0699737669419541,0.05928162035520622,0.02155281419224306,0.07653950447925582,0.020745884081790438,0.018030119374590092,0.0008700230239427822,28,82,0.0999710960868977,0.2016726631472623,False,False,True,8.672633861856831e-07,COMPLETE
1056,0.39486742615699766,2025-04-06 00:27:05.669258,2025-04-06 00:27:39.703287,0 days 00:00:34.034029,0.6321981335957491,0.059936454857815305,8,0.06301622309407381,0.05626608700722673,0.026849687503011695,0.07739585639964053,0.01653058358351425,0.015569122222868409,0.0003003671092873939,29,82,0.09832798840473313,0.19675728129710882,False,False,True,9.351658027327672e-07,COMPLETE
1057,0.3475766479969025,2025-04-06 00:27:40.039034,2025-04-06 00:28:13.476229,0 days 00:00:33.437195,0.6919202769009273,0.0915211163559787,8,0.05276833865332589,0.051724746530786875,0.02387681882409756,0.06915030886242372,0.018849874026023908,0.09371376522933747,0.0010862866645069784,28,81,0.098378127088617,0.20897533293288656,False,False,True,7.62446081793918e-07,COMPLETE
1058,0.40538536906242373,2025-04-06 00:28:13.814136,2025-04-06 00:28:48.364723,0 days 00:00:34.550587,0.6610600571586319,0.11362537654663124,8,0.06823884396958158,0.05818802646136923,0.02170387750750528,0.08158575877631978,0.02052294397888283,0.01796959072548708,0.0009108694593971882,29,76,0.09671732904577363,0.20271290530438862,False,False,True,9.616255982731484e-07,COMPLETE
1059,0.3624778091907502,2025-04-06 00:28:48.701504,2025-04-06 00:29:22.212834,0 days 00:00:33.511330,0.6829922573345575,0.0305639773023239,8,0.058898646174644395,0.06005005987510144,0.011427884561190482,0.07623956496186562,0.017216412026839458,0.04958763799805098,0.0011625776583499235,28,78,0.09798202232507608,0.20443283363699233,False,False,True,1.259068799197762e-06,COMPLETE
1060,0.36552263498306276,2025-04-06 00:29:22.553778,2025-04-06 00:29:56.423687,0 days 00:00:33.869909,0.6481788863334597,0.07316198759795495,8,0.04358816957282335,0.2790437533543878,0.022071527152383787,0.07291521417995556,0.018727922396723135,0.0134762489869897,0.0007278866669251162,28,85,0.09978651306194813,0.2037655412412784,False,False,True,6.911546832839256e-07,COMPLETE
1061,0.3658247232437134,2025-04-06 00:29:56.764313,2025-04-06 00:30:32.211234,0 days 00:00:35.446921,0.7185721430670272,0.05191260816738253,8,0.06520075276347251,0.049447639035962936,0.024599985543168536,0.06563466481969964,0.015525916426408132,0.0756835254057801,0.0009054311726804038,28,83,0.0998413790314137,0.19921176689099482,True,False,True,1.0094398321757232e-06,COMPLETE
1062,0.3932703197002411,2025-04-06 00:30:32.551256,2025-04-06 00:31:06.422807,0 days 00:00:33.871551,0.6281374100622847,0.07899512386220878,8,0.04668536567191719,0.0655637049682574,0.02682090834870347,0.07361492414898826,0.02118555034913994,0.008058505972406649,0.0005862594423895465,28,80,0.013058901751428063,0.211131948195974,False,True,True,5.656345580505485e-07,COMPLETE
1063,0.4861238718032837,2025-04-06 00:31:06.765573,2025-04-06 00:31:40.951745,0 days 00:00:34.186172,0.6757006036956474,0.049347529030588894,8,0.06004083564025031,0.056002892204332126,0.021238402692960383,0.07426853865141993,0.03260107665913496,0.011151972094510722,0.001171085768657432,29,74,0.09645205880743384,0.19455332462445382,False,False,True,1.489100478738859e-06,COMPLETE
1064,0.42282189726829533,2025-04-06 00:31:41.291762,2025-04-06 00:32:14.268459,0 days 00:00:32.976697,0.6947261260256276,0.0996535557189879,8,0.07052252193582934,0.06427116629575763,0.023938148285405192,0.0796284571287264,0.0305502593598276,0.01606710484161704,0.0004970122422525411,27,77,0.09997421952764299,0.0555187632020184,False,False,True,1.1600481000988012e-06,COMPLETE
1065,0.3816691696643829,2025-04-06 00:32:14.596213,2025-04-06 00:32:48.045934,0 days 00:00:33.449721,0.7779617940060813,0.027625228180963073,8,0.05369149247103248,0.0716761462236778,0.01781833127024317,0.07464501813573286,0.016253844119459366,0.01874160837428516,0.0007842550045431206,28,86,0.09509231943599254,0.20353864941766558,False,False,True,4.588518927074688e-07,COMPLETE
1066,0.4532125532627106,2025-04-06 00:32:48.388688,2025-04-06 00:33:22.040096,0 days 00:00:33.651408,0.735476036236177,0.06509871502798023,8,0.06299862481467915,0.0851108464280371,0.019426827262451343,0.07521249330121577,0.018834277286944232,0.014285076962528658,0.00042166679848341617,28,82,0.09999488075110118,0.21253013288485942,False,False,True,8.416075515938462e-07,COMPLETE
