number,value,datetime_start,datetime_complete,duration,params_alpha-eval,params_alpha-train,params_batch-size,params_eps-eval,params_eps-train,params_lambda-actions-eval,params_lambda-actions-train,params_lambda-frames-eval,params_lambda-frames-train,params_learning-rate,params_n-epochs,params_n-frames,params_radius-gw,params_rho,params_std-feats,params_ub-actions,params_ub-frames,params_weight-decay,state
227,0.4282406508922577,2025-04-25 01:26:48.297989,2025-04-25 01:28:15.033029,0 days 00:01:26.735040,0.5670510050977645,0.1988137368182077,2,0.061790119754898044,0.11441375890170481,0.05133335204041326,0.01674009357983449,0.0659700833048366,0.09630423726982823,5.665433692877227e-05,21,79,0.0324350538129233,0.293065278201798,True,False,False,8.439224496592936e-05,COMPLETE
228,0.45314779281616213,2025-04-25 01:28:15.104309,2025-04-25 01:29:39.194082,0 days 00:01:24.089773,0.5444131391948697,0.5593074518485115,2,0.08786963065790634,0.1000785512106329,0.049749704887442986,0.02176900961537932,0.06398450778089153,0.09184341138231182,2.8769590713524247e-05,20,77,0.03451028823567519,0.29496849709744577,True,False,False,5.283859269265172e-05,COMPLETE
229,0.4508330225944519,2025-04-25 01:29:39.266114,2025-04-25 01:31:03.256252,0 days 00:01:23.990138,0.5171791935532911,0.5763096269952533,2,0.07665929329903698,0.11033036805348193,0.07348837208860208,0.019592807893139465,0.07059226015223605,0.09004172403094458,2.286264663519362e-05,20,83,0.03259808457542979,0.29011324369075,True,False,False,9.063089505082594e-05,COMPLETE
230,0.43597386479377753,2025-04-25 01:31:03.330418,2025-04-25 01:32:31.290761,0 days 00:01:27.960343,0.606355585555518,0.5555964788585064,2,0.09541037640021306,0.10456999304217351,0.055819126390375326,0.0147141145646112,0.05366707439459026,0.09413055804088248,3.410055442027208e-05,21,80,0.03716594604299453,0.2998942295054018,True,False,False,0.00010995177740855072,COMPLETE
231,0.3640825808048248,2025-04-25 01:32:31.362819,2025-04-25 01:33:55.895576,0 days 00:01:24.532757,0.5282311979165344,0.604576357293461,2,0.07212262762168585,0.1170231181267561,0.05344523888461808,0.023012732132813844,0.06777430475920668,0.09040000758390741,5.070562973265706e-05,20,6,0.031393555045562925,0.28235357370477043,True,False,False,0.00013404601751813405,COMPLETE
232,0.4601801156997681,2025-04-25 01:33:55.967775,2025-04-25 01:35:19.433413,0 days 00:01:23.465638,0.4974941116381694,0.5877067988835,2,0.07529170603064268,0.11095372410718289,0.05163895618209749,0.019748983383167246,0.06267355863261845,0.08827328431459709,4.5729949032961065e-05,20,72,0.03466348544351588,0.2898975647078993,True,False,False,8.2531863450675e-05,COMPLETE
233,0.4394432067871094,2025-04-25 01:35:19.516472,2025-04-25 01:36:46.123818,0 days 00:01:26.607346,0.5013145798337555,0.5866730066065843,2,0.07973292576732882,0.11204281626183414,0.051204784099666216,0.020484460842376474,0.06260602696624545,0.08840082309773784,3.5359714802676994e-05,21,75,0.0338507026513765,0.15484596876414744,True,False,False,7.298460704141355e-05,COMPLETE
234,0.4568293392658234,2025-04-25 01:36:46.196923,2025-04-25 01:38:06.732854,0 days 00:01:20.535931,0.5576656651631596,0.5722683592969332,2,0.06869392940545763,0.09546607167531679,0.047980604159094435,0.018479572690929997,0.05188168865613839,0.09212096170719564,6.307873448482539e-05,19,72,0.03530422407490926,0.29043279170866865,True,False,False,9.640527584260417e-05,COMPLETE
235,0.44133540391922,2025-04-25 01:38:06.806067,2025-04-25 01:39:30.851767,0 days 00:01:24.045700,0.4808236446715507,0.5503419164026366,2,0.08181585880854436,0.10558338406142316,0.05760443493970533,0.016918501566453026,0.056814762602137414,0.08806156356378442,2.782961911753481e-05,20,78,0.027781193563539974,0.06850114520819388,True,False,False,7.365849354604764e-05,COMPLETE
236,0.4026298224925995,2025-04-25 01:39:30.925828,2025-04-25 01:40:55.878679,0 days 00:01:24.952851,0.5190328142655272,0.5987947304842506,2,0.27593249188607666,0.1275695623842895,0.05523781882861054,0.015408157527902908,0.04941665293469325,0.09279236787182876,4.215711911804556e-05,20,86,0.031003156568156068,0.2945389711310238,True,False,False,4.633565123106738e-05,COMPLETE
237,0.3505934476852417,2025-04-25 01:40:55.952969,2025-04-25 01:42:15.269689,0 days 00:01:19.316720,0.5435518601531248,0.5227367120241562,2,0.06455841541683476,0.11363770903996767,0.051896959513740126,0.020463448220775886,0.0549863003868654,0.09027210471503276,5.099310746975842e-05,19,74,0.03674160861207376,0.28835971177734654,False,False,False,0.0001080959229784525,COMPLETE
238,0.45780965089797976,2025-04-25 01:42:15.343746,2025-04-25 01:43:32.998460,0 days 00:01:17.654714,0.49744148351807527,0.5717091459831471,2,0.0739299481950272,0.10999752871127542,0.048128538428731375,0.013247485618848318,0.06509759180965746,0.09551488823545819,3.059494197797678e-05,18,69,0.03360184609437191,0.2931842643700433,True,False,False,6.350622291560908e-05,COMPLETE
239,0.4385745346546173,2025-04-25 01:43:33.082054,2025-04-25 01:44:14.394116,0 days 00:00:41.312062,0.49171905191366416,0.5744831157818565,2,0.07552775511776769,0.09936519076244,0.047401575251599014,0.012106354250784166,0.06486508922759217,0.09502244306974131,2.3802464384008244e-05,7,76,0.03315578358533131,0.2962350486214298,True,False,False,6.49864475588865e-05,COMPLETE
240,0.4559503436088562,2025-04-25 01:44:14.468674,2025-04-25 01:45:31.859694,0 days 00:01:17.391020,0.5066160602876648,0.6122544019930252,2,0.06981132680940562,0.10720945258920646,0.05002891985627958,0.013773613375826395,0.06647241422664608,0.09581319299565959,3.2222329209752785e-05,18,69,0.038788002132711163,0.29998231394495045,True,False,False,8.69453347544717e-05,COMPLETE
241,0.4515016496181488,2025-04-25 01:45:31.934532,2025-04-25 01:46:48.539012,0 days 00:01:16.604480,0.5297450263900058,0.5512685880537888,2,0.08761169085246054,0.11705770256950294,0.05442903712617557,0.018495784819884124,0.06318199275897898,0.0911109792371169,3.507388631588058e-05,18,70,0.034453367853003077,0.28585557031715036,True,False,False,5.3045444145453825e-05,COMPLETE
242,0.45804433226585395,2025-04-25 01:46:48.614404,2025-04-25 01:48:02.682541,0 days 00:01:14.068137,0.47863767172657473,0.5831771197315505,2,0.07486270973546442,0.10749700922342667,0.051533629279201965,0.021985167522055253,0.058129365928565165,0.08509743132511026,2.8181294442360867e-05,17,72,0.03175801365407716,0.29179037492236176,True,False,False,0.00016179599639904677,COMPLETE
243,0.4554829835891724,2025-04-25 01:48:02.759125,2025-04-25 01:49:12.839436,0 days 00:01:10.080311,0.4722604345540146,0.5819214537664984,2,0.07582835519253645,0.1088352037639552,0.04888816954574789,0.021504932452922777,0.06057306387326471,0.021832806319848158,2.811412298460259e-05,16,72,0.03104342512504148,0.29199624092780946,True,False,False,0.00017222117067548708,COMPLETE
244,0.4581653416156769,2025-04-25 01:49:12.916325,2025-04-25 01:50:33.343587,0 days 00:01:20.427262,0.4977797574064797,0.5947404079795737,2,0.08133679366306774,0.10104543749584745,0.051968259076640516,0.02260610980610652,0.058263804769593155,0.08462720586507144,2.5288427128287528e-05,19,74,0.029309893446879422,0.2944933216660187,True,False,False,0.0001280002473227124,COMPLETE
245,0.45583367347717285,2025-04-25 01:50:33.429408,2025-04-25 01:51:48.054207,0 days 00:01:14.624799,0.4729987751126419,0.6021273359900531,2,0.08164782754339155,0.09104586987562488,0.0520107423396238,0.023263109565595675,0.05826159682952391,0.08864557918537012,2.7837516617799082e-05,17,78,0.028714109078450258,0.2945566469400191,True,False,False,0.0001159575082835299,COMPLETE
246,0.45622925758361815,2025-04-25 01:51:48.132124,2025-04-25 01:53:02.453361,0 days 00:01:14.321237,0.4963254333794696,0.5881379981523633,2,0.08538968109212676,0.10158807341078802,0.051060876390255375,0.017255437030709368,0.046482418397115026,0.08453466030436811,3.930592411993989e-05,17,75,0.030085839825364533,0.18076157647891633,True,False,False,0.00015138897614724097,COMPLETE
247,0.44728816747665406,2025-04-25 01:53:02.529874,2025-04-25 01:54:16.652129,0 days 00:01:14.122255,0.5054523857956452,0.6056046203311031,2,0.07846619073263346,0.09936276355307082,0.04812592597150162,0.01982908473222202,0.07574755155974823,0.09758798035744522,3.1921890066727876e-05,17,81,0.032550168542241964,0.29977239868255234,True,False,False,0.00013234061726403033,COMPLETE
248,0.4526831030845642,2025-04-25 01:54:16.730345,2025-04-25 01:55:34.084465,0 days 00:01:17.354120,0.4843152685047263,0.5669292861690757,2,0.06543932742333235,0.07725535686202123,0.052918782507898866,0.016116633778825995,0.06109425596386347,0.0932741050988853,1.8123389627226952e-05,18,70,0.026536116044732418,0.2903825376099339,True,False,False,0.00024022803409942274,COMPLETE
249,0.28615721464157107,2025-04-25 01:55:34.161448,2025-04-25 01:55:57.898795,0 days 00:00:23.737347,0.4585056581679432,0.5875626286508824,16,0.07373334771843935,0.09402665090892434,0.05045851185975548,0.021716182056230243,0.05581217683285601,0.08492865597806931,2.4534167331666524e-05,19,73,0.02807436049225932,0.29394784114003686,True,True,False,0.0004100172849614533,COMPLETE
250,0.42178179621696477,2025-04-25 01:55:57.975943,2025-04-25 01:57:18.327926,0 days 00:01:20.351983,0.5083722503338747,0.6425160209510979,2,0.20558178237287766,0.10547508789861697,0.052611038496008226,0.023249725966012668,0.05184887436338264,0.08734280167758496,3.7226851773629194e-05,19,68,0.032415001477654214,0.2874784806084799,True,False,False,0.00010516123191696033,COMPLETE
251,0.45934197306632996,2025-04-25 01:57:18.415029,2025-04-25 01:58:41.838539,0 days 00:01:23.423510,0.48653355658955094,0.6151934111856525,2,0.09069085822702179,0.11884113063804971,0.0460177269076684,0.009905371563541559,0.06284984224204762,0.08991640438851772,3.101342375497963e-05,20,77,0.030124623205262456,0.29972227617222885,True,False,False,0.00017936818862782306,COMPLETE
252,0.4569725334644318,2025-04-25 01:58:41.918150,2025-04-25 02:00:09.204197,0 days 00:01:27.286047,0.4847411044455268,0.6223288332630448,2,0.07897150046139012,0.08832304156017103,0.04589562981374028,0.010501532631332373,0.06461787595070545,0.08976596009807558,2.9014945427473414e-05,21,78,0.030279916656945054,0.2957793422306435,True,False,False,0.00020899552397762774,COMPLETE
253,0.3898597836494446,2025-04-25 02:00:09.283258,2025-04-25 02:00:43.420222,0 days 00:00:34.136964,0.5185747051145069,0.6193191788296165,8,0.17920404445964785,0.11053276459514869,0.047797698686127724,0.008570601606184256,0.06295038767018599,0.09285702467394365,2.3815867824743617e-05,20,82,0.03383090458440488,0.2993631466547207,True,False,False,0.00016205795229604,COMPLETE
254,0.44733939170837406,2025-04-25 02:00:43.498147,2025-04-25 02:02:00.956148,0 days 00:01:17.458001,0.4580344276614523,0.547543724172304,2,0.08531646109741932,0.11766041880735426,0.05686539201041996,0.010668019106353883,0.05982593929502802,0.09099292965250584,1.8953524340208936e-05,18,75,0.024951901490727506,0.29409875356705517,True,False,False,0.00012461857305602609,COMPLETE
255,0.44021843671798705,2025-04-25 02:02:01.035341,2025-04-25 02:03:21.786902,0 days 00:01:20.751561,0.49428673192298467,0.6027327601248359,2,0.05880739643445933,0.10251378219584348,0.045921971043342995,0.01318137016236419,0.06631867285568423,0.08838562201787967,4.545226342877662e-05,19,77,0.028502432169652207,0.299850700536529,True,False,False,0.0003438185416968151,COMPLETE
256,0.4539299607276917,2025-04-25 02:03:21.868553,2025-04-25 02:04:32.297844,0 days 00:01:10.429291,0.5368606559941714,0.5640336802530365,2,0.07016689196422748,0.11057779648520202,0.050155256348176656,0.0954931423729756,0.05755612497783508,0.0951664365172773,3.03861895704073e-05,16,73,0.031265161646814255,0.28626149675650037,True,False,False,9.006156317478205e-05,COMPLETE
257,0.45260413289070134,2025-04-25 02:04:32.387181,2025-04-25 02:05:56.134838,0 days 00:01:23.747657,0.47463538127050864,0.6502488996984703,2,0.09086498727775277,0.09682334259877014,0.058944496159717565,0.00687397198038635,0.061407081449553674,0.08600348886481922,3.863984998567767e-05,20,84,0.03648562159556911,0.289454664718036,True,False,False,0.00016823621314671384,COMPLETE
258,0.44854031205177314,2025-04-25 02:05:56.215738,2025-04-25 02:07:13.369269,0 days 00:01:17.153531,0.503221380092339,0.5786063853452796,2,0.08110010985643903,0.11992804880689162,0.055404954876766485,0.014778569174068716,0.06798223513520643,0.08928570802439396,2.055295944898889e-05,18,75,0.0336253422976694,0.28154047891897627,True,False,False,0.0002423994532002819,COMPLETE
259,0.45122473239898686,2025-04-25 02:07:13.451057,2025-04-25 02:08:34.226610,0 days 00:01:20.775553,0.5530846198162077,0.5420889518198148,2,0.0760999272022332,0.10717624263246602,0.04844846335863293,0.018190416982600044,0.055069586712685616,0.09166894477125234,5.165098774153496e-05,19,80,0.030573138112477607,0.29402326084111363,True,False,False,7.91980336147554e-05,COMPLETE
260,0.45125007033348086,2025-04-25 02:08:34.307015,2025-04-25 02:10:01.664639,0 days 00:01:27.357624,0.5238860093036661,0.5132278164514791,2,0.06462091094002598,0.11738913165425696,0.054236380157707695,0.01974370735595276,0.05892234299667564,0.0848827436640645,2.578467840758203e-05,21,72,0.03542764807911906,0.28576878238805214,True,False,False,0.0001410384402838383,COMPLETE
261,0.4508705794811249,2025-04-25 02:10:01.746517,2025-04-25 02:11:25.832875,0 days 00:01:24.086358,0.45430845862920954,0.616397286760626,2,0.09332718710383314,0.12493660638300508,0.05107757668645966,0.012289385727548847,0.06315661339584075,0.09990375639657223,3.263086642762057e-05,20,71,0.03255447136115867,0.08923324837656513,True,False,False,0.00019262403334316982,COMPLETE
262,0.3470589876174927,2025-04-25 02:11:25.913963,2025-04-25 02:12:45.043964,0 days 00:01:19.130001,0.4911121430340846,0.5621737840374744,2,0.07251227747687904,0.0834478788170988,0.056895096864737565,0.017113352923815356,0.05343295862614516,0.08708105084930925,4.4488839038185004e-05,19,67,0.02908546303491457,0.29335054477593464,False,False,False,0.0005136208581458038,COMPLETE
263,0.44465743303298955,2025-04-25 02:12:45.138536,2025-04-25 02:14:08.633540,0 days 00:01:23.495004,0.5125058842418282,0.6392542520058896,2,0.08347179403861527,0.10231606984326848,0.05384711893276932,0.014987148213593524,0.056699359442361964,0.09332111162406857,1.4599801167674903e-05,20,77,0.02621071908434575,0.27950465591155144,True,False,False,0.00010998899036672917,COMPLETE
264,0.43037231564521794,2025-04-25 02:14:08.714941,2025-04-25 02:15:34.676661,0 days 00:01:25.961720,0.1188870642332851,0.5860152086339645,2,0.07595336843682729,0.11293495292813356,0.06150800971404675,0.021848485920233234,0.06044510569075361,0.08984173786654202,3.698358865552818e-05,21,63,0.03796602078138292,0.2997909923909456,True,False,False,0.0003003558690937296,COMPLETE
265,0.4437872469425202,2025-04-25 02:15:34.759133,2025-04-25 02:16:49.165776,0 days 00:01:14.406643,0.575225028423384,0.5308039806491456,2,0.08844860715517876,0.09787101962120753,0.05856729107245092,0.019517282839083668,0.05837624257816011,0.08053400848892303,2.752604044463143e-05,17,80,0.03437481327979097,0.28954506355510873,True,False,False,0.00015711127324787876,COMPLETE
266,0.4563016772270203,2025-04-25 02:16:49.248347,2025-04-25 02:18:09.402698,0 days 00:01:20.154351,0.4660813113983717,0.5922246016272179,2,0.06650156460087787,0.1070512277307401,0.0495948322616921,0.016376864317038033,0.06465996769911396,0.08799597974269174,6.574381967109045e-05,19,74,0.03113217753096742,0.2842817552530433,True,False,False,8.867423952231252e-05,COMPLETE
267,0.46014764308929446,2025-04-25 02:18:09.484847,2025-04-25 02:19:33.133032,0 days 00:01:23.648185,0.5345815342428415,0.5642259951574312,2,0.08152525912937496,0.0925556746719508,0.052244115845466794,0.023513022070608527,0.054741052584630474,0.0966505559013781,2.155971665431385e-05,20,66,0.032604013772010346,0.2999151763228012,True,False,False,0.00011444964789705328,COMPLETE
268,0.28615721464157107,2025-04-25 02:19:33.226268,2025-04-25 02:20:48.932100,0 days 00:01:15.705832,0.5510362432354025,0.5607781651246614,2,0.08022705709920053,0.09241239674691339,0.051926283667050634,0.023884700817579225,0.06151593437455285,0.09619611185065641,2.079482673995604e-05,21,70,0.06826862949656445,0.29526458780201065,True,True,False,0.0001243885442588727,COMPLETE
269,0.44664847254753115,2025-04-25 02:20:49.016676,2025-04-25 02:22:13.025596,0 days 00:01:24.008920,0.5355577825047033,0.5447392117487063,2,0.07196267878800826,0.08891639131104231,0.04616179282272459,0.021739730848883233,0.06935105362605996,0.09812492461270246,1.5841224114992782e-05,20,77,0.03240017581615955,0.299476325396395,True,False,False,7.306717649563279e-05,COMPLETE
270,0.448788982629776,2025-04-25 02:22:13.109341,2025-04-25 02:23:30.966471,0 days 00:01:17.857130,0.5800591508873452,0.602351309391668,2,0.07768175738416555,0.08391196455977647,0.055681053416255746,0.0308037177742435,0.0565096071639016,0.09159085609304685,2.3937157508387756e-05,18,65,0.028962599960422497,0.291757795041516,True,False,False,0.00018948848337860334,COMPLETE
271,0.44901506304740907,2025-04-25 02:23:31.050365,2025-04-25 02:24:55.157114,0 days 00:01:24.106749,0.5232490651065784,0.5693879375402707,2,0.09573782576895382,0.09695717973969807,0.049207693144234545,0.013744273179085973,0.05923060269441914,0.0050746641124002,3.070259053020752e-05,20,73,0.03637771561452566,0.29002556424508896,True,False,False,0.00010975121050479102,COMPLETE
272,0.40668862462043764,2025-04-25 02:24:55.240913,2025-04-25 02:25:21.210342,0 days 00:00:25.969429,0.5526307802384077,0.6164754309056447,16,0.06210127941740204,0.10374707027465922,0.05230054943778538,0.024004376527307206,0.01831000226561868,0.09432867797441766,0.00039089595716525763,19,69,0.07649085113134743,0.295085282547126,True,False,False,0.0002475475743059225,COMPLETE
273,0.45557488203048707,2025-04-25 02:25:21.304234,2025-04-25 02:26:49.070518,0 days 00:01:27.766284,0.49694471737640866,0.5270659676177905,2,0.06893611510331338,0.11338026315359973,0.06516851906638722,0.018029059038357984,0.05453114143367725,0.09541561785459281,2.076925405962329e-05,21,75,0.03415204334606294,0.28747449139913583,True,False,False,0.00014305396757086027,COMPLETE
274,0.43444378376007087,2025-04-25 02:26:49.154814,2025-04-25 02:28:03.750146,0 days 00:01:14.595332,0.5162168483417012,0.5752627215245776,2,0.08292724880034522,0.0951098740859154,0.05648396902915127,0.011102340479224987,0.06267579839356786,0.0968458844754413,2.595538824050844e-05,17,79,0.02691518546159982,0.04862099470353308,True,False,False,8.862962687623448e-05,COMPLETE
275,0.41367372274398806,2025-04-25 02:28:03.838560,2025-04-25 02:28:34.878010,0 days 00:00:31.039450,0.5394391589337396,0.6348863759580473,8,0.08919951206254136,0.10744691365609639,0.05062595565795659,0.027117307341739547,0.05718565154279857,0.08961337832114048,1.7868445627550715e-05,18,62,0.0316660327179065,0.29956930263099585,True,False,False,1.0306140771392096e-08,COMPLETE
276,0.4528472483158112,2025-04-25 02:28:34.963438,2025-04-25 02:29:55.088982,0 days 00:01:20.125544,0.4849090805314117,0.556924054212102,2,0.07541625881266599,0.07806915297965537,0.04730271005728202,0.020515261411689033,0.049000528624178925,0.09286220503330765,3.205545847139792e-05,19,71,0.029651993613785906,0.29302813553209006,True,False,False,6.615813706713034e-05,COMPLETE
277,0.4501574516296387,2025-04-25 02:29:55.176673,2025-04-25 02:31:18.845333,0 days 00:01:23.668660,0.5012560381971375,0.5967343225824897,2,0.05838034405241197,0.10235378551065032,0.05385205638979298,0.00468014128060339,0.059100256277578894,0.08754511350278053,3.874218550564611e-05,20,66,0.033029545626576354,0.2842838932104128,True,False,False,0.00011570178779219378,COMPLETE
278,0.44214889407157904,2025-04-25 02:31:18.941099,2025-04-25 02:32:39.624811,0 days 00:01:20.683712,0.5310668115949074,0.5376729480145926,2,0.08327784828586987,0.12860889055839914,0.05953623821329611,0.022350091473421287,0.052362015689737154,0.09106694489614502,2.673554723657748e-05,19,85,0.035597637603836677,0.29982201720260837,True,False,False,0.00020750899848914298,COMPLETE
279,0.45016340017318723,2025-04-25 02:32:39.711583,2025-04-25 02:34:04.738367,0 days 00:01:25.026784,0.4805117904174942,0.5086495775136913,2,0.06918130157718808,0.12159976289038658,0.05252439287834957,0.07595633129514286,0.061035391103449035,0.08435632573904212,3.363770402378596e-05,20,76,0.024269298619602225,0.28982520130906864,True,False,False,0.00015853002102332475,COMPLETE
280,0.43499825000762943,2025-04-25 02:34:04.824710,2025-04-25 02:35:33.474828,0 days 00:01:28.650118,0.5610359185200129,0.5775012398184847,2,0.07813904935746373,0.08886099380953447,0.05745648518176393,0.01519046174714178,0.034010868639708966,0.08591983677252,2.2784997294008586e-05,21,81,0.03066319587146197,0.11356497764155243,True,False,False,9.902769133061392e-05,COMPLETE
281,0.4250985443592072,2025-04-25 02:35:33.561901,2025-04-25 02:36:53.651283,0 days 00:01:20.089382,0.5127134767946777,0.6071879517486567,2,0.23005865431545186,0.1126565473809849,0.05510520724941507,0.018031245051749932,0.06623533855560076,0.09392219152485874,5.538505427381065e-05,19,72,0.03769357283293361,0.29427669492768643,True,False,False,0.00013773120731361846,COMPLETE
282,0.3700118899345398,2025-04-25 02:36:53.738108,2025-04-25 02:38:17.252392,0 days 00:01:23.514284,0.50909364568107,0.5492316187726115,2,0.09660211691462146,0.10100640193300427,0.050518754481585326,0.08537186265361418,0.05474103609690959,0.08996717189784388,0.011655043338876018,20,68,0.027629205483456636,0.27846930049905017,False,False,False,0.00027307400996464727,COMPLETE
283,0.4393025398254395,2025-04-25 02:38:17.340431,2025-04-25 02:39:34.900703,0 days 00:01:17.560272,0.5410202540793732,0.5860717942185465,2,0.05009844798961166,0.10868889918491198,0.04897344519266576,0.029075699881579268,0.06334014805606367,0.08761103503752779,4.223708268423034e-05,18,75,0.03417976446233127,0.28506985434330945,True,False,False,6.209991416305e-05,COMPLETE
