number,value,datetime_start,datetime_complete,duration,params_alpha-eval,params_alpha-train,params_batch-size,params_eps-eval,params_eps-train,params_lambda-actions-eval,params_lambda-actions-train,params_lambda-frames-eval,params_lambda-frames-train,params_learning-rate,params_n-epochs,params_n-frames,params_radius-gw,params_rho,params_std-feats,params_ub-actions,params_ub-frames,params_weight-decay,state
2075,0.34502284526824956,2025-04-06 11:24:38.467502,2025-04-06 11:25:12.209478,0 days 00:00:33.741976,0.6703377554492579,0.058983172214039745,8,0.07473599958175509,0.09609137553318253,0.007669373476251051,0.06407152088537511,0.02511831760177744,0.022089521290464348,0.001153710114061007,28,65,0.09990650496754992,0.1348975273141738,False,False,True,2.8779325832687666e-07,COMPLETE
2076,0.3760271966457367,2025-04-06 11:25:12.903266,2025-04-06 11:25:46.618188,0 days 00:00:33.714922,0.6388770185805541,0.07359067669719441,8,0.07527223193652742,0.0757685012632472,0.009728172145312713,0.06672058248629442,0.026207375176283392,0.025586540654028073,0.0014030909224267668,28,65,0.09999538868828833,0.13898829293989343,False,False,True,2.7978785888086726e-07,COMPLETE
2077,0.3787564098834991,2025-04-06 11:25:47.291933,2025-04-06 11:26:20.329903,0 days 00:00:33.037970,0.5781599035876388,0.14481401242271896,8,0.0728939105990642,0.08104678855014026,0.00769080747045278,0.06346543522797533,0.02436925697008839,0.01776962871347763,0.001174961064385199,28,58,0.09996528055623485,0.14557599189752463,False,False,True,2.4916107677352137e-07,COMPLETE
2078,0.49465997219085694,2025-04-06 11:26:21.023707,2025-04-06 11:26:55.022721,0 days 00:00:33.999014,0.6160732720865217,0.039956316316430616,8,0.09706497681653653,0.07344972849707566,0.008360863201311118,0.06273524871289844,0.027424711686142755,0.02490995970583336,0.001086275823255705,29,60,0.09979950782246595,0.13567691046640004,False,False,True,3.1780184401149584e-07,COMPLETE
2079,0.35711830854415894,2025-04-06 11:26:55.695872,2025-04-06 11:28:31.035134,0 days 00:01:35.339262,0.5713037217297338,0.027183456400966248,2,0.090587397647659,0.08182916014710583,0.004681338450156319,0.06101832459038612,0.02922052658929087,0.023926646854153785,0.0012736094675361155,29,57,0.09983784384546335,0.14364537257949148,False,False,True,2.4563427648645977e-07,COMPLETE
2080,0.32826712131500246,2025-04-06 11:28:31.718192,2025-04-06 11:29:05.785629,0 days 00:00:34.067437,0.5879165668083302,0.023433540426877376,8,0.11751095095933664,0.08896197611475368,0.006482959318833042,0.06219572967225151,0.03032772820682536,0.025641297148566188,0.002187495469679728,29,58,0.09984333999243021,0.1313566462335371,False,False,True,2.2297718512212294e-07,COMPLETE
2081,0.3799453496932984,2025-04-06 11:29:06.478154,2025-04-06 11:29:41.375255,0 days 00:00:34.897101,0.5844830400699633,0.024125725905983046,8,0.10577920748511793,0.07675312963072103,0.009147659673178361,0.06230797567372207,0.02833090847506983,0.023489970994901292,0.0017453501971849918,29,67,0.09804613846844104,0.14667453281613518,False,True,True,1.8675753071554977e-07,COMPLETE
2082,0.36355299949646,2025-04-06 11:29:42.071421,2025-04-06 11:30:16.055920,0 days 00:00:33.984499,0.5942253029590363,0.02780480066857552,8,0.09494859835278026,0.08881618555008997,0.008815438496764607,0.013724854238944503,0.027383778984996138,0.023576054479965025,0.0016116510947191854,29,65,0.09820254488069148,0.12927100138066613,False,False,True,1.769029873682111e-07,COMPLETE
2083,0.45597376823425295,2025-04-06 11:30:16.727737,2025-04-06 11:30:51.938877,0 days 00:00:35.211140,0.5997484970853847,0.6269529293070755,8,0.09885413107223572,0.08434377509960847,0.005448434181023756,0.017527634807878143,0.029042394929486938,0.022419822854934705,0.0013555019112420472,29,64,0.09982399462464348,0.12889214733372306,True,False,True,1.058838149888942e-07,COMPLETE
2084,0.47486920356750495,2025-04-06 11:30:52.634680,2025-04-06 11:31:26.283173,0 days 00:00:33.648493,0.56494486386395,0.03939565202844395,8,0.14724938370386875,0.07516212088235727,0.008492632010975068,0.06106775977065431,0.026719363667984528,0.02164231449118149,0.0011197851461078566,29,53,0.09746644911444535,0.1412087915144206,False,False,True,2.421844467136559e-07,COMPLETE
2085,0.4904561758041382,2025-04-06 11:31:26.977954,2025-04-06 11:32:00.893679,0 days 00:00:33.915725,0.6047094242689508,0.04135485931984295,8,0.0814932930654928,0.0735642935530911,0.009355261790175403,0.01148691194296666,0.028294539777569985,0.024625376816506422,0.0010975567831809907,29,59,0.09984234723422487,0.1392256521522021,False,False,True,2.2926991090552195e-07,COMPLETE
2086,0.36861349344253547,2025-04-06 11:32:01.568987,2025-04-06 11:32:34.741578,0 days 00:00:33.172591,0.6061184484073895,0.023899004704584715,8,0.09010031914406391,0.08100933279193184,0.005556665181821724,0.007070865510320453,0.07183706916896472,0.02504113837841614,0.0016394655016487632,28,53,0.09989102411565128,0.12469640492789731,False,False,True,2.49405194142776e-07,COMPLETE
2087,0.36689838767051697,2025-04-06 11:32:35.439208,2025-04-06 11:33:09.098314,0 days 00:00:33.659106,0.6102232325118699,0.012658375952835255,8,0.09311127707231912,0.07284427496867335,0.007285527176680356,0.004885778607946513,0.026368939738057595,0.020539611711849665,0.0010683705365683916,29,63,0.09684253309713495,0.12017762489075581,False,False,True,2.0101715079897097e-07,COMPLETE
2088,0.4584411919116974,2025-04-06 11:33:09.801595,2025-04-06 11:33:43.809685,0 days 00:00:34.008090,0.5730821149433987,0.04254195263887536,8,0.07975514068127966,0.07859643619511464,0.00995000180928592,0.06167161793080102,0.027259548827583635,0.022099154062476083,0.0014118110391638551,29,58,0.0971351416101821,0.15204098907857436,False,False,True,1.711081335561298e-07,COMPLETE
2089,0.48564850687980654,2025-04-06 11:33:44.485735,2025-04-06 11:34:18.390028,0 days 00:00:33.904293,0.6129144847895035,0.046452028883134225,8,0.10318960725481163,0.07174077138176167,0.003813905206954768,0.08776185592660851,0.030824676088630674,0.020827497167261132,0.001121156681670643,29,53,0.0999932569443384,0.15080694227089447,False,False,True,3.2601854935160304e-07,COMPLETE
2090,0.33166353106498725,2025-04-06 11:34:19.083087,2025-04-06 11:34:52.278147,0 days 00:00:33.195060,0.5967394209063868,0.047859600825631156,8,0.10955056800088495,0.09561535800985993,0.0035967093795946092,0.0319036935653641,0.023395484163672747,0.020118252836774538,0.0021172836506903134,28,59,0.0972606387764103,0.13662566796921027,False,False,True,2.933700586337341e-07,COMPLETE
2091,0.36300892233848575,2025-04-06 11:34:52.957831,2025-04-06 11:36:40.097672,0 days 00:01:47.139841,0.6307810792115724,0.04101300181529432,2,0.09737014919806594,0.08636852645673448,0.009147016860364683,0.0652919129063162,0.02840968820957719,0.021802532573945974,0.0012870882543945937,28,62,0.09996718552313635,0.12485200503489365,False,False,False,1.0634062457385763e-07,COMPLETE
2092,0.4865934848785401,2025-04-06 11:36:40.788611,2025-04-06 11:37:14.656190,0 days 00:00:33.867579,0.6157227327104126,0.055218733168527254,8,0.08576327000431846,0.06901140002450383,0.009537690530669355,0.06476297925632772,0.023466323771617534,0.01983951216981268,0.0010997692542446325,29,61,0.09747445375678346,0.14949746768468453,False,False,True,3.235657453324182e-07,COMPLETE
2093,0.3723648726940155,2025-04-06 11:37:15.360075,2025-04-06 11:37:48.361143,0 days 00:00:33.001068,0.6232983491316044,0.010837394857665598,8,0.07986756058133004,0.07568708687966232,0.0054695032820432365,0.06275154863726641,0.02641526188940425,0.02633098483507867,0.0009890242158769418,28,48,0.09703274572670038,0.13921505203080753,False,False,True,2.1783939414154518e-07,COMPLETE
2094,0.36765609383583076,2025-04-06 11:37:49.032884,2025-04-06 11:38:22.914041,0 days 00:00:33.881157,0.617512508293708,0.7220435711183228,8,0.0918568981460812,0.06594527055792691,0.007632125349432964,0.06034073950082813,0.02552913749945854,0.027420345227119645,0.0015115985428186761,29,55,0.0999130119847821,0.14039258576754018,False,False,True,1.893264796557013e-07,COMPLETE
2095,0.4875421285629273,2025-04-06 11:38:23.609121,2025-04-06 11:38:57.055513,0 days 00:00:33.446392,0.6093428378587116,0.05851702146679501,8,0.0817395577215035,0.08070643575749158,0.009210021873387802,0.03427119112046138,0.023882765379846942,0.023453520942416796,0.0010151979460404786,28,76,0.09823767428445322,0.13644992071828918,False,False,True,1.7922885162167902e-07,COMPLETE
2096,0.48355800509452823,2025-04-06 11:38:57.753263,2025-04-06 11:39:21.188180,0 days 00:00:23.434917,0.5911047846585505,0.032363180825829216,16,0.09842230015163322,0.06268627719944353,0.0026995795035876895,0.011646192688339965,0.031052115412491317,0.019577184374557216,0.0012591055987236936,28,58,0.09701671641677703,0.13398087915676632,False,False,True,1.2221178378180674e-07,COMPLETE
2097,0.48413542509078983,2025-04-06 11:39:21.862650,2025-04-06 11:39:55.644096,0 days 00:00:33.781446,0.6235481945510642,0.0790506240191148,8,0.09095089572692612,0.07249489383721844,0.010199692386749162,0.014375559098522643,0.03022991242561102,0.021258502322358118,0.0009565019219701668,29,61,0.09995392855686888,0.13415038195364304,False,False,True,2.943927996995389e-07,COMPLETE
2098,0.4740635514259338,2025-04-06 11:39:56.344139,2025-04-06 11:40:30.034016,0 days 00:00:33.689877,0.5775671076457137,0.04637345134877397,8,0.101825613559913,0.08482126485045877,0.005561406658085854,0.06292777391464068,0.022703736859690092,0.024380985015153307,0.0010275653457750594,28,66,0.09813346286727105,0.1298240493283244,False,False,True,1.7801379140680825e-07,COMPLETE
2099,0.4333287179470062,2025-04-06 11:40:30.735728,2025-04-06 11:41:04.497168,0 days 00:00:33.761440,0.6325900384565826,0.06832621806654668,8,0.07201239133056561,0.062447254893827533,0.007132576571406508,0.043553689682124835,0.026746001615962578,0.02012298165086751,0.0012840457210970453,28,63,0.0964956336543146,0.1327013289392513,False,False,True,3.6566053048846296e-07,COMPLETE
2100,0.28615721464157107,2025-04-06 11:41:05.175710,2025-04-06 11:41:39.085960,0 days 00:00:33.910250,0.6236864185109118,0.024221547337351414,8,0.07061160671759706,0.19244593579199334,0.0037648383110007308,0.0025520942526847906,0.02335852542618155,0.022040461481287653,0.0009786266050115686,29,59,0.09998967047487942,0.15083652286865154,False,True,True,3.1483125734462777e-07,COMPLETE
2101,0.3518337786197663,2025-04-06 11:41:39.784769,2025-04-06 11:42:14.236629,0 days 00:00:34.451860,0.47561640250091314,0.08540508919009042,8,0.0827785551906652,0.07078012081255468,0.010462855234723251,0.06654127589715962,0.028140139603526702,0.020182938978596278,0.0012019754266017041,28,63,0.09647922908319691,0.13554292227550752,True,False,True,3.180288988276933e-07,COMPLETE
2102,0.3494864165782929,2025-04-06 11:42:14.941787,2025-04-06 11:42:49.169589,0 days 00:00:34.227802,0.643265243840556,0.9638827583381269,8,0.06998750303346088,0.07813966876064823,0.006463091483555151,0.00994004808557407,0.024781159350578404,0.02336011042682468,0.0016156494625310493,29,66,0.09825579421612468,0.1195389131561015,False,False,True,2.7061143984883257e-07,COMPLETE
2103,0.4839804828166962,2025-04-06 11:42:49.843989,2025-04-06 11:43:23.140251,0 days 00:00:33.296262,0.6429973906848037,0.05395424885788694,8,0.08691963121598392,0.06699327351723534,0.010244095010539531,0.06038576462791975,0.02245171736975113,0.018823580726082305,0.0009268734185247933,28,60,0.09656183635446357,0.15059396813430093,False,False,True,2.2071954701104063e-07,COMPLETE
2104,0.36863346099853517,2025-04-06 11:43:23.840270,2025-04-06 11:44:55.155612,0 days 00:01:31.315342,0.6277141873161578,0.0932412868605548,2,0.07764786401061423,0.16634087108962842,0.008521640100102222,0.06512265490717317,0.029426945744369194,0.021210493087647275,0.0011168355088219115,28,55,0.09816825270627935,0.13154331173184242,False,False,True,4.1735901449359664e-07,COMPLETE
2105,0.48769875764846804,2025-04-06 11:44:55.856512,2025-04-06 11:45:28.844518,0 days 00:00:32.988006,0.6066479523279609,0.039526815675121785,8,0.07441122314026562,0.055988589286255094,0.010999162157687372,0.061944283223460864,0.025453140302878055,0.018581829587263985,0.0009137162759472069,28,64,0.09580826179406651,0.13458981343562318,False,False,True,3.6249775643280825e-07,COMPLETE
2106,0.3516635179519653,2025-04-06 11:45:29.519403,2025-04-06 11:46:03.614655,0 days 00:00:34.095252,0.806707509632991,0.010231253932245658,8,0.08649214984397309,0.0756139769567234,0.002416748064432562,0.06704957899435537,0.023477180726614953,0.01936248405352639,0.0014020100734303972,29,61,0.09841738553888363,0.14597973983224485,False,False,True,2.9204255856813483e-07,COMPLETE
2107,0.36229005455970764,2025-04-06 11:46:04.302761,2025-04-06 11:46:37.269902,0 days 00:00:32.967141,0.7642134779053374,0.5480159060432982,8,0.06878817237940399,0.061851010989309424,0.008284078353180666,0.00822254852438379,0.02748449606151877,0.0262461494894256,0.00012257691774298848,28,61,0.09579506287199373,0.1404042328568648,False,False,True,1.5451726869296414e-07,COMPLETE
2108,0.4615887105464936,2025-04-06 11:46:37.972201,2025-04-06 11:47:11.597340,0 days 00:00:33.625139,0.652106154252263,0.0684752402918538,8,0.06887968980202187,0.07002690386176007,0.0011738567354406448,0.0635976848791962,0.06622924997372016,0.022497882652800713,0.0010028664690312878,28,69,0.09785422509335304,0.1403443699170013,False,False,True,1.9983177648655528e-07,COMPLETE
2109,0.3718205034732819,2025-04-06 11:47:12.299107,2025-04-06 11:47:46.234559,0 days 00:00:33.935452,0.6402748918165785,0.11786882758003579,8,0.11306190747458812,0.07804856690972191,0.005730392068386248,0.016159262773972328,0.022662218254562508,0.019530810161532623,0.005712890972790286,29,60,0.0999990026109511,0.1631504409723829,False,False,True,2.369383205602972e-07,COMPLETE
2110,0.35751989483833313,2025-04-06 11:47:46.942200,2025-04-06 11:48:24.686518,0 days 00:00:37.744318,0.7343814526578025,0.05549136583105736,8,0.07359863969675619,0.08348455391043454,0.004230510123556661,0.02640153206133317,0.032043458393810245,0.018587673448130705,0.0011647641893528622,28,57,0.09583892160513315,0.12588295238601066,False,False,False,3.7337856164615754e-07,COMPLETE
2111,0.4092831194400788,2025-04-06 11:48:25.364528,2025-04-06 11:48:58.758513,0 days 00:00:33.393985,0.6646326963918362,0.07790667475151415,8,0.1244895496389002,0.09103833400847756,0.010306278110589165,0.012429886318799602,0.024874033000139288,0.025274579904362802,0.0008940872257136032,28,68,0.09813995063110165,0.1409516783167221,False,False,True,3.9409529683253423e-07,COMPLETE
2112,0.46682050824165344,2025-04-06 11:48:59.458466,2025-04-06 11:49:17.187604,0 days 00:00:17.729138,0.5961323610026634,0.033457840535713754,8,0.07728491843252737,0.058579541873814756,0.008340068110296292,0.05981320185572582,0.021638707518536734,0.02192337786287479,0.0008938641623765451,6,53,0.0956433627197561,0.1392607367543218,False,False,True,2.605285192476442e-07,COMPLETE
2113,0.37776303291320806,2025-04-06 11:49:17.887392,2025-04-06 11:49:51.008006,0 days 00:00:33.120614,0.6524091890576813,0.10213826663167089,8,0.1710275604346337,0.06557505873906376,0.010903783868278406,0.061961009393739344,0.02648145494611078,0.0010436764334295426,0.0017793350533553724,28,68,0.09834379546952966,0.15403110439195153,False,False,True,3.534122455051714e-07,COMPLETE
2114,0.37364607453346255,2025-04-06 11:49:51.718600,2025-04-06 11:50:25.638545,0 days 00:00:33.919945,0.5060820070266997,0.010095420956750732,8,0.06693439152435902,0.07162349009094615,0.006104486119058212,0.06823046243650413,0.022733086241297308,0.01915189606321649,0.0010807150786055753,29,62,0.09662722536555216,0.14425163224355184,False,False,True,4.819761050719408e-07,COMPLETE
2115,0.37216809391975403,2025-04-06 11:50:26.317704,2025-04-06 11:51:58.778864,0 days 00:01:32.461160,0.7905048106314307,0.06631329836547828,2,0.13843086485196432,0.10626524949985111,0.007297995231294673,0.0048691814264553174,0.010257268289820261,0.019213976942209707,0.0008922960399356077,28,67,0.09801064409727336,0.13230076304650423,False,False,True,3.8752957518788903e-07,COMPLETE
2116,0.3720968127250671,2025-04-06 11:51:59.485966,2025-04-06 11:52:33.629698,0 days 00:00:34.143732,0.6855485515536776,0.08535958606907124,8,0.06601356156000943,0.06407917068537733,0.0010601129826130762,0.0769659003098464,0.02895913066090586,0.017696968484747378,0.0013759540259943488,29,68,0.0954409170983953,0.14599099123868647,False,False,True,1.64020820147853e-07,COMPLETE
2117,0.48643872737884525,2025-04-06 11:52:34.347173,2025-04-06 11:53:07.805189,0 days 00:00:33.458016,0.6236804012973641,0.042168151628480116,8,0.08576325432614071,0.07510165451529352,0.010951737800055447,0.05875391984997672,0.023996183230478974,0.02382313961277162,0.0010921615889975824,28,70,0.09991093931103139,0.12407455283705263,False,False,True,4.416558515255352e-07,COMPLETE
2118,0.3095863401889801,2025-04-06 11:53:08.489973,2025-04-06 11:53:41.611082,0 days 00:00:33.121109,0.5622305489762311,0.0557716896225222,8,0.07106476298004227,0.21840912331275614,0.0033081432590446455,0.06540309540155986,0.02199063727802142,0.02144967292866085,0.0009467928575005862,28,49,0.05063508520045528,0.13452062074898066,False,False,True,3.3919447673762715e-07,COMPLETE
2119,0.3903722882270813,2025-04-06 11:53:42.318773,2025-04-06 11:54:05.565190,0 days 00:00:23.246417,0.7526296772744081,0.0778780773659663,16,0.0772101367072518,0.05431591616127378,0.010934007972137654,0.06244245395132776,0.02649307352402384,0.01719730388530478,0.0012910546357559915,27,61,0.0967624040863158,0.14493997350145438,False,False,True,2.8265659198116976e-07,COMPLETE
2120,0.34851292371749876,2025-04-06 11:54:06.275276,2025-04-06 11:54:40.659285,0 days 00:00:34.384009,0.7115198743360592,0.03578308411665209,8,0.13308021248348806,0.04063403690816558,0.007842657656657627,0.07957601120061915,0.012540839144842495,0.018107742861055993,0.0008094508188475613,28,64,0.0999530496837258,0.14358284799854085,True,False,True,4.242218753060215e-07,COMPLETE
2121,0.39143282175064087,2025-04-06 11:54:41.339062,2025-04-06 11:55:15.271975,0 days 00:00:33.932913,0.6899691762998729,0.10937171387061334,8,0.09731043468220515,0.06996671501312365,0.009688611416860874,0.009611478720449108,0.03177893803871958,0.02044129552903341,0.001080886471941712,29,67,0.02765517762829249,0.1270098883990767,False,False,True,1.4600249783226222e-07,COMPLETE
2122,0.37778548002243045,2025-04-06 11:55:15.980750,2025-04-06 11:55:49.816070,0 days 00:00:33.835320,0.6590122625293725,0.060652516576247956,8,0.03330275133753747,0.0825018538743739,0.006114152187215852,0.05947445473451258,0.024259401662871216,0.018318311145948007,0.001953968840140669,28,56,0.09999680815120483,0.14671792666057823,False,True,True,4.7613571264216467e-07,COMPLETE
2123,0.4787972927093506,2025-04-06 11:55:50.525083,2025-04-06 11:56:23.383122,0 days 00:00:32.858039,0.7291110386897985,0.09248619108292573,8,0.06528689580372993,0.059905184770699886,0.004481300475181696,0.04039113659457466,0.02171444003232456,0.017412065335049673,0.0008535223373852666,27,71,0.0944085978475332,0.15950692396432634,False,False,True,1.3983066018922765e-07,COMPLETE
2124,0.40523273348808286,2025-04-06 11:56:24.063268,2025-04-06 11:56:56.306924,0 days 00:00:32.243656,0.641475815924583,0.12782465475028448,8,0.06266775545359607,0.06707587854001312,0.011416577311272307,0.01852562588586501,0.00847611307043465,0.004370106869738299,0.0013955441510382215,27,56,0.0969218876394709,0.12871655371066948,False,False,True,2.1850113484605456e-07,COMPLETE
2125,0.4925373673439026,2025-04-06 11:56:57.022084,2025-04-06 11:57:30.839539,0 days 00:00:33.817455,0.67836040710491,0.027064181852835014,8,0.07084150381813589,0.07479747716343073,0.008295028402459414,0.06437041723865565,0.02123407874968492,0.02168939404179246,0.00100004411792873,29,69,0.09464741670272905,0.13024949937721397,False,False,True,1.2903038586265687e-07,COMPLETE
2126,0.35803396105766294,2025-04-06 11:57:31.556270,2025-04-06 11:58:06.549449,0 days 00:00:34.993179,0.6504174614742959,0.02339451347915566,8,0.08394351783659185,0.09340946042773379,0.007913064420049291,0.06231100861572085,0.011256318605073054,0.02542863748134094,0.001415067973964386,30,66,0.09451031621781618,0.11036677734005253,False,False,True,1.3264559496279053e-07,COMPLETE
2127,0.3712655603885651,2025-04-06 11:58:07.235757,2025-04-06 11:58:41.813916,0 days 00:00:34.578159,0.6355811121356618,0.022382246819611814,8,0.07765653045223833,0.08582073999898596,0.006692422298738974,0.06071783904059479,0.03022359229224803,0.023986149914923212,0.0016252254827913803,30,67,0.09994706936222918,0.13595959458896537,False,False,True,1.7041598947450883e-07,COMPLETE
2128,0.28872982263565067,2025-04-06 11:58:42.521148,2025-04-06 11:59:16.985746,0 days 00:00:34.464598,0.09318923950821417,0.02380237756356924,8,0.08034946559509963,0.08873951057748508,0.008564254315700678,0.06392442640713412,0.013877917584187051,0.022257375211617924,0.0012709357439124476,30,61,0.09375579564810832,0.12458960841695428,False,False,True,8.131533463701365e-08,COMPLETE
2129,0.3526021301746368,2025-04-06 11:59:17.690561,2025-04-06 12:01:06.810957,0 days 00:01:49.120396,0.619772131757973,0.027212583221640742,2,0.07464477467994193,0.08117890187076648,0.008927494641250172,0.06351764955558703,0.02160854921152403,0.026568477629448875,0.0012291581706202705,29,63,0.09816208095801443,0.13176111207158173,False,False,False,1.797336442935815e-07,COMPLETE
2130,0.365085232257843,2025-04-06 12:01:07.493666,2025-04-06 12:01:42.064101,0 days 00:00:34.570435,0.6664693430192457,0.010776248588651963,8,0.08786721084899371,0.07900866080499529,0.0052503653581342175,0.06127749731777364,0.027515561865295815,0.026559333415486767,0.0015658299402133103,30,66,0.09677653005035237,0.151600657092294,False,False,True,1.319452375867484e-07,COMPLETE
