number,value,datetime_start,datetime_complete,duration,params_alpha-eval,params_alpha-train,params_batch-size,params_eps-eval,params_eps-train,params_lambda-actions-eval,params_lambda-actions-train,params_lambda-frames-eval,params_lambda-frames-train,params_learning-rate,params_n-epochs,params_n-frames,params_radius-gw,params_rho,params_std-feats,params_ub-actions,params_ub-frames,params_weight-decay,state
1123,0.35286799669265745,2025-04-06 01:06:59.539123,2025-04-06 01:07:33.345904,0 days 00:00:33.806781,0.6576478370837807,0.11096304616296207,8,0.04245310332120303,0.2083734997129047,0.0026601620848964985,0.004929799292354163,0.013416032200753776,0.02100236755444072,0.00078561683807274,28,86,0.09500484882351792,0.18849297972872942,False,False,True,2.525578452979697e-06,COMPLETE
1124,0.45561265349388125,2025-04-06 01:07:33.706381,2025-04-06 01:07:56.587603,0 days 00:00:22.881222,0.6773612358057564,0.10113724139643568,8,0.051622842659027446,0.06467620596180985,0.005377683429225837,0.06877105159499931,0.0151027523766274,0.019447230760630447,0.0008332907834348821,13,83,0.09571244577598075,0.1820641953594238,False,False,True,2.8987134371913086e-06,COMPLETE
1125,0.4118962287902832,2025-04-06 01:07:56.946975,2025-04-06 01:08:29.886710,0 days 00:00:32.939735,0.6963399782079605,0.08326571510715035,8,0.05356137823356499,0.07193540711870944,0.006983219790489213,0.023387650198534376,0.09797206262110678,0.021329290107081032,0.0008799382050739368,27,85,0.09359887853057079,0.19007050167274878,False,False,True,2.709710873973284e-06,COMPLETE
1126,0.48513203859329224,2025-04-06 01:08:30.246412,2025-04-06 01:09:03.055574,0 days 00:00:32.809162,0.6540681850771776,0.11944011918510726,8,0.05781040696228448,0.07100486655097148,0.005844673258610809,0.06645754513799103,0.015467331021022105,0.019714066632605703,0.0008235985030363152,27,85,0.09670559533302735,0.17824272409287592,False,False,True,3.02120422122492e-06,COMPLETE
1127,0.48566312789916993,2025-04-06 01:09:03.414695,2025-04-06 01:09:36.691933,0 days 00:00:33.277238,0.6840286431469554,0.08678866036432774,8,0.04670747788973949,0.06335980256931528,0.00947442146686239,0.019091048996524362,0.013709015627819201,0.018751873025481498,0.000726037847928408,28,73,0.09844349111053559,0.1848660775832732,False,False,True,1.9490103978740887e-06,COMPLETE
1128,0.3516775667667389,2025-04-06 01:09:37.051092,2025-04-06 01:10:14.833820,0 days 00:00:37.782728,0.7054392978886234,0.05446489667107202,8,0.0543553591566626,0.07392194233554401,0.002452098374845793,0.015406573706050227,0.016258863177789573,0.01793996590209108,0.0009863732541331256,28,88,0.09558417785456448,0.19215264232235255,False,False,False,2.0883426247707377e-06,COMPLETE
1129,0.34984588623046875,2025-04-06 01:10:15.195613,2025-04-06 01:10:48.319539,0 days 00:00:33.123926,0.6392951710221926,0.10129372198640818,8,0.06109880351964556,0.1406997818064637,0.009177027950535668,0.07338807623911035,0.017281220633755874,0.021751631297014476,0.0006743444763405668,27,79,0.09810163621757775,0.17970210084304244,False,False,True,3.015066505768651e-06,COMPLETE
1130,0.49314695596694946,2025-04-06 01:10:48.677870,2025-04-06 01:11:22.631575,0 days 00:00:33.953705,0.674009776910538,0.07272341908863096,8,0.060153111619642,0.06742529575686079,0.0017812653454960835,0.028335445728080676,0.01284945114057379,0.019462132079062784,0.0008956465136719595,28,82,0.09993909980058056,0.19770844964242143,False,False,True,2.3379645196034394e-06,COMPLETE
1131,0.3980733096599579,2025-04-06 01:11:22.991758,2025-04-06 01:11:47.249729,0 days 00:00:24.257971,0.6216672168975704,0.11042816797536903,16,0.04959903719642209,0.06038571285071184,0.005847807275742579,0.014879505559574346,0.0139469304461654,0.021970321093558304,0.0008960607151270149,29,67,0.09999079954038641,0.18781689700186066,False,False,True,1.8337489408435597e-06,COMPLETE
1132,0.4140745460987091,2025-04-06 01:11:47.631015,2025-04-06 01:12:21.652187,0 days 00:00:34.021172,0.6665431438266292,0.11885987914748455,8,0.05544741118833597,0.06491881847354825,0.0019973314468755784,0.009617740397824308,0.012739469958629514,0.021598250423039554,0.0010456241248004653,29,76,0.09818811755833158,0.19577174193276808,False,False,True,2.4347367570791446e-06,COMPLETE
1133,0.48864725828170774,2025-04-06 01:12:22.016552,2025-04-06 01:12:57.091810,0 days 00:00:35.075258,0.644734733069849,0.07988747415051942,8,0.04229685980096046,0.06704300743053548,0.004802487573827801,0.030373458799425736,0.013029037651031184,0.020459608733549836,0.0009952042248005596,30,85,0.09823986086075656,0.18510266235989792,False,False,True,2.578974286531875e-06,COMPLETE
1134,0.3691834032535553,2025-04-06 01:12:57.454381,2025-04-06 01:13:31.403255,0 days 00:00:33.948874,0.25360634942955007,0.7453927671015991,8,0.06195152734144006,0.0596791136165157,0.006210283813896868,0.07914764351343416,0.04471188099166033,0.023465677178123957,0.006229187738780648,28,80,0.09998769935996152,0.19172402764605978,False,False,True,2.2276493187737333e-06,COMPLETE
1135,0.4325744688510895,2025-04-06 01:13:31.769868,2025-04-06 01:15:04.468399,0 days 00:01:32.698531,0.6690785257796594,0.09502311715497452,2,0.049578789211259605,0.06294061228449324,0.0019512482109541804,0.02065562812959771,0.012587807784581505,0.02005914474774885,0.0007684874085955225,28,71,0.09999389232917216,0.173910934768914,False,False,True,2.323965719911118e-06,COMPLETE
1136,0.28615721464157107,2025-04-06 01:15:04.832893,2025-04-06 01:15:38.947608,0 days 00:00:34.114715,0.6951912783047123,0.07615659929295018,8,0.05687785907071448,0.06853502623438759,0.0017377081180692203,0.02569863294489653,0.0151736365062797,0.018584006463908287,0.0009148062633066488,29,77,0.09648054746007319,0.1809990846102334,False,True,True,1.7765424930636896e-06,COMPLETE
1137,0.41137026548385625,2025-04-06 01:15:39.313101,2025-04-06 01:16:12.972295,0 days 00:00:33.659194,0.6608782053707174,0.12093391332841029,8,0.06564399222187135,0.056744922532437916,0.0033200686145844222,0.008296537579359931,0.08811479222837632,0.006059574645107413,0.0006340796340426318,28,88,0.09816483819355334,0.19846864312368992,False,False,True,3.3542904906502365e-06,COMPLETE
1138,0.36138095855712893,2025-04-06 01:16:13.338567,2025-04-06 01:16:49.101769,0 days 00:00:35.763202,0.6142326024260176,0.08540181380804512,8,0.05904381545202927,0.15482767622260968,0.0013227182767996193,0.002521291240792432,0.013687773247382322,0.020369599779282873,0.001078521423049028,28,82,0.06888091718105163,0.1891971301109929,True,False,True,3.0928376104911712e-06,COMPLETE
1139,0.38788810968399046,2025-04-06 01:16:49.469913,2025-04-06 01:17:22.060768,0 days 00:00:32.590855,0.6822206759890012,0.06757611293870104,8,0.05086553961825074,0.06780283052884123,0.003508602382937615,0.02793777889153117,0.013305037109843655,0.023238411702623474,0.0007190141748819234,28,33,0.09557170412850685,0.18335800952349823,False,False,True,2.234016085188402e-06,COMPLETE
1140,0.38917202949523927,2025-04-06 01:17:22.427747,2025-04-06 01:17:55.756669,0 days 00:00:33.328922,0.6371855520261074,0.0988538395225523,8,0.06452809881805713,0.07185355035765906,0.001959990567753346,0.026700913796383886,0.01598833130333018,0.019468695746272524,0.0005538987747533776,28,74,0.09688595458420617,0.1938628163934123,False,False,True,1.690240091856957e-06,COMPLETE
1141,0.35075001120567323,2025-04-06 01:17:56.121346,2025-04-06 01:18:30.642665,0 days 00:00:34.521319,0.7084260718012554,0.9130760917721964,8,0.04192698864867423,0.06193299774339999,0.004369066103791266,0.02412870423672336,0.015298288940039073,0.018042510454426373,0.0008298252709969841,29,79,0.09990694448983013,0.1783855243203935,False,False,True,2.56832134214369e-06,COMPLETE
1142,0.48438295125961306,2025-04-06 01:18:31.015710,2025-04-06 01:19:03.884145,0 days 00:00:32.868435,0.6540740506727876,0.06655989171405027,8,0.05621547488099385,0.05821592643121464,0.001280027552019865,0.0015964054836136285,0.01690927628016071,0.007767261893206851,0.0009344087837498586,27,83,0.09367884276921123,0.19918642831932365,False,False,True,1.630451579859706e-06,COMPLETE
1143,0.39913281202316286,2025-04-06 01:19:04.251921,2025-04-06 01:19:38.145906,0 days 00:00:33.893985,0.6826071712539735,0.12200441341238233,8,0.06376855731442031,0.050926640550922955,0.0013833633825551465,0.008269497842875617,0.014849116993662983,0.01693813138930278,0.0006588740048161161,29,58,0.09820739404280153,0.1893730082530757,False,False,True,3.0276350144077458e-06,COMPLETE
1144,0.490440571308136,2025-04-06 01:19:38.497261,2025-04-06 01:20:11.685394,0 days 00:00:33.188133,0.70331812577165,0.09736727031939751,8,0.06840513170676507,0.06682304437840413,0.00487261691830785,0.011360170695744957,0.01769249948608001,0.01797026127403949,0.001077533580590827,27,86,0.09639837622505842,0.18585412797907397,False,False,True,2.000789202448292e-06,COMPLETE
1145,0.4781259298324585,2025-04-06 01:20:12.052909,2025-04-06 01:20:45.672241,0 days 00:00:33.619332,0.7350380553835185,0.11921393272298075,8,0.05359406989851177,0.07446631571118946,0.004247043614460129,0.058152883679741155,0.017028744274894064,0.021758024906152664,0.0007435168973879853,28,86,0.09279151456958848,0.19445345930853145,False,False,True,2.070562884017224e-06,COMPLETE
1146,0.34855705499649053,2025-04-06 01:20:46.034763,2025-04-06 01:21:23.144548,0 days 00:00:37.109785,0.7264760096162582,0.1104431402324064,8,0.060032029637866774,0.07141393543945508,0.003669970221166001,0.005232332963970096,0.014442347206712374,0.019734715408102562,0.0005386057382369337,27,88,0.09431619727577403,0.1758135003671597,False,False,False,1.7901247679162874e-06,COMPLETE
1147,0.4858522653579712,2025-04-06 01:21:23.511468,2025-04-06 01:21:56.673034,0 days 00:00:33.161566,0.7192734383081753,0.10419662804777227,8,0.04783091414200003,0.0795963285408584,0.0042721421593689786,0.002354249037499416,0.01250266622841841,0.009865299527867563,0.0008666931375145551,27,85,0.09193807903840337,0.20345897992443998,False,False,True,2.133145320472969e-06,COMPLETE
1148,0.45954501032829287,2025-04-06 01:21:57.038153,2025-04-06 01:22:30.729223,0 days 00:00:33.691070,0.7088813385141582,0.09517470030242704,8,0.06462641897674705,0.06682430280252949,0.0037739959459622196,0.0032129306603948665,0.03723668999652764,0.01765958887853653,0.0006351503225022255,28,84,0.0916061242950808,0.19108877432384022,False,False,True,1.514195737023959e-06,COMPLETE
1149,0.4083759725093842,2025-04-06 01:22:31.099036,2025-04-06 01:23:04.225361,0 days 00:00:33.126325,0.6981856643612654,0.12217019419973787,8,0.06946345942897923,0.0734182179426284,0.0071314316560917804,0.01719966211340931,0.015589948336322592,0.00840360727072783,0.0010397097274312415,27,88,0.04936107492907468,0.18324883843056375,False,False,True,2.571933290323678e-06,COMPLETE
1150,0.48554559946060183,2025-04-06 01:23:04.591763,2025-04-06 01:23:38.242730,0 days 00:00:33.650967,0.7000044023116203,0.08832367430477149,8,0.05777852077987351,0.06718491788534715,0.0025584535598857823,0.010385711666156525,0.01772345978413312,0.016128301326467132,0.0007550653161209857,28,81,0.0951230719289935,0.19763292646860572,False,False,True,1.7455674876071259e-06,COMPLETE
1151,0.3734423339366913,2025-04-06 01:23:38.609985,2025-04-06 01:24:11.682365,0 days 00:00:33.072380,0.034477159722493045,0.7109708332521167,8,0.03787769938514289,0.08086165953909706,0.0054665785975475225,0.001691766736180482,0.013033441413221387,0.020326413604117674,0.0009082004180248406,27,84,0.095304505964365,0.18931380718429666,False,False,True,2.025322351832473e-06,COMPLETE
1152,0.396424275636673,2025-04-06 01:24:12.049821,2025-04-06 01:24:44.839294,0 days 00:00:32.789473,0.6694651636783654,0.08562440488815819,8,0.05396228499674578,0.06169572930248145,0.007329588190018926,0.032685372455368414,0.03365618979329615,0.011153886224491911,0.0005216243954697034,27,79,0.09393888602691525,0.17418337862960037,False,False,True,1.5712685519313253e-06,COMPLETE
1153,0.3729407906532288,2025-04-06 01:24:45.206525,2025-04-06 01:25:10.144043,0 days 00:00:24.937518,0.9686703251478883,0.10047170990850907,16,0.06848813323868337,0.0712539133637044,0.0037907500930263738,0.006201868884956422,0.015903603018386996,0.02285167936410447,5.66850499951157e-05,30,82,0.09626091209875019,0.1836336716028005,False,False,True,1.415131432885959e-06,COMPLETE
1154,0.488038718700409,2025-04-06 01:25:10.514311,2025-04-06 01:25:44.118502,0 days 00:00:33.604191,0.7252992981433134,0.07368779266567138,8,0.06300727505984435,0.054882709477909616,0.0015820451737666636,0.006909045482808872,0.017862082011691614,0.01879772707429212,0.0006651306917700865,28,76,0.0962055514385612,0.19947528344514606,False,False,True,2.356149653322279e-06,COMPLETE
1155,0.4861990571022034,2025-04-06 01:25:44.487250,2025-04-06 01:26:17.075627,0 days 00:00:32.588377,0.6196642734115858,0.05495176915842546,8,0.04493653517836592,0.07718318495747277,0.004186146405956142,0.017095165345914355,0.016428906431480855,0.014107621657619068,0.0012411540601169708,27,86,0.09030175355485032,0.19308705629768833,False,False,True,1.3010782924226203e-06,COMPLETE
1156,0.28615721464157107,2025-04-06 01:26:17.441582,2025-04-06 01:26:50.352352,0 days 00:00:32.910770,0.6913953176874942,0.08010375803496281,8,0.05928243853629168,0.06562964936921495,0.002965306113657755,0.012705197110240315,0.013738840189925449,0.01649385365017434,0.00042692296549413477,27,79,0.09341207355843813,0.17913003342825803,False,True,True,2.7099910486629926e-06,COMPLETE
1157,0.48635941743850714,2025-04-06 01:26:50.720221,2025-04-06 01:27:24.242526,0 days 00:00:33.522305,0.6495667324907434,0.12368174453388078,8,0.06947865528988399,0.060376020722360306,0.006832575867921924,0.03096683086665369,0.01808482496784082,0.0124605499394836,0.0008140137071139834,28,73,0.09627481076829054,0.20722635942820877,False,False,True,2.524770815924294e-07,COMPLETE
1158,0.3810204863548279,2025-04-06 01:27:24.613912,2025-04-06 01:29:01.712427,0 days 00:01:37.098515,0.710709250109117,0.09981917380544819,2,0.05330107850375644,0.07013812247892692,0.004065821317057666,0.007283123938794733,0.030898144168227396,0.00582314204411921,0.0010667142241635637,29,89,0.09694708549760109,0.18627279702766852,True,False,True,1.909196528317147e-06,COMPLETE
1159,0.4557801961898804,2025-04-06 01:29:02.082177,2025-04-06 01:29:34.811629,0 days 00:00:32.729452,0.671351801470664,0.05575056199731542,8,0.0647611176356991,0.08340015482380805,0.0012988409658986552,0.019705675933715375,0.014956623309143064,0.017978147310119177,0.0005788590013312685,27,82,0.0945578441859663,0.1958066628129536,False,False,True,1.3376420079012875e-06,COMPLETE
1160,0.3857572734355927,2025-04-06 01:29:35.181356,2025-04-06 01:30:08.825477,0 days 00:00:33.644121,0.6369326013610294,0.4031968590511191,8,0.059511639003388885,0.07373260830247659,0.005960152669250949,0.012343526209509749,0.01808751251706189,0.015210169529275185,0.0006968281658359449,28,77,0.09792382274004312,0.1871619387653371,False,False,True,1.8180336931969908e-07,COMPLETE
1161,0.4468811690807343,2025-04-06 01:30:09.197671,2025-04-06 01:30:42.374955,0 days 00:00:33.177284,0.33266665762846004,0.07350948039997642,8,0.04925358560383731,0.06376655529103999,0.007970168769493526,0.009793593557752124,0.012415455143254726,0.00928101195718129,0.0009051541224169219,27,85,0.09998884321607064,0.17416911258844234,False,False,True,1.6452577442089708e-06,COMPLETE
1162,0.48713670969009404,2025-04-06 01:30:42.746847,2025-04-06 01:31:16.603585,0 days 00:00:33.856738,0.7370474255545697,0.04440619015851237,8,0.07073194534017384,0.05463048870578836,0.004811328413858,0.003924885033569852,0.01614564454505894,0.02057118180534598,0.0012472907212649235,28,80,0.09670224027030314,0.2038078402399545,False,False,True,3.2057346440201216e-06,COMPLETE
1163,0.39318482875823973,2025-04-06 01:31:16.975697,2025-04-06 01:31:42.001548,0 days 00:00:25.025851,0.6889721151381917,0.12335522788941665,8,0.06152600271230451,0.0778637312012126,0.010890540263125035,0.0185348070908625,0.01875074677079269,0.013283079829591812,0.0005001421667055275,16,74,0.09194296436264944,0.1806530768920502,False,False,True,3.059591223073532e-07,COMPLETE
1164,0.4799840450286866,2025-04-06 01:31:42.374468,2025-04-06 01:32:04.262411,0 days 00:00:21.887943,0.6614178825477804,0.09479475399678673,8,0.05582651633380232,0.06762067459921278,0.008513297309122932,0.012495705334081814,0.015105055841728849,0.011329743093560916,0.0007761051300119342,12,70,0.09466720672471815,0.19328624897552701,False,False,True,2.4440176871933714e-06,COMPLETE
1165,0.38535144329071047,2025-04-06 01:32:04.635820,2025-04-06 01:32:37.349776,0 days 00:00:32.713956,0.7036378297846321,0.028080258231108664,8,0.06660387433464665,0.05935728149439736,0.003445433074777345,0.0065072145190358515,0.012839394701338108,0.016978288059484863,0.0006250206273333196,27,83,0.09832594317880365,0.010443661033329554,False,False,True,1.3255524634756299e-06,COMPLETE
1166,0.36551077961921696,2025-04-06 01:32:37.721444,2025-04-06 01:33:15.710412,0 days 00:00:37.988968,0.7665825170612901,0.06183566442527852,8,0.047087817562335176,0.07078701410256963,0.01005119078197,0.013942633840356222,0.03228211341766899,0.014618417845793869,0.05675916615799633,28,87,0.0968009064344706,0.18719498405889132,False,False,False,2.1877591025827423e-06,COMPLETE
1167,0.48660439252853394,2025-04-06 01:33:16.085259,2025-04-06 01:33:48.686040,0 days 00:00:32.600781,0.6677537593128325,0.07991933453733302,8,0.0728237116171038,0.04960853499258962,0.005088236128841967,0.005015522685077963,0.01673422859038604,0.016462842035867734,0.0010669589271319487,27,77,0.09795916927315126,0.1996878734184267,False,False,True,4.475900067730946e-07,COMPLETE
1168,0.46675388813018803,2025-04-06 01:33:49.061227,2025-04-06 01:34:23.395409,0 days 00:00:34.334182,0.2091519711309225,0.041766392262986896,8,0.05402462172110627,0.06506060512294763,0.003046507472831418,0.01401286593401182,0.018300485577762336,0.019089806077277668,0.0008813216240193162,29,80,0.09344928356700015,0.19141130849066842,False,False,True,1.1319613206304149e-06,COMPLETE
1169,0.4868662357330323,2025-04-06 01:34:23.781851,2025-04-06 01:34:56.967999,0 days 00:00:33.186148,0.6822205963592004,0.10354213278430614,8,0.06066175180065739,0.07861355695642748,0.012214887370423718,0.0019193654533008885,0.015090421872460591,0.008041793740418753,0.000715981962508168,27,84,0.09543011359623477,0.18067098390230332,False,False,True,1.7815692130167302e-06,COMPLETE
1170,0.4797118067741394,2025-04-06 01:34:57.343803,2025-04-06 01:35:30.849733,0 days 00:00:33.505930,0.7211469353680264,0.05658445695592125,8,0.0663043406657675,0.05750829135144512,0.00567194842388639,0.004639254685611405,0.01864062119815587,0.01100231203276363,0.0006026720423305975,28,75,0.09830779858458102,0.17209123842751897,False,False,True,3.741008316130707e-07,COMPLETE
1171,0.3948348701000214,2025-04-06 01:35:31.224782,2025-04-06 01:36:04.092278,0 days 00:00:32.867496,0.6432285707882921,0.44079383192893107,8,0.0408358955608268,0.07361026283184846,0.002826724069024074,0.011254357669601296,0.017279065622068282,0.013352706086330584,0.00045756451211345536,27,81,0.09996363698294884,0.1966059794354985,False,False,True,3.0401265107867735e-06,COMPLETE
1172,0.38672661781311035,2025-04-06 01:36:04.469909,2025-04-06 01:36:38.053774,0 days 00:00:33.583865,0.6969620240406801,0.48852457546867756,8,0.07285537657109226,0.08457135691988402,0.00786575426656654,0.006923796449782149,0.01383957394344525,0.018473665042878958,0.0010007078472394127,28,89,0.09678090434903765,0.2078090733139875,False,False,True,1.7290460795637253e-06,COMPLETE
1173,0.3939595282077789,2025-04-06 01:36:38.429939,2025-04-06 01:37:11.250817,0 days 00:00:32.820878,0.6243779582512192,0.010371518320238672,8,0.051159169850883056,0.0634551162461697,0.01682122708377611,0.07616512885091484,0.019461732254008792,0.015319015688220692,0.0007684436571987982,27,72,0.09511536711888756,0.1858867161793063,False,False,True,1.476575514157978e-06,COMPLETE
1174,0.28615721464157107,2025-04-06 01:37:11.625525,2025-04-06 01:37:28.351860,0 days 00:00:16.726335,0.65594916393876,0.08662847878665314,8,0.06032050516107255,0.06862813909421595,0.010828126337322922,0.02248767102304543,0.016353985213060442,0.021303046738439115,0.0013454070103781132,5,78,0.09997557760639705,0.2011556798385655,False,True,True,1.1590112239654939e-06,COMPLETE
1175,0.40040374994277955,2025-04-06 01:37:28.729106,2025-04-06 01:37:52.242781,0 days 00:00:23.513675,0.6787722943232886,0.2946488963165863,16,0.06615285411249797,0.053130086097404675,0.0172689496724045,0.061155679195269194,0.012681175247307686,0.023664850157793245,0.0005295256797718602,27,68,0.09810632872864432,0.17655236573199026,False,False,True,5.022571211592601e-07,COMPLETE
1176,0.4588495135307312,2025-04-06 01:37:52.621432,2025-04-06 01:38:26.118422,0 days 00:00:33.496990,0.7461394207556411,0.0693787120620711,8,0.05627841323078141,0.07421187851099267,0.001447709389485578,0.0013303323193375935,0.03511192355033056,0.0123428335919696,0.0008697388656484022,28,85,0.09259639570037308,0.194482327584172,False,False,True,2.1543189809772733e-06,COMPLETE
1177,0.485165810585022,2025-04-06 01:38:26.497645,2025-04-06 01:38:59.388986,0 days 00:00:32.891341,0.7113520029569054,0.11967561124617546,8,0.00042615693313977077,0.05954443018146748,0.012155715233013216,0.07204803179783945,0.019712368279696673,0.017024361221067118,0.0011252078216225305,27,82,0.09670312336172746,0.18921708743954313,False,False,True,2.6362225992329465e-08,COMPLETE
1178,0.3574335753917694,2025-04-06 01:38:59.767245,2025-04-06 01:39:36.046026,0 days 00:00:36.278781,0.2786476989107597,0.040835676927746194,8,0.07309960004613311,0.06638205351621101,0.0013778602105226079,0.004033381769369949,0.016784052017709578,0.009671321715698468,1.0370983510812981e-05,29,78,0.09816871681847841,0.17000044735150488,True,False,True,2.7012238571874113e-07,COMPLETE
