number,value,datetime_start,datetime_complete,duration,params_alpha-eval,params_alpha-train,params_batch-size,params_eps-eval,params_eps-train,params_lambda-actions-eval,params_lambda-actions-train,params_lambda-frames-eval,params_lambda-frames-train,params_learning-rate,params_n-epochs,params_n-frames,params_radius-gw,params_rho,params_std-feats,params_ub-actions,params_ub-frames,params_weight-decay,state
1851,0.4011009633541108,2025-04-06 09:02:49.052217,2025-04-06 09:03:22.213503,0 days 00:00:33.161286,0.6974525019934618,0.0970829982547929,8,0.06116335608000413,0.07223667952764448,0.014092380526467201,0.05774138641915479,0.012439686490663654,0.009045564501000324,0.0007401820435004752,27,85,0.013859241782151428,0.17844362231269806,False,False,True,7.667704548037671e-07,COMPLETE
1852,0.3506349325180054,2025-04-06 09:03:22.829437,2025-04-06 09:04:56.527640,0 days 00:01:33.698203,0.6430981022806876,0.07663831270234588,2,0.053762151303576575,0.17184889942820333,0.021508110406972637,0.06206953426824881,0.017263345696562474,0.013734408855874656,0.0009317977714052716,28,81,0.09177554425948138,0.18567702593170649,False,False,True,1.1494377156823652e-06,COMPLETE
1853,0.4813402593135834,2025-04-06 09:04:57.140796,2025-04-06 09:05:29.609076,0 days 00:00:32.468280,0.6717605774138554,0.062155173857201235,8,0.06926868187879112,0.08560371392841408,0.018664785927686986,0.08649090702387562,0.019671952115392986,0.011847051760355123,0.0011979501985234168,26,89,0.0967433482779973,0.20532391352928414,False,False,True,1.8831738194499797e-06,COMPLETE
1854,0.39417437314987186,2025-04-06 09:05:30.207636,2025-04-06 09:06:03.117204,0 days 00:00:32.909568,0.7521406067030462,0.11300408828891205,8,0.0496600428050678,0.05685227446135434,0.055343036033786396,0.05991613475451732,0.010094726065308805,0.008044299209846981,0.0003424205510568795,27,72,0.09516524201271238,0.19315593513269783,False,False,True,3.5205917362564533e-07,COMPLETE
1855,0.358378279209137,2025-04-06 09:06:03.736041,2025-04-06 09:06:28.205755,0 days 00:00:24.469714,0.5948044794445042,0.010453726139832975,16,0.06270968815446942,0.07768756964994679,0.012375798195481708,0.06329389996044944,0.01604548796751085,0.017483485349618594,0.000619519194517839,29,77,0.09820952001745625,0.1590528860319676,False,False,True,6.297018025963582e-07,COMPLETE
1856,0.3639817893505096,2025-04-06 09:06:28.800222,2025-04-06 09:07:04.167448,0 days 00:00:35.367226,0.7093985577239397,0.03690737434889684,8,0.040142385858547514,0.06714311915634648,0.016722376132447675,0.029123490331649224,0.024503093548855485,0.014983959494294347,0.0008961958270687841,28,83,0.08821814251477454,0.20027228082153056,True,False,True,2.4590585070216254e-06,COMPLETE
1857,0.28615721464157107,2025-04-06 09:07:04.788128,2025-04-06 09:07:38.072155,0 days 00:00:33.284027,0.6891941766554057,0.08505394427910029,8,0.05741113027533888,0.06173541278086476,0.024043046060818165,0.010963500014959179,0.018504717907395156,0.004456384915371727,0.0007155093704624033,27,79,0.09673175380690899,0.2136776343574559,False,True,True,8.706392331615068e-07,COMPLETE
1858,0.3942380666732789,2025-04-06 09:07:38.666971,2025-04-06 09:08:10.589889,0 days 00:00:31.922918,0.7324670129288179,0.060365999746562156,8,0.07338534578413348,0.07193234639327648,0.029154431620966304,0.06967044994498171,0.02108335610161156,0.011233406179930064,0.0005176008159208461,26,68,0.055658170202460305,0.1808172695799715,False,False,True,1.531872277471515e-06,COMPLETE
1859,0.48687454462051394,2025-04-06 09:08:11.188068,2025-04-06 09:08:42.801919,0 days 00:00:31.613851,0.6599564504455394,0.044353609320330264,8,0.06673521165388373,0.052183791697676826,0.014724236281388864,0.05723082785437291,0.014160911649594802,0.0064162310422629255,0.0011760487036831346,25,86,0.09996800416997718,0.18891321546331916,False,False,True,4.720386926784449e-07,COMPLETE
1860,0.40194336175918577,2025-04-06 09:08:43.411843,2025-04-06 09:09:18.668169,0 days 00:00:35.256326,0.677753915234195,0.0756606648634853,8,0.0580555789353749,0.06495712127926397,0.01849909447059407,0.02488639115680539,0.06929293456787466,0.016103467714338498,0.00079744685954916,30,75,0.029494986407314964,0.17120746483990654,False,False,True,1.114911639224053e-06,COMPLETE
1861,0.38092024326324464,2025-04-06 09:09:19.283009,2025-04-06 09:09:52.826346,0 days 00:00:33.543337,0.637972506418852,0.10566339464297068,8,0.0811441494567669,0.08781098277009446,0.020728428111912233,0.005055201805834882,0.022904319166174157,0.013829923955654227,0.00042391087702977297,28,82,0.09392588830335756,0.1972035165546195,False,False,True,5.993519578471559e-07,COMPLETE
1862,0.4796568751335144,2025-04-06 09:09:53.417971,2025-04-06 09:10:26.288951,0 days 00:00:32.870980,0.7880759864349366,0.05553555928066746,8,0.04986457961211155,0.07563426706003772,0.012058137428259834,0.0782618404371615,0.026176631319356915,0.008193585565859146,0.0010261162368346123,27,78,0.09821953737478513,0.1502682887792503,False,False,True,3.0302768987150786e-06,COMPLETE
1863,0.48224897384643556,2025-04-06 09:10:26.906545,2025-04-06 09:10:59.057575,0 days 00:00:32.151030,0.6925583090804375,0.02383752538541095,8,0.0665988204743237,0.056981734867976225,0.025647296192844966,0.06519175300655922,0.017398022110452705,0.010007585919447268,0.0006125968059178259,26,73,0.09033288279383557,0.20966965976376195,False,False,True,8.31658377260367e-07,COMPLETE
1864,0.36075589060783386,2025-04-06 09:10:59.653420,2025-04-06 09:11:38.909096,0 days 00:00:39.255676,0.0212269452315757,0.08504916467713614,8,0.07318175065390835,0.0696018718166586,0.015823983999583922,0.054855347302285834,0.011421099589394766,0.06766271590901593,0.0007155911433332433,29,86,0.09587317287495148,0.18634063280074767,False,False,False,1.2432712038111207e-06,COMPLETE
1865,0.3546823263168335,2025-04-06 09:11:39.524457,2025-04-06 09:13:12.301909,0 days 00:01:32.777452,0.7198275184160459,0.606121181975509,2,0.06147557082024215,0.08098339603181072,0.017965881416512144,0.060888495243657664,0.020338834349171487,0.002972622080852054,0.0008642503095607189,28,90,0.09832864476909979,0.1938517581410532,False,False,True,6.944153274868027e-07,COMPLETE
1866,0.39874634146690374,2025-04-06 09:13:12.892095,2025-04-06 09:13:45.908063,0 days 00:00:33.015968,0.6552982007214977,0.13810039194573126,8,0.05397059361554186,0.04313017336260014,0.02208427850182867,0.014575783458934184,0.015287827872276139,0.018968205259280977,0.0005560922428340284,27,81,0.09256397307938168,0.17524556404980338,False,False,True,2.0396088483976013e-06,COMPLETE
1867,0.4873513340950012,2025-04-06 09:13:46.525268,2025-04-06 09:14:19.377670,0 days 00:00:32.852402,0.6798300061710536,0.06690537906908788,8,0.04392181198309007,0.06359542836456887,0.014242318198387033,0.06702538957997142,0.019024003365697727,0.013232491623818461,0.0013038444459045062,27,77,0.09521447886165643,0.1648510537326589,False,False,True,5.087339388186603e-07,COMPLETE
1868,0.34919298291206363,2025-04-06 09:14:20.000103,2025-04-06 09:14:51.915150,0 days 00:00:31.915047,0.6185379363621093,0.5214297757968706,8,0.08007118477808106,0.07654843329884281,0.023768707509572766,0.07204668989013191,0.029081851442230907,0.05125185330288623,0.0009414811651048397,26,70,0.09709850792857054,0.20353257629841573,False,False,True,9.515039073670414e-07,COMPLETE
1869,0.3692152738571167,2025-04-06 09:14:52.516893,2025-04-06 09:15:26.695419,0 days 00:00:34.178526,0.9780710481002919,0.03793236021424629,8,0.06653040847330972,0.06965745572036709,0.0201292845204018,0.0632813899880343,0.013734346545577335,0.0168107779755193,0.0006981666362418881,28,84,0.0942477147182899,0.18190737454110104,False,False,True,1.6101789366830898e-06,COMPLETE
1870,0.3915640652179718,2025-04-06 09:15:27.313450,2025-04-06 09:15:59.316226,0 days 00:00:32.002776,0.7064008235084974,0.10364698266631335,8,0.05754379708759922,0.059333529500017204,0.016728181919295086,0.08218631643442685,0.022995438837946105,0.012357222996981778,0.00048600951184440754,26,80,0.0999711534077019,0.21891805271014908,False,False,True,3.244022762778247e-07,COMPLETE
1871,0.47136104106903076,2025-04-06 09:15:59.914965,2025-04-06 09:16:32.587765,0 days 00:00:32.672800,0.7578027012112775,0.05288141940541381,8,0.07249745813555508,0.05138941302820264,0.012760453244026285,0.05927093052537737,0.01670398807954815,0.005947713420828988,0.0011091991108510538,27,75,0.09825298691504669,0.191613737657887,False,False,True,1.3519413683418424e-06,COMPLETE
1872,0.48827697038650514,2025-04-06 09:16:33.212265,2025-04-06 09:17:07.087542,0 days 00:00:33.875277,0.6646968054665928,0.08524174056064765,8,0.0627643623002426,0.07342163441124543,0.01887645988080327,0.061755022314479886,0.02133204589595296,0.014825782500370421,0.0008064409961824096,28,88,0.09670200486367207,0.19761147525675385,False,False,True,4.079396931400226e-06,COMPLETE
1873,0.28615721464157107,2025-04-06 09:17:07.685004,2025-04-06 09:17:41.070402,0 days 00:00:33.385398,0.7276030775501175,0.11860002780579348,8,0.051814166216057514,0.06470914934725515,0.010661857360052904,0.009173678361634144,0.018426718877972273,0.009892799330203976,0.0002821504061789304,27,93,0.09824579572797408,0.1693166209107809,False,True,True,7.51155818180449e-07,COMPLETE
1874,0.39632998704910277,2025-04-06 09:17:41.688452,2025-04-06 09:18:17.829789,0 days 00:00:36.141337,0.6902583060882134,0.8625715469904744,8,0.012155181934637237,0.08408751049402392,0.015122103701016737,0.05691782154880187,0.025500250073261663,0.016688769116328432,0.0006076220443317818,29,83,0.09535732191993933,0.18500276737255322,True,False,True,4.189317630610921e-07,COMPLETE
1875,0.3918103158473969,2025-04-06 09:18:18.460169,2025-04-06 09:18:37.827271,0 days 00:00:19.367102,0.6405390816605355,0.027227947945614686,8,0.067864924672682,0.06818127904305268,0.017143768347639646,0.007690557125930455,0.012138904941292735,0.01177190089371475,0.00039623106484852215,8,79,0.09264530861266426,0.17790005121552624,False,False,True,2.3857119505227043e-06,COMPLETE
1876,0.4017457127571106,2025-04-06 09:18:38.428455,2025-04-06 09:19:01.561575,0 days 00:00:23.133120,0.6591249115006609,0.06851531094838727,16,0.0582500102793754,0.05796085357487339,0.022684301121982088,0.041900020006906125,0.016430602804810294,0.008146930828674265,0.0009387505684294378,25,86,0.09647336761875018,0.20700478021751947,False,False,True,1.2203021690857636e-08,COMPLETE
1877,0.46609144210815434,2025-04-06 09:19:02.182621,2025-04-06 09:19:34.165403,0 days 00:00:31.982782,0.7091600600076057,0.04641191553653886,8,0.0453597473235436,0.07975146438849248,0.013250682554069259,0.01637048357605384,0.0212075642837818,0.02180631744779312,0.0007148493380175619,26,74,0.09997610096355836,0.20012968968701755,False,False,True,1.0149841985416688e-06,COMPLETE
1878,0.41226883530616765,2025-04-06 09:19:34.766032,2025-04-06 09:21:08.256217,0 days 00:01:33.490185,0.6793150283574317,0.09241503322743672,2,0.07693558070103591,0.07357774978556489,0.04855231565669101,0.05235642905590791,0.024058876110770476,0.015283384303919196,0.001298357558289112,28,82,0.09423927603487886,0.18966375504477623,False,False,True,5.512752125278627e-07,COMPLETE
1879,0.4287905216217041,2025-04-06 09:21:08.885400,2025-04-06 09:21:41.585516,0 days 00:00:32.700116,0.7387193030980259,0.06473634210765891,8,0.09527014627104005,0.06364710838901673,0.021208484793146933,0.06415753797124099,0.01908294668092948,0.004865366971215833,0.0008219702031985846,27,72,0.09999431737125501,0.1942230788149496,False,False,True,1.3698315958261654e-06,COMPLETE
1880,0.46376878619194034,2025-04-06 09:21:42.188696,2025-04-06 09:22:16.433300,0 days 00:00:34.244604,0.6235471047115306,0.04141931632475465,8,0.0633820360236329,0.09275299661022397,0.06439816067595357,0.012793216963798,0.01414675595514297,0.01875197031717264,0.0010554188576795231,29,77,0.09687403001361536,0.18287637546432403,False,False,True,1.8422437603839154e-06,COMPLETE
1881,0.49056203365325934,2025-04-06 09:22:17.059640,2025-04-06 09:22:49.835913,0 days 00:00:32.776273,0.697807248926636,0.07349250149826014,8,0.08799892700627877,0.0686580762299174,0.03698070823756768,0.07516147934984788,0.009799499538445063,0.009777229144089596,0.0005289630200946673,27,80,0.09818040277609753,0.21161962650073246,False,False,True,7.467950153386208e-07,COMPLETE
1882,0.45997533202171326,2025-04-06 09:22:50.442495,2025-04-06 09:23:14.370743,0 days 00:00:23.928248,0.5947516053722668,0.09691792508759722,8,0.03895933564096738,0.054186382865036395,0.026976773463915436,0.06846930668111582,0.015803472766022623,0.012898362943057972,0.000651941555604124,14,90,0.0952497030565028,0.1732942172255333,False,False,True,3.065454332816783e-06,COMPLETE
1883,0.3667699933052063,2025-04-06 09:23:14.995361,2025-04-06 09:23:52.679672,0 days 00:00:37.684311,0.6511459576450134,0.02823520842705382,8,0.04988238995819861,0.07404419741563738,0.018223982611589997,0.059852255329773625,0.0198314178897856,0.006858148226744127,0.0015095449191873068,28,83,0.09041853569534594,0.15459381534328875,False,False,False,1.0895297649858075e-06,COMPLETE
1884,0.4632221817970276,2025-04-06 09:23:53.284331,2025-04-06 09:24:25.573060,0 days 00:00:32.288729,0.6728115701982558,0.05880801229846826,8,0.07162528202099165,0.06139370740372784,0.015254533114631225,0.0659919095158366,0.052961936094497494,0.019755612306896958,0.0008841993462831514,26,76,0.09709565169527153,0.2043557228420335,False,False,True,3.8490094493431154e-07,COMPLETE
1885,0.38969742059707646,2025-04-06 09:24:26.211616,2025-04-06 09:24:59.473110,0 days 00:00:33.261494,0.7205675063274691,0.4040277404479572,8,0.055214948674086495,0.08149838572768726,0.011129938045184749,0.06212445903648333,0.02742848178946422,0.0025056324055939593,0.0004782624114711968,27,87,0.093740333630231,0.18849029202881096,False,False,True,6.099980241606212e-07,COMPLETE
1886,0.4892887592315674,2025-04-06 09:25:00.077975,2025-04-06 09:25:33.276315,0 days 00:00:33.198340,0.6850005033084317,0.07997920810052626,8,0.06136630334055239,0.05001723685521776,0.01936641019098305,0.05859319012934634,0.022338706938479804,0.017609062310361245,0.0007523071252111723,28,70,0.09779207490138385,0.1963216487995846,False,False,True,2.6987683195891597e-07,COMPLETE
1887,0.38159570097923284,2025-04-06 09:25:33.904218,2025-04-06 09:26:08.897204,0 days 00:00:34.992986,0.7676191606613222,0.12038266792690902,8,0.06901275506448705,0.06589863989245365,0.024718760892730597,0.054946266619645995,0.017438019863303317,0.014487591607471989,0.0006002043653840695,30,79,0.09550532701862763,0.16125004499007722,False,False,True,8.935949168070924e-07,COMPLETE
1888,0.35582205653190613,2025-04-06 09:26:09.502410,2025-04-06 09:26:41.306801,0 days 00:00:31.804391,0.6410304464133023,0.010900731185221404,8,0.05477746361402261,0.07774262901758455,0.016479855522831318,0.002810437628260353,0.012952744043617997,0.011279299411178315,0.0011149582214394153,26,66,0.09186160044008858,0.17890830809444805,False,False,True,2.3707112311538883e-06,COMPLETE
1889,0.44986709952354437,2025-04-06 09:26:41.904131,2025-04-06 09:27:15.569072,0 days 00:00:33.664941,0.7026715220134037,0.050181524390564045,8,0.06268832909259164,0.08795665022832598,0.01351947363375441,0.06363126572679036,0.01995983518983709,0.008729409175769956,0.0009509769173860743,28,85,0.09772005716694457,0.20006779959191123,False,False,True,1.6731036032291726e-06,COMPLETE
1890,0.4669866859912873,2025-04-06 09:27:16.192002,2025-04-06 09:27:48.943283,0 days 00:00:32.751281,0.6642904804045422,0.10228940891178806,8,0.07803311452208592,0.058408786194303876,0.019692361154257466,0.06522212902816119,0.017604647685365255,0.016821110608676963,0.0006601214723746005,27,81,0.09841063073387667,0.18550716184265123,False,False,True,5.124823830261175e-07,COMPLETE
1891,0.39806066751480107,2025-04-06 09:27:49.573357,2025-04-06 09:28:22.047484,0 days 00:00:32.474127,0.7448659671927502,0.07988654374223224,8,0.050176278504057883,0.07133684433946876,0.022295404128336926,0.06136013918962907,0.024101737133900746,0.014743134917135328,0.0003966819043928178,27,76,0.048586874776564204,0.16721642402701228,False,False,True,1.181394802883749e-06,COMPLETE
1892,0.3704215884208679,2025-04-06 09:28:22.665327,2025-04-06 09:29:47.945205,0 days 00:01:25.279878,0.7249459607947691,0.041417119717557425,2,0.07192924760804179,0.064101215940509,0.01709581955692417,0.05681267906876768,0.01449266123112418,0.025128859850263252,0.0007635292925157902,25,73,0.09548970732292801,0.1920247647033442,False,False,True,7.120553281626874e-07,COMPLETE
1893,0.2649043619632721,2025-04-06 09:29:48.569702,2025-04-06 09:30:25.135501,0 days 00:00:36.565799,0.8260899197630902,0.06075439642778991,8,0.05791381551794879,0.07048335715213537,0.014693692995237895,0.010301582004637171,0.029395015161624623,0.011587177457448711,0.0012820783749235246,29,84,0.09332487351840443,0.20533833415774938,True,True,True,9.437103391073327e-07,COMPLETE
1894,0.39960463047027595,2025-04-06 09:30:25.737490,2025-04-06 09:30:59.669108,0 days 00:00:33.931618,0.6264542296379624,0.028997376487415502,8,0.06514564416197807,0.05579397479587093,0.00999819800054919,0.01191060534752644,0.02212867034635391,0.00589472052275207,0.0005234746946391973,28,78,0.03486702583466097,0.17442228942444718,False,False,True,1.4393559474891763e-06,COMPLETE
1895,0.47437627911567687,2025-04-06 09:31:00.291031,2025-04-06 09:31:33.004273,0 days 00:00:32.713242,0.6898681694071572,0.08211396395656535,8,0.04386710367958245,0.07820520180766619,0.021424855349074148,0.06769956735219718,0.01564786052392415,0.02077161667839913,0.0009686075110128028,26,92,0.0999259851974302,0.14405773158110274,False,False,True,6.192610526885768e-07,COMPLETE
1896,0.36467220783233645,2025-04-06 09:31:33.635669,2025-04-06 09:32:06.672066,0 days 00:00:33.036397,0.6628971287798273,0.31407581562244324,8,0.05836033626828066,0.04396408946111816,0.060252804281279125,0.06026894358901728,0.026322610577971937,0.0917405685369357,0.001984584643831535,27,88,0.09654245602108592,0.18134718192572324,False,False,True,2.0099332854850123e-06,COMPLETE
1897,0.4672006487846375,2025-04-06 09:32:07.277116,2025-04-06 09:32:28.726405,0 days 00:00:21.449289,0.7106283280292662,0.10261548146367215,8,0.06714090229861483,0.06270161712921087,0.011865373004933703,0.053242958968776836,0.020060784716932397,0.01290572300990152,0.0007981162867629664,11,81,0.09995737567805821,0.19735198627679654,False,False,True,4.174223216378536e-07,COMPLETE
1898,0.3929638803005219,2025-04-06 09:32:29.351757,2025-04-06 09:32:53.629720,0 days 00:00:24.277963,0.6796499317102334,0.06558457332059525,16,0.04972140128366789,0.06925195475451593,0.018845385771989114,0.0056693739202771515,0.011586792365895871,0.009146339461291564,0.0006110060741709791,28,74,0.09811808966848674,0.189521924401502,False,False,True,3.1535189231165794e-06,COMPLETE
1899,0.38307822942733766,2025-04-06 09:32:54.234097,2025-04-06 09:33:26.734654,0 days 00:00:32.500557,0.6482240908327973,0.12332713862711797,8,0.0341329109424571,0.08356533572316806,0.01571802395704922,0.05782846023300595,0.018435361200001766,0.017870377959936047,0.0011730003542539246,27,69,0.09431762680214541,0.2130985088811638,False,False,True,8.542869693302518e-07,COMPLETE
1900,0.3910034418106079,2025-04-06 09:33:27.361313,2025-04-06 09:34:01.804093,0 days 00:00:34.442780,0.6043440632231417,0.04537393833953801,8,0.08317450019073111,0.07449394959501324,0.04520483394488704,0.07023812608388041,0.016543170411010492,0.004685919801427074,0.04928258665721247,29,78,0.09640045527021691,0.18540057924456532,False,False,True,2.116612859760614e-07,COMPLETE
1901,0.353463625907898,2025-04-06 09:34:02.435260,2025-04-06 09:34:38.990045,0 days 00:00:36.554785,0.7035912688966197,0.0880273989600355,8,0.2894721838492156,0.058539744157072165,0.024300813378779672,0.06300348854133542,0.02257727019153529,0.015522112487400827,0.0009127290826685074,26,84,0.09817237070200766,0.20215236271458692,False,False,False,1.315037128974729e-06,COMPLETE
1902,0.4943584680557251,2025-04-06 09:34:39.600926,2025-04-06 09:35:12.562845,0 days 00:00:32.961919,0.6731563668121557,0.06322407982147257,8,0.07341798297294816,0.06645054365547282,0.01443169571649514,0.06496380459295695,0.013428626208852823,0.007677839272543951,0.0007138462915962843,27,81,0.09636002831457267,0.19226453535128035,False,False,True,2.49277442632815e-06,COMPLETE
1903,0.4051940143108368,2025-04-06 09:35:13.187253,2025-04-06 09:36:40.156129,0 days 00:01:26.968876,0.3807973340597902,0.027936473664117768,2,0.08232710402435989,0.051651583164934345,0.013261909871012773,0.06676122208154948,0.009763922905710102,0.006002635888432407,0.001081705169759003,26,88,0.09009323018013583,0.2102590643132028,False,False,True,3.638307435373008e-06,COMPLETE
1904,0.4879115343093873,2025-04-06 09:36:40.762281,2025-04-06 09:37:14.672116,0 days 00:00:33.909835,0.6343516551563869,0.055395523966335555,8,0.07642352425488382,0.055611026703151184,0.012107533371569246,0.06777620941089736,0.01203014390257883,0.007647474199144161,0.0008163456105028064,28,86,0.09371982569102373,0.1965111398342953,False,False,True,2.573390522426587e-06,COMPLETE
1905,0.41317381262779235,2025-04-06 09:37:15.296481,2025-04-06 09:37:48.246523,0 days 00:00:32.950042,0.6158364672295145,0.14504493659751527,8,0.0844013148603768,0.04572307074132772,0.013685013427964252,0.06819964368704642,0.01070784316182356,0.003127956252933825,0.0014739438028622445,27,83,0.09195690606742758,0.20547128137232334,False,False,True,3.575188895412943e-06,COMPLETE
1906,0.4865740299224854,2025-04-06 09:37:48.878328,2025-04-06 09:38:21.240814,0 days 00:00:32.362486,0.6553795192945413,0.07316406938997988,8,0.08607574018824081,0.06001840872880101,0.012393398278382857,0.07102548864004649,0.009021307015999323,0.00743191994718816,0.0007282358990487425,26,90,0.091849818036523,0.21866443398163962,False,False,True,2.550706344820528e-06,COMPLETE
