number,value,datetime_start,datetime_complete,duration,params_alpha-eval,params_alpha-train,params_batch-size,params_eps-eval,params_eps-train,params_lambda-actions-eval,params_lambda-actions-train,params_lambda-frames-eval,params_lambda-frames-train,params_learning-rate,params_n-epochs,params_n-frames,params_radius-gw,params_rho,params_std-feats,params_ub-actions,params_ub-frames,params_weight-decay,state
169,0.4587376236915589,2025-04-05 16:24:26.994291,2025-04-05 16:25:00.741438,0 days 00:00:33.747147,0.4157097714209208,0.22448871189652914,8,0.018305866155829586,0.04230345679720485,0.08629859772299911,0.08888904602597178,0.02885729137787807,0.041728684040753396,0.0008437075958189101,27,136,0.09607211786733952,0.28308029501909526,False,False,True,0.000740766492927188,COMPLETE
170,0.46728394627571107,2025-04-05 16:25:00.796716,2025-04-05 16:26:31.421114,0 days 00:01:30.624398,0.412484087006148,0.21299461830199015,2,0.019169202375493324,0.04117743741560028,0.08631200247289579,0.0956690274116582,0.029913016955284328,0.041297966789534096,0.000767698240355915,27,136,0.0960291549925776,0.2998850487231977,False,False,True,0.00017089136633593018,COMPLETE
171,0.4346943259239197,2025-04-05 16:26:31.475778,2025-04-05 16:27:05.394261,0 days 00:00:33.918483,0.41774077552318506,0.22953581163551973,8,0.022501568056409398,0.04167410835953905,0.0858281094549103,0.09617727424910086,0.029127540715731287,0.04210698944941892,0.000744253323072428,27,137,0.09550367342550457,0.2958062570242651,False,False,True,0.00015854768388038511,COMPLETE
172,0.431283700466156,2025-04-05 16:27:05.449654,2025-04-05 16:27:40.850620,0 days 00:00:35.400966,0.44518263881437253,0.21610630935366484,8,0.008815756203379344,0.031995403722976795,0.08360162579463033,0.09211068694200876,0.03147735386666367,0.049372807491292504,0.0035260825182468632,29,142,0.09819053777165487,0.2997267107886855,False,False,True,0.0007588165424447565,COMPLETE
173,0.466765969991684,2025-04-05 16:27:40.906971,2025-04-05 16:28:15.488746,0 days 00:00:34.581775,0.5013425257512868,0.28215090054352127,8,0.01722892360566714,0.04023787445128624,0.07986680028916808,0.09516315964265544,0.026355165666306905,0.044626041873653224,0.0008490601077020945,27,147,0.08966268913109214,0.2896498963973704,False,False,True,0.0005436185007267347,COMPLETE
174,0.4833375036716462,2025-04-05 16:28:15.545130,2025-04-05 16:28:49.788168,0 days 00:00:34.243038,0.5372668837435368,0.2806225385703468,8,0.01905119621242516,0.03967083398467387,0.07990556929418069,0.09830766285106171,0.01817439212245909,0.044741591531769355,0.000862751399806755,27,136,0.0962248525749165,0.28787631969778205,False,False,True,0.0005010258652173471,COMPLETE
175,0.4814675867557526,2025-04-05 16:28:49.853305,2025-04-05 16:29:23.542957,0 days 00:00:33.689652,0.5499887239247588,0.27264223833460166,8,0.028947989119249506,0.04093456870593723,0.07951502548948496,0.09816139877557582,0.018606194497719372,0.044252739981302136,0.0008896369377613808,27,136,0.09645983308094572,0.2807763431411845,False,False,True,0.000498880846284181,COMPLETE
176,0.47959167361259464,2025-04-05 16:29:23.599527,2025-04-05 16:29:57.343894,0 days 00:00:33.744367,0.553456312053591,0.2735111647670465,8,0.01656583997879845,0.03881747468741419,0.08126322616250495,0.09860363748801973,0.020051874768579822,0.04441703568309601,0.0008664103588072135,27,136,0.09641374210961685,0.27885453279923506,False,False,True,0.0005163661735786397,COMPLETE
177,0.48008583188056947,2025-04-05 16:29:57.399854,2025-04-05 16:30:31.271496,0 days 00:00:33.871642,0.5543052015302493,0.2745593206232713,8,0.015723181984803963,0.03693369418266549,0.08135069597315563,0.09770831002439159,0.018584035632884258,0.044290803698076225,0.0008495886262047114,27,136,0.09768866850738,0.27872453277434234,False,False,True,0.0004932529479753163,COMPLETE
178,0.46730741858482366,2025-04-05 16:30:31.328312,2025-04-05 16:31:07.037395,0 days 00:00:35.709083,0.5869213520165092,0.2770624978739558,8,0.029788389059345582,0.03795834958881193,0.0813231573321162,0.09903381305019002,0.0192483861072149,0.04463961079757339,0.0007939547557943264,29,129,0.09684734977332106,0.27655179082140513,False,False,True,0.0005053926550757548,COMPLETE
179,0.48115135431289674,2025-04-05 16:31:07.093851,2025-04-05 16:31:42.176978,0 days 00:00:35.083127,0.5462491590753341,0.27589821091570527,8,0.029188466212917506,0.038060427081688636,0.08114685820850187,0.0996763983949675,0.01759892955123576,0.039561388438164265,0.0008228155493746708,29,128,0.09752073558402125,0.2781265617124186,False,False,True,0.0005131131177441731,COMPLETE
180,0.4827623665332795,2025-04-05 16:31:42.235906,2025-04-05 16:32:17.434572,0 days 00:00:35.198666,0.5634041155618417,0.2712047996286099,8,0.028702311156813338,0.037793331425197654,0.08212383620019598,0.09957080326097045,0.017332766793791452,0.03921172643371678,0.0008732183561331412,29,128,0.09978766607989427,0.27669724600635554,False,False,True,0.0004799270492378144,COMPLETE
181,0.4824701964855195,2025-04-05 16:32:17.492389,2025-04-05 16:32:52.707489,0 days 00:00:35.215100,0.5841957761930195,0.27078042008154946,8,0.028967431663197336,0.03756511545930011,0.08129380048986078,0.09886351085103368,0.01750812947575214,0.038935187739989045,0.0008100724239947051,29,130,0.0975253388069478,0.27855411130235896,False,False,True,0.0002049860862372569,COMPLETE
182,0.48262334465980533,2025-04-05 16:32:52.766208,2025-04-05 16:33:28.880243,0 days 00:00:36.114035,0.588529761482151,0.26482031725078325,8,0.028291330897624603,0.03761946875503167,0.08173086545888311,0.09959652870061612,0.019181699177026255,0.044329135538004646,0.0008153268033079199,30,128,0.09939899273195202,0.27693225197421617,False,False,True,0.00019874459482106257,COMPLETE
183,0.47728177309036257,2025-04-05 16:33:28.938374,2025-04-05 16:34:04.854673,0 days 00:00:35.916299,0.58625151202623,0.2558807325296525,8,0.03046930214587368,0.03738805508516571,0.08186751763247133,0.09936100933669548,0.018154144443317304,0.04039352791655107,0.0013749562977587821,30,129,0.09971357006852977,0.2769004228326646,False,False,True,0.00014862438234162205,COMPLETE
184,0.43146491646766666,2025-04-05 16:34:04.922904,2025-04-05 16:34:41.131724,0 days 00:00:36.208820,0.5869196896415554,0.24891999349887717,8,0.02860499293487524,0.028811592477050195,0.08198515702686959,0.09992381812124439,0.01800687014713569,0.04051273912786039,0.0014218401729309837,30,128,0.09968444570111921,0.275777733051789,False,False,True,0.00018134066607690847,COMPLETE
185,0.47877228856086734,2025-04-05 16:34:41.190212,2025-04-05 16:35:16.154777,0 days 00:00:34.964565,0.560372381740936,0.2629904266157905,8,0.03203047268583305,0.036797838459417156,0.08100215974730506,0.09873467819905891,0.01644285536716426,0.04285258099230738,0.0004637348462982843,29,124,0.09737986600616727,0.2776246341940024,False,False,True,0.00011499742666785642,COMPLETE
186,0.4257168054580689,2025-04-05 16:35:16.214292,2025-04-05 16:35:52.443480,0 days 00:00:36.229188,0.5606233863819515,0.2568077339199394,8,0.02732306950353456,0.03313287423983895,0.08051732827732871,0.09846368908601674,0.016747398537214683,0.04344675769422639,0.0003681059446696514,30,122,0.09775179315900664,0.2765798099428075,False,False,True,0.00012289762727533263,COMPLETE
187,0.4660501778125763,2025-04-05 16:35:52.504534,2025-04-05 16:36:28.028841,0 days 00:00:35.524307,0.634972908803044,0.2720913441235185,8,0.03170629311509079,0.036237015230279127,0.08300064499758208,0.09974721419818605,0.01933430511887865,0.03890966315859555,0.00045038324268486586,29,127,0.09954208908129146,0.2794328542415889,False,False,True,7.485896511863701e-05,COMPLETE
188,0.38825514912605286,2025-04-05 16:36:28.089461,2025-04-05 16:37:03.667138,0 days 00:00:35.577677,0.5355782820391555,0.26055299307519464,8,0.03727460822934858,0.0606907879262832,0.08100963700919026,0.09778980435126916,0.020307669361952028,0.043806863185604304,0.00047045169345953636,29,124,0.09744953447929028,0.2752183922306759,False,True,True,0.00036945866250348813,COMPLETE
189,0.48343051075935367,2025-04-05 16:37:03.728576,2025-04-05 16:37:38.887791,0 days 00:00:35.159215,0.5910884687737722,0.24019441540515601,8,0.029950522076359492,0.026052324076634714,0.07872888884853084,0.09746440455711637,0.016961480763738972,0.03704328412414043,0.0008648048086729653,29,128,0.09679335246148943,0.2813461827967253,False,False,True,0.00023652529604835412,COMPLETE
190,0.4825238943099976,2025-04-05 16:37:38.949041,2025-04-05 16:38:14.927050,0 days 00:00:35.978009,0.6049720886929889,0.1772981592888342,8,0.04109774585471154,0.02603133942049265,0.07782055332778619,0.09758767985332523,0.016144168319472258,0.04004415299935256,0.0012934717144236323,30,125,0.09984195148218522,0.2823105528395846,False,False,True,0.00033057473815235265,COMPLETE
191,0.4821402490139008,2025-04-05 16:38:14.987616,2025-04-05 16:38:50.718702,0 days 00:00:35.731086,0.5498054323913364,0.16860113770519047,8,0.03925068361651342,0.027259462963562388,0.07817851089927565,0.0976768475249542,0.016045714867450336,0.0368332982523028,0.0012202074669524035,30,125,0.09976764480554647,0.27979521338783947,False,False,True,0.0002465620222544648,COMPLETE
192,0.4804329812526703,2025-04-05 16:38:50.788587,2025-04-05 16:39:27.170103,0 days 00:00:36.381516,0.6066022681480837,0.16642360084100338,8,0.04096141874671577,0.024937443433382667,0.08393241555477825,0.09789648846828455,0.01662330133500571,0.03653445366610829,0.0012965077455207507,30,130,0.09994619621277158,0.2833034332954629,False,False,True,0.0002368947194317478,COMPLETE
193,0.4772016823291779,2025-04-05 16:39:27.231263,2025-04-05 16:40:03.273304,0 days 00:00:36.042041,0.6079565636808835,0.1781873294754466,8,0.042773629916625734,0.02600594022712822,0.07782608285864942,0.09778294642757775,0.016272359243161744,0.036911399982874585,0.0012839092554994013,30,124,0.09790352304950199,0.27201935253142473,False,False,True,0.0002581793580013381,COMPLETE
194,0.48294893503189085,2025-04-05 16:40:03.334956,2025-04-05 16:40:39.328245,0 days 00:00:35.993289,0.6125638506236014,0.12888282933158252,8,0.04166199362854772,0.027426899663404957,0.07816003775794755,0.0977711378538667,0.016545558227142872,0.03692147049496431,0.0013318534624258242,30,125,0.09998694019655165,0.26429139732937096,False,False,True,0.000236185607484956,COMPLETE
195,0.48139692544937135,2025-04-05 16:40:39.390953,2025-04-05 16:41:15.249815,0 days 00:00:35.858862,0.6065840511552512,0.12247998696367658,8,0.042065017286658034,0.02440706011786036,0.0777983294320333,0.09777216682171776,0.01659407993663763,0.036548838225007665,0.0012814124660122765,30,125,0.09990592375687385,0.264755255026729,False,False,True,0.00024735646857104005,COMPLETE
196,0.48273597359657294,2025-04-05 16:41:15.311812,2025-04-05 16:41:51.015885,0 days 00:00:35.704073,0.6103475435823909,0.12123817955293176,8,0.04346812040591708,0.023462316820501698,0.07826431642546174,0.09795783790822346,0.016051973400979327,0.03646518863393184,0.0013201708678962855,30,125,0.09995392544819072,0.270263092322162,False,False,True,0.0002244963097530392,COMPLETE
197,0.48196122050285345,2025-04-05 16:41:51.078170,2025-04-05 16:42:26.691644,0 days 00:00:35.613474,0.6132149326814459,0.1338637024597334,8,0.04299387531607732,0.02507260024059023,0.07769580490684927,0.09802637848598755,0.016781806621587344,0.037058611680169815,0.0012997920338152895,30,125,0.09788361298560916,0.26315939952886025,False,False,True,0.0002404680987483413,COMPLETE
198,0.48139389753341677,2025-04-05 16:42:26.754119,2025-04-05 16:43:02.529588,0 days 00:00:35.775469,0.6102371131423718,0.12670197184696397,8,0.044322962284583135,0.023513794590165157,0.07775295289842461,0.09991584355892613,0.016239710949448757,0.03608253614748442,0.0012684290693163308,30,125,0.09992333468097885,0.2605359433865831,False,False,True,0.0002423123399340583,COMPLETE
199,0.4812434315681458,2025-04-05 16:43:02.593558,2025-04-05 16:43:38.709344,0 days 00:00:36.115786,0.6110858022118918,0.11176009188381308,8,0.06116446330128613,0.022580356233502553,0.07742653101027333,0.09970963323538468,0.01640706898587471,0.036238296944319966,0.0012889028180756508,30,123,0.09973618863134304,0.26526669861581786,False,False,True,0.00022222051904062222,COMPLETE
200,0.4846465826034546,2025-04-05 16:43:38.781836,2025-04-05 16:44:14.689859,0 days 00:00:35.908023,0.6301747966442602,0.1249667900142131,8,0.04782281542022363,0.01982399889380276,0.07605444844923287,0.09985543863165107,0.014149742035469405,0.035379552789993406,0.002059850260038869,30,121,0.09984462787056166,0.26511156273114456,False,False,True,0.00021863329128622445,COMPLETE
201,0.4103171050548554,2025-04-05 16:44:14.753739,2025-04-05 16:44:50.608268,0 days 00:00:35.854529,0.6335745176590996,0.13479464158669455,8,0.04724418019260861,0.021606610110042737,0.07536694138811809,0.09978675684202429,0.01658911204738527,0.03514503598512886,0.0019293505650658262,30,121,0.09978238003522508,0.2631759893471705,False,False,True,0.00020822571488629424,COMPLETE
202,0.4762493848800659,2025-04-05 16:44:50.672620,2025-04-05 16:45:27.162979,0 days 00:00:36.490359,0.5710651200635796,0.1081832731268664,8,0.06660903684768188,0.025625326229474235,0.07635352383987502,0.09818504170302592,0.013477847003803374,0.03653201280804462,0.0015066646291110116,30,125,0.09787313123756447,0.2603862287455513,False,False,True,0.00010943093953950535,COMPLETE
203,0.4816347241401673,2025-04-05 16:45:27.228829,2025-04-05 16:46:03.658529,0 days 00:00:36.429700,0.5989664402140619,0.07377951032422211,8,0.05421918040823159,0.02010660189071777,0.07774016052126606,0.09968004639840766,0.015398095482801995,0.03409369805154933,0.00122583788629041,30,129,0.09977588928912597,0.26598560362068807,False,False,True,0.0001413565607559845,COMPLETE
204,0.47871595025062563,2025-04-05 16:46:03.722889,2025-04-05 16:46:38.549975,0 days 00:00:34.827086,0.5483894786308453,0.06372076437217666,8,0.05704679239482123,0.019717532939514164,0.07035995542881161,0.09996902867267309,0.014676501854277003,0.03418517494201452,0.0011008309334383896,29,126,0.09723672693222424,0.2522240401376558,False,False,True,0.0002887980358316512,COMPLETE
205,0.48187164664268495,2025-04-05 16:46:38.614338,2025-04-05 16:47:14.518300,0 days 00:00:35.903962,0.6516457052841905,0.11544105438100932,8,0.042820777049989704,0.019189985362051527,0.07772397588573834,0.09771339281803999,0.01612415930437303,0.03716819694929238,0.0015961359107430763,30,118,0.09800994117458817,0.2626560202149652,False,False,True,0.00021546051859013375,COMPLETE
206,0.4235651433467865,2025-04-05 16:47:14.584016,2025-04-05 16:47:50.436720,0 days 00:00:35.852704,0.6174423427584983,0.1228773099838068,8,0.059985279936008856,0.022323929586814572,0.07278151683956731,0.09704391823635644,0.010853466872060576,0.03680239718380295,0.0020190425546067876,30,119,0.09976099074374574,0.26488226953834804,False,False,True,0.00021555736542010776,COMPLETE
207,0.4810801446437836,2025-04-05 16:47:50.503610,2025-04-05 16:48:26.282753,0 days 00:00:35.779143,0.6569529832333117,0.15869043138218733,8,0.050848700597636895,0.018344407704636686,0.07509566296941173,0.09736981385341051,0.01376615147934578,0.03478366913236556,0.0015280237114828257,30,129,0.09597542338600153,0.25817118998179633,False,False,True,0.00023705421175810757,COMPLETE
208,0.3695948004722595,2025-04-05 16:48:26.357649,2025-04-05 16:49:06.840891,0 days 00:00:40.483242,0.6602026415447431,0.08054644309812603,8,0.05204762975938641,0.01785691459075358,0.07798396694839019,0.09677975027302214,0.013735673330535776,0.03391728622513725,0.0016499148097328573,30,130,0.09840570177358267,0.2575259573060566,False,False,False,0.0002640861176222129,COMPLETE
209,0.48239068984985356,2025-04-05 16:49:06.906718,2025-04-05 16:49:42.637268,0 days 00:00:35.730550,0.649604335553556,0.11236357600556882,8,0.042914887190620685,0.027131382212851614,0.07420374732663922,0.09699050284183963,0.015295388221776193,0.03797607680572035,0.0012300037753195762,30,117,0.0960380128191591,0.2476138744888758,False,False,True,0.000202030334877439,COMPLETE
210,0.3884663283824921,2025-04-05 16:49:42.702765,2025-04-05 16:50:18.327069,0 days 00:00:35.624304,0.6447552116468259,0.1555632661496245,8,0.061474261869481836,0.025839142324180213,0.07398724027880131,0.0998134694167339,0.015726837191113386,0.0378875142390324,0.0030851121975140256,30,121,0.09611233822305335,0.24721827431807938,False,False,True,0.00020476469968976768,COMPLETE
211,0.48299989700317386,2025-04-05 16:50:18.393608,2025-04-05 16:50:53.170227,0 days 00:00:34.776619,0.6010041729201989,0.04244554373905829,8,0.04260319675177058,0.019017246599245363,0.07560779596324615,0.09708310542204233,0.0178207995053277,0.037642184243738205,0.0011938328417154516,29,117,0.09997487147495253,0.2661959355462818,False,False,True,0.00015209110897319793,COMPLETE
212,0.4829541087150574,2025-04-05 16:50:53.237114,2025-04-05 16:51:28.051414,0 days 00:00:34.814300,0.6853077778809341,0.10468737969894235,8,0.04475365572532287,0.019632736272150317,0.07526522511652095,0.09686859672834326,0.013347521162451813,0.03543234467219343,0.0011952254392402176,29,117,0.09980365986224059,0.2597751005129037,False,False,True,0.0001472360131049527,COMPLETE
213,0.4832499980926514,2025-04-05 16:51:28.119082,2025-04-05 16:52:02.972226,0 days 00:00:34.853144,0.6012113995287941,0.10408154338982463,8,0.0455716475992996,0.02271579145150292,0.0754990830154588,0.09714242844774854,0.013296436156242273,0.0355621120355465,0.001609336144204804,29,118,0.09603754453730162,0.2574215094588214,False,False,True,0.0001325546050457639,COMPLETE
214,0.4835089683532715,2025-04-05 16:52:03.039750,2025-04-05 16:52:37.914660,0 days 00:00:34.874910,0.6900015021555841,0.06016511505261007,8,0.04363246614054682,0.01793479492646104,0.07731238269397883,0.09995474197258612,0.008634989038137635,0.03821435715013218,0.0011252076301238884,29,116,0.09999445219070165,0.24741485989961168,False,False,True,8.206169411702812e-05,COMPLETE
215,0.40286834239959723,2025-04-05 16:52:37.991651,2025-04-05 16:53:12.980911,0 days 00:00:34.989260,0.6906463338414617,0.018084235127342717,8,0.044066939630632934,0.021245117759255208,0.06828069396319272,0.09642479309708474,0.007503987733984056,0.03336112386875704,0.0025357580037553467,29,120,0.09974334454394837,0.2491065740476891,False,False,True,7.734457200084907e-05,COMPLETE
216,0.48374432921409605,2025-04-05 16:53:13.049440,2025-04-05 16:53:47.366481,0 days 00:00:34.317041,0.6011124038389367,0.054430615515170644,8,0.04598090991753512,0.017601479256676093,0.0770966297690776,0.09706966717397668,0.010361566588720287,0.03752998461794639,0.0012151847467684503,28,117,0.09999059741608145,0.2656656534434184,False,False,True,0.00014278345844921387,COMPLETE
217,0.4836184859275818,2025-04-05 16:53:47.435351,2025-04-05 16:54:21.511116,0 days 00:00:34.075765,0.7051632840173065,0.03975312099430444,8,0.04522105095130203,0.02820789122583924,0.07583619113067887,0.096548846195488,0.012089772019684485,0.03814990886279498,0.0011107015239180617,28,116,0.09578638535073868,0.24302433293337677,False,False,True,0.00013684357350295304,COMPLETE
218,0.48260086178779604,2025-04-05 16:54:21.579880,2025-04-05 16:54:56.051445,0 days 00:00:34.471565,0.6970169915376948,0.044950163004493664,8,0.05147427060092032,0.015380300095150462,0.07341018995678046,0.09654136614586631,0.010507545844210292,0.038038591704089644,0.0011009689714250662,28,116,0.09550418803601532,0.2545147165407742,False,False,True,0.00013582607918605913,COMPLETE
219,0.48288574814796453,2025-04-05 16:54:56.120394,2025-04-05 16:55:30.216067,0 days 00:00:34.095673,0.7071382782119043,0.047552499217457904,8,0.05133684379598916,0.015110886513017946,0.071961345132733,0.0963982682950687,0.010570666042783939,0.038343777394640864,0.0010460622537389265,28,116,0.09561843484710564,0.24172393607061274,False,False,True,0.000140368843313527,COMPLETE
220,0.4830364227294922,2025-04-05 16:55:30.284835,2025-04-05 16:56:04.552777,0 days 00:00:34.267942,0.7052508486857064,0.04905859696931407,8,0.052039291516064394,0.015638778453690654,0.0720597130310829,0.09613802009364125,0.00931215534434593,0.038440518439964586,0.0016893031503197405,28,117,0.09551764251556386,0.24264071212576907,False,False,True,0.00012909063142629935,COMPLETE
221,0.4820595562458039,2025-04-05 16:56:04.622263,2025-04-05 16:56:38.775437,0 days 00:00:34.153174,0.7122781698291235,0.045997151522848945,8,0.05250544850654019,0.015842230305756648,0.07264507118137781,0.09649139342501797,0.009002976692824727,0.03881353804204256,0.0018129251288071938,28,116,0.0960927866788971,0.24249194947508698,False,False,True,0.00013127414573899646,COMPLETE
222,0.4776897192001343,2025-04-05 16:56:38.854639,2025-04-05 16:57:13.207210,0 days 00:00:34.352571,0.7128163110049455,0.04700486989954841,8,0.04902364342177918,0.015275713923377328,0.06951640783256627,0.0969466111853775,0.0100705951821417,0.03825483295888876,0.0018430382754858103,28,116,0.09535790209879678,0.23422279156750997,False,False,True,9.552477807104229e-05,COMPLETE
223,0.4862808585166931,2025-04-05 16:57:13.279147,2025-04-05 16:57:47.507897,0 days 00:00:34.228750,0.7429336873876954,0.03599108768364799,8,0.048211723013790224,0.016576678373439558,0.07217856046031347,0.09612430014230006,0.009791984246913831,0.038829190851996445,0.0016151097926531315,28,117,0.09544027949886459,0.24204493724246415,False,False,True,4.336633355111629e-05,COMPLETE
224,0.48155031204223636,2025-04-05 16:57:47.577786,2025-04-05 16:58:21.849699,0 days 00:00:34.271913,0.7290292418421428,0.04337487731028781,8,0.05495278646354977,0.014580818669022501,0.07140257457857453,0.09617208921811676,0.007848313235710738,0.03893505087020112,0.0010650344025979596,28,117,0.0951409319555261,0.23667627031342017,False,False,True,3.6734136127689807e-05,COMPLETE
