number,value,datetime_start,datetime_complete,duration,params_alpha-eval,params_alpha-train,params_batch-size,params_eps-eval,params_eps-train,params_lambda-actions-eval,params_lambda-actions-train,params_lambda-frames-eval,params_lambda-frames-train,params_learning-rate,params_n-epochs,params_n-frames,params_radius-gw,params_rho,params_std-feats,params_ub-actions,params_ub-frames,params_weight-decay,state
1192,0.44631539583206176,2025-04-25 18:11:16.506082,2025-04-25 18:11:48.604703,0 days 00:00:32.098621,0.04583485089172181,0.6993866246943375,8,0.2212538227824352,0.15608442047829585,0.018073844095398837,0.09724333814840785,0.002874270912228125,0.009608911457281339,0.0004678394798591016,25,38,0.08256867571492442,0.1572840365721031,True,False,True,0.0004988635539621786,COMPLETE
1193,0.4571996867656708,2025-04-25 18:11:48.989939,2025-04-25 18:12:22.261161,0 days 00:00:33.271222,0.0241204066071559,0.6988386326457006,8,0.24310918995747519,0.1528836741263852,0.015419171700352664,0.09997755916381401,0.006752268440813875,0.012538817483861575,0.00047329139104077824,26,43,0.08776486400264487,0.1417468222784467,True,False,True,1.9431540687872153e-07,COMPLETE
1194,0.35698804855346683,2025-04-25 18:12:22.643048,2025-04-25 18:12:55.907337,0 days 00:00:33.264289,0.011306337775163306,0.7169863449604806,8,0.20790806738231954,0.1641145405075238,0.014242406632947766,0.0913546152559448,0.004395598828575369,0.014032074225958393,0.00030731282761972635,26,47,0.07849562665746265,0.03786002720237305,True,False,True,0.00040517889612867524,COMPLETE
1195,0.44943813681602485,2025-04-25 18:12:56.290995,2025-04-25 18:13:29.150819,0 days 00:00:32.859824,0.04970791621539801,0.6934437788423748,8,0.20338301279850482,0.17484737637710257,0.016726145769559282,0.041651843546579526,0.007411524482528169,0.008111118736751351,0.0003129825454601447,25,49,0.08422939855873823,0.17052508571801908,True,False,True,0.0005367610619489806,COMPLETE
1196,0.3808705687522888,2025-04-25 18:13:29.538544,2025-04-25 18:14:02.817932,0 days 00:00:33.279388,0.03897590001919961,0.7290120235421552,8,0.22584704216052662,0.15155857669349226,0.003642526827046431,0.0934430353983071,0.004470540054214943,0.015806521905746693,0.0004890880994928978,26,45,0.08197151964953343,0.1507748630788067,True,False,True,0.0005405357216807127,COMPLETE
1197,0.4253665387630463,2025-04-25 18:14:03.200413,2025-04-25 18:14:35.440295,0 days 00:00:32.239882,0.030523996165822038,0.6883774859325501,8,0.2139551947808785,0.16985679414961752,0.0124036189219455,0.09814288128066674,0.0010389129735053444,0.010866726666642916,0.0004137168468549739,25,40,0.08076461026037715,0.13403805809466948,True,False,True,0.00041900229457484794,COMPLETE
1198,0.42883577942848206,2025-04-25 18:14:35.824305,2025-04-25 18:14:54.753015,0 days 00:00:18.928710,0.010701901036149528,0.7101141637465279,8,0.20761392550617574,0.15857453566906207,0.0136721161309446,0.09563984930393095,0.006265949592190791,0.01581131370716711,0.0007053167632911423,7,35,0.09071877314895832,0.1595009125243876,True,False,True,0.0006250024885804707,COMPLETE
1199,0.3416519582271576,2025-04-25 18:14:55.139070,2025-04-25 18:15:28.427525,0 days 00:00:33.288455,0.0577258025174069,0.7461492070274668,8,0.21779814848848508,0.15016049002531417,0.018887897703992212,0.09526401430282108,0.010447321929822699,0.0068210201687701885,0.0005460397953435069,26,49,0.0769053676312132,0.1429086789525672,True,False,True,0.0006376416768182937,COMPLETE
1200,0.3634330272674561,2025-04-25 18:15:28.812498,2025-04-25 18:16:01.731301,0 days 00:00:32.918803,0.045758435904113305,0.6889990048033758,8,0.20199442046236735,0.17812460027781385,0.011741273718210954,0.09314682260392422,0.0031014577717653545,0.012843688292593736,0.00029824374753244465,26,43,0.07900721640763568,0.014758374611156845,True,False,True,0.0005057306875204245,COMPLETE
1201,0.456003487110138,2025-04-25 18:16:02.116508,2025-04-25 18:16:35.622700,0 days 00:00:33.506192,0.01042748368240476,0.7138288684960645,8,0.21085684516828296,0.16423691830591766,0.01630639497977188,0.09833071787007544,0.008825143040098335,0.015292699927517682,0.00040956036863363013,26,46,0.08718889380643714,0.14905049268871182,True,False,True,0.0006280273318157064,COMPLETE
1202,0.3702389419078827,2025-04-25 18:16:36.011476,2025-04-25 18:16:58.711947,0 days 00:00:22.700471,0.059436284521849445,0.6878505256895256,16,0.21983681940955224,0.15694817073059217,0.014652407827048545,0.09694825464483674,0.005996342287391154,0.011473590968840111,0.00029771394701968653,25,47,0.08370173854601669,0.13696156518241961,False,False,True,0.000485984038353582,COMPLETE
1203,0.36461887359619144,2025-04-25 18:16:59.102217,2025-04-25 18:17:32.268810,0 days 00:00:33.166593,0.027699965540440595,0.7284118571856516,8,0.20321446284508315,0.1504490932244837,0.004448566669491004,0.09041052832545061,0.00284107882723076,0.015641425220585873,0.00020716471842810647,26,42,0.07632691069584428,0.15513175257603298,True,False,True,3.496731526392912e-05,COMPLETE
1204,0.44296307563781745,2025-04-25 18:17:32.654514,2025-04-25 18:18:05.229354,0 days 00:00:32.574840,0.039261378953032444,0.7038171869621762,8,0.2086001124514326,0.17064514378836654,0.006489467395475994,0.09535004422221192,0.011277016129890224,0.01411030559717714,0.0002446005512811641,25,50,0.08149032205064036,0.17470279117257909,True,False,True,0.000396131082375134,COMPLETE
1205,0.46231063008308415,2025-04-25 18:18:05.615746,2025-04-25 18:18:38.711254,0 days 00:00:33.095508,0.06157958615292375,0.6884984619364821,8,0.2142850562986904,0.1633479102027066,0.011595305132056484,0.09295641798376796,0.008146395020233397,0.016777264177645582,0.0003828038559624928,26,45,0.08563526695214788,0.14683592672006257,True,False,True,0.0006564511020437089,COMPLETE
1206,0.3484665513038635,2025-04-25 18:18:39.099601,2025-04-25 18:19:12.629396,0 days 00:00:33.529795,0.01044012048945734,0.7487141727872849,8,0.22193140936766287,0.15652455630505666,0.015243513750970328,0.05847087901750303,0.004650333458482222,0.01697866313796636,0.000343724029011756,26,50,0.07792716646635257,0.1399147225871074,True,False,True,0.0006751379245625477,COMPLETE
1207,0.42639433145523076,2025-04-25 18:19:13.016002,2025-04-25 18:19:45.265768,0 days 00:00:32.249766,0.031120000715676797,0.6803832369756462,8,0.23003327238278323,0.18828370944421924,0.003911270774307769,0.09831292160402903,0.006281828823878259,0.012792978356057028,0.0008054927773819663,25,47,0.07897067330618866,0.13263397675275576,True,False,True,0.0005666846826856185,COMPLETE
1208,0.4447157740592957,2025-04-25 18:19:45.653602,2025-04-25 18:20:17.887065,0 days 00:00:32.233463,0.04400621783572934,0.7245150662373074,8,0.19997735182568233,0.16963990574586382,0.007831468976559295,0.09668906989905292,0.0027718013472875346,0.018387173935169733,0.00027828295396723656,25,41,0.07547491508522461,0.15210804908496917,True,True,True,0.00041788189761777193,COMPLETE
1209,0.48392561674118045,2025-04-25 18:20:18.275957,2025-04-25 18:20:51.607476,0 days 00:00:33.331519,0.028591484877128724,0.7063913328890272,8,0.20715117386701246,0.15015650366938701,0.018585796605629697,0.09997949536029282,0.008288162318947856,0.013935700116477098,0.00044047550485072195,26,49,0.08076880300901777,0.16673451750344498,True,False,True,0.0005190901306949359,COMPLETE
1210,0.39760782122612004,2025-04-25 18:20:51.996483,2025-04-25 18:21:25.833273,0 days 00:00:33.836790,0.030368598011927928,0.746935749602844,8,0.20869856137279977,0.15411642593895947,0.01743413017259297,0.09826417239948415,0.011418558875772351,0.008940336506283245,0.0004282960750046899,26,50,0.08124465670404657,0.16408679144535196,True,False,True,0.00036637393865430123,COMPLETE
1211,0.3809737145900726,2025-04-25 18:21:26.222026,2025-04-25 18:21:59.443123,0 days 00:00:33.221097,0.025124259397978826,0.7245039547104516,8,0.21551008836928612,0.1501397689624595,0.017938672763949247,0.09483257173442257,0.013665824775146265,0.010639747028671445,0.0005803864673369413,26,44,0.08371785562188314,0.17328298237588724,True,False,True,0.00040055705748799533,COMPLETE
1212,0.4253350973129273,2025-04-25 18:21:59.832345,2025-04-25 18:22:32.656401,0 days 00:00:32.824056,0.026038542692001003,0.7090138118614182,8,0.2048459454594809,0.16031541694182821,0.019271379114971003,0.09873773309259487,0.00976756944711124,0.013735871521201011,0.0009630051786797235,25,50,0.07973654354748155,0.17046837843972684,True,False,True,0.0005049409864288818,COMPLETE
1213,0.47322064638137823,2025-04-25 18:22:33.042892,2025-04-25 18:23:06.191920,0 days 00:00:33.149028,0.04494751834435974,0.7083838364845355,8,0.2125474147539243,0.16410403885234864,0.005849544292138154,0.0915025072753083,0.00803420298675452,0.011613412545795457,0.00036664573190857864,26,46,0.0830500360620304,0.16603122979365714,True,False,True,0.000474777697558747,COMPLETE
1214,0.35347995162010193,2025-04-25 18:23:06.579103,2025-04-25 18:23:39.525667,0 days 00:00:32.946564,0.029122201634085965,0.7389924566932432,8,0.2252637912952735,0.17787850386694815,0.0026363983622043935,0.09986718959059246,0.008446582273919496,0.01030950187492567,0.0004984341571238625,26,40,0.08136301986111544,0.168873669904325,True,False,True,0.00041698306495558806,COMPLETE
1215,0.3520423471927643,2025-04-25 18:23:39.918039,2025-04-25 18:24:12.196566,0 days 00:00:32.278527,0.04590505432081843,0.7580771542630181,8,0.21925317423794796,0.16331718118717978,0.019030200289690172,0.0962549736378677,0.010773875134214678,0.007571071532618358,0.00035703062235249,25,38,0.07812736373313314,0.16762917722363108,True,False,True,0.0003863283036524774,COMPLETE
1216,0.38743965029716493,2025-04-25 18:24:12.586706,2025-04-25 18:24:45.762329,0 days 00:00:33.175623,0.028891623338914207,0.7326439261165979,8,0.21084877479098277,0.1638350357309507,0.0877110604932076,0.08958749496542102,0.007527571420552923,0.01161247849360723,0.00044618451464907127,26,44,0.080577787973035,0.179901289452137,True,False,True,1.0829304197245483e-05,COMPLETE
1217,0.3878541946411133,2025-04-25 18:24:46.160204,2025-04-25 18:25:19.381764,0 days 00:00:33.221560,0.04374627378951013,0.7146270912116608,8,0.2153450046413435,0.17268814001323934,0.005188859788120708,0.09371007601019983,0.014192940372281904,0.012145662531084253,0.0004022002030305139,26,45,0.08250582739265666,0.1608670352466849,True,False,True,6.123704251146895e-06,COMPLETE
1218,0.4117578089237213,2025-04-25 18:25:19.770042,2025-04-25 18:25:52.623125,0 days 00:00:32.853083,0.011733947436398919,0.7102193074316212,8,0.20790999774429222,0.1554984481042353,0.00325777177913012,0.09997764456308426,0.0064954962367396885,0.01270805906012885,0.0004968965765768428,26,43,0.07594255914562785,0.16502615498241976,True,False,True,0.00036535093150913417,COMPLETE
1219,0.37019931674003603,2025-04-25 18:25:53.018575,2025-04-25 18:26:25.650607,0 days 00:00:32.632032,0.06212695563406671,0.7264072506692496,8,0.23497631298578986,0.16699565685696094,0.0062948085819667255,0.09640443771510863,0.009738915715174903,0.014262917315830249,0.0005978386257580603,25,47,0.07781377412071223,0.17675787839792825,True,False,True,0.0004490856272519361,COMPLETE
1220,0.362153035402298,2025-04-25 18:26:26.040502,2025-04-25 18:26:59.424407,0 days 00:00:33.383905,0.028957731750074586,0.7550660215236202,8,0.21735656194788805,0.1563549387869576,0.016481939531648955,0.09171910471095557,0.00778952037365818,0.015057231005170285,0.0003197744634738981,26,50,0.08025596290806108,0.15852931506327808,True,False,True,0.0004874313231325124,COMPLETE
1221,0.3986484706401825,2025-04-25 18:26:59.813357,2025-04-25 18:27:30.882042,0 days 00:00:31.068685,0.048887199104637895,0.7003913081831771,8,0.22424889120059555,0.15105725069433062,0.004902542763894085,0.09435177131408962,0.01148295396930862,0.011018910065504789,0.00038209373411879236,25,41,0.07651719989007928,0.16233496044235676,False,False,True,0.00034146314147749445,COMPLETE
1222,0.4643313527107239,2025-04-25 18:27:31.276639,2025-04-25 18:28:04.241934,0 days 00:00:32.965295,0.04273520662633281,0.7081742730134601,8,0.2119919845462796,0.16139105776589882,0.011396827314893698,0.09636311228607318,0.0054269476244560855,0.01396406743411927,0.0005027069214526334,25,46,0.08224641116198574,0.15747833098306646,True,False,True,0.0005146730401038961,COMPLETE
1223,0.3451911568641663,2025-04-25 18:28:04.631852,2025-04-25 18:28:29.964112,0 days 00:00:25.332260,0.010640478221715759,0.7403873279699626,16,0.20615051087539935,0.1712690444115359,0.019405172787484368,0.09808617719847865,0.00409266234759028,0.010033580082859962,0.00026493919424191683,26,50,0.07883654854187838,0.16423633078935002,True,False,True,0.00044465868075401686,COMPLETE
1224,0.4512856185436249,2025-04-25 18:28:30.352220,2025-04-25 18:29:03.344987,0 days 00:00:32.992767,0.0629177844759772,0.7033075521556021,8,0.20240407369113428,0.17784970797314278,0.007343250850665314,0.09997301930742421,0.007672617416276539,0.015717454425446215,0.00037552919951938185,26,43,0.08512097234174586,0.15598282838294708,True,False,True,0.0003530965478150843,COMPLETE
1225,0.4490647077560425,2025-04-25 18:29:03.734937,2025-04-25 18:29:40.467022,0 days 00:00:36.732085,0.035595851420035116,0.7236367236762995,8,0.21406634245630649,0.1488616135340014,0.010223211437216485,0.09464927102432837,0.012848722071808582,0.008465571921506914,0.0003317288070140087,26,93,0.07456163747137526,0.173517591860532,True,False,True,0.0005330388802769612,COMPLETE
1226,0.4851599454879761,2025-04-25 18:29:40.855974,2025-04-25 18:30:12.938452,0 days 00:00:32.082478,0.027570838133818054,0.697527311442378,8,0.2201448520802153,0.15982685851968675,0.0026610535546807345,0.09048151621358452,0.006069736829763529,0.01331699433757988,0.00027429862564664503,25,47,0.08000240782217793,0.15024834997448636,True,False,True,0.0005482662863087246,COMPLETE
1227,0.3537282407283783,2025-04-25 18:30:13.333399,2025-04-25 18:30:45.872655,0 days 00:00:32.539256,0.011781810305631,0.7384864958796474,8,0.22794275438834125,0.15889940180134657,0.0019001160032124202,0.08834695461974258,0.005664179405015437,0.01265718177520752,0.00022854747785898286,26,36,0.08036895679099576,0.15693049988886534,True,False,True,0.0005542052856274476,COMPLETE
1228,0.2880347013473511,2025-04-25 18:30:46.262724,2025-04-25 18:31:18.972785,0 days 00:00:32.710061,0.06310525578893546,0.708472507365441,8,0.22297817290005512,0.15601932016705114,0.0013072168620865245,0.0900656583323133,0.0033472165860322237,0.006952027177862351,0.0002951786765847097,25,51,0.08291151917943364,0.15249784103557293,True,True,True,0.000614424532131125,COMPLETE
1229,0.3690055012702942,2025-04-25 18:31:19.363195,2025-04-25 18:31:52.684450,0 days 00:00:33.321255,0.04527065799168441,0.7256397245630715,8,0.20759982925591763,0.14736487702716636,0.0028593022933245784,0.09144215593007599,0.005554077170987546,0.011354484150751484,0.00020863002843637783,26,46,0.0795729235838427,0.1660176585013956,True,False,True,0.0006578991302467071,COMPLETE
1230,0.45610820651054385,2025-04-25 18:31:53.076889,2025-04-25 18:32:25.878174,0 days 00:00:32.801285,0.030005753266160284,0.6955814627101714,8,0.20184029197961334,0.15018806923846226,0.004119536334778934,0.08914640922629584,0.0010906118386589765,0.01485300823567692,0.000282300336737007,26,41,0.08229045055407738,0.15964853924234804,True,False,True,0.0004073289891536924,COMPLETE
1231,0.36030711531639104,2025-04-25 18:32:26.270661,2025-04-25 18:33:04.484257,0 days 00:00:38.213596,0.060475891793045584,0.7516567129328774,8,0.21139878339053955,0.1606611781249029,0.0056445022442797605,0.09138126974356693,0.007029830295370657,0.010010929835228766,0.00019369683788527872,27,103,0.07788352931574909,0.15094611960459883,True,False,True,2.1726003975622117e-08,COMPLETE
1232,0.3991071164608002,2025-04-25 18:33:04.876693,2025-04-25 18:33:38.067010,0 days 00:00:33.190317,0.028855398189428366,0.6977252092619646,8,0.22267312554313132,0.15120361056681467,0.0035075442159611244,0.09268220479925643,0.004288090690798611,0.013368201049074584,0.00034756241701601703,27,33,0.08031448334333194,0.1496454966212068,True,False,True,0.0005771579685012241,COMPLETE
1233,0.47166424989700323,2025-04-25 18:33:38.457508,2025-04-25 18:34:12.295700,0 days 00:00:33.838192,0.048035112578186996,0.723296217163282,8,0.2184468838365693,0.16310466716635277,0.00307094173242997,0.08895428741228172,0.002641643878661832,0.01263741318628001,0.00023696181072157686,26,49,0.08464590189436805,0.1551600490967047,True,False,True,0.0006762995532145225,COMPLETE
1234,0.35774530768394475,2025-04-25 18:34:12.704513,2025-04-25 18:34:45.251133,0 days 00:00:32.546620,0.01129370662674866,0.7631305529628173,8,0.232710170934811,0.162380923942082,0.0012012858962396726,0.08899253138517756,0.002577079175111039,0.008862211728218428,0.0002395388742628059,25,48,0.08584506896323327,0.17460293116938708,True,False,True,0.00043515043766470047,COMPLETE
1235,0.3708948075771332,2025-04-25 18:34:45.649909,2025-04-25 18:35:16.921210,0 days 00:00:31.271301,0.010392161719415215,0.7395554888773725,8,0.2278034200672626,0.1657452842339749,0.0028237631828801316,0.09044514344482502,0.0010854918033468396,0.005651455985452492,0.00024868819976202664,26,5,0.08519686043810382,0.18077099101081942,True,False,True,0.0005146628328955481,COMPLETE
1236,0.35238897800445557,2025-04-25 18:35:17.319377,2025-04-25 18:35:50.472583,0 days 00:00:33.153206,0.04818966418336815,0.7521126101406055,8,0.22083555435111912,0.15650313804829055,0.004380023216841474,0.08846672962542497,0.0032525446359066186,0.01092100444967541,0.0002669945233257293,26,45,0.08314127498712415,0.168878764163282,True,False,True,0.0003514923427329157,COMPLETE
1237,0.4618879020214081,2025-04-25 18:35:50.869814,2025-04-25 18:36:22.880222,0 days 00:00:32.010408,0.04293632686739717,0.7272119452047785,8,0.24752923666376775,0.16325065317135878,0.0012907204330553645,0.0917668006359189,0.00459146645804479,0.012709205639796854,0.0001936890063531646,25,39,0.08390688264347475,0.1630450329924959,True,False,True,0.0006356709144907081,COMPLETE
1238,0.30487282276153566,2025-04-25 18:36:23.279406,2025-04-25 18:37:01.041252,0 days 00:00:37.761846,0.9551427571290524,0.7220342046718163,8,0.21646686602151047,0.15603819774069883,0.0061002473715627125,0.093446105222216,0.002799036468384869,0.013580603731218267,0.0002895402309218963,26,109,0.08651080623567745,0.17075653702355192,True,False,True,0.00046417640789865003,COMPLETE
1239,0.3697426199913025,2025-04-25 18:37:01.437951,2025-04-25 18:37:33.938639,0 days 00:00:32.500688,0.06394733519674137,0.7436971338124451,8,0.21139023129468973,0.16976946332725035,0.004349643775205738,0.09022944003732543,0.005976832705600113,0.008852179881821826,0.00031303158725259184,25,49,0.08192186448665072,0.15729570364015782,True,False,True,0.000646256975765925,COMPLETE
1240,0.37621153593063356,2025-04-25 18:37:34.336786,2025-04-25 18:38:05.578164,0 days 00:00:31.241378,0.028350138553944016,0.76700750016723,8,0.23772474623528791,0.14940553866523662,0.0026569392618946445,0.09321961002185662,0.0026116482401732405,0.012277339549428291,0.0002528361447447236,26,13,0.08768288690164347,0.1801957725810961,False,False,True,0.00052446155889479,COMPLETE
1241,0.3627382516860962,2025-04-25 18:38:05.975278,2025-04-25 18:38:38.914242,0 days 00:00:32.938964,0.04261364525580738,0.7170487225225377,8,0.21886256712004565,0.1602063130395221,0.0010333696920115552,0.09143526329704768,0.004602607903828248,0.015632562709718033,0.00022062085947620685,26,43,0.07942126761265729,0.15345292959636692,True,False,True,0.0006760650896995956,COMPLETE
1242,0.4718805730342865,2025-04-25 18:38:39.311168,2025-04-25 18:39:12.105142,0 days 00:00:32.793974,0.06178454843876728,0.713833759652293,8,0.22606995071802102,0.16608310845144186,0.004972368729007081,0.09460642684142223,0.006443667884742129,0.014421364274841484,0.00020594840564666753,25,51,0.08358856396695642,0.1612763265319362,True,False,True,0.00036961013980677773,COMPLETE
1243,0.3698018610477448,2025-04-25 18:39:12.504244,2025-04-25 18:39:45.359305,0 days 00:00:32.855061,0.07029386791758385,0.7051231903584273,8,0.2312182586487897,0.17478057167841868,0.006096644495219889,0.09499954560395765,0.00815579316801045,0.015229917898995112,0.0001976213676777799,25,50,0.07746418439266096,0.16741117297894287,True,False,True,0.00035241835427461373,COMPLETE
1244,0.4418918371200562,2025-04-25 18:39:45.759642,2025-04-25 18:40:10.911343,0 days 00:00:25.151701,0.010196360240369094,0.6947834687860139,16,0.22431402541887674,0.1528122641383206,0.007815681303128109,0.09467975393971544,0.006783540334121782,0.01676919269632348,0.00018121942038541196,25,51,0.0809896091049928,0.16053697685081503,True,False,True,0.0003299460990935765,COMPLETE
1245,0.396862530708313,2025-04-25 18:40:11.308394,2025-04-25 18:40:43.116940,0 days 00:00:31.808546,0.06098980626494062,0.7087131627576762,8,0.22761617680420487,0.17143353290106791,0.005325299737684095,0.09767806208629573,0.00874032227932188,0.014734634943702463,0.0003517568458070527,25,29,0.08314775465231035,0.1698961444543858,True,False,True,0.00042942853098353496,COMPLETE
1246,0.41027498245239263,2025-04-25 18:40:43.515829,2025-04-25 18:41:16.678327,0 days 00:00:33.162498,0.026810660508663958,0.6898284005405358,8,0.20500406969080162,0.18493710526891047,0.007248863616850516,0.09622399459506056,0.006971117245883928,0.017318253294180446,0.0002834974243381198,25,46,0.07888252610792157,0.16210218015995365,True,True,True,0.0003585818425038601,COMPLETE
1247,0.3628504097461701,2025-04-25 18:41:17.077893,2025-04-25 18:41:50.031388,0 days 00:00:32.953495,0.06508101801361171,0.7311460391490836,8,0.23769029469023736,0.16702808587287543,0.005602052155945171,0.09350386833908489,0.008641231653417474,0.014239249048962215,0.00021111169488631837,25,51,0.08184445232526268,0.1463241065647079,True,False,True,0.0004381813656609165,COMPLETE
