number,value,datetime_start,datetime_complete,duration,params_alpha-eval,params_alpha-train,params_batch-size,params_eps-eval,params_eps-train,params_lambda-actions-eval,params_lambda-actions-train,params_lambda-frames-eval,params_lambda-frames-train,params_learning-rate,params_n-epochs,params_n-frames,params_radius-gw,params_rho,params_std-feats,params_ub-actions,params_ub-frames,params_weight-decay,state
968,0.42419831752777104,2025-04-25 16:07:11.949271,2025-04-25 16:07:45.287737,0 days 00:00:33.338466,0.0630692011728966,0.6507277101142585,8,0.1942092364480374,0.1238611399257008,0.0022722901141670002,0.09538030900301996,0.0013516035618287483,0.024898795991255385,6.008939050720175e-05,27,38,0.07990237783106084,0.1628480697830758,True,False,True,0.0006408430168365038,COMPLETE
969,0.4491542220115662,2025-04-25 16:07:45.583356,2025-04-25 16:08:20.205255,0 days 00:00:34.621899,0.04719104069007626,0.6147813515473036,8,0.20409280445911898,0.11644372827013476,0.005792128755463669,0.0965438499395976,0.0039071504689418895,0.024255135979070787,6.652242551463539e-05,28,46,0.08117787848432353,0.12500654225398689,True,False,True,9.613835549921315e-07,COMPLETE
970,0.47107957601547246,2025-04-25 16:08:20.514868,2025-04-25 16:08:54.160294,0 days 00:00:33.645426,0.08089236251009647,0.6650865487337617,8,0.19046746800415315,0.12641017815784905,0.00953316123311452,0.09217729730591652,0.00941767847402459,0.023326145078936808,7.848513843781661e-05,26,49,0.08106271926505998,0.15339521484134414,True,False,True,0.0008130432511455334,COMPLETE
971,0.42582039833068847,2025-04-25 16:08:54.472602,2025-04-25 16:09:14.493913,0 days 00:00:20.021311,0.07622375770090536,0.6387419277602394,8,0.1979356873673919,0.11903407513720288,0.0082308476519755,0.09204177992813022,0.009332324610504712,0.022326169377108098,7.668024031918963e-05,8,48,0.08320503125500937,0.15326964304921697,True,False,True,0.000998775604139542,COMPLETE
972,0.36951369047164917,2025-04-25 16:09:14.807478,2025-04-25 16:09:47.329255,0 days 00:00:32.521777,0.05193463621687647,0.6619725855934164,8,0.21444509477556947,0.12925348367535652,0.011261943565551314,0.09302491618898412,0.006680352802572958,0.023560625199109984,7.24230093909636e-05,27,42,0.0858847958778455,0.13676305006230569,False,False,True,0.0008115354329796885,COMPLETE
973,0.4152688324451447,2025-04-25 16:09:47.643496,2025-04-25 16:10:20.889634,0 days 00:00:33.246138,0.032348401461541054,0.6443778495948372,8,0.1925097094941524,0.11314311069072669,0.010406402909023903,0.09420175902430641,0.0035489353475130297,0.024128434444397637,9.196013597518887e-05,27,34,0.08017031468934603,0.1831051514628685,True,False,True,0.0008000193398599261,COMPLETE
974,0.46763175129890444,2025-04-25 16:10:21.190029,2025-04-25 16:10:54.865498,0 days 00:00:33.675469,0.0687837343082035,0.6150373085487385,8,0.18676809710656786,0.12399580741885809,0.00925973188314179,0.09083636766628155,0.009351743650109772,0.02629030839629591,8.17488497457811e-05,26,49,0.0813602847097867,0.13820772264696585,True,False,True,0.0007618567047943298,COMPLETE
975,0.4461362421512604,2025-04-25 16:10:55.179076,2025-04-25 16:11:28.173312,0 days 00:00:32.994236,0.06859747761310327,0.6139703972473963,8,0.18883825089115225,0.12337731359544371,0.009144354354578716,0.09090733375968668,0.008304731588476583,0.026437107606659595,6.0429348608227016e-05,26,43,0.08259982064519292,0.1377426713113743,True,False,True,0.0007979026969931382,COMPLETE
976,0.4548722088336945,2025-04-25 16:11:28.485851,2025-04-25 16:12:02.789700,0 days 00:00:34.303849,0.08281811232414638,0.6275411394994959,8,0.18487221852242755,0.11725340843323306,0.012510191126739978,0.09100930973246035,0.009965126583396643,0.023499480634241864,7.44622036701893e-05,28,44,0.08247946367622203,0.13368303894687242,True,False,True,0.0007830420676171396,COMPLETE
977,0.45241193175315864,2025-04-25 16:12:03.107645,2025-04-25 16:12:36.277769,0 days 00:00:33.170124,0.05822895408589501,0.6718904417593525,8,0.2038131288488776,0.12467403179160799,0.004653998999998252,0.09284808044448767,0.006667057267834895,0.025361008073922046,5.9365513138513965e-05,26,45,0.07926169860319124,0.149275234128247,True,False,True,1.8087767670269158e-05,COMPLETE
978,0.28576828837394713,2025-04-25 16:12:36.596328,2025-04-25 16:13:11.504752,0 days 00:00:34.908424,0.1071675621347637,0.6546547035819793,8,0.19885859652708995,0.11370288771513887,0.00880949740583874,0.09619406648208931,0.008602550168549357,0.02636488246633297,8.26260938983109e-05,28,49,0.08515493089346773,0.14925554538731856,True,True,True,0.0009896079537978094,COMPLETE
979,0.4438205063343048,2025-04-25 16:13:11.804391,2025-04-25 16:13:45.722861,0 days 00:00:33.918470,0.04010309136925025,0.6302928000390003,8,0.19240243779440686,0.11864686243956428,0.00951501505400942,0.09048835167653595,0.005673660760914716,0.022861037542534143,6.837348304506302e-05,27,46,0.08051008009346088,0.07582310876051598,True,False,True,0.000646697072359705,COMPLETE
980,0.4704019904136658,2025-04-25 16:13:46.036973,2025-04-25 16:14:20.264773,0 days 00:00:34.227800,0.07790768249651031,0.6641211949624009,8,0.18295320756230787,0.1267504563129492,0.011474789591138682,0.09799880751959651,0.009959094546626145,0.02678359401671005,8.540947400559347e-05,27,49,0.07904677489324348,0.14061449025240882,True,False,True,0.0007734561964129101,COMPLETE
981,0.4426314949989319,2025-04-25 16:14:20.577990,2025-04-25 16:14:53.411477,0 days 00:00:32.833487,0.04779588106810228,0.6430579057541682,8,0.18223576310842696,0.13213436246918783,0.014608412113104931,0.09994982773198859,0.00437155157921619,0.0248727180733262,0.00011375503643322934,26,41,0.0780735666569041,0.14125702901491277,True,False,True,0.0007922928347368685,COMPLETE
982,0.4443258106708527,2025-04-25 16:14:53.729996,2025-04-25 16:15:27.556226,0 days 00:00:33.826230,0.07359154780209642,0.6153002573208812,8,0.18428955437401942,0.1319214547526914,0.013134934039639253,0.09781306580352736,0.0010970916571916012,0.02672171730706416,0.00010047848954079017,27,47,0.0761799570805471,0.08570634698948865,True,False,True,0.0008162312747344781,COMPLETE
983,0.45954430103302,2025-04-25 16:15:27.875995,2025-04-25 16:16:02.046939,0 days 00:00:34.170944,0.06303069704791628,0.6573954754784868,8,0.1953316365734706,0.29532360799648094,0.011592853700944455,0.09539473358330464,0.009342620263175007,0.023577626125140982,8.387984841956347e-05,27,49,0.07868132036409405,0.14271966532749136,True,False,True,0.0006308553522220608,COMPLETE
984,0.4655644297599793,2025-04-25 16:16:02.364054,2025-04-25 16:16:35.523886,0 days 00:00:33.159832,0.031141938999573522,0.6135596440437229,8,0.18026868614664893,0.28721578234190753,0.005434625305590401,0.09772822088772742,0.006681534974755372,0.025859761148619043,0.00013600547567479724,26,46,0.08403461434285381,0.14376305942569492,True,False,True,0.000809266716720993,COMPLETE
985,0.4459781587123871,2025-04-25 16:16:35.826452,2025-04-25 16:17:09.451204,0 days 00:00:33.624752,0.07934808211457543,0.6347783916429882,8,0.18815058292493678,0.12614464394500616,0.009998964487766361,0.09377850415363534,0.0035363709632044004,0.02730087274882779,5.8197632397942876e-05,27,43,0.08085330735707255,0.13133868654534783,True,False,True,0.000994000792038971,COMPLETE
986,0.4696541547775269,2025-04-25 16:17:09.766413,2025-04-25 16:17:43.186823,0 days 00:00:33.420410,0.054801309230598935,0.6714815928542294,8,0.18048893972008528,0.1290604609585395,0.011169251515954928,0.09574614931910196,0.005532496058164357,0.022575956034810992,8.916291308180524e-05,26,50,0.08169690331104448,0.15371421949071215,True,False,True,0.0006171365271532568,COMPLETE
987,0.4646014928817749,2025-04-25 16:17:43.510646,2025-04-25 16:18:17.158651,0 days 00:00:33.648005,0.08294302771662365,0.6746897987717211,8,0.1781561901614575,0.13423635396529926,0.010103525337616643,0.09531879082893781,0.004410160504258933,0.021958270139161195,0.00010794595228912391,26,48,0.08244111463519635,0.14541121997286396,True,False,True,0.0005966981673866831,COMPLETE
988,0.43188790678977973,2025-04-25 16:18:17.479441,2025-04-25 16:18:50.010258,0 days 00:00:32.530817,0.04327875661986675,0.6701545306781079,8,0.17755132887982544,0.13399007602669222,0.014815328176845846,0.09289204689688516,0.002309861408091269,0.022112895375624685,9.415171769913406e-05,26,39,0.08062456869667219,0.16439353413694058,True,False,True,0.0007132357592133443,COMPLETE
989,0.45945115685462956,2025-04-25 16:18:50.330199,2025-04-25 16:19:23.462240,0 days 00:00:33.132041,0.03273926696799438,0.6813001210514732,8,0.19104539815864346,0.13027621739758205,0.006813839356152245,0.09616975764038851,0.005626848581492808,0.022889137334584513,0.0001302134516970861,26,44,0.07542145761546233,0.15293842906329755,True,False,True,0.0006042281264062232,COMPLETE
990,0.4630265891551972,2025-04-25 16:19:23.765360,2025-04-25 16:19:57.806358,0 days 00:00:34.040998,0.06390190528436339,0.6650125739298183,8,0.2046386999902922,0.1280310702353778,0.011892113175726148,0.09374223149206674,0.008169008781823736,0.0233763689605592,0.0008380839446779524,27,50,0.07711323685017214,0.15731836833351254,True,False,True,0.0006049738334343885,COMPLETE
991,0.28426083326339724,2025-04-25 16:19:58.125216,2025-04-25 16:20:29.239750,0 days 00:00:31.114534,0.08780359287297422,0.6503049640020035,8,0.19823681752377767,0.12532963793485236,0.004094660910775226,0.09127606071052592,0.010171234114217982,0.019664413504552145,8.692818611913759e-05,26,9,0.08222156152063487,0.137011170919954,False,False,True,0.0006220951838836537,COMPLETE
992,0.4391113698482514,2025-04-25 16:20:29.555608,2025-04-25 16:21:04.503584,0 days 00:00:34.947976,0.010997915915401058,0.6801348336392204,8,0.18285911433546057,0.13286686068650272,0.008782267413554869,0.09597388468599538,0.0029725279624820827,0.024892096575316783,0.00017189152033012,28,47,0.09035394658807736,0.15648897448870094,True,False,True,0.0007964163413502946,COMPLETE
993,0.47185604572296147,2025-04-25 16:21:04.821370,2025-04-25 16:21:38.993197,0 days 00:00:34.171827,0.05706911504109514,0.6323230904069076,8,0.17857354577487816,0.12574031962075458,0.0016043296301682525,0.09273720612074247,0.00529611315698176,0.025263953626025442,9.801048363424739e-05,27,49,0.08492659853949097,0.14914273319645335,True,False,True,0.0006036115022956163,COMPLETE
994,0.4601815462112427,2025-04-25 16:21:39.315580,2025-04-25 16:22:13.380634,0 days 00:00:34.065054,0.029210240521746658,0.6385497500663226,8,0.17502130132687974,0.12929525130144542,0.003557383905817141,0.09700062029132851,0.004633881515577603,0.021336049548350656,0.00011512093750076923,27,50,0.0857382023098847,0.15377571540301593,True,False,True,0.0006175282432334541,COMPLETE
995,0.37304577827453617,2025-04-25 16:22:13.704346,2025-04-25 16:22:47.738389,0 days 00:00:34.034043,0.05074329369914361,0.6778300521775129,8,0.175013435758043,0.13388502111568143,0.006567676983262201,0.0937160306525626,0.0010767383269387016,0.024387630002130484,0.00014902655631540167,28,36,0.08717167515318433,0.060885793967410035,True,False,True,0.0005876122036570874,COMPLETE
996,0.4628667593002319,2025-04-25 16:22:48.045146,2025-04-25 16:23:22.569676,0 days 00:00:34.524530,0.10588808749072978,0.6544644730355875,8,0.17861947384551663,0.12509704726811544,0.0027044739354242387,0.09779941754652227,0.006023906145276383,0.02529222473147402,0.00010899414957479819,28,45,0.08455777049755367,0.15276049064809663,True,False,True,0.0005940947449801858,COMPLETE
997,0.47397195100784306,2025-04-25 16:23:22.890278,2025-04-25 16:23:57.360863,0 days 00:00:34.470585,0.04534713037669709,0.6762031255822091,8,0.19127590666924044,0.11909490955325523,0.011073354121519597,0.09556260369191066,0.0027016125560845963,0.027450793782241356,9.268502850667293e-05,27,51,0.0789871767163632,0.1447398254085535,True,False,True,0.0007942914545039085,COMPLETE
998,0.43577224612236026,2025-04-25 16:23:57.679339,2025-04-25 16:24:31.691948,0 days 00:00:34.012609,0.03281558844897842,0.6793677403131076,8,0.18189936531681059,0.13499127563896937,0.012361303191678701,0.09397924718590864,0.002840857848269577,0.022118933254246402,0.00013150755213944587,27,46,0.07812923767970781,0.14850839246424238,True,True,True,0.0006064440249887672,COMPLETE
999,0.45693597793579105,2025-04-25 16:24:32.015799,2025-04-25 16:25:05.587790,0 days 00:00:33.571991,0.0293126338114242,0.6816937180778171,8,0.19591728588783436,0.1280085305505561,0.015432774173267542,0.09229510840404354,0.0069847676516878,0.027307102950891855,0.00010275438551585441,27,43,0.0787790758250946,0.14965577248636697,True,False,True,1.3555471570595956e-06,COMPLETE
1000,0.4351297318935395,2025-04-25 16:25:05.916884,2025-04-25 16:25:40.029793,0 days 00:00:34.112909,0.05458137134729899,0.6648814019609125,8,0.17459482817936767,0.1199236662687614,0.0017250597103244513,0.09519876687287522,0.005098921086496792,0.023873767396975346,0.00011144831857996148,27,49,0.08374747892486716,0.14223706873253875,True,False,True,0.000783053233756396,COMPLETE
1001,0.4576851725578308,2025-04-25 16:25:40.356847,2025-04-25 16:26:14.786351,0 days 00:00:34.429504,0.043964894762779164,0.6820784789927133,8,0.1834883873427917,0.12343972535638811,0.01290172277154742,0.09478115618995582,0.0029251051985926283,0.025652853336075285,9.342335700014749e-05,27,51,0.0876627982082155,0.14446596242735216,True,False,True,0.000797857065553801,COMPLETE
1002,0.46656023859977724,2025-04-25 16:26:15.093573,2025-04-25 16:26:49.651662,0 days 00:00:34.558089,0.010221103355802943,0.6827927948881187,8,0.19252471651529104,0.1288578226717568,0.010510327758854908,0.09213914510706588,0.0073580478506885885,0.028318839091445364,8.941583871999378e-05,27,51,0.08047750352094014,0.16832892970462113,True,False,True,0.0006101089211091982,COMPLETE
1003,0.4048403799533844,2025-04-25 16:26:49.972177,2025-04-25 16:27:23.301109,0 days 00:00:33.328932,0.08059651881204173,0.6628796560316824,8,0.2668339541002295,0.11922592676103021,0.011874703650834692,0.09637853034476902,0.0044676849464726975,0.026472332502344702,0.00012412998451594113,26,46,0.07673745768548546,0.16133154012382625,True,False,True,0.0008066521053319541,COMPLETE
1004,0.46241068840026855,2025-04-25 16:27:23.632527,2025-04-25 16:27:58.915449,0 days 00:00:35.282922,0.04728812156862961,0.6589398586236519,8,0.20659536807267906,0.12488823674146322,0.001507209435957281,0.09048438999439207,0.0024555439925330164,0.020614471125352737,9.512545639519324e-05,28,51,0.08215864479470622,0.1443848162400254,True,False,True,0.0005700717864315454,COMPLETE
1005,0.4736868321895599,2025-04-25 16:27:59.242525,2025-04-25 16:28:32.756452,0 days 00:00:33.513927,0.10625219781846167,0.6821376685367868,8,0.17997115549290316,0.1352320246880723,0.014094934627656937,0.09307850389836167,0.0010553231233591627,0.028731086267944662,7.667068250694249e-05,26,48,0.07465234624327538,0.13210682156377104,True,False,True,0.0008006458308302692,COMPLETE
1006,0.44222192168235785,2025-04-25 16:28:33.082472,2025-04-25 16:29:05.802500,0 days 00:00:32.720028,0.08070662878660087,0.6313430549613535,8,0.17872255635493456,0.1369856122982364,0.010877584644590583,0.09421764457216567,0.0010731599626072012,0.02863889514002231,0.00016692286982415006,26,41,0.07428093895097264,0.1288394172836581,True,False,True,0.0009961177628419503,COMPLETE
1007,0.45695102810859684,2025-04-25 16:29:06.129081,2025-04-25 16:29:39.166049,0 days 00:00:33.036968,0.027700441930335988,0.6631006729327017,8,0.18601863665133955,0.13718998958566128,0.014210809127268496,0.09653968839914331,0.004737070133992638,0.024998926914656883,0.0001107940794870583,26,42,0.07416563061705528,0.12204456565210413,True,False,True,0.0007992731407023029,COMPLETE
1008,0.36827014684677123,2025-04-25 16:29:39.476226,2025-04-25 16:30:12.793135,0 days 00:00:33.316909,0.060386920055142464,0.6443405813573557,8,0.18829404196584423,0.13332389491511124,0.014523800780015923,0.09302211084062259,0.003230921132917825,0.026894088832092513,8.071090918483155e-05,27,32,0.07824787008396762,0.13482953250029261,True,False,True,0.0007993317841571391,COMPLETE
1009,0.4346764326095581,2025-04-25 16:30:13.115754,2025-04-25 16:30:46.851788,0 days 00:00:33.736034,0.09658285781966576,0.681990679832187,8,0.18035165038181578,0.1359725527961275,0.01044127548335244,0.09537232748146911,0.006005096513778055,0.028899182025272446,0.00013863734941160397,27,46,0.0761394058811905,0.13680918296295258,True,False,True,0.0006740158100268194,COMPLETE
1010,0.3662744700908661,2025-04-25 16:30:47.174716,2025-04-25 16:31:19.436041,0 days 00:00:32.261325,0.044067578234445175,0.6596498193553055,8,0.17423584834803946,0.13036455150340256,0.006949701938371805,0.09873934005049803,0.002682994709041762,0.023775729619871185,8.601788402266011e-05,26,47,0.08038187850954959,0.14668054053423024,False,False,True,0.0008224239942100896,COMPLETE
1011,0.4767430543899536,2025-04-25 16:31:19.763472,2025-04-25 16:31:53.613689,0 days 00:00:33.850217,0.06603117292268589,0.6851765559036214,8,0.19753568193514742,0.13098236296591897,0.008224394458024083,0.09996776953637984,0.0014030763514111303,0.029164483521136073,7.321338241522545e-05,27,48,0.07228116969933215,0.17784208003061547,True,False,True,0.0009787017415676213,COMPLETE
1012,0.4626481533050537,2025-04-25 16:31:53.946553,2025-04-25 16:32:28.597738,0 days 00:00:34.651185,0.027875937748776454,0.6393637589987284,8,0.2008743192457444,0.13544111312834906,0.007959197346098304,0.09975257468969255,0.0010163715486909072,0.02644651457108886,0.00010796215222977208,28,43,0.07312540562246633,0.15608821214966945,True,False,True,0.0008190481697176387,COMPLETE
1013,0.453315281867981,2025-04-25 16:32:28.925732,2025-04-25 16:33:01.908577,0 days 00:00:32.982845,0.06179108241519587,0.6659419883127831,8,0.215850183323463,0.13197929127956642,0.01008974844736556,0.07215979859095399,0.002811075842886505,0.028474595786162755,0.00021382031920119172,26,45,0.07225383496559672,0.17856509379101812,True,False,True,0.0009928185024456187,COMPLETE
1014,0.4689543664455414,2025-04-25 16:33:02.219706,2025-04-25 16:33:36.431768,0 days 00:00:34.212062,0.04554148819764152,0.6837943105523604,8,0.20002873718611605,0.13893176337653076,0.006105123715978603,0.09760857852267656,0.0011505319882967446,0.024653463289886313,7.610091116528865e-05,27,48,0.07481977085800219,0.18725306213660756,True,False,True,0.0009978462384092695,COMPLETE
1015,0.46205175518989566,2025-04-25 16:33:36.755844,2025-04-25 16:34:11.581939,0 days 00:00:34.826095,0.06989517966042959,0.6300331723150039,8,0.20159728385517167,0.13961619374093273,0.0085834028158602,0.09995556554819553,0.0011289057897169478,0.020639479884715917,7.457757694941838e-05,28,48,0.07505073855374995,0.16423733782780575,True,False,True,1.9810676887388923e-08,COMPLETE
1016,0.44121904373168946,2025-04-25 16:34:11.906883,2025-04-25 16:34:45.345033,0 days 00:00:33.438150,0.08182915081902603,0.6519987861220776,8,0.20921097709772563,0.13778911200953492,0.006878351791733477,0.09729467179054464,0.0013426242779761774,0.022840737606662574,7.442529408318347e-05,26,44,0.07208092340582856,0.15900218195035495,True,True,True,0.0009562600862551702,COMPLETE
1017,0.4073798716068268,2025-04-25 16:34:45.671968,2025-04-25 16:35:19.652365,0 days 00:00:33.980397,0.055189641062583436,0.6837042714150915,8,0.2104351394447588,0.13747780596819317,0.006578029757340208,0.0976382883782764,0.004614024165210521,0.024159924019583792,8.367586571103098e-05,27,48,0.07423524688253395,0.19051391748071927,True,False,True,0.0009818273150016413,COMPLETE
1018,0.4429018497467041,2025-04-25 16:35:19.982250,2025-04-25 16:35:54.203032,0 days 00:00:34.220782,0.07539569819361269,0.6691999578171697,8,0.1971518563352494,0.13797928404262066,0.012506020303426268,0.0998818028666308,0.003315023653851061,0.021213276320263347,9.47096112035765e-05,28,41,0.07646503647302295,0.12906933776716747,True,False,True,0.0009845289636655674,COMPLETE
1019,0.4406760692596436,2025-04-25 16:35:54.532391,2025-04-25 16:36:18.121650,0 days 00:00:23.589259,0.05438223550925102,0.6173168837741836,8,0.20303680670124907,0.1316100681190884,0.004783298029544827,0.09618504706735033,0.005523590084741259,0.02540087925805394,7.066780828624804e-05,13,48,0.07836250130718968,0.17598276235799343,True,False,True,0.0009843357413132372,COMPLETE
1020,0.35472122430801395,2025-04-25 16:36:18.433416,2025-04-25 16:36:52.282420,0 days 00:00:33.849004,0.047043621702070854,0.6543448920773286,8,0.1957418022968264,0.1424292514158309,0.004390043337287796,0.09810713569450373,0.0011726781161520566,0.022741503319280452,9.196168681692566e-05,27,39,0.07080409168320574,0.14865819653749818,True,False,True,0.00099976947534915,COMPLETE
1021,0.46742865443229675,2025-04-25 16:36:52.607086,2025-04-25 16:37:26.770944,0 days 00:00:34.163858,0.0923969838101934,0.6916525955293469,8,0.2071421875200464,0.13619610985919328,0.008230165709230285,0.09402492259829136,0.003368477374996348,0.025254607592920156,7.216027981691905e-05,27,45,0.07357236377736145,0.14205824168788972,True,False,True,0.000708471022978794,COMPLETE
1022,0.45461184978485114,2025-04-25 16:37:27.097159,2025-04-25 16:38:02.029637,0 days 00:00:34.932478,0.06617681218451568,0.6333768716736541,8,0.19483933443924387,0.13102131470104422,0.005545076395038185,0.09583925694103886,0.007228088783232585,0.018706638070571366,0.0012047248428468979,28,50,0.0891134685625968,0.1678628815583831,True,False,True,0.0006858917708268248,COMPLETE
1023,0.4632430374622345,2025-04-25 16:38:02.356201,2025-04-25 16:38:35.692542,0 days 00:00:33.336341,0.03679803445452144,0.6091478067303047,8,0.20136437513535482,0.13944297221747098,0.011208836906304209,0.09806301020491633,0.0010026217032298094,0.02766190181597222,8.086057543602032e-05,26,47,0.07664204831841848,0.1335697360237451,True,False,True,0.000806609737066033,COMPLETE
