number,value,datetime_start,datetime_complete,duration,params_alpha-eval,params_alpha-train,params_batch-size,params_eps-eval,params_eps-train,params_lambda-actions-eval,params_lambda-actions-train,params_lambda-frames-eval,params_lambda-frames-train,params_learning-rate,params_n-epochs,params_n-frames,params_radius-gw,params_rho,params_std-feats,params_ub-actions,params_ub-frames,params_weight-decay,state
1907,0.4888662815093994,2025-04-06 09:38:21.847288,2025-04-06 09:38:53.166026,0 days 00:00:31.318738,0.6334951037228017,0.04065436880792514,8,0.07927002191327708,0.06457793339525797,0.011450786629214246,0.06622965837444479,0.011512798691328919,0.0046259014786399315,0.000984851086228241,25,81,0.09237507147962477,0.1998998988459858,False,False,True,2.724826810896269e-06,COMPLETE
1908,0.4753502309322357,2025-04-06 09:38:53.797499,2025-04-06 09:39:27.639889,0 days 00:00:33.842390,0.6488518667650259,0.0965030050604331,8,0.09185716291476549,0.051858120834861916,0.013147550443140284,0.06595155979742494,0.012621405999617134,0.0069029968839559525,0.0006555125953326449,28,84,0.08792630971086889,0.19186541954011185,False,False,True,2.254173567124763e-06,COMPLETE
1909,0.489776349067688,2025-04-06 09:39:28.248916,2025-04-06 09:40:02.805650,0 days 00:00:34.556734,0.663662956222821,0.063341019237553,8,0.07579119247102685,0.06367851073811745,0.009997769037330802,0.07291140019253492,0.009010251214163208,0.008046625373287349,0.0008685849179157969,29,93,0.09371255215572522,0.19722220855815842,False,False,True,3.913162646022807e-06,COMPLETE
1910,0.4860833048820496,2025-04-06 09:40:03.432977,2025-04-06 09:40:36.334351,0 days 00:00:32.901374,0.6692603019113241,0.0315092323703003,8,0.08756491916353262,0.0583712046924658,0.014149050579196494,0.06867152666587137,0.01335451637926217,0.005162773768510212,0.0012166606217387757,27,86,0.09459221649809796,0.20903395016053036,False,False,True,3.2343060195846874e-06,COMPLETE
1911,0.3948713839054108,2025-04-06 09:40:36.969162,2025-04-06 09:41:10.441740,0 days 00:00:33.472578,0.6191123421907148,0.010400706498690675,8,0.07810069746646273,0.06704247762485416,0.015263967618465837,0.06955931120656658,0.025296179579817127,0.0028766981260303897,0.00046220058708541583,28,77,0.0948213732181104,0.167949433318672,False,False,True,2.338628538611384e-06,COMPLETE
1912,0.48519569635391235,2025-04-06 09:41:11.054052,2025-04-06 09:41:44.091187,0 days 00:00:33.037135,0.6420961732657243,0.07651581720879896,8,0.07145268928691635,0.06871467964015347,0.014760926950909286,0.06640749919605037,0.014900889173744696,0.00657543689885333,0.000558818074006406,27,81,0.09196421348750043,0.19361797324129273,False,False,True,2.866504354044773e-06,COMPLETE
1913,0.4087611556053162,2025-04-06 09:41:44.723533,2025-04-06 09:42:21.418067,0 days 00:00:36.694534,0.6670299458980179,0.11673799542628602,8,0.07546702682359503,0.061877911470927395,0.011132250541170789,0.0661217542101615,0.010104338492969328,0.007802734834609369,0.0007591707058232287,30,72,0.0904685231853003,0.2227452849261616,True,True,True,3.9244998051507036e-06,COMPLETE
1914,0.3850516557693482,2025-04-06 09:42:22.027477,2025-04-06 09:42:54.692584,0 days 00:00:32.665107,0.6480960474467319,0.05230129632305572,8,0.07198179606606751,0.04906206963557089,0.009756945604308023,0.06553406173039845,0.013269181085093262,0.0487617608232684,0.0010867544297495663,27,75,0.09535305816034195,0.17827994879314757,False,False,True,1.8563955876179416e-06,COMPLETE
1915,0.40657410025596624,2025-04-06 09:42:55.326868,2025-04-06 09:43:29.126564,0 days 00:00:33.799696,0.6745997109884216,0.08554960607438233,8,0.0810048889095122,0.07446765650379787,0.015350159589219592,0.06472096282635395,0.027522134100980825,0.009308446435494347,0.011146868898709044,28,79,0.06791465145494056,0.20299749648313625,False,False,True,2.0335362676401316e-06,COMPLETE
1916,0.4280522882938385,2025-04-06 09:43:29.741383,2025-04-06 09:44:58.225061,0 days 00:01:28.483678,0.6851225992505301,0.0529065303935039,2,0.07221121311777595,0.05552546454963887,0.013597406929816333,0.0699036814956279,0.024194706539615335,0.00487191870763799,0.0009080980959447772,26,88,0.09344746181834127,0.18705143718707912,False,False,True,2.987389535009402e-06,COMPLETE
1917,0.4888982176780701,2025-04-06 09:44:58.866719,2025-04-06 09:45:31.718646,0 days 00:00:32.851927,0.6291004419444818,0.09981200401143156,8,0.06932891814939793,0.06621298015791026,0.016041274346659758,0.008275291149206068,0.029712162077215346,0.008754367857474923,0.0006107183406231837,27,82,0.09554129942927642,0.16050829121949078,False,False,True,2.0770232090721664e-06,COMPLETE
1918,0.3891905188560486,2025-04-06 09:45:32.334559,2025-04-06 09:46:03.544356,0 days 00:00:31.209797,0.652846564549998,0.0743199611427532,8,0.08191782338367984,0.07262645935322821,0.040051082500975894,0.06392939081546314,0.021029977998316764,0.005583565709752835,0.0007673692405796593,25,47,0.09583179799922006,0.18234086296214108,False,False,True,4.3377913040622264e-06,COMPLETE
1919,0.4339711725711823,2025-04-06 09:46:04.180753,2025-04-06 09:46:38.478948,0 days 00:00:34.298195,0.6712146989711042,0.03446237266220521,8,0.1021263693277813,0.06356385600659002,0.011693073141797747,0.013887661207350275,0.01374321164927981,0.0011088037571141277,0.0015314127482056964,29,85,0.09313989711437658,0.19304691955609787,False,False,True,2.7480150016847646e-06,COMPLETE
1920,0.4793834745883942,2025-04-06 09:46:39.091341,2025-04-06 09:47:12.643377,0 days 00:00:33.552036,0.5845120357956599,0.06467903860641698,8,0.06690791876869451,0.10453315460077045,0.016446421483899406,0.06761636056075414,0.022993434884869664,0.00702773985566571,0.0009527637986005647,28,78,0.08900136480212842,0.2018936623753226,False,False,True,1.8914358579622372e-06,COMPLETE
1921,0.35635367631912235,2025-04-06 09:47:13.283312,2025-04-06 09:47:45.647981,0 days 00:00:32.364669,0.6845024808379848,0.02641530132093782,8,0.07308740274604748,0.07863503103743752,0.009121906915756268,0.015845824291052565,0.038445192530259666,0.009683711733614191,0.00034717886639222,26,90,0.09573766698868028,0.17287402605107274,False,False,True,1.669809149084111e-06,COMPLETE
1922,0.3572516798973083,2025-04-06 09:47:46.264368,2025-04-06 09:48:12.735301,0 days 00:00:26.470933,0.6380074983284183,0.4911650044922134,16,0.06289507577575007,0.058176143309606645,0.01405131809587959,0.02183322030313522,0.011260431088681688,0.010101900815734591,0.0006669206667976125,27,83,0.09649933525530886,0.18915357290201917,False,False,False,2.423426692387843e-06,COMPLETE
1923,0.39727384448051456,2025-04-06 09:48:13.371400,2025-04-06 09:48:47.133690,0 days 00:00:33.762290,0.6590122727012472,0.08983691557310067,8,0.04186862527409205,0.06847690807094026,0.016919974826881064,0.06467889433803535,0.019182561596827043,0.004699857231328095,0.000453350754294146,28,75,0.09418946768596963,0.1985422929960073,False,False,True,3.177886070513458e-06,COMPLETE
1924,0.4881203293800354,2025-04-06 09:48:47.749312,2025-04-06 09:49:20.387612,0 days 00:00:32.638300,0.6160251299188597,0.050598660257785,8,0.0793480095031828,0.07399640176063405,0.012271572837336198,0.038569547442629526,0.021571675047852824,0.008023685050483056,0.0012609126945958107,27,71,0.09679091088238012,0.17871593703880623,False,False,True,1.5607376004564927e-06,COMPLETE
1925,0.40010856389999394,2025-04-06 09:49:21.020412,2025-04-06 09:49:55.532630,0 days 00:00:34.512218,0.6889081902186902,0.1117934213208795,8,0.08839916152086526,0.05270066263269512,0.014935471192697596,0.07189262928208019,0.015470396434347881,0.0026088357274752457,0.0005387400028922655,29,80,0.09353184378167326,0.2076139676720975,False,False,True,2.171054153357919e-06,COMPLETE
1926,0.48562784194946296,2025-04-06 09:49:56.174249,2025-04-06 09:50:28.532766,0 days 00:00:32.358517,0.6005219542675652,0.07528345050217147,8,0.05436470876536495,0.061218560372438224,0.0171455702767597,0.06879552168997538,0.01745796491296403,0.006445913202008092,0.0008478202662879832,26,87,0.09146796170012302,0.21540955915810325,False,False,True,1.521548021376838e-06,COMPLETE
1927,0.39561766982078556,2025-04-06 09:50:29.145089,2025-04-06 09:51:02.216545,0 days 00:00:33.071456,0.6732677312302227,0.010976073081526198,8,0.06329290939021026,0.06820197170240688,0.042638316404651766,0.011935593638773072,0.024762544388021872,0.01050333934855264,0.0010135171893197858,28,68,0.09665844183086393,0.19400812597672645,False,False,True,1.7312956547614703e-06,COMPLETE
1928,0.4766923904418946,2025-04-06 09:51:02.858124,2025-04-06 09:51:35.642825,0 days 00:00:32.784701,0.6948780314831177,0.04398825997676436,8,0.069298617547876,0.0803276642132284,0.05636855798836242,0.04601673399562083,0.014018735322241798,0.009239591753726219,0.0007245955152536375,27,77,0.09436413932534836,0.18427387747416968,False,False,True,2.466073292987062e-06,COMPLETE
1929,0.4858013868331909,2025-04-06 09:51:36.285729,2025-04-06 09:53:09.482819,0 days 00:01:33.197090,0.6499708836979455,0.13343206300253593,2,0.07515134224252111,0.08912827517586469,0.010296682938091217,0.018458538389052974,0.020662691054337025,0.006817807851520451,0.0005867582009216525,28,82,0.09688751105890854,0.15497969898290773,False,False,True,3.6232128997523204e-08,COMPLETE
1930,0.4224137008190155,2025-04-06 09:53:10.102568,2025-04-06 09:53:42.533461,0 days 00:00:32.430893,0.6645624285814759,0.06350022345784578,8,0.12012877222664176,0.04773381077039178,0.013310678326337083,0.004316609838436718,0.018314038366337607,0.003761353841032198,0.0011516532178658704,26,73,0.09559266676278218,0.1666048063003976,False,False,True,1.272617498584984e-06,COMPLETE
1931,0.28615721464157107,2025-04-06 09:53:43.173448,2025-04-06 09:54:15.180081,0 days 00:00:32.006633,0.6845032372846802,0.094597821918866,8,0.05832661718302608,0.06093609700645759,0.015033882521738273,0.027197345951327643,0.026688262075436158,0.00986311980843972,0.0007991435374970504,25,85,0.09781297214179277,0.18857421753977055,False,True,True,3.3008093481030405e-06,COMPLETE
1932,0.36610135436058044,2025-04-06 09:54:15.796191,2025-04-06 09:54:50.382715,0 days 00:00:34.586524,0.6271216843282271,0.040585355389108776,8,0.051581447798871215,0.07183742601336553,0.01715774155817652,0.06392571044068159,0.011560891472719069,0.007836144244661452,0.000656134790544512,27,79,0.09262520964549323,0.20253402453707006,True,False,True,1.9113625831536826e-06,COMPLETE
1933,0.3951114594936371,2025-04-06 09:54:51.018364,2025-04-06 09:55:24.915112,0 days 00:00:33.896748,0.7111551692306107,0.07039066784512626,8,0.06671602076845651,0.04211669652776064,0.05320991378770545,0.008401974762492305,0.030790292555313615,0.010913209663146725,0.00043582935380823796,29,62,0.0955465729775653,0.17487905748542878,False,False,True,4.35538745323132e-06,COMPLETE
1934,0.4835824191570282,2025-04-06 09:55:25.554434,2025-04-06 09:55:58.566521,0 days 00:00:33.012087,0.6506423609225666,0.10977305423730568,8,0.04661857079258748,0.06618459541204484,0.013134994947936449,0.06662906276456622,0.056207309891892904,0.00552559086074532,0.0009221478570185154,27,92,0.098104171464515,0.1965078670585234,False,False,True,1.1329813573603956e-06,COMPLETE
1935,0.3828008890151978,2025-04-06 09:55:59.187043,2025-04-06 09:56:32.757863,0 days 00:00:33.570820,0.6750862596778209,0.056282631082844134,8,0.0629091884197322,0.07717059241658374,0.01559430994342035,0.06308950916675747,0.01595847164648251,0.011436463783563992,0.00172824836697271,28,75,0.09477466892861153,0.21114784754928523,False,False,True,0.0003790452938954312,COMPLETE
1936,0.48226467370986936,2025-04-06 09:56:33.399551,2025-04-06 09:57:05.476132,0 days 00:00:32.076581,0.6951680702925781,0.02673903482668769,8,0.05800826455621431,0.05785663124329452,0.010949143223028038,0.006941484901905615,0.023329454903232377,0.008183623407729516,0.0013172180273066632,26,81,0.09690902606627044,0.18347699371825008,False,False,True,1.5651962200326151e-06,COMPLETE
1937,0.48705548048019415,2025-04-06 09:57:06.096608,2025-04-06 09:57:39.491585,0 days 00:00:33.394977,0.6651103157517116,0.08682876425840624,8,0.03579337643757748,0.08531073677695053,0.016729217814806328,0.07450078395761435,0.01981653573148166,0.00451770029360163,0.001056289877132495,27,85,0.0980936989611318,0.19207247163711064,False,False,True,2.6674007857570555e-06,COMPLETE
1938,0.39360926747322084,2025-04-06 09:57:40.137707,2025-04-06 09:58:13.563259,0 days 00:00:33.425552,0.6363582294442744,0.07517147460289489,8,0.07389820746723265,0.07155018909764427,0.017749641870929842,0.0011077289240492647,0.01335291023821519,0.009965823578597413,0.0005197638807183614,28,77,0.09378260687506829,0.2055282118665042,False,False,True,2.131989601879951e-06,COMPLETE
1939,0.35728331804275515,2025-04-06 09:58:14.182215,2025-04-06 09:58:54.650460,0 days 00:00:40.468245,0.7200223609424216,0.0479239891186551,8,0.06817633854798288,0.054529358816738364,0.01350833849880297,0.010186312702220441,0.017892350250779468,0.006724190097330077,0.0006926721111811648,30,83,0.09823095752192527,0.1719639281114106,False,False,False,1.3828796700963617e-06,COMPLETE
1940,0.48650515079498297,2025-04-06 09:58:55.290710,2025-04-06 09:59:28.717691,0 days 00:00:33.426981,0.6961594288154894,0.10279182212275809,8,0.055168166574122296,0.06495385751700762,0.050556128957182374,0.06451096319072214,0.021773203505251408,0.01211670106807269,0.000848503855533324,27,89,0.09571264339683444,0.17955246437345931,False,False,True,1.08793683015822e-06,COMPLETE
1941,0.3585454404354096,2025-04-06 09:59:29.338190,2025-04-06 10:00:57.096961,0 days 00:01:27.758771,0.6762448236596956,0.027460792707119645,2,0.09529572196718311,0.09725688814121863,0.009063678002786218,0.05415866740561975,0.01559850507345384,0.0024013028560618674,0.0005735443956108201,26,80,0.0921595963791082,0.19969078897354384,False,False,True,1.6052686157675542e-06,COMPLETE
1942,0.4834568500518799,2025-04-06 10:00:57.737919,2025-04-06 10:01:32.104922,0 days 00:00:34.367003,0.6060785044936846,0.067157775372277,8,0.047192382750604306,0.07908843575708961,0.062268826382366894,0.06823833054394021,0.020804955943593766,0.008605914552606555,0.0007255172716911923,29,70,0.08944700264263822,0.18680329829601136,False,False,True,3.250012481488674e-06,COMPLETE
1943,0.3817626178264618,2025-04-06 10:01:32.748362,2025-04-06 10:01:56.544120,0 days 00:00:23.795758,0.6481114940407519,0.12738734264041857,16,0.061799759403638174,0.06902412578046044,0.014302113436356656,0.06190441386856179,0.009822610760955496,0.04495311876881616,0.0009399535591118808,27,73,0.0714364986441685,0.19557077538012613,False,False,True,1.0524950180454145e-06,COMPLETE
1944,0.4862988591194153,2025-04-06 10:01:57.160190,2025-04-06 10:02:30.625551,0 days 00:00:33.465361,0.7088744757515865,0.08926342346124728,8,0.07526716749995513,0.05993385429029476,0.017916847338249987,0.06413438092347656,0.02793585211087809,0.010829963655590677,0.0013371608894318405,28,77,0.09699142739636123,0.1902219213730353,False,False,True,1.7974221179134228e-06,COMPLETE
1945,0.4741473972797394,2025-04-06 10:02:31.264740,2025-04-06 10:03:05.074043,0 days 00:00:33.809303,0.7273819835980532,0.051812833624970675,8,0.06831045457645933,0.06436144307816993,0.012625533202527977,0.05523282950582957,0.017449201690967732,0.0060004063942830045,0.00037052368382761903,28,87,0.09841935758187279,0.1620218367371035,False,False,True,2.1831049150057078e-06,COMPLETE
1946,0.489997935295105,2025-04-06 10:03:05.724184,2025-04-06 10:03:37.556620,0 days 00:00:31.832436,0.6615958891096363,0.04122440174179196,8,0.0543936225709722,0.07467297746260315,0.01621935668609871,0.012475337961490444,0.049035867216045664,0.0037304131656341125,0.0010885773798043445,26,65,0.09486008429031209,0.17719282108917303,False,False,True,1.3291435849073987e-06,COMPLETE
1947,0.4501565515995026,2025-04-06 10:03:38.180781,2025-04-06 10:04:09.753049,0 days 00:00:31.572268,0.6882996900274814,0.07551719928241823,8,0.08412957587259533,0.050384809170052725,0.010352271425183465,0.06678171660914164,0.024563156477768563,0.008709734688178712,0.0008058218001590968,25,82,0.0966382729054995,0.18377987646462313,False,False,True,8.936311422861219e-07,COMPLETE
1948,0.37369424700737,2025-04-06 10:04:10.397800,2025-04-06 10:04:43.453174,0 days 00:00:33.055374,0.8695142413714398,0.05702478470159675,8,0.0631256875546051,0.08193501647936412,0.015298379123589617,0.05962563336858653,0.019656863140476957,0.011837884810088841,0.0006419609426132368,27,79,0.09831671909721955,0.20121247071763806,False,False,True,2.686294226026861e-06,COMPLETE
1949,0.36540213823318485,2025-04-06 10:04:44.071637,2025-04-06 10:05:17.027829,0 days 00:00:32.956192,0.7751003358487575,0.10261592903340316,8,0.030246510802665612,0.07313936921384959,0.018506226284985328,0.03596598228920888,0.014379110934864364,0.012915175043498326,0.0004842191882659468,27,75,0.0934645508856946,0.20802316445538563,False,True,True,1.2129119595040193e-06,COMPLETE
1950,0.3642356336116791,2025-04-06 10:05:17.672401,2025-04-06 10:05:53.982105,0 days 00:00:36.309704,0.7436863804748804,0.02669136893054804,8,0.050181289339166144,0.06783818656234576,0.011950292962116676,0.07097422182908153,0.022573988137841346,0.010544885526914318,0.0002508733080066278,29,85,0.07679045242367843,0.19363230479391788,True,False,True,4.33990520339104e-06,COMPLETE
1951,0.34636856913566594,2025-04-06 10:05:54.603131,2025-04-06 10:06:21.428855,0 days 00:00:26.825724,0.629876434292063,0.08560527183506783,8,0.059115200865177485,0.14653867691808134,0.014673714197212676,0.015357184800515868,0.017087249566219258,0.007022318470462327,0.0008046431379873718,18,90,0.09566822926793951,0.16869995073230573,False,False,True,9.344804729930751e-07,COMPLETE
1952,0.3835411846637726,2025-04-06 10:06:22.067156,2025-04-06 10:06:55.968349,0 days 00:00:33.901193,0.6778284588914694,0.06312098197821814,8,0.04164614999649241,0.05511809064622387,0.04767179935458788,0.06339527446060082,0.01292171758580987,0.0889152326151148,0.0005869731839849591,28,94,0.09827520238532989,0.18719654015067516,False,False,True,1.4510523940956195e-06,COMPLETE
1953,0.3608384132385254,2025-04-06 10:06:56.613208,2025-04-06 10:08:23.540181,0 days 00:01:26.926973,0.7037710223118658,0.04252511653573837,2,0.07100419422353359,0.23130047208983917,0.01812019757747094,0.06122682819258032,0.018619523656933114,0.009561545995685764,0.0010265835058710642,26,80,0.09086648467295022,0.21367650795359133,False,False,True,1.0199407051587786e-06,COMPLETE
1954,0.4666663646697998,2025-04-06 10:08:24.160946,2025-04-06 10:08:56.463531,0 days 00:00:32.302585,0.6481935982416578,0.11938117619064435,8,0.07977476628013658,0.07640675114987559,0.011528621915706132,0.010293132650646523,0.01496319972027067,0.00483148863766204,0.0006872716840027625,26,72,0.09669554064426059,0.07253369119241308,False,False,True,1.8322671153081314e-06,COMPLETE
1955,0.488372540473938,2025-04-06 10:08:57.107460,2025-04-06 10:09:31.197874,0 days 00:00:34.090414,0.6639694433637697,0.08370519324813497,8,0.06362780804442042,0.06218413369125344,0.016317186720489908,0.05789186669567527,0.02048331417548765,0.013174112784434599,0.0009197873202223507,28,77,0.09432291824870719,0.19886954000370463,False,False,True,2.2018757624839264e-06,COMPLETE
1956,0.3519949078559876,2025-04-06 10:09:31.850056,2025-04-06 10:10:04.581159,0 days 00:00:32.731103,0.6904290070178939,0.010857776911906002,8,0.054103693967579455,0.06942503679244996,0.008172357717463751,0.05288207078225391,0.025591428400997915,0.008295894513121384,0.001534728225153278,27,82,0.09841398364748445,0.1485867350507981,False,False,True,7.991028614440957e-07,COMPLETE
1957,0.45467695593833923,2025-04-06 10:10:05.197270,2025-04-06 10:10:38.278425,0 days 00:00:33.081155,0.7122924492147028,0.0656900594094956,8,0.06731452712786419,0.08981221277797782,0.01386360137647576,0.0772950761077664,0.022085292138418085,0.0011100487015584665,0.0011967046237955433,27,86,0.09566958933111831,0.17794515192477825,False,False,True,3.3870644341016263e-06,COMPLETE
1958,0.3542659878730774,2025-04-06 10:10:38.923104,2025-04-06 10:11:16.569657,0 days 00:00:37.646553,0.7380202093596794,0.14673137192866623,8,0.05991467854757839,0.05963296700737476,0.019178653163204436,0.06562163584797188,0.06223120053637772,0.02280505861421831,0.00032318939982199234,28,75,0.09259441338736846,0.19242729247735973,False,False,False,1.2063545274175793e-06,COMPLETE
1959,0.4005545377731323,2025-04-06 10:11:17.220569,2025-04-06 10:11:48.641235,0 days 00:00:31.420666,0.6123713856583802,0.10074834580858877,8,0.04575834468707234,0.08081030224237888,0.016138142854847,0.006045094986383347,0.01139434611839342,0.011457803832078249,0.0005192187546850875,25,68,0.08683429014608307,0.20587053933088736,False,False,True,2.5992242228369135e-06,COMPLETE
1960,0.4897745490074158,2025-04-06 10:11:49.268561,2025-04-06 10:12:21.630926,0 days 00:00:32.362365,0.6411418125471435,0.04623278559882978,8,0.0755151133985267,0.06420741718495172,0.028595240173652045,0.07952206333909455,0.01680792851847086,0.006646762536684173,0.00040725938315957865,26,83,0.09829083798798868,0.1829201595659789,False,False,True,7.682700361686123e-07,COMPLETE
1961,0.48984888792037967,2025-04-06 10:12:22.289178,2025-04-06 10:12:56.490112,0 days 00:00:34.200934,0.6763507640254788,0.07372495480955527,8,0.055927394992056956,0.07336097297514546,0.058959763608316576,0.06936325534669092,0.01866766080219799,0.013588872465574116,0.000769063945944526,29,78,0.09695062863988387,0.19777188251035863,False,False,True,1.7645848488460274e-06,COMPLETE
1962,0.45686603784561164,2025-04-06 10:12:57.117258,2025-04-06 10:13:30.380876,0 days 00:00:33.263618,0.6956323237108825,0.028011767005524737,8,0.06856509680068924,0.046971165051846994,0.01876010624293027,0.05623955480720462,0.03052802992409655,0.00404549339485016,0.0006103589390284175,27,89,0.09454486320415756,0.17056043101400892,False,False,True,1.0121977246284525e-06,COMPLETE
