number,value,datetime_start,datetime_complete,duration,params_alpha-eval,params_alpha-train,params_batch-size,params_eps-eval,params_eps-train,params_lambda-actions-eval,params_lambda-actions-train,params_lambda-frames-eval,params_lambda-frames-train,params_learning-rate,params_n-epochs,params_n-frames,params_radius-gw,params_rho,params_std-feats,params_ub-actions,params_ub-frames,params_weight-decay,state
0,0.2871637582778931,2025-04-24 20:42:58.833595,2025-04-24 20:43:23.599857,0 days 00:00:24.766262,0.8562474270567306,0.6476505854080734,16,0.12834758690058323,0.28705799694077355,0.0873400059905584,0.0429934550398279,0.08647496377856058,0.0926406306611479,0.0016792043734798036,27,48,0.03334402485660091,0.06411773726666997,False,False,True,6.38200964478123e-07,COMPLETE
1,0.28615721464157107,2025-04-24 20:43:23.606679,2025-04-24 20:43:57.233790,0 days 00:00:33.627111,0.7004623258930979,0.2819539085886359,2,0.27022471528900116,0.07886127927512633,0.00988591152445939,0.04065214990622384,0.033894263358498,0.025127243786767235,0.0007225638241236343,6,60,0.09234254442004486,0.2993076008100088,True,True,True,1.8377434395856262e-06,COMPLETE
2,0.30338446497917176,2025-04-24 20:43:57.237379,2025-04-24 20:44:22.678951,0 days 00:00:25.441572,0.8084181856625821,0.8190926724652137,16,0.09645689627072354,0.26803171946430226,0.09721397404570235,0.05997518025640172,0.09405649498118138,0.020088036867977277,1.9673294773663354e-05,30,33,0.07311782516646498,0.12239404043402859,True,True,True,0.00019071840006106773,COMPLETE
3,0.3469771504402161,2025-04-24 20:44:22.682793,2025-04-24 20:44:51.538634,0 days 00:00:28.855841,0.3253596682794133,0.8402140324294699,8,0.2183758436142806,0.2424778426359508,0.09596017219953147,0.08612930159470712,0.021809943123070448,0.02474169827780347,0.006895931386194256,17,99,0.050770513008796085,0.2593480171578365,True,False,True,0.0005514735093023299,COMPLETE
4,0.4070796072483063,2025-04-24 20:44:51.543028,2025-04-24 20:45:16.873827,0 days 00:00:25.330799,0.7549432235789156,0.22369804911439206,16,0.2590352081113863,0.03095145486465416,0.010980768301147852,0.0859019763780802,0.07563585471470101,0.05252592779406643,0.006145707186463392,18,71,0.004319602022872849,0.22440244866250367,True,False,False,8.956348122894274e-05,COMPLETE
5,0.28615721464157107,2025-04-24 20:45:16.878250,2025-04-24 20:46:12.831285,0 days 00:00:55.953035,0.558835662614228,0.8979683014755189,2,0.24082232447050791,0.009979177364456021,0.06593118999784293,0.035397047488318664,0.08219241287596118,0.07295431870744223,0.00011528768034845194,11,148,0.03891016542097624,0.12310332969391624,True,False,False,5.100118723127287e-07,COMPLETE
6,0.34598503112792967,2025-04-24 20:46:12.836036,2025-04-24 20:46:45.275606,0 days 00:00:32.439570,0.026322252981309698,0.22811165358827257,8,0.23883006968198534,0.21758199756264457,0.013906422458669052,0.0356416139614034,0.07581142404177846,0.0512181146438009,0.02735459804098438,21,77,0.07090430642114741,0.18980924193160964,False,False,False,1.1263934521578534e-06,COMPLETE
7,0.28857970237731934,2025-04-24 20:46:45.280604,2025-04-24 20:47:34.463840,0 days 00:00:49.183236,0.30422249244377436,0.6643616013166931,2,0.2485581847697879,0.05674193659275613,0.01452866711420217,0.028628541755818526,0.014591899197789245,0.017073920030054278,0.002692702388127051,12,77,0.09723443456577284,0.0983198686591075,False,True,False,5.30069409089017e-08,COMPLETE
8,0.33699259757995603,2025-04-24 20:47:34.469193,2025-04-24 20:48:17.845976,0 days 00:00:43.376783,0.8566326308092711,0.42031497949847996,2,0.2372489113120341,0.15839035109473118,0.04873806119110518,0.06715142750571555,0.04620814853852514,0.019409715605094035,1.655636167204909e-05,10,61,0.017710151335963997,0.2587630099243725,False,False,True,3.932854403917579e-06,COMPLETE
9,0.31150200963020325,2025-04-24 20:48:17.851579,2025-04-24 20:48:37.585776,0 days 00:00:19.734197,0.19885070066191413,0.48924327596773204,16,0.2646669622168428,0.2313406187324421,0.06972747562820043,0.04640027751328864,0.022865616786053068,0.04407454511716715,0.0015226023517179092,17,69,0.0910613319403687,0.1403342170396813,False,True,False,6.387783149035132e-08,COMPLETE
10,0.3820961833000183,2025-04-24 20:48:37.592149,2025-04-24 20:49:01.732290,0 days 00:00:24.140141,0.9911682138507838,0.04887021156904636,16,0.0011913425684434154,0.12421681980291589,0.029391328387366196,0.09865168537194127,0.06435142786189574,0.058117792196484094,0.06199329554782554,23,12,0.0022521166232353975,0.013357397109294566,True,False,False,3.207846310738261e-05,COMPLETE
11,0.37470765113830573,2025-04-24 20:49:01.739270,2025-04-24 20:49:25.678919,0 days 00:00:23.939649,0.9994587644644725,0.0157567419488914,16,0.001358748265519792,0.12678902749716417,0.03751388366705904,0.0948279317982488,0.0608750435317998,0.06045200713386719,0.044718860847985854,22,8,0.004023970061137028,0.011331851692221062,True,False,False,3.069345825467131e-05,COMPLETE
12,0.28615721464157107,2025-04-24 20:49:25.685582,2025-04-24 20:49:58.580711,0 days 00:00:32.895129,0.6161294166032101,0.026496130834010874,16,0.010884378554760848,0.005223651328892572,0.03128487234552097,0.0025666498027088203,0.06708630324211567,0.07467643587398488,0.07060797753357465,24,110,0.0034586050127677903,0.20982063973716022,True,False,False,3.820949106760496e-05,COMPLETE
13,0.3671378076076508,2025-04-24 20:49:58.587753,2025-04-24 20:50:21.090008,0 days 00:00:22.502255,0.9944911316532121,0.20116125140321256,16,0.17333134093140382,0.15673990913253566,0.0020765036080216057,0.07872039917334922,0.05169041017704219,0.043130069076095456,0.010471726237789643,19,13,0.019938026175175053,0.0047769433045924715,True,False,False,2.2103376573165e-05,COMPLETE
14,0.3618237733840942,2025-04-24 20:50:21.097219,2025-04-24 20:50:42.511241,0 days 00:00:21.414022,0.7134617626292095,0.1358012018046903,16,0.061228013238522075,0.09132271194286451,0.028063131568172184,0.0920830610292417,0.07210903811897507,0.06758548181267825,0.010564523745276158,15,31,0.01787248635036669,0.1909875829239177,True,False,False,0.0001230731708450138,COMPLETE
15,0.39142087101936346,2025-04-24 20:50:42.518791,2025-04-24 20:51:15.708793,0 days 00:00:33.190002,0.9131131731987404,0.3498750097970692,16,0.19716293371918495,0.04226104617562547,0.023915257501242192,0.09931919136455883,0.09644606061995156,0.0033544332171289853,0.00036025707607405044,25,101,0.0028483532440847863,0.05488592423792711,True,False,False,0.0009677050124709185,COMPLETE
16,0.39713252782821656,2025-04-24 20:51:15.717388,2025-04-24 20:51:56.648516,0 days 00:00:40.931128,0.49113278980706654,0.34899218681262867,8,0.18548983115487647,0.041949124141142005,0.044930203078134855,0.07112263974158153,0.09451712492220851,0.005594454819665237,0.00031468938124645985,26,101,0.03322569713448705,0.07071852695481746,True,False,False,0.0007498596819302505,COMPLETE
17,0.3908656358718873,2025-04-24 20:51:56.656727,2025-04-24 20:52:43.368271,0 days 00:00:46.711544,0.45847621582460213,0.6023813165062215,8,0.29587374491327356,0.036125075187699016,0.048713310416919224,0.07001713137626683,0.0012769521621172966,0.0016345788389287436,0.00011828874446263423,30,122,0.055099568704874285,0.16491008829304743,True,False,False,0.00021831995913038177,COMPLETE
18,0.28615721464157107,2025-04-24 20:52:43.376719,2025-04-24 20:53:23.929586,0 days 00:00:40.552867,0.4407820890087863,0.37915474603712906,8,0.14844740782695354,0.08774943775407767,0.06469646051498228,0.079590878679767,0.09898551724803868,0.03505988117303995,0.0002269939546643347,27,136,0.031947320063256006,0.23225910895299412,True,True,False,8.14356960439735e-06,COMPLETE
19,0.3511269867420197,2025-04-24 20:53:23.938358,2025-04-24 20:53:52.583451,0 days 00:00:28.645093,0.6607861252678113,0.5127384575846559,8,0.1882860101240848,0.1835723946736212,0.043171642479859475,0.05799659805574642,0.0831945518920317,0.08622658267075603,0.004501576819212433,14,89,0.04225372621422448,0.059059094686753064,True,False,False,0.00010386265520682666,COMPLETE
20,0.3670741677284241,2025-04-24 20:53:52.592494,2025-04-24 20:54:28.863547,0 days 00:00:36.271053,0.5307304115186535,0.12720652657858655,8,0.2905464745586343,0.11980295233533636,0.05759474093246732,0.07448802296694315,0.05664990409172385,0.03585383485671245,6.228191073297308e-05,20,121,0.024850004165956004,0.09646605520036244,True,False,False,0.0005119198051942009,COMPLETE
21,0.38602570891380317,2025-04-24 20:54:28.872951,2025-04-24 20:55:01.768489,0 days 00:00:32.895538,0.7833191234428826,0.3389280878215947,16,0.19933564906123047,0.040248145110097756,0.021577413873850634,0.08756683624631637,0.09280923278611818,0.0022934435944736006,0.0005704888019489971,26,91,0.010645879337278065,0.04999555867784695,True,False,False,0.0005918232590116176,COMPLETE
22,0.3546469569206238,2025-04-24 20:55:01.778050,2025-04-24 20:55:35.586342,0 days 00:00:33.808292,0.8853716902846164,0.2596103664719298,16,0.16701086340225546,0.05492945165221538,0.002453510257447923,0.09901591981200693,0.09971566955834134,0.009903518924819492,0.00029668780467695616,25,105,0.015220414994323334,0.03883375273077181,True,False,False,0.0009413177973597579,COMPLETE
23,0.39685949087142947,2025-04-24 20:55:35.596205,2025-04-24 20:56:18.669360,0 days 00:00:43.073155,0.3564063647537953,0.47418076818599153,8,0.2127043080670932,0.026405044110975495,0.021893644403202184,0.08225246687476793,0.08772172163490184,0.009646991174672336,0.00035748348737774273,29,90,0.026082181358691014,0.08583844042558317,True,False,False,0.00022408753851612095,COMPLETE
24,0.39922615885734564,2025-04-24 20:56:18.680505,2025-04-24 20:57:00.479703,0 days 00:00:41.799198,0.35939947888507356,0.5017236146480987,8,0.21685979334548655,0.020542895489343023,0.03967011498634251,0.05940796243458309,0.0768132059630671,0.010949397939905268,0.000958164666721349,28,85,0.02960359856719092,0.10089205947074233,True,False,False,7.385667879398603e-05,COMPLETE
25,0.28615721464157107,2025-04-24 20:57:00.490320,2025-04-24 20:57:39.923545,0 days 00:00:39.433225,0.16288551939019252,0.5892099677088314,8,0.12313035734248143,0.0023743822918349602,0.07742642367506385,0.056434302435699385,0.07664303198065894,0.033485075379036014,0.0012613368945774176,28,58,0.05731441399066341,0.16354362408517734,True,False,False,7.045033163431936e-05,COMPLETE
26,0.28615721464157107,2025-04-24 20:57:39.934216,2025-04-24 20:57:57.035652,0 days 00:00:17.101436,0.4123969060876258,0.738532169504493,8,0.22388419171038115,0.07110181844369097,0.038985030130230726,0.07147745154117399,0.04297135286164366,0.05062381174603938,0.0031608350905966876,5,43,0.04220121631274176,0.08226005285135272,False,True,True,7.437626763822071e-06,COMPLETE
27,0.3734182476997376,2025-04-24 20:57:57.046755,2025-04-24 20:58:20.716478,0 days 00:00:23.669723,0.24848252653416056,0.14216260301128492,8,0.27538073193330254,0.10745677707997368,0.0368476622847412,0.06387100294425455,0.0700639011153914,0.013453270950423273,0.01948028474782177,8,114,0.03252083301675905,0.12373667608845537,True,False,False,1.6887779543200146e-05,COMPLETE
28,0.4095907747745514,2025-04-24 20:58:20.727806,2025-04-24 20:58:53.922634,0 days 00:00:33.194828,0.5456205904791043,0.443237494340058,8,0.15550534471610833,0.021760939056642906,0.05583604305193774,0.050536243775045495,0.07849035793183044,0.024827631497356773,4.0498656246599696e-05,19,83,0.010985139885557327,0.14856804447809832,True,False,False,6.5772905098572e-05,COMPLETE
29,0.33288663625717163,2025-04-24 20:58:53.934517,2025-04-24 20:59:18.703486,0 days 00:00:24.768969,0.5863909476117701,0.560690044116398,8,0.13446593860109046,0.018327116165025203,0.05806564268739425,0.023391535437365017,0.07744408580757153,0.028414291879779646,2.9415081390985825e-05,15,83,0.008963462977258571,0.14707810689952064,False,False,True,1.1869697471680781e-08,COMPLETE
30,0.4296782732009888,2025-04-24 20:59:18.716063,2025-04-24 21:00:37.521846,0 days 00:01:18.805783,0.7574712300802,0.6871690008455829,2,0.0967011939506355,0.06614661471874289,0.08224563612458205,0.049546605905676395,0.08780836000210718,0.09315880968619006,4.338745162515553e-05,19,48,0.0252503275404607,0.17483956533833944,True,False,False,1.0621164202144227e-05,COMPLETE
31,0.36699398756027224,2025-04-24 21:00:37.534199,2025-04-24 21:01:57.381725,0 days 00:01:19.847526,0.7554085029969042,0.6372676790134616,2,0.09750907587086384,0.05862204656111525,0.08281180572255362,0.05189495219968021,0.08710657404895134,0.0879096091242854,1.019612756455939e-05,19,47,0.011316174410125595,0.1849361709462592,True,False,False,6.0720572200352585e-05,COMPLETE
32,0.4213380753993988,2025-04-24 21:01:57.394206,2025-04-24 21:03:13.895770,0 days 00:01:16.501564,0.6625906401163943,0.7085502392044359,2,0.052502000221804554,0.0226594717005891,0.05659887564584283,0.048768360859626256,0.08200261176492529,0.08359034642683626,6.186769703240582e-05,18,69,0.02721196753998034,0.2204975967048567,True,False,False,8.556390328786427e-06,COMPLETE
33,0.45003084540367133,2025-04-24 21:03:13.908971,2025-04-24 21:04:34.637082,0 days 00:01:20.728111,0.6566614080950504,0.7448109721266585,2,0.05273435296382152,0.07496148070717774,0.0570329600964903,0.04599776010541764,0.08588472288203189,0.09448474695526256,4.330059127895282e-05,19,67,0.023640847373549285,0.227548133015595,True,False,False,1.061536116416515e-05,COMPLETE
34,0.28615721464157107,2025-04-24 21:04:34.651141,2025-04-24 21:05:36.622467,0 days 00:01:01.971326,0.6574138948679941,0.9855097289140409,2,0.04524267209801671,0.07094996605746381,0.07434889286466861,0.043814071337038255,0.09036754518033628,0.09660458225407784,3.365177687333376e-05,16,35,0.02346721147449384,0.2600606439982442,True,True,True,1.1845355280972237e-05,COMPLETE
35,0.44902623891830445,2025-04-24 21:05:36.635922,2025-04-24 21:07:02.230195,0 days 00:01:25.594273,0.6934302284186781,0.7255555035732766,2,0.066343596790274,0.09608840793966972,0.055615686990433816,0.05090497021540964,0.08299226387881889,0.08335427901550121,5.397110036982282e-05,21,57,0.03804260647137823,0.2842769216282761,True,False,False,3.283601484077199e-06,COMPLETE
36,0.35109403133392336,2025-04-24 21:07:02.243701,2025-04-24 21:08:17.182101,0 days 00:01:14.938400,0.6883865342930066,0.746517962308368,2,0.06374993521423869,0.09502513749174396,0.09150119104943219,0.037515300499529475,0.0835222583684137,0.08158668201917942,9.000300632272243e-05,21,55,0.0401013258727347,0.2940857452593677,True,False,True,2.507853424607956e-06,COMPLETE
37,0.4552771389484406,2025-04-24 21:08:17.196330,2025-04-24 21:09:48.025755,0 days 00:01:30.829425,0.8050588605613702,0.7122598910440623,2,0.02929583674717504,0.1364266565958393,0.08397350539938578,0.02639372115484874,0.0892413280820244,0.09687460887024799,5.947417673136255e-05,22,66,0.049250346649000444,0.24023452705618092,True,False,False,5.587538821510379e-07,COMPLETE
38,0.3790746092796326,2025-04-24 21:09:48.040186,2025-04-24 21:11:03.536474,0 days 00:01:15.496288,0.8170132626938402,0.8407330631139185,2,0.026848018795785522,0.17847521211654066,0.08715885455895823,0.021587781221342712,0.09051131805366601,0.09962688269484192,1.5797186134401557e-05,22,24,0.049642772215911915,0.2914161471341577,True,True,False,3.549708247654116e-07,COMPLETE
39,0.3588163793087006,2025-04-24 21:11:03.550924,2025-04-24 21:12:17.247117,0 days 00:01:13.696193,0.719356089872022,0.8058749185883022,2,0.0985971249418473,0.13845634160439413,0.0999025057606533,0.029748942751210598,0.03453593915636331,0.09187400210235468,0.0001762482563712743,21,51,0.06452463234572096,0.2752513966087944,False,False,True,1.1950192852820408e-06,COMPLETE
40,0.41981410384178164,2025-04-24 21:12:17.262517,2025-04-24 21:13:18.081629,0 days 00:01:00.819112,0.8022038798152139,0.9081396231697797,2,0.07889359540986518,0.29143892113384445,0.07878086703325286,0.013524579681399973,0.08541192512849176,0.07736711697687344,5.844285237629502e-05,13,64,0.04720089340946543,0.239284799626368,True,False,False,3.0915670856652827e-07,COMPLETE
41,0.4444374978542328,2025-04-24 21:13:18.097125,2025-04-24 21:14:33.851137,0 days 00:01:15.754012,0.6211913825387088,0.7164508635509579,2,0.03792908948735727,0.10451753595879601,0.06381448700269314,0.04673744895899798,0.0824166848745347,0.09239824747712432,5.970648693860512e-05,18,40,0.03678447344803181,0.21604325078191094,True,False,False,4.507884948430399e-06,COMPLETE
42,0.4406558275222779,2025-04-24 21:14:33.866672,2025-04-24 21:15:46.207393,0 days 00:01:12.340721,0.6170649313808764,0.6926290789810602,2,0.034165197827485914,0.1035187064833388,0.07014410351881861,0.038712096213252126,0.07196964993929666,0.09358335719819999,2.5796239852832963e-05,17,42,0.0357860161449011,0.20622574345038472,True,False,False,4.5433091176431006e-06,COMPLETE
43,0.42868683338165287,2025-04-24 21:15:46.223589,2025-04-24 21:16:55.370587,0 days 00:01:09.146998,0.6121413266562438,0.7809110465834287,2,0.029953374481327427,0.10317142333064773,0.06399375622784312,0.04099622139189356,0.070687765558247,0.09134847548453495,2.268579145313769e-05,16,37,0.036574670386245525,0.24451164741241588,True,False,False,5.085142222614195e-06,COMPLETE
44,0.36963106989860534,2025-04-24 21:16:55.387017,2025-04-24 21:18:24.738982,0 days 00:01:29.351965,0.9176327247272447,0.8813155106637824,2,0.022787861406471144,0.1376000166215619,0.06967382955175752,0.03062282391794772,0.08159084238969658,0.0995243828334918,0.00012329547764933224,23,22,0.04598725607509127,0.21625123508158994,True,False,False,1.5453579814520318e-06,COMPLETE
45,0.35133124589920045,2025-04-24 21:18:24.755542,2025-04-24 21:19:37.531779,0 days 00:01:12.776237,0.589445121986262,0.6474653850207571,2,0.040781585633729855,0.11157986327956199,0.0705493419484805,0.03715272488259388,0.05954480385900784,0.07951726867114174,1.1225906438471977e-05,17,73,0.056126909897945325,0.2067583408401544,False,False,False,6.872334649275456e-07,COMPLETE
46,0.28615721464157107,2025-04-24 21:19:37.548746,2025-04-24 21:20:50.002360,0 days 00:01:12.453614,0.8402987128421693,0.7465376105866655,2,0.07770769450993642,0.08340116670306255,0.052967354850945246,0.022082951036310514,0.06654064613790558,0.06956075234596693,2.1223497856014684e-05,20,65,0.06164661937175523,0.25171110891619747,True,True,False,2.7798419434786772e-06,COMPLETE
47,0.39202275276184084,2025-04-24 21:20:50.019626,2025-04-24 21:22:02.315216,0 days 00:01:12.295590,0.6265401323474169,0.8553724669110295,2,0.014398878954860604,0.17097400648154554,0.06454485578590102,0.04258574245830648,0.07279713224243864,0.08893137411390914,8.168219352901478e-05,17,55,0.08039534107597122,0.2732677789306341,True,False,False,2.1495957383617901e-07,COMPLETE
48,0.41484133601188666,2025-04-24 21:22:02.332939,2025-04-24 21:23:33.393303,0 days 00:01:31.060364,0.7281345795528457,0.9323160361994293,2,0.07862416933592141,0.1378076993484252,0.06131293067445586,0.0535133577826294,0.09345513251165877,0.09510260052436918,0.00016107889515790282,23,38,0.03782933584552459,0.27370490407178855,True,False,False,1.5380647065106764e-07,COMPLETE
49,0.37262025475502014,2025-04-24 21:23:33.411909,2025-04-24 21:24:57.016969,0 days 00:01:23.605060,0.5096211664244511,0.7751284600185255,2,0.03952059445681118,0.26616561543159567,0.07197946782742676,0.01588298769679801,0.06208795257306056,0.08291531566114463,1.5024144645146521e-05,21,22,0.0518681419936744,0.20501694125086267,True,False,False,6.86069187982347e-07,COMPLETE
50,0.3464151382446289,2025-04-24 21:24:57.035229,2025-04-24 21:26:18.065474,0 days 00:01:21.030245,0.678390661691802,0.6877692953639315,2,0.05555428821903824,0.20477519958705162,0.05076749799360814,0.033762213201289325,0.08070913091746265,0.06328171192589568,4.17969926125696e-05,20,44,0.044890201635998266,0.23034037397306228,False,False,False,3.784780448801158e-06,COMPLETE
51,0.43360580205917365,2025-04-24 21:26:18.084098,2025-04-24 21:27:35.182790,0 days 00:01:17.098692,0.7457288641910994,0.7059070660577608,2,0.06958402336334665,0.07342614041182988,0.08622702735175644,0.046673808148564144,0.08855210233307564,0.09493411865713754,2.7052944805758126e-05,18,51,0.03590228882818165,0.19333074932274688,True,False,False,1.8444323136984853e-06,COMPLETE
52,0.3889308512210846,2025-04-24 21:27:35.202150,2025-04-24 21:28:49.716392,0 days 00:01:14.514242,0.5788039101304183,0.6205038238661097,2,0.0694284688394994,0.09950424497171406,0.09103129229059581,0.04610724172903267,0.09088543349622426,0.09701956976705495,2.5852479580862916e-05,18,28,0.03657694432292734,0.18992276056148344,True,False,False,1.726969692007944e-06,COMPLETE
53,0.4276583552360535,2025-04-24 21:28:49.735342,2025-04-24 21:29:57.785797,0 days 00:01:08.050455,0.6312669034613445,0.7128933246628052,2,0.11250502275629859,0.1179633607076779,0.08314441258329491,0.03900464402412182,0.09560555126315126,0.08557599111472837,8.864086610271475e-05,15,75,0.03443512110946257,0.19892394357145982,True,False,False,5.297785045821688e-06,COMPLETE
54,0.4161939382553101,2025-04-24 21:29:57.805282,2025-04-24 21:31:26.959072,0 days 00:01:29.153790,0.7716412350671673,0.8056382217046323,2,0.012445851896001718,0.07946655038583408,0.06096515965349539,0.06350448394922872,0.073060559086826,0.09023976044950485,5.7498274084819e-05,22,63,0.02977955119966225,0.22475835202769504,True,False,False,2.433729547331477e-06,COMPLETE
55,0.4520500957965851,2025-04-24 21:31:26.978518,2025-04-24 21:32:36.269140,0 days 00:01:09.290622,0.7192217082266847,0.6590885384582421,2,0.039486794158688665,0.14817211985506384,0.09319486142288458,0.0549837174334324,0.08862563133789549,0.07605733816412069,3.0607565764057565e-05,16,54,0.021568802678443806,0.24310205285971503,True,False,False,1.7666586877916947e-05,COMPLETE
