number,value,datetime_start,datetime_complete,duration,params_alpha-eval,params_alpha-train,params_batch-size,params_eps-eval,params_eps-train,params_lambda-actions-eval,params_lambda-actions-train,params_lambda-frames-eval,params_lambda-frames-train,params_learning-rate,params_n-epochs,params_n-frames,params_radius-gw,params_rho,params_std-feats,params_ub-actions,params_ub-frames,params_weight-decay,state
561,0.4231646001338959,2025-04-05 19:48:38.223306,2025-04-05 19:49:07.813482,0 days 00:00:29.590176,0.5340744398999369,0.1682953931094932,8,0.07953625435715192,0.04990108259712531,0.03763421797082992,0.057280079995577805,0.0026332001072342515,0.00445054180059147,0.0019594956071016965,22,105,0.05932826418965386,0.1432342320628104,False,False,True,7.258911712574531e-06,COMPLETE
562,0.48018846511840824,2025-04-05 19:49:07.985424,2025-04-05 19:49:37.675239,0 days 00:00:29.689815,0.5481077211505894,0.1883182890902056,8,0.08154084133712644,0.0697728324400372,0.03372527474110902,0.05371187310936484,0.0011273141419659276,0.0034137813120546302,0.0015216318180224695,22,103,0.09805402874704569,0.15186550819260292,False,False,True,3.3880351007469148e-06,COMPLETE
563,0.483548378944397,2025-04-05 19:49:37.859935,2025-04-05 19:50:06.995451,0 days 00:00:29.135516,0.5759358856005011,0.1628936778962468,8,0.08462812035267962,0.041654267303354586,0.03149482791096015,0.05565314010525122,0.003920730843828457,0.0014548975159758709,0.0013197729189755561,22,97,0.09562046022305065,0.14919444367940066,False,False,True,2.7397236877111264e-06,COMPLETE
564,0.48508824110031135,2025-04-05 19:50:07.168489,2025-04-05 19:50:36.235990,0 days 00:00:29.067501,0.5757073814915521,0.21904792039404353,8,0.07576491054664938,0.04370171133979635,0.029058483248911693,0.051453414474230054,0.0011345780499594496,0.005163637823655442,0.0016772913230429173,22,101,0.09754971439063118,0.15236187000634083,False,False,True,6.335545941716331e-06,COMPLETE
565,0.41411076784133916,2025-04-05 19:50:36.421061,2025-04-05 19:51:05.901230,0 days 00:00:29.480169,0.5527576054319259,0.23084202642953885,8,0.07788232933789521,0.05534121817619251,0.025969525930644437,0.05193018292104675,0.0012131280232514845,0.005085219631650154,0.002159495893468662,22,94,0.09824566885786683,0.159597605075428,False,False,True,4.692559351387186e-06,COMPLETE
566,0.34979959130287175,2025-04-05 19:51:06.075981,2025-04-05 19:51:39.302776,0 days 00:00:33.226795,0.5270306414705492,0.20891261147593937,8,0.09137539262901835,0.05685994098492181,0.029123365046984397,0.05260347095387832,0.0010815078475599274,0.004343896071390918,0.001850416297523261,22,91,0.09809904206833187,0.15856057945333443,False,False,False,5.925222409154114e-06,COMPLETE
567,0.4818316817283631,2025-04-05 19:51:39.479060,2025-04-05 19:52:09.030494,0 days 00:00:29.551434,0.5706135389596486,0.14246885185382066,8,0.08363400452592742,0.04768804603350687,0.029798777222439624,0.051093081339394046,0.0025770632786261422,0.002953280075269537,0.0016101941920923762,22,105,0.09670915223392983,0.14917978412987387,False,False,True,5.1739339983274464e-06,COMPLETE
568,0.3630896627902985,2025-04-05 19:52:09.214853,2025-04-05 19:52:38.621490,0 days 00:00:29.406637,0.5793042660938161,0.1983071910449336,8,0.07577771592799953,0.06664065993051915,0.02755863684676344,0.05523089698801104,0.0028367387838651114,0.009711066456668463,0.001810617316173127,22,100,0.09956422924575763,0.15430469867542887,False,False,True,7.053335664976011e-06,COMPLETE
569,0.4862922430038452,2025-04-05 19:52:38.797045,2025-04-05 19:53:09.366716,0 days 00:00:30.569671,0.5459579430644109,0.13377600531434075,8,0.07495592604500878,0.03321017916492236,0.030459697832335788,0.058461445262376344,0.004222690317108528,0.0015181945276767864,0.0021654898611946014,23,96,0.09616953655308567,0.15664480390409466,False,False,True,7.972526207291478e-06,COMPLETE
570,0.416496878862381,2025-04-05 19:53:09.551840,2025-04-05 19:53:39.678379,0 days 00:00:30.126539,0.5157631749590226,0.12246443772514357,8,0.06923240313919225,0.04947147813057899,0.03523045243911959,0.05854914188046236,0.004672618967086282,0.004292921129015033,0.0026695482061801445,23,94,0.0953327206514277,0.16368686772637997,False,False,True,8.341174625480382e-06,COMPLETE
571,0.42446858882904054,2025-04-05 19:53:39.853838,2025-04-05 19:54:09.836694,0 days 00:00:29.982856,0.538307367025633,0.1406503001792339,8,0.07394702385437074,0.0566565100827032,0.03170812593201707,0.05735123525051938,0.004414411090407766,0.003533464550068168,0.0031800676661976443,23,89,0.09988111885419308,0.15939539086703458,False,False,True,7.915403133116978e-06,COMPLETE
572,0.4725336730480194,2025-04-05 19:54:10.025251,2025-04-05 19:54:40.232964,0 days 00:00:30.207713,0.5029860376255727,0.12239676916269962,8,0.07150603796264245,0.04247197815503879,0.04031319203044141,0.05946463443418655,0.0049503685817170445,0.002592648381910663,0.002025480389494101,23,96,0.09477631697517025,0.14355775552455258,False,False,True,8.311169533820988e-06,COMPLETE
573,0.4773960590362549,2025-04-05 19:54:40.408124,2025-04-05 19:55:10.865717,0 days 00:00:30.457593,0.4939049139036855,0.13786511242853328,8,0.08811255288354006,0.07271042955420674,0.03368336188288986,0.05595386064087397,0.003402540937442195,0.0012445309164175549,0.0013091187520481253,23,92,0.09666505381794097,0.15589503581197905,False,False,True,4.733278549637477e-06,COMPLETE
574,0.4074418067932129,2025-04-05 19:55:11.053695,2025-04-05 19:55:35.408783,0 days 00:00:24.355088,0.5527936165215771,0.13027731118066382,8,0.06773453271020302,0.03676085114948454,0.03137600457025972,0.05842739144603726,0.0052249847526380285,0.0058908141662603235,0.00380048054772402,15,97,0.09483882677126251,0.1396815972389481,False,False,True,6.836961109259768e-06,COMPLETE
575,0.48591206073760984,2025-04-05 19:55:35.585587,2025-04-05 19:56:05.704366,0 days 00:00:30.118779,0.5261112024239423,0.15705074635468247,8,0.06321436357295691,0.03709838818554226,0.03886474786186809,0.05642547701498053,0.0038675511698126885,0.008351083451746961,0.0014661781029853384,23,99,0.09715163247770715,0.16300275438058634,False,False,True,8.706184540057586e-06,COMPLETE
576,0.28615721464157107,2025-04-05 19:56:05.882371,2025-04-05 19:56:34.545129,0 days 00:00:28.662758,0.5341083620776654,0.15980908319971443,8,0.06424070119118165,0.04319615832087376,0.03550043549876182,0.0574550792310772,0.09146878692762114,0.002596661666871834,0.0024755136362450115,21,95,0.09758107301293001,0.16086552586316755,False,True,True,9.560592344564107e-06,COMPLETE
577,0.36433784365653993,2025-04-05 19:56:34.734764,2025-04-05 19:56:59.892567,0 days 00:00:25.157803,0.5126607229662294,0.9455997372547174,16,0.08474143712508835,0.05997213631395932,0.03126850188925952,0.05938878017158695,0.005499518021177411,0.012917046430217956,0.00202227629750889,22,98,0.09772849537079259,0.1667849449766013,True,False,True,6.442807217770226e-06,COMPLETE
578,0.40434058308601384,2025-04-05 19:57:00.070335,2025-04-05 19:57:29.766904,0 days 00:00:29.696569,0.5280638259213657,0.1135199037837466,8,0.07348535146162052,0.03832699991359677,0.028754939454947462,0.05635090908136277,0.0056124812271635075,0.005907070056271095,0.0022470233227005164,24,56,0.09981173306611334,0.16610516673525202,False,False,True,9.394633006204301e-06,COMPLETE
579,0.48332933783531196,2025-04-05 19:57:29.958917,2025-04-05 19:58:00.040345,0 days 00:00:30.081428,0.5368371832361212,0.1638623367623047,8,0.06363050814212173,0.037451829814849305,0.026901852789711085,0.05350761553382811,0.00619832971563691,0.0012879286586360934,0.0014929272226375865,23,92,0.09720980038137327,0.1628068263866176,False,False,True,3.6245559662671903e-06,COMPLETE
580,0.41763976812362674,2025-04-05 19:58:00.217408,2025-04-05 19:58:29.847450,0 days 00:00:29.630042,0.5004748457329299,0.15061793495382958,8,0.08142118338825599,0.047352037473405294,0.02485193142430393,0.060170549081591806,0.003659384610156736,0.00617365402567233,0.0015462846376582155,22,98,0.044752938779195235,0.1542671987122827,False,False,True,5.621138483861448e-06,COMPLETE
581,0.3647192716598511,2025-04-05 19:58:30.038935,2025-04-05 19:58:58.943333,0 days 00:00:28.904398,0.5494752791580833,0.1827957726624329,8,0.07058664622239241,0.034646291390674204,0.0343750834859624,0.056882376428846235,0.004193632474106843,0.008351747204199329,0.0018352743015008376,21,95,0.09577790980997565,0.15770272685504402,False,False,True,9.543045056417727e-06,COMPLETE
582,0.4844140887260437,2025-04-05 19:58:59.124769,2025-04-05 19:59:29.239003,0 days 00:00:30.114234,0.5203866349740478,0.11691872512377299,8,0.06299739482816918,0.040913998003406435,0.032734100095439735,0.05416863358540688,0.006632265523810797,0.015476099826390154,0.0013317646945085742,23,87,0.09811036919078238,0.15033945761305587,False,False,True,4.6213213042201366e-05,COMPLETE
583,0.38007991909980776,2025-04-05 19:59:29.429508,2025-04-05 19:59:58.909511,0 days 00:00:29.480003,0.5604365020898137,0.7861021433346038,8,0.07786781657785952,0.05316176243494992,0.03094637554007424,0.058855828274079536,0.004127462789069482,0.004252706099552654,0.0012482534866043238,22,99,0.09982593991378791,0.17237032535415886,False,False,True,1.0865296435177798e-05,COMPLETE
584,0.4826677680015564,2025-04-05 19:59:59.088932,2025-04-05 20:00:30.587904,0 days 00:00:31.498972,0.4873474231096195,0.12945989926377838,8,0.061791146174523984,0.0313223692953593,0.04264453841142554,0.05521179580765441,0.007523584550670849,0.012088229841840548,0.001591345505003696,24,106,0.09606355659989056,0.16899401921707197,False,False,True,8.752264628725039e-06,COMPLETE
585,0.3529515385627747,2025-04-05 20:00:30.778147,2025-04-05 20:01:03.928265,0 days 00:00:33.150118,0.5571550091469046,0.15349042665584778,8,0.057981776426931905,0.03446357977373513,0.02689058881250871,0.05272041437657274,0.003043395204892425,0.010972110079974947,0.001228841074082606,22,90,0.09435156617255533,0.16279301364902035,False,False,False,7.371853829008203e-06,COMPLETE
586,0.4854937255382538,2025-04-05 20:01:04.108873,2025-04-05 20:01:32.931492,0 days 00:00:28.822619,0.5719847494712536,0.11167488409763622,8,0.0696271459363666,0.040044334404979454,0.02887043024534998,0.06107259322188978,0.05941945787722706,0.0010756529594003355,0.0014127125307170773,21,100,0.09641695678367528,0.1853628608120731,False,False,True,1.1289509190376856e-05,COMPLETE
587,0.32094637751579286,2025-04-05 20:01:33.122861,2025-04-05 20:01:58.688671,0 days 00:00:25.565810,0.5634039131479034,0.10046088153089933,8,0.2752291373326499,0.050782192807718986,0.012709162217197471,0.05912444180984526,0.05618825660608592,0.0019715258408316222,0.0018448721682335501,17,100,0.09811354685210344,0.18216660944380536,False,False,True,1.1246377167453708e-05,COMPLETE
588,0.371739661693573,2025-04-05 20:01:58.871964,2025-04-05 20:02:29.131273,0 days 00:00:30.259309,0.5462702529538039,0.17467487047676272,8,0.06955566757615049,0.060214616365738466,0.027584672431026677,0.061356666649632,0.06003093282945369,0.002249431692190458,0.0023640819128582153,23,96,0.09990268371907042,0.1873538825641504,False,False,True,7.5225716238162415e-06,COMPLETE
589,0.47387196421623234,2025-04-05 20:02:29.327590,2025-04-05 20:03:00.058694,0 days 00:00:30.731104,0.5795227074307538,0.13439936115372345,8,0.09004384733697295,0.04446217591716762,0.03023192436818391,0.06953271125153547,0.05197009384244267,0.001527859338422987,0.0014937421450099656,23,101,0.09655353232325979,0.17203166584211377,False,False,True,5.451684320010377e-06,COMPLETE
590,0.4624189257621766,2025-04-05 20:03:00.242430,2025-04-05 20:03:29.970210,0 days 00:00:29.727780,0.5974237383336157,0.10228532660784781,8,0.07214850903425701,0.04059353478583437,0.028368681290614973,0.06130809778708962,0.08018904445591027,0.001139303944466104,0.001458493761097215,22,98,0.09614779536654551,0.180213476148296,False,False,True,1.121741373501156e-05,COMPLETE
591,0.4835990905761719,2025-04-05 20:03:30.152615,2025-04-05 20:03:58.802226,0 days 00:00:28.649611,0.5308587496288241,0.15344515213323706,8,0.08063348716458263,0.04870329287380516,0.024604946111463157,0.05845723351034236,0.06294995311777622,0.0041442801843495705,0.0012222361116506688,21,94,0.09818171177072847,0.17489087891393407,False,False,True,9.054182806071655e-06,COMPLETE
592,0.4809607386589051,2025-04-05 20:03:58.994425,2025-04-05 20:04:28.155201,0 days 00:00:29.160776,0.5704355100999815,0.18712789354348974,8,0.06686599117559137,0.03886248669200479,0.03297732852555957,0.0603975687624293,0.008586234296889518,0.0010081664221501642,0.0017138858843587991,24,16,0.09498307742318961,0.15581071829761944,False,False,True,4.561268752995764e-06,COMPLETE
593,0.46490741968154914,2025-04-05 20:04:28.337320,2025-04-05 20:04:57.860104,0 days 00:00:29.522784,0.5968123205589271,0.12275599598501295,8,0.07765985588949585,0.03326744745092278,0.029866783232577493,0.05699806838466913,0.05740095359334402,0.008628405527495664,0.0010971152762794419,22,102,0.09668246357153182,0.1653446015323533,False,False,True,1.1345851059678469e-05,COMPLETE
594,0.4007721304893494,2025-04-05 20:04:58.053501,2025-04-05 20:05:26.897660,0 days 00:00:28.844159,0.6125287356987116,0.13895492944469956,8,0.06529004163744373,0.042426010836464974,0.02053265992713816,0.06578603606517353,0.0728470676837076,0.00366557840390803,0.0023209564023580036,23,27,0.0941864439267418,0.15028716105827686,False,False,True,7.07672538089234e-06,COMPLETE
595,0.36317068338394165,2025-04-05 20:05:27.085473,2025-04-05 20:05:55.741735,0 days 00:00:28.656262,0.5426118459775233,0.8543491219637135,8,0.061675554809594524,0.15296052958623813,0.032162075043881376,0.050391772232121074,0.06511129650616335,0.006244364733415723,0.0014123342765731022,21,98,0.09815414396997302,0.16009374605597132,False,False,True,5.952970743066967e-06,COMPLETE
596,0.3891012370586395,2025-04-05 20:05:55.935187,2025-04-05 20:06:25.405023,0 days 00:00:29.469836,0.5068720623253767,0.16475205337666568,8,0.07016608387266728,0.031191724500539655,0.04733335177212752,0.06353286362758433,0.03790257524202849,0.0068430060313696955,0.0011860026188811874,22,94,0.09989371130856092,0.1773479087426487,False,True,True,9.541391488404612e-06,COMPLETE
597,0.35776005387306214,2025-04-05 20:06:25.588809,2025-04-05 20:06:56.084446,0 days 00:00:30.495637,0.575126782606852,0.11161775366224677,8,0.07527615650474095,0.03645857628884011,0.027742202769256322,0.05550774120344019,0.006879462484060277,0.0038478661735059936,0.002766157182513776,24,45,0.0962673084414198,0.13514595852423605,True,False,True,1.1634936657287514e-05,COMPLETE
598,0.36452439427375793,2025-04-05 20:06:56.278809,2025-04-05 20:07:18.891710,0 days 00:00:22.612901,0.6289502032768963,0.14270723838844054,16,0.05772447171398952,0.04978549393003251,0.02934405150383969,0.05380667361739763,0.005704339840274742,0.0584779212480779,0.0017985757138475008,23,102,0.09373741157395825,0.18609990964602782,False,False,True,8.32729206214536e-06,COMPLETE
599,0.48088545203208927,2025-04-05 20:07:19.076494,2025-04-05 20:07:48.340845,0 days 00:00:29.264351,0.5584317535217831,0.0999072168571854,8,0.06651043315719246,0.030742410060448193,0.03514653301372202,0.05709080333810389,0.05499357194314533,0.008032094991204934,0.001116246134919022,21,104,0.09796454205992054,0.14760255065695616,False,False,True,1.2521567424173014e-05,COMPLETE
600,0.3602044522762299,2025-04-05 20:07:48.535836,2025-04-05 20:08:17.968750,0 days 00:00:29.432914,0.586272957073122,0.1762403116299187,8,0.07891349643569001,0.09571693488173902,0.023699126401113962,0.06030790620034962,0.05932627695531684,0.06979528849505302,0.0014229624863631924,22,100,0.09545554769568446,0.16368643601226168,False,False,True,3.83391618346173e-05,COMPLETE
601,0.4843308746814728,2025-04-05 20:08:18.153750,2025-04-05 20:08:48.241623,0 days 00:00:30.087873,0.6132915449412281,0.12128248923609393,8,0.054466008379488784,0.04094042000772479,0.03624844867676316,0.05125332652984617,0.008101376236347258,0.014078893348000898,0.0011868938532746901,23,96,0.09622966669829179,0.17169886584519028,False,False,True,6.8444386312051684e-06,COMPLETE
602,0.4038879215717316,2025-04-05 20:08:48.440208,2025-04-05 20:09:18.134587,0 days 00:00:29.694379,0.5460412294508347,0.2012233389610976,8,0.14061516737602453,0.030907781449621568,0.02583880754153738,0.048713220104548066,0.06161247753457808,0.0036769562222213953,0.0016030865004753529,22,92,0.05683131855662138,0.15756672937437546,False,False,True,5.361465510535683e-05,COMPLETE
603,0.3837512493133545,2025-04-05 20:09:18.321068,2025-04-05 20:09:47.487344,0 days 00:00:29.166276,0.5250409869700825,0.15611309205903806,8,0.08637914015374082,0.028107668548475358,0.03094983317826946,0.05842647666847103,0.049079406332018946,0.0010382486144288625,0.002032724189129436,21,105,0.09335118934426455,0.14599837262257706,False,False,True,9.74564521763186e-06,COMPLETE
604,0.4629275619983674,2025-04-05 20:09:47.684783,2025-04-05 20:10:12.700387,0 days 00:00:25.015604,0.5971075647849999,0.13442399499103297,8,0.07271180242688596,0.037189813375284785,0.05381408594730109,0.062493333504098796,0.06718249330779884,0.004865115340926785,0.0010390789428723333,16,100,0.09859569952274612,0.13775707633305465,False,False,True,3.9825086429580165e-06,COMPLETE
605,0.48610745072364814,2025-04-05 20:10:12.886183,2025-04-05 20:10:43.839965,0 days 00:00:30.953782,0.6347160167519857,0.0953768235903373,8,0.06383310276214998,0.043547064363985456,0.03262470056680574,0.05376894364257477,0.041483085463419736,0.009879883767728477,0.00135743365861737,24,96,0.09465091511698501,0.16774638655304616,False,False,True,1.551989362284039e-05,COMPLETE
606,0.35136959552764896,2025-04-05 20:10:44.038487,2025-04-05 20:11:19.942039,0 days 00:00:35.903552,0.6191559072344273,0.0934607021233386,8,0.06033243733940215,0.045793181102495084,0.039114004053050405,0.052729044701916555,0.0688327376317157,0.010764739366490736,0.001051440337842782,25,90,0.09367329475118501,0.1699867056410903,False,False,False,1.501158111642826e-05,COMPLETE
607,0.4121911287307739,2025-04-05 20:11:20.127740,2025-04-05 20:11:50.609911,0 days 00:00:30.482171,0.6428848637537492,0.0973769515066087,8,0.05616299719049497,0.03581428031910883,0.02840378576882731,0.053957531213788566,0.04076712076528911,0.013733673750796876,0.0012812022804820904,24,71,0.09720304738118085,0.17769377884062706,False,False,True,1.6218041870421504e-05,COMPLETE
608,0.48635410070419316,2025-04-05 20:11:50.808012,2025-04-05 20:12:21.581109,0 days 00:00:30.773097,0.6389023055252143,0.11284303881667138,8,0.06495022465441784,0.028822268739283823,0.034306703153026814,0.04794139612116703,0.0093980200953561,0.011193327743030319,0.001666307633975702,24,93,0.09985511062812294,0.17000865985830693,False,False,True,1.193394637596873e-05,COMPLETE
609,0.3992399632930756,2025-04-05 20:12:21.769039,2025-04-05 20:12:53.147096,0 days 00:00:31.378057,0.6367296433914742,0.11549412190019948,8,0.06551761893945562,0.027392484415178636,0.03825275274937962,0.0465407395005133,0.009689165018831719,0.011056045775134611,0.0022093032246163244,25,87,0.09967222240379242,0.16788612216568566,False,False,True,1.1968345472146045e-05,COMPLETE
610,0.47969248294830324,2025-04-05 20:12:53.346858,2025-04-05 20:13:24.119812,0 days 00:00:30.772954,0.6477924342019209,0.11065781758398324,8,0.06420978642781894,0.026712824581827166,0.03449781471850837,0.04766899168634402,0.052502280076268566,0.012385839606487026,0.001692499331556646,24,91,0.09870196323386712,0.17518679029956702,False,False,True,1.2397613030168093e-05,COMPLETE
611,0.34951105713844305,2025-04-05 20:13:24.307693,2025-04-05 20:13:55.259764,0 days 00:00:30.952071,0.6333907327523458,0.12795797242017848,8,0.05363756247550713,0.17508364027189893,0.0333403845896992,0.05030032291854391,0.07205251502452661,0.009459923860910031,0.001961561486844956,24,94,0.09995389376714062,0.1841952762093541,False,False,True,1.4294370821673695e-05,COMPLETE
612,0.40098223090171814,2025-04-05 20:13:55.463093,2025-04-05 20:14:26.937010,0 days 00:00:31.473917,0.6536056242817423,0.11391972869524077,8,0.06866466586212028,0.02850553293343403,0.03497456241066967,0.048773036896019785,0.08495454748658901,0.01520100307416707,0.0024649132076345094,25,97,0.09750221474933371,0.16761433787969587,False,False,True,9.875883366822605e-06,COMPLETE
613,0.48260565996170046,2025-04-05 20:14:27.125074,2025-04-05 20:14:58.245908,0 days 00:00:31.120834,0.6283174551206985,0.13680050105333363,8,0.061723003233809554,0.0320247548805085,0.03679522772651611,0.050588600844785996,0.009304271756042658,0.009708533356991504,0.0016674923510863347,24,97,0.0984469296526461,0.17670292325313172,False,False,True,4.097678212694562e-05,COMPLETE
614,0.28615721464157107,2025-04-05 20:14:58.447813,2025-04-05 20:15:29.418375,0 days 00:00:30.970562,0.6515926595038464,0.09993153983700932,8,0.0533585982987498,0.02558790013101747,0.031819626800824265,0.04755644110178665,0.010519794999815825,0.012240538303749644,0.003004567785053535,24,94,0.09521943047679363,0.16299866927377263,False,True,True,1.1116703206885949e-05,COMPLETE
615,0.4841001391410828,2025-04-05 20:15:29.609151,2025-04-05 20:16:01.373951,0 days 00:00:31.764800,0.6232513051436542,0.14369133638247528,8,0.058545824834053614,0.025427972139773308,0.03319156439843675,0.0677856094786191,0.008921105726825298,0.015284179458013913,0.001576115061836303,25,92,0.09830525057481758,0.18187582071991976,False,False,True,1.566893438728431e-05,COMPLETE
616,0.4126135528087616,2025-04-05 20:16:01.575424,2025-04-05 20:16:32.682026,0 days 00:00:31.106602,0.6124092233201761,0.12444068688321273,8,0.04879046149782762,0.013845076370302979,0.031038181467520704,0.05183441232934168,0.011717014057534815,0.007523619371759546,0.0010023154455435586,24,98,0.03161672334074057,0.16824727917818305,False,False,True,8.339600397389978e-06,COMPLETE
