number,value,datetime_start,datetime_complete,duration,params_alpha-eval,params_alpha-train,params_batch-size,params_eps-eval,params_eps-train,params_lambda-actions-eval,params_lambda-actions-train,params_lambda-frames-eval,params_lambda-frames-train,params_learning-rate,params_n-epochs,params_n-frames,params_radius-gw,params_rho,params_std-feats,params_ub-actions,params_ub-frames,params_weight-decay,state
337,0.38047063946723936,2025-04-05 17:57:20.871618,2025-04-05 17:57:49.661174,0 days 00:00:28.789556,0.6225857496740136,0.13809544819374392,8,0.05514865276379218,0.01731361761049657,0.07126250070904029,0.09527602402491274,0.006494257929690625,0.03545614350068449,0.0004417755862007695,20,116,0.09218591541850357,0.2004535830100456,False,True,True,2.6094262088470106e-05,COMPLETE
338,0.45841095447540287,2025-04-05 17:57:49.775890,2025-04-05 17:58:18.773862,0 days 00:00:28.997972,0.6534887591070498,0.11788373107953665,8,0.1153474730218938,0.013522711090319973,0.07369767235796247,0.09238081597618698,0.003663883283805247,0.024523622102191577,0.0006190033816361483,21,106,0.093614350751015,0.22474693382840283,False,False,True,2.3623119136826344e-05,COMPLETE
339,0.3579790651798248,2025-04-05 17:58:18.879781,2025-04-05 17:58:49.759710,0 days 00:00:30.879929,0.672969170308796,0.09569425803305792,8,0.051109408913048056,0.023095720835628046,0.06875845873037822,0.058301975047065614,0.008869538264114867,0.02251303779375778,0.013378982157767472,20,119,0.09081818956216793,0.21477761457186867,True,False,True,1.0342849201813903e-05,COMPLETE
340,0.46901992559432987,2025-04-05 17:58:49.865321,2025-04-05 17:59:18.495807,0 days 00:00:28.630486,0.6281946449501418,0.15001971906393505,8,0.14173444830129273,0.02659916247722054,0.07135817597131232,0.06082680664048985,0.006205797064847776,0.024515002085036132,0.0007836912206472232,20,112,0.09619061468623934,0.22626737630618293,False,False,True,4.936157444417151e-05,COMPLETE
341,0.48408816456794745,2025-04-05 17:59:18.601669,2025-04-05 17:59:46.339647,0 days 00:00:27.737978,0.722601836958916,0.0718979354695593,8,0.05630792733964471,0.018769538304425445,0.07361927794760587,0.0628825350006443,0.003130335434372187,0.0267207673752676,0.0008721832395607497,19,109,0.09372911612607032,0.24039266090521044,False,False,True,1.3898060655872316e-05,COMPLETE
342,0.4825102508068085,2025-04-05 17:59:46.457116,2025-04-05 18:00:14.153303,0 days 00:00:27.696187,0.7254923178838474,0.07788460097327407,8,0.05790394763854613,0.019035060505822668,0.06638871184933269,0.055318647021497,0.002919343152068595,0.026431495916081387,0.000547594863687843,19,108,0.09346187635870716,0.24656367844131477,False,False,True,2.6487228453096622e-05,COMPLETE
343,0.4015515327453614,2025-04-05 18:00:14.260017,2025-04-05 18:00:41.753502,0 days 00:00:27.493485,0.7071951695524741,0.11055866443158555,8,0.0532848937267924,0.027834274711924664,0.07009879789035608,0.0685599566395713,0.0010650521235269182,0.025976184896478176,0.0007306431676584965,19,100,0.08867132085239038,0.23978367027582703,False,False,True,1.528723585128764e-05,COMPLETE
344,0.48780920505523684,2025-04-05 18:00:41.859755,2025-04-05 18:01:10.716154,0 days 00:00:28.856399,0.732782786907182,0.08141695410778058,8,0.045209022845810465,0.020335083650483584,0.06370766912671312,0.04300202573564707,0.011558463486549021,0.02359073778762351,0.0009395394038498924,21,105,0.09116524580465284,0.1653561430084053,False,False,True,1.2180928398860478e-05,COMPLETE
345,0.4818073570728302,2025-04-05 18:01:10.822745,2025-04-05 18:01:41.138222,0 days 00:00:30.315477,0.7308452734236284,0.09037626771110373,8,0.04453322588720915,0.016878603630276982,0.06483794461061777,0.052310911181293634,0.010146689596043574,0.02274126297047896,0.0009438111826972786,23,102,0.08703857224433043,0.24165093794001302,False,False,True,1.2245500946654476e-05,COMPLETE
346,0.4834249138832093,2025-04-05 18:01:41.254963,2025-04-05 18:02:09.934637,0 days 00:00:28.679674,0.730036363398903,0.06898359452927676,8,0.057271734046185144,0.0197871639423507,0.06206444696822409,0.04727153051314097,0.0041193436417679904,0.024958221509992835,0.0006632309720861681,21,104,0.0909921875965818,0.23739390111825465,False,False,True,1.1672149557850389e-05,COMPLETE
347,0.4045218527317047,2025-04-05 18:02:10.041543,2025-04-05 18:02:38.294608,0 days 00:00:28.253065,0.7102668123996951,0.10185340286706965,8,0.045988376991466524,0.01360268821955698,0.06708669993204752,0.04258594522973919,0.007926729566517885,0.022136366828354945,0.0005389706392309211,20,106,0.09155536736896884,0.24367871779993366,False,False,True,1.5576582327692063e-05,COMPLETE
348,0.4849235892295838,2025-04-05 18:02:38.404553,2025-04-05 18:03:08.262541,0 days 00:00:29.857988,0.7591080767114379,0.07319533242490184,8,0.05234674347090448,0.02121320647922157,0.06873820885469907,0.061873121114961516,0.011665976382563354,0.025927829377075717,0.0010366743633914133,22,110,0.0895554638459338,0.2605752557705741,False,False,True,2.047656850269769e-05,COMPLETE
349,0.3677007257938385,2025-04-05 18:03:08.371268,2025-04-05 18:03:41.114266,0 days 00:00:32.742998,0.7632186630807184,0.012533383701444252,8,0.052657894605546665,0.03103245006916119,0.06863914344883978,0.06416462903183358,0.01153416587599411,0.025825925670588574,0.0013379184158651422,21,110,0.08459105110888525,0.16424361740561308,False,False,False,8.139507361243643e-06,COMPLETE
350,0.47269060611724856,2025-04-05 18:03:41.232236,2025-04-05 18:04:11.166523,0 days 00:00:29.934287,0.7792268546536525,0.12014256703432226,8,0.041374725272591506,0.024683877237882457,0.06780701957304519,0.054770534670551214,0.012687001788702156,0.023627211670254625,0.0010303153381935994,22,109,0.08814573592983298,0.18993999059055008,False,False,True,1.9805151568270383e-05,COMPLETE
351,0.4790363907814026,2025-04-05 18:04:11.275450,2025-04-05 18:04:39.379596,0 days 00:00:28.104146,0.6646326655474255,0.06374562113689293,8,0.0496956926637166,0.03393608384045406,0.07050921673879668,0.06168720973992736,0.010241346784796806,0.025740549576082773,0.0010245195585056926,20,106,0.08949824755033448,0.2581016004832952,False,False,True,2.0202735584353195e-05,COMPLETE
352,0.47311783432960514,2025-04-05 18:04:39.492199,2025-04-05 18:05:09.541498,0 days 00:00:30.049299,0.7542882543557241,0.03538802527157665,8,0.059275641270952854,0.02339451018490167,0.06396523211505223,0.05642411362021266,0.013932061825933584,0.029180948062303914,0.0008592046178638918,22,112,0.0863060034348263,0.25165744169925636,False,False,True,1.3247574276236349e-05,COMPLETE
353,0.4829525113105774,2025-04-05 18:05:09.651679,2025-04-05 18:05:38.546384,0 days 00:00:28.894705,0.6422643785709559,0.08485999232283505,8,0.04435483272131416,0.019864034110687497,0.06552571667372077,0.0661599864820098,0.008605119909318067,0.021686876360697323,0.0013553770481417344,21,109,0.09240130103645615,0.2614090199937578,False,False,True,1.7330279207115434e-05,COMPLETE
354,0.399898761510849,2025-04-05 18:05:38.666896,2025-04-05 18:06:07.371980,0 days 00:00:28.705084,0.7395847341369715,0.09532174524516727,8,0.03754317263767052,0.028616548668559057,0.06841910212189727,0.02510634091701283,0.011706925726196298,0.030251144324572602,0.00038756625563838025,21,102,0.07931853334365944,0.25275496764339495,False,False,True,4.918027152298373e-06,COMPLETE
355,0.3605738580226899,2025-04-05 18:06:07.481715,2025-04-05 18:06:34.808974,0 days 00:00:27.327259,0.9854840378286946,0.06356551666968098,8,0.05258246185544033,0.015539830404322188,0.07163846740332537,0.03597763299119189,0.007109567995721391,0.020695397482472337,0.0010536171118967822,19,113,0.09017705390579006,0.2469659614392664,False,False,True,1.0488138168445032e-05,COMPLETE
356,0.47843629717826847,2025-04-05 18:06:34.918923,2025-04-05 18:07:02.428485,0 days 00:00:27.509562,0.6805118595498895,0.03944357069598041,8,0.044439669405824396,0.02015584243357998,0.06988301034887809,0.04111695011388002,0.00950665707748999,0.026076840857316246,0.0008313484892966159,19,106,0.0937552693864332,0.2687892089593177,False,False,True,2.315011340938519e-05,COMPLETE
357,0.28615721464157107,2025-04-05 18:07:02.542120,2025-04-05 18:07:31.084289,0 days 00:00:28.542169,0.6517213718853268,0.11168859791961018,8,0.05765651747452828,0.03344578348880054,0.07248151026442336,0.04552100467397645,0.006550513177958763,0.024053226818729498,0.0023174675057529596,20,110,0.09148576223828242,0.1499747658585597,False,True,True,7.652878631918162e-06,COMPLETE
358,0.39594115018844606,2025-04-05 18:07:31.205049,2025-04-05 18:07:59.343481,0 days 00:00:28.138432,0.6998438988730525,0.07842825737966055,8,0.03854497241377566,0.005547170802905948,0.06769795281486497,0.05934503335384421,0.01226661169425244,0.027785439118867442,0.0014331072428613732,20,115,0.08910668038064881,0.062188635584630156,False,False,True,2.9706296619048696e-05,COMPLETE
359,0.4860087394714356,2025-04-05 18:07:59.455016,2025-04-05 18:08:29.181840,0 days 00:00:29.726824,0.6730160842219336,0.13392343134492024,8,0.05028614972581497,0.01363858826325274,0.07469293506085353,0.06460345504445109,0.00865882206967673,0.03016215843166046,0.0007939369071244976,22,112,0.09338828206092169,0.26240687496057347,False,False,True,1.48661923703804e-05,COMPLETE
360,0.48519692420959476,2025-04-05 18:08:29.294164,2025-04-05 18:08:59.326255,0 days 00:00:30.032091,0.6684664153892107,0.14760821653709105,8,0.05168318559113411,0.009093277240626536,0.07420087100943999,0.06441530194261835,0.004850669717284277,0.030038238289192457,0.000612496363721258,22,105,0.09285733040585065,0.2616572714180026,False,False,True,1.3981868989539742e-05,COMPLETE
361,0.3697312593460083,2025-04-05 18:08:59.449345,2025-04-05 18:09:30.536982,0 days 00:00:31.087637,0.6289548471891385,0.15426472034902822,8,0.06206422864622965,0.001787378459546767,0.07445935247754926,0.061479915812844864,0.005150169907749715,0.029815777500913083,0.0004998585628934219,22,98,0.09408676525300422,0.11844441572381317,True,False,True,1.4742983228939539e-05,COMPLETE
362,0.3632239162921906,2025-04-05 18:09:30.650739,2025-04-05 18:10:00.281823,0 days 00:00:29.631084,0.6658197531231833,0.9836705670708957,8,0.055857921081389886,0.010301422406832616,0.07384168946034503,0.06358092977787892,0.004702852863984749,0.026930411892219196,0.0004311660674080717,22,103,0.0942696454324786,0.2616086918666655,False,False,True,1.6762336760584974e-05,COMPLETE
363,0.4053856015205384,2025-04-05 18:10:00.394489,2025-04-05 18:10:30.798389,0 days 00:00:30.403900,0.6496486261795039,0.13645136890364784,8,0.0506203053766217,0.009554445254587917,0.07194380814443022,0.06923780445301263,0.00720666912257081,0.06395404430280949,0.0006426954144161044,23,104,0.0902728592414197,0.26634846791228206,False,False,True,2.16516047924451e-05,COMPLETE
364,0.4016587436199189,2025-04-05 18:10:30.911057,2025-04-05 18:10:59.758920,0 days 00:00:28.847863,0.6741824430337952,0.14445477858857236,8,0.05008297434893194,0.00019369819517551547,0.07415844689151749,0.06197235343093562,0.0027450296502520557,0.029448507318753897,0.0005670852690437881,21,108,0.09203975028740735,0.26020361129656683,False,False,True,1.3138843093338785e-05,COMPLETE
365,0.40827405452728277,2025-04-05 18:10:59.882526,2025-04-05 18:11:29.385490,0 days 00:00:29.502964,0.6218168311511912,0.12193617004581893,8,0.05800480930139002,0.02433896256755172,0.07119005621079016,0.06800267455624165,0.005023389586450652,0.0310457423589679,0.0008304052108603872,22,100,0.054866229455132184,0.2682160729423027,False,False,True,1.98614383859881e-05,COMPLETE
366,0.42410782575607303,2025-04-05 18:11:29.498292,2025-04-05 18:11:59.275767,0 days 00:00:29.777475,0.6635004070335645,0.19490018317215074,8,0.06763574238674315,0.013162131106506606,0.06992300969965955,0.06275221119613099,0.007407691377224492,0.027482795385186717,0.0009809255131879048,22,106,0.09365741212018142,0.2634242796310524,False,False,True,2.6441734842217546e-05,COMPLETE
367,0.40997533202171327,2025-04-05 18:11:59.389519,2025-04-05 18:12:26.222459,0 days 00:00:26.832940,0.643272955320897,0.1240189480895446,8,0.04911406282113179,0.006450188990883298,0.07275594786061651,0.057157401601610106,0.0043716186054712,0.0238279328409864,0.0005977213536105028,18,109,0.051747763887264146,0.2561025190813216,False,False,True,1.1679318020768568e-05,COMPLETE
368,0.3565275609493256,2025-04-05 18:12:26.337122,2025-04-05 18:12:59.327556,0 days 00:00:32.990434,0.6883867144991174,0.1636214512136909,8,0.055094198332446484,0.02209057472029026,0.0745636651890553,0.06432400690791851,0.014113739102195443,0.031911022059736845,0.0007711105297773378,21,111,0.088124992917068,0.23723233278509331,False,False,False,1.7488260869884606e-05,COMPLETE
369,0.40234742164611814,2025-04-05 18:12:59.451936,2025-04-05 18:13:28.025488,0 days 00:00:28.573552,0.6734272837290731,0.02933149395691776,8,0.04910650914214738,0.03469348361022307,0.07538181305482361,0.0717259193829037,0.00889152943358909,0.02582569082567667,0.00031118124570680744,21,104,0.09535913795175481,0.25562494513915685,False,False,True,1.6508080159069078e-05,COMPLETE
370,0.4789561152458191,2025-04-05 18:13:28.138951,2025-04-05 18:13:57.091637,0 days 00:00:28.952686,0.7054401631852889,0.10896374319332779,8,0.044811059973880386,0.028134190448397794,0.07183181055943218,0.06699227735443201,0.0010181238157831438,0.029520592131688898,0.0004813640250764235,21,107,0.09105478230169656,0.08577058483360402,False,False,True,1.4021090495486508e-05,COMPLETE
371,0.4594527304172516,2025-04-05 18:13:57.206257,2025-04-05 18:14:27.585000,0 days 00:00:30.378743,0.6558817118922026,0.047679320773043744,8,0.1261130139226714,0.012730852236009753,0.06997216085231893,0.06525037077438575,0.006286155600471935,0.03155453684986191,0.000922844393324163,23,111,0.0944888037935681,0.24281056081749397,False,False,True,3.1991476808919725e-05,COMPLETE
372,0.4836791455745697,2025-04-05 18:14:27.702080,2025-04-05 18:14:57.484817,0 days 00:00:29.782737,0.7567419693193028,0.1319963171074828,8,0.03303219699113524,0.019543480142403428,0.0765901305700567,0.040516457495863745,0.003049283731350276,0.027513579353935384,0.0007041818630748144,22,114,0.0924458025173132,0.2693577037031219,False,False,True,2.2745722608601204e-05,COMPLETE
373,0.45526849627494814,2025-04-05 18:14:57.609954,2025-04-05 18:15:27.690181,0 days 00:00:30.080227,0.7767856946485601,0.13673854912357658,8,0.03285419404792922,0.029008838421624245,0.07452633527189313,0.05959723056300172,0.0027769890731774056,0.027209605838409374,0.0006432393756260408,23,101,0.09549804951962727,0.27051783709121047,False,False,True,2.3276780007089997e-05,COMPLETE
374,0.4001832962036133,2025-04-05 18:15:27.806913,2025-04-05 18:15:58.626199,0 days 00:00:30.819286,0.7526542193570319,0.010260319179386392,8,0.03091119196196411,0.02078603537702427,0.07670607563267742,0.034321254767762266,0.003523811109583238,0.024205271178208122,0.0007557179159469179,23,112,0.08900602415955748,0.2624793109298898,False,False,True,4.0142196182376425e-05,COMPLETE
375,0.4090037167072296,2025-04-05 18:15:58.742946,2025-04-05 18:16:28.765455,0 days 00:00:30.022509,0.7342005817634649,0.06358708953249273,8,0.06099034215874814,0.03637243348530953,0.05344148574028698,0.04156298960466622,0.002728710714638487,0.02843893872402004,0.0005794828745667369,22,107,0.04260342748100685,0.26937096686092443,False,False,True,1.9457131936687046e-05,COMPLETE
376,0.37092322111129766,2025-04-05 18:16:28.892057,2025-04-05 18:16:58.810493,0 days 00:00:29.918436,0.7686327460876405,0.8237281293348573,8,0.03669193892652205,0.024746466802731147,0.07645941819111203,0.038925700820165686,0.004953316344496051,0.02042906031606055,0.003198248815335494,22,109,0.09287504887671531,0.17808386567004966,False,False,True,2.6693799061693047e-05,COMPLETE
377,0.4376780211925507,2025-04-05 18:16:58.927376,2025-04-05 18:17:27.364186,0 days 00:00:28.436810,0.745556403490164,0.16077034335224338,8,0.05341758699454998,0.01947292984277567,0.07337528604522109,0.043487333361557655,0.00928006205476297,0.025515567507402175,0.000401166783952795,20,116,0.08674841201134195,0.2343515415358249,False,False,True,1.3074243659743532e-05,COMPLETE
378,0.4842202126979828,2025-04-05 18:17:27.483608,2025-04-05 18:17:56.812214,0 days 00:00:29.328606,0.6249383726190197,0.0819489250942981,8,0.04120617570687703,0.04389875500633679,0.07671752089772005,0.03934434571784148,0.010952388976283643,0.02929195427601587,0.0006920014186291274,22,104,0.09046321500319016,0.22953998252584668,False,False,True,1.1148310426237616e-05,COMPLETE
379,0.35150707364082334,2025-04-05 18:17:56.929177,2025-04-05 18:18:27.869056,0 days 00:00:30.939879,0.607809270532154,0.13405449506566067,8,0.025316704667216177,0.04465309479085988,0.0760722372629945,0.040090519073965776,0.010988675529200694,0.029568943514040425,0.0005107160674270917,21,103,0.0897940407819534,0.23127360323796303,True,True,True,9.986669714746583e-06,COMPLETE
380,0.4359628438949585,2025-04-05 18:18:27.996883,2025-04-05 18:18:57.581910,0 days 00:00:29.585027,0.627528165861462,0.09408130624256318,8,0.0333945471335765,0.041989392968241376,0.07259973353612344,0.03689882205813733,0.014030628100059152,0.026985500750141098,0.0006526538855182081,22,104,0.09114612615682911,0.22950197022129537,False,False,True,1.569175214300991e-05,COMPLETE
381,0.36008991599082946,2025-04-05 18:18:57.699584,2025-04-05 18:19:27.975377,0 days 00:00:30.275793,0.6353568000224256,0.08395725377435334,8,0.04010269618282518,0.1695986725131265,0.07735386757755346,0.03885924173098167,0.011914058726585026,0.02303664869388357,0.0007578099620952088,23,106,0.08670241555005635,0.21895759873383452,False,False,True,1.108178655258596e-05,COMPLETE
382,0.3965869426727295,2025-04-05 18:19:28.095163,2025-04-05 18:19:57.360602,0 days 00:00:29.265439,0.791763163660604,0.11775884280931129,8,0.04135524599389975,0.03532515209061363,0.06895271799580584,0.048972739114819086,0.009013218294743086,0.02887380355192498,0.0004591708650741609,22,97,0.09039505276914485,0.10794698569173909,False,False,True,6.3085136690269655e-06,COMPLETE
383,0.4032257318496704,2025-04-05 18:19:57.489940,2025-04-05 18:20:25.546151,0 days 00:00:28.056211,0.6082467061927981,0.07157244982886228,8,0.035150052635816914,0.03005258245456807,0.06389405389696971,0.042211764261620974,0.0010722772716311273,0.025166940254615473,0.0005881575434090822,21,51,0.09291798896060686,0.23874570826370167,False,False,True,2.274270967700787e-05,COMPLETE
384,0.48034172058105473,2025-04-05 18:20:25.667802,2025-04-05 18:20:53.821849,0 days 00:00:28.154047,0.6491524052267756,0.1030443189204121,8,0.06703425363484575,0.027502234562915232,0.06656991056624074,0.030611383106462418,0.012723027026698116,0.029889628680793142,0.0007164059899320824,20,109,0.08892037311432875,0.22549751280530175,False,False,True,1.3762587755452655e-05,COMPLETE
385,0.4850281476974488,2025-04-05 18:20:53.943208,2025-04-05 18:21:24.186579,0 days 00:00:30.243371,0.6237680164690763,0.05560111825101294,8,0.04623284037256634,0.032835632434494486,0.07668954461510914,0.06209326002221084,0.009922745218810867,0.02715835815226049,0.0007821269657186562,23,100,0.09165495931057255,0.20909614656610379,False,False,True,8.447137483282846e-06,COMPLETE
386,0.40823469758033754,2025-04-05 18:21:24.307061,2025-04-05 18:21:54.715953,0 days 00:00:30.408892,0.6255734588003475,0.07957756038817042,8,0.025882988901735893,0.04422378596669134,0.07297207436052915,0.06554365697864976,0.00840423547106993,0.027805924800444515,0.00036624448741260214,23,104,0.06280571181552613,0.2061809614376309,False,False,True,8.40013115719486e-06,COMPLETE
387,0.3960270881652832,2025-04-05 18:21:54.845344,2025-04-05 18:22:24.284572,0 days 00:00:29.439228,0.5776799717207577,0.17489281865885226,8,0.05325123416382275,0.08163414174504519,0.07675971050336412,0.06297506174885015,0.004718494305233825,0.027176525547525775,0.0005376183135920283,22,100,0.08464201198480979,0.21614241255751748,False,False,True,1.028810327633043e-05,COMPLETE
388,0.36140258908271794,2025-04-05 18:22:24.404791,2025-04-05 18:22:57.270946,0 days 00:00:32.866155,0.5984811602033093,0.059015093812447,8,0.0455830605763819,0.03809287437081204,0.07138915451382416,0.060974153447226065,0.07817132688817828,0.025040495112601577,0.0008151744286052278,22,99,0.0911085282248086,0.21130312795007847,False,False,False,1.836613058536337e-05,COMPLETE
389,0.3958089947700501,2025-04-05 18:22:57.391202,2025-04-05 18:23:26.028761,0 days 00:00:28.637559,0.6413186608250545,0.129893239734438,8,0.06022666989809913,0.03301163522818144,0.07445314273820988,0.05804697184463638,0.00674967673135746,0.030782515875339755,0.0006812396063025659,21,96,0.08805124931865142,0.22026928146415864,False,False,True,7.036781399685299e-06,COMPLETE
390,0.4857958674430848,2025-04-05 18:23:26.159828,2025-04-05 18:23:56.481084,0 days 00:00:30.321256,0.6199974717934276,0.10750358095197082,8,0.040028385548791054,0.022846018298163902,0.06943786974961762,0.06674536567890159,0.00969221614915168,0.028789134335989737,0.0006182106314951204,23,102,0.09169276696835373,0.1713453371693251,False,False,True,1.2150392307366879e-05,COMPLETE
391,0.4067952573299408,2025-04-05 18:23:56.601873,2025-04-05 18:24:27.847299,0 days 00:00:31.245426,0.6137735183618304,0.09243857685451752,8,0.040204080653811126,0.006138719743163686,0.06542849203186125,0.06339204533047653,0.010579475061504523,0.03268527160812039,0.00043378206895373575,24,101,0.0815408699051182,0.15840524456351,False,False,True,1.1679742870960241e-05,COMPLETE
392,0.4809454381465912,2025-04-05 18:24:27.967891,2025-04-05 18:24:57.992700,0 days 00:00:30.024809,0.6278238876828002,0.10692270235119627,8,0.04813367596144989,0.024805534107245498,0.06823119925967783,0.06470598492499521,0.010442391730106939,0.023151810433219226,0.0005237411454887084,23,102,0.08893887672553391,0.15373457035907495,False,False,True,9.783507078806884e-06,COMPLETE
