number,value,datetime_start,datetime_complete,duration,params_alpha-eval,params_alpha-train,params_batch-size,params_eps-eval,params_eps-train,params_lambda-actions-eval,params_lambda-actions-train,params_lambda-frames-eval,params_lambda-frames-train,params_learning-rate,params_n-epochs,params_n-frames,params_radius-gw,params_rho,params_std-feats,params_ub-actions,params_ub-frames,params_weight-decay,state
1459,0.28615721464157107,2025-04-06 04:56:34.991727,2025-04-06 04:57:08.784772,0 days 00:00:33.793045,0.6602094501817345,0.05911620429357544,8,0.0500505867013567,0.07324698918036446,0.002903972685300529,0.006423008060231071,0.014610347118336453,0.0074485143622285135,0.0007932786338000414,28,74,0.09687805880775716,0.18483903165425591,False,True,True,6.648836315447002e-07,COMPLETE
1460,0.357179194688797,2025-04-06 04:57:09.253379,2025-04-06 04:57:43.673839,0 days 00:00:34.420460,0.7160333479999001,0.08252622768192788,8,0.06172922787643529,0.09263364836811123,0.015630328832283304,0.0626643006990924,0.035749781557459066,0.011868899953426614,0.0009659330854381228,27,78,0.06829962104428851,0.20180187292575602,True,False,True,3.006686431696396e-07,COMPLETE
1461,0.39566296339035034,2025-04-06 04:57:44.143152,2025-04-06 04:58:08.450399,0 days 00:00:24.307247,0.6865001829396813,0.04304899704635813,16,0.07338304132072679,0.058023907901058214,0.012152247506484033,0.07175672087761899,0.0202448381948256,0.009714144730621523,0.0006512980487574527,28,81,0.09522643522781016,0.1910783313194546,False,False,True,4.6846448773177037e-07,COMPLETE
1462,0.4143345534801483,2025-04-06 04:58:08.913587,2025-04-06 04:58:41.514226,0 days 00:00:32.600639,0.735545350301813,0.11235106268158743,8,0.0565736058348219,0.068612253361102,0.005046114664319062,0.06897152233549259,0.06745354790460766,0.003125410406556083,0.00077521881915135,27,77,0.09801472315192683,0.17331172546654042,False,False,True,1.02132645734231e-06,COMPLETE
1463,0.40366094112396245,2025-04-06 04:58:42.001907,2025-04-06 04:59:16.923250,0 days 00:00:34.921343,0.6540098711040085,0.03224021503028441,8,0.020205675205362192,0.0620304998355673,0.017457514358088386,0.06475056486039259,0.017229212900134083,0.012406034198401698,0.0016137703463952613,30,81,0.09787966912187743,0.21200998555694664,False,False,True,8.059047242846094e-07,COMPLETE
1464,0.4070545911788941,2025-04-06 04:59:17.395853,2025-04-06 04:59:49.720728,0 days 00:00:32.324875,0.6877159492464548,0.06028403029169441,8,0.13415011699702434,0.07399669988317857,0.019753847934653422,0.06253428103677118,0.027771977522720884,0.00822329637132746,0.0010956337433448745,27,56,0.09570370667597086,0.09686669312078403,False,False,True,4.782217250605098e-08,COMPLETE
1465,0.39234297871589663,2025-04-06 04:59:50.189306,2025-04-06 05:01:22.339382,0 days 00:01:32.150076,0.7083005347227289,0.08686638740172725,2,0.08404183154569916,0.048896785396229485,0.009094238267411962,0.012165639739124334,0.025592510380590325,0.010890442499200115,0.0005017479819971023,28,73,0.09232791921939167,0.1952446848023217,False,False,True,5.540916992771573e-07,COMPLETE
1466,0.40469510555267335,2025-04-06 05:01:22.805279,2025-04-06 05:01:55.574890,0 days 00:00:32.769611,0.7533643308440178,0.13135858852500515,8,0.0682024259705086,0.06804382074138529,0.013384470769202753,0.009036773118218813,0.010922952591420938,0.005779492805722265,0.0008829686155280289,27,69,0.0982953413787647,0.18346207612307375,False,False,True,7.403267458844944e-07,COMPLETE
1467,0.3765436112880707,2025-04-06 05:01:56.063095,2025-04-06 05:02:30.368831,0 days 00:00:34.305736,0.6800579832314763,0.7739806163198597,8,0.0421847393721996,0.05508671588813881,0.014946322307507804,0.06458661250421342,0.018768003529606867,0.012629135841779581,0.0013019822459067387,29,75,0.09426829421419412,0.16834218256801542,False,False,True,2.664134987207104e-06,COMPLETE
1468,0.3527350902557373,2025-04-06 05:02:30.838214,2025-04-06 05:03:10.013529,0 days 00:00:39.175315,0.6348898737118945,0.06437649739453481,8,0.0769333460076341,0.0785995326324245,0.01734507421690956,0.06657458807925624,0.023762233943714052,0.014042408711125005,0.0006001314035663646,29,82,0.09647062692145013,0.20403614099184605,False,False,False,3.799553338195971e-07,COMPLETE
1469,0.4015111327171326,2025-04-06 05:03:10.480966,2025-04-06 05:03:43.468228,0 days 00:00:32.987262,0.6614950756887489,0.04560646184170253,8,0.06147107061629989,0.06202957976075522,0.010817742493134335,0.020366971389386805,0.016500493157399806,0.00922132155058953,0.0007102976706540059,27,79,0.05618744262099301,0.18799573304404515,False,False,True,9.979448061422909e-07,COMPLETE
1470,0.4349819660186768,2025-04-06 05:03:43.934097,2025-04-06 05:04:01.567827,0 days 00:00:17.633730,0.7250233083500629,0.09987089324074255,8,0.05118494989845854,0.06988389068180728,0.02014798851283058,0.061759112139850476,0.021417624956107655,0.007091247104468138,0.0009500204129692468,6,77,0.09789287288380791,0.1797137126874114,False,False,True,2.4737605396346727e-07,COMPLETE
1471,0.3569495558738709,2025-04-06 05:04:02.057010,2025-04-06 05:04:36.164551,0 days 00:00:34.107541,0.7005684081819057,0.027678195686355496,8,0.06722464777134149,0.08471757550312724,0.014292339963580761,0.01766025057883066,0.013401872643873238,0.01436715951001439,0.0011174224763103927,28,83,0.09363054448915711,0.1981423271665271,False,False,True,5.46279163283738e-07,COMPLETE
1472,0.3780065417289734,2025-04-06 05:04:36.633920,2025-04-06 05:05:10.588349,0 days 00:00:33.954429,0.7871998097799222,0.0784570494528378,8,0.1063117705172022,0.07390714386591021,0.016395672833284292,0.06371037934021671,0.015072946919805822,0.011089612125498905,0.00040806239275147186,28,80,0.09539308552589067,0.19256243254355213,False,False,True,6.718987153188216e-07,COMPLETE
1473,0.4883440256118775,2025-04-06 05:05:11.060260,2025-04-06 05:05:43.707467,0 days 00:00:32.647207,0.6852673247868697,0.05527355881331062,8,0.05612924280153677,0.06478919109533528,0.01837127308662438,0.0049253088425069095,0.030516584156841716,0.012851867425696632,0.0007784480157429449,27,72,0.09833246261916055,0.20768665880509488,False,False,True,1.0300409621183576e-06,COMPLETE
1474,0.3966267168521881,2025-04-06 05:05:44.172078,2025-04-06 05:06:17.028140,0 days 00:00:32.856062,0.6485317545207051,0.09354574108989545,8,0.04556349812879055,0.05682677449843374,0.006955747058555109,0.06164036633780346,0.018390661920347173,0.015213958741000655,0.00013618346607485637,27,85,0.09997224173188038,0.18539117751969877,False,False,True,3.1461091976397513e-06,COMPLETE
1475,0.42605980634689333,2025-04-06 05:06:17.519799,2025-04-06 05:06:51.181706,0 days 00:00:33.661907,0.6673593869352823,0.06898169723069128,8,0.12109408241109303,0.07484937342403372,0.02160329501375288,0.0822746859127643,0.02038865037600563,0.010599409717895152,0.0005743783358677802,28,76,0.08992168857921054,0.175625810320754,False,False,True,2.360453813574959e-06,COMPLETE
1476,0.48301985859870916,2025-04-06 05:06:51.652533,2025-04-06 05:07:24.419574,0 days 00:00:32.767041,0.7188416239293318,0.04436128615555942,8,0.06381847466004341,0.04608408207610179,0.012762438456583257,0.0682621830138449,0.01627683079600765,0.00470539413800441,0.0008779278907627257,27,82,0.09673787100220564,0.1982628630410731,False,False,True,8.168491691827329e-07,COMPLETE
1477,0.4725389003753662,2025-04-06 05:07:24.890029,2025-04-06 05:07:57.967953,0 days 00:00:33.077924,0.6119319268194857,0.11347205787465545,8,0.07493921896575073,0.06816601999563382,0.002641572794649283,0.015612863596147518,0.023215665574519408,0.009369026724173318,0.0006910774675815535,27,79,0.08584695449603053,0.19234627168792753,False,False,True,4.7287959870456445e-07,COMPLETE
1478,0.28615721464157107,2025-04-06 05:07:58.440652,2025-04-06 05:09:32.481045,0 days 00:01:34.040393,0.7009364521100024,0.02315979182345529,2,0.28599149362336096,0.08082655328174751,0.015717537253402,0.07063125672334128,0.012222101064924561,0.013506640765299324,0.0014216364855689921,28,67,0.09806627322172835,0.1793516180514735,False,True,True,1.2038161786596617e-06,COMPLETE
1479,0.3746513068675995,2025-04-06 05:09:32.970868,2025-04-06 05:10:09.720849,0 days 00:00:36.749981,0.7494685537684314,0.08086852480889575,8,0.059314960165471234,0.060206632104917564,0.01983535676327576,0.06526904747506386,0.018966791506063837,0.008019500395431164,0.00047388350821777193,29,87,0.09545359889892452,0.16706555870879497,True,False,True,2.1208421393421426e-06,COMPLETE
1480,0.4219650447368622,2025-04-06 05:10:10.195824,2025-04-06 05:10:42.937016,0 days 00:00:32.741192,0.676117064226355,0.05518939732941459,8,0.08163022324200564,0.05186443026878714,0.01789753337711167,0.010911736623215236,0.015175181152118224,0.015416551545937653,0.0010145322983406313,27,74,0.026624648441048875,0.16042468788397865,False,False,True,3.212799577936333e-07,COMPLETE
1481,0.38842701911926275,2025-04-06 05:10:43.407740,2025-04-06 05:11:14.551971,0 days 00:00:31.144231,0.7309001338036312,0.09887713238737707,8,0.06907631716941662,0.0650892757904537,0.009620333213315804,0.05479483822567631,0.021234376999383547,0.006036247263148598,0.0007688514759624375,26,22,0.09170088110863302,0.20135011036027597,False,False,True,6.904118155938652e-07,COMPLETE
1482,0.46927195787429815,2025-04-06 05:11:15.019612,2025-04-06 05:11:39.753446,0 days 00:00:24.733834,0.6346915290025057,0.07262460471366526,16,0.05324147668027764,0.07139701689767998,0.0056882110116790365,0.06273942100045735,0.01761675977733358,0.011581714135034093,0.0012253393786234433,28,91,0.09996593060866266,0.18629232882533384,False,False,True,3.4899560787909684e-06,COMPLETE
1483,0.35335828065872193,2025-04-06 05:11:40.242259,2025-04-06 05:12:12.477562,0 days 00:00:32.235303,0.6960647088086496,0.038724051631039313,8,0.06302291571460708,0.10475682154252475,0.014545944068198941,0.059808941483446655,0.03348949040652446,0.016225559701438196,0.0005913131630707294,26,83,0.09369447350139201,0.21121616973880475,False,False,True,8.733880656369945e-07,COMPLETE
1484,0.44401148557662967,2025-04-06 05:12:12.953225,2025-04-06 05:12:33.039339,0 days 00:00:20.086114,0.6610726638366188,0.02700691329964753,8,0.048451762234969664,0.0775170846372103,0.021023673329665576,0.06736818415464825,0.02570986039413173,0.01386311036328101,0.0008839330360838591,9,76,0.09680370925417082,0.19257217766221482,False,False,True,4.0518809622370904e-07,COMPLETE
1485,0.44561567306518557,2025-04-06 05:12:33.515584,2025-04-06 05:13:08.755414,0 days 00:00:35.239830,0.7093094240795006,0.13210635722234923,8,0.07238380369684007,0.05796140236675816,0.01705570374213342,0.057349774185008945,0.011013880938204247,0.003120606801759401,0.0006929401633714603,30,80,0.0818692704735001,0.1824102540807595,False,False,True,1.5983185364125215e-06,COMPLETE
1486,0.48542978763580324,2025-04-06 05:13:09.227215,2025-04-06 05:13:42.087500,0 days 00:00:32.860285,0.6836455782403518,0.06334685138437299,8,0.0565732429287353,0.06515983724206278,0.019535699777854326,0.061064748378405934,0.013689912333820883,0.007878143997898162,0.0010715873954486217,27,71,0.09829515029225616,0.2042751273234889,False,False,True,5.222162442864098e-07,COMPLETE
1487,0.34752459526062013,2025-04-06 05:13:42.577859,2025-04-06 05:14:19.608477,0 days 00:00:37.030618,0.649071999600832,0.0909560620875139,8,0.03905652773943327,0.06995584410775563,0.0028003134454250298,0.0349176275232064,0.020055423968180882,0.011515162274714883,0.0005490136503857623,27,85,0.09535831703748535,0.17118109878123,False,False,False,1.2886292732786135e-06,COMPLETE
1488,0.45332616567611694,2025-04-06 05:14:20.082005,2025-04-06 05:14:54.240142,0 days 00:00:34.158137,0.6722842376155804,0.11022089496385373,8,0.06548691617801801,0.09018659134505139,0.011938741695458818,0.013023924484450127,0.01809176432617637,0.015520673531248697,0.0008522550618007605,29,79,0.09833486119784457,0.19003043598997438,False,False,True,2.6056574189879053e-06,COMPLETE
1489,0.45809691548347475,2025-04-06 05:14:54.716374,2025-04-06 05:15:28.445547,0 days 00:00:33.729173,0.7243020430384743,0.043546175669079784,8,0.05860261046986003,0.08278569197989599,0.015906546601141172,0.00773679593237053,0.015938003918450187,0.0010163806988845404,0.000685022805306856,28,88,0.09668923078162947,0.21846779571241096,False,False,True,2.089246155673636e-07,COMPLETE
1490,0.481098347902298,2025-04-06 05:15:28.944492,2025-04-06 05:17:02.802205,0 days 00:01:33.857713,0.7723017215558331,0.07283911242110373,2,0.05126521086259402,0.06132683377144358,0.007758820374786465,0.06577876013638384,0.02886990243314003,0.00968554053308536,0.0012833725264334713,28,77,0.09392339218519202,0.19724522387068338,False,False,True,9.696327763477573e-07,COMPLETE
1491,0.487285315990448,2025-04-06 05:17:03.282630,2025-04-06 05:17:35.408728,0 days 00:00:32.126098,0.7025317083181429,0.05685231223191897,8,0.06914858328648647,0.0754345109049895,0.013730825974651481,0.06368889477085737,0.022568161721317214,0.01727544403620597,0.0009976709219631282,26,82,0.09826073470417718,0.1766521140195728,False,False,True,6.095365788257544e-07,COMPLETE
1492,0.4205245137214661,2025-04-06 05:17:35.884972,2025-04-06 05:18:08.346734,0 days 00:00:32.461762,0.7357293118719537,0.08903828401399272,8,0.06280535113843792,0.055478488554253295,0.022142495467330794,0.059657341130308156,0.013840594195849529,0.01299335152139576,0.001663571005710603,27,74,0.09582897754034496,0.1864844041227469,False,False,True,1.8477883797351808e-06,COMPLETE
1493,0.3558179318904877,2025-04-06 05:18:08.819857,2025-04-06 05:18:42.572673,0 days 00:00:33.752816,0.629652230357435,0.02549520390684426,8,0.07481183706327782,0.12974086508333038,0.01807038498890595,0.06221148686671467,0.020473696455544223,0.006311859659266058,0.00045289393839763244,28,86,0.0999674074670203,0.19671304667697043,False,False,True,1.1349680100301232e-06,COMPLETE
1494,0.37796990275383,2025-04-06 05:18:43.069705,2025-04-06 05:19:15.948234,0 days 00:00:32.878529,0.6871649504397453,0.05121980341034656,8,0.1613088465337848,0.0692327968579513,0.010861483703068105,0.05467064664066638,0.016870633354405383,0.014989679478955614,0.0008060317434853183,27,83,0.09269135078414846,0.20754401502251285,False,False,True,8.23084010939527e-07,COMPLETE
1495,0.39980618357658393,2025-04-06 05:19:16.425990,2025-04-06 05:19:48.781004,0 days 00:00:32.355014,0.6601694172309791,0.11305872566784209,8,0.04585999059808064,0.05145565847593795,0.004738634003752311,0.06639368515406258,0.024043865109982576,0.009950042790899838,0.0006242918974380639,26,78,0.09685769865138102,0.18313864700446325,False,False,True,4.807165045366394e-07,COMPLETE
1496,0.4881751656532288,2025-04-06 05:19:49.259629,2025-04-06 05:20:22.553796,0 days 00:00:33.294167,0.713212481757314,0.07628419287188838,8,0.05491284002033401,0.06242637634794339,0.04080351618783668,0.05769698349112745,0.038211110763232914,0.017560055906301365,0.0010707673087248896,28,72,0.09823559659460575,0.1899199678673624,False,False,True,1.4111546959041465e-06,COMPLETE
1497,0.28615721464157107,2025-04-06 05:20:23.026945,2025-04-06 05:20:56.285802,0 days 00:00:33.258857,0.6792357581246194,0.07047556222476192,8,0.08070238216059938,0.19437461288485847,0.020192580050564818,0.06447368050924142,0.012264741604799097,0.012228837172087031,0.0008888730858815083,27,81,0.09567071762992174,0.20151063501306518,False,True,True,3.6400336294150777e-07,COMPLETE
1498,0.3627732694149018,2025-04-06 05:20:56.780499,2025-04-06 05:21:30.376824,0 days 00:00:33.596325,0.6471489903308425,0.088007652791294,8,0.0654164389248265,0.07687328693794881,0.015849915013052072,0.009703574304228203,0.01907985810206192,0.014461652751522513,0.0007347905418480018,26,69,0.09096365905869834,0.17527053168485207,True,False,True,2.169754405417994e-06,COMPLETE
1499,0.3975401818752289,2025-04-06 05:21:30.857272,2025-04-06 05:22:04.772664,0 days 00:00:33.915392,0.7056842944904819,0.010110077496634576,8,0.0602929628210647,0.07140614996940753,0.013254042731164135,0.06949349539725092,0.01579181073886029,0.004471219546175704,0.0005295564567182021,29,75,0.03994267167262632,0.182246273605,False,False,True,6.531306899932092e-07,COMPLETE
1500,0.4391987025737763,2025-04-06 05:22:05.250423,2025-04-06 05:22:38.666806,0 days 00:00:33.416383,0.7383678584837947,0.04312977097006744,8,0.06929555403739739,0.0441142350159639,0.018138029396474197,0.003183972091952314,0.061084688195754154,0.008062364805407613,0.0012130116125547762,27,91,0.09833594794609156,0.19424410648500473,False,False,True,1.0677259836956077e-06,COMPLETE
1501,0.4759948253631592,2025-04-06 05:22:39.167452,2025-04-06 05:23:12.742554,0 days 00:00:33.575102,0.7564573527871277,0.06054126724115144,8,0.05450319226896831,0.06588618860327829,0.022121221146340086,0.061054295222049505,0.021325131457306627,0.01639745693674765,0.0006793600020459808,28,84,0.09437559189549559,0.16921449407884284,False,False,True,2.8521443427887473e-07,COMPLETE
1502,0.4100686311721802,2025-04-06 05:23:13.224869,2025-04-06 05:24:42.956565,0 days 00:01:29.731696,0.6906785983867769,0.13152356265269172,2,0.04570345686958864,0.08222473557233122,0.016106615711244318,0.0553498930748672,0.010475884605844511,0.01102802877802715,0.0002734079173056735,27,88,0.09652345756357389,0.19097534920844594,False,False,True,7.271857073477351e-07,COMPLETE
1503,0.41407924294471743,2025-04-06 05:24:43.436465,2025-04-06 05:25:15.669194,0 days 00:00:32.232729,0.6151698514282711,0.09971399033321068,8,0.07471628895094269,0.05759155124295903,0.0029664220537899237,0.0586769028526245,0.03129493703304236,0.013187775127348549,0.0009152755780502127,26,79,0.03386265077289135,0.2142168357161204,False,False,True,2.7659165581523247e-06,COMPLETE
1504,0.4596323907375336,2025-04-06 05:25:16.148378,2025-04-06 05:25:40.614982,0 days 00:00:24.466604,0.6692286546336793,0.02885073188691281,16,0.061015607629959626,0.07389327439967765,0.020011459582317127,0.0628229301112071,0.017742656079646372,0.018619129248569528,0.0013807198064275678,29,77,0.09818648244698652,0.20194321086906475,False,False,True,1.5590793573574039e-06,COMPLETE
1505,0.39323185086250306,2025-04-06 05:25:41.114543,2025-04-06 05:26:05.274938,0 days 00:00:24.160395,0.7202727591016609,0.07797857043644607,8,0.051093400912152837,0.06300188898755708,0.008841928909091036,0.056263801089467685,0.02703887296184475,0.009107335315278488,0.0003637826772210647,16,16,0.09994552877590976,0.17957922404159415,False,False,True,5.007109958925225e-07,COMPLETE
1506,0.48770773410797125,2025-04-06 05:26:05.752022,2025-04-06 05:26:39.058261,0 days 00:00:33.306239,0.6427059414544046,0.053075340839760336,8,0.06750832499034554,0.06777406390358556,0.0011882099625414085,0.07155144387964295,0.04539682781398288,0.006451182974122875,0.0008234512823617725,27,81,0.09999383303509156,0.1872955094140962,False,False,True,1.819693614107148e-06,COMPLETE
1507,0.34889791607856757,2025-04-06 05:26:39.538386,2025-04-06 05:27:16.771184,0 days 00:00:37.232798,0.6929577348667492,0.11230105715694522,8,0.03963041156114064,0.08673556381911258,0.014247581272478754,0.0010666419483013282,0.014907650815677825,0.01460568624020704,0.0005875867359221669,28,65,0.09372500897711895,0.1966250098685268,False,False,False,9.262971561501531e-07,COMPLETE
1508,0.47092570066452033,2025-04-06 05:27:17.249399,2025-04-06 05:27:35.762323,0 days 00:00:18.512924,0.6690694480837481,0.09230213526587015,8,0.05827397409118438,0.05198835406394817,0.01231384775774445,0.06836281056197693,0.0241642719794155,0.016306512786837025,0.0010880492086499621,7,85,0.09668220336607151,0.16402341203866005,False,False,True,3.7037216855717832e-06,COMPLETE
1509,0.3538175463676453,2025-04-06 05:27:36.260934,2025-04-06 05:27:59.545685,0 days 00:00:23.284751,0.7095197930633859,0.06586194116666359,8,0.07943885596892745,0.15720004779188315,0.018293163621624545,0.006779712824065129,0.019102417126812078,0.011552268926713663,0.000751061040363986,14,74,0.09529945115946138,0.20681827551208992,False,False,True,1.2439209922723073e-06,COMPLETE
1510,0.364002525806427,2025-04-06 05:28:00.029913,2025-04-06 05:28:32.250056,0 days 00:00:32.220143,0.6568056999695185,0.010702736292065876,8,0.09163113783308505,0.07856151922151627,0.00485321065653292,0.023740071798460348,0.013234761043182061,0.02056073156816677,0.0004970649271882917,26,81,0.09821741227614098,0.1740755145874075,False,False,True,6.241757687953156e-07,COMPLETE
1511,0.3551868855953217,2025-04-06 05:28:32.726973,2025-04-06 05:29:04.940577,0 days 00:00:32.213604,0.6849195194828356,0.5604184264723164,8,0.06620356500875156,0.05964866672911929,0.016682153960026216,0.03809580358626801,0.021825566988108926,0.017814936223805703,0.0009533252949114743,27,52,0.09998236729908296,0.19347456246777392,False,False,True,2.3902243949150584e-06,COMPLETE
1512,0.36559781432151794,2025-04-06 05:29:05.443694,2025-04-06 05:29:38.873862,0 days 00:00:33.430168,0.7324961268714784,0.7277629603111919,8,0.07280041063990568,0.07163348958404765,0.020858238661580215,0.05996079629247796,0.09624280951758132,0.013943732549128365,0.0006825265983737688,28,78,0.09284187356887706,0.1862149094981623,False,False,True,4.1663360964841617e-07,COMPLETE
1513,0.48628120422363286,2025-04-06 05:29:39.359270,2025-04-06 05:30:12.268184,0 days 00:00:32.908914,0.6275190299211675,0.04916149136510988,8,0.05507643022684893,0.06608944351905413,0.0010067698355580184,0.06507133274772883,0.01688791573534459,0.010059637961809528,0.00107121739111498,27,88,0.09662096486842853,0.17970052321968438,False,False,True,9.007969269085559e-07,COMPLETE
1514,0.48535390496253966,2025-04-06 05:30:12.747198,2025-04-06 05:30:44.545262,0 days 00:00:31.798064,0.6729846268191007,0.03809416756824726,8,0.061813522483721746,0.05532317384540708,0.01095928883893963,0.014419570847889824,0.019797237005465967,0.007674504762456725,0.0015347543179111234,26,70,0.09528165599650376,0.20079196309209305,False,False,True,1.3847742383691499e-06,COMPLETE
