number,value,datetime_start,datetime_complete,duration,params_alpha-eval,params_alpha-train,params_batch-size,params_eps-eval,params_eps-train,params_lambda-actions-eval,params_lambda-actions-train,params_lambda-frames-eval,params_lambda-frames-train,params_learning-rate,params_n-epochs,params_n-frames,params_radius-gw,params_rho,params_std-feats,params_ub-actions,params_ub-frames,params_weight-decay,state
113,0.45763007998466493,2025-04-24 22:52:29.945283,2025-04-24 22:54:03.453637,0 days 00:01:33.508354,0.3884580235930507,0.5360327764831566,2,0.10152518961260933,0.11454316540756865,0.03405985127301827,0.052955990759982044,0.09224545379917862,0.06909528417806288,4.4767798612165087e-05,23,65,0.04806294935764134,0.27163133741153783,True,False,False,3.2894494206019972e-06,COMPLETE
114,0.44075158834457395,2025-04-24 22:54:03.490521,2025-04-24 22:55:37.047637,0 days 00:01:33.557116,0.33385800761424367,0.43340007558349586,2,0.10443139462213548,0.10264349533959265,0.03570629150444464,0.04870599052834022,0.09268199215207884,0.06583934146988323,4.07742285377709e-05,23,64,0.057038280850009095,0.2688196567791225,True,False,False,3.0269924407834514e-06,COMPLETE
115,0.45273331999778754,2025-04-24 22:55:37.084741,2025-04-24 22:57:14.746531,0 days 00:01:37.661790,0.24148726027179981,0.4802866129938794,2,0.11861288675136687,0.1421162377947584,0.03908072884498294,0.05500654390245937,0.09621189585959707,0.06845801065411859,5.8572512298143944e-05,24,67,0.04903798012505016,0.2871720065603601,True,False,False,3.451022442971724e-06,COMPLETE
116,0.41858984827995305,2025-04-24 22:57:14.784400,2025-04-24 22:57:39.390036,0 days 00:00:24.605636,0.3074383534650542,0.5247929638563185,16,0.10970430564620309,0.12555426516151647,0.031498781129429054,0.052808785627074244,0.007039049948079232,0.062702976923092,3.0852090370324514e-05,23,57,0.042840258554294124,0.2699648256054814,True,False,True,1.2977280035527831e-06,COMPLETE
117,0.34866016507148745,2025-04-24 22:57:39.428783,2025-04-24 22:59:17.346860,0 days 00:01:37.918077,0.3983023293908069,0.465715835965644,2,0.1563723039634209,0.16029028423610397,0.030775318337148243,0.05939472553062633,0.08383518570484609,0.0709433473840252,6.745457735008135e-05,25,62,0.04718382159574221,0.26013034947906194,False,False,False,4.52390045460271e-06,COMPLETE
118,0.4421614110469818,2025-04-24 22:59:17.385599,2025-04-24 22:59:55.075671,0 days 00:00:37.690072,0.36524451422154625,0.3754575492068743,8,0.1003013023521815,0.11388876817423943,0.023858226440102263,0.06300264718860882,0.09076155184658982,0.058574517014880395,4.62400617160483e-05,26,58,0.049368753778567996,0.2823467631755741,True,False,False,8.959525440415256e-07,COMPLETE
119,0.4298066854476929,2025-04-24 22:59:55.114418,2025-04-24 23:01:29.400141,0 days 00:01:34.285723,0.3819608513207077,0.49330277261017663,2,0.0921348811815545,0.13645264081250202,0.0367212610532769,0.054072907182392126,0.09331906536695093,0.07946474596506146,0.007836907191481068,23,65,0.059368999784896445,0.27447997244682976,True,False,False,2.51859303921276e-06,COMPLETE
120,0.28615721464157107,2025-04-24 23:01:29.439548,2025-04-24 23:02:53.125906,0 days 00:01:23.686358,0.2640638381464384,0.5426356332802398,2,0.12898753988722897,0.17363087765299856,0.016682008250173054,0.05714010600059515,0.09809606173662884,0.09587408960242134,8.883603409565291e-05,24,69,0.05281266885982572,0.1094620068206637,True,True,True,4.3657191798959046e-07,COMPLETE
121,0.44927440881729125,2025-04-24 23:02:53.165359,2025-04-24 23:04:19.548371,0 days 00:01:26.383012,0.4158910736730653,0.5784681028459037,2,0.07684915068243575,0.11602502046008148,0.055121204854640324,0.05919845294331002,0.09001689968723198,0.03914235259438686,4.3299096233010025e-05,21,63,0.045340289862232,0.2908942564061679,True,False,False,4.765998175543678e-06,COMPLETE
122,0.4388362526893616,2025-04-24 23:04:19.587170,2025-04-24 23:05:50.381822,0 days 00:01:30.794652,0.49180088791132354,0.5043179058562057,2,0.11324299808449909,0.1293791783549226,0.03966749275496509,0.07021980642165535,0.0998386493228693,0.07398228702917704,3.6037935726435905e-05,22,75,0.04367754423866345,0.2772345796994701,True,False,False,6.5643174412826795e-06,COMPLETE
123,0.43735993504524234,2025-04-24 23:05:50.430319,2025-04-24 23:07:24.111687,0 days 00:01:33.681368,0.44411344988133294,0.4518036966338035,2,0.10603760884386097,0.12111269798921918,0.0441866092863026,0.04910112353678546,0.094499748473095,0.09255274278818039,5.230537583081753e-05,23,77,0.039695811320222284,0.13248929589953118,True,False,False,3.1391109258255406e-06,COMPLETE
124,0.4470874428749085,2025-04-24 23:07:24.151932,2025-04-24 23:08:50.607229,0 days 00:01:26.455297,0.3373150258721219,0.4720216236923582,2,0.09002117101460681,0.14191327459222408,0.0470323973103976,0.02220668641357636,0.07968791290337007,0.0831063924255484,2.7219927638526064e-05,21,72,0.04785247924850245,0.28517929474448367,True,False,False,8.365840570752535e-06,COMPLETE
125,0.41293756365776063,2025-04-24 23:08:50.647258,2025-04-24 23:10:30.651348,0 days 00:01:40.004090,0.39158337285658573,0.5659218347428092,2,0.09665905395343595,0.10734690670679659,0.051630926484625056,0.05568813772374271,0.0958622922729184,0.06607864160753861,7.117188893563119e-05,25,60,0.09590491853582485,0.2928171770991459,True,False,False,1.8678800500967612e-06,COMPLETE
126,0.45610631108283994,2025-04-24 23:10:30.692138,2025-04-24 23:12:07.713857,0 days 00:01:37.021719,0.46199988892443467,0.6522157059977749,2,0.08506871950983255,0.1547712701728037,0.033542338038687974,0.061651089521584206,0.08514817169658631,0.07155234115217535,4.602424622843711e-05,24,67,0.050340869064934984,0.2648626743650431,True,False,False,5.4619415640667595e-06,COMPLETE
127,0.44119289517402654,2025-04-24 23:12:07.754246,2025-04-24 23:13:44.149769,0 days 00:01:36.395523,0.45959641300748166,0.6608558184287954,2,0.12441856365048878,0.15125436581755053,0.04118968275163966,0.06252894358862153,0.08555796419605571,0.07160467270822993,3.3105469760222274e-05,24,68,0.05586956032687062,0.2630937230489731,True,False,False,1.4448427864577424e-06,COMPLETE
128,0.4513270139694214,2025-04-24 23:13:44.191667,2025-04-24 23:15:16.256542,0 days 00:01:32.064875,0.4170577199478665,0.5137484996020588,2,0.08303308032695353,0.1576275933384896,0.03359318446486808,0.060369288173053474,0.0869612349151438,0.06919731848225211,4.087017969643229e-05,23,50,0.05117287959797308,0.2725361790692828,True,False,False,5.54034959603848e-06,COMPLETE
129,0.3664854645729065,2025-04-24 23:15:16.298908,2025-04-24 23:16:43.386638,0 days 00:01:27.087730,0.490578146250558,0.6807548325493514,2,0.10782039259766106,0.16532042430110327,0.027800986786795864,0.051892092658002216,0.028495592951112925,0.07480627568709995,2.403041235883136e-05,26,45,0.04952366774228296,0.2573344575680982,True,False,True,3.7910142927455486e-06,COMPLETE
130,0.3990806758403779,2025-04-24 23:16:43.428317,2025-04-24 23:18:19.075494,0 days 00:01:35.647177,0.35098477830763697,0.7156157837555475,2,0.11509214910392938,0.14587641004425564,0.03276558936956822,0.044585288760457004,0.08939308511409537,0.07721836729714211,0.030884202505328247,24,56,0.04207064534172692,0.16691245378329278,True,False,False,1.467540629386655e-05,COMPLETE
131,0.4528628110885621,2025-04-24 23:18:19.117168,2025-04-24 23:19:48.313531,0 days 00:01:29.196363,0.4434124347630964,0.5939929713507717,2,0.07175115387055739,0.1385651349443213,0.03773431467553299,0.05763571863141502,0.09223233964740211,0.08036246984191336,4.741495379501528e-05,22,65,0.045916619610034924,0.27963724076898316,True,False,False,0.00023708065581156372,COMPLETE
132,0.4295345962047577,2025-04-24 23:19:48.356580,2025-04-24 23:21:35.239310,0 days 00:01:46.882730,0.5363526159493599,0.6150317506087211,2,0.10173571094214995,0.1317250626509741,0.04534024416787199,0.06864027556273694,0.047995901813832544,0.09841981004334314,0.0008531233856649608,27,83,0.054652841573600744,0.2662946590580138,True,False,False,2.108065469613981e-06,COMPLETE
133,0.41877897381782536,2025-04-24 23:21:35.282881,2025-04-24 23:23:16.205552,0 days 00:01:40.922671,0.39659966918927814,0.5306454610255713,2,0.08805816922063817,0.12610251910064585,0.053063349308716944,0.06522836324250027,0.09723830668433536,0.0873760486311423,5.855148023678074e-05,25,70,0.08580827826799961,0.28386183960807065,True,False,False,7.43765305759436e-06,COMPLETE
134,0.45583730936050415,2025-04-24 23:23:16.248209,2025-04-24 23:24:42.729742,0 days 00:01:26.481533,0.46300145759969513,0.5534506590611433,2,0.09442548904604682,0.15355139765343206,0.05933014346356383,0.05318642068595198,0.05291189607675882,0.08478255170151078,5.068284581053644e-05,21,61,0.044395711224665256,0.2946919816012291,True,False,False,4.532325533395153e-06,COMPLETE
135,0.45320126414299017,2025-04-24 23:24:42.773605,2025-04-24 23:26:09.155004,0 days 00:01:26.381399,0.514211124896238,0.5535129690267973,2,0.09092702357662161,0.15402527943520353,0.05965068781079789,0.05228862638500643,0.05224921586429472,0.08495175228832165,3.025847135023843e-05,21,61,0.047582902731591104,0.29407976228852406,True,False,False,4.898195689273959e-06,COMPLETE
136,0.43311032652854925,2025-04-24 23:26:09.199050,2025-04-24 23:27:41.530761,0 days 00:01:32.331711,0.4742326941828684,0.4847144005337521,2,0.09550464802547283,0.14532762218283052,0.0566595360614923,0.05378470741666088,0.08429335117576703,0.06425492345544635,8.866413596958137e-05,23,52,0.05209659974873068,0.027784856766908797,True,False,False,2.714597738085139e-06,COMPLETE
137,0.4444449603557587,2025-04-24 23:27:41.574091,2025-04-24 23:29:10.188282,0 days 00:01:28.614191,0.36334075667586563,0.5341130667595634,2,0.13535460437230265,0.13532601808599984,0.05019772498457616,0.07281933930284804,0.09201036262841637,0.07248439072193782,6.93094057673939e-05,22,58,0.04961490416066963,0.2905121961975712,True,False,False,2.565848528573139e-05,COMPLETE
138,0.37378157377243043,2025-04-24 23:29:10.241488,2025-04-24 23:29:32.459739,0 days 00:00:22.218251,0.4224698316635659,0.5749656530069307,16,0.08014169360322435,0.16175552513203142,0.05810554535606137,0.04831836063878003,0.04336433210455433,0.06129452058938111,3.736273062090075e-05,23,54,0.0406549904530121,0.24951961984171037,False,False,True,3.888117020332766e-06,COMPLETE
139,0.45166177153587345,2025-04-24 23:29:32.505371,2025-04-24 23:31:08.080784,0 days 00:01:35.575413,0.3797894827046186,0.6509293102368998,2,0.1074998373185432,0.14962456190287654,0.029035185122871537,0.06143989894280233,0.0948378850230977,0.07666571790245995,5.209192651560195e-05,24,63,0.054147286446693664,0.29912315104193465,True,False,False,9.49959723327787e-06,COMPLETE
140,0.4111921548843384,2025-04-24 23:31:08.126250,2025-04-24 23:31:40.938161,0 days 00:00:32.811911,0.5660233823130844,0.40328024926695655,8,0.10121607939568389,0.18506385188821248,0.049694823216141,0.055341550108912105,0.08944412691802685,0.09039158837169756,2.2064837736380975e-05,21,42,0.043758870029505154,0.28708783397839177,True,False,False,6.016958270610783e-06,COMPLETE
141,0.45775673985481263,2025-04-24 23:31:40.983925,2025-04-24 23:33:04.459477,0 days 00:01:23.475552,0.4680969030668156,0.6941431187321128,2,0.0856179250417476,0.11922936422100701,0.05425247232022189,0.01978954440626704,0.053852145815540486,0.08212210406090564,4.561916615329378e-05,20,67,0.04473632605031645,0.2782980233500016,True,False,False,7.250244553850013e-06,COMPLETE
142,0.44474521875381473,2025-04-24 23:33:04.504777,2025-04-24 23:34:34.222756,0 days 00:01:29.717979,0.464614185014091,0.7634265741728876,2,0.06507970590231078,0.1387802670455109,0.05250803969413343,0.01642577622703193,0.05301076764373533,0.07901261600738649,4.323434683529307e-05,22,65,0.03773135485879601,0.2764881923582696,True,False,False,7.348053917024455e-06,COMPLETE
143,0.43623303174972533,2025-04-24 23:34:34.268256,2025-04-24 23:35:57.722197,0 days 00:01:23.453941,0.4367581178534309,0.6998180220866789,2,0.08565749941521039,0.27995730372700856,0.043142135711034584,0.05815392432821369,0.05742847679966078,0.06999330162269057,3.218126754052121e-05,20,68,0.04660460618543198,0.28371077435296876,True,False,False,1.2939487352533176e-05,COMPLETE
144,0.45264059305191046,2025-04-24 23:35:57.768701,2025-04-24 23:37:39.609664,0 days 00:01:41.840963,0.4044790421880169,0.6776628183271887,2,0.07755556343640746,0.12296645600395795,0.04633251246660846,0.01981106548317199,0.05466495607635421,0.08770628591814038,5.7395226158662024e-05,26,61,0.05039377764549133,0.29448905480053555,True,False,False,9.259206339661837e-06,COMPLETE
145,0.4475464642047883,2025-04-24 23:37:39.655680,2025-04-24 23:39:09.736337,0 days 00:01:30.080657,0.31862520128178107,0.5021522630439592,2,0.09590634751829047,0.12939803876435138,0.060921016233125354,0.0500237993418642,0.05906569913761494,0.08136266457055352,3.833655012725859e-05,22,58,0.04859794571425461,0.2998997453696613,True,False,False,5.732290015596052e-06,COMPLETE
146,0.44485182166099546,2025-04-24 23:39:09.782390,2025-04-24 23:40:50.443414,0 days 00:01:40.661024,0.4847285014708572,0.09251204893336401,2,0.11914231729306275,0.15476660083007243,0.05518488183041947,0.023358816911152783,0.08713835383280036,0.08489454434990563,2.758343881760467e-05,25,78,0.04311668547759643,0.2739357040004412,True,False,False,1.866490624307165e-05,COMPLETE
147,0.28615721464157107,2025-04-24 23:40:50.489940,2025-04-24 23:42:10.544866,0 days 00:01:20.054926,0.46074557949432887,0.4432564927511376,2,0.11227054329893335,0.14553901013255408,0.04908873592764184,0.060582968173600586,0.048815789486302455,0.0675016455805244,4.885995565452892e-05,23,68,0.045602408111180326,0.26470158236495045,True,True,False,4.353881861884396e-06,COMPLETE
148,0.4192678451538086,2025-04-24 23:42:10.592249,2025-04-24 23:43:29.616145,0 days 00:01:19.023896,0.4262058598888506,0.6068875452321825,2,0.1020990776583249,0.1110692115187127,0.056699762113941066,0.018595341710882146,0.04751696421219006,0.07517652922122316,7.947033318970306e-05,22,74,0.05292108404013416,0.28733132246939475,True,False,True,2.8245096395661837e-06,COMPLETE
149,0.4450945794582367,2025-04-24 23:43:29.665794,2025-04-24 23:44:54.850861,0 days 00:01:25.185067,0.5066310347593349,0.6496547534331307,2,0.09300982768862276,0.1337956482688351,0.06613195652463583,0.06330452107103787,0.09373177689892696,0.07237457457353322,0.00013491353824990714,21,54,0.04038945408951393,0.27941206806038893,True,False,False,8.801118375948739e-08,COMPLETE
150,0.451122909784317,2025-04-24 23:44:54.899000,2025-04-24 23:46:29.930422,0 days 00:01:35.031422,0.2892724293478846,0.7360135856356376,2,0.08528015067292607,0.11793567106099365,0.07918412950598627,0.05631394439213895,0.08191574943072856,0.09210993752397129,6.0648453187237424e-05,24,63,0.05182307452986331,0.26891833423619205,True,False,False,2.2033870957395953e-07,COMPLETE
151,0.45750544667243964,2025-04-24 23:46:29.986522,2025-04-24 23:47:53.904243,0 days 00:01:23.917721,0.44169491287761437,0.625396422064195,2,0.07398089034989416,0.12134597547221199,0.05351148483266903,0.025021557580661692,0.061285637993374324,0.08237303604517585,4.6334694840228114e-05,20,72,0.044024589781939176,0.2801971738094687,True,False,False,0.00013528924295919942,COMPLETE
152,0.4576859474182129,2025-04-24 23:47:53.952736,2025-04-24 23:49:17.414759,0 days 00:01:23.462023,0.4118170158419047,0.5840773811869346,2,0.08823116670184057,0.12619725768395862,0.05268791669355375,0.025321323745474553,0.05077465295404032,0.08230541909601838,3.505839681113921e-05,20,69,0.04757567695830998,0.2902674839650213,True,False,False,1.1841817790437117e-05,COMPLETE
153,0.45662389397621156,2025-04-24 23:49:17.462953,2025-04-24 23:50:41.208990,0 days 00:01:23.746037,0.4493564512234137,0.6288117354616893,2,0.0769895831562844,0.12527165809943097,0.05236775687543921,0.021634706712829303,0.062217266027000624,0.08330714280926135,3.377966354145421e-05,20,71,0.04184735473615443,0.2938580646356627,True,False,False,0.00012023269728836214,COMPLETE
154,0.45388069152832033,2025-04-24 23:50:41.257537,2025-04-24 23:52:01.880239,0 days 00:01:20.622702,0.4605589366444451,0.6315003065386455,2,0.07559145711864476,0.12251519907991126,0.05311240504314294,0.02066494146221447,0.05500833381232474,0.08321941412428223,3.318439252032495e-05,19,71,0.04186755915201229,0.2942576934501807,True,False,False,0.00010145098129171127,COMPLETE
155,0.45618346333503723,2025-04-24 23:52:01.929480,2025-04-24 23:53:25.325292,0 days 00:01:23.395812,0.49156246665942377,0.5897682444915514,2,0.0802767156569184,0.10576088182428504,0.058674319538851535,0.02596742092428472,0.06128345734744434,0.08608262227238658,2.0376316757960515e-05,20,74,0.038787463729407536,0.29193598385438463,True,False,False,6.90489249299905e-05,COMPLETE
156,0.4477377116680145,2025-04-24 23:53:25.374529,2025-04-24 23:54:45.855290,0 days 00:01:20.480761,0.4877380613879854,0.58954518363144,2,0.06531320106173516,0.10260793603567327,0.05930379912485075,0.025507001152101645,0.061125283645852235,0.08923159688952445,1.982629866950604e-05,19,80,0.03640609207462661,0.289535948280375,True,False,False,7.145303458778658e-05,COMPLETE
157,0.45767994523048405,2025-04-24 23:54:45.904362,2025-04-24 23:56:09.772142,0 days 00:01:23.867780,0.5257798862898543,0.5651880429754589,2,0.0721455666446454,0.11287110217144401,0.054991784482069116,0.026448340196317217,0.0582981889530018,0.08648253235074875,2.3130156292813476e-05,20,72,0.0353005597394098,0.28334044589818347,True,False,False,5.679634803013853e-05,COMPLETE
158,0.44616682529449464,2025-04-24 23:56:09.822149,2025-04-24 23:57:32.926811,0 days 00:01:23.104662,0.4392368076284782,0.5679048415978658,2,0.06107646939473048,0.09192135938675243,0.06214838588242596,0.02243486063766555,0.06334359870287654,0.08679329998106651,2.2549263297345722e-05,20,71,0.033553719887609385,0.29059583550800056,True,False,False,5.5208138100722316e-05,COMPLETE
159,0.444256454706192,2025-04-24 23:57:32.977637,2025-04-24 23:58:56.758248,0 days 00:01:23.780611,0.534529898999868,0.614171050340366,2,0.07290986408267111,0.11063872259485048,0.058073730874878216,0.03210363314373717,0.05775110601027323,0.08498246433023499,1.568132530231657e-05,20,75,0.03788095000900872,0.282538097986322,True,False,False,8.0640187714772e-05,COMPLETE
160,0.46112823486328125,2025-04-24 23:58:56.808497,2025-04-25 00:00:20.484302,0 days 00:01:23.675805,0.5111992935324555,0.5953817891036236,2,0.07934787573250249,0.09974324327116525,0.0561125867595265,0.03014488361799525,0.061095148950796235,0.08217647784653916,3.579400713772437e-05,20,67,0.034456116887589275,0.2936375147209162,True,False,False,0.00011912744848174785,COMPLETE
161,0.4582347750663758,2025-04-25 00:00:20.535686,2025-04-25 00:01:43.410689,0 days 00:01:22.875003,0.5190837763937127,0.589586883265791,2,0.0786573626181025,0.09554409517658145,0.05537544677326481,0.02700947492049684,0.05875314703004967,0.08208637353622036,3.4826218677884796e-05,20,67,0.031033366260786996,0.29229342757187843,True,False,False,0.0001230060836150818,COMPLETE
162,0.44386535882949835,2025-04-25 00:01:43.470920,2025-04-25 00:03:00.662470,0 days 00:01:17.191550,0.5556429958189725,0.5821657191747152,2,0.07946747166289045,0.08493726830693232,0.055577695343629545,0.030190018709252142,0.05996428483706971,0.082446217876813,2.8255840164330915e-05,18,68,0.027376089133780937,0.2935520039837763,True,False,False,0.00011146651068601865,COMPLETE
163,0.4595243155956269,2025-04-25 00:03:00.716247,2025-04-25 00:04:21.421471,0 days 00:01:20.705224,0.5194567792675404,0.5514448181272089,2,0.07236231064542986,0.10253071485046747,0.06365721930958346,0.02673833899482961,0.06483144667298536,0.08736065573865749,3.511307196708059e-05,19,73,0.03298752490326021,0.29968020354848507,True,False,False,0.00012545914261203852,COMPLETE
164,0.4463620185852051,2025-04-25 00:04:21.473337,2025-04-25 00:05:41.700264,0 days 00:01:20.226927,0.581407183615831,0.5558695045470974,2,0.058361882877966655,0.09176756348748462,0.06425243801137343,0.027200438502362086,0.06172334022917484,0.08711500404873672,3.540804779418396e-05,19,67,0.030407202810884385,0.28757919129745724,True,False,False,0.00015802017225735775,COMPLETE
165,0.45375806689262393,2025-04-25 00:05:41.753460,2025-04-25 00:07:01.712395,0 days 00:01:19.958935,0.5098806076945411,0.5946857408420111,2,0.06835182581752738,0.09806422624936056,0.060210220227079614,0.024314108356178338,0.06534930874599702,0.08421767479929743,3.5544513464792735e-05,19,72,0.03486547574386601,0.2823853856848154,True,False,False,0.00013045380583327586,COMPLETE
166,0.45942533612251285,2025-04-25 00:07:01.764521,2025-04-25 00:08:25.344070,0 days 00:01:23.579549,0.5328505654579517,0.5509196198007638,2,0.07504868477801138,0.10334924980141591,0.05718460772819955,0.029631691985830686,0.06325911597601165,0.08902320950691353,2.213112729132189e-05,20,73,0.031067223622125214,0.2942352088984017,True,False,False,0.00019313776664774303,COMPLETE
167,0.3476566374301911,2025-04-25 00:08:25.396384,2025-04-25 00:09:48.213585,0 days 00:01:22.817201,0.5256616091363739,0.544771032862402,2,0.07279217505642357,0.07987451185412411,0.0056763240964798,0.029141343091488203,0.06741104680609963,0.0892950029224101,1.3174628481847763e-05,20,73,0.03128518726704558,0.2918856840260642,False,False,False,0.00020900133937282027,COMPLETE
168,0.45506581664085394,2025-04-25 00:09:48.266073,2025-04-25 00:11:11.557288,0 days 00:01:23.291215,0.5427167733015268,0.5241175915860631,2,0.06552670506238763,0.1036065488736193,0.05786136791864695,0.03265728601745169,0.06411315144743228,0.08087583940269931,2.0290284454588292e-05,20,70,0.0330096607992914,0.28154979773192557,True,False,False,4.524667059030893e-05,COMPLETE
169,0.41337564587593084,2025-04-25 00:11:11.610210,2025-04-25 00:11:38.281367,0 days 00:00:26.671157,0.5163070292503806,0.5611507314698427,16,0.07642669548475128,0.09916120420840939,0.06309448990353887,0.02598712498258831,0.05827269708765921,0.08300717406210731,2.3822534281858888e-05,19,78,0.02837511390599605,0.287006809250227,True,False,False,8.048692145434704e-05,COMPLETE
