number,value,datetime_start,datetime_complete,duration,params_alpha-eval,params_alpha-train,params_batch-size,params_eps-eval,params_eps-train,params_lambda-actions-eval,params_lambda-actions-train,params_lambda-frames-eval,params_lambda-frames-train,params_learning-rate,params_n-epochs,params_n-frames,params_radius-gw,params_rho,params_std-feats,params_ub-actions,params_ub-frames,params_weight-decay,state
1403,0.3569983184337616,2025-04-06 04:20:25.807398,2025-04-06 04:21:57.997621,0 days 00:01:32.190223,0.6514853040378942,0.02895658625253278,2,0.06616561981631,0.059350630435810736,0.015115679015354298,0.0841709649363042,0.02205552645003263,0.016506888549370786,0.0009092237862128092,27,73,0.09271384044820673,0.023203594017504436,True,False,True,1.4259369912127478e-06,COMPLETE
1404,0.4872786521911621,2025-04-06 04:21:58.449754,2025-04-06 04:22:30.679928,0 days 00:00:32.230174,0.7535932968288469,0.07739026760482733,8,0.053566916811673124,0.06511017750766705,0.005324906261761457,0.06742862803222406,0.010826565270916366,0.01283916885008796,0.0006433097513084264,26,90,0.09515168002222331,0.19048476288238608,False,False,True,2.2423911544248758e-06,COMPLETE
1405,0.42369809150695803,2025-04-06 04:22:31.129489,2025-04-06 04:23:04.079195,0 days 00:00:32.949706,0.6784828790932929,0.053786319600749255,8,0.06142850091011402,0.0900640813376406,0.019341503735077578,0.05947074030127059,0.05753118781398008,0.008547459363781505,0.0011080697706118382,27,85,0.09816901124381815,0.17764727830482752,False,False,True,2.70529821790922e-07,COMPLETE
1406,0.36861329674720766,2025-04-06 04:23:04.533567,2025-04-06 04:23:38.211468,0 days 00:00:33.677901,0.7021841629845784,0.11382505429947197,8,0.07216044853495926,0.0531775609592722,0.0013369518160121425,0.06414870474508245,0.01749914664963646,0.058794130532711264,0.0008344979191880278,28,78,0.09654756472940212,0.18326217446665027,False,False,True,1.089983277972116e-06,COMPLETE
1407,0.48872940540313725,2025-04-06 04:23:38.657872,2025-04-06 04:24:11.400449,0 days 00:00:32.742577,0.7219457907274422,0.07073423073446267,8,0.04973400271505169,0.07266901455800329,0.016698445555873652,0.0610694672562611,0.029375712873206804,0.0179981546493923,0.0007196375050793674,27,82,0.0999583233688641,0.1941032140264969,False,False,True,2.721839408794275e-06,COMPLETE
1408,0.47132223844528204,2025-04-06 04:24:11.847950,2025-04-06 04:24:46.736347,0 days 00:00:34.888397,0.6609253420264765,0.03858527913589493,8,0.06729548882468912,0.08059183766183135,0.013692788717169955,0.05765827830204103,0.014983919435770036,0.014129722525364548,0.0012435393239630715,30,75,0.09441001824362824,0.16048243804471893,False,False,True,1.8715449265191858e-06,COMPLETE
1409,0.48117147684097294,2025-04-06 04:24:47.202009,2025-04-06 04:25:20.753581,0 days 00:00:33.551572,0.687397515004614,0.08543477078663136,8,0.07859852087143358,0.06848765691733849,0.008881652527938181,0.062111206267934566,0.026862198973396003,0.011439102009991983,0.0009926096554226293,28,80,0.09835828715089417,0.20679730142110317,False,False,True,8.995283021066796e-07,COMPLETE
1410,0.4864490032196045,2025-04-06 04:25:21.207654,2025-04-06 04:25:53.576031,0 days 00:00:32.368377,0.6473819318714127,0.09659339764037679,8,0.05789797102500766,0.059934522661533235,0.01984514274377274,0.06647418641159482,0.01991552987190902,0.020610610675393604,0.0006749521838718052,26,88,0.09629902517422682,0.17432424161278964,False,False,True,1.4737342422064241e-06,COMPLETE
1411,0.4105120122432709,2025-04-06 04:25:54.027201,2025-04-06 04:26:27.980333,0 days 00:00:33.953132,0.7066706421086045,0.05715374774453574,8,0.06281266333465382,0.07542285945111483,0.012330367203713229,0.06941068231562879,0.01305513859027604,0.006796227583506411,0.012720544601289643,28,85,0.09997903096240505,0.1875400639147601,False,False,True,2.1302761086270004e-06,COMPLETE
1412,0.3551655232906342,2025-04-06 04:26:28.430293,2025-04-06 04:27:05.437322,0 days 00:00:37.007029,0.7679408570400443,0.02678392523157795,8,0.05488495728220206,0.06405027002579586,0.017579860308955423,0.003110411037757138,0.016842544648050937,0.016068700799225157,0.0005848035970942763,27,77,0.09157894240232597,0.19794135744925262,False,False,False,3.6355744017788474e-06,COMPLETE
1413,0.48333972692489624,2025-04-06 04:27:05.885575,2025-04-06 04:27:40.010311,0 days 00:00:34.124736,0.6854584509344206,0.06615281077188825,8,0.07215767109353573,0.04784843430104681,0.01641706455295992,0.012737178098434002,0.023210939102217276,0.010061713043921216,0.0007982589265651788,29,72,0.0999886564711334,0.1790201752674156,False,False,True,1.1842555345097104e-06,COMPLETE
1414,0.3851690471172333,2025-04-06 04:27:40.476686,2025-04-06 04:29:09.235558,0 days 00:01:28.758872,0.7374176871496066,0.044984757303712354,2,0.09581900819165712,0.06993307841606178,0.015230960999405619,0.055566785449121046,0.018841592976193037,0.01361727649890474,0.0004723577567376388,26,82,0.09702398847454384,0.1913501379561826,False,False,True,8.932812240278432e-07,COMPLETE
1415,0.384609466791153,2025-04-06 04:29:09.697851,2025-04-06 04:29:42.965274,0 days 00:00:33.267423,0.6663529671577524,0.09729052557538402,8,0.047835016015561116,0.08518328500025346,0.06086936042317071,0.06377781863115667,0.02105576862398473,0.0025506729852532847,0.0003210588635810424,27,84,0.09372620148050631,0.16856295890594686,False,False,True,3.2223098874806676e-07,COMPLETE
1416,0.38870958089828495,2025-04-06 04:29:43.415673,2025-04-06 04:30:16.197337,0 days 00:00:32.781664,0.7099731248138915,0.010358595318027214,8,0.06349051886858395,0.05514473636154102,0.019670456031866523,0.06042228803413867,0.014909409856351266,0.01872837702458443,0.0009745976811015065,27,79,0.09813916077594313,0.2140586171747758,False,False,True,1.7130745797594582e-06,COMPLETE
1417,0.4003122925758362,2025-04-06 04:30:16.650793,2025-04-06 04:30:39.744389,0 days 00:00:23.093596,0.6399846733343744,0.07654036439784907,16,0.0682610647824293,0.0775691121694361,0.00625208726174111,0.0011194156290305246,0.016765595156564058,0.01666507759868043,0.0011460773851674527,26,75,0.09526944501949049,0.18447071005740326,False,False,True,8.324250980595668e-07,COMPLETE
1418,0.4114561080932617,2025-04-06 04:30:40.196847,2025-04-06 04:31:14.280978,0 days 00:00:34.084131,0.6762012847932494,0.12065968272118274,8,0.07703159318778396,0.06272322718469968,0.01777057625060312,0.01682442144608918,0.012301522410637198,0.012974862691010204,0.0007518630484086077,28,88,0.047991938389982676,0.19989773542123154,False,False,True,1.777761520944605e-07,COMPLETE
1419,0.48804047107696535,2025-04-06 04:31:14.749265,2025-04-06 04:31:47.854294,0 days 00:00:33.105029,0.6956387924376094,0.0459458317818537,8,0.05654964078847378,0.07160955736722316,0.0127518409741201,0.06222510168778646,0.019170187453826332,0.015010643912490353,0.001445138757878143,27,81,0.09815113945035335,0.194400596517882,False,False,True,2.639756241483924e-06,COMPLETE
1420,0.48987563848495486,2025-04-06 04:31:48.307689,2025-04-06 04:32:20.167254,0 days 00:00:31.859565,0.7244774530394297,0.0666446002521011,8,0.061991244763847986,0.06821005629841617,0.021142405998271177,0.06520172603436329,0.024808951615045472,0.00834907601689622,0.0009124155830372677,26,68,0.09999240437007828,0.20608410657791024,False,False,True,4.432368108530172e-07,COMPLETE
1421,0.3801674485206604,2025-04-06 04:32:20.621452,2025-04-06 04:32:54.333925,0 days 00:00:33.712473,0.66431433541069,0.10547127795177647,8,0.05073095948221222,0.059585521549584845,0.014579384726642513,0.057786627968756964,0.02141645288534374,0.0055258683651138625,0.000615564363842786,28,77,0.0964289033870846,0.18023190191578012,False,True,True,1.1952516301643425e-06,COMPLETE
1422,0.3728012561798096,2025-04-06 04:32:54.788941,2025-04-06 04:33:29.954081,0 days 00:00:35.165140,0.7510603949803931,0.08638525830795556,8,0.08379729146359186,0.0785800339040693,0.010794016086449877,0.009830172021864092,0.03107785235480714,0.01103362399716739,0.0007616449616543699,27,90,0.0011691747678873876,0.1871527439031694,True,False,True,1.653706770426227e-08,COMPLETE
1423,0.38962798118591313,2025-04-06 04:33:30.431765,2025-04-06 04:34:02.520465,0 days 00:00:32.088700,0.6922234113525007,0.03168418979673151,8,0.07085628801136862,0.06605343770217136,0.004859089879852766,0.06773391966361193,0.015543897099118732,0.02169364350094881,0.0005306740626941486,26,84,0.09252109221010507,0.17370610890796112,False,False,True,1.5679849738793285e-06,COMPLETE
1424,0.48262834548950195,2025-04-06 04:34:02.980177,2025-04-06 04:34:37.143355,0 days 00:00:34.163178,0.7178959372014536,0.05587320120187227,8,0.05900468687105145,0.05166846321327793,0.0011571829831218585,0.058947257209501495,0.01751823544164446,0.018588880613944307,0.0010624263164283948,29,72,0.08949671783362587,0.19916405713349028,False,False,True,7.249641381514724e-07,COMPLETE
1425,0.3924200177192688,2025-04-06 04:34:37.597840,2025-04-06 04:35:11.293009,0 days 00:00:33.695169,0.6469684849820416,0.08136986989326048,8,0.06706586162584531,0.07452576380304839,0.018969028673370726,0.006478284240909673,0.02271255869743202,0.01611437276615051,0.00039797679988098927,28,80,0.09510932974339541,0.21067924478048008,False,False,True,2.192794029251132e-06,COMPLETE
1426,0.36003836393356325,2025-04-06 04:35:11.747404,2025-04-06 04:35:44.627035,0 days 00:00:32.879631,0.9342197899747937,0.1287971895475509,8,0.0466794672122324,0.08524332737965613,0.016202502120373784,0.055303261556396456,0.01295120252895866,0.011958870177668437,0.0009055730243357868,27,86,0.09813122223424048,0.19022578118621875,False,False,True,2.289896715547379e-07,COMPLETE
1427,0.48660703301429753,2025-04-06 04:35:45.081845,2025-04-06 04:37:11.798071,0 days 00:01:26.716226,0.6771459826990431,0.04202117614839429,2,0.056720077278848924,0.05818678297749599,0.0543745607848581,0.06411312991577628,0.010925365858502428,0.014125573455010695,0.0006778166642659827,26,76,0.09695339823014669,0.16303814066173994,False,False,True,9.396115757801107e-07,COMPLETE
1428,0.486678683757782,2025-04-06 04:37:12.272178,2025-04-06 04:37:45.174551,0 days 00:00:32.902373,0.6989740871031246,0.10522220601944973,8,0.07508455675843637,0.06380722388305383,0.02119280729542863,0.061000838383622025,0.025944233024472352,0.01715445484320489,0.0013296221235417258,27,83,0.0981831778866879,0.18140708768205138,False,False,True,1.2638336734178049e-06,COMPLETE
1429,0.4545511364936829,2025-04-06 04:37:45.641520,2025-04-06 04:38:07.054780,0 days 00:00:21.413260,0.7348399273400229,0.06209196607605567,8,0.06392751247112424,0.0720055566971502,0.007523475927711254,0.057231541321391355,0.019506270112008044,0.019786989813908577,0.0006039199049582124,11,91,0.099985904160078,0.19489637587242428,False,False,True,3.9094828888717265e-07,COMPLETE
1430,0.35131809711456297,2025-04-06 04:38:07.508752,2025-04-06 04:38:45.993690,0 days 00:00:38.484938,0.6625807245953359,0.07584521589857816,8,0.0530397739286086,0.08017197910850969,0.01783624209474566,0.0596958292365771,0.015387364460928244,0.009578765608781847,0.0008292085742138691,29,79,0.09413845327557559,0.18603571826453627,False,False,False,3.0274991599320075e-06,COMPLETE
1431,0.3783475637435913,2025-04-06 04:38:46.447259,2025-04-06 04:39:20.202234,0 days 00:00:33.754975,0.7074009324911298,0.028616505197190896,8,0.06631198579588488,0.06796651113527495,0.013123064673968255,0.06296574949372831,0.01786635591936178,0.024205720055975967,1.3093651155602138e-05,28,87,0.09644965637947844,0.2019037460665314,False,False,True,1.783001290000984e-06,COMPLETE
1432,0.49208868741989137,2025-04-06 04:39:20.661016,2025-04-06 04:39:54.002752,0 days 00:00:33.341736,0.6401142545520888,0.053832995607246026,8,0.061184197205722504,0.05506835584986384,0.015253551170080286,0.06601418843781784,0.020644882883535484,0.00713006718385847,0.0011261586105966697,28,74,0.0952636255836046,0.17374284717368418,False,False,True,5.556730433425034e-07,COMPLETE
1433,0.476841539144516,2025-04-06 04:39:54.476316,2025-04-06 04:40:28.459016,0 days 00:00:33.982700,0.631685041968873,0.02231801340154192,8,0.04738588403699801,0.04536887765664544,0.014929487185180976,0.0700565354343234,0.023982218305357572,0.0029879743995572267,0.001606623864358243,29,64,0.09046858372083577,0.19202933603473887,False,False,True,4.278925001947919e-07,COMPLETE
1434,0.483245986700058,2025-04-06 04:40:28.920834,2025-04-06 04:41:02.463121,0 days 00:00:33.542287,0.6388496752715079,0.03551059052952575,8,0.054539277320610674,0.04636650841427786,0.012755926343358016,0.06987071317756878,0.022960039357748388,0.005321131060808292,0.0012856282965721334,28,70,0.09149240013832415,0.20398473558633648,False,False,True,5.663479796440462e-07,COMPLETE
1435,0.4856232047080994,2025-04-06 04:41:02.923485,2025-04-06 04:41:37.953931,0 days 00:00:35.030446,0.6328106355485724,0.04869616252997522,8,0.058744084209514845,0.04620744029329532,0.014681340076397794,0.06869065351250316,0.02640893765469124,0.006559490124396633,0.0015089158785145074,30,67,0.09215199855222828,0.17755223424636513,False,False,True,4.7542982852067986e-07,COMPLETE
1436,0.48459538221359255,2025-04-06 04:41:38.409045,2025-04-06 04:42:11.601043,0 days 00:00:33.191998,0.6339747829146961,0.045377466117482106,8,0.04698554753739826,0.05194054874358428,0.009853320358843778,0.06683366666898956,0.021752874074442898,0.008177664321563671,0.0011448808885683344,28,70,0.09323135274792452,0.1684114324305821,False,False,True,3.1847519382696013e-07,COMPLETE
1437,0.407969743013382,2025-04-06 04:42:12.078779,2025-04-06 04:42:46.365491,0 days 00:00:34.286712,0.6468902980614832,0.4185059705155121,8,0.053363211531597926,0.052003374140981454,0.011464250302146208,0.06780423437962695,0.02800877899819677,0.005530675154181784,0.00045615835168867153,29,72,0.09314404957193001,0.18377994431951827,False,False,True,5.024047114393973e-07,COMPLETE
1438,0.39639443159103394,2025-04-06 04:42:46.826560,2025-04-06 04:43:11.051313,0 days 00:00:24.224753,0.630714267456465,0.010301149663283118,16,0.06141540550118389,0.05437941877365003,0.015361235505257326,0.0656153973737367,0.034100191733396394,0.002561984772784662,0.0011923692575100773,29,73,0.0903999426398891,0.06531253662091253,False,False,True,5.436894566892261e-07,COMPLETE
1439,0.485100644826889,2025-04-06 04:43:11.511744,2025-04-06 04:43:44.807655,0 days 00:00:33.295911,0.6524258686523982,0.03181719421311042,8,0.07034887502011845,0.05028560895192294,0.01696901143893976,0.06683924255155681,0.021888448606045944,0.0042180777087121885,0.0009555050289444282,28,74,0.09417195818480904,0.1968484906056284,False,False,True,6.026746283156001e-07,COMPLETE
1440,0.28615721464157107,2025-04-06 04:43:45.271421,2025-04-06 04:45:18.700095,0 days 00:01:33.428674,0.6632346089671022,0.056034248477593196,2,0.0794409836532007,0.28861713228273966,0.013307838106231762,0.06826546052870455,0.020828317842004763,0.007244066035537344,0.0007356224010924128,28,67,0.09367639843844194,0.18941636778606225,False,True,True,3.3533055929156636e-07,COMPLETE
1441,0.3670615255832672,2025-04-06 04:45:19.157744,2025-04-06 04:45:53.712862,0 days 00:00:34.555118,0.8253540526820431,0.05941308145663417,8,0.040363363489755985,0.057065363633043334,0.01619126220601428,0.06539130894166649,0.024245285097550594,0.0071350825822771545,0.0005611473733878936,28,71,0.08811649647221911,0.20702439633468758,True,False,True,6.828155863985781e-07,COMPLETE
1442,0.4850218772888184,2025-04-06 04:45:54.189858,2025-04-06 04:46:27.446648,0 days 00:00:33.256790,0.6514264169972624,0.03207895950768694,8,0.06019045694487841,0.056631312777897805,0.011369035474755663,0.06632000598725758,0.013718599238464739,0.003928766172781689,0.0010395490882242986,28,74,0.09514972325402761,0.1761448667558931,False,False,True,4.2159057332768943e-07,COMPLETE
1443,0.46505514979362494,2025-04-06 04:46:27.910965,2025-04-06 04:47:01.911476,0 days 00:00:34.000511,0.776242469698901,0.06339436691574528,8,0.051983157994782724,0.05842035183684356,0.017911413732443898,0.06895867121097358,0.020132638464145078,0.007707562276070577,0.0008438831294796047,29,76,0.09212430147859331,0.19434851126886038,False,False,True,6.59324088410166e-07,COMPLETE
1444,0.48199316263198855,2025-04-06 04:47:02.372123,2025-04-06 04:47:35.410726,0 days 00:00:33.038603,0.6238745749066836,0.010520249360376273,8,0.06898260902751166,0.04747023363746495,0.014149440219236505,0.06474341115124004,0.029291528534689644,0.008820272671333052,0.001545188473661396,28,75,0.09517263608128944,0.18468759913348548,False,False,True,4.850344236304433e-07,COMPLETE
1445,0.35557101964950566,2025-04-06 04:47:35.868859,2025-04-06 04:48:10.075649,0 days 00:00:34.206790,0.6729859033993538,0.05445607241401172,8,0.06273983830188043,0.20158545069579117,0.015533309167102284,0.0667094056725028,0.016931350872103443,0.005693904194101649,0.0006835071515721351,29,74,0.09505691562269142,0.22018629596730843,False,False,True,7.312529844668844e-07,COMPLETE
1446,0.3670343041419983,2025-04-06 04:48:10.558129,2025-04-06 04:48:44.197490,0 days 00:00:33.639361,0.13425147263527043,0.042896198408784496,8,0.07259710571333784,0.06130515658440387,0.01885812147201217,0.06480041202524034,0.04228970531785677,0.008805787362928096,7.570473066718197e-05,28,69,0.09238816213055667,0.1979681808983036,False,False,True,4.235282848209899e-07,COMPLETE
1447,0.30850495696067814,2025-04-06 04:48:44.663592,2025-04-06 04:49:18.430110,0 days 00:00:33.766518,0.6437679456548874,0.07356462961870149,8,0.2672267436314582,0.05222169878215038,0.016660629903922027,0.0711128579158913,0.010646394399235242,0.0046333319240127804,0.0012206084249615137,28,77,0.09568427436659137,0.21351503316217163,False,False,True,3.397508298626902e-07,COMPLETE
1448,0.37750067710876467,2025-04-06 04:49:18.898364,2025-04-06 04:49:51.442649,0 days 00:00:32.544285,0.7436938948541627,0.0300442271985015,8,0.05613657898343936,0.06195783843326339,0.009829869641078898,0.0709684970008268,0.0252537931819031,0.08055683872465706,0.0005233213547994737,27,72,0.09669513124680856,0.18868987333604842,False,False,True,2.593516784166272e-07,COMPLETE
1449,0.4735231459140778,2025-04-06 04:49:51.899555,2025-04-06 04:50:25.709416,0 days 00:00:33.809861,0.8050867062587636,0.09067060161172974,8,0.04885281465460183,0.05644799315342125,0.012132397788386875,0.0803957489737557,0.01903610755911825,0.010416601387669044,0.0008269782119043032,28,76,0.09398305551223218,0.17095829668322474,False,False,True,5.909500027028605e-07,COMPLETE
1450,0.359228926897049,2025-04-06 04:50:26.195799,2025-04-06 04:51:05.259561,0 days 00:00:39.063762,0.6784581116793508,0.010018441142821674,8,0.06599299575547976,0.06391841905954133,0.014506449069887406,0.022237944754755386,0.01428965014858745,0.010190209631169891,0.0009990390372454016,29,79,0.09649518077161837,0.18119950264630938,False,False,False,7.193618174682891e-07,COMPLETE
1451,0.47082282900810246,2025-04-06 04:51:05.729432,2025-04-06 04:51:38.099722,0 days 00:00:32.370290,0.6602936287696064,0.06890501403719702,8,0.08850091267523834,0.05432576510496834,0.01797417856658554,0.011029204721017026,0.022971222531688217,0.006638385530991544,0.0006445341903979943,27,70,0.09439831860800277,0.20092074526766177,False,False,True,7.964899176671092e-07,COMPLETE
1452,0.4878910064697266,2025-04-06 04:51:38.564726,2025-04-06 04:52:13.649346,0 days 00:00:35.084620,0.6922342570668214,0.04697239995519162,8,0.0440540075184164,0.06197230448501767,0.007861690256729437,0.06358460620767595,0.017394953101651716,0.008833667995720457,0.0007526550223352355,30,78,0.09657833462387433,0.19225564009424828,False,False,True,4.2232114693927416e-07,COMPLETE
1453,0.47724423408508304,2025-04-06 04:52:14.113006,2025-04-06 04:52:46.440726,0 days 00:00:32.327720,0.7227382751875334,0.07332083205204173,8,0.07713759318134969,0.0661366768305053,0.0035885235415547014,0.014276689945698048,0.03185700091109935,0.011144928071998534,0.0013427800668159443,27,65,0.08908849335763021,0.18006536385806288,False,False,True,5.451334873840061e-07,COMPLETE
1454,0.48325693011283877,2025-04-06 04:52:46.905609,2025-04-06 04:54:19.648169,0 days 00:01:32.742560,0.7595938947741784,0.08955125247709124,2,0.05814950567941972,0.04460405597679754,0.013397548209791528,0.008581735231687985,0.02080943827956736,0.006678867712118139,0.0009183749042337491,28,74,0.0914402942905395,0.20635337294039488,False,False,True,8.25333447895475e-07,COMPLETE
1455,0.4875344157218933,2025-04-06 04:54:20.133936,2025-04-06 04:54:52.988298,0 days 00:00:32.854362,0.6729380397607697,0.04820201241209745,8,0.06607789320159839,0.05852246486233693,0.001017548820907625,0.06663121758692771,0.01577293601094533,0.0013650658093702943,0.0004886408048931664,27,77,0.0969860992110482,0.18842858068788168,False,False,True,5.839409383655812e-07,COMPLETE
1456,0.4875503420829773,2025-04-06 04:54:53.457293,2025-04-06 04:55:26.586722,0 days 00:00:33.129429,0.6169043548537577,0.06962035898429132,8,0.05385339003771432,0.06757273841241924,0.016430372578450418,0.06446029362014684,0.012698954778482553,0.009632614362267634,0.0011213798217257168,28,71,0.09497445514728652,0.1966281311849359,False,False,True,9.261577137219721e-07,COMPLETE
1457,0.390669858455658,2025-04-06 04:55:27.064288,2025-04-06 04:56:01.099043,0 days 00:00:34.034755,0.7023870524849004,0.028955641053787645,8,0.06099142705092619,0.06361968307026926,0.018945534433001697,0.0035570268353514803,0.018966523006209223,0.01249883229401712,0.0006177725263594405,29,61,0.09807902306101608,0.1628925923323574,False,False,True,3.7215616513647853e-07,COMPLETE
1458,0.3982632577419281,2025-04-06 04:56:01.563144,2025-04-06 04:56:34.504528,0 days 00:00:32.941384,0.6357442307410552,0.10085985855306927,8,0.07106453866418133,0.05150170658403404,0.019713526575214947,0.06760529141683873,0.022318622447050702,0.004703409975577871,0.00036369135309744345,27,80,0.09337175433496958,0.17617119895160835,False,False,True,3.5145702072227106e-06,COMPLETE
