number,value,datetime_start,datetime_complete,duration,params_alpha-eval,params_alpha-train,params_batch-size,params_eps-eval,params_eps-train,params_lambda-actions-eval,params_lambda-actions-train,params_lambda-frames-eval,params_lambda-frames-train,params_learning-rate,params_n-epochs,params_n-frames,params_radius-gw,params_rho,params_std-feats,params_ub-actions,params_ub-frames,params_weight-decay,state
1347,0.393551516532898,2025-04-06 03:45:56.279060,2025-04-06 03:46:28.875437,0 days 00:00:32.596377,0.711864984999763,0.09928114372809604,8,0.07816169701478731,0.07337152358860867,0.02303086392954352,0.08135161783964825,0.011473135879337945,0.0196804893944079,0.09665606519496098,26,85,0.09838584602956163,0.20433433423436917,False,False,True,3.28129963112052e-06,COMPLETE
1348,0.37922568321228034,2025-04-06 03:46:29.305871,2025-04-06 03:47:03.980703,0 days 00:00:34.674832,0.7407106464170343,0.05859286584829073,8,0.06301459098402909,0.0834066904848395,0.019170076437174104,0.007367683809662814,0.020264374265169357,0.017789407231894133,0.0012420955729122876,28,65,0.09667861915455504,0.18013575286446132,True,False,True,4.1064468826022307e-07,COMPLETE
1349,0.3961995124816895,2025-04-06 03:47:04.429700,2025-04-06 03:47:37.380261,0 days 00:00:32.950561,0.6828423344735898,0.025620851059739925,8,0.07160855349499887,0.054445270726830974,0.015241923738199072,0.015299247880419604,0.023708851143970696,0.01487319341233955,0.0007425560760424084,27,79,0.09828437847592766,0.19071442950155754,False,False,True,8.034088108299998e-07,COMPLETE
1350,0.39370193481445315,2025-04-06 03:47:37.815889,2025-04-06 03:48:10.300543,0 days 00:00:32.484654,0.6489308944347045,0.0774156423011836,8,0.05939756457205243,0.06511847836548974,0.017799429838311474,0.06551319255390445,0.029320895889295998,0.016953955973844675,0.0005591288554629161,26,82,0.09306375011374704,0.18745876094195854,False,False,True,6.382385336320212e-07,COMPLETE
1351,0.3526818156242371,2025-04-06 03:48:10.735470,2025-04-06 03:48:34.528205,0 days 00:00:23.792735,0.6975835445068367,0.4679253543060632,16,0.0664062793407215,0.07692100574624333,0.020720341098346952,0.06772609437548967,0.021952328560897197,0.08375876071343802,0.0009854687231565132,28,72,0.0999977232231796,0.1967310806384628,False,False,True,2.913751430051273e-06,COMPLETE
1352,0.48424791097640996,2025-04-06 03:48:34.960365,2025-04-06 03:50:05.060705,0 days 00:01:30.100340,0.6746905949060876,0.11364887795119671,2,0.1010914646970619,0.06890241623516272,0.02336868393844843,0.009708924297417291,0.015822148347551517,0.014707256782435812,0.0008669406795657061,27,78,0.09998386260806447,0.20832227342285295,False,False,True,1.9809870994040248e-07,COMPLETE
1353,0.47575482726097107,2025-04-06 03:50:05.494454,2025-04-06 03:50:38.519483,0 days 00:00:33.025029,0.7140785356349939,0.04690007871895615,8,0.07673826146887332,0.06281654268773328,0.014099489730647882,0.06279058931816921,0.018610382981514986,0.01845429542686246,0.0006828621705765381,27,84,0.09557475438981056,0.1760662758606746,False,False,True,5.109836988778634e-07,COMPLETE
1354,0.3912492632865906,2025-04-06 03:50:38.948611,2025-04-06 03:51:11.158245,0 days 00:00:32.209634,0.7645612764843331,0.09187362512743533,8,0.05981434926961322,0.04951058555862156,0.0031158725370006653,0.06028472821327827,0.032027801982213416,0.020560002506537507,0.00047094375885228226,26,75,0.09823194028700322,0.21954161959275623,False,False,True,3.6289966171012705e-07,COMPLETE
1355,0.49010988473892214,2025-04-06 03:51:11.590892,2025-04-06 03:51:45.349878,0 days 00:00:33.758986,0.6683081765778602,0.06375942485945434,8,0.07092687323612377,0.07367323022824947,0.016249984490064096,0.05852968662211853,0.019794571246763926,0.016694529569320958,0.0011342575172319507,28,80,0.09523286427867085,0.18466516404411623,False,False,True,7.05792337057247e-07,COMPLETE
1356,0.3598156809806824,2025-04-06 03:51:45.798669,2025-04-06 03:52:19.018306,0 days 00:00:33.219637,0.65157712008617,0.04187070013214498,8,0.08778942545863455,0.07996202947698917,0.01908323423193522,0.06990535781103227,0.016409626228649037,0.02285077302806879,0.0008377936831446331,27,87,0.09994481498542716,0.0764305159752713,False,False,True,9.590044793231012e-07,COMPLETE
1357,0.486440134048462,2025-04-06 03:52:19.453975,2025-04-06 03:52:53.851518,0 days 00:00:34.397543,0.6908167140370006,0.08514979097053331,8,0.06487587379945829,0.057150666746262783,0.024358538045020205,0.0627002798815647,0.011190577228790586,0.014037718453759982,0.0006499421803497874,29,82,0.09695394572715642,0.1938932061771053,False,False,True,2.3227314746380884e-06,COMPLETE
1358,0.3721437335014343,2025-04-06 03:52:54.283392,2025-04-06 03:53:26.290589,0 days 00:00:32.007197,0.7318350004348021,0.06147538363815355,8,0.05795220450503089,0.0690001663506229,0.02126499168722701,0.05788502233150104,0.014262669929784973,0.016439557370870696,0.0014946716797023954,26,76,0.091164575951919,0.17064366400053718,False,False,True,5.874690689562392e-07,COMPLETE
1359,0.3596137285232544,2025-04-06 03:53:26.727709,2025-04-06 03:54:04.082700,0 days 00:00:37.354991,0.7026130427098832,0.11352653566096535,8,0.07126896398590352,0.08879643410467479,0.01742073412765821,0.060748193254470256,0.02202620552114012,0.020246669823403667,0.0010478670435508522,28,5,0.09391699097019875,0.2030027414543064,False,False,False,2.835989070742918e-07,COMPLETE
1360,0.37522855997085575,2025-04-06 03:54:04.515165,2025-04-06 03:54:37.575975,0 days 00:00:33.060810,0.6767412184344028,0.03219174868537639,8,0.1708503362109134,0.06286054470616918,0.01517199955991062,0.06518569418333832,0.02549503505550948,0.013931008882243835,0.0005212934939430656,27,90,0.09723805993269814,0.18162783267454904,False,False,True,9.696515298743144e-07,COMPLETE
1361,0.4067542970180512,2025-04-06 03:54:38.008779,2025-04-06 03:55:10.808186,0 days 00:00:32.799407,0.7194821288462647,0.07272539763188138,8,0.08070085550635923,0.07317362343135195,0.04333913357781602,0.05587306390666173,0.018690133603018876,0.05566186464091513,0.0007326346971548672,27,85,0.09798163843143655,0.18996354700055015,False,False,True,7.688732667772945e-07,COMPLETE
1362,0.4060215175151825,2025-04-06 03:55:11.241538,2025-04-06 03:55:42.896719,0 days 00:00:31.655181,0.6505199093222894,0.0905563502852158,8,0.06307110634336208,0.053329783309820106,0.022111346661569223,0.06694581085842785,0.01694993507400725,0.018486229121297125,0.0008560256995604425,26,70,0.09591894520504254,0.19876774333872463,False,False,True,4.6682362325678053e-07,COMPLETE
1363,0.4225809752941132,2025-04-06 03:55:43.346951,2025-04-06 03:56:16.760161,0 days 00:00:33.413210,0.7484182846179146,0.052375796465411684,8,0.05622336151624829,0.06509045979971582,0.01377570619860196,0.011053667926606293,0.052631279079302706,0.0023883891376173874,0.0006270152650358181,28,79,0.09817229787875069,0.21058826221540183,False,False,True,2.6821596873323913e-06,COMPLETE
1364,0.3824693500995636,2025-04-06 03:56:17.196423,2025-04-06 03:57:45.459682,0 days 00:01:28.263259,0.7776412055443959,0.012105815159019224,2,0.06947903873922842,0.0792648905097766,0.01864510424756191,0.039059954226853544,0.013602931315412958,0.005218285192472003,0.0012080968240705304,26,74,0.09527420660345162,0.18553645606498342,False,False,True,1.0749615639324671e-06,COMPLETE
1365,0.32539443373680116,2025-04-06 03:57:45.900225,2025-04-06 03:58:20.808345,0 days 00:00:34.908120,0.6906684273433105,0.10136904554047044,8,0.06284714484140282,0.0597900481705503,0.024725978783178944,0.005794713225053507,0.02294452473724768,0.012992304799179547,0.0008852645864370216,27,81,0.09820689337373106,0.1664857405009338,True,True,True,1.572991898197527e-06,COMPLETE
1366,0.420467883348465,2025-04-06 03:58:21.242393,2025-04-06 03:58:40.497584,0 days 00:00:19.255191,0.6645516935842174,0.0710215775284837,8,0.0758548600246364,0.07046711745819588,0.020048769106061824,0.024757724117811224,0.020019603698665425,0.016069475875544692,0.00041917019454134886,8,87,0.09297261136966403,0.19351101938353166,False,False,True,7.411534279815747e-07,COMPLETE
1367,0.39913334846496584,2025-04-06 03:58:40.931269,2025-04-06 03:59:15.953936,0 days 00:00:35.022667,0.7077494892198025,0.1266071149652765,8,0.05887282241096005,0.08372648137762241,0.015683261445754125,0.018574229417473567,0.016473613687647156,0.01862458466901382,0.0005653062980263713,29,84,0.09647301968626708,0.1771966495988113,False,False,True,2.0195877236097415e-06,COMPLETE
1368,0.3937715291976929,2025-04-06 03:59:16.387705,2025-04-06 03:59:48.382330,0 days 00:00:31.994625,0.6800130798733095,0.040921364066353536,8,0.05372160746174456,0.07607762037653834,0.0173957401469899,0.0029139480440030048,0.07944195740283932,0.01508406118356065,0.004899264112529406,28,10,0.09988772011719851,0.2043123465349892,False,False,True,3.7290100885761013e-07,COMPLETE
1369,0.47220873832702637,2025-04-06 03:59:48.838150,2025-04-06 04:00:14.241986,0 days 00:00:25.403836,0.36417960785604314,0.05917890242348683,8,0.06704343912683527,0.06664932359065215,0.013351722210810107,0.0636992487816519,0.034667115466280124,0.006774930638683108,0.0009988356790896315,17,77,0.09447701900141953,0.19783050238856814,False,False,True,5.374729839119455e-07,COMPLETE
1370,0.4112495183944702,2025-04-06 04:00:14.684827,2025-04-06 04:00:47.234261,0 days 00:00:32.549434,0.7276961829098944,0.08951777023820251,8,0.06467734832771498,0.05735465447087751,0.022691257140762446,0.060329756321025794,0.01857408736156852,0.020931666920065324,0.0007500533025588009,27,73,0.09827806627251925,0.18811800835366366,False,False,True,9.04653712963625e-07,COMPLETE
1371,0.48820974826812746,2025-04-06 04:00:47.674030,2025-04-06 04:01:19.657608,0 days 00:00:31.983578,0.6456475751880996,0.026260222232345976,8,0.07226858938189329,0.07085174076995374,0.08808385308980551,0.056132201668495994,0.027904370902847114,0.017517817384106217,0.0012488264099889553,26,81,0.09665709001816794,0.1819101719471466,False,False,True,1.2989041777017238e-06,COMPLETE
1372,0.3934946596622467,2025-04-06 04:01:20.095314,2025-04-06 04:01:44.089059,0 days 00:00:23.993745,0.694595121392072,0.07575424213005141,16,0.08330276870554681,0.063624758873563,0.02086933125427609,0.062093590128998545,0.020364925240150655,0.0130308196156078,0.0006629613934439117,28,78,0.09821045127138144,0.1930389785364957,False,False,True,3.2969640673737335e-06,COMPLETE
1373,0.3468347251415253,2025-04-06 04:01:44.525622,2025-04-06 04:02:07.322816,0 days 00:00:22.797194,0.6674160393572338,0.10846635669879995,8,0.056515338049384814,0.04713013981691331,0.02509378269994417,0.05870827856091412,0.015005530120361656,0.015783613915132565,0.0009707093564911753,10,83,0.09507291137464681,0.2011391740698041,False,False,False,6.440569940521539e-07,COMPLETE
1374,0.4903254270553589,2025-04-06 04:02:07.764978,2025-04-06 04:02:40.734081,0 days 00:00:32.969103,0.7080002763132909,0.04526968109973535,8,0.0613896552272207,0.07491308376485847,0.0028740398335426287,0.06416081520580623,0.011062329431242534,0.013865082113056653,0.0008074458672900478,27,86,0.09259582485400972,0.17605927164473023,False,False,True,1.6312026642338477e-06,COMPLETE
1375,0.35062587857246397,2025-04-06 04:02:41.191672,2025-04-06 04:03:14.121233,0 days 00:00:32.929561,0.7573213877802765,0.034682249974553325,8,0.06794161302911847,0.0821647732537612,0.0010168594774986098,0.06856945499826414,0.01204675992632749,0.01138453174057696,0.00142193392214875,27,88,0.09016258809457675,0.16356590589856018,False,False,True,1.7293388062398309e-06,COMPLETE
1376,0.36984949111938475,2025-04-06 04:03:14.565315,2025-04-06 04:03:47.002252,0 days 00:00:32.436937,0.7386646401560581,0.012944748676766399,8,0.0766825188963325,0.08736745622153491,0.0012403172460835842,0.06597266471252916,0.012570691523922595,0.012569269700715958,0.0010896987752544998,26,90,0.09270349624165411,0.16776390378961045,False,False,True,2.2127632488305864e-06,COMPLETE
1377,0.3815795242786407,2025-04-06 04:03:47.443122,2025-04-06 04:05:23.450553,0 days 00:01:36.007431,0.7279300769937699,0.03247969977688145,2,0.062206899504472626,0.07756322151027659,0.004881979140278639,0.06785359704657877,0.011246103609389982,0.011245602709101628,0.000905937854699218,29,91,0.08873494555967586,0.17012781551233708,False,False,True,1.6536341280157557e-06,COMPLETE
1378,0.4874640107154846,2025-04-06 04:05:23.890024,2025-04-06 04:05:58.036502,0 days 00:00:34.146478,0.7155930381944591,0.047382347754273635,8,0.053900762796879415,0.07629204658524213,0.005783522846488028,0.06441259305700714,0.010597313982556592,0.00939052559868903,0.0012836824717736008,28,87,0.09063060813410559,0.17190225558759412,False,False,True,2.458550897699918e-06,COMPLETE
1379,0.37785414457321165,2025-04-06 04:05:58.474657,2025-04-06 04:06:31.468409,0 days 00:00:32.993752,0.7477703444429682,0.02135222567545765,8,0.07077024963777892,0.0825010225753759,0.01570473755667919,0.06407134153962787,0.01066200137230713,0.013066260464233896,0.000790307371781466,27,86,0.09308430497888198,0.17216804708695282,False,False,True,1.9630683568329183e-06,COMPLETE
1380,0.42013390064239503,2025-04-06 04:06:31.908653,2025-04-06 04:07:04.361335,0 days 00:00:32.452682,0.7157399023929806,0.3401524559301967,8,0.05973312614600859,0.09016262566340194,0.00445162816428438,0.06664675063721333,0.012713890068164065,0.007782602665547654,0.00101636654807124,26,89,0.09285373479574453,0.17606249871847202,False,False,True,1.6023047817864254e-06,COMPLETE
1381,0.4370149970054627,2025-04-06 04:07:04.820562,2025-04-06 04:07:39.776957,0 days 00:00:34.956395,0.7327868133671728,0.011706678474437404,8,0.06444680032840726,0.07011131012451759,0.013165693341269165,0.06998583368054116,0.010990011273368634,0.013791918886891696,0.0008088146783284232,30,90,0.09118252857636926,0.16630920839043462,False,False,True,1.3611861112400164e-06,COMPLETE
1382,0.3530164122581482,2025-04-06 04:07:40.221448,2025-04-06 04:08:13.660195,0 days 00:00:33.438747,0.7042237153069242,0.0499832623556697,8,0.052101282875562226,0.16549163564504593,0.003672793219106442,0.06556441459222961,0.025012174088002298,0.010098744293659007,0.0010991299647932148,28,85,0.09376047920345176,0.17762609490944906,False,False,True,2.5940050141867007e-06,COMPLETE
1383,0.3817095696926117,2025-04-06 04:08:14.104162,2025-04-06 04:08:47.757543,0 days 00:00:33.653381,0.7686293513439927,0.04228479602982024,8,0.07214363880535565,0.05299723304362215,0.0020829388428554602,0.06724377186859071,0.03174251566754053,0.006858753817780801,0.0015361023615170983,27,87,0.0945555348922194,0.1774857364623722,False,True,True,3.4866946281548914e-06,COMPLETE
1384,0.36276197433471685,2025-04-06 04:08:48.205071,2025-04-06 04:09:20.912641,0 days 00:00:32.707570,0.6996981749505713,0.6170931988960358,8,0.07871726366972388,0.060626801920173994,0.0030920679166464376,0.06361949679454765,0.010910018784139192,0.0037876136597899167,0.0009165916268755089,27,84,0.09230382313203978,0.1771090313292488,False,False,True,1.914726636976506e-06,COMPLETE
1385,0.45781811475753786,2025-04-06 04:09:21.352773,2025-04-06 04:09:57.065886,0 days 00:00:35.713113,0.1839772065448846,0.06208969027869876,8,0.06682365901568152,0.06527634435351158,0.0036296935424826714,0.029684625481255684,0.01375411917011084,0.013689802812729336,0.0006155463759829847,29,150,0.0742405703116129,0.17373767592138942,False,False,True,1.3400191351038383e-06,COMPLETE
1386,0.3645565450191498,2025-04-06 04:09:57.506973,2025-04-06 04:10:32.003646,0 days 00:00:34.496673,0.6848266050200341,0.03855222577503847,8,0.0587076178101415,0.07406686486355621,0.006215553616510297,0.0076936231340027006,0.02337673218517752,0.005248382389878136,0.000709797000760269,26,91,0.09536799139818838,0.1664357011289093,True,False,True,1.5737181186120528e-06,COMPLETE
1387,0.39104726910591125,2025-04-06 04:10:32.464627,2025-04-06 04:11:05.887004,0 days 00:00:33.422377,0.7167627028995069,0.06012394098348624,8,0.15609712564813966,0.06958355263226879,0.003504606097636115,0.06557074419590132,0.029936584182331544,0.011565866885421784,0.0012044022813085186,28,84,0.08756593055375711,0.18100443375122457,False,False,True,2.209461606635256e-06,COMPLETE
1388,0.3976125597953797,2025-04-06 04:11:06.334719,2025-04-06 04:11:39.537701,0 days 00:00:33.202982,0.6529936058327566,0.026751657751143368,8,0.05335376188845997,0.05903317332921594,0.002372541146742385,0.06316309665858581,0.027190489393176066,0.00909321493405947,0.0008406818689592175,27,87,0.009851203929875582,0.18173540252657444,False,False,True,1.087157855087982e-06,COMPLETE
1389,0.2863450348377228,2025-04-06 04:11:39.982022,2025-04-06 04:13:14.059685,0 days 00:01:34.077663,0.7388919456462196,0.080129824425824,2,0.06613896358067867,0.07967431683251004,0.006200755505418453,0.06841246652576137,0.021534634884748848,0.014616379871255098,0.0005320246209726628,28,82,0.006161775589974182,0.17468826432783652,False,False,True,2.8243835359481353e-06,COMPLETE
1390,0.35426613688468933,2025-04-06 04:13:14.505540,2025-04-06 04:13:46.909819,0 days 00:00:32.404279,0.6768516070742081,0.05394477519119553,8,0.07432398229723336,0.12366273421857485,0.004092697559572455,0.03220434339424037,0.013602437638664564,0.011291713374226846,0.0010254248096943663,26,90,0.09523929645131707,0.16883361594715185,False,False,True,1.248166950484116e-06,COMPLETE
1391,0.4829927384853363,2025-04-06 04:13:47.349550,2025-04-06 04:14:20.236588,0 days 00:00:32.887038,0.7084910535317391,0.0876081897161411,8,0.05924494925022834,0.06457196253356022,0.001019915064136085,0.014892070074202643,0.02322004254994697,0.014887562376311439,0.0007149588187132102,27,84,0.09382683546204666,0.18489614651354624,False,False,True,1.7974465302725112e-06,COMPLETE
1392,0.46566078066825867,2025-04-06 04:14:20.680409,2025-04-06 04:14:55.380309,0 days 00:00:34.699900,0.7903193886668597,0.06023569305809498,8,0.06306024205531129,0.07405463352802302,0.005501824900315262,0.01286210209714338,0.015439307502559122,0.013142341151334776,0.0008371432036380807,29,86,0.0962229367365041,0.18054592719563617,False,False,True,1.471730493023654e-06,COMPLETE
1393,0.3580983638763428,2025-04-06 04:14:55.842571,2025-04-06 04:15:32.928591,0 days 00:00:37.086020,0.6938226309889364,0.011180208659832408,8,0.08212859364124214,0.05384711905626053,0.0033505975242465037,0.061815538180799746,0.01167858294606354,0.009261886852707091,0.0004858360806845785,27,80,0.09656609215819928,0.18663417027047038,False,False,False,2.45950321383166e-06,COMPLETE
1394,0.3462701320648193,2025-04-06 04:15:33.379723,2025-04-06 04:16:05.816619,0 days 00:00:32.436896,0.6650837600909059,0.9181371043274416,8,0.04958855345131543,0.0850236633494694,0.0028545693741275167,0.06560676726302452,0.018440130971431785,0.015309929550270157,0.0013185663230577398,26,82,0.09119467786099751,0.17261032527430398,False,False,True,1.1611359829178121e-06,COMPLETE
1395,0.3675621330738068,2025-04-06 04:16:06.263472,2025-04-06 04:16:39.879355,0 days 00:00:33.615883,0.4081358626574201,0.971711048192579,8,0.055626561520878644,0.047320034953571524,0.007281379747131658,0.06327062709131048,0.021079969238115608,0.00755183993306054,0.0005745024150082873,28,88,0.09459533438941903,0.18388771582882746,False,False,True,2.0676164883088684e-06,COMPLETE
1396,0.39092340469360354,2025-04-06 04:16:40.324108,2025-04-06 04:17:04.533858,0 days 00:00:24.209750,0.7178265713062528,0.03673886838077121,16,0.07056674991157284,0.06809529219201357,0.004551032790485675,0.010594616134413613,0.013627238279422504,0.017041915264509645,0.000946088416350811,28,83,0.07824875617407932,0.18824425506991302,False,False,True,3.5925131806180815e-06,COMPLETE
1397,0.4738086819648743,2025-04-06 04:17:04.978888,2025-04-06 04:17:37.243607,0 days 00:00:32.264719,0.7410567074095984,0.07554620505482437,8,0.060449675012154765,0.05846713055727447,0.018220557305707312,0.06120868645494379,0.024796515485708548,0.011955350238248124,0.0006989948176944038,26,76,0.09663025486501972,0.164403071522535,False,False,True,1.5601628240328176e-06,COMPLETE
1398,0.3566019535064697,2025-04-06 04:17:37.709508,2025-04-06 04:18:10.332060,0 days 00:00:32.622552,0.6409270709436892,0.04637230293200089,8,0.06705739929636126,0.09726541781304841,0.007332486899369044,0.07029541099649865,0.015282404923056105,0.005241490279024867,0.0011125201102664293,27,70,0.09365940625347818,0.1781796185889022,False,False,True,1.0830611798810485e-06,COMPLETE
1399,0.40423201322555546,2025-04-06 04:18:10.784586,2025-04-06 04:18:43.454270,0 days 00:00:32.669684,0.6852923413958005,0.13041154594773613,8,0.04986430696618997,0.075473879165837,0.01631168381595697,0.06534406579769146,0.017753450670899062,0.019218665878445125,0.0008068450257823131,27,67,0.09684368104793199,0.21759473158598694,False,False,True,2.9400692802456577e-06,COMPLETE
1400,0.3933055341243744,2025-04-06 04:18:43.902179,2025-04-06 04:19:16.178733,0 days 00:00:32.276554,0.7000940387322189,0.10296530979528759,8,0.08708653769905185,0.06441764399125992,0.013885056494861986,0.00531207865011555,0.0198908824852936,0.010333213592844039,0.0005716669232885366,26,79,0.09548875119786436,0.18973012417299306,False,False,True,1.8374710547308209e-06,COMPLETE
1401,0.47630308866500853,2025-04-06 04:19:16.624163,2025-04-06 04:19:50.534769,0 days 00:00:33.910606,0.6694815688615671,0.06319626776401094,8,0.07486026256895328,0.07916190801427817,0.01803708694391041,0.0628437888315535,0.0331784856057156,0.014836694898657984,0.0004332701091161685,28,86,0.09828932747511804,0.1712956267154348,False,False,True,1.2679228229521798e-06,COMPLETE
1402,0.28615721464157107,2025-04-06 04:19:50.979787,2025-04-06 04:20:25.339887,0 days 00:00:34.360100,0.724686172014032,0.08938363571826849,8,0.05734358758406171,0.07039218543010434,0.0030856277672422563,0.008337633615356208,0.03673840927126476,0.023019773616000834,0.0014835039325325058,29,81,0.09698582409081834,0.1834109465585868,False,True,True,9.520076577992354e-07,COMPLETE
