number,value,datetime_start,datetime_complete,duration,params_alpha-eval,params_alpha-train,params_batch-size,params_eps-eval,params_eps-train,params_lambda-actions-eval,params_lambda-actions-train,params_lambda-frames-eval,params_lambda-frames-train,params_learning-rate,params_n-epochs,params_n-frames,params_radius-gw,params_rho,params_std-feats,params_ub-actions,params_ub-frames,params_weight-decay,state
512,0.4565587162971497,2025-04-25 07:31:17.423527,2025-04-25 07:32:38.464887,0 days 00:01:21.041360,0.43925046258226047,0.572199480658892,2,0.08118783495610063,0.1537188477943332,0.06049173637339093,0.0033577643815268007,0.07620616476795723,0.08367034765105967,4.452394480680474e-05,19,72,0.03721324549193353,0.2762190792512558,True,False,False,0.00022011709363777026,COMPLETE
513,0.4407706081867218,2025-04-25 07:32:38.631272,2025-04-25 07:34:04.020111,0 days 00:01:25.388839,0.6629378915048402,0.5471090503764168,2,0.10616728453955823,0.13553428098706202,0.05403301757543214,0.0010631220904858338,0.08091147986737768,0.00923278228844867,3.368763999979676e-05,21,61,0.039291517534366244,0.2821918890966445,True,False,False,0.0005643576714886513,COMPLETE
514,0.42128669619560244,2025-04-25 07:34:04.176483,2025-04-25 07:35:27.218551,0 days 00:01:23.042068,0.5570219363725677,0.5255915793331801,2,0.0913214821812499,0.060026985632494194,0.05751208120901557,0.07672272366667336,0.08687116933035846,0.012059342996957401,0.0006391724501387724,20,65,0.04230256858016539,0.2890985582738012,True,False,False,0.00031186575359198746,COMPLETE
515,0.4523195147514344,2025-04-25 07:35:27.387489,2025-04-25 07:36:50.127927,0 days 00:01:22.740438,0.5279903459418249,0.5938308918396722,2,0.07258680581516543,0.10645266401053508,0.052220132916263505,0.039979784424836975,0.08989922831706874,0.006202390722236301,1.5632728820787483e-05,20,69,0.03553878321494607,0.2892718380527621,True,False,False,2.418672028232812e-07,COMPLETE
516,0.45007126927375796,2025-04-25 07:36:50.285603,2025-04-25 07:38:07.620956,0 days 00:01:17.335353,0.5486191899303912,0.568397256965528,2,0.08466688781235124,0.12606687978407086,0.024731026584385706,0.017936147054589777,0.08489212723539935,0.013052329642278412,2.7833845699042797e-05,18,73,0.03750697974249672,0.2804573300143905,True,False,False,0.00010769967035467623,COMPLETE
517,0.34591236114501955,2025-04-25 07:38:07.779397,2025-04-25 07:39:29.986127,0 days 00:01:22.206730,0.5982023950227584,0.5323336112319511,2,0.07836566521791176,0.27638120728024385,0.049161179680715233,0.02178774593316072,0.07884321946110757,0.047697090742614086,6.69856176834473e-05,20,63,0.034289806951979494,0.29036564228868234,False,False,False,0.00015183866147829454,COMPLETE
518,0.431954425573349,2025-04-25 07:39:30.153694,2025-04-25 07:40:56.873743,0 days 00:01:26.720049,0.39322120628112467,0.5567675202272511,2,0.06593214726917748,0.11207206076424607,0.056087815313514165,0.025078889483924015,0.07931910691765293,0.023199653670497776,3.785024190821446e-05,21,67,0.036045507186934764,0.28504145219654725,True,False,False,0.00037615718093406706,COMPLETE
519,0.4514616966247559,2025-04-25 07:40:57.030942,2025-04-25 07:42:17.560256,0 days 00:01:20.529314,0.5031736687954876,0.5843029774770713,2,0.07464184953090867,0.1391662572280789,0.05395257186478855,0.05085648721747391,0.08146308093688888,0.017305261298550364,2.27739982391545e-05,19,71,0.04615865537812634,0.2750760337784031,True,False,False,2.8124656308046115e-05,COMPLETE
520,0.4607355058193207,2025-04-25 07:42:17.729410,2025-04-25 07:43:36.769481,0 days 00:01:19.040071,0.46912768128869675,0.6083409749771288,2,0.09125178923052332,0.10434645421417636,0.0617031074381479,0.016494831371242004,0.08895709511846367,0.08235893884372399,4.992266527538405e-05,19,57,0.040592959978224485,0.29082437517647064,True,False,False,0.00023960757508911297,COMPLETE
521,0.45912867188453677,2025-04-25 07:43:36.927603,2025-04-25 07:44:56.276298,0 days 00:01:19.348695,0.43950332041532236,0.6267472007833033,2,0.09151290868357288,0.10653907285958647,0.06314951348903174,0.01435014714899878,0.08533991793175287,0.08102023961311383,4.787516588269259e-05,19,52,0.040150159912184895,0.2844096511664556,True,False,False,0.0002692722493113158,COMPLETE
522,0.4520609557628632,2025-04-25 07:44:56.435753,2025-04-25 07:45:26.489601,0 days 00:00:30.053848,0.4579701073827607,0.636971464472209,16,0.09981730936135107,0.1306904564162336,0.061886455150037344,0.016494891777549654,0.08964706725072011,0.08309041738142492,5.7756371412160664e-05,29,56,0.04448556702927243,0.2889247521208598,True,False,False,0.0004378419897990622,COMPLETE
523,0.28615721464157107,2025-04-25 07:45:26.659780,2025-04-25 07:46:32.224457,0 days 00:01:05.564677,0.4339644998670198,0.6067805807891723,2,0.09514607820432555,0.09964647035421832,0.0637026518631475,0.016791624080218108,0.08780492579073482,0.07642820178783846,5.19177066894574e-05,18,63,0.03739977077314002,0.2687900248323238,True,True,False,0.0007588509817366236,COMPLETE
524,0.4544800281524658,2025-04-25 07:46:32.384242,2025-04-25 07:47:48.398734,0 days 00:01:16.014492,0.47490744654733547,0.6110459278491088,2,0.11246730330602266,0.11403133392152791,0.061620824008708316,0.018261931928517123,0.08764425050188067,0.07745508313981664,7.570547602109333e-05,18,54,0.04107887623282415,0.2596441067752881,True,False,False,0.00032907650842003733,COMPLETE
525,0.4568605005741119,2025-04-25 07:47:48.570530,2025-04-25 07:49:07.385123,0 days 00:01:18.814593,0.4569099770396741,0.589686558451004,2,0.08944777415538321,0.12135605879940085,0.060100731862313225,0.013511500934626363,0.09166144798594915,0.07985065758560336,4.033182611033315e-05,19,48,0.04217692667769444,0.27943688984839093,True,False,False,0.00024878169276933837,COMPLETE
526,0.44745979309082035,2025-04-25 07:49:07.548172,2025-04-25 07:49:39.677551,0 days 00:00:32.129379,0.47189950101459954,0.6451417677281953,8,0.10661273154258288,0.10636288480031714,0.050526174030041754,0.01951563925085666,0.09073300804810144,0.08213499553398916,5.204762949323622e-05,19,58,0.03817605967384023,0.2937226413942067,True,False,False,0.000220488894054441,COMPLETE
527,0.4507957577705384,2025-04-25 07:49:39.839223,2025-04-25 07:51:03.204226,0 days 00:01:23.365003,0.4095758387831205,0.6644221992016651,2,0.02593598632899495,0.14274778788494943,0.051636311632080975,0.004979822699984293,0.08314854892724574,0.08439169839883211,0.00043859820153519874,20,59,0.03996800140096658,0.29000719775869593,True,False,False,0.0005261697404503411,COMPLETE
528,0.4036565959453583,2025-04-25 07:51:03.375226,2025-04-25 07:52:18.909128,0 days 00:01:15.533902,0.48904892046262355,0.6234744130083961,2,0.0842838411174143,0.1686703724958169,0.04838150562156361,0.015694060667638742,0.0861506084599125,0.08202069591983578,0.0014303892881597866,18,57,0.03809133687427925,0.1808855311578067,True,False,False,0.00030594692459703823,COMPLETE
529,0.3487231552600861,2025-04-25 07:52:19.069731,2025-04-25 07:53:28.232274,0 days 00:01:09.162543,0.44370868551445786,0.5965618623049592,2,0.08852351192537336,0.11389541355270447,0.05782942593504351,0.02116215548300241,0.0895893193738084,0.01634336132985302,6.371399064202741e-05,19,60,0.04372105923500533,0.29965731518120137,True,False,True,0.0001210526977244928,COMPLETE
530,0.4293477058410645,2025-04-25 07:53:28.404378,2025-04-25 07:54:50.193840,0 days 00:01:21.789462,0.23576360312417072,0.5743625120765956,2,0.04342633337307174,0.09954703337096368,0.05281815805612653,0.018313339182851697,0.07542668483363962,0.08590831885450485,9.226370740994348e-05,20,60,0.06202127714966526,0.2835990743143687,True,False,False,0.0001606612102485934,COMPLETE
531,0.4597303450107575,2025-04-25 07:54:50.355407,2025-04-25 07:56:09.627520,0 days 00:01:19.272113,0.4920791277232389,0.6158492912134536,2,0.10081894351453281,0.12352256239933979,0.059767122574244776,0.01353203982313163,0.059476760009996944,0.06268474958760178,4.4278615188535725e-05,19,54,0.04008388709004318,0.29457276141996674,True,False,False,0.0004128944924712426,COMPLETE
532,0.4487169444561005,2025-04-25 07:56:09.802403,2025-04-25 07:57:22.404312,0 days 00:01:12.601909,0.4666129660576221,0.6506364353795353,2,0.10599723031738924,0.1259083317833794,0.059352055209373596,0.013322378784882342,0.058553032079180625,0.0534406276799511,4.3808826186635454e-05,17,53,0.04279689826302207,0.27521720733265514,True,False,False,0.0004655934754215418,COMPLETE
533,0.44610456824302674,2025-04-25 07:57:22.566577,2025-04-25 07:58:42.545404,0 days 00:01:19.978827,0.4869611505343974,0.6250807993726006,2,0.09921304952467111,0.12764314871495525,0.05535599822166803,0.014915575801482513,0.08818155779808427,0.06266991642707781,6.993616461247455e-05,19,54,0.04093971710876336,0.285596349914938,True,False,False,0.0006475505874720058,COMPLETE
534,0.45374385714530946,2025-04-25 07:58:42.707856,2025-04-25 08:00:04.950678,0 days 00:01:22.242822,0.4290074427598309,0.61445992340282,2,0.11344693077481868,0.13397388839085225,0.05881196778016982,0.012427983200255822,0.056183831096169326,0.060114065272462186,5.1790607834403026e-05,20,51,0.039842644544241725,0.2911553086005035,True,False,False,0.00041815834716000687,COMPLETE
535,0.4477763950824738,2025-04-25 08:00:05.124105,2025-04-25 08:01:21.881157,0 days 00:01:16.757052,0.46656660096764013,0.6362306440324144,2,0.1196777192432287,0.12332814559342743,0.05002075327591075,0.01545474018487165,0.0862642858327332,0.04926795822884057,4.241517628681487e-05,18,47,0.04337653955293538,0.27944802364965343,True,False,False,0.0003789976538785015,COMPLETE
536,0.45725264549255373,2025-04-25 08:01:22.044538,2025-04-25 08:02:48.466746,0 days 00:01:26.422208,0.4961802790809831,0.675097688272627,2,0.10235079007272149,0.13083937402795714,0.060924862907065586,0.011456287151665178,0.05918444396579945,0.05851784623816079,5.491959555801624e-05,21,55,0.045879484036445546,0.2939868588823994,True,False,False,0.00033434936534328043,COMPLETE
537,0.4570806205272675,2025-04-25 08:02:48.640594,2025-04-25 08:04:07.715434,0 days 00:01:19.074840,0.4442292726288652,0.6063179895536351,2,0.09858194248271684,0.11937341833757802,0.05694722817724586,0.008032025493984617,0.05754542705171839,0.011317549849130233,3.5291177997037883e-05,19,55,0.03928512234033077,0.2846126108294281,True,False,False,1.67719764510853e-06,COMPLETE
538,0.34701805710792544,2025-04-25 08:04:07.881383,2025-04-25 08:05:29.635558,0 days 00:01:21.754175,0.47881801601105156,0.5994520911249197,2,0.0920862915933634,0.11791412392199523,0.05365757045980443,0.0165183411350678,0.059668012097525716,0.06370918157070266,4.340002072116072e-05,20,51,0.036308102361486884,0.29080871836628697,False,False,False,1.1594462725671564e-07,COMPLETE
539,0.46179754734039313,2025-04-25 08:05:29.800446,2025-04-25 08:06:52.288544,0 days 00:01:22.488098,0.5067777579662109,0.6219040055797845,2,0.0946274114862917,0.14734808313810036,0.05182409860556195,0.01381585747828154,0.05548894519478991,0.051131224849011156,3.186996777653644e-05,20,56,0.04206079668447214,0.27854910940076627,True,False,False,0.0005897015642418727,COMPLETE
540,0.4609115600585938,2025-04-25 08:06:52.462705,2025-04-25 08:08:18.522452,0 days 00:01:26.059747,0.5114674972493992,0.6533620212471597,2,0.09655484067151386,0.1398695041527408,0.05119341878066784,0.01878006375749519,0.09275996132590776,0.05088201724695581,2.9756626955800824e-05,21,58,0.042685921869994925,0.27812767607216754,True,False,False,0.0005286747971968258,COMPLETE
541,0.4619849264621735,2025-04-25 08:08:18.687387,2025-04-25 08:09:47.449942,0 days 00:01:28.762555,0.5062162221322659,0.6585281663226685,2,0.09109333752278324,0.1393524742319858,0.048559612056178744,0.019506180271623322,0.09493735255017162,0.04897250375776006,3.001467555990552e-05,22,57,0.045264156549456584,0.2703830196578727,True,False,False,0.0006354253738840679,COMPLETE
542,0.45535975098609927,2025-04-25 08:09:47.624770,2025-04-25 08:11:18.956601,0 days 00:01:31.331831,0.5102988396184753,0.6796781582814436,2,0.09551025074063202,0.1485374197958228,0.04811319771649651,0.0216972611162084,0.09388342209413392,0.04626575850576418,2.7069045778006397e-05,23,56,0.04799859674669466,0.26498794303639417,True,False,False,0.0008378611380031972,COMPLETE
543,0.3759994804859162,2025-04-25 08:11:19.123581,2025-04-25 08:12:48.088547,0 days 00:01:28.964966,0.45972470370095053,0.6600836400324425,2,0.09304898098162091,0.14570248168704877,0.048148335666897614,0.019328237392058467,0.09452535088674527,0.04729428287356136,0.08818634979064173,22,58,0.04588983483108579,0.26618447124112077,True,False,False,0.0005371412781402168,COMPLETE
544,0.28615721464157107,2025-04-25 08:12:48.266636,2025-04-25 08:14:02.865375,0 days 00:01:14.598739,0.501444268496782,0.6644826830130321,2,0.10674054217789423,0.1502743848493319,0.04940550215088157,0.019834573988182468,0.09455811689109785,0.056103035869041175,3.0332925623431283e-05,21,59,0.047041345037567274,0.27228557247512936,True,True,False,0.0009855138540712063,COMPLETE
545,0.4477681994438171,2025-04-25 08:14:03.031562,2025-04-25 08:15:31.828232,0 days 00:01:28.796670,0.4836278748786726,0.665459305215711,2,0.09612099908231037,0.14927275821361136,0.05073637144268943,0.017214772246291546,0.0926240640781056,0.04845028847435174,3.32257426927153e-05,22,49,0.04634423848781651,0.2617581620278995,True,False,False,0.0007347214442536186,COMPLETE
546,0.42351363897323613,2025-04-25 08:15:31.994751,2025-04-25 08:15:58.660273,0 days 00:00:26.665522,0.5077662580246279,0.69741739896315,16,0.09746453993924431,0.13052789296623396,0.04742452943744101,0.02118390411999715,0.09196682816894058,0.054153132717712944,3.0195201926304716e-05,22,57,0.044178040730982526,0.27127288428310364,True,False,False,0.0006586714513823366,COMPLETE
547,0.4606491267681122,2025-04-25 08:15:58.838612,2025-04-25 08:17:32.087141,0 days 00:01:33.248529,0.4747724513759775,0.6872794903288731,2,0.08809766816366343,0.15440353933591996,0.0509979227383792,0.018997148564195262,0.095777245939452,0.05160158510027714,3.723182958058427e-05,23,58,0.041945669551165944,0.2716019028324357,True,False,False,0.0006803327567951887,COMPLETE
548,0.4600710690021515,2025-04-25 08:17:32.252876,2025-04-25 08:19:05.193132,0 days 00:01:32.940256,0.44785009863930936,0.7142455614071938,2,0.0926644716599885,0.14263679644458294,0.05174390839993392,0.01859683374918685,0.09927521483483603,0.05192811785351449,3.365313224144904e-05,23,58,0.04358431259780461,0.26638294905815546,True,False,False,0.0006222415971800212,COMPLETE
549,0.45843242406845097,2025-04-25 08:19:05.371240,2025-04-25 08:20:37.151007,0 days 00:01:31.779767,0.4187778872339162,0.7228497847838029,2,0.10258885510985033,0.16096208655770192,0.05098387222901206,0.018626298667371713,0.09516915218269248,0.051586578696095245,3.646597302749167e-05,23,53,0.04340736284108664,0.25550571016572676,True,False,False,0.000772806051981498,COMPLETE
550,0.4483282506465912,2025-04-25 08:20:37.318289,2025-04-25 08:21:12.521444,0 days 00:00:35.203155,0.44579156684729787,0.7397861340156865,8,0.09448329301033274,0.15634293341625283,0.05155338609491396,0.01718713437850199,0.09841780901768882,0.05133372213322908,3.6592365059366435e-05,23,57,0.04475545239548588,0.2651937061900627,True,False,False,0.0007714150393194789,COMPLETE
551,0.36518537998199463,2025-04-25 08:21:12.699659,2025-04-25 08:22:35.962244,0 days 00:01:23.262585,0.8854190218564773,0.6657095583895005,2,0.09154727311852869,0.15320146800771994,0.049844660021068195,0.019370260398708705,0.09617306799774236,0.05198025621378818,3.118221792702714e-05,24,56,0.04257739268146258,0.2663622069974272,True,False,True,0.0009765094041995258,COMPLETE
552,0.45596811771392826,2025-04-25 08:22:36.130911,2025-04-25 08:24:05.158023,0 days 00:01:29.027112,0.4491243066906942,0.721587547594764,2,0.10200308085135669,0.14416908271709522,0.05196047328345549,0.019422845505394668,0.09645908704131634,0.04404334172007928,3.804915474750294e-05,22,52,0.04431287055899073,0.2598631923916013,True,False,False,0.0006157894657460374,COMPLETE
553,0.4447532296180725,2025-04-25 08:24:05.338764,2025-04-25 08:25:40.710221,0 days 00:01:35.371457,0.4271922793580263,0.7273317725568934,2,0.0951007361397847,0.16121514938156234,0.05191407789550587,0.023028401359449738,0.09772801766247227,0.05161357772250291,2.9431739577019147e-05,24,50,0.04490661265040427,0.2668599787219815,True,False,False,0.0006784146669835945,COMPLETE
554,0.42091457247734076,2025-04-25 08:25:40.880172,2025-04-25 08:27:12.919637,0 days 00:01:32.039465,0.460068188082187,0.6483661568904286,2,0.10995312141946384,0.14286205969482285,0.04957038476853429,0.0027758853709466133,0.09832385539803465,0.049889748190489386,0.00026819688578266266,23,59,0.042670448799899494,0.2686237930762899,True,False,False,0.0007252892898455213,COMPLETE
555,0.40358728170394903,2025-04-25 08:27:13.089280,2025-04-25 08:28:44.839234,0 days 00:01:31.749954,0.4051243121445912,0.7131147692550002,2,0.08830377920382537,0.15048563393966444,0.0527360511493702,0.018031730226598708,0.099734483285991,0.05295692897183346,0.045272683168226,23,56,0.04924860568010385,0.272300350183511,True,False,False,0.0005368989452062566,COMPLETE
556,0.45856510996818545,2025-04-25 08:28:45.019000,2025-04-25 08:30:13.768998,0 days 00:01:28.749998,0.42645825491666967,0.6742202022171704,2,0.09772922198234699,0.1415163052467713,0.04468955590006305,0.021075366932708454,0.09576149749134447,0.056474392174161746,3.7854808777996514e-05,22,59,0.04166418499336252,0.25994532800382714,True,False,False,0.000598043871990087,COMPLETE
557,0.451503598690033,2025-04-25 08:30:13.937935,2025-04-25 08:31:46.002534,0 days 00:01:32.064599,0.46508793501689144,0.7065562957057661,2,0.089785854519061,0.1556059168088054,0.046560573895733336,0.005171476475708976,0.09707460912777857,0.052122824814632734,2.6837632491773007e-05,23,53,0.04479836494460653,0.2735723156165131,True,False,False,0.0005553719768207354,COMPLETE
558,0.3493026077747345,2025-04-25 08:31:46.182918,2025-04-25 08:33:17.151068,0 days 00:01:30.968150,0.7887666971544143,0.7735544377659451,2,0.08736115782972356,0.14686278993674823,0.05025038746943587,0.01631912070816282,0.09318619860729674,0.05045541740716212,3.285657232521451e-05,23,44,0.04778361206782442,0.2723614026229555,False,False,False,0.0008252218929552552,COMPLETE
559,0.43679694533348085,2025-04-25 08:33:17.321982,2025-04-25 08:34:49.945960,0 days 00:01:32.623978,0.7438580785516898,0.6921152887759504,2,0.0943304523689896,0.14008808538824394,0.052968282064085444,0.020026589260049105,0.09990885276398273,0.049454385174903144,4.226341456153567e-05,23,60,0.04688753403245355,0.2683412248206476,True,False,False,0.0006559698268712881,COMPLETE
560,0.4521143794059754,2025-04-25 08:34:50.128859,2025-04-25 08:36:18.939241,0 days 00:01:28.810382,0.3682645349518903,0.7492526211206826,2,0.08589952263909492,0.14856561602303814,0.04868266087482901,0.023668841469515044,0.09324528110622524,0.05504369958895591,2.7574056597305876e-05,22,56,0.042113770465553806,0.2777177202710721,True,False,False,0.0008865413486058932,COMPLETE
561,0.44968654513359074,2025-04-25 08:36:19.111663,2025-04-25 08:37:52.519852,0 days 00:01:33.408189,0.4719768798553779,0.6930719541825424,2,0.10498003498469397,0.172663475251013,0.051182786527272366,0.01531790092680789,0.09496977796382626,0.05027196507070997,2.0655004686968425e-05,23,61,0.04272093560963337,0.2739578111225855,True,False,False,0.0005670377461363509,COMPLETE
562,0.4521157026290894,2025-04-25 08:37:52.689614,2025-04-25 08:39:22.534464,0 days 00:01:29.844850,0.4572679147883883,0.6973807506795109,2,0.08566258009348082,0.1568540779120053,0.05343696409457088,0.022216347803673202,0.09002165479723263,0.05605432195167614,3.1727195032113055e-05,22,58,0.04164616473530729,0.2550041650735593,True,False,False,0.0007497710927255072,COMPLETE
563,0.28615721464157107,2025-04-25 08:39:22.714922,2025-04-25 08:40:40.654862,0 days 00:01:17.939940,0.43399325206335815,0.6438862304602404,2,0.09955406156847162,0.13914369571949767,0.04703928284331524,0.00675745392093412,0.09610708072179773,0.05272696875771926,3.857680912633093e-05,22,54,0.045631162543546835,0.276150957529334,True,True,False,0.0005809519135901651,COMPLETE
564,0.38841921687126163,2025-04-25 08:40:40.826392,2025-04-25 08:42:08.452817,0 days 00:01:27.626425,0.478669136987903,0.6863903279902218,2,0.091986349843361,0.14567137484776757,0.04964651849847219,0.0010207760313781702,0.09099208211328388,0.045115885618168386,2.3940710630195626e-05,22,29,0.049160258400738684,0.24970523673989642,True,False,False,0.00046853436718343106,COMPLETE
565,0.4307238459587097,2025-04-25 08:42:08.634135,2025-04-25 08:43:37.389512,0 days 00:01:28.755377,0.48605403585520185,0.7119303246320366,2,0.08457990358749672,0.15170432002156983,0.05170531141615578,0.04495263799789565,0.09343305355669645,0.05421930823177861,0.0009964260735065098,22,61,0.05337211937826766,0.2439032965449362,True,False,False,0.0007474250723685786,COMPLETE
566,0.4049673199653626,2025-04-25 08:43:37.564821,2025-04-25 08:45:08.371952,0 days 00:01:30.807131,0.4476871176099722,0.6755411994481078,2,0.016063636868076436,0.1369669682018944,0.054081242807592175,0.018875762931433678,0.09772095375872715,0.019867282290371477,4.7244878636941785e-05,23,16,0.04354591250536638,0.26243490051084417,True,False,False,0.0005309382617878401,COMPLETE
567,0.4595625102519989,2025-04-25 08:45:08.555699,2025-04-25 08:46:44.847581,0 days 00:01:36.291882,0.39525164500529325,0.6826534195628328,2,0.0879126713861608,0.1432078834374438,0.05056919537801964,0.09912511923811372,0.09550797564245359,0.046437761235783026,1.820387056299899e-05,24,62,0.041261978393241056,0.2701064627466316,True,False,False,0.000639388539622229,COMPLETE
568,0.4026896595954895,2025-04-25 08:46:45.020410,2025-04-25 08:47:11.272194,0 days 00:00:26.251784,0.4745525089278763,0.6432874292494896,16,0.196356611386683,0.15473659045949534,0.052636175959233235,0.021264988514018715,0.0917875569461726,0.051124155148885075,3.365213514936876e-05,21,57,0.04116107614433509,0.27729583957536147,True,False,False,0.0004929128753905374,COMPLETE
