number,value,datetime_start,datetime_complete,duration,params_alpha-eval,params_alpha-train,params_batch-size,params_eps-eval,params_eps-train,params_lambda-actions-eval,params_lambda-actions-train,params_lambda-frames-eval,params_lambda-frames-train,params_learning-rate,params_n-epochs,params_n-frames,params_radius-gw,params_rho,params_std-feats,params_ub-actions,params_ub-frames,params_weight-decay,state
2019,0.49077548980712893,2025-04-06 10:49:40.886811,2025-04-06 10:50:15.612234,0 days 00:00:34.725423,0.6757679499021934,0.0771455243309492,8,0.041902345993161685,0.06988055066357668,0.013783044280006478,0.06335341408813583,0.02895779467565364,0.017970814508718028,0.0007936226153335559,30,63,0.09840961651235891,0.17641973038727088,False,False,True,7.002470468560695e-07,COMPLETE
2020,0.3789338827133179,2025-04-06 10:50:16.256425,2025-04-06 10:50:47.722132,0 days 00:00:31.465707,0.761008209128142,0.09540390272934851,8,0.06780092902179014,0.078145979107838,0.00986974988852335,0.009216507081056237,0.014184880279562842,0.012975767720743627,0.0016883782897759965,25,79,0.09570111452915092,0.19081796455243413,False,False,True,3.5842930627573124e-06,COMPLETE
2021,0.4063705146312714,2025-04-06 10:50:48.382221,2025-04-06 10:51:19.896625,0 days 00:00:31.514404,0.7213796395893018,0.04742415914793093,8,0.05107195169627304,0.09159109248278195,0.021381825861319637,0.058598476063088295,0.02649989284062637,0.006406899456663795,0.0006095041597696465,26,53,0.09831820413204613,0.1804603165049968,False,False,True,5.327610761996389e-07,COMPLETE
2022,0.4333451867103577,2025-04-06 10:51:20.566479,2025-04-06 10:51:55.409569,0 days 00:00:34.843090,0.6461692372521168,0.010213378535962561,8,0.07292829920314914,0.05300143629131728,0.09634421697560148,0.061582427041111436,0.019363254154207747,0.01976143967100321,0.0009731732557088998,29,94,0.09546237191202801,0.16668804183695307,False,False,True,1.2579613682633962e-06,COMPLETE
2023,0.39440211057662966,2025-04-06 10:51:56.086383,2025-04-06 10:52:29.878442,0 days 00:00:33.792059,0.6809585965592637,0.0632621435512242,8,0.05900447208241871,0.06712622846304359,0.01767087818103966,0.05419159251268749,0.016445328999851613,0.0011160866645946853,0.00042107761321711354,28,76,0.0999806627885748,0.1997333974286455,False,False,True,8.267169236858553e-07,COMPLETE
2024,0.3281198740005493,2025-04-06 10:52:30.523666,2025-04-06 10:53:04.281463,0 days 00:00:33.757797,0.2861076373258338,0.10667351656673467,8,0.06518108198776401,0.08404411239605575,0.024934471772426567,0.08122157635176823,0.021671003084183734,0.01541131281062353,0.0007186228178141192,27,88,0.0930535025596355,0.15445980215010727,False,True,True,1.7672084592294073e-06,COMPLETE
2025,0.3819745063781738,2025-04-06 10:53:04.953190,2025-04-06 10:53:39.481390,0 days 00:00:34.528200,0.19465451811488138,0.3412736260482961,8,0.04662772705422735,0.058749131304726546,0.012654940600194595,0.06741783872802849,0.03144841610234851,0.023482203932118365,0.0010700405546474896,27,81,0.09996437278390707,0.21011860298847887,True,False,True,1.0488522688257583e-06,COMPLETE
2026,0.4759107887744904,2025-04-06 10:53:40.126592,2025-04-06 10:54:13.239381,0 days 00:00:33.112789,0.6987800799401368,0.0789543593541116,8,0.08277992503535399,0.07558021671366665,0.020296699897569923,0.05603328436531067,0.017829076501581498,0.011838313998166185,0.001427967333706184,27,84,0.0838883436938713,0.1878536161658086,False,False,True,2.3747788737061015e-06,COMPLETE
2027,0.48490561246871955,2025-04-06 10:54:13.912324,2025-04-06 10:55:47.070556,0 days 00:01:33.158232,0.6594614198072336,0.04157281934367532,2,0.05497855186682575,0.0644631339353142,0.01885296721544014,0.0651425588920537,0.013465991871520465,0.009598392544243169,0.0008364872671751734,28,71,0.09716798675360916,0.19582376505129778,False,False,True,6.050518780850878e-07,COMPLETE
2028,0.4829187214374543,2025-04-06 10:55:47.746122,2025-04-06 10:56:19.869473,0 days 00:00:32.123351,0.6343607071727185,0.06046751468880597,8,0.07169514708055456,0.07191142920394242,0.01488127154281732,0.06028336341855965,0.020227095003771758,0.01417194099459584,0.0005377911348793636,26,78,0.09524248928032636,0.1750595954609783,False,False,True,1.4469063775373452e-06,COMPLETE
2029,0.4829987049102783,2025-04-06 10:56:20.546427,2025-04-06 10:56:54.845063,0 days 00:00:34.298636,0.7163449126974485,0.08637927372033345,8,0.0622073501217962,0.057974590569629524,0.023350159463281898,0.06929125700387177,0.02476200314977608,0.016841489807902035,0.0006615788620067654,29,81,0.09706563184151197,0.20416891807666038,False,False,True,7.420610242008051e-07,COMPLETE
2030,0.38030530214309693,2025-04-06 10:56:55.504930,2025-04-06 10:57:28.179017,0 days 00:00:32.674087,0.6753544075716126,0.04137901982382611,8,0.15814056730143494,0.04883378672056031,0.06188240415506034,0.010675075189657811,0.015509367763715778,0.007785802194474585,0.0002975920210896834,27,68,0.0938583051731915,0.17042256304649384,False,False,True,9.698492881126726e-07,COMPLETE
2031,0.3557690382003784,2025-04-06 10:57:28.854624,2025-04-06 10:57:53.041287,0 days 00:00:24.186663,0.7440282013100958,0.07224181947594785,16,0.18198223632033866,0.06687698887724991,0.009000087030762004,0.06365333536790399,0.011426778390715545,0.005127051019516938,0.0011830183222467851,28,74,0.05386130009826159,0.182534532961364,False,False,True,5.02113943415719e-07,COMPLETE
2032,0.488333535194397,2025-04-06 10:57:53.687800,2025-04-06 10:58:26.136621,0 days 00:00:32.448821,0.6929651430940635,0.11284649746404748,8,0.053122440140706835,0.08099395299433489,0.01599223671064988,0.0037056238324020283,0.017635796336077005,0.010967811075865851,0.0009109401593985462,26,85,0.09995162579317783,0.22359147294314202,False,False,True,1.9003944687022328e-06,COMPLETE
2033,0.3505395591259003,2025-04-06 10:58:26.807427,2025-04-06 10:59:04.789029,0 days 00:00:37.981602,0.6554631909528569,0.1433497488184165,8,0.07666783646585829,0.07501114005090136,0.01831074622281554,0.0522005482574343,0.02259905049501539,0.018812173532630344,0.00046713734117508304,27,91,0.09073576779726208,0.1897146982394317,False,False,False,2.861712249035484e-06,COMPLETE
2034,0.45859341025352485,2025-04-06 10:59:05.464296,2025-04-06 10:59:38.806427,0 days 00:00:33.342131,0.5911568196309404,0.03102742867452265,8,0.12877804024164483,0.06256488938865082,0.012350434454062144,0.07398760889121593,0.018990545164373013,0.01282620408472309,0.0007361284480278999,28,77,0.09641088826493538,0.19773060191481096,False,False,True,1.2579304596759042e-06,COMPLETE
2035,0.4054148375988007,2025-04-06 10:59:39.459010,2025-04-06 11:00:11.706286,0 days 00:00:32.247276,0.6165300165091874,0.09153100876548163,8,0.06642745001630761,0.09968177202799215,0.026562162202898577,0.05844267430197825,0.014698027062488508,0.015036525513745822,0.0005855855506098087,26,82,0.09833575098273098,0.07979874833208636,False,False,True,7.110130263409757e-07,COMPLETE
2036,0.4485722482204438,2025-04-06 11:00:12.374782,2025-04-06 11:00:45.367423,0 days 00:00:32.992641,0.7297726899766424,0.05664192052656858,8,0.08916879489629302,0.08868862653166718,0.01443800822328103,0.0616482900016621,0.00969479268562326,0.009448648279972228,0.0009489121823687183,27,79,0.09459815826368805,0.18389256400451282,False,False,True,2.2709734109144015e-06,COMPLETE
2037,0.4900850415229797,2025-04-06 11:00:46.044261,2025-04-06 11:01:17.456720,0 days 00:00:31.412459,0.701308862767145,0.07138797390056914,8,0.058601645665400576,0.0704244574647709,0.020517765979935935,0.06595642840638095,0.020740037301827906,0.02082892550444914,0.0007867618313085919,25,88,0.09833181921033068,0.1476940897891544,False,False,True,8.919841699178399e-07,COMPLETE
2038,0.48816556930541993,2025-04-06 11:01:18.137803,2025-04-06 11:01:51.696230,0 days 00:00:33.558427,0.6429813946361757,0.09938616582546292,8,0.046724425578767,0.04047062727585227,0.01652268587890031,0.012411945360549596,0.02377022251716205,0.017237619327383685,0.0011030540699634745,28,74,0.09654647987746089,0.1623767978753203,False,False,True,4.224147416746807e-06,COMPLETE
2039,0.483229410648346,2025-04-06 11:01:52.348980,2025-04-06 11:02:27.629709,0 days 00:00:35.280729,0.6736279444029265,0.039365378269200973,8,0.07009982929485942,0.05638770758364248,0.011221525033094783,0.071674796921306,0.016835920406286127,0.007112078032538653,0.0006431997102256371,30,85,0.09325470823330057,0.21068156800122484,False,False,True,1.465460028876673e-06,COMPLETE
2040,0.39409875869750977,2025-04-06 11:02:28.305777,2025-04-06 11:03:58.867276,0 days 00:01:30.561499,0.7126859797421199,0.05800000828633391,2,0.06365866131189724,0.06395944444070273,0.018866739022710844,0.0060959132458498645,0.012920476153517185,0.0036533639538929895,0.0013060663857241018,27,77,0.09625097092509978,0.19089906589020822,False,False,True,1.0865706132484919e-06,COMPLETE
2041,0.40264879465103154,2025-04-06 11:03:59.561960,2025-04-06 11:04:33.865471,0 days 00:00:34.303511,0.6874456406139634,0.12164355636481017,8,0.038291805572766825,0.07658158300665334,0.013789893022015094,0.05639063234213392,0.029475198792514153,0.013832473782775205,0.0008583523900492711,29,71,0.09705885127127561,0.17902768522335513,False,False,True,5.354516310786203e-07,COMPLETE
2042,0.3638824939727784,2025-04-06 11:04:34.523509,2025-04-06 11:05:09.663172,0 days 00:00:35.139663,0.6592321480415767,0.07686062147872041,8,0.053642970886636596,0.06876822700621416,0.023200012438802962,0.008095805562152149,0.03308049734562858,0.053163666484825324,0.0005451178550233118,28,147,0.09993301821266841,0.20283167656651535,False,False,True,3.113146914843649e-06,COMPLETE
2043,0.371035772562027,2025-04-06 11:05:10.343926,2025-04-06 11:05:42.977272,0 days 00:00:32.633346,0.7730802249235846,0.026079175211350662,8,0.07728828871268746,0.05212908422445974,0.029894143699866982,0.06295954826926964,0.027052304150350297,0.010716347594944001,0.0006844627615023574,26,82,0.09195787274699371,0.1940010657197742,False,True,True,1.7097105545319565e-06,COMPLETE
2044,0.4775676965713501,2025-04-06 11:05:43.626901,2025-04-06 11:06:16.643682,0 days 00:00:33.016781,0.6296177049234394,0.05289296957666555,8,0.05794652311608951,0.08340732415001867,0.01667674284242805,0.015224656952088834,0.015584162003915015,0.006274328780097276,0.00039584786766480736,27,80,0.09999249935165494,0.18616619126535064,False,False,True,6.761386332290023e-07,COMPLETE
2045,0.3533043324947357,2025-04-06 11:06:17.319593,2025-04-06 11:06:51.463226,0 days 00:00:34.143633,0.7358032561996128,0.09142138090572968,8,0.06670020014700156,0.05969161351615881,0.007361018760623217,0.046958828504118755,0.018633565034725314,0.01698346945925268,0.0019063746123306905,26,88,0.06532248873522119,0.17143319493778583,True,False,True,9.119894769400848e-07,COMPLETE
2046,0.48836549520492556,2025-04-06 11:06:52.144127,2025-04-06 11:07:26.547642,0 days 00:00:34.403515,0.6775308914862905,0.07396365389398879,8,0.05101184032710862,0.07287410590193173,0.015030593179173754,0.060164973626435074,0.021440304104939856,0.012871024375022699,0.001016617283340898,29,84,0.09486980964565536,0.1995779654926375,False,False,True,4.4685380427000656e-07,COMPLETE
2047,0.4029097139835358,2025-04-06 11:07:27.234681,2025-04-06 11:07:51.951692,0 days 00:00:24.717011,0.7031609637789499,0.04467315059393821,8,0.0605965229755209,0.0656084016291836,0.0552125859168326,0.06852865589942288,0.01961177091790374,0.009411131561316767,0.0007982140882155857,16,76,0.09826599696710482,0.019626809063895218,False,False,True,1.2098578755035188e-06,COMPLETE
2048,0.36939048767089844,2025-04-06 11:07:52.610655,2025-04-06 11:08:14.609467,0 days 00:00:21.998812,0.6504770412880897,0.026638344943718684,8,0.00010508753604487886,0.07913559263515217,0.02156137304784636,0.04933784587856861,0.02390624567302404,0.01530423653821282,0.0005177252867191878,12,79,0.09803401488373445,0.20667764009072043,False,False,True,2.1056197902536396e-06,COMPLETE
2049,0.3459212124347687,2025-04-06 11:08:15.291032,2025-04-06 11:08:48.466975,0 days 00:00:33.175943,0.6676622208949428,0.09660922572922048,8,0.04360510156022727,0.06975088810868077,0.04205500943276699,0.06461057336609419,0.013186853384712002,0.06077207437540328,0.0015099473252994332,28,69,0.09508979255704256,0.19397702976760153,False,False,True,7.854720139809567e-07,COMPLETE
2050,0.47702768445014954,2025-04-06 11:08:49.127590,2025-04-06 11:09:22.442276,0 days 00:00:33.314686,0.6872015259292183,0.070162047616942,8,0.0735999190283898,0.059982650858768354,0.05204201102099743,0.06659825907111425,0.01685126854228279,0.04681513311169198,0.0006625297084767192,27,92,0.09688611088971699,0.17884707581935716,False,False,True,1.4824273929345918e-06,COMPLETE
2051,0.3892946958541871,2025-04-06 11:09:23.117743,2025-04-06 11:09:46.151805,0 days 00:00:23.034062,0.7144610068173451,0.05484685500381336,16,0.06676563057665681,0.07451994778313786,0.018321819061532,0.05792938325344369,0.021546861739783426,0.018402657715629593,0.001130800626836947,25,74,0.09456762475469818,0.21559625657372433,False,False,True,5.592736087309195e-07,COMPLETE
2052,0.35120964646339414,2025-04-06 11:09:46.831374,2025-04-06 11:10:23.926521,0 days 00:00:37.095147,0.609576399188437,0.11051851054325787,8,0.05604010017373571,0.05266168327432668,0.04605504303898439,0.020339839021305345,0.025521260652682454,0.011993068214434677,0.0008985398417154965,27,85,0.09219249686020518,0.186901406625228,False,False,False,3.723983620202471e-07,COMPLETE
2053,0.4556511342525482,2025-04-06 11:10:24.610529,2025-04-06 11:11:52.363764,0 days 00:01:27.753235,0.3981850929413123,0.08287737195150165,2,0.0796447243999573,0.046132134192774926,0.06403833303790325,0.05422521404364133,0.018622116442909873,0.008280834973375707,0.0004569236987323228,26,82,0.09825151627981506,0.15719459563597693,False,False,True,1.045209299241848e-06,COMPLETE
2054,0.4433498322963715,2025-04-06 11:11:53.027790,2025-04-06 11:12:26.443836,0 days 00:00:33.416046,0.7495686555797922,0.03534801928510289,8,0.06189043473861976,0.06461217682557685,0.011716192170466823,0.06222374988290165,0.011413459058850248,0.02063513685903453,0.0007360900324548961,28,79,0.09640926463689409,0.2018139604154314,False,False,True,1.837073429936728e-06,COMPLETE
2055,0.392878669500351,2025-04-06 11:12:27.132723,2025-04-06 11:13:01.600390,0 days 00:00:34.467667,0.6396218850170616,0.12730384809419293,8,0.04896335309620886,0.08022129698977987,0.025715802848053918,0.009765904574645542,0.015108095684357555,0.024157730060162974,0.00060433677604109,29,89,0.09816916095662893,0.19281243338585596,False,False,True,2.506582478018027e-06,COMPLETE
2056,0.49142997264862065,2025-04-06 11:13:02.271157,2025-04-06 11:13:35.707946,0 days 00:00:33.436789,0.6975914246799956,0.06218421168810764,8,0.07189628411651314,0.0696795517894653,0.009324126411707677,0.059786425561224814,0.022823922999461663,0.004772688232472466,0.0009865365246579678,28,73,0.09996753280871053,0.17012027438071195,False,False,True,6.483522378479969e-07,COMPLETE
2057,0.4151135623455048,2025-04-06 11:13:36.392608,2025-04-06 11:14:09.550821,0 days 00:00:33.158213,0.6636348209054788,0.04486218509679375,8,0.08505400563493919,0.08518251863666228,0.008175363679646159,0.06234126622321907,0.026820481229201172,0.004143058516551518,0.0008035435006776439,28,68,0.09867069630145327,0.16760173035154877,False,False,True,4.1692282644829593e-07,COMPLETE
2058,0.3716610372066498,2025-04-06 11:14:10.235938,2025-04-06 11:14:43.919421,0 days 00:00:33.683483,0.6833126369802697,0.01080838693677496,8,0.0829044046056421,0.09080503044411956,0.005980054050507709,0.06398484183374131,0.027394656639571517,0.0030845185026545435,0.0006070353322358625,28,66,0.09812726878951597,0.1619749810133782,False,False,True,5.291687063942027e-07,COMPLETE
2059,0.4703700065612793,2025-04-06 11:14:44.607444,2025-04-06 11:15:18.005527,0 days 00:00:33.398083,0.7229593895251866,0.06097491463037447,8,0.08676971048069615,0.07687974090341171,0.008385480458678152,0.06050201572651175,0.024375047546566955,0.002340041855400439,0.0008990519491348831,28,66,0.09809504336023142,0.1625831164285238,False,False,True,4.692833092772271e-07,COMPLETE
2060,0.359398090839386,2025-04-06 11:15:18.667946,2025-04-06 11:15:51.874759,0 days 00:00:33.206813,0.6497683929591566,0.8980415267770936,8,0.09128847242501881,0.0717612025500939,0.006664397660285422,0.02867942019745892,0.03014487540849614,0.0037593624154588093,0.0007047485640345027,28,68,0.09850570807700253,0.15779239559979957,False,False,True,3.698526674803911e-07,COMPLETE
2061,0.438826996088028,2025-04-06 11:15:52.569268,2025-04-06 11:16:17.992138,0 days 00:00:25.422870,0.6257798381613259,0.0867724268412212,8,0.07862356029807976,0.08115066705825101,0.007216317818399541,0.06679603804860448,0.025649177102283455,0.0014235862135492192,0.000514060619766824,17,72,0.09638783608056002,0.15540920302957778,False,False,True,5.696734456369901e-07,COMPLETE
2062,0.28615721464157107,2025-04-06 11:16:18.686308,2025-04-06 11:16:52.296815,0 days 00:00:33.610507,0.5855231920768503,0.03289004462855142,8,0.07401795811984407,0.07339855586459304,0.010197688858532766,0.02344107668125295,0.02878372544334812,0.002932171135000046,0.0003551725308917478,28,71,0.09816549309610521,0.16523402663280265,False,True,True,2.9980763896141007e-07,COMPLETE
2063,0.36607518792152405,2025-04-06 11:16:52.968541,2025-04-06 11:17:27.577936,0 days 00:00:34.609395,0.701653428378773,0.010254158685847545,8,0.09623002600845833,0.08757575576511949,0.009391106024464921,0.07005542630291098,0.023154812821697915,0.0027875333907611995,0.0008069676685089944,28,69,0.09991343353190184,0.16854852306938617,True,False,True,5.824043361603732e-07,COMPLETE
2064,0.4911632895469666,2025-04-06 11:17:28.275687,2025-04-06 11:18:01.893461,0 days 00:00:33.617774,0.6685668652392062,0.06457590634081321,8,0.0723274224252742,0.07011622615426352,0.008476654021067738,0.06394252106472557,0.025151062682681222,0.019049792551222043,0.000987690394975335,28,71,0.09984316435294549,0.15757852501200162,False,False,True,4.649735669922448e-07,COMPLETE
2065,0.48349749445915224,2025-04-06 11:18:02.563956,2025-04-06 11:18:35.411312,0 days 00:00:32.847356,0.623068842931228,0.04049156055677407,8,0.08309041746966063,0.07759944965514051,0.0071597309526702,0.061173065624323786,0.02885732753900754,0.02534244960694013,0.0013583722121596825,28,63,0.09836933229604489,0.16254504492894062,False,False,True,3.8789745527485987e-07,COMPLETE
2066,0.36539960503578184,2025-04-06 11:18:36.090447,2025-04-06 11:20:09.132190,0 days 00:01:33.041743,0.6387108396336418,0.053996643836562046,2,0.08684304409088442,0.09495279337981957,0.0047115957105214375,0.05965008711690668,0.026202471347242295,0.02367748043733084,0.0012368966881000755,28,69,0.09967846725916214,0.15049848352481737,False,False,True,2.814137995823721e-07,COMPLETE
2067,0.4902623772621155,2025-04-06 11:20:09.824693,2025-04-06 11:20:43.102619,0 days 00:00:33.277926,0.6554459776915604,0.026513467492185673,8,0.07812345693577089,0.06832489431960487,0.008421420010864426,0.061637129277837197,0.027796565372209266,0.022978238905016872,0.0014107837206429037,28,64,0.09997590814512569,0.15244430069661746,False,False,True,3.1511415163200124e-07,COMPLETE
2068,0.4923089742660523,2025-04-06 11:20:43.772032,2025-04-06 11:21:17.130841,0 days 00:00:33.358809,0.6063888317804693,0.0638068538836918,8,0.08139099719252564,0.0735520142417946,0.008622972715780011,0.06292522144558914,0.026162279150390336,0.021488970894885516,0.0011039841880138837,28,66,0.09996204133907803,0.1436267166668116,False,False,True,2.3619321700738745e-07,COMPLETE
2069,0.35294821858406067,2025-04-06 11:21:17.823351,2025-04-06 11:21:51.563213,0 days 00:00:33.739862,0.14188311011618604,0.5796457856947008,8,0.09159814906957495,0.08881051100074451,0.006997966682169788,0.06468667428150916,0.026119969436193772,0.022448329416961562,0.0014811972702542756,29,66,0.09818696918354612,0.13355830343167668,False,False,True,1.5565929524369502e-07,COMPLETE
2070,0.3511261284351349,2025-04-06 11:21:52.258179,2025-04-06 11:22:26.075747,0 days 00:00:33.817568,0.6352629778621873,0.10356102315761075,8,0.08222794719875781,0.08284404694133407,0.00521869969032494,0.0637581588885724,0.025722363210977303,0.021163913576905318,0.00192437174006999,29,60,0.09877055118633345,0.13965466198139526,False,False,True,2.196894039820825e-07,COMPLETE
2071,0.3863203585147858,2025-04-06 11:22:26.746657,2025-04-06 11:22:59.703448,0 days 00:00:32.956791,0.6612363002166837,0.07534951931443662,8,0.08049625902457273,0.08325831460745078,0.0061475796270182735,0.06327868746294496,0.02468166853788004,0.02153621346072085,0.0012796794087475204,28,63,0.09990931919469344,0.15391278464901614,False,False,True,2.691234827736165e-07,COMPLETE
2072,0.35753990411758424,2025-04-06 11:23:00.403509,2025-04-06 11:23:38.912862,0 days 00:00:38.509353,0.601466788642,0.08850282504751185,8,0.07680496488355856,0.08003698675057608,0.007414521366701585,0.0646763121789171,0.024852106774566556,0.022835702047869617,0.0015897183233872809,29,64,0.05910233661710629,0.1542448789643688,False,False,False,1.9630628043954847e-07,COMPLETE
2073,0.472363030910492,2025-04-06 11:23:39.608508,2025-04-06 11:24:13.025207,0 days 00:00:33.416699,0.6709180103144307,0.06693821402336782,8,0.08651740376932862,0.0766991743418794,0.005877374817202057,0.06550308822199767,0.027326834451309172,0.019851409168463934,0.0016634479542911387,28,63,0.09868733441298219,0.13851168244810405,False,False,True,2.234824175325003e-07,COMPLETE
2074,0.3591719925403595,2025-04-06 11:24:13.693150,2025-04-06 11:24:37.777500,0 days 00:00:24.084350,0.6473855707720574,0.10570343982653876,16,0.0806810449756306,0.08679764195654745,0.006889985895817685,0.06295862852224321,0.0248926125683041,0.020864410451149673,0.0012312082916844703,29,57,0.09984947806435107,0.14786951101239482,False,False,True,1.5545880764565566e-07,COMPLETE
