number,value,datetime_start,datetime_complete,duration,params_alpha-eval,params_alpha-train,params_batch-size,params_eps-eval,params_eps-train,params_lambda-actions-eval,params_lambda-actions-train,params_lambda-frames-eval,params_lambda-frames-train,params_learning-rate,params_n-epochs,params_n-frames,params_radius-gw,params_rho,params_std-feats,params_ub-actions,params_ub-frames,params_weight-decay,state
455,0.4431124746799469,2025-04-25 06:18:55.412853,2025-04-25 06:20:26.049282,0 days 00:01:30.636429,0.6255973324481203,0.26318735411045324,2,0.07748233934752165,0.08126906209123547,0.06049884257090407,0.030703140545844537,0.05812295417511004,0.09220561389788415,4.9349172359224696e-05,22,61,0.028008610769670077,0.28258884310573484,True,False,False,0.0005342177498493918,COMPLETE
456,0.4501047432422638,2025-04-25 06:20:26.188927,2025-04-25 06:21:47.421645,0 days 00:01:21.232718,0.5745420309492716,0.5743498399023637,2,0.08395893643388344,0.06473838080684732,0.056839266768361596,0.022920039308279117,0.054460537121134085,0.08536679890445843,1.960920074119162e-05,19,66,0.03332868192842573,0.2949872108433993,True,False,False,0.00019997726438643392,COMPLETE
457,0.4480965733528138,2025-04-25 06:21:47.571644,2025-04-25 06:22:18.667187,0 days 00:00:31.095543,0.591038133665498,0.6138790996624576,8,0.05953843952467516,0.05756490172643375,0.05487269348813136,0.071424518336911,0.05660006944969821,0.08958569031687823,2.6725826723378638e-05,18,62,0.03027170857059624,0.28947328427266733,True,False,False,0.00016686137850199136,COMPLETE
458,0.35041438937187197,2025-04-25 06:22:18.807773,2025-04-25 06:23:42.012686,0 days 00:01:23.204913,0.5984807811594967,0.5616126560868097,2,0.07242301247453209,0.06485851540262622,0.06197579375415372,0.024921256153886556,0.05997700567582196,0.08224688215773245,4.21694474188786e-05,20,69,0.03553827801970926,0.2748958557617014,False,False,False,0.00026055216921692535,COMPLETE
459,0.45508989691734314,2025-04-25 06:23:42.152659,2025-04-25 06:25:05.886347,0 days 00:01:23.733688,0.5455087606719301,0.5893173149106783,2,0.0918312218253784,0.1009725295514543,0.03888606872866413,0.01721890947815745,0.06311998842708595,0.08717790842919705,3.3597375014618606e-05,20,73,0.032587499297261895,0.2949062605570625,True,False,False,0.00035400037774471765,COMPLETE
460,0.45267550945281987,2025-04-25 06:25:06.037596,2025-04-25 06:26:26.543923,0 days 00:01:20.506327,0.5180528167757827,0.5310579601664221,2,0.08007138984054173,0.10608632031939848,0.013385438064517148,0.01374502546755898,0.06782318398292643,0.025044922145110296,2.362632097076155e-05,19,65,0.029278294726507684,0.2845883019048424,True,False,False,0.00013880606610682693,COMPLETE
461,0.45049235820770267,2025-04-25 06:26:26.686135,2025-04-25 06:27:52.855532,0 days 00:01:26.169397,0.5315933597597957,0.5539735383651408,2,0.10203453676221484,0.04427036304145493,0.08959043910982464,0.020474685379893536,0.06516015447648921,0.09512852263988246,5.059851020571707e-05,21,59,0.037430834207051455,0.29964900100606867,True,False,False,0.0002803579085417343,COMPLETE
462,0.46102395057678225,2025-04-25 06:27:52.998145,2025-04-25 06:29:16.499491,0 days 00:01:23.501346,0.6403370778707416,0.6375327237058526,2,0.06791608498251078,0.09665738887272715,0.06420561026750944,0.02740600384501523,0.060912286123194055,0.0918364148410611,2.8339915430642254e-05,20,70,0.03160551869408173,0.2899672863242054,True,False,False,0.0004638450221524115,COMPLETE
463,0.4553819537162781,2025-04-25 06:29:16.651250,2025-04-25 06:30:34.250295,0 days 00:01:17.599045,0.6188164269281468,0.6640944534103823,2,0.0648754059302441,0.08852940722250115,0.0649022547890295,0.02915980296408737,0.0611032611586725,0.09265052419796785,2.801596883549288e-05,18,70,0.026947955349710104,0.2826776604955388,True,False,False,0.000605259126319703,COMPLETE
464,0.28615721464157107,2025-04-25 06:30:34.392154,2025-04-25 06:31:49.867178,0 days 00:01:15.475024,0.6502219198318245,0.6462048340737641,2,0.05505133092287415,0.0922421365854302,0.06725290337199669,0.02651251246943665,0.05809994329439083,0.09677760009666324,2.0928773994513995e-05,21,67,0.03094638049454852,0.26677262901799126,True,True,False,0.000550314133789028,COMPLETE
465,0.3983586192131043,2025-04-25 06:31:50.021792,2025-04-25 06:33:06.173057,0 days 00:01:16.151265,0.654446357188292,0.633835600207764,2,0.08828429116812872,0.09775805814309445,0.06393564488041491,0.028049549012277422,0.055239654246438265,0.08867873531736592,2.501543288842094e-05,17,138,0.033874731802336126,0.27809436941260646,True,False,False,0.0004552497191899077,COMPLETE
466,0.4561593770980835,2025-04-25 06:33:06.315076,2025-04-25 06:34:29.175024,0 days 00:01:22.859948,0.44941888673039077,0.6568571642592093,2,0.06778580120807012,0.07415930193652234,0.06539357341900785,0.032615782639162205,0.060302867612527504,0.08395455360010298,1.30169164854903e-05,20,54,0.023398743025930473,0.2891156407578527,True,False,False,0.00046595676920879985,COMPLETE
467,0.40748394727706916,2025-04-25 06:34:29.316447,2025-04-25 06:35:50.745069,0 days 00:01:21.428622,0.4787827910380467,0.6163444886657838,2,0.2144323097976655,0.09514021172006067,0.06223710237696077,0.02831833662002625,0.057404417703374025,0.09092813507954346,1.6584182999204727e-05,19,68,0.03941051713612796,0.28962818420330616,True,False,False,0.00028826519396312904,COMPLETE
468,0.44303508996963503,2025-04-25 06:35:50.898629,2025-04-25 06:37:13.879670,0 days 00:01:22.981041,0.625033623320697,0.6329311004409209,2,0.09491596994895854,0.08675830761697476,0.06772892164822009,0.024454192093644318,0.058995590169876745,0.09400264679266342,3.140722908095795e-05,20,63,0.02912314047201805,0.2998701130259215,True,False,False,0.000414825877567056,COMPLETE
469,0.43973944783210756,2025-04-25 06:37:14.023163,2025-04-25 06:38:44.540017,0 days 00:01:30.516854,0.6329993905955736,0.6027503096596223,2,0.0725808622155667,0.10295076819006446,0.06002044242494122,0.029829893621095307,0.053471892932273384,0.08659350233757948,2.0546713871711405e-05,22,71,0.05703365751730789,0.2856949734479007,True,False,False,0.00035414460849228323,COMPLETE
470,0.45644729733467104,2025-04-25 06:38:44.683167,2025-04-25 06:40:12.157521,0 days 00:01:27.474354,0.7135688055798208,0.5941246010510454,2,0.06051501227918632,0.09727425968570287,0.06299996560652894,0.02679419322233396,0.06127637717564193,0.031551945720579844,2.8769834353141422e-05,21,65,0.03556418279136738,0.29430841563528287,True,False,False,0.0006245803661949624,COMPLETE
471,0.44328315258026124,2025-04-25 06:40:12.311457,2025-04-25 06:41:26.663340,0 days 00:01:14.351883,0.46682385538278015,0.627870153646513,2,0.08182802059043001,0.08088092724696194,0.061097287321858915,0.011259638497593897,0.055982012941455266,0.08843554196130231,0.0027182029813212906,20,74,0.03167672321506502,0.278501676517448,True,False,True,0.0002298091060534375,COMPLETE
472,0.44366448521614077,2025-04-25 06:41:26.807815,2025-04-25 06:42:47.805681,0 days 00:01:20.997866,0.6808669588752292,0.5826384980246314,2,0.07622920973586432,0.10494880697440152,0.05778204339487257,0.02353238973762153,0.0628825082013025,0.09015808167251435,3.851727861630637e-05,19,67,0.03731289600239883,0.29061462048632275,True,False,False,0.00017963176921429995,COMPLETE
473,0.42420200109481815,2025-04-25 06:42:47.949817,2025-04-25 06:44:09.014784,0 days 00:01:21.064967,0.6971766717842258,0.5282881048472294,2,0.08689952537520998,0.13808679306642954,0.07299549960719828,0.02643329509221634,0.058739729825079925,0.03735326891939187,2.443171258308105e-05,19,71,0.02543694453615568,0.19206734118431557,True,False,False,0.0008454552383597991,COMPLETE
474,0.4592895269393921,2025-04-25 06:44:09.169326,2025-04-25 06:45:32.091932,0 days 00:01:22.922606,0.5026078418862929,0.5064316152215625,2,0.06964610374496401,0.09018744109383388,0.06602018201551242,0.0034893552127094334,0.05314586161496048,0.0922573945569314,1.8122763309967005e-05,20,62,0.03425949228899671,0.2944308466130392,True,False,False,0.0003432486519653082,COMPLETE
475,0.45396968126297,2025-04-25 06:45:32.235431,2025-04-25 06:46:48.852358,0 days 00:01:16.616927,0.5080601223296248,0.47416862208720567,2,0.06259273121071016,0.08724007914908197,0.06334131534863456,0.0028361456856281744,0.05351869209797511,0.09789677805276575,1.4063546509530798e-05,18,59,0.03377222493287119,0.2842446508785353,True,False,False,0.00040729412558478394,COMPLETE
476,0.4226063668727875,2025-04-25 06:46:49.009594,2025-04-25 06:47:13.472209,0 days 00:00:24.462615,0.4374621187536466,0.4944530058533021,16,0.04830920099867611,0.07997811198746128,0.0648192535327116,0.004243959446562223,0.05610892458054415,0.09549534838898875,1.4829059895375782e-05,19,51,0.030768560453279817,0.27268317387828417,True,False,False,0.00033431205085333664,COMPLETE
477,0.45588242411613467,2025-04-25 06:47:13.617662,2025-04-25 06:48:23.689357,0 days 00:01:10.071695,0.4868274754702441,0.45872139971077597,2,0.06659415585482509,0.092679930004626,0.06632096334311564,0.002161919768028011,0.05450453916572311,0.09374355077137012,1.8052435244865088e-05,16,61,0.028218798597812334,0.294914926793865,True,False,False,0.0003288173853895369,COMPLETE
478,0.3466883599758148,2025-04-25 06:48:23.834882,2025-04-25 06:49:46.566105,0 days 00:01:22.731223,0.7348080433908736,0.6755519844513307,2,0.056896695415209975,0.08747463358924129,0.06568990673130319,0.003869449173367955,0.05270196331413369,0.09160567150503666,1.8755984311059193e-05,20,75,0.03274649958222076,0.2883393702257289,False,False,False,0.0005014071009409879,COMPLETE
479,0.45062558650970463,2025-04-25 06:49:46.722684,2025-04-25 06:51:04.086230,0 days 00:01:17.363546,0.5158119208693396,0.502266081531102,2,0.06806003731631469,0.09321514137221014,0.042504511486203454,0.0023044237023141503,0.05697916592978208,0.09867344993839745,1.13639889307857e-05,18,62,0.03503291194562661,0.2997632365390071,True,False,False,0.0007211397392609085,COMPLETE
480,0.4554959952831269,2025-04-25 06:51:04.234128,2025-04-25 06:52:26.868393,0 days 00:01:22.634265,0.46259038167469446,0.5163565165473565,2,0.07262783141933987,0.08342703276359988,0.045230497040678115,0.006120121107929716,0.06050462718365551,0.09308200807600865,1.694594530665922e-05,20,57,0.030609901152551747,0.28037229458183555,True,False,False,0.00038857798933645036,COMPLETE
481,0.39157237410545354,2025-04-25 06:52:27.014901,2025-04-25 06:52:57.585918,0 days 00:00:30.571017,0.4905031340514099,0.652350939183739,8,0.0767484272737305,0.0696717833360905,0.06107988810085871,0.009640130985486477,0.05824230340047552,0.08040559110127944,2.2245495621412937e-05,17,69,0.07225104800788276,0.2901431311472629,True,False,False,0.0004859837419134974,COMPLETE
482,0.45878202319145206,2025-04-25 06:52:57.747184,2025-04-25 06:54:17.615878,0 days 00:01:19.868694,0.532732414174771,0.614490603082023,2,0.07134275534860254,0.09818550409513839,0.05580358498776216,0.005846158900941676,0.05465415138428246,0.09521147386826163,3.761471578349398e-05,19,73,0.03387248606304648,0.29406433487088746,True,False,False,0.0002659462637914652,COMPLETE
483,0.28615721464157107,2025-04-25 06:54:17.763329,2025-04-25 06:55:27.160787,0 days 00:01:09.397458,0.5181123328854323,0.5358415597260311,2,0.06556464658351294,0.10124670879458703,0.04793429465353675,0.001992677936858941,0.06380218447860872,0.09220380056127447,2.008645538506792e-05,19,63,0.028016771238596163,0.2864734821233281,True,True,False,0.00021728709805303716,COMPLETE
484,0.4483111917972565,2025-04-25 06:55:27.320422,2025-04-25 06:56:49.607854,0 days 00:01:22.287432,0.6787049683287082,0.5109950353084538,2,0.07930661495326938,0.08894672196363768,0.05868353838483862,0.007418687227532661,0.061882647136393874,0.08541719301457537,3.124408227639965e-05,20,55,0.031492025655249466,0.29478919556871847,True,False,False,0.00099777917453731,COMPLETE
485,0.4616703748703003,2025-04-25 06:56:49.756695,2025-04-25 06:58:12.924546,0 days 00:01:23.167851,0.49628433226144725,0.5766510141026385,2,0.07332540754201211,0.12811490798219707,0.052383420367674655,0.004918696289051793,0.07926846836987046,0.008461964101672579,2.3452109996419042e-05,20,70,0.03564921929748309,0.28000990661468145,True,False,False,0.0003265279025899328,COMPLETE
486,0.43920178413391114,2025-04-25 06:58:13.073651,2025-04-25 06:59:33.201978,0 days 00:01:20.128327,0.4796531810002733,0.5394808934948193,2,0.06333587347673081,0.1313532724256809,0.05356790929947998,0.005291870811790571,0.08486831297580566,0.006911265498548281,2.3317036031419206e-05,19,68,0.035581312101218475,0.1184103966321175,True,False,False,0.0002961614439894195,COMPLETE
487,0.4521700441837311,2025-04-25 06:59:33.365452,2025-04-25 07:00:56.644622,0 days 00:01:23.279170,0.43137670073754575,0.4826385779704142,2,0.054683195187628514,0.049371972809381506,0.05650755906191694,0.001008724840584344,0.07301742430621008,0.012378653304306812,1.4931909722932588e-05,20,65,0.036809836488839294,0.2644786041885108,True,False,False,0.0004419809059144349,COMPLETE
488,0.45792374610900877,2025-04-25 07:00:56.794271,2025-04-25 07:02:19.549479,0 days 00:01:22.755208,0.641355493927001,0.6053796961967858,2,0.07041814410038803,0.1304292387102629,0.05222701893536966,0.005518934028508015,0.07989946799549387,0.005753929479869859,3.481935541888316e-05,20,60,0.03491217861752254,0.27361191530164525,True,False,False,0.0003553970737166405,COMPLETE
489,0.4504901230335236,2025-04-25 07:02:19.697687,2025-04-25 07:03:37.185304,0 days 00:01:17.487617,0.4607516412993255,0.5700837849652184,2,0.05927564702397383,0.1425002744927064,0.06308556452134802,0.010698528427132127,0.08249671725749955,0.08714060482530989,1.8900738646134192e-05,18,70,0.04036380270372903,0.27898511400685,True,False,False,0.0005815484733022501,COMPLETE
490,0.3589097261428833,2025-04-25 07:03:37.345881,2025-04-25 07:04:46.705164,0 days 00:01:09.359283,0.40235902571096566,0.5159087525672204,2,0.07448314475009878,0.13920163643014036,0.05514969451422823,0.0010647531855666275,0.07346575567338932,0.007943319706759822,4.2118429462433625e-05,19,75,0.033329977790391214,0.2816399169812469,True,False,True,0.00030961118988599506,COMPLETE
491,0.4607981383800507,2025-04-25 07:04:46.855372,2025-04-25 07:06:10.919632,0 days 00:01:24.064260,0.48786147260108026,0.5490230641112755,2,0.06767547848477143,0.12625263524860406,0.05935406475757955,0.0072102292439441724,0.08672260684783938,0.011771441284199567,2.7227632657450478e-05,20,67,0.03569465540614084,0.275919357220937,True,False,False,0.0002559132554998531,COMPLETE
492,0.4389324247837067,2025-04-25 07:06:11.082724,2025-04-25 07:07:38.174493,0 days 00:01:27.091769,0.45057519059499823,0.5570661266038697,2,0.06391850791497404,0.12682458116845954,0.05959968696283955,0.007465479803707339,0.0874606320050801,0.014424944551925237,2.8436371868815238e-05,21,71,0.03853133896535818,0.2630865290632458,True,False,False,0.00023852041184619887,COMPLETE
493,0.4133391797542572,2025-04-25 07:07:38.324566,2025-04-25 07:08:58.356772,0 days 00:01:20.032206,0.4758785656122818,0.580360035582485,2,0.07632964269427808,0.1231530624219421,0.057871131144231674,0.008606977784234908,0.08070124327239436,0.007570832918601486,0.00527061109570397,19,68,0.04194941135162169,0.2708642145708678,True,False,False,0.00020581630083202945,COMPLETE
494,0.45560802221298224,2025-04-25 07:08:58.506733,2025-04-25 07:10:21.564033,0 days 00:01:23.057300,0.48492989073181536,0.5946417065517458,2,0.084505783951839,0.132881660563536,0.06085999842707823,0.0071492492232373105,0.08539626922083265,0.00918954843956886,3.341321022326789e-05,20,75,0.03678277471469517,0.2725872292488234,True,False,False,0.00026115235641446067,COMPLETE
495,0.4517802059650421,2025-04-25 07:10:21.725300,2025-04-25 07:11:45.437710,0 days 00:01:23.712410,0.501697681949579,0.5444961979712685,2,0.09328442944611318,0.1268315066474054,0.057421963745999664,0.008526519904518104,0.06461722237550566,0.010451477195154449,6.0146125098371986e-05,20,72,0.0391622795933475,0.26939092111289875,True,False,False,3.0696574980941647e-08,COMPLETE
496,0.44832893013954167,2025-04-25 07:11:45.588953,2025-04-25 07:13:06.584205,0 days 00:01:20.995252,0.4672075818485939,0.5711260169597673,2,0.07001913963555895,0.13673466913281448,0.05510095571729407,0.011548580414372692,0.08797001225232406,0.010131275217017234,4.025372954431261e-05,19,68,0.03726181013949881,0.27722158194808255,True,False,False,0.0002539837713732839,COMPLETE
497,0.44607194066047673,2025-04-25 07:13:06.735959,2025-04-25 07:14:33.376183,0 days 00:01:26.640224,0.5007846074778202,0.6354571429197318,2,0.07778069919622041,0.12194113247176537,0.05887670078290148,0.009574894029561472,0.07139774936419416,0.009092327550927377,0.0003609676792438569,21,66,0.03562651637003456,0.2766717278854741,True,False,False,0.00047614575181999024,COMPLETE
498,0.43870873451232917,2025-04-25 07:14:33.538059,2025-04-25 07:15:54.411306,0 days 00:01:20.873247,0.5226711249720009,0.5542590003877947,2,0.10128659366898711,0.12139494403443048,0.053216752019824135,0.013353630891489356,0.07662657252405826,0.0011708638928763261,2.4915142300213724e-05,19,77,0.03227348472355481,0.283631713631271,True,False,False,0.00018898520474882984,COMPLETE
499,0.35051941871643066,2025-04-25 07:15:54.563204,2025-04-25 07:16:17.152086,0 days 00:00:22.588882,0.4894570364274797,0.6034258569825083,16,0.08744744000580798,0.13433039558930074,0.05639710757169474,0.005968659369647711,0.07777900913697611,0.011091134448504826,3.06046270425747e-05,18,70,0.045188070628491395,0.2686232433154246,False,False,False,0.0003836411240321781,COMPLETE
500,0.40217391252517704,2025-04-25 07:16:17.315781,2025-04-25 07:17:41.592032,0 days 00:01:24.276251,0.45035114067145926,0.5367326424134744,2,0.06271580855890163,0.12910169390714785,0.05114526745445541,0.0041934818670049155,0.09125622821950076,0.005994339639733547,4.573880136417648e-05,20,74,0.07684015901536986,0.019081076636715988,True,False,False,0.0002617395592146709,COMPLETE
501,0.36857554912567136,2025-04-25 07:17:41.746642,2025-04-25 07:19:06.058216,0 days 00:01:24.311574,0.5405197588133648,0.5772479914007601,2,0.08190027413034691,0.11925194573461607,0.049512569573154704,0.01184636132345316,0.0896484903025452,0.003016738149272273,2.592690614991147e-05,20,66,0.013222660875282927,0.28254950003569484,True,False,False,0.00018658824739127688,COMPLETE
502,0.44787111878395086,2025-04-25 07:19:06.214618,2025-04-25 07:19:40.767246,0 days 00:00:34.552628,0.5871955554518954,0.6941130797193757,8,0.07408109012176962,0.14292305495654178,0.05443205171196128,0.014960355308587197,0.08892109696333472,0.004556967668279921,8.162367678765256e-05,21,72,0.03474090254763197,0.2544933514485629,True,False,False,0.0003911354152731136,COMPLETE
503,0.28615721464157107,2025-04-25 07:19:40.930336,2025-04-25 07:20:39.343924,0 days 00:00:58.413588,0.47606924964209824,0.6157395808356076,2,0.05163919387178979,0.11806780838209978,0.04653972352773571,0.009279946641205412,0.07895558529104937,0.010000739124747847,3.575441625468769e-05,15,78,0.03305251103910655,0.28717748173469754,True,True,False,0.0006675274019707922,COMPLETE
504,0.45244962573051456,2025-04-25 07:20:39.496332,2025-04-25 07:21:58.084892,0 days 00:01:18.588560,0.510831766613785,0.5572692214305859,2,0.06800438535329548,0.11127228485935184,0.05902052987254367,0.06691017363683174,0.08719808709246694,0.013298054217896565,5.6545391774926304e-05,19,64,0.03625993998694973,0.2768660677313507,True,False,False,0.0003141210921461499,COMPLETE
505,0.4611840128898621,2025-04-25 07:21:58.249781,2025-04-25 07:23:22.937206,0 days 00:01:24.687425,0.43110172985436374,0.5875784007889179,2,0.09054128569858595,0.14666030197046742,0.05217322191286536,0.004311287163941066,0.08336099709684022,0.018264440207387864,2.2912330796425635e-05,20,69,0.04113273952915771,0.2873783534837529,True,False,False,0.00021151694235591072,COMPLETE
506,0.4513776242733002,2025-04-25 07:23:23.091755,2025-04-25 07:24:46.719226,0 days 00:01:23.627471,0.38621338658369,0.5858186870900526,2,0.07961292360484816,0.15973705511492686,0.052303742490918334,0.0038450316513069555,0.08399053762821648,0.007739590414948024,0.00015741881155805946,20,68,0.03852351716538368,0.2797489204925707,True,False,False,0.00025247895922343255,COMPLETE
507,0.4540087580680848,2025-04-25 07:24:46.874300,2025-04-25 07:26:04.032662,0 days 00:01:17.158362,0.4244913626758993,0.5668641675162197,2,0.08666516629307792,0.1444876877111264,0.053748479020036516,0.004556706032402108,0.08158803111170969,0.004281347858416563,2.1662481355435414e-05,18,65,0.04205720273674399,0.2302183194522951,True,False,False,0.00030429197694770236,COMPLETE
508,0.44185866117477424,2025-04-25 07:26:04.199180,2025-04-25 07:27:31.173122,0 days 00:01:26.973942,0.45590495133314674,0.5331536733585935,2,0.05925298892943848,0.14666116294653436,0.05635115232904801,0.0068679761925231975,0.08602408836610585,0.010795464695624696,2.248888623677931e-05,21,69,0.04069962966882473,0.28434719589868457,True,False,False,0.0005040224124112508,COMPLETE
509,0.37141965031623847,2025-04-25 07:27:31.329228,2025-04-25 07:28:43.025244,0 days 00:01:11.696016,0.4261020593809501,0.8204200792531364,2,0.07532474138397681,0.1496816806846917,0.05225981253879996,0.003371965850530554,0.08242119275252127,0.014652520491930618,2.3868513814190372e-05,20,63,0.04378417134714109,0.2716275522862608,True,False,True,0.00020980552527406982,COMPLETE
510,0.45003978610038764,2025-04-25 07:28:43.192600,2025-04-25 07:30:03.251716,0 days 00:01:20.059116,0.40840598065304484,0.5492470075864379,2,0.09755376511203792,0.12839856197315655,0.05047344049360347,0.0061332707650056245,0.08471123632034881,0.00795372292407398,2.7914879152975213e-05,19,70,0.04073344767781983,0.1626041654505634,True,False,False,0.0004092486916598972,COMPLETE
511,0.4542126774787903,2025-04-25 07:30:03.406650,2025-04-25 07:31:17.267337,0 days 00:01:13.860687,0.41350340045411516,0.5924251101537251,2,0.06836366327162796,0.13599802792109678,0.05545479957482356,0.023016543617589463,0.08349704851835393,0.018305834380700107,1.9684031100180038e-05,17,67,0.03913878461486182,0.2869623239674663,True,False,False,0.00016434543711946572,COMPLETE
