number,value,datetime_start,datetime_complete,duration,params_alpha-eval,params_alpha-train,params_batch-size,params_eps-eval,params_eps-train,params_lambda-actions-eval,params_lambda-actions-train,params_lambda-frames-eval,params_lambda-frames-train,params_learning-rate,params_n-epochs,params_n-frames,params_radius-gw,params_rho,params_std-feats,params_ub-actions,params_ub-frames,params_weight-decay,state
787,0.38947495222091677,2025-04-05 21:46:53.738016,2025-04-05 21:47:25.576879,0 days 00:00:31.838863,0.7239495409592281,0.037837411483287633,8,0.07085419595373613,0.06813588057805389,0.021079999395759292,0.058478972680426865,0.01747289677816092,0.016556181233030497,0.0004871183292081501,26,67,0.09693922260119257,0.18344249705515134,False,False,True,1.0190114078678533e-06,COMPLETE
788,0.48720597028732304,2025-04-05 21:47:25.817728,2025-04-05 21:47:57.986567,0 days 00:00:32.168839,0.6993386088588878,0.07515498830221895,8,0.0601979839680143,0.0660137874438541,0.017766930881744723,0.06045677304719838,0.01619674546986698,0.013565519234777999,0.0006228158880254876,26,77,0.09787666653026939,0.19236915092090578,False,False,True,3.9867145428398245e-07,COMPLETE
789,0.48795987367630006,2025-04-05 21:47:58.245214,2025-04-05 21:48:30.911504,0 days 00:00:32.666290,0.694270921198249,0.04905171307553136,8,0.0554384742696712,0.06646782002134272,0.016451086578356613,0.06310778634721018,0.015503421050780633,0.014315578061635987,0.0005678695399416096,27,77,0.0999155459052744,0.1997400759531065,False,False,True,3.736474831201028e-07,COMPLETE
790,0.3885951399803162,2025-04-05 21:48:31.156457,2025-04-05 21:49:03.555254,0 days 00:00:32.398797,0.7413723440552107,0.01637169145301634,8,0.05446855856492168,0.06487749600887312,0.015554676701523378,0.06456017990923908,0.014988988585637965,0.014647535907993947,0.0004197258381984252,27,72,0.09988930656360406,0.19877870787430318,False,False,True,2.761393020757242e-07,COMPLETE
791,0.37032186388969424,2025-04-05 21:49:03.811119,2025-04-05 21:49:36.733711,0 days 00:00:32.922592,0.7186506338433838,0.728881520775653,8,0.05541879092237016,0.07738902442714175,0.019340641509143247,0.06581714233478655,0.019316503916792738,0.015154116298631302,0.0005625831008753794,27,78,0.09670221272307247,0.20288644533596334,False,False,True,4.1830497269425135e-07,COMPLETE
792,0.37095977663993834,2025-04-05 21:49:36.991343,2025-04-05 21:50:10.832646,0 days 00:00:33.841303,0.7014464715734402,0.03538241226884747,8,0.06854031890137784,0.06805993851173696,0.017388295105950774,0.0644294565363871,0.020478553828624933,0.013435455645413425,0.0004379037669051279,28,75,0.09830250393564814,0.19502075989094558,False,True,True,3.391555351357672e-07,COMPLETE
793,0.4699457347393036,2025-04-05 21:50:11.076714,2025-04-05 21:50:43.515645,0 days 00:00:32.438931,0.7509406389969852,0.04842861167902776,8,0.06257070935907563,0.07453551931412,0.020207038740077767,0.06295402597372114,0.018014160269257205,0.0156374374101733,0.000546399137855437,27,80,0.09993306129292207,0.18853919806318292,False,False,True,6.822124080879767e-07,COMPLETE
794,0.35625240802764896,2025-04-05 21:50:43.771734,2025-04-05 21:51:18.889042,0 days 00:00:35.117308,0.6907209377336525,0.028713673336642695,8,0.07140578591419894,0.06298769037112201,0.013694947579322145,0.06177499038440498,0.015310210044508296,0.017137806498534143,0.0006500268799413147,28,81,0.09640736235238306,0.19987304129799813,True,False,True,5.035351143482399e-07,COMPLETE
795,0.41121997833251955,2025-04-05 21:51:19.146117,2025-04-05 21:51:51.126766,0 days 00:00:31.980649,0.7205273602319087,0.053918484788979974,8,0.11343202209845324,0.06736904160373217,0.02188942985707365,0.059717730655220146,0.021410927661980723,0.013172008845304858,0.0007373126297625072,26,78,0.09816326027910133,0.18973053010963067,False,False,True,1.2663303461416877e-06,COMPLETE
796,0.34973230957984924,2025-04-05 21:51:51.371682,2025-04-05 21:52:24.999822,0 days 00:00:33.628140,0.6754755676935068,0.01104393298803516,8,0.059721865667771,0.08088055886483667,0.018349590445219104,0.06188631184441302,0.01816543552299102,0.017226897952732863,0.0007163897851908239,28,75,0.09639333596914305,0.1821465596253996,False,False,True,9.005850872593176e-07,COMPLETE
797,0.30009874105453493,2025-04-05 21:52:25.255593,2025-04-05 21:52:57.178594,0 days 00:00:31.923001,0.7079116633743331,0.6946633963425395,8,0.2744992332757309,0.07255064685855672,0.01945547452443467,0.0577151644371023,0.014288041640436443,0.01998613618296391,0.00037480170703948156,26,69,0.09995476370797657,0.19385594599176867,False,False,True,4.082636929586863e-07,COMPLETE
798,0.39518762826919557,2025-04-05 21:52:57.437647,2025-04-05 21:53:21.273400,0 days 00:00:23.835753,0.6657798137145515,0.06911897446688678,16,0.05396976353698918,0.06484559320168674,0.011539770617715061,0.06003475627944666,0.01749117043199259,0.016242872206475696,0.00044719949338029946,27,81,0.09826457144094357,0.18564232723223584,False,False,True,2.4122347063063236e-07,COMPLETE
799,0.4899557948112488,2025-04-05 21:53:21.517415,2025-04-05 21:53:54.059835,0 days 00:00:32.542420,0.6928108619323325,0.05094890179089275,8,0.06533626891395138,0.07220671120442869,0.021525783354165495,0.05756513003949225,0.01591424360666347,0.013251815488014965,0.0006426963740298896,27,78,0.09618609122416334,0.18448329069120092,False,False,True,4.906133139528466e-07,COMPLETE
800,0.34800122976303105,2025-04-05 21:53:54.317692,2025-04-05 21:54:27.461310,0 days 00:00:33.143618,0.6963459908794987,0.0348640869111284,8,0.07395441475406304,0.08130221066584715,0.022177149947855013,0.06367643132745407,0.01955599168325716,0.018427974435060734,0.0005545633929578071,27,77,0.09990657932634257,0.197395609675747,False,False,True,7.471517582653213e-07,COMPLETE
801,0.4671347141265869,2025-04-05 21:54:27.725633,2025-04-05 21:55:00.465372,0 days 00:00:32.739739,0.7285593072232043,0.0457114807287846,8,0.07103876314410511,0.07403018426553211,0.021034264865759333,0.057895766401098364,0.016351277004092467,0.013663289521698672,0.0005231868568241814,27,82,0.09543692211114524,0.1899983527881656,False,False,True,5.233037573453131e-07,COMPLETE
802,0.34894741773605353,2025-04-05 21:55:00.710749,2025-04-05 21:55:38.335026,0 days 00:00:37.624277,0.7578333009575006,0.026510947370689587,8,0.06566357427489874,0.07053629344050734,0.01739842003503215,0.06144387578442545,0.021037552700257374,0.015564266233393974,0.0006202976959505441,28,69,0.0960959583329194,0.18355753438930544,False,False,False,3.089365644790888e-07,COMPLETE
803,0.355638986825943,2025-04-05 21:55:38.592419,2025-04-05 21:56:10.421439,0 days 00:00:31.829020,0.6901568711325947,0.0455972229601615,8,0.07505898393774882,0.07809093429055082,0.022634098621586062,0.059513329662577934,0.018626675475209402,0.01806255661381734,0.000543924796339261,26,79,0.09810448204500322,0.1937586145777747,False,False,True,5.961475956349022e-07,COMPLETE
804,0.2898926675319672,2025-04-05 21:56:10.683273,2025-04-05 21:56:43.605073,0 days 00:00:32.921800,0.7136359050503848,0.06438015391102736,8,0.2840771650970849,0.08466765319804875,0.015888252276767913,0.06383159420095523,0.01499779196468694,0.020613678420359233,0.00043559456118370327,27,75,0.09576688195707288,0.18767245259320742,False,False,True,4.137237985219429e-07,COMPLETE
805,0.4861107707023621,2025-04-05 21:56:43.854291,2025-04-05 21:57:16.007085,0 days 00:00:32.152794,0.6866302861428846,0.059381092419242575,8,0.06556893759905809,0.06531436275289795,0.021664087454492706,0.057573273606714485,0.016169621643132952,0.014871741518387013,0.0007409033242060772,26,82,0.09675716556095781,0.18315943766530654,False,False,True,7.836997903794065e-07,COMPLETE
806,0.356181138753891,2025-04-05 21:57:16.270245,2025-04-05 21:57:49.399611,0 days 00:00:33.129366,0.7387476762536118,0.025404305678827743,8,0.07864720558660265,0.0881806131430168,0.019893132010801673,0.06197953805606092,0.021036719191561318,0.01979822164712511,0.0006209551177732988,28,77,0.09988381061932183,0.2025182876596448,False,False,True,1.086316567084406e-06,COMPLETE
807,0.3995539307594299,2025-04-05 21:57:49.660971,2025-04-05 21:58:22.062190,0 days 00:00:32.401219,0.6684217628670219,0.011818193853771738,8,0.06989265478808515,0.06369351957241795,0.017782473386078232,0.06002944167470884,0.01787130585531857,0.017142834775980068,0.0007519910083189875,27,73,0.09996833108614567,0.1956513025088495,False,False,True,3.613201178369056e-07,COMPLETE
808,0.38969762325286866,2025-04-05 21:58:22.310318,2025-04-05 21:58:55.043926,0 days 00:00:32.733608,0.7077483294948995,0.06868242213238059,8,0.06621649483832513,0.07217109699657025,0.020532384404273293,0.057934404782001236,0.015063024612990568,0.013104130097754772,0.0004592933283635965,27,79,0.09521258534932153,0.18559198796916523,False,False,True,5.187210458232413e-07,COMPLETE
809,0.4895052790641785,2025-04-05 21:58:55.306552,2025-04-05 21:59:27.459828,0 days 00:00:32.153276,0.6810287268654257,0.04939420372519772,8,0.06147346735874581,0.0776160999635199,0.014115919198406001,0.06486185262030823,0.022033707341704074,0.016082918588958262,0.0007959762035281659,26,82,0.09794846130848822,0.20311461474165102,False,False,True,6.945306264456902e-07,COMPLETE
810,0.4012455224990845,2025-04-05 21:59:27.726224,2025-04-05 22:00:00.091909,0 days 00:00:32.365685,0.6763843919163953,0.044108336209201265,8,0.060173740876103575,0.0823384432060208,0.008176222751102316,0.06502872773049298,0.01934009170952714,0.01923715514358528,0.0006387402760606508,26,83,0.05024287323441424,0.2006645516352,False,False,True,6.966794964525139e-07,COMPLETE
811,0.4773910999298096,2025-04-05 22:00:00.342548,2025-04-05 22:00:32.993490,0 days 00:00:32.650942,0.6653055693406092,0.040671829003613165,8,0.054906101577096286,0.07743132560999175,0.01286775898572419,0.06295378008182775,0.017444690674157857,0.01791631134399042,0.0007561131865406775,27,79,0.09994666683204706,0.20411829055635955,False,False,True,8.480332449288372e-07,COMPLETE
812,0.3512625217437744,2025-04-05 22:00:33.255414,2025-04-05 22:01:05.561090,0 days 00:00:32.305676,0.6872169308639842,0.055010081182277126,8,0.061676390514892855,0.08812131974415827,0.015676911219102554,0.06855801533202105,0.014973500813047864,0.0209283739848189,0.0005135231533591443,26,83,0.09819257152624726,0.20398289467167824,False,False,True,4.6291896787802136e-07,COMPLETE
813,0.28615721464157107,2025-04-05 22:01:05.810133,2025-04-05 22:01:39.223512,0 days 00:00:33.413379,0.6618101586060893,0.03497150393460946,8,0.052817160211797935,0.07460226162991672,0.012474453419615195,0.06650577475070941,0.016796594678541964,0.015375567362931344,0.0008017045929774052,26,77,0.09806796326460866,0.1951127954697071,True,True,True,5.643865566039781e-07,COMPLETE
814,0.4910877108573914,2025-04-05 22:01:39.483605,2025-04-05 22:02:11.917166,0 days 00:00:32.433561,0.6850538751993881,0.07211021818404166,8,0.060987265325469185,0.06934531584890397,0.01552738913819984,0.06549760334185482,0.020250904562107014,0.01379264152652321,0.0006344490576539719,26,82,0.09804898350781852,0.18920760965684508,False,False,True,1.3614045416190257e-06,COMPLETE
815,0.39952980875968935,2025-04-05 22:02:12.178967,2025-04-05 22:02:44.250853,0 days 00:00:32.071886,0.6819821069662666,0.056112920506002306,8,0.06202490254251375,0.07051598465768714,0.014908322666994362,0.0668300693366805,0.022924897519883802,0.012966498479597213,0.0005016804913715396,26,81,0.03735870285549054,0.19172489153636837,False,False,True,1.542320350783713e-06,COMPLETE
816,0.3960058689117432,2025-04-05 22:02:44.519126,2025-04-05 22:04:15.385037,0 days 00:01:30.865911,0.6619313796450348,0.6328917125063741,2,0.06134386109626093,0.07989353326791357,0.013782697999012893,0.06588584712805383,0.02062720287691035,0.014791311960911954,0.00037030102951065094,27,83,0.09823921384084452,0.20042483810949124,False,False,True,1.1168716118032124e-06,COMPLETE
817,0.3611703276634216,2025-04-05 22:04:15.636654,2025-04-05 22:04:48.946780,0 days 00:00:33.310126,0.6867496976237778,0.013672222251451913,8,0.10508202739637798,0.09392190234307798,0.011233060533081745,0.06534126588439777,0.020280410727123603,0.012883459876254742,0.0005860483296609682,28,72,0.09996544012085151,0.1894009066416384,False,False,True,1.02808844202198e-06,COMPLETE
818,0.48749145269393923,2025-04-05 22:04:49.210669,2025-04-05 22:05:20.880363,0 days 00:00:31.669694,0.6634850568864661,0.07076072444581236,8,0.06692278267171148,0.0667731008812097,0.016628797632845648,0.062294694539807564,0.01938365790287868,0.01654233951042769,0.000680160487949646,26,75,0.09779158543047929,0.19503301290209174,False,False,True,1.3088741015897313e-06,COMPLETE
819,0.4578833997249604,2025-04-05 22:05:21.148187,2025-04-05 22:05:53.979165,0 days 00:00:32.830978,0.6927380521902329,0.030825209887513867,8,0.0725050238800681,0.0750978537703531,0.015268786479691317,0.07059807385417564,0.022832555509460457,0.012848803419774537,0.0006244866140019406,27,79,0.09799468528629218,0.18900196282776566,False,False,True,6.289588988910353e-07,COMPLETE
820,0.3940346896648407,2025-04-05 22:05:54.229939,2025-04-05 22:06:26.340758,0 days 00:00:32.110819,0.6635620401827497,0.05911027998623975,8,0.0574401545341515,0.06843646345656278,0.01848374915298525,0.06794932300689366,0.01856193122027333,0.014472088792315735,0.0004309619113670043,26,81,0.09665268178330477,0.20263406561222125,False,False,True,2.015192108680768e-07,COMPLETE
821,0.49143596887588503,2025-04-05 22:06:26.605435,2025-04-05 22:06:58.953255,0 days 00:00:32.347820,0.7041872062657358,0.043013914833576465,8,0.06380321237629426,0.06385520080468075,0.01700293738165659,0.06417992291038746,0.021388901191759055,0.01679752841593033,0.0005225396649869418,26,77,0.09825410893985959,0.19627438630545493,False,False,True,3.155387673551352e-07,COMPLETE
822,0.35713981389999394,2025-04-05 22:06:59.220302,2025-04-05 22:07:35.372513,0 days 00:00:36.152211,0.7129641062118136,0.07298616284461437,8,0.07826778603942372,0.07826271763035952,0.019289503452529756,0.0660093583876366,0.021942411775120362,0.017854754153649555,0.00035703246314728666,26,84,0.07788936173083814,0.18611779545254228,False,False,False,9.136109365540288e-07,COMPLETE
823,0.3917413890361786,2025-04-05 22:07:35.624303,2025-04-05 22:08:07.585881,0 days 00:00:31.961578,0.678264580856259,0.02528423354180489,8,0.06680453501115176,0.062332801670878714,0.01379340184323724,0.0639803636022098,0.022723199877866092,0.016899006731861038,0.0006819930121100117,26,83,0.09544606099495224,0.19132031680338046,False,False,True,7.351349092601173e-07,COMPLETE
824,0.4664480149745941,2025-04-05 22:08:07.852929,2025-04-05 22:08:39.992646,0 days 00:00:32.139717,0.7018196409828462,0.05127430904468609,8,0.07481323073303907,0.07404310248403839,0.02083589636718043,0.06889317353010563,0.0240461680832035,0.018724553707340368,0.0005025132352397468,26,79,0.09662704893960578,0.1826728711996218,False,False,True,2.874229326830295e-07,COMPLETE
825,0.4861055791378021,2025-04-05 22:08:40.261442,2025-04-05 22:09:12.451010,0 days 00:00:32.189568,0.6621746261986948,0.07486509534475297,8,0.06340583730801276,0.06299488729275994,0.009401403633188985,0.06410756853439839,0.020619871582494197,0.01616898141176101,0.0008261413928845879,26,75,0.09806463797885091,0.19535936492352993,False,False,True,1.3219535889073478e-06,COMPLETE
826,0.3496878266334534,2025-04-05 22:09:12.705754,2025-04-05 22:09:45.248790,0 days 00:00:32.543036,0.7224279666663516,0.011242907623504744,8,0.07016345976347013,0.08291940755728278,0.01788393479550618,0.06113291773518318,0.021323781357872072,0.01940927953053387,0.0006218830299513304,27,71,0.09619628552111309,0.1826655146643893,False,False,True,4.744878630320866e-07,COMPLETE
827,0.2925188899040222,2025-04-05 22:09:45.518808,2025-04-05 22:10:17.523391,0 days 00:00:32.004583,0.6809625631355454,0.03809735076699427,8,0.2627923600812202,0.07019707135288457,0.02252804330981171,0.06580230886377439,0.01843783930197317,0.01627932367291419,0.0007876270290625936,26,81,0.09468268988957074,0.1869636428747474,False,False,True,6.244424454861064e-07,COMPLETE
828,0.4660045802593231,2025-04-05 22:10:17.791398,2025-04-05 22:10:49.995023,0 days 00:00:32.203625,0.7019673826367889,0.076315139036051,8,0.08153094193540819,0.07189096450394455,0.022583304558912352,0.06055902818411072,0.018893025395472975,0.013376998882837799,0.0005219382468242896,26,83,0.09996946330529899,0.18966222504962665,False,False,True,3.527133147887028e-07,COMPLETE
829,0.3943000376224518,2025-04-05 22:10:50.247701,2025-04-05 22:11:23.146838,0 days 00:00:32.899137,0.6571198512483835,0.054724517446301746,8,0.06303271241619277,0.06511144150501785,0.018393978088447283,0.06384880643012336,0.021097901000515163,0.01747548717828247,0.0003054815801404121,27,76,0.09795814625146389,0.1963740577351945,False,False,True,9.005117717149099e-07,COMPLETE
830,0.3898168385028839,2025-04-05 22:11:23.412942,2025-04-05 22:11:56.048666,0 days 00:00:32.635724,0.6751951543521825,0.07496914805470109,8,0.07138113777236126,0.07684149709262651,0.015116978352672937,0.06182113261774209,0.02406556024267969,0.020552275521920287,0.0004277203277121373,27,80,0.09492784237494048,0.20533363387304826,False,False,True,1.5401499090185589e-06,COMPLETE
831,0.39053989052772525,2025-04-05 22:11:56.319541,2025-04-05 22:12:28.606875,0 days 00:00:32.287334,0.710285550055783,0.040234021146437364,8,0.06657789180389952,0.061567206810349585,0.02062509929145974,0.05915283941869173,0.016852752334576736,0.015561517852160813,0.0007058820954383584,26,84,0.09661227583517236,0.17981236504184261,False,True,True,5.121093155090323e-07,COMPLETE
832,0.35050212144851683,2025-04-05 22:12:28.865690,2025-04-05 22:13:04.183550,0 days 00:00:35.317860,0.6896737745816162,0.06102611543588534,8,0.0774771169826157,0.08573996545889215,0.02337924996334443,0.06783431406200427,0.019713573157891767,0.018269519455774992,0.0007773644518513249,28,79,0.09808762887178443,0.18999348375873548,True,False,True,2.33131087052188e-07,COMPLETE
833,0.48555976152420044,2025-04-05 22:13:04.451198,2025-04-05 22:13:36.541883,0 days 00:00:32.090685,0.7246748380127376,0.07865479282798096,8,0.060068681396731625,0.06872972947139033,0.0173289864476078,0.05968085902770272,0.01844951505845003,0.013027862338299128,0.0006353679437561826,26,74,0.09511680580817103,0.18296786044877447,False,False,True,4.312153761516894e-07,COMPLETE
834,0.4094735860824585,2025-04-05 22:13:36.810337,2025-04-05 22:14:09.834955,0 days 00:00:33.024618,0.6731133262187791,0.030201472696512435,8,0.0709277923382988,0.060993849662565464,0.01960499834649508,0.06476361273441958,0.022381295852793845,0.014904653517608866,0.0008204826073665135,27,84,0.0981453995032783,0.19660434983113853,False,False,True,2.836032668086413e-07,COMPLETE
835,0.4826170802116394,2025-04-05 22:14:10.090729,2025-04-05 22:14:42.464341,0 days 00:00:32.373612,0.6555394755658392,0.054055658747951124,8,0.06365735335788907,0.07751965684688523,0.02372699307509067,0.057646438703960946,0.017019301603948826,0.018993825028313743,0.0004897896939567404,26,78,0.0999904194044469,0.1809214544409998,False,False,True,6.594496090416335e-07,COMPLETE
836,0.48685598373413086,2025-04-05 22:14:42.735437,2025-04-05 22:15:16.436882,0 days 00:00:33.701445,0.695667966940342,0.08066372911673164,8,0.07527521705066377,0.0693021681254107,0.02176312360191245,0.06216323726277305,0.014320204012919883,0.016905834552590135,0.000615708221055973,28,81,0.09663165939000758,0.19140981226666676,False,False,True,7.996636283217465e-07,COMPLETE
837,0.3572772741317749,2025-04-05 22:15:16.706997,2025-04-05 22:16:46.268072,0 days 00:01:29.561075,0.7340755754213006,0.0425053834073893,2,0.05894929088040279,0.09031546050923987,0.016104073803378593,0.05928555043204088,0.02011846860675431,0.02154747088749728,0.000815013184013339,27,82,0.09800388907716788,0.1850471684868965,False,False,True,1.0240103098007952e-06,COMPLETE
838,0.39572811722755435,2025-04-05 22:16:46.526935,2025-04-05 22:17:18.362982,0 days 00:00:31.836047,0.6775360931220791,0.39382901884315175,8,0.06863198313342042,0.06276679750932242,0.014102869983940482,0.06108397353334084,0.016590739593928525,0.015207868283070518,0.0006660254059499656,26,84,0.09479265662833164,0.19897561558950802,False,False,True,1.6087182853396374e-06,COMPLETE
839,0.47297641038894656,2025-04-05 22:17:18.635145,2025-04-05 22:17:51.183918,0 days 00:00:32.548773,0.6991396755338591,0.0669016597016393,8,0.0803937617342417,0.07266917684881213,0.020425234938374975,0.056889008692314995,0.01793829431123314,0.012598691020796714,0.0005510954765860454,26,76,0.09635032930989684,0.17934945383846318,False,False,True,3.5938227965084073e-07,COMPLETE
840,0.3557121574878693,2025-04-05 22:17:51.456821,2025-04-05 22:18:28.194809,0 days 00:00:36.737988,0.6550793761624022,0.010421256239309756,8,0.05516885847978804,0.08157173796688244,0.011640392740043444,0.06334033793486525,0.025642976925158,0.019821805108596748,0.0008328923120578001,27,73,0.09813585532189094,0.19149492875675042,False,False,False,5.57289201470777e-07,COMPLETE
841,0.3881934225559235,2025-04-05 22:18:28.453122,2025-04-05 22:19:00.657629,0 days 00:00:32.204507,0.7123695806085643,0.08199370973996065,8,0.0625891070486474,0.06776799503482817,0.02366011796023379,0.06675390078844722,0.021105441744582426,0.01772847916391943,0.0003946052821331684,26,79,0.09459571204024039,0.20605547061979823,False,False,True,4.386342920989252e-07,COMPLETE
842,0.4922691822052002,2025-04-05 22:19:00.927669,2025-04-05 22:19:34.482391,0 days 00:00:33.554722,0.6826492467352533,0.05447434777892392,8,0.07240773748389377,0.06185852537819812,0.019278812500320076,0.058107654831398896,0.014243028860840484,0.014785971159011138,0.0007068912078671409,28,86,0.09814789338164902,0.18647321656466234,False,False,True,1.0606231945765045e-06,COMPLETE
