number,value,datetime_start,datetime_complete,duration,params_alpha-eval,params_alpha-train,params_batch-size,params_eps-eval,params_eps-train,params_lambda-actions-eval,params_lambda-actions-train,params_lambda-frames-eval,params_lambda-frames-train,params_learning-rate,params_n-epochs,params_n-frames,params_radius-gw,params_rho,params_std-feats,params_ub-actions,params_ub-frames,params_weight-decay,state
1739,0.4239602446556091,2025-04-06 07:52:23.380548,2025-04-06 07:52:57.212759,0 days 00:00:33.832211,0.7623370505092145,0.06591995501297475,8,0.0847293812954732,0.061101524836637985,0.016002080066326578,0.012365088171659544,0.019529917616284566,0.006141818150924376,0.0009091268899084242,28,76,0.09801831016781987,0.16690059716388778,False,False,True,2.5735831859857707e-06,COMPLETE
1740,0.4093899130821228,2025-04-06 07:52:57.791071,2025-04-06 07:54:27.701687,0 days 00:01:29.910616,0.6698181800823566,0.09699769205905136,2,0.07044559392764851,0.06788763869854378,0.012795794280037883,0.006582380049337251,0.017420874521771396,0.008709798701340006,0.0014101791208279253,27,84,0.09526896920819637,0.14433661150831975,False,False,True,1.8869883637612488e-06,COMPLETE
1741,0.3718753337860108,2025-04-06 07:54:28.257103,2025-04-06 07:55:02.413765,0 days 00:00:34.156662,0.6994491738621915,0.7552960121618952,8,0.06224290143854086,0.05700547804903395,0.014240749770676474,0.008737298289916788,0.021763198009421805,0.019746874467100786,0.0006491730956532482,29,78,0.09841813921071384,0.21362362808317645,False,False,True,8.376783743478981e-07,COMPLETE
1742,0.28615721464157107,2025-04-06 07:55:02.997430,2025-04-06 07:55:36.990015,0 days 00:00:33.992585,0.6201955702094167,0.040389796320917014,8,0.05368847792397643,0.07418422510811765,0.016159992996874598,0.01572297896679906,0.02617039162579803,0.016729556329996016,0.0007656671554127615,28,81,0.0968072386928265,0.15478703952435904,False,True,True,1.3018311653740746e-06,COMPLETE
1743,0.35008418560028076,2025-04-06 07:55:37.544655,2025-04-06 07:56:12.049489,0 days 00:00:34.504834,0.7264186640577635,0.1378297535513783,8,0.06795294273474745,0.06497094534114668,0.0590280011007716,0.017473532606528494,0.018358220913691773,0.003364637319083037,0.0004324023599951985,27,74,0.094122248794249,0.16377605969951073,True,False,True,5.894570930831076e-07,COMPLETE
1744,0.4123149156570435,2025-04-06 07:56:12.630973,2025-04-06 07:56:44.753654,0 days 00:00:32.122681,0.6481881916552972,0.01139444950334239,8,0.06014759474338946,0.0714782034986718,0.00800034763880759,0.0034429147793806564,0.016159214223742183,0.010689069712629399,0.0005578068177146598,26,90,0.09843006958308202,0.20838569705098878,False,False,True,2.101915067596042e-06,COMPLETE
1745,0.3937975823879242,2025-04-06 07:56:45.314285,2025-04-06 07:57:09.336719,0 days 00:00:24.022434,0.676955173447156,0.08670504372196738,16,0.04580380214310224,0.08142062745909248,0.012639072438426019,0.01134070746625528,0.01298668392598436,0.007542213909719962,0.0011527249781168182,28,67,0.09996245784256323,0.17172395388291636,False,False,True,3.0394702082595824e-06,COMPLETE
1746,0.42987436056137085,2025-04-06 07:57:09.917378,2025-04-06 07:57:42.772107,0 days 00:00:32.854729,0.7917498930837533,0.05948526514875771,8,0.07366827043841206,0.055216717297555014,0.0041614277705592645,0.00859966685951963,0.02094135948655261,0.0012411011825451132,0.0009515371375011025,27,86,0.09608523692410623,0.2055584742874939,False,False,True,1.0044770665708093e-06,COMPLETE
1747,0.3970485866069794,2025-04-06 07:57:43.338124,2025-04-06 07:58:02.627034,0 days 00:00:19.288910,0.7003312243303175,0.10966136477449977,8,0.03699235831808797,0.0627091625435363,0.04681109740969222,0.019553486171530902,0.023348684624491387,0.012231060992676054,0.0007974569761131011,8,82,0.0937260863396747,0.2189776010533845,False,False,True,7.05998965541516e-07,COMPLETE
1748,0.35094071030616764,2025-04-06 07:58:03.213256,2025-04-06 07:58:36.904409,0 days 00:00:33.691153,0.6631029680495257,0.028652989147862483,8,0.06478957430376375,0.07711614646512473,0.014324452344325337,0.03658589685080954,0.015459342753056679,0.021115358137399082,0.0005977898585870175,28,78,0.09696101904926555,0.17249378434979892,False,False,True,1.486896389249702e-06,COMPLETE
1749,0.37439364790916446,2025-04-06 07:58:37.467369,2025-04-06 07:59:10.161251,0 days 00:00:32.693882,0.717633276210805,0.07815794541919398,8,0.05189699397897254,0.08937841362067281,0.01664705438333631,0.06765476236283614,0.0197035852172903,0.01845685111536612,0.0012850808926536284,27,74,0.0909523804016346,0.1502832975749351,False,False,True,8.772454057130072e-07,COMPLETE
1750,0.48894662857055665,2025-04-06 07:59:10.717957,2025-04-06 07:59:43.002232,0 days 00:00:32.284275,0.6873820110236303,0.053592473954454885,8,0.05693525415825362,0.05182000105662596,0.010186379329826838,0.01407089885076298,0.017405298370131304,0.01609219809729614,0.0006721472330155465,26,71,0.09999557186763992,0.20192569725802115,False,False,True,1.1826657857398657e-06,COMPLETE
1751,0.3488818347454071,2025-04-06 07:59:43.579618,2025-04-06 08:00:21.600957,0 days 00:00:38.021339,0.7342380252211222,0.07386616871255047,8,0.07114623286677785,0.06669768664458901,0.015415894622321917,0.011535702458613394,0.026761926032861406,0.0010051275671362284,0.0010084174172799029,28,84,0.09538342698252021,0.21195998933649773,False,False,False,5.671846053396561e-07,COMPLETE
1752,0.4900083541870117,2025-04-06 08:00:22.160669,2025-04-06 08:00:54.854875,0 days 00:00:32.694206,0.640842847135,0.044321101369048696,8,0.06055074530621548,0.07201038224824594,0.0026114398060627817,0.0707490646867338,0.014760045324699135,0.009669056939051719,0.0005016899826915428,27,79,0.09824202520412106,0.16045905853211911,False,False,True,1.779246358677961e-06,COMPLETE
1753,0.4150830447673798,2025-04-06 08:00:55.431347,2025-04-06 08:02:22.271366,0 days 00:01:26.840019,0.6712441841233965,0.09428594458415894,2,0.07896619188178076,0.05983424472842381,0.04974454762483441,0.0076098400833381555,0.011021560389485771,0.013992398924507737,0.0008397734981873982,26,88,0.08852738763300123,0.19803321898860132,False,False,True,6.858914807735662e-07,COMPLETE
1754,0.3542712330818177,2025-04-06 08:02:22.826569,2025-04-06 08:02:57.571033,0 days 00:00:34.744464,0.703715531383124,0.010167129327922943,8,0.06568220274643721,0.08349651648591609,0.006496607607242391,0.01491817101761242,0.05456991830623768,0.07403657959119563,0.0017852336260973962,30,76,0.09689684309421649,0.16635263005436454,False,False,True,2.358759667099687e-06,COMPLETE
1755,0.39537151455879216,2025-04-06 08:02:58.154647,2025-04-06 08:03:32.547515,0 days 00:00:34.392868,0.6130070172484112,0.7007340193160427,8,0.049772310366884426,0.07734294551707413,0.012214777754984293,0.07339765351783506,0.02230514980376651,0.007353758106044259,0.0011079843786215842,29,81,0.06376342618529036,0.1956448009522371,False,False,True,1.2585364790793386e-06,COMPLETE
1756,0.4626282095909119,2025-04-06 08:03:33.104621,2025-04-06 08:04:06.189319,0 days 00:00:33.084698,0.3201690516101569,0.06331405085295971,8,0.022577509698878943,0.06672460888142143,0.0010421602900969303,0.005661694670300815,0.017786665775528628,0.004852494914074542,0.0007492439628431908,27,85,0.09260360846226562,0.17536424117671798,False,False,True,8.864784350024075e-07,COMPLETE
1757,0.3574925482273102,2025-04-06 08:04:06.773491,2025-04-06 08:04:40.920121,0 days 00:00:34.146630,0.748295186457072,0.11907713941390263,8,0.05902884069320929,0.16093189715730893,0.017277698511552444,0.06631230293338697,0.02450015262309485,0.016650432033951577,0.0003850920046800348,29,73,0.0984388749567899,0.20521886255214247,False,False,True,1.485038486429329e-06,COMPLETE
1758,0.3514937698841095,2025-04-06 08:04:41.479126,2025-04-06 08:05:15.188544,0 days 00:00:33.709418,0.6554825413438089,0.9512967980989953,8,0.07263915191621798,0.061182628127314245,0.01449094407378388,0.023694822366954114,0.02004353387716191,0.024885431048824624,0.000601753322934964,28,92,0.09452426807371851,0.18123337386166025,False,False,True,3.623507367076668e-06,COMPLETE
1759,0.4887325406074524,2025-04-06 08:05:15.774837,2025-04-06 08:05:48.569966,0 days 00:00:32.795129,0.6887322765655804,0.0402668798469997,8,0.06591326152934066,0.07246317683095713,0.011008281010842984,0.079163275145244,0.012569218923587219,0.011642346686482785,0.0008854172441582908,27,82,0.09649994315369535,0.20066022822897567,False,False,True,5.233571630361369e-07,COMPLETE
1760,0.28615721464157107,2025-04-06 08:05:49.132224,2025-04-06 08:06:21.535269,0 days 00:00:32.403045,0.7143624709545485,0.08652047909697383,8,0.05506466247142487,0.053702037394404385,0.05249803816171089,0.010037576925969348,0.016298233040089465,0.02066438888661169,0.0013156879843568042,26,78,0.09813580366232047,0.1933319717112688,False,True,True,1.04480096462926e-06,COMPLETE
1761,0.4894272208213807,2025-04-06 08:06:22.117480,2025-04-06 08:06:55.602273,0 days 00:00:33.484793,0.6346781683874475,0.06762833724191984,8,0.08264951144646365,0.06471493887821286,0.018104746233238208,0.06532716488993467,0.01975553025440007,0.014822970108846792,0.0006837915004848818,28,69,0.09496147138151335,0.21899271584456076,False,False,True,7.154004566922005e-07,COMPLETE
1762,0.3830399036407471,2025-04-06 08:06:56.164072,2025-04-06 08:07:29.656962,0 days 00:00:33.492890,0.675295680030899,0.46977975861008703,8,0.04942403249771801,0.0796325378178898,0.016108612016132992,0.012051453125530584,0.014712216037743989,0.01829176126840617,0.0004962013765244507,27,87,0.09838369743127683,0.22564748492008213,False,False,True,1.0505418590112932e-07,COMPLETE
1763,0.4872876405715943,2025-04-06 08:07:30.241841,2025-04-06 08:08:03.802462,0 days 00:00:33.560621,0.7000165615188316,0.026737992268313963,8,0.04198419205482273,0.07032402877851428,0.008608279387214418,0.0683306206187955,0.02187455616436455,0.006134772579645368,0.001005278602807988,28,76,0.09998981280111677,0.17243449150704868,False,False,True,2.874322282236884e-06,COMPLETE
1764,0.3757397472858429,2025-04-06 08:08:04.368266,2025-04-06 08:09:35.088191,0 days 00:01:30.719925,0.6555245065463763,0.053617908401926914,2,0.06183736385276334,0.05819459168011949,0.013554058109361597,0.0038951296768968057,0.01832655479110817,0.00959657802748242,0.0007720039525624129,26,80,0.09651584609959861,0.20748217271834776,True,False,True,1.940721179526562e-06,COMPLETE
1765,0.3194536149501801,2025-04-06 08:09:35.672581,2025-04-06 08:10:07.030889,0 days 00:00:31.358308,0.7638648657315611,0.9295787681944407,8,0.06997387727749602,0.08613970218511623,0.017586542229415872,0.0642490150870543,0.013904858898700898,0.013242683586960015,0.0015817912193565541,25,84,0.019773993288154143,0.19152675941188763,False,False,True,8.567305799800928e-07,COMPLETE
1766,0.4734704911708832,2025-04-06 08:10:07.595186,2025-04-06 08:10:40.548206,0 days 00:00:32.953020,0.726689295632977,0.10000736638098695,8,0.07577084465554536,0.04809644082123918,0.006074182832855629,0.07031012124882312,0.016320207746573757,0.016311848817663246,0.0009363294526003783,27,90,0.09386613405146207,0.18229409201184515,False,False,True,5.51830686382062e-07,COMPLETE
1767,0.3496539950370789,2025-04-06 08:10:41.138279,2025-04-06 08:11:15.334977,0 days 00:00:34.196698,0.684558829940448,0.08033465640652485,8,0.05586342221499236,0.07524218905386443,0.015389756865985083,0.013655853464710557,0.009962521009493148,0.011609850105909238,0.000638826745328377,29,64,0.00423132010656338,0.19820965405465085,False,False,True,1.225755203821059e-06,COMPLETE
1768,0.4781015753746033,2025-04-06 08:11:15.905273,2025-04-06 08:11:39.710946,0 days 00:00:23.805673,0.6672637579566959,0.05081826151345864,16,0.06462296286386317,0.06630829745831819,0.012342050326227455,0.008878547643820716,0.04068901111102179,0.008304419737894923,0.0011576221776510474,28,73,0.0922221514923424,0.17732002830047078,False,False,True,1.6427891129502813e-06,COMPLETE
1769,0.4000482201576233,2025-04-06 08:11:40.301188,2025-04-06 08:12:13.233552,0 days 00:00:32.932364,0.710370708251732,0.11222636104366265,8,0.04582727994450268,0.060394515290754736,0.01815597320939074,0.06693581019516623,0.024231446618180386,0.0038740545235970048,0.00044494852783388063,27,82,0.022751710276877543,0.16803774459840912,False,False,True,2.2585594940891147e-06,COMPLETE
1770,0.35188847184181216,2025-04-06 08:12:13.818977,2025-04-06 08:12:50.294926,0 days 00:00:36.475949,0.7411260143155246,0.06946464744985847,8,0.05840290716537379,0.0709660352768377,0.013602800480782488,0.06386978023449555,0.020026439485290252,0.01820118343562585,0.0005510513260028253,26,78,0.09825331045756927,0.2132858666308303,False,False,False,7.206780111894021e-07,COMPLETE
1771,0.35224536061286926,2025-04-06 08:12:50.887998,2025-04-06 08:13:24.935271,0 days 00:00:34.047273,0.6334123316889932,0.03417303807215301,8,0.06818699848223551,0.08056461757042413,0.0029106653191569394,0.037891027561800954,0.02616278113872264,0.013964014664100459,0.004114447357851046,28,86,0.09571432119493839,0.20414282297300015,False,False,True,1.0626350001111647e-06,COMPLETE
1772,0.34711294174194335,2025-04-06 08:13:25.502718,2025-04-06 08:13:58.337700,0 days 00:00:32.834982,0.689266553735592,0.09186584852458218,8,0.07730792493296396,0.054541276436393726,0.017045563323898588,0.07175306998175456,0.0222402677088988,0.09716564195385827,0.000702513255123837,27,75,0.07517016437079582,0.1876376592311897,False,False,True,6.053012496899806e-07,COMPLETE
1773,0.35548532605171207,2025-04-06 08:13:58.921857,2025-04-06 08:14:32.973953,0 days 00:00:34.052096,0.6531969344960556,0.1341370164796653,8,0.05418081935649795,0.06672361885998472,0.011047194860428239,0.0299642985104828,0.09376970239428616,0.06056798040961482,0.0008391330789961954,29,80,0.0983160236309049,0.19456198897775703,False,False,True,1.3872732773848627e-06,COMPLETE
1774,0.4586308658123016,2025-04-06 08:14:33.541131,2025-04-06 08:15:06.361747,0 days 00:00:32.820616,0.7102944394709786,0.058116209275773906,8,0.10527440044611544,0.0755887828759516,0.004785738255125717,0.042419870331027267,0.01826363259918716,0.023005364101488377,0.0010344353586507853,27,83,0.09637811269004785,0.18430636982069537,False,False,True,8.494565595851508e-07,COMPLETE
1775,0.4824116706848145,2025-04-06 08:15:06.949982,2025-04-06 08:15:38.926097,0 days 00:00:31.976115,0.6749082573664469,0.02491288003578433,8,0.06278733155848515,0.062433579656241606,0.015476784723161281,0.01054457992419347,0.012049344370519452,0.02014385120118313,0.001417914736065241,26,71,0.09377284411169387,0.2007122699805648,False,False,True,1.7237066216034554e-06,COMPLETE
1776,0.4734803080558777,2025-04-06 08:15:39.499106,2025-04-06 08:16:10.840956,0 days 00:00:31.341850,0.4274479994632948,0.0748803495475897,8,0.0695378569144584,0.09126353754830589,0.008705025434850477,0.06608474992393837,0.01633428762587992,0.010138479355234986,0.0008017974017375056,25,78,0.0981875037036058,0.15941626407229254,False,False,True,3.196333936288775e-06,COMPLETE
1777,0.3984445869922638,2025-04-06 08:16:11.432186,2025-04-06 08:17:44.324621,0 days 00:01:32.892435,0.6104090836847996,0.046509614641571086,2,0.08829057916436872,0.07011884781658166,0.019580073695393888,0.08399465623074517,0.020874994909124384,0.015517063881525827,0.000599854485559374,28,89,0.011810056050735582,0.19267064791691213,False,False,True,5.19287474863963e-07,COMPLETE
1778,0.4790109753608704,2025-04-06 08:17:44.889126,2025-04-06 08:18:18.197142,0 days 00:00:33.308016,0.7020934299117046,0.10562106696322063,8,0.050956106515342936,0.08213366084815577,0.01406330025200413,0.0071010979168745735,0.013970365487966587,0.005780016458023168,0.0009173963803313913,27,85,0.09544827642745943,0.18145416311256654,False,False,True,2.4729167060989808e-06,COMPLETE
1779,0.3757624328136444,2025-04-06 08:18:18.789051,2025-04-06 08:18:53.009363,0 days 00:00:34.220312,0.6394884103382,0.07926144750863495,8,0.058974793521560896,0.10025766531082161,0.017181266641727908,0.0272535525299473,0.018177768982608488,0.012464133091149495,0.001143819574501316,28,76,0.09087522577411537,0.17536251286016047,False,True,True,3.889060756745352e-06,COMPLETE
1780,0.3063457429409027,2025-04-06 08:18:53.579990,2025-04-06 08:19:27.836811,0 days 00:00:34.256821,0.7352846287959032,0.05951231446759833,8,0.19832635644400295,0.0581817274159193,0.010731948890895477,0.016996439685094362,0.023354273579051937,0.017764946718201995,0.0007168900888958899,26,81,0.0968141218658741,0.1887651072424023,True,False,True,1.0523956528894813e-06,COMPLETE
1781,0.3962620377540589,2025-04-06 08:19:28.430683,2025-04-06 08:19:45.379910,0 days 00:00:16.949227,0.6655070381217577,0.02929747257796067,8,0.07335880455052256,0.050419685984415444,0.01921467810771321,0.06252612170944284,0.015924192278126335,0.007202018543833269,0.00035507648005029104,5,68,0.09850138336052361,0.20967340058825756,False,False,True,7.290762959322369e-07,COMPLETE
1782,0.38929859399795536,2025-04-06 08:19:45.944558,2025-04-06 08:20:10.509985,0 days 00:00:24.565427,0.6928240943960845,0.09245107413239564,8,0.06484550482566709,0.07505387530750803,0.014796955333531338,0.06484701969224892,0.027500172091162622,0.01474412793125952,0.00046584554306149204,15,83,0.09459104585804932,0.19704570005075045,False,False,True,1.2194343476554713e-06,COMPLETE
1783,0.34423578381538394,2025-04-06 08:20:11.099474,2025-04-06 08:20:43.895501,0 days 00:00:32.796027,0.8063964098035507,0.235728322571289,8,0.037387525436841304,0.13501923295071713,0.01587455111472849,0.08068892858854884,0.019583463164428497,0.010702716638564166,0.0005233288968109543,27,72,0.09668657357529069,0.16953203242839643,False,False,True,2.0125654999337296e-06,COMPLETE
1784,0.48666931390762336,2025-04-06 08:20:44.464158,2025-04-06 08:21:17.978395,0 days 00:00:33.514237,0.725390897768449,0.04708463060773009,8,0.04759625823904753,0.06497079472514854,0.060697750512662234,0.0691756721945233,0.012450821696291409,0.020005377881466217,0.0008284119215309461,28,79,0.0998863157731573,0.2027300026127286,False,False,True,4.687756636969644e-07,COMPLETE
1785,0.38915266990661623,2025-04-06 08:21:18.568872,2025-04-06 08:21:53.866696,0 days 00:00:35.297824,0.6789718412962145,0.11639486995710549,8,0.08312898450182223,0.07203641348651199,0.011908862960742207,0.005666391421891459,0.017417751325079764,0.016187638713929944,4.052331358637679e-05,30,87,0.09998962825649528,0.18972351955034344,False,False,True,8.639254214448924e-07,COMPLETE
1786,0.49189670085906984,2025-04-06 08:21:54.456811,2025-04-06 08:22:27.933353,0 days 00:00:33.476542,0.6601588345279205,0.07054268496080401,8,0.058129398682373254,0.06364511900770221,0.04375745505743967,0.01252151361344404,0.021127204382884693,0.012518562624055637,0.0006606030223498143,27,92,0.09288184239487741,0.17977837927891197,False,False,True,1.5244567156753273e-06,COMPLETE
1787,0.4013190507888794,2025-04-06 08:22:28.504807,2025-04-06 08:23:03.002209,0 days 00:00:34.497402,0.6247018628591592,0.024350715292482075,8,0.04379783036840819,0.05381951697489486,0.04322805189992128,0.015093029963580046,0.0237381282292397,0.01125053306738738,0.0005355532154034934,29,89,0.08937048635349253,0.1640580930085513,False,False,True,1.2683016963355157e-06,COMPLETE
1788,0.4850080251693726,2025-04-06 08:23:03.569176,2025-04-06 08:23:35.895404,0 days 00:00:32.326228,0.5974301447703676,0.044589577355198674,8,0.05171504794340499,0.043628628236245456,0.04946813186729607,0.06201609358441373,0.025601157830946852,0.011891095305803182,0.00042706456780408115,26,93,0.091688806359897,0.16977872457770488,False,False,True,1.0495287747696178e-06,COMPLETE
1789,0.3496585249900818,2025-04-06 08:23:36.487578,2025-04-06 08:24:03.064546,0 days 00:00:26.576968,0.632237836938093,0.0641232676648697,16,0.052731121613747295,0.05878012815794098,0.04614504284012092,0.06398987636482992,0.022303847648001383,0.010281165724092779,0.0005751695024773368,27,90,0.09245325179893579,0.17541223240253098,False,False,False,1.4924408617131683e-06,COMPLETE
1790,0.40175141096115113,2025-04-06 08:24:03.633363,2025-04-06 08:24:37.232030,0 days 00:00:33.598667,0.6406939033733409,0.03458526588118913,8,0.15164248937766894,0.05476835147612432,0.05009190400920982,0.01605501238731595,0.024824323244726724,0.008284139107488687,0.0006414684486231064,28,92,0.09296277991561758,0.17347530839117517,False,False,True,9.82213371926363e-07,COMPLETE
1791,0.4878871202468872,2025-04-06 08:24:37.824751,2025-04-06 08:25:09.938391,0 days 00:00:32.113640,0.6111313645799701,0.06159164011451449,8,0.03081132939605178,0.04644693095730259,0.04536316551869523,0.017590068550471682,0.02292264868205475,0.01001269828256024,0.0004702789336661935,25,92,0.09998317651057359,0.16562158857606107,False,False,True,6.593865039271795e-07,COMPLETE
1792,0.3945962905883789,2025-04-06 08:25:10.509309,2025-04-06 08:26:40.479564,0 days 00:01:29.970255,0.6521688774922427,0.041806358690167425,2,0.04280128543511262,0.061521633742940306,0.04147237915679201,0.019529507466254377,0.02212978262299315,0.013148669492304726,0.0005789115332278287,27,93,0.09416329093017577,0.14730129007088413,False,False,True,1.2379899571168087e-06,COMPLETE
1793,0.4629536628723145,2025-04-06 08:26:41.071481,2025-04-06 08:27:13.478922,0 days 00:00:32.407441,0.6219829356642541,0.07029493048942509,8,0.048348942613450394,0.06292616265548695,0.02765573622099078,0.07715294162389398,0.0737990518170628,0.008680038446451991,0.000655664218870588,26,93,0.09480800331480312,0.1790519971091041,False,False,True,8.622708530306168e-07,COMPLETE
1794,0.38955768942832947,2025-04-06 08:27:14.047556,2025-04-06 08:27:48.489446,0 days 00:00:34.441890,0.6509992460748373,0.010279766125294423,8,0.0565497938708002,0.06892461318757036,0.047114037198534034,0.013967698466567511,0.025371005518951825,0.07681697625473496,0.00037023971173767185,29,75,0.0999919341966873,0.17753597587496495,False,False,True,1.0518646533423608e-06,COMPLETE
