number,value,datetime_start,datetime_complete,duration,params_alpha-eval,params_alpha-train,params_batch-size,params_eps-eval,params_eps-train,params_lambda-actions-eval,params_lambda-actions-train,params_lambda-frames-eval,params_lambda-frames-train,params_learning-rate,params_n-epochs,params_n-frames,params_radius-gw,params_rho,params_std-feats,params_ub-actions,params_ub-frames,params_weight-decay,state
2131,0.34795556664466865,2025-04-06 12:01:42.774808,2025-04-06 12:02:16.673787,0 days 00:00:33.898979,0.6614435402230908,0.010663783593974512,8,0.08142836421020196,0.08495474698671132,0.007262618691009216,0.06036299688800627,0.024666723340174033,0.024470521807602768,0.0010953341077643464,29,68,0.08764224990791965,0.14498723511362072,False,False,True,1.441712041729971e-07,COMPLETE
2132,0.3477664172649384,2025-04-06 12:02:17.388720,2025-04-06 12:02:51.494671,0 days 00:00:34.105951,0.6308561178750098,0.04222955227211141,8,0.0735641216806052,0.10087728820375175,0.009218246052267101,0.06333997007627012,0.023014760081082126,0.023896173710645768,0.0010804693108407842,29,65,0.09454686308424855,0.1189320132711662,False,False,True,6.679874910315686e-08,COMPLETE
2133,0.38723410367965705,2025-04-06 12:02:52.208313,2025-04-06 12:03:26.568235,0 days 00:00:34.359922,0.6762323130951875,0.04284400830717222,8,0.07461467131278955,0.07729541053555741,0.006151039041070715,0.05848105595637386,0.020390616512300067,0.02333895623962494,3.267338784922434e-05,29,69,0.0696828758858538,0.1385557429928427,False,False,True,7.392521892986732e-08,COMPLETE
2134,0.3930708706378937,2025-04-06 12:03:27.259183,2025-04-06 12:04:01.172137,0 days 00:00:33.912954,0.6489500078469346,0.058415286317425694,8,0.07047805802378844,0.0796993215599354,0.004154393667800992,0.06128989669443671,0.014104161519820758,0.022525033353508705,0.0013318664209461687,29,65,0.03697629988023835,0.12420488202899631,False,False,True,3.2780608320496927e-07,COMPLETE
2135,0.37158495783805845,2025-04-06 12:04:01.887517,2025-04-06 12:04:37.069400,0 days 00:00:35.181883,0.5858945707969083,0.03348644135961894,8,0.08265814333189767,0.0901854685507959,0.009872633332561173,0.06472400282708439,0.020501598131991684,0.02087903138948459,0.001022578036670028,30,69,0.09775942058209326,0.1236697761747839,False,False,True,1.1758507280605157e-07,COMPLETE
2136,0.37842714786529547,2025-04-06 12:04:37.786001,2025-04-06 12:05:11.791864,0 days 00:00:34.005863,0.678283697447155,0.07035270130814285,8,0.07759412443846027,0.07598417637933846,0.007420742337527513,0.05768557228636145,0.026153537827190255,0.02197258943125375,0.0018586667110440003,29,63,0.09574983319908881,0.1258220208717011,False,False,True,2.0173614454527266e-07,COMPLETE
2137,0.3582360684871674,2025-04-06 12:05:12.481975,2025-04-06 12:05:45.440376,0 days 00:00:32.958401,0.6552759489348866,0.2272724142782074,8,0.07003248932917905,0.08427293286957899,0.009694291483367189,0.06264073786564635,0.015759380911868303,0.024886414541447664,0.0011814448010169822,29,9,0.0978216758720235,0.120853887100016,False,False,True,1.7348740256477375e-07,COMPLETE
2138,0.3872378766536713,2025-04-06 12:05:46.144071,2025-04-06 12:06:20.615721,0 days 00:00:34.471650,0.897487123659907,0.011190678845522203,8,0.07070189724916551,0.07559355598290415,0.011070404374226045,0.059398555970146774,0.011945029587239447,0.02395344588998438,0.001066733680512851,29,70,0.09353499581979348,0.11797147164133409,False,True,True,5.299866268537158e-08,COMPLETE
2139,0.4333767056465149,2025-04-06 12:06:21.329542,2025-04-06 12:06:57.430017,0 days 00:00:36.100475,0.6110542600517552,0.2960510487448749,8,0.08835157044440972,0.07373497472884032,0.004471943986918699,0.06414938471474356,0.022967988124061194,0.020755106343656522,0.0009518462592199423,30,60,0.09803495895737918,0.13715540240655166,True,False,True,2.8477821519712487e-07,COMPLETE
2140,0.4728199541568756,2025-04-06 12:06:58.118786,2025-04-06 12:07:22.141631,0 days 00:00:24.022845,0.6796549864776724,0.049115286532249745,16,0.07721803748792785,0.0792627235814311,0.007417927985593406,0.06164873868769265,0.018924428313190078,0.02274006969374561,0.0015409856673210245,29,63,0.09538854295091524,0.13221814048683048,False,False,True,1.1633081668588474e-07,COMPLETE
2141,0.4856091380119324,2025-04-06 12:07:22.851528,2025-04-06 12:07:56.848694,0 days 00:00:33.997166,0.6368315651456434,0.09319829689077307,8,0.06964912683392543,0.07274482770544805,0.003013999026967265,0.0066960695873935685,0.009214899654481707,0.021011291470020302,0.0009063861390974876,29,70,0.09843745769790908,0.11826121027777628,False,False,True,8.495713042484177e-08,COMPLETE
2142,0.34757961630821227,2025-04-06 12:07:57.557777,2025-04-06 12:09:29.663671,0 days 00:01:32.105894,0.6619152135381171,0.0720319882378383,2,0.07685779264296701,0.08559456860002224,0.011172844426708857,0.059684094330782415,0.050476346297337216,0.021001239964333118,0.0011997315504295985,28,55,0.06203958428746278,0.12615127420072797,False,False,True,1.284344024499926e-07,COMPLETE
2143,0.3630660533905029,2025-04-06 12:09:30.388482,2025-04-06 12:10:03.928833,0 days 00:00:33.540351,0.9565387803860086,0.039561751518137754,8,0.06743918622088951,0.07292388685456029,0.009910604226298154,0.057466966461660836,0.013555146357608834,0.022592158784814537,0.0009383034507086201,28,69,0.09289116453904198,0.11501400323401423,False,False,True,1.130029777516142e-07,COMPLETE
2144,0.4664826035499573,2025-04-06 12:10:04.618147,2025-04-06 12:10:38.965659,0 days 00:00:34.347512,0.6872113899447728,0.06102147151709723,8,0.08136106365836,0.08314170501006675,0.007993910954500718,0.015013457202505166,0.029033854245809013,0.020357187315863584,0.0013019728991444546,29,71,0.09999687263785366,0.15605390525456386,False,False,True,1.3239222825600482e-07,COMPLETE
2145,0.3436660706996918,2025-04-06 12:10:39.674242,2025-04-06 12:11:12.234063,0 days 00:00:32.559821,0.623507471582632,0.10077171414546471,8,0.07256071535090759,0.07863647768479769,0.0052154050584405,0.0646450485975919,0.021360212005856378,0.05775333759757122,0.0008517546352497859,27,67,0.09635843697876507,0.14165709153384531,False,False,True,4.1535618810178977e-07,COMPLETE
2146,0.37363081574440005,2025-04-06 12:11:12.946387,2025-04-06 12:11:45.948159,0 days 00:00:33.001772,0.6491214114146333,0.08471400463440475,8,0.09402999496723828,0.0694439643078478,0.010950710951405606,0.002666212957359264,0.02481426747754676,0.027334239265061042,0.0010315586299239293,28,50,0.09998227739899457,0.13109789913515693,False,False,True,9.025067649341833e-08,COMPLETE
2147,0.3653537631034851,2025-04-06 12:11:46.664385,2025-04-06 12:12:25.039700,0 days 00:00:38.375315,0.6748492032448878,0.048580925137253664,8,0.06669661494670714,0.07305252395290458,0.011411142294372156,0.010713966176975773,0.01699369077587283,0.020247860264210306,0.0015181771190133702,29,66,0.09682117839170369,0.1377014366193507,False,False,False,6.979651872655058e-08,COMPLETE
2148,0.36172643899917606,2025-04-06 12:12:25.727389,2025-04-06 12:12:58.385570,0 days 00:00:32.658181,0.690353978793127,0.02986989119475824,8,0.07451249248162495,0.07936734146587882,0.008872070946823081,0.06264652317156472,0.015338582194740213,0.02214985017074316,0.0008592610888915459,27,71,0.08983099611551938,0.14328105488069828,False,False,True,1.017804384168979e-07,COMPLETE
