number,value,datetime_start,datetime_complete,duration,params_alpha-eval,params_alpha-train,params_batch-size,params_eps-eval,params_eps-train,params_lambda-actions-eval,params_lambda-actions-train,params_lambda-frames-eval,params_lambda-frames-train,params_learning-rate,params_n-epochs,params_n-frames,params_radius-gw,params_rho,params_std-feats,params_ub-actions,params_ub-frames,params_weight-decay,state
740,0.45305185914039614,2025-04-25 12:59:56.834480,2025-04-25 13:01:38.901866,0 days 00:01:42.067386,0.26190155026397477,0.7758557039454176,2,0.15283971694059337,0.12207533621906495,0.04209096681092718,0.013081849936336173,0.03648775234366756,0.026810671967719673,3.726746576455675e-05,25,100,0.055862378069667686,0.25415576290334985,True,False,False,0.000301661043705055,COMPLETE
741,0.4608459174633026,2025-04-25 13:01:39.129469,2025-04-25 13:03:22.487417,0 days 00:01:43.357948,0.15138278345328704,0.7491209335281661,2,0.16901267069412781,0.13670918539216906,0.03923365720592928,0.007215043450870761,0.036817640472393186,0.02238139954873285,5.578207146400765e-05,26,59,0.03951849379680539,0.24011715389721364,True,False,False,0.0005392516205466945,COMPLETE
742,0.45837223529815674,2025-04-25 13:03:22.730273,2025-04-25 13:04:59.232883,0 days 00:01:36.502610,0.30936342117152066,0.7298230707286396,2,0.18800827952763158,0.13242107451307772,0.033083497606665326,0.009080452907795435,0.04125974051199793,0.028861782275357198,4.69701190134775e-05,24,65,0.04152130597935583,0.2148328470726334,True,False,False,0.000421373162585116,COMPLETE
743,0.46498388648033145,2025-04-25 13:04:59.463018,2025-04-25 13:06:39.110851,0 days 00:01:39.647833,0.13246194178222342,0.7023517483960526,2,0.1463758151316214,0.11737269339847572,0.031104992356451783,0.011391733252830041,0.024905411199512725,0.032505180268959544,3.416242441748172e-05,25,62,0.03781805410668458,0.2508359423358312,True,False,False,0.00036397944381737934,COMPLETE
744,0.46191368103027347,2025-04-25 13:06:39.350677,2025-04-25 13:08:16.291930,0 days 00:01:36.941253,0.09685280689842082,0.7041546522701158,2,0.15152295062262727,0.11714268102144884,0.0316627160598265,0.011858154470040346,0.024660129212174565,0.03397256194223043,3.7482461724820776e-05,24,66,0.03740508720030761,0.24743217342633583,True,False,False,0.00026160525977212784,COMPLETE
745,0.28615721464157107,2025-04-25 13:08:16.536627,2025-04-25 13:09:46.510848,0 days 00:01:29.974221,0.12149214200575459,0.7321489637829879,2,0.1475793340276463,0.11746948925265792,0.03014745116189878,0.01312810117895864,0.02326543034615715,0.0323693708408057,3.385940512773866e-05,26,63,0.03722320613886974,0.25388338686376954,True,True,False,4.015148639998071e-07,COMPLETE
746,0.46073988080024725,2025-04-25 13:09:46.740445,2025-04-25 13:11:23.319358,0 days 00:01:36.578913,0.14029766981176828,0.7066456192412902,2,0.15751679697628826,0.12148298536499932,0.03403925459320221,0.01044338352545627,0.02021278210016368,0.03525609063357399,4.534506727126795e-05,24,67,0.039735758294770565,0.23441871124701685,True,False,False,0.00032343784361459456,COMPLETE
747,0.46500304937362674,2025-04-25 13:11:23.563085,2025-04-25 13:13:03.840306,0 days 00:01:40.277221,0.16755243389450672,0.766856451870859,2,0.14950337752729945,0.11524826811643947,0.03174687506785051,0.010719759475490247,0.03065098568466427,0.031109855182929087,6.104831735204487e-05,25,62,0.03555780235075986,0.24605088314187384,True,False,False,0.0003765842577872327,COMPLETE
748,0.43683713674545294,2025-04-25 13:13:04.070490,2025-04-25 13:14:49.599839,0 days 00:01:45.529349,0.16764791028366666,0.7645361154360838,2,0.1471303014499168,0.11440505223266251,0.031017798461302044,0.012097093395415948,0.03007521207229138,0.03170673263700177,0.0001054431163114688,26,118,0.036001119784616786,0.2442787015307934,True,False,False,0.0002634562613025869,COMPLETE
749,0.45479056835174564,2025-04-25 13:14:49.843243,2025-04-25 13:16:29.325750,0 days 00:01:39.482507,0.17834255790854978,0.825192056031795,2,0.1623275062252514,0.11492542564463575,0.028797364819551235,0.013627111079929788,0.029786316793965338,0.0307707475332992,6.326543044807672e-05,25,59,0.03521855922630672,0.24861157363160033,True,False,False,0.000347256516303582,COMPLETE
750,0.3612789690494537,2025-04-25 13:16:29.569669,2025-04-25 13:17:56.363505,0 days 00:01:26.793836,0.15192054134383035,0.7233254554801694,2,0.1527944255691986,0.12041246677496553,0.031401743970414814,0.010438797290053243,0.03238534710171391,0.02811042015087009,7.771391193274195e-05,25,62,0.034906837969471666,0.23948140721619687,True,False,True,0.0002596043222397217,COMPLETE
751,0.4446014881134034,2025-04-25 13:17:56.595718,2025-04-25 13:19:37.255255,0 days 00:01:40.659537,0.08007702240344938,0.7916161516394398,2,0.1459734981158412,0.11621273750632638,0.0337080006511671,0.011482664706996121,0.024006700556201004,0.02514112719899371,7.467792876243847e-05,25,68,0.03749665122799695,0.2533766565554262,True,False,False,0.000330627341218627,COMPLETE
752,0.45364488959312443,2025-04-25 13:19:37.500832,2025-04-25 13:21:21.037714,0 days 00:01:43.536882,0.12928224045790798,0.7052754645441023,2,0.16540329973063908,0.12427972752417242,0.03590047407450638,0.009000692312746854,0.028355801039908413,0.03401805729600841,6.199113441229516e-05,26,65,0.03543437128229374,0.23019764325762465,True,False,False,0.0003973679243578628,COMPLETE
753,0.4490878582000733,2025-04-25 13:21:21.269243,2025-04-25 13:22:56.701080,0 days 00:01:35.431837,0.24646000376567395,0.7464094624376972,2,0.15750386871376498,0.1241504114046416,0.03498100511654629,0.013470097684566903,0.01744134077928907,0.027067133234062606,9.27590632454297e-05,24,59,0.037963441490226055,0.22469947452272998,True,False,False,0.00029705027632186284,COMPLETE
754,0.4598522901535035,2025-04-25 13:22:56.945367,2025-04-25 13:24:36.239224,0 days 00:01:39.293857,0.19387951080389257,0.7714608143852453,2,0.14686540227470607,0.11653247486104093,0.029426106122516286,0.009929980090378704,0.025433970048714727,0.028650096634660036,5.203079196967578e-05,25,61,0.03589466212575048,0.24474561528414587,True,False,False,0.0003987737785565129,COMPLETE
755,0.4339592456817627,2025-04-25 13:24:36.487793,2025-04-25 13:25:05.303253,0 days 00:00:28.815460,0.22019544601515004,0.7200872916908106,16,0.17030194718472433,0.12706719819621787,0.0324627285831445,0.01152883664381716,0.03389115557081972,0.02369845392595804,5.793740744815619e-05,24,64,0.03823913641508527,0.24051459519386853,True,False,False,0.00025147796418489935,COMPLETE
756,0.46145491003990174,2025-04-25 13:25:05.535377,2025-04-25 13:26:42.112800,0 days 00:01:36.577423,0.1619495131502965,0.7040136048761297,2,0.15384387522355764,0.12115224009621446,0.037522320786415445,0.008713349162566445,0.030895845279198433,0.030583721208058773,5.397575026950299e-05,24,67,0.03517387829089245,0.24951054934236658,True,False,False,0.00044565722318452275,COMPLETE
757,0.4624066293239594,2025-04-25 13:26:42.359057,2025-04-25 13:28:21.255531,0 days 00:01:38.896474,0.10679794373008927,0.7371477560621154,2,0.15992584202586899,0.11606901230371415,0.03678199953522996,0.012969910276381157,0.026444361107901975,0.032523550758707165,4.4818544613196924e-05,25,62,0.0396497905416346,0.2561285682460393,True,False,False,1.7156518500242571e-07,COMPLETE
758,0.35255407691001894,2025-04-25 13:28:21.501772,2025-04-25 13:29:54.308938,0 days 00:01:32.807166,0.27904541407509253,0.7618718152155196,2,0.1340086942349147,0.12797070095206314,0.033444893168293674,0.010573650209073804,0.03890442646931974,0.022038541356146538,4.380420716591716e-05,23,106,0.03692040824864498,0.2354623125009008,False,False,False,0.00033057509957240295,COMPLETE
759,0.4519930124282837,2025-04-25 13:29:54.548038,2025-04-25 13:30:31.741163,0 days 00:00:37.193125,0.18656956237103786,0.7286723127674889,8,0.14603436501951572,0.12310992032470897,0.03504470575300543,0.007266848097735594,0.03602705347098917,0.0260123330985457,3.607897086279085e-05,25,58,0.03865564110573248,0.2449134206483895,True,False,False,0.00039025086512445176,COMPLETE
760,0.4667174756526947,2025-04-25 13:30:31.992453,2025-04-25 13:32:09.204051,0 days 00:01:37.211598,0.143491984838715,0.7085913860459726,2,0.1535205402287036,0.11545410442788127,0.037765387118824545,0.009384914952908238,0.028323139415012247,0.035842176520244046,4.143226749507771e-05,24,65,0.04112079904289327,0.25403379203098914,True,False,False,0.00031784098414624313,COMPLETE
761,0.4562760710716248,2025-04-25 13:32:09.438434,2025-04-25 13:33:56.018535,0 days 00:01:46.580101,0.14431389403357986,0.6962175432114162,2,0.1752072095747924,0.11274822132844996,0.04055849583245924,0.01082513048124967,0.02984265411129795,0.03307430930497029,7.229486101935431e-05,27,67,0.042186744974697904,0.2494296475178482,True,False,False,0.0004649134186817904,COMPLETE
762,0.4606392800807953,2025-04-25 13:33:56.266524,2025-04-25 13:35:33.265136,0 days 00:01:36.998612,0.1610812644616947,0.7013189607714174,2,0.15593524830661754,0.11406755349798745,0.038405615162855046,0.013513851929503565,0.02845245620515128,0.035338408165174334,6.442823066160294e-05,24,68,0.041677123719588205,0.25358817528617783,True,False,False,0.0003785991164601876,COMPLETE
763,0.46247542500495914,2025-04-25 13:35:33.516922,2025-04-25 13:37:06.523799,0 days 00:01:33.006877,0.18765102304322462,0.74596564505972,2,0.16486351454416454,0.11860093210030655,0.03743498151166209,0.009518548998843534,0.028129942086164393,0.029474634021686714,5.6802686125324914e-05,23,65,0.040491125686434495,0.2565858817383636,True,False,False,0.000510606523313553,COMPLETE
764,0.28615721464157107,2025-04-25 13:37:06.758703,2025-04-25 13:38:29.106340,0 days 00:01:22.347637,0.2234971318422376,0.7935836946288133,2,0.13526848833729624,0.12116323138528949,0.04167565839878715,0.012009457947954823,0.026844484415472245,0.03573384349498355,4.919869145158341e-05,24,61,0.03736458668902635,0.24206045135800824,True,True,False,0.0002386771189270322,COMPLETE
765,0.4665981471538544,2025-04-25 13:38:29.355777,2025-04-25 13:40:11.822454,0 days 00:01:42.466677,0.13721303071269864,0.715461528708745,2,0.14395644171457514,0.11317443406288634,0.030755185231288708,0.09641854687459489,0.03083574990036095,0.01706025951984033,4.263225813844432e-05,26,65,0.04173527672642252,0.25463514049568137,True,False,False,0.000434600149673941,COMPLETE
766,0.4649967908859253,2025-04-25 13:40:12.058826,2025-04-25 13:41:55.261928,0 days 00:01:43.203102,0.1293441785386233,0.7134589873302856,2,0.14575239740240434,0.11256390588938542,0.030840923230143813,0.0691812890652406,0.022995129595108126,0.03932592781595819,4.3099754257326866e-05,26,68,0.04213738627031349,0.2543260983854484,True,False,False,0.0004919438524836267,COMPLETE
767,0.46513737440109254,2025-04-25 13:41:55.508365,2025-04-25 13:43:42.129844,0 days 00:01:46.621479,0.1363794625750936,0.7183197503278241,2,0.14400707381937933,0.11395898702105403,0.029111679672192414,0.08409981942600492,0.023462388690785173,0.0402716648745427,4.86269601431904e-05,27,68,0.04242485302257746,0.252055669374627,True,False,False,0.000537890610670949,COMPLETE
768,0.45367919206619267,2025-04-25 13:43:42.381961,2025-04-25 13:45:29.196633,0 days 00:01:46.814672,0.12699516284625426,0.7528807290746571,2,0.1426704688653316,0.11868579987492366,0.028468089490129946,0.09388054113075087,0.021458482262984024,0.03914103815292416,5.3372686118732714e-05,27,69,0.04323109506294504,0.2544438563712641,True,False,False,0.0005206445046498314,COMPLETE
769,0.3549244701862336,2025-04-25 13:45:29.434655,2025-04-25 13:46:58.742543,0 days 00:01:29.307888,0.093538107001121,0.7030701345634925,2,0.1527243624417305,0.11320572999308842,0.030140155540632648,0.09167913091294927,0.02339123248020918,0.0368426886935533,4.855118767593968e-05,26,69,0.04236489162829678,0.2517157007483261,True,False,True,0.0005665311709792436,COMPLETE
770,0.4628715455532074,2025-04-25 13:46:58.991676,2025-04-25 13:48:42.525379,0 days 00:01:43.533703,0.12992571666021188,0.7385835821736548,2,0.14336377464047578,0.11147885387830303,0.02956835990751401,0.08719803378122676,0.031900989622425775,0.01748714947387072,4.587497889199736e-05,26,69,0.04271296372787063,0.23667403624663913,True,False,False,0.0005649483687419552,COMPLETE
771,0.4638027429580689,2025-04-25 13:48:42.777676,2025-04-25 13:50:32.838976,0 days 00:01:50.061300,0.0684207789082211,0.7169929584802669,2,0.1589054221412413,0.11257414345562994,0.031807749935739295,0.09366501479921698,0.016702170573378132,0.03991701890851065,4.262502585421329e-05,28,68,0.04131044063734627,0.2499533752060937,True,False,False,0.0005412212308680867,COMPLETE
772,0.4661686718463898,2025-04-25 13:50:33.077778,2025-04-25 13:52:17.727029,0 days 00:01:44.649251,0.13627417923007998,0.7020027050426214,2,0.15117133915276024,0.11499085972323976,0.02976373808200273,0.08918467302693359,0.02456342394985549,0.03575889798649736,5.5568671381844725e-05,26,66,0.042935773572523504,0.25649559988797926,True,False,False,0.0004680161869182638,COMPLETE
773,0.462069845199585,2025-04-25 13:52:17.976487,2025-04-25 13:54:04.229050,0 days 00:01:46.252563,0.11783670248035538,0.7041178199937986,2,0.15447060559434905,0.1151864416155236,0.029538944447208906,0.08822006669275442,0.024304987857113616,0.03870074402456614,6.71598899631705e-05,27,69,0.0433886371569634,0.2560517578757479,True,False,False,0.0004538944902400269,COMPLETE
774,0.4631023943424225,2025-04-25 13:54:04.469269,2025-04-25 13:55:54.642339,0 days 00:01:50.173070,0.14336909652267066,0.7783707890800918,2,0.1511900738102478,0.11348836036509886,0.030240825526268538,0.08301961210979852,0.025359324486118762,0.03725047574182952,5.761319678453253e-05,28,66,0.05921194810583217,0.25656476348908663,True,False,False,0.00042630109524349215,COMPLETE
775,0.4587333679199219,2025-04-25 13:55:54.892377,2025-04-25 13:57:41.514027,0 days 00:01:46.621650,0.17160340444543304,0.7307062548857435,2,0.16422731846854616,0.11323589725404425,0.028913789267844676,0.08868513984607451,0.01900079106624731,0.03588905826762079,5.3761095998782175e-05,27,68,0.04435441251907965,0.23981462817057406,True,False,False,0.0004661543238152457,COMPLETE
776,0.4577224552631378,2025-04-25 13:57:41.766016,2025-04-25 13:59:27.259994,0 days 00:01:45.493978,0.13293318338722662,0.7543079923454981,2,0.14479320857860753,0.11007385692202167,0.02799185570640387,0.09718325593012567,0.021038890957731947,0.03325934813657796,6.15370418035219e-05,27,66,0.04250019190019449,0.2492332808807521,True,False,False,0.00045816028232581875,COMPLETE
777,0.4533823549747467,2025-04-25 13:59:27.500257,2025-04-25 14:01:11.525485,0 days 00:01:44.025228,0.10567219681686116,0.7170361612272167,2,0.16973923349578451,0.11386637693631958,0.024974477661662192,0.08464167023665478,0.023111756849705224,0.03505945036821059,5.271267178171139e-05,26,69,0.04329702803235175,0.23145004593734592,True,False,False,0.0003161219781684542,COMPLETE
778,0.345173579454422,2025-04-25 14:01:11.776393,2025-04-25 14:01:38.286969,0 days 00:00:26.510576,0.1588843112831703,0.696187533016974,16,0.13756516082982226,0.12040953111572839,0.027309028322028868,0.09979523769646831,0.02495582938798184,0.0366458892551857,4.6963278477742125e-05,26,65,0.04168981004663164,0.24230273719803452,False,False,False,0.000552853260738183,COMPLETE
779,0.46071909666061406,2025-04-25 14:01:38.542076,2025-04-25 14:03:24.392554,0 days 00:01:45.850478,0.1449905502328016,0.7363377759095417,2,0.1589929099611386,0.12097357521962042,0.031566248337489784,0.08616297783677224,0.028388131310440223,0.03973427736972484,4.251092697839774e-05,27,66,0.0443604736283181,0.2524335521618763,True,False,False,0.00040613810109798557,COMPLETE
780,0.4486429214477539,2025-04-25 14:03:24.631499,2025-04-25 14:05:11.104087,0 days 00:01:46.472588,0.08487053547912701,0.7657987572083551,2,0.14896086214858034,0.10985256354436325,0.03131772955882095,0.09170956812640432,0.030063390664648595,0.01615338700223911,7.090156838882497e-05,27,69,0.042038541091681994,0.2566566487713303,True,False,False,0.0002992967971783948,COMPLETE
781,0.4440942943096161,2025-04-25 14:05:11.354852,2025-04-25 14:06:58.799009,0 days 00:01:47.444157,0.17104550593369153,0.717614556096087,2,0.14274081048049544,0.11161685925696962,0.03257864110317757,0.08010701284417629,0.032946804866993036,0.034331507261339746,5.082117687025051e-05,26,132,0.04091057783846159,0.24701406966328338,True,False,False,0.0005467243250181394,COMPLETE
782,0.4645881474018097,2025-04-25 14:06:59.054859,2025-04-25 14:08:52.758595,0 days 00:01:53.703736,0.11715011181613245,0.7037491964186454,2,0.15586226598259809,0.11625709807796963,0.027758923270876434,0.09486965572077787,0.02228498202052414,0.03158612122903116,4.207661836124889e-05,29,66,0.04135746990065834,0.22761697053906926,True,False,False,0.0004515409170068254,COMPLETE
783,0.46770199537277224,2025-04-25 14:08:52.999788,2025-04-25 14:09:34.892480,0 days 00:00:41.892692,0.11334932516144788,0.6942959685948129,8,0.16273797924564745,0.1115292932334271,0.027847404448014142,0.0877904024572725,0.022335873380994204,0.03269350360740505,5.9582570446794835e-05,30,59,0.045464256377187595,0.22825100783469168,True,False,False,0.0004917113256479876,COMPLETE
784,0.28615721464157107,2025-04-25 14:09:35.145348,2025-04-25 14:10:12.311151,0 days 00:00:37.165803,0.12697218186998582,0.6983831135696885,8,0.15466160268820525,0.10848415991168125,0.026003118753147602,0.09602667736366671,0.022871139853264305,0.03238030953744569,5.302459815446033e-05,30,59,0.045954219993866244,0.22256784687574266,True,True,False,0.0005609057889999083,COMPLETE
785,0.4645956754684448,2025-04-25 14:10:12.567443,2025-04-25 14:10:52.981813,0 days 00:00:40.414370,0.09733644075489377,0.6977218930737686,8,0.16245922851024872,0.10965683586652986,0.027129140775128846,0.0855341342477574,0.020779513329318405,0.034227269041287686,6.830573498069301e-05,28,59,0.045239506824950544,0.22797152619944847,True,False,False,0.0005757322620264002,COMPLETE
786,0.4669126629829407,2025-04-25 14:10:53.223888,2025-04-25 14:11:32.429241,0 days 00:00:39.205353,0.07616538338291777,0.6915157964784326,8,0.1633242808594149,0.10988957780085545,0.02544101576942752,0.08456015802847698,0.02029848939071885,0.037393264632273486,6.604107658804478e-05,27,56,0.04761310276044766,0.23032703815019365,True,False,False,0.0006068130582599665,COMPLETE
787,0.46610807776451113,2025-04-25 14:11:32.683683,2025-04-25 14:12:13.658673,0 days 00:00:40.974990,0.0691466165116549,0.6915841564394438,8,0.161214122447922,0.11480219185263778,0.023778804678651056,0.08445081300357167,0.016055238682559203,0.03775520438749476,0.00010076313209369321,29,56,0.04979338309879643,0.22396945923921607,True,False,False,0.00061744794748611,COMPLETE
788,0.4660480260848999,2025-04-25 14:12:13.902314,2025-04-25 14:12:54.606501,0 days 00:00:40.704187,0.05078825174013378,0.6928589896621206,8,0.17879228332279692,0.10777285771206839,0.019687825906423855,0.08355184407633091,0.01672146092694296,0.03794712466840653,0.00010143459145773963,29,57,0.051315512178580956,0.21327173509302713,True,False,False,0.0006514316681427323,COMPLETE
789,0.46687917113304145,2025-04-25 14:12:54.860368,2025-04-25 14:13:35.278605,0 days 00:00:40.418237,0.024459511774824763,0.6911513481580416,8,0.1946532085726699,0.10668138233052482,0.021479648825286773,0.08329368998236114,0.0119696357173363,0.03800101928138512,7.922865682596174e-05,29,54,0.049965001634372785,0.21684425950119693,True,False,False,0.0006505305442805205,COMPLETE
790,0.3507051706314087,2025-04-25 14:13:35.661517,2025-04-25 14:14:11.381339,0 days 00:00:35.719822,0.0269656379635324,0.6950979778121446,8,0.1811409821579464,0.19794481948789996,0.017183465828387857,0.0830923066429789,0.012493789937963023,0.03826238521406452,9.981773348239828e-05,29,53,0.050861337140022174,0.2138815554855154,True,False,True,0.0006690200933241631,COMPLETE
791,0.45505800843238836,2025-04-25 14:14:11.626625,2025-04-25 14:14:51.474760,0 days 00:00:39.848135,0.05199426454099113,0.6916063118166522,8,0.20066667931729984,0.10749531407239855,0.018664163216984567,0.0801739153039635,0.016872674433603303,0.0390211696167731,0.00012688432776860532,29,46,0.049982281678147174,0.2080461029191876,True,False,False,0.0006539038799992659,COMPLETE
792,0.46028215885162355,2025-04-25 14:14:51.735250,2025-04-25 14:15:33.107018,0 days 00:00:41.371768,0.052128641116031674,0.6942031318388887,8,0.19124129286759362,0.1085199732985705,0.021617798681143885,0.09020673399680591,0.0074660020991653584,0.03733038957254494,0.00011235511749741276,30,52,0.05259039824465703,0.21559125079725336,True,False,False,0.0006675965619460524,COMPLETE
793,0.4625884056091309,2025-04-25 14:15:33.367632,2025-04-25 14:16:14.771694,0 days 00:00:41.404062,0.029762451722109062,0.6937552000013233,8,0.19571656860092235,0.10889790415214906,0.023393537137730288,0.0820759210707559,0.015200223567760223,0.037987010235861596,0.000111202634675739,30,55,0.050640685294613054,0.22101346978144948,True,False,False,0.0006580307117635008,COMPLETE
794,0.46393294930458073,2025-04-25 14:16:15.018688,2025-04-25 14:16:56.139947,0 days 00:00:41.121259,0.06852235229669484,0.7095873997323129,8,0.1680307451834541,0.10856148378414554,0.020680889977736438,0.08429799488281514,0.01854089182403648,0.04105827882265229,8.978556200558809e-05,29,56,0.05188996953883519,0.2183093503589048,True,False,False,0.0006582533849272874,COMPLETE
795,0.45945021510124207,2025-04-25 14:16:56.398066,2025-04-25 14:17:36.919621,0 days 00:00:40.521555,0.021538047291107323,0.733731203907281,8,0.17489493974175266,0.10897943981600007,0.016461674919073244,0.08147669741304872,0.018583347857528486,0.03611777121417518,0.0001853045860834435,29,50,0.048976740375723395,0.22436853519361138,True,False,False,0.0006003169547631871,COMPLETE
796,0.4638699173927307,2025-04-25 14:17:37.182866,2025-04-25 14:18:19.032183,0 days 00:00:41.849317,0.039688937192810525,0.6902180215115126,8,0.22044340796022763,0.10627443656660183,0.02371400419162229,0.08831900565283256,0.01399181427929652,0.03919618308437647,7.351150135814828e-05,30,56,0.04984100454503425,0.22242235297909926,True,False,False,0.0007270870844873696,COMPLETE
