number,value,datetime_start,datetime_complete,duration,params_alpha-eval,params_alpha-train,params_batch-size,params_eps-eval,params_eps-train,params_lambda-actions-eval,params_lambda-actions-train,params_lambda-frames-eval,params_lambda-frames-train,params_learning-rate,params_n-epochs,params_n-frames,params_radius-gw,params_rho,params_std-feats,params_ub-actions,params_ub-frames,params_weight-decay,state
617,0.35255547761917116,2025-04-05 20:16:32.876986,2025-04-05 20:17:05.317693,0 days 00:00:32.440707,0.6611544488273879,0.09266651058254528,8,0.07150731598607477,0.03329673656675156,0.037063723797581,0.05029481178533717,0.00750235887161574,0.008205854520444358,0.0019657950522344874,24,89,0.06497936652326317,0.1625142711510155,True,False,True,6.003150980175057e-06,COMPLETE
618,0.48278812170028684,2025-04-05 20:17:05.505948,2025-04-05 20:17:35.848608,0 days 00:00:30.342660,0.648813349439512,0.14988134091426167,8,0.06347088366314879,0.021707754430251396,0.003540287483188756,0.04860167280170577,0.03588342414887545,0.009851013396033342,0.0014332653033539214,23,106,0.09327569579897106,0.1904896203405032,False,False,True,1.2523849579539894e-05,COMPLETE
619,0.4852895259857178,2025-04-05 20:17:36.049072,2025-04-05 20:17:58.610306,0 days 00:00:22.561234,0.6356216892916511,0.11671657725187824,16,0.05009839258646981,0.04012634666396579,0.028666505480952908,0.053296755850933276,0.01073168836384374,0.011487544996388393,0.0012696417207946004,23,99,0.09675901230871534,0.17296654008158058,False,False,True,1.0546134038911667e-05,COMPLETE
620,0.4121349513530731,2025-04-05 20:17:58.801282,2025-04-05 20:18:21.636178,0 days 00:00:22.834896,0.6133836423495336,0.10489322766925013,16,0.045425090453649564,0.043594429989150696,0.026614423939054836,0.05279075358888548,0.011450588899799701,0.013087283619407588,0.001362616101546804,24,96,0.04096053644086484,0.17241360997796157,False,False,True,9.353314766349236e-06,COMPLETE
621,0.48742002248764044,2025-04-05 20:18:21.836725,2025-04-05 20:18:44.755797,0 days 00:00:22.919072,0.6244971801696371,0.08798485025708956,16,0.056361752943361806,0.04429472527740484,0.030213498020815775,0.053843443272048375,0.012979548313538551,0.0117490647645557,0.0011912931704261445,24,99,0.0972560519034436,0.1789767626140938,False,False,True,7.129579858818475e-06,COMPLETE
622,0.4880851745605469,2025-04-05 20:18:44.949438,2025-04-05 20:19:17.023835,0 days 00:00:32.074397,0.6045105051710595,0.09321951321545971,8,0.06707782282644546,0.04941715254082968,0.02827765828772644,0.05498290649353558,0.015701315161707984,0.01338205531218764,0.001117300316190705,25,93,0.09981041079741057,0.18103256982350996,False,False,True,4.724662688735968e-06,COMPLETE
623,0.4010261476039887,2025-04-05 20:19:17.226286,2025-04-05 20:19:40.268778,0 days 00:00:23.042492,0.6270818191742245,0.09194666366751864,16,0.05995971614854453,0.05007480939955038,0.025519306259497263,0.054322870605466644,0.014428944398469368,0.016016962322279803,0.0010602421897707287,25,87,0.09983867055599083,0.17896785531834133,False,False,True,4.429560584757158e-06,COMPLETE
624,0.3523953020572662,2025-04-05 20:19:40.461091,2025-04-05 20:20:06.250584,0 days 00:00:25.789493,0.6049979051632585,0.08826843197387671,16,0.2512271346381579,0.051548939452637936,0.016755720794789646,0.05186345844030185,0.01875641431428944,0.014521388749910467,0.0009521560016601947,25,92,0.09983979756816128,0.17898536535219048,False,False,False,3.481760799925762e-06,COMPLETE
625,0.4820488035678864,2025-04-05 20:20:06.452540,2025-04-05 20:20:29.262972,0 days 00:00:22.810432,0.5956940356370092,0.08745931209435487,16,0.06537789116910243,0.045593649224620884,0.030472354362723976,0.054821584781702015,0.01729854924562256,0.013399943036799348,0.0010100359108832196,24,91,0.09988131863186271,0.16881926076895687,False,False,True,5.0452564081298875e-06,COMPLETE
626,0.4790711641311646,2025-04-05 20:20:29.455297,2025-04-05 20:20:52.655767,0 days 00:00:23.200470,0.635192939267388,0.09055359671928523,16,0.057313583682228275,0.05421233836757364,0.030741156912670663,0.049998634040885316,0.015101878071928924,0.011547052293059098,0.0009865763606745424,25,94,0.09821719270104651,0.16469790930918596,False,False,True,3.1970359527844898e-06,COMPLETE
627,0.4831508040428162,2025-04-05 20:20:52.857681,2025-04-05 20:21:15.822574,0 days 00:00:22.964893,0.6079906650913466,0.1262273681981657,16,0.054470865887610326,0.035269527937703056,0.03356673036787927,0.055499017572093495,0.012181804427230571,0.01662333184877996,0.0011719998194282498,24,95,0.09997448286457203,0.17302128788519983,False,False,True,2.668713392283992e-06,COMPLETE
628,0.4869588375091553,2025-04-05 20:21:16.016391,2025-04-05 20:21:46.792144,0 days 00:00:30.775753,0.6148355000667217,0.10228706634057566,8,0.06440797748970675,0.05823127954093683,0.03419974694509682,0.052200292239710934,0.013008815487531767,0.011160469003961768,0.00116174429620904,24,89,0.09727557555393306,0.15995675524758263,False,False,True,4.3622050938111874e-06,COMPLETE
629,0.4754975438117981,2025-04-05 20:21:46.994981,2025-04-05 20:22:10.438119,0 days 00:00:23.443138,0.6003434519224852,0.08362955139305929,16,0.07247319395650278,0.05769417190846167,0.03641704194485698,0.05259698906975509,0.01641051818295325,0.012583308095163188,0.0012100798567346558,26,86,0.09793083604864378,0.15764004929775835,False,False,True,3.901300718944001e-06,COMPLETE
630,0.41533526182174685,2025-04-05 20:22:10.632095,2025-04-05 20:22:33.584946,0 days 00:00:22.952851,0.6254905309152088,0.10269045585653404,16,0.06643808026709928,0.06032999229075206,0.04123661394616986,0.05119002366993376,0.013650011319895815,0.011497507299587392,0.0015455482872833183,25,84,0.0979803499072652,0.1550219870677084,False,False,True,5.150559486731498e-06,COMPLETE
631,0.4028937697410584,2025-04-05 20:22:33.787500,2025-04-05 20:22:56.535345,0 days 00:00:22.747845,0.6405340011929826,0.12651430719794635,16,0.06341022485896129,0.06702720912401189,0.03396861755809627,0.04890870132028526,0.014925613041825513,0.009977690083719262,0.0012238529510429088,24,89,0.09724446066345074,0.1619176995533045,False,False,True,2.461226904098512e-06,COMPLETE
632,0.3900075614452362,2025-04-05 20:22:56.745423,2025-04-05 20:23:19.549248,0 days 00:00:22.803825,0.5903654439326911,0.13854944710638023,16,0.16441484077763013,0.06203510744003659,0.03229973119281548,0.022871203354054126,0.020204603057951517,0.014001678852471448,0.0017988791242281132,24,80,0.0982175303634228,0.15115610403025403,False,False,True,4.581457462217115e-06,COMPLETE
633,0.40182482004165654,2025-04-05 20:23:19.743391,2025-04-05 20:23:50.307222,0 days 00:00:30.563831,0.610853636267708,0.07992125244592219,8,0.06108711966094091,0.052115397038310474,0.03612160727584651,0.053969199650984914,0.013091266728454875,0.010097200217086193,0.0010828344456366682,24,83,0.04741519725819345,0.13322897208118242,False,False,True,5.808476357879209e-06,COMPLETE
634,0.39768087267875674,2025-04-05 20:23:50.515051,2025-04-05 20:24:13.342462,0 days 00:00:22.827411,0.6566059783900484,0.1048230008391144,16,0.07016782110256808,0.06111854007304825,0.03482744132689408,0.046139173649830674,0.01606839858239949,0.016174853217648787,0.0013984287954117533,24,91,0.0962957315562033,0.15952732871723357,False,False,True,4.713887078840493e-06,COMPLETE
635,0.3887808620929718,2025-04-05 20:24:13.539584,2025-04-05 20:24:45.316323,0 days 00:00:31.776739,0.5984100242728719,0.15879438411165914,8,0.06526146875498247,0.049333158402528034,0.03838313490402805,0.055508555754303884,0.013438359049936878,0.012575311390123394,0.0011437030921892875,25,77,0.09980301824937951,0.19643041076524487,False,True,True,3.4571574694713746e-06,COMPLETE
636,0.42536174058914183,2025-04-05 20:24:45.522234,2025-04-05 20:25:19.131376,0 days 00:00:33.609142,0.6210176943893327,0.11494895100704103,8,0.07441921780496434,0.057923655175338706,0.030053611026337204,0.052272440670291506,0.012075114736277943,0.06237316856995741,0.08218378981797943,25,89,0.09996570902232908,0.14762698373503194,True,False,True,6.196855253740822e-06,COMPLETE
637,0.48531067371368414,2025-04-05 20:25:19.329830,2025-04-05 20:25:50.177935,0 days 00:00:30.848105,0.5875281086920486,0.13162952852326495,8,0.05848058109383385,0.044065330984216236,0.032024147845399,0.05042496871945586,0.012449320311281684,0.008371518508919531,0.0008979600364636715,24,94,0.09634404418682886,0.14069591118922237,False,False,True,4.1717400379249715e-06,COMPLETE
638,0.48670330047607424,2025-04-05 20:25:50.386253,2025-04-05 20:26:21.435265,0 days 00:00:31.049012,0.6320107630422584,0.09876100648670857,8,0.05921782108864173,0.04517850281957245,0.026822109089324923,0.05407949687742768,0.022448678721683928,0.010853626744694594,0.0015844704199959555,24,92,0.09535730677510984,0.16590311335945743,False,False,True,5.440828587896406e-06,COMPLETE
639,0.37378795742988585,2025-04-05 20:26:21.633430,2025-04-05 20:26:53.285765,0 days 00:00:31.652335,0.6519470094032821,0.07587753826754876,8,0.07120120430666482,0.051135668105091785,0.02711808889325189,0.05412779001968954,0.009130862890346005,0.01665310266679161,0.0021184906663608187,25,91,0.09789981457788301,0.16371785588245896,False,False,True,1.718591642740722e-06,COMPLETE
640,0.3762600719928742,2025-04-05 20:26:53.495145,2025-04-05 20:27:25.611261,0 days 00:00:32.116116,0.6395056025364847,0.09309363148735211,8,0.06490268503908242,0.04619632786757724,0.023161024096989814,0.05572498726125207,0.015430952497164937,0.012582613080682425,0.001757882333547994,26,90,0.09678789652308506,0.1676946952988994,False,False,True,3.219711636035732e-06,COMPLETE
641,0.3960667848587036,2025-04-05 20:27:25.808842,2025-04-05 20:27:48.346689,0 days 00:00:22.537847,0.6625916967052816,0.5638818256205247,16,0.061093008874214004,0.056792809381014026,0.025316917183937103,0.05632232848241803,0.023861729809271395,0.01514930513074629,0.0022616384351458805,24,88,0.09991936822293705,0.17460421220452463,False,False,True,5.35677157167433e-06,COMPLETE
642,0.4792394280433655,2025-04-05 20:27:48.557685,2025-04-05 20:28:18.570345,0 days 00:00:30.012660,0.6322405391486402,0.09110917822775887,8,0.0753882966047885,0.04813801447834615,0.028703209572342826,0.05327306651609511,0.016683382662556374,0.010111935735909077,0.001558757523227373,23,85,0.09515443929610105,0.1646181883020046,False,False,True,2.719983467159547e-06,COMPLETE
643,0.4743177354335785,2025-04-05 20:28:18.766317,2025-04-05 20:28:49.791887,0 days 00:00:31.025570,0.6164768566620213,0.11419894046382158,8,0.05297252114491587,0.0634319548314707,0.0214515211781616,0.054315177709229036,0.015076260047294655,0.013824141042428462,0.001833278494587121,24,93,0.09778948213091074,0.1566085484899778,False,False,True,6.371485738175015e-06,COMPLETE
644,0.35309675335884094,2025-04-05 20:28:50.000723,2025-04-05 20:29:26.032861,0 days 00:00:36.032138,0.6396702157457342,0.09909173246330186,8,0.06953398776323128,0.07524706972612058,0.026797505762698137,0.0158064143158932,0.019218391994045986,0.018271275756470248,0.001410150798529249,25,92,0.09474396900305207,0.182573597896432,False,False,False,4.717724558428836e-06,COMPLETE
645,0.42867836952209476,2025-04-05 20:29:26.229450,2025-04-05 20:29:56.454823,0 days 00:00:30.225373,0.668023284554322,0.07646957622314754,8,0.059087362471976865,0.04708438639369812,0.029425531075917406,0.05700495970270138,0.01889512798181778,0.01084196812880165,0.0016191303880111001,23,88,0.09796396766431131,0.07581596771671657,False,False,True,3.883522409383498e-06,COMPLETE
646,0.42640129923820497,2025-04-05 20:29:56.666179,2025-04-05 20:30:27.519421,0 days 00:00:30.853242,0.6220044898850784,0.11746409082844693,8,0.06546102545755692,0.04207876688017438,0.0305987356784159,0.05180567809915521,0.01269680360191853,0.00837386042042346,0.0029380969030985134,24,95,0.09997855344381694,0.16936128065237166,False,False,True,6.224245571952015e-06,COMPLETE
647,0.4849635183811188,2025-04-05 20:30:27.717170,2025-04-05 20:30:58.236924,0 days 00:00:30.519754,0.6482045537559349,0.09796173462304093,8,0.051843856155139464,0.040342646908602314,0.02464575015389299,0.055138674237631205,0.022070790777600255,0.013956372445619612,0.0013283803723285633,23,93,0.09619828468663177,0.18942009903759538,False,False,True,6.858370960416615e-06,COMPLETE
648,0.39340866208076475,2025-04-05 20:30:58.447370,2025-04-05 20:31:29.386861,0 days 00:00:30.939491,0.6060548328446798,0.07522014872578647,8,0.076337622954695,0.05247058451362927,0.027949366137367686,0.0525649426969322,0.020647089601003716,0.008570388083310522,0.00196591963846102,24,96,0.0952184270430056,0.034686388041480734,False,False,True,5.227879609204392e-06,COMPLETE
649,0.48561632633209234,2025-04-05 20:31:29.585805,2025-04-05 20:31:59.937555,0 days 00:00:30.351750,0.6279614736773218,0.12769642485007285,8,0.05508934570933559,0.04276685363113567,0.03244888154010005,0.05696610879844199,0.010628392413745124,0.011225711910383797,0.0012062859127655826,23,96,0.0975692044251572,0.16046523785781658,False,False,True,7.435965832052274e-06,COMPLETE
650,0.40182460546493537,2025-04-05 20:32:00.147446,2025-04-05 20:32:30.113794,0 days 00:00:29.966348,0.667817359934532,0.1356993540306911,8,0.062549480717838,0.05527418092946628,0.03475079843655828,0.05361869648722451,0.03285636810842302,0.01747594392038054,0.0015577320489717401,23,92,0.09658300746246565,0.17838966313684276,False,False,True,3.667328915607989e-06,COMPLETE
651,0.3813268899917603,2025-04-05 20:32:30.315588,2025-04-05 20:33:01.825521,0 days 00:00:31.509933,0.4851313591560261,0.11003378599758126,8,0.04696314349103629,0.03668600118745609,0.030076666021464655,0.05129078903364843,0.007953001505980117,0.011571714684698824,0.00231182675210882,25,97,0.0945242120725357,0.16847086872897876,False,False,True,7.285718046319811e-06,COMPLETE
652,0.4585342884063721,2025-04-05 20:33:02.037908,2025-04-05 20:33:33.155905,0 days 00:00:31.117997,0.6007036073109608,0.08460695394067358,8,0.0688984787653176,0.047125081565770145,0.0329832486474896,0.05575435524477328,0.07661656074869005,0.007010672249469246,0.00110109125579026,24,87,0.09809154586955941,0.15618465114621216,False,False,True,5.219344619239177e-06,COMPLETE
653,0.28615721464157107,2025-04-05 20:33:33.355903,2025-04-05 20:34:03.459036,0 days 00:00:30.103133,0.6367947241899596,0.14652778742772102,8,0.058112826155831195,0.03496253455643751,0.02662947356947986,0.05782800768518927,0.01749116706191366,0.008578150544416366,0.047559952172563556,23,94,0.06917534319952487,0.16451318512028196,False,True,True,4.0424667802146865e-06,COMPLETE
654,0.36106848716735845,2025-04-05 20:34:03.671694,2025-04-05 20:34:35.938182,0 days 00:00:32.266488,0.6129719885408123,0.11717081469161059,8,0.05116853383570957,0.2502697946942863,0.03813430770406638,0.05368843733737784,0.013486015517251215,0.01520131507316744,0.03395108920403205,26,90,0.09424711315375309,0.12668479774066688,False,False,True,5.986483327909112e-06,COMPLETE
655,0.450410258769989,2025-04-05 20:34:36.139242,2025-04-05 20:35:08.857773,0 days 00:00:32.718531,0.6620631365181638,0.09928279366672779,8,0.06746062140267324,0.043085742523918044,0.03476090507364354,0.04979665831696479,0.009751906619968493,0.09334096189027505,0.0013584696982986825,24,97,0.09802979134749049,0.17422111523923997,True,False,True,7.630024958270884e-06,COMPLETE
656,0.403181779384613,2025-04-05 20:35:09.069483,2025-04-05 20:35:31.540767,0 days 00:00:22.471284,0.5885979574117799,0.07352080217973431,16,0.07489944254274933,0.038019255874484084,0.04479835386981955,0.055484122586858475,0.011221734433861753,0.013595043224854608,0.0018575867557684357,23,93,0.0961728206675463,0.1549512243378947,False,False,True,2.966326187295106e-06,COMPLETE
657,0.42130522727966313,2025-04-05 20:35:31.743019,2025-04-05 20:36:02.246093,0 days 00:00:30.503074,0.6472625309422553,0.1405956349372227,8,0.045101217317824516,0.03244918187369341,0.023733329130935718,0.05852836956023842,0.00815260622941522,0.01015414785089486,0.0009972819642936088,24,83,0.0980203251378802,0.16056197271675607,False,False,True,5.108104735235763e-06,COMPLETE
658,0.4854793071746827,2025-04-05 20:36:02.459009,2025-04-05 20:36:32.548874,0 days 00:00:30.089865,0.6171049027976339,0.12712468418721293,8,0.06238331847890941,0.048596085937086565,0.031164273080400852,0.05190141339829463,0.0059912384195765014,0.0068436581744222656,0.001284299898878051,23,98,0.09452567508325818,0.18240741652516493,False,False,True,7.575178019928769e-06,COMPLETE
659,0.38202862739562987,2025-04-05 20:36:32.752965,2025-04-05 20:37:04.395994,0 days 00:00:31.643029,0.592635088817646,0.09852407517276972,8,0.05711377094581691,0.08441596314118183,0.029253483881477887,0.05405815157445461,0.039397947535737575,0.012400213600574167,0.005099748453185606,25,96,0.09998104054931466,0.16879126086492074,False,False,True,4.348216035516331e-06,COMPLETE
660,0.4827320396900177,2025-04-05 20:37:04.608590,2025-04-05 20:37:34.617659,0 days 00:00:30.009069,0.6361293835912515,0.11930556222734975,8,0.05272560646324188,0.06485886871162105,0.0401058458076094,0.0567370629995985,0.01483305376810675,0.009685692664403129,0.0015637116205325196,23,90,0.09606998564019144,0.15025100753051904,False,False,True,6.663142774939994e-05,COMPLETE
661,0.4884063839912415,2025-04-05 20:37:34.833815,2025-04-05 20:38:05.762856,0 days 00:00:30.929041,0.6773713853505863,0.06792682052273488,8,0.07964375896590872,0.054691173778475675,0.02745381096750794,0.047221259491795335,0.00880439888208951,0.017045522458846604,0.0010438554983128326,24,99,0.09383428078676165,0.16322580955465918,False,False,True,6.330715956151239e-06,COMPLETE
662,0.47877544760704044,2025-04-05 20:38:05.967719,2025-04-05 20:38:37.454832,0 days 00:00:31.487113,0.6668517549358307,0.06467479085673292,8,0.07980749262158086,0.07090742293349392,0.027209476836644514,0.04745349722029418,0.02508966214993677,0.01825513655383311,0.0011400698164583222,25,99,0.09316821167146389,0.16023487573538617,False,False,True,6.370901900636162e-06,COMPLETE
663,0.3497435629367829,2025-04-05 20:38:37.670651,2025-04-05 20:39:13.063973,0 days 00:00:35.393322,0.6806176962959152,0.06344106394414517,8,0.08663518495387058,0.0624457175540033,0.024979822368608115,0.04499702840802229,0.012971423913745332,0.017672141583952798,0.0013374154893509684,24,94,0.09284657731398883,0.17308582373176068,False,False,False,2.110464962505904e-06,COMPLETE
664,0.4846635699272156,2025-04-05 20:39:13.267399,2025-04-05 20:39:44.048824,0 days 00:00:30.781425,0.6785657986799438,0.06232108596578226,8,0.07922854628439407,0.056080295231165214,0.026076935269285527,0.04790672854519382,0.011336576811425924,0.015132814692242893,0.0009971808341236186,24,97,0.09369434748864577,0.1520206217277071,False,False,True,4.9235080533741275e-06,COMPLETE
665,0.48607736825943,2025-04-05 20:39:44.262910,2025-04-05 20:40:15.590704,0 days 00:00:31.327794,0.6544005486055746,0.07854176189293509,8,0.08285178171077952,0.05387481808237851,0.030023982710982146,0.045975848908143484,0.010113315173044929,0.015880760618662507,0.0016055299757720745,25,93,0.0952236313306545,0.19305906614479662,False,False,True,6.325994518852196e-06,COMPLETE
666,0.4144537210464478,2025-04-05 20:40:15.797462,2025-04-05 20:40:46.923239,0 days 00:00:31.125777,0.6621168550332067,0.05378208765593708,8,0.08212439878000266,0.062117453812677755,0.027227048457856118,0.046106468484062364,0.009936478060172154,0.016646523654540234,0.002316041645846583,25,88,0.09227863557894407,0.18853409069342086,False,False,True,6.277948120016049e-06,COMPLETE
667,0.4067892074584961,2025-04-05 20:40:47.138190,2025-04-05 20:41:18.928173,0 days 00:00:31.789983,0.6531060998515795,0.055298475108479024,8,0.07019275457214572,0.05874860198816997,0.029394519497999157,0.0465608576960765,0.012425947557754564,0.01929554759709655,0.003568200275107858,25,92,0.09434237686555642,0.1906075047210577,False,False,True,3.531119074085868e-06,COMPLETE
668,0.39334003925323485,2025-04-05 20:41:19.131695,2025-04-05 20:41:50.687921,0 days 00:00:31.556226,0.6893472695561189,0.0633235643395487,8,0.07339885362713142,0.06437845457956248,0.03189956975082255,0.048268627743753234,0.009852581653828095,0.016374335517332354,0.001805785430283507,25,98,0.09218928836779222,0.19377621614733023,False,False,True,4.289263969409534e-06,COMPLETE
669,0.4088471710681916,2025-04-05 20:41:50.904863,2025-04-05 20:42:14.784611,0 days 00:00:23.879748,0.6759815369304395,0.08029488942680783,16,0.07830491127221623,0.05395066011223607,0.02844050204604226,0.043572287663681354,0.014394651885325916,0.018108254334739008,0.0020074857420319813,26,100,0.05267937108380707,0.1808607943412598,False,False,True,6.081754522795749e-06,COMPLETE
670,0.3989254176616669,2025-04-05 20:42:14.990230,2025-04-05 20:42:46.230444,0 days 00:00:31.240214,0.6494925257497144,0.08308861768407408,8,0.1473988417671137,0.053624203061208235,0.030615876626795765,0.04658207530336521,0.01149217199314001,0.01989547059549379,0.0025707534639866788,24,95,0.0951682053458961,0.1760470267182382,False,False,True,7.290313815469626e-06,COMPLETE
671,0.43083588480949403,2025-04-05 20:42:46.447249,2025-04-05 20:43:18.645927,0 days 00:00:32.198678,0.6425603101254989,0.07705607764575076,8,0.07358497613205874,0.05202830881033971,0.02304529940221997,0.04026929836159402,0.008882406205952289,0.0150690508749474,0.001541666496821333,26,91,0.09460562437973773,0.1856094160901716,False,False,True,5.084320846676772e-06,COMPLETE
672,0.48571227192878724,2025-04-05 20:43:18.850618,2025-04-05 20:43:50.632768,0 days 00:00:31.782150,0.6807274470525483,0.08973867656913127,8,0.06643335009623241,0.04716157410161312,0.02831267437635326,0.05012359827188923,0.015969693699608684,0.01722854156524972,0.001619719806514414,25,99,0.09640766551714282,0.1772474286216315,False,False,True,8.136134319894759e-06,COMPLETE
