number,value,datetime_start,datetime_complete,duration,params_alpha-eval,params_alpha-train,params_batch-size,params_eps-eval,params_eps-train,params_lambda-actions-eval,params_lambda-actions-train,params_lambda-frames-eval,params_lambda-frames-train,params_learning-rate,params_n-epochs,params_n-frames,params_radius-gw,params_rho,params_std-feats,params_ub-actions,params_ub-frames,params_weight-decay,state
1291,0.3820644676685333,2025-04-06 03:10:31.033132,2025-04-06 03:10:54.100777,0 days 00:00:23.067645,0.6683440673611213,0.08798487399028239,8,0.04664507241601999,0.24667056317460584,0.014456965405451473,0.06162716098212614,0.019730518554453742,0.009366540925743731,0.0009606244904148227,13,85,0.06041946382876804,0.19802145332564194,False,False,True,1.8753415322427094e-06,COMPLETE
1292,0.3525861442089081,2025-04-06 03:10:54.514977,2025-04-06 03:11:31.292979,0 days 00:00:36.778002,0.7081988033558307,0.06494148141913626,8,0.05580389094070952,0.17258152637427998,0.011423825621202314,0.06382779689391185,0.01846320054168125,0.010151478827370594,0.0014391419756356303,30,81,0.09684161905515389,0.20990895291197295,True,False,True,1.0594901921930273e-06,COMPLETE
1293,0.48923041820526125,2025-04-06 03:11:31.703341,2025-04-06 03:12:05.845284,0 days 00:00:34.141943,0.6868192120328334,0.12586865794216115,8,0.06373456441138321,0.06630704529601768,0.013860910764085164,0.01222555067090507,0.0209339655262079,0.007200043662280178,0.001083575694661096,29,78,0.09802027248185309,0.1871087780903783,False,False,True,2.3103362366502984e-06,COMPLETE
1294,0.3574496150016785,2025-04-06 03:12:06.260643,2025-04-06 03:12:41.145289,0 days 00:00:34.884646,0.7612814090181843,0.08546118609038805,8,0.07053215363802814,0.1167884819306726,0.015738034568557772,0.058611838134031244,0.017290644449103165,0.011709445605789265,0.0008560385786465747,30,87,0.09996014943095995,0.17747038075826854,False,False,True,1.4128064655771108e-06,COMPLETE
1295,0.48200478553771975,2025-04-06 03:12:41.557921,2025-04-06 03:13:17.152211,0 days 00:00:35.594290,0.7959297195007062,0.046042801454549545,8,0.05194883438169999,0.07416865798760576,0.009101881740368155,0.003703625189998671,0.02416146489879524,0.008607532289296936,0.0011820983334288086,30,84,0.09992217191628923,0.20633867034752523,False,False,True,8.212079769448796e-07,COMPLETE
1296,0.4065387129783631,2025-04-06 03:13:17.562826,2025-04-06 03:13:52.063115,0 days 00:00:34.500289,0.6684720663073856,0.1100330319121481,8,0.1277726083696925,0.06096970010966693,0.011923708476276844,0.060350084622555596,0.0193473777599643,0.005312176262648122,0.0009178158625186392,29,81,0.09655665874857637,0.1950485900046511,False,False,True,1.857106186123055e-06,COMPLETE
1297,0.41145744919776917,2025-04-06 03:13:52.475209,2025-04-06 03:14:27.150889,0 days 00:00:34.675680,0.727356225358969,0.07018556166559807,8,0.06126753006945102,0.06918180522404062,0.005678493242358589,0.06347411534698946,0.07079119061078755,0.002850397780864011,0.0007914033316528095,30,77,0.09993090813736961,0.19177233648759145,False,False,True,1.3071790025122904e-06,COMPLETE
1298,0.3669721186161041,2025-04-06 03:14:27.564043,2025-04-06 03:15:03.191437,0 days 00:00:35.627394,0.6968185511799095,0.0401156389696911,8,0.04558269747790941,0.054758745316083414,0.010503597774646031,0.001017830121219217,0.02209707744822595,0.010578096517986777,0.0009977693820799067,26,68,0.09501908924648454,0.1690574452739789,False,False,False,8.688474589575768e-07,COMPLETE
1299,0.3464810252189636,2025-04-06 03:15:03.629127,2025-04-06 03:15:35.911538,0 days 00:00:32.282411,0.6757289683879442,0.08895209869041006,8,0.056246655231753095,0.07846564466813083,0.015692433259403307,0.061255011439840606,0.01768585385790971,0.0648144792289457,0.0008405282154813732,26,90,0.09702933940576731,0.20145483692953964,False,False,True,1.1540984506576393e-06,COMPLETE
1300,0.38108112215995793,2025-04-06 03:15:36.331735,2025-04-06 03:16:09.872526,0 days 00:00:33.540791,0.4335650302235142,0.06051465100824166,8,0.06856685358314875,0.18484829403273625,0.013632937980057554,0.021531007004536862,0.02018199204064362,0.017413414282150506,0.0011807937332398454,28,84,0.0965632956668292,0.18710998646093624,False,False,True,3.2741264038576394e-06,COMPLETE
1301,0.4320072114467621,2025-04-06 03:16:10.290340,2025-04-06 03:17:38.048393,0 days 00:01:27.758053,0.3035214548304611,0.03208643411410817,2,0.06315663409887808,0.06520554336283678,0.01665313635874044,0.05884728055990142,0.01685317654367433,0.014414622429529369,0.0013665819553692355,26,73,0.09994013828203757,0.03967728712880268,False,False,True,1.6730896295417463e-06,COMPLETE
1302,0.33727369308471683,2025-04-06 03:17:38.466780,2025-04-06 03:18:11.646304,0 days 00:00:33.179524,0.7154197132644122,0.10044772765740226,8,0.21941491637034038,0.07066028151664872,0.008049408893633838,0.0656501478553819,0.02358717153920401,0.011958760600390082,0.0008857844019699248,27,79,0.0999624384831049,0.1788139644046395,False,False,True,7.227239702926416e-07,COMPLETE
1303,0.4852506279945374,2025-04-06 03:18:12.063719,2025-04-06 03:18:46.249553,0 days 00:00:34.185834,0.6929936576653902,0.06988918735222599,8,0.034464165331848,0.058258536120421166,0.0032061864459811684,0.0679221613992689,0.01876955715595266,0.006982518777871747,0.0010093856133438714,29,87,0.09430921653332397,0.18307012287838348,False,False,True,2.5309654318536932e-06,COMPLETE
1304,0.34865049719810487,2025-04-06 03:18:46.665769,2025-04-06 03:19:20.478746,0 days 00:00:33.812977,0.855873105693614,0.052713512119057976,8,0.050426682175100296,0.048011091930310196,0.014511217488468254,0.06308801239011423,0.03536388891165194,0.00905098236067297,0.0007823895949564432,28,82,0.028739386601635022,0.19298249588868227,False,False,True,9.921071893020855e-07,COMPLETE
1305,0.4607741177082062,2025-04-06 03:19:20.894024,2025-04-06 03:19:53.028335,0 days 00:00:32.134311,0.7456521720839595,0.08174847722322882,8,0.0710705951140108,0.07577655138943544,0.005046198322290255,0.060823835489371064,0.021140392454110042,0.02000729315265523,0.0007255419622770648,26,75,0.09822638570703712,0.199633919217412,False,False,True,1.2973770943091988e-06,COMPLETE
1306,0.4122384548187256,2025-04-06 03:19:53.446146,2025-04-06 03:20:26.520412,0 days 00:00:33.074266,0.6633822953576868,0.1073156167169391,8,0.05619310456493759,0.06347547493273575,0.012642862924376741,0.013696747624416606,0.017146656973585285,0.015286571769129422,0.0011288245009003497,27,78,0.024177895858634772,0.2072967339076177,False,False,True,1.9763155949614794e-06,COMPLETE
1307,0.41160678267478945,2025-04-06 03:20:26.937984,2025-04-06 03:20:51.112409,0 days 00:00:24.174425,0.714667909013692,0.02398225809168412,16,0.14817423718416872,0.07099201220879216,0.010174938588544092,0.007970963927936652,0.06387424958970242,0.01778320754985366,0.000879966863910583,29,71,0.0957193126181132,0.1860503525377973,False,False,True,6.604365034656217e-07,COMPLETE
1308,0.3532986521720886,2025-04-06 03:20:51.531016,2025-04-06 03:21:24.527154,0 days 00:00:32.996138,0.6820361325045327,0.05647831036635832,8,0.0644621934342595,0.07990774572939299,0.016801346061650194,0.05643686313483411,0.012948467129199523,0.012483707446784141,0.0007042264180978031,27,84,0.09999691076493246,0.17327890576062738,False,True,True,9.406537565139354e-07,COMPLETE
1309,0.37470788359642027,2025-04-06 03:21:24.963657,2025-04-06 03:21:58.784734,0 days 00:00:33.821077,0.7005636762146725,0.12591317677806604,8,0.04126622961065213,0.05974957105045195,0.014670491129670941,0.05927894502872716,0.03144183144095289,0.010324844559958883,0.0010102556068205262,26,81,0.09702195384120724,0.19515869835163724,True,False,True,1.6245687999054146e-06,COMPLETE
1310,0.34601862430572516,2025-04-06 03:21:59.208714,2025-04-06 03:22:32.733330,0 days 00:00:33.524616,0.6579066747065754,0.080857132866758,8,0.059658436371873264,0.14778394938201012,0.01802233939816278,0.0658528204874913,0.015230290482080171,0.06940868006333366,0.00141278294986068,28,76,0.09262951913690701,0.20127793520161769,False,False,True,1.1539341921677267e-06,COMPLETE
1311,0.44873605370521547,2025-04-06 03:22:33.154610,2025-04-06 03:23:06.145648,0 days 00:00:32.991038,0.7284709656007725,0.041374654304423254,8,0.07201700047484763,0.08645594313568179,0.01168754129313809,0.062222515738716566,0.019417958865685366,0.01622731374114529,0.0008030315985237114,27,86,0.0980760318564113,0.18092592840222926,False,False,True,2.7918542265361296e-06,COMPLETE
1312,0.35502032041549686,2025-04-06 03:23:06.568684,2025-04-06 03:23:40.565584,0 days 00:00:33.996900,0.6791316689033865,0.06909926643251227,8,0.11440765900837288,0.06626137143598328,0.0010508655306112552,0.010533395581911652,0.021971795329786076,0.07478905004534678,0.0011577859929261583,28,81,0.09494840809118059,0.1907850771599738,False,False,True,7.54441174277972e-07,COMPLETE
1313,0.3519416511058807,2025-04-06 03:23:40.985932,2025-04-06 03:24:13.917120,0 days 00:00:32.931188,0.6981854132366916,0.09055798622379302,8,0.0512255545930956,0.2551122800488177,0.007130105929433641,0.059198762254457964,0.017527116895706,0.014176413398712975,0.0006275651872821727,26,90,0.09813859170620766,0.19700309678580158,False,False,True,2.207773958925703e-06,COMPLETE
1314,0.46561673283576965,2025-04-06 03:24:14.337290,2025-04-06 03:24:47.358627,0 days 00:00:33.021337,0.7472800888823101,0.04914991682455663,8,0.06646416330073557,0.05363370991279112,0.015386610205411258,0.06411481648231818,0.025096963420221892,0.018814918778053975,0.0009087060008436173,27,78,0.09665436519050881,0.17405562530517743,False,False,True,6.066988185113102e-07,COMPLETE
1315,0.38427253365516667,2025-04-06 03:24:47.779325,2025-04-06 03:26:20.691254,0 days 00:01:32.911929,0.6647027587310378,0.010812134525667733,2,0.18040445311410475,0.07420119917004679,0.04201882779358877,0.05760142473494032,0.015295827580797393,0.006664602115069867,0.00067159735806288,28,74,0.09349734282624458,0.21179181593770602,False,False,True,1.4709571601457687e-06,COMPLETE
1316,0.48497432470321655,2025-04-06 03:26:21.108864,2025-04-06 03:26:55.420548,0 days 00:00:34.311684,0.7169356045597376,0.10986453462253903,8,0.05682731838891066,0.06883173379920877,0.016692496127496678,0.0168601407877633,0.019796692783323497,0.008889655224226547,0.0008004334812552683,29,84,0.09808776087227772,0.18779459738890988,False,False,True,9.39910473934552e-07,COMPLETE
1317,0.36419807076454164,2025-04-06 03:26:55.840043,2025-04-06 03:27:31.952883,0 days 00:00:36.112840,0.6852707843493312,0.0692063220104324,8,0.06375051627215202,0.06132935179883316,0.012760827666061434,0.061064933106628014,0.012039467437958501,0.012163728008186329,0.043041224677071506,26,87,0.09538767117363485,0.2038750879187469,False,False,False,3.345623137150765e-06,COMPLETE
1318,0.48665771484375003,2025-04-06 03:27:32.389543,2025-04-06 03:28:05.015195,0 days 00:00:32.625652,0.6622850937970446,0.034542156724045335,8,0.04805132443809385,0.07647115762707118,0.018385008138617986,0.005840322107902776,0.018098099196541702,0.020600848163243243,0.0010367337159986106,27,79,0.0983195009847131,0.18039136485386487,False,False,True,1.8810173264897568e-06,COMPLETE
1319,0.3778272569179535,2025-04-06 03:28:05.440404,2025-04-06 03:28:39.201340,0 days 00:00:33.760936,0.7666127298053784,0.09065741625795026,8,0.07466740378304965,0.09752253436321918,0.009211606581531764,0.06721469349873076,0.014313309040831237,0.01651942240226501,0.001375622368862894,28,82,0.09998718455841565,0.1927204905151081,False,False,True,1.2140046842167104e-06,COMPLETE
1320,0.48713030815124514,2025-04-06 03:28:39.624757,2025-04-06 03:29:11.389398,0 days 00:00:31.764641,0.7065280132749693,0.05208801842538942,8,0.008974666091906697,0.04866686267975151,0.0030725317177984542,0.056544405088259184,0.023174755845704692,0.014091708760520377,0.0005961520546733031,26,76,0.0964240282419472,0.18571265653259472,False,False,True,7.606849983697541e-07,COMPLETE
1321,0.48146245479583744,2025-04-06 03:29:11.809114,2025-04-06 03:29:46.709687,0 days 00:00:34.900573,0.7303024539772486,0.07630899829380813,8,0.05897566731679843,0.06591162246457956,0.014873187093400941,0.06228663979914703,0.028723340859570033,0.011050741654226436,0.000885983080569687,30,71,0.09178279408502095,0.20111822789331904,False,False,True,5.919028535722992e-07,COMPLETE
1322,0.348238468170166,2025-04-06 03:29:47.130159,2025-04-06 03:30:19.888991,0 days 00:00:32.758832,0.6804706172770884,0.1290869353083369,8,0.03154955621315434,0.08146756053619895,0.0052889839041548314,0.05951291758122769,0.016145596545798942,0.04821518696998267,0.0006940765354314214,27,80,0.09459473530921607,0.17100253559919287,False,False,True,2.4495357091671694e-06,COMPLETE
1323,0.39958140254020696,2025-04-06 03:30:20.305865,2025-04-06 03:30:53.325175,0 days 00:00:33.019310,0.6925869835761221,0.103504701197219,8,0.044113061939691015,0.057102095787381374,0.019598207615414507,0.035804552874633015,0.048394867952139056,0.0043310603583195505,0.0004971048683202892,27,84,0.08409770257134486,0.19455222018082696,False,False,True,9.544823856123414e-07,COMPLETE
1324,0.48900889158248906,2025-04-06 03:30:53.741987,2025-04-06 03:31:27.101425,0 days 00:00:33.359438,0.6550338928347819,0.026440377682940195,8,0.052767495460298366,0.07201825018005742,0.0952662469089574,0.06464545967977176,0.02043728507571474,0.018319590000242903,0.0011805096125779044,28,74,0.09820999257944116,0.21688449338486918,False,False,True,1.434747110483402e-06,COMPLETE
1325,0.4884352564811707,2025-04-06 03:31:27.523773,2025-04-06 03:31:59.690622,0 days 00:00:32.166849,0.7147581126532332,0.06050057647042485,8,0.06752166009863904,0.06409323503562016,0.017326832563357757,0.05825704750958996,0.01781220697751835,0.015439817815634041,0.0007956605132859214,26,89,0.09646493799792348,0.20710290294999945,False,False,True,1.7903289606855853e-06,COMPLETE
1326,0.28615721464157107,2025-04-06 03:32:00.134259,2025-04-06 03:33:32.253314,0 days 00:01:32.119055,0.7398716759306485,0.08539321061474835,2,0.06071320553270864,0.07459102556254367,0.059035668651741396,0.008890206839587769,0.025356101397589946,0.00831155502779324,0.0010129442204572623,27,68,0.09818241918125498,0.18294268518364198,False,True,True,1.0633417816747565e-06,COMPLETE
1327,0.36887029409408567,2025-04-06 03:33:32.679382,2025-04-06 03:34:06.991228,0 days 00:00:34.311846,0.6783492714533557,0.8141231129516744,8,0.0543472472463979,0.08759904369521017,0.01147352153196023,0.05544598102905629,0.013243841390767867,0.013077794534715697,0.0003830201599504588,29,77,0.09505537419798846,0.19102111033317956,False,False,True,8.070865164424557e-07,COMPLETE
1328,0.3182405769824982,2025-04-06 03:34:07.432166,2025-04-06 03:34:42.106251,0 days 00:00:34.674085,0.699442988996976,0.043694960602966834,8,0.1935723322024584,0.05417586957413395,0.01452828498859624,0.061511200918446814,0.03339647214634463,0.010053101397536918,0.0005678452016393097,27,82,0.09675967388453309,0.20053118564194752,True,False,True,2.0710106919691337e-06,COMPLETE
1329,0.491849160194397,2025-04-06 03:34:42.531248,2025-04-06 03:35:16.264463,0 days 00:00:33.733215,0.6560818719764709,0.0636616701417923,8,0.07090901181358912,0.06990662756783887,0.01831482057617101,0.06363021655957193,0.021493098623063246,0.017113865247463278,0.0007446459017391372,28,86,0.09843683456360709,0.1765712072953941,False,False,True,6.058008907833726e-07,COMPLETE
1330,0.3580956101417542,2025-04-06 03:35:16.688528,2025-04-06 03:35:41.468670,0 days 00:00:24.780142,0.6703314358437141,0.8338535340500014,16,0.07936681141658747,0.061181260095773335,0.019000886017508906,0.0685583993846063,0.024358814883690905,0.01950145139004385,0.0014856133649748613,29,89,0.09318814557462399,0.1666373372815412,False,False,True,5.006965196285886e-07,COMPLETE
1331,0.4761453330516815,2025-04-06 03:35:41.892385,2025-04-06 03:36:16.138697,0 days 00:00:34.246312,0.6927521812568529,0.11251120603597958,8,0.0793583711462695,0.06700657926280545,0.020031345087485313,0.06629874032785134,0.022427312092870643,0.02120418798648509,0.0009621321127522932,29,87,0.09813724930414912,0.17742477125039438,False,False,True,3.8994197612423933e-07,COMPLETE
1332,0.3798287570476532,2025-04-06 03:36:16.561429,2025-04-06 03:36:50.186325,0 days 00:00:33.624896,0.7867787802642952,0.0809811517037569,8,0.08308039103091341,0.07819308730087818,0.018034323823950888,0.06539543685254906,0.022587724206101948,0.022942913943143434,0.0011715484371400194,28,86,0.08982121998598949,0.16895364414333008,False,False,True,4.5482373425928937e-07,COMPLETE
1333,0.4737534403800964,2025-04-06 03:36:50.609456,2025-04-06 03:37:24.414164,0 days 00:00:33.804708,0.7163277993169826,0.09258743116382079,8,0.07258523334269774,0.05920781047777759,0.020778029033862843,0.0679407466836447,0.02702621284504794,0.01745849589288369,0.0008064602327727633,28,87,0.0964453171587573,0.1737348544253305,False,False,True,6.055927256073914e-07,COMPLETE
1334,0.48087213039398197,2025-04-06 03:37:24.858095,2025-04-06 03:37:59.381367,0 days 00:00:34.523272,0.6677816717496862,0.1237268554017408,8,0.07334191553915828,0.0692506694859713,0.018512777154266438,0.06422839148005292,0.024302094721113044,0.018997159788414087,0.0009603158855963201,29,89,0.09994903736066091,0.1656113423252514,False,False,True,5.74239580492538e-07,COMPLETE
1335,0.48204201459884644,2025-04-06 03:37:59.824756,2025-04-06 03:38:33.121865,0 days 00:00:33.297109,0.6536243554254328,0.06798359524991429,8,0.07551601838937964,0.04741320319120332,0.01676531384365227,0.06605726777308892,0.02132230356870713,0.017405906700974534,0.000740984853576871,28,72,0.09444824444012855,0.16955457728733506,False,False,True,6.435186861817743e-07,COMPLETE
1336,0.34979547858238225,2025-04-06 03:38:33.548955,2025-04-06 03:39:11.465511,0 days 00:00:37.916556,0.7026604053022272,0.09884851807176369,8,0.06897182600218169,0.062049496511765764,0.021377539598400785,0.06329937844662603,0.026317581735119,0.019695969597549823,0.0008902237100704185,28,90,0.09998686619645364,0.17374454042662346,False,False,False,4.889735303681196e-07,COMPLETE
1337,0.4320349276065827,2025-04-06 03:39:11.896554,2025-04-06 03:39:47.106949,0 days 00:00:35.210395,0.7315468364018489,0.06982994870167022,8,0.06906827933384534,0.0833446477173998,0.0168289715349715,0.06950092257075567,0.023434270937986522,0.02145130525707035,0.0012367363463888106,30,80,0.09675274247817571,0.17756255215898434,False,False,True,3.472290401054512e-07,COMPLETE
1338,0.40680550336837773,2025-04-06 03:39:47.531322,2025-04-06 03:40:21.894422,0 days 00:00:34.363100,0.6842452052090275,0.1032651815865221,8,0.07991717634647524,0.07431451074876544,0.02185628245855411,0.01352890782532257,0.030301256819496622,0.016991761839398586,0.0010870041162379834,29,84,0.06296230560281049,0.18239005522137824,False,False,True,4.237143598601377e-07,COMPLETE
1339,0.47796365618705755,2025-04-06 03:40:22.321167,2025-04-06 03:41:54.621239,0 days 00:01:32.300072,0.7559480673455199,0.05906794017045498,2,0.07428364489146762,0.05386503615996755,0.019784405015895498,0.06407494062154918,0.020118637402504313,0.016102718077823153,0.0007161904592555367,28,77,0.0982184393178202,0.18151330533636562,False,False,True,6.911538908012569e-07,COMPLETE
1340,0.4625601649284363,2025-04-06 03:41:55.047780,2025-04-06 03:42:28.416520,0 days 00:00:33.368740,0.6668548515739935,0.08095787921657391,8,0.08516572176022434,0.0667482261823859,0.01881768843585217,0.06682684709367938,0.03761553774427244,0.018901392348039225,0.0008820403847982175,28,79,0.09496848975467675,0.17858292574945678,False,False,True,6.384164500722651e-07,COMPLETE
1341,0.39915267229080204,2025-04-06 03:42:28.841053,2025-04-06 03:43:03.088527,0 days 00:00:34.247474,0.7047521565578282,0.029458905396728755,8,0.06603188331649885,0.07090016236473,0.01683790658192335,0.06286383637534276,0.021793495806303142,0.09567263687392903,0.009429837613529822,29,74,0.09822175321623947,0.17430672559439156,False,False,True,2.3783757334016317e-07,COMPLETE
1342,0.39336506724357606,2025-04-06 03:43:03.530903,2025-04-06 03:43:37.442113,0 days 00:00:33.911210,0.6768913390155484,0.37012825274275696,8,0.06873282011074344,0.0581696247259281,0.015714594658418547,0.011819847885552289,0.02505704335444498,0.023902840641170875,0.0006193802545899805,28,86,0.0999940270779544,0.21142444716848224,False,False,True,5.193222183667275e-07,COMPLETE
1343,0.40099682807922366,2025-04-06 03:43:37.873028,2025-04-06 03:44:12.411574,0 days 00:00:34.538546,0.8160792079951309,0.04543192089479104,8,0.06279074542423153,0.07826006217953187,0.018571388186609673,0.026586386096802396,0.040327236949087894,0.017869618030664162,0.0014720806993440557,29,82,0.09209519458988277,0.17305339071017511,False,False,True,7.75443345952299e-07,COMPLETE
1344,0.4139109194278717,2025-04-06 03:44:12.846452,2025-04-06 03:44:45.797980,0 days 00:00:32.951528,0.7258569284480189,0.12590233748455015,8,0.07399601510314016,0.06663144958968928,0.02235498551720806,0.0645994497206402,0.021027440825829982,0.01565311220352837,0.0007913533228036005,27,69,0.09593548203047542,0.16665743528503907,False,False,True,3.1839228899326797e-07,COMPLETE
1345,0.28592678904533386,2025-04-06 03:44:46.231317,2025-04-06 03:45:22.069901,0 days 00:00:35.838584,0.6560762447912818,0.2442845118518996,8,0.06346392312401558,0.09326575400419686,0.02057297709464041,0.0041429528539859315,0.019043162656347166,0.02134576940297268,0.00010649753053131046,30,90,0.09685440581010553,0.18603689111045785,False,True,True,5.716977327771846e-07,COMPLETE
1346,0.4843261957168579,2025-04-06 03:45:22.499362,2025-04-06 03:45:55.854047,0 days 00:00:33.354685,0.6921756505252227,0.07589741362287382,8,0.06782263682530072,0.06100519987381128,0.016663326725231645,0.06167718506619602,0.027290609827015422,0.015416691115604108,0.0010132428208763317,28,76,0.09406686077013814,0.19699394350443164,False,False,True,8.237346111937185e-07,COMPLETE
