number,value,datetime_start,datetime_complete,duration,params_alpha-eval,params_alpha-train,params_batch-size,params_eps-eval,params_eps-train,params_lambda-actions-eval,params_lambda-actions-train,params_lambda-frames-eval,params_lambda-frames-train,params_learning-rate,params_n-epochs,params_n-frames,params_radius-gw,params_rho,params_std-feats,params_ub-actions,params_ub-frames,params_weight-decay,state
911,0.46871283650398254,2025-04-25 15:33:06.435199,2025-04-25 15:33:45.100174,0 days 00:00:38.664975,0.03156041400571201,0.653954225658624,8,0.18693201980934582,0.12533425525780767,0.02693991151837474,0.09801223975752976,0.0047257167721638646,0.029241366105786426,7.008726097788921e-05,27,52,0.06302894580156246,0.23833845428336914,True,False,False,0.0008987125704750185,COMPLETE
912,0.46038154959678657,2025-04-25 15:33:45.392704,2025-04-25 15:34:24.863794,0 days 00:00:39.471090,0.03171826855652886,0.6416540660109255,8,0.19006414084766465,0.1175102883799921,0.024710446219526883,0.09737730185977889,0.00509491735120748,0.0291840961591663,7.303900801398138e-05,28,48,0.06197802581006436,0.24377202648147053,True,False,False,0.0009211828042140351,COMPLETE
913,0.4644998848438263,2025-04-25 15:34:25.160047,2025-04-25 15:35:03.801289,0 days 00:00:38.641242,0.010952752765159987,0.6502037668091719,8,0.20561653066395888,0.1247034880235738,0.02792227670372775,0.09976378328211992,0.0018393609250430677,0.02880635978165349,8.892442416810098e-05,27,51,0.06997050503042244,0.23840656935146337,True,False,False,0.000954107324186254,COMPLETE
914,0.35035049319267275,2025-04-25 15:35:04.098235,2025-04-25 15:35:40.402569,0 days 00:00:36.304334,0.05039193249197764,0.6569008087406479,8,0.18602944268650282,0.11862389070107965,0.026534916678948934,0.09853802321107134,0.005704870659969517,0.02983041090419554,6.23387041453021e-05,26,52,0.06651612796417786,0.23739199087023513,False,False,False,0.0009512879554988223,COMPLETE
915,0.4653393864631653,2025-04-25 15:35:40.685816,2025-04-25 15:36:19.290357,0 days 00:00:38.604541,0.027901079545194142,0.6623488887534513,8,0.19638377771397744,0.11258033256805575,0.02853954688270398,0.0986509076994125,0.008544216039524571,0.02782271589624675,7.437004835008268e-05,27,48,0.06453482804464154,0.24426758379007135,True,False,False,0.0009994874144768188,COMPLETE
916,0.46942731738090515,2025-04-25 15:36:19.587296,2025-04-25 15:36:58.948180,0 days 00:00:39.360884,0.05447986089411049,0.644783744766918,8,0.191175816896878,0.12021002779024208,0.02435546151907904,0.09477496343001458,0.002873870121803082,0.03107037323884939,8.702420275590665e-05,28,54,0.06299112125005589,0.24293689736943574,True,False,False,0.0009656245176798769,COMPLETE
917,0.43936873078346256,2025-04-25 15:36:59.244568,2025-04-25 15:37:37.037503,0 days 00:00:37.792935,0.04321694043926219,0.6373518205102893,8,0.19449279260459046,0.11370908722598226,0.023166373289779905,0.09447229641398835,0.006810752060811532,0.029930811337365505,8.989260624704983e-05,26,43,0.06466137164392348,0.23518191564918667,True,False,False,0.0009858054728702978,COMPLETE
918,0.4535300314426422,2025-04-25 15:37:37.338214,2025-04-25 15:38:16.063469,0 days 00:00:38.725255,0.05836632227425556,0.6500211742064568,8,0.20221760234187167,0.12026360872864843,0.02479820432076952,0.0980538399435922,0.0038811936188876965,0.03375928900329324,6.080025144854669e-05,27,47,0.06315974231816839,0.24285555568215894,True,False,False,0.0008321853226308717,COMPLETE
919,0.28615721464157107,2025-04-25 15:38:16.350379,2025-04-25 15:38:51.089928,0 days 00:00:34.739549,0.028340405975180737,0.6469038478366527,8,0.1891268501776558,0.11351202395274751,0.026237150174745906,0.09422419900872998,0.0025156655292881335,0.027006941962670568,9.026806828932414e-05,28,52,0.06575341619721256,0.22988124981474042,True,True,False,0.0009684159293174144,COMPLETE
920,0.46314784288406374,2025-04-25 15:38:51.384609,2025-04-25 15:39:29.833626,0 days 00:00:38.449017,0.06318895050776693,0.6649856728524651,8,0.19534972015180405,0.1262817650863472,0.023872364402990426,0.09997148423959731,0.003741191277934567,0.030687406471511067,6.96542258558409e-05,27,50,0.061907603347459504,0.23635937876325747,True,False,False,0.0009672954993544975,COMPLETE
921,0.4609914779663086,2025-04-25 15:39:30.134334,2025-04-25 15:40:08.765417,0 days 00:00:38.631083,0.04272156381499677,0.6784865819885973,8,0.185303181626379,0.11829368302611323,0.02193545355025476,0.09510468120537179,0.006464543108520083,0.03352600588548043,0.00010011426505245202,27,54,0.06231099339866562,0.24474697963831885,True,False,False,0.0008038953468233054,COMPLETE
922,0.467646199464798,2025-04-25 15:40:09.066545,2025-04-25 15:40:48.983672,0 days 00:00:39.917127,0.06659697513015524,0.6425033399887352,8,0.19051780727517142,0.11201360115888655,0.02675002954156554,0.09801777129091363,0.00372409912212086,0.027763618618598263,6.269029909417968e-05,28,54,0.06859168012378036,0.22701981503584698,True,False,False,0.0008057044734136992,COMPLETE
923,0.46347251534461975,2025-04-25 15:40:49.266865,2025-04-25 15:41:28.472908,0 days 00:00:39.206043,0.06073339850240857,0.6346416296527055,8,0.1923934433338264,0.10978108819279711,0.024868180235690478,0.09716605326319966,0.00104746286015125,0.027360517060695602,6.653503909938073e-05,28,51,0.0682064213004974,0.22702193116876798,True,False,False,0.0007651088205398122,COMPLETE
924,0.4691474854946137,2025-04-25 15:41:28.769816,2025-04-25 15:42:03.944875,0 days 00:00:35.175059,0.07105419396181345,0.6410322982355916,8,0.18970664083478647,0.1248436260346296,0.026459622510875875,0.09364671287735211,0.004686576927851038,0.02755052614724559,8.438441292471936e-05,28,54,0.07029651989064917,0.13525114814768702,True,False,True,0.0009746769832387267,COMPLETE
925,0.40145049095153806,2025-04-25 15:42:04.241799,2025-04-25 15:42:39.439380,0 days 00:00:35.197581,0.029686076364701743,0.645252277675996,8,0.19948290265972032,0.12413779086574261,0.02645542058654428,0.09469547934138065,0.004011324382509944,0.02789279341477778,9.585245543565988e-05,28,47,0.07168776384095125,0.12994056232706022,True,False,True,0.0009576239673422832,COMPLETE
926,0.4703815817832947,2025-04-25 15:42:39.737349,2025-04-25 15:43:14.580452,0 days 00:00:34.843103,0.06974931837499697,0.6324074155669559,8,0.18929442597995308,0.12530509256868458,0.022662028105110393,0.09756812057161747,0.004771848477538076,0.027753905295375757,8.37533021835077e-05,28,53,0.07380848790179302,0.12912957248610518,True,False,True,0.0009590808427520648,COMPLETE
927,0.46487410068511964,2025-04-25 15:43:14.865012,2025-04-25 15:43:49.938813,0 days 00:00:35.073801,0.056114648353425764,0.6410650997710087,8,0.20229848588511473,0.12652664350273277,0.023465354220301653,0.09733277366482537,0.005009037147937291,0.027360215277243655,8.969024377939248e-05,28,49,0.07247104502941204,0.13086318970593022,True,False,True,0.0009999623145108304,COMPLETE
928,0.45178514122962954,2025-04-25 15:43:50.235139,2025-04-25 15:44:24.684958,0 days 00:00:34.449819,0.06981818673568976,0.6287982728290086,8,0.1893493068235761,0.124247011159536,0.023190653055860776,0.09966636711710763,0.0029159916240364854,0.027587092679365145,0.00010293303000492289,28,44,0.06930250321311561,0.1401633790152318,True,False,True,0.0009927548272097972,COMPLETE
929,0.46188042759895326,2025-04-25 15:44:24.981856,2025-04-25 15:44:59.193383,0 days 00:00:34.211527,0.041847302631016665,0.6345452786245971,8,0.19397756142315686,0.12811331904616716,0.024758747103120985,0.09810749744716607,0.006286755612913401,0.026762479892137293,8.394914470803652e-05,27,51,0.07073635557882318,0.1456957927108995,True,False,True,0.0009808024234289972,COMPLETE
930,0.4722469806671143,2025-04-25 15:44:59.491203,2025-04-25 15:45:34.597041,0 days 00:00:35.105838,0.029903481782243578,0.6342460303419292,8,0.20681450989823474,0.12722465309475617,0.022704265871538596,0.09380197615554123,0.004853187454428509,0.029179193780708233,8.431893791937937e-05,28,53,0.07700671497512035,0.1048935594135049,True,False,True,0.0009849435648204062,COMPLETE
931,0.45107610225677497,2025-04-25 15:45:34.885135,2025-04-25 15:46:10.308844,0 days 00:00:35.423709,0.07131726612531344,0.6268770245412413,8,0.2179066107002765,0.12890356655500262,0.026842430806136786,0.09513537992396026,0.0039617451771965795,0.02839952511633656,0.00011064770447758361,28,47,0.06685363652043569,0.13526614345559507,True,False,True,0.0008170141192759111,COMPLETE
932,0.4613430261611939,2025-04-25 15:46:10.607334,2025-04-25 15:46:45.218698,0 days 00:00:34.611364,0.01205591017522803,0.6319625106198994,8,0.2099938168129298,0.1270731846041503,0.021881763928817806,0.09636837301391428,0.0054575477837642,0.0296644156786377,6.320415628089865e-05,27,53,0.07489556112959161,0.12050501734817565,True,False,True,0.0008141844997406118,COMPLETE
933,0.3726797342300415,2025-04-25 15:46:45.517653,2025-04-25 15:47:18.981699,0 days 00:00:33.464046,0.049129333675809676,0.6446094399405404,8,0.20402300378888644,0.12658366647902972,0.024505554843050652,0.09310632593286453,0.002722466049984581,0.026420878051542678,8.744274624012779e-05,28,50,0.07553296494587612,0.13064471529075494,False,False,True,0.000790370085517069,COMPLETE
934,0.4591443836688996,2025-04-25 15:47:19.285961,2025-04-25 15:47:52.914113,0 days 00:00:33.628152,0.07371118243755835,0.6213684723890583,8,0.18612935945481204,0.12728722203761236,0.026143041856314088,0.09298601403141435,0.001314363856246998,0.028267127556556738,7.051035696249494e-05,27,45,0.0790289895219281,0.10192173250771282,True,False,True,0.0008188713856441468,COMPLETE
935,0.4522253096103669,2025-04-25 15:47:53.221839,2025-04-25 15:48:28.813753,0 days 00:00:35.591914,0.04330956225532414,0.6504443995356977,8,0.21226911271595686,0.12057532267283945,0.027894172436933193,0.09829154305453301,0.006302101478523529,0.02982016799732596,0.00010067255502372712,28,54,0.07401661526596552,0.10541681968436152,True,False,True,0.0007914663175247749,COMPLETE
936,0.4471627533435822,2025-04-25 15:48:29.102218,2025-04-25 15:49:03.426274,0 days 00:00:34.324056,0.05932082976081832,0.31547008670133003,8,0.1833131550594338,0.1245301346340813,0.022253697978193494,0.09496055407691355,0.004613799618778428,0.026585673140303925,7.529904140551835e-05,27,51,0.07358553489408318,0.11659777810485172,True,False,True,0.0009950653632216982,COMPLETE
937,0.46254598498344424,2025-04-25 15:49:03.728053,2025-04-25 15:49:38.867749,0 days 00:00:35.139696,0.07646924863975484,0.6383068273124006,8,0.19014569808339526,0.11928164649765349,0.02475588802852459,0.09756227790294182,0.003641930610221733,0.029504424491863922,6.142361273625652e-05,28,54,0.07642976726922639,0.12363727527577441,True,False,True,0.0009708912267490403,COMPLETE
938,0.4547790944576264,2025-04-25 15:49:39.169749,2025-04-25 15:50:13.502315,0 days 00:00:34.332566,0.027735763629725112,0.6242051653429218,8,0.2008379963386781,0.1265025309188498,0.026508853470858365,0.09966151943458254,0.007052579532242156,0.02551706344115517,9.686295528035232e-05,27,56,0.08144904627957059,0.1506402932856092,True,False,True,0.0008034141227542003,COMPLETE
939,0.3531922399997711,2025-04-25 15:50:13.806763,2025-04-25 15:50:48.652317,0 days 00:00:34.845554,0.079813343019397,0.6515135677080068,8,0.23210819303582228,0.01721408539277125,0.027627223342908513,0.0938742183007603,0.006489710929281972,0.030345753066743444,8.264863563901129e-05,28,49,0.07119991402529235,0.15708911282518864,True,False,True,0.000969092168275385,COMPLETE
940,0.46702895164489744,2025-04-25 15:50:48.941749,2025-04-25 15:51:23.232728,0 days 00:00:34.290979,0.010909276290457834,0.6496691272371342,8,0.18162775422011054,0.12064625616545649,0.023895725502869763,0.09634399262155813,0.0029909165029370884,0.02778923180549921,0.00012347143880336978,27,52,0.06773717172627577,0.09676374781745047,True,False,True,0.0009883670292139917,COMPLETE
941,0.42886269688606266,2025-04-25 15:51:23.532070,2025-04-25 15:51:58.357885,0 days 00:00:34.825815,0.030841066776143164,0.6167688810469891,8,0.18330063659886547,0.1292927784546607,0.023091807944592452,0.09592730576356104,0.002366770991122349,0.025415222871337295,0.00011891699218037222,28,45,0.06848081597358777,0.07576518216150432,True,True,True,0.0009887129963148682,COMPLETE
942,0.4467681527137757,2025-04-25 15:51:58.660538,2025-04-25 15:52:32.781507,0 days 00:00:34.120969,0.022331493346387163,0.6310587847737323,8,0.18865135217353168,0.12031825682745342,0.022110837623935408,0.09995727869979772,0.0010394893769308422,0.027630953026710578,0.00012500142078509404,27,49,0.06575292871036709,0.09379553314154135,True,False,True,0.0009914885986542358,COMPLETE
943,0.4458114683628082,2025-04-25 15:52:33.086770,2025-04-25 15:53:08.084793,0 days 00:00:34.998023,0.019985927644129733,0.6433851289160218,8,0.18268836002406982,0.12874381794565543,0.027925197861513106,0.09672563622669608,0.004680478263070702,0.028508051994963715,0.00010124697564934174,28,51,0.07007435577197837,0.09877544641822741,True,False,True,0.0008086912259356825,COMPLETE
944,0.35768763422966005,2025-04-25 15:53:08.392126,2025-04-25 15:53:42.263920,0 days 00:00:33.871794,0.0114198778277192,0.653395530856443,8,0.199484456322085,0.12210868290659521,0.02441082521107064,0.09363756185768149,0.0031562701291230994,0.026957118281224844,0.00014599877485624492,27,47,0.06452754546891824,0.08677660389261478,True,False,True,0.0007492715384080258,COMPLETE
945,0.4576462864875794,2025-04-25 15:53:42.555990,2025-04-25 15:54:17.753770,0 days 00:00:35.197780,0.04484970144889305,0.37251063715858296,8,0.1809422693761449,0.1290348511924591,0.025963880373656094,0.09749935796111786,0.007730771756703829,0.029456819820811934,0.00010946861428872173,28,52,0.06807567934497652,0.10919232294064574,True,False,True,0.0008235541062829956,COMPLETE
946,0.38744189739227297,2025-04-25 15:54:18.058242,2025-04-25 15:54:51.979201,0 days 00:00:33.920959,0.046527972917010135,0.6246065410361337,8,0.19039897504673217,0.12356105447337715,0.02093259547983937,0.09242804613645232,0.00504772775483949,0.03081822621755833,8.81871561752387e-05,27,40,0.07695703456924524,0.11345209396872671,True,False,True,0.0009912481339309333,COMPLETE
947,0.44585012197494506,2025-04-25 15:54:52.283683,2025-04-25 15:55:25.968634,0 days 00:00:33.684951,0.010575965414386705,0.6511066407202645,8,0.20761014318861748,0.11942253339734367,0.02832455415636554,0.09564849153770133,0.0036291227023552263,0.025036959845029568,0.0001259946576335367,26,53,0.07776432473672987,0.09498433149713811,True,False,True,0.0007708755966237339,COMPLETE
948,0.3533103942871094,2025-04-25 15:55:26.274130,2025-04-25 15:56:01.954269,0 days 00:00:35.680139,0.05328171174077666,0.9632340179430239,8,0.19506913004728763,0.13024470228480434,0.024114113869951572,0.09493982062167206,0.006232928959495184,0.028660251479960194,9.478014356051394e-05,28,55,0.0729235336070445,0.1434506538009724,True,False,True,0.0009963901108472556,COMPLETE
949,0.4398859560489655,2025-04-25 15:56:02.245948,2025-04-25 15:56:36.531299,0 days 00:00:34.285351,0.034579883671328596,0.6613697779352652,8,0.17891287981862133,0.11792674941191282,0.026279596343580486,0.09787688554795633,0.008739203053320422,0.026481255248781525,0.0001583386034842775,27,50,0.06689277387269235,0.12630056285183275,True,False,True,0.00098425672822307,COMPLETE
950,0.4592592120170594,2025-04-25 15:56:36.835263,2025-04-25 15:57:11.869641,0 days 00:00:35.034378,0.0604326287624277,0.6193015757338358,8,0.18758410645261783,0.12332357303977176,0.028827223489090694,0.092346311258573,0.005659584698254123,0.03077368778587354,7.80954244573712e-05,28,53,0.06460337673737047,0.10786183168888512,True,False,True,0.0007622764222626391,COMPLETE
951,0.36063850522041324,2025-04-25 15:57:12.174934,2025-04-25 15:57:46.537520,0 days 00:00:34.362586,0.03782147848736775,0.6386980585516603,8,0.19741057123377342,0.11761881133794115,0.023323088728556842,0.09767842769187889,0.001298783625642573,0.028585184743157067,9.809297820883408e-05,27,57,0.06302061583372713,0.093084192628376,True,False,True,0.0009947173095377962,COMPLETE
952,0.3576219916343689,2025-04-25 15:57:46.850421,2025-04-25 15:58:20.979255,0 days 00:00:34.128834,0.058627250141368895,0.6610461886834739,8,0.2541612832806614,0.12867141933233064,0.027014963495443294,0.09985291672103216,0.008003320643594446,0.03142330581825385,7.500278454440465e-05,26,124,0.06781446318689295,0.13928943578887543,False,False,True,0.0009965842425438836,COMPLETE
953,0.4687212467193604,2025-04-25 15:58:21.288063,2025-04-25 15:58:56.435583,0 days 00:00:35.147520,0.07989528572197428,0.6591820359554835,8,0.18028059425806897,0.12482316469020951,0.020475734607948482,0.09328602788492661,0.00410765294483719,0.02713267899042522,0.00011651371342657674,28,48,0.06998132864124298,0.10200465488705704,True,False,True,0.0007554256541839686,COMPLETE
954,0.3622367143630982,2025-04-25 15:58:56.730801,2025-04-25 15:59:31.812624,0 days 00:00:35.081823,0.07736160347793741,0.6656985461730852,8,0.17587775117490181,0.1305102844166558,0.016808485466602473,0.09380241142317401,0.004958917233188725,0.024849519762020565,6.178344329909596e-05,29,40,0.069356353572142,0.11554262502335133,True,False,True,0.0007117317102458339,COMPLETE
955,0.47122795581817634,2025-04-25 15:59:32.117579,2025-04-25 16:00:07.026247,0 days 00:00:34.908668,0.08768924792972435,0.6323164954256844,8,0.18720134762236793,0.12485634352527807,0.00754614519554532,0.09230643686871472,0.008491501580232545,0.030511647079627318,8.6704925118928e-05,28,48,0.08388844664043618,0.06068671021376029,True,False,True,0.0007079658474035555,COMPLETE
956,0.4505407273769379,2025-04-25 16:00:07.333337,2025-04-25 16:00:42.527128,0 days 00:00:35.193791,0.08716512623034547,0.6168494390543974,8,0.19139497161918184,0.13149031524603272,0.020307762559450812,0.09165607260217498,0.007701464650730135,0.026426212734722426,0.00010991723171723492,29,44,0.08424970897774647,0.03870631651772778,True,False,True,0.0007074872174093388,COMPLETE
957,0.36557828783988955,2025-04-25 16:00:42.836882,2025-04-25 16:01:17.286652,0 days 00:00:34.449770,0.08113241849577675,0.6322182524956378,8,0.1898737063172597,0.1257527299044558,0.028660118321432095,0.0920882178049082,0.006757199685657437,0.02881381973642119,8.477093086502833e-05,28,41,0.07308550960636098,0.02220548975126782,True,False,True,2.124304273134614e-06,COMPLETE
958,0.3959056854248047,2025-04-25 16:01:17.596203,2025-04-25 16:01:53.379188,0 days 00:00:35.782985,0.0843336459757673,0.632414117800947,8,0.19808766771386305,0.1248802773449134,0.029438810042427047,0.09418655835562818,0.00895683597113776,0.029621085252639987,0.00010751967991552049,29,45,0.07112576443397597,0.1250500540296999,True,True,True,0.0006816131412066518,COMPLETE
959,0.4273031294345856,2025-04-25 16:01:53.672828,2025-04-25 16:02:28.275281,0 days 00:00:34.602453,0.09226328052842411,0.6686995575125536,8,0.18561342393201746,0.12914376798008437,0.025599487441422222,0.09169532542458518,0.004442508010948657,0.03163223755663737,8.517986490424536e-05,28,46,0.0788657612913348,0.0682868300775043,True,False,True,0.0006957000121888749,COMPLETE
960,0.4631674349308014,2025-04-25 16:02:28.582787,2025-04-25 16:03:03.359822,0 days 00:00:34.777035,0.06548605081850174,0.6219941057063572,8,0.19383451669523552,0.25563981266717795,0.028345235316141502,0.09452545986847774,0.0032550494306129597,0.024958689341512744,9.327167111598246e-05,28,47,0.0878208986118063,0.13411973054114099,True,False,True,0.0007223318983896306,COMPLETE
961,0.43961337208747864,2025-04-25 16:03:03.667599,2025-04-25 16:03:39.379826,0 days 00:00:35.712227,0.10091989633531562,0.6689738225910761,8,0.20794474505549546,0.1315924636205366,0.007683676610076302,0.09534501065706527,0.006013302531523738,0.027110346749021835,0.00012746154153607506,29,44,0.08678893013140321,0.05691546409084758,True,False,True,0.000717585136314202,COMPLETE
962,0.3337495088577271,2025-04-25 16:03:39.693298,2025-04-25 16:04:14.470011,0 days 00:00:34.776713,0.997847285971299,0.6419048047724142,8,0.18474212510660865,0.1163244039316617,0.007120960297502418,0.09337027688066286,0.008100853791914732,0.02961541611876184,0.00014280116846259675,28,48,0.0839711279493548,0.17198543675881173,True,False,True,0.0006748669323707301,COMPLETE
963,0.4570913195610046,2025-04-25 16:04:14.784293,2025-04-25 16:04:49.680559,0 days 00:00:34.896266,0.06844920721618598,0.6134759168371298,8,0.17950403834355538,0.12307040370307426,0.012829337024038791,0.0959354637850191,0.005068424017521091,0.03170367571467823,7.321510930006344e-05,28,49,0.07085837909305767,0.06801646043535726,True,False,True,0.0007763184391315487,COMPLETE
964,0.3568316400051117,2025-04-25 16:04:49.974955,2025-04-25 16:05:25.391478,0 days 00:00:35.416523,0.08504899537588376,0.6560815157890048,8,0.2220239047279493,0.11534714394112311,0.0039856638184283975,0.09141980142185369,0.002613807541903084,0.027676947251393604,9.702157209168184e-05,29,42,0.06571876058040273,0.14889076852813404,True,False,True,0.0006266200573652111,COMPLETE
965,0.3407194197177887,2025-04-25 16:05:25.701489,2025-04-25 16:06:00.234499,0 days 00:00:34.533010,0.06204959291793391,0.6761012103651782,8,0.20006236194967147,0.12453439959041036,0.015811158697088684,0.09826846443236215,0.007703595737523869,0.031627068129195794,7.976417104552012e-05,28,47,0.07474845316007607,0.007528052865181038,True,False,True,0.0007876378813675832,COMPLETE
966,0.3608201205730438,2025-04-25 16:06:00.542405,2025-04-25 16:06:36.106814,0 days 00:00:35.564409,0.09788759852269695,0.6338566570975822,8,0.18806189244361504,0.1319592349112061,0.007631667299485228,0.09382730651064865,0.005294023430570605,0.029612562744479407,0.00010843514753608751,29,49,0.06144747577984465,0.044989193995861834,True,False,True,0.0007622421566711753,COMPLETE
967,0.469642049074173,2025-04-25 16:06:36.418120,2025-04-25 16:07:11.635280,0 days 00:00:35.217160,0.07894833154961176,0.6670345920129794,8,0.19252200003898884,0.11578633682658815,0.010533947871593941,0.09589418105049075,0.0038082192214247907,0.024822459504841465,7.084332897327947e-05,28,51,0.08083395987127573,0.14603856574081106,True,False,True,0.0006182569363307553,COMPLETE
