number,value,datetime_start,datetime_complete,duration,params_alpha-eval,params_alpha-train,params_batch-size,params_eps-eval,params_eps-train,params_lambda-actions-eval,params_lambda-actions-train,params_lambda-frames-eval,params_lambda-frames-train,params_learning-rate,params_n-epochs,params_n-frames,params_radius-gw,params_rho,params_std-feats,params_ub-actions,params_ub-frames,params_weight-decay,state
673,0.28615721464157107,2025-04-05 20:43:50.849557,2025-04-05 20:44:21.647861,0 days 00:00:30.798304,0.6350090291587583,0.07352354728705011,8,0.08721600685987893,0.046957548070333914,0.033084775279697706,0.045212318653299846,0.01277037209675309,0.013987639999413446,0.0013576900210807352,24,95,0.09293305698324177,0.19990760278884925,False,True,True,5.740240219042132e-06,COMPLETE
674,0.33329465985298157,2025-04-05 20:44:21.867608,2025-04-05 20:44:54.926967,0 days 00:00:33.059359,0.6688544610618221,0.09029630140435521,8,0.08069258835666786,0.06586724628828555,0.03017932481412207,0.04486032379092529,0.041955662436461115,0.01901115433339978,0.001794526855309668,25,85,0.0616713714397442,0.16969465655583812,True,False,True,8.058695805857348e-06,COMPLETE
675,0.4694741547107697,2025-04-05 20:44:55.138251,2025-04-05 20:45:27.838155,0 days 00:00:32.699904,0.6529819025525959,0.036228581882755406,8,0.0717169937357112,0.05647518451584742,0.025212884055059243,0.04928054778877236,0.009531839889647944,0.012119259623534346,0.0011666676770722712,26,100,0.09628479494641431,0.18363732117298825,False,False,True,3.852216418284718e-06,COMPLETE
676,0.4846413612365723,2025-04-05 20:45:28.058799,2025-04-05 20:45:59.300988,0 days 00:00:31.242189,0.6967013852648237,0.09874019255821782,8,0.06339235261615747,0.05189004310587371,0.03416210725392381,0.047468557976921275,0.00826570651758317,0.01543304548297641,0.0014509998977705106,24,103,0.09401123144737861,0.16819999413433,False,False,True,5.005275497370194e-06,COMPLETE
677,0.37655149698257445,2025-04-05 20:45:59.509820,2025-04-05 20:46:30.962961,0 days 00:00:31.453141,0.626900992791118,0.0695301152687608,8,0.06713591722687356,0.04234504148395741,0.0278330957998856,0.07985360166880923,0.01075477674466008,0.006776312298861704,0.0020768650582255236,25,97,0.09710038312364147,0.1975609620748616,False,False,True,6.740483049025302e-06,COMPLETE
678,0.48937665224075316,2025-04-05 20:46:31.183091,2025-04-05 20:47:02.143392,0 days 00:00:30.960301,0.658991608366849,0.0457332881987512,8,0.0766494992610927,0.056331719195014854,0.03145466670354309,0.050603670012824724,0.00746056862801395,0.011706205722101633,0.0012273395187655444,24,92,0.095235033885963,0.1626324176095546,False,False,True,8.523370499830639e-06,COMPLETE
679,0.47368423938751225,2025-04-05 20:47:02.351578,2025-04-05 20:47:33.010420,0 days 00:00:30.658842,0.6682716470251343,0.01012977575330818,8,0.08434485779435047,0.06333091231913321,0.03065265695365491,0.049791584441526676,0.01118665914812305,0.013094660597654312,0.0011697108354869288,24,89,0.09216611602554238,0.17450737201145894,False,False,True,3.018324668556209e-06,COMPLETE
680,0.4833068072795868,2025-04-05 20:47:33.230923,2025-04-05 20:48:04.570540,0 days 00:00:31.339617,0.6557845627212888,0.043965217225869345,8,0.09658518424061938,0.056824851471100016,0.02162981428679977,0.04394119454338065,0.013079852539766432,0.01487348562899216,0.000983703996210781,25,90,0.09197351959729123,0.15444528431891097,False,False,True,8.443780527313864e-06,COMPLETE
681,0.4752117097377777,2025-04-05 20:48:04.779686,2025-04-05 20:48:27.624180,0 days 00:00:22.844494,0.6825499694409685,0.053741681465982835,16,0.07811209072932454,0.07055276856308533,0.0318608056133043,0.05057339700175056,0.008153910501005444,0.017086665234493356,0.001221207610074878,24,92,0.09461585116098575,0.13358480006252343,False,False,True,5.65905635038407e-06,COMPLETE
682,0.43445926904678345,2025-04-05 20:48:27.845525,2025-04-05 20:48:59.279036,0 days 00:00:31.433511,0.6452927504834111,0.025507765868648034,8,0.0831580480783017,0.056925865548594835,0.02598942494872763,0.047558216267629946,0.0094084748574212,0.011310519042540466,0.0009681320073401383,25,86,0.09442961367188184,0.1821993291610862,False,False,True,4.598525777881065e-06,COMPLETE
683,0.35190792083740235,2025-04-05 20:48:59.489356,2025-04-05 20:49:34.476724,0 days 00:00:34.987368,0.6958844065654513,0.07740127794335891,8,0.09286551413617995,0.07414254824860574,0.03078048875101422,0.048776959246985205,0.014310589332414206,0.02021538903258105,0.0012588173209452068,24,93,0.09554142725373935,0.16511834355298488,False,False,False,6.8323550136855505e-06,COMPLETE
684,0.4800030410289765,2025-04-05 20:49:34.697763,2025-04-05 20:50:05.654210,0 days 00:00:30.956447,0.6215943159289511,0.03533615619819283,8,0.1322928679038779,0.05889709656999828,0.02787005001911281,0.050747627104704526,0.007032526618235529,0.013672928500024426,0.0015228588288976918,24,88,0.09141805924564796,0.16000004958497466,False,False,True,8.65909131435243e-06,COMPLETE
685,0.48159203529357913,2025-04-05 20:50:05.878268,2025-04-05 20:50:38.110116,0 days 00:00:32.231848,0.660255505825071,0.04404935759251991,8,0.07610291104520144,0.06758449497288163,0.02997964734567765,0.044903252095976884,0.011042770468433312,0.01629177322874384,0.0010931937470656783,26,93,0.09790980543436928,0.1454931231731563,False,False,True,5.876072469141111e-06,COMPLETE
686,0.4897104859352112,2025-04-05 20:50:38.320503,2025-04-05 20:51:10.369339,0 days 00:00:32.048836,0.6326756194925967,0.05813503870586935,8,0.07412928351304145,0.05134995577717224,0.02848513595381529,0.05125995790523913,0.017737032512276207,0.019006521359995605,0.001698003580967502,25,96,0.09411307105536597,0.17241879712002794,False,False,True,4.268645386079662e-06,COMPLETE
687,0.39358636140823366,2025-04-05 20:51:10.591656,2025-04-05 20:51:41.896448,0 days 00:00:31.304792,0.6381816900118842,0.0537291607914041,8,0.08664194904703221,0.059783171357388434,0.023971300860737673,0.04836005280328675,0.01791896731256958,0.019996974830485802,0.0024187275092531157,25,90,0.09222943808057384,0.17170226140693784,False,False,True,2.9498996668924286e-06,COMPLETE
688,0.3998319625854493,2025-04-05 20:51:42.107784,2025-04-05 20:52:13.884851,0 days 00:00:31.777067,0.6741553486588914,0.02847156183228569,8,0.07788644838464248,0.050483812267010805,0.027884663743599374,0.05195380118716847,0.0168040195075343,0.018907996844558583,0.0029362078702128225,25,95,0.09317948826699712,0.1740205573559516,False,False,True,2.4160756369864094e-06,COMPLETE
689,0.4061110556125641,2025-04-05 20:52:14.110591,2025-04-05 20:52:45.375094,0 days 00:00:31.264503,0.6523472429723526,0.05175925886147346,8,0.07234004295980004,0.05288770429694606,0.025508294735225295,0.05064085231861006,0.02187723585666758,0.01828283198527253,0.0018375803613376385,25,81,0.0903156503568309,0.18017248448366674,False,False,True,4.128734652871881e-06,COMPLETE
690,0.38539813756942753,2025-04-05 20:52:45.587769,2025-04-05 20:53:17.611172,0 days 00:00:32.023403,0.633055662696106,0.06445534171517397,8,0.0769750366926608,0.06265411329765484,0.028659032096715567,0.04654283676952808,0.02014110314368747,0.022211463305891094,0.0017655472086883014,26,86,0.0936690774002531,0.16770682840434215,False,False,True,4.736307116032624e-06,COMPLETE
691,0.394623476266861,2025-04-05 20:53:17.833912,2025-04-05 20:53:49.925820,0 days 00:00:32.091908,0.704102717037014,0.02300075469939546,8,0.08359418523918971,0.0524022142397662,0.019307718239522292,0.0488022044694172,0.017168928283209844,0.016984166381564515,0.0009059505539674178,26,93,0.09506085986923564,0.1924333430196775,False,False,True,3.8726079998671744e-06,COMPLETE
692,0.28615721464157107,2025-04-05 20:53:50.138117,2025-04-05 20:54:21.535434,0 days 00:00:31.397317,0.6229388285231273,0.06645155078363331,8,0.07171737745278106,0.048232882010426956,0.026959086897020732,0.05196800459829584,0.015011936503449782,0.015121300262158723,0.0020665803955629324,25,96,0.09092483376659906,0.17603943102940625,False,True,True,2.982679815716552e-06,COMPLETE
693,0.4717691659927368,2025-04-05 20:54:21.757269,2025-04-05 20:54:44.427864,0 days 00:00:22.670595,0.6635629560535654,0.04561915890328922,16,0.07311932813778918,0.05597750870147421,0.028955677777524613,0.04680521326423657,0.0180712580480735,0.012034996677734241,0.0016313401852175039,24,89,0.09323965064406091,0.16626119847647364,False,False,True,9.343468511057375e-06,COMPLETE
694,0.4204478681087494,2025-04-05 20:54:44.654767,2025-04-05 20:55:17.398950,0 days 00:00:32.744183,0.6313809909239,0.08820413616648687,8,0.08208774724530853,0.04532566066586118,0.023089224900250088,0.04245033712926974,0.0159121608934139,0.021337675015654426,0.0011332737532993636,24,92,0.028214037650204707,0.18816299989604818,True,False,True,3.4089453950587296e-06,COMPLETE
695,0.48907821178436284,2025-04-05 20:55:17.612408,2025-04-05 20:55:49.255595,0 days 00:00:31.643187,0.682469595141714,0.0727599601338203,8,0.07141728563157826,0.06149164447885726,0.025426196320183624,0.05061920410065365,0.013081822965270556,0.018188106671170295,0.0008940504751110003,25,102,0.09620316715042297,0.1793253887970086,False,False,True,5.111846270643175e-06,COMPLETE
696,0.4754539728164673,2025-04-05 20:55:49.481989,2025-04-05 20:56:21.772515,0 days 00:00:32.290526,0.7117189069927092,0.03230380846222867,8,0.0896402932611051,0.07055051096975615,0.02520573005094097,0.04911932635599823,0.01466472710986357,0.019058085200417598,0.0012990713800481587,26,101,0.09610499816013347,0.18024113271559225,False,False,True,4.369735102623328e-06,COMPLETE
697,0.4889601230621338,2025-04-05 20:56:21.987593,2025-04-05 20:56:53.690674,0 days 00:00:31.703081,0.6888349455530609,0.06638686245122304,8,0.07743737595982252,0.0660208337279595,0.026425980502358663,0.05116098332297784,0.01925717406216037,0.018365757014673047,0.0009371998008360739,25,97,0.09824611802810135,0.18385972524635008,False,False,True,5.226548530906076e-06,COMPLETE
698,0.3620817482471466,2025-04-05 20:56:53.915773,2025-04-05 20:57:26.314315,0 days 00:00:32.398542,0.8839648550112701,0.046405280684745656,8,0.0741154948235963,0.07069836163149448,0.020574173716553394,0.05138743671031035,0.01880346055944699,0.019166816770781983,0.001627510573749917,26,95,0.09802653063580616,0.18744812781608605,False,False,True,3.516819792317317e-06,COMPLETE
699,0.4896467447280884,2025-04-05 20:57:26.528711,2025-04-05 20:57:58.569112,0 days 00:00:32.040401,0.68341197396268,0.07026778598298503,8,0.08157382142742006,0.0628295599703703,0.02312941241353295,0.05235456418696146,0.022045674122709996,0.017521257479591792,0.001096926480441201,25,97,0.09996002360001476,0.18516663160367056,False,False,True,4.99677395475143e-06,COMPLETE
700,0.44565506577491765,2025-04-05 20:57:58.796460,2025-04-05 20:58:31.118759,0 days 00:00:32.322299,0.7198546586277539,0.058887098921886954,8,0.09354157046828573,0.07582199332772992,0.021821826009740163,0.051422990418467956,0.02097963758885019,0.020522067078574388,0.001000318444482379,26,97,0.09849253430450527,0.17749030831023652,False,False,True,2.301027570722531e-06,COMPLETE
701,0.481869262456894,2025-04-05 20:58:31.333121,2025-04-05 20:59:02.981705,0 days 00:00:31.648584,0.6887345825723584,0.036093158522955394,8,0.07993202432036012,0.0630743249980321,0.022730935245316008,0.052701676342767484,0.018565267350569445,0.018137117895035516,0.0009178429078893162,25,98,0.0998322678802417,0.18400586175503036,False,False,True,4.174816590477295e-06,COMPLETE
702,0.3513383150100708,2025-04-05 20:59:03.206754,2025-04-05 20:59:39.138430,0 days 00:00:35.931676,0.7063051539338174,0.06682826957232117,8,0.07845525424611172,0.0638806460715757,0.02429752647949993,0.05263948986620755,0.02215995682891685,0.021373162829045188,0.0011340764767175555,25,96,0.09889943972327699,0.18041040102455885,False,False,False,4.630369224216616e-06,COMPLETE
703,0.4675938904285431,2025-04-05 20:59:39.366687,2025-04-05 21:00:11.738393,0 days 00:00:32.371706,0.7298710524542648,0.057070564200185206,8,0.07598727249809833,0.07315205388015285,0.01835832558530407,0.05028028657421246,0.02070731422935051,0.017766022718382544,0.0010870033052219096,26,100,0.09863083169665399,0.1862854734248684,False,False,True,3.512014532281086e-06,COMPLETE
704,0.3786417245864868,2025-04-05 21:00:11.954301,2025-04-05 21:00:43.664534,0 days 00:00:31.710233,0.6899985291196982,0.04355365388611597,8,0.08590746992702639,0.06950889895106152,0.024098455513458985,0.05336839867943243,0.023929025906653717,0.02055070067751407,1.17980401682378e-05,25,96,0.0746928861696371,0.1738730873369514,False,False,True,4.96749895874219e-06,COMPLETE
705,0.39495862126350406,2025-04-05 21:00:43.895055,2025-04-05 21:01:15.685241,0 days 00:00:31.790186,0.7073397254079759,0.011156114297589344,8,0.08828811068536502,0.06198678537794889,0.026071113227756817,0.05101555729637788,0.025521932416936427,0.016998907678414665,0.0008945564338811294,25,102,0.09982902894155532,0.172573749903854,False,False,True,5.044890052951807e-06,COMPLETE
706,0.33328309655189514,2025-04-05 21:01:15.905168,2025-04-05 21:01:39.118983,0 days 00:00:23.213815,0.7342116535137216,0.07244812779024117,16,0.22163312172138605,0.08163434142083381,0.02032049864805212,0.052371944917233355,0.020777116278948845,0.022532447282400257,0.0011996314551272745,25,97,0.09826067653424123,0.1797386001034215,False,False,True,3.0936111361821075e-06,COMPLETE
707,0.4830236256122589,2025-04-05 21:01:39.345702,2025-04-05 21:02:11.082574,0 days 00:00:31.736872,0.6808737394315351,0.06961640887299836,8,0.07001577388088565,0.06706133082147261,0.02381611115293287,0.05364813417773758,0.01770838727272831,0.018233801025690992,0.0013679158674313192,25,99,0.09657788526949067,0.19309793020200144,False,False,True,5.61233757198568e-06,COMPLETE
708,0.46840994954109194,2025-04-05 21:02:11.300628,2025-04-05 21:02:42.198683,0 days 00:00:30.898055,0.6932764697764744,0.04352013321034314,8,0.08110735259586965,0.060540174329982516,0.022471848241394678,0.050322298970680655,0.021773227687916306,0.01991566234438788,0.0009703397084515506,24,94,0.09823456624556695,0.18497797146496517,False,False,True,3.8125753222712163e-06,COMPLETE
709,0.48773533105850225,2025-04-05 21:02:42.425343,2025-04-05 21:03:13.158986,0 days 00:00:30.733643,0.7077878473121909,0.08571180509453198,8,0.0692696741027157,0.05743316688827803,0.026366065877532638,0.053937685330942946,0.022611887708368104,0.015741369885152935,0.0012184582360858266,24,92,0.09633941884224333,0.17044749337379952,False,False,True,5.064814549492401e-06,COMPLETE
710,0.43407484889030457,2025-04-05 21:03:13.391608,2025-04-05 21:03:45.332428,0 days 00:00:31.940820,0.7372347557710336,0.028600730106401736,8,0.07594656351309924,0.07637826581610967,0.026159078310708635,0.04973631187456153,0.02384079620817569,0.01614362844730422,0.0008914066562560042,26,90,0.09989871970792517,0.17588220505307176,False,False,True,4.024580489261234e-06,COMPLETE
711,0.4863452911376953,2025-04-05 21:03:45.555351,2025-04-05 21:04:16.793311,0 days 00:00:31.237960,0.7102791658793871,0.06195053197184881,8,0.07187636003123836,0.06798940414383317,0.02500629096063667,0.05193625211357705,0.024382348076146112,0.018797222969398966,0.0011013101449770938,25,86,0.09667000235959292,0.16224551161305958,False,False,True,2.685581187582757e-06,COMPLETE
712,0.45185283422470096,2025-04-05 21:04:17.022491,2025-04-05 21:04:49.083395,0 days 00:00:32.060904,0.7172947354153822,0.050190536190902524,8,0.10096133263150375,0.06659308079273059,0.022324865569591762,0.05096866662294554,0.0244771515565703,0.01938983808339527,0.0011077846499434464,26,84,0.09645371521846323,0.16156493952046436,False,False,True,3.0535879112219287e-06,COMPLETE
713,0.4741763234138489,2025-04-05 21:04:49.303313,2025-04-05 21:05:20.650416,0 days 00:00:31.347103,0.7095985809692358,0.05988111245524047,8,0.08454470166342078,0.06712319202282105,0.02054177432103968,0.048985593844622366,0.019905660303093282,0.02206935024855471,0.0008570341031331648,25,85,0.09629719840119555,0.1682330011197503,False,False,True,1.9930058029647387e-06,COMPLETE
714,0.4309583604335785,2025-04-05 21:05:20.880343,2025-04-05 21:05:53.746594,0 days 00:00:32.866251,0.7365977430246264,0.07292235726690724,8,0.09082764826846877,0.08236469290876,0.02461409843659075,0.054353939653289114,0.02286506333842785,0.016251241448031042,0.0013011934040491394,25,82,0.09635272502510754,0.15746186991967445,True,False,True,3.7152958032748884e-06,COMPLETE
715,0.3770004272460938,2025-04-05 21:05:53.980091,2025-04-05 21:06:25.359080,0 days 00:00:31.378989,0.7149435154572458,0.043430014646742204,8,0.07369132239274183,0.07036101605672723,0.02583165187766059,0.0521939577881397,0.024497562476600728,0.017213826363688737,0.0010300997353929822,25,77,0.09816247922457,0.17077939213184085,False,True,True,1.6096427544276727e-06,COMPLETE
716,0.4014987707138062,2025-04-05 21:06:25.580064,2025-04-05 21:06:57.548979,0 days 00:00:31.968915,0.6977984944171058,0.011295745296929446,8,0.07675656353839334,0.0591942267705444,0.02651102193012749,0.054706518189272656,0.027436129728404555,0.014554035207730532,0.0008619597105249897,26,86,0.0955032222904891,0.1618715523283766,False,False,True,4.824770854526274e-06,COMPLETE
717,0.47647672295570376,2025-04-05 21:06:57.787072,2025-04-05 21:07:29.172895,0 days 00:00:31.385823,0.7446763613589478,0.07902020099251751,8,0.06928208452954714,0.05888343769746807,0.024478534241387025,0.049564039261768535,0.02352513668060683,0.02020321496602691,0.001286078973985234,25,88,0.09985763456852327,0.17839618196329016,False,False,True,2.4370568523243667e-06,COMPLETE
718,0.40226913690567023,2025-04-05 21:07:29.392894,2025-04-05 21:07:52.127901,0 days 00:00:22.735007,0.7154126065771645,0.02793406506908233,16,0.08188895592847965,0.06757316492635812,0.015425729534457184,0.052264015546605085,0.02265064212057649,0.023160753790158344,0.0010697690081167776,24,89,0.09673486735177168,0.16531632092560228,False,False,True,2.655409229581563e-06,COMPLETE
719,0.37783443331718447,2025-04-05 21:07:52.359282,2025-04-05 21:08:23.910130,0 days 00:00:31.550848,0.6843404419040979,0.06079967082404652,8,0.006510636171678942,0.07858217726077293,0.021955800459238804,0.026332887948637283,0.02053285620561576,0.020048891126405486,0.0013917834579009623,25,86,0.00499613322488858,0.1726842667335662,False,False,True,1.9912699752836857e-06,COMPLETE
720,0.3904075145721436,2025-04-05 21:08:24.130376,2025-04-05 21:08:53.394591,0 days 00:00:29.264215,0.7656607288510062,0.08832583348237222,8,0.07270447034845154,0.058821005512454075,0.026098524676415873,0.05047725861474362,0.019049288488786183,0.017631441035832796,0.0008529146889829803,24,22,0.09490678528166392,0.1576057905155126,False,False,True,2.7022844584606573e-06,COMPLETE
721,0.4803428649902344,2025-04-05 21:08:53.626570,2025-04-05 21:09:24.367369,0 days 00:00:30.740799,0.7258263517294741,0.06252191396105543,8,0.07941988883791,0.06251147768320628,0.027789433037430908,0.011405550184641108,0.022008428848711337,0.014994931554820803,0.0011308518177062586,24,91,0.09811105004009492,0.18653877625553134,False,False,True,5.345048998092975e-06,COMPLETE
722,0.40000357627868655,2025-04-05 21:09:24.600922,2025-04-05 21:09:55.836266,0 days 00:00:31.235344,0.6953548581970189,0.08279912676001568,8,0.07136762302698284,0.07574884259759652,0.023691396232603683,0.054616020587804695,0.019987828161892308,0.022452791211067913,0.0015261665731573775,25,82,0.09998954824457423,0.16365529777454108,False,False,True,3.26357943826127e-06,COMPLETE
723,0.36309994459152223,2025-04-05 21:09:56.057340,2025-04-05 21:10:32.537463,0 days 00:00:36.480123,0.6944806971098263,0.034889091921046674,8,0.08780058232251421,0.06523089209769689,0.0276641677897541,0.0521127045836901,0.02519937454728991,0.018854948429769425,0.00199993289945292,26,91,0.0951926259489656,0.1763674975182164,False,False,False,4.217674691102445e-06,COMPLETE
724,0.45901191830635074,2025-04-05 21:10:32.770604,2025-04-05 21:11:03.819409,0 days 00:00:31.048805,0.7466237245517644,0.08603305563600532,8,0.06841429339150398,0.05864658293908373,0.02414182099617885,0.04885434220384348,0.02651484325985015,0.014370051242317826,0.0009740401852490015,24,88,0.09700377457892202,0.18252678845463607,False,False,True,5.66204670661357e-06,COMPLETE
725,0.48174953460693365,2025-04-05 21:11:04.043267,2025-04-05 21:11:34.735535,0 days 00:00:30.692268,0.7266338770576231,0.059674729518018346,8,0.08019586264111118,0.05381983280941978,0.026651649669097156,0.05498972234655243,0.01844689189225097,0.01609293053813508,0.0012465127231784299,24,92,0.09347312966005321,0.15400116710671286,False,False,True,6.569369334334811e-06,COMPLETE
726,0.48912875652313237,2025-04-05 21:11:34.970633,2025-04-05 21:12:06.635289,0 days 00:00:31.664656,0.676621566605637,0.08435009196139258,8,0.07424560461160959,0.068170054285003,0.019497973013942044,0.053256564177843635,0.02279840145080985,0.02187784330754876,0.0008032484962373439,25,92,0.09769436189747635,0.17095776168306007,False,False,True,4.18409381042469e-06,COMPLETE
727,0.4634576976299286,2025-04-05 21:12:06.871024,2025-04-05 21:12:38.933275,0 days 00:00:32.062251,0.6796156948485655,0.04838269982186667,8,0.07538709219644547,0.0736993210431841,0.01940418930889988,0.07607921524402603,0.022683164719314156,0.01979791618798073,0.0008014389226107908,26,87,0.09800519705023183,0.17047281668394962,False,False,True,2.508861189980791e-06,COMPLETE
728,0.3903532207012177,2025-04-05 21:12:39.156144,2025-04-05 21:13:10.686554,0 days 00:00:31.530410,0.7056245410133453,0.07458370656631208,8,0.0949399663479181,0.06948401424654183,0.01956430849172581,0.051257351520475655,0.023896122095807257,0.022443725922897444,0.0009523924804617104,25,90,0.03485043233733366,0.17508606600908766,False,False,True,3.294917043506586e-06,COMPLETE
729,0.48359937071800235,2025-04-05 21:13:10.925439,2025-04-05 21:13:42.336908,0 days 00:00:31.411469,0.6756510414646926,0.08856773377121444,8,0.08461283006029265,0.06344661565091413,0.021975737260709307,0.04821172727236101,0.021432595489100533,0.022112538555378536,0.0011639476245959859,25,92,0.09544515571995549,0.1807159253779793,False,False,True,4.299436314539829e-06,COMPLETE
