number,value,datetime_start,datetime_complete,duration,params_alpha-eval,params_alpha-train,params_batch-size,params_eps-eval,params_eps-train,params_lambda-actions-eval,params_lambda-actions-train,params_lambda-frames-eval,params_lambda-frames-train,params_learning-rate,params_n-epochs,params_n-frames,params_radius-gw,params_rho,params_std-feats,params_ub-actions,params_ub-frames,params_weight-decay,state
569,0.3574488818645477,2025-04-25 08:47:11.458000,2025-04-25 08:48:28.468754,0 days 00:01:17.010754,0.49626957379449654,0.6595123368408373,2,0.09742303672929305,0.16193058114386327,0.054259261051047045,0.017621143602801016,0.0976690987982536,0.050482090581107975,2.585406023342113e-05,22,50,0.042725789481631464,0.27865932027745144,True,False,True,0.0008751855018647437,COMPLETE
570,0.4267683744430542,2025-04-25 08:48:28.642374,2025-04-25 08:50:00.440246,0 days 00:01:31.797872,0.8528298625302999,0.6998528917835972,2,0.08330245838653016,0.1359792018034784,0.04797021578669116,0.014743060586005254,0.09471236019865431,0.048093419387430975,4.117065873217817e-05,23,59,0.04646819144163528,0.26613615345832325,True,False,False,0.00045233989453035567,COMPLETE
571,0.4635130345821381,2025-04-25 08:50:00.616104,2025-04-25 08:51:36.096458,0 days 00:01:35.480354,0.4190549000356796,0.7436111880702201,2,0.09215076597040922,0.1396586055074251,0.046325335134248594,0.004755391588887051,0.09138748347486805,0.05303720039886936,2.969148551889187e-05,24,63,0.0403193347299925,0.2739036699914247,True,False,False,0.0006244380068110954,COMPLETE
572,0.4254417657852173,2025-04-25 08:51:36.280912,2025-04-25 08:53:15.775858,0 days 00:01:39.494946,0.8223084072118881,0.6415104796882947,2,0.10518748132604862,0.1523769923635593,0.04011643707445553,0.0039741503224396185,0.09120373658345468,0.04042056716301022,2.1788672356521484e-05,25,63,0.03988270724497363,0.20692380898328436,True,False,False,0.0009957494813318355,COMPLETE
573,0.41958051919937134,2025-04-25 08:53:15.950140,2025-04-25 08:54:52.577816,0 days 00:01:36.627676,0.3809607636596854,0.7941715762702986,2,0.08310669371939297,0.13570956470876297,0.04406665282168307,0.004648439722818698,0.08847228065194211,0.05411966180651853,2.7813624814438394e-05,24,64,0.09901529618369014,0.27813811243697695,True,False,False,0.0004779408563748975,COMPLETE
574,0.39661208987236024,2025-04-25 08:54:52.762391,2025-04-25 08:55:29.211103,0 days 00:00:36.448712,0.7700142813831231,0.6335780751471464,8,0.1265608952112819,0.16824628187009885,0.04521485776503388,0.00902059204890789,0.09034673231470881,0.049019983095258,1.6837977807462317e-05,24,62,0.040255834815202535,0.2789205961318817,True,False,False,0.0006912584973979233,COMPLETE
575,0.4008136808872223,2025-04-25 08:55:29.386852,2025-04-25 08:56:55.360552,0 days 00:01:25.973700,0.39701380664239844,0.6528309931771048,2,0.09083539632874568,0.1463192520267052,0.04353888747349876,0.006730791659628696,0.09193678386983332,0.054260133163933494,0.00936921260641629,21,65,0.03954684029025701,0.27675207640140853,True,False,False,0.0005404014454667641,COMPLETE
576,0.46145876049995427,2025-04-25 08:56:55.547151,2025-04-25 08:58:21.494770,0 days 00:01:25.947619,0.4165348866620219,0.6245816872254857,2,0.08195645987706482,0.13916327532974243,0.046264839228185674,0.002996133083014699,0.09001874373443539,0.0475568137058372,2.1866930595462215e-05,21,61,0.04112894832675864,0.2707785223512134,True,False,False,0.00042870538279239103,COMPLETE
577,0.3784977436065674,2025-04-25 08:58:21.671536,2025-04-25 08:59:46.059262,0 days 00:01:24.387726,0.42048647791335153,0.7485736433722852,2,0.0992663307479993,0.13915158182134188,0.04237112860437646,0.0023836420430780915,0.08841007550804716,0.045773336963469045,0.01746436783591428,21,61,0.04159245749518987,0.2713711337081482,False,False,False,0.00043591514913619573,COMPLETE
578,0.43173542618751526,2025-04-25 08:59:46.245853,2025-04-25 09:01:12.321010,0 days 00:01:26.075157,0.39932359189139355,0.6226618739054107,2,0.22734790139018946,0.1412593455077834,0.04293842598558821,0.003902588497926667,0.08848128549981969,0.04763997619394182,2.491800996632767e-05,21,55,0.04077149649589325,0.26177825929342,True,False,False,0.00042789819593402065,COMPLETE
579,0.4508042871952057,2025-04-25 09:01:12.498236,2025-04-25 09:02:39.094005,0 days 00:01:26.595769,0.36264053579336103,0.7663987814761214,2,0.08706468105456576,0.1342620642313949,0.045640864043067296,0.004867586218910863,0.09280638849653561,0.03445796258119889,3.084146109486483e-05,21,59,0.04405612767573924,0.27100315719939544,True,False,False,0.0006438763736885733,COMPLETE
580,0.400645500421524,2025-04-25 09:02:39.282307,2025-04-25 09:04:15.136902,0 days 00:01:35.854595,0.9233662668899312,0.6388373031464373,2,0.11533175657215608,0.14747449309416608,0.04746291491581961,0.0074118271671806315,0.09030936653517577,0.043190476543886025,1.2730381149654019e-05,24,62,0.03854567325063859,0.2726121799333637,True,False,False,0.0005117125775563491,COMPLETE
581,0.4555453360080719,2025-04-25 09:04:15.314163,2025-04-25 09:05:43.637594,0 days 00:01:28.323431,0.41051321079208797,0.6293729794391337,2,0.0811978042755015,0.14045637149053336,0.0457768909824527,0.0029647328908550194,0.0859185145776101,0.04987917072298803,5.765332371612258e-05,22,52,0.04229344057254941,0.28058362257896624,True,False,False,0.00039807149325317214,COMPLETE
582,0.46223210692405703,2025-04-25 09:05:43.826715,2025-04-25 09:07:10.625457,0 days 00:01:26.798742,0.4231455981788428,0.6563027036487341,2,0.09394004591339629,0.1385674490534196,0.04635046812916797,0.005771340820794485,0.09280580188962932,0.047313013155855864,4.403906678906424e-05,21,58,0.039287725133354386,0.27385212252652574,True,False,False,0.0007273512163403619,COMPLETE
583,0.28615721464157107,2025-04-25 09:07:10.802544,2025-04-25 09:08:24.946056,0 days 00:01:14.143512,0.3788352922312487,0.660618158147958,2,0.10226250141583565,0.1372082272753587,0.045003994015398126,0.0011832168010372085,0.09240632026424213,0.04510970525911708,2.0104144257216608e-05,21,56,0.040690542656344246,0.2576839567207244,True,True,False,0.0007765600701504112,COMPLETE
584,0.45756458640098574,2025-04-25 09:08:25.124541,2025-04-25 09:09:25.114723,0 days 00:00:59.990182,0.41565271360485223,0.6548899014200202,2,0.09528836674122701,0.14913683673056488,0.04107342439229103,0.005992492202858138,0.09406602451128472,0.047711920505379916,4.064602273186875e-05,13,59,0.03939925369189241,0.26270661089551683,True,False,False,0.0007509247984240368,COMPLETE
585,0.46472486257553103,2025-04-25 09:09:25.302354,2025-04-25 09:11:03.154038,0 days 00:01:37.851684,0.4397740758705694,0.6703904339649627,2,0.10618126069637264,0.13519207564787916,0.037223007844381956,0.005338515948744934,0.08972954488800756,0.05035620347294071,2.796575499390972e-05,25,57,0.045241359098715926,0.26908622674639665,True,False,False,0.0009728989271533769,COMPLETE
586,0.4542955040931702,2025-04-25 09:11:03.333215,2025-04-25 09:12:38.301606,0 days 00:01:34.968391,0.42020985998632154,0.680185007453138,2,0.10954927465964864,0.13776495644095482,0.04144858362188506,0.005267510459198668,0.0903096988198543,0.04695356791814853,2.262802115823892e-05,24,53,0.04684886511257896,0.2524556044658406,True,False,False,0.0009627631535663778,COMPLETE
587,0.43706070184707646,2025-04-25 09:12:38.491251,2025-04-25 09:14:16.927417,0 days 00:01:38.436166,0.39608736850685633,0.8169042900085692,2,0.11025109849537824,0.14587130124652836,0.03972214463159839,0.003824057960923089,0.0917561363140605,0.04986989417065134,1.0149289059400255e-05,25,56,0.05021220594187422,0.2642226511824309,True,False,False,0.0009923816870535476,COMPLETE
588,0.46244016289711004,2025-04-25 09:14:17.105034,2025-04-25 09:15:52.995452,0 days 00:01:35.890418,0.43032373184632094,0.6759346064009838,2,0.10848702929564841,0.13531846433858752,0.030573360376579237,0.0026504154288067554,0.08910025095000294,0.05225085160589748,2.6675460188458898e-05,24,58,0.04386997590036772,0.2720756242920707,True,False,False,0.0008548949055134341,COMPLETE
589,0.3494971871376038,2025-04-25 09:15:53.184828,2025-04-25 09:17:18.343587,0 days 00:01:25.158759,0.4227340198800692,0.674972200227916,2,0.12393495195625717,0.1353920013918879,0.029659322075636325,0.004666329672874795,0.08736208369278882,0.05816947905171433,3.5498258415201514e-05,25,50,0.04480347680532866,0.26808735495961955,True,False,True,0.0008192094120587565,COMPLETE
590,0.4592756450176239,2025-04-25 09:17:18.522988,2025-04-25 09:18:57.283791,0 days 00:01:38.760803,0.38976256963020645,0.6855225946101032,2,0.11871664464119143,0.13385261592190018,0.025000713126763927,0.0027611326648259993,0.0898282972436234,0.05329197274751811,2.7688564086281157e-05,25,53,0.04872047403421616,0.26119184933150724,True,False,False,0.0009013542571199667,COMPLETE
591,0.39087103605270385,2025-04-25 09:18:57.474992,2025-04-25 09:20:36.522527,0 days 00:01:39.047535,0.43478322199738956,0.6570066870199117,2,0.11076960907217633,0.14065518019741305,0.03263319830797435,0.003944355335375985,0.088216429045446,0.050908419108174174,0.0019260442823095642,25,57,0.04655584035468992,0.2688114261473626,True,False,False,0.00082410040209651,COMPLETE
592,0.4463206768035889,2025-04-25 09:20:36.701769,2025-04-25 09:21:05.396866,0 days 00:00:28.695097,0.41747597774911105,0.7310529592858339,16,0.11483560635925137,0.13249578272859874,0.04357172429097511,0.0022200462875090377,0.08951453463914441,0.049207658313779774,4.837619256343235e-05,26,54,0.04486249976792334,0.27320915676299923,True,False,False,0.0006857666388079128,COMPLETE
593,0.4487596213817597,2025-04-25 09:21:05.590230,2025-04-25 09:22:40.416975,0 days 00:01:34.826745,0.40810790178155276,0.682608113246091,2,0.10612302305835361,0.14275597142070506,0.03613294317242545,0.0019386582367728888,0.09276405222186175,0.05296384084194142,3.580758254366466e-05,24,47,0.0436805236959722,0.26783770471083046,True,False,False,0.0007586348169832618,COMPLETE
594,0.45032397508621214,2025-04-25 09:22:40.597543,2025-04-25 09:24:16.014027,0 days 00:01:35.416484,0.43772332915091455,0.7022580354388561,2,0.11441695954755494,0.14957892926733762,0.035102859920920694,0.006859697622947145,0.09132559063437902,0.04875784453127607,3.080075326482344e-05,24,58,0.04521803857474515,0.04558193707142505,True,False,False,0.0009560845021894712,COMPLETE
595,0.45544814467430117,2025-04-25 09:24:16.206134,2025-04-25 09:25:54.778672,0 days 00:01:38.572538,0.43405393580995155,0.6716968704962951,2,0.10602008098240992,0.154554375968551,0.03577506365911988,0.0010002856664583512,0.08568601576592653,0.04360898023718913,4.6601682253356115e-05,25,56,0.04318103175628477,0.2576297258709254,True,False,False,0.000995276255579616,COMPLETE
596,0.44285318851470945,2025-04-25 09:25:54.960351,2025-04-25 09:26:31.621919,0 days 00:00:36.661568,0.3612545856875915,0.6424553265087571,8,0.10243390447169279,0.1320553888637773,0.027447037032528543,0.005228542544826222,0.08668282530015434,0.056238737681209426,2.737314654172233e-05,24,60,0.042328859320079654,0.20041402379965,True,False,False,0.0006077151475365146,COMPLETE
597,0.463390177488327,2025-04-25 09:26:31.817180,2025-04-25 09:28:10.250362,0 days 00:01:38.433182,0.395650998774093,0.6567999385437984,2,0.10192120935203525,0.1388799438702461,0.03904542297086154,0.0032681014183579002,0.09400156477904961,0.05224292803667372,2.455565035216681e-05,25,60,0.04798594506142283,0.2741066489387351,True,False,False,0.0006686908204002966,COMPLETE
598,0.3499042630195618,2025-04-25 09:28:10.433168,2025-04-25 09:29:51.022894,0 days 00:01:40.589726,0.3277381932104999,0.6495133392723744,2,0.10256526230025602,0.14251130515376317,0.038733659110192255,0.002724182647733733,0.09497622079055823,0.05127038942814375,2.3711905783990853e-05,26,52,0.04739143233250622,0.26659498346774146,False,False,False,0.0006793889120414064,COMPLETE
599,0.45576683282852176,2025-04-25 09:29:51.204683,2025-04-25 09:31:29.429820,0 days 00:01:38.225137,0.3485822018391571,0.669737109560194,2,0.09902276949327771,0.13953607106791946,0.04234112058900382,0.004811681011527569,0.09272089870158334,0.05292512918226827,1.8092018451680504e-05,25,55,0.0473763043955306,0.27276246209919536,True,False,False,0.0006068768739089386,COMPLETE
600,0.45461531281471257,2025-04-25 09:31:29.622822,2025-04-25 09:33:07.718551,0 days 00:01:38.095729,0.37800984163990875,0.660836316777201,2,0.09670675770949771,0.14776371409514769,0.0344390747233409,0.006239818074077387,0.09471258416137797,0.05591988577313421,2.7536578117926024e-05,25,59,0.0448035674974567,0.09298548299886875,True,False,False,0.0007764566121470874,COMPLETE
601,0.4505461931228638,2025-04-25 09:33:07.902073,2025-04-25 09:34:50.124397,0 days 00:01:42.222324,0.39653128141850336,0.7069637367390222,2,0.10017744419470032,0.15864452838878573,0.03835982959849072,0.003349929712936555,0.09245179730282087,0.047153339342705304,2.290313576779973e-05,26,57,0.046101076409635136,0.2594689994405998,True,False,False,0.0005778253860569766,COMPLETE
602,0.46119878292083744,2025-04-25 09:34:50.318673,2025-04-25 09:36:26.991151,0 days 00:01:36.672478,0.41207724688147124,0.6950123830779074,2,0.1065025928670989,0.16371360831686102,0.0262556192862098,0.00670620602158479,0.09418476091433593,0.05450336483564782,2.4859776953658952e-05,24,61,0.042913551195089314,0.2724289740873815,True,False,False,0.0007341336846054785,COMPLETE
603,0.45974161028862004,2025-04-25 09:36:27.173066,2025-04-25 09:38:09.561526,0 days 00:01:42.388460,0.37573447178511377,0.6492267865309426,2,0.11290166857963425,0.134639967667644,0.023415285863795106,0.007943458270245634,0.09362294979653979,0.04881397857753705,2.0562927694088894e-05,26,61,0.049110625571080965,0.2753594381316044,True,False,False,0.0008317796494094716,COMPLETE
604,0.46060098409652717,2025-04-25 09:38:09.753743,2025-04-25 09:39:47.925954,0 days 00:01:38.172211,0.41158875235427334,0.6932747534482678,2,0.10907385296190869,0.13012002248140156,0.020523480593167494,0.007169965270567245,0.09024061114633525,0.05551849755236571,1.781435190113797e-05,25,61,0.044336007821879124,0.26413592319059126,True,False,False,0.000755135818909443,COMPLETE
605,0.28615721464157107,2025-04-25 09:39:48.110561,2025-04-25 09:41:19.515825,0 days 00:01:31.405264,0.3969177216853096,0.7292772790280307,2,0.10201072883510616,0.18245954734340922,0.028821790431529777,0.001140996122706699,0.08373126021476465,0.057845673948501417,2.4910770404746346e-05,27,62,0.04515958840040258,0.2735422285371355,True,True,False,0.0009765862612360825,COMPLETE
606,0.4452179968357086,2025-04-25 09:41:19.710826,2025-04-25 09:43:04.858836,0 days 00:01:45.148010,0.3878446471567341,0.6673800770587781,2,0.1090185787742948,0.16504506418799436,0.03173170276717571,0.005362017506118111,0.08920707735265752,0.05370991121718984,2.1156085524700446e-05,27,50,0.04801370986569306,0.275158683741568,True,False,False,0.0004979073862727858,COMPLETE
607,0.462170159816742,2025-04-25 09:43:05.042487,2025-04-25 09:44:43.447408,0 days 00:01:38.404921,0.41420505010202896,0.6398102636999619,2,0.12016775365686379,0.1374482179343896,0.03171249388801642,0.003305128021082559,0.09087501606809786,0.050665776272889186,2.5330628308259207e-05,25,55,0.042722140354929744,0.26936918151591455,True,False,False,0.0005719997269740656,COMPLETE
608,0.45633759498596194,2025-04-25 09:44:43.642226,2025-04-25 09:46:22.213595,0 days 00:01:38.571369,0.40559051325036444,0.6516416693148261,2,0.11591236471872225,0.13823032361792706,0.03001414097830811,0.003199906462900413,0.09240242595266016,0.050379679051968246,1.6251034790685836e-05,25,55,0.043172136589468994,0.2546960034506071,True,False,False,0.0006106259489610129,COMPLETE
609,0.3582168996334076,2025-04-25 09:46:22.397713,2025-04-25 09:47:45.087076,0 days 00:01:22.689363,0.3497299693068419,0.7055339720197963,2,0.12960204617486076,0.14554841903428123,0.031491563304183436,0.0037438861040002365,0.09320600877149186,0.04758707996336076,2.451860728729633e-05,24,54,0.0461856701983746,0.2670130705328083,True,False,True,0.0005898012291253758,COMPLETE
610,0.44518765807151794,2025-04-25 09:47:45.282368,2025-04-25 09:49:27.013524,0 days 00:01:41.731156,0.38216932579772805,0.6700019858146222,2,0.12397141363684029,0.1756283831290781,0.025893551521803233,0.006500703598797271,0.09126869171322018,0.051951867493006454,1.9605988436430262e-05,26,48,0.04348247796178378,0.24726608112033316,True,False,False,0.0007893704626389183,COMPLETE
611,0.4565834164619446,2025-04-25 09:49:27.198542,2025-04-25 09:51:06.436739,0 days 00:01:39.238197,0.41103350363531,0.6351064181579434,2,0.1148725933150964,0.1394090863243743,0.03812167257268537,0.005090800177708293,0.09473632648929345,0.04540909344438897,2.513442152753667e-05,25,60,0.0456878195545262,0.2636233726442178,True,False,False,0.0005121752253454871,COMPLETE
612,0.4440245389938355,2025-04-25 09:51:06.634162,2025-04-25 09:52:45.149236,0 days 00:01:38.515074,0.3796320290982703,0.7811713692791703,2,0.13834396591084702,0.1303889037953241,0.02787833877798539,0.0034327980392105046,0.0912925596074922,0.05463170604426364,1.4682712500335445e-05,25,64,0.042030447471661354,0.23849967531457095,True,False,False,0.00065483815499611,COMPLETE
613,0.4469759523868561,2025-04-25 09:52:45.337286,2025-04-25 09:54:28.332201,0 days 00:01:42.994915,0.42048081387538394,0.6789536591127541,2,0.11884436281445829,0.1900377356311212,0.02194671664631073,0.001045605909487254,0.08753246483413751,0.050504347314001316,2.7854238720045503e-05,26,62,0.04378524094203744,0.26983635663275546,True,False,False,0.0007854472307843015,COMPLETE
614,0.46749937534332275,2025-04-25 09:54:28.529668,2025-04-25 09:56:06.993517,0 days 00:01:38.463849,0.4285263776496314,0.99599520329288,2,0.10764484091178533,0.1442967196938174,0.038018571015215906,0.00774953539976652,0.09692044610625139,0.05276513904312978,2.088138282710058e-05,25,59,0.048919802017012654,0.2600035948346196,True,False,False,0.0004855215734657516,COMPLETE
615,0.4062689781188965,2025-04-25 09:56:07.180994,2025-04-25 09:56:35.356209,0 days 00:00:28.175215,0.39401577748768807,0.909409908448267,16,0.11886707291438832,0.14965517297575454,0.03363276562715603,0.005729001184215657,0.09808022835997961,0.05333172888592461,1.7082474437416196e-05,26,53,0.047385709700413316,0.2662063463613069,True,False,False,0.0005253284631561541,COMPLETE
616,0.43852138519287115,2025-04-25 09:56:35.554785,2025-04-25 09:58:14.068424,0 days 00:01:38.513639,0.41720017421936595,0.881890789198476,2,0.10681536924052601,0.1443659163426241,0.03632615401937263,0.008919432129857931,0.0965547885326744,0.05520050787709297,2.0966861994639955e-05,25,59,0.05035779104509871,0.2570521448755635,True,False,False,0.0006379507470441813,COMPLETE
617,0.451564633846283,2025-04-25 09:58:14.256347,2025-04-25 09:59:53.270194,0 days 00:01:39.013847,0.3975029552894807,0.6343593785915778,2,0.10729053488553102,0.16521119112503083,0.031162028719283186,0.0026497231576170276,0.09442519837144144,0.05263909755873941,1.9915847715181144e-05,25,56,0.05118814884314396,0.26286793159186955,True,False,False,0.0009930883957750417,COMPLETE
618,0.3466302752494812,2025-04-25 09:59:53.469164,2025-04-25 10:01:30.730860,0 days 00:01:37.261696,0.4243924935347714,0.8633027972639896,2,0.1113694585783348,0.14405349633094705,0.03505306708914012,0.001016594964443197,0.09410351263679431,0.05022511216610235,1.2761565527029601e-05,24,59,0.05280346160049927,0.2713296711448132,False,False,False,0.0004799742107813914,COMPLETE
619,0.4309567451477051,2025-04-25 10:01:30.929142,2025-04-25 10:02:10.858635,0 days 00:00:39.929493,0.36826362729764517,0.647712085847694,8,0.10514852668671461,0.1371730337443753,0.03822131966017754,0.007724908482056709,0.09665757833540956,0.048741603550517675,1.6673217167451368e-05,26,51,0.0502674556139751,0.2582959277571858,True,False,False,0.0006101612799764232,COMPLETE
620,0.3796532452106476,2025-04-25 10:02:11.063966,2025-04-25 10:03:50.924709,0 days 00:01:39.860743,0.4352836355866794,0.9504316203680454,2,0.11409560041803961,0.1572681921478346,0.026626712681490732,0.0046790315247527,0.09302283423983396,0.053142047866122755,2.0655824017880407e-05,24,25,0.04855974349804905,0.25000543819279814,True,False,False,0.0007484425371188238,COMPLETE
621,0.4446641921997071,2025-04-25 10:03:51.122296,2025-04-25 10:05:31.505950,0 days 00:01:40.383654,0.4257248297918983,0.6594442311293998,2,0.10560997829856411,0.14768398247599512,0.03406472757014482,0.008186117680426567,0.09643150394361362,0.05765654936017319,0.00013312404753718508,25,55,0.048514353493706065,0.2685831003030029,True,False,False,0.00047710204386944174,COMPLETE
622,0.460591197013855,2025-04-25 10:05:31.711068,2025-04-25 10:07:16.037464,0 days 00:01:44.326396,0.39970320829478645,0.6874167450592823,2,0.1022033930923509,0.13853115954861667,0.02940439391672004,0.005947889386415876,0.09568840827610346,0.0517383889557324,2.3585259947327385e-05,25,60,0.045759943070358605,0.2776102577540983,True,False,False,0.0005379500612681784,COMPLETE
623,0.28615721464157107,2025-04-25 10:07:16.232720,2025-04-25 10:08:47.887824,0 days 00:01:31.655104,0.3557160160722659,0.6311997334238478,2,0.11806028346279511,0.15455034690717048,0.033261452530657626,0.004930484744494547,0.09381880077283125,0.026928374740468046,1.4823431446737783e-05,24,111,0.04743569121932157,0.262836745554616,True,True,False,0.0007783964255828316,COMPLETE
624,0.45817871689796447,2025-04-25 10:08:48.094169,2025-04-25 10:10:33.713542,0 days 00:01:45.619373,0.4334407030122007,0.6584540429349163,2,0.1453494345654886,0.14332547012408692,0.035960453236856454,0.002927287535675529,0.09454059038745138,0.04802905301287561,2.937395591999443e-05,27,58,0.04250104974170948,0.2694272647960216,True,False,False,0.0004233849437675209,COMPLETE
625,0.4577651083469391,2025-04-25 10:10:33.908603,2025-04-25 10:12:10.260564,0 days 00:01:36.351961,0.4425265414968128,0.6352883565129027,2,0.121068726329206,0.1335029785970297,0.03759968361715352,0.003039989673991646,0.09798512330720704,0.04592190133073569,2.3555219035097874e-05,24,63,0.050945462140857656,0.275938049001871,True,False,False,0.0006152411228238024,COMPLETE
