number,value,datetime_start,datetime_complete,duration,params_alpha-eval,params_alpha-train,params_batch-size,params_eps-eval,params_eps-train,params_lambda-actions-eval,params_lambda-actions-train,params_lambda-frames-eval,params_lambda-frames-train,params_learning-rate,params_n-epochs,params_n-frames,params_radius-gw,params_rho,params_std-feats,params_ub-actions,params_ub-frames,params_weight-decay,state
225,0.40686367750167846,2025-04-05 16:58:21.920651,2025-04-05 16:58:56.036372,0 days 00:00:34.115721,0.6873129295754999,0.03559868177070491,8,0.07047453421885794,0.02896333631414951,0.07183515645951564,0.09618425706613547,0.011637254671632144,0.041240084017906325,0.002224729752067197,28,115,0.09609202820365471,0.25065110986161826,False,False,True,0.00014124256286258358,COMPLETE
226,0.48163188695907594,2025-04-05 16:58:56.107659,2025-04-05 16:59:31.144144,0 days 00:00:35.036485,0.7792153629220379,0.09411915498893426,8,0.04962707517204621,0.009258512758058522,0.07269537687241204,0.09633280918308709,0.009367198190184261,0.03848147623554671,0.0010496381634386106,29,117,0.09762897253424456,0.24482275448124713,False,False,True,5.583062265385082e-05,COMPLETE
227,0.38497449755668645,2025-04-05 16:59:31.215699,2025-04-05 17:00:05.471265,0 days 00:00:34.255566,0.7064034926774286,0.0609677732435836,8,0.04000264471064871,0.01363234109187245,0.07456247151204073,0.09598310655942956,0.011776313617368915,0.03851275306597282,0.0016095305829955506,28,113,0.09536262538908612,0.2441911536702568,False,True,True,0.00015948847103075019,COMPLETE
228,0.3913669764995575,2025-04-05 17:00:05.544701,2025-04-05 17:00:40.635762,0 days 00:00:35.091061,0.7327560716121804,0.013212914623678358,8,0.04746111371387503,0.02880823853367466,0.06738390793713833,0.09601918700783961,0.008779664986330545,0.040808637699376135,0.001841776018936198,29,121,0.09773028622863113,0.24117515826035457,False,False,True,0.0001284106591100645,COMPLETE
229,0.4833294987678528,2025-04-05 17:00:40.718253,2025-04-05 17:01:15.427686,0 days 00:00:34.709433,0.7089312935288967,0.05208318986373519,8,0.06270175061892755,0.01714971631469045,0.07541364375441328,0.09358410394321384,0.013006458778924151,0.03516581772669435,0.0010862053279796907,29,116,0.09530530450185908,0.25426470407177126,False,False,True,0.00017347842571107796,COMPLETE
230,0.4820731341838837,2025-04-05 17:01:15.501954,2025-04-05 17:01:50.306941,0 days 00:00:34.804987,0.6950417278105034,0.08946442221615092,8,0.06210341827541171,0.016675783074639194,0.07337567743161379,0.09382891044229559,0.012879803758482555,0.03528021296964239,0.0010568514548335351,29,110,0.09511087467678131,0.22968040574267115,False,False,True,8.135319455147764e-05,COMPLETE
231,0.4819657802581787,2025-04-05 17:01:50.382351,2025-04-05 17:02:25.313680,0 days 00:00:34.931329,0.7076203529523053,0.05372136551612208,8,0.06420272789046756,0.016437265201456316,0.07308338670057847,0.09368653212599004,0.012778048275877673,0.03443072470555274,0.0010454223573142353,29,116,0.09518633555220452,0.23862961918964556,False,False,True,9.042617703794553e-05,COMPLETE
232,0.48201833367347724,2025-04-05 17:02:25.386472,2025-04-05 17:02:59.615422,0 days 00:00:34.228950,0.7711590780056605,0.08737351970597627,8,0.056979609527178954,0.016758210313955448,0.07536672033616909,0.09634510245125652,0.011008359274881016,0.032417494324588986,0.0011025089932521724,28,110,0.09509267707717238,0.25292794237407323,False,False,True,8.972892470357667e-05,COMPLETE
233,0.42930961847305305,2025-04-05 17:02:59.689058,2025-04-05 17:03:34.983883,0 days 00:00:35.294825,0.6711481427629415,0.026462155074976255,8,0.05171207897973169,0.008457181943719593,0.07106427118052053,0.09421599306962178,0.013172215737421666,0.03511787670673891,0.001497355895494154,29,119,0.09672865388451651,0.24608713293764997,False,False,True,6.126455630776932e-05,COMPLETE
234,0.4835971355438233,2025-04-05 17:03:35.058110,2025-04-05 17:04:08.984395,0 days 00:00:33.926285,0.6819507120710292,0.03829316575840769,8,0.047901835871917535,0.017885801503510275,0.07470545801953624,0.09633602072501812,0.006707188590443495,0.039417531285495265,0.0009346426985010319,28,114,0.09784346423030559,0.25162340080433554,False,False,True,0.00016908748161798836,COMPLETE
235,0.484497743844986,2025-04-05 17:04:09.067909,2025-04-05 17:04:43.949627,0 days 00:00:34.881718,0.6781603782702404,0.07072675148096988,8,0.03829440525445453,0.02906895396402412,0.07548234253042829,0.09786973123164854,0.005705529658840982,0.041497324301782754,0.000986018928493239,29,113,0.09793763110154005,0.25370856705694556,False,False,True,0.00017764628125529713,COMPLETE
236,0.4827408194541931,2025-04-05 17:04:44.024206,2025-04-05 17:05:18.056345,0 days 00:00:34.032139,0.6712485652540545,0.0677313751598354,8,0.03878565148334062,0.029453998157832905,0.07542835519891071,0.09783103025982642,0.007192097664377632,0.04147146315074572,0.0009403406851992894,28,113,0.09832267569319592,0.2552297938872997,False,False,True,0.00017014914468723856,COMPLETE
237,0.4832799792289734,2025-04-05 17:05:18.131306,2025-04-05 17:05:52.119451,0 days 00:00:33.988145,0.7550871893925809,0.07147117961388474,8,0.038365965753580235,0.021527302824720238,0.07501407557989972,0.0980510267945396,0.003884582573228452,0.04177429895369388,0.000897333245625496,28,114,0.09785945367071028,0.2554046774824528,False,False,True,0.00017929374822375004,COMPLETE
238,0.47878549695014955,2025-04-05 17:05:52.194748,2025-04-05 17:06:26.441585,0 days 00:00:34.246837,0.7491733080226648,0.06969842643787261,8,0.04734857507994468,0.02034585697463421,0.07559683349745809,0.09804640731471286,0.0058683772504095795,0.04178222662501216,0.0008592211899261762,28,114,0.09786083690582849,0.2523698103374631,False,False,True,0.00017046912889150055,COMPLETE
239,0.3733499765396118,2025-04-05 17:06:26.518865,2025-04-05 17:07:00.867987,0 days 00:00:34.349122,0.6769927044560972,0.05489262424034573,8,0.036099520678467376,0.11849208052683256,0.07581233436486932,0.09524906172855936,0.004021097884305565,0.040680315976552556,0.0009096029451291041,28,112,0.09768895862495831,0.2556577159328094,False,False,True,0.0001689301891132772,COMPLETE
240,0.3904851198196412,2025-04-05 17:07:00.943061,2025-04-05 17:07:36.350389,0 days 00:00:35.407328,0.8134169628645678,0.030811965536120565,8,0.03761349714588008,0.030474709986432515,0.07576617562035255,0.09988292112001369,0.006212225606155619,0.04186687667034687,0.0007393379602225668,29,120,0.09803880358122655,0.2520106141111343,False,False,True,0.00011221492726024016,COMPLETE
241,0.48118865489959717,2025-04-05 17:07:36.435950,2025-04-05 17:08:11.696060,0 days 00:00:35.260110,0.6315976951781636,0.09406321782034821,8,0.0450943447517365,0.029611368585292862,0.07010562797612244,0.09662743824563041,0.007658987379085021,0.039639259956984925,0.000959368335741366,29,114,0.09296228914722145,0.24883064871013452,False,False,True,0.00016288447605363458,COMPLETE
242,0.48011056780815126,2025-04-05 17:08:11.773378,2025-04-05 17:08:45.959775,0 days 00:00:34.186397,0.7585553277016078,0.07387051996468355,8,0.041033784044773015,0.008175589228191461,0.07489544902976791,0.09792068328913962,0.002155406517672773,0.03839074952513995,0.0011310260504992667,28,117,0.09628606373951255,0.256629022365518,False,False,True,0.0001813048862695753,COMPLETE
243,0.4828481376171112,2025-04-05 17:08:46.035930,2025-04-05 17:09:21.202326,0 days 00:00:35.166396,0.5842337711297385,0.03775843098028904,8,0.049255906494989704,0.027947983484811145,0.07370435059316514,0.09592704503095,0.0033032247327155653,0.04173582839198475,0.001457410400459645,29,122,0.09820429066979755,0.25723592476754503,False,False,True,0.00031796785632425846,COMPLETE
244,0.483020293712616,2025-04-05 17:09:21.278758,2025-04-05 17:09:56.851451,0 days 00:00:35.572693,0.5822814328703037,0.03913358586651472,8,0.05117074288873753,0.011845975685534155,0.07292213980277397,0.09508438500924586,0.004690547336159251,0.040490482391996895,0.0009779215152568293,29,121,0.09826616920831478,0.23879052826806638,False,False,True,0.0003420941462023114,COMPLETE
245,0.4839427292346955,2025-04-05 17:09:56.927877,2025-04-05 17:10:31.385721,0 days 00:00:34.457844,0.6723599140864275,0.03281226936896784,8,0.05308998202982387,0.011740941092614953,0.07176234879594869,0.09309418670315874,0.004703265777377053,0.04216059194816706,0.0009573384302130223,28,120,0.09866701820023871,0.23555012136426334,False,False,True,0.00014417367210584251,COMPLETE
246,0.4059242188930512,2025-04-05 17:10:31.464509,2025-04-05 17:11:05.975952,0 days 00:00:34.511443,0.7295153589995587,0.012093072400582727,8,0.051446024115001855,0.0013278499829762723,0.0689493047599495,0.09314723385996128,0.003972866495090398,0.04212700716914464,0.0009418829632577487,28,121,0.09833157743270493,0.23483394818623585,False,False,True,0.00011323106701166622,COMPLETE
247,0.3750915825366974,2025-04-05 17:11:06.062682,2025-04-05 17:11:44.448522,0 days 00:00:38.385840,0.673005727370643,0.029880662814905562,8,0.05587879470522651,0.012412729719514601,0.0712782097743478,0.09473953889148111,0.0038660167602895313,0.042298657800310856,0.0015271530932647796,28,113,0.09351793095589146,0.24054345460281729,False,False,False,0.0001363606611520103,COMPLETE
248,0.4833590924739838,2025-04-05 17:11:44.525430,2025-04-05 17:12:19.429957,0 days 00:00:34.904527,0.6913360297793103,0.046436157866735425,8,0.04843501599394537,0.009742746104017652,0.07358490114982655,0.09361608124811134,0.00555751965665177,0.04022563279328456,0.0009978105512851634,29,119,0.09815474044228528,0.22293042851200995,False,False,True,0.00014434327852467767,COMPLETE
249,0.4847028374671936,2025-04-05 17:12:19.511220,2025-04-05 17:12:54.514594,0 days 00:00:35.003374,0.7167207871386106,0.06056501871917671,8,0.04705890014922027,0.008104972780233038,0.07212556896099385,0.09539747737060407,0.0057896072909265775,0.04062432126221208,0.0009358265676662791,29,119,0.09823807005260174,0.22040460272831264,False,False,True,0.0001664664361625183,COMPLETE
250,0.48238174915313725,2025-04-05 17:12:54.592949,2025-04-05 17:13:29.374305,0 days 00:00:34.781356,0.6795633700420791,0.06292600486922323,8,0.04753221126474223,0.005437462164948243,0.07202106344804135,0.09290265757004236,0.006313010906128399,0.04063734079084825,0.0007142938729259491,29,120,0.09804297983246045,0.23072253526693548,False,False,True,0.000331154518224547,COMPLETE
251,0.4846884548664093,2025-04-05 17:13:29.452706,2025-04-05 17:14:04.689178,0 days 00:00:35.236472,0.7282817073252122,0.0401664727686451,8,0.057435188690575005,0.011179297392600523,0.06970874415681964,0.0933745124269853,0.003161929355805285,0.04193612821724913,0.0009727181748558819,29,122,0.09800801864192922,0.22256841538503291,False,False,True,0.00010801755119712159,COMPLETE
252,0.48220971226692205,2025-04-05 17:14:04.768389,2025-04-05 17:14:39.812988,0 days 00:00:35.044599,0.7527031683553858,0.03688587464588805,8,0.0591879683142687,0.008672202418992463,0.07057564771341224,0.09337346738576346,0.002203240540666387,0.041816267586498576,0.0010490370297545843,29,119,0.09430393443022729,0.22017143941840575,False,False,True,0.00010820395914342822,COMPLETE
253,0.4824206531047821,2025-04-05 17:14:39.901970,2025-04-05 17:15:13.967314,0 days 00:00:34.065344,0.7253199940136876,0.05601968249753272,8,0.06570435329562715,0.010253308379243643,0.06773798141710086,0.09468180923938806,0.005412409207724408,0.04011642927292787,0.000980303282783591,28,110,0.09770735243114813,0.2134449718786707,False,False,True,0.00015990788563818238,COMPLETE
254,0.48346356153488157,2025-04-05 17:15:14.046842,2025-04-05 17:15:49.169486,0 days 00:00:35.122644,0.713391455578234,0.0744316333025537,8,0.07551464353525315,0.01144326226208516,0.0732269481922159,0.0923337189279575,0.0028215053292752652,0.04252684585106098,0.0006922037779996725,29,122,0.09636891130537897,0.22544805672914148,False,False,True,5.0798604291775626e-05,COMPLETE
255,0.480476313829422,2025-04-05 17:15:49.249082,2025-04-05 17:16:24.178697,0 days 00:00:34.929615,0.7251197318792645,0.03393754671481123,8,0.05689546473109464,0.0014446942428133162,0.07321024770066409,0.09153769981542723,0.00266857606137851,0.03972386038349081,0.0007151054656384651,29,122,0.09250309794798645,0.22088397357380754,False,False,True,4.5557971371374346e-05,COMPLETE
256,0.3944722354412079,2025-04-05 17:16:24.259184,2025-04-05 17:16:59.612613,0 days 00:00:35.353429,0.7115433483450331,0.012605575586950461,8,0.049277492260669825,0.009442030302481,0.07054064661837717,0.09227749625481017,0.004192881009645653,0.04231285752006992,0.0015666009243070031,29,122,0.0963466461930304,0.22566090820260193,False,False,True,2.81306703301822e-05,COMPLETE
257,0.40830132365226746,2025-04-05 17:16:59.692838,2025-04-05 17:17:34.840092,0 days 00:00:35.147254,0.7412036928642365,0.0865635920563598,8,0.0772368440342184,0.014067777731819577,0.0740713180951316,0.0938609186254807,0.0012913249009916623,0.03295454151980614,0.002174017215673395,29,119,0.09431096171995376,0.23142783318372592,False,True,True,9.719980177819317e-05,COMPLETE
258,0.4067511796951294,2025-04-05 17:17:34.920926,2025-04-05 17:18:09.559570,0 days 00:00:34.638644,0.7017974865430597,0.047704345025079586,8,0.059504736393000086,0.00500090665468538,0.07249840588244932,0.09519039274665794,0.008241433851828996,0.08820152674218654,0.0006999327156257604,29,118,0.09658334045893324,0.23839246870021152,False,False,True,7.330327080877159e-05,COMPLETE
259,0.48291964530944825,2025-04-05 17:18:09.650150,2025-04-05 17:18:44.035535,0 days 00:00:34.385385,0.6903487270474986,0.07091877800681268,8,0.05484971122889457,0.01911669999309499,0.06845447141832184,0.09287490573243594,0.005111262780988941,0.035455345431171084,0.0008931448562894657,28,115,0.09997602461156684,0.22248487886004084,False,False,True,0.0001277772866704184,COMPLETE
260,0.4782839477062225,2025-04-05 17:18:44.116244,2025-04-05 17:19:18.122931,0 days 00:00:34.006687,0.6917107176208133,0.07970720364029525,8,0.07134274632970818,0.018513570867207254,0.06605242547299515,0.038298222108774295,0.00438896579376486,0.03602027813642492,0.0014353272681964695,28,114,0.09480237160038474,0.20882190288810507,False,False,True,0.00012757522333513844,COMPLETE
261,0.48322255015373233,2025-04-05 17:19:18.205705,2025-04-05 17:19:52.392065,0 days 00:00:34.186360,0.7971992078725652,0.05928984737966118,8,0.055604521171111705,0.01834311360618562,0.06904871961317163,0.09241787201864937,0.005668079947155702,0.04278733653608976,0.0011494487064919344,28,117,0.09781918622530743,0.22384794382586506,False,False,True,9.784563851153131e-05,COMPLETE
262,0.46811476349830633,2025-04-05 17:19:52.474015,2025-04-05 17:20:26.528284,0 days 00:00:34.054269,0.8019063303737566,0.06524645875314132,8,0.06597032445899102,0.010815502517154128,0.07005546722187876,0.0916946483411529,0.006660338212591791,0.035155513375972246,0.0010831938949448425,28,115,0.09642322156505018,0.2232848856096246,False,False,True,6.009978870859453e-05,COMPLETE
263,0.4662364542484284,2025-04-05 17:20:26.610707,2025-04-05 17:21:01.513381,0 days 00:00:34.902674,0.7656321350633798,0.09094576286947594,8,0.0861674375822987,0.018836411701680753,0.06861847883310118,0.09087049456116147,0.009136071661984995,0.037350553734904264,0.0008864572574921178,28,118,0.09999867883382683,0.21736743947152665,False,False,True,9.663206554225366e-05,COMPLETE
264,0.4808990776538849,2025-04-05 17:21:01.606059,2025-04-05 17:21:35.644939,0 days 00:00:34.038880,0.7950799705218984,0.056283023071914975,8,0.05568665999998913,0.012421770703970242,0.06555839754034688,0.09249166415439043,0.005641602157177111,0.03276694111141748,0.0007468138589040712,28,111,0.09270899898122686,0.20244297894434093,False,False,True,0.00012106714005790069,COMPLETE
265,0.4320460557937622,2025-04-05 17:21:35.727502,2025-04-05 17:22:10.649462,0 days 00:00:34.921960,0.8515184672040812,0.10011818893148317,8,0.06143957284354812,0.019455403374297995,0.07178845346004226,0.09379547718680496,0.010616292436343763,0.04288553983169791,0.0011909751012316346,29,116,0.09699585908822335,0.22733151239181273,False,False,True,0.00014537483745199404,COMPLETE
266,0.39937680959701544,2025-04-05 17:22:10.734746,2025-04-05 17:22:44.982511,0 days 00:00:34.247765,0.721475069368778,0.028103422802899135,8,0.0539556927521486,0.0072006834039765565,0.06827829682020052,0.09514318716946907,0.007938423834011658,0.03768612442492315,0.0009251836122405935,28,119,0.0947387589847266,0.2340604458031272,False,False,True,8.440897034534671e-05,COMPLETE
267,0.48313784003257754,2025-04-05 17:22:45.066388,2025-04-05 17:23:20.239980,0 days 00:00:35.173592,0.7444725845313283,0.06508087885848143,8,0.047061717655561,0.00466451438248429,0.07472877954622331,0.08989789629545528,0.00568237365435229,0.04000988422032338,0.0011341937927013617,29,115,0.09804818261638137,0.2435380411525944,False,False,True,0.000141255302947313,COMPLETE
268,0.28615721464157107,2025-04-05 17:23:20.323098,2025-04-05 17:23:52.194855,0 days 00:00:31.871757,0.7489167659127033,0.07609038756715274,8,0.04505637300584334,0.0032190565451432843,0.07580230725709858,0.04863973437423571,0.005332818200134669,0.04328904843084979,0.0027280466028382654,21,109,0.09835650730483918,0.21949183043275558,False,False,False,0.0001049913400986563,COMPLETE
269,0.44217751622200013,2025-04-05 17:23:52.281066,2025-04-05 17:24:27.191575,0 days 00:00:34.910509,0.6324340349988465,0.07007977503537471,8,0.0477223407811674,0.0034723237993296843,0.07602859323316227,0.09001135268667886,0.0030727069686702474,0.03982968803068808,0.0018455273415217807,29,122,0.09800500856609075,0.22812748773291577,False,False,True,4.7796825884169004e-05,COMPLETE
270,0.4800794303417206,2025-04-05 17:24:27.285073,2025-04-05 17:25:02.032770,0 days 00:00:34.747697,0.6843282551110791,0.09978513037180156,8,0.05484857936424027,0.010396959595595808,0.06401539063458131,0.09250154091229586,0.0010852340933469769,0.03487743929399813,0.0006651415460277231,29,113,0.09807480916679089,0.23460686704807784,False,False,True,0.00017800410099631686,COMPLETE
271,0.39295801520347595,2025-04-05 17:25:02.117167,2025-04-05 17:25:36.935021,0 days 00:00:34.817854,0.6520381971900252,0.0267913516511643,8,0.07287728183037742,0.00019206440473243033,0.07406356541873563,0.08789790190704659,0.006493657331531946,0.04035515798965849,0.0012112023500022119,29,118,0.09993693224564035,0.21572661781459385,False,False,True,0.00011880061225556495,COMPLETE
272,0.48332821726799013,2025-04-05 17:25:37.019837,2025-04-05 17:26:11.428614,0 days 00:00:34.408777,0.7431866611983422,0.04932742454044854,8,0.06398483312106523,0.02061463924592808,0.07611669923292802,0.09075635720980305,0.007939050426665845,0.03698025731894188,0.0007915344621188407,28,122,0.09663680166439789,0.2425774500844742,False,False,True,0.00016946632607599764,COMPLETE
273,0.4817647814750671,2025-04-05 17:26:11.514354,2025-04-05 17:26:46.428077,0 days 00:00:34.913723,0.7399852477380958,0.056300289153856466,8,0.06622720288261198,0.021033382583204502,0.07630426909509722,0.09038187750015639,0.008866425506741528,0.037360879137542206,0.0014853291388502992,29,122,0.09320807947784078,0.24477853262080645,False,False,True,7.208865291105155e-05,COMPLETE
274,0.3965047836303711,2025-04-05 17:26:46.513051,2025-04-05 17:27:21.470765,0 days 00:00:34.957714,0.7841829178282949,0.011908075343771203,8,0.0370926352487603,0.012910101600001226,0.07454198969933695,0.09447001516078808,0.007099876122978703,0.04250904459119546,0.0007927427625620504,29,120,0.09615717593169179,0.23883800649423512,False,False,True,0.0001801852253024819,COMPLETE
275,0.46457415819168096,2025-04-05 17:27:21.566481,2025-04-05 17:27:55.876369,0 days 00:00:34.309888,0.8329983358102715,0.04230672695415026,8,0.061650729753789546,0.007801502570620586,0.07618243329413153,0.04455982200989508,0.0096747267761303,0.039748686285320294,0.0006050571469218825,28,123,0.09483155728683577,0.24747825614768165,False,False,True,0.0001607475946961334,COMPLETE
276,0.48315470218658446,2025-04-05 17:27:55.963659,2025-04-05 17:28:25.564341,0 days 00:00:29.600682,0.73683793664133,0.08425403096918477,8,0.04622432204536586,0.02213962134688327,0.07290689169020588,0.0910266904178119,0.011979944058131728,0.04302815244523715,0.001197234218832842,22,118,0.09684330477641988,0.24262091853418138,False,False,True,9.322691034687085e-05,COMPLETE
277,0.3867382049560547,2025-04-05 17:28:25.651547,2025-04-05 17:28:59.955556,0 days 00:00:34.304009,0.7663610146603065,0.0870751379479439,8,0.047473350308841464,0.016735475637196816,0.07303775624677292,0.08901735681050037,0.012624290068062646,0.043260272141612995,0.0010633727115367357,28,112,0.09374676663165589,0.24179012282822893,False,True,True,9.422786776914417e-05,COMPLETE
278,0.48248589038848877,2025-04-05 17:29:00.042785,2025-04-05 17:29:34.958522,0 days 00:00:34.915737,0.734216033117035,0.04723200795780032,8,0.059058821659402655,0.012312708007326593,0.0705091235072815,0.09113017144975838,0.007920011763538907,0.04544081887767609,0.0011723343609826987,29,118,0.09675656494605056,0.1763082872131089,False,False,True,7.080375759954634e-05,COMPLETE
279,0.46518152952194214,2025-04-05 17:29:35.046636,2025-04-05 17:30:08.972455,0 days 00:00:33.925819,0.7176844552036445,0.06157555014252085,8,0.04726201093146565,0.021736419447751128,0.0722220615674979,0.03286250363182883,0.004560197987899446,0.043353573687564984,0.0007711457334251788,27,117,0.09159527511174978,0.2322031896016684,False,False,True,9.764764062640602e-05,COMPLETE
280,0.35721198916435243,2025-04-05 17:30:09.070080,2025-04-05 17:30:38.699921,0 days 00:00:29.629841,0.7512987864860099,0.03259878844045903,8,0.06886255216204709,0.13961391982368598,0.0744005428131719,0.08837801539076931,0.011204515685705083,0.04072386767372811,0.002034609634453215,22,115,0.09633862280952353,0.24722635390919395,False,False,True,0.00014016342621549427,COMPLETE
