number,value,datetime_start,datetime_complete,duration,params_alpha-eval,params_alpha-train,params_batch-size,params_eps-eval,params_eps-train,params_lambda-actions-eval,params_lambda-actions-train,params_lambda-frames-eval,params_lambda-frames-train,params_learning-rate,params_n-epochs,params_n-frames,params_radius-gw,params_rho,params_std-feats,params_ub-actions,params_ub-frames,params_weight-decay,state
843,0.38912698030471804,2025-04-05 22:19:34.756741,2025-04-05 22:20:08.356083,0 days 00:00:33.599342,0.686222262536989,0.02856933555851926,8,0.08353364726027822,0.07426651189375655,0.018122070802962655,0.06040288151480703,0.023346357642907233,0.016699408140716448,0.0004642169776622175,28,84,0.09430336829595284,0.19547037067453818,False,False,True,1.175323302166554e-06,COMPLETE
844,0.4870794177055359,2025-04-05 22:20:08.629330,2025-04-05 22:20:42.706673,0 days 00:00:34.077343,0.7083221197970648,0.040879438551497435,8,0.07426738312316572,0.0642339650113205,0.019203190868562703,0.06260793390211024,0.014836257300257075,0.020243834668220065,0.000593967029459212,28,81,0.09644874626954617,0.18648138156028238,False,False,True,1.1120067888677075e-06,COMPLETE
845,0.47406225800514223,2025-04-05 22:20:42.966545,2025-04-05 22:21:16.201318,0 days 00:00:33.234773,0.6771607324292304,0.0566602533506121,8,0.08834790600973384,0.06155148216029909,0.016914404709912872,0.0588034983827867,0.019519219117383205,0.015002808396302268,0.0007051666745079846,28,77,0.09610636531637591,0.2002363602166089,False,False,True,1.3921830396923196e-06,COMPLETE
846,0.3841382205486298,2025-04-05 22:21:16.474327,2025-04-05 22:21:49.455562,0 days 00:00:32.981235,0.7316949610836112,0.027631780099562707,8,0.09675035705751496,0.07168143481281614,0.021329299979588948,0.06093658295696873,0.013995490531334417,0.017983541448200635,0.0005495163907229924,27,85,0.09812851373906803,0.1890126602452094,False,False,True,7.819579434107401e-07,COMPLETE
847,0.48444623947143556,2025-04-05 22:21:49.730418,2025-04-05 22:22:23.255987,0 days 00:00:33.525569,0.6570733591147148,0.057738250127185316,8,0.07855642974282356,0.07734063138952316,0.01949360712882488,0.05738997654056106,0.018041165803652403,0.021301541405189348,0.0007317459126775477,28,70,0.09416435668936697,0.1924962420886877,False,False,True,9.281891536592068e-07,COMPLETE
848,0.39784498810768126,2025-04-05 22:22:23.515797,2025-04-05 22:22:56.744251,0 days 00:00:33.228454,0.6956598232411726,0.04435464407176749,8,0.07222365852204295,0.06708049286293584,0.015413440260677185,0.0637122489806867,0.016788265536050978,0.01619813434111636,0.0004922839929197071,27,86,0.0553893400236854,0.18536295722018178,False,False,True,1.639845302860155e-07,COMPLETE
849,0.4788388788700104,2025-04-05 22:22:57.015661,2025-04-05 22:23:30.007178,0 days 00:00:32.991517,0.7179157200474325,0.06534284002341412,8,0.0666731545842416,0.05854339551150345,0.021298264306592117,0.05947607675772418,0.019429038563092145,0.01904788691466696,0.0006841265232312574,27,82,0.09654360570273188,0.17855721978955164,False,False,True,6.337103572496679e-07,COMPLETE
850,0.4860156953334809,2025-04-05 22:23:30.280956,2025-04-05 22:24:03.150101,0 days 00:00:32.869145,0.676615434631001,0.07688437748405196,8,0.08274845920200459,0.08262789108627808,0.018154934158998184,0.05730354817674761,0.021111881082976635,0.014092453278749596,0.0008868678296544347,27,80,0.0981830380834877,0.19762364910788024,False,False,True,3.295081003600799e-07,COMPLETE
851,0.3615359902381897,2025-04-05 22:24:03.409747,2025-04-05 22:24:38.539785,0 days 00:00:35.130038,0.6569425673243368,0.028359896706163037,8,0.059236741515311345,0.07257763423253774,0.023520417299509416,0.06519333195159313,0.014400166599934004,0.017322012390324958,0.0006136531941619785,28,75,0.09407280879388308,0.20284174427170476,True,False,True,8.003287755633923e-07,COMPLETE
852,0.4669179975986481,2025-04-05 22:24:38.813758,2025-04-05 22:25:10.847129,0 days 00:00:32.033371,0.7513083851140299,0.0490907637993577,8,0.07425151064308343,0.06595088822338109,0.01635385944859365,0.06224736002627713,0.016648574567053907,0.012228609598703994,0.0008438871356527552,26,86,0.09644025292182955,0.18793184674597385,False,False,True,1.4300742117777427e-06,COMPLETE
853,0.3827687561511994,2025-04-05 22:25:11.125712,2025-04-05 22:25:43.886070,0 days 00:00:32.760358,0.6948156883878955,0.0806885147302881,8,0.05279763708168893,0.06239202237773597,0.001138705149378333,0.060717891216294645,0.021786376474291828,0.015364675258815125,0.0002730068789391111,27,64,0.026086594130312148,0.1809313482810853,False,True,True,4.6859229235257873e-07,COMPLETE
854,0.4313101649284363,2025-04-05 22:25:44.147807,2025-04-05 22:26:16.138769,0 days 00:00:31.990962,0.6733819006757398,0.061451152114765,8,0.12391958969285467,0.0790498697590067,0.009402823217329081,0.06981097553018312,0.02504754026172225,0.021456999812955766,0.0007204978450582774,26,79,0.09815375432620341,0.19424080395712504,False,False,True,5.724172862683466e-07,COMPLETE
855,0.3916818082332611,2025-04-05 22:26:16.413886,2025-04-05 22:26:48.574159,0 days 00:00:32.160273,0.7151337328450768,0.01112356446383498,8,0.06515527130499407,0.05811191761018136,0.013383051030454273,0.0591389662558747,0.014181144918179251,0.01903797270392635,0.0005074155794505075,26,83,0.09543585302012786,0.20565353980557752,False,False,True,9.663204566478788e-07,COMPLETE
856,0.48546437025070194,2025-04-05 22:26:48.850279,2025-04-05 22:27:22.280609,0 days 00:00:33.430330,0.6991544200508159,0.04907150412878136,8,0.0719198511433184,0.07050360514623828,0.020334677093406486,0.057204647940598666,0.01765157259524308,0.01621030596347435,0.0008604999198830414,28,78,0.09991790824744287,0.1779350517983715,False,False,True,1.8308405866785182e-06,COMPLETE
857,0.4883542180061341,2025-04-05 22:27:22.557456,2025-04-05 22:27:55.892487,0 days 00:00:33.335031,0.6561419665824657,0.0859264661827136,8,0.05722451708596412,0.06626795097030036,0.022243806276459995,0.06529554610561415,0.01940577968782222,0.014165027374814699,0.0006320441938401335,27,85,0.0999573902220281,0.18457366138389097,False,False,True,6.989431323108131e-07,COMPLETE
858,0.40079376697540287,2025-04-05 22:27:56.157569,2025-04-05 22:29:23.210599,0 days 00:01:27.053030,0.6532884639826426,0.08718088488119947,2,0.09035454689325642,0.059500182453029765,0.02312517080924316,0.06782167093180301,0.02225446110520246,0.012418881239432121,0.0006345277733920722,26,86,0.09990864956694029,0.17651362854289404,False,False,True,7.273293437000383e-07,COMPLETE
859,0.38752341270446783,2025-04-05 22:29:23.486592,2025-04-05 22:29:56.482400,0 days 00:00:32.995808,0.6584251235156608,0.03444943530691321,8,0.0787375188491815,0.06274117957706682,0.022060582055574384,0.06649187984946346,0.023305680269414195,0.01308200263205769,0.0003638584365347448,27,86,0.09813703364949256,0.1843283860601811,False,False,True,1.1124707921668618e-06,COMPLETE
860,0.3524917840957642,2025-04-05 22:29:56.759918,2025-04-05 22:30:33.244491,0 days 00:00:36.484573,0.35516866059918795,0.08626542283231214,8,0.061526188643149675,0.05648515229138536,0.02421308289075313,0.07132225624052516,0.0195629580652818,0.015384061158533564,0.0004195060727231623,26,84,0.09674566877111908,0.18308022524381137,False,False,False,6.631249339762604e-07,COMPLETE
861,0.48875495195388796,2025-04-05 22:30:33.506592,2025-04-05 22:31:05.461036,0 days 00:00:31.954444,0.6726163213301093,0.06235599036679067,8,0.06826728040077822,0.06676231604193779,0.024186707285522503,0.06562754936550767,0.020053506650037547,0.014262358644334585,0.0005061142419986454,26,83,0.09996919869122785,0.1936212062940531,False,False,True,9.786918683870684e-07,COMPLETE
862,0.36392963528633115,2025-04-05 22:31:05.737607,2025-04-05 22:31:37.885839,0 days 00:00:32.148232,0.6866083372037382,0.04377732615299002,8,0.07627670416868379,0.0865692059362676,0.02450105663566177,0.06397349464151615,0.026673109590916132,0.011502852913085233,0.00046922894511959367,26,82,0.09808954344912282,0.20838193092309196,False,False,True,1.3706503957940892e-06,COMPLETE
863,0.46446153521537786,2025-04-05 22:31:38.163068,2025-04-05 22:32:10.435093,0 days 00:00:32.272025,0.6730288355205645,0.05675000550018659,8,0.0692248840196582,0.07803295899468185,0.024826603852958762,0.06511606073663583,0.02160590449935927,0.014356438278483805,0.0004372509037801113,26,82,0.09488538035941625,0.1970705909529552,False,False,True,9.040976826755812e-07,COMPLETE
864,0.35089789032936103,2025-04-05 22:32:10.713308,2025-04-05 22:32:42.792046,0 days 00:00:32.078738,0.6705116991711723,0.03684297761379437,8,0.07153943274461143,0.073601538673605,0.020161106609513778,0.06640339565149805,0.0244819301792909,0.07807609646531544,0.00037946495258019304,26,86,0.0966752262819512,0.19236724519271692,False,False,True,1.2165757258181638e-06,COMPLETE
865,0.4890271902084351,2025-04-05 22:32:43.056333,2025-04-05 22:33:14.500956,0 days 00:00:31.444623,0.684028772537951,0.0625369683773114,8,0.06620808761575286,0.06718970636416878,0.024816673756090077,0.06803882996583123,0.02051792228206706,0.01714681539975117,0.0005101583145213462,25,81,0.09798360906077747,0.1990359656691171,False,False,True,1.563976915997011e-06,COMPLETE
866,0.35809254050254824,2025-04-05 22:33:14.778791,2025-04-05 22:33:45.988747,0 days 00:00:31.209956,0.9496284831386667,0.024164068252559137,8,0.06578650103109299,0.06866938338728706,0.022693497158660602,0.06787258702837523,0.02113639029250604,0.01196120914764604,0.0003063127374567899,25,81,0.09995968222721659,0.20479202573704092,False,False,True,1.3611377138059492e-06,COMPLETE
867,0.3967316329479218,2025-04-05 22:33:46.268179,2025-04-05 22:34:18.626897,0 days 00:00:32.358718,0.6852435943521644,0.057945358635459396,8,0.06394971446711192,0.07597146369847237,0.02404046907102669,0.07068600987844986,0.023150002027573266,0.014338913060736497,0.00039965521366119205,26,80,0.09806227658369714,0.19989454567370468,False,False,True,1.1097195039103343e-06,COMPLETE
868,0.3506920635700226,2025-04-05 22:34:18.894990,2025-04-05 22:34:50.464307,0 days 00:00:31.569317,0.7022194718579895,0.028368300731260072,8,0.06890777946974434,0.12202655536826561,0.020781441354926423,0.06873666445292116,0.01954252288628126,0.019742701767604374,0.0003414108674632311,25,76,0.0980200152438981,0.19596141811790893,False,False,True,1.6096010160565965e-06,COMPLETE
869,0.3753941833972931,2025-04-05 22:34:50.743318,2025-04-05 22:35:23.260726,0 days 00:00:32.517408,0.6534602202523753,0.010695619733746338,8,0.06227341882530316,0.09724457619398669,0.02161843762871687,0.06842619066481026,0.018178474926603194,0.01659728115794094,0.00045180801580317365,26,83,0.09987466194923092,0.20618679183873137,False,True,True,1.8779065075272058e-06,COMPLETE
870,0.47067829966545105,2025-04-05 22:35:23.540948,2025-04-05 22:35:54.621022,0 days 00:00:31.080074,0.6920824183808336,0.06863496945328476,8,0.06970519418175705,0.06676998623751376,0.024963479979252363,0.0676168543172973,0.023654387467789372,0.018394342718221105,0.0005358472970578554,25,79,0.09997915609259767,0.2005975088536465,False,False,True,1.8227750978884636e-06,COMPLETE
871,0.34959490895271306,2025-04-05 22:35:54.902801,2025-04-05 22:36:28.440172,0 days 00:00:33.537371,0.6715703198313802,0.04713514923872825,8,0.06041564802347588,0.08257395044796952,0.0191059896959234,0.06931271847925512,0.02118394452012121,0.013835097088671758,0.0005245361545667383,26,73,0.09658951740376753,0.19185948984525386,True,False,True,9.615852513638417e-07,COMPLETE
872,0.3826282322406769,2025-04-05 22:36:28.711005,2025-04-05 22:37:00.142418,0 days 00:00:31.431413,0.7087078511712929,0.5313168179810589,8,0.06552939981427193,0.06277724193460113,0.022383035096295776,0.06418960100378167,0.019459770392364933,0.015927527255226594,0.000559824652346349,25,86,0.09807398809298205,0.19438853046462617,False,False,True,1.5646820619863763e-06,COMPLETE
873,0.3888573169708252,2025-04-05 22:37:00.421750,2025-04-05 22:37:32.363566,0 days 00:00:31.941816,0.6889041335973761,0.07037736616279286,8,0.07284886002244066,0.0729663253546649,0.025143801946269792,0.0699737967163906,0.017607653652290244,0.021309073331874245,0.00048145898432663017,26,82,0.09624537071861507,0.20111691626582412,False,False,True,8.617134613517203e-07,COMPLETE
874,0.489671802520752,2025-04-05 22:37:32.647123,2025-04-05 22:38:05.541757,0 days 00:00:32.894634,0.6520802081187412,0.09418811944871092,8,0.05853660418294782,0.06874633904850463,0.01883378447084426,0.07336179358963778,0.02627494721296004,0.012123402914104475,0.0006224250340770975,27,76,0.09994829254090458,0.18990361154553037,False,False,True,1.1303128299051293e-06,COMPLETE
875,0.3561523735523224,2025-04-05 22:38:05.808925,2025-04-05 22:38:38.249645,0 days 00:00:32.440720,0.6511310552776094,0.04806862245868637,8,0.05331767879333051,0.07854146580294583,0.017326439562599327,0.07055634113253124,0.025939025518693697,0.0658742804979825,0.00032878082698911405,27,72,0.09990227349427658,0.1899657013887913,False,False,True,7.77979432896651e-07,COMPLETE
876,0.46547940969467166,2025-04-05 22:38:38.532040,2025-04-05 22:39:12.111643,0 days 00:00:33.579603,0.6518474443400991,0.06503199907549236,8,0.05845991735793626,0.09040805448645149,0.019417117953334638,0.07420156032735649,0.025141839112494846,0.01226381949061119,0.0005559698040269864,28,76,0.09809968104799803,0.20791877882470403,False,False,True,1.0370523145816412e-06,COMPLETE
877,0.39305031895637516,2025-04-05 22:39:12.394320,2025-04-05 22:39:44.966582,0 days 00:00:32.572262,0.6646788065176268,0.0904096652367321,8,0.054118107222046005,0.07068957662462064,0.018580317802243534,0.0719920906408329,0.027955946827674466,0.011742916252687958,0.0003850652860504043,27,76,0.09997858045628552,0.19730760404257,False,False,True,5.388352191293223e-07,COMPLETE
878,0.3973877608776093,2025-04-05 22:39:45.251717,2025-04-05 22:40:18.688129,0 days 00:00:33.436412,0.6683193202584293,0.049893782285538556,8,0.0520719057375663,0.06075218888942948,0.01450845978527324,0.07800072847301451,0.023184160537913546,0.011815245963616347,0.0002599235243707912,28,74,0.09828783009560066,0.18957815839081607,False,False,True,1.1410111517600205e-06,COMPLETE
879,0.36294697523117064,2025-04-05 22:40:18.959160,2025-04-05 22:42:02.507942,0 days 00:01:43.548782,0.6515749865102141,0.0360558974555374,2,0.060202221914011304,0.0753804063895822,0.02104446914418764,0.07303201672216533,0.022185109774517566,0.013969666465242404,0.00043516290110920424,27,68,0.09990435172924034,0.19399119951257185,False,False,False,5.794679435172273e-07,COMPLETE
880,0.48413106203079226,2025-04-05 22:42:02.792215,2025-04-05 22:42:35.623577,0 days 00:00:32.831362,0.712995540101725,0.0768455312825299,8,0.06792538939023941,0.06550496253163757,0.015464642085581948,0.06605336610044141,0.023912628130100852,0.013970563672558655,0.0005651149218138199,27,79,0.09619637838875765,0.18736951883669434,False,False,True,7.805276367401356e-07,COMPLETE
881,0.3944104850292206,2025-04-05 22:42:35.909783,2025-04-05 22:43:07.714611,0 days 00:00:31.804828,0.6483938480185861,0.09485237268195304,8,0.060581152369058984,0.08310387321519906,0.019456860741454005,0.07512177905777455,0.020868335533168896,0.015475549373936155,0.0005081168828545322,26,78,0.09813863829026606,0.20178575173478833,False,False,True,2.428576797691542e-07,COMPLETE
882,0.48543094396591185,2025-04-05 22:43:07.984112,2025-04-05 22:43:40.952950,0 days 00:00:32.968838,0.6779829570722911,0.061538687559854074,8,0.07621405514576812,0.05949966928591334,0.017438512479102313,0.07635171054495951,0.021087503286226578,0.012224599749000652,0.0006370688649848226,27,81,0.09998329984326246,0.1950728166345083,False,False,True,1.2911952591472426e-06,COMPLETE
883,0.38487920165061956,2025-04-05 22:43:41.235506,2025-04-05 22:44:14.457240,0 days 00:00:33.221734,0.6979380806342167,0.027077564146125332,8,0.05613254871514543,0.07164688137906557,0.022765252414041405,0.07424731794654581,0.02594203640607066,0.010729286643063806,0.0004702153165775616,28,72,0.09620135284311247,0.18733478537489087,False,False,True,4.627744357723927e-07,COMPLETE
884,0.36345205307006834,2025-04-05 22:44:14.742167,2025-04-05 22:44:47.301258,0 days 00:00:32.559091,0.7196275816049952,0.6117008044966996,8,0.06644201347373367,0.06591961585087856,0.011585268961061778,0.07256041308621666,0.0230305210131239,0.01595767828072646,0.0006911218269485528,27,77,0.0980704842813981,0.20701671319570614,False,False,True,6.252323347834588e-07,COMPLETE
885,0.3746586620807648,2025-04-05 22:44:47.588227,2025-04-05 22:45:19.581060,0 days 00:00:31.992833,0.9221787563508607,0.855360880301919,8,0.0706989525971008,0.07847103164195812,0.020391024029111953,0.0671588566069436,0.01968045259937983,0.013630525810447453,0.0007190351134914155,26,82,0.09528834416842932,0.18333431917633242,False,False,True,9.157645665312867e-07,COMPLETE
886,0.48586716651916506,2025-04-05 22:45:19.853282,2025-04-05 22:45:51.658494,0 days 00:00:31.805212,0.6831851608104835,0.07289017657671527,8,0.05164456982255785,0.05848241273724005,0.016106748892924568,0.06274886158513822,0.016785271607490704,0.017304423721507152,0.0005752125798413421,26,75,0.09796521465916057,0.19829697441278973,False,False,True,3.0336824355741685e-07,COMPLETE
887,0.34946590662002563,2025-04-05 22:45:51.944452,2025-04-05 22:46:24.517411,0 days 00:00:32.572959,0.6661610135652222,0.09940621326894725,8,0.06178829910500433,0.13458446103119026,0.023267507287958157,0.06329744951274552,0.028860115701837732,0.015011202886253579,0.0005867544273302411,27,79,0.09657038768898546,0.19172389627537798,False,False,True,3.805696010137834e-07,COMPLETE
888,0.36606467962265016,2025-04-05 22:46:24.802714,2025-04-05 22:46:57.370138,0 days 00:00:32.567424,0.7000211888805495,0.04906228337333951,8,0.07479554844738147,0.07270555596534448,0.01277357611874816,0.06501858863443813,0.01971489189634785,0.011990964508510709,0.00040641892356067994,26,84,0.011186341285784121,0.18023916971460605,False,False,True,7.767586925355076e-07,COMPLETE
889,0.48786492347717286,2025-04-05 22:46:57.657145,2025-04-05 22:47:31.476005,0 days 00:00:33.818860,0.6530314804069399,0.07924734110772194,8,0.05852340106515408,0.06606977468414002,0.01852151232002691,0.06281466432253421,0.021612607586434462,0.016917023804877654,0.0007695799719975936,28,79,0.0998900929092033,0.18713750309103203,False,False,True,1.1282434136515565e-06,COMPLETE
890,0.35884507894515993,2025-04-05 22:47:31.750861,2025-04-05 22:48:06.850882,0 days 00:00:35.100021,0.6760123345882154,0.030416737505380577,8,0.0667235369074642,0.05608908024307828,0.020482655113303952,0.07163068316815561,0.016392199719396046,0.01362540144246701,0.0004886671324286006,27,83,0.09998896689151344,0.20259005547758788,True,False,True,5.492174674315976e-07,COMPLETE
891,0.37099020481109624,2025-04-05 22:48:07.137293,2025-04-05 22:48:39.299540,0 days 00:00:32.162247,0.7247656572635055,0.0595838209818336,8,0.08124093301671889,0.08732212691178114,0.021768524057831955,0.0666559224203403,0.018790357221954254,0.01930513863787945,0.0006115125702251756,26,74,0.09476657688882453,0.19207612124296047,False,True,True,1.400312777513306e-06,COMPLETE
892,0.4874237418174744,2025-04-05 22:48:39.586389,2025-04-05 22:49:12.377568,0 days 00:00:32.791179,0.7009558629027614,0.09480604400489549,8,0.0515044192820434,0.07769245518883545,0.024053628932392844,0.057469906588261475,0.02413837418651478,0.015478979481455284,0.0007969877273170512,27,70,0.09678380445438159,0.1839021871864912,False,False,True,7.069761600186999e-07,COMPLETE
893,0.35225906372070315,2025-04-05 22:49:12.666858,2025-04-05 22:49:44.469683,0 days 00:00:31.802825,0.6468413647500499,0.06902317032119216,8,0.07336452531803085,0.1459132504451039,0.017222766743136497,0.06205721978676287,0.02157307567370619,0.07294569964474099,0.0007207071931971714,26,81,0.09779545831281092,0.17793038473318157,False,False,True,9.502425652228833e-07,COMPLETE
894,0.4928884029388428,2025-04-05 22:49:44.743522,2025-04-05 22:50:16.427153,0 days 00:00:31.683631,0.6725354897140547,0.04415231791346293,8,0.06217399584037235,0.06252191237646781,0.04910903221261181,0.06927638058885188,0.016643138826835522,0.01732892346066795,0.0005702140234924169,25,86,0.09809258827451833,0.19704544674667057,False,False,True,4.50054628549129e-07,COMPLETE
895,0.3912598848342896,2025-04-05 22:50:16.714533,2025-04-05 22:50:48.112308,0 days 00:00:31.397775,0.7401663619092593,0.013434264103835494,8,0.05773799884194876,0.06033655904666638,0.014486508982878012,0.05688071651151592,0.01428701627704338,0.021936504376015534,0.0006276806975768087,25,87,0.09392507483431932,0.20859987394048324,False,False,True,5.315317670107009e-07,COMPLETE
896,0.46362792253494267,2025-04-05 22:50:48.399597,2025-04-05 22:51:12.256146,0 days 00:00:23.856549,0.6909535513679237,0.038551261768436075,8,0.05221062846981421,0.07209843872281045,0.016819301827194467,0.07000099693328289,0.015893228413228835,0.018371450065776833,0.0008414188954932848,14,87,0.09516610526872385,0.20009622641923897,False,False,True,3.641344139179352e-07,COMPLETE
897,0.3956664264202118,2025-04-05 22:51:12.548536,2025-04-05 22:51:44.411365,0 days 00:00:31.862829,0.7175386097457559,0.027041699569109182,8,0.06085140188522362,0.05565707760458345,0.04652020756549913,0.06876151928463833,0.017258787840177425,0.020053291632644406,0.0007179976899760668,25,85,0.09585392872327651,0.19774048375605918,False,False,True,4.5845324373444955e-07,COMPLETE
898,0.4889091610908508,2025-04-05 22:51:44.686776,2025-04-05 22:52:15.992368,0 days 00:00:31.305592,0.6458845130592141,0.044629332520621665,8,0.06316014806860565,0.06266468046870739,0.04892729905863175,0.07106388473720512,0.015031403635189958,0.017401230652256204,0.0005752254106873865,25,76,0.09344771029912328,0.18736506958774427,False,False,True,2.95641213574738e-07,COMPLETE
