number,value,datetime_start,datetime_complete,duration,params_alpha-eval,params_alpha-train,params_batch-size,params_eps-eval,params_eps-train,params_lambda-actions-eval,params_lambda-actions-train,params_lambda-frames-eval,params_lambda-frames-train,params_learning-rate,params_n-epochs,params_n-frames,params_radius-gw,params_rho,params_std-feats,params_ub-actions,params_ub-frames,params_weight-decay,state
398,0.4491118550300598,2025-04-25 05:05:50.803305,2025-04-25 05:07:11.294601,0 days 00:01:20.491296,0.5252967523814944,0.5612999149745057,2,0.06959434473109964,0.09562913413983049,0.05584539768777008,0.023284202961069644,0.05700889696490991,0.03735881106588172,1.8842193395768574e-05,19,83,0.031808891831384196,0.2999256322957406,True,False,False,0.00044496636005054996,COMPLETE
399,0.35080512762069704,2025-04-25 05:07:11.428870,2025-04-25 05:08:36.980407,0 days 00:01:25.551537,0.48448125612426146,0.6513750637365402,2,0.09488464275979361,0.10321892564677906,0.05355350835660434,0.03729830653314432,0.06057362434925856,0.08563914046191434,3.207606076947809e-05,21,69,0.037597428258284465,0.2934406284677751,False,False,False,0.00017124483180242943,COMPLETE
400,0.4572011053562165,2025-04-25 05:08:37.103720,2025-04-25 05:10:01.139211,0 days 00:01:24.035491,0.5127088492528797,0.540954088602983,2,0.0835517565221632,0.11953332933550931,0.06482138827387918,0.011253396790682522,0.055564269408148806,0.04241855035076388,4.078719210125931e-05,20,75,0.04007601169241094,0.27150102837965434,True,False,False,0.00010942950524985725,COMPLETE
401,0.44036690592765815,2025-04-25 05:10:01.262781,2025-04-25 05:11:22.895117,0 days 00:01:21.632336,0.45584267266000106,0.5810364416403135,2,0.07645556390013832,0.07135757890140267,0.06215893988414288,0.01487034781798931,0.06234681512960955,0.09796894663208165,1.4831513746444762e-05,19,88,0.03443012431348971,0.27934709391252666,True,False,False,0.00036825488116047205,COMPLETE
402,0.4218713402748108,2025-04-25 05:11:23.028507,2025-04-25 05:12:46.942252,0 days 00:01:23.913745,0.5714739188831279,0.6106599135971869,2,0.1407384567182463,0.11000371190856631,0.04947869899171723,0.025841982963384795,0.06528650803507093,0.08999279402948003,2.2743229695846164e-05,20,79,0.03155170228717226,0.2869661337992369,True,False,False,0.00026110847705710575,COMPLETE
403,0.44709122180938726,2025-04-25 05:12:47.065198,2025-04-25 05:14:04.211889,0 days 00:01:17.146691,0.5408538622191104,0.6818857603143231,2,0.10134132370635177,0.08265098105674872,0.05142878818374268,0.017911417474179916,0.0588856973911843,0.08387862883487693,2.903980507628866e-05,18,73,0.03547439485098514,0.2937698252331563,True,False,False,0.0006314325899231271,COMPLETE
404,0.4404916346073151,2025-04-25 05:14:04.336744,2025-04-25 05:15:26.752452,0 days 00:01:22.415708,0.4873462714104098,0.5661976640294925,2,0.08859008930928701,0.09263029663932458,0.005997472829884727,0.012545875341871744,0.04248014025435107,0.030218043648770156,3.5129480658493735e-05,20,52,0.02932491629180917,0.12796691974266244,True,False,False,9.439242878814356e-05,COMPLETE
405,0.28615721464157107,2025-04-25 05:15:26.876653,2025-04-25 05:16:31.312802,0 days 00:01:04.436149,0.5121262746610453,0.5274607810248703,2,0.07217735989857756,0.11470947484014316,0.05675407292740419,0.02117281470468034,0.051197269914576723,0.08767694560266372,5.057666493195152e-05,17,67,0.06036396058526819,0.299980336281186,True,True,False,5.6893728050227424e-05,COMPLETE
406,0.4355728268623352,2025-04-25 05:16:31.446787,2025-04-25 05:17:55.923993,0 days 00:01:24.477206,0.4135054293426402,0.5921612535977924,2,0.07970460856428264,0.10196429334930064,0.05383681557544851,0.024223127708379734,0.06806780523556062,0.004839082220207185,6.112076155559517e-05,20,77,0.02504534741735727,0.2598262841815037,True,False,False,7.029661940955985e-05,COMPLETE
407,0.45599314570426946,2025-04-25 05:17:56.048477,2025-04-25 05:19:23.098083,0 days 00:01:27.049606,0.47511133093646296,0.6265071881780955,2,0.06680575093897524,0.12230909973842065,0.040670688810911335,0.020033476876609155,0.05747863912764288,0.09082126321663204,2.1771647024470984e-05,21,71,0.04206400268492109,0.29003490834894413,True,False,False,0.00020626667154361884,COMPLETE
408,0.4195568144321442,2025-04-25 05:19:23.222993,2025-04-25 05:19:48.209978,0 days 00:00:24.986985,0.533986092774978,0.4982844264117672,16,0.08978914383738743,0.10765233727866946,0.04523492846263848,0.08229006723647786,0.049074523808797975,0.09432243047398778,0.02560046544180159,19,57,0.03359303911751291,0.2834139676252318,True,False,False,0.00012105631499037009,COMPLETE
409,0.40060487389564514,2025-04-25 05:19:48.346019,2025-04-25 05:21:08.437452,0 days 00:01:20.091433,0.5548036932159804,0.5531139041075661,2,0.004589299285157639,0.09850944483114135,0.049115633118301714,0.008313695935458715,0.05360720761545558,0.08635187704501135,2.547252036003432e-05,19,62,0.03681049574591032,0.29427545465686167,True,False,False,0.00016435417635155054,COMPLETE
410,0.4440894842147827,2025-04-25 05:21:08.565999,2025-04-25 05:22:37.104940,0 days 00:01:28.538941,0.49723272807104124,0.5725738400965156,2,0.07662047891607238,0.08771462051092128,0.06004237011769719,0.03131080711348353,0.06140631620532526,0.09998600734331338,1.705838241804166e-05,21,81,0.021286288102935653,0.287032713517182,True,False,False,2.130003203292783e-05,COMPLETE
411,0.44967705607414243,2025-04-25 05:22:37.231300,2025-04-25 05:23:10.966340,0 days 00:00:33.735040,0.45098888617532573,0.5368216539992826,8,0.08596676394587405,0.114432508347744,0.052025533044697515,0.01688132145733163,0.06445710601589634,0.007643738186603341,4.345930917496011e-05,20,69,0.03231246003773697,0.2769509511653151,True,False,False,7.693788464485039e-07,COMPLETE
412,0.4158702254295349,2025-04-25 05:23:11.103360,2025-04-25 05:24:20.441121,0 days 00:01:09.337761,0.5222548471438316,0.5938909864529349,2,0.06927954014839982,0.12032305995581559,0.05474274195991554,0.013987068784362913,0.05869816364997588,0.09641724590238407,3.3090515911888693e-05,18,129,0.026845337409066458,0.29319472230098953,True,False,True,0.00033074490177767034,COMPLETE
413,0.40642492175102235,2025-04-25 05:24:20.568236,2025-04-25 05:25:45.198588,0 days 00:01:24.630352,0.5895496307222222,0.5190026762864224,2,0.16097383539230942,0.10376833061643281,0.04971246396140148,0.022569659798682955,0.055249140510246604,0.09224272545382149,3.973781709600288e-05,20,85,0.01653962216149009,0.2856908932723356,True,False,False,9.579737374943099e-05,COMPLETE
414,0.45913758873939514,2025-04-25 05:25:45.325097,2025-04-25 05:27:12.586823,0 days 00:01:27.261726,0.5016768466450903,0.5576266078180886,2,0.08205015222574334,0.10958480136210075,0.06967788638054823,0.027767192916367506,0.04699821747138719,0.08928442935802135,2.8067934562740903e-05,21,65,0.03789848496037467,0.2944324682433093,True,False,False,0.000143218328354836,COMPLETE
415,0.45217350721359256,2025-04-25 05:27:12.727675,2025-04-25 05:28:40.435798,0 days 00:01:27.708123,0.5430630178175789,0.559348124896692,2,0.09286092213699124,0.11122096678704779,0.06911817804240165,0.029963072755495555,0.04601756649946513,0.053675135156047174,2.8314111099265113e-05,21,74,0.03769015770825243,0.29996630925812423,True,False,False,0.00013446511364678586,COMPLETE
416,0.457961106300354,2025-04-25 05:28:40.564249,2025-04-25 05:30:11.204963,0 days 00:01:30.640714,0.5108764665376817,0.5799914398260274,2,0.07608138522394879,0.12564295873316672,0.06560750241310867,0.025429905479763138,0.04687725639242413,0.0894594812050734,3.538364607560017e-05,22,68,0.03356788901562845,0.29460263826336314,True,False,False,0.00014532617422375333,COMPLETE
417,0.45727573037147523,2025-04-25 05:30:11.332876,2025-04-25 05:31:38.177539,0 days 00:01:26.844663,0.5657272482109859,0.6403488019592223,2,0.08365474277742517,0.1162803228656001,0.07083643140640544,0.028779504536421127,0.048154886891923876,0.09133258433561156,5.107124784972608e-05,21,72,0.035287598292811605,0.29057355319709827,True,False,False,0.00018111479099573117,COMPLETE
418,0.45731404423713684,2025-04-25 05:31:38.316195,2025-04-25 05:33:05.014476,0 days 00:01:26.698281,0.5282924525867655,0.6122968395270094,2,0.06618706032054021,0.10855828337695815,0.08095107163338418,0.026722665512631423,0.0495396999685879,0.09369501121456067,2.8750733709653628e-05,21,66,0.031017887030356676,0.2949082903045465,True,False,False,6.312457977003901e-08,COMPLETE
419,0.35796217322349555,2025-04-25 05:33:05.142997,2025-04-25 05:34:31.182254,0 days 00:01:26.039257,0.4972165454728189,0.5557875790230337,2,0.2872895705132412,0.12057322035676235,0.0619287035012798,0.024467142153552963,0.05161970459866805,0.08850396850271071,0.0007732645755752567,21,76,0.029490235392450697,0.29007526302458775,False,False,False,0.00011563263137947738,COMPLETE
420,0.3710861921310425,2025-04-25 05:34:31.310079,2025-04-25 05:36:02.975600,0 days 00:01:31.665521,0.5468482855088884,0.5990937551280454,2,0.07397541387864263,0.11411789937633704,0.05843688841962607,0.027906949044752993,0.04278596724649653,0.09016514393109674,4.260760723755389e-05,22,71,0.007484767829304108,0.2942645254046735,True,False,False,8.15090401988866e-05,COMPLETE
421,0.4523505687713623,2025-04-25 05:36:03.115879,2025-04-25 05:37:26.662287,0 days 00:01:23.546408,0.51632497334486,0.5724483655441515,2,0.09525746669874471,0.10739194702886971,0.043226246120452914,0.018571408578328785,0.045442053530007846,0.09268708218503174,2.5382889016134165e-05,20,79,0.03473994381055674,0.2845657167793987,True,False,False,0.00021472285436815414,COMPLETE
422,0.4482540607452393,2025-04-25 05:37:26.791171,2025-04-25 05:38:50.177060,0 days 00:01:23.385889,0.08743228131201858,0.5445907765959022,2,0.10522119329354428,0.1419718715662502,0.07465103465097919,0.02185443102299401,0.03733564305469336,0.09489951142466435,3.224456428295557e-05,20,65,0.03790394585773493,0.2954860514700723,True,False,False,5.247976910106798e-07,COMPLETE
423,0.44969243407249454,2025-04-25 05:38:50.306325,2025-04-25 05:40:18.388041,0 days 00:01:28.081716,0.4882762561881349,0.6242051479294017,2,0.0801059562664613,0.13547372392355464,0.08519711235036151,0.033045865934996976,0.05324235799533467,0.08862195100242867,6.221405366507157e-05,21,75,0.033090330642900026,0.2874077553504394,True,False,False,0.0001093796017416629,COMPLETE
424,0.28615721464157107,2025-04-25 05:40:18.530262,2025-04-25 05:41:30.434344,0 days 00:01:11.904082,0.5327179903159719,0.5846401358661987,2,0.06261397181947531,0.22349993469534335,0.0566762764457,0.09048918967778741,0.05079297923936076,0.015671425921335524,3.744498176973199e-05,20,69,0.06762997885236302,0.29989539671231136,True,True,False,0.00015853030985234887,COMPLETE
425,0.45096631646156315,2025-04-25 05:41:30.564620,2025-04-25 05:42:54.634274,0 days 00:01:24.069654,0.5698903212593328,0.5619911411579059,2,0.08688135148044422,0.1256023515402952,0.07683281818723339,0.02692617146284445,0.06651746204269211,0.09117138384912445,2.3022711359147522e-05,20,82,0.02818904555242839,0.2898030888846103,True,False,False,7.34002861687182e-05,COMPLETE
426,0.4517228782176972,2025-04-25 05:42:54.764857,2025-04-25 05:44:22.100146,0 days 00:01:27.335289,0.5019993988211247,0.6020466698316741,2,0.0719606029386815,0.11873113095872967,0.06380498351165316,0.019856690794787777,0.047231218744913255,0.09718538345487132,4.4424894721701466e-05,21,61,0.030586655323190753,0.28193733541250654,True,False,False,9.021321979760488e-05,COMPLETE
427,0.46020732522010804,2025-04-25 05:44:22.229893,2025-04-25 05:45:46.058596,0 days 00:01:23.828703,0.5195715167753331,0.5392834836895265,2,0.07954963091145287,0.104955018338507,0.04733582835752175,0.02411178742718246,0.05667812631342304,0.08702596136863254,2.9917812685746896e-05,20,78,0.03635281541855057,0.2939943230806126,True,False,False,0.00013188251470826876,COMPLETE
428,0.4491811871528626,2025-04-25 05:45:46.198683,2025-04-25 05:47:18.190351,0 days 00:01:31.991668,0.5539430994084861,0.546040218669847,2,0.07766721041354123,0.10262755119065452,0.04580334761497507,0.023827367943852408,0.06336650788679073,0.0856283569054503,2.732099813979057e-05,22,78,0.03906234345304241,0.29041313950516723,True,False,False,0.00022696204679995244,COMPLETE
429,0.4399729788303376,2025-04-25 05:47:18.323402,2025-04-25 05:48:39.896600,0 days 00:01:21.573198,0.522841535949839,0.5273400614338264,2,0.06929624961705827,0.2993078117897904,0.04776449168872761,0.025353714802516428,0.05602399193141049,0.05198899939576533,2.1316388389269693e-05,19,81,0.03602606411209169,0.29977865791945435,True,False,False,0.00014754930682507028,COMPLETE
430,0.4448235869407654,2025-04-25 05:48:40.029538,2025-04-25 05:50:05.250825,0 days 00:01:25.221287,0.5413711279141425,0.4953095629977331,2,0.08854299133848866,0.09252121653022706,0.07237902790226988,0.029362540525242724,0.06987586520479193,0.08988688946880269,3.092367432624792e-05,20,85,0.03685251182528014,0.2228066811331622,True,False,False,0.00018236200541830953,COMPLETE
431,0.4338877081871033,2025-04-25 05:50:05.396871,2025-04-25 05:51:33.055260,0 days 00:01:27.658389,0.18648835413108833,0.5395899766664962,2,0.0838055918713756,0.09681444449467592,0.06751489434910755,0.022635115971049447,0.07803560669685425,0.08399309558962022,2.4495778969365244e-05,21,77,0.03956735270442035,0.28325027903550976,True,False,False,3.761756071142194e-05,COMPLETE
432,0.3607909739017487,2025-04-25 05:51:33.188540,2025-04-25 05:51:57.428928,0 days 00:00:24.240388,0.5876666895544749,0.566589331706565,16,0.09857968734011013,0.10412822101589168,0.04353695691214371,0.02396589444669861,0.05281856642119963,0.09268073971044723,3.288993286624243e-05,21,64,0.034702654235936575,0.29462978872882334,True,False,True,0.00011646626630456597,COMPLETE
433,0.43528720736503607,2025-04-25 05:51:57.560341,2025-04-25 05:53:21.454018,0 days 00:01:23.893677,0.5136771306397395,0.5057308041909999,2,0.07590736973995112,0.07912826891320132,0.048024171426463015,0.027634254239709614,0.06074500767881522,0.0949707212894782,2.908539774097334e-05,20,81,0.038484949692011494,0.10444443613856846,True,False,False,5.0563814523121263e-05,COMPLETE
434,0.4436567127704621,2025-04-25 05:53:21.595940,2025-04-25 05:53:53.978848,0 days 00:00:32.382908,0.4834750600349586,0.5529845650263976,8,0.06166612205242082,0.10929145658722846,0.044611011651593264,0.021020345838907703,0.04952470276890658,0.08774449942207795,2.0038063300571064e-05,19,73,0.041347082053055796,0.2895017316200292,True,False,False,0.00027248025582889926,COMPLETE
435,0.3927308261394501,2025-04-25 05:53:54.111387,2025-04-25 05:55:16.681243,0 days 00:01:22.569856,0.5570713204609126,0.525263663573212,2,0.07063779791269469,0.10113244801190882,0.04652983603374743,0.022430632853838662,0.08354718401919878,0.09120407799554958,5.356863728108452e-05,20,60,0.0824740858971143,0.2804767599685466,True,False,False,8.943241020857461e-05,COMPLETE
436,0.4510953724384308,2025-04-25 05:55:16.815055,2025-04-25 05:56:46.997344,0 days 00:01:30.182289,0.5325869315713249,0.5701624259267756,2,0.08054001586230683,0.09258049902939236,0.05113938272637951,0.02569347543163878,0.06306547637447801,0.08915581390982463,3.69804951782687e-05,22,67,0.03672147085498845,0.2949061911441014,True,False,False,6.149530098405335e-05,COMPLETE
437,0.4490378558635712,2025-04-25 05:56:47.140388,2025-04-25 05:58:07.952710,0 days 00:01:20.812322,0.5087581121438466,0.5860925559295681,2,0.09175545860697279,0.11141979232687424,0.04915724059443872,0.01928616730801504,0.04404902782712892,0.08622416888145296,2.559874318300688e-05,19,76,0.03283350662279439,0.2997404280744882,True,False,False,0.00013700982172934492,COMPLETE
438,0.34647184610366827,2025-04-25 05:58:08.086501,2025-04-25 05:59:33.957669,0 days 00:01:25.871168,0.4770329823546059,0.543591672700998,2,0.08350058380889351,0.2594303151430474,0.041763841589914474,0.031211558412036863,0.05445364148936183,0.09339115779975532,4.931766719130075e-05,21,70,0.03452592719171862,0.2869371444042231,False,False,False,0.00018283331706883742,COMPLETE
439,0.4498428761959076,2025-04-25 05:59:34.091743,2025-04-25 06:00:57.878494,0 days 00:01:23.786751,0.5239330320524354,0.571420000143795,2,0.07496878012373667,0.10575322656955832,0.05052906019292618,0.02034961241931242,0.06620949127207776,0.08272696010717116,2.1083016031913655e-05,20,79,0.03691635929161009,0.2999264392757296,True,False,False,0.00010609150214359088,COMPLETE
440,0.45675197243690496,2025-04-25 06:00:58.023208,2025-04-25 06:02:20.720975,0 days 00:01:22.697767,0.4979422090508351,0.521266163252704,2,0.06352866164398974,0.13173888747035276,0.04717328528631397,0.02457108178621869,0.05815519612126963,0.09674197097223726,3.420659266151306e-05,20,64,0.03207081181830248,0.2908999455195373,True,False,False,3.1113188078586266e-07,COMPLETE
441,0.45334204435348513,2025-04-25 06:02:20.855722,2025-04-25 06:03:37.528894,0 days 00:01:16.673172,0.5691872428659123,0.5449481352782676,2,0.0878916107165783,0.08515931050487502,0.05278940471405674,0.028057857703374333,0.06210299649857401,0.08838925596710014,2.6760694364814407e-05,18,57,0.02713627639343008,0.28497448091447036,True,False,False,0.00026183170995111615,COMPLETE
442,0.4570147693157196,2025-04-25 06:03:37.664597,2025-04-25 06:05:04.516818,0 days 00:01:26.852221,0.5443289082340668,0.5838950247919592,2,0.07052937016605319,0.11604899897091722,0.0506030268395684,0.017720077329871214,0.06846561235075843,0.09299574026320027,4.102382317251178e-05,21,73,0.03541138649259436,0.2937589678774737,True,False,False,7.074047072569714e-05,COMPLETE
443,0.4396633684635163,2025-04-25 06:05:04.661546,2025-04-25 06:06:25.668466,0 days 00:01:21.006920,0.4674950352145144,0.5631202347824192,2,0.07918776679190534,0.09724494630411681,0.07004420614743141,0.035666595662772374,0.056556322407833766,0.08992527855736143,1.7300897515699263e-05,19,87,0.03017139530193482,0.2795988952094538,True,False,False,0.00015049855628169312,COMPLETE
444,0.4569382965564728,2025-04-25 06:06:25.805913,2025-04-25 06:07:49.519057,0 days 00:01:23.713144,0.5110950118635248,0.4798214838253115,2,0.08314915794926088,0.12438814439733906,0.04567474611071843,0.022579603033990103,0.05145867708170916,0.08466152296078486,5.87904288046506e-05,20,68,0.04348313019671808,0.29134705614479894,True,False,False,0.00011838603863337761,COMPLETE
445,0.28615721464157107,2025-04-25 06:07:49.666281,2025-04-25 06:08:59.010180,0 days 00:01:09.343899,0.5313231957501321,0.598476913427706,2,0.09315016861462398,0.10925221529955435,0.055161607841035576,0.04734015136142597,0.05955666598540319,0.08680107685086264,3.1424069770421905e-05,19,77,0.04081523150712868,0.28602619200256857,True,True,False,0.0002195498267431577,COMPLETE
446,0.43285827636718754,2025-04-25 06:08:59.146710,2025-04-25 06:10:03.371821,0 days 00:01:04.225111,0.49377039514025695,0.5096370722823937,2,0.05576017320054443,0.10143367062436873,0.04887722798300827,0.026446310136469177,0.06495505837578977,0.09538499401949947,2.0832138254236418e-05,14,71,0.03836511814140885,0.05950826673937415,True,False,False,8.277347506263973e-05,COMPLETE
447,0.4448697745800019,2025-04-25 06:10:03.507485,2025-04-25 06:11:31.335682,0 days 00:01:27.828197,0.5573182635648144,0.5411877800599306,2,0.07467834416745434,0.11472770810749183,0.05340050772148491,0.020794421575862265,0.048276625740984166,0.09027263388034482,4.53100519265455e-05,21,83,0.024346403347814547,0.29476495248909773,True,False,False,0.0008550613788861214,COMPLETE
448,0.45993608236312866,2025-04-25 06:11:31.484796,2025-04-25 06:12:54.245304,0 days 00:01:22.760508,0.600585097830589,0.5847094011646325,2,0.0698012195431801,0.0652800458062784,0.059804862431572174,0.016497111219014506,0.05783781965915418,0.09184863408692877,2.507785689341042e-05,20,62,0.032674056652658545,0.2895277523685117,True,False,False,0.00031753817580246104,COMPLETE
449,0.44206799864768986,2025-04-25 06:12:54.382738,2025-04-25 06:14:16.923797,0 days 00:01:22.541059,0.6676263666104221,0.6091064550439335,2,0.09812874114653411,0.06938638481197493,0.06054443409342697,0.015971191811636337,0.05780479581317003,0.07876041825061376,3.836866083922395e-05,20,58,0.029196960603865497,0.27356881361642,True,False,False,0.0004050755891891169,COMPLETE
450,0.4501241505146027,2025-04-25 06:14:17.064697,2025-04-25 06:15:36.545880,0 days 00:01:19.481183,0.6111152603215511,0.5861560822943966,2,0.0656342976814658,0.04322632784227863,0.05963359356015527,0.016021347393042208,0.060919189990301464,0.09161776443228892,1.5714701309355924e-05,19,55,0.03127347117098595,0.28075402479380673,True,False,False,0.0003556070327114186,COMPLETE
451,0.35169655084609985,2025-04-25 06:15:36.695477,2025-04-25 06:16:24.394569,0 days 00:00:47.699092,0.6105414816234777,0.6204237943174413,2,0.07911040604610155,0.054975495397864615,0.058391660074402656,0.017984328758076026,0.05596219817949326,0.020555867028579047,2.350671554319968e-05,9,62,0.09603126376590529,0.28714866914749426,True,False,False,0.00030070170568455436,COMPLETE
452,0.41962868571281436,2025-04-25 06:16:24.531956,2025-04-25 06:17:02.638330,0 days 00:00:38.106374,0.6292598807042219,0.5804492605544788,2,0.11037715192941094,0.07485618310983441,0.05719126676097368,0.01219152123298216,0.05916437106377037,0.0978437256451496,6.802875565651966e-05,6,59,0.03202538899488089,0.1448637742239255,True,False,False,1.1159916406524728e-06,COMPLETE
453,0.3498185098171234,2025-04-25 06:17:02.775993,2025-04-25 06:17:26.457345,0 days 00:00:23.681352,0.6533662784208659,0.5997488203544492,16,0.08724201328281526,0.08785493347305055,0.06281777541033252,0.018729601709290854,0.062364530898006976,0.08790226983797853,2.979148923700626e-05,20,64,0.0339857149655971,0.29003234005615963,True,False,True,0.00023015064579570596,COMPLETE
454,0.4563579320907593,2025-04-25 06:17:26.607357,2025-04-25 06:18:55.273562,0 days 00:01:28.666205,0.5720166589398499,0.5603174994365485,2,0.06809536680552322,0.09354361090181347,0.05889502578784526,0.0154256539882612,0.07588479711569948,0.09438010633627568,3.463343589453268e-05,21,66,0.026066309531202685,0.2998555585533735,True,False,False,0.000307971612391702,COMPLETE
