number,value,datetime_start,datetime_complete,duration,params_alpha-eval,params_alpha-train,params_batch-size,params_eps-eval,params_eps-train,params_lambda-actions-eval,params_lambda-actions-train,params_lambda-frames-eval,params_lambda-frames-train,params_learning-rate,params_n-epochs,params_n-frames,params_radius-gw,params_rho,params_std-feats,params_ub-actions,params_ub-frames,params_weight-decay,state
281,0.3468059837818146,2025-04-05 17:30:38.788500,2025-04-05 17:31:16.163938,0 days 00:00:37.375438,0.6631171184900918,0.07839175073201717,8,0.038594936344649514,0.019883276602418464,0.07627990114331462,0.09333213477990014,0.009653805332317817,0.03912357904036372,0.0009538360231951889,28,120,0.09421648102771132,0.23639917422271842,True,False,True,0.00018450190353284715,COMPLETE
282,0.41121518611907965,2025-04-05 17:31:16.253327,2025-04-05 17:31:43.580183,0 days 00:00:27.326856,0.7126145964414017,0.027024353565452613,8,0.05237568862101747,0.005552189735307906,0.07411363393298337,0.06450233933165234,0.0026598841605635177,0.04130358889195404,0.0016413364716007296,19,111,0.09763457355575376,0.2409262970234987,False,False,True,0.00010996106032164185,COMPLETE
283,0.4835557878017426,2025-04-05 17:31:43.668319,2025-04-05 17:32:10.489453,0 days 00:00:26.821134,0.6922050434837274,0.10448290363204786,8,0.04480913367092492,0.01385931476303354,0.07080791342969234,0.09124154447056171,0.006499164509102231,0.03203044052834439,0.0012348170620570984,18,114,0.09253346019720302,0.25131832978175556,False,False,True,0.00014161951314936412,COMPLETE
284,0.4015689194202423,2025-04-05 17:32:10.578912,2025-04-05 17:32:37.409241,0 days 00:00:26.830329,0.7437777056407338,0.053184625869794486,8,0.060372957643597826,0.012501591013676013,0.06960576716125032,0.09070994306670944,0.006000698862096683,0.07233754852941485,0.0009259342110284788,18,108,0.09253781648231554,0.2458585243098662,False,False,True,5.760821086154557e-05,COMPLETE
285,0.48333292007446294,2025-04-05 17:32:37.508894,2025-04-05 17:33:11.227261,0 days 00:00:33.718367,0.7009007735752434,0.0772848311533203,8,0.036746225939374155,0.007921023380305028,0.0713606982177434,0.08740102795243249,0.007526537970181615,0.03183174784123916,0.000644152816180668,27,114,0.09488663684292215,0.252905983177561,False,False,True,3.374942666956851e-05,COMPLETE
286,0.4801154017448426,2025-04-05 17:33:11.316577,2025-04-05 17:33:44.843972,0 days 00:00:33.527395,0.6998248511423693,0.1005620236444473,8,0.037122554183347235,0.005516974637814125,0.07113387343991465,0.0883143823217226,0.007432861282913879,0.031256765651274505,0.0005510419345554307,27,112,0.08968899393254243,0.2513977430986003,False,False,True,4.1759197056432476e-05,COMPLETE
287,0.28615721464157107,2025-04-05 17:33:44.934001,2025-04-05 17:34:12.860742,0 days 00:00:27.926741,0.7194518868333477,0.07846113385303022,8,0.052904782643640846,0.00040828517497338256,0.06987106329448063,0.08697103334367513,0.003559110408567259,0.03264703025041289,0.0007113911755538195,16,114,0.09205263144242844,0.2288542193856778,False,False,False,3.432868037126458e-05,COMPLETE
288,0.3970653831958771,2025-04-05 17:34:12.952532,2025-04-05 17:34:42.680421,0 days 00:00:29.727889,0.7699219782453048,0.011065952105648057,8,0.036209349078425365,0.009599994811939298,0.0668299307109484,0.0899373233701631,0.008998611356560285,0.045218486176622615,0.0006362526438208336,22,121,0.0944114744618803,0.2515076823032846,False,False,True,5.36260434323101e-05,COMPLETE
289,0.48484371900558476,2025-04-05 17:34:42.771544,2025-04-05 17:35:16.198801,0 days 00:00:33.427257,0.6679098577081838,0.0657106192656673,8,0.046470931278780186,0.014048518732897497,0.0718551847248797,0.09245276108461888,0.007459238493594184,0.030776899301977474,0.0007931503563347212,27,109,0.0953050343470618,0.24384102916315334,False,False,True,1.682698441393631e-05,COMPLETE
290,0.48404942750930785,2025-04-05 17:35:16.299561,2025-04-05 17:35:44.355848,0 days 00:00:28.056287,0.6675580958361358,0.06913559404343708,8,0.04603409187154228,0.024714872908862158,0.07195779005511461,0.09161510256634726,0.00765268803315782,0.029924837696145682,0.0007800097005113858,20,109,0.0946503021554749,0.24487868049593242,False,False,True,2.6292183195317706e-05,COMPLETE
291,0.4845191955566407,2025-04-05 17:35:44.446152,2025-04-05 17:36:12.979675,0 days 00:00:28.533523,0.661081657003956,0.0845224328488461,8,0.03403579766226221,0.023977497890654256,0.07060260860948267,0.08643311609972529,0.006766781552104149,0.02994802715963866,0.0006048049931055471,20,108,0.09059706407368379,0.24835181448785607,False,False,True,1.456532344296599e-05,COMPLETE
292,0.47767930626869204,2025-04-05 17:36:13.070367,2025-04-05 17:36:38.855841,0 days 00:00:25.785474,0.6657363223230064,0.10180913499594926,8,0.03735691517600359,0.02242161270757217,0.06950308649792776,0.08667917629120961,0.007422138308252321,0.029422477309587008,0.0005542568481053689,17,109,0.0906263520945009,0.24991811089512636,False,False,True,1.1903543023677046e-05,COMPLETE
293,0.4837007284164429,2025-04-05 17:36:38.947354,2025-04-05 17:37:07.117501,0 days 00:00:28.170147,0.6402814385180506,0.08066041651721895,8,0.032968015356027384,0.024208634269958083,0.06746975578935768,0.0920983427548697,0.011395074762354528,0.030807909392240495,0.0006726529455785592,20,109,0.09282085702823709,0.25198785969371845,False,False,True,2.6300792946664085e-05,COMPLETE
294,0.4832215368747711,2025-04-05 17:37:07.209182,2025-04-05 17:37:35.314010,0 days 00:00:28.104828,0.6451010504433201,0.14159678024152222,8,0.03288274620479781,0.025381584286861693,0.06822992929200161,0.09207229211125556,0.006946034726113451,0.028288802492906794,0.0006002707477279472,20,106,0.08895959790131251,0.2558383014121779,False,False,True,3.0477625654353205e-05,COMPLETE
295,0.48143298625946046,2025-04-05 17:37:35.415839,2025-04-05 17:38:03.364323,0 days 00:00:27.948484,0.6705792214000154,0.07130391082687534,8,0.033830464628888245,0.03189956263900707,0.065577808055824,0.08544348378006593,0.010461586868283513,0.030685644905413773,0.0007326975505171488,20,108,0.0921825785395398,0.25021166473870593,False,False,True,2.2444227819091365e-05,COMPLETE
296,0.48183203935623176,2025-04-05 17:38:03.457098,2025-04-05 17:38:30.959925,0 days 00:00:27.502827,0.6390039214406613,0.10213930859448411,8,0.04174960697559926,0.024635994534618268,0.07119123987972525,0.0882941685235898,0.0032871390951741295,0.030549386399395757,0.0006746901160172401,19,111,0.09315237918008083,0.25787637942237085,False,False,True,2.2042535329087557e-05,COMPLETE
297,0.28505200147628784,2025-04-05 17:38:31.053354,2025-04-05 17:38:59.191474,0 days 00:00:28.138120,0.6638242348064077,0.07728384265408511,8,0.03344192761568049,0.016424534054266325,0.06730475454801452,0.05955507181059219,0.008311926882824242,0.03165725583084428,0.0005080369013564455,20,109,0.09065236475182906,0.2534360148559385,False,True,True,2.066529578863391e-05,COMPLETE
298,0.4836958229541779,2025-04-05 17:38:59.287210,2025-04-05 17:39:27.594619,0 days 00:00:28.307409,0.6288276813385285,0.05965138716730284,8,0.0420709157201727,0.03020599067772519,0.06947407443927334,0.09201962079074105,0.005574184709376892,0.028368784137168937,0.0008392624948736722,20,112,0.09409101921203569,0.23608394223955195,False,False,True,1.738077706973557e-05,COMPLETE
299,0.4144204735755921,2025-04-05 17:39:27.698053,2025-04-05 17:39:53.727581,0 days 00:00:26.029528,0.6357136435441689,0.09024991921093527,8,0.04064571327014815,0.03035916223821043,0.0703088159400048,0.09341393325943685,0.010579566741927324,0.027290948153228082,0.0005810230164164469,17,107,0.09263157990320592,0.23535935797369634,False,False,True,1.5633022110543784e-05,COMPLETE
300,0.40688517689704895,2025-04-05 17:39:53.821000,2025-04-05 17:40:25.018469,0 days 00:00:31.197469,0.6878954079431621,0.9119942647733801,8,0.03197655064367353,0.02424283602832788,0.07197438925742897,0.09013721651605983,0.001400600473460953,0.028498888141561107,0.0007756785400887762,21,112,0.09461418472655495,0.24804403147783322,True,False,True,2.6373145747542856e-05,COMPLETE
301,0.4818000435829163,2025-04-05 17:40:25.111969,2025-04-05 17:40:52.515471,0 days 00:00:27.403502,0.6754252509719655,0.11248615104917468,8,0.02626599790591034,0.029915061124427048,0.07315154000564635,0.09162488427436692,0.006876420275735791,0.0329115627064153,0.0008036183716713768,19,104,0.08523075907482965,0.258403989430279,False,False,True,1.8640479779886828e-05,COMPLETE
302,0.31816880106925965,2025-04-05 17:40:52.609965,2025-04-05 17:41:21.093127,0 days 00:00:28.483162,0.6510474746629901,0.062311477567160475,8,0.2643301813409188,0.01348208704151601,0.07658577179836917,0.08438790036317342,0.003976061324673022,0.031214494674712462,0.0006990812152552011,20,111,0.0894508109564686,0.19425541225183773,False,False,True,1.477700770868755e-05,COMPLETE
303,0.28677780628204347,2025-04-05 17:41:21.187847,2025-04-05 17:41:50.125036,0 days 00:00:28.937189,0.6247357313770707,0.027114449084772688,8,0.29315420472537546,0.0245378494947848,0.07089804348004479,0.09404490774767074,0.009197181367407692,0.03027096347849528,0.0008542948272912493,21,113,0.09466626011863348,0.14189068778311453,False,False,True,2.53860017985591e-05,COMPLETE
304,0.4844932794570923,2025-04-05 17:41:50.228959,2025-04-05 17:42:16.934690,0 days 00:00:26.705731,0.6897561582853086,0.051096319636555115,8,0.04082204229734725,0.03209373089313741,0.0771509417423936,0.08675587037050685,0.012001387865785279,0.03403664615498918,0.0004827894577640206,18,108,0.09220573889677133,0.24587152181148655,False,False,True,1.1401074223456918e-05,COMPLETE
305,0.48335506916046145,2025-04-05 17:42:17.029817,2025-04-05 17:42:43.901167,0 days 00:00:26.871350,0.6942700106936275,0.04882812104888111,8,0.03928210036241864,0.032269096829977376,0.07864814041352776,0.08507803545851021,0.005572812777304691,0.027147203192460913,0.0005262776978999437,18,108,0.09157516132338521,0.23335082766532692,False,False,True,1.807228058505603e-05,COMPLETE
306,0.47938568592071534,2025-04-05 17:42:43.996560,2025-04-05 17:43:10.611309,0 days 00:00:26.614749,0.683003011231684,0.04540215160547077,8,0.04172609635142006,0.03237045147576266,0.07826616076607265,0.0829542913484276,0.011742315099494463,0.02622107973630959,0.0005053724335038945,18,103,0.0901460182807468,0.2334254135863316,False,False,True,1.1408604151723198e-05,COMPLETE
307,0.3653908908367157,2025-04-05 17:43:10.707497,2025-04-05 17:43:40.541928,0 days 00:00:29.834431,0.6567718596807972,0.03490430079298529,8,0.03506975905985051,0.027738966916734047,0.07775835929923479,0.08631123405696821,0.007950660761840813,0.029161572732092054,0.00038638213752434754,18,108,0.08793807876968116,0.23645693241001237,False,False,False,8.89537657712799e-06,COMPLETE
308,0.47945938706398017,2025-04-05 17:43:40.639655,2025-04-05 17:44:08.064157,0 days 00:00:27.424502,0.7038244016436004,0.05443415769754818,8,0.025506319640297155,0.03337639736053279,0.07889456430578733,0.0869951351223527,0.006091291885801466,0.03306883692027121,0.0005677942997173164,19,106,0.09270626434721156,0.22804618277767746,False,False,True,1.7745724300768373e-05,COMPLETE
309,0.40132205486297606,2025-04-05 17:44:08.169057,2025-04-05 17:44:35.490644,0 days 00:00:27.321587,0.6834754955628696,0.011125914684116972,8,0.04465142599946458,0.00915185200289013,0.06275417151151341,0.027887033382761335,0.009446552700259828,0.027485887189351077,0.00045878566545162405,19,108,0.0914037050328273,0.24459740227859475,False,False,True,3.931644034340007e-05,COMPLETE
310,0.48217825889587407,2025-04-05 17:44:35.587066,2025-04-05 17:45:02.123707,0 days 00:00:26.536641,0.6645422623008607,0.03216426857518536,8,0.03928273199693099,0.015183237972242766,0.06663153612798779,0.08483467843149092,0.004937851419577134,0.02474261393060633,0.0006072796637586548,18,110,0.09284041373598931,0.2379971231782071,False,False,True,3.143694340405958e-05,COMPLETE
311,0.3763819634914398,2025-04-05 17:45:02.220787,2025-04-05 17:45:30.232450,0 days 00:00:28.011663,0.6955605445317798,0.07788889578930488,8,0.10131849718305161,0.1039886733545594,0.0690672752355499,0.08829643652157806,0.011588457057511067,0.029358831410611318,0.0006721103315036828,20,104,0.0898397997082676,0.24738593009437104,False,False,True,1.2207721269053462e-05,COMPLETE
312,0.48254227638244634,2025-04-05 17:45:30.329600,2025-04-05 17:45:59.283884,0 days 00:00:28.954284,0.6457442434481149,0.05320130156069194,8,0.03211729670731157,0.03188122806671734,0.07301148484008647,0.08781494927501457,0.007410525435297173,0.03312488581989364,0.00046154424973054455,21,111,0.0935950782516176,0.2311932723841785,False,False,True,1.747054754922897e-05,COMPLETE
313,0.4826963901519776,2025-04-05 17:45:59.392350,2025-04-05 17:46:26.262060,0 days 00:00:26.869710,0.7178978152290836,0.08491949955364975,8,0.07587496055682824,0.01607594312522198,0.07902210339832791,0.09005561746748848,0.005512543255408372,0.031235375770631242,0.0007774419177136028,18,114,0.09472609480310897,0.2424100723030191,False,False,True,3.5644131377228174e-05,COMPLETE
314,0.4812146484851837,2025-04-05 17:46:26.360389,2025-04-05 17:46:53.234332,0 days 00:00:26.873943,0.6766410461719913,0.05671293166356563,8,0.06391578621033067,0.008119189407433131,0.07672684995526789,0.08557009464349949,0.014098748097810008,0.03418749093667657,0.0005302346495562219,18,110,0.09122259300353357,0.24795157115249797,False,False,True,2.264688524789814e-05,COMPLETE
315,0.47351488471031195,2025-04-05 17:46:53.334971,2025-04-05 17:47:19.624623,0 days 00:00:26.289652,0.6979235686358651,0.03353867972310851,8,0.046125103623575,0.0003372320941637391,0.0708978122071334,0.08103090228418905,0.00968867075764176,0.02668477497904468,0.000620620970012478,17,107,0.095200487845298,0.22451303683264595,False,False,True,1.4675085167914319e-05,COMPLETE
316,0.4098128914833069,2025-04-05 17:47:19.722959,2025-04-05 17:47:47.242570,0 days 00:00:27.519611,0.6246441499614929,0.0634156196141618,8,0.049260628601729736,0.025662875309386723,0.07371578738823562,0.08904601351467062,0.0027026553101191916,0.0319955280973628,0.005767363321846586,19,114,0.08563163984878913,0.23776476891875337,False,False,True,1.849271867642771e-05,COMPLETE
317,0.40509768128395085,2025-04-05 17:47:47.352499,2025-04-05 17:48:21.220711,0 days 00:00:33.868212,0.6631287380415417,0.025358594960306926,8,0.055909111102903405,0.0932734073639098,0.07955876053066141,0.09169897539775958,0.007826946492278341,0.029614524985090474,0.0008359539244637931,27,122,0.08795839505905458,0.2134085105216327,False,True,True,2.910884350703441e-05,COMPLETE
318,0.4835232257843018,2025-04-05 17:48:21.319534,2025-04-05 17:48:49.598073,0 days 00:00:28.278539,0.7203103837233813,0.09099501107534912,8,0.039426512661596344,0.016292718123558415,0.06784486528485756,0.09234568124132257,0.010752145864762362,0.03346375041669754,0.0007138280248396119,20,114,0.09231801929429594,0.25123035041112923,False,False,True,9.15892978996797e-06,COMPLETE
319,0.4841624140739441,2025-04-05 17:48:49.699282,2025-04-05 17:49:17.690356,0 days 00:00:27.991074,0.6944059955568689,0.11316673846014225,8,0.039380135070413644,0.011387133463549746,0.06830109261824194,0.09276454827828179,0.012373276412969684,0.033703361380027816,0.0006939585607906899,20,112,0.09165613312998327,0.2521136356610511,False,False,True,8.93156632275867e-06,COMPLETE
320,0.4047330021858216,2025-04-05 17:49:17.789345,2025-04-05 17:49:45.771952,0 days 00:00:27.982607,0.6869076900502786,0.12363357666057583,8,0.025511473282489844,0.008808439462332618,0.0643243860337194,0.09285975336694931,0.011305089803881022,0.03315991656733183,0.0004636102043356578,20,104,0.089176493950467,0.25076479865754187,False,False,True,5.738365600495783e-06,COMPLETE
321,0.37401919364929204,2025-04-05 17:49:45.872131,2025-04-05 17:50:16.292517,0 days 00:00:30.420386,0.6473439381648141,0.13819219196809118,8,0.03256364032117061,0.014380063214572308,0.06715621625590527,0.08437268722758805,0.010277877421967608,0.02826138751628808,0.0006159577948202122,20,111,0.0916124816545496,0.22862243076544816,True,False,True,9.265647091311287e-06,COMPLETE
322,0.3682565987110138,2025-04-05 17:50:16.402859,2025-04-05 17:50:42.271038,0 days 00:00:25.868179,0.720469345761838,0.1087047148568757,8,0.03885706341211853,0.19480466922854023,0.06691708520238061,0.09410519915251321,0.005304196974096284,0.03076089658614773,0.0006844356154610622,17,108,0.09225388322856426,0.24481812420329585,False,False,True,1.0134779317655201e-05,COMPLETE
323,0.48090980052948,2025-04-05 17:50:42.372648,2025-04-05 17:51:07.819474,0 days 00:00:25.446826,0.6710795926587485,0.08207975488554553,8,0.04211032791647043,0.006410418270558837,0.06989115970283373,0.08920590325067741,0.0013173332676458354,0.0338442105371841,0.0005799975436026041,16,112,0.08729907220047084,0.2603076468109948,False,False,True,6.523553919692955e-06,COMPLETE
324,0.3660785377025605,2025-04-05 17:51:07.919762,2025-04-05 17:51:35.509065,0 days 00:00:27.589303,0.6964764499291289,0.09022415155312237,8,0.03530547840429764,0.16150477666497548,0.06477689542479628,0.09509736734191543,0.013839496506590387,0.031931081503927664,0.0004120233336980311,19,114,0.09015021583674088,0.12935232534787433,False,False,True,8.295655163103461e-06,COMPLETE
325,0.45956093072891235,2025-04-05 17:51:35.611239,2025-04-05 17:52:03.734224,0 days 00:00:28.122985,0.6263662366756365,0.10808017408045595,8,0.02889718277195791,0.010896774535014786,0.06736967632259394,0.09203764603697269,0.006327270321945041,0.028305671295142328,0.0007157258162946814,20,106,0.09287674855113497,0.02010056899416998,False,False,True,3.535166850143971e-06,COMPLETE
326,0.48185364007949827,2025-04-05 17:52:03.844676,2025-04-05 17:52:31.374543,0 days 00:00:27.529867,0.653042015917155,0.07448739345367573,8,0.042537466115585634,0.027950748623658348,0.06916592631436924,0.08683342230621056,0.008697454469838588,0.03407589235301941,0.0003361411173290709,19,111,0.09321967688443646,0.2332217998491186,False,False,True,1.2622597154530223e-05,COMPLETE
327,0.3681980609893799,2025-04-05 17:52:31.477610,2025-04-05 17:53:04.274377,0 days 00:00:32.796767,0.6782110386978066,0.09608369049578125,8,0.03518037788190362,0.01628427456414353,0.07183691302256255,0.09476986339273608,0.012062862451939198,0.030095605943160467,0.0009158109416637846,21,114,0.09467311143171091,0.24969173067745032,False,False,False,1.5978841629240477e-05,COMPLETE
328,0.4851300954818726,2025-04-05 17:53:04.376413,2025-04-05 17:53:32.805529,0 days 00:00:28.429116,0.7196680969825666,0.11665118283492452,8,0.04636688465224293,0.022941361213022347,0.07120339003965548,0.0913235378001297,0.003955866897818815,0.025293234436137197,0.0005234286017479032,20,110,0.09093595329052755,0.2373008128691139,False,False,True,2.3271349227729266e-05,COMPLETE
329,0.40229325294494633,2025-04-05 17:53:32.906754,2025-04-05 17:54:01.216694,0 days 00:00:28.309940,0.7275061864542086,0.14691823331064535,8,0.047886133453633434,0.03180465630972397,0.0679763456945214,0.09287123237763106,0.003061592597520284,0.023778567505027246,0.00048732970549258085,20,109,0.08983717395413438,0.2380834384155693,False,False,True,2.195930510785855e-05,COMPLETE
330,0.4737013578414917,2025-04-05 17:54:01.329855,2025-04-05 17:54:29.295009,0 days 00:00:27.965154,0.7145384552713492,0.1225449636115312,8,0.04371468411775463,0.02374983949796716,0.06916359265923698,0.09522611902018607,0.0047163058810846415,0.028446778902894782,0.0009129472729379966,20,102,0.09067208994007595,0.23185891506318854,False,False,True,1.3223908653097125e-05,COMPLETE
331,0.4869020104408264,2025-04-05 17:54:29.397838,2025-04-05 17:54:58.647128,0 days 00:00:29.249290,0.6334494789136906,0.09665779744780008,8,0.047402405044354064,0.03300292855261504,0.07315949727151144,0.05435989858724053,0.003646174326059971,0.02547001149652703,0.0005343264909966042,21,107,0.09182891792836667,0.22010093735290384,False,False,True,1.9293411064879696e-05,COMPLETE
332,0.4042153894901276,2025-04-05 17:54:58.749719,2025-04-05 17:55:27.639643,0 days 00:00:28.889924,0.6357820041340837,0.1241745846755368,8,0.049825332356394615,0.020740233731821243,0.060416509602426186,0.09061564622848811,0.002906607351732499,0.027980181901569087,0.0003926774035732417,21,105,0.08401216291659327,0.20557818514216974,False,False,True,1.8949988982000556e-05,COMPLETE
333,0.43233140707015993,2025-04-05 17:55:27.744340,2025-04-05 17:55:56.538203,0 days 00:00:28.793863,0.6610796035794719,0.10336588468680682,8,0.04627532862569275,0.03283437624736697,0.07240569039009934,0.09151282063053873,0.001263136697029075,0.027517920016226532,0.0005040785257960449,21,108,0.08821460650123253,0.21826398682509293,False,False,True,9.906766988569984e-06,COMPLETE
334,0.34718973636627204,2025-04-05 17:55:56.652143,2025-04-05 17:56:24.262554,0 days 00:00:27.610411,0.6841002648639669,0.06265623849086382,8,0.041118102889318824,0.12799581514956457,0.06561854293800423,0.09309007871869929,0.00413316908085548,0.02512903740986956,0.00032915922442936245,19,111,0.08701774104033837,0.21203978847500699,False,False,True,1.4872114444575803e-05,COMPLETE
335,0.4844245314598084,2025-04-05 17:56:24.366272,2025-04-05 17:56:52.688732,0 days 00:00:28.322460,0.6416761266878646,0.09326265109607787,8,0.051756267700887454,0.027487069217615685,0.07022655612475476,0.06226417048000744,0.006259991340484245,0.024710471172105834,0.0005400099794921025,20,103,0.09112866905788522,0.2245912437066334,False,False,True,1.962631360683196e-05,COMPLETE
336,0.40680006146430975,2025-04-05 17:56:52.793079,2025-04-05 17:57:20.764865,0 days 00:00:27.971786,0.6405470436479602,0.08897422164655422,8,0.050121543568755075,0.02531453658500342,0.06986488966313273,0.050395439365089306,0.01013467006454642,0.022119921726462873,0.0007317524746249587,20,103,0.0892424086500346,0.22145597015473711,False,False,True,7.116804874701382e-06,COMPLETE
