number,value,datetime_start,datetime_complete,duration,params_alpha-eval,params_alpha-train,params_batch-size,params_eps-eval,params_eps-train,params_lambda-actions-eval,params_lambda-actions-train,params_lambda-frames-eval,params_lambda-frames-train,params_learning-rate,params_n-epochs,params_n-frames,params_radius-gw,params_rho,params_std-feats,params_ub-actions,params_ub-frames,params_weight-decay,state
393,0.48046835064888005,2025-04-05 18:24:58.123443,2025-04-05 18:25:25.500506,0 days 00:00:27.377063,0.6154486704718831,0.0704758429115549,8,0.05531422814749781,0.03205645871890995,0.06960626906764483,0.060215314538988526,0.008476690942622062,0.030295105531806945,0.0006008318333597209,19,105,0.09069128380766353,0.18401234890248747,False,False,True,8.309049858835996e-06,COMPLETE
394,0.35558866858482363,2025-04-05 18:25:25.622625,2025-04-05 18:25:55.790126,0 days 00:00:30.167501,0.6560874469967414,0.051987837616766785,8,0.04099372595790529,0.14705111052376393,0.06612607077141629,0.06687470025514179,0.014715618558394924,0.028976129099480632,0.0008609507211752532,23,99,0.0940820159608051,0.1716193705205135,False,False,True,5.54408656309581e-06,COMPLETE
395,0.48223971724510195,2025-04-05 18:25:55.912822,2025-04-05 18:26:24.531695,0 days 00:00:28.618873,0.6398713688297225,0.0836608420516748,8,0.05065804247937636,0.013053889337724564,0.07050263831204287,0.05376145113925841,0.010415670674834109,0.03189441008777888,0.0004594044039128756,20,105,0.085746952138844,0.14362248452141194,False,False,True,1.3201107000416107e-05,COMPLETE
396,0.40525331497192385,2025-04-05 18:26:24.654195,2025-04-05 18:26:53.689968,0 days 00:00:29.035773,0.6049068748578195,0.06314099507512512,8,0.04699604461516576,0.03999434884289006,0.06303259466500662,0.06166990491809925,0.008136274632287315,0.025914738846090104,0.004265403260990312,21,95,0.0923236808414905,0.17398118134337942,False,False,True,1.5752005068745036e-05,COMPLETE
397,0.28615721464157107,2025-04-05 18:26:53.822591,2025-04-05 18:27:21.339169,0 days 00:00:27.516578,0.5950277490360617,0.10963673828224009,8,0.038544178980105356,0.02391444324566411,0.06862720998211726,0.06345900131903515,0.012594404603927162,0.033265909489213374,0.0008285596557068343,19,107,0.09425890147702592,0.22883712972782574,False,True,True,1.2111881477438162e-05,COMPLETE
398,0.48091252446174626,2025-04-05 18:27:21.464571,2025-04-05 18:27:51.698842,0 days 00:00:30.234271,0.6351888436959872,0.029168595025568397,8,0.05538451890775041,0.007057547795573788,0.07180793974694404,0.06935413555917451,0.007302547189134108,0.020818019608289728,0.00062653155750244,23,107,0.08997499684208429,0.22408315008630064,False,False,True,1.8506968380612466e-05,COMPLETE
399,0.3684883177280426,2025-04-05 18:27:51.822417,2025-04-05 18:28:21.933233,0 days 00:00:30.110816,0.666887713091097,0.09239126499499119,8,0.061788111010490004,0.03523580981291609,0.07324580853248576,0.06506522208025634,0.005823874973152545,0.028595121389059584,0.0010004397636961153,20,103,0.09570242683561973,0.19628332965917636,True,False,True,4.041802768058994e-06,COMPLETE
400,0.4826839864253998,2025-04-05 18:28:22.067741,2025-04-05 18:28:51.181353,0 days 00:00:29.113612,0.6649707191749249,0.05003774231176032,8,0.04341880908622338,0.01474692101446591,0.07062552244994813,0.05855381251154728,0.010099068515836642,0.02333179557823805,0.0005342083990150571,21,109,0.0922008528632969,0.1891707477436944,False,False,True,9.122766510929298e-06,COMPLETE
401,0.40616573095321656,2025-04-05 18:28:51.306520,2025-04-05 18:29:21.160390,0 days 00:00:29.853870,0.6173115128341653,0.07792033822864519,8,0.05149964212696967,0.02867433034791255,0.06718943208219057,0.06200086423318002,0.01176239168653096,0.026366450273297374,0.0003497619596259878,22,103,0.07050513296343389,0.16586152072627366,False,False,True,2.8761585088123994e-06,COMPLETE
402,0.4039665043354035,2025-04-05 18:29:21.285431,2025-04-05 18:29:49.296420,0 days 00:00:28.010989,0.6519486038298047,0.10381132927462633,8,0.03179123459502826,0.021364121351203677,0.06950066791933325,0.0671495115053041,0.013797464376176037,0.030937486609205884,0.0007591843407163304,20,100,0.08758282350086626,0.2084880313745333,False,False,True,1.5154199646275356e-05,COMPLETE
403,0.4824914872646332,2025-04-05 18:29:49.431064,2025-04-05 18:30:18.234572,0 days 00:00:28.803508,0.6807882232641544,0.04677748063163655,8,0.04567007415765786,0.011200145264350174,0.07234517214489307,0.06617209702568372,0.005713113487353397,0.034089369308512224,0.0009732657953246174,21,111,0.09345264254460185,0.23193719604853089,False,False,True,3.121357946373931e-05,COMPLETE
404,0.4858987331390381,2025-04-05 18:30:18.359826,2025-04-05 18:30:45.623459,0 days 00:00:27.263633,0.5811799847884889,0.14652123550854101,8,0.03667890879000459,0.018582817141812463,0.07445807659664445,0.05616731152792524,0.007664721873675264,0.0299449251822385,0.0006558704643295085,19,107,0.09621686076396964,0.164874495692868,False,False,True,1.1128923255817729e-05,COMPLETE
405,0.4861995935440064,2025-04-05 18:30:45.748195,2025-04-05 18:31:13.281855,0 days 00:00:27.533660,0.5858262582974006,0.13492293832323188,8,0.029365817501018757,0.016590777923368397,0.07420191082769888,0.053185770655658667,0.008681201236203452,0.031220716379456365,0.0005694624638226001,19,106,0.09691504598108257,0.15102478765886046,False,False,True,8.090426448496103e-06,COMPLETE
406,0.44328237175941465,2025-04-05 18:31:13.408255,2025-04-05 18:31:40.722305,0 days 00:00:27.314050,0.5670863786879977,0.1506504395541365,8,0.027035628865466153,0.006724059274828994,0.07466763780390646,0.051457909380324185,0.00830808368128886,0.09782897086996037,0.0004441661934145574,19,105,0.09680861298282965,0.16431136982191327,False,False,True,6.836875684043376e-06,COMPLETE
407,0.35393508076667785,2025-04-05 18:31:40.857279,2025-04-05 18:32:10.476554,0 days 00:00:29.619275,0.5881813425442894,0.1751140491144727,8,0.037465559690600135,0.01647156531378911,0.07800122466785948,0.05790921860527139,0.0092427548100175,0.032545016343549484,0.0005477612818934003,18,102,0.09642798390399765,0.15828202282605042,False,False,False,7.259769480548285e-06,COMPLETE
408,0.42943810224533085,2025-04-05 18:32:10.602809,2025-04-05 18:32:37.914890,0 days 00:00:27.312081,0.585911803367902,0.18880272589683725,8,0.05623390741843558,0.0017917786168782698,0.07463276049703152,0.05534838978311886,0.00729013284117166,0.03425653314514545,0.0006140828843530463,19,98,0.09785841297230298,0.15845408108979733,False,False,True,1.0456961848622754e-05,COMPLETE
409,0.4810930967330933,2025-04-05 18:32:38.043752,2025-04-05 18:33:08.624114,0 days 00:00:30.580362,0.5947765409625138,0.15326977345935133,8,0.08646903201348602,0.013676384449533856,0.07946626174788368,0.05231304087849687,0.009833490999844135,0.029719798360259616,0.0005164815911239181,23,106,0.0963292883957256,0.15088638194591367,False,False,True,8.471638402915625e-06,COMPLETE
410,0.3968913018703461,2025-04-05 18:33:08.761021,2025-04-05 18:33:36.202915,0 days 00:00:27.441894,0.7146816044942753,0.11994389638547877,8,0.06608629252128982,0.009178725626474604,0.0750075380531616,0.051864397369479176,0.0043129332585435725,0.024573700859763674,0.00037679646599244004,19,102,0.09533474385287692,0.16566750824573462,False,False,True,5.815814003201387e-06,COMPLETE
411,0.41838876008987425,2025-04-05 18:33:36.329871,2025-04-05 18:34:05.913372,0 days 00:00:29.583501,0.5729855148721619,0.1496974510065788,8,0.04699948286002605,0.01819847337242804,0.07624357266664587,0.05635448377523058,0.007731594092769028,0.026597188120616393,0.008579555844570003,22,106,0.09736720058576873,0.1787843294154512,False,False,True,1.1498074505545336e-05,COMPLETE
412,0.4811754882335663,2025-04-05 18:34:06.042466,2025-04-05 18:34:33.526235,0 days 00:00:27.483769,0.7315444717477393,0.13414730013315723,8,0.029158224541582053,0.018489589821564165,0.058734776868628075,0.05481521214831152,0.006122148689630846,0.031167100421973497,0.000674865848262636,19,108,0.09824796339382992,0.1476137523831048,False,False,True,1.0283064856019922e-05,COMPLETE
413,0.4046465635299683,2025-04-05 18:34:33.664879,2025-04-05 18:35:03.857761,0 days 00:00:30.192882,0.6971856661787881,0.12326840769671378,8,0.038593041519278455,0.01104735319780253,0.07312255619511242,0.05390158572854134,0.003940857433814842,0.02853887138283316,0.00047199814796459983,24,68,0.09480966507387661,0.1287555758151432,False,False,True,1.3156630759988038e-05,COMPLETE
414,0.48071607947349554,2025-04-05 18:35:03.984602,2025-04-05 18:35:31.288966,0 days 00:00:27.304364,0.6085163953240607,0.14120179468528662,8,0.052112404467346544,0.022703300783710214,0.07742685732431925,0.04811043222668939,0.008710048253788412,0.018528516756064355,0.0008141558853119323,19,100,0.09088914808343758,0.1561593172804595,False,False,True,8.285687232640813e-06,COMPLETE
415,0.41325943470001225,2025-04-05 18:35:31.418755,2025-04-05 18:35:57.899227,0 days 00:00:26.480472,0.5736605797456706,0.11062968604623413,8,0.06084810535259087,0.014776370939359837,0.07281309485702413,0.058900748689323885,0.011547916781106,0.0350173677145447,0.002680585248914689,18,97,0.09578903498693107,0.1458570474161982,False,False,True,4.602912472149907e-06,COMPLETE
416,0.47630118727684023,2025-04-05 18:35:58.037815,2025-04-05 18:36:27.841666,0 days 00:00:29.803851,0.676326842094518,0.10247021233534528,8,0.0350327483540247,0.006358411798037624,0.07387256466223399,0.060893116990650094,0.006803137554645592,0.021796030682478925,0.0006350329031033628,22,105,0.08981307114420595,0.2197020326388517,False,False,True,1.363061777424272e-05,COMPLETE
417,0.28615721464157107,2025-04-05 18:36:27.973156,2025-04-05 18:36:57.110011,0 days 00:00:29.136855,0.5275356129048708,0.17066864472875287,8,0.043622776005292525,0.02067853904807599,0.07566698338844761,0.05099506443445091,0.01373774488371346,0.025512825504855285,0.0012033315136782514,23,41,0.09363909561319149,0.16483785408244944,False,True,True,1.0219564392916464e-05,COMPLETE
418,0.3803258538246155,2025-04-05 18:36:57.238735,2025-04-05 18:37:26.267615,0 days 00:00:29.028880,0.7248887200877107,0.025563412776565826,8,0.0486314719351527,0.2126765126211828,0.07153407225237267,0.07099724622260911,0.009715253677960282,0.03235109268344443,0.00028145654454232597,21,109,0.09800796270747787,0.16894567567305907,False,False,True,1.5188683716404184e-05,COMPLETE
419,0.3969165563583374,2025-04-05 18:37:26.408546,2025-04-05 18:37:53.701297,0 days 00:00:27.292751,0.6166208437575005,0.09059713389885364,8,0.054456656333345746,0.003784965556033292,0.07939307042218297,0.07698182873357455,0.004614307003990547,0.029734404269474712,0.02539309393689926,19,111,0.09165089112420693,0.15334843917029956,False,False,True,1.211887391874594e-05,COMPLETE
420,0.38041235804557805,2025-04-05 18:37:53.831302,2025-04-05 18:38:23.932770,0 days 00:00:30.101468,0.6558974811475196,0.12443747617466074,8,0.022500790899000103,0.11960073518467652,0.07666776801722061,0.053437290919271255,0.0022193857834051146,0.02806961436625517,0.00041770655514023863,20,102,0.08755222922130734,0.13883146594652745,True,False,True,7.398565280408295e-06,COMPLETE
421,0.39739781618118286,2025-04-05 18:38:24.063226,2025-04-05 18:38:52.881670,0 days 00:00:28.818444,0.7046542089124149,0.06957752678110565,8,0.03893287405180789,0.025878140482400645,0.07457346993303803,0.056443001437090384,0.00725364200930017,0.023622815954521585,0.002050877314628407,21,107,0.09474027946420426,0.21661368685407356,False,False,True,1.9951081199793748e-05,COMPLETE
422,0.48660451173782354,2025-04-05 18:38:53.026787,2025-04-05 18:39:22.728191,0 days 00:00:29.701404,0.685987622089156,0.15074617522197561,8,0.046409126498911775,0.015031424875692659,0.07116010229911301,0.06356186038453313,0.010707408108681687,0.0328732843688954,0.0009780085385249263,22,104,0.09835830560062092,0.16942862305585887,False,False,True,9.65004837210718e-06,COMPLETE
423,0.42382444739341735,2025-04-05 18:39:22.858897,2025-04-05 18:39:52.386327,0 days 00:00:29.527430,0.6862290893196306,0.14924928932212078,8,0.060632741677337135,0.012142191146397618,0.07125949332897645,0.06252699771143488,0.06665951038198017,0.03192418452013504,0.0007488508235944086,22,104,0.09217159589200608,0.1354320716845083,False,False,True,9.531974702847618e-06,COMPLETE
424,0.398083519935608,2025-04-05 18:39:52.517368,2025-04-05 18:40:21.831289,0 days 00:00:29.313921,0.6737985478476483,0.20592046392065616,8,0.06913265126930587,0.016204409400228492,0.07232216542916092,0.06426457308887505,0.014293079422644423,0.03341994700813239,0.0005536542579195495,22,100,0.09658875964694827,0.18183735762721145,False,False,True,5.601663498489833e-06,COMPLETE
425,0.40365728735923767,2025-04-05 18:40:21.974259,2025-04-05 18:40:52.499758,0 days 00:00:30.525499,0.7184382505308226,0.1596458874901727,8,0.028379722335725246,0.006073288678589946,0.07139503870163148,0.06049871738369083,0.012287138952769816,0.03046616265038577,0.000924170071596805,23,104,0.08919810077186256,0.1723198188496562,False,False,True,7.398542776837439e-06,COMPLETE
426,0.4843120396137238,2025-04-05 18:40:52.631301,2025-04-05 18:41:23.775197,0 days 00:00:31.143896,0.6945044476522662,0.18222453699418736,8,0.050803541934449886,0.02764054428222921,0.07347814014798285,0.06315965173986735,0.005682356222567613,0.026747391980632376,0.0006964095359496319,24,109,0.09397490658235771,0.16959678844017606,False,False,True,1.2183338828914536e-05,COMPLETE
427,0.36081427931785587,2025-04-05 18:41:23.908206,2025-04-05 18:41:58.800875,0 days 00:00:34.892669,0.7427129962433849,0.1749365585827928,8,0.04281247833959982,0.033459948294511654,0.07358241475082837,0.06627996174240204,0.008836404502117463,0.026799244786353347,0.0006097991123242701,24,107,0.09370276279449789,0.17107224622758035,False,False,False,1.280880232647514e-05,COMPLETE
428,0.45469570159912115,2025-04-05 18:41:58.934942,2025-04-05 18:42:21.664539,0 days 00:00:22.729597,0.7019565930814352,0.1302611955279111,16,0.04828274269801448,0.027524667658334445,0.05581894800610557,0.06296823073780072,0.010670563579953954,0.024689741819714724,0.0004707766487465153,23,109,0.09191395321955932,0.16149322807153274,False,False,True,8.979382807445607e-06,COMPLETE
429,0.41662517786026004,2025-04-05 18:42:21.806382,2025-04-05 18:42:51.302026,0 days 00:00:29.495644,0.7329980334368642,0.1911575590784658,8,0.03636149691676761,0.0482455612855312,0.07458357727227388,0.06514462854351537,0.005949709158894863,0.028205885629209986,0.0007065047646537124,22,102,0.09078139286081867,0.17118767395526896,False,False,True,1.574526475408517e-05,COMPLETE
430,0.4303508698940277,2025-04-05 18:42:51.436534,2025-04-05 18:43:21.059000,0 days 00:00:29.622466,0.6948000240823385,0.14510030291007064,8,0.04237058899239958,0.03932708722534393,0.07008752349556246,0.058959319115007985,0.0010037856369169125,0.02685982238553581,0.0005606121675172087,22,105,0.09468386148072111,0.17848644053077678,False,False,True,1.1064637650690178e-05,COMPLETE
431,0.375546807050705,2025-04-05 18:43:21.192686,2025-04-05 18:43:51.155203,0 days 00:00:29.962517,0.939745735752809,0.15684842703478583,8,0.0342314480545345,0.024572223736020183,0.0730880829888203,0.06098876799339863,0.008308084581582968,0.02991633322373183,0.0007437434966413527,23,95,0.08917601864711516,0.16393872252098063,False,False,True,1.8702274903007223e-05,COMPLETE
432,0.4264451682567597,2025-04-05 18:43:51.298357,2025-04-05 18:44:22.711354,0 days 00:00:31.412997,0.759823166606532,0.1337600993204319,8,0.056580145286968586,0.029958422165039612,0.07552223818658263,0.06806326814962459,0.0029766994381398137,0.025706509658793477,0.0006200498177221801,24,110,0.08593076892349265,0.18139312972349836,False,False,True,8.76274359283755e-06,COMPLETE
433,0.4235035002231598,2025-04-05 18:44:22.845463,2025-04-05 18:44:51.859889,0 days 00:00:29.014426,0.7224722576034579,0.18530507211142644,8,0.05006896903925545,0.021395988990286944,0.0705996383059481,0.06235952486872179,0.006351126032533089,0.02297740897324239,0.00034708530333033385,21,108,0.09283454013591763,0.16872639849063442,False,False,True,1.3718781680082245e-05,COMPLETE
434,0.467122358083725,2025-04-05 18:44:51.994390,2025-04-05 18:45:22.041566,0 days 00:00:30.047176,0.6922089883726532,0.11809462710945742,8,0.04574040745584021,0.035769377351262066,0.07289607968973347,0.06452155615832471,0.012177331055077859,0.03175635098332738,0.0008129830071606118,23,99,0.08304080950532157,0.17461930230258663,False,False,True,1.0456413277658373e-05,COMPLETE
435,0.4829730868339539,2025-04-05 18:45:22.186236,2025-04-05 18:45:51.917379,0 days 00:00:29.731143,0.6607699457026783,0.16358749570608958,8,0.030839775594047207,0.026952488696783093,0.06899102778016672,0.05664147765313753,0.009955700461918569,0.02883300752921193,0.0004327410262345692,22,112,0.09566202801842756,0.1868425194332524,False,False,True,1.639423057908763e-05,COMPLETE
436,0.4807457804679871,2025-04-05 18:45:52.050866,2025-04-05 18:46:23.199814,0 days 00:00:31.148948,0.7131503978852491,0.10600304024202194,8,0.03918539522406582,0.020244397701714864,0.07791843577680838,0.06000469734561569,0.004661078215682752,0.033559871310043156,0.0006841792083145296,24,104,0.09100468354987833,0.1604836630223495,False,False,True,6.465920785134935e-06,COMPLETE
437,0.48355481624603275,2025-04-05 18:46:23.336681,2025-04-05 18:46:52.313681,0 days 00:00:28.977000,0.6422667027936606,0.1340068612753182,8,0.05133905118043765,0.031017016888821913,0.07462457893128077,0.0498552941186347,0.014486925412480495,0.02994090220988283,0.0009410537505464992,21,107,0.09289690451953912,0.15055839028411863,False,False,True,2.0994625274972047e-05,COMPLETE
438,0.3630602955818176,2025-04-05 18:46:52.462330,2025-04-05 18:47:20.984260,0 days 00:00:28.521930,0.6796379283691983,0.11128570368989615,8,0.05834189281287361,0.043783155599238434,0.07089493354429909,0.04574363782222259,0.007758467897960596,0.021222500361484965,0.0005226729366343908,18,111,0.09464339019998207,0.16739966824109231,True,True,True,1.5261087482114924e-05,COMPLETE
439,0.38545534014701843,2025-04-05 18:47:21.120066,2025-04-05 18:47:49.083378,0 days 00:00:27.963312,0.772857213654282,0.0947407408691683,8,0.043292303686074216,0.016401213900385507,0.07678221732658326,0.06302921698479136,0.010525120480433366,0.08988660419208687,0.000784813550000905,20,102,0.08837136656920605,0.1761301650935099,False,False,True,1.1982012842876102e-05,COMPLETE
440,0.40184014439582827,2025-04-05 18:47:49.219261,2025-04-05 18:48:18.723644,0 days 00:00:29.504383,0.7406344447962793,0.14232010485179397,8,0.13267710038697494,0.0005264977803868236,0.0730661384697656,0.06669416157253033,0.005589756349069301,0.027195838025015084,0.0005476270806817607,22,106,0.09645277576301649,0.15561415713431917,False,False,True,7.444247385502062e-06,COMPLETE
441,0.47874526977539067,2025-04-05 18:48:18.868804,2025-04-05 18:48:46.203885,0 days 00:00:27.335081,0.6550946838650326,0.12042134943213102,8,0.02485556982829508,0.022043748265493393,0.0679792168688251,0.0578228192741941,0.0032812545925024203,0.025379520262038043,0.0010582880956057756,19,109,0.09075208404832419,0.20926821979101348,False,False,True,2.564490056569301e-05,COMPLETE
442,0.41040682792663574,2025-04-05 18:48:46.340301,2025-04-05 18:49:14.632740,0 days 00:00:28.292439,0.7045698351347709,0.16605213090183354,8,0.03678179587486641,0.011694655392223448,0.0750690315606296,0.06350020292780453,0.008131530422650522,0.03460781194116159,0.0006414695259826854,20,106,0.09326269456960104,0.22147602426918447,False,False,True,3.724668575166999e-05,COMPLETE
443,0.48897598981857304,2025-04-05 18:49:14.780366,2025-04-05 18:49:45.061110,0 days 00:00:30.280744,0.6765910460111708,0.09261467181084704,8,0.050491337907365715,0.03298471385345026,0.06959421541992838,0.059610491202213615,0.012422526650747792,0.03103229991051411,0.0008330097298194359,23,97,0.09658840742196853,0.25904277568725176,False,False,True,1.1499752804022684e-05,COMPLETE
444,0.4536685526371002,2025-04-05 18:49:45.197417,2025-04-05 18:50:15.540719,0 days 00:00:30.343302,0.6871220989273482,0.0975433315077478,8,0.05422293327182767,0.03861943775429642,0.06584326518404213,0.06071669573474947,0.07416207625681301,0.03131333010206161,0.0008776816839464024,23,94,0.0972343935183386,0.25822775673851944,False,False,True,9.503442673798346e-06,COMPLETE
445,0.38568466901779175,2025-04-05 18:50:15.678187,2025-04-05 18:50:45.173231,0 days 00:00:29.495044,0.8162090514093768,0.11817866339894795,8,0.0641323988116924,0.0323511410432952,0.06939396341191756,0.05564528644655001,0.014945575889759932,0.03239186350172382,0.0004135022762135435,24,35,0.09819472631592137,0.16158515757552191,False,False,True,1.1556405154951986e-05,COMPLETE
446,0.4868317484855652,2025-04-05 18:50:45.321550,2025-04-05 18:51:15.484999,0 days 00:00:30.163449,0.7204083848972197,0.1431377769599726,8,0.05044518867029875,0.03580277280747181,0.06831836764502676,0.0588744854372685,0.011576069967130124,0.02746766675668701,0.001057356171977647,23,98,0.09567187894947862,0.2634753068868491,False,False,True,8.2467686070027e-06,COMPLETE
447,0.3517538130283356,2025-04-05 18:51:15.621752,2025-04-05 18:51:40.318540,0 days 00:00:24.696788,0.7051574332908223,0.146427733765457,16,0.04883257106859669,0.0484692143990413,0.06682634610862001,0.057854432582546585,0.012829005813178472,0.027982980655183877,0.0014031319502226542,23,98,0.09612132376197229,0.2624331522620256,False,False,False,6.775637309538995e-06,COMPLETE
448,0.41533492803573613,2025-04-05 18:51:40.456593,2025-04-05 18:52:11.620448,0 days 00:00:31.163855,0.6340299169562279,0.1842033619692663,8,0.0410341847763749,0.04247725859133958,0.06473268586695818,0.0541395291011134,0.013346698963399862,0.03466136208045384,0.00107596527287616,24,96,0.0489401176087397,0.2640394525347586,False,False,True,4.9824024732564264e-06,COMPLETE
