number,value,datetime_start,datetime_complete,duration,params_alpha-eval,params_alpha-train,params_batch-size,params_eps-eval,params_eps-train,params_lambda-actions-eval,params_lambda-actions-train,params_lambda-frames-eval,params_lambda-frames-train,params_learning-rate,params_n-epochs,params_n-frames,params_radius-gw,params_rho,params_std-feats,params_ub-actions,params_ub-frames,params_weight-decay,state
1080,0.46155448555946355,2025-04-25 17:10:11.840333,2025-04-25 17:10:48.221721,0 days 00:00:36.381388,0.0934091951791726,0.6679405360306634,8,0.21387906822792802,0.12703590415376845,0.007213524152361781,0.09547597701515256,0.007141773038931792,0.02714023502765556,9.411042824161606e-05,29,52,0.09042784530659052,0.17493620260003834,True,False,True,0.0005586880041165717,COMPLETE
1081,0.4511538147926331,2025-04-25 17:10:48.567193,2025-04-25 17:11:22.740620,0 days 00:00:34.173427,0.057127957756613765,0.6026661212814355,8,0.23831261818036423,0.1394842230944217,0.004307616602074155,0.0929899092156372,0.010720575365712807,0.021051794144452095,7.25048249583654e-05,27,47,0.07948364663980827,0.0991739725440119,True,False,True,0.0009939924305419465,COMPLETE
1082,0.4510930001735688,2025-04-25 17:11:23.089761,2025-04-25 17:11:57.476643,0 days 00:00:34.386882,0.028977703480658652,0.6521921764129064,8,0.18649567403059442,0.12824563382368503,0.012053458925465325,0.0969063660237087,0.002962723002836445,0.02400514188984273,0.00013688571916823072,28,44,0.08502433197583051,0.14961755276420108,True,False,True,0.0007653130114613706,COMPLETE
1083,0.4676232933998108,2025-04-25 17:11:57.826650,2025-04-25 17:12:32.195199,0 days 00:00:34.368549,0.07402161040889288,0.6731554012966067,8,0.19294586877949232,0.13396341436476947,0.013702352149890488,0.09819629479877094,0.004696835850120965,0.027611005172263295,5.879588597356928e-05,27,50,0.08302402369172565,0.12475236959485433,True,False,True,0.0006837566109264989,COMPLETE
1084,0.4575808525085449,2025-04-25 17:12:32.546072,2025-04-25 17:13:07.865229,0 days 00:00:35.319157,0.04418253932965139,0.6251109822336034,8,0.2029779803066633,0.12674172907232178,0.01002243468164771,0.0944101336091915,0.007666660120203313,0.025688427342871554,0.00010532038694618127,28,53,0.06972804932482612,0.11094016235743637,True,False,True,0.0005616144767727533,COMPLETE
1085,0.4343545019626618,2025-04-25 17:13:08.216289,2025-04-25 17:13:41.864684,0 days 00:00:33.648395,0.10016484032339366,0.6435113849762023,8,0.18493879095053467,0.14805774001926264,0.01740574413307088,0.09044799409744239,0.0027143841990859845,0.02237548695531203,8.90903826233992e-05,27,39,0.08845212283889793,0.15639503120626205,True,False,True,0.000998594431425029,COMPLETE
1086,0.47701066732406616,2025-04-25 17:13:42.195099,2025-04-25 17:14:15.422810,0 days 00:00:33.227711,0.06818028966491613,0.6785349122150213,8,0.19526293645311218,0.1330587297066397,0.005827878829418044,0.0963345825937166,0.006055742647211038,0.024467804391039197,6.741013973035272e-05,26,49,0.07586212932758589,0.13188541409936375,True,False,True,0.0008105165992497592,COMPLETE
1087,0.3667390584945679,2025-04-25 17:14:15.767468,2025-04-25 17:14:47.739101,0 days 00:00:31.971633,0.05520014519644842,0.6878064370690413,8,0.1978554851752517,0.14462354359374213,0.0028188155519051654,0.09990688840195733,0.009764222179577273,0.02025501269177249,5.7887479669613826e-05,26,52,0.07601497734217508,0.1338713213834666,False,False,True,0.000999338933834209,COMPLETE
1088,0.4796111941337585,2025-04-25 17:14:48.088632,2025-04-25 17:15:21.487072,0 days 00:00:33.398440,0.02876464595630364,0.6855187855793589,8,0.20734808922005096,0.1386310948030082,0.0052355055217298205,0.09734266937220731,0.006950385225777906,0.018401692875996543,6.599983546545355e-05,26,49,0.07754688208396016,0.12928502281247092,True,False,True,0.0009989250878635753,COMPLETE
1089,0.47514576911926276,2025-04-25 17:15:21.829564,2025-04-25 17:15:55.337185,0 days 00:00:33.507621,0.01888393561913946,0.6764293655196036,8,0.211542759924949,0.1517531089034195,0.006081459444914681,0.09788269277377784,0.008592368260168626,0.016841508538710803,5.938205154700154e-05,26,49,0.07768849489707996,0.12988183907111883,True,False,True,0.0008141451209277635,COMPLETE
1090,0.46965329647064213,2025-04-25 17:15:55.685691,2025-04-25 17:16:28.996445,0 days 00:00:33.310754,0.02245533751353177,0.6738188889597239,8,0.21865706831310572,0.1570995450213287,0.0016235425026030021,0.0982707085033754,0.010298242301232089,0.015322863501566494,5.4988134905693044e-05,26,45,0.07796810764096028,0.1288562319032579,True,False,True,0.0006750179605326265,COMPLETE
1091,0.45460247993469244,2025-04-25 17:16:29.344067,2025-04-25 17:17:02.149677,0 days 00:00:32.805610,0.017500937074934608,0.6766235124845105,8,0.21740772716111378,0.16535595017291907,0.003795507754824389,0.0983171187602711,0.010665897638770282,0.012104794770476735,5.387586489540662e-05,26,41,0.0784964933047214,0.12171436378425889,True,False,True,0.0005171324826226753,COMPLETE
1092,0.4626271665096283,2025-04-25 17:17:02.502415,2025-04-25 17:17:35.292418,0 days 00:00:32.790003,0.011432444679520884,0.6743549895140384,8,0.22650528682095908,0.15828214009361988,0.0034680941246453584,0.0987045405628746,0.011015286695065997,0.015690186053586453,5.5466946638993905e-05,26,43,0.0779350746400729,0.12838908689499628,True,False,True,0.0005334726096149947,COMPLETE
1093,0.3522601902484894,2025-04-25 17:17:35.641090,2025-04-25 17:18:08.574988,0 days 00:00:32.933898,0.011605764037979596,0.6886344421042491,8,0.22360364728826182,0.15976598561209432,0.00128758828467237,0.09660915860759504,0.00774122278871278,0.0189711752490219,5.9895762904501496e-05,26,37,0.07939955859847792,0.12750980600947434,True,False,True,0.000613980776922382,COMPLETE
1094,0.4112226366996765,2025-04-25 17:18:08.926203,2025-04-25 17:18:42.143720,0 days 00:00:33.217517,0.02210340550244067,0.6631908661314212,8,0.21892283892227268,0.1554908211604713,0.0024662641974907786,0.09981542957543259,0.009601763269784534,0.013027944689967104,5.6183917072883223e-05,26,45,0.08108468925996452,0.13101281567948686,True,True,True,5.001010631969457e-07,COMPLETE
1095,0.4660490274429322,2025-04-25 17:18:42.493886,2025-04-25 17:19:15.412520,0 days 00:00:32.918634,0.02877413482926912,0.691962641144722,8,0.21225374497339392,0.15409010597319717,0.005413031089756929,0.09656365289904918,0.009135713527717661,0.02004874109625413,5.589676259283218e-05,26,45,0.09984038248522807,0.11962472945447983,True,False,True,0.0006856808658482359,COMPLETE
1096,0.45402542948722846,2025-04-25 17:19:15.767182,2025-04-25 17:19:49.056502,0 days 00:00:33.289320,0.027038525957788898,0.27380800086662505,8,0.22844546829875842,0.1712016088598256,0.005805503288152,0.09830317830263921,0.011739033958751482,0.016435948524689492,6.64034789103203e-05,26,46,0.07688112745577598,0.12462542118577662,True,False,True,0.0005459105548946628,COMPLETE
1097,0.4404917895793915,2025-04-25 17:19:49.393180,2025-04-25 17:20:14.074213,0 days 00:00:24.681033,0.029776144740079058,0.6644395348165842,16,0.2160373446778982,0.1682393279245886,0.0010903971713427558,0.09609769117051199,0.0090151895122265,0.01737994930865809,5.608837678195473e-05,26,42,0.0772772503079394,0.13992358766048227,True,False,True,0.0006419353617532541,COMPLETE
1098,0.3440642297267914,2025-04-25 17:20:14.422615,2025-04-25 17:20:47.655812,0 days 00:00:33.233197,0.034159319631066734,0.6737295811646249,8,0.2220190247373219,0.14971391979986387,0.004722589057876187,0.09996034787407805,0.007098348618106024,0.017121593371856876,0.05126482909169208,26,49,0.07953845085825992,0.13357635844341664,True,False,True,0.0007722506504537263,COMPLETE
1099,0.47188860177993774,2025-04-25 17:20:48.005091,2025-04-25 17:21:21.328014,0 days 00:00:33.322923,0.012101841906751943,0.6933792627872578,8,0.20935603816195597,0.15692853863321105,0.00749931102347585,0.09595503101730973,0.007912036951580527,0.014510929913802192,6.836157426175946e-05,26,46,0.0817917395836216,0.13089118662119828,True,False,True,0.000803488114981015,COMPLETE
1100,0.46175993084907535,2025-04-25 17:21:21.686075,2025-04-25 17:21:54.492725,0 days 00:00:32.806650,0.013343144017384493,0.6943301171479764,8,0.21136485195849403,0.16155891640884404,0.007031756465391134,0.09769626209559328,0.009968347436159923,0.015405254360902343,6.656546377832423e-05,26,42,0.08184883786856584,0.13104038275878802,True,False,True,0.0005700339730906863,COMPLETE
1101,0.43194631934165956,2025-04-25 17:21:54.843523,2025-04-25 17:22:27.579207,0 days 00:00:32.735684,0.027834792782289383,0.6996506203385242,8,0.2204327369029413,0.1588932778256592,0.0028664013047771317,0.09636659810413846,0.011578085587607725,0.015412916699338858,5.3612659370249814e-05,26,38,0.08371316544005594,0.12368828969403059,True,False,True,0.0005223713792487229,COMPLETE
1102,0.4751518964767456,2025-04-25 17:22:27.933845,2025-04-25 17:23:01.201722,0 days 00:00:33.267877,0.011505503650515498,0.6942894577998312,8,0.2091054856011574,0.16640061509709927,0.007301649897500429,0.09822942570709688,0.008186913776987641,0.013920436799310088,6.505665109420602e-05,26,45,0.08065371519756316,0.14098482094158468,True,False,True,0.0006628894103450708,COMPLETE
1103,0.46051336526870734,2025-04-25 17:23:01.552882,2025-04-25 17:23:34.495222,0 days 00:00:32.942340,0.013543493567299482,0.7013350115206526,8,0.2136198744288799,0.16778990501095223,0.007675275542865155,0.09561904832046543,0.008637180614033253,0.013194277961262402,5.764506587695058e-05,26,41,0.0805549153380692,0.14062383798522626,True,False,True,0.0005106973180188176,COMPLETE
1104,0.47463560104370117,2025-04-25 17:23:34.851626,2025-04-25 17:24:07.747715,0 days 00:00:32.896089,0.013169305244545501,0.6960067821448449,8,0.20946490344956542,0.16718154055917592,0.0051963053525216985,0.09823204976809269,0.010773869563057184,0.01649235903214548,6.553569592339019e-05,26,44,0.07883949938380472,0.1450955339735629,True,False,True,0.0005515868969657591,COMPLETE
1105,0.45511263608932495,2025-04-25 17:24:08.100864,2025-04-25 17:24:40.894676,0 days 00:00:32.793812,0.010053174838975736,0.7059204845951088,8,0.2184854406722326,0.1767310938820848,0.004902326993209567,0.09992101582108169,0.01189300623554963,0.018314447469817526,5.443897320000073e-05,26,41,0.07907604997850484,0.1296582617043774,True,False,True,0.0005281913940045701,COMPLETE
1106,0.3606166422367096,2025-04-25 17:24:41.249757,2025-04-25 17:25:13.174946,0 days 00:00:31.925189,0.013873160002841885,0.6958557291832838,8,0.21042278309082912,0.18051513941401937,0.004573554309295413,0.0982398112763045,0.011615507988390287,0.013285321001026938,6.614111872479085e-05,25,34,0.0777377629799405,0.14077008898563434,True,False,True,1.3343373688505488e-07,COMPLETE
1107,0.3631803631782532,2025-04-25 17:25:13.531544,2025-04-25 17:25:45.145125,0 days 00:00:31.613581,0.025961754475614697,0.703735006612114,8,0.21206419792694503,0.1725001049944871,0.0011402573131438472,0.09814440263712766,0.010508806411368235,0.013897662389250422,5.579462405002961e-05,26,39,0.08263940962923562,0.11806075594539991,False,False,True,0.0006589129746016193,COMPLETE
1108,0.43431358933448794,2025-04-25 17:25:45.505590,2025-04-25 17:26:18.234582,0 days 00:00:32.728992,0.014781067973322733,0.6915149676846176,8,0.23124278667411682,0.15767346604804103,0.006107386662956828,0.09825614990389488,0.008876413183105097,0.014841590493716313,0.0006460848858284694,26,36,0.07650152289209408,0.13388134689299244,True,False,True,0.0005210246229576859,COMPLETE
1109,0.42329817414283755,2025-04-25 17:26:18.593824,2025-04-25 17:26:52.114852,0 days 00:00:33.521028,0.028230735581682584,0.6876212238755472,8,0.208462944064161,0.1741983611557199,0.0033819045913996227,0.09651850568036253,0.011139707847963618,0.014506911442372783,0.00037963639632293056,26,45,0.07932461304138134,0.13684863694137064,True,False,True,0.0006669593581291982,COMPLETE
1110,0.44579162001609807,2025-04-25 17:26:52.456606,2025-04-25 17:27:25.370652,0 days 00:00:32.914046,0.011524023971851441,0.6982921425816696,8,0.22134058929172074,0.1656710293039701,0.007337645051522715,0.0999306685954075,0.008348096558037883,0.014968069796158032,6.582771353888254e-05,26,40,0.08490585813387617,0.12601851534760436,True,False,True,0.0006837304430475113,COMPLETE
1111,0.4689170360565186,2025-04-25 17:27:25.721868,2025-04-25 17:27:58.548392,0 days 00:00:32.826524,0.010194060198313816,0.6856929098662354,8,0.21705404753077787,0.1724944984779117,0.008198861092518593,0.09494792703885338,0.00966241262728141,0.014598721971480233,6.505249919325027e-05,26,43,0.07597178422269815,0.1451878408896147,True,False,True,0.0005345690184928073,COMPLETE
1112,0.45337712168693545,2025-04-25 17:27:58.903053,2025-04-25 17:28:30.987029,0 days 00:00:32.083976,0.03181989050699625,0.682846116291786,8,0.20860805790382245,0.1671792247206015,0.005115095939583272,0.09711496846746212,0.007118211708897346,0.016568678056620857,5.244584650521637e-05,25,43,0.08188076874809523,0.13039179302969936,True,False,True,0.0007646053189658839,COMPLETE
1113,0.3980166494846344,2025-04-25 17:28:31.343095,2025-04-25 17:29:03.906442,0 days 00:00:32.563347,0.03169910050416612,0.6793992979963508,8,0.22611522549083235,0.18418511286321243,0.0063043140608099275,0.09581398917254691,0.008568032850627703,0.014803221996896446,6.694460595162914e-05,25,45,0.07804496728001434,0.13861101495155706,True,True,True,0.0006475496285139776,COMPLETE
1114,0.34731473922729494,2025-04-25 17:29:04.262398,2025-04-25 17:29:37.347100,0 days 00:00:33.084702,0.03498061857166397,0.7064830888889723,8,0.20897613641548246,0.16436433989075847,0.0031575881870134943,0.09849371298649916,0.01172676349511536,0.01201725548359497,7.891383330677197e-05,26,45,0.0799383869964641,0.12385077649573295,True,False,True,0.0004876780235215468,COMPLETE
1115,0.46015698313713077,2025-04-25 17:29:37.701439,2025-04-25 17:30:10.557313,0 days 00:00:32.855874,0.035040871709380805,0.6953987803922725,8,0.21251858916834396,0.16584408543072376,0.008784668845908172,0.09428299374638716,0.006841251174959111,0.016041917995512245,5.493179719119191e-05,26,43,0.08284969826993625,0.14388155980673026,True,False,True,0.0007785349046250241,COMPLETE
1116,0.35241101384162904,2025-04-25 17:30:10.913106,2025-04-25 17:30:43.551549,0 days 00:00:32.638443,0.012960775990032605,0.6745700645202984,8,0.217669151023168,0.16471112538363455,0.007624053012430677,0.09980349335854322,0.010006016618881869,0.016514251384452863,6.16163891501645e-05,26,37,0.07757831344676502,0.11721272986263406,True,False,True,0.0005043400168187308,COMPLETE
1117,0.36860124468803407,2025-04-25 17:30:43.902903,2025-04-25 17:31:16.288109,0 days 00:00:32.385206,0.04039414843368315,0.7090731129298498,8,0.21290900024872716,0.15369137717275408,0.0030597340617704066,0.09673725192053456,0.007512707043964956,0.01786870970297364,7.835688047031605e-05,25,47,0.0745934406768402,0.13456945818472082,True,False,True,0.0006810084916069392,COMPLETE
1118,0.43925217986106874,2025-04-25 17:31:16.642684,2025-04-25 17:31:49.466898,0 days 00:00:32.824214,0.040707135564184996,0.6749022117938902,8,0.20803487921198,0.15897727762658248,0.005273906935000327,0.09256346951244983,0.00712485799060413,0.010406583823725364,6.867386731113725e-05,26,39,0.0846535473291102,0.15007542254305076,True,False,True,0.0007990058048248484,COMPLETE
1119,0.3524687111377716,2025-04-25 17:31:49.823214,2025-04-25 17:32:13.310813,0 days 00:00:23.487599,0.01027103574180546,0.7019324084957922,16,0.20559371466625148,0.17375749857924183,0.008796946777251135,0.09996368579080289,0.01040929159725956,0.013982401993869423,7.945075837243089e-05,26,25,0.08638027000818699,0.129156612621384,True,False,True,0.0006377967718462808,COMPLETE
1120,0.3501006960868836,2025-04-25 17:32:13.670799,2025-04-25 17:32:45.870983,0 days 00:00:32.200184,0.03289455690718594,0.6730540963928306,8,0.22121311384856795,0.17056900864627939,0.005908762579638599,0.09495992306567727,0.0066221899479090175,0.013457806226344685,5.6679770386859114e-05,25,46,0.08142628799949603,0.052076965588647425,True,False,True,0.0008065110056398208,COMPLETE
1121,0.3690988540649414,2025-04-25 17:32:46.231416,2025-04-25 17:33:19.537474,0 days 00:00:33.306058,0.040805725922889474,0.690847501852693,8,0.2043521995529352,0.16037447881807093,0.007609552329102071,0.09736332594129965,0.01243871467839438,0.01739742536442718,6.944396393378486e-05,26,43,0.07599843781713056,0.13993847981130336,True,False,True,7.937846494548294e-08,COMPLETE
1122,0.39062795042991644,2025-04-25 17:33:19.896576,2025-04-25 17:33:53.182554,0 days 00:00:33.285978,0.02660537181090027,0.6637464364420945,8,0.2159734198366381,0.1555605143415124,0.0010571819467032999,0.06595461993711371,0.008462870637252068,0.01574080409529589,0.01668060533060463,26,47,0.07927603110218354,0.1326983051709256,True,False,True,0.0005295418675460014,COMPLETE
1123,0.4652540266513825,2025-04-25 17:33:53.542507,2025-04-25 17:34:27.128041,0 days 00:00:33.585534,0.010495617289094455,0.7155668947282532,8,0.21132046839394303,0.15434790999817175,0.004249803832269287,0.09421445008254385,0.006354561305275713,0.01858419938398833,5.381617467292673e-05,26,46,0.09637382876075853,0.12252711473551252,True,False,True,0.0007963260042382549,COMPLETE
1124,0.44023093581199646,2025-04-25 17:34:27.491000,2025-04-25 17:34:59.737491,0 days 00:00:32.246491,0.04159196902959788,0.6834039239866257,8,0.20689955742784064,0.1797920624042459,0.009651268522229486,0.09800452925583648,0.008760845336756478,0.018511611064714932,8.071275989501063e-05,25,40,0.08057837492789933,0.14715724196972185,True,False,True,0.0006634504939918012,COMPLETE
1125,0.3526294887065888,2025-04-25 17:35:00.098660,2025-04-25 17:35:32.953762,0 days 00:00:32.855102,0.03882718136630969,0.6608139072125293,8,0.23100108640251216,0.1646776793182142,0.007106201530310263,0.09225005454804673,0.0062477754378739165,0.012746015597417108,8.960777761388349e-05,27,48,0.083541053993864,0.11578081585299776,False,False,True,0.0004981370751390221,COMPLETE
1126,0.36820780038833617,2025-04-25 17:35:33.299588,2025-04-25 17:36:06.327420,0 days 00:00:33.027832,0.05101857227042589,0.7038382154491419,8,0.20460310723524644,0.154550950651941,0.0031747740054416,0.09563605852457285,0.010489033735805422,0.014660193941556815,6.542756058774903e-05,26,44,0.07759166521434613,0.14085115445223675,True,False,True,0.0007870507553287673,COMPLETE
1127,0.47801168560981755,2025-04-25 17:36:06.681836,2025-04-25 17:36:40.779591,0 days 00:00:34.097755,0.02689228010795851,0.6755809519638705,8,0.2165184042015878,0.1593090247155268,0.010566539335964825,0.09683735053740054,0.006018934171284535,0.01879842871816673,7.811114899334014e-05,27,47,0.07533848642774058,0.15432950621563502,True,False,True,0.0006441846007120165,COMPLETE
1128,0.4456292390823365,2025-04-25 17:36:41.136670,2025-04-25 17:37:15.520731,0 days 00:00:34.384061,0.010714401033177251,0.6955025844203492,8,0.2067738643794514,0.19197955012259632,0.012038055147619587,0.09371026997781497,0.005511468871119685,0.01907870220168118,9.653576516524625e-05,27,49,0.07331678971143946,0.15485980898644064,True,False,True,0.0005408475299130216,COMPLETE
1129,0.372673237323761,2025-04-25 17:37:15.879163,2025-04-25 17:37:50.012424,0 days 00:00:34.133261,0.010579374499109388,0.6523737661916144,8,0.24120157030676787,0.1626693241218623,0.010421709424673298,0.09562668260519544,0.005852307308736104,0.01782733519059653,0.03819458005794824,27,48,0.07536395878069416,0.16077685844613773,True,False,True,2.2825447630033818e-05,COMPLETE
1130,0.4692191243171692,2025-04-25 17:37:50.375131,2025-04-25 17:38:24.355646,0 days 00:00:33.980515,0.04300025438747743,0.6767630849957865,8,0.21304264884509586,0.16025265926575444,0.00971126229773961,0.09049673857215909,0.007672773362877372,0.016941448610876476,8.084838899834488e-05,27,48,0.08743421193875957,0.15021269073189905,True,False,True,0.0008017481045886098,COMPLETE
1131,0.2899064838886261,2025-04-25 17:38:24.716178,2025-04-25 17:38:59.166987,0 days 00:00:34.450809,0.05440126600854015,0.6589209320717218,8,0.22585996418700366,0.1722434511092527,0.011762390906752261,0.09231260131431347,0.006129584590949987,0.01849155900418479,9.71948317036702e-05,27,49,0.09051215042914833,0.15471979736242025,True,True,True,0.0006238124495043774,COMPLETE
1132,0.3783965647220612,2025-04-25 17:38:59.528551,2025-04-25 17:39:33.342495,0 days 00:00:33.813944,0.045497965571434235,0.712849762970752,8,0.20836724274648277,0.15395871928481022,0.008257516026535423,0.09684361012355555,0.00796575461092403,0.019217757522021303,7.85863379478196e-05,27,43,0.0931423607995466,0.16278590401797613,True,False,True,0.0007876492447147042,COMPLETE
1133,0.47778611779212954,2025-04-25 17:39:33.700825,2025-04-25 17:40:07.378708,0 days 00:00:33.677883,0.030541131628170466,0.6860085228450645,8,0.20158250812728132,0.16060440944036786,0.01430534641847581,0.09401791770789654,0.005554313523719342,0.019892550185372667,9.533574761264159e-05,27,46,0.07498401531273122,0.14799048973465942,True,False,True,0.0005036102891864737,COMPLETE
1134,0.3661386489868164,2025-04-25 17:40:07.739905,2025-04-25 17:40:41.652221,0 days 00:00:33.912316,0.054711431446343134,0.7087298802922476,8,0.20215981939584463,0.16841949247043103,0.013306538134910135,0.09623883363623849,0.005029004272693152,0.01686966983082176,0.00010314210977076234,27,41,0.07542558252200011,0.1473316216888881,True,False,True,0.000482774099512098,COMPLETE
1135,0.3583785891532898,2025-04-25 17:40:42.014750,2025-04-25 17:41:15.102102,0 days 00:00:33.087352,0.010893494798168826,0.7170430129371953,8,0.20408175499744005,0.17567464854751003,0.015372091303917479,0.09490730686628741,0.008649394022246458,0.01919363622146533,0.0001261946414505438,26,45,0.0741973337195478,0.1522740882192705,True,False,True,0.0005026843244302225,COMPLETE
