number,value,datetime_start,datetime_complete,duration,params_alpha-eval,params_alpha-train,params_batch-size,params_eps-eval,params_eps-train,params_lambda-actions-eval,params_lambda-actions-train,params_lambda-frames-eval,params_lambda-frames-train,params_learning-rate,params_n-epochs,params_n-frames,params_radius-gw,params_rho,params_std-feats,params_ub-actions,params_ub-frames,params_weight-decay,state
1795,0.3478058755397797,2025-04-06 08:27:49.082836,2025-04-06 08:28:22.651772,0 days 00:00:33.568936,0.6515550177889555,0.05340243387053661,8,0.05312747812858169,0.18722294240296392,0.051825676544278124,0.06672859861862286,0.02124958725944699,0.013207163959734924,0.0004974138780488145,28,73,0.09698806110729911,0.17029597943824454,False,False,True,1.5830727173412337e-06,COMPLETE
1796,0.4879449963569641,2025-04-06 08:28:23.224569,2025-04-06 08:28:55.936918,0 days 00:00:32.712349,0.5873600636998513,0.07353846085313274,8,0.05903682114353556,0.05539879136174968,0.05384272489446043,0.0610103507910363,0.02471853040822938,0.011733907856024505,0.0006620146486690214,27,76,0.09525067427196665,0.1575703156963547,False,False,True,7.303979413359786e-07,COMPLETE
1797,0.4024357855319977,2025-04-06 08:28:56.529538,2025-04-06 08:29:30.260053,0 days 00:00:33.730515,0.6285993069688235,0.2797931698684505,8,0.051239472564787614,0.07553089308650945,0.053930227596475366,0.06324916088216032,0.02095794274332094,0.010086589753868594,0.000559849986406333,28,77,0.08949851551493314,0.16399664929900698,False,False,True,5.375879275542337e-07,COMPLETE
1798,0.28615721464157107,2025-04-06 08:29:30.859363,2025-04-06 08:30:02.641303,0 days 00:00:31.781940,0.6583968667924931,0.027990641876810024,8,0.04566969656558057,0.050047038542217835,0.020217754196873838,0.002855417239744527,0.0272176808952672,0.00724935909284244,0.00040327044237689386,26,69,0.09710291784538741,0.18071085996068176,False,True,True,1.3180027604247222e-06,COMPLETE
1799,0.36220035552978513,2025-04-06 08:30:03.217588,2025-04-06 08:30:37.486951,0 days 00:00:34.269363,0.6366093443641866,0.05136147227835457,8,0.03835737240373918,0.06602304530270574,0.04057287593162607,0.02146684608434199,0.02334361544985685,0.012363371440830828,9.32545381341764e-05,27,72,0.0932548033348942,0.21190684993072786,True,False,True,8.117423236103285e-07,COMPLETE
1800,0.3647332012653351,2025-04-06 08:30:38.085639,2025-04-06 08:31:11.619493,0 days 00:00:33.533854,0.6637377780160352,0.6534261178511778,8,0.05758232819548935,0.08620910200589058,0.05160511217371056,0.01250144115324455,0.020600369248665117,0.010527767623094141,0.0006181166795470172,28,79,0.09807482647490787,0.1758829819387079,False,False,True,6.322144285631077e-07,COMPLETE
1801,0.48625652790069585,2025-04-06 08:31:12.199748,2025-04-06 08:31:46.152960,0 days 00:00:33.953212,0.6119096587055345,0.08020975960399869,8,0.0598043120605461,0.08086879690396288,0.03804040352522486,0.061201253003367845,0.021861096833747408,0.008642977896881057,0.0007246491239449339,29,74,0.09552362206060384,0.18333877451150302,False,False,True,9.988817755058738e-07,COMPLETE
1802,0.490622627735138,2025-04-06 08:31:46.751901,2025-04-06 08:32:19.080728,0 days 00:00:32.328827,0.6652711027302313,0.039872890769096725,8,0.05472060132227924,0.060150110750090656,0.04257766681995751,0.0655488846656524,0.023393716973031553,0.01321360402519846,0.0005098357610010658,26,91,0.0912749978908704,0.206136832590519,False,False,True,1.5208778018841637e-06,COMPLETE
1803,0.43425889611244206,2025-04-06 08:32:19.659356,2025-04-06 08:33:49.831831,0 days 00:01:30.172475,0.8482214071664329,0.06422324905944116,2,0.047357871743388874,0.06936303607757646,0.05013998673049145,0.06712466077664601,0.020258555067648433,0.006967214644484921,0.0007219224125718104,27,77,0.09998724253116412,0.15234561220782833,False,False,True,4.936338428939976e-07,COMPLETE
1804,0.38853560090065004,2025-04-06 08:33:50.405014,2025-04-06 08:34:24.846881,0 days 00:00:34.441867,0.655793643239931,0.010222817761112488,8,0.0622110888922804,0.06306603481228525,0.049175730534475985,0.06913206402492093,0.027617934896152125,0.003599980811929697,0.0006309211573947349,28,93,0.09820647940697701,0.1971838759820946,False,False,True,1.1936392224808476e-06,COMPLETE
1805,0.48132549524307255,2025-04-06 08:34:25.441472,2025-04-06 08:34:56.766635,0 days 00:00:31.325163,0.6386401122264871,0.09047375103102881,8,0.05609854663637846,0.07616378832021836,0.04621408367875954,0.014181603599492394,0.020063242860517017,0.01331015340638119,0.0007700152092174313,25,80,0.08595307838331893,0.2159834436097613,False,False,True,9.027115119492011e-07,COMPLETE
1806,0.359015291929245,2025-04-06 08:34:57.339989,2025-04-06 08:35:29.752807,0 days 00:00:32.412818,0.6719730740542581,0.0544837371177445,8,0.13701624369889168,0.07116673540904826,0.044903217044863046,0.063528473795291,0.018985883632935647,0.056558790117787916,0.0004376982887311731,27,65,0.09410498484965049,0.18494712261652382,False,False,True,6.734105153763683e-07,COMPLETE
1807,0.3968148648738861,2025-04-06 08:35:30.346579,2025-04-06 08:36:02.243725,0 days 00:00:31.897146,0.6780904311644249,0.07808599138626766,8,0.05033973556494356,0.05619628903262021,0.04776295977787565,0.06087534882420494,0.026185705345988436,0.009289455632952399,0.0002949355633461517,26,70,0.09662116633587634,0.1689986986358858,False,False,True,1.3005357381506034e-06,COMPLETE
1808,0.4890545725822449,2025-04-06 08:36:02.845472,2025-04-06 08:36:35.869477,0 days 00:00:33.024005,0.6462215488244881,0.03793330436730244,8,0.06169061171199279,0.0663485122036239,0.05420898351837014,0.07549732530787036,0.02373591809749275,0.005080768002488379,0.0005104976140536946,27,82,0.09809605116839955,0.1914864606720848,False,False,True,4.0423991141065403e-07,COMPLETE
1809,0.350023639202118,2025-04-06 08:36:36.453031,2025-04-06 08:37:14.135994,0 days 00:00:37.682963,0.677662748373056,0.06859890024886064,8,0.04094190169645732,0.07792109711913431,0.049907056463749794,0.033514078032320635,0.02244426395712756,0.011604914691630339,0.000664741495152515,28,75,0.09506478284714932,0.20209710017465626,False,False,False,1.7433565212909355e-06,COMPLETE
1810,0.4852112412452698,2025-04-06 08:37:14.733809,2025-04-06 08:37:49.451524,0 days 00:00:34.717715,0.6088656284108934,0.08869015176723342,8,0.06312041098830501,0.05963408236503575,0.04806183677501523,0.06393645465824098,0.009971250858651543,0.014049580368410707,0.000783648055921347,29,89,0.09231913661883545,0.1777977887917168,False,False,True,8.014541937203001e-07,COMPLETE
1811,0.3813081443309784,2025-04-06 08:37:50.033291,2025-04-06 08:38:13.845635,0 days 00:00:23.812344,0.34606200355978145,0.026849764378976626,16,0.0557126772820296,0.07104868063237485,0.05626685849158162,0.06563834412118631,0.019502454549525677,0.07125933068950328,0.0005738782046365313,27,79,0.09680464035843966,0.19492223065117983,False,False,True,5.448255736305484e-07,COMPLETE
1812,0.3584929943084717,2025-04-06 08:38:14.458603,2025-04-06 08:38:51.010203,0 days 00:00:36.551600,0.6528026279497771,0.052321226966959594,8,0.04806191211228724,0.12412006969623186,0.018643020981150678,0.061974543170757006,0.021876608138357734,0.008901149948347556,0.0008099314940064461,30,134,0.0983624636534499,0.18366159223903916,False,False,True,1.0377308027247715e-06,COMPLETE
1813,0.48970137834548955,2025-04-06 08:38:51.597099,2025-04-06 08:39:24.055260,0 days 00:00:32.458161,0.620613735179714,0.06829267819160453,8,0.06466140489161298,0.05134842917886515,0.05540839072211176,0.06817299651355001,0.028600298867141064,0.0061956590147395196,0.0006549548277757955,26,84,0.09543953668687205,0.17190446728238948,False,False,True,1.5101655355221653e-06,COMPLETE
1814,0.3784092664718628,2025-04-06 08:39:24.660389,2025-04-06 08:39:58.299061,0 days 00:00:33.638672,0.6798688080232109,0.039843046211900955,8,0.05728155399775442,0.08337456862121084,0.04419056384250347,0.059705112788470356,0.058981266667531666,0.010760748510984667,0.0004334902961811491,28,77,0.09815569337287214,0.20489030404654174,False,False,True,6.715363362381985e-07,COMPLETE
1815,0.35082243084907533,2025-04-06 08:39:58.878910,2025-04-06 08:41:28.082821,0 days 00:01:29.203911,0.6366069577657939,0.0950528589823477,2,0.06474571540265282,0.20672880514856115,0.05135173805521861,0.07337269756845659,0.043351720132500625,0.014749959097743659,0.0005264213495938569,27,72,0.09314304139744312,0.18728067774412313,False,False,True,8.955889966027196e-07,COMPLETE
1816,0.48805215358734133,2025-04-06 08:41:28.661302,2025-04-06 08:42:02.616754,0 days 00:00:33.955452,0.6647547790099969,0.07990286267051065,8,0.052043353223714436,0.06458717918650977,0.01724389037347756,0.044565431916554904,0.01878790540430149,0.012328632921277812,0.0008458170237065508,28,81,0.09624809147030694,0.1631241827449562,False,False,True,4.427220486124225e-07,COMPLETE
1817,0.48694421052932746,2025-04-06 08:42:03.214500,2025-04-06 08:42:35.038685,0 days 00:00:31.824185,0.6882203276654644,0.051478300454832274,8,0.059493904115589046,0.07410294069592821,0.04331273681302546,0.06296561784317418,0.025033045200883237,0.008009980629755735,0.000734145191462093,26,75,0.09672561365974316,0.1962698099278459,False,False,True,1.111283654113559e-06,COMPLETE
1818,0.28615721464157107,2025-04-06 08:42:35.644019,2025-04-06 08:43:10.553339,0 days 00:00:34.909320,0.5907845795087756,0.42546443755474683,8,0.044286396059323836,0.058661060189785744,0.04082614707564037,0.011715710677681642,0.02143646621479036,0.08544923053003238,0.0005919309722886761,27,87,0.0944692766604828,0.17768325357899456,True,True,True,1.8705488390890985e-06,COMPLETE
1819,0.3514897167682648,2025-04-06 08:43:11.138157,2025-04-06 08:43:45.098671,0 days 00:00:33.960514,0.661098835091379,0.024254038630807176,8,0.06860436280551574,0.2449936666959743,0.048980395813803354,0.053390772051588285,0.014631009544587348,0.013854976742885942,0.00033827089995676856,28,79,0.09798507914719176,0.2087007520989001,False,False,True,5.775523869254451e-07,COMPLETE
1820,0.44060634374618535,2025-04-06 08:43:45.703488,2025-04-06 08:44:20.278479,0 days 00:00:34.574991,0.6946488145879429,0.06250850549280779,8,0.055049198749417376,0.0918980574071006,0.03828889903980624,0.06524436800672118,0.017858562301961874,0.005842853417408717,0.0008975462673294768,29,83,0.09996140617552961,0.10348258741618072,False,False,True,7.385043787987335e-07,COMPLETE
1821,0.48363955616950993,2025-04-06 08:44:20.863424,2025-04-06 08:44:52.909553,0 days 00:00:32.046129,0.6413352742963717,0.09387824637629069,8,0.036240131747627295,0.06791099609476015,0.026828008074019454,0.07177685387714548,0.02090435521312687,0.010917917328540333,0.0006851409093496696,26,85,0.09057001832994536,0.1900371213051363,False,False,True,1.3419519532575528e-06,COMPLETE
1822,0.48766183853149414,2025-04-06 08:44:53.517868,2025-04-06 08:45:26.712384,0 days 00:00:33.194516,0.6750803461763855,0.10739591425674533,8,0.06231220085428661,0.07892893780309365,0.047611180040764006,0.06038367820321496,0.01927596323727338,0.0034890258848603597,0.0008870204075907857,27,93,0.09536043180448216,0.20024576706473618,False,False,True,9.233389705755347e-07,COMPLETE
1823,0.4858062863349915,2025-04-06 08:45:27.297847,2025-04-06 08:46:01.085705,0 days 00:00:33.787858,0.6900438047194175,0.039736461490034417,8,0.06819740429559076,0.04182722231624527,0.058400229767050484,0.01359963554104409,0.024227225392293553,0.015187243939109807,0.0005318918245175369,28,81,0.09995195545251567,0.21877020537489186,False,False,True,2.3834195327780083e-06,COMPLETE
1824,0.4875812888145447,2025-04-06 08:46:01.665914,2025-04-06 08:46:34.285124,0 days 00:00:32.619210,0.6271749443805562,0.07357592104980776,8,0.05260194401708403,0.06343188912711914,0.05129183420922907,0.00958583725243948,0.016873204857384347,0.008929765803163826,0.0007497337826708728,27,74,0.09821182256627475,0.18352931777805853,False,False,True,1.6907662018678419e-06,COMPLETE
1825,0.48948657512664795,2025-04-06 08:46:34.896448,2025-04-06 08:47:07.417101,0 days 00:00:32.520653,0.6662476525931117,0.054653618088568556,8,0.05983801530053119,0.04773636751144522,0.0574399136714079,0.06732049796109177,0.012188649459648631,0.012156463225929193,0.0006267496599978857,26,89,0.09318174477156346,0.19460294845779127,False,False,True,4.0711880675257275e-07,COMPLETE
1826,0.3967049717903137,2025-04-06 08:47:08.022381,2025-04-06 08:47:39.659988,0 days 00:00:31.637607,0.6482804385770031,0.010187046449388282,8,0.047399145393293686,0.0718211443424761,0.021288216535983548,0.015643137962364433,0.014672972609702609,0.014854044294406173,0.00043235671889951154,25,68,0.09998144508699926,0.1723179001380359,False,False,True,6.489227907312075e-07,COMPLETE
1827,0.42506470084190373,2025-04-06 08:47:40.249919,2025-04-06 08:48:13.289147,0 days 00:00:33.039228,0.2642020271854863,0.07626715826427652,8,0.07011244959145041,0.05523163860379346,0.05311371207693854,0.06183286404272959,0.022788203107638492,0.0027802404700410276,0.0009363912829533192,27,76,0.0824822147914101,0.15684744353884492,False,False,True,1.1157514716108291e-06,COMPLETE
1828,0.36748540997505186,2025-04-06 08:48:13.867970,2025-04-06 08:49:30.085639,0 days 00:01:16.217669,0.6896791600208922,0.03485123665384603,2,0.0634440007142546,0.08280004320544722,0.018902693004549723,0.023035040987738474,0.015946172260193778,0.007236415064853905,0.0007823170716378853,18,78,0.06126236914820253,0.19000643530863312,False,False,False,7.737343987237564e-07,COMPLETE
1829,0.3548022449016571,2025-04-06 08:49:30.692590,2025-04-06 08:50:05.215360,0 days 00:00:34.522770,0.7080105560273892,0.1081523496104251,8,0.058482682744859765,0.25907823272115765,0.0444723316020194,0.03491954908348285,0.01899707095555318,0.010246922013847828,0.0005309906776561534,29,71,0.09669649585682204,0.17952279088166972,False,False,True,5.487891760740053e-07,COMPLETE
1830,0.3560921132564545,2025-04-06 08:50:05.827890,2025-04-06 08:50:39.501930,0 days 00:00:33.674040,0.6705753804790917,0.05474312282504352,8,0.16681467280106924,0.11050533810698891,0.015585284193803926,0.017776779209173577,0.02654616206704736,0.013913293779821551,0.0006568812614992859,28,81,0.09664990679046265,0.19955630242580102,False,False,True,1.4821787582541929e-06,COMPLETE
1831,0.48761036396026614,2025-04-06 08:50:40.090745,2025-04-06 08:51:12.295120,0 days 00:00:32.204375,0.6554714359669457,0.08490657197873841,8,0.051184953864227715,0.0658855195790612,0.02468498699305657,0.0596292317986817,0.020907290350400693,0.005426017052106982,0.0008684587164085053,26,87,0.09469859689360752,0.20676997115121412,False,False,True,2.0823349712261585e-06,COMPLETE
1832,0.356267249584198,2025-04-06 08:51:12.912244,2025-04-06 08:51:46.367831,0 days 00:00:33.455587,0.6927816347544716,0.06384345542549336,8,0.07464917592131794,0.07621726066199375,0.01694950004749626,0.06446082925854073,0.017545016191894823,0.0644709885208628,0.0009671855698861706,28,84,0.09830571106551592,0.1856726110211113,False,False,True,9.351254814984298e-07,COMPLETE
1833,0.4819977760314942,2025-04-06 08:51:46.958763,2025-04-06 08:52:18.374258,0 days 00:00:31.415495,0.6317023936575892,0.124270825953367,8,0.041189296634885186,0.05969793888029018,0.028438407564565085,0.05631168874253542,0.012841932021766063,0.01219098474589623,0.0007617444662812256,25,78,0.09997082648033237,0.19365878943350404,False,False,True,1.2849566012060532e-06,COMPLETE
1834,0.3887650787830353,2025-04-06 08:52:18.986745,2025-04-06 08:52:42.645194,0 days 00:00:23.658449,0.7147398932423791,0.030278147821177763,16,0.06600492303678282,0.07020859508356786,0.020524592369899106,0.06998514713641288,0.010388515602401144,0.016265110297837185,0.00044878669595589416,27,74,0.09322363215109747,0.21437735818333942,False,False,True,2.9817773420082884e-06,COMPLETE
1835,0.4336976766586304,2025-04-06 08:52:43.231545,2025-04-06 08:53:16.001907,0 days 00:00:32.770362,0.7718220450741127,0.08767331802901937,8,0.05986969159186978,0.08599519244212872,0.01360765256788789,0.06278953366923497,0.02881495252334268,0.008699544762964403,0.000654878180009593,27,81,0.09687730086256753,0.16786296239330048,False,False,True,4.4756347925767307e-07,COMPLETE
1836,0.373956161737442,2025-04-06 08:53:16.617877,2025-04-06 08:53:50.019740,0 days 00:00:33.401863,0.6762026470694892,0.050050125894848446,8,0.06955195970932639,0.06431063720994404,0.02310897112608426,0.053499456985507725,0.08725805839636291,0.01113491270562008,0.0005768456684892772,28,61,0.09820606801427559,0.20174457127333384,False,True,True,7.600021755320198e-07,COMPLETE
1837,0.35968766808509833,2025-04-06 08:53:50.606366,2025-04-06 08:54:24.586992,0 days 00:00:33.980626,0.6984307529670822,0.06901982117573774,8,0.05233827798193741,0.0519113852635375,0.016890360302861042,0.06663943193329007,0.023636303375648045,0.0010408168073537108,0.0010317583179709595,26,84,0.09486445194433367,0.18051997174398376,True,False,True,1.0865243601006355e-06,COMPLETE
1838,0.3927226126194,2025-04-06 08:54:25.191685,2025-04-06 08:54:58.141599,0 days 00:00:32.949914,0.6129406379365799,0.10792099389770259,8,0.05574447237851677,0.07719583435910465,0.018842530210215078,0.0034624288549831702,0.020102407959204628,0.01356888006958124,0.0003842185159589347,27,90,0.09679879212138183,0.18779459945583635,False,False,True,3.4161432580623086e-07,COMPLETE
1839,0.4470434367656708,2025-04-06 08:54:58.730870,2025-04-06 08:55:32.711042,0 days 00:00:33.980172,0.653744496848075,0.025879800179155806,8,0.07553412518588057,0.07095208042981177,0.013302035886884956,0.05810063325216514,0.015824694849507798,0.015463900947530947,0.000785528675312587,29,66,0.09138440287018333,0.19698074975072366,False,False,True,4.062694124979145e-06,COMPLETE
1840,0.477193558216095,2025-04-06 08:55:33.321367,2025-04-06 08:57:06.759054,0 days 00:01:33.437687,0.7469621256723167,0.08825211542767952,2,0.02554253821985197,0.05893661417423557,0.015546737066512063,0.06150430748691477,0.025175692516442402,0.007282403083156793,0.0009323203212251236,28,76,0.09815784945595708,0.17336407649105706,False,False,True,5.601535198246793e-07,COMPLETE
1841,0.48902640342712406,2025-04-06 08:57:07.369604,2025-04-06 08:57:42.192918,0 days 00:00:34.823314,0.715472339965748,0.04373329666647877,8,0.04676871818101398,0.06765281064627629,0.020709329059272134,0.00969245776279883,0.01831160256793847,0.00499609216249155,0.0004930248823811741,30,79,0.0951108868983849,0.19115469558013762,False,False,True,7.770782215705302e-08,COMPLETE
1842,0.4896487593650818,2025-04-06 08:57:42.787268,2025-04-06 08:58:15.371372,0 days 00:00:32.584104,0.6713837277993245,0.06524096682789049,8,0.06567785547927804,0.0772075889798422,0.05258345917686208,0.059841662446407526,0.021583877873372993,0.009763540434528331,0.0006826589200986344,27,71,0.0999813303031188,0.20930597728942138,False,False,True,1.7426736871030435e-06,COMPLETE
1843,0.39584931135177615,2025-04-06 08:58:15.981909,2025-04-06 08:58:47.252384,0 days 00:00:31.270475,0.688852973370359,0.08164265871734604,8,0.03255628845086656,0.06243287068571998,0.01823944740057057,0.001056901506389829,0.01454667242437037,0.01645996601850776,0.00058604477303057,26,40,0.0932344174975255,0.1826556692422867,False,False,True,2.673915136265189e-06,COMPLETE
1844,0.40466998815536503,2025-04-06 08:58:47.851297,2025-04-06 08:59:20.783388,0 days 00:00:32.932091,0.6422153286513099,0.04909244974148916,8,0.06016109861594782,0.09538803515997839,0.013448512496982038,0.06428132936014862,0.016415234909308796,0.013554889725799981,0.0008270358066299165,27,87,0.09655381644745177,0.20328035338537417,False,False,True,8.709478917261154e-07,COMPLETE
1845,0.35986262559890747,2025-04-06 08:59:21.396176,2025-04-06 08:59:59.453298,0 days 00:00:38.057122,0.7258487976650719,0.0978559306124837,8,0.2399842413804166,0.07239064982856888,0.026117565398809838,0.006996219052236411,0.018931313616043416,0.01024324199757872,0.001073974619995885,28,83,0.04186913272357222,0.1633981387383338,False,False,False,1.3113058072942805e-06,COMPLETE
1846,0.4854682683944702,2025-04-06 09:00:00.042740,2025-04-06 09:00:32.219997,0 days 00:00:32.177257,0.678532385096316,0.07113896322654878,8,0.07057832644582007,0.05464089309952572,0.022878277031295056,0.012923190799298387,0.013965251973541225,0.012125509745784429,0.0006633845734831721,26,80,0.09823408562618015,0.193588188634864,False,False,True,6.359315054482997e-07,COMPLETE
1847,0.475452995300293,2025-04-06 09:00:32.833658,2025-04-06 09:01:06.957208,0 days 00:00:34.123550,0.49138266867889013,0.13239487020180163,8,0.05556957378263783,0.08113963712103386,0.016771574728018625,0.05553439964939944,0.021126058238484458,0.006702932234994014,0.000795529769860678,29,77,0.09998464257169073,0.17537502765816823,False,False,True,2.1221262781042306e-06,COMPLETE
1848,0.38467517495155334,2025-04-06 09:01:07.553002,2025-04-06 09:01:38.994229,0 days 00:00:31.441227,0.7066653738146322,0.023746967952631967,8,0.06457623256211124,0.06704186749081618,0.04690932964073843,0.06820421057403854,0.0227425383838423,0.015650459163345575,0.00047787933562257163,25,74,0.09576578133619613,0.18831675430289263,False,False,True,1.0055832256134064e-06,COMPLETE
1849,0.48392218947410587,2025-04-06 09:01:39.613568,2025-04-06 09:02:13.919352,0 days 00:00:34.305784,0.6591391126414314,0.05568336023499117,8,0.04550117036757177,0.04777775368802653,0.0200773128195951,0.06580202546746873,0.027520800850420066,0.003930582005688534,0.0010095479963228896,28,93,0.09823240966993319,0.19919707024733213,False,False,True,4.709684811537039e-07,COMPLETE
1850,0.3697282791137696,2025-04-06 09:02:14.513929,2025-04-06 09:02:48.465212,0 days 00:00:33.951283,0.6226435686403806,0.04015392559943039,8,0.07703678467252631,0.06115176324149445,0.015367879422396792,0.019274709286325402,0.08216496826428545,0.01749265183450226,0.000559284217196746,27,141,0.09393155318029917,0.22655542993211747,False,False,True,1.5188117459212907e-06,COMPLETE
