number,value,datetime_start,datetime_complete,duration,params_alpha-eval,params_alpha-train,params_batch-size,params_eps-eval,params_eps-train,params_lambda-actions-eval,params_lambda-actions-train,params_lambda-frames-eval,params_lambda-frames-train,params_learning-rate,params_n-epochs,params_n-frames,params_radius-gw,params_rho,params_std-feats,params_ub-actions,params_ub-frames,params_weight-decay,state
1248,0.3329367160797119,2025-04-25 18:41:50.439879,2025-04-25 18:42:21.373346,0 days 00:00:30.933467,0.046942405533608754,0.7123172710498494,8,0.20976359922014132,0.156859955487219,0.008433116995780959,0.0952758075418951,0.005455193218550542,0.010867809301974014,0.00033842046382793795,25,20,0.0764622980408991,0.17790477934633805,True,False,True,0.0003442832039834856,COMPLETE
1249,0.43677463531494143,2025-04-25 18:42:21.772020,2025-04-25 18:42:55.131162,0 days 00:00:33.359142,0.03956814504906157,0.6947376742007393,8,0.20245397890538533,0.14885560048995986,0.007102461657593612,0.09806650882125593,0.0095071243125283,0.016171849422566057,0.00021628055886454658,26,44,0.08022432829780621,0.14709082787767214,True,False,True,0.0003933832343378881,COMPLETE
1250,0.47361757755279543,2025-04-25 18:42:55.528369,2025-04-25 18:43:28.628726,0 days 00:00:33.100357,0.0302008991064763,0.6837754305160626,8,0.21446716963978213,0.16415059309616614,0.09938413763614518,0.0930839964865442,0.006541513993005272,0.013042075578103577,0.00027103992593801777,26,47,0.08429360646711288,0.1523716260543025,True,False,True,0.0005031950297583188,COMPLETE
1251,0.3476759135723114,2025-04-25 18:43:29.025020,2025-04-25 18:44:01.449468,0 days 00:00:32.424448,0.02502743641978998,0.7072947367702048,8,0.21407524513634144,0.1655678283103617,0.009250628591674907,0.09670424621144331,0.007276411134740827,0.011614881050263275,0.00028881498108182914,25,42,0.07824044916611754,0.1668791472622288,True,False,True,0.0003409042440445827,COMPLETE
1252,0.45476405620574956,2025-04-25 18:44:01.846038,2025-04-25 18:44:33.610313,0 days 00:00:31.764275,0.026682036441140432,0.6859755844485332,8,0.2257778158755776,0.17460215690831815,0.00887075437711747,0.09417307729199795,0.009498916493941724,0.009451967118743593,0.00026533094582333007,25,39,0.0814687992035884,0.15851240522608012,True,False,True,0.00045664811517708893,COMPLETE
1253,0.35177681446075443,2025-04-25 18:44:34.007851,2025-04-25 18:45:07.043527,0 days 00:00:33.035676,0.026569972296886804,0.7346432827229055,8,0.21749147100426366,0.15903275960906946,0.01104427404074829,0.09811979525840633,0.007106488804946746,0.013686686369688048,0.0003459331670007331,26,46,0.07558399406216774,0.17254273424365796,True,False,True,1.547376184420747e-08,COMPLETE
1254,0.4565949678421021,2025-04-25 18:45:07.442675,2025-04-25 18:45:40.895384,0 days 00:00:33.452709,0.026199753066372598,0.7166150698652681,8,0.21053778690704003,0.18052600253028026,0.08956740759596814,0.09549915470989385,0.0054376780716827115,0.013129831118334913,0.00024343838864294704,26,47,0.08312426853534571,0.1532027041703555,True,False,True,0.00047396944250684006,COMPLETE
1255,0.46517352461814887,2025-04-25 18:45:41.316794,2025-04-25 18:46:13.747295,0 days 00:00:32.430501,0.011675473808224314,0.6862320629695913,8,0.23359310406402994,0.16607079985880735,0.07627741544329729,0.09999963251458602,0.009173488687216425,0.016062287223124506,0.0001859878544563229,25,43,0.07954961639787773,0.16254898397311482,True,False,True,0.0003184579835948793,COMPLETE
1256,0.3646032273769379,2025-04-25 18:46:14.152386,2025-04-25 18:46:45.753986,0 days 00:00:31.601600,0.010130639892427622,0.699146410925174,8,0.22041307010911007,0.15958015580193138,0.08215731432471574,0.096765310302582,0.006552448132377208,0.01040664025984964,0.00030557733740406044,26,17,0.07730408668888539,0.14489305942464267,True,False,True,0.0005115730065186412,COMPLETE
1257,0.36198605298995973,2025-04-25 18:46:46.156978,2025-04-25 18:47:19.274217,0 days 00:00:33.117239,0.04822542550206602,0.7297573453102773,8,0.20703447126423735,0.1690026476556528,0.006947391627503819,0.09371366258105955,0.003992945752021794,0.012230083732848358,0.0003478362752174355,26,45,0.0812632233613421,0.15336950970529553,True,False,True,0.0003981401875492393,COMPLETE
1258,0.47222363352775576,2025-04-25 18:47:19.681119,2025-04-25 18:47:44.996654,0 days 00:00:25.315535,0.046456061199086914,0.6837073669832222,8,0.2009508309199933,0.1555491342463552,0.013567633832811812,0.09827052066441394,0.0010115350695919093,0.01490626158210716,0.0002313903811688231,15,51,0.08670203024833477,0.14282229869104154,True,False,True,0.0005181269883101584,COMPLETE
1259,0.3510423600673676,2025-04-25 18:47:45.398158,2025-04-25 18:48:10.292368,0 days 00:00:24.894210,0.010644196731127223,0.06629111383589337,8,0.1988083177827303,0.15234614504012997,0.015553646551224645,0.09824316129907089,0.0013538508715833803,0.006502523066284609,0.0004164562471882168,16,47,0.08582982556928996,0.14303777821054098,False,False,True,0.0005530564283235304,COMPLETE
1260,0.4366215348243714,2025-04-25 18:48:10.698299,2025-04-25 18:48:43.483484,0 days 00:00:32.785185,0.040856425505062785,0.6831456505341779,8,0.20079690227718924,0.15362048901931538,0.013591890927744854,0.0983313096485894,0.002394920633490901,0.017659576252427815,0.00029518476378605934,26,39,0.08877780083630117,0.14332555357320473,True,False,True,0.0005276095979939933,COMPLETE
1261,0.45814704298973086,2025-04-25 18:48:43.889543,2025-04-25 18:49:17.489281,0 days 00:00:33.599738,0.028376718412815995,0.6814765788992307,8,0.2053404250012388,0.14863719978413478,0.01722054910740539,0.0978916728858344,0.003826829756468848,0.015333559312122698,0.0002519700285175595,27,42,0.08648757243326899,0.14798060106679317,True,False,True,1.8583940326258678e-06,COMPLETE
1262,0.44080693125724796,2025-04-25 18:49:17.893479,2025-04-25 18:49:45.224117,0 days 00:00:27.330638,0.04228010295966305,0.6830781459724814,8,0.19994119857043022,0.1555614101095978,0.013550984300454792,0.09661745745117098,0.001266062738277829,0.01740615264886513,0.000410888750259135,15,98,0.07481633904082086,0.13799580878437398,True,False,True,0.0006770699322424631,COMPLETE
1263,0.46242340803146365,2025-04-25 18:49:45.627750,2025-04-25 18:50:09.975276,0 days 00:00:24.347526,0.029561150909935836,0.6782651908678031,8,0.21226289175723898,0.1562124917107301,0.015373964150454202,0.09871748569965998,0.0011117652802545995,0.008730903364512103,0.00024387343140556917,14,47,0.08857010093219198,0.14274638868869466,True,False,True,0.0005892431824747347,COMPLETE
1264,0.4371019721031189,2025-04-25 18:50:10.380336,2025-04-25 18:50:36.024815,0 days 00:00:25.644479,0.011179644880652824,0.6952238443857239,8,0.2068978929693585,0.1607170274476845,0.07976901801070758,0.09648138455756898,0.004018409384124186,0.01424259378418005,0.0003545665990701827,16,44,0.07702167072975152,0.1353655327224096,True,False,True,0.000730425410045534,COMPLETE
1265,0.28615721464157107,2025-04-25 18:50:36.433774,2025-04-25 18:51:01.764654,0 days 00:00:25.330880,0.04748706293855616,0.6828374254439011,16,0.2003946990710715,0.14953750157922793,0.0111672224533901,0.09882242464210414,0.002883545647210768,0.012436163381128984,0.0002857356516452603,26,51,0.07935755519599456,0.15084524278173783,True,True,True,0.000501268200857846,COMPLETE
1266,0.4720487236976624,2025-04-25 18:51:02.168510,2025-04-25 18:51:25.414727,0 days 00:00:23.246217,0.06495503971143145,0.6986285562442845,8,0.21354589351868883,0.16094790541271137,0.013077716162528768,0.09985765791360407,0.0044998768188307964,0.01741580865014577,0.0005695661745480455,12,48,0.0845973972816125,0.14624270324447886,True,False,True,0.0006805831128074996,COMPLETE
1267,0.47211706042289736,2025-04-25 18:51:25.814836,2025-04-25 18:51:48.838283,0 days 00:00:23.023447,0.07311807036582957,0.7078708856026624,8,0.21492653474937118,0.1636750492915916,0.014087829778124221,0.09993932148448523,0.0011538014618244128,0.01628761312941749,0.0007371812506005157,12,49,0.08714874723688927,0.14859348840550668,True,False,True,0.0004141834362934038,COMPLETE
1268,0.4625250220298768,2025-04-25 18:51:49.240876,2025-04-25 18:52:15.278699,0 days 00:00:26.037823,0.06915575986674712,0.7127931338089006,8,0.21711187709534804,0.1767370056504104,0.09179577945808719,0.09911974123879806,0.0012135550189155645,0.018350513587002595,0.0008147682671483914,16,50,0.08477666131249086,0.14792396602378408,True,False,True,0.0003874079373064805,COMPLETE
1269,0.4296938300132752,2025-04-25 18:52:15.681670,2025-04-25 18:52:39.636538,0 days 00:00:23.954868,0.07512030437381005,0.7498990567073632,8,0.20479769040265133,0.17196017011092793,0.01750547941143038,0.099647042927671,0.0011115117268516665,0.0182877480488435,0.00111293549652238,13,52,0.08613679002301303,0.14339500189737767,True,False,True,0.0002961222198698943,COMPLETE
1270,0.36134055256843567,2025-04-25 18:52:40.040769,2025-04-25 18:53:02.333269,0 days 00:00:22.292500,0.07907536111921258,0.7208166179321749,8,0.212487683662109,0.16562967197168652,0.01536151323844731,0.09987002180488509,0.004168423046319789,0.017092438731333207,0.0005492160676679359,11,52,0.07523159928873663,0.1500709015617974,True,False,True,0.00037912940662045564,COMPLETE
1271,0.4655595123767853,2025-04-25 18:53:02.754037,2025-04-25 18:53:25.542797,0 days 00:00:22.788760,0.07517194815369369,0.6773489072558642,8,0.19983497630772656,0.16276177407054207,0.014236723520659716,0.09864027281441543,0.001135329384580606,0.016632270772677916,0.0004851717832719304,12,48,0.08907416138157823,0.14293424458125548,True,False,True,0.0004456293283712938,COMPLETE
1272,0.3072965145111084,2025-04-25 18:53:25.952960,2025-04-25 18:53:49.684235,0 days 00:00:23.731275,0.8567285789737811,0.7073839323539965,8,0.21996744663714513,0.1694949189107197,0.01690199805902822,0.09736635561412409,0.004188126918626659,0.018475325223134737,0.00053240102077654,13,52,0.0847953356923175,0.13871152269102996,True,False,True,0.0004301875101383667,COMPLETE
1273,0.46679074764251716,2025-04-25 18:53:50.092270,2025-04-25 18:54:13.015718,0 days 00:00:22.923448,0.07606263503629324,0.6800992857838944,8,0.2054408275603718,0.16285718683531147,0.01500454488699253,0.09992631433313746,0.00317305036559684,0.016091058727992155,0.0007596805413507365,12,49,0.08775697421028017,0.1460642333256537,True,False,True,0.0003224094873441122,COMPLETE
1274,0.3465825498104096,2025-04-25 18:54:13.427188,2025-04-25 18:54:34.716456,0 days 00:00:21.289268,0.059124763313206055,0.7362164855399703,8,0.21341294013152898,0.1747629035264098,0.01346606552866605,0.09711005404464612,0.004903849604873651,0.018268021267111207,0.0005000799364475539,10,44,0.07810248661851622,0.1516307771947891,True,False,True,0.00046561475849080434,COMPLETE
1275,0.4235774338245392,2025-04-25 18:54:35.129379,2025-04-25 18:54:56.570463,0 days 00:00:21.441084,0.0673050346451097,0.7042789401780103,8,0.2084950763134114,0.16800520401385904,0.017565769287888645,0.09837664540529013,0.0027174868886199227,0.019039948350300227,0.0006000777333615517,10,52,0.08319195836315313,0.13772437684868694,True,False,True,0.0005331742672880575,COMPLETE
1276,0.4635173976421356,2025-04-25 18:54:56.976056,2025-04-25 18:55:19.050278,0 days 00:00:22.074222,0.07641853676118512,0.6753327926940711,8,0.2201354378039002,0.184406895831377,0.018837868725426046,0.09956494325894695,0.00553646309275136,0.01633755062269234,0.0007189276532499223,11,48,0.07648556895870136,0.15165274327810704,True,False,True,0.00042618733953433686,COMPLETE
1277,0.4763354420661926,2025-04-25 18:55:19.459105,2025-04-25 18:55:43.035852,0 days 00:00:23.576747,0.05610004839942561,0.7239397451472945,8,0.19867589866423355,0.16017088529414175,0.09619351551292923,0.09613741165540436,0.002787647984287654,0.015763459158551374,0.000887472256278979,13,45,0.0803462126643854,0.186582154869959,True,False,True,0.0002840635270447347,COMPLETE
1278,0.34868691563606263,2025-04-25 18:55:43.445311,2025-04-25 18:56:06.762889,0 days 00:00:23.317578,0.046267056773620814,0.7699556434426982,8,0.20112098918513593,0.17895411039582085,0.09737942137001539,0.09507581083927014,0.0025680261015994855,0.015101114638112754,0.0012982863922313614,14,38,0.07888760113613309,0.1808460560414499,False,False,True,0.0002738744272292812,COMPLETE
1279,0.35374161005020144,2025-04-25 18:56:07.172609,2025-04-25 18:56:30.491978,0 days 00:00:23.319369,0.08575140702048423,0.7557815592837862,8,0.19909737951952677,0.1606556751590531,0.09668367771561148,0.09310382078770627,0.001293146892907411,0.014568012628957542,0.0012645814395743473,13,36,0.08000287068635394,0.1808765399006673,True,False,True,0.0002972499223644573,COMPLETE
1280,0.39035919308662415,2025-04-25 18:56:30.896227,2025-04-25 18:56:52.783631,0 days 00:00:21.887404,0.05499424602226995,0.7350741138042108,8,0.034248763608313165,0.14754176794758922,0.01054556034474401,0.09541656951232504,0.0010066622415729688,0.013730697686648878,0.0009571833165581635,11,41,0.07493565830949268,0.18695357948601538,True,False,True,0.00031723102968684615,COMPLETE
1281,0.3988559722900391,2025-04-25 18:56:53.189343,2025-04-25 18:57:17.311395,0 days 00:00:24.122052,0.056490198368529455,0.7848074212397609,8,0.2009492680467863,0.20522193017678808,0.0942375701381854,0.09171442329340729,0.0034964054671342863,0.016030593738091667,0.0009070617040832682,14,43,0.07734305643656508,0.17489301164904575,True,False,True,0.0003386917562158419,COMPLETE
1282,0.3691020727157593,2025-04-25 18:57:17.720797,2025-04-25 18:57:40.587580,0 days 00:00:22.866783,0.05443782494625028,0.7465730541213766,8,0.2071794801053278,0.17017908290821482,0.09929507653948473,0.09612528446349672,0.0010683738722308592,0.019226534576942827,0.0009510356564472818,12,45,0.0809152051287382,0.15706419160982057,True,False,True,0.00038160830097038004,COMPLETE
1283,0.3657459914684296,2025-04-25 18:57:40.993732,2025-04-25 18:58:03.716848,0 days 00:00:22.723116,0.08418014017732309,0.719962354178846,8,0.19866403203919417,0.15722852328947778,0.0845293758970933,0.09406153133782634,0.0057970131809374935,0.0036231409707517172,0.0006863542113553007,12,41,0.07314725184005719,0.18602831496415154,True,False,True,0.00028084483313925906,COMPLETE
1284,0.3622685074806214,2025-04-25 18:58:04.143043,2025-04-25 18:58:27.218240,0 days 00:00:23.075197,0.044061863155436407,0.7305274539071629,8,0.2063647633328964,0.1663929716275436,0.0190152180759559,0.046051759897141026,0.004270117316858606,0.013520621368290195,0.00041543730910040245,12,45,0.07907132001857331,0.19634914473488357,True,False,True,0.0004004025129917812,COMPLETE
1285,0.28615721464157107,2025-04-25 18:58:27.631423,2025-04-25 18:58:50.985420,0 days 00:00:23.353997,0.03999609586605486,0.7183279042070276,8,0.1973670484628757,0.15368188522880158,0.07840499494252672,0.09661691417650546,0.0028481800319579867,0.015622424570750398,0.0011869923573208736,13,42,0.07681394877287333,0.1396978192708208,True,True,True,0.0004626569066426585,COMPLETE
1286,0.4450781166553498,2025-04-25 18:58:51.400709,2025-04-25 18:59:16.477003,0 days 00:00:25.076294,0.06612168217991038,0.4148497309041372,8,0.20482435040128594,0.16241045208369326,0.015907072831005828,0.09230781245204693,0.005606562855696618,0.018771081861287214,0.0009681032389316763,15,46,0.08177591427358918,0.1920608104488271,True,False,True,1.0224512198794726e-08,COMPLETE
1287,0.3484979748725891,2025-04-25 18:59:16.892010,2025-04-25 18:59:35.710840,0 days 00:00:18.818830,0.04173877161340736,0.7568072221590855,16,0.21059686113418383,0.17339872962713584,0.09968866447055914,0.05560478683254919,0.00724860558123144,0.010697251883050233,0.0008002470227275986,11,51,0.07515392677992129,0.17630385312649335,True,False,True,0.00033988045043772,COMPLETE
1288,0.4607272803783417,2025-04-25 18:59:36.125301,2025-04-25 18:59:58.365343,0 days 00:00:22.240042,0.06427855197863712,0.7005684475944175,8,0.19838311693243624,0.1486483206377335,0.09905892736514273,0.0949460095553607,0.0031015998948610967,0.017752975584762295,0.001517385120975527,11,48,0.0781987552958654,0.18877504752563457,True,False,True,0.0005370075476457073,COMPLETE
1289,0.4019258439540863,2025-04-25 18:59:58.779049,2025-04-25 19:00:22.901640,0 days 00:00:24.122591,0.08544858061906224,0.7348726809319155,8,0.21624369785138178,0.1937867776061469,0.09820828414067269,0.09680266866961193,0.005289556245921593,0.015872216990331787,0.00018078993756412358,14,39,0.08023455806424584,0.18600913634921012,True,False,True,0.00025962817822972956,COMPLETE
1290,0.4754229068756104,2025-04-25 19:00:23.311590,2025-04-25 19:00:46.577272,0 days 00:00:23.265682,0.042653785065860365,0.7109235404453776,8,0.20720871444686165,0.15918994112142001,0.019773867279630455,0.09354856131394167,0.010370357559796182,0.013034169253489162,0.0006973692297331363,13,44,0.08265991572282995,0.13420300620963593,True,False,True,0.0004324208083240681,COMPLETE
1291,0.3966455221176148,2025-04-25 19:00:46.987775,2025-04-25 19:01:12.064682,0 days 00:00:25.076907,0.03141354270218682,0.6781230166272888,8,0.20193384633780828,0.14694968527388966,0.0991131972222961,0.090910618329486,0.010964112179333834,0.010643155664891884,0.0007690511574304658,15,40,0.08294881863179614,0.12904851551104612,True,False,True,0.0005222074693922632,COMPLETE
1292,0.34723347425460815,2025-04-25 19:01:12.473570,2025-04-25 19:01:35.733006,0 days 00:00:23.259436,0.04159853855843809,0.7212018796761989,8,0.19838272107619018,0.15671455274072965,0.019497796082605368,0.09299410537136982,0.009312564162197931,0.012223380858066922,0.00043535043195565385,13,37,0.08048144891869356,0.13452092367538476,True,False,True,0.00046979113085380246,COMPLETE
1293,0.3025734901428223,2025-04-25 19:01:36.142533,2025-04-25 19:02:04.410509,0 days 00:00:28.267976,0.03214917308054749,0.7447103187003851,8,0.20565740422995646,0.1526040161421367,0.09650776698326818,0.0915223885724033,0.009460914762160232,0.013074424220115297,0.0010719524494929517,14,138,0.0783179502502823,0.1350074502477792,True,False,True,0.0005736969536855891,COMPLETE
1294,0.304344242811203,2025-04-25 19:02:04.822477,2025-04-25 19:02:28.359664,0 days 00:00:23.537187,0.051724113663119776,0.692226557925565,8,0.2927205652538708,0.157372401500394,0.019618527404183905,0.09309104532237068,0.010858004741258644,0.008874952569912196,0.0002292304251176079,13,44,0.08270770769490977,0.13858222994113392,True,False,True,0.0003772252257144096,COMPLETE
1295,0.35427587628364565,2025-04-25 19:02:28.770876,2025-04-25 19:02:52.734374,0 days 00:00:23.963498,0.0310588198201946,0.7762930114499248,8,0.20884244007561678,0.14626702054889246,0.09900657123958054,0.09098258694025148,0.010829555444325354,0.011543718704524988,0.0006819579276773476,14,33,0.07366846409604078,0.1290628848446336,True,False,True,0.0005665507739623618,COMPLETE
1296,0.4386486172676087,2025-04-25 19:02:53.164954,2025-04-25 19:03:18.105680,0 days 00:00:24.940726,0.02804964280914277,0.6724565856026143,8,0.19887203535349118,0.16789415866648655,0.020411465971005804,0.09387176661920436,0.008719130781973342,0.013911231272676614,0.0002701643207286966,15,42,0.0807378521906368,0.1333703769565356,True,False,True,0.0006670738773943904,COMPLETE
1297,0.39835336804389954,2025-04-25 19:03:18.523957,2025-04-25 19:03:41.601681,0 days 00:00:23.077724,0.05228235934049197,0.7051896962887475,8,0.20439686144345726,0.1597895671915724,0.09683442386735591,0.09438919381930953,0.007153043721235704,0.010794721867171325,0.0006681449100288056,13,44,0.07637368208303769,0.14166408938124117,False,False,True,0.00043814257926610013,COMPLETE
1298,0.35242568850517275,2025-04-25 19:03:42.017191,2025-04-25 19:04:07.641885,0 days 00:00:25.624694,0.0415452477511019,0.7251169191854133,8,0.21011802451130926,0.14695415097924142,0.09585032454359926,0.09243106661365723,0.007825918197055921,0.007812070892358695,0.0005714372996776633,16,39,0.0789908647223596,0.1681019651737446,True,False,True,1.5700183047218884e-05,COMPLETE
1299,0.4544298410415649,2025-04-25 19:04:08.058794,2025-04-25 19:04:31.523634,0 days 00:00:23.464840,0.011152437811627412,0.6801514308813915,8,0.19787964442298894,0.15343157656586717,0.017026086235832866,0.09465417743218553,0.012919323544691056,0.014334733784645781,0.00018202035307726414,13,42,0.08157625065100294,0.12458716292995461,True,False,True,3.518742059716025e-07,COMPLETE
1300,0.3590278029441834,2025-04-25 19:04:31.940801,2025-04-25 19:04:56.059892,0 days 00:00:24.119091,0.027975424109252557,0.6974650890664822,8,0.20266198244521452,0.1771072014634582,0.01778861362654953,0.09004937113175841,0.010390355094411172,0.019116866370027883,0.0003458290500005332,14,35,0.07556029082899147,0.14031690487092552,True,False,True,0.0006884196215308682,COMPLETE
1301,0.44506673216819764,2025-04-25 19:04:56.472837,2025-04-25 19:05:20.131775,0 days 00:00:23.658938,0.05790248073043241,0.6727284175547882,8,0.21080947650016363,0.16446286748995853,0.019306473326357144,0.09513295747049844,0.0075823903281222816,0.012625326764546616,0.00042988390379130557,13,46,0.07713262903924185,0.13215201329079518,True,False,True,0.00033014769153307975,COMPLETE
1302,0.36644030809402467,2025-04-25 19:05:20.545541,2025-04-25 19:05:45.704283,0 days 00:00:25.158742,0.010424195494248629,0.7522911086432791,8,0.22156173031174736,0.16053600417278824,0.009198538453746963,0.09262091090146561,0.006584434173453528,0.014677000843737225,0.0009162164238448957,15,44,0.08295317027948726,0.15503248568357242,True,False,True,0.0005713529853835157,COMPLETE
1303,0.44686328768730166,2025-04-25 19:05:46.124336,2025-04-25 19:06:11.389964,0 days 00:00:25.265628,0.04212516900001111,0.7174597336117629,8,0.20529224859248574,0.15159563135194298,0.0951323884240794,0.09650242215838808,0.009479952203080433,0.020728830597838605,0.00021884822825498886,15,46,0.07935606707392846,0.1453711462814321,True,True,True,0.00046521153915985407,COMPLETE
