number,value,datetime_start,datetime_complete,duration,params_alpha-eval,params_alpha-train,params_batch-size,params_eps-eval,params_eps-train,params_lambda-actions-eval,params_lambda-actions-train,params_lambda-frames-eval,params_lambda-frames-train,params_learning-rate,params_n-epochs,params_n-frames,params_radius-gw,params_rho,params_std-feats,params_ub-actions,params_ub-frames,params_weight-decay,state
1235,0.4863515615463257,2025-04-06 02:34:42.589663,2025-04-06 02:35:14.422039,0 days 00:00:31.832376,0.7152561544723288,0.08550682031932254,8,0.04167573384837445,0.07658342049562514,0.015405279852659886,0.01761180081780681,0.020518926482119962,0.010364585351519242,0.0012676026048221197,26,72,0.09999611390700254,0.18944212555666867,False,False,True,1.228559002810223e-06,COMPLETE
1236,0.4450656592845917,2025-04-06 02:35:14.816634,2025-04-06 02:36:44.838067,0 days 00:01:30.021433,0.7318625833659893,0.02471657829505907,2,0.047675076688683496,0.07095785071846561,0.0038852472349587717,0.015356068766301394,0.03362303446480154,0.008689103634318789,0.0006670604642947681,27,75,0.09689232226758229,0.20754709895763815,False,False,True,2.276859047156524e-06,COMPLETE
1237,0.4640304148197174,2025-04-06 02:36:45.230757,2025-04-06 02:37:06.528600,0 days 00:00:21.297843,0.7433067886918463,0.0952124703695117,8,0.05457981692104038,0.0570197506356359,0.016440132597585286,0.00597976732833308,0.01873892309453912,0.009521261386641963,0.0008873857077017986,11,79,0.0949193632490502,0.20066710787846792,False,False,True,9.156109607390643e-07,COMPLETE
1238,0.46816960573196414,2025-04-06 02:37:06.920816,2025-04-06 02:37:39.445485,0 days 00:00:32.524669,0.707871552601935,0.06776388072194545,8,0.05691561895735812,0.08607724983171472,0.01615908847577174,0.013665510448294796,0.016137945886467515,0.006061384985094866,0.001071289064995785,26,84,0.09846047521594138,0.1894858573321602,False,False,True,5.331226142220563e-07,COMPLETE
1239,0.4879366517066956,2025-04-06 02:37:39.840159,2025-04-06 02:38:14.068129,0 days 00:00:34.227970,0.7122922983794164,0.043781073459101046,8,0.04276356633392969,0.06601585553015192,0.010439096929805665,0.011503204009240172,0.02074850235029632,0.011417071549770445,0.0007853718611252949,29,80,0.09668847753589996,0.19228423209879675,False,False,True,1.4788309042782347e-06,COMPLETE
1240,0.4856402397155762,2025-04-06 02:38:14.463020,2025-04-06 02:38:48.086772,0 days 00:00:33.623752,0.7329349643963419,0.07674979170671885,8,0.057712337513446246,0.07882321870245222,0.013529569583120281,0.004290215718157728,0.014783959037030281,0.007327537564525382,0.000647104422265042,28,76,0.0937061683812383,0.199187720670091,False,False,True,7.125331163909326e-07,COMPLETE
1241,0.39909805059432985,2025-04-06 02:38:48.485562,2025-04-06 02:39:12.337400,0 days 00:00:23.851838,0.761756618269109,0.0981071136502224,16,0.04992896891223037,0.06201537868849149,0.017129877163778822,0.0107770529464692,0.017641889298585435,0.0036424679903730127,0.000960580958830658,27,87,0.09991799743191206,0.20872286101453072,False,False,True,1.905632439691966e-06,COMPLETE
1242,0.34844609498977663,2025-04-06 02:39:12.731713,2025-04-06 02:39:49.717294,0 days 00:00:36.985581,0.7143540706549214,0.05496896988519219,8,0.0569490257947837,0.1019354282483855,0.00630869817693927,0.03647582663207416,0.019171281912660865,0.011335334491018135,0.0013458586727861834,27,83,0.09204795520651132,0.19264923264374606,False,False,False,9.034453697117144e-07,COMPLETE
1243,0.48093924522399906,2025-04-06 02:39:50.133333,2025-04-06 02:40:21.970396,0 days 00:00:31.837063,0.7817020278436271,0.028148872772110207,8,0.0499878544587261,0.07363834060735268,0.013786612767054004,0.0030911446296625136,0.016467667139652392,0.008613480355094707,0.0007912412336709893,26,72,0.09656583388568556,0.20213150842271377,False,False,True,1.211732293488579e-06,COMPLETE
1244,0.4056713938713074,2025-04-06 02:40:22.371706,2025-04-06 02:40:55.762739,0 days 00:00:33.391033,0.7078971069598679,0.06723223088149335,8,0.03605234203235684,0.06980906230295696,0.010399962285156624,0.015643239832988678,0.021666167134504158,0.010264361235491378,0.0006627748858084584,28,80,0.044799624512512896,0.18751242621625785,False,False,True,5.386311832478284e-07,COMPLETE
1245,0.47456259727478034,2025-04-06 02:40:56.163566,2025-04-06 02:41:30.368342,0 days 00:00:34.204776,0.7035419813123891,0.105147252446636,8,0.05890103560806492,0.05632686336296651,0.0035038203085555253,0.009108295771228308,0.014396003763947729,0.007426373154923794,0.0008756744612483864,29,77,0.09834772261135058,0.19523223041285026,False,False,True,2.345426908761146e-06,COMPLETE
1246,0.4861787676811219,2025-04-06 02:41:30.767938,2025-04-06 02:42:04.051703,0 days 00:00:33.283765,0.7418898285790607,0.04695238168225727,8,0.044204974543825125,0.06347046863584,0.015587557672388725,0.012176213229482175,0.018646176723349072,0.012505447512132235,0.0010976562456203366,27,84,0.0951520139898736,0.20603000298498547,False,False,True,1.4884696826370718e-06,COMPLETE
1247,0.39030427336692813,2025-04-06 02:42:04.452808,2025-04-06 02:42:37.615558,0 days 00:00:33.162750,0.8058221749747387,0.08508452767071811,8,0.02403561409255977,0.08015661591815844,0.012175291862601571,0.0073514365976552615,0.0166463722941546,0.005428965575430248,0.0005759001472396622,27,89,0.07180557021259887,0.18639015398628775,False,False,True,6.627579365653561e-07,COMPLETE
1248,0.3771835029125214,2025-04-06 02:42:38.016729,2025-04-06 02:43:02.252639,0 days 00:00:24.235910,0.7252048600384435,0.5221185539301432,8,0.052060958197550314,0.07264732830080356,0.00848690485790162,0.08336802959619441,0.020755532686996574,0.011938863203001011,0.0007354709842393567,15,74,0.09999655602105383,0.19041829686968292,False,False,True,8.948564845276813e-07,COMPLETE
1249,0.4702758848667145,2025-04-06 02:43:02.652841,2025-04-06 02:43:34.731314,0 days 00:00:32.078473,0.6990999614716082,0.011559389216238933,8,0.05962674110097631,0.06605488861913293,0.01702150229543483,0.06267045003295833,0.03580990961592724,0.010023314693751778,0.00104445058636082,26,67,0.09825985249459007,0.19859665687988265,False,False,True,5.005195284077218e-07,COMPLETE
1250,0.4875169157981873,2025-04-06 02:43:35.138347,2025-04-06 02:44:08.649252,0 days 00:00:33.510905,0.7010619787857137,0.06581623473007898,8,0.014741959273551972,0.05923299638482253,0.014569047446729986,0.012918158939953954,0.013763385304228722,0.012743857657257,0.0006244169312928016,28,81,0.09626927059142738,0.1953271010919946,False,False,True,1.1318310457991868e-06,COMPLETE
1251,0.28615721464157107,2025-04-06 02:44:09.049433,2025-04-06 02:45:38.143123,0 days 00:01:29.093690,0.7263076668068323,0.03868357256329658,2,0.058761032895939334,0.08457923003952,0.017577611228482507,0.0017967026108195172,0.01790273121620609,0.05213470664735995,0.0008589745890012085,26,78,0.09804379176713295,0.18500758529732797,False,True,True,1.961947461803608e-06,COMPLETE
1252,0.3483162224292755,2025-04-06 02:45:38.545749,2025-04-06 02:46:13.218150,0 days 00:00:34.672401,0.7571094377219266,0.08989247260221678,8,0.05198206874656004,0.07853841676049138,0.006059868744377921,0.006084326588465061,0.015676352729470704,0.007048224235558944,0.001333611254873355,27,85,0.09226167103809377,0.20412047098134373,True,False,True,6.530141791192058e-07,COMPLETE
1253,0.48853381872177126,2025-04-06 02:46:13.619950,2025-04-06 02:46:46.559022,0 days 00:00:32.939072,0.695905596983409,0.055681800973483825,8,0.04228007238789954,0.06905517139530518,0.013663217456077074,0.018792415359904266,0.012103665163672582,0.009715147671605527,0.0007368449870873016,27,82,0.09996837396492557,0.19100218248675074,False,False,True,8.653701784588764e-08,COMPLETE
1254,0.39163607954978946,2025-04-06 02:46:46.959660,2025-04-06 02:47:20.565108,0 days 00:00:33.605448,0.7154498954638774,0.11047483682479556,8,0.05996224882562196,0.06193688347830902,0.016292742849598394,0.06342290444627317,0.019835306012539206,0.0031766730371009105,0.0005182920170772427,28,70,0.09461975187752754,0.21025761755975564,False,False,True,1.4839194021661857e-06,COMPLETE
1255,0.36605275273323057,2025-04-06 02:47:20.962870,2025-04-06 02:47:54.500310,0 days 00:00:33.537440,0.6946009752960391,0.6845080920428186,8,0.04696148191448919,0.054286892946796894,0.09832237962850028,0.01006222635809293,0.014755216051759312,0.012282453983830252,0.0009762427878015275,28,75,0.0966632122225664,0.19886709156887655,False,False,True,4.1799012850531666e-07,COMPLETE
1256,0.47969245314598086,2025-04-06 02:47:54.899133,2025-04-06 02:48:27.144356,0 days 00:00:32.245223,0.7423682329467604,0.07884112905995863,8,0.0537392363204686,0.07458973043570642,0.011629228987123652,0.06262279356533962,0.01741448901858036,0.013204906463455311,0.0006322016217891826,26,89,0.08986354708937962,0.1826386389878431,False,False,True,7.762385994337441e-07,COMPLETE
1257,0.32164265513420104,2025-04-06 02:48:27.549636,2025-04-06 02:49:00.375285,0 days 00:00:32.825649,0.7148064750055231,0.02641898889967902,8,0.13909655857031744,0.09114375077793296,0.01501039301132447,0.009046241729382036,0.02203433971580573,0.00804249885606437,0.0008415988087779354,27,78,0.09810426330338474,0.1922482373478145,False,False,True,2.493105642666957e-06,COMPLETE
1258,0.3784954726696015,2025-04-06 02:49:00.777281,2025-04-06 02:49:33.004806,0 days 00:00:32.227525,0.6900295973645809,0.054334491242753497,8,0.059333016745024246,0.06939580795344194,0.01820071403449645,0.0599842789852497,0.019416677744140305,0.005196422037985586,1.5600904207375613e-05,26,86,0.09515534443183488,0.20243277568891532,False,False,True,1.0607224091017572e-06,COMPLETE
1259,0.4864536285400391,2025-04-06 02:49:33.404816,2025-04-06 02:50:06.255347,0 days 00:00:32.850531,0.7692316656933674,0.07451705289793226,8,0.03753398474083749,0.06377746551916103,0.008800761263530028,0.0038529351352026772,0.012002089991826592,0.013955865030169386,0.0011958898505175664,27,81,0.09674078185442984,0.18642906456904274,False,False,True,1.8269118369884699e-06,COMPLETE
1260,0.4566860914230347,2025-04-06 02:50:06.654585,2025-04-06 02:50:40.338964,0 days 00:00:33.684379,0.7257358663398296,0.10098648563147729,8,0.06268626182668409,0.07570975004499168,0.019102092468788377,0.06150183089560337,0.039625932297761346,0.011272620930629767,0.0007175621377506824,28,74,0.09360894499879119,0.19499608547011602,False,False,True,8.532228326773573e-07,COMPLETE
1261,0.3522147715091705,2025-04-06 02:50:40.757928,2025-04-06 02:51:19.472492,0 days 00:00:38.714564,0.6899540441246393,0.037012549131337405,8,0.05400557671328267,0.08276224769145243,0.01272945553128087,0.014225015174464832,0.015977299923242597,0.014738074319660035,0.0005078661893574783,29,79,0.09860874381088215,0.182082856166067,False,False,False,5.937443478525111e-08,COMPLETE
1262,0.397663813829422,2025-04-06 02:51:19.877407,2025-04-06 02:51:43.634424,0 days 00:00:23.757017,0.7095621833109836,0.0719405354023549,16,0.0467271199551445,0.05704438809457968,0.00374609856958425,0.058134825098923426,0.08539757028159775,0.009319797601990098,0.0010328953045846208,27,83,0.09806361662350546,0.1989087084143653,False,False,True,5.709779298980001e-07,COMPLETE
1263,0.40601350069046027,2025-04-06 02:51:44.039254,2025-04-06 02:52:16.078371,0 days 00:00:32.039117,0.6865651628976818,0.12347755333248012,8,0.062326202394522676,0.0673407376184276,0.0053008301834818194,0.06463076851241402,0.0754123897003075,0.013742021985368212,0.000824889113454969,26,86,0.0767845549370468,0.2073529848462037,False,False,True,1.3009757205065328e-06,COMPLETE
1264,0.4011083483695984,2025-04-06 02:52:16.483089,2025-04-06 02:53:49.542378,0 days 00:01:33.059289,0.7407120366789174,0.055415830606189265,2,0.05380504233443662,0.07241622647367742,0.017153384771857672,0.06165793079300379,0.021603575669959615,0.006931663832750938,0.0006150755351183522,28,77,0.09563488743177663,0.19123752158811874,False,False,True,4.643820201591392e-07,COMPLETE
1265,0.4106141090393067,2025-04-06 02:53:49.947675,2025-04-06 02:54:22.026202,0 days 00:00:32.078527,0.707284984842243,0.08956538990425136,8,0.02903428097946243,0.062425021521093686,0.011150755224483885,0.05881704585321399,0.013713945686421295,0.010873111430596967,0.0013338542821178909,26,72,0.05166069697155982,0.18615101785778823,False,False,True,1.6576865144766725e-06,COMPLETE
1266,0.47792278528213505,2025-04-06 02:54:22.432756,2025-04-06 02:54:55.188696,0 days 00:00:32.755940,0.6840435327957379,0.041966732872927695,8,0.06274201756179615,0.07804735453049358,0.01960526483028488,0.06361813278796292,0.018148065611709067,0.015587327267409447,0.0009466641736666837,27,82,0.09836030492280456,0.2119421276160176,False,False,True,1.0369051407921664e-06,COMPLETE
1267,0.4869148850440979,2025-04-06 02:54:55.596800,2025-04-06 02:55:28.561407,0 days 00:00:32.964607,0.7253910626428323,0.10497571091783339,8,0.04979713373334558,0.05728037182799993,0.014731578593790583,0.05730846024245176,0.016262326600446006,0.01202604548195712,0.0007198366441400686,27,80,0.09664762425196353,0.19772052998981393,False,False,True,2.6408909369440294e-06,COMPLETE
1268,0.38379699587821964,2025-04-06 02:55:28.969690,2025-04-06 02:56:02.506819,0 days 00:00:33.537129,0.6973082148460683,0.06795106482097509,8,0.05793276893061708,0.06832574867869555,0.017560278216624557,0.020419452483370005,0.0338627352666364,0.01557553725281883,2.977328196801164e-05,28,76,0.09992640615648034,0.1809398572768617,False,False,True,2.0445993825527313e-06,COMPLETE
1269,0.46502491235733034,2025-04-06 02:56:02.912379,2025-04-06 02:56:37.203967,0 days 00:00:34.291588,0.749850082725297,0.025205572472387975,8,0.04136913647773399,0.08707894485851325,0.016069953286704134,0.06026230921874917,0.0206136489737548,0.009481386334144143,0.0005824629336252198,29,84,0.0934608918491051,0.19041431790219335,False,False,True,7.324529925018168e-07,COMPLETE
1270,0.30864229798316956,2025-04-06 02:56:37.615332,2025-04-06 02:57:10.361849,0 days 00:00:32.746517,0.6816547188749649,0.08778529369177134,8,0.25583366528645624,0.07362213488484695,0.020029286790153512,0.006630497288253447,0.018033831800543132,0.013837768137125006,0.0010954466013784023,27,89,0.09536047047760784,0.2018965284751226,False,False,True,1.366208766786501e-06,COMPLETE
1271,0.4649117171764374,2025-04-06 02:57:10.775316,2025-04-06 02:57:46.075508,0 days 00:00:35.300192,0.7096755716707018,0.05227019004416314,8,0.06374692184659184,0.05153711455577448,0.007275875841254772,0.06549929060424624,0.01379558598485465,0.005372292504132114,0.0008050103552382111,28,79,0.0367064478407247,0.1942816381467139,True,False,True,6.370943395776257e-07,COMPLETE
1272,0.38928723335266113,2025-04-06 02:57:46.483545,2025-04-06 02:58:18.303453,0 days 00:00:31.819908,0.7314837320992983,0.07317879680910953,8,0.0557601159869514,0.06387685254828644,0.012921980823264387,0.06186714364388942,0.011770956948934524,0.011383936256277356,0.0004699514098010964,26,70,0.0916006827004651,0.18543661335082723,False,False,True,8.9870956030868e-07,COMPLETE
1273,0.28615721464157107,2025-04-06 02:58:18.704127,2025-04-06 02:58:51.573561,0 days 00:00:32.869434,0.8971650996082738,0.010796760330214428,8,0.04712275279427883,0.08024407324232333,0.01745004552311004,0.001234877529989528,0.015653640725872945,0.01624060325134951,0.0009224441119406878,27,75,0.09731211163955023,0.17685896955503666,False,True,True,3.9288436208604574e-07,COMPLETE
1274,0.4843081951141358,2025-04-06 02:58:51.979696,2025-04-06 02:59:24.428799,0 days 00:00:32.449103,0.6811090237472327,0.040575851080566716,8,0.05959745278747303,0.07000881583922185,0.00366691302545056,0.011154762282477897,0.02257145230425497,0.008413414969825232,0.0006666918972629418,26,87,0.0999444193329796,0.1904150914657464,False,False,True,1.1778306836879153e-06,COMPLETE
1275,0.48642232418060305,2025-04-06 02:59:24.832781,2025-04-06 02:59:58.236764,0 days 00:00:33.403983,0.7002070525641623,0.10408846759965294,8,0.06492142576934695,0.06026190720413377,0.01459687092400005,0.05699474645659265,0.01863131357845465,0.013399095299835136,0.0011751545633871734,28,82,0.09820037992524208,0.20366927368449655,False,False,True,5.058495506413756e-07,COMPLETE
1276,0.3913249850273133,2025-04-06 02:59:58.661707,2025-04-06 03:01:28.623022,0 days 00:01:29.961315,0.7755133859603847,0.12477759729957028,2,0.05057049094824918,0.07474610775673268,0.019741109923612214,0.059754143174288524,0.017206328686616472,0.015230945828587427,0.0007752591256877495,27,79,0.0946097736935444,0.19712414352365198,False,False,True,2.248551452655162e-06,COMPLETE
1277,0.4850124001502991,2025-04-06 03:01:29.037078,2025-04-06 03:02:01.218921,0 days 00:00:32.181843,0.7213290251553675,0.06325086239971357,8,0.05684607269345755,0.05425263002521859,0.01101425258256987,0.06293648628037858,0.019659814701021065,0.010905714478595806,0.0005802609161567185,26,84,0.09696015034970093,0.20647990008709635,False,False,True,2.798942119938836e-07,COMPLETE
1278,0.30416983366012573,2025-04-06 03:02:01.628788,2025-04-06 03:02:34.780268,0 days 00:00:33.151480,0.6787773666186616,0.08473451637880658,8,0.06542137567968291,0.27190312428392993,0.01845511116333421,0.05636649127247459,0.014005965660880621,0.003188412404220289,0.0009290848634442993,28,62,0.020599683979709706,0.18198906463827877,False,False,True,1.4345777971511705e-07,COMPLETE
1279,0.3576716244220734,2025-04-06 03:02:35.188969,2025-04-06 03:03:11.732384,0 days 00:00:36.543415,0.7075799027456917,0.04890610253807335,8,0.035622470252527724,0.06605027178483855,0.015830898104459385,0.06628351370914376,0.021941962537950045,0.00749780784957271,0.0007053282562832982,27,65,0.09844982687390616,0.18825279012856905,False,False,False,1.680184198179152e-06,COMPLETE
1280,0.4888325572013855,2025-04-06 03:03:12.139201,2025-04-06 03:03:45.394667,0 days 00:00:33.255466,0.6752705458566917,0.028995499962815224,8,0.04415636222906573,0.08266170800984185,0.00896926743245729,0.02873395088219625,0.015310064568514064,0.012874211423752103,0.0013359267547309232,27,73,0.09573725399632765,0.21359731139987104,False,False,True,7.830558910516949e-07,COMPLETE
1281,0.38968837261199957,2025-04-06 03:03:45.803301,2025-04-06 03:04:17.971912,0 days 00:00:32.168611,0.7390270835488796,0.08668289412800093,8,0.05572509739372984,0.059835189711375046,0.02105077160577655,0.008887778610830434,0.03225053030174682,0.01667581676572546,0.000521625390665337,26,76,0.09384274384142192,0.19632545452963618,False,False,True,2.938373889903774e-06,COMPLETE
1282,0.49102276563644415,2025-04-06 03:04:18.380323,2025-04-06 03:04:53.161848,0 days 00:00:34.781525,0.6991715979281263,0.06400376867177097,8,0.06467041623137634,0.06689834030837455,0.01282121272727834,0.059086241305065,0.02019057298194449,0.00957475571911032,0.00104895744047875,30,81,0.0983056975687021,0.17843470116195212,False,False,True,1.031311154815846e-06,COMPLETE
1283,0.47487075328826905,2025-04-06 03:04:53.568409,2025-04-06 03:05:27.656572,0 days 00:00:34.088163,0.7574231769025508,0.1052930713892054,8,0.05194005362887432,0.05334294540531307,0.01213546973298721,0.06409848805795816,0.023795083395324032,0.005398677198733313,0.0012271425465413342,29,86,0.09823951892729942,0.17502512906815051,False,False,True,1.1392215700358013e-06,COMPLETE
1284,0.4034871757030487,2025-04-06 03:05:28.062660,2025-04-06 03:06:03.304583,0 days 00:00:35.241923,0.7184316941696327,0.3204709232835548,8,0.06230342920818693,0.13443545218511735,0.010570014455070527,0.06103577585325957,0.02280605144783659,0.008024261621015213,0.0014338431715097578,30,83,0.09838757056629528,0.17891412519447153,False,False,True,1.4280157695332333e-06,COMPLETE
1285,0.3987627506256104,2025-04-06 03:06:03.712226,2025-04-06 03:06:28.445582,0 days 00:00:24.733356,0.6921656506470035,0.12374607704444207,16,0.0670465621979987,0.06323691199424158,0.012251751306840634,0.06223468978524021,0.02104122543806523,0.003813005037741721,0.0011486072413691797,29,89,0.09813874023184185,0.17712577211047412,False,False,True,9.613341895168202e-07,COMPLETE
1286,0.4855490565299988,2025-04-06 03:06:28.856581,2025-04-06 03:07:03.776233,0 days 00:00:34.919652,0.7089106478345303,0.07317323503416757,8,0.05910730885724558,0.056431142236981285,0.013279964249085075,0.01648003221697253,0.02120340535475662,0.007178352886128377,0.0011106708931350984,30,86,0.09997179965145332,0.20217878874933004,False,False,True,1.211313186257787e-06,COMPLETE
1287,0.48852130174636843,2025-04-06 03:07:04.184603,2025-04-06 03:07:38.493986,0 days 00:00:34.309383,0.7400557422513762,0.09509796555387039,8,0.050727974334700235,0.06564811524158642,0.009617273883187637,0.005269196368203862,0.019494159458991855,0.008814504330967348,0.001054623687515719,29,81,0.09994919292276286,0.16885886156477173,False,False,True,1.5590336533551559e-06,COMPLETE
1288,0.4367933809757233,2025-04-06 03:07:38.920489,2025-04-06 03:08:14.466689,0 days 00:00:35.546200,0.6757434908691013,0.0739155686817042,8,0.040276025083827695,0.05000933102904621,0.013651759996648371,0.06485918882555472,0.02337053664015416,0.0052026481967673895,0.0013176026348718935,30,83,0.057438136849855194,0.1907750121394563,False,False,True,1.0699013041421376e-06,COMPLETE
1289,0.35176849365234375,2025-04-06 03:08:14.879249,2025-04-06 03:09:55.079910,0 days 00:01:40.200661,0.6953448528200769,0.1039705674430986,2,0.05951491062945553,0.06910481320770696,0.0010714799413395018,0.05959400840857839,0.020350502015969323,0.009984441760830102,0.000979827942154906,30,89,0.09646235243832836,0.2164506745558711,False,True,True,8.90879088469735e-07,COMPLETE
1290,0.48668475151062013,2025-04-06 03:09:55.494081,2025-04-06 03:10:30.617019,0 days 00:00:35.122938,0.7261417807632335,0.060226535956353924,8,0.06829052973099307,0.05996659384909215,0.007636550029353675,0.06711443940665082,0.02228529913566546,0.006614863906578873,0.001407580354135028,30,80,0.09841298678778915,0.1829472394114921,False,False,True,1.4138301039492526e-06,COMPLETE
