number,value,datetime_start,datetime_complete,duration,params_alpha-eval,params_alpha-train,params_batch-size,params_eps-eval,params_eps-train,params_lambda-actions-eval,params_lambda-actions-train,params_lambda-frames-eval,params_lambda-frames-train,params_learning-rate,params_n-epochs,params_n-frames,params_radius-gw,params_rho,params_std-feats,params_ub-actions,params_ub-frames,params_weight-decay,state
854,0.46318007111549375,2025-04-25 14:55:48.236553,2025-04-25 14:56:28.702087,0 days 00:00:40.465534,0.029723021534247517,0.6882397133018335,8,0.17065092950544108,0.10339409566749139,0.026171912621980608,0.07842923820713099,0.01933142125937643,0.03290783476200313,9.62243789812665e-05,29,50,0.05758857399751868,0.22277734403034918,True,False,False,0.0008062728420182764,COMPLETE
855,0.46535814404487613,2025-04-25 14:56:28.982397,2025-04-25 14:57:10.066564,0 days 00:00:41.084167,0.059462227101462685,0.6657357376811002,8,0.18974182316265242,0.09630377428001896,0.024216797527987197,0.07514078449337237,0.014168560195833638,0.029534104744223525,0.00011801885745638486,30,51,0.05467522687844863,0.23235206373157205,True,False,False,0.0006391119234629089,COMPLETE
856,0.3462326169013977,2025-04-25 14:57:10.329394,2025-04-25 14:57:49.393664,0 days 00:00:39.064270,0.07034038879294378,0.9734062318654327,8,0.180105395062305,0.10749698979874288,0.026875638381466897,0.08538616323059202,0.017390343513388605,0.03388065450876465,0.00014985579710280337,29,53,0.05282606469139809,0.22484489313970452,False,False,False,0.0007685185208958903,COMPLETE
857,0.465172815322876,2025-04-25 14:57:49.668090,2025-04-25 14:58:29.831346,0 days 00:00:40.163256,0.012227929626702261,0.6948225965357978,8,0.16550157474891808,0.10672730451276691,0.019283371376896542,0.08133158171800611,0.021066828117224854,0.03162184329948874,8.486304428900037e-05,29,45,0.05339368933101029,0.21569932606750566,True,False,False,0.0006692773050090023,COMPLETE
858,0.4608610033988953,2025-04-25 14:58:30.111979,2025-04-25 14:59:09.516511,0 days 00:00:39.404532,0.09405988865811862,0.6758863931130475,8,0.17103923139694838,0.10208936978260554,0.02790539755013353,0.08376394198735879,0.01977792567333248,0.03808217882587352,0.00011274697899780656,28,54,0.05606449839925492,0.23615434722154824,True,False,False,0.0009993909853126647,COMPLETE
859,0.4614206194877625,2025-04-25 14:59:09.781949,2025-04-25 14:59:50.931101,0 days 00:00:41.149152,0.04333056852814551,0.6960953287020316,8,0.16118954210458486,0.0978339912131396,0.02456520504808509,0.07269884753870474,0.016419908731340985,0.03507423281295827,8.993278949516292e-05,30,48,0.05110212584874485,0.22810663682911947,True,False,False,0.00071197341618826,COMPLETE
860,0.46006866693496706,2025-04-25 14:59:51.212655,2025-04-25 15:00:31.817463,0 days 00:00:40.604808,0.09146898518034988,0.6891030030994701,8,0.17471795547970517,0.1075215363087113,0.023257773854206513,0.09711332429462449,0.013308447050446585,0.030089805941918353,0.00010153267089710335,29,51,0.06208866706994492,0.2363360482878179,True,False,False,0.0006335971044113079,COMPLETE
861,0.464289140701294,2025-04-25 15:00:32.095945,2025-04-25 15:01:11.902837,0 days 00:00:39.806892,0.010089886039682066,0.6712369591582927,8,0.15963070213481553,0.10774256314155585,0.029285529461821475,0.0773617690722617,0.018231378104305442,0.03294056915283215,7.913213202552933e-05,28,55,0.05423767178164977,0.21099665314471477,True,False,False,0.0008219273596179557,COMPLETE
862,0.46405191421508796,2025-04-25 15:01:12.168157,2025-04-25 15:01:53.798056,0 days 00:00:41.629899,0.1075173256576413,0.7009938004906345,8,0.16670046461201216,0.10012942033836972,0.025981845924099158,0.08825057819567866,0.02203851336671648,0.036432792903872295,0.00012510704337334797,30,52,0.051199998713420965,0.22939390829780051,True,False,False,0.0006342344067166441,COMPLETE
863,0.45926480889320376,2025-04-25 15:01:54.075951,2025-04-25 15:02:33.540654,0 days 00:00:39.464703,0.06474630123749649,0.6658828525463514,8,0.17517519723817637,0.11068087754854698,0.02024056518582084,0.08092385852297443,0.02078146275532645,0.03157051668600597,8.182151929814251e-05,28,46,0.06532311400592106,0.2191862645496527,True,False,False,0.0008210333032469395,COMPLETE
864,0.28615721464157107,2025-04-25 15:02:33.820404,2025-04-25 15:03:09.354035,0 days 00:00:35.533631,0.03555429504334785,0.8918255087563848,8,0.1574138088219114,0.10527465448392334,0.02176951688237472,0.08239532729141048,0.01883390469382305,0.034310529874411674,9.123730960289132e-05,29,54,0.05265174603186598,0.23864635917557975,True,True,False,0.0006308194226969308,COMPLETE
865,0.4552457511425019,2025-04-25 15:03:09.636711,2025-04-25 15:03:48.804952,0 days 00:00:39.168241,0.08784754330990947,0.7043551625211608,8,0.18747469694916596,0.11178195014044232,0.02752397437276151,0.08542680287996723,0.01623353500183586,0.03756716297257062,0.0001518762949816509,27,50,0.05749055829984955,0.23283273473020819,True,False,False,0.0009835612620170157,COMPLETE
866,0.3639231264591217,2025-04-25 15:03:49.072465,2025-04-25 15:04:23.466911,0 days 00:00:34.394446,0.07935685153164643,0.9255250258392427,8,0.16346210822581922,0.10148058188077375,0.02485300854498584,0.07945060868811149,0.02262188423257898,0.029117024867561594,0.00020847239920214697,27,55,0.05594566042162147,0.22636462643748623,True,False,True,0.0006165926631189715,COMPLETE
867,0.46407921314239503,2025-04-25 15:04:23.744013,2025-04-25 15:05:04.481728,0 days 00:00:40.737715,0.04809030375634434,0.6680068552171625,8,0.18139911215871735,0.11051849321218178,0.09685900663309473,0.0870986576457483,0.025115590034724033,0.03557634823265603,0.0001056036634902452,29,55,0.04997152805287521,0.2371433976171033,True,False,False,0.0008061197579301933,COMPLETE
868,0.4644663989543915,2025-04-25 15:05:04.765529,2025-04-25 15:05:44.627219,0 days 00:00:39.861690,0.032230203151865,0.689017752762697,8,0.16845552742197054,0.11531206428105502,0.02996141821917724,0.0835028749336782,0.02007623938244178,0.03169805951080352,7.6651571723695e-05,28,53,0.053864038269686526,0.22077851793950778,True,False,False,0.0006288261918280903,COMPLETE
869,0.4458037376403809,2025-04-25 15:05:44.894942,2025-04-25 15:06:24.403822,0 days 00:00:39.508880,0.11057650064773936,0.15783962548474167,8,0.15606153337787546,0.09651758136511368,0.017266389600247005,0.09094307698360442,0.015440872235621003,0.033881247709995004,6.847763489373682e-05,28,48,0.058542755038666947,0.24084620083410224,True,False,False,0.0008157270032217891,COMPLETE
870,0.46348207592964175,2025-04-25 15:06:24.682438,2025-04-25 15:07:02.918865,0 days 00:00:38.236427,0.06574688532573025,0.7086529983083615,8,0.17163948281039038,0.10450531603473233,0.027801882719983094,0.07790990695422938,0.01135663871839299,0.030113999005949913,0.00012556719868851897,26,55,0.05250713461147726,0.23311081363681715,True,False,False,0.0005908146056238942,COMPLETE
871,0.4636065542697907,2025-04-25 15:07:03.198339,2025-04-25 15:07:43.450253,0 days 00:00:40.251914,0.10579049464394168,0.6845519798965091,8,0.17895291689688722,0.11569242577700371,0.022422360172147056,0.08037372407413625,0.02295546935500859,0.0384858190357302,7.008437788148155e-05,29,51,0.04962829676363213,0.19381986786243477,True,False,False,0.0007875843445209463,COMPLETE
872,0.4647632837295533,2025-04-25 15:07:43.734875,2025-04-25 15:08:25.536191,0 days 00:00:41.801316,0.07842048963963466,0.6628308193866921,8,0.159725110454464,0.10803951372128795,0.029836349740894868,0.08222972588350186,0.01812528793231716,0.03266009939960172,9.939537809536221e-05,30,56,0.05545366914062106,0.22758900075703134,True,False,False,0.000990153797984802,COMPLETE
873,0.45301337242126466,2025-04-25 15:08:25.806035,2025-04-25 15:09:04.310849,0 days 00:00:38.504814,0.02978217830354124,0.7172055867809314,8,0.1942739104394825,0.11710037402586441,0.025443939617996604,0.0759961288724005,0.013630491540405248,0.03611063166175947,8.833672857456765e-05,27,45,0.052225715273992994,0.24266970971659776,True,False,False,0.0005912909434083403,COMPLETE
874,0.46186016798019414,2025-04-25 15:09:04.599208,2025-04-25 15:09:44.575396,0 days 00:00:39.976188,0.052856323083826415,0.6972813474715703,8,0.16535916079486299,0.11041864856174924,0.02711627281727315,0.08530299009747401,0.021847176089414614,0.028919225959937726,0.00011011318905362842,28,52,0.04902560270741663,0.21564176097216864,True,False,False,0.0006509578467380157,COMPLETE
875,0.35283985733985906,2025-04-25 15:09:44.860990,2025-04-25 15:10:22.306976,0 days 00:00:37.445986,0.08832149407967599,0.6802215726023437,8,0.15418891580913757,0.10384839676660476,0.023303641754104355,0.07886900395112424,0.026153192380169308,0.0344477976429403,6.58829000074122e-05,27,56,0.05449734281667256,0.23252840745306333,False,False,False,0.0007739876616537716,COMPLETE
876,0.4546325027942658,2025-04-25 15:10:22.593417,2025-04-25 15:11:00.588655,0 days 00:00:37.995238,0.10631772701054394,0.7097379776511814,8,0.17231952129768788,0.09506964143690008,0.029881188639058514,0.08874971498473039,0.02457264069518397,0.03135508921944514,0.0001740786494092025,26,48,0.06081186160927819,0.2225984499881476,True,False,False,0.0005932945634578626,COMPLETE
877,0.46310039758682253,2025-04-25 15:11:00.858076,2025-04-25 15:11:41.577702,0 days 00:00:40.719626,0.055212899042091916,0.6630901673135614,8,0.16477407668748795,0.11817945188432288,0.02590532168850258,0.0838152237376235,0.020102971874547716,0.03859834552558508,7.87647157121181e-05,29,53,0.05126174641051219,0.1691073665783819,True,False,False,0.000585011860225596,COMPLETE
878,0.4455790340900421,2025-04-25 15:11:41.862353,2025-04-25 15:12:23.008635,0 days 00:00:41.146282,0.02389644863895167,0.8553495534201008,8,0.16227722432585232,0.10797478069600343,0.028083739049895973,0.08069847634566248,0.017357442090890542,0.03351439801274003,0.00013319553570646453,30,50,0.05767723061096437,0.23469547225024204,True,False,False,0.0009876473262476525,COMPLETE
879,0.44217540621757506,2025-04-25 15:12:23.293273,2025-04-25 15:13:03.099100,0 days 00:00:39.805827,0.08500613552757813,0.7203389605829013,8,0.15533499403065257,0.21108613695337125,0.020022594986710485,0.07465813865363675,0.015311751612331842,0.028324441342848304,9.306509900608746e-05,28,56,0.04952403642552891,0.2410669347491771,True,False,False,0.0007686726361537203,COMPLETE
880,0.28615721464157107,2025-04-25 15:13:03.369571,2025-04-25 15:13:36.973466,0 days 00:00:33.603895,0.11655658660260432,0.6881398325394114,8,0.18622610548467422,0.11604985369333201,0.025241050485161745,0.08695433316171501,0.027096966303826943,0.03593787314225688,7.750947844885544e-05,26,55,0.053158061694318665,0.22379665784301395,True,True,False,0.0005711807297935092,COMPLETE
881,0.466143149137497,2025-04-25 15:13:37.256664,2025-04-25 15:14:16.342330,0 days 00:00:39.085666,0.07295177295324784,0.702641638423481,8,0.17528620829906316,0.12219015825483928,0.030168512115983225,0.08272669696137186,0.021686952732132496,0.031127171269800233,6.479319500147889e-05,27,57,0.05588692288317654,0.22885640027288898,True,False,False,0.0007222806398015877,COMPLETE
882,0.46189299225807195,2025-04-25 15:14:16.626229,2025-04-25 15:14:57.529015,0 days 00:00:40.902786,0.010348100598642546,0.7232851166585851,8,0.18096894791942764,0.12175681020476967,0.030151314509387524,0.08258999284999843,0.024493152395156568,0.030248902132031734,6.312914049342043e-05,29,57,0.059657479291868154,0.22650029807624583,True,False,False,0.0005790705128146116,COMPLETE
883,0.46772038340568545,2025-04-25 15:14:57.814205,2025-04-25 15:15:36.889358,0 days 00:00:39.075153,0.09841959066222053,0.7086276492617528,8,0.17549250865145702,0.12287893277656772,0.0301770061759182,0.08453568456578671,0.01827595016507507,0.031511142159088505,6.380302789226887e-05,27,58,0.05617242962399344,0.24233038227948364,True,False,False,0.0006900288582133795,COMPLETE
884,0.46041237711906435,2025-04-25 15:15:37.161237,2025-04-25 15:16:16.390518,0 days 00:00:39.229281,0.07740998107041035,0.7018967641348967,8,0.17875393114563057,0.1240135158171848,0.030017206670011884,0.08548314801921016,0.018423948221719517,0.028245710673802323,6.382230483126938e-05,27,57,0.05696771972824425,0.23886463041959632,True,False,False,0.0006997228259729482,COMPLETE
885,0.3593303859233857,2025-04-25 15:16:16.675497,2025-04-25 15:16:51.129886,0 days 00:00:34.454389,0.10023579196514439,0.7011529017366208,8,0.17142074462260137,0.1229980324883573,0.028280066884916213,0.08411644790490479,0.015908399659928303,0.029698037605696195,6.900515754175142e-05,27,54,0.05830914647479129,0.2133083639104534,True,False,True,0.0007926358664874712,COMPLETE
886,0.4664512991905213,2025-04-25 15:16:51.418046,2025-04-25 15:17:31.142576,0 days 00:00:39.724530,0.09613219308362056,0.6691835328800189,8,0.18295172976494684,0.12180978046314954,0.03026284017814,0.08706857474873393,0.013028723897428346,0.031578180530572826,7.720619506027871e-05,28,57,0.055815111427081184,0.24061792105256039,True,False,False,0.0006797975814306705,COMPLETE
887,0.46758258342742925,2025-04-25 15:17:31.415010,2025-04-25 15:18:11.433747,0 days 00:00:40.018737,0.10080944029685085,0.671316297016057,8,0.189088205064059,0.12103110331018833,0.03144569360929579,0.08709937487711263,0.012094642644298902,0.03183273976667721,7.714065977764121e-05,28,57,0.056211178267649056,0.22765052700148228,True,False,False,0.0006995815502038007,COMPLETE
888,0.4667235732078553,2025-04-25 15:18:11.716414,2025-04-25 15:18:51.184035,0 days 00:00:39.467621,0.09531619381756952,0.6671939519861656,8,0.18365251267088442,0.1206496593270133,0.030853166067782108,0.09004375035224554,0.010263037664693102,0.032287207365919834,7.750152328077361e-05,28,54,0.05635642250683375,0.21801982466876282,True,False,False,0.0008225544009334715,COMPLETE
889,0.46513625979423523,2025-04-25 15:18:51.471911,2025-04-25 15:19:30.991949,0 days 00:00:39.520038,0.10348596258487262,0.6585855153628368,8,0.1913986370684735,0.12284727726250014,0.030723790896787277,0.09023917247089394,0.011130470106174599,0.032157603182540434,7.816111866945129e-05,28,53,0.05816083712022685,0.2234083302450861,True,False,False,0.00083479655096904,COMPLETE
890,0.46199220418930054,2025-04-25 15:19:31.280376,2025-04-25 15:20:10.820381,0 days 00:00:39.540005,0.07867621638323827,0.6669163631175882,8,0.20351140551195532,0.12042047700531457,0.031132271521825513,0.08845438529747501,0.012739350540229854,0.03122798447878155,6.529748720534075e-05,28,53,0.0614303435711109,0.2289200824266064,True,False,False,0.0009733737098127146,COMPLETE
891,0.4493345081806183,2025-04-25 15:20:11.092760,2025-04-25 15:20:53.986616,0 days 00:00:42.893856,0.09441612929048286,0.6705010901331269,8,0.19415775210066685,0.12156654342966121,0.028588297275343434,0.09072629608872951,0.011888983115450197,0.03315162628488254,8.499921319278294e-05,28,95,0.06007192410671746,0.21798070758350316,True,False,False,0.0008052191804385803,COMPLETE
892,0.46400854587554935,2025-04-25 15:20:54.274341,2025-04-25 15:21:32.962197,0 days 00:00:38.687856,0.11362315943904125,0.6554782552827925,8,0.18598480611059837,0.11704577052410539,0.029066832621132757,0.08801032617276475,0.014870089217722227,0.03121625822629153,7.230391589711123e-05,27,54,0.05643127819399521,0.22888967511597755,True,False,False,0.0008235840524060165,COMPLETE
893,0.4577987849712372,2025-04-25 15:21:33.252450,2025-04-25 15:22:11.985766,0 days 00:00:38.733316,0.09037518185451915,0.6580847433674748,8,0.1862045788895477,0.12337150964210077,0.030586850223066293,0.09297901542966036,0.00964865694644468,0.03317236852511352,7.888689261227162e-05,27,56,0.056091829420884726,0.2408643823996929,True,False,False,8.871469274378709e-08,COMPLETE
894,0.34986199140548707,2025-04-25 15:22:12.274560,2025-04-25 15:22:50.133987,0 days 00:00:37.859427,0.07049408653298239,0.6686018694271623,8,0.18761023438287014,0.11489659354127832,0.02768384882756299,0.08689302796146084,0.012686748419007474,0.034693435355985895,6.259703036071712e-05,28,50,0.057962853540806,0.22349080918632094,False,False,False,0.000984348804304072,COMPLETE
895,0.4660963237285614,2025-04-25 15:22:50.409567,2025-04-25 15:23:30.514811,0 days 00:00:40.105244,0.1146975125778856,0.6824814265056508,8,0.1962163435917813,0.11940245768021648,0.031051704835338343,0.08999495173859123,0.010596507655337636,0.031026543871276437,8.776792620916072e-05,28,57,0.06368937770312554,0.20541334028195185,True,False,False,0.0009991940776510268,COMPLETE
896,0.46257153153419495,2025-04-25 15:23:30.804447,2025-04-25 15:24:10.405848,0 days 00:00:39.601401,0.09489707644556086,0.6542914732452139,8,0.1940525555955897,0.11302036259866159,0.028457617541608523,0.08651946306418137,0.009975456510257722,0.03616356068667696,6.392310680466679e-05,28,53,0.0559132248975837,0.23540788435391513,True,False,False,0.0006879779267527907,COMPLETE
897,0.4683337032794953,2025-04-25 15:24:10.696818,2025-04-25 15:24:49.807143,0 days 00:00:39.110325,0.07014397740614195,0.6785123120841202,8,0.1846136872319792,0.12356569593684957,0.026925058898530838,0.09286008487853604,0.008223411681302374,0.032966613995992516,7.544510904470861e-05,27,56,0.05954258869925367,0.22906392475141243,True,False,False,0.0007399407969360366,COMPLETE
898,0.4576657235622406,2025-04-25 15:24:50.098769,2025-04-25 15:25:28.516562,0 days 00:00:38.417793,0.1201774069413547,0.6612924314462164,8,0.1978140239832021,0.12355020397887548,0.030150299979343067,0.09620739196703289,0.003853990958183666,0.03219541614886847,7.263470529028762e-05,27,49,0.05822306852589318,0.23268241263857434,True,False,False,0.0008124992958737861,COMPLETE
899,0.46123737692832945,2025-04-25 15:25:28.792825,2025-04-25 15:26:07.958452,0 days 00:00:39.165627,0.09932670158938224,0.6805485335177065,8,0.18663249349442937,0.12305587964062462,0.02765152936563885,0.09268612012623455,0.008497972281894587,0.030195737555198207,6.393523268387853e-05,27,53,0.06092020949748103,0.24195354174754977,True,False,False,0.0007049939215483286,COMPLETE
900,0.28615721464157107,2025-04-25 15:26:08.247433,2025-04-25 15:26:41.967285,0 days 00:00:33.719852,0.07177416379315929,0.6776181334924691,8,0.18268070778083023,0.1181706291992699,0.03125320987739767,0.09163033746739904,0.008516394040252718,0.03331804321040804,8.06853331146563e-05,26,57,0.059898966107584585,0.23737301594261395,True,True,False,0.0007229007962645027,COMPLETE
901,0.45824220180511477,2025-04-25 15:26:42.259858,2025-04-25 15:27:20.907261,0 days 00:00:38.647403,0.11158774293559037,0.6547768254638362,8,0.19117875510133242,0.12417288551798751,0.026305619089453745,0.08976978528712692,0.007425911666702935,0.028364260472660136,6.316178288685166e-05,27,51,0.05981726060340381,0.2295432902508553,True,False,False,0.0008216016433306135,COMPLETE
902,0.45700943470001226,2025-04-25 15:27:21.197715,2025-04-25 15:27:58.928981,0 days 00:00:37.731266,0.08740075676710352,0.6733854250717448,8,0.17606170738444243,0.12479186354467423,0.02918149871590959,0.08875912701918015,0.0106528436499301,0.03237518547513989,7.960377927135417e-05,26,55,0.05685548515824031,0.24262449875273004,True,False,False,6.652465561138018e-07,COMPLETE
903,0.46704003214836126,2025-04-25 15:27:59.209098,2025-04-25 15:28:38.243286,0 days 00:00:39.034188,0.04391217136373229,0.6533719236247957,8,0.17638275385449878,0.1199619118359698,0.026983728375693565,0.09780477831117777,0.013422161736479695,0.030828070003734186,6.372490243168618e-05,27,57,0.06244384111315599,0.23242745092430933,True,False,False,0.0009895953429005433,COMPLETE
904,0.4649394750595093,2025-04-25 15:28:38.534814,2025-04-25 15:29:13.078501,0 days 00:00:34.543687,0.11881274196756839,0.6576084781323179,8,0.19974723796216207,0.12529250047276314,0.031018948954925338,0.0961944101680012,0.013402990245971356,0.029976522389835294,6.199542037979473e-05,27,58,0.06351324151315814,0.21967148179191326,True,False,True,0.0009734058433790017,COMPLETE
905,0.4676004350185395,2025-04-25 15:29:13.373871,2025-04-25 15:29:52.254231,0 days 00:00:38.880360,0.056177491970686215,0.6509165480898869,8,0.18455336633529645,0.11919023735798256,0.028939782042336912,0.09891644746166954,0.006586201748598145,0.028410881755039176,6.940226223948896e-05,27,55,0.06210962072247226,0.23694224757360333,True,False,False,0.0009954151154381822,COMPLETE
906,0.46952291131019597,2025-04-25 15:29:52.550292,2025-04-25 15:30:30.795672,0 days 00:00:38.245380,0.05138343186794301,0.6423753410660743,8,0.1912237080077613,0.11915632272644466,0.027805545608036733,0.09773786649827296,0.005159478281514559,0.027349089898285182,7.247226205322784e-05,26,58,0.06566782555809063,0.2407938664254953,True,False,False,0.0009850831254672203,COMPLETE
907,0.4703244388103486,2025-04-25 15:30:31.075767,2025-04-25 15:31:10.504757,0 days 00:00:39.428990,0.04888159826789899,0.652006872313961,8,0.19010631824947988,0.12518921035540823,0.0273431921160839,0.09780144186841419,0.004082381919600473,0.028769116223458933,7.597756582521305e-05,27,55,0.06601115970163185,0.2382185001799413,True,False,False,0.0009999559008974123,COMPLETE
908,0.28615721464157107,2025-04-25 15:31:10.795007,2025-04-25 15:31:47.825452,0 days 00:00:37.030445,0.044199620699290225,0.6443804873398434,8,0.1919137874160826,0.01029871271420102,0.02703866678780468,0.09646651319911244,0.0059162547033083344,0.02824391015753464,7.620468551552999e-05,26,54,0.06951545644498629,0.24264036595839292,True,False,False,0.0009581779003305218,COMPLETE
909,0.4658111453056336,2025-04-25 15:31:48.119783,2025-04-25 15:32:26.813381,0 days 00:00:38.693598,0.04451353996837933,0.645560570324289,8,0.20000417504647672,0.12055049553370234,0.02793819782697651,0.09516739960959653,0.010190018675221738,0.028027334755308723,8.929708580873182e-05,27,54,0.06444652811153678,0.2380808813269918,True,False,False,0.0009461806912244859,COMPLETE
910,0.46141612529754644,2025-04-25 15:32:27.107744,2025-04-25 15:33:06.154154,0 days 00:00:39.046410,0.05776177307086344,0.6462534522654921,8,0.21216690366155858,0.11653501035934886,0.025205101774243288,0.098709914632169,0.002196743025620676,0.027901356268101623,7.316893814408995e-05,27,56,0.06670520650117885,0.1601145071455636,True,False,False,0.0009244538617895801,COMPLETE
