number,value,datetime_start,datetime_complete,duration,params_alpha-eval,params_alpha-train,params_batch-size,params_eps-eval,params_eps-train,params_lambda-actions-eval,params_lambda-actions-train,params_lambda-frames-eval,params_lambda-frames-train,params_learning-rate,params_n-epochs,params_n-frames,params_radius-gw,params_rho,params_std-feats,params_ub-actions,params_ub-frames,params_weight-decay,state
1571,0.3613932430744171,2025-04-06 06:06:27.568784,2025-04-06 06:06:58.600652,0 days 00:00:31.031868,0.6415463188368455,0.010003198136146862,8,0.059796973542389616,0.07564564085192556,0.02354653923443194,0.06042954453218927,0.07747600468433716,0.0464461290626035,0.0010534808357324948,25,75,0.09998009047395205,0.18965020692023965,False,False,True,2.487547421034649e-06,COMPLETE
1572,0.43262912631034856,2025-04-06 06:06:59.125065,2025-04-06 06:07:31.567687,0 days 00:00:32.442622,0.6716063101084295,0.9951376888922545,8,0.045573222836920946,0.04410504847041126,0.014893079195081926,0.0010131815295053072,0.027220603834410165,0.012946803667102467,0.0006033353364955285,26,80,0.0919241206590144,0.19483259020440727,False,True,True,5.628006977351628e-07,COMPLETE
1573,0.36059895753860477,2025-04-06 06:07:32.072796,2025-04-06 06:07:54.566194,0 days 00:00:22.493398,0.7003769647945461,0.040902212505099095,8,0.05702233129733145,0.06830952295654517,0.01891788303103662,0.062002795812125075,0.021160493495228982,0.0157959382700469,0.0008725498892191156,12,69,0.09682197276282394,0.20787649398901042,True,False,True,1.1762612508102028e-06,COMPLETE
1574,0.482433170080185,2025-04-06 06:07:55.069506,2025-04-06 06:08:27.927269,0 days 00:00:32.857763,0.6614740146585175,0.09279813443064266,8,0.07605208824372918,0.08228438912090028,0.02117124567796079,0.06319959957934661,0.03063175856176798,0.009185133949305709,0.0007491471005704005,27,85,0.09400670036156104,0.18517667364310328,False,False,True,8.151480073957913e-07,COMPLETE
1575,0.38485531210899354,2025-04-06 06:08:28.453599,2025-04-06 06:09:01.760944,0 days 00:00:33.307345,0.6821869223464433,0.06971284692607368,8,0.06596021623323158,0.05201657231699092,0.00995765628701442,0.008405069984863888,0.018909646191452245,0.024024642591834497,0.0017630066049745085,28,73,0.09822572614697142,0.20304022618322856,False,False,True,3.6672499947017474e-06,COMPLETE
1576,0.3984627366065979,2025-04-06 06:09:02.262691,2025-04-06 06:09:36.806306,0 days 00:00:34.543615,0.6429265284417367,0.03004554028295251,8,0.032941690693244007,0.06362767482946532,0.01647937453391938,0.05430739958692831,0.016384202104351653,0.006565411578370093,0.0005197514567367697,29,78,0.0704100325922499,0.19678663728763984,False,False,True,2.816972769556983e-07,COMPLETE
1577,0.4893436193466187,2025-04-06 06:09:37.304981,2025-04-06 06:10:10.698099,0 days 00:00:33.393118,0.7101093713806605,0.05450430779186506,8,0.052218610602036225,0.0713548477951364,0.018506055009195093,0.05851498591623304,0.033019779620444126,0.018444679026156416,0.0009520712758347839,27,88,0.09551467764841966,0.21198248548663087,False,False,True,4.2727201315031556e-07,COMPLETE
1578,0.4842048048973084,2025-04-06 06:10:11.223483,2025-04-06 06:11:39.042951,0 days 00:01:27.819468,0.6200737683889945,0.10685618658566559,2,0.08659465876750469,0.05733239549740352,0.02239154840203371,0.06088883925969285,0.02190277333526898,0.011357787413315532,0.0011903859632309654,26,82,0.09826668246761712,0.18517714378314992,False,False,True,6.950850861435081e-07,COMPLETE
1579,0.47995037436485294,2025-04-06 06:11:39.545575,2025-04-06 06:12:13.001823,0 days 00:00:33.456248,0.6774030744332278,0.08076283633810757,8,0.07850294351143748,0.07792539190678036,0.01318166130899842,0.07021552457238138,0.02439666824074134,0.020455554177701795,0.0006606498925665071,28,76,0.09643811897629359,0.19100849064865114,False,False,True,1.5655290670528624e-06,COMPLETE
1580,0.4427597761154175,2025-04-06 06:12:13.500968,2025-04-06 06:12:46.453588,0 days 00:00:32.952620,0.6962839684679559,0.13637615863215105,8,0.060999786791917254,0.06382980182115555,0.015232031670076484,0.056259487725010805,0.01752088533261257,0.014190357319060412,0.0007991485503036967,27,80,0.09263935969784097,0.19838290816722912,False,False,True,1.2030813728030933e-06,COMPLETE
1581,0.3933981835842133,2025-04-06 06:12:46.976750,2025-04-06 06:13:18.322825,0 days 00:00:31.346075,0.7394005257764342,0.3896944232921674,8,0.07171004204998827,0.07282677457159395,0.02022194407796063,0.01254401681694988,0.027883533386682178,0.017021692205961947,0.0004454015429200897,25,85,0.09822311710379053,0.20506732766439179,False,False,True,2.7007241583877653e-06,COMPLETE
1582,0.36084697246551517,2025-04-06 06:13:18.828928,2025-04-06 06:13:56.680140,0 days 00:00:37.851212,0.665070590970904,0.0569500994741375,8,0.09970336496798045,0.059620842594634925,0.017150029478544385,0.05951250282012275,0.019649145393098408,0.009925869949892252,0.00028330359399544825,28,71,0.09509256156565475,0.18327705109074854,False,False,False,5.631855823989859e-07,COMPLETE
1583,0.3705464482307434,2025-04-06 06:13:57.180247,2025-04-06 06:14:29.657703,0 days 00:00:32.477456,0.45304394866900155,0.029239946445947088,8,0.048816040789343464,0.08433020599882875,0.011601675473784755,0.06342655339092106,0.016683855292660917,0.007277570910950601,0.0014268647103475513,26,78,0.09993043097185275,0.19115457019838247,False,False,True,9.577731255989527e-07,COMPLETE
1584,0.3831908702850342,2025-04-06 06:14:30.181901,2025-04-06 06:15:02.308149,0 days 00:00:32.126248,0.7191183305752746,0.08594648117507603,8,0.06627842220708209,0.06727701495331681,0.014385380052766508,0.08540666115263193,0.023416221285038365,0.00491848683846828,0.0010375520574224496,27,59,0.09683151709229929,0.21631520452068856,False,False,True,1.9706495743510226e-06,COMPLETE
1585,0.4831134617328644,2025-04-06 06:15:02.816698,2025-04-06 06:15:37.283740,0 days 00:00:34.467042,0.6482246078022856,0.07004062269911054,8,0.05757937482253673,0.05488331444311398,0.04748026756364819,0.05699373966224775,0.018125090334951202,0.012639336697830149,0.0006254579881687811,29,82,0.08954550372044648,0.1958166805994995,False,False,True,3.53124511850956e-07,COMPLETE
1586,0.3474969983100891,2025-04-06 06:15:37.789913,2025-04-06 06:16:11.475311,0 days 00:00:33.685398,0.6911083026940387,0.11460912993672565,8,0.042917124506914525,0.07859651437653875,0.023552647882791523,0.06588955465615194,0.020194924054712075,0.07852417686266264,0.0008921173930655631,28,89,0.09996848837983961,0.18687200679938412,False,False,True,1.3672838364505498e-06,COMPLETE
1587,0.4831038594245911,2025-04-06 06:16:11.998578,2025-04-06 06:16:44.056952,0 days 00:00:32.058374,0.4740349783326411,0.04353736740546679,8,0.07042652325902976,0.049278249064201,0.01948024613530223,0.0063331758067816935,0.02574114151919987,0.02185163962905665,0.0007641308634852335,26,74,0.09384151459992066,0.20045788676122497,False,False,True,7.265848734733408e-07,COMPLETE
1588,0.396513056755066,2025-04-06 06:16:44.565489,2025-04-06 06:17:17.816447,0 days 00:00:33.250958,0.6745512776447928,0.098915154732646,8,0.06285538063668335,0.07058115780749942,0.017956245848024844,0.016422660386474348,0.015986971710801684,0.016002582631354633,0.0005242865719545946,27,83,0.09703895485757905,0.18250911245772825,False,False,True,4.900088779629103e-07,COMPLETE
1589,0.35416154861450194,2025-04-06 06:17:18.320965,2025-04-06 06:18:42.987332,0 days 00:01:24.666367,0.6310938974229344,0.5409843044058469,2,0.05329315638746025,0.0636358304386769,0.016156471475663743,0.06297189571925209,0.021805346773071447,0.018573290675476483,0.001137772848654256,25,78,0.09999589367915003,0.21023579904301443,False,False,True,2.2906207805828236e-06,COMPLETE
1590,0.3595103979110718,2025-04-06 06:18:43.513082,2025-04-06 06:19:16.323095,0 days 00:00:32.810013,0.7101077021543558,0.07016590529322442,8,0.061087955764382175,0.2832000796800219,0.013060632170084262,0.058807493979270625,0.018678315917631253,0.011462720224376667,0.0009148569458463448,26,87,0.09532005874432668,0.19127669170762457,False,False,True,1.0314456522651793e-06,COMPLETE
1591,0.37981611490249634,2025-04-06 06:19:16.832148,2025-04-06 06:19:49.575704,0 days 00:00:32.743556,0.6544684381547142,0.5023976267066932,8,0.07283078738501331,0.07432852000369919,0.021720776087578622,0.00936813777692569,0.015386409807463726,0.008622158461585093,0.000653247548519302,27,74,0.0981776394256123,0.06036233117730956,False,False,True,2.997723718475057e-06,COMPLETE
1592,0.38134348988533023,2025-04-06 06:19:50.104086,2025-04-06 06:20:13.697529,0 days 00:00:23.593443,0.7296930434864471,0.04716093144082605,16,0.049766408110396065,0.06042195627886742,0.014884783405373992,0.05498429941934509,0.030444689691534948,0.014054027801405416,0.00075728786530459,27,67,0.0967499027847289,0.20381688992599295,False,True,True,1.6079122808868278e-06,COMPLETE
1593,0.35210310816764834,2025-04-06 06:20:14.210541,2025-04-06 06:20:47.869236,0 days 00:00:33.658695,0.6934349932819911,0.025474348834578504,8,0.08268639374542677,0.08894953603353431,0.009691742910075076,0.06061357975028036,0.03486424419886529,0.0027608228174074013,0.0014672478581189174,28,81,0.09277849200696434,0.1952297701088653,False,False,True,1.7167261216609477e-07,COMPLETE
1594,0.4867641568183899,2025-04-06 06:20:48.380591,2025-04-06 06:21:22.100700,0 days 00:00:33.720109,0.6038652271319953,0.09625511163848952,8,0.05693043115966832,0.0673552748899047,0.01927199242094298,0.06587799041491091,0.02069600080004472,0.015596266367837404,0.0005738643210851433,28,85,0.09803202102649103,0.18830148579853045,False,False,True,8.027246960759537e-07,COMPLETE
1595,0.38617461919784546,2025-04-06 06:21:22.635855,2025-04-06 06:21:55.360286,0 days 00:00:32.724431,0.6774671330840488,0.06149060883409511,8,0.06637078584935598,0.07650895287026213,0.01626419317145859,0.06196061283421797,0.022824493525909238,0.017682173756335184,0.00041007673917374944,27,77,0.09543275657888917,0.18410843811010785,False,False,True,6.502927214104182e-07,COMPLETE
1596,0.38073918819427494,2025-04-06 06:21:55.878671,2025-04-06 06:22:32.460113,0 days 00:00:36.581442,0.6577602006582959,0.08058837242725791,8,0.07477626174582469,0.05344391967638855,0.021173753484260528,0.06932514319793763,0.017568728408329022,0.010565667454352412,0.0010036788588138202,29,90,0.09822258579993998,0.19912772576039312,True,False,True,1.2437753678879573e-06,COMPLETE
1597,0.3567148268222809,2025-04-06 06:22:32.967802,2025-04-06 06:23:05.297139,0 days 00:00:32.329337,0.7141481752352392,0.5825294224865429,8,0.03967967754992101,0.06274367115582594,0.09206647832397695,0.06442261780956178,0.014988608481853998,0.020073543422834968,0.0012355791099921596,26,80,0.09405745129396842,0.18026423859775528,False,False,True,1.8840775061496212e-06,COMPLETE
1598,0.44948443174362185,2025-04-06 06:23:05.827148,2025-04-06 06:23:41.045318,0 days 00:00:35.218170,0.7635782988840082,0.12294453601986333,8,0.0638171187809406,0.08220315705254458,0.011242700271020955,0.07832330099897596,0.026886689673720585,0.013399582091211188,0.0007870210929681704,30,83,0.09671686887237532,0.22341467841756202,False,False,True,3.853999082303407e-07,COMPLETE
1599,0.4876749038696289,2025-04-06 06:23:41.559041,2025-04-06 06:24:15.120859,0 days 00:00:33.561818,0.6285299484343907,0.045407679387241134,8,0.05537100695374478,0.0701816947455187,0.017842172446257198,0.05731861213402005,0.019081853235900326,0.007913187659293199,0.0009074661108539046,28,73,0.09118717391405765,0.19246565986450756,False,False,True,5.432019853480429e-07,COMPLETE
1600,0.3447510600090027,2025-04-06 06:24:15.629068,2025-04-06 06:24:52.804818,0 days 00:00:37.175750,0.2246333109127649,0.0703631342565925,8,0.04563526735257563,0.05793949277074434,0.023169191426985546,0.07457506584962297,0.024812281962767344,0.005737721206992406,0.00047943943607716056,27,76,0.09812733885765089,0.20705844594031853,False,False,False,8.936408199092967e-07,COMPLETE
1601,0.3861257255077363,2025-04-06 06:24:53.339782,2025-04-06 06:25:25.359468,0 days 00:00:32.019686,0.6963069479875554,0.02941079029727346,8,0.079026739234562,0.06608589614559995,0.013118537037534742,0.05938056298582243,0.016572630838273168,0.015514083488029478,0.0006177699547770529,26,79,0.09995133397829556,0.2010403178419225,False,False,True,2.423585981129421e-07,COMPLETE
1602,0.4289791226387024,2025-04-06 06:25:25.866923,2025-04-06 06:25:59.444988,0 days 00:00:33.578065,0.7381983220575178,0.0901657236181606,8,0.06950640104065581,0.04756526054716778,0.019871330652980156,0.004152661368282311,0.032208535663135154,0.012636485568316386,0.0010904543051482442,28,70,0.09536692524602548,0.18892031646138424,False,False,True,3.1608371506258576e-06,COMPLETE
1603,0.4898605585098267,2025-04-06 06:25:59.958934,2025-04-06 06:26:32.955317,0 days 00:00:32.996383,0.6741450408213122,0.05637983855979661,8,0.06096932268301636,0.0727948160262761,0.01508395811031467,0.02127765982535397,0.020998811183819178,0.009481545631551059,0.0006564098191623506,27,86,0.09682240122678507,0.18077495853735806,False,False,True,1.468279673939215e-06,COMPLETE
1604,0.38275011181831364,2025-04-06 06:26:33.483904,2025-04-06 06:28:00.735203,0 days 00:01:27.251299,0.6440340853499822,0.10622666695653911,2,0.09062488704068919,0.07872061088468439,0.05003950288847169,0.06645475198007582,0.014153114693085849,0.018240185884203626,0.0007732819748774315,26,81,0.09326226570786739,0.19526245451401253,False,False,True,1.0125077400294676e-06,COMPLETE
1605,0.48665606975555425,2025-04-06 06:28:01.248389,2025-04-06 06:28:32.694349,0 days 00:00:31.445960,0.7018585813131012,0.07495487931065964,8,0.04987055751591849,0.062171431330448744,0.01722139461516342,0.013338201316625085,0.019095710631754532,0.02274140329382734,0.0009538805483664732,25,76,0.09815897358136655,0.18761302863915033,False,False,True,2.280541922259125e-06,COMPLETE
1606,0.40582859516143804,2025-04-06 06:28:33.232591,2025-04-06 06:29:07.105787,0 days 00:00:33.873196,0.664829743718893,0.010829863874725898,8,0.06884045847772959,0.06928192767606958,0.0242416118504629,0.06236081840178549,0.028480728127321508,0.014823583104085745,0.001338265752014176,28,84,0.09522715247294278,0.2172676434596402,False,False,True,6.746381437828516e-07,COMPLETE
1607,0.3645387470722199,2025-04-06 06:29:07.621406,2025-04-06 06:29:40.584981,0 days 00:00:32.963575,0.6855962053279684,0.054908988880062584,8,0.059157109314363625,0.09933838335773708,0.02103938384317687,0.059763586933941806,0.023229401708180084,0.011457807427101379,0.0005522665406746133,27,87,0.0966602073681978,0.20362018852141162,False,False,True,5.21551147188767e-07,COMPLETE
1608,0.39390820264816284,2025-04-06 06:29:41.095406,2025-04-06 06:30:15.485468,0 days 00:00:34.390062,0.7162242758904795,0.042660202914482845,8,0.06527214138591814,0.05536937210652671,0.014272411197976499,0.055392751151995205,0.017012758462938954,0.007082434961053552,0.0016967727643443773,29,79,0.09849727997348087,0.21057953889093825,False,False,True,3.406336328569981e-07,COMPLETE
1609,0.2849203169345856,2025-04-06 06:30:16.021668,2025-04-06 06:30:49.267302,0 days 00:00:33.245634,0.7456824715972884,0.08508778212542664,8,0.226513561422399,0.07541505483101965,0.017346729827072492,0.03195708089394791,0.020757128873724,0.016701200606754896,0.00035846203909743334,27,91,0.09404927742409772,0.19576806767327187,False,True,True,1.6744661575808204e-06,COMPLETE
1610,0.48737500905990605,2025-04-06 06:30:49.782514,2025-04-06 06:31:23.708493,0 days 00:00:33.925979,0.6189925235690178,0.1253292764697219,8,0.0543461508070172,0.06530562102486263,0.05610928900972986,0.06384987290156321,0.014912182933602205,0.01988353775482065,0.0007255291744313174,28,82,0.09829520906493025,0.18307040686311601,False,False,True,1.176985910374996e-06,COMPLETE
1611,0.36249315142631533,2025-04-06 06:31:24.220779,2025-04-06 06:31:57.480641,0 days 00:00:33.259862,0.6515628407472629,0.026656365924424493,8,0.0780392934770953,0.0849113804039053,0.011585741871500363,0.006870091291047053,0.018255755194646093,0.004514446048906175,0.0008816997933162313,26,72,0.09645035348934299,0.19137056082747259,True,False,True,7.73318631613263e-07,COMPLETE
1612,0.48801785707473755,2025-04-06 06:31:58.018806,2025-04-06 06:32:30.645258,0 days 00:00:32.626452,0.684980518902935,0.09978288099057189,8,0.07376279953750572,0.060142375090342405,0.01890683575014688,0.067880556052183,0.022697053926803736,0.012828125981924753,0.0011198474784200464,27,75,0.09992066367346222,0.178852291254365,False,False,True,3.9070735328482946e-06,COMPLETE
1613,0.3954172670841217,2025-04-06 06:32:31.160858,2025-04-06 06:32:55.292481,0 days 00:00:24.131623,0.7213839114614218,0.0665177999329585,16,0.05999703200172201,0.07046797467551347,0.015776215531992467,0.057077808324909114,0.025905430409982163,0.010420742522397499,0.00046944877222415335,28,78,0.06620624003277484,0.19780016508785203,False,False,True,4.286461047278253e-07,COMPLETE
1614,0.3594972014427185,2025-04-06 06:32:55.834369,2025-04-06 06:33:28.416872,0 days 00:00:32.582503,0.6672117500419642,0.04426931437221307,8,0.18848885931892362,0.05108711016842793,0.009129170411191163,0.06097564843940299,0.05025981939683431,0.014711294154340686,0.0007434774164091273,26,83,0.09227673853488666,0.20480905095290455,False,False,True,2.1054918809398845e-06,COMPLETE
1615,0.3588224172592163,2025-04-06 06:33:28.937031,2025-04-06 06:34:03.449607,0 days 00:00:34.512576,0.7013231109144585,0.08355839706353956,8,0.0449112530996022,0.07965905616082636,0.022384092606201982,0.011203737348994445,0.016465530216985734,0.008208087969007793,4.9962635003301535e-05,29,88,0.09997668527595051,0.18682275092212064,False,False,True,1.0529636452521645e-06,COMPLETE
1616,0.48726065158843995,2025-04-06 06:34:03.963790,2025-04-06 06:35:34.178257,0 days 00:01:30.214467,0.6445721065387504,0.06475704129599161,2,0.06699925072594454,0.06643955412793225,0.013032882272487206,0.07248108688010453,0.01910611228057102,0.018447088141011828,0.0005784688312432808,27,80,0.08756006022191354,0.1730180819535119,False,False,True,2.7542770187585768e-06,COMPLETE
1617,0.47673387527465827,2025-04-06 06:35:34.713848,2025-04-06 06:36:06.828968,0 days 00:00:32.115120,0.6798295432598652,0.10809382797588749,8,0.052218751095246,0.05828635402287983,0.019271560373099596,0.05802100479893419,0.0309655246505003,0.016568367316346387,0.0009214469007496041,26,70,0.09526436746726102,0.1925225530735032,False,False,True,1.3900818109266404e-06,COMPLETE
1618,0.48659707307815553,2025-04-06 06:36:07.345206,2025-04-06 06:36:38.872050,0 days 00:00:31.526844,0.7316583171014895,0.02867906491152073,8,0.0367580054564825,0.04310099665688288,0.015877329579952436,0.06469617492972117,0.02114438788350772,0.01255714393881735,0.0012161054156868583,25,85,0.09667372297439737,0.20032799974328624,False,False,True,8.193008395982539e-07,COMPLETE
1619,0.3496707260608673,2025-04-06 06:36:39.385468,2025-04-06 06:37:16.685009,0 days 00:00:37.299541,0.6008525361398463,0.05685001277361047,8,0.057951289958103065,0.07481501347338013,0.021344661903718684,0.053714182719959355,0.013724784817852328,0.009464488285296991,0.0006491627878194659,27,76,0.0978400944623987,0.20946013564449062,False,False,False,5.804963537940708e-07,COMPLETE
1620,0.4848296999931336,2025-04-06 06:37:17.218135,2025-04-06 06:37:50.795496,0 days 00:00:33.577361,0.6980753791557094,0.08764467156981573,8,0.07074349224221856,0.06973596505294312,0.0172682198244546,0.0622344165215247,0.028781438772415447,0.005310079807009437,0.0010292935922032443,28,73,0.09398083415024787,0.18279742949823208,False,False,True,2.876408057983667e-07,COMPLETE
1621,0.4183350145816803,2025-04-06 06:37:51.313738,2025-04-06 06:38:23.145885,0 days 00:00:31.832147,0.666210090138563,0.25989050653877427,8,0.0277238325711798,0.06270808540872133,0.014425868763289686,0.00973231955212174,0.017739341133489572,0.021749600745994756,0.0007626789557978982,26,81,0.0999956430847069,0.19100656642444772,False,False,True,1.9087079295194035e-06,COMPLETE
1622,0.3595082938671112,2025-04-06 06:38:23.685309,2025-04-06 06:38:57.798848,0 days 00:00:34.113539,0.7135696666524748,0.13262947612016376,8,0.06434442005052024,0.09023464554285934,0.024763572854355438,0.01444649273125408,0.023531847955967255,0.014664817186179865,0.000864019254897788,29,65,0.09661425001623794,0.17851422893871477,False,False,True,4.488653417993636e-07,COMPLETE
1623,0.4698832392692566,2025-04-06 06:38:58.319329,2025-04-06 06:39:31.591039,0 days 00:00:33.271710,0.7766469109285724,0.043467318573439113,8,0.0525367198190914,0.053830548373746887,0.01843845972614811,0.0826082598022962,0.019691622858758955,0.011121280741230945,0.0005575727610657094,27,91,0.09998409202745244,0.19855613303965564,False,False,True,8.978471662879706e-07,COMPLETE
1624,0.4436049342155457,2025-04-06 06:39:32.109853,2025-04-06 06:40:05.555569,0 days 00:00:33.445716,0.6258076168132678,0.0749569831241911,8,0.08235161565093854,0.07960929161710206,0.020063276048575458,0.059541881293663154,0.01581327290507986,0.0025391390898737327,0.00044005097787280046,28,84,0.09011853571193768,0.030355175859797037,False,False,True,6.627668752666529e-07,COMPLETE
1625,0.3952578604221344,2025-04-06 06:40:06.100313,2025-04-06 06:40:39.079286,0 days 00:00:32.978973,0.6391842402071765,0.10243408909441745,8,0.061503949607857857,0.07224450484174127,0.01086932364311597,0.06986564234894005,0.014257980797403747,0.017378127265547494,0.0014799987540527234,27,78,0.09806711502634093,0.1867490286280369,False,False,True,1.1209170142834058e-06,COMPLETE
1626,0.47578334212303164,2025-04-06 06:40:39.602973,2025-04-06 06:41:11.700213,0 days 00:00:32.097240,0.6861145191785125,0.06113419573275887,8,0.07491489713958671,0.06434958983097028,0.02358708338348469,0.06567279840340239,0.03409021412705832,0.019623762545865786,0.0006863837735674911,26,87,0.09498212634222464,0.17377130734455368,False,False,True,1.5410809162335365e-06,COMPLETE
