number,value,datetime_start,datetime_complete,duration,params_alpha-eval,params_alpha-train,params_batch-size,params_eps-eval,params_eps-train,params_lambda-actions-eval,params_lambda-actions-train,params_lambda-frames-eval,params_lambda-frames-train,params_learning-rate,params_n-epochs,params_n-frames,params_radius-gw,params_rho,params_std-feats,params_ub-actions,params_ub-frames,params_weight-decay,state
112,0.40357673764228824,2025-04-05 10:16:46.620931,2025-04-05 10:17:36.082530,0 days 00:00:49.461599,0.1738929375133931,0.48018326650803755,2,0.18279157351800285,0.013700990999766465,0.09643426065258284,0.08638643101613377,0.04999095199692743,0.020211515429510066,0.00013339895852551968,12,87,0.020915074351741576,0.28129062752163037,False,False,True,4.917830276299281e-08,COMPLETE
113,0.40527011156082154,2025-04-05 10:17:36.120720,2025-04-05 10:18:25.937426,0 days 00:00:49.816706,0.11838094070965825,0.47925714206584424,2,0.17662014192243555,0.013036626811008686,0.04229649849930657,0.08736823631909518,0.04601522005633858,0.020095355687069782,9.594278780656073e-05,12,86,0.019596004886833926,0.28091462790610194,False,False,True,1.1371430630437498e-07,COMPLETE
114,0.4066331863403321,2025-04-05 10:18:25.975602,2025-04-05 10:19:18.508737,0 days 00:00:52.533135,0.17017450798085473,0.4804423843590574,2,0.18220671593461701,0.011596120767164143,0.0999392967848183,0.08588094183004166,0.050537491936060726,0.01941923236974135,9.063521889767672e-05,13,85,0.01470539158521653,0.2998904107984744,False,False,True,1.6951930506449702e-07,COMPLETE
115,0.3985880553722382,2025-04-05 10:19:18.546224,2025-04-05 10:20:16.016011,0 days 00:00:57.469787,0.11645554199428468,0.5683885424875351,2,0.18446623496630465,0.02608753343393253,0.09396066817910669,0.08729912761073251,0.05619965662916602,0.02126436619244323,0.0001078434051325104,15,76,0.020776731003805022,0.2971854823698571,False,False,True,3.861284406272772e-07,COMPLETE
116,0.389316725730896,2025-04-05 10:20:16.054937,2025-04-05 10:21:08.763124,0 days 00:00:52.708187,0.14033808195917957,0.4980946966042863,2,0.17567937241505902,0.03738704532768229,0.09870749420794585,0.08203489201494539,0.04599709441766143,0.08081231651480615,9.472854161466263e-05,13,86,0.01387707436002909,0.2653109041213577,False,False,True,1.7453997869717937e-07,COMPLETE
117,0.4013058960437775,2025-04-05 10:21:08.803357,2025-04-05 10:22:04.141999,0 days 00:00:55.338642,0.2136830558970478,0.39760904728469537,2,0.1625309004876493,0.04923538672243012,0.09969609338200364,0.07381323903884182,0.050108517634027135,0.01877616352044554,0.00021109990777762883,14,96,0.017250153607653543,0.29304895562347855,False,False,True,4.706072217421631e-07,COMPLETE
118,0.4190109372138977,2025-04-05 10:22:04.181832,2025-04-05 10:22:45.531223,0 days 00:00:41.349391,0.17410044080051318,0.45964872530599615,2,0.19071577644019816,0.011135715250484332,0.09555431746425719,0.09811401785452646,0.04708874942849794,0.031283237151478654,0.00014473218420497458,9,101,0.020846690504869574,0.28542652467613755,False,False,True,2.6542778662944615e-07,COMPLETE
119,0.40536516308784487,2025-04-05 10:22:45.570272,2025-04-05 10:23:26.896053,0 days 00:00:41.325781,0.2657922189299967,0.479457754521255,2,0.1875812585672313,0.01347044649190802,0.09674271822932425,0.09704662845633717,0.03847678459642711,0.030539934007102934,0.00013701012514607654,9,99,0.09796857560069193,0.284363400628918,False,False,True,8.256171623029237e-07,COMPLETE
120,0.3270898044109345,2025-04-05 10:23:26.936529,2025-04-05 10:24:09.182351,0 days 00:00:42.245822,0.27367469722934235,0.4572357089930396,2,0.18816940222849654,0.029950410945996847,0.09363644176689229,0.09800991911160838,0.03561735530917783,0.032159480216291586,8.346260043684777e-05,9,100,0.09987495123212327,0.2998968489989931,True,False,True,2.1203942208776408e-06,COMPLETE
121,0.3997891187667847,2025-04-05 10:24:09.222675,2025-04-05 10:24:47.633000,0 days 00:00:38.410325,0.1738907052540804,0.4812719317983012,2,0.17615571653211196,0.011461021549343692,0.09783323981750462,0.09280814324615135,0.03859112719938934,0.036023381740696574,0.00014205352396228386,8,93,0.02089376415434971,0.2847078873585556,False,False,True,8.351929503058974e-07,COMPLETE
122,0.39561709761619573,2025-04-05 10:24:47.673212,2025-04-05 10:25:29.270025,0 days 00:00:41.596813,0.25486303383907055,0.4187217974422028,2,0.1835808010228135,0.02230629372452919,0.09486462148501978,0.09949497147227797,0.040709242026681705,0.034179543853464806,0.00018294173950572241,9,110,0.014317903292286402,0.2830143767466249,False,False,True,4.53841927571955e-06,COMPLETE
123,0.4143095493316651,2025-04-05 10:25:29.319711,2025-04-05 10:26:13.497219,0 days 00:00:44.177508,0.3060271034061268,0.5082222703056979,2,0.1916048503167449,0.012488661273288187,0.09668326081084247,0.08688455132922675,0.046778681029089636,0.01645104100055613,0.0001514431362532174,10,101,0.021259788378339615,0.27094375281756916,False,False,True,2.85765635959904e-07,COMPLETE
124,0.4027101874351502,2025-04-05 10:26:13.538357,2025-04-05 10:26:58.012141,0 days 00:00:44.473784,0.33937596002064896,0.5088463775375242,2,0.19464144508745568,0.021795809906969738,0.09063191988380413,0.08360988016113882,0.04690473456779688,0.029071228556317955,0.0004913755455199912,10,106,0.09328206420080697,0.2913575064172149,False,False,True,2.766152984227439e-07,COMPLETE
125,0.41495198607444767,2025-04-05 10:26:58.053685,2025-04-05 10:27:36.692086,0 days 00:00:38.638401,0.31772075013458295,0.6240743066114784,2,0.02639938417126013,0.005699733904881833,0.08793168696019242,0.09610190571952094,0.08897502996216419,0.015413053280785561,0.00010102964107336008,8,100,0.0731657264768589,0.2711917606424569,False,False,True,5.859482246095848e-07,COMPLETE
126,0.4284283578395844,2025-04-05 10:27:36.733725,2025-04-05 10:28:15.472221,0 days 00:00:38.738496,0.32542965442417,0.7075244377254969,2,0.0264113007752644,0.005181312777192783,0.08909182403213119,0.09398206735941732,0.08432446015512002,0.01647654157578958,0.00016033959294499913,8,113,0.0833096390452488,0.26741762894346044,False,False,True,0.0009576440200481302,COMPLETE
127,0.33389848470687866,2025-04-05 10:28:15.515267,2025-04-05 10:28:54.175470,0 days 00:00:38.660203,0.312154201920542,0.7636065179824337,2,0.026779342958115557,0.0057091528212789,0.08788530969393842,0.09334849101974912,0.0822757264715473,0.01752688637858703,0.0008340638870326859,8,101,0.08213835787089536,0.2561519139662395,False,False,True,0.00025996567616375733,COMPLETE
128,0.28615721464157107,2025-04-05 10:28:54.217629,2025-04-05 10:29:36.417425,0 days 00:00:42.199796,0.3666001991013091,0.7112433034090629,2,0.005409294244905105,0.09986744798310468,0.08800756981996832,0.09649957356321635,0.08770413156091639,0.014999158964712026,0.00015774649104743864,9,115,0.07156014706428229,0.27096383403802293,False,True,True,1.416278086759676e-06,COMPLETE
129,0.4020104050636292,2025-04-05 10:29:36.460033,2025-04-05 10:29:56.090852,0 days 00:00:19.630819,0.2976914908686201,0.6800676602889024,8,0.20314780782626393,0.008469134583094957,0.09598167015722396,0.09613438147939736,0.09817561634447708,0.022530015966735695,0.00021034028084740037,8,112,0.08889388589606537,0.26267770780881294,False,False,True,6.793008731155781e-06,COMPLETE
130,0.35022754669189454,2025-04-05 10:29:56.133637,2025-04-05 10:30:40.249495,0 days 00:00:44.115858,0.30644983403886444,0.6256418822181362,2,0.032100411028698275,0.021845238239889164,0.09038119303275421,0.09742202630556061,0.0841635776995339,0.04222522755126455,0.002638633736829953,10,118,0.07715477971428103,0.2685432931858381,False,False,True,6.448086885137396e-07,COMPLETE
131,0.393518340587616,2025-04-05 10:30:40.293981,2025-04-05 10:31:22.345561,0 days 00:00:42.051580,0.24180393992352042,0.7327184518131569,2,0.013895046318328923,0.013804250653491333,0.084112808463751,0.09051187511875275,0.08922748002096562,0.015421347452023157,9.774011863932483e-05,9,123,0.06776581091409795,0.2729490275006983,False,False,True,5.411659320547111e-07,COMPLETE
132,0.37657455801963813,2025-04-05 10:31:22.389263,2025-04-05 10:32:00.977710,0 days 00:00:38.588447,0.32609159594220727,0.6859376732328883,2,0.007247783237840755,0.004350802453033296,0.08133049137322185,0.09999870311223479,0.09395530437212742,0.016585668416211383,7.957703148227245e-05,8,108,0.08118480134315473,0.11090206340432845,False,False,True,1.4018803184506927e-05,COMPLETE
133,0.40342609286308295,2025-04-05 10:32:01.021720,2025-04-05 10:32:42.299363,0 days 00:00:41.277643,0.288231672110011,0.6557310067075195,2,0.03923325232234031,0.013935066446161748,0.0918861686464946,0.09200048791825569,0.09048531230437161,0.02322323156700158,0.00015622142210109852,9,98,0.07491974398692616,0.25692506163700657,False,False,True,9.943288254751897e-07,COMPLETE
134,0.41203693747520453,2025-04-05 10:32:42.343250,2025-04-05 10:34:13.381835,0 days 00:01:31.038585,0.3741530521331215,0.3737178114680214,2,0.021910845317961218,0.025714616945101302,0.0742866897760225,0.09544257371611384,0.04485350313890334,0.030160966044601705,0.00023079069641427844,27,105,0.08647631906767944,0.2776924914080752,False,False,True,0.0005741507572865689,COMPLETE
135,0.41860290169715886,2025-04-05 10:34:13.429548,2025-04-05 10:34:49.401963,0 days 00:00:35.972415,0.3783051927501308,0.3267302682309909,2,0.020313154090537692,0.025218559490786614,0.0769126357182017,0.0953172099435384,0.03152657584871303,0.03091295902558904,0.00023663970193097094,7,106,0.09402969516043629,0.29341061436447646,False,False,True,0.0009272140989799207,COMPLETE
136,0.46744500994682314,2025-04-05 10:34:49.446864,2025-04-05 10:36:20.006769,0 days 00:01:30.559905,0.408668194728831,0.3646537244620954,2,0.020672191033553007,0.03021315724805699,0.07966599260113688,0.09424849701792082,0.03161841978147458,0.038028350143111116,0.0003858901839323824,27,105,0.09539821071814183,0.2954688488630105,False,False,True,0.0006567597776435101,COMPLETE
137,0.4412477374076843,2025-04-05 10:36:20.051305,2025-04-05 10:37:49.318303,0 days 00:01:29.266998,0.39577688700059455,0.3834171686020954,2,0.020625022958913046,0.032484387707903406,0.07407155444089716,0.09437627785861702,0.04395803004608192,0.03819580755161854,0.0006092787866864928,26,113,0.09433426962450085,0.2938801688001371,False,False,True,0.0007419835793997608,COMPLETE
138,0.4665826261043549,2025-04-05 10:37:49.371834,2025-04-05 10:39:20.721993,0 days 00:01:31.350159,0.40222959937213437,0.3404531952388311,2,0.020097109333478805,0.032184324628743155,0.0743730561140544,0.09449008720257288,0.044291929042866905,0.03888717445175153,0.000627958095772771,27,132,0.09351689805460085,0.2913695855028224,False,False,True,0.0006710293393066824,COMPLETE
139,0.4762738227844239,2025-04-05 10:39:20.767529,2025-04-05 10:40:53.339706,0 days 00:01:32.572177,0.4770926256920047,0.33392139875273846,2,0.021845275795406797,0.02999646390901852,0.07884246578657712,0.09451002217010734,0.030570071730908106,0.04581283906742905,0.0006015341753240139,27,137,0.0944069213989099,0.29247429161642463,False,False,True,0.0009513537922236037,COMPLETE
140,0.4593128323554993,2025-04-05 10:40:53.385097,2025-04-05 10:42:25.413426,0 days 00:01:32.028329,0.39712220480420657,0.32825387926055494,2,0.02145978992829241,0.03250578637035615,0.07884927956643847,0.09491228214304091,0.03038948262203201,0.04771894426410145,0.0006301297187199954,27,140,0.09361997386071426,0.2940505545333212,False,False,True,0.0009797689493145777,COMPLETE
141,0.4583424508571625,2025-04-05 10:42:25.459167,2025-04-05 10:43:56.958298,0 days 00:01:31.499131,0.38921054879411165,0.3270227384591563,2,0.022489429008196005,0.04448966632764872,0.07949016103430646,0.0948130565499866,0.030734813154248808,0.047718916391987436,0.0005650770276365937,27,133,0.09367918546182487,0.29412253423663953,False,False,True,0.0006917737214207877,COMPLETE
142,0.4723710060119629,2025-04-05 10:43:57.004394,2025-04-05 10:45:28.917704,0 days 00:01:31.913310,0.4654611346016547,0.3141267246901788,2,0.021625164232761562,0.04487469399945884,0.0797391074653137,0.09500243040123771,0.03063739228418409,0.04708093956657967,0.0006706027171573456,27,136,0.09114017358379019,0.2943681695670892,False,False,True,0.0009621752559659583,COMPLETE
143,0.34379720687866216,2025-04-05 10:45:28.963891,2025-04-05 10:47:06.192589,0 days 00:01:37.228698,0.39890179556882505,0.33206814006860946,2,0.025703595422787065,0.04967054734503412,0.07905786426329331,0.09356345829417137,0.03043089904628376,0.04864712949089441,0.0006188157279742844,29,137,0.09373242722118112,0.2938465370331196,False,False,True,0.0009797093335757623,COMPLETE
144,0.47192477583885195,2025-04-05 10:47:06.239324,2025-04-05 10:48:34.608554,0 days 00:01:28.369230,0.4683512071569291,0.30770933336358536,2,0.03534543671516398,0.033885456768731725,0.0802008717022317,0.09486453051465646,0.027386747834556562,0.04682681255404643,0.001051871202235493,26,141,0.0936457990223861,0.29221218744533795,False,False,True,0.0009936779350134246,COMPLETE
145,0.46591963768005373,2025-04-05 10:48:34.656422,2025-04-05 10:50:03.579298,0 days 00:01:28.922876,0.48568692488822623,0.3075245261245391,2,0.03551495107642781,0.04640355381753871,0.07636981870151316,0.09495300938170945,0.027277926957858533,0.04670379000285997,0.0010860081102625082,26,139,0.09390583865243876,0.29008334412292786,False,False,True,0.000988740265392684,COMPLETE
146,0.45864386558532716,2025-04-05 10:50:03.627549,2025-04-05 10:51:29.225920,0 days 00:01:25.598371,0.4726437473482612,0.3057739964284983,2,0.0004370264860931797,0.046080367516476324,0.07627380991948739,0.09476816805724052,0.0270720032647796,0.05216887399563479,0.0011225118974191781,25,140,0.09408206769772455,0.2930602653896877,False,False,True,0.0009991576932362558,COMPLETE
147,0.448973947763443,2025-04-05 10:51:29.273895,2025-04-05 10:52:55.769219,0 days 00:01:26.495324,0.46872705022929567,0.3089573195653964,2,0.037621463446127275,0.06774754126831295,0.07711491575300426,0.09530443359407478,0.026898527666715362,0.05237445612489843,0.0009987519396077952,25,139,0.09368801199429039,0.29447324248672035,False,False,True,0.000839261276459221,COMPLETE
148,0.38124763369560244,2025-04-05 10:52:55.817884,2025-04-05 10:54:24.176285,0 days 00:01:28.358401,0.48358532582239266,0.30477520867231656,2,0.037984418455266324,0.07060664532536626,0.07526427752950049,0.0903305510532806,0.027210123123674414,0.05187574567125765,0.001183465811873223,25,142,0.09352574482280733,0.293973023083747,True,False,True,0.0009425121909758781,COMPLETE
149,0.4353268086910248,2025-04-05 15:55:06.206810,2025-04-05 15:56:36.830907,0 days 00:01:30.624097,0.4504666672173787,0.34064233479785344,2,0.017649008869960413,0.04685293270665221,0.08247464142819001,0.09433108341531306,0.03244170702314601,0.04609204000000883,0.0009287601065780816,26,132,0.09122142365028492,0.29130937431438275,False,False,True,0.0006759239323046983,COMPLETE
150,0.4742173492908478,2025-04-05 15:56:36.882104,2025-04-05 15:58:05.012996,0 days 00:01:28.130892,0.4532999179235344,0.3438828075854723,2,0.033682025230175536,0.051958620233207575,0.08301071245521935,0.0932786397708269,0.022737446123401943,0.045555533397925424,0.0009497032289710269,26,134,0.09050471146720902,0.2898935287647432,False,False,True,0.0006092342494446662,COMPLETE
151,0.4467328429222107,2025-04-05 15:58:05.060499,2025-04-05 15:59:33.179785,0 days 00:01:28.119286,0.4469179406780579,0.3397134091270169,2,0.03308150985852076,0.04900106783964072,0.08048749809914883,0.09264062885685742,0.028415564383437494,0.046291981977289245,0.0017681609089650874,26,133,0.09111015386701975,0.2892254645454392,False,False,True,0.0006541559218615066,COMPLETE
152,0.34971649646759034,2025-04-05 15:59:33.228995,2025-04-05 16:01:01.095804,0 days 00:01:27.866809,0.4558722777524617,0.3413211694275046,2,0.0005703348697622748,0.05738282058778766,0.08089342187169625,0.0935276478475611,0.02759970487129717,0.045744832025456164,0.0017323885357374159,26,135,0.09048102627891233,0.29944609102457115,False,False,True,0.00062586305954375,COMPLETE
153,0.359503585100174,2025-04-05 16:01:01.144553,2025-04-05 16:02:31.812893,0 days 00:01:30.668340,0.5191030712078166,0.29150203614704584,2,0.03139134469953305,0.06857487886715563,0.08237825762751844,0.09197189413201627,0.023315163643514186,0.04760284540630337,0.0017450134622494587,27,131,0.09647094323765884,0.29086093711686284,False,False,True,0.0004176320796762066,COMPLETE
154,0.4570843517780304,2025-04-05 16:02:31.871775,2025-04-05 16:04:00.536168,0 days 00:01:28.664393,0.43410113254466937,0.3169733800790226,2,0.044414964062040305,0.0508500397338468,0.085661634836279,0.08951273906779753,0.03403952405229727,0.05032507814318485,0.0009911812172434308,26,144,0.09122407093685998,0.28926321658009413,False,False,True,0.0007077934836226035,COMPLETE
155,0.3837297976016999,2025-04-05 16:04:00.585777,2025-04-05 16:05:29.748633,0 days 00:01:29.162856,0.42500633285536343,0.31977827305729845,2,0.04302626883284047,0.04739269389761191,0.08535888998313823,0.08954869328254751,0.033352730193804615,0.050250769769613395,0.0009582700948837913,26,145,0.09101596061391144,0.28966140983779237,False,False,True,0.0004113945522353101,COMPLETE
156,0.45648254752159123,2025-04-05 16:05:29.798377,2025-04-05 16:07:05.786859,0 days 00:01:35.988482,0.4802145563132243,0.36131023721140065,2,0.05359135568417157,0.05137670063165222,0.08306648806086153,0.09225380172593949,0.025790240956671942,0.05405050168537271,0.0006538135198891513,28,150,0.08761771691014472,0.2944841334738756,False,False,True,0.0006975320475566491,COMPLETE
157,0.43083066940307624,2025-04-05 16:07:05.836510,2025-04-05 16:08:40.025257,0 days 00:01:34.188747,0.4006396633406542,0.3589765025260063,2,0.04963045214405787,0.0543941370200305,0.07689038780567756,0.09170625337935226,0.025782222836968467,0.057693111291155966,0.0006544029074282455,28,149,0.08815307167545228,0.2953820303299476,False,False,True,0.0007288960625126068,COMPLETE
158,0.28615721464157107,2025-04-05 16:08:40.075637,2025-04-05 16:10:06.678886,0 days 00:01:26.603249,0.4896139116340852,0.2956961839674575,2,0.0568015855190622,0.06496670312352022,0.07991072978287421,0.0996823850331558,0.02929365163261644,0.053002306598052204,0.0011245938187693949,25,141,0.09638503085883504,0.2985438514712184,False,True,True,0.0004574139709997707,COMPLETE
159,0.44041699171066284,2025-04-05 16:10:06.729147,2025-04-05 16:11:33.511344,0 days 00:01:26.782197,0.47215812111720756,0.31541468363380193,2,0.034452580736642174,0.041747074563795346,0.08334972259867304,0.0971255980844793,0.020777199676861556,0.04378723401615526,0.0015616790994275062,25,146,0.08600048521336703,0.2877409927991711,False,False,True,0.0003029552713966876,COMPLETE
160,0.41083355545997624,2025-04-05 16:11:33.562408,2025-04-05 16:13:09.900978,0 days 00:01:36.338570,0.5061715137443815,0.3641628516150964,2,0.047247670052686194,0.07808727648425345,0.07332232674607815,0.08940143218800933,0.02390065441935041,0.055030011673165125,0.0007478010103581206,28,132,0.0951419078908848,0.2875195072778286,True,False,True,0.000328426920032889,COMPLETE
161,0.475071269273758,2025-04-05 16:13:09.951426,2025-04-05 16:14:36.206604,0 days 00:01:26.255178,0.47497728382834126,0.3100607189689771,2,0.03565005373324402,0.03807061897350361,0.08570690895662095,0.09704908291715297,0.02147587175955453,0.044964169277355054,0.0013485756174353904,25,146,0.09234435542976673,0.29494258619568403,False,False,True,0.0007352344395450474,COMPLETE
162,0.472371369600296,2025-04-05 16:14:36.258056,2025-04-05 16:15:58.605473,0 days 00:01:22.347417,0.4461805852500816,0.26943788951387443,2,0.011627089213148593,0.035938996226984175,0.08579892337775127,0.0924278468479909,0.027243891125922293,0.03963969151421067,0.000527918710964606,24,139,0.09172092997598531,0.2997393019376811,False,False,True,0.0007653517186212707,COMPLETE
163,0.46722055673599244,2025-04-05 16:15:58.657334,2025-04-05 16:17:22.350834,0 days 00:01:23.693500,0.4279109845090446,0.2803685936700092,2,0.01177363120387757,0.04111493477304804,0.0851096402389942,0.09136625255542798,0.02748411492051315,0.050852471851948015,0.0021737509723822514,24,139,0.09206072323576449,0.29981363794325155,False,False,True,0.0004937276906126227,COMPLETE
164,0.45279930233955384,2025-04-05 16:17:22.402265,2025-04-05 16:18:44.458823,0 days 00:01:22.056558,0.42220872619780336,0.2813761438761741,2,0.01079010143189183,0.04136094535867861,0.08552805764243253,0.0913662563225854,0.03104051475992198,0.0507482806666973,0.0004082614509499736,24,139,0.09929968665978983,0.2994866910266453,False,False,True,0.000226672543288395,COMPLETE
165,0.470612370967865,2025-04-05 16:18:44.520032,2025-04-05 16:20:06.956795,0 days 00:01:22.436763,0.4289492218752276,0.24745212484538007,2,0.014777341661189849,0.038399614519175736,0.08573188247228838,0.0906710101103744,0.03448317240195394,0.04005290302841226,0.00041848671264787407,24,144,0.09960732800832886,0.2975919247497096,False,False,True,0.0004942329577791614,COMPLETE
166,0.344155615568161,2025-04-05 16:20:07.012128,2025-04-05 16:21:30.049959,0 days 00:01:23.037831,0.4354656960031315,0.24377210276631284,2,0.012917606102576147,0.0350820928486209,0.08619287333125451,0.09762176580343758,0.025219515515324368,0.04004785228383748,0.0021979221205743467,24,144,0.08800417829439083,0.29987540570208115,False,False,True,0.0005102196063939719,COMPLETE
167,0.43125562667846684,2025-04-05 16:21:30.103162,2025-04-05 16:23:04.416642,0 days 00:01:34.313480,0.5169890695625975,0.2701476961956413,2,0.01480578929672638,0.05386691270072694,0.0833408795928145,0.09014106294413857,0.034742180484012994,0.04377864691502686,0.0005369829626000957,28,149,0.09797062263168223,0.28526790447005146,False,False,True,0.000558679892817931,COMPLETE
168,0.39375512599945073,2025-04-05 16:23:04.469408,2025-04-05 16:24:26.940119,0 days 00:01:22.470711,0.474308129173822,0.2505459065523776,2,0.0011788160836019648,0.03588594675575364,0.0784709938980393,0.09298532136757369,0.022146251277958825,0.047817044529317676,0.0013691971546798414,24,128,0.09222807971111686,0.292784802325102,False,False,True,0.00035597379709080204,COMPLETE
