number,value,datetime_start,datetime_complete,duration,params_alpha-eval,params_alpha-train,params_batch-size,params_eps-eval,params_eps-train,params_lambda-actions-eval,params_lambda-actions-train,params_lambda-frames-eval,params_lambda-frames-train,params_learning-rate,params_n-epochs,params_n-frames,params_radius-gw,params_rho,params_std-feats,params_ub-actions,params_ub-frames,params_weight-decay,state
1179,0.48291794657707215,2025-04-06 01:39:36.424001,2025-04-06 01:41:09.253082,0 days 00:01:32.829081,0.6534773673316884,0.10209159763936221,2,0.04714372413680267,0.0752244596815407,0.015953666143455086,0.03388159940806159,0.03017232983200856,0.015688898188428786,0.0006534099026235621,28,87,0.09484611036582007,0.18274888507739356,False,False,True,9.935374000361857e-07,COMPLETE
1180,0.3849576056003571,2025-04-06 01:41:09.632669,2025-04-06 01:41:42.354696,0 days 00:00:32.722027,0.683630195005802,0.06835820332435545,8,0.06272739636913643,0.08192051310687522,0.0061103431960761526,0.08332138050413852,0.018562628878089654,0.019322463952535254,0.00036930439435230286,27,75,0.09662927404015088,0.1891390259012923,False,False,True,3.5074937999102136e-07,COMPLETE
1181,0.48058078885078437,2025-04-06 01:41:42.735278,2025-04-06 01:42:14.773197,0 days 00:00:32.037919,0.7024851627795977,0.08369027480238976,8,0.0550605244985942,0.04728189144536227,0.018358738763679015,0.02827422690864472,0.015182836942923607,0.013955010506727504,0.0007726759272997972,26,82,0.09038895871289317,0.20246936382122913,False,False,True,2.5452259665260983e-06,COMPLETE
1182,0.4899240851402283,2025-04-06 01:42:15.154524,2025-04-06 01:42:48.095033,0 days 00:00:32.940509,0.6162981974342526,0.05384658726952764,8,0.0684119834953624,0.07043110973822402,0.018357119715157213,0.009978915552547688,0.014096415370627198,0.010578020504766018,0.0005695624185951655,27,79,0.09824426953010613,0.21170870647721024,False,False,True,5.749365984522481e-07,COMPLETE
1183,0.3690690159797669,2025-04-06 01:42:48.476958,2025-04-06 01:43:22.376519,0 days 00:00:33.899561,0.6135551931398554,0.5958990071288539,8,0.07525316480246164,0.08948222185712561,0.009202611722748626,0.012935827442203814,0.01280549602277395,0.006338468520417694,0.00025470985880990713,28,83,0.09308907277669554,0.21028223337951188,False,False,True,5.432328099921438e-07,COMPLETE
1184,0.35915590524673463,2025-04-06 01:43:22.758115,2025-04-06 01:43:59.262003,0 days 00:00:36.503888,0.616569233759884,0.025287658221845345,8,0.0707929014075294,0.07601953752487879,0.01679273997033496,0.0049325289183402045,0.012654273555605893,0.00811109194992113,0.000433698230658576,26,86,0.0947387726330372,0.20971871363146727,False,False,False,4.3609362141282987e-07,COMPLETE
1185,0.39388453364372256,2025-04-06 01:43:59.644873,2025-04-06 01:44:33.840811,0 days 00:00:34.195938,0.639748732302847,0.030356589865252376,8,0.07814164561953113,0.06307239311313248,0.015430744511609546,0.010997102447064188,0.013874269792628895,0.01011209034296362,0.0003112613339047328,29,80,0.09525169705690642,0.21329288917748115,False,False,True,5.622129273755278e-07,COMPLETE
1186,0.39591156840324404,2025-04-06 01:44:34.224115,2025-04-06 01:45:07.137442,0 days 00:00:32.913327,0.7210598113692357,0.044315053227119615,8,0.06901073997097215,0.070411126458794,0.02039774052052359,0.008275713167812868,0.037956480483287425,0.006752709373845937,0.0005486277968082455,27,88,0.015328988324748778,0.2152836915856438,False,False,True,4.3251060570944623e-07,COMPLETE
1187,0.3519311845302582,2025-04-06 01:45:07.521459,2025-04-06 01:45:40.259728,0 days 00:00:32.738269,0.6104011936593086,0.04880887378254377,8,0.07235612099301668,0.0807351954276525,0.018390084035490643,0.015408942897861284,0.014227333450980626,0.08617682056493867,0.0004586679759309217,27,80,0.09250788133730838,0.21352604804856704,False,False,True,3.1422412591896203e-07,COMPLETE
1188,0.39959788322448736,2025-04-06 01:45:40.643490,2025-04-06 01:46:14.107214,0 days 00:00:33.463724,0.633796971799184,0.024966600074593073,8,0.06687188166366707,0.05673951752050698,0.012039072024636057,0.01622809145202309,0.012203750663394672,0.021371573650601185,0.0008979949630620708,28,83,0.09692415356292979,0.20676342586423768,False,False,True,6.697399831232854e-07,COMPLETE
1189,0.48495813012123107,2025-04-06 01:46:14.491598,2025-04-06 01:46:46.483393,0 days 00:00:31.991795,0.7448959790154073,0.058897928811268915,8,0.07763543952870962,0.06514539242106161,0.0040896287605581595,0.007488564640658395,0.015397198664963193,0.00917222145813811,0.001304927157618796,26,85,0.09520874590397338,0.2138999333367661,False,False,True,4.6798594917098267e-07,COMPLETE
1190,0.39056527614593506,2025-04-06 01:46:46.867777,2025-04-06 01:47:19.885782,0 days 00:00:33.018005,0.6088215617344845,0.010402887833662229,8,0.06615109128980334,0.07106496359700518,0.02171560021279394,0.007517169739670179,0.011805160537765704,0.018390680057671284,0.0005504253423878093,27,89,0.09785107120235528,0.20666008790487425,False,False,True,5.734996404035665e-07,COMPLETE
1191,0.33817104697227485,2025-04-06 01:47:20.272658,2025-04-06 01:47:53.669908,0 days 00:00:33.397250,0.4586522760242188,0.04002346586877841,8,0.28211916307331386,0.06088224236257567,0.01566011060261327,0.024509026844560616,0.0421239171010136,0.011039459188711739,0.0010477944116201099,28,79,0.0965973696512064,0.2001683446069309,False,False,True,3.497530385417128e-07,COMPLETE
1192,0.4297350764274598,2025-04-06 01:47:54.055569,2025-04-06 01:48:28.630770,0 days 00:00:34.575201,0.6780125200622432,0.056932201973630595,8,0.07619402412679113,0.09608421313974362,0.01915574791420592,0.010564394254755772,0.01506517774160513,0.01708779962996811,0.0006874930364205752,29,82,0.0935998145576971,0.20131599050686344,False,False,True,6.409213502682265e-07,COMPLETE
1193,0.3706616640090943,2025-04-06 01:48:29.016667,2025-04-06 01:49:00.906150,0 days 00:00:31.889483,0.6987982752972629,0.06129372845256061,8,0.06371785414221007,0.0490506139805249,0.017379860711359295,0.05730155414215282,0.016924055744612046,0.014538293104047388,0.0007759785500406409,26,63,0.09819100272870418,0.2076042505100247,False,True,True,4.104114676555764e-07,COMPLETE
1194,0.38648854494094853,2025-04-06 01:49:01.290257,2025-04-06 01:49:33.990008,0 days 00:00:32.699751,0.6309773965737222,0.027158696949677076,8,0.07096757396440184,0.08164869822730535,0.0011898749008068612,0.01798307211453678,0.014726870918018836,0.01970046874773244,0.0360052636510803,27,78,0.041050636229503334,0.1962239001603468,False,False,True,2.2930510820556092e-07,COMPLETE
1195,0.3459358632564545,2025-04-06 01:49:34.377756,2025-04-06 01:50:09.050109,0 days 00:00:34.672353,0.11352178902497034,0.04003587403264276,8,0.20539468663236427,0.07532454226740196,0.021167297233718397,0.016316351983474434,0.01625686980115018,0.012861774634476512,0.0004077128662299512,27,84,0.06532122422675281,0.17745590086113228,True,False,True,5.591429032717129e-07,COMPLETE
1196,0.3460477709770203,2025-04-06 01:50:09.435535,2025-04-06 01:50:41.822815,0 days 00:00:32.387280,0.7257975649030929,0.06206205291617378,8,0.06345933497979485,0.1069208837238716,0.007414041566462454,0.020490195375456138,0.05035266760973085,0.015094392936516942,0.0009569632774843962,26,77,0.09540468724410968,0.19576960863747558,False,False,True,7.858475281124654e-07,COMPLETE
1197,0.3918396711349487,2025-04-06 01:50:42.207371,2025-04-06 01:51:05.652236,0 days 00:00:23.444865,0.6684322046456489,0.07189495008936946,16,0.06983479068860425,0.06793864566547915,0.05610026543180768,0.06036507096162485,0.039339283878425446,0.017600329391604386,0.0006101793464666075,28,47,0.09816434531823261,0.2050941834541726,False,False,True,4.799824157165349e-07,COMPLETE
1198,0.4847291171550751,2025-04-06 01:51:06.039694,2025-04-06 01:51:38.941321,0 days 00:00:32.901627,0.6910602628433884,0.04614931710308535,8,0.060047283210315966,0.054857987575544276,0.023814520528873954,0.0013762172619922724,0.012029830518858689,0.022487627913725994,0.0011385142442778165,27,86,0.0906827069642482,0.212700761689068,False,False,True,2.9529728894126356e-06,COMPLETE
1199,0.47612497210502625,2025-04-06 01:51:39.325639,2025-04-06 01:52:12.687969,0 days 00:00:33.362330,0.6637085484037086,0.0790121910881076,8,0.07554254027029318,0.08736819001694016,0.01257136433523745,0.009396624968031425,0.01760355206278908,0.0048608908093894275,0.000729285102627506,28,81,0.09834217918245922,0.18209786224525262,False,False,True,3.296369056012835e-07,COMPLETE
1200,0.3745263457298279,2025-04-06 01:52:13.080545,2025-04-06 01:52:45.051902,0 days 00:00:31.971357,0.7881816015666847,0.02525305502437061,8,0.0675503841372444,0.06139830486044633,0.025541283591825927,0.032657540175321007,0.013987327815842377,0.09012001449038523,0.0005148149953426308,26,73,0.09997037394128092,0.170591293133077,False,False,True,3.247840733230246e-06,COMPLETE
1201,0.493086576461792,2025-04-06 01:52:45.437080,2025-04-06 01:53:18.595228,0 days 00:00:33.158148,0.7114689715290359,0.053177450371190794,8,0.05947713457003201,0.07146695660029499,0.015049276613601299,0.008352140982143718,0.016322483611648512,0.00819711319725541,0.0008856587761493549,27,79,0.0961715095326088,0.20099224562848245,False,False,True,8.095180757578735e-07,COMPLETE
1202,0.4917537927627564,2025-04-06 01:53:18.987514,2025-04-06 01:54:49.696479,0 days 00:01:30.708965,0.7553645755959862,0.043331964792066725,2,0.050237969403385985,0.07685002912189139,0.010752520138407306,0.009655270461648277,0.013312430301771897,0.005190405706412831,0.0008411925900722395,27,79,0.09651673128479012,0.21004781482001691,False,False,True,7.998831355374635e-07,COMPLETE
1203,0.3546968400478363,2025-04-06 01:54:50.084693,2025-04-06 01:56:22.648906,0 days 00:01:32.564213,0.7613339375336223,0.020663138730014144,2,0.04061868225135992,0.08669027571596621,0.010388810483921467,0.007497732985007331,0.011910809813485123,0.007118059139307097,0.0009373645631841315,28,75,0.0960209272164015,0.2126373477024681,False,False,True,7.791539319360256e-07,COMPLETE
1204,0.3524160742759705,2025-04-06 01:56:23.036404,2025-04-06 01:58:07.112373,0 days 00:01:44.075969,0.8332730549282434,0.03030987830926065,2,0.03410556534402779,0.07957277516827796,0.009380015857023524,0.010107185113661873,0.012212950900216419,0.007721777773164515,0.0009600465118049078,27,77,0.09348694881006121,0.21491494678592887,False,False,False,8.961757148887054e-07,COMPLETE
1205,0.3557691812515259,2025-04-06 01:58:07.501902,2025-04-06 01:59:40.294741,0 days 00:01:32.792839,0.7807060391009961,0.013207733267227018,2,0.03874864355769035,0.09178594129934745,0.01135218079822229,0.010984758424810462,0.013362832032758518,0.003442416724914742,0.0008870275890902884,28,72,0.09634312397871513,0.21475296361481563,False,False,True,9.061008863823974e-07,COMPLETE
1206,0.4001622259616852,2025-04-06 01:59:40.686167,2025-04-06 02:01:08.226930,0 days 00:01:27.540763,0.7461484859824127,0.0464916498409413,2,0.04519399978264877,0.08308310771683641,0.013278967136274827,0.01031723292783366,0.012029305554680505,0.004942298495911299,0.0008289393821661532,27,13,0.09814833305540774,0.20940892597678765,False,False,True,7.206985698449512e-07,COMPLETE
1207,0.48612480163574223,2025-04-06 02:01:08.618449,2025-04-06 02:02:41.085948,0 days 00:01:32.467499,0.7468122027881255,0.03957456714781757,2,0.05242969630762061,0.0771088036184022,0.010161614465497796,0.006965592609731915,0.01424814416519258,0.005123413410640993,0.0009953484097520722,28,77,0.09201028900758773,0.20844018801695385,False,False,True,8.492934962025251e-07,COMPLETE
1208,0.3592934846878052,2025-04-06 02:02:41.477939,2025-04-06 02:03:14.559351,0 days 00:00:33.081412,0.7717011201940513,0.010718584685672668,8,0.04615082399059193,0.07571155938614725,0.008472098176859212,0.00923709642123296,0.014262679502558526,0.00563547021995796,0.0011335412058950246,27,79,0.09497101096357848,0.2042002579110424,False,False,True,7.088320628927396e-07,COMPLETE
1209,0.4169399678707123,2025-04-06 02:03:14.951440,2025-04-06 02:04:44.853171,0 days 00:01:29.901731,0.7950109280199279,0.040761577483429776,2,0.04813652302582892,0.08523743407554234,0.011583861200424617,0.014433731099643257,0.01223489546000045,0.00827576979716082,0.0008078460422878092,27,80,0.09999070815087586,0.20884411281668594,False,False,True,9.13821108773185e-07,COMPLETE
1210,0.4348010301589966,2025-04-06 02:04:45.244852,2025-04-06 02:05:18.063227,0 days 00:00:32.818375,0.7716328102896526,0.04769910447178134,2,0.04051394636960796,0.07343475632127731,0.011849300734807798,0.010626582899783792,0.01612908239570087,0.006194031238435208,0.0006774966531230052,6,74,0.09659368099472,0.21580186633331938,False,False,True,1.1061531058095802e-06,COMPLETE
1211,0.39303723573684696,2025-04-06 02:05:18.453646,2025-04-06 02:06:54.330071,0 days 00:01:35.876425,0.7681003733927884,0.028882984271229643,2,0.05056322878083902,0.07835100151140803,0.013966601014450202,0.011911056261925972,0.014743211161168486,0.003795532338610525,0.0008048252277220409,29,70,0.08081703461615974,0.20227393512709488,False,False,True,6.102494416238467e-07,COMPLETE
1212,0.4839212894439698,2025-04-06 02:06:54.721878,2025-04-06 02:08:27.325314,0 days 00:01:32.603436,0.7529120616362306,0.059940768191989825,2,0.05147834695875621,0.07096168585213146,0.014928547033426092,0.011475762118972258,0.013640912672441196,0.004712375090581864,0.0010980747424110466,28,76,0.09830697111681512,0.20591575991459782,False,False,True,7.269488681342213e-07,COMPLETE
1213,0.28615721464157107,2025-04-06 02:08:27.722787,2025-04-06 02:08:51.096467,0 days 00:00:23.373680,0.7334934416126399,0.010089100970786913,16,0.054199841137087465,0.08076189285324067,0.007319336653142174,0.004119056858777107,0.016247871333714404,0.005935509330899228,0.0006118202701050477,27,80,0.0999911682020542,0.21632989347679835,False,True,True,1.1138515298053158e-06,COMPLETE
1214,0.44581757187843324,2025-04-06 02:08:51.491917,2025-04-06 02:10:26.230283,0 days 00:01:34.738366,0.7596547941440462,0.05731879934353137,2,0.03733829021835938,0.06898801445931495,0.014943771955952704,0.009464578969869198,0.01193420978539886,0.006411488001318494,0.0009199435492103934,28,83,0.09555189413802856,0.20345111388561268,True,False,True,9.331158249933206e-07,COMPLETE
1215,0.400646722316742,2025-04-06 02:10:26.624208,2025-04-06 02:11:56.111368,0 days 00:01:29.487160,0.8200679114005158,0.037970728819883066,2,0.05609133423236959,0.07511363684195135,0.009162571815185445,0.008937496020816709,0.036644432873815996,0.009927885149865616,0.0007142639906991532,27,78,0.09357118388964505,0.21084140103905702,False,False,True,1.4798830791428349e-06,COMPLETE
1216,0.49224835634231573,2025-04-06 02:11:56.500867,2025-04-06 02:12:28.989209,0 days 00:00:32.488342,0.732421865831152,0.061842811957660206,8,0.04305722208511451,0.067056888394843,0.014148778923965481,0.013160863909337534,0.018477139105702752,0.007820065190729204,0.0008519347231642176,27,74,0.09685097364375982,0.2014714669587683,False,False,True,6.226303530972914e-07,COMPLETE
1217,0.4859369277954102,2025-04-06 02:12:29.382703,2025-04-06 02:13:02.838822,0 days 00:00:33.456119,0.7501937646164171,0.06608238080215406,8,0.038412348488464795,0.0658002666641097,0.01147583418635821,0.009635241774245172,0.019435918313923495,0.0034409986030486204,0.0011307679473354906,28,67,0.09105824074702606,0.1982150864932039,False,False,True,8.130946228755046e-07,COMPLETE
1218,0.37938446402549747,2025-04-06 02:13:03.232756,2025-04-06 02:14:32.528592,0 days 00:01:29.295836,0.7603312592360156,0.07643565370788506,2,0.03454370204479803,0.06401959862306249,0.013403253704426556,0.013611672950419755,0.019298501111484154,0.0059594932556218515,0.0010277259192803482,27,69,0.09331207175396593,0.20187534274865762,False,False,True,1.2281274752874542e-06,COMPLETE
1219,0.4843047082424164,2025-04-06 02:14:32.918943,2025-04-06 02:16:08.284896,0 days 00:01:35.365953,0.7859249785054758,0.07370200506288047,2,0.03144337713252447,0.06705695150274435,0.010031514347089276,0.0063015067601061275,0.017909199225563232,0.00452463290698358,0.001216520620359826,29,72,0.0955394042717256,0.19978184970409854,False,False,True,9.964525776015386e-07,COMPLETE
1220,0.4845498204231263,2025-04-06 02:16:08.678840,2025-04-06 02:17:38.553443,0 days 00:01:29.874603,0.8007648182761037,0.04206006965072378,2,0.041862352331610356,0.07578983744475261,0.012605573059290638,0.011635791841160746,0.020025585405604528,0.008273889575808616,0.0009045651380240482,27,72,0.09398672049833877,0.20110613802424993,False,False,True,6.459003698939881e-07,COMPLETE
1221,0.38148313164711,2025-04-06 02:17:38.948352,2025-04-06 02:19:10.794767,0 days 00:01:31.846415,0.7437042997029363,0.07419629519006823,2,0.04385532655562152,0.08375797176687905,0.012370678486736729,0.014609029822004786,0.017635256256561534,0.008299276273360738,0.0009300098746223556,28,65,0.09663299409822053,0.19659347218366027,False,False,True,1.396792783351506e-06,COMPLETE
1222,0.48159343004226685,2025-04-06 02:19:11.185271,2025-04-06 02:20:41.116917,0 days 00:01:29.931646,0.7432950793938043,0.0543069231603383,2,0.043148626534495804,0.06153465599500665,0.014380778291515723,0.008218811716783642,0.019285538097499888,0.006235401633404156,0.0008409386268953938,27,74,0.08907516477195021,0.08319560105058234,False,False,True,8.071895060628054e-07,COMPLETE
1223,0.358527958393097,2025-04-06 02:20:41.509447,2025-04-06 02:22:28.769178,0 days 00:01:47.259731,0.7722050578431734,0.07230178499175718,2,0.037306033255271195,0.07088628538227311,0.005601228571489198,0.01225358446447719,0.017258552670669003,0.004297669119571206,0.0012643070539484224,28,70,0.09675297019502517,0.2042611810552456,False,False,False,1.6667540778252532e-06,COMPLETE
1224,0.367606395483017,2025-04-06 02:22:29.162183,2025-04-06 02:24:01.254826,0 days 00:01:32.092643,0.7329148266472589,0.027266394827199607,2,0.046743254179442674,0.07790193546372493,0.010510122566070127,0.005706387296741047,0.020404138144374584,0.010545353695209318,0.0010032431651052541,28,75,0.09189129240025477,0.19693603417653816,False,False,True,1.0996059124504897e-06,COMPLETE
1225,0.48700910806655884,2025-04-06 02:24:01.647865,2025-04-06 02:24:34.364340,0 days 00:00:32.716475,0.7275971121907796,0.08808544192505781,8,0.028560851606848695,0.06644405137733461,0.013351836737503241,0.012227848482154802,0.016520003209324743,0.006776397492539832,0.0008057879723272421,27,75,0.0946608403487494,0.19492195436745818,False,False,True,6.585029079829975e-07,COMPLETE
1226,0.48645422458648685,2025-04-06 02:24:34.759626,2025-04-06 02:25:08.191075,0 days 00:00:33.431449,0.7865763615003333,0.052858682097205734,8,0.045569184606475306,0.06043267723810945,0.008322004030613341,0.004564847930938877,0.018901179824862748,0.007356112961730544,0.0010637722125981137,28,77,0.09806919784173773,0.205027822939541,False,False,True,1.8570082318171743e-06,COMPLETE
1227,0.3570004224777222,2025-04-06 02:25:08.581767,2025-04-06 02:25:41.623695,0 days 00:00:33.041928,0.7298316330742667,0.02856476141068459,8,0.03638403021266151,0.09517267515778666,0.014713190889925235,0.013920008433054522,0.02066373983426315,0.008249049915332407,0.000773381843531603,27,73,0.09682024437907,0.1944563626747587,False,False,True,9.246309345337537e-07,COMPLETE
1228,0.4387644529342652,2025-04-06 02:25:42.016490,2025-04-06 02:27:11.960342,0 days 00:01:29.943852,0.7592817029466755,0.08138569277442778,2,0.04767258325583458,0.07312035643487802,0.012085735177429845,0.008746778684660379,0.054749102085036756,0.005396974991530221,0.0008978229482995858,27,86,0.09828724073558508,0.20181178868806854,False,False,True,1.2634247285850787e-06,COMPLETE
1229,0.3591334998607636,2025-04-06 02:27:12.354513,2025-04-06 02:28:47.908591,0 days 00:01:35.554078,0.7272563480703644,0.059814338757919264,2,0.04382947257398611,0.0897917972985969,0.016055933306595,0.003079544872935814,0.015927700019495526,0.008852488568879734,0.0012695745931888779,29,82,0.09479106834783244,0.1927225942252288,False,False,True,7.678898936640419e-07,COMPLETE
1230,0.485480546951294,2025-04-06 02:28:48.308068,2025-04-06 02:30:26.211800,0 days 00:01:37.903732,0.721400880933509,0.04210350846679384,2,0.048889516713911396,0.06568537726570899,0.015052680070183207,0.008140170355499602,0.018344694281031276,0.0045398886595243715,0.0007129234437562786,30,69,0.09818418115504801,0.1990400600187171,False,False,True,5.533405330062846e-07,COMPLETE
1231,0.3864997148513794,2025-04-06 02:30:26.607697,2025-04-06 02:31:57.557447,0 days 00:01:30.949750,0.7391870722200712,0.0837790604787579,2,0.050802227060841594,0.08144510828517085,0.009467074811989835,0.012591179370490434,0.0176042612059184,0.008104865584790781,0.0009617629585145226,27,77,0.09661800307613186,0.20529780278520487,False,False,True,1.994553532643628e-06,COMPLETE
1232,0.28615721464157107,2025-04-06 02:31:57.950863,2025-04-06 02:33:32.865887,0 days 00:01:34.915024,0.7206331765293645,0.05796090986212089,2,0.03405048394790113,0.07168287044678373,0.006949541814520135,0.02216052254829306,0.04348519215333332,0.0036697206355515294,0.0007050327417601794,28,85,0.0933332948599484,0.19518445219926298,False,True,True,1.5471391314579343e-06,COMPLETE
1233,0.46534669399261475,2025-04-06 02:33:33.259560,2025-04-06 02:34:06.082308,0 days 00:00:32.822748,0.7551092091740832,0.03831335780960433,8,0.052336878202203965,0.05947381393559359,0.0010010316701716585,0.008302397231577776,0.04578868975094599,0.0091569031783303,0.0011003976276395722,27,81,0.09545492180137134,0.19268057260156304,False,False,True,1.0440316924354398e-06,COMPLETE
1234,0.35729181170463564,2025-04-06 02:34:06.475083,2025-04-06 02:34:42.196394,0 days 00:00:35.721311,0.712161207124698,0.06652089214662454,8,0.053625369126601846,0.06641537272854557,0.01266815007397095,0.006621914268560492,0.01552072723099392,0.006777303757118129,0.0008056394080063168,28,89,0.09840698915863964,0.1979779169483535,True,False,True,6.98700052414777e-07,COMPLETE
