number,value,datetime_start,datetime_complete,duration,params_alpha-eval,params_alpha-train,params_batch-size,params_eps-eval,params_eps-train,params_lambda-actions-eval,params_lambda-actions-train,params_lambda-frames-eval,params_lambda-frames-train,params_learning-rate,params_n-epochs,params_n-frames,params_radius-gw,params_rho,params_std-feats,params_ub-actions,params_ub-frames,params_weight-decay,state
797,0.46002171635627753,2025-04-25 14:18:19.279800,2025-04-25 14:18:59.065194,0 days 00:00:39.785394,0.06538666293173608,0.7167968403623741,8,0.1764801620558068,0.11166381863379293,0.019010998515560398,0.08673692778932766,0.011682016513699062,0.03623576849041654,8.263347615876936e-05,28,54,0.05437811958649521,0.2258821157936558,True,False,False,0.0005811335277306856,COMPLETE
798,0.46475945711135863,2025-04-25 14:18:59.322172,2025-04-25 14:19:40.236576,0 days 00:00:40.914404,0.08059996763709218,0.7369280717798595,8,0.18294316260481694,0.11262803004552494,0.020961490673174425,0.08363050090140871,0.007697812491221848,0.039796928566402615,8.993656356321789e-05,29,56,0.049167779589097,0.21633866802568363,True,False,False,0.0005342396739801969,COMPLETE
799,0.35612301230430604,2025-04-25 14:19:40.499029,2025-04-25 14:20:19.359569,0 days 00:00:38.860540,0.06990007223645409,0.7324581584676989,8,0.18776710487412174,0.11198454114406904,0.020972549135236662,0.08414456983616772,0.02031873687751385,0.04115806908327711,0.00013117543325412236,29,48,0.051020633859750204,0.22264871100400027,False,False,False,0.0005021429656350999,COMPLETE
800,0.46110464334487916,2025-04-25 14:20:19.606505,2025-04-25 14:21:00.216545,0 days 00:00:40.610040,0.08314811320781668,0.7438641229662628,8,0.16448613207780075,0.10509642525166102,0.023990072610856485,0.08149016923529388,0.025717979325254988,0.037791922754032495,9.223007222163055e-05,29,55,0.04922060848743157,0.21113376384326737,True,False,False,0.000509890675945117,COMPLETE
801,0.4584322094917298,2025-04-25 14:21:00.477040,2025-04-25 14:21:40.163924,0 days 00:00:39.686884,0.038526527920588374,0.7640673688919338,8,0.1813197391653463,0.11271846022356966,0.019000259692893217,0.07608512845535084,0.004590437574884715,0.03960153364755077,0.00010009237261251833,28,53,0.05413941840027424,0.20733786373299454,True,False,False,0.0004946597003604431,COMPLETE
802,0.463084477186203,2025-04-25 14:21:40.425080,2025-04-25 14:22:21.713424,0 days 00:00:41.288344,0.061954095480715725,0.7394487113158,8,0.20111232164665346,0.10511329346691593,0.014275609894244274,0.07772762702948098,0.0054129066415758665,0.035195719561209544,0.0001456701278523378,30,52,0.052622328554176104,0.20072055781526446,True,False,False,0.0005764909823319222,COMPLETE
803,0.4614726424217224,2025-04-25 14:22:21.961061,2025-04-25 14:23:04.001588,0 days 00:00:42.040527,0.011996624189967962,0.7124904071134747,8,0.17495299465227762,0.11467186663338792,0.022149956930220795,0.08972313519419813,0.007551901148995838,0.04091440667248569,8.815895374166036e-05,30,57,0.05067870246782753,0.21600322959566481,True,False,False,0.000497269638318169,COMPLETE
804,0.28615721464157107,2025-04-25 14:23:04.264285,2025-04-25 14:23:40.025671,0 days 00:00:35.761386,0.07893930744162514,0.7823731315992971,8,0.206938155472339,0.11453076097297969,0.02566786926504811,0.07334059713727147,0.011278382120772363,0.036941613599452104,8.323574710991693e-05,29,56,0.04739860298314435,0.21672822582623077,True,True,False,0.0006168413631853731,COMPLETE
805,0.4615659713745117,2025-04-25 14:23:40.273461,2025-04-25 14:24:19.532579,0 days 00:00:39.259118,0.04402932794328303,0.7229789798269279,8,0.18163083025012833,0.10810137716043539,0.025155187427268844,0.08272461952839774,0.008989493198705551,0.035007960844081115,0.00010973818719559787,28,51,0.05187125137520106,0.2183815748879094,True,False,False,0.00045787535951074534,COMPLETE
806,0.4593188047409058,2025-04-25 14:24:19.793794,2025-04-25 14:25:01.026003,0 days 00:00:41.232209,0.09117221433502434,0.6993889367224583,8,0.19230546511122482,0.11346082328943127,0.016627943588677464,0.07968574796099721,0.016301024366028746,0.03828162938411141,0.00013798993772659248,29,57,0.04839107326859974,0.2283663060103434,True,False,False,0.0006761619117226452,COMPLETE
807,0.4635666370391846,2025-04-25 14:25:01.287239,2025-04-25 14:25:41.007148,0 days 00:00:39.719909,0.06549644420338199,0.7505473340438683,8,0.18564283412159083,0.10595652897753177,0.02011716897330096,0.08573361764281634,0.01966770842203771,0.033589400408780126,8.337544748761735e-05,28,54,0.05024534848967824,0.229961288953318,True,False,False,0.00047232309194303876,COMPLETE
808,0.34698555469512943,2025-04-25 14:25:41.254825,2025-04-25 14:26:18.039142,0 days 00:00:36.784317,0.0996376184102267,0.7351352219113415,8,0.1695074352317746,0.11469999702522712,0.022866336916663718,0.08556869358691742,0.023140176734569317,0.04054124781199166,6.95392991432238e-05,30,58,0.05661519688002455,0.23296204011093768,True,False,True,0.0005753931844534154,COMPLETE
809,0.4567715108394623,2025-04-25 14:26:18.301351,2025-04-25 14:26:59.034073,0 days 00:00:40.732722,0.1542718258753823,0.8123556609335926,8,0.18534865912667228,0.1101578727793329,0.025574863121698297,0.08405142270089737,0.014891485425193453,0.036066571525822266,8.612589597446108e-05,29,57,0.055251874366805086,0.2196764920495923,True,False,False,0.0004445091333540729,COMPLETE
810,0.4612763941287995,2025-04-25 14:26:59.296922,2025-04-25 14:27:40.506092,0 days 00:00:41.209170,0.03240347865739117,0.7096028898977143,8,0.16247831306104127,0.11565705026504415,0.018488523169551824,0.08749844738260225,0.01069583751295296,0.033483988236226336,7.112668493661465e-05,30,49,0.05410575894038519,0.2094277841732388,True,False,False,0.0006734165179412051,COMPLETE
811,0.4618032515048981,2025-04-25 14:27:40.755105,2025-04-25 14:28:21.021071,0 days 00:00:40.265966,0.08924566197037849,0.688761457638217,8,0.1774598684904231,0.10270472270421946,0.023057322896658062,0.08679290736489406,0.025751251469761365,0.03800859483180179,0.00011744349766136982,28,58,0.048265605911025015,0.2027291006182155,True,False,False,0.0004684484068820721,COMPLETE
812,0.45917015671730044,2025-04-25 14:28:21.283026,2025-04-25 14:29:02.706401,0 days 00:00:41.423375,0.1754842901189927,0.7615501823849625,8,0.16647842130149765,0.11654933090832051,0.027465490683290027,0.0894925312046958,0.017688664461249108,0.03179170648877933,0.00010293421608015854,30,54,0.048263085961983525,0.21229367452699674,True,False,False,0.0005815904124105221,COMPLETE
813,0.46020375490188603,2025-04-25 14:29:02.970556,2025-04-25 14:29:43.929953,0 days 00:00:40.959397,0.14513186404305206,0.7295969287465089,8,0.13468942947258827,0.10924101390290526,0.02443937734937508,0.06937832034103282,0.0014085243365333788,0.03521779769243115,8.174840190386329e-05,29,58,0.05161603263783762,0.2265018384432396,True,False,False,0.0004185746500737496,COMPLETE
814,0.46835492253303534,2025-04-25 14:29:44.179874,2025-04-25 14:30:23.494552,0 days 00:00:39.314678,0.10433572058574174,0.7103670738716245,8,0.16125960566634642,0.11417229612075387,0.026567939232849697,0.07862353018333704,0.023957836123612197,0.03357895827825655,7.115016881093299e-05,27,59,0.049153833629951696,0.23441055130699848,True,False,False,0.000758622861395312,COMPLETE
815,0.4551055252552033,2025-04-25 14:30:23.757344,2025-04-25 14:31:02.843073,0 days 00:00:39.085729,0.137294733254141,0.3305731189653401,8,0.16116980049670684,0.11845118100214752,0.02637919535174303,0.09252934490704381,0.02140572083888423,0.033249418839791864,7.437826971994615e-05,27,59,0.04754639253911024,0.23363912771056045,True,False,False,0.0007607514904698188,COMPLETE
816,0.4687937259674072,2025-04-25 14:31:03.104939,2025-04-25 14:31:43.195973,0 days 00:00:40.091034,0.11038250971814265,0.6923287717751602,8,0.15335643200877686,0.11749797520368574,0.02881534448070284,0.07896816189145771,0.024204008224508848,0.03124890291252124,7.026412344659559e-05,28,60,0.0507679669834767,0.2376111309055657,True,False,False,0.0007763502201739242,COMPLETE
817,0.46470999121665957,2025-04-25 14:31:43.446090,2025-04-25 14:32:23.464299,0 days 00:00:40.018209,0.09525457742194356,0.6880209113483453,8,0.1572567794345187,0.10524418133804211,0.025690293681535543,0.07825995197657924,0.02306446516737388,0.032018348530458776,6.75682080704193e-05,28,59,0.050206511493622714,0.23235081695289797,True,False,False,0.0007842397057468729,COMPLETE
818,0.38332698941230775,2025-04-25 14:32:23.728487,2025-04-25 14:33:03.275687,0 days 00:00:39.547200,0.11341557347291109,0.6990425535603443,8,0.15385986731521606,0.10969468367457368,0.028091255236961855,0.07410142052850141,0.024186908164502748,0.03139996039923904,8.023577114796792e-05,27,143,0.051220087729692214,0.2381673536382707,False,False,False,0.0007976333779601706,COMPLETE
819,0.47161477208137514,2025-04-25 14:33:03.541333,2025-04-25 14:33:43.943976,0 days 00:00:40.402643,0.11296390829139592,0.6864112751882445,8,0.16244522920419352,0.11798544018345841,0.028704786472932457,0.08072432457420288,0.027116171178896878,0.03406278802694244,6.760715133131809e-05,28,60,0.051932763443187126,0.23936142921618722,True,False,False,0.0008032466570747751,COMPLETE
820,0.4592882037162781,2025-04-25 14:33:44.197457,2025-04-25 14:34:23.902501,0 days 00:00:39.705044,0.10653941000952638,0.6878043535342083,8,0.16698515281667492,0.10373092656582741,0.028239587278039335,0.08030826919254529,0.026387510972909898,0.03552436465778714,7.058157951619864e-05,28,55,0.05582669170275104,0.22621670494014873,True,False,False,0.000774675177164835,COMPLETE
821,0.4683561623096466,2025-04-25 14:34:24.166139,2025-04-25 14:35:03.625408,0 days 00:00:39.459269,0.06179105542513857,0.6844644515880005,8,0.16223808865849576,0.1168331389980789,0.029822739335271128,0.0777129896219016,0.02104638221853983,0.03396277457285383,9.572100615196192e-05,27,59,0.05241162448987253,0.23900838216132905,True,False,False,0.0007720897675943364,COMPLETE
822,0.46565238237380985,2025-04-25 14:35:03.892573,2025-04-25 14:35:42.656754,0 days 00:00:38.764181,0.0589392137858883,0.6801976606797392,8,0.16330495113135857,0.11157902468383972,0.026395715090225282,0.07863827270317614,0.021499815604014802,0.03443165051231904,0.00011428508294561376,27,51,0.053509767363387556,0.23189166510201786,True,False,False,0.0008132515052948549,COMPLETE
823,0.28615721464157107,2025-04-25 14:35:42.925977,2025-04-25 14:36:17.095499,0 days 00:00:34.169522,0.055460645401431335,0.6752347170908191,8,0.1706782450484966,0.10404984949121802,0.026144251516907524,0.0783743954636651,0.019197050653673352,0.03373390462959576,8.787745571831294e-05,27,48,0.05685246064219244,0.22937357542068496,True,True,False,0.0008038933528026829,COMPLETE
824,0.4469554483890534,2025-04-25 14:36:17.352107,2025-04-25 14:36:56.194048,0 days 00:00:38.841941,0.06622031490844851,0.6957236770899535,8,0.15988637986775092,0.10898575770914588,0.024825349250527047,0.07619281982451692,0.020931516986033828,0.03634710309529743,0.0001186647645637119,28,41,0.053867128129989825,0.2343736616965063,True,False,False,0.0008087409612617778,COMPLETE
825,0.4575724840164185,2025-04-25 14:36:56.460859,2025-04-25 14:37:36.174280,0 days 00:00:39.713421,0.07792621657533882,0.6890334508333106,8,0.16524973593024325,0.11726150194955769,0.027158036485858492,0.07935969781186436,0.017943754107319732,0.0341319145127697,0.00010135724202834345,28,52,0.05538021906980569,0.23396182831955858,True,False,False,0.0008261020215156248,COMPLETE
826,0.4682778000831604,2025-04-25 14:37:36.445688,2025-04-25 14:38:15.192202,0 days 00:00:38.746514,0.01024447779756997,0.680801895244834,8,0.17152178894699482,0.11824797336622617,0.026991542206489312,0.08145138048810685,0.01590818397609464,0.03084978770734876,0.00015610287279439492,27,50,0.05381580544088542,0.23935162434581037,True,False,False,0.0008521607775281139,COMPLETE
827,0.3602095067501069,2025-04-25 14:38:15.451801,2025-04-25 14:38:49.230440,0 days 00:00:33.778639,0.025871139022104982,0.6810898671630184,8,0.17319939026256684,0.12144139428345989,0.02204323278653498,0.08155271565207672,0.01594596641674156,0.03482167922309936,0.00014006991332013568,27,46,0.05253998913882288,0.2253313206382817,True,False,True,0.0008670350333709774,COMPLETE
828,0.45715643763542174,2025-04-25 14:38:49.499317,2025-04-25 14:39:28.024447,0 days 00:00:38.525130,0.0382807273545072,0.680887134308176,8,0.17060830335628197,0.10976858336887721,0.024275710445681043,0.08194127504732698,0.013122215645972487,0.03686665274975116,0.0001872847714889386,27,47,0.05370700409626549,0.23021602521876586,True,False,False,0.0009774593312707137,COMPLETE
829,0.4444282412528992,2025-04-25 14:39:28.295982,2025-04-25 14:40:06.648375,0 days 00:00:38.352393,0.012472629345993096,0.6819334629451805,8,0.16432272656726624,0.11917135862103007,0.028585764791863616,0.07778392765017911,0.014971904820545745,0.03343239797367324,0.0001693680035323014,27,42,0.05798728965157157,0.23940293195742546,True,False,False,0.0007787741850048424,COMPLETE
830,0.4637450158596039,2025-04-25 14:40:06.907574,2025-04-25 14:40:46.503846,0 days 00:00:39.596272,0.02797551027072645,0.6838661823082646,8,0.176235917307459,0.10107705108535583,0.026544995976181783,0.0804084355030029,0.01956045348009374,0.030721508979744037,0.00010280227969121028,28,52,0.05557125962396894,0.22194580421989848,True,False,False,0.0009728468774791823,COMPLETE
831,0.4606759786605835,2025-04-25 14:40:46.776631,2025-04-25 14:41:26.152409,0 days 00:00:39.375778,0.010883664854058499,0.7019848646512646,8,0.1605197415478792,0.11976704959750331,0.023191918137319228,0.07834088514341163,0.021594584400790925,0.03416290466869115,0.00012079794731962654,28,49,0.053705302032917235,0.23603747480784087,True,False,False,0.0009853130403045048,COMPLETE
832,0.4618844568729401,2025-04-25 14:41:26.422560,2025-04-25 14:42:05.148055,0 days 00:00:38.725495,0.0485142504661702,0.707947518208704,8,0.16961868685169074,0.11270478714513152,0.028546982496702497,0.08405656020679693,0.016247677263189243,0.03729620911816912,7.08803224797329e-05,27,47,0.05220241672776517,0.23029780325009855,True,False,False,0.0007456495728940349,COMPLETE
833,0.4484239041805268,2025-04-25 14:42:05.406667,2025-04-25 14:42:44.036459,0 days 00:00:38.629792,0.05702130212045228,0.679720989074612,8,0.1643172862193365,0.12123406174326401,0.025178933909844915,0.08171229920921956,0.01821075898409047,0.03283800143677538,0.00011809165731559309,27,44,0.052445946916531254,0.23875728431967252,True,False,False,0.0007325465404845726,COMPLETE
834,0.44668601155281074,2025-04-25 14:42:44.304838,2025-04-25 14:43:23.569533,0 days 00:00:39.264695,0.04074497587010599,0.4008560753805612,8,0.1602484467245394,0.10750028333021744,0.0266805498209278,0.08282626434262225,0.020719833415739936,0.03613532228617407,0.00014659968343539394,28,50,0.050618193459454466,0.22595938179617284,True,False,False,0.0007216774874175402,COMPLETE
835,0.452334326505661,2025-04-25 14:43:23.843674,2025-04-25 14:44:03.559460,0 days 00:00:39.715786,0.07375906301272078,0.7055621854300561,8,0.17605879535181182,0.11438577340995652,0.029593327386116586,0.07486895745116344,0.023921966694586242,0.030684102450265854,0.00010084753639653914,28,50,0.0547554276110271,0.24044421752016323,True,False,False,0.0007772230626315455,COMPLETE
836,0.35322715044021613,2025-04-25 14:44:03.818451,2025-04-25 14:44:41.262772,0 days 00:00:37.444321,0.09661535936124419,0.6784979217754611,8,0.20747397385023397,0.1031678345756811,0.023012523598650938,0.08519797827794473,0.022059643330481413,0.034854690166041286,9.091234214531852e-05,27,52,0.0527796371707453,0.2322125033959514,False,False,False,0.0007169338177392181,COMPLETE
837,0.470059072971344,2025-04-25 14:44:41.533724,2025-04-25 14:45:20.217358,0 days 00:00:38.683634,0.011497234983153679,0.6897660586078114,8,0.16838388895633072,0.1213725681726165,0.027462311132038366,0.08106268639171867,0.02651711263468639,0.03116994004353022,9.4328128289905e-05,27,53,0.06022767989072518,0.23770281958648737,True,False,False,0.000663683563204137,COMPLETE
838,0.4627735018730164,2025-04-25 14:45:20.491434,2025-04-25 14:45:59.134810,0 days 00:00:38.643376,0.011866440821667448,0.6969455379067427,8,0.1705083258267312,0.11598102340753454,0.02757838957122258,0.07736962595286093,0.02565203357730439,0.03066742320178522,0.00015076132729986236,27,52,0.061537752410695076,0.23769174163592743,True,False,False,0.00086024312181909,COMPLETE
839,0.45791333317756655,2025-04-25 14:45:59.392572,2025-04-25 14:46:38.469298,0 days 00:00:39.076726,0.03296817148551161,0.7156361021781729,8,0.16704461547565067,0.11045465822843548,0.024544384942093128,0.07909579516037722,0.027489260312907188,0.0374736385310618,9.940278931501514e-05,28,47,0.05941559847591452,0.2322503451282316,True,False,False,0.0006811696860994632,COMPLETE
840,0.45477437376976015,2025-04-25 14:46:38.740261,2025-04-25 14:47:17.227800,0 days 00:00:38.487539,0.05074796666498589,0.24357567584018863,8,0.16220369957023698,0.12005263003733257,0.02629814489281153,0.08140935581499117,0.023861508015507134,0.03303995344333571,0.00012710057262398715,27,52,0.06335072616117063,0.22107639511383767,True,False,False,0.0009879062820602118,COMPLETE
841,0.4450545310974121,2025-04-25 14:47:17.501197,2025-04-25 14:47:57.592656,0 days 00:00:40.091459,0.0640534771244721,0.683270824575935,8,0.17710067959210057,0.10844707966897664,0.029036321162630097,0.0837308052493359,0.019862285682261907,0.03527155748812453,9.031554218133495e-05,29,43,0.06788685064837292,0.24046728305801993,True,False,False,0.0006708313822010349,COMPLETE
842,0.28615721464157107,2025-04-25 14:47:57.868097,2025-04-25 14:48:32.039125,0 days 00:00:34.171028,0.013544581453797208,0.7135394552114245,8,0.17152360157578483,0.2369495456044849,0.029491604332056283,0.08096207293556713,0.02654205691951678,0.029803133690263967,8.191153379461186e-05,27,54,0.05755125737940865,0.227673206849236,True,True,False,0.0009995942954395707,COMPLETE
843,0.45946420431137086,2025-04-25 14:48:32.301020,2025-04-25 14:49:11.659673,0 days 00:00:39.358653,0.035979395294816655,0.6950733476204075,8,0.15731734210405512,0.12135517202828328,0.02129511479816498,0.07589483197090836,0.02933731492667169,0.03725651624661174,0.0001237564657065933,28,50,0.050268395735029135,0.23490890405503642,True,False,False,0.0006703004797149439,COMPLETE
844,0.45541422367095946,2025-04-25 14:49:11.929676,2025-04-25 14:49:50.495612,0 days 00:00:38.565936,0.064155799522434,0.7168924102044543,8,0.1661399441670695,0.1140281601917182,0.027356392132434935,0.08657322478669804,0.009639990071216426,0.032854572330776315,0.00010594315391113546,27,49,0.05951172235291898,0.2407240151299133,True,False,False,0.0008014394062489362,COMPLETE
845,0.4684537708759308,2025-04-25 14:49:50.771191,2025-04-25 14:50:30.831179,0 days 00:00:40.059988,0.08120540082512381,0.6736796399320738,8,0.15713474011508932,0.10258157517738194,0.024766240154822206,0.07940317185914729,0.017024711458728223,0.0352867254116506,7.860567118696015e-05,28,54,0.05535652904817175,0.22471517186561835,True,False,False,0.000646056814503295,COMPLETE
846,0.46328707337379454,2025-04-25 14:50:31.091805,2025-04-25 14:51:11.931859,0 days 00:00:40.840054,0.07454345696698476,0.6778599236211823,8,0.16142518142188647,0.10015443674993163,0.024075558779921125,0.07925171249300736,0.017038138426071547,0.03155380373321701,7.93695995073948e-05,29,53,0.06047144478650467,0.22429664416144424,True,False,False,0.00098854610350483,COMPLETE
847,0.4644067168235779,2025-04-25 14:51:12.208096,2025-04-25 14:51:51.845404,0 days 00:00:39.637308,0.0489660921203314,0.6714787538336513,8,0.15527489351589419,0.10205190632678765,0.02493370408503582,0.07693807294599649,0.014618441749749259,0.034692774568283756,9.718459077472331e-05,28,46,0.056067218635312915,0.21977779447233708,True,False,False,0.0006702623684066014,COMPLETE
848,0.34892710447311404,2025-04-25 14:51:52.121809,2025-04-25 14:52:27.279443,0 days 00:00:35.157634,0.07969829554746617,0.6734441809720494,8,0.1726553137182159,0.10313739757577912,0.023458376189236373,0.0794914127200807,0.012853087489395213,0.03417213391531405,7.66324082448658e-05,28,50,0.05688413101581487,0.22929362547252308,True,False,True,0.0007819851608014022,COMPLETE
849,0.46727030277252196,2025-04-25 14:52:27.540940,2025-04-25 14:53:07.931431,0 days 00:00:40.390491,0.09077973035286273,0.6917807038976561,8,0.16602182569983442,0.10317289213639477,0.02580173693382882,0.0819544344846155,0.018101418299896414,0.030107497747122892,9.308384068109522e-05,29,54,0.055181985634111835,0.2330067652539594,True,False,False,0.000651989956299938,COMPLETE
850,0.4512727558612824,2025-04-25 14:53:08.207531,2025-04-25 14:53:47.116582,0 days 00:00:38.909051,0.09458941115696282,0.6892475829210417,8,0.16650161577885156,0.09852807245153818,0.02115890440309197,0.0828979716508092,0.017007484662797858,0.030082316148666573,0.0001660250992624926,28,44,0.05881166872431271,0.220234364415628,True,False,False,0.000807064724009306,COMPLETE
851,0.4661430954933167,2025-04-25 14:53:47.392686,2025-04-25 14:54:27.707708,0 days 00:00:40.315022,0.033279061769338744,0.6707308009887091,8,0.17786643809810515,0.10461652362410201,0.026233683741391265,0.08174125021330014,0.01814027818821336,0.03227900686688064,0.0001164794177784541,29,51,0.053922261162899617,0.2329530446613077,True,False,False,0.0006781890692885433,COMPLETE
852,0.45930935144424445,2025-04-25 14:54:27.968675,2025-04-25 14:55:08.187791,0 days 00:00:40.219116,0.02956730425793791,0.6691040196522313,8,0.17749052652427652,0.09770228402544866,0.02610968313641446,0.08000417919670308,0.015341037551829518,0.03224318305174425,0.00011244424234794649,29,48,0.06619504640560159,0.2279014600489517,True,False,False,0.0009838914331875464,COMPLETE
853,0.43494949936866767,2025-04-25 14:55:08.462709,2025-04-25 14:55:47.958074,0 days 00:00:39.495365,0.05072291962219595,0.6740254174928018,8,0.18172617318941575,0.1026550531816639,0.022293663361824232,0.08167217929025199,0.01835822910774923,0.03600072424975892,0.0001323400376702691,29,38,0.05498646585337189,0.2329362737905439,True,False,False,0.0006579837555422001,COMPLETE
