number,value,datetime_start,datetime_complete,duration,params_alpha-eval,params_alpha-train,params_batch-size,params_eps-eval,params_eps-train,params_lambda-actions-eval,params_lambda-actions-train,params_lambda-frames-eval,params_lambda-frames-train,params_learning-rate,params_n-epochs,params_n-frames,params_radius-gw,params_rho,params_std-feats,params_ub-actions,params_ub-frames,params_weight-decay,state
1304,0.41055712103843695,2025-04-25 19:06:11.803105,2025-04-25 19:06:35.343786,0 days 00:00:23.540681,0.060730766987999237,0.6957407433920743,8,0.2147507704123671,0.17030655786069196,0.09156082709092382,0.09548138677820794,0.011821011391343467,0.009441177447665153,0.00016746626663530507,13,42,0.08113104027934914,0.1639249273728663,True,False,True,0.0007757259641437019,COMPLETE
1305,0.3701648235321045,2025-04-25 19:06:35.755230,2025-04-25 19:07:08.869684,0 days 00:00:33.114454,0.010120013646677063,0.6758373095060324,8,0.19726098771448958,0.15795296196537678,0.0999125271057806,0.08868398149106078,0.0055116345487150244,0.017298846350954047,0.00029198386163088513,27,23,0.07401118148808605,0.13611895502681517,True,False,True,0.0006857791528870851,COMPLETE
1306,0.3502023935317993,2025-04-25 19:07:09.302202,2025-04-25 19:07:33.637588,0 days 00:00:24.335386,0.03201082832853333,0.7335949012194942,8,0.207514614818365,0.1469003626991504,0.015841400940943922,0.09127979493114384,0.00828073985372929,0.012301392564276955,0.00021332190387908124,14,47,0.08322754337966887,0.18302353909140545,True,False,True,0.0005176641984550941,COMPLETE
1307,0.4673850893974304,2025-04-25 19:07:34.056314,2025-04-25 19:07:53.834465,0 days 00:00:19.778151,0.04723591277686704,0.7110838610498715,16,0.21820134259743423,0.18225185447614248,0.01067782701156339,0.09369300452449945,0.005652793849925406,0.015707373892828225,0.0003777545155706892,13,52,0.07754906287977112,0.1442092965441562,True,False,True,0.0003871303169160846,COMPLETE
1308,0.4699597656726837,2025-04-25 19:07:54.253802,2025-04-25 19:08:14.973363,0 days 00:00:20.719561,0.0659893761361206,0.6938777426436881,8,0.21101506426175476,0.16735931357942097,0.020365735332928854,0.09654301029112133,0.01002636926217343,0.019323755213311186,0.0006323830708331971,9,49,0.07967676188306748,0.1921650081594667,True,False,True,0.0007592826090470803,COMPLETE
1309,0.4179960310459137,2025-04-25 19:08:15.392173,2025-04-25 19:08:40.284916,0 days 00:00:24.892743,0.031062407328995307,0.676641581188049,8,0.2031482810188558,0.1561231174849647,0.00912842926844518,0.0948794114095593,0.007333316262048721,0.014441999580750837,0.00030390156264541656,15,41,0.07603756550881877,0.15334791376657853,True,False,True,0.0005699400065818463,COMPLETE
1310,0.33134860396385196,2025-04-25 19:08:40.702157,2025-04-25 19:09:03.332606,0 days 00:00:22.630449,0.05108327971906653,0.7214565979404187,8,0.22332075698517284,0.1730043269580061,0.01771376452159703,0.09710901026181631,0.004558059632452295,0.01094415677238192,0.0002566875502798837,12,45,0.07209281748990669,0.12637139337026737,True,False,True,2.6125682815729117e-05,COMPLETE
1311,0.36618644595146177,2025-04-25 19:09:03.748029,2025-04-25 19:09:28.386630,0 days 00:00:24.638601,0.08422935040084084,0.758587767539083,8,0.1985797416950296,0.16262238665825407,0.012430472503923456,0.0928402686852656,0.006608702633732164,0.017451219669216336,0.00045164957914153327,14,50,0.08402286546365746,0.15777234660828784,True,False,True,2.4091164254062765e-06,COMPLETE
1312,0.45642774105072026,2025-04-25 19:09:28.804481,2025-04-25 19:09:53.337115,0 days 00:00:24.532634,0.026701090538843925,0.2315200994717539,8,0.2143818755998713,0.152547554147034,0.0871012382598082,0.09036389568122058,0.00884604411652637,0.021036668827354187,0.00034728362864631744,14,46,0.07986241928045004,0.17124182575621824,True,False,True,0.0002674556403480323,COMPLETE
1313,0.4012705743312836,2025-04-25 19:09:53.751720,2025-04-25 19:10:17.002409,0 days 00:00:23.250689,0.047062154605055306,0.6954106667648445,8,0.20575854408723532,0.14596517469262243,0.006624642066105569,0.03762319290969011,0.011239306241912553,0.012972288741584521,0.00015948690573946173,13,39,0.0815504752171795,0.140074023908782,True,False,True,0.0007917774397293003,COMPLETE
1314,0.47196295857429504,2025-04-25 19:10:17.416296,2025-04-25 19:10:52.206271,0 days 00:00:34.789975,0.06997073955808139,0.6685605406368849,8,0.1963260491317374,0.16441197621216905,0.010670040022111608,0.09692963220489516,0.004260958116419845,0.01568237688551131,0.00024303311842787314,27,52,0.0778239373216453,0.14857523273876933,True,False,True,0.0004594484553663196,COMPLETE
1315,0.33381396532058716,2025-04-25 19:10:52.644941,2025-04-25 19:11:15.338596,0 days 00:00:22.693655,0.026331732216840383,0.7386942940814265,8,0.21821244203530052,0.1591510857114401,0.015674675296133096,0.09473033579883615,0.006116703980684536,0.007266888629213156,0.00031070252080717223,12,44,0.07434934332669807,0.1333469277532251,True,False,True,0.0006361457603539995,COMPLETE
1316,0.3820371150970459,2025-04-25 19:11:15.761986,2025-04-25 19:11:48.625616,0 days 00:00:32.863630,0.04445568035991397,0.7041281141499743,8,0.210117837909594,0.17135823831948613,0.008376758123888559,0.04824838683332933,0.013556531958135418,0.019302980037902318,0.0010730609991892687,27,48,0.08472055019940733,0.1783468606455418,False,False,True,1.1913278915746892e-06,COMPLETE
1317,0.4528987288475037,2025-04-25 19:11:49.049399,2025-04-25 19:12:22.873263,0 days 00:00:33.823864,0.01083495596549812,0.6775527124411436,8,0.22548013528573851,0.1882036570808957,0.005659256838982645,0.09688059187711766,0.008200205595306855,0.009809030909068699,0.00041884059226238017,27,42,0.07847282179279436,0.14431419396452208,True,False,True,0.00033071060811162964,COMPLETE
1318,0.41988649964332586,2025-04-25 19:12:23.294140,2025-04-25 19:12:47.638975,0 days 00:00:24.344835,0.06407887091018902,0.7191576809253609,8,0.20365368644221138,0.1524817432450394,0.018016326055578,0.09266406875884092,0.0038533337383561575,0.017329386116311955,0.00020811138765185802,14,48,0.08184322563795267,0.16350679255868453,True,False,True,0.0008212477410147463,COMPLETE
1319,0.4610438525676727,2025-04-25 19:12:48.064861,2025-04-25 19:13:11.877325,0 days 00:00:23.812464,0.028226421937927522,0.6916353671966285,8,0.19698610201767677,0.1479023861856318,0.012453961996196965,0.09497652684202001,0.0058209919952753285,0.014176784732262847,0.0005451901602982085,13,52,0.0764103606911515,0.1520194130177422,True,False,True,0.0005348636387996745,COMPLETE
1320,0.4529457211494446,2025-04-25 19:13:12.295205,2025-04-25 19:13:36.190235,0 days 00:00:23.895030,0.046789561796515174,0.710453239886432,8,0.21327035752114692,0.1655726442081734,0.00883180338150988,0.09763892637575439,0.01002938590883021,0.0211863150216658,0.0001758572136953231,13,45,0.08001950370182603,0.1383242813477622,True,False,True,0.00040205637368735946,COMPLETE
1321,0.34970033168792725,2025-04-25 19:13:36.609556,2025-04-25 19:14:10.990511,0 days 00:00:34.380955,0.7163635053294684,0.6711318490666885,8,0.21947468691651195,0.17902097498281475,0.014780629968390347,0.09352225873361328,0.0033468010649020715,0.012377819786120698,0.0002589844452349001,27,50,0.07319219302907085,0.12958454859647517,True,False,True,0.0006621886478285564,COMPLETE
1322,0.43272870779037476,2025-04-25 19:14:11.411529,2025-04-25 19:14:33.954123,0 days 00:00:22.542594,0.09013232702211578,0.7387848396528824,8,0.20738860380411525,0.15912401033279547,0.020312740391613102,0.0914240990222297,0.007745463017703566,0.018958055358396224,0.0003301035980917643,12,37,0.08272804613047512,0.15596483581008494,True,True,True,0.000778279775153095,COMPLETE
1323,0.4654472768306732,2025-04-25 19:14:34.398765,2025-04-25 19:15:08.573730,0 days 00:00:34.174965,0.0279801522383995,0.6933726186868181,8,0.22917791320912084,0.15498476964348082,0.010278398290026618,0.09560369394507207,0.004888175070240574,0.015752596394655895,0.0006191540137757203,27,47,0.07836096172895719,0.14666186355023714,True,False,True,0.0004836319306032217,COMPLETE
1324,0.4331704080104828,2025-04-25 19:15:09.000445,2025-04-25 19:15:42.632603,0 days 00:00:33.632158,0.06458186130839236,0.6690872323897294,8,0.20178834785186903,0.1468926258461141,0.012217569433165314,0.09782554497659564,0.011808429118900517,0.012674626887659704,0.0004601431057827144,27,43,0.07535787761274075,0.12242516561969775,True,False,True,0.0006143719542266987,COMPLETE
1325,0.44509330987930296,2025-04-25 19:15:43.054856,2025-04-25 19:16:08.598951,0 days 00:00:25.544095,0.010779910069488273,0.7150749491113276,8,0.21229778333431312,0.16734589292606658,0.007185937836096284,0.09395571939245434,0.0030879024947664544,0.017430214296698457,0.0008016854155607117,16,40,0.08126044130631183,0.160509167769589,True,False,True,0.0008025113376387792,COMPLETE
1326,0.3897446393966675,2025-04-25 19:16:09.024892,2025-04-25 19:16:41.511794,0 days 00:00:32.486902,0.05043452959582413,0.6818411713408891,8,0.19770315835667102,0.1751070118183537,0.005176116743086496,0.08874029540870432,0.00852892619684256,0.013897274747419499,0.00022684215712810338,26,27,0.0847407197207872,0.1336585283408081,True,False,True,0.0004150692699721406,COMPLETE
