number,value,datetime_start,datetime_complete,duration,params_alpha-eval,params_alpha-train,params_batch-size,params_eps-eval,params_eps-train,params_lambda-actions-eval,params_lambda-actions-train,params_lambda-frames-eval,params_lambda-frames-train,params_learning-rate,params_n-epochs,params_n-frames,params_radius-gw,params_rho,params_std-feats,params_ub-actions,params_ub-frames,params_weight-decay,state
1683,0.3553120195865631,2025-04-06 07:17:15.870833,2025-04-06 07:17:49.517104,0 days 00:00:33.646271,0.7049248142031362,0.02778395355299064,8,0.05121166489337074,0.09571507582455165,0.01752870185579764,0.03516667824980199,0.01691139918573284,0.001005073046950535,0.0012091996341689365,28,82,0.09665718068089414,0.20371583136376092,False,False,True,5.52148334050532e-07,COMPLETE
1684,0.4876389384269714,2025-04-06 07:17:50.074301,2025-04-06 07:18:24.703407,0 days 00:00:34.629106,0.6479726851115055,0.06132191132623361,8,0.08672947211281595,0.07189434170376204,0.02407547018105756,0.021420982443274988,0.01290066373999916,0.005931774427615158,0.0007529581795611719,29,76,0.09998597671098117,0.18180370186366857,False,False,True,2.88547725405835e-07,COMPLETE
1685,0.3616052508354187,2025-04-06 07:18:25.248376,2025-04-06 07:18:49.487753,0 days 00:00:24.239377,0.7631494718052362,0.08945728003230846,8,0.016318767850870747,0.0837167275712992,0.014790675893334658,0.02554417992958217,0.022219312237369136,0.023898424067551327,0.0003950443638216055,15,78,0.09514591299594959,0.19536850275282955,False,True,True,7.79686258539657e-07,COMPLETE
1686,0.4460627913475037,2025-04-06 07:18:50.050035,2025-04-06 07:19:24.699414,0 days 00:00:34.649379,0.6844141215544369,0.04132814976347634,8,0.06856325719848326,0.06862911791578954,0.01943253252011219,0.07625658577075345,0.018953607417019656,0.019432329701529118,0.0009798575376343168,27,85,0.09999621142081323,0.1691618203354168,True,False,True,1.411848186600201e-06,COMPLETE
1687,0.34350901246070864,2025-04-06 07:19:25.243279,2025-04-06 07:19:57.981346,0 days 00:00:32.738067,0.7308968727138145,0.011085142599780065,8,0.05710446640574859,0.07714326782224071,0.01163323611295712,0.011014063468074797,0.025098780730957136,0.015073338637473425,0.0005803074122581579,27,80,0.09108239668294804,0.1874498257583365,False,False,True,6.708680256118174e-07,COMPLETE
1688,0.45299592614173895,2025-04-06 07:19:58.519758,2025-04-06 07:20:34.099871,0 days 00:00:35.580113,0.6592665465627305,0.06060403608565769,8,0.06325690168077326,0.08911736597248801,0.055664837233255327,0.03645102468794005,0.01539016528449607,0.017101020484513344,0.0007571872223166874,30,91,0.09711205707076347,0.1981464404816545,False,False,True,9.76686875055058e-07,COMPLETE
1689,0.48735112547874454,2025-04-06 07:20:34.666910,2025-04-06 07:21:08.431357,0 days 00:00:33.764447,0.6189931970729128,0.080732165767323,8,0.07244314624274686,0.06862690372053554,0.025272726500471836,0.06590891539875174,0.020938238668902834,0.00445502519821224,0.0011382583302468627,28,75,0.09815923416467345,0.15900661279780334,False,False,True,4.676122298196151e-07,COMPLETE
1690,0.38874816894531256,2025-04-06 07:21:08.967168,2025-04-06 07:22:40.427573,0 days 00:01:31.460405,0.719114535749046,0.09970490536813136,2,0.04690103495984983,0.07274561192700717,0.016689535744430932,0.013302107327063044,0.018494213915402163,0.02059718907473444,0.0013702449759105948,27,88,0.09311760787543324,0.17960751394974228,False,False,True,1.9203169446729337e-07,COMPLETE
1691,0.4899940490722656,2025-04-06 07:22:40.991697,2025-04-06 07:23:14.699424,0 days 00:00:33.707727,0.6998951583546078,0.0511456104812745,8,0.054142761717569536,0.07898126991393287,0.010261288724818966,0.06826199294264006,0.016712508001188457,0.015961811987659204,0.0008698880669594227,28,83,0.0958018948887789,0.20823176728985127,False,False,True,1.1713956833430024e-06,COMPLETE
1692,0.47890592217445377,2025-04-06 07:23:15.244221,2025-04-06 07:23:49.612556,0 days 00:00:34.368335,0.6745496451735445,0.0703687960700307,8,0.08045546387700758,0.06642758161079049,0.02178492932702668,0.005330795847813735,0.02303271720998938,0.006347364478883502,0.0006340110652752302,29,80,0.09823619434501049,0.19236134565313162,False,False,True,6.016724833556479e-07,COMPLETE
1693,0.3936140060424805,2025-04-06 07:23:50.152092,2025-04-06 07:24:23.124724,0 days 00:00:32.972632,0.6484680195014602,0.03793501500424827,8,0.06054285683489443,0.07024373318619248,0.013931537042129948,0.043143186466779164,0.012616534241516824,0.01847847017558677,0.0004614395685407011,27,85,0.0950924983457919,0.20133244801085287,False,False,True,3.868418173136731e-06,COMPLETE
1694,0.3505538046360016,2025-04-06 07:24:23.681602,2025-04-06 07:25:00.772362,0 days 00:00:37.090760,0.7418223375082906,0.09763870709872599,8,0.06841127756976127,0.07595761894963418,0.062290648493797,0.040980833391667616,0.014861034735800381,0.02235195423558181,0.0007032896588803941,27,77,0.09690634624753833,0.1858725874721381,False,False,False,3.7854550200999176e-07,COMPLETE
1695,0.4288015902042389,2025-04-06 07:25:01.311368,2025-04-06 07:25:35.050025,0 days 00:00:33.738657,0.6890888955014709,0.06355009582574873,8,0.05048892903864305,0.08476029704328511,0.007069364573070672,0.03650888463613899,0.0994599770948876,0.01523761440293052,0.0009100325236213924,28,82,0.0983893619343709,0.21524722500470278,False,False,True,1.4307554763105678e-06,COMPLETE
1696,0.39669075012207033,2025-04-06 07:25:35.608582,2025-04-06 07:26:07.578463,0 days 00:00:31.969881,0.7081487934219134,0.0818192313704177,8,0.041608808347338794,0.06683158243333631,0.019656181358274034,0.034262491521647835,0.02044365917815585,0.007478240906518307,0.0005846395422356645,26,72,0.09368413951257236,0.17529861080560807,False,False,True,8.832708611541253e-07,COMPLETE
1697,0.4505956053733826,2025-04-06 07:26:08.120962,2025-04-06 07:26:28.926631,0 days 00:00:20.805669,0.6648729413595148,0.026358521491244062,8,0.058741607102947936,0.07287699330825707,0.018178328158405588,0.06340621847635944,0.01784783856476042,0.01773590894465716,0.0010177500299014697,10,78,0.09656473069284326,0.1954694036166366,False,False,True,1.783244722308548e-06,COMPLETE
1698,0.3919383406639099,2025-04-06 07:26:29.489078,2025-04-06 07:27:02.823485,0 days 00:00:33.334407,0.631620491354704,0.010114855540422435,8,0.07313524457300935,0.06311332964877739,0.015625680090954833,0.07380281301774072,0.022161119012733176,0.01470611978754959,0.0007869685702610137,27,88,0.07880640105134508,0.22399710208800278,False,False,True,7.181845851703082e-07,COMPLETE
1699,0.4903533458709717,2025-04-06 07:27:03.366479,2025-04-06 07:27:36.504419,0 days 00:00:33.137940,0.5977991957837401,0.05059943492713335,8,0.09586996618374606,0.07924263119947696,0.02711970582042694,0.06473483322369465,0.024252115750171496,0.0031961284280709146,0.0012533529402796448,28,62,0.09817553985353485,0.1816760038754193,False,False,True,5.500715736023144e-07,COMPLETE
1700,0.4059503018856049,2025-04-06 07:27:37.071528,2025-04-06 07:28:09.769214,0 days 00:00:32.697686,0.7844604124038373,0.32756134683746246,8,0.0671405090061212,0.06424802064750049,0.0998623711853573,0.03916214287365825,0.019310120986927824,0.016074572922525763,0.0006836189962949057,27,74,0.09191913511989175,0.18959967878744655,False,False,True,1.0829715482742883e-06,COMPLETE
1701,0.38895371556282043,2025-04-06 07:28:10.313625,2025-04-06 07:28:44.193091,0 days 00:00:33.879466,0.6800929249972674,0.11981245505891869,8,0.062022095851411024,0.07020897801765473,0.013131842857173365,0.008199040898584843,0.01636410842115897,0.02092784981559281,0.00022373876650789637,28,81,0.09999902773382616,0.2064279958891741,False,False,True,2.407010918692993e-07,COMPLETE
1702,0.38997890353202824,2025-04-06 07:28:44.758324,2025-04-06 07:29:08.074537,0 days 00:00:23.316213,0.7206134277934265,0.0772498292585875,16,0.05391640091369548,0.07512344467386894,0.08384508628614878,0.011653894167401112,0.01408777873877828,0.013011170725319446,0.0008595600429590808,26,85,0.09493836149912822,0.1713902707557184,False,False,True,3.172940907261697e-07,COMPLETE
1703,0.2869668543338776,2025-04-06 07:29:08.622552,2025-04-06 07:30:45.062081,0 days 00:01:36.439529,0.7517691916135862,0.038797936070695774,2,0.06851521547100671,0.08805964154487157,0.02292288794931072,0.017461151613777533,0.020672076615501314,0.006434651270918194,0.0018439405109852813,29,91,0.0969611206174822,0.20011322880960125,False,True,True,1.6076412366799904e-06,COMPLETE
1704,0.3924021780490875,2025-04-06 07:30:45.604410,2025-04-06 07:31:18.526400,0 days 00:00:32.921990,0.6979130840120626,0.09931361176812786,8,0.07662241584785245,0.06390268601341333,0.02031674403144807,0.0694569089789827,0.017490454893253907,0.017891873836434743,0.000533909565765779,27,77,0.09544536461613301,0.19345522973778612,False,False,True,4.3636742547855563e-07,COMPLETE
1705,0.3482659339904785,2025-04-06 07:31:19.097542,2025-04-06 07:31:53.561833,0 days 00:00:34.464291,0.6487213433453399,0.05930794522408145,8,0.04803002443648456,0.08171625677825475,0.00526758502953898,0.06518320014063632,0.014820350056097878,0.015276257710514697,0.0010235204441774398,26,83,0.09826042932743435,0.16572144225920696,True,False,True,8.102855792967058e-07,COMPLETE
1706,0.3873790383338928,2025-04-06 07:31:54.110871,2025-04-06 07:32:27.117733,0 days 00:00:33.006862,0.6693395885521858,0.07706677162531692,8,0.08331811459096938,0.07065186410053403,0.017483657283125342,0.06698308772205316,0.01909998225391103,0.01910111570331983,0.00043124634250240175,27,80,0.0999692695205805,0.18004857020162807,False,False,True,1.2492888254571755e-06,COMPLETE
1707,0.4867048501968384,2025-04-06 07:32:27.685212,2025-04-06 07:33:01.278061,0 days 00:00:33.592849,0.7057364143513293,0.04354600805330345,8,0.057676826159228756,0.06475878683269587,0.01494985648706965,0.06229317486558105,0.022532931450541405,0.01259480835859343,0.0007282850411087586,28,75,0.0898485390466362,0.18616542486453413,False,False,True,3.246362606043679e-06,COMPLETE
1708,0.3827845215797424,2025-04-06 07:33:01.828674,2025-04-06 07:33:36.650995,0 days 00:00:34.822321,0.6196033715187683,0.7960478220468477,8,0.06354703199758162,0.07651861686914972,0.024863914434740265,0.06475883080264232,0.01190264545699333,0.004916996695550449,0.0011161869109275328,30,71,0.09281043919218221,0.21004991514965435,False,False,True,1.989372882788415e-06,COMPLETE
1709,0.4802088499069214,2025-04-06 07:33:37.219975,2025-04-06 07:34:10.877984,0 days 00:00:33.658009,0.6866764903425522,0.09820924031557521,8,0.06996590453505928,0.05904608550377082,0.010357975867608844,0.0626414695840242,0.02504172197544997,0.0073513822394826265,0.0014062006384565496,28,86,0.08721137556051704,0.20260347887245625,False,False,True,6.284629601218532e-07,COMPLETE
1710,0.4893280029296875,2025-04-06 07:34:11.429991,2025-04-06 07:34:44.124050,0 days 00:00:32.694059,0.6640244208935064,0.0601658082793117,8,0.054628729193833866,0.06935987223054073,0.01900392730120123,0.0012418724354393972,0.016467042435904397,0.014218689773554654,0.0005798491615229563,27,79,0.09999081800765912,0.19046544693740933,False,False,True,9.738065835040851e-07,COMPLETE
1711,0.42697057127952576,2025-04-06 07:34:44.670221,2025-04-06 07:35:19.223920,0 days 00:00:34.553699,0.7301946552183967,0.032749941612911324,8,0.06276746904839485,0.08147523465417401,0.007971413144206267,0.06885622936131461,0.021101243704116177,0.01703540835225561,0.0008530614053103081,29,89,0.0965814768132245,0.19782734631971136,False,False,True,2.587085754190518e-06,COMPLETE
1712,0.39359306097030644,2025-04-06 07:35:19.789125,2025-04-06 07:35:51.546410,0 days 00:00:31.757285,0.6432724307475336,0.11986263601091657,8,0.07586052543873192,0.06495201510580084,0.01620173201021758,0.05347132333207244,0.018445087201854737,0.010177432193716111,0.00031156966232746846,26,65,0.09808812740866747,0.17744906032500435,False,False,True,4.896954961439688e-07,COMPLETE
1713,0.35565936565399175,2025-04-06 07:35:52.091312,2025-04-06 07:36:29.062636,0 days 00:00:36.971324,0.7113132448919967,0.08295869886313159,8,0.043518151243987,0.2131668248370449,0.022322477144544984,0.026027866523391785,0.02640514947324137,0.02475413287344926,0.0007039067864550481,27,83,0.09424339337787307,0.18621785451312517,False,False,False,1.4539892718901254e-06,COMPLETE
1714,0.4913051247596741,2025-04-06 07:36:29.626862,2025-04-06 07:37:03.619403,0 days 00:00:33.992541,0.6865774778223122,0.0628268529192389,8,0.05816257443980748,0.07461690155414355,0.01216011276521375,0.01216248219795241,0.014056986263658996,0.01950860848597427,0.0005193991670449603,28,75,0.09658594488822445,0.1548605379651993,False,False,True,7.56491103383974e-07,COMPLETE
1715,0.3821168661117554,2025-04-06 07:37:04.165035,2025-04-06 07:38:38.315756,0 days 00:01:34.150721,0.7499891806902655,0.030986686664820413,2,0.03100216764582025,0.08864743893009502,0.010967641744762526,0.012127781116548692,0.010859411726428406,0.022920282652694454,0.00028906647893634483,29,68,0.04584520886045683,0.15037189651710944,False,False,True,8.720439484372508e-07,COMPLETE
1716,0.38282316327095034,2025-04-06 07:38:38.885987,2025-04-06 07:39:12.091109,0 days 00:00:33.205122,0.732340947697283,0.04763200348102481,8,0.04965129872422704,0.09281559353994816,0.01018174306113645,0.012243468968636605,0.01149672928619629,0.024571490419698208,0.00032301661020397174,29,31,0.09134526040239654,0.1577385479573409,False,False,True,1.0469781759838273e-06,COMPLETE
1717,0.3573907434940338,2025-04-06 07:39:12.638919,2025-04-06 07:39:47.058858,0 days 00:00:34.419939,0.6986696902836002,0.026205248854663257,8,0.056273459663961044,0.0831615837234278,0.011101787864461496,0.015181247417073617,0.01303635306720881,0.020889040229509454,0.00040981914134430384,29,70,0.09351267664010207,0.16664692995810593,False,False,True,7.334162076780726e-07,COMPLETE
1718,0.3562805533409119,2025-04-06 07:39:47.625872,2025-04-06 07:40:21.924701,0 days 00:00:34.298829,0.7129299400412457,0.05717642720058741,8,0.17664183980044462,0.07810269439659102,0.008977518162872171,0.01495299503577099,0.013333890029947991,0.022543803790857075,0.0003431563665732136,29,73,0.0948962968623848,0.1551597314882594,False,False,True,8.446145843615222e-07,COMPLETE
1719,0.34889643192291264,2025-04-06 07:40:22.472267,2025-04-06 07:40:57.264195,0 days 00:00:34.791928,0.6913148186296278,0.02600928912595278,8,0.11452038240951032,0.23594727060731296,0.012880484426401922,0.010184707177056553,0.010310619227599023,0.020060306285530526,0.0004483848768756205,30,71,0.09207719213686744,0.15839679708835103,False,False,True,1.0863355735560425e-06,COMPLETE
1720,0.3759275615215302,2025-04-06 07:40:57.841025,2025-04-06 07:41:31.312026,0 days 00:00:33.471001,0.7245800734967164,0.05634597128053553,8,0.06533408389775176,0.07598373751130616,0.012020971263294256,0.013683966384733287,0.012772349008170942,0.0213463724405753,0.0003739948068901945,28,66,0.0954251488700109,0.1559989232191868,False,False,True,7.787620879004088e-07,COMPLETE
1721,0.3532875061035156,2025-04-06 07:41:31.862619,2025-04-06 07:42:05.536168,0 days 00:00:33.673549,0.6832205876111701,0.042332696831909974,8,0.0465067507840741,0.08385999319348184,0.008355179783631208,0.011299249733840219,0.015306027458057756,0.02080594837278015,0.0004870779015659768,28,74,0.09615133971921465,0.14651923221768243,False,False,True,1.1972221277519625e-06,COMPLETE
1722,0.2922714650630951,2025-04-06 07:42:06.113506,2025-04-06 07:42:39.040203,0 days 00:00:32.926697,0.773704782734516,0.06655610660763173,8,0.2686613132503247,0.07307688091877099,0.012583369408121582,0.016720641615888814,0.013777465232399163,0.019357721489086096,0.00038380502453019854,28,68,0.09344900493434458,0.17253316395584015,False,False,True,9.649031399699054e-07,COMPLETE
1723,0.28615721464157107,2025-04-06 07:42:39.593617,2025-04-06 07:43:14.155453,0 days 00:00:34.561836,0.7105238787490088,0.07180274436994659,8,0.07132232623020332,0.09168711933627996,0.012964145273983723,0.009735542448291728,0.023789297735855246,0.022927968096091697,0.00045889196483225604,29,73,0.09710370649711805,0.16576490386929418,False,True,True,7.06905479007712e-07,COMPLETE
1724,0.35360679030418396,2025-04-06 07:43:14.705131,2025-04-06 07:43:38.590850,0 days 00:00:23.885719,0.16355314497318024,0.02491197946736568,16,0.03876019851725629,0.08085490538159594,0.006677687933705826,0.013514530844447105,0.014658853480994908,0.021943448705758883,0.00047498753044074744,28,70,0.09004657382235134,0.15836428738878447,False,False,True,1.3339937351205276e-06,COMPLETE
1725,0.36372752785682677,2025-04-06 07:43:39.170261,2025-04-06 07:44:14.215232,0 days 00:00:35.044971,0.7488966969492096,0.045259360679686875,8,0.053315821915949344,0.07434302986835828,0.010246427865537415,0.012598676568113875,0.011693762549791105,0.018712184745591557,0.0005092537698343273,28,77,0.09999954421259728,0.15140536427464824,True,False,True,9.085004819564884e-07,COMPLETE
1726,0.39486266970634465,2025-04-06 07:44:14.771003,2025-04-06 07:44:48.489877,0 days 00:00:33.718874,0.6797501079154467,0.06235438949378329,8,0.06093401019597897,0.09703447637643695,0.013493233193161485,0.015144008834226336,0.02256028724545194,0.024628349119587778,0.0006014932551435357,28,75,0.09467003184635864,0.15055979276642453,False,False,True,7.02050261527364e-07,COMPLETE
1727,0.47193187475204473,2025-04-06 07:44:49.060763,2025-04-06 07:45:14.694718,0 days 00:00:25.633955,0.6568033702756645,0.0875607155146345,8,0.07981326879896963,0.08635479768866058,0.00950163895981648,0.010008541396359392,0.025555018511308834,0.002787248829339023,0.0005739821518468631,17,75,0.09804291113208466,0.15685230348821314,False,False,True,1.6497130147404475e-06,COMPLETE
1728,0.3826841592788697,2025-04-06 07:45:15.247979,2025-04-06 07:46:53.972959,0 days 00:01:38.724980,0.6933857453900659,0.044717978149518695,2,0.06672201108836207,0.07223600577312428,0.012197918512454256,0.013494281701057566,0.04707994437994484,0.01965031347219414,0.00039289846388003647,30,72,0.09666169125289534,0.15229519148739015,False,False,True,1.0853545321240611e-06,COMPLETE
1729,0.38368850350379946,2025-04-06 07:46:54.541141,2025-04-06 07:47:28.649638,0 days 00:00:34.108497,0.05355880022133158,0.07056905888900127,8,0.0570851625790573,0.07896083307347732,0.013759087684016855,0.009823140650213212,0.016965730719334493,0.021717548501680707,0.00025830901389360715,29,76,0.09384295744346546,0.14644051114666395,False,False,True,6.122129216918839e-07,COMPLETE
1730,0.36369421482086184,2025-04-06 07:47:29.213131,2025-04-06 07:48:02.977597,0 days 00:00:33.764466,0.7244047044665949,0.010297251103096615,8,0.0735636696275064,0.06882817147962224,0.014662922746937822,0.016149945255512197,0.02010820141138396,0.018907529426935073,0.0016140142042378493,28,92,0.09596815565968453,0.16295366831144767,False,False,True,8.718734152661766e-07,COMPLETE
1731,0.40866742134094236,2025-04-06 07:48:03.552548,2025-04-06 07:48:37.364379,0 days 00:00:33.811831,0.6717642502947455,0.09508272222834382,8,0.04926052361581205,0.062169680533786,0.006866993108776246,0.01874224078601919,0.014594804179077242,0.007795142167711424,0.0005535412627963299,28,79,0.051349005623490436,0.16031150420484608,False,False,True,2.0905693151492245e-06,COMPLETE
1732,0.47616679072380064,2025-04-06 07:48:37.922956,2025-04-06 07:49:02.780056,0 days 00:00:24.857100,0.701773531535617,0.05274945521959843,8,0.06268027508986124,0.07333825304957005,0.011722034706762592,0.005952430869841737,0.00990845000016317,0.005638052921556036,0.0012505048444925683,16,73,0.07309677649820945,0.16105203337136742,False,False,True,1.380413829946343e-06,COMPLETE
1733,0.3520019590854645,2025-04-06 07:49:03.358351,2025-04-06 07:49:41.758696,0 days 00:00:38.400345,0.6338211656895546,0.07619811975383015,8,0.0911081051128381,0.0672578192854997,0.014735427936909413,0.01031126889452048,0.018793586728776242,0.01729917804052668,0.0010048368952662778,28,86,0.09825553239327836,0.15142390412444434,False,False,False,7.562959237210695e-07,COMPLETE
1734,0.4656826198101044,2025-04-06 07:49:42.314418,2025-04-06 07:50:05.040164,0 days 00:00:22.725746,0.7380830401417551,0.02944230659723345,8,0.06671557454457472,0.05966646372694047,0.010150994972416783,0.013181619832941194,0.016421841352942494,0.004475653999961724,0.0008448872265116185,13,77,0.09674641110705644,0.15469282068847112,False,False,True,1.1498041056029068e-06,COMPLETE
1735,0.48605937957763673,2025-04-06 07:50:05.589848,2025-04-06 07:50:40.304290,0 days 00:00:34.714442,0.6557463064505312,0.10907784268476696,8,0.05840260975684018,0.07938381134667023,0.008702352015424197,0.01151811730822136,0.012280263244443274,0.019451410517692495,0.0006913705911227228,29,82,0.09296660821606773,0.16877196543591777,False,False,True,3.7556837312761207e-06,COMPLETE
1736,0.46848104596138007,2025-04-06 07:50:40.874981,2025-04-06 07:51:14.482355,0 days 00:00:33.607374,0.7157994647913841,0.0588267704707562,8,0.05314456429271619,0.08581729422767417,0.0046780377824462765,0.007795103166096641,0.021387079057168832,0.008639481793781325,0.001093515796763631,28,88,0.09834858939553745,0.16187173418624787,False,False,True,1.589198176100502e-06,COMPLETE
1737,0.4539092302322388,2025-04-06 07:51:15.034171,2025-04-06 07:51:49.625494,0 days 00:00:34.591323,0.6863261101683366,0.04046217894218561,8,0.07704414108772255,0.06918127917002999,0.014772272329727795,0.03792259656117437,0.023861094083727042,0.017751599980065282,0.0005096943445168142,29,80,0.09546521341022877,0.15442860286641338,False,False,True,6.352815419782116e-07,COMPLETE
1738,0.38853155374526976,2025-04-06 07:51:50.199840,2025-04-06 07:52:22.823027,0 days 00:00:32.623187,0.5951018734956952,0.08117911052636312,8,0.04279408961562017,0.07588447508404103,0.01165741397770695,0.007988462619398664,0.014299285495462749,0.022602486942336512,0.007171633733274585,27,70,0.0916900378051457,0.1625678842349996,False,False,True,1.0052726861108306e-06,COMPLETE
