number,value,datetime_start,datetime_complete,duration,params_alpha-eval,params_alpha-train,params_batch-size,params_eps-eval,params_eps-train,params_lambda-actions-eval,params_lambda-actions-train,params_lambda-frames-eval,params_lambda-frames-train,params_learning-rate,params_n-epochs,params_n-frames,params_radius-gw,params_rho,params_std-feats,params_ub-actions,params_ub-frames,params_weight-decay,state
1627,0.48253238201141363,2025-04-06 06:41:12.222345,2025-04-06 06:42:51.669673,0 days 00:01:39.447328,0.7576294627088299,0.026523676847374555,2,0.04769688019362687,0.05701263643312172,0.06390458552678564,0.06125957073326968,0.017297324244705387,0.007400677265486766,0.0010314951119041885,30,76,0.09244138119466863,0.2039669024433123,False,False,True,2.2539157725235013e-06,COMPLETE
1628,0.3652974009513855,2025-04-06 06:42:52.204680,2025-04-06 06:43:26.739308,0 days 00:00:34.534628,0.8015566616714205,0.07758482393444704,8,0.0673010811047298,0.0679372899738257,0.014105940214719628,0.05647932600955247,0.021511176278688773,0.012850209832981565,0.0008548347234437869,28,82,0.0968549685901541,0.21351406248461635,False,True,True,3.586369772752826e-06,COMPLETE
1629,0.4193135380744934,2025-04-06 06:43:27.258113,2025-04-06 06:43:59.818098,0 days 00:00:32.559985,0.660704856633019,0.04631033453950884,8,0.056935710658007156,0.07486035226407327,0.01617990615950532,0.06320020371603509,0.025461130767736734,0.015547456564150125,0.0011359468752498807,25,69,0.09826350280519658,0.1937966141317237,True,False,True,5.173602469680982e-07,COMPLETE
1630,0.4720292210578919,2025-04-06 06:44:00.359238,2025-04-06 06:44:33.299724,0 days 00:00:32.940486,0.7269484348446245,0.11704455878666806,8,0.06305296016870046,0.08497658234493959,0.02175680687280975,0.06737185807627168,0.020156136918553752,0.009467718125355518,0.000662665130880164,27,79,0.09516074005782217,0.1835052067080213,False,False,True,1.2692869835996987e-06,COMPLETE
1631,0.3985571920871735,2025-04-06 06:44:33.819980,2025-04-06 06:45:06.498469,0 days 00:00:32.678489,0.702328685206716,0.09097304341202127,8,0.07017593196739184,0.047663980480360774,0.012160992904015625,0.05812003075270444,0.015875051784845252,0.00634652366195997,0.00052555673480447,27,74,0.09833837356590229,0.19692312120659858,False,False,True,7.739134362947633e-07,COMPLETE
1632,0.48852435350418094,2025-04-06 06:45:07.017452,2025-04-06 06:45:40.489892,0 days 00:00:33.472440,0.6790594943077826,0.06459727307084594,8,0.05455830063000834,0.05981496455013259,0.018097117752293543,0.059595841200077784,0.013185141820142418,0.017468420324441923,0.0013748247686314688,28,85,0.09365028936094655,0.16678923277053567,False,False,True,1.7727128127429765e-06,COMPLETE
1633,0.47821100354194646,2025-04-06 06:45:41.035002,2025-04-06 06:46:13.378402,0 days 00:00:32.343400,0.6555656074293514,0.026744760606968683,8,0.07582894022288289,0.06641655612813283,0.020441111364625363,0.06426980690202873,0.018624148278541006,0.013943274415856055,0.0008387690575021189,26,81,0.09997260682248149,0.18923622969628348,False,False,True,3.437190840553207e-07,COMPLETE
1634,0.4854468703269959,2025-04-06 06:46:13.900949,2025-04-06 06:46:48.682643,0 days 00:00:34.781694,0.6958709009982968,0.04693848333125392,8,0.041822454348787834,0.07696301935317446,0.059245688813422306,0.008128178999216674,0.02313267363559649,0.011206883608037331,0.0007108323923961698,29,88,0.0949934378676561,0.1784865643853592,False,False,True,2.8492508587184375e-06,COMPLETE
1635,0.2883286476135254,2025-04-06 06:46:49.203491,2025-04-06 06:47:12.737695,0 days 00:00:23.534204,0.7401848970011948,0.091235198355511,16,0.2973621962342532,0.06184821133562571,0.04233794730000893,0.054148782491667165,0.029973024506186607,0.019750340075238054,0.000988637811217457,27,78,0.09739117798253004,0.013754847311898355,False,False,True,6.552922159209207e-07,COMPLETE
1636,0.40212516784667973,2025-04-06 06:47:13.277340,2025-04-06 06:47:46.681178,0 days 00:00:33.403838,0.6302188634531222,0.0735343070935226,8,0.06174106731369492,0.07136924509316078,0.01630026292523885,0.06186209430974895,0.017195166993300162,0.01619821975717889,0.029241017367179586,28,71,0.09592105887290453,0.15642423733049465,False,False,True,9.622167651311008e-07,COMPLETE
1637,0.3474888384342194,2025-04-06 06:47:47.202111,2025-04-06 06:48:24.608776,0 days 00:00:37.406665,0.7134670259787812,0.44606239009804016,8,0.048137965077308685,0.15098429518009035,0.009272078317628937,0.06011164846061118,0.020279998791051572,0.008362672716041618,0.0005944023426863411,27,83,0.09148323446916563,0.20365887317456832,False,False,False,4.6150986033099054e-07,COMPLETE
1638,0.3918465614318848,2025-04-06 06:48:25.153415,2025-04-06 06:48:56.941308,0 days 00:00:31.787893,0.6667298032584208,0.010951187850523875,8,0.0683904430922051,0.05542152960564285,0.013384501729171584,0.018933390801071787,0.026759968959321714,0.004255436277630088,0.0003228903454749208,26,74,0.09672440837068867,0.19414891076957932,False,False,True,1.3621786998972033e-06,COMPLETE
1639,0.3642375886440277,2025-04-06 06:48:57.466617,2025-04-06 06:49:32.703128,0 days 00:00:35.236511,0.6814186304659753,0.11175049175692633,8,0.05541712146488603,0.08183169138297464,0.018464716476629887,0.0559065826409729,0.014970708835006974,0.013270737633861935,0.0012194692707408663,28,145,0.09808876756705252,0.20937148036375297,False,False,True,8.835466407498345e-07,COMPLETE
1640,0.36385199427604675,2025-04-06 06:49:33.225771,2025-04-06 06:51:00.178701,0 days 00:01:26.952930,0.6537802119982739,0.05479441457168647,2,0.08003650160774387,0.06787980539298867,0.0230990300378381,0.0663904872761829,0.03314653991743943,0.02351320524575008,0.0008319218750276962,26,77,0.09824483183815472,0.1863800253377092,False,False,True,2.2796080270283025e-06,COMPLETE
1641,0.35851662755012514,2025-04-06 06:51:00.724730,2025-04-06 06:51:32.192460,0 days 00:00:31.467730,0.7052435308125582,0.08368728895627853,8,0.0638285023152454,0.2975043408652639,0.01472149106793804,0.06838913636040896,0.018642872663516396,0.011243551068822617,0.0004796850529562176,25,81,0.09998466080265743,0.1997145461585272,False,False,True,1.6896444651093836e-06,COMPLETE
1642,0.3855538964271546,2025-04-06 06:51:32.715233,2025-04-06 06:52:06.259158,0 days 00:00:33.543925,0.7281774289897323,0.1412124288461563,8,0.058461950956974325,0.049916382691831,0.020508253488746214,0.058558919458243826,0.022123921609229547,0.015313807995390347,0.0017283206307528239,27,84,0.09356201692536802,0.17329503164069154,False,False,True,5.828397784153294e-07,COMPLETE
1643,0.3910823523998261,2025-04-06 06:52:06.806812,2025-04-06 06:52:40.905536,0 days 00:00:34.098724,0.6133465960363944,0.06123273040153267,8,0.0872587931198088,0.06252602926562018,0.016827662460804214,0.06329829732862668,0.024260401569572366,0.018161810138494622,0.00039113101395567794,28,91,0.09588128600975407,0.18133784936483527,False,False,True,3.972368787830245e-07,COMPLETE
1644,0.3619464635848999,2025-04-06 06:52:41.435018,2025-04-06 06:53:14.237721,0 days 00:00:32.802703,0.6876295596492529,0.035831496553585446,8,0.07003109793320361,0.10884295244690806,0.025194236722050328,0.004830154316308606,0.01301271125221653,0.001050618093635089,0.0007051965967350502,27,79,0.09683544649555421,0.19109975020165373,False,False,True,2.3917272920704946e-07,COMPLETE
1645,0.48703488111495974,2025-04-06 06:53:14.789909,2025-04-06 06:53:48.901591,0 days 00:00:34.111682,0.6404080577861734,0.10347648690060918,8,0.050387039519352805,0.07362373122587085,0.012302126142207421,0.010732261380123042,0.01630889588216969,0.009397833428205,0.0010134410548747637,29,67,0.09832402441583339,0.16397783732367016,False,False,True,1.163866584719048e-06,COMPLETE
1646,0.3368293344974518,2025-04-06 06:53:49.437884,2025-04-06 06:54:22.964386,0 days 00:00:33.526502,0.748876310327579,0.07258478512100418,8,0.21016666670136722,0.06886312146945388,0.04522718372632258,0.06128879833294915,0.019995403423284746,0.021340302229303866,0.0008417282138542014,28,86,0.09403452395000486,0.20494591485930097,False,False,True,7.051146166361457e-07,COMPLETE
1647,0.28615721464157107,2025-04-06 06:54:23.489842,2025-04-06 06:54:55.720364,0 days 00:00:32.230522,0.6666026004579596,0.8408372623752522,8,0.06418563934237909,0.056559674075618696,0.05195795659106602,0.07133921027535492,0.06492211242342293,0.006872155956340872,0.0005988988525166339,26,75,0.09529107598261055,0.2190070834172813,False,True,True,3.2570749961444115e-06,COMPLETE
1648,0.48576924204826355,2025-04-06 06:54:56.269696,2025-04-06 06:55:29.388479,0 days 00:00:33.118783,0.7119166150390253,0.046370485644390926,8,0.07457924590354181,0.07905233786539397,0.0189863201080281,0.06535700662252138,0.028307026972309378,0.013614370380201557,0.0012991533057047065,27,72,0.09809355944066973,0.19631696618642228,False,False,True,2.40607569365153e-06,COMPLETE
1649,0.3631456673145294,2025-04-06 06:55:29.913496,2025-04-06 06:56:05.021080,0 days 00:00:35.107584,0.6806414048162323,0.09106069888485979,8,0.04369301342183794,0.06311196633685338,0.008380922966381136,0.05765551008421457,0.014795208917977257,0.016575463343375677,0.0007597692003344706,27,89,0.09669358685046883,0.0035979954272737646,True,False,True,9.98481181816095e-07,COMPLETE
1650,0.4860759854316712,2025-04-06 06:56:05.570977,2025-04-06 06:56:40.515241,0 days 00:00:34.944264,0.6430471971167921,0.06855732310382975,8,0.005721571242514656,0.07298724012547052,0.01519833497920712,0.0630896228604694,0.017723746854941665,0.011719082804810044,0.001053582654618421,30,80,0.09153045783009381,0.18369733158451512,False,False,True,1.5899534383230597e-06,COMPLETE
1651,0.3529693305492401,2025-04-06 06:56:41.039498,2025-04-06 06:58:08.649081,0 days 00:01:27.609583,0.6965980378393836,0.02501074267526481,2,0.05818429976799974,0.09297042916764008,0.011244647428543876,0.0030994463560723405,0.022817765308008536,0.019414352803576018,0.0005065640698859608,26,83,0.09498629003409952,0.1894996439617198,False,False,True,4.868418934676763e-07,COMPLETE
1652,0.4828284025192261,2025-04-06 06:58:09.180676,2025-04-06 06:58:42.704773,0 days 00:00:33.524097,0.7289851588636158,0.1207476189897454,8,0.05330477087105837,0.05217839889076793,0.0221342712773689,0.05564441043192864,0.021127652843132675,0.009227551406952278,0.0008854004828485169,28,76,0.09822355410369663,0.17078064508325475,False,False,True,3.100856671382285e-07,COMPLETE
1653,0.4820569515228272,2025-04-06 06:58:43.254373,2025-04-06 06:59:17.508771,0 days 00:00:34.254398,0.6637200747394562,0.04680743227260675,8,0.0684944102542435,0.042391793640124645,0.017034083847709217,0.013647871436822997,0.02521662402265815,0.014147410797235749,0.0006538643922241304,29,78,0.09277019673729371,0.1780634959280969,False,False,True,7.647136361571565e-07,COMPLETE
1654,0.48945906162261965,2025-04-06 06:59:18.034474,2025-04-06 06:59:50.034680,0 days 00:00:32.000206,0.681700286438832,0.0943592461390595,8,0.0354769689396657,0.0851726638227987,0.013785506962997837,0.06029268831382064,0.01875819031866899,0.007505194254868056,0.0011923866435822673,25,86,0.0999372101308759,0.20053844614401867,False,False,True,1.9398011282303823e-06,COMPLETE
1655,0.4718509376049042,2025-04-06 06:59:50.595237,2025-04-06 07:00:23.346221,0 days 00:00:32.750984,0.772677806063326,0.06302384956690281,8,0.06257958204217753,0.06116902101733645,0.020151155570864786,0.007068907867198055,0.0167481592833389,0.005336308117809895,0.000962571010578492,27,81,0.0965581436988282,0.1934845312810136,False,False,True,1.3672254142986645e-06,COMPLETE
1656,0.3555513083934784,2025-04-06 07:00:23.877537,2025-04-06 07:01:01.958396,0 days 00:00:38.080859,0.7128005511846474,0.08181812091966909,8,0.23154812303413957,0.06784564311729518,0.02397691307590969,0.0677074307551734,0.01322241299865076,0.017314744849197095,0.000747487515058488,28,73,0.09852930032348715,0.20996374390102515,False,False,False,6.334810958716076e-07,COMPLETE
1657,0.3810554563999176,2025-04-06 07:01:02.486983,2025-04-06 07:01:34.653337,0 days 00:00:32.166354,0.6024161882798197,0.042056115860923615,8,0.07823090173092755,0.07561619980935527,0.01842042996542282,0.017061896771790104,0.03191963917198403,0.011401864182401517,0.000551717657510149,26,84,0.0952910149097212,0.18673436280312566,False,False,True,2.064160798355261e-08,COMPLETE
1658,0.3867919445037842,2025-04-06 07:01:35.204423,2025-04-06 07:01:59.212312,0 days 00:00:24.007889,0.6282315004784358,0.11086764433334013,16,0.14444855789583405,0.06570762344454453,0.010185541996691399,0.06382479672424164,0.019419437561172193,0.016156050081889854,0.001532250647338274,28,77,0.09800479102322607,0.19993670378745018,False,False,True,9.625539678321922e-07,COMPLETE
1659,0.48340186476707464,2025-04-06 07:01:59.739773,2025-04-06 07:02:32.758261,0 days 00:00:33.018488,0.6524302746122962,0.06328641608645903,8,0.04843179684262937,0.05809241970146589,0.01592358032740738,0.058648453597109795,0.015451825376860405,0.013630571361028408,0.0006406896318626333,27,69,0.08963250982353782,0.18198032682287066,False,False,True,4.978055849518677e-07,COMPLETE
1660,0.3858063340187073,2025-04-06 07:02:33.308121,2025-04-06 07:03:05.746121,0 days 00:00:32.438000,0.6893593981442288,0.030114137092765086,8,0.07234458892688052,0.0723023690806207,0.026201667336530066,0.06129042362635889,0.03678601762409835,0.018845767874911497,0.00042213748657139196,26,89,0.09421849907680502,0.21463860897504541,False,False,True,2.69121802656251e-06,COMPLETE
1661,0.49160653352737427,2025-04-06 07:03:06.277945,2025-04-06 07:03:39.067861,0 days 00:00:32.789916,0.6736145484611484,0.07839983596860314,8,0.05743486076794093,0.08044711591315608,0.022244255227603663,0.04055018806914561,0.02113664870410664,0.003135568049330347,0.0008461886548147531,27,81,0.09654509969605979,0.19344681788631213,False,False,True,1.1792081509822812e-06,COMPLETE
1662,0.3635875165462494,2025-04-06 07:03:39.609434,2025-04-06 07:04:13.657717,0 days 00:00:34.048283,0.7035472401479178,0.049788524233537225,8,0.06594032559400795,0.26758483547491774,0.02696111164735169,0.02305610820389267,0.022168023324052367,0.0021362695999973605,0.0006025609123598079,28,87,0.0923692203909396,0.176305250403753,False,False,True,1.0572696397116937e-06,COMPLETE
1663,0.4781478822231293,2025-04-06 07:04:14.208291,2025-04-06 07:04:48.258171,0 days 00:00:34.049880,0.722439535422264,0.07081634689725329,8,0.06000607583806313,0.08945103248722214,0.024591341962834544,0.0410854449838953,0.02147495701555766,0.0032357346662045764,0.000751372950900217,28,85,0.09103496963608629,0.18599246125007696,False,False,True,7.506948992015785e-07,COMPLETE
1664,0.35294329524040224,2025-04-06 07:04:48.790488,2025-04-06 07:05:21.874327,0 days 00:00:33.083839,0.756263025570834,0.024519565173336526,8,0.07312448651950003,0.0879887177081882,0.023147802371404354,0.03394344530135629,0.02424981952441238,0.0026572598861097814,0.0005052154115816302,27,83,0.08477467551354442,0.19018034388442043,False,False,True,9.357038395471682e-07,COMPLETE
1665,0.48163900375366214,2025-04-06 07:05:22.428425,2025-04-06 07:06:55.432742,0 days 00:01:33.004317,0.7401168077762719,0.050037151928913434,2,0.06717210478375245,0.0834298456791895,0.026133700194968065,0.027220146911086582,0.0214495696071309,0.002535103896968304,0.0007769305463124367,28,87,0.09325272256639637,0.1791302004974596,False,False,True,8.567440388975728e-07,COMPLETE
1666,0.3353906929492951,2025-04-06 07:06:55.963420,2025-04-06 07:07:29.390685,0 days 00:00:33.427265,0.6994256825788358,0.07361688856203605,8,0.0826483678158019,0.08413564667698387,0.023432997335403417,0.015290780938082501,0.023391600379513686,0.002266115095239661,0.0006441317983732852,27,91,0.038458738541351296,0.16891176830150623,False,True,True,1.1732076993271139e-06,COMPLETE
1667,0.48527932763099674,2025-04-06 07:07:29.944856,2025-04-06 07:08:06.097044,0 days 00:00:36.152188,0.6755313159410048,0.01012914172416908,8,0.05988718394269613,0.09443679010393731,0.022362375998702347,0.00910535489504061,0.020216929410235243,0.0011644973889864477,0.0008611299551826006,29,82,0.09513508403071726,0.19051602066685963,True,False,True,6.293715041351075e-07,COMPLETE
1668,0.3538488149642945,2025-04-06 07:08:06.630330,2025-04-06 07:08:39.666420,0 days 00:00:33.036090,0.7132821062365899,0.039134431900823205,8,0.126649554185916,0.08054646362814029,0.025749151006410752,0.03153996939778777,0.019221471351138282,0.003767902321519458,0.0005157444951748037,27,82,0.09358102288583106,0.19487691843753174,False,False,True,7.531951459313738e-07,COMPLETE
1669,0.4885215520858765,2025-04-06 07:08:40.196353,2025-04-06 07:09:14.142668,0 days 00:00:33.946315,0.6815485709447344,0.05897182912545876,8,0.06665887097727147,0.08080863672669807,0.03980520358088221,0.024297200815167383,0.022481887481939484,0.0042422254938681535,0.0006918816011753731,28,86,0.0964237342810847,0.18376089915287216,False,False,True,4.104347976091876e-07,COMPLETE
1670,0.48420056104660036,2025-04-06 07:09:14.697174,2025-04-06 07:09:47.731853,0 days 00:00:33.034679,0.6959434258887685,0.08213869761071403,8,0.07430936008722654,0.07591834830607057,0.024829519101991354,0.03203092555513323,0.020075255726536508,0.0033042028970320285,0.0008563649388053465,27,80,0.09527229193176914,0.17710539761898886,False,False,True,1.1085953116980554e-06,COMPLETE
1671,0.4849614024162293,2025-04-06 07:09:48.266838,2025-04-06 07:10:21.990079,0 days 00:00:33.723241,0.7228162385818219,0.05786100731627051,8,0.06145293931944014,0.07913025619787578,0.022889219729444882,0.03095905230202808,0.017862596448737143,0.0010061833702557088,0.0005754727940005714,28,84,0.09208593061061944,0.18785106732041962,False,False,True,8.803175658956001e-07,COMPLETE
1672,0.40652659535408026,2025-04-06 07:10:22.549440,2025-04-06 07:10:55.476537,0 days 00:00:32.927097,0.6640943243344573,0.04144590623549181,8,0.055895236928328644,0.08845441353711742,0.02129101138449209,0.040206626731418976,0.023723583457337816,0.006202255568206342,0.00045216595893557714,27,80,0.08890038174148096,0.16287762177956877,False,False,True,5.932477975285822e-07,COMPLETE
1673,0.36548256278038027,2025-04-06 07:10:56.011689,2025-04-06 07:11:30.627766,0 days 00:00:34.616077,0.7429925018978487,0.08091562511447521,8,0.06551861042012332,0.2235777996335152,0.007044485808363783,0.06641752709875495,0.021835186284113652,0.003987967427028711,0.0010090099699600664,29,88,0.09680402475366422,0.19431649981554994,False,False,True,1.2989278334856406e-06,COMPLETE
1674,0.35234770774841306,2025-04-06 07:11:31.158011,2025-04-06 07:12:04.973219,0 days 00:00:33.815208,0.645791104483882,0.03704866049437901,8,0.0718601107286069,0.10148616623140519,0.021665535210606685,0.030582524845937428,0.01843532290208259,0.003926812129254033,0.0007191068196580751,28,84,0.09406750204028017,0.20190382653267155,False,False,True,5.319496904020068e-07,COMPLETE
1675,0.46861679553985597,2025-04-06 07:12:05.523631,2025-04-06 07:12:25.774489,0 days 00:00:20.250858,0.6939457901824175,0.09157854621337491,8,0.057864505745416385,0.07807975944203531,0.020924505724579212,0.07064983268997514,0.01981122090370112,0.0049317720534662315,0.0008018961243799278,9,91,0.09677440935743416,0.18513981238415012,False,False,True,8.040209569581721e-07,COMPLETE
1676,0.3494637489318848,2025-04-06 07:12:26.307070,2025-04-06 07:13:03.558278,0 days 00:00:37.251208,0.6750686901798981,0.06077117982851964,8,0.07916309455677276,0.0845602301745037,0.027512970353284927,0.028498616278790672,0.016975670582318213,0.002152678903135542,0.00035385495945185896,27,81,0.01671469280082022,0.17624677077518022,False,False,False,1.1458942431792047e-06,COMPLETE
1677,0.38561206459999087,2025-04-06 07:13:04.111604,2025-04-06 07:14:34.087107,0 days 00:01:29.975503,0.712038989050369,0.07375713298263004,2,0.05306517938399471,0.07551371173852624,0.024238645429237985,0.029090080795876917,0.021211926690116074,0.020936751878742294,0.0006014370477511763,27,79,0.09845761789784765,0.20680572735677977,False,False,True,6.83010076292692e-07,COMPLETE
1678,0.4401039898395539,2025-04-06 07:14:34.622836,2025-04-06 07:15:08.431106,0 days 00:00:33.808270,0.6636154163168908,0.022147616595092727,8,0.06415910370082803,0.07337600256465288,0.01195601168322631,0.03975603480144358,0.02413712100700597,0.005108476040043282,0.0011172053642946984,28,84,0.0999176857869345,0.1722079881264381,False,False,True,3.5526878443169697e-07,COMPLETE
1679,0.40629889965057375,2025-04-06 07:15:08.987512,2025-04-06 07:15:42.347554,0 days 00:00:33.360042,0.6921393097245442,0.3578959938712224,8,0.07029696596829249,0.08106137437590814,0.00899099066842256,0.04360222362830016,0.017914499808583013,0.005392163450040885,0.0008681423451673702,27,88,0.09505553808469529,0.19133494728090988,False,False,True,8.82209562021704e-07,COMPLETE
1680,0.3510511815547943,2025-04-06 07:15:42.888950,2025-04-06 07:16:17.232653,0 days 00:00:34.343703,0.7299913579712977,0.04938072584594166,8,0.058473427415883364,0.07113376813573415,0.0135841351251828,0.03299810022835198,0.08988614828299514,0.054313198599655665,0.0006685718019884224,29,82,0.09994498291791541,0.183076907120147,False,False,True,4.229221119870765e-07,COMPLETE
1681,0.4139710664749146,2025-04-06 07:16:17.765799,2025-04-06 07:16:41.925723,0 days 00:00:24.159924,0.6343637128067325,0.09872120848354948,16,0.07638636703108079,0.11790522235545174,0.020457287852720746,0.03983120468083642,0.015052115939273586,0.0033140926041110314,0.0009612472788489956,28,79,0.09666708835976175,0.19753310743307495,False,False,True,1.3105507741100198e-06,COMPLETE
1682,0.48181111812591554,2025-04-06 07:16:42.482085,2025-04-06 07:17:15.333616,0 days 00:00:32.851531,0.6753497396733527,0.07571624891989112,8,0.06365085866368059,0.07720149381233547,0.02226141488134986,0.02043663526993505,0.02021549562680721,0.017732175391444317,0.0004979503218338708,27,86,0.09349263512752212,0.1898157594074334,False,False,True,1.0473731127532236e-06,COMPLETE
