number,value,datetime_start,datetime_complete,duration,params_alpha-eval,params_alpha-train,params_batch-size,params_eps-eval,params_eps-train,params_lambda-actions-eval,params_lambda-actions-train,params_lambda-frames-eval,params_lambda-frames-train,params_learning-rate,params_n-epochs,params_n-frames,params_radius-gw,params_rho,params_std-feats,params_ub-actions,params_ub-frames,params_weight-decay,state
899,0.39367076754570013,2025-04-05 22:52:16.280874,2025-04-05 22:52:47.414162,0 days 00:00:31.133288,0.6418187239804849,0.02848538902335944,8,0.0505970326929044,0.06122377584068668,0.04821268604234079,0.07114702371610535,0.013969227305401313,0.020769364561469564,0.00042828176344197265,25,74,0.09292846572959486,0.17838151702352473,False,False,True,3.0101679500143276e-07,COMPLETE
900,0.3640369534492493,2025-04-05 22:52:47.705908,2025-04-05 22:54:26.307690,0 days 00:01:38.601782,0.6640603955296651,0.04728483576379559,2,0.055986231134607864,0.23250625953705337,0.008011864709396837,0.07353695253991037,0.015264811357324902,0.017997811517131153,0.0004889322471400106,25,71,0.09381293836885189,0.18291818931234005,False,False,False,2.799590391722997e-07,COMPLETE
901,0.48593602180480955,2025-04-05 22:54:26.584764,2025-04-05 22:54:57.745819,0 days 00:00:31.161055,0.6510222177574634,0.08036404419871251,8,0.06261410955516407,0.06291515502422293,0.050646945395493866,0.07185821392409635,0.01377907694978649,0.01742643501810462,0.0005754914519272308,25,76,0.0931096357873814,0.18706090380504722,False,False,True,2.384430479361702e-07,COMPLETE
902,0.48662623167037966,2025-04-05 22:54:58.035463,2025-04-05 22:55:29.425725,0 days 00:00:31.390262,0.6449319206000579,0.04181305633709653,8,0.05732171395228503,0.05549358366366307,0.05541607644800677,0.0720268556906154,0.015694813404158642,0.019639386114895793,0.0008529886711167313,25,78,0.0941192038907313,0.20811824834305867,False,False,True,1.9587463115775857e-07,COMPLETE
903,0.4025765597820282,2025-04-05 22:55:29.717145,2025-04-05 22:56:01.174075,0 days 00:00:31.456930,0.6695514105769494,0.10230744473088413,8,0.06432158984298075,0.06325819851661615,0.04864890014805544,0.07319100550770594,0.01404819758084839,0.02245852098628092,0.000564294296947251,25,76,0.04322049273285727,0.1942241455432228,False,False,True,3.226573603507973e-07,COMPLETE
904,0.3926609635353089,2025-04-05 22:56:01.465236,2025-04-05 22:56:32.506797,0 days 00:00:31.041561,0.6473713651155765,0.014847561378386661,8,0.07136691862080381,0.05457415991363413,0.05129516266418355,0.07080674012259987,0.01655684777127961,0.01722869327465711,0.00037054218714411115,25,65,0.06369321384278365,0.17762372520149067,False,False,True,3.876491747436731e-07,COMPLETE
905,0.45699987411499027,2025-04-05 22:56:32.786074,2025-04-05 22:57:04.093315,0 days 00:00:31.307241,0.6702942052889712,0.06472394547322806,8,0.04990561255310373,0.07015354681125677,0.04764938938782457,0.07576419566317122,0.018178854168189176,0.02080886799760745,0.0007522367662722523,25,73,0.07052431933656,0.2019020864509916,False,False,True,2.528683107741175e-07,COMPLETE
906,0.47778739333152775,2025-04-05 22:57:04.395607,2025-04-05 22:57:36.736408,0 days 00:00:32.340801,0.6871504317816887,0.08431598748758759,8,0.05840441244985584,0.08058746130895454,0.04961162517550161,0.06853990282067896,0.01566879681291226,0.018715792346278553,0.000653493763463944,26,68,0.09499445942373475,0.18986487105106653,False,False,True,4.1115492648509487e-07,COMPLETE
907,0.3818964838981629,2025-04-05 22:57:37.026531,2025-04-05 22:58:08.536908,0 days 00:00:31.510377,0.6600042670321647,0.04719626958616762,8,0.06404601226240095,0.07450192550539517,0.05169850425546911,0.06973610057718853,0.013796460472951895,0.015731241556287884,0.0004876682730986811,25,79,0.09345551811540208,0.1843231301949128,False,True,True,4.611429009556706e-07,COMPLETE
908,0.42821835279464726,2025-04-05 22:58:08.830989,2025-04-05 22:58:40.064914,0 days 00:00:31.233925,0.6469684216406258,0.10217948160730135,8,0.07691667277022635,0.05974491211032012,0.05043466147025037,0.06988702918707237,0.018224062492577815,0.016634717174252543,0.0008403775910553309,25,77,0.09581776063512505,0.19741417262265448,False,False,True,3.2768389782512866e-07,COMPLETE
909,0.3565871059894562,2025-04-05 22:58:40.344874,2025-04-05 22:59:14.361646,0 days 00:00:34.016772,0.6838640526266139,0.9414371133847673,8,0.06967227899442223,0.0662686640757529,0.04243497219116067,0.07246703708166409,0.016591278173106346,0.02244737603922663,0.0006057305513437438,26,85,0.09650109672484093,0.1786633682477911,True,False,True,1.5611685951426627e-07,COMPLETE
910,0.3721769154071808,2025-04-05 22:59:14.652202,2025-04-05 22:59:46.020367,0 days 00:00:31.368165,0.6966302260307072,0.06463159812960297,8,0.0542009071822566,0.16020758972330193,0.05800998296412553,0.0739550654840813,0.019759012513947877,0.01873993312917477,0.0007649958444358723,25,87,0.09476561764824767,0.09261212203036037,False,False,True,3.845160893000165e-07,COMPLETE
911,0.40553440451622014,2025-04-05 22:59:46.311569,2025-04-05 23:00:18.389571,0 days 00:00:32.078002,0.6666822264538435,0.42215863419752564,8,0.061821330117171884,0.054811499383733434,0.05408975750328056,0.06778642208008942,0.013838070073732747,0.011176633459875029,0.0005401443075999663,26,80,0.0968139507360574,0.1895504997069246,False,False,True,2.1763081081639934e-07,COMPLETE
912,0.3736986994743347,2025-04-05 23:00:18.685964,2025-04-05 23:00:49.024327,0 days 00:00:30.338363,0.6489278027004237,0.03550956424717852,8,0.04941595373872479,0.07229056593090734,0.022106296211219137,0.06991450174268224,0.02565822796342615,0.01447302093401347,0.0008769959598529247,26,7,0.09255798983786771,0.20498299018917274,False,False,True,2.014485411548834e-06,COMPLETE
913,0.4679934680461884,2025-04-05 23:00:49.303719,2025-04-05 23:01:21.619551,0 days 00:00:32.315832,0.6803784661859222,0.07663893433676623,8,0.06676910656492174,0.08354077907271637,0.020420161624428716,0.07760255208755523,0.01818885209751399,0.020062932289490486,0.0006615638669364378,26,83,0.09677507581702358,0.18278469229601887,False,False,True,5.448665592584804e-07,COMPLETE
914,0.38986459970474246,2025-04-05 23:01:21.916293,2025-04-05 23:01:53.132205,0 days 00:00:31.215912,0.7002059317921245,0.012159146084574815,8,0.05733684434193244,0.06426573206346287,0.09275266860296733,0.07501852969003737,0.02311972052361589,0.015690232187023652,0.00040253751076939484,25,72,0.0943619455166477,0.19453802229121903,False,False,True,2.7530457312435365e-07,COMPLETE
915,0.3747399151325226,2025-04-05 23:01:53.424029,2025-04-05 23:02:26.656504,0 days 00:00:33.232475,0.6668122484487717,0.10082583828684387,8,0.158978461151967,0.10138633693017435,0.04644873343897482,0.07080291935643013,0.01574460950816755,0.012761060350478531,0.000874942719777709,28,76,0.09760835013494322,0.19935663219598418,False,False,True,4.6242190456008773e-07,COMPLETE
916,0.3665746808052063,2025-04-05 23:02:26.952810,2025-04-05 23:02:58.556365,0 days 00:00:31.603555,0.6489021745256662,0.05746438124261936,8,0.07527950577628323,0.06857257550510355,0.044790232754115714,0.07209913240448845,0.020758731833955758,0.01750272654062256,6.518252422245951e-05,25,80,0.09546283690408724,0.17623792749790226,False,False,True,3.2285047430748295e-07,COMPLETE
917,0.3466915369033814,2025-04-05 23:02:58.853602,2025-04-05 23:03:35.180013,0 days 00:00:36.326411,0.6851553242947335,0.08577076181463471,8,0.08365148276258423,0.07666875473706734,0.02548541301621566,0.06772560149397802,0.01739362042068862,0.0136553804616968,0.00058005593287742,26,85,0.0980285120707747,0.18646488318285392,False,False,False,1.9339033381097494e-07,COMPLETE
918,0.3931410610675812,2025-04-05 23:03:35.460944,2025-04-05 23:04:07.532393,0 days 00:00:32.071449,0.6987850856113307,0.03938702019908627,8,0.06902862762085872,0.06002444987135228,0.013937990586445563,0.06880089477779588,0.013695883193594065,0.017712111165643356,0.00033146260042100564,26,77,0.09791489577696465,0.19139063650199864,False,False,True,4.710860941707301e-07,COMPLETE
919,0.44121000766754154,2025-04-05 23:04:07.828070,2025-04-05 23:04:40.514393,0 days 00:00:32.686323,0.6666521949938087,0.06489303356962152,8,0.06193411587176553,0.09294789087267413,0.025008898676384082,0.06580338156276992,0.01972601348038533,0.020147227796606396,0.0004521357391164764,27,82,0.09284883607465937,0.1762149215541682,False,False,True,1.5419021885665078e-06,COMPLETE
920,0.4023054242134094,2025-04-05 23:04:40.810393,2025-04-05 23:05:12.016025,0 days 00:00:31.205632,0.7073845240277333,0.028483513179837397,8,0.055732839390897286,0.06554416712666605,0.022606057285221783,0.0565882508504375,0.02199528036802189,0.015406598900535593,0.0007505687249131479,25,87,0.09658308914944483,0.19603030513345562,False,False,True,2.036895656987867e-06,COMPLETE
921,0.39999155402183534,2025-04-05 23:05:12.314471,2025-04-05 23:06:37.068006,0 days 00:01:24.753535,0.645428176606455,0.0795200784391335,2,0.07444776003483511,0.05450609696679187,0.010698417208866374,0.05656053461923664,0.016108155300870744,0.010793712124404727,0.0006751363462712482,25,79,0.058059009369246226,0.18327685322146944,False,False,True,7.012587837970517e-07,COMPLETE
922,0.39834280014038087,2025-04-05 23:06:37.352488,2025-04-05 23:07:09.752714,0 days 00:00:32.400226,0.6827332075008758,0.056880860003206454,8,0.06636423260570506,0.07452788267787827,0.06017060439452635,0.07430425537603244,0.0266233324554783,0.021392621155212496,0.0008979180693198713,27,74,0.03954610540435129,0.20248822372840866,False,False,True,3.4042434596124344e-07,COMPLETE
923,0.35626086592674255,2025-04-05 23:07:10.050221,2025-04-05 23:07:42.074502,0 days 00:00:32.024281,0.9999336559959237,0.04738319913958892,8,0.049494745977659016,0.060570809056222225,0.08966344274367707,0.0642380273522259,0.018699036448374735,0.016988411650593307,0.0005417920917755938,26,84,0.09498837378740799,0.2108851600464124,False,False,True,5.432182760719178e-07,COMPLETE
924,0.48303284049034123,2025-04-05 23:07:42.374080,2025-04-05 23:08:14.450445,0 days 00:00:32.076365,0.6660571821701857,0.09404684683732228,8,0.07991895353260603,0.08024843309821156,0.052265692494481444,0.06628980681819552,0.01398573333917423,0.012832358029936599,0.0007183915887789622,26,82,0.09815700464953672,0.18839126472211049,False,False,True,1.299176894124885e-06,COMPLETE
925,0.3827272117137909,2025-04-05 23:08:14.748037,2025-04-05 23:08:48.515070,0 days 00:00:33.767033,0.7119134572672151,0.010150099286760111,8,0.07085923692984161,0.06931630196624856,0.01960393855028848,0.06162009592416239,0.02293763751595797,0.01901484864817195,0.0008873627906914077,28,87,0.09587211548884761,0.17587287114655303,False,False,True,6.273744163486249e-07,COMPLETE
926,0.28615721464157107,2025-04-05 23:08:48.800022,2025-04-05 23:09:20.268913,0 days 00:00:31.468891,0.6417715349052079,0.07190740823452524,8,0.06012760807897374,0.18983259903451832,0.015810627700879407,0.06759549494350302,0.01689886224264495,0.01568716962164823,0.00047998640375741195,25,78,0.0980600993163817,0.19263964421299884,False,True,True,4.0191218203246704e-07,COMPLETE
927,0.3835685789585114,2025-04-05 23:09:20.566715,2025-04-05 23:09:53.522248,0 days 00:00:32.955533,0.6910106540784935,0.1015123602629258,8,0.06260682829834088,0.06394130402172737,0.023072446061210526,0.05762388240664716,0.018863089835496887,0.022821883061110482,0.0005801235810974483,27,74,0.09220460688376778,0.1791707789762757,False,False,True,2.5950787559637403e-07,COMPLETE
928,0.377095901966095,2025-04-05 23:09:53.820585,2025-04-05 23:10:27.706163,0 days 00:00:33.885578,0.6716172966215891,0.0397149137288076,8,0.05555816523392705,0.07264796119818516,0.021539530633161177,0.05863021657239815,0.014996445673143467,0.014450818347066366,0.0006994334555893556,26,81,0.09415071490741658,0.18336501447004966,True,False,True,2.1936528144050893e-06,COMPLETE
929,0.487489128112793,2025-04-05 23:10:28.008714,2025-04-05 23:10:59.861097,0 days 00:00:31.852383,0.6836657741525687,0.08263794511402481,8,0.0698453484615324,0.05681293560966498,0.04942135733197449,0.06915033650402781,0.02068742999522878,0.018373640171168527,0.0008707254630596632,25,84,0.09647907346290621,0.20064533742908447,False,False,True,8.204181308124461e-07,COMPLETE
930,0.39145668745040896,2025-04-05 23:11:00.148371,2025-04-05 23:11:33.121689,0 days 00:00:32.973318,0.7091243487761176,0.05767760052764144,8,0.08491267643512265,0.08548908041089573,0.025097261483267047,0.06141642458303467,0.015866565201778267,0.012505133212852317,0.0006080358714893119,28,52,0.022803682530828852,0.18904366295235392,False,False,True,4.741070800572999e-07,COMPLETE
931,0.3942335069179535,2025-04-05 23:11:33.419313,2025-04-05 23:12:06.064313,0 days 00:00:32.645000,0.648196084126338,0.07557879551189924,8,0.07741792067209327,0.0671477551779591,0.019477618296122674,0.06438570329330669,0.013293725181408401,0.016466971128902566,0.0004130284406855568,27,77,0.09810366547494705,0.19374419032035603,False,False,True,1.1959089875475936e-06,COMPLETE
932,0.4837549686431885,2025-04-05 23:12:06.363034,2025-04-05 23:12:38.384008,0 days 00:00:32.020974,0.6655060596128802,0.029832656759116186,8,0.05040476688308686,0.07529678227650317,0.017929387385745798,0.056080171110537834,0.02423024139729442,0.010571690211083777,0.0007903316413030952,26,69,0.09558791382753778,0.2081495864626765,False,False,True,6.990259437765313e-07,COMPLETE
933,0.38802069425582886,2025-04-05 23:12:38.687005,2025-04-05 23:13:10.163249,0 days 00:00:31.476244,0.691186198859153,0.10629338911620909,8,0.0645424703172117,0.06230667363979655,0.024103739690681063,0.07192314406150868,0.017954955104329765,0.02072267910879497,0.0004901813760086828,25,88,0.09803321754708993,0.18529422335564982,False,False,True,4.109542062932248e-07,COMPLETE
934,0.48776068687438967,2025-04-05 23:13:10.466395,2025-04-05 23:13:42.799830,0 days 00:00:32.333435,0.7201928254518815,0.0553197406933599,8,0.05805957209309936,0.07020325735363989,0.04545391484728692,0.0586895801666458,0.020624293884414988,0.01488065874618474,0.0006517159988635383,26,81,0.09359363739409718,0.17364113876868953,False,False,True,1.5017588574866426e-06,COMPLETE
935,0.4110007166862488,2025-04-05 23:13:43.086962,2025-04-05 23:14:15.842572,0 days 00:00:32.755610,0.6419371715060602,0.103168800570233,8,0.07149245217710126,0.05463712870422503,0.013105869843830211,0.06119700627805479,0.017468512833816466,0.018730441741289034,0.0008837538719640181,27,72,0.09784686110207168,0.19868383331404393,False,False,True,5.717599933813763e-07,COMPLETE
936,0.34883280992507937,2025-04-05 23:14:16.142418,2025-04-05 23:14:51.556895,0 days 00:00:35.414477,0.6627477095530699,0.07952464787481889,8,0.06541283095038845,0.07870317288018723,0.02077124844621973,0.05635733539950579,0.013466774094931818,0.016639461027525816,0.0005594630232444082,25,85,0.09999348185006368,0.1810180652072917,False,False,False,2.9448364966046497e-07,COMPLETE
937,0.49117474555969237,2025-04-05 23:14:51.859920,2025-04-05 23:15:25.296406,0 days 00:00:33.436486,0.7011064749970449,0.04288963910931898,8,0.05457251581144423,0.059662610820252406,0.025282819230383623,0.06726426692689563,0.021295775808773808,0.01381552756369995,0.0007477951258113778,28,78,0.09554331315079756,0.1928074323515519,False,False,True,9.005819049637889e-07,COMPLETE
938,0.47308277487754824,2025-04-05 23:15:25.600961,2025-04-05 23:15:58.975400,0 days 00:00:33.374439,0.7384781731460652,0.026527221586967367,8,0.046567024849289165,0.05375783323107401,0.025775687134359116,0.0643672708723166,0.024942999863115024,0.01095955441379659,0.0009036322942639915,28,80,0.07998784671108024,0.20371319913189134,False,False,True,1.0714620721982698e-06,COMPLETE
939,0.35922154784202576,2025-04-05 23:15:59.266053,2025-04-05 23:16:33.008124,0 days 00:00:33.742071,0.7102102950263698,0.06135707914644909,8,0.05520740542894096,0.057870594224509714,0.025538499458998005,0.06305361690653392,0.02167812097815354,0.06005705664495309,0.0007639596859179042,28,87,0.09601531294041975,0.19614560289636662,False,False,True,9.020034038500656e-07,COMPLETE
940,0.48778233528137205,2025-04-05 23:16:33.309641,2025-04-05 23:17:07.003794,0 days 00:00:33.694153,0.7300009316823002,0.08751460194243713,8,0.04939073561884402,0.06852705576762204,0.022915429242379205,0.0658943723762792,0.023822366191595366,0.01293422769453012,0.0008804387472709222,28,82,0.09828321663634704,0.19511705743985025,False,False,True,8.360423268992103e-07,COMPLETE
941,0.4849404990673065,2025-04-05 23:17:07.308151,2025-04-05 23:17:40.890503,0 days 00:00:33.582352,0.7063426020855554,0.06189776945639217,8,0.050941409679650516,0.08033113909981611,0.025364397337132437,0.06621953893802007,0.022432417975122472,0.013473277019156158,0.0007883431948439273,28,84,0.09664952514632393,0.20959240002619872,False,False,True,1.1280774371010392e-06,COMPLETE
942,0.3530856966972351,2025-04-05 23:17:41.197065,2025-04-05 23:19:14.284404,0 days 00:01:33.087339,0.6922549493983535,0.040350320112334415,2,0.054574060190731036,0.1140950008954171,0.02320491619773651,0.06746573340097087,0.019768574321672318,0.01016209659633691,0.0009368412901970134,28,88,0.09821585439007977,0.191411035423068,False,False,True,7.230169476711294e-07,COMPLETE
943,0.48840068578720097,2025-04-05 23:19:14.588761,2025-04-05 23:19:47.302331,0 days 00:00:32.713570,0.7272798497219748,0.1000609715012411,8,0.04570986496306113,0.06058722904684686,0.020671328266643148,0.06064945163456441,0.026471225794735834,0.013926396219081823,0.0007156339470161758,27,79,0.09525148890040576,0.20355860837232553,False,False,True,1.3488993150621852e-06,COMPLETE
944,0.4917871117591858,2025-04-05 23:19:47.595516,2025-04-05 23:20:20.315610,0 days 00:00:32.720094,0.6968597311069961,0.07926847374014734,8,0.058416283156180984,0.07329077059229269,0.016346328926363597,0.06263450323827056,0.02173132571492509,0.014501457338913105,0.0007490266670798372,27,78,0.09840213987997223,0.1750432869825141,False,False,True,9.609458452254412e-07,COMPLETE
945,0.37650864720344546,2025-04-05 23:20:20.620199,2025-04-05 23:20:54.445678,0 days 00:00:33.825479,0.7483201665471698,0.08584969921760602,8,0.05463219943946676,0.08693668273831931,0.017566805761344933,0.06342044374098944,0.02824142618229772,0.011619748761962265,0.0007131178397607354,28,76,0.030393993694512393,0.17314772118388558,False,True,True,8.996914099921834e-07,COMPLETE
946,0.48785285949707036,2025-04-05 23:20:54.751203,2025-04-05 23:21:27.833636,0 days 00:00:33.082433,0.7119959943913654,0.10676308622155699,8,0.04988545869581014,0.07465724785026918,0.014030615662506195,0.06470958107816376,0.024555159730964074,0.01014602895848839,0.0006373022656784744,27,79,0.09999235927778341,0.1780939992465755,False,False,True,1.063704458367155e-06,COMPLETE
947,0.36565121412277224,2025-04-05 23:21:28.137482,2025-04-05 23:22:02.496534,0 days 00:00:34.359052,0.7003725178789714,0.0763855341165888,8,0.05766772360716017,0.08664471125290489,0.01708014936283976,0.06284994899912737,0.022617720427097348,0.08731765059875117,0.0006413976687222035,27,74,0.0967427909681954,0.174121496285662,True,False,True,8.265758124489139e-07,COMPLETE
948,0.3591334044933319,2025-04-05 23:22:02.791610,2025-04-05 23:22:36.053948,0 days 00:00:33.262338,0.6802264471193511,0.011145237835487001,8,0.04729009270279372,0.07928468088821275,0.01563448682605769,0.061813328384559434,0.021829067032280575,0.011949358275840342,0.0005062233603346687,28,77,0.09488563887572818,0.2000239145768929,False,False,True,1.6318248897315865e-06,COMPLETE
949,0.48299972414970405,2025-04-05 23:22:36.359086,2025-04-05 23:23:09.296063,0 days 00:00:32.936977,0.7256187820535487,0.10115884174041274,8,0.05918612922445471,0.07150270809850004,0.015259556637553115,0.06668180120271575,0.025782557909823582,0.014460228154318047,0.0007626088217799114,27,82,0.09847000449570346,0.18134490750037655,False,False,True,6.535134447318849e-07,COMPLETE
950,0.4732536017894745,2025-04-05 23:23:09.603601,2025-04-05 23:23:43.935920,0 days 00:00:34.332319,0.7004877787446755,0.04349717253955496,8,0.0532534652615991,0.07491295869557074,0.01096198435808143,0.0604184258154804,0.02324073522249784,0.013639936568802363,0.0006455651794482987,29,79,0.09646875879696584,0.19046892962340806,False,False,True,1.0970204922531054e-06,COMPLETE
951,0.36856660842895506,2025-04-05 23:23:44.241921,2025-04-05 23:24:16.905195,0 days 00:00:32.663274,0.6841313214359126,0.08166499354581133,8,0.17473122548925818,0.06906239956209752,0.019066896736166364,0.06396866370860778,0.020664562392409158,0.012475865458862475,0.0009153240518021188,27,82,0.09998645642228589,0.19740950615196085,False,False,True,1.5356074313671116e-06,COMPLETE
952,0.3855591475963593,2025-04-05 23:24:17.213907,2025-04-05 23:24:50.741006,0 days 00:00:33.527099,0.6759790986645579,0.059543274891781676,8,0.05992096138220589,0.08193180676059263,0.018475778532881657,0.059112885889870286,0.02091690496900029,0.014963331192713114,0.00045550415320005726,28,70,0.0981250801923031,0.17499123817676418,False,False,True,6.109360467787739e-07,COMPLETE
953,0.47529290318489076,2025-04-05 23:24:51.032824,2025-04-05 23:25:24.184903,0 days 00:00:33.152079,0.7413442140255737,0.028534658248902015,8,0.05483034501129415,0.05319398787213353,0.013142917524627503,0.06230684309134375,0.02399572439001461,0.010265696952730812,0.000769165717780034,27,75,0.09460598577526273,0.18597968039351065,False,False,True,9.260928575564958e-07,COMPLETE
954,0.4077132046222687,2025-04-05 23:25:24.490121,2025-04-05 23:25:57.235404,0 days 00:00:32.745283,0.8405238568192781,0.06864946213394933,8,0.061033587554189535,0.06718462660449952,0.016519866382874376,0.06701446272963646,0.019241307299754182,0.014537026496084321,0.0005499133616678729,27,84,0.09645625272177652,0.1924508734850264,False,False,True,1.3624953583341263e-06,COMPLETE
