number,value,datetime_start,datetime_complete,duration,params_alpha-eval,params_alpha-train,params_batch-size,params_eps-eval,params_eps-train,params_lambda-actions-eval,params_lambda-actions-train,params_lambda-frames-eval,params_lambda-frames-train,params_learning-rate,params_n-epochs,params_n-frames,params_radius-gw,params_rho,params_std-feats,params_ub-actions,params_ub-frames,params_weight-decay,state
1963,0.3309386968612671,2025-04-06 10:13:31.026265,2025-04-06 10:14:04.931010,0 days 00:00:33.904745,0.7201157366466016,0.05666395617864499,8,0.2192576194246914,0.05616112513501715,0.012187361262365533,0.03319352148584575,0.014670802537249927,0.009179820438144696,0.0008703666696853683,28,80,0.09839748618671956,0.1890324473884617,False,False,True,1.4013699062511621e-06,COMPLETE
1964,0.29211374521255495,2025-04-06 10:14:05.578751,2025-04-06 10:14:38.627125,0 days 00:00:33.048374,0.6699492172003955,0.08935459772798378,8,0.2770830046447017,0.06874861409933893,0.014709422560136291,0.06254943467594556,0.023021861344193116,0.02064088247214924,0.0010624953892883983,27,72,0.09997296684339992,0.17997369626456497,False,False,True,8.031010015417062e-07,COMPLETE
1965,0.3513484597206116,2025-04-06 10:14:39.252540,2025-04-06 10:15:02.782558,0 days 00:00:23.530018,0.7520054520012105,0.039442067989424005,16,0.0492441348319215,0.08393169633844369,0.017556077269273433,0.013849769198242113,0.01934575559128982,0.01198349514358261,0.0006836350013372756,26,84,0.09621388859318201,0.1586649060022491,False,False,True,2.046503591869633e-06,COMPLETE
1966,0.38780499100685123,2025-04-06 10:15:03.424356,2025-04-06 10:16:41.133776,0 days 00:01:37.709420,0.655456637278522,0.01038915254429746,2,0.06049566792405284,0.06184700127224539,0.010035009522999488,0.05922507822770753,0.027853922643795187,0.006876473723150322,0.00047035174556881365,30,75,0.09268375451374644,0.20175251541724415,False,False,True,1.1970996645984192e-06,COMPLETE
1967,0.4890130162239075,2025-04-06 10:16:41.785312,2025-04-06 10:17:15.597837,0 days 00:00:33.812525,0.6322939940340767,0.10813285035632791,8,0.07256408447921796,0.07537409475856702,0.020011391723518294,0.06450156758540901,0.012721022324577941,0.010539457663045468,0.0013573869202923672,28,87,0.09999595251151319,0.1933024205771948,False,False,True,3.036172543114269e-06,COMPLETE
1968,0.4295081675052643,2025-04-06 10:17:16.226259,2025-04-06 10:17:49.456544,0 days 00:00:33.230285,0.6922806362050774,0.0679509216344773,8,0.039739102322428395,0.05310158022365041,0.013663502056363946,0.01691059665502082,0.01613198989463359,0.02308040352042915,0.0008533866413010816,27,80,0.08007222430182998,0.18510825917282447,False,False,True,9.470024691707895e-07,COMPLETE
1969,0.32603281140327456,2025-04-06 10:17:50.105086,2025-04-06 10:18:25.855316,0 days 00:00:35.750230,0.719337183612288,0.08517525075029239,8,0.07957214092809549,0.06635646707757673,0.01609827603958027,0.003007336595547765,0.008929354904190001,0.0029947382443544918,0.0005519745406616969,28,83,0.09678060869305405,0.17299621365172402,True,True,True,4.069179991920957e-06,COMPLETE
1970,0.46823250055313115,2025-04-06 10:18:26.524151,2025-04-06 10:18:59.397914,0 days 00:00:32.873763,0.23503187963905503,0.05864885237348955,8,0.06392431237063571,0.07250274584010902,0.017415321357018888,0.06768337737359258,0.024035035731316764,0.01933154622255164,0.0007179361810568059,27,77,0.0947153326210866,0.20919873084105808,False,False,True,2.391141455830711e-06,COMPLETE
1971,0.46296293139457706,2025-04-06 10:19:00.027173,2025-04-06 10:19:32.224298,0 days 00:00:32.197125,0.7987788551526263,0.12319563611424018,8,0.0526416972255674,0.061284849575720994,0.05267836908679233,0.061259225417216616,0.02100995691105432,0.013935942127802867,0.0010756970901809747,26,79,0.09835060433622195,0.19677536849019003,False,False,True,1.621935831628579e-06,COMPLETE
1972,0.47977598905563357,2025-04-06 10:19:32.875222,2025-04-06 10:20:07.648635,0 days 00:00:34.773413,0.6799757358474438,0.03855068338891715,8,0.06648714919318474,0.08062785126226368,0.0122349848840759,0.06537492539839623,0.017448428792383567,0.00806445302569913,0.0009165320570351863,29,91,0.09068977721829172,0.16500526564248144,False,False,True,7.061017710061883e-07,COMPLETE
1973,0.4875819802284241,2025-04-06 10:20:08.308639,2025-04-06 10:20:42.038316,0 days 00:00:33.729677,0.5892147653129144,0.0773809365223812,8,0.059395731871824384,0.06834449653924873,0.05546170860323117,0.020717780289212465,0.01990781701746322,0.005335854516742093,0.000631753218298714,28,86,0.09692054213737433,0.1894027043352707,False,False,True,1.3287105579728753e-06,COMPLETE
1974,0.3988443434238434,2025-04-06 10:20:42.675767,2025-04-06 10:21:15.972775,0 days 00:00:33.297008,0.6559872146338903,0.05701922699411668,8,0.0734865809335023,0.055778717215671826,0.01507894037222307,0.01108236772508846,0.026073806814014264,0.014694302023363607,0.0007526959686939437,27,70,0.008030693307934392,0.22050747478632501,False,False,True,1.0202983015796317e-06,COMPLETE
1975,0.41434139609336856,2025-04-06 10:21:16.625706,2025-04-06 10:21:47.797737,0 days 00:00:31.172031,0.7019213799450685,0.026831961135178696,8,0.0468418090595559,0.07693558433046674,0.04593238148982451,0.03039235407450018,0.015269593593102655,0.010488539497091116,0.0005208559779569721,25,74,0.09486383956777565,0.20462448703913969,False,False,True,1.848583627033193e-06,COMPLETE
1976,0.3882144808769227,2025-04-06 10:21:48.458517,2025-04-06 10:22:20.759108,0 days 00:00:32.300591,0.6315370540049369,0.09630523074219013,8,0.05512163117237328,0.06538339535405478,0.018917564672493996,0.05579819270560421,0.02220746826435648,0.01788686640213569,1.7532688019485318e-05,26,82,0.09994145332590915,0.1812121053175681,False,False,True,6.828759037457432e-07,COMPLETE
1977,0.3501269340515137,2025-04-06 10:22:21.391455,2025-04-06 10:24:11.469242,0 days 00:01:50.077787,0.7305617438102605,0.0740738823240802,2,0.06629597664743621,0.0867744325131973,0.014099301385517373,0.05912157888355934,0.013156990759907386,0.012856527511752766,0.0012680828726770407,29,77,0.09998110777493865,0.17512602695270066,False,False,False,8.247179136956165e-07,COMPLETE
1978,0.39580662250518805,2025-04-06 10:24:12.126509,2025-04-06 10:24:45.441898,0 days 00:00:33.315389,0.6768410076721052,0.3726208910831216,8,0.0904788870164483,0.0717241067679428,0.009003068452866296,0.061018034664786815,0.03309026272161019,0.008936522222182774,0.0009603901664883835,27,85,0.09663728056620968,0.19378268841330445,False,False,True,2.741928458615692e-06,COMPLETE
1979,0.4012501835823059,2025-04-06 10:24:46.100307,2025-04-06 10:25:20.005051,0 days 00:00:33.904744,0.6584726945660399,0.045211925510328856,8,0.05972820416639382,0.06042146889276124,0.020438088467723943,0.00801949990530813,0.01876376025325563,0.015835799037753423,0.0018206105635534616,28,94,0.09332655156358145,0.1867188733733028,False,False,True,1.5347139381154447e-06,COMPLETE
1980,0.4703329145908356,2025-04-06 10:25:20.641769,2025-04-06 10:25:53.100707,0 days 00:00:32.458938,0.7076155174157287,0.10875498135579414,8,0.07027179136653718,0.04905233542337184,0.017119219162299984,0.06706274694797346,0.02892248988122751,0.006306829173200263,0.0007841506813425931,26,80,0.09789127314921409,0.19950631466240912,False,False,True,1.063541563266763e-06,COMPLETE
1981,0.4714125096797943,2025-04-06 10:25:53.760338,2025-04-06 10:26:26.843615,0 days 00:00:33.083277,0.6095092886357681,0.05802245797248873,8,0.07734473342066137,0.07713220509476618,0.04385868405263289,0.06286417934924673,0.016690666253706667,0.02126911320202591,0.0004052973428983995,27,88,0.09516481494653335,0.15279737113395628,False,False,True,1.2681697729232543e-06,COMPLETE
1982,0.4413190007209778,2025-04-06 10:26:27.475346,2025-04-06 10:27:00.769058,0 days 00:00:33.293712,0.7629285329197765,0.09088049806531591,8,0.0527466563865557,0.06764999773644036,0.011262065448897126,0.04470211006192034,0.02413612741168992,0.01198156079702481,0.0006202442358768,28,72,0.09999986167833463,0.03823793020742562,False,False,True,2.107633662152175e-06,COMPLETE
1983,0.3946869134902954,2025-04-06 10:27:01.425231,2025-04-06 10:27:33.631347,0 days 00:00:32.206116,0.6908591934328256,0.02550874154277037,8,0.08493133018283078,0.05801480699348547,0.03952286044395201,0.058527833788296894,0.021647189721588408,0.018084437114289465,0.001098398784703748,26,83,0.09669968997178871,0.22912501110230718,False,False,True,6.403301399057449e-07,COMPLETE
1984,0.3985375881195069,2025-04-06 10:27:34.292158,2025-04-06 10:28:07.320442,0 days 00:00:33.028284,0.6640418818043969,0.07220308119571392,8,0.06342478675415704,0.042234318191095674,0.014630965659221278,0.025194915245110836,0.01991303660575885,0.01011784817110654,0.00019903986438658903,27,76,0.09194782616312244,0.21401086735756547,False,False,True,3.5440835432793737e-06,COMPLETE
1985,0.48959197998046877,2025-04-06 10:28:07.951029,2025-04-06 10:28:42.169909,0 days 00:00:34.218880,0.6386066594927712,0.044602895360416284,8,0.0570329147196547,0.07145160549770885,0.016329345244885423,0.06962423615821048,0.01106805895467699,0.015985743688574562,0.0008710127564084324,29,79,0.09830614534641327,0.1818355591100455,False,False,True,8.430111144932799e-07,COMPLETE
1986,0.37087051272392274,2025-04-06 10:28:42.829840,2025-04-06 10:29:06.868332,0 days 00:00:24.038492,0.7406957381689401,0.13904874599782924,16,0.04517717156867259,0.08153810205780498,0.02000924493007524,0.06252286051501063,0.017653779238619525,0.02550613252432255,0.0007476450220919393,27,83,0.09441538748238038,0.1916841995484068,False,True,True,1.834976942054858e-06,COMPLETE
1987,0.39780746102333076,2025-04-06 10:29:07.529840,2025-04-06 10:29:38.423931,0 days 00:00:30.894091,0.686542994495924,0.08646564301576834,8,0.07184248200826904,0.0525275595648738,0.013250788817172959,0.004718756401850132,0.014787919935717627,0.013366773071757283,0.0004615128389963863,25,58,0.09655867223501398,0.20368055665289897,False,False,True,1.4310651206769037e-06,COMPLETE
1988,0.3605386257171631,2025-04-06 10:29:39.057939,2025-04-06 10:30:14.145750,0 days 00:00:35.087811,0.7110318835175542,0.05922164017352913,8,0.06503126039013728,0.06536500828038658,0.017681576018609972,0.0650746364531161,0.01281449282042041,0.019492316274762812,0.000551971976772453,28,74,0.09854529659505494,0.16786818520302885,True,False,True,1.0422345047302626e-06,COMPLETE
1989,0.4839564979076386,2025-04-06 10:30:14.834497,2025-04-06 10:30:47.130371,0 days 00:00:32.295874,0.6500942139923268,0.1138763425583845,8,0.05151779028692956,0.07318436452303959,0.01031560027778805,0.04103582689520991,0.025281804579875694,0.007910292618031417,0.0015183770594974244,26,89,0.093407097627991,0.17475297495816,False,False,True,2.5012337732572396e-06,COMPLETE
1990,0.3993337690830231,2025-04-06 10:30:47.795750,2025-04-06 10:32:21.485072,0 days 00:01:33.689322,0.6762835451179051,0.026946100586147863,2,0.06014648063842576,0.06030056831057126,0.019784233673010933,0.0129502118445926,0.020318795342618667,0.003390031778052741,0.0011341793084130398,28,68,0.09999398625788818,0.1962128067455304,False,False,True,6.273487578106271e-07,COMPLETE
1991,0.4786918580532074,2025-04-06 10:32:22.136971,2025-04-06 10:32:54.930642,0 days 00:00:32.793671,0.6197752645277107,0.07169232085349002,8,0.03898435407937011,0.09217062482221025,0.008200744104743885,0.05652455312158142,0.0162634043647782,0.011223209318351673,0.0007110447422130241,27,79,0.09559730352739279,0.1871267187463898,False,False,True,8.479094511184719e-07,COMPLETE
1992,0.4771204233169556,2025-04-06 10:32:55.589651,2025-04-06 10:33:30.692196,0 days 00:00:35.102545,0.7264938353571041,0.04267038508079454,8,0.0789488888447395,0.06560837583935841,0.015398758204753487,0.05200602689842068,0.018555368985008064,0.014399488994583829,0.0009388471285493772,30,86,0.09828911208358296,0.20783300865339607,False,False,True,1.2515831344361195e-06,COMPLETE
1993,0.48452473282814024,2025-04-06 10:33:31.328891,2025-04-06 10:34:06.093456,0 days 00:00:34.764565,0.6976032453679049,0.096569310199942,8,0.06804434527385135,0.07776980325320952,0.012586603993925662,0.07262434270446969,0.02295114631375303,0.005365834928346823,0.0006200696903268215,29,81,0.09708836821101444,0.1996415999238814,False,False,True,1.7022197082637765e-06,COMPLETE
1994,0.4484384119510651,2025-04-06 10:34:06.751924,2025-04-06 10:34:39.526142,0 days 00:00:32.774218,0.6666308138475672,0.058858917888406415,8,0.11004650766925818,0.0848535824085535,0.050621375185705,0.06046963507530949,0.035135921809538395,0.008105392226130104,0.0008688683203510203,27,76,0.09504445159238785,0.14165012968380494,False,False,True,7.454215003978787e-07,COMPLETE
1995,0.4830097854137421,2025-04-06 10:34:40.188781,2025-04-06 10:35:14.570104,0 days 00:00:34.381323,0.7051523257953365,0.08243806209804778,8,0.055575625426197754,0.05651993676366748,0.017864804875457135,0.08461672873150129,0.014554412609722154,0.017083351132259565,0.0012219436530364952,28,91,0.09021292804261671,0.19040326113966288,False,False,True,2.227138571245449e-06,COMPLETE
1996,0.3524248659610748,2025-04-06 10:35:15.206536,2025-04-06 10:35:51.702905,0 days 00:00:36.496369,0.6792429549206329,0.038765529332988186,8,0.04839978057034399,0.07030828779442559,0.015209155091037681,0.009138719955532252,0.021263156652082584,0.012788284700492595,0.0006716872984234549,27,72,0.09999313919392874,0.17858061057705224,False,False,False,1.0052759821376128e-06,COMPLETE
1997,0.34873815774917605,2025-04-06 10:35:52.366973,2025-04-06 10:36:24.664957,0 days 00:00:32.297984,0.6437711759338334,0.06979478438200448,8,0.2035755720099385,0.06349104764144071,0.011969027548176088,0.0671517825486346,0.017965349024661126,0.022529758296112437,0.0004769868892996834,26,84,0.09684060024838365,0.1601738161702746,False,False,True,3.3359991307071886e-06,COMPLETE
1998,0.4751792073249817,2025-04-06 10:36:25.329804,2025-04-06 10:36:58.937318,0 days 00:00:33.607514,0.718489385553962,0.10486808674595578,8,0.062447816047200407,0.07439140798448281,0.021134631281002778,0.06455237261726857,0.030650547736253794,0.009463553934710215,0.0010633732292904946,28,78,0.09367781745640612,0.1848631374152088,False,False,True,6.197805647864165e-07,COMPLETE
1999,0.48594101667404177,2025-04-06 10:36:59.571508,2025-04-06 10:37:31.319541,0 days 00:00:31.748033,0.660186351197137,0.050734406909593355,8,0.07132910907600473,0.04981223375564137,0.028172004975156144,0.05739916751563145,0.01082195179584506,0.015172132830971775,0.0007837690704739113,26,66,0.098156890293974,0.21491835343030144,False,False,True,1.5597727303124606e-06,COMPLETE
2000,0.38138140439987184,2025-04-06 10:37:31.978778,2025-04-06 10:38:04.777607,0 days 00:00:32.798829,0.6255600250736073,0.024634311885969984,8,0.05796858635183923,0.06751015719273203,0.0178527522649651,0.0010048137477170257,0.027623727216068608,0.01902844189213081,0.0006568220949415303,27,81,0.09607689564486072,0.1952173124180107,False,False,True,1.1162570767865192e-06,COMPLETE
2001,0.37614333629608154,2025-04-06 10:38:05.439492,2025-04-06 10:38:39.412552,0 days 00:00:33.973060,0.6905722377485631,0.12935125338856412,8,0.07649736276963752,0.1380239828213358,0.013818478412621512,0.05454510511335774,0.023293584592141363,0.006228052502331785,0.0005371352154994697,28,87,0.09229443666447808,0.20515540631343848,False,False,True,2.8481563441356897e-06,COMPLETE
2002,0.36855456233024597,2025-04-06 10:38:40.079893,2025-04-06 10:40:09.900981,0 days 00:01:29.821088,0.4577195423421815,0.08811734787742934,2,0.06648169394292311,0.11534028231286117,0.048532490712355554,0.06086615484181983,0.015955968389036984,0.011030436823411127,0.0009926556858709731,27,74,0.09999681494792678,0.1715549887710964,False,False,True,5.62559311467682e-07,COMPLETE
2003,0.3737261295318604,2025-04-06 10:40:10.548859,2025-04-06 10:40:44.622820,0 days 00:00:34.073961,0.7820623911042306,0.06672687400401649,8,0.04968681771313042,0.07870955698151384,0.01942810454167014,0.06268073614828322,0.0840723371817802,0.016179470514612958,0.0003366357190163573,29,70,0.09522296399051569,0.18395165700522745,False,False,True,4.307454037967768e-06,COMPLETE
2004,0.46611043810844427,2025-04-06 10:40:45.290763,2025-04-06 10:41:06.084365,0 days 00:00:20.793602,0.7523022355334985,0.04518438999071276,8,0.06297435815862913,0.060575495327855736,0.026174814975810087,0.011660199412221106,0.019495957851221848,0.004338617217047917,0.0008600687117758031,10,82,0.09710727301964506,0.19082587128353568,False,False,True,7.819549721231826e-07,COMPLETE
2005,0.28615721464157107,2025-04-06 10:41:06.722881,2025-04-06 10:41:38.131690,0 days 00:00:31.408809,0.6743898960625594,0.25513756364189183,8,0.0438879868501648,0.055584237392493574,0.01607951574801723,0.018000663948952483,0.012923502141740258,0.013624309476648687,0.0014290820689993016,25,77,0.024710108991193705,0.11060081457984046,False,True,True,1.898728263154942e-06,COMPLETE
2006,0.3592369079589844,2025-04-06 10:41:38.795267,2025-04-06 10:42:13.515825,0 days 00:00:34.720558,0.7296710128261228,0.07998918835053548,8,0.05540766063288881,0.07059799305206647,0.021856450603985084,0.05921220707160412,0.0091896629397476,0.0025635282813753013,0.000567921941096817,27,86,0.09835316974033323,0.20129039323296516,True,False,True,1.506487416193203e-07,COMPLETE
2007,0.35077974796295164,2025-04-06 10:42:14.177828,2025-04-06 10:42:46.579069,0 days 00:00:32.401241,0.6496872539610605,0.026627553988001394,8,0.07023886665587512,0.08446885801166147,0.010633414483387853,0.015474080905172147,0.025592337283394793,0.020133573849344208,0.0007250557000662582,26,92,0.09395259069899028,0.17607745943650094,False,False,True,1.253296547121992e-06,COMPLETE
2008,0.4872795343399048,2025-04-06 10:42:47.216021,2025-04-06 10:43:21.079851,0 days 00:00:33.863830,0.701613926782481,0.11165168064039921,8,0.03514998646196561,0.06388678201592203,0.01663237458001492,0.06504510022052903,0.01750888735045503,0.007860568643004271,0.0010224010316138932,28,79,0.09831040229255694,0.16459429768704129,False,False,True,8.309562681673488e-07,COMPLETE
2009,0.38641470670700073,2025-04-06 10:43:21.742295,2025-04-06 10:43:45.082554,0 days 00:00:23.340259,0.6843385229158403,0.056554846413598925,16,0.08370766926464196,0.07464214321381851,0.013455882034248988,0.07058109027563696,0.04057861972255689,0.009909642260618294,0.0003922546420253382,26,83,0.09571058631001726,0.19619070232788555,False,False,True,2.4006793166644305e-06,COMPLETE
2010,0.4850177645683289,2025-04-06 10:43:45.753518,2025-04-06 10:44:18.432216,0 days 00:00:32.678698,0.6037223250243539,0.08645649668181606,8,0.06038776217936799,0.06766601697704326,0.007517556934933019,0.0066797727465690935,0.020534043778707822,0.012106270543821185,0.0012289403803328592,27,75,0.09234565909837669,0.20981403291825537,False,False,True,1.4798777525488163e-06,COMPLETE
2011,0.35057083368301395,2025-04-06 10:44:19.073803,2025-04-06 10:44:52.949384,0 days 00:00:33.875581,0.663199030316819,0.06051686528224302,8,0.07406754399670426,0.12990024234097736,0.019637496156371125,0.06794585973611623,0.014780883378964034,0.016284908933716202,0.0007907649915599278,28,80,0.09696073990350583,0.18019633616894548,False,False,True,9.520275766235641e-07,COMPLETE
2012,0.4856796741485596,2025-04-06 10:44:53.613637,2025-04-06 10:45:27.548797,0 days 00:00:33.935160,0.6401032065723636,0.09820719293423744,8,0.051229736990112885,0.054924502189968825,0.015115676766850885,0.06271331929752762,0.022434238811044387,0.017834198462232956,0.0006217058636518648,28,89,0.09807642583609148,0.1875468124980148,False,False,True,6.499449917229526e-07,COMPLETE
2013,0.39244404435157776,2025-04-06 10:45:28.218347,2025-04-06 10:46:02.811427,0 days 00:00:34.593080,0.7137865668241893,0.03812457332680629,8,0.06374826597080578,0.04586153868956691,0.023099975058510573,0.07569658890651497,0.016718913392452937,0.021577036761824486,0.0004700088059536208,29,84,0.09481251520904181,0.20074198673395738,False,False,True,4.983513416739838e-07,COMPLETE
2014,0.35403473377227784,2025-04-06 10:46:03.485640,2025-04-06 10:46:40.217789,0 days 00:00:36.732149,0.7379248786054182,0.07093233509138334,8,0.028409997266415514,0.07916819584766215,0.036617635140910196,0.03767419084902671,0.018820691433235594,0.014547898958498933,0.0008571699238923862,27,72,0.08892251163009532,0.19277623936958077,False,False,False,1.194689964255665e-06,COMPLETE
2015,0.47196301221847536,2025-04-06 10:46:40.859828,2025-04-06 10:48:08.476356,0 days 00:01:27.616528,0.6906436504479695,0.023803717891201913,2,0.06819625630942135,0.06268009829851938,0.01778960993157313,0.05750204491030046,0.04467674777126746,0.007277497765332009,0.0006967544428015246,26,77,0.09649395418957599,0.18454786786980282,False,False,True,2.0340183753884215e-06,COMPLETE
2016,0.4871134281158448,2025-04-06 10:48:09.140051,2025-04-06 10:48:42.436478,0 days 00:00:33.296427,0.6638332471494234,0.1243008023451186,8,0.05606554925554761,0.07223085279706319,0.0577430622153676,0.013761098412324192,0.011729829889524594,0.010915670378384368,0.000952347561132211,27,82,0.09809451016797474,0.1957295409738762,False,False,True,9.496549613599471e-07,COMPLETE
2017,0.4847952842712403,2025-04-06 10:48:43.081577,2025-04-06 10:49:05.854169,0 days 00:00:22.772592,0.6239722751651839,0.05193893143687272,8,0.06012809453656133,0.06070376904794702,0.011658629689321161,0.06034890633358765,0.021237417096300528,0.004889267171153255,0.0005412084641805058,13,86,0.09138883438598212,0.20500696687533745,False,False,True,1.5799635893719852e-06,COMPLETE
2018,0.3564673900604248,2025-04-06 10:49:06.520593,2025-04-06 10:49:40.216545,0 days 00:00:33.695952,0.7011047579572113,0.01074237188508051,8,0.07804933304837161,0.2751679474394665,0.016282842665355613,0.06585505516879571,0.023811620982927596,0.00886067455811946,0.001238064220963743,28,74,0.09381236798470018,0.2178456738403856,False,False,True,2.7654086425373044e-06,COMPLETE
