number,value,datetime_start,datetime_complete,duration,params_alpha-eval,params_alpha-train,params_batch-size,params_eps-eval,params_eps-train,params_lambda-actions-eval,params_lambda-actions-train,params_lambda-frames-eval,params_lambda-frames-train,params_learning-rate,params_n-epochs,params_n-frames,params_radius-gw,params_rho,params_std-feats,params_ub-actions,params_ub-frames,params_weight-decay,state
1067,0.4181594669818879,2025-04-06 00:33:22.383135,2025-04-06 00:33:55.324970,0 days 00:00:32.941835,0.7064679713640293,0.11586289006632154,8,0.07088428899205271,0.060400700706130545,0.013737553053151302,0.06961885034827071,0.020611480702225415,0.011661366416773664,0.0006423588974933232,27,80,0.09676747019587392,0.19518220411128345,False,False,True,6.721473723837277e-07,COMPLETE
1068,0.40983739495277405,2025-04-06 00:33:55.664145,2025-04-06 00:34:28.057034,0 days 00:00:32.392889,0.6493195835285162,0.08573159017415434,8,0.05611220978856716,0.05110145266351146,0.02246036219212849,0.06305304847222286,0.015371526088651475,0.009468100408707854,0.0009291374031098395,27,71,0.09819166903062747,0.19029849839104448,False,False,True,4.781007446030529e-07,COMPLETE
1069,0.3739769756793976,2025-04-06 00:34:28.396357,2025-04-06 00:36:01.044294,0 days 00:01:32.647937,0.6681064852214029,0.010341152610738813,2,0.1852572819121766,0.0761804665930397,0.016654346373951995,0.05989451571348161,0.017788599509273896,0.016491415037878904,0.0007208722565391669,28,76,0.09505095826583594,0.1982776581342698,False,False,True,9.214284605295768e-07,COMPLETE
1070,0.3590455412864685,2025-04-06 00:36:01.387308,2025-04-06 00:36:38.923897,0 days 00:00:37.536589,0.7033725798980155,0.05692140953262424,8,0.06628150896740331,0.0650708329079707,0.025709193341923106,0.07635280827198208,0.020593984872107278,0.013186437832990436,0.0012205315344934367,27,84,0.09999674869495782,0.19107545820912483,False,False,False,3.59576943585886e-07,COMPLETE
1071,0.4774372339248657,2025-04-06 00:36:39.268179,2025-04-06 00:37:03.588636,0 days 00:00:24.320457,0.6780562774999536,0.035850608644043304,8,0.04903483074353801,0.05558229502571928,0.01997575947326076,0.07538602103999587,0.022372875849212433,0.018311060912949293,0.0005654985419212572,15,80,0.0967718666508009,0.20541276253019755,False,False,True,1.6411996837589289e-06,COMPLETE
1072,0.3826539516448975,2025-04-06 00:37:03.938055,2025-04-06 00:37:22.302044,0 days 00:00:18.363989,0.6460017507792205,0.0961188627333284,8,0.06128321070783803,0.0711131734282049,0.027299704850809493,0.07680140179431816,0.018827158076914846,0.01495664739777819,1.9272765333890085e-05,7,75,0.09996477282585717,0.19951299376005494,False,False,True,2.412757685233457e-07,COMPLETE
1073,0.47756898403167725,2025-04-06 00:37:22.649854,2025-04-06 00:37:55.559652,0 days 00:00:32.909798,0.7202980959920483,0.0741046342456658,8,0.07522023251518369,0.07975951347131124,0.023314458207882013,0.07693576619156446,0.015679232669952782,0.01947316108949834,0.0008403509268438627,27,87,0.09700354157941007,0.18361759094089297,False,False,True,1.1890231565454406e-06,COMPLETE
1074,0.38450053930282596,2025-04-06 00:37:55.890391,2025-04-06 00:38:28.183028,0 days 00:00:32.292637,0.6224066630595572,0.044462425609094844,8,0.05573366035751337,0.06090436854181883,0.017650623954280638,0.06435804280924871,0.017176362491449642,0.0817130495560957,0.0010342626703766363,26,78,0.09424788723951749,0.19311152662320769,False,False,True,6.070986800306335e-07,COMPLETE
1075,0.4767400741577149,2025-04-06 00:38:28.526637,2025-04-06 00:39:02.487566,0 days 00:00:33.960929,0.6663279440618882,0.06392473036503997,8,0.0689682264031048,0.06971967214667357,0.014700900354406245,0.06149728814656344,0.0296582665063133,0.007150581731861347,0.0006988086155939501,29,72,0.09810913386025334,0.18714528419512538,False,False,True,7.746507124559682e-07,COMPLETE
1076,0.44414258003234863,2025-04-06 00:39:02.831827,2025-04-06 00:39:35.766955,0 days 00:00:32.935128,0.6919291224106906,0.11601724379757702,8,0.08037089388871817,0.08613110481040824,0.02119584157051103,0.013589456569467584,0.0224544625029481,0.012720011476382718,0.0005992457205014698,27,83,0.09820035116126802,0.19995706397721794,False,False,True,1.8648230589691106e-06,COMPLETE
1077,0.367562860250473,2025-04-06 00:39:36.110718,2025-04-06 00:40:09.406391,0 days 00:00:33.295673,0.7453382954061837,0.08543416915221345,8,0.06183478152790756,0.24008481642495655,0.025342391120690953,0.08094016319891424,0.019482552855627767,0.016734680161965693,0.000899166375700558,28,81,0.09999990579970267,0.19233804316613864,False,False,True,1.3818682549205108e-06,COMPLETE
1078,0.4835314750671387,2025-04-06 00:40:09.751408,2025-04-06 00:40:43.496398,0 days 00:00:33.744990,0.6536415630511165,0.04742404170001719,8,0.05010956875143159,0.06500002342518835,0.012659959494748577,0.07079606930558291,0.015463437386291067,0.010328467825472108,0.0005011078929402054,28,86,0.0953376285505505,0.21197066998939643,False,False,True,5.410633000797752e-07,COMPLETE
1079,0.37660866379737856,2025-04-06 00:40:43.841909,2025-04-06 00:41:15.922569,0 days 00:00:32.080660,0.6885308000420091,0.07571819702249447,8,0.07332410202176642,0.04905183129158357,0.01987619052160476,0.06630855485693818,0.023552954760518906,0.062391119422272136,0.0012112361151738918,26,75,0.0757828609343526,0.18311057579563308,False,True,True,1.0556432330154115e-06,COMPLETE
1080,0.37264453768730166,2025-04-06 00:41:16.268793,2025-04-06 00:41:48.827629,0 days 00:00:32.558836,0.7079148760606906,0.031844037976776915,8,0.0667785019068231,0.0760329225162515,0.015859217003005573,0.058834701578336875,0.017313511539296732,0.09891669380435525,0.0004041887301602677,29,19,0.09137817894349329,0.20576247974203535,False,False,True,6.699637433915693e-07,COMPLETE
1081,0.3657277405261994,2025-04-06 00:41:49.175350,2025-04-06 00:42:23.278463,0 days 00:00:34.103113,0.6715003889178671,0.10237835499972885,8,0.05804480925255277,0.05711621995559678,0.022756645097912934,0.07790405839440454,0.021413779566197347,0.014918844837714931,0.0007527965012769442,27,79,0.09688218674911311,0.18766649550077202,True,False,True,3.0945557143816e-07,COMPLETE
1082,0.35879713892936704,2025-04-06 00:42:23.624622,2025-04-06 00:42:55.120514,0 days 00:00:31.495892,0.6396227213542413,0.0611382685356906,8,0.16615077955103305,0.11137217908998916,0.017632121504632545,0.061730868263115024,0.025921114474557045,0.0173962303953002,0.0010214989840614734,26,63,0.09341454726454228,0.1941832021398875,False,False,True,8.075265404087706e-07,COMPLETE
1083,0.3896275341510773,2025-04-06 00:42:55.473136,2025-04-06 00:43:28.004149,0 days 00:00:32.531013,0.685221221397419,0.3534541064595303,8,0.04291988860198189,0.0677917133113696,0.0241794913053519,0.05870635187968847,0.01888465007193087,0.011994090656563221,0.0006443893769759948,27,67,0.09783626059316723,0.1811637532459088,False,False,True,4.526042674317212e-07,COMPLETE
1084,0.46212949156761174,2025-04-06 00:43:28.337227,2025-04-06 00:44:00.183188,0 days 00:00:31.845961,0.7215853167141477,0.09289773502859947,8,0.06356580747282033,0.0741306192135185,0.020374339381041738,0.06335761362352793,0.032610763017548984,0.01384345769946434,0.0008690101854448439,26,83,0.09543055891467744,0.19912976485299613,False,False,True,1.1462527724621774e-08,COMPLETE
1085,0.39530212283134464,2025-04-06 00:44:00.526595,2025-04-06 00:44:33.224730,0 days 00:00:32.698135,0.6624020737179603,0.027483958063567866,8,0.05294413952489627,0.06268679346051936,0.010974112215462645,0.0778987324625888,0.0350261097100562,0.009076533214719528,0.0004766449589825209,27,77,0.09825964131915665,0.1870073657410652,False,False,True,1.3983097518034443e-06,COMPLETE
1086,0.48534951210021976,2025-04-06 00:44:33.570748,2025-04-06 00:45:07.016740,0 days 00:00:33.445992,0.7050496135076824,0.05629174291737961,8,0.07248086326840963,0.05507449166895606,0.027099409189801447,0.06037225634160454,0.014869635493572031,0.015494582241706037,0.000593493619997508,28,73,0.09650670879593501,0.19212544963869746,False,False,True,1.0328891720581024e-06,COMPLETE
1087,0.33832960128784184,2025-04-06 00:45:07.364220,2025-04-06 00:45:31.499284,0 days 00:00:24.135064,0.7369950402594715,0.07292596136570233,16,0.0916991844647988,0.08009195784733815,0.022106216882181565,0.06805825194209997,0.02015831801995101,0.019637881266705542,0.0007741370039802614,27,88,0.01820281986467362,0.2007643670164612,False,False,True,2.0500654432544607e-06,COMPLETE
1088,0.355295741558075,2025-04-06 00:45:31.857414,2025-04-06 00:46:07.847403,0 days 00:00:35.989989,0.6285028084926607,0.11519225194189472,8,0.06683845674608094,0.06948496014066283,0.01583274199754807,0.0651159658538997,0.028246250074077103,0.010789460787609017,0.0010323078671195594,26,69,0.0941837831704543,0.17762204424917755,False,False,False,3.942319051959562e-07,COMPLETE
1089,0.3637156546115875,2025-04-06 00:46:08.193927,2025-04-06 00:46:41.701695,0 days 00:00:33.507768,0.6717230111776021,0.043455086762322064,8,0.08350804697851731,0.12721248892668288,0.018871224265358325,0.05761666775769114,0.023228325527202665,0.06703042222566036,0.00035495280529315097,28,81,0.09995527008127664,0.18626663101131144,False,False,True,6.217208929182111e-07,COMPLETE
1090,0.48877682685852053,2025-04-06 00:46:42.052018,2025-04-06 00:47:14.394136,0 days 00:00:32.342118,0.6947404694104387,0.0830964164967475,8,0.05812645690021212,0.060053396974841106,0.024166492518027393,0.07881349171659399,0.017657528015747128,0.017129992281000143,0.000681273512696513,26,85,0.0981798605696485,0.20796247277741167,False,False,True,1.6025199824515969e-06,COMPLETE
1091,0.4834245920181275,2025-04-06 00:47:14.743477,2025-04-06 00:48:44.655550,0 days 00:01:29.912073,0.6509926568537859,0.0625899558244053,2,0.04840309075481185,0.04940757161574964,0.01799868357791527,0.061910090416102466,0.01950652869952295,0.014016906888272219,0.0011826424081317012,27,78,0.09645394092203434,0.19295103626643512,False,False,True,8.25484962484834e-07,COMPLETE
1092,0.3895657122135162,2025-04-06 00:48:45.007219,2025-04-06 00:49:20.200292,0 days 00:00:35.193073,0.7573975637457073,0.5526836869157852,8,0.07530365441847495,0.07221125761057492,0.020907526884889546,0.0588342090676881,0.01671126988532033,0.01923717768763453,0.0008723670754592125,30,83,0.09999681526540541,0.19719908017499102,False,False,True,1.242754891948825e-06,COMPLETE
1093,0.4767998814582825,2025-04-06 00:49:20.550135,2025-04-06 00:49:53.873285,0 days 00:00:33.323150,0.6778940959195028,0.09769356310718896,8,0.06039243356009345,0.08826283755066672,0.013199024965549744,0.06352510921882074,0.021542367618759294,0.005764993304688028,0.0005810646808794014,28,74,0.09312498822301342,0.17795870458414903,False,False,True,2.7524761360411015e-07,COMPLETE
1094,0.44240053296089177,2025-04-06 00:49:54.229156,2025-04-06 00:50:26.269536,0 days 00:00:32.040380,0.7189832693531748,0.03162598101053083,8,0.06876197305848827,0.06423610786608994,0.025945681438651995,0.06049073305632883,0.025357735606185337,0.012474630281243031,0.00077348737838964,26,78,0.09531370036902873,0.18465720752211798,False,False,True,2.0646639086851188e-07,COMPLETE
1095,0.3962398171424866,2025-04-06 00:50:26.627394,2025-04-06 00:50:59.481550,0 days 00:00:32.854156,0.6245878531780931,0.08027588478468449,8,0.05366960360644627,0.07908827875472059,0.01629888776655604,0.056376638383172174,0.014892406961206629,0.016074174763050248,0.0004937324448000367,27,81,0.09765648716844086,0.18996324649838173,False,False,True,5.206301914688636e-07,COMPLETE
1096,0.4516006350517273,2025-04-06 00:50:59.821516,2025-04-06 00:51:32.849098,0 days 00:00:33.027582,0.38466299337175247,0.05121223214829064,8,0.06204530501220387,0.059271772604219494,0.022969353992712924,0.07039283128462141,0.030558227987992438,0.009495955676023016,0.0009591084738528461,27,88,0.09997946784574038,0.2031111276228406,False,False,True,9.503703719135125e-07,COMPLETE
1097,0.48842375278472905,2025-04-06 00:51:33.199146,2025-04-06 00:52:05.481387,0 days 00:00:32.282241,0.653773113413765,0.10339445758470285,8,0.0803782688733933,0.0675337473183912,0.027863202247893973,0.06467396185477381,0.017988520438016176,0.01770691559096169,0.0011987250291439068,26,76,0.0967217668172745,0.1806643272385602,False,False,True,2.0603451564594424e-06,COMPLETE
1098,0.4860698461532593,2025-04-06 00:52:05.831592,2025-04-06 00:52:39.539994,0 days 00:00:33.708402,0.695328788259261,0.06792343142946099,8,0.06971623991346586,0.0738174331496619,0.01867360196021261,0.06729167643724199,0.021575294138761716,0.01449795408809103,0.000672216262655431,28,71,0.09228901710957324,0.1968989192327135,False,False,True,3.7948767920341604e-07,COMPLETE
1099,0.32207976579666137,2025-04-06 00:52:39.892542,2025-04-06 00:53:14.550805,0 days 00:00:34.658263,0.672926858898817,0.010371730453953454,8,0.057528307917378285,0.08201190680699087,0.020988386338458814,0.05962440749088613,0.014398052086518379,0.007908616907649005,0.0008270534208967174,29,84,0.09813565770790968,0.1887007268620721,False,True,True,6.626001440094231e-07,COMPLETE
1100,0.3677785634994507,2025-04-06 00:53:14.901877,2025-04-06 00:53:49.691059,0 days 00:00:34.789182,0.7292390457962683,0.11840528322221824,8,0.06444578233696552,0.06375918750433063,0.01417121530984314,0.07267391271174256,0.027222489848958628,0.0117365683591538,0.0005509705934254525,27,80,0.09506928069214667,0.19657811649490098,True,False,True,1.116838720264892e-06,COMPLETE
1101,0.48671557903289797,2025-04-06 00:53:50.042815,2025-04-06 00:54:22.323847,0 days 00:00:32.281032,0.7025477779570312,0.04232272613971551,8,0.047066384331421865,0.050991223302798656,0.02246307510896747,0.06213675742584173,0.024259014404845458,0.015882915805905062,0.0009749305984724366,26,86,0.09819967267353773,0.20689084111259287,False,False,True,4.784904346057543e-07,COMPLETE
1102,0.3473306238651276,2025-04-06 00:54:22.678376,2025-04-06 00:54:55.398912,0 days 00:00:32.720536,0.652035673586254,0.08687631411267024,8,0.07659776142985919,0.22652409953635883,0.024947857880627384,0.05725641977088353,0.019540927276244555,0.013462741284989997,0.0006713416700061655,27,77,0.09652430306291897,0.18281229381610434,False,False,True,2.2701596147386743e-06,COMPLETE
1103,0.396310305595398,2025-04-06 00:54:55.752576,2025-04-06 00:55:29.227253,0 days 00:00:33.474677,0.6846286690627913,0.06131229940071919,8,0.05522391712870528,0.05658014920267906,0.018306332613859555,0.06650047136718078,0.01658412700100721,0.019899451997912054,0.00045462343692578654,28,82,0.09424684029455904,0.17613307028158692,False,False,True,1.429242887803768e-06,COMPLETE
1104,0.48741289377212527,2025-04-06 00:55:29.581238,2025-04-06 00:56:01.937597,0 days 00:00:32.356359,0.6381709685477239,0.028382302196624618,8,0.07091234864662604,0.07309074846914762,0.02010678450269709,0.06124878383714389,0.021311928173033262,0.01868104502346437,0.0012148400536913955,26,89,0.09813641774386445,0.19348941583704551,False,False,True,8.34363255390924e-07,COMPLETE
1105,0.32216016650199897,2025-04-06 00:56:02.296017,2025-04-06 00:56:34.469097,0 days 00:00:32.173080,0.6672471061792468,0.0752288035802889,8,0.24488514336267797,0.06760688498586423,0.0161262651820341,0.05557225446176831,0.018283287634369892,0.011089304850173239,0.0007546357525619803,26,75,0.09999406723560772,0.20157062318057817,False,False,True,3.3618333477376307e-07,COMPLETE
1106,0.44254285693168643,2025-04-06 00:56:34.829398,2025-04-06 00:57:09.308794,0 days 00:00:34.479396,0.7104684547692839,0.09743832969455346,8,0.11004511303434208,0.060909896270023065,0.026541775606276876,0.05901684469192712,0.023487475229172963,0.016689718485720963,0.0009944224291608917,29,80,0.0959658443103197,0.18631678225136156,False,False,True,1.6719832797117085e-06,COMPLETE
1107,0.48155399560928347,2025-04-06 00:57:09.664844,2025-04-06 00:57:42.091792,0 days 00:00:32.426948,0.6871585934820874,0.04834665279709276,8,0.06402978986249765,0.07691468158548471,0.02202919934062253,0.06407637338758801,0.020235855159399255,0.014011340154912209,0.0005782690678622906,27,73,0.09832793078636272,0.21203347546208068,False,False,True,5.759698888499978e-07,COMPLETE
1108,0.35040585994720463,2025-04-06 00:57:42.431334,2025-04-06 00:58:18.769006,0 days 00:00:36.337672,0.6629625615246105,0.114100575798892,8,0.05048637272761204,0.09167028793256551,0.024072566071479336,0.06866786913296818,0.015432135042523944,0.01534656070487671,0.0008183467543576894,26,86,0.09671825615746246,0.1923831442901938,False,False,False,1.0051915812530883e-06,COMPLETE
1109,0.414527839422226,2025-04-06 00:58:19.121588,2025-04-06 00:58:43.242308,0 days 00:00:24.120720,0.6395045815637992,0.0736692739756673,16,0.05934999277382804,0.0828312232147877,0.014622202329854471,0.05786902980235643,0.013765456542985173,0.012811558806765592,0.0012867399619146914,28,78,0.09125639825031132,0.18021631759857262,False,False,True,7.232829059010025e-07,COMPLETE
1110,0.36099281907081604,2025-04-06 00:58:43.596052,2025-04-06 00:59:16.146129,0 days 00:00:32.550077,0.7338742867260817,0.7772504083297778,8,0.06763472779965071,0.05453294204016292,0.01944829040825385,0.06235183298532165,0.028954898445087824,0.018145978297767436,0.00039103275505837144,27,70,0.09380743967122547,0.1754463009885501,False,False,True,4.1168205622210616e-07,COMPLETE
1111,0.4901220083236695,2025-04-06 00:59:16.502672,2025-04-06 00:59:49.791235,0 days 00:00:33.288563,0.6228760226527246,0.05461098644452225,8,0.043796279432483466,0.07085335377732883,0.010794071919791103,0.06058910441708325,0.017862944695888273,0.011480051196292213,0.0006646049804223383,27,83,0.0982817027507765,0.188551181143337,False,False,True,1.2360537902603663e-06,COMPLETE
1112,0.40119724273681645,2025-04-06 00:59:50.143205,2025-04-06 01:00:22.006974,0 days 00:00:31.863769,0.6224312002707479,0.09160073466322236,8,0.04132977509795334,0.07590563597940048,0.009732024626894271,0.061167220313931216,0.016620743875535735,0.0071364237915149675,0.0005039886032148743,27,39,0.09827521492765763,0.18911748799013178,False,False,True,1.0524756101851558e-06,COMPLETE
1113,0.48427352905273435,2025-04-06 01:00:22.363306,2025-04-06 01:01:54.499304,0 days 00:01:32.135998,0.6214657627989235,0.06408939863490606,2,0.04429195870396369,0.08398174996429758,0.013577855750519377,0.05994445661036736,0.01743378271213749,0.009341706303229246,0.0006175135472627864,28,82,0.09994209251936878,0.19734091901719772,False,False,True,1.2937883567970738e-06,COMPLETE
1114,0.39821731448173525,2025-04-06 01:01:54.852150,2025-04-06 01:02:27.668207,0 days 00:00:32.816057,0.618652164416087,0.11560924825124136,8,0.041171051094948063,0.07092648527860117,0.007739547634348603,0.06302419962127416,0.09228496419101831,0.02013546410109307,0.0005417306884741681,27,80,0.09996992672097875,0.18697044442091085,False,False,True,1.4038807635354468e-06,COMPLETE
1115,0.36884512901306155,2025-04-06 01:02:28.027047,2025-04-06 01:03:01.599740,0 days 00:00:33.572693,0.63876024904245,0.8712605510180871,8,0.04208022613223138,0.07874804537828747,0.005518801285279266,0.0602014914005861,0.015553637069898662,0.01573366277072726,0.0006454104530747827,28,83,0.0999762922249589,0.19241761197917592,False,False,True,1.2339238152848255e-06,COMPLETE
1116,0.39612854123115543,2025-04-06 01:03:01.958418,2025-04-06 01:03:34.542247,0 days 00:00:32.583829,0.7129509165628506,0.08480229876564012,8,0.04728021296377291,0.07055836515591059,0.010888793081810828,0.0645702704227293,0.018713353976447623,0.0105391577806753,0.0004722780236216791,27,78,0.09803075748796745,0.18372587213082975,False,False,True,1.7175168643114403e-06,COMPLETE
1117,0.48766160011291504,2025-04-06 01:03:34.903986,2025-04-06 01:04:09.575882,0 days 00:00:34.671896,0.6918311778765242,0.05302834329461854,8,0.04410718077155814,0.07657786080473064,0.008305925548729214,0.05832375416826989,0.014049263105861014,0.016999842248814893,0.0006981703517191977,29,84,0.09695739997823478,0.20361585710905591,False,False,True,9.305357281240186e-07,COMPLETE
1118,0.35458714962005616,2025-04-06 01:04:09.933734,2025-04-06 01:04:45.144210,0 days 00:00:35.210476,0.6427415069066419,0.09569533527081837,8,0.049651449821263634,0.08742529319633618,0.006147347304417985,0.06147187869256355,0.08211781991689113,0.013809785593297909,0.00043516460567932775,28,75,0.09999870431499183,0.19371210620123716,True,True,True,7.879287897194571e-07,COMPLETE
1119,0.3602302491664887,2025-04-06 01:04:45.506122,2025-04-06 01:05:18.405382,0 days 00:00:32.899260,0.751664642524495,0.649802827309329,8,0.05233875892660937,0.06839260719126185,0.01424811600950826,0.06550772722916151,0.017372474021475102,0.01757222349605802,0.0005805915671933884,27,80,0.09811792547875942,0.19896904503330057,False,False,True,2.0534815576972862e-06,COMPLETE
1120,0.3908997774124146,2025-04-06 01:05:18.767053,2025-04-06 01:05:52.270106,0 days 00:00:33.503053,0.671767701882563,0.06934395695183966,8,0.047462376966432275,0.06585567966987664,0.013551152140163301,0.05968097374825127,0.01951873510608736,0.01269696851241613,0.00034184159844325107,28,77,0.09658940421363897,0.18672208378411495,False,False,True,1.1850115264715705e-06,COMPLETE
1121,0.3646019458770752,2025-04-06 01:05:52.631161,2025-04-06 01:06:25.627090,0 days 00:00:32.995929,0.6228505424523068,0.03262252212617832,8,0.03877220683077462,0.21646868234581007,0.007810387572206777,0.06293755064102581,0.02071571435032114,0.015107835894939008,0.0007023856975166373,27,82,0.0981983577420538,0.1819215887375155,False,False,True,1.433620062992033e-06,COMPLETE
1122,0.4936970591545105,2025-04-06 01:06:25.992795,2025-04-06 01:06:59.193065,0 days 00:00:33.200270,0.700174915469362,0.0817743793212966,8,0.05478616301642446,0.07315640759697212,0.003094781120974291,0.0011761494995178728,0.016248870037567795,0.01988744000926909,0.0007791813454288615,27,85,0.09574349037850174,0.1908835287978398,False,False,True,2.5972854077257893e-06,COMPLETE
