number,value,datetime_start,datetime_complete,duration,params_alpha-eval,params_alpha-train,params_batch-size,params_eps-eval,params_eps-train,params_lambda-actions-eval,params_lambda-actions-train,params_lambda-frames-eval,params_lambda-frames-train,params_learning-rate,params_n-epochs,params_n-frames,params_radius-gw,params_rho,params_std-feats,params_ub-actions,params_ub-frames,params_weight-decay,state
1136,0.47105098962783815,2025-04-25 17:41:15.464043,2025-04-25 17:41:49.705363,0 days 00:00:34.241320,0.05493933343005218,0.6890296819395143,8,0.21583448550679554,0.16725945180913132,0.008941383690688195,0.09824848271916638,0.005281767579889804,0.02053343685446441,0.00026090050108442,27,46,0.07397653531147906,0.14407316385475247,True,False,True,0.0005603797657906804,COMPLETE
1137,0.36972021460533144,2025-04-25 17:41:50.069090,2025-04-25 17:42:10.702744,0 days 00:00:20.633654,0.031452538151423,0.696197147446513,8,0.22341025479408122,0.17166577766865299,0.006362783912063482,0.09997169380815768,0.004782315089692949,0.016577401873151317,0.00017945826466159626,9,43,0.07255638761451988,0.1432026985210155,True,False,True,0.0005001247789114588,COMPLETE
1138,0.3468515694141388,2025-04-25 17:42:11.072016,2025-04-25 17:42:44.450361,0 days 00:00:33.378345,0.0311460507050535,0.7123001387267914,8,0.21465804370687794,0.16312253788532716,0.008356670334475236,0.09813803260774308,0.007693059316145957,0.019159142338702494,0.00014404704177402826,27,39,0.07430780386062491,0.14402172796971716,True,False,True,0.0009998224299214598,COMPLETE
1139,0.44043675065040594,2025-04-25 17:42:44.812373,2025-04-25 17:43:10.083390,0 days 00:00:25.271017,0.056916164996576486,0.7005773308731856,16,0.21787393141751402,0.16760543489842597,0.005986905413847204,0.09811419839095936,0.0054437167799864395,0.019688697476903626,0.00022751851758914094,27,41,0.07326666961033765,0.13594934080286067,True,False,True,0.0007984622880546427,COMPLETE
1140,0.3655254006385803,2025-04-25 17:43:10.449846,2025-04-25 17:43:44.579928,0 days 00:00:34.130082,0.03047041681887986,0.7225279886512609,8,0.21440426339109062,0.15944159353912146,0.008830951992968608,0.09735584281606276,0.00866194548864272,0.016539129023853398,0.0005214687565706405,27,45,0.07584146978321986,0.13892661524418473,True,False,True,0.0005344752830572175,COMPLETE
1141,0.4729331016540528,2025-04-25 17:43:44.948364,2025-04-25 17:44:18.824251,0 days 00:00:33.875887,0.05821590742465902,0.6863535716484958,8,0.22153747227752021,0.18319361158385045,0.00983429701028655,0.09285193100503684,0.0038227567974281032,0.013611562504663199,0.00019817494159334351,27,46,0.07608528355265551,0.14651820361133328,True,False,True,0.0006349748632412279,COMPLETE
1142,0.3541658043861389,2025-04-25 17:44:19.191676,2025-04-25 17:44:52.630131,0 days 00:00:33.438455,0.06107832174592611,0.6772467535047657,8,0.2279338184545952,0.1739043674594809,0.009658262830113127,0.09090599738998907,0.003482814540897973,0.011222085054791124,0.00024224165601743574,27,38,0.07628578370529848,0.1482122951056039,True,False,True,0.0004886431015712694,COMPLETE
1143,0.35875012874603274,2025-04-25 17:44:52.996432,2025-04-25 17:45:26.272192,0 days 00:00:33.275760,0.06453727052817157,0.6899758594424741,8,0.22365948016728393,0.1940354205073722,0.007499136134113953,0.09267158626897086,0.004405761044616877,0.013094930079476631,0.0002164307762155157,27,35,0.07730169609134394,0.15807399761151333,True,False,True,0.0008068362567838504,COMPLETE
1144,0.43016788959503177,2025-04-25 17:45:26.640987,2025-04-25 17:46:00.234286,0 days 00:00:33.593299,0.05363753818786983,0.6872871172761527,8,0.21710541362428484,0.18547474799425823,0.014256758976769772,0.09352475706073675,0.006387817844895188,0.011340547565290689,0.00025165713164069825,27,43,0.07384767077077317,0.1445469328004247,True,False,True,0.0006103906009325914,COMPLETE
1145,0.3772863626480103,2025-04-25 17:46:00.600546,2025-04-25 17:46:32.580428,0 days 00:00:31.979882,0.06582446203037459,0.7184980516759917,8,0.23124510033410103,0.18214263384636567,0.005235704197535166,0.08940436182644984,0.003306983117463067,0.014372637719719692,0.00040815041912089427,26,46,0.07305323006688805,0.15105686285353231,False,False,True,0.0008060762142878151,COMPLETE
1146,0.4479711830615998,2025-04-25 17:46:32.954465,2025-04-25 17:47:06.597845,0 days 00:00:33.643380,0.045458330754320535,0.43932138283085154,8,0.22203418915229217,0.19714967810820735,0.010190406359413267,0.09991214320695684,0.005813618464908793,0.01370526859719986,0.00017599853881171453,27,40,0.07557298599299286,0.1380488682740046,True,False,True,0.00047781322409335374,COMPLETE
1147,0.46112012267112734,2025-04-25 17:47:06.968875,2025-04-25 17:47:39.955086,0 days 00:00:32.986211,0.0678435576607872,0.691559474936922,8,0.20881092445428834,0.18180487674393236,0.007198012150678262,0.09660259890814038,0.0026249783153376007,0.016057013099833376,0.0002723655583850929,26,43,0.07737865567993525,0.14318370244795078,True,False,True,0.0009972453578289753,COMPLETE
1148,0.46136807799339297,2025-04-25 17:47:40.310315,2025-04-25 17:48:14.246117,0 days 00:00:33.935802,0.0438299280776914,0.6750650365173949,8,0.21964634710205325,0.16013294662908442,0.011221722613218927,0.09482159813799702,0.007125998802717352,0.017895675202511632,0.0003269039265438315,27,45,0.07966829780628074,0.14751365553872695,True,False,True,0.0006527728037093684,COMPLETE
1149,0.35579886436462405,2025-04-25 17:48:14.612692,2025-04-25 17:48:48.596421,0 days 00:00:33.983729,0.06761033310178964,0.7163921387408196,8,0.23434167161775815,0.16827212934297028,0.008641597385802533,0.09195697549859468,0.004442374142129576,0.020113169023825414,0.00018659875262529995,27,47,0.07501293312425271,0.1349718063203751,True,False,True,0.0008062020843843306,COMPLETE
1150,0.45285471677780154,2025-04-25 17:48:48.964447,2025-04-25 17:49:21.789095,0 days 00:00:32.824648,0.0306910622584911,0.6637514321973005,8,0.2101478596719403,0.18948884145868952,0.013219344325982872,0.09837439481239102,0.00269894586061498,0.01478621847210915,6.508607314177617e-05,26,41,0.07839953429883668,0.1406585590117558,True,False,True,0.0005600571571771507,COMPLETE
1151,0.28615721464157107,2025-04-25 17:49:22.153154,2025-04-25 17:49:55.262078,0 days 00:00:33.108924,0.05118268089897311,0.6899321019561069,8,0.20440250219715572,0.17609125611957827,0.004690681585791868,0.09493535869109399,0.00930091449550165,0.016678664893317534,0.0015814095696598536,26,47,0.07224137277151366,0.13446572050160008,True,True,True,0.0006313073246189028,COMPLETE
1152,0.37767325043678285,2025-04-25 17:49:55.629120,2025-04-25 17:50:30.155218,0 days 00:00:34.526098,0.07649932606507172,0.7067132186218356,8,0.21540911447223743,0.2085738428191923,0.01545923750087977,0.09712704070278003,0.005577808170395681,0.009922265247045812,0.00037121014739677346,27,44,0.07653399349077704,0.16765270515041641,True,False,True,2.986514436585424e-06,COMPLETE
1153,0.4665178954601288,2025-04-25 17:50:30.522688,2025-04-25 17:51:04.432320,0 days 00:00:33.909632,0.0309664669351441,0.6730046871999127,8,0.2100929334885073,0.17940939956042798,0.0099362908412377,0.09325432617318923,0.0076091949435361,0.020045887311961573,0.0001464252652727724,27,46,0.07943943921440376,0.15469757534154016,True,False,True,0.0008283780923518134,COMPLETE
1154,0.4690772891044617,2025-04-25 17:51:04.799415,2025-04-25 17:51:38.251310,0 days 00:00:33.451895,0.04815163352051932,0.655884952827341,8,0.22532870911301756,0.15321194532740232,0.00646235802020399,0.09994211865840155,0.0010489889623439483,0.017976862141245515,6.888016854277933e-05,26,48,0.07462771285863705,0.14829170409858353,True,False,True,0.0007987561241792953,COMPLETE
1155,0.36220023632049564,2025-04-25 17:51:38.619338,2025-04-25 17:52:12.223465,0 days 00:00:33.604127,0.07342640573512342,0.6969198988466044,8,0.2026657768788987,0.16199285867076102,0.008111317877516145,0.09123014457198872,0.004470910043011925,0.012192856913888432,0.00010948655213826419,27,43,0.0771008890314868,0.13014214283679817,True,False,True,4.622716145965508e-06,COMPLETE
1156,0.4713298618793488,2025-04-25 17:52:12.589420,2025-04-25 17:52:45.164811,0 days 00:00:32.575391,0.02783875288451715,0.6806230995740699,8,0.216639755429534,0.16910815346192914,0.012375413201178461,0.09642544965947437,0.012040944806458564,0.020819099846955038,0.00043959800262678364,25,47,0.07209159108396372,0.14029329233708795,True,False,True,0.0004947883694212403,COMPLETE
1157,0.3652042090892792,2025-04-25 17:52:45.532351,2025-04-25 17:53:17.378515,0 days 00:00:31.846164,0.03096281152652606,0.7212269802387592,8,0.21660199643090614,0.17051518852833894,0.012803063795551597,0.09465933354807811,0.012240842225502249,0.02028734924582882,0.0005052601700955781,25,31,0.07305910232962509,0.14320779347782567,True,False,True,0.0004576185885506476,COMPLETE
1158,0.35213924646377565,2025-04-25 17:53:17.749971,2025-04-25 17:53:49.573404,0 days 00:00:31.823433,0.010848705427327096,0.7006800855756581,8,0.22360117662176596,0.17354837914640406,0.01494244012524671,0.09299166671729105,0.01134654051417667,0.02096814961229384,0.00016773070204557038,25,38,0.07202196764416995,0.13894061747262756,True,False,True,0.00046528182772370924,COMPLETE
1159,0.2841070890426636,2025-04-25 17:53:49.945998,2025-04-25 17:54:21.904081,0 days 00:00:31.958083,0.01083173027967494,0.11211340241383799,8,0.2124113025768564,0.18465539488740826,0.011505442945863899,0.09592620435401411,0.012067459745871227,0.014815024131787051,0.00024779165588745635,25,43,0.07519032329267256,0.15999963303186573,True,False,True,0.0004555392093372411,COMPLETE
1160,0.2860448122024536,2025-04-25 17:54:22.272664,2025-04-25 17:54:46.946605,0 days 00:00:24.673941,0.029409525660437943,0.7201438236959815,16,0.23802185464669848,0.18128776655355527,0.010384023662322913,0.09156362185683728,0.010294072738642402,0.01870937815105423,0.0006614661998657009,26,41,0.009186849630960073,0.13590069584373413,True,False,True,0.0005106777544126542,COMPLETE
1161,0.46200605630874636,2025-04-25 17:54:47.318700,2025-04-25 17:55:20.398056,0 days 00:00:33.079356,0.04343310482573179,0.681740196143382,8,0.22057478234700906,0.20093558610125856,0.012822163464686048,0.08892479089566055,0.009310716853961334,0.0173968241920419,0.0003691925403894583,26,46,0.0796770299526959,0.1510512491628343,True,False,True,0.0004719113109246219,COMPLETE
1162,0.4722305476665497,2025-04-25 17:55:20.767242,2025-04-25 17:55:53.349845,0 days 00:00:32.582603,0.02860448504862661,0.6992304772057205,8,0.20852737192708018,0.16660286817538572,0.01685356359282918,0.0967152650637693,0.008376300694760093,0.02133092171633427,0.000200125817477544,25,46,0.07808630712763025,0.142547253526242,True,False,True,0.0005849017532831239,COMPLETE
1163,0.3547820270061493,2025-04-25 17:55:53.720318,2025-04-25 17:56:25.671917,0 days 00:00:31.951599,0.03653933546489304,0.7205098206384837,8,0.2143445812177311,0.16716761047703121,0.015327993997467673,0.09411616410587073,0.012820091602449474,0.02072320896389077,0.0002386922101274229,25,36,0.0790149669908003,0.14361776367898768,True,False,True,0.00045236192582666444,COMPLETE
1164,0.3765062510967255,2025-04-25 17:56:26.040562,2025-04-25 17:56:57.004144,0 days 00:00:30.963582,0.02094059012986931,0.7098900176988366,8,0.20977540069449555,0.17605518004016074,0.016949877930404644,0.09613993127781349,0.01034209488325478,0.0204255791247824,0.00034466993547703256,25,43,0.08130030972724678,0.14725043744150537,False,False,True,0.0005427768496378775,COMPLETE
1165,0.3699804127216339,2025-04-25 17:56:57.374119,2025-04-25 17:57:29.691052,0 days 00:00:32.316933,0.02866098037258156,0.7247459640640175,8,0.22801545297528997,0.16595775653466233,0.013815064780320345,0.09335719297691443,0.008130298545557834,0.018287766127318545,0.00029688960334985884,25,45,0.076532186722219,0.15393271702041753,True,False,True,0.0004609671377512008,COMPLETE
1166,0.4363758027553558,2025-04-25 17:57:30.063949,2025-04-25 17:58:02.780528,0 days 00:00:32.716579,0.028147985889996133,0.7014803578167392,8,0.21747543830035923,0.16417926586344705,0.011851552750038933,0.08951033034472805,0.012750425454706543,0.0205234845454581,0.0004213841649025015,25,41,0.07820614667431816,0.14051241854649565,True,False,True,0.0005700630971870554,COMPLETE
1167,0.43613426685333256,2025-04-25 17:58:03.152617,2025-04-25 17:58:35.053315,0 days 00:00:31.900698,0.011007926138655696,0.6927780871725452,8,0.20857166120084067,0.17769353302930183,0.009629514508389008,0.09521049462817771,0.0096465890122233,0.016576472772981722,0.00029522741075362833,25,39,0.07995010135087698,0.14698077016898223,True,False,True,0.0004528062355122743,COMPLETE
1168,0.47389838695526126,2025-04-25 17:58:35.425020,2025-04-25 17:59:08.284746,0 days 00:00:32.859726,0.046687449340060985,0.7225233655358834,8,0.2060827593461053,0.16088245055669062,0.017709119171616917,0.09669948529109103,0.00794990261644057,0.021004989423673508,0.0002835080621688244,26,46,0.08248943006308905,0.15778341496028253,True,False,True,0.0005899479016404215,COMPLETE
1169,0.4130689084529877,2025-04-25 17:59:08.659462,2025-04-25 17:59:40.978121,0 days 00:00:32.318659,0.040460051376327744,0.7287359445123524,8,0.20540528151049847,0.16155763980554078,0.018264956306608748,0.09175280007868569,0.007631990138395338,0.01919172453301339,0.0002553707856148979,25,42,0.08348250221763845,0.16519722727281053,True,False,True,0.00043670192916961343,COMPLETE
1170,0.28615721464157107,2025-04-25 17:59:41.354588,2025-04-25 18:00:14.370207,0 days 00:00:33.015619,0.010364139451326637,0.7303877425527975,8,0.21872466617234246,0.18892334967139943,0.01632095773645919,0.09427750017917094,0.007396634844051674,0.020602083687803023,0.00022039425954364683,26,46,0.09579666826281137,0.15738508541443263,True,True,True,0.0005597622509053657,COMPLETE
1171,0.3556564152240753,2025-04-25 18:00:14.743395,2025-04-25 18:00:33.099474,0 days 00:00:18.356079,0.04776883876110895,0.716241356783575,8,0.21266457657446688,0.16860898839656543,0.016276711801184205,0.09640001854049392,0.007052587379815064,0.01788331160385998,0.00019788071639861832,6,45,0.08180558894116993,0.15658770106127723,True,False,True,0.0005546112280444735,COMPLETE
1172,0.3621652007102966,2025-04-25 18:00:33.478470,2025-04-25 18:01:05.762811,0 days 00:00:32.284341,0.027459753971496394,0.7236874491839311,8,0.2036581926396086,0.15891484741489686,0.01787874261534173,0.09121636224303038,0.008965512255789908,0.015243699946208927,0.00023419633154729238,25,40,0.083756904264032,0.1601999895708699,True,False,True,0.0004501982060975261,COMPLETE
1173,0.4405357599258423,2025-04-25 18:01:06.138515,2025-04-25 18:01:28.259490,0 days 00:00:22.120975,0.0522925633115877,0.7319561336669979,8,0.2215961176206358,0.1702353032752235,0.005532544136977326,0.09330788041477063,0.011325257026928229,0.01847815046447617,0.0002556433538493977,11,44,0.089515865107508,0.15181536559991707,True,False,True,8.02599646694976e-06,COMPLETE
1174,0.47214900851249697,2025-04-25 18:01:28.639299,2025-04-25 18:02:02.132184,0 days 00:00:33.492885,0.026769837546992338,0.7052974505766527,8,0.20823481345193637,0.15792787653130388,0.01451296340085377,0.09655257823545813,0.006295029696025372,0.016307653278300412,0.00031598363008230647,26,47,0.08162231513211952,0.15032695703333893,True,False,True,0.0005464841506773781,COMPLETE
1175,0.37214214205741886,2025-04-25 18:02:02.512711,2025-04-25 18:02:34.893967,0 days 00:00:32.381256,0.044877180232599095,0.7319347984694065,8,0.21196347554865175,0.16259259128803824,0.014982808339273259,0.09829173011671768,0.005980938262659999,0.013517092724696814,0.00032157679334272437,25,42,0.08204597618463513,0.1601278544155996,True,False,True,0.00041587663964757154,COMPLETE
1176,0.46818675398826604,2025-04-25 18:02:35.272925,2025-04-25 18:03:08.053496,0 days 00:00:32.780571,0.028645531665821997,0.7152361904798618,8,0.22825950171506912,0.1558779001643553,0.01799759353960358,0.0963595891154914,0.008481901421516462,0.011994621544184644,0.0001985975185477998,25,46,0.08522941087934323,0.16620026091113216,True,False,True,0.00044606989323742175,COMPLETE
1177,0.3512447834014893,2025-04-25 18:03:08.429677,2025-04-25 18:03:41.034249,0 days 00:00:32.604572,0.053399754558610624,0.7438593476318742,8,0.2146183199968138,0.15601900369301366,0.014100985146240105,0.09991429036008714,0.00528479937579909,0.014428662002488176,0.00048543371549122124,26,37,0.08047028435633775,0.17210410181036084,True,False,True,0.0005683825992877714,COMPLETE
1178,0.4648128151893616,2025-04-25 18:03:41.411608,2025-04-25 18:04:14.623388,0 days 00:00:33.211780,0.01050462188576212,0.7064846263759723,8,0.2079158015682895,0.16575724672107026,0.017128775407285524,0.09680107341933505,0.006008580863163593,0.01688926090841717,0.0003045173426148595,26,47,0.08285830711935856,0.15059746863003695,True,False,True,0.0004542874118678837,COMPLETE
1179,0.35422862172126773,2025-04-25 18:04:15.002921,2025-04-25 18:04:47.326313,0 days 00:00:32.323392,0.010114414486351277,0.7084539455090155,8,0.220529236327135,0.17363475111763005,0.01446746868419842,0.09482882309101343,0.002271271151462735,0.015575850888715517,0.00026860406123305333,25,44,0.07764765444324537,0.15257468486419684,True,False,True,0.0006205954650691912,COMPLETE
1180,0.3954238653182984,2025-04-25 18:04:47.705869,2025-04-25 18:05:20.548335,0 days 00:00:32.842466,0.060646975618022354,0.7286651731009445,8,0.2065954784369726,0.159337103466972,0.016035177056534268,0.09707013256516715,0.00929193237208426,0.017028464280890093,0.00044921783964673416,26,40,0.08042563965880374,0.1468252335389433,True,False,True,0.0005433601708890852,COMPLETE
1181,0.4719878077507019,2025-04-25 18:05:20.926414,2025-04-25 18:05:54.483521,0 days 00:00:33.557107,0.029173091165485745,0.7001222050056819,8,0.21379354246639332,0.15296239136783943,0.012661979122968172,0.09832606711195195,0.0028657885550413507,0.012101633017415552,0.00033427258301141783,26,48,0.08712879782716759,0.15672815304494503,True,False,True,0.0005766219892046937,COMPLETE
1182,0.4580693304538727,2025-04-25 18:05:54.864257,2025-04-25 18:06:27.748977,0 days 00:00:32.884720,0.01016046370323441,0.7029082458510146,8,0.2083645829195617,0.15217057968256828,0.013564473761853532,0.09282623204306945,0.0029728426221796163,0.010645693519914134,0.00028915893118940507,25,49,0.0857013074788571,0.16022987725035753,True,False,True,0.00047495087443838165,COMPLETE
1183,0.3910678446292878,2025-04-25 18:06:28.125275,2025-04-25 18:06:50.998159,0 days 00:00:22.872884,0.036527319272584916,0.7448010028709855,16,0.20441982774470932,0.1548656809407027,0.015010215660172787,0.0950982457329282,0.0011240866986581225,0.010064902750486906,0.00037249897065552045,26,49,0.08803610636827128,0.15537853935675278,False,False,True,0.0006227882334228416,COMPLETE
1184,0.45801259875297545,2025-04-25 18:06:51.378194,2025-04-25 18:07:23.905944,0 days 00:00:32.527750,0.029525650375264587,0.7273491721964906,8,0.2010299515009895,0.15185695265099441,0.013062262211222243,0.0983209901909192,0.0029686367246954267,0.013539135426037345,0.0002087684175293478,25,47,0.08774723378745027,0.16279939006762106,True,False,True,0.0006298400161345598,COMPLETE
1185,0.4275325894355774,2025-04-25 18:07:24.286086,2025-04-25 18:07:57.439166,0 days 00:00:33.153080,0.030202905459167408,0.7053955961809604,8,0.2140005606123645,0.1592606401601207,0.018412631739779736,0.08960924679870304,0.0038967492705022084,0.013774428437143469,0.00034032426298007893,26,44,0.08421958864610946,0.15444694351963686,True,False,True,0.00040789974316848214,COMPLETE
1186,0.4592345237731934,2025-04-25 18:07:57.819441,2025-04-25 18:08:31.188319,0 days 00:00:33.368878,0.04309605826502956,0.7196557639235448,8,0.22368075545217425,0.15187231864543208,0.012899222559650125,0.09997114566892525,0.0010888940235231678,0.009658147406129962,0.0003197532599412182,26,49,0.08635397479866273,0.1636811486775857,True,False,True,0.0006283577807721894,COMPLETE
1187,0.47321092486381533,2025-04-25 18:08:31.567185,2025-04-25 18:09:04.182125,0 days 00:00:32.614940,0.026266349297147593,0.69797537393826,8,0.21202559671232019,0.16142119143586803,0.016648184962251563,0.09293177167748551,0.013366684833075342,0.012065759087452353,0.0004038556027040857,25,47,0.08168043850962453,0.15409049677789943,True,False,True,0.0004301237640294852,COMPLETE
1188,0.36904863715171815,2025-04-25 18:09:04.565185,2025-04-25 18:09:36.891374,0 days 00:00:32.326189,0.010029604928446921,0.7385777025103271,8,0.21766997242312824,0.16305402632777222,0.019124907351124414,0.09639617716857891,0.012732011826854513,0.012381158704930477,0.0005941750412301624,25,41,0.08315596453040433,0.16627548427325084,True,False,True,0.00041631094003731213,COMPLETE
1189,0.4517971217632294,2025-04-25 18:09:37.275568,2025-04-25 18:10:09.956885,0 days 00:00:32.681317,0.03297824253651184,0.7063312326051269,8,0.21103948851639176,0.15888540883006916,0.01674134229739635,0.0939067137272777,0.013438552887362579,0.008817942854292382,0.0004137052878823408,25,43,0.08941144474807929,0.1461234168323155,True,False,True,3.529329413827214e-08,COMPLETE
1190,0.3155524075031281,2025-04-25 18:10:10.336994,2025-04-25 18:10:43.190868,0 days 00:00:32.853874,0.027211449934628533,0.7426703546973044,8,0.2318991052682508,0.16182848742153816,0.016570070919082344,0.09674616558359589,0.013685424604998771,0.011511854979080107,0.00039177424647769406,25,45,0.08548566289001133,0.14837267509680255,True,True,True,0.0003997693906908012,COMPLETE
1191,0.28615721464157107,2025-04-25 18:10:43.574843,2025-04-25 18:11:16.117219,0 days 00:00:32.542376,0.027506289327253047,0.7226642145649895,8,0.21241953820525894,0.16855416481787822,0.09376954335746043,0.09466308790221688,0.011324851142254167,0.01202910282993831,0.0003521744424595698,25,47,0.004564834255291368,0.1370216692236244,True,False,True,0.0004512824914147717,COMPLETE
