number,value,datetime_start,datetime_complete,duration,params_alpha-eval,params_alpha-train,params_batch-size,params_eps-eval,params_eps-train,params_lambda-actions-eval,params_lambda-actions-train,params_lambda-frames-eval,params_lambda-frames-train,params_learning-rate,params_n-epochs,params_n-frames,params_radius-gw,params_rho,params_std-feats,params_ub-actions,params_ub-frames,params_weight-decay,state
170,0.44727367758750913,2025-04-25 00:11:38.334999,2025-04-25 00:13:05.532661,0 days 00:01:27.197662,0.5611781258036047,0.5791432762401912,2,0.09051274573682419,0.1056427048781,0.06816863226826392,0.022422980702586782,0.0614144565926608,0.08571955231807363,1.7420604738114544e-05,21,67,0.035490193116080086,0.29440674360119323,True,False,False,0.00015797964747111965,COMPLETE
171,0.45888825058937077,2025-04-25 00:13:05.586138,2025-04-25 00:14:28.752884,0 days 00:01:23.166746,0.49613868164956176,0.6358464945293922,2,0.08126914499784742,0.11505714135573539,0.05529520977802947,0.014886439358560887,0.05665022979280224,0.0876856272017231,3.9168195779135804e-05,20,73,0.03223678166372155,0.2947489668529755,True,False,False,0.00012776740687178042,COMPLETE
172,0.462540078163147,2025-04-25 00:14:28.815362,2025-04-25 00:15:52.481448,0 days 00:01:23.666086,0.4916647417287428,0.5460857685722988,2,0.08152482954652529,0.11117050693537413,0.05469151175691073,0.015350179907745315,0.056417036675138796,0.09143977825783857,3.0429839803576276e-05,20,74,0.03259490630654362,0.2943977420087798,True,False,False,0.0001155325670643293,COMPLETE
173,0.45815303921699524,2025-04-25 00:15:52.536389,2025-04-25 00:17:15.943017,0 days 00:01:23.406628,0.5007610187133325,0.6019204118317458,2,0.08092362228238414,0.09570176304798278,0.05442492920629345,0.015301181043242285,0.055801203413374766,0.09149456136351068,3.100217917717358e-05,20,74,0.03183017838108419,0.27626184614050675,True,False,False,0.00012087674006610651,COMPLETE
174,0.43454079627990727,2025-04-25 00:17:15.999278,2025-04-25 00:18:33.454189,0 days 00:01:17.454911,0.4958701427920585,0.5940346070333948,2,0.07983333611099014,0.09540740080893699,0.05508340846144011,0.015312735405121984,0.05585200994371564,0.09344963922761348,1.0063758095298639e-05,18,80,0.0295966671412645,0.2882284736543794,True,False,False,0.00011699201674533906,COMPLETE
175,0.4571804583072663,2025-04-25 00:18:33.509487,2025-04-25 00:19:57.918052,0 days 00:01:24.408565,0.5267055599022293,0.6209790713977296,2,0.07062866659013625,0.11171538773371487,0.056177609347174584,0.014876292274896476,0.059583604018747044,0.09145551103091028,3.358639775745079e-05,20,73,0.025634848783162825,0.27532418616283316,True,False,False,0.00019156075923684626,COMPLETE
176,0.4499817550182343,2025-04-25 00:19:57.973706,2025-04-25 00:21:23.191653,0 days 00:01:25.217947,0.5912744152156526,0.6008451199912566,2,0.06823475698622714,0.11453771843972872,0.0566666482176543,0.014285779597527831,0.05936118731724219,0.09221115761806975,2.9369981046469003e-05,20,85,0.024413067612778876,0.2732147891876108,True,False,False,0.00018617366376986016,COMPLETE
177,0.28615721464157107,2025-04-25 00:21:23.248243,2025-04-25 00:21:53.122232,0 days 00:00:29.873989,0.5276243758855037,0.6488767814381453,8,0.06064754452909683,0.10770103022880191,0.054061062820137,0.017314676551177605,0.0568132581912447,0.09094389218643681,2.2720965582324308e-05,20,74,0.02613937278686777,0.27826882965166494,True,True,False,9.600189935905723e-05,COMPLETE
178,0.4377710580825806,2025-04-25 00:21:53.177851,2025-04-25 00:23:15.324044,0 days 00:01:22.146193,0.5036257994979636,0.6180873181929707,2,0.0514107014875493,0.09067593929590621,0.05649576701765813,0.013508972223072877,0.06140836191957936,0.08867260599612993,3.0108656872187835e-05,19,78,0.03212632112127341,0.28301914549113405,True,False,False,0.0001245544233901772,COMPLETE
179,0.44662021398544316,2025-04-25 00:23:15.380014,2025-04-25 00:24:33.223269,0 days 00:01:17.843255,0.5467664788594212,0.5690027861880895,2,0.0746061552951118,0.10107829338243786,0.05829334406091689,0.01075471317608286,0.05410898696844805,0.08757291194307039,3.3621097133809e-05,18,74,0.03357552112881854,0.27297053443217545,True,False,False,0.00013990846029169902,COMPLETE
180,0.45195662975311285,2025-04-25 00:24:33.280653,2025-04-25 00:25:53.624802,0 days 00:01:20.344149,0.5238121563184784,0.6645635643190531,2,0.085916799234964,0.10800450834093697,0.06084897898679711,0.01770737848523733,0.06342002678398383,0.09502724405120046,1.9562513862023703e-05,19,70,0.029771628471471898,0.2887717139109655,True,False,False,0.00022565952872380125,COMPLETE
181,0.4628634333610535,2025-04-25 00:25:53.691735,2025-04-25 00:27:18.170506,0 days 00:01:24.478771,0.4876406028971659,0.6321744245619947,2,0.08074108044885468,0.1138767134168132,0.0519721082886221,0.023848301021288563,0.05045607991651485,0.08989838133714485,3.883304235961171e-05,20,71,0.035139328069898855,0.29927637501509663,True,False,False,9.543488541670188e-05,COMPLETE
182,0.4578258216381073,2025-04-25 00:27:18.228224,2025-04-25 00:28:41.988036,0 days 00:01:23.759812,0.48598250294126305,0.5424518837253344,2,0.07318221701448539,0.11049248340997875,0.054436971397899596,0.02075464601907774,0.05150604020698482,0.09101681386405218,2.5654660983113853e-05,20,76,0.0352044553943844,0.29467967082125196,True,False,False,6.171510883125387e-05,COMPLETE
183,0.4589250147342682,2025-04-25 00:28:42.045890,2025-04-25 00:30:05.829156,0 days 00:01:23.783266,0.49304217691998886,0.5471399752691009,2,0.07209174417993172,0.1144539563843959,0.054076638513702584,0.020682692563552086,0.04987508419107994,0.09144394881380953,2.5642972743092225e-05,20,81,0.03539744981688297,0.2940774280513314,True,False,False,6.0216683126355404e-05,COMPLETE
184,0.45513651967048646,2025-04-25 00:30:05.887107,2025-04-25 00:31:29.797892,0 days 00:01:23.910785,0.5639284944067441,0.5400060628472994,2,0.07102036157824337,0.11562397570073986,0.05453655885467895,0.020541376802863064,0.04522133549688443,0.09472436083160778,2.5768923859310567e-05,20,79,0.03516058790944918,0.2989369637362892,True,False,False,5.324396223779793e-05,COMPLETE
185,0.4409420847892761,2025-04-25 00:31:29.856073,2025-04-25 00:32:53.807649,0 days 00:01:23.951576,0.5054770009831001,0.5386394713168374,2,0.05607668469821871,0.09657001757326575,0.05161926964850072,0.012684158252252284,0.05077028368453318,0.09132584773847766,3.421827682180711e-05,20,83,0.031064203546169167,0.29989616835940824,True,False,False,9.321209819426503e-05,COMPLETE
186,0.447755229473114,2025-04-25 00:32:53.866660,2025-04-25 00:34:14.803419,0 days 00:01:20.936759,0.4817143718475603,0.5639329843075548,2,0.06615474412083372,0.11247610198674934,0.05331536253291693,0.023626649243217956,0.049854706641456525,0.08987146577435474,2.7721618570229443e-05,19,76,0.03295921588640826,0.28514875561937475,True,False,False,0.0001731176413318434,COMPLETE
187,0.45213015675544743,2025-04-25 00:34:14.863359,2025-04-25 00:35:41.730358,0 days 00:01:26.866999,0.597752270959588,0.5159433996424163,2,0.07436325674890487,0.11957682671882153,0.05611584386289696,0.01579368557924873,0.051387395150890094,0.09366561081507939,3.809268799898395e-05,21,81,0.0355329041985963,0.2918219644394236,True,False,False,8.49020583523188e-05,COMPLETE
188,0.4591743886470795,2025-04-25 00:35:41.789335,2025-04-25 00:37:05.656972,0 days 00:01:23.867637,0.5301587431482165,0.5813851960729683,2,0.08117456719282082,0.08398149016969539,0.05042366772243913,0.020784336642319365,0.056368601582021956,0.09686748665355491,2.506240888692225e-05,20,72,0.0286491291170526,0.29404958931446507,True,False,False,0.00011930202610903458,COMPLETE
189,0.4538451135158539,2025-04-25 00:37:05.716353,2025-04-25 00:38:29.447442,0 days 00:01:23.731089,0.5232342595165772,0.5785046230639502,2,0.061604413919174664,0.10108743905048646,0.05044403470313544,0.02154507358333408,0.05415132090649524,0.0994890446366201,1.5758325165313082e-05,20,72,0.02832256984717385,0.2939331058299364,True,False,False,0.00012553178018212972,COMPLETE
190,0.4401680707931519,2025-04-25 00:38:29.515616,2025-04-25 00:39:50.960226,0 days 00:01:21.444610,0.5447025493573949,0.6107050169306579,2,0.07842832909756281,0.08305925844870762,0.053588549298479726,0.02913736231344715,0.058274869529824413,0.09238568084942433,2.419760805771331e-05,19,89,0.025808941912781283,0.28260028707677765,True,False,False,6.30783173424299e-05,COMPLETE
191,0.4549163401126862,2025-04-25 00:39:51.021172,2025-04-25 00:41:17.476787,0 days 00:01:26.455615,0.5008413346769792,0.5517117096780783,2,0.06890195771697954,0.11263980277842121,0.05529431741662021,0.01843479294969748,0.05651615369515612,0.09770523435295705,3.0213159147847648e-05,21,70,0.03144755749631178,0.28821337372584344,True,False,False,0.00014748349816446816,COMPLETE
192,0.44674593210220337,2025-04-25 00:41:17.537138,2025-04-25 00:42:45.363331,0 days 00:01:27.826193,0.5710777278484843,0.572676512628244,2,0.08766823338417783,0.08919995484706311,0.05105302824309984,0.023256188583736955,0.05584547955944693,0.0961988038952515,3.82034775327642e-05,21,76,0.037468329467223956,0.29971466956458465,True,False,False,0.00010723161441407882,COMPLETE
193,0.4543834328651429,2025-04-25 00:42:45.424763,2025-04-25 00:44:10.133423,0 days 00:01:24.708660,0.538767032010114,0.5243861183470966,2,0.0813173427079556,0.07397078275813038,0.056662405142173446,0.020961324509900795,0.05297042387027249,0.08857281595570886,3.151702030451615e-05,20,73,0.033936967641514174,0.2942811883089948,True,False,False,0.00022717421691797462,COMPLETE
194,0.4534961819648743,2025-04-25 00:44:10.194267,2025-04-25 00:45:30.690185,0 days 00:01:20.495918,0.480314593090881,0.6244873941050849,2,0.07282365348293349,0.11750589454431049,0.0535216554717025,0.016662072984161187,0.0589238051113286,0.09066520390496556,2.52981173957013e-05,19,68,0.02912149265035935,0.2773411522181538,True,False,False,8.273197119092651e-05,COMPLETE
195,0.4552818834781647,2025-04-25 00:45:30.752249,2025-04-25 00:46:54.631235,0 days 00:01:23.878986,0.5145601960063739,0.5431511509288419,2,0.07705213264157022,0.11056319518312524,0.06198613285369265,0.024577645452542856,0.04730343050101074,0.04694152179298901,4.1451739036945444e-05,20,77,0.03215695477540129,0.2865942255791347,True,False,False,4.1291261525864036e-05,COMPLETE
196,0.46332817077636723,2025-04-25 00:46:54.692980,2025-04-25 00:48:19.162861,0 days 00:01:24.469881,0.48765077062989726,0.5932881732769438,2,0.08901692875113715,0.12326222432872642,0.052079354225681315,0.02047050977841188,0.05153974602830165,0.08809203191689946,3.319548998102936e-05,20,66,0.036665573495450667,0.2946222273861875,True,False,False,0.00015805271756876832,COMPLETE
197,0.4473886966705322,2025-04-25 00:48:19.224757,2025-04-25 00:49:42.353366,0 days 00:01:23.128609,0.4931959445667452,0.5965448727256428,2,0.06585170371517801,0.24080962405605294,0.051915812894476165,0.02702676091278899,0.05248816643569488,0.08795267095513108,2.1754965689112018e-05,20,65,0.0367059994343612,0.2937317906849764,True,False,False,0.0001067812570845612,COMPLETE
198,0.45123311281204226,2025-04-25 00:49:42.424204,2025-04-25 00:51:10.380647,0 days 00:01:27.956443,0.5287979684925492,0.6324039355414627,2,0.08355611443885787,0.0967699337211893,0.04932978834458317,0.006646226435888717,0.04981300801850082,0.09393852197218211,2.8725937390219094e-05,21,83,0.026943463800395938,0.28224143594942513,True,False,False,0.00014424191128183103,COMPLETE
199,0.3469508528709412,2025-04-25 00:51:10.443287,2025-04-25 00:52:30.983974,0 days 00:01:20.540687,0.47952572331257215,0.6061007787503987,2,0.08751764902737635,0.06320294121840103,0.05447562992019449,0.02039081557128873,0.04456558100097221,0.08608430806568632,1.7751571773275976e-05,19,70,0.034135895027998873,0.29140508119242203,False,False,False,0.00018706362203934018,COMPLETE
200,0.45311427116394043,2025-04-25 00:52:31.047385,2025-04-25 00:53:55.283273,0 days 00:01:24.235888,0.4493096827671068,0.5795241993754425,2,0.07203036966262355,0.12104938231660005,0.05190602023155008,0.023639710257554025,0.05534593073015636,0.09149042882309218,4.215800351193657e-05,20,66,0.022958674229415273,0.2994115756562057,True,False,False,6.721454908905345e-05,COMPLETE
201,0.4599162638187409,2025-04-25 00:53:55.346726,2025-04-25 00:55:18.979203,0 days 00:01:23.632477,0.5089041930951611,0.557151753526526,2,0.08971979868877128,0.1246834638899022,0.057219832645373406,0.018700517551055843,0.05750501802375042,0.08353398453874264,3.40681347718112e-05,20,73,0.038531599979333614,0.2882964651753442,True,False,False,0.00026767876618597765,COMPLETE
202,0.45826423168182373,2025-04-25 00:55:19.043006,2025-04-25 00:56:35.600243,0 days 00:01:16.557237,0.5099556902857507,0.5748620888766365,2,0.0789770186045683,0.10681289237313721,0.057219405121334714,0.014778819963268143,0.05980073596930962,0.08357182780043149,3.4200330739856026e-05,18,72,0.030998758955383694,0.28843448888426926,True,False,False,0.0002623745859340026,COMPLETE
203,0.46219266653060914,2025-04-25 00:56:35.664385,2025-04-25 00:57:52.335863,0 days 00:01:16.671478,0.5098866115643204,0.5596394457585678,2,0.0813056265438597,0.10471724864267215,0.056116162256064424,0.015770069667282845,0.0515844659240395,0.0867227738601658,4.9879485394388476e-05,18,75,0.0309729305851648,0.2868114205074836,True,False,False,0.0002942581113241726,COMPLETE
204,0.4483775496482849,2025-04-25 00:57:52.400124,2025-04-25 00:59:06.870310,0 days 00:01:14.470186,0.5031530669179086,0.5622615143669696,2,0.0907995965078823,0.1047206431574566,0.05770645747922671,0.012704397658473122,0.05150806278673762,0.0848622235315623,5.0235432565006725e-05,17,76,0.030575509044759155,0.28726466827854047,True,False,False,0.00042750517664768986,COMPLETE
205,0.4385663568973541,2025-04-25 00:59:06.944184,2025-04-25 01:00:24.642664,0 days 00:01:17.698480,0.552131990732022,0.5218145811903538,2,0.08213815412493448,0.08852352041743154,0.05484542486121181,0.019146128164587415,0.054589118284190274,0.08202549551006817,2.6008033802749088e-05,18,79,0.0320232393864168,0.28256637216183517,True,False,False,0.00025829500462516637,COMPLETE
206,0.4071114301681519,2025-04-25 01:00:24.708028,2025-04-25 01:01:41.808639,0 days 00:01:17.100611,0.51249890827091,0.538886009373519,2,0.08990835203244628,0.1001421015383432,0.05810552958333613,0.01663247941674658,0.05055049889061141,0.08898485659989964,0.00434033842975331,18,69,0.03531613976156884,0.2894491846982866,True,False,False,0.00029504152601532,COMPLETE
207,0.45658537149429324,2025-04-25 01:01:41.872593,2025-04-25 01:02:56.253158,0 days 00:01:14.380565,0.4792756868615887,0.559051183346525,2,0.08162532621530848,0.107935840512698,0.05360121951799561,0.0350579055167978,0.04790640356455411,0.08642583274428274,4.0547056011021616e-05,17,73,0.03335208207509923,0.29478074760780365,True,False,False,0.00032749106036543093,COMPLETE
208,0.43640934228897094,2025-04-25 01:02:56.317625,2025-04-25 01:03:22.776811,0 days 00:00:26.459186,0.49959489026280135,0.5825179135654269,16,0.07725290175506982,0.11594782172359823,0.05633648951245823,0.0308128075178738,0.04079723553907119,0.08372848009576511,5.477282026380797e-05,19,75,0.028825965202203426,0.2999118528148116,True,False,False,0.00035841273388670505,COMPLETE
209,0.28615721464157107,2025-04-25 01:03:22.842370,2025-04-25 01:04:26.553231,0 days 00:01:03.710861,0.547568239209714,0.5486212518722101,2,0.08719279839688279,0.09571721373358177,0.059887040363523776,0.018889862499115007,0.05733586845979376,0.07884847634264296,2.94321272550196e-05,17,66,0.03562870042356235,0.2806357486143745,True,True,False,0.00023113807317628966,COMPLETE
210,0.4520788788795471,2025-04-25 01:04:26.619516,2025-04-25 01:05:47.743291,0 days 00:01:21.123775,0.47357166701676734,0.5047815752303445,2,0.0929419860245364,0.10485690847332681,0.01919399448728526,0.028106137726063306,0.05377989502665137,0.08767747699876105,4.487278792099125e-05,19,70,0.037036413127475694,0.28750826576231037,True,False,False,9.545444308911175e-05,COMPLETE
211,0.4578246176242829,2025-04-25 01:05:47.809423,2025-04-25 01:07:04.970665,0 days 00:01:17.161242,0.5307434541695668,0.5921032696550879,2,0.06881101689012492,0.11424283134496989,0.055838903317616755,0.015889804387362833,0.058996512130942945,0.08929195902217996,3.5773528275581264e-05,18,72,0.032026003855989554,0.27651032405978865,True,False,False,0.0002017768449827792,COMPLETE
212,0.45659961700439455,2025-04-25 01:07:05.037463,2025-04-25 01:08:21.968778,0 days 00:01:16.931315,0.5285664390294537,0.5903190603775607,2,0.06337666306221539,0.11686878221387607,0.05497748079536688,0.012004344436009711,0.055688030472294994,0.08982476748773101,3.607710243571421e-05,18,72,0.03128078245980819,0.29356469896858783,True,False,False,0.00016128246977730146,COMPLETE
213,0.44703888297080996,2025-04-25 01:08:22.045075,2025-04-25 01:09:39.761447,0 days 00:01:17.716372,0.5118478145281715,0.5697411801194063,2,0.0755917573305086,0.11063618652264953,0.051212719425430805,0.01560699403951764,0.05791086095668996,0.08104638021640383,2.3798259040163578e-05,18,77,0.03376544737673526,0.279089524578039,True,False,False,0.0001382952957099032,COMPLETE
214,0.4572070896625519,2025-04-25 01:09:39.828699,2025-04-25 01:11:00.041327,0 days 00:01:20.212628,0.49219126517915884,0.5324224379950803,2,0.08257115531005597,0.1222362456485885,0.0533029192263166,0.025526510881255026,0.05975595861055503,0.08653404387056099,4.100575562969324e-05,19,67,0.030093834124960438,0.2870774110249169,True,False,False,0.00019751605008809457,COMPLETE
215,0.42705001235008244,2025-04-25 01:11:00.109725,2025-04-25 01:12:29.527567,0 days 00:01:29.417842,0.5714329097773531,0.5762904070908523,2,0.06918330058356835,0.10108841727983207,0.05677542026775448,0.018593775787125028,0.06485621156006802,0.08446141728485641,3.1870679794294625e-05,21,127,0.03797732421797722,0.294072006314226,True,False,False,0.0002697721641334525,COMPLETE
216,0.4023218393325806,2025-04-25 01:12:29.595039,2025-04-25 01:13:02.369074,0 days 00:00:32.774035,0.5411794064055693,0.5950032046657932,8,0.24549714620114202,0.11908811016267373,0.049748147037896935,0.014190363582417312,0.05146355979903804,0.08951692319974161,4.901914621983248e-05,19,74,0.03202198090916413,0.2848488102641776,True,False,False,5.711157021183681e-05,COMPLETE
217,0.4543298959732056,2025-04-25 01:13:02.437435,2025-04-25 01:14:27.137054,0 days 00:01:24.699619,0.5156918889913337,0.5545379362599621,2,0.08033503699596166,0.10782209953953815,0.05853238195576822,0.020803492600675558,0.053389728833312826,0.09304281579229577,2.7108644848456078e-05,20,81,0.027670606654661603,0.27145912122505456,True,False,False,0.00010952229313781356,COMPLETE
218,0.4423180222511292,2025-04-25 01:14:27.205140,2025-04-25 01:15:50.854144,0 days 00:01:23.649004,0.4666906356224307,0.6060027078047483,2,0.05576956876108109,0.08450455733647384,0.05513280462309439,0.009014509871097833,0.048814854530084675,0.08716725939637583,3.844633263588894e-05,20,69,0.03477089026223372,0.28982039490625483,True,False,False,7.1302621837879e-05,COMPLETE
219,0.4552611291408539,2025-04-25 01:15:50.922566,2025-04-25 01:17:10.306635,0 days 00:01:19.384069,0.4952725281132614,0.5646491743113167,2,0.07391723948612938,0.11378255967736838,0.05320942436544425,0.01763141187219372,0.05726962908447269,0.08339998820098544,2.054399171341229e-05,19,64,0.039316418180150144,0.2769623381469839,True,False,False,3.5376251728920384e-05,COMPLETE
220,0.45127374529838565,2025-04-25 01:17:10.385179,2025-04-25 01:18:26.983540,0 days 00:01:16.598361,0.5332490582047744,0.5079086129748012,2,0.0849570099191172,0.12629814511954812,0.06028415066394634,0.022856033723443428,0.05977989635686653,0.08856811388015955,3.325041850656581e-05,18,72,0.033104001473970184,0.2955392461946301,True,False,False,0.00016945998407690794,COMPLETE
221,0.41886346936225893,2025-04-25 01:18:27.053334,2025-04-25 01:19:47.993647,0 days 00:01:20.940313,0.4937573662858185,0.5375378549875856,2,0.08423159753862411,0.12243587173379591,0.05269794601649408,0.025571252216588774,0.06035497401228542,0.08622850041644166,0.001486013614911494,19,67,0.029444466743514548,0.2857949213354927,True,False,False,0.00021345960865557057,COMPLETE
222,0.4549264252185822,2025-04-25 01:19:48.062796,2025-04-25 01:21:14.891338,0 days 00:01:26.828542,0.47986702480240334,0.5263404387416468,2,0.07917911533954533,0.12189390685087191,0.054625079998806565,0.026294596908312547,0.058761075757825604,0.08591595962117377,4.326683703629012e-05,21,69,0.02957993937653973,0.2890327527271312,True,False,False,0.00019237731401822197,COMPLETE
223,0.4418299317359925,2025-04-25 01:21:14.961153,2025-04-25 01:22:36.251260,0 days 00:01:21.290107,0.512542431567648,0.5394438501924967,2,0.09257327771392253,0.09325977711895178,0.057126801124326165,0.024859269175574246,0.06236669754014429,0.027944028468879265,6.218347600907234e-05,19,65,0.03070552863268536,0.2822979935534354,True,False,False,0.00013480616846823097,COMPLETE
224,0.44961569905281074,2025-04-25 01:22:36.320515,2025-04-25 01:24:00.323954,0 days 00:01:24.003439,0.460394789389813,0.5885029170433952,2,0.06820612040293457,0.1052435504183646,0.04951822348038223,0.028304008163221886,0.05616023957654044,0.08218626366015494,3.967082285789763e-05,20,75,0.0359051354923525,0.29966861125965233,True,False,False,0.00028384305397844263,COMPLETE
225,0.4618431866168976,2025-04-25 01:24:00.395192,2025-04-25 01:25:24.601588,0 days 00:01:24.206396,0.4926783458224018,0.5620997621746461,2,0.07689720467991948,0.11452121032176042,0.051685663588310365,0.022069105194060884,0.06058163595464746,0.09098091762738988,5.1338712089044186e-05,20,78,0.032249385793929386,0.2904427715601286,True,False,False,9.481582470363831e-05,COMPLETE
226,0.45913754701614384,2025-04-25 01:25:24.671418,2025-04-25 01:26:48.218266,0 days 00:01:23.546848,0.5549508728877195,0.5637605546725324,2,0.07382665574836388,0.11430808035926374,0.05101605492866308,0.01990249209567447,0.06619577565190986,0.09135232274876015,4.940642022248552e-05,20,79,0.03277056498442346,0.2941424567184714,True,False,False,8.611939672114935e-05,COMPLETE
