number,value,datetime_start,datetime_complete,duration,params_alpha-eval,params_alpha-train,params_batch-size,params_eps-eval,params_eps-train,params_lambda-actions-eval,params_lambda-actions-train,params_lambda-frames-eval,params_lambda-frames-train,params_learning-rate,params_n-epochs,params_n-frames,params_radius-gw,params_rho,params_std-feats,params_ub-actions,params_ub-frames,params_weight-decay,state
505,0.42291616797447207,2025-04-05 19:19:56.785377,2025-04-05 19:20:26.054567,0 days 00:00:29.269190,0.5940907431293566,0.1398239310138356,8,0.08873708054309853,0.011872835517164894,0.07575231057284545,0.054638570779209396,0.005965931610196425,0.013677253211143652,0.001733382745887339,22,80,0.0981632488978788,0.21326265963111,False,False,True,4.686253680521157e-05,COMPLETE
506,0.34769973158836365,2025-04-05 19:20:26.222035,2025-04-05 19:20:58.297423,0 days 00:00:32.075388,0.5400654400630491,0.11809431542507953,8,0.05964071778704017,0.020809955388660498,0.07057000376580917,0.05865033294266408,0.013896999001878706,0.07731758753956774,0.0010905619458463146,21,91,0.09459488961157977,0.22085030202511483,False,False,False,3.105924699045741e-05,COMPLETE
507,0.3471203148365021,2025-04-05 19:20:58.453895,2025-04-05 19:21:28.168311,0 days 00:00:29.714416,0.6047209577952689,0.15362803578177772,8,0.08264818049207054,0.13421532247653428,0.07983390719731019,0.051770514591244356,0.008778668566979678,0.0047423094156945605,0.001405061381825636,23,74,0.09781191082363054,0.22743561533716763,False,False,True,6.470575140274318e-05,COMPLETE
508,0.48581885099411015,2025-04-05 19:21:28.325094,2025-04-05 19:21:59.395446,0 days 00:00:31.070352,0.576872077793744,0.16979018031298787,8,0.05655782998183979,0.013643844015667213,0.07399482324657135,0.04867791396147539,0.010851896819274688,0.009650449075606953,0.0008454364963132179,24,100,0.09509109368247828,0.14407530088653428,False,False,True,2.9158083202197303e-05,COMPLETE
509,0.4797511577606201,2025-04-05 19:21:59.561147,2025-04-05 19:22:30.437997,0 days 00:00:30.876850,0.610667820520284,0.12515127292946698,8,0.05509250616270535,0.014973290122620397,0.0773192058260427,0.06008320089902419,0.015031488484179952,0.00866842034723692,0.0009063742977300452,24,100,0.09501912668474163,0.14391246482594708,False,False,True,2.205139046511193e-05,COMPLETE
510,0.48411050438880926,2025-04-05 19:22:30.595201,2025-04-05 19:23:01.589996,0 days 00:00:30.994795,0.5826176144732129,0.10896732403990751,8,0.05717418928728907,0.021348145923469692,0.07400975481836826,0.044216557716326634,0.012224343217736312,0.012646694134761799,0.0008335831995607963,24,100,0.09434564035779278,0.13925319694760432,False,False,True,1.7094503739850535e-05,COMPLETE
511,0.4042839348316193,2025-04-05 19:23:01.758139,2025-04-05 19:23:24.136878,0 days 00:00:22.378739,0.6112126889856005,0.13934298746737608,16,0.05781069275713468,0.017302441765875275,0.07632587589972488,0.04800786442662268,0.09586626177904625,0.00387984346717999,0.0008573268967713679,23,98,0.06717466420230797,0.1473881566731627,False,False,True,2.2100030620362584e-05,COMPLETE
512,0.4825432479381561,2025-04-05 19:23:24.296852,2025-04-05 19:23:55.781792,0 days 00:00:31.484940,0.5563858294694871,0.17464432792657292,8,0.054011953280419016,0.01215733361184755,0.07458130268344171,0.05700230975801353,0.010714115991513977,0.01172103778040181,0.0010529997670542582,25,101,0.0951147440992335,0.14948261316369257,False,False,True,1.5675846768620718e-05,COMPLETE
513,0.48478350639343265,2025-04-05 19:23:55.939548,2025-04-05 19:24:26.137048,0 days 00:00:30.197500,0.6176086374663303,0.13052039814595245,8,0.0631398960164579,0.0009205637822850363,0.07345802938012778,0.04653576007195958,0.013128139214159524,0.010539539797583384,0.0008490888722022681,23,97,0.09636742945936647,0.1291574414364446,False,False,True,2.3284899855285903e-05,COMPLETE
514,0.481475830078125,2025-04-05 19:24:26.304395,2025-04-05 19:24:56.858983,0 days 00:00:30.554588,0.6250022358767718,0.10551721771937199,8,0.06370828482754379,0.0026857086234105022,0.08117156393678703,0.04328900564560604,0.014181564473468104,0.008991484393064533,0.0008299028536168832,23,101,0.09355619277545607,0.108472103305521,False,False,True,2.1301402238052373e-05,COMPLETE
515,0.474436366558075,2025-04-05 19:24:57.018816,2025-04-05 19:25:27.965492,0 days 00:00:30.946676,0.7655453223164613,0.15192335595525988,8,0.0612618845713139,0.005036677978984445,0.01867957405755888,0.04439725168628422,0.013596988771608289,0.008911344012044402,0.0008166720971866452,24,96,0.09501927249632193,0.13807716233462813,False,False,True,1.6389653461832244e-05,COMPLETE
516,0.28612102270126344,2025-04-05 19:25:28.135476,2025-04-05 19:25:58.482472,0 days 00:00:30.346996,0.6195070062604372,0.18728487982429154,8,0.05434553299128631,0.00246446263420277,0.07791579820268194,0.044030897003826036,0.012335903589384058,0.0262863627702216,0.0009408388639764663,23,98,0.09624811566486924,0.12049202524907873,False,True,True,2.601252741174028e-05,COMPLETE
517,0.371870493888855,2025-04-05 19:25:58.643554,2025-04-05 19:26:31.266547,0 days 00:00:32.622993,0.8016548283623868,0.13510640768004578,8,0.06386382642373392,0.006027646580678793,0.07503705795128282,0.04736675545884283,0.011567069511236618,0.007511884901943301,0.0008294083972158688,24,101,0.0941399849261195,0.1544811398201541,True,False,True,1.8769312754676703e-05,COMPLETE
518,0.4045655488967896,2025-04-05 19:26:31.427971,2025-04-05 19:27:01.744242,0 days 00:00:30.316271,0.5053936309612947,0.7561183422265529,8,0.051680398176069696,0.0009508639001974666,0.07301172322814246,0.04815338083903954,0.01521936736604173,0.0055644112233241136,0.0010061916559444806,23,97,0.09668583593117379,0.15296190769228193,False,False,True,1.50070419706317e-05,COMPLETE
519,0.4829101622104645,2025-04-05 19:27:01.914008,2025-04-05 19:27:32.157738,0 days 00:00:30.243730,0.5747261543055752,0.11128222625993722,8,0.05940046094363359,0.009529325521892909,0.07866850846696777,0.045773965284868844,0.004529475196101957,0.011140660180317608,0.0007544289070675274,23,101,0.09335754645325765,0.1326383343884438,False,False,True,5.946487650370615e-06,COMPLETE
520,0.48198992609977725,2025-04-05 19:27:32.318840,2025-04-05 19:28:03.311042,0 days 00:00:30.992202,0.5329712754744106,0.15535008725148247,8,0.06833353755432776,0.0008202310049895654,0.07560874503743707,0.01939680161737471,0.00321475974978088,0.012494772970121661,0.0010492218153533624,24,103,0.09681943726164301,0.1295583663571951,False,False,True,2.308471126788851e-05,COMPLETE
521,0.40017155408859256,2025-04-05 19:28:03.485021,2025-04-05 19:28:32.911772,0 days 00:00:29.426751,0.7496249424303074,0.09914888314006678,8,0.05237050622749355,0.010852045816786086,0.07312948757895003,0.046854427319188804,0.016818230029764854,0.009725778961480679,0.018461265903143856,22,98,0.09494611100739095,0.2720277379468892,False,False,True,3.2059907888130952e-06,COMPLETE
522,0.48603979349136356,2025-04-05 19:28:33.072503,2025-04-05 19:29:03.211859,0 days 00:00:30.139356,0.6314879911418542,0.1243576551060232,8,0.05943730029550062,0.023242145115855564,0.07671579649149828,0.04623522953239163,0.006524171098200738,0.01048013359433922,0.0008219963202761682,23,102,0.09707567934120401,0.12775976263650102,False,False,True,1.2887390207513362e-05,COMPLETE
523,0.48484230041503906,2025-04-05 19:29:03.384654,2025-04-05 19:29:34.552896,0 days 00:00:31.168242,0.5895383366086453,0.13203439488314112,8,0.06494543365695381,0.021612669779977323,0.02828757864245136,0.04547468140475319,0.006310006456997802,0.007209009789692624,0.0008986413744055903,24,103,0.09514067927655731,0.12203963581683096,False,False,True,1.3808028530434228e-05,COMPLETE
524,0.48508074283599856,2025-04-05 19:29:34.714757,2025-04-05 19:30:06.268188,0 days 00:00:31.553431,0.5857801888003651,0.16980995588893955,8,0.0700278881210799,0.023047544683967885,0.03286202713248438,0.04265854204793584,0.006572837179169899,0.006927715016087552,0.0007688596691226496,25,102,0.09548790591851818,0.12218433362539746,False,False,True,1.3548955552556436e-05,COMPLETE
525,0.48406139612197874,2025-04-05 19:30:06.429921,2025-04-05 19:30:37.664232,0 days 00:00:31.234311,0.5753680974002991,0.20624745677262626,8,0.06911082564010246,0.02253302148299234,0.0260741933972988,0.04601374223848458,0.007045858501907338,0.009360532325666159,0.0007598750132669067,24,103,0.09307441416716454,0.12384255651288321,False,False,True,1.32360999480148e-05,COMPLETE
526,0.48324689269065857,2025-04-05 19:30:37.837745,2025-04-05 19:31:09.522955,0 days 00:00:31.685210,0.6007253853534802,0.17343935314516598,8,0.07166006397837901,0.024792964268975946,0.05768545407768277,0.042929318053562,0.007224514283309303,0.0031532246778399296,0.0007960933754988257,25,100,0.09402635113760856,0.12512714319464635,False,False,True,1.3395871134754841e-05,COMPLETE
527,0.35640316605567934,2025-04-05 19:31:09.684767,2025-04-05 19:31:44.967376,0 days 00:00:35.282609,0.5597915971549695,0.18904240378060858,8,0.06294305307632464,0.025286801324028548,0.03149413101717846,0.04146588365939856,0.00959869034466535,0.00830282384085667,0.0007001459210438892,24,101,0.09287412376757725,0.12097649285105841,False,False,False,9.959234471700935e-06,COMPLETE
528,0.482190215587616,2025-04-05 19:31:45.141319,2025-04-05 19:32:15.896259,0 days 00:00:30.754940,0.5909632820139533,0.16772353407095641,8,0.07223140424196488,0.02206623415328094,0.03409748783838984,0.04457996353729983,0.006193058244431017,0.010964315806813153,0.0008395839279650787,24,104,0.09485966675593299,0.11627926457893692,False,False,True,1.3742507617992145e-05,COMPLETE
529,0.453840845823288,2025-04-05 19:32:16.058978,2025-04-05 19:32:47.294294,0 days 00:00:31.235316,0.5849595656373207,0.15865026765777762,8,0.06587137086967702,0.08859231739382546,0.08011456645770305,0.042835578765590805,0.01082998003812511,0.01407965247659347,0.0006813564163224675,24,98,0.09284268270964983,0.11289593761805349,False,False,True,1.725467798744686e-05,COMPLETE
530,0.48402834534645084,2025-04-05 19:32:47.458770,2025-04-05 19:33:19.183115,0 days 00:00:31.724345,0.6233437823064831,0.12984080296984532,8,0.06708539203302341,0.025509433939721826,0.04038653942608686,0.04728266476144143,0.008103513652048085,0.005068122762692048,0.000916659644955783,25,102,0.09486717182754613,0.12639587566285299,False,False,True,1.139910281221323e-05,COMPLETE
531,0.40624722838401794,2025-04-05 19:33:19.356875,2025-04-05 19:33:51.257092,0 days 00:00:31.900217,0.5380962790234338,0.22392675259709638,8,0.07894725147371147,0.021170436054803753,0.07858494290186428,0.04911612587511003,0.00579819990953095,0.005606224619462677,0.000792097590858808,26,63,0.09599095072950052,0.1327506300008229,False,False,True,8.036669585785364e-06,COMPLETE
532,0.42353652119636537,2025-04-05 19:33:51.419995,2025-04-05 19:34:22.871360,0 days 00:00:31.451365,0.5803606019565033,0.15167268364851708,8,0.15601722237813773,0.028407723397255988,0.07665687471496152,0.0459657018201672,0.010031629876587443,0.006861233940536312,0.001085138434879194,25,95,0.09302591625775834,0.11991076740449001,False,False,True,1.8511234471022902e-05,COMPLETE
533,0.4694878101348877,2025-04-05 19:34:23.047532,2025-04-05 19:34:46.519577,0 days 00:00:23.472045,0.6103757496624299,0.1313836050328959,16,0.0628924367075385,0.016298991408719567,0.0745658309239475,0.044836961075673275,0.007714885296128653,0.010306670065325277,0.0006449832372690122,25,105,0.09558716096952613,0.1140899894216835,False,False,True,1.3812479943931774e-05,COMPLETE
534,0.4849780201911927,2025-04-05 19:34:46.683756,2025-04-05 19:35:16.879657,0 days 00:00:30.195901,0.5897821673900631,0.196647912499583,8,0.058435796395298306,0.016540882428707285,0.032976584014029114,0.04926897463815498,0.0049287765079172,0.007027994241195675,0.0009315585827249341,23,99,0.09339811048478075,0.13537746513301485,False,False,True,1.0613750824975572e-05,COMPLETE
535,0.4841452300548554,2025-04-05 19:35:17.055512,2025-04-05 19:35:47.958723,0 days 00:00:30.903211,0.5929411780050156,0.17491813201092443,8,0.05720398661193275,0.022226443690300586,0.022543786756937592,0.049026444696744574,0.004639551027665174,0.0018851452819758415,0.0010749099799739236,24,102,0.09234979262684274,0.1008122836967594,False,False,True,9.958742076147987e-06,COMPLETE
536,0.28615721464157107,2025-04-05 19:35:48.123348,2025-04-05 19:36:18.460538,0 days 00:00:30.337190,0.5470113287557714,0.18596047224479442,8,0.05875648629883698,0.029156742173827258,0.02378754028502563,0.04962851330230653,0.0028053235594869283,0.008044969359602118,0.001126071140494524,23,104,0.09337836392380325,0.13966816169521246,False,True,True,7.3020718042180345e-06,COMPLETE
537,0.483949089050293,2025-04-05 19:36:18.626204,2025-04-05 19:36:49.824160,0 days 00:00:31.197956,0.5692115301756524,0.20862937535476694,8,0.07049162667127691,0.017143179313295884,0.029635982517661214,0.048873050015949784,0.005498273568624347,0.006999889379953893,0.0009342998350949466,24,99,0.09169137133793095,0.1244500271752167,False,False,True,9.144885483811789e-06,COMPLETE
538,0.48363701105117796,2025-04-05 19:36:50.001062,2025-04-05 19:37:22.218622,0 days 00:00:32.217560,0.556357646989109,0.1892217576382914,8,0.05312881868289059,0.02502152359682385,0.02738612820798462,0.05120784668648416,0.004568862912422835,0.005903837394282788,0.0006589513694161792,26,100,0.09437714336002159,0.1354014183975395,False,False,True,1.1661333404372485e-05,COMPLETE
539,0.3808478891849518,2025-04-05 19:37:22.384178,2025-04-05 19:37:56.663475,0 days 00:00:34.279297,0.5882267293616623,0.15510664099863353,8,0.058348173436206616,0.016294559501426897,0.0066947269370077125,0.0423175894145396,0.0067579913488048145,0.0032467866469518044,0.0007797926537836069,25,105,0.0942466500314382,0.1046210870818714,True,False,True,1.3870344418629895e-05,COMPLETE
540,0.48398951292037967,2025-04-05 19:37:56.840601,2025-04-05 19:38:26.947608,0 days 00:00:30.107007,0.5203357588290399,0.1451969092472527,8,0.05290517619887931,0.032726672021397764,0.030009223532219652,0.041380391122811895,0.0039602394367184695,0.008193129825591786,0.0006052000200263733,23,102,0.0965022142233544,0.13018332166766225,False,False,True,9.918417671374878e-06,COMPLETE
541,0.47748692035675055,2025-04-05 19:38:27.114164,2025-04-05 19:38:57.597081,0 days 00:00:30.482917,0.5592865112825413,0.1719418272011139,8,0.060675277677452115,0.022223873265830585,0.031683674860972226,0.06074709143875889,0.007776943251189223,0.007345418080735469,0.0011972998719701282,23,96,0.09227942036461419,0.14097400846915495,False,False,True,1.4776303053310992e-06,COMPLETE
542,0.4862517714500428,2025-04-05 19:38:57.764124,2025-04-05 19:39:28.696884,0 days 00:00:30.932760,0.630055822295576,0.11283814731745312,8,0.06622556440188414,0.028123174870754546,0.028078168103329266,0.0506513359975071,0.002430741493789591,0.005545753827868243,0.0009444460199705485,24,104,0.09494493035484927,0.13235728390813362,False,False,True,5.102820084557556e-06,COMPLETE
543,0.4819275915622711,2025-04-05 19:39:28.874709,2025-04-05 19:39:58.458794,0 days 00:00:29.584085,0.6388973042659769,0.10264432945304125,8,0.04919409336841448,0.033512652884739924,0.026383468077253114,0.05035390287339744,0.002452617188457172,0.004273580378249151,0.0009873652388420172,22,106,0.090116272332462,0.13702310950437813,False,False,True,5.431999000558437e-06,COMPLETE
544,0.46217552423477176,2025-04-05 19:39:58.626079,2025-04-05 19:40:28.634257,0 days 00:00:30.008178,0.6345179876482748,0.11341373649283841,8,0.07493901619844319,0.025765979877915304,0.027897690829836157,0.05173633545600499,0.0011021275434944886,0.01256711239565473,0.001364772246951276,23,99,0.09303574940554565,0.14516846202188405,False,False,True,5.613066893189559e-06,COMPLETE
545,0.4750451743602753,2025-04-05 19:40:28.811990,2025-04-05 19:40:59.058194,0 days 00:00:30.246204,0.613208706887762,0.15500236459725347,8,0.06736664889440966,0.03032669433646667,0.03428686296056459,0.05933979383268106,0.003412431196110236,0.005896706737994187,0.0010776445017280003,23,105,0.07962535042141308,0.13687391151312397,False,False,True,4.7961710903501e-06,COMPLETE
546,0.35156903862953187,2025-04-05 19:40:59.226920,2025-04-05 19:41:32.146430,0 days 00:00:32.919510,0.6255821114828652,0.19695700934053292,8,0.05027030069147691,0.014087286381566417,0.03637090715780299,0.07429007120439324,0.0025181482498790974,0.0036155597579512664,0.0007264574807821443,22,100,0.09693674256910813,0.14594760736732773,False,False,False,6.88206417855599e-06,COMPLETE
547,0.40778756141662603,2025-04-05 19:41:32.325618,2025-04-05 19:42:04.519543,0 days 00:00:32.193925,0.6418689862532098,0.11567374568704762,8,0.05762517717317181,0.03008663752160568,0.033351653110616025,0.050381511744120755,0.005021876167400974,0.010774915810425003,0.0006032833268680515,26,95,0.07282621746761955,0.12965715972721503,False,False,True,3.645626300288808e-06,COMPLETE
548,0.48511832952499395,2025-04-05 19:42:04.687995,2025-04-05 19:42:35.048035,0 days 00:00:30.360040,0.5998170330865152,0.1431338849537367,8,0.049629402076109864,0.017670985369342654,0.03882962874166089,0.05472825538876,0.0010882330369619297,0.009196564745862505,0.0008284191854755426,23,103,0.0942835541690303,0.14335866726540505,False,False,True,8.429850946440673e-06,COMPLETE
549,0.4824390232563019,2025-04-05 19:42:35.216720,2025-04-05 19:43:05.469669,0 days 00:00:30.252949,0.5975103193233638,0.17048141213780263,8,0.054396579007709514,0.03831862710277161,0.03689150206233683,0.05492427747368459,0.0012644604359787507,0.009918424238241096,0.0011426519273766164,23,101,0.09144522345474648,0.14156257462401534,False,False,True,4.240873896689848e-06,COMPLETE
550,0.4805757284164429,2025-04-05 19:43:05.648916,2025-04-05 19:43:35.972872,0 days 00:00:30.323956,0.6087541794940311,0.143701705238369,8,0.05908932470573026,0.020085864963335774,0.03540356574080164,0.055135880519470236,0.0022671296525888516,0.013148193376107328,0.0009017751585176562,23,97,0.08913880565531004,0.1330128279796361,False,False,True,8.049659238842454e-06,COMPLETE
551,0.48491526842117316,2025-04-05 19:43:36.142616,2025-04-05 19:44:06.858916,0 days 00:00:30.716300,0.5656136337227715,0.14695680295827435,8,0.06654136513045214,0.02673778792627448,0.03205039799273241,0.05725679515774699,0.0013194793593998,0.008598397643262552,0.0007233603901411823,24,103,0.09340939823186054,0.13237992291163198,False,False,True,6.481557912462928e-06,COMPLETE
552,0.48597910404205324,2025-04-05 19:44:07.040353,2025-04-05 19:44:36.326149,0 days 00:00:29.285796,0.5793645934443432,0.17162899426040085,8,0.0493712783143881,0.03506369139382395,0.03509786569481634,0.05358067468325855,0.003440796070498481,0.0017994749706396517,0.0013595713149474654,22,98,0.0972220897980973,0.14015332384741397,False,False,True,6.4238231215923764e-06,COMPLETE
553,0.48021006584167486,2025-04-05 19:44:36.496836,2025-04-05 19:45:06.163778,0 days 00:00:29.666942,0.5841827130438659,0.23083283525227893,8,0.048533530954797253,0.03599471188667701,0.036215329238907176,0.05233426302182321,0.0031592821721076287,0.003215136630164142,0.0015174887668005074,22,93,0.09723626748978925,0.002021399034355942,False,False,True,5.318448291124326e-06,COMPLETE
554,0.486632251739502,2025-04-05 19:45:06.345422,2025-04-05 19:45:37.145767,0 days 00:00:30.800345,0.577375632117405,0.18294339607950774,8,0.07394711662262293,0.06087622596042454,0.0303328871398699,0.05491370908441398,0.002874687908336289,0.005716310864717855,0.0013724845430533625,24,99,0.09721380640180442,0.14185306673810824,False,False,True,5.905995946722527e-06,COMPLETE
555,0.38542406558990483,2025-04-05 19:45:37.315423,2025-04-05 19:46:00.907639,0 days 00:00:23.592216,0.5668290636144502,0.17821836527725482,16,0.07987300802782389,0.06397665002418222,0.03824129264376086,0.054570502199420494,0.0013568061765245089,0.0016160670956287416,0.0017114041854615738,25,96,0.09815880329776683,0.14394079486262654,False,False,True,6.1858886874176945e-06,COMPLETE
556,0.3244133770465851,2025-04-05 19:46:01.090978,2025-04-05 19:46:32.148461,0 days 00:00:31.057483,0.5582194397250062,0.20964436388712618,8,0.08025830888378663,0.22053416685908203,0.03006052260517575,0.053283704183660296,0.0010311754870242968,0.0024824730908203966,0.0014504804849631058,24,98,0.09744162168090154,0.1461504488580898,False,True,True,5.23225141745586e-06,COMPLETE
557,0.4111396312713623,2025-04-05 19:46:32.319099,2025-04-05 19:47:03.245619,0 days 00:00:30.926520,0.516707136496849,0.16467983504094225,8,0.068414341267718,0.049467221636823024,0.05162575780818268,0.055803615696991035,0.0034530259519672543,0.0063314007530084985,0.0017070089020730828,24,102,0.0969441215488764,0.140891717528356,False,False,True,3.993682446797106e-06,COMPLETE
558,0.358158028125763,2025-04-05 19:47:03.419168,2025-04-05 19:47:36.186865,0 days 00:00:32.767697,0.6075734214724943,0.18376987064998437,8,0.0749236371093952,0.0781131502393019,0.02980546872047314,0.05696380849520888,0.003136668284597332,0.0010001767110269268,0.0013664514784905767,24,94,0.09572592602470502,0.15102832874476108,True,False,True,4.350625094006355e-06,COMPLETE
559,0.4835269093513489,2025-04-05 19:47:36.368467,2025-04-05 19:48:08.251942,0 days 00:00:31.883475,0.5417439988685946,0.1477795992752576,8,0.07429137042246996,0.04421595926783563,0.024722257071289108,0.054398950717877245,0.003994235054052892,0.005760669143332338,0.0012364214478073688,25,99,0.0980951345961792,0.15900903430327332,False,False,True,6.5826416727090825e-06,COMPLETE
560,0.4851747035980225,2025-04-05 19:48:08.424898,2025-04-05 19:48:38.039743,0 days 00:00:29.614845,0.5739402339048552,0.1663915613727939,8,0.08113644839227793,0.05485492932732927,0.03263257880509757,0.05742986004273071,0.0029280728594971352,0.0051992154005364635,0.0013836500087458514,22,102,0.09548858567556504,0.15454305676266497,False,False,True,7.95734001112156e-06,COMPLETE
