number,value,datetime_start,datetime_complete,duration,params_alpha-eval,params_alpha-train,params_batch-size,params_eps-eval,params_eps-train,params_lambda-actions-eval,params_lambda-actions-train,params_lambda-frames-eval,params_lambda-frames-train,params_learning-rate,params_n-epochs,params_n-frames,params_radius-gw,params_rho,params_std-feats,params_ub-actions,params_ub-frames,params_weight-decay,state
730,0.4405950248241425,2025-04-05 21:13:42.562566,2025-04-05 21:14:13.907533,0 days 00:00:31.344967,0.7021850613395603,0.026099707582076602,8,0.06971692328080294,0.06965567230941522,0.016053952731347212,0.05609913526444263,0.019997641964306857,0.020868800965545227,0.0015103614325076,25,88,0.09996230576414124,0.16761450326008825,False,False,True,1.776630592901471e-06,COMPLETE
731,0.43640296459198,2025-04-05 21:14:14.142810,2025-04-05 21:14:37.646958,0 days 00:00:23.504148,0.6762717121397327,0.05404884815033019,16,0.07750707938851621,0.07807095564087356,0.020230852167121116,0.053504424489237,0.021917609466814533,0.017862559771927782,0.0010172860914854501,26,84,0.0979100584485795,0.1896552018143539,False,False,True,3.6229270680882617e-06,COMPLETE
732,0.4825238168239594,2025-04-05 21:14:37.884918,2025-04-05 21:15:10.722655,0 days 00:00:32.837737,0.7234821090772036,0.06909025263728476,8,0.07065697452620937,0.05593798165161913,0.017569849041503896,0.05807357963400653,0.01766687386396815,0.018785362189652682,0.0008128850367739966,26,93,0.09366753478090228,0.17255333643720863,False,False,True,4.868698672482586e-06,COMPLETE
733,0.28615721464157107,2025-04-05 21:15:10.949095,2025-04-05 21:15:44.557833,0 days 00:00:33.608738,0.6898540971237935,0.6673049414063267,8,0.08419685444733291,0.06318130129317336,0.017399662989385216,0.05065924351083362,0.02499078875807729,0.023512036506520798,0.0013308915534970922,25,94,0.09646098521264686,0.16422357080748703,True,True,True,2.948274893402047e-06,COMPLETE
734,0.37532984614372256,2025-04-05 21:15:44.795097,2025-04-05 21:16:17.781304,0 days 00:00:32.986207,0.6735569483667396,0.09289886183352813,8,0.0761728939538087,0.05930434130927918,0.022579923080894054,0.05482524893001378,0.022665116732117952,0.021348308442314463,0.0017218871898591049,27,90,0.0981728067487084,0.178602548734026,False,False,True,4.37904874287011e-06,COMPLETE
735,0.29028611779212954,2025-04-05 21:16:18.004706,2025-04-05 21:17:40.231732,0 days 00:01:22.227026,0.7050986492985113,0.0733489216506654,2,0.29769925976278877,0.06569083844916128,0.02509144024926554,0.052684693378737824,0.02746034423593323,0.016323021560397288,0.002520144358788878,24,93,0.09528757884809888,0.16968326131744618,False,False,True,5.887287932027225e-06,COMPLETE
736,0.38199345469474794,2025-04-05 21:17:40.469885,2025-04-05 21:18:11.367477,0 days 00:00:30.897592,0.7553310638475977,0.04078852415703627,8,0.0666787666511123,0.058023020542302,0.02826752755280819,0.03793128222494615,0.01835038835639688,0.08288325867600017,0.0011099102181362128,24,90,0.09198008505605001,0.16132518081506564,False,False,True,4.115475802808597e-06,COMPLETE
737,0.4796998202800751,2025-04-05 21:18:11.591639,2025-04-05 21:18:42.950946,0 days 00:00:31.359307,0.6667210812180571,0.0965087142918491,8,0.08019637514970518,0.07141453369500057,0.02126499398330626,0.04786360668171631,0.02598300567461344,0.013814912775512712,0.0009049297837656786,25,94,0.09794645922808899,0.186659308856013,False,False,True,5.341985679387951e-06,COMPLETE
738,0.4729773223400116,2025-04-05 21:18:43.187211,2025-04-05 21:19:14.288294,0 days 00:00:31.101083,0.7316418768347652,0.06356151435886354,8,0.0893794460338825,0.053046952466315175,0.026008100587870227,0.05701864576930736,0.02007155819404892,0.024202325526739045,0.0013687056302911981,24,86,0.09406855666826779,0.1956028653935008,False,False,True,2.547702641005555e-06,COMPLETE
739,0.3890539109706879,2025-04-05 21:19:14.526950,2025-04-05 21:19:46.389761,0 days 00:00:31.862811,0.6908338338998387,0.089501277813557,8,0.06906273911719318,0.10582186819858141,0.024373348438689366,0.03040299378621711,0.02251080533789445,0.019327836971757353,0.0008189833311191475,25,95,0.09597777709261333,0.17591347599645663,False,False,True,3.5202958994907777e-06,COMPLETE
740,0.3300334334373475,2025-04-05 21:19:46.617799,2025-04-05 21:20:17.471442,0 days 00:00:30.853643,0.7138243828522303,0.05070112478444328,8,0.23477482629808372,0.0515529401044106,0.02820010143252601,0.05056680948007311,0.029260266124717316,0.016385158538014546,0.0010944121317584554,24,91,0.09825522776728043,0.16984120197794375,False,False,True,6.535633967950333e-06,COMPLETE
741,0.36570466160774234,2025-04-05 21:20:17.711000,2025-04-05 21:20:53.585394,0 days 00:00:35.874394,0.6662934910160696,0.02297689394933393,8,0.0744471659646493,0.0822873520677045,0.022473298689395255,0.03474135620190327,0.017608632619317176,0.05541282258788659,0.001768137461305727,25,98,0.0929612746996153,0.18187179559218292,False,False,False,4.854148983354973e-06,COMPLETE
742,0.49160842895507817,2025-04-05 21:20:53.813738,2025-04-05 21:21:26.260748,0 days 00:00:32.447010,0.686569806098417,0.0765480505083727,8,0.06704256956038425,0.06599720650820251,0.027096191313337813,0.053083685549556836,0.01638531575559095,0.014485665444947346,0.0012477300228308991,26,88,0.09996553660772182,0.16313569199420613,False,False,True,3.296445722645248e-06,COMPLETE
743,0.3504571855068207,2025-04-05 21:21:26.499735,2025-04-05 21:21:59.211162,0 days 00:00:32.711427,0.6964176214907831,0.07563590736409921,8,0.07973372940192443,0.07358458470052145,0.02627649896601071,0.05549033408459724,0.016205850548234806,0.014114159267651001,0.0021639912812306404,26,87,0.0986013661392637,0.16058174971664982,False,False,True,2.8723298915921647e-06,COMPLETE
744,0.40204586982727053,2025-04-05 21:21:59.451800,2025-04-05 21:22:31.873071,0 days 00:00:32.421271,0.7130909145028239,0.05853672719807074,8,0.0727800605971233,0.06578693727207509,0.01843419852871156,0.058028468717288104,0.01963048954847555,0.01728751041586077,0.0015233715909305752,26,84,0.09974946074848665,0.16583886632557251,False,False,True,2.7043724282820453e-06,COMPLETE
745,0.4610364377498627,2025-04-05 21:22:32.102476,2025-04-05 21:22:55.955854,0 days 00:00:23.853378,0.7488680466587949,0.04349648479264898,16,0.06756968420557147,0.07583527475146375,0.014696814108498286,0.053888494074269974,0.01697075159493337,0.015049405534793902,0.0013375524089665628,27,88,0.09772240926047811,0.15694204389957278,False,False,True,3.3792586547238245e-06,COMPLETE
746,0.39902441501617436,2025-04-05 21:22:56.196116,2025-04-05 21:23:28.230416,0 days 00:00:32.034300,0.6848581271794992,0.07902302066988456,8,0.08562569382920773,0.06502494777261018,0.02465206041223272,0.07281641092448621,0.01552877855826788,0.012690571918848634,0.010615955884968711,26,80,0.09981586563667835,0.17106461806667464,False,False,True,2.0683760540090426e-06,COMPLETE
747,0.36412758827209474,2025-04-05 21:23:28.473063,2025-04-05 21:24:00.044574,0 days 00:00:31.571511,0.7832215949429397,0.03267242262360714,8,0.07521230670874136,0.09144675871781272,0.023225542478346586,0.052900009578577135,0.020551683129733277,0.021288717527609316,0.0017779900887074822,25,84,0.09973581960430884,0.16307539208891858,False,False,True,4.3568108571158845e-06,COMPLETE
748,0.4869434475898743,2025-04-05 21:24:00.275063,2025-04-05 21:24:31.979288,0 days 00:00:31.704225,0.7315080462613177,0.09290272816906053,8,0.06608652255225565,0.05884842562133539,0.028881325018859882,0.05594029708844929,0.016450580621483066,0.01733160759234839,0.0011656525906930176,25,90,0.09672932368924111,0.16682451052663722,False,False,True,3.3633622458912045e-06,COMPLETE
749,0.4618648290634155,2025-04-05 21:24:32.229029,2025-04-05 21:25:04.384118,0 days 00:00:32.155089,0.7045476108344869,0.09931964823862513,8,0.06866923525087158,0.06032413431833773,0.02966253911591425,0.05842112536511137,0.02164931047609588,0.01702391378288463,0.0011512599056163688,26,81,0.09998276965965557,0.016336776660475616,False,False,True,2.2249603632831324e-06,COMPLETE
750,0.48873267173767093,2025-04-05 21:25:04.612399,2025-04-05 21:25:36.097785,0 days 00:00:31.485386,0.6839847035456659,0.0905931267677385,8,0.06503640144291425,0.06773311343458244,0.0272037499161517,0.05972577623071054,0.01793133844938877,0.01879847878714457,0.0010097620465272957,25,88,0.09746862100399804,0.16685275091931615,False,False,True,1.7760095599165253e-06,COMPLETE
751,0.4902624845504761,2025-04-05 21:25:36.339866,2025-04-05 21:26:08.688413,0 days 00:00:32.348547,0.6829052933878489,0.0816265007101747,8,0.06330104672318823,0.07179013802045532,0.025455633122298073,0.06009832918572523,0.019072743174869088,0.01847635488441402,0.0010009280827685085,26,84,0.09995358555976319,0.1734499362686293,False,False,True,1.426377682022135e-06,COMPLETE
752,0.3681425511837006,2025-04-05 21:26:08.932960,2025-04-05 21:26:41.839469,0 days 00:00:32.906509,0.6772046031087113,0.09431970798606609,8,0.06531410394868731,0.08045343723441875,0.0278705593515834,0.06048431812313099,0.018715478376486835,0.01554170053104534,0.0007951848433250979,27,80,0.09978907905246849,0.17728006636629817,False,True,True,8.133863685007739e-07,COMPLETE
753,0.4870124697685242,2025-04-05 21:26:42.069901,2025-04-05 21:27:14.245150,0 days 00:00:32.175249,0.6810064587673303,0.08688354551135588,8,0.0623376056692059,0.07187657860404177,0.026690037258297022,0.058818121997381,0.016623621164449782,0.018430060806867595,0.0009470046990125855,26,84,0.09828079501072921,0.17337734576380998,False,False,True,6.20277626022757e-07,COMPLETE
754,0.371838116645813,2025-04-05 21:27:14.489054,2025-04-05 21:27:48.954331,0 days 00:00:34.465277,0.6866878735037597,0.08316635876846573,8,0.06052176071038482,0.08623846876639152,0.026207697683907384,0.0593900519392869,0.01678047229735278,0.018857615171943017,2.274894329390754e-05,27,85,0.09819558939437528,0.18027855364329234,True,False,True,2.6376039699543903e-07,COMPLETE
755,0.4837509334087372,2025-04-05 21:27:49.185744,2025-04-05 21:28:21.116332,0 days 00:00:31.930588,0.6844092289494039,0.07629540959461699,8,0.06363086199489912,0.07563678131678489,0.026907701652844156,0.06095509373640471,0.018520966612193664,0.020256051426330864,0.0008987606785441245,26,85,0.09819191140386964,0.17586596575525687,False,False,True,1.7773341475264956e-06,COMPLETE
756,0.48980691432952883,2025-04-05 21:28:21.359347,2025-04-05 21:28:53.402232,0 days 00:00:32.042885,0.6644777715275779,0.09810479333825932,8,0.06320642841887053,0.07074606514739684,0.023136800745282588,0.059380837095185574,0.016314853117160074,0.017709714038088235,0.0007355139536330747,26,82,0.09735302476144567,0.18620177397955093,False,False,True,4.302531173527777e-07,COMPLETE
757,0.39502357840538027,2025-04-05 21:28:53.649880,2025-04-05 21:30:23.811546,0 days 00:01:30.161666,0.6635076199100495,0.09443781957387873,2,0.061599829612641786,0.0712190238969991,0.020569589555757002,0.058088396771686035,0.017263115697306878,0.018029768225388848,0.0007180824359341973,27,78,0.09687789652122461,0.18563263651853826,False,False,True,1.126811753709346e-06,COMPLETE
758,0.48611467480659487,2025-04-05 21:30:24.045730,2025-04-05 21:30:55.819123,0 days 00:00:31.773393,0.6587436069519796,0.0795638618671243,8,0.06335766151630898,0.07967756637326327,0.023877478569981164,0.060897002442938386,0.01646368471325265,0.017453664042809302,0.0008238713959260496,26,73,0.09713106770902512,0.17948985211510735,False,False,True,4.542436990444172e-07,COMPLETE
759,0.39689481854438785,2025-04-05 21:30:56.063300,2025-04-05 21:31:19.420480,0 days 00:00:23.357180,0.6697749861713553,0.09497480782745531,16,0.06873371160563896,0.0730604665278875,0.022288257262520064,0.058378270799410555,0.019189594562562945,0.020357672569465454,0.0007088223007711379,26,83,0.09806655896662209,0.19025068018478555,False,False,True,9.593906796464825e-07,COMPLETE
760,0.4901492238044739,2025-04-05 21:31:19.653944,2025-04-05 21:31:52.382372,0 days 00:00:32.728428,0.6889626534181604,0.06986702452352694,8,0.060588870179977286,0.07152624505912163,0.025384197665957238,0.060001800183533016,0.01639253996532832,0.01672065818841527,0.0007254418506197932,27,79,0.09996636931649043,0.1952149137143505,False,False,True,6.40026793646886e-07,COMPLETE
761,0.3747265756130219,2025-04-05 21:31:52.638549,2025-04-05 21:32:25.550633,0 days 00:00:32.912084,0.6948916672150239,0.06952017039343011,8,0.05804902704589206,0.08106233843838495,0.023606458826525005,0.06048117342925739,0.016712013370669538,0.016439790485635274,4.4934443540505756e-05,27,78,0.09966615016394079,0.19789327645942698,False,False,True,6.865035378689179e-07,COMPLETE
762,0.3514258563518524,2025-04-05 21:32:25.798162,2025-04-05 21:33:02.341961,0 days 00:00:36.543799,0.7194466965010645,0.062308583088395326,8,0.06152279928512084,0.07563971620845251,0.0200926531923209,0.05974140512594179,0.0190021647641884,0.01824067716436989,0.000750136106478089,27,74,0.09975934421328442,0.19250612899148928,False,False,False,6.446031017339869e-07,COMPLETE
763,0.4903782367706299,2025-04-05 21:33:02.578355,2025-04-05 21:33:35.248846,0 days 00:00:32.670491,0.675125591766397,0.07866370508132033,8,0.059293436277939,0.06845656194419089,0.021606420798501953,0.05902074691809327,0.0163007397590664,0.015570838598579845,0.0006743307041215141,27,79,0.09783536622676975,0.1888053041592822,False,False,True,4.0983599324743584e-07,COMPLETE
764,0.490888774394989,2025-04-05 21:33:35.494063,2025-04-05 21:34:08.091653,0 days 00:00:32.597590,0.700608404354076,0.06478029830451947,8,0.06438252304436086,0.0705469292148752,0.02165734930430751,0.061811938188271236,0.0157559530141728,0.01566520767117259,0.0006804278966310221,27,80,0.09998192966294546,0.1898249451418543,False,False,True,4.5465594130662176e-07,COMPLETE
765,0.46692728996276855,2025-04-05 21:34:08.339338,2025-04-05 21:34:41.560409,0 days 00:00:33.221071,0.7033062352968238,0.06215033170073407,8,0.06040081781156604,0.08443916964461098,0.01910153184058023,0.06212958866603507,0.015621861998129821,0.01535516806670835,0.0006542949600173511,27,76,0.09998905811160856,0.19857223491885445,False,False,True,4.789436736792963e-07,COMPLETE
766,0.48636503815650944,2025-04-05 21:34:41.803466,2025-04-05 21:35:14.430235,0 days 00:00:32.626769,0.6881397849372893,0.04849931753668896,8,0.0657653880302558,0.07303975439917682,0.021312067361532055,0.06189009503521953,0.017270822932537986,0.015616157230795267,0.0006988294873343197,27,77,0.09984898066623889,0.19315420075881892,False,False,True,4.062936873019063e-07,COMPLETE
767,0.4882900953292847,2025-04-05 21:35:14.677390,2025-04-05 21:35:47.447401,0 days 00:00:32.770011,0.7306983968357801,0.07247856971087097,8,0.05563868934153682,0.07059966850644911,0.017514700621427962,0.06005255016781261,0.015548592708195065,0.01787901613237864,0.0006722251017086958,27,78,0.0981833130971852,0.1887974056375254,False,False,True,4.183853482984702e-07,COMPLETE
768,0.478062915802002,2025-04-05 21:35:47.682321,2025-04-05 21:36:20.385735,0 days 00:00:32.703414,0.7324024515847476,0.04785574188670478,8,0.059021711895559936,0.0850027848329901,0.010003301611814577,0.062380225533150695,0.015953231768290124,0.016731185996725535,0.0006330584741220792,27,74,0.09991876761301412,0.1919128716096423,False,False,True,3.574124424176331e-07,COMPLETE
769,0.49357463121414186,2025-04-05 21:36:20.639929,2025-04-05 21:36:53.107134,0 days 00:00:32.467205,0.679973669360364,0.06881205353642542,8,0.06296163941881816,0.06997669764991207,0.017115170704012587,0.05949258475226283,0.01776335161885308,0.017908529720920108,0.0006923960376429933,27,80,0.09807457217607302,0.187078656475527,False,False,True,5.837893607988484e-07,COMPLETE
770,0.4815538942813874,2025-04-05 21:36:53.356362,2025-04-05 21:37:25.897764,0 days 00:00:32.541402,0.7013625338251868,0.06111476097128975,8,0.0626786225125194,0.07842255282919744,0.01364024190990926,0.060455958387757976,0.018609241231012805,0.017800366144352837,0.0006510399282096782,27,79,0.09812872640861461,0.18757156422048066,False,False,True,4.952757476879588e-07,COMPLETE
771,0.44088128805160526,2025-04-05 21:37:26.134706,2025-04-05 21:37:58.737477,0 days 00:00:32.602771,0.6819039333479257,0.06900242072116236,8,0.0672638866754969,0.09136584467245248,0.016744752376262897,0.06297601960434843,0.016162138877246587,0.014309677886033365,0.0007209282571156438,27,79,0.09843816532506657,0.19561199711073818,False,False,True,3.1150711320139333e-07,COMPLETE
772,0.48876045942306523,2025-04-05 21:37:58.986740,2025-04-05 21:38:31.548063,0 days 00:00:32.561323,0.7237968175941343,0.050186490112065205,8,0.06459607473369866,0.06840605757465,0.018693657728279925,0.05973477743974711,0.017896029761018107,0.016399018528016084,0.0006795224571053003,27,81,0.09996571580475985,0.18861655260384505,False,False,True,6.398555266476615e-07,COMPLETE
773,0.3534316122531891,2025-04-05 21:38:31.797992,2025-04-05 21:38:55.684223,0 days 00:00:23.886231,0.7088658658302304,0.03123343513530097,16,0.05856860292049102,0.08780150717627816,0.016500912732325283,0.062093017128210706,0.01946185634388586,0.014748504251261663,0.000597304105476324,27,76,0.0999419534269046,0.18546490835005838,False,True,True,6.521356727377547e-07,COMPLETE
774,0.3664907217025757,2025-04-05 21:38:55.923661,2025-04-05 21:39:29.904678,0 days 00:00:33.981017,0.6766392575961109,0.040151433905361376,8,0.06472039047989224,0.06905453281586256,0.012752112040944116,0.06011073479002951,0.018144022923030502,0.01599153460603526,0.0007076767446093705,27,71,0.09829179036623095,0.19622707486356428,True,False,True,5.612591702628189e-07,COMPLETE
775,0.3871448814868927,2025-04-05 21:39:30.155123,2025-04-05 21:40:02.979948,0 days 00:00:32.824825,0.69586993956385,0.04252708506082259,8,0.058911029865912,0.07563870290226558,0.01883751736749494,0.06009896804846472,0.020241237055272074,0.019135262063324596,0.0005241891148666135,27,80,0.09988559557697581,0.19105458636038652,False,False,True,1.2692189518980913e-06,COMPLETE
776,0.3843503892421723,2025-04-05 21:40:03.219477,2025-04-05 21:40:35.836352,0 days 00:00:32.616875,0.676484950804633,0.013482297253100378,8,0.0678706055955137,0.06997531152448763,0.014154990359734498,0.06043576982976103,0.015321929663826565,0.014135229738131434,0.0007017400056636299,27,80,0.09834281296739351,0.2018551023594473,False,False,True,3.960951748599262e-07,COMPLETE
777,0.4609368681907654,2025-04-05 21:40:36.085821,2025-04-05 21:41:08.546621,0 days 00:00:32.460800,0.7218470832939308,0.05421273354678195,8,0.06151454008169719,0.07956093116560758,0.018693371632910353,0.06282403184021942,0.01755147525862485,0.017022033739787584,0.0005538493782256469,27,74,0.09999973429734894,0.18717628873868425,False,False,True,8.017666225032438e-07,COMPLETE
778,0.3591203808784485,2025-04-05 21:41:08.797752,2025-04-05 21:42:38.366474,0 days 00:01:29.568722,0.7052645526183793,0.06690064823685522,2,0.06712586643364706,0.06874424275974703,0.01907241704049338,0.0634918291291615,0.01815059650381786,0.018307987310793784,0.000700099555975226,27,82,0.09803345720132299,0.18922319468322968,False,False,True,5.579600856743916e-07,COMPLETE
779,0.48534871339797975,2025-04-05 21:42:38.606177,2025-04-05 21:43:10.314223,0 days 00:00:31.708046,0.6888073775822758,0.046866953049651536,8,0.05731538945114547,0.07241765888975382,0.01792856907547837,0.05933896467235597,0.015908331448264788,0.016141513127956583,0.0005804775662346018,26,77,0.09988404370258228,0.18391494769662378,False,False,True,3.2691056553668287e-07,COMPLETE
780,0.3583433628082276,2025-04-05 21:43:10.564915,2025-04-05 21:43:42.588458,0 days 00:00:32.023543,0.6698953115892217,0.03118980702976925,8,0.06889789232044546,0.09803994804051534,0.017174756550186764,0.062083571095251845,0.01491497895435902,0.019204564100130016,0.0007510866125598121,26,81,0.09758655423447589,0.1913004192140798,False,False,True,2.1730279590843095e-07,COMPLETE
781,0.4894302845001221,2025-04-05 21:43:42.841833,2025-04-05 21:44:14.847483,0 days 00:00:32.005650,0.7202639808619006,0.06812432113822342,8,0.056129111261825015,0.07721021129847645,0.02041504956266157,0.05924010361794633,0.019561073157056665,0.01482850735809651,0.000601287562776883,26,81,0.09749314512033687,0.1961707307944319,False,False,True,1.0076304015108068e-06,COMPLETE
782,0.4839234828948975,2025-04-05 21:44:15.086197,2025-04-05 21:44:47.179903,0 days 00:00:32.093706,0.7413928591833603,0.058268736807897306,8,0.05614297381646714,0.07737321938768851,0.014652292468811046,0.059278070504357835,0.02083136454246288,0.014848929149517914,0.0005504138484788031,26,72,0.09781883094986636,0.1990057076949029,False,False,True,9.209305921789572e-07,COMPLETE
783,0.3493937194347382,2025-04-05 21:44:47.430929,2025-04-05 21:45:19.890957,0 days 00:00:32.460028,0.719645319779606,0.023784815274365996,8,0.0546901491158877,0.08704573242803543,0.020451991880252804,0.06445585648855981,0.019490979169789688,0.016625941489948726,0.0004855804290088833,27,78,0.09993215103628032,0.19774321625090957,False,False,True,1.2578580753751898e-06,COMPLETE
784,0.3496223509311676,2025-04-05 21:45:20.144983,2025-04-05 21:45:56.484245,0 days 00:00:36.339262,0.7347962161439333,0.07420255135593615,8,0.05741888996541388,0.06948281285151063,0.011196419270322812,0.061341339218762926,0.018120991320414347,0.018644560917917295,0.0005988698717083402,26,81,0.09781393109398187,0.19305238751913686,False,False,False,5.513260405319684e-07,COMPLETE
785,0.41366085410118103,2025-04-05 21:45:56.727716,2025-04-05 21:46:29.624973,0 days 00:00:32.897257,0.7042333997561835,0.05050812113403334,8,0.06391984961533259,0.08267636949453218,0.015281349867392909,0.05946021076935565,0.020675626673433367,0.014054227418263539,0.0006591114701000255,27,82,0.09997483164516908,0.186121053568807,False,False,True,7.516970831688933e-07,COMPLETE
786,0.3864290893077851,2025-04-05 21:46:29.879028,2025-04-05 21:46:53.479144,0 days 00:00:23.600116,0.7666823281008046,0.06421242547549842,16,0.05566903082423558,0.07531474671142951,0.01640506230134498,0.061561059049531366,0.01962238036781074,0.019850350582560704,0.0007770489795404504,27,75,0.0968169206745827,0.20148382217171112,False,False,True,4.878687135738716e-07,COMPLETE
