number,value,datetime_start,datetime_complete,duration,params_alpha-eval,params_alpha-train,params_batch-size,params_eps-eval,params_eps-train,params_lambda-actions-eval,params_lambda-actions-train,params_lambda-frames-eval,params_lambda-frames-train,params_learning-rate,params_n-epochs,params_n-frames,params_radius-gw,params_rho,params_std-feats,params_ub-actions,params_ub-frames,params_weight-decay,state
955,0.34798983335494993,2025-04-05 23:25:57.541110,2025-04-05 23:26:35.757680,0 days 00:00:38.216570,0.716344784147563,0.10232770577890014,8,0.04620661797791118,0.060829232390212866,0.021490843266748827,0.06499867320371062,0.021968348428258476,0.01599831552827318,0.0006420544862791066,28,79,0.09996195353078471,0.2041470830972115,False,False,False,7.591713379178208e-07,COMPLETE
956,0.2859140634536743,2025-04-05 23:26:36.063949,2025-04-05 23:27:09.060347,0 days 00:00:32.996398,0.6978313912219908,0.045665350957570995,8,0.239616409555605,0.09200462137164057,0.01951986177002933,0.06090557655482793,0.028132382126589237,0.011747176654216266,0.0009241481229016131,27,84,0.0024425885012046913,0.1739822941857813,False,False,True,1.1510319297322127e-06,COMPLETE
957,0.3883466005325318,2025-04-05 23:27:09.370393,2025-04-05 23:27:42.689061,0 days 00:00:33.318668,0.668676168505297,0.0883988743212324,8,0.06293700609247528,0.07271861288266616,0.015154007214371079,0.05838693402308162,0.01837784455996838,0.015611081862792834,0.00035271638805014615,28,78,0.09244365085361973,0.06706955095666743,False,False,True,2.0701670052768758e-06,COMPLETE
958,0.48100705742836003,2025-04-05 23:27:42.982337,2025-04-05 23:28:15.470139,0 days 00:00:32.487802,0.758771167582105,0.0573144778491753,8,0.05214395821457901,0.06428269494188185,0.012169867970412028,0.06255379886378236,0.02448901009638177,0.013481870057922934,0.0007414852309439598,27,73,0.09689780290311713,0.18142851431654078,False,False,True,5.220556755111021e-07,COMPLETE
959,0.4805308043956757,2025-04-05 23:28:15.777487,2025-04-05 23:28:48.651861,0 days 00:00:32.874374,0.6844545183911874,0.07689843633987145,8,0.058756040307377286,0.0816935552157653,0.021000135707386965,0.05982141153762581,0.01993669268968609,0.012006982409900523,0.0005340085279239014,27,81,0.09491591022958192,0.18726265253282404,False,False,True,6.40496582872316e-07,COMPLETE
960,0.38194771409034733,2025-04-05 23:28:48.957891,2025-04-05 23:29:21.406355,0 days 00:00:32.448464,0.7112163696335245,0.031451164502900655,8,0.06646756180385609,0.07480134537879006,0.016776458435993936,0.06490969544710051,0.022088844764909223,0.016103931907678403,0.0007568634456375785,26,86,0.09824826025386756,0.21115017493307686,False,False,True,9.914334463612713e-07,COMPLETE
961,0.49037740230560306,2025-04-05 23:29:21.714690,2025-04-05 23:29:53.651000,0 days 00:00:31.936310,0.664700357380556,0.10865225094302108,8,0.05364390413483256,0.05806095200257419,0.018887674893798737,0.058159011933073386,0.031248001078806105,0.009328797568411784,0.0009579793041933979,26,77,0.09832008589868141,0.1965162656234286,False,False,True,1.7028411547965852e-06,COMPLETE
962,0.3612155735492707,2025-04-05 23:29:53.946027,2025-04-05 23:30:25.943733,0 days 00:00:31.997706,0.6611317237157034,0.9865016407329029,8,0.0660573553448672,0.05678195389091398,0.018016294533108868,0.0568919374899693,0.03116579298427915,0.010235875678277266,0.007928701270283616,26,76,0.0978989113672945,0.20354472111490027,False,False,True,2.174508271147096e-06,COMPLETE
963,0.39236129522323615,2025-04-05 23:30:26.248348,2025-04-05 23:31:54.426178,0 days 00:01:28.177830,0.6615407159440243,0.10167842571784103,2,0.05573881196447229,0.05160548791320785,0.01866362183159254,0.06860628287300065,0.030321527744310295,0.009883259324881731,0.0009839019195473548,26,72,0.007881471436239441,0.21185915109689907,False,False,True,1.6776263540657794e-06,COMPLETE
964,0.48780680894851686,2025-04-05 23:31:54.735577,2025-04-05 23:32:27.369096,0 days 00:00:32.633519,0.6954493956243284,0.10878079771487284,8,0.06047081629430801,0.060843815223197165,0.015396488934339403,0.05634594410127877,0.026203415398440396,0.013345694170165755,0.0009403777876113658,27,76,0.09834831738817945,0.1973659650609251,False,False,True,1.848357140160495e-06,COMPLETE
965,0.3588896691799164,2025-04-05 23:32:27.680779,2025-04-05 23:32:59.922302,0 days 00:00:32.241523,0.730164486291,0.05072151501967774,8,0.06826230055703925,0.06682432686184017,0.020743114988063485,0.05852788084036517,0.03282374334937364,0.009150593791155601,0.0004434042289428786,26,80,0.09843016161127519,0.20794484971650065,False,True,True,1.3279512383650273e-06,COMPLETE
966,0.4484569251537323,2025-04-05 23:33:00.237640,2025-04-05 23:33:34.090222,0 days 00:00:33.852582,0.6769349955599587,0.45516581073883455,8,0.06048203776948974,0.0585468576129683,0.022605107733770398,0.06158575244426052,0.028056368835653375,0.011777605811391518,0.0005979120440214479,26,78,0.09989292203895644,0.1992304145314232,True,False,True,1.549842460003008e-06,COMPLETE
967,0.4911952376365662,2025-04-05 23:33:34.386751,2025-04-05 23:34:07.037414,0 days 00:00:32.650663,0.6446043032152166,0.07155205061743335,8,0.06901076099343338,0.06939973752751431,0.0174726019354111,0.058248779780461266,0.029246166026920144,0.009030951055006384,0.0009636493295011184,27,74,0.09996239851874121,0.1930141284538126,False,False,True,2.306865998455981e-06,COMPLETE
968,0.4928506374359131,2025-04-05 23:34:07.346450,2025-04-05 23:34:40.717749,0 days 00:00:33.371299,0.6364230190654215,0.08208749583932379,8,0.06994721482347478,0.07720582909245134,0.014681924056929477,0.05819970868781089,0.0321618967592453,0.00852105521959242,0.0009282478855370471,28,70,0.09841613352974778,0.19275976842586004,False,False,True,2.3049472046793474e-06,COMPLETE
969,0.4722008466720581,2025-04-05 23:34:41.027950,2025-04-05 23:35:14.668511,0 days 00:00:33.640561,0.6415015359041452,0.08245019863286127,8,0.07275671429536495,0.09025793340573826,0.01241472529999546,0.058606459982464935,0.03377039058868023,0.010302726442017546,0.0009469596008451013,28,65,0.09983741334083153,0.19287493607354655,False,False,True,2.3185633637118197e-06,COMPLETE
970,0.33769893646240234,2025-04-05 23:35:14.979051,2025-04-05 23:35:48.949767,0 days 00:00:33.970716,0.6378835101290825,0.07237769052827625,8,0.22767298418098342,0.08046595762982689,0.013888698947903101,0.06008455485221985,0.030953864811841512,0.008519059317202336,0.0009605248319515733,29,69,0.0962591164785437,0.19066991079807608,False,False,True,2.0474212790308005e-06,COMPLETE
971,0.4517489492893219,2025-04-05 23:35:49.265246,2025-04-05 23:36:22.447325,0 days 00:00:33.182079,0.6604759177123354,0.027001254745396434,8,0.07209682080354657,0.07740638147742157,0.009990641672833585,0.05823026030577827,0.03476188325847826,0.008711646587044243,0.0007901626925114997,28,69,0.09998902795206846,0.19324373641484016,False,False,True,2.37500087822347e-06,COMPLETE
972,0.3716719269752503,2025-04-05 23:36:22.761876,2025-04-05 23:36:56.955964,0 days 00:00:34.194088,0.6396610267207845,0.5057765013906592,8,0.07643987572354849,0.0836196434976535,0.015406100115714765,0.056127696937380525,0.029962363213620023,0.009621841236148461,0.0008449014685176074,29,69,0.09701764752864711,0.1861678973729879,False,False,True,1.958703084475044e-06,COMPLETE
973,0.4870949983596802,2025-04-05 23:36:57.258366,2025-04-05 23:37:30.465287,0 days 00:00:33.206921,0.6533128639773949,0.04986215128378453,8,0.0702846449942652,0.05211343356141257,0.016748822631901406,0.06135660929325519,0.03212252026268727,0.008456156414189888,0.000963208905736663,28,72,0.09828038356655988,0.19641204826077352,False,False,True,1.941612257718184e-06,COMPLETE
974,0.4862709522247315,2025-04-05 23:37:30.777152,2025-04-05 23:38:04.102424,0 days 00:00:33.325272,0.6642129468649649,0.08661775553838161,8,0.08089763334592417,0.07259032565247202,0.01462687455457377,0.0596898469487741,0.026823620754877514,0.007516724662618017,0.0007411671875540418,28,64,0.0952075233735473,0.18857891910673505,False,False,True,1.3087698165784325e-06,COMPLETE
975,0.35554839968681334,2025-04-05 23:38:04.413570,2025-04-05 23:38:42.932225,0 days 00:00:38.518655,0.7734770575021428,0.06454560176750661,8,0.072336923024094,0.07622727853669874,0.013250991987659907,0.05582137277508582,0.03330546620872535,0.0077506544186481865,0.0009559527386689306,29,71,0.09819335127344321,0.1822262211042811,False,False,False,2.5362483963837917e-06,COMPLETE
976,0.47548415660858157,2025-04-05 23:38:43.246573,2025-04-05 23:39:16.409646,0 days 00:00:33.163073,0.7065336787496874,0.04110761500022591,8,0.06677010063168008,0.07066674715925957,0.017881906114185803,0.058006661604817766,0.0369312759110074,0.009096706211954193,0.0008168895124099012,27,73,0.09635230190454377,0.193467612521121,False,False,True,2.52408135761694e-06,COMPLETE
977,0.35344159603118896,2025-04-05 23:39:16.724935,2025-04-05 23:39:50.166119,0 days 00:00:33.441184,0.6406568821656236,0.01109575037421131,8,0.075877759170541,0.2627257597733081,0.016361541036632656,0.061018980550317695,0.02982341375692992,0.010746571187395415,0.0006789050393373879,28,69,0.09841098421065297,0.2035219279779338,False,False,True,1.6643649311768726e-06,COMPLETE
978,0.482230418920517,2025-04-05 23:39:50.466817,2025-04-05 23:40:23.178945,0 days 00:00:32.712128,0.6771375229198184,0.0717316173917662,8,0.06566559106964742,0.06220643648999306,0.007174370484416843,0.06316125488807843,0.033831299341302225,0.009656992661186617,0.000963193616312751,27,71,0.09477053503423052,0.1801621449688165,False,False,True,2.3397636146248507e-06,COMPLETE
979,0.3099599242210388,2025-04-05 23:40:23.492535,2025-04-05 23:40:56.074666,0 days 00:00:32.582131,0.6619108048703611,0.09179057724438114,8,0.15233316348908094,0.2942002303408336,0.01880502147850826,0.0590799471589778,0.028561498013443466,0.011611724939080019,0.0007724487273931175,27,74,0.09660564978003622,0.18715937636849198,False,False,True,1.1737206382817172e-06,COMPLETE
980,0.4713716864585877,2025-04-05 23:40:56.389464,2025-04-05 23:41:29.217285,0 days 00:00:32.827821,0.6970769206585384,0.05278716911607417,8,0.07060221212649503,0.052373271978998506,0.014301822459477559,0.05653004813637707,0.031264925485170965,0.0097062262192377,0.000969035232726047,27,74,0.09992264485816543,0.19720640074973078,False,False,True,8.871832979325948e-07,COMPLETE
981,0.39431747794151306,2025-04-05 23:41:29.532458,2025-04-05 23:42:03.014090,0 days 00:00:33.481632,0.6402196522556705,0.10426704054727867,8,0.08407058111203773,0.08808441037604903,0.01701861502734054,0.06118055831900241,0.0287195837911398,0.011602450267066017,0.0006688518455768219,28,76,0.04651537541692433,0.18961347762574413,False,False,True,7.517094576631029e-07,COMPLETE
982,0.4763599634170532,2025-04-05 23:42:03.331344,2025-04-05 23:42:35.919765,0 days 00:00:32.588421,0.7251047536602407,0.02775743868793143,8,0.06317256875718524,0.06472199683577304,0.01212164375845078,0.05811057821394415,0.031560349474677896,0.008593123131068112,0.0008177302568783928,27,74,0.09276454606574384,0.17910771254850147,False,False,True,1.7905588629056897e-06,COMPLETE
983,0.34708980917930604,2025-04-05 23:42:36.220949,2025-04-05 23:43:09.717149,0 days 00:00:33.496200,0.680145812634143,0.07018073272068359,8,0.07691801055500395,0.16749815857539477,0.01884111045019144,0.06384598549606132,0.0279256281245092,0.012536379932698807,0.0006385952384140347,28,67,0.09996341089425716,0.20055764400005147,False,False,True,5.121404753081949e-07,COMPLETE
984,0.31736229658126835,2025-04-05 23:43:10.031582,2025-04-05 23:43:42.788510,0 days 00:00:32.756928,0.8749255160617441,0.04363438122423369,8,0.06850866143359584,0.057221445952331584,0.016341146479717926,0.06050654669544049,0.02931189266175817,0.011129333655675928,0.0010045725714547095,27,71,0.06667030748471833,0.18486033909376737,False,True,True,1.353342083537356e-06,COMPLETE
985,0.3703315734863281,2025-04-05 23:43:43.105207,2025-04-05 23:44:17.161480,0 days 00:00:34.056273,0.7377355519969433,0.08409173107281408,8,0.06121633477272376,0.07022967847222668,0.020089711867593046,0.055644928458490145,0.02716926657784712,0.013147081906510144,0.0007805793462334526,27,76,0.09668821623623557,0.19136451221938025,True,False,True,9.945364738719216e-07,COMPLETE
986,0.4749335408210754,2025-04-05 23:44:17.476521,2025-04-05 23:45:49.930958,0 days 00:01:32.454437,0.6554142441375141,0.06184662864870111,2,0.07318639251972041,0.09567397243604894,0.01049535621193462,0.06241276370080208,0.0306516496182175,0.008778414607812816,0.0006283699419823479,28,77,0.09417244429778575,0.1735588916178912,False,False,True,5.792420747647571e-07,COMPLETE
987,0.4713145792484284,2025-04-05 23:45:50.246879,2025-04-05 23:46:24.179481,0 days 00:00:33.932602,0.7047524457993377,0.10885701791388247,8,0.06427527306565156,0.0790582323652901,0.004708448337571031,0.058221422958537425,0.027440860341051546,0.012941071805757366,0.0009815914382730335,29,66,0.09799520822057223,0.18303216690590612,False,False,True,2.714846916617716e-06,COMPLETE
988,0.48595205545425413,2025-04-05 23:46:24.499632,2025-04-05 23:46:57.232090,0 days 00:00:32.732458,0.6807209145622504,0.0843880916059715,8,0.05436883095751073,0.06308011976403145,0.014854678692693319,0.05637838797230202,0.028916511426585346,0.010969257964185956,0.0008046026425560667,27,72,0.09638576618323365,0.19500907255693517,False,False,True,1.8284268193452715e-06,COMPLETE
989,0.47676289081573486,2025-04-05 23:46:57.537260,2025-04-05 23:47:29.934284,0 days 00:00:32.397024,0.7132732966939869,0.0454407181066354,8,0.06084315885099557,0.07525751480109687,0.017954149323882514,0.06033053306278535,0.025798095718570873,0.014177926813490126,0.0006946865925210481,27,67,0.09998085400648393,0.20190471827204984,False,False,True,4.1964502668637386e-07,COMPLETE
990,0.4576130390167237,2025-04-05 23:47:30.250364,2025-04-05 23:48:03.831425,0 days 00:00:33.581061,0.6616622382219455,0.026723160507412504,8,0.08024360654807387,0.08323683973697946,0.020284581783287497,0.05882054048397385,0.03513199297217208,0.007271070308433797,0.0005881779777778182,28,78,0.09834862579802718,0.17784095103629854,False,False,True,7.494216165790904e-07,COMPLETE
991,0.4152081727981568,2025-04-05 23:48:04.148550,2025-04-05 23:48:35.143700,0 days 00:00:30.995150,0.6943017377085877,0.06730986090184779,8,0.06843583771105903,0.06873444297729676,0.016327571342895177,0.055741038333528364,0.026222898306458287,0.014186499214973707,0.0009663056066959911,26,30,0.03349237569106441,0.18919954362220412,False,False,True,1.255234135816403e-06,COMPLETE
992,0.4586955189704895,2025-04-05 23:48:35.462943,2025-04-05 23:49:08.141868,0 days 00:00:32.678925,0.6415355714160026,0.09007367175013241,8,0.057309582652657606,0.0575347125513493,0.013195619095324096,0.06349658492418617,0.024867981994276398,0.012079297195697739,0.000821674011789997,27,74,0.09485273520851162,0.19577530859005152,False,False,True,9.857049466628843e-07,COMPLETE
993,0.48670256137847906,2025-04-05 23:49:08.465557,2025-04-05 23:49:40.295745,0 days 00:00:31.830188,0.6742455689693881,0.056892933872024626,8,0.07174218639165517,0.07228359783811016,0.01903777882003181,0.06256811096020265,0.024911385957549045,0.009713708778880656,0.0006870116992320935,26,80,0.09993708732020558,0.17409593882794505,False,False,True,2.2199886427345106e-06,COMPLETE
994,0.3549054443836212,2025-04-05 23:49:40.599308,2025-04-05 23:50:17.227546,0 days 00:00:36.628238,0.750708338035658,0.11040314226662486,8,0.08871174300945284,0.05114819941829894,0.02157782859307098,0.05781283159713887,0.03167861576302383,0.014924190329005022,0.0005551238431149098,27,60,0.09678611146194784,0.18466097000942877,False,False,False,1.541460177960625e-06,COMPLETE
995,0.48603783845901494,2025-04-05 23:50:17.546813,2025-04-05 23:50:49.713901,0 days 00:00:32.167088,0.7189124233981529,0.03452334444312102,8,0.051305201510937815,0.06274118255212006,0.01724549331297342,0.06520173413173408,0.02707819969642542,0.012296896531186288,0.0010405338616359795,26,75,0.09302074875754487,0.20645946064602788,False,False,True,6.751286091696138e-07,COMPLETE
996,0.37016264796257026,2025-04-05 23:50:50.033589,2025-04-05 23:51:22.901559,0 days 00:00:32.867970,0.6921875541807672,0.07321045859085884,8,0.06382262006478236,0.06761257530265319,0.019408812617691566,0.05995098088049345,0.036540136742536825,0.014943187034671561,3.565141781341965e-05,27,83,0.09811790704794002,0.1921461229617179,False,False,True,4.817764390357759e-07,COMPLETE
997,0.4536220133304596,2025-04-05 23:51:23.221926,2025-04-05 23:51:56.933387,0 days 00:00:33.711461,0.6603667706871693,0.04844404436919946,8,0.07726271657864726,0.08615522446103774,0.014431046345569774,0.05521534099354583,0.02969353723391594,0.008397461602914158,0.0008259773432691375,28,79,0.09514881978075244,0.18067264864539173,False,False,True,8.44523019757819e-07,COMPLETE
998,0.40981709361076357,2025-04-05 23:51:57.255103,2025-04-05 23:52:29.107274,0 days 00:00:31.852171,0.6369820769393754,0.09300600346713989,8,0.06836899651436151,0.07611672418811884,0.021911912018209582,0.061688849209833134,0.024300300212355977,0.010946808781281151,0.01444486496099433,26,61,0.09649209805742257,0.19920500743201536,False,False,True,5.804836686210807e-07,COMPLETE
999,0.4014301598072052,2025-04-05 23:52:29.432621,2025-04-05 23:53:03.885259,0 days 00:00:34.452638,0.6815185351005018,0.07105316246803023,8,0.058037032803454215,0.05754753783558501,0.018529161753693693,0.05736509768715417,0.024336431382254522,0.013603667459254258,0.0006446260102766241,29,77,0.0729781058540388,0.18691128587398717,False,False,True,3.720833588601152e-07,COMPLETE
1000,0.34981278181076053,2025-04-05 23:53:04.191327,2025-04-05 23:53:36.122209,0 days 00:00:31.930882,0.7121170952521504,0.10724835701824621,8,0.04772297808673219,0.19757485340167316,0.022839905909209632,0.05948672215468346,0.02348277827584731,0.0155767676916576,0.001036544491043654,26,71,0.09832912748741195,0.17380005300375811,False,False,True,1.2065250838460625e-06,COMPLETE
1001,0.3805434226989746,2025-04-05 23:53:36.440924,2025-04-05 23:54:10.239779,0 days 00:00:33.798855,0.6596383999094039,0.5749497581594681,8,0.06304200949059689,0.06528915628542338,0.015159276773520521,0.06449256072086494,0.026015824395399977,0.0130531180218742,0.000738414461967774,28,82,0.09173153549839931,0.19433766572977604,False,False,True,1.7474095319798788e-06,COMPLETE
1002,0.3532098174095154,2025-04-05 23:54:10.558849,2025-04-05 23:54:43.863234,0 days 00:00:33.304385,0.6951533108643013,0.025162265502237782,8,0.07346019794793665,0.07885120064178273,0.012144108984183461,0.055737304638817674,0.02196640770557014,0.016114889239274705,0.0005178123712787689,27,86,0.09449668522054976,0.20605127471197307,False,False,True,2.5461712272025474e-06,COMPLETE
1003,0.4027859151363373,2025-04-05 23:54:44.183842,2025-04-05 23:55:16.296094,0 days 00:00:32.112252,0.7392547434202378,0.05331307965601327,8,0.1309984786542272,0.07080648553498772,0.020586940319599345,0.06198215735977136,0.028115625746197605,0.010098136417452223,0.0008172856922493396,26,79,0.09801446954456046,0.18136560506097657,False,False,True,1.0538213057919564e-06,COMPLETE
1004,0.36443756818771367,2025-04-05 23:55:16.621627,2025-04-05 23:55:50.270349,0 days 00:00:33.648722,0.6370335555342075,0.011251935164816436,8,0.05558212592146787,0.05210251019208366,0.017415999950054738,0.05957103073975263,0.022929637747922827,0.014309303606625039,0.0006078442231102822,27,84,0.09652340078503259,0.1905643041176288,False,True,True,4.759643650098676e-07,COMPLETE
1005,0.3785135090351105,2025-04-05 23:55:50.597932,2025-04-05 23:56:25.520482,0 days 00:00:34.922550,0.6797452148967009,0.07781995127094898,8,0.08438438854402106,0.05892764475460026,0.009684498663123396,0.05731315493598845,0.03343206083085012,0.007044057158203432,0.0010115086059694048,28,75,0.09993743127258543,0.19921079850358903,True,False,True,7.081514578920847e-07,COMPLETE
1006,0.488097357749939,2025-04-05 23:56:25.843694,2025-04-05 23:57:52.716289,0 days 00:01:26.872595,0.7011883174704578,0.04078746727431648,2,0.06798513152317448,0.06415663320341204,0.021056685685872947,0.06642611785082447,0.017753364899180037,0.016994027606455867,0.000698227021697918,26,81,0.0934705002760122,0.17257465732999328,False,False,True,2.9281421776229656e-06,COMPLETE
1007,0.4914806723594666,2025-04-05 23:57:53.024154,2025-04-05 23:58:25.942965,0 days 00:00:32.918811,0.6679870836108555,0.08917544537929117,8,0.060238862217690266,0.07326445312572213,0.023532000164752414,0.06298715850916675,0.029943773009384167,0.012844963373739353,0.0008385356633065712,27,78,0.09998793291217263,0.18461531145677265,False,False,True,1.4254753187683379e-06,COMPLETE
1008,0.38406209945678715,2025-04-05 23:58:26.263119,2025-04-05 23:58:59.068477,0 days 00:00:32.805358,0.6528870925646819,0.09536682253720308,8,0.04631166727006384,0.08548594314399706,0.02320779085443869,0.06371480415365945,0.0283269164107577,0.010811998232648112,0.0005177767630712006,27,77,0.0999381463134042,0.18684585556184138,False,False,True,1.4595912796116645e-06,COMPLETE
1009,0.4850647926330567,2025-04-05 23:58:59.392513,2025-04-05 23:59:32.956724,0 days 00:00:33.564211,0.6391742072489887,0.11066313122146744,8,0.0531730124995803,0.07732430735369605,0.019061100495411095,0.06454256737811559,0.03197742325257331,0.008974498109068736,0.0006857896204625157,28,73,0.09840239374640196,0.19482514893119574,False,False,True,1.8315261527999802e-06,COMPLETE
1010,0.4825925529003144,2025-04-05 23:59:33.288893,2025-04-06 00:00:06.341862,0 days 00:00:33.052969,0.666212889164261,0.08869325029523158,8,0.04978176263084347,0.08280942278621707,0.015682079749814663,0.06153607765257145,0.027010316076530094,0.011977134881483572,0.0008255874942048455,27,78,0.09986851750070978,0.18933553289967858,False,False,True,1.3082923637504519e-06,COMPLETE
