number,value,datetime_start,datetime_complete,duration,params_alpha-eval,params_alpha-train,params_batch-size,params_eps-eval,params_eps-train,params_lambda-actions-eval,params_lambda-actions-train,params_lambda-frames-eval,params_lambda-frames-train,params_learning-rate,params_n-epochs,params_n-frames,params_radius-gw,params_rho,params_std-feats,params_ub-actions,params_ub-frames,params_weight-decay,state
449,0.4039364576339722,2025-04-05 18:52:11.771139,2025-04-05 18:52:41.985873,0 days 00:00:30.214734,0.7542399512624072,0.16358267928720788,8,0.03387653817158654,0.0354547782248173,0.06808437756030696,0.05856218120704126,0.010841861629088992,0.030860501160989498,0.0017179714546128322,23,97,0.09674460258706902,0.27105157982599337,False,False,True,1.0359224401384387e-05,COMPLETE
450,0.398812335729599,2025-04-05 18:52:42.127129,2025-04-05 18:53:12.402565,0 days 00:00:30.275436,0.677293761609073,0.2065714744850859,8,0.049507965566686796,0.0417828008715338,0.06866577189605842,0.05670681369029851,0.012600897458697071,0.035538910915825284,0.0004967802558537038,23,94,0.09826574060510455,0.258063239792891,False,False,True,8.409485697221759e-06,COMPLETE
451,0.4730305194854737,2025-04-05 18:53:12.543210,2025-04-05 18:53:44.378032,0 days 00:00:31.834822,0.6514808063901842,0.13890001211513073,8,0.04177766603232579,0.03542000861702665,0.06069786684882179,0.05981290985711696,0.015152833312485466,0.028725414056741796,0.0011332777095051942,25,102,0.09510050688724295,0.25737347201916394,False,False,True,6.0078463209965205e-06,COMPLETE
452,0.46538292765617373,2025-04-05 18:53:44.528267,2025-04-05 18:54:14.093913,0 days 00:00:29.565646,0.6228179639341,0.13172051808453464,8,0.10708177059246662,0.05331573083679056,0.06244706739891145,0.06085318630671588,0.011041753053125313,0.024899393750836017,0.0006811326285957707,22,98,0.09999674829959716,0.1680045142679662,False,False,True,8.243478749530037e-06,COMPLETE
453,0.3593254327774048,2025-04-05 18:54:14.232525,2025-04-05 18:54:43.763823,0 days 00:00:29.531298,0.7226866345868479,0.15662317722843028,8,0.031210028788858056,0.2025382758176024,0.06969601869574177,0.05409969877144014,0.009417144340322894,0.032796084169740516,0.0009375329557537479,22,100,0.09195353182750687,0.20017393293734018,False,False,True,1.2113009078579262e-05,COMPLETE
454,0.4021788418292999,2025-04-05 18:54:43.904097,2025-04-05 18:55:15.930219,0 days 00:00:32.026122,0.6923150832997839,0.11369212730629065,8,0.05156983442328145,0.029576912403053573,0.06611109007343789,0.057061744788866324,0.012157023770716669,0.02321217382966207,0.0005910113243650411,25,92,0.08679846489667384,0.21356322124858507,False,False,True,9.236462590178037e-06,COMPLETE
455,0.3944585025310517,2025-04-05 18:55:16.081597,2025-04-05 18:55:46.131652,0 days 00:00:30.050055,0.7401379432642887,0.09741787797842799,8,0.04561838539418256,0.045138820877230534,0.0705803755673235,0.03693342589649869,0.014881850235125236,0.029859661002351927,0.00032495951422268385,23,101,0.08983976108590085,0.26594893922837354,False,False,True,4.209324233391748e-06,COMPLETE
456,0.38200390934944156,2025-04-05 18:55:46.273030,2025-04-05 18:56:17.715011,0 days 00:00:31.441981,0.6730926057400906,0.12744046503082182,8,0.03751406097780053,0.036899275136725036,0.0716410210645557,0.05984024231858619,0.009541609445741527,0.027294279926689636,0.0012690744663864991,24,99,0.09617214764232106,0.2628160115772169,False,True,True,1.4368491502416168e-05,COMPLETE
457,0.3654248654842377,2025-04-05 18:56:17.855756,2025-04-05 18:56:48.043970,0 days 00:00:30.188214,0.783538128090978,0.09547196615299147,8,0.056615159041417784,0.1847976911544688,0.07977546025949357,0.06150045624760948,0.012232928853039534,0.03288258635445838,0.0007391713572617346,23,103,0.09383980227544907,0.04820937145759639,False,False,True,7.499857726406715e-06,COMPLETE
458,0.3911571383476258,2025-04-05 18:56:48.194474,2025-04-05 18:57:19.547057,0 days 00:00:31.352583,0.6496157930344848,0.17697236289087656,8,0.02380719856291546,0.11035974114422256,0.049779703623732685,0.06494263754679167,0.009691549598941501,0.0355900841645469,0.0004749292359818916,22,104,0.0976880548943488,0.17461938923245024,True,False,True,1.108772880920107e-05,COMPLETE
459,0.3777619361877442,2025-04-05 18:57:19.688153,2025-04-05 18:57:49.208284,0 days 00:00:29.520131,0.711550348128546,0.14222836019587337,8,0.04527256878382469,0.027894738287507166,0.06945274984978911,0.05921195590269554,0.013266390069032756,0.030977172264015154,0.002336608757635572,22,101,0.09145487260801036,0.2548284158420985,False,False,True,1.4489084379570921e-05,COMPLETE
460,0.48440352678298954,2025-04-05 18:57:49.350233,2025-04-05 18:58:19.707323,0 days 00:00:30.357090,0.6205364113043189,0.08230141139064251,8,0.06065380851014009,0.024616596723985272,0.0668276389247434,0.055250821001316335,0.007496314866844229,0.024675838980035798,0.0010064530383682654,23,97,0.09492347602621647,0.22500468509084737,False,False,True,1.786374544446953e-05,COMPLETE
461,0.4065081954002381,2025-04-05 18:58:19.861206,2025-04-05 18:58:50.329182,0 days 00:00:30.467976,0.5893290330965252,0.08233333794419587,8,0.06996539174347739,0.03243409939883269,0.06433858864606112,0.055679815844403714,0.006852614013613207,0.0217814639191063,0.0014060174289470238,23,98,0.09812682891542027,0.22671084331804658,False,False,True,1.8187853881935276e-05,COMPLETE
462,0.4831015050411225,2025-04-05 18:58:50.471560,2025-04-05 18:59:21.737207,0 days 00:00:31.265647,0.6189609677507792,0.084001361048374,8,0.062119063331244506,0.02543336290309133,0.0666859372758838,0.052381983514272784,0.007970115075400235,0.019326422864353855,0.0010553073250520195,24,96,0.09530289820234797,0.22895276356535588,False,False,True,1.9799822156984912e-05,COMPLETE
463,0.48519482612609866,2025-04-05 18:59:21.879576,2025-04-05 18:59:51.155250,0 days 00:00:29.275674,0.5655972035806471,0.07896015973105425,8,0.059022913477162826,0.03819906175122282,0.0765121506338678,0.05594427729761269,0.0060744321338552865,0.024552595057816644,0.001205611627472548,22,95,0.0963299041908376,0.22015657340448444,False,False,True,1.775300538002055e-05,COMPLETE
464,0.4418211817741394,2025-04-05 18:59:51.307903,2025-04-05 19:00:21.415740,0 days 00:00:30.107837,0.5858102188619908,0.062482648014787,8,0.07155899566831136,0.030330542152944527,0.07182574560557028,0.05418207385381002,0.005522550824536359,0.023401329002441868,0.0016270938558128158,23,99,0.09814176149162435,0.2155715402257536,False,False,True,1.7682020581311355e-05,COMPLETE
465,0.4845280051231385,2025-04-05 19:00:21.559939,2025-04-05 19:00:51.898563,0 days 00:00:30.338624,0.6017321159120773,0.10501473310111811,8,0.06372443587885068,0.039189009245070086,0.06740782999157179,0.05596276860731129,0.006211798103999995,0.021153426736466495,0.0012819391360916108,23,96,0.09627840525559486,0.20515707006234912,False,False,True,2.0334799373106742e-05,COMPLETE
466,0.3835410237312317,2025-04-05 19:00:52.053496,2025-04-05 19:01:22.300501,0 days 00:00:30.247005,0.5573646099515045,0.10500168205030537,8,0.06835971733978932,0.03875535552479585,0.06354200742425177,0.05550701829688026,0.006959913999605905,0.01949250337458678,0.0017880828831211592,23,91,0.0966195353990894,0.20347521296566676,False,False,True,2.9282668302092375e-05,COMPLETE
467,0.36820122599601746,2025-04-05 19:01:22.445977,2025-04-05 19:01:56.358649,0 days 00:00:33.912672,0.570745725273209,0.08712450755785828,8,0.06317144795133668,0.037191013365191684,0.06529273570744014,0.0522557666120353,0.07042754105113336,0.017383382778844894,0.0014332717353414163,23,92,0.09866016218602236,0.21290881395645572,False,False,False,2.2465325696969787e-05,COMPLETE
468,0.480301171541214,2025-04-05 19:01:56.504068,2025-04-05 19:02:26.019958,0 days 00:00:29.515890,0.5720130177615521,0.045882372867136076,8,0.06295146949554882,0.046082327035307416,0.06674762537383952,0.055893429297162026,0.004157584527180503,0.021070739558417664,0.001318231958861109,22,93,0.07619314980510125,0.2097009790190005,False,False,True,2.305848222135412e-05,COMPLETE
469,0.39534423351287845,2025-04-05 19:02:26.175287,2025-04-05 19:02:47.969241,0 days 00:00:21.793954,0.5144018788656692,0.07209489807756345,16,0.06033596878478457,0.05527199137778247,0.06728587070455863,0.05045711547535477,0.007140698049115509,0.020578965328817204,0.0019537663569685567,22,94,0.09628171500048274,0.20666575696381817,False,False,True,1.737132571858546e-05,COMPLETE
470,0.48903082609176635,2025-04-05 19:02:48.114336,2025-04-05 19:03:18.443886,0 days 00:00:30.329550,0.5996918992941671,0.11507942627530887,8,0.05755889126281914,0.02250757732492671,0.06880142089464088,0.05720186855069947,0.008008066346313522,0.022276395510709306,0.0011577029246362535,23,98,0.0986892572728645,0.21872615277971438,False,False,True,2.1438410154414572e-05,COMPLETE
471,0.4072171688079834,2025-04-05 19:03:18.589652,2025-04-05 19:03:49.270312,0 days 00:00:30.680660,0.559533020530775,0.1191407905669068,8,0.05710857802323559,0.021382345988131372,0.06903333132446378,0.058567709929635094,0.008979436324197796,0.01850019445886712,0.0014916595964481888,24,90,0.03589991816304862,0.21035669197443796,False,False,True,3.4709434303239296e-05,COMPLETE
472,0.48372926712036135,2025-04-05 19:03:49.426205,2025-04-05 19:04:18.109908,0 days 00:00:28.683703,0.5931818212709279,0.10777654211323656,8,0.08088258823585134,0.033330245472318866,0.06977505117859241,0.05743099569890866,0.005152742800527132,0.02279273589643693,0.0012599327848844435,21,96,0.09957921248453698,0.19838381682486736,False,False,True,2.2969001403801933e-05,COMPLETE
473,0.48463747501373294,2025-04-05 19:04:18.255801,2025-04-05 19:04:46.892265,0 days 00:00:28.636464,0.6019635606980264,0.12734443317552888,8,0.09453706633837472,0.017838847412848313,0.07087493690126238,0.05288453546267814,0.009055739304686852,0.02146131087161785,0.0012187235919151685,21,92,0.09975256167918611,0.2181274496221201,False,False,True,3.1064712343428486e-05,COMPLETE
474,0.41833303570747377,2025-04-05 19:04:47.038291,2025-04-05 19:05:16.449303,0 days 00:00:29.411012,0.5929211398399066,0.14627882493161737,8,0.09255748132797856,0.015470725914317878,0.07175939024767616,0.054006106367927395,0.00963510110194745,0.019210500628520286,0.0012220998627761074,22,89,0.09978419442964792,0.20357652622256137,False,False,True,4.45420099995022e-05,COMPLETE
475,0.4867973685264588,2025-04-05 19:05:16.606598,2025-04-05 19:05:45.563821,0 days 00:00:28.957223,0.5738922612474061,0.12916114189858557,8,0.07364114558965056,0.00850904148221043,0.07856215705701353,0.053404312450624894,0.00896255433525551,0.0215536452092223,0.0011289112939116563,21,94,0.09850316599850259,0.21706163992069713,False,False,True,3.318141193784762e-05,COMPLETE
476,0.41651660799980167,2025-04-05 19:05:45.710983,2025-04-05 19:06:14.101315,0 days 00:00:28.390332,0.535625533964449,0.13309235886129342,8,0.08372504592463328,0.006270736830925581,0.07943604962102417,0.04945369587114699,0.008706339053934775,0.02037866537525966,0.001651308926068917,21,83,0.09999286311947311,0.2155869258856359,False,False,True,4.0516114150093176e-05,COMPLETE
477,0.48454580307006834,2025-04-05 19:06:14.260177,2025-04-05 19:06:43.044895,0 days 00:00:28.784718,0.5702585225022462,0.1634463932959477,8,0.07548547483866457,0.009440184960321105,0.07075274000781936,0.05330257978801984,0.008535920295402146,0.020243340959091468,0.0012868541626810958,21,93,0.09833691589242426,0.2169337396627313,False,False,True,3.0071411939365452e-05,COMPLETE
478,0.2859343409538269,2025-04-05 19:06:43.191856,2025-04-05 19:07:11.727246,0 days 00:00:28.535390,0.5715993178262466,0.16305138017073323,8,0.07473259349660621,0.005409255614575665,0.06830345106190476,0.05301709298279207,0.01019103082034777,0.020343764337807144,0.0015013611149012136,21,92,0.0984702611945472,0.21601538833437176,False,True,True,3.2253808818529273e-05,COMPLETE
479,0.369042855501175,2025-04-05 19:07:11.875338,2025-04-05 19:07:42.387586,0 days 00:00:30.512248,0.5429643773377184,0.1518560776342292,8,0.06833686799175644,0.009869909577161714,0.0698982040138001,0.051182422304332655,0.008314785134604786,0.019462882482553033,0.002115255803039413,21,94,0.09967941264271865,0.20651353690648777,True,False,True,3.5127317809339674e-05,COMPLETE
480,0.4081658780574799,2025-04-05 19:07:42.545189,2025-04-05 19:08:11.170077,0 days 00:00:28.624888,0.5486215150684062,0.13209869006307318,8,0.07749898713289669,0.002820468113534244,0.07124788542870454,0.05334567404419537,0.009201097762342705,0.02074998040600296,0.001283299390204213,21,87,0.09718889994841862,0.2168781528751016,False,False,True,3.11676155338915e-05,COMPLETE
481,0.4172222912311554,2025-04-05 19:08:11.319410,2025-04-05 19:08:40.850731,0 days 00:00:29.531321,0.5738512677769299,0.16007797990737552,8,0.08703990737652986,0.0008902293882391762,0.06807895271714717,0.04791352597900709,0.010811367355370059,0.022527631715951017,0.00166395661075192,22,88,0.0984329556793663,0.2108318668774914,False,False,True,2.6639473621985076e-05,COMPLETE
482,0.4202301144599915,2025-04-05 19:08:41.001292,2025-04-05 19:09:09.810952,0 days 00:00:28.809660,0.5973503346519032,0.12446669674092067,8,0.07218763940525759,0.00889995403165518,0.06473846922064856,0.0508042954113254,0.007390280790216388,0.020999290448414157,0.0012034238889567638,21,92,0.09747334647872612,0.19533967278861342,False,False,True,4.027095030096047e-05,COMPLETE
483,0.3990382075309754,2025-04-05 19:09:09.968789,2025-04-05 19:09:38.659683,0 days 00:00:28.690894,0.558323670573127,0.1462933185757666,8,0.0980668883187338,0.013322659393250147,0.07055282488486356,0.05324009241298076,0.0041015453718265624,0.02226510966606727,0.0017959386499294952,21,94,0.09676292562095663,0.2172738862316921,False,False,True,2.7239366371912064e-05,COMPLETE
484,0.39883148670196533,2025-04-05 19:09:38.808690,2025-04-05 19:10:08.271943,0 days 00:00:29.463253,0.5215694848550001,0.17619195283245534,8,0.08058859455229404,0.00013559388345067702,0.07294246677268963,0.05673165139414694,0.010807431002897121,0.01858624900488083,0.001139453943440635,22,95,0.09990296970695753,0.22107881888170142,False,False,True,5.0333027442303435e-05,COMPLETE
485,0.48224118351936346,2025-04-05 19:10:08.433346,2025-04-05 19:10:37.882801,0 days 00:00:29.449455,0.5732062195897911,0.11980405151964521,8,0.07790702940519609,0.015886307040021933,0.06780353736319107,0.05492020927992201,0.00819475940887276,0.015260262148766354,0.0014685458945804708,22,91,0.0970104100207556,0.20337855708434627,False,False,True,2.535313866049874e-05,COMPLETE
486,0.4861690759658814,2025-04-05 19:10:38.031654,2025-04-05 19:11:06.843458,0 days 00:00:28.811804,0.6031299886677449,0.14487450977368516,8,0.06562056638959973,0.008863883882577717,0.07182543817901044,0.052761407846654444,0.006211764658176525,0.0182248503075232,0.0010955919656622359,21,97,0.09831835822372152,0.21738453443510233,False,False,True,3.4509930612878714e-05,COMPLETE
487,0.28615721464157107,2025-04-05 19:11:06.993334,2025-04-05 19:11:39.900004,0 days 00:00:32.906670,0.5988358192100272,0.15974602489920223,8,0.07001564679541428,0.008074888953058322,0.07405106725981175,0.051224033970913026,0.005122464075051299,0.016423350649081615,0.0011882036934755674,22,96,0.09859793061650153,0.2113487718524186,False,False,False,3.667478094099324e-05,COMPLETE
488,0.39885309934616087,2025-04-05 19:11:40.061350,2025-04-05 19:12:08.774155,0 days 00:00:28.712805,0.54869686449408,0.19939642262433577,8,0.06632738424395042,0.006804913244276399,0.07226335867567714,0.05232229535389377,0.009493287484179495,0.014209115823014283,0.001314338389073594,21,93,0.09845938260272191,0.22044786523685087,False,False,True,4.5226052668292156e-05,COMPLETE
489,0.40912555456161503,2025-04-05 19:12:08.923399,2025-04-05 19:12:37.302573,0 days 00:00:28.379174,0.5893618307339242,0.1434310833915796,8,0.07608039173612803,0.010428155453747541,0.07484422182489422,0.05655191317542475,0.003111407646365286,0.01709634507101151,0.001115349441582521,21,90,0.09997925345895446,0.21934817355973005,False,False,True,3.167371294992777e-05,COMPLETE
490,0.48415144085884093,2025-04-05 19:12:37.455649,2025-04-05 19:13:06.808365,0 days 00:00:29.352716,0.603324022222208,0.17367189582797507,8,0.0740924850058965,0.014330022739236873,0.021870498628877296,0.04941812130019331,0.006001041471772151,0.018183967048262258,0.0015169414398779047,22,96,0.09666293341464766,0.21329919199168113,False,False,True,2.7287172761987958e-05,COMPLETE
491,0.3967950999736786,2025-04-05 19:13:06.971894,2025-04-05 19:13:29.042059,0 days 00:00:22.070165,0.5758140525098506,0.13588890584274968,16,0.06487898963756254,0.006026271333617241,0.06901704433477736,0.05390553617268687,0.011174603190679621,0.022077378778292283,0.0019900039916771087,23,85,0.09620834545082127,0.20537650517007913,False,False,True,5.8526772481795214e-05,COMPLETE
492,0.47720422148704533,2025-04-05 19:13:29.192283,2025-04-05 19:13:58.662829,0 days 00:00:29.470546,0.5627141450934692,0.12205551069804742,8,0.06458169392303602,0.014411285623786102,0.0719814669756542,0.04699260926175906,0.008238209221082664,0.01810264597872026,0.0011228536512920928,22,97,0.09824848367656262,0.19296860745725086,False,False,True,3.310304148756391e-05,COMPLETE
493,0.48591181039810183,2025-04-05 19:13:58.825067,2025-04-05 19:14:28.827809,0 days 00:00:30.002742,0.5304086445900404,0.1499301313527699,8,0.09134400720577579,0.01693471357802755,0.07048868722208952,0.055110844661811265,0.002580028028848479,0.013201168545282832,0.0009934044380908711,23,94,0.09990213830679248,0.2205609972274467,False,False,True,4.3024378973638644e-05,COMPLETE
494,0.4127734422683716,2025-04-05 19:14:28.980147,2025-04-05 19:14:57.741501,0 days 00:00:28.761354,0.5278129157749205,0.2023297117605268,8,0.07477485564727543,0.009909241990069258,0.07369815238366151,0.05226399684639776,0.002476282739585474,0.02438676370135916,0.0010134940676763042,21,89,0.09970187340671374,0.2226171487523917,False,False,True,2.181603230340727e-06,COMPLETE
495,0.38050953149795536,2025-04-05 19:14:57.894042,2025-04-05 19:15:26.614795,0 days 00:00:28.720753,0.5324671271143311,0.895449258976563,8,0.09704609084570545,0.017052432289821496,0.07573953705899596,0.05453134461156124,0.0018533668907299147,0.017211643781236987,0.0009542016458108592,21,93,0.09841996103679183,0.2194756904294887,False,False,True,3.471826059400385e-05,COMPLETE
496,0.39828597307205205,2025-04-05 19:15:26.777804,2025-04-05 19:15:57.257251,0 days 00:00:30.479447,0.5421304821005524,0.16268989027609088,8,0.09251596364639021,0.0009049664059833304,0.07098922984712407,0.05780874088537232,0.0011657849218913814,0.02394162839771213,0.0010248836506779396,23,98,0.0983181414528317,0.2215554882023308,False,False,True,4.9704965634111745e-05,COMPLETE
497,0.28572556376457214,2025-04-05 19:15:57.411615,2025-04-05 19:16:26.822704,0 days 00:00:29.411089,0.5593083799758406,0.18199598281347934,8,0.10251305745286018,0.01793018484594542,0.07289410930086648,0.05277221864326624,0.0038177886408033257,0.02341623885971619,0.001508631331363718,22,93,0.09702869266760232,0.21120504383442276,False,True,True,5.5872899878044804e-05,COMPLETE
498,0.3556833386421204,2025-04-05 19:16:26.990122,2025-04-05 19:16:57.892417,0 days 00:00:30.902295,0.514511380315628,0.14900454057167595,8,0.11006563756651817,0.01076164738819434,0.07718210908119294,0.05775764413989772,0.004410554218096953,0.014735305381997632,0.0009362621184556535,22,89,0.0959100997657403,0.21596680406996363,True,False,True,4.162128418752792e-05,COMPLETE
499,0.41002236604690556,2025-04-05 19:16:58.046521,2025-04-05 19:17:26.650333,0 days 00:00:28.603812,0.5772157166586047,0.14630800102755864,8,0.056500651819053935,0.006148110031047085,0.07095621157646632,0.04977838993940024,0.013317964446210747,0.02202537939722537,0.0025814018915454808,21,99,0.09940358310213925,0.22436950410797007,False,False,True,4.14090428749286e-05,COMPLETE
500,0.40880088210105897,2025-04-05 19:17:26.805711,2025-04-05 19:17:57.778249,0 days 00:00:30.972538,0.5498193405539011,0.2201009809076132,8,0.06786319432205429,0.017610839151470603,0.0750150969884881,0.05868267286342261,0.011309807163290303,0.016064515935175105,0.001209814185059939,24,95,0.0999300253250972,0.21536202032386306,False,False,True,2.721248016380115e-05,COMPLETE
501,0.4141351461410523,2025-04-05 19:17:57.943209,2025-04-05 19:18:28.220505,0 days 00:00:30.277296,0.5841135215443101,0.19128386903977035,8,0.0845215243685172,0.012020750762489513,0.07250081296889745,0.055489041732862704,0.0010153682517942604,0.011730153811086599,0.0010614766910807113,23,98,0.09605453773209686,0.2235656257101041,False,False,True,2.545401510449769e-05,COMPLETE
502,0.44892325401306155,2025-04-05 19:18:28.375170,2025-04-05 19:18:57.811945,0 days 00:00:29.436775,0.6067960224117681,0.16638537113412605,8,0.12013034499022993,0.01821430924846001,0.06955240138799723,0.05320184782523359,0.007352893210424151,0.007114173904979098,0.0013482147284088885,22,100,0.09999423820734323,0.20860292612166442,False,False,True,2.139069511457038e-05,COMPLETE
503,0.4228874325752259,2025-04-05 19:18:57.978004,2025-04-05 19:19:26.489466,0 days 00:00:28.511462,0.49734256375081487,0.12689436673217536,8,0.08641550690585108,0.005664008011445715,0.07836290674194614,0.050511241431257514,0.0038865802329455584,0.010649251423072069,0.0009338930441386429,21,86,0.09705580053810188,0.2273920472286893,False,False,True,6.140740816668379e-05,COMPLETE
504,0.3876502811908722,2025-04-05 19:19:26.645281,2025-04-05 19:19:56.629139,0 days 00:00:29.983858,0.5660642965758734,0.5932871548038762,8,0.07131737092768971,0.01941928379448138,0.07348494947426733,0.05642803627416188,0.009749307615875833,0.025286380673525462,0.0008604136875548622,23,95,0.09561659448918099,0.21729568910115835,False,False,True,3.7943362431271754e-05,COMPLETE
