number,value,datetime_start,datetime_complete,duration,params_alpha-eval,params_alpha-train,params_batch-size,params_eps-eval,params_eps-train,params_lambda-actions-eval,params_lambda-actions-train,params_lambda-frames-eval,params_lambda-frames-train,params_learning-rate,params_n-epochs,params_n-frames,params_radius-gw,params_rho,params_std-feats,params_ub-actions,params_ub-frames,params_weight-decay,state
1937,0.33051508069038393,2025-04-09 04:28:11.793462,2025-04-09 04:29:41.991027,0 days 00:01:30.197565,0.058168822807633684,0.28112601970533946,2,0.06547383113185772,0.13769354262448102,0.020989384351575446,0.02758406800519565,0.08888576831119191,0.08194560919797006,0.09640663561417748,21,54,0.01801093656848747,0.03937712554054263,True,False,False,3.727263801371731e-06,COMPLETE
1938,0.36695272326469425,2025-04-09 04:29:42.635683,2025-04-09 04:30:59.352001,0 days 00:01:16.716318,0.024795050734408183,0.3052945301839719,2,0.12256431196697934,0.13175967158851234,0.019188208559766783,0.027693465215832224,0.08479522484759244,0.08392417990601829,0.07338631189987112,17,57,0.01176223277848473,0.047488071598694295,True,False,False,4.167553466881866e-06,COMPLETE
1939,0.3898618578910828,2025-04-09 04:30:59.969333,2025-04-09 04:31:45.327357,0 days 00:00:45.358024,0.05981380379647144,0.3206423363190529,2,0.08892193896691716,0.12589374167280973,0.024352318360020407,0.02570041783782441,0.08813437992692782,0.08011377812330346,0.06772916797307729,7,107,0.020133480936219517,0.03929500534510054,True,False,False,8.274667956952506e-06,COMPLETE
1940,0.49978221654891974,2025-04-09 04:31:45.978892,2025-04-09 04:33:07.446122,0 days 00:01:21.467230,0.06860380807047428,0.30009863394885816,2,0.14373364632601138,0.14341920307830552,0.01582260969305666,0.0258147214130781,0.08718184536762486,0.08343249717504697,0.06439627270330331,19,51,0.021062920999377267,0.03675349509648304,True,False,False,9.328207239694709e-06,COMPLETE
1941,0.354791933298111,2025-04-09 04:33:08.062603,2025-04-09 04:33:46.027398,0 days 00:00:37.964795,0.04280651382875044,0.32399845050591597,2,0.12261611482907403,0.12989928609545642,0.016347435266755757,0.02456417190166018,0.08510431181420647,0.08134310270834821,0.09923691724856716,5,58,0.0157844591659521,0.035259929623063666,True,False,False,8.156517203924096e-06,COMPLETE
1942,0.29179877042770386,2025-04-09 04:33:46.659692,2025-04-09 04:35:11.541960,0 days 00:01:24.882268,0.0599559310465526,0.27116291161268713,2,0.11798970716109505,0.14051981471540193,0.01620365792331649,0.030230513905975608,0.09005219699404143,0.08379637834425209,0.07912154066076744,20,53,0.01819403621539631,0.04912987169055892,True,False,False,7.0465276195964405e-06,COMPLETE
1943,0.49956481456756596,2025-04-09 04:35:12.186349,2025-04-09 04:35:40.635204,0 days 00:00:28.448855,0.059665252873270444,0.3206130498186576,16,0.048835953297948695,0.14656507530820634,0.014385670119484639,0.029066504634695664,0.08651620848740248,0.0781743930650444,0.07742134930399827,22,58,0.021370163366476833,0.03215890052351945,True,False,False,6.493810405927017e-06,COMPLETE
1944,0.2704966545104981,2025-04-09 04:35:41.260319,2025-04-09 04:37:08.761543,0 days 00:01:27.501224,0.037904733707831054,0.3021770185374705,2,0.06572702956022333,0.1282333857315233,0.015628603888490633,0.027202065382715176,0.08931312046081209,0.08439568253350006,0.061149357620883915,21,57,0.02170221091687833,0.031525046607369545,False,False,False,6.247871353380492e-06,COMPLETE
1945,0.3678834497928619,2025-04-09 04:37:09.399021,2025-04-09 04:38:18.895659,0 days 00:01:09.496638,0.010929440812313285,0.3362297446471792,2,0.10720501847998426,0.15218257043775782,0.020672371919448713,0.026470800285870157,0.08956646028097673,0.08253944662723561,0.06270461970179309,15,48,0.01908949178024658,0.04201716562998048,True,False,False,6.5730476749435154e-06,COMPLETE
1946,0.3884816706180573,2025-04-09 04:38:19.554062,2025-04-09 04:39:52.520087,0 days 00:01:32.966025,0.010328313219764906,0.2725288211649258,2,0.14984438062709207,0.14309074632499563,0.028183174863548804,0.02854768828518817,0.08811374910930678,0.08117539056680696,0.06798358590886387,22,59,0.016451060227520208,0.0474940901189705,True,False,False,1.017369336883314e-05,COMPLETE
1947,0.4687675774097443,2025-04-09 04:39:53.132912,2025-04-09 04:41:14.730775,0 days 00:01:21.597863,0.06866958407645771,0.31096843476922975,2,0.055659562673833735,0.15866607223491055,0.0222809194634634,0.027290885901761,0.08422795340922377,0.0798323831976265,0.09954340946665251,19,55,0.020298852605528758,0.04118225324837973,True,False,False,9.043772510674276e-06,COMPLETE
1948,0.09188934862613678,2025-04-09 04:41:15.375649,2025-04-09 04:42:34.271583,0 days 00:01:18.895934,0.0532998705139767,0.2865904948927909,2,0.15776261204481848,0.12202654411606323,0.024547522839683165,0.03212078296566283,0.087375071078638,0.08495443271634712,0.06362047295934448,22,58,0.017803723302750336,0.031067425257407594,True,True,False,5.13094786671436e-06,COMPLETE
1949,0.3806958615779877,2025-04-09 04:42:34.889449,2025-04-09 04:43:56.508258,0 days 00:01:21.618809,0.06503089881597522,0.3238663468539824,2,0.13478908865213485,0.1513122396295325,0.022323985843113937,0.030818284507207104,0.09055532202480673,0.0843560966704694,0.06896842366174886,19,54,0.014727047023472547,0.03817426968775548,True,False,False,8.961410398855764e-06,COMPLETE
1950,0.5371037840843201,2025-04-09 04:43:57.148230,2025-04-09 04:45:16.038128,0 days 00:01:18.889898,0.04941907712763313,0.29900564650031947,2,0.11731977559438293,0.14593979611661642,0.018474008689256676,0.030568558618463783,0.08963927010295504,0.08216360573380813,0.07704564021641627,18,59,0.021925210415973617,0.02990624062209333,True,False,False,2.7429316428975494e-06,COMPLETE
1951,0.46193029880523684,2025-04-09 04:45:16.684749,2025-04-09 04:46:51.731127,0 days 00:01:35.046378,0.0393938437093544,0.32253355638242914,2,0.06215584084398451,0.16111915860221443,0.02568855223488346,0.025219871842851647,0.08558616659801326,0.07795535462955647,0.05870013548880478,23,52,0.019762522965714888,0.04428741372048966,True,False,False,1.0684190264727338e-05,COMPLETE
1952,0.431101679801941,2025-04-09 04:46:52.350444,2025-04-09 04:48:18.016604,0 days 00:01:25.666160,0.0301877600008863,0.27149092918018075,2,0.10273270424892439,0.13771875010536733,0.019089867851792335,0.029308884921484892,0.09052893869241377,0.08378866419962709,0.09922408280458074,20,60,0.08761667600662332,0.036409987554632435,True,False,False,1.1677770250606903e-05,COMPLETE
1953,0.09823109209537506,2025-04-09 04:48:18.671673,2025-04-09 04:48:51.892650,0 days 00:00:33.220977,0.05915652309983919,0.3280743268623117,2,0.0920046919685981,0.15117528966140165,0.0201754295828554,0.027351350935281248,0.08785060360595563,0.07985121333768899,0.0815791216911077,5,57,0.016743199723400534,0.05172697320792433,True,False,True,8.256463928606855e-06,COMPLETE
1954,0.3670353889465332,2025-04-09 04:48:52.540791,2025-04-09 04:50:40.610703,0 days 00:01:48.069912,0.06596825285122702,0.30806089901806744,2,0.04999184505809953,0.15521107188116764,0.013071222993763072,0.031436826870148836,0.08446654922211157,0.014370576483696364,0.060180321532627604,27,60,0.00963996028166221,0.030451011435029,True,False,False,9.632786556033776e-06,COMPLETE
1955,0.48986847400665284,2025-04-09 04:50:41.230173,2025-04-09 04:52:03.504501,0 days 00:01:22.274328,0.07148480808781979,0.28616217704184144,2,0.2780341258049536,0.1183773451166387,0.026810107578705264,0.028022178669392633,0.090407328941576,0.08452793523955278,0.05722007869932441,19,55,0.02141163366187005,0.042425791163348756,True,False,False,7.056903973795007e-06,COMPLETE
1956,0.3844222664833069,2025-04-09 04:52:04.150746,2025-04-09 04:53:32.179099,0 days 00:01:28.028353,0.032747764083193916,0.3198823739386647,2,0.022724365425399944,0.14338943983047,0.02290888162800066,0.02964417736702967,0.08775515996937905,0.08088685749456265,0.08484399635211949,21,59,0.01916456152946845,0.035433174106758725,True,False,False,9.621205975334097e-06,COMPLETE
1957,0.4869692742824555,2025-04-09 04:53:32.823839,2025-04-09 04:54:47.887615,0 days 00:01:15.063776,0.07297675676806144,0.2972127043586647,2,0.0756403769223152,0.1572407200313478,0.02733549591127393,0.03148644316582117,0.08542239871264014,0.08534348260126144,0.06691125249718904,17,51,0.022096996462317022,0.027412623272534735,True,False,False,1.0701972368828723e-05,COMPLETE
1958,0.3687720835208893,2025-04-09 04:54:48.509580,2025-04-09 04:56:08.351005,0 days 00:01:19.841425,0.04854943486105392,0.3328437412857208,2,0.14157850531397442,0.14719889121132854,0.013409907848630248,0.027733185418109936,0.010175725065801826,0.08162626452098827,0.05526109046451827,18,56,0.01755939463311176,0.04833841637427318,True,False,False,1.1731522650080741e-05,COMPLETE
1959,0.35443029403686527,2025-04-09 04:56:09.003075,2025-04-09 04:57:35.659756,0 days 00:01:26.656681,0.03404057053284712,0.27288441229761673,2,0.17850949554932333,0.1607910582597647,0.024480442595745524,0.024792932564746514,0.0911675251581121,0.08386565571233674,0.0734827179132103,20,60,0.013280586063483566,0.036271549840353995,True,False,False,5.185625249818955e-06,COMPLETE
1960,0.5382949829101562,2025-04-09 04:57:36.284047,2025-04-09 04:58:14.011179,0 days 00:00:37.727132,0.07429403882333496,0.33571684290716586,2,0.16800356177772047,0.13726369804864635,0.021748308102763764,0.03033838192951826,0.08969748076405577,0.0778957436086101,0.057095059054595304,5,61,0.019903638119248477,0.02771876615200572,True,False,False,3.1695166371668325e-06,COMPLETE
1961,0.46583991646766665,2025-04-09 04:58:14.658118,2025-04-09 04:59:46.135880,0 days 00:01:31.477762,0.06745195980900368,0.3000378653603862,2,0.07300526488184882,0.15082524720188767,0.018173381739379955,0.032411473174246114,0.08682555044799103,0.08533267154311343,0.06799306718777742,22,57,0.022121133183369335,0.04218109836368035,True,False,False,9.12967231440351e-06,COMPLETE
1962,0.3679617822170258,2025-04-09 04:59:46.759591,2025-04-09 05:01:12.779969,0 days 00:01:26.020378,0.05797189258018701,0.31368711835180274,2,0.11349066552794207,0.16313531050012947,0.015373009797787284,0.028722400552790798,0.09146791522067638,0.08212411266162768,0.05461384656758292,20,60,0.01567201454014612,0.03310589032237509,True,False,False,4.1959356780804164e-06,COMPLETE
1963,0.37473818063735964,2025-04-09 05:01:13.432941,2025-04-09 05:01:33.472435,0 days 00:00:20.039494,0.0744226941893088,0.33417652694219224,16,0.06552368092302777,0.1259302348791941,0.020231517525254646,0.031725549872947935,0.09343489590413569,0.08327031010870554,0.0839270590165459,6,53,0.01810689643781132,0.042018667864842874,False,False,False,6.314111695502766e-06,COMPLETE
1964,0.4621467471122742,2025-04-09 05:01:34.127419,2025-04-09 05:02:14.717424,0 days 00:00:40.590005,0.04524282902919328,0.2757170199613667,2,0.06817742792956266,0.14320713039955185,0.024997446550634083,0.025364492272089645,0.08896384701967965,0.07914161694654596,0.05212200732092385,6,61,0.020247540872249704,0.028299427201732216,True,False,False,7.797858666638044e-06,COMPLETE
1965,0.5277649402618408,2025-04-09 05:02:15.342246,2025-04-09 05:02:52.695523,0 days 00:00:37.353277,0.0678387317076549,0.31176141390456036,2,0.08471225741773505,0.1544931982160992,0.01656650198931473,0.03217608896018041,0.09581013177794255,0.08627207520763848,0.06687727039216619,5,57,0.022499617949895016,0.0501521459542055,True,False,False,1.0718902545927157e-05,COMPLETE
1966,0.09188934862613678,2025-04-09 05:02:53.350773,2025-04-09 05:03:58.255119,0 days 00:01:04.904346,0.04763068331991981,0.34047594735490727,2,0.0829867771839191,0.14886478398246455,0.022121625028325403,0.031108767542988237,0.08499210357464188,0.08462806334570988,0.052340672288461725,17,63,0.018839353566586215,0.035127609483141385,True,True,False,6.789632380083767e-06,COMPLETE
1967,0.3638949394226074,2025-04-09 05:03:58.909463,2025-04-09 05:04:36.694875,0 days 00:00:37.785412,0.0242470453320174,0.2943965886265089,2,0.12966267283995153,0.14026686373755737,0.028931647664724496,0.026601279385168743,0.09212720886520684,0.08262655523620507,0.07963846995797613,5,59,0.015451458039960786,0.03891917689042,True,False,False,1.2031531898693366e-05,COMPLETE
1968,0.523861837387085,2025-04-09 05:04:37.321692,2025-04-09 05:06:15.342872,0 days 00:01:38.021180,0.07583181891345453,0.3307189615172,2,0.03610012568981426,0.1628546029474916,0.024142026855978733,0.0327991151386008,0.09534603456932945,0.08065302789016868,0.06452772480426675,24,48,0.021892281649781353,0.029406508152449492,True,False,False,1.0271687221151598e-05,COMPLETE
1969,0.51063072681427,2025-04-09 05:06:15.996917,2025-04-09 05:07:56.667135,0 days 00:01:40.670218,0.07790571217788013,0.3421891559671687,2,0.11971719908773662,0.15595746121083487,0.019301910392008476,0.02864348932892344,0.08683118759331926,0.04011119713431957,0.05060501347321241,25,64,0.01967011375015912,0.04622515702844661,True,False,False,1.102294566354903e-05,COMPLETE
1970,0.1388516962528229,2025-04-09 05:07:57.293856,2025-04-09 05:09:14.967849,0 days 00:01:17.673993,0.010633679165234784,0.2683472822860503,2,0.0930935268893321,0.13371343617765702,0.02338964559941429,0.030824521101643763,0.09390392045372788,0.08591848154591393,0.06066127565880463,21,98,0.017374505420626803,0.026743388168320906,True,False,True,1.193432473913129e-05,COMPLETE
1971,0.5072550415992737,2025-04-09 05:09:15.618967,2025-04-09 05:10:53.312724,0 days 00:01:37.693757,0.057981404384636406,0.3162722023586247,2,0.14559411856943882,0.14711728259491927,0.020757201305861984,0.029997950290840198,0.08828763854456355,0.08536292721883858,0.04746902918349282,24,55,0.022188434612945757,0.03440130248709368,True,False,False,8.170109651711811e-06,COMPLETE
1972,0.4731805443763733,2025-04-09 05:10:53.968166,2025-04-09 05:12:12.864512,0 days 00:01:18.896346,0.07591532468603018,0.9683617051277683,2,0.1542305210032721,0.15419209786985033,0.018754622895020376,0.027473669124352746,0.09103682939164022,0.09869859089246594,0.09866237978784559,18,61,0.019582055671606487,0.05282850393406967,True,False,False,1.1847497087033616e-05,COMPLETE
1973,0.4699744820594788,2025-04-09 05:12:13.496330,2025-04-09 05:13:38.301251,0 days 00:01:24.804921,0.043723843774971204,0.28730168347894847,2,0.18144919462981082,0.1433341236745283,0.021768315917913415,0.03290791406140133,0.09610418665102782,0.08369343011832764,0.057296075724281366,20,64,0.017408380737105777,0.0415664656709195,True,False,False,1.3905048516863742e-05,COMPLETE
1974,0.5119796156883241,2025-04-09 05:13:38.966850,2025-04-09 05:14:19.540137,0 days 00:00:40.573287,0.07849729656282588,0.3247298996832759,2,0.05860770293065283,0.14882716614434574,0.027790482580051592,0.0298399194530443,0.09644666023845651,0.07958361714739502,0.07357227455418505,6,58,0.02100990181797092,0.03296921885856241,True,False,False,4.765939542726263e-06,COMPLETE
1975,0.5327868938446045,2025-04-09 05:14:20.167690,2025-04-09 05:14:57.524527,0 days 00:00:37.356837,0.029380489379616154,0.34674536770358305,2,0.10532127427632587,0.16408104442973348,0.02620843392790747,0.0323574887915175,0.08460424816053465,0.08209735853986538,0.04887437807458237,5,61,0.022932253345082042,0.025224318949470505,True,False,False,8.552870114827856e-06,COMPLETE
1976,0.4004230797290802,2025-04-09 05:14:58.173595,2025-04-09 05:15:36.024545,0 days 00:00:37.850950,0.05769438123346117,0.3072118048607192,2,0.015745970362864042,0.15828581201559205,0.024123087632134214,0.027299031727725298,0.09299351101287309,0.08578467281290125,0.042434119430865495,5,65,0.012111129305796095,0.03767200245958108,True,False,False,1.3202105913670563e-05,COMPLETE
1977,0.36139536499977115,2025-04-09 05:15:36.688368,2025-04-09 05:16:20.770142,0 days 00:00:44.081774,0.08212161065482045,0.34646304720532406,2,0.15201938601500792,0.1356721476370718,0.015220464778511036,0.029669423463905362,0.08928362753137958,0.07818000908978784,0.06562502283140026,7,54,0.01526743845104887,0.045847759304257524,True,False,False,1.2778399898455598e-05,COMPLETE
1978,0.506152355670929,2025-04-09 05:16:21.401749,2025-04-09 05:17:46.900419,0 days 00:01:25.498670,0.03278745694477384,0.2950339920503056,2,0.03965270758307292,0.15140490307819734,0.021222079440910722,0.03292401641012019,0.09465725382926628,0.08324824627475647,0.08482604567157194,20,57,0.02062205361517152,0.0279138017941769,True,False,False,6.498109560166699e-06,COMPLETE
1979,0.5002688050270081,2025-04-09 05:17:47.557454,2025-04-09 05:18:28.445502,0 days 00:00:40.888048,0.06198083091788816,0.3295342794086297,2,0.10147289471222296,0.14179776697266513,0.01622492706616964,0.028261781355795094,0.09135902742622026,0.0859010649435371,0.05249212967651151,6,62,0.01831127897103769,0.039591258516029036,True,False,False,9.352336766710678e-06,COMPLETE
1980,0.5438773274421692,2025-04-09 05:18:29.072462,2025-04-09 05:19:06.052786,0 days 00:00:36.980324,0.08210084125817171,0.27138061880235126,2,0.03146556497055471,0.1563269938463064,0.025218858226948037,0.025198166986690796,0.0982679272862843,0.08023422053361175,0.03612308034331765,5,65,0.022698910072808127,0.030437640850372386,True,False,False,1.29517450965681e-05,COMPLETE
1981,0.36507563591003417,2025-04-09 05:19:06.700041,2025-04-09 05:19:46.957987,0 days 00:00:40.257946,0.936271250496803,0.31099538717402586,2,0.19495902629968365,0.12776191071264262,0.019633089438078278,0.03172537450489326,0.08721228749532342,0.08547416377023165,0.02676322319656067,6,51,0.013826588447059394,0.050687504448592095,False,False,False,7.306512377812321e-06,COMPLETE
1982,0.35892550349235536,2025-04-09 05:19:47.617095,2025-04-09 05:20:25.455365,0 days 00:00:37.838270,0.010557325358183295,0.010627451858365167,2,0.0472955930418248,0.1646376314625705,0.01750982338695652,0.022614245166413534,0.09682023880776365,0.08218890158676531,0.04450401802866007,5,59,0.019863382541176623,0.02465577752308537,True,False,False,1.0609817027861264e-05,COMPLETE
1983,0.5411046862602235,2025-04-09 05:20:26.082109,2025-04-09 05:21:03.902992,0 days 00:00:37.820883,0.05874885794333956,0.32419684966544976,2,0.05421272616009495,0.14644911393201912,0.019824845542195074,0.030578833633397588,0.09384494931491787,0.08622852774757495,0.06353853836008487,5,62,0.017462766173753374,0.03383153136097958,True,False,False,1.4705038077175145e-05,COMPLETE
1984,0.45769633054733283,2025-04-09 05:21:04.556507,2025-04-09 05:21:32.958524,0 days 00:00:28.402017,0.07598112725667835,0.29312021103267555,16,0.13035195560646218,0.1518118759719036,0.02222854236438653,0.03315299763598577,0.09555313362203781,0.08408108807389406,0.07803726021659288,21,65,0.06722556846454386,0.038442109864155125,True,False,False,1.4223451194276173e-05,COMPLETE
1985,0.09188934862613678,2025-04-09 05:21:33.620209,2025-04-09 05:22:06.389234,0 days 00:00:32.769025,0.04284663578477216,0.34386128322985726,2,0.1281965221037117,0.1960073556950734,0.02678886738915353,0.029320870719040572,0.09157629234189646,0.09659861765173583,0.05294022971499559,5,56,0.022912076064052118,0.043584294911596204,True,True,False,1.0802435417181905e-05,COMPLETE
1986,0.38781822323799137,2025-04-09 05:22:07.020105,2025-04-09 05:22:47.911508,0 days 00:00:40.891403,0.08660252569846297,0.35779479135230324,2,0.07392978648447338,0.1386026613773412,0.024724949837654657,0.02412038561413473,0.08944679138192256,0.08698493863701426,0.033733916533691295,6,60,0.016572729199800976,0.02443367558544168,True,False,False,7.870758121173577e-06,COMPLETE
1987,0.5455748200416565,2025-04-09 05:22:48.570498,2025-04-09 05:23:25.801074,0 days 00:00:37.230576,0.04922770767598674,0.3455789363753075,2,0.027238648494415006,0.15883357530692677,0.022059654526677838,0.028735837731643094,0.0983152696694196,0.07992709389708197,0.04040389638728748,5,63,0.021250978115854115,0.03355728113251985,True,False,False,1.4098760060382892e-05,COMPLETE
1988,0.5504423379898071,2025-04-09 05:23:26.461843,2025-04-09 05:24:04.001572,0 days 00:00:37.539729,0.08253298329987403,0.31233139737469556,2,0.09688684334626813,0.1458137390312042,0.014823085091902617,0.02633393728117982,0.0844314206974093,0.07741786011947807,0.06304229255491448,5,66,0.01913424284114936,0.04442486351526317,True,False,False,5.982943136205043e-06,COMPLETE
1989,0.4604157149791718,2025-04-09 05:24:04.631969,2025-04-09 05:24:46.331114,0 days 00:00:41.699145,0.08697689791325366,0.2874703534838228,2,0.09727079007326428,0.1671568460238492,0.019671366410693465,0.026680540128309695,0.0982611264371966,0.07742254281179489,0.09964057774776944,6,67,0.06255121348246839,0.05118543163565273,True,False,False,4.733941922814054e-06,COMPLETE
1990,0.09600746482610703,2025-04-09 05:24:46.989110,2025-04-09 05:25:19.847510,0 days 00:00:32.858400,0.08876462898308979,0.26864246901171224,2,0.13782758767345019,0.15256239471512978,0.013161891321778557,0.02414178637914541,0.08386718728850524,0.07779462009653856,0.07286268164521549,5,69,0.05158672710092619,0.047784246225740415,True,False,True,5.424001259545666e-06,COMPLETE
1991,0.4737104654312134,2025-04-09 05:25:20.507259,2025-04-09 05:25:58.218886,0 days 00:00:37.711627,0.08707208566400979,0.30177331257002593,2,0.07166116026598444,0.14231513180054103,0.014751684907190967,0.023009891838319804,0.08537356701336374,0.0765809034734467,0.08336937360212023,5,68,0.022864238767140718,0.051426954690847626,True,False,False,4.0769860345721115e-06,COMPLETE
1992,0.3763363063335419,2025-04-09 05:25:58.859994,2025-04-09 05:27:35.289431,0 days 00:01:36.429437,0.09069758346850984,0.2831360416327291,2,0.09183569972551783,0.13578076846000742,0.019489780722058488,0.024172206413709728,0.08438749797637536,0.07698764568248008,0.0716773214918421,23,87,0.02018971693090245,0.058815740878236225,True,False,False,5.597056697135952e-06,COMPLETE
1993,0.4741267025470734,2025-04-09 05:27:35.947041,2025-04-09 05:28:16.833629,0 days 00:00:40.886588,0.06622312207748698,0.30885824270523227,2,0.11153326553810353,0.1599926538444795,0.011692037434610128,0.02464232578773412,0.08453013637941388,0.07693547194890885,0.08360389149785287,6,66,0.02113309810046991,0.0576912081633935,True,False,False,4.212511107978997e-06,COMPLETE
