number,value,datetime_start,datetime_complete,duration,params_alpha-eval,params_alpha-train,params_batch-size,params_eps-eval,params_eps-train,params_lambda-actions-eval,params_lambda-actions-train,params_lambda-frames-eval,params_lambda-frames-train,params_learning-rate,params_n-epochs,params_n-frames,params_radius-gw,params_rho,params_std-feats,params_ub-actions,params_ub-frames,params_weight-decay,state
227,0.3551489353179932,2025-04-19 15:27:07.881097,2025-04-19 15:27:45.365880,0 days 00:00:37.484783,0.5227592481790453,0.3517500936094932,8,0.2523291429702026,0.06211072663717931,0.04059276364334214,0.07822298774500454,0.03465104147059326,0.07907032446268188,1.44571607567699e-05,24,46,0.027846738310796083,0.2597630140723976,False,False,False,8.34078549393968e-07,COMPLETE
228,0.4956588387489319,2025-04-19 15:27:45.437428,2025-04-19 15:28:26.020563,0 days 00:00:40.583135,0.6278287286190025,0.21965136481264627,8,0.24626334577383838,0.07009651514454586,0.04352774981111458,0.08645347906621505,0.04037959583801175,0.0017441884117805895,0.053577910225166316,27,39,0.03133397807753781,0.23921005607980722,True,False,False,6.122300473183227e-05,COMPLETE
229,0.5318740129470826,2025-04-19 15:28:26.091904,2025-04-19 15:29:06.219898,0 days 00:00:40.127994,0.5926378927800563,0.25082961067548326,8,0.2601373053945064,0.04958477294296982,0.039234384733758954,0.08158026104500994,0.03069992608020803,0.07342792613611128,0.04680710641763865,26,44,0.02939581302213218,0.2560952777651544,True,False,False,0.00014991289464675017,COMPLETE
230,0.46656495928764347,2025-04-19 15:29:06.292286,2025-04-19 15:29:47.857724,0 days 00:00:41.565438,0.6087015613099003,0.25162395567390916,8,0.23539022034879648,0.048871446675566144,0.038836283909795814,0.08175464875580923,0.027325448722559167,0.07374898448565799,0.048362771594335364,27,49,0.03510723589144387,0.274245201430981,True,False,False,0.0001973767313742792,COMPLETE
231,0.5246695160865784,2025-04-19 15:29:47.930667,2025-04-19 15:30:27.811619,0 days 00:00:39.880952,0.5875122031298502,0.2638643076953693,8,0.260874746536727,0.056546066373945145,0.036441550296008075,0.07941240368708638,0.03206189085580575,0.07586756478111724,0.04239614499043462,26,44,0.027370574808461393,0.25289736283633873,True,False,False,0.00014353027549902144,COMPLETE
232,0.5230590581893921,2025-04-19 15:30:27.884113,2025-04-19 15:31:07.974548,0 days 00:00:40.090435,0.5969495402771696,0.2681827325700701,8,0.25923157845597367,0.055857296998553185,0.03683721092981734,0.07940202914873486,0.030405760320006494,0.07582337093794063,0.06631564277006809,26,44,0.04898999586360229,0.2561350133163954,True,False,False,0.00016460267545557458,COMPLETE
233,0.49735963344573975,2025-04-19 15:31:08.057961,2025-04-19 15:31:48.446046,0 days 00:00:40.388085,0.5899467453045328,0.2676350367862712,8,0.2596310821933486,0.05552950106835797,0.03313145939860126,0.07963887093519983,0.03154368703196033,0.07644799880615358,0.05545421630101472,26,44,0.04552297838820303,0.2573459668277271,True,False,False,0.00025006226437003623,COMPLETE
234,0.5114401578903198,2025-04-19 15:31:48.520935,2025-04-19 15:32:28.635387,0 days 00:00:40.114452,0.6095351193674442,0.2421849260800624,8,0.25191247248915466,0.047014320038487586,0.03611867923496385,0.07661337725224376,0.03170017365210132,0.07523764095421827,0.037306373211588376,26,46,0.057364823672256926,0.26818157779698515,True,False,False,0.0001670044095822476,COMPLETE
235,0.504802441596985,2025-04-19 15:32:28.709539,2025-04-19 15:33:11.492516,0 days 00:00:42.782977,0.5830154628663686,0.2897873643858972,8,0.2605958454305702,0.057910900397385306,0.039743005554705516,0.07884071748529256,0.030301243763166768,0.07909238498046067,0.045725309433091846,28,52,0.029608385516451834,0.2514509029071877,True,False,False,0.00020837655686590368,COMPLETE
236,0.45590900182724003,2025-04-19 15:33:11.567326,2025-04-19 15:33:52.474193,0 days 00:00:40.906867,0.5973259389444108,0.3043457935207588,8,0.2552362463159608,0.04128697977380553,0.034890981877074706,0.08158144561201765,0.029666084576618443,0.0774995847847671,0.06333094136265206,27,42,0.02775964349522586,0.2596263693814948,True,False,False,0.00014448881979901583,COMPLETE
237,0.21748711168766025,2025-04-19 15:33:52.548209,2025-04-19 15:34:30.755568,0 days 00:00:38.207359,0.48226295297295074,0.2560633289164907,8,0.24910219750709056,0.05144487219153851,0.05169785495772549,0.07478157105007262,0.033033205904274485,0.0831135460586151,0.035962455303871675,30,44,0.06339981455651766,0.246561759451749,True,True,False,0.00015273991651460096,COMPLETE
238,0.4930489778518677,2025-04-19 15:34:30.830538,2025-04-19 15:35:11.446963,0 days 00:00:40.616425,0.5686932750263944,0.28220079065342374,8,0.26631795562245425,0.06213636627351259,0.04216146656196726,0.07919145949006283,0.027182237968758474,0.07308151724792426,0.04935166034262012,26,48,0.02513958376438779,0.2560804207084791,True,False,False,9.624611184381923e-05,COMPLETE
239,0.5172787070274353,2025-04-19 15:35:11.532121,2025-04-19 15:35:51.421757,0 days 00:00:39.889636,0.5331307154453135,0.23590714343333058,8,0.24192968576001456,0.054216947912855855,0.037408598418339316,0.04249134696048011,0.02990264141304348,0.03666692664273857,0.06923368867202996,26,40,0.050271534099592924,0.26257963259841577,True,False,False,0.0001300648053647575,COMPLETE
240,0.49154070615768436,2025-04-19 15:35:51.496983,2025-04-19 15:36:32.297768,0 days 00:00:40.800785,0.4989954504945145,0.2705080943133224,8,0.25916597728270474,0.045713069209328945,0.04771184988144329,0.029873985533579544,0.03319009319211038,0.07535284710895776,0.05536908779923485,27,46,0.02686693316795653,0.24391443625541753,True,False,False,8.190754611937468e-05,COMPLETE
241,0.46874611377716063,2025-04-19 15:36:32.373950,2025-04-19 15:37:11.833105,0 days 00:00:39.459155,0.6385591880731021,0.25396139893632513,8,0.24904175147487187,0.0635014668430802,0.03730907716914144,0.08271153182830714,0.036875632021472676,0.07152361193236853,0.06843285423575884,25,42,0.02306451829085499,0.250877290181087,True,False,False,4.354059981210226e-05,COMPLETE
242,0.4959347367286683,2025-04-19 15:37:11.913245,2025-04-19 15:37:51.823387,0 days 00:00:39.910142,0.4675185721101965,0.22627684171510912,8,0.2563218019246617,0.058512811424187974,0.0399006419968114,0.08429099317739418,0.03300100716900185,0.07375518035380967,0.08443023533539537,25,49,0.05212787768719843,0.26575632270652977,True,False,False,6.094886335996258e-05,COMPLETE
243,0.51921706199646,2025-04-19 15:37:51.900125,2025-04-19 15:38:31.599750,0 days 00:00:39.699625,0.5889201624954742,0.3107723544811003,8,0.26345541860115756,0.05180532946640652,0.04410980971750572,0.08075520395073606,0.030652304988126763,0.08029128557375939,0.045105705556214286,26,40,0.030154675064640146,0.24644782819436384,True,False,False,3.220010703362347e-05,COMPLETE
244,0.5241562247276307,2025-04-19 15:38:31.677013,2025-04-19 15:39:11.429990,0 days 00:00:39.752977,0.5882494762628525,0.3082865538458609,8,0.26439831311721235,0.05057630722687054,0.04470774048495729,0.08035685441088711,0.03077757457732322,0.08210340467871546,0.0425049687314804,26,39,0.03156380663811215,0.2471889756297845,True,False,False,3.257274124494879e-05,COMPLETE
245,0.5272199153900147,2025-04-19 15:39:11.517300,2025-04-19 15:39:51.502864,0 days 00:00:39.985564,0.5895543177503906,0.32573269501285185,8,0.2658311351572438,0.03680650603687868,0.04465056326620387,0.07770639283338286,0.030377522165865718,0.08118513164420126,0.04599902895716308,26,39,0.0320612234349035,0.24470314890296635,True,False,False,3.0276661242223787e-05,COMPLETE
246,0.5333474397659302,2025-04-19 15:39:51.580514,2025-04-19 15:40:31.294460,0 days 00:00:39.713946,0.6251754821883095,0.3163714156078715,8,0.2649415864155741,0.035671297010700806,0.04636674685539212,0.07620931635102303,0.030890570846194263,0.08131150838459231,0.04446805697040722,26,40,0.04867513844898432,0.24245516237292264,True,False,False,2.8790602146527075e-05,COMPLETE
247,0.5318082332611085,2025-04-19 15:40:31.372470,2025-04-19 15:41:11.280055,0 days 00:00:39.907585,0.6191828117415625,0.3305164414157805,8,0.27076982985809056,0.029430271099428605,0.04600668841645293,0.07706662015187049,0.03077857436722614,0.08512142411063497,0.04438954200846545,26,39,0.0473577356998327,0.23823100311955456,True,False,False,2.5956890860117795e-05,COMPLETE
248,0.4958374500274659,2025-04-19 15:41:11.358103,2025-04-19 15:41:52.412202,0 days 00:00:41.054099,0.6237309730971399,0.33175019384965726,8,0.26913952235912386,0.03205975558026711,0.04864247347753952,0.07739613088453047,0.02992226166045578,0.08850697655615512,0.05599707976913761,27,38,0.04769237717032826,0.23907764527684985,True,False,False,2.280446691649326e-05,COMPLETE
249,0.529855763912201,2025-04-19 15:41:52.490718,2025-04-19 15:42:32.155488,0 days 00:00:39.664770,0.6209740130382684,0.3206483127493957,8,0.27511905325621083,0.029621250493206845,0.046168510919118916,0.07426375446871655,0.025879291354878136,0.08380281027844053,0.04620376444979428,26,37,0.05393602648317895,0.25265868912230655,True,False,False,2.920982444739249e-05,COMPLETE
250,0.5263262271881104,2025-04-19 15:42:32.233690,2025-04-19 15:43:12.056011,0 days 00:00:39.822321,0.6385459051210932,0.36419519460795474,8,0.2757696063716612,0.030131950341107615,0.04591558185488363,0.07126488338782266,0.027228745270431894,0.08694680664543958,0.048289366048489886,26,39,0.046351490873914956,0.25355603450433345,True,False,False,2.61313873677306e-05,COMPLETE
251,0.49214303493499756,2025-04-19 15:43:12.143950,2025-04-19 15:43:41.048038,0 days 00:00:28.904088,0.6340241254100085,0.36449625427983884,8,0.2742300838439653,0.03206235837883469,0.05069759082928682,0.07091760492529833,0.024917050947952338,0.0903089244306143,0.0601828166982814,13,36,0.049361182952399524,0.2525506432193345,True,False,False,2.6242323793111352e-05,COMPLETE
252,0.5162450432777405,2025-04-19 15:43:41.126793,2025-04-19 15:44:21.909660,0 days 00:00:40.782867,0.6481534626059822,0.35108147381806737,8,0.27628239648122227,0.022610809715070544,0.04658464078469364,0.07312002489912765,0.026420370671621764,0.08599306420812015,0.04825634242798792,27,38,0.04554477693595544,0.237316342018673,True,False,False,2.698425450463779e-05,COMPLETE
253,0.4782739520072937,2025-04-19 15:44:21.989127,2025-04-19 15:45:01.953814,0 days 00:00:39.964687,0.6230766599913039,0.3265482731895548,8,0.27116503461477665,0.026407489468901944,0.04824696912949888,0.0743510128635998,0.02821756778878709,0.08687629556252625,0.0029536499357907934,26,39,0.05390157791882698,0.2507623267775244,True,False,False,1.9742756082347777e-05,COMPLETE
254,0.526918911933899,2025-04-19 15:45:02.033543,2025-04-19 15:46:42.101781,0 days 00:01:40.068238,0.6075431839059837,0.36996751007654444,2,0.27344156272181014,0.03684287884548469,0.046796292626435455,0.07226744322927482,0.02378260429890908,0.08412628680215527,0.0570290313253748,25,36,0.046276299925806993,0.24170562357136835,True,False,False,3.342998783070404e-05,COMPLETE
255,0.5190187931060791,2025-04-19 15:46:42.181559,2025-04-19 15:48:22.293838,0 days 00:01:40.112279,0.6159215354007203,0.3695875542855608,2,0.2731871899950286,0.036385821356690835,0.04639127076355542,0.076253859084796,0.023943253397187086,0.08518176812824185,0.0697180270909236,25,35,0.0489120151719481,0.24030940851445715,True,False,False,3.120794367198618e-05,COMPLETE
256,0.5218512058258057,2025-04-19 15:48:22.374262,2025-04-19 15:50:02.529875,0 days 00:01:40.155613,0.6669273607663075,0.38447515337909416,2,0.2671971621062833,0.02984617677765927,0.04580562083764331,0.07190665258499451,0.025865904397990132,0.0840076597111642,0.05990689490340372,25,36,0.05133115709695638,0.23322053769165133,True,False,False,2.286029616045171e-05,COMPLETE
257,0.10919520556926728,2025-04-19 15:50:02.620362,2025-04-19 15:51:29.371903,0 days 00:01:26.751541,0.6778508536894582,0.39572083073207764,2,0.2666152071305457,0.019440559810366513,0.0495382594306391,0.07132429797796921,0.023555320127707,0.0840991712198103,0.05867781971602072,25,37,0.04712322061834969,0.23553324910467033,True,False,True,2.2541151963683722e-05,COMPLETE
258,0.335547935962677,2025-04-19 15:51:29.452392,2025-04-19 15:53:09.601195,0 days 00:01:40.148803,0.6526605788964392,0.3484690301343995,2,0.276569522878432,0.02860569067434834,0.04727693365382289,0.07211803056344596,0.02590359666610603,0.08763893285557176,0.07353714320943303,25,35,0.0510777653229212,0.2305528791392688,False,False,False,1.8039828784916622e-05,COMPLETE
259,0.5335963726043701,2025-04-19 15:53:09.681636,2025-04-19 15:54:50.061959,0 days 00:01:40.380323,0.634384102201915,0.3879112419079995,2,0.2692694641597551,0.03848525194257284,0.04506666850283842,0.07507406918833859,0.02238002610875459,0.08424469200436802,0.05963710411278123,25,40,0.04262803433245699,0.24178530926761943,True,False,False,2.6752307881539047e-05,COMPLETE
260,0.47740300297737126,2025-04-19 15:54:50.143537,2025-04-19 15:56:31.056079,0 days 00:01:40.912542,0.639193139814934,0.38201560714702376,2,0.27065209211056007,0.033984337408485485,0.044967619211801695,0.07364854063058017,0.01928320674146171,0.08390450492218317,7.193786251216945e-05,25,40,0.043722040261731945,0.24031389564823086,True,False,False,2.3938955975478205e-05,COMPLETE
261,0.10750782787799835,2025-04-19 15:56:31.137487,2025-04-19 15:57:57.857343,0 days 00:01:26.719856,0.6673792042321739,0.4156053755390196,2,0.2789089796770253,0.02775348407176372,0.0473618905220836,0.0680019046290468,0.024136689360163652,0.08968009203969854,0.06402388074964696,25,37,0.03923652929193967,0.2276390570683724,True,True,False,2.9112645035471578e-05,COMPLETE
262,0.5007871747016908,2025-04-19 15:57:57.939184,2025-04-19 15:58:36.169865,0 days 00:00:38.230681,0.6079259488316997,0.37475714764270673,8,0.2670108053793907,0.037552378842523014,0.049808959833648525,0.07087586692174835,0.021324974515432533,0.08535100373875086,0.07872302366221927,24,40,0.046479396605713603,0.2540739517125459,True,False,False,3.025586771666817e-05,COMPLETE
263,0.5069574832916259,2025-04-19 15:58:36.261260,2025-04-19 16:00:23.914066,0 days 00:01:47.652806,0.6335916357497308,0.3945876337664102,2,0.27512650710099673,0.03780867709762023,0.04295832763131535,0.07262827643155514,0.026330064581441798,0.08275245408141094,0.04318910118345141,27,35,0.04864745944353765,0.2344392033498223,True,False,False,1.6858738325989533e-05,COMPLETE
264,0.4903029680252075,2025-04-19 16:00:23.996688,2025-04-19 16:02:07.697626,0 days 00:01:43.700938,0.6008556995624654,0.3570690056306908,2,0.2660568494152888,0.014818358258283489,0.051915532485181305,0.07488125784045155,0.026166187211490964,0.08567171208049491,0.0005394370798174708,26,39,0.04234713651261164,0.24532100909870638,True,False,False,2.535670907583981e-05,COMPLETE
265,0.5209550976753234,2025-04-19 16:02:07.780487,2025-04-19 16:03:47.908950,0 days 00:01:40.128463,0.6221033003335745,0.4530544608564036,2,0.27105946921633395,0.023920463869072435,0.04626538430669862,0.07711636597419537,0.02259808885149196,0.08842936503781543,0.05974682640750465,25,33,0.0516565869117847,0.24505435333617745,True,False,False,3.437684309846967e-05,COMPLETE
266,0.5147376179695129,2025-04-19 16:03:47.991733,2025-04-19 16:05:32.489395,0 days 00:01:44.497662,0.6485738406007938,0.33768880387391376,2,0.27812504374480645,0.04068541510503119,0.04132808987315301,0.069425139042784,0.02450577329835677,0.08267487983828554,0.09719268724128986,26,41,0.049090150937337755,0.23863401315436894,True,False,False,2.0173956835858618e-05,COMPLETE
267,0.5212954759597779,2025-04-19 16:05:32.573331,2025-04-19 16:07:13.928650,0 days 00:01:41.355319,0.6063982192176955,0.3243454062334259,2,0.26655306046706906,0.02953317915685214,0.045033561653585956,0.07513167175108693,0.027998460124078108,0.08432935399732763,0.04362206942102034,25,37,0.04739240060777991,0.12866880688660234,True,False,False,4.0625777758949785e-05,COMPLETE
268,0.5007760643959045,2025-04-19 16:07:14.022385,2025-04-19 16:09:01.062419,0 days 00:01:47.040034,0.6823288167180299,0.35716534934093597,2,0.26230207078168194,0.01393366001257141,0.04886236409166202,0.07627368748989148,0.016386626472915167,0.0870898115056439,0.051867770308527426,27,41,0.0535734934082627,0.253002576241455,True,False,False,2.4958066273417724e-05,COMPLETE
269,0.5096006155014039,2025-04-19 16:09:01.145936,2025-04-19 16:10:53.696549,0 days 00:01:52.550613,0.6243512299340145,0.38660234359165,2,0.27293170362614866,0.03338685460244771,0.04405182386522489,0.07265125122732681,0.02040012526344782,0.08241484184278777,0.0746409274351411,29,35,0.04365994133609085,0.2485184662832439,True,False,False,3.6348472406244275e-05,COMPLETE
270,0.4944281458854675,2025-04-19 16:10:53.781223,2025-04-19 16:12:32.503102,0 days 00:01:38.721879,0.9029419543649685,0.37015657373192434,2,0.2821008066057664,0.042357219916603656,0.04102150008756808,0.07426086370000366,0.022248101093338534,0.09269563725742426,0.06134174906005255,24,39,0.04782427896251065,0.25646855978253086,True,False,False,2.3743923455655747e-05,COMPLETE
271,0.5105185270309449,2025-04-19 16:12:32.588445,2025-04-19 16:14:17.097509,0 days 00:01:44.509064,0.6016195867174492,0.34059052472792806,2,0.26414070990337496,0.03710377889034014,0.042893343466952366,0.07113492833708075,0.03140946813928664,0.08420215802557468,0.04330584432707983,26,42,0.051572987257632284,0.22249943267788974,True,False,False,1.6277710705870555e-05,COMPLETE
272,0.5155652642250061,2025-04-19 16:14:17.182945,2025-04-19 16:14:46.653165,0 days 00:00:29.470220,0.6609569299735528,0.41281971464201395,16,0.28108442585900617,0.025709235017888143,0.045744198006484965,0.07792753255284067,0.030748158653029024,0.08158478747131652,0.05269634606738985,25,37,0.05045056955583423,0.23272889659108745,True,False,False,3.8721544566775656e-05,COMPLETE
273,0.5144079089164734,2025-04-19 16:14:46.749189,2025-04-19 16:16:30.041553,0 days 00:01:43.292364,0.5898600544094119,0.43685527623811715,2,0.2676916272571384,0.04307506207773362,0.047671573298904785,0.0760431003882664,0.02873939152063876,0.08608757534120835,0.06876003035188268,26,32,0.04583776223263294,0.241842763025867,True,False,False,3.0276161658843988e-05,COMPLETE
274,0.47548380494117737,2025-04-19 16:16:30.126418,2025-04-19 16:18:20.629847,0 days 00:01:50.503429,0.6213293716641528,0.30996402215520447,2,0.13773441805491773,0.031615484332351354,0.040983858035828775,0.06712489331220588,0.03546240177808585,0.08198028560721661,0.048400939258866724,28,42,0.04217866942582369,0.24885032436334037,True,False,False,2.126488812343853e-05,COMPLETE
275,0.5075029611587525,2025-04-19 16:18:20.715836,2025-04-19 16:18:51.282559,0 days 00:00:30.566723,0.6409088316216002,0.3295874263403147,8,0.2726185862433294,0.042533846767757316,0.0527186141943194,0.07423310099307147,0.03103707702974228,0.08817310813867245,0.038475949637044995,15,35,0.05393473305003812,0.2558120844118788,True,False,False,3.069095107473026e-05,COMPLETE
276,0.48177546858787534,2025-04-19 16:18:51.368413,2025-04-19 16:19:31.979834,0 days 00:00:40.611421,0.3490812370326098,0.35131578177064055,8,0.09304067686195766,0.022640383191194723,0.04423505111502508,0.07775928006379901,0.02704839165465976,0.08378204414084668,0.0009938960311766944,27,39,0.03855306876923807,0.2351167984041268,True,False,False,4.220334529018725e-05,COMPLETE
277,0.5167816996574403,2025-04-19 16:19:32.066620,2025-04-19 16:20:11.545556,0 days 00:00:39.478936,0.5873180273413757,0.3167028777487037,8,0.008486905126581068,0.036667051942996375,0.04282815912769586,0.0686969455168679,0.029246389460029464,0.08072459401071416,0.08206988773274022,26,43,0.049995688966855995,0.24277345620459578,True,False,False,3.17668896357751e-05,COMPLETE
278,0.3284778594970703,2025-04-19 16:20:11.643245,2025-04-19 16:20:49.766031,0 days 00:00:38.122786,0.5721074749778563,0.3633164128642984,8,0.18684880872659643,0.029896556894903864,0.04662933690628255,0.07212146177904455,0.025071638783714958,0.08615816033905203,0.06249627656461103,25,38,0.04745276251397505,0.22574706303703018,False,False,False,0.00033917165587419825,COMPLETE
279,0.11151239275932312,2025-04-19 16:20:49.852524,2025-04-19 16:21:23.121401,0 days 00:00:33.268877,0.6060353186645144,0.3063508067765288,8,0.2606960507039324,0.04823762205763144,0.040076263447961696,0.0757673131762088,0.03498402595069304,0.08444909352088459,0.0525303390837809,24,31,0.04543469572913208,0.24988262616554577,True,False,True,4.3226573882294295e-05,COMPLETE
280,0.5019925475120545,2025-04-19 16:21:23.207973,2025-04-19 16:23:08.372935,0 days 00:01:45.164962,0.6386658813187337,0.32540280487224466,2,0.26012883261546454,0.045180521071783296,0.04967065724927392,0.07862533794898419,0.03271420899684684,0.09031098291212764,0.04236064227247298,26,41,0.036231729594856855,0.23839431823142837,True,False,False,2.661793254183185e-05,COMPLETE
281,0.11953249573707582,2025-04-19 16:23:08.462152,2025-04-19 16:23:48.869914,0 days 00:00:40.407762,0.6085267281347077,0.38914896753060113,8,0.2755480844665487,0.019639761784324375,0.03908812667465301,0.07414789155974494,0.03657901399714904,0.08161882321638765,0.06962373616525824,27,102,0.0562745570927128,0.25873536555056637,True,True,False,4.798574195842478e-05,COMPLETE
282,0.5063022136688232,2025-04-19 16:23:48.957877,2025-04-19 16:24:28.247792,0 days 00:00:39.289915,0.583819599314753,0.3385738162221119,8,0.2689213805353668,0.03862827143377116,0.04496855457985301,0.07750745452237824,0.031368134538994945,0.08291187399687483,0.05653335955695915,25,44,0.032681885082405535,0.24654212254538918,True,False,False,1.976134193430707e-05,COMPLETE
283,0.09188934862613678,2025-04-19 16:24:28.336383,2025-04-19 16:24:57.133409,0 days 00:00:28.797026,0.616884253519216,0.3747219345498133,16,0.28221797399180726,0.008751371799438759,0.0413956311212812,0.0702391406086569,0.029648094216515215,0.07986582677205008,0.04660150505697233,26,35,0.02923105787895646,0.25293623330800147,True,False,False,3.481870165031471e-05,COMPLETE
