number,value,datetime_start,datetime_complete,duration,params_alpha-eval,params_alpha-train,params_batch-size,params_eps-eval,params_eps-train,params_lambda-actions-eval,params_lambda-actions-train,params_lambda-frames-eval,params_lambda-frames-train,params_learning-rate,params_n-epochs,params_n-frames,params_radius-gw,params_rho,params_std-feats,params_ub-actions,params_ub-frames,params_weight-decay,state
512,0.5205482125282288,2025-04-19 19:14:46.944328,2025-04-19 19:15:13.869864,0 days 00:00:26.925536,0.26190332830497476,0.24450909210892577,8,0.024990554845072357,0.05525802190109262,0.03531454883509401,0.05660680679496688,0.0030229148148863587,0.0945820441735752,0.01926102155138468,11,46,0.0647349669598841,0.2994775532111122,True,False,False,0.0006678844767309351,COMPLETE
513,0.5034632086753845,2025-04-19 19:15:14.039872,2025-04-19 19:15:40.444290,0 days 00:00:26.404418,0.2735867786100561,0.22725821108107253,8,0.028283878219864247,0.06228672182172551,0.032663301516901694,0.04787978162065117,0.004267576505195473,0.09337328757704305,0.02658827696822055,10,45,0.06097639829616197,0.2916071660797646,True,False,False,0.0007724906420610833,COMPLETE
514,0.5168887734413148,2025-04-19 19:15:40.602566,2025-04-19 19:16:06.240098,0 days 00:00:25.637532,0.2561954148909362,0.23354257242954157,8,0.02257722175958823,0.05229286124807946,0.036277652662480196,0.05526273731418646,0.001061269680353914,0.09623592853605338,0.01413392011881738,9,43,0.06850893821105399,0.2878083679764362,True,False,False,0.000312869060326112,COMPLETE
515,0.47774671316146855,2025-04-19 19:16:06.409483,2025-04-19 19:16:33.185623,0 days 00:00:26.776140,0.27929678728317653,0.2677028895786253,8,0.014602121956319897,0.04930723995123781,0.03859952251424902,0.05144175283524097,0.006009113409728916,0.09468937038995381,0.02270309594793011,10,57,0.060046304480931505,0.29491761904712455,True,False,False,0.0004953884761117824,COMPLETE
516,0.47014119625091555,2025-04-19 19:16:33.344906,2025-04-19 19:17:01.779611,0 days 00:00:28.434705,0.30571409796652843,0.18147196988254893,8,0.02046620259507409,0.058084037206940914,0.03385729299192199,0.05761884973514463,0.0012426495097122624,0.09376939204637384,0.018089832218405943,12,54,0.0631387762811514,0.29993085618443643,True,False,False,0.0006187397466501357,COMPLETE
517,0.49591773748397827,2025-04-19 19:17:01.940278,2025-04-19 19:17:31.739291,0 days 00:00:29.799013,0.24322758061455468,0.24455766011067182,8,0.035462754148313305,0.04856348080669932,0.030654172895222365,0.059521732369258874,0.008692834597662152,0.09324629966052278,0.023659538957230233,14,49,0.07267623074776575,0.2861368634033716,True,False,False,0.0003988108280349417,COMPLETE
518,0.4884110808372498,2025-04-19 19:17:31.909567,2025-04-19 19:17:58.143778,0 days 00:00:26.234211,0.3173797325039923,0.257025180318681,8,0.004000180680986186,0.04516909832121102,0.03786942434561714,0.0540480863683439,0.007016495557327413,0.09738148970476765,0.015603504556304137,13,42,0.06086284023095145,0.29346307705681735,True,False,True,0.0007970737786256581,COMPLETE
519,0.43543251752853396,2025-04-19 19:17:58.302836,2025-04-19 19:18:26.692408,0 days 00:00:28.389572,0.28897411545739443,0.21508955433240035,8,0.030738332411694633,0.29704601880239806,0.035534974692565696,0.06098124319873891,0.002431134402305652,0.09583088455085326,0.012302414038861885,12,46,0.06500110208064283,0.285686499942146,True,False,False,0.0004613999852711542,COMPLETE
520,0.5203777194023133,2025-04-19 19:18:26.863901,2025-04-19 19:18:55.324411,0 days 00:00:28.460510,0.2149964773625384,0.265810916796335,8,0.009141477762130028,0.05310756276000923,0.03350237901090252,0.05607356487440099,0.004901863833913835,0.09237325319737252,0.028598944240942583,12,42,0.06662333829682988,0.2916451786188494,True,False,False,0.0003539785152702519,COMPLETE
521,0.42876987457275395,2025-04-19 19:18:55.483234,2025-04-19 19:19:24.109447,0 days 00:00:28.626213,0.26942869623850785,0.19102984516422666,8,0.019212808726771335,0.20968717323905112,0.03738024373068008,0.05099375595473374,0.0050659576355373236,0.09941202792632002,0.02206977639073174,13,89,0.06553670798029035,0.2948373098671072,False,False,False,0.0006062985878624663,COMPLETE
522,0.4734017729759217,2025-04-19 19:19:24.271074,2025-04-19 19:19:53.076597,0 days 00:00:28.805523,0.31064747798526793,0.2549641270231195,8,0.013153315299029121,0.06609111377059099,0.040742861268913876,0.0536484757859323,0.010703395801935382,0.09232611800624502,0.019516403419959052,11,81,0.07031344894797852,0.28630687163409285,True,False,False,0.0005251229919857297,COMPLETE
523,0.45742552876472475,2025-04-19 19:19:53.247671,2025-04-19 19:20:19.555220,0 days 00:00:26.307549,0.2851391123500118,0.27442776454286405,8,0.041033514141458546,0.22178121810437273,0.03482615983081798,0.05738310583398115,0.00788960555937173,0.09576755305000456,0.028107698408002067,10,40,0.058962548982472246,0.29956211545048944,True,False,False,0.0008213265630733702,COMPLETE
524,0.17479145824909212,2025-04-19 19:20:19.717605,2025-04-19 19:20:47.291216,0 days 00:00:27.573611,0.2469918618031714,0.2421544963267458,8,0.06958358680171733,0.04512332035165329,0.030356245536550742,0.05843164597252968,0.004295156413696424,0.09057331271561929,0.017181215384366483,15,34,0.0620520439001056,0.29013689014683547,True,True,False,0.00029368733394096336,COMPLETE
525,0.5387353777885437,2025-04-19 19:20:47.465772,2025-04-19 19:21:16.225246,0 days 00:00:28.759474,0.3171863878201557,0.28076132844092194,8,0.02247326932207712,0.05865624186180705,0.03889466106087988,0.04922060962830102,0.0029416273123960817,0.09409353034350237,0.014358822512137508,13,44,0.06312165737662224,0.283384308304528,True,False,False,0.000652635600120813,COMPLETE
526,0.5235963344573975,2025-04-19 19:21:16.389952,2025-04-19 19:21:45.118798,0 days 00:00:28.728846,0.3232159340592179,0.2246098083951385,8,0.018623504254998105,0.05879399271179296,0.03933580746070767,0.04831278021747425,0.0026924945662885167,0.09379576927865997,0.013208182646555296,13,46,0.06386888959922606,0.29992107692055914,True,False,False,0.0008086663516933066,COMPLETE
527,0.5345788836479187,2025-04-19 19:21:45.281660,2025-04-19 19:22:14.056066,0 days 00:00:28.774406,0.30149694541170186,0.2622281829998415,8,0.028598734523206572,0.06374924660997364,0.037150004308650834,0.04968347235371766,0.009522595843501985,0.09589964144272138,0.011680107841801072,13,43,0.06138301345417759,0.2911618658704519,True,False,False,0.0006294762261477457,COMPLETE
528,0.49005850553512575,2025-04-19 19:22:14.228469,2025-04-19 19:22:43.236937,0 days 00:00:29.008468,0.2994289748064521,0.25682136944852063,8,0.08847978709773446,0.06483402555233085,0.03814151276536842,0.04687465211352478,0.008951891191652881,0.09745613340273597,0.010801361213531717,13,49,0.06183722546178626,0.2846281785795697,True,False,False,0.000704959574258457,COMPLETE
529,0.5148392796516419,2025-04-19 19:22:43.402872,2025-04-19 19:23:11.771748,0 days 00:00:28.368876,0.31489738744023527,0.23765066545867963,8,0.029642401358913453,0.07041549939208692,0.03689003862252796,0.04966184787487149,0.010438918217129077,0.09580646882021727,0.011369741176052993,12,49,0.05868328012225309,0.2942953411905493,True,False,False,0.0009594181258636526,COMPLETE
530,0.4599117696285248,2025-04-19 19:23:11.947507,2025-04-19 19:23:42.597094,0 days 00:00:30.649587,0.27528476530714935,0.27509611602367534,8,0.02362124953594777,0.06860879039823749,0.038609603618993786,0.051468784770722704,0.006240633839503955,0.09468310574993054,0.011912424428214769,14,74,0.06306247587959157,0.28866319660451484,True,False,False,0.0006251752029539636,COMPLETE
531,0.5249219298362733,2025-04-19 19:23:42.761123,2025-04-19 19:24:11.485703,0 days 00:00:28.724580,0.301870591485681,0.2156726080506287,8,0.037880542378523875,0.06292516126243451,0.041265663324791826,0.04553117299725546,0.012058302819437594,0.09724690728792598,0.014192451181848262,13,45,0.06150774727389653,0.29431129535499284,True,False,False,0.0007985992088897426,COMPLETE
532,0.5166367769241333,2025-04-19 19:24:11.660572,2025-04-19 19:24:37.056984,0 days 00:00:25.396412,0.2869430184640939,0.263815820066888,8,0.03277555855281669,0.05947730157078995,0.040167837723997075,0.04883915373954841,0.0010286386156000576,0.09230546646694501,0.015366308930322302,9,44,0.06689865304266765,0.28759146489864285,True,False,False,0.0006665291929356617,COMPLETE
533,0.45251412987709044,2025-04-19 19:24:37.221656,2025-04-19 19:25:06.469451,0 days 00:00:29.247795,0.25649213523772063,0.19792257878960637,8,0.02337567132537409,0.05482484766708534,0.03620780975826279,0.05068612289373596,0.007602835440106922,0.0942320169295501,0.012467122727206292,14,25,0.05998060638753327,0.29991836185229304,True,False,False,0.0005207532894963945,COMPLETE
534,0.4797230243682862,2025-04-19 19:25:06.633346,2025-04-19 19:25:34.442360,0 days 00:00:27.809014,0.3283915060162514,0.25014183396353795,8,0.13910043679296044,0.061710602628080376,0.03656918553697636,0.05372126930678999,0.0034127101517025735,0.09109146432771811,0.015132500408324543,11,52,0.057096353894492385,0.28448308390958543,True,False,False,0.000980221261006314,COMPLETE
535,0.5185115694999696,2025-04-19 19:25:34.616646,2025-04-19 19:26:03.325658,0 days 00:00:28.709012,0.22927899019255235,0.2686161024783205,8,0.012550916261798628,0.05329039720034192,0.039116095252091476,0.05569924511957368,0.004949275467349472,0.09892090516639578,0.009325857912418177,13,41,0.06441027701060799,0.29399840054710175,True,False,False,0.0006317141738880033,COMPLETE
536,0.5304172396659851,2025-04-19 19:26:03.490237,2025-04-19 19:26:31.305159,0 days 00:00:27.814922,0.29679976133259367,0.2945082834850762,8,0.04442105479024008,0.05699318389732594,0.03452222474094465,0.06369439058119891,0.006593390754409987,0.09624204725321585,0.01742828612607017,12,44,0.06510402846315468,0.2838434761945921,True,False,False,0.000467231792058872,COMPLETE
537,0.46092857122421266,2025-04-19 19:26:31.482811,2025-04-19 19:26:57.133818,0 days 00:00:25.651007,0.32146028771162655,0.28361833731169633,8,0.02292876949974137,0.06594960113635709,0.03718458778447497,0.05220058891953352,0.009188775071530556,0.09261218446153992,0.0009120355165212823,13,18,0.06031553782271541,0.2913391307791695,True,False,True,0.0006539430906295046,COMPLETE
538,0.30065766572952274,2025-04-19 19:26:57.299161,2025-04-19 19:27:25.088836,0 days 00:00:27.789675,0.27597203360740485,0.2451104143811945,8,0.03001229143834802,0.051383947911772046,0.040941665594449374,0.06169338214135314,0.003585530561548047,0.09030702071231139,0.011633984860104602,12,48,0.06857130436371635,0.29982160166110955,False,False,False,0.00040538640391552465,COMPLETE
539,0.5164893627166749,2025-04-19 19:27:25.254547,2025-04-19 19:27:55.978864,0 days 00:00:30.724317,0.3055051957704281,0.2274087872989189,8,0.00807725137257372,0.05914999894961928,0.03471126286184119,0.06579662244249128,0.010791010533742713,0.09349709647886986,0.014872503311163078,15,40,0.06288164710885989,0.2907033466538797,True,False,False,0.0008261944245079668,COMPLETE
540,0.48211390376091007,2025-04-19 19:27:56.155104,2025-04-19 19:28:25.773078,0 days 00:00:29.617974,0.24957220574332406,0.17272048572673934,8,0.01594314315881016,0.050897816893876006,0.03909914708700301,0.0590506621480992,0.002737848361346137,0.0996591901581064,0.018544043497828934,14,28,0.058478323516405466,0.2823874379661183,True,False,False,0.0005362037204518992,COMPLETE
541,0.4985626459121704,2025-04-19 19:28:25.939734,2025-04-19 19:28:51.703984,0 days 00:00:25.764250,0.2653406372472525,0.28800785459213757,8,0.02966963881849962,0.07032443676957796,0.03296184180938952,0.052915092347648185,0.0064547773463042545,0.09609798065295484,0.019076812428668308,9,43,0.05637540517035215,0.29506259246968347,True,False,False,0.0009992379075034546,COMPLETE
542,0.18343666195869446,2025-04-19 19:28:51.880971,2025-04-19 19:29:16.078209,0 days 00:00:24.197238,0.33435981562343775,0.2621092856154488,8,0.0009977972428207617,0.051059692434478963,0.037302005778995874,0.04754451146428932,0.012536615272280768,0.08990498458074031,0.015057873788313659,11,32,0.0655344605598424,0.28897466349801365,True,True,False,2.9409391920186732e-06,COMPLETE
543,0.5128061294555665,2025-04-19 19:29:16.245485,2025-04-19 19:29:45.178468,0 days 00:00:28.932983,0.2887413901611015,0.2989382158580194,8,0.023453278268701257,0.060952655698799346,0.04193787729540678,0.05057280017361289,0.008908261450123713,0.09297968493172142,0.012579066271413586,13,39,0.06128658724458943,0.2828217886112611,True,False,False,0.00042762157072200404,COMPLETE
544,0.5349896788597107,2025-04-19 19:29:45.357777,2025-04-19 19:30:14.563296,0 days 00:00:29.205519,0.3256138335594265,0.21773227020156857,8,0.014111643757689904,0.04454775221260296,0.03607485172644774,0.05435850369685807,0.005621222681395222,0.09155545484898794,0.02021508322045739,14,35,0.05870654028467199,0.29450395587301675,True,False,False,0.0007190950471747715,COMPLETE
545,0.271388840675354,2025-04-19 19:30:14.732793,2025-04-19 19:30:47.452917,0 days 00:00:32.720124,0.31887235204038467,0.20504666366375085,8,0.15625114693792158,0.054942337434903454,0.0351705399573524,0.054996477515027856,0.08312782785477262,0.09138501790509164,0.020114495586111423,12,150,0.0572341965235237,0.2947317006408731,True,False,False,0.0007681644857408395,COMPLETE
546,0.4889278054237366,2025-04-19 19:30:47.620680,2025-04-19 19:31:16.955319,0 days 00:00:29.334639,0.34420089946433996,0.20203190637290555,8,0.016634980117925587,0.04577211452684179,0.033039343351768655,0.05625641381324997,0.006071601723848596,0.09446079167678566,0.00283883781177855,14,29,0.05922777623531257,0.2894591851801085,True,False,False,0.0006515539355197387,COMPLETE
547,0.5468945622444152,2025-04-19 19:31:17.133579,2025-04-19 19:31:46.795594,0 days 00:00:29.662015,0.3133043008288884,0.1838671845925089,8,0.008132916665534382,0.05013581349069268,0.03587235661596126,0.053175123427738676,0.004566224743422005,0.0895863037860115,0.01662740032157656,14,33,0.06191974670718144,0.29481439331886633,True,False,False,0.000558225763098789,COMPLETE
548,0.5415360331535339,2025-04-19 19:31:46.964139,2025-04-19 19:32:16.293033,0 days 00:00:29.328894,0.306267542709311,0.19441347394835592,8,0.008336966747860932,0.05738624052390393,0.038034305017936795,0.0529877954836543,0.004209430660181028,0.09694309942065236,0.016170348857250775,14,35,0.06207680849762285,0.29955372114345513,True,False,False,0.000770545337583809,COMPLETE
549,0.4573078572750092,2025-04-19 19:32:16.473915,2025-04-19 19:32:44.518054,0 days 00:00:28.044139,0.30849026090760595,0.1975303575539274,8,0.004238449689877811,0.06846722078002608,0.03777024662869331,0.05296755139501334,0.004902919824610271,0.09729680394900668,0.010412636484950607,14,6,0.062409376197141785,0.2951531839443459,True,False,False,0.0008342479846916454,COMPLETE
550,0.5426674127578736,2025-04-19 19:32:44.687603,2025-04-19 19:33:14.923820,0 days 00:00:30.236217,0.2967720277495286,0.16499288601186096,8,0.00925507293538773,0.06205874761838116,0.03592385153013742,0.04894046227567163,0.0021628884970478542,0.09805177991148889,0.014178627847062844,15,32,0.060235713386117294,0.2992079783697296,True,False,False,0.0006831656836121255,COMPLETE
551,0.4785733819007874,2025-04-19 19:33:15.103807,2025-04-19 19:33:45.547536,0 days 00:00:30.443729,0.29438344714822573,0.158962130089271,8,0.008433891499712532,0.07229807832187501,0.0366034251177484,0.050602284134606636,0.003018663922415687,0.09795065299451551,0.013962548089446645,15,26,0.060438941343371064,0.2994636448019472,True,False,False,0.0007832850616725548,COMPLETE
552,0.4781438946723938,2025-04-19 19:33:45.716119,2025-04-19 19:34:15.588264,0 days 00:00:29.872145,0.32103289121353557,0.14254400883712598,8,0.014440451478943819,0.0639524173403755,0.03549871059166558,0.04898503992259119,0.0013669006832505272,0.09959939266104324,0.011448479212352236,15,29,0.06334334038052918,0.2941779967900482,True,False,False,0.000659696090750698,COMPLETE
553,0.4680410325527191,2025-04-19 19:34:15.769944,2025-04-19 19:34:44.895047,0 days 00:00:29.125103,0.27462919961017357,0.17831983086879438,8,0.007146444961512541,0.1604162712447956,0.03847665965146483,0.052071704978857165,0.005302781427680503,0.09603254799829236,0.01633828137861925,14,23,0.05958117081994595,0.29993477557535353,True,False,False,0.0008626024059059901,COMPLETE
554,0.09188934862613678,2025-04-19 19:34:45.066861,2025-04-19 19:35:13.136730,0 days 00:00:28.069869,0.2947569875438646,0.15344213672005125,8,0.001192829314863593,0.06081656363908329,0.03568724326960402,0.04616176255121142,0.0032337870103401637,0.09508401434758794,2.115640666193635e-05,14,31,0.060409753823683986,0.2996912650734356,True,False,False,0.0009849372785843498,COMPLETE
555,0.5333534598350526,2025-04-19 19:35:13.309345,2025-04-19 19:35:43.419652,0 days 00:00:30.110307,0.3243046424961524,0.1782752020932262,8,0.012015565985233009,0.0575260171654533,0.034293314949270425,0.051729601989110405,0.0010661540808336706,0.0978166228126612,0.008855455060071597,15,31,0.0579941109936431,0.2938959252333069,True,False,False,0.0006675768444923989,COMPLETE
556,0.5269050121307374,2025-04-19 19:35:43.600653,2025-04-19 19:36:12.085672,0 days 00:00:28.485019,0.30983963889648397,0.16138646003224374,8,0.01877070509593501,0.06587933840467426,0.039035650105014835,0.0544559085074917,0.007309833550757351,0.09344399288522978,0.013159092828373303,13,34,0.06187977216824659,0.2939717016779682,True,False,False,0.0005893180146843234,COMPLETE
557,0.48314571976661685,2025-04-19 19:36:12.256232,2025-04-19 19:36:41.379363,0 days 00:00:29.123131,0.2672726202482687,0.17646280036236053,8,0.011837907891167593,0.05631991547989049,0.03707270379175851,0.04909074594215564,0.005112789972438982,0.09987610619780964,0.015988372492974478,14,28,0.06347562848113378,0.28843930207142704,True,False,False,0.0007643694139434172,COMPLETE
558,0.2970481514930725,2025-04-19 19:36:41.562967,2025-04-19 19:37:10.352240,0 days 00:00:28.789273,0.20339747795873525,0.19541383966360118,8,0.0076028667240767974,0.052745196415331305,0.03372143964027003,0.05438769787733567,0.003917392701479103,0.0972453330472946,0.017370369143821694,14,32,0.05784948317177846,0.29985080461799907,False,False,False,0.0005802182193636813,COMPLETE
559,0.5266337275505066,2025-04-19 19:37:10.523367,2025-04-19 19:37:36.568460,0 days 00:00:26.045093,0.283161412508807,0.16310795925898194,8,0.01690778370494742,0.07344546523581068,0.035885337571041946,0.058058863142433796,0.007511131344243346,0.09469565126907702,0.013841708706648076,13,35,0.06565670846654002,0.2946582900384771,True,False,True,0.0007443079264893925,COMPLETE
560,0.5366029977798462,2025-04-19 19:37:36.752800,2025-04-19 19:38:05.262277,0 days 00:00:28.509477,0.3389755962968004,0.21027162689799112,8,0.023813862569372193,0.06126500460272377,0.03951951095651744,0.044057247330644776,0.009316828044995869,0.0925978835843842,0.010494450919849933,13,34,0.06188765400346071,0.2875975422861156,True,False,False,0.0005598664399812635,COMPLETE
561,0.49864451885223393,2025-04-19 19:38:05.435011,2025-04-19 19:38:33.703578,0 days 00:00:28.268567,0.3398103906008457,0.21472029975354617,8,0.02752028326822321,0.06563940321364431,0.03957254759282974,0.04762411808056504,0.008213850875393534,0.09204221371608165,0.010215958316540132,13,31,0.06242325127445322,0.11757175745401294,True,False,False,0.0005193378203201347,COMPLETE
562,0.5354355931282043,2025-04-19 19:38:33.876816,2025-04-19 19:39:02.390232,0 days 00:00:28.513416,0.3259725414350272,0.142634715030455,8,0.018354626638016555,0.05889590261656202,0.04046191905478724,0.056065790803705294,0.010762847042680714,0.0962076468346188,0.011288101284667605,13,36,0.060605770062891265,0.28969793068630645,True,False,False,0.0005368636850320643,COMPLETE
563,0.444257664680481,2025-04-19 19:39:02.573586,2025-04-19 19:39:28.555227,0 days 00:00:25.981641,0.33958416221906895,0.18379709623032342,8,0.023306433122470223,0.06070405592476746,0.04073409527208612,0.043070167445463575,0.010182463322309189,0.09629665424956135,0.009820631835873152,13,27,0.06074235592318182,0.287932701190689,True,True,False,0.00036681924406112786,COMPLETE
564,0.5070883154869079,2025-04-19 19:39:28.728425,2025-04-19 19:39:56.606999,0 days 00:00:27.878574,0.3216023989186036,0.1471679790844102,8,0.020043597709008803,0.07228708487741593,0.040081371747117726,0.041634918397106174,0.009732711971095355,0.09540678632685666,0.008847296293914116,12,36,0.05907236271541794,0.29978559966973983,True,False,False,0.0005037581994120575,COMPLETE
565,0.5118216395378113,2025-04-19 19:39:56.792528,2025-04-19 19:40:25.264783,0 days 00:00:28.472255,0.33228737917589213,0.18702845813648675,8,0.053043298999695794,0.06718475439321227,0.038944152296611134,0.04463212529422592,0.005436584242448678,0.09805202905292404,0.011809173510730842,13,34,0.06407975804167397,0.2843305797308218,True,False,False,0.0005697085057519188,COMPLETE
566,0.5225579023361206,2025-04-19 19:40:25.443784,2025-04-19 19:40:53.806510,0 days 00:00:28.362726,0.2951225231981294,0.14793691143965718,8,0.01214919371253425,0.06088791736339658,0.0377335020456824,0.05646841635449304,0.011435044127080376,0.09308452477326631,0.013359098325841784,13,32,0.0665853254814882,0.29065464346690695,True,False,False,0.0003984466888536896,COMPLETE
567,0.5305095672607423,2025-04-19 19:40:53.993079,2025-04-19 19:41:23.492156,0 days 00:00:29.499077,0.3480569858676421,0.21705270851379915,8,0.040079744918198296,0.07559325906566855,0.04112949244065423,0.058972620836687396,0.007824477475541597,0.09141493294807204,0.01576725248506597,14,37,0.06025457072627981,0.2902263845640027,True,False,False,0.0005181547801899441,COMPLETE
568,0.48552612066268924,2025-04-19 19:41:23.666242,2025-04-19 19:41:51.102757,0 days 00:00:27.436515,0.25210524080936464,0.1404066385850904,8,0.004534663526783235,0.06170978574282915,0.03799034132551879,0.05396345942729498,0.002861981866438761,0.09442396953662642,0.010715750704862848,12,29,0.06151225986949474,0.29982884983701164,True,False,False,0.00032656324281176097,COMPLETE
