number,value,datetime_start,datetime_complete,duration,params_alpha-eval,params_alpha-train,params_batch-size,params_eps-eval,params_eps-train,params_lambda-actions-eval,params_lambda-actions-train,params_lambda-frames-eval,params_lambda-frames-train,params_learning-rate,params_n-epochs,params_n-frames,params_radius-gw,params_rho,params_std-feats,params_ub-actions,params_ub-frames,params_weight-decay,state
1139,0.2218283236026764,2025-04-08 19:43:00.138168,2025-04-08 19:43:40.563605,0 days 00:00:40.425437,0.0920041808513909,0.49440571281841994,2,0.22870781241779536,0.045441851284820714,0.052036556963471106,0.03393584262421552,0.08070656900232845,0.09357456258048469,1.0423435488604056e-05,6,61,0.019715950990878563,0.028212276584707693,True,False,False,5.143035170329629e-05,COMPLETE
1140,0.5110308647155762,2025-04-08 19:43:40.930122,2025-04-08 19:44:18.609636,0 days 00:00:37.679514,0.13069384211154927,0.47771522847889114,2,0.2177177646808856,0.051566272458431546,0.05416380020327735,0.04055177802726557,0.0862290574115947,0.0943653733017233,0.028490430728007825,5,67,0.017682051712149184,0.0057184191618413205,True,False,False,3.1260444740917944e-05,COMPLETE
1141,0.37977057695388794,2025-04-08 19:44:18.974606,2025-04-08 19:45:00.758715,0 days 00:00:41.784109,0.1761719875665567,0.44584580176591654,2,0.23947791203435995,0.0641371981158104,0.058776948807128915,0.037718080872872164,0.08195541364527968,0.09147701912050038,0.025420863689155082,6,138,0.020944621305533095,0.020778777964435984,True,False,False,8.844734562497604e-05,COMPLETE
1142,0.37398595213890073,2025-04-08 19:45:01.122665,2025-04-08 19:45:20.919759,0 days 00:00:19.797094,0.11890545275949768,0.47276926447782414,16,0.2346294254139365,0.07115374443608243,0.052312511109498964,0.029790825064942798,0.08428506964753907,0.08821099277884993,0.03399094930469102,5,64,0.03155342689231578,0.01267862674580728,True,False,False,6.117435104952802e-05,COMPLETE
1143,0.47011534571647645,2025-04-08 19:45:21.286618,2025-04-08 19:45:59.070687,0 days 00:00:37.784069,0.06322114729333175,0.5100483726574118,2,0.2099321687805127,0.059215389947178655,0.04979858622644757,0.03907946279825333,0.08045001008039263,0.09683881473177063,0.05104751363726505,5,76,0.030840792825596715,0.08992823390163249,True,False,False,3.975959193663518e-05,COMPLETE
1144,0.44911139607429507,2025-04-08 19:45:59.437348,2025-04-08 19:46:39.840026,0 days 00:00:40.402678,0.10092591399036255,0.5144092091541632,2,0.24549846350763088,0.07012380504061587,0.04957654328680733,0.035471162103474396,0.08266613649316461,0.08674208406103623,0.03939883630815712,6,69,0.019605964665612624,0.0059084639330212445,True,False,False,9.832887736099459e-05,COMPLETE
1145,0.36624040007591246,2025-04-08 19:46:40.208153,2025-04-08 19:47:17.538872,0 days 00:00:37.330719,0.1502832474415126,0.42448521623449736,2,0.2439893428166735,0.05450191667828867,0.04636364101193313,0.031957495876890674,0.08523183795583834,0.09146715018134413,0.024185800713527925,5,60,0.014782742281638468,0.001150403012666501,True,False,False,5.869003249200906e-05,COMPLETE
1146,0.5082859039306641,2025-04-08 19:47:17.905485,2025-04-08 19:47:58.466607,0 days 00:00:40.561122,0.08139257101100444,0.4482026921134178,2,0.22554030833647348,0.0642596486368119,0.05678965870212838,0.037301758337360866,0.07945291595238821,0.09516914420138638,0.031107961415406518,6,60,0.022435293724124047,0.021199862908317296,True,False,False,4.552578580230292e-05,COMPLETE
1147,0.21090802550315857,2025-04-08 19:47:58.835287,2025-04-08 19:48:36.188542,0 days 00:00:37.353255,0.1328529193536975,0.4854698241785148,2,0.2374932315631561,0.07393503135163888,0.05391743148586948,0.03991096310282865,0.08849065483579463,0.09991322491323916,0.04645082160932711,5,65,0.025477486848805304,0.012803671789734902,False,False,False,7.777218708274306e-05,COMPLETE
1148,0.5160197257995606,2025-04-08 19:48:36.545353,2025-04-08 19:49:20.225548,0 days 00:00:43.680195,0.10736473054175684,0.4559818839412258,2,0.23264439853040467,0.06020909103453951,0.05933267708457567,0.03442058735997179,0.08342296581764078,0.08784911267444905,0.026849673539468044,7,60,0.02748187576795734,0.03369027257320721,True,False,False,3.7194967893833905e-05,COMPLETE
1149,0.5244253993034363,2025-04-08 19:49:20.590045,2025-04-08 19:49:58.307655,0 days 00:00:37.717610,0.09001621025849436,0.4002843940668067,2,0.24515684833483642,0.049996952789462125,0.05551896132530963,0.0377923683466265,0.08097294112607639,0.08909571118612154,0.022645111452313904,5,63,0.031191736938320766,0.02708536504691994,True,False,False,6.674292581040313e-05,COMPLETE
1150,0.09188934862613678,2025-04-08 19:49:58.679312,2025-04-08 19:50:34.043375,0 days 00:00:35.364063,0.060202455291353124,0.4833930187206007,2,0.2288877521391383,0.06704747726389665,0.05128826971881952,0.039204744974049036,0.08537737072591028,0.0902738687315447,0.03441626246450383,6,67,0.02879758290077975,0.016684858874074678,True,True,False,2.426900156298577e-05,COMPLETE
1151,0.5219969511032105,2025-04-08 19:50:34.409778,2025-04-08 19:51:11.734938,0 days 00:00:37.325160,0.1248620035889346,0.4636281771344037,2,0.23974561080560108,0.05593715636715846,0.04811097335455719,0.035643659773527854,0.0876139518433783,0.08547798385712164,0.02844615617616388,5,61,0.020903956377204446,0.007750721121889946,True,False,False,9.946324238328244e-05,COMPLETE
1152,0.5362900137901306,2025-04-08 19:51:12.102095,2025-04-08 19:51:52.990606,0 days 00:00:40.888511,0.16137219025357769,0.514258317560891,2,0.24662100998283074,0.0734200226138228,0.05301800827594612,0.04109073866446018,0.079301088205926,0.09818841405809053,0.06047733715755051,6,55,0.025362686676517268,0.01980697059902782,True,False,False,4.8009127601283524e-05,COMPLETE
1153,0.5386264801025391,2025-04-08 19:51:53.358026,2025-04-08 19:52:37.074732,0 days 00:00:43.716706,0.17028047459538728,0.5144574577931843,2,0.246824937445692,0.07283199195167717,0.05373746360610988,0.04133108515848388,0.07927825236457911,0.0981196387401479,0.07310916379490373,7,55,0.026516576143814887,0.022283210843333685,True,False,False,4.710965297286256e-05,COMPLETE
1154,0.11296068578958512,2025-04-08 19:52:37.447863,2025-04-08 19:53:15.653138,0 days 00:00:38.205275,0.16027855332132107,0.5130436235611,2,0.2471261428778534,0.07332701067854071,0.053706135184965545,0.04013440838655198,0.07878881747849509,0.09809051727210144,0.07166096653670775,7,53,0.02924896864383681,0.05251610939354284,True,False,True,4.88880030052133e-05,COMPLETE
1155,0.5100275874137878,2025-04-08 19:53:16.021479,2025-04-08 19:53:59.779191,0 days 00:00:43.757712,0.17691380379938476,0.5174409257403292,2,0.24828641670112503,0.07527220743122419,0.05165040629535632,0.03942820640218697,0.07912816044419152,0.09813346584817621,0.08180597996117868,7,55,0.027074737268417064,0.01821196671777135,True,False,False,5.5508646173184565e-05,COMPLETE
1156,0.5134770989418029,2025-04-08 19:54:00.147117,2025-04-08 19:54:40.500131,0 days 00:00:40.353014,0.18914426191449152,0.5220974919680027,2,0.24415727060746129,0.06949580860288009,0.05282507978928567,0.03688830553263749,0.07958376270930592,0.09795846536962458,0.06594227972501747,6,51,0.030772583291810575,0.03663361378513128,True,False,False,7.05846165330753e-05,COMPLETE
1157,0.5165698885917664,2025-04-08 19:54:40.866516,2025-04-08 19:55:24.674059,0 days 00:00:43.807543,0.16890140985644975,0.5034037431912199,2,0.2469491777677676,0.07513524018894209,0.05006192284096335,0.04182834048144069,0.07998143280802997,0.0955412100062546,0.07285334580716504,7,53,0.02768453849814147,0.011232941525514031,True,False,False,4.417130659273296e-05,COMPLETE
1158,0.4486465394496918,2025-04-08 19:55:25.047936,2025-04-08 19:56:05.724795,0 days 00:00:40.676859,0.17310762604531035,0.5254896290406588,2,0.23945249489343293,0.07129793624552493,0.0548770255721251,0.038236171256225256,0.07792008089760064,0.09713083423404922,0.06507398701533842,6,56,0.0909511121569826,0.07752254314408638,True,False,False,8.304949312423838e-05,COMPLETE
1159,0.47326858043670655,2025-04-08 19:56:06.093269,2025-04-08 19:56:46.993087,0 days 00:00:40.899818,0.1423331583331387,0.49516071311612636,2,0.2504730583288311,0.07783934455567211,0.053414782147585396,0.041418644964670286,0.08132567214141757,0.09984924756438658,0.09808648071055291,6,55,0.02930204501372969,0.02872955502044333,True,False,False,3.0609730102640425e-05,COMPLETE
1160,0.507571816444397,2025-04-08 19:56:47.362184,2025-04-08 19:57:31.521668,0 days 00:00:44.159484,0.16833351271122404,0.5108831411535825,2,0.24262301010373333,0.06489996715639584,0.05115360893686947,0.032894227552179765,0.08160662745644433,0.09559968308629205,0.058139136931631065,7,57,0.02566383948123223,0.0179864947439716,True,False,False,5.645610035466764e-05,COMPLETE
1161,0.4981929183006287,2025-04-08 19:57:31.888029,2025-04-08 19:58:12.228387,0 days 00:00:40.340358,0.15568622143585967,0.5217208486905975,2,0.24939288058685402,0.07130004839775164,0.04563974970440403,0.04060973417297585,0.07855600555020038,0.09944451597777822,0.06082378116011613,6,51,0.026966041684497545,0.007851008129412326,True,False,False,6.220295758355723e-05,COMPLETE
1162,0.4915326476097107,2025-04-08 19:58:12.598284,2025-04-08 19:58:53.341460,0 days 00:00:40.743176,0.19098086841723677,0.49758135282421345,2,0.24061691276475866,0.07674938957583931,0.05262888151246368,0.038856876835161855,0.08068198978334487,0.09727695787043607,0.054462391150277435,6,57,0.031251181794928154,0.024182583037242064,True,False,False,7.638944439122898e-05,COMPLETE
1163,0.45376456379890445,2025-04-08 19:58:53.712140,2025-04-08 19:59:14.506167,0 days 00:00:20.794027,0.146516782400585,0.4956767244900573,16,0.23868528288307714,0.0647859711586879,0.0558902552489747,0.035565516437611036,0.08284746789012085,0.09522322972176218,0.0797307535179591,6,54,0.02935985327137051,0.012627964442346876,True,False,False,0.00010698185066509599,COMPLETE
1164,0.46188171505928044,2025-04-08 19:59:14.876957,2025-04-08 19:59:52.312994,0 days 00:00:37.436037,0.10788189966214533,0.5241937503257255,2,0.2506133792693884,0.06919376867233608,0.049091593156323644,0.04143751823091752,0.07718384180405102,0.0945445848640993,0.09556700011703656,5,58,0.02699254391372205,0.0010831872863883113,True,False,False,4.788480864409617e-05,COMPLETE
1165,0.514136815071106,2025-04-08 19:59:52.683626,2025-04-08 20:00:30.222538,0 days 00:00:37.538912,0.1476318813973383,0.4863483264292962,2,0.2449571135010021,0.07617472964520322,0.0509486453927641,0.029137373055219157,0.08248400513131608,0.09320142279249102,0.0807262997138638,5,54,0.025264694076068083,0.01858170127056518,True,False,False,3.6610194548170946e-05,COMPLETE
1166,0.19969072341918948,2025-04-08 20:00:30.592555,2025-04-08 20:01:10.960085,0 days 00:00:40.367530,0.08235516308059682,0.5263095946141596,2,0.23558135501254554,0.063058734729067,0.055660677836662675,0.037226633847150754,0.07939384144307143,0.09689975240692757,0.05033166341804035,6,59,0.02860137881234052,0.010427278762243974,False,False,False,9.359517208657814e-05,COMPLETE
1167,0.32428238987922675,2025-04-08 20:01:11.328328,2025-04-08 20:01:55.067578,0 days 00:00:43.739250,0.1290021199227448,0.4986047934713855,2,0.24602029783928722,0.0704196339104606,0.05276264902098668,0.039854760611109374,0.08139048917225064,0.09818517997406155,0.05938555197691604,7,56,0.005947784877567329,0.04152799506320032,True,False,False,0.00012461985592834875,COMPLETE
1168,0.5196974158287049,2025-04-08 20:01:55.440678,2025-04-08 20:02:32.583351,0 days 00:00:37.142673,0.05982534290685301,0.4810476128593246,2,0.2510878480418538,0.06408283611245034,0.04820353238711007,0.033738284972283046,0.07737858915562099,0.09992319328269035,0.06527816330538412,5,50,0.030894756690227437,0.027361107222874395,True,False,False,6.733470179351847e-05,COMPLETE
1169,0.1655023068189621,2025-04-08 20:02:32.957009,2025-04-08 20:03:09.066190,0 days 00:00:36.109181,0.10715226973775974,0.504638611005088,2,0.23453322577416194,0.07762238601352725,0.054465615384845976,0.042585358301771924,0.08437428130315046,0.09581432494659166,0.05184568248185139,6,62,0.011468257010888074,0.014462921651480914,True,True,False,4.973555821745462e-05,COMPLETE
1170,0.5228565454483032,2025-04-08 20:03:09.438569,2025-04-08 20:03:46.490709,0 days 00:00:37.052140,0.07893085769721109,0.5149872178685224,2,0.23900605801053554,0.06833245339588312,0.05061533352324369,0.03598109737990207,0.08683984298492387,0.09749406869994308,0.021532954317694093,5,59,0.025702098803829208,0.019796783301799646,True,False,False,2.0096125924319893e-05,COMPLETE
1171,0.5426312804222108,2025-04-08 20:03:46.861669,2025-04-08 20:04:24.198676,0 days 00:00:37.337007,0.16139817433415088,0.5316066589313924,2,0.24288460449143925,0.06167632864638842,0.05624680765161208,0.040952617165582586,0.08017538130328393,0.0959327530391495,0.04466621359743309,5,54,0.02786488698784195,0.005198883780253244,True,False,False,0.0001290706022133227,COMPLETE
1172,0.5071011424064636,2025-04-08 20:04:24.571390,2025-04-08 20:05:04.912135,0 days 00:00:40.340745,0.18175342592793242,0.5230159297854232,2,0.2314818902887167,0.06140049118103003,0.05734409349081988,0.03859331394722302,0.08312046854725365,0.09387937915182787,0.04804700952222583,6,51,0.02474597384299129,0.005615678515456659,True,False,False,8.094353709535292e-05,COMPLETE
1173,0.17283043265342712,2025-04-08 20:05:05.287162,2025-04-08 20:05:38.589529,0 days 00:00:33.302367,0.19000854553649993,0.5360035744535638,2,0.17744892976811946,0.05724921686081425,0.05633479680371118,0.040731217947102084,0.08523694866859668,0.0933473924889892,0.044627388537990434,5,53,0.0274107927033826,0.005107126143401633,True,False,True,0.00012392700052476247,COMPLETE
1174,0.5228747963905335,2025-04-08 20:05:38.963743,2025-04-08 20:06:23.006779,0 days 00:00:44.043036,0.2097977232861501,0.5376003082106924,2,0.24142871766448845,0.059268774985135594,0.05429207991213549,0.03810015493797115,0.08117958835702656,0.09591806164736572,0.04145976162224215,7,54,0.030775342484024984,0.010085802265449653,True,False,False,3.309546705644239e-05,COMPLETE
1175,0.4891116857528687,2025-04-08 20:06:23.381709,2025-04-08 20:07:03.532784,0 days 00:00:40.151075,0.16599383918069788,0.47258993095404705,2,0.23547823742008803,0.05279074596201839,0.05834622658499523,0.03412741284425756,0.08358529616851547,0.09770712336582629,0.08051792853893597,6,50,0.0268360172854168,0.0015875483838474276,True,False,False,6.309243286706597e-05,COMPLETE
1176,0.45557786822319035,2025-04-08 20:07:03.909364,2025-04-08 20:07:41.034216,0 days 00:00:37.124852,0.15336247630602715,0.5341325401107578,2,0.24276793926790935,0.04334332037085058,0.0536616738456627,0.0402006014730417,0.08954802438906447,0.09462892255538548,0.06736471444228992,5,63,0.024573826079733137,0.015536566559920556,True,False,False,9.59060128428168e-05,COMPLETE
1177,0.28158528804779054,2025-04-08 20:07:41.410101,2025-04-08 20:08:22.664862,0 days 00:00:41.254761,0.18176520110183972,0.48205574532571155,2,0.23122046994336942,0.06480678477674141,0.05605943722188921,0.036790942627035514,0.07959712890545537,0.0925022691709689,0.00012029472655274808,6,56,0.026173620004446993,0.0066308832327628825,True,False,False,4.417981377503449e-05,COMPLETE
1178,0.5086990356445313,2025-04-08 20:08:23.044698,2025-04-08 20:09:00.417238,0 days 00:00:37.372540,0.1543398067151682,0.45771360078617374,2,0.24304535974711214,0.06078446492797538,0.05928990201374221,0.04189431372392538,0.08613076829285918,0.09758114097471884,0.05399400563086302,5,59,0.06713508884520564,0.024363498267631414,True,False,False,7.856645984761221e-05,COMPLETE
1179,0.5283441305160523,2025-04-08 20:09:00.794998,2025-04-08 20:09:38.191191,0 days 00:00:37.396193,0.14369631951808165,0.5119445997384043,2,0.24711503180543587,0.19646999880327715,0.051831794579173314,0.03165320764301008,0.08142551204038077,0.09551182275582765,0.0338148766034258,5,53,0.0288880986552451,0.013130083881124096,True,False,False,5.531360656312407e-05,COMPLETE
1180,0.43547670841217045,2025-04-08 20:09:38.569134,2025-04-08 20:10:19.519597,0 days 00:00:40.950463,0.17329923770430888,0.4850490126453508,2,0.2363649044227635,0.07108966872463482,0.043004424563712375,0.039064155812705295,0.08308852669088208,0.09984184928122955,0.0456044301055265,6,65,0.029664578961712207,0.0010897711062798111,True,False,False,0.00012926299288376218,COMPLETE
1181,0.5059569001197816,2025-04-08 20:10:19.899807,2025-04-08 20:10:57.385113,0 days 00:00:37.485306,0.2011890860218548,0.4386725667879812,2,0.2374920314557004,0.05024885306004126,0.04746678252733309,0.03561145771723895,0.07998930897616525,0.09249328952146522,0.03832053239586764,5,60,0.02364700161543768,0.009104620721450449,True,False,False,0.0001045086961770233,COMPLETE
1182,0.49198776483535767,2025-04-08 20:10:57.760803,2025-04-08 20:11:38.442516,0 days 00:00:40.681713,0.138732652106425,0.5394185136456466,2,0.24445083477662316,0.06687585375266822,0.04990471586052381,0.04272432371808692,0.08476125388617511,0.09639758620627555,0.05640197152087871,6,70,0.02697329232076618,0.033433075989492064,True,False,False,5.04215179412325e-05,COMPLETE
1183,0.5169583201408386,2025-04-08 20:11:38.816780,2025-04-08 20:12:22.822490,0 days 00:00:44.005710,0.12178462551746157,0.46368888440855155,2,0.25242009410095123,0.059455677258885425,0.057247143992419064,0.04090437897563126,0.08724575502829497,0.09818422640753978,0.03131985594489756,7,57,0.031643540321778296,0.02128639615447922,True,False,False,3.3236233249645345e-05,COMPLETE
1184,0.4251263439655304,2025-04-08 20:12:23.199993,2025-04-08 20:12:43.150877,0 days 00:00:19.950884,0.16136882797069013,0.5092426506990453,16,0.2284537208833182,0.07348156977450453,0.05481119255865645,0.0377334040234748,0.09139084359518879,0.09992286487083167,0.0379677000291533,5,62,0.028956210038986845,0.015645316890128023,True,False,False,2.6902586639121765e-05,COMPLETE
1185,0.45101854205131536,2025-04-08 20:12:43.527330,2025-04-08 20:13:20.685190,0 days 00:00:37.157860,0.13056385216786856,0.48659940006346714,2,0.24162301550652704,0.04592392571901646,0.05240940755331558,0.043736339806752206,0.08210917083382584,0.09513310603446809,0.07268435968488088,5,55,0.024843444892294647,0.021395615175521392,True,False,False,7.083098765160336e-05,COMPLETE
1186,0.5026868104934693,2025-04-08 20:13:21.064934,2025-04-08 20:14:01.850248,0 days 00:00:40.785314,0.11984978511782131,0.4509102575179347,2,0.23425589121508272,0.0662184728866111,0.059646935253750956,0.04030190257105423,0.0796169559845802,0.09150454197060129,0.026732315679648237,6,60,0.022427515547199378,0.00596080408656509,True,False,False,3.983386564093542e-05,COMPLETE
1187,0.21143240332603455,2025-04-08 20:14:02.231048,2025-04-08 20:14:38.970677,0 days 00:00:36.739629,0.15574500964965104,0.46928504650357256,2,0.248589759328818,0.05709286583465258,0.04698222622377711,0.03307260567546474,0.08457323735689017,0.09465796507215603,0.046055722186799854,5,64,0.027878723956582356,0.010633155191410348,False,False,False,8.641281195784048e-05,COMPLETE
1188,0.0974905163049698,2025-04-08 20:14:39.349502,2025-04-08 20:15:17.314050,0 days 00:00:37.964548,0.056608096803003216,0.5227095485012682,2,0.25346298427004305,0.0714678614554843,0.053756181107886214,0.04215897987451889,0.08214982086348349,0.0975801791311031,0.03497937119640904,7,52,0.03081327778625538,0.029070761867182084,True,True,False,6.235983224667453e-05,COMPLETE
1189,0.5190695881843567,2025-04-08 20:15:17.695661,2025-04-08 20:15:58.303695,0 days 00:00:40.608034,0.13878458955988926,0.5449405912686899,2,0.239871333869901,0.0634175276506834,0.05043275322811474,0.0361760975050053,0.08576628644273011,0.0928496744505626,0.022565539505098476,6,59,0.025648136673054663,0.016544488829120407,True,False,False,0.00013185887189877236,COMPLETE
1190,0.4738515079021454,2025-04-08 20:15:58.683399,2025-04-08 20:16:36.273544,0 days 00:00:37.590145,0.10826107639060092,0.50007289078813,2,0.23024010446997684,0.051343358154145216,0.05770841791216194,0.03946605360104025,0.08067016983551473,0.09050018963239025,0.05424932435969605,5,66,0.016224783643099636,0.010291199728813202,True,False,False,0.00010349245675424114,COMPLETE
1191,0.5296471834182739,2025-04-08 20:16:36.656601,2025-04-08 20:17:17.220830,0 days 00:00:40.564229,0.08635830852895661,0.4391775020913852,2,0.24587301270932957,0.07625380423644346,0.05466900448274208,0.04414110533171309,0.08337620119955681,0.08424963581607599,0.02919692550971167,6,56,0.027356082800919265,0.0012393892436777763,True,False,False,4.839678730298059e-05,COMPLETE
1192,0.09239678233861923,2025-04-08 20:17:17.603719,2025-04-08 20:17:50.672174,0 days 00:00:33.068455,0.10369765538296707,0.47644776536717104,2,0.23731441977085085,0.06838352069851385,0.051805575714622694,0.03897822994253588,0.08894795653313917,0.09644242370153791,0.04247270239881389,5,63,0.023959864799343884,0.017153920016629996,True,False,True,6.91820666688745e-05,COMPLETE
1193,0.43151395916938784,2025-04-08 20:17:51.057551,2025-04-08 20:18:28.266679,0 days 00:00:37.209128,0.13442064490372976,0.8366612439862819,2,0.25201124077830395,0.05492870093763143,0.05585636952355781,0.034324411219738574,0.07846080368023917,0.08552516632068266,0.08506365178966221,5,58,0.031258608936046046,0.024441304192668382,True,False,False,8.886968879177792e-05,COMPLETE
1194,0.48541983366012575,2025-04-08 20:18:28.647865,2025-04-08 20:19:12.781983,0 days 00:00:44.134118,0.17319928969360254,0.5143752420787574,2,0.24360682694132083,0.0639517046069664,0.05266482088061793,0.031015022638653033,0.08718842229404725,0.09387689030503721,0.023943427900900576,7,54,0.028786018985477797,0.007643334894146601,True,False,False,0.00013613544529438273,COMPLETE
1195,0.5085309863090516,2025-04-08 20:19:13.167451,2025-04-08 20:19:53.618955,0 days 00:00:40.451504,0.06834372888511574,0.46225592959357714,2,0.2315830116431353,0.17727385238800675,0.049634734336749,0.04213581217603853,0.0820242501540801,0.09764732796283529,0.03196728985103918,6,61,0.02616063253342231,0.013647928551074382,True,False,False,5.746386450087016e-05,COMPLETE
