number,value,datetime_start,datetime_complete,duration,params_alpha-eval,params_alpha-train,params_batch-size,params_eps-eval,params_eps-train,params_lambda-actions-eval,params_lambda-actions-train,params_lambda-frames-eval,params_lambda-frames-train,params_learning-rate,params_n-epochs,params_n-frames,params_radius-gw,params_rho,params_std-feats,params_ub-actions,params_ub-frames,params_weight-decay,state
1024,0.44331550002098086,2025-04-19 23:36:49.539229,2025-04-19 23:37:22.506646,0 days 00:00:32.967417,0.08017540046617205,0.7195497779492679,8,0.03524515423940072,0.0744430431120696,0.043229734599546585,0.04417254268615465,0.00252578506562559,0.08526600418586797,0.0028358210007952403,17,44,0.055788599919694926,0.1454979211793598,True,False,False,0.0008015873041124774,COMPLETE
1025,0.5365518808364869,2025-04-19 23:37:22.834855,2025-04-19 23:37:53.451064,0 days 00:00:30.616209,0.40827254715786593,0.16580561484342024,8,0.05872479118854278,0.05424983617615356,0.04045021360622373,0.05384007301561785,0.007114560390501765,0.0921314949417576,0.010983091982909162,15,41,0.06459552987198754,0.299675453984216,True,False,False,0.0005377593701574907,COMPLETE
1026,0.5355136632919312,2025-04-19 23:37:53.783043,2025-04-19 23:38:25.239910,0 days 00:00:31.456867,0.3069958706398356,0.16906832534949603,8,0.13201978436898892,0.062271365125598235,0.0453232787670392,0.0507079737287681,0.0010447371986263224,0.08803293876769984,0.017732182235590307,16,37,0.06269794615961224,0.1870117759903749,True,False,False,0.0006740469051171232,COMPLETE
1027,0.5122875452041626,2025-04-19 23:38:25.556753,2025-04-19 23:38:51.060466,0 days 00:00:25.503713,0.32656336187012086,0.3023279255239989,16,0.020661000687723724,0.0433342009594728,0.032406987516345395,0.06323078102438921,0.00459165479825681,0.09536770950127285,0.008107971106600066,18,32,0.05758538422094326,0.10574271797388396,True,False,False,0.0004303017737149119,COMPLETE
1028,0.4501930415630341,2025-04-19 23:38:51.389631,2025-04-19 23:39:18.732522,0 days 00:00:27.342891,0.3595701938040939,0.11714242626217847,8,0.044681801851456523,0.032855302623825716,0.03629339707996395,0.05975469235751801,0.011532775034264482,0.09011686480578061,0.01380420692774554,12,27,0.06055593972858951,0.2942075070686492,True,False,False,0.0008378355622762462,COMPLETE
1029,0.4857681751251221,2025-04-19 23:39:19.060234,2025-04-19 23:39:49.185785,0 days 00:00:30.125551,0.3924780583284274,0.1451825777672301,8,0.010013637851435974,0.05231015267561614,0.038471496653078065,0.04580771425273935,0.0066723672228940515,0.09728228248292867,0.005854995723844385,13,82,0.06782844133481503,0.13318152668660804,True,False,False,0.00023209239720465468,COMPLETE
1030,0.5122916102409363,2025-04-19 23:39:49.518698,2025-04-19 23:40:19.152487,0 days 00:00:29.633789,0.27096289372277454,0.20348387986821162,8,0.025873362819715886,0.06691722361851521,0.034532447910442826,0.048975286185398724,0.003781662013878824,0.09282788732841707,0.01947817050709098,14,39,0.057803939191996404,0.11932507115021675,True,False,False,0.0005311898320012513,COMPLETE
1031,0.45719723701477055,2025-04-19 23:40:19.481608,2025-04-19 23:40:55.650020,0 days 00:00:36.168412,0.29620035555210805,0.15304702914113882,8,0.11444514611197329,0.05852956387257237,0.04166753384690893,0.057935302738661466,0.009008782886548775,0.09494339168536182,0.010760297595460903,26,49,0.05493432978195008,0.2888385513558226,True,False,True,0.0003430130900876489,COMPLETE
1032,0.5346577763557434,2025-04-19 23:40:55.984191,2025-04-19 23:41:26.376980,0 days 00:00:30.392789,0.3214782169477231,0.1834830814759932,8,0.04083622105017653,0.04844801081520342,0.05006133314041764,0.05513026461643195,0.002656674632510388,0.09103566849302241,0.014869177939245724,15,34,0.062143804016918276,0.29409176711887475,True,False,False,0.0006471327677547039,COMPLETE
1033,0.4772066116333008,2025-04-19 23:41:26.712192,2025-04-19 23:41:57.796090,0 days 00:00:31.083898,0.37162736313097194,0.2311002031447703,16,0.005821847308559351,0.01917805953962725,0.039656363319073525,0.03719180843065918,0.005812683903508597,0.08258218826342967,0.024289731022224998,28,44,0.06464030495692481,0.28792022387975125,True,False,False,0.000776479908271771,COMPLETE
1034,0.4933584570884705,2025-04-19 23:41:58.114444,2025-04-19 23:42:38.386626,0 days 00:00:40.272182,0.3398841571089282,0.5236125967210682,8,0.03254612594818097,0.03890118537606526,0.03588766103444237,0.05180027671711507,0.001004704024180914,0.08896329026626248,0.017053159423917812,27,37,0.05931801012716137,0.10038443720884281,True,False,False,0.0009926646014448014,COMPLETE
1035,0.47236943840980533,2025-04-19 23:42:38.713587,2025-04-19 23:43:09.931920,0 days 00:00:31.218333,0.2943807636947069,0.13147755825412238,8,0.14664264518815423,0.02575537620939278,0.046662127453852426,0.06111959035225616,0.013334775378162467,0.08626778832106931,0.013140060429604063,16,31,0.06344469494900337,0.12032282065022881,True,False,False,0.000480734618921925,COMPLETE
1036,0.33422551155090335,2025-04-19 23:43:10.264319,2025-04-19 23:43:38.719713,0 days 00:00:28.455394,0.25378204213427413,0.17714934018998754,8,0.07258063176537277,0.0701900513424821,0.0437697949761813,0.04293253563820875,0.004905866960712079,0.09780540913311828,0.009187395744195994,13,41,0.056596999190031805,0.11170778243341738,False,False,False,0.000605538715158675,COMPLETE
1037,0.5357446074485779,2025-04-19 23:43:39.050269,2025-04-19 23:44:09.064569,0 days 00:00:30.014300,0.3487143368028932,0.1998491274625862,8,0.01649726664581313,0.05512109778718258,0.03805273711546027,0.040367248032583784,0.007898042263367044,0.09388070566084623,0.020610465710998213,15,35,0.06121616292073445,0.12854892511074487,True,False,False,0.0008044790559292674,COMPLETE
1038,0.49904373884201053,2025-04-19 23:44:09.398434,2025-04-19 23:44:48.901670,0 days 00:00:39.503236,0.31422359140785633,0.9913587851712411,8,0.009995730609122642,0.04859423611058672,0.04788456679525562,0.05718403129272604,0.002835584395364805,0.0962287445356433,0.029039976899194856,26,39,0.06642254483059935,0.2893366026354912,True,False,False,0.0006548022566533379,COMPLETE
1039,0.26420010924339293,2025-04-19 23:44:49.235785,2025-04-19 23:45:23.150009,0 days 00:00:33.914224,0.3897724988307588,0.10774983180868652,8,0.016172683919591587,0.04214526046359449,0.0407805188291208,0.05315836658535854,0.004481437737775578,0.09145959094928931,0.011634156273872428,17,123,0.06967461420661643,0.2841876435098908,True,False,True,0.0002842397958308697,COMPLETE
1040,0.3796163141727448,2025-04-19 23:45:23.482757,2025-04-19 23:45:55.909647,0 days 00:00:32.426890,0.2633230386903539,0.1675121083639163,16,0.023124925185017856,0.06004956988190088,0.03309762274226431,0.05554758507408666,0.015785122783178257,0.08457062180860671,0.00035598922635931413,14,147,0.058859193953940334,0.29420887964417797,True,False,False,0.0004020893074066572,COMPLETE
1041,0.09188934862613678,2025-04-19 23:45:56.229044,2025-04-19 23:46:32.828621,0 days 00:00:36.599577,0.28699328249830125,0.9288054773781367,8,0.12032679542280988,0.19425728369810863,0.035616689194463765,0.04904795348838119,0.006740645753778772,0.09853175934091774,0.01452085486210573,27,47,0.054518348929243114,0.12513000456047285,True,True,False,0.0009966581221946488,COMPLETE
1042,0.4900052607059479,2025-04-19 23:46:33.158351,2025-04-19 23:47:01.497374,0 days 00:00:28.339023,0.4273131176232833,0.21764098945110924,8,0.05304556779658693,0.0367111357614986,0.07973465327536905,0.04507419457245712,0.054735348342977344,0.08869117371871249,0.018159250324093188,13,30,0.060403128610849566,0.2997965969935859,True,False,False,0.0005934221398967945,COMPLETE
1043,0.38628446459770205,2025-04-19 23:47:01.827167,2025-04-19 23:47:43.190895,0 days 00:00:41.363728,0.3651782754218885,0.47971177050750086,8,0.0055490681897557344,0.09619528836584365,0.042188869533329204,0.04739014420182166,0.0028660643851326807,0.08059604334045008,0.001732837129779392,28,36,0.006935451933210095,0.11412666691453867,True,False,False,9.638229274493959e-08,COMPLETE
1044,0.48045951128005987,2025-04-19 23:47:43.522835,2025-04-19 23:48:14.858837,0 days 00:00:31.336002,0.32936511192034723,0.13968568718566696,8,0.027454474716954027,0.15597453249482784,0.03859241202832544,0.06690422566983477,0.005076901506633186,0.09329422817813016,0.007327017942193782,16,42,0.07546736793328619,0.29545953962092886,True,False,False,0.000788583820568326,COMPLETE
1045,0.5200568079948426,2025-04-19 23:48:15.191755,2025-04-19 23:48:45.400415,0 days 00:00:30.208660,0.3070214114072838,0.2991318338183072,8,0.0363521851916308,0.06559362481940474,0.03159778984675023,0.05910760158788792,0.010619323833522352,0.09545647469632676,0.010995505650639323,15,32,0.06313456854605858,0.13816880486465866,True,False,False,0.00047539437246990314,COMPLETE
1046,0.47559001445770266,2025-04-19 23:48:45.736820,2025-04-19 23:49:16.356611,0 days 00:00:30.619791,0.3377202074760443,0.3237781443283147,16,0.11036255971239484,0.05299979759226353,0.04480606371524681,0.05118453958353454,0.001008792269402974,0.09182471162694993,0.00432490696689784,27,39,0.057883012071431136,0.280511708027983,True,False,False,0.0006704289257531654,COMPLETE
1047,0.4889108657836915,2025-04-19 23:49:16.692240,2025-04-19 23:50:06.405986,0 days 00:00:49.713746,0.28268756575720405,0.07646524311231133,2,0.011963036220969095,0.03191006298872592,0.040048214441873085,0.056041279718509966,0.06888330739530053,0.09657291509768501,0.037248549379958903,11,35,0.060896917395418027,0.10662405024577154,True,False,True,0.0008118487909832256,COMPLETE
1048,0.4759338617324829,2025-04-19 23:50:06.745191,2025-04-19 23:50:46.263812,0 days 00:00:39.518621,0.35747625273400613,0.1867906863022656,8,0.046281942375181906,0.04577581265486702,0.036594823066640296,0.0536867482386957,0.01759951924754313,0.0898351951863155,0.00016542228873045329,26,28,0.05389779653571198,0.29010174580810355,True,False,False,0.0005390637459933274,COMPLETE
1049,0.4375708520412445,2025-04-19 23:50:46.580840,2025-04-19 23:51:16.416413,0 days 00:00:29.835573,0.3864096915636742,0.15549151813826168,8,0.022022007771292946,0.22803731415032874,0.03447292644818059,0.06485158055683685,0.008617196320521762,0.08708566499768523,0.015756685348321454,14,45,0.05624358504722172,0.1317978976040074,True,False,False,0.0009983449659465285,COMPLETE
1050,0.5074738502502442,2025-04-19 23:51:16.748612,2025-04-19 23:51:45.491667,0 days 00:00:28.743055,0.318157880988673,0.19966717663999226,8,0.016351004989418647,0.07327640633180017,0.04252394839293216,0.058338123376646095,0.0038968590133786002,0.09359169155140169,0.02307126175391604,13,33,0.06539403667670232,0.1628175706180798,True,False,False,0.0004105526769296928,COMPLETE
1051,0.48121739625930793,2025-04-19 23:51:45.826999,2025-04-19 23:52:15.393269,0 days 00:00:29.566270,0.24965766626764968,0.5735322967378037,8,0.032412117792635274,0.059739680794531846,0.0379453427351844,0.010363370312459104,0.0062697725001836895,0.09812102826455447,0.009074221531213254,14,38,0.06361328366468309,0.2948643629943123,True,False,False,0.0006877590046095646,COMPLETE
1052,0.5293008089065552,2025-04-19 23:52:15.728503,2025-04-19 23:52:58.715885,0 days 00:00:42.987382,0.4109751090192209,0.1711765101909636,8,0.08185715219672314,0.041766810963159554,0.04075632622460623,0.06231333088569831,0.0028876768490865203,0.09557925357719717,0.012499749830285725,29,41,0.058420505573267424,0.12120149445052285,True,False,False,0.000544175104213094,COMPLETE
1053,0.5076034069061279,2025-04-19 23:52:59.051510,2025-04-19 23:53:22.503797,0 days 00:00:23.452287,0.3376752323987486,0.23839942439812198,16,0.060676812203889624,0.05070072517257154,0.04592375350015604,0.025856512249659624,0.013317894068585887,0.09985661662565096,0.0189854220566822,12,35,0.06741874034104016,0.05130892396070555,True,False,False,0.0008209615686773064,COMPLETE
1054,0.4367427289485932,2025-04-19 23:53:22.843714,2025-04-19 23:53:53.740699,0 days 00:00:30.896985,0.30319829502882684,0.12312411979043658,8,0.00554245780521946,0.027939033880258826,0.036654074949546034,0.04987615337127522,0.0046960841018044985,0.09164446397717932,0.003415349887820852,16,38,0.07279349328957883,0.2855065515968254,False,False,False,0.0003547004210169971,COMPLETE
1055,0.3767322361469269,2025-04-19 23:53:54.080524,2025-04-19 23:54:24.342539,0 days 00:00:30.262015,0.3606177086513249,0.15002741189952307,8,0.12379095402315003,0.06448166438369403,0.03352433557279976,0.04672209007026558,0.007916353583204722,0.08203842724814477,0.01568705824399874,15,100,0.061521844106214904,0.11666881713756125,True,False,True,0.0006853544329604586,COMPLETE
1056,0.4635606169700623,2025-04-19 23:54:24.683320,2025-04-19 23:55:06.581911,0 days 00:00:41.898591,0.2771079379435004,0.2803823216245295,8,0.2159918571428398,0.055566823484630656,0.04367599412725068,0.053332459177341425,0.001148130388031915,0.09442315442217158,0.0011633115856480938,26,69,0.05353649599542648,0.09483113643090046,True,False,False,0.00047216434252385267,COMPLETE
1057,0.45677908658981325,2025-04-19 23:55:06.910928,2025-04-19 23:55:47.275533,0 days 00:00:40.364605,0.32701176118100694,0.0940543526973017,8,0.042064510990413286,0.034837744015697614,0.05085859809535764,0.060544055595632855,0.010492207438132022,0.08954401952675045,0.027890746691735042,28,25,0.059793654316810094,0.29956640463659057,True,False,False,0.0008309088371387907,COMPLETE
1058,0.4953772723674775,2025-04-19 23:55:47.610068,2025-04-19 23:56:18.894921,0 days 00:00:31.284853,0.37810793844691537,0.2238595814155439,8,0.010624518624263954,0.04573876155744249,0.039343019031105285,0.056972933166561886,0.006074143514932453,0.09288234230204288,0.005947218528977395,16,30,0.0566763440416055,0.2738245778864967,True,False,False,0.0006241854855928256,COMPLETE
1059,0.17774248123168945,2025-04-19 23:56:19.233362,2025-04-19 23:56:46.475523,0 days 00:00:27.242161,0.2952147417404969,0.4988252861929238,8,0.00041143265793876574,0.05703391218271792,0.03569656084708236,0.042499177649238516,0.0030293621733204976,0.09663816599337577,0.013696920298365722,15,42,0.06485285924010807,0.28941918769893954,True,True,False,0.0005475541199239126,COMPLETE
1060,0.5145318388938904,2025-04-19 23:56:46.818227,2025-04-19 23:57:14.225777,0 days 00:00:27.407550,0.26218121997768173,0.2528418454692575,16,0.028359350914851738,0.03998692140740015,0.04161112923259638,0.055299768475212945,0.004477883335711008,0.08586577904709225,0.007957372846993526,22,33,0.06287233927979828,0.29993781261423147,True,False,False,0.0007709505661187149,COMPLETE
1061,0.4869500756263733,2025-04-19 23:57:14.561195,2025-04-19 23:57:47.066414,0 days 00:00:32.505219,0.34500472796924225,0.18753627111015922,8,0.02107658564839647,0.07668177103422505,0.030563951918519995,0.0451507718853511,0.016606683392040283,0.08779857772713048,0.0006054404564492034,18,36,0.05920883462149966,0.28348092448985945,True,False,False,0.0009919526450033818,COMPLETE
1062,0.5153771996498108,2025-04-19 23:57:47.409442,2025-04-19 23:58:19.728256,0 days 00:00:32.318814,0.31650702740882375,0.14275936093030137,8,0.014404686518130086,0.04871873310828421,0.04765735636201741,0.039607056303195526,0.0026958949444710334,0.09449934708442206,0.0108932535660177,17,45,0.05274661342675066,0.10170224697765354,True,False,False,0.0003224603204567718,COMPLETE
1063,0.46599369645118716,2025-04-19 23:58:20.067823,2025-04-19 23:58:45.724974,0 days 00:00:25.657151,0.37493877886620347,0.2033101938470304,8,0.05170240855111036,0.08853848750983088,0.03839693959092005,0.04860392796302101,0.006064344409413723,0.083502614852286,0.019595775580676787,12,39,0.05545014989987761,0.12357767360068342,True,False,True,0.0004529991307770952,COMPLETE
1064,0.43939448595047004,2025-04-19 23:58:46.068067,2025-04-19 23:59:27.901433,0 days 00:00:41.833366,0.3484674546452912,0.16607873114669391,8,0.006141323500941948,0.12635446820110519,0.04417994526325776,0.050933008911969994,0.010085947928927941,0.09091724599301344,0.0004709609139753668,27,51,0.06919446631640187,0.10946717119338288,True,False,False,0.0006694062417634483,COMPLETE
1065,0.5169770002365113,2025-04-19 23:59:28.245747,2025-04-20 00:00:34.872588,0 days 00:01:06.626841,0.4018800573490723,0.33239558252058266,2,0.035805568307849936,0.01946372753951487,0.040012200087694336,0.059334181315139026,0.008013771346777781,0.09995101246971431,0.022759777151461668,14,33,0.06113007546785772,0.2794866133900673,True,False,False,0.0008308329730237825,COMPLETE
1066,0.49860433340072635,2025-04-20 00:00:35.197937,2025-04-20 00:01:04.320070,0 days 00:00:29.122133,0.2901537531299328,0.5404294557797585,8,0.10621633618183005,0.06892519516729939,0.03435528615137867,0.05296038280186733,0.014790917624292734,0.0980317527654461,0.01666877719273323,13,41,0.05057794599831872,0.2942186237716147,True,False,False,0.0005652014816575365,COMPLETE
1067,0.5351516008377075,2025-04-20 00:01:04.660229,2025-04-20 00:01:34.740687,0 days 00:00:30.080458,0.3132982894619273,0.10927384633112461,16,0.116067286079813,0.06331197229747881,0.028558931573503997,0.05711485499009239,0.002708665813980767,0.09246849609994572,0.013060402660452995,26,36,0.057513177220396484,0.28917420797903876,True,False,False,0.0004300535307729169,COMPLETE
1068,0.4995418906211853,2025-04-20 00:01:35.081054,2025-04-20 00:02:05.089344,0 days 00:00:30.008290,0.24406663211033452,0.13318848612406015,8,0.018997906886511255,0.053902495168549565,0.037378001652581636,0.061319977489095456,0.0011480571286298681,0.09587140052930898,0.009340197187128538,15,28,0.06288020803895888,0.13345014990484766,True,False,False,0.0009924239735290097,COMPLETE
1069,0.3984786689281464,2025-04-20 00:02:05.428954,2025-04-20 00:02:48.101875,0 days 00:00:42.672921,0.20311489477689137,0.17753863726429459,8,0.02766148255199266,0.026281131232607804,0.04226854080778028,0.05523036569185224,0.001037085110387507,0.08962695832030482,0.034612499173812976,29,38,0.01414544935113865,0.14259558112385104,True,False,False,0.0006420011960223619,COMPLETE
1070,0.4820022702217102,2025-04-20 00:02:48.442584,2025-04-20 00:03:17.830846,0 days 00:00:29.388262,0.9017682891628782,0.15697021880181306,8,0.011189285498344564,0.045539235944172876,0.03294844585905168,0.04766628226375597,0.004752013722139187,0.09399156584169764,0.015170268252529928,14,31,0.06608878578444241,0.11320103689716016,True,False,False,0.0008077352771954228,COMPLETE
1071,0.49037463665008546,2025-04-20 00:03:18.174716,2025-04-20 00:03:54.990293,0 days 00:00:36.815577,0.3297819914649479,0.2626249355654758,8,0.043083716849220306,0.03603562151816236,0.03913571976480328,0.043958145314675005,0.018682733715063654,0.0801709025479951,0.011175435614472868,27,42,0.05899679429510997,0.12837583563480706,True,False,True,0.0005293402852274022,COMPLETE
1072,0.5187512993812561,2025-04-20 00:03:55.336874,2025-04-20 00:04:26.706095,0 days 00:00:31.369221,0.3662020937940948,0.21460601300088644,8,0.17707166196856416,0.059577588636682006,0.036712638850988015,0.05821559198724135,0.012475646087549062,0.08536205898529123,0.02551804201235687,16,35,0.061350151987697076,0.29295203076233567,True,False,False,0.0003478460877437511,COMPLETE
1073,0.25371782183647157,2025-04-20 00:04:27.050891,2025-04-20 00:04:55.704240,0 days 00:00:28.653349,0.2771855930414223,0.19302375493504614,8,0.2971287139704684,0.01303262371721286,0.045401297483145496,0.051544488374843926,0.005868373821813629,0.09680338779481273,0.01923123259908815,13,47,0.055275373100765565,0.11782972149363442,False,False,False,0.0009997325868949772,COMPLETE
1074,0.5070115327835083,2025-04-20 00:04:56.050112,2025-04-20 00:05:21.373498,0 days 00:00:25.323386,0.18085632585124498,0.30884213176777225,16,0.022213668677122003,0.042146301803279836,0.049771471797797104,0.023479656336917357,0.00396344522075286,0.08779079740797993,0.006799144817736674,17,39,0.06423479261838096,0.28205979904801265,True,False,False,0.0006895059672220468,COMPLETE
1075,0.5147457718849182,2025-04-20 00:05:21.727324,2025-04-20 00:06:02.534252,0 days 00:00:40.806928,0.31649307594417986,0.12490283781042946,8,0.06477242460918645,0.05096280805020901,0.04145919249968736,0.01755140360872299,0.007029100032853781,0.09138397622684807,0.013162126043474172,27,33,0.060189573484173683,0.2868561732864964,True,False,False,0.0005493798541594574,COMPLETE
1076,0.5116363406181336,2025-04-20 00:06:02.864131,2025-04-20 00:06:42.513034,0 days 00:00:39.648903,0.3429264087528798,0.2822330458737827,8,0.048920357926553304,0.03064361540426197,0.0358869966460543,0.054174503463790546,0.003906379350623228,0.09488423825099983,0.009249661731885326,26,43,0.07696436807457824,0.2743986584114834,True,False,False,0.0002707531766153856,COMPLETE
1077,0.5386636137962342,2025-04-20 00:06:42.856944,2025-04-20 00:07:13.408728,0 days 00:00:30.551784,0.29767797750269204,0.23776327010818396,8,0.12966574456666996,0.055007040052212734,0.04319914023064895,0.06347736595062634,0.00869340366613353,0.09822785076200628,0.01671500599258074,15,36,0.05201510506933484,0.29995947862636746,True,False,False,0.0007788796452922311,COMPLETE
1078,0.2770290493965149,2025-04-20 00:07:13.760720,2025-04-20 00:07:40.805363,0 days 00:00:27.044643,0.3015613993466607,0.2438577420737592,8,0.13473431129937247,0.06777013101353281,0.04799748731228777,0.04644409243478583,0.011019832893038973,0.09865356845037122,0.012342969257254257,15,29,0.04863790460458814,0.2990370729941318,True,True,False,0.000801578678705184,COMPLETE
1079,0.5273067712783814,2025-04-20 00:07:41.154321,2025-04-20 00:08:11.401731,0 days 00:00:30.247410,0.3208746627075555,0.15720811541488955,8,0.12803995281832925,0.08196524833425031,0.04636525932893351,0.04901793341254681,0.013552737978533312,0.0985815928166278,0.015185522155917062,15,32,0.05035693734530706,0.2958565926935341,True,False,False,0.0007963319200596985,COMPLETE
