number,value,datetime_start,datetime_complete,duration,params_alpha-eval,params_alpha-train,params_batch-size,params_eps-eval,params_eps-train,params_lambda-actions-eval,params_lambda-actions-train,params_lambda-frames-eval,params_lambda-frames-train,params_learning-rate,params_n-epochs,params_n-frames,params_radius-gw,params_rho,params_std-feats,params_ub-actions,params_ub-frames,params_weight-decay,state
1709,0.5149067997932434,2025-04-09 01:49:15.548388,2025-04-09 01:49:56.274140,0 days 00:00:40.725752,0.10503774172357751,0.4242697144176411,2,0.22843148108007702,0.1694555897872038,0.04155125539675074,0.03752337313642627,0.0999415726562899,0.09239937899081532,0.03779855393796576,6,60,0.019194657360623583,0.021982923498320404,True,False,False,2.3304629845245724e-05,COMPLETE
1710,0.47032425403594974,2025-04-09 01:49:56.838505,2025-04-09 01:50:16.804347,0 days 00:00:19.965842,0.14315413431229787,0.38880232015067706,16,0.2583752553220292,0.14722376498395917,0.03585611144727995,0.040172006728332564,0.09997308313222275,0.033211104450908184,0.053114706133691916,5,57,0.02554867327504833,0.037558531420500585,True,False,False,1.3902215071714324e-05,COMPLETE
1711,0.4890186667442322,2025-04-09 01:50:17.347512,2025-04-09 01:50:58.391014,0 days 00:00:41.043502,0.0785156813360954,0.4548433035566788,2,0.26714758646112563,0.15470958092168852,0.045408637214871234,0.030619134563742073,0.0914009026099515,0.08541708458157246,0.026782915657888942,6,75,0.0167808737141683,0.00759813107814464,True,False,False,5.7372594941702124e-05,COMPLETE
1712,0.5476251602172852,2025-04-09 01:50:58.955677,2025-04-09 01:51:36.294203,0 days 00:00:37.338526,0.12078262202116687,0.3714328551010298,2,0.25082760079978383,0.16279987218083775,0.051751020610876226,0.045102002702337836,0.0871704299967516,0.0904390008598749,0.046304982203168345,5,62,0.02338880042360559,0.030171849935544018,True,False,False,1.0148059575756438e-05,COMPLETE
1713,0.543726634979248,2025-04-09 01:51:36.838742,2025-04-09 01:52:14.118289,0 days 00:00:37.279547,0.07571979644346619,0.34235406428484744,2,0.23454031369012765,0.18253797029040403,0.05154262389562246,0.0421661900991397,0.08777949600898222,0.09508840280552952,0.03515046210567448,5,53,0.025474868893325023,0.021729226234779728,True,False,False,1.1144041995465e-05,COMPLETE
1714,0.5143546223640443,2025-04-09 01:52:14.690395,2025-04-09 01:52:58.511628,0 days 00:00:43.821233,0.09813006760306664,0.3081114568765927,2,0.24145542911533294,0.16496698987407754,0.05087298651965485,0.033557159255287544,0.08726482229667112,0.09380590179609657,0.03145294563937869,7,58,0.026038691637176793,0.02884370843547871,True,False,False,9.188123224016093e-06,COMPLETE
1715,0.5301209449768067,2025-04-09 01:52:59.057988,2025-04-09 01:53:39.758223,0 days 00:00:40.700235,0.1118169436848688,0.33655057611979383,2,0.245138925413759,0.17525828830609289,0.03141377986403607,0.03854003295676782,0.0882123687442725,0.0971269137749167,0.04278855795256336,6,61,0.02336576430168147,0.014406285355768982,True,False,False,6.797103534371587e-06,COMPLETE
1716,0.24416662454605104,2025-04-09 01:53:40.327064,2025-04-09 01:54:17.537271,0 days 00:00:37.210207,0.05370299923467222,0.3643306787744278,2,0.23721329657590187,0.17249068162964504,0.05242112946402687,0.04366156954109928,0.08662985602931696,0.09172620348517029,0.04118348816778682,5,58,0.02453874361859388,0.023649487372075447,False,False,False,4.110679603486292e-06,COMPLETE
1717,0.5163635730743409,2025-04-09 01:54:18.094096,2025-04-09 01:54:55.809634,0 days 00:00:37.715538,0.0904894682420617,0.35801089843812395,2,0.2497152628353144,0.16982673212421617,0.050977316957037506,0.03567649643195138,0.08643865620445013,0.09032143108646432,0.029445491028658843,5,61,0.02434131387868339,0.02014471855340243,True,False,False,7.964929941823278e-06,COMPLETE
1718,0.5212412118911743,2025-04-09 01:54:56.354345,2025-04-09 01:55:36.774757,0 days 00:00:40.420412,0.1191854542933827,0.4703822249132934,2,0.2435401733072156,0.16799736138144603,0.05372411000339802,0.04759280014015414,0.08915289411092141,0.09233912451221121,0.04860503170144618,6,56,0.02626601615963226,0.030326424661113502,True,False,False,9.23303861985455e-06,COMPLETE
1719,0.32245641350746157,2025-04-09 01:55:37.344129,2025-04-09 01:56:14.662656,0 days 00:00:37.318527,0.07136470720732199,0.04953748510015338,2,0.2491260989460051,0.1631878628117325,0.05312142952876324,0.04031720821152351,0.09268303656228417,0.09335032188746238,0.03419487340760821,5,62,0.023862949828306515,0.015043585761525554,True,False,False,2.9084006399370995e-06,COMPLETE
1720,0.09195628613233567,2025-04-09 01:56:15.211808,2025-04-09 01:56:48.072843,0 days 00:00:32.861035,0.11337394567306869,0.33105393201279654,2,0.23245809361685305,0.22785639553259585,0.052488204127018094,0.0453967728584722,0.08913239064449494,0.09051284073060299,0.0594653245842668,5,54,0.022859687933183038,0.02572464829632202,True,True,False,5.9069198827892366e-06,COMPLETE
1721,0.5071671485900879,2025-04-09 01:56:48.646147,2025-04-09 01:57:29.441213,0 days 00:00:40.795066,0.09165367500421052,0.7940257054065551,2,0.24393714559764398,0.16071110835826632,0.04944676688705503,0.05085821009092698,0.08742780800301127,0.09569124919377515,0.041881843056639306,6,65,0.026166283945017046,0.011613315321525116,True,False,False,1.2521679306287427e-05,COMPLETE
1722,0.5229578137397767,2025-04-09 01:57:29.990198,2025-04-09 01:58:07.250791,0 days 00:00:37.260593,0.13427985387511274,0.38046476617554836,2,0.25135260571862733,0.16853570014160243,0.05244722773879591,0.03756139543390474,0.08896269373214974,0.0907879984396907,0.046660874866172965,5,60,0.022005472145814612,0.030332073952156702,True,False,False,1.083312415623561e-05,COMPLETE
1723,0.10373553335666658,2025-04-09 01:58:07.823552,2025-04-09 01:58:43.637059,0 days 00:00:35.813507,0.12312730920892667,0.40537479595618675,2,0.23936909276591956,0.19021727150498532,0.04974339983348358,0.04186499328859462,0.09038489392629812,0.09414230109719571,0.06590743243969087,6,68,0.024236462533004505,0.019043230554858095,True,False,True,1.1149576261223948e-05,COMPLETE
1724,0.5301594972610474,2025-04-09 01:58:44.185960,2025-04-09 01:59:21.835024,0 days 00:00:37.649064,0.1017805827711502,0.30516717442447105,2,0.25214206272080714,0.17736634753034897,0.049448569827261535,0.03365155807443409,0.08655792578897524,0.08961134147528504,0.02675408687340534,5,58,0.02636073640019829,0.02564579164109011,True,False,False,1.3634441829183283e-05,COMPLETE
1725,0.5325680732727051,2025-04-09 01:59:22.408709,2025-04-09 01:59:59.808065,0 days 00:00:37.399356,0.13071675978763447,0.43818844030779164,2,0.24245328895287888,0.15946661554000782,0.0511212785556583,0.044108472391403385,0.09019641530635375,0.09222247589451549,0.037817396551049355,5,63,0.02214507923767635,0.010320713579837722,True,False,False,1.0209657934955181e-05,COMPLETE
1726,0.4506000459194184,2025-04-09 02:00:00.364767,2025-04-09 02:00:40.999014,0 days 00:00:40.634247,0.07112797107150078,0.35033248511935666,2,0.24870325270592114,0.045451113329103864,0.022854752728254824,0.04898772426786589,0.08740352979927528,0.08920882340512727,0.08473940915535365,6,66,0.021326721960264826,0.03312163614168795,True,False,False,1.5803149302292874e-05,COMPLETE
1727,0.5205440282821656,2025-04-09 02:00:41.573690,2025-04-09 02:01:19.193345,0 days 00:00:37.619655,0.10601302135024866,0.4206004483849195,2,0.2551190396043759,0.16436549655795607,0.053148870117977295,0.03948462978826897,0.09002077386389513,0.09510216186500552,0.05121755888230697,5,63,0.02378327907137877,0.006295179245425258,True,False,False,1.3321363414105116e-05,COMPLETE
1728,0.5357101440429688,2025-04-09 02:01:19.748072,2025-04-09 02:02:00.346795,0 days 00:00:40.598723,0.15218843491558492,0.37577474002919464,2,0.23705436026967838,0.21254327099578582,0.04904397074350935,0.04663460660808943,0.0913614416231754,0.09170466218044726,0.05975122368496072,6,70,0.026432912723371876,0.020146898942044262,True,False,False,7.522552052779185e-06,COMPLETE
1729,0.49146207571029665,2025-04-09 02:02:00.895184,2025-04-09 02:02:44.837857,0 days 00:00:43.942673,0.04454959520060586,0.46810982197881273,2,0.2474747579674083,0.12459867936089462,0.048529684193712536,0.042293240219824675,0.08713429204264793,0.09014649919163283,0.03248294970167856,7,59,0.02132616833378662,0.07883671161260013,True,False,False,1.7316614943891552e-05,COMPLETE
1730,0.5359577655792237,2025-04-09 02:02:45.413175,2025-04-09 02:03:23.015833,0 days 00:00:37.602658,0.1303087107125146,0.4456570548094461,2,0.22411075778793504,0.15662156987614137,0.0524554823577099,0.03644950937408557,0.09259110462287425,0.09364211779069063,0.04299390394534995,5,55,0.023296278041488195,0.025420031642906113,True,False,False,1.3780492738443086e-05,COMPLETE
1731,0.3866313397884369,2025-04-09 02:03:23.568871,2025-04-09 02:03:43.612482,0 days 00:00:20.043611,0.07997573232212547,0.40429578443723013,16,0.23049670902825828,0.13960405492073352,0.047339757146033876,0.0301498073297213,0.08954266389510196,0.08835013569010876,0.07318501313718223,5,66,0.020654218180649546,0.03271436310145455,True,False,False,9.664887859149022e-06,COMPLETE
1732,0.5158926367759704,2025-04-09 02:03:44.183001,2025-04-09 02:04:24.866764,0 days 00:00:40.683763,0.11244830748172055,0.3249350424846337,2,0.25590677284801544,0.151554704721493,0.0499685698406353,0.03934115073141724,0.08827275316173985,0.08669613638454643,0.03632958006751619,6,61,0.024755279196250417,0.014935918902920536,True,False,False,4.3080570573091535e-05,COMPLETE
1733,0.47612964510917666,2025-04-09 02:04:25.418506,2025-04-09 02:06:25.421963,0 days 00:02:00.003457,0.15275658832773517,0.36330755191453235,2,0.2429390856885257,0.13322006592017466,0.020127300679094313,0.04410839618202365,0.09209685369346093,0.019934149410029436,0.04962312202836247,30,78,0.022673691400410225,0.0408934932598358,True,False,False,1.7436364852963814e-05,COMPLETE
1734,0.5519270539283753,2025-04-09 02:06:25.991178,2025-04-09 02:07:03.604073,0 days 00:00:37.612895,0.08892162353170083,0.3891284722979102,2,0.2603804157120867,0.14767214962930555,0.047897872385185496,0.03212540324648753,0.09460483495164397,0.09124947949295113,0.026498407409624045,5,68,0.02084774688103313,0.006445125642320948,True,False,False,3.15313316464202e-05,COMPLETE
1735,0.41434738636016843,2025-04-09 02:07:04.158539,2025-04-09 02:08:31.888147,0 days 00:01:27.729608,0.07188779463903885,0.3471590351774555,2,0.2715330876505177,0.13488053772475295,0.050866273548590975,0.030810608661965923,0.09087752684064439,0.09704614306588656,0.0265294479487409,21,64,0.019972013573969265,0.012048640223017527,False,False,False,2.7139784643089328e-05,COMPLETE
1736,0.4953530907630921,2025-04-09 02:08:32.457995,2025-04-09 02:09:13.606154,0 days 00:00:41.148159,0.04370834394841798,0.370189502976554,2,0.2658711335553312,0.13831237120531448,0.0015716073307122033,0.027861923209916914,0.09227297103281587,0.09655121534422999,0.028054634601104612,6,72,0.019296301621986447,0.004558646590008604,True,False,False,2.0355457516596844e-05,COMPLETE
1737,0.531891691684723,2025-04-09 02:09:14.160919,2025-04-09 02:09:51.325265,0 days 00:00:37.164346,0.07596418709884747,0.33754029633043187,2,0.26112415286336566,0.14227792339812068,0.046936349634771626,0.02915365411769926,0.09424459317730476,0.09404684291234396,0.03171460246340687,5,58,0.020842056049847575,0.009277866353897124,True,False,False,1.4329764264180799e-05,COMPLETE
1738,0.12875780165195466,2025-04-09 02:09:51.900316,2025-04-09 02:10:24.580144,0 days 00:00:32.679828,0.06804059662565645,0.3825449260459533,2,0.2650857238073887,0.14621473326800244,0.04797132962807804,0.047582033272466434,0.09026360402030759,0.09313354779529326,0.025036000764833904,5,61,0.01962118023568151,0.0015676548758510739,True,True,False,2.40246187775644e-05,COMPLETE
1739,0.5326800465583802,2025-04-09 02:10:25.127633,2025-04-09 02:11:02.560487,0 days 00:00:37.432854,0.08096066113604634,0.366297112236312,2,0.2715636063623035,0.14429943597276257,0.04636018350226191,0.03178450658334124,0.09315337248452915,0.09265029365239988,0.02688291201776806,5,66,0.02144581465670265,0.010962533135675925,True,False,False,2.9705769119377386e-05,COMPLETE
1740,0.49979720115661624,2025-04-09 02:11:03.148769,2025-04-09 02:11:43.782861,0 days 00:00:40.634092,0.044693070453217854,0.31621112468093154,2,0.2618744000534818,0.12957292731880757,0.0535077351062379,0.04567583337867123,0.08689242422432951,0.0954478278718499,0.028181477202593064,6,56,0.07736607362670883,0.0013549924231210366,True,False,False,1.90301834281403e-05,COMPLETE
1741,0.48197930455207827,2025-04-09 02:11:44.339681,2025-04-09 02:12:25.625060,0 days 00:00:41.285379,0.0567293234934926,0.3492411163240442,2,0.273890539562012,0.14964739338588062,0.049838277832349585,0.041530297379523955,0.08838153310505603,0.09148702591617679,0.023664432705101258,6,69,0.01885332708041433,0.004755774642671115,True,False,False,1.570342583403594e-05,COMPLETE
1742,0.2385742008686066,2025-04-09 02:12:26.200560,2025-04-09 02:13:21.483010,0 days 00:00:55.282450,0.09011017643835728,0.3664020967490492,2,0.26061923138905124,0.1412765271916011,0.043603451051983794,0.05235548863782721,0.09164108790716252,0.08068221797592576,0.03258885149060362,13,63,0.02427972748943407,0.00871426491671425,True,False,True,3.0175458476264967e-05,COMPLETE
1743,0.5222421169281006,2025-04-09 02:13:22.039685,2025-04-09 02:13:59.436301,0 days 00:00:37.396616,0.05917666736079802,0.39154319806951415,2,0.20787170569158003,0.14668615583998695,0.051800214382021016,0.04408761680239445,0.09397305572725935,0.09239397268711211,0.025440409050880276,5,59,0.02148457520391077,0.0018706247400837699,True,False,False,2.1204134139062056e-05,COMPLETE
1744,0.5293240427970887,2025-04-09 02:14:00.017439,2025-04-09 02:14:37.948226,0 days 00:00:37.930787,0.09631329790131303,0.394776268223478,2,0.26683815267927397,0.17265223777118124,0.04650580003394641,0.04872346296152747,0.08882070223572464,0.09033332922136987,0.037011032451033175,5,73,0.019705574328532184,0.007007748696622143,True,False,False,1.1301014093612459e-05,COMPLETE
1745,0.5061701774597168,2025-04-09 02:14:38.501530,2025-04-09 02:15:19.476874,0 days 00:00:40.975344,0.09091916588751425,0.34756837498423554,2,0.2582076656790198,0.15946138391693596,0.006939797584008138,0.02614767443097908,0.09453777422493069,0.09550688764672287,0.032215635834230864,6,53,0.0900347256577995,0.006413359265001877,True,False,False,2.4638051125855445e-05,COMPLETE
1746,0.5032678961753845,2025-04-09 02:15:20.054868,2025-04-09 02:16:04.270903,0 days 00:00:44.216035,0.09997246646426097,0.3798894580023601,2,0.2569410162960504,0.13625453368340956,0.049126166012947045,0.028900611615064437,0.0921196381868069,0.0907503154754062,0.031169037432411215,7,62,0.026447206693644344,0.012954634399008453,True,False,False,1.7794088608713065e-05,COMPLETE
1747,0.5280669093132019,2025-04-09 02:16:04.828298,2025-04-09 02:16:42.517017,0 days 00:00:37.688719,0.08265792180310154,0.3234293902241283,2,0.2657977324088339,0.042463872381225405,0.01699051574147798,0.09706348785223853,0.09513847923891418,0.09755934337341292,0.024833383627236968,5,66,0.02335415690874157,0.005540952788647274,True,False,False,3.2502791805340785e-05,COMPLETE
1748,0.24704692959785463,2025-04-09 02:16:43.101145,2025-04-09 02:17:20.796300,0 days 00:00:37.695155,0.0561684407496826,0.3621493723004267,2,0.26271368087004643,0.1794276694449859,0.039576591375233366,0.040763623819134884,0.0896783459672348,0.09398986791869735,1.5620203924582152e-05,5,70,0.09848172952301826,0.0016501924511147644,True,False,False,1.2081511786082924e-05,COMPLETE
1749,0.513163948059082,2025-04-09 02:17:21.361543,2025-04-09 02:18:02.084551,0 days 00:00:40.723008,0.10095288386840211,0.4231476745772407,2,0.25389754484247246,0.2775831412312699,0.02644354089719047,0.025708528693558434,0.08684895642636203,0.08842505757388042,0.03788443502467845,6,64,0.017720700642073692,0.27541130072162623,True,False,False,2.4257201603521893e-05,COMPLETE
1750,0.5354290366172791,2025-04-09 02:18:02.666160,2025-04-09 02:18:40.426820,0 days 00:00:37.760660,0.07024206259294072,0.301148071381528,2,0.258363768110838,0.11892262805154424,0.04542736176737127,0.0463612980449328,0.09361740939157773,0.0912623096736795,0.05603749526336669,5,60,0.02125733878504307,0.015778745298303337,True,False,False,3.565587014919628e-05,COMPLETE
1751,0.5439255475997925,2025-04-09 02:18:40.989303,2025-04-09 02:19:18.945750,0 days 00:00:37.956447,0.10900984146608622,0.3921335675730191,2,0.27114733864674406,0.12637323873338627,0.04771340625854868,0.0429135542219701,0.09497670126957944,0.08422936651881778,0.04616147600161812,5,56,0.024323388333183718,0.060987112872962684,True,False,False,1.9227643614393562e-05,COMPLETE
1752,0.43917456269264227,2025-04-09 02:19:19.502336,2025-04-09 02:19:40.394315,0 days 00:00:20.891979,0.08770234167606114,0.7649716156668052,16,0.20260559818704105,0.1485282360250764,0.04306278553146642,0.05017415909938421,0.09243735219483985,0.09284901934916953,0.06922111164902055,6,66,0.01903183778613448,0.010426392261659798,True,False,False,1.5058939003210152e-05,COMPLETE
1753,0.5238680720329285,2025-04-09 02:19:40.973037,2025-04-09 02:20:18.504750,0 days 00:00:37.531713,0.11412329804732461,0.45402806911328286,2,0.25313690489414087,0.1644618525530942,0.05133791476683359,0.03843735816625861,0.09574922128243196,0.08656024842339388,0.039007251015528266,5,61,0.022253873368429156,0.017107989790538215,True,False,False,2.7649200190825376e-05,COMPLETE
1754,0.23840801715850832,2025-04-09 02:20:19.059072,2025-04-09 02:20:59.574893,0 days 00:00:40.515821,0.08994028632851322,0.3363507577677004,2,0.26078935845165424,0.15501736433645685,0.0454950469724006,0.03235014163194391,0.09088326959214228,0.08271770126832856,0.06079583394061562,6,58,0.026189753627293207,0.049990499236448216,False,False,False,1.9237194014585085e-06,COMPLETE
1755,0.5036808371543885,2025-04-09 02:21:00.167449,2025-04-09 02:22:27.010167,0 days 00:01:26.842718,0.060871835529706625,0.47595851372339093,2,0.27368475001951464,0.14201896604053246,0.04860672605517006,0.035009033169456125,0.08630894965264257,0.0885720171993144,0.04783471440176883,20,68,0.02035769482215189,0.0010115603934370068,True,False,False,2.3177086480408364e-05,COMPLETE
1756,0.5272361159324647,2025-04-09 02:22:27.594047,2025-04-09 02:23:05.443484,0 days 00:00:37.849437,0.1162340035346978,0.3705447632105417,2,0.1306663818867131,0.1512566516086631,0.04414161428441903,0.04531627055961731,0.09636270619571294,0.08960418319471998,0.08213853167941838,5,63,0.022858998022473813,0.010082189701498009,True,False,False,3.730191365320206e-05,COMPLETE
1757,0.23353975713253022,2025-04-09 02:23:06.008963,2025-04-09 02:23:44.414661,0 days 00:00:38.405698,0.10139072629153437,0.41427372195751216,2,0.25527321678123477,0.15832183246037743,0.04114656816974886,0.04146524832865086,0.09344002080728887,0.094413940943294,0.033822056127464084,7,81,0.01737030666380745,0.016338208841864335,True,True,False,8.389157793871343e-06,COMPLETE
1758,0.5453616261482239,2025-04-09 02:23:44.976914,2025-04-09 02:24:22.455776,0 days 00:00:37.478862,0.1273188849320081,0.43627497491853817,2,0.2665913615669341,0.16759907007399083,0.05002876181670952,0.03773058587266699,0.09174183850461126,0.08095336877255406,0.04093702464435519,5,65,0.024595073434918742,0.045311577214633594,True,False,False,1.864227743202547e-05,COMPLETE
1759,0.3673037648200989,2025-04-09 02:24:23.037279,2025-04-09 02:25:00.939103,0 days 00:00:37.901824,0.13326608153023672,0.43096361107096715,2,0.2609121582216886,0.16949874335594997,0.05350947018592048,0.03672226162134575,0.09073434001861436,0.08569086448426062,0.04157833088044468,5,71,0.006020464435334848,0.05866962790441509,True,False,False,1.5298123250067018e-05,COMPLETE
1760,0.5306123971939087,2025-04-09 02:25:01.505593,2025-04-09 02:25:42.121367,0 days 00:00:40.615774,0.12730267722964106,0.3957785331115259,2,0.2517829569456798,0.17964129119396965,0.05207272314712656,0.03774578500288992,0.08981843457922511,0.0911721513604479,0.04626236862438768,6,75,0.02147036603628791,0.048041080984327765,True,False,False,1.2078747764453015e-05,COMPLETE
1761,0.5123492360115052,2025-04-09 02:25:42.711026,2025-04-09 02:26:20.360008,0 days 00:00:37.648982,0.12172230998833956,0.41499748011596443,2,0.2644426398696887,0.17268904426985068,0.050140098070441154,0.03613791307913141,0.08861403064655933,0.08810124445555567,0.03576994067086382,5,69,0.023678294209844807,0.054326561268118426,True,False,False,5.637805690041668e-06,COMPLETE
1762,0.367095422744751,2025-04-09 02:26:20.921376,2025-04-09 02:26:57.292824,0 days 00:00:36.371448,0.12930934175038333,0.4302081895429908,2,0.10693509661329677,0.18633880298806568,0.05289159470120003,0.03746482101902373,0.09138472133042079,0.09248252733699287,0.05375134740301682,6,67,0.020021186138178666,0.04378870380484344,True,False,True,1.8408734212383274e-05,COMPLETE
1763,0.5300267577171326,2025-04-09 02:26:57.878778,2025-04-09 02:27:35.995429,0 days 00:00:38.116651,0.10059340935739472,0.4047075220308203,2,0.25538360756328937,0.18003169515659437,0.0504079578469502,0.039117171263416795,0.0924134033103663,0.08985947710780028,0.03890445063218927,5,73,0.015586772577575488,0.05129476717740482,True,False,False,1.441993466016376e-05,COMPLETE
1764,0.516413152217865,2025-04-09 02:27:36.557259,2025-04-09 02:29:12.886183,0 days 00:01:36.328924,0.1685104031525727,0.3840333651347531,2,0.25128480183237556,0.1751417119307865,0.04878744830479167,0.03472266038487222,0.08940232156182203,0.08604398148233679,0.044401626734043055,23,68,0.018300091107120574,0.0562529093298469,True,False,False,1.7328755058003e-05,COMPLETE
1765,0.5026959538459778,2025-04-09 02:29:13.469045,2025-04-09 02:29:54.096599,0 days 00:00:40.627554,0.13957336681059265,0.43301151964276996,2,0.25869626504975207,0.1685380975959174,0.05153587105327108,0.03959515876518332,0.09372790239005203,0.09700391074359263,0.032373124869554286,6,71,0.02245327428247541,0.044350022993559356,True,False,False,9.575585930570656e-06,COMPLETE
