number,value,datetime_start,datetime_complete,duration,params_alpha-eval,params_alpha-train,params_batch-size,params_eps-eval,params_eps-train,params_lambda-actions-eval,params_lambda-actions-train,params_lambda-frames-eval,params_lambda-frames-train,params_learning-rate,params_n-epochs,params_n-frames,params_radius-gw,params_rho,params_std-feats,params_ub-actions,params_ub-frames,params_weight-decay,state
1367,0.5392139911651612,2025-04-08 22:07:07.934473,2025-04-08 22:07:45.504235,0 days 00:00:37.569762,0.1954946691528016,0.3277651551603744,2,0.2477426242077785,0.14710043420164648,0.04055881339712752,0.04117805929232327,0.09830657286440449,0.08512974926384637,0.037749281877397074,5,69,0.019673647419931557,0.043082165874992195,True,False,False,2.4789962640061298e-05,COMPLETE
1368,0.526956057548523,2025-04-08 22:07:45.943522,2025-04-08 22:08:23.446902,0 days 00:00:37.503380,0.17932626460043824,0.3396965671558563,2,0.26718042512543727,0.15541874996437868,0.04692052617176286,0.04213883557192089,0.09991456494148632,0.08450094241321908,0.04795916626363542,5,71,0.016717289904794857,0.03693969152034947,True,False,False,2.8285610823936727e-05,COMPLETE
1369,0.4965595364570618,2025-04-08 22:08:23.883865,2025-04-08 22:09:04.794922,0 days 00:00:40.911057,0.17063761494635538,0.35374351003477267,2,0.2581362625751918,0.15124502683221508,0.04309529445910926,0.03831516082322742,0.09606731258833096,0.0873550825927482,0.03345181698139161,6,73,0.021523254774204536,0.04315082513751241,True,False,False,2.128426170657754e-05,COMPLETE
1370,0.5375937223434448,2025-04-08 22:09:05.228773,2025-04-08 22:09:42.790254,0 days 00:00:37.561481,0.2087824843826632,0.35896233733719585,2,0.2436180561104577,0.14517403874565585,0.04523351657671188,0.04059631495925133,0.09780847920251252,0.08846829127749785,0.04169354753939297,5,65,0.01926520471412478,0.03917463060653349,True,False,False,3.465000852729881e-05,COMPLETE
1371,0.5107602000236511,2025-04-08 22:09:43.222710,2025-04-08 22:10:24.666218,0 days 00:00:41.443508,0.16130040938325724,0.3368625623438539,2,0.2687359292816978,0.15978783838219943,0.048266158310301684,0.04218488744279213,0.09997281933639884,0.08366749593569865,0.05244141920551662,6,68,0.02283219973192284,0.062459795119782245,True,False,False,1.991642043323544e-05,COMPLETE
1372,0.5394680261611939,2025-04-08 22:10:25.100712,2025-04-08 22:11:02.922913,0 days 00:00:37.822201,0.1883961377858811,0.371385932387428,2,0.25047937270300225,0.13945042535775487,0.03864256495132135,0.043407749318771394,0.09639338505965354,0.08612010570365973,0.033035608115368806,5,65,0.017826979301738443,0.05293410045619531,True,False,False,2.906199041095148e-05,COMPLETE
1373,0.5224047541618347,2025-04-08 22:11:03.379602,2025-04-08 22:11:41.332327,0 days 00:00:37.952725,0.1571609486002488,0.3404633731506101,2,0.2558674162517524,0.14819205425564946,0.044226841474141715,0.03951315620849487,0.09380043811385472,0.08314290136040417,0.05812584737854763,5,69,0.021316328565110957,0.03510443666779735,True,False,False,1.6005493216248564e-05,COMPLETE
1374,0.5185652852058411,2025-04-08 22:11:41.771074,2025-04-08 22:12:22.830590,0 days 00:00:41.059516,0.14765802277311077,0.36809549297064503,2,0.24187714103296865,0.15218271406043354,0.0465934660755991,0.037859898994903204,0.09806770052671715,0.0897105251209812,0.044213005830405626,6,65,0.019929679138292047,0.03187472419884874,True,False,False,2.293005582034533e-05,COMPLETE
1375,0.3731015503406525,2025-04-08 22:12:23.271305,2025-04-08 22:12:43.037572,0 days 00:00:19.766267,0.17958712991611725,0.3970622993627197,16,0.26272541852030407,0.1648957344344122,0.04106798827856724,0.043485045029091715,0.0914026050178163,0.08678390734821875,0.07139732835393749,5,63,0.01483796800799227,0.050033743143420115,True,False,False,1.0365911584062779e-05,COMPLETE
1376,0.22358160614967348,2025-04-08 22:12:43.476763,2025-04-08 22:13:21.167328,0 days 00:00:37.690565,0.13178146369715754,0.4102547279351512,2,0.24832633968954507,0.2105349555578523,0.04995026445154446,0.04024133953509399,0.09469573078834899,0.09092758048901883,0.03671013800800341,5,72,0.023502414596292345,0.045121747895220755,False,False,False,3.6335869729003765e-05,COMPLETE
1377,0.36690272092819215,2025-04-08 22:13:21.602051,2025-04-08 22:14:03.190502,0 days 00:00:41.588451,0.16005321067546135,0.37932581318008307,2,0.2568316802259122,0.1572308780301856,0.04358577271458382,0.04424612289983547,0.0970314990711603,0.09410053331727165,0.05132795395071131,6,63,0.013353392290293628,0.040562169797373385,True,False,False,2.69518144266955e-05,COMPLETE
1378,0.273314368724823,2025-04-08 22:14:03.630441,2025-04-08 22:14:41.847264,0 days 00:00:38.216823,0.14257069390744917,0.4071148581934951,2,0.2504665280504123,0.14769890585147027,0.04730708965016428,0.04155716317381445,0.09809569762685684,0.08829333335706255,3.3774266777411494e-05,5,91,0.018115273396873,0.026543677979565174,True,False,False,1.4363214856638358e-05,COMPLETE
1379,0.08545186668634415,2025-04-08 22:14:42.305875,2025-04-08 22:15:18.179140,0 days 00:00:35.873265,0.22483752463359796,0.3553160342853992,2,0.24169326822083856,0.15752274715422795,0.04595376455284188,0.042352924782677125,0.09998417601610453,0.08312451838799478,0.03114887159221866,6,68,0.022142719158210124,0.056797873474012404,True,True,False,1.8628564282434972e-05,COMPLETE
1380,0.49569205045700077,2025-04-08 22:15:18.620113,2025-04-08 22:15:56.091044,0 days 00:00:37.470931,0.9491320122367675,0.33201068919476157,2,0.2621798185774045,0.13854137875289985,0.041475025791296694,0.04490636806643484,0.09537337763489155,0.08581738254376678,0.04270237153101285,5,65,0.02022559726541077,0.034252429327851205,True,False,False,3.792335035813443e-05,COMPLETE
1381,0.5223724246025085,2025-04-08 22:15:56.529914,2025-04-08 22:16:37.494984,0 days 00:00:40.965070,0.20106553856436843,0.37698344601894224,2,0.26931365667803975,0.1721072651398963,0.05020951560765388,0.03678819946895973,0.09676223443127387,0.09243027170099691,0.06212363897659695,6,62,0.02304737932679622,0.045993793154663516,True,False,False,2.3554337481914737e-05,COMPLETE
1382,0.5285923957824707,2025-04-08 22:16:37.937159,2025-04-08 22:17:15.521133,0 days 00:00:37.583974,0.12227219703161114,0.424915019338679,2,0.25531119915866435,0.1275434710193847,0.04812226931403857,0.03899173030198388,0.09237627534987855,0.08956160354152916,0.048481960144037516,5,68,0.016357149421008344,0.03738215548834374,True,False,False,7.060969685156674e-06,COMPLETE
1383,0.36917413473129274,2025-04-08 22:17:15.957718,2025-04-08 22:17:52.501578,0 days 00:00:36.543860,0.16076436965420757,0.3921998965948741,2,0.24743734949707255,0.15484596527116223,0.04485270159639665,0.04292227278536835,0.09760199222116697,0.08764601112455926,0.03748924959080317,5,5,0.021583044408410055,0.030697245915183337,True,False,False,2.9889648651687906e-05,COMPLETE
1384,0.09413508623838426,2025-04-08 22:17:52.940215,2025-04-08 22:18:29.151130,0 days 00:00:36.210915,0.10656603294945476,0.4304764502496491,2,0.24220216491564384,0.14377221816851932,0.042990074997526266,0.04564014387140877,0.09554104910171668,0.09475459308619608,0.055396965423985124,6,64,0.017857560126568008,0.020008588259760145,True,False,True,1.977841525088626e-05,COMPLETE
1385,0.5330025911331178,2025-04-08 22:18:29.614911,2025-04-08 22:19:06.859233,0 days 00:00:37.244322,0.13343351368044873,0.4102432792434019,2,0.26266766881199016,0.16594289252852795,0.04986391626194005,0.040824051742111865,0.09823231646633938,0.08459342693945349,0.043108963675950025,5,61,0.02364679852667237,0.027638196753703777,True,False,False,1.5206105071080905e-05,COMPLETE
1386,0.5017079830169678,2025-04-08 22:19:07.305404,2025-04-08 22:19:45.056547,0 days 00:00:37.751143,0.17563380280700774,0.3581715571847169,2,0.2542910644039402,0.16155209997180045,0.037032040720645636,0.04430995406572178,0.09992714723850664,0.09118696850534579,0.08586332241643246,5,66,0.019927881028491586,0.04868994326353194,True,False,False,2.369107976424253e-05,COMPLETE
1387,0.44694526791572575,2025-04-08 22:19:45.496379,2025-04-08 22:20:27.512716,0 days 00:00:42.016337,0.14434819246268377,0.44133611485975,2,0.24815739934448378,0.1488236576528561,0.04621120911474446,0.046152274797460806,0.09403141527196054,0.08168585860605707,0.03104962109593211,6,96,0.021581429297877007,0.04135554117624254,True,False,False,1.3266058607592703e-05,COMPLETE
1388,0.24531160593032836,2025-04-08 22:20:27.955450,2025-04-08 22:21:05.797579,0 days 00:00:37.842129,0.11300968042396123,0.3984057272974601,2,0.24102967521676977,0.04145005895980596,0.048179153742620766,0.042990799564685045,0.09638715431719508,0.08653520110455401,0.07381193510987762,5,60,0.01595213957558788,0.03243722246224088,True,False,False,3.423967044182699e-05,COMPLETE
1389,0.5455877780914307,2025-04-08 22:21:06.239242,2025-04-08 22:21:43.909272,0 days 00:00:37.670030,0.13026129780665216,0.37453132662867933,2,0.25966518833767394,0.1551908722480671,0.044250819231421795,0.03922204525818147,0.09743267564296218,0.08966838436840531,0.06288132139451869,5,63,0.023708465860629364,0.020645479753596034,True,False,False,1.7240689362174096e-05,COMPLETE
1390,0.42157096266746524,2025-04-08 22:21:44.370396,2025-04-08 22:22:24.874675,0 days 00:00:40.504279,0.18580997591194606,0.3398642833404891,2,0.2703445864706648,0.15371744813401061,0.039464258474826264,0.03799344805074009,0.09863467782524389,0.09262816649290688,0.08194601019290482,6,71,0.023678293404232453,0.02041487028745643,True,False,False,2.6921643761298516e-05,COMPLETE
1391,0.5151878714561462,2025-04-08 22:22:25.323022,2025-04-08 22:23:02.571675,0 days 00:00:37.248653,0.1615250778486677,0.3690954968387131,2,0.26411753538965477,0.1599404053792293,0.04166557134063686,0.035088217469028356,0.09996181480566832,0.08965555798564227,0.07028047617572439,5,68,0.055915247201346,0.018503703034310322,True,False,False,1.9889112955507156e-05,COMPLETE
1392,0.4901093125343323,2025-04-08 22:23:03.013015,2025-04-08 22:23:43.479625,0 days 00:00:40.466610,0.13898033117561973,0.33678625222081204,2,0.26824098176586786,0.1453351452502779,0.042723992709998444,0.039915203412767795,0.09789888645866619,0.09083006992342514,0.06490078102877096,6,65,0.02436311577795735,0.02101158812582817,True,False,False,3.785447949126576e-05,COMPLETE
1393,0.5311378598213196,2025-04-08 22:23:43.923976,2025-04-08 22:24:21.457896,0 days 00:00:37.533920,0.09932405849626341,0.3603085505113463,2,0.2563797654362263,0.17870990323560673,0.04400862340773567,0.03662842205647615,0.09465556441085037,0.0926340410970395,0.06276167486798463,5,77,0.023668706065423265,0.026790153145844552,True,False,False,2.807804538202962e-05,COMPLETE
1394,0.5266969680786133,2025-04-08 22:24:21.902215,2025-04-08 22:24:59.408920,0 days 00:00:37.506705,0.15715214590361265,0.3774162014939287,2,0.2617335324230233,0.13450384953318867,0.039763439064869475,0.03511293165394558,0.09803214172907955,0.0946016223868877,0.093792287595757,5,69,0.018480497296963307,0.024886407152718223,True,False,False,2.1497748375883607e-05,COMPLETE
1395,0.21835267543792725,2025-04-08 22:24:59.852032,2025-04-08 22:25:40.192446,0 days 00:00:40.340414,0.12144088347614349,0.3373858727224994,2,0.2599364127637279,0.1528552899075648,0.04431464723798389,0.03828670859887588,0.09993557958114287,0.08886905227562461,0.07510897837630987,6,63,0.023853396984127615,0.016579409804294093,False,False,False,1.750578299513556e-05,COMPLETE
1396,0.3607309699058533,2025-04-08 22:25:40.653307,2025-04-08 22:26:00.582082,0 days 00:00:19.928775,0.20263190807840087,0.3805904163207588,16,0.2481523414788923,0.1602097457871388,0.04164141591094136,0.036827999953965324,0.09659403722328887,0.0913840718427003,0.05636239685539698,5,66,0.02042047042952439,0.01299009618109576,True,False,False,1.0208860557673616e-05,COMPLETE
1397,0.5288606524467468,2025-04-08 22:26:01.028192,2025-04-08 22:26:38.925832,0 days 00:00:37.897640,0.17763842195495755,0.34774311775118827,2,0.26709558839686115,0.16799032942609654,0.050005921654158604,0.03418392012896864,0.09313694443120928,0.08998576503290627,0.05319224192114842,5,73,0.023927618439375492,0.023841117255165883,True,False,False,3.710647210619456e-05,COMPLETE
1398,0.3537451565265656,2025-04-08 22:26:39.372052,2025-04-08 22:27:20.029451,0 days 00:00:40.657399,0.10462651574030693,0.3637073932028573,2,0.2522539543060991,0.14123416614498446,0.04720406441932521,0.039429947309469617,0.0974947642831545,0.08836773683657402,1.3453257730607702e-05,6,63,0.012709801787678178,0.016813461957867534,True,False,False,1.255458523216656e-05,COMPLETE
1399,0.09232706427574158,2025-04-08 22:27:20.475773,2025-04-08 22:27:53.557058,0 days 00:00:33.081285,0.13928236043695652,0.38682777222031856,2,0.24017425420903377,0.14942887672630967,0.04413327357892046,0.040755620971441295,0.0908929633995345,0.09470471584664797,0.06570215501321382,5,67,0.022201402369097747,0.06475946884158275,True,True,False,2.4682180680502154e-05,COMPLETE
1400,0.48044005632400516,2025-04-08 22:27:54.002138,2025-04-08 22:28:34.884011,0 days 00:00:40.881873,0.1554464233707939,0.3912695235012901,2,0.2581206247298806,0.2781213395091494,0.012960909076470864,0.038144764829701625,0.09489657133716607,0.09186370724476421,0.0811790673733579,6,62,0.01866511347457892,0.027083250021618252,True,False,False,2.9365008285205042e-05,COMPLETE
1401,0.5034459233283997,2025-04-08 22:28:35.347530,2025-04-08 22:29:12.874260,0 days 00:00:37.526730,0.13075239271034214,0.35472694121714593,2,0.24608102409133573,0.15638760787156444,0.045777378059784615,0.03673531321958721,0.09819634738087338,0.08782041022200072,0.029161724494942753,5,70,0.06396025239818783,0.08486382831839699,True,False,False,1.902158105583194e-05,COMPLETE
1402,0.13186135590076448,2025-04-08 22:29:13.326279,2025-04-08 22:29:46.133383,0 days 00:00:32.807104,0.09245572438550384,0.32912434391586365,2,0.2698444014592531,0.1716960765408973,0.04800778075076236,0.04102355831824162,0.09639551882431201,0.09028257036877645,0.03772026474858285,5,64,0.02400682515218208,0.019313426836803274,True,False,True,2.20658309076877e-05,COMPLETE
1403,0.3663447618484497,2025-04-08 22:29:46.584730,2025-04-08 22:30:27.589024,0 days 00:00:41.004294,0.11456881985835064,0.37475819437002983,2,0.26278443712996175,0.16320147387445338,0.04287055020171401,0.03923516690663037,0.09825244444626877,0.09366344989751858,0.05017101199918942,6,61,0.01024735208178537,0.030939653575989424,True,False,False,1.5848739740116823e-05,COMPLETE
1404,0.5136868596076966,2025-04-08 22:30:28.032951,2025-04-08 22:31:05.386924,0 days 00:00:37.353973,0.1665443372735728,0.40386385387808144,2,0.2505895498959066,0.14644461746896223,0.05034401023275982,0.046367124239766376,0.09511083302531267,0.0871213874839489,0.05840869569707551,5,66,0.020183309045780726,0.013258149111753544,True,False,False,3.1630634866850294e-05,COMPLETE
1405,0.3678886592388153,2025-04-08 22:31:05.834547,2025-04-08 22:31:46.962739,0 days 00:00:41.128192,0.14969981672139324,0.3824834356414139,2,0.2584404614018594,0.15203342256274996,0.037761829002765264,0.041941142970542966,0.09820270147467595,0.08906457059626573,0.04508482578359613,6,59,0.01683874081224774,0.0755796572772793,True,False,False,3.645617315916097e-05,COMPLETE
1406,0.3661612391471863,2025-04-08 22:31:47.407559,2025-04-08 22:32:24.932399,0 days 00:00:37.524840,0.12280717218780289,0.4043868593953345,2,0.24091613392133826,0.13802747354163958,0.04073719030063512,0.04460601134764454,0.09398847619995322,0.09267045495637935,0.035024453189546056,5,64,0.015077912515932743,0.023475161493384095,True,False,False,2.4904191997576482e-05,COMPLETE
1407,0.5521075487136841,2025-04-08 22:32:25.396007,2025-04-08 22:33:02.499738,0 days 00:00:37.103731,0.1793756766167514,0.4463436557425677,2,0.25332793032565476,0.15678856389414236,0.04543490575346578,0.032866024980167045,0.09634210896027118,0.09518000396562996,0.0519964103599388,5,70,0.022100711462093463,0.0545433416896703,True,False,False,1.328947182667816e-05,COMPLETE
1408,0.5045244932174683,2025-04-08 22:33:02.947085,2025-04-08 22:33:43.982872,0 days 00:00:41.035787,0.19714569969658446,0.4434326101923686,2,0.26439405197027244,0.14372130263788202,0.048657912723993,0.029196091550563963,0.09248430226317755,0.09586760096782736,0.04169646796743267,6,74,0.022361620547071942,0.05742771161328452,True,False,False,1.1776564240789698e-05,COMPLETE
1409,0.5291641116142274,2025-04-08 22:33:44.430959,2025-04-08 22:34:21.757250,0 days 00:00:37.326291,0.18714895533545595,0.447228583847043,2,0.24671823827270878,0.15606718329030866,0.045528263645870995,0.03394035934545498,0.09590185393083654,0.0955863883205858,0.036948651959415345,5,70,0.02380893729337423,0.0625022051253703,True,False,False,9.760231726297284e-06,COMPLETE
1410,0.39150729179382326,2025-04-08 22:34:22.203989,2025-04-08 22:35:00.419758,0 days 00:00:38.215769,0.14730286929543626,0.4563377889241822,2,0.2553818078782546,0.14958440497576977,0.046517293441761455,0.034657411477534254,0.09101492921753414,0.09578396994455295,0.028982094894788393,5,146,0.022291239782249835,0.05747175584508657,True,False,False,1.5297390949872118e-05,COMPLETE
1411,0.49750282764434817,2025-04-08 22:35:00.866211,2025-04-08 22:35:41.606529,0 days 00:00:40.740318,0.10380534436800828,0.43956391470389244,2,0.24000957468605533,0.1322200082365778,0.050295841391608295,0.03627000901031147,0.09997409704237827,0.09362863742670254,0.047756485938134655,6,72,0.023707034226829127,0.06735694088453684,True,False,False,8.940465417556956e-06,COMPLETE
1412,0.5335991621017456,2025-04-08 22:35:42.075315,2025-04-08 22:36:19.592545,0 days 00:00:37.517230,0.13621664718642718,0.45011436080179584,2,0.2587053817765016,0.15554686075524912,0.04808257462825559,0.03299118677025823,0.09338625683395244,0.09527909209843682,0.050693233048472335,5,62,0.02454609196218017,0.053269846668001226,True,False,False,1.2817279337161298e-05,COMPLETE
1413,0.4977111697196961,2025-04-08 22:36:20.042244,2025-04-08 22:37:00.824782,0 days 00:00:40.782538,0.2308608688110388,0.42359845366823046,2,0.2503767150068153,0.14459738840900271,0.04543706437657045,0.03058751581460452,0.09531451463906432,0.09433535108172847,0.039098302357408035,6,66,0.021657279178581415,0.06065325982939793,True,False,False,1.290682767128023e-05,COMPLETE
1414,0.2494354248046875,2025-04-08 22:37:01.275841,2025-04-08 22:37:38.849258,0 days 00:00:37.573417,0.08800001914972082,0.45406753606525324,2,0.26641276248598933,0.15071731297756896,0.04752643808253134,0.03499979209650694,0.09989996148546788,0.091722316431631,4.269128224867707e-05,5,76,0.02440067441851303,0.056040579448108765,False,False,False,1.780008633141194e-05,COMPLETE
1415,0.5178450226783753,2025-04-08 22:37:39.298375,2025-04-08 22:38:16.916121,0 days 00:00:37.617746,0.17106254089710224,0.42708707758999925,2,0.15489406338076425,0.15915495353003442,0.05014657650657554,0.03112718944825506,0.09664846917441204,0.09342012911176535,0.029606155548505403,5,59,0.021679864004307117,0.07171976238940737,True,False,False,1.431522115613427e-05,COMPLETE
1416,0.5300255298614502,2025-04-08 22:38:17.365002,2025-04-08 22:38:57.897781,0 days 00:00:40.532779,0.11971798394069577,0.4188357917174247,2,0.24356954143274387,0.14281018046874516,0.04485848274976652,0.032244550727377516,0.0966714821278007,0.0912449045474268,0.0541095233287034,6,63,0.01996081048032064,0.04941833436717869,True,False,False,7.467505072809642e-06,COMPLETE
1417,0.09917741864919663,2025-04-08 22:38:58.363232,2025-04-08 22:39:31.225838,0 days 00:00:32.862606,0.14592647766335318,0.4485987566896,2,0.2531277958847278,0.15180866740297058,0.04719239915692821,0.034402023550573854,0.09993819201575747,0.09580576176071487,0.0398308627680794,5,68,0.024238132378053546,0.05271444058271483,True,True,False,1.704187433064335e-05,COMPLETE
1418,0.4726847231388092,2025-04-08 22:39:31.676903,2025-04-08 22:39:51.973963,0 days 00:00:20.297060,0.10945445231046733,0.3558877045988972,16,0.2614338170746662,0.15911438431535188,0.05071376517492363,0.03201775343962789,0.09292843987717875,0.0931499225282688,0.04615409836497431,6,61,0.02232188933710357,0.010289919838730335,True,False,False,1.0387612398768124e-05,COMPLETE
1419,0.5151893734931946,2025-04-08 22:39:52.425035,2025-04-08 22:40:30.318302,0 days 00:00:37.893267,0.13056341797042095,0.432764484209559,2,0.24791641783190072,0.13868927838364298,0.04386396452551134,0.03232896585654959,0.09819510494856978,0.035694990654192474,0.0336816179107682,5,65,0.018370451429986098,0.06266125927204598,True,False,False,2.1204371356808855e-05,COMPLETE
1420,0.5297235727310181,2025-04-08 22:40:30.768310,2025-04-08 22:41:08.016366,0 days 00:00:37.248056,0.15972705407698218,0.33328180097199744,2,0.26894384812904953,0.14769423938921883,0.04674354992332571,0.028089909251839622,0.0942063609586063,0.09079069503882688,0.057304246869263394,5,60,0.02085208661447661,0.26258099863403617,True,False,False,1.318059142850357e-05,COMPLETE
1421,0.08938254415988922,2025-04-08 22:41:08.488412,2025-04-08 22:41:44.080370,0 days 00:00:35.591958,0.19475772752014053,0.45306127817525765,2,0.238779483266573,0.15660272591257984,0.04886648154876664,0.030744448672685203,0.0962169437189197,0.0898292993661372,0.028913375593635573,6,70,0.024410964702063716,0.016744177748778503,True,False,True,1.7647438554900117e-05,COMPLETE
1422,0.5021134495735169,2025-04-08 22:41:44.537293,2025-04-08 22:42:22.609891,0 days 00:00:38.072598,0.08838118000912543,0.41115035392903776,2,0.25656863440820554,0.16262023769712255,0.04501211163670179,0.0366919437431049,0.09813998107089988,0.0928210351647744,0.04660548404117559,5,80,0.02217767722237004,0.04669523738474864,True,False,False,3.8948220484588954e-05,COMPLETE
1423,0.5078576087951661,2025-04-08 22:42:23.064466,2025-04-08 22:43:00.488677,0 days 00:00:37.424211,0.1788171459866605,0.4614337003889923,2,0.2440707228182196,0.15178011815445427,0.0491491355680972,0.03701953071605094,0.09060631527705945,0.0961001568751248,0.03542218924148038,5,58,0.019289500103367368,0.011204061177727168,True,False,False,2.0069779818096562e-05,COMPLETE
