number,value,datetime_start,datetime_complete,duration,params_alpha-eval,params_alpha-train,params_batch-size,params_eps-eval,params_eps-train,params_lambda-actions-eval,params_lambda-actions-train,params_lambda-frames-eval,params_lambda-frames-train,params_learning-rate,params_n-epochs,params_n-frames,params_radius-gw,params_rho,params_std-feats,params_ub-actions,params_ub-frames,params_weight-decay,state
0,0.09188934862613678,2025-04-19 12:59:16.424044,2025-04-19 12:59:55.258606,0 days 00:00:38.834562,0.611540821143044,0.3366719258154766,2,0.04807553563174544,0.20121589187022748,0.018182162232374132,0.015456644028086122,0.05353236438173055,0.05595136167175323,2.1904579757103706e-05,7,95,0.08603303665502275,0.23705822745899713,True,True,False,4.052240136504121e-06,COMPLETE
1,0.15325015485286714,2025-04-19 12:59:55.263011,2025-04-19 13:00:29.401490,0 days 00:00:34.138479,0.9627251723927349,0.014623850981090895,8,0.17091925871933952,0.17839546269393758,0.03426866483648222,0.01678898237153215,0.055486967250399415,0.01382984852376893,0.00011703275675678908,23,119,0.07203098408410416,0.032693541956079514,False,False,True,4.674623576991302e-05,COMPLETE
2,0.14753497242927552,2025-04-19 13:00:29.405085,2025-04-19 13:00:59.774678,0 days 00:00:30.369593,0.9609215014093119,0.22033913181755493,8,0.28931106891743646,0.19673480184019487,0.021712801737430103,0.05895909103956475,0.06746320191372666,0.034314754651516385,0.0036575920105638665,20,36,0.06977559398717145,0.10680857678382297,False,True,False,0.0006068161511806863,COMPLETE
3,0.1646474987268448,2025-04-19 13:00:59.778590,2025-04-19 13:02:11.467419,0 days 00:01:11.688829,0.3520286481072905,0.9597345619389848,2,0.1642592689859086,0.10921280057372598,0.08262012932954095,0.026272902075763098,0.05384145506187009,0.001856870519161281,0.0006207233015534896,19,31,0.0019589593969851784,0.20548840116716607,True,False,True,2.3547346231225318e-07,COMPLETE
4,0.24225014448165894,2025-04-19 13:02:11.471612,2025-04-19 13:02:35.395811,0 days 00:00:23.924199,0.6348549069518434,0.6695234377613631,16,0.13538634086258583,0.13405109326324977,0.05380544344999823,0.008523270369844859,0.06137430240268392,0.06868600081391607,0.014218794700939329,21,47,0.07449999440665292,0.1799240250581162,False,False,True,8.957599655881891e-06,COMPLETE
5,0.09188934862613678,2025-04-19 13:02:35.400556,2025-04-19 13:04:09.361452,0 days 00:01:33.960896,0.7507521842104022,0.7317756932589238,2,0.24733160208345048,0.27626051396080126,0.05349926789638556,0.07509310909737119,0.07083038690908725,0.03014926811030968,0.000774153993922311,25,109,0.06807092319318217,0.19911724662441344,True,True,True,0.00012933676114150328,COMPLETE
6,0.41195946335792544,2025-04-19 13:04:09.366196,2025-04-19 13:05:45.692875,0 days 00:01:36.326679,0.4873680393254994,0.3060721756739883,2,0.1017150955805181,0.19448329511415743,0.02320708497007348,0.02093294421507476,0.03863324720629822,0.019661957607113464,0.012694926345940502,23,119,0.07300402344244845,0.1694407269088392,False,False,False,5.7374367806277443e-08,COMPLETE
7,0.09541803300380708,2025-04-19 13:05:45.697951,2025-04-19 13:06:22.728975,0 days 00:00:37.031024,0.2967430374705781,0.40133105958303394,8,0.0570215673775687,0.08486651057053124,0.02962157343280627,0.043743570967949626,0.03717863342027739,0.02812953257745955,0.015161857751607798,27,59,0.06657560872270105,0.1052116172711388,True,True,False,1.6252996598039906e-06,COMPLETE
8,0.43236742019653324,2025-04-19 13:06:22.734301,2025-04-19 13:06:51.306577,0 days 00:00:28.572276,0.9511032439853847,0.6841146090657795,16,0.2232436234207217,0.09034978083697823,0.07491838980511321,0.05951664846824803,0.0816600408190544,0.09115133371754514,0.003508582616874063,22,44,0.0845377231091375,0.2219957494006195,True,False,False,3.7689324611815814e-06,COMPLETE
9,0.22455382347106936,2025-04-19 13:06:51.312651,2025-04-19 13:07:13.223580,0 days 00:00:21.910929,0.6414827452807862,0.6703869338126434,8,0.04003816975252445,0.014737254652587182,0.038527697320999754,0.08478672848805358,0.030876023017768667,0.08848025346383208,0.001641517361986727,7,94,0.00769959469331307,0.19319641273798954,False,False,True,2.601005381491374e-07,COMPLETE
10,0.45492526292800906,2025-04-19 13:07:13.229947,2025-04-19 13:07:34.851938,0 days 00:00:21.621991,0.1806821252097111,0.8991063836469787,16,0.2223298075399786,0.005263351574234354,0.09814691295845138,0.09889164093149,0.09929185976129687,0.09653361121293748,0.09024800845601755,12,7,0.04192203322118414,0.29478404558144294,True,False,False,1.4753530538785707e-08,COMPLETE
11,0.41525103449821477,2025-04-19 13:07:34.858969,2025-04-19 13:07:56.473701,0 days 00:00:21.614732,0.05305073247649661,0.9757490837070155,16,0.22109478183103154,0.0006854080433761761,0.09898102840087025,0.0905482983030182,0.09979483895183835,0.09781899983495088,0.07294758583804475,13,6,0.035730572948133046,0.29505481956644974,True,False,False,1.2343560432860924e-08,COMPLETE
12,0.41175533533096315,2025-04-19 13:07:56.484660,2025-04-19 13:08:18.941070,0 days 00:00:22.456410,0.0672109902161031,0.7729195212592084,16,0.21703328208020778,0.05672711109252655,0.07556927541295337,0.09960512300467217,0.0998005569915651,0.0782462291697032,0.04238400587572376,14,6,0.045249737922061384,0.2970547059965352,True,False,False,7.371427045566098e-07,COMPLETE
13,0.3440735638141632,2025-04-19 13:08:18.948232,2025-04-19 13:08:54.349911,0 days 00:00:35.401679,0.2766343710504904,0.8353452843987378,16,0.26548282000997075,0.04966859564520238,0.09855340710182445,0.06494986585280503,0.0076346250284834855,0.09790835725426385,0.00016219311568552513,30,67,0.0976016379966288,0.25161295997119726,True,False,False,1.874004539922902e-05,COMPLETE
14,0.3654193103313446,2025-04-19 13:08:54.357250,2025-04-19 13:09:17.126221,0 days 00:00:22.768971,0.8476626937207186,0.5230944098459562,16,0.21011776645320498,0.0617172809688228,0.07360831620803969,0.040786059556156086,0.08368805718096067,0.07108801560542677,0.09537919688986891,12,22,0.023286203401291117,0.24068765883790516,True,False,False,1.3764206702924573e-08,COMPLETE
15,0.2859817683696747,2025-04-19 13:09:17.133824,2025-04-19 13:09:51.029318,0 days 00:00:33.895494,0.17589476401491366,0.5500729070522555,16,0.1897117061559862,0.03088655291029958,0.08525645447787929,0.07252784308524983,0.08217924072625701,0.04948502006342089,0.00416448617429204,16,146,0.05124698643959856,0.26122316088220165,True,False,False,9.979867049674709e-08,COMPLETE
16,0.4399455368518829,2025-04-19 13:09:51.037362,2025-04-19 13:10:13.814151,0 days 00:00:22.776789,0.4522670661283727,0.8655224868750221,16,0.11996440512298842,0.09600982164948385,0.06390338127863596,0.034463020147232376,0.08381734339720501,0.08181929890215976,1.552733584487785e-05,10,48,0.048568770571915,0.2697718603841977,True,False,False,1.112064623234222e-06,COMPLETE
17,0.4424150109291077,2025-04-19 13:10:13.822516,2025-04-19 13:10:35.619226,0 days 00:00:21.796710,0.438995386938272,0.8949706313008412,16,0.11942209551883731,0.2519420971713593,0.05994021081609592,0.03300149975867195,0.09084528453017968,0.08346304761418322,1.0964093908327522e-05,10,21,0.05192423341339789,0.13278678069008942,True,False,False,4.5833824206218425e-08,COMPLETE
18,0.15630833208560943,2025-04-19 13:10:35.627879,2025-04-19 13:10:53.229325,0 days 00:00:17.601446,0.1837940522760438,0.8906947344367315,16,0.09467537418262226,0.2680256427761463,0.0017141354090468852,0.05098318671188299,0.09482020037755139,0.06010272441386868,5.7021750995844256e-05,5,19,0.029208672966097356,0.12086787390552661,True,True,False,3.8513528802057534e-08,COMPLETE
19,0.46662015914917,2025-04-19 13:10:53.238338,2025-04-19 13:11:15.227379,0 days 00:00:21.989041,0.40338189865169916,0.9981344150504682,16,0.08631468304782713,0.2284605732758854,0.061810300788078296,0.03332703876862603,0.08972376568474975,0.08184374036811075,4.544252341168357e-05,10,20,0.05614515338255676,0.04114753343940139,True,False,False,2.8369259283612367e-08,COMPLETE
20,0.09188934862613678,2025-04-19 13:11:15.236559,2025-04-19 13:11:42.202517,0 days 00:00:26.965958,0.15844076960222284,0.5912258300438178,16,0.0012304313365083808,0.23825830378113283,0.043502708375305815,0.005220323092759445,0.07312670607036102,0.07254378732249717,0.0002977497848646392,16,77,0.03757754590645942,0.0011169420037588848,True,False,False,1.0401327845465715e-08,COMPLETE
21,0.46912568211555483,2025-04-19 13:11:42.212068,2025-04-19 13:12:04.074553,0 days 00:00:21.862485,0.38352855086391896,0.9861538237965617,16,0.08216454098685437,0.23978078119226595,0.06150120597145361,0.03217535671511554,0.08915024400304876,0.08443929391040705,4.873220036099249e-05,10,21,0.05566496284751537,0.06550570494726929,True,False,False,3.758697898544281e-08,COMPLETE
22,0.37184394598007203,2025-04-19 13:12:04.084209,2025-04-19 13:12:24.460615,0 days 00:00:20.376406,0.36474838504486257,0.9946012884402183,16,0.07557429659826449,0.22815577326046488,0.06339582081048252,0.0482055775274974,0.09041978889317685,0.09970573612724477,3.634953204770894e-05,10,5,0.018697261789260546,0.06337151730914577,True,False,False,1.6975034131327766e-07,COMPLETE
23,0.435213565826416,2025-04-19 13:12:24.470448,2025-04-19 13:12:45.439294,0 days 00:00:20.968846,0.5627995646582555,0.8035797831015457,16,0.013948674858215021,0.29962736758545083,0.0874111410463543,0.03173950710539417,0.07608776454710421,0.04404457070833849,0.00010178654266632559,8,30,0.05433288327439532,0.08149417228435005,True,False,False,2.4525860730548482e-08,COMPLETE
24,0.37357801198959356,2025-04-19 13:12:45.449691,2025-04-19 13:13:08.605749,0 days 00:00:23.156058,0.242299321381134,0.9195839829860691,16,0.14642345026411077,0.1630407622192341,0.04493407157146535,0.02499852645128207,0.09137444774712915,0.08937495546059851,0.00025213524294146795,12,17,0.05867688027154418,0.046889350516055195,True,False,False,8.991914971851258e-08,COMPLETE
25,0.4590436398983002,2025-04-19 13:13:08.616474,2025-04-19 13:13:34.544935,0 days 00:00:25.928461,0.3793430309045955,0.9983582846589205,16,0.0806277953440991,0.2208461925026476,0.06621183398379661,0.03969324433331005,0.09972093105440943,0.06361497544049798,4.780798408185638e-05,15,57,0.061441395638476386,0.011175344169977675,True,False,False,2.826842852422951e-08,COMPLETE
26,0.09715312719345093,2025-04-19 13:13:34.555800,2025-04-19 13:13:56.869652,0 days 00:00:22.313852,0.38304510847240963,0.9905449184734748,16,0.07161279315600617,0.22157909550325247,0.06802636953337177,0.039647706714442676,0.00910305340663236,0.06493716560819854,4.743302745410883e-05,16,58,0.06018761988362978,0.0037843934545138402,False,True,True,4.0749645854290823e-07,COMPLETE
27,0.36949307918548585,2025-04-19 13:13:56.881713,2025-04-19 13:14:16.739515,0 days 00:00:19.857802,0.4969049607369741,0.7625631272653357,16,0.08964566147607987,0.13960116706058756,0.055893033615806414,0.0533243067762547,0.08790600731383852,0.07867760729080309,2.177365953419854e-05,5,38,0.0823860985356403,0.03190975628921336,True,False,False,1.1842917784191901e-07,COMPLETE
28,0.41676828861236576,2025-04-19 13:14:16.751081,2025-04-19 13:15:37.860644,0 days 00:01:21.109563,0.5470641657222104,0.8327977861030487,2,0.02214656083116181,0.21648136366949233,0.0498462990545702,0.030209292660540794,0.06331389401723406,0.06348833067327017,6.721737788062786e-05,18,78,0.060742071110904836,0.07600660977768417,True,False,False,3.5541137229178364e-08,COMPLETE
29,0.32157344222068784,2025-04-19 13:15:37.872662,2025-04-19 13:16:00.655588,0 days 00:00:22.782926,0.404439965118431,0.17390411335928357,8,0.06253993892944176,0.29967318568779155,0.06913922459610099,0.014098552145477415,0.07690437770906508,0.05553551876497836,2.320280140695563e-05,8,55,0.0909999499170871,0.023598661686145585,True,True,False,5.556561918687145e-07,COMPLETE
30,0.42421162128448486,2025-04-19 13:16:00.667658,2025-04-19 13:17:07.819815,0 days 00:01:07.152157,0.3148042016267952,0.9311049120115042,2,0.039489298155288614,0.2478578749324391,0.046042499883046276,0.0011089678914443096,0.04544140060344589,0.054492230963144865,0.00034565772021088293,14,68,0.07870853635682894,0.053830929130464916,True,False,False,2.6152365031776483e-08,COMPLETE
31,0.41934283375740056,2025-04-19 13:17:07.832030,2025-04-19 13:17:29.849663,0 days 00:00:22.017633,0.22887913892130973,0.9948665567646895,16,0.11759176256944802,0.1678456634986332,0.08971988302439683,0.03809914823806321,0.09652286846157371,0.09170750540669509,2.7566085110586046e-05,11,12,0.04181022305239534,0.15080406436631147,True,False,False,1.6284048637455044e-08,COMPLETE
32,0.3736966669559479,2025-04-19 13:17:29.862530,2025-04-19 13:17:53.764898,0 days 00:00:23.902368,0.11382107293207205,0.8995531371383234,16,0.0826079592292891,0.20510858694758413,0.0928286083477211,0.04440300594448465,0.09308012939634656,0.07585138527350369,9.070256172904499e-05,14,24,0.03975761222971072,0.02320048996650024,True,False,False,6.713744967549949e-08,COMPLETE
33,0.4896208643913269,2025-04-19 13:17:53.778155,2025-04-19 13:18:14.876530,0 days 00:00:21.098375,0.3277550419033215,0.4447643845996451,16,0.17093936783076083,0.25703531793527606,0.08321908984871304,0.019967633935940955,0.08663355279616786,0.08636124137601245,0.00015980664010235103,8,33,0.030866106142898433,0.07748286692695691,True,False,False,2.4267307788001805e-08,COMPLETE
34,0.09512250870466234,2025-04-19 13:18:14.889821,2025-04-19 13:18:36.742726,0 days 00:00:21.852905,0.4256122652856578,0.4482672277266224,8,0.15561704420945882,0.26408389116152503,0.05942026505553525,0.016684664304112553,0.08606858379889028,0.08424794467529237,0.0001563274510378602,8,35,0.02975865218355698,0.09560317665210316,False,False,True,1.9477060692224915e-07,COMPLETE
35,0.3846438586711884,2025-04-19 13:18:36.756552,2025-04-19 13:18:57.176309,0 days 00:00:20.419757,0.3323805593530412,0.038183221593591166,16,0.17901164045163603,0.18204792861354785,0.0791515755841742,0.024176777445514025,0.07835935738004307,0.04326729646385163,0.0005048768511965806,6,28,0.06373639831107286,0.0447573656793327,True,False,False,2.7317825982565548e-08,COMPLETE
36,0.09193860590457917,2025-04-19 13:18:57.190316,2025-04-19 13:19:15.960293,0 days 00:00:18.769977,0.570843255348375,0.31328779618971203,16,0.13710285808061481,0.27888238238481045,0.06667938437366479,0.01412023805012868,0.060379625453423076,0.06947033049729905,1.0614717835291626e-05,9,43,0.014980224946591743,0.07550131429424806,False,True,True,6.783003698512647e-08,COMPLETE
37,0.464829683303833,2025-04-19 13:19:15.974784,2025-04-19 13:19:59.984423,0 days 00:00:44.009639,0.25700227713642687,0.598308987048278,2,0.10447317052719836,0.2040887844089918,0.08051147373422013,0.027794892280126618,0.07036689227533055,0.08600084330280242,0.0001513782612367254,7,51,0.05800058398103871,0.06194509336595055,True,False,False,0.0006206446522281281,COMPLETE
38,0.48104339838027954,2025-04-19 13:19:59.998866,2025-04-19 13:20:37.728059,0 days 00:00:37.729193,0.25020708182160123,0.39858174223622544,2,0.10296443083643085,0.1919911170080542,0.08205966284463823,0.021675126143697935,0.07035763895995975,0.08562898750303072,0.0012877198767189705,5,34,0.0536095435635051,0.09409324264855068,True,False,False,0.0007634104451918273,COMPLETE
39,0.09188934862613678,2025-04-19 13:20:37.742825,2025-04-19 13:21:13.217454,0 days 00:00:35.474629,0.4853369657034817,0.3958482866437829,2,0.16718684186088914,0.18698397196663594,0.09115804191368607,0.020793063935521196,0.06459419360686415,0.07365285847030274,0.0020337626120518182,6,39,0.03177329511152695,0.0923378003610715,False,True,True,0.0002728639819575316,COMPLETE
40,0.4318519711494446,2025-04-19 13:21:13.232994,2025-04-19 13:22:03.847211,0 days 00:00:50.614217,0.30298228204385724,0.2332689553077663,2,0.13179024059776326,0.2531946838009702,0.07202302684983333,0.00888071826302603,0.050111281807392646,0.09349576962030046,0.0011683468851500121,9,32,0.06981703014929669,0.1241532784809859,True,False,False,9.478073422238737e-06,COMPLETE
41,0.4721842408180237,2025-04-19 13:22:03.862626,2025-04-19 13:22:48.345851,0 days 00:00:44.483225,0.2469804255386044,0.46276708446312514,2,0.10949531341584806,0.19746339496566642,0.08099943099270922,0.026930147088020898,0.0709959704917406,0.08597696835437336,0.0001796691095790034,7,49,0.053822331869055745,0.06135569065797157,True,False,False,0.0008634450257977023,COMPLETE
42,0.4391968846321106,2025-04-19 13:22:48.361574,2025-04-19 13:23:29.777610,0 days 00:00:41.416036,0.3417625717065541,0.45789259411855643,2,0.1071778618956125,0.2302186629813437,0.08100070348737627,0.020611425213804768,0.0678202410313416,0.07932007230878138,0.0004437802108658373,6,16,0.04741680373826684,0.10542610259633467,True,False,False,9.108898860802093e-05,COMPLETE
43,0.47847471833229066,2025-04-19 13:23:29.793998,2025-04-19 13:24:13.963858,0 days 00:00:44.169860,0.23411025061243576,0.38339208479732595,2,0.049811169318549516,0.15420859175340076,0.08028653089038505,0.009975939803605735,0.07911045549177409,0.08731844193408118,0.00022738549492046676,7,41,0.0553982992230156,0.06917732280945349,True,False,False,0.0008121694432658567,COMPLETE
44,0.48747599124908453,2025-04-19 13:24:13.980147,2025-04-19 13:24:51.492043,0 days 00:00:37.511896,0.11982399453749093,0.37322391316249015,2,0.049831727792031634,0.12855556760361875,0.08462324956482066,0.00992486146308509,0.07923137648018644,0.09282927369950056,0.000701139285901384,5,42,0.06765689254326863,0.06473930178462631,True,False,False,0.0003034372311402553,COMPLETE
45,0.31789666414260864,2025-04-19 13:24:51.508956,2025-04-19 13:25:29.521050,0 days 00:00:38.012094,0.017389473314076753,0.3592107654604534,2,0.0609543015327758,0.13985388953835667,0.09434492359123896,0.01106571400873109,0.05851423495202021,0.007179052447240722,0.0008162548066873494,5,65,0.0760970724307801,0.08852098896806897,True,False,False,0.0009270566899045879,COMPLETE
46,0.4624263048171997,2025-04-19 13:25:29.538185,2025-04-19 13:26:13.705673,0 days 00:00:44.167488,0.12404277832385752,0.47498101792843656,2,0.0409533358850592,0.11552637598600102,0.08572810236209426,0.00468133582489577,0.07355931815988447,0.09398728645362689,0.00022488935294886594,7,45,0.06616075052628112,0.14452051157306156,True,False,False,0.0002172735270564478,COMPLETE
47,0.3635283470153809,2025-04-19 13:26:13.723220,2025-04-19 13:26:52.978175,0 days 00:00:39.254955,0.2228380925902285,0.25455997265308616,2,0.030244879287751665,0.15095340624497416,0.07780954780165478,0.020555957634997755,0.07930090467736874,0.09052283681474822,0.0012445066136357007,7,77,0.04459579755725063,0.10347633046908931,False,False,True,0.0003149467271114575,COMPLETE
48,0.48094848990440375,2025-04-19 13:26:52.995728,2025-04-19 13:27:30.678335,0 days 00:00:37.682607,0.09673968029634214,0.40518506978807983,2,0.18947000975589623,0.12063016007028404,0.08359148131914068,0.01247894012135787,0.06773246601959243,0.08660389042147731,0.002471991314651882,5,40,0.07185772644488045,0.06317449775729557,True,False,False,5.4100378065491084e-05,COMPLETE
49,0.38289922475814825,2025-04-19 13:27:30.698504,2025-04-19 13:28:08.842511,0 days 00:00:38.144007,0.08920626491310138,0.40158418239177474,2,0.195374822997254,0.10388681754572823,0.08409210293687934,0.011352632456220093,0.06743047272641568,0.09538406322317003,0.007002777657164826,5,96,0.07477690142357918,0.11746395991397945,True,False,False,3.908751554487709e-05,COMPLETE
50,0.10227324515581132,2025-04-19 13:28:08.861119,2025-04-19 13:28:44.268603,0 days 00:00:35.407484,0.03215583206309272,0.28751774080998366,2,0.2352860444018599,0.12605643935077604,0.09566649272360142,0.0017443114139982455,0.04940542231159686,0.08910865628672754,0.00231364379898759,6,38,0.06866230836916239,0.16839715118073914,True,True,False,9.686775191056596e-05,COMPLETE
51,0.4744237005710602,2025-04-19 13:28:44.287413,2025-04-19 13:29:31.292296,0 days 00:00:47.004883,0.13334705759623083,0.36643139177823136,2,0.180213709034044,0.15783193556435104,0.07323294106361258,0.017593529352937676,0.05601388219063448,0.08703877060332119,0.0007209312868905359,8,50,0.05220463449069669,0.06996038134011047,True,False,False,0.00048054187889014113,COMPLETE
52,0.488998430967331,2025-04-19 13:29:31.311444,2025-04-19 13:30:19.153331,0 days 00:00:47.841887,0.1494765787508741,0.36909726337730187,2,0.20242956786456073,0.15580496940575397,0.07192563050146142,0.017305097617537915,0.0570353597151909,0.07902111961698033,0.0007553869821309008,8,28,0.06482897484836683,0.08070924428735222,True,False,False,0.0004233740046136916,COMPLETE
53,0.5031789422035218,2025-04-19 13:30:19.172651,2025-04-19 13:32:01.519375,0 days 00:01:42.346724,0.20448689048725233,0.14920164073244752,2,0.2034158981588804,0.07932435712605253,0.08872937617911447,0.006316193970772471,0.08062041524149799,0.07457029052166193,0.004045731268877186,25,27,0.07203218615577713,0.08386557715288981,True,False,False,0.00014829683920849316,COMPLETE
54,0.49426224231719973,2025-04-19 13:32:01.539216,2025-04-19 13:33:51.166109,0 days 00:01:49.626893,0.07785069265154494,0.18578913233455777,2,0.20682521709951493,0.08260472582674833,0.08872482384454332,0.006142930529872307,0.04360160450050065,0.07663746540694547,0.005237218965714808,27,28,0.07973789008718168,0.08534216273572975,True,False,False,4.3969095950841536e-05,COMPLETE
55,0.49950422048568727,2025-04-19 13:33:51.185889,2025-04-19 13:35:37.844068,0 days 00:01:46.658179,0.1846611047062714,0.16335264301291127,2,0.25829516983352574,0.07849362071398677,0.08869114935418557,0.006486927534199341,0.024730207486272925,0.07674524191800389,0.007306120832316357,26,25,0.08988372751769247,0.08720221632303812,True,False,False,0.00017784446907058758,COMPLETE
