number,value,datetime_start,datetime_complete,duration,params_alpha-eval,params_alpha-train,params_batch-size,params_eps-eval,params_eps-train,params_lambda-actions-eval,params_lambda-actions-train,params_lambda-frames-eval,params_lambda-frames-train,params_learning-rate,params_n-epochs,params_n-frames,params_radius-gw,params_rho,params_std-feats,params_ub-actions,params_ub-frames,params_weight-decay,state
0,0.09301994591951371,2025-04-08 08:34:45.659577,2025-04-08 08:35:09.722168,0 days 00:00:24.062591,0.7984672634360864,0.4717893016558303,8,0.201233044069215,0.2042049350016259,0.012915790968469166,0.04347504262839471,0.03503110626705591,0.01862911492345305,0.00019540572075405865,8,148,0.03446774157150942,0.014063917418078383,True,False,True,1.4829382932612485e-08,COMPLETE
1,0.15103139877319335,2025-04-08 08:35:09.726377,2025-04-08 08:35:43.532962,0 days 00:00:33.806585,0.12479084133562737,0.14808430690274463,8,0.2734605209602656,0.008285053424852175,0.018276035098556527,0.03509260636068216,0.01757809893999648,0.036907562654186474,6.842294125918239e-05,24,49,0.021505685861778413,0.06195915583427025,True,False,True,9.612315726313556e-06,COMPLETE
2,0.25319201946258546,2025-04-08 08:35:43.536820,2025-04-08 08:36:02.022794,0 days 00:00:18.485974,0.0897604259343588,0.19825687241425347,16,0.05346818316085399,0.09818365701104935,0.0668722201691995,0.02908322594928494,0.012640797910050065,0.008906769254850358,0.018942412855924608,6,22,0.06583032877226794,0.2130931027950629,False,True,True,1.6534470726246486e-05,COMPLETE
3,0.09135908335447313,2025-04-08 08:36:02.026584,2025-04-08 08:37:24.389129,0 days 00:01:22.362545,0.1714125007899668,0.1977972651445524,2,0.21816545332289478,0.278752611485458,0.07346353588389487,0.05889782335434326,0.049554744166952755,0.04527922530477285,3.670427790364271e-05,23,73,0.01061804353515151,0.28676220454447476,False,False,True,7.781695377021627e-07,COMPLETE
4,0.17173809707164764,2025-04-08 08:37:24.393273,2025-04-08 08:37:43.454975,0 days 00:00:19.061702,0.13774658325921046,0.9570893051178126,16,0.22883438960030347,0.045770633246322065,0.07173369077873533,0.04662970901842503,0.08133452045460961,0.017254957345561286,0.014347904512504346,12,10,0.03608066446271638,0.03918824164009219,False,True,False,4.3068481955903326e-08,COMPLETE
5,0.14388339817523957,2025-04-08 08:37:43.459769,2025-04-08 08:38:12.273158,0 days 00:00:28.813389,0.99186983981329,0.5712544907996462,8,0.15750010817386467,0.01149272506165971,0.08326698260663362,0.05210514527825979,0.05257536364791285,0.06387176058348688,5.1756631171833606e-05,17,68,0.0807753644433929,0.06946481547600654,True,True,False,3.75053904757695e-05,COMPLETE
6,0.38762469291687013,2025-04-08 08:38:12.277940,2025-04-08 08:38:38.155207,0 days 00:00:25.877267,0.08796610860695878,0.4095211838902253,16,0.22206217116339236,0.12918998322736486,0.07127703145547434,0.05404886775177634,0.048407230921402,0.06350596774625522,0.0027600695281624022,20,15,0.04899295384108329,0.1804564049182172,True,False,False,5.310994205711411e-07,COMPLETE
7,0.09188934862613678,2025-04-08 08:38:38.160278,2025-04-08 08:39:01.413571,0 days 00:00:23.253293,0.03675227297553705,0.33698656481330563,16,0.10790035808600232,0.009025151640745827,0.02811753760516344,0.082208881578631,0.016425704510210214,0.08414898476596498,0.06620799347120207,20,55,0.019984353892491917,0.23975574350613832,False,True,False,6.648072980658259e-08,COMPLETE
8,0.43148016929626465,2025-04-08 08:39:01.419444,2025-04-08 08:39:32.890969,0 days 00:00:31.471525,0.7859106569684683,0.34597433573173186,16,0.008207833931246817,0.13344400471401244,0.04773839561109944,0.06646207399483689,0.03678676246557626,0.001743140021074213,0.003959461549625256,26,83,0.08587406951788909,0.235224023317365,True,False,False,0.000927617242653934,COMPLETE
9,0.43628114461898804,2025-04-08 08:39:32.896693,2025-04-08 08:40:11.565235,0 days 00:00:38.668542,0.8079137937122337,0.6580878034097877,8,0.2774427505234126,0.29062688496423095,0.01052791732428282,0.06234979306147476,0.061605626444459695,0.0984942978852681,0.00032915479146138456,25,49,0.0674730626890085,0.20719262332577137,True,False,False,0.0006186187218710987,COMPLETE
10,0.40524913668632506,2025-04-08 08:40:11.571520,2025-04-08 08:41:16.099995,0 days 00:01:04.528475,0.44928697859367284,0.7274187639834068,2,0.2977994324164692,0.2928225819946388,0.04160255296991426,0.005865491333181087,0.08941567692143221,0.0986619007282431,0.0005248322565773813,13,114,0.06491244280207226,0.11989678901520487,True,False,False,0.00045469888006251534,COMPLETE
11,0.09188934862613678,2025-04-08 08:41:16.106414,2025-04-08 08:41:59.276690,0 days 00:00:43.170276,0.6964024604668158,0.7076313291818752,8,0.002844269316957474,0.1789379436399307,0.04981749233005407,0.078824707726959,0.0709216487264126,0.0017411790705054084,0.0019553825520685925,29,99,0.09186049245268149,0.2724004580828765,True,False,False,0.0006955610498951256,COMPLETE
12,0.4381380677223206,2025-04-08 08:41:59.283999,2025-04-08 08:42:34.341436,0 days 00:00:35.057437,0.679697660052912,0.6651232819863647,16,0.11851706442338222,0.2212565132942083,0.0042125800047463245,0.07044338455595948,0.06403587204881374,0.032564803466696865,0.0005410694256820583,29,98,0.0987459013780009,0.1531692811850877,True,False,False,0.00013099500461439628,COMPLETE
13,0.43609586954116825,2025-04-08 08:42:34.348452,2025-04-08 08:43:21.096655,0 days 00:00:46.748203,0.5492068670440727,0.8253406388481643,8,0.1108239988896703,0.24302850108707427,0.0013161142451980417,0.09854356209774787,0.06703833976298658,0.03203495964785827,0.0004102154855454118,30,122,0.09644357922419484,0.1376574452993828,True,False,False,0.00010151369736674985,COMPLETE
14,0.44010301232337956,2025-04-08 08:43:21.103943,2025-04-08 08:45:04.875880,0 days 00:01:43.771937,0.9976995808739002,0.619975392509119,2,0.16544020085363897,0.23895223813280303,0.002885436903066139,0.07394404222399373,0.09803656189546257,0.06024758185629015,1.2376448246030503e-05,26,37,0.07182790216747297,0.17611947760060884,True,False,False,8.395870192694418e-05,COMPLETE
15,0.43739350438117985,2025-04-08 08:45:04.883472,2025-04-08 08:45:34.763092,0 days 00:00:29.879620,0.989193917926463,0.5573489670247144,16,0.1386242373610644,0.22643460133834847,0.03104802863954844,0.07993863150832937,0.09594229358206381,0.06167355657139514,1.6857925469932363e-05,28,33,0.07427307366090728,0.1039785557905833,True,False,False,9.72720802005497e-05,COMPLETE
16,0.43475372791290284,2025-04-08 08:45:34.770829,2025-04-08 08:47:03.974797,0 days 00:01:29.203968,0.3998063475758841,0.8496539592609003,2,0.17124845815547932,0.17812204246694135,0.005029399420630945,0.09246687122030042,0.08591755923867027,0.050713603963422574,0.0001503201769175709,21,91,0.0993932078154569,0.16495788601244413,True,False,False,3.659380686564672e-06,COMPLETE
17,0.43766559958457946,2025-04-08 08:47:03.983052,2025-04-08 08:48:55.091440,0 days 00:01:51.108388,0.5975601716034332,0.6223147780533428,2,0.07875562944850698,0.2510945114955894,0.024791366709439423,0.07107550751409675,0.09934370775764217,0.07851132166992247,1.2057578741503566e-05,27,108,0.0559238508518079,0.09688008125132395,True,False,False,9.36285550625141e-05,COMPLETE
18,0.18990813195705414,2025-04-08 08:48:55.099958,2025-04-08 08:49:59.465843,0 days 00:01:04.365885,0.8696337532758975,0.823656658550399,2,0.1274555607371518,0.19675463661084303,0.09620510504982469,0.08826382689712908,0.07763541113994582,0.0283848922672907,0.0012634603881889438,16,127,0.08084008152613308,0.1575554105502602,False,True,True,1.953815016830707e-06,COMPLETE
19,0.4418028652667999,2025-04-08 08:49:59.474779,2025-04-08 08:51:55.890441,0 days 00:01:56.415662,0.37875775174820475,0.05261504692488195,2,0.06377766239628457,0.2467573463432632,0.036359262009654884,0.07234583923256922,0.07320994417289316,0.050214193783071216,0.00010407399903321906,30,37,0.05318873990630519,0.18703831321649686,True,False,False,0.00016552092301792487,COMPLETE
20,0.4431941151618958,2025-04-08 08:51:55.899450,2025-04-08 08:53:32.157046,0 days 00:01:36.257596,0.3127485004949022,0.042937188844606476,2,0.058766604893916996,0.2586148311192227,0.03890580941443232,0.022591676231071424,0.07775508193592798,0.051626353430041565,2.468774213407366e-05,23,36,0.04824361884100956,0.19380287328137516,True,False,False,2.38432400382261e-05,COMPLETE
21,0.4407395482063294,2025-04-08 08:53:32.166679,2025-04-08 08:55:06.449491,0 days 00:01:34.282812,0.30764773148533237,0.01995270764818183,2,0.06680854018393169,0.258329333869458,0.03831343967634694,0.01179677742263122,0.07641360440088117,0.05314285685449229,2.41748614528874e-05,23,39,0.049656494807347074,0.19155587250464598,True,False,False,2.071868306440036e-05,COMPLETE
22,0.4409114241600037,2025-04-08 08:55:06.461916,2025-04-08 08:56:38.422182,0 days 00:01:31.960266,0.29906860674996055,0.021865040021943363,2,0.045378842990348056,0.2643350427083815,0.037477077561309344,0.009072897142935722,0.07500848508593505,0.04754875388098995,9.741431671996652e-05,22,28,0.046051086576636244,0.19951131973050856,True,False,False,1.7147635174224107e-05,COMPLETE
23,0.43410565257072453,2025-04-08 08:56:38.432402,2025-04-08 08:57:44.283202,0 days 00:01:05.850800,0.24693523655624666,0.014862658714059507,2,0.04243120049543999,0.2692910351096191,0.06029350650605359,0.016760504143462633,0.059297702694295074,0.042653846037876704,0.0001024852437900472,14,31,0.03973136406640361,0.2408652158788458,True,False,False,5.804117599535772e-06,COMPLETE
24,0.44684441089630134,2025-04-08 08:57:44.293506,2025-04-08 08:59:12.324810,0 days 00:01:28.031304,0.3263108625940098,0.12005990621081819,2,0.03634844772871078,0.16433744665468492,0.03877210353744651,0.021368269609931472,0.07293491403831907,0.07354332270826544,6.415259094567047e-05,21,5,0.0432263194247605,0.21827616158840474,True,False,False,3.0009125616903703e-05,COMPLETE
25,0.445345401763916,2025-04-08 08:59:12.335558,2025-04-08 09:00:34.797201,0 days 00:01:22.461643,0.3919968650083594,0.1217408195607325,2,0.0869625038170651,0.16233024440519633,0.05934772377425479,0.022797759323550607,0.001043744656825614,0.07494970227260511,2.713394201037707e-05,19,12,0.05865444951953609,0.2529089568541619,True,False,False,0.00026800691631755725,COMPLETE
26,0.09188934862613678,2025-04-08 09:00:34.808075,2025-04-08 09:01:42.373399,0 days 00:01:07.565324,0.4506602458311558,0.1274452217893239,2,0.08805198833410784,0.10891797477950876,0.05795176154655887,0.022484969964952688,0.003484471614939028,0.07610069225743636,3.127203778771635e-05,18,11,0.05866492732538646,0.2733753811921728,False,True,True,0.0002708077157317771,COMPLETE
27,0.4256275355815888,2025-04-08 09:01:42.384850,2025-04-08 09:03:06.045277,0 days 00:01:23.660427,0.22328951728660687,0.29420224954492336,2,0.03632893358157243,0.16210683899985956,0.05689878432025789,0.03438271528968656,0.03856650333170191,0.07098815078284489,1.0348629512183693e-05,19,19,0.029209519216224486,0.25242566473160233,True,False,False,3.6573588511727785e-05,COMPLETE
28,0.449551671743393,2025-04-08 09:03:06.056804,2025-04-08 09:03:58.222287,0 days 00:00:52.165483,0.3361814735881277,0.2554395849417072,2,0.016992791106553853,0.07150535219990074,0.05088594616461924,0.019689953539081123,0.0854022656832934,0.08731522093461466,2.7741811534974198e-05,10,6,0.0417468063891943,0.2608195224169402,True,False,False,3.540918237768523e-05,COMPLETE
29,0.4182673275470734,2025-04-08 09:03:58.234261,2025-04-08 09:04:43.994526,0 days 00:00:45.760265,0.4961718485014702,0.2642033540020092,2,0.01136909492050929,0.08065150686146463,0.08187762456516376,0.0023972036080470854,0.08731322848201153,0.0863832314413951,5.2590795588758274e-05,10,11,0.001112936275715494,0.2983111403497807,True,False,True,0.00028092225828361267,COMPLETE
30,0.4533006668090821,2025-04-08 09:04:44.006447,2025-04-08 09:05:52.749096,0 days 00:01:08.742649,0.3882761435887793,0.476613388289928,2,0.027790229617752724,0.048051593445305865,0.04884512746479768,0.03916361424291487,0.0014939071465251827,0.08725857910131805,0.00023524531891620112,15,5,0.040201855567165504,0.2653474493305739,True,False,False,1.309000736129808e-06,COMPLETE
31,0.4564493060112,2025-04-08 09:05:52.761338,2025-04-08 09:06:41.889181,0 days 00:00:49.127843,0.3630878385428354,0.45283533062665904,2,0.028872705308648623,0.0673707510318599,0.04678857024309348,0.040517746393571225,0.0013329448938573893,0.090582097394906,0.00023691598613460825,9,5,0.039541629984517636,0.2574885974699361,True,False,False,1.3033256666746512e-06,COMPLETE
32,0.4389013230800629,2025-04-08 09:06:41.901833,2025-04-08 09:07:28.040652,0 days 00:00:46.138819,0.34796510534578595,0.47804143860216164,2,0.02442373743516326,0.051969784665509104,0.04598187911098741,0.04145119244257717,0.024969937063484843,0.08998856486436789,0.0002467207475623336,8,5,0.02898263423827158,0.22040898190885322,True,False,False,1.1852625504659984e-06,COMPLETE
33,0.4315351486206055,2025-04-08 09:07:28.053915,2025-04-08 09:08:09.213903,0 days 00:00:41.159988,0.22566275597190633,0.41284433117584285,2,0.02330511334689813,0.06568918028170373,0.054344888175116485,0.036963500954010436,0.02537644304422944,0.0935755722466168,0.0008770263992237302,6,21,0.0432579125119119,0.2763568362596908,True,False,False,3.3545218672714405e-07,COMPLETE
34,0.44350576400756836,2025-04-08 09:08:09.227155,2025-04-08 09:08:53.936750,0 days 00:00:44.709595,0.4580032129959862,0.23793516340155857,2,0.02646619675848793,0.02970903211190442,0.01944530800745573,0.02909010603166479,0.009774840528196653,0.08477265299885459,0.00018150444737358344,10,5,0.030368028866076233,0.25869581095419514,True,False,True,2.152648827279272e-07,COMPLETE
35,0.4208860039710999,2025-04-08 09:08:53.950615,2025-04-08 09:09:41.390097,0 days 00:00:47.439482,0.5608516581756553,0.4059608485048659,2,0.037755140204432006,0.0921773408082123,0.043888560765868986,0.04202327535241731,0.00711128554359685,0.09244694332255883,6.499253524082308e-05,8,24,0.021987602534486325,0.29956289018542187,False,False,False,7.710064234975423e-06,COMPLETE
36,0.09188934862613678,2025-04-08 09:09:41.404097,2025-04-08 09:10:44.701563,0 days 00:01:03.297466,0.17027039883405212,0.19854041426127716,2,0.015025277276358414,0.0335712341832601,0.051484169440094686,0.029432961121537593,0.024602789315399304,0.07020695133552775,0.00016228488715008772,15,147,0.04096117604679933,0.22188429167482926,True,True,True,2.821228173457574e-06,COMPLETE
37,0.28665176033973694,2025-04-08 09:10:44.716365,2025-04-08 09:11:11.072480,0 days 00:00:26.356115,0.2515221986352535,0.450960922753018,8,0.09438637401642994,0.11813310250760228,0.02968638957624578,0.04808895890101632,0.01623710521724745,0.08094101488251317,4.886982104644837e-05,11,47,0.036247859371345885,0.22677272720421196,False,False,False,1.6784181172329666e-07,COMPLETE
38,0.10189500749111177,2025-04-08 09:11:11.087595,2025-04-08 09:11:49.353203,0 days 00:00:38.265608,0.3430091625715669,0.5384648987964558,2,0.19834324071493314,0.07370720768125215,0.06526474872874284,0.015723878457255775,0.055487819950656464,0.08971699988347048,0.007375173043236516,7,62,0.02506254344246076,0.2594205191603446,True,True,False,9.676185998458266e-07,COMPLETE
39,0.3682777106761933,2025-04-08 09:11:49.368085,2025-04-08 09:12:50.716342,0 days 00:01:01.348257,0.501756815361926,0.36242756482107735,2,0.0720359038006105,0.1410730870388901,0.032773070166589424,0.055974363637516206,0.0420612344780235,0.06955666678263746,0.000855428119659714,12,19,0.017890907298944336,0.013365631093290309,True,False,False,1.1879558272692454e-05,COMPLETE
40,0.35863792300224306,2025-04-08 09:12:50.731229,2025-04-08 09:13:21.906221,0 days 00:00:31.174992,0.4172571226279263,0.28859385561951645,2,0.05060242525477836,0.06039653287297131,0.06619047222652968,0.03656560303291406,0.04670167768832485,0.09484740110515918,8.473106695091271e-05,5,5,0.03336158679096216,0.2840088243496137,False,False,True,1.3617999931152863e-08,COMPLETE
41,0.09188934862613678,2025-04-08 09:13:21.922065,2025-04-08 09:14:42.330924,0 days 00:01:20.408859,0.27706313037779795,0.1081019271594276,2,0.0008053361650883634,0.15456076948962677,0.0620281116727537,0.02293922503586557,0.001724580090838115,0.07315024067230178,3.127444371201653e-05,18,15,0.05935436027872397,0.2488296545005433,True,False,False,5.918709990443451e-05,COMPLETE
42,0.41000971794128416,2025-04-08 09:14:42.346780,2025-04-08 09:15:55.202590,0 days 00:01:12.855810,0.37337593891064036,0.1983377503648548,2,0.028993081357255687,0.02670422396518391,0.054284167767672906,0.018659486160840462,0.010205959424036685,0.081982373623709,0.000273678784950433,16,14,0.03872550940645559,0.2649893161748878,True,False,False,1.7369925659265942e-06,COMPLETE
43,0.4497452020645142,2025-04-08 09:15:55.218919,2025-04-08 09:16:46.020426,0 days 00:00:50.801507,0.19635982206537503,0.09204235040992803,2,0.0932444169108542,0.08934030656773392,0.049665786376358254,0.03152390259946404,0.0011795061334009813,0.07602199252313176,4.178128543682779e-05,9,26,0.06233727670384804,0.2357071031078121,True,False,False,6.772184200714333e-07,COMPLETE
44,0.4195102870464325,2025-04-08 09:16:46.036701,2025-04-08 09:17:07.133480,0 days 00:00:21.096779,0.09627008518825364,0.1468805374237639,16,0.0564846100486389,0.09458513317965168,0.04656178835723257,0.032332520078238426,0.029195701329790654,0.08722176760549498,4.727885659165481e-05,9,26,0.04567375434996939,0.20782162683198832,True,False,False,4.647264547191974e-07,COMPLETE
45,0.4693147063255311,2025-04-08 09:17:07.149961,2025-04-08 09:17:35.646751,0 days 00:00:28.496790,0.1699812104865362,0.0975055028823107,8,0.09929466914472637,0.04671912336714835,0.05093987650064191,0.04486083071307143,0.015608101969740055,0.09953995486868573,0.0001400882450299074,13,44,0.063614755960563,0.23371671904032718,True,False,False,1.0036385516979067e-07,COMPLETE
46,0.17510663866996767,2025-04-08 09:17:35.664567,2025-04-08 09:18:00.711275,0 days 00:00:25.046708,0.026411733786947972,0.5114664530508571,8,0.09927720292797047,0.0013006489890059411,0.07576440822542696,0.045031179202884276,0.01469844134961298,0.0986263543328007,0.0004796507780604835,13,45,0.0632824959723811,0.2358919146705793,True,True,False,3.381966951574946e-08,COMPLETE
47,0.4241824567317963,2025-04-08 09:18:00.729769,2025-04-08 09:18:27.898732,0 days 00:00:27.168963,0.19291687309341835,0.24182066035784122,8,0.13594925539864725,0.042267180054471096,0.05081871169122216,0.0505633595245496,0.006412560039964592,0.09968696700346891,0.00016707245819528262,11,58,0.06984827770795361,0.2861238609028122,True,False,False,7.598422986228274e-08,COMPLETE
48,0.31989880204200744,2025-04-08 09:18:27.916275,2025-04-08 09:18:55.939168,0 days 00:00:28.022893,0.11695563507367311,0.09315902339199303,8,0.11389030129137917,0.01794006417103921,0.04290646635943417,0.05984206188128105,0.02033265730980846,0.09434965000108632,1.8146093235899455e-05,13,19,0.07600622156359646,0.037642906500891055,True,False,False,1.1055759296178318e-07,COMPLETE
49,0.43064027428627016,2025-04-08 09:18:55.957293,2025-04-08 09:19:22.669073,0 days 00:00:26.711780,0.16255451918902838,0.35587382532975387,8,0.14796775326728556,0.0778934187406119,0.04898241054629155,0.040083238958639696,0.011979303601517874,0.0817132976792651,0.0003514989938524738,10,76,0.0526992965540081,0.23946137683832233,True,False,False,2.5106866150797588e-08,COMPLETE
50,0.456977778673172,2025-04-08 09:19:22.688329,2025-04-08 09:19:52.116709,0 days 00:00:29.428380,0.20513198669957616,0.18416174161544613,8,0.17965773300692378,0.047687393487775474,0.053569036344233205,0.02825504294925726,0.02059604723415743,0.09035213702800751,0.00012639319672635518,14,43,0.0643026447864495,0.2699237911780633,True,False,False,3.7679429826870813e-07,COMPLETE
51,0.4743668913841248,2025-04-08 09:19:52.135339,2025-04-08 09:20:21.921682,0 days 00:00:29.786343,0.19801066483965343,0.16554522087455154,8,0.1892086109994664,0.05455627586943769,0.05298129314606418,0.028093822369179663,0.005131915832091171,0.08877785228095193,0.04764376104042805,14,67,0.06477547793884325,0.2686656189217124,True,False,False,6.254053254829713e-07,COMPLETE
52,0.46652309298515326,2025-04-08 09:20:21.940471,2025-04-08 09:20:52.821515,0 days 00:00:30.881044,0.06787634933771391,0.18008308442919038,8,0.19481121590632675,0.054368394615154296,0.05494149821496044,0.026450205051169635,0.006281462995092006,0.09049158876484861,0.05376335627394878,15,68,0.06591826635433233,0.27372412310169547,True,False,False,5.46066003228681e-07,COMPLETE
53,0.4673892676830292,2025-04-08 09:20:52.840675,2025-04-08 09:21:23.823814,0 days 00:00:30.983139,0.04748481701787889,0.16809703170032533,8,0.1933579114570337,0.04590018673341546,0.07120397662592357,0.026482716307932423,0.01890419379381992,0.09601722762983554,0.0713291793434839,15,71,0.07868199683375825,0.2736246874805502,True,False,False,3.061514645925053e-07,COMPLETE
54,0.39033254981040955,2025-04-08 09:21:23.843506,2025-04-08 09:21:53.821327,0 days 00:00:29.977821,0.013014602334473574,0.1594912369269108,8,0.19018665604708077,0.05758909201236216,0.0734398521294006,0.02582573437443608,0.018932234692489693,0.09471124529762621,0.09077138646413294,14,64,0.07954485662409917,0.28880810011058394,True,False,False,2.8179229862032824e-07,COMPLETE
55,0.31052589416503906,2025-04-08 09:21:53.842339,2025-04-08 09:22:25.620997,0 days 00:00:31.778658,0.0641633182985421,0.1669363184761834,8,0.22945598792450783,0.04063772752785783,0.06851172202592529,0.026696784966439117,0.03168288718912385,0.09088409492422468,0.04056562319315406,16,81,0.08705955184943784,0.2762274266855992,True,False,False,1.277768785021179e-07,COMPLETE
