number,value,datetime_start,datetime_complete,duration,params_alpha-eval,params_alpha-train,params_batch-size,params_eps-eval,params_eps-train,params_lambda-actions-eval,params_lambda-actions-train,params_lambda-frames-eval,params_lambda-frames-train,params_learning-rate,params_n-epochs,params_n-frames,params_radius-gw,params_rho,params_std-feats,params_ub-actions,params_ub-frames,params_weight-decay,state
1538,0.5266300201416017,2025-04-08 23:56:35.988700,2025-04-08 23:57:13.489508,0 days 00:00:37.500808,0.171899034255737,0.9988006045592719,2,0.25528816256495523,0.15390261425738005,0.04886778909142796,0.03154747838261637,0.09039230605578809,0.08165971452168927,0.07852689426908449,5,64,0.021160865055397066,0.010310046481683946,True,False,False,9.759565343094593e-06,COMPLETE
1539,0.5317361474037171,2025-04-08 23:57:13.976714,2025-04-08 23:57:54.644196,0 days 00:00:40.667482,0.053657292468828166,0.31050442353764224,2,0.26355538896250624,0.14733723561924528,0.04633776663665622,0.03883500538573208,0.09163380157163165,0.0854301302985029,0.04603914764340899,6,59,0.019043136318770113,0.02239025232232964,True,False,False,1.5746597899346672e-05,COMPLETE
1540,0.5132278203964233,2025-04-08 23:57:55.129905,2025-04-08 23:58:32.909123,0 days 00:00:37.779218,0.21575012492358733,0.3485972601717391,2,0.2478194786018429,0.15249239993091526,0.04518061660779372,0.03534914132589225,0.0938598481239917,0.08072992121409193,0.0630874542985788,5,67,0.022167877787928395,0.015939053838898213,True,False,False,3.591166510577519e-05,COMPLETE
1541,0.5370745658874512,2025-04-08 23:58:33.416764,2025-04-08 23:59:11.481724,0 days 00:00:38.064960,0.16069160831307916,0.3149190567745046,2,0.041563673534453394,0.1422013275342144,0.04730888358961491,0.0399370172341716,0.09261831838113029,0.0829682129554163,0.03712026962999684,5,73,0.021879378127925172,0.02502659164433349,True,False,False,1.2067444425572219e-05,COMPLETE
1542,0.5118487238883973,2025-04-08 23:59:11.971965,2025-04-08 23:59:52.964126,0 days 00:00:40.992161,0.20609337976315767,0.3539241075497024,2,0.25623905422275184,0.168408959499112,0.04906297953696518,0.03092632878617949,0.09074114757847772,0.08548476702112061,0.04906354366706357,6,62,0.018045428009298457,0.009557831195951987,True,False,False,1.8271382444057436e-05,COMPLETE
1543,0.4791622579097748,2025-04-08 23:59:53.452766,2025-04-09 00:00:17.543823,0 days 00:00:24.091057,0.0810729046408691,0.3416747923453083,16,0.27058025925745177,0.15897408099268667,0.03267365782890265,0.039087844154421174,0.08879327533961923,0.08396962159636932,0.042244630801071194,13,65,0.020064431908287158,0.028820914255155445,True,False,False,2.5152201730059976e-05,COMPLETE
1544,0.5162582159042358,2025-04-09 00:00:18.083308,2025-04-09 00:00:55.735928,0 days 00:00:37.652620,0.1315277414768344,0.36225147816327996,2,0.2515437435099326,0.18662656482799586,0.031199881826612264,0.03336703863976991,0.09435805712746766,0.08669567403177798,0.0746624493714902,5,69,0.022716419753025022,0.021721157157538633,True,False,False,3.1592085526388345e-05,COMPLETE
1545,0.5137699842453003,2025-04-09 00:00:56.226612,2025-04-09 00:01:40.245342,0 days 00:00:44.018730,0.17880365789469138,0.37442963788315975,2,0.2462689238109608,0.1342452027857968,0.007031050133769666,0.036552359168620534,0.09847391673137973,0.023229721541441633,0.05514221838833205,7,60,0.02052946745527871,0.017912796311314035,True,False,False,2.0841112804898495e-05,COMPLETE
1546,0.5144347906112671,2025-04-09 00:01:40.739260,2025-04-09 00:02:18.321835,0 days 00:00:37.582575,0.10576050139340744,0.32819395016100233,2,0.2620312626888791,0.1497159413883013,0.043269278347981485,0.03828232883347811,0.09524043546520523,0.0854291906175591,0.034657254978105824,5,63,0.06134905500260476,0.02735556124917081,True,False,False,1.462357453222959e-05,COMPLETE
1547,0.20776976943016054,2025-04-09 00:02:18.831261,2025-04-09 00:02:59.594887,0 days 00:00:40.763626,0.1552277320563924,0.3087171120177268,2,0.1966130504340813,0.15521335087429725,0.04154338997747205,0.03469851093075135,0.09308760414482843,0.08113158216121065,0.04323355273845339,6,58,0.017384826000323893,0.011900411937667527,False,False,False,3.6784952776163926e-05,COMPLETE
1548,0.49262706041336063,2025-04-09 00:03:00.089780,2025-04-09 00:03:37.561575,0 days 00:00:37.471795,0.059133567252346114,0.35530593253549575,2,0.25719128243733425,0.14242380875305152,0.044948383749840067,0.03928144575757121,0.0998827317273211,0.08733380150481315,0.09934980747295993,5,66,0.022681625066828713,0.017828299178111295,True,False,False,2.4956863200588244e-05,COMPLETE
1549,0.09188934862613678,2025-04-09 00:03:38.050654,2025-04-09 00:04:14.408455,0 days 00:00:36.357801,0.12863490692374582,0.33465978399120605,2,0.00011216942436192978,0.16407527144249004,0.04777241799024752,0.03605879359408677,0.09671241298077961,0.09116400129112179,0.06091374724991549,5,71,0.01939612462894559,0.035023420792736695,True,False,False,3.4024533937203226e-06,COMPLETE
1550,0.09188934862613678,2025-04-09 00:04:14.918955,2025-04-09 00:04:50.277192,0 days 00:00:35.358237,0.08881425444925298,0.38436756293007757,2,0.26527375659670627,0.14844075298663525,0.04969573444523487,0.03248600963223696,0.09822013505628946,0.08348094026420518,0.04970154092312762,6,62,0.01587824122457042,0.007350323774723652,True,True,False,1.7647590274066288e-05,COMPLETE
1551,0.5287345170974731,2025-04-09 00:04:50.774157,2025-04-09 00:05:28.483487,0 days 00:00:37.709330,0.11114383891161618,0.3837105371009732,2,0.2510124238135905,0.13882804534860432,0.04369000391382997,0.040458694440109716,0.08863465133776852,0.08867599739653789,0.0682816751811231,5,59,0.021223674804249776,0.02590313494784357,True,False,False,1.17980376227843e-05,COMPLETE
1552,0.523038649559021,2025-04-09 00:05:28.973185,2025-04-09 00:06:09.792327,0 days 00:00:40.819142,0.1353612885431164,0.36615906392489317,2,0.24318053673780732,0.1580521116833859,0.046154160919962446,0.03786505275648219,0.09496941182272112,0.09270391382730822,0.03690753496030487,6,68,0.018851977126994587,0.020818989411263627,True,False,False,2.8531478326659048e-05,COMPLETE
1553,0.5322969794273377,2025-04-09 00:06:10.305642,2025-04-09 00:06:47.683571,0 days 00:00:37.377929,0.17659928206252273,0.33463126554287564,2,0.2595343749350877,0.12412765963041339,0.04800561657673614,0.02838364623963427,0.015934444631073498,0.08680841295585945,0.05268441054853155,5,64,0.02351342763490019,0.032333417515603355,True,False,False,2.162288843105314e-05,COMPLETE
1554,0.09716043919324877,2025-04-09 00:06:48.177857,2025-04-09 00:07:23.761756,0 days 00:00:35.583899,0.2265008775932947,0.31573531252789444,2,0.2710346474560068,0.17264172520515042,0.04130547365341721,0.03431419884744319,0.09141651549206746,0.08405627832747917,0.04099237429188998,6,57,0.02169972473176674,0.01447590938374177,True,False,True,1.7139424942982532e-05,COMPLETE
1555,0.5387661457061768,2025-04-09 00:07:24.255481,2025-04-09 00:08:01.608575,0 days 00:00:37.353094,0.1527643882132494,0.3536471578119343,2,0.24693051398698743,0.1527447335821993,0.045754503745254166,0.03980582441450122,0.09818406692599217,0.08930573168525913,0.04759821517371736,5,61,0.01676321631545248,0.028047603154248674,True,False,False,3.5483172186603306e-05,COMPLETE
1556,0.5453953981399536,2025-04-09 00:08:02.127691,2025-04-09 00:08:39.811499,0 days 00:00:37.683808,0.12138698823896216,0.3981369521696006,2,0.2542551569919577,0.16276521764773402,0.05014558978823071,0.030633665390097178,0.09345692638779987,0.09052573826737165,0.05927428437427049,5,66,0.01938292240614789,0.03673682102631637,True,False,False,2.373594305822266e-05,COMPLETE
1557,0.5125162959098817,2025-04-09 00:08:40.308313,2025-04-09 00:09:25.062686,0 days 00:00:44.754373,0.16785892684781367,0.41570981353266034,2,0.2646445017920166,0.17109627562713747,0.021683803744099287,0.028937170839666775,0.09012372619762986,0.0914954934581214,0.08799118139138593,7,73,0.022348492024430823,0.022249280846917702,True,False,False,2.9672034683084285e-05,COMPLETE
1558,0.49613231420516973,2025-04-09 00:09:25.557615,2025-04-09 00:10:06.520621,0 days 00:00:40.963006,0.14279027975875022,0.4090387030994298,2,0.26065990582334414,0.16649087472327834,0.04341206765475232,0.030217026782185068,0.09249013891822708,0.09375621228974507,0.06826410167167701,6,69,0.020260072503503777,0.0321267111067394,True,False,False,3.867594884870569e-05,COMPLETE
1559,0.4875259637832642,2025-04-09 00:10:07.039918,2025-04-09 00:10:44.329074,0 days 00:00:37.289156,0.19966232189031824,0.9404598372249748,2,0.2562925222156961,0.16324329036594315,0.0256835834570157,0.031733243647422915,0.08881378071078608,0.0914960104352446,0.07397233278024193,5,71,0.023612993019964484,0.007705256638866297,True,False,False,2.5908333397648126e-05,COMPLETE
1560,0.5161160469055176,2025-04-09 00:10:44.829916,2025-04-09 00:11:22.639591,0 days 00:00:37.809675,0.12801430167557176,0.39869082427380587,2,0.1847977517003577,0.17815841594465545,0.01921198002884408,0.032840664493867154,0.09304272967587532,0.09386152712034979,0.08538255857828013,5,67,0.020672450556036413,0.01495672839501763,True,False,False,3.1919608695228726e-05,COMPLETE
1561,0.46632359623909,2025-04-09 00:11:23.138550,2025-04-09 00:12:03.684064,0 days 00:00:40.545514,0.15014803329492146,0.40582186782043067,2,0.26733759318300826,0.175574537111633,0.03923751626298545,0.02604226660265016,0.09105018678714977,0.09077537805562548,0.06119633554344337,6,69,0.023759782346574807,0.027738022151034967,True,False,False,2.2483120130194107e-05,COMPLETE
1562,0.5139685273170471,2025-04-09 00:12:04.201167,2025-04-09 00:13:16.907194,0 days 00:01:12.706027,0.0921628972199984,0.41182206086500106,2,0.25464507509538703,0.16843891398143462,0.05002308183836041,0.02873917657058489,0.09606234110967528,0.09313221907974892,0.07503620243028589,16,66,0.051203282481570994,0.019458505572974117,True,False,False,4.344671913105171e-05,COMPLETE
1563,0.48796062469482426,2025-04-09 00:13:17.404668,2025-04-09 00:13:55.256544,0 days 00:00:37.851876,0.18140581383423146,0.39728451271922977,2,0.25950888855694004,0.16148911389393464,0.04694279052322416,0.03125484762083194,0.09386995255958576,0.09003783363347405,0.06466378863109094,5,84,0.01975974693205136,0.03591349180952985,True,False,False,2.803231197717599e-05,COMPLETE
1564,0.3715910196304322,2025-04-09 00:13:55.753767,2025-04-09 00:14:16.114788,0 days 00:00:20.361021,0.12159620834276207,0.38935042417125,16,0.2664688757272744,0.16247833745829318,0.04450210317636365,0.03159645669231508,0.09821538680170577,0.09151724390796932,0.05509928229724064,5,78,0.02220128967517305,0.02434444362051196,True,False,False,2.1231077394521924e-05,COMPLETE
1565,0.47320472002029423,2025-04-09 00:14:16.631463,2025-04-09 00:14:57.314209,0 days 00:00:40.682746,0.0674304246803604,0.42103994455245347,2,0.2716267674433184,0.15818188307096523,0.04167980587513344,0.027819707682337453,0.09675947609975498,0.09401542816791127,0.0631475518653234,6,74,0.01790284590400462,0.011030990056962956,True,False,False,3.437327975687075e-05,COMPLETE
1566,0.2309796452522278,2025-04-09 00:14:57.812070,2025-04-09 00:15:34.909398,0 days 00:00:37.097328,0.16289683903588775,0.380789292298789,2,0.253431172324781,0.19219403402012006,0.02950349508570403,0.027259243759434566,0.08870535039897874,0.0887782712311611,0.05765653439023619,5,70,0.023849019239385774,0.03205894122036345,False,False,False,2.2308920498172572e-05,COMPLETE
1567,0.49863536357879645,2025-04-09 00:15:35.406686,2025-04-09 00:16:12.828054,0 days 00:00:37.421368,0.14005145239763656,0.4308811323586523,2,0.2599289325237357,0.16965399868136852,0.047753582113778364,0.030555020864542752,0.09850864970767279,0.09067290159602168,0.07860615155051529,5,66,0.020976465471652415,0.03819187010224709,True,False,False,2.979689812865497e-05,COMPLETE
1568,0.4916699767112732,2025-04-09 00:16:13.354648,2025-04-09 00:16:54.054432,0 days 00:00:40.699784,0.10226661570356543,0.39162468565397845,2,0.25394645117175424,0.15504395416084238,0.05121306422447202,0.030177223750204967,0.09451676231688792,0.08894160493869871,0.05087709895094352,6,65,0.024812041069140645,0.01991203327901321,True,False,False,3.946111496000648e-05,COMPLETE
1569,0.09431318491697312,2025-04-09 00:16:54.555805,2025-04-09 00:17:33.023176,0 days 00:00:38.467371,0.1178474805353873,0.4203619328271383,2,0.2512902227377528,0.16213104955318813,0.04526217763362846,0.027362994401053383,0.09143193779362735,0.0921022790989123,0.058125338276027436,7,69,0.019191322614021455,0.006630601775712923,True,True,False,2.4869240890241994e-05,COMPLETE
1570,0.4853058815002441,2025-04-09 00:17:33.517871,2025-04-09 00:18:10.968214,0 days 00:00:37.450343,0.15958782788714493,0.3756914207331497,2,0.26306401291984954,0.17996694755886233,0.048931023366248556,0.033154107992668116,0.09995011549936042,0.0943336960950176,0.04753427304774953,5,76,0.06915201263885942,0.015716610265011765,True,False,False,1.4524239304371966e-05,COMPLETE
1571,0.49315083026885986,2025-04-09 00:18:11.492917,2025-04-09 00:18:52.038094,0 days 00:00:40.545177,0.21089510608214226,0.39771756290614624,2,0.2713097139756166,0.15525506104161227,0.043030161022235024,0.034861355682742394,0.09988971105230389,0.08806232602266,0.07519090651244763,6,64,0.02184551052422465,0.02679211134256782,True,False,False,2.0228688431035808e-05,COMPLETE
1572,0.5272213816642761,2025-04-09 00:18:52.539823,2025-04-09 00:19:30.108484,0 days 00:00:37.568661,0.13719329399612223,0.4306064678325901,2,0.2584551953705466,0.1665974119469353,0.04667029058580682,0.03298692856736527,0.09643899131236669,0.08972967588277753,0.04702584340605788,5,72,0.01558999642283992,0.0323374712465227,True,False,False,2.963041457677097e-05,COMPLETE
1573,0.08832208812236786,2025-04-09 00:19:30.604104,2025-04-09 00:20:03.532582,0 days 00:00:32.928478,0.18407582480520335,0.3609303025106626,2,0.250932411827147,0.15190042585501992,0.036540166807739596,0.03607774127908032,0.09369853426110196,0.08720037014503622,0.05992795080598621,5,66,0.017779160405088167,0.03980615577128088,True,False,True,4.1776242157141684e-05,COMPLETE
1574,0.4854330539703369,2025-04-09 00:20:04.052588,2025-04-09 00:20:44.784277,0 days 00:00:40.731689,0.7402917841019157,0.40738255044614236,2,0.2647602029370785,0.15935764119471607,0.05027797812611206,0.029179621602382473,0.09679603397387339,0.0924079800719275,0.0346926358172155,6,63,0.023013168194151435,0.02243621502736061,True,False,False,1.8118654830952468e-05,COMPLETE
1575,0.5430022597312928,2025-04-09 00:20:45.284845,2025-04-09 00:21:23.789606,0 days 00:00:38.504761,0.09228297454350382,0.43654276269640496,2,0.24959944270526807,0.1494027463879583,0.04432988914078477,0.03375902909805261,0.09071424113208036,0.08982816331251581,0.05313960043261413,5,68,0.02051698893401277,0.04374575524538367,True,False,False,2.3621580446889812e-05,COMPLETE
1576,0.4803594470024109,2025-04-09 00:21:24.287681,2025-04-09 00:22:05.160815,0 days 00:00:40.873134,0.9069500669446715,0.37268863715211004,2,0.2555610709714474,0.15786353866000627,0.04087761206843627,0.030725995826335246,0.09991538220652668,0.09470906665345231,0.041756995377986626,6,63,0.023428025436748146,0.01148989362012346,True,False,False,3.6791802954197504e-05,COMPLETE
1577,0.5046045064926148,2025-04-09 00:22:05.681350,2025-04-09 00:22:43.263524,0 days 00:00:37.582174,0.075685027131083,0.3385330927316839,2,0.25993176051299627,0.17326157300513068,0.0468097114977807,0.02608554583492935,0.09546948162967489,0.08776360191652681,0.06749669325027563,5,66,0.019337127487794297,0.027714775163134857,True,False,False,2.6547670802338134e-05,COMPLETE
1578,0.5392825484275818,2025-04-09 00:22:43.767052,2025-04-09 00:23:21.633740,0 days 00:00:37.866688,0.11593405108706115,0.3909985359381668,2,0.01288523762175775,0.16531532110631797,0.04845024738044561,0.03550069709104073,0.09263128903019031,0.09174440832275932,0.0829333824986466,5,71,0.01704151949312753,0.036077881238561656,True,False,False,1.707315540381918e-05,COMPLETE
1579,0.35320200324058537,2025-04-09 00:23:22.129661,2025-04-09 00:24:02.578316,0 days 00:00:40.448655,0.1449060541249396,0.025123717337602047,2,0.24717339451298045,0.14981312313034942,0.038803468908894,0.03736295832636864,0.0976872608282316,0.09011612916285307,0.04617790445852549,6,62,0.05891040743670995,0.018884596215283662,True,False,False,1.0807447584189755e-05,COMPLETE
1580,0.5314726352691651,2025-04-09 00:24:03.104731,2025-04-09 00:24:41.116297,0 days 00:00:38.011566,0.1683881140702207,0.4201347080503179,2,0.26693709085126915,0.15560060418948327,0.04554992461805673,0.03256022105060169,0.0885890581990099,0.08640235248907724,0.05629291160992995,5,68,0.02460383119263415,0.0058531806343310455,True,False,False,3.1007244601304566e-05,COMPLETE
1581,0.4448498547077179,2025-04-09 00:24:41.619313,2025-04-09 00:25:22.150060,0 days 00:00:40.530747,0.8426172115331851,0.3151276066664569,2,0.2544820442989915,0.14663979715253425,0.043121099019914524,0.03736565658108134,0.0951067744785009,0.09603699464256295,0.03644955095350763,6,64,0.021793103927820245,0.013231379055286093,True,False,False,1.30536621737045e-05,COMPLETE
1582,0.520080840587616,2025-04-09 00:25:22.650897,2025-04-09 00:26:06.971925,0 days 00:00:44.321028,0.12651853583127626,0.3616178362596971,2,0.2411656218210435,0.16092908267383238,0.014305950971043788,0.03603630583858549,0.09729049306974177,0.09278547091850939,0.06935791933742784,7,61,0.01999399392969707,0.02794448162073235,True,False,False,2.104975770330769e-05,COMPLETE
1583,0.36700977087020875,2025-04-09 00:26:07.505977,2025-04-09 00:26:45.474462,0 days 00:00:37.968485,0.10661979740342893,0.3958179014788125,2,0.24692934532913116,0.18525058851163803,0.048553605595505867,0.03374389887901632,0.09341766072462312,0.0887172996403545,0.04470806851038749,5,67,0.014895000469183168,0.03419347755924267,True,False,False,4.68850118236767e-05,COMPLETE
1584,0.21622825860977174,2025-04-09 00:26:45.974452,2025-04-09 00:27:26.357914,0 days 00:00:40.383462,0.1543658540726577,0.44551007821680877,2,0.26137680951879727,0.14155176880187587,0.051356751148531984,0.031240324711281953,0.09797287988225722,0.0864759626249767,0.052720329738082265,6,74,0.021817455130392613,0.021779558579309646,False,False,False,2.4677766025866827e-05,COMPLETE
1585,0.45277277231216434,2025-04-09 00:27:26.863245,2025-04-09 00:27:46.846955,0 days 00:00:19.983710,0.18907272823977406,0.4224654527313286,16,0.25446205756260987,0.15412958367400234,0.04501028254883447,0.0401321816945439,0.09531964553504949,0.09045436298237311,0.033771070273954616,5,64,0.024496893065837723,0.041980318487369356,True,False,False,1.4856121039618584e-05,COMPLETE
1586,0.5166069507598877,2025-04-09 00:27:47.369233,2025-04-09 00:28:24.924401,0 days 00:00:37.555168,0.08819860101924078,0.3486656750216717,2,0.2705066270591433,0.13206521497389434,0.04193056905901643,0.02956739622033533,0.09825387111016465,0.08777785020067733,0.04013638736631212,5,70,0.018838493319622937,0.014721020654083903,True,False,False,7.54108638060138e-06,COMPLETE
1587,0.4457040846347809,2025-04-09 00:28:25.432905,2025-04-09 00:29:06.218531,0 days 00:00:40.785626,0.13282640420071418,0.4064569962743445,2,0.21126329792530082,0.19799811556241137,0.05012249371012539,0.03828807002241825,0.0915883555552797,0.09221781824852084,0.0977633660247112,6,61,0.016819159790586163,0.28443587536637005,True,False,False,3.340013991526808e-05,COMPLETE
1588,0.09188934862613678,2025-04-09 00:29:06.745457,2025-04-09 00:29:39.313924,0 days 00:00:32.568467,0.06857750413530894,0.36819316950725445,2,0.13942211217422742,0.14600062484115733,0.010231464474102253,0.034425716849176724,0.093549362261184,0.09469184543795343,0.06284028376279437,5,66,0.022819941493495692,0.03120770089943928,True,True,False,2.0845339560330938e-05,COMPLETE
1589,0.5334354877471924,2025-04-09 00:29:39.818799,2025-04-09 00:30:17.132741,0 days 00:00:37.313942,0.10792018298174101,0.4394148284328417,2,0.24349828337975093,0.16661315399646992,0.03475659501475249,0.03676261450388836,0.09984765159222948,0.08535642967943262,0.04943894211080731,5,62,0.02067913572265318,0.02458259809149695,True,False,False,1.764210836083624e-05,COMPLETE
1590,0.5447399377822877,2025-04-09 00:30:17.637730,2025-04-09 00:30:55.359532,0 days 00:00:37.721802,0.14465224337123564,0.3823209428726292,2,0.250719627316975,0.1526866954638289,0.004687607454579391,0.039379254130465155,0.09616313570360617,0.08990241723040132,0.04089610478556823,5,68,0.02478657622236998,0.045534638472168903,True,False,False,4.064912645642381e-05,COMPLETE
1591,0.5191101670265198,2025-04-09 00:30:55.884670,2025-04-09 00:31:36.552762,0 days 00:00:40.668092,0.12656267808070804,0.33227039928494195,2,0.2640322387111232,0.16131830217770676,0.0139935733216612,0.04002102217704432,0.09023198815343865,0.09072426065737631,0.033094058538474996,6,71,0.024303294190021047,0.04780656858741056,True,False,False,4.878585277550535e-05,COMPLETE
1592,0.22200087308883668,2025-04-09 00:31:37.060492,2025-04-09 00:32:10.807138,0 days 00:00:33.746646,0.09968991319153897,0.35072608931832766,2,0.25991791795139224,0.1554227940761505,0.012540313306899194,0.03900895283498492,0.09236381978501385,0.09167045125172646,0.03911390465120908,5,75,0.02461054042880628,0.04218053279873611,True,False,True,4.75851817917232e-05,COMPLETE
1593,0.525535273551941,2025-04-09 00:32:11.311650,2025-04-09 00:32:55.477226,0 days 00:00:44.165576,0.1681154257907771,0.37652782232166165,2,0.253789627527821,0.17528380788781575,0.004996155407164058,0.040329685428580925,0.0954058338146037,0.09008518739677493,0.034291549676030424,7,71,0.02585330391774508,0.04835125171525376,True,False,False,3.662011141008137e-05,COMPLETE
1594,0.5060149669647217,2025-04-09 00:32:56.004514,2025-04-09 00:33:36.725829,0 days 00:00:40.721315,0.056399626440956446,0.31385566035150697,2,0.25665555290508124,0.1604760610809713,0.008513837754083119,0.038471077098851454,0.09433979886965513,0.030882060591473293,0.04485722595065461,6,73,0.025208255973992427,0.04624844628814767,True,False,False,3.709525146515984e-05,COMPLETE
