number,value,datetime_start,datetime_complete,duration,params_alpha-eval,params_alpha-train,params_batch-size,params_eps-eval,params_eps-train,params_lambda-actions-eval,params_lambda-actions-train,params_lambda-frames-eval,params_lambda-frames-train,params_learning-rate,params_n-epochs,params_n-frames,params_radius-gw,params_rho,params_std-feats,params_ub-actions,params_ub-frames,params_weight-decay,state
911,0.09188934862613678,2025-04-19 22:30:48.920351,2025-04-19 22:31:18.607917,0 days 00:00:29.687566,0.3780535372861649,0.15337195687806773,16,0.09856291398550651,0.0057538194817743325,0.027414730511630923,0.041317459732966286,0.057220653872494386,0.09371192039138472,0.009903227022765101,27,39,0.06449792848307746,0.12082283813056857,True,False,False,0.0007229393902174849,COMPLETE
912,0.5185031414031983,2025-04-19 22:31:18.903388,2025-04-19 22:31:58.245620,0 days 00:00:39.342232,0.1902948750918218,0.18128557813282256,8,0.11058027735609433,0.0488311964234745,0.04367610786095386,0.03863707470765492,0.004356247777098527,0.08855067803671576,0.0074587294643465585,26,33,0.06261202383280205,0.12155045453346745,True,False,False,0.0005004528338583788,COMPLETE
913,0.5308250546455384,2025-04-19 22:31:58.540503,2025-04-19 22:32:30.643625,0 days 00:00:32.103122,0.23413450387530585,0.3070898995392612,8,0.10808074865924047,0.022997121866790426,0.07062017340267887,0.04592817367492276,0.06055378489703636,0.09994878424512654,0.00662072347392665,16,42,0.06683993128361987,0.1395929511706981,True,False,False,0.0006244529869002054,COMPLETE
914,0.5120184183120728,2025-04-19 22:32:30.943834,2025-04-19 22:33:31.269064,0 days 00:01:00.325230,0.3589815465940846,0.22094802438420602,2,0.18339611674210526,0.053153854730726514,0.04076705083680056,0.046361373493579966,0.07126950145772896,0.09498239472766898,0.011281353572948216,12,36,0.06490603873190276,0.12703659940081588,True,False,False,0.0007708795999934333,COMPLETE
915,0.5346901059150696,2025-04-19 22:33:31.551805,2025-04-19 22:34:03.547714,0 days 00:00:31.995909,0.2521112084391111,0.1641450987749574,8,0.11919539781095492,0.035130801478388846,0.03872700428935076,0.0646576347918396,0.0030664095385686966,0.09721389717698306,0.012618510774226651,17,31,0.07084199385267072,0.10939999499870687,True,False,False,0.00039017311658212634,COMPLETE
916,0.4868149638175965,2025-04-19 22:34:03.845498,2025-04-19 22:34:35.348284,0 days 00:00:31.502786,0.3450228249507553,0.5067573392874667,8,0.11156737734136893,0.04815216006609604,0.03206597522864103,0.04949482387069785,0.005387048747849891,0.05162818833807364,0.008363929661080903,16,39,0.06121237399122067,0.11762206122957554,True,False,False,0.0005135005656397067,COMPLETE
917,0.5016522765159607,2025-04-19 22:34:35.645930,2025-04-19 22:35:14.701003,0 days 00:00:39.055073,0.21762878540803277,0.14305100063142703,8,0.09193963252082599,0.04338343142979529,0.020782014363904363,0.04249095169674006,0.019471587047589098,0.09298866374366582,0.010102726837117475,26,28,0.06254003259787067,0.12280312620297855,True,False,False,0.0008265592675274041,COMPLETE
918,0.5047674536705018,2025-04-19 22:35:15.000489,2025-04-19 22:35:38.198507,0 days 00:00:23.198018,0.326591947718735,0.25031410107443014,16,0.10116966693367983,0.054341749315157686,0.036067684528657766,0.06066103945597224,0.0030971616042833345,0.09114427989610566,0.0050705187274941626,12,35,0.0690618998485738,0.14352799577673273,True,False,False,0.0005951319985703327,COMPLETE
919,0.5164156675338745,2025-04-19 22:35:38.483227,2025-04-19 22:36:08.142853,0 days 00:00:29.659626,0.3740234528702586,0.28171991164102544,8,0.11484777363125483,0.03687415576023223,0.042774577787427055,0.04777889244271019,0.005546302894963676,0.02080057634772512,0.01353166927511628,13,43,0.06659345141870703,0.12809411656317216,True,False,False,0.0008096411815801232,COMPLETE
920,0.5231364846229554,2025-04-19 22:36:08.440966,2025-04-19 22:36:42.303639,0 days 00:00:33.862673,0.3397333191070563,0.19390019731229405,8,0.10764400304585627,0.030193561387204578,0.040275644114072716,0.0630446763435847,0.020900461378090863,0.08643794040492916,0.006321087869222189,19,38,0.060333228129221664,0.13472745767875569,True,False,False,0.0002764242234654207,COMPLETE
921,0.5493854403495789,2025-04-19 22:36:42.599257,2025-04-19 22:37:18.378662,0 days 00:00:35.779405,0.40019418409968643,0.5609521633118185,8,0.12366618654405716,0.04332648394741035,0.03433817268887688,0.04501016664899714,0.015073884898135463,0.0950593477437023,0.012362980082419959,27,32,0.061730740470440734,0.11628289774120266,True,False,True,0.0009954433090085472,COMPLETE
922,0.37506237626075745,2025-04-19 22:37:18.678710,2025-04-19 22:37:53.958420,0 days 00:00:35.279710,0.4000732215546352,0.5626781289821048,8,0.08672007324898869,0.03969771564749896,0.028500726706758614,0.04435131420066544,0.015409932629395287,0.09678567346299949,0.010718240480008608,27,27,0.06163838403773405,0.11332708617880116,False,False,True,0.0009570443455455828,COMPLETE
923,0.522650420665741,2025-04-19 22:37:54.243730,2025-04-19 22:38:30.288925,0 days 00:00:36.045195,0.3673544639565638,0.5514613666783174,8,0.1210464406189026,0.03671429438535267,0.029803829925648853,0.040426744700444224,0.016563485136878896,0.0985585419605042,0.008359562158415294,27,29,0.06347268244556128,0.1154316928745294,True,False,True,0.0009563720800585813,COMPLETE
924,0.43765349984169005,2025-04-19 22:38:30.585125,2025-04-19 22:38:53.075689,0 days 00:00:22.490564,0.40311179397447294,0.6682462784659322,8,0.09582271844350203,0.029057616181820522,0.033462331100505845,0.04525566632281179,0.05142794006154215,0.09532903891539025,0.010843709824429051,8,25,0.06368496069900569,0.10303986684286591,True,False,True,0.0009951034379247353,COMPLETE
925,0.5153356075286866,2025-04-19 22:38:53.378557,2025-04-19 22:39:20.507422,0 days 00:00:27.128865,0.4055361223936424,0.4409995429703867,16,0.012645864035178943,0.043182451504512546,0.03266325123275768,0.043934316187207,0.015445142490409255,0.09826112791264582,0.011942512096786156,27,30,0.06556767614654167,0.10957362714918781,True,False,True,0.0009918350304433782,COMPLETE
926,0.427999621629715,2025-04-19 22:39:20.810273,2025-04-19 22:39:57.247531,0 days 00:00:36.437258,0.4128483604087631,0.6019996302254758,8,0.14455410013810077,0.043308124716531685,0.03507677158654199,0.04095024094666643,0.01853302335279542,0.09518655145083463,0.008569041958854436,28,32,0.059864408263302256,0.11934687950429505,True,True,True,0.0009922536786677047,COMPLETE
927,0.5478963732719422,2025-04-19 22:39:57.533044,2025-04-19 22:40:33.286642,0 days 00:00:35.753598,0.3766928432757047,0.5064817343380872,8,0.004471970723387202,0.0323486260524981,0.05564255510256958,0.0433556440856801,0.016699953947144942,0.09714043811147359,0.01286547316741547,27,33,0.061016517277727327,0.10213678018245555,True,False,True,0.0008096858680386789,COMPLETE
928,0.4296366095542908,2025-04-19 22:40:33.584942,2025-04-19 22:41:09.933772,0 days 00:00:36.348830,0.38099664590644755,0.5225652602745278,8,0.004134992376562603,0.028863179831584814,0.05825101379501657,0.04325362327449343,0.016617636996842593,0.07736990310227958,0.013073239798459957,28,25,0.05933794865890423,0.0838971816179192,True,False,True,0.0009930943071004715,COMPLETE
929,0.5331355929374695,2025-04-19 22:41:10.233261,2025-04-19 22:41:46.892753,0 days 00:00:36.659492,0.39041249706515985,0.5316119253411621,8,0.0013115652126104767,0.02531401326633608,0.056662381726383285,0.040802859384185736,0.014782212833223153,0.09260953784446825,0.002476193735362758,28,29,0.06133224642341389,0.09771878677339944,True,False,True,0.0007806402954992034,COMPLETE
930,0.5230405330657959,2025-04-19 22:41:47.195397,2025-04-19 22:42:23.288699,0 days 00:00:36.093302,0.40873697733135317,0.5491507623807149,8,0.006548831815831855,0.03076337319754147,0.05594923617933869,0.03831722169188675,0.014076932549756001,0.09477318751928886,0.014163816723679981,27,32,0.0595435948222274,0.10348214889491987,True,False,True,0.0008026149360298484,COMPLETE
931,0.45304087996482856,2025-04-19 22:42:23.577470,2025-04-19 22:42:59.475605,0 days 00:00:35.898135,0.37782208300922515,0.5816806373131462,8,0.004516962163521106,0.019923925984166643,0.057761310478572726,0.04374089026689724,0.017435330132506113,0.08228932750029397,0.014961204916717761,27,27,0.05979713788009987,0.09879545504933426,True,False,True,0.0006964877473183451,COMPLETE
932,0.27000623345375063,2025-04-19 22:42:59.774606,2025-04-19 22:43:27.781859,0 days 00:00:28.007253,0.3903344313066143,0.5023930223629451,16,0.009336971893096636,0.01900448559934151,0.05432170880922368,0.041845223429244585,0.01871918921270182,0.037949822655200624,0.011964367684139356,28,31,0.0617592147916222,0.10811965747234976,True,False,True,0.0009972852630128818,COMPLETE
933,0.5337841749191284,2025-04-19 22:43:28.080775,2025-04-19 22:44:05.056712,0 days 00:00:36.975937,0.3615959131813117,0.5680804104448355,8,0.0012712004974351574,0.03850838399307089,0.05371246057502029,0.041919951844692833,0.01651604407564916,0.0880464848662735,0.015277741907790887,28,33,0.06191182059471412,0.10407586294745177,True,False,True,0.0006760422180542738,COMPLETE
934,0.4681769609451294,2025-04-19 22:44:05.357478,2025-04-19 22:45:38.193076,0 days 00:01:32.835598,0.39073833595121515,0.5133566954321472,2,0.015289352541243844,0.027830661655208273,0.030750888119937623,0.0397524169613552,0.01773497586342677,0.09016911872866157,0.01173301738029935,27,21,0.05863073802603071,0.11136933383866328,True,False,True,0.0007940433821335005,COMPLETE
935,0.5221451282501222,2025-04-19 22:45:38.497543,2025-04-19 22:46:14.479262,0 days 00:00:35.981719,0.3645387355034382,0.5913136046748773,8,0.009860375626925648,0.032196489548987385,0.05515409075867642,0.04504368201102432,0.014725032370174036,0.0934231058190743,0.014164245944364455,27,30,0.06082675319789636,0.09674527455533571,True,False,True,0.0006682101700089984,COMPLETE
936,0.4854447960853577,2025-04-19 22:46:14.768316,2025-04-19 22:46:51.089414,0 days 00:00:36.321098,0.41534697745152366,0.5267879085226036,8,0.009729021959043365,0.03314436201646011,0.06019339639266074,0.04278732099588787,0.02035111465990914,0.09627120249865422,0.016605652207256676,27,34,0.058405438274841764,0.09022784673962078,True,False,True,0.0008251582730780593,COMPLETE
937,0.4583736062049866,2025-04-19 22:46:51.388217,2025-04-19 22:47:28.041021,0 days 00:00:36.652804,0.3545987458554519,0.5023100743524573,8,0.016067381631430025,0.03628469419917416,0.06230912584485511,0.04673212898456476,0.017767918614350512,0.08353432280107298,0.01299136257179767,28,34,0.06171503382784988,0.10061138523899382,True,False,True,0.0006508075203121358,COMPLETE
938,0.49625754356384283,2025-04-19 22:47:28.343319,2025-04-19 22:48:04.827478,0 days 00:00:36.484159,0.37978739657524063,0.6223134670163658,8,0.0004698106804452108,0.03650599209656026,0.06114255850877381,0.035940935568354954,0.015964371618813433,0.0919734416442992,0.016321481291948645,28,28,0.05838060798869915,0.08915393169121165,True,False,True,0.0005482964356503632,COMPLETE
939,0.5369757652282715,2025-04-19 22:48:05.132256,2025-04-19 22:48:33.483572,0 days 00:00:28.351316,0.35505478025999,0.5434673478874997,16,0.12756810155565843,0.015587929815820745,0.05383695135738129,0.03844162411629266,0.01879487832054739,0.08567155167982668,0.003908590142838378,29,32,0.06324770952253085,0.10857491279492,True,False,True,0.0007886603061880139,COMPLETE
940,0.5275286555290223,2025-04-19 22:48:33.774461,2025-04-19 22:49:10.296560,0 days 00:00:36.522099,0.39410992535370626,0.3556587333532887,8,0.006196074968907295,0.02442165957384127,0.055794899308217655,0.044663571227261,0.021104382588021612,0.0945749368181806,0.0107851003470187,28,25,0.06088402833715177,0.09186693892956738,True,False,True,0.0004585565050505086,COMPLETE
941,0.26972091794013975,2025-04-19 22:49:10.601834,2025-04-19 22:49:45.970770,0 days 00:00:35.368936,0.34324360427423456,0.4523165531352876,8,0.017050306152257316,0.02501612187572983,0.0515276859826597,0.045528815947696664,0.022275628084800637,0.08992688954918843,0.013570940472392427,27,34,0.06289573503639018,0.10388511281476359,False,False,True,0.0008114067837111364,COMPLETE
942,0.3836845874786377,2025-04-19 22:49:46.272202,2025-04-19 22:50:21.684184,0 days 00:00:35.411982,0.3733839159292973,0.4252328592677086,8,0.01081464565271722,0.04997091379202617,0.05227162123590271,0.043719723500328475,0.01677221873247281,0.09655301533465208,0.0007101477248069654,26,36,0.057410926726367544,0.07392456320794301,True,False,True,0.0006008712230298282,COMPLETE
943,0.317738288640976,2025-04-19 22:50:21.991283,2025-04-19 22:51:00.765894,0 days 00:00:38.774611,0.4092249037742397,0.5847926773212131,8,0.1349752880513565,0.040444105383885744,0.05762891447860727,0.05882638491510005,0.013936988948176403,0.0926699703583048,0.020583295091781792,27,73,0.059781950187122034,0.1116438101538769,True,False,True,0.0008018165399403989,COMPLETE
944,0.37786513566970825,2025-04-19 22:51:01.076814,2025-04-19 22:51:35.830702,0 days 00:00:34.753888,0.32870074724087095,0.487458951810274,8,0.00021166891658250687,0.18356633986619925,0.0562560319714639,0.04650669752406503,0.014297240225111882,0.08789073870088877,0.015756084066390508,26,14,0.057432628263296294,0.11728496921861792,True,False,True,0.0004802416754279556,COMPLETE
945,0.3150228500366211,2025-04-19 22:51:36.121386,2025-04-19 22:52:12.582450,0 days 00:00:36.461064,0.8333057039498599,0.48897878243947335,8,0.019748139923158936,0.04816865781874772,0.05948265699920561,0.04829698355565098,0.01944064826939078,0.09830559467563442,0.012736697268850893,27,32,0.0627278295943214,0.11710884882557863,True,True,True,0.000996731917518374,COMPLETE
946,0.5208127021789551,2025-04-19 22:52:12.887425,2025-04-19 22:52:40.323172,0 days 00:00:27.435747,0.35164192995272825,0.5512742053507488,16,0.012769385002958013,0.034656649855604627,0.030900163165484544,0.04189427099384453,0.014731393508298454,0.09149761297338828,0.010041864434649847,28,30,0.06051190659928923,0.10478066465758704,True,False,True,0.0006116033817180931,COMPLETE
947,0.49494503736495976,2025-04-19 22:52:40.631828,2025-04-19 22:53:16.723417,0 days 00:00:36.091589,0.384627796358026,0.4716815027115111,8,0.007828855858301306,0.11961372715843,0.03432756862945894,0.059902060744079985,0.019336881700500855,0.09425818242553,0.001542082184010603,27,35,0.05903992482961607,0.11389391755025308,True,False,True,0.00038898678039429386,COMPLETE
948,0.44103510975837706,2025-04-19 22:53:17.030749,2025-04-19 22:53:52.535718,0 days 00:00:35.504969,0.3693562049407544,0.5398408913123599,8,0.019799432284447548,0.040789852808370206,0.032282272162909485,0.0578950459622683,0.01745045811739217,0.08016482180470642,0.03121126515671212,26,35,0.06486721976039123,0.10660814723224783,True,False,True,0.0006670027393933769,COMPLETE
949,0.3764576613903046,2025-04-19 22:53:52.828118,2025-04-19 22:54:29.587768,0 days 00:00:36.759650,0.32260934392590374,0.4615938104988889,8,0.20973113014954928,0.053242313747693885,0.03432254885148174,0.04915746345529777,0.021044849996078564,0.09649648253829361,0.019439859346535686,29,28,0.056159644704852456,0.0585200902213094,True,False,True,0.0009882281957845568,COMPLETE
950,0.2807568371295929,2025-04-19 22:54:29.892667,2025-04-19 22:54:54.705192,0 days 00:00:24.812525,0.34835524117848204,0.5105365007899477,8,0.006765985228609099,0.04693478488620055,0.05524894886112884,0.061664729267145835,0.0158618118987095,0.09981756750862857,1.9149116178982727e-05,11,32,0.06290581248510625,0.0998302352014746,True,False,True,0.0005070491136729606,COMPLETE
951,0.43533494472503664,2025-04-19 22:54:55.010784,2025-04-19 22:55:21.057912,0 days 00:00:26.047128,0.3378584494342152,0.46346953285971615,8,0.012892039227296662,0.04348469312902803,0.035961620869413756,0.045245853691863284,0.013147203545563705,0.09092933370683165,0.0020375245769042195,13,36,0.06083246025197389,0.11338096934087784,True,False,True,0.0008045734476088499,COMPLETE
952,0.513425862789154,2025-04-19 22:55:21.366865,2025-04-19 22:55:49.082047,0 days 00:00:27.715182,0.31611930498887403,0.39222438623500655,16,0.00025087815892011617,0.03234054269640234,0.050315414059906374,0.060163943266491694,0.012321140556787622,0.08878908990351451,0.0159147814450955,28,31,0.057450290414498006,0.21349059695016961,True,False,True,0.0006408499335199693,COMPLETE
953,0.4547398805618286,2025-04-19 22:55:49.390320,2025-04-19 22:56:24.607519,0 days 00:00:35.217199,0.37620421940474935,0.5711791234737384,8,0.059950267445883776,0.05677406964818005,0.05237083670784461,0.042954228384863145,0.01855160409135084,0.08486041354878136,0.023952784776049386,26,36,0.05888294945236347,0.09388915393045812,True,False,True,0.0003814477245533204,COMPLETE
954,0.5326950192451477,2025-04-19 22:56:24.898004,2025-04-19 22:56:50.730546,0 days 00:00:25.832542,0.41397332947172255,0.4852586291658873,8,0.17181076526351036,0.051102828137500736,0.05737522248965191,0.08842829289887326,0.015362762659859037,0.09463212559464779,0.012490540410983214,13,34,0.06375340354931808,0.1217773363007862,True,False,True,0.0005432726662173099,COMPLETE
955,0.47504044771194465,2025-04-19 22:56:51.035560,2025-04-19 22:57:17.893028,0 days 00:00:26.857468,0.3567205972679709,0.6307612899352399,8,0.02003300529928985,0.04145567262976874,0.048127554034738326,0.04987453320874349,0.04523153543268034,0.09268617033650542,0.017098051600217656,14,38,0.06174421909416207,0.12211966531910627,True,False,True,0.0009972132251994633,COMPLETE
956,0.491818904876709,2025-04-19 22:57:18.198685,2025-04-19 22:58:47.607288,0 days 00:01:29.408603,0.3186297265240965,0.37091966588583947,2,0.024027138400980697,0.05747973015111832,0.03658366828153163,0.06336266864511744,0.001010071165621091,0.09999588063433018,0.010686652172356918,26,28,0.06593279692935664,0.11674433053220223,True,False,True,0.0007103616562195374,COMPLETE
957,0.4188596665859223,2025-04-19 22:58:47.916307,2025-04-19 22:59:13.182527,0 days 00:00:25.266220,0.33524386309250287,0.4005533631887692,8,0.014602745679283661,0.02534682462304688,0.03419295035520752,0.020866843207974252,0.003876348504278402,0.0964589921833621,0.020526377844130205,12,32,0.003174244971147891,0.11024187767781217,True,False,True,0.0008074620467719096,COMPLETE
958,0.4557619750499725,2025-04-19 22:59:13.493683,2025-04-19 22:59:49.728796,0 days 00:00:36.235113,0.3101533915824064,0.60565727630243,8,0.15659467553001272,0.04969860825692422,0.04670533670518943,0.05709921562449839,0.020089854396896974,0.09010884195341447,0.02674635248766921,27,37,0.05619322567820965,0.12476865673631356,True,False,True,0.00045331235885927735,COMPLETE
959,0.5042767524719238,2025-04-19 22:59:50.022255,2025-04-19 23:00:11.199158,0 days 00:00:21.176903,0.3978786222058096,0.37345259364559846,16,0.052785474876332984,0.03346632227790357,0.036525240908880485,0.058278025478492305,0.004286602383907352,0.09521652640104006,0.013526327478894859,13,23,0.05991703800509404,0.10567568072833426,True,False,True,0.0005907925548144695,COMPLETE
960,0.33612528443336487,2025-04-19 23:00:11.506656,2025-04-19 23:00:40.759495,0 days 00:00:29.252839,0.36544183649493045,0.33429610017892003,8,0.0047861964244184825,0.04650354091558389,0.053521984752045164,0.04654474854263233,0.012630232616334088,0.08702896177174285,0.017899631552289044,14,40,0.05475090943480788,0.28261887649869805,False,False,False,0.000783641359981284,COMPLETE
961,0.5258207798004151,2025-04-19 23:00:41.069342,2025-04-19 23:01:20.699318,0 days 00:00:39.629976,0.33602880788363043,0.524268462704032,8,0.025704317771089617,0.03930750766945108,0.032687625227839405,0.04080250403798093,0.01725838424898969,0.07839318465527195,0.03546382496558713,26,34,0.062254992168163666,0.11878734663884684,True,False,False,0.000326259842392069,COMPLETE
962,0.5056889653205872,2025-04-19 23:01:21.012249,2025-04-19 23:02:01.113621,0 days 00:00:40.101372,0.3064277790355434,0.41571537708832657,8,0.12725599900705592,0.1026651202095886,0.0382963468049957,0.04871874192444529,0.0026956857458771614,0.09269154251878911,0.014887169967662388,27,30,0.058024872499526266,0.2783533186113578,True,False,False,0.0005765938799048638,COMPLETE
963,0.5297481298446656,2025-04-19 23:02:01.426201,2025-04-19 23:02:43.045126,0 days 00:00:41.618925,0.35034840232552183,0.1783467485137328,8,0.012092953809473117,0.01269645210270276,0.04422201093719081,0.05632191557806168,0.005017062052823346,0.09809016669846474,0.010601824792034335,28,38,0.06022665936555951,0.28259277810513034,True,False,False,0.0004513241133702759,COMPLETE
964,0.34720224738121036,2025-04-19 23:02:43.341122,2025-04-19 23:03:10.329841,0 days 00:00:26.988719,0.38784892349164646,0.4455834371304885,8,0.04626980327739984,0.05395186168108554,0.0378459860418318,0.06072737916666889,0.0024203145552903114,0.05665612734967412,0.02082622387784425,14,35,0.06756692231443204,0.11421651207429707,True,True,True,0.0009940147510136886,COMPLETE
965,0.4935926914215088,2025-04-19 23:03:10.644229,2025-04-19 23:03:40.711299,0 days 00:00:30.067070,0.30160337010559585,0.5644339979384194,8,0.28688817810627615,0.059615345761777704,0.03512344470940687,0.05111129597147252,0.006196781530845155,0.08167382393340247,0.014255285876726835,13,65,0.055673859888299614,0.12396513621826102,True,False,False,0.0007339468735351515,COMPLETE
966,0.43909035921096806,2025-04-19 23:03:41.019900,2025-04-19 23:04:10.808501,0 days 00:00:29.788601,0.3258497465272431,0.18814185891197466,16,0.016476642637682892,0.16668535000754592,0.030059863637048836,0.046532677431436714,0.01631974082498358,0.09669210417781272,0.00925108726398119,26,39,0.06405721797887075,0.03753469530106973,True,False,False,0.0006579381459991154,COMPLETE
967,0.47594656944274905,2025-04-19 23:04:11.124512,2025-04-19 23:04:38.771569,0 days 00:00:27.647057,0.37048989069481797,0.6081983818589303,8,0.030420665840434666,0.04555052352165612,0.045835926428796685,0.039156634097676626,0.0010427654710961356,0.09461750389977863,0.012036240241157056,12,33,0.057607619216410486,0.2870341818824381,True,False,False,0.0005170465451417445,COMPLETE
