number,value,datetime_start,datetime_complete,duration,params_alpha-eval,params_alpha-train,params_batch-size,params_eps-eval,params_eps-train,params_lambda-actions-eval,params_lambda-actions-train,params_lambda-frames-eval,params_lambda-frames-train,params_learning-rate,params_n-epochs,params_n-frames,params_radius-gw,params_rho,params_std-feats,params_ub-actions,params_ub-frames,params_weight-decay,state
797,0.5315428137779237,2025-04-19 21:33:13.018418,2025-04-19 21:33:44.295344,0 days 00:00:31.276926,0.3583687002663297,0.15502389743686773,8,0.1063881598617499,0.05414813003687517,0.030781164052084146,0.04580327300977068,0.006443462440574635,0.0919868190755696,0.011900724693990011,16,32,0.05254800447971062,0.2856406517831792,True,False,False,0.000990741029313794,COMPLETE
798,0.5067303419113159,2025-04-19 21:33:44.552776,2025-04-19 21:34:14.205967,0 days 00:00:29.653191,0.3100319318866041,0.1980017450474157,8,0.052687200149131905,0.06344905427278384,0.05079800512167581,0.05591185015649646,0.012319675246312372,0.0882995582697932,0.009776286175987877,14,43,0.0593755840850769,0.2934938351999941,True,False,False,0.00034676094420190557,COMPLETE
799,0.5337205886840821,2025-04-19 21:34:14.466293,2025-04-19 21:34:43.023017,0 days 00:00:28.556724,0.32319228525197696,0.26174656176884464,8,0.018008133333098683,0.04777559632569402,0.03750319528764975,0.0619303856125611,0.003118488702141288,0.0935387863294276,0.018354119048192185,13,38,0.06731467964137276,0.2884004344751298,True,False,False,0.00067510446899733,COMPLETE
800,0.5254709362983704,2025-04-19 21:34:43.269332,2025-04-19 21:35:07.643271,0 days 00:00:24.373939,0.29390849283921394,0.11970313500496049,16,0.02168762188636375,0.05407273030269355,0.044177816103682904,0.05326911925873041,0.008447931943279644,0.09000751678420285,0.022697598697664426,15,34,0.07125062640993143,0.27082165656433616,True,False,False,0.00047979932905303384,COMPLETE
801,0.5089029788970948,2025-04-19 21:35:07.903824,2025-04-19 21:35:38.642132,0 days 00:00:30.738308,0.33611549909749666,0.23730081263833855,8,0.009919691221447854,0.068211398790316,0.054319293726953266,0.059042306503982886,0.005857782170175366,0.0853839724681767,0.01618111295524968,16,29,0.05568826686098352,0.2945955765335031,True,False,False,0.0008175331064372069,COMPLETE
802,0.5043188571929932,2025-04-19 21:35:38.904352,2025-04-19 21:36:19.617751,0 days 00:00:40.713399,0.27051381889719117,0.1743113553864555,8,0.03881415494927064,0.04116412865918889,0.04751911591792481,0.05050757232794641,0.015202421966065019,0.0982952898225278,0.001663945893038031,27,40,0.060943876388705666,0.11995077059808712,True,False,False,0.0006212744144627192,COMPLETE
803,0.44823509454727173,2025-04-19 21:36:19.864672,2025-04-19 21:36:47.983823,0 days 00:00:28.119151,0.9990511322535334,0.21877808392771914,8,0.122137964278244,0.0599409585404796,0.06254510389981423,0.05626511854672277,0.003774261316475635,0.09142809844363156,0.032502886235423425,12,36,0.05136378986275217,0.2996458766232839,True,False,False,0.00044166582945389245,COMPLETE
804,0.5234028577804566,2025-04-19 21:36:48.247174,2025-04-19 21:37:17.771138,0 days 00:00:29.523964,0.3792374597373845,0.2764748218140371,8,0.06085756314083824,0.04751044013044987,0.041591330039502834,0.05529351858935933,0.020181770722143527,0.03400618935416472,0.02787418318499288,14,33,0.048800048103197116,0.2823809064055703,True,False,False,0.0007965459940301188,COMPLETE
805,0.48814632892608645,2025-04-19 21:37:18.020659,2025-04-19 21:37:51.089310,0 days 00:00:33.068651,0.25187867157701244,0.15221688453116672,8,0.005691812881712888,0.03448214263310112,0.03568800537676453,0.051953740431578896,0.002716542383285896,0.0960033572427214,0.012852613625873496,18,47,0.05377691610300677,0.27539337737959363,True,False,False,0.0005483467991586265,COMPLETE
806,0.5191470861434937,2025-04-19 21:37:51.348329,2025-04-19 21:38:22.004907,0 days 00:00:30.656578,0.4023353404237392,0.29510687591820306,8,0.02837298664433497,0.052467566036507596,0.039257140878074526,0.04875060091972077,0.0010173855093205371,0.09424292674733306,0.007439147433510371,15,42,0.06278860223700453,0.29984983861261866,True,False,False,0.0009908362167743985,COMPLETE
807,0.3605476558208466,2025-04-19 21:38:22.266622,2025-04-19 21:38:47.718144,0 days 00:00:25.451522,0.30280024310654435,0.18825257391070904,8,0.05040102401395653,0.059062378528172775,0.04272573326827063,0.05832183539742312,0.007511630146488366,0.08685139675896167,0.01848392915761138,13,38,0.057585135840115556,0.29022131030552034,False,False,True,0.0006732691809750962,COMPLETE
808,0.47841468453407293,2025-04-19 21:38:47.968248,2025-04-19 21:39:12.894547,0 days 00:00:24.926299,0.36438404512224315,0.04416671191507883,16,0.09983010021664748,0.07244607062255176,0.045617190122784666,0.05407208988525823,0.005444085395230574,0.09207294151358977,0.014395693010599401,16,32,0.059553033964048055,0.1308599694228367,True,False,False,0.0009975425875923042,COMPLETE
809,0.5086711287498474,2025-04-19 21:39:13.157442,2025-04-19 21:39:53.524920,0 days 00:00:40.367478,0.32441746025341134,0.1347213346521549,8,0.01609160041867243,0.043860303583492403,0.03391068471908637,0.06236764209719655,0.009308749288690441,0.08915029948825967,0.00997814342611806,27,35,0.06516020935562927,0.11004834068266184,True,False,False,0.0003208236891272591,COMPLETE
810,0.4981196761131287,2025-04-19 21:39:53.787057,2025-04-19 21:40:23.654049,0 days 00:00:29.866992,0.27816297020040553,0.2453729758326936,8,0.036887762024061674,0.06413354097600317,0.037641112360968836,0.057178415691815664,0.004104411804491858,0.09662263240960328,0.019888840628429164,14,40,0.0549927674017198,0.2850119698463631,True,False,False,0.0004091118994425408,COMPLETE
811,0.37643187642097475,2025-04-19 21:40:23.904009,2025-04-19 21:40:51.690881,0 days 00:00:27.786872,0.23089202977913825,0.0963136616880201,8,0.11466584372407748,0.05177894535321771,0.04037708384910208,0.059341361248885394,0.01737212004860925,0.09446934452125819,0.022459752084560126,15,45,0.06215281120766973,0.19873685002849462,True,True,False,0.00054481822809079,COMPLETE
812,0.5023916006088257,2025-04-19 21:40:51.951953,2025-04-19 21:41:23.446568,0 days 00:00:31.494615,0.3396138893526506,0.16588433949207526,8,0.044959357241161235,0.03966871294070654,0.05273382094964991,0.05124164663951167,0.07752128895757347,0.0980042827452395,0.016367033075651252,17,29,0.051110021089101246,0.2946683174242904,True,False,False,0.0007100170468221763,COMPLETE
813,0.5084360361099243,2025-04-19 21:41:23.709363,2025-04-19 21:41:54.754554,0 days 00:00:31.045191,0.29449717714118,0.3888777692789963,8,0.024712105021668155,0.059066611171672834,0.03669544937382337,0.053353425604457716,0.011076290816597186,0.09094336631036877,0.012485904068157564,16,38,0.06874990695016517,0.2912911010245714,True,False,False,0.0008202453195393707,COMPLETE
814,0.4649004340171814,2025-04-19 21:41:55.007114,2025-04-19 21:42:23.253798,0 days 00:00:28.246684,0.3136755295110063,0.21574353064362822,8,0.008325462430622852,0.04755947465228291,0.03244589115221717,0.05625174866152091,0.0063428322837306185,0.09272947665329749,0.014728094449125912,12,50,0.048474852140965,0.14092194393475932,True,False,False,1.86137790551961e-07,COMPLETE
815,0.4940059900283814,2025-04-19 21:42:23.517050,2025-04-19 21:42:52.972971,0 days 00:00:29.455921,0.34557512135725504,0.34879950157626,8,0.02616024117476423,0.033675768292821304,0.039439783880002494,0.03336672214566701,0.01353093340436055,0.08453663819201751,0.0031889798897992414,14,42,0.057179138433103224,0.2778035390263563,True,False,False,0.00047604057260983195,COMPLETE
816,0.5126945137977601,2025-04-19 21:42:53.237991,2025-04-19 21:43:16.410321,0 days 00:00:23.172330,0.20214468682031927,0.1398041572740698,16,0.01512668895693806,0.0554143218383385,0.042000768619365685,0.04958241505168134,0.0024961441960487333,0.08713521352415776,0.009422781107017391,13,35,0.059868207019539696,0.2873633126344802,True,False,False,0.000648897113341109,COMPLETE
817,0.3262271046638489,2025-04-19 21:43:16.662855,2025-04-19 21:43:52.234494,0 days 00:00:35.571639,0.2579145478461445,0.1884427308513209,8,0.03481240742396632,0.06747288460980733,0.04449099567793978,0.06641398841827148,0.008546253542109004,0.09994206651011937,0.02750900998781461,15,139,0.05329203631830427,0.11585967402748494,True,False,False,0.000991742796939832,COMPLETE
818,0.5207112431526184,2025-04-19 21:43:52.499367,2025-04-19 21:44:24.239613,0 days 00:00:31.740246,0.365357865271159,0.07482556622926981,8,0.00345726210846389,0.04531024820301201,0.04890426727217909,0.045627805578929176,0.004183783661497268,0.046293121661877004,0.006818563889077972,17,23,0.06432865835944564,0.1238145344375586,True,False,False,0.0003733235914669958,COMPLETE
819,0.5033844232559204,2025-04-19 21:44:24.503674,2025-04-19 21:44:55.728317,0 days 00:00:31.224643,0.2823646597015285,0.2701519016595748,8,0.05506789191845775,0.05113112056609123,0.055556338925277775,0.047532857648535064,0.005028020722513368,0.09547810527359904,0.004148493077684726,16,31,0.05873580808058592,0.299790833058526,True,False,False,0.0005545269266822047,COMPLETE
820,0.3091827929019928,2025-04-19 21:44:55.983404,2025-04-19 21:45:27.479426,0 days 00:00:31.496022,0.32169883748913936,0.4361925658771587,8,0.04268786375418845,0.07520490706791276,0.03468613958993034,0.0607539757954674,0.0069921753014689485,0.08939097480670419,0.0010720031273099364,14,91,0.0613217272724539,0.2945504408206475,True,False,False,0.000797010738107851,COMPLETE
821,0.5248237967491151,2025-04-19 21:45:27.746298,2025-04-19 21:45:57.928221,0 days 00:00:30.181923,0.298357432241808,0.16106976592773012,8,0.01027362840641164,0.040249939311686966,0.037930865532120044,0.0587019345253292,0.0025773789125848375,0.09292088298559367,0.02161048916077706,15,37,0.05634267239960868,0.28063200017301976,True,False,False,0.0006551442373426969,COMPLETE
822,0.5193178653717041,2025-04-19 21:45:58.201650,2025-04-19 21:46:38.262179,0 days 00:00:40.060529,0.4076946628774299,0.11819921123747304,8,0.030184714454665047,0.06171585028275387,0.09145689210049855,0.05529162692923512,0.0010143676174113386,0.09671425980707492,0.01143695472257139,27,40,0.052630939843511935,0.2893987237374274,True,False,False,0.0002843093129883775,COMPLETE
823,0.5266134977340698,2025-04-19 21:46:38.531257,2025-04-19 21:47:08.843836,0 days 00:00:30.312579,0.23845943300740563,0.20739457238704628,8,0.020037754761279034,0.05494926345263197,0.04085203320101958,0.05227718470508118,0.010662787425563237,0.008747263282171798,0.0187968701848336,15,43,0.04960804910769008,0.1030438400471595,True,False,False,0.00045035428126382953,COMPLETE
824,0.46783267259597777,2025-04-19 21:47:09.095183,2025-04-19 21:47:33.351616,0 days 00:00:24.256433,0.3492706710168174,0.23337594752004687,8,0.14236719924263008,0.034868170517810354,0.058921986899899435,0.05670206516692905,0.018477796102319945,0.09086725011049193,0.015246616538607805,7,59,0.05477440926922572,0.28462652691271656,True,False,False,0.0005591153655830738,COMPLETE
825,0.4632228136062622,2025-04-19 21:47:33.618804,2025-04-19 21:48:00.446764,0 days 00:00:26.827960,0.1869686645730408,0.5372461200542568,16,0.048162960877942806,0.06799087433558101,0.03632173526562692,0.05416583546399195,0.007079258171077262,0.02606214359426429,0.024890040131241437,21,26,0.063748341455551,0.2998651050399644,True,False,False,1.0102102916258075e-05,COMPLETE
826,0.5299169421195984,2025-04-19 21:48:00.717340,2025-04-19 21:48:26.789735,0 days 00:00:26.072395,0.268812956677409,0.30840693820831966,8,0.0002775656520950416,0.046936508688463795,0.04345043463136962,0.04958398308563291,0.004435296131402072,0.09448462052347154,0.005398518485326972,13,34,0.060568306460751384,0.2941753863083518,True,False,True,0.0008292531078047504,COMPLETE
827,0.4859392285346985,2025-04-19 21:48:27.044427,2025-04-19 21:48:53.723273,0 days 00:00:26.678846,0.3892086319382896,0.36478315478660256,8,0.11801482772513495,0.059548385467685386,0.02964058575929747,0.057751914936509295,0.020578623840355015,0.08755374720235866,0.008440290684746962,11,37,0.06715807628947325,0.28835493543110696,False,False,False,0.0006768565264281402,COMPLETE
828,0.5022704720497132,2025-04-19 21:48:53.992161,2025-04-19 21:49:25.312336,0 days 00:00:31.320175,0.3118038623889946,0.25158035524719424,8,0.013446248680976868,0.0521316448799697,0.04677638097009036,0.06216225008793929,0.0027774723983961034,0.08461796782176825,0.017368068106039712,16,32,0.04783731204526221,0.1253239393245971,True,False,False,0.00036010802639417416,COMPLETE
829,0.5376252770423889,2025-04-19 21:49:25.583376,2025-04-19 21:49:55.186157,0 days 00:00:29.602781,0.3295907734010074,0.18553757737857293,8,0.03797288524957229,0.04261963249522204,0.039068620268427,0.05186269404918993,0.008958141910685904,0.09368965477518236,0.012330916858926589,14,40,0.057910860855482735,0.27396751222168036,True,False,False,0.0004881239166325953,COMPLETE
830,0.5019620299339295,2025-04-19 21:49:55.441739,2025-04-19 21:50:25.318003,0 days 00:00:29.876264,0.3235762125048094,0.18733484945998588,8,0.03902354766891803,0.035790560809298114,0.03827201962636247,0.051298678919855456,0.009921373442559672,0.09505958799494164,0.010523028163063185,14,46,0.05808730637713062,0.26832166608060837,True,False,False,0.0004558476462655074,COMPLETE
831,0.17467430830001832,2025-04-19 21:50:25.587714,2025-04-19 21:50:51.960521,0 days 00:00:26.372807,0.33854657354287654,0.19985039756967524,8,0.03403507067866155,0.040299933816497255,0.03946006745463609,0.047836658044483706,0.01292219418193154,0.09350811066615726,0.01292656922515128,14,43,0.057067416706463626,0.2671276090163925,True,True,False,0.0005025011166134712,COMPLETE
832,0.5294529080390931,2025-04-19 21:50:52.232361,2025-04-19 21:51:20.976862,0 days 00:00:28.744501,0.297823230319022,0.1802832305037269,8,0.03532312484945584,0.03311176462636797,0.04057154731752181,0.05277222385510143,0.009959671812851867,0.09725774618237361,0.011741565091100817,13,41,0.05921962257553674,0.27201408161514196,True,False,False,0.00039317048761554113,COMPLETE
833,0.4860753297805786,2025-04-19 21:51:21.231462,2025-04-19 21:51:50.692844,0 days 00:00:29.461382,0.32625656031091105,0.22176442285736198,8,0.04385000827016858,0.041080985130868775,0.03668796775392893,0.05035681342829826,0.011726928444751187,0.09271504829265581,0.009920720677680694,13,48,0.061964946503574675,0.27615423324356797,True,False,False,0.0005768118061873962,COMPLETE
834,0.47861731052398687,2025-04-19 21:51:50.961505,2025-04-19 21:52:15.307685,0 days 00:00:24.346180,0.29543647657941147,0.1727148518346172,16,0.03037598377713921,0.04550558472183704,0.03440753056357657,0.054035869036958305,0.007858112678523318,0.09816584315834107,0.014129136497656207,14,45,0.05872993747696884,0.27468320751201497,True,False,False,0.0007186460852552143,COMPLETE
835,0.5192180156707764,2025-04-19 21:52:15.579566,2025-04-19 21:52:45.361018,0 days 00:00:29.781452,0.35635710785498254,0.15691135379495547,8,0.07910301986022353,0.039540834839701715,0.039243607850702314,0.05062287104991375,0.00799908673363765,0.06110005529254789,0.008556775495687773,14,40,0.06032282961235544,0.2767995540572585,True,False,False,0.0004866817467981327,COMPLETE
836,0.46356758475303655,2025-04-19 21:52:45.619212,2025-04-19 21:53:16.160080,0 days 00:00:30.540868,0.16020503674396136,0.20506372614056267,8,0.05713379333296241,0.10988795108655673,0.04218582719943346,0.04814293477017747,0.006109610953183871,0.09564823052061587,0.01243163984641143,15,39,0.05535621652212859,0.27859057978211277,True,False,False,2.2216642922085107e-08,COMPLETE
837,0.46790715456008913,2025-04-19 21:53:16.430019,2025-04-19 21:53:46.416237,0 days 00:00:29.986218,0.2812286394835839,0.13920242258303442,8,0.046070760961371054,0.046349104406937396,0.03790669591859335,0.05348587961510767,0.00979429137067191,0.0938913112218973,0.016030195298290827,14,52,0.056581939706703846,0.2825919846285259,True,False,False,0.000617759178494351,COMPLETE
838,0.5246374487876893,2025-04-19 21:53:46.686863,2025-04-19 21:54:17.141302,0 days 00:00:30.454439,0.25224002800364675,0.1730441857771785,8,0.02413489306167589,0.06364901670398444,0.03200368028144621,0.045669356376421236,0.005535531740064887,0.09169368751852845,0.007025396661583438,15,43,0.06291280691554324,0.2688026647897833,True,False,False,0.0003145464496498173,COMPLETE
839,0.48375432491302495,2025-04-19 21:54:17.399625,2025-04-19 21:54:45.191979,0 days 00:00:27.792354,0.3116092603333964,0.1901330887383405,8,0.030147389821685945,0.05652155978959871,0.03571766005469375,0.05194548157912349,0.008384294232596002,0.0999998717813714,0.011114509006046169,12,36,0.06546075469647629,0.11983902293809685,True,False,False,4.934086649424669e-08,COMPLETE
840,0.5390892267227173,2025-04-19 21:54:45.462004,2025-04-19 21:55:14.007746,0 days 00:00:28.545742,0.33736293758155234,0.16472587367930494,8,0.03972822593587877,0.0710395412474991,0.04039271865184135,0.043498242415530707,0.004381459585979424,0.0962275684015741,0.014034045984909552,13,39,0.058015172762671284,0.1316660857164639,True,False,False,0.0008129348729856216,COMPLETE
841,0.5220267415046692,2025-04-19 21:55:14.282674,2025-04-19 21:55:43.677757,0 days 00:00:29.395083,0.35327763081793684,0.2301479678650504,8,0.03964069932015889,0.06368453642787117,0.03890331046411154,0.03857768222368027,0.004224656639349604,0.09823013031262197,0.01473850310201055,13,45,0.057219443266120405,0.1396823957245783,True,False,False,0.0008303734162086542,COMPLETE
842,0.5175088286399842,2025-04-19 21:55:43.952903,2025-04-19 21:56:07.111166,0 days 00:00:23.158263,0.3452004427615061,0.20550923691706316,16,0.03793354101873932,0.0770669237889794,0.03707531546850732,0.022735028587339282,0.003041487243784618,0.09625604449918597,0.019979791732188314,12,40,0.055206784717145206,0.28039125386414065,True,False,False,0.0009767755598546533,COMPLETE
843,0.5062279462814332,2025-04-19 21:56:07.370485,2025-04-19 21:56:36.246321,0 days 00:00:28.875836,0.3331269781391208,0.17427752904048477,8,0.027076605276341443,0.07896295993895343,0.040720732862757444,0.04141886956142708,0.005832612934558728,0.09595178047770637,0.017016580735753503,13,43,0.05784909398143922,0.14639398739662554,True,False,False,0.000803207972052924,COMPLETE
844,0.506700086593628,2025-04-19 21:56:36.518099,2025-04-19 21:57:04.296939,0 days 00:00:27.778840,0.3747487645643258,0.19903231500936058,8,0.020666040201181044,0.0766584067000367,0.03460906855445952,0.04252704260428117,0.004532525318287883,0.09793692631951784,0.01423684529840539,12,47,0.05422130643958663,0.2851977002102931,True,False,False,0.00081217548345332,COMPLETE
845,0.4200221002101898,2025-04-19 21:57:04.572601,2025-04-19 21:57:30.981788,0 days 00:00:26.409187,0.11941569182529463,0.17332077234533738,8,0.035441671226736256,0.06928687234269454,0.038722679564043794,0.04443275501102447,0.002719437188413619,0.0949583653363317,0.01788387908097892,13,42,0.05728350426929964,0.12970176453930995,True,False,True,0.0006564611773557549,COMPLETE
846,0.46692768335342405,2025-04-19 21:57:31.243748,2025-04-19 21:57:59.672899,0 days 00:00:28.429151,0.36535665348257373,0.22394241805147821,8,0.10690011878417152,0.07502311189649331,0.036083897996593756,0.045121261478601286,0.006346736492076777,0.09721372422201677,0.013575747227198195,13,39,0.05913462059938162,0.2733276154120358,False,False,False,0.0007967033719943928,COMPLETE
847,0.5192080497741699,2025-04-19 21:57:59.947491,2025-04-19 21:58:28.684814,0 days 00:00:28.737323,0.33234738439133954,0.14990310428319875,8,0.030513223394259756,0.06733458415734812,0.04127730285761909,0.042460021924583986,0.0023981481595858603,0.09441952872924705,0.020734601542701642,13,38,0.0566195073669305,0.1338506032173975,True,False,False,0.0009927146351747984,COMPLETE
848,0.5179772853851319,2025-04-19 21:58:28.960627,2025-04-19 21:58:59.242567,0 days 00:00:30.281940,0.34753005588499447,0.25218265841344845,8,0.0897876691830362,0.07155254366933606,0.03927219313567958,0.042737699449625896,0.004491871498829212,0.09336016864815126,0.01622707038724191,14,41,0.05448792558110302,0.08422583726687931,True,False,False,0.0006378010410392796,COMPLETE
849,0.4960931181907654,2025-04-19 21:58:59.504530,2025-04-19 21:59:27.435734,0 days 00:00:27.931204,0.3192957681241245,0.1206798790383949,8,0.01709598564849802,0.06881002626525679,0.03767157982619387,0.04743458998951175,0.006539749316755748,0.09616522902297697,0.012505349619673117,12,44,0.05966503719312031,0.28300338369226824,True,False,False,0.0007009375212696414,COMPLETE
850,0.5179983139038087,2025-04-19 21:59:27.709813,2025-04-19 21:59:56.950581,0 days 00:00:29.240768,0.3621148076656408,0.19286547599376436,8,0.1289636284678092,0.07421704328918388,0.033470497799930346,0.039493133103203126,0.002310525485153471,0.09856796343705287,0.01671157802114611,13,49,0.05545401983132117,0.14847184473616137,True,False,False,0.0005344361064439805,COMPLETE
851,0.4739769518375397,2025-04-19 21:59:57.230075,2025-04-19 22:00:19.292491,0 days 00:00:22.062416,0.21714672790669184,0.16104006827854128,16,0.02590367453315795,0.081888564918844,0.040393781721959586,0.03991552319341362,0.0010711595628558584,0.09459030024444602,0.02367522051555184,14,37,0.07494103476065682,0.29051346954570856,True,True,False,0.0008391829260130519,COMPLETE
852,0.520332646369934,2025-04-19 22:00:19.553387,2025-04-19 22:00:49.201044,0 days 00:00:29.647657,0.32935669192087513,0.1384358011426577,8,0.04095557624926113,0.033225023738026035,0.035827907996945955,0.03712652123641458,0.0010189598746360084,0.09244076666841759,0.020593029466127795,14,40,0.052971760152081424,0.28501889196879693,True,False,False,0.0006604942980891002,COMPLETE
853,0.4326269388198853,2025-04-19 22:00:49.476200,2025-04-19 22:01:19.140364,0 days 00:00:29.664164,0.3101982236883308,0.22531832487897316,8,0.006312404444366263,0.2481459448094871,0.07283419626160399,0.04403537975455553,0.0046180586919929096,0.09593476779606822,0.014243971902267965,14,36,0.05845065371266655,0.13147700463851597,True,False,False,0.0005527760416642393,COMPLETE
