number,value,datetime_start,datetime_complete,duration,params_alpha-eval,params_alpha-train,params_batch-size,params_eps-eval,params_eps-train,params_lambda-actions-eval,params_lambda-actions-train,params_lambda-frames-eval,params_lambda-frames-train,params_learning-rate,params_n-epochs,params_n-frames,params_radius-gw,params_rho,params_std-feats,params_ub-actions,params_ub-frames,params_weight-decay,state
227,0.501307213306427,2025-04-08 10:39:54.908807,2025-04-08 10:40:20.316197,0 days 00:00:25.407390,0.43436911727633126,0.3322634416530825,8,0.28351870583866745,0.02148838775806614,0.09970966068272515,0.01727297899171603,0.023679739145306054,0.04409910541764548,0.0050000653571697275,9,33,0.04178459020398314,0.149358092288274,True,False,False,9.860346978263672e-08,COMPLETE
228,0.5104928851127625,2025-04-08 10:40:20.389369,2025-04-08 10:40:46.267810,0 days 00:00:25.878441,0.4653903446546369,0.2877701184477574,8,0.29775129773865416,0.03769555753332949,0.09460779174779299,0.020030191632699267,0.03464784639649297,0.0463109067459061,0.004140078699618118,10,30,0.03701358617911933,0.15902073293685579,True,False,False,3.9769152133685164e-08,COMPLETE
229,0.49756340980529784,2025-04-08 10:40:46.339927,2025-04-08 10:41:22.303381,0 days 00:00:35.963454,0.5813492336087572,0.29108717424435604,8,0.29724176470139924,0.03792822594859629,0.09483702979815274,0.02047498106457485,0.035812935208001793,0.04702982889355354,0.0040432385409624886,22,35,0.03652861622822445,0.1572862313672532,True,False,False,4.2183352138705696e-08,COMPLETE
230,0.09188934862613678,2025-04-08 10:41:22.376205,2025-04-08 10:42:03.602560,0 days 00:00:41.226355,0.557667469296712,0.28109179286633806,8,0.2949140034736874,0.0007085867637647014,0.09784882617415142,0.023408589918561137,0.026572722676964144,0.04905238023702267,0.0032246681755671042,30,27,0.03097726520670604,0.16666933385742172,True,False,False,1.5958164665452604e-07,COMPLETE
231,0.49651651382446294,2025-04-08 10:42:03.675042,2025-04-08 10:42:29.318442,0 days 00:00:25.643400,0.4679505649112078,0.22620863030610738,8,0.2887710470247346,0.01931598328081257,0.09463822567079011,0.01919447547700107,0.03397567283551472,0.04522528893752572,0.002052787834071916,10,30,0.03771459116838469,0.16326846044047114,True,False,False,7.0201106343627e-08,COMPLETE
232,0.516379201412201,2025-04-08 10:42:29.390445,2025-04-08 10:42:55.570147,0 days 00:00:26.179702,0.4432937637090355,0.2423718038124139,8,0.27603632595719224,0.03132658593573838,0.09157966490612278,0.016760712772657855,0.031158597634571482,0.04772818133032816,0.003975684339536059,10,32,0.03469756404366635,0.15192413656327153,True,False,False,5.431774090379858e-08,COMPLETE
233,0.507165002822876,2025-04-08 10:42:55.652995,2025-04-08 10:43:21.961212,0 days 00:00:26.308217,0.44903689858690166,0.24533415409163442,8,0.280273496141767,0.013148833287658486,0.0964403737117852,0.017014753355927153,0.030165886115142277,0.04673726449396337,0.004273591204793323,10,32,0.03514006671782173,0.1526781689736778,True,False,False,3.9067465734215796e-08,COMPLETE
234,0.4940595865249634,2025-04-08 10:43:22.034209,2025-04-08 10:43:47.130502,0 days 00:00:25.096293,0.432131087587854,0.24108014419439566,8,0.29882960936059866,0.011024053488957502,0.09652001929068334,0.01706528310184844,0.02995613214777539,0.0481933962365237,0.005320365610970415,9,34,0.03246788348229633,0.15984227979599125,True,False,False,3.486646092605835e-08,COMPLETE
235,0.4546873867511749,2025-04-08 10:43:47.206088,2025-04-08 10:44:12.254227,0 days 00:00:25.048139,0.4497279646596925,0.25571263058936483,8,0.28130197031895715,0.0260152991782802,0.0979104078644712,0.01092979382837398,0.02768131851000569,0.046153460590730104,0.004082285341901321,9,38,0.03795687050812703,0.17212622442275596,True,False,False,4.833573984996209e-08,COMPLETE
236,0.37950797080993653,2025-04-08 10:44:12.328551,2025-04-08 10:44:38.102741,0 days 00:00:25.774190,0.5189868692684366,0.2320347847079618,8,0.28615168647927297,0.014192797650368995,0.09601843496095283,0.016142442297505805,0.03085425274260727,0.0436812464179537,0.0033807778429734646,10,32,0.007580669477739672,0.1522706511050652,True,False,False,3.843079653455338e-08,COMPLETE
237,0.41502708792686466,2025-04-08 10:44:38.177069,2025-04-08 10:45:04.179225,0 days 00:00:26.002156,0.3945480639967798,0.30147157551913567,8,0.27607322162336195,0.02958172914861299,0.09987565376319694,0.013060149129626355,0.025900429505293497,0.04211671117772553,0.004458130540762656,10,28,0.03549415792935712,0.15533281984052882,True,False,False,8.175747040396887e-08,COMPLETE
238,0.4918946504592896,2025-04-08 10:45:04.254007,2025-04-08 10:45:29.235543,0 days 00:00:24.981536,0.45880993796118047,0.26979428912272047,8,0.2997980915834769,0.03909116340264306,0.09429063941299005,0.018363382307763073,0.033500661907465236,0.046793625228611274,0.0030300864304787178,9,36,0.03907728341368308,0.14967877637160618,True,False,False,5.400569934830917e-08,COMPLETE
239,0.09188934862613678,2025-04-08 10:45:29.320431,2025-04-08 10:45:54.145417,0 days 00:00:24.824986,0.49452601140830954,0.25369167361166567,8,0.29159016323261694,0.006668550559558793,0.09329027015129679,0.014836328665803025,0.02094321291562546,0.049707013898037194,0.005976139326360214,10,32,0.03612867509948182,0.17833057653063578,True,False,False,6.428166158730739e-08,COMPLETE
240,0.4552907824516296,2025-04-08 10:45:54.220994,2025-04-08 10:46:15.279831,0 days 00:00:21.058837,0.42043382289026976,0.8920966371044765,16,0.27915776992225994,0.02301904755759881,0.09678935647026322,0.02232004128452746,0.02828358023923468,0.03383422506735238,0.0038675084795175333,8,25,0.04093621378201109,0.16214757737211952,True,False,False,9.683753045778388e-08,COMPLETE
241,0.5115761518478393,2025-04-08 10:46:15.355573,2025-04-08 10:46:41.255499,0 days 00:00:25.899926,0.6259461650781062,0.2776873650765414,8,0.27485055922774726,0.017800093159417163,0.09080628080033847,0.019434211535411142,0.037075263388035004,0.052468264405784726,0.002572500703027946,10,30,0.033984420570587134,0.1386061331066963,True,False,False,1.397519434667096e-07,COMPLETE
242,0.41113783121109015,2025-04-08 10:46:41.331637,2025-04-08 10:47:07.231011,0 days 00:00:25.899374,0.5874470218302938,0.3211946155675993,8,0.2744843580449997,0.01491438374202661,0.09277024522499526,0.017013320566473533,0.03628565430051965,0.05175191798085735,0.0033093439150475266,10,29,0.033654208700686236,0.1435702051685296,True,False,False,7.743858692932939e-08,COMPLETE
243,0.5138201951980591,2025-04-08 10:47:07.306755,2025-04-08 10:47:33.323739,0 days 00:00:26.016984,0.5411579814764237,0.23677128488526814,8,0.28384042774847074,0.02073607556991471,0.09072050858206915,0.019679041852711035,0.0324765208145328,0.05365984334295711,0.0047168517872534085,10,33,0.03888502485808706,0.1698173213001902,True,False,False,2.2401296561739082e-07,COMPLETE
244,0.5107855200767517,2025-04-08 10:47:33.401539,2025-04-08 10:47:59.179270,0 days 00:00:25.777731,0.5303525869384285,0.24042990073066176,8,0.2852640308952077,0.01915697909353012,0.09083952581681741,0.07668870712894359,0.031993190556403164,0.05440738764421048,0.004474845599053481,10,34,0.03850940220286518,0.17088906758206734,True,False,False,2.700923066114998e-07,COMPLETE
245,0.5005619168281555,2025-04-08 10:47:59.265157,2025-04-08 10:48:25.385134,0 days 00:00:26.119977,0.5337254133342122,0.2382467493260293,8,0.2825693893862893,0.0218822241368829,0.09074568664623835,0.01800163550821747,0.032895925795126284,0.053765289143488965,0.0048349589790914246,10,35,0.02930183970578861,0.16920161146820742,True,False,False,2.768721614477784e-07,COMPLETE
246,0.5036448597908021,2025-04-08 10:48:25.461455,2025-04-08 10:48:52.176505,0 days 00:00:26.715050,0.6724665192978284,0.2638683792443166,8,0.2822063623981574,0.026477714715871105,0.08891850087495337,0.06104686567605698,0.030793739223083327,0.05542198512143643,0.0072754265337591105,11,38,0.034845147324708975,0.17419313623907548,True,False,False,2.1761740460612676e-07,COMPLETE
247,0.506188428401947,2025-04-08 10:48:52.253412,2025-04-08 10:49:17.901326,0 days 00:00:25.647914,0.5191187568257847,0.2278079783279168,8,0.29042117111783644,0.01782309622503584,0.0910877999365685,0.06821838946491489,0.03426753002435561,0.05242044354750763,0.005446862585466156,10,34,0.03271786232454299,0.181983287030815,True,False,False,4.2243027997092995e-07,COMPLETE
248,0.3010646462440491,2025-04-08 10:49:17.978482,2025-04-08 10:49:44.043803,0 days 00:00:26.065321,0.48769548913984173,0.23032525693679545,8,0.29281796714897246,0.0327235864574277,0.09089701974848775,0.06902501086635658,0.03446786046755766,0.05258672410107505,0.00434703916896611,10,35,0.03160175826065112,0.1834974389422528,False,False,False,3.3351810356521655e-07,COMPLETE
249,0.4626462757587433,2025-04-08 10:49:44.122512,2025-04-08 10:50:24.521190,0 days 00:00:40.398678,0.6456292711249918,0.18821260200559004,8,0.2879718939099747,0.018041983537160654,0.08893413200928305,0.08111003106371859,0.031941422093596926,0.05050342298879405,0.005835478183020326,27,43,0.03314375320208624,0.17015103899849796,True,False,False,4.235902930855505e-07,COMPLETE
250,0.09188934862613678,2025-04-08 10:50:24.602119,2025-04-08 10:50:50.552169,0 days 00:00:25.950050,0.43866136387176824,0.2763201356505048,8,0.29200366624598956,0.009081958198896713,0.09161211522658579,0.07494400401959518,0.02874821966058936,0.04877875181730584,0.0028194332583988046,11,33,0.036425681428949606,0.1800134182302574,True,False,False,2.2423613759343032e-07,COMPLETE
251,0.13073474168777466,2025-04-08 10:50:50.640584,2025-04-08 10:51:13.019213,0 days 00:00:22.378629,0.46643911241569125,0.22406494439791091,8,0.27546263227149315,0.027558872153621926,0.09432614396499465,0.07783286994332898,0.032260801768091873,0.05398247861845614,0.0017391650110556859,9,37,0.03908820471659805,0.1338892296964134,True,True,False,1.7634660598398238e-07,COMPLETE
252,0.39138039350509646,2025-04-08 10:51:13.099107,2025-04-08 10:51:38.946289,0 days 00:00:25.847182,0.6245874008585748,0.2491450019432394,8,0.282815127031889,0.01563415939342365,0.09848626512171678,0.06796508635452858,0.03500862829604767,0.051698683187602235,0.0050008747657422125,10,28,0.0344717741389711,0.12772046064402354,True,False,False,2.8875895684177237e-07,COMPLETE
253,0.4511503696441651,2025-04-08 10:51:39.025809,2025-04-08 10:52:05.004189,0 days 00:00:25.978380,0.594744349557745,0.2665137796920243,8,0.28796858495565375,0.02396944915604214,0.09201888658358878,0.02108956297990018,0.030333585872598365,0.05645945072261481,0.0039417119652778755,10,40,0.03177728682602012,0.16532949881073303,True,False,False,2.61493170444102e-07,COMPLETE
254,0.09188934862613678,2025-04-08 10:52:05.082854,2025-04-08 10:52:31.052633,0 days 00:00:25.969779,0.36762537128795997,0.19080712399723054,8,0.27922697414386105,0.006499916833869831,0.08730359239612305,0.08425110806864958,0.035088202885318984,0.04792723479659645,0.0023018886463009006,11,34,0.02828002761847179,0.17597202457958858,True,False,False,2.014602778213824e-07,COMPLETE
255,0.1316786676645279,2025-04-08 10:52:31.133467,2025-04-08 10:52:53.835618,0 days 00:00:22.702151,0.5112535899455986,0.28885770238712966,8,0.29313428958073706,0.03291820028939441,0.09456039509997578,0.0656461537162746,0.029474157212276746,0.04627828498232588,0.00278274055809541,9,30,0.03625342452216926,0.14033162915146988,True,False,True,1.479694373233286e-07,COMPLETE
256,0.5095892548561096,2025-04-08 10:52:53.915344,2025-04-08 10:53:19.955105,0 days 00:00:26.039761,0.5381088673652664,0.22647285019755245,8,0.2729926892445669,0.013498449114279706,0.08941794936493845,0.011950629070515664,0.03691514923113348,0.05224274193918364,0.0035678660140306307,10,33,0.0386214857555351,0.13508721029198362,True,False,False,1.8024685413986733e-07,COMPLETE
257,0.4963651061058044,2025-04-08 10:53:20.045245,2025-04-08 10:54:15.907280,0 days 00:00:55.862035,0.5403711317303996,0.2537035361445806,2,0.2736312290351613,0.014600904235336665,0.028020956296614948,0.012456873373643852,0.03641300658318903,0.050062549936194606,0.0035767640371916084,11,26,0.03900782645171031,0.13341650729458546,True,False,False,1.0263143218396794e-05,COMPLETE
258,0.5000310182571411,2025-04-08 10:54:15.987973,2025-04-08 10:54:41.078957,0 days 00:00:25.090984,0.5740882559323184,0.34359082762290927,8,0.275641533841813,0.02409878322173436,0.09992445677458933,0.015699986088607912,0.027427099877581202,0.05756845754191674,0.0025989791799445206,9,32,0.03763984311808806,0.12478970929107547,True,False,False,1.724080560858021e-07,COMPLETE
259,0.09188934862613678,2025-04-08 10:54:41.159254,2025-04-08 10:55:06.224273,0 days 00:00:25.065019,0.612095461313987,0.2810692829191706,8,0.2822816084986465,0.0004299127765642549,0.08689233542826923,0.01141039406255272,0.03203415865402263,0.048216856620539615,0.0021098260666238128,10,37,0.04033573475321724,0.11336194371258919,True,False,False,1.2268039920310966e-07,COMPLETE
260,0.09188934862613678,2025-04-08 10:55:06.306536,2025-04-08 10:55:30.331096,0 days 00:00:24.024560,0.5907125964379307,0.30900598537237894,8,0.27214063812089595,0.010180767995204286,0.08941166941103966,0.014320223382710941,0.03789604266718513,0.05493861481287185,0.004324496563231776,9,29,0.0359673604801327,0.13747201213355936,True,False,False,3.969824325924451e-08,COMPLETE
261,0.48130800724029543,2025-04-08 10:55:30.411599,2025-04-08 10:55:56.160193,0 days 00:00:25.748594,0.6342268122909219,0.24108391260736425,8,0.2792103990011208,0.03652852867327179,0.09686996530824878,0.01587227452565648,0.030938416026094862,0.05081314966097571,0.0030798267066113566,10,23,0.0437781187390465,0.15108095461213303,True,False,False,1.3059824849440491e-07,COMPLETE
262,0.4641940772533417,2025-04-08 10:55:56.241940,2025-04-08 10:56:23.124419,0 days 00:00:26.882479,0.544812557106443,0.7127253134260306,8,0.2852551798145819,0.02937964920610839,0.0982269149690102,0.018983528916766062,0.026148753211626664,0.045908083065614926,0.0037514823638426674,11,39,0.03849045456661434,0.14283224864264563,True,False,False,5.409357379403472e-05,COMPLETE
263,0.4599983870983124,2025-04-08 10:56:23.217177,2025-04-08 10:56:58.777971,0 days 00:00:35.560794,0.5668068914182025,0.21663036451645004,8,0.2714857505811737,0.17656790526449004,0.09364461125678036,0.02668899834993855,0.03304341487946387,0.05282430671845562,0.003251636747820723,22,31,0.035014998229308494,0.12940116757704695,True,False,False,2.158233012101045e-07,COMPLETE
264,0.48915010690689087,2025-04-08 10:56:58.860986,2025-04-08 10:57:24.718516,0 days 00:00:25.857530,0.4823575447507419,0.2644280931200948,8,0.2783459603652421,0.020750886985845804,0.09560163566106653,0.010383303074840793,0.0285629122459497,0.04941308462497578,0.002441543740101816,10,35,0.03972976201916467,0.1659096028204702,True,False,False,5.2280690056415515e-08,COMPLETE
265,0.49780503511428836,2025-04-08 10:57:24.800748,2025-04-08 10:57:51.626467,0 days 00:00:26.825719,0.6069940027505367,0.3970934833690548,8,0.2998705366525123,0.012691979164232934,0.09792188376477338,0.022587420565039155,0.037052313179114366,0.05485673186359464,0.0016023765358806367,11,28,0.037518011885682996,0.12285759397449478,True,False,False,1.0269443451056602e-07,COMPLETE
266,0.37116470932960516,2025-04-08 10:57:51.709089,2025-04-08 10:58:17.212296,0 days 00:00:25.503207,0.4182403671774513,0.19429432193714505,8,0.2850532405962306,0.27923352428575077,0.09156728714605393,0.012863836616833548,0.02978576521393331,0.044897799852731395,0.001019178712839832,10,32,0.04286807803453242,0.13557034427147052,False,False,False,1.5951969916881328e-07,COMPLETE
267,0.09188934862613678,2025-04-08 10:58:17.295720,2025-04-08 10:58:37.571769,0 days 00:00:20.276049,0.45252053590470864,0.24279626650081876,16,0.27572591478682856,0.005317641837349113,0.09396021589569076,0.01706296837268756,0.033663021285964906,0.058706089833080996,0.004616596297450152,9,25,0.0402654295127563,0.15446149955327276,True,False,False,4.78341039629902e-08,COMPLETE
268,0.48908250331878667,2025-04-08 10:58:37.667510,2025-04-08 10:59:02.570102,0 days 00:00:24.902592,0.5013102405567753,0.29386085715573834,8,0.287801186887744,0.021864055858207356,0.09997373904381883,0.01975597029366702,0.0269407898207282,0.04830081337771727,0.0029440130694869957,9,35,0.03393263808121567,0.08882857437354058,True,False,False,2.3514687726725688e-07,COMPLETE
269,0.3848340690135956,2025-04-08 10:59:02.656162,2025-04-08 10:59:30.932659,0 days 00:00:28.276497,0.540462354246303,0.32324027164341435,8,0.26423574724330967,0.03834534507655682,0.08905812680783107,0.01554550428952347,0.03174141855301882,0.05146290967134321,0.001959785924256054,10,145,0.035514119180215034,0.04074141756126019,True,False,False,1.1128510268052066e-07,COMPLETE
270,0.15566710233688355,2025-04-08 10:59:31.017751,2025-04-08 11:00:04.846121,0 days 00:00:33.828370,0.5877846747935037,0.22318655111711522,8,0.2803040314376547,0.029168587788488794,0.09612854388699486,0.013852399734332884,0.03918702559829529,0.04156515772486076,0.0037146494598183965,25,29,0.030239816265817746,0.14253496834382381,True,True,False,3.037894525390171e-08,COMPLETE
271,0.5032477617263794,2025-04-08 11:00:04.930404,2025-04-08 11:00:31.491811,0 days 00:00:26.561407,0.6527707514277555,0.26852082672224836,8,0.2942919393363651,0.016962665969087416,0.09235482537883621,0.021426864793979077,0.02451591243309907,0.053317128006416276,0.004175248578918442,11,33,0.03788288766072047,0.15951062373001018,True,False,False,8.566507894834162e-08,COMPLETE
272,0.4433712244033814,2025-04-08 11:00:31.577550,2025-04-08 11:01:07.959110,0 days 00:00:36.381560,0.6200953534245134,0.25571307879739513,8,0.2702625742766192,0.010560205082643322,0.09806082438838543,0.01789395051027907,0.03653711116333879,0.04687139722302152,0.002550009801970689,23,38,0.04081977442698117,0.14921108856082918,True,False,False,5.8621091901224976e-08,COMPLETE
273,0.5090022683143616,2025-04-08 11:01:08.054506,2025-04-08 11:01:33.941992,0 days 00:00:25.887486,0.5558748153164124,0.2910548141210461,8,0.28355135789888986,0.02513590007346591,0.005017904058741071,0.01090223299953275,0.03456866896478976,0.04316352836687412,0.00523487216849732,10,31,0.03705149745534476,0.1695008959711408,True,False,False,1.8488953969191488e-07,COMPLETE
274,0.11530842483043671,2025-04-08 11:01:34.027991,2025-04-08 11:01:56.865151,0 days 00:00:22.837160,0.5227468496663051,0.2921744006666627,8,0.28731916351883213,0.033688999651174785,0.09024698440211032,0.010563840998370821,0.03511340675869692,0.0398243239349843,0.00566432892515583,10,27,0.0449416176867888,0.16879828024912252,True,False,True,1.491708213907106e-07,COMPLETE
275,0.4173354089260101,2025-04-08 11:01:56.950031,2025-04-08 11:02:22.203531,0 days 00:00:25.253500,0.4640539596123058,0.3109381384147949,8,0.29332959050891705,0.025496518808698895,0.006029653735542677,0.01248300319141646,0.041892425034904014,0.04448267637722096,0.004882909340664956,8,94,0.036212552283185574,0.17432718382572965,True,False,False,1.8547306394628485e-07,COMPLETE
276,0.5059083461761475,2025-04-08 11:02:22.289041,2025-04-08 11:02:48.359878,0 days 00:00:26.070837,0.5822455155898476,0.34214482238328403,8,0.2836816216706049,0.0212905255915101,0.00605003217692667,0.09047042902792922,0.039133542561863396,0.042087319691945436,0.006159320552196933,10,31,0.03309375815657004,0.11693898632870088,True,False,False,3.17896501051018e-07,COMPLETE
277,0.4628762245178223,2025-04-08 11:02:48.447543,2025-04-08 11:03:13.615481,0 days 00:00:25.167938,0.5593556663608172,0.37128716536982814,8,0.27070091362918436,0.02776207406343509,0.009627123014802662,0.009956718641696184,0.03308225127392633,0.049710230187345446,0.0031289190604934054,9,42,0.03872041222066328,0.129314098140176,True,False,False,1.3594269784764318e-07,COMPLETE
278,0.4262710452079773,2025-04-08 11:03:13.711799,2025-04-08 11:03:40.831159,0 days 00:00:27.119360,0.6069805004135645,0.28021479051584036,8,0.2749260286310869,0.03716410751524315,0.004040909612998211,0.014220025852954975,0.037019227047343374,0.04331836488720322,0.007222654054926468,11,26,0.03514776379510275,0.1633534136098202,True,False,False,1.826446103643967e-07,COMPLETE
279,0.3704740822315217,2025-04-08 11:03:40.918074,2025-04-08 11:04:18.035879,0 days 00:00:37.117805,0.6384660817570202,0.25774251885374444,2,0.2890074461700396,0.01759432570639241,0.0029628611469802568,0.012251961316076811,0.028791673292568248,0.047283066606280275,0.0044933355437312954,5,21,0.042442591029171486,0.16990216809710837,True,False,False,2.6111066260494294e-07,COMPLETE
280,0.5008630871772766,2025-04-08 11:04:18.122935,2025-04-08 11:04:42.947938,0 days 00:00:24.825003,0.44071257948955855,0.30080187946859016,8,0.2837136208083254,0.031049513425727787,0.09441878530684948,0.01560858873559747,0.03456477374225473,0.04540054497804942,0.0020704482661241886,9,30,0.03647940552284453,0.12190770109052042,True,False,False,1.0953128480767473e-07,COMPLETE
281,0.4925594210624695,2025-04-08 11:04:43.035026,2025-04-08 11:05:08.654923,0 days 00:00:25.619897,0.532496277276838,0.2741645199802919,8,0.2958375833642913,0.025528958134398497,0.001282436737802224,0.014168766564836276,0.025984201752588216,0.0512858089802941,0.002681726997675243,10,35,0.030758599624017946,0.1347152250891609,True,False,False,4.244848257086746e-08,COMPLETE
282,0.467022979259491,2025-04-08 11:05:08.742123,2025-04-08 11:05:35.530480,0 days 00:00:26.788357,0.497467932211811,0.6284778087330883,8,0.27832936622366755,0.01763438929189254,0.09298381636697367,0.024990638256579913,0.030233757419618548,0.049141105893046995,0.0036941318007704576,11,37,0.034064424915600945,0.1598835766210542,True,False,False,8.642429316088706e-08,COMPLETE
283,0.09188934862613678,2025-04-08 11:05:35.620611,2025-04-08 11:06:01.178511,0 days 00:00:25.557900,0.48083777726444576,0.20624030545491995,8,0.07740069669619992,0.006350990515001136,0.09547015427951447,0.05712954478368141,0.0832590752514929,0.05483064785868623,0.0051787678605295494,10,29,0.04003201958101618,0.1405380588893103,True,False,False,1.9578285004596126e-07,COMPLETE
