number,value,datetime_start,datetime_complete,duration,params_alpha-eval,params_alpha-train,params_batch-size,params_eps-eval,params_eps-train,params_lambda-actions-eval,params_lambda-actions-train,params_lambda-frames-eval,params_lambda-frames-train,params_learning-rate,params_n-epochs,params_n-frames,params_radius-gw,params_rho,params_std-feats,params_ub-actions,params_ub-frames,params_weight-decay,state
854,0.5107720136642456,2025-04-19 22:01:19.416866,2025-04-19 22:01:47.961340,0 days 00:00:28.544474,0.37360631398991473,0.18179977044930165,8,0.012129310734525445,0.07103133693647291,0.03763538766773799,0.04966232916541353,0.007270565799325133,0.09800627703295023,0.018312128183771103,13,44,0.06016457710898594,0.1376815932637827,True,False,False,0.0008425327326762606,COMPLETE
855,0.5334338068962097,2025-04-19 22:01:48.240026,2025-04-19 22:02:16.190668,0 days 00:00:27.950642,0.3536893766188947,0.21248433024213562,8,0.03465319801609635,0.062440801500850615,0.04234093926243588,0.04593268567502004,0.004387692692173329,0.09350990488299629,0.013644465026836477,12,39,0.05661638699811734,0.27824809082556845,True,False,False,0.000992802336724921,COMPLETE
856,0.301899129152298,2025-04-19 22:02:16.455648,2025-04-19 22:02:49.154738,0 days 00:00:32.699090,0.3367763959133072,0.10506261159841981,8,0.018012787167566664,0.06354097814014024,0.04009761313544948,0.0516710576735901,0.006052838254613198,0.09175356924469984,0.011559143203033247,14,106,0.06096180639010289,0.29035486686890205,True,False,False,0.000684540658289918,COMPLETE
857,0.5063316583633423,2025-04-19 22:02:49.431366,2025-04-19 22:03:18.484811,0 days 00:00:29.053445,0.3096788297254652,0.15774063695942034,8,0.15217179202570258,0.04297307002248667,0.03207815091071424,0.04705622144977725,0.0033387337373692533,0.09409092022025195,0.025763033131142577,13,35,0.05333588814375107,0.27303856359414647,True,False,False,0.000541550324396452,COMPLETE
858,0.48622515201568606,2025-04-19 22:03:18.764046,2025-04-19 22:03:46.569316,0 days 00:00:27.805270,0.2731631387562203,0.13090641137400744,8,0.16419331372391843,0.05799611186514277,0.03539466749894019,0.03514739199695974,0.007425673544723694,0.09596593085295586,0.020438001915720653,11,42,0.058494163255171316,0.11139998996493218,True,False,False,0.0007322614679978638,COMPLETE
859,0.5075288653373718,2025-04-19 22:03:46.834098,2025-04-19 22:04:10.456874,0 days 00:00:23.622776,0.3331991374012187,0.23754255543066238,16,0.09883845843610822,0.08263006297544848,0.03876684247434948,0.04822051464044981,0.0049233032121775554,0.09890041725152628,0.016033432329925566,12,46,0.051736870299159445,0.2943696426039395,True,False,False,0.0004691133346311578,COMPLETE
860,0.527324628829956,2025-04-19 22:04:10.734878,2025-04-19 22:04:40.100086,0 days 00:00:29.365208,0.3062664761127486,0.27307306765851697,8,0.02199135989553625,0.049999498107632254,0.04172290576194952,0.04970698169431572,0.0087754648878649,0.09126380128680461,0.011833712006025066,14,37,0.0560685242384855,0.2856363376466614,True,False,False,0.0008170327174545004,COMPLETE
861,0.49072726964950564,2025-04-19 22:04:40.378294,2025-04-19 22:05:10.968503,0 days 00:00:30.590209,0.3833398029266226,0.18887044645296397,8,0.026295391557209395,0.035331125388454364,0.036710918785291397,0.04400354968591925,0.0030082914262297934,0.09517402185721853,0.022620134035783883,15,32,0.06278010058352242,0.09872288528793646,True,False,False,0.0009775023781100523,COMPLETE
862,0.5009837508201599,2025-04-19 22:05:11.235098,2025-04-19 22:05:39.841195,0 days 00:00:28.606097,0.23988716536264942,0.17444987260142172,8,0.05078979986831236,0.06977607012865467,0.03996731320878255,0.05514779103374746,0.0010297149925500115,0.09332663482746827,0.029437627079372582,13,41,0.06940113988176208,0.28027877550127017,True,False,False,0.0005986914135158148,COMPLETE
863,0.5153634428977967,2025-04-19 22:05:40.116657,2025-04-19 22:06:08.768360,0 days 00:00:28.651703,0.28860814492157505,0.1471369761082582,8,0.0395776971254114,0.0588508459075774,0.03345050990080725,0.04116211265085212,0.0059126770607511705,0.0972215380920802,0.018230150627707713,13,34,0.06127837848803181,0.28998620674312114,True,False,False,0.0006661070421236069,COMPLETE
864,0.5265764594078064,2025-04-19 22:06:09.049296,2025-04-19 22:06:35.953005,0 days 00:00:26.903709,0.34738493282079147,0.25479016506271207,8,0.010001785040948587,0.04992004000786252,0.043106433640383905,0.05254046203280366,0.003739730783898167,0.09252434029711858,0.014431650586035346,14,38,0.054564195493519194,0.2944553629692896,True,False,True,0.0009959825796134801,COMPLETE
865,0.4405173718929291,2025-04-19 22:06:36.233868,2025-04-19 22:07:15.689352,0 days 00:00:39.455484,0.25725817106163373,0.4118946938430341,8,0.031065655534094464,0.039355880145872185,0.03742210110285545,0.05446744164315523,0.008378527235750784,0.09996379559687846,2.812046811923394e-05,27,29,0.0584982145256759,0.28533048368096775,False,False,False,6.657285383762287e-08,COMPLETE
866,0.5307239532470703,2025-04-19 22:07:15.956774,2025-04-19 22:07:46.605308,0 days 00:00:30.648534,0.2182256707124655,0.16012618056380437,8,0.19247976188585283,0.0657422625814643,0.041270089268230656,0.05076290979875787,0.0052161212002367115,0.09722312583047005,0.017394636643922375,15,41,0.06464373122607434,0.2942533714037685,True,False,False,0.00041652047040329404,COMPLETE
867,0.5407439708709717,2025-04-19 22:07:46.885431,2025-04-19 22:08:17.548480,0 days 00:00:30.663049,0.32955195715861796,0.20274962968048932,16,0.11159503153835652,0.032148187250053195,0.03483052573073746,0.04689146309464697,0.002843967766406468,0.09035809166574302,0.011555424419983138,28,35,0.06025660368808114,0.11729655498398989,True,False,False,0.0005135456225018348,COMPLETE
868,0.5099672317504883,2025-04-19 22:08:17.828672,2025-04-19 22:08:48.213547,0 days 00:00:30.384875,0.36801367822191694,0.22958973081152984,16,0.10546234138667833,0.030165130345562858,0.03290493100249782,0.04236461812558287,0.0025329942244107736,0.09025213121145033,0.002720358576801365,28,31,0.062401718726066986,0.10807999539898594,True,False,False,0.0007091410817529946,COMPLETE
869,0.13678820729255675,2025-04-19 22:08:48.482504,2025-04-19 22:09:15.147747,0 days 00:00:26.665243,0.2840376739072807,0.21034767013999936,16,0.11628218167455086,0.14211057168861568,0.028714615033203217,0.044610320719063734,0.002651861849463762,0.09003138799483598,0.010740129606076593,27,27,0.0659232431271434,0.11380128234315876,True,True,False,0.0009991307283458732,COMPLETE
870,0.5247775554656983,2025-04-19 22:09:15.427329,2025-04-19 22:09:46.237534,0 days 00:00:30.810205,0.3205877403679944,0.21013946047515358,16,0.09415019914264092,0.031306967078590375,0.03093223030137809,0.04683510498247349,0.002700085229665627,0.09100727898267745,0.022844258501965135,28,34,0.06308612752132742,0.11842097200862838,True,False,False,0.0005637110436556179,COMPLETE
871,0.5057011485099793,2025-04-19 22:09:46.517628,2025-04-19 22:10:16.702691,0 days 00:00:30.185063,0.30491064804584134,0.24944783173514395,16,0.11347466283758742,0.13358934346585263,0.03384824378712268,0.046413828155492255,0.0036415378895041164,0.09162662989305173,0.015153543038520283,27,31,0.05980993348123296,0.12311979559890152,True,False,False,0.0007837779923695412,COMPLETE
872,0.4521041750907898,2025-04-19 22:10:16.985888,2025-04-19 22:10:47.720707,0 days 00:00:30.734819,0.2673163384618592,0.7609754466165641,16,0.12367644722922125,0.0317944907159079,0.031022516067642038,0.04540274933264208,0.004708430483003738,0.08937261073898801,0.0002742790174895689,28,35,0.06340129025422785,0.11415277717223914,True,False,False,0.000621115946031898,COMPLETE
873,0.5156404614448548,2025-04-19 22:10:47.990108,2025-04-19 22:11:19.108721,0 days 00:00:31.118613,0.35539426235728133,0.2810645323624239,16,0.11783614574870908,0.073708533832365,0.03478633280591761,0.048392295796693165,0.001335838384156793,0.09493211558851733,0.009409998429151563,29,34,0.07150811877561639,0.10650116074657519,True,False,False,0.0007860944862576879,COMPLETE
874,0.4820339620113373,2025-04-19 22:11:19.390033,2025-04-19 22:11:41.400865,0 days 00:00:22.010832,0.3178635158106653,0.0851219315202539,16,0.11276266475773945,0.028034853890622394,0.0355298950582925,0.04399701376886627,0.001172831417009931,0.0923220570195563,0.019221148381240328,9,37,0.060803894184395794,0.12568536555820792,True,False,False,0.000506464070618873,COMPLETE
875,0.5298206806182861,2025-04-19 22:11:41.682933,2025-04-19 22:12:11.650034,0 days 00:00:29.967101,0.2856969840717627,0.11129882472017094,16,0.12044851138045033,0.061401219738937106,0.03238839457270469,0.048337674318144744,0.0058159880607411615,0.0999065758050141,0.025991193563558484,27,31,0.06656373115373718,0.13194767606633195,True,False,False,0.0006173755183274081,COMPLETE
876,0.5191773295402528,2025-04-19 22:12:11.937784,2025-04-19 22:12:41.937080,0 days 00:00:29.999296,0.38191859437402087,0.22931138705534748,16,0.10855322689660389,0.0362213719980918,0.034719905107287334,0.04634091442398426,0.00438974336130336,0.09046369089134064,0.013385675215677998,27,28,0.06070459432174449,0.141723017181162,True,False,False,0.0003719675840779055,COMPLETE
877,0.4678695976734162,2025-04-19 22:12:42.211104,2025-04-19 22:13:12.890717,0 days 00:00:30.679613,0.34701801954703576,0.20860726234437324,16,0.1070116582899805,0.05615188708963551,0.06061313979755347,0.04093303663747138,0.002966861720852046,0.09672337768531687,0.009920532403443752,28,36,0.051569054548665484,0.11927768925967319,True,False,False,2.4586502984963846e-07,COMPLETE
878,0.5230695486068726,2025-04-19 22:13:13.174309,2025-04-19 22:13:43.853534,0 days 00:00:30.679225,0.2500970494807134,0.13121641672836531,16,0.130550881963245,0.0666738926711027,0.03643753175788379,0.056590720675846425,0.0010435179784883562,0.09488285080237457,0.017036579489034524,28,33,0.06460783783145589,0.12053596971918877,True,False,False,0.0008037561094514448,COMPLETE
879,0.5086518645286561,2025-04-19 22:13:44.138799,2025-04-19 22:14:07.401704,0 days 00:00:23.262905,0.30837000985842755,0.2655017828059168,16,0.10509614217694277,0.05040065937730041,0.03736183196441211,0.04829969322582107,0.00651283404957067,0.09272626139651627,0.03136748003869661,12,38,0.062243632779601356,0.10458714314289964,True,False,False,0.0004995124835869387,COMPLETE
880,0.47604176998138426,2025-04-19 22:14:07.674570,2025-04-19 22:14:36.918173,0 days 00:00:29.243603,0.22919229228131563,0.18912577984264095,16,0.09928404380786664,0.0556041104978954,0.033424758951687505,0.04339845380547294,0.07415655395754457,0.08872390527396398,0.020718498857815112,22,55,0.059274649581679925,0.11403538252241885,True,False,False,0.0009953460839616823,COMPLETE
881,0.5096431851387024,2025-04-19 22:14:37.205506,2025-04-19 22:15:08.217628,0 days 00:00:31.012122,0.332461070046172,0.1585614783658082,16,0.0058764493447687124,0.04495413080962924,0.0359084098860355,0.056116124131170196,0.004268932876670887,0.09736839695414218,0.015434764933008134,29,35,0.05615095502185257,0.13378982477184426,True,False,False,0.0006766990245223574,COMPLETE
882,0.5204256653785706,2025-04-19 22:15:08.503083,2025-04-19 22:15:40.266113,0 days 00:00:31.763030,0.268981591458944,0.24295981388049115,16,0.1100195442669187,0.062136304251143984,0.03010838045385785,0.06015292455563197,0.005455177521375261,0.09114397073355923,0.011617094042936678,29,38,0.05354185033157375,0.1730712592303712,True,False,False,0.000412036277583741,COMPLETE
883,0.40142721533775333,2025-04-19 22:15:40.553974,2025-04-19 22:16:02.259647,0 days 00:00:21.705673,0.18895646886945155,0.2899410093919769,16,0.10222677394715765,0.07838535575029755,0.04374363589849049,0.012690164910711392,0.0030118808732998215,0.09478690034050434,0.003451439039225097,15,30,0.06860672709286983,0.12816545278293515,False,False,True,0.0005717884359539283,COMPLETE
884,0.5217512011528015,2025-04-19 22:16:02.533162,2025-04-19 22:16:27.251455,0 days 00:00:24.718293,0.3620043236747861,0.47566880186712157,16,0.013264396628360944,0.09328168243636636,0.038339701523273664,0.045961138109742394,0.007045587988542389,0.09588440472119926,0.02451111784954138,15,33,0.050896642942666236,0.11594391221891887,True,False,False,0.0007787086010347773,COMPLETE
885,0.48619731664657595,2025-04-19 22:16:27.536545,2025-04-19 22:16:58.340208,0 days 00:00:30.803663,0.29234831436496567,0.17076982391255882,16,0.11342177082468745,0.06969943253450003,0.034842946977937356,0.04931569246699534,0.0010266840089080329,0.09308399193842051,0.0012766491036818167,28,38,0.06087722600939143,0.29992243130643137,True,False,False,0.0006634152709397528,COMPLETE
886,0.4631287336349488,2025-04-19 22:16:58.626802,2025-04-19 22:17:30.182629,0 days 00:00:31.555827,0.9405644696750813,0.20283721862896698,8,0.06507769285917203,0.03967295777774871,0.04050755363375683,0.0587725281114693,0.004128291734853822,0.09012196402341588,0.013506286672575049,16,44,0.057912647340211974,0.12321547749552532,True,False,False,0.00046689707922969466,COMPLETE
887,0.4716643214225769,2025-04-19 22:17:30.457081,2025-04-19 22:18:09.461932,0 days 00:00:39.004851,0.33742626633294115,0.13953117169890145,8,0.00440621447996549,0.05331962320644193,0.05700185946963783,0.05372247558143281,0.006132659859196025,0.08902457420142333,0.018996729619330507,26,35,0.05568969479010865,0.15926966887306673,True,False,False,0.0007969145365191375,COMPLETE
888,0.09188934862613678,2025-04-19 22:18:09.746077,2025-04-19 22:18:39.083979,0 days 00:00:29.337902,0.30993172231134297,0.014405061187487522,8,0.12063115897668103,0.045197714688553756,0.04484009083907925,0.0557230128001902,0.0027894333579922713,0.09772209614495937,0.015033629218275966,18,41,0.07650531954713212,0.09717671534370893,True,True,False,0.0005746478616017966,COMPLETE
889,0.4985035419464111,2025-04-19 22:18:39.371102,2025-04-19 22:19:02.128747,0 days 00:00:22.757645,0.27661575586001025,0.3983547788069708,16,0.017860441701642735,0.060457168533989636,0.03722381744275358,0.05010353748967373,0.004672031794275788,0.09360142061569629,0.010994947403620902,12,32,0.06402114551852174,0.11007542672467592,True,False,False,0.0009967177332790894,COMPLETE
890,0.4176079750061036,2025-04-19 22:19:02.417890,2025-04-19 22:19:34.237436,0 days 00:00:31.819546,0.3872967749590845,0.10563951492812614,8,0.1272661344900351,0.03160818197931273,0.06610585101114713,0.05765697180042339,0.007093401485077314,0.0916111477370854,0.02153895011457581,17,26,0.052278653249213484,0.29996603749413797,True,False,False,0.00033565051996097965,COMPLETE
891,0.5192557573318481,2025-04-19 22:19:34.512585,2025-04-19 22:20:15.058728,0 days 00:00:40.546143,0.20627761647302195,0.19629099541215156,8,0.13564818212252192,0.05013933919766373,0.038830405755793045,0.047012589586647724,0.0028570061872781774,0.09615558804017067,0.018632673719328374,27,38,0.06030775000339806,0.18131140320849293,True,False,False,0.0007136204777062847,COMPLETE
892,0.4810144364833832,2025-04-19 22:20:15.346591,2025-04-19 22:21:11.387813,0 days 00:00:56.041222,0.24351950950191684,0.1235297006341203,2,0.013527635670360668,0.037287132077294165,0.0420452146289376,0.054042199712602455,0.001050037650083457,0.0987431293415897,0.009559713533542024,11,48,0.0541204567651034,0.28938854013425674,True,False,False,0.0004253242723841083,COMPLETE
893,0.5208916544914246,2025-04-19 22:21:11.674392,2025-04-19 22:21:46.517064,0 days 00:00:34.842672,0.3192596378697756,0.225729184823275,8,0.09215946886705068,0.06597460022715591,0.03469527515915641,0.05184755448544172,0.005162824553706001,0.09408352545312419,0.02950822716748669,20,36,0.04984730096607974,0.13596845440338037,True,False,False,0.0005525018837734008,COMPLETE
894,0.5145210385322572,2025-04-19 22:21:46.806716,2025-04-19 22:22:18.079954,0 days 00:00:31.273238,0.29519383344400096,0.2592791426961639,8,0.022097336855946916,0.05571239876827384,0.03185818127010222,0.044148431538789216,0.00810632610564804,0.0920806383743729,0.0160367296876012,16,43,0.06276277159224361,0.1271150151771203,True,False,False,0.0008121230254989444,COMPLETE
895,0.4897728979587555,2025-04-19 22:22:18.355487,2025-04-19 22:22:48.411801,0 days 00:00:30.056314,0.3621195505433095,0.16826931640761733,8,0.0849654030915754,0.046194273046352104,0.03738124736516951,0.060916521095859516,0.0035525206662307125,0.08924862341792884,0.013390669604708553,15,29,0.07287132112444207,0.2940663726074138,True,False,False,6.946760380656093e-07,COMPLETE
896,0.09228436201810837,2025-04-19 22:22:48.699854,2025-04-19 22:23:16.875650,0 days 00:00:28.175796,0.34464873577238914,0.14730194177134712,8,0.0005840675713417419,0.07185459224523905,0.040266075834033487,0.05625635759274504,0.006771624425979013,0.0961029229401656,0.022387420566377658,13,40,0.05639416227155322,0.2898093304024745,True,False,False,0.0006482811895917783,COMPLETE
897,0.5244092583656311,2025-04-19 22:23:17.165556,2025-04-19 22:23:41.620750,0 days 00:00:24.455194,0.2575287357861891,0.29601835042593083,16,0.07027729900387578,0.08497459254265184,0.042630813940697905,0.05914605476618716,0.004552781733167699,0.09983362870521709,0.012389610965215203,15,33,0.05883692561149819,0.11830747349668716,True,False,False,0.00048278840820088846,COMPLETE
898,0.3875335037708283,2025-04-19 22:23:41.914614,2025-04-19 22:24:28.815823,0 days 00:00:46.901209,0.17469673901030214,0.18037098312329447,8,0.01656126202771685,0.05994205803431941,0.044856739883455385,0.04930287197889712,0.002859523569906177,0.09351357647925487,0.01619437645754909,26,133,0.047813715523474104,0.2951859618407346,True,False,False,0.0008151321033862645,COMPLETE
899,0.511992907524109,2025-04-19 22:24:29.091241,2025-04-19 22:24:58.086107,0 days 00:00:28.994866,0.32888510971021917,0.3811192202031438,8,0.009160880601615335,0.05151542934656259,0.09994301345389352,0.05317233980968774,0.006538055242102215,0.09126405625116218,0.025022022012673697,13,36,0.06173877349853459,0.11109997758202868,True,False,False,0.00040516572178714744,COMPLETE
900,0.5201902985572815,2025-04-19 22:24:58.375744,2025-04-19 22:25:40.220801,0 days 00:00:41.845057,0.29925234605158285,0.4239362756123527,8,0.025818447660568115,0.039130434768680875,0.03608756780232711,0.05752503461884668,0.017548216467081525,0.08867817209500421,0.018853595034461653,28,45,0.06639663071389308,0.29021890138944834,True,False,False,0.0009960499892375714,COMPLETE
901,0.5104198575019837,2025-04-19 22:25:40.515670,2025-04-19 22:26:09.926757,0 days 00:00:29.411087,0.3982213712371319,0.2399578447994687,8,0.00812950757321915,0.027608406601986744,0.03870267868092442,0.055030795656535694,0.008968439844338712,0.05424497476559185,0.004614772878952883,14,40,0.05760674512802229,0.28524302245322847,True,False,False,0.0005933945856321142,COMPLETE
902,0.44100180864334104,2025-04-19 22:26:10.223884,2025-04-19 22:26:38.499439,0 days 00:00:28.275555,0.2735395569627088,0.21018066481250655,8,0.02206993856550985,0.06511978516474555,0.03316931332619934,0.0510549630350067,0.005022055956755972,0.09524667736260704,0.011187706371134174,17,30,0.05343945418196764,0.2947257823560125,False,False,True,2.8036317955842302e-08,COMPLETE
903,0.537947678565979,2025-04-19 22:26:38.779352,2025-04-19 22:27:10.234706,0 days 00:00:31.455354,0.2308466078190013,0.15403969911644605,8,0.10048375112177695,0.044896837210961694,0.04107286986784805,0.04709256041390863,0.002647852946021844,0.09772006723891635,0.008964625891808707,16,38,0.06476556332974849,0.12832165972083262,True,False,False,0.0007152043772298568,COMPLETE
904,0.45510389208793645,2025-04-19 22:27:10.529973,2025-04-19 22:27:36.335428,0 days 00:00:25.805455,0.22644066008898744,0.8224323547396811,16,0.09868932851513128,0.03535571568886574,0.03960779353094415,0.04524540635738748,0.0026690050405129835,0.09759504363416244,0.006218702180051449,17,42,0.06774355820959381,0.13881681386180925,True,False,False,0.0008125770897094214,COMPLETE
905,0.305357301235199,2025-04-19 22:27:36.628366,2025-04-19 22:28:10.922568,0 days 00:00:34.294202,0.2110321402076017,0.18989651135260846,8,0.10310982854252371,0.042713736969531,0.0364134987446422,0.043840950474087634,0.0010983459686209449,0.09814035710402418,0.00961431864004657,17,78,0.0651743835724721,0.12989443169031945,True,False,False,0.0007195189570828584,COMPLETE
906,0.5356534361839295,2025-04-19 22:28:11.224974,2025-04-19 22:28:42.570161,0 days 00:00:31.345187,0.20995949372505984,0.1593228000158373,8,0.10365424760851068,0.04639057262148082,0.042097455647363294,0.04519232876726327,0.002612963999611125,0.09975987941631943,0.008422802403257289,16,34,0.06905235106488762,0.12876960501801685,True,False,False,0.0008320145733867484,COMPLETE
907,0.09188934862613678,2025-04-19 22:28:42.852538,2025-04-19 22:29:10.905889,0 days 00:00:28.053351,0.2402141973987128,0.17187910237523193,8,0.10975483284204912,0.04021364121464483,0.03424753131515153,0.04719801043913405,0.00104448166271971,0.09833267449922019,0.007529947651119365,16,51,0.06553245998688499,0.135621018721293,True,True,False,0.0005306023196048369,COMPLETE
908,0.5223925828933716,2025-04-19 22:29:11.198867,2025-04-19 22:29:43.464948,0 days 00:00:32.266081,0.19460148932568483,0.1961160993030768,8,0.09531399380745868,0.047234681306624345,0.0456919125568444,0.042800158261173525,0.00420159013044425,0.0965626776402993,0.008511688969271975,17,37,0.06733428994200176,0.14943061739071561,True,False,False,0.000992050455441944,COMPLETE
909,0.5276202440261841,2025-04-19 22:29:43.762500,2025-04-19 22:30:15.405571,0 days 00:00:31.643071,0.22758998385344378,0.2720301689242603,8,0.10232632308162697,0.032530861910135114,0.058753399041686145,0.0481825787881136,0.003031824942605706,0.090671196916562,0.008939575888393511,16,46,0.06423257813321942,0.13151223875532225,True,False,False,0.0006771736297245318,COMPLETE
910,0.4853452622890473,2025-04-19 22:30:15.702398,2025-04-19 22:30:48.640766,0 days 00:00:32.938368,0.1666172581370736,0.21479046794221,8,0.09110938555925696,0.04199077899162095,0.03795482189761806,0.04742584935293211,0.0010339529140169553,0.08283567032971463,0.01007510075247657,18,23,0.06352024591310117,0.12459448755517213,True,False,False,0.00031737284881035676,COMPLETE
