number,value,datetime_start,datetime_complete,duration,params_alpha-eval,params_alpha-train,params_batch-size,params_eps-eval,params_eps-train,params_lambda-actions-eval,params_lambda-actions-train,params_lambda-frames-eval,params_lambda-frames-train,params_learning-rate,params_n-epochs,params_n-frames,params_radius-gw,params_rho,params_std-feats,params_ub-actions,params_ub-frames,params_weight-decay,state
1652,0.3787871539592743,2025-04-09 01:09:55.518500,2025-04-09 01:11:46.906153,0 days 00:01:51.387653,0.05304279868939506,0.3602383070104783,2,0.2564820022919361,0.13036926824492115,0.04164113312976548,0.049470915293791384,0.09640239789266145,0.08817096397590878,0.02966137882960721,28,57,0.01490270919159025,0.03435802709411377,True,False,False,1.609414636011048e-05,COMPLETE
1653,0.5339478135108948,2025-04-09 01:11:47.431614,2025-04-09 01:12:24.931550,0 days 00:00:37.499936,0.19920218185575084,0.4376335785311537,2,0.2349170224276261,0.21778605919283384,0.046130993063443725,0.03922470751253427,0.09843446500368633,0.08615620111029812,0.04030518324954431,5,66,0.025786532142976187,0.013916578578820485,True,False,False,4.3433293982171495e-05,COMPLETE
1654,0.5150075316429139,2025-04-09 01:12:25.480465,2025-04-09 01:13:09.530389,0 days 00:00:44.049924,0.16715855246530611,0.39853986650527823,2,0.2605250608894567,0.15994415692522268,0.03835520596670299,0.04358528959148381,0.0895503531410322,0.08928003940738666,0.05731346926733587,7,61,0.021335780260129143,0.027194935138215984,True,False,False,2.3328808365826565e-05,COMPLETE
1655,0.4700219511985779,2025-04-09 01:13:10.060312,2025-04-09 01:13:47.933683,0 days 00:00:37.873371,0.12163322658972861,0.37335128159644804,2,0.24449694092348687,0.14954500657443537,0.048874979388727036,0.041232078464032776,0.09524366697636533,0.09607199233141717,0.04635102184977357,5,68,0.09310793660635115,0.03923583859839822,True,False,False,3.4289529932789196e-05,COMPLETE
1656,0.5291868329048157,2025-04-09 01:13:48.482509,2025-04-09 01:14:29.322481,0 days 00:00:40.839972,0.14258755856218108,0.4081834859964083,2,0.25485830691072714,0.16523065450137372,0.04472159700045098,0.03799001267137975,0.09243823468636989,0.0827611496291985,0.037147196781507304,6,65,0.017768708544091415,0.019002196702378696,True,False,False,2.7333821215213616e-05,COMPLETE
1657,0.5347644448280335,2025-04-09 01:14:29.852483,2025-04-09 01:15:06.863807,0 days 00:00:37.011324,0.0954350756113599,0.4586977967254857,2,0.25072949320943555,0.15721731829247731,0.042827231317949147,0.04719253143467014,0.0998552158305871,0.0908907711837307,0.0640456185438006,5,59,0.02014667915919928,0.05575485567431336,True,False,False,1.813115263341438e-05,COMPLETE
1658,0.4965142965316772,2025-04-09 01:15:07.390610,2025-04-09 01:16:13.129323,0 days 00:01:05.738713,0.1798469152910031,0.4208669198032428,2,0.26571974328982534,0.14288750974120765,0.04739588605124239,0.033869745375122724,0.09675420679451745,0.08688322145560198,0.04895223692825369,14,63,0.02350418836485828,0.00988676071528631,True,False,False,2.2801796095133053e-05,COMPLETE
1659,0.512697160243988,2025-04-09 01:16:13.681392,2025-04-09 01:16:54.331159,0 days 00:00:40.649767,0.0765665200426986,0.9042814990606434,2,0.23686286332996126,0.14731428539521912,0.050945307026835404,0.051749443001858325,0.09996377778908894,0.09392912738201523,0.03140691052185991,6,56,0.025387061818230333,0.04655421322597994,True,False,False,3.8720604824633094e-05,COMPLETE
1660,0.23656938672065736,2025-04-09 01:16:54.858696,2025-04-09 01:17:31.849046,0 days 00:00:36.990350,0.15403003942782367,0.3369354218133531,2,0.2727941405116117,0.041140150523076985,0.045751310459977525,0.04354601655834631,0.08814755331400748,0.0888657258219997,0.0007376789817852361,5,69,0.016942451513074344,0.035793234969273766,False,False,False,1.3498482155723596e-05,COMPLETE
1661,0.5318405747413636,2025-04-09 01:17:32.407436,2025-04-09 01:18:09.835179,0 days 00:00:37.427743,0.11803179208245516,0.30140978056407014,2,0.24666140569182118,0.13517307144900503,0.048670533666525004,0.03143442670732711,0.09453570729687122,0.08467907752836122,0.07869368713840359,5,72,0.022895236649738717,0.02575385543897902,True,False,False,2.9291013079644916e-05,COMPLETE
1662,0.5150708317756653,2025-04-09 01:18:10.368403,2025-04-09 01:18:51.144731,0 days 00:00:40.776328,0.13717835469130724,0.36837511804190604,2,0.25814314172214475,0.1533631332129362,0.04149316010385198,0.03615119987281067,0.098047042963693,0.09173720499566315,0.04231747952367441,6,66,0.020085062360494864,0.015501633744870695,True,False,False,1.8617075300174768e-05,COMPLETE
1663,0.10246288180351258,2025-04-09 01:18:51.671753,2025-04-09 01:19:24.588451,0 days 00:00:32.916698,0.1085225743160828,0.3910468623422432,2,0.2512490027451452,0.16290757235533793,0.04336499759111626,0.0410076897677572,0.09642351198196733,0.08700684703636047,0.05612220181092453,5,61,0.02559121059614315,0.029404776036281187,True,True,False,4.375839081818707e-05,COMPLETE
1664,0.3688207924365997,2025-04-09 01:19:25.139769,2025-04-09 01:20:06.067413,0 days 00:00:40.927644,0.22482002457774464,0.4367581052214267,2,0.2618901250968032,0.15479330165733282,0.047036283821028244,0.046421872946873444,0.09995709661197479,0.08103129693867694,0.03669791530022539,6,64,0.01375553140174008,0.04987680659157186,True,False,False,5.3334947925120595e-05,COMPLETE
1665,0.5301095128059388,2025-04-09 01:20:06.609079,2025-04-09 01:20:44.088812,0 days 00:00:37.479733,0.16006390548769917,0.3540228191312938,2,0.24046354272016726,0.14013483860693246,0.024941061829333006,0.038239037316003754,0.09300185066825846,0.08985126629800244,0.08546507337025004,5,59,0.01869763518929462,0.020745481724236875,True,False,False,1.0388028463741009e-05,COMPLETE
1666,0.3754005074501038,2025-04-09 01:20:44.642639,2025-04-09 01:21:28.819634,0 days 00:00:44.176995,0.08926054629308713,0.4064483813124966,2,0.25332858093914146,0.17251637998482033,0.05038208559850019,0.04839886458320971,0.0900723241911819,0.09246190923317198,0.051226384135592884,7,56,0.015834549779912145,0.04212427771710756,True,False,False,2.588102820722353e-05,COMPLETE
1667,0.12991902232170105,2025-04-09 01:21:29.347864,2025-04-09 01:22:02.566624,0 days 00:00:33.218760,0.12741966460548765,0.3235207149359165,2,0.2673611307593241,0.14701301100745895,0.039746713776488474,0.03428310462085144,0.0944795700396813,0.08496542347013915,0.06575506117464901,5,76,0.022178525848716976,0.03419855456776136,True,False,True,1.6857408901116676e-05,COMPLETE
1668,0.47419181466102606,2025-04-09 01:22:03.123078,2025-04-09 01:22:23.630349,0 days 00:00:20.507271,0.1779270624730322,0.38201758185444956,16,0.24487712651657706,0.15948442262468931,0.030218047843832044,0.04397088532658168,0.09805818838828358,0.09493074224437631,0.043122893598943834,6,69,0.023946497861611758,0.012293866625760425,True,False,False,2.184008453180848e-05,COMPLETE
1669,0.5375143766403199,2025-04-09 01:22:24.164867,2025-04-09 01:23:01.770233,0 days 00:00:37.605366,0.14255880631497825,0.4634793173570152,2,0.2563843710053945,0.15122746413737567,0.04481743574054268,0.04004927415599307,0.09637224093931045,0.08824930022375965,0.03223845708167997,5,62,0.020848420479305945,0.0011913766350342987,True,False,False,3.228983523838627e-05,COMPLETE
1670,0.531525206565857,2025-04-09 01:23:02.299462,2025-04-09 01:23:40.012893,0 days 00:00:37.713431,0.07180070164800123,0.42570012518391254,2,0.24888669568751026,0.16430653118797808,0.048564767588977445,0.04242688922120155,0.09124319868303576,0.0905668252208595,0.05576961884684631,5,67,0.018998605672201577,0.02506633061242066,True,False,False,1.3794003374110128e-05,COMPLETE
1671,0.5164280414581299,2025-04-09 01:23:40.562511,2025-04-09 01:24:21.366762,0 days 00:00:40.804251,0.11075022463401406,0.44676496202163496,2,0.2307414818038251,0.13435665271595226,0.04534805379023782,0.050224792539575173,0.09501782691765395,0.08247921291210339,0.04456210191329128,6,64,0.021911415681652984,0.018498394155211272,True,False,False,3.631049093321217e-05,COMPLETE
1672,0.3473202764987946,2025-04-09 01:24:21.902242,2025-04-09 01:26:03.954204,0 days 00:01:42.051962,0.047407314866430045,0.3835884043223653,2,0.2595848200831079,0.20147913218747288,0.043483258053863064,0.03722611631278781,0.09780996587441984,0.08626390302101253,0.00011693199228361001,25,59,0.025408579398799896,0.03788812811340814,True,False,False,2.105142221775009e-05,COMPLETE
1673,0.5249991774559022,2025-04-09 01:26:04.507262,2025-04-09 01:26:42.434183,0 days 00:00:37.926921,0.20288145446638728,0.4081627894080799,2,0.23932359311828924,0.12282924288352394,0.04655594880223099,0.03262793176602099,0.09283892088980178,0.09268368810961503,0.03640785620954455,5,71,0.016477181886083027,0.030127548655856783,True,False,False,2.6560392180986955e-05,COMPLETE
1674,0.49906783103942876,2025-04-09 01:26:42.969347,2025-04-09 01:27:23.688556,0 days 00:00:40.719209,0.16309666356692976,0.347172561845713,2,0.26733047483944095,0.145833311642328,0.05178855529636783,0.047003427977907034,0.09819342714631249,0.08836590760478323,0.07044188223637778,6,66,0.023378633297394903,0.05200121737435672,True,False,False,1.650191441627286e-05,COMPLETE
1675,0.5257234454154969,2025-04-09 01:27:24.219913,2025-04-09 01:28:01.835953,0 days 00:00:37.616040,0.12841745181273445,0.36784958948044694,2,0.25055913999407786,0.15753640134133332,0.034076106352465343,0.04159043376345924,0.09998489763635432,0.09673657264137885,0.02849046498296351,5,61,0.01951621843447654,0.006658375693889039,True,False,False,4.566384196760088e-05,COMPLETE
1676,0.524324131011963,2025-04-09 01:28:02.385156,2025-04-09 01:28:39.872587,0 days 00:00:37.487431,0.09303438746565099,0.422644041824088,2,0.24361040913918783,0.1680936321963718,0.049420023826354464,0.04478943967024967,0.08843482221156922,0.08381146411424538,0.05037176416011135,5,74,0.021684440036676245,0.04489735838110646,True,False,False,3.0258907315743513e-05,COMPLETE
1677,0.5068830370903015,2025-04-09 01:28:40.408384,2025-04-09 01:29:20.941512,0 days 00:00:40.533128,0.14950827606600428,0.46436764457048507,2,0.2620233655308478,0.14032271323194365,0.04150122955328833,0.03920177022244622,0.09597671651827508,0.09028284647226471,0.06257155903158267,6,55,0.018722592104162748,0.023424382106309045,True,False,False,2.3853696292771088e-05,COMPLETE
1678,0.22975794672966005,2025-04-09 01:29:21.497808,2025-04-09 01:29:58.447294,0 days 00:00:36.949486,0.12092517900435465,0.3278156507597754,2,0.25585742399309386,0.15090697723537744,0.0471816164767326,0.03554158368848255,0.0931780425919701,0.08700070179487772,0.04230891271398075,5,63,0.02597927785929427,0.015159081036325755,False,False,False,8.535395674220995e-06,COMPLETE
1679,0.5351667046546936,2025-04-09 01:29:58.980107,2025-04-09 01:30:43.207764,0 days 00:00:44.227657,0.19243655759342024,0.30337665578206907,2,0.21371709615909143,0.1783266978202605,0.044459587620009754,0.042809031526248785,0.0875225548288875,0.09391895388908594,0.03722127888352097,7,58,0.023716244069751462,0.03232406814636714,True,False,False,1.2175812313773051e-05,COMPLETE
1680,0.5242735624313355,2025-04-09 01:30:43.762512,2025-04-09 01:31:21.473787,0 days 00:00:37.711275,0.24302872411651047,0.3932101871054182,2,0.24813990629028942,0.15636317712015374,0.03736974159040982,0.04560912656002852,0.09669147119182162,0.08541875192180343,0.05200085920102083,5,67,0.017152294883462604,0.043285039182589545,True,False,False,5.86991706277887e-05,COMPLETE
1681,0.36638840436935427,2025-04-09 01:31:22.009146,2025-04-09 01:32:03.003963,0 days 00:00:40.994817,0.1425615708669219,0.44327585055683094,2,0.254759409299412,0.14402292868309283,0.04923557573509537,0.03666679161413076,0.09111169874853982,0.08976401720746167,0.08061776656987983,6,70,0.01199909420839434,0.037749826779916035,True,False,False,1.9246850654309804e-05,COMPLETE
1682,0.5273256063461305,2025-04-09 01:32:03.531768,2025-04-09 01:32:40.889972,0 days 00:00:37.358204,0.10244735837489534,0.36086563472449384,2,0.2363096542132714,0.15087436369022494,0.04281478063919211,0.04828415610349672,0.09483747635931658,0.08069413580725836,0.029216950903974043,5,61,0.020866136801920197,0.008449976218853874,True,False,False,3.513264423675713e-05,COMPLETE
1683,0.09745945036411285,2025-04-09 01:32:41.443890,2025-04-09 01:33:17.281239,0 days 00:00:35.837349,0.17065467464212905,0.40598802977779486,2,0.26168282921873537,0.16190342224523585,0.04612730397103028,0.040889481996874436,0.09834463732400325,0.09175073121746727,0.09940080015995766,6,65,0.015094153919764415,0.02567314057049693,True,True,False,1.556887800692586e-05,COMPLETE
1684,0.5416301488876343,2025-04-09 01:33:17.813948,2025-04-09 01:33:54.785515,0 days 00:00:36.971567,0.06942231792001761,0.43200394556612903,2,0.2705254804335497,0.17122287968543012,0.051643258119019014,0.03208800412727632,0.09669812620596933,0.08354401104559744,0.059989067142544254,5,63,0.023856927869559383,0.01879678344364206,True,False,False,2.6623437143816892e-05,COMPLETE
1685,0.5073751091957093,2025-04-09 01:33:55.344614,2025-04-09 01:34:36.324035,0 days 00:00:40.979421,0.12286853816014302,0.3807990741404124,2,0.2435594600071261,0.12849895170634668,0.048107966827095866,0.038957073341374535,0.09397307816685757,0.08788032541354732,0.04531384450448855,6,58,0.01969477393230184,0.03156916046144165,True,False,False,1.9625549233303958e-05,COMPLETE
1686,0.14489399790763857,2025-04-09 01:34:36.857913,2025-04-09 01:35:09.899362,0 days 00:00:33.041449,0.15765453738514207,0.3367679634465937,2,0.2507290132845017,0.13810971320945292,0.04018021247672309,0.043838255504550665,0.09833810807314007,0.09313222267413757,0.037630690005215045,5,68,0.021899898989233325,0.0547791426474166,True,False,True,4.34774762918826e-05,COMPLETE
1687,0.5305310606956483,2025-04-09 01:35:10.460381,2025-04-09 01:35:47.857639,0 days 00:00:37.397258,0.09045249039896339,0.45483952717974685,2,0.2723083203201644,0.1949606309552856,0.04506306078963402,0.02980524239260605,0.0922078457902433,0.085712061863976,0.051554893851712795,5,60,0.01771748170658728,0.2353274821100407,True,False,False,3.268159459748185e-05,COMPLETE
1688,0.5204837203025818,2025-04-09 01:35:48.396714,2025-04-09 01:36:28.660860,0 days 00:00:40.264146,0.14156481652646868,0.41722514069159405,2,0.2583819566676856,0.153135514971074,0.04238237110312327,0.03455109234485069,0.09019409284763413,0.08917534840624158,0.03355540721762242,6,55,0.024698725584759496,0.03976561865851904,True,False,False,1.4209095309620396e-05,COMPLETE
1689,0.3982290327548981,2025-04-09 01:36:29.199854,2025-04-09 01:36:49.192204,0 days 00:00:19.992350,0.1116399509366528,0.3934039476369706,16,0.21998957576414319,0.14591264523381825,0.04980211181758339,0.04978671009724957,0.09991820007926586,0.09493234368554625,0.06805841361881002,5,65,0.02067767203696167,0.012191173907181253,True,False,False,1.0161914351208178e-05,COMPLETE
1690,0.4606557965278626,2025-04-09 01:36:49.747630,2025-04-09 01:37:27.306036,0 days 00:00:37.558406,0.13578266182526927,0.35914730144193713,2,0.2648783483561723,0.15831727451302396,0.04712784624351816,0.0457883349515234,0.09629877719027526,0.09067843741908113,0.00017470871115091223,5,72,0.02579848012570938,0.02293833707614991,True,False,False,2.3264723269753557e-05,COMPLETE
1691,0.49205108880996706,2025-04-09 01:37:27.843146,2025-04-09 01:38:08.237000,0 days 00:00:40.393854,0.17525443441679886,0.4692149309541598,2,0.23290051215012408,0.1858010196365636,0.044535392205584806,0.03733047250900001,0.09492778612975206,0.08685683456895986,0.04198625068132427,6,62,0.01851803973721739,0.0481838936837243,True,False,False,5.122207903143545e-05,COMPLETE
1692,0.5118566393852234,2025-04-09 01:38:08.797112,2025-04-09 01:38:46.341848,0 days 00:00:37.544736,0.08417749020886128,0.3713691718083424,2,0.2465552781896297,0.1661689186234474,0.05230529393015495,0.04144922529882749,0.09830029731439394,0.09706924647827599,0.05831512288555494,5,67,0.02273923724813163,0.005445652385945056,True,False,False,2.7332019224529814e-05,COMPLETE
1693,0.3810922145843506,2025-04-09 01:38:46.878696,2025-04-09 01:39:27.247345,0 days 00:00:40.368649,0.11089083836782808,0.43053802039080924,2,0.2551103763576091,0.14326100631161995,0.04757233131824508,0.03955339986675776,0.08720845410419951,0.08818404705761936,0.045721751901843716,6,59,0.01543548535221872,0.02913559621877986,True,False,False,1.8663067497561974e-05,COMPLETE
1694,0.5245060563087464,2025-04-09 01:39:27.808402,2025-04-09 01:40:05.146423,0 days 00:00:37.338021,0.15466496518632322,0.3222517815462802,2,0.2410260702839119,0.1513588689506487,0.015176292004805027,0.04367001205479468,0.09399635525945911,0.08294931019759795,0.029943205749467138,5,64,0.020400119451856037,0.1104859089983368,True,False,False,3.8553302721502076e-05,COMPLETE
1695,0.5046276807785035,2025-04-09 01:40:05.684276,2025-04-09 01:40:49.903621,0 days 00:00:44.219345,0.9971531034317491,0.40475599699801784,2,0.25221919297856976,0.13613850898551594,0.04360510638601375,0.033708360101579224,0.09666806427247,0.09133730293290859,0.07231301251963342,7,70,0.023063816201696268,0.03815968884016673,True,False,False,2.285285100534233e-05,COMPLETE
1696,0.537396240234375,2025-04-09 01:40:50.466103,2025-04-09 01:41:28.323598,0 days 00:00:37.857495,0.04941613809701281,0.349392402420574,2,0.26194648805500725,0.16014178875407462,0.040773707162616114,0.03602850083028281,0.09233402105768782,0.08483929761179343,0.051645500148930844,5,56,0.025718046806248937,0.017881252716094073,True,False,False,3.156247792432601e-05,COMPLETE
1697,0.5149481177330018,2025-04-09 01:41:28.863240,2025-04-09 01:42:09.812600,0 days 00:00:40.949360,0.21385681481283347,0.3819777786824495,2,0.24691254435513313,0.14927132829487136,0.04623736521722608,0.04717078854225662,0.08950207573686422,0.08890282806358869,0.035523482714412774,6,63,0.017577774055296255,0.03367411845386669,True,False,False,1.5842595957748e-05,COMPLETE
1698,0.36365547776222235,2025-04-09 01:42:10.370287,2025-04-09 01:42:48.493457,0 days 00:00:38.123170,0.1852951236749508,0.4464119771032821,2,0.26743945935424485,0.15604779075660363,0.050119870574616324,0.04199069813088216,0.09794186975172942,0.09338724841351233,0.04270647054382194,5,67,0.013566804639872022,0.025556684353002748,True,False,False,5.745549239168255e-05,COMPLETE
1699,0.21539336442947388,2025-04-09 01:42:49.035574,2025-04-09 01:43:25.871602,0 days 00:00:36.836028,0.12664909381722206,0.41943428658641896,2,0.25383623296925556,0.14386097673553336,0.0451948443096558,0.05168596182865729,0.09533877037250015,0.0863247158472835,0.054927529406772875,5,60,0.021397379621453067,0.0012309588710016353,False,False,False,2.1868788132178983e-05,COMPLETE
1700,0.09188934862613678,2025-04-09 01:43:26.410742,2025-04-09 01:44:01.957709,0 days 00:00:35.546967,0.10109483693805818,0.4694793444715011,2,0.23711822568451862,0.04160475338169381,0.02872145459425471,0.03839536676430383,0.09842852163678126,0.09066524078091481,0.0833254069822054,6,73,0.01967455683494927,0.018171008100819935,True,True,False,3.609470221675699e-05,COMPLETE
1701,0.5305955767631532,2025-04-09 01:44:02.516599,2025-04-09 01:44:40.127754,0 days 00:00:37.611155,0.1471366393223861,0.30191029743393755,2,0.25824766935617033,0.16370955374051022,0.04799313434572638,0.044689115320366075,0.0953004875475361,0.0825222755537538,0.02772626007375435,5,65,0.023302272503778212,0.0573785879278637,True,False,False,1.2186548461997442e-05,COMPLETE
1702,0.5262066841125489,2025-04-09 01:44:40.667460,2025-04-09 01:45:24.470246,0 days 00:00:43.802786,0.12967770113208058,0.34285237768791554,2,0.2405458077315188,0.1761984652543998,0.04215510135266939,0.027734973328655113,0.09311092669279544,0.08095215539009087,0.06238627248052811,7,61,0.025971924543096016,0.04596878076247878,True,False,False,2.8137396105837616e-05,COMPLETE
1703,0.5057932257652282,2025-04-09 01:45:25.042365,2025-04-09 01:46:05.579434,0 days 00:00:40.537069,0.16959430953863128,0.4068758317261519,2,0.19220499181885597,0.1529464391955682,0.03854530994925683,0.04851302555161102,0.09998834285800165,0.09524040876447201,0.039914537755737084,6,57,0.02187307158966484,0.03425239165662891,True,False,False,1.6412452818816485e-05,COMPLETE
1704,0.1009511172771454,2025-04-09 01:46:06.123357,2025-04-09 01:46:39.300788,0 days 00:00:33.177431,0.06305634897387337,0.3702692320253602,2,0.2726638520547311,0.13207648813965828,0.01175813755254315,0.040733646223058376,0.09066331222822309,0.09219985199381026,0.0349231407773134,5,70,0.017880771181495544,0.011212909764718035,True,False,True,4.6924045401527325e-05,COMPLETE
1705,0.36792551875114443,2025-04-09 01:46:39.868622,2025-04-09 01:47:17.353158,0 days 00:00:37.484536,0.09136015315353029,0.3941801660064526,2,0.24821468391803067,0.14726016054226068,0.05063381245609962,0.04615790246720366,0.0964514326313593,0.08788019691515463,0.048744521761898356,5,54,0.01623224331450328,0.04306880288919267,True,False,False,2.0357429974080475e-05,COMPLETE
1706,0.48538005948066715,2025-04-09 01:47:17.899398,2025-04-09 01:47:58.120650,0 days 00:00:40.221252,0.12086221970608414,0.4411038682759835,2,0.26321019111620203,0.1401277159252622,0.04383872150715866,0.03195154478090942,0.09815528063595368,0.08412863920426111,0.0713193041268469,6,63,0.0240257758607605,0.02728070991440518,True,False,False,2.7219863195812837e-05,COMPLETE
1707,0.5124347805976868,2025-04-09 01:47:58.663204,2025-04-09 01:48:36.381856,0 days 00:00:37.718652,0.15688315164239486,0.35613322070318487,2,0.25359088250238876,0.1611379796283345,0.04627130915996186,0.03518596164322617,0.09414900889913075,0.08923911336707464,0.05892934046057473,5,68,0.020139712169311326,0.05157753552219102,True,False,False,3.5111525831200986e-05,COMPLETE
1708,0.5249441981315613,2025-04-09 01:48:36.946352,2025-04-09 01:49:15.005747,0 days 00:00:38.059395,0.19128075804365402,0.32316542842478924,2,0.24591385850119352,0.15584300925802214,0.048276332736976076,0.04314378062648548,0.09680890609626869,0.08735731256612281,0.04525169502415942,5,65,0.022076956983424077,0.01543549757240573,True,False,False,1.7730257054584356e-05,COMPLETE
