number,value,datetime_start,datetime_complete,duration,params_alpha-eval,params_alpha-train,params_batch-size,params_eps-eval,params_eps-train,params_lambda-actions-eval,params_lambda-actions-train,params_lambda-frames-eval,params_lambda-frames-train,params_learning-rate,params_n-epochs,params_n-frames,params_radius-gw,params_rho,params_std-feats,params_ub-actions,params_ub-frames,params_weight-decay,state
170,0.522404420375824,2025-04-19 14:49:22.865909,2025-04-19 14:50:02.883742,0 days 00:00:40.017833,0.4866558942358568,0.2502058996453663,8,0.24764889340398877,0.057660057569658744,0.04225448472402949,0.08249670646359424,0.04017778026964912,0.07380364893255249,0.05043028716160381,26,45,0.025558296739639896,0.24670597013315607,True,False,False,8.004179744663062e-05,COMPLETE
171,0.5252411007881165,2025-04-19 14:50:02.938120,2025-04-19 14:50:43.107723,0 days 00:00:40.169603,0.49379912469110393,0.24815989079312656,8,0.24495547836971676,0.05609038214150109,0.04330974108386149,0.08749438159832808,0.03579166551211858,0.07315180535616864,0.060712002366404116,26,45,0.027588594041423838,0.24565438475016588,True,False,False,8.469784558339427e-05,COMPLETE
172,0.5251817107200623,2025-04-19 14:50:43.171307,2025-04-19 14:51:23.169334,0 days 00:00:39.998027,0.4812518095774292,0.2568656117843584,8,0.2502005452530312,0.05514941556830487,0.042415431532993826,0.083684489805122,0.03595081977664158,0.07420313577945566,0.05377107436269593,26,45,0.023726550163611266,0.24551696119030245,True,False,False,9.577676310658733e-05,COMPLETE
173,0.4838810384273529,2025-04-19 14:51:23.224931,2025-04-19 14:52:04.224302,0 days 00:00:40.999371,0.5090325893676716,0.24825906837280398,8,0.24797926644330798,0.05483654452535336,0.04689653032883015,0.08245315283732409,0.03596727616553186,0.07826100089970836,0.058863582993359,27,45,0.08277147729183679,0.2368552248413302,True,False,False,9.072091763566571e-05,COMPLETE
174,0.5016578197479248,2025-04-19 14:52:04.279600,2025-04-19 14:52:44.542047,0 days 00:00:40.262447,0.49751164109331103,0.22823711705762662,8,0.24090369637867967,0.06386469456804937,0.04314410361927906,0.08436130613055012,0.040279135231637155,0.07369319975558881,0.0526386292978139,26,52,0.02257430269383676,0.2469917115159459,True,False,False,7.431366453637081e-05,COMPLETE
175,0.5229395627975464,2025-04-19 14:52:44.598028,2025-04-19 14:53:24.824203,0 days 00:00:40.226175,0.4943134185567216,0.2664139946525954,8,0.2501321194112434,0.058010039656404486,0.04264911842842892,0.08475720068768625,0.03315132771075772,0.0846225456245343,0.043932732980560114,26,47,0.022985405315508144,0.2561728550781624,True,False,False,5.42668008551238e-05,COMPLETE
176,0.49261078834533695,2025-04-19 14:53:24.881889,2025-04-19 14:54:06.046261,0 days 00:00:41.164372,0.4119786697005322,0.27070184722399016,8,0.25022372599933596,0.056408983829644474,0.041859503494524164,0.08471090896036264,0.03287567518667738,0.08573873549552592,0.04139043227920009,27,48,0.026198390373683586,0.2581473035120703,True,False,False,4.5780536424985166e-05,COMPLETE
177,0.4894275426864624,2025-04-19 14:54:06.102278,2025-04-19 14:54:40.525944,0 days 00:00:34.423666,0.44604526997420396,0.2451927677783695,8,0.23189570733874626,0.047167692747413094,0.03994850122904911,0.07814015810143408,0.03794847669570959,0.08310227595480914,0.06327217241098777,19,54,0.020126513111905952,0.2568528588958634,True,False,False,5.547519051076133e-05,COMPLETE
178,0.5184377431869507,2025-04-19 14:54:40.582717,2025-04-19 14:55:21.068484,0 days 00:00:40.485767,0.4903505551460268,0.21401881567258338,8,0.2578508260669836,0.05870039578931512,0.04450954235425485,0.08197783230456782,0.0329464764069553,0.07553223279759544,0.024810054766003207,26,46,0.02793583220395163,0.24548673720152822,True,False,False,6.398128103228265e-05,COMPLETE
179,0.521116590499878,2025-04-19 14:55:21.126003,2025-04-19 14:56:01.108080,0 days 00:00:39.982077,0.5252992429660762,0.2882397534691433,8,0.2582418889832633,0.05904963326863749,0.04536454666776039,0.0800176445264964,0.03263520732594761,0.07594808653141484,0.046501330548808166,26,45,0.026332586305275213,0.2488954088269952,True,False,False,6.739195585335627e-05,COMPLETE
180,0.5195795059204101,2025-04-19 14:56:01.166758,2025-04-19 14:56:41.886692,0 days 00:00:40.719934,0.5298972744774237,0.2942010513899424,8,0.22560152927224378,0.0520637393807266,0.04544228459724179,0.08159000505086958,0.030200799397372434,0.07959354143097025,0.033261592916657055,26,46,0.027040534501241182,0.24324693883383924,True,False,False,5.789759270671358e-05,COMPLETE
181,0.5142692089080811,2025-04-19 14:56:41.953257,2025-04-19 14:57:21.968115,0 days 00:00:40.014858,0.5188069196586258,0.289768464566768,8,0.22277913903204336,0.05342057969476603,0.04530211887883563,0.08269202644257957,0.03163757378346807,0.08050454172923052,0.033327278384295424,26,46,0.023507733885249283,0.24527679783969547,True,False,False,6.679897785304793e-05,COMPLETE
182,0.5044749855995179,2025-04-19 14:57:22.026026,2025-04-19 14:58:03.545498,0 days 00:00:41.519472,0.48191307912415715,0.27862590651942765,8,0.25360896046071346,0.04525676677738412,0.04336697241890189,0.08077283120916279,0.032929352748386195,0.0759204986523335,0.023057111314441076,27,49,0.02702515595525328,0.2411827837968326,True,False,False,5.4362645598064455e-05,COMPLETE
183,0.49376482963562013,2025-04-19 14:58:03.604339,2025-04-19 14:58:44.926753,0 days 00:00:41.322414,0.5353940143155649,0.3003843049050256,8,0.24031390043721707,0.05960711333518675,0.045599179150436875,0.08164008901980625,0.029460563876685348,0.07897969246242435,0.03958888528075274,26,58,0.032182241957126274,0.24862611586490344,True,False,False,7.182837235782757e-05,COMPLETE
184,0.51035578250885,2025-04-19 14:58:44.985670,2025-04-19 14:59:25.381836,0 days 00:00:40.396166,0.49546287461784455,0.23259051514690943,8,0.25847596969689174,0.05288419310977497,0.04713862722312551,0.07828048062822468,0.030235779465513646,0.08192964437325269,0.06039248676424784,26,46,0.026490982389154684,0.23701050172647578,True,False,False,5.6522731324166534e-05,COMPLETE
185,0.5028684377670288,2025-04-19 14:59:25.440974,2025-04-19 15:00:05.980894,0 days 00:00:40.539920,0.5021021245011902,0.2648446574173573,8,0.2642986434369976,0.06453518483180638,0.042650758565823246,0.08524529079721736,0.035502902614032564,0.08530319986513459,0.028706084694628032,27,41,0.03431384376057123,0.2544411497269953,True,False,False,4.301684492310749e-05,COMPLETE
186,0.4089531421661377,2025-04-19 15:00:06.041777,2025-04-19 15:00:48.902841,0 days 00:00:42.861064,0.5281142833586248,0.3194201589723435,8,0.24955162989465482,0.043785954600092956,0.05029539927262914,0.08699216916049587,0.02703796423392603,0.08029355492616148,0.04624025858945851,28,50,0.01771821300484016,0.2425875659230388,True,False,False,7.816142348263122e-05,COMPLETE
187,0.5243109822273254,2025-04-19 15:00:48.962285,2025-04-19 15:01:29.105134,0 days 00:00:40.142849,0.5632387183771321,0.33362607947533085,8,0.22656697812213383,0.05878392073572829,0.040186353144727585,0.07596648210739905,0.03335400742436162,0.07687905838179991,0.054206733007398866,26,45,0.028969646592767583,0.23530649216635616,True,False,False,6.493857763940002e-05,COMPLETE
188,0.19293059706687926,2025-04-19 15:01:29.165085,2025-04-19 15:02:04.924716,0 days 00:00:35.759631,0.5678792656448244,0.2036832523967815,8,0.21060533342626103,0.06331925610983141,0.04457639524739831,0.07673264956123278,0.040672417922938464,0.07726001376329891,0.03690481237411647,26,45,0.02782210811143841,0.23331254486792405,True,False,True,8.765042680372234e-05,COMPLETE
189,0.3070516645908356,2025-04-19 15:02:04.984768,2025-04-19 15:02:34.247916,0 days 00:00:29.263148,0.5580852242433627,0.2855152163654556,16,0.26209615315509427,0.05577704711590415,0.04031397435317749,0.079565147294831,0.03388739078432182,0.0747188034192558,0.015327938979586203,27,48,0.028857853695458936,0.25092008279506073,False,False,False,6.530017283544759e-05,COMPLETE
190,0.4757582545280457,2025-04-19 15:02:34.317315,2025-04-19 15:03:14.221037,0 days 00:00:39.903722,0.5157987671221325,0.21850895157066527,8,0.22462539087258218,0.06784160679529931,0.04168834788161886,0.0825349743490025,0.03097425960928598,0.07547880104971111,0.052848777198960625,26,40,0.022859189476683455,0.22493797996422057,True,False,False,3.8012542779794636e-05,COMPLETE
191,0.526749849319458,2025-04-19 15:03:14.281951,2025-04-19 15:03:53.629630,0 days 00:00:39.347679,0.4939991697352701,0.34824422658706894,8,0.23457106029511288,0.04870760349216136,0.03670195051863666,0.08472261717212941,0.032684121593221344,0.08296296622262529,0.06548202894222023,25,43,0.030624719942585067,0.2398141964063556,True,False,False,5.146972711350018e-05,COMPLETE
192,0.5056700944900513,2025-04-19 15:03:53.691301,2025-04-19 15:04:32.905271,0 days 00:00:39.213970,0.7978710641639342,0.3434789446437361,8,0.2435019444161369,0.05932456066291135,0.03931483502342606,0.08408241617656759,0.03626225286825482,0.07839535918099684,0.06250167417467976,25,44,0.02494037552419398,0.2428764390270953,True,False,False,4.737139101196808e-05,COMPLETE
193,0.464247727394104,2025-04-19 15:04:32.966841,2025-04-19 15:05:13.599796,0 days 00:00:40.632955,0.49099060626195634,0.25358096894418053,8,0.23536600214515616,0.04815387313213244,0.03616483579308645,0.07544421067668418,0.033622224434254104,0.07314745524885548,0.0424890064591741,26,52,0.030369674069632816,0.23594595211953331,True,False,False,9.729719472068753e-05,COMPLETE
194,0.42577633857727054,2025-04-19 15:05:13.662205,2025-04-19 15:05:46.177086,0 days 00:00:32.514881,0.5470225166041522,0.37776801675102056,8,0.25461132036362805,0.03288716393354681,0.04387458329417377,0.08059986733082923,0.026146794192643104,0.08000870959877449,0.07189004269727166,17,44,0.019681777405559524,0.2472585033128041,True,False,False,6.839789648197689e-05,COMPLETE
195,0.5054638504981994,2025-04-19 15:05:46.240058,2025-04-19 15:06:25.531260,0 days 00:00:39.291202,0.4590644212491129,0.3587931580238183,8,0.21591785022296858,0.05941957575322248,0.04665751014187505,0.08597667220273492,0.03948518401643209,0.07682162043367805,0.05277990607561303,25,47,0.024091488338942188,0.23956729680135416,True,False,False,0.00012694837890456218,COMPLETE
196,0.47741498947143557,2025-04-19 15:06:25.593449,2025-04-19 15:07:06.267897,0 days 00:00:40.674448,0.47251336832238894,0.31727212034171326,8,0.2279388730426061,0.05172835051707991,0.04144850354461615,0.08880531179326838,0.030347340965100188,0.08351221793588545,0.031194127788453,27,41,0.02857299705573196,0.21823395828343395,True,False,False,5.1547852766821275e-05,COMPLETE
197,0.5000036001205445,2025-04-19 15:07:06.330921,2025-04-19 15:07:46.824381,0 days 00:00:40.493460,0.5192543563329564,0.29438853138770327,8,0.24039657467937817,0.06907657101702226,0.037346290887141025,0.08353103113717114,0.035832684756207496,0.08757565921485208,0.04537951165380215,26,50,0.021439502397687094,0.2545776700602989,True,False,False,8.351194730440389e-05,COMPLETE
198,0.24718826413154604,2025-04-19 15:07:46.896267,2025-04-19 15:08:21.448149,0 days 00:00:34.551882,0.4961294643365586,0.26915594179128915,8,0.2679681002057749,0.03909278639058132,0.039471046989775126,0.07314143942665562,0.03179551642763631,0.07433022855572988,0.08040143555791622,25,38,0.025336200929855286,0.24732459454296077,True,True,False,3.592562428290665e-05,COMPLETE
199,0.5183580040931702,2025-04-19 15:08:21.512522,2025-04-19 15:09:01.527640,0 days 00:00:40.015118,0.5890950094936647,0.2418060726569816,8,0.25034498317159287,0.06632686125696076,0.04336289147578977,0.08201553447090476,0.02801709903885669,0.0779453674535784,0.038631777403661034,26,43,0.03306202320600014,0.2624076789392572,True,False,False,0.00010476473716615638,COMPLETE
200,0.4841400086879731,2025-04-19 15:09:01.591168,2025-04-19 15:09:41.988892,0 days 00:00:40.397724,0.5965316076439148,0.2133700724668801,8,0.2501955587305088,0.06405561904329343,0.04430332209953796,0.07904595082172337,0.028866020765645803,0.07925474255741531,0.06670733436247595,27,40,0.03360395081444302,0.2621077208664459,True,False,False,0.00010022456028697092,COMPLETE
201,0.520790159702301,2025-04-19 15:09:42.052207,2025-04-19 15:10:22.612864,0 days 00:00:40.560657,0.5717286554394139,0.2424049220660766,8,0.2558683015914022,0.0725803667378239,0.042387738967015226,0.08139970615032063,0.0337276054551208,0.08150060824057642,0.03743067197069841,26,43,0.031207638731291405,0.2570766508787804,True,False,False,6.024792632104656e-05,COMPLETE
202,0.4890530347824097,2025-04-19 15:10:22.676996,2025-04-19 15:11:02.958894,0 days 00:00:40.281898,0.5770962491221592,0.25215669391012363,8,0.2569433339231386,0.05900926798314879,0.042046138957949133,0.08141085341089258,0.034013051098295555,0.08233423257097164,0.039803415078411945,26,47,0.03062233404619956,0.2667775142255066,True,False,False,0.0001430730119752709,COMPLETE
203,0.48539263010025024,2025-04-19 15:11:03.023398,2025-04-19 15:11:42.533324,0 days 00:00:39.509926,0.5310559253568805,0.23486413066221443,8,0.24792090645824116,0.051169341434744026,0.048680631118606044,0.08514625854659054,0.031776391926447704,0.08154109009913339,0.05410677103988841,25,42,0.037067681776578106,0.2598264646694973,True,False,False,7.391110481460669e-05,COMPLETE
204,0.4391356110572815,2025-04-19 15:11:42.597691,2025-04-19 15:12:23.091049,0 days 00:00:40.493358,0.5638033385413119,0.2768250184520992,8,0.2622226752177014,0.07197748952187796,0.0459322914763389,0.0873724835460822,0.027708438092105915,0.08516026636551156,0.0345080895700136,26,44,0.01638078558356137,0.25072007213614955,True,False,False,0.00010991578288999917,COMPLETE
205,0.502615249156952,2025-04-19 15:12:23.165738,2025-04-19 15:13:04.622538,0 days 00:00:41.456800,0.5589050553395757,0.3053117631590157,8,0.23633435559338054,0.06539692305055653,0.038928108845065625,0.0820191275683662,0.036325235362233456,0.07711178098314275,0.04730945901481508,28,37,0.03299534935430486,0.23428311302986793,True,False,False,4.627287131446047e-05,COMPLETE
206,0.45196063518524177,2025-04-19 15:13:04.687992,2025-04-19 15:13:49.755846,0 days 00:00:45.067854,0.5955096173694715,0.3348973744526966,8,0.2555949993207951,0.05584991487914145,0.04296516345687494,0.07760437178786475,0.03754800170334347,0.07958642422123972,0.058595881320761614,25,116,0.029421320221187847,0.2552349560300863,True,False,False,6.115247165469047e-05,COMPLETE
207,0.46748870611190796,2025-04-19 15:13:49.822015,2025-04-19 15:14:30.692569,0 days 00:00:40.870554,0.5422728809275293,0.24928379591817162,8,0.2427157332860265,0.07448734112673586,0.036250472114318553,0.08384536562287505,0.03356897034569361,0.07601657165823589,0.03926171000148738,26,54,0.03579371750312005,0.2429534872273807,True,False,False,8.314623347350804e-05,COMPLETE
208,0.4822013080120087,2025-04-19 15:14:30.758056,2025-04-19 15:15:11.965657,0 days 00:00:41.207601,0.5139806889000115,0.2671529915322363,8,0.15695539670839295,0.06308968612948915,0.04099907532799064,0.08058081356089777,0.03042420303542912,0.07090051603111806,0.06546053534220642,27,46,0.03127489929940913,0.23932257674837326,True,False,False,0.0001283625811620223,COMPLETE
209,0.2992026567459107,2025-04-19 15:15:12.032165,2025-04-19 15:15:58.206817,0 days 00:00:46.174652,0.48402617084435773,0.20445161094501216,8,0.25129528376601973,0.04881770005383365,0.044515597347824155,0.08559226259842559,0.03869013903048244,0.07330640194276294,0.04878247779136426,25,138,0.028245032293894044,0.24978810555277853,True,False,False,6.572776866583395e-05,COMPLETE
210,0.48724529743194583,2025-04-19 15:15:58.273820,2025-04-19 15:16:36.930158,0 days 00:00:38.656338,0.42407642225661524,0.23157274470390338,8,0.24578846923511463,0.0689858820278717,0.04739515070021202,0.08926482434816493,0.034923313902880115,0.08400476109442377,0.032705165578084346,24,39,0.025455938999353785,0.2257358373182145,True,False,False,9.876211337148799e-05,COMPLETE
211,0.36416550874710085,2025-04-19 15:16:36.996783,2025-04-19 15:17:17.357436,0 days 00:00:40.360653,0.5809393110009275,0.2258363878403631,8,0.2704082915594332,0.1419022804389555,0.03480774101048762,0.07496775640869285,0.025406057765574114,0.07492835448129313,0.02670340628630171,26,42,0.021394687086925462,0.25887793429451034,True,False,False,5.394709305686896e-05,COMPLETE
212,0.5047474145889282,2025-04-19 15:17:17.425053,2025-04-19 15:17:58.729199,0 days 00:00:41.304146,0.5334949925886575,0.24574256737092445,8,0.2625537625294568,0.07529649003890657,0.03873136920473191,0.08296612331990931,0.03143631762432534,0.07838108614281482,0.04176049211617575,27,49,0.02717782363593293,0.270781373473107,True,False,False,4.0378054825870676e-05,COMPLETE
213,0.514598798751831,2025-04-19 15:17:58.806705,2025-04-19 15:18:39.066855,0 days 00:00:40.260150,0.49508846018456404,0.2867879964362684,8,0.2557833899242198,0.05831704436144658,0.04250220093827581,0.08711877843212885,0.03279203118942412,0.07214273070187499,0.021588210024176577,26,43,0.041045242638092436,0.24407646706540786,True,False,False,5.61576108486955e-05,COMPLETE
214,0.5026180982589722,2025-04-19 15:18:39.136570,2025-04-19 15:19:18.891744,0 days 00:00:39.755174,0.552232809508864,0.20257922975121978,8,0.264857034640846,0.06597419531014972,0.04044031493597766,0.07943455941662683,0.041416861983201846,0.07393581234690005,0.03030808017552929,25,46,0.03053528176508054,0.2513647606641452,True,False,False,7.432117101105998e-05,COMPLETE
215,0.5211034297943116,2025-04-19 15:19:18.959990,2025-04-19 15:19:58.797355,0 days 00:00:39.837365,0.5179828910857477,0.26686672189638994,8,0.2361748853165698,0.07684747124608933,0.032584097913720765,0.08149202804543035,0.028380017739399084,0.07712961202311616,0.05119897307297258,26,43,0.024484160260810788,0.26329882238952346,True,False,False,3.534453491044346e-05,COMPLETE
216,0.47311236262321477,2025-04-19 15:19:58.865621,2025-04-19 15:20:39.275653,0 days 00:00:40.410032,0.5167804412426487,0.31478876588585847,8,0.22823998968872838,0.05375600734991477,0.032834045550747905,0.08220071709766832,0.02892561947052432,0.08083264147248892,0.05779043049140064,26,40,0.024203487484913685,0.26271812408066864,True,False,False,3.096562121347715e-05,COMPLETE
217,0.5103345870971681,2025-04-19 15:20:39.343500,2025-04-19 15:21:19.157398,0 days 00:00:39.813898,0.46535358500714985,0.2683431546809001,8,0.2216711862719335,0.07575697643604598,0.03762264765676123,0.08467856996925285,0.04658308563206375,0.07714951335031528,0.07924190161356913,25,50,0.026416082588181317,0.2649537044207911,True,False,False,4.5070704828415515e-05,COMPLETE
218,0.47581937313079836,2025-04-19 15:21:19.226460,2025-04-19 15:22:03.433220,0 days 00:00:44.206760,0.5079007589528152,0.3984602206681405,8,0.23421865202848743,0.04271639205244135,0.03581588188650241,0.08040877554880954,0.028660759369425512,0.07112479964690517,0.04908913414660918,27,85,0.012157457077234743,0.23255886771204942,True,False,False,0.00010997991181139661,COMPLETE
219,0.530427885055542,2025-04-19 15:22:03.503184,2025-04-19 15:22:42.927783,0 days 00:00:39.424599,0.5788956224010037,0.2878188975326409,8,0.24584742537182208,0.05861212796207177,0.04584624850663511,0.07617360924545954,0.034820320248167246,0.08164503831611607,0.06973945831156737,25,37,0.04948295490564494,0.2561348078093059,True,False,False,2.7217017726001718e-05,COMPLETE
220,0.48421090841293335,2025-04-19 15:22:43.007248,2025-04-19 15:23:22.680186,0 days 00:00:39.672938,0.6047058063336659,0.29887098833843745,8,0.2462559262648588,0.06751765650196966,0.0462703857490858,0.07684937610530597,0.035046824930454856,0.07775951465888395,0.07132918275301613,26,37,0.024178765577479028,0.2546381556798017,True,False,False,2.516776122466512e-05,COMPLETE
221,0.5227445244789124,2025-04-19 15:23:22.750168,2025-04-19 15:24:01.663142,0 days 00:00:38.912974,0.5637781678863527,0.2829149304095796,8,0.24006890565050734,0.0593635402473695,0.043952159247652556,0.07819411925942688,0.03289926246867136,0.08243300336531796,0.05584990821194958,25,44,0.028634285660442144,0.2778021517200476,True,False,False,3.2288681355724906e-05,COMPLETE
222,0.5000450730323791,2025-04-19 15:24:01.733745,2025-04-19 15:24:41.053435,0 days 00:00:39.319690,0.5764070878197034,0.2918380656087693,8,0.23958913446311153,0.058938392685524144,0.04950397157420892,0.07839341591436869,0.032742435420270825,0.08650857870628592,0.05554848879054594,25,44,0.04439768016652586,0.2785181266049265,True,False,False,2.7671052056239744e-05,COMPLETE
223,0.5036142110824585,2025-04-19 15:24:41.125811,2025-04-19 15:25:20.244328,0 days 00:00:39.118517,0.5517447551171701,0.3359083958447398,8,0.2519745494718426,0.06218407056710342,0.0448320329460388,0.07582109644580964,0.03625820774158594,0.08060102906367816,0.04325911819825376,25,47,0.02901149719701135,0.2699579409567756,True,False,False,3.629748435548625e-05,COMPLETE
224,0.44142744541168216,2025-04-19 15:25:20.315266,2025-04-19 15:26:00.803809,0 days 00:00:40.488543,0.5397709615851871,0.2682642712414067,8,0.24432171492464783,0.0697437438550352,0.043701259815426045,0.08071282767432914,0.03780854679413712,0.08411855324613728,0.08863445670264522,26,41,0.021596528900288056,0.2947936997068421,True,False,False,3.568112971234145e-05,COMPLETE
225,0.5172269582748413,2025-04-19 15:26:00.875292,2025-04-19 15:26:40.224396,0 days 00:00:39.349104,0.5619502910642149,0.3186899693539701,8,0.2580422434484391,0.07917881661749343,0.04193377278622361,0.0836828651762498,0.03406442865437432,0.0758841482260253,0.03716785247189071,25,37,0.03283441035920437,0.2875806158740267,True,False,False,8.40849010379692e-05,COMPLETE
226,0.12015099823474885,2025-04-19 15:26:40.296370,2025-04-19 15:27:07.800802,0 days 00:00:27.504432,0.5754776453167672,0.2828470803184677,16,0.23913343093470288,0.05482435234574778,0.04630198492428554,0.07333475944974244,0.031858400922669575,0.08209970277719078,0.06648631800231522,26,43,0.02595799238483272,0.24838163650919393,True,False,True,4.77362605759713e-05,COMPLETE
