number,value,datetime_start,datetime_complete,duration,params_alpha-eval,params_alpha-train,params_batch-size,params_eps-eval,params_eps-train,params_lambda-actions-eval,params_lambda-actions-train,params_lambda-frames-eval,params_lambda-frames-train,params_learning-rate,params_n-epochs,params_n-frames,params_radius-gw,params_rho,params_std-feats,params_ub-actions,params_ub-frames,params_weight-decay,state
1994,0.5502758145332336,2025-04-09 05:28:17.461734,2025-04-09 05:28:55.042502,0 days 00:00:37.580768,0.08872868130975484,0.2785021727374438,2,0.18681220883897695,0.14884623353758114,0.013916381955829239,0.025644514174336858,0.08683746079735204,0.07815395387521284,0.06497632439132742,5,66,0.01872443396719281,0.04583007855509617,True,False,False,4.7027699436516555e-06,COMPLETE
1995,0.5156752347946167,2025-04-09 05:28:55.706129,2025-04-09 05:29:36.970857,0 days 00:00:41.264728,0.0699874632637748,0.25906116359073916,2,0.19561259877900808,0.155310802937874,0.0119267175880053,0.022212212555546257,0.08389829333889616,0.07762573353060617,0.08216522865297436,6,71,0.01841360848875132,0.05669568951102663,True,False,False,4.523060016170309e-06,COMPLETE
1996,0.5125662565231324,2025-04-09 05:29:37.631524,2025-04-09 05:31:13.292451,0 days 00:01:35.660927,0.05974425051105711,0.2693948165957581,2,0.17249077833865245,0.16513734310881478,0.015367262024890992,0.022241050670462097,0.08522702871256865,0.0787739324806371,0.08588189564583122,23,70,0.02314838587875599,0.05412254418990342,True,False,False,5.392216220719522e-06,COMPLETE
1997,0.5117222905158997,2025-04-09 05:31:13.922215,2025-04-09 05:32:39.129532,0 days 00:01:25.207317,0.08316181420545639,0.255363874632276,2,0.18385793478733356,0.15134353841850576,0.013484737006780004,0.024522154305288653,0.08627190010440589,0.07838409948297688,0.07234945096261199,20,68,0.049468223870648705,0.047957796797034484,True,False,False,4.253851179910115e-06,COMPLETE
1998,0.5080384373664856,2025-04-09 05:32:39.783142,2025-04-09 05:33:23.839539,0 days 00:00:44.056397,0.03926928877682149,0.2710511108153332,2,0.185351911120875,0.16059533694189912,0.018128907428597782,0.025067222319095257,0.08380077360326973,0.07846271849100224,0.06708247556554614,7,75,0.015118960542503149,0.050067485683941336,True,False,False,6.21070280468039e-06,COMPLETE
1999,0.5269758462905885,2025-04-09 05:33:24.502087,2025-04-09 05:34:02.265425,0 days 00:00:37.763338,0.0802539788369799,0.2656235459120086,2,0.08039838256280989,0.14361886503438365,0.014967020004625008,0.02252987886914911,0.08343822539256136,0.0761498387364164,0.06764697215645359,5,72,0.020666378747586825,0.04742430777011043,True,False,False,3.1667288895703426e-06,COMPLETE
