number,value,datetime_start,datetime_complete,duration,params_alpha-eval,params_alpha-train,params_batch-size,params_eps-eval,params_eps-train,params_lambda-actions-eval,params_lambda-actions-train,params_lambda-frames-eval,params_lambda-frames-train,params_learning-rate,params_n-epochs,params_n-frames,params_radius-gw,params_rho,params_std-feats,params_ub-actions,params_ub-frames,params_weight-decay,state
512,0.09188934862613678,2025-04-08 12:49:49.381294,2025-04-08 12:50:20.388542,0 days 00:00:31.007248,0.3231222286188356,0.24824253716048975,8,0.2842819104288361,0.006054601134563775,0.09472707224873513,0.07689453576439287,0.03966213326423633,0.01921361697115817,0.0070451412656459145,17,29,0.03196806920748163,0.1993300370868803,True,False,False,1.4557874470501997e-07,COMPLETE
513,0.48396915197372437,2025-04-08 12:50:20.556260,2025-04-08 12:50:44.767711,0 days 00:00:24.211451,0.4047415992966153,0.26720364624745163,8,0.2674099116987384,0.02108078858389513,0.09612392089718269,0.01818221712524514,0.035478574407274456,0.0051541616876349325,0.005990062141716243,8,40,0.028343716275044187,0.18122580342134806,True,False,False,9.465808827991428e-08,COMPLETE
514,0.41208521723747255,2025-04-08 12:50:44.924751,2025-04-08 12:51:11.134395,0 days 00:00:26.209644,0.31813074504031424,0.23023013305104198,8,0.27689607867587,0.015444177734176204,0.0931603637558682,0.06795078056555434,0.042910800273833684,0.060487290879103206,0.008044167550227506,9,95,0.03437614096994566,0.1784398052348155,True,False,False,1.2398229030377823e-07,COMPLETE
515,0.5124808073043824,2025-04-08 12:51:11.304306,2025-04-08 12:51:43.749947,0 days 00:00:32.445641,0.3848365021587902,0.2523634189290491,8,0.28504099532570987,0.01201598301628386,0.05591429080885845,0.06345490623794992,0.03796782251169857,0.061465241007711155,0.006165560250687232,18,31,0.0374555324763766,0.1850549500871659,True,False,False,1.642026126376327e-07,COMPLETE
516,0.3824587404727936,2025-04-08 12:51:43.910266,2025-04-08 12:52:22.766023,0 days 00:00:38.855757,0.33367271214801214,0.28575205885454047,8,0.28762415301689537,0.18571647045723394,0.09857042502244406,0.0665394450927242,0.04079465730919219,0.060753997465838164,0.0070183849019662525,26,26,0.03628690254005693,0.1945231875804935,True,False,False,8.181463328387576e-08,COMPLETE
517,0.4061013817787171,2025-04-08 12:52:22.924368,2025-04-08 12:52:50.427556,0 days 00:00:27.503188,0.38854274801210054,0.2596622378713256,16,0.28308412676151506,0.007834538799148883,0.09719104022125256,0.0192098850880064,0.03873410782642178,0.06400407997427612,0.006253163974700881,23,30,0.030339908341161344,0.18804868586178447,True,False,False,2.141888015637908e-08,COMPLETE
518,0.09188934862613678,2025-04-08 12:52:50.598045,2025-04-08 12:53:26.982318,0 days 00:00:36.384273,0.3684478492382296,0.2860543291634782,8,0.28985034104368673,0.001002583014869397,0.05040933026635692,0.057922004220672785,0.018842788036487063,0.0620436393548051,0.009282636550602184,24,22,0.037992030257159824,0.18877052479728612,True,False,False,1.5178927879088733e-07,COMPLETE
519,0.09188934862613678,2025-04-08 12:53:27.141211,2025-04-08 12:54:00.239283,0 days 00:00:33.098072,0.3597684853910941,0.24896861708917115,8,0.2848692513971311,0.00017399171606989096,0.09483948644285699,0.07381780338623581,0.04580861143543341,0.06512272582479395,0.0056536383261170265,20,31,0.03409960509399338,0.17930019414092335,True,False,False,8.94855785704533e-08,COMPLETE
520,0.48456383347511295,2025-04-08 12:54:00.411327,2025-04-08 12:54:24.485476,0 days 00:00:24.074149,0.3909674418837741,0.27188366799151076,8,0.29377712465751854,0.019255752407279232,0.060159214511668384,0.06437706199667331,0.0368240803679204,0.0597535243173655,0.007738234348365589,8,28,0.036280880442208875,0.20372282817471388,True,False,False,1.0991957898677307e-07,COMPLETE
521,0.4245218455791474,2025-04-08 12:54:24.646026,2025-04-08 12:55:04.747473,0 days 00:00:40.101447,0.39614827960312055,0.2391641481139047,8,0.2806743922563463,0.030982260132258597,0.05397052835369476,0.07808384022406063,0.03407508760379511,0.06461148128700923,0.00532556952679217,28,36,0.032067526340447725,0.17612580535124,False,False,False,2.1669223054327953e-07,COMPLETE
522,0.5113948225975037,2025-04-08 12:55:04.907385,2025-04-08 12:55:41.139704,0 days 00:00:36.232319,0.4123070442001257,0.2995116322228889,8,0.28892012917578414,0.011554400837108628,0.09845554765901307,0.07174494966931434,0.038669655451199894,0.010860686146431356,0.0063383530045339215,22,32,0.038783101881092207,0.18652480381385916,True,False,False,7.172197421103526e-08,COMPLETE
523,0.4756626129150391,2025-04-08 12:55:41.311943,2025-04-08 12:56:24.677221,0 days 00:00:43.365278,0.4209615212912917,0.3016410894195667,8,0.2933644245228181,0.009425943070700089,0.09980768055278191,0.07081125806817341,0.040520693537510276,0.006540201905445381,0.006950147954655931,30,54,0.03464745620531039,0.19303149146537607,True,False,False,1.3410894782447203e-07,COMPLETE
524,0.41962641477584844,2025-04-08 12:56:24.838494,2025-04-08 12:56:55.046888,0 days 00:00:30.208394,0.4130825468809675,0.33174924552899887,8,0.28929895789024385,0.00907017587041961,0.0986013393633427,0.07210358973000032,0.038699240747737854,0.00980632820953077,0.008646862254001776,15,25,0.0376710530946919,0.18557430297322536,True,False,False,1.7701710879604588e-07,COMPLETE
525,0.1529269963502884,2025-04-08 12:56:55.220168,2025-04-08 12:57:24.581584,0 days 00:00:29.361416,0.41107932273032033,0.2903127814892295,8,0.2938818214842954,0.01408148623285273,0.0973296915969655,0.07304536358420752,0.04131848187295776,0.011116086820075017,0.001027412063858366,19,31,0.03579678815128835,0.1977670623130252,True,True,False,7.750759752129378e-08,COMPLETE
526,0.09188934862613678,2025-04-08 12:57:24.743362,2025-04-08 12:58:01.125965,0 days 00:00:36.382603,0.3764561766627566,0.2984586691526663,8,0.28804854092694687,0.004498454487805566,0.056760296346368366,0.06583273288984472,0.04296348673220054,0.006230503520879185,0.005097409670581363,24,27,0.0382983716249675,0.1853465982913172,True,False,False,1.0198087117548162e-07,COMPLETE
527,0.509752094745636,2025-04-08 12:58:01.287960,2025-04-08 12:58:42.797311,0 days 00:00:41.509351,0.34781637863480724,0.15588625378774063,8,0.2952620344424372,0.01812563617696633,0.09848500170089498,0.07079280001408529,0.03843653648489747,0.06162496579784964,0.0071879533200444245,29,33,0.03302019472455414,0.18058983890560115,True,False,False,2.962839198804346e-08,COMPLETE
528,0.09188934862613678,2025-04-08 12:58:42.970668,2025-04-08 12:59:53.612303,0 days 00:01:10.641635,0.38396762909770277,0.2689578744126738,2,0.2781215417275942,0.010860469178608185,0.09984618793721223,0.07653050905187049,0.0359671388157118,0.004483734615051596,0.00490656188687528,16,29,0.036222962577134914,0.18652133194225498,True,False,False,2.682876008579722e-07,COMPLETE
529,0.47249189615249637,2025-04-08 12:59:53.775899,2025-04-08 13:00:18.969396,0 days 00:00:25.193497,0.42053371581851284,0.20696322796326128,8,0.2852565970772126,0.01998947032837549,0.09576057466611164,0.06921530965580432,0.03688970410141422,0.012032638037804931,0.006357259776366728,9,37,0.03868514645251223,0.1920600760074022,True,False,False,1.2023547022841112e-07,COMPLETE
530,0.10914031565189361,2025-04-08 13:00:19.143740,2025-04-08 13:00:40.596851,0 days 00:00:21.453111,0.4032608007073188,0.3087068185804981,8,0.28935457368949025,0.013135178870557214,0.09705454271371657,0.07858541585284426,0.034070575985176564,0.059415039125130326,0.004929601802117737,8,24,0.04098036334191089,0.176240941158774,True,False,True,7.088505290963896e-08,COMPLETE
531,0.4537020683288574,2025-04-08 13:00:40.760102,2025-04-08 13:01:12.890782,0 days 00:00:32.130680,0.431856569066758,0.5688315519530528,8,0.279080753707112,0.11931543992329821,0.09522066982560283,0.07211901175941628,0.039882502723927696,0.06229905794562554,0.006120597305302146,18,32,0.03399119772844231,0.20052893452145368,True,False,False,4.3033666065296335e-05,COMPLETE
532,0.46939670443534853,2025-04-08 13:01:13.066373,2025-04-08 13:01:52.464089,0 days 00:00:39.397716,0.36415215544654056,0.27926848547303457,8,0.27418693789962484,0.022678406929691263,0.09374421715066171,0.07589391253659446,0.03836652395550861,0.05824601130830081,6.184598360729185e-05,27,28,0.03730306143370741,0.1719088864253152,True,False,False,1.5492514412281765e-07,COMPLETE
533,0.09188934862613678,2025-04-08 13:01:52.637056,2025-04-08 13:02:26.892479,0 days 00:00:34.255423,0.4074298476335713,0.2446450193077012,8,0.16195688123371133,0.004695581622359118,0.06892826301808694,0.0548229305180475,0.04435679393195598,0.06177672817849789,0.004398411147680235,21,34,0.030538054862055027,0.18192388726008302,True,False,False,9.43298067367383e-08,COMPLETE
534,0.5063022732734681,2025-04-08 13:02:27.057041,2025-04-08 13:03:02.416963,0 days 00:00:35.359922,0.4404341399182755,0.3279463817584765,8,0.0962465368285447,0.015547795153687077,0.03992783858634815,0.06369756415002605,0.03538833610520991,0.05974879031964688,0.004401154161575614,21,31,0.0393663279384144,0.1872362704292267,True,False,False,2.002414947479752e-07,COMPLETE
535,0.44794645309448244,2025-04-08 13:03:02.590277,2025-04-08 13:03:38.808604,0 days 00:00:36.218327,0.3932194143330274,0.17771231697492973,8,0.295748560600643,0.022450384727743525,0.09722580639999844,0.07555414585167049,0.032825848669240834,0.05720332062619592,0.009811778720458525,22,39,0.04391533023212673,0.19359921572860894,True,False,False,4.9236191742394656e-08,COMPLETE
536,0.09188934862613678,2025-04-08 13:03:38.972776,2025-04-08 13:04:09.997061,0 days 00:00:31.024285,0.3792162050196685,0.20877199405656507,8,0.283267974286516,0.009241973560433943,0.06216636955470532,0.07425541325594066,0.0409812321869941,0.008497440165304085,0.005709683196299319,17,29,0.03514604725995399,0.17636835653397404,True,False,False,4.130937887066501e-08,COMPLETE
537,0.4748247623443604,2025-04-08 13:04:10.172974,2025-04-08 13:04:38.578759,0 days 00:00:28.405785,0.4251328820871257,0.23231020255015056,8,0.2903101525530033,0.018145435053981827,0.09542356161518453,0.0629096997091474,0.03714292075552081,0.0632958312371957,0.00010027074103654573,13,36,0.047501908610869045,0.17130281069697423,True,False,False,4.894877000166492e-06,COMPLETE
538,0.5073382019996644,2025-04-08 13:04:38.743855,2025-04-08 13:05:04.041060,0 days 00:00:25.297205,0.3383542081344976,0.28223425328428214,8,0.299994542870682,0.012549412400177732,0.09341613970531568,0.0665717969949337,0.03424424116234458,0.06003833210408019,0.0018279776354113261,9,32,0.04133186957423789,0.1792133526123871,True,False,False,1.2169437978919786e-07,COMPLETE
539,0.4004745066165924,2025-04-08 13:05:04.206863,2025-04-08 13:05:29.299715,0 days 00:00:25.092852,0.45566645451021004,0.25928855030423587,16,0.2796135252294683,0.024849890050672434,0.09599435782445258,0.06800894695359108,0.08867319123638129,0.029157493975532814,0.007955346228338194,17,25,0.037012475947780496,0.18907179033472657,True,False,False,3.0725485374999023e-06,COMPLETE
540,0.09188934862613678,2025-04-08 13:05:29.476056,2025-04-08 13:06:00.291532,0 days 00:00:30.815476,0.4420627273614179,0.22335864958803353,8,0.28773151154810994,0.005575727492387262,0.09855759709927207,0.06507778054424766,0.038806465760499585,0.007953157498083103,0.005061794416083699,18,35,0.03313178498659217,0.1827658765331108,False,False,False,8.052049556033426e-08,COMPLETE
541,0.5038570046424866,2025-04-08 13:06:00.460186,2025-04-08 13:06:39.157034,0 days 00:00:38.696848,0.3963662045618349,0.30233544602369333,8,0.27257894867881965,0.017227253771682518,0.022309884808029624,0.08261658845788764,0.03593459537277619,0.017246582664617108,0.0023048455475812527,26,30,0.03886254934378739,0.17181267086941618,True,False,False,1.5153612836996089e-07,COMPLETE
542,0.405643379688263,2025-04-08 13:06:39.333794,2025-04-08 13:07:17.940994,0 days 00:00:38.607200,0.42958229104501205,0.2481035686309038,8,0.10549866060149218,0.20469731406485017,0.09361149998298368,0.015009094814188623,0.03310752620775567,0.0023889163765293585,0.004169545364786485,25,22,0.03197891916004788,0.19607057844854708,True,False,False,6.028184001027234e-08,COMPLETE
543,0.4008748292922974,2025-04-08 13:07:18.108628,2025-04-08 13:07:42.377053,0 days 00:00:24.268425,0.46031867283783645,0.27877107820258706,8,0.28368399194780286,0.14564116371133534,0.09989783289620509,0.016131770104030767,0.041689573091266016,0.030468079483739863,0.006837986698397434,8,27,0.035014493287618145,0.21084209134315057,True,False,False,3.208123515483726e-08,COMPLETE
544,0.509217631816864,2025-04-08 13:07:42.556589,2025-04-08 13:08:16.461372,0 days 00:00:33.904783,0.35889127983833136,0.20222761869458272,8,0.26466235456735143,0.024320522988023622,0.03597828751772342,0.07868354172782491,0.03662977773655298,0.0029554468107951468,0.003962958661531777,20,33,0.03977139012436616,0.18146631484454204,True,False,False,3.595457636001623e-07,COMPLETE
545,0.1399739056825638,2025-04-08 13:08:16.628000,2025-04-08 13:08:39.156036,0 days 00:00:22.528036,0.41410353062458377,0.2278980940754727,8,0.292204037025748,0.0006710866371453673,0.09575292762503755,0.0817147068169801,0.03085352638494861,0.06492350718274491,0.005604975265242524,9,41,0.04246497699998009,0.17491014464817525,True,True,False,2.1838919239427302e-07,COMPLETE
546,0.46885069608688357,2025-04-08 13:08:39.324681,2025-04-08 13:09:05.071943,0 days 00:00:25.747262,0.26931438428066196,0.4962448018718868,8,0.2770398344421525,0.04382155537085568,0.09720753623639342,0.0591894005441809,0.0393259326695911,0.058166148444296226,0.003013182361705008,10,38,0.0370761749901567,0.19083376271945077,True,False,False,1.0229294225434373e-07,COMPLETE
547,0.45832574367523193,2025-04-08 13:09:05.251236,2025-04-08 13:09:38.203365,0 days 00:00:32.952129,0.4733600494177053,0.26160550107811814,8,0.07243339345541941,0.16754936775126533,0.09361769413196559,0.0623862279735601,0.03460134488373134,0.06327666973049449,0.004333667129550993,19,35,0.03572083743167734,0.16827116898438038,True,False,False,4.913129649889347e-08,COMPLETE
548,0.5047654509544373,2025-04-08 13:09:38.371812,2025-04-08 13:10:05.098473,0 days 00:00:26.726661,0.3742039294400193,0.24979981228879852,8,0.1985369443991892,0.03196556496761159,0.09205312209055255,0.0867713452946674,0.03254490869672442,0.01497845383010829,0.002466891116584945,11,30,0.04040125900558773,0.18433565308468702,True,False,False,1.7297112024800392e-07,COMPLETE
549,0.0981264963746071,2025-04-08 13:10:05.278617,2025-04-08 13:10:32.408783,0 days 00:00:27.130166,0.4484221611985089,0.2990713201378652,8,0.2945864967456791,0.012604342482898687,0.0636836105782232,0.07959665920602989,0.047630427061278124,0.0026180190212899746,0.004760129274559036,16,27,0.0447754961367206,0.2006027981713887,True,False,True,2.311726323120257e-08,COMPLETE
550,0.5211111545562744,2025-04-08 13:10:32.576523,2025-04-08 13:12:03.571042,0 days 00:01:30.994519,0.39950780599245495,0.1893022421651631,2,0.03221955056931447,0.017461046043325004,0.09476259612617566,0.07490305168754119,0.04291548192020389,0.06095248188298165,0.003455510240865247,22,33,0.03744880026581504,0.17562638903458933,True,False,False,6.96144226025266e-08,COMPLETE
551,0.09188934862613678,2025-04-08 13:12:03.751391,2025-04-08 13:13:36.232487,0 days 00:01:32.481096,0.39163393486371184,0.40598486217961083,2,0.026296859335758233,0.008796180845705544,0.09751232788335906,0.07604151558236677,0.043417464380447315,0.061167730413006376,0.0019120402602371084,23,32,0.033917513549659495,0.1758388478754328,True,False,False,6.813404152583939e-08,COMPLETE
552,0.40462157130241394,2025-04-08 13:13:36.403467,2025-04-08 13:15:07.849775,0 days 00:01:31.446308,0.4098140839779431,0.15479780118086262,2,0.295727491042518,0.017423004563810383,0.09482442891144735,0.07419381885748486,0.04523708262494335,0.06628880807941138,0.003184392571918718,22,28,0.03228916550594504,0.1695459018385546,True,False,False,7.986182643481159e-08,COMPLETE
553,0.4609350085258484,2025-04-08 13:15:08.031440,2025-04-08 13:16:44.628312,0 days 00:01:36.596872,0.3763085048853947,0.19247201203330228,2,0.2876947579195285,0.012607068396913237,0.09662051335611993,0.07385907446954337,0.04243006334529105,0.012834344098566798,0.0015141498323763619,24,25,0.08800560232735519,0.18521265979654275,True,False,False,5.461349704308575e-08,COMPLETE
554,0.4178229570388794,2025-04-08 13:16:44.798283,2025-04-08 13:18:02.846439,0 days 00:01:18.048156,0.41786068730746284,0.1728538962217648,2,0.28933285958889815,0.02130640104289978,0.09436507761813895,0.07404079588128269,0.05054255896857234,0.0635618985302452,0.002250796049849948,18,31,0.029860896275782655,0.17679875734590955,True,False,False,4.078330045071989e-08,COMPLETE
555,0.30914283990859986,2025-04-08 13:18:03.016767,2025-04-08 13:19:10.767506,0 days 00:01:07.750739,0.36213525494523274,0.3201793785090714,2,0.08209339022638827,0.2202791819887412,0.09821513918600401,0.07902482611835414,0.04070257837306301,0.06090523670621983,0.0027270712697968127,14,115,0.036581128956156596,0.16571383455415412,True,False,False,9.92634078534635e-08,COMPLETE
556,0.09188934862613678,2025-04-08 13:19:10.948801,2025-04-08 13:19:40.257659,0 days 00:00:29.308858,0.3989247933033185,0.2760033045126176,16,0.2996749480150339,0.007595236015824246,0.09574926156017165,0.0754873811378993,0.042495331245161236,0.06844549150431803,0.003480896971491228,28,36,0.04192691572333368,0.18119632966903854,True,False,False,7.069841834174485e-08,COMPLETE
557,0.4144665598869324,2025-04-08 13:19:40.429040,2025-04-08 13:21:13.435732,0 days 00:01:33.006692,0.432783295105319,0.24385677193293723,2,0.14180451980486186,0.015863171307974752,0.09343415542808219,0.0777716706205307,0.03961009945634655,0.06522097078240895,0.0063119452738934125,23,12,0.038317635553469113,0.19078672544907982,True,False,False,1.2745207070548097e-07,COMPLETE
558,0.48596559762954716,2025-04-08 13:21:13.618578,2025-04-08 13:22:09.673735,0 days 00:00:56.055157,0.3357331622295989,0.28717265874975245,2,0.28320267992687,0.10978320859965715,0.09666943103577796,0.07101484548689213,0.044429922349422266,0.025865708238978626,0.008277431077176883,11,33,0.03474144816685791,0.17146639958894397,True,False,False,8.814353335407905e-08,COMPLETE
559,0.3925364434719086,2025-04-08 13:22:09.844368,2025-04-08 13:23:03.114260,0 days 00:00:53.269892,0.4108346495943529,0.2687729469912564,2,0.2942015092013381,0.26999079267018267,0.09242732568726358,0.0765252611104462,0.03789641434166946,0.06226760056268129,0.003739580967561777,10,38,0.037417571940890404,0.1795267147757968,True,False,False,5.136591439374349e-08,COMPLETE
560,0.4289472043514252,2025-04-08 13:23:03.301038,2025-04-08 13:24:02.284389,0 days 00:00:58.983351,0.4306376389414098,0.2244354057559726,2,0.28527905097304307,0.02484242945985351,0.09847535621046674,0.004495043035836572,0.04067502393902065,0.05889602805385687,0.005077544222388342,12,30,0.04006376526032507,0.16398454457039163,False,False,False,6.24564925001061e-08,COMPLETE
561,0.09188934862613678,2025-04-08 13:24:02.455039,2025-04-08 13:25:33.133490,0 days 00:01:30.678451,0.38470078875126745,0.1938752461016118,2,0.29015425756954444,0.00026964615447779006,0.09494052514006247,0.06075660027833018,0.03813584883835814,0.0661437226983253,0.0027436257652374858,22,28,0.042912745805303264,0.18743415616265965,True,False,False,3.996910314597959e-08,COMPLETE
562,0.49363036155700685,2025-04-08 13:25:33.306525,2025-04-08 13:26:58.000435,0 days 00:01:24.693910,0.3905589197492519,0.24718389465207846,2,0.03437739829058398,0.017922758746003697,0.09357995808872034,0.08001686352618499,0.03696031201630849,0.06356343091810979,0.0032110263240586107,20,45,0.035248442950642604,0.17335391671820086,True,False,False,1.2247778846660546e-07,COMPLETE
563,0.1607401728630066,2025-04-08 13:26:58.184533,2025-04-08 13:27:21.255958,0 days 00:00:23.071425,0.3602434620067163,0.36459647795599043,8,0.2997426736319416,0.010293995447503777,0.09977756652465436,0.07102748101166774,0.04157557886030463,0.06082380073203576,0.006428547645396765,10,34,0.03205296862785842,0.17956355061366022,True,True,False,2.501959639292441e-07,COMPLETE
564,0.38128563165664675,2025-04-08 13:27:21.429060,2025-04-08 13:27:47.382398,0 days 00:00:25.953338,0.45314805918991535,0.4696377029927887,8,0.28088603491508024,0.24457380269564583,0.07985221362720653,0.017260065647714942,0.03945061529324912,0.07381374961419507,1.8107482620968497e-05,10,20,0.02896092376637726,0.2073268556439241,True,False,False,8.05527927071325e-08,COMPLETE
565,0.36009185910224917,2025-04-08 13:27:47.569537,2025-04-08 13:28:13.805077,0 days 00:00:26.235540,0.42614109563174596,0.3137744707921252,8,0.010133829213406727,0.021415376985299942,0.09182183027225034,0.006789644388502586,0.03549624890784107,0.05867295100326466,0.010507384334491126,11,25,0.026140328943265755,0.1937827663417083,True,False,False,1.4901523429939694e-07,COMPLETE
566,0.5022470831871033,2025-04-08 13:28:13.980650,2025-04-08 13:28:49.387237,0 days 00:00:35.406587,0.31092653287853733,0.35091323321269424,8,0.15214240062183637,0.027156164188659952,0.09675842436449306,0.051802371218108094,0.037923329312271624,0.06255944685879286,0.0048340767524593965,21,31,0.04637323127194048,0.1654104026777755,True,False,False,1.0789492458198509e-07,COMPLETE
567,0.36421512961387636,2025-04-08 13:28:49.572693,2025-04-08 13:29:24.110371,0 days 00:00:34.537678,0.4031562263915711,0.17334660841285787,8,0.12500922405014783,0.006020730313141105,0.09509730872244253,0.018215256202603947,0.03993480022283657,0.07007643184554413,0.0036830660787524694,25,37,0.036266625249338096,0.17108235497014243,True,False,True,2.7441076908849576e-08,COMPLETE
568,0.4484987318515778,2025-04-08 13:29:24.285678,2025-04-08 13:29:50.040555,0 days 00:00:25.754877,0.46584033941485414,0.2921652544328756,8,0.2902180639574229,0.0153793465604159,0.0926710375417447,0.0752262854654246,0.043120193544658944,0.06777240653197537,0.0021059596076581,9,41,0.04045259558441223,0.18608796851770584,True,False,False,6.810121670357902e-08,COMPLETE
