number,value,datetime_start,datetime_complete,duration,params_alpha-eval,params_alpha-train,params_batch-size,params_eps-eval,params_eps-train,params_lambda-actions-eval,params_lambda-actions-train,params_lambda-frames-eval,params_lambda-frames-train,params_learning-rate,params_n-epochs,params_n-frames,params_radius-gw,params_rho,params_std-feats,params_ub-actions,params_ub-frames,params_weight-decay,state
284,0.4922207713127137,2025-04-08 11:06:01.276238,2025-04-08 11:06:25.353351,0 days 00:00:24.077113,0.5743006436921936,0.3234206086631377,8,0.2689749781665883,0.021372174703745535,0.014694167676810605,0.020198706593930537,0.022589991766921485,0.04703868985408404,0.0015081781087976098,8,33,0.03768530522804212,0.12672038946254638,True,False,False,1.4259599786095823e-07,COMPLETE
285,0.38793551325798037,2025-04-08 11:06:25.442093,2025-04-08 11:06:51.224153,0 days 00:00:25.782060,0.5977811777945766,0.245732791520343,8,0.28992887768696624,0.013575426774375138,0.08737979159139968,0.016624086017133454,0.032953195318228226,0.04339591683278209,0.0031907392824801896,10,24,0.03226780537154055,0.1741987751462106,True,False,False,2.428607554930893e-07,COMPLETE
286,0.40127934813499455,2025-04-08 11:06:51.313133,2025-04-08 11:07:16.124053,0 days 00:00:24.810920,0.550103587830941,0.2805567866524037,8,0.2626391114057489,0.041619172061511424,0.006942900062368654,0.012423450400069598,0.035769550533265825,0.05212048534811422,0.004055612617155764,9,31,0.0408563476261113,0.14708256407388529,False,False,False,1.0499118818589255e-07,COMPLETE
287,0.44560766816139225,2025-04-08 11:07:16.214486,2025-04-08 11:07:43.020539,0 days 00:00:26.806053,0.4076113809303953,0.22649908112396872,8,0.28311211541138165,0.03219248324399812,0.09165059677789107,0.009904095976835824,0.02835619554762902,0.05675283732968102,0.0023048349623749275,11,39,0.036696573700031376,0.1642299445867825,True,False,False,7.19056947143171e-08,COMPLETE
288,0.4893390834331513,2025-04-08 11:07:43.120232,2025-04-08 11:08:16.090195,0 days 00:00:32.969963,0.6210736966795042,0.26197295218587185,8,0.2758979293271214,0.024834003560774837,0.09638347351985135,0.014803081194602141,0.04088698426127961,0.0489412460837349,0.006455395474025773,19,27,0.0447252742445072,0.10581547828967354,True,False,False,3.547447475646906e-07,COMPLETE
289,0.17275872230529787,2025-04-08 11:08:16.180964,2025-04-08 11:08:39.296444,0 days 00:00:23.115480,0.5075022501083378,0.3021798514145454,8,0.29447043360757796,0.007329817235364321,0.0895906045247934,0.01904822473849028,0.03769522478730858,0.053811487884278274,0.004806149200677819,10,35,0.039089933149775616,0.13619741148524891,True,True,False,3.585372163175882e-08,COMPLETE
290,0.5115235209465028,2025-04-08 11:08:39.387940,2025-04-08 11:09:04.581427,0 days 00:00:25.193487,0.6644560313386262,0.2413489486338397,8,0.2997962315682606,0.015157660005671618,0.09421371529555445,0.017163580953129448,0.03127596758578527,0.04575284796427006,0.002849205241966327,9,32,0.03377939635606224,0.15652099326130967,True,False,False,5.491087491680424e-08,COMPLETE
291,0.09188934862613678,2025-04-08 11:09:04.673803,2025-04-08 11:09:27.186924,0 days 00:00:22.513121,0.6799852784815682,0.2382063181961011,16,0.2950018161572617,0.013494759712771216,0.0942373918954427,0.022892931445645637,0.03255900906098676,0.05018101863916566,0.0018359898108485423,9,109,0.03352262270373569,0.15643106607581905,True,False,False,5.41043663751855e-08,COMPLETE
292,0.09188934862613678,2025-04-08 11:09:27.277947,2025-04-08 11:09:51.554007,0 days 00:00:24.276060,0.6605709202591499,0.2046580502742124,8,0.2977652077042485,0.0037979604188639604,0.09262364414626725,0.01162293799222848,0.03493742343117295,0.046113859639315864,0.002817211828443777,9,28,0.031632135873964976,0.14413806989238787,True,False,False,4.372509149814483e-08,COMPLETE
293,0.49056074619293216,2025-04-08 11:09:51.655564,2025-04-08 11:10:15.702242,0 days 00:00:24.046678,0.42916206927806355,0.18299195717284156,8,0.2647065079914836,0.01749348300911409,0.08984339466974174,0.015553986972399882,0.03125201738304492,0.04801417808411897,0.0024464945230050815,8,31,0.03461016277780262,0.1517773006805103,True,False,False,6.426787931150722e-08,COMPLETE
294,0.12387981414794923,2025-04-08 11:10:15.793620,2025-04-08 11:10:38.453969,0 days 00:00:22.660349,0.6433125809845481,0.22053619604420527,8,0.2804569710112012,0.01197754697369214,0.09516805610626203,0.0200200535498671,0.03865080325465853,0.052112723799599504,0.003900578192535638,9,36,0.029121473902651268,0.1317691480598762,True,False,True,0.0005533750316859304,COMPLETE
295,0.4011923789978028,2025-04-08 11:10:38.547661,2025-04-08 11:11:04.750780,0 days 00:00:26.203119,0.6910427141182018,0.24132626731806286,8,0.29962341101436873,0.029192935311015925,0.08573586052007977,0.01404899465066949,0.0304078345836831,0.05613130374430783,0.0032841774457044058,10,23,0.036677129791467956,0.1191603802988316,True,False,False,0.0001937161928619463,COMPLETE
296,0.458856213092804,2025-04-08 11:11:04.843566,2025-04-08 11:11:30.173970,0 days 00:00:25.330404,0.38778707310362237,0.2612742857922661,8,0.27468298237793004,0.03619890423982196,0.012185980555940126,0.01684092832212953,0.034098483495465834,0.05039849133473998,0.005465115648587216,9,41,0.04292850679506838,0.13996812445806306,True,False,False,1.6718572441558174e-07,COMPLETE
297,0.5104124903678895,2025-04-08 11:11:30.266435,2025-04-08 11:11:56.913682,0 days 00:00:26.647247,0.4660794112141584,0.2784181248434105,8,0.28997549744642986,0.019127087636284446,0.09204603241796848,0.009227410697927076,0.0361284711037864,0.06660842431338457,0.004307304850468399,11,29,0.03498397968270191,0.12646220223896312,True,False,False,4.924451777007484e-08,COMPLETE
298,0.3251508355140686,2025-04-08 11:11:57.015967,2025-04-08 11:12:23.958823,0 days 00:00:26.942856,0.4600208827893564,0.22430926079591063,8,0.2842460368052695,0.01808614799694317,0.09155296403906081,0.010078311353942096,0.037762911136032404,0.06879394104181313,0.0043159308816911575,11,26,0.03192483045070866,0.1123618157990815,True,False,False,3.263483452274609e-08,COMPLETE
299,0.32999594211578376,2025-04-08 11:12:24.051581,2025-04-08 11:12:48.404042,0 days 00:00:24.352461,0.4722737893071686,0.763689312785621,8,0.27006828052133824,0.009615293762030176,0.0883103960131896,0.02112948901739605,0.03619177956661551,0.06612716011066258,0.006949360707408478,8,30,0.027119868760275948,0.12451303756462281,True,False,False,6.420678764593508e-06,COMPLETE
300,0.09188934862613678,2025-04-08 11:12:48.498290,2025-04-08 11:13:12.697475,0 days 00:00:24.199185,0.4398044026649383,0.25384656263370664,8,0.2888130316109463,0.003554529746573226,0.02097563507787345,0.05038203840444229,0.03305001843290816,0.0577536896751546,0.0048373090643018,7,120,0.0344792587432965,0.15770933016108213,True,False,False,5.426094524392704e-08,COMPLETE
301,0.3963136911392212,2025-04-08 11:13:12.790558,2025-04-08 11:14:03.027412,0 days 00:00:50.236854,0.49501546713656824,0.2765560202076962,2,0.2788203634554465,0.1444255927605963,0.09299931730663355,0.018795520557403616,0.04015331113090463,0.06539101831068396,0.003662084059590082,9,28,0.030607084237648345,0.1497772513416565,True,False,False,4.210868057318442e-08,COMPLETE
302,0.5117938399314881,2025-04-08 11:14:03.120682,2025-04-08 11:14:44.595277,0 days 00:00:41.474595,0.5209957814244883,0.20274073238601933,8,0.27298942486939026,0.02075186051641921,0.09813145375199649,0.01156093750281787,0.03525584392122033,0.0669906226485883,0.002796949257081132,29,32,0.035453466659865956,0.1635373700472189,True,False,False,7.250725476291908e-08,COMPLETE
303,0.4169457316398621,2025-04-08 11:14:44.698433,2025-04-08 11:15:26.643523,0 days 00:00:41.945090,0.5257388961297981,0.1783492953145961,8,0.262096671210613,0.021063087910183673,0.09840598586499284,0.008413927558240148,0.035381000633538516,0.06817240075281643,0.0027652405336043052,30,25,0.036894820476306364,0.17047457559652893,True,False,False,7.596799657120998e-08,COMPLETE
304,0.4415574729442597,2025-04-08 11:15:26.737954,2025-04-08 11:16:07.411998,0 days 00:00:40.674044,0.5143038418801046,0.20267965613810443,8,0.27045742256750394,0.029506012068033317,0.09411248506513621,0.008845324057871477,0.04270955693820001,0.06705720992970968,0.0031076186021402634,28,36,0.01736266000681464,0.16190420132544164,True,False,False,6.606553535999171e-08,COMPLETE
305,0.40661402940750124,2025-04-08 11:16:07.505696,2025-04-08 11:16:34.268620,0 days 00:00:26.762924,0.5438135946193697,0.19878418638111817,8,0.2740794140664823,0.020618558371044624,0.09029862450582056,0.011366708170249549,0.03671510145370552,0.06050350028031652,0.0024715268088961974,11,29,0.03333453670195461,0.1751612635369707,True,False,False,1.243113660188541e-07,COMPLETE
306,0.3090520739555359,2025-04-08 11:16:34.365621,2025-04-08 11:16:59.762177,0 days 00:00:25.396556,0.5611716483195583,0.2197313971226689,8,0.13168520899512945,0.04172053033586258,0.09829149400286903,0.012803217191441812,0.03447453634982932,0.053787021765797166,0.0035446214679826934,10,33,0.03483810945347514,0.12784888503997044,False,False,False,8.337016826697064e-08,COMPLETE
307,0.38384142518043524,2025-04-08 11:16:59.866927,2025-04-08 11:17:24.846414,0 days 00:00:24.979487,0.5313534738442443,0.3529148533899387,8,0.2891334471796647,0.016176777302937793,0.09990374168658062,0.008323089286469496,0.03915177302589871,0.0664496048701885,0.005372440079375857,9,19,0.03744461191342957,0.1647735187830319,True,False,False,5.773520408877853e-08,COMPLETE
308,0.4950642704963684,2025-04-08 11:17:24.942141,2025-04-08 11:18:06.294564,0 days 00:00:41.352423,0.48124593913559405,0.3320751394043673,8,0.26547478330598573,0.03321992141682725,0.09563788688727509,0.09754653807964964,0.03198818850531707,0.06867592630390497,0.0018297982540920036,29,31,0.041416232174540275,0.180955897923994,True,False,False,1.0056095022490858e-07,COMPLETE
309,0.12282300293445587,2025-04-08 11:18:06.389939,2025-04-08 11:18:29.398495,0 days 00:00:23.008556,0.7079589093393793,0.24028847892679894,8,0.28380258788023405,0.0244280778619615,0.09204211506044109,0.01171709953969305,0.03718622579056052,0.0640550199506828,0.003061281145965114,10,39,0.03244338764431384,0.11702118640951496,True,True,False,7.664345986774852e-08,COMPLETE
310,0.4248251557350159,2025-04-08 11:18:29.494566,2025-04-08 11:18:56.606246,0 days 00:00:27.111680,0.5104980785057758,0.28592427050336927,8,0.27532141475966837,0.010707853183608982,0.08805032838475907,0.015172245259333923,0.03398856738554668,0.05267187804242628,0.0012538163325388012,11,27,0.03607535569247109,0.15743393863387437,True,False,False,4.965296689366533e-08,COMPLETE
311,0.4990199685096741,2025-04-08 11:18:56.701527,2025-04-08 11:19:21.103116,0 days 00:00:24.401589,0.57116405857903,0.263367771300723,8,0.28234189202198406,0.017914847909630854,0.09398655942500674,0.024280610669933627,0.03569901874834678,0.056186958459879636,0.004199777868877943,8,35,0.03877537341726027,0.16765772880234486,True,False,False,1.2449693353812726e-07,COMPLETE
312,0.393539971113205,2025-04-08 11:19:21.210389,2025-04-08 11:19:47.178904,0 days 00:00:25.968515,0.5485276176848485,0.31713373140417883,8,0.29000302462166505,0.027742809078473523,0.09703526782448849,0.0218801296861982,0.04077755982258084,0.050007942113636315,0.0025790728555928617,10,22,0.02925769280015212,0.13709621860063856,True,False,False,7.104321425862667e-08,COMPLETE
313,0.11465181708335878,2025-04-08 11:19:47.275553,2025-04-08 11:20:06.579695,0 days 00:00:19.304142,0.5277823493207269,0.2212378070188687,16,0.2683484620822586,0.03693619457299225,0.0907906279366054,0.013771554502000107,0.032032806079180125,0.008976020703508024,0.0036205058538042916,9,30,0.034562561224198256,0.1227897991828125,True,False,True,9.371207189162282e-08,COMPLETE
314,0.5110284566879273,2025-04-08 11:20:06.677854,2025-04-08 11:20:32.595505,0 days 00:00:25.917651,0.49120534235664354,0.2508900938243964,8,0.2777032619163672,0.022636232296147984,0.09531989886970266,0.01082378653481935,0.03767422662487257,0.05925775131226935,0.006242100581838325,10,33,0.0414426509015197,0.14707742592162154,True,False,False,1.5425589132625602e-07,COMPLETE
315,0.4345786809921265,2025-04-08 11:20:32.693567,2025-04-08 11:21:07.112487,0 days 00:00:34.418920,0.4974195366191503,0.2881773906810806,8,0.2883548986546833,0.023422128296485697,0.09998630460874747,0.010952351615943266,0.03779010377723172,0.05567859786719607,0.0021651202122047325,20,44,0.04317092819392097,0.1601919879708901,True,False,False,1.5327970716577258e-07,COMPLETE
316,0.4857165813446045,2025-04-08 11:21:07.220416,2025-04-08 11:21:34.003589,0 days 00:00:26.783173,0.48691149374333376,0.2411305280950661,8,0.2788932280030993,0.03207500025205791,0.09699504081852697,0.007708850500725292,0.043797451694006416,0.058126535252732786,0.004495466742536572,11,37,0.046882964868838986,0.17630426325006593,True,False,False,1.9000928608405965e-07,COMPLETE
317,0.5106312394142152,2025-04-08 11:21:34.102340,2025-04-08 11:22:00.099818,0 days 00:00:25.997478,0.46031742576093665,0.2666615942808937,8,0.28494322761574675,0.02117090276759992,0.09546374546478763,0.009705790560083579,0.0388316109430501,0.05352325037721695,0.002933062306883238,10,34,0.04108486353424865,0.18547369394849939,True,False,False,1.2832284540997416e-07,COMPLETE
318,0.5226231336593629,2025-04-08 11:22:00.199000,2025-04-08 11:22:24.961670,0 days 00:00:24.762670,0.4664619547426464,0.25900811119646533,8,0.29933796022879566,0.01979324426942345,0.09479109215814627,0.009688390760013857,0.03917426142406282,0.05425073249931324,0.003116120416795048,9,34,0.04131138328102387,0.18703029724604683,True,False,False,1.381004686069415e-07,COMPLETE
319,0.47000474333763126,2025-04-08 11:22:25.062067,2025-04-08 11:22:59.940874,0 days 00:00:34.878807,0.46243890663126,0.2627116935145629,8,0.2979741095720894,0.0178340419616239,0.09504769100372167,0.00951278936939934,0.04093163764557896,0.059356937124703274,0.002854385119755535,21,39,0.0435560247468336,0.1782212733961973,True,False,False,1.542072375036621e-07,COMPLETE
320,0.40788206458091736,2025-04-08 11:23:00.053049,2025-04-08 11:23:24.377996,0 days 00:00:24.324947,0.4672343786516821,0.30130862111493867,8,0.29328084035983615,0.2363568410457643,0.09446301030688058,0.0064814059710974065,0.038672140305917646,0.054087623734596746,0.005540444564302266,8,35,0.0408699825694612,0.1835351568904438,True,False,False,1.3004988594570202e-07,COMPLETE
321,0.5001828908920288,2025-04-08 11:23:24.477336,2025-04-08 11:23:49.493218,0 days 00:00:25.015882,0.4511485462195288,0.4357454652874672,8,0.29918941817583805,0.008587832765586098,0.09601339214067069,0.007693722817358756,0.03987179962283085,0.04078736523372421,0.003775876507306563,9,33,0.04473472481526358,0.18814932520258473,True,False,False,2.1577249220724267e-07,COMPLETE
322,0.09188934862613678,2025-04-08 11:23:49.594704,2025-04-08 11:24:14.764220,0 days 00:00:25.169516,0.42237576684641814,0.26364792848829877,8,0.2927796847716322,0.0009594665095014245,0.0932453787668519,0.009678822793907868,0.036178562620695624,0.06270049850412683,0.003094871515288621,9,80,0.041791891568932475,0.17184783814815907,True,False,False,1.335875508124456e-07,COMPLETE
323,0.4816877245903015,2025-04-08 11:24:14.863515,2025-04-08 11:24:39.363048,0 days 00:00:24.499533,0.47710491446169906,0.23092377530491198,8,0.28650797993550753,0.020497666308384416,0.096599610997398,0.01122994600334969,0.03553115954118201,0.051756723655317326,0.0045572170648181705,8,37,0.04083840758535476,0.1842909882255476,True,False,False,1.6670152266441136e-05,COMPLETE
324,0.48438155651092535,2025-04-08 11:24:39.464745,2025-04-08 11:25:32.591127,0 days 00:00:53.126382,0.5023616065975096,0.28513971252183223,2,0.29310624324551254,0.014570460835983453,0.09222250354341402,0.010289865638896029,0.04319423879163577,0.05772732730507135,0.0037737906744137735,10,26,0.0460878218515287,0.1684074369212408,True,False,False,1.8014534688500968e-07,COMPLETE
325,0.504971981048584,2025-04-08 11:25:32.702354,2025-04-08 11:26:05.115820,0 days 00:00:32.413466,0.43375937744839255,0.3135954344317957,8,0.2996547500410678,0.02712965048667719,0.09494448437576776,0.012510989331488599,0.03775555373564772,0.05506222193321894,0.0027312584975455315,18,30,0.041676513405667116,0.16264209919097472,True,False,False,1.1440078781283607e-07,COMPLETE
326,0.09188934862613678,2025-04-08 11:26:05.216349,2025-04-08 11:26:45.329062,0 days 00:00:40.112713,0.47982739557375853,0.255250003041562,8,0.28157142370814814,0.00736340175375828,0.09745207792718619,0.009028309970035684,0.03312522855697166,0.04314229283890898,0.0057814397313092425,29,41,0.03942296679359963,0.15143955310150156,False,False,False,2.3088499622815397e-07,COMPLETE
327,0.49489008188247685,2025-04-08 11:26:45.429985,2025-04-08 11:27:10.693112,0 days 00:00:25.263127,0.4593740607455531,0.2731896137033958,8,0.28878697155671673,0.021348636703288664,0.09333454433446572,0.012295086015720743,0.041558605491301116,0.06105445732639792,0.0007206848411419633,9,33,0.04364004097817218,0.18776533887344768,True,False,False,1.602536868697616e-07,COMPLETE
328,0.487466835975647,2025-04-08 11:27:10.794288,2025-04-08 11:27:35.789589,0 days 00:00:24.995301,0.5106115879289943,0.5396881038140677,8,0.2812534805921176,0.01479620894741157,0.09795671661033271,0.0069258400985612,0.0302856604614786,0.06513781495960921,0.0032943336438631655,9,28,0.03877275153764885,0.15684705302387836,True,False,False,1.0697733653430234e-07,COMPLETE
329,0.4766650617122651,2025-04-08 11:27:35.900931,2025-04-08 11:28:02.561218,0 days 00:00:26.660287,0.4849411206329966,0.2457583393948675,8,0.2999152814969323,0.12352584091133145,0.09477636383245601,0.013121670741537608,0.03450806786395873,0.05218604564834704,0.007496591835294664,11,36,0.03715662015898534,0.19479742175155615,True,False,False,1.9918628381136327e-07,COMPLETE
330,0.15150794982910157,2025-04-08 11:28:02.664891,2025-04-08 11:28:25.634638,0 days 00:00:22.969747,0.4454330294916481,0.21758580018580015,8,0.2913890374220841,0.024561315184255878,0.09177906827659321,0.010354829087937906,0.03692311798712092,0.04909102471192817,0.004782666930799488,10,31,0.04009520871343608,0.179198331791895,True,True,False,1.4443270275302085e-07,COMPLETE
331,0.4147264182567597,2025-04-08 11:28:25.738269,2025-04-08 11:28:50.930981,0 days 00:00:25.192712,0.40514026627351774,0.3366818139444345,8,0.27612905971617796,0.016148831899074158,0.096582526105858,0.014033903074189473,0.032011900885211865,0.044604754794215676,0.004035317639307735,9,23,0.04180646329323697,0.17208228503266704,True,False,False,2.9533215825514875e-07,COMPLETE
332,0.5056834936141967,2025-04-08 11:28:51.033693,2025-04-08 11:29:17.568166,0 days 00:00:26.534473,0.4958842641753929,0.2930071227532741,8,0.2842389846646844,0.010647141969095473,0.09824183187639972,0.05456060304449144,0.039441134320548375,0.05525425822764148,0.0022684416687570445,11,34,0.037520521897958015,0.16422471767985486,True,False,False,1.0778889714049268e-07,COMPLETE
333,0.4932583451271057,2025-04-08 11:29:17.681451,2025-04-08 11:29:56.430571,0 days 00:00:38.749120,0.5251482538597045,0.2675870446356645,8,0.27799190841519505,0.030416741199215627,0.03077696136256454,0.009098447093016479,0.029557476871421913,0.04786323702359031,0.002897105789989386,26,28,0.03944430144415472,0.14645499715030094,True,False,False,3.439893100312958e-06,COMPLETE
334,0.4464926481246948,2025-04-08 11:29:56.534526,2025-04-08 11:30:30.064885,0 days 00:00:33.530359,0.4655686488687512,0.24121345479040382,8,0.10711590819390415,0.020912561953606384,0.0951161722322883,0.07273537433096436,0.03541508513649943,0.06255147992987586,0.003430785856614481,24,39,0.0939214191408493,0.16520451503544506,True,False,True,8.760958370788403e-08,COMPLETE
335,0.09188934862613678,2025-04-08 11:30:30.167372,2025-04-08 11:30:53.776987,0 days 00:00:23.609615,0.434838291411598,0.23009786854548717,8,0.2593208049184256,0.005248558515296583,0.09074368951649027,0.011888050743155642,0.03342331609133764,0.0701878058567052,0.0018762694914197815,8,31,0.04558657888990377,0.15608368058670297,True,False,False,1.4041207879852347e-07,COMPLETE
336,0.4122231781482697,2025-04-08 11:30:53.881870,2025-04-08 11:31:15.540203,0 days 00:00:21.658333,0.5179741565236055,0.18513292149163224,16,0.28557812012519823,0.02642287421100255,0.09313934613955378,0.015517624653291758,0.02813451361507737,0.05933356995814343,0.00416838311848338,10,26,0.03616110304221032,0.17295719315059926,True,False,False,2.1362077374053235e-07,COMPLETE
337,0.5076348304748536,2025-04-08 11:31:15.655591,2025-04-08 11:31:41.428562,0 days 00:00:25.772971,0.5389912404234034,0.3158363133532522,8,0.2926345921810975,0.015554449964295846,0.08809290746740267,0.0181423074552613,0.031436672487346266,0.05134685457752796,0.005136916274402924,10,36,0.0431430965352143,0.14840513242082104,True,False,False,1.1723132928805099e-07,COMPLETE
338,0.5043578267097474,2025-04-08 11:31:41.533711,2025-04-08 11:32:07.250410,0 days 00:00:25.716699,0.6689871807054536,0.2548461841325035,8,0.2728057547002406,0.03919516778908123,0.09994438275522716,0.010926765718756466,0.037380431205710996,0.0457694402970368,0.006529852351215866,10,33,0.040579371537757515,0.16155876867094282,True,False,False,1.7012391055723191e-07,COMPLETE
339,0.4900816321372986,2025-04-08 11:32:07.354399,2025-04-08 11:32:32.689770,0 days 00:00:25.335371,0.5020757950748168,0.28704461250957425,8,0.2858375082926456,0.021008028261516966,0.09691156610192309,0.014001616864309015,0.06565916252189938,0.053604560671666614,0.0025064127370749865,9,29,0.03769018129208445,0.1422205495179126,True,False,False,9.223755594250672e-08,COMPLETE
340,0.49910250902175907,2025-04-08 11:32:32.794370,2025-04-08 11:32:59.401515,0 days 00:00:26.607145,0.46732197902313716,0.2106991881480565,8,0.2782497619676683,0.010400294747013867,0.0935836157223035,0.0079659250768934,0.0397328463978841,0.042263648667459255,0.0032174346966451764,11,32,0.03661470499928873,0.18644073141951162,True,False,False,2.485143795298425e-07,COMPLETE
