number,value,datetime_start,datetime_complete,duration,params_alpha-eval,params_alpha-train,params_batch-size,params_eps-eval,params_eps-train,params_lambda-actions-eval,params_lambda-actions-train,params_lambda-frames-eval,params_lambda-frames-train,params_learning-rate,params_n-epochs,params_n-frames,params_radius-gw,params_rho,params_std-feats,params_ub-actions,params_ub-frames,params_weight-decay,state
455,0.5133378624916076,2025-04-19 18:41:32.445121,2025-04-19 18:42:07.267946,0 days 00:00:34.822825,0.3538909325789315,0.4781505870635442,8,0.29974859210151816,0.0500788042391823,0.03142074585280377,0.03804057039722956,0.024466641665320196,0.08845058115792205,0.019628341203567677,20,33,0.04530438655051092,0.2780477904595211,True,False,False,0.0007532653076975693,COMPLETE
456,0.5395530819892883,2025-04-19 18:42:07.410630,2025-04-19 18:42:47.339230,0 days 00:00:39.928600,0.3788262733933405,0.34715978665904945,8,0.2813284875855207,0.04017564013051282,0.05608668670804763,0.09155080972248136,0.01886562660492945,0.08470828169751461,0.023020699583264637,26,37,0.052255150314715546,0.2896496616836998,True,False,False,0.0005940381718649344,COMPLETE
457,0.1026959463953972,2025-04-19 18:42:47.493849,2025-04-19 18:43:20.114709,0 days 00:00:32.620860,0.37201334294446037,0.385149377971457,8,0.2809661528932159,0.03421728645259481,0.05673061839369575,0.05120288993853211,0.018766309666533976,0.08489738360926999,0.022067804588343995,24,30,0.0599710131937645,0.28475623446015524,False,False,True,0.0005883088015193901,COMPLETE
458,0.5098252058029175,2025-04-19 18:43:20.255678,2025-04-19 18:43:52.262807,0 days 00:00:32.007129,0.3370285535108739,0.34841846061591275,8,0.2744420292520596,0.03890965110096794,0.06175337256698628,0.09149381976609114,0.01549083255072349,0.08664256459480053,0.018199404394939698,16,42,0.05372434660225052,0.29336737092778914,True,False,False,0.0008235372722126297,COMPLETE
459,0.4757513225078583,2025-04-19 18:43:52.403263,2025-04-19 18:44:33.371876,0 days 00:00:40.968613,0.38484679096594004,0.36917108029622797,8,0.09947937856360164,0.028078753341461843,0.058461492947408204,0.09377458742665727,0.018799517136123413,0.0843652227447771,0.0023555937700595287,27,38,0.052658837585421,0.2741155188631402,True,False,False,0.0005731807128069182,COMPLETE
460,0.5271381139755249,2025-04-19 18:44:33.522639,2025-04-19 18:45:00.995091,0 days 00:00:27.472452,0.3587339398087117,0.41596056949033455,16,0.2831909617600294,0.05123916590254493,0.055517751402837594,0.09545097753029749,0.02129905929428917,0.08343037705332222,0.02404725954412321,21,34,0.054655649648165994,0.2655793529303734,True,False,False,0.0009904778926554674,COMPLETE
461,0.5410744190216065,2025-04-19 18:45:01.137566,2025-04-19 18:45:39.798398,0 days 00:00:38.660832,0.3938656251405661,0.3503287953888282,8,0.2895773925956848,0.03297217285977684,0.034627499583028146,0.09785495607510335,0.017461986716767013,0.08205156799970063,0.01708596233511209,25,36,0.05158746151139405,0.2807933725689521,True,False,False,0.000438651165452006,COMPLETE
462,0.1410926342010498,2025-04-19 18:45:39.940723,2025-04-19 18:46:15.634313,0 days 00:00:35.693590,0.3838722301377268,0.5797026917927905,8,0.27227708540946083,0.045233849440200986,0.028842982593363597,0.09765499245742802,0.016675603841579855,0.08836105867582199,0.026920847473495144,26,42,0.056672448132373085,0.29987330669839946,True,True,False,0.00042482719221332356,COMPLETE
463,0.5280025482177735,2025-04-19 18:46:15.787242,2025-04-19 18:46:54.640538,0 days 00:00:38.853296,0.3692647205776745,0.4007908632763485,8,0.27873347147106986,0.038808487516573356,0.033550360783997424,0.09756828789210814,0.011618124874484806,0.09000034788853993,0.015227619661282797,25,39,0.05059621576815794,0.2880977868567726,True,False,False,0.00047482401995284037,COMPLETE
464,0.5302365064620972,2025-04-19 18:46:54.783812,2025-04-19 18:47:34.333298,0 days 00:00:39.549486,0.6568087448513417,0.36969220426736493,8,0.29003250644466927,0.02481155240416618,0.03467471180520102,0.098233377282463,0.014467169899440323,0.08503203958114638,0.010090224353307075,26,36,0.05216204652760845,0.2791387230063818,True,False,False,0.0003807984806246293,COMPLETE
465,0.459287303686142,2025-04-19 18:47:34.489180,2025-04-19 18:48:14.883560,0 days 00:00:40.394380,0.6993077507804537,0.35806631095617225,8,0.28830004936921033,0.012839209012767847,0.03574949976257237,0.09957116902749509,0.013020295353350529,0.08091206499670552,0.007214684169155787,27,35,0.01386090283421117,0.2684074044872993,True,False,False,0.00034942743193728393,COMPLETE
466,0.505738389492035,2025-04-19 18:48:15.026871,2025-04-19 18:48:54.156701,0 days 00:00:39.129830,0.6618627148566841,0.34341509949824345,8,0.2808983002177892,0.017509643269786844,0.032318872701339055,0.0954847502827784,0.016127175261106207,0.08636563930169787,0.01172925029233225,26,28,0.052867738610573034,0.2921053589881532,True,False,False,0.0004699327320011202,COMPLETE
467,0.5146214365959167,2025-04-19 18:48:54.302208,2025-04-19 18:49:34.686846,0 days 00:00:40.384638,0.6593298804626444,0.3882517994454148,8,0.26946602880092213,0.02347076531816364,0.034726795379058435,0.09595912577512963,0.0143471903852455,0.08739279800052815,0.009887742405251629,27,32,0.06158906083488451,0.2751054002230685,True,False,False,0.0003552753106916042,COMPLETE
468,0.49613050222396854,2025-04-19 18:49:34.842785,2025-04-19 18:50:14.748038,0 days 00:00:39.905253,0.6326067999721158,0.36447951225075864,8,0.27645101204465894,0.02884822364571977,0.03367948916056505,0.09145791503201976,0.015137825421316886,0.0829563336885883,0.007688332495956859,26,40,0.055166560698200286,0.28574791583512454,True,False,False,0.0003717003995766539,COMPLETE
469,0.4992974638938904,2025-04-19 18:50:14.891605,2025-04-19 18:50:58.897122,0 days 00:00:44.005517,0.29881540077082325,0.33638701490312006,8,0.1782252814240543,0.02205705106051609,0.03521824702960576,0.09995300673363886,0.017941422753829865,0.08529824304420619,0.010275265074239467,26,100,0.05188845080183844,0.27738898419499863,True,False,False,0.000288863900901425,COMPLETE
470,0.48155015707015997,2025-04-19 18:50:59.043179,2025-04-19 18:51:37.553259,0 days 00:00:38.510080,0.6904008844673786,0.35868820843703675,8,0.28918010106702147,0.05477352324121032,0.029603649003981495,0.05683042115005471,0.0165730961447725,0.08091747776326397,0.02653813692238796,23,62,0.05756138923093751,0.2929531362518434,True,False,False,0.0005067312117787034,COMPLETE
471,0.49168918132781986,2025-04-19 18:51:37.708166,2025-04-19 18:52:18.694850,0 days 00:00:40.986684,0.942555020795319,0.3331420434145437,8,0.28221847388561594,0.02800759948749326,0.030841921781367135,0.0943923016334782,0.013690904133735589,0.05577741311787189,0.02268005675747085,27,37,0.05194572897928261,0.27041331130688206,True,False,False,0.00041313829924318515,COMPLETE
472,0.45432314276695257,2025-04-19 18:52:18.839490,2025-04-19 18:53:04.925890,0 days 00:00:46.086400,0.6619737507131517,0.5081741359554712,8,0.29393801980159406,0.04562168650795101,0.035152105407969314,0.04286102221010006,0.018496302046856507,0.09148799876198827,0.005723025147595457,26,124,0.053483959940937756,0.28072155715451685,True,False,False,0.00060583403515034,COMPLETE
473,0.4778605997562409,2025-04-19 18:53:05.075733,2025-04-19 18:53:45.001952,0 days 00:00:39.926219,0.6430277806096676,0.39908399299938463,8,0.27303417176723016,0.2679287231704022,0.03275439876059956,0.09759842942513443,0.015909751465639898,0.08176447048845102,0.031057921751192284,26,44,0.050638515195671946,0.26249119959230904,True,False,False,1.2214064870781329e-05,COMPLETE
474,0.5366781711578369,2025-04-19 18:53:45.159713,2025-04-19 18:54:24.001328,0 days 00:00:38.841615,0.3220390070034253,0.37325208544360144,8,0.2852775096174325,0.03854081954872314,0.03569514374973293,0.09066611119238521,0.009954165722459262,0.08417818058369712,0.0223848044432764,25,35,0.05511355348134558,0.29513400188781747,True,False,False,0.00033525637388096463,COMPLETE
475,0.5146404266357423,2025-04-19 18:54:24.146300,2025-04-19 18:55:04.509569,0 days 00:00:40.363269,0.31219902517625564,0.4309565811034002,8,0.2648057984544203,0.05232446559865291,0.036975782322418244,0.09082276369103826,0.007964535630895477,0.0841252369291645,0.021570193061164776,26,42,0.055652690801774436,0.29913210012798835,True,False,False,0.00040912954776208693,COMPLETE
476,0.14887099862098696,2025-04-19 18:55:04.668896,2025-04-19 18:55:40.560868,0 days 00:00:35.891972,0.32742865297682877,0.38450262867962676,8,0.28209313048040147,0.03914169693749478,0.038545731660809754,0.09020862887758042,0.012491896230391144,0.0873493795185728,0.026932246879241794,27,36,0.05410836240598838,0.29411327679373567,True,False,True,0.00030054151007540485,COMPLETE
477,0.48613072037696836,2025-04-19 18:55:40.709656,2025-04-19 18:56:18.681022,0 days 00:00:37.971366,0.3393695887084082,0.3444038365214338,8,0.27439940049161965,0.04393210266579965,0.03403056753538943,0.08872487191704963,0.004130918415557567,0.08919864170088668,0.021786332411071023,24,39,0.05659067075053587,0.2879436905548507,False,False,False,0.0003085539546020188,COMPLETE
478,0.47362467646598816,2025-04-19 18:56:18.829763,2025-04-19 18:56:57.964732,0 days 00:00:39.134969,0.28964071305088734,0.32731530651915464,8,0.2688607423964104,0.037487313126331724,0.03473261360353305,0.09256496639988616,0.005552345649469427,0.08345980080025854,0.03133460716554468,25,39,0.051603753159137365,0.29014612296614717,True,False,False,5.185237902943935e-07,COMPLETE
479,0.5363435387611389,2025-04-19 18:56:58.124619,2025-04-19 18:57:37.875009,0 days 00:00:39.750390,0.2697025614327347,0.27987965720218416,8,0.15897508517261077,0.04751895907784386,0.03200856466933318,0.06168168270292672,0.009185999594542974,0.08576933481594612,0.020336265711883704,26,35,0.05390971702836606,0.29999209448962627,True,False,False,0.00036988064595773945,COMPLETE
480,0.4853722155094147,2025-04-19 18:57:38.023211,2025-04-19 18:58:18.151713,0 days 00:00:40.128502,0.2757632964077378,0.2742225594199651,8,0.08195118051740274,0.054176760546298657,0.03115735910231589,0.059131442549352,0.006599825341533286,0.08649103986391465,0.020526420195289902,27,30,0.05910025085842397,0.29876029749320065,True,False,False,0.0003599856538168045,COMPLETE
481,0.5274262428283691,2025-04-19 18:58:18.300255,2025-04-19 18:58:57.062570,0 days 00:00:38.762315,0.33385599518210174,0.27163510801559,8,0.19006141785683064,0.04734042537994497,0.032280220573363015,0.06372638559406119,0.009756170974679783,0.08557528327265199,0.024239753046643504,25,34,0.05233608476221254,0.2957554171217458,True,False,False,0.00026566313918352166,COMPLETE
482,0.5496291637420655,2025-04-19 18:58:57.220069,2025-04-19 18:59:36.926036,0 days 00:00:39.705967,0.2780137565328657,0.2869455346633822,8,0.11550341944273529,0.04837752003657835,0.035941643591793464,0.056107919415914476,0.012451132516428803,0.08861363087908193,0.019071637262584314,26,35,0.04995740473367142,0.2998669661055084,True,False,False,0.00032887943494928874,COMPLETE
483,0.537854826450348,2025-04-19 18:59:37.077357,2025-04-19 19:00:16.967149,0 days 00:00:39.889792,0.25710135396064215,0.26125531259507007,8,0.11439403036405632,0.05712203403537522,0.037112041954868315,0.05451415685044109,0.00890148086992982,0.09342761279770843,0.017340107833200443,26,43,0.05004123376826735,0.2995437708574128,True,False,False,0.0005755905294749344,COMPLETE
484,0.17509270012378692,2025-04-19 19:00:17.127432,2025-04-19 19:00:53.340999,0 days 00:00:36.213567,0.25245990744716856,0.2712870509407904,8,0.12922829429798982,0.05817391158810323,0.03799386971592817,0.05680781928430057,0.009175589062808387,0.09456695115002435,0.018312130239729725,27,42,0.050184352820034674,0.29817343080989356,True,True,False,0.0006113006249171935,COMPLETE
485,0.4564305067062378,2025-04-19 19:00:53.490785,2025-04-19 19:01:33.880736,0 days 00:00:40.389951,0.25576199895941626,0.25413657124732797,8,0.12717850963102154,0.056962066767567585,0.04001197898677472,0.055118978149146146,0.00816357622491737,0.09030597119110699,0.016783936455761993,26,45,0.04970788405786278,0.2993684735845399,True,False,False,1.0994826767334745e-08,COMPLETE
486,0.5226788520812988,2025-04-19 19:01:34.031457,2025-04-19 19:02:14.023656,0 days 00:00:39.992199,0.2715939145951642,0.2610508337800772,8,0.11363543326182912,0.05348163436209922,0.036694344727963096,0.0543669371442697,0.007889114618140285,0.08960298540996348,0.019955992875379323,26,44,0.05470421811598547,0.29422951357979404,True,False,False,0.000546154834797435,COMPLETE
487,0.4756606161594391,2025-04-19 19:02:14.183955,2025-04-19 19:02:55.299811,0 days 00:00:41.115856,0.2429438179031112,0.28592991746625057,8,0.11840046119076342,0.04996861896809354,0.03645090462851987,0.06028473822745837,0.0065968118979701906,0.0943222486501137,0.013880524197636083,27,40,0.04839161623384346,0.2941006505091005,True,False,False,2.3282051214098265e-07,COMPLETE
488,0.5127226710319519,2025-04-19 19:02:55.450660,2025-04-19 19:03:29.535447,0 days 00:00:34.084787,0.25849991484422286,0.26361680546547583,8,0.12005325671879066,0.0531366507121392,0.03582156869428584,0.05753178230594303,0.01157001042911801,0.0922607410173866,0.017857218845085673,19,43,0.05079112943529113,0.2946856627459192,True,False,False,0.0006523288733218014,COMPLETE
489,0.537166428565979,2025-04-19 19:03:29.686724,2025-04-19 19:03:58.489632,0 days 00:00:28.802908,0.28771098286253305,0.2853711378482298,8,0.03374126693934923,0.04761296098798195,0.037438542941823805,0.055087516938785414,0.005285385270791529,0.09315465177603473,0.016072866556568005,13,38,0.06444090108655381,0.29964038121773146,True,False,False,0.0004669365896999896,COMPLETE
490,0.512187135219574,2025-04-19 19:03:58.654494,2025-04-19 19:04:32.000915,0 days 00:00:33.346421,0.288845630148538,0.24201415791592934,8,0.15124841985850623,0.059915066395345676,0.038009375105237615,0.05216458347662013,0.005885909590576394,0.09770271057802882,0.015399941357994395,18,40,0.057960738519841154,0.2979475315623918,True,False,False,0.000467482121858352,COMPLETE
491,0.5071684837341308,2025-04-19 19:04:32.152626,2025-04-19 19:05:03.302504,0 days 00:00:31.149878,0.2698581603631635,0.27745722261575423,8,0.16687085433310833,0.04831274818283693,0.03744419818728492,0.061295680012458,0.010503719181350252,0.09579910318490557,0.018499238232067845,16,31,0.054204900252498675,0.2996768982739119,True,False,False,0.0005174223356961196,COMPLETE
492,0.4998825669288635,2025-04-19 19:05:03.466623,2025-04-19 19:05:45.047531,0 days 00:00:41.580908,0.22287582772966827,0.2903842398921069,8,0.14766548226706544,0.05802098085997833,0.035672312909751036,0.05763052485492207,0.00958925428263853,0.09643523601738116,0.01395665895714315,28,43,0.05256183547507852,0.29225943295088497,True,False,False,0.0006275139806389842,COMPLETE
493,0.5266188859939576,2025-04-19 19:05:45.201521,2025-04-19 19:06:11.599754,0 days 00:00:26.398233,0.28495992797759473,0.2609640898013106,8,0.06115065380936496,0.047791109684382334,0.03352148855588384,0.05267999335630337,0.0011179350309866555,0.0992254401372383,0.02323226512541099,10,36,0.04972603470943478,0.2993632777765315,True,False,False,0.0004426054403779597,COMPLETE
494,0.5523704767227173,2025-04-19 19:06:11.752827,2025-04-19 19:06:38.880476,0 days 00:00:27.127649,0.3019380835778466,0.29717521875260694,8,0.010641673804236942,0.052519103877924626,0.04001928544094679,0.05676523923445175,0.003613372595845165,0.09194198656936844,0.01628079165172045,11,39,0.06061495645785834,0.2917592769962158,True,False,False,0.0006646561728301427,COMPLETE
495,0.09226904511451722,2025-04-19 19:06:39.043313,2025-04-19 19:07:03.243238,0 days 00:00:24.199925,0.3014865111381095,0.29088208378573555,8,0.0009192621511677768,0.042541020499236644,0.03781384626121222,0.05510361244724909,0.0038074708022224433,0.09226534815606742,0.016530279191178634,8,45,0.058669509452235494,0.2997730175025396,True,False,False,0.0007143108297538782,COMPLETE
496,0.5307921528816224,2025-04-19 19:07:03.397534,2025-04-19 19:07:33.927230,0 days 00:00:30.529696,0.29265094325361735,0.28053892529234237,8,0.051431087712459606,0.053259238697567594,0.03978963114640845,0.05581806578355764,0.0014206716605730378,0.09495651960795486,0.012821287764156015,15,40,0.060170535695847814,0.2910420705758678,True,False,False,0.0006007948835386666,COMPLETE
497,0.44714825153350835,2025-04-19 19:07:34.082599,2025-04-19 19:08:01.064445,0 days 00:00:26.981846,0.27404015718479585,0.25702598015174444,8,0.035390322854166004,0.04680645268651065,0.038755982987882645,0.053211836345937964,0.002790192236854119,0.09304566072515098,0.019473385276960943,11,47,0.0646202339360223,0.2925608930673722,False,False,False,8.182870461267163e-08,COMPLETE
498,0.47616695165634154,2025-04-19 19:08:01.227551,2025-04-19 19:08:28.551442,0 days 00:00:27.323891,0.3175558173102102,0.30129204280861643,8,0.10079412516933517,0.04229606074662947,0.03629530569363282,0.060812288632724004,0.007192924083595892,0.09190610564340623,0.015264636766318194,14,38,0.06958817834074767,0.2997188058491439,True,False,True,0.0005285074195111306,COMPLETE
499,0.5381783962249755,2025-04-19 19:08:28.704740,2025-04-19 19:08:57.508310,0 days 00:00:28.803570,0.248838750283703,0.23452177826764686,8,0.023278878624173494,0.049744453124468686,0.040391181003772744,0.059544936317025905,0.0050521069325941735,0.0932545591604861,0.01964226810396487,13,42,0.06091128390346244,0.2887131413415664,True,False,False,0.0006963081568533395,COMPLETE
500,0.5099375486373902,2025-04-19 19:08:57.673909,2025-04-19 19:09:20.914328,0 days 00:00:23.240419,0.23418278637742032,0.2309593910762263,8,0.04521850526727651,0.053912452113490765,0.04056666856517524,0.05914195749661072,0.004570771531859031,0.09360912168244778,0.02218867903610643,6,42,0.05707047086987024,0.28911122728924477,True,False,False,0.0007509734789035,COMPLETE
501,0.5188923954963685,2025-04-19 19:09:21.068506,2025-04-19 19:10:01.149427,0 days 00:00:40.080921,0.253027838984536,0.2230363813162325,8,0.018870135361970186,0.06221817005125994,0.038914734678549216,0.059960922251822917,0.0055934282630799685,0.09133580052010952,0.01281296510541191,26,48,0.06307103386667084,0.2928394811025316,True,False,False,0.0009987782527473045,COMPLETE
502,0.09188934862613678,2025-04-19 19:10:01.303120,2025-04-19 19:10:28.895081,0 days 00:00:27.591961,0.2643684472573619,0.24633662346967,8,0.017100102275224727,0.04911619178618256,0.040396142081882,0.05657109463338013,0.006310735087796357,0.0957932507018706,0.01652629837801843,14,70,0.062460514515961685,0.28822835743854436,True,True,False,0.0006904393461717567,COMPLETE
503,0.5364344000816346,2025-04-19 19:10:29.059441,2025-04-19 19:10:55.571202,0 days 00:00:26.511761,0.2843669240588617,0.23657230903540571,8,0.024118276613948407,0.05306986159324714,0.03767255668920436,0.050864403977032305,0.002262932852972157,0.09353829735129125,0.024771618110960878,10,44,0.0609265589520357,0.2948207509023005,True,False,False,0.00043806646938732,COMPLETE
504,0.49110032320022584,2025-04-19 19:10:55.725748,2025-04-19 19:11:24.485742,0 days 00:00:28.759994,0.2791274684785595,0.2065556385314802,8,0.03504340034266057,0.06196528157820927,0.0376127916071168,0.050846737633409904,0.003664859604090595,0.09082528803792374,0.025073625266132125,13,47,0.06112615170966092,0.29983549660124087,True,False,False,0.00040342676396014126,COMPLETE
505,0.5397210597991944,2025-04-19 19:11:24.653014,2025-04-19 19:11:53.236552,0 days 00:00:28.583538,0.2984479287941023,0.2285766182762605,8,0.02546692181547716,0.05639927008766965,0.035845058154377864,0.05802112173367434,0.0019729957107707903,0.09768289974726739,0.02120572869166217,13,45,0.06712281549930368,0.29399387599698823,True,False,False,0.0004427834820931293,COMPLETE
506,0.48169996142387395,2025-04-19 19:11:53.393474,2025-04-19 19:12:21.476861,0 days 00:00:28.083387,0.29765561504495236,0.1936535504370722,8,0.010834321024415042,0.06435752965110698,0.03438257538946341,0.05807290974049235,0.0031595847426927727,0.0948008384131545,0.022970530720247292,12,51,0.06471544676547407,0.2947002454859088,True,False,False,0.0004513800430130444,COMPLETE
507,0.5248317480087281,2025-04-19 19:12:21.632022,2025-04-19 19:12:49.599668,0 days 00:00:27.967646,0.29773397715955363,0.22530495334951434,8,0.026777922403065202,0.056764475188078034,0.0362081705689315,0.06231536752915671,0.001463626310897166,0.09781219885077913,0.01941262299146726,12,43,0.06725276799492048,0.2870661031103039,True,False,False,0.0003919419965002956,COMPLETE
508,0.5358976364135742,2025-04-19 19:12:49.766670,2025-04-19 19:13:18.559328,0 days 00:00:28.792658,0.25002239132175164,0.256864702712192,8,0.011215424367019253,0.055830839256528056,0.03315855983248577,0.05373687045026563,0.0027649214761091626,0.09487186925278791,0.015558368614685184,13,46,0.06497955629002262,0.2928880727225884,True,False,False,0.0004955473972850606,COMPLETE
509,0.5049519896507263,2025-04-19 19:13:18.715311,2025-04-19 19:13:47.680843,0 days 00:00:28.965532,0.2328970667067147,0.2079198414807038,8,0.010092044571283168,0.059010078423254154,0.03288469399465737,0.0544506479858894,0.002858349122662912,0.09744088281906525,0.02120284683996477,13,49,0.06701869565832407,0.293946173270158,True,False,False,0.0004290351420028561,COMPLETE
510,0.4981923580169678,2025-04-19 19:13:47.849883,2025-04-19 19:14:16.914415,0 days 00:00:29.064532,0.24395506387558696,0.23314883168931916,8,0.0051206915884015915,0.06519047763512188,0.03477469853288326,0.049748006176950736,0.005084720800296291,0.0996193212891821,0.026097710333198357,13,46,0.06230879145006045,0.2950637415228042,True,False,False,0.0003407600934632938,COMPLETE
511,0.47293977141380317,2025-04-19 19:14:17.071867,2025-04-19 19:14:46.785720,0 days 00:00:29.713853,0.2206927882826697,0.21074403003123,8,0.016108662301858114,0.05496971544947273,0.03214308231939112,0.05295522587401964,0.008035208210480049,0.09735636422368993,0.016921581282408366,14,52,0.06424559084436338,0.2874290097737527,True,False,False,0.000520926956570309,COMPLETE
