number,value,datetime_start,datetime_complete,duration,params_alpha-eval,params_alpha-train,params_batch-size,params_eps-eval,params_eps-train,params_lambda-actions-eval,params_lambda-actions-train,params_lambda-frames-eval,params_lambda-frames-train,params_learning-rate,params_n-epochs,params_n-frames,params_radius-gw,params_rho,params_std-feats,params_ub-actions,params_ub-frames,params_weight-decay,state
1253,0.4962174415588379,2025-04-08 20:55:08.938809,2025-04-08 20:55:49.604118,0 days 00:00:40.665309,0.1798666629023823,0.3736453434746998,2,0.2589754739249904,0.16219301736541933,0.03871610904861968,0.04539806781582679,0.09989477904118263,0.08612915806293682,0.06770188747474226,6,71,0.0189898228441025,0.03796746023351773,True,False,False,1.530264152483126e-05,COMPLETE
1254,0.5171430349349976,2025-04-08 20:55:50.003971,2025-04-08 20:56:27.763662,0 days 00:00:37.759691,0.21644911848707712,0.3929635287513144,2,0.2650406043136948,0.17396087256567294,0.04017994841043561,0.045939797670168994,0.09691349004058641,0.08583431965152596,0.062446611974723974,5,67,0.020261550945533644,0.04374229797439725,True,False,False,2.3890847520496773e-05,COMPLETE
1255,0.28157052397727966,2025-04-08 20:56:28.183426,2025-04-08 20:57:06.236016,0 days 00:00:38.052590,0.2012716862262776,0.3899841215874069,2,0.2540096537822599,0.18408556512552515,0.04256373135224026,0.047914377773827746,0.09475014144876603,0.08602622596232093,5.0523691937822297e-05,5,75,0.020546852064511567,0.05669650823167183,True,False,False,1.6803239703053466e-05,COMPLETE
1256,0.5185077786445618,2025-04-08 20:57:06.643893,2025-04-08 20:57:47.129172,0 days 00:00:40.485279,0.17289727959379564,0.407976225615611,2,0.2586976992968522,0.16968113664385778,0.03858718969351492,0.04575258736122659,0.09789455852765198,0.08863342473452539,0.08624130527245859,6,62,0.020520216706600133,0.0376295167332686,True,False,False,1.2965568114316846e-05,COMPLETE
1257,0.3483070969581604,2025-04-08 20:57:47.532354,2025-04-08 20:58:24.748518,0 days 00:00:37.216164,0.1584714613991966,0.36003446360396174,2,0.25246867540357143,0.16396108862860648,0.04346760473398291,0.04415417701680871,0.09612484356788281,0.08502519510155351,8.365817484326284e-05,5,69,0.018927575815280536,0.043763765933898864,True,False,False,1.836676354333368e-05,COMPLETE
1258,0.47183563709259035,2025-04-08 20:58:25.149952,2025-04-08 20:59:06.386248,0 days 00:00:41.236296,0.18936820110853408,0.41026487527691796,2,0.25064356031456353,0.15627873784058524,0.0412361715553002,0.048575125005196534,0.09820939268493835,0.08770559497689155,0.07053876888215654,6,66,0.021000515602107306,0.050652300200435485,True,False,False,2.4568569827240158e-05,COMPLETE
1259,0.5070390701293945,2025-04-08 20:59:06.789721,2025-04-08 20:59:44.550262,0 days 00:00:37.760541,0.17319690783792835,0.39072974497036317,2,0.26763818694377767,0.16184995772313474,0.04422015140598618,0.04725979037239691,0.09992278624399738,0.09079345266754499,0.061336974973395055,5,81,0.018891886548867167,0.06492639782233976,True,False,False,1.9394150895275537e-05,COMPLETE
1260,0.5316713094711304,2025-04-08 20:59:44.953546,2025-04-08 21:00:22.257148,0 days 00:00:37.303602,0.14890390128521822,0.36608680643069036,2,0.25927380074481754,0.14940637280961394,0.04665281973414033,0.04442466160796688,0.09466197692354868,0.08586363638247958,0.08263444303725061,5,62,0.017294108846761004,0.04383347691706063,True,False,False,9.796508179938533e-06,COMPLETE
1261,0.5199200749397278,2025-04-08 21:00:22.667599,2025-04-08 21:01:03.443400,0 days 00:00:40.775801,0.1950274742272965,0.3774938428101028,2,0.26639812708918315,0.1765126867573995,0.04058332090810932,0.04575566832149788,0.09675232935351244,0.0878671499841808,0.05218458283745353,6,65,0.021249178442620736,0.03996000696736266,True,False,False,1.4655521554850663e-05,COMPLETE
1262,0.2322629749774933,2025-04-08 21:01:03.846904,2025-04-08 21:01:40.958539,0 days 00:00:37.111635,0.12324735149188656,0.34581158900108344,2,0.25468533992420805,0.17139754514951083,0.0451879171796865,0.0483531744862917,0.09823069654936538,0.08432695710916624,0.0497089079752276,5,61,0.021077527952733894,0.03560029696602558,False,False,False,2.7952665911873e-05,COMPLETE
1263,0.5245461702346802,2025-04-08 21:01:41.358508,2025-04-08 21:02:18.884621,0 days 00:00:37.526113,0.1480238833123014,0.41389632352685846,2,0.24929941417334475,0.15768681902381546,0.0465267036077341,0.04461103618424316,0.0999223926045519,0.09091396848954555,0.06380379094409559,5,61,0.016920611027113428,0.052600882160557874,True,False,False,2.1028320683968132e-05,COMPLETE
1264,0.5049897193908691,2025-04-08 21:02:19.285167,2025-04-08 21:02:59.843641,0 days 00:00:40.558474,0.16739501321729064,0.39877827755271383,2,0.25815341713274526,0.16663506758369528,0.042776338045146786,0.046952573384398746,0.09607489951205454,0.08902240720708583,0.04583668709065255,6,65,0.019267776975672255,0.034655824773446364,True,False,False,2.4607138063040536e-05,COMPLETE
1265,0.5012264966964721,2025-04-08 21:03:00.244315,2025-04-08 21:03:37.977873,0 days 00:00:37.733558,0.1278216475693895,0.41674303824546116,2,0.25073563108546626,0.180245335644337,0.037151996586297475,0.04360676268119962,0.0944850828320336,0.08567621980421422,0.07317517787296679,5,77,0.02105990273722129,0.06075671549992738,True,False,False,1.558813750876747e-05,COMPLETE
1266,0.09188934862613678,2025-04-08 21:03:38.379788,2025-04-08 21:04:13.913468,0 days 00:00:35.533680,0.13956958147875304,0.37873722361752604,2,0.2621898462358375,0.15242764806649553,0.045390414191518014,0.04572476669088456,0.09705697040864436,0.08737318718465918,0.05111505430136269,6,69,0.021399013839908457,0.03137824903563817,True,True,False,1.1557043030641258e-05,COMPLETE
1267,0.5288497805595398,2025-04-08 21:04:14.313493,2025-04-08 21:04:51.739011,0 days 00:00:37.425518,0.12500905349058994,0.39906801134302006,2,0.24825891789056193,0.15848897725868924,0.04718858148264812,0.04843046673930643,0.0999507654075053,0.083914412826577,0.06050953512357741,5,72,0.01839783129482295,0.05271216004780708,True,False,False,1.925356416319214e-05,COMPLETE
1268,0.3451976478099823,2025-04-08 21:04:52.142546,2025-04-08 21:05:33.062285,0 days 00:00:40.919739,0.1572794668580319,0.3707262297318529,2,0.2530745190139002,0.14121229296539048,0.03974066442785758,0.04324583261570521,0.09730091853122555,0.09008430632936049,2.0885146843880796e-05,6,64,0.013686535764813008,0.03673952776005688,True,False,False,2.5312242269496644e-05,COMPLETE
1269,0.09641201496124269,2025-04-08 21:05:33.465887,2025-04-08 21:05:51.715667,0 days 00:00:18.249780,0.12562745414903576,0.41247720097462637,16,0.26661716214264614,0.1633772605968941,0.04299232225795214,0.045925616741650556,0.0943860470680672,0.08665468122228355,0.08282502070432057,5,62,0.015207705811237471,0.04760246523260693,True,False,True,1.7561503144150357e-05,COMPLETE
1270,0.5351334691047669,2025-04-08 21:05:52.120612,2025-04-08 21:06:30.041241,0 days 00:00:37.920629,0.1725679964236206,0.4116638231834892,2,0.2570440985438756,0.1718384177769994,0.04740052198785296,0.04782590409210597,0.09791247165430761,0.09168698519503853,0.040963133577505556,5,61,0.017469267575960432,0.03901785554484618,True,False,False,2.592069967759165e-05,COMPLETE
1271,0.5286563754081727,2025-04-08 21:06:30.467130,2025-04-08 21:07:11.439325,0 days 00:00:40.972195,0.146082409106293,0.34483711778941895,2,0.24859640254985227,0.1585306998817697,0.04486209677039284,0.043823571909407555,0.09283583736169056,0.08420615334671691,0.05461442280585231,6,67,0.02109677406758551,0.0346317622894735,True,False,False,1.2637795702584483e-05,COMPLETE
1272,0.5322537064552307,2025-04-08 21:07:11.848564,2025-04-08 21:07:49.152715,0 days 00:00:37.304151,0.12329085080160578,0.38863282006329164,2,0.16407974479676837,0.1443629403640823,0.04268831872456889,0.04936858285732179,0.09571594468156898,0.08936531700258481,0.044535573174646535,5,60,0.019083434171140078,0.043126517716690835,True,False,False,8.521961053486674e-06,COMPLETE
1273,0.523047697544098,2025-04-08 21:07:49.560257,2025-04-08 21:08:27.617701,0 days 00:00:38.057444,0.19920437279031383,0.36346566602385777,2,0.2610997053001176,0.17879857650842715,0.045820321367308854,0.04318684723675666,0.09798672794965689,0.086706577662041,0.06474799532253842,5,64,0.020869997683487265,0.058632245080111285,True,False,False,2.062590379939641e-05,COMPLETE
1274,0.46771603226661684,2025-04-08 21:08:28.029512,2025-04-08 21:09:06.262215,0 days 00:00:38.232703,0.15141775886358533,0.417312818620318,2,0.254962588638143,0.15206927293430494,0.04729308150717384,0.045246353721859,0.09373297602328175,0.08492279590590858,0.03847993334974999,5,112,0.017144437038023996,0.06843951010568369,True,False,False,2.7142873802078998e-05,COMPLETE
1275,0.5071007132530213,2025-04-08 21:09:06.671950,2025-04-08 21:09:47.243830,0 days 00:00:40.571880,0.10881741854382043,0.38773002921596145,2,0.2604627620611115,0.16840472744448687,0.04173794038777945,0.04666665744824341,0.09839196754447586,0.08873548789557434,0.08478499743719026,6,59,0.021429252112559416,0.03142901777744245,True,False,False,1.5585721107176407e-05,COMPLETE
1276,0.5405921578407288,2025-04-08 21:09:47.654491,2025-04-08 21:10:25.271659,0 days 00:00:37.617168,0.17064621595691756,0.41648720835634445,2,0.24895613008434553,0.16382488246023347,0.04427693992622194,0.042913579381649136,0.09990049835561536,0.08389925785626114,0.048062251599106695,5,66,0.019092292776427662,0.050809312033091844,True,False,False,2.2490045306302458e-05,COMPLETE
1277,0.507243299484253,2025-04-08 21:10:25.678086,2025-04-08 21:11:06.510134,0 days 00:00:40.832048,0.19083510315543162,0.42034759213406586,2,0.24694931853155636,0.14568920173735286,0.043713319453440716,0.042668502633978415,0.09938016571085853,0.08327675286284422,0.040944543341662906,6,73,0.021941196969188944,0.043862236785227465,True,False,False,2.7197971584914695e-05,COMPLETE
1278,0.5245344877243042,2025-04-08 21:11:06.918737,2025-04-08 21:11:44.457428,0 days 00:00:37.538691,0.20947475841135033,0.41755102610197786,2,0.24780718772945023,0.16029689239002293,0.04082246427376911,0.042678562907898655,0.09813903119868715,0.08354079534260415,0.04388453097159123,5,69,0.016323953154850974,0.03446977981540182,True,False,False,2.2655426490653763e-05,COMPLETE
1279,0.5168702602386475,2025-04-08 21:11:44.865669,2025-04-08 21:12:25.914654,0 days 00:00:41.048985,0.16904468680740622,0.40319404235783385,2,0.24999105158631302,0.1312296590414056,0.04383051136252333,0.042393822636685195,0.09605927795974845,0.08492003470571712,0.049458232353124555,6,71,0.01995595840615311,0.040840907601099236,True,False,False,1.3014884060633386e-05,COMPLETE
1280,0.5447393894195557,2025-04-08 21:12:26.323725,2025-04-08 21:13:03.684975,0 days 00:00:37.361250,0.22744440512522374,0.42312278750948906,2,0.247452837960978,0.15325106612206502,0.04772051902754435,0.04497576244380424,0.09935458890270096,0.09215390601859845,0.03750582613110715,5,67,0.022128344081507142,0.04740911062876818,True,False,False,1.7775291909486287e-05,COMPLETE
1281,0.24330709576606752,2025-04-08 21:13:04.093295,2025-04-08 21:13:44.768102,0 days 00:00:40.674807,0.1931042997682766,0.42179792963490526,2,0.25358601292110505,0.15284047393270814,0.0480480830761561,0.04473745762856696,0.0998642904439373,0.09150783980224642,0.03683687407407684,6,74,0.021500510806828924,0.03219992238639252,False,False,False,1.638331901279246e-05,COMPLETE
1282,0.49841079711914066,2025-04-08 21:13:45.176856,2025-04-08 21:14:23.061649,0 days 00:00:37.884793,0.21732515008667835,0.42149195445963306,2,0.2453329537262398,0.13815171277925206,0.047971526387291456,0.045431972752930955,0.09604184009065858,0.09033066262370736,0.035366631266006164,5,68,0.023080829776791222,0.038833295948229804,True,False,False,1.4798532132522062e-05,COMPLETE
1283,0.41157048344612124,2025-04-08 21:14:23.470091,2025-04-08 21:15:01.217571,0 days 00:00:37.747480,0.14932456065389785,0.397431765862258,2,0.24587913985728968,0.15472591209173397,0.047632738383291996,0.04471538339691627,0.09570586132999614,0.09152489499256528,0.0003277007910238561,5,67,0.02212672019224126,0.04747716968513494,True,False,False,1.1143565448414279e-05,COMPLETE
1284,0.09817913323640824,2025-04-08 21:15:01.645575,2025-04-08 21:15:37.082205,0 days 00:00:35.436630,0.23010617829524715,0.40280699693005007,2,0.25087228429461134,0.15257065982483656,0.048611721315715666,0.044356920622278605,0.09807835443959995,0.09246929404312268,0.03567892618087874,6,70,0.022064409738135983,0.04277157923096474,True,True,False,1.824998607261173e-05,COMPLETE
1285,0.5502966284751892,2025-04-08 21:15:37.495053,2025-04-08 21:16:15.720743,0 days 00:00:38.225690,0.1164143012235142,0.4225361140470266,2,0.2551730745938325,0.14220958218865096,0.04588428388624881,0.04691200839745761,0.09359790092286847,0.09165588677606558,0.039304133531001685,5,65,0.021913973785896018,0.030342504321882097,True,False,False,2.9036554069328224e-05,COMPLETE
1286,0.5270523786544801,2025-04-08 21:16:16.133370,2025-04-08 21:16:53.886265,0 days 00:00:37.752895,0.12009837741865395,0.42534293311712,2,0.2555589910034067,0.15090811345574592,0.04541015053470967,0.049589889670495005,0.09312425303071598,0.09254103718476357,0.05977163532439027,5,73,0.022181453748544643,0.033139817312822076,True,False,False,3.0177381652125186e-05,COMPLETE
1287,0.5307363748550415,2025-04-08 21:16:54.300670,2025-04-08 21:17:31.773393,0 days 00:00:37.472723,0.14531863049019392,0.3887770067969571,2,0.26498956615982505,0.1442968855197949,0.045897928116384795,0.047216246434067306,0.09416969951243236,0.09321824846376991,0.04208965931283199,5,68,0.01965382092804257,0.029077704019844164,True,False,False,2.9212734494176462e-05,COMPLETE
1288,0.10943297445774079,2025-04-08 21:17:32.184939,2025-04-08 21:18:04.889963,0 days 00:00:32.705024,0.17485900158347514,0.42752894689578086,2,0.2561455835783821,0.14853365592657855,0.04805362646517682,0.04913620248262703,0.09257948188599859,0.09376613819231949,0.04826512604177863,5,65,0.020423511523283797,0.03689021918658231,True,False,True,2.3339838527817607e-05,COMPLETE
1289,0.5338143348693848,2025-04-08 21:18:05.302110,2025-04-08 21:18:43.157911,0 days 00:00:37.855801,0.11653245788226378,0.39465809786369527,2,0.26543954408819076,0.14415982111395084,0.041125461214802296,0.04686445335631625,0.09501294288502114,0.09191325670330243,0.03874830399100461,5,71,0.021894786360472204,0.032364672627230945,True,False,False,2.976058911609451e-05,COMPLETE
1290,0.39839140176773075,2025-04-08 21:18:43.567211,2025-04-08 21:19:03.392985,0 days 00:00:19.825774,0.15594191211749453,0.40011443584896633,16,0.25311210648505944,0.1584198749594022,0.038276597254829604,0.0461110759134409,0.09756849098249237,0.09010701259242962,0.06604403868839098,5,66,0.022504305691149338,0.04624072172525308,True,False,False,1.860574585487304e-05,COMPLETE
1291,0.5052870988845826,2025-04-08 21:19:03.812557,2025-04-08 21:19:41.461753,0 days 00:00:37.649196,0.13605115583147093,0.4247859350396717,2,0.2596829729440477,0.14305999197364688,0.04396734522620044,0.04813162265894313,0.09799255534072103,0.09350816037882616,0.05543636081427784,5,69,0.01945080106078358,0.029413907694164364,True,False,False,6.633427322223207e-06,COMPLETE
1292,0.5503466248512269,2025-04-08 21:19:41.887906,2025-04-08 21:20:19.871993,0 days 00:00:37.984087,0.10764496788747988,0.3779926402704345,2,0.25349456334251114,0.14023973300366196,0.04623555522919168,0.044420773513935266,0.09585927322073319,0.08969853369394934,0.046225630038652286,5,64,0.01769565995457074,0.03920615348111553,True,False,False,2.6222943265807728e-05,COMPLETE
1293,0.5136267066001892,2025-04-08 21:20:20.278309,2025-04-08 21:20:57.486666,0 days 00:00:37.208357,0.10708861124851973,0.3767013514391476,2,0.26175498138486014,0.13504358863712057,0.04588219386071621,0.04271867480847708,0.09172394285980495,0.09003197650429916,0.04273940567399812,5,64,0.01586497955472893,0.040047010671711084,True,False,False,2.486543198854947e-05,COMPLETE
1294,0.37473217248916624,2025-04-08 21:20:57.897909,2025-04-08 21:21:35.574731,0 days 00:00:37.676822,0.18236263194405475,0.3750443777130324,2,0.2675161325666856,0.13674268255763194,0.04280056171626228,0.044176400503069126,0.09552126186657858,0.09250303794664244,0.05381070319404414,5,64,0.01194495971673481,0.04933100564282433,True,False,False,3.164123178157787e-05,COMPLETE
1295,0.5165074944496155,2025-04-08 21:21:35.988943,2025-04-08 21:22:16.808994,0 days 00:00:40.820051,0.1362535017804016,0.3965522002362074,2,0.25412303370713285,0.14824229448272475,0.04872257621818534,0.04470562493751796,0.09377844929607593,0.08951549484552698,0.07430374060105006,6,62,0.01644167380618035,0.03700424596112845,True,False,False,2.2541261762422322e-05,COMPLETE
1296,0.5301175832748414,2025-04-08 21:22:17.240096,2025-04-08 21:22:54.350765,0 days 00:00:37.110669,0.1070032713500111,0.3745297553213585,2,0.25682454010669153,0.14203489606255243,0.04659357024889053,0.042598270163125805,0.09700924217579886,0.08886198059898938,0.04619327742168784,5,66,0.01878537862269699,0.04500982600926157,True,False,False,2.950240667677325e-05,COMPLETE
1297,0.38622414469718935,2025-04-08 21:22:54.771411,2025-04-08 21:23:35.926466,0 days 00:00:41.155055,0.15935448153454057,0.4096199060359908,2,0.267159514028062,0.13457986722929813,0.045863655645480776,0.04499168537723658,0.09552699315389838,0.09205890117536591,0.03764468406371441,6,63,0.013305058088993356,0.039890415200669556,True,False,False,1.769042741112252e-05,COMPLETE
1298,0.5247266173362732,2025-04-08 21:23:36.343423,2025-04-08 21:24:13.660852,0 days 00:00:37.317429,0.12350151060078192,0.37599985062868396,2,0.2597031695447933,0.12883317000427785,0.0488332255364425,0.04250258138044679,0.09835395251634037,0.09058934678453882,0.06245513993376723,5,69,0.016706451287894646,0.031232810475955875,True,False,False,2.251909828492756e-05,COMPLETE
1299,0.5511001944541931,2025-04-08 21:24:14.078037,2025-04-08 21:24:51.450326,0 days 00:00:37.372289,0.14620101094716081,0.4297982634814565,2,0.2501571355209762,0.1492432346977254,0.04328377813518725,0.045525912984576845,0.09974843814008813,0.08948506596209506,0.04677470818861832,5,61,0.018517540904364443,0.03657983221489894,True,False,False,1.5383676981951456e-05,COMPLETE
1300,0.21706463098526002,2025-04-08 21:24:51.869246,2025-04-08 21:25:32.057312,0 days 00:00:40.188066,0.09491922064899407,0.4157274421857528,2,0.24762901721894667,0.13895920303009215,0.047925335313715116,0.04165939914786854,0.09149325140515997,0.09292799976740697,0.04043686075204495,6,60,0.01738313673190459,0.028952359095608622,False,False,False,1.0639436848607197e-05,COMPLETE
1301,0.48189110159873966,2025-04-08 21:25:32.471599,2025-04-08 21:26:10.547088,0 days 00:00:38.075489,0.16556060561241934,0.41507371118115094,2,0.24791598203721424,0.14895959324142674,0.04595057232262462,0.04412780656038958,0.09330151571185388,0.09091597462110829,0.03519061119736623,5,85,0.01691094058855796,0.03555417765975084,True,False,False,1.2901350906655757e-05,COMPLETE
1302,0.5167509436607362,2025-04-08 21:26:10.965664,2025-04-08 21:26:48.394377,0 days 00:00:37.428713,0.11699502107365436,0.4247479571177565,2,0.24792564825073468,0.14294630273429454,0.043975343446253735,0.04380433599368929,0.09674949788117286,0.09336234666384356,0.04329765534282765,5,78,0.018069843100302227,0.027465027893454015,True,False,False,9.358489736886523e-06,COMPLETE
1303,0.09188934862613678,2025-04-08 21:26:48.807225,2025-04-08 21:27:21.543632,0 days 00:00:32.736407,0.20371148904230946,0.42978206963868826,2,0.25262371521034876,0.1297380099459858,0.041350700756667046,0.046039802494788014,0.09470615089121409,0.08893128225739781,0.055836890836357886,5,60,0.016155073212156153,0.0362480572906179,True,True,False,1.532664786541243e-05,COMPLETE
1304,0.5085123181343079,2025-04-08 21:27:21.961607,2025-04-08 21:28:02.951172,0 days 00:00:40.989565,0.1350819808264242,0.43649188639620934,2,0.24771015746593947,0.14985230130886942,0.039539182704308826,0.043138245345918536,0.09987828074063541,0.08764071504412962,0.03487382821462681,6,66,0.019759826044929728,0.029384019194154235,True,False,False,1.34869516015658e-05,COMPLETE
1305,0.5265282273292542,2025-04-08 21:28:03.364474,2025-04-08 21:28:43.569784,0 days 00:00:40.205310,0.18587012278514406,0.43933503297064685,2,0.2536286856301437,0.13937894936223538,0.044746638314169605,0.04193644145339734,0.09698817984538087,0.09352496822623353,0.045143972006689195,6,63,0.018446518519697426,0.042939440755175924,True,False,False,1.5619309764980882e-05,COMPLETE
1306,0.371852993965149,2025-04-08 21:28:44.005082,2025-04-08 21:29:21.369863,0 days 00:00:37.364781,0.10210764354279792,0.40261990190753144,2,0.24468801759925574,0.15737679785191522,0.04947198644138151,0.04537839692508941,0.09797006630062763,0.09064449441990932,0.06711691116527646,5,59,0.014914152295217038,0.035579303153017626,True,False,False,1.8257747981195033e-05,COMPLETE
1307,0.09177420437335969,2025-04-08 21:29:21.790014,2025-04-08 21:29:54.948952,0 days 00:00:33.158938,0.15929368376265957,0.4351615819617941,2,0.2535330982334496,0.14566707482080438,0.047449183969327825,0.04124309720281725,0.09555179316767203,0.08822160790540119,0.09904194106642304,5,68,0.01307526538080791,0.0477888846814978,True,False,True,2.7402985021262117e-05,COMPLETE
1308,0.3655117809772491,2025-04-08 21:29:55.366623,2025-04-08 21:30:35.939012,0 days 00:00:40.572389,0.11896541095986171,0.4297188715921948,2,0.24429945149659044,0.15560112766796572,0.04186137803170755,0.04585395138220458,0.09989995667574986,0.09255553008860296,0.04860900625810019,6,64,0.014106079132196412,0.028499546922119704,True,False,False,8.06103831952679e-06,COMPLETE
1309,0.5389516472816468,2025-04-08 21:30:36.354111,2025-04-08 21:31:13.830931,0 days 00:00:37.476820,0.14347372024319116,0.4118389929221428,2,0.25258105979296375,0.1365133300129459,0.04540964972010058,0.04404104917309065,0.09187378391348035,0.08636466751645991,0.03489741377446768,5,60,0.021178435263757622,0.04023643017804761,True,False,False,1.2269612026468609e-05,COMPLETE
