number,value,datetime_start,datetime_complete,duration,params_alpha-eval,params_alpha-train,params_batch-size,params_eps-eval,params_eps-train,params_lambda-actions-eval,params_lambda-actions-train,params_lambda-frames-eval,params_lambda-frames-train,params_learning-rate,params_n-epochs,params_n-frames,params_radius-gw,params_rho,params_std-feats,params_ub-actions,params_ub-frames,params_weight-decay,state
968,0.5254386186599732,2025-04-19 23:04:39.085327,2025-04-19 23:05:08.919216,0 days 00:00:29.833889,0.34008707526531273,0.34725658229139567,8,0.0066365248898057096,0.0358420969381877,0.039047610993023965,0.04398372605340033,0.004245664232647658,0.08952057665564322,0.01656457258091465,15,27,0.0736173335111431,0.10272391464349168,True,False,False,0.0007567257048926397,COMPLETE
969,0.5023559212684632,2025-04-19 23:05:09.219357,2025-04-19 23:05:39.469045,0 days 00:00:30.249688,0.29677000545177556,0.3232946555259346,8,0.29299458588328786,0.05176405197919376,0.03401766542642273,0.03217765544970994,0.0069769187739415015,0.09212749601234647,0.007292992290372637,14,40,0.06178630307267208,0.2795986213936635,True,False,False,0.00026054616360274063,COMPLETE
970,0.47537938356399534,2025-04-19 23:05:39.783298,2025-04-19 23:06:10.499912,0 days 00:00:30.716614,0.14678139560297973,0.20260222188971183,8,0.11791796463055676,0.0604378259491397,0.055923960646411135,0.05847606117738354,0.002953146717000549,0.08659507950916984,0.02657122643365986,15,37,0.05236986188123732,0.11617086657898014,True,False,False,0.0003765623710746157,COMPLETE
971,0.5031095504760743,2025-04-19 23:06:10.810703,2025-04-19 23:06:51.006634,0 days 00:00:40.195931,0.41775135496368265,0.5224506440974782,8,0.1970403036605409,0.02947374378135154,0.0641115558894392,0.05545840110739934,0.02180332830533244,0.08379649608721214,0.0220915991855139,27,31,0.059986660443147904,0.28925338194143607,True,False,False,0.0008251056915502868,COMPLETE
972,0.45630453228950507,2025-04-19 23:06:51.319135,2025-04-19 23:07:21.445695,0 days 00:00:30.126560,0.36024105505661086,0.4945375427076715,16,0.12486004005912149,0.03863253454930346,0.03696843804649599,0.062139313347085175,0.014465909902546585,0.09339904595598801,0.012248551076212448,27,36,0.06530897695064845,0.13127789099313836,True,False,False,2.2667364730548194e-06,COMPLETE
973,0.5139857649803162,2025-04-19 23:07:21.762279,2025-04-19 23:07:50.229111,0 days 00:00:28.466832,0.31796394813485185,0.1752394491332481,8,0.023076423673819752,0.045251117193992434,0.03155697756570136,0.050232251662377506,0.005400814163141738,0.09772565438232064,0.0030597414660012423,13,41,0.054722010531726414,0.004474267718325542,True,False,False,0.000621407991789798,COMPLETE
974,0.4886715114116669,2025-04-19 23:07:50.528294,2025-04-19 23:08:24.234361,0 days 00:00:33.706067,0.751893933334902,0.3771228928060674,8,0.05637628032278304,0.019690628515880743,0.042070181952430195,0.04789692987999801,0.018808449000308525,0.06332336644287247,0.018294557556748345,26,9,0.06303497539546765,0.10965692745065207,True,False,True,6.041749454952291e-06,COMPLETE
975,0.5080101370811463,2025-04-19 23:08:24.547385,2025-04-19 23:08:51.234114,0 days 00:00:26.686729,0.3934826247720978,0.6415120040554624,8,0.01060563112866545,0.05398464552782962,0.05803051613706788,0.059481319513087105,0.0010924481651200335,0.09086342426988793,0.014660067668118903,11,33,0.05924763045429484,0.07840755375366003,True,False,False,0.000490552701016986,COMPLETE
976,0.4288740277290345,2025-04-19 23:08:51.546372,2025-04-19 23:09:21.620952,0 days 00:00:30.074580,0.3437025666673763,0.12731390558117617,8,0.07839918337499191,0.06316540847314378,0.0598241867201323,0.055602693235557346,0.011363541170886749,0.08827343284237567,0.009709608998814095,14,19,0.056978522591391655,0.28440286157218253,True,False,False,0.0009914628227969933,COMPLETE
977,0.516171407699585,2025-04-19 23:09:21.938344,2025-04-19 23:09:51.067551,0 days 00:00:29.129207,0.2946577556471881,0.16507097918435815,8,0.13912259848767702,0.04872068645599934,0.025708534035627076,0.05278538266301242,0.007411011845650585,0.0952089344254674,0.0049365312527094776,13,36,0.061365547111556375,0.12232090545940062,True,False,False,0.0006701265311014618,COMPLETE
978,0.507734501361847,2025-04-19 23:09:51.384437,2025-04-19 23:11:43.540275,0 days 00:01:52.155838,0.32026967774335297,0.19699838435930472,2,0.01785894037221532,0.05650529284649579,0.039264120151666485,0.027928779552174078,0.004209833597109027,0.0936487985271722,0.017928559117853144,28,30,0.05413671824823045,0.28968330990855473,True,False,False,0.0008108682922227191,COMPLETE
979,0.09188934862613678,2025-04-19 23:11:43.842289,2025-04-19 23:12:12.786032,0 days 00:00:28.943743,0.3769900983918897,0.3478704629970745,8,0.00014044794820974177,0.04054522963495774,0.035556653026424606,0.045065685154425876,0.0036372496285108015,0.09649468290887334,0.023773070659101555,15,39,0.06968731322064634,0.2781128845325507,False,False,False,0.00042630698087777694,COMPLETE
980,0.4882943868637085,2025-04-19 23:12:13.101858,2025-04-19 23:12:35.788509,0 days 00:00:22.686651,0.35060348804465596,0.557869605249259,16,0.03049816718391453,0.05008717652487039,0.04421544176261494,0.042291578599149705,0.005505796216641256,0.09092474322559849,0.030812575756004806,12,34,0.05196005242812398,0.2950108573276325,True,False,False,0.0005509129258773945,COMPLETE
981,0.47673966288566594,2025-04-19 23:12:36.101167,2025-04-19 23:13:05.172537,0 days 00:00:29.071370,0.3290966774868556,0.21293951425945928,8,0.007215268647250271,0.043152530349419654,0.04124897145607548,0.057302137411089596,0.0026577080245384446,0.0922711363457716,0.01174353062483297,14,25,0.06455820718432773,0.09830548547569803,True,False,False,0.0008114801952250126,COMPLETE
982,0.47226549983024596,2025-04-19 23:13:05.489828,2025-04-19 23:13:35.453249,0 days 00:00:29.963421,0.30174487520205007,0.1434757799630709,8,0.045249482233314466,0.032277361549644036,0.03703806799555074,0.04929174595312694,0.013104224616904706,0.08586250128320491,0.014431416121931795,18,42,0.05782175399009831,0.28450498162778876,True,False,True,0.000634065485112653,COMPLETE
983,0.2762422502040863,2025-04-19 23:13:35.772716,2025-04-19 23:14:11.221652,0 days 00:00:35.448936,0.36604018382479064,0.17072631062548152,8,0.023159695971274773,0.057995847493316516,0.03323836139992819,0.05442069702563175,0.007960060191726088,0.09998209147284011,0.02080002552210774,26,37,0.07829293202325725,0.26858791837937257,True,True,False,1.710986876870283e-06,COMPLETE
984,0.5024866938591004,2025-04-19 23:14:11.541159,2025-04-19 23:14:42.101881,0 days 00:00:30.560722,0.2862337041670432,0.12013444195135575,8,0.28550887159194227,0.0644294974244361,0.050227585618731516,0.046727444146387145,0.020960159809601968,0.09530352569922648,0.01685437802128213,15,32,0.05933365593323429,0.11388933837118895,True,False,False,0.00034206745344293824,COMPLETE
985,0.5115106582641602,2025-04-19 23:14:42.405193,2025-04-19 23:15:11.451046,0 days 00:00:29.045853,0.31391826495675884,0.3870306500960855,8,0.051084149972600745,0.05157057148116384,0.03923197317709812,0.06436094401315112,0.005910937941513046,0.08944868498230488,0.007530251457424068,13,40,0.06253150999346417,0.29052780857839827,True,False,False,0.0009978865344488276,COMPLETE
986,0.501839554309845,2025-04-19 23:15:11.765915,2025-04-19 23:15:42.016616,0 days 00:00:30.250701,0.40313637767988003,0.3156033949024793,16,0.010927406000956182,0.036079803863334016,0.05314914939678897,0.05155109335681185,0.01599381130775177,0.09807806884095435,0.011834254546250098,29,29,0.08185226560717465,0.12249588453838878,True,False,False,0.0005271670376954473,COMPLETE
987,0.5399402379989624,2025-04-19 23:15:42.332941,2025-04-19 23:16:22.630031,0 days 00:00:40.297090,0.34046694238246117,0.1545145112268171,8,0.015067879418108098,0.022795315822194663,0.04697688290949674,0.05938684581233562,0.0010611585404065689,0.08260159150857885,0.006176684690374766,27,35,0.06620769984464654,0.13378762623190743,True,False,False,0.0006779157230355688,COMPLETE
988,0.5317396521568298,2025-04-19 23:16:22.947732,2025-04-19 23:17:03.903287,0 days 00:00:40.955555,0.33158266924807733,0.13592584261972815,8,0.015195567193393862,0.022401416523441478,0.048516921226000265,0.06185172746354005,0.0010106479710932058,0.08442663769183971,0.005134213033435911,28,34,0.07103856527285086,0.14393800973219295,True,False,False,0.0009998627208505227,COMPLETE
989,0.09188934862613678,2025-04-19 23:17:04.222193,2025-04-19 23:17:43.592711,0 days 00:00:39.370518,0.3058236562038666,0.15163490283086123,8,0.019342389575417666,0.0012741454907485572,0.04438669329535101,0.0597576907368451,0.0010362470110042228,0.0817561501225826,0.0035356258096138583,27,27,0.06570135620283403,0.15236094608984507,True,False,False,0.0007901879808221127,COMPLETE
990,0.09188934862613678,2025-04-19 23:17:43.897598,2025-04-19 23:18:23.513262,0 days 00:00:39.615664,0.27615732161429707,0.09470241055405951,8,0.014242168389379944,0.009832076125502298,0.0471111487539104,0.06022921339780395,0.002439565263620992,0.0853968790381971,0.00544573066993188,27,31,0.06871158649664595,0.13768710244535684,True,False,False,0.0006590986689670349,COMPLETE
991,0.46080596446990973,2025-04-19 23:18:23.831032,2025-04-19 23:19:00.103725,0 days 00:00:36.272693,0.33862199831563733,0.16186930436280655,8,0.024031403991033512,0.026456984537248353,0.04660620967040182,0.0628693767604069,0.0028741676223283455,0.08273836213532053,0.005752877526354222,27,37,0.06718818910075798,0.13349533426167423,True,False,True,0.0008078507910428143,COMPLETE
992,0.5275974631309509,2025-04-19 23:19:00.423185,2025-04-19 23:19:41.432337,0 days 00:00:41.009152,0.3177180300164225,0.1876710658090473,8,0.005223914308302357,0.014879035172000357,0.04704213698598603,0.058667049293888544,0.0038056607679605716,0.08717742115616713,0.006396216879188893,28,34,0.06684908374231055,0.1463998328547069,True,False,False,0.0006894683926333866,COMPLETE
993,0.4931648373603821,2025-04-19 23:19:41.750803,2025-04-19 23:20:08.821992,0 days 00:00:27.071189,0.2849101279320086,0.14282058290815594,16,0.01844686589004301,0.028586267432098075,0.04884814420593884,0.057242593208122416,0.0010017809801851991,0.08392428433170236,0.004171717558054431,20,42,0.0679781596382426,0.1349940092886656,True,False,False,0.00045911989981690666,COMPLETE
994,0.5274786710739136,2025-04-19 23:20:09.142652,2025-04-19 23:20:51.259526,0 days 00:00:42.116874,0.34551894550422785,0.10970895268602238,8,0.011626863984290817,0.0727509973125192,0.045617080547936235,0.060058724873798895,0.004292877509454395,0.08809371776957149,0.006180612914586696,29,38,0.07070799799806445,0.12917882665259323,True,False,False,0.0005780493318841548,COMPLETE
995,0.4976254105567932,2025-04-19 23:20:51.583490,2025-04-19 23:21:16.188341,0 days 00:00:24.604851,0.2997163866092012,0.17739540744789795,8,0.028627225762865513,0.021954881196708118,0.044804893089533594,0.06172051669256954,0.0029671367574948763,0.09373770080933844,0.004391417316379197,8,45,0.06449044067959961,0.14225828201489224,True,False,False,0.0008076567712281036,COMPLETE
996,0.5160135626792908,2025-04-19 23:21:16.494574,2025-04-19 23:21:57.850909,0 days 00:00:41.356335,0.3285606169142563,0.1583224346864964,8,0.007301607596077686,0.016519103954850956,0.047343044173582906,0.05652208917363031,0.005235512855222413,0.09138177677581592,0.007298554850440441,28,33,0.06591719489251578,0.1286385011778356,True,False,False,0.0009929809118604273,COMPLETE
997,0.44304644465446474,2025-04-19 23:21:58.167155,2025-04-19 23:22:28.028806,0 days 00:00:29.861651,0.3771185125133898,0.13408678742115415,8,0.01576572679270298,0.011997404615658482,0.042217812469800116,0.06572716842306037,0.002731952768564999,0.08592598777112448,0.008510485486081038,15,29,0.0633474827575892,0.14104482459249792,True,False,False,4.2474207420645865e-07,COMPLETE
998,0.3060707986354828,2025-04-19 23:22:28.345476,2025-04-19 23:23:08.412081,0 days 00:00:40.066605,0.3120649064109809,0.19660202378011918,8,0.02448996468080581,0.021903075444856358,0.0432674721428698,0.058130478937138796,0.006841312551136616,0.09659618437921982,0.00021726792063122378,27,40,0.06551966274723679,0.12749280826341072,False,False,False,0.0006820356710130759,COMPLETE
999,0.3962207674980164,2025-04-19 23:23:08.736766,2025-04-19 23:23:30.884252,0 days 00:00:22.147486,0.35324224217969974,0.1700713001012768,16,0.019821383322224998,0.2756847066492065,0.04927116677437766,0.05536837298660562,0.010025545074842416,0.09426309140443885,0.006550388961827461,14,35,0.07222130654361614,0.13409829301849222,True,False,True,0.00042093613176785114,COMPLETE
1000,0.09188934862613678,2025-04-19 23:23:31.207309,2025-04-19 23:23:59.317703,0 days 00:00:28.110394,0.2891256127477093,0.14810812061005868,8,0.006034517029843725,0.0070840365524002455,0.043591753616029884,0.05920585536207184,0.004227416314698762,0.08848719987867641,0.007729393280658258,13,38,0.06121220334410926,0.12512477117086884,True,False,False,0.0005631881723642629,COMPLETE
1001,0.44079769849777223,2025-04-19 23:23:59.643244,2025-04-19 23:25:01.192920,0 days 00:01:01.549676,0.3279966031993761,0.11776397597258287,2,0.01141758460368024,0.020281027531848295,0.04572844331614705,0.061602244142886675,0.001023052724394075,0.09002003047511548,0.009366504193608058,12,114,0.06237468707002702,0.1178009762534441,True,False,False,0.0006959025669539578,COMPLETE
1002,0.2879953503608704,2025-04-19 23:25:01.499691,2025-04-19 23:25:37.888169,0 days 00:00:36.388478,0.36188194819280733,0.208900066658153,8,0.03350386795687213,0.02627959610974547,0.04113930639036125,0.05717075772854374,0.005610794716739319,0.08320875616498605,0.005510602317806558,28,31,0.06774570434655025,0.13480969037205148,True,True,False,0.0009996847797535896,COMPLETE
1003,0.49977114200592043,2025-04-19 23:25:38.210102,2025-04-19 23:26:09.213079,0 days 00:00:31.002977,0.26836205459551876,0.1809872238261467,8,0.02765406707854303,0.029576712366657397,0.03851666201819437,0.05440891094069483,0.002867654730245431,0.09234018917642392,0.009814865378719992,16,42,0.06385989324126064,0.12058070299938657,True,False,False,0.0007850530536352578,COMPLETE
1004,0.5160197138786317,2025-04-19 23:26:09.535893,2025-04-19 23:26:42.016746,0 days 00:00:32.480853,0.31254318715644064,0.16438667248791064,8,0.01518483149465012,0.015466345576801283,0.03564145059327976,0.05238075431970309,0.09655986144413503,0.04243423583025726,0.004527193852035184,15,88,0.06034488305029015,0.13063339046545563,True,False,False,0.0005013510497119256,COMPLETE
1005,0.48908228874206544,2025-04-19 23:26:42.339752,2025-04-19 23:27:11.972440,0 days 00:00:29.632688,0.38355845383427906,0.13005319655461875,8,0.06555251962394532,0.024917734012714098,0.039754293841054014,0.06365187346289569,0.0042127913228555665,0.09785044541641605,0.007444629052910834,14,36,0.06670705975712164,0.12656085731758912,True,False,False,1.4838078576670418e-07,COMPLETE
1006,0.49117262363433845,2025-04-19 23:27:12.298756,2025-04-19 23:27:52.157327,0 days 00:00:39.858571,0.3378583983681073,0.22220911659250267,8,0.005077987246310379,0.03350844067054963,0.04286424238790946,0.05625102393412569,0.007989820729208784,0.09613729633764427,0.009924407480580594,27,33,0.06418686207040249,0.10590834368667848,True,False,False,0.00029659114477831815,COMPLETE
1007,0.5330968856811523,2025-04-19 23:27:52.483104,2025-04-19 23:28:18.224957,0 days 00:00:25.741853,0.2897764232845342,0.08430029691140743,16,0.04114478009763317,0.06337099980370212,0.03370086577999363,0.05860978276784773,0.002587631356852806,0.09421950515633953,0.011808585975792617,17,40,0.061387922428336,0.20342582924141747,True,False,False,0.0008245083746441439,COMPLETE
1008,0.4669983386993408,2025-04-19 23:28:18.534930,2025-04-19 23:28:41.346690,0 days 00:00:22.811760,0.3085234119762972,0.1924292712818193,8,0.12297644687519795,0.0610275398285576,0.01767419004699363,0.04791238818439387,0.005212441156608136,0.09086881703738216,0.008541652341540518,9,26,0.06855046758427197,0.11307883901253893,True,False,True,0.0006097375511839034,COMPLETE
1009,0.4818412661552429,2025-04-19 23:28:41.667459,2025-04-19 23:29:12.946380,0 days 00:00:31.278921,0.3529700274805763,0.14551037316359144,8,0.024481231799711595,0.031156347699077255,0.03771211731471538,0.043603392914228836,0.006855037229957465,0.08654871406508215,0.006421269808243314,16,44,0.05904974214312056,0.13809856758880928,True,False,False,0.0004303036846977265,COMPLETE
1010,0.49081342816352846,2025-04-19 23:29:13.267965,2025-04-19 23:29:39.393901,0 days 00:00:26.125936,0.4237233345608549,0.17499606617017993,8,0.011536271132730836,0.03831359008547308,0.04112087060499116,0.05344598457720182,0.009970120467773593,0.09780457437353463,0.013873008209848527,10,36,0.06368639594700261,0.1220431209407132,True,False,False,0.0006653548729312681,COMPLETE
1011,0.4949876666069031,2025-04-19 23:29:39.718653,2025-04-19 23:30:08.936252,0 days 00:00:29.217599,0.27829796182785543,0.15714212550453932,8,0.021410177870584846,0.02083236382967475,0.0460917518221879,0.050368303265155574,0.0026361738485511494,0.09260934084818505,0.010054132589619893,13,47,0.056978814219464366,0.11735035713757123,True,False,False,0.0008119024440333864,COMPLETE
1012,0.4927506446838379,2025-04-19 23:30:09.262023,2025-04-19 23:30:50.273078,0 days 00:00:41.011055,0.3258525571783444,0.12363595260911214,8,0.11555995897321861,0.06882439410881219,0.03164175734015431,0.06028660871906037,0.0011417912203825226,0.09602369578312026,0.01180599345998147,28,29,0.06041102612405406,0.15112847971375365,True,False,False,3.2152021528297263e-06,COMPLETE
1013,0.4540536880493164,2025-04-19 23:30:50.603191,2025-04-19 23:31:12.856360,0 days 00:00:22.253169,0.3969779472058218,0.5915433116463629,16,0.031080771665855222,0.05734613795315795,0.03534607800718667,0.05683061452056899,0.004503599183086064,0.08956018052492205,0.003693589252047364,15,5,0.06191341603075753,0.29996416223051336,True,False,False,0.00035409079364566307,COMPLETE
1014,0.09188934862613678,2025-04-19 23:31:13.166195,2025-04-19 23:31:41.773678,0 days 00:00:28.607483,0.36976261010191713,0.21180098140105377,8,0.00028268432625004267,0.05389025164421847,0.03763896420228825,0.054610500735915404,0.008000893005548343,0.08084824401459044,0.012398451375380629,14,39,0.06553030963012377,0.13144775047934393,True,False,False,0.0004915651480947284,COMPLETE
1015,0.5010154724121094,2025-04-19 23:31:42.097160,2025-04-19 23:32:18.274465,0 days 00:00:36.177305,0.30354220945031885,0.18922528033278416,8,0.03795557010843603,0.07925548322825537,0.04864637195523819,0.04574423074271827,0.011907807189629405,0.09462409373195242,0.014520057032938979,27,34,0.0586363365162432,0.09375531666226654,True,False,True,0.0005805284538788946,COMPLETE
1016,0.5315783381462097,2025-04-19 23:32:18.608979,2025-04-19 23:32:46.407358,0 days 00:00:27.798379,0.3387370543090907,0.22675369079075977,8,0.01676306200422236,0.04343271076845508,0.04437920002213373,0.061039315998792365,0.00593395786012895,0.0999705165641367,0.008706037384933621,12,37,0.06294959442431146,0.12510555041441393,True,False,False,0.0009968563799221087,COMPLETE
1017,0.25035545229911804,2025-04-19 23:32:46.732490,2025-04-19 23:33:15.566846,0 days 00:00:28.834356,0.2790545632117531,0.1554493562176212,8,0.005590859652630335,0.03584721519894118,0.040388028896407815,0.04912689405704089,0.003703375839999511,0.08377264871290042,0.01549755828359476,14,32,0.056389976671802344,0.109454134388806,False,False,False,0.0008165209986171404,COMPLETE
1018,0.48634995222091676,2025-04-19 23:33:15.894227,2025-04-19 23:33:47.413684,0 days 00:00:31.519457,0.35253646683469536,0.05600067704511705,8,0.05000415010912433,0.06558461055453903,0.042314579776964054,0.05768253939780301,0.0026437095404887993,0.08773852166086712,0.006985094518186703,16,42,0.0600214611012977,0.11838487980411501,True,False,False,0.000683912053076408,COMPLETE
1019,0.5279815912246704,2025-04-19 23:33:47.744644,2025-04-19 23:34:12.217278,0 days 00:00:24.472634,0.26636418167158793,0.10140264972420722,16,0.010082467499816273,0.028554305131898768,0.03666402317319565,0.04126095969911896,0.006353573192192713,0.09288327720348893,0.010219362758430042,15,36,0.07437271186266244,0.2960371767008962,True,False,False,0.0005210460700848234,COMPLETE
1020,0.4800569593906403,2025-04-19 23:34:12.529542,2025-04-19 23:34:39.549129,0 days 00:00:27.019587,0.3240150920428407,0.1833425552707654,8,0.019868013756734085,0.0495894191047842,0.03433796205718596,0.05192455394730563,0.08681633699088859,0.09075629226222404,0.0022939779457180017,11,39,0.06999948910612587,0.1387357915396912,True,False,False,1.1289044787553e-06,COMPLETE
1021,0.40168457031250004,2025-04-19 23:34:39.873704,2025-04-19 23:35:05.660335,0 days 00:00:25.786631,0.29738713395713157,0.20365144280143382,8,0.00015503141151948854,0.058768065631274985,0.029431402677261832,0.05884562888769908,0.009091029738243833,0.09644494728828304,0.004975309378937161,13,23,0.06619255823667786,0.2922737522657183,True,True,False,0.0009970333173830175,COMPLETE
1022,0.4768893718719483,2025-04-19 23:35:05.985713,2025-04-19 23:36:12.175051,0 days 00:01:06.189338,0.37593871984808835,0.13588783147053754,2,0.028194854753970797,0.04581749100894409,0.03934292091041981,0.05578749192542676,0.004427253030605324,0.09840850775419666,0.016872986800901688,14,30,0.06159974604447583,0.11326563910230245,True,False,False,0.0003999073568830666,COMPLETE
1023,0.4611855983734131,2025-04-19 23:36:12.505813,2025-04-19 23:36:49.210233,0 days 00:00:36.704420,0.34407154989160316,0.23552782835835095,8,0.014199587387242764,0.03887810400205902,0.037661823866049646,0.047290436516264814,0.014566849611130677,0.09401709493226419,0.013283984307268546,27,34,0.0591366705108492,0.126494275040995,True,False,True,0.0006764638947919603,COMPLETE
