number,value,datetime_start,datetime_complete,duration,params_alpha-eval,params_alpha-train,params_batch-size,params_eps-eval,params_eps-train,params_lambda-actions-eval,params_lambda-actions-train,params_lambda-frames-eval,params_lambda-frames-train,params_learning-rate,params_n-epochs,params_n-frames,params_radius-gw,params_rho,params_std-feats,params_ub-actions,params_ub-frames,params_weight-decay,state
683,0.4931004881858826,2025-04-08 14:45:36.557153,2025-04-08 14:46:16.846148,0 days 00:00:40.288995,0.4355785406236829,0.30870395376133947,2,0.295709911772485,0.10292233213327452,0.08002358352782993,0.06982059128465237,0.04816341187982854,0.07060992986136766,0.0016999083330223983,6,39,0.030316057121604813,0.1920625927647875,True,False,False,4.3148929241278955e-08,COMPLETE
684,0.09188934862613678,2025-04-08 14:46:17.054931,2025-04-08 14:46:59.860218,0 days 00:00:42.805287,0.40347114727692635,0.3329956289041749,2,0.2954642722243194,0.0003662934131508141,0.08534191678981384,0.0678025620505575,0.04620902021199973,0.06724075621252844,0.0012077172663367752,7,35,0.02700272859938499,0.18715778746580405,True,False,False,5.303478145382257e-08,COMPLETE
685,0.13301166892051697,2025-04-08 14:47:00.082372,2025-04-08 14:47:41.536816,0 days 00:00:41.454444,0.44099863148038354,0.29395527285707357,2,0.2949845679925606,0.018802334365455035,0.08112416639777727,0.06934059477393102,0.045143081969706705,0.06814810373559751,0.001690143536450003,8,31,0.028520598218082657,0.18972770167538786,True,False,True,5.8489376346651194e-08,COMPLETE
686,0.38085482120513914,2025-04-08 14:47:41.746425,2025-04-08 14:48:24.970419,0 days 00:00:43.223994,0.4211433448383373,0.29419314404488645,2,0.07395328690927205,0.01077993640760957,0.08402132355806755,0.07107761715297832,0.043388252776402424,0.06753555947834387,0.0015229013951166567,7,27,0.031653042099566646,0.19587223934564363,True,False,False,3.688501753001701e-08,COMPLETE
687,0.5181488037109375,2025-04-08 14:48:25.192363,2025-04-08 14:49:11.941927,0 days 00:00:46.749564,0.4008008229300623,0.31758757427977424,2,0.2894905590497938,0.023838645228476767,0.08248025913140739,0.0672536019360829,0.05078761258893629,0.06676868961869155,0.001964273505398206,8,38,0.03268952267545479,0.185499392467647,True,False,False,5.0281855777665174e-08,COMPLETE
688,0.4968334436416626,2025-04-08 14:49:12.164911,2025-04-08 14:49:55.433508,0 days 00:00:43.268597,0.3975651521537065,0.3594830300528121,2,0.2992231577079159,0.01596604024060691,0.07714932314349864,0.06791878544203477,0.050714839745852024,0.07281588852405739,0.0015235281911480235,7,38,0.03276428788027107,0.2130265983363785,True,False,False,4.289885588561178e-08,COMPLETE
689,0.4816128253936768,2025-04-08 14:49:55.644473,2025-04-08 14:50:42.463391,0 days 00:00:46.818918,0.39289405115129483,0.34641559243251596,2,0.291721016849081,0.021834525485958017,0.07765709894412395,0.06704357828604403,0.056048633208333,0.06991346173994623,0.0022503025258521735,8,42,0.029211558224983378,0.18348972338613512,True,False,False,3.0005418061775606e-08,COMPLETE
690,0.09188934862613678,2025-04-08 14:50:42.686865,2025-04-08 14:51:28.917110,0 days 00:00:46.230245,0.41434049005615375,0.32512149404402385,2,0.2889340556752114,0.008134211640478266,0.0850790267121127,0.07170161460285167,0.04728582578030953,0.06636877958480213,0.0020538130352739823,8,35,0.03241585933990672,0.20196446078474492,True,False,False,5.392928189404218e-08,COMPLETE
691,0.4952947854995728,2025-04-08 14:51:29.128827,2025-04-08 14:52:15.932079,0 days 00:00:46.803252,0.1798711858305957,0.3106355740056857,2,0.15856021787392735,0.01282805926396662,0.0814297902650411,0.0659603401983586,0.05439841151668377,0.06858470786550233,0.001079417195843184,8,38,0.030485855533879024,0.18776412662537717,True,False,False,3.591325523864777e-08,COMPLETE
692,0.5096429944038391,2025-04-08 14:52:16.157825,2025-04-08 14:52:59.697249,0 days 00:00:43.539424,0.3948753384363415,0.37791120057124994,2,0.2950995777765872,0.02318655343267751,0.08022894353547447,0.06319344419781735,0.051712436660172785,0.06432728218310985,0.0018239832908878153,7,34,0.03356181195011102,0.1811280094231809,True,False,False,4.459677712506672e-08,COMPLETE
693,0.5033188700675965,2025-04-08 14:52:59.913201,2025-04-08 14:53:46.635462,0 days 00:00:46.722261,0.40622512267911587,0.3332095598777139,2,0.2995044492959474,0.018537368166787607,0.0811356865647844,0.0700314109329632,0.05013803330018284,0.06577995027884148,0.0012335568361599466,8,39,0.03145463900111976,0.1963796887635897,True,False,False,3.050814574685006e-08,COMPLETE
694,0.09188934862613678,2025-04-08 14:53:46.860394,2025-04-08 14:54:29.338032,0 days 00:00:42.477638,0.38722556181625367,0.3128880469582526,2,0.2876575961296854,0.008197110466898886,0.07475154344955325,0.06942087701271835,0.0529529664694358,0.06720126992897141,0.0013883790997280012,7,33,0.033749007677496404,0.18853630697144794,True,False,False,5.078228748744776e-08,COMPLETE
695,0.5095624208450318,2025-04-08 14:54:29.557475,2025-04-08 14:55:16.278368,0 days 00:00:46.720893,0.4197884157921831,0.31392364249620314,2,0.29001018919233,0.027870460197624864,0.08327681284382726,0.06589674132420181,0.04820071757881326,0.06501812843757425,0.0016771645577522117,8,35,0.03395640397791745,0.18318555070744458,True,False,False,2.3538513430561382e-08,COMPLETE
696,0.40612486004829407,2025-04-08 14:55:16.503297,2025-04-08 14:56:00.131771,0 days 00:00:43.628474,0.3752925112646078,0.2935386113182686,2,0.2996367202771189,0.013340196320055526,0.08379623315166976,0.06205982009920444,0.04865794281243193,0.06364041193050937,0.0019318953995450965,7,31,0.024643111993146793,0.19036454578481812,True,False,False,6.423414888380205e-08,COMPLETE
697,0.28661894202232363,2025-04-08 14:56:00.359823,2025-04-08 14:56:46.508965,0 days 00:00:46.149142,0.4308782703388526,0.345515466229269,2,0.04576792010805526,0.021796051246382606,0.07891412724828381,0.07187214048870125,0.058274483682587384,0.06853886353284307,0.0013494759117730585,8,41,0.031047496376740865,0.18112743533334194,False,False,False,4.7826139464271526e-08,COMPLETE
698,0.09188934862613678,2025-04-08 14:56:46.725417,2025-04-08 14:57:32.728810,0 days 00:00:46.003393,0.4064669012912065,0.28407368967916297,2,0.21378936376721241,0.00499756206010212,0.0844447420174709,0.06815340570104655,0.051993661466494305,0.065736979454507,0.002020038854837076,8,37,0.027825707168688207,0.17688127136700313,True,False,False,3.945734475361145e-08,COMPLETE
699,0.509389865398407,2025-04-08 14:57:32.955603,2025-04-08 14:59:09.892244,0 days 00:01:36.936641,0.4587165182230888,0.327077977032545,2,0.29979389418062435,0.016282578626320425,0.08682457981111151,0.06925863472073603,0.044474984324178866,0.06949054472108034,0.0024599386860462004,24,32,0.033640550315889334,0.19364055877518707,True,False,False,6.85877965823582e-08,COMPLETE
700,0.4593024492263794,2025-04-08 14:59:10.108018,2025-04-08 14:59:56.781174,0 days 00:00:46.673156,0.3945801582846331,0.30412022625262275,2,0.28999875273767645,0.028647653678615784,0.08634630763871193,0.07235397855024508,0.04976175894327549,0.06304267598552765,0.001844762902212137,8,46,0.034674166261837724,0.18666345283002414,True,False,False,5.330917538966109e-08,COMPLETE
701,0.19702995121479036,2025-04-08 14:59:57.009418,2025-04-08 15:00:38.262916,0 days 00:00:41.253498,0.3683283936433855,0.28307155469244716,2,0.2858154319282009,0.022423714374906183,0.055461523127520514,0.06501077035144896,0.04214080461139466,0.066896760667465,0.0023502509715579664,8,29,0.031220389378951368,0.19751269040402225,True,True,False,3.386265746318409e-08,COMPLETE
702,0.09188934862613678,2025-04-08 15:00:38.479388,2025-04-08 15:02:23.688693,0 days 00:01:45.209305,0.42341532633830997,0.2733280016253616,2,0.2928130834276752,0.011378274734639296,0.08603238332631676,0.0683620596420054,0.04609182643681329,0.06434793599404312,0.003093158168149102,27,35,0.032832286061434915,0.17781665977794836,True,False,False,2.6586726728842195e-08,COMPLETE
703,0.5145167589187623,2025-04-08 15:02:23.914908,2025-04-08 15:03:04.071375,0 days 00:00:40.156467,0.35118935637490656,0.2736912075927461,2,0.2865147094639079,0.016693353102070155,0.07894433440277487,0.06681900843326108,0.04117708011924214,0.06772410130184954,0.0025653029125575822,6,32,0.03497428663494424,0.2004646051638556,True,False,False,0.0007058668693750918,COMPLETE
704,0.4735353648662567,2025-04-08 15:03:04.301707,2025-04-08 15:03:47.982117,0 days 00:00:43.680410,0.3189035893091178,0.5453953921672055,2,0.28513437401212804,0.03134449784094341,0.07907976653403713,0.06682857550924037,0.043972550315345985,0.07567039623672747,0.002156505022819126,7,37,0.028548548531450266,0.20602510811663577,True,False,False,6.334716627346056e-08,COMPLETE
705,0.3628865838050842,2025-04-08 15:03:48.196863,2025-04-08 15:04:31.979830,0 days 00:00:43.782967,0.340503402426467,0.2692052479965665,2,0.29402858255953995,0.025128106289548077,0.07815165919962305,0.06474578545674972,0.0428567447475652,0.07095658157323641,0.0025959940553517977,7,14,0.03461023683443648,0.217041786399781,True,False,False,0.00012482663607303474,COMPLETE
706,0.405672949552536,2025-04-08 15:04:32.209124,2025-04-08 15:05:13.156930,0 days 00:00:40.947806,0.3489442019928993,0.2608566948640584,2,0.29025579563867526,0.017359943793596202,0.0821243436129929,0.07072925713122431,0.04189024548395111,0.06837909138395686,0.0019744154295407517,6,32,0.03006777476277809,0.20119084485479516,True,False,False,1.8535203148141085e-08,COMPLETE
707,0.11130651235580445,2025-04-08 15:05:13.371179,2025-04-08 15:05:48.831539,0 days 00:00:35.460360,0.36418794765875717,0.27225009092670643,2,0.2825439451105691,0.019811129165345102,0.075577922490561,0.06730155742366205,0.044472518693027596,0.07134992644842733,0.0014809594836967363,6,34,0.03254309315482929,0.21215823276975213,True,False,True,0.00024915174684365054,COMPLETE
708,0.503909170627594,2025-04-08 15:05:49.061633,2025-04-08 15:06:32.449299,0 days 00:00:43.387666,0.35197524697269056,0.291016287126889,2,0.2998439114514938,0.02768567582017754,0.08117151871264126,0.06001554688069813,0.0419213945035846,0.06607615706400911,0.002624310707995153,7,41,0.03495198399054414,0.19954955487039464,True,False,False,1.8104379590882356e-05,COMPLETE
709,0.392343270778656,2025-04-08 15:06:32.665884,2025-04-08 15:07:10.250982,0 days 00:00:37.585098,0.38259217698402465,0.2552061651018171,2,0.2886799661541882,0.015451109012414536,0.08327338921863978,0.0637743029909633,0.04703549195014996,0.07040598593137938,0.002266668225297711,5,27,0.03336898811654932,0.19421770024402787,True,False,False,7.65807387538126e-08,COMPLETE
710,0.38444029688835146,2025-04-08 15:07:10.480688,2025-04-08 15:07:51.068822,0 days 00:00:40.588134,0.30118886415246054,0.27449309374314923,2,0.28112976626824404,0.29786264994442435,0.07907368415907164,0.07309666398210359,0.04093490380857622,0.06839276797010152,0.0029313523463051407,6,31,0.035687875203621995,0.20702041517095846,True,False,False,0.0009774750056778718,COMPLETE
711,0.4973657846450806,2025-04-08 15:07:51.297775,2025-04-08 15:08:31.677521,0 days 00:00:40.379746,0.33065838950531046,0.24331964682010027,2,0.29525311963435047,0.12654707974491453,0.07804671273410645,0.06635233084514709,0.04053064635743362,0.06493982941213014,0.0016360412947141688,6,38,0.031097287073478804,0.19153053673962223,True,False,False,1.3637768036798819e-05,COMPLETE
712,0.5055807828903198,2025-04-08 15:08:31.895310,2025-04-08 15:09:12.347247,0 days 00:00:40.451937,0.37675001451954143,0.17743932460664735,2,0.28384091533125666,0.03364704873672042,0.07455713238945642,0.07042293736688915,0.045293946469826596,0.067354233918964,0.0019376048565755307,6,34,0.03567014258332298,0.2023963093144804,True,False,False,1.7496258580447085e-06,COMPLETE
713,0.09188934862613678,2025-04-08 15:09:12.579523,2025-04-08 15:10:26.470700,0 days 00:01:13.891177,0.6660440203460535,0.2614160969314872,2,0.2903033333583792,0.005273750223055175,0.08031586130592792,0.06275092138899976,0.04353597809081644,0.06358730081355798,0.003331426659067045,17,30,0.03243955804739752,0.185857542192135,True,False,False,4.584022646928252e-08,COMPLETE
714,0.5051374077796936,2025-04-08 15:10:26.688437,2025-04-08 15:11:13.448087,0 days 00:00:46.759650,0.3621714078138292,0.28804951602449796,2,0.2948055559587553,0.023200597032821707,0.08289059317970443,0.07338610000997399,0.04090084662266054,0.06600403727044481,0.0024350346382231197,8,27,0.08203349024716744,0.19805574613850035,True,False,False,0.0003207639823952245,COMPLETE
715,0.39360661506652833,2025-04-08 15:11:13.680033,2025-04-08 15:12:34.981851,0 days 00:01:21.301818,0.39854763633595575,0.2325872197433666,2,0.2779863319352473,0.01184959727862042,0.08240364176604754,0.06840425109512493,0.04259335097525937,0.06289566656117196,0.0027787633949385173,19,35,0.026948129810899033,0.10443590854147217,True,False,False,5.815939454636115e-08,COMPLETE
716,0.521674394607544,2025-04-08 15:12:35.200120,2025-04-08 15:13:12.548967,0 days 00:00:37.348847,0.3456395625086406,0.25784710714629194,2,0.28511530861064577,0.019926275971025476,0.07830263585186628,0.07016610307637035,0.0464055070289288,0.071781546463829,0.0034519512567147167,5,32,0.034469890204730985,0.1900235810898753,True,False,False,3.455051445891227e-05,COMPLETE
717,0.18109828233718872,2025-04-08 15:13:12.780033,2025-04-08 15:13:56.732985,0 days 00:00:43.952952,0.325878977140043,0.29607753420065414,2,0.2865584211364276,0.009368108380124307,0.07793639236361627,0.07037334931987176,0.04668992436852684,0.07171092977092564,0.0034027638455099963,7,21,0.030319335048905646,0.18272233747121056,False,False,False,0.000615154355804159,COMPLETE
718,0.3876787006855011,2025-04-08 15:13:56.968896,2025-04-08 15:14:34.314570,0 days 00:00:37.345674,0.34040140152342135,0.27481372338779686,2,0.29193532634881064,0.016699774522796057,0.0760089956259409,0.06960360009028153,0.04522008906545004,0.07265210551196065,0.002387912914351952,5,25,0.03289411312347874,0.1894226379681718,True,False,False,0.0008140882483906018,COMPLETE
719,0.5019821286201477,2025-04-08 15:14:34.535284,2025-04-08 15:15:15.058209,0 days 00:00:40.522925,0.3543072312696848,0.3052018438874977,2,0.28588721357656105,0.031001427958051078,0.07376254342956542,0.06755274308194273,0.05000003938309408,0.07386502940752696,0.0027950242939602547,6,29,0.03448981827792653,0.18506805155351688,True,False,False,8.871199084169262e-06,COMPLETE
720,0.26046727895736693,2025-04-08 15:15:15.291666,2025-04-08 15:15:47.756831,0 days 00:00:32.465165,0.3424947838971671,0.2597511459434675,2,0.29529371911082636,0.02598858624211032,0.07142088387079229,0.06559245368151465,0.04755498659513563,0.07515651140431737,0.0018709640334359234,5,32,0.028688037475860045,0.29115619170155205,True,True,False,2.494157123929864e-05,COMPLETE
721,0.09188934862613678,2025-04-08 15:15:47.980244,2025-04-08 15:16:30.672494,0 days 00:00:42.692250,0.308055497478681,0.28247979209605856,2,0.28478012981263084,0.006236019707361879,0.07640642310635384,0.07153633168726918,0.04624197412848935,0.07321059379977216,0.003247341718176483,7,29,0.0316413255335312,0.17708418662066827,True,False,False,0.0006493685869974404,COMPLETE
722,0.4570909082889557,2025-04-08 15:16:30.905846,2025-04-08 15:17:08.519433,0 days 00:00:37.613587,0.36619077493144114,0.2559032881796094,2,0.290183008062446,0.2312918717035276,0.0817861713082475,0.06879776703230152,0.043769872150241286,0.07637768428929254,0.0024079073546911583,5,32,0.03466526753899329,0.1896130718509507,True,False,False,7.609986330780336e-05,COMPLETE
723,0.42057170867919924,2025-04-08 15:17:08.741331,2025-04-08 15:17:49.601675,0 days 00:00:40.860344,0.31267952530899595,0.2715610440727853,2,0.2807281145719146,0.01539488232433209,0.07965323267276737,0.06639195215305702,0.04968350615448138,0.0731075831700305,0.003370813051096531,6,25,0.033966421715287395,0.18115073798302697,True,False,False,3.0911934008113096e-05,COMPLETE
724,0.4993088603019714,2025-04-08 15:17:49.834571,2025-04-08 15:18:30.492773,0 days 00:00:40.658202,0.3766340687710891,0.2491542591904079,2,0.29992377924144425,0.019439719405497165,0.07650452750129201,0.07248738384713556,0.04498412868796256,0.06887754148629045,0.002898126103738227,6,37,0.0359789779699836,0.057384306813864416,True,False,False,0.00017220898207784678,COMPLETE
725,0.09268149435520173,2025-04-08 15:18:30.727304,2025-04-08 15:19:03.574194,0 days 00:00:32.846890,0.3829192982075141,0.3035764048712891,2,0.2891741154354116,0.0001206453960198306,0.08533692247967906,0.06948726715498764,0.04254016253657492,0.07084925533618236,0.0021774682484047574,5,29,0.08901073587868857,0.1897657520597164,True,False,True,0.00021731494859890738,COMPLETE
726,0.41662029027938846,2025-04-08 15:19:03.795691,2025-04-08 15:19:41.073900,0 days 00:00:37.278209,0.28915686648521866,0.2818215228188485,2,0.2947908262376474,0.024774433295573935,0.07900669084867043,0.06775224702576542,0.041102317679894286,0.06982281022772505,0.0013293074179979234,5,32,0.030616628967082372,0.18405157932959562,True,False,False,2.184199442339708e-05,COMPLETE
727,0.37300620079040525,2025-04-08 15:19:41.307483,2025-04-08 15:20:19.191383,0 days 00:00:37.883900,0.3290814524842599,0.9210136911964495,2,0.28181356619165726,0.03521664801469487,0.08071095409497028,0.06166003177287769,0.04417552229517614,0.06750890322578355,0.0009388424972634063,5,27,0.004455453640815371,0.1768357083852708,True,False,False,6.50018963885045e-05,COMPLETE
728,0.5320035934448243,2025-04-08 15:20:19.412337,2025-04-08 15:20:56.821110,0 days 00:00:37.408773,0.34449594033278436,0.2508106487664834,2,0.28632506149617004,0.01187675826964006,0.07794506267706758,0.06515399442878594,0.05197012008284812,0.0780997074463111,0.0036452061429386898,5,36,0.032436831353047875,0.19518533413918593,True,False,False,0.0002933826509470869,COMPLETE
729,0.49813016653060915,2025-04-08 15:20:57.055649,2025-04-08 15:21:34.177723,0 days 00:00:37.122074,0.3127630254196148,0.8005217316704839,2,0.27928169141365433,0.020895554459836947,0.0776494027915309,0.0664129721851194,0.05538055583824079,0.07465196661319697,0.0032888083039456003,5,43,0.02899300236297437,0.20166026918248545,True,False,False,0.0008732992019418067,COMPLETE
730,0.49961121082305915,2025-04-08 15:21:34.414770,2025-04-08 15:22:14.590085,0 days 00:00:40.175315,0.3350375593170368,0.21414906751772478,2,0.005388797379298545,0.012104504763641773,0.0795154207041476,0.06316417289287563,0.05496428562223234,0.06620644467663422,0.002755592578643755,6,40,0.03210782117246914,0.19369028788437237,True,False,False,0.0003237559353948605,COMPLETE
731,0.5098945736885071,2025-04-08 15:22:14.813615,2025-04-08 15:22:51.956646,0 days 00:00:37.143031,0.3525682137562601,0.23912022557503917,2,0.27504248382939117,0.028411869064439047,0.07347689318019886,0.06473124141365141,0.05195993913723105,0.08240030268498187,0.003598536013293548,5,39,0.03020735926339911,0.20890453074760296,True,False,False,0.0003345418711264955,COMPLETE
732,0.3734431087970734,2025-04-08 15:22:52.195052,2025-04-08 15:23:29.381561,0 days 00:00:37.186509,0.2841468997374616,0.25099129354322003,2,0.28447185792481033,0.016617880060978953,0.07018442552596414,0.06277618278976203,0.05224546903615061,0.0678542553203299,0.003642142745830767,5,37,0.025204355996365092,0.19694492410765221,True,False,False,0.0001975214451335262,COMPLETE
733,0.4346497476100922,2025-04-08 15:23:29.603822,2025-04-08 15:24:07.202620,0 days 00:00:37.598798,0.3328552762152105,0.21316615951532436,2,0.12032453998773959,0.02290519191731722,0.07848163944134443,0.06026025161866876,0.05381506652261469,0.0653614180102669,0.0017497149801607565,5,91,0.03237171453247488,0.2029755252622842,True,False,False,0.00014668421828431319,COMPLETE
734,0.09188934862613678,2025-04-08 15:24:07.438859,2025-04-08 15:24:43.752967,0 days 00:00:36.314108,0.35416987250863347,0.2325260566428694,2,0.2998681093309049,0.0071960542849885435,0.0822214836387459,0.06330130710617149,0.05092633520784955,0.07631085212069334,0.0027027445463982855,5,67,0.033044313636023254,0.19323992530139192,True,False,False,1.146993833057369e-06,COMPLETE
735,0.4462201774120331,2025-04-08 15:24:43.993587,2025-04-08 15:25:21.908126,0 days 00:00:37.914539,0.3567157714468531,0.2524878456746866,2,0.27828382828789666,0.03963733996947469,0.07959848701001519,0.06631558604765535,0.0488109887285444,0.08180912657089177,0.002342156587224215,5,109,0.028718592727590146,0.1889549603566481,True,False,False,0.0005071100890481616,COMPLETE
736,0.5088596463203431,2025-04-08 15:25:22.133704,2025-04-08 15:26:02.858789,0 days 00:00:40.725085,0.3345260204415453,0.263142815313212,2,0.29185690114315005,0.015262252350773291,0.07730851662826073,0.06526095074974204,0.04758495798976652,0.07002337952913461,0.0031295685700707845,6,35,0.034146831631693096,0.1969536667153156,True,False,False,3.4864007806819865e-08,COMPLETE
737,0.28064250349998476,2025-04-08 15:26:03.096993,2025-04-08 15:26:40.287944,0 days 00:00:37.190951,0.30521403838421146,0.22921596298730676,2,0.2999535421909814,0.03133288308012546,0.07516310195350866,0.06421355948655778,0.05142916402134011,0.06399518124698317,0.003764612093667458,5,37,0.0313317075147193,0.1811339620510376,False,False,False,3.021150182428033e-08,COMPLETE
738,0.09188934862613678,2025-04-08 15:26:40.513718,2025-04-08 15:27:25.987213,0 days 00:00:45.473495,0.37315605027184495,0.15664786163402986,2,0.28718401630725876,0.0052699386395825415,0.07554263982152919,0.06815387719235452,0.04903133387356109,0.06588872945517411,0.0020799395732410742,8,35,0.035141805320859136,0.2039525860025934,True,False,False,0.00045545374445017303,COMPLETE
739,0.5103746056556702,2025-04-08 15:27:26.225276,2025-04-08 15:28:03.502780,0 days 00:00:37.277504,0.3204158674014224,0.1990078394823419,2,0.2824349672372907,0.02048151325365448,0.08087490739699019,0.06641859809366911,0.04583280141540381,0.06319763094622642,0.0029724172469491805,5,45,0.02689918867589474,0.1758586321640192,True,False,False,0.00038967585659409,COMPLETE
