number,value,datetime_start,datetime_complete,duration,params_alpha-eval,params_alpha-train,params_batch-size,params_eps-eval,params_eps-train,params_lambda-actions-eval,params_lambda-actions-train,params_lambda-frames-eval,params_lambda-frames-train,params_learning-rate,params_n-epochs,params_n-frames,params_radius-gw,params_rho,params_std-feats,params_ub-actions,params_ub-frames,params_weight-decay,state
740,0.15673030018806458,2025-04-08 15:28:03.744649,2025-04-08 15:28:38.793564,0 days 00:00:35.048915,0.3507689527160229,0.24462285571060244,2,0.29406215423392024,0.010540809665176036,0.0771906595358624,0.060722481308571184,0.04701026024561262,0.06813948385576664,0.0038547599036984573,6,33,0.03341143652212269,0.19117146470578025,True,True,False,0.00023032555786605928,COMPLETE
741,0.4210148274898529,2025-04-08 15:28:39.021660,2025-04-08 15:29:16.468537,0 days 00:00:37.446877,0.627556379396047,0.2205124365649989,2,0.27460419318213225,0.026186129945581355,0.08329252107631868,0.06988880747117182,0.05991817353255653,0.06268612678224009,0.0026348760978072835,5,30,0.030649643739643743,0.21081887461847906,True,False,False,0.0004061878518510585,COMPLETE
742,0.5186962842941285,2025-04-08 15:29:16.709970,2025-04-08 15:29:57.629446,0 days 00:00:40.919476,0.3893793484013678,0.26804117817421413,2,0.28678636381264366,0.09613804624076153,0.08509829727293182,0.0673646448657251,0.043566823134667254,0.06604924229638658,0.0033989917736703757,6,40,0.03584818716314914,0.18505931339583914,True,False,False,0.0006949623341522092,COMPLETE
743,0.5139780640602112,2025-04-08 15:29:57.857682,2025-04-08 15:30:38.025629,0 days 00:00:40.167947,0.3858094042457121,0.2740173389309595,2,0.27819275425599976,0.09908549544732898,0.08497458568625192,0.06469481918022298,0.04428951883209405,0.0716901418925753,0.003817458407106843,6,43,0.036788789071437546,0.18486443745397735,True,False,False,0.0007085349569796258,COMPLETE
744,0.5045874834060669,2025-04-08 15:30:38.264762,2025-04-08 15:31:18.383754,0 days 00:00:40.118992,0.383750661031756,0.26918948415233895,2,0.13929114762678782,0.04494550108389263,0.08435024558084893,0.06498412718178914,0.04531285163392749,0.07270270316522351,0.0038514828670232885,6,42,0.037094095814912104,0.18231184148849583,True,False,False,0.0005079901836051241,COMPLETE
745,0.11836822628974915,2025-04-08 15:31:18.625888,2025-04-08 15:31:54.035266,0 days 00:00:35.409378,0.3900298483485736,0.2732989034361702,2,0.2791448626218241,0.09527511097910435,0.08157881188167493,0.061522637429656975,0.044214128452442214,0.07713627479190521,0.003495215221010995,6,46,0.03652025799591217,0.18604080476208862,True,False,True,0.0006768310962519536,COMPLETE
746,0.5306338667869568,2025-04-08 15:31:54.264275,2025-04-08 15:32:34.712839,0 days 00:00:40.448564,0.37110258181227007,0.28516701374402365,2,0.2840971995605152,0.11118739847763437,0.08510225048094888,0.06736444201570399,0.04749860216147116,0.07105258645111309,0.00433896802462265,6,44,0.036144158294472206,0.1865206497940269,True,False,False,0.0007316936143959163,COMPLETE
747,0.527793288230896,2025-04-08 15:32:34.953819,2025-04-08 15:33:15.062793,0 days 00:00:40.108974,0.363848309322333,0.29149423166317756,2,0.28448523161135825,0.1112090714257744,0.0827645647737432,0.06321297364651311,0.05044631949900145,0.07843416654616989,0.004084684634036229,6,42,0.03730233776892109,0.1796505586193141,True,False,False,0.0009123734185484653,COMPLETE
748,0.5274390578269958,2025-04-08 15:33:15.291727,2025-04-08 15:33:56.008799,0 days 00:00:40.717072,0.3708587010563877,0.3036140370205328,2,0.2861784025314491,0.08644291643280004,0.0817085147060328,0.06380291126891165,0.05038522914968656,0.07798836848851322,0.004404659798333936,6,45,0.037877707182128524,0.18497243387196327,True,False,False,0.0008280254636870326,COMPLETE
749,0.5180704355239869,2025-04-08 15:33:56.251946,2025-04-08 15:34:36.871149,0 days 00:00:40.619203,0.3726353957474729,0.31365613702855344,2,0.28704073342436764,0.11558778858835565,0.0822783106798861,0.06224157436427473,0.05065795252164304,0.08135644999593858,0.004243442360694203,6,50,0.03672356825095309,0.1788618417007984,True,False,False,0.000711674721944719,COMPLETE
750,0.5219584584236145,2025-04-08 15:34:37.114866,2025-04-08 15:35:17.207769,0 days 00:00:40.092903,0.3640216198703607,0.3207259608402758,2,0.2889571631456056,0.1087775317531114,0.08205620925680168,0.06147170204366825,0.05341156792419885,0.08220983558123048,0.004215812407362298,6,40,0.036399718982965755,0.1783357884716369,True,False,False,0.0007791730659280268,COMPLETE
751,0.5214756846427917,2025-04-08 15:35:17.438680,2025-04-08 15:35:58.009246,0 days 00:00:40.570566,0.35078152751828046,0.36362991470736683,2,0.2881754520462554,0.10826235391185104,0.08193097339958687,0.0592828291080869,0.05359306039687163,0.07820313536055885,0.004218381599278187,6,44,0.03678306096456728,0.1778863898246313,True,False,False,0.0008590405557367209,COMPLETE
752,0.5252300381660462,2025-04-08 15:35:58.251550,2025-04-08 15:36:38.509215,0 days 00:00:40.257665,0.34532770214996505,0.3598319320958018,2,0.28823453258031156,0.11093741887446665,0.08148590568039704,0.05914892035007152,0.05371862761218392,0.07950783425243858,0.004234154059890762,6,49,0.036596803615169156,0.17837160186050635,True,False,False,0.0007306589663690599,COMPLETE
753,0.5239508390426636,2025-04-08 15:36:38.739892,2025-04-08 15:37:19.054132,0 days 00:00:40.314240,0.337409273905329,0.3691386527597611,2,0.2880203153799566,0.11455624143452363,0.08045836549904387,0.05863999028355581,0.05393433146563276,0.08011024725508319,0.0043565066447230245,6,47,0.03669209748508851,0.1796354518051103,True,False,False,0.000722275576712207,COMPLETE
754,0.5130206704139709,2025-04-08 15:37:19.298261,2025-04-08 15:37:59.650804,0 days 00:00:40.352543,0.3217270168568688,0.39192294094748886,2,0.2883909047875619,0.11509941136324778,0.08078536799434695,0.05766593530645603,0.05357812721771891,0.07878541037685947,0.004186107686660745,6,47,0.03641818952798804,0.1796678788536336,True,False,False,0.0006906648372473263,COMPLETE
755,0.524938702583313,2025-04-08 15:37:59.894133,2025-04-08 15:38:40.565876,0 days 00:00:40.671743,0.33457792771689965,0.34417495001126075,2,0.29161218261988403,0.10745996575411694,0.08013338695719115,0.05810786654479284,0.05607810408235889,0.0801351637785176,0.004311333177975348,6,53,0.019680428848694115,0.1785525864593015,True,False,False,0.0008196396902045072,COMPLETE
756,0.3422218382358551,2025-04-08 15:38:40.798432,2025-04-08 15:39:21.956782,0 days 00:00:41.158350,0.3102964510857401,0.3552653110609377,2,0.2923362865570188,0.11881941097264555,0.07964290139824355,0.060177232951237954,0.058293021283556894,0.08020739076587428,0.004490266507909546,6,51,0.01766140436508407,0.1779200772411461,True,False,False,0.0007543488143939294,COMPLETE
757,0.35339279770851134,2025-04-08 15:39:22.198968,2025-04-08 15:40:03.303012,0 days 00:00:41.104044,0.30005994683076387,0.3647957617157295,2,0.2900237943227707,0.11228776522612874,0.0811905969862096,0.05583159910696708,0.0544748734233312,0.07875166354520764,0.004369565594538077,6,50,0.0074451771392811325,0.1766861525577835,True,False,False,0.0009115152635884691,COMPLETE
758,0.3541353225708008,2025-04-08 15:40:03.550115,2025-04-08 15:40:44.285511,0 days 00:00:40.735396,0.3359219018681014,0.4141153119416491,2,0.2900021471943077,0.10372529341467013,0.08006607408493828,0.058847605443847185,0.05582935690928331,0.08072611447822907,0.004785169234684768,6,43,0.013791296192882559,0.17874117021701613,True,False,False,0.000981807474561996,COMPLETE
759,0.5050781965255737,2025-04-08 15:40:44.518582,2025-04-08 15:41:24.781118,0 days 00:00:40.262536,0.3413644821619523,0.36000476499425366,2,0.2926091855887084,0.10795494479950467,0.07845011541285234,0.0575222113106838,0.05673358370348727,0.0834006549914662,0.003857481221883026,6,52,0.024368427578861047,0.17645057859233165,True,False,False,0.0005314043932899109,COMPLETE
760,0.5263442873954773,2025-04-08 15:41:25.025844,2025-04-08 15:42:05.177291,0 days 00:00:40.151447,0.32780528452583557,0.3637622548613342,2,0.28932097972337684,0.11204903747335802,0.08209668151359911,0.060021894474529165,0.05385534536884546,0.07926937267204726,0.004753162103691013,6,49,0.03595882166467608,0.188103894316975,True,False,False,0.0007658770673997753,COMPLETE
761,0.27592456340789795,2025-04-08 15:42:05.409607,2025-04-08 15:42:45.745884,0 days 00:00:40.336277,0.272171008376384,0.37737736497235885,2,0.2870876476179802,0.10861346572732354,0.08223395555721957,0.06044134318661727,0.056921019893119436,0.07983257105433089,0.004870245225696791,6,55,0.03651797331163253,0.18995227608153506,False,False,False,0.000584972183720085,COMPLETE
762,0.35736402869224554,2025-04-08 15:42:45.989506,2025-04-08 15:43:26.597702,0 days 00:00:40.608196,0.3189726957017268,0.3885624521301839,2,0.28698121557926287,0.11973802906860716,0.08202283777264668,0.05987611311209873,0.05273279085731217,0.08386923412312672,0.004260921158458948,6,47,0.01907388308981714,0.18095912245212922,True,False,False,0.0007927206643073458,COMPLETE
763,0.10572100430727005,2025-04-08 15:43:26.845474,2025-04-08 15:43:59.547079,0 days 00:00:32.701605,0.3046818748540275,0.37942044250839657,2,0.16902280716245147,0.10145086143509148,0.08294158634191544,0.05877432976281408,0.05444285740058665,0.07836896697185015,0.005021568203678401,5,53,0.023989734071156107,0.17574350118645576,True,True,False,0.0007703815932462152,COMPLETE
764,0.5043083548545838,2025-04-08 15:43:59.782596,2025-04-08 15:44:40.685296,0 days 00:00:40.902700,0.2827539359989913,0.36405534490583846,2,0.28631390789769645,0.11130557666132582,0.07971681959506417,0.05926573682445977,0.05264563919725761,0.08148740668155931,0.003965637654813196,6,56,0.036368666700101526,0.18992857106410146,True,False,False,0.0005863190845684956,COMPLETE
765,0.5183819770812989,2025-04-08 15:44:40.930686,2025-04-08 15:45:21.428669,0 days 00:00:40.497983,0.3298132516790979,0.40585711951886905,2,0.2900128350168562,0.11550544879899305,0.08116660218519615,0.057334241292361886,0.0513624294471969,0.08642649841239794,0.004842267787680971,6,49,0.03536946518359392,0.18230184748683245,True,False,False,0.0009938393213188242,COMPLETE
766,0.36169651746749876,2025-04-08 15:45:21.659545,2025-04-08 15:45:59.362149,0 days 00:00:37.702604,0.3152908464307776,0.40476078397485526,2,0.2936384259903386,0.12496487194469233,0.08205404656095774,0.05509965397335835,0.06026611234539376,0.08552206816043542,0.00513455395122266,5,47,0.013536316906258125,0.18174385999911444,True,False,False,0.000883044790801653,COMPLETE
767,0.3286576569080353,2025-04-08 15:45:59.608136,2025-04-08 15:46:37.175138,0 days 00:00:37.567002,0.32619692325765265,0.39544844711267146,2,0.2903297236123915,0.09310577277076046,0.08289488985252749,0.056230101547754804,0.056037382346556655,0.08778735648265726,0.005189324409218669,5,50,0.019169160101472356,0.1725559774350142,True,False,False,0.0009335713629407116,COMPLETE
768,0.10094585716724397,2025-04-08 15:46:37.424713,2025-04-08 15:47:13.128444,0 days 00:00:35.703731,0.3361205505514664,0.35096211559578205,2,0.2942753884736716,0.11511798388347359,0.08101976663187802,0.058543712232067814,0.051175894862859395,0.07804007551165579,0.004538728149628374,6,49,0.03669825898466053,0.18247387416565564,True,False,True,0.000477163041051857,COMPLETE
769,0.5261165022850036,2025-04-08 15:47:13.363841,2025-04-08 15:47:53.714539,0 days 00:00:40.350698,0.302249511410284,0.3691820478878696,2,0.2839113750139265,0.10515954151371355,0.08353504707963835,0.05390992495911551,0.0535651023200647,0.08003937435435982,0.004236657506985452,6,48,0.0377774606359094,0.17937532269389006,True,False,False,0.0006300366610614562,COMPLETE
770,0.3372441351413727,2025-04-08 15:47:53.961715,2025-04-08 15:48:34.888874,0 days 00:00:40.927159,0.28914604181513104,0.34777021684292153,2,0.28313013688678496,0.08781639130648448,0.08066023755215872,0.05802487528372108,0.05248461649996085,0.08023159092169034,0.005328331209019209,6,48,0.01578546575960067,0.1728872647367826,True,False,False,0.0006152358136713577,COMPLETE
771,0.5264038801193237,2025-04-08 15:48:35.139116,2025-04-08 15:49:16.220158,0 days 00:00:41.081042,0.2776343532021124,0.37820834715280943,2,0.28285323374846116,0.10619323253037888,0.08341659294913384,0.056273315706959495,0.05402478952730616,0.08340279442883188,0.004365299541430467,6,50,0.03755656502185644,0.1760395359151335,True,False,False,0.0007548627124253748,COMPLETE
772,0.5294487953186036,2025-04-08 15:49:16.460595,2025-04-08 15:49:56.656758,0 days 00:00:40.196163,0.2869571431772238,0.39544494217464937,2,0.2838728272372917,0.10568741304345876,0.08296028537448827,0.05646983095752996,0.057123042901479154,0.08367313904032533,0.0039939893856683895,6,53,0.03758311217672172,0.17390599512532992,True,False,False,0.0009723807276204616,COMPLETE
773,0.5145897030830384,2025-04-08 15:49:56.905073,2025-04-08 15:50:37.375019,0 days 00:00:40.469946,0.24806383669919027,0.40646139810823434,2,0.2839399206548103,0.10284673040042852,0.08339532706587495,0.05374796166257346,0.054866338785077816,0.0865883916522454,0.0036460366222731302,6,54,0.03786501762713365,0.17371901592595967,True,False,False,0.0009896149745904732,COMPLETE
774,0.35023543238639837,2025-04-08 15:50:37.611595,2025-04-08 15:51:18.238070,0 days 00:00:40.626475,0.21122068264402644,0.41589165397249395,2,0.28733291980133985,0.10853888612084359,0.08307055642208931,0.05305619433007642,0.05644981638934857,0.08310460420337087,0.00440725967741147,6,52,0.015884026449345556,0.1748395151826134,True,False,False,0.0007354613906884744,COMPLETE
775,0.5209834218025208,2025-04-08 15:51:18.485955,2025-04-08 15:51:55.670919,0 days 00:00:37.184964,0.24425980758491,0.4284234717999365,2,0.2885412814353083,0.09869294551127945,0.08073159198266519,0.05601402460498837,0.05778149691648628,0.08444403595639617,0.0035822083768428103,5,49,0.021910365059350043,0.17270233492371845,True,False,False,0.0005789348184632051,COMPLETE
776,0.3189988493919373,2025-04-08 15:51:55.924002,2025-04-08 15:52:33.227832,0 days 00:00:37.303830,0.2604375530821089,0.426268840109841,2,0.2896899853068915,0.09712612263655182,0.08104030848220097,0.05467986280748608,0.05907470835254267,0.08479199511210267,0.003525187306965904,5,50,0.011351305907949878,0.17213244693255123,True,False,False,0.0005683832746676431,COMPLETE
777,0.3122064054012299,2025-04-08 15:52:33.467617,2025-04-08 15:53:11.247818,0 days 00:00:37.780201,0.22542137502133805,0.3877259145859797,2,0.290443784155695,0.10553388703370738,0.07910345116387334,0.050697336210465724,0.06178067220316677,0.08238017646949256,0.004439298161502324,5,48,0.02038577693750508,0.17149929528910896,True,False,False,0.0009989573684112936,COMPLETE
778,0.5101480960845948,2025-04-08 15:53:11.497332,2025-04-08 15:53:51.889235,0 days 00:00:40.391903,0.25338615588636726,0.4336692840724767,2,0.28504387046899116,0.11559941327154144,0.08188356672471553,0.057196810763233456,0.057969656352963944,0.07938283434336378,0.003774829064377708,6,59,0.020569501719365942,0.17857639930934027,True,False,False,0.000751031550384607,COMPLETE
779,0.5180167078971863,2025-04-08 15:53:52.142382,2025-04-08 15:54:29.502405,0 days 00:00:37.360023,0.2753630757241105,0.39528002390773176,2,0.2912407581388514,0.12275591760039072,0.08391363944016167,0.05600782493509081,0.05485942062429556,0.08917070609186006,0.00491668512385153,5,54,0.01960203892553223,0.17646711332458417,True,False,False,0.00043625107038759687,COMPLETE
780,0.32703853845596315,2025-04-08 15:54:29.738988,2025-04-08 15:55:06.969290,0 days 00:00:37.230302,0.24349438292769354,0.4525591391533899,2,0.2945107890275168,0.09764986040756705,0.08018509205684049,0.05674005857322814,0.05359811480633717,0.08191945652643935,0.0033587951238930017,5,50,0.01931698476852241,0.16955548963655026,True,False,False,0.0006470605492779872,COMPLETE
781,0.5128267049789429,2025-04-08 15:55:07.219531,2025-04-08 15:55:48.088137,0 days 00:00:40.868606,0.26815402540273736,0.36365212970484484,2,0.28550636854284295,0.11319100850877278,0.08178538337785245,0.052622632416803726,0.05703902327074573,0.08501798109243192,0.0041801917659328395,6,48,0.022107815367266536,0.17846932712785332,True,False,False,0.0007780388159604496,COMPLETE
782,0.38425236344337466,2025-04-08 15:55:48.342076,2025-04-08 15:56:28.611624,0 days 00:00:40.269548,0.28904623817688496,0.37604095601605664,2,0.14952957307637424,0.13153367544552677,0.08360152440431105,0.05424769771974834,0.05107635296584045,0.07742890409246062,0.003457952912856271,6,52,0.023228716623489146,0.1728359750099475,False,False,False,0.0005345485262617945,COMPLETE
783,0.5350335359573364,2025-04-08 15:56:28.850976,2025-04-08 15:57:06.164929,0 days 00:00:37.313953,0.2828685484444923,0.4241767545014908,2,0.28326580484996866,0.10910482940066736,0.07851537588832737,0.05798761960909271,0.05408622404017053,0.08032460366100629,0.00516714690481722,5,46,0.022239835917934322,0.17918989836134375,True,False,False,0.000740526020380415,COMPLETE
784,0.13025368154048922,2025-04-08 15:57:06.417798,2025-04-08 15:57:39.300085,0 days 00:00:32.882287,0.25476339601838505,0.4373834969574173,2,0.2824566667057159,0.10570855701772078,0.07723666300457521,0.0575235825833721,0.06182824120744494,0.0790811527629894,0.005235253158128325,5,46,0.020475716590096893,0.18033836628244151,True,True,False,0.0009931375620754405,COMPLETE
785,0.5121797084808349,2025-04-08 15:57:39.555225,2025-04-08 15:58:16.602038,0 days 00:00:37.046813,0.22311155195690388,0.4192915057866197,2,0.28219934104878636,0.0911418985760518,0.07950680687647561,0.05520447713999729,0.053346458891437694,0.08384986272928072,0.005299005285340616,5,46,0.02464267708774173,0.17311227849501737,True,False,False,0.00045146415440276737,COMPLETE
786,0.525179398059845,2025-04-08 15:58:16.842864,2025-04-08 15:58:54.649587,0 days 00:00:37.806723,0.286484543230885,0.4073214266364556,2,0.29405828565562575,0.10029637643172344,0.07871274122218398,0.05812313255306625,0.05965791173071895,0.08724400461530421,0.0052161902697865255,5,46,0.02216972802952534,0.1798747098703792,True,False,False,0.0005892065470878304,COMPLETE
787,0.3192619621753693,2025-04-08 15:58:54.902190,2025-04-08 15:59:32.465628,0 days 00:00:37.563438,0.2777881233393218,0.4078867373763999,2,0.29615224289957803,0.09927434499627669,0.07714097349245222,0.05819909902073494,0.05858224870320713,0.08025859823177796,0.005632233165478506,5,56,0.0173564769991753,0.17071072571236187,True,False,False,0.0005918118529798279,COMPLETE
788,0.14089716374874114,2025-04-08 15:59:32.709495,2025-04-08 16:00:05.802102,0 days 00:00:33.092607,0.24042580416948017,0.4041612321294152,2,0.29557594129985143,0.10437087549972497,0.0782836818866446,0.05593990286127115,0.06074883075820182,0.08645631913250276,0.0050473409440646095,5,48,0.022273441585096948,0.178943871528126,True,False,True,0.0008097221698449193,COMPLETE
789,0.36193077564239506,2025-04-08 16:00:06.054952,2025-04-08 16:00:43.256945,0 days 00:00:37.201993,0.28484533121384115,0.4677723514944604,2,0.29141572936200916,0.10992606799232033,0.07973174336995789,0.05915378378246133,0.05723408316793735,0.0869347941562622,0.004689411985766788,5,45,0.02128214965982449,0.1696057746441903,True,False,False,0.0006154027626123083,COMPLETE
790,0.5009679794311523,2025-04-08 16:00:43.513155,2025-04-08 16:01:23.800892,0 days 00:00:40.287737,0.2726071569200989,0.4329524859623098,2,0.2942213159634883,0.08405471213491317,0.07698994097217193,0.05204976129785824,0.055164500097605484,0.0909433506743631,0.005609936992815193,6,53,0.02153848731544651,0.17852668712895864,True,False,False,0.000495897195113608,COMPLETE
791,0.3373952090740204,2025-04-08 16:01:24.044027,2025-04-08 16:02:01.008827,0 days 00:00:36.964800,0.3005482028110357,0.3818361725333838,2,0.2819644401390526,0.09148397846931686,0.07598922703121679,0.060599864520651574,0.056448168380467706,0.08311875932139685,0.004523738153037941,5,45,0.020371992082251926,0.18336759352543736,True,False,False,0.0007765773254547243,COMPLETE
792,0.5269245147705078,2025-04-08 16:02:01.264786,2025-04-08 16:02:38.355806,0 days 00:00:37.091020,0.2833414033693776,0.40085317093111145,2,0.2863601950791921,0.1001251242888778,0.07992856250258781,0.05809583590671223,0.058834531492551884,0.07800309211992452,0.0038621695696336297,5,49,0.02392912737554777,0.17364191869964943,True,False,False,0.0007813090432770229,COMPLETE
793,0.528857958316803,2025-04-08 16:02:38.613330,2025-04-08 16:03:15.835490,0 days 00:00:37.222160,0.2595718682437264,0.37976962738512376,2,0.28051305233963025,0.09592457163888159,0.07955825992570009,0.05907277990713361,0.059603189423126084,0.07579899069917356,0.0036093522676517134,5,52,0.02436689757679729,0.16893579972791778,True,False,False,0.0006411279814540452,COMPLETE
794,0.5123820543289185,2025-04-08 16:03:16.079172,2025-04-08 16:03:53.285391,0 days 00:00:37.206219,0.26028170770031994,0.37638612674570204,2,0.28197950531773136,0.0965631812575135,0.07852469990663768,0.059649391254274535,0.0649888965027222,0.07705160784255731,0.0037361549735081627,5,51,0.023496105036708355,0.17001546317228602,True,False,False,0.0003969183125450876,COMPLETE
795,0.5264889359474182,2025-04-08 16:03:53.541264,2025-04-08 16:04:30.882901,0 days 00:00:37.341637,0.24692731048678887,0.4205664263029046,2,0.28663899920962516,0.10434014119168221,0.07577804386946846,0.05494866100644747,0.06336420523687557,0.0779866708617773,0.003927566814375795,5,48,0.02265002627335604,0.16882228236844488,True,False,False,0.0006060151110579791,COMPLETE
796,0.5278394341468812,2025-04-08 16:04:31.142328,2025-04-08 16:05:08.140026,0 days 00:00:36.997698,0.21221657522253373,0.4433599068601162,2,0.2801506079421368,0.10657036849020134,0.073680689322653,0.05430969844905494,0.06693910185777034,0.07785486585277157,0.004118867593421411,5,53,0.025603601913369432,0.16799060192629,True,False,False,0.000534486314636543,COMPLETE
