number,value,datetime_start,datetime_complete,duration,params_alpha-eval,params_alpha-train,params_batch-size,params_eps-eval,params_eps-train,params_lambda-actions-eval,params_lambda-actions-train,params_lambda-frames-eval,params_lambda-frames-train,params_learning-rate,params_n-epochs,params_n-frames,params_radius-gw,params_rho,params_std-feats,params_ub-actions,params_ub-frames,params_weight-decay,state
740,0.4877357482910157,2025-04-19 21:04:57.064052,2025-04-19 21:05:27.085113,0 days 00:00:30.021061,0.27884565574333725,0.17554853807975895,8,0.15002756629474054,0.06722044414940401,0.04186057040592991,0.05114395580682261,0.0025073355421377603,0.0903892194283424,0.0004039206901127346,14,42,0.060436406004483335,0.1197002853157247,True,False,False,0.0005442251956555648,COMPLETE
741,0.4884730458259583,2025-04-19 21:05:27.313533,2025-04-19 21:05:52.171258,0 days 00:00:24.857725,0.21398145233008198,0.13667646717544701,16,0.01588911987030649,0.054363570023117626,0.038560939989252835,0.06497860978355255,0.007826910982062223,0.08625617145899518,0.015310445254737372,15,47,0.052583843117632076,0.13171481699616752,True,False,False,0.0008221351385225393,COMPLETE
742,0.44851639270782473,2025-04-19 21:05:52.409989,2025-04-19 21:06:23.358894,0 days 00:00:30.948905,0.35339705016688916,0.05912649959141081,8,0.027480269829855047,0.05025730104276107,0.04575278473293386,0.05398799143804431,0.01539290732889257,0.09664123869351025,0.01707744526222604,16,27,0.04991759125673685,0.11068690535167613,True,False,False,0.000659303290783934,COMPLETE
743,0.5327653765678406,2025-04-19 21:06:23.588101,2025-04-19 21:06:56.658783,0 days 00:00:33.070682,0.31718273918124473,0.19526807619927475,8,0.09071960329438997,0.05919033335811934,0.03405940644569779,0.059303996380567305,0.004612788865281384,0.09417714737069023,0.008163881671193692,18,38,0.05602150648198843,0.12379445303569941,True,False,False,0.0004867667232391841,COMPLETE
744,0.528694760799408,2025-04-19 21:06:56.898025,2025-04-19 21:07:26.504355,0 days 00:00:29.606330,0.2551785041117593,0.17771296307754245,8,0.00709738539021358,0.07384006882709052,0.06077109835920886,0.056347983028591064,0.006339847211620472,0.08895141937988679,0.012291448336976053,14,44,0.059184380079675906,0.13593554266884986,True,False,False,0.000991994727576494,COMPLETE
745,0.5331128478050232,2025-04-19 21:07:26.747841,2025-04-19 21:07:55.516112,0 days 00:00:28.768271,0.29708677387945714,0.1509295362041492,8,0.038706749760680295,0.04014615324082378,0.05335072407979651,0.06210672143788959,0.002769287616245255,0.09828114820186741,0.010954769212793685,13,33,0.06184339324461794,0.11912438853003057,True,False,False,0.00040722092443911545,COMPLETE
746,0.5312162041664124,2025-04-19 21:07:55.750449,2025-04-19 21:08:26.080897,0 days 00:00:30.330448,0.10022977507749586,0.16350490033329268,8,0.02083393272189237,0.04778803635779533,0.03652362157995062,0.05282111180479959,0.01165650621607394,0.09238739690933088,0.01577181327460217,15,41,0.051895984702179654,0.2803217741102781,True,False,False,0.0006644618759501732,COMPLETE
747,0.5226340770721436,2025-04-19 21:08:26.322900,2025-04-19 21:08:58.526510,0 days 00:00:32.203610,0.3426318932704995,0.11694019862612245,8,0.17161844949473565,0.05509607292465588,0.04000673679952514,0.045096955787725684,0.008548726607982584,0.005329383197165062,0.013328918965819607,17,36,0.0666248498760362,0.017418379268292372,True,False,False,0.0005458824638213289,COMPLETE
748,0.4790474772453308,2025-04-19 21:08:58.754513,2025-04-19 21:09:29.825259,0 days 00:00:31.070746,0.2719471543058292,0.20381230877326414,8,0.04934008639293046,0.06462156341854366,0.04270338939170761,0.05093386152737556,0.004097378584150832,0.09100068054641179,0.007356771865465392,14,68,0.06320857007522841,0.2751231154791243,True,False,False,0.0008222148853590337,COMPLETE
749,0.5205485105514527,2025-04-19 21:09:30.065471,2025-04-19 21:10:01.094295,0 days 00:00:31.028824,0.37868190273048713,0.2250159777326339,8,0.00958617737879603,0.03801351809045459,0.03808053948014668,0.0286601594198951,0.013499028094580978,0.049847480606609186,0.01781710015756357,16,30,0.057167075954962926,0.11567381124748093,True,False,False,0.0006961548209911016,COMPLETE
750,0.29862669110298157,2025-04-19 21:10:01.337792,2025-04-19 21:10:24.951003,0 days 00:00:23.613211,0.3271653719226321,0.1354618443058827,16,0.05984323176606756,0.0465394397600337,0.04346362523400124,0.05832755469424557,0.0010617396992542187,0.09439757734150445,0.01022832343230011,15,38,0.054045024054271654,0.09969005376489198,False,False,False,0.00040507967262207216,COMPLETE
751,0.09379398375749588,2025-04-19 21:10:25.180405,2025-04-19 21:10:50.751381,0 days 00:00:25.570976,0.30539437513594275,0.9636827510516213,8,0.13846526048852717,0.05931404807111668,0.05585796495754443,0.04816392771161754,0.09232531633448954,0.09615760633362427,0.0030495622999471873,13,40,0.059448779536453764,0.045253753949513725,True,False,True,0.000545471987514319,COMPLETE
752,0.4971397042274475,2025-04-19 21:10:50.994846,2025-04-19 21:11:23.113385,0 days 00:00:32.118539,0.2858693629782175,0.1658631471227216,8,0.027542273321288474,0.051919718053698105,0.0405950754792321,0.05559945099441008,0.006088945136840228,0.08622637829268684,0.018821527755544618,16,53,0.06149013625663442,0.19273137372414645,True,False,False,0.0007988900124179712,COMPLETE
753,0.5362314820289612,2025-04-19 21:11:23.344538,2025-04-19 21:11:52.632550,0 days 00:00:29.288012,0.3949175236410274,0.18481739908178232,8,0.013363185728358755,0.06771564018278443,0.035169245750210396,0.05361968814089802,0.009445156713002088,0.08917012695805905,0.014233772960413983,14,35,0.04945191597565422,0.28318890838209154,True,False,False,0.0005877484054292165,COMPLETE
754,0.4778853535652161,2025-04-19 21:11:52.873659,2025-04-19 21:12:22.930425,0 days 00:00:30.056766,0.3606682933969359,0.10815058212706091,8,0.03676880059913086,0.04441105885047587,0.036998772496812056,0.01898720928534496,0.0039133004515161055,0.0923579858035191,0.017028534399057316,15,33,0.056103406928013605,0.13822613624658672,True,False,False,0.0008127307807298975,COMPLETE
755,0.5251390099525451,2025-04-19 21:12:23.178048,2025-04-19 21:12:55.686591,0 days 00:00:32.508543,0.32503480554849673,0.2159213213623793,8,0.04361283244834893,0.05670656438729174,0.03908964241087395,0.057178254297312124,0.01772141995646909,0.09815598238667815,0.009187261186332634,17,42,0.05225590030800441,0.2851858940605977,True,False,False,0.000458122825092665,COMPLETE
756,0.09188934862613678,2025-04-19 21:12:55.919621,2025-04-19 21:13:23.887056,0 days 00:00:27.967435,0.2406629220940116,0.14751579545695986,8,0.02174221846609887,0.03800894762524275,0.04602949692266746,0.061117263116615896,0.002892882521552554,0.016079361705724216,4.051318310392279e-05,14,84,0.06489855668353274,0.10856485624622592,True,True,False,0.0006854520582054212,COMPLETE
757,0.31086478233337406,2025-04-19 21:13:24.130168,2025-04-19 21:13:55.210514,0 days 00:00:31.080346,0.16578060375688208,0.197321260288766,8,0.11860541515586788,0.07211681264331886,0.03338487582696977,0.04970937800548604,0.006861837678566996,0.09443484105540942,0.006500447123618276,12,111,0.05867864570147068,0.12671761375271545,True,False,False,0.00038650190140951905,COMPLETE
758,0.5263614773750305,2025-04-19 21:13:55.460483,2025-04-19 21:14:20.878222,0 days 00:00:25.417739,0.30467063290762997,0.24758486826011628,16,0.030490126697716242,0.06190239992507772,0.04147814131437222,0.05495759019859886,0.00494649897603615,0.09056283097311761,0.012760185284144191,16,45,0.05489239148621325,0.28849406877197065,True,False,False,0.000563290218876327,COMPLETE
759,0.498573100566864,2025-04-19 21:14:21.111316,2025-04-19 21:14:51.293409,0 days 00:00:30.182093,0.27011931741479334,0.5803476995378709,8,0.01670997693579397,0.05277013885382396,0.036230011690182314,0.059549088105235654,0.010284740404646924,0.09635616368894487,0.02041963794583317,15,31,0.06827557830952588,0.2805711996391368,True,False,False,0.000983994393289548,COMPLETE
760,0.09188934862613678,2025-04-19 21:14:51.539747,2025-04-19 21:15:19.112712,0 days 00:00:27.572965,0.3510921545533173,0.13119816609637414,8,0.0005089160568494599,0.04474883923157961,0.04395768167535672,0.04105491881576067,0.0010937431244100399,0.0881632391656728,0.015659853545454672,13,38,0.0625701115208608,0.2894277720081486,True,False,False,0.0007061806675386608,COMPLETE
761,0.500385594367981,2025-04-19 21:15:19.347565,2025-04-19 21:15:49.477384,0 days 00:00:30.129819,0.22312473138296193,0.17055304953064332,8,0.010481996638858418,0.050768055271790735,0.039554828874979624,0.05225430916749595,0.007534938497289098,0.0928472078705517,0.0008249729335363963,15,36,0.060573520291336204,0.12029121757330373,True,False,False,0.00047806480668133685,COMPLETE
762,0.5360650181770326,2025-04-19 21:15:49.724459,2025-04-19 21:16:19.807577,0 days 00:00:30.083118,0.28770632319161327,0.14650915524098695,8,0.05346123001605658,0.0637009316257734,0.059162661830595306,0.04711673292465206,0.002989501587524961,0.09528964488111241,0.004952492484592277,14,39,0.05105178695380701,0.27411129468512896,True,False,False,0.0006257924112304178,COMPLETE
763,0.49560194015502934,2025-04-19 21:16:20.056791,2025-04-19 21:16:52.167264,0 days 00:00:32.110473,0.3287891936868945,0.1644782718055606,8,0.024877034328236562,0.0557428764438653,0.04161427330685394,0.056974152155608075,0.005183015038150025,0.09984160238899227,0.012583818180531257,16,61,0.07054884828216597,0.2903771683309923,True,False,False,0.0008023924391101721,COMPLETE
764,0.44671126008033757,2025-04-19 21:16:52.401699,2025-04-19 21:17:24.281803,0 days 00:00:31.880104,0.25077883133327666,0.09401872406427787,8,0.1029393772473652,0.03611369910062365,0.039019695196691496,0.063566452710459,0.01268786563754941,0.09104084680658066,0.01973904773222897,17,27,0.0576675044980913,0.28378385291810765,True,False,False,0.0008233490508261097,COMPLETE
765,0.5115960955619813,2025-04-19 21:17:24.528385,2025-04-19 21:17:58.160520,0 days 00:00:33.632135,0.3101329173338943,0.2257083979446365,8,0.11067781096518033,0.04225345358446986,0.03698986420780333,0.05491226812743059,0.009213961932468847,0.08631319430440347,0.010381034384105522,18,49,0.05349012201268552,0.1147892391482822,True,False,False,0.0005131439053878691,COMPLETE
766,0.5268767952919007,2025-04-19 21:17:58.394635,2025-04-19 21:18:21.863092,0 days 00:00:23.468457,0.3650177427858471,0.18664416113801252,16,0.03545353146268418,0.04907979695436862,0.034938635097832446,0.05901525844539744,0.015446778441253622,0.09772499344946449,0.01535250373796434,13,34,0.04896953021749362,0.29335465724186494,True,False,False,0.00037416074748778484,COMPLETE
767,0.4023155391216279,2025-04-19 21:18:22.109686,2025-04-19 21:18:52.610655,0 days 00:00:30.500969,0.33786606946462605,0.11250467920386668,8,0.006185085430452594,0.17746639821834076,0.04494280493100413,0.05051322034975463,0.006346939857860981,0.08904005162606385,0.008259222479685802,15,43,0.06338750204923727,0.28366073546641435,True,False,False,0.0006713756755830059,COMPLETE
768,0.49867684841156007,2025-04-19 21:18:52.859101,2025-04-19 21:19:24.254313,0 days 00:00:31.395212,0.26523050158797074,0.2094291190949375,8,0.12511388081452618,0.05948582663623708,0.04209659568583051,0.06072906305121498,0.002681087749682575,0.09375445025707939,0.0038381700790021773,16,31,0.05964186390357223,0.27782646611009726,True,False,False,0.0005311386358687134,COMPLETE
769,0.2877911925315857,2025-04-19 21:19:24.492710,2025-04-19 21:19:49.412430,0 days 00:00:24.919720,0.2016147726920075,0.155527538244292,8,0.04786229731494052,0.0677768460827765,0.0378072358209936,0.05656810419248395,0.019633439956358162,0.0922312224754296,0.017886217360090186,12,40,0.06550232055047331,0.12937712028267484,False,False,True,0.000989892880981807,COMPLETE
770,0.5152812480926514,2025-04-19 21:19:49.661423,2025-04-19 21:20:19.027194,0 days 00:00:29.365771,0.3816133023150365,0.07448196208552745,8,0.014025037032496294,0.05422181418767351,0.03345254659830991,0.053049408492417634,0.004676928169102592,0.09566651227911588,0.022845763685952477,14,36,0.05577535306545087,0.2944666793986685,True,False,False,0.0009937711659542333,COMPLETE
771,0.48415067195892336,2025-04-19 21:20:19.278663,2025-04-19 21:20:49.852751,0 days 00:00:30.574088,0.2910011470911204,0.12500772496376628,8,0.03363217001406387,0.04437832401812174,0.04032472069846117,0.04866640179826486,0.00788867877119589,0.08629289272780649,0.011453569469497998,15,45,0.061803779432016266,0.14059593654094887,True,False,False,0.00040125055291888155,COMPLETE
772,0.5201335787773133,2025-04-19 21:20:50.089749,2025-04-19 21:21:21.056858,0 days 00:00:30.967109,0.311299851454478,0.18621356581112022,8,0.040620073122317274,0.06058518434891283,0.054162248489897646,0.058365910500665905,0.0031342269407027465,0.08997306385557038,0.013841859863310711,16,37,0.05731344719017456,0.06456065793148966,True,False,False,0.0006314624872980086,COMPLETE
773,0.5167513251304626,2025-04-19 21:21:21.304169,2025-04-19 21:21:50.467475,0 days 00:00:29.163306,0.34435937900712366,0.24720326423776123,8,0.01939218356681862,0.05041577156227833,0.043704144373413426,0.06761629075761638,0.010704008635846887,0.0932659490758023,0.02085561358481514,14,33,0.05102905025765219,0.29129261075334867,True,False,False,0.0007845387435922322,COMPLETE
774,0.23338991403579712,2025-04-19 21:21:50.707182,2025-04-19 21:22:17.210665,0 days 00:00:26.503483,0.3951087343934697,0.15289337725168375,8,0.02430831586307509,0.07457047078067608,0.04629971805050116,0.054481609330667535,0.001127230633732071,0.09803696058531855,0.01646238768732058,13,41,0.05361574788023743,0.12523135954945905,True,True,False,0.000477160259014002,COMPLETE
775,0.4706246972084046,2025-04-19 21:22:17.462608,2025-04-19 21:22:38.037287,0 days 00:00:20.574679,0.2842179956604663,0.19821836616902155,16,0.010835508761544453,0.03790155010223754,0.05213907661612446,0.0524647200150838,0.006275691024144133,0.08783263561699443,0.00013072881357302903,6,36,0.06009571298129654,0.2875099948907655,True,False,False,0.0006218140109675264,COMPLETE
776,0.5035879015922546,2025-04-19 21:22:38.289059,2025-04-19 21:23:10.614503,0 days 00:00:32.325444,0.24807224062668717,0.13214066599982863,8,0.05660310748349057,0.05792579428821618,0.03547648482389589,0.044702403408692526,0.004405665847557606,0.09111059705983271,0.009511995053980192,17,29,0.06723833427571178,0.11046143014612989,True,False,False,0.0007957782079562014,COMPLETE
777,0.09617478847503663,2025-04-19 21:23:10.851389,2025-04-19 21:23:44.092219,0 days 00:00:33.240830,0.3591864905984867,0.17022702443818002,8,0.0002008468089750165,0.06553973278579758,0.05639206031478987,0.05618809955212111,0.007817765693914304,0.09564469495996468,0.012938692067964727,16,97,0.008643917629254094,0.29996941814119116,True,False,False,1.502773019248215e-08,COMPLETE
778,0.5114541411399842,2025-04-19 21:23:44.342879,2025-04-19 21:24:14.937139,0 days 00:00:30.594260,0.3222034609227558,0.455589055437761,8,0.042536913448190675,0.04738279172759734,0.03791658914375009,0.06323656885382793,0.017877987446234013,0.09411450630067038,0.017519373977483325,15,39,0.07331866113426963,0.29995591128351,True,False,False,0.0003285757701441435,COMPLETE
779,0.5095831036567688,2025-04-19 21:24:15.187745,2025-04-19 21:24:45.744311,0 days 00:00:30.556566,0.27299448558662537,0.24837167944491054,8,0.0667192817458432,0.04317465197638576,0.040290025291958353,0.05012701673669766,0.004906787961353731,0.09755612348284533,0.006362485161915303,15,32,0.0491084862548833,0.16675603836571198,True,False,False,0.0004846067798704495,COMPLETE
780,0.482593584060669,2025-04-19 21:24:45.986445,2025-04-19 21:25:15.937265,0 days 00:00:29.950820,0.22836726171694854,0.6333570503484633,8,0.029657845484628402,0.05513674851854118,0.04192964715555797,0.05813150898356418,0.002777090757191412,0.09222386228722852,0.02498682860430823,14,44,0.058433903540338346,0.27935869598694296,True,False,False,0.0006745350834558169,COMPLETE
781,0.5193585276603699,2025-04-19 21:25:16.188627,2025-04-19 21:25:44.343080,0 days 00:00:28.154453,0.2978637279435368,0.21901155593123764,8,0.09507599898010909,0.07078172439634829,0.03838586394136674,0.051728986179658015,0.011667233638920645,0.089658936320561,0.008124489660188213,12,41,0.06412924846594922,0.2905313921660945,True,False,False,0.0008258066715360587,COMPLETE
782,0.5168666243553162,2025-04-19 21:25:44.597589,2025-04-19 21:26:15.230850,0 days 00:00:30.633261,0.3331898949050609,0.1462973462976422,8,0.0045680395388737575,0.050733263106293544,0.04745392623808285,0.060334601707716894,0.01398426229477995,0.09994893146105903,0.014481314702740137,16,20,0.055141007362869185,0.11985153036185826,True,False,False,0.0009906658136729376,COMPLETE
783,0.514805817604065,2025-04-19 21:26:15.471016,2025-04-19 21:26:39.119233,0 days 00:00:23.648217,0.31257400944747094,0.17846877145814455,16,0.13191124669784052,0.03593351240864105,0.036027986187468206,0.0542264328524376,0.006153152282948312,0.08827056570380913,0.010741599080254963,13,34,0.061724856262113444,0.27240917838430206,True,False,False,0.000588677017840309,COMPLETE
784,0.5343373179435731,2025-04-19 21:26:39.375934,2025-04-19 21:27:09.179101,0 days 00:00:29.803167,0.2630530207524335,0.23152660173308637,8,0.08596789577616548,0.06376833541888544,0.03283209210401162,0.04707678452297204,0.002932039715619595,0.09561787932395241,0.020334094319830968,14,36,0.05209338965919421,0.2861898158274438,True,False,False,0.00041590759288699614,COMPLETE
785,0.4745012700557709,2025-04-19 21:27:09.434882,2025-04-19 21:27:41.866460,0 days 00:00:32.431578,0.36921644962292843,0.11206581933889698,8,0.01823486049615912,0.05765385729584933,0.04287026993248532,0.05533882343284635,0.009471246633029009,0.08564072277713526,0.026750128256431537,17,48,0.05658834350387287,0.29428261333422456,True,False,False,0.0006893396451622867,COMPLETE
786,0.5056003689765931,2025-04-19 21:27:42.108167,2025-04-19 21:28:12.569055,0 days 00:00:30.460888,0.3466979874338009,0.2665873826801986,8,0.11284081398936419,0.04302384303878713,0.03997223436031014,0.06446053631780664,0.0011487898174015706,0.09211653866493946,0.0163314331921509,15,25,0.060536972731935396,0.10548491099107099,True,False,False,0.0005596477672460455,COMPLETE
787,0.5067206621170044,2025-04-19 21:28:12.822784,2025-04-19 21:28:44.064647,0 days 00:00:31.241863,0.28718784300515054,0.19645454072581986,8,0.04788966303880095,0.04974666395648115,0.03730467312374644,0.015710118638379886,0.004817690602665632,0.09486801635968851,0.011211050934266763,16,39,0.053311046367711376,0.29503887437635895,True,False,False,0.0008053353692655574,COMPLETE
788,0.29491180181503296,2025-04-19 21:28:44.308635,2025-04-19 21:29:10.153514,0 days 00:00:25.844879,0.39684230707341084,0.16311679985900396,8,0.07329894867698031,0.06200028902361197,0.0147520525666162,0.060779006778159755,0.007207711390664285,0.09688922297022991,0.020792763528914956,13,28,0.06328319811163255,0.2825727675929716,False,False,True,0.0003240368694951492,COMPLETE
789,0.5114085674285889,2025-04-19 21:29:10.406770,2025-04-19 21:29:50.736395,0 days 00:00:40.329625,0.31940296016658404,0.14784276340285754,8,0.02611865449482246,0.053999182294080975,0.045304810839566674,0.05762251918935359,0.004293934587868163,0.09060680497561181,0.013399471031934018,27,31,0.04937773054102579,0.09271699575458206,True,False,False,0.0004379946096995369,COMPLETE
790,0.4859276175498963,2025-04-19 21:29:50.995261,2025-04-19 21:30:21.489621,0 days 00:00:30.494360,0.3003337359251528,0.12688071174578713,8,0.015620038945444305,0.03604957145421373,0.03389861176471795,0.050670489623606534,0.00834217589440393,0.09316774522120262,0.01807618191700009,15,43,0.058541752831395386,0.2881617604477908,True,False,False,0.0005259020331492971,COMPLETE
791,0.4770225584506989,2025-04-19 21:30:21.734225,2025-04-19 21:30:41.276175,0 days 00:00:19.541950,0.23787434357360576,0.09794676723831465,16,0.03440989259726686,0.04454634382466742,0.057841880018063285,0.05277471124273561,0.0010064066523633544,0.08749822747552075,0.007979002299810191,5,36,0.06576260764494928,0.13385961956383227,True,False,False,0.0006826512557464361,COMPLETE
792,0.51934654712677,2025-04-19 21:30:41.531351,2025-04-19 21:31:11.945166,0 days 00:00:30.413815,0.25845665461374634,0.1818228608658317,8,0.005380722598635982,0.06727587951564776,0.043420789907397554,0.05729604018742167,0.01635191977420909,0.08531658207082715,0.03407183606575243,15,39,0.05501407963745261,0.1544659803404456,True,False,False,0.000803889101961272,COMPLETE
793,0.4967607736587525,2025-04-19 21:31:12.205653,2025-04-19 21:31:46.197380,0 days 00:00:33.991727,0.3803753785406373,0.20930181417344054,8,0.021655772341436386,0.04870868050126047,0.04007960262764417,0.04833088883317236,0.005459831603727903,0.09812959126472984,0.005533233833372249,19,46,0.05052209701021322,0.115195179291342,True,False,False,0.000540196222747388,COMPLETE
794,0.39853117465972904,2025-04-19 21:31:46.442661,2025-04-19 21:32:13.524395,0 days 00:00:27.081734,0.3402975352931408,0.17115940350538178,8,0.04203851378534466,0.0745912216311341,0.03548115302182172,0.054528980893357615,0.0192628940606018,0.08968817064969066,0.024172334805905228,14,34,0.06148896102613164,0.2944261701914352,True,True,False,0.0004085025187499993,COMPLETE
795,0.49227592945098875,2025-04-19 21:32:13.781907,2025-04-19 21:32:45.872750,0 days 00:00:32.090843,0.2773324568396265,0.1359162583484363,8,0.011884159874815288,0.05805701563119991,0.04134587088916555,0.04293493481505594,0.0035235769803280605,0.09434858781461786,0.0021006413570949034,17,41,0.05750966231091065,0.27953006890957827,True,False,False,0.0007899935961501768,COMPLETE
796,0.5281232476234436,2025-04-19 21:32:46.132848,2025-04-19 21:33:12.769599,0 days 00:00:26.636751,0.2123476336432488,0.407606519994301,8,0.03161480910369943,0.040492859671067624,0.038751542008414235,0.05979201807399719,0.010341836717218483,0.09640734296028255,0.01477934359644192,11,37,0.06393537727987983,0.12568239483932572,True,False,False,0.0005943204338588291,COMPLETE
