number,value,datetime_start,datetime_complete,duration,params_alpha-eval,params_alpha-train,params_batch-size,params_eps-eval,params_eps-train,params_lambda-actions-eval,params_lambda-actions-train,params_lambda-frames-eval,params_lambda-frames-train,params_learning-rate,params_n-epochs,params_n-frames,params_radius-gw,params_rho,params_std-feats,params_ub-actions,params_ub-frames,params_weight-decay,state
1082,0.3645187199115753,2025-04-08 19:05:40.362451,2025-04-08 19:06:24.936320,0 days 00:00:44.573869,0.10211814266066956,0.4454514068868233,2,0.22785895008214746,0.06380677342203456,0.04291088397815246,0.03469670090524117,0.07993689290033289,0.08843026746060478,0.03373929167850219,7,58,0.014642882041443983,0.007700376391365936,True,False,False,7.614358434797343e-05,COMPLETE
1083,0.4847068786621094,2025-04-08 19:06:25.284271,2025-04-08 19:07:05.854783,0 days 00:00:40.570512,0.08604436113053482,0.41718275506020525,2,0.22372060778560865,0.05739146841663049,0.05132723576969982,0.043027257782747526,0.08154043221418611,0.08630263062848438,0.04133940997394176,6,63,0.025323550100227264,0.018861208553518197,True,False,False,5.812753910938842e-05,COMPLETE
1084,0.5106834530830383,2025-04-08 19:07:06.204437,2025-04-08 19:07:50.195676,0 days 00:00:43.991239,0.1291567400832154,0.4581043040668791,2,0.2070330094048225,0.06338637628896233,0.049378540167740397,0.04116673118596551,0.0866520711916146,0.08525197960785506,0.04750628855336767,7,56,0.02150510985949269,0.0010429737562545009,True,False,False,4.812173684496965e-05,COMPLETE
1085,0.5109880447387696,2025-04-08 19:07:50.544534,2025-04-08 19:08:31.393470,0 days 00:00:40.848936,0.11222928375723305,0.4846244214802183,2,0.23000799184157583,0.06775256247206343,0.05434339050108923,0.043351036243276214,0.08247853356902927,0.09153218025470664,0.02735543022032479,6,61,0.025919836666909512,0.012670449026277139,True,False,False,3.797905080114319e-05,COMPLETE
1086,0.4986245751380921,2025-04-08 19:08:31.723670,2025-04-08 19:09:12.422461,0 days 00:00:40.698791,0.0835621715935389,0.4710782297167926,2,0.22732450270350024,0.04734209884283902,0.05319742979600678,0.03851243580394745,0.07928457012974353,0.08810944798959006,0.03519584454252213,6,59,0.017867999630074946,0.005851628698172221,True,False,False,8.203639235000647e-05,COMPLETE
1087,0.5128496170043946,2025-04-08 19:09:12.770338,2025-04-08 19:09:53.268795,0 days 00:00:40.498457,0.154297206313733,0.49262442109631394,2,0.231241547640568,0.05336356778743298,0.056663142313686035,0.04150976589178254,0.08458216627867907,0.08328707833266609,0.023887950275132807,6,55,0.023023507391619916,0.029035151428275827,True,False,False,6.0976645272905665e-05,COMPLETE
1088,0.5168033123016358,2025-04-08 19:09:53.616175,2025-04-08 19:10:37.582584,0 days 00:00:43.966409,0.10745536693319302,0.4310823268732434,2,0.21567540819641784,0.06673965882453997,0.05900432510604383,0.043287422753486314,0.08290790029177843,0.08358358781900989,0.05314792389831702,7,65,0.03056167307927486,0.021947669468867954,True,False,False,7.773615369776769e-05,COMPLETE
1089,0.20815615057945253,2025-04-08 19:10:37.928614,2025-04-08 19:11:17.838452,0 days 00:00:39.909838,0.07549780357791709,0.44138559831506546,2,0.2214775692942714,0.07057032344138116,0.05139969550502946,0.03544520387126368,0.07923381991674672,0.09312463586205598,0.02595868286796533,6,59,0.026353225859205617,0.014703023320436902,False,False,False,2.673634255098524e-05,COMPLETE
1090,0.5093182444572448,2025-04-08 19:11:18.184010,2025-04-08 19:11:58.723098,0 days 00:00:40.539088,0.13127262852005178,0.46070233242033665,2,0.23531304966788252,0.05831713124918121,0.04816433848728754,0.04014962399000977,0.08058175572867417,0.08612664742627915,0.032527622585415285,6,62,0.01965066792909544,0.009768987652172989,True,False,False,0.00010229447945145055,COMPLETE
1091,0.5056933999061585,2025-04-08 19:11:59.069349,2025-04-08 19:12:39.660815,0 days 00:00:40.591466,0.09350681902391425,0.4843855457098704,2,0.23102719679066278,0.06870229770853337,0.056672478273285684,0.03816051846703652,0.08980187674215089,0.08330379913199418,0.06389708136132549,6,56,0.02899158553197353,0.019977676886990935,True,False,False,4.686461914495069e-05,COMPLETE
1092,0.4969061374664307,2025-04-08 19:12:40.009581,2025-04-08 19:13:24.104578,0 days 00:00:44.094997,0.12109673427576226,0.4960686897833764,2,0.23597332322152836,0.060932975887687715,0.053660648904209546,0.043404254846447735,0.08606392367430148,0.08545742729270864,0.04148229396933519,7,67,0.024251544710608513,0.007091315232051464,True,False,False,6.397969930286036e-05,COMPLETE
1093,0.09188934862613678,2025-04-08 19:13:24.452652,2025-04-08 19:13:59.709018,0 days 00:00:35.256366,0.07949896925067669,0.46303112523003176,2,0.2258877175549566,0.05452843177383338,0.04629385555604011,0.03258521726980248,0.08171799396224098,0.08757701391646927,0.024750703957254355,6,60,0.027312894603207027,0.027074576783330195,True,True,False,2.0855536230086318e-05,COMPLETE
1094,0.525740134716034,2025-04-08 19:14:00.058442,2025-04-08 19:14:40.536002,0 days 00:00:40.477560,0.14871945227916772,0.4385324109203751,2,0.23935732946822022,0.06902474703286646,0.0586497966321505,0.04152155039312454,0.08391934182496398,0.08201134360472798,0.030760540644231022,6,54,0.021737664317837847,0.0013137077897174745,True,False,False,8.85020322235376e-05,COMPLETE
1095,0.5064818263053894,2025-04-08 19:14:40.886122,2025-04-08 19:15:21.623685,0 days 00:00:40.737563,0.0993256269519604,0.505498670332223,2,0.21740192518526058,0.06127041874488604,0.05595066573321431,0.043566385463757254,0.07992112153108098,0.09096609107611907,0.03542476829306239,6,63,0.02521806254516126,0.014406329087665082,True,False,False,3.4109595484879304e-05,COMPLETE
1096,0.4920905709266663,2025-04-08 19:15:21.979378,2025-04-08 19:16:02.626758,0 days 00:00:40.647380,0.06682869133540273,0.4205758110110956,2,0.23282744562688557,0.046113564176457164,0.05060090298718492,0.039264477900348274,0.07825632596804724,0.09693529874995657,0.024914606263789836,6,58,0.030322834013723897,0.010636594124931818,True,False,False,0.0001031591800605525,COMPLETE
1097,0.12005394697189331,2025-04-08 19:16:02.962100,2025-04-08 19:16:41.502429,0 days 00:00:38.540329,0.1200815924604807,0.48410850065503463,2,0.2395258505638717,0.07396689679266784,0.05270777482373941,0.03718412227981164,0.08778810810374998,0.0818091818038228,0.044937364357321465,7,56,0.02810281762351557,0.037576415062156074,True,False,True,7.496999875247129e-05,COMPLETE
1098,0.5196569204330445,2025-04-08 19:16:41.852965,2025-04-08 19:17:22.508752,0 days 00:00:40.655787,0.10769483652833713,0.46977702547264666,2,0.22744166362772536,0.06902963182825636,0.05522314320138147,0.04161729301985652,0.08232152853960881,0.08454464954007043,0.023198224231141474,6,65,0.023880344069546096,0.01746765646926967,True,False,False,5.125203177079517e-05,COMPLETE
1099,0.47617048621177677,2025-04-08 19:17:22.860037,2025-04-08 19:17:43.123334,0 days 00:00:20.263297,0.1400566030704442,0.5047644957257301,16,0.2219828031126605,0.05325943686951984,0.057778386763684284,0.03972043708920045,0.08512566026917302,0.08796510468621822,0.028911362501418167,6,61,0.026447679483529152,0.006522753707102792,True,False,False,6.099083386061436e-05,COMPLETE
1100,0.5142314314842225,2025-04-08 19:17:43.474962,2025-04-08 19:18:27.203072,0 days 00:00:43.728110,0.07853628498996648,0.4519669479347835,2,0.24067961659468373,0.0658979308971129,0.05867462556359093,0.04344407754234168,0.08081650092439552,0.08279293424108673,0.05594732696903695,7,53,0.028947407043146776,0.022860606915044854,True,False,False,9.778302297038217e-05,COMPLETE
1101,0.5145677089691162,2025-04-08 19:18:27.553384,2025-04-08 19:19:05.023447,0 days 00:00:37.470063,0.09819948729688356,0.47485934403307584,2,0.23331663407973702,0.07432713747736634,0.050622194929906765,0.04158725715679548,0.07785949892849348,0.08576598964576324,0.022560790151679146,5,58,0.022812538472405375,0.031432079424607524,True,False,False,3.8530068128741105e-05,COMPLETE
1102,0.5004706859588623,2025-04-08 19:19:05.376162,2025-04-08 19:19:45.747232,0 days 00:00:40.371070,0.13401784577824025,0.4983299238563009,2,0.18718271576682202,0.058302950770655664,0.05459739759427996,0.044317517593790545,0.08314963040084362,0.08211331085652675,0.0347496494127317,6,63,0.031081832787159664,0.013378776372823378,True,False,False,0.00011980836611042601,COMPLETE
1103,0.5476554155349732,2025-04-08 19:19:46.099104,2025-04-08 19:20:23.310072,0 days 00:00:37.210968,0.06485698349042925,0.4511967375645631,2,0.24234085602646743,0.06325918121337318,0.04815542253559859,0.035972017967936774,0.0853512390178563,0.09534317469052943,0.030073879484855206,5,60,0.02058761978773588,0.006583453711600615,True,False,False,6.899048743670244e-05,COMPLETE
1104,0.5097714185714722,2025-04-08 19:20:23.661847,2025-04-08 19:21:04.102740,0 days 00:00:40.440893,0.16148221362020818,0.4171045074651758,2,0.2301995923980131,0.06181829158538999,0.04413730213478345,0.0352671796311178,0.0860096724511491,0.0915754233532361,0.04169467418718582,6,55,0.01857569021583985,0.0010031422507068531,True,False,False,7.192798982658401e-05,COMPLETE
1105,0.5248314380645752,2025-04-08 19:21:04.459270,2025-04-08 19:21:41.926151,0 days 00:00:37.466881,0.1114248147033236,0.42983299166947714,2,0.24074464889419303,0.04850244502457543,0.041071599913630824,0.03227126123864826,0.08469971676559823,0.08435217427540016,0.029529840617197323,5,58,0.020054048764502196,0.00846864681904999,True,False,False,5.226557906385246e-05,COMPLETE
1106,0.3037611722946167,2025-04-08 19:21:42.281195,2025-04-08 19:22:26.133583,0 days 00:00:43.852388,0.05893035902578251,0.4490822446489299,2,0.21197575610894717,0.05632140077185802,0.048420584628916484,0.036079368747197436,0.08916848503625233,0.098583263264601,0.035518089924022785,7,52,0.018562662185316065,0.021633993940559197,True,False,False,7.497230149960553e-05,COMPLETE
1107,0.5195823669433594,2025-04-08 19:22:26.489060,2025-04-08 19:23:03.584468,0 days 00:00:37.095408,0.09485028650185537,0.46332808497939504,2,0.22329593593381392,0.06525192742508128,0.047104513375822096,0.03469768260937656,0.08689967496822143,0.09632568309606694,0.030043673482027928,5,59,0.021028905730691376,0.013614907019830468,True,False,False,8.869475080703613e-05,COMPLETE
1108,0.2012482166290283,2025-04-08 19:23:03.948291,2025-04-08 19:23:44.084260,0 days 00:00:40.135969,0.08329204171947568,0.44136832622729777,2,0.23464665202610677,0.07068429498389385,0.045973368155281094,0.03840963658847496,0.09290187536002353,0.09480471994105963,0.04694818427119398,6,56,0.026327936542044884,0.007976185309034666,False,False,False,5.6122740938642034e-05,COMPLETE
1109,0.5434777021408081,2025-04-08 19:23:44.443547,2025-04-08 19:24:21.623302,0 days 00:00:37.179755,0.12195092329693473,0.47369182239983687,2,0.2417608351095927,0.06198385064333882,0.05252455422502963,0.03428073940921939,0.08395652236184382,0.09242535817599096,0.028030044032382424,5,60,0.03096277037806312,0.0056328809124907165,True,False,False,4.305081186974055e-05,COMPLETE
1110,0.3910807013511658,2025-04-08 19:24:21.961299,2025-04-08 19:25:03.612744,0 days 00:00:41.651445,0.1454713309843055,0.40895302315291704,2,0.23613815044440759,0.052661306191290606,0.049435770932641086,0.03494386897617743,0.08826886353273213,0.0943445694584111,0.026644490226465943,6,124,0.014767716372251808,0.2992758696943994,True,False,False,3.8842714910844335e-05,COMPLETE
1111,0.5398161053657532,2025-04-08 19:25:03.965394,2025-04-08 19:25:41.475806,0 days 00:00:37.510412,0.13296806004969694,0.4539503958783904,2,0.24253112263214197,0.060131403687587855,0.051646840297605585,0.031984549807909185,0.08518721537253415,0.0980557533121469,0.038618362221327245,5,65,0.01731837563771054,0.014354802187662434,True,False,False,2.8897191201769384e-05,COMPLETE
1112,0.12227018177509309,2025-04-08 19:25:41.829954,2025-04-08 19:26:14.932005,0 days 00:00:33.102051,0.16090460922772692,0.4409225639077825,2,0.2417549151665182,0.05677974957532227,0.052096573803601255,0.033061538348076014,0.09046118561252016,0.09807781898909969,0.04027782443967015,5,73,0.013641712773726514,0.017211992132566568,True,True,False,2.2980080115443807e-05,COMPLETE
1113,0.4953054785728455,2025-04-08 19:26:15.285629,2025-04-08 19:26:55.692778,0 days 00:00:40.407149,0.13099013075048477,0.47773452110562975,2,0.2292825950671028,0.04811995092415017,0.05001048351301081,0.0302480077028475,0.08691216470291878,0.09705689252843852,0.04897330853791827,6,68,0.017866622637958143,0.0010977894239846938,True,False,False,3.0434326523226633e-05,COMPLETE
1114,0.5357873916625977,2025-04-08 19:26:56.046734,2025-04-08 19:27:33.792613,0 days 00:00:37.745879,0.16609440757258215,0.4304815056956421,2,0.24047056959280008,0.061031163973274925,0.0530348727930071,0.033347282852096,0.08481960981794355,0.09910506039392682,0.060157121032892,5,69,0.015084931374579157,0.025184841583247828,True,False,False,4.6538915370049433e-05,COMPLETE
1115,0.49799116849899294,2025-04-08 19:27:34.148100,2025-04-08 19:28:14.842401,0 days 00:00:40.694301,0.1259540229883372,0.4059393484887757,2,0.23567881804266264,0.05898117211152408,0.05160012061813061,0.02831671794584739,0.08456659852623971,0.09974696022504279,0.05471237821460651,6,70,0.015932246427157813,0.02653084734169884,True,False,False,2.9620607078757908e-05,COMPLETE
1116,0.08694095015525818,2025-04-08 19:28:15.197486,2025-04-08 19:28:48.500055,0 days 00:00:33.302569,0.1432748047435982,0.4206419530437508,2,0.22794932326171213,0.05366288547186651,0.05324500167029763,0.031795336190225384,0.08656830364792212,0.09557535457773131,0.07341571933223491,5,69,0.01376258863698853,0.03161684704464042,True,False,True,4.236575251430781e-05,COMPLETE
1117,0.4689193725585938,2025-04-08 19:28:48.856427,2025-04-08 19:29:32.970621,0 days 00:00:44.114194,0.16895520272628303,0.4318741497522731,2,0.23750972860010122,0.044373823344700164,0.04830092004998064,0.03109386252172358,0.08845915902591138,0.09894446948699642,0.08111704602749661,7,66,0.018000357062164338,0.021556828490582068,True,False,False,4.2956030189103746e-05,COMPLETE
1118,0.2852989792823792,2025-04-08 19:29:33.327323,2025-04-08 19:30:11.068447,0 days 00:00:37.741124,0.11846079016159788,0.4495137782718242,2,0.24225027071594132,0.06117998174716981,0.05299025078029407,0.03312125439204678,0.08547481637246773,0.09549545480859047,0.059463279812665644,5,75,0.012205602943710652,0.03743456707956627,True,False,False,3.4520172427291305e-05,COMPLETE
1119,0.45709122419357306,2025-04-08 19:30:11.427759,2025-04-08 19:30:52.055281,0 days 00:00:40.627522,0.11537918432105429,0.4145027083271,2,0.23283174461795386,0.05085822399728722,0.05125169261592831,0.030362263571685717,0.08393396522682137,0.0967849702645965,0.06045124709400241,6,71,0.014376060321719973,0.014958988530841206,True,False,False,4.7019912002041525e-05,COMPLETE
1120,0.3122271060943604,2025-04-08 19:30:52.414052,2025-04-08 19:31:30.227683,0 days 00:00:37.813631,0.13569959656579628,0.4327222061973129,2,0.24183188047769946,0.06031187576994922,0.05447446109766318,0.032852621401186444,0.0854099959758038,0.09375384306152763,0.04097831095161067,5,67,0.012038119605958976,0.0192998950448921,True,False,False,5.239062992482324e-05,COMPLETE
1121,0.4286388039588928,2025-04-08 19:31:30.585068,2025-04-08 19:32:11.573982,0 days 00:00:40.988914,0.11204034867894161,0.44859951564226075,2,0.2240935773398205,0.06395789921280345,0.04945254131839866,0.034620237754126204,0.08303987529054392,0.09987729526348403,0.0931593850075785,6,66,0.015948162033041405,0.02459222954222698,True,False,False,3.303974356914727e-05,COMPLETE
1122,0.36642149090766907,2025-04-08 19:32:11.936899,2025-04-08 19:32:32.909232,0 days 00:00:20.972333,0.14949255139793416,0.46499820572378436,16,0.2317698539446724,0.054479551721352736,0.055047249649781596,0.030489710551971975,0.0897533986394506,0.096573914105037,0.03492631994877068,7,69,0.007740320836322515,0.01194623239645147,True,False,False,4.539697375663917e-05,COMPLETE
1123,0.4490490794181824,2025-04-08 19:32:33.269455,2025-04-08 19:33:10.787303,0 days 00:00:37.517848,0.13059237886840722,0.4312932880970151,2,0.2384090917809294,0.06427568841857677,0.05217959942452476,0.036643342809215954,0.08586957221944802,0.09331293464483001,0.047301728720199894,5,79,0.012829838196460011,0.04678217341734282,True,False,False,6.86995132669519e-05,COMPLETE
1124,0.5212108254432679,2025-04-08 19:33:11.151702,2025-04-08 19:33:48.999870,0 days 00:00:37.848168,0.16903314039997816,0.45467657818516083,2,0.24080336012582504,0.047149527002187885,0.04845019126292893,0.03322334191710538,0.08744976412239974,0.09293557811815935,0.03846215966298529,5,65,0.015765007002545836,0.007017298457259463,True,False,False,2.78502505406884e-05,COMPLETE
1125,0.4870364785194397,2025-04-08 19:33:49.362445,2025-04-08 19:34:30.415285,0 days 00:00:41.052840,0.107493713864168,0.4124281426855826,2,0.21837826886462233,0.058268561891401,0.05002634960953771,0.03372727522192619,0.08409849446183662,0.09782613946923696,0.03230549050548107,6,64,0.01593370287046359,0.01660879538948594,True,False,False,1.637727128888672e-05,COMPLETE
1126,0.4240582466125489,2025-04-08 19:34:30.760763,2025-04-08 19:35:08.441549,0 days 00:00:37.680786,0.09063540778609293,0.47175491048941903,2,0.22989200829601514,0.05595110525724523,0.05635820698925417,0.03644957706930148,0.08302577881232652,0.09524833068971883,0.0673439563420415,5,66,0.01583377137370854,0.02930067191457535,True,False,False,5.9252712259551355e-05,COMPLETE
1127,0.5168527603149414,2025-04-08 19:35:08.799876,2025-04-08 19:35:49.214423,0 days 00:00:40.414547,0.1267628125952328,0.4545049838433193,2,0.2439936799510641,0.06485119698698368,0.05411835667989206,0.039967673986727396,0.08210390613553539,0.09673252538524425,0.04824635869996236,6,62,0.0182747331030976,0.012060334443925538,True,False,False,4.16215297963349e-05,COMPLETE
1128,0.5067812442779541,2025-04-08 19:35:49.575649,2025-04-08 19:36:27.019272,0 days 00:00:37.443623,0.11250981803519829,0.43450827988113067,2,0.2394993837924069,0.051231666631879655,0.05309172601378936,0.031748648033528726,0.08764644737651257,0.09858745212955675,0.030140110971807094,5,72,0.017224572425401048,0.02301460269064631,True,False,False,6.259619260588935e-05,COMPLETE
1129,0.3594167232513428,2025-04-08 19:36:27.378192,2025-04-08 19:37:10.737701,0 days 00:00:43.359509,0.14190612930909358,0.4829540634695279,2,0.23489132719620592,0.06653435586794487,0.045219388294366766,0.03456388039531172,0.08460394832032973,0.09036520096102532,0.036135776334693594,7,68,0.014621290344828758,0.001195375534110043,False,False,False,4.7855433776207406e-05,COMPLETE
1130,0.3622058033943176,2025-04-08 19:37:11.098459,2025-04-08 19:37:52.177908,0 days 00:00:41.079449,0.09986075773020292,0.4697759345481749,2,0.2257595134375502,0.06124120746885442,0.0476215367519279,0.02799350413269579,0.08102099972168246,0.09933515499958473,0.054069207021511204,6,64,0.00998875655432481,0.00697811348083399,True,False,False,6.294650231752745e-05,COMPLETE
1131,0.19676535725593566,2025-04-08 19:37:52.537612,2025-04-08 19:38:25.374829,0 days 00:00:32.837217,0.07682944812793313,0.508918267198888,2,0.23707302518430265,0.06861270241070049,0.05123007776647642,0.02970765903928429,0.09149066281730257,0.09244761899333982,0.04443075084985279,5,62,0.010586630697398198,0.018409739520511528,True,True,False,3.7207482022260686e-05,COMPLETE
1132,0.5127830266952516,2025-04-08 19:38:25.736722,2025-04-08 19:39:03.356909,0 days 00:00:37.620187,0.15977108947854893,0.41261376688400203,2,0.24372177026197372,0.0564772867651032,0.05565379946154253,0.036235249965800395,0.08355005909993518,0.09451648973259509,0.028249021028178587,5,64,0.01733910413184923,0.03375243826379317,True,False,False,5.146802487222693e-05,COMPLETE
1133,0.5045811057090759,2025-04-08 19:39:03.717811,2025-04-08 19:39:44.481935,0 days 00:00:40.764124,0.12124032776200297,0.44842607808014157,2,0.24451718623799423,0.0478623621945375,0.052801507637230335,0.03718096551831745,0.08603380556039554,0.09757429184856636,0.0252639470973032,6,68,0.019707496172075498,0.010895145000048352,True,False,False,7.089217783497908e-05,COMPLETE
1134,0.5297446966171264,2025-04-08 19:39:44.844269,2025-04-08 19:40:22.611254,0 days 00:00:37.766985,0.09532599809516848,0.47743557105322515,2,0.23188849448273904,0.06245128225511255,0.0506592722547495,0.03430169636146122,0.08938964253869443,0.09212222730349912,0.0389170348940365,5,61,0.016795564839560632,0.025237550525913192,True,False,False,2.5575962365410542e-05,COMPLETE
1135,0.16068329513072968,2025-04-08 19:40:22.970757,2025-04-08 19:40:59.348759,0 days 00:00:36.378002,0.14367184380692966,0.4008616221864978,2,0.22312546572974,0.06777545845032794,0.05661072064531163,0.03841616121730965,0.08185920624074566,0.08953875052141862,0.03303068305580343,6,65,0.020406331011939376,0.006746517121730176,True,False,True,3.815211033878107e-05,COMPLETE
1136,0.3534900426864624,2025-04-08 19:40:59.711672,2025-04-08 19:41:37.611131,0 days 00:00:37.899459,0.0673122082129696,0.43092544728645116,2,0.19653727708896437,0.05508956480809576,0.054974567623306735,0.03615379625973704,0.08477862320264427,0.09621543033837826,0.06076101630349632,5,61,0.010161112033459943,0.016447852235153673,True,False,False,8.168431698024338e-05,COMPLETE
1137,0.34657841324806216,2025-04-08 19:41:37.971691,2025-04-08 19:42:21.771723,0 days 00:00:43.800032,0.10836632456275416,0.49847235252459743,2,0.23505875428670145,0.05990795706795226,0.0573228301871752,0.03167780777573324,0.08324890255521374,0.09979250111004997,0.042115838082099455,7,63,0.013003039950440446,0.013993571420812792,True,False,False,5.562596030665455e-05,COMPLETE
1138,0.4066741049289704,2025-04-08 19:42:22.135632,2025-04-08 19:42:59.774626,0 days 00:00:37.638994,0.07465254637602602,0.4590357654218522,2,0.24481073716737556,0.0686983378621582,0.04846192721311835,0.037591037596140665,0.08729034282411628,0.0896738436453007,0.0777405284911446,5,73,0.016178136497796515,0.06478253819327534,True,False,False,7.576518189728088e-05,COMPLETE
