number,value,datetime_start,datetime_complete,duration,params_alpha-eval,params_alpha-train,params_batch-size,params_eps-eval,params_eps-train,params_lambda-actions-eval,params_lambda-actions-train,params_lambda-frames-eval,params_lambda-frames-train,params_learning-rate,params_n-epochs,params_n-frames,params_radius-gw,params_rho,params_std-feats,params_ub-actions,params_ub-frames,params_weight-decay,state
626,0.47506902217864994,2025-04-08 14:10:37.958636,2025-04-08 14:12:16.986697,0 days 00:01:39.028061,0.3674343979406303,0.5959735007245197,2,0.28019411679228995,0.02093868691815123,0.08486963803556172,0.016690071328331054,0.02902330911991127,0.05990382294790727,0.0035183126754121906,25,25,0.07339455230387429,0.20399535276635236,True,False,False,9.660550198987578e-07,COMPLETE
627,0.10659024417400362,2025-04-08 14:12:17.178683,2025-04-08 14:12:39.543621,0 days 00:00:22.364938,0.4430363331328187,0.1873435446862479,8,0.2757291686476217,0.012218566340840203,0.04431954010474348,0.011795104144661053,0.03581490498065625,0.05718018440421252,0.005159008503117572,9,27,0.04247559159987433,0.17429784291197375,True,False,True,5.5167511576122477e-08,COMPLETE
628,0.09188934862613678,2025-04-08 14:12:39.746920,2025-04-08 14:13:03.592015,0 days 00:00:23.845095,0.23466240383365317,0.2634652568137614,8,0.2054112099239797,0.005353676847591491,0.0984249817041699,0.013611115529765714,0.03327534724721422,0.06600509909819949,0.0073418069830296535,10,8,0.008774826927486885,0.18388361584422286,True,False,False,1.0382377119961318e-07,COMPLETE
629,0.4877588272094727,2025-04-08 14:13:03.785170,2025-04-08 14:13:27.315951,0 days 00:00:23.530781,0.5510511921200829,0.385244828696127,16,0.2888509914886506,0.025958673193795447,0.09998820688957366,0.009353072415694982,0.04016074791949845,0.007578194845551344,0.0030842728908770465,14,34,0.039356373903049725,0.19689591223045833,True,False,False,4.0344429971126915e-08,COMPLETE
630,0.37483729124069215,2025-04-08 14:13:27.519197,2025-04-08 14:13:51.646031,0 days 00:00:24.126834,0.39010894964552795,0.2817115036560707,8,0.26261667969149527,0.01621072756628354,0.08946400760306845,0.01710519792272693,0.037927233221295494,0.051831928546312314,0.003847301034659497,8,21,0.034085405848622435,0.16456615565486407,True,False,False,8.082451681078871e-08,COMPLETE
631,0.40840118527412417,2025-04-08 14:13:51.840998,2025-04-08 14:14:26.640726,0 days 00:00:34.799728,0.3410247118488852,0.24678367678401222,8,0.28304082150757864,0.020093903471718955,0.09413583999856286,0.07186789360038003,0.03470179848527773,0.06363532959125849,0.005732280514279667,21,31,0.02964206355470276,0.1887753691929749,True,False,False,2.0442143781687405e-07,COMPLETE
632,0.4506392538547516,2025-04-08 14:14:26.844176,2025-04-08 14:14:52.638787,0 days 00:00:25.794611,0.4038727270347605,0.22147778500888285,8,0.29116762412177094,0.033013634853872056,0.07216887131364999,0.014973810814009916,0.03228862385103916,0.06102009585822557,0.002458539388443855,10,39,0.040570635084041226,0.17838032699250683,True,False,False,1.5375038214974544e-07,COMPLETE
633,0.09188934862613678,2025-04-08 14:14:52.831911,2025-04-08 14:15:41.271473,0 days 00:00:48.439562,0.4306513989129499,0.25237812365178985,2,0.2774232482219851,0.010485022252891135,0.09176123528739412,0.011597408956529703,0.03732700144901282,0.05564217857632771,0.009432149397303911,9,36,0.0369738411793456,0.1573342857382649,True,False,False,4.740245647954421e-08,COMPLETE
634,0.5021270036697388,2025-04-08 14:15:41.476194,2025-04-08 14:16:21.893912,0 days 00:00:40.417718,0.4809302096416939,0.29944314776451164,8,0.27116438693143263,0.02485075293823428,0.09785512848927608,0.018160384701678266,0.043020275524674974,0.05864510148443839,0.003480455423098623,28,30,0.04334520455900274,0.17319384121918383,True,False,False,3.051264464545613e-08,COMPLETE
635,0.5029934644699097,2025-04-08 14:16:22.086164,2025-04-08 14:16:47.893869,0 days 00:00:25.807705,0.3632101620149873,0.20085409564178164,8,0.2861842548658034,0.016276263702907676,0.09474035555071221,0.00562115044387676,0.08008642628476252,0.053273716561382536,0.004528960109535381,10,33,0.05014482879908889,0.20958120717354212,True,False,False,6.075240421612154e-08,COMPLETE
636,0.09188934862613678,2025-04-08 14:16:48.100809,2025-04-08 14:17:09.974426,0 days 00:00:21.873617,0.4549494448358087,0.2644302784811316,8,0.29314124479146986,0.00583104723197588,0.096659611071252,0.007523052165995834,0.04583000758622949,0.0012573599367773323,0.004227409032749659,6,27,0.03846470129565062,0.18338960476937657,True,False,False,1.1870812632362653e-07,COMPLETE
637,0.3550439357757568,2025-04-08 14:17:10.171577,2025-04-08 14:17:33.550530,0 days 00:00:23.378953,0.38535304509236773,0.23252881008075718,8,0.27835943531055524,0.13899237825662838,0.09276901928357523,0.06468554408400873,0.0397720372674737,0.0617819439251021,0.0028954402219991265,7,23,0.035140438372579345,0.14950892853103692,False,False,False,2.9790459331763987e-07,COMPLETE
638,0.5000078320503235,2025-04-08 14:17:33.759513,2025-04-08 14:17:58.758880,0 days 00:00:24.999367,0.5299479702503898,0.32245855386532224,8,0.28403779574639315,0.027259966647554035,0.08878146982312658,0.016094888096316783,0.036451885011988615,0.06445300554825191,0.006070338078506499,9,36,0.04071641472051807,0.1693479344099891,True,False,False,8.170268120378852e-08,COMPLETE
639,0.42412511706352235,2025-04-08 14:17:58.954438,2025-04-08 14:18:24.894849,0 days 00:00:25.940411,0.046513741535638864,0.7344481278962737,8,0.2688212877917337,0.015781723308489145,0.03244328501019915,0.01354549432491934,0.030955329646875033,0.05668503251531466,0.0020401975215429847,10,30,0.02760365242123472,0.19221912643328007,True,False,False,1.7901093292328543e-07,COMPLETE
640,0.45430383086204534,2025-04-08 14:18:25.104325,2025-04-08 14:19:14.897969,0 days 00:00:49.793644,0.4122141851251997,0.1695607310654616,2,0.29020422306425664,0.02244820368101068,0.0910174592233782,0.019540351643747313,0.028409212776621336,0.05112700318436654,0.0052182432020657175,9,40,0.04558686325325318,0.17968922987319436,True,False,False,1.3035489532170904e-07,COMPLETE
641,0.11677556335926056,2025-04-08 14:19:15.093175,2025-04-08 14:19:36.691994,0 days 00:00:21.598819,0.5582760147165686,0.8653210667146756,8,0.24830199409490447,0.03602868413387288,0.09479639527296088,0.01183044042857477,0.03402771306816192,0.05989425238747685,0.010991773883462055,8,33,0.03731900094301366,0.1632074302993099,True,True,False,1.907842361335297e-08,COMPLETE
642,0.42347337007522584,2025-04-08 14:19:36.900667,2025-04-08 14:20:01.106058,0 days 00:00:24.205391,0.32223963955761314,0.21531732328633965,8,0.2947739796776934,0.01146067457679508,0.0979233524684602,0.016643904001904283,0.038842395748491826,0.054921706154604864,0.003604289231648274,8,28,0.03190504731675506,0.1877527623857378,True,False,False,9.792753544092597e-08,COMPLETE
643,0.09188934862613678,2025-04-08 14:20:01.301216,2025-04-08 14:20:26.461442,0 days 00:00:25.160226,0.4373303049263127,0.28266117312241956,8,0.28073822661484527,0.0059224986150616075,0.08729363495823633,0.015331914772324961,0.04127317455460103,0.06680691047353807,0.007941507806246462,10,18,0.03433993379181751,0.20015480254305534,True,False,False,2.5847603770759943e-08,COMPLETE
644,0.48889461755752567,2025-04-08 14:20:26.668943,2025-04-08 14:20:51.612528,0 days 00:00:24.943585,0.3675498647314814,0.24613622816556413,8,0.0339616573293951,0.01958748613026255,0.09340705772445482,0.009999778386009694,0.03603634514716957,0.05759639948717209,0.002562373819673948,9,36,0.0390243267042628,0.17271011170403539,True,False,False,2.2969619036791826e-07,COMPLETE
645,0.10465141534805297,2025-04-08 14:20:51.811957,2025-04-08 14:21:15.107912,0 days 00:00:23.295955,0.5099452076346265,0.25840336704512384,8,0.27451101766346053,0.028646386117506466,0.09609765817238353,0.07536456292551351,0.03783960898213044,0.06248086185326808,0.0045087795558806446,10,32,0.03639113560438363,0.18258819558119038,True,False,True,6.344824690726498e-08,COMPLETE
646,0.49859771728515623,2025-04-08 14:21:15.317601,2025-04-08 14:22:04.440805,0 days 00:00:49.123204,0.3981077802768736,0.19569964641746232,2,0.2868039116761981,0.011689644478617868,0.09105438688439305,0.014070471418968791,0.032070541951607155,0.06848852041382635,0.0032013526769110144,9,30,0.04207572061243181,0.1522195804856764,True,False,False,4.3323430769784206e-08,COMPLETE
647,0.09188934862613678,2025-04-08 14:22:04.651726,2025-04-08 14:22:42.473299,0 days 00:00:37.821573,0.33979410218282896,0.2812917041529463,8,0.29386979080831704,0.001361072937732629,0.09998272749259636,0.018722288419587747,0.04326248601263363,0.054278842682409165,0.006743895384961418,26,26,0.040281961618588345,0.1776461403013953,True,False,False,1.5178673693811012e-07,COMPLETE
648,0.5113854885101319,2025-04-08 14:22:42.675241,2025-04-08 14:23:08.459269,0 days 00:00:25.784028,0.486502346078744,0.2332157187594546,8,0.26048011749714006,0.020416935435310483,0.09493212215193403,0.07758983976146588,0.034753779683445216,0.05956641861687503,0.004203866408282957,10,34,0.036399384930251966,0.1956213331552796,True,False,False,7.693284277000956e-08,COMPLETE
649,0.47906414270401004,2025-04-08 14:23:08.672086,2025-04-08 14:23:32.819728,0 days 00:00:24.147642,0.4948811854712213,0.22079486292363684,8,0.25882701120570956,0.01580097715809792,0.08601382002487366,0.07760161593260295,0.033645478260843374,0.06023408462542615,0.005484542766375134,8,38,0.03365748815340819,0.2077319180502115,True,False,False,7.124008433510967e-08,COMPLETE
650,0.453297770023346,2025-04-08 14:23:33.020603,2025-04-08 14:24:05.442103,0 days 00:00:32.421500,0.5293866775724467,0.642883682495946,8,0.26124806983899074,0.024354566475960987,0.08991316811057685,0.0802239381474738,0.03040610246865075,0.0625281963216523,0.004030485570718091,18,34,0.030705941701323722,0.19952150676489488,True,False,False,5.0909398060198675e-08,COMPLETE
651,0.09188934862613678,2025-04-08 14:24:05.653334,2025-04-08 14:24:28.270184,0 days 00:00:22.616850,0.1274044760802897,0.20516150177297962,8,0.26484365384145564,0.010079960516557428,0.09257006456102519,0.08517828191743217,0.026742045361806476,0.0592313040850211,0.004680715693613888,7,41,0.03574358510606243,0.19975870252430245,True,False,False,5.862003557269694e-08,COMPLETE
652,0.41709176898002626,2025-04-08 14:24:28.469505,2025-04-08 14:25:04.277421,0 days 00:00:35.807916,0.5042774626657403,0.2324721693215304,8,0.2643307760035209,0.03289525033152026,0.09426996329012557,0.07943441743926499,0.03380874735164829,0.06044838672820999,0.005833439531903383,22,29,0.03312452010100326,0.19298857904572014,True,False,False,3.623264972813906e-08,COMPLETE
653,0.09188934862613678,2025-04-08 14:25:04.490103,2025-04-08 14:25:26.317672,0 days 00:00:21.827569,0.487091702512871,0.18841764243498366,16,0.26934953494998504,0.00036212010557871814,0.09697182422359628,0.03965675461774315,0.03539318482415488,0.06479956593492447,0.006887473092680003,12,32,0.036549635918727646,0.15758996926917374,True,False,False,7.726344005169359e-08,COMPLETE
654,0.3836696267127991,2025-04-08 14:25:26.519087,2025-04-08 14:26:15.806554,0 days 00:00:49.287467,0.5509092138826011,0.2210178161312899,2,0.27441033410824345,0.018928641775882476,0.09244665130971534,0.07635828379190847,0.031950065442660706,0.05832302755861115,0.00489592014108669,9,25,0.0343566159978001,0.1468747253349345,True,False,False,8.731251567432041e-08,COMPLETE
655,0.47438957095146184,2025-04-08 14:26:16.020431,2025-04-08 14:26:41.884020,0 days 00:00:25.863589,0.5729405418827328,0.240409441299101,8,0.18125988553900851,0.014086063467526836,0.08204348345071628,0.07343314338670255,0.029256654859317544,0.032473915849914645,0.003958021501673456,10,37,0.037824921955901224,0.19575995704296223,True,False,False,5.260385315366697e-08,COMPLETE
656,0.49827686548233036,2025-04-08 14:26:42.084967,2025-04-08 14:27:08.561481,0 days 00:00:26.476514,0.3795067063123402,0.1753080027104377,8,0.2540056195877658,0.02436337470656863,0.08861437486085937,0.07682037991356325,0.035703378809870005,0.004154352449755348,0.005056010327916332,11,29,0.03527356679570086,0.1658182102514066,True,False,False,3.649928381902626e-08,COMPLETE
657,0.27949520349502566,2025-04-08 14:27:08.774114,2025-04-08 14:27:42.846978,0 days 00:00:34.072864,0.47299751614003394,0.13242815330849797,8,0.2662927346170792,0.009516592433795157,0.09498459061980345,0.0819436804842083,0.03390968548533244,0.062294055793888185,0.004188925325698665,20,34,0.03215335433362904,0.2150489406675944,False,False,False,6.945878713498882e-08,COMPLETE
658,0.4850524365901947,2025-04-08 14:27:43.047669,2025-04-08 14:28:07.621637,0 days 00:00:24.573968,0.5214288947193921,0.2063407603099135,8,0.27364003326316144,0.019320502922684616,0.0981067762575607,0.0759857909043821,0.030753279269983964,0.06422611515864507,0.0007951846299085337,8,43,0.03796158111231593,0.19278154897227734,True,False,False,9.194568744076173e-08,COMPLETE
659,0.5072597026824952,2025-04-08 14:28:07.833940,2025-04-08 14:28:37.969505,0 days 00:00:30.135565,0.41944775877669194,0.2435008709998481,8,0.2793142336175144,0.029934092079476282,0.09080517696345397,0.07828599846160306,0.03740148115773668,0.06088029422598128,0.008460462757846255,15,31,0.03624410104911383,0.16276435401161285,True,False,False,4.59354657835741e-08,COMPLETE
660,0.47822811603546145,2025-04-08 14:28:38.171397,2025-04-08 14:29:03.696173,0 days 00:00:25.524776,0.5869356178521014,0.2235708944673266,8,0.2998814365274005,0.03735078894008967,0.09658366720070427,0.07450157099924248,0.03195030501798679,0.05749529343509512,0.00620306522500058,10,22,0.09596029554293178,0.15464491696331,True,False,False,3.8781436353564905e-07,COMPLETE
661,0.11155972927808763,2025-04-08 14:29:03.912585,2025-04-08 14:29:46.918156,0 days 00:00:43.005571,0.35493363921621573,0.2614884713826047,2,0.2686185598482687,0.005617895727359091,0.093754606100164,0.08089823157810216,0.08576016842341401,0.06636744711977888,0.0036637670779588265,9,27,0.038868233125212495,0.018655716001098166,True,True,False,3.259519892827747e-08,COMPLETE
662,0.4229582190513611,2025-04-08 14:29:47.119695,2025-04-08 14:30:13.106290,0 days 00:00:25.986595,0.601036840238684,0.24040125631827916,8,0.2563149366932854,0.2514584481261678,0.08369030150482071,0.06943486659795356,0.034957873012738665,0.05922512656905241,0.005444767637743126,10,35,0.03463704067718275,0.20637488185630315,True,False,False,6.813759289127222e-08,COMPLETE
663,0.3798761129379273,2025-04-08 14:30:13.321186,2025-04-08 14:30:44.209554,0 days 00:00:30.888368,0.2613737326500351,0.2999709050823971,8,0.273682091956683,0.213466577106006,0.0873969326477832,0.021149868569180913,0.0281201819613917,0.06301178574785699,0.0033889734764134174,16,32,0.029324902626036244,0.1709675111008238,True,False,False,9.749549781278204e-08,COMPLETE
664,0.10815788507461549,2025-04-08 14:30:44.416143,2025-04-08 14:31:08.122272,0 days 00:00:23.706129,0.3812380417019314,0.34926820793112145,8,0.28004124542114034,0.015901999018471932,0.09532630079554164,0.07884148810804,0.039615878686843485,0.05584630826777741,0.004515243673360059,11,37,0.0370248506722058,0.18840665300389295,True,False,True,6.756114397704532e-07,COMPLETE
665,0.4765415906906128,2025-04-08 14:31:08.338664,2025-04-08 14:31:37.859729,0 days 00:00:29.521065,0.4886390575494401,0.20872055568585698,8,0.2883927201938078,0.023230363489332842,0.09199353590858772,0.048652025075850674,0.03641862290302317,0.06169659882403888,0.007164822738091401,13,79,0.03248130667454552,0.18057698337473105,True,False,False,2.573043465181701e-08,COMPLETE
666,0.4944552063941956,2025-04-08 14:31:38.077636,2025-04-08 14:32:02.554992,0 days 00:00:24.477356,0.28008035046152047,0.2718364749300378,8,0.26132010783658455,0.011507241533547458,0.09831228390828729,0.01823079109520961,0.032962389710935076,0.07181529327758669,0.0031010836347317113,8,29,0.03875940866880651,0.14743532086985717,True,False,False,5.746586425169784e-08,COMPLETE
667,0.5177782535552978,2025-04-08 14:32:02.761216,2025-04-08 14:32:53.276506,0 days 00:00:50.515290,0.45367011915628874,0.2296691599472877,2,0.2825578265657941,0.028240607615643402,0.0896972820747751,0.07334971222210279,0.040916826978449165,0.0575794651574103,0.004016295479738728,9,33,0.03578479827019977,0.18842970097310183,True,False,False,2.4959885437040776e-07,COMPLETE
668,0.4417775392532349,2025-04-08 14:32:53.495791,2025-04-08 14:33:44.093616,0 days 00:00:50.597825,0.43479554083757993,0.19276299040342149,2,0.2704939143390198,0.03701209618019345,0.08625696296038357,0.07237802252356887,0.0466198178953023,0.059415677555164026,0.002401344504078708,9,26,0.030674394113374887,0.1980124526645846,True,False,False,4.225190089810851e-08,COMPLETE
669,0.47725253701210024,2025-04-08 14:33:44.297965,2025-04-08 14:34:31.098134,0 days 00:00:46.800169,0.4622064053905388,0.15647655171096206,2,0.27850647285708435,0.041664590670645374,0.08918751672191741,0.056342772544415096,0.04946825000470244,0.06056051588256403,0.0036688101615335385,8,58,0.03371214394842206,0.2034537921009552,True,False,False,1.9252982061190764e-07,COMPLETE
670,0.49131663441658024,2025-04-08 14:34:31.317365,2025-04-08 14:35:22.199919,0 days 00:00:50.882554,0.45100039302916073,0.22091751398053078,2,0.29488123223217955,0.031177233450349368,0.09369386952522016,0.07062785633232743,0.04206852588574068,0.0575173120736298,0.00156625070128342,9,51,0.03550250352716334,0.19237728775637755,True,False,False,1.0494723534167422e-07,COMPLETE
671,0.5195457935333252,2025-04-08 14:35:22.403401,2025-04-08 14:36:12.279051,0 days 00:00:49.875650,0.40901706202447735,0.2524760299567732,2,0.2827055542357801,0.02878287563364016,0.09655689953227936,0.06750809823473553,0.04434421367053931,0.06533528010377851,0.0028867073919351936,9,32,0.03205233350556363,0.18652247112312395,True,False,False,7.536125746418397e-08,COMPLETE
672,0.41506455540657045,2025-04-08 14:36:12.496561,2025-04-08 14:37:02.453789,0 days 00:00:49.957228,0.4186834269722485,0.1936964208625611,2,0.2998621709139538,0.026751541425075596,0.09855186624491785,0.0680993607892183,0.04565671589398679,0.0668853331753638,0.001952890704450662,9,30,0.03036851012951136,0.18842242304201023,True,False,False,5.853564595546313e-08,COMPLETE
673,0.40630150437355045,2025-04-08 14:37:02.668259,2025-04-08 14:37:52.534489,0 days 00:00:49.866230,0.08198352675889264,0.23691152096986398,2,0.28688671745796324,0.021382508295183848,0.09722030165002118,0.06672284557222263,0.04486979270477569,0.0645941346855499,0.0025376472874699568,9,24,0.02925285356143277,0.19396041134571157,True,False,False,6.932050837619019e-08,COMPLETE
674,0.41672018766403196,2025-04-08 14:37:52.752673,2025-04-08 14:38:36.738702,0 days 00:00:43.986029,0.4504192126063858,0.219627743146835,2,0.2903322479757295,0.027577650003376013,0.09668857611922538,0.06287355657360882,0.0439192020462054,0.06924292014787899,0.002835601223621632,7,27,0.03186690678673827,0.18343764967985685,True,False,False,4.377926166049758e-08,COMPLETE
675,0.5116915345191956,2025-04-08 14:38:36.946087,2025-04-08 14:39:23.269349,0 days 00:00:46.323262,0.43125640793651787,0.2516624284145706,2,0.2835447857921771,0.01667003594373574,0.08494005339159823,0.06702716592522887,0.04289104703477957,0.06512791163929924,0.0030406949361385088,8,31,0.03277493066756154,0.1970306069661529,True,False,False,4.983985877873283e-08,COMPLETE
676,0.411179119348526,2025-04-08 14:39:23.486274,2025-04-08 14:40:06.807981,0 days 00:00:43.321707,0.4331276095795343,0.28737833231063054,2,0.2830462392371066,0.01448934397174152,0.08438386883809601,0.06663660437453209,0.04751627006907634,0.06910002828614602,0.0020272383741486953,7,32,0.029749755031201457,0.19847164159791086,True,False,False,3.812165012136891e-08,COMPLETE
677,0.22188592553138733,2025-04-08 14:40:07.014201,2025-04-08 14:40:53.428164,0 days 00:00:46.413963,0.41819023608943895,0.25458600115962693,2,0.2929492707067441,0.00747872474001161,0.08841905442476294,0.06484542893064033,0.04766978691159324,0.06675151020366582,0.002360425799682669,8,29,0.03153741780213774,0.20498209081929042,False,False,False,2.9925028139674006e-08,COMPLETE
678,0.4121857225894928,2025-04-08 14:40:53.647585,2025-04-08 14:41:41.150049,0 days 00:00:47.502464,0.44728618836987954,0.31433011890496565,2,0.2840116562189862,0.01813992061257059,0.08299385390209574,0.06852816200305559,0.04514260448201872,0.06488679376578775,0.0030314435580294868,8,32,0.02633314888710021,0.20926590011624385,True,False,False,5.407603610192e-08,COMPLETE
679,0.09188934862613678,2025-04-08 14:41:41.373692,2025-04-08 14:42:24.467525,0 days 00:00:43.093833,0.4144658774645593,0.27293933966371775,2,0.29380079491449695,0.006089995489468912,0.08243513818823033,0.06415934164256203,0.04304582291679333,0.06576990346389441,0.0028958695569779496,7,36,0.03208599620389021,0.19861385017131672,True,False,False,4.5562787232557075e-08,COMPLETE
680,0.4148093461990357,2025-04-08 14:42:24.676740,2025-04-08 14:43:11.938120,0 days 00:00:47.261380,0.4045921770953483,0.2478611133694891,2,0.28951097628717254,0.026592674121984794,0.08434214130608213,0.06539160577744126,0.043102668346367785,0.06906564594235824,0.002267289529764277,8,29,0.028346848373597237,0.19383864345729154,True,False,False,2.241816914186439e-08,COMPLETE
681,0.1702119827270508,2025-04-08 14:43:12.158331,2025-04-08 14:44:49.590159,0 days 00:01:37.431828,0.4292906943713423,0.33398917030015174,2,0.2823544145175118,0.013792613429777164,0.08061523291044456,0.0652439003575469,0.04185764521940399,0.07125620822971086,0.0026893354850134866,29,24,0.03345830878473762,0.20393951691584955,True,True,False,3.4337382688368014e-08,COMPLETE
682,0.514351487159729,2025-04-08 14:44:49.798455,2025-04-08 14:45:36.332731,0 days 00:00:46.534276,0.43571634148089056,0.2925985968531395,2,0.29452423715543274,0.021493993728784373,0.07762850161929036,0.06971325059668247,0.04303143175503982,0.06735848985516903,0.0018079171499634627,8,34,0.03335298018205644,0.18592343020520027,True,False,False,5.381586148965833e-08,COMPLETE
