number,value,datetime_start,datetime_complete,duration,params_alpha-eval,params_alpha-train,params_batch-size,params_eps-eval,params_eps-train,params_lambda-actions-eval,params_lambda-actions-train,params_lambda-frames-eval,params_lambda-frames-train,params_learning-rate,params_n-epochs,params_n-frames,params_radius-gw,params_rho,params_std-feats,params_ub-actions,params_ub-frames,params_weight-decay,state
1305,0.42195675373077396,2025-04-20 02:05:18.051591,2025-04-20 02:05:55.893389,0 days 00:00:37.841798,0.3614536316251784,0.14303077431249736,16,0.05180278091335842,0.04632770427494308,0.04805003585500254,0.060037608709790156,0.01629167061121514,0.08628810965762578,0.018809360963300627,24,121,0.07486544413554712,0.12137101607423761,True,False,False,0.0005266419909458527,COMPLETE
1306,0.40883631110191343,2025-04-20 02:05:56.326723,2025-04-20 02:06:23.301644,0 days 00:00:26.974921,0.3060428002271375,0.05265568374117085,16,0.043002736907064666,0.015664741828966808,0.03526545679125071,0.06449154290817576,0.011917021027144046,0.09260567796208115,0.012536437426293682,27,23,0.07264422211894934,0.2905500518653687,True,True,False,0.0003142999441402898,COMPLETE
1307,0.548687744140625,2025-04-20 02:06:23.722743,2025-04-20 02:07:02.640507,0 days 00:00:38.917764,0.41470245557975716,0.1686900979283394,2,0.020642375879566244,0.05669531606362144,0.03139774760739393,0.05458605101591198,0.0027559260440998363,0.0954722697930081,0.01587826839480286,7,34,0.06994990666231081,0.2718182738670982,True,False,True,0.00038829129732729215,COMPLETE
1308,0.515234899520874,2025-04-20 02:07:03.059774,2025-04-20 02:07:44.301221,0 days 00:00:41.241447,0.44224540323755646,0.17229979312414986,2,0.02267116090310279,0.05687514303003424,0.029304408869128364,0.05418065018771578,0.0010913453284491623,0.09612246634105867,0.016048641717057537,8,30,0.07001743941380247,0.11600147395539677,True,False,True,0.00024231107401864431,COMPLETE
1309,0.5044245719909668,2025-04-20 02:07:44.719163,2025-04-20 02:09:03.048937,0 days 00:01:18.329774,0.40366366586500174,0.20305085528831232,2,0.02753895695355365,0.057306211464606197,0.02371547139169442,0.05547039912801945,0.00285406631361779,0.09498651996126646,0.014264753892932995,22,25,0.06868623309974843,0.09265960065424876,True,False,True,0.000286033029889807,COMPLETE
1310,0.47419908642768865,2025-04-20 02:09:03.470721,2025-04-20 02:09:40.093131,0 days 00:00:36.622410,0.4306008478173936,0.18521305048847547,2,0.022201921564120937,0.05993473244380691,0.027359337567984823,0.054393609061382006,0.0038302980262876676,0.09713190179014068,0.013350473949264616,6,71,0.07006319330615028,0.10333099670176475,True,False,True,0.00036100593005676415,COMPLETE
1311,0.5316250920295715,2025-04-20 02:09:40.509771,2025-04-20 02:10:18.997207,0 days 00:00:38.487436,0.4463871135401969,0.1478330000936388,2,0.015506979625647253,0.056782451352903676,0.02733096448263084,0.05347218186023398,0.0026140318623625257,0.09427308061313319,0.01639925214987818,7,32,0.0707870977979529,0.2943559293635725,True,False,True,0.00017837002666895477,COMPLETE
1312,0.5262154102325439,2025-04-20 02:10:19.415046,2025-04-20 02:11:03.464242,0 days 00:00:44.049196,0.41262573246595574,0.16750571950929247,2,0.03228754740900188,0.05252821720576108,0.03091257254940267,0.05691801334480036,0.005802376333491278,0.09815139940992082,0.01112756526857247,9,35,0.07349899876844587,0.2828448670967877,True,False,True,0.000364158767248504,COMPLETE
1313,0.4816367089748383,2025-04-20 02:11:03.879251,2025-04-20 02:11:45.634784,0 days 00:00:41.755533,0.4784687494816876,0.15902235720404376,2,0.020058974941451778,0.05564885756450033,0.02939690833637386,0.05389194835045529,0.004164302270486517,0.09594732973409079,0.01821958985971436,8,38,0.06754542693219912,0.11107266736610903,True,False,True,0.000256616369308895,COMPLETE
1314,0.49967353940010073,2025-04-20 02:11:46.051302,2025-04-20 02:13:08.213967,0 days 00:01:22.162665,0.4528726642239569,0.12803007423655038,2,0.026178543617341198,0.058558249150276735,0.02823088485801603,0.05628565031531347,0.002834184618430352,0.09299147140424345,0.00982890532523736,23,28,0.0720891589065497,0.2708859736573772,True,False,True,0.0003725705688016394,COMPLETE
1315,0.4858828127384186,2025-04-20 02:13:08.651438,2025-04-20 02:14:25.667180,0 days 00:01:17.015742,0.4358569304388098,0.1801286597906837,2,0.01736407476948099,0.050382119227581304,0.031645809084476034,0.057622405352881594,0.00600563140800194,0.05316934627772539,0.01380194886968877,21,31,0.06766998979323312,0.2888621970411616,True,False,True,0.0002883923099193096,COMPLETE
1316,0.4500084340572358,2025-04-20 02:14:26.087942,2025-04-20 02:15:05.061060,0 days 00:00:38.973118,0.43162626256058256,0.18938734700414012,2,0.02875997875903625,0.050196354009169865,0.031665107010361355,0.05431132481632154,0.00266372730707,0.0940283768185189,0.016053699449116558,7,34,0.06944165556846771,0.29431467374034254,True,False,True,0.00042590295026597813,COMPLETE
1317,0.47275427579879764,2025-04-20 02:15:05.484181,2025-04-20 02:15:47.184242,0 days 00:00:41.700061,0.4228681072589132,0.206933109248273,2,0.013133990745179739,0.05809578678471524,0.02629992548420932,0.05836105998328055,0.0010668234599754578,0.09635475914583966,3.137423860949414e-05,8,39,0.06554516069724695,0.12543974520920373,True,False,True,0.00040772049712239986,COMPLETE
1318,0.43648532629013065,2025-04-20 02:15:47.605176,2025-04-20 02:16:29.192787,0 days 00:00:41.587611,0.4222135829763502,0.14417354390327883,2,0.033143334682960865,0.0496150990621821,0.030014912322017365,0.055620162215949495,0.0071708233491920926,0.0914554346537483,0.019481324853987864,8,43,0.07277634331097318,0.28591370573459646,True,False,True,0.0002075210865736504,COMPLETE
1319,0.3721344292163849,2025-04-20 02:16:29.614550,2025-04-20 02:17:18.058393,0 days 00:00:48.443843,0.4652529713379838,0.15383572799144035,2,0.022752631849850394,0.1517557469757495,0.03218927529184959,0.059770025707064016,0.005018000761247371,0.09811535450549405,0.012417266233165244,10,91,0.07114602826991796,0.11615569474694117,True,False,True,0.0003038182728501096,COMPLETE
1320,0.4605771064758301,2025-04-20 02:17:18.479609,2025-04-20 02:17:57.280610,0 days 00:00:38.801001,0.2743758670478305,0.1707967330192674,2,0.010341255288971955,0.053711057873678456,0.03313366786992768,0.052979028810165224,0.0044729761607704265,0.09433682091265155,0.015279419442194101,7,36,0.07471211200962982,0.10004258759220595,True,False,True,0.0004197296721965779,COMPLETE
1321,0.29263480305671696,2025-04-20 02:17:57.698129,2025-04-20 02:19:35.636887,0 days 00:01:37.938758,0.40440049597749017,0.19518218684240174,2,0.004676291300602659,0.046500307534390155,0.03144014247326989,0.061529117053304244,0.006853827226504045,0.09993743941989669,0.019963968789134194,29,32,0.06705033489655132,0.10696812366285048,False,False,True,0.0004693597472930687,COMPLETE
1322,0.5219310045242309,2025-04-20 02:19:36.058038,2025-04-20 02:20:15.620742,0 days 00:00:39.562704,0.24583274169883224,0.12065137041714534,2,0.018228528427735598,0.05922448294285644,0.034096806433783836,0.05740507897954722,0.008555926709626759,0.09185567143895615,0.009362308160958063,7,40,0.06880673415642108,0.27629583366576205,True,False,True,7.77358718289247e-07,COMPLETE
1323,0.4359870374202729,2025-04-20 02:20:16.060472,2025-04-20 02:21:03.290245,0 days 00:00:47.229773,0.2904884511021887,0.07296469033792002,2,0.012370379509136747,0.029011025173707357,0.02851067953979803,0.05579731614871512,0.002747475254549405,0.09451958252733163,0.013305735503925987,10,35,0.07184700796862303,0.29443043913340944,True,False,True,0.00032463971996607373,COMPLETE
1324,0.3953085780143738,2025-04-20 02:21:03.715120,2025-04-20 02:21:42.374387,0 days 00:00:38.659267,0.3945728175659139,0.13587946534786866,2,0.03588408510060791,0.2855790509132905,0.030977443632065584,0.0589208013386217,0.004464113193467754,0.09651261489120509,0.016809548482346278,7,28,0.06612822391684273,0.28977841052289804,True,False,True,0.00045303560031742095,COMPLETE
1325,0.2764678537845612,2025-04-20 02:21:42.800756,2025-04-20 02:22:16.940371,0 days 00:00:34.139615,0.3102714479228965,0.10679725476790478,2,0.17756911048482246,0.021189151079524925,0.03330517271345063,0.06209717351199056,0.0010934584965317645,0.09997176033565386,0.020458122755063656,5,85,0.07612040544096449,0.12254938642551688,True,False,True,0.00026679017199684926,COMPLETE
1326,0.39526775479316717,2025-04-20 02:22:17.366608,2025-04-20 02:22:50.517204,0 days 00:00:33.150596,0.2800002599120125,0.16831348108254532,2,0.026040820751951722,0.0442331789121017,0.03477704246238595,0.05412742860228419,0.009246811367341472,0.09242388142491559,0.023435243674316788,5,33,0.06480329092802818,0.28201952521375645,True,True,True,0.0003604740614502212,COMPLETE
1327,0.49039031267166144,2025-04-20 02:22:50.940398,2025-04-20 02:23:16.560128,0 days 00:00:25.619730,0.32694256718548986,0.20752738656613048,16,0.020766711035511618,0.05186582733755618,0.03682984275355462,0.05695601199984552,0.004116140268952494,0.09599607946988134,0.01088530043682843,22,37,0.06990460966466105,0.12916564850316958,True,False,True,0.0004959601231683406,COMPLETE
1328,0.520400619506836,2025-04-20 02:23:16.987588,2025-04-20 02:24:01.418900,0 days 00:00:44.431312,0.38456613416158414,0.14547708328739895,2,0.008378129386448854,0.03440587116814454,0.03421064500104519,0.052872299206335946,0.006301986286406953,0.09727948412004953,0.014734881283694993,9,30,0.07371806727147465,0.29999382911371547,True,False,True,0.0005258683027064236,COMPLETE
1329,0.25749861598014834,2025-04-20 02:24:01.842582,2025-04-20 02:24:38.073315,0 days 00:00:36.230733,0.18672091671137006,0.11809376073866365,2,0.0001622703757282037,0.05959248859747241,0.03638338641218379,0.05995584634091354,0.002806258009764635,0.09004035364177995,0.01812222355526406,6,42,0.06931314147549013,0.11538038915599981,True,False,True,1.1314693627144639e-05,COMPLETE
1330,0.535240888595581,2025-04-20 02:24:38.498495,2025-04-20 02:25:02.764583,0 days 00:00:24.266088,0.26465307147989764,0.1774592294731854,16,0.04859854799370624,0.044985262287425734,0.038635514053950146,0.06735442071391258,0.00531250174781752,0.093612875115094,0.00973477858722024,19,38,0.064194545455861,0.2893429289263896,True,False,True,0.0001860455963621678,COMPLETE
1331,0.5276100993156433,2025-04-20 02:25:03.188440,2025-04-20 02:25:28.551802,0 days 00:00:25.363362,0.29479983771899115,0.15904952916126505,16,0.015637034205121362,0.04051940095311419,0.033830375222812986,0.05815418926259688,0.0030527544676268808,0.09811863950339117,0.01218981234039864,22,34,0.07183603361779517,0.2940674940858619,True,False,True,0.0003728996279383896,COMPLETE
1332,0.39932451844215394,2025-04-20 02:25:28.995374,2025-04-20 02:26:41.919379,0 days 00:01:12.924005,0.3441878056359799,0.09390501336558355,2,0.040872611346950055,0.053476629485072605,0.03741200629121104,0.06279491687519291,0.0011378812879823041,0.09065226669536966,0.01581287721515551,20,26,0.06768505317344213,0.2845999659292204,True,False,True,0.000243424383582721,COMPLETE
1333,0.46442037224769595,2025-04-20 02:26:42.348600,2025-04-20 02:27:07.279634,0 days 00:00:24.931034,0.2385730176725678,0.19478970789958824,16,0.029246531432681806,0.03491975611978193,0.031179882849016557,0.05554574313071597,0.008495795861597285,0.09548520313825382,0.022193271194788783,23,21,0.06663486732220823,0.2736157813258441,True,False,True,0.0004218805123748106,COMPLETE
1334,0.39268952608108526,2025-04-20 02:27:07.711077,2025-04-20 02:27:32.873749,0 days 00:00:25.162672,0.3152425801692288,0.12829711037370006,16,0.00501295360607364,0.04875422523434211,0.03579005560461651,0.060299763384318764,0.007477637350268693,0.0193892983211586,0.013056058552037484,21,39,0.07508208111923032,0.11090196356221038,True,False,True,0.0005445253241720871,COMPLETE
1335,0.4698945105075837,2025-04-20 02:27:33.301059,2025-04-20 02:28:00.990828,0 days 00:00:27.689769,0.2913016205558657,0.15614094304794057,16,0.05905044609076439,0.058740688344045444,0.038973714182729435,0.0567999033314231,0.001056144517847319,0.09268114436698321,0.01877570981884611,28,31,0.06393870524163858,0.1189675598975702,True,False,True,0.000335410399956062,COMPLETE
1336,0.535286545753479,2025-04-20 02:28:01.417699,2025-04-20 02:28:30.374622,0 days 00:00:28.956923,0.4119554427155381,0.18237166631970356,16,0.08330689938320292,0.025951817191196682,0.03292518448942835,0.054047824783042354,0.013955683283333263,0.09533881882799097,0.00879180602817389,24,36,0.07097408936520203,0.2937849575783215,True,False,False,0.0005701433249559628,COMPLETE
1337,0.28741390705108644,2025-04-20 02:28:30.798562,2025-04-20 02:29:01.426603,0 days 00:00:30.628041,0.9514964357375428,0.8964553810719562,16,0.012533639394401025,0.013629207462634489,0.04054624765569908,0.0521102009380627,0.00503476298843328,0.08967248667319556,0.020980278474684862,28,41,0.07325180033701499,0.2799293279987037,True,False,False,0.00046423904797876443,COMPLETE
1338,0.48005208969116214,2025-04-20 02:29:01.855198,2025-04-20 02:29:43.047799,0 days 00:00:41.192601,0.38805652190800116,0.20910133024982544,2,0.07042261358162746,0.038913916829553696,0.0375557475449728,0.06464105140604079,0.010309635377516871,0.0977752800333729,0.01555131726287857,6,44,0.0690470119432663,0.287572180283051,True,False,False,0.0005949512799845003,COMPLETE
1339,0.4641819298267365,2025-04-20 02:29:43.496006,2025-04-20 02:30:12.336893,0 days 00:00:28.840887,0.33483680067074884,0.6246864153180531,16,0.036583044659844154,0.04784042320533276,0.035859055971475956,0.06110632250624772,0.0039153158131241175,0.09371726138560887,0.011171157420511411,24,34,0.06563693119373652,0.12225677608416696,True,False,False,0.00027434996179891505,COMPLETE
1340,0.4907816171646118,2025-04-20 02:30:12.769829,2025-04-20 02:30:38.310802,0 days 00:00:25.540973,0.2086938380122996,0.11317233712644659,16,0.04888892275731958,0.05237900430101931,0.0400687282570607,0.05884332695632444,0.0010018766005245399,0.09156727415194243,0.01383471034693063,23,30,0.07822582116620275,0.10760407482082071,True,False,True,0.0004266728124865144,COMPLETE
1341,0.2841392159461975,2025-04-20 02:30:38.742944,2025-04-20 02:31:05.920943,0 days 00:00:27.177999,0.30623842102017346,0.07347773954443673,16,0.02154685886048916,0.03267523169765597,0.029039395775101572,0.055854491614935914,0.006460525938023785,0.09999294164159743,0.02275007286301232,23,37,0.06714918346895307,0.29455134581820824,False,False,False,0.00033870017277364223,COMPLETE
1342,0.5254088640213013,2025-04-20 02:31:06.349268,2025-04-20 02:31:36.669305,0 days 00:00:30.320037,0.27011773741350464,0.14107216632522038,16,0.005718249811531047,0.06207544713372688,0.02606374327494929,0.06241902162603119,0.09382528715058186,0.09553397042631098,0.01855616384589014,28,33,0.06389925912389322,0.12680539267916377,True,False,False,0.000546216428904337,COMPLETE
1343,0.34494268894195557,2025-04-20 02:31:37.095342,2025-04-20 02:32:18.220582,0 days 00:00:41.125240,0.3569329649544352,0.16802592869076094,2,0.01587040337100652,0.02108711282734407,0.03853649619530703,0.058448232550985135,0.012144484557908307,0.09803368724187717,0.01662274146443,6,40,0.0716972160365398,0.012025793716136768,True,False,False,5.267670041354667e-07,COMPLETE
