number,value,datetime_start,datetime_complete,duration,params_alpha-eval,params_alpha-train,params_batch-size,params_eps-eval,params_eps-train,params_lambda-actions-eval,params_lambda-actions-train,params_lambda-frames-eval,params_lambda-frames-train,params_learning-rate,params_n-epochs,params_n-frames,params_radius-gw,params_rho,params_std-feats,params_ub-actions,params_ub-frames,params_weight-decay,state
1595,0.5010387539863587,2025-04-09 00:33:37.234226,2025-04-09 00:34:14.710210,0 days 00:00:37.475984,0.13731589609705108,0.3762014370160675,2,0.26674549033626244,0.1522996622535337,0.024008515246840344,0.04124838158003599,0.08843556998219368,0.0938300965011828,0.032688065857855775,5,68,0.023518139089641815,0.04186985254992334,True,False,False,5.389303693530632e-05,COMPLETE
1596,0.513265085220337,2025-04-09 00:34:15.212916,2025-04-09 00:34:52.819203,0 days 00:00:37.606287,0.11736415784613802,0.355143273559335,2,0.1671807204151186,0.16608463341770535,0.03864186080325382,0.03880439882125124,0.09585857434335163,0.08971297570950643,0.05735436526943205,5,69,0.02539713123459531,0.04946516001681066,True,False,False,3.764718462586882e-05,COMPLETE
1597,0.5098837852478028,2025-04-09 00:34:53.340856,2025-04-09 00:35:34.371607,0 days 00:00:41.030751,0.08271321637346518,0.33108389529664173,2,0.2508521110929927,0.15648738165356524,0.00467221525783585,0.04066715523216689,0.09098452928726512,0.09276027472448341,0.04032657183278421,6,77,0.02237748474830213,0.04501818441915217,True,False,False,4.869131618820827e-05,COMPLETE
1598,0.45641961693763733,2025-04-09 00:35:34.880427,2025-04-09 00:36:12.446641,0 days 00:00:37.566214,0.15340961797952743,0.3864678415432935,2,0.2725082696281838,0.20784927756470115,0.009140825758148709,0.0377160417357004,0.09656379652306266,0.08878285224477912,0.07206361731791858,5,72,0.01818230319643533,0.03909431633722614,True,False,False,4.219500158805618e-05,COMPLETE
1599,0.5408635973930359,2025-04-09 00:36:12.977018,2025-04-09 00:36:50.712106,0 days 00:00:37.735088,0.10366109138025528,0.37010554279060964,2,0.15855564109572529,0.1386519657827534,0.043555387147146934,0.040729865222216666,0.09305961785686631,0.09174565550683111,0.055257094768175787,5,68,0.025348137991826135,0.051245883837515625,True,False,False,3.4406206522382334e-05,COMPLETE
1600,0.37185019850730894,2025-04-09 00:36:51.222157,2025-04-09 00:37:32.504368,0 days 00:00:41.282211,0.2406542341520937,0.3486478341107583,2,0.259514085905644,0.1452246597928777,0.01605656948382025,0.037955407665155094,0.09424629481122158,0.0885423261431579,0.041331057648255495,6,67,0.012686662219898847,0.03692126655324338,True,False,False,3.044929891821811e-05,COMPLETE
1601,0.533888077735901,2025-04-09 00:37:33.009065,2025-04-09 00:38:11.222001,0 days 00:00:38.212936,0.1790600600134843,0.3768345767201714,2,0.250964828941818,0.17256449454311745,0.01980962538563659,0.03985068165912643,0.09680076252440159,0.0954261728680393,0.03348289185955933,5,70,0.01552703304678114,0.04312299614481437,True,False,False,2.6826062261696345e-05,COMPLETE
1602,0.5137680172920227,2025-04-09 00:38:11.754937,2025-04-09 00:38:52.782727,0 days 00:00:41.027790,0.13551397320421493,0.3926110851342706,2,0.26441648029827924,0.1505527553175391,0.0018616191755842395,0.03667198322793917,0.09996689056861283,0.09009105419963816,0.04932526123715872,6,65,0.019850918420873193,0.03608651427139078,True,False,False,2.9963179642629322e-05,COMPLETE
1603,0.46924775838851934,2025-04-09 00:38:53.292080,2025-04-09 00:39:31.583557,0 days 00:00:38.291477,0.12214233566799455,0.3352825755727208,2,0.25725349400307373,0.16228443261413095,0.018480723949282164,0.04090201285509214,0.08995149603988532,0.09382055947777287,0.08203697011412812,5,72,0.02268865819022213,0.26876176643065564,True,False,False,4.3268044702836755e-05,COMPLETE
1604,0.4786283612251282,2025-04-09 00:39:32.094881,2025-04-09 00:40:09.717317,0 days 00:00:37.622436,0.1992502917698295,0.31104135037779773,2,0.24311931583599802,0.15403357346846053,0.04076552981503745,0.03909645695901331,0.0922762856286279,0.08783642428957855,0.06199988374405645,5,75,0.024971602450479625,0.22646030057004823,True,False,False,5.261568688040232e-05,COMPLETE
1605,0.21282441020011905,2025-04-09 00:40:10.250971,2025-04-09 00:40:53.624726,0 days 00:00:43.373755,0.1628618729852603,0.39316329823213025,2,0.2508581425987911,0.14289147393740678,0.04569480785694396,0.03591782115428156,0.09997861735884696,0.09204063391558415,0.042682119791712006,7,67,0.02062121061802357,0.04612960641509175,False,False,False,2.6853419947806708e-05,COMPLETE
1606,0.5157025694847107,2025-04-09 00:40:54.134795,2025-04-09 00:41:34.567431,0 days 00:00:40.432636,0.08667319150259663,0.3567763771402352,2,0.2725104835638284,0.149107484180585,0.007132200635327247,0.041661079228142245,0.09699536776007457,0.09656592070080713,0.036455567709094264,6,65,0.017423124967890016,0.037092666539399924,True,False,False,4.0355322794621276e-05,COMPLETE
1607,0.41665174365043645,2025-04-09 00:41:35.073525,2025-04-09 00:41:55.256339,0 days 00:00:20.182814,0.1407584528105773,0.36412393387224873,16,0.2575988285872818,0.1702730879657859,0.022393219532199367,0.03770326467563024,0.09482619894246458,0.09013612093808812,0.05196128603754722,5,69,0.022197354555227714,0.04165899427771396,True,False,False,3.1080309314879124e-05,COMPLETE
1608,0.0966236561536789,2025-04-09 00:41:55.790736,2025-04-09 00:42:30.961843,0 days 00:00:35.171107,0.10774581313131938,0.3994757923611126,2,0.24520771632110905,0.15952821275262177,0.02697860708615729,0.04160453237735951,0.09846351065470939,0.08872484411268514,0.06787756060240403,6,65,0.018477050361913775,0.001198607186827681,True,True,False,2.4372936561312675e-05,COMPLETE
1609,0.5224093198776245,2025-04-09 00:42:31.476679,2025-04-09 00:43:08.819910,0 days 00:00:37.343231,0.15434183154904454,0.33902608233459636,2,0.2662144711697351,0.13624156641044963,0.029731083511489235,0.04004428901962203,0.08908720987364281,0.08719462744677897,0.03182699912930132,5,68,0.023524047533432877,0.05251509335151157,True,False,False,3.3732576014183076e-05,COMPLETE
1610,0.49231791496276855,2025-04-09 00:43:09.359910,2025-04-09 00:43:46.939233,0 days 00:00:37.579323,0.12166813193152455,0.38386953049840844,2,0.25071068429311577,0.1554334648501454,0.043536541986715874,0.03574248464193175,0.09333695488823729,0.09329111651173183,0.04473128565209494,5,79,0.020729892761972554,0.03255907293569644,True,False,False,4.206997750587136e-05,COMPLETE
1611,0.09102382361888886,2025-04-09 00:43:47.457073,2025-04-09 00:44:22.960247,0 days 00:00:35.503174,0.060519710205794684,0.413077621449107,2,0.23962588184989528,0.2888004564762061,0.04698983951068597,0.038325118813042465,0.09662239397008487,0.09119753913579738,0.05726619402655915,6,63,0.02554338708562376,0.0472401669590634,True,False,True,2.4592474014961733e-05,COMPLETE
1612,0.5097608208656311,2025-04-09 00:44:23.475295,2025-04-09 00:45:01.096820,0 days 00:00:37.621525,0.16874568714472454,0.35665163159726354,2,0.2599843180766091,0.18150587936127208,0.041649953078978834,0.0417032691734186,0.09827402245093332,0.08673433437254938,0.04077570201508503,5,72,0.01599998883598105,0.03808046577822996,True,False,False,2.046912655772907e-05,COMPLETE
1613,0.5051797866821289,2025-04-09 00:45:01.630268,2025-04-09 00:45:42.818124,0 days 00:00:41.187856,0.09936124759771586,0.3244535820046701,2,0.25427363873106246,0.14402942530741636,0.04501993977803201,0.03668796716082706,0.09491563183166715,0.0390354380022346,0.04930860983416767,6,65,0.018650126882350373,0.03161715692262134,True,False,False,2.8925546448591036e-05,COMPLETE
1614,0.5245967268943788,2025-04-09 00:45:43.333549,2025-04-09 00:46:20.800718,0 days 00:00:37.467169,0.13365591538087684,0.378647645336349,2,0.24682301660520706,0.16503402028856093,0.046205039715021996,0.03990402916856021,0.09120730196909978,0.09533036979780171,0.08106947029447471,5,63,0.02228202900844202,0.006219909664093382,True,False,False,4.81978761576579e-05,COMPLETE
1615,0.3652681589126587,2025-04-09 00:46:21.313382,2025-04-09 00:46:58.844348,0 days 00:00:37.530966,0.20754363030654452,0.44361042825623614,2,0.2629653679111843,0.15015799203786948,0.010306475301638321,0.03491855661149498,0.08802312436164388,0.08907764980688695,0.06303344588370025,5,69,0.014265365819797553,0.029944859006056222,True,False,False,2.41173863046724e-05,COMPLETE
1616,0.48120010495185855,2025-04-09 00:46:59.376278,2025-04-09 00:47:40.345347,0 days 00:00:40.969069,0.15163316101828675,0.39694978362135847,2,0.2540850951208706,0.12843953448845258,0.04307754065994927,0.04170066638174642,0.09619248451863494,0.09124053045068779,0.03903511382054473,6,66,0.025067397228004874,0.04225540380186411,True,False,False,3.6480982680374386e-05,COMPLETE
1617,0.5247951745986938,2025-04-09 00:47:40.861615,2025-04-09 00:48:18.228649,0 days 00:00:37.367034,0.18146224697134047,0.3128714917412037,2,0.24051158684353194,0.1588330802141574,0.04694949053177121,0.03892682521553785,0.09797654798953494,0.08700917538050082,0.03034785971908673,5,63,0.020144149149070152,0.05158053817560746,True,False,False,1.9496147792411472e-05,COMPLETE
1618,0.5249622702598572,2025-04-09 00:48:18.765662,2025-04-09 00:49:02.408520,0 days 00:00:43.642858,0.07658274320660999,0.4090684663520857,2,0.2706496105719233,0.13865696066041028,0.04034173367919429,0.0368233341675357,0.09333771766183754,0.09294316433359831,0.04922469876441339,7,74,0.023790309791709707,0.036614013815171695,True,False,False,5.392673261337135e-05,COMPLETE
1619,0.5154702305793762,2025-04-09 00:49:02.928598,2025-04-09 00:49:40.437340,0 days 00:00:37.508742,0.12278060315998993,0.3525977841445323,2,0.2478776921061961,0.14572140350775184,0.005892118160313573,0.041626444667907284,0.09996680894351753,0.017743161172286623,0.07038213342278661,5,69,0.021242136072587223,0.009428216455803348,True,False,False,2.9904983416111162e-05,COMPLETE
1620,0.5187854170799255,2025-04-09 00:49:40.956320,2025-04-09 00:50:21.378675,0 days 00:00:40.422355,0.0921742797467176,0.43051390274404316,2,0.2598834825340567,0.15324254533014295,0.04388898902099666,0.0389112137150509,0.09516309445377986,0.08893185887266183,0.03615540472320746,6,61,0.016925431291025583,0.028337490071075788,True,False,False,2.2083168030866512e-05,COMPLETE
1621,0.5336857676506043,2025-04-09 00:50:21.914483,2025-04-09 00:50:59.611766,0 days 00:00:37.697283,0.14514676577490077,0.37101152201098914,2,0.25179140347372875,0.16412655108703703,0.03271309591691807,0.0352225908565845,0.09698932779950682,0.08577239654159238,0.05824595669195804,5,66,0.01883146798808434,0.017883828331820416,True,False,False,4.0331692012368264e-05,COMPLETE
1622,0.2232741117477417,2025-04-09 00:51:00.126524,2025-04-09 00:51:40.440439,0 days 00:00:40.313915,0.1147963229200349,0.38982276108013025,2,0.2661496776735278,0.15136609847350996,0.04862909292721733,0.04123609077314724,0.0924657246590129,0.09106648415712282,0.04857790988842115,6,60,0.022530485626669674,0.04467971448726268,False,False,False,2.7227379566785695e-05,COMPLETE
1623,0.5143296122550964,2025-04-09 00:51:40.955105,2025-04-09 00:52:18.426966,0 days 00:00:37.471861,0.13618906998715616,0.4488421875191178,2,0.24276618100299588,0.14197307561461658,0.04601890495039587,0.03740247315198897,0.09995545642581255,0.0943419537195153,0.04173743521923624,5,71,0.025392121606676844,0.25527849611376613,True,False,False,2.171349368104909e-05,COMPLETE
1624,0.5273141145706177,2025-04-09 00:52:18.975823,2025-04-09 00:52:56.396250,0 days 00:00:37.420427,0.16652542510685236,0.411927547546257,2,0.25689931802530974,0.1209845830808477,0.0380375849853661,0.05116817071934657,0.098152283491817,0.08777004452786302,0.032790117143531444,5,64,0.020102463980877748,0.03528209385788681,True,False,False,1.781412658813653e-05,COMPLETE
1625,0.49218211174011234,2025-04-09 00:52:56.917018,2025-04-09 00:53:37.914793,0 days 00:00:40.997775,0.18504171067426903,0.3445161884261821,2,0.24821169568136037,0.16901534675410085,0.04398610730336306,0.04206625214907994,0.09013079712212366,0.08986947458184756,0.0880299709255493,6,67,0.022967089055687513,0.012160453505752013,True,False,False,1.285860829813339e-06,COMPLETE
1626,0.2602375000715256,2025-04-09 00:53:38.460096,2025-04-09 00:54:11.320085,0 days 00:00:32.859989,0.10188930443892379,0.36971231164390045,2,0.26327550077588024,0.15807560484813896,0.01656722291587158,0.03453072947188211,0.09520530908114358,0.0965252797969205,0.05646440678083921,5,62,0.018077753854190415,0.026313975513266044,True,True,False,3.4076405646388126e-05,COMPLETE
1627,0.4300225794315339,2025-04-09 00:54:11.841229,2025-04-09 00:54:31.717861,0 days 00:00:19.876632,0.05111726611441649,0.3095441527058034,16,0.24011545293629968,0.14885716212431865,0.047144071489207,0.03901609966733444,0.09701388173095553,0.09206664745855424,0.04533202689855592,5,60,0.02108939750456778,0.04980578609556358,True,False,False,5.385708752919711e-05,COMPLETE
1628,0.37009860277175904,2025-04-09 00:54:32.235607,2025-04-09 00:55:14.060757,0 days 00:00:41.825150,0.1175648111060129,0.3866839926194634,2,0.2552984306844724,0.13612362727576174,0.041842873357819166,0.0425442304233989,0.08801809595993669,0.08592089025157618,0.06714986336908234,6,126,0.02521816605658365,0.01774827936373434,True,False,False,2.792792326203953e-05,COMPLETE
1629,0.09473719149827958,2025-04-09 00:55:14.597395,2025-04-09 00:55:53.050608,0 days 00:00:38.453213,0.07482465754926829,0.4267959146694894,2,0.27140198279648126,0.19060682347985186,0.04504954197563805,0.03684571382407818,0.09347876486011338,0.08851481093893321,0.03752015729147853,7,65,0.015428131337147797,0.005975738923333148,True,False,True,3.8753435838975255e-05,COMPLETE
1630,0.5233833193778992,2025-04-09 00:55:53.567839,2025-04-09 00:56:30.950462,0 days 00:00:37.382623,0.1547990377171718,0.4489152951787917,2,0.2480531353980339,0.15729038645426344,0.04822708234004809,0.040126491409821205,0.09817915834567809,0.09341806404061796,0.031008788951858823,5,69,0.023213037485674364,0.04050716708289456,True,False,False,2.314166029946576e-05,COMPLETE
1631,0.3648552536964417,2025-04-09 00:56:31.496414,2025-04-09 00:57:09.433751,0 days 00:00:37.937337,0.13403639636364428,0.33759850859743046,2,0.25840257619841633,0.14509223198413232,0.04220860879900438,0.05073032557670505,0.09136628923747947,0.09009547994137979,0.05360809527100316,5,63,0.011814388490013941,0.031192902865315383,True,False,False,1.794936334368464e-05,COMPLETE
1632,0.5224471449851991,2025-04-09 00:57:09.957987,2025-04-09 00:57:50.910568,0 days 00:00:40.952581,0.0871194019116753,0.413998154206666,2,0.252508558890668,0.0410357120373977,0.045380968095890435,0.042653775932061266,0.0955227985095638,0.08646833321292507,0.043063462968602646,6,59,0.019433735571487015,0.024290545273945512,True,False,False,3.2624572373874776e-05,COMPLETE
1633,0.462312400341034,2025-04-09 00:57:51.430126,2025-04-09 00:58:28.788255,0 days 00:00:37.358129,0.2167657975221547,0.3597919257073683,2,0.23861215135104635,0.16492052075990818,0.0034488875371331525,0.035084375856651584,0.09375201274501216,0.08786807230337254,0.07406626040198139,5,67,0.01721308256562457,0.03477848110143609,True,False,False,4.18900797633217e-05,COMPLETE
1634,0.5026115417480469,2025-04-09 00:58:29.329064,2025-04-09 00:59:10.260045,0 days 00:00:40.930981,0.14319908122489122,0.39575844376269476,2,0.26345358492343596,0.15430366813756552,0.04788951434813197,0.0377556082863732,0.09840458846585638,0.08528879897556849,0.052922437727975905,6,72,0.021740553864871757,0.015726908667203228,True,False,False,2.4259367257907834e-05,COMPLETE
1635,0.5434385418891907,2025-04-09 00:59:10.781655,2025-04-09 00:59:48.266144,0 days 00:00:37.484489,0.10984875649708047,0.4292481087925865,2,0.2450673882747765,0.13117732053912154,0.040379272184408614,0.039903574863082034,0.09610324543877072,0.09130205953817913,0.03702630981467992,5,64,0.025369537348179524,0.001391255729264287,True,False,False,1.7015009605945595e-05,COMPLETE
1636,0.48149796128273015,2025-04-09 00:59:48.811965,2025-04-09 01:00:29.386940,0 days 00:00:40.574975,0.1639492697183264,0.32793125461758227,2,0.2532025113998943,0.14809214036567467,0.049411722258839476,0.03349494334056701,0.08993160152193498,0.09468122010194815,0.0617548851334044,6,59,0.019692662144157515,0.0441423815298533,True,False,False,2.89158271942958e-05,COMPLETE
1637,0.5148075342178344,2025-04-09 01:00:29.914983,2025-04-09 01:01:07.695361,0 days 00:00:37.780378,0.19287804736683106,0.3763704997394705,2,0.2596474074111339,0.161064728410513,0.03610581084006812,0.04282140038525792,0.09833272212805139,0.08970111965773214,0.045595044681586885,5,76,0.024116679066040588,0.023974835862571462,True,False,False,1.3767949763445464e-05,COMPLETE
1638,0.5141367435455323,2025-04-09 01:01:08.216481,2025-04-09 01:01:45.766504,0 days 00:00:37.550023,0.12894576257823606,0.40432602495234016,2,0.2694048053614151,0.14099763045014535,0.021046586599084243,0.04925615060074574,0.09225554282194841,0.09246226493383061,0.09899272999703852,5,62,0.02117572009107573,0.01024522686210883,True,False,False,2.0324184908180277e-05,COMPLETE
1639,0.5281204223632813,2025-04-09 01:01:46.313257,2025-04-09 01:02:24.020151,0 days 00:00:37.706894,0.09658467886230604,0.3486411852685039,2,0.24545853375866894,0.17599305169540352,0.04399957549519319,0.09925354344977005,0.09522409193561591,0.08730696440164792,0.03001923530302132,5,67,0.016519149566832397,0.03902228137598099,True,False,False,2.5254601556011244e-05,COMPLETE
1640,0.2664038598537445,2025-04-09 01:02:24.542838,2025-04-09 01:03:08.857863,0 days 00:00:44.315025,0.16713600880365165,0.4564440195507749,2,0.07903255594137569,0.15180089804777555,0.046870400747251684,0.039931658235397606,0.09994636448610696,0.08482552590732666,2.9065874593883762e-05,7,81,0.014221835647790712,0.02944487414963432,True,False,False,5.277178664072794e-05,COMPLETE
1641,0.320730185508728,2025-04-09 01:03:09.404512,2025-04-09 01:03:50.431571,0 days 00:00:41.027059,0.11912171566831842,0.37143270374092097,2,0.25115493356883156,0.16793849300807356,0.045122267530871,0.03669528725053606,0.09699708133455882,0.08921779261327639,0.05137984059360694,6,114,0.02318597088035599,0.05439765131341553,False,False,False,7.526592196626869e-07,COMPLETE
1642,0.5258591890335084,2025-04-09 01:03:50.954597,2025-04-09 01:04:28.454631,0 days 00:00:37.500034,0.14733121450235154,0.4346436255009737,2,0.23832959589643024,0.1609160612385251,0.04265393308999925,0.041512910443770326,0.09427084397860712,0.09618017211649531,0.03935282244352966,5,70,0.018659019015150248,0.01892418914538314,True,False,False,3.346614961019654e-05,COMPLETE
1643,0.515199077129364,2025-04-09 01:04:28.979128,2025-04-09 01:05:06.098635,0 days 00:00:37.119507,0.0665026385253949,0.41066302722643916,2,0.2646781045647764,0.13778598537531722,0.050017551186451306,0.0351097552965455,0.0879138442648648,0.09162266712954459,0.06664888279301169,5,57,0.025465929438717852,0.03334909906504332,True,False,False,4.2415858622193296e-05,COMPLETE
1644,0.5159965872764588,2025-04-09 01:05:06.639428,2025-04-09 01:05:47.308994,0 days 00:00:40.669566,0.10451920855089744,0.3916066393938642,2,0.256728223037277,0.14630363809589986,0.047535841484632635,0.04303700643875569,0.09667079932908669,0.08702068570326653,0.047753615194420805,6,64,0.021063996091817316,0.02354920440106882,True,False,False,1.939702224871835e-05,COMPLETE
1645,0.10512900352478029,2025-04-09 01:05:47.829122,2025-04-09 01:06:20.716312,0 days 00:00:32.887190,0.18135197694435926,0.3104605151807305,2,0.24590715570412136,0.15730869935534936,0.03996514287571078,0.0479109994997164,0.09136934631443386,0.09410130810683223,0.07902485413011162,5,61,0.02297209758378013,0.048815144315142,True,True,False,1.5029547906895399e-05,COMPLETE
1646,0.5113422513008118,2025-04-09 01:06:21.267149,2025-04-09 01:07:02.029730,0 days 00:00:40.762581,0.1342067696141959,0.44791042448451446,2,0.26013696712054396,0.15218413544282394,0.04559307193724488,0.039865000113546205,0.09807032955757403,0.09012503238590795,0.03756012647103138,6,67,0.01898895381541463,0.012659269787067079,True,False,False,2.5906851498816124e-05,COMPLETE
1647,0.48014382123947147,2025-04-09 01:07:02.555536,2025-04-09 01:07:40.292523,0 days 00:00:37.736987,0.15603977886460726,0.35059364196742043,2,0.2523511105218064,0.14578588643023527,0.04853236547997606,0.08895429495376583,0.09396836725165698,0.08509389577871523,0.05961591372562834,5,73,0.017587486854891823,0.040314596757640195,True,False,False,3.1581287076113235e-05,COMPLETE
1648,0.4807270765304566,2025-04-09 01:07:40.814509,2025-04-09 01:08:01.196341,0 days 00:00:20.381832,0.08287825230004511,0.4215475715572068,16,0.2722892177288655,0.1537964717434018,0.043181364194270426,0.03804002844519606,0.09605284719660487,0.08832098794245492,0.033032633848196644,6,59,0.02006718006963229,0.029761753729053837,True,False,False,2.0670209696584577e-05,COMPLETE
1649,0.2621059000492096,2025-04-09 01:08:01.743540,2025-04-09 01:08:35.104815,0 days 00:00:33.361275,0.12011952259613429,0.3842618714666628,2,0.24135717327905876,0.14041775742918178,0.04695257044017052,0.03327775338644277,0.09841770623833353,0.0912236367162442,0.044977772455530814,5,64,0.02172828433968072,0.02165138922096367,True,False,True,1.2150804490841444e-05,COMPLETE
1650,0.4996356248855591,2025-04-09 01:08:35.630580,2025-04-09 01:09:13.267050,0 days 00:00:37.636470,0.1395469661363329,0.4643747287169679,2,0.24908069250216094,0.18195894350225095,0.050661326725627204,0.04254755419112182,0.09159652147507155,0.09310577461062135,0.054232156974644834,5,70,0.023855583671932343,0.006235974713477898,True,False,False,5.581694315282786e-05,COMPLETE
1651,0.3786468386650086,2025-04-09 01:09:13.816849,2025-04-09 01:09:54.990768,0 days 00:00:41.173919,0.10454007384604609,0.3314689183780744,2,0.2652823758285143,0.17177401092161404,0.04428906031261883,0.03605638066806153,0.09376867835935955,0.0844372719489123,0.07017027332278526,6,62,0.00942234661307449,0.0455674505742078,True,False,False,5.447500137451756e-06,COMPLETE
