number,value,datetime_start,datetime_complete,duration,params_alpha-eval,params_alpha-train,params_batch-size,params_eps-eval,params_eps-train,params_lambda-actions-eval,params_lambda-actions-train,params_lambda-frames-eval,params_lambda-frames-train,params_learning-rate,params_n-epochs,params_n-frames,params_radius-gw,params_rho,params_std-feats,params_ub-actions,params_ub-frames,params_weight-decay,state
569,0.4979313373565674,2025-04-08 13:29:50.228910,2025-04-08 13:30:23.455320,0 days 00:00:33.226410,0.3795072228943241,0.26245191139448637,8,0.270311417042928,0.020691782565942785,0.0518288816043281,0.0689657971535014,0.03594641837209091,0.0063900930697938845,0.005741239203476226,19,29,0.038480354339863576,0.17636669041614864,True,False,False,1.8741901884893338e-07,COMPLETE
570,0.5041790843009949,2025-04-08 13:30:23.629775,2025-04-08 13:30:49.023594,0 days 00:00:25.393819,0.44083070496424637,0.22809254908024207,8,0.04973434682694508,0.01244510911397448,0.09091587690589172,0.020036976488393022,0.06886919520257101,0.06436133548312994,0.004397767558717873,9,33,0.03406862588648336,0.19904695159340197,True,False,False,4.9833099216136115e-08,COMPLETE
571,0.48153321743011473,2025-04-08 13:30:49.198493,2025-04-08 13:31:15.153370,0 days 00:00:25.954877,0.4132171586264624,0.21420719936477628,8,0.2804141901434973,0.02693053587604554,0.09712746034491464,0.009556523724509151,0.034379188251660656,0.04619300496683214,0.00019446376039569029,10,36,0.04160395619644642,0.1916484766347547,True,False,False,9.810933046805735e-08,COMPLETE
572,0.48881474733352664,2025-04-08 13:31:15.340844,2025-04-08 13:31:42.111498,0 days 00:00:26.770654,0.6320368626706002,0.27086993663291825,8,0.29399400684351223,0.01701664118245019,0.0948747934714628,0.045365960597650495,0.04623264755274871,0.060638901413017594,0.0030161148820004174,11,27,0.04394811481287873,0.16431759212886313,True,False,False,1.3732857172599393e-07,COMPLETE
573,0.5269065856933594,2025-04-08 13:31:42.286736,2025-04-08 13:32:32.794526,0 days 00:00:50.507790,0.3561238800905303,0.2393284834496869,2,0.29982727558253025,0.011702316093037565,0.09357933083561087,0.015786995600078613,0.0378890724943096,0.05815369644138992,0.0026017574438050944,9,32,0.03709024569709506,0.18274599273537842,True,False,False,3.498128861858586e-08,COMPLETE
574,0.09188934862613678,2025-04-08 13:32:32.979755,2025-04-08 13:33:22.356714,0 days 00:00:49.376959,0.3504075749213744,0.18535294646834174,2,0.29789976508027016,0.004309431728104097,0.09821470493513383,0.07219903787348622,0.040972816329950354,0.05698117361077412,0.001954492494563398,9,39,0.038660743763073525,0.18301334451306286,True,False,False,3.257848618286462e-08,COMPLETE
575,0.09188934862613678,2025-04-08 13:33:22.533539,2025-04-08 13:34:11.676851,0 days 00:00:49.143312,0.3157031586219347,0.23803464204675995,2,0.2993000180460791,0.0087899005826719,0.09575973798840517,0.016355057144360387,0.03885272779595424,0.05807981868517801,0.0026862375587970683,9,34,0.040527449128087874,0.17838890488457843,True,False,False,2.695971781967273e-08,COMPLETE
576,0.09188934862613678,2025-04-08 13:34:11.864874,2025-04-08 13:35:35.922915,0 days 00:01:24.058041,0.33862565815292445,0.21093784203610022,2,0.2997584398367215,0.011096258852960984,0.09441865461663652,0.019576334653082405,0.043646394294560846,0.05567911538611278,0.0014550575941400972,20,32,0.03808028383482703,0.18895193228383297,True,False,False,5.866130991306607e-07,COMPLETE
577,0.09188934862613678,2025-04-08 13:35:36.101380,2025-04-08 13:37:27.699181,0 days 00:01:51.597801,0.29273482851559474,0.22952103146331698,2,0.29432312605491495,0.005308692082664846,0.09981856561685062,0.01710384442486216,0.038257151492122346,0.05908037392125311,0.0023684225603826554,29,36,0.03616229542244992,0.17254894762549514,True,False,False,3.3689771284826894e-08,COMPLETE
578,0.09188934862613678,2025-04-08 13:37:27.887740,2025-04-08 13:38:35.502483,0 days 00:01:07.614743,0.36480382162830316,0.19861508737913652,2,0.2857877627119857,0.00022525081094827357,0.09337155665995914,0.014175803498948798,0.036915552439683766,0.06020888450962397,0.0023625324707328577,14,138,0.04211453861190589,0.1832258026551952,True,False,False,1.714149645538854e-07,COMPLETE
579,0.4598823130130768,2025-04-08 13:38:35.680232,2025-04-08 13:39:24.999254,0 days 00:00:49.319022,0.3406381614371035,0.2496537933987868,2,0.25381735064506783,0.1561548606204975,0.09693465474003801,0.05734370107325361,0.04171369992907105,0.05578315243082246,0.0029344148649669724,9,31,0.03961416781082825,0.16951155903672233,False,False,False,2.2051621573143563e-08,COMPLETE
580,0.5042040228843689,2025-04-08 13:39:25.189579,2025-04-08 13:40:15.155583,0 days 00:00:49.966004,0.38090986944533245,0.14806455965894813,2,0.2908621767350999,0.013231942449780832,0.09132918005100145,0.017661772698258436,0.03907878713391255,0.058383604224739476,0.0018740085487606306,9,35,0.03673356239793402,0.1923407411147134,True,False,False,3.1203960919866744e-07,COMPLETE
581,0.49672195911407474,2025-04-08 13:40:15.333919,2025-04-08 13:41:04.987876,0 days 00:00:49.653957,0.3753201383096293,0.2352194909917162,2,0.2765110609640597,0.021331873231250915,0.09423975029032612,0.01599138474040041,0.0347576962071242,0.04851458081359136,0.0034264789758235966,9,38,0.033577913844754184,0.17807582231432584,True,False,False,2.3449248111440342e-07,COMPLETE
582,0.4451471030712128,2025-04-08 13:41:05.179538,2025-04-08 13:42:42.971846,0 days 00:01:37.792308,0.4009087244411255,0.21921811003664532,2,0.28639451371244645,0.028664189528907306,0.06691790636925804,0.01848566980783671,0.036967292378217456,0.05460775202579817,0.002528785509983806,24,42,0.044832706223556215,0.18361834010523723,True,False,False,4.16230304333874e-08,COMPLETE
583,0.5098493099212646,2025-04-08 13:42:43.149877,2025-04-08 13:43:29.626467,0 days 00:00:46.476590,0.3541563225643393,0.2523079821923241,2,0.2999893157844547,0.014294553222525,0.019256816835559916,0.013472557456619481,0.04007027193864915,0.061535219372421825,0.007502964622420338,8,33,0.037842579649242376,0.19667193766710017,True,False,False,1.1371884144983127e-07,COMPLETE
584,0.15758856236934665,2025-04-08 13:43:29.805523,2025-04-08 13:44:16.273348,0 days 00:00:46.467825,0.3946971765531338,0.20365258522032662,2,0.2936049036069044,0.008272028586968797,0.09832072242547533,0.021095947774693473,0.03283565397158,0.05722417233777523,0.0035911897454364455,10,30,0.04084366732023712,0.16104254679346522,True,True,False,8.600821275059131e-08,COMPLETE
585,0.37994033098220825,2025-04-08 13:44:16.463829,2025-04-08 13:44:37.416167,0 days 00:00:20.952338,0.332918835122924,0.25933360062770566,16,0.06456574418465356,0.022209483773855232,0.0954080275647722,0.01512705680083222,0.03557792981007191,0.05007459331946638,0.002922784706402094,9,23,0.03626706890094648,0.17419078068047983,True,False,False,1.4761120255626393e-07,COMPLETE
586,0.5080073714256287,2025-04-08 13:44:37.597208,2025-04-08 13:45:55.757436,0 days 00:01:18.160228,0.36733046714803824,0.1685335442558843,2,0.2611650259017061,0.016428855034851392,0.01613657769795182,0.019810894168665476,0.04830942209158638,0.06176078963585861,0.003952442426107985,18,32,0.04880797854474203,0.18765463122847031,True,False,False,1.9535625208114572e-08,COMPLETE
587,0.3449915885925293,2025-04-08 13:45:55.948716,2025-04-08 13:46:24.322556,0 days 00:00:28.373840,0.6121737712449817,0.23640541945182653,8,0.28203016308527623,0.03081404791219057,0.07603292980190171,0.012438474849154566,0.030458248945403058,0.03715713674482619,0.005360557329226235,10,149,0.03135246131932879,0.1678689479633375,True,False,False,7.068674172149295e-08,COMPLETE
588,0.10383132398128511,2025-04-08 13:46:24.504392,2025-04-08 13:46:50.723928,0 days 00:00:26.219536,0.6446025070652891,0.2874309280484787,8,0.2738292556736404,0.006306984991869916,0.09253679611289879,0.07302965202590565,0.042150776765337586,0.059758614820719064,0.0021829706460418084,15,28,0.043115339088630106,0.18024619563661873,True,False,True,1.8578246434982009e-07,COMPLETE
589,0.4728692054748535,2025-04-08 13:46:50.916290,2025-04-08 13:47:15.666580,0 days 00:00:24.750290,0.38680500916664673,0.1874018079406946,8,0.017104525656309016,0.02420284271115572,0.09033307369082248,0.015792064053567322,0.03812828589252361,0.04747267362328697,0.006943387272562129,9,35,0.03927574241561587,0.16014593256613463,True,False,False,5.7886736051732765e-08,COMPLETE
590,0.45196552276611335,2025-04-08 13:47:15.848400,2025-04-08 13:47:54.786284,0 days 00:00:38.937884,0.4237503298358469,0.2167126611668289,8,0.19168761740842866,0.013502249963414457,0.047686898414907426,0.018179928318835987,0.03274336275355001,0.022829873291291727,0.003177770512738492,26,39,0.034108121876197134,0.20267805445594217,True,False,False,9.607946975552896e-08,COMPLETE
591,0.5124614953994752,2025-04-08 13:47:54.978733,2025-04-08 13:48:19.309494,0 days 00:00:24.330761,0.359232891664864,0.266480043859375,8,0.2684890489922229,0.01835128967088453,0.0980107349994053,0.01376195409397665,0.0403258762031005,0.055936349550477577,0.004521438360968657,8,31,0.03765664597069178,0.18415978364317845,True,False,False,3.613732123621579e-08,COMPLETE
592,0.49555273056030275,2025-04-08 13:48:19.490223,2025-04-08 13:48:43.924168,0 days 00:00:24.433945,0.3507465304782032,0.2504188116282919,8,0.26760356535477564,0.017436496403360945,0.09980231961467131,0.01304140701765421,0.043322401302991795,0.056127053025357115,0.005250268013867987,8,35,0.041480108946682734,0.18770417241435447,True,False,False,3.429198477089488e-08,COMPLETE
593,0.5045247673988342,2025-04-08 13:48:44.117986,2025-04-08 13:49:08.251803,0 days 00:00:24.133817,0.3646441054272449,0.23139449925216496,8,0.26603128466252096,0.010141964501017136,0.09736081231884355,0.011530015483978692,0.045582335065008,0.05493737403460774,0.008996523204778745,8,32,0.0391483643422036,0.1935228479079588,True,False,False,1.6977533330844844e-08,COMPLETE
594,0.4665107846260071,2025-04-08 13:49:08.435241,2025-04-08 13:49:48.111814,0 days 00:00:39.676573,0.3344620969520784,0.2684931526822496,8,0.25896034151451874,0.018971633412011104,0.09819498179748173,0.014472570677263659,0.040997746465537666,0.0591455264267704,2.578696884113861e-05,27,37,0.03698987551475394,0.18195200378333026,True,False,False,1.2891574333538956e-07,COMPLETE
595,0.09188934862613678,2025-04-08 13:49:48.307145,2025-04-08 13:50:16.110720,0 days 00:00:27.803575,0.3292417004844887,0.25064513952183964,8,0.27122317671992247,0.007635748097227472,0.0974120639523704,0.013587965656434683,0.04064824860918284,0.05728311458899979,0.006137278389538843,13,26,0.045807792414403664,0.18590156985605988,True,False,False,2.7587123921926823e-08,COMPLETE
596,0.4821985840797424,2025-04-08 13:50:16.295096,2025-04-08 13:50:40.440041,0 days 00:00:24.144945,0.29909271579217034,0.21210657039049202,8,0.27886308794548376,0.013167624606953338,0.0956018478529832,0.015777468445546353,0.04398593686069745,0.055178586475271345,0.0044993951207679085,8,29,0.042956641612183794,0.17620020037121223,True,False,False,2.1733923261178858e-07,COMPLETE
597,0.5185407757759095,2025-04-08 13:50:40.633886,2025-04-08 13:51:27.293262,0 days 00:00:46.659376,0.3521294490048291,0.2667379628358301,2,0.26953681897256176,0.019860068027286033,0.09999931650761083,0.010669511942950665,0.03907129854986833,0.05739685411321406,0.0017077062489363054,8,33,0.0354319652818157,0.1922374256085907,True,False,False,2.7593686477027993e-07,COMPLETE
598,0.5072576522827149,2025-04-08 13:51:27.475276,2025-04-08 13:52:14.521172,0 days 00:00:47.045896,0.31446128496048353,0.27362514320014747,2,0.21955227512522243,0.0247240288001956,0.09859928846240709,0.01077444969686154,0.039500039562026516,0.05723788737879294,0.003727696291580155,8,31,0.040181421206244516,0.19784499088611382,True,False,False,4.81548649102693e-07,COMPLETE
599,0.4152325868606568,2025-04-08 13:52:14.704277,2025-04-08 13:53:01.155280,0 days 00:00:46.451003,0.37974927263189256,0.2372386804174906,2,0.2656645124866065,0.020499784827084887,0.09990809538407441,0.007992532571136727,0.04240333790345698,0.058642116240227964,0.0017652466280962593,8,33,0.03818468063724332,0.1959764247360992,False,False,False,3.0569710722008296e-07,COMPLETE
600,0.37975065708160405,2025-04-08 13:53:01.349575,2025-04-08 13:53:48.397717,0 days 00:00:47.048142,0.35493958502190676,0.19870757110352733,2,0.26351929445872857,0.026768138717311485,0.09985243928325727,0.010657726952722218,0.037812991923064906,0.05717383235819359,0.00171802783826303,8,27,0.03554321800420299,0.19309493889661056,True,False,False,4.28766281784835e-07,COMPLETE
601,0.5101017594337464,2025-04-08 13:53:48.584518,2025-04-08 13:54:31.515600,0 days 00:00:42.931082,0.34250096860237783,0.260986933041223,2,0.251172336198583,0.019137465106365974,0.09640868263318869,0.012068678673129074,0.03988793273921808,0.06100502125695526,0.002654773131347258,7,37,0.04124005902658614,0.20745014535571718,True,False,False,2.714071855652583e-07,COMPLETE
602,0.42515085339546205,2025-04-08 13:54:31.717747,2025-04-08 13:55:16.482666,0 days 00:00:44.764919,0.38251337715860256,0.22179125111119574,2,0.2692936546583924,0.023879495383576817,0.0936441157616883,0.01252569205040643,0.03749049742130533,0.054044305348484284,0.004888066165629125,7,102,0.03326689016432639,0.203096906231811,True,False,False,2.5973482390007477e-07,COMPLETE
603,0.4095165252685547,2025-04-08 13:55:16.669400,2025-04-08 13:57:13.580721,0 days 00:01:56.911321,0.35778784673738173,0.29959391723785245,2,0.25994557880641717,0.015849854984190916,0.09999321297680011,0.009295646035864887,0.03648395482103229,0.05933117548116252,0.000973090548056733,30,24,0.03779602963652184,0.1903527404538802,True,False,False,3.625221693488786e-07,COMPLETE
604,0.10587377697229386,2025-04-08 13:57:13.775001,2025-04-08 13:57:54.136928,0 days 00:00:40.361927,0.3257398658572145,0.24535623546447416,2,0.2724653084310205,0.02752971217497734,0.09650527882511342,0.0113222203155237,0.053249198207980894,0.056049432406853485,0.007279920708504311,8,30,0.03946597185339032,0.18679793577525106,True,True,False,3.0729863139107163e-07,COMPLETE
605,0.5018052458763123,2025-04-08 13:57:54.321717,2025-04-08 13:58:37.862656,0 days 00:00:43.540939,0.36180295838506876,0.2702722103042592,2,0.1337767044880389,0.011652436439446743,0.0829020912848088,0.013752677271455292,0.0417191260476829,0.06290878814683884,0.0039834717920007945,7,34,0.03534300236240035,0.19529600792737356,True,False,False,2.2205999442559763e-07,COMPLETE
606,0.09188934862613678,2025-04-08 13:58:38.059909,2025-04-08 13:59:24.369095,0 days 00:00:46.309186,0.3786045101637624,0.18933164395154242,2,0.23043446285917618,0.0047412236106764895,0.09112129484241774,0.007817851722504904,0.03930128693814398,0.05838089489114797,0.003268502615866625,8,40,0.04354056530237281,0.18418920649396825,True,False,False,4.359304762325122e-08,COMPLETE
607,0.11421100795269012,2025-04-08 13:59:24.557056,2025-04-08 14:00:36.527798,0 days 00:01:11.970742,0.4060528509611048,0.23056228002349774,2,0.2732466514499525,0.019027302121706315,0.08810479715185576,0.06709506379512126,0.034740693845997914,0.05394482757396545,0.005847386483140498,19,29,0.030988561052496293,0.1905744396194953,True,False,True,0.00012887043728167157,COMPLETE
608,0.4418643355369568,2025-04-08 14:00:36.724713,2025-04-08 14:01:28.083555,0 days 00:00:51.358842,0.3973590306287009,0.336271896044201,2,0.2766400851343635,0.02266957065877209,0.09381806121031191,0.06168987804652133,0.044391428408530095,0.060588610462646214,0.0021037248629513965,9,128,0.037237635187916424,0.20064578392084256,True,False,False,1.8755893756124679e-07,COMPLETE
609,0.3685237944126129,2025-04-08 14:01:28.270275,2025-04-08 14:02:15.109813,0 days 00:00:46.839538,0.3535119161091697,0.2810347386850178,2,0.27047333161126674,0.011476998290465466,0.08605952650398177,0.015572183396194586,0.038009372195225884,0.05657671554530543,0.00117876679010322,8,32,0.02218029731326429,0.17924731846032976,True,False,False,5.8691777936144796e-08,COMPLETE
610,0.4906300187110901,2025-04-08 14:02:15.309340,2025-04-08 14:02:42.664322,0 days 00:00:27.354982,0.330749446639821,0.24470109637106846,16,0.2781040866790164,0.032303969889213836,0.09768538515078418,0.08122144061204747,0.04079176049165857,0.06394231325354541,0.0015787957109488135,23,35,0.03315566234457326,0.18367880279204019,True,False,False,1.6338302995986036e-07,COMPLETE
611,0.4937483429908752,2025-04-08 14:02:42.852725,2025-04-08 14:03:33.042711,0 days 00:00:50.189986,0.3944277360586143,0.20934337981059056,2,0.2545399947122889,0.017024117126713895,0.09596267965630022,0.07665998593024233,0.035670343052614954,0.06213520742208416,0.004851415012396914,9,28,0.07641945966602709,0.1926656484010732,True,False,False,3.23820033273939e-08,COMPLETE
612,0.09188934862613678,2025-04-08 14:03:33.239891,2025-04-08 14:03:56.972464,0 days 00:00:23.732573,0.376750265631871,0.30428060159055387,8,0.27978145370740215,0.005016139915038279,0.09067278969412104,0.012964814744156266,0.029636856308576827,0.05506179275318578,0.0026404679535705438,8,32,0.04133643695538186,0.17911442939309907,True,False,False,2.3523994170925224e-07,COMPLETE
613,0.43862472176551826,2025-04-08 14:03:57.160854,2025-04-08 14:04:22.260052,0 days 00:00:25.099198,0.41384947696818597,0.262955298255092,8,0.2651475674176781,0.026031299301551715,0.09268454454122439,0.010349935576113118,0.03886131219992001,0.05971664544783942,0.0013350025639919105,9,43,0.03946802765778297,0.18981776087626906,True,False,False,3.7719212051678e-07,COMPLETE
614,0.400160950422287,2025-04-08 14:04:22.459016,2025-04-08 14:04:47.812158,0 days 00:00:25.353142,0.3476270843045291,0.17332737644504853,8,0.26957247881093677,0.016285436231176828,0.09515711636076742,0.005779969352191036,0.03342947287888264,0.05303432567576335,0.004207237772779237,9,25,0.035521139205082965,0.18447017916449354,True,False,False,2.4337040170379136e-08,COMPLETE
615,0.47320994138717654,2025-04-08 14:04:48.001659,2025-04-08 14:05:11.973697,0 days 00:00:23.972038,0.36806757327589135,0.22090337450310277,8,0.2829307143687207,0.03160076116507517,0.08902240844550965,0.06989291706381465,0.036739610382034396,0.05766546475075986,0.008276089396256004,7,37,0.03799946754365038,0.19893677664104162,True,False,False,4.566339790883949e-08,COMPLETE
616,0.09188934862613678,2025-04-08 14:05:12.173697,2025-04-08 14:05:35.563509,0 days 00:00:23.389812,0.30050760176272484,0.24884302646831047,8,0.2757859244225643,0.00018817873433795394,0.09823891030485327,0.05332975005451193,0.07530927759482747,0.010618710024987078,0.0032429287273652956,8,30,0.04445942955919861,0.17380461856860718,True,False,False,8.532638999603901e-08,COMPLETE
617,0.4927256584167481,2025-04-08 14:05:35.750689,2025-04-08 14:06:00.891903,0 days 00:00:25.141214,0.4206599788076397,0.2802002956355758,8,0.10228546065495342,0.022379469835444456,0.09296550864359178,0.014138463577269963,0.04202302991067869,0.06497688870989483,0.00615163177864196,9,34,0.03466611724216511,0.18628330337850738,True,False,False,7.064312373324718e-08,COMPLETE
618,0.31730321049690247,2025-04-08 14:06:01.093463,2025-04-08 14:06:32.152203,0 days 00:00:31.058740,0.39799942500246044,0.23495523508062832,8,0.25871596057015256,0.010691308708831301,0.0955039053907703,0.015198374030989096,0.030698733602397943,0.06140290408535365,0.005152772155209734,17,39,0.042095383451462194,0.17874469841291588,False,False,False,1.5735031867786578e-07,COMPLETE
619,0.5077866435050965,2025-04-08 14:06:32.341499,2025-04-08 14:08:02.578479,0 days 00:01:30.236980,0.37392177120398895,0.3178056389794889,2,0.28392545764399213,0.018500297676790914,0.09063417881283548,0.0110284181045695,0.03980078416126461,0.056044010140235634,0.0037418994299101387,22,28,0.03668257503097111,0.1701401299267518,True,False,False,5.3116607820016834e-08,COMPLETE
620,0.29650208353996277,2025-04-08 14:08:02.779222,2025-04-08 14:08:27.966101,0 days 00:00:25.186879,0.31907217511675656,0.2615810814113394,8,0.1137552003366249,0.028909992870602138,0.09679029607492015,0.017190147791081727,0.036476820947655406,0.05849529232576688,0.0026204908127993145,9,47,0.039987147255044486,0.19055272228922998,True,False,False,1.913829853847569e-07,COMPLETE
621,0.5071231245994569,2025-04-08 14:08:28.154831,2025-04-08 14:08:58.787446,0 days 00:00:30.632615,0.4369315868634251,0.29391886050312277,8,0.058867872110523814,0.010898232890571347,0.09385351708106275,0.074179789592321,0.03432757071934761,0.01330696647406837,0.004207863576886058,16,33,0.04685670379838794,0.18137388139152316,True,False,False,3.749833127385264e-08,COMPLETE
622,0.12025693655014039,2025-04-08 14:08:58.988651,2025-04-08 14:09:21.479184,0 days 00:00:22.490533,0.4093983414234731,0.20735438908604883,8,0.27371853533443885,0.022618075489427496,0.08732894734490651,0.07830859885241326,0.03193935942646632,0.06303413509719114,0.002994067758967663,8,75,0.03191131996253167,0.17607427856503316,True,True,False,1.1082477831903654e-07,COMPLETE
623,0.4764336228370667,2025-04-08 14:09:21.670063,2025-04-08 14:09:46.546960,0 days 00:00:24.876897,0.3899234276441283,0.14930561132114137,8,0.28627741247507454,0.015139989939464107,0.09205534299508414,0.01281950846003036,0.038272337648637925,0.0017254504175099462,0.006514734593737005,9,31,0.038094320973554134,0.19440738436311006,True,False,False,2.687288820954302e-07,COMPLETE
624,0.09188934862613678,2025-04-08 14:09:46.749554,2025-04-08 14:10:11.732014,0 days 00:00:24.982460,0.3507636565472359,0.4504947697397471,8,0.09177714150976898,0.006762840706427967,0.026380898210274485,0.00875420245726952,0.044506895450200624,0.05268394230419777,0.0021964629291825635,10,36,0.03582883832974866,0.1677204156283847,True,False,False,1.3578552155763793e-07,COMPLETE
625,0.4060324907302857,2025-04-08 14:10:11.923274,2025-04-08 14:10:37.755727,0 days 00:00:25.832453,0.4237011141405803,0.2319434955656325,8,0.26816505926518375,0.03070082009224498,0.09612486052465583,0.014911105745562323,0.04159338247351577,0.05457711611415274,0.004728554663523606,9,87,0.032970472042130695,0.18672946832993143,True,False,False,7.009517380507595e-08,COMPLETE
