number,value,datetime_start,datetime_complete,duration,params_alpha-eval,params_alpha-train,params_batch-size,params_eps-eval,params_eps-train,params_lambda-actions-eval,params_lambda-actions-train,params_lambda-frames-eval,params_lambda-frames-train,params_learning-rate,params_n-epochs,params_n-frames,params_radius-gw,params_rho,params_std-feats,params_ub-actions,params_ub-frames,params_weight-decay,state
1310,0.5201853036880493,2025-04-08 21:31:14.253351,2025-04-08 21:31:55.121363,0 days 00:00:40.868012,0.09921329714429036,0.40097609551687663,2,0.25959517323053094,0.14781379584804502,0.048885642167210655,0.0405336820888628,0.09793065072337666,0.09046378498257315,0.056185359075571276,6,71,0.01826921606426259,0.03176437667724259,True,False,False,1.9002130353388374e-05,COMPLETE
1311,0.3988734185695649,2025-04-08 21:31:55.539428,2025-04-08 21:32:15.412504,0 days 00:00:19.873076,0.12386575073257486,0.4329218551431537,16,0.24510442595148532,0.15383796356359078,0.04742902504609828,0.04878583270404785,0.09428544279843865,0.0876731604697625,0.041101206612774464,5,62,0.02075683942482331,0.051107041050416406,True,False,False,2.8018416074788523e-05,COMPLETE
1312,0.5265019655227661,2025-04-08 21:32:15.830559,2025-04-08 21:32:53.522107,0 days 00:00:37.691548,0.16950977258056577,0.3911174557107437,2,0.24933466742287058,0.15073964354622682,0.04378379255882549,0.042721529310738596,0.09613281415111642,0.08965422857487927,0.06863684688395924,5,66,0.015227306110995716,0.03627668512196033,True,False,False,3.229756315418075e-05,COMPLETE
1313,0.5280246257781982,2025-04-08 21:32:53.940801,2025-04-08 21:33:34.227329,0 days 00:00:40.286528,0.13784144469575588,0.3515651263220413,2,0.25410952768737405,0.14308948627536167,0.04623236420061686,0.04592495525922194,0.09807152754480909,0.09106081586801194,0.04807434934627814,6,58,0.01965905226421079,0.027249569411278388,True,False,False,1.8527822601838325e-05,COMPLETE
1314,0.5071238517761231,2025-04-08 21:33:34.641276,2025-04-08 21:34:12.376465,0 days 00:00:37.735189,0.09736795425788294,0.4337464596972475,2,0.2609994048792499,0.15479222539779586,0.04925519907158197,0.04426079435871254,0.0937611508644463,0.09345887694902033,0.0343438820099134,5,100,0.022272426573221406,0.055239473687291284,True,False,False,2.2283828854419903e-05,COMPLETE
1315,0.48366651535034183,2025-04-08 21:34:12.817135,2025-04-08 21:34:50.199296,0 days 00:00:37.382161,0.14776655171392106,0.4065255628201331,2,0.24549640114822147,0.14879099230386594,0.03982991214308765,0.04727164138772729,0.09998441296835782,0.08657369016967434,0.05983578252186914,5,64,0.021614667176809467,0.042764177215894775,True,False,False,1.4328516868802587e-05,COMPLETE
1316,0.49694615602493286,2025-04-08 21:34:50.622902,2025-04-08 21:35:31.233202,0 days 00:00:40.610300,0.11790382037407345,0.4198744386563903,2,0.25550038986014556,0.13226754947110186,0.04511565807328568,0.0412988639886593,0.09627217731414545,0.08852635051385863,0.041560406544991914,6,60,0.017874361953666977,0.035285653301207434,True,False,False,1.1512598651580423e-05,COMPLETE
1317,0.521376633644104,2025-04-08 21:35:31.651384,2025-04-08 21:36:09.241656,0 days 00:00:37.590272,0.1829905287043207,0.3735611574402415,2,0.2654966491928953,0.160595492530492,0.04243021600445946,0.04936614893675769,0.09164404643781268,0.09176997824304074,0.05316850267836584,5,58,0.018936837690055892,0.02850210014793992,True,False,False,2.9850307682413466e-05,COMPLETE
1318,0.5260339260101319,2025-04-08 21:36:09.664099,2025-04-08 21:36:47.689123,0 days 00:00:38.025024,0.2263192391553702,0.4430976146123502,2,0.24538351913579648,0.14103409522012347,0.047778094201671666,0.04519348915649494,0.09788833157988544,0.08617378285783593,0.08233718897426857,5,67,0.02257414576866094,0.02616534765043007,True,False,False,1.785695516528852e-05,COMPLETE
1319,0.36676294207572935,2025-04-08 21:36:48.107309,2025-04-08 21:37:29.048076,0 days 00:00:40.940767,0.09742281919255616,0.38762237654816417,2,0.2511141759503123,0.1548794866015252,0.04410437433673286,0.043198675071644356,0.09452325577165614,0.08830956936639607,0.034529472300992826,6,61,0.015098468985235473,0.047931586552417846,False,False,False,2.3502203508687285e-05,COMPLETE
1320,0.512613582611084,2025-04-08 21:37:29.469473,2025-04-08 21:38:07.001187,0 days 00:00:37.531714,0.13615477009946098,0.4361019104058173,2,0.24341878971846043,0.1445114880764782,0.04955236991176764,0.0909505250982537,0.09660778223345275,0.09473881175535133,0.04590918200733355,5,73,0.020376564217510076,0.03979982552577446,True,False,False,3.202239713935821e-05,COMPLETE
1321,0.512766170501709,2025-04-08 21:38:07.420147,2025-04-08 21:38:48.327335,0 days 00:00:40.907188,0.16293850016998382,0.40163719300385536,2,0.26661815719434284,0.16058707008396983,0.045872672208708096,0.04022382049039688,0.09813935177433901,0.09027488045024919,0.038792550960568745,6,64,0.022490260550475004,0.033396969673201,True,False,False,1.8609856324117973e-05,COMPLETE
1322,0.09188934862613678,2025-04-08 21:38:48.745634,2025-04-08 21:39:21.471653,0 days 00:00:32.726019,0.11573607867038724,0.4244045103429503,2,0.25524483706993295,0.14671634894863458,0.04894110413037758,0.0472786188511396,0.09309204689979704,0.08625685437031311,0.05702589040510327,5,69,0.017300879596595462,0.059276949301267805,True,True,False,1.5318033830958493e-05,COMPLETE
1323,0.5533845782279969,2025-04-08 21:39:21.912516,2025-04-08 21:39:59.597688,0 days 00:00:37.685172,0.1507994930374006,0.35741922112827806,2,0.26060172491978173,0.1882103781492865,0.04369433131613847,0.042115051239378615,0.09984264379127472,0.09212237344224841,0.07240313922044993,5,58,0.02286990425636299,0.02633527965141691,True,False,False,2.1074518983383834e-05,COMPLETE
1324,0.5093089699745178,2025-04-08 21:40:00.026158,2025-04-08 21:40:40.441218,0 days 00:00:40.415060,0.1879663728650182,0.34829241137455813,2,0.2676388089709557,0.18451311410765966,0.04084339633146055,0.04245735386698993,0.09985381015659012,0.09423880807546285,0.08779324322968726,6,62,0.020289233166530522,0.03643198762622018,True,False,False,9.478635575885937e-06,COMPLETE
1325,0.5274187803268433,2025-04-08 21:40:40.863477,2025-04-08 21:41:18.053357,0 days 00:00:37.189880,0.20229013850598748,0.3598841797807999,2,0.26221332177905793,0.15208252898967103,0.033774321727133766,0.040267962809456666,0.09978184681373116,0.09017055754387791,0.07562145576860818,5,64,0.02270503962514138,0.02803358468575372,True,False,False,1.3433642007752923e-05,COMPLETE
1326,0.09327567666769028,2025-04-08 21:41:18.475377,2025-04-08 21:41:54.203840,0 days 00:00:35.728463,0.16190446389033866,0.35575103812043624,2,0.26287074890526646,0.1955319765796251,0.044354820602565743,0.041337052279118755,0.09811196752775991,0.09225157973066339,0.08266995198509465,6,59,0.020312285048568,0.04106796457135304,True,False,True,2.0805203695649647e-05,COMPLETE
1327,0.5236047148704529,2025-04-08 21:41:54.622258,2025-04-08 21:42:31.988462,0 days 00:00:37.366204,0.17373835782316832,0.3448942513134242,2,0.26879673008695193,0.20297690299793794,0.042057721602252976,0.04583276158780734,0.09681292625950072,0.09418508576997774,0.0702169072557492,5,66,0.01861795643388811,0.0461804118797002,True,False,False,1.5545143554732457e-05,COMPLETE
1328,0.5008158683776855,2025-04-08 21:42:32.409332,2025-04-08 21:43:09.890509,0 days 00:00:37.481177,0.15681521671931725,0.3703937938417831,2,0.2614830818600642,0.13925494521335463,0.042629337035601164,0.04010250752891015,0.09809155903469352,0.09181457120472891,0.061077303386994665,5,61,0.09657455917513479,0.030542739524112496,True,False,False,2.088109079670229e-05,COMPLETE
1329,0.5171402573585511,2025-04-08 21:43:10.309385,2025-04-08 21:43:50.829770,0 days 00:00:40.520385,0.14584273545687285,0.3797618960029506,2,0.25822732565487616,0.18546342648901298,0.03870442893008721,0.04282304674358992,0.09572235810211699,0.09220747981480265,0.07755769292482677,6,57,0.02291717016595063,0.034733785350346595,True,False,False,2.5396962249721685e-05,COMPLETE
1330,0.5055679559707642,2025-04-08 21:43:51.251192,2025-04-08 21:44:28.801223,0 days 00:00:37.550031,0.1720019011810615,0.37304493894459356,2,0.2670202330289733,0.15233308212339866,0.04397982097182219,0.04879803360967323,0.09967660127821207,0.0891361210900605,0.07018241075009977,5,68,0.07534356773379973,0.05248856747043927,True,False,False,1.0861020964880565e-05,COMPLETE
1331,0.49000689983367923,2025-04-08 21:44:29.233751,2025-04-08 21:45:09.560940,0 days 00:00:40.327189,0.13825659851914002,0.38785776019339535,2,0.2571707702292166,0.18983563725814703,0.04654639565151421,0.04483654729492616,0.09813038894271196,0.09298739803829646,0.033315371622489674,6,61,0.016901209401819987,0.04322993415504018,True,False,False,3.309080590073358e-05,COMPLETE
1332,0.5219335317611695,2025-04-08 21:45:10.005460,2025-04-08 21:45:47.855889,0 days 00:00:37.850429,0.18842021571007178,0.35758231190074957,2,0.25406549895796116,0.203212739137118,0.04079500631515422,0.04654072527732075,0.09636343841307234,0.09397965503296782,0.0936142152209232,5,65,0.020815265770785296,0.027889675242255732,True,False,False,1.5116925389546052e-05,COMPLETE
1333,0.5412327647209167,2025-04-08 21:45:48.283288,2025-04-08 21:46:25.615725,0 days 00:00:37.332437,0.13679904548476501,0.3903024841656312,2,0.25082966232185994,0.19206524906492492,0.042378132803327175,0.04006498206754067,0.09997621966353888,0.09025059050535617,0.04652379797104272,5,58,0.02265750081013501,0.025143352062117007,True,False,False,1.8691843336635173e-05,COMPLETE
1334,0.505523943901062,2025-04-08 21:46:26.041152,2025-04-08 21:47:06.737793,0 days 00:00:40.696641,0.15689680089931715,0.3452539041720317,2,0.2622676490522164,0.19882485468389208,0.03710403984810721,0.0503139254973267,0.09573474551769545,0.08872611505760955,0.06267342382924955,6,63,0.018453680560677605,0.03846156587559209,True,False,False,2.3560102728490595e-05,COMPLETE
1335,0.39811132550239564,2025-04-08 21:47:07.162777,2025-04-08 21:47:27.456199,0 days 00:00:20.293422,0.13168225595924724,0.4085522310425358,16,0.25638851471131086,0.13448852936623715,0.0462347402264009,0.04272302971556956,0.09727302283300315,0.09113168059936638,0.04288913219355826,5,70,0.020617582262785383,0.048696664207541325,True,False,False,3.305024902266559e-05,COMPLETE
1336,0.5088349223136902,2025-04-08 21:47:27.880594,2025-04-08 21:48:08.349424,0 days 00:00:40.468830,0.21202599572319422,0.3648192686770339,2,0.24979274897954046,0.1600583893924233,0.044695092044659,0.04412740021486488,0.0959767438759945,0.09434646000800805,0.032075398573131735,6,60,0.022588977491238862,0.03369722475940438,True,False,False,1.1965758905750062e-05,COMPLETE
1337,0.374478280544281,2025-04-08 21:48:08.775654,2025-04-08 21:48:46.905608,0 days 00:00:38.129954,0.15575574994234884,0.33981059675734837,2,0.268658614819016,0.14642532534482539,0.04789851871892097,0.0481073444121101,0.09790286247317169,0.08768751950375897,0.05320311242419903,5,74,0.011892127647207401,0.025260109704701092,True,False,False,1.964239825897224e-05,COMPLETE
1338,0.4673613905906677,2025-04-08 21:48:47.332351,2025-04-08 21:49:25.243670,0 days 00:00:37.911319,0.1789943320677366,0.40338594868864097,2,0.25994688259086735,0.2242213421256098,0.04293964719576345,0.04165286960092376,0.09979352295646361,0.09212965783227522,0.03961949849093155,5,105,0.015975097185289448,0.04098028731445451,True,False,False,1.5221573799574023e-05,COMPLETE
1339,0.21127898693084718,2025-04-08 21:49:25.689357,2025-04-08 21:50:02.358715,0 days 00:00:36.669358,0.09074484646814569,0.3873904730599673,2,0.2509221849383378,0.17562280631608643,0.046450320411030525,0.04660470506425627,0.09786036263028915,0.08928398367055587,0.06474036335453488,5,63,0.01861334041396375,0.06306643086080814,False,False,False,8.250625458532172e-06,COMPLETE
1340,0.48267115354537965,2025-04-08 21:50:02.783730,2025-04-08 21:50:42.976067,0 days 00:00:40.192337,0.1251476452416822,0.40979838200827573,2,0.2570395048530988,0.1671728774609498,0.0399361708627034,0.04461075918881221,0.0949578868571646,0.08682024570255915,0.03131350914853679,6,57,0.023083601020977475,0.03002048561504,True,False,False,5.625965737596065e-06,COMPLETE
1341,0.10304041802883149,2025-04-08 21:50:43.403532,2025-04-08 21:51:16.746968,0 days 00:00:33.343436,0.1465881263004788,0.36594022115163066,2,0.26284808951724864,0.1287634272314839,0.04499741774870301,0.039335625737738925,0.09830718643100976,0.09154436470230524,0.049111983768406295,5,67,0.021028337522077622,0.023544273996225565,True,True,False,2.788653174963603e-05,COMPLETE
1342,0.36807998418807986,2025-04-08 21:51:17.173561,2025-04-08 21:51:57.897922,0 days 00:00:40.724361,0.11224010629708221,0.38584138927192435,2,0.2476712558401696,0.1554837929797332,0.04773379652234363,0.049862452608259604,0.09443509511535622,0.09469180785321431,0.03910426104094219,6,61,0.014206561182846687,0.0561689404736945,True,False,False,2.381208809092562e-05,COMPLETE
1343,0.49779659509658813,2025-04-08 21:51:58.325798,2025-04-08 21:52:35.720558,0 days 00:00:37.394760,0.09366200089131674,0.4333282139242073,2,0.2558037239067089,0.1889843896062914,0.04371146681465546,0.04151221388700257,0.09978196763913057,0.08921485920533999,0.05880156838447113,5,55,0.02334307948814924,0.03441405990545658,True,False,False,1.7556353881617792e-05,COMPLETE
1344,0.5100801110267639,2025-04-08 21:52:36.149034,2025-04-08 21:53:16.693832,0 days 00:00:40.544798,0.20071097766589233,0.4211797038581745,2,0.26650615895473134,0.13998232009636433,0.04213690548329641,0.04654002327913474,0.09655209416273289,0.08544084465032838,0.049494909902106116,6,65,0.019600086197429336,0.04427596820570741,True,False,False,3.28798462753678e-05,COMPLETE
1345,0.15290957987308504,2025-04-08 21:53:17.123440,2025-04-08 21:53:50.129669,0 days 00:00:33.006229,0.16883182640017502,0.395729454604081,2,0.2468190763314792,0.1492141158791978,0.04967589826062864,0.04444137777137953,0.09815787169113778,0.08757675440928196,0.03155354404783675,5,59,0.017810495745956625,0.04974247813775638,True,False,True,2.152851568694376e-05,COMPLETE
1346,0.5078316926956177,2025-04-08 21:53:50.555111,2025-04-08 21:54:28.120586,0 days 00:00:37.565475,0.13232593592418648,0.41483339300938443,2,0.08516976115271518,0.1585964666339556,0.04672478844905095,0.04270564876951364,0.09991077370777472,0.09110682261898195,0.07593522729108595,5,71,0.021174434099560904,0.032989071289191874,True,False,False,1.0809155132824004e-05,COMPLETE
1347,0.3669788956642151,2025-04-08 21:54:28.565648,2025-04-08 21:55:09.650755,0 days 00:00:41.085107,0.14861902136671368,0.3727193878675162,2,0.11089076027638803,0.2141906905347646,0.04518085826298177,0.04799716771458613,0.09231204368588924,0.09290155710810329,0.03992679312292711,6,63,0.015232806584933013,0.025638768535655748,True,False,False,1.2559538879164703e-05,COMPLETE
1348,0.5089795112609864,2025-04-08 21:55:10.080883,2025-04-08 21:55:47.012547,0 days 00:00:36.931664,0.11687631671461758,0.4441583279660365,2,0.13421256123234201,0.2671946071449483,0.048426917687355214,0.04590723508568671,0.09584359024296006,0.08875473585474884,0.06556840132275625,5,57,0.02318605711847484,0.038631128802454055,True,False,False,1.6125856632965913e-05,COMPLETE
1349,0.3587246716022492,2025-04-08 21:55:47.444881,2025-04-08 21:56:25.384263,0 days 00:00:37.939382,0.09080128814951284,0.33978329247276506,2,0.25392611471608023,0.16439643797911443,0.04029832966489616,0.04106714082619793,0.09807637532068772,0.0863634401659084,0.0006481605009893032,5,67,0.01943975355189952,0.03128800185683461,True,False,False,2.7227675897876715e-05,COMPLETE
1350,0.5121652603149415,2025-04-08 21:56:25.817681,2025-04-08 21:57:06.279980,0 days 00:00:40.462299,0.18519400894978913,0.40268097100331546,2,0.26100152857961173,0.14270117391863782,0.043987389129647246,0.039660399061109484,0.09999385161772775,0.09045114544639885,0.04526888008552393,6,60,0.021393009976791565,0.02379625839765679,True,False,False,3.493276053973454e-05,COMPLETE
1351,0.5153168201446533,2025-04-08 21:57:06.707500,2025-04-08 21:57:44.370422,0 days 00:00:37.662922,0.77306585149042,0.4235640370338962,2,0.19132312056819042,0.18158942798969588,0.04713096239900199,0.04398522355262121,0.09432682803510377,0.09532812954209625,0.05804059787066222,5,64,0.017010673311388273,0.03947027496592158,True,False,False,1.948059691906456e-05,COMPLETE
1352,0.5291043043136596,2025-04-08 21:57:44.797245,2025-04-08 21:58:25.327992,0 days 00:00:40.530747,0.1554086807235659,0.44644868462895493,2,0.17227417000914214,0.15023527117196592,0.04958780116677809,0.04937122084780501,0.0957949694691967,0.08513301808366244,0.03215396269765868,6,56,0.022654042144963478,0.0465878889430954,True,False,False,2.331025527597096e-05,COMPLETE
1353,0.385451877117157,2025-04-08 21:58:25.757332,2025-04-08 21:58:45.779550,0 days 00:00:20.022218,0.10736989105167694,0.3786974606870872,16,0.24366879003494885,0.13479903078181227,0.045291774930869395,0.045930289378219774,0.09095260672956387,0.09320005406277397,0.038343568168134105,5,61,0.019654066819821455,0.020996922001336345,True,False,False,1.3069244946021465e-05,COMPLETE
1354,0.5538997054100037,2025-04-08 21:58:46.232202,2025-04-08 21:59:23.976598,0 days 00:00:37.744396,0.12461079110826931,0.39757135472269395,2,0.2513902737824532,0.15892565232296027,0.04149198017130662,0.042799738788935095,0.0978026428395333,0.0874667328317239,0.05366799834451521,5,67,0.02362341807014852,0.05517973745154506,True,False,False,2.7979098464501266e-05,COMPLETE
1355,0.48171593546867375,2025-04-08 21:59:24.412113,2025-04-08 22:00:05.199072,0 days 00:00:40.786959,0.13337215545054826,0.36242238503715657,2,0.26809310631108574,0.16176564908583982,0.03656813208935555,0.03860260512969589,0.09694266747306998,0.0880746994606567,0.08303735447768909,6,71,0.023239114670291487,0.06080775863305003,True,False,False,3.296192448462203e-05,COMPLETE
1356,0.5213363170623779,2025-04-08 22:00:05.636577,2025-04-08 22:00:43.778773,0 days 00:00:38.142196,0.137302728683439,0.8767599574601688,2,0.25249240502525044,0.1741631700327931,0.038336885060925516,0.042553318531858425,0.09305312145524183,0.08702410762965965,0.0502104148981052,5,68,0.020926219758563534,0.06372334346492207,True,False,False,2.5325130692173384e-05,COMPLETE
1357,0.4921611666679383,2025-04-08 22:00:44.211215,2025-04-08 22:01:21.855985,0 days 00:00:37.644770,0.16458401179007212,0.3940130395919172,2,0.24747183291258856,0.1548857378221533,0.04122714490445747,0.047722882279711776,0.09787470433211963,0.08958562729987135,0.06866395805035459,5,70,0.017873138874191327,0.05624412320116644,True,False,False,3.1883138885267164e-05,COMPLETE
1358,0.48440864086151125,2025-04-08 22:01:22.286452,2025-04-08 22:02:03.594993,0 days 00:00:41.308541,0.12101567071108699,0.4057134015859373,2,0.25867963540978145,0.16835993943780606,0.03496478443737395,0.04476072064079587,0.09484729437885614,0.08546868497916635,0.05875833458240843,6,68,0.053150877910369904,0.06771783032588558,True,False,False,1.843209480372755e-05,COMPLETE
1359,0.21014549136161806,2025-04-08 22:02:04.026984,2025-04-08 22:02:41.029271,0 days 00:00:37.002287,0.14932470985382582,0.38274003208418755,2,0.24277480041055657,0.15864471170938751,0.040079653114042164,0.041378676248726945,0.09636194598406166,0.0877390730597158,0.05205533923279409,5,74,0.023393103734118795,0.04957996624694389,False,False,False,2.546993333008118e-05,COMPLETE
1360,0.5104080319404602,2025-04-08 22:02:41.484076,2025-04-08 22:03:19.192818,0 days 00:00:37.708742,0.12362138670995731,0.41939494972359576,2,0.2614668284415165,0.16459466224032457,0.04235179315052753,0.03992132244947487,0.09783533597063458,0.0905518234124009,0.04534486938376777,5,66,0.019785388496181278,0.05720295086803877,True,False,False,3.486976919580104e-05,COMPLETE
1361,0.09188934862613678,2025-04-08 22:03:19.631319,2025-04-08 22:03:55.032369,0 days 00:00:35.401050,0.1753478236433204,0.3959844528052244,2,0.14701501931943473,0.15064984883412003,0.038889668227493984,0.044039799380617126,0.09837662521151293,0.08484604510759225,0.0710800864039983,6,75,0.016153203760582817,0.07156400083580679,True,True,False,1.489792460521764e-05,COMPLETE
1362,0.5320768117904663,2025-04-08 22:03:55.469177,2025-04-08 22:04:33.164468,0 days 00:00:37.695291,0.14903207038797392,0.36065996706915765,2,0.25074823564857046,0.15447641092346406,0.042409957470819486,0.04816998615243909,0.09994547547178399,0.0892917432332367,0.05825124372621261,5,71,0.021286980099813287,0.05480711556636049,True,False,False,2.770874851909836e-05,COMPLETE
1363,0.4876888930797577,2025-04-08 22:04:33.601103,2025-04-08 22:05:11.543441,0 days 00:00:37.942338,0.11099326365590231,0.42609310659590943,2,0.25418084766531523,0.1706129348999117,0.04409423227163732,0.050668762968884555,0.09382023571740934,0.08685239812477893,0.09747205349974637,5,66,0.018729415416040483,0.052567347937277825,True,False,False,2.0808487580551097e-05,COMPLETE
1364,0.23611470460891726,2025-04-08 22:05:11.975976,2025-04-08 22:05:47.696264,0 days 00:00:35.720288,0.13569005347070717,0.3845563244759801,2,0.24276514426362825,0.1623123939432779,0.04261010356507395,0.0459070822306104,0.09609810494136391,0.09190240340092813,0.04343890815802965,6,67,0.023507365170366855,0.04515341390535444,True,False,True,1.7102109392978454e-05,COMPLETE
1365,0.5472577214241028,2025-04-08 22:05:48.132157,2025-04-08 22:06:25.838891,0 days 00:00:37.706734,0.16380240757103565,0.33396893346296896,2,0.26698697611549055,0.1491369384598498,0.04530606703164704,0.04221779512438057,0.09989253482793367,0.08462186542978471,0.037603148397762506,5,65,0.021636755737313336,0.04093296186527489,True,False,False,2.6495430753525442e-05,COMPLETE
1366,0.49276596307754517,2025-04-08 22:06:26.277441,2025-04-08 22:07:07.479679,0 days 00:00:41.202238,0.2177469388114141,0.3437434620416573,2,0.27017158562089594,0.14282857122581719,0.04548357720726302,0.038696066956955245,0.09994287972623264,0.08491148981233514,0.03792715836185911,6,77,0.021289420828346735,0.049727912310388735,True,False,False,3.380232936319647e-05,COMPLETE
