number,value,datetime_start,datetime_complete,duration,params_alpha-eval,params_alpha-train,params_batch-size,params_eps-eval,params_eps-train,params_lambda-actions-eval,params_lambda-actions-train,params_lambda-frames-eval,params_lambda-frames-train,params_learning-rate,params_n-epochs,params_n-frames,params_radius-gw,params_rho,params_std-feats,params_ub-actions,params_ub-frames,params_weight-decay,state
341,0.4938539862632752,2025-04-08 11:32:59.517651,2025-04-08 11:33:24.974789,0 days 00:00:25.457138,0.4505416214644544,0.2672479519227052,8,0.266604571825312,0.03137976641774525,0.09181140419452867,0.01670611183671921,0.0355139422951937,0.038799675185775276,0.0038943537555025396,9,37,0.0390546267649847,0.1559252191714292,True,False,False,1.3026306526913787e-07,COMPLETE
342,0.48323615789413454,2025-04-08 11:33:25.079972,2025-04-08 11:33:50.606172,0 days 00:00:25.526200,0.4879326929565527,0.23940610928086897,8,0.2914141159125847,0.018269937927260123,0.09521358697048797,0.005769535655324678,0.029619336858559615,0.0571313228093967,0.002767690001220545,10,24,0.041922323351735576,0.11068397080607484,True,False,False,8.878225250205769e-08,COMPLETE
343,0.47618011236190794,2025-04-08 11:33:50.712103,2025-04-08 11:34:13.999316,0 days 00:00:23.287213,0.4151332166185082,0.2968300138004631,8,0.2733628560047827,0.15594292489049585,0.08920381720117318,0.01239936023271257,0.033023396547330545,0.0676682893239491,0.004690670275320077,7,29,0.035287622338244694,0.16969505259283837,True,False,False,1.5769390303140947e-07,COMPLETE
344,0.439968341588974,2025-04-08 11:34:14.105345,2025-04-08 11:34:54.455857,0 days 00:00:40.350512,0.5495301758430596,0.2010796791020768,8,0.06293617850784683,0.02517423643904206,0.08624594328979462,0.015074414642154293,0.03842621870760058,0.048372799889649466,0.008498383128817311,27,42,0.03225279627368823,0.18079333746983278,True,False,False,1.9959690383585683e-07,COMPLETE
345,0.3800774335861206,2025-04-08 11:34:54.574185,2025-04-08 11:35:21.026714,0 days 00:00:26.452529,0.5248473656910945,0.3591957102034306,8,0.28259802026330044,0.011484095166495959,0.03767571772860384,0.019114318186613712,0.041941589879402136,0.05120189177736847,0.0019667037734749774,11,34,0.040062008051505976,0.1522550979594062,False,False,False,1.0610370602263313e-07,COMPLETE
346,0.4304841339588165,2025-04-08 11:35:21.133973,2025-04-08 11:35:47.727839,0 days 00:00:26.593866,0.46982381845905985,0.22543417163539478,8,0.28815683339489884,0.032503506196288744,0.0960316709390199,0.010786213893846892,0.02749374552021759,0.04551970218493526,0.003471064474154078,10,75,0.04335185741033566,0.13864979900545343,True,False,False,3.0311391842938476e-07,COMPLETE
347,0.09188934862613678,2025-04-08 11:35:47.834371,2025-04-08 11:36:12.051378,0 days 00:00:24.217007,0.6460744132589121,0.2554779169545752,8,0.29490045863226033,0.005843014640179232,0.09777129581921376,0.013530138297578318,0.09161508128827475,0.06398427159285701,0.005616950198177849,9,31,0.03805833236999778,0.16225136701162496,True,False,False,7.39624690821956e-08,COMPLETE
348,0.4082461535930634,2025-04-08 11:36:12.158684,2025-04-08 11:36:59.658880,0 days 00:00:47.500196,0.4313409970903274,0.2768099061379785,2,0.27758747323714117,0.04537357327944151,0.09362672193456299,0.017034453096881026,0.031060728446125487,0.05396750343260018,0.0023829428578411123,8,26,0.03581303362851966,0.14540574009365403,True,False,False,1.2790904388124665e-07,COMPLETE
349,0.15305944085121156,2025-04-08 11:36:59.776506,2025-04-08 11:37:23.959383,0 days 00:00:24.182877,0.4976390899741859,0.31309315915549596,8,0.2825419633905059,0.019710467247399853,0.09087320149699377,0.009408429197219152,0.03461024028584482,0.04886112989095157,0.003001665216688796,11,35,0.03341041307880366,0.17549454567658107,True,True,False,1.7621883970038486e-07,COMPLETE
350,0.48062134981155397,2025-04-08 11:37:24.067854,2025-04-08 11:37:49.842666,0 days 00:00:25.774812,0.5986661504313637,0.2477575002199455,8,0.26854916969470727,0.0263289308469387,0.09799638332233422,0.015510016974003945,0.03654201029756777,0.06118536952855203,0.0015505867078018348,10,39,0.08381505406871995,0.16685501642242606,True,False,False,2.4688575974110252e-05,COMPLETE
351,0.3945889294147492,2025-04-08 11:37:49.950846,2025-04-08 11:38:14.900765,0 days 00:00:24.949919,0.5443409203870576,0.28374518841761165,8,0.2999954584932017,0.01452782562146596,0.0952220075491372,0.019706893445333693,0.03310251169725278,0.05607559256621742,0.00437045335377102,9,29,0.030765350122546217,0.11894300527951635,True,False,False,4.9392489782582406e-08,COMPLETE
352,0.09188934862613678,2025-04-08 11:38:15.009975,2025-04-08 11:38:40.373029,0 days 00:00:25.363054,0.5764888820054487,0.22725162752820788,8,0.28823429961308555,0.0002664868232524799,0.09244045620466204,0.012939912314446328,0.031003041604080128,0.06573434752437272,0.003734811992149344,10,33,0.04501355879121676,0.13428363836364543,True,False,False,8.72241444367773e-08,COMPLETE
353,0.11507353782653809,2025-04-08 11:38:40.493878,2025-04-08 11:39:04.671666,0 days 00:00:24.177788,0.5168101212359315,0.26836768639740266,8,0.2740297575252476,0.0370053493625697,0.09875146849885869,0.017374920970094708,0.039785316998690985,0.0526698500830423,0.002648112829077889,11,37,0.04135819213773028,0.15544320554796368,True,False,True,6.803309518508801e-08,COMPLETE
354,0.470804363489151,2025-04-08 11:39:04.781583,2025-04-08 11:39:30.570339,0 days 00:00:25.788756,0.44802584804942636,0.17561126545276134,8,0.26035680730082505,0.022731542820616797,0.09602285784550794,0.011713938375739925,0.02916968477592953,0.050518559630196594,0.006475095039693565,10,31,0.03910724768154432,0.12490204700018773,True,False,False,3.753055747223342e-07,COMPLETE
355,0.40272904634475715,2025-04-08 11:39:30.680392,2025-04-08 11:39:55.638244,0 days 00:00:24.957852,0.38650521347990496,0.32889614667133693,8,0.2794199748890382,0.02962715410675153,0.09013667132279914,0.008412063073945151,0.03695784795728714,0.04695654331906931,0.0050479847492089485,9,27,0.035870607183364565,0.160020175833046,True,False,False,1.7350692640784626e-06,COMPLETE
356,0.3926173746585846,2025-04-08 11:39:55.748442,2025-04-08 11:40:19.777410,0 days 00:00:24.028968,0.4853602558764293,0.3012207961416264,8,0.29359016061494914,0.01509100448479058,0.06117872307602595,0.014926493679838594,0.03419531277129899,0.05845764695682771,0.003322721489208972,8,21,0.03774474154571025,0.16936771015398427,True,False,False,2.421701228537469e-07,COMPLETE
357,0.09188934862613678,2025-04-08 11:40:19.897707,2025-04-08 11:40:44.403883,0 days 00:00:24.506176,0.6340049317026781,0.19847788782053524,8,0.28602279273377956,0.009480726529916793,0.09382517480321066,0.018938572714459437,0.0273033240795671,0.043764858937402264,0.004143638116257808,9,57,0.03445435480457306,0.14745968578523783,True,False,False,1.1218316614468012e-07,COMPLETE
358,0.49915692806243894,2025-04-08 11:40:44.513741,2025-04-08 11:41:10.427823,0 days 00:00:25.914082,0.5597492842688131,0.2521689530464679,8,0.26847709715872986,0.02111057577927983,0.09660921028975819,0.021466642710531496,0.031950783695479365,0.05505847369465254,0.002147039849533669,10,34,0.04266487506947712,0.1405577447632741,True,False,False,1.612647511728817e-07,COMPLETE
359,0.48895993828773504,2025-04-08 11:41:10.537968,2025-04-08 11:41:30.393424,0 days 00:00:19.855456,0.6075978611886013,0.2211047597875452,16,0.2805166076359125,0.027152641928670965,0.09234932881407022,0.013625522693433458,0.038175841628990875,0.04952973806626958,0.0027899870677042236,6,30,0.04029594599308889,0.17928081007967023,True,False,False,2.7615765190562093e-08,COMPLETE
360,0.45130770802497866,2025-04-08 11:41:30.516220,2025-04-08 11:41:57.112930,0 days 00:00:26.596710,0.5065108514252867,0.2749994734165243,8,0.2923534612010689,0.01521421826647874,0.09786478593492982,0.01625753350184816,0.03512855205020345,0.0529280891675719,0.0036820956865339523,10,45,0.032523188106875156,0.1278454042545474,True,False,False,8.225321057109911e-08,COMPLETE
361,0.40360187292099003,2025-04-08 11:41:57.224294,2025-04-08 11:42:23.990105,0 days 00:00:26.765811,0.535822597851925,0.2397142002899346,8,0.2731197804709763,0.035278558315531845,0.09468011041645312,0.010036641916494789,0.04272221277052424,0.046100965206247936,0.005074248317706127,11,25,0.03716486528735289,0.09874752503493488,True,False,False,6.088756931685583e-08,COMPLETE
362,0.09188934862613678,2025-04-08 11:42:24.104834,2025-04-08 11:42:49.126538,0 days 00:00:25.021704,0.4695085412051412,0.3857871789233472,8,0.2858140136451896,0.008471850596427993,0.09999424520169523,0.011755090708943853,0.029266369556560014,0.06319275293510601,0.003103918929408342,10,36,0.039018960970288494,0.15194339096109996,True,False,False,4.4443183910699555e-08,COMPLETE
363,0.4818048417568207,2025-04-08 11:42:49.237985,2025-04-08 11:43:14.279084,0 days 00:00:25.041099,0.42212086368123225,0.29729677016621786,8,0.27828197136985383,0.20824852622829298,0.09011890603467479,0.06302460740957966,0.04125305737864727,0.04146219750470635,0.0021772210715257177,9,40,0.035650994560390656,0.1651318067618918,True,False,False,1.0555259003315193e-07,COMPLETE
364,0.5136236548423767,2025-04-08 11:43:14.402169,2025-04-08 11:43:46.311849,0 days 00:00:31.909680,0.5841649520313289,0.3387196468037246,8,0.29468216109350115,0.02036371038268676,0.08691844660241359,0.018226138005182052,0.025469551580034906,0.057193350816881774,0.004287347629853135,17,32,0.044163703043485894,0.1745565259567171,True,False,False,1.4367589053855892e-07,COMPLETE
365,0.46122025847435,2025-04-08 11:43:46.423718,2025-04-08 11:44:18.496809,0 days 00:00:32.073091,0.5788735265215658,0.34616993321213135,8,0.2998747511831515,0.024164080111856265,0.08596172879045146,0.015929383143967732,0.02552514232666838,0.059604537041889144,0.006096632340391019,18,28,0.046300335846336964,0.18887243681429625,False,False,False,2.568391507832882e-07,COMPLETE
366,0.49790472984313966,2025-04-08 11:44:18.610529,2025-04-08 11:44:43.662575,0 days 00:00:25.052046,0.560386569363696,0.33142365122383294,8,0.2891111035644089,0.042206106986498224,0.08784624268345163,0.007272900697391277,0.024908319656948053,0.05750807135820567,0.007650874440234049,9,32,0.04429744657153587,0.18334390496815134,True,False,False,1.837161807551078e-07,COMPLETE
367,0.4989622235298157,2025-04-08 11:44:43.775814,2025-04-08 11:45:10.349821,0 days 00:00:26.574007,0.4535334772098763,0.3184087182597427,8,0.29523875289090495,0.03026869127937895,0.08897585358803671,0.014515536017387937,0.027638645136279255,0.05662664328114863,0.004545604528502107,11,30,0.04198741215071882,0.17648408911538072,True,False,False,1.6304360888424548e-07,COMPLETE
368,0.4777934908866882,2025-04-08 11:45:10.474130,2025-04-08 11:45:36.136808,0 days 00:00:25.662678,0.5121261628872594,0.3088564736466753,8,0.26669558416395833,0.019942525472904146,0.08437671107416204,0.017911794265023828,0.022028825352215623,0.060671882705656696,0.003993467581973277,10,26,0.04835599295470761,0.19736560918742124,True,False,False,3.4325560188183653e-08,COMPLETE
369,0.10815651863813401,2025-04-08 11:45:36.251683,2025-04-08 11:46:40.848009,0 days 00:01:04.596326,0.4814167447723042,0.3517690464551143,2,0.28345461676540795,0.026643786523573857,0.09244319284499143,0.013000748031688042,0.02328432122292904,0.05478348173842895,0.005567428855695835,17,23,0.04398530092071875,0.1721692423528486,True,True,False,1.329366882561503e-07,COMPLETE
370,0.505620801448822,2025-04-08 11:46:40.962012,2025-04-08 11:47:08.457151,0 days 00:00:27.495139,0.546767047564224,0.21252338526528747,8,0.2933867654663833,0.019365843597623816,0.09108847496015018,0.01920652955470414,0.02642983359911013,0.058761383211251156,0.004193498015620778,12,32,0.04027583906079369,0.13352346370397086,True,False,False,2.2650585520576903e-07,COMPLETE
371,0.5031687259674072,2025-04-08 11:47:08.583325,2025-04-08 11:47:33.514439,0 days 00:00:24.931114,0.5854641633820288,0.2847912567957059,8,0.27466951869685147,0.034177893341509086,0.0868255644320967,0.07696682498910311,0.0303384224566347,0.03566518580600194,0.0034877335002859297,9,36,0.04177890131621125,0.11192297596747712,True,False,False,7.624298236960161e-08,COMPLETE
372,0.504480493068695,2025-04-08 11:47:33.629973,2025-04-08 11:47:59.623759,0 days 00:00:25.993786,0.524611473971705,0.25792295781272145,8,0.2800969515592772,0.014958399266525733,0.09434370967779716,0.01626467796407057,0.044899873335775636,0.05311850281833659,0.004862921113070205,10,30,0.037947792572127756,0.12000747738013279,True,False,False,5.4373747231314874e-08,COMPLETE
373,0.10317894667387009,2025-04-08 11:47:59.737996,2025-04-08 11:48:23.362587,0 days 00:00:23.624591,0.599081540253078,0.2340472808004413,8,0.2619846869593807,0.023116814029989954,0.08970920948427114,0.008970016236834643,0.032406525055456756,0.056051806238200046,0.003129168291766847,11,34,0.04623110362260548,0.14231070004774074,True,False,True,1.0037784124641008e-07,COMPLETE
374,0.49320268630981445,2025-04-08 11:48:23.479751,2025-04-08 11:48:48.296131,0 days 00:00:24.816380,0.45001390375613237,0.20246611272820006,8,0.2896593724449012,0.030106468640527715,0.09220088208700743,0.04719517802583997,0.02838540752489157,0.06224780944399877,0.0037094485077450727,9,28,0.04024424522910534,0.17826988641559388,True,False,False,3.2221414634271295e-07,COMPLETE
375,0.3434888184070587,2025-04-08 11:48:48.421871,2025-04-08 11:49:12.440645,0 days 00:00:24.018774,0.4912587576511531,0.30022494474961803,8,0.2947326151589463,0.01761919932043141,0.09505498256738759,0.005144190273773821,0.03386464002356598,0.06682982538076884,0.006577226905707505,8,17,0.03828649664445096,0.15573557013273195,True,False,False,1.9487956900724015e-07,COMPLETE
376,0.09188934862613678,2025-04-08 11:49:12.554964,2025-04-08 11:49:38.071043,0 days 00:00:25.516079,0.5643550963288311,0.25254995654598006,8,0.2726256147607517,0.005713124121736834,0.0932172620403736,0.011251430210191623,0.030152596397356846,0.05093336620200366,0.004655099518532556,10,38,0.04309328332910037,0.17127852968524918,True,False,False,1.3510306048741526e-07,COMPLETE
377,0.4071009457111359,2025-04-08 11:49:38.190396,2025-04-08 11:50:14.124647,0 days 00:00:35.934251,0.5297606688962492,0.4863692395064385,8,0.1541719015259707,0.0398709412886399,0.04214425269179679,0.01418776537328975,0.07821928311648771,0.054548218429173484,0.002617686527980891,19,103,0.03669519730442702,0.13167077370132965,True,False,False,6.734437774962281e-08,COMPLETE
378,0.5136739850044251,2025-04-08 11:50:14.245465,2025-04-08 11:50:40.021299,0 days 00:00:25.775834,0.4060894821234131,0.27645688837099885,8,0.28527550710625155,0.023072551712802633,0.08757209708572702,0.017958697759682164,0.03874965715892609,0.0648043665144163,0.003954021289450406,10,32,0.04069299729407021,0.1845987375948118,True,False,False,4.454641029554614e-08,COMPLETE
379,0.5062978625297547,2025-04-08 11:50:40.150228,2025-04-08 11:51:06.895349,0 days 00:00:26.745121,0.41275034828719925,0.26962305014041976,8,0.2871243715640349,0.028249370187978462,0.08812700583547738,0.021372367720451403,0.03997960189028799,0.06893074779093782,0.005759120718778316,11,34,0.042740764000043875,0.19271203066282455,True,False,False,2.866791206493355e-08,COMPLETE
380,0.5156106591224671,2025-04-08 11:51:07.014425,2025-04-08 11:51:33.076437,0 days 00:00:26.062012,0.39782353730915865,0.23665139076159777,8,0.29997470492587885,0.012536171726107324,0.08303960422265468,0.01858116394539925,0.03862398069020851,0.06612578261660924,0.0041513919557088635,10,32,0.0408883875553915,0.18366378164033484,True,False,False,4.218573443220107e-08,COMPLETE
381,0.4621801674365998,2025-04-08 11:51:33.195716,2025-04-08 11:51:54.846442,0 days 00:00:21.650726,0.4118413089035401,0.22732853439008316,16,0.29896554347666787,0.010531625885302709,0.08519723640881287,0.020215484923750544,0.03821399273846103,0.029405622412972468,0.004391534783935602,10,27,0.04451828496133005,0.19475075285434845,True,False,False,4.979467479783059e-08,COMPLETE
382,0.5187942028045655,2025-04-08 11:51:54.974885,2025-04-08 11:52:22.491383,0 days 00:00:27.516498,0.3972563311828952,0.18667724342045794,8,0.29505498276052716,0.012453762499791896,0.08866014258852295,0.022737047967112567,0.04150979523205216,0.06555320784082448,0.00515329647152773,12,32,0.04111151142854779,0.18792894283541392,True,False,False,2.7770266582957378e-08,COMPLETE
383,0.09188934862613678,2025-04-08 11:52:22.611186,2025-04-08 11:52:48.371844,0 days 00:00:25.760658,0.42193212234667327,0.20667422507602118,8,0.29958417431734413,0.007819174971466348,0.08317066216416806,0.02762331734957635,0.041645835799504906,0.06504183234381268,0.007189559802587513,11,31,0.04095328653467395,0.18729748205122643,True,False,False,2.6473823071876548e-08,COMPLETE
384,0.09188934862613678,2025-04-08 11:52:48.489700,2025-04-08 11:53:15.104110,0 days 00:00:26.614410,0.4035865020220318,0.18099512029594828,8,0.29543161619071207,0.002320734032846,0.08461044216790253,0.02341898337750633,0.04679843268019289,0.06621340982145346,0.005154230299371602,12,24,0.0017593407126832994,0.1869949662592656,True,False,False,3.690337896483064e-08,COMPLETE
385,0.30416110754013065,2025-04-08 11:53:15.236562,2025-04-08 11:53:42.806608,0 days 00:00:27.570046,0.3696605830412056,0.183594429164135,8,0.29304074548732373,0.013389989251539837,0.08809917466299386,0.022527750304974795,0.09981694787801154,0.0702329978450985,0.006103671123835016,12,37,0.047349758180274724,0.18465057399620574,False,False,False,3.514741249598167e-08,COMPLETE
386,0.47282688617706303,2025-04-08 11:53:42.926022,2025-04-08 11:54:09.896193,0 days 00:00:26.970171,0.378908698229972,0.19370274942614316,8,0.29462095171129593,0.013700144593951104,0.08724988429345097,0.031230815944887788,0.043088867167624834,0.06395241184419913,0.004700147659743463,11,28,0.04034629866764503,0.18245982761233934,True,False,False,2.7076329959893393e-08,COMPLETE
387,0.09188934862613678,2025-04-08 11:54:10.015194,2025-04-08 11:54:36.009017,0 days 00:00:25.993823,0.32251466404556695,0.1682642308981537,8,0.2909432151268033,0.00643335839715194,0.08608746441982665,0.02037526345031568,0.039643258500249134,0.06747077309601354,0.005649164832147761,11,40,0.04157031419654621,0.198822685531273,True,False,False,3.864119344092269e-08,COMPLETE
388,0.5068767786026002,2025-04-08 11:54:36.129839,2025-04-08 11:55:01.841017,0 days 00:00:25.711178,0.3926805238574863,0.21653513737092037,8,0.2981910992164857,0.018603580765958607,0.0335398215747765,0.017830597022742208,0.03781153593329085,0.06379348707553936,0.0040617212459456535,10,32,0.034507287744911484,0.1830720155724895,True,False,False,4.7589431263292677e-07,COMPLETE
389,0.1191884219646454,2025-04-08 11:55:01.972283,2025-04-08 11:55:29.186925,0 days 00:00:27.214642,0.3683482979243501,0.23322984816072043,8,0.29980941943351247,0.17286905252150522,0.08959508076302854,0.0190468958361719,0.04074864467585273,0.06564435955132605,0.007930043157831086,16,35,0.04448537825180222,0.1923570847931512,True,True,False,3.880117986367423e-08,COMPLETE
390,0.440766841173172,2025-04-08 11:55:29.307937,2025-04-08 11:55:55.819061,0 days 00:00:26.511124,0.42706283011768303,0.9108733688108106,8,0.29041636300280155,0.19126411015373776,0.08691002378757819,0.02086122467343822,0.039011297355163364,0.061648873465645335,0.003982372943802109,11,29,0.03915588927252108,0.17722791949188527,True,False,False,3.112869325957571e-08,COMPLETE
391,0.42678185105323796,2025-04-08 11:55:55.938970,2025-04-08 11:56:22.710830,0 days 00:00:26.771860,0.34323253449335717,0.23901773421536385,8,0.14442350661400094,0.2572713622216823,0.08338288336970953,0.023340180445454023,0.036204155969979834,0.06956535375461466,0.0055120651698475675,10,88,0.036793128774494685,0.19055164220868528,True,False,False,4.719616209136407e-08,COMPLETE
392,0.09188934862613678,2025-04-08 11:56:22.842551,2025-04-08 11:56:47.647232,0 days 00:00:24.804681,0.3850319924712672,0.2551903915522763,8,0.2896431222401791,0.0008901172873268005,0.08900724491888981,0.018708161109863092,0.04434357014564016,0.06501508218438952,0.004829515925442842,10,25,0.03969894436749734,0.17848039902429394,True,False,False,2.27956536221796e-07,COMPLETE
393,0.11400343477725984,2025-04-08 11:56:47.768383,2025-04-08 11:57:38.740413,0 days 00:00:50.972030,0.40309481698955396,0.21732922618501896,2,0.28616249750088746,0.013558082798050852,0.09036153105204404,0.08731450896563506,0.03681462739845968,0.06810179719968922,0.003701885767722382,12,32,0.041778586298766726,0.20206034947344814,True,False,True,0.0009339404738655152,COMPLETE
394,0.4488406181335449,2025-04-08 11:57:38.862870,2025-04-08 11:58:03.832537,0 days 00:00:24.969667,0.3897582567225359,0.16742179381548694,8,0.2997168216633966,0.022237096641469722,0.08688124751366529,0.017409877017789416,0.04125345467660588,0.06109780547742473,0.006473556630227988,9,36,0.03454337310796269,0.18897933173268353,True,False,False,1.585089319803219e-07,COMPLETE
395,0.09188934862613678,2025-04-08 11:58:03.954504,2025-04-08 11:58:28.821156,0 days 00:00:24.866652,0.43844071639466614,0.2723135738235984,8,0.29274102355360726,0.007580636181745186,0.09079255160159284,0.04332682639943406,0.038486385198345546,0.062148906767859904,0.0098678814523585,10,30,0.03886810043558359,0.182628995037167,True,False,False,2.828519730312789e-07,COMPLETE
396,0.4757178843021393,2025-04-08 11:58:28.953656,2025-04-08 11:58:55.802776,0 days 00:00:26.849120,0.5031550689410276,0.2402791466119391,8,0.2842218678251553,0.016750602766633142,0.027536416217456988,0.02501659801797018,0.035857616754945476,0.06686416124965397,0.004502244323891383,11,43,0.03619663449140491,0.17463163750735963,True,False,False,2.4394051659495415e-08,COMPLETE
397,0.09188934862613678,2025-04-08 11:58:55.924775,2025-04-08 11:59:22.030871,0 days 00:00:26.106096,0.34723430324790516,0.19580481647068224,8,0.16821195424483293,0.011342221230971611,0.08909324576051544,0.019990391452005294,0.03904854385518693,0.05925963930498429,0.003636090255944979,9,131,0.04427304687583577,0.1742987309769675,True,False,False,2.1348313662665167e-07,COMPLETE
