number,value,datetime_start,datetime_complete,duration,params_alpha-eval,params_alpha-train,params_batch-size,params_eps-eval,params_eps-train,params_lambda-actions-eval,params_lambda-actions-train,params_lambda-frames-eval,params_lambda-frames-train,params_learning-rate,params_n-epochs,params_n-frames,params_radius-gw,params_rho,params_std-feats,params_ub-actions,params_ub-frames,params_weight-decay,state
797,0.523792850971222,2025-04-08 16:05:08.384927,2025-04-08 16:05:45.921672,0 days 00:00:37.536745,0.2123091724041456,0.44973734223220385,2,0.2789236513545074,0.10598277930686228,0.07355710306689349,0.0523039262821403,0.06315844989372411,0.07656009168399014,0.003974677982961922,5,55,0.023607515078720866,0.16703031827059406,True,False,False,0.0004858152356159742,COMPLETE
798,0.5184553503990174,2025-04-08 16:05:46.179423,2025-04-08 16:06:23.481055,0 days 00:00:37.301632,0.21269607663922743,0.4555353683257326,2,0.2793188886425686,0.10574412428544777,0.07262907596260545,0.050222152490188104,0.06444385685495557,0.07690928732284674,0.004054313821848391,5,60,0.02376262578857892,0.1657550272441526,True,False,False,0.00047561927585992853,COMPLETE
799,0.5307498335838319,2025-04-08 16:06:23.741464,2025-04-08 16:07:00.973565,0 days 00:00:37.232101,0.18508914139146032,0.4796502527725642,2,0.279885560050295,0.10130873661049039,0.07537440781843185,0.05451154563571465,0.06268059834566177,0.0781372729731838,0.004266336901104635,5,54,0.02260275169093288,0.16833130791360815,True,False,False,0.0005807911736467933,COMPLETE
800,0.24936832189559938,2025-04-08 16:07:01.217742,2025-04-08 16:07:37.962746,0 days 00:00:36.745004,0.19790976499875854,0.44010488414410226,2,0.2768755257570119,0.10964426722872543,0.07279960298853888,0.053588719266326246,0.066811116779934,0.07594958763605805,0.004415412598365356,5,63,0.023300915626526718,0.17015681069533925,False,False,False,0.000543502170880688,COMPLETE
801,0.5277214527130127,2025-04-08 16:07:38.222567,2025-04-08 16:08:15.662743,0 days 00:00:37.440176,0.17730182532357341,0.48149907564871064,2,0.27811688408818663,0.10356512021087286,0.07406687516442682,0.05443761390228223,0.06319339270164784,0.07847191788096473,0.005477477723727313,5,57,0.025372778495873063,0.16641671573650704,True,False,False,0.00038496631402067273,COMPLETE
802,0.5286938786506653,2025-04-08 16:08:15.924834,2025-04-08 16:08:53.181704,0 days 00:00:37.256870,0.16228158901182196,0.4750810819540328,2,0.2776372670603526,0.10253717870283578,0.07121009169607886,0.05157044730415898,0.06414987297638738,0.07855049480463848,0.005876180647976289,5,56,0.024863760982817187,0.1661304703827308,True,False,False,0.0003694148798259419,COMPLETE
803,0.5102641344070434,2025-04-08 16:08:53.428497,2025-04-08 16:09:30.751223,0 days 00:00:37.322726,0.20837432322128757,0.5177394346781279,2,0.2767443635046383,0.10239973358804513,0.07359395060944014,0.05269082381928414,0.06353712561125943,0.07911638767764173,0.006637889959874457,5,57,0.022955871519927704,0.1685910750340832,True,False,False,0.00035824353321107914,COMPLETE
804,0.5167588949203492,2025-04-08 16:09:31.011938,2025-04-08 16:10:08.036758,0 days 00:00:37.024820,0.15252956076924068,0.5075849447945863,2,0.27679604931312,0.12028983123002186,0.07472220892683437,0.05037984729475002,0.06352191322974801,0.07579541073640646,0.00554441346321793,5,56,0.025255284542103726,0.16676278272342335,True,False,False,0.00029134772415599804,COMPLETE
805,0.18337038159370422,2025-04-08 16:10:08.283800,2025-04-08 16:10:40.674179,0 days 00:00:32.390379,0.1854657372754876,0.4990774208216677,2,0.2790363473468249,0.1013627102488121,0.0753934525548183,0.0513245300742123,0.06834242917298272,0.0801904643844638,0.0057146065455577055,5,54,0.02583533637304363,0.16546691597021976,True,True,False,0.0004022746601404739,COMPLETE
806,0.3197048544883728,2025-04-08 16:10:40.931034,2025-04-08 16:11:18.603761,0 days 00:00:37.672727,0.14624741270877784,0.46135908181728313,2,0.2738496496100818,0.09128412551368693,0.07034789000500642,0.05435618345624486,0.06223097359152572,0.07753685573534161,0.005833725421815832,5,53,0.017967482385548576,0.16471458771426883,True,False,False,0.0004434629689361447,COMPLETE
807,0.5241919755935669,2025-04-08 16:11:18.864303,2025-04-08 16:11:56.207659,0 days 00:00:37.343356,0.1744786440153197,0.47676119924792665,2,0.27718016356747394,0.11002948549283038,0.07157635608374277,0.048445814435894255,0.06752033618356754,0.08109984320146696,0.006097405097283667,5,59,0.02232650241127103,0.16633344831555624,True,False,False,0.00028318486014533074,COMPLETE
808,0.5218242526054383,2025-04-08 16:11:56.453270,2025-04-08 16:12:34.272672,0 days 00:00:37.819402,0.1712160136194257,0.47649843669306874,2,0.27494994353967744,0.10688018335368495,0.06865736435472374,0.04773372103523673,0.06597973848460807,0.08129120410552201,0.006870033476424995,5,59,0.021957648537144867,0.1653947725875763,True,False,False,0.00026231825844623966,COMPLETE
809,0.0957801029086113,2025-04-08 16:12:34.532720,2025-04-08 16:13:07.442096,0 days 00:00:32.909376,0.16537168068776795,0.4828853986776991,2,0.2737321950046591,0.11501249258891467,0.07121620241137676,0.054607161441866926,0.06845946286893627,0.07966250300615108,0.006251612522876493,5,60,0.023280486423887824,0.16350273545928443,True,False,True,0.0003269493621202593,COMPLETE
810,0.5233600974082947,2025-04-08 16:13:07.702357,2025-04-08 16:13:44.819960,0 days 00:00:37.117603,0.17579655197555125,0.48893738896189026,2,0.27816867643464366,0.11071496857591068,0.07361332442095096,0.05268898441310621,0.06072301497787076,0.07833132375251832,0.005685455291136245,5,56,0.024319159211647054,0.16647079763927064,True,False,False,0.0006157930125210982,COMPLETE
811,0.5302887678146363,2025-04-08 16:13:45.067226,2025-04-08 16:14:22.173777,0 days 00:00:37.106551,0.19432633903536858,0.4870312106112672,2,0.2780777683641737,0.10221600183313945,0.0728609709254858,0.05236471313453814,0.06987650711004,0.07531441008785567,0.007860842969396027,5,63,0.02505462555259449,0.16538653227134031,True,False,False,0.0005144053409997038,COMPLETE
812,0.5216918945312501,2025-04-08 16:14:22.434108,2025-04-08 16:14:59.712503,0 days 00:00:37.278395,0.19481557203386274,0.48519362173457314,2,0.27307054200329417,0.08708305572550062,0.07222830538931593,0.049118478438443795,0.06481372256923049,0.07534854929642805,0.013216366403185823,5,63,0.025285834115854486,0.1633335807503997,True,False,False,0.0004579834771772967,COMPLETE
813,0.5276719689369203,2025-04-08 16:14:59.974511,2025-04-08 16:15:37.263192,0 days 00:00:37.288681,0.13895532977980385,0.46454651966680727,2,0.27153539284719297,0.1030363659898658,0.07369132564510601,0.05190584029538991,0.07102675558092526,0.07842138664706681,0.008981516513301525,5,56,0.024618243556496607,0.16149880281306453,True,False,False,0.0005652974346752553,COMPLETE
814,0.5249758839607239,2025-04-08 16:15:37.516122,2025-04-08 16:16:15.136269,0 days 00:00:37.620147,0.12085180294393033,0.4729850632919569,2,0.27098098819036437,0.09943842167721467,0.06972734344894686,0.047145171360940034,0.07218719032964403,0.07532382667518626,0.009060810485906809,5,57,0.022042237896910996,0.16219014372097776,True,False,False,0.0003834965159643331,COMPLETE
815,0.5163129806518555,2025-04-08 16:16:15.396875,2025-04-08 16:16:52.314550,0 days 00:00:36.917675,0.13583613532979225,0.4660343967840058,2,0.2735566241329677,0.10071964158346754,0.06812297023378641,0.0485525459268915,0.0709013036961614,0.07811431832703793,0.008375586460951078,5,57,0.02189245163070949,0.16374051177213753,True,False,False,0.0003572186466879818,COMPLETE
816,0.5147204637527466,2025-04-08 16:16:52.579747,2025-04-08 16:17:29.812717,0 days 00:00:37.232970,0.10805056927433179,0.5063739637233973,2,0.26921249514570733,0.09484491691340026,0.07047283133901686,0.054557308528655604,0.07474342449143791,0.07506533405139447,0.010759264014097766,5,61,0.02076724724644923,0.15796057370591537,True,False,False,0.0005894900141174201,COMPLETE
817,0.5442899942398072,2025-04-08 16:17:30.061027,2025-04-08 16:18:07.562670,0 days 00:00:37.501643,0.11425499025687337,0.4704259272498108,2,0.26874457674838614,0.10027616320309139,0.07159281225989196,0.05024511197565028,0.07228933154871295,0.08059032265299902,0.015330083934693676,5,59,0.02607759010916719,0.15940581698894604,True,False,False,0.0002806656991335684,COMPLETE
818,0.5287253141403199,2025-04-08 16:18:07.824545,2025-04-08 16:18:45.295473,0 days 00:00:37.470928,0.11922781514564054,0.47623219887478,2,0.2702397140067521,0.09112459467922245,0.06944247458325735,0.04591377661567869,0.07441122977135227,0.0778064298532941,0.010424087580762397,5,58,0.024437000360035703,0.16085679640243114,True,False,False,0.000275228735880987,COMPLETE
819,0.527898371219635,2025-04-08 16:18:45.557474,2025-04-08 16:19:23.176016,0 days 00:00:37.618542,0.09682885917798546,0.45706660471277333,2,0.2656987655095951,0.08909178434596236,0.06685715298573766,0.04549652094545485,0.07070996034579281,0.07513265098788188,0.011121940799068319,5,63,0.026102856567584667,0.16056192261643518,True,False,False,0.0003555738626455975,COMPLETE
820,0.521940815448761,2025-04-08 16:19:23.426443,2025-04-08 16:20:01.005842,0 days 00:00:37.579399,0.09352500503091857,0.4540481771068241,2,0.253865034505468,0.08128926541494365,0.06668098038656751,0.04561877307007428,0.07056433008669205,0.07531933565164459,0.013997474711939583,5,63,0.026005383083018908,0.15925635993699186,True,False,False,0.00028875984115565547,COMPLETE
821,0.2323665201663971,2025-04-08 16:20:01.266628,2025-04-08 16:20:38.251260,0 days 00:00:36.984632,0.12426136949489504,0.4759639706035561,2,0.264505039171222,0.0885031212048474,0.06945886942247122,0.04388443881992789,0.07291310326634944,0.07749869426434935,0.017015349471951033,5,59,0.025934642662397017,0.15921234154036065,False,False,False,0.0003807032163477855,COMPLETE
822,0.5318109035491944,2025-04-08 16:20:38.522124,2025-04-08 16:21:16.244740,0 days 00:00:37.722616,0.1467707523560697,0.5259063637219363,2,0.26344950734635997,0.09423708125656352,0.06930260435908614,0.0464561995525664,0.07669847682144634,0.07555479166563038,0.015398928279085546,5,65,0.02485751136525074,0.15969945097303898,True,False,False,0.0003741050758456187,COMPLETE
823,0.518310034275055,2025-04-08 16:21:16.510646,2025-04-08 16:21:53.792258,0 days 00:00:37.281612,0.1377809571335099,0.5063767127505668,2,0.2645238222280098,0.09240989034120246,0.07182438608114461,0.050922562550853256,0.07624029330976172,0.07784959272912621,0.011497371053007207,5,64,0.02547923373042303,0.15920164989882735,True,False,False,0.0002692559269623468,COMPLETE
824,0.10112311989068985,2025-04-08 16:21:54.044491,2025-04-08 16:22:26.716867,0 days 00:00:32.672376,0.1569166210781632,0.4491691691361422,2,0.2658427966609187,0.08814828485186578,0.07358429482123105,0.046922680530614935,0.0706724872781715,0.0746954913751989,0.014262178133563959,5,66,0.02611835287857632,0.15952100710568445,True,True,False,0.0004958348389903353,COMPLETE
825,0.4926277875900269,2025-04-08 16:22:26.982735,2025-04-08 16:23:07.943889,0 days 00:00:40.961154,0.09370771247057712,0.43041418320661107,2,0.27066861785811597,0.08236940366394044,0.06610220794554919,0.04210932297793575,0.07801839878633166,0.078290443836124,0.015069071331203755,6,66,0.0257966104397142,0.15995789259686222,True,False,False,0.00035679070750791093,COMPLETE
826,0.5324543595314026,2025-04-08 16:23:08.216075,2025-04-08 16:23:45.364741,0 days 00:00:37.148666,0.06975112955173926,0.5289276770528525,2,0.24618089106145363,0.09272968503678514,0.06788702286035561,0.05055843462634293,0.07304295548966161,0.07694144765948238,0.011918402354089256,5,53,0.024313632223065006,0.1626953131359247,True,False,False,0.0005679801784186282,COMPLETE
827,0.5389309167861939,2025-04-08 16:23:45.617035,2025-04-08 16:24:22.613020,0 days 00:00:36.995985,0.06493383232357704,0.5146981544673619,2,0.2585961408229985,0.09412235255119818,0.06796660359138494,0.05014550649108962,0.07374575042499719,0.07643012643842836,0.018862762357428814,5,61,0.024764854729808845,0.15596889561536226,True,False,False,0.00023133732744943093,COMPLETE
828,0.2519865453243256,2025-04-08 16:24:22.883392,2025-04-08 16:24:56.590901,0 days 00:00:33.707509,0.03549193910014298,0.5289663064637947,2,0.24949126141037403,0.07675741833493074,0.06464974932967392,0.049664882324319704,0.07495241990697532,0.07649281214462139,0.016242224479834845,5,70,0.024757380758661133,0.15573713442614595,True,False,True,0.00019656771349424535,COMPLETE
829,0.533929991722107,2025-04-08 16:24:56.862109,2025-04-08 16:25:34.083931,0 days 00:00:37.221822,0.0690054399922411,0.5541281359897181,2,0.2481653477672509,0.09283867986781925,0.06649117031238003,0.04533802902125916,0.07272481726807331,0.0738767581492686,0.01656256612481346,5,62,0.023228254343977215,0.1557723678905996,True,False,False,0.00029870193482104735,COMPLETE
830,0.5433890938758851,2025-04-08 16:25:34.337554,2025-04-08 16:26:11.889728,0 days 00:00:37.552174,0.09683451119564805,0.5285861508769691,2,0.245969823334626,0.08560492138080612,0.06856563258212761,0.04421821098759856,0.0740945586925072,0.07446326432147525,0.018049166413924313,5,59,0.023377570908486477,0.15541845980311136,True,False,False,0.00022939422376810147,COMPLETE
831,0.5271512269973755,2025-04-08 16:26:12.156935,2025-04-08 16:26:49.530403,0 days 00:00:37.373468,0.09725030540121088,0.5547959046968188,2,0.260538429208335,0.09239802841644011,0.06637796939073672,0.048135926407421606,0.07364009568444374,0.0741545021831298,0.020650342160634348,5,62,0.024225189961214647,0.15416521464438554,True,False,False,0.0002210162690780377,COMPLETE
832,0.5185564875602722,2025-04-08 16:26:49.806597,2025-04-08 16:27:27.791324,0 days 00:00:37.984727,0.062362941887527217,0.5533899315446079,2,0.2447180476804302,0.08510368481519287,0.06801576799503609,0.045531877839104576,0.0734103582621968,0.07406869921182792,0.020530478943309782,5,62,0.023995523076309245,0.1560580085601685,True,False,False,0.00023690280249904783,COMPLETE
833,0.5219148635864258,2025-04-08 16:27:28.045845,2025-04-08 16:28:05.186220,0 days 00:00:37.140375,0.06817670010254949,0.5702753270960961,2,0.2553132552670365,0.09094459179771666,0.06302435851951856,0.04349901876213857,0.07371343846654306,0.07483010736817627,0.01850356491294107,5,61,0.026714897283105447,0.1529540459294253,True,False,False,0.0001714916064134405,COMPLETE
834,0.508920419216156,2025-04-08 16:28:05.454717,2025-04-08 16:28:42.662466,0 days 00:00:37.207749,0.07165240105820656,0.538043580954327,2,0.23775842325134122,0.07828939037710037,0.06683687740000747,0.04641867226391123,0.07746888014911339,0.07407463746303203,0.023865500363868027,5,69,0.024271163163116748,0.1530154370383246,True,False,False,0.00025242514005859804,COMPLETE
835,0.5087044715881348,2025-04-08 16:28:42.934652,2025-04-08 16:29:20.477896,0 days 00:00:37.543244,0.0996397475969083,0.5870409429485819,2,0.24233554188717057,0.0943242557136233,0.0645475055784838,0.04533141695514684,0.07215733722694016,0.07650335241378907,0.02255462977179228,5,65,0.023826848080175055,0.15548213490202364,True,False,False,0.0003031116520125524,COMPLETE
836,0.5168476700782776,2025-04-08 16:29:20.734530,2025-04-08 16:29:57.789712,0 days 00:00:37.055182,0.012312713776257353,0.524157283848362,2,0.2336407270706628,0.08850594358753576,0.067118303849143,0.048155170165139004,0.07004804505070006,0.0742113321593925,0.017675435171835105,5,62,0.025844346847657736,0.15898246551227646,True,False,False,0.00020321179194907665,COMPLETE
837,0.5267896533012391,2025-04-08 16:29:58.056656,2025-04-08 16:30:35.361935,0 days 00:00:37.305279,0.1059804165652321,0.5471695257802784,2,0.24701785391765368,0.09467566314310724,0.06850108351721468,0.05097658596477455,0.07421693407171995,0.07653178421139412,0.013167914663229726,5,58,0.02685522444358245,0.1534359734893735,True,False,False,0.0001094483280690999,COMPLETE
838,0.5317660093307496,2025-04-08 16:30:35.633523,2025-04-08 16:31:13.210839,0 days 00:00:37.577316,0.10959474774119154,0.5515368524672235,2,0.23532413919375267,0.08237748219938286,0.06892628231691696,0.04902014288137505,0.07984934382174322,0.0759881819352568,0.012928675058268242,5,61,0.027210536426285716,0.15196180410956428,True,False,False,0.00014918108934839703,COMPLETE
839,0.521152663230896,2025-04-08 16:31:13.468562,2025-04-08 16:31:50.448174,0 days 00:00:36.979612,0.08246600693798051,0.526332944988697,2,0.2407226617808333,0.08589460689384497,0.06941925704863217,0.04390358648286987,0.07950833038837644,0.07427923732478636,0.016148357328120356,5,61,0.024408993527654577,0.1540456198980151,True,False,False,0.00015545327860371803,COMPLETE
840,0.5309690237045288,2025-04-08 16:31:50.717763,2025-04-08 16:32:28.243726,0 days 00:00:37.525963,0.055903113287166746,0.5644830615488198,2,0.24755744217344625,0.08175107563243086,0.06771546339459233,0.04723856211568766,0.07661031663195132,0.07629262897775878,0.012701321092985315,5,65,0.02634360370965249,0.15008278728999666,True,False,False,0.00021227261585769915,COMPLETE
841,0.22025129795074466,2025-04-08 16:32:28.514532,2025-04-08 16:33:05.542246,0 days 00:00:37.027714,0.047568966479888536,0.5792844492399398,2,0.24210926130908855,0.07548777212837063,0.06573185160902621,0.041567579325079825,0.07651071781405556,0.07652808568478592,0.012488983456050578,5,67,0.026982200541212205,0.1507656551661004,False,False,False,0.00024176914217234234,COMPLETE
842,0.5407292723655701,2025-04-08 16:33:05.815883,2025-04-08 16:33:43.974131,0 days 00:00:38.158248,0.11799808851410926,0.5614096199582888,2,0.24973263106445873,0.0821761156656908,0.06901177686701979,0.04710132976530483,0.08279263145782798,0.07351942946032404,0.020093121106312315,5,65,0.026532986474911237,0.15007713157550742,True,False,False,0.00017846132657830513,COMPLETE
843,0.5330436944961549,2025-04-08 16:33:44.233988,2025-04-08 16:34:22.125243,0 days 00:00:37.891255,0.11602765885748842,0.6127165083485661,2,0.24954372896174484,0.08163441137554095,0.06755598420093195,0.045915788399771854,0.08156602958564929,0.07383912780294861,0.027921281648187576,5,65,0.027350536308082964,0.14592824951287067,True,False,False,0.00018606715497871003,COMPLETE
844,0.10079366713762283,2025-04-08 16:34:22.396305,2025-04-08 16:34:54.960392,0 days 00:00:32.564087,0.11850236334850295,0.6234444314638307,2,0.24770539243956644,0.08088337617230176,0.0686259931184681,0.04676346012291963,0.08203332545588043,0.0760218239160371,0.026902665481842142,5,65,0.027200069601798844,0.14942418655886333,True,True,False,0.00017721878999830444,COMPLETE
845,0.5222885012626648,2025-04-08 16:34:55.234417,2025-04-08 16:35:32.931219,0 days 00:00:37.696802,0.06237331945110641,0.6084630761549761,2,0.24830632305590675,0.07776065161394972,0.07059239147892393,0.04353030404077674,0.0814904928188922,0.07350633020920984,0.017868041449493912,5,71,0.026868149229697182,0.14669398007516798,True,False,False,0.00014170528254678306,COMPLETE
846,0.4880346179008484,2025-04-08 16:35:33.190078,2025-04-08 16:36:10.889748,0 days 00:00:37.699670,0.1378987927307419,0.5651831875429969,2,0.249403969732212,0.070276835306912,0.06467590481360486,0.046140477548607575,0.07944957871311596,0.07524482739387232,0.03179148909454551,5,67,0.02691746469935155,0.14555774818204767,True,False,False,0.00026415773863785953,COMPLETE
847,0.49274559020996095,2025-04-08 16:36:11.163035,2025-04-08 16:36:52.040450,0 days 00:00:40.877415,0.15521645856041508,0.5073070462642925,2,0.23567332081148384,0.07983475682896535,0.06809400282724302,0.04972467445920415,0.06945954102325574,0.07668928830515728,0.01451776471057486,6,72,0.024921062144826707,0.14866681677317548,True,False,False,0.0001832173417974062,COMPLETE
848,0.13871637880802154,2025-04-08 16:36:52.315185,2025-04-08 16:37:24.968222,0 days 00:00:32.653037,0.11361307906621022,0.5286870003635992,2,0.2446824844911597,0.08478901722585197,0.07055294712126436,0.04059829441862744,0.08366434521278937,0.0737748522653948,0.02021440425438147,5,63,0.0210474269244738,0.1588126168215346,True,False,True,0.00031615005735023086,COMPLETE
849,0.49756897687911994,2025-04-08 16:37:25.228382,2025-04-08 16:38:05.877099,0 days 00:00:40.648717,0.08388190833961529,0.5049637051322372,2,0.22952009794564526,0.08651882494023322,0.06297923147054961,0.048962830140150085,0.0838695783896559,0.07794812267992822,0.014996572243913351,6,58,0.027102760612804592,0.15353009334517245,True,False,False,0.00022111578929092388,COMPLETE
850,0.5096145868301392,2025-04-08 16:38:06.150089,2025-04-08 16:38:43.857961,0 days 00:00:37.707872,0.12464829364850982,0.49159026838832526,2,0.2519992486352383,0.07197228727533336,0.06778411624115682,0.04580091743402261,0.07666284449583173,0.07579075434311908,0.013138712213825551,5,65,0.025303332688058906,0.16011454204893202,True,False,False,0.00011505912120537627,COMPLETE
851,0.5211857914924622,2025-04-08 16:38:44.137582,2025-04-08 16:39:21.863204,0 days 00:00:37.725622,0.14308729185022878,0.5457721403135031,2,0.239448501618421,0.09441005378286876,0.07084261070287028,0.044418833476827874,0.07242360770218402,0.0731357230426898,0.012132040874764646,5,60,0.022654938929104664,0.1505221609566999,True,False,False,0.00032292923683557227,COMPLETE
852,0.47921957373619084,2025-04-08 16:39:22.125158,2025-04-08 16:40:02.934576,0 days 00:00:40.809418,0.04476080211814684,0.5692734980548089,2,0.24787157751581718,0.08322043524789098,0.06548563544644152,0.05016032462873001,0.07879283659058528,0.07857323325805486,0.024057057597322896,6,58,0.0256390626460688,0.15908425700968742,True,False,False,0.0003972142708692136,COMPLETE
853,0.5193676471710205,2025-04-08 16:40:03.208765,2025-04-08 16:40:41.261381,0 days 00:00:38.052616,0.10609787418435374,0.49071697443833623,2,0.25329197995980457,0.08992851357740543,0.06925045812088494,0.04817541461878874,0.0763010557226812,0.08133489144913536,0.016085772859816706,5,69,0.020421865833352093,0.1461239793735179,True,False,False,0.0001573684810687018,COMPLETE
