number,value,datetime_start,datetime_complete,duration,params_alpha-eval,params_alpha-train,params_batch-size,params_eps-eval,params_eps-train,params_lambda-actions-eval,params_lambda-actions-train,params_lambda-frames-eval,params_lambda-frames-train,params_learning-rate,params_n-epochs,params_n-frames,params_radius-gw,params_rho,params_std-feats,params_ub-actions,params_ub-frames,params_weight-decay,state
1880,0.37074250578880313,2025-04-09 03:46:36.060560,2025-04-09 03:47:13.539802,0 days 00:00:37.479242,0.10701804240516298,0.29067329820118415,2,0.27599954450088293,0.1563845994532894,0.04104610069984823,0.04389262983450236,0.0892202512347972,0.08028494486055018,0.05100865684676255,5,50,0.019841712674451943,0.032289652942373244,True,False,False,1.3347490704343984e-05,COMPLETE
1881,0.5049037337303162,2025-04-09 03:47:14.143746,2025-04-09 03:47:54.511425,0 days 00:00:40.367679,0.035985787549467005,0.3164842440103084,2,0.26445219369844275,0.16784173289188795,0.021353930067562227,0.05039778740889015,0.09208273583915945,0.08230686399405546,0.07606314192289648,6,56,0.018021846627165147,0.01487835453985031,True,False,False,9.753703084415776e-06,COMPLETE
1882,0.5251128196716309,2025-04-09 03:47:55.135900,2025-04-09 03:48:32.867473,0 days 00:00:37.731573,0.08253820976940024,0.3165182048339328,2,0.2642613134594535,0.14914124996419334,0.0388170231834607,0.0469249373210093,0.09447046376809518,0.0791823867469256,0.039935449604991645,5,58,0.020414501630450818,0.02317871209067756,True,False,False,2.0264101622852516e-05,COMPLETE
1883,0.5141766667366028,2025-04-09 03:48:33.469849,2025-04-09 03:49:13.586203,0 days 00:00:40.116354,0.0999212170266316,0.28833024261003903,2,0.2763815264460366,0.14268567131630347,0.020654729460770183,0.04375455386662135,0.09687230484331905,0.07954812645094134,0.05428089611569694,6,59,0.0169844975185871,0.034510986741053074,True,False,False,1.5935291707199817e-05,COMPLETE
1884,0.5405003070831299,2025-04-09 03:49:14.210016,2025-04-09 03:49:52.177921,0 days 00:00:37.967905,0.10944159592719424,0.3271555778202361,2,0.27008011738012205,0.15806311555812644,0.02806306458608463,0.050023299082710776,0.09215814140771125,0.08285295096561475,0.06834380552581,5,60,0.019770051882094956,0.010447507958997085,True,False,False,2.056036285716151e-05,COMPLETE
1885,0.3756041705608368,2025-04-09 03:49:52.779139,2025-04-09 03:50:30.588642,0 days 00:00:37.809503,0.06111204331707395,0.34234155635801183,2,0.26422100871119353,0.1515414814628488,0.02311472226517836,0.02994201800715752,0.08632972258524561,0.08502797723902103,0.09797952982611159,5,61,0.015175283258229172,0.027939823948110464,True,False,False,1.1679896655125323e-05,COMPLETE
1886,0.21372634172439575,2025-04-09 03:50:31.184410,2025-04-09 03:51:11.609851,0 days 00:00:40.425441,0.09179940147511267,0.3281131535381077,2,0.2628215791594099,0.16501199711592185,0.024532684562943254,0.047521627292810904,0.09813216113961462,0.08115813400436227,0.047896565890349345,6,58,0.02045658781126786,0.017204647885343816,False,False,False,1.586048659631511e-05,COMPLETE
1887,0.3636522471904755,2025-04-09 03:51:12.228010,2025-04-09 03:51:49.800616,0 days 00:00:37.572606,0.11095765700321697,0.3272996677358229,2,0.27096249857228666,0.24473595334846207,0.04286651280618466,0.045415137075037304,0.09561578182347716,0.08190947703497486,0.03743340549466708,5,54,0.013199283339316002,0.03432073293270307,True,False,False,2.152756354831468e-05,COMPLETE
1888,0.5058411836624146,2025-04-09 03:51:50.431587,2025-04-09 03:52:31.062480,0 days 00:00:40.630893,0.07347411415930208,0.28916501678395945,2,0.2617454026713781,0.17564978850242555,0.022342161447522692,0.027552988644959434,0.0896210111983844,0.07900739829465071,0.06010153019839954,6,62,0.018219956639044528,0.020555749718107155,True,False,False,1.3926904571650311e-05,COMPLETE
1889,0.5387201189994812,2025-04-09 03:52:31.663231,2025-04-09 03:53:09.135215,0 days 00:00:37.471984,0.11394818076266659,0.3355223712308158,2,0.26874158462558034,0.13326169461653287,0.025339997468797372,0.04369706691104405,0.09443899201206075,0.08563805506762821,0.045676769720806795,5,59,0.020667069588097213,0.10609052625277224,True,False,False,4.914948392531349e-06,COMPLETE
1890,0.3707487046718598,2025-04-09 03:53:09.762442,2025-04-09 03:53:47.293821,0 days 00:00:37.531379,0.046160852998996846,0.3030367352470285,2,0.2634573800132468,0.13910364209823875,0.018627852015555765,0.04901394521432144,0.09786584391968205,0.08283185379427788,0.05436155605753426,5,52,0.01608053879816,0.02802185013854643,True,False,False,2.2041597550050607e-05,COMPLETE
1891,0.09236192405223846,2025-04-09 03:53:47.892113,2025-04-09 03:54:23.247052,0 days 00:00:35.354939,0.08752778976797786,0.3439284051578689,2,0.2601806865410616,0.14897927777054473,0.04361814456263614,0.043319507081868824,0.09230986598926638,0.08602284704188835,0.08425355721523027,6,60,0.018542960723590754,0.012895851895218396,True,True,False,2.4619432843832526e-05,COMPLETE
1892,0.5515835881233215,2025-04-09 03:54:23.869091,2025-04-09 03:55:01.456516,0 days 00:00:37.587425,0.11159026148108216,0.3500857637104073,2,0.2762997406180725,0.15546861679412066,0.02355974211918065,0.03127950929678704,0.0875924721082006,0.07905589012102089,0.03763497489155517,5,63,0.020902217237581257,0.036954005746453696,True,False,False,1.7793690531181556e-05,COMPLETE
1893,0.4923315286636353,2025-04-09 03:55:02.087575,2025-04-09 03:55:45.984759,0 days 00:00:43.897184,0.07573699147571862,0.34848394285989653,2,0.27552378458066923,0.14749362608765287,0.02040501675536388,0.030006783654754135,0.08621015656497062,0.07844774892522667,0.03078240950322601,7,56,0.018685212062626244,0.02941936215405099,True,False,False,1.0683965717966955e-05,COMPLETE
1894,0.0979989066720009,2025-04-09 03:55:46.590135,2025-04-09 03:56:19.949839,0 days 00:00:33.359704,0.09963286671162777,0.3249605706647985,2,0.2799646580629683,0.15357124692008414,0.04021548341908542,0.025973625307490762,0.08641274214539628,0.09831775632403868,0.037021115856835256,5,62,0.015905382924887527,0.023634798874095846,True,False,True,7.940507568096364e-06,COMPLETE
1895,0.5240751504898071,2025-04-09 03:56:20.580947,2025-04-09 03:57:01.284892,0 days 00:00:40.703945,0.061851667406546705,0.3119291063187619,2,0.2748853474750202,0.14432374147371604,0.022666575518563194,0.029165566985250888,0.08666211929407273,0.07851545758775402,0.03485502603875078,6,57,0.019932435239265044,0.035101579929941104,True,False,False,1.4243729431832279e-05,COMPLETE
1896,0.36093416810035706,2025-04-09 03:57:01.890201,2025-04-09 03:57:40.773943,0 days 00:00:38.883742,0.0856787252387625,0.34493716828224863,2,0.2780509885121708,0.15564798354884143,0.023864350162286798,0.026713658693357758,0.08621781231431118,0.0956195341209762,0.025074318582053196,5,121,0.0178282127832329,0.02970910149952351,True,False,False,1.6946795912916374e-05,COMPLETE
1897,0.5298340559005738,2025-04-09 03:57:41.397996,2025-04-09 03:58:18.799946,0 days 00:00:37.401950,0.10242682716991834,0.3340970779977069,2,0.27766976233463336,0.14148057178921203,0.025665812405144647,0.03125068452938254,0.0875641104727074,0.08679915971255485,0.06999688257092362,5,62,0.02047762307091267,0.02381157785401604,True,False,False,1.2472653855636086e-05,COMPLETE
1898,0.3773764252662659,2025-04-09 03:58:19.401111,2025-04-09 03:59:00.085120,0 days 00:00:40.684009,0.05028792981624234,0.3525595363446305,2,0.26033334046746714,0.15211975474867084,0.026857591232060468,0.030296959778983747,0.0881914314336845,0.09358195413519368,0.046716664679617485,6,50,0.017369674679596235,0.03634723897640694,True,False,False,2.2949008758168077e-05,COMPLETE
1899,0.36060139536857605,2025-04-09 03:59:00.712439,2025-04-09 03:59:38.607714,0 days 00:00:37.895275,0.1138014099607779,0.317713122626278,2,0.27268941031147137,0.14807101822321064,0.02575627359766631,0.03128379739589658,0.08900352101097558,0.07912214802948285,0.05924669079768009,5,59,0.014171190720448234,0.019481234331712855,True,False,False,1.6967408311415693e-05,COMPLETE
1900,0.48718398809432983,2025-04-09 03:59:39.236794,2025-04-09 04:00:03.840875,0 days 00:00:24.604081,0.08265743899289306,0.2925135096047558,16,0.27760497691289765,0.15786894331645185,0.02636197193439871,0.028920299446239923,0.09774922480462388,0.08750877255333518,0.039954338364032754,13,62,0.020821246776397552,0.03103589872313607,True,False,False,2.415805214137831e-05,COMPLETE
1901,0.5179582476615906,2025-04-09 04:00:04.444424,2025-04-09 04:00:44.780984,0 days 00:00:40.336560,0.11528276114668873,0.3371964828749973,2,0.2677112649308869,0.13762780809511768,0.023505700217216177,0.027260488611230694,0.09990024451850843,0.09707939979362289,0.04800440175541815,6,55,0.018957156421410888,0.01647955152060551,True,False,False,9.861467374838735e-06,COMPLETE
1902,0.3749050557613373,2025-04-09 04:00:45.411039,2025-04-09 04:01:22.935612,0 days 00:00:37.524573,0.0990150799735568,0.35131424821514157,2,0.2712229761158205,0.14502755077750432,0.020579883818498197,0.028452068085939995,0.08804393635570759,0.09131233635246067,0.03118581229799376,5,58,0.01631423144560255,0.02568815071693887,True,False,False,1.885606735804133e-05,COMPLETE
1903,0.5512185215950013,2025-04-09 04:01:23.539877,2025-04-09 04:02:00.895715,0 days 00:00:37.355838,0.06884723214003498,0.3197451197310268,2,0.2597241783533462,0.15543551301516167,0.022049444496916832,0.03008996590731486,0.09622041172447854,0.08474087514433779,0.0674014069548544,5,63,0.021153963451287963,0.03639157911051739,True,False,False,1.3709634164476996e-05,COMPLETE
1904,0.2672082364559174,2025-04-09 04:02:01.523587,2025-04-09 04:02:42.076524,0 days 00:00:40.552937,0.05174814587957888,0.30919454238145677,2,0.2693741958188098,0.15888193903313919,0.021097432947357105,0.026144576521904314,0.09030892051025477,0.07931895010053272,2.0869454441083115e-05,6,60,0.02137655923833413,0.03677814746644675,True,False,False,1.1582041794313927e-05,COMPLETE
1905,0.5588725090026856,2025-04-09 04:02:42.708581,2025-04-09 04:03:20.018411,0 days 00:00:37.309830,0.03086090659858317,0.30334866066012167,2,0.0489623577330823,0.15353926188087288,0.0200614117416608,0.029097730386088372,0.0858039880317928,0.08163578758312327,0.06848967087046427,5,64,0.01933355932606437,0.03808639057636275,True,False,False,8.774121905300046e-06,COMPLETE
1906,0.520797085762024,2025-04-09 04:03:20.628610,2025-04-09 04:03:57.937634,0 days 00:00:37.309024,0.03312330001827188,0.2973690661459626,2,0.030124989408020872,0.15036369867481927,0.01917029096143878,0.02676819261901449,0.08966588744715438,0.0795240460352528,0.09727964447421684,5,57,0.018160841224077802,0.038338652608231466,True,False,False,5.426057986071051e-06,COMPLETE
1907,0.2135360360145569,2025-04-09 04:03:58.572379,2025-04-09 04:04:38.479939,0 days 00:00:39.907560,0.023435670236263,0.28390290391747963,2,0.13694860141524795,0.15190284623978098,0.017591426528944604,0.030837630334955294,0.08542970540034725,0.08082282862043108,0.07960996080933075,6,53,0.019626755251488444,0.039558298977757686,False,False,False,7.60036695202935e-06,COMPLETE
1908,0.5019596576690675,2025-04-09 04:04:39.094745,2025-04-09 04:05:17.247867,0 days 00:00:38.153122,0.033308481749339564,0.28670941686899754,2,0.16167108222560173,0.14446086853158513,0.01860781449761238,0.025912422926625867,0.08492999315993956,0.08155025978964389,0.0847835815817615,5,62,0.01701380007712266,0.03372043419616877,True,False,False,7.425219743752125e-06,COMPLETE
1909,0.09266622662544251,2025-04-09 04:05:17.880825,2025-04-09 04:05:56.209159,0 days 00:00:38.328334,0.03593699126490528,0.31477755177609507,2,0.2739275056171256,0.15500199479515933,0.020108560005263936,0.028932695178549434,0.0872732833876923,0.07959071661657457,0.08728158082629656,7,59,0.021544396637606593,0.04008369803853371,True,True,False,9.787597133760429e-06,COMPLETE
1910,0.5039157390594483,2025-04-09 04:05:56.826019,2025-04-09 04:06:37.909541,0 days 00:00:41.083522,0.037388348031807905,0.2939107739574804,2,0.08797598910885915,0.14822978773978032,0.023405535160990035,0.02656748315959075,0.08659091831502651,0.0816650483061323,0.0842787291125745,6,62,0.02172986714111457,0.007394654529118048,True,False,False,7.424170643521607e-06,COMPLETE
1911,0.3725106418132782,2025-04-09 04:06:38.544609,2025-04-09 04:07:16.152768,0 days 00:00:37.608159,0.04477740048061181,0.295062909529044,2,0.04905291866789829,0.14203683584632149,0.02041382496500878,0.028867396944009364,0.0858973686210654,0.07930650514999392,0.073648470158758,5,57,0.014394947803769008,0.032336147393419896,True,False,False,5.495915323822326e-06,COMPLETE
1912,0.5094405293464661,2025-04-09 04:07:16.767961,2025-04-09 04:07:54.067228,0 days 00:00:37.299267,0.045198227907600655,0.32353322022025527,2,0.058561645803842245,0.1532889500541309,0.022785840134366426,0.026487018010765695,0.08566619232848173,0.03729419312385233,0.07244003844726676,5,63,0.018995773760250467,0.03813666738040626,True,False,False,5.780531623816992e-06,COMPLETE
1913,0.3067339241504669,2025-04-09 04:07:54.707177,2025-04-09 04:08:30.739934,0 days 00:00:36.032757,0.017853061886566844,0.32030684100114226,2,0.0405438531039385,0.14984259645792136,0.020567872121053626,0.028702971659299106,0.017350892142423323,0.08234234008516216,0.08599541978869692,6,60,0.021430607543697192,0.011669455723264093,True,False,True,6.509880223584796e-06,COMPLETE
1914,0.5236656546592713,2025-04-09 04:08:31.353172,2025-04-09 04:10:08.823936,0 days 00:01:37.470764,0.025639551157574735,0.29380914449579154,2,0.026262206711016093,0.1328797553907094,0.018106608565157736,0.027511049338202368,0.0852158697652357,0.08250689459505792,0.06893611591548784,24,64,0.016828592678770418,0.03126639737585325,True,False,False,8.962822138052093e-06,COMPLETE
1915,0.5477157592773438,2025-04-09 04:10:09.460167,2025-04-09 04:10:46.650691,0 days 00:00:37.190524,0.05297169532856841,0.2813455646054842,2,0.0946383915349196,0.15592789346393482,0.022790296537967925,0.02885936850935301,0.08697144618522235,0.07868263744304105,0.09623919381348435,5,55,0.019617998641064085,0.04030080754687616,True,False,False,8.83964436288923e-06,COMPLETE
1916,0.3663659453392029,2025-04-09 04:10:47.267426,2025-04-09 04:11:25.017660,0 days 00:00:37.750234,0.02923015411623773,0.28417814545505604,2,0.055155513290179516,0.14181758552644536,0.021436454564590108,0.031235821035262287,0.0876957497048139,0.07934198987228609,0.09606421706685596,5,50,0.01239945239539491,0.039156863655169426,True,False,False,6.386418690075592e-06,COMPLETE
1917,0.36674214601516725,2025-04-09 04:11:25.660437,2025-04-09 04:12:03.227635,0 days 00:00:37.567198,0.027438741748720713,0.30886538558091114,2,0.07220305095033995,0.1557333774405928,0.021552075223921295,0.027474814846042066,0.08562319176214425,0.08042877102895692,0.09767752155517573,5,49,0.016191072092025645,0.039203993268125965,True,False,False,8.422269199506035e-06,COMPLETE
1918,0.37590516805648805,2025-04-09 04:12:03.843330,2025-04-09 04:12:44.385074,0 days 00:00:40.541744,0.03980502011021239,0.27890430463516913,2,0.0769648658615871,0.14839246287995891,0.02227920988754117,0.024093512631648238,0.08593316546970664,0.07827367405211103,0.08625800550458854,6,51,0.01786736177256802,0.04220625016614506,True,False,False,7.78872046553138e-06,COMPLETE
1919,0.3736883938312531,2025-04-09 04:12:45.023658,2025-04-09 04:13:22.991647,0 days 00:00:37.967989,0.0412389350589368,0.2756619185758589,2,0.042298934588179474,0.15945232487310948,0.022500667555533493,0.029353155777077432,0.08683416999770464,0.07881183449971699,0.097072097695375,5,52,0.015006696169822824,0.035759520093811656,True,False,False,6.450518040971908e-06,COMPLETE
1920,0.3866884112358094,2025-04-09 04:13:23.605170,2025-04-09 04:14:30.237061,0 days 00:01:06.631891,0.04119221847664994,0.277704198546666,2,0.03409656033187537,0.13970717939036803,0.0237667642331841,0.029966765440726746,0.08775892282096041,0.07959302818249538,0.08518871800066012,14,53,0.01881097254088152,0.0414939683913272,True,False,False,8.593528771425072e-06,COMPLETE
1921,0.35472811460494996,2025-04-09 04:14:30.874019,2025-04-09 04:14:50.668286,0 days 00:00:19.794267,0.02116628077481978,0.28712919035950263,16,0.07954387035857516,0.1466340088678394,0.019450454303650812,0.027757996439845434,0.08520209573093337,0.08052425717188699,0.08216772921588487,5,55,0.016529898485585285,0.0389566347476096,True,False,False,4.831452256017157e-06,COMPLETE
1922,0.4732207238674164,2025-04-09 04:14:51.282453,2025-04-09 04:15:31.944289,0 days 00:00:40.661836,0.049206606025765987,0.2996305883358688,2,0.08522455368445045,0.15371156961938148,0.024644942768248974,0.02929991107165838,0.0855459538051662,0.07788833225673603,0.09875659310898759,6,53,0.01907713503108828,0.042531593345009215,True,False,False,6.864522604540382e-06,COMPLETE
1923,0.3809444189071655,2025-04-09 04:15:32.585841,2025-04-09 04:16:13.553298,0 days 00:00:40.967457,0.03389997206236357,0.2893576656959136,2,0.020834839391424914,0.1595171225247822,0.021624561370367855,0.026201364513227663,0.08702560988427117,0.07868025735234362,0.09200326364021248,6,55,0.014806898833867838,0.03436858155980432,True,False,False,1.3378536801665767e-05,COMPLETE
1924,0.5269351124763488,2025-04-09 04:16:14.170101,2025-04-09 04:16:57.630489,0 days 00:00:43.460388,0.052355415119349505,0.3073914668747635,2,0.012368736245500035,0.14777729138704726,0.017585682028869266,0.027918367346480472,0.08834074298239945,0.07818391494287188,0.07423981210050334,7,54,0.07397942537359581,0.04439753753290844,True,False,False,8.049873830853959e-06,COMPLETE
1925,0.238702654838562,2025-04-09 04:16:58.263633,2025-04-09 04:17:35.396727,0 days 00:00:37.133094,0.06398933704825296,0.28661429533766347,2,0.09476733400599224,0.21503851837460522,0.020008199503505755,0.029297956524212937,0.08795830937363161,0.08091600455957518,0.09828725926840744,5,55,0.019924840313680605,0.03611034628373158,False,False,False,3.7513813255871307e-06,COMPLETE
1926,0.37713600397109986,2025-04-09 04:17:36.039634,2025-04-09 04:18:13.682652,0 days 00:00:37.643018,0.029431298313606635,0.3068116050725293,2,0.11260484273817585,0.1356251683849214,0.02336067668182904,0.024246842945262408,0.08793755463557068,0.0812894904578553,0.09929424564743962,5,49,0.01761777893754354,0.03188508229068064,True,False,False,9.097215478499033e-06,COMPLETE
1927,0.36098401546478276,2025-04-09 04:18:14.298252,2025-04-09 04:18:55.141006,0 days 00:00:40.842754,0.04835486064592759,0.30566670307244315,2,0.09836132507375786,0.15446156332961927,0.024515681871113467,0.030840850923877453,0.08574134586935858,0.08187061669361284,0.00014101602720801944,6,52,0.017833050145436635,0.042899358263333506,True,False,False,1.1264951824643021e-05,COMPLETE
1928,0.3906587302684784,2025-04-09 04:18:55.783648,2025-04-09 04:19:33.218395,0 days 00:00:37.434747,0.05544615066779745,0.3065290744854118,2,0.18842094784001948,0.14329060326978055,0.026922432007618204,0.025377137737961707,0.0844538189372317,0.07828266368924013,0.0777629680510365,5,56,0.013075250008570627,0.03856538252608005,True,False,False,9.720822192967135e-06,COMPLETE
1929,0.13336924463510513,2025-04-09 04:19:33.832665,2025-04-09 04:20:09.487956,0 days 00:00:35.655291,0.0274685455789695,0.28494895519448454,2,0.27195397641684776,0.1599382043345836,0.019615397696454387,0.024196018253873974,0.08876019254975344,0.07826134278260327,0.07796981700620961,6,49,0.020241503080097582,0.033357422468241,True,True,False,1.0270748696769256e-05,COMPLETE
1930,0.5489646434783936,2025-04-09 04:20:10.127691,2025-04-09 04:21:35.414680,0 days 00:01:25.286989,0.04973292645414002,0.28375674385038846,2,0.14104550577449582,0.12776198429952046,0.016576508490106466,0.027838825097476302,0.08755057562096775,0.08264418359167332,0.06372653048064056,20,58,0.01971055505991413,0.04072089508578272,True,False,False,6.704145274833856e-06,COMPLETE
1931,0.36221194863319395,2025-04-09 04:21:36.029406,2025-04-09 04:22:13.332189,0 days 00:00:37.302783,0.02531699007332093,0.280390854491962,2,0.06532306061654575,0.13150523087077157,0.017543046060207595,0.029082237693773483,0.08601631134835155,0.08291401192437832,0.08611755282895023,5,50,0.01706721150595792,0.0361980305393833,True,False,False,5.454333152387033e-06,COMPLETE
1932,0.1081735223531723,2025-04-09 04:22:13.964426,2025-04-09 04:23:17.566861,0 days 00:01:03.602435,0.01071610312447728,0.2791524015027924,2,0.2607760465531152,0.13808888886642537,0.01759652860158263,0.02306347011877546,0.08673662005155022,0.08250648379534255,0.07819270091588197,16,54,0.014014270210500885,0.0458111911919907,True,False,True,8.150262310770811e-06,COMPLETE
1933,0.3680051743984223,2025-04-09 04:23:18.207715,2025-04-09 04:24:37.452258,0 days 00:01:19.244543,0.051844327244580865,0.2754781228960913,2,0.10879091161199231,0.1336796622621976,0.018801691629364126,0.024238001343633027,0.0853172469306834,0.08077111898817714,0.07032289509528439,18,52,0.01548200446496914,0.042221862179192333,True,False,False,4.690904045576179e-06,COMPLETE
1934,0.5164977312088013,2025-04-09 04:24:38.067600,2025-04-09 04:26:06.487512,0 days 00:01:28.419912,0.0509609124527416,0.2933138495732846,2,0.1700735207191208,0.13200030130511706,0.01752827478737759,0.028961274027915287,0.08771836306030466,0.08362966984767156,0.06976491106518008,21,55,0.018786792973418783,0.04325917702588985,True,False,False,5.75056885229925e-06,COMPLETE
1935,0.3764499068260193,2025-04-09 04:26:07.126419,2025-04-09 04:26:47.723073,0 days 00:00:40.596654,0.039785057514283816,0.27417834101088806,2,0.10101949150906345,0.13770661086296662,0.02157024036269595,0.025470986004852317,0.08436536298708017,0.08379814034405508,0.07454619970508689,6,56,0.016370272402595015,0.042211213236654284,True,False,False,5.754078558231652e-06,COMPLETE
1936,0.5102598071098328,2025-04-09 04:26:48.367149,2025-04-09 04:28:11.172575,0 days 00:01:22.805426,0.02838771511383708,0.2936566454159558,2,0.12814431113746308,0.12277084881280467,0.02288020445965859,0.02427268257077462,0.08565510476897761,0.08330106668582618,0.08523217215279741,19,57,0.019224700762515916,0.04672354671624,True,False,False,7.30212560505678e-06,COMPLETE
