number,value,datetime_start,datetime_complete,duration,params_alpha-eval,params_alpha-train,params_batch-size,params_eps-eval,params_eps-train,params_lambda-actions-eval,params_lambda-actions-train,params_lambda-frames-eval,params_lambda-frames-train,params_learning-rate,params_n-epochs,params_n-frames,params_radius-gw,params_rho,params_std-feats,params_ub-actions,params_ub-frames,params_weight-decay,state
170,0.3643736481666565,2025-04-08 10:13:23.306405,2025-04-08 10:13:47.783051,0 days 00:00:24.476646,0.5926336275675688,0.3328411832259044,8,0.2791240285860829,0.014124102229705837,0.09971763919684412,0.015152833725183643,0.03196572585366666,0.0592987317580832,0.0025756183747857888,8,21,0.03392788282324156,0.11301485554426706,True,False,False,8.559861199209311e-08,COMPLETE
171,0.5092746138572692,2025-04-08 10:13:47.837260,2025-04-08 10:14:13.533139,0 days 00:00:25.695879,0.5259530122589653,0.2559418909077489,8,0.2742568096876815,0.02113257765547463,0.09491140474120147,0.0206510532585016,0.029953975206392862,0.06279438080536275,0.003951145637700963,10,31,0.04045187877272391,0.12468407692790989,True,False,False,1.8345091206288258e-07,COMPLETE
172,0.09188934862613678,2025-04-08 10:14:13.596979,2025-04-08 10:14:37.894010,0 days 00:00:24.297031,0.5319637905396741,0.2552180833781194,8,0.27187520013006394,0.000512767991388649,0.09291097181413957,0.022592568023252067,0.03330712500419722,0.056603257345513476,0.004029527380222022,9,24,0.04068044887710594,0.12591560051441422,True,False,False,1.0140262598272047e-07,COMPLETE
173,0.5040349006652832,2025-04-08 10:14:37.950441,2025-04-08 10:15:03.778677,0 days 00:00:25.828236,0.6258766970646094,0.279156186221994,8,0.2648095774102157,0.018944003580781084,0.0899918350698597,0.020242242165038588,0.037452791330271955,0.06470502639059644,0.0025473634385190427,10,31,0.03450070453259373,0.13855599582026706,True,False,False,1.2471857804985252e-07,COMPLETE
174,0.4926957726478577,2025-04-08 10:15:03.835553,2025-04-08 10:15:29.664362,0 days 00:00:25.828809,0.6065224647339822,0.2833693331689752,8,0.27662818103314835,0.020650944279928522,0.09038526662388126,0.020758760766418825,0.029641694434489205,0.06553287197635228,0.0025810046953942977,10,36,0.034107694309185414,0.1345265344732453,True,False,False,1.2159728395744845e-07,COMPLETE
175,0.3572685539722443,2025-04-08 10:15:29.721214,2025-04-08 10:15:54.059864,0 days 00:00:24.338650,0.5852758070207776,0.26607416161462377,8,0.2648922610671798,0.00958502926245754,0.09473933087961621,0.019380903373305742,0.03730780615901431,0.061911088807367516,0.0029845080655914766,8,32,0.029950929071336334,0.12476438013798011,True,False,False,1.7604848478188097e-07,COMPLETE
176,0.34162873625755313,2025-04-08 10:15:54.116852,2025-04-08 10:16:19.125648,0 days 00:00:25.008796,0.6327917223576737,0.22327804584386238,8,0.2810552185107073,0.01653805607435288,0.0935550545125495,0.015934591739056408,0.026708154262378207,0.06411172794030859,0.004783204088489264,9,27,0.027309896546009904,0.0997893993649257,True,False,False,9.22188912882726e-08,COMPLETE
177,0.3065255105495453,2025-04-08 10:16:19.182728,2025-04-08 10:16:44.658736,0 days 00:00:25.476008,0.5492176644406257,0.3058068564966618,8,0.26756899368460496,0.026732433008288224,0.0901140432808511,0.02307812034104159,0.030029532456893618,0.0604998152397363,0.0031885343746630964,10,34,0.039446917567350505,0.11029681251497708,False,False,False,5.068678604297996e-08,COMPLETE
178,0.10384429395198823,2025-04-08 10:16:44.715696,2025-04-08 10:17:07.669413,0 days 00:00:22.953717,0.5084269880555072,0.2496720744629023,8,0.2744430987319999,0.021780862783427345,0.0917564533120112,0.014065322888481366,0.04010992782693591,0.057098185638267074,0.006651957800902368,10,37,0.03520584559734739,0.13872498454953078,True,True,False,7.73892342397062e-08,COMPLETE
179,0.480161339044571,2025-04-08 10:17:07.726513,2025-04-08 10:17:32.549940,0 days 00:00:24.823427,0.6596636482033904,0.2824064653372759,8,0.26209496072164773,0.030555393965007175,0.08804366956430806,0.019178127998906353,0.03714552513762355,0.06619703128584989,0.0020701280168394236,9,24,0.04223541705522253,0.14873473388919797,True,False,False,1.428266749587821e-07,COMPLETE
180,0.5113113760948181,2025-04-08 10:17:32.607184,2025-04-08 10:17:58.414141,0 days 00:00:25.806957,0.4557504556449266,0.31766623385041526,8,0.2859023743076066,0.012668320995355408,0.09589466304227305,0.0159388624965742,0.03574835998754044,0.04899683852016858,0.0044517308700207795,10,31,0.037355284285988645,0.163465735160661,True,False,False,1.9056991212386453e-07,COMPLETE
181,0.09188934862613678,2025-04-08 10:17:58.482184,2025-04-08 10:18:23.810244,0 days 00:00:25.328060,0.5497481518712592,0.32004295448553854,8,0.28487563605898825,0.0076548371239499695,0.09564105240160672,0.016272555688195176,0.033923921269925,0.06331733709602114,0.004410882460437655,10,31,0.036735394931264924,0.12499251904633109,True,False,False,1.9911535320259896e-07,COMPLETE
182,0.49030593633651737,2025-04-08 10:18:23.869985,2025-04-08 10:18:48.793297,0 days 00:00:24.923312,0.46017276038502275,0.34464827673292914,8,0.2700897573985463,0.017170312924716866,0.09289961996773258,0.01381513062376606,0.03521460144309866,0.045338924675679834,0.006623147055098311,9,27,0.04016301023620323,0.16173180644191684,True,False,False,9.252390233313282e-08,COMPLETE
183,0.5063748955726624,2025-04-08 10:18:48.852157,2025-04-08 10:19:26.922703,0 days 00:00:38.070546,0.56241046149574,0.23267695385165624,8,0.2792990710244549,0.012047160497544455,0.09798341313912966,0.017977827485026254,0.03122626994086988,0.05961443977342062,0.003635493550170607,25,33,0.038109732028966475,0.15349012299602482,True,False,False,6.226872011565587e-08,COMPLETE
184,0.09188934862613678,2025-04-08 10:19:26.981573,2025-04-08 10:20:05.173211,0 days 00:00:38.191638,0.567423709455765,0.22707675715078776,8,0.2793700601090722,0.005637318641447411,0.09736982531498885,0.020423341821869147,0.031562175023795304,0.051245504974886905,0.0038196635107731534,26,35,0.03812666619602291,0.15269505995051127,True,False,False,6.550193141425287e-08,COMPLETE
185,0.5105164051055908,2025-04-08 10:20:05.232412,2025-04-08 10:20:31.042303,0 days 00:00:25.809891,0.6202339102428824,0.26233660421409577,8,0.28669127213180423,0.013073942602061763,0.0983167988971138,0.01807457765793789,0.039147711212175945,0.04895676907588119,0.002282068151096937,10,34,0.03506331801199047,0.17302255063678976,True,False,False,1.1771926163671102e-07,COMPLETE
186,0.5077573776245118,2025-04-08 10:20:31.105649,2025-04-08 10:21:08.016913,0 days 00:00:36.911264,0.6209273831085277,0.2675618672027017,8,0.2870515488193853,0.012852507092781539,0.09878741357860729,0.024357729462490423,0.0363711551070065,0.046984486777774774,0.002165395358095151,23,34,0.03194798549069933,0.16541765609129078,True,False,False,1.2145601412253734e-07,COMPLETE
187,0.10677206367254258,2025-04-08 10:21:08.078111,2025-04-08 10:21:43.876516,0 days 00:00:35.798405,0.6152163531885622,0.2968133485958126,8,0.2888467335504189,0.011803212909747307,0.09976292693841775,0.024334698075305663,0.03597252150700432,0.043073284929488614,0.003453595142953483,28,34,0.0311361911868961,0.17574862063363458,True,False,True,1.221315635998417e-07,COMPLETE
188,0.42384321689605714,2025-04-08 10:21:43.936377,2025-04-08 10:22:19.229083,0 days 00:00:35.292706,0.6372167528160516,0.2671684620272934,8,0.28597047562338285,0.02255710047229235,0.09827199739452877,0.018902500344449482,0.026495606974521115,0.04751543790868692,0.0025181498754815197,21,28,0.03351398434250863,0.17135155948689607,True,False,False,1.4706341607199256e-07,COMPLETE
189,0.4119751274585724,2025-04-08 10:22:19.290941,2025-04-08 10:22:56.452819,0 days 00:00:37.161878,0.5947718816909983,0.2435233077198605,8,0.28179581570587553,0.014404136945470502,0.09548407757348333,0.021775010951326706,0.030921986024801645,0.049040509097179545,0.005593776189839144,23,34,0.02615695909383734,0.1536456295141148,True,False,False,9.879044204858207e-08,COMPLETE
190,0.09188934862613678,2025-04-08 10:22:56.522492,2025-04-08 10:23:20.295065,0 days 00:00:23.772573,0.500917975517209,0.265448554037274,8,0.2757331426161538,0.0008485427406435819,0.09699430455721379,0.018071721041929882,0.03423383538903571,0.05218555148604605,0.0016660598058077483,8,21,0.03560914759381415,0.16245257698446414,True,False,False,1.8329959028423938e-07,COMPLETE
191,0.492527198791504,2025-04-08 10:23:20.355641,2025-04-08 10:23:57.602137,0 days 00:00:37.246496,0.5563022842577598,0.37544961745906313,8,0.2926986950407862,0.025817203152203476,0.09174435379189065,0.016168566594457937,0.03801612897050334,0.05986878956891815,0.0011554755010441686,24,31,0.04002244007733447,0.14460770991273103,True,False,False,4.436872080186573e-08,COMPLETE
192,0.49572013616561894,2025-04-08 10:23:57.662525,2025-04-08 10:24:23.330558,0 days 00:00:25.668033,0.6555693599031727,0.2081904642152851,8,0.2751558450330876,0.01178133532881589,0.09595466158200426,0.01734699272903902,0.04045028175384689,0.06132310339365419,0.0017758383730216883,10,30,0.03778921486536023,0.13845094531344262,True,False,False,5.9462444806244455e-08,COMPLETE
193,0.4903875708580018,2025-04-08 10:24:23.392832,2025-04-08 10:24:48.190050,0 days 00:00:24.797218,0.6460456946337509,0.2313741666290053,8,0.27506553379668236,0.012169654905664512,0.09622620260915193,0.023377303914575945,0.032729957975356314,0.055514600436191615,0.002059282334995904,9,28,0.03766089700456824,0.13725981687045263,True,False,False,6.110087888160088e-08,COMPLETE
194,0.42801396846771245,2025-04-08 10:24:48.252235,2025-04-08 10:25:25.188985,0 days 00:00:36.936750,0.6633112177678923,0.28748897685863045,8,0.28199177419172566,0.01762111959043197,0.09947597158072692,0.02067003601218377,0.03666961916146985,0.0581773805767162,0.0014392387428831183,24,25,0.03262723724955258,0.1646897199543354,True,False,False,7.952330790837017e-08,COMPLETE
195,0.09188934862613678,2025-04-08 10:25:25.250963,2025-04-08 10:26:02.659622,0 days 00:00:37.408659,0.6210019245572634,0.21548411099164339,8,0.2890662546611234,0.008609659062703164,0.0961326301164739,0.017724923555929185,0.043117744262996395,0.0645121077716339,0.0020936754561767133,25,37,0.03503327807361248,0.15462470393782085,True,False,False,1.1511314660660572e-07,COMPLETE
196,0.507675850391388,2025-04-08 10:26:02.722971,2025-04-08 10:26:28.554706,0 days 00:00:25.831735,0.5841084983339363,0.24675422710110811,8,0.27360790619278774,0.03476022997792943,0.09012101637061053,0.015202580583744567,0.03856460878286888,0.05339689687203732,0.0033436013620947933,10,33,0.038300306220338726,0.12852095711889774,True,False,False,5.655605681198352e-08,COMPLETE
197,0.5095309972763062,2025-04-08 10:26:28.616935,2025-04-08 10:26:54.366785,0 days 00:00:25.749850,0.5878744837858811,0.31327245635375556,8,0.2715020399591258,0.027278367579979063,0.08959860920859652,0.014812456001971596,0.028935408083837218,0.05299979908119956,0.0034150513353042897,10,33,0.04094942389972101,0.12825728564689226,True,False,False,2.4738963824828945e-07,COMPLETE
198,0.3666695892810822,2025-04-08 10:26:54.438860,2025-04-08 10:27:16.036677,0 days 00:00:21.597817,0.592509109303595,0.24270623527455418,16,0.2713658033060517,0.03504164973199354,0.08831920428427997,0.015182163884202824,0.028328294791597472,0.048925183495836945,0.0045622165423138406,10,32,0.023561279657241568,0.12807054076445473,True,False,False,2.2224777261513374e-07,COMPLETE
199,0.464738005399704,2025-04-08 10:27:16.102298,2025-04-08 10:27:56.041774,0 days 00:00:39.939476,0.5830728515672239,0.2599678176088356,8,0.26917963981341203,0.02906695111248535,0.09004724021557559,0.08507984604436275,0.03576968052993856,0.0540843960427867,0.002932979305637054,27,41,0.04078706659634607,0.12205308829377451,True,False,False,4.613072540212224e-08,COMPLETE
200,0.36403977274894717,2025-04-08 10:27:56.104940,2025-04-08 10:28:21.919991,0 days 00:00:25.815051,0.5706388266147394,0.29190092239620075,8,0.26124774798332767,0.020990947915059708,0.0924041074114541,0.020160016217020234,0.038466693925021236,0.04018222441798699,0.003693410078516996,10,27,0.029830803356350147,0.10973229733731125,True,False,False,1.4798201297290172e-07,COMPLETE
201,0.5083546996116638,2025-04-08 10:28:21.985019,2025-04-08 10:28:48.311087,0 days 00:00:26.326068,0.6099478047953123,0.3163362155932312,8,0.2825974959433543,0.0257764688083187,0.09815966777677901,0.014545242345259172,0.029775184043736858,0.045878472254032604,0.0028557708701598683,10,33,0.038819872122410684,0.11750388070913494,True,False,False,7.739709847167445e-08,COMPLETE
202,0.5073125243186951,2025-04-08 10:28:48.375391,2025-04-08 10:29:14.331603,0 days 00:00:25.956212,0.6190987465484907,0.27630337307264974,8,0.2847276186008659,0.025113624251329347,0.09890473677435588,0.016834329935192523,0.024554467579950064,0.05047242351714336,0.0023051496306501743,10,33,0.033751999800223156,0.13187372436805692,True,False,False,6.749549174895846e-08,COMPLETE
203,0.4966986417770386,2025-04-08 10:29:14.397067,2025-04-08 10:29:48.270473,0 days 00:00:33.873406,0.6126003733029011,0.325771121400937,8,0.28632311116287323,0.03557566754141424,0.09812744823556256,0.017678922740128392,0.024095793116042364,0.04510996494518527,0.0027410493612879906,20,34,0.03567788858215564,0.11811100824906497,True,False,False,8.072852958443147e-08,COMPLETE
204,0.5032535433769226,2025-04-08 10:29:48.335368,2025-04-08 10:30:14.321092,0 days 00:00:25.985724,0.6076442290361568,0.26863608723699267,8,0.29199370621424664,0.024500272876786213,0.09800450891487614,0.013524116044832037,0.029781044184394853,0.051100771821688054,0.0023211909796830785,10,33,0.03955173684614089,0.13109105145288116,True,False,False,1.1545722465105232e-07,COMPLETE
205,0.5071584105491639,2025-04-08 10:30:14.397706,2025-04-08 10:30:40.008928,0 days 00:00:25.611222,0.6227101837094242,0.2793983202495898,8,0.29437448258326976,0.02577837415588375,0.010417163527687873,0.013559447816070427,0.026259310978002964,0.047037335700890234,0.0021704342994044714,10,33,0.03954143222341305,0.1324091883448904,True,False,False,2.742448549608965e-07,COMPLETE
206,0.4958404183387757,2025-04-08 10:30:40.074571,2025-04-08 10:31:05.921049,0 days 00:00:25.846478,0.6843991062067512,0.26787360054322634,8,0.2956831593905096,0.025814958116802532,0.0983279750158625,0.09504760686423505,0.024568200881647944,0.04689900054378375,0.002313392933781375,10,33,0.04027395390191468,0.13086923766977626,True,False,False,2.9459315072000377e-07,COMPLETE
207,0.48164589405059816,2025-04-08 10:31:05.986614,2025-04-08 10:31:31.845872,0 days 00:00:25.859258,0.623426041650391,0.29227843574651735,8,0.29367959068088373,0.030549830855529612,0.09866061073480752,0.013452475709598143,0.026785995241549627,0.050617548121156646,0.003430764259925482,10,38,0.039274884958777526,0.12040965435864301,True,False,False,1.2042561435074454e-07,COMPLETE
208,0.32426612377166747,2025-04-08 10:31:31.911649,2025-04-08 10:31:56.680629,0 days 00:00:24.768980,0.6043897163794527,0.24600325123310268,8,0.29923328064470756,0.02400597074664423,0.0999749012034106,0.01646798440581141,0.02987226414837984,0.052439831606998326,0.0013630852039411623,9,28,0.036416564053242256,0.10513650823235948,False,False,False,2.5542590463465116e-07,COMPLETE
209,0.49726133346557616,2025-04-08 10:31:56.746603,2025-04-08 10:32:21.790453,0 days 00:00:25.043850,0.631329272426567,0.27232442599047657,8,0.2885050062297082,0.022651396138745457,0.015910946657679417,0.0193180883475328,0.02759472204126028,0.0487950858306029,0.004986251301602569,9,34,0.03371904494252116,0.134687483911088,True,False,False,1.481963849860696e-07,COMPLETE
210,0.09188934862613678,2025-04-08 10:32:21.856849,2025-04-08 10:32:58.870377,0 days 00:00:37.013528,0.6007583563683075,0.3524236567623521,8,0.28324784377148,0.0055264674570896285,0.009127705976672115,0.016394369222436686,0.031490040395482775,0.04621240268507094,0.002267599096053448,25,24,0.03153292483678125,0.12801762369803818,True,False,False,2.002540740249186e-07,COMPLETE
211,0.5112222909927369,2025-04-08 10:32:58.937064,2025-04-08 10:33:24.770224,0 days 00:00:25.833160,0.4474208567059125,0.22839097214513682,8,0.2783830838750184,0.035632128617032605,0.09651077841562229,0.013635653244698074,0.029846359187795747,0.051266743530199076,0.002874568150861622,10,30,0.041708149935547695,0.1380457239530226,True,False,False,6.89515001304435e-08,COMPLETE
212,0.5086151123046876,2025-04-08 10:33:24.837643,2025-04-08 10:33:50.818374,0 days 00:00:25.980731,0.4467708858999833,0.25042434268728714,8,0.2795698142285886,0.034513115271409656,0.09678697194996702,0.012569612743162794,0.028383592367885672,0.053117099748105225,0.0031646958447412105,10,33,0.04236534245456962,0.13946077820580421,True,False,False,7.285155941128093e-08,COMPLETE
213,0.5005446195602418,2025-04-08 10:33:50.894704,2025-04-08 10:34:16.307738,0 days 00:00:25.413034,0.47728328589743924,0.25337589188423176,8,0.29105867058267554,0.032684654010080964,0.09747354822641825,0.012446510704771138,0.0297187881006794,0.04276869840398142,0.0029541854668632735,10,34,0.04181695581783084,0.11874839454684077,True,False,False,8.101216058060909e-08,COMPLETE
214,0.5021575689315796,2025-04-08 10:34:16.375971,2025-04-08 10:34:41.129996,0 days 00:00:24.754025,0.4138710047787609,0.27788947896842814,8,0.28067850562785257,0.027133752884030533,0.023775146941522666,0.01340279347914636,0.025128642185430768,0.05305922695460778,0.0018310945084948388,9,29,0.04167762031169062,0.13146587160436732,True,False,False,1.1133155075303917e-07,COMPLETE
215,0.456050580739975,2025-04-08 10:34:41.197666,2025-04-08 10:35:06.928389,0 days 00:00:25.730723,0.45387819853048295,0.2311721430340177,8,0.2777269052853129,0.019715476566614994,0.09584558107097778,0.011086035020466355,0.0290036328778424,0.05005542157477193,0.0041816317032513485,10,37,0.03897931882352404,0.15242817681628143,True,False,False,7.267321571936804e-08,COMPLETE
216,0.15447188317775729,2025-04-08 10:35:06.998216,2025-04-08 10:35:29.451883,0 days 00:00:22.453667,0.4465469110663465,0.30575433924436174,8,0.2866213721468222,0.03642299566531586,0.09614014205156939,0.02145888713338953,0.022026104604495497,0.05059070007303711,0.002946842919810975,9,33,0.04030963408226102,0.13919889539093955,True,True,False,9.641503051513652e-08,COMPLETE
217,0.40297761559486395,2025-04-08 10:35:29.522158,2025-04-08 10:35:55.273329,0 days 00:00:25.751171,0.6127361130030531,0.24759593871685154,8,0.29303651329899943,0.012805994692614484,0.09994191326955618,0.018309629285344377,0.03059756016508147,0.05637609867629582,0.0024228859749907193,10,27,0.0344759811092295,0.17325018188062538,True,False,False,1.6923512693087497e-07,COMPLETE
218,0.46934929490089417,2025-04-08 10:35:55.344183,2025-04-08 10:36:21.107275,0 days 00:00:25.763092,0.6412397303531195,0.2820995114559275,8,0.2775876723443561,0.028308603635473377,0.09772732904200265,0.013971705299636306,0.03469895401153459,0.04749528172957328,0.0037538745158159823,10,37,0.042600625503679726,0.12324340779178132,True,False,False,1.2287113006920768e-07,COMPLETE
219,0.508305835723877,2025-04-08 10:36:21.177005,2025-04-08 10:36:46.568349,0 days 00:00:25.391344,0.5925793343055725,0.3208353633457782,8,0.28371992654837075,0.020591006711836023,0.09516169757728049,0.016715276435108912,0.026219851298431757,0.044435460771392446,0.0031695541426464816,9,30,0.03774610103425476,0.16626324717212096,True,False,False,6.821947514764781e-08,COMPLETE
220,0.0979565367102623,2025-04-08 10:36:46.647702,2025-04-08 10:37:27.286336,0 days 00:00:40.638634,0.4071743761514123,0.3339931850096972,2,0.28412271857564975,0.018102179499437328,0.0947721434898061,0.016026770975607296,0.026206490366587815,0.053544662995162105,0.00290375912634829,8,30,0.037166423022463806,0.17831738911057282,True,False,True,6.862271661593365e-08,COMPLETE
221,0.5064856171607971,2025-04-08 10:37:27.355527,2025-04-08 10:37:53.470395,0 days 00:00:26.114868,0.5915187933713811,0.3001970270050676,8,0.2873649061320149,0.023241123172040582,0.09672651513561888,0.01740371037252759,0.028104954118806286,0.04451016215497945,0.0032441353992751017,10,33,0.03890467158939993,0.167957351851435,True,False,False,9.163847121792215e-08,COMPLETE
222,0.09188934862613678,2025-04-08 10:37:53.540301,2025-04-08 10:38:17.781022,0 days 00:00:24.240721,0.5849189933345528,0.3132114347578134,8,0.2796413730633546,0.004600280259228689,0.0903920444546362,0.017963250441582927,0.028203084465760902,0.038979066827582676,0.004502546975316323,9,28,0.044691177855475946,0.16663304846004523,True,False,False,8.365396155727463e-08,COMPLETE
223,0.504574179649353,2025-04-08 10:38:17.851097,2025-04-08 10:38:42.832949,0 days 00:00:24.981852,0.5589525634389982,0.2995993363414966,8,0.2863639511762769,0.011875846613969999,0.09573171373174653,0.019824723215829718,0.024407757379258776,0.044284772665360295,0.0034812987126354032,9,32,0.03779077254473787,0.15707769557540768,True,False,False,6.655864305653945e-08,COMPLETE
224,0.49101647138595583,2025-04-08 10:38:42.904001,2025-04-08 10:39:07.940990,0 days 00:00:25.036989,0.5535066688963298,0.36243005750442103,8,0.2859389037099454,0.03145859033027301,0.0968847206471977,0.021740855506452182,0.02536670960005734,0.044368516211753264,0.003609336110492737,9,36,0.03553785460519209,0.16670368854616963,True,False,False,6.251371974575381e-08,COMPLETE
225,0.3568112850189209,2025-04-08 10:39:08.012782,2025-04-08 10:39:32.198329,0 days 00:00:24.185547,0.5420602695589366,0.3016429944305325,8,0.2887025319452708,0.21725990527867423,0.09582660142762409,0.01933426709003059,0.023042473184114832,0.041603687799353015,0.008674796768223405,8,25,0.03797832313048812,0.0029544899828291005,True,False,False,7.032272088905325e-08,COMPLETE
226,0.09188934862613678,2025-04-08 10:39:32.268647,2025-04-08 10:39:54.826889,0 days 00:00:22.558242,0.49609606005595713,0.3160654062243052,8,0.27417730155882947,0.009553335385790045,0.0919590015364784,0.024702704205026293,0.028151152286955722,0.03751968627235288,0.002650349023995166,7,40,0.033689347351971405,0.15759841342051747,True,False,False,5.0260083679370814e-08,COMPLETE
