number,value,datetime_start,datetime_complete,duration,params_alpha-eval,params_alpha-train,params_batch-size,params_eps-eval,params_eps-train,params_lambda-actions-eval,params_lambda-actions-train,params_lambda-frames-eval,params_lambda-frames-train,params_learning-rate,params_n-epochs,params_n-frames,params_radius-gw,params_rho,params_std-feats,params_ub-actions,params_ub-frames,params_weight-decay,state
968,0.5003873229026795,2025-04-08 17:52:31.172617,2025-04-08 17:53:11.942778,0 days 00:00:40.770161,0.12540001528339692,0.5176785899086586,2,0.24377359453262082,0.08761970691002335,0.06659247963450593,0.0535621355729555,0.07583727057239495,0.07036531734281135,0.012239591952670372,6,63,0.02890662214259823,0.15414750194692128,True,False,False,0.00021357076617828076,COMPLETE
969,0.5197321057319642,2025-04-08 17:53:12.240973,2025-04-08 17:53:52.923626,0 days 00:00:40.682653,0.06761046577937574,0.5750020961460319,2,0.2571717479279914,0.06962810161306593,0.07492145921816121,0.04364994006952975,0.07282656085459827,0.07281893882638778,0.017008570083228317,6,56,0.020782422935692633,0.13923574716074813,True,False,False,0.00015615959500640247,COMPLETE
970,0.5061757564544678,2025-04-08 17:53:53.241425,2025-04-08 17:54:30.792280,0 days 00:00:37.550855,0.16759803750234853,0.5340675638642451,2,0.23904085790587415,0.0808496642786895,0.06894721454063345,0.05164455588973309,0.06731130883089079,0.0821437179427525,0.026971144703966055,5,67,0.02219397973532157,0.14831849256698634,True,False,False,0.00040740789605782525,COMPLETE
971,0.5319189906120301,2025-04-08 17:54:31.104366,2025-04-08 17:55:08.316502,0 days 00:00:37.212136,0.012437919628030612,0.49289344894077486,2,0.2614056044002335,0.09739057557070287,0.07145995301086208,0.04907073541261817,0.08040629457627585,0.07615706001809255,0.009547464426991826,5,60,0.02951658277155159,0.15689600205311954,True,False,False,0.00025328797803734874,COMPLETE
972,0.49676319360733034,2025-04-08 17:55:08.631756,2025-04-08 17:55:29.339927,0 days 00:00:20.708171,0.02127235831057257,0.4877677562956913,16,0.2609325208877288,0.10179093729395558,0.07212081134829015,0.045755695425199305,0.08209171937479429,0.07912361795757114,0.010629979537356303,6,61,0.029321523241355354,0.13282976579793382,True,False,False,0.00030563245577651247,COMPLETE
973,0.5194084048271179,2025-04-08 17:55:29.654063,2025-04-08 17:56:07.412280,0 days 00:00:37.758217,0.014689625196337349,0.5049347447325488,2,0.2625497664778461,0.09642759310712597,0.060930000407396934,0.04848480667169001,0.0832428107017654,0.0769705576241315,0.00931138734720429,5,65,0.02379137218130003,0.1495957024638218,True,False,False,0.00018189751229913842,COMPLETE
974,0.24924154281616212,2025-04-08 17:56:07.711178,2025-04-08 17:56:44.890451,0 days 00:00:37.179273,0.03379366720250704,0.4930710611344105,2,0.24934926793555912,0.1476090841458062,0.06543530225179033,0.04730327842649931,0.09089745902582852,0.08094363570932148,0.00885437805163133,5,69,0.026425088068941463,0.15725034497701915,False,False,False,0.0003929997790274139,COMPLETE
975,0.5235571742057801,2025-04-08 17:56:45.203271,2025-04-08 17:57:26.163366,0 days 00:00:40.960095,0.029368599506751643,0.5133740559226371,2,0.26104852905487996,0.10552603453986639,0.07412602624507543,0.044951028883359175,0.08035000877960577,0.07561996253084866,0.012219283226474338,6,51,0.025037481234199216,0.14403001550379288,True,False,False,0.000263433987133078,COMPLETE
976,0.5125396728515625,2025-04-08 17:57:26.474987,2025-04-08 17:58:03.957243,0 days 00:00:37.482256,0.040902236404905146,0.5530282129979002,2,0.23224489898344367,0.09835297141283515,0.06863291582529851,0.04947018574993042,0.08022318515224387,0.07864954781757026,0.009798123160386777,5,60,0.022488098252195353,0.1520915569200206,True,False,False,0.00014166684722192698,COMPLETE
977,0.09685977995395662,2025-04-08 17:58:04.272670,2025-04-08 17:58:39.011671,0 days 00:00:34.739001,0.05091645730048405,0.45737149480905304,2,0.256784032362618,0.0744080965332931,0.06693040677610458,0.046696575062046206,0.07705077420940039,0.07682476604095034,0.014246046941328553,6,54,0.026882015726420815,0.13989311367818086,True,True,False,0.00020007982987285572,COMPLETE
978,0.5169521689414979,2025-04-08 17:58:39.327685,2025-04-08 17:59:16.597420,0 days 00:00:37.269735,0.019415239158134444,0.529663480418827,2,0.2467527002050764,0.08909679463237305,0.06343931202934001,0.04311067075525143,0.08441550398251237,0.07527868972064188,0.011215842668305425,5,63,0.019682674180694446,0.15803531734859194,True,False,False,0.0004902886785464468,COMPLETE
979,0.5182831525802613,2025-04-08 17:59:16.898588,2025-04-08 17:59:54.028893,0 days 00:00:37.130305,0.18510379163310686,0.48906604660368536,2,0.22289006876991055,0.08327502087206481,0.07247731218193382,0.04907547570611828,0.07807225399984585,0.08406966519080333,0.014576342289970963,5,54,0.029658852118851033,0.14977896591792772,True,False,False,0.0003322167922583647,COMPLETE
980,0.48345729112625124,2025-04-08 17:59:54.340316,2025-04-08 18:00:35.247821,0 days 00:00:40.907505,0.055754595671933214,0.5640172860187217,2,0.24184495619749008,0.1180351890550667,0.07608340155289989,0.040563281454653356,0.06622107668761931,0.07875823590854326,0.017128387170620072,6,75,0.02382903540109008,0.14466635700163444,True,False,False,0.0002478246517590989,COMPLETE
981,0.08793212026357651,2025-04-08 18:00:35.560647,2025-04-08 18:01:08.783953,0 days 00:00:33.223306,0.013305876302586714,0.5151794032237023,2,0.26327365117294466,0.10156387114419253,0.06981027258919835,0.04509410262495258,0.08116994429628197,0.08084090413322374,0.012659058195603248,5,59,0.025485614069535832,0.15834181401934735,True,False,True,0.0004334005369455318,COMPLETE
982,0.4928285598754883,2025-04-08 18:01:09.099919,2025-04-08 18:01:49.468351,0 days 00:00:40.368432,0.14555588765975783,0.5893539803679136,2,0.25308727939450226,0.12476682205532634,0.06779070295566852,0.05039938408592503,0.06447754523265176,0.07658050166188285,0.010530410542616752,6,64,0.02946234023819084,0.15375603566304405,True,False,False,0.00012838742162307507,COMPLETE
983,0.5078854441642762,2025-04-08 18:01:49.792407,2025-04-08 18:02:27.600125,0 days 00:00:37.807718,0.08473475143571378,0.540896752700499,2,0.24759198607949265,0.09457174982859809,0.06490161065084189,0.04793190409215204,0.06898198483864078,0.07445193803247355,0.009017546116872367,5,72,0.027546388518797725,0.13802821640474214,True,False,False,0.00017906463249149176,COMPLETE
984,0.5270774483680726,2025-04-08 18:02:27.915013,2025-04-08 18:03:05.081208,0 days 00:00:37.166195,0.07169546348915815,0.47084779580351566,2,0.26261535098438815,0.07939665223393824,0.07100237174716666,0.042567915033017996,0.07146339403990531,0.07196143393936338,0.014562611770200446,5,57,0.02080928115282351,0.16400275707811227,True,False,False,0.00032884486045562034,COMPLETE
985,0.31178376674652103,2025-04-08 18:03:05.384598,2025-04-08 18:03:45.878111,0 days 00:00:40.493513,0.05304725323430959,0.5042909396334478,2,0.2375913587904233,0.06756369912695893,0.07313900124649364,0.04658788274207754,0.07612104760326971,0.07816788410372355,0.017887882415348045,6,51,0.01722337056032758,0.1467550421947502,True,False,False,0.0005773399401480117,COMPLETE
986,0.5223561644554138,2025-04-08 18:03:46.194751,2025-04-08 18:04:23.440642,0 days 00:00:37.245891,0.12197050097767338,0.5386795740331509,2,0.2526292383708517,0.16442808901812014,0.06734947298054879,0.05006011196909049,0.07884693743097462,0.08238471212795197,0.012431068056953194,5,61,0.02358342764934345,0.1589533024089266,True,False,False,0.00025237992989343255,COMPLETE
987,0.511005449295044,2025-04-08 18:04:23.756436,2025-04-08 18:05:04.852758,0 days 00:00:41.096322,0.09797139165351455,0.5637979237693801,2,0.2572150307103924,0.08818717570292123,0.0700346909375771,0.055402229855690384,0.08604202856583132,0.07558712629584899,0.022105960452723502,6,66,0.026454309233186327,0.13069280670680442,True,False,False,0.00019768389267097784,COMPLETE
988,0.5138773083686828,2025-04-08 18:05:05.172101,2025-04-08 18:05:42.229796,0 days 00:00:37.057695,0.14617030883400917,0.5258851732587775,2,0.24282512989987814,0.05636329365869133,0.06600066579378142,0.0450592049715122,0.0732079840960156,0.07280546555382106,0.015276494240086222,5,55,0.022588261982025192,0.15233833388425969,True,False,False,9.946311320678331e-05,COMPLETE
989,0.5140894651412964,2025-04-08 18:05:42.551990,2025-04-08 18:06:26.358074,0 days 00:00:43.806084,0.16415766552402425,0.4438667301440989,2,0.249012096957888,0.10701811222320323,0.07579868948097268,0.05168135196912141,0.07045528798549247,0.07672074849689511,0.00932345812600449,7,68,0.025548858519795672,0.14324371129355146,True,False,False,0.000370556582355373,COMPLETE
990,0.5304843902587891,2025-04-08 18:06:26.662385,2025-04-08 18:07:04.191466,0 days 00:00:37.529081,0.04073879032590847,0.4858501210621038,2,0.26352634884301535,0.07492822107354771,0.06955009603597245,0.04772782478021043,0.07944691685139811,0.07063469591202695,0.019398528049355285,5,58,0.029614913467716168,0.16191957077596614,True,False,False,0.0005013809020585111,COMPLETE
991,0.5249473929405213,2025-04-08 18:07:04.506651,2025-04-08 18:07:41.877275,0 days 00:00:37.370624,0.03567693912194222,0.4924812427726635,2,0.26005033914742426,0.07129488629930972,0.06960189486818674,0.04756645153379724,0.07984859852285392,0.07095986316427735,0.020501922628691868,5,60,0.030129184812387733,0.1611068107725055,True,False,False,0.0004935718077924503,COMPLETE
992,0.542174243927002,2025-04-08 18:07:42.195958,2025-04-08 18:08:19.648868,0 days 00:00:37.452910,0.011576434783634664,0.47867686305231527,2,0.2629414667198784,0.07856626798575284,0.07201482538951344,0.04900258923147634,0.08272043914942208,0.07097930616114777,0.0173895734724642,5,62,0.028071832721024845,0.15371911036042674,True,False,False,0.00029936197250182337,COMPLETE
993,0.23728134632110598,2025-04-08 18:08:19.967885,2025-04-08 18:08:57.093274,0 days 00:00:37.125389,0.010289921510345256,0.6136514174247405,2,0.26452485617574184,0.06583869852302668,0.06840150444700123,0.03815849016260266,0.08411659623682848,0.07012561773135002,0.019702890387456387,5,58,0.029617923299744706,0.1513307190135501,False,False,False,0.0002818004226537982,COMPLETE
994,0.5128674268722534,2025-04-08 18:08:57.417227,2025-04-08 18:09:35.156550,0 days 00:00:37.739323,0.03263376280862133,0.5098070282579257,2,0.25698985768088173,0.07565785778511157,0.07110574459274861,0.04688696286677979,0.08587532889304611,0.07015252383464635,0.024309714703677116,5,62,0.02784040074425264,0.1473555213444431,True,False,False,0.00021565546402461182,COMPLETE
995,0.5345855236053467,2025-04-08 18:09:35.480174,2025-04-08 18:10:13.338510,0 days 00:00:37.858336,0.011192035526467956,0.4610519761861377,2,0.2644837093647133,0.07346460545105878,0.06435476727380861,0.04481094986114446,0.08199930007168925,0.07006518142044682,0.017372264439551664,5,58,0.029539069677822084,0.15486409809452498,True,False,False,0.00032530510630548814,COMPLETE
996,0.0970103070139885,2025-04-08 18:10:13.644762,2025-04-08 18:10:31.436409,0 days 00:00:17.791647,0.02619936220625109,0.45420027776730587,16,0.2637165451932278,0.07580364852954848,0.06305258194086442,0.04212870701262226,0.08284708455927525,0.0706068224924958,0.017475790233434485,5,65,0.029891410800692172,0.1363077080291126,True,True,False,0.00040722656491854777,COMPLETE
997,0.5318113446235657,2025-04-08 18:10:31.753598,2025-04-08 18:11:09.006099,0 days 00:00:37.252501,0.011195631810663298,0.4638518887502394,2,0.263972626036695,0.07094854860315401,0.06131018661816851,0.044656290051716487,0.08271142557808825,0.07033548424341698,0.01624111165975355,5,60,0.029349934628353207,0.1544185632980036,True,False,False,0.00031483178706903257,COMPLETE
998,0.5156824111938477,2025-04-08 18:11:09.327060,2025-04-08 18:11:50.512277,0 days 00:00:41.185217,0.010832537124923915,0.47196471245759375,2,0.25285039357439537,0.08005814828363082,0.05997182000680702,0.04043025152653941,0.08811564483703187,0.06959758788687176,0.013546463876626818,6,60,0.027729285612258656,0.14324223618725035,True,False,False,0.00030522820239744993,COMPLETE
999,0.5160570621490479,2025-04-08 18:11:50.834419,2025-04-08 18:12:28.556622,0 days 00:00:37.722203,0.016134036117230098,0.44116364806301034,2,0.2630009906324856,0.06662072776478371,0.05815427964386551,0.04292192213982771,0.08234999930760555,0.07272123985669049,0.01584974413094293,5,63,0.029739655655712103,0.14925711163027378,True,False,False,0.0002968518641380994,COMPLETE
1000,0.5259917259216309,2025-04-08 18:12:28.878862,2025-04-08 18:13:06.318356,0 days 00:00:37.439494,0.015627193648948455,0.4609688493808719,2,0.22931989536565647,0.08400968095691667,0.061032234728916904,0.04404046132589504,0.08463815568993893,0.07338228251402143,0.013900247675844501,5,67,0.028058991585075726,0.15381830011008632,True,False,False,0.0003466993647838848,COMPLETE
1001,0.08643281757831574,2025-04-08 18:13:06.641578,2025-04-08 18:13:42.055253,0 days 00:00:35.413675,0.011785853302418622,0.5923528047676675,2,0.25831472835494296,0.07974680689302825,0.06162216189209761,0.045283448761337955,0.08170018017945359,0.07018693929157359,0.016598865359478843,6,56,0.02962059560086803,0.14137663880886137,True,False,True,0.00025675824469839414,COMPLETE
1002,0.5299628973007202,2025-04-08 18:13:42.364813,2025-04-08 18:14:19.632289,0 days 00:00:37.267476,0.03820298029497415,0.553246557395927,2,0.2500038132677975,0.08457120676659695,0.06391855231521043,0.04403468979226572,0.08385768113601194,0.07216059037899691,0.015967103411691854,5,61,0.02753335925533687,0.1473466027774557,True,False,False,0.0003714583659119666,COMPLETE
1003,0.49766030311584475,2025-04-08 18:14:19.952976,2025-04-08 18:15:00.801787,0 days 00:00:40.848811,0.04563868959191944,0.46761958861682584,2,0.2656209086937617,0.07128014492470458,0.06351401248955243,0.042822785737452,0.08595880716592358,0.07354629548516425,0.012126622541868987,6,65,0.027417757019124595,0.1550013331977885,True,False,False,0.00016506211648639543,COMPLETE
1004,0.5167082309722901,2025-04-08 18:15:01.126266,2025-04-08 18:15:38.437376,0 days 00:00:37.311110,0.010136887783187078,0.5833471858639306,2,0.23985083778908772,0.07300075790443121,0.05820854252279922,0.04561128148736266,0.08217177873267574,0.07491652045955743,0.01788782282474087,5,55,0.030059635503867296,0.1485002086555467,True,False,False,0.00027969638530925685,COMPLETE
1005,0.5284253597259522,2025-04-08 18:15:38.759930,2025-04-08 18:16:16.112561,0 days 00:00:37.352631,0.027540680841571664,0.5246819685605522,2,0.25513496792364604,0.07991325792939612,0.06180795774737718,0.04046100257455245,0.08156570174773549,0.06985442492785209,0.013209081101985872,5,69,0.02494821761043382,0.1356521046553923,True,False,False,0.00022056366241198633,COMPLETE
1006,0.5083715081214906,2025-04-08 18:16:16.435322,2025-04-08 18:16:57.171178,0 days 00:00:40.735856,0.04915574066019984,0.5486748124335198,2,0.24592383464118633,0.0856396103595211,0.05997970153579821,0.044661693559587545,0.08366287279435325,0.07213282194051418,0.015070721250387158,6,61,0.026886218254467967,0.15568498712838424,True,False,False,0.00033524597004327646,COMPLETE
1007,0.5224290013313293,2025-04-08 18:16:57.495709,2025-04-08 18:17:34.836929,0 days 00:00:37.341220,0.03870499185817642,0.5761223702525693,2,0.2626066404014195,0.06331471947773928,0.06496175108382653,0.0418171904179037,0.08029148804438983,0.07415809284831545,0.011175213205651083,5,57,0.02429614441192663,0.14164005187016102,True,False,False,0.00025608627342115555,COMPLETE
1008,0.5157471179962159,2025-04-08 18:17:35.144982,2025-04-08 18:18:12.408059,0 days 00:00:37.263077,0.01177219612762547,0.5104588373550871,2,0.25060604718283264,0.06999912806147607,0.0652456646810404,0.04627148701348221,0.08752446244796046,0.07828980955846739,0.019932815867366373,5,63,0.02132224996552517,0.15069898489562808,True,False,False,0.00015273621564808798,COMPLETE
1009,0.514876127243042,2025-04-08 18:18:12.730675,2025-04-08 18:18:53.259637,0 days 00:00:40.528962,0.05853651555172407,0.5347969734186933,2,0.2586825664248813,0.07694342730002227,0.06653343713335055,0.03738332545455985,0.07915030377523419,0.07599390193704032,0.01632165918142331,6,53,0.02948491874609036,0.1576942741771593,True,False,False,0.000409981361650305,COMPLETE
1010,0.5165264010429382,2025-04-08 18:18:53.583409,2025-04-08 18:19:30.593446,0 days 00:00:37.010037,0.035624788361069915,0.4608927086215676,2,0.23833985291007245,0.08919022686049584,0.06372294523630108,0.04650081224526967,0.08136852222358285,0.07427817354977469,0.012116421883015694,5,59,0.019302472105233653,0.14465828516973495,True,False,False,0.00018412666248150312,COMPLETE
1011,0.45324423909187317,2025-04-08 18:19:30.916409,2025-04-08 18:20:11.615653,0 days 00:00:40.699244,0.06245460841397148,0.5661821390371333,2,0.2468043543599149,0.05740413125296528,0.06227561644660375,0.04877259850570101,0.08471026133098379,0.07145574270533438,0.019705610412917518,6,65,0.02323289419111646,0.1523494873407637,True,False,False,0.0002970116624149422,COMPLETE
1012,0.2618083655834198,2025-04-08 18:20:11.941960,2025-04-08 18:20:48.857561,0 days 00:00:36.915601,0.03022139594049773,0.476461745761619,2,0.2575204733836568,0.08261001628603605,0.06618252979731018,0.044073002797579516,0.07803639377505114,0.0797844315711223,0.013865920614608788,5,56,0.027798648980255566,0.15757607182432026,False,False,False,0.00011962166839554442,COMPLETE
1013,0.44961342215538025,2025-04-08 18:20:49.185947,2025-04-08 18:21:27.124896,0 days 00:00:37.938949,0.05904323436353818,0.4384525950027863,2,0.2333914675200967,0.08854476012656932,0.06717260504764312,0.039177108980427276,0.08121607397987732,0.07733490060772417,0.0005490626188121817,5,83,0.026687939396780394,0.1390880103258088,True,False,False,0.00022805961518723155,COMPLETE
1014,0.4823835372924805,2025-04-08 18:21:27.436174,2025-04-08 18:21:47.485162,0 days 00:00:20.048988,0.010734002384147082,0.5133222852147052,16,0.24282683945351838,0.07752946119317926,0.06435939140763251,0.04796276630853144,0.08285184511546571,0.06985381342429273,0.023915923948604475,6,50,0.024885966450299772,0.13213625517026273,True,False,False,0.0003606031783281432,COMPLETE
1015,0.09365548938512802,2025-04-08 18:21:47.808660,2025-04-08 18:22:20.273152,0 days 00:00:32.464492,0.07424129881628237,0.6138830835284409,2,0.2176746432984204,0.09245536496045034,0.06156104541650824,0.04157309965515468,0.08984659578991344,0.0724379936264685,0.011100088093916025,5,60,0.030227888950721517,0.2804458092294837,True,True,False,0.00019796747462143028,COMPLETE
1016,0.5133882284164428,2025-04-08 18:22:20.597653,2025-04-08 18:22:58.041940,0 days 00:00:37.444287,0.1182157030349622,0.5567346249342631,2,0.26561073789463646,0.07108878866878653,0.06772062715851658,0.045373836439586715,0.07749164905124095,0.07721257544237808,0.017113952266842182,5,71,0.022691477893428996,0.1453999383481126,True,False,False,0.00028992403879014986,COMPLETE
1017,0.5014376401901246,2025-04-08 18:22:58.373166,2025-04-08 18:23:38.731381,0 days 00:00:40.358215,0.04575736160427564,0.5397733581121387,2,0.2548522184708817,0.08557437402286931,0.06536224988532,0.04997212754467812,0.079619821424853,0.07486370743468825,0.014304636094524743,6,63,0.02580676367156807,0.14997056638612083,True,False,False,0.00043596623554629604,COMPLETE
1018,0.5351508855819702,2025-04-08 18:23:39.058349,2025-04-08 18:24:16.711244,0 days 00:00:37.652895,0.09528414820958997,0.5022016918462814,2,0.2509557130005152,0.08100708146416875,0.06817217263863377,0.04372920250480864,0.07736916733201968,0.07370198931015974,0.017385561737933045,5,57,0.02824535082769083,0.15928826733259618,True,False,False,0.00016448733029437318,COMPLETE
1019,0.5339311361312866,2025-04-08 18:24:17.041067,2025-04-08 18:24:54.348984,0 days 00:00:37.307917,0.09111236772783413,0.49374667229345703,2,0.250812454979491,0.07639437342705371,0.06761739269194322,0.04305584513610569,0.0772624868602087,0.0796441394377034,0.02133743462549114,5,57,0.02854041410194133,0.007409380811764232,True,False,False,0.00011752983649135144,COMPLETE
1020,0.1865601897239685,2025-04-08 18:24:54.659661,2025-04-08 18:25:28.231772,0 days 00:00:33.572111,0.09310163575319,0.5005785121088582,2,0.24926118924829005,0.068510952309353,0.06728126796046198,0.040177203116002994,0.07761218504931597,0.07928294769352773,0.023203433553746974,5,59,0.02860684175700981,0.07071636554253569,True,False,True,8.823362914641852e-05,COMPLETE
1021,0.5387480020523071,2025-04-08 18:25:28.555671,2025-04-08 18:26:06.082748,0 days 00:00:37.527077,0.07820097118443706,0.522710226838482,2,0.24210146892692597,0.07425308048310078,0.06605456763898748,0.04253112319260484,0.0790269708107499,0.08036920344988166,0.019961832727862356,5,57,0.02841121029462316,0.006915756096455305,True,False,False,0.00012551986721382908,COMPLETE
1022,0.5229446530342102,2025-04-08 18:26:06.413751,2025-04-08 18:26:46.755285,0 days 00:00:40.341534,0.08967027485965857,0.5189421247905341,2,0.22851915264766784,0.06564008462760867,0.06382883265584544,0.038780867246749486,0.07962745590840793,0.08029102800694563,0.02561484974002855,6,59,0.02976575382103527,0.004064741876278246,True,False,False,7.333024747631631e-05,COMPLETE
1023,0.5353527188301087,2025-04-08 18:26:47.082348,2025-04-08 18:27:24.496029,0 days 00:00:37.413681,0.10486179128686245,0.4987963584142943,2,0.23531509095122943,0.07320562393873112,0.062304566467339784,0.04184163264261606,0.08094647456343201,0.08207943288271276,0.02073882744950133,5,56,0.03006998869469776,0.00426275453036537,True,False,False,0.00011860827984338927,COMPLETE
1024,0.5432606101036072,2025-04-08 18:27:24.822058,2025-04-08 18:28:02.145577,0 days 00:00:37.323519,0.07132689599285112,0.49114263885356974,2,0.23517029676769205,0.062079688233045834,0.058527033944067705,0.04400290542434319,0.08153408737756401,0.0829814835798914,0.021328703774239045,5,57,0.030573622618856287,0.020758850071090195,True,False,False,9.645053264672501e-05,COMPLETE
