number,value,datetime_start,datetime_complete,duration,params_alpha-eval,params_alpha-train,params_batch-size,params_eps-eval,params_eps-train,params_lambda-actions-eval,params_lambda-actions-train,params_lambda-frames-eval,params_lambda-frames-train,params_learning-rate,params_n-epochs,params_n-frames,params_radius-gw,params_rho,params_std-feats,params_ub-actions,params_ub-frames,params_weight-decay,state
1196,0.3270885705947876,2025-04-08 20:19:54.003025,2025-04-08 20:20:31.381009,0 days 00:00:37.377984,0.11837163662551195,0.4957702029402781,2,0.2458469943079409,0.07312080578161718,0.044718235753051234,0.03697641990415161,0.07869839534246971,0.08323250115870115,0.06216659462539205,5,49,0.013203437554510918,0.09708445780617253,True,False,False,3.617895599399427e-05,COMPLETE
1197,0.4181227564811707,2025-04-08 20:20:31.770035,2025-04-08 20:21:12.725735,0 days 00:00:40.955700,0.0924419639273395,0.541983660034653,2,0.23886055170988607,0.059361566745007276,0.0574057818911383,0.04405894905452287,0.08422736546204858,0.09047004220141677,0.0996721415094976,6,67,0.022660989561540498,0.021044600422922513,True,False,False,4.209068018180257e-05,COMPLETE
1198,0.5280415654182434,2025-04-08 20:21:13.112115,2025-04-08 20:21:50.611473,0 days 00:00:37.499358,0.05249157785470841,0.4318613551575049,2,0.25410664980437697,0.07773589210393862,0.059991839654325294,0.028573609447851596,0.08050152497373962,0.08666723649413413,0.03887811671043013,5,58,0.0294764615954828,0.030732493916815082,True,False,False,0.00010755271901290617,COMPLETE
1199,0.5312657594680786,2025-04-08 20:21:50.992267,2025-04-08 20:22:28.935480,0 days 00:00:37.943213,0.15460845572945447,0.4759819212558533,2,0.22642088848637254,0.06750469636329548,0.047842941524361506,0.041259697496888785,0.07648303826914325,0.09619329560509046,0.025498903096966206,5,63,0.025911094428981065,0.0380679781104986,True,False,False,7.388682557734531e-05,COMPLETE
1200,0.5210215091705322,2025-04-08 20:22:29.319239,2025-04-08 20:23:09.685422,0 days 00:00:40.366183,0.07848958290606925,0.5235678952453546,2,0.24825585076729978,0.046152304706430614,0.05457371139457706,0.038482625174836346,0.0858584839047853,0.09868154451384951,0.021558841078926,6,52,0.024298112572718807,0.00763129722741734,True,False,False,5.5714573823667174e-05,COMPLETE
1201,0.5417991876602173,2025-04-08 20:23:10.069461,2025-04-08 20:23:47.292123,0 days 00:00:37.222662,0.11556742716335142,0.45250223865746875,2,0.23628009816381834,0.052968676928065034,0.05141827760117545,0.04381874688700624,0.09376628235864104,0.08267143863692468,0.051983756639657604,5,57,0.02735692144395778,0.016694859594433377,True,False,False,2.5854812350952016e-05,COMPLETE
1202,0.4737833142280579,2025-04-08 20:23:47.677692,2025-04-08 20:24:28.488791,0 days 00:00:40.811099,0.19795539189010297,0.4184716351846849,2,0.2420497724149414,0.05105655040382526,0.05160939174493851,0.044083293999310706,0.08796254363509355,0.0938031145662892,0.05536481669002354,6,71,0.02291967060135512,0.023792715716215176,True,False,False,2.0282287152425085e-05,COMPLETE
1203,0.5501887917518615,2025-04-08 20:24:28.872858,2025-04-08 20:25:06.206987,0 days 00:00:37.334129,0.13995046051897592,0.44473067701647295,2,0.2527775989704787,0.1541734908772435,0.049831754459444155,0.04433610342328703,0.09710389823810578,0.0852788382259304,0.04826324416979355,5,61,0.025564434594272836,0.03136250126174088,True,False,False,2.48050394713277e-05,COMPLETE
1204,0.20491130352020265,2025-04-08 20:25:06.600330,2025-04-08 20:25:43.700120,0 days 00:00:37.099790,0.16410711765041947,0.4347238953871647,2,0.2532511441094616,0.04817782107221483,0.04669936801271658,0.04461799420892473,0.09716786220871386,0.0885148132909109,0.07259334000463236,5,66,0.021630456979727895,0.02644198186793604,False,False,False,3.835797788290683e-05,COMPLETE
1205,0.32802596092224123,2025-04-08 20:25:44.085603,2025-04-08 20:26:04.018992,0 days 00:00:19.933389,0.18014539492260362,0.4061049423783989,16,0.2553840169381769,0.1482486508534237,0.04859941196743001,0.04428407006508137,0.0931381667462758,0.09188517118382104,0.00041603753485666315,5,62,0.024033316374028085,0.033449373438223795,True,False,False,2.201076419814253e-05,COMPLETE
1206,0.5143464803695679,2025-04-08 20:26:04.403969,2025-04-08 20:26:41.774168,0 days 00:00:37.370199,0.1429342626772923,0.45062659931289833,2,0.2513281248640571,0.05477663536660565,0.04942599617655697,0.03521105199939868,0.09605519075885226,0.09996136611845884,0.061130140514762656,5,65,0.01882150576053663,0.03117855371171644,True,False,False,1.3698986589471437e-05,COMPLETE
1207,0.5439706325531006,2025-04-08 20:26:42.160138,2025-04-08 20:27:19.894104,0 days 00:00:37.733966,0.14807892766502806,0.41725171510756764,2,0.2475572374936386,0.14918858953157957,0.05272845261386608,0.03220087113589519,0.09775478940647489,0.08312403494328387,0.04708031900848071,5,60,0.021859586670226513,0.02166370052604394,True,False,False,1.477555512335049e-05,COMPLETE
1208,0.5361152291297913,2025-04-08 20:27:20.281887,2025-04-08 20:27:57.725013,0 days 00:00:37.443126,0.13187839278101582,0.4047371569031133,2,0.25617611880093505,0.157843267680215,0.051597108772711044,0.04533685746678453,0.0920960682507286,0.08308612462348604,0.04649726025208797,5,55,0.022971444699411793,0.01885674667911491,True,False,False,1.255258384612077e-05,COMPLETE
1209,0.5115407824516296,2025-04-08 20:27:58.114300,2025-04-08 20:28:35.951416,0 days 00:00:37.837116,0.14388432481795752,0.9669818000166629,2,0.24891949916905165,0.16578009990755174,0.04951040082140534,0.029583562371523955,0.09831291218467642,0.08656510728089972,0.03670242642477082,5,57,0.021040136143515638,0.019244543012495646,True,False,False,1.9283800487597897e-05,COMPLETE
1210,0.5422035813331604,2025-04-08 20:28:36.338634,2025-04-08 20:29:13.577075,0 days 00:00:37.238441,0.12703889122034487,0.42119998765723266,2,0.2547752606517016,0.04457823868599518,0.0457377767157367,0.042908312260127784,0.09626374575735308,0.08396111873137685,0.046136098475862856,5,59,0.02148510464669716,0.03931558913119779,True,False,False,1.6178608241896363e-05,COMPLETE
1211,0.16931513845920562,2025-04-08 20:29:13.964503,2025-04-08 20:29:47.064396,0 days 00:00:33.099893,0.12184748167634318,0.3965112355196287,2,0.25635780534465086,0.15249522790447756,0.044415838043298794,0.04361044398199213,0.09300755328674172,0.08385914288032191,0.043148455072693444,5,60,0.020704411355072522,0.04079861517640144,True,True,True,1.0540126101269203e-05,COMPLETE
1212,0.5095985651016236,2025-04-08 20:29:47.450021,2025-04-08 20:30:24.871880,0 days 00:00:37.421859,0.12646943453379886,0.4181469988969947,2,0.257784877910243,0.16299099413738422,0.039729999651352606,0.045193003172210026,0.09936072277502007,0.08590806378026215,0.036160336181659106,5,60,0.0860600214502972,0.03508022608858073,True,False,False,1.5810760051929176e-05,COMPLETE
1213,0.5262556314468384,2025-04-08 20:30:25.259507,2025-04-08 20:31:02.878067,0 days 00:00:37.618560,0.11798239472709027,0.40253019872960744,2,0.2518829268012431,0.14412375326966342,0.04160830126064768,0.043032066220436024,0.09670301172782925,0.08244766537357419,0.04426874176856162,5,62,0.0211478413997789,0.04109551465332967,True,False,False,1.6445624231079085e-05,COMPLETE
1214,0.5210465312004089,2025-04-08 20:31:03.267201,2025-04-08 20:31:40.514073,0 days 00:00:37.246872,0.1373644334647878,0.4213321258408492,2,0.25613727021560034,0.1594711832582723,0.047030241412909006,0.044830885066410614,0.09468176932681957,0.08357074372365826,0.04790212703908512,5,58,0.019562039326494595,0.03344350810715134,True,False,False,1.7960948165358623e-05,COMPLETE
1215,0.5151598334312439,2025-04-08 20:31:40.905546,2025-04-08 20:32:18.348148,0 days 00:00:37.442602,0.09701943448285309,0.43597690839028846,2,0.2495187047267893,0.1541223958253951,0.04916843605187219,0.0319916341119058,0.09272843777127049,0.08515442590415863,0.03238965282646058,5,60,0.019051557399316535,0.04868819408312007,True,False,False,3.024315435554635e-05,COMPLETE
1216,0.533673107624054,2025-04-08 20:32:18.736258,2025-04-08 20:32:56.232241,0 days 00:00:37.495983,0.11466087029166963,0.43972575251182133,2,0.25525565199690625,0.13942277023396402,0.04552252129073827,0.040637468861261586,0.0986651018768042,0.08185449673912248,0.036706906955937785,5,58,0.022299909300605693,0.02871005289705548,True,False,False,1.316648373714842e-05,COMPLETE
1217,0.5453938126564026,2025-04-08 20:32:56.622093,2025-04-08 20:33:34.353569,0 days 00:00:37.731476,0.1409740802039835,0.39847275606399146,2,0.24772994128533657,0.04148118555352792,0.04781740487650307,0.042869793874994656,0.09937725525018136,0.08714248585988384,0.04103329259584915,5,63,0.020707661193174194,0.028439453034267204,True,False,False,2.2995802684407944e-05,COMPLETE
1218,0.5440559744834901,2025-04-08 20:33:34.743929,2025-04-08 20:34:12.410859,0 days 00:00:37.666930,0.14294857159756022,0.38323878785160104,2,0.2579075670767035,0.15392449621369328,0.04462885995078591,0.04533803635701971,0.09914357958167055,0.087560476243471,0.05159815582026472,5,64,0.017990740206220296,0.037841110720892676,True,False,False,2.1657917791600297e-05,COMPLETE
1219,0.5434805154800415,2025-04-08 20:34:12.800514,2025-04-08 20:34:50.451424,0 days 00:00:37.650910,0.1498588050053518,0.40202958055031063,2,0.2597432018451657,0.15178125645588314,0.044491687117851265,0.04462570964723256,0.09713058099642839,0.0889455990528384,0.052092757073274064,5,65,0.017443763570942492,0.060564121632530665,True,False,False,2.0194950035969626e-05,COMPLETE
1220,0.5248949408531189,2025-04-08 20:34:50.844136,2025-04-08 20:35:28.660168,0 days 00:00:37.816032,0.15271886176757374,0.39947033078095673,2,0.2599213634595929,0.16258648645841656,0.042460712168029505,0.045648927398676,0.09991490402879431,0.09139042174102034,0.04764538288301633,5,69,0.01839564649632143,0.05684083921352335,True,False,False,2.2285649915707515e-05,COMPLETE
1221,0.5244903922080995,2025-04-08 20:35:29.047649,2025-04-08 20:36:06.348109,0 days 00:00:37.300460,0.15920617850760438,0.3869401944542761,2,0.25886082990146486,0.14689428272993668,0.042803201329242396,0.04532716860036983,0.09722169672135222,0.08927700970671082,0.05079936352398211,5,66,0.01718032094699673,0.04648022822306678,True,False,False,1.9264271323345173e-05,COMPLETE
1222,0.508844256401062,2025-04-08 20:36:06.739310,2025-04-08 20:36:44.402608,0 days 00:00:37.663298,0.17918946214343937,0.39133364049707375,2,0.25768846314021887,0.17302339009285456,0.0438610075915929,0.04618145865133913,0.09472671292055924,0.09025124580343177,0.0648114465068268,5,67,0.01698327291439214,0.048994158211089975,True,False,False,1.652716992951789e-05,COMPLETE
1223,0.5427807450294495,2025-04-08 20:36:44.790723,2025-04-08 20:37:22.464412,0 days 00:00:37.673689,0.14642461722744043,0.3818326680477214,2,0.25947296662793395,0.1525145770527514,0.04390661626240217,0.04470114117743376,0.09997997684820366,0.08908860346808375,0.05328347230927061,5,64,0.01783807958149372,0.05656901461044575,True,False,False,1.5391909978154944e-05,COMPLETE
1224,0.22105113863945008,2025-04-08 20:37:22.855089,2025-04-08 20:38:00.436664,0 days 00:00:37.581575,0.18572931513570912,0.38435125587224883,2,0.2634483661913707,0.1472353281517106,0.0404021916683327,0.04657859272041956,0.09993002769165236,0.0898481343758219,0.053560970455021464,5,70,0.018442583569968737,0.0811143769357974,False,False,False,1.0217949171103018e-05,COMPLETE
1225,0.5293007493019104,2025-04-08 20:38:00.825643,2025-04-08 20:38:38.209895,0 days 00:00:37.384252,0.15749535882478108,0.3770482894919516,2,0.26051305964656996,0.15944059945121775,0.04296143272481935,0.04469780620865399,0.09776569751220997,0.0910643183277399,0.05336992527596965,5,65,0.01697428144719078,0.047341750415874004,True,False,False,1.6640565148879033e-05,COMPLETE
1226,0.5118411660194397,2025-04-08 20:38:38.599974,2025-04-08 20:39:16.106476,0 days 00:00:37.506502,0.1738140965117302,0.39586331988891904,2,0.26085964142804147,0.15092195664769645,0.038933924584091145,0.04593653196344332,0.09523430581951119,0.08677845980919933,0.07190214312204471,5,72,0.016325646525261035,0.05969726670790124,True,False,False,1.3761598918088546e-05,COMPLETE
1227,0.10436820685863496,2025-04-08 20:39:16.495008,2025-04-08 20:39:34.626884,0 days 00:00:18.131876,0.1558245589819922,0.38954453889073026,16,0.25536786876373363,0.1530708183261774,0.037706408353602096,0.04391481752829494,0.09681607020903914,0.0878119890644401,0.05291616868718591,5,65,0.01768047666645208,0.06105863370542268,True,True,False,2.5548629120993687e-05,COMPLETE
1228,0.5131842494010925,2025-04-08 20:39:35.020045,2025-04-08 20:40:12.510716,0 days 00:00:37.490671,0.1407322059130964,0.39167572980437876,2,0.2617203042907787,0.17072496165462248,0.04398245063517691,0.04646557532546548,0.09793651924439961,0.08889844786927467,0.06535388066938796,5,68,0.01879854695592419,0.06521815888048402,True,False,False,1.2239038308434933e-05,COMPLETE
1229,0.3642513990402222,2025-04-08 20:40:12.901972,2025-04-08 20:40:50.371111,0 days 00:00:37.469139,0.9859054309107278,0.38866618060526753,2,0.2575444507060273,0.14093188640491683,0.04548749003442083,0.044521570879615995,0.09538694311985513,0.09230763285523902,0.04910522041831777,5,64,0.015012039957921205,0.04002013377500304,True,False,False,2.2548511764738607e-05,COMPLETE
1230,0.5031431317329407,2025-04-08 20:40:50.762117,2025-04-08 20:41:31.174882,0 days 00:00:40.412765,0.19051665099451598,0.40693453660690926,2,0.26567200191035617,0.15325873091918937,0.04161022952352547,0.04377965876103854,0.0996380667485791,0.08834807864606539,0.07656215719359832,6,63,0.01923521986343514,0.04051209878387329,True,False,False,1.4895265540062992e-05,COMPLETE
1231,0.08987726718187333,2025-04-08 20:41:31.563615,2025-04-08 20:42:04.281530,0 days 00:00:32.717915,0.14508162548986428,0.3696656981734741,2,0.25503927735635773,0.1567187419787393,0.04460138146420122,0.04653393652281255,0.09800851899447403,0.08950210694993335,0.056727024020141854,5,67,0.019380515219025077,0.07412484861086063,True,False,True,7.603112401740292e-06,COMPLETE
1232,0.5334531545639039,2025-04-08 20:42:04.672474,2025-04-08 20:42:45.098080,0 days 00:00:40.425606,0.16071325908534823,0.3756811296335378,2,0.2557055410838824,0.15731917192008715,0.04416598644836558,0.04485000512193045,0.09383968547266318,0.0879888130770374,0.04451869520728921,6,64,0.016652822771478972,0.0383141732510882,True,False,False,2.009715243397802e-05,COMPLETE
1233,0.5336268067359925,2025-04-08 20:42:45.486273,2025-04-08 20:43:23.230046,0 days 00:00:37.743773,0.1379136225081491,0.40835842464009126,2,0.252124974760269,0.1415148020471583,0.04169491788051194,0.043338172193196994,0.09624425468858347,0.089801276802891,0.06573314023306322,5,74,0.01787387243600625,0.05434296672788656,True,False,False,2.415543814582939e-05,COMPLETE
1234,0.37419050335884096,2025-04-08 20:43:23.643642,2025-04-08 20:44:01.400195,0 days 00:00:37.756553,0.2113074934563877,0.39014046109191125,2,0.26041236721459604,0.14771470603509987,0.04703378907352671,0.04548273502743098,0.09940338315726864,0.08774346188696441,0.051095629889006955,5,63,0.015309537919968013,0.051062538788967576,True,False,False,1.6761970209519828e-05,COMPLETE
1235,0.5189935803413391,2025-04-08 20:44:01.798510,2025-04-08 20:44:42.370847,0 days 00:00:40.572337,0.1762838911406845,0.40307595131875307,2,0.2637479778585737,0.18866773626484062,0.045491807511327656,0.04294832272090698,0.09665457951080565,0.0915293785947158,0.04297807211831026,6,68,0.019849076107294198,0.04639612330869839,True,False,False,2.572028195146279e-05,COMPLETE
1236,0.5496473908424377,2025-04-08 20:44:42.769595,2025-04-08 20:45:20.183968,0 days 00:00:37.414373,0.14578965540735017,0.37790398588435486,2,0.25122157179154886,0.16759245999323924,0.04555865149109186,0.04754657149818654,0.0981469177211132,0.086931594385907,0.05629640581696172,5,62,0.020352504125490205,0.04293192482993403,True,False,False,1.9438986215565904e-05,COMPLETE
1237,0.5327141165733338,2025-04-08 20:45:20.581280,2025-04-08 20:45:58.096860,0 days 00:00:37.515580,0.14484558750088938,0.3728426066981547,2,0.26553436129734914,0.17440032113775253,0.04249473944526931,0.046926190440008855,0.09802629206756132,0.08719182572075858,0.053093832825084994,5,67,0.01778815921577827,0.04383884598978274,True,False,False,1.1132983584075987e-05,COMPLETE
1238,0.5266297221183778,2025-04-08 20:45:58.496153,2025-04-08 20:46:36.348289,0 days 00:00:37.852136,0.12942167446078479,0.3814771690206574,2,0.2550362005472683,0.13457408850863684,0.04400203517303534,0.044277241031954837,0.09488536243225543,0.08755620871340646,0.04149591246998424,5,70,0.019931649107141715,0.05354593168232076,True,False,False,2.0404976547007836e-05,COMPLETE
1239,0.5266865015029907,2025-04-08 20:46:36.748244,2025-04-08 20:47:13.905223,0 days 00:00:37.156979,0.14622677563844913,0.38873714597775005,2,0.25134754314968094,0.16916363664295142,0.04491407918720144,0.04685006994523842,0.0997844348101574,0.08934392975367379,0.04212238010144014,5,64,0.015850846939976723,0.06760042385903284,True,False,False,1.55620194538565e-05,COMPLETE
1240,0.5403339624404908,2025-04-08 20:47:14.302055,2025-04-08 20:47:52.195378,0 days 00:00:37.893323,0.1329576068893227,0.3557576904901766,2,0.2591406185348141,0.16888768067619708,0.046303488628848526,0.047421726468019364,0.09674292698258077,0.08720801832646066,0.05295589232346556,5,62,0.018853883432143313,0.0542218695145714,True,False,False,2.021841845125451e-05,COMPLETE
1241,0.5299749970436096,2025-04-08 20:47:52.591307,2025-04-08 20:48:30.926443,0 days 00:00:38.335136,0.1499882943896325,0.36813513342423043,2,0.2602460239117136,0.18228430568114876,0.04679077609555157,0.047483570201965156,0.09615507235921279,0.08680338339100813,0.05938467639282864,5,66,0.01765168795970256,0.05444618130077837,True,False,False,2.091240201230602e-05,COMPLETE
1242,0.2303040623664856,2025-04-08 20:48:31.322585,2025-04-08 20:49:08.106166,0 days 00:00:36.783581,0.13330433934741126,0.3599386857784662,2,0.2665309907932768,0.16550034846425304,0.04655132294152979,0.04777778723845403,0.09782773023701577,0.089636659572901,0.05168754487383125,5,63,0.01779868446313767,0.04495698555059891,False,False,False,1.8422021435414534e-05,COMPLETE
1243,0.5386767029762268,2025-04-08 20:49:08.501135,2025-04-08 20:49:45.805604,0 days 00:00:37.304469,0.1607271661591008,0.3746095053260153,2,0.26073448614884265,0.16738440009470912,0.04112349241216665,0.04743388724647031,0.09453565322047315,0.0875447306936702,0.05930152878040935,5,71,0.02017831227553188,0.060104379662337164,True,False,False,9.113124848398976e-06,COMPLETE
1244,0.36440657377243046,2025-04-08 20:49:46.204945,2025-04-08 20:50:23.871564,0 days 00:00:37.666619,0.12967855719743698,0.4094161460434679,2,0.266283658620891,0.17568683204082788,0.04474866420499192,0.02793456744557622,0.09797521682842404,0.09041757237762385,0.046704845499847325,5,66,0.013813007492883759,0.05100213219588979,True,False,False,1.3023585247902146e-05,COMPLETE
1245,0.5407429456710815,2025-04-08 20:50:24.268687,2025-04-08 20:51:01.735236,0 days 00:00:37.466549,0.1451533956211246,0.3862463632817167,2,0.25864254965044287,0.1631194377296912,0.043271146721826935,0.04725599203154582,0.09979237362820709,0.0884500874315351,0.05091031628932532,5,62,0.020182616444319287,0.042461821287120054,True,False,False,2.2901408570213038e-05,COMPLETE
1246,0.4993306040763855,2025-04-08 20:51:02.133200,2025-04-08 20:51:42.801419,0 days 00:00:40.668219,0.7978942575147514,0.34476327588664896,2,0.25765485128909477,0.16551296921026162,0.045348945648474616,0.04612634663303178,0.09933155524049087,0.08868177208990496,0.052666060035833635,6,64,0.015642192368318555,0.059800922027783206,True,False,False,2.2383272867320087e-05,COMPLETE
1247,0.09828878194093704,2025-04-08 20:51:43.200691,2025-04-08 20:52:16.155278,0 days 00:00:32.954587,0.18738055188168856,0.3823471175624346,2,0.2532930409915967,0.18069993437319393,0.035900042346360274,0.04719712109858379,0.09548014049022309,0.08637007409104133,0.05959653005668793,5,69,0.019128569432751326,0.04341121403149657,True,True,False,1.4700440293489798e-05,COMPLETE
1248,0.4819680452346802,2025-04-08 20:52:16.556229,2025-04-08 20:52:37.050307,0 days 00:00:20.494078,0.16621782343316743,0.3894744489209298,16,0.26503905448029647,0.1558167234428229,0.04337085902846062,0.0958075626852924,0.0962586313532786,0.09002635366377931,0.04522386865794397,6,62,0.018514152728251913,0.04690245333152198,True,False,False,2.6238539949812677e-05,COMPLETE
1249,0.5035243630409241,2025-04-08 20:52:37.445240,2025-04-08 20:53:14.992480,0 days 00:00:37.547240,0.14622121097691163,0.3570236118346648,2,0.25917000891106007,0.16900814728550306,0.046057533066601784,0.04561107259482882,0.09750406524490607,0.08743948576664161,0.07179094094082188,5,67,0.016458111700272553,0.05433236025770511,True,False,False,1.782568620206406e-05,COMPLETE
1250,0.13388803899288176,2025-04-08 20:53:15.391344,2025-04-08 20:53:48.574456,0 days 00:00:33.183112,0.15663609598276895,0.36236145910981393,2,0.2523737528162749,0.15146538680993704,0.04112851442002979,0.04767081034231426,0.0995660982723873,0.09136709038499968,0.04166253996039322,5,63,0.02001562682572762,0.039462167931619996,True,False,True,2.0873741278672002e-05,COMPLETE
1251,0.3754882693290711,2025-04-08 20:53:48.972905,2025-04-08 20:54:30.024096,0 days 00:00:41.051191,0.13599609085021344,0.35219235079994893,2,0.26386276862797153,0.1606073855294792,0.042739849387366975,0.030623353659792386,0.09375122831218433,0.08853777326248188,0.053782499285994274,6,62,0.014555426438368145,0.04829431771670422,True,False,False,1.1200107604461504e-05,COMPLETE
1252,0.5425887823104859,2025-04-08 20:54:30.421933,2025-04-08 20:55:08.536533,0 days 00:00:38.114600,0.17088297799660937,0.3977214479208999,2,0.25272807392233554,0.17064215580528921,0.04253891491222325,0.045579483409234206,0.09790158402897021,0.08526336343284031,0.0659395663210227,5,68,0.01973669120231462,0.037191669702218925,True,False,False,2.3789187084816303e-05,COMPLETE
