number,value,datetime_start,datetime_complete,duration,params_alpha-eval,params_alpha-train,params_batch-size,params_eps-eval,params_eps-train,params_lambda-actions-eval,params_lambda-actions-train,params_lambda-frames-eval,params_lambda-frames-train,params_learning-rate,params_n-epochs,params_n-frames,params_radius-gw,params_rho,params_std-feats,params_ub-actions,params_ub-frames,params_weight-decay,state
1766,0.5145639061927796,2025-04-09 02:29:54.662662,2025-04-09 02:30:31.970246,0 days 00:00:37.307584,0.0803703584026131,0.406893873091855,2,0.2667523396705921,0.1709314146739343,0.05428648780629303,0.03646046284143653,0.09070221825299137,0.08404304637947688,0.058372191786543584,5,65,0.020704979264557097,0.04707483039467184,True,False,False,1.038503590109236e-06,COMPLETE
1767,0.5171376585960389,2025-04-09 02:30:32.550476,2025-04-09 02:31:10.391751,0 days 00:00:37.841275,0.8688400370388881,0.37935689825692104,2,0.2503992637143991,0.16320837163881208,0.04774422673093036,0.033347103406183534,0.09536558105437346,0.08757724970449679,0.05048859419040307,5,66,0.024442331815440373,0.04048922123970514,True,False,False,2.0764927545114886e-05,COMPLETE
1768,0.5337272763252259,2025-04-09 02:31:10.954573,2025-04-09 02:31:48.683117,0 days 00:00:37.728544,0.11446610925910224,0.35857972439422464,2,0.2607271805144002,0.16400549939674003,0.05030260015243596,0.03850634795610317,0.09197280420202752,0.09469684901845178,0.03912520720713787,5,68,0.018450049036435347,0.03818922400754536,True,False,False,1.2937955169181908e-05,COMPLETE
1769,0.501015341281891,2025-04-09 02:31:49.265464,2025-04-09 02:32:30.019213,0 days 00:00:40.753749,0.04358910787492855,0.41871736763122236,2,0.25491116063320163,0.16976046836589653,0.04722857865115854,0.0353639052824831,0.0880715259499765,0.09150794782691499,0.06740938752029343,6,64,0.022315974735594855,0.049817117454100515,True,False,False,2.0946843787536094e-05,COMPLETE
1770,0.5145719170570373,2025-04-09 02:32:30.581764,2025-04-09 02:33:14.688521,0 days 00:00:44.106757,0.15991499590997882,0.3948668656117982,2,0.2476902331898575,0.1758787620636557,0.049344059152133364,0.040450209920397204,0.0930301577225407,0.08952411949864811,0.030572479641126367,7,71,0.019644184827131966,0.04390370592016009,True,False,False,2.6118887595368033e-05,COMPLETE
1771,0.5180772185325623,2025-04-09 02:33:15.270478,2025-04-09 02:33:52.783748,0 days 00:00:37.513270,0.13047943927258962,0.4410586453145061,2,0.26673016003052036,0.16653436049272635,0.051163300151772104,0.038103423712765566,0.09395108293481899,0.0819290138162269,0.047481721055907665,5,65,0.025085010048667186,0.053991120888986596,True,False,False,7.127025332480683e-06,COMPLETE
1772,0.5149113774299622,2025-04-09 02:33:53.346815,2025-04-09 02:34:31.730817,0 days 00:00:38.384002,0.1060553025493438,0.3398341493085511,2,0.25727037934414976,0.1581607535872548,0.0482411629486856,0.04067352616231415,0.0953009404476409,0.08679424658782209,0.05876822729008815,5,76,0.015781901563011548,0.03605636508283484,True,False,False,1.6897469532125966e-05,COMPLETE
1773,0.2345371186733246,2025-04-09 02:34:32.313109,2025-04-09 02:35:13.218870,0 days 00:00:40.905761,0.08505677877897524,0.37833989502650206,2,0.2515188924538585,0.239235693925287,0.04604718601635966,0.0316437954680362,0.09090303032239211,0.09266779404177988,0.0414407239624431,6,69,0.021189847106179046,0.041110395604951645,False,False,False,1.0793182957076586e-05,COMPLETE
1774,0.5326118469238281,2025-04-09 02:35:13.811879,2025-04-09 02:35:51.488329,0 days 00:00:37.676450,0.17811574312833245,0.4205923556148124,2,0.2617540106234157,0.18581891537133235,0.052917314371614725,0.03462367658981145,0.09678553508384924,0.08494981858521149,0.03487383439777863,5,64,0.02404755999667622,0.04901635773003288,True,False,False,2.1153560792619155e-05,COMPLETE
1775,0.3958245992660523,2025-04-09 02:35:52.068020,2025-04-09 02:36:34.376632,0 days 00:00:42.308612,0.21681664634206152,0.31349547953964074,2,0.2479969151905625,0.19921639985676892,0.046573314442185945,0.03975615971000844,0.09389972500173033,0.09007496565355873,0.0711325053439892,6,136,0.01804954947908676,0.06070268425326513,True,False,False,2.8261761530240722e-05,COMPLETE
1776,0.14200145900249483,2025-04-09 02:36:34.942838,2025-04-09 02:37:07.796436,0 days 00:00:32.853598,0.1430066380058425,0.817453377048659,2,0.25641547570970386,0.16467245459461607,0.0496603373435363,0.03690576845968075,0.08930648272047875,0.08768667929075843,0.05104976457337185,5,68,0.022634497881457393,0.037788826655125826,True,True,False,1.4818170101998431e-05,COMPLETE
1777,0.5162633180618286,2025-04-09 02:37:08.382600,2025-04-09 02:37:48.763648,0 days 00:00:40.381048,0.12599630252379473,0.39922245966124575,2,0.26586571502322576,0.15992181204079842,0.045306822953893815,0.04256751922333455,0.09686446846389607,0.09302775632757297,0.04262167298360193,6,63,0.02637057175027628,0.04380078916229911,True,False,False,4.480808980733017e-06,COMPLETE
1778,0.43510847687721255,2025-04-09 02:37:49.330270,2025-04-09 02:38:09.487584,0 days 00:00:20.157314,0.06113444858595939,0.356908352934339,16,0.24291438654616362,0.20419138654893654,0.04798322409425556,0.0331237330343044,0.08700624145712595,0.08310665703670125,0.05714313348300575,5,66,0.019953468296740263,0.03330626184527781,True,False,False,2.3757020050622803e-05,COMPLETE
1779,0.5043564796447754,2025-04-09 02:38:10.073263,2025-04-09 02:38:53.780397,0 days 00:00:43.707134,0.11004902356809232,0.4408230700138504,2,0.21671452725353227,0.15515283123687298,0.0437234083682314,0.037653099005332,0.09214897314241056,0.09100615671128584,0.02738369460768394,7,62,0.01701114898324823,0.019716900930489698,True,False,False,3.1521610641629e-05,COMPLETE
1780,0.10368236601352693,2025-04-09 02:38:54.345797,2025-04-09 02:39:27.658284,0 days 00:00:33.312487,0.15508349442507682,0.3327446804867984,2,0.2510204800739309,0.16222415325972195,0.05379132600656435,0.041299934958099103,0.09548160408231471,0.09491164861959177,0.08793581227226085,5,72,0.02157693025900349,0.06428750811167153,True,False,True,1.833284588653429e-05,COMPLETE
1781,0.5094728946685791,2025-04-09 02:39:28.250232,2025-04-09 02:40:08.908231,0 days 00:00:40.657999,0.09477280541725852,0.37746403849793486,2,0.2727993776368618,0.14912214443093488,0.0512476043329556,0.035821011308289984,0.09796307727012137,0.08853101182186168,0.03386845022848362,6,67,0.023910389661636552,0.07324619308739905,True,False,False,1.3621370691194209e-05,COMPLETE
1782,0.3728434503078461,2025-04-09 02:40:09.473474,2025-04-09 02:40:47.725989,0 days 00:00:38.252515,0.13513767648745764,0.4071083528829777,2,0.2582745525065291,0.17208107115128515,0.04899061687514912,0.030139900910890943,0.09386381646173839,0.08664153551086191,0.047545353046069,5,62,0.013758210884475312,0.052917213594897046,True,False,False,2.355301681697521e-05,COMPLETE
1783,0.5500456929206848,2025-04-09 02:40:48.318001,2025-04-09 02:41:26.131701,0 days 00:00:37.813700,0.1898320104840753,0.4478480128303044,2,0.26332687494196544,0.15498495611285126,0.04665362440251411,0.039965835321730626,0.09098953587972272,0.08469070785770047,0.0610977091098049,5,65,0.01957361452790101,0.030554164693648824,True,False,False,1.7945750765463254e-05,COMPLETE
1784,0.5252023458480836,2025-04-09 02:41:26.699482,2025-04-09 02:42:04.041930,0 days 00:00:37.342448,0.23901636984546604,0.4255142680264829,2,0.27415740458477855,0.26311590041181965,0.041957027641327395,0.04232405535997825,0.09071456782407311,0.08358557622917202,0.07738164195628766,5,69,0.015836947428519963,0.03185345690178689,True,False,False,1.0943513872663751e-05,COMPLETE
1785,0.5129053473472596,2025-04-09 02:42:04.629035,2025-04-09 02:42:42.223110,0 days 00:00:37.594075,0.1857364709329732,0.4439858136048409,2,0.27086086234091244,0.15624294806480024,0.044052052193034055,0.04318444939250619,0.0924162567258082,0.08371662295633085,0.09645604489814331,5,74,0.01763895294919255,0.036031541895815256,True,False,False,1.5107448853943384e-05,COMPLETE
1786,0.5389718532562255,2025-04-09 02:42:42.812062,2025-04-09 02:43:20.406246,0 days 00:00:37.594184,0.2169361580583539,0.39881179930837063,2,0.27450417631454815,0.16083723141357056,0.04562394398142781,0.041032822776642774,0.09148181980394532,0.08136300790866412,0.06295159316004856,5,70,0.015455166032168156,0.029573715357572448,True,False,False,1.8043368933019968e-05,COMPLETE
1787,0.5157157421112061,2025-04-09 02:43:20.976071,2025-04-09 02:43:58.386406,0 days 00:00:37.410335,0.23150270089288244,0.4115278418944635,2,0.2673557280112427,0.15205944207361968,0.04375115673001236,0.043716407703291944,0.09285603942338523,0.07965180534203654,0.07957261964736718,5,67,0.018885454284719935,0.03506656438610522,True,False,False,1.2407516424661198e-05,COMPLETE
1788,0.5205564737319947,2025-04-09 02:43:58.952216,2025-04-09 02:44:36.439722,0 days 00:00:37.487506,0.20724466812720888,0.42500962589377195,2,0.2640150104628038,0.16625565556458996,0.04001474488822603,0.03939551664139585,0.09103994182415089,0.0814174342004799,0.0682492296208447,5,71,0.01692436013825091,0.04135057746846321,True,False,False,8.714811677251095e-06,COMPLETE
1789,0.5260382056236268,2025-04-09 02:44:37.026665,2025-04-09 02:45:17.921537,0 days 00:00:40.894872,0.20545372879604032,0.3521477027865647,2,0.26732992363176944,0.1567047149258309,0.046663143867272217,0.0416172821319478,0.08930472299554063,0.0846958215945261,0.07185584423590811,6,66,0.018897269592690048,0.027428424457975626,True,False,False,1.6805142703705307e-05,COMPLETE
1790,0.5041321396827698,2025-04-09 02:45:18.489084,2025-04-09 02:45:56.267417,0 days 00:00:37.778333,0.19735353255278035,0.3838406590438537,2,0.26318852658978054,0.14907131827573936,0.042173733798075194,0.043520239563519914,0.09418428612384513,0.08233430778687023,0.0625295577260425,5,73,0.0137921912435774,0.034744899102010555,True,False,False,1.9897521804157913e-05,COMPLETE
1791,0.4505320310592652,2025-04-09 02:45:56.857732,2025-04-09 02:47:12.559714,0 days 00:01:15.701982,0.1970185030358027,0.44410877214585887,2,0.26045793369959297,0.1608950573754541,0.04520479955313296,0.03969712099718494,0.09457380039151841,0.08501486724457191,9.10530664417135e-05,17,70,0.020083855518419767,0.2424081785350109,True,False,False,1.3241060306162744e-05,COMPLETE
1792,0.307520079612732,2025-04-09 02:47:13.127241,2025-04-09 02:47:50.442454,0 days 00:00:37.315213,0.22081255401581762,0.36670077933482814,2,0.2680012928425677,0.15315422678774832,0.046575294107488445,0.0414442143503175,0.09199185247045515,0.08087741772180577,0.0003826226341851597,5,66,0.05402040627047461,0.04457246515822313,False,False,False,1.6599159741976118e-05,COMPLETE
1793,0.364456307888031,2025-04-09 02:47:51.036875,2025-04-09 02:48:28.919722,0 days 00:00:37.882847,0.19171248947953148,0.4002402448279472,2,0.26151622836095795,0.14541710185865198,0.038710221438644284,0.043797190275278494,0.09663179772194125,0.08537716913065418,0.05744681667452498,5,64,0.010924365768286516,0.029216235134998783,True,False,False,2.1144865356955065e-05,COMPLETE
1794,0.4827559053897858,2025-04-09 02:48:29.511548,2025-04-09 02:49:10.810945,0 days 00:00:41.299397,0.17863056592918014,0.299950243120509,2,0.2737237831757393,0.1696369478171532,0.04287203611514491,0.040354442179311605,0.08957263974531003,0.08257970446111264,0.08573239422119802,6,89,0.017227039096332854,0.03480196970267576,True,False,False,1.033160798801657e-05,COMPLETE
1795,0.3451358020305634,2025-04-09 02:49:11.387607,2025-04-09 02:49:32.082480,0 days 00:00:20.694873,0.9693544031504375,0.32338127647108705,16,0.2562226302814882,0.2991073697348037,0.04482677808520497,0.04492947732393544,0.09461815686145122,0.08346741832673725,0.07016905093830789,6,69,0.06487080309819593,0.04034948337920026,True,False,False,1.5312170703250948e-05,COMPLETE
1796,0.35653376579284674,2025-04-09 02:49:32.682260,2025-04-09 02:50:10.283786,0 days 00:00:37.601526,0.20365258574853148,0.4240667981203192,2,0.17488910493156512,0.15543372572550013,0.0470342045775961,0.04213232442023007,0.09709356199683891,0.07999996501447003,0.054515538815202415,5,11,0.019152006573255657,0.030328589492661272,True,False,False,2.0337427339002894e-05,COMPLETE
1797,0.09188934862613678,2025-04-09 02:50:10.859012,2025-04-09 02:50:43.891973,0 days 00:00:33.032961,0.19504920563418693,0.38884172815514834,2,0.2625975829188927,0.16577412359004626,0.04296697326595611,0.03891002887283352,0.09153686991051534,0.08580615090743626,0.06133945280091664,5,65,0.015365391516549485,0.047192627050351155,True,True,False,2.3688089580350713e-05,COMPLETE
1798,0.5106957077980041,2025-04-09 02:50:44.493243,2025-04-09 02:51:21.839951,0 days 00:00:37.346708,0.17420679362659042,0.3505696487903072,2,0.25691189362803146,0.14195449195133392,0.0037149722045320965,0.027353053621576258,0.09308365090929666,0.08533704280189316,0.07679593311295137,5,68,0.01960477455360889,0.04071961323676548,True,False,False,2.597010059198736e-05,COMPLETE
1799,0.5364718317985535,2025-04-09 02:51:22.433928,2025-04-09 02:52:03.110288,0 days 00:00:40.676360,0.1823408432112808,0.4475670494841444,2,0.26896612914764484,0.1498712001947786,0.04750037840842967,0.04468140828742027,0.09822581231363864,0.08679791060401368,0.052049172939199466,6,64,0.020898716477938055,0.02540110381468875,True,False,False,1.3204814705923404e-05,COMPLETE
1800,0.08888553380966188,2025-04-09 02:52:03.701229,2025-04-09 02:52:36.911497,0 days 00:00:33.210268,0.172313187626409,0.3706231581856568,2,0.253648358755732,0.22266159644357214,0.0337568603661607,0.032154324453890125,0.09521943567737738,0.08368117798146285,0.06521058131429366,5,76,0.017660685199765536,0.035025649624428966,True,False,True,1.9147412285564007e-05,COMPLETE
1801,0.5060057520866394,2025-04-09 02:52:37.503734,2025-04-09 02:53:18.615550,0 days 00:00:41.111816,0.24693381111465298,0.4140265862240126,2,0.2616992986757738,0.17634312992014706,0.044919801285768675,0.0424827327805076,0.08950891594824159,0.08640721182738326,0.05106843163732587,6,67,0.020906766797759695,0.049560686337939884,True,False,False,1.6985120289844187e-05,COMPLETE
1802,0.49960098266601566,2025-04-09 02:53:19.188428,2025-04-09 02:53:56.683536,0 days 00:00:37.495108,0.1670187060549198,0.3918144566008494,2,0.2539151010268559,0.16105472847292318,0.040694878423964305,0.038429243419087385,0.09578954479505493,0.08441644977588413,0.08653491702780222,5,73,0.018698362570296383,0.08592831330614509,True,False,False,2.7873552120348954e-05,COMPLETE
1803,0.5092303276062012,2025-04-09 02:53:57.276973,2025-04-09 02:54:34.907429,0 days 00:00:37.630456,0.2208321794835133,0.43461530603751264,2,0.2684205358604297,0.1450592047565456,0.013979292596673618,0.040621091877089566,0.09828007224460814,0.0822414399474466,0.04404617447783688,5,63,0.01674137106161572,0.028325172195280607,True,False,False,1.2104563461511439e-05,COMPLETE
1804,0.4631515443325043,2025-04-09 02:54:35.478996,2025-04-09 02:55:16.049713,0 days 00:00:40.570717,0.191989404947306,0.34077969345899783,2,0.25882816167909894,0.15625450487359074,0.00894321577410502,0.0350987141403997,0.09355213679468527,0.08765940521988934,0.09804728792893881,6,69,0.02122202850079852,0.055759190297208605,True,False,False,2.237227174547307e-05,COMPLETE
1805,0.49131636619567876,2025-04-09 02:55:16.642649,2025-04-09 02:55:54.158567,0 days 00:00:37.515918,0.1636078650879595,0.3670070945497803,2,0.2508127540848463,0.14915781559700972,0.04623475618733125,0.03693506252369131,0.09132756837449144,0.08764758959241564,0.05821787188602154,5,65,0.08512926113215238,0.03996968816162422,True,False,False,8.098220305452838e-06,COMPLETE
1806,0.37105790972709657,2025-04-09 02:55:54.732463,2025-04-09 02:56:35.535067,0 days 00:00:40.802604,0.18432552807071928,0.4134969244782486,2,0.2643316466190994,0.13928937463211113,0.04802849034884323,0.0429597807462251,0.0968582178138448,0.08071046316412081,0.03857287117456469,6,62,0.014500754799685505,0.022412269192581158,True,False,False,1.470027830593439e-05,COMPLETE
1807,0.5052918910980224,2025-04-09 02:56:36.132463,2025-04-09 02:57:13.736521,0 days 00:00:37.604058,0.15886646223063727,0.3191185265727794,2,0.27472951414119495,0.16580143735117023,0.04232676080747126,0.029881806933406942,0.09482240754078317,0.08527243959429746,0.0713984572972376,5,71,0.018855470074996453,0.037130473196410475,True,False,False,2.838087364054521e-05,COMPLETE
1808,0.5273512601852417,2025-04-09 02:57:14.357550,2025-04-09 02:57:52.042998,0 days 00:00:37.685448,0.21187805780056929,0.39048481373282434,2,0.25534447793902604,0.15474337341829772,0.04413103875428482,0.04474887870521237,0.09818715233346703,0.0877506910709446,0.05144014097539761,5,66,0.02209815902726439,0.04548082318582766,True,False,False,1.9161544064157914e-05,COMPLETE
1809,0.5209437847137451,2025-04-09 02:57:52.625329,2025-04-09 02:58:33.256275,0 days 00:00:40.630946,0.16861690598252727,0.45516438611056537,2,0.24951134294689423,0.16000934833168937,0.03752478812065635,0.039861448669049705,0.09005635020029946,0.0838648744764481,0.045842736347601075,6,62,0.020112337830274416,0.03132020901557077,True,False,False,2.3516912779134215e-05,COMPLETE
1810,0.5275183320045471,2025-04-09 02:58:33.855330,2025-04-09 02:59:11.535847,0 days 00:00:37.680517,0.15504749717611518,0.42708759640802363,2,0.2606000677305703,0.14930111794079692,0.0489358676444588,0.033706877021486385,0.09294763060385251,0.08895349790433764,0.06328724121267522,5,68,0.017027331834524123,0.02644459977004702,True,False,False,1.688893963464974e-05,COMPLETE
1811,0.3664175808429718,2025-04-09 02:59:12.115107,2025-04-09 02:59:49.442575,0 days 00:00:37.327468,0.1844549754368846,0.36024477344171874,2,0.26800704458203933,0.19383044466855287,0.04646831751598352,0.037934714936997994,0.09629516639520602,0.08624424379289375,0.03807321559442167,5,78,0.01266594859877622,0.02199410321707966,False,False,False,1.0650119896688919e-05,COMPLETE
1812,0.4797452569007874,2025-04-09 02:59:50.046640,2025-04-09 03:00:30.890267,0 days 00:00:40.843627,0.7572852226109159,0.4069191644823214,2,0.2494687766519268,0.1359249604701599,0.04468897012282695,0.045420358439186875,0.08845089943283224,0.08924997498153811,0.05195246929214763,6,65,0.02129750385255519,0.04436691752474466,True,False,False,2.886918800431628e-05,COMPLETE
1813,0.3602940917015076,2025-04-09 03:00:31.469417,2025-04-09 03:01:09.253848,0 days 00:00:37.784431,0.14795009212500984,0.3422011452480002,2,0.2554212075477965,0.145719525623061,0.04045393942757912,0.04220124878001179,0.09844817259143135,0.08279439781046741,6.159745213421737e-05,5,61,0.0227248317283785,0.03291816961917672,True,False,False,2.085534339557723e-05,COMPLETE
1814,0.10458716154098512,2025-04-09 03:01:09.857427,2025-04-09 03:01:45.641765,0 days 00:00:35.784338,0.1717273371725298,0.3839736684224745,2,0.26246542562049924,0.1733380045832945,0.05037879487956867,0.03622528174839909,0.09336125995520536,0.08581929946888199,0.02923247210901126,6,64,0.01867023932148805,0.05297943776717619,True,True,False,1.6024986948042766e-05,COMPLETE
1815,0.5391574144363404,2025-04-09 03:01:46.222201,2025-04-09 03:02:23.938093,0 days 00:00:37.715892,0.2021088165228488,0.4528096106062005,2,0.24721134783822268,0.18321775575825283,0.04786333391766016,0.03997529293455984,0.09514464030393537,0.07974086620055212,0.04334862004550126,5,71,0.020401360334890435,0.03833614528782109,True,False,False,3.274181433587652e-05,COMPLETE
1816,0.5150439620018006,2025-04-09 03:02:24.538767,2025-04-09 03:03:02.277278,0 days 00:00:37.738511,0.15100841612983248,0.30232768723014336,2,0.2569730087098238,0.15880073196735595,0.04261277019118464,0.04603816536231303,0.09113627511620195,0.0888916246480402,0.07459595013696693,5,68,0.016337711035362357,0.022936345449895326,True,False,False,2.479255568603888e-05,COMPLETE
1817,0.34650923013687135,2025-04-09 03:03:02.866013,2025-04-09 03:03:43.957028,0 days 00:00:41.091015,0.2284702930068117,0.43240696691948766,2,0.25201806892641077,0.1525025979446914,0.04544670000110029,0.03172471979698113,0.09694647285263075,0.08506627883842917,0.00029534719056858625,6,62,0.022556834487181706,0.029505498689953544,True,False,False,1.3371461498614192e-05,COMPLETE
1818,0.08598507791757584,2025-04-09 03:03:44.538408,2025-04-09 03:04:02.412352,0 days 00:00:17.873944,0.17537900268873274,0.3705521944201018,16,0.24520141683495686,0.16793653704469091,0.04991544296241301,0.043639351723580834,0.09992886824281104,0.087173865784666,0.056527641612516236,5,66,0.018993153486599253,0.04767009530693114,True,False,True,1.988236101527436e-05,COMPLETE
1819,0.531820023059845,2025-04-09 03:04:03.008128,2025-04-09 03:04:43.430066,0 days 00:00:40.421938,0.14761507402148222,0.40698372014440276,2,0.27344222508118354,0.14171866616118256,0.04708635694988015,0.03481482251093372,0.09997955446128709,0.08249229877646352,0.03504274296604607,6,60,0.022991002314401127,0.03844809867107303,True,False,False,3.090616306052331e-05,COMPLETE
1820,0.5322104334831238,2025-04-09 03:04:44.036526,2025-04-09 03:05:55.985659,0 days 00:01:11.949133,0.16600682091090474,0.32747381982704127,2,0.26503444724230146,0.1603413830801425,0.05229057664930902,0.041050382772876495,0.09541645885943684,0.09001686463696662,0.04802304871869635,16,64,0.020547821937294382,0.01919286393719683,True,False,False,2.4912710380840545e-05,COMPLETE
1821,0.48730932474136357,2025-04-09 03:05:56.566697,2025-04-09 03:06:34.789277,0 days 00:00:38.222580,0.14101684102175566,0.35047176599082797,2,0.2577432161022824,0.15133974491986887,0.043936742132139744,0.039241264883324384,0.09308021395446686,0.025055380263895633,0.06378734020684988,5,72,0.014724717440421196,0.026945476501309684,True,False,False,1.675720024783891e-05,COMPLETE
1822,0.4798142194747925,2025-04-09 03:06:35.398587,2025-04-09 03:07:58.133861,0 days 00:01:22.735274,0.18900614211879882,0.3883414457948232,2,0.2508715565310298,0.1451349467027016,0.01760016687748623,0.04312338536954704,0.0981122555166881,0.08437171330543686,0.03984924283265652,19,68,0.024642265925188898,0.03380631795138584,True,False,False,9.735541611241686e-06,COMPLETE
