number,value,datetime_start,datetime_complete,duration,params_alpha-eval,params_alpha-train,params_batch-size,params_eps-eval,params_eps-train,params_lambda-actions-eval,params_lambda-actions-train,params_lambda-frames-eval,params_lambda-frames-train,params_learning-rate,params_n-epochs,params_n-frames,params_radius-gw,params_rho,params_std-feats,params_ub-actions,params_ub-frames,params_weight-decay,state
455,0.482053554058075,2025-04-08 12:24:35.124640,2025-04-08 12:25:00.855584,0 days 00:00:25.730944,0.42119006296375816,0.2403237320503496,8,0.1845899233529947,0.017168215836979875,0.09429534837711465,0.019553540856444486,0.03335035438477658,0.05151965518380926,0.00482077956366625,10,36,0.040593669092165316,0.16186134869665234,True,False,False,4.6215109315543344e-07,COMPLETE
456,0.09188934862613678,2025-04-08 12:25:00.996256,2025-04-08 12:25:25.251432,0 days 00:00:24.255176,0.623667930012607,0.27463316337133586,8,0.28830572588490255,0.009966950678182623,0.08675094486110659,0.016196290258770257,0.03904916543081564,0.0661303675380411,0.0031371183222634737,9,29,0.035084827127684286,0.17782884863323267,True,False,False,8.122874874603845e-08,COMPLETE
457,0.510290777683258,2025-04-08 12:25:25.405970,2025-04-08 12:25:49.686902,0 days 00:00:24.280932,0.48995150278729566,0.21158338151839215,8,0.2750937676304873,0.03537906635824354,0.08951860770449661,0.014083535094209619,0.03178604254823499,0.05681514718213295,0.004038495116476147,8,34,0.03833720691704062,0.1356183362899587,True,False,False,4.283409175380158e-06,COMPLETE
458,0.4690489053726196,2025-04-08 12:25:49.829054,2025-04-08 12:26:13.242668,0 days 00:00:23.413614,0.4835548984397472,0.23336871246820015,8,0.2767449655125836,0.043191827615981976,0.08799829590374672,0.013230701962109216,0.029616783499225165,0.06220615941766588,0.004179634286523014,7,39,0.0389346865124032,0.13122004353937375,True,False,False,1.1716487214545155e-07,COMPLETE
459,0.42068533897399907,2025-04-08 12:26:13.384179,2025-04-08 12:26:36.784668,0 days 00:00:23.400489,0.5121686219380467,0.2526541711842055,8,0.29422267306426625,0.03522510845436222,0.08883354311456071,0.014316260878066981,0.03139988694535748,0.04992678027613589,0.005466520637651016,7,23,0.04166506759961928,0.17386675521778902,True,False,False,3.2273948748815476e-07,COMPLETE
460,0.5030523657798767,2025-04-08 12:26:36.936498,2025-04-08 12:27:23.506896,0 days 00:00:46.570398,0.5001398232975698,0.18100034695867295,2,0.28496812372190305,0.038621351750016915,0.09059547923289332,0.011931722662020576,0.02721385141764411,0.05995516831878817,0.00395474747997012,8,35,0.03820623335711382,0.1665031031874658,True,False,False,5.6345065695506845e-06,COMPLETE
461,0.1731818974018097,2025-04-08 12:27:23.650879,2025-04-08 12:27:46.586711,0 days 00:00:22.935832,0.529038859835389,0.22487599833605884,8,0.0024311930909979573,0.03324188931387859,0.08206174912817109,0.014308052382942065,0.031235052010439895,0.05710281255717442,0.006738914451180896,8,30,0.04031511605450716,0.1993766455096095,True,False,False,1.3343418581346608e-06,COMPLETE
462,0.3288770496845246,2025-04-08 12:27:46.729602,2025-04-08 12:28:09.294472,0 days 00:00:22.564870,0.48311264948460575,0.27340516507534285,8,0.28032975222608425,0.04382919747023357,0.08538099236100802,0.016666310029463855,0.029300336242867122,0.05443996820824536,0.005053174729289132,6,27,0.04284125202491286,0.12104167791903636,False,False,False,7.46011231321081e-06,COMPLETE
463,0.47011779546737675,2025-04-08 12:28:09.447079,2025-04-08 12:28:33.822818,0 days 00:00:24.375739,0.49665013795256485,0.25206311532298653,8,0.2901586835076205,0.027994369120337752,0.08947175038142886,0.01200996849815171,0.0328099418305298,0.05239885016200795,0.0035936420538611688,8,36,0.03700961035527647,0.1512839851360449,True,False,False,3.561339942070409e-06,COMPLETE
464,0.5085062980651855,2025-04-08 12:28:33.966524,2025-04-08 12:28:57.518454,0 days 00:00:23.551930,0.5295543221111839,0.20710303707303163,8,0.27319209856227106,0.03542106799822637,0.0873786029948512,0.01518727599843789,0.034506402723441,0.06491180321392884,0.004388602083001005,7,32,0.03933699540772111,0.1815360213087716,True,False,False,3.5801288291225755e-06,COMPLETE
465,0.47521194219589236,2025-04-08 12:28:57.672627,2025-04-08 12:29:21.299188,0 days 00:00:23.626561,0.4625740954245747,0.3048173038757869,8,0.29325053691814323,0.024113713749896588,0.09208370782246203,0.017867263624056582,0.04278152089436718,0.04949887573417558,0.005802771007155059,7,49,0.041096548714812345,0.0902347121462997,True,False,False,1.6043050668345773e-07,COMPLETE
466,0.45029727220535276,2025-04-08 12:29:21.443974,2025-04-08 12:29:46.443604,0 days 00:00:24.999630,0.5833892429153548,0.809841606966083,8,0.2844289593112993,0.02994556628298805,0.09751560389114956,0.013145322162125139,0.026125559870281742,0.058080846017801065,0.003793146700521858,9,41,0.03654234611236933,0.11484830255746455,True,False,False,9.706976421937453e-08,COMPLETE
467,0.1332256227731705,2025-04-08 12:29:46.588521,2025-04-08 12:30:07.929935,0 days 00:00:21.341414,0.5578690172264406,0.23700975689020545,8,0.2767948127982876,0.004001517882631683,0.09121647227915268,0.01616133739186072,0.028881324104838454,0.0475868979623143,0.004744331529121688,8,25,0.03864170451248618,0.14426155844635496,True,True,False,4.108442859743254e-06,COMPLETE
468,0.48261256217956544,2025-04-08 12:30:08.084722,2025-04-08 12:30:32.740950,0 days 00:00:24.656228,0.507289463826397,0.2723798949369317,8,0.2881168712810846,0.1326248469148989,0.09300929924315227,0.018143455230782823,0.03309682242205997,0.06873061756528387,0.002653780252048654,8,30,0.042589191211278174,0.12945536780485903,True,False,False,1.2244080023919257e-07,COMPLETE
469,0.3893051385879517,2025-04-08 12:30:32.886052,2025-04-08 12:30:58.175110,0 days 00:00:25.289058,0.47721988753371786,0.2517935907973964,8,0.29522362447285,0.2869800447904861,0.08485629519392332,0.011033910658546628,0.04152237645375295,0.06331993296284871,0.00783457168291743,9,34,0.03630473472322089,0.13593709260702458,True,False,False,4.063498635324564e-06,COMPLETE
470,0.11038757264614106,2025-04-08 12:30:58.320172,2025-04-08 12:31:20.507845,0 days 00:00:22.187673,0.6195696071281913,0.22336322236532877,8,0.26518445633440985,0.013263535282690194,0.08967301008008043,0.014306581848383595,0.031107863450442384,0.05474611377596613,0.0005592494833627897,9,37,0.040379474884381844,0.16049893187129755,True,False,True,2.4096948118070685e-07,COMPLETE
471,0.4509221017360687,2025-04-08 12:31:20.664054,2025-04-08 12:31:44.419044,0 days 00:00:23.754990,0.5423114792371033,0.28748097951072765,16,0.2806936970072078,0.022740983546991434,0.09693744429611159,0.01710176646855292,0.03739594502427822,0.060750382385358695,0.003470855747282628,9,119,0.03801052570323004,0.16899391933029562,True,False,False,2.7547342146658563e-06,COMPLETE
472,0.420896726846695,2025-04-08 12:31:44.562131,2025-04-08 12:32:08.855013,0 days 00:00:24.292882,0.6032319007962402,0.18776124258286947,8,0.2896771794245477,0.015968776683237425,0.08723704098473817,0.008646211941189315,0.03492581381606003,0.0512751937784779,0.004347475734698219,8,28,0.034935177752725595,0.18942646408673927,True,False,False,4.7340551550553834e-06,COMPLETE
473,0.48964145183563235,2025-04-08 12:32:09.000138,2025-04-08 12:32:37.722765,0 days 00:00:28.722627,0.46309967510187316,0.37128168774438297,8,0.29957315381983163,0.04018775727544977,0.09451308646277995,0.012921557121870762,0.039939659633541964,0.053233440905287935,0.001295916645012113,13,32,0.043792267244639416,0.17565624611780162,True,False,False,8.414060298508918e-08,COMPLETE
474,0.5102645039558411,2025-04-08 12:32:37.879432,2025-04-08 12:33:03.678051,0 days 00:00:25.798619,0.5165646160921322,0.26047808041789483,8,0.28367894922489917,0.028072457559465455,0.09190930560941389,0.025808197456389837,0.02385511608799086,0.06705435116922132,0.005721593028373014,10,34,0.03951067299805333,0.15378214296621556,True,False,False,6.342410587431378e-08,COMPLETE
475,0.46514751315116887,2025-04-08 12:33:03.823490,2025-04-08 12:33:30.920984,0 days 00:00:27.097494,0.4905173488423835,0.3195103263859689,8,0.28564515451197403,0.030891575323229038,0.08978656244451363,0.02536914169714964,0.02220625402809808,0.07082648895700275,0.0072420407228503975,11,43,0.038448588707874744,0.15575987450158377,True,False,False,6.258253496211224e-08,COMPLETE
476,0.48884584903717043,2025-04-08 12:33:31.079845,2025-04-08 12:33:56.146023,0 days 00:00:25.066178,0.5092047968231794,0.277970171408338,8,0.29990099592848385,0.03775473700456415,0.09146085313411187,0.027111160246578142,0.024460086405006968,0.06762341597935602,0.005943583195520605,9,39,0.03530892862065904,0.15045121112732784,True,False,False,7.60602095285614e-08,COMPLETE
477,0.4510524868965149,2025-04-08 12:33:56.294395,2025-04-08 12:34:21.897115,0 days 00:00:25.602720,0.6437164760805628,0.23576929376885192,8,0.29260521186684174,0.046444215128826655,0.06574133747863004,0.02327626705976747,0.018879384225330777,0.06653091208600996,0.006521152490163874,10,35,0.03251542703902352,0.051555637039679914,True,False,False,5.261950896255626e-08,COMPLETE
478,0.4752095818519593,2025-04-08 12:34:22.044077,2025-04-08 12:34:48.552328,0 days 00:00:26.508251,0.5774546118119764,0.20834821274567705,8,0.2812667918257587,0.02780373536171117,0.08606982882154968,0.010442962180299786,0.023107014681178234,0.047766635706325715,0.008767907683356713,10,70,0.04143279381564731,0.1623863818817866,True,False,False,5.840759992625951e-08,COMPLETE
479,0.4622834861278534,2025-04-08 12:34:48.710313,2025-04-08 12:35:14.508757,0 days 00:00:25.798444,0.40267035722897054,0.6811916085884648,8,0.28843493718885166,0.007557606240511296,0.08816824255600458,0.01455931598108836,0.038169357216648464,0.06959464737490782,0.00542943245743177,10,34,0.03933047774875865,0.14608950879155497,True,False,False,2.199133493857679e-06,COMPLETE
480,0.4408042907714844,2025-04-08 12:35:14.655920,2025-04-08 12:35:41.988571,0 days 00:00:27.332651,0.45330645708466727,0.26653243604538956,8,0.2942930931526669,0.02146872219845889,0.09252181163947026,0.01919714525661239,0.02695869977809235,0.050635767013575805,0.005016290649203475,12,39,0.036961529043010324,0.15476375175697712,True,False,False,6.766144156156527e-08,COMPLETE
481,0.5009487628936768,2025-04-08 12:35:42.135998,2025-04-08 12:36:07.158878,0 days 00:00:25.022880,0.49277781158342293,0.24948037953963048,8,0.28281185874328046,0.03371541060033294,0.09041335088272252,0.07024312891187422,0.02464634371808461,0.05596171189550846,0.002054855671547713,9,30,0.03526232833520102,0.16426815908510278,True,False,False,5.159670944711656e-06,COMPLETE
482,0.3065807580947876,2025-04-08 12:36:07.317101,2025-04-08 12:37:03.172117,0 days 00:00:55.855016,0.4304356246965858,0.3016408114521474,2,0.276381002933634,0.025797334326169073,0.09321368031932954,0.01226220895671076,0.04398703749657245,0.05396025318483995,0.002941158980306822,11,37,0.04178847289284188,0.153240943800211,False,False,False,1.9656289207323235e-08,COMPLETE
483,0.40729224681854254,2025-04-08 12:37:03.320475,2025-04-08 12:37:28.904864,0 days 00:00:25.584389,0.5215356750232744,0.2233156420791926,8,0.2999578961081387,0.2344582818565717,0.08905305906384148,0.01624464469014571,0.03543466947232804,0.06509395626832747,0.00417300958992096,10,33,0.03791911282392028,0.1838840734394225,True,False,False,6.669644340883192e-06,COMPLETE
484,0.4049269556999207,2025-04-08 12:37:29.063995,2025-04-08 12:37:53.358527,0 days 00:00:24.294532,0.4716325534038366,0.3427452847445052,8,0.2894737506822954,0.014333454429816019,0.08121317189806673,0.04946747160783896,0.02136207495539,0.06751418506844574,0.002515528075099738,8,26,0.03315525481382458,0.1592930752597947,True,False,False,9.659146467892347e-08,COMPLETE
485,0.33555797338485716,2025-04-08 12:37:53.507583,2025-04-08 12:38:18.680526,0 days 00:00:25.172943,0.5625450127727479,0.16922252965696397,8,0.28527315925695906,0.05083981444545222,0.09565749009521807,0.02213504047268313,0.03952244369376884,0.04975005315409258,3.671507304041535e-05,9,31,0.014692320350334374,0.174349992528244,True,False,False,4.475163758563839e-08,COMPLETE
486,0.10886192917823792,2025-04-08 12:38:18.829395,2025-04-08 12:38:44.647144,0 days 00:00:25.817749,0.3500794155979429,0.1943608489977084,8,0.20914656357636546,0.019741150863786,0.09216460405850019,0.005120828311212362,0.03705843381554111,0.05785666774280842,0.0034863698227053166,14,35,0.04006878673047052,0.14060373330050785,True,True,False,9.226163096116158e-06,COMPLETE
487,0.09188934862613678,2025-04-08 12:38:44.808781,2025-04-08 12:39:10.135949,0 days 00:00:25.327168,0.45265382490617845,0.28977863840014945,8,0.17401765012734188,0.009822119407965138,0.09767748766364058,0.08055483083314884,0.03336105414849083,0.051866872041060205,0.0053133323473446206,10,29,0.03688251969993604,0.14717228293531603,True,False,False,3.5718126327612316e-08,COMPLETE
488,0.4871657252311707,2025-04-08 12:39:10.286747,2025-04-08 12:39:37.073310,0 days 00:00:26.786563,0.5322545827290321,0.25911893528046065,8,0.2711544669675558,0.031008517196451778,0.0867236805098594,0.009291270598298543,0.04157949258321861,0.07183700871552842,0.006521064886415245,11,37,0.09952595115085346,0.16755518011908146,True,False,False,6.97328792895363e-08,COMPLETE
489,0.5068840742111207,2025-04-08 12:39:37.224967,2025-04-08 12:40:02.177702,0 days 00:00:24.952735,0.5969703343227836,0.2399700375249738,8,0.28007253600750676,0.02440779741324,0.09072343419139099,0.018317932048432194,0.020420336642826473,0.04789779499866263,0.004549878474172197,9,33,0.04413622785331873,0.15965050590642554,True,False,False,1.140890888975301e-07,COMPLETE
490,0.10434126406908036,2025-04-08 12:40:02.341834,2025-04-08 12:40:23.157678,0 days 00:00:20.815844,0.3851870300533196,0.221067509345837,8,0.29328826029231364,0.004665374233356823,0.09407176831879047,0.02525656999183149,0.03535780257812003,0.05381622884713535,0.0027996473560668285,7,23,0.03927234225456426,0.1914652535812256,True,False,True,5.339460632614113e-08,COMPLETE
491,0.42708070278167726,2025-04-08 12:40:23.310702,2025-04-08 12:40:49.480961,0 days 00:00:26.170259,0.4996967100714803,0.32086924488454527,8,0.276805428494389,0.039099561144152084,0.08362643703033017,0.014139530154346712,0.031669794075635374,0.04590815456672164,0.0016977603328885195,10,27,0.0307415454013001,0.17896885957949987,True,False,False,7.863936826519584e-08,COMPLETE
492,0.5076543807983398,2025-04-08 12:40:49.643746,2025-04-08 12:41:16.283547,0 days 00:00:26.639801,0.4099469569010378,0.2862833305910502,8,0.28765090028245893,0.015798905456846455,0.08877190229744307,0.09055000882518087,0.03708584750217431,0.055815048919118565,0.003460629255785276,11,31,0.03402643765242044,0.15096629158797945,True,False,False,3.9317332577023044e-08,COMPLETE
493,0.44817631840705874,2025-04-08 12:41:16.436248,2025-04-08 12:41:41.553965,0 days 00:00:25.117717,0.5452905576369347,0.2562137908839712,8,0.29360610251056196,0.02009163956483244,0.09847408735093972,0.01579221019117006,0.028418849447497892,0.06523171615433429,0.004091908237386846,9,41,0.042221020821710434,0.14187660204560484,True,False,False,8.958781132305197e-08,COMPLETE
494,0.47360765337944033,2025-04-08 12:41:41.704413,2025-04-08 12:42:02.467198,0 days 00:00:20.762785,0.48197879798146204,0.20205599510435515,16,0.2706581718904416,0.012277918111090177,0.09568452049295897,0.007288991850715725,0.0389921156050967,0.05231098419555765,0.002263757640126308,8,35,0.037758272317541974,0.16918594940381274,True,False,False,2.7595018465141012e-08,COMPLETE
495,0.434419322013855,2025-04-08 12:42:02.634891,2025-04-08 12:42:32.813376,0 days 00:00:30.178485,0.6281012247955473,0.26663135396684906,8,0.2829362975803345,0.02656515157495632,0.0923114863335354,0.011372804004484323,0.03354535798909663,0.06927718710251922,0.005772278571475202,15,44,0.03561856406279325,0.18349813479315932,True,False,False,5.9248320206504943e-08,COMPLETE
496,0.4947965025901795,2025-04-08 12:42:32.964578,2025-04-08 12:42:58.866967,0 days 00:00:25.902389,0.43183992259093634,0.2405028178762166,8,0.2939769446956782,0.036542092687270294,0.09069450827666437,0.01916365684977921,0.034877137730667966,0.049720172498327345,0.004806043903384503,10,29,0.039899713669054246,0.15632544324001502,True,False,False,1.3692152372100477e-07,COMPLETE
497,0.3950252175331116,2025-04-08 12:42:59.019776,2025-04-08 12:43:23.952284,0 days 00:00:24.932508,0.5162578847387237,0.21727384243509304,8,0.2581722473194364,0.009433060893899517,0.09395898364989247,0.02164473781418154,0.030807417354383502,0.05885167056458665,0.0031237696527708927,9,17,0.045735283557728657,0.16612276357628294,True,False,False,1.0844804111622442e-07,COMPLETE
498,0.4348546743392945,2025-04-08 12:43:24.116395,2025-04-08 12:44:00.669246,0 days 00:00:36.552851,0.5767194447628011,0.30250694786615123,8,0.27763258749812436,0.030131682488273945,0.08496275238666846,0.013251285375368146,0.02481393229866513,0.0632995817278365,0.007961034746611941,21,83,0.04187165779688677,0.1384030243888554,True,False,False,6.797754710139867e-08,COMPLETE
499,0.4857981562614441,2025-04-08 12:44:00.823278,2025-04-08 12:44:27.525865,0 days 00:00:26.702587,0.46782312455120495,0.5249753050975637,8,0.28582800015890647,0.01852647594605478,0.08767474249834421,0.08351925396264284,0.04491176673706905,0.05652942942822463,0.003777549217999152,11,33,0.036881073534325695,0.173768870409396,True,False,False,1.6122613171801328e-07,COMPLETE
500,0.48636136054992674,2025-04-08 12:44:27.690841,2025-04-08 12:44:53.610643,0 days 00:00:25.919802,0.6586038767679979,0.23643466486534126,8,0.12565357090118215,0.023717130272942942,0.09636837646269558,0.01671497228947421,0.04087485318909586,0.0670996166360395,0.002782891377807354,10,38,0.03350631475281153,0.1968599565474768,True,False,False,5.0481788044196777e-08,COMPLETE
501,0.09188934862613678,2025-04-08 12:44:53.764313,2025-04-08 12:45:20.287797,0 days 00:00:26.523484,0.44572516654180455,0.27734842295239265,8,0.28948305156596,0.004135303905525526,0.09225339152784454,0.023554841111086574,0.037427796829515636,0.054495428150005285,0.004597338859245332,12,26,0.04002035619404272,0.15023670853523508,False,False,False,8.921332332919538e-08,COMPLETE
502,0.49678218364715576,2025-04-08 12:45:20.442032,2025-04-08 12:45:46.397935,0 days 00:00:25.955903,0.49950096966065793,0.1891719476718317,8,0.26725112582722316,0.015006843098763767,0.08977722533728076,0.04173608422231052,0.03237013285366767,0.05193322737872397,0.0033778877277104193,10,31,0.04324565825717658,0.1615009565986432,True,False,False,3.6837840106938866e-08,COMPLETE
503,0.5109242081642151,2025-04-08 12:45:46.563733,2025-04-08 12:46:11.652997,0 days 00:00:25.089264,0.37271560416481575,0.2602980013055565,8,0.27444187164696004,0.03298558893281415,0.09422488903533859,0.014967063560152717,0.034774396938323716,0.005196604853704406,0.006165306265978795,9,34,0.035562580466914476,0.18689659883474538,True,False,False,1.2082329681253744e-07,COMPLETE
504,0.42955647110939027,2025-04-08 12:46:11.807838,2025-04-08 12:46:36.803161,0 days 00:00:24.995323,0.3528950038951895,0.282098197779486,8,0.2723060492382738,0.025924093272166535,0.09819849036116003,0.014854435095992989,0.027347157090319256,0.026366986928852008,0.009246794277591784,9,29,0.02973725791883796,0.2052205226910558,True,False,False,1.2582384168352936e-07,COMPLETE
505,0.1120734602212906,2025-04-08 12:46:36.968855,2025-04-08 12:47:23.189923,0 days 00:00:46.221068,0.37355414295017597,0.3119973753845556,2,0.2649310821201103,0.01981168318252555,0.09527004263224265,0.012591000875067562,0.06303930491509005,0.004132804779801607,0.007891552690416238,10,37,0.032639250158101644,0.18956221692348052,True,True,False,1.63963748012007e-07,COMPLETE
506,0.5156745553016663,2025-04-08 12:47:23.346347,2025-04-08 12:47:48.245227,0 days 00:00:24.898880,0.37443526567374213,0.2539046060572235,8,0.27691674176354625,0.01288002704449852,0.09410468041389419,0.06469638291165335,0.038724591246321605,0.06112456969495519,0.0067028266529856615,9,32,0.03508211756760249,0.18571387180011054,True,False,False,1.9853745379583224e-07,COMPLETE
507,0.09188934862613678,2025-04-08 12:47:48.400762,2025-04-08 12:48:12.627669,0 days 00:00:24.226907,0.37040388808815994,0.25852022772691,8,0.27719547574351955,0.0015904670962098664,0.0997766396215196,0.009116185879299734,0.039813970731775554,0.021538864994243574,0.007024086381591164,9,24,0.03149875131932201,0.19569027235568798,True,False,False,1.4413510202614e-07,COMPLETE
508,0.39549745917320256,2025-04-08 12:48:12.794006,2025-04-08 12:48:37.848039,0 days 00:00:25.054033,0.3422596255529733,0.2598414522010847,8,0.2810338166223644,0.009043011924551734,0.048864843828617756,0.01079550159947043,0.09688105797113415,0.015725546257708736,0.010725971192665312,9,27,0.035186025793308304,0.1827707072390968,True,False,False,1.1610219422326692e-07,COMPLETE
509,0.09188934862613678,2025-04-08 12:48:38.004020,2025-04-08 12:49:01.538125,0 days 00:00:23.534105,0.3567384697589371,0.24462913104384615,8,0.27227949962321585,0.009041151140637001,0.09622838317259509,0.016865238066287903,0.03814347594843719,0.03406280030845518,0.005601316835767432,8,32,0.03462202118282713,0.19216859446875606,True,False,False,1.8562934304200969e-07,COMPLETE
510,0.11458626091480256,2025-04-08 12:49:01.707256,2025-04-08 12:49:24.151199,0 days 00:00:22.443943,0.39220087608471543,0.2714764841373869,8,0.2808795949929468,0.0142035741492385,0.09736778470298754,0.055851933123072746,0.04199943359982513,0.062414900583873084,0.006472720084278868,9,35,0.033087559874677444,0.18714277272358087,True,False,True,1.0964946540675202e-07,COMPLETE
511,0.3871692299842835,2025-04-08 12:49:24.308099,2025-04-08 12:49:49.223886,0 days 00:00:24.915787,0.3726247845940082,0.21721782916423615,8,0.27523233388843577,0.0138372573719358,0.09400856042899065,0.06041914588372914,0.037086118194400226,0.009485035668949565,0.009235564335809564,9,20,0.035737580738112104,0.18539160269483096,True,False,False,2.051022709661948e-07,COMPLETE
