number,value,datetime_start,datetime_complete,duration,params_alpha-eval,params_alpha-train,params_batch-size,params_eps-eval,params_eps-train,params_lambda-actions-eval,params_lambda-actions-train,params_lambda-frames-eval,params_lambda-frames-train,params_learning-rate,params_n-epochs,params_n-frames,params_radius-gw,params_rho,params_std-feats,params_ub-actions,params_ub-frames,params_weight-decay,state
1025,0.5406013011932373,2025-04-08 18:28:02.475567,2025-04-08 18:28:43.106509,0 days 00:00:40.630942,0.0737975352559747,0.48782095777560164,2,0.23631886221324566,0.05443862925259365,0.05816824550715665,0.03649880789793063,0.0833854192791347,0.08291921378692232,0.031411397257365296,6,57,0.030197473490067354,0.01041914028226213,True,False,False,6.791363528367542e-05,COMPLETE
1026,0.5144579529762269,2025-04-08 18:28:43.437156,2025-04-08 18:29:24.036993,0 days 00:00:40.599837,0.06867381289385299,0.47762633978313446,2,0.24020804125525846,0.06294898045291651,0.05899084347710536,0.03532001259050414,0.08400356486026542,0.08647254716623463,0.03265149512715222,6,57,0.030554164854478868,0.014453789113057478,True,False,False,8.297227957055611e-05,COMPLETE
1027,0.5070920586585999,2025-04-08 18:29:24.353701,2025-04-08 18:30:08.183132,0 days 00:00:43.829431,0.06785142229631691,0.4563668296076385,2,0.22637694846907144,0.051139166270145,0.0553897327847624,0.03927341970853259,0.08763277470161877,0.08465534372599373,0.0387931337403974,7,57,0.02958545401897668,0.011771499875783598,True,False,False,9.199160273271613e-05,COMPLETE
1028,0.5049537897109986,2025-04-08 18:30:08.516952,2025-04-08 18:30:48.683785,0 days 00:00:40.166833,0.07760945223541109,0.48479677921837294,2,0.22169081135187432,0.056355796714616845,0.05731605019138541,0.033484928813059416,0.08627433306218474,0.08317734671801248,0.031217859353231774,6,57,0.029433072358688958,0.008819123327759582,True,False,False,7.77626364637275e-05,COMPLETE
1029,0.5236163377761841,2025-04-08 18:30:49.011989,2025-04-08 18:31:26.827622,0 days 00:00:37.815633,0.04642383656749085,0.497740744693171,2,0.23321714570916313,0.058977606300671864,0.05968313742656031,0.03773534671085843,0.08267661381173644,0.08467626910468262,0.029112440021140207,5,60,0.030600467717274014,0.024897486559737846,True,False,False,9.446817899991289e-05,COMPLETE
1030,0.5257280468940735,2025-04-08 18:31:27.155629,2025-04-08 18:32:04.569593,0 days 00:00:37.413964,0.07224790496367414,0.4589774637153357,2,0.2415488231090202,0.060790467117017286,0.06150852713198065,0.03652148118905876,0.09286545120119336,0.08930847288520996,0.025403038524073527,5,55,0.030383534959086526,0.003255108643647295,True,False,False,6.615516687715266e-05,COMPLETE
1031,0.47864273786544803,2025-04-08 18:32:04.904563,2025-04-08 18:32:45.237518,0 days 00:00:40.332955,0.08275839865343321,0.49377109779564754,2,0.24295164294538737,0.0644053929486873,0.05778716793698724,0.033522373514643204,0.08113141655409045,0.08526258483506445,0.051450194719678106,6,59,0.028421543618376097,0.02382670772202896,True,False,False,0.00010005514357518554,COMPLETE
1032,0.21508801579475406,2025-04-08 18:32:45.566752,2025-04-08 18:33:22.944762,0 days 00:00:37.378010,0.05422310667018362,0.4774748333893767,2,0.22898028772223278,0.05384877374557273,0.05377417831044198,0.04186848611281505,0.08335755486404836,0.08195254781063768,0.00015222476938158393,5,62,0.03080923313069178,0.016514840690505152,False,False,False,0.00011261544307399534,COMPLETE
1033,0.5256647944450379,2025-04-08 18:33:23.278224,2025-04-08 18:34:03.947400,0 days 00:00:40.669176,0.040594341921585356,0.4996821671780435,2,0.23551054937716903,0.0714159545825093,0.06107216777949191,0.04066154346475445,0.08528446693604243,0.08311268136576662,0.02259165768361185,6,54,0.02801624098533654,0.006431019322074232,True,False,False,8.158538284471116e-05,COMPLETE
1034,0.5201342701911926,2025-04-08 18:34:04.265792,2025-04-08 18:34:41.850852,0 days 00:00:37.585060,0.028017190514167224,0.47202344258515383,2,0.2522563911693896,0.06800518682698029,0.05589721287585583,0.04257083096930926,0.08125967100255958,0.08246141744400415,0.026171847878432738,5,57,0.030325490962396378,0.008892350426860995,True,False,False,4.635417741962558e-05,COMPLETE
1035,0.09512128680944443,2025-04-08 18:34:42.179833,2025-04-08 18:35:14.806213,0 days 00:00:32.626380,0.10545090442350206,0.5000085610160109,2,0.24393357423268103,0.06151729563063408,0.058846660002423674,0.036514211522541556,0.07859150683915532,0.08197920913127531,0.02086856430719071,5,61,0.028030451302277385,0.01753327048145183,True,True,False,5.705387628390938e-05,COMPLETE
1036,0.5122090458869935,2025-04-08 18:35:15.139735,2025-04-08 18:35:35.983231,0 days 00:00:20.843496,0.0807939435494818,0.4486199436392308,16,0.2533489981971329,0.0713140908379157,0.05311240564839888,0.03989945267530637,0.08520287415652245,0.08128800489909925,0.032831118861291836,7,57,0.027877931966453547,0.001370606239003147,True,False,False,6.160535294766208e-05,COMPLETE
1037,0.520446264743805,2025-04-08 18:35:36.319627,2025-04-08 18:36:16.871862,0 days 00:00:40.552235,0.06419336713873862,0.5099840295514088,2,0.23802839981369686,0.06619215709523764,0.0597676173197814,0.041877126848795826,0.08224552725571271,0.08419809130666285,0.022056835386122166,6,59,0.03050952654475204,0.008440538928250802,True,False,False,0.00011821308715401533,COMPLETE
1038,0.5217823147773742,2025-04-08 18:36:17.205275,2025-04-08 18:36:54.335441,0 days 00:00:37.130166,0.031080399968735146,0.4620978906137183,2,0.2581003969324132,0.07270626563241424,0.06237671112518364,0.03837841227798628,0.08083559005136043,0.0866158618743122,0.027091580718155987,5,54,0.030636792431066644,0.010974499234022255,True,False,False,0.00010689028724078383,COMPLETE
1039,0.16636328399181366,2025-04-08 18:36:54.668029,2025-04-08 18:37:27.761876,0 days 00:00:33.093847,0.09417174621700414,0.48716300967324033,2,0.24677797283663486,0.05300305400076096,0.05995752601685963,0.03228739663461155,0.0782915158351169,0.08086608883279413,0.020198356458702212,5,62,0.027073865875598332,0.01147939686904262,True,False,True,0.00011263304431540592,COMPLETE
1040,0.5002730846405029,2025-04-08 18:37:28.096621,2025-04-08 18:38:08.543078,0 days 00:00:40.446457,0.05330559582670854,0.5124364895749919,2,0.24445828421823013,0.06130895088289308,0.06119259278545031,0.043215608302726666,0.08384369983019822,0.08292637066341402,0.03439002691057805,6,56,0.029153218310758938,0.043186661735721624,True,False,False,0.00012358003386114466,COMPLETE
1041,0.5375217556953431,2025-04-08 18:38:08.861683,2025-04-08 18:38:46.109319,0 days 00:00:37.247636,0.1074717815518616,0.4859192797714988,2,0.25179569460074147,0.07410966233512559,0.057870630488557236,0.04115335393483388,0.0804618464602395,0.08122603303794138,0.023511120708476267,5,63,0.027029155877467834,0.02321438230389071,True,False,False,7.453714021446777e-05,COMPLETE
1042,0.5366328954696655,2025-04-08 18:38:46.441245,2025-04-08 18:39:23.588892,0 days 00:00:37.147647,0.10860542074000612,0.4446084163786748,2,0.23873505020303448,0.07145084356561378,0.0574137617568339,0.04064370304396504,0.08160564226927039,0.0852358010442045,0.02865482850413265,5,60,0.030271241176505648,0.02190239497675617,True,False,False,8.183723748409558e-05,COMPLETE
1043,0.5060277819633484,2025-04-08 18:39:23.923009,2025-04-08 18:40:04.529108,0 days 00:00:40.606099,0.10058660582547317,0.4309405397513077,2,0.2382760371895164,0.06623045374985023,0.056819815024571355,0.03707658895519268,0.0806225501409978,0.08924539525507644,0.03763062535663511,6,57,0.03083827843603078,0.0025223881239203865,True,False,False,0.00011672123741301413,COMPLETE
1044,0.5059749603271484,2025-04-08 18:40:04.862849,2025-04-08 18:40:42.222966,0 days 00:00:37.360117,0.11731663262472473,0.48579206472177094,2,0.2322687241053597,0.07429392942701345,0.05595656726552594,0.04116748194661271,0.07939420741724604,0.08734059360196186,0.02885098889658707,5,53,0.027810773696873164,0.03208790165705861,True,False,False,7.309043556850826e-05,COMPLETE
1045,0.503135883808136,2025-04-08 18:40:42.557607,2025-04-08 18:41:23.328971,0 days 00:00:40.771364,0.08936049831597156,0.44367175178256296,2,0.22240695462467838,0.07419477720637992,0.05752147250541738,0.03914064483541106,0.08632898021804179,0.08551342873078609,0.031540996828972254,6,62,0.030798237775645224,0.02371239500198876,True,False,False,5.472516520441135e-05,COMPLETE
1046,0.5373536944389343,2025-04-08 18:41:23.663149,2025-04-08 18:42:01.489424,0 days 00:00:37.826275,0.11683209375395337,0.4410995234768455,2,0.23836079932473542,0.059517229250197666,0.05205090837122446,0.038351378264011776,0.0807425430412264,0.08566406799443889,0.03868324370079759,5,59,0.02634093311858957,0.023830079832026865,True,False,False,4.1109024258234475e-05,COMPLETE
1047,0.5145689487457276,2025-04-08 18:42:01.824997,2025-04-08 18:42:39.319530,0 days 00:00:37.494533,0.11463814859395262,0.42255349183421104,2,0.2299309245034762,0.05483902487876837,0.055943824254766426,0.035603393330131385,0.08340107169844092,0.08636906985491109,0.04774859573319784,5,54,0.026450496377528325,0.02182880448104288,True,False,False,6.974244096980464e-05,COMPLETE
1048,0.4647562980651856,2025-04-08 18:42:39.658620,2025-04-08 18:43:20.012852,0 days 00:00:40.354232,0.11072339830852118,0.4364106665855718,2,0.21546720942366654,0.05805567114459914,0.0523142429599387,0.03469739205242894,0.0810188475355257,0.08459958649401791,0.04643690867557634,6,58,0.07034424254879953,0.03451635572192113,True,False,False,5.179831294648672e-05,COMPLETE
1049,0.5223369836807251,2025-04-08 18:43:20.333103,2025-04-08 18:43:58.062897,0 days 00:00:37.729794,0.09677646446135738,0.4452508348252332,2,0.23625923029267934,0.06468751335740361,0.05215645714062216,0.03731022374214717,0.07791304904908267,0.09162299148473285,0.055872862097757305,5,51,0.026129669112007835,0.02903457637660542,True,False,False,8.121470619669895e-05,COMPLETE
1050,0.5527849435806275,2025-04-08 18:43:58.395919,2025-04-08 18:44:36.046015,0 days 00:00:37.650096,0.1262055248065743,0.4681301045829872,2,0.22724822723230947,0.05972851735453641,0.05182262756859383,0.040240868317637325,0.0850590983914152,0.08752032068876403,0.04026309838631831,5,63,0.026193559886784595,0.01766320967754499,True,False,False,6.242381823166716e-05,COMPLETE
1051,0.2209294140338898,2025-04-08 18:44:36.388227,2025-04-08 18:45:19.965990,0 days 00:00:43.577763,0.08046651893676247,0.42981572124552264,2,0.23270215929619129,0.05644981669668582,0.0491311646490867,0.04047427404906361,0.08780398627367769,0.08711389718991688,0.04249286387467611,7,64,0.02759870626502396,0.02668520897989851,False,False,False,3.5194272864327184e-05,COMPLETE
1052,0.5109851241111756,2025-04-08 18:45:20.298129,2025-04-08 18:46:01.233159,0 days 00:00:40.935030,0.10786641344569828,0.4551389719124401,2,0.22555165230515462,0.05250582599532597,0.05019235735782578,0.03738688691146247,0.08331954712865049,0.0872893984286226,0.0689983591492152,6,56,0.026723267480992484,0.017534309919067216,True,False,False,5.077032313549938e-05,COMPLETE
1053,0.5284842967987061,2025-04-08 18:46:01.570420,2025-04-08 18:46:38.766538,0 days 00:00:37.196118,0.1219279042999289,0.46919325178891613,2,0.23129978304040497,0.06325289229040774,0.054774003543406245,0.03910044988009667,0.08538959168916857,0.0896215663905911,0.04162532125768438,5,63,0.028176770728603123,0.019470293988590084,True,False,False,6.513170959631652e-05,COMPLETE
1054,0.09188934862613678,2025-04-08 18:46:39.105365,2025-04-08 18:47:11.849550,0 days 00:00:32.744185,0.0903049217722082,0.46875238613728915,2,0.22468198206763246,0.053055223670561154,0.047325550570419844,0.03898631061949886,0.08560560612290899,0.08545999675165007,0.03806068827526812,5,59,0.02597290261584032,0.03842906491406324,True,True,False,6.325851312609924e-05,COMPLETE
1055,0.5105474948883056,2025-04-08 18:47:12.188281,2025-04-08 18:47:52.504267,0 days 00:00:40.315986,0.07163946466735367,0.4423013547736376,2,0.2373629213243756,0.05988623434421405,0.055622775490148844,0.04141407632800169,0.08236348782139269,0.09380723844028435,0.037040897516162366,6,54,0.02862452439261029,0.01898268763225272,True,False,False,6.260301913506332e-05,COMPLETE
1056,0.48087376356124883,2025-04-08 18:47:52.845617,2025-04-08 18:48:30.330256,0 days 00:00:37.484639,0.10908168489628965,0.472246243555821,2,0.22750378441948832,0.050023523794658915,0.05438584928080998,0.039890050296477804,0.08777786043486577,0.0886520878588631,0.04953078883887534,5,68,0.025532002222506497,0.0123899805856746,True,False,False,8.382536409956357e-05,COMPLETE
1057,0.4802672564983368,2025-04-08 18:48:30.654317,2025-04-08 18:48:51.012728,0 days 00:00:20.358411,0.0847748043875911,0.4512938473040909,16,0.2370257754502737,0.06735169929873147,0.05327470193328658,0.03088361605144128,0.08913395749407645,0.08560599821777641,0.03205156069347969,6,57,0.031182076820079112,0.012053165526673102,True,False,False,4.497387208514821e-05,COMPLETE
1058,0.526650607585907,2025-04-08 18:48:51.349926,2025-04-08 18:49:28.929402,0 days 00:00:37.579476,0.12233431309353163,0.47952064384581056,2,0.24006476856719108,0.06153517513751583,0.04815115997266599,0.035256006872159414,0.08124086762563157,0.08288517073670626,0.05778592267406882,5,51,0.027960308307940482,0.015486669229359946,True,False,False,4.145838815353842e-05,COMPLETE
1059,0.09868717193603516,2025-04-08 18:49:29.266634,2025-04-08 18:50:02.603554,0 days 00:00:33.336920,0.09937703322942522,0.4983815573119907,2,0.2412120222383716,0.06900591977533989,0.05015934950506559,0.03805282397898896,0.08510360528842868,0.08859477030556806,0.027500983147986293,5,62,0.025737985379971285,0.027668777862405625,True,False,True,8.4062016841768e-05,COMPLETE
1060,0.49815683364868163,2025-04-08 18:50:02.939601,2025-04-08 18:50:43.805600,0 days 00:00:40.865999,0.06982871533076623,0.4279298594939789,2,0.23246558780089221,0.0745782880586704,0.05688468848565562,0.04045446747192149,0.08466828659863608,0.08802732352376333,0.03783917088804826,6,65,0.030419693826612148,0.02079029235138502,True,False,False,9.810082313760198e-05,COMPLETE
1061,0.5369382500648499,2025-04-08 18:50:44.143879,2025-04-08 18:51:27.926459,0 days 00:00:43.782580,0.13580976835146563,0.46306508087607,2,0.24332386869519426,0.0675750088032759,0.05240050039264652,0.04216061570668913,0.0834643521300823,0.08452337036649042,0.029143923058424837,7,59,0.028391659078493277,0.003476876105770693,True,False,False,7.345852561159803e-05,COMPLETE
1062,0.5295668005943298,2025-04-08 18:51:28.266616,2025-04-08 18:52:12.417207,0 days 00:00:44.150591,0.1386394563680966,0.4242894812787832,2,0.243910043640968,0.05719720577500074,0.05126252097156068,0.0418213822698434,0.08384750677903963,0.08419548848970157,0.03033232639540621,7,59,0.02670975133354923,0.006823296995880435,True,False,False,6.764864700204307e-05,COMPLETE
1063,0.48218252658843996,2025-04-08 18:52:12.756529,2025-04-08 18:52:56.945924,0 days 00:00:44.189395,0.12892864480221478,0.44592183227159915,2,0.23719136076883002,0.04978287529136759,0.05352109868063579,0.03672931010916576,0.08202397147733409,0.08507811236646082,0.03938812117340335,7,56,0.024276813890755443,0.0016238985007826084,True,False,False,9.027282220133698e-05,COMPLETE
1064,0.5356681108474731,2025-04-08 18:52:57.285803,2025-04-08 18:53:41.180849,0 days 00:00:43.895046,0.10755838342377749,0.4548963563414382,2,0.22843070343194552,0.05996923428592581,0.050549461668120965,0.04231175510019076,0.08672990581242711,0.0846302262941419,0.0463017545110694,7,60,0.028484532867517672,0.01370480266067484,True,False,False,5.2867410006911716e-05,COMPLETE
1065,0.5291979789733887,2025-04-08 18:53:41.523572,2025-04-08 18:54:25.629826,0 days 00:00:44.106254,0.11884406683170864,0.4280070047092462,2,0.21551816565031226,0.05790906062552392,0.05054654512234451,0.03887533262449881,0.0905282066959762,0.09081469666949414,0.05045105250629948,7,63,0.028771341246721673,0.012103888543145291,True,False,False,4.125930051820223e-05,COMPLETE
1066,0.5013213992118836,2025-04-08 18:54:25.954388,2025-04-08 18:55:06.767223,0 days 00:00:40.812835,0.10987781332984711,0.4501527668660891,2,0.22663899771651244,0.049962515005365006,0.05203148758585104,0.04181761925467053,0.08827610938133731,0.08707043191809916,0.04998452193240563,6,67,0.02517056921181075,0.006609904473976258,True,False,False,5.5681546595701756e-05,COMPLETE
1067,0.525366234779358,2025-04-08 18:55:07.104695,2025-04-08 18:55:50.676800,0 days 00:00:43.572105,0.13471757761745443,0.41910712648062665,2,0.23478875251024914,0.06407511438758573,0.04711373865283468,0.04057085039783779,0.08718956725926694,0.08554406306212789,0.03287479240547079,7,60,0.026678566039377953,0.016640974649812016,True,False,False,4.951472792300717e-05,COMPLETE
1068,0.5321500658988952,2025-04-08 18:55:51.017570,2025-04-08 18:56:34.644029,0 days 00:00:43.626459,0.09642509803579843,0.45671097084201523,2,0.22002479245559187,0.059199724554418694,0.05032486377962401,0.03904960651591158,0.08662342414672915,0.08388652852686938,0.04746421402834523,7,63,0.029042924153966563,0.009597548045201644,True,False,False,5.7146606623981216e-05,COMPLETE
1069,0.5351166963577271,2025-04-08 18:56:34.981170,2025-04-08 18:57:18.686795,0 days 00:00:43.705625,0.1257472696718338,0.46754016784262836,2,0.2233098149385075,0.0565889221837641,0.05782789920124863,0.0425352447141004,0.08389371875582548,0.0876641621583164,0.04022512115668713,7,60,0.02438352587125813,0.023210562410461204,True,False,False,4.082630356870997e-05,COMPLETE
1070,0.2944336116313935,2025-04-08 18:57:19.027460,2025-04-08 18:58:02.869336,0 days 00:00:43.841876,0.132744925754908,0.44093055556194954,2,0.2169219204759974,0.05196718879885078,0.05444516735661166,0.04299518315955515,0.08498544433652896,0.08963997410515094,0.03859775581023037,7,67,0.07874081430029187,0.03359752950875488,False,False,False,2.9435623848266613e-05,COMPLETE
1071,0.5065299510955811,2025-04-08 18:58:03.211492,2025-04-08 18:58:47.010648,0 days 00:00:43.799156,0.14633538900050738,0.469049017661818,2,0.21249093833290483,0.05696317968135638,0.052582361864948,0.041236836553849486,0.0952135432683353,0.0924354543436182,0.07368431546454925,7,65,0.030686318153342388,0.024221794660835103,True,False,False,3.428035158649086e-05,COMPLETE
1072,0.5085678815841675,2025-04-08 18:58:47.353723,2025-04-08 18:59:31.485869,0 days 00:00:44.132146,0.11806708099343668,0.4420848275336294,2,0.2253012075211891,0.047850184547971804,0.05442026768471403,0.042430842459766596,0.08360083577793001,0.08780170959907219,0.09076657761616802,7,61,0.027315747750899125,0.014647283676122723,True,False,False,3.5203533972912356e-05,COMPLETE
1073,0.4808534443378449,2025-04-08 18:59:31.826932,2025-04-08 19:00:15.662566,0 days 00:00:43.835634,0.13015906949219253,0.47492792149491403,2,0.22087474487793943,0.059446589662105004,0.04463099030771936,0.036085866254693254,0.08958165211414047,0.08914833158485388,0.06968437526558861,7,70,0.025106584812785816,0.001375080248006567,True,False,False,4.406742916290856e-05,COMPLETE
1074,0.4877646923065186,2025-04-08 19:00:16.010806,2025-04-08 19:00:59.698513,0 days 00:00:43.687707,0.1036856479050627,0.460119289863268,2,0.22704419507345802,0.06021696985802904,0.058386380192506006,0.040241184355278035,0.08633548189785271,0.08442298089753955,0.06382418363756277,7,63,0.02849292754128389,0.021854828556174447,True,False,False,2.8912463409642996e-05,COMPLETE
1075,0.5444721698760986,2025-04-08 19:01:00.044849,2025-04-08 19:01:44.329628,0 days 00:00:44.284779,0.10831517874056334,0.4654736048938677,2,0.22127070487441122,0.05434547283459333,0.04927213727934831,0.03791578690925566,0.08338005510044784,0.09146154371870001,0.04356652549648043,7,60,0.023873454627006754,0.007538012899644771,True,False,False,5.361360775495252e-05,COMPLETE
1076,0.09188934862613678,2025-04-08 19:01:44.656068,2025-04-08 19:02:23.201372,0 days 00:00:38.545304,0.0925325667577893,0.416149776182344,2,0.22061395087660748,0.04973465922487513,0.049250072175830585,0.03654647141271007,0.08629282899265296,0.08942388518670503,0.0582541721514672,7,58,0.02195164895624765,0.04504680130973558,True,True,False,5.7543458447102296e-05,COMPLETE
1077,0.5201842904090882,2025-04-08 19:02:23.544803,2025-04-08 19:03:07.696151,0 days 00:00:44.151348,0.140367037041377,0.45656025800384437,2,0.2082056838148944,0.05400974638561132,0.05710942273815156,0.0336471754406312,0.08389271906849863,0.09515977227394863,0.044141477207615194,7,60,0.020728072904922536,0.007228837517141486,True,False,False,4.2466495033455874e-05,COMPLETE
1078,0.5219332456588746,2025-04-08 19:03:08.038849,2025-04-08 19:03:52.125946,0 days 00:00:44.087097,0.1072220652650387,0.43422427927193813,2,0.22119348955009838,0.06627194894906761,0.046847322346345886,0.03783000978794631,0.08308991331160957,0.09035287032700852,0.040555548886745896,7,59,0.02331703888084844,0.013406279029247707,True,False,False,7.005000712025008e-05,COMPLETE
1079,0.26183179020881653,2025-04-08 19:03:52.468803,2025-04-08 19:04:12.005302,0 days 00:00:19.536499,0.08836641739590506,0.4780285462653677,16,0.2134906038792013,0.04804131905846205,0.04889383706764474,0.03894042899474166,0.0916821794259781,0.08650788817152331,0.043260480644105516,7,61,0.02323463086420937,0.031026662440209345,True,False,True,4.0706778533945346e-05,COMPLETE
1080,0.2822977304458618,2025-04-08 19:04:12.346544,2025-04-08 19:04:56.364839,0 days 00:00:44.018295,0.12344593555733152,0.46349178337996283,2,0.2011245773640342,0.054002014574269466,0.04598698360107756,0.040358643920201956,0.08830890776498358,0.09116004412015422,0.03348703087879574,7,58,0.0026672786063191983,0.01767289909693149,True,False,False,5.179770642325338e-05,COMPLETE
1081,0.525050437450409,2025-04-08 19:04:56.709598,2025-04-08 19:05:40.016507,0 days 00:00:43.306909,0.15232218824463417,0.483973448511489,2,0.23158069893910257,0.06256793426603044,0.05167029996711857,0.037716203457149794,0.08469044152098862,0.09291442607266383,0.0561841880893969,7,62,0.02415303688189124,0.025218927927275793,True,False,False,6.71451159146206e-05,COMPLETE
