number,value,datetime_start,datetime_complete,duration,params_alpha-eval,params_alpha-train,params_batch-size,params_eps-eval,params_eps-train,params_lambda-actions-eval,params_lambda-actions-train,params_lambda-frames-eval,params_lambda-frames-train,params_learning-rate,params_n-epochs,params_n-frames,params_radius-gw,params_rho,params_std-feats,params_ub-actions,params_ub-frames,params_weight-decay,state
1249,0.4689159452915192,2025-04-20 01:35:09.702848,2025-04-20 01:35:37.029829,0 days 00:00:27.326981,0.8688243523256843,0.10823174857410865,16,0.05495882958026414,0.04881240133319493,0.03888003204199092,0.05957068929116862,0.013659795367099405,0.08850827556309049,0.03195487284306562,23,26,0.07516112762723182,0.09663877375559708,True,False,False,0.00016913216540288126,COMPLETE
1250,0.20177959501743317,2025-04-20 01:35:37.427011,2025-04-20 01:36:02.843326,0 days 00:00:25.416315,0.20610223370708297,0.1483192724004,16,0.05187805489982522,0.04358475174477698,0.046879283766564216,0.061200175216129776,0.009199442679659539,0.0404066650720719,0.035796600190028345,23,31,0.07227232611580703,0.1210219915791297,True,True,False,0.00021942396120122387,COMPLETE
1251,0.5026171922683716,2025-04-20 01:36:03.240978,2025-04-20 01:36:28.314107,0 days 00:00:25.073129,0.30386239833857626,0.11642542134831632,16,0.08021808557030026,0.025175170112768347,0.0805547308961361,0.06521695514351024,0.013489147537658343,0.08350436447328578,0.029386116178086803,22,33,0.06816164840025501,0.10168933867243202,True,False,True,0.00027395969264586715,COMPLETE
1252,0.44968820810317994,2025-04-20 01:36:28.711585,2025-04-20 01:36:56.617605,0 days 00:00:27.906020,0.24040827656003183,0.06140081499413543,16,0.047059323069911826,0.0358388889838626,0.06541286980261976,0.09987072959113347,0.011868535631671033,0.08877713650190162,0.03303157568102639,23,30,0.07309349291880952,0.11812229297276802,True,False,False,0.0001920641607819858,COMPLETE
1253,0.5101248860359192,2025-04-20 01:36:57.016513,2025-04-20 01:37:25.580984,0 days 00:00:28.564471,0.1771118429696007,0.15399182158838273,16,0.06380006937905217,0.04780899440321051,0.04367818166934302,0.0585741454158573,0.015551432332773858,0.08692927202103985,0.03417870866562757,24,32,0.0700592245111166,0.11106553049024594,True,False,False,0.0002516875776824133,COMPLETE
1254,0.4622835755348206,2025-04-20 01:37:25.978950,2025-04-20 01:37:54.531799,0 days 00:00:28.552849,0.26862333435960845,0.1257951272269985,16,0.06899638533733891,0.038982731413314445,0.07365869033647678,0.05987093246901985,0.010585794101905983,0.09006222282734846,0.029865114127468215,24,26,0.06873984388021187,0.10400909342364684,True,False,False,0.0003009198864271567,COMPLETE
1255,0.4874938011169434,2025-04-20 01:37:54.948209,2025-04-20 01:38:22.693889,0 days 00:00:27.745680,0.2936993147790946,0.08470231176446999,16,0.06063363746979151,0.017593744602208798,0.040917997329674966,0.06192467673887715,0.014203095453230456,0.08826492848845854,0.03974521917582088,22,33,0.07718929906632484,0.11196757462521727,True,False,False,0.00020941477266873016,COMPLETE
1256,0.5162598490715027,2025-04-20 01:38:23.096647,2025-04-20 01:38:51.030418,0 days 00:00:27.933771,0.22566815509342802,0.16289779235331356,16,0.07498462864660146,0.09861558416039419,0.07676380454488356,0.05851788495963225,0.010913554311483659,0.08311831658807207,0.031733720585758476,23,30,0.07109921370885214,0.11823042157022753,True,False,False,0.0002737713346183618,COMPLETE
1257,0.5088381409645081,2025-04-20 01:38:51.436368,2025-04-20 01:39:19.343774,0 days 00:00:27.907406,0.299031648997416,0.10076104251388693,16,0.05460416915276792,0.029161232664207982,0.08457168637162504,0.06434513315836742,0.05311528688264761,0.08566209620277379,0.02748509135524243,22,35,0.07392693448898348,0.12201699022903006,True,False,False,0.00032771052066934124,COMPLETE
1258,0.489421945810318,2025-04-20 01:39:19.748343,2025-04-20 01:39:57.922783,0 days 00:00:38.174440,0.4455028935614692,0.13930796468437176,16,0.057526269010144314,0.05148759890185778,0.03791835495742578,0.061585507226841,0.015917816041624424,0.08980208634512657,0.027660020778292466,23,129,0.06854198375571245,0.10730759539080467,True,False,False,0.00023919065652644995,COMPLETE
1259,0.46591692566871645,2025-04-20 01:39:58.328422,2025-04-20 01:40:21.699906,0 days 00:00:23.371484,0.2560529675924667,0.1677139827595872,16,0.05146296318572702,0.043154972038501785,0.06777466571744686,0.05675402182631929,0.012601306637952815,0.0873298776494551,0.03746803642343139,22,9,0.06703416741589126,0.11342351124640301,True,False,True,0.0003005759010721703,COMPLETE
1260,0.5108688950538636,2025-04-20 01:40:22.102236,2025-04-20 01:40:50.824038,0 days 00:00:28.721802,0.2778200548145384,0.11684585158427643,16,0.053841916716952674,0.13116204847751028,0.063310880423529,0.07083570732110406,0.010846879089082526,0.08998507469336257,0.026884338500310214,24,32,0.07624186810603657,0.12223384200370613,True,False,False,0.00032963894532499384,COMPLETE
1261,0.49214774966239927,2025-04-20 01:40:51.228414,2025-04-20 01:41:18.798578,0 days 00:00:27.570164,0.3040879309434132,0.14674746640450742,16,0.059746222535371665,0.047220011406339024,0.03576720747944609,0.06005124607023287,0.015336138804819557,0.08413750899477193,0.02630777043132019,22,28,0.07135198646262536,0.09756542955287371,True,False,False,0.00020814594416719532,COMPLETE
1262,0.41095878481864934,2025-04-20 01:41:19.215356,2025-04-20 01:41:47.043809,0 days 00:00:27.828453,0.2828153116228572,0.17136992862635586,16,0.04863494714281785,0.03783811313899998,0.07217971640495353,0.06767473141271098,0.09941251425244094,0.08662994640976206,0.031407182912616995,24,22,0.07348252000505145,0.11520778876651909,True,False,False,0.0003505465594742203,COMPLETE
1263,0.48785119056701665,2025-04-20 01:41:47.447407,2025-04-20 01:42:14.643920,0 days 00:00:27.196513,0.30637628402807626,0.03377846447646442,16,0.05132054851991668,0.05267881545529311,0.042508128878494006,0.06377274529623952,0.014712929609989258,0.09035573183690952,0.03895441931572949,21,34,0.0694935395886305,0.12094783183587209,True,False,False,0.00034756630885149847,COMPLETE
1264,0.2861134111881256,2025-04-20 01:42:15.050188,2025-04-20 01:42:42.665480,0 days 00:00:27.615292,0.3093919785567345,0.07341997184558657,16,0.07066762811621195,0.03166618042524981,0.03964470702996576,0.058793989934008424,0.0161328000787833,0.08860895767522897,0.02754986002649165,24,35,0.06787129247968021,0.12448745851050408,False,False,False,0.0001664874359857618,COMPLETE
1265,0.49260720014572146,2025-04-20 01:42:43.066472,2025-04-20 01:43:12.302495,0 days 00:00:29.236023,0.2541753208759888,0.13482017224848236,16,0.049024351690317075,0.04270580825870096,0.033364478897871565,0.06145080817612186,0.012670276336307622,0.08199061294468288,0.02637775802997754,24,36,0.0663860051579067,0.10871927746907246,True,False,False,0.00027750261858538685,COMPLETE
1266,0.48723950386047366,2025-04-20 01:43:12.706241,2025-04-20 01:43:40.897836,0 days 00:00:28.191595,0.42388600773868446,0.5822644684424527,16,0.06688839027113477,0.21140746393015802,0.03767007197436538,0.057319479385544936,0.008857013749233948,0.09120526556508393,0.023882690945532997,23,31,0.07247663460257966,0.2066862411850262,True,False,False,0.00036772775992321353,COMPLETE
1267,0.32537975907325745,2025-04-20 01:43:41.300294,2025-04-20 01:44:07.092740,0 days 00:00:25.792446,0.2824262532272141,0.10882993425769921,16,0.05849238511439107,0.023644998238303162,0.06991472330886103,0.05615023214350389,0.01065410416881861,0.08543774859878746,0.042395818542404845,23,28,0.07544775254005968,0.10324388321843334,True,False,True,3.799817795708317e-08,COMPLETE
1268,0.5086210012435913,2025-04-20 01:44:07.496376,2025-04-20 01:44:35.373740,0 days 00:00:27.877364,0.3148431405361456,0.1567433309963744,16,0.009062333418809278,0.04830990919936142,0.08819978199365029,0.09421795648243467,0.010126094316039096,0.08794302143422102,0.04566686096063858,23,33,0.07044605189604122,0.11624047157920883,True,False,False,0.0003839712201745661,COMPLETE
1269,0.4510138630867005,2025-04-20 01:44:35.777871,2025-04-20 01:45:07.361761,0 days 00:00:31.583890,0.2218514439351966,0.5599276913736323,16,0.04519488614647719,0.03703982901141848,0.04122505371005449,0.06008572414860195,0.014262241726442961,0.09091355722060293,0.0351207323335481,22,75,0.0704715883118537,0.11541993249842439,True,False,False,0.0002807295267871905,COMPLETE
1270,0.44807664155960086,2025-04-20 01:45:07.765073,2025-04-20 01:45:33.636699,0 days 00:00:25.871626,0.2939592971790319,0.08941684697348345,16,0.051978214295666236,0.051318285680702964,0.035462578183524524,0.06399905468610517,0.01259373371780987,0.0848152933568,0.032483527539268114,23,36,0.06645265345931614,0.12389353440984589,True,True,False,0.0003875297639669745,COMPLETE
1271,0.48534527420997625,2025-04-20 01:45:34.058916,2025-04-20 01:46:02.104004,0 days 00:00:28.045088,0.40443364830999573,0.1766758538143442,16,0.06364261253814729,0.10454147891316826,0.07823572217798894,0.05840857672053053,0.08464320782757646,0.08882909849648765,0.0254167374952855,23,32,0.06878850335202691,0.08902953425716803,True,False,False,0.0002180935878514569,COMPLETE
1272,0.5019732356071472,2025-04-20 01:46:02.515919,2025-04-20 01:46:29.928451,0 days 00:00:27.412532,0.26062143766886064,0.12784799805250985,16,0.01259916798425775,0.029717173848206577,0.043928140363389094,0.05598725347992983,0.01655182701551622,0.08657442570701003,0.022659644848775765,21,37,0.07315964911394697,0.1056043052036512,True,False,False,0.0003203623399745908,COMPLETE
1273,0.4991390705108643,2025-04-20 01:46:30.341659,2025-04-20 01:46:58.674842,0 days 00:00:28.333183,0.3139267082147037,0.1438167555518115,16,0.0066083618583430166,0.04211808875687244,0.047432400977591244,0.09643770824644274,0.07565930585309633,0.0916369610826237,0.044942346006449994,24,26,0.07729676042936785,0.09919801635808384,True,False,False,0.00040948441072433334,COMPLETE
1274,0.5123913168907166,2025-04-20 01:46:59.082254,2025-04-20 01:47:26.544433,0 days 00:00:27.462179,0.2861611668298528,0.09857539881432228,16,0.04435572470920811,0.05419586620539803,0.06475529982305658,0.06170882126846781,0.0072576686937352855,0.08333750700683593,0.02452185792235918,22,29,0.06646147274685536,0.12057997953985727,True,False,False,0.00027918751854368593,COMPLETE
1275,0.4699209213256836,2025-04-20 01:47:26.953495,2025-04-20 01:47:52.907867,0 days 00:00:25.954372,0.3874109879956161,0.16369849719422644,16,0.055758288374488534,0.04574141941206064,0.07000243933718334,0.05880889702116677,0.002528794127541592,0.08943130914764552,0.028704238377927644,23,34,0.07200367363927357,0.11350246629558106,True,False,True,0.00042773370429534944,COMPLETE
1276,0.41537017822265626,2025-04-20 01:47:53.318396,2025-04-20 01:48:27.576061,0 days 00:00:34.257665,0.23763623916397109,0.186626466892154,16,0.015367313430922777,0.036414588147885577,0.03926865902393985,0.06664907242948843,0.009494790379656576,0.09265786536888615,0.021602011119999275,22,104,0.07538713528179597,0.11225666021198896,True,False,False,0.00014700302532972217,COMPLETE
1277,0.48715478777885435,2025-04-20 01:48:27.986374,2025-04-20 01:48:56.793352,0 days 00:00:28.806978,0.3241547209360841,0.12895473213740535,16,0.004907684791558864,0.055263534491496555,0.03306184077252339,0.05493678155700585,0.0072089809297460295,0.09040847456457227,0.025210235097070013,24,37,0.06886924753351636,0.10661203945751362,True,False,False,0.00033519071297796006,COMPLETE
1278,0.49224002361297614,2025-04-20 01:48:57.202050,2025-04-20 01:49:24.198810,0 days 00:00:26.996760,0.30607734739217723,0.5405237839950466,16,0.050095332968143926,0.022512180121053955,0.06788916680944244,0.06119866363615297,0.01730505848172216,0.08719306176037171,0.03194206472689655,21,32,0.06641020289093899,0.124548315771157,True,False,False,0.000433285807317397,COMPLETE
1279,0.45813181400299074,2025-04-20 01:49:24.606280,2025-04-20 01:49:59.034830,0 days 00:00:34.428550,0.16286403979505504,0.07079374321879596,16,0.043083060682403085,0.04150964544546553,0.036965333850070045,0.05728443082466741,0.002776726868376649,0.0934986124972392,0.02147455119895833,23,95,0.0734535889613289,0.11852151796173199,True,False,False,1.4495810456199872e-05,COMPLETE
1280,0.4872920095920563,2025-04-20 01:49:59.442852,2025-04-20 01:51:37.342607,0 days 00:01:37.899755,0.275753446788434,0.16016870074350945,2,0.06114246493704527,0.03134044468230775,0.06854686719447455,0.06305345523888085,0.0010844935586617577,0.08214220220650509,0.02591343366282988,24,35,0.06969677130435477,0.12491149242119079,True,False,False,0.0003926478820513867,COMPLETE
1281,0.43674024343490603,2025-04-20 01:51:37.747022,2025-04-20 01:52:04.292830,0 days 00:00:26.545808,0.3840171846248342,0.18214217244890077,16,0.009444040808281415,0.2437496349892111,0.042060711593434386,0.05918640762235562,0.005749935194116049,0.09100524565192429,0.020608481395975365,19,39,0.06594113165430646,0.2949651693521836,True,False,False,0.0002372183625825797,COMPLETE
1282,0.5003261327743531,2025-04-20 01:52:04.702058,2025-04-20 01:52:35.037838,0 days 00:00:30.335780,0.335424400677899,0.5189041635634231,16,0.054554639501597696,0.04862632233754119,0.0918411557109381,0.08722195001957873,0.012308969650376329,0.09409672889564956,0.03928458059049361,28,30,0.07151441535557927,0.10336906531246942,True,False,False,0.0004646432066909312,COMPLETE
1283,0.23023800849914552,2025-04-20 01:52:35.445883,2025-04-20 01:53:01.933533,0 days 00:00:26.487650,0.2971725704831168,0.14597399253657628,16,0.00012650434219668542,0.13902205420799454,0.06723483025274805,0.056096443939068937,0.004487379511969648,0.08815282839219805,0.03183232843417917,28,36,0.07473777367700156,0.11011376934168342,False,False,True,0.00031043904181930364,COMPLETE
1284,0.5003926396369934,2025-04-20 01:53:02.358509,2025-04-20 01:53:32.495297,0 days 00:00:30.136788,0.42787237332652195,0.09938604430284655,16,0.08697524673299295,0.05220582432852154,0.04538627287359104,0.06018206587063525,0.009628003129897745,0.08475702988143193,0.021287407691800268,25,40,0.06717640720311466,0.299866143937624,True,False,False,0.0004958862318142713,COMPLETE
1285,0.4370276629924775,2025-04-20 01:53:32.910655,2025-04-20 01:53:59.918662,0 days 00:00:27.008007,0.4024995112385276,0.11725573794198244,16,0.015701333082373196,0.03891053757257176,0.030360083635390438,0.05513163730034291,0.0027092699038567224,0.09263944791164465,0.026567625078244936,22,25,0.06782035730488978,0.29428771298124434,True,False,False,0.0003654994712131573,COMPLETE
1286,0.5363147974014283,2025-04-20 01:54:00.340668,2025-04-20 01:54:28.886690,0 days 00:00:28.546022,0.325637252144495,0.1729368909856478,16,0.04591843852391546,0.04573250866856291,0.03946487226771354,0.0634688993883473,0.013839134645543545,0.09793616910524831,0.019272152562416583,24,33,0.07829684934351497,0.09617643748658666,True,False,False,0.00047943391885827297,COMPLETE
1287,0.31222810149192814,2025-04-20 01:54:29.300317,2025-04-20 01:54:53.877546,0 days 00:00:24.577229,0.26068863121338337,0.14273400328437114,16,0.011130077205072367,0.008549802037104995,0.036774088069192426,0.05761933523127619,0.016197987439750004,0.0950616916180519,0.045828127618984665,20,38,0.0378307771050378,0.11758606830366868,True,True,False,0.00012307147066409864,COMPLETE
1288,0.30332125425338746,2025-04-20 01:54:54.289214,2025-04-20 01:55:21.358892,0 days 00:00:27.069678,0.35848314205501564,0.18724602781700866,16,0.006900709292297785,0.01849146574402292,0.03486909953589446,0.0930043933850732,0.007496105479983287,0.09996615274870521,0.022084711756395908,21,30,0.07085073833924704,0.07941545372483969,True,False,False,0.00026914976476764217,COMPLETE
1289,0.49767569303512577,2025-04-20 01:55:21.772521,2025-04-20 01:56:01.526170,0 days 00:00:39.753649,0.27735787866873995,0.12199693554031901,16,0.0664557411218954,0.031673762736698634,0.09011155373907548,0.061556651417879034,0.004283631932292371,0.08916437459647908,0.01896022897553613,28,109,0.0647829523179773,0.11206079803173866,True,False,False,0.0001772789730092406,COMPLETE
1290,0.5236635208129883,2025-04-20 01:56:01.941561,2025-04-20 01:56:32.146923,0 days 00:00:30.205362,0.19812818937962334,0.053442204153346204,16,0.07622751384592497,0.054520419545419536,0.041083978422634976,0.059272200560977116,0.005739178422415151,0.08614147065913262,0.03475618736298513,27,35,0.06906064994244046,0.26464591534885834,True,False,False,0.0004745001157083628,COMPLETE
1291,0.4849379479885102,2025-04-20 01:56:32.557166,2025-04-20 01:57:54.116383,0 days 00:01:21.559217,0.31544356230284964,0.1570730576700905,2,0.05047742159590028,0.04393122490046987,0.04343474700448355,0.05723438224025092,0.001150720941510224,0.09189419949134099,0.027534322350036246,23,43,0.06513799572781602,0.1270008583877845,True,False,True,0.000346260582134263,COMPLETE
1292,0.5347922086715698,2025-04-20 01:57:54.535768,2025-04-20 01:58:23.551866,0 days 00:00:29.016098,0.3713408733236978,0.08558412572688859,16,0.15056556296538331,0.039514046771092555,0.0385895667385952,0.06588426871802099,0.01889589988400672,0.09614658292640414,0.018096708153969944,25,32,0.07406857752994638,0.2943747851722879,True,False,False,0.0005488200250417081,COMPLETE
1293,0.5234648823738098,2025-04-20 01:58:23.962905,2025-04-20 01:58:52.016041,0 days 00:00:28.053136,0.3399499013739767,0.19492663438854954,16,0.05743525368195707,0.02670567101520449,0.013269621976567413,0.08283369321318959,0.011131755203956352,0.08357654179643349,0.022915477801123057,22,38,0.07978058554586895,0.2999751810398141,True,False,False,0.00021647769297087187,COMPLETE
1294,0.47989991903305057,2025-04-20 01:58:52.428501,2025-04-20 01:59:21.841261,0 days 00:00:29.412760,0.29231738381001354,0.17304038841784405,16,0.013191773600898474,0.03516936231389596,0.09652141235359196,0.05490081219752506,0.02550850579226716,0.09787916611338741,0.018979490082445153,27,28,0.0711243922682654,0.2867694755815811,True,False,False,0.00047556181786755677,COMPLETE
1295,0.4902225196361542,2025-04-20 01:59:22.253601,2025-04-20 01:59:53.109360,0 days 00:00:30.855759,0.39891376693744485,0.1393857695485577,16,0.040853371923881526,0.04909093948818143,0.0324353703867657,0.08937835342897252,0.007789770667481564,0.09312285473913758,0.02403866595186,29,35,0.06826382036533289,0.2905710028071811,True,False,False,7.580044829995082e-08,COMPLETE
1296,0.4986060857772827,2025-04-20 01:59:53.538645,2025-04-20 02:00:22.244797,0 days 00:00:28.706152,0.3488028931623709,0.11062173272805771,16,0.006332446286141183,0.055116956179025,0.045813573386206105,0.060397642840875405,0.0010356204719143686,0.09021226349805829,0.028914188176413325,23,41,0.07216379296054466,0.2810923568360794,True,False,False,0.0003991216878465478,COMPLETE
1297,0.46202036142349245,2025-04-20 02:00:22.663883,2025-04-20 02:02:09.521020,0 days 00:01:46.857137,0.4567430253275987,0.1563969753447943,2,0.044738231972309465,0.04644079867697795,0.03441109619374794,0.05790009276539412,0.004321586849517618,0.09512837755201393,0.017033085192152717,27,33,0.06628020439437919,0.11894289900419945,True,False,False,0.00053088549671192,COMPLETE
1298,0.43528849482536314,2025-04-20 02:02:09.937748,2025-04-20 02:02:39.234734,0 days 00:00:29.296986,0.2458019394848102,0.12859060527463617,16,0.018811223754509367,0.23280860537952128,0.04061059705069634,0.09731538706181714,0.014241586280926432,0.087464753318585,0.034436792555922816,25,37,0.0647541756482759,0.1089186924532851,True,False,False,0.00030207827911420164,COMPLETE
1299,0.4917821228504181,2025-04-20 02:02:39.654127,2025-04-20 02:02:59.808032,0 days 00:00:20.153905,0.318338937887935,0.19889844870179074,16,0.061298865419471174,0.03444962623994284,0.07446487064825334,0.06375658926556796,0.017951083255213073,0.09132173231700898,0.011011598425057504,9,31,0.0702895814904642,0.29334742621175147,True,False,True,0.0006112770334725897,COMPLETE
1300,0.5078003883361817,2025-04-20 02:03:00.225324,2025-04-20 02:03:29.104345,0 days 00:00:28.879021,0.3769796337652072,0.16155964387581603,16,0.034848835505345024,0.0417971781278635,0.049426000937767105,0.06213232022943146,0.0036908781012240143,0.09691188460927111,0.01643825655078911,24,40,0.07666938926410716,0.12753330561130272,True,False,False,0.00044013430111294053,COMPLETE
1301,0.4621030747890472,2025-04-20 02:03:29.520448,2025-04-20 02:04:00.417106,0 days 00:00:30.896658,0.29999463417581806,0.4927694140654256,16,0.053952598245660156,0.05461251221247759,0.036671343740310024,0.05526379301639125,0.00935470481460177,0.08106187654496638,1.4191542385851996e-05,28,34,0.06523147439542121,0.28520902759701305,True,False,False,0.00023658165296489407,COMPLETE
1302,0.4722010731697083,2025-04-20 02:04:00.830700,2025-04-20 02:04:28.694722,0 days 00:00:27.864022,0.21640242415541067,0.6006847095260046,16,0.00481945226269541,0.02618318077374967,0.0427727659618424,0.06946848992387922,0.005439795295374585,0.09421137782914736,0.021848162030465995,25,37,0.06812517409391765,0.27860139207626566,False,False,False,0.0005881474350370755,COMPLETE
1303,0.473358952999115,2025-04-20 02:04:29.111712,2025-04-20 02:04:49.404698,0 days 00:00:20.292986,0.26689795333634464,0.18197194420396334,16,0.016960078811479602,0.05105009020950513,0.03845690202786285,0.05874709616736251,0.0025880727480147767,0.09817033774032836,0.02824474052144143,6,42,0.04282276417071666,0.16560776554698084,True,False,False,0.00036068207111921634,COMPLETE
1304,0.42410846352577214,2025-04-20 02:04:49.819784,2025-04-20 02:05:17.634353,0 days 00:00:27.814569,0.32843352627422956,0.09517428662868734,16,0.011414360295219726,0.039668925081118155,0.04050728159359206,0.056223262301240126,0.006520468182458258,0.08883927003380084,0.010927453201563858,23,28,0.017751875280439457,0.2999881296237824,True,False,False,0.0006686443738439448,COMPLETE
