number,value,datetime_start,datetime_complete,duration,params_alpha-eval,params_alpha-train,params_batch-size,params_eps-eval,params_eps-train,params_lambda-actions-eval,params_lambda-actions-train,params_lambda-frames-eval,params_lambda-frames-train,params_learning-rate,params_n-epochs,params_n-frames,params_radius-gw,params_rho,params_std-feats,params_ub-actions,params_ub-frames,params_weight-decay,state
398,0.3864280283451081,2025-04-19 18:00:50.187972,2025-04-19 18:01:29.900542,0 days 00:00:39.712570,0.3835415042364057,0.32150789335248875,8,0.2834965529111023,0.2389002798561309,0.04329700214575358,0.0979185676899367,0.021803214902464573,0.03968163502349043,0.032442587466515696,26,27,0.0488959455365109,0.26521107146556444,True,False,False,0.0006958215434732282,COMPLETE
399,0.5327015638351441,2025-04-19 18:01:30.034286,2025-04-19 18:02:13.147589,0 days 00:00:43.113303,0.4536695028761207,0.28308984151019734,8,0.27086787974604903,0.03349711485216207,0.04678979074555276,0.09214363012589236,0.02654538624668891,0.07981253467127565,0.023792082981770955,30,37,0.04442219229495251,0.28198964362873535,True,False,False,0.0005185345022681432,COMPLETE
400,0.5129793524742127,2025-04-19 18:02:13.272271,2025-04-19 18:02:44.319289,0 days 00:00:31.047018,0.45762632274506515,0.2808145223803626,16,0.2671495663641788,0.03202317472872866,0.06285839819042073,0.08969044305053483,0.025926780532588473,0.0801858234878631,0.022272047029686947,30,31,0.04470851603127823,0.2827886134175574,True,False,False,0.0005158443867781208,COMPLETE
401,0.5190311431884767,2025-04-19 18:02:44.444740,2025-04-19 18:03:24.860731,0 days 00:00:40.415991,0.4270965494582911,0.3004365825342906,8,0.26941113338611566,0.023727117893774945,0.04652826368297895,0.09313868662825814,0.023847044884851922,0.032748006632893685,0.02395965903031224,27,35,0.041818203646209175,0.2997311197038194,True,False,False,0.0003838014583685989,COMPLETE
402,0.15384790003299714,2025-04-19 18:03:24.996386,2025-04-19 18:03:59.276007,0 days 00:00:34.279621,0.4437217972991901,0.2941394975382443,8,0.27569626309387524,0.03494837727175957,0.05516175531003677,0.09165539983327423,0.07532855166622252,0.024942054347196548,0.020096216424286877,25,37,0.0462751815915431,0.2707625673717311,True,True,False,5.346351682068627e-08,COMPLETE
403,0.5158609867095948,2025-04-19 18:03:59.400764,2025-04-19 18:05:27.647282,0 days 00:01:28.246518,0.3621954772021018,0.280385041314949,2,0.27265932265508086,0.029486324754311306,0.05180644332048785,0.0957240134147048,0.02769283100556458,0.08315686245994015,0.027483581670669187,21,33,0.044703304723512326,0.28022737188370006,True,False,False,0.0005664707465389484,COMPLETE
404,0.5070891737937928,2025-04-19 18:05:27.772553,2025-04-19 18:06:05.848356,0 days 00:00:38.075803,0.46637387903382904,0.3229595303566083,8,0.278997174731971,0.018206515135769815,0.04466197588836884,0.092662140042381,0.026732903757988147,0.01785375003401886,0.01407257223393786,24,39,0.03902761339339892,0.2917274426215996,True,False,False,0.0009710094254584435,COMPLETE
405,0.4793039560317993,2025-04-19 18:06:05.972560,2025-04-19 18:06:42.525970,0 days 00:00:36.553410,0.4148344944342437,0.3715167031614112,8,0.2713177493520187,0.04344455048749231,0.06730114383372418,0.09420076204199884,0.019511274459408,0.08687337704153314,0.006415433691434269,23,22,0.04756385275427485,0.2866050006080935,True,False,False,0.00043849636776178047,COMPLETE
406,0.5104337692260743,2025-04-19 18:06:42.660565,2025-04-19 18:07:22.031593,0 days 00:00:39.371028,0.44402834906516686,0.3375025798626167,8,0.2644985985751453,0.038298962262333404,0.048563338525791595,0.08975100969522022,0.028930797768971856,0.079704159132424,0.018099337422866565,26,30,0.0528270008091404,0.27729905481109285,True,False,False,0.0006956086640501903,COMPLETE
407,0.5260533571243287,2025-04-19 18:07:22.162295,2025-04-19 18:08:02.561849,0 days 00:00:40.399554,0.4218894589348774,0.30738897370768925,8,0.28079300436081106,0.010126735962096107,0.028571721620426038,0.09689573589983792,0.024826255288814304,0.08517022796551299,0.004307814489025817,27,37,0.04294555132574908,0.2709243992528792,True,False,False,0.00027158474003413527,COMPLETE
408,0.51330144405365,2025-04-19 18:08:02.688112,2025-04-19 18:08:36.048667,0 days 00:00:33.360555,0.38871698783113484,0.3560262716383704,8,0.2766859903611132,0.02685568995805657,0.04725469510950263,0.09170686263204904,0.017738851318883822,0.05398515669505755,0.02694843865232685,18,41,0.0492220687647137,0.2610409866575089,True,False,False,0.0004846348888647882,COMPLETE
409,0.5241935133934021,2025-04-19 18:08:36.185402,2025-04-19 18:10:20.412742,0 days 00:01:44.227340,0.46596995275075165,0.40431957165214477,2,0.2682540622315674,0.03528913344264784,0.04986390583520308,0.09447088997102568,0.021216175167890785,0.0816076042326437,0.035870098531722114,26,33,0.04577880132700235,0.28744140291409753,True,False,False,0.0003311815288824436,COMPLETE
410,0.49326945543289186,2025-04-19 18:10:20.539364,2025-04-19 18:11:00.330791,0 days 00:00:39.791427,0.39526377809503216,0.882428279812513,8,0.2871598972610933,0.04574496266754078,0.045531246585674874,0.09796705914010144,0.02779452219482149,0.08329983007012026,0.017211344326949776,26,36,0.040550112210655555,0.29445338659688514,True,False,False,0.0005704141448102649,COMPLETE
411,0.48977435827255256,2025-04-19 18:11:00.459689,2025-04-19 18:11:39.494204,0 days 00:00:39.034515,0.45117234053438,0.2767956036170868,8,0.27988791136731606,0.029055012358487592,0.04271747572688718,0.09993731876703993,0.022481822050155587,0.08721907477592496,0.03191239539162867,25,39,0.05034574737739264,0.2820273996762346,True,False,False,0.0009702756054027899,COMPLETE
412,0.5151511311531067,2025-04-19 18:11:39.632698,2025-04-19 18:12:18.373103,0 days 00:00:38.740405,0.4787997247555886,0.3840010249448027,8,0.2728827454454498,0.022207392569092297,0.05144235517030549,0.08936873187003858,0.024426143993961723,0.09323349273685652,0.022162500921524157,24,42,0.047636791135328406,0.2748401290076806,True,False,False,0.00026347178282147554,COMPLETE
413,0.5342939972877503,2025-04-19 18:12:18.500731,2025-04-19 18:12:57.488256,0 days 00:00:38.987525,0.42976927267734705,0.3106739937979278,8,0.29990370905356395,0.03852045606738288,0.03468670617606541,0.09295632233032255,0.029553594858289824,0.08489349540264031,0.028005572157678158,25,34,0.04463106242324108,0.28774928873838945,True,False,False,0.0007430057085438339,COMPLETE
414,0.4868875861167908,2025-04-19 18:12:57.616993,2025-04-19 18:13:40.154767,0 days 00:00:42.537774,0.4307815958082989,0.31195989455849965,8,0.026102083123156025,0.038691760020978565,0.033986928229408,0.09604157337225493,0.029008042460267867,0.05188248735145986,0.026271437767811375,30,27,0.043755488306337915,0.2898832532056043,True,False,False,0.0007355515679671074,COMPLETE
415,0.5191664457321168,2025-04-19 18:13:40.294230,2025-04-19 18:15:21.587629,0 days 00:01:41.293399,0.4085553054555762,0.2885967288988317,2,0.2999657093693847,0.03422218315134211,0.030328229212016927,0.09274537350899359,0.02651278344294228,0.08435503418676901,0.029664174337347454,25,31,0.044910861629324464,0.29473671078596814,True,False,False,0.000650776926912724,COMPLETE
416,0.5333567976951599,2025-04-19 18:15:21.716238,2025-04-19 18:16:01.311039,0 days 00:00:39.594801,0.3719320463639917,0.3262022622539855,8,0.29440336338290535,0.028734882522811252,0.03250536203735426,0.0911959991322736,0.029286405750403633,0.08858359391207613,0.021869257596965824,26,33,0.046730580566780755,0.28174005039541844,True,False,False,0.00043375016241528754,COMPLETE
417,0.11155979782342912,2025-04-19 18:16:01.440803,2025-04-19 18:16:27.073072,0 days 00:00:25.632269,0.35024668109268275,0.3344276993628103,16,0.29438807613840035,0.02039508541048449,0.034175316951750204,0.09049792791233578,0.026022584712781998,0.0889054135243002,0.0208301404616087,27,29,0.046534772405446484,0.28419444562767543,False,False,True,0.000386132763468344,COMPLETE
418,0.496637225151062,2025-04-19 18:16:27.212358,2025-04-19 18:17:06.407823,0 days 00:00:39.195465,0.36936786678477956,0.31753386416721463,8,0.29354104778961204,0.02721514834104488,0.0468339648096869,0.09417795530721366,0.02854438178223408,0.09252971331575861,0.024399366832553213,26,25,0.04156194219937916,0.2808998041358788,True,False,False,0.000427029990004214,COMPLETE
419,0.45609630346298224,2025-04-19 18:17:06.540401,2025-04-19 18:17:46.832659,0 days 00:00:40.292258,0.368401203094601,0.3281861793638088,8,0.28847495853447175,0.016744502070484328,0.053489397142601716,0.09122756578119734,0.024074375093196296,0.08631106177639215,0.015859262557033724,27,33,0.010533493806999215,0.2886050041115274,True,False,False,0.0005520995210543428,COMPLETE
420,0.5142792701721192,2025-04-19 18:17:46.961825,2025-04-19 18:18:28.307113,0 days 00:00:41.345288,0.3907071700615307,0.30380400140624547,8,0.29603793131274647,0.03135108647336775,0.03225690947625029,0.08849237182654045,0.029469280700989822,0.09040827017575062,0.013048055309446815,28,33,0.04913457973221054,0.27537351659936604,True,False,False,0.0007866210029697336,COMPLETE
421,0.49923214912414554,2025-04-19 18:18:28.449184,2025-04-19 18:20:12.398422,0 days 00:01:43.949238,0.40037370062894045,0.3552301509524118,2,0.1447471782324426,0.0388602525926252,0.010812927413580461,0.09591894925615005,0.013977652369411921,0.08865943204169102,0.02046367087693868,26,30,0.04406956865167857,0.2831868110587969,True,False,False,1.3220834375297568e-06,COMPLETE
422,0.10294584780931473,2025-04-19 18:20:12.529384,2025-04-19 18:20:52.848326,0 days 00:00:40.318942,0.3460217805500974,0.3363755016114188,8,0.2880464874727644,0.027490623005789645,0.04905465637502844,0.09303142058698755,0.026463545798262832,0.08767320234339013,0.029314673798468457,26,111,0.0468784618704076,0.2937196628687241,True,True,False,0.00031583368743339163,COMPLETE
423,0.5149726867675781,2025-04-19 18:20:52.979280,2025-04-19 18:21:33.445946,0 days 00:00:40.466666,0.41425209262734797,0.304477632718107,8,0.29787247194567457,0.03325093009310572,0.0446017405924818,0.09755993460794407,0.02106854145707783,0.08566616788299151,0.02469109933196681,27,35,0.05197840701137942,0.28822166270148525,True,False,False,0.0004722738778991498,COMPLETE
424,0.5394414305686951,2025-04-19 18:21:33.587382,2025-04-19 18:22:13.269650,0 days 00:00:39.682268,0.37426627954370395,0.3684175901726994,8,0.29169250239180056,0.043012502220420155,0.04775451388449261,0.0906105946672796,0.023291990647469177,0.08162438134721883,0.035926995393782274,26,35,0.04541216691894716,0.2765501252908878,True,False,False,0.0009857758776483727,COMPLETE
425,0.49525386095046997,2025-04-19 18:22:13.400440,2025-04-19 18:22:56.921941,0 days 00:00:43.521501,0.3936387074986772,0.31694194120434627,8,0.292039882171816,0.04456897638766305,0.05147818818937965,0.09074604842701327,0.017651335237940467,0.07994642682244218,0.011948557325449123,26,86,0.042553096923326025,0.27399362140258615,True,False,False,0.0009476482334139624,COMPLETE
426,0.5065082907676697,2025-04-19 18:22:57.054509,2025-04-19 18:23:37.217655,0 days 00:00:40.163146,0.36294898493654937,0.2909105491832094,8,0.29077510910824844,0.04069229688679592,0.04957344369967724,0.08897129228368883,0.029673657212856305,0.08118606493058907,0.03030137516191362,27,33,0.045134335802616846,0.2779315344615382,True,False,False,0.0009992278017931064,COMPLETE
427,0.48595377802848816,2025-04-19 18:23:37.347205,2025-04-19 18:24:17.160785,0 days 00:00:39.813580,0.37335949774527777,0.33719223529898895,8,0.29918116843021436,0.024531550582991536,0.0482083692257248,0.09260522155858893,0.027589432000997123,0.07908480075470753,0.036005147238646354,27,27,0.04834224028267944,0.2703615044129032,True,False,False,0.0007226566284639871,COMPLETE
428,0.527397072315216,2025-04-19 18:24:17.302637,2025-04-19 18:24:57.011389,0 days 00:00:39.708752,0.34381103931829926,0.36213072440318805,8,0.2850104636747474,0.045759260752774145,0.057608523711437855,0.08887430331436594,0.022829605716917892,0.08193485826729309,0.021521819085950047,26,31,0.05029077869126377,0.28079694574326214,True,False,False,0.0007515580155882082,COMPLETE
429,0.5140916109085083,2025-04-19 18:24:57.143182,2025-04-19 18:25:36.219269,0 days 00:00:39.076087,0.33095029075916516,0.4196710111021695,8,0.2861703812763521,0.05022784412890835,0.0586594397375084,0.08725900495615968,0.02040428493410373,0.08145764692224901,0.017184194344588743,26,29,0.054363211685484907,0.2803223382138011,True,False,False,0.0007251142053218754,COMPLETE
430,0.5380324363708496,2025-04-19 18:25:36.352367,2025-04-19 18:26:16.121637,0 days 00:00:39.769270,0.3564889495400209,0.38806344389106895,8,0.2848594296932434,0.046245164317066156,0.05508810822062986,0.08831536762266493,0.0227330861019729,0.07866713080576805,0.02051716638195661,26,36,0.05099414693321162,0.28369600756396335,True,False,False,0.0005874077931604644,COMPLETE
431,0.51905415058136,2025-04-19 18:26:16.265207,2025-04-19 18:26:55.901431,0 days 00:00:39.636224,0.3456879244704174,0.44069761128399604,8,0.28326478887068424,0.0473926983143795,0.056282168250116144,0.08846517496314855,0.022869978320632315,0.07838840231252978,0.0194794844978439,26,36,0.05664941397189847,0.2999985122980957,True,False,False,0.0005738606952727125,COMPLETE
432,0.521094572544098,2025-04-19 18:26:56.035115,2025-04-19 18:27:35.490218,0 days 00:00:39.455103,0.3351972283499008,0.38793817165435995,8,0.2835514350569133,0.043990991239221594,0.05735393418299388,0.08670386355521967,0.01975441408400353,0.07834405772422565,0.0212108513381053,26,31,0.0517131708086576,0.28365014484945433,True,False,False,0.0007805921805797598,COMPLETE
433,0.5004889249801636,2025-04-19 18:27:35.624461,2025-04-19 18:28:16.551828,0 days 00:00:40.927367,0.36378984036851836,0.40175039297916926,8,0.2898809896980556,0.051176795552457424,0.061202902153109376,0.08983481303043593,0.022481758663956287,0.08194252676246574,0.017534201984848386,27,34,0.0504379494658756,0.2762731840948574,True,False,False,0.0006152516319107184,COMPLETE
434,0.5393601536750794,2025-04-19 18:28:16.695418,2025-04-19 18:28:56.309257,0 days 00:00:39.613839,0.32280743800085754,0.37997210456314445,8,0.28343467200300704,0.04331064505877076,0.056440247198044365,0.0581203503259271,0.018782911949874727,0.07909645605807764,0.015273750534475364,26,37,0.05347672376780019,0.28922928058297037,True,False,False,0.0007690962113779661,COMPLETE
435,0.5007697582244873,2025-04-19 18:28:56.443332,2025-04-19 18:29:35.271296,0 days 00:00:38.827964,0.37804254867227294,0.41325530344491634,8,0.2998106329592958,0.04090697036216463,0.055017917721097896,0.09473500820393058,0.06350756384914613,0.07831920569720377,0.01149587041051209,25,38,0.05368890805447961,0.28804684918119217,True,False,False,0.0005695359862120652,COMPLETE
436,0.534306812286377,2025-04-19 18:29:35.405696,2025-04-19 18:30:14.063028,0 days 00:00:38.657332,0.30616242554502343,0.4223053568817347,8,0.28228637984175514,0.04204407990315348,0.055417063235380724,0.0498275842399249,0.016058480848202102,0.07963194865062749,0.012189775668755478,25,36,0.05170015605632818,0.29538721230127296,True,False,False,0.0007705730558862482,COMPLETE
437,0.13509523272514343,2025-04-19 18:30:14.207779,2025-04-19 18:30:48.984264,0 days 00:00:34.776485,0.3084006583693626,0.4594691281713337,8,0.2899788722034502,0.05357009509952893,0.05954637896487407,0.055134035869805836,0.010937648778272724,0.07921907675885387,0.009066225188841334,25,39,0.05723567523184077,0.293506758490942,True,False,True,0.0009930731176167847,COMPLETE
438,0.4688640832901001,2025-04-19 18:30:49.119335,2025-04-19 18:31:16.408311,0 days 00:00:27.288976,0.3025643864628115,0.43253415617473523,16,0.2812154043088145,0.04298693582278834,0.05747601633795927,0.06300900961320499,0.018335797664299117,0.07938323037308653,0.01301784890876133,23,37,0.05550810669379374,0.29186604547656203,False,False,False,0.0007637759137520987,COMPLETE
439,0.5179968357086182,2025-04-19 18:31:16.543391,2025-04-19 18:31:56.161242,0 days 00:00:39.617851,0.330809867201608,0.400659357997086,8,0.2932123117484155,0.05256948041288793,0.05473747660954305,0.04855999631555219,0.014602632776195194,0.07777327125636213,0.015023008390310634,25,41,0.05365568153090058,0.2996257756230516,True,False,False,0.0006403756332566334,COMPLETE
440,0.5251232266426087,2025-04-19 18:31:56.306703,2025-04-19 18:32:36.112712,0 days 00:00:39.806009,0.2896894237390776,0.3807007671408949,8,0.2847503629159253,0.041086201169015915,0.052959902047196764,0.046504845266007386,0.017651632051151965,0.08379417196917163,0.01097055159079851,26,35,0.05215458091904407,0.2875669456887404,True,False,False,0.0004500410650680899,COMPLETE
441,0.5149092555046082,2025-04-19 18:32:36.248609,2025-04-19 18:33:15.111391,0 days 00:00:38.862782,0.3165133235390975,0.417990940927412,8,0.28783761072744163,0.1963269798995922,0.055081834656668736,0.049989770526934756,0.020011846246217338,0.08039363628740112,0.012340452979959718,25,37,0.05280425381216556,0.29464892710972157,True,False,False,0.000814261789795319,COMPLETE
442,0.5204929113388062,2025-04-19 18:33:15.248028,2025-04-19 18:33:53.137658,0 days 00:00:37.889630,0.3344880584773403,0.376299129446066,8,0.2918056046138521,0.04716524135086398,0.061008373093508206,0.04948867897517955,0.013233106396870852,0.08269487318226391,0.016478240193182402,24,40,0.04959607618735354,0.28735641306911613,True,False,False,0.0005204290137549647,COMPLETE
443,0.5172401905059815,2025-04-19 18:33:53.283680,2025-04-19 18:34:33.403324,0 days 00:00:40.119644,0.3046681225992029,0.3919447020888897,8,0.2809670743640348,0.03694409585971813,0.05674311664980499,0.046188380744285676,0.01677837934444303,0.08003605918421255,0.015213429361670725,26,35,0.05820345494287332,0.2834540034640024,True,False,False,0.0005829505876662009,COMPLETE
444,0.17136134803295136,2025-04-19 18:34:33.540998,2025-04-19 18:35:08.058473,0 days 00:00:34.517475,0.3490109504839949,0.3971043467940206,8,0.27948544518556373,0.04937389110466968,0.056449167355702795,0.09790509059340081,0.019514561778544933,0.08423916229059483,0.01012375130271435,25,38,0.055504017214314784,0.29307264266010113,True,True,False,0.0009948081622132986,COMPLETE
445,0.4440070748329163,2025-04-19 18:35:08.208235,2025-04-19 18:35:47.582734,0 days 00:00:39.374499,0.2659925804467582,0.3652552398658122,8,0.29319063034337506,0.04293985069660406,0.053982387049282626,0.09408258917455559,0.015158130295560249,0.07761011324575363,0.016033765650701574,25,41,0.004444983145291091,0.27019475147710253,True,False,False,0.0006726236687432972,COMPLETE
446,0.3936807632446289,2025-04-19 18:35:47.722985,2025-04-19 18:36:27.340053,0 days 00:00:39.617068,0.35652768212626984,0.37546335697847616,8,0.28549092535694043,0.24769380622370388,0.05952009071661302,0.05399853081181174,0.016172584714095654,0.04641767139071326,0.01809545952151329,26,35,0.0509776258325562,0.2782085390091315,True,False,False,0.00044563869736402985,COMPLETE
447,0.5267280817031861,2025-04-19 18:36:27.477561,2025-04-19 18:37:05.812113,0 days 00:00:38.334552,0.3749702370244791,0.36275698567411285,8,0.29986369363733956,0.03440328463983103,0.052971332786128554,0.09639532917566125,0.009601351625465002,0.08080999247554399,0.014771097891413669,24,37,0.048744764760535686,0.2879780208690584,True,False,False,0.0007663311315661992,COMPLETE
448,0.5153661847114563,2025-04-19 18:37:05.961343,2025-04-19 18:37:45.832045,0 days 00:00:39.870702,0.39513900398028573,0.44684329024607383,8,0.27886847466592013,0.037881461661834134,0.05570956349753857,0.05291400794485394,0.018331330300662564,0.08285331984602722,0.008196458596081846,26,41,0.04774068284865505,0.29627689447755834,True,False,False,0.0009906829476940945,COMPLETE
449,0.5268225073814392,2025-04-19 18:37:45.971450,2025-04-19 18:38:24.378265,0 days 00:00:38.406815,0.2854864193078196,0.38511339121561855,8,0.28704869218376433,0.05026184069306007,0.0529874959834159,0.040169093910381495,0.016346498822178476,0.08566658431670528,0.01322238534604325,25,35,0.052899524061671435,0.2837377907005717,True,False,False,0.0003938122646981159,COMPLETE
450,0.49892787933349614,2025-04-19 18:38:24.515665,2025-04-19 18:39:05.124177,0 days 00:00:40.608512,0.3236506367340712,0.42260196148403184,8,0.29521801537994496,0.04375237769330492,0.054431618459134044,0.09999756279327035,0.056655907279841454,0.09097034357025784,0.023727093800646828,27,39,0.050953159821638096,0.2741536802864446,True,False,False,0.0006150461289150773,COMPLETE
451,0.514625096321106,2025-04-19 18:39:05.274215,2025-04-19 18:39:33.805477,0 days 00:00:28.531262,0.35992526841983513,0.35311913874122935,16,0.28413753602486486,0.0321301062015748,0.02662887880182107,0.057357407695914985,0.02215767161574149,0.07938536738954381,0.019361746939961143,24,33,0.04897442729762662,0.2900125196286797,True,False,False,0.0004973506903098754,COMPLETE
452,0.5237396240234375,2025-04-19 18:39:33.944565,2025-04-19 18:40:13.301620,0 days 00:00:39.357055,0.38387504928608956,0.35060520370369086,8,0.2764185813209193,0.03748382997248554,0.058804616225677626,0.05210875682954973,0.020707802902543475,0.028473691429001264,0.025647528118383785,25,43,0.05531500804352726,0.28176945322531377,True,False,False,0.0007236765310895027,COMPLETE
453,0.5225332140922546,2025-04-19 18:40:13.440307,2025-04-19 18:40:53.091375,0 days 00:00:39.651068,0.40880861303248806,0.4028948248357552,8,0.2894880127178477,0.04412952771412612,0.05167367847855614,0.04440642653334119,0.013137918746508194,0.07665170582542266,0.013302695481414446,26,37,0.047470712475035426,0.29909380955017645,True,False,False,0.0003525752433177448,COMPLETE
454,0.47465482950210575,2025-04-19 18:40:53.241894,2025-04-19 18:41:32.303327,0 days 00:00:39.061433,0.31500838255768193,0.3745604438935966,8,0.29449546567884743,0.029741394082032295,0.06392254854372584,0.05921379258008386,0.02107292316352116,0.08214845356859596,0.00019656330485039593,25,40,0.05024980296071828,0.2691233016124927,True,False,False,0.0004752057014211521,COMPLETE
