number,value,datetime_start,datetime_complete,duration,params_alpha-eval,params_alpha-train,params_batch-size,params_eps-eval,params_eps-train,params_lambda-actions-eval,params_lambda-actions-train,params_lambda-frames-eval,params_lambda-frames-train,params_learning-rate,params_n-epochs,params_n-frames,params_radius-gw,params_rho,params_std-feats,params_ub-actions,params_ub-frames,params_weight-decay,state
1193,0.4736563503742218,2025-04-20 01:08:29.466314,2025-04-20 01:08:56.098022,0 days 00:00:26.631708,0.35197627900970313,0.04897086587200916,16,0.07542934103235738,0.043789067744234494,0.040184921208550224,0.0614182271208221,0.01764344097855213,0.09647680668144953,0.03315400749394064,25,31,0.07221334003580658,0.28934318096918105,True,True,False,0.00030330715832544266,COMPLETE
1194,0.4722063064575196,2025-04-20 01:08:56.485410,2025-04-20 01:09:23.384746,0 days 00:00:26.899336,0.40495280026138225,0.0643125512064334,16,0.041948951186977425,0.03556080138239189,0.03464066255810529,0.06019573746574528,0.019585563501059597,0.0950442071325582,0.017734274459770584,21,29,0.06936462560891973,0.2950613910024362,True,False,False,0.00037079277253422116,COMPLETE
1195,0.5018576860427857,2025-04-20 01:09:23.767276,2025-04-20 01:09:50.572062,0 days 00:00:26.804786,0.3667066536895033,0.0858072401109877,16,0.0651907836289474,0.024480667141553884,0.04278037518428287,0.06347745644430403,0.022159787776055213,0.08556375256762691,0.020720677940776554,25,37,0.07848300373215657,0.279576436677003,True,False,True,0.00043907180916826443,COMPLETE
1196,0.44652622938156133,2025-04-20 01:09:50.955792,2025-04-20 01:10:18.772909,0 days 00:00:27.817117,0.34298299078430156,0.05959460497332255,16,0.050394955427584154,0.044364247293683975,0.044853574814957595,0.06232928638799704,0.015725958657506017,0.09304517856319669,0.017496189427715286,24,24,0.07622364891525604,0.2875331226568539,True,False,False,0.0003937470878983972,COMPLETE
1197,0.43376865386962893,2025-04-20 01:10:19.168147,2025-04-20 01:10:47.079000,0 days 00:00:27.910853,0.3902409929462186,0.10689954743067426,16,0.0564761342990714,0.2015019624933156,0.05416495095724169,0.05997549783609984,0.02502526265341226,0.09854896477014839,0.0384094950686471,22,35,0.073142109164424,0.10956620241091988,True,False,False,0.0002771197589463219,COMPLETE
1198,0.4801439106464386,2025-04-20 01:10:47.463997,2025-04-20 01:11:16.735770,0 days 00:00:29.271773,0.3454067208454825,0.011984624148868611,16,0.04304999687002622,0.04092570855543849,0.060799637671085184,0.06500827643836551,0.016861972066107803,0.09625085790543139,0.02354434524890787,24,39,0.0711354364963313,0.2955525691604612,True,False,False,0.0003572106246125593,COMPLETE
1199,0.5131222367286683,2025-04-20 01:11:17.119916,2025-04-20 01:11:46.294064,0 days 00:00:29.174148,0.45362931830307124,0.08473724414315395,16,0.06168630514381365,0.028897877971859956,0.036581129434383186,0.06000475358712112,0.020439011725723003,0.09401978343530087,0.017227985643212467,25,33,0.06935721510912353,0.28490606886024705,True,False,False,0.00043761151395739294,COMPLETE
1200,0.5270232081413269,2025-04-20 01:11:46.676444,2025-04-20 01:12:16.439962,0 days 00:00:29.763518,0.331345251644909,0.11440006922575617,16,0.05097217087936522,0.01690398542455415,0.05087440401488039,0.06299053842033826,0.01678322716954664,0.09206863800306826,0.020526159372371282,25,38,0.06943423396409949,0.2997924184099589,True,False,False,0.00020507017768395467,COMPLETE
1201,0.4951350331306458,2025-04-20 01:12:16.824630,2025-04-20 01:12:44.559897,0 days 00:00:27.735267,0.3700403554764045,0.10062081133112263,16,0.03952372420808438,0.034371701528539106,0.03235974250273881,0.05898765122872946,0.019157283891100246,0.09831197735832072,0.025148050126140572,23,29,0.06910999937766722,0.2790607370882798,True,False,False,0.0004305830456652382,COMPLETE
1202,0.49577816724777224,2025-04-20 01:12:44.944618,2025-04-20 01:13:11.003076,0 days 00:00:26.058458,0.38510653967267544,0.06807054482407054,16,0.04694687537322534,0.00029552070788322476,0.040065690867554855,0.061635680462609144,0.021492635100640884,0.09994179605695727,0.029760774880265402,24,34,0.07135824540734521,0.29082998699097573,True,False,True,0.00033660499360146034,COMPLETE
1203,0.491648268699646,2025-04-20 01:13:11.389573,2025-04-20 01:13:41.040262,0 days 00:00:29.650689,0.33177300335555654,0.03840384709095197,16,0.16857308149561767,0.045803168205687486,0.038037075978399,0.05844733080770935,0.014856325198578393,0.09559984107277705,0.016668350851436437,25,40,0.07371196243102207,0.11210849960394498,True,False,False,0.00027098047610629283,COMPLETE
1204,0.5349904656410218,2025-04-20 01:13:41.427837,2025-04-20 01:14:09.745134,0 days 00:00:28.317297,0.3609054449769705,0.11796520300193956,16,0.040696046062631365,0.04135939133689917,0.041732729305954785,0.06028632890746224,0.023142341248358053,0.08342523543457835,0.019546580244058448,23,36,0.07557136964490424,0.27199657298590973,True,False,False,0.00039893903935593443,COMPLETE
1205,0.49218866825103763,2025-04-20 01:14:10.133810,2025-04-20 01:14:36.675206,0 days 00:00:26.541396,0.41744945896610197,0.09364742261085368,16,0.05430874721945619,0.044422896035424944,0.04834752373752602,0.058383427684418975,0.015408487391376749,0.08737511214645184,0.015512975100038916,20,31,0.072938587123095,0.2998176888509898,True,False,False,0.0004663024956481426,COMPLETE
1206,0.4565308272838593,2025-04-20 01:14:37.068230,2025-04-20 01:15:06.571397,0 days 00:00:29.503167,0.3516520980472829,0.11853946721589413,16,0.04769669813463094,0.16299912673002095,0.034656756807942106,0.06800492889823186,0.021493348448035052,0.09180273576724196,0.02302028244284715,25,38,0.07080589199176711,0.21850817874656123,True,False,False,0.00045381230164437603,COMPLETE
1207,0.4717802107334137,2025-04-20 01:15:06.958937,2025-04-20 01:15:33.828548,0 days 00:00:26.869611,0.32821924096914495,0.07100709620474438,16,0.038109012970177616,0.030615703946093527,0.04606332386254308,0.06586120555399876,0.01706421788165447,0.02657869783927363,0.016798658106009945,21,28,0.07465980860698775,0.09101224631359292,True,False,False,0.0003144116437364912,COMPLETE
1208,0.32754993438720703,2025-04-20 01:15:34.217780,2025-04-20 01:16:03.064454,0 days 00:00:28.846674,0.39421715196745805,0.11598850606036551,16,0.05483027350313902,0.038007396461539306,0.03893782652038518,0.06222292414216618,0.014128907595574055,0.09420770568070536,0.027457884098506476,26,34,0.06796122186133743,0.29101336944505873,False,False,False,0.000489729384914848,COMPLETE
1209,0.4883232235908509,2025-04-20 01:16:03.453074,2025-04-20 01:16:32.143392,0 days 00:00:28.690318,0.37067221573187087,0.08937175851903356,16,0.06197523132113592,0.047666352028750976,0.0437749352036884,0.05777182140072599,0.019174962350317303,0.09666078294315646,0.020336573889957476,22,40,0.07057421480014021,0.10120979834081374,True,False,False,0.0002380263818812266,COMPLETE
1210,0.5057010650634766,2025-04-20 01:16:32.542381,2025-04-20 01:16:59.581522,0 days 00:00:27.039141,0.3218747911985954,0.13020118976770717,16,0.07001874407856049,0.026425667021863254,0.03614729053581402,0.06006861915355584,0.02401843225126129,0.08088877540579763,8.360948598647489e-05,25,36,0.0762518785847129,0.28502194164536976,True,False,True,0.0005103095914380719,COMPLETE
1211,0.46917535662651066,2025-04-20 01:16:59.968444,2025-04-20 01:17:25.950304,0 days 00:00:25.981860,0.19826543538053468,0.03712874699576174,16,0.045334971318127165,0.03469171073132127,0.00131979173547455,0.06245832812133893,0.05874960023106099,0.08535506410721448,0.015202403422394295,24,32,0.07298981155649775,0.06949553911827436,True,True,False,0.00045146283941762804,COMPLETE
1212,0.4454858720302582,2025-04-20 01:17:26.339223,2025-04-20 01:17:54.557980,0 days 00:00:28.218757,0.34815836703851233,0.11929693693927648,16,0.03878659358464087,0.04811120513999148,0.056850996517662206,0.06359815844915263,0.018508650537609802,0.09007352235890595,0.018983325678842547,25,25,0.06901668806697418,0.29233574505094706,True,False,False,0.0003684165877955826,COMPLETE
1213,0.5174752712249756,2025-04-20 01:17:54.943480,2025-04-20 01:18:24.922131,0 days 00:00:29.978651,0.3386328962877062,0.09521443909566635,16,0.28312969046891007,0.04042782460097331,0.04080763561889145,0.057811843415262514,0.014924908331199792,0.09353902342771006,0.014405445375571771,26,38,0.06819695620571925,0.28044084835458255,True,False,False,0.0005302743584326537,COMPLETE
1214,0.47959198951721194,2025-04-20 01:18:25.310902,2025-04-20 01:18:55.387885,0 days 00:00:30.076983,0.38494478414289196,0.04977774933372257,16,0.05240749344233997,0.04861455605469565,0.03183339957303622,0.06068840491440232,0.017009408459702155,0.09702051654091912,0.031401981350691464,26,41,0.07200900469602971,0.2951359663656387,True,False,False,0.00032953433202273085,COMPLETE
1215,0.5214231967926025,2025-04-20 01:18:55.776278,2025-04-20 01:19:25.430526,0 days 00:00:29.654248,0.3173085477165617,0.43659125988455544,16,0.2942342864794368,0.010994530473189261,0.0383108646741374,0.09807923242751838,0.019937696648740403,0.09517566382284832,0.024042466938470324,26,35,0.07390722822036183,0.19720786504244747,True,False,False,0.0005384941260103566,COMPLETE
1216,0.5046974420547485,2025-04-20 01:19:25.821371,2025-04-20 01:19:52.685685,0 days 00:00:26.864314,0.41522313781730413,0.3519592354845856,16,0.04605346983661527,0.042084952239050906,0.04190246211239205,0.05777942275345108,0.018376938817143473,0.09864963569392347,0.017490057339096338,21,30,0.0709962143860947,0.11705242644600641,True,False,False,0.0003951210560538939,COMPLETE
1217,0.09188934862613678,2025-04-20 01:19:53.075108,2025-04-20 01:20:20.303777,0 days 00:00:27.228669,0.3641191955976074,0.134512003403805,16,0.0005566564566326874,0.03374666013391714,0.03457281621106302,0.0695459426539318,0.014784182553979633,0.07640061538264459,0.013604767033504205,24,33,0.07790321310086096,0.2880838953048839,True,False,False,0.0005273629576495217,COMPLETE
1218,0.5085265278816223,2025-04-20 01:20:20.691429,2025-04-20 01:20:46.201779,0 days 00:00:25.510350,0.7303960637414326,0.07541386511869003,16,0.05765303924644091,0.022339331021201864,0.04499050860691561,0.06407584400270133,0.024731542168838685,0.08844102065507567,0.02160649638915512,22,37,0.06869800758555202,0.29432898181253964,True,False,True,0.00045149096113353683,COMPLETE
1219,0.5056405067443848,2025-04-20 01:20:46.593350,2025-04-20 01:21:16.835089,0 days 00:00:30.241739,0.24766710705692888,0.5123732484206944,16,0.18589173751017257,0.048093932167739946,0.036870391301241465,0.059857502938848554,0.02188932687747624,0.0998759814794979,0.038958225945175874,26,41,0.0754784009536772,0.10979685340978466,True,False,False,0.0002504424862649506,COMPLETE
1220,0.5203230500221253,2025-04-20 01:21:17.221499,2025-04-20 01:21:46.032856,0 days 00:00:28.811357,0.30763432600906176,0.4071303463531235,16,0.0370426341337665,0.02932482395203563,0.03967150310041953,0.05762877438519717,0.01924089039489013,0.09126560343509142,0.014905046041865306,25,35,0.06768069460227755,0.28225848487183003,True,False,False,0.0005875044437598277,COMPLETE
1221,0.4970752239227295,2025-04-20 01:21:46.423556,2025-04-20 01:22:14.859922,0 days 00:00:28.436366,0.34108701639750266,0.10396777116858319,16,0.04961921305546445,0.038898302503166345,0.04308783414148197,0.061580200037044036,0.012939453485945922,0.03465458187636702,0.018128892898605916,23,39,0.07051390288942962,0.10461602383100231,True,False,False,0.00030973796128400187,COMPLETE
1222,0.5052654027938843,2025-04-20 01:22:15.248288,2025-04-20 01:22:41.781933,0 days 00:00:26.533645,0.39431003414162513,0.12789621904658205,16,0.006270045839296941,0.05177628924321831,0.05196419928164213,0.059128646990339415,0.016387728219853907,0.07894098270692788,0.026326569142607812,20,32,0.06913032030705624,0.2865033236958216,True,False,False,0.00041743522226858447,COMPLETE
1223,0.5050514340400696,2025-04-20 01:22:42.173248,2025-04-20 01:23:11.372491,0 days 00:00:29.199243,0.27108255285270905,0.1542010057190633,16,0.073301257762338,0.045622338023782225,0.04928222008279645,0.09537864683322693,0.021913681126353078,0.09308036625615353,0.0127667256512788,26,28,0.07232954439123285,0.29973890211101023,True,False,False,0.0006125506983399509,COMPLETE
1224,0.5073065519332887,2025-04-20 01:23:11.763292,2025-04-20 01:23:40.586531,0 days 00:00:28.823239,0.22231024190405024,0.3721445832537565,16,0.03503499206306265,0.03470003976587789,0.0329334312777377,0.05630464219384663,0.017622963180733815,0.09679231640165231,0.020572358267245013,24,35,0.06755537142494347,0.2732853623536225,True,False,False,0.0005244899387867368,COMPLETE
1225,0.48442426919937137,2025-04-20 01:23:40.981466,2025-04-20 01:24:11.432106,0 days 00:00:30.450640,0.32194990776504334,0.46479111078123936,16,0.04485171081589613,0.05151765743246198,0.03765065373484998,0.06474911331833834,0.020731417602636994,0.09484048710309748,0.015276931389026234,27,41,0.07301415337734805,0.11939703140262312,True,False,False,0.0003958791308852055,COMPLETE
1226,0.33242425322532654,2025-04-20 01:24:11.823110,2025-04-20 01:24:37.349946,0 days 00:00:25.526836,0.36929637915484237,0.11016495712948728,16,0.0005564147629817263,0.042688713002495764,0.04064744230032803,0.05691399580521548,0.08973482348942022,0.08603453992702956,0.012165919720586534,25,37,0.07719959709643873,0.29427451757798473,False,False,True,0.0005672532412114525,COMPLETE
1227,0.5128768682479858,2025-04-20 01:24:37.738854,2025-04-20 01:25:08.139959,0 days 00:00:30.401105,0.3540959891383317,0.1389099597500013,16,0.15874704211645468,0.027380516181954268,0.03484844907568894,0.059600452343491074,0.066642525276324,0.08267925172209505,0.023198962194714984,27,31,0.06663544051120213,0.11434188917251811,True,False,False,0.00030841751651506234,COMPLETE
1228,0.5307157278060913,2025-04-20 01:25:08.528467,2025-04-20 01:25:38.182982,0 days 00:00:29.654515,0.3049185427309713,0.15616032911232933,16,0.28275204622704675,0.03722424458674343,0.0555885145485885,0.06330362244542997,0.014111411267946452,0.09189872311247622,0.01827173044570306,26,33,0.07000371793118601,0.2771294246097275,True,False,False,0.0004814734798671127,COMPLETE
1229,0.3859951913356781,2025-04-20 01:25:38.574023,2025-04-20 01:26:07.239325,0 days 00:00:28.665302,0.28146952100229006,0.08625100738399855,16,0.29979991995268,0.2601134813086359,0.047641434977446925,0.06156704971259599,0.013109649465999646,0.08915107181177856,0.029836147947692543,23,38,0.0669974039325384,0.2869718259930582,True,False,False,0.0006088210054186362,COMPLETE
1230,0.1420724928379059,2025-04-20 01:26:07.632492,2025-04-20 01:26:34.784682,0 days 00:00:27.152190,0.3366787286209604,0.11454938773196256,16,0.28854390128038154,0.01606804744747372,0.03852246992438276,0.05909068366161208,0.018086704196973044,0.09713244231648985,0.01516427824651385,26,42,0.07947442922956569,0.299924657543938,True,True,False,0.0001894527693342986,COMPLETE
1231,0.47969636917114256,2025-04-20 01:26:35.177732,2025-04-20 01:27:05.085040,0 days 00:00:29.907308,0.4094386147071754,0.4899531607555214,16,0.01015435980188881,0.05288483148491862,0.04204382804779736,0.06750512651834682,0.04352130738687865,0.09486555603501498,0.01720759191696211,28,29,0.07203478243978123,0.09536595891107948,True,False,False,0.0006574880956525896,COMPLETE
1232,0.5273351669311523,2025-04-20 01:27:05.477662,2025-04-20 01:27:34.612819,0 days 00:00:29.135157,0.3742055420072269,0.13699566224827853,16,0.0404499349896844,0.043302742288005305,0.04459079842405501,0.08581946130474158,0.023944409166793818,0.04743219882536674,0.012459103791654777,25,35,0.07403029941047942,0.2916104372224793,True,False,False,0.00042976194099511215,COMPLETE
1233,0.5168431520462037,2025-04-20 01:27:35.003022,2025-04-20 01:28:03.277516,0 days 00:00:28.274494,0.32602894715165914,0.3905411140528078,16,0.06365553520400327,0.0506547024115613,0.0596708238640563,0.05629268299755505,0.020270573286606378,0.09991229743718494,0.022470933477197273,22,39,0.06799536907497666,0.2900521008126028,True,False,False,0.0006397095483843015,COMPLETE
1234,0.42520546317100527,2025-04-20 01:28:03.687240,2025-04-20 01:28:30.445008,0 days 00:00:26.757768,0.35445784668568536,0.07164640632130453,16,0.00010474652617307057,0.023045172530539948,0.031099320819567337,0.05743497576905017,0.014829741796499329,0.09282475970965064,0.019104463319310965,27,26,0.06973184868324518,0.2835639860220664,True,False,True,0.0005029687084841927,COMPLETE
1235,0.5224111437797547,2025-04-20 01:28:30.842366,2025-04-20 01:29:00.288550,0 days 00:00:29.446184,0.2550982321787737,0.35565275125416557,16,0.049665580331176525,0.0336238546726538,0.03639869736178585,0.0609700753119797,0.017013500938424107,0.061660651050236215,0.01530285962110157,26,33,0.06633178248817204,0.2998605892810632,True,False,False,0.000356371820569589,COMPLETE
1236,0.5485888600349427,2025-04-20 01:29:00.684589,2025-04-20 01:29:29.191409,0 days 00:00:28.506820,0.3038912583515212,0.1578753799500655,16,0.054372384219902044,0.045433069722924185,0.03985771324677439,0.05951906896482926,0.01266862146636073,0.08683884401465533,0.03210923396112114,23,36,0.07046803531989417,0.11983711110513547,True,False,False,0.00024086226366075233,COMPLETE
1237,0.5395217299461365,2025-04-20 01:29:29.587616,2025-04-20 01:29:57.873568,0 days 00:00:28.285952,0.28636185975649725,0.11950783821677145,16,0.06499403127933888,0.040662029982647105,0.06951820006314902,0.061655603441736526,0.012662868235332133,0.08470887330175608,0.034312383537338065,23,30,0.07146084261474005,0.11255291807053315,True,False,False,0.00022842123729637884,COMPLETE
1238,0.5085359692573548,2025-04-20 01:29:58.270484,2025-04-20 01:30:25.787164,0 days 00:00:27.516680,0.27950618970166247,0.09957574540790315,16,0.06836481114576254,0.037134931754080606,0.04587419016599991,0.06313715215413641,0.012426898514102435,0.08681158699088845,0.03546810577669138,22,28,0.07413611179230212,0.10684181618586394,True,False,False,0.0001724871679979064,COMPLETE
1239,0.4503652155399323,2025-04-20 01:30:26.184874,2025-04-20 01:30:54.189489,0 days 00:00:28.004615,0.27792344249392026,0.11925400499168373,16,0.059604689841862034,0.04036593660861617,0.0699229385180252,0.06364810656867248,0.011605345052122304,0.08446519684910635,0.023341260300844324,23,27,0.07033219536157002,0.1092081116524104,True,False,False,0.00014457258816730982,COMPLETE
1240,0.45911113619804383,2025-04-20 01:30:54.585444,2025-04-20 01:31:21.839603,0 days 00:00:27.254159,0.26436041796622434,0.11586793010647589,16,0.06044668259259061,0.033177699527938566,0.07348662099954559,0.06524380946608228,0.013463793194516462,0.08691090953595765,0.040151596816530924,22,29,0.07239487630989035,0.11233679565421462,True,False,False,0.00023522400445406705,COMPLETE
1241,0.3447612524032593,2025-04-20 01:31:22.238770,2025-04-20 01:31:49.830382,0 days 00:00:27.591612,0.24307041046125497,0.08936577414776006,16,0.06425267093222756,0.043637586594306124,0.06567975758351026,0.06496984236509867,0.01198708600420003,0.0848696752595406,0.038816530738137,22,24,0.07096493774890301,0.10423094733855857,True,False,False,0.00022773697377386195,COMPLETE
1242,0.5175313830375672,2025-04-20 01:31:50.226416,2025-04-20 01:32:18.454660,0 days 00:00:28.228244,0.2536530321823149,0.13055606909476544,16,0.07094282492467638,0.027078212148885995,0.03372912588991442,0.06646423877220883,0.013054812376046575,0.08525435327880518,0.044411780806092316,23,27,0.0754670030808493,0.10134408794374597,True,False,False,0.00022268906956023237,COMPLETE
1243,0.4000212848186493,2025-04-20 01:32:18.853839,2025-04-20 01:32:44.027050,0 days 00:00:25.173211,0.28343840601248504,0.05448023892441186,16,0.05637632065057309,0.03884717037062571,0.03606715836140616,0.0625340115233588,0.014879051619681373,0.08519752470729987,0.04017867067144378,23,22,0.07165392205565627,0.11463706341697888,True,False,True,0.00014297873258719358,COMPLETE
1244,0.5139176249504089,2025-04-20 01:32:44.422787,2025-04-20 01:33:12.545859,0 days 00:00:28.123072,0.2651139341596672,0.10350983845890939,16,0.06586730312999761,0.04641987864817053,0.08197306888681198,0.06062379368500598,0.012500454260475727,0.08622127115362468,0.03711542202014838,23,30,0.06912195592708,0.11465608894104898,True,False,False,0.0001892185051435504,COMPLETE
1245,0.4510277211666108,2025-04-20 01:33:12.942686,2025-04-20 01:33:45.093713,0 days 00:00:32.151027,0.2345572788522652,0.13211402942671832,16,0.05931665764789183,0.033268495566954694,0.028748958113453637,0.060702377531706805,0.011191621128603547,0.08777921077454026,0.04191332201376941,23,78,0.07434332289408604,0.11005834605376548,True,False,False,0.0002863537956852993,COMPLETE
1246,0.2501827418804169,2025-04-20 01:33:45.494814,2025-04-20 01:34:12.209464,0 days 00:00:26.714650,0.28944127341522813,0.13386870267564346,16,0.056367830486573525,0.044895083332226346,0.0715549159598152,0.06231339151764447,0.013183798422702378,0.08789506646827543,0.029813214847269388,23,24,0.07093389441507203,0.11908971192857085,False,False,False,0.0002679265851090408,COMPLETE
1247,0.4527716517448426,2025-04-20 01:34:12.604647,2025-04-20 01:34:41.027381,0 days 00:00:28.422734,0.26319357796775916,0.0824835608288168,16,0.06349759750308617,0.03088634243249932,0.07879137314636273,0.06611304531397522,0.010963546432794643,0.08690440734696254,0.03264967987544935,24,30,0.07251441266063777,0.10802896748493888,True,False,False,0.00025227008834002114,COMPLETE
1248,0.45106298327445987,2025-04-20 01:34:41.425840,2025-04-20 01:35:09.304129,0 days 00:00:27.878289,0.2882293481858217,0.1498682609675332,16,0.054240456833786074,0.03895455614051181,0.0758540159947146,0.06274956411968258,0.014952936144114642,0.0846084367429147,0.034636661484763645,24,20,0.06996974010608907,0.11639052038461001,True,False,False,0.00018940582239933499,COMPLETE
