number,value,datetime_start,datetime_complete,duration,params_alpha-eval,params_alpha-train,params_batch-size,params_eps-eval,params_eps-train,params_lambda-actions-eval,params_lambda-actions-train,params_lambda-frames-eval,params_lambda-frames-train,params_learning-rate,params_n-epochs,params_n-frames,params_radius-gw,params_rho,params_std-feats,params_ub-actions,params_ub-frames,params_weight-decay,state
1823,0.5212012529373169,2025-04-09 03:07:58.716327,2025-04-09 03:08:36.669641,0 days 00:00:37.953314,0.13304155851764504,0.42508919079936586,2,0.2678371364001879,0.16617567921298457,0.04880731035859745,0.046377657418683944,0.08956257490861991,0.0873291791222683,0.05412532980685573,5,74,0.0177234292793842,0.09384050457745191,True,False,False,1.3058742003384312e-05,COMPLETE
1824,0.5106391429901124,2025-04-09 03:08:37.247880,2025-04-09 03:09:17.937867,0 days 00:00:40.689987,0.15962463831350074,0.37201264337654055,2,0.2613696574069284,0.15437520988747125,0.041558443898954994,0.03693029161782001,0.09630298792832834,0.09006247111386205,0.029893341136271914,6,60,0.02195114960334626,0.057770454323484606,True,False,False,2.017284775098246e-05,COMPLETE
1825,0.5384307026863098,2025-04-09 03:09:18.541845,2025-04-09 03:09:55.919592,0 days 00:00:37.377747,0.14357619603054708,0.4454656769927352,2,0.24703702648554737,0.1347973722239797,0.04535102664061115,0.028384723895843338,0.0919425164383184,0.08044523453298075,0.07964267510614906,5,63,0.01899046835782183,0.04331285184173647,True,False,False,3.3251077151868584e-05,COMPLETE
1826,0.5247801065444947,2025-04-09 03:09:56.523526,2025-04-09 03:10:37.188164,0 days 00:00:40.664638,0.20941325156670745,0.40209384438533036,2,0.2547728387853253,0.1618717617329372,0.05095180305228377,0.033516816303318875,0.09459718703954838,0.08844636369477926,0.04319919748325997,6,66,0.024047109608323215,0.02152618546275247,True,False,False,2.470101976785874e-05,COMPLETE
1827,0.4057160913944245,2025-04-09 03:10:37.776292,2025-04-09 03:11:15.999414,0 days 00:00:38.223122,0.1753593056431432,0.0988430457743622,2,0.24343072549341535,0.14168835451219391,0.046938528238430546,0.038321272587459224,0.09809067897384158,0.08635755935028791,0.03376323034323319,5,70,0.020806254599964016,0.028727120198993317,True,False,False,1.5317553106075232e-05,COMPLETE
1828,0.36536712050437925,2025-04-09 03:11:16.603274,2025-04-09 03:11:54.236235,0 days 00:00:37.632961,0.12715701917452268,0.3417675268920118,2,0.2596948562826069,0.14912251314788405,0.043006939047653535,0.04132709458424201,0.09696188022211887,0.09156974657436072,0.06343793640101096,5,60,0.016373588591934805,0.051206280973908384,True,False,False,3.0059431279185743e-05,COMPLETE
1829,0.5221203327178956,2025-04-09 03:11:54.823720,2025-04-09 03:13:04.407366,0 days 00:01:09.583646,0.2521963445800824,0.45678873920232627,2,0.27346916093917034,0.17633987597362227,0.04892016795550336,0.04328594462631956,0.08813076677320017,0.09755075499201873,0.05009593598135096,15,63,0.025845030753110267,0.04001057366126184,True,False,False,2.0143421001208064e-05,COMPLETE
1830,0.3394165217876435,2025-04-09 03:13:04.990997,2025-04-09 03:13:42.325781,0 days 00:00:37.334784,0.12508332565568878,0.4176628723121865,2,0.2515425427066464,0.15621244037049675,0.03556070190109698,0.03086373195399482,0.09991428485264596,0.08267088642466391,0.025323758528878373,5,67,0.05740162585574614,0.033697210409536285,False,False,False,1.2582794068604606e-05,COMPLETE
1831,0.532658064365387,2025-04-09 03:13:42.928386,2025-04-09 03:14:23.965065,0 days 00:00:41.036679,0.15301510723941908,0.3615992251305858,2,0.26450144759248195,0.16371681679492683,0.03958180096560638,0.04479953256703366,0.0935279653877004,0.0896270455406771,0.039170878980939516,6,64,0.02192575129304023,0.018582605545674966,True,False,False,2.4871209135901393e-05,COMPLETE
1832,0.5164452552795411,2025-04-09 03:14:24.572068,2025-04-09 03:15:01.713618,0 days 00:00:37.141550,0.16642582243868087,0.3215004961017083,2,0.2534658197167864,0.14759791009508133,0.04567757146004364,0.04680064458222063,0.0909988320224559,0.08475022015105158,0.05702419383431226,5,59,0.01938714944962444,0.06366782529993337,True,False,False,3.655746956787045e-05,COMPLETE
1833,0.5127676486968995,2025-04-09 03:15:02.304673,2025-04-09 03:15:43.273155,0 days 00:00:40.968482,0.19191612672429137,0.38551072887976884,2,0.2452813781190928,0.16987848444831505,0.04400707131699621,0.03505016430129742,0.09494170849463382,0.09378168657617895,0.04576618197963743,6,70,0.02361345023823403,0.026951101361439852,True,False,False,1.7090363063486055e-05,COMPLETE
1834,0.10178597867488862,2025-04-09 03:15:43.853755,2025-04-09 03:16:16.578767,0 days 00:00:32.725012,0.11995579218216426,0.4350258036589816,2,0.25805054710249054,0.15644527676538045,0.04733031516196248,0.03974294346408815,0.09702012976583256,0.08680552768398403,0.06867847750482142,5,62,0.017617690659130478,0.022936829883464623,True,True,False,2.3036966719532215e-05,COMPLETE
1835,0.5198433160781861,2025-04-09 03:16:17.183288,2025-04-09 03:16:54.744730,0 days 00:00:37.561442,0.1427775167976146,0.40022633880692515,2,0.2490255562877873,0.13937040354023766,0.052019173635218144,0.04145767304720878,0.09217548411231555,0.09641852033491216,0.03318023752531117,5,66,0.02043249818107028,0.04586078896795338,True,False,False,8.910609669559027e-06,COMPLETE
1836,0.4746029019355774,2025-04-09 03:16:55.334722,2025-04-09 03:17:16.085609,0 days 00:00:20.750887,0.0348274303508618,0.3781186245017256,16,0.26755168156090825,0.1524217920425087,0.05020230260003558,0.037393454740866534,0.09789078132042928,0.09120398795900625,0.038753552476140166,6,74,0.025841492844455402,0.03470591791979546,True,False,False,2.7692236736066126e-05,COMPLETE
1837,0.3447028994560242,2025-04-09 03:17:16.692265,2025-04-09 03:17:50.367641,0 days 00:00:33.675376,0.11379442499510392,0.3475502263914783,2,0.24216700985723816,0.1445816764579266,0.05403894717759505,0.04470922687840225,0.01347880045723298,0.08821655014086967,0.051365097369565384,5,58,0.02237946925341503,0.04032527950563058,True,False,True,1.8500191407223834e-05,COMPLETE
1838,0.5013930797576904,2025-04-09 03:17:50.981043,2025-04-09 03:18:28.612718,0 days 00:00:37.631675,0.15769239167652294,0.3005331247553134,2,0.2609719495021524,0.13303465467712144,0.028133994046829668,0.0320189547863549,0.08788555610882912,0.08453660939004957,0.07707575597631797,5,68,0.01794943182595898,0.03184086786301886,True,False,False,3.419083379593961e-05,COMPLETE
1839,0.3650644361972809,2025-04-09 03:18:29.195832,2025-04-09 03:19:10.044438,0 days 00:00:40.848606,0.13792999903784972,0.42731561202654167,2,0.2552026181119348,0.16110204242341705,0.04257475720569564,0.03582284034491924,0.09503446568489982,0.08930121894685225,0.04628555052867131,6,63,0.01486177688251952,0.05230837340270174,True,False,False,1.2168190950525736e-05,COMPLETE
1840,0.4750400483608246,2025-04-09 03:19:10.658698,2025-04-09 03:19:47.745493,0 days 00:00:37.086795,0.06737247055527291,0.46323586427634406,2,0.24941191480155456,0.1517751533219861,0.04602294551164973,0.04208036811431562,0.09995454006037542,0.09233315960124577,0.00084637008501045,5,61,0.02013083707235754,0.016598020739335674,True,False,False,1.557018248368451e-05,COMPLETE
1841,0.45061172246932985,2025-04-09 03:19:48.331187,2025-04-09 03:20:25.852300,0 days 00:00:37.521113,0.17449838873429036,0.4055680685890089,2,0.2743096871539441,0.1809101956695394,0.04795480662603192,0.03863063217733739,0.09293393106525555,0.09495406939625581,0.0992716343282116,5,70,0.023898650840998265,0.024383166811674656,True,False,False,2.1265442946461804e-05,COMPLETE
1842,0.5144012331962585,2025-04-09 03:20:26.465138,2025-04-09 03:21:07.062092,0 days 00:00:40.596954,0.08714189420702126,0.3616949100551143,2,0.2638445816761326,0.15807280794176173,0.04108515224654912,0.0474280327983957,0.09030367189339597,0.08190774320799363,0.05711641259068805,6,65,0.021517235763382655,0.05812821446147091,True,False,False,2.869966954315713e-05,COMPLETE
1843,0.3548223435878754,2025-04-09 03:21:07.649921,2025-04-09 03:21:45.195418,0 days 00:00:37.545497,0.20275736596279872,0.32730361967135396,2,0.24209254418311038,0.1454748420212808,0.0443440690279648,0.04025192711859266,0.09626646489621615,0.08668853202770252,0.03074212949969145,5,59,0.01636276234610467,0.04351866348255299,True,False,False,3.621307471017707e-05,COMPLETE
1844,0.3657746732234955,2025-04-09 03:21:45.806617,2025-04-09 03:22:26.597691,0 days 00:00:40.791074,0.1205404399847507,0.3871790043223179,2,0.253950840421984,0.16937921638436002,0.04866269985448339,0.09375587838605723,0.09820388697834882,0.0901560199191733,0.03897214005475363,6,67,0.01291637349314852,0.01665617037553955,True,False,False,6.915951680516098e-06,COMPLETE
1845,0.529726004600525,2025-04-09 03:22:27.181010,2025-04-09 03:23:04.693619,0 days 00:00:37.512609,0.10255523102303349,0.4458267846023655,2,0.2683928987305971,0.13818832044506904,0.045864146655841084,0.03343030196348529,0.09337442239862292,0.08808375018370508,0.06366998707652373,5,62,0.026553629172047205,0.03004293963789323,True,False,False,1.8779402154429597e-05,COMPLETE
1846,0.4998473167419434,2025-04-09 03:23:05.300450,2025-04-09 03:23:46.227452,0 days 00:00:40.927002,0.1466259659110629,0.41065272996461344,2,0.258796000005834,0.15129456363381968,0.03833276620583803,0.0438067168000048,0.09997034669104743,0.0848995394883427,0.043355593440384865,6,79,0.023179239339740327,0.03716411771570823,True,False,False,1.0726671239961452e-05,COMPLETE
1847,0.4737918674945832,2025-04-09 03:23:46.812957,2025-04-09 03:24:24.339206,0 days 00:00:37.526249,0.1791745950771445,0.37497331478297513,2,0.24681545556873843,0.16168324196563022,0.05013890679077605,0.045899713400153405,0.08949012478733724,0.09278100738915572,0.0005410128044090221,5,64,0.019848688224408703,0.04868732104290893,True,False,False,1.4493322377378847e-05,COMPLETE
1848,0.2511766314506531,2025-04-09 03:24:24.949101,2025-04-09 03:25:02.420104,0 days 00:00:37.471003,0.1266980187905679,0.42918950899874453,2,0.2530885833055529,0.17381844545578803,0.024533918135677863,0.03773953907848991,0.09609805754870332,0.08062852704795925,0.028070230419870095,5,57,0.025056556739197353,0.021562530499351144,False,False,False,3.535714866114895e-06,COMPLETE
1849,0.4346603274345398,2025-04-09 03:25:03.035755,2025-04-09 03:25:44.607099,0 days 00:00:41.571344,0.1585187856531179,0.3388752717511042,2,0.23990440334513718,0.15658708689580264,0.043295898422438084,0.04254800829698775,0.09471940285998684,0.08649946688945638,0.05063751193122049,6,129,0.021709754503401662,0.027311277844718165,True,False,False,2.4466742239704953e-05,COMPLETE
1850,0.5066998243331909,2025-04-09 03:25:45.199006,2025-04-09 03:26:22.842660,0 days 00:00:37.643654,0.1064277661379509,0.3618284616874123,2,0.26121465266516347,0.1428910729856802,0.04734592483512843,0.0292063879693907,0.09146921705859824,0.08316380865554127,0.03463767744073089,5,72,0.01808132635566745,0.039019486066374315,True,False,False,2.9149412446150775e-05,COMPLETE
1851,0.4860002100467682,2025-04-09 03:26:23.457533,2025-04-09 03:27:04.314828,0 days 00:00:40.857295,0.07319338313252,0.3927089100397049,2,0.24620356018447037,0.1648471740818696,0.05186168252645524,0.035322183726611084,0.09808239543925444,0.09105439891122745,0.07478233439730608,6,68,0.023223441863652487,0.06812711924452781,True,False,False,2.045610777051523e-05,COMPLETE
1852,0.3650485694408417,2025-04-09 03:27:04.925371,2025-04-09 03:27:42.571801,0 days 00:00:37.646430,0.13161451448324715,0.4689434226413716,2,0.25706868353659934,0.14821548091490158,0.04485715484002446,0.040071160352314214,0.08692602148406303,0.08844552352816598,0.06035303963256803,5,61,0.00871500069649269,0.013180090147156442,True,False,False,3.730481128789848e-05,COMPLETE
1853,0.5470184803009034,2025-04-09 03:27:43.187041,2025-04-09 03:28:20.752601,0 days 00:00:37.565560,0.09131685345579008,0.3125758980314103,2,0.26895416466813343,0.15479892734765957,0.04140679982083248,0.04468431060675514,0.0964090270356838,0.09389845818517847,0.046944198408136045,5,65,0.01959822490460864,0.03341017933535305,True,False,False,1.5778180037802765e-05,COMPLETE
1854,0.3679107010364533,2025-04-09 03:28:21.342568,2025-04-09 03:28:58.460188,0 days 00:00:37.117620,0.05699342632263779,0.29939976406375335,2,0.27489452122011926,0.1889148355854964,0.03957629499550861,0.04196565311390265,0.09293099467912565,0.09717488151327681,0.06856336715212541,5,59,0.015624102367865038,0.029131192756863655,True,False,False,1.2379219448721605e-05,COMPLETE
1855,0.09249286800622941,2025-04-09 03:28:59.074010,2025-04-09 03:29:35.424332,0 days 00:00:36.350322,0.07409328215803207,0.32025113463038996,2,0.2745453106615242,0.16612119154320015,0.04182101775467556,0.03875624960351413,0.09399831592273844,0.09571226355038673,0.0865811939071565,6,61,0.011002561311208612,0.024035560866975045,True,True,False,8.993292433282544e-06,COMPLETE
1856,0.08582352101802826,2025-04-09 03:29:36.016515,2025-04-09 03:30:09.757963,0 days 00:00:33.741448,0.03884068548612454,0.29545683493712693,2,0.27161511171103403,0.12964860897545946,0.03609528957503902,0.02481292797028568,0.09091995281953275,0.098519940938204,0.053244751046873935,5,64,0.014097361955296149,0.03084289869363047,True,False,True,1.1302072515226647e-05,COMPLETE
1857,0.37783514261245726,2025-04-09 03:30:10.366615,2025-04-09 03:30:51.469189,0 days 00:00:41.102574,0.08498654780794579,0.3257759211847649,2,0.26995855142931874,0.15773173142536073,0.03910374068101262,0.03312825073519546,0.09264740265341308,0.09413695416071459,0.06125250975551734,6,56,0.01754059399236024,0.03205961900478632,True,False,False,1.4895118567529493e-05,COMPLETE
1858,0.5366435885429383,2025-04-09 03:30:52.086728,2025-04-09 03:31:29.742853,0 days 00:00:37.656125,0.058470573484904226,0.3136530597642959,2,0.27477098927202126,0.15217633466616487,0.036835450066174086,0.03658186856444886,0.09467663946264951,0.09692720091731138,0.049784174747536776,5,64,0.016470360418137688,0.020270022442114784,True,False,False,1.5488816465114272e-05,COMPLETE
1859,0.47419466972351076,2025-04-09 03:31:30.339009,2025-04-09 03:31:50.841366,0 days 00:00:20.502357,0.08589231184899157,0.297951904774687,16,0.2749639570333677,0.17220172006216902,0.03745221368546783,0.04359094920241108,0.08998911285410233,0.08254862180416969,0.07344946401936053,6,59,0.01842203943092446,0.03613497741162461,True,False,False,2.356681130254457e-06,COMPLETE
1860,0.5183041334152222,2025-04-09 03:31:51.459113,2025-04-09 03:32:29.123476,0 days 00:00:37.664363,0.09629664127604728,0.32352983094749477,2,0.2666809369579972,0.16337248162995027,0.04021881549709803,0.04704285422362714,0.09508151870052851,0.094702620540647,0.0561179516974623,5,62,0.07997052823860842,0.02555830949393413,True,False,False,2.345656898447755e-05,COMPLETE
1861,0.5350054621696473,2025-04-09 03:32:29.716570,2025-04-09 03:33:07.408576,0 days 00:00:37.692006,0.051324967765522284,0.3344353772035899,2,0.26653232354968925,0.20832940028475566,0.04070594057452552,0.04065238594854511,0.088429522515299,0.09325922061817042,0.04484675502285393,5,57,0.01873299242310401,0.01727336225368034,True,False,False,6.512535947981626e-06,COMPLETE
1862,0.47794560194015506,2025-04-09 03:33:07.996097,2025-04-09 03:33:51.679765,0 days 00:00:43.683668,0.08154474001152764,0.33956859121708544,2,0.2715454891328785,0.13953579412025058,0.03895529463662326,0.0317941496202001,0.09178018116013721,0.0959133213541607,0.06191363875874428,7,65,0.016521290864276825,0.025498440648996652,True,False,False,2.8375725317557553e-05,COMPLETE
1863,0.5448476910591126,2025-04-09 03:33:52.291624,2025-04-09 03:34:29.780580,0 days 00:00:37.488956,0.10026936352461692,0.29618318990085835,2,0.27360077380656417,0.14605549058254466,0.031582371485323155,0.04504449891983764,0.09562305106298843,0.08539860439526664,0.04513711656781429,5,61,0.019719645189125362,0.033035900559247905,True,False,False,3.93998637203273e-05,COMPLETE
1864,0.3595457553863526,2025-04-09 03:34:30.398291,2025-04-09 03:35:11.390385,0 days 00:00:40.992094,0.0627944114970759,0.2900076113257419,2,0.27619950564487944,0.13163931966389553,0.035160568888156975,0.047364560040405325,0.0936092928923361,0.07976904988274784,0.0823132703292666,6,57,0.016941418727851914,0.030473690588108924,True,False,False,1.789164782632532e-05,COMPLETE
1865,0.3410609126091003,2025-04-09 03:35:11.986905,2025-04-09 03:35:49.624666,0 days 00:00:37.637761,0.08224494748078304,0.28723936890260043,2,0.2761856540342535,0.13627712986762983,0.02594118305587319,0.04602030187616956,0.09112864378178386,0.083646355736484,0.05374221956754909,5,55,0.01521530775178086,0.023751650649472666,True,False,False,2.2003371281491296e-05,COMPLETE
1866,0.36717773079872135,2025-04-09 03:35:50.244877,2025-04-09 03:36:31.088251,0 days 00:00:40.843374,0.07178711602505061,0.29900846038450646,2,0.275688854941908,0.14138493731444707,0.030640670516851015,0.047479996803366814,0.08862803930248664,0.08188698114389022,0.068663927561265,6,53,0.018374440330404317,0.030815138877062755,True,False,False,1.3362229972309349e-05,COMPLETE
1867,0.3774156451225281,2025-04-09 03:36:31.685440,2025-04-09 03:37:09.280804,0 days 00:00:37.595364,0.09312066592136074,0.3034314115335801,2,0.2698081058224532,0.144758829471067,0.03202920126488544,0.04599966403799431,0.092928263089397,0.08455257521736409,0.04804002694207361,5,59,0.015605858231230344,0.02220176334779543,True,False,False,3.001161733547793e-05,COMPLETE
1868,0.366912055015564,2025-04-09 03:37:09.901043,2025-04-09 03:38:53.505089,0 days 00:01:43.604046,0.06661711843284004,0.3111946399898198,2,0.2756046052583355,0.1358887033072468,0.036520569797378034,0.04506277236273213,0.09508638055679673,0.08367987207303389,0.05974878334920892,26,60,0.0131552239191922,0.03478751709445448,False,False,False,9.408790905752812e-06,COMPLETE
1869,0.5491355538368226,2025-04-09 03:38:54.125452,2025-04-09 03:39:31.566500,0 days 00:00:37.441048,0.09404932876202148,0.3018180538465833,2,0.2731834120044216,0.14741958621985599,0.02761872786607534,0.04746181875342567,0.09659913956825256,0.08054542287650036,0.04781742626893723,5,56,0.01860751072318395,0.028671625969832634,True,False,False,1.9113322332022765e-05,COMPLETE
1870,0.36578771471977234,2025-04-09 03:39:32.165442,2025-04-09 03:40:12.900540,0 days 00:00:40.735098,0.04614569754607717,0.3080564638815604,2,0.2698338360167477,0.14836987728720394,0.025854688073761928,0.04845164453859469,0.09671224231680751,0.0839918280050662,0.08617975606042438,6,53,0.01374967215182166,0.017750615086027217,True,False,False,1.4065944399825108e-05,COMPLETE
1871,0.09903637766838075,2025-04-09 03:40:13.490256,2025-04-09 03:40:46.371449,0 days 00:00:32.881193,0.07441123854780127,0.29206230628902474,2,0.27035776989293586,0.15732022124512474,0.024487263438875626,0.04826333103317186,0.09698319719847355,0.08115433772939144,0.06869970696154241,5,55,0.016821145915754242,0.025739410272042414,True,True,False,1.2963307987053859e-05,COMPLETE
1872,0.3745835781097412,2025-04-09 03:40:46.983149,2025-04-09 03:41:28.140352,0 days 00:00:41.157203,0.06271812176944475,0.33592406582562606,2,0.2685706653977537,0.14153402847739188,0.023015234137942427,0.04872198985161368,0.006570465120756541,0.08015723532177954,0.05363850505069799,6,52,0.0149210257943528,0.01979129338580076,True,False,False,1.621784485837887e-05,COMPLETE
1873,0.5279646873474122,2025-04-09 03:41:28.762749,2025-04-09 03:42:47.089961,0 days 00:01:18.327212,0.09404697466501685,0.30519820068476217,2,0.27550509328093264,0.17868889167475724,0.041287280953287306,0.04775780094521965,0.09432378672235876,0.0813256440189736,0.061131760192783144,18,55,0.01821359334886194,0.0127101303905925,True,False,False,1.0669047822071445e-05,COMPLETE
1874,0.3780772387981415,2025-04-09 03:42:47.689818,2025-04-09 03:43:25.325241,0 days 00:00:37.635423,0.04564786945318605,0.3119853543293811,2,0.2680952319820354,0.14780495424408993,0.028514699375660146,0.048949432900708995,0.08671481301699391,0.08032897054501498,0.04936386778927863,5,52,0.011589985850335889,0.027675770087290226,True,False,False,1.7301301657562603e-05,COMPLETE
1875,0.5445354700088502,2025-04-09 03:43:25.943844,2025-04-09 03:44:03.639340,0 days 00:00:37.695496,0.09506095312631418,0.2919545785305341,2,0.27633013290574987,0.15274377533252648,0.041632199034091835,0.049444310203651747,0.09051744639826698,0.08219207213663962,0.07526062918629808,5,53,0.019210929745270434,0.014400677126655766,True,False,False,1.1460736300739646e-05,COMPLETE
1876,0.08786703944206238,2025-04-09 03:44:04.236188,2025-04-09 03:44:37.131923,0 days 00:00:32.895735,0.03112795125793813,0.3108430840882869,2,0.26642676121956854,0.1370344013173522,0.022011913544145882,0.04744839361875467,0.09721687226959876,0.08350424408902075,0.056694530875661245,5,56,0.016590737133285585,0.021568345386377932,True,False,True,1.837730067105936e-05,COMPLETE
1877,0.4651242554187775,2025-04-09 03:44:37.752238,2025-04-09 03:45:18.345454,0 days 00:00:40.593216,0.08277055203100243,0.8470026650112782,2,0.26483735001237313,0.1611714952944741,0.026265237547303588,0.04626404442742401,0.09317080500254055,0.0789761442076347,0.04458703576686695,6,57,0.019433693223283283,0.02767489655094751,True,False,False,7.604108758049769e-06,COMPLETE
1878,0.5062796473503113,2025-04-09 03:45:18.973945,2025-04-09 03:46:03.191510,0 days 00:00:44.217565,0.11026169951481604,0.31828571115427134,2,0.14633957191023628,0.1273307029325923,0.023919936999428907,0.04483449095253168,0.09577871454407409,0.08033704871951004,0.06334425665411515,7,57,0.017544215444146825,0.01897567718884072,True,False,False,1.5790838611270222e-05,COMPLETE
1879,0.36082583069801333,2025-04-09 03:46:03.797331,2025-04-09 03:46:35.439592,0 days 00:00:31.642261,0.06612095069336013,0.3091761555879973,16,0.26936606464914037,0.14482162634753565,0.042909199975924274,0.04591164904936452,0.09791952071393224,0.08001271571397406,0.04247747596302501,29,54,0.014785978867494578,0.025466138671830157,True,False,False,1.9535487505357543e-05,COMPLETE
