number,value,datetime_start,datetime_complete,duration,params_alpha-eval,params_alpha-train,params_batch-size,params_eps-eval,params_eps-train,params_lambda-actions-eval,params_lambda-actions-train,params_lambda-frames-eval,params_lambda-frames-train,params_learning-rate,params_n-epochs,params_n-frames,params_radius-gw,params_rho,params_std-feats,params_ub-actions,params_ub-frames,params_weight-decay,state
284,0.4601442217826844,2025-04-19 16:24:57.231107,2025-04-19 16:25:35.981809,0 days 00:00:38.750702,0.5679845936988728,0.3080046151017903,8,0.26298924388520784,0.04586672531189137,0.04766501142003337,0.0794259148548758,0.02729926226062491,0.08713136789838859,0.03525449404447676,24,48,0.04871643224649553,0.23005780933276443,True,False,False,3.364427230219235e-07,COMPLETE
285,0.5110122084617615,2025-04-19 16:25:36.071449,2025-04-19 16:26:14.860897,0 days 00:00:38.789448,0.6525398613239595,0.4007343510510872,8,0.25685684786256685,0.032878247402865615,0.043779054611090384,0.07564296953697436,0.03442954698732128,0.08483427782044717,0.05929984240491657,25,38,0.04430939865914624,0.2423034036175427,True,False,False,1.6464636219771446e-05,COMPLETE
286,0.5208734393119813,2025-04-19 16:26:14.950568,2025-04-19 16:26:55.711591,0 days 00:00:40.761023,0.5955176535552006,0.3448574670569155,8,0.26809671959169024,0.02702685478766142,0.03897217957365436,0.06586305294839558,0.03812900419212939,0.08094965613265065,0.0847479861731097,26,45,0.0519710087452199,0.25884025630960905,True,False,False,2.6564807049056553e-05,COMPLETE
287,0.4421475827693939,2025-04-19 16:26:55.801122,2025-04-19 16:27:36.996907,0 days 00:00:41.195785,0.6676577506693682,0.29582574604659945,8,0.24517645891754353,0.04943111903735105,0.04572123543415721,0.07274479516524199,0.021803660753531025,0.082983575243132,0.04055272498618508,27,41,0.02075501255041808,0.2501027293842797,True,False,False,3.9616266221227885e-05,COMPLETE
288,0.3274364829063416,2025-04-19 16:27:37.097331,2025-04-19 16:28:18.072486,0 days 00:00:40.975155,0.6234755467049508,0.4716216748666049,8,0.25400651145149794,0.03962712980386329,0.04224201314795222,0.07712232901788209,0.03235902320870591,0.07851341286585035,0.0503030946995666,25,71,0.030839866534328297,0.23624680248266738,True,False,False,0.00018710241612968645,COMPLETE
289,0.5135802268981934,2025-04-19 16:28:18.163330,2025-04-19 16:28:58.660534,0 days 00:00:40.497204,0.5669856125075434,0.32560514808159785,8,0.27470447947878296,0.047513003522811306,0.03627961503258477,0.07916834024265734,0.029138915185129746,0.0856186829453848,0.07064821077237292,26,51,0.03385858397437088,0.1437241226036591,True,False,False,3.3911837059263837e-05,COMPLETE
290,0.48170151114463805,2025-04-19 16:28:58.750200,2025-04-19 16:29:39.953200,0 days 00:00:41.203000,0.5964703860133214,0.37152837736523625,8,0.2623750911388906,0.03465942052551681,0.049101310024270296,0.06936596134647377,0.02508441301762428,0.08905799216973717,0.05997660430590294,28,33,0.017939844424674372,0.2689269542932484,True,False,False,2.1483310716900696e-05,COMPLETE
291,0.45708277225494387,2025-04-19 16:29:40.043918,2025-04-19 16:31:25.067234,0 days 00:01:45.023316,0.6815608027417361,0.2797091325759524,2,0.2834039757727144,0.05327008810000007,0.04461040058373683,0.07410939089235727,0.03466027775058485,0.09602114497375697,0.04553977974074133,26,36,0.02276561027256257,0.24631087119787834,True,False,False,4.7765534293853966e-05,COMPLETE
292,0.498228394985199,2025-04-19 16:31:25.158157,2025-04-19 16:32:04.351935,0 days 00:00:39.193778,0.6315692148210837,0.35275771437406767,8,0.2535054695298176,0.04110763557724445,0.04701110660313572,0.022702603130978077,0.03098882058684438,0.0799691858099975,0.03656748654282146,25,43,0.059882378137163704,0.25456023403901124,True,False,False,2.777153556341571e-05,COMPLETE
293,0.49093496799468994,2025-04-19 16:32:04.454731,2025-04-19 16:32:41.786758,0 days 00:00:37.332027,0.5823408524302586,0.3032275910435238,8,0.2706045386197167,0.0227016781041348,0.03835314349312383,0.07627901606436044,0.03663891430878963,0.08273815763373572,0.0014506089601461906,24,29,0.04628146677635501,0.24108075460947936,True,False,False,0.00015439620066395123,COMPLETE
294,0.4215764045715332,2025-04-19 16:32:41.879163,2025-04-19 16:33:22.097776,0 days 00:00:40.218613,0.552100488664134,0.32309770959207645,8,0.26060521484720706,0.27945742841907717,0.042434054342216414,0.07072132461445875,0.03294456444767273,0.08446900454443734,0.030168564911620233,26,40,0.04017341797565075,0.2656619040986594,True,False,False,4.035138800564922e-05,COMPLETE
295,0.13520610630512236,2025-04-19 16:33:22.191012,2025-04-19 16:33:58.736438,0 days 00:00:36.545426,0.6061150981269885,0.28617068284783514,8,0.24418938410217472,0.015569041656118582,0.04397299299591552,0.079331173696515,0.027162759888381457,0.02308804188510896,0.08089704116370494,27,47,0.029149512711730982,0.2174123384168586,True,False,True,1.5126848202845063e-05,COMPLETE
296,0.5373947501182557,2025-04-19 16:33:58.830722,2025-04-19 16:34:37.685756,0 days 00:00:38.855034,0.4481650435832587,0.34178136879371956,8,0.27592256533002,0.050396617040924484,0.050669936068460736,0.07258162443823574,0.029657286377950762,0.08690174656749892,0.05309213720879555,25,37,0.0501302557751699,0.29923838112709944,True,False,False,4.934812068687375e-05,COMPLETE
297,0.32409091591835026,2025-04-19 16:34:37.779605,2025-04-19 16:35:16.557623,0 days 00:00:38.778018,0.47230115255433874,0.327645084401449,8,0.2793710941592147,0.052367201951099604,0.0534732382578187,0.05482967935488604,0.03010110308275034,0.08810863225726748,0.09894365144750521,26,44,0.042816858008977776,0.2926360739081504,False,False,False,5.170047771757986e-05,COMPLETE
298,0.492069435119629,2025-04-19 16:35:16.661071,2025-04-19 16:35:57.542105,0 days 00:00:40.881034,0.39549177624577353,0.34032295961082853,8,0.275157726942513,0.04574311679831997,0.050949439727070306,0.07797928326827869,0.03242677669247161,0.08704827291252425,0.04980453223832691,27,39,0.04925747378436217,0.2975693717775651,True,False,False,1.9168779187261033e-06,COMPLETE
299,0.47114673256874084,2025-04-19 16:35:57.635373,2025-04-19 16:36:40.004843,0 days 00:00:42.369470,0.2833520768934126,0.30367294613113005,8,0.25204821467496924,0.055474619545269804,0.0342974404460971,0.04766084118529456,0.033945542672027394,0.042668694035783,0.005186719962767738,29,41,0.025137684273265216,0.27445127610104947,True,False,False,8.249453234269715e-05,COMPLETE
300,0.15689303278923034,2025-04-19 16:36:40.097892,2025-04-19 16:37:15.929653,0 days 00:00:35.831761,0.3631776136650484,0.3552064442473278,8,0.28108356470096213,0.04760850146236727,0.04001442908907996,0.0736567986634186,0.03566151320328778,0.09138438403050686,0.04058306359532243,26,48,0.031057942439499685,0.2999172578712216,True,True,False,4.782932868179143e-05,COMPLETE
301,0.5106510877609253,2025-04-19 16:37:16.023489,2025-04-19 16:37:55.748035,0 days 00:00:39.724546,0.4539035693492331,0.2755687570237775,8,0.2859704374037279,0.05462433549621639,0.03658838004055119,0.07663905962144753,0.03895565849867083,0.07821045369102951,0.06932121356990581,25,45,0.027963616017384084,0.2839772709811959,True,False,False,0.0001350384432903172,COMPLETE
302,0.5253201842308045,2025-04-19 16:37:55.841650,2025-04-19 16:38:34.879090,0 days 00:00:39.037440,0.555065316262096,0.3068860263787454,8,0.2414415079429077,0.040897193167117096,0.050698417647989644,0.08398588193719893,0.031052522049134654,0.08098156200651974,0.051727114452277005,25,34,0.04630713578305282,0.2883917161331761,True,False,False,0.00021707058814653048,COMPLETE
303,0.5062288761138916,2025-04-19 16:38:34.982409,2025-04-19 16:39:12.686012,0 days 00:00:37.703603,0.5637223431248186,0.29054474771319627,8,0.24045676190819257,0.035987889561099495,0.05160522708151905,0.08385564457177663,0.028542357566564043,0.08082963845605402,0.05269589279691626,24,33,0.0475334540182603,0.29531804755170094,True,False,False,0.00024677730537066647,COMPLETE
304,0.5302438855171204,2025-04-19 16:39:12.780774,2025-04-19 16:39:52.837571,0 days 00:00:40.056797,0.4421098289374112,0.3088958468323755,8,0.2324086255341931,0.04080224017196928,0.04911852972385154,0.08541936954401241,0.029845621059518428,0.07946746772942145,0.06415411649172642,26,38,0.0465842535772216,0.28551250555450536,True,False,False,0.0002141775214298713,COMPLETE
305,0.5256559252738953,2025-04-19 16:39:52.932205,2025-04-19 16:40:32.056803,0 days 00:00:39.124598,0.4396724875655986,0.3054853677336261,8,0.2287326514326879,0.042953026667279064,0.050646447104139285,0.08745249416049908,0.03006298732788055,0.07882996435731356,0.07422658739198848,25,37,0.046359317472012156,0.28974987069573505,True,False,False,0.0003048214846763587,COMPLETE
306,0.4986902236938477,2025-04-19 16:40:32.152283,2025-04-19 16:41:12.627142,0 days 00:00:40.474859,0.44702911270808376,0.31169722691039387,8,0.2265024866368311,0.039605735224855006,0.05377293261188,0.08883101294796204,0.028844192784521293,0.07775340629511537,0.08220908208619376,27,30,0.043620021459912575,0.2898590200281813,True,False,False,0.00022228607319227608,COMPLETE
307,0.5283976674079895,2025-04-19 16:41:12.732834,2025-04-19 16:41:52.381074,0 days 00:00:39.648240,0.4366089356684411,0.3171008834269312,8,0.23322509713283143,0.04216525945082343,0.05059209631348475,0.08676904411618684,0.03078129671857838,0.07893267957887673,0.07248373134402121,26,37,0.04633887832839612,0.28917700073469194,True,False,False,0.00024486627768888707,COMPLETE
308,0.48866049051284793,2025-04-19 16:41:52.477219,2025-04-19 16:42:30.944382,0 days 00:00:38.467163,0.4398486044581309,0.31912475029348736,8,0.23144309308318547,0.04212405092707255,0.05063738798616311,0.08861621697488944,0.030279147438378014,0.07958038278327652,0.00012796324457329812,25,33,0.045088286886194574,0.28514001710971276,True,False,False,0.0003115033437220463,COMPLETE
309,0.46478609442710883,2025-04-19 16:42:31.041537,2025-04-19 16:43:10.493014,0 days 00:00:39.451477,0.4128393411549963,0.3314175971503078,8,0.2332125784457644,0.03399149048540791,0.05072977045385931,0.08737071004366445,0.027165942609671537,0.07640560373944513,0.09017115074022242,26,37,0.04544156422020768,0.2905096905553583,True,False,False,0.0002811166303992599,COMPLETE
310,0.4843469262123108,2025-04-19 16:43:10.594233,2025-04-19 16:43:51.779113,0 days 00:00:41.184880,0.4237966222497013,0.3138242179310411,8,0.2211322099160739,0.042662497121009675,0.05561893053652475,0.09027153650234453,0.030629756902388443,0.07969205677725795,0.07390671480711658,28,36,0.04103451321005719,0.299912519430525,True,False,False,0.0004155259166633729,COMPLETE
311,0.5096549510955811,2025-04-19 16:43:51.876000,2025-04-19 16:44:18.987873,0 days 00:00:27.111873,0.3827695613109898,0.3445703586672667,8,0.23033184097693427,0.0282952205090111,0.05366090350101687,0.08541728343644304,0.05200440062384143,0.07825388090624423,0.07113091786789828,11,32,0.04705033307454291,0.283884886111954,True,False,False,0.0004709019188285979,COMPLETE
312,0.46231229901313786,2025-04-19 16:44:19.095358,2025-04-19 16:44:59.363359,0 days 00:00:40.268001,0.43506925635304616,0.36503794447288984,8,0.22405782411684266,0.03586343771611997,0.049319186494521626,0.08617664641398637,0.028470301620371806,0.09927857140032438,0.09784291155774108,27,37,0.04892820132072394,0.2908779588251755,True,False,False,0.0005407152886439294,COMPLETE
313,0.4970263242721558,2025-04-19 16:44:59.461040,2025-04-19 16:45:28.402057,0 days 00:00:28.941017,0.4527927956084665,0.8274388661996044,16,0.23559763936868,0.04597830543162952,0.0486402395543223,0.09014476242983839,0.018042952824440656,0.07549194885485302,0.06488898374230295,25,28,0.04650664738339717,0.29610352182658756,True,False,False,0.00031109261686809925,COMPLETE
314,0.4960622191429138,2025-04-19 16:45:28.501175,2025-04-19 16:46:06.471524,0 days 00:00:37.970349,0.4106274459775459,0.3032278704731897,8,0.20216390159731795,0.04078614786740101,0.052819247127734996,0.08738402038019745,0.02334248794271623,0.08094095972186252,0.06452598451330221,24,38,0.05035595070207022,0.28498890613240735,True,False,False,0.00021111462272916816,COMPLETE
315,0.5219178557395936,2025-04-19 16:46:06.569646,2025-04-19 16:46:46.332147,0 days 00:00:39.762501,0.4334285924697362,0.3390190544030012,8,0.2294050909256247,0.031537230787208714,0.05767446181517243,0.08556739630876627,0.030672553044122704,0.07888150411278866,0.08106849623401548,26,35,0.04348807573419618,0.288825539879854,True,False,False,0.0002621078869507573,COMPLETE
316,0.20495452582836154,2025-04-19 16:46:46.439923,2025-04-19 16:47:21.423180,0 days 00:00:34.983257,0.5922070201962736,0.30256892494484666,8,0.21906412037823741,0.048917593492136036,0.04858920057274671,0.0830540867664581,0.027107409682360042,0.0765257767313759,0.05941337726897281,25,41,0.04752004179827132,0.28154478633965585,True,False,True,0.00018668438453432954,COMPLETE
317,0.5123921751976013,2025-04-19 16:47:21.522429,2025-04-19 16:48:01.711989,0 days 00:00:40.189560,0.46322947188611985,0.322628026802162,8,0.2123501555241724,0.037418600809229034,0.05085129285102213,0.0962083728004662,0.02490555975614584,0.07350497917271791,0.08018867446230964,26,34,0.04450887345364594,0.28913467797950815,True,False,False,0.0003351086887180854,COMPLETE
318,0.33135614395141605,2025-04-19 16:48:01.811058,2025-04-19 16:48:41.779096,0 days 00:00:39.968038,0.6119317708651872,0.36459735037039037,8,0.2749343406848907,0.04374784812753475,0.051704014958147505,0.08022766668407316,0.029209782625430305,0.08132504366965633,0.06771227757189392,27,39,0.049869810266518835,0.27764284116404253,False,False,False,0.00015462280941845355,COMPLETE
319,0.45647335052490234,2025-04-19 16:48:41.878478,2025-04-19 16:49:20.936152,0 days 00:00:39.057674,0.4400628115627908,0.34766747187807495,8,0.2380628702551402,0.21357656756160998,0.048035970153495956,0.07181002653494846,0.0314706184426787,0.07676402333440066,0.05339652540114489,25,39,0.046435351825356956,0.29388513240138625,True,False,False,0.00020916936944874527,COMPLETE
320,0.48040176033973697,2025-04-19 16:49:21.046176,2025-04-19 16:50:00.604656,0 days 00:00:39.558480,0.5806463506521181,0.28757117724206827,8,0.28636863258663703,0.02498121848213173,0.04972762454661576,0.07478284309178988,0.02813723521830525,0.005105549616277565,0.0596128439986383,26,33,0.053807484794288485,0.28836155517307027,True,False,False,0.00022586874090304326,COMPLETE
321,0.11326083838939667,2025-04-19 16:50:00.704889,2025-04-19 16:50:34.493488,0 days 00:00:33.788599,0.6293739525943616,0.6101606439054106,8,0.2701711697785721,0.047692909269281235,0.04661195631771441,0.06729917781230604,0.031680529932773774,0.07483282314911215,0.04596173247733157,24,37,0.04860770621884135,0.1711454900840162,True,True,False,0.0003835723058078127,COMPLETE
322,0.5061760902404786,2025-04-19 16:50:34.593584,2025-04-19 16:51:17.504939,0 days 00:00:42.911355,0.39541327911939134,0.3212808276165327,8,0.11191397720576388,0.037605730208958014,0.054684259418773216,0.0840554923131297,0.025826728360119042,0.07921445314551341,0.0705259399321493,30,30,0.04140420989693902,0.2806388918036161,True,False,False,0.00017128301598115148,COMPLETE
323,0.5111874461174012,2025-04-19 16:51:17.605699,2025-04-19 16:51:57.758270,0 days 00:00:40.152571,0.5492565960526856,0.30071587974067815,8,0.27935305845727254,0.027826859198944984,0.04831268297843694,0.07302382951477819,0.059247681991735045,0.08193589677556962,0.05260633443181639,26,42,0.045050987566609434,0.2513159247263688,True,False,False,0.0001774886528383572,COMPLETE
324,0.4837771534919739,2025-04-19 16:51:57.858176,2025-04-19 16:52:37.246560,0 days 00:00:39.388384,0.647125528269815,0.3351914789689227,8,0.27065568562089964,0.04189118509141766,0.05193431795895531,0.0885086721442107,0.0298604809656485,0.07170577243498777,3.360071727766799e-05,25,39,0.05037728486552228,0.2703101690321934,True,False,False,0.00012240778027432098,COMPLETE
325,0.5071536540985108,2025-04-19 16:52:37.357424,2025-04-19 16:53:17.793875,0 days 00:00:40.436451,0.4612360623214449,0.36707568933253276,8,0.26503119274404385,0.04987264271395363,0.04721760425187044,0.08044754921589553,0.03165740192475599,0.07718679605425385,0.0836834804591209,27,35,0.06625334258081797,0.2626688388155891,True,False,False,0.00031074516029743463,COMPLETE
326,0.5018389344215393,2025-04-19 16:53:17.894633,2025-04-19 16:53:57.681391,0 days 00:00:39.786758,0.5830984362713072,0.5181555827632619,8,0.23253541070055747,0.03516921308155151,0.03222130634830401,0.0755566262654176,0.027646105472138173,0.07985787130757208,0.04194733803745084,25,41,0.04249777293816924,0.16419282432678728,True,False,False,0.0006415339567768189,COMPLETE
327,0.4819111943244935,2025-04-19 16:53:57.783878,2025-04-19 16:54:31.418632,0 days 00:00:33.634754,0.6153271539135924,0.27537135921045697,8,0.24087755331355046,0.01791827039760584,0.05012397072674175,0.06952132160306136,0.034178536037399614,0.0739342960635216,0.06307252527868096,19,37,0.04795106597232044,0.2428580068438457,True,False,False,0.0002492096397283615,COMPLETE
328,0.5278234720230103,2025-04-19 16:54:31.520392,2025-04-19 16:55:12.333053,0 days 00:00:40.812661,0.4254029228460092,0.30964674995984093,8,0.2762497129507165,0.032273327544156134,0.04634209218920305,0.08628441837251212,0.029357711118400683,0.07033842256284349,0.03568700969766378,28,32,0.04610410586835644,0.2378669313095682,True,False,False,0.0001451682506667006,COMPLETE
329,0.4835375607013702,2025-04-19 16:55:12.444709,2025-04-19 16:55:54.251962,0 days 00:00:41.807253,0.4395023392207992,0.4132868282480721,8,0.2771666131872009,0.03139177958953004,0.046475452716032775,0.08694247756744801,0.02083489886947719,0.0700575615668161,0.0018436872090735388,29,29,0.04512165832427433,0.22901965130898427,True,False,False,0.00011540499913990789,COMPLETE
330,0.5269212484359741,2025-04-19 16:55:54.355733,2025-04-19 16:56:37.362113,0 days 00:00:43.006380,0.42086074054202444,0.31598048451710975,8,0.29417690433125365,0.022977029395077942,0.04806109897841119,0.09157747711391705,0.02605771389094871,0.08610328826306948,0.03318780779161167,30,32,0.03837918627817802,0.23766633114147345,True,False,False,0.00023928896309452778,COMPLETE
331,0.4817096114158631,2025-04-19 16:56:37.465447,2025-04-19 16:57:07.682772,0 days 00:00:30.217325,0.43056917502762776,0.7457763385658528,16,0.2913815760180396,0.0208438505673596,0.04935602038573486,0.09066307133285421,0.02420506876284261,0.08984008786693494,0.029916532983051646,29,26,0.03994664785915088,0.22416221122853944,True,False,False,0.0002610539562101568,COMPLETE
332,0.5043155431747437,2025-04-19 16:57:07.786998,2025-04-19 16:57:49.953059,0 days 00:00:42.166061,0.4248780267683547,0.3473332999176174,8,0.2967162455984612,0.025439738691417364,0.051762728857380536,0.094702178951691,0.02280097139781804,0.0857364516939964,0.03473187519694415,29,31,0.04278846242274958,0.2347530451070969,True,False,False,0.00022669434928730426,COMPLETE
333,0.5214179158210754,2025-04-19 16:57:50.066698,2025-04-19 16:58:32.997982,0 days 00:00:42.931284,0.40207137741636656,0.3322183460850671,8,0.2858332098030919,0.01092108045603719,0.048043831402595695,0.09248664018667274,0.02616775396144,0.07155076602771618,0.0346934538746856,30,32,0.04570652793908507,0.23662894280918395,True,False,False,0.00015280951466833977,COMPLETE
334,0.5000674724578857,2025-04-19 16:58:33.101800,2025-04-19 16:59:14.284927,0 days 00:00:41.183127,0.45927102219002797,0.37924429543221716,8,0.29997843670865704,0.03021050943306243,0.04991449293314632,0.08942792454529327,0.013279375802249277,0.08642772155441591,0.048453142512975396,28,27,0.038221489737426895,0.23908510930057655,True,False,False,0.0001950107134855182,COMPLETE
335,0.521292245388031,2025-04-19 16:59:14.388812,2025-04-19 16:59:56.658120,0 days 00:00:42.269308,0.3787590252781744,0.3135324213361764,8,0.2909614389551179,0.02077816317755849,0.053872354496823247,0.08702244217860676,0.025842272668410295,0.07001525236544892,0.03055212140150801,29,34,0.05231469538377968,0.229870525716676,True,False,False,0.00039103985421006676,COMPLETE
336,0.44432850480079655,2025-04-19 16:59:56.762499,2025-04-19 17:00:37.092963,0 days 00:00:40.330464,0.41780312686151005,0.29168840199804547,8,0.2949004370311352,0.032243456659553686,0.004616453308485063,0.08536646024556538,0.028099542273154997,0.08906355804662024,0.04040447305077025,28,32,0.03667341996147296,0.1865289444978428,False,False,False,0.00012790506162707894,COMPLETE
337,0.512747609615326,2025-04-19 17:00:37.206344,2025-04-19 17:01:19.740271,0 days 00:00:42.533927,0.33280691951549535,0.39807755282815854,8,0.2863378787931738,0.039633352010014486,0.04661869121854075,0.09027315478697294,0.023257359846021453,0.09435581638392007,0.052045836104609305,30,29,0.04238120010209014,0.2423632387838658,True,False,False,0.00027946053343633437,COMPLETE
338,0.12190462350845338,2025-04-19 17:01:19.845723,2025-04-19 17:02:01.806803,0 days 00:00:41.961080,0.4748496862011588,0.3616778475216039,8,0.2773272191268224,0.02456162902155628,0.04796268639360322,0.0882219588413201,0.029000427797000478,0.09167388450617904,0.037259715236604055,30,80,0.04685910683632019,0.2949932793451141,True,False,True,9.266735940034774e-05,COMPLETE
339,0.46967516541481025,2025-04-19 17:02:01.912041,2025-04-19 17:02:44.990019,0 days 00:00:43.077978,0.4929415002979376,0.9544123295132616,8,0.2824716929416006,0.033823707179915674,0.04563999751375005,0.09220354778337622,0.03254252577324911,0.08384716790432575,0.053370793555623276,30,35,0.044857738520211035,0.22093800627379964,True,False,False,0.00015583994807716317,COMPLETE
340,0.5052894234657288,2025-04-19 17:02:45.095365,2025-04-19 17:03:27.283088,0 days 00:00:42.187723,0.45236855526627434,0.3170695668682595,8,0.22679642458054464,0.132556026137649,0.05226874315276617,0.08367703513489569,0.0039252985720489575,0.0869943807262166,0.04672703478141504,29,35,0.03435218309115683,0.2375919129941413,True,False,False,0.00019848345798855306,COMPLETE
