number,value,datetime_start,datetime_complete,duration,params_alpha-eval,params_alpha-train,params_batch-size,params_eps-eval,params_eps-train,params_lambda-actions-eval,params_lambda-actions-train,params_lambda-frames-eval,params_lambda-frames-train,params_learning-rate,params_n-epochs,params_n-frames,params_radius-gw,params_rho,params_std-feats,params_ub-actions,params_ub-frames,params_weight-decay,state
113,0.47134125232696533,2025-04-08 09:48:52.255461,2025-04-08 09:49:19.540229,0 days 00:00:27.284768,0.9263299023437234,0.08197919311333236,8,0.26141405385183447,0.09215299621473769,0.0795677154092259,0.004005591858871775,0.002837967930305503,0.08063949059721383,0.061143394283325006,12,33,0.06055964654763139,0.23208355934616717,True,False,False,1.6563323708223763e-08,COMPLETE
114,0.48200011253356934,2025-04-08 09:49:19.577824,2025-04-08 09:49:46.977186,0 days 00:00:27.399362,0.9218262647299413,0.1103982720854638,8,0.23523352217818033,0.0704115449514936,0.07820361669519957,0.00556861485842542,0.012069379887343207,0.08567218070626753,0.056824658890567974,12,33,0.06019612208925234,0.2408891259037465,True,False,False,1.6616988649882702e-08,COMPLETE
115,0.46203811764717106,2025-04-08 09:49:47.014417,2025-04-08 09:50:09.520563,0 days 00:00:22.506146,0.9228428191790723,0.11267828768613766,16,0.26012530167082526,0.10927100938776646,0.07838757320341139,0.005924761038708659,0.011750213094758356,0.08563866592057319,0.05984948748981432,12,33,0.0689319203896839,0.23205564612258162,True,False,False,1.541387839954155e-08,COMPLETE
116,0.47230746746063235,2025-04-08 09:50:09.558012,2025-04-08 09:50:36.716485,0 days 00:00:27.158473,0.8786358937641201,0.14863885744090383,8,0.2242635794024211,0.07042584053098443,0.08870026520919827,0.00369879027161108,0.001054159639621364,0.08093366716357549,0.05564624427989981,11,18,0.06053253786273749,0.23936071395438194,True,False,False,1.256689259354788e-08,COMPLETE
117,0.46738312244415287,2025-04-08 09:50:36.754587,2025-04-08 09:51:03.629242,0 days 00:00:26.874655,0.9347824500264005,0.18748308689797272,8,0.22449309667092918,0.06903124228630318,0.08843492256964838,0.009619356311522729,0.001630974952209956,0.0818786207808476,0.08271540920801256,11,20,0.06114553949191741,0.2399552211130396,True,False,False,1.5630106517248947e-08,COMPLETE
118,0.4450706064701081,2025-04-08 09:51:03.668647,2025-04-08 09:51:31.713690,0 days 00:00:28.045043,0.9577704785567598,0.041846296864215426,8,0.26649878056201387,0.054064437777753376,0.07483736775649259,0.003834535917541305,0.09394034129381719,0.07378176988162856,0.05738827856406849,13,26,0.05959241183701692,0.2531326629474703,True,False,False,1.2314605439208192e-08,COMPLETE
119,0.4477732956409455,2025-04-08 09:51:31.751961,2025-04-08 09:51:58.146065,0 days 00:00:26.394104,0.9027818916535553,0.16671596985813739,8,0.2338689417877996,0.0893385593626406,0.08016503451379083,0.015038241047847553,0.007112587651890156,0.07863316463294347,0.030764034698594914,10,17,0.0583085184011755,0.2256918806930472,True,False,False,4.838227019311425e-08,COMPLETE
120,0.47033191919326783,2025-04-08 09:51:58.186876,2025-04-08 09:52:24.232334,0 days 00:00:26.045458,0.8820030975732469,0.08478235445424612,8,0.2357529705023118,0.08134827488390227,0.07119200763492187,0.019111288382984336,0.003446330289103177,0.07959582492285386,0.01721176605444619,11,9,0.05373840914617456,0.23913290315318625,True,False,False,1.8111705996523627e-08,COMPLETE
121,0.4649927914142609,2025-04-08 09:52:24.272119,2025-04-08 09:52:50.550466,0 days 00:00:26.278347,0.8438793436501507,0.10595874688507938,8,0.23703449554023884,0.08207081005042027,0.07308167775418158,0.018904451963016464,0.0034910645286310967,0.08098861496604427,0.01678565912844561,11,11,0.05541454373511766,0.24122205238620228,True,False,False,2.0269710385657743e-08,COMPLETE
122,0.4743461608886719,2025-04-08 09:52:50.590577,2025-04-08 09:53:15.028379,0 days 00:00:24.437802,0.8828569799996133,0.084646523132233,8,0.22426807149571865,0.07092444646228968,0.07006633208384191,0.00697800161706039,0.005594474026123347,0.0674070546045133,0.024670021639840577,8,39,0.05294880249756552,0.23469946497432131,True,False,False,1.0203169673786577e-08,COMPLETE
123,0.447108942270279,2025-04-08 09:53:15.079821,2025-04-08 09:53:37.535548,0 days 00:00:22.455727,0.8109354042309932,0.02623195451192782,8,0.22406863869207144,0.06546489276577408,0.07900574625196141,0.0076934918173226455,0.0010028828582098752,0.06876268058548186,0.022778568306393077,7,8,0.04951530682927446,0.20854497687204127,True,False,False,1.1594153170313843e-08,COMPLETE
124,0.4691148519515992,2025-04-08 09:53:37.576233,2025-04-08 09:54:02.164859,0 days 00:00:24.588626,0.8792062097257028,0.08480292536298423,8,0.21522438530829494,0.07093889556826763,0.06909772514819519,0.016413638973269216,0.00818238015721504,0.06493569392106589,0.010621513171743148,8,40,0.05279305206299873,0.23479953506601478,True,False,False,1.3944497277254831e-08,COMPLETE
125,0.4366691708564759,2025-04-08 09:54:02.206814,2025-04-08 09:54:27.190364,0 days 00:00:24.983550,0.9188973175487036,0.12421466806867247,8,0.22901324960912406,0.05903098603014814,0.07070159895433412,0.012232289757091393,0.006315991556476993,0.0721672978542044,0.012766239034430521,9,14,0.062597573565892,0.2184033799775668,True,False,False,1.8188565838112147e-08,COMPLETE
126,0.10967637598514557,2025-04-08 09:54:27.231267,2025-04-08 09:54:47.719150,0 days 00:00:20.487883,0.8980091151752652,0.05167006841490307,8,0.27506848017969404,0.07573506132566711,0.0766056467066392,0.005875026654566423,0.04407444531823992,0.07588575185054783,0.01978043480857803,6,43,0.05435820477080627,0.2304351339567535,True,True,False,3.061320537804405e-08,COMPLETE
127,0.4098619937896729,2025-04-08 09:54:47.761735,2025-04-08 09:55:15.659972,0 days 00:00:27.898237,0.8605114396605319,0.08668319518965761,8,0.2851775459481177,0.07996644156746817,0.08207312410699553,0.020716088294858926,0.009003560549724982,0.05811850167761881,0.03286729284137763,10,134,0.06064750620577998,0.23960090752808338,True,False,False,2.519480685760488e-08,COMPLETE
128,0.4892895340919495,2025-04-08 09:55:15.700877,2025-04-08 09:55:42.639489,0 days 00:00:26.938612,0.781999248102422,0.13772760804558926,8,0.25003999624160506,0.06260123019681406,0.07422689946509389,0.010053316585475095,0.05300499039426842,0.08447438062191104,0.025632802879678396,11,38,0.06685100424869883,0.2233493263411927,True,False,False,1.0280747062990919e-08,COMPLETE
129,0.11659583449363708,2025-04-08 09:55:42.681046,2025-04-08 09:56:07.217260,0 days 00:00:24.536214,0.722611084561524,0.13659488456550622,8,0.2530745421398408,0.03705179129601045,0.08959992947557845,0.010536583609113064,0.05464612525750017,0.08544951320248995,0.05018872355870396,12,32,0.0677738357916136,0.2233623581180332,True,False,True,1.1058113974073808e-08,COMPLETE
130,0.4385496258735657,2025-04-08 09:56:07.259609,2025-04-08 09:56:31.763536,0 days 00:00:24.503927,0.7730854408220206,0.16322303859653983,8,0.21124438838000106,0.057114986520246325,0.07445035511454835,0.007648985769862782,0.0503574517626164,0.06764251710203192,0.06175919210741209,8,46,0.06394908657665435,0.21302449181168528,True,False,False,1.4263042565435013e-08,COMPLETE
131,0.45438408851623535,2025-04-08 09:56:31.806510,2025-04-08 09:56:57.848960,0 days 00:00:26.042450,0.8175362728418931,0.10937968747609741,8,0.25913522778776144,0.06887174952435347,0.072739843211338,0.00489980151431681,0.060715240240214935,0.08438093227066243,0.024865597756830282,11,9,0.0659544852913712,0.22810466228223517,True,False,False,1.720146128564841e-08,COMPLETE
132,0.4751037061214447,2025-04-08 09:56:57.891315,2025-04-08 09:57:25.262572,0 days 00:00:27.371257,0.884613086685717,0.06779838861395157,8,0.2483068746628603,0.06254274713049619,0.07165132721536807,0.00930702399908434,0.048189463054432766,0.07694017002550992,0.027896110833975734,12,34,0.05882236038070838,0.2448507373988942,True,False,False,2.2437927237642153e-08,COMPLETE
133,0.4946231245994568,2025-04-08 09:57:25.305223,2025-04-08 09:57:53.100549,0 days 00:00:27.795326,0.8443398333571327,0.06526931799171092,8,0.2663368149252097,0.06288525545339038,0.0776767054882329,0.008726843396709386,0.03906242155198217,0.07731752868431804,0.03842215837897101,12,38,0.058336421043784704,0.2580655683905598,True,False,False,1.0019888931290256e-08,COMPLETE
134,0.42284445762634276,2025-04-08 09:57:53.144469,2025-04-08 09:58:20.540186,0 days 00:00:27.395717,0.8353071765627481,0.06866186645768009,8,0.24893215811732447,0.29919029430761573,0.07699639117327602,0.006616045026781079,0.039800668981759574,0.07533995430506167,0.027358354143797912,12,38,0.05820661916198346,0.2628944449246289,True,False,False,1.0448767084290472e-08,COMPLETE
135,0.4330233752727509,2025-04-08 09:58:20.583579,2025-04-08 09:58:48.979178,0 days 00:00:28.395599,0.8609814979254276,0.049701607739091665,8,0.2662152462499769,0.05231472150927805,0.08050644004799509,0.011073407413381812,0.048293733539773495,0.08099520967935285,0.04103993769842159,13,42,0.059750251685224215,0.2543036758807595,True,False,False,2.1556191641959712e-08,COMPLETE
136,0.36727809309959414,2025-04-08 09:58:49.025428,2025-04-08 09:59:15.307198,0 days 00:00:26.281770,0.7912069419735273,0.09930655795572649,8,0.2785746944551968,0.06268525500329217,0.08468560220796832,0.003949142367517445,0.054779444765565906,0.07768579054910099,0.03378918009966035,10,34,0.0625899384649752,0.21944955448034992,True,False,False,4.0701889221128457e-08,COMPLETE
137,0.3131621778011322,2025-04-08 09:59:15.351464,2025-04-08 09:59:38.418473,0 days 00:00:23.067009,0.8460421028726027,0.029178996888191762,16,0.2229834339090022,0.06415084476674225,0.0826380031841012,0.009267784878509988,0.056399182395489966,0.08032006491919377,0.04582598503576138,12,49,0.05612544443207083,0.11646222647239764,True,False,False,2.6443763765599033e-08,COMPLETE
138,0.4878449559211731,2025-04-08 09:59:38.472495,2025-04-08 10:00:05.226135,0 days 00:00:26.753640,0.9145362381554152,0.13532329630033535,8,0.25708071789734094,0.07214441356708096,0.09703738940790252,0.012722965216666271,0.046752843733169167,0.07425103255825992,0.027927866645911625,11,31,0.04817777216929604,0.2324945267063915,True,False,False,1.000906626399907e-08,COMPLETE
139,0.49045962095260626,2025-04-08 10:00:05.272369,2025-04-08 10:00:31.795488,0 days 00:00:26.523119,0.5291616242479743,0.1368157860320438,8,0.2550564614045276,0.0538131823287802,0.0973151737294829,0.012187502276675699,0.04469510710107041,0.07671953245973037,0.014618398044907822,11,30,0.04636879834310143,0.18972513994351528,True,False,False,1.2245527029239798e-08,COMPLETE
140,0.4632715225219727,2025-04-08 10:00:31.840840,2025-04-08 10:01:00.165555,0 days 00:00:28.324715,0.808560720330096,0.010989830193588151,8,0.2513867141115698,0.05133671946283053,0.09766668140736001,0.013252326715774265,0.03587081742315768,0.07184646920563467,0.01470883986894869,13,39,0.04135087120983233,0.20793264612995088,True,False,False,1.0327847833941152e-08,COMPLETE
141,0.48135019540786744,2025-04-08 10:01:00.211896,2025-04-08 10:01:27.003991,0 days 00:00:26.792095,0.8770170025168664,0.13967603743015156,8,0.2420269546673193,0.07256944766329626,0.09528881945299351,0.00673456706956586,0.04561666096737924,0.07344130190420453,0.020287886845969244,11,26,0.0456719531185261,0.19290219862278443,True,False,False,1.3514564726174353e-08,COMPLETE
142,0.4844038307666779,2025-04-08 10:01:27.051180,2025-04-08 10:01:53.271375,0 days 00:00:26.220195,0.7483919064283275,0.12517258356977357,8,0.2576702890276632,0.05863782665776206,0.09962091629615533,0.0120146833027755,0.0457972292912587,0.07371473692321744,0.02029267346563474,10,29,0.04860271844289372,0.19089616544915788,True,False,False,1.463048022469074e-08,COMPLETE
143,0.4658314645290375,2025-04-08 10:01:53.317374,2025-04-08 10:02:19.036901,0 days 00:00:25.719527,0.7179427647317892,0.17289392441048004,8,0.2563620920977183,0.04074946570395177,0.09685801459186191,0.01588880543483763,0.04527562055840928,0.07414210160737679,0.007468285835260778,10,26,0.04676367237084831,0.18121967895789973,True,False,False,1.0023004863653806e-08,COMPLETE
144,0.4932345986366272,2025-04-08 10:02:19.083565,2025-04-08 10:02:46.015869,0 days 00:00:26.932304,0.5249721440503272,0.1319237810949338,8,0.23932740128201582,0.061844534964333626,0.09432969482009795,0.011512679333189772,0.05204499395318142,0.07081290417714793,0.020147912235819358,11,31,0.04320250242024323,0.19277531091051894,True,False,False,1.4770451718569885e-08,COMPLETE
145,0.43878383040428165,2025-04-08 10:02:46.063347,2025-04-08 10:03:12.632628,0 days 00:00:26.569281,0.5176527670291887,0.1307975342857273,8,0.23992508577172367,0.058342387104578355,0.09872487925376425,0.01157865809555425,0.05234474899719916,0.06998942143729311,0.020888420698254456,11,29,0.045057175624400765,0.18938563774344097,True,False,False,1.4567004817058232e-08,COMPLETE
146,0.47990448474884034,2025-04-08 10:03:12.681619,2025-04-08 10:03:39.011412,0 days 00:00:26.329793,0.5308182054289231,0.1525189304781092,8,0.2445290405994109,0.05025240277345447,0.09526854476101831,0.013938022995654442,0.042246856825144646,0.07126082102397703,0.012790381502071091,11,26,0.043270552774690496,0.15622673391838646,True,False,False,2.1093539488940404e-08,COMPLETE
147,0.49027304649353026,2025-04-08 10:03:39.058155,2025-04-08 10:04:05.547107,0 days 00:00:26.488952,0.48503685576705835,0.1476875921667603,8,0.24341142765296842,0.04502221969468201,0.09495517284872973,0.01721093987314006,0.04168307351573885,0.06295863454029355,0.01254227144696252,11,31,0.044283744041120156,0.14337661506571048,True,False,False,2.1970246476419356e-08,COMPLETE
148,0.1275014191865921,2025-04-08 10:04:05.594103,2025-04-08 10:04:28.431221,0 days 00:00:22.837118,0.4720134547729539,0.14555291461284545,8,0.24214766712272112,0.031457625496078126,0.09558120665581524,0.017234301586764453,0.04230832915562654,0.07266716553519496,0.00849548699361876,10,26,0.03879870235160777,0.17037456835696776,True,True,False,3.4775405774482946e-08,COMPLETE
149,0.49462747573852545,2025-04-08 10:04:28.479383,2025-04-08 10:04:54.955479,0 days 00:00:26.476096,0.5455827305645015,0.20327258824871025,8,0.2653804839096426,0.044494799095550465,0.09361061442160235,0.012493099862247819,0.04128060853777457,0.06248778907783875,0.012652350244887691,11,31,0.042991393729294926,0.1450347808708397,True,False,False,2.011575424108832e-08,COMPLETE
150,0.5011103868484497,2025-04-08 10:04:55.003390,2025-04-08 10:05:21.712035,0 days 00:00:26.708645,0.5253438267242895,0.2066043615995499,8,0.2703613942927803,0.044288675073083615,0.09387217126294409,0.014331532146032909,0.038601795853617685,0.06456890565151557,0.012110396392108569,11,30,0.043575035284027085,0.14574627669487356,True,False,False,5.7733855932411456e-08,COMPLETE
151,0.5042851209640503,2025-04-08 10:05:21.769070,2025-04-08 10:05:48.450627,0 days 00:00:26.681557,0.5658789663885782,0.21114833274108288,8,0.2676606684076538,0.04751942486146377,0.0933212170722357,0.013963760698275453,0.03855768624874129,0.059163395361309615,0.012135366581816857,11,30,0.04122617503575629,0.14711107932503809,True,False,False,7.694514952086359e-08,COMPLETE
152,0.5034152865409851,2025-04-08 10:05:48.499899,2025-04-08 10:06:15.009961,0 days 00:00:26.510062,0.47854228033645735,0.20737776061839486,8,0.2691995075790629,0.032818746180682416,0.0925114416388467,0.014856625379889455,0.03220869120660502,0.06154698519696806,0.011337977123979206,11,30,0.04206916833032014,0.14615093940766685,True,False,False,5.963039438910802e-08,COMPLETE
153,0.5031544208526612,2025-04-08 10:06:15.059348,2025-04-08 10:06:40.912059,0 days 00:00:25.852711,0.5710099443063699,0.21819280324705662,8,0.26848202528621606,0.042244602871588245,0.092959239082535,0.015338850100638816,0.039806132946044015,0.06209192910061975,0.00600527302280487,10,31,0.03675516298694289,0.13901798910325733,True,False,False,5.06953532221339e-08,COMPLETE
154,0.49946997165679935,2025-04-08 10:06:40.960879,2025-04-08 10:07:06.776382,0 days 00:00:25.815503,0.5716217748736825,0.2108225049663982,8,0.27025700796994884,0.015626182158674916,0.09313897596776101,0.015198872489165186,0.03349699624209084,0.06334026322941028,0.010994127788842244,10,31,0.03290072425419175,0.14635440237801606,True,False,False,5.7234762159179646e-08,COMPLETE
155,0.507205069065094,2025-04-08 10:07:06.827881,2025-04-08 10:07:33.091846,0 days 00:00:26.263965,0.5643438794153717,0.20583143869491993,8,0.27069777815315027,0.0128901180593112,0.09314256037718746,0.021699123132044033,0.033920566770744655,0.061064726846512596,0.006321099376468492,10,30,0.03409258928334506,0.14364174486804784,True,False,False,6.06071979022445e-08,COMPLETE
156,0.4080682933330536,2025-04-08 10:07:33.143173,2025-04-08 10:07:58.130126,0 days 00:00:24.986953,0.5752017399219561,0.21036354323220416,8,0.26703841422571184,0.013883051201965927,0.09283419077910258,0.024240391122545182,0.03344444803523378,0.06130360964094583,0.005508511881698312,9,22,0.032466678376284426,0.14454741859620543,True,False,False,7.932406883822472e-08,COMPLETE
157,0.10403936207294465,2025-04-08 10:07:58.180970,2025-04-08 10:08:21.128995,0 days 00:00:22.948025,0.49126812749093746,0.23334332787579298,8,0.2721548354601377,0.03453633170917222,0.09335950535109015,0.021849305998172707,0.03862035362029774,0.05460758548776828,0.00511788502547996,10,32,0.03684476767470455,0.1319951316655216,True,False,True,6.657869835605913e-08,COMPLETE
158,0.3893198490142823,2025-04-08 10:08:21.178919,2025-04-08 10:08:47.877835,0 days 00:00:26.698916,0.5746221559327855,0.1871755704094141,8,0.2701985551014073,0.028165627508678254,0.09113076167004412,0.017140737096440047,0.03778432685589777,0.06263031612129615,0.011192291565736671,11,29,0.03160761171290751,0.14817616783734483,True,False,False,5.633770566430952e-08,COMPLETE
159,0.40212315917015073,2025-04-08 10:08:47.928317,2025-04-08 10:09:14.808106,0 days 00:00:26.879789,0.5393379201881281,0.21121325792334064,8,0.26376977644480887,0.0417047326864174,0.09754744242097829,0.015335294243615035,0.03431071556556654,0.05903579404594875,0.008049802339682399,11,31,0.028421162540929072,0.14198496350424783,True,False,False,4.09270138936907e-08,COMPLETE
160,0.09188934862613678,2025-04-08 10:09:14.861853,2025-04-08 10:09:39.223533,0 days 00:00:24.361680,0.4788358653139318,0.19933856720612356,8,0.2750294201490409,0.0078043187334469735,0.09287996128017084,0.02038636032766329,0.028018410080706803,0.05502345098493973,0.006438857862696938,9,37,0.035598448981232204,0.13136577563819185,True,False,False,5.356262405403078e-08,COMPLETE
161,0.5088628888130188,2025-04-08 10:09:39.275443,2025-04-08 10:10:04.950529,0 days 00:00:25.675086,0.51204969297164,0.24652296341517912,8,0.2568265775657032,0.018798454566388314,0.09962219434691698,0.013221621594660667,0.03979317013452843,0.0637363115192313,0.014714009591570421,10,31,0.041773442035268074,0.15939827945127452,True,False,False,9.700445101365668e-08,COMPLETE
162,0.5057859063148499,2025-04-08 10:10:05.011774,2025-04-08 10:10:30.931892,0 days 00:00:25.920118,0.5197098008284425,0.24671989281770948,8,0.25569300083693786,0.019155712495076836,0.09665227891949657,0.01780877852459873,0.04022795089994769,0.06311718216029247,0.009095420088666352,10,31,0.04199463849426881,0.16034452714313518,True,False,False,9.560057045591959e-08,COMPLETE
163,0.4777947545051575,2025-04-08 10:10:30.984852,2025-04-08 10:10:56.477942,0 days 00:00:25.493090,0.4345506608331201,0.2529216582854181,8,0.2565482866737181,0.02430408062632778,0.09701302049553095,0.018387193309829356,0.040364197207986494,0.06381298917596566,0.011451419682768664,10,24,0.04194984191851305,0.15070419392451936,True,False,False,6.77971033097545e-08,COMPLETE
164,0.5109792947769165,2025-04-08 10:10:56.530166,2025-04-08 10:11:21.324821,0 days 00:00:24.794655,0.5181723124485349,0.2327503153740198,8,0.280635247708632,0.019829988554098732,0.09399734799979406,0.014267349437632441,0.03678604965044788,0.060735530523795496,0.0039955431145173095,9,31,0.037451978516619105,0.15780886008328993,True,False,False,7.70005467679077e-08,COMPLETE
165,0.49589027166366584,2025-04-08 10:11:21.378744,2025-04-08 10:11:46.358869,0 days 00:00:24.980125,0.5074449668451203,0.31226516593905584,8,0.28111992404815944,0.01711308374143268,0.09433173755653398,0.014844431682499253,0.032728832137132596,0.06040332409534398,0.003454692242532173,9,36,0.038039907555983236,0.16057850187130357,True,False,False,9.686193659252002e-08,COMPLETE
166,0.4874109506607056,2025-04-08 10:11:46.411148,2025-04-08 10:12:08.091611,0 days 00:00:21.680463,0.5113652657778209,0.3021547417416956,16,0.27128822528056173,0.018815021284221304,0.0941633862323055,0.014604936066498198,0.03167834907818786,0.060835749557277,0.004108837746220977,9,35,0.03851556004087404,0.15934886472011103,True,False,False,1.043370077864904e-07,COMPLETE
167,0.09188934862613678,2025-04-08 10:12:08.144968,2025-04-08 10:12:32.406535,0 days 00:00:24.261567,0.5644176624289016,0.2350647497475287,8,0.28276757451607126,0.007123541179605904,0.09124663938487604,0.01817802583826423,0.03592739886648978,0.066763269863576,0.009529163953562535,9,35,0.03734906319523253,0.15876389321445122,True,False,False,7.308063478869808e-08,COMPLETE
168,0.5127519488334655,2025-04-08 10:12:32.459870,2025-04-08 10:12:57.452980,0 days 00:00:24.993110,0.5893893961702327,0.24751358631284848,8,0.27962234478945364,0.011148965599087575,0.0946725175278928,0.015527593496667196,0.030732305982256215,0.06337619402211532,0.004119420445280932,9,31,0.034430433050161434,0.12496019348742615,True,False,False,8.488279073312127e-08,COMPLETE
169,0.5033864855766297,2025-04-08 10:12:57.507328,2025-04-08 10:13:23.252695,0 days 00:00:25.745367,0.6014766395927177,0.25581998315697574,8,0.27794532097214947,0.014956352326341769,0.09453141053552205,0.015564105989695404,0.03197905360686436,0.06290774474553715,0.003262350383941125,10,31,0.039904920802840874,0.11760937466815004,True,False,False,8.889349603998313e-08,COMPLETE
