number,value,datetime_start,datetime_complete,duration,params_alpha-eval,params_alpha-train,params_batch-size,params_eps-eval,params_eps-train,params_lambda-actions-eval,params_lambda-actions-train,params_lambda-frames-eval,params_lambda-frames-train,params_learning-rate,params_n-epochs,params_n-frames,params_radius-gw,params_rho,params_std-feats,params_ub-actions,params_ub-frames,params_weight-decay,state
341,0.15313839614391328,2025-04-19 17:03:27.398333,2025-04-19 17:04:00.892021,0 days 00:00:33.493688,0.4203084082226624,0.5506013586874329,8,0.2849542499692417,0.04121093656820887,0.04973590066849977,0.09368800087137426,0.03536643497596592,0.07315984884358566,0.07879737410546041,24,37,0.04353605288571355,0.24584670272618991,True,True,False,0.00010770646389830534,COMPLETE
342,0.5111105084419251,2025-04-19 17:04:00.998513,2025-04-19 17:04:42.277802,0 days 00:00:41.279289,0.4497544122667578,0.34927265933833695,8,0.2754208762715182,0.027072151358519116,0.04582646314662247,0.08589194480739083,0.026928325180178975,0.08352805965277735,0.0562362102304125,28,31,0.04789058179304623,0.2992742257764706,True,False,False,0.0002978476353297345,COMPLETE
343,0.5088259816169739,2025-04-19 17:04:42.384102,2025-04-19 17:05:25.497378,0 days 00:00:43.113276,0.4027843221749182,0.4334992913961963,8,0.271422113295879,0.036611803995517174,0.047531595131490585,0.0708172776525713,0.02974199158315956,0.0779175363291785,0.09698708040373236,30,41,0.03989116145846582,0.23183056351356843,True,False,False,0.00012303532709007312,COMPLETE
344,0.09188934862613678,2025-04-19 17:05:25.604378,2025-04-19 17:06:03.863741,0 days 00:00:38.259363,0.3768650274740454,0.29715407576278186,8,0.23466945825169241,0.0057127372088759815,0.050383773607410025,0.07237172157125699,0.024402054030521696,0.08125777201563372,0.00040545260709052433,25,33,0.05032017051459401,0.2505459346638224,True,False,False,0.00017374122208938788,COMPLETE
345,0.5242544174194337,2025-04-19 17:06:03.982241,2025-04-19 17:06:42.564573,0 days 00:00:38.582332,0.47396789088339714,0.32918016107540077,8,0.24406492813996628,0.013878112070857034,0.04501071500557419,0.0879930442165873,0.03271355546717817,0.08558962945451977,0.04473511468208687,24,38,0.05558202879365841,0.24175682742701066,True,False,False,1.9703979772935568e-05,COMPLETE
346,0.5329734444618226,2025-04-19 17:06:42.672653,2025-04-19 17:07:22.689681,0 days 00:00:40.017028,0.4992536546132638,0.33786950384589365,8,0.2803900488771884,0.04607790204792528,0.03104788824541028,0.08385673427614632,0.034296516114500714,0.06824087834861771,0.027290691340640338,26,42,0.04679010420987894,0.29124762167268065,True,False,False,0.0002501203101193258,COMPLETE
347,0.5038441896438599,2025-04-19 17:07:22.797091,2025-04-19 17:08:03.395019,0 days 00:00:40.597928,0.5012850983484791,0.3872669066457601,8,0.29043905009861265,0.04367659837966746,0.031025520437307906,0.08437144751547468,0.03526298117358317,0.06877177575260165,0.024701583372205956,27,41,0.04608896817277616,0.28598302767526484,True,False,False,0.00026776210466309736,COMPLETE
348,0.5210464835166931,2025-04-19 17:08:03.501080,2025-04-19 17:09:53.844219,0 days 00:01:50.343139,0.47120005417133426,0.29330430645572375,2,0.28178105885996246,0.03049007390736455,0.03034717749824721,0.08563547754730422,0.028341862897253794,0.06817864859632244,0.0354227746278098,28,36,0.04707675953004524,0.2923816522848117,True,False,False,0.00023683897187485133,COMPLETE
349,0.5302344679832459,2025-04-19 17:09:53.962371,2025-04-19 17:10:33.157421,0 days 00:00:39.195050,0.5030178396004182,0.35363452206234547,8,0.2791248836279322,0.045808793107315164,0.02929639705912852,0.09105885678385314,0.019163300513547598,0.06662811936248808,0.02812880519639145,25,34,0.04418344907755485,0.27809522201610526,True,False,False,0.00033189335454364183,COMPLETE
350,0.4806092381477356,2025-04-19 17:10:33.266324,2025-04-19 17:11:05.649233,0 days 00:00:32.382909,0.5048176734624605,0.36027769767380324,8,0.2893906759776836,0.03731977841577253,0.03290920479065879,0.09107071958231366,0.020823210287110438,0.06561893732177747,0.026705071703670587,17,29,0.04117514356142672,0.2866838651317003,True,False,False,0.00035429745510896803,COMPLETE
351,0.48861120939254765,2025-04-19 17:11:05.758531,2025-04-19 17:11:46.860031,0 days 00:00:41.101500,0.4800707483149663,0.37895269409026466,8,0.1258949452905502,0.0454441620318065,0.029057824659640526,0.08993455175729213,0.01882175600112631,0.06691213646864352,0.022618601040656213,25,65,0.04456040918855636,0.28030671762723486,True,False,False,0.00041498321079115326,COMPLETE
352,0.5253992915153504,2025-04-19 17:11:46.970180,2025-04-19 17:12:25.608765,0 days 00:00:38.638585,0.5071513854987221,0.3435938133605512,8,0.27976378004169594,0.018465678319498642,0.04887885649798806,0.09464857831568672,0.022079923063340598,0.07132936473437912,0.018520039522520605,25,32,0.04846256129178566,0.27840495115222164,True,False,False,0.00038041008445140146,COMPLETE
353,0.49571568965911866,2025-04-19 17:12:25.728085,2025-04-19 17:12:53.872156,0 days 00:00:28.144071,0.5154025879102854,0.34026785192365533,16,0.2797733795797698,0.020994924643347176,0.04866911030713902,0.09380031172933247,0.0209905055179948,0.07028106141302971,0.021681543384070294,24,25,0.052480662294419785,0.27925935357146137,True,False,False,0.00042774714888436065,COMPLETE
354,0.5009633421897888,2025-04-19 17:12:53.981616,2025-04-19 17:13:31.643649,0 days 00:00:37.662033,0.48974521552014094,0.31849793376401797,8,0.27444571139962326,0.04476136425786665,0.05673949257641835,0.096033622297889,0.015959001931675536,0.0702900982261342,0.027831801637223607,24,31,0.048555119958565846,0.2758519681126922,True,False,False,0.00033923475458355997,COMPLETE
355,0.09188934862613678,2025-04-19 17:13:31.754747,2025-04-19 17:14:07.762668,0 days 00:00:36.007921,0.510771405842807,0.3533431948507598,8,0.2803248614339248,0.0018002576378408318,0.05251484841048872,0.09697818745773157,0.019841539281157963,0.06686330308871757,0.029163488847236137,23,28,0.04400570343082984,0.2871455449203355,True,False,False,0.000459087644919222,COMPLETE
356,0.4797248184680939,2025-04-19 17:14:07.873029,2025-04-19 17:14:42.234356,0 days 00:00:34.361327,0.4471458174056509,0.3323830948260029,8,0.07521831425041386,0.015547442722844557,0.04768756202942531,0.09476064874235775,0.017656233916404956,0.07286274748859817,0.019866885113231432,25,33,0.05014551974914208,0.2936982731337322,True,False,True,0.0002953512229117076,COMPLETE
357,0.45345603227615355,2025-04-19 17:14:42.354138,2025-04-19 17:15:20.703091,0 days 00:00:38.348953,0.49051802858898097,0.31344904732521733,8,0.272588489331054,0.03843167358954445,0.0509523845220377,0.09232944075902891,0.022263182461910364,0.07171923003017423,0.030873058542918448,25,35,0.04701309412065509,0.2714392454152422,False,False,False,0.0005729243552667571,COMPLETE
358,0.49202522039413454,2025-04-19 17:15:20.814499,2025-04-19 17:16:59.990982,0 days 00:01:39.176483,0.5396109675862133,0.347052594057515,2,0.2690575281125112,0.047823038079311896,0.04624476496879173,0.08881993776897498,0.025582076300800907,0.08472902093335223,0.019092385904053454,24,33,0.06975505946371437,0.28398958173045213,True,False,False,0.0006446951517090578,COMPLETE
359,0.5152660489082337,2025-04-19 17:17:00.102044,2025-04-19 17:17:38.574042,0 days 00:00:38.471998,0.4703311541133067,0.3276890606772561,8,0.2800180897398355,0.026902459730336375,0.0504069709217295,0.09494282980721845,0.023575048913050053,0.08788415360631849,0.03363038766682425,25,30,0.041800668195587656,0.2990606320231766,True,False,False,0.00022771744010258114,COMPLETE
360,0.5337959170341492,2025-04-19 17:17:38.695842,2025-04-19 17:18:17.278651,0 days 00:00:38.582809,0.43053686680250886,0.3058387810816835,8,0.2941596486536169,0.03294355138369147,0.04520304979833325,0.09287871065488904,0.0237791424832601,0.08249232177293851,0.02623173626122803,25,37,0.04837503037063025,0.29066660684550827,True,False,False,0.000479786751541581,COMPLETE
361,0.2123606413602829,2025-04-19 17:18:17.390310,2025-04-19 17:18:51.622195,0 days 00:00:34.231885,0.41445136466639815,0.3040271531392059,8,0.29690457841054535,0.018983511710913465,0.05380159516996391,0.09100092183011253,0.01946797157707494,0.08335267838525945,0.01159560015652063,24,36,0.001416666779194567,0.29118442707547,True,True,False,0.0006182951640993466,COMPLETE
362,0.5291249632835389,2025-04-19 17:18:51.733989,2025-04-19 17:19:30.471226,0 days 00:00:38.737237,0.4254986328830007,0.34042599869150747,8,0.2878206989086265,0.03359811066812383,0.04744586486862623,0.09294879890369598,0.022405931380357357,0.08248506994925389,0.017358661717636184,25,34,0.04870796193348473,0.28136082103389853,True,False,False,0.0008151717999517594,COMPLETE
363,0.49725757837295537,2025-04-19 17:19:30.589755,2025-04-19 17:20:08.348533,0 days 00:00:37.758778,0.42729217620188853,0.6945471877436092,8,0.17108228190142785,0.03411024120797909,0.048578641234705115,0.09663405541547149,0.021984228073953296,0.08258843145473142,0.02518143467054288,24,27,0.049127611366039034,0.27920780719175636,True,False,False,0.000795664541279959,COMPLETE
364,0.514444386959076,2025-04-19 17:20:08.471323,2025-04-19 17:20:45.227523,0 days 00:00:36.756200,0.3964218933631721,0.3644861197439532,8,0.2856091892767725,0.030658362768047134,0.048593019001949525,0.09321259721659331,0.022267142323385936,0.08634778913021679,0.018345579387858555,23,33,0.05151354466757372,0.27536229366105347,True,False,False,0.0006887222242275438,COMPLETE
365,0.5242690086364746,2025-04-19 17:20:45.340642,2025-04-19 17:21:24.056927,0 days 00:00:38.716285,0.4272950227655845,0.3464502121419437,8,0.2938011198922541,0.024929441381418442,0.046516636814080026,0.09234637482467146,0.024159645652465256,0.08245693201544449,0.02403615422481888,25,31,0.04640821600727861,0.2848847469031709,True,False,False,0.0004379766396309992,COMPLETE
366,0.5312161326408387,2025-04-19 17:21:24.169205,2025-04-19 17:22:03.301477,0 days 00:00:39.132272,0.3667226863064849,0.3250399128738485,8,0.28857294889933344,0.036844038411889865,0.0521370285370853,0.09752403942066805,0.019195057259786555,0.08086415455709696,0.01940505245098654,25,36,0.04772837129761109,0.29100266958046617,True,False,False,0.0005597856522782402,COMPLETE
367,0.529405963420868,2025-04-19 17:22:03.414996,2025-04-19 17:23:43.780209,0 days 00:01:40.365213,0.39767629314727093,0.37310356600463435,2,0.2924812938567616,0.03411978668602237,0.05531822124958225,0.09751168862761331,0.02289570172416861,0.08487690530439976,0.01624046995625325,25,37,0.048846009574524236,0.2820537586918982,True,False,False,0.0008019697843665935,COMPLETE
368,0.5215694665908814,2025-04-19 17:23:43.904017,2025-04-19 17:25:22.195244,0 days 00:01:38.291227,0.35954663418031557,0.38232828651017103,2,0.2944833374642481,0.03468793668045242,0.05830334768613828,0.09890170610648306,0.014566736345827686,0.08507995389336999,0.012510068490015664,24,38,0.05243864992514589,0.29282721095982683,True,False,False,0.0006722649584919645,COMPLETE
369,0.5241691589355469,2025-04-19 17:25:22.309757,2025-04-19 17:27:02.870824,0 days 00:01:40.561067,0.37797994231215704,0.36472413228838807,2,0.2992728021330061,0.02985844441469667,0.059088411036403485,0.09724226875759255,0.017303182874670163,0.048092747031974005,0.010175651100101444,25,38,0.06279254966223796,0.2991395756809019,True,False,False,0.000859303787985436,COMPLETE
370,0.5259348750114441,2025-04-19 17:27:02.985840,2025-04-19 17:28:45.446485,0 days 00:01:42.460645,0.40547717018734336,0.3998732299992069,2,0.28909220064583163,0.03758926002844132,0.055413439499396734,0.0977851258449432,0.024505068499798374,0.08869417403005093,0.018249999517490987,25,36,0.049863732742906404,0.28206709424570314,True,False,False,0.0006706802464348305,COMPLETE
371,0.5015840888023376,2025-04-19 17:28:45.572046,2025-04-19 17:30:23.698217,0 days 00:01:38.126171,0.406593900552866,0.40746597922933864,2,0.28872994470073365,0.03516667954217748,0.05671110594717659,0.0999083219536777,0.019831414355689372,0.08953032523015883,0.015684656409147676,24,35,0.05067030182722777,0.2721378866562303,True,False,False,0.0008755473003351911,COMPLETE
372,0.5041402339935303,2025-04-19 17:30:23.812849,2025-04-19 17:31:58.119642,0 days 00:01:34.306793,0.34597134386312756,0.39507372299659516,2,0.29460531017797603,0.025883845957709338,0.053476610429542805,0.09804449133999932,0.019023156694301702,0.09117044189106943,0.019419794497260764,23,39,0.04925481483916874,0.28524630625063585,True,False,False,0.000545122833113298,COMPLETE
373,0.5008580207824707,2025-04-19 17:31:58.235688,2025-04-19 17:33:51.440992,0 days 00:01:53.205304,0.3899942196314636,0.3683873612072458,2,0.2881264144510851,0.16700272554092654,0.054846051928028515,0.09715474758856454,0.020915998205386713,0.08802247698134259,0.014319483147340576,29,36,0.05406354916698571,0.28245037088991626,True,False,False,0.0008263588341396714,COMPLETE
374,0.5324585318565369,2025-04-19 17:33:51.556966,2025-04-19 17:35:33.751891,0 days 00:01:42.194925,0.3712439590538903,0.3802202643108878,2,0.2903873317823414,0.038123065871534,0.0614648786095832,0.09621302919754013,0.02391425779691402,0.08726119398869905,0.015241887866917206,25,39,0.050796986338509674,0.2749452219830052,True,False,False,0.0005666288896926838,COMPLETE
375,0.5067668080329896,2025-04-19 17:35:33.877993,2025-04-19 17:37:11.884406,0 days 00:01:38.006413,0.36650536792085653,0.38235517506111205,2,0.2934334689886916,0.0302728965454151,0.044643852292825775,0.09469489068665861,0.023063173155072288,0.08586179349668882,0.01549269379321706,24,40,0.052672010809750716,0.266116299186134,True,False,False,0.0009180890823524898,COMPLETE
376,0.5241482257843018,2025-04-19 17:37:12.001157,2025-04-19 17:38:52.616737,0 days 00:01:40.615580,0.312222822027939,0.3543989781777408,2,0.28568535343623935,0.036780184309559726,0.059724217145589786,0.09662323947472151,0.016834512413369015,0.08384722394410574,0.014154886247588669,25,40,0.043696937470341375,0.27111462147168025,True,False,False,0.0005336770615474895,COMPLETE
377,0.09654431194067001,2025-04-19 17:38:52.733113,2025-04-19 17:40:21.292877,0 days 00:01:28.559764,0.3699073475136185,0.3257461717536043,2,0.29515676871012914,0.041826060758171135,0.06107221157024761,0.09503994617356133,0.020614046264562695,0.08618683601400207,0.02237319054221737,26,34,0.05566489061796564,0.27766595091375773,False,False,True,0.0004741064385472496,COMPLETE
378,0.49743434190750124,2025-04-19 17:40:21.410176,2025-04-19 17:41:46.587252,0 days 00:01:25.177076,0.38955562777616637,0.36879956850896545,2,0.28556765642800963,0.02405926983543631,0.06823860101474294,0.09360275854073444,0.025417588521470653,0.08410089780980855,0.017265668028902007,20,38,0.04786654822001956,0.29182155151604666,True,False,False,0.0005567555310898313,COMPLETE
379,0.5079978346824646,2025-04-19 17:41:46.714787,2025-04-19 17:43:28.166945,0 days 00:01:41.452158,0.40819017341811564,0.3360179576154031,2,0.29815260435084195,0.03153611681395689,0.0711183125916128,0.09800900719214606,0.023665823673255863,0.08217488484830199,0.022851790884908203,25,30,0.051667849628401645,0.2736404155363613,True,False,False,0.0007545091387393504,COMPLETE
380,0.49596728086471564,2025-04-19 17:43:28.284525,2025-04-19 17:45:09.558511,0 days 00:01:41.273986,0.35665924929894777,0.34932962993780986,2,0.288843586264626,0.040244257704996324,0.06522230623548723,0.095906943385968,0.022120456161918496,0.08737161405596637,0.02705036869880445,25,40,0.04478043759973906,0.2936224377456216,True,False,False,0.0007428890329302328,COMPLETE
381,0.11023453772068025,2025-04-19 17:45:09.676814,2025-04-19 17:46:43.804781,0 days 00:01:34.127967,0.34330451158337394,0.38234057699393675,2,0.2834360772068355,0.12159086333701453,0.02991889666811569,0.0916491800691213,0.011232390281337047,0.08499499852229501,0.010816100186957233,26,130,0.04819415256693912,0.2831331090273209,True,True,False,0.0005076833527337889,COMPLETE
382,0.48493031263351444,2025-04-19 17:46:43.933065,2025-04-19 17:48:40.934729,0 days 00:01:57.001664,0.4297454022097798,0.32457210554120414,2,0.2998370015667227,0.047801954525452446,0.045766335155138144,0.09943646580998061,0.0179542301958237,0.0899425076540443,0.02491575186304732,30,35,0.05039133625394865,0.26792161332295833,True,False,False,0.00084547322381219,COMPLETE
383,0.5177777647972107,2025-04-19 17:48:41.051600,2025-04-19 17:50:24.183140,0 days 00:01:43.131540,0.38869089048888245,0.41508527925315175,2,0.27843796077388383,0.0321685088921453,0.028003554788251957,0.09351435889465752,0.025433475898461812,0.08082511137459514,0.02948071969252556,26,38,0.05883436223167879,0.290571477782865,True,False,False,0.0006271211077415531,COMPLETE
384,0.5297653913497925,2025-04-19 17:50:24.301278,2025-04-19 17:50:53.432497,0 days 00:00:29.131219,0.42199634386968193,0.36266365706052817,16,0.29226849218425793,0.025027323838670186,0.04707319005699411,0.0956047577251979,0.02684804666489562,0.029800558332564356,0.00845427426691951,25,33,0.04619165893236476,0.2743668062893667,True,False,False,0.0004847324373366634,COMPLETE
385,0.5103981018066406,2025-04-19 17:50:53.563036,2025-04-19 17:51:22.429836,0 days 00:00:28.866800,0.4086961139878022,0.32506025595792776,16,0.2916613913755639,0.021391895442505367,0.052826246638418874,0.095237117677048,0.023385884041403585,0.03088321025557421,0.01583396653799705,24,32,0.03932434103250756,0.2788386351941839,True,False,False,0.00046686116615032093,COMPLETE
386,0.48533297777175904,2025-04-19 17:51:22.550207,2025-04-19 17:51:50.647940,0 days 00:00:28.097733,0.31836618713276665,0.3556913618698485,16,0.29113048450353096,0.04104738036242612,0.04747917425691074,0.09941849121002141,0.02626862006318108,0.0828659415412597,0.00851409873245988,24,24,0.0433891851150003,0.28350686580803464,True,False,False,0.0005162365507827911,COMPLETE
387,0.4498130440711975,2025-04-19 17:51:50.767964,2025-04-19 17:52:19.858465,0 days 00:00:29.090501,0.4433661657460153,0.33691975838516686,16,0.2864913730558022,0.18333090122949874,0.04715455260533649,0.09581498001503964,0.021244931870356646,0.08057119919362368,0.013864728562357731,25,29,0.04852029021493264,0.2743799769499894,True,False,False,1.9555282472670185e-08,COMPLETE
388,0.5162888765335083,2025-04-19 17:52:19.978187,2025-04-19 17:52:49.084212,0 days 00:00:29.106025,0.41573516288798706,0.3150517742973261,16,0.2839242493591526,0.024470707381012684,0.06253420577508707,0.09331610988492667,0.09436314535381032,0.02114719816959869,0.020390657885776122,25,33,0.04536989894172452,0.29886407345110694,True,False,False,0.0003548685757605737,COMPLETE
389,0.503467321395874,2025-04-19 17:52:49.213742,2025-04-19 17:53:10.806750,0 days 00:00:21.593008,0.4242415101039757,0.29609852322091,16,0.2994685178309414,0.0356500356416388,0.06423534548289965,0.09143480453619714,0.019106649133621763,0.08394455576579156,0.01325479180046915,9,36,0.05128162977721619,0.272766101385345,True,False,False,0.0005801249480470097,COMPLETE
390,0.4806694746017456,2025-04-19 17:53:10.926789,2025-04-19 17:53:39.912228,0 days 00:00:28.985439,0.37739093497379594,0.372267795814972,16,0.29327024694940396,0.04865218118051062,0.04421935560851003,0.09667592546951886,0.025711931206214705,0.01095590629125999,0.006823818569160629,25,34,0.04777906097088284,0.287774421455795,True,False,False,1.4357684896739937e-07,COMPLETE
391,0.5033244729042053,2025-04-19 17:53:40.034330,2025-04-19 17:54:08.303464,0 days 00:00:28.269134,0.3935571215398455,0.33846124409485145,16,0.28218227933671325,0.044022741812860124,0.04933476858406538,0.09773755055600444,0.022423255994708853,0.03699721650527734,0.015997000502072995,24,28,0.054207479237331394,0.2791705447624445,True,False,False,0.0009391198962251893,COMPLETE
392,0.4885950803756714,2025-04-19 17:54:08.434732,2025-04-19 17:55:49.749564,0 days 00:01:41.314832,0.44881905108343495,0.2880006708245587,2,0.2916779285899472,0.013908019383880671,0.05232338107235265,0.09984697290939204,0.019803234044651015,0.08252108453434165,0.02131186628743971,25,42,0.0415825829079062,0.2608173686048395,True,False,False,0.0003852377184854773,COMPLETE
393,0.5117635846138,2025-04-19 17:55:49.871312,2025-04-19 17:57:33.393677,0 days 00:01:43.522365,0.4260192684271236,0.3908403505843278,2,0.27714554026794047,0.02741976277287546,0.04492543382693669,0.09389552300686665,0.01568618196719422,0.08111453096499874,0.009490476738967685,26,31,0.036993930075415855,0.2658028710342347,True,False,False,0.0006896649414713164,COMPLETE
394,0.4951945066452027,2025-04-19 17:57:33.514900,2025-04-19 17:58:02.514724,0 days 00:00:28.999824,0.43978647829452244,0.31554415763879035,16,0.28681989783432965,0.14790104492245332,0.04760338475684326,0.09586094318098026,0.02479503948137656,0.01385489120535429,0.026209414732269763,24,36,0.06754858814280754,0.29467035056608826,True,False,False,0.0004955587336903679,COMPLETE
395,0.4795825719833374,2025-04-19 17:58:02.636925,2025-04-19 17:58:44.989860,0 days 00:00:42.352935,0.45994078034531405,0.16254447085937185,8,0.2740047871585919,0.036327066113357655,0.05070590035074118,0.09188099831885242,0.02736377557420801,0.08493338071152046,0.03171140873805348,29,41,0.04656176076864619,0.2859041906346432,True,False,False,0.00039658801838872497,COMPLETE
396,0.09866362959146499,2025-04-19 17:58:45.122261,2025-04-19 18:00:11.625205,0 days 00:01:26.502944,0.406515631313564,0.34483541579593924,2,0.29344971102721884,0.04975834742397624,0.03130370080688117,0.09023575690726295,0.024024235804534014,0.03025460192188487,0.017806224848896133,25,38,0.05048140764949155,0.2765944295195312,True,False,True,0.0009023076232733432,COMPLETE
397,0.4422300398349762,2025-04-19 18:00:11.747232,2025-04-19 18:00:50.064774,0 days 00:00:38.317542,0.3308263328066596,0.3539491732450774,8,0.0634103938759557,0.04052776900797169,0.04908411692714862,0.09485930443686581,0.02743844757074684,0.04394217718454855,0.0002930820620777099,25,34,0.043242104086048345,0.290427455015817,False,False,False,0.0003263325936506408,COMPLETE
