number,value,datetime_start,datetime_complete,duration,params_alpha-eval,params_alpha-train,params_batch-size,params_eps-eval,params_eps-train,params_lambda-actions-eval,params_lambda-actions-train,params_lambda-frames-eval,params_lambda-frames-train,params_learning-rate,params_n-epochs,params_n-frames,params_radius-gw,params_rho,params_std-feats,params_ub-actions,params_ub-frames,params_weight-decay,state
569,0.5182025551795959,2025-04-19 19:41:51.289554,2025-04-19 19:42:20.490262,0 days 00:00:29.200708,0.32109043953560007,0.12092882423719381,8,0.022052860253773125,0.05575793983325912,0.03650750143919647,0.05566016492228572,0.004627317856224316,0.0980963285419374,0.01422405021762132,14,34,0.06364284812927802,0.28367058011659924,True,False,False,0.000448183861928073,COMPLETE
570,0.5376866459846497,2025-04-19 19:42:20.666706,2025-04-19 19:42:51.361020,0 days 00:00:30.694314,0.28284258851371624,0.13483232908761653,8,0.03342605317528459,0.06870435498389105,0.04091621151931872,0.052839199421224566,0.0066490252933546195,0.09590157711022071,0.018602566714399072,15,38,0.056144031848836914,0.29460243655429375,True,False,False,0.0006080454905894964,COMPLETE
571,0.5288427710533142,2025-04-19 19:42:51.536591,2025-04-19 19:43:22.843261,0 days 00:00:31.306670,0.23752905847583494,0.17388056653761907,8,0.03422351316883843,0.06812295228355604,0.0405468807183287,0.060322351467326375,0.006444061123344647,0.09275436593961603,0.018948586145104973,16,37,0.05782727102647258,0.2941804133603139,True,False,False,0.0005354507653237595,COMPLETE
572,0.5370898485183716,2025-04-19 19:43:23.029615,2025-04-19 19:43:53.328793,0 days 00:00:30.299178,0.26780543354603314,0.16128343691956576,8,0.01561519202972019,0.07984063907768746,0.040938272662426695,0.05705398144395057,0.004313551464978242,0.09441965619927353,0.01843841156772806,15,31,0.056330567104439115,0.2944620638065094,True,False,False,0.0003787114689133428,COMPLETE
573,0.4511971235275269,2025-04-19 19:43:53.509630,2025-04-19 19:44:24.332468,0 days 00:00:30.822838,0.2630776401371544,0.10293965512808564,8,0.007538698159835643,0.05917470520163512,0.041527203462702,0.057913839777149374,0.0026763589073502624,0.0964438380301648,0.017311618238628868,16,22,0.05578694482104797,0.2843107298312495,True,False,False,0.0003255086105664509,COMPLETE
574,0.4862536907196045,2025-04-19 19:44:24.519425,2025-04-19 19:44:54.597904,0 days 00:00:30.078479,0.22452358026259836,0.14918798780896608,8,0.018733691977238,0.07820205615012667,0.03933194322689006,0.05653266743279382,0.002243315108674979,0.09453792107650062,0.01660522506271426,15,25,0.05617148229400259,0.28831787270567916,True,False,False,0.00040418871924494153,COMPLETE
575,0.5096124649047852,2025-04-19 19:44:54.775501,2025-04-19 19:45:25.275160,0 days 00:00:30.499659,0.2811241973264659,0.10378932609173741,8,0.026465337876735974,0.072840069827292,0.041032334322990305,0.060653487975303545,0.003927780094764175,0.09975795076555076,0.014690336277032548,15,31,0.05562694577634765,0.29973615062217124,True,False,False,0.0003567997162584088,COMPLETE
576,0.4984400272369385,2025-04-19 19:45:25.463549,2025-04-19 19:45:55.775186,0 days 00:00:30.311637,0.2665107633679458,0.1648924154849247,8,0.014229884616882588,0.07974888295266763,0.04180674650174432,0.05285534745207189,0.0011249375050677347,0.09762053054238076,0.019839216924057438,15,27,0.06794724008595959,0.28121117277313334,True,False,False,0.00044219552955776617,COMPLETE
577,0.5194717407226563,2025-04-19 19:45:55.952278,2025-04-19 19:46:23.328727,0 days 00:00:27.376449,0.23362766534690757,0.13017354827342964,8,0.19806539074993296,0.06796836643750341,0.03946100358768035,0.05868066733878184,0.007670451838948428,0.09379592230746586,0.016769460456149125,15,30,0.05751862729703648,0.2936654891192752,True,False,True,0.0003305840957170538,COMPLETE
578,0.45079159140586855,2025-04-19 19:46:23.516362,2025-04-19 19:46:54.016287,0 days 00:00:30.499925,0.24961993132627622,0.13190819487475525,8,0.03258593536430475,0.06967657779350865,0.041900737535213006,0.06202768744690022,0.0042441511000070875,0.09550918841706481,9.284639630095338e-05,16,33,0.06532336592636008,0.2875161120301167,False,False,False,0.00027899120199449613,COMPLETE
579,0.5406915545463562,2025-04-19 19:46:54.193762,2025-04-19 19:47:23.025308,0 days 00:00:28.831546,0.27625760796896043,0.11271778544253083,8,0.10641561691930226,0.08222323493446933,0.03913852888920752,0.05680266806647774,0.006618536511882673,0.09016704049146942,0.020913632660122247,13,38,0.055716839334805104,0.2999260976345119,True,False,False,0.00047197393664484853,COMPLETE
580,0.5358594059944153,2025-04-19 19:47:23.215835,2025-04-19 19:47:54.331140,0 days 00:00:31.115305,0.2760469896241946,0.11285775055393721,8,0.007103740506365283,0.07864700551417464,0.03836211333448568,0.05276858940354455,0.006648504495545083,0.09052457165473017,0.019963167115787883,16,39,0.055622995511616556,0.2953608762587123,True,False,False,0.00041933583691853573,COMPLETE
581,0.4903589248657227,2025-04-19 19:47:54.511285,2025-04-19 19:48:22.365464,0 days 00:00:27.854179,0.26159868639366435,0.05552324633634361,8,0.10808266255930446,0.0920644819458338,0.039367024497213104,0.05610645726173754,0.004785887537507356,0.08986002014746558,0.02196204035018627,12,31,0.05744509669477742,0.29956542866731956,True,False,False,0.00046798339428218914,COMPLETE
582,0.49083030223846436,2025-04-19 19:48:22.555221,2025-04-19 19:48:49.371758,0 days 00:00:26.816537,0.28695952751683323,0.08969444420299877,8,0.1234387726088529,0.07171279946714625,0.03731672821535201,0.058255465294391684,0.006695715944426369,0.09201716175524036,0.018381525631110292,14,38,0.05526653040535946,0.2999849894285096,True,True,False,9.442113107798539e-07,COMPLETE
583,0.5088626980781555,2025-04-19 19:48:49.550795,2025-04-19 19:49:19.685858,0 days 00:00:30.135063,0.23956360433264084,0.08796813529012308,8,0.10497054594675101,0.0836655556599658,0.03428700166200598,0.05460687677862454,0.002805367169189897,0.08981010914069859,0.022614070469299388,15,33,0.05527644961780539,0.2945274889818028,True,False,False,0.00036269455096818703,COMPLETE
584,0.5324476838111878,2025-04-19 19:49:19.864443,2025-04-19 19:49:47.238478,0 days 00:00:27.374035,0.2977447074763577,0.12453621009168228,8,0.13540629278740718,0.08594279978623848,0.038268783197614585,0.03695195486414906,0.008604615239085641,0.09347114146964232,0.01609268715673423,11,40,0.058349978258481726,0.29393903043824166,True,False,False,0.0005952338733420629,COMPLETE
585,0.5000648021697999,2025-04-19 19:49:47.427726,2025-04-19 19:50:18.931655,0 days 00:00:31.503929,0.25766904718084843,0.17052904918677805,8,0.02484777897310887,0.08619361892433607,0.04171344616689865,0.05983732378801304,0.0011601206208251029,0.08955171232095689,0.01977723787294379,17,29,0.06315330314588519,0.2999291506475271,True,False,False,0.0002753925997890004,COMPLETE
586,0.5171330571174622,2025-04-19 19:50:19.113620,2025-04-19 19:50:48.523829,0 days 00:00:29.410209,0.2793074905596529,0.16019058264975616,8,0.03725473115720772,0.08063239177936246,0.035648766944376326,0.05744309512745885,0.004384898141230428,0.09191531003311212,0.013906607669809258,14,35,0.05939474398158379,0.2856115224341505,True,False,False,0.0004736559731833099,COMPLETE
587,0.5284237742424012,2025-04-19 19:50:48.713563,2025-04-19 19:51:18.447851,0 days 00:00:29.734288,0.21662820831546845,0.19919853044244518,8,0.0949012434999543,0.07466801676847992,0.032431816057951354,0.05200218732821468,0.005808386975848281,0.09318454935802088,0.022746659011879656,14,38,0.06603714423053672,0.2904812093041834,True,False,False,0.0006510432370761695,COMPLETE
588,0.47069510221481325,2025-04-19 19:51:18.631775,2025-04-19 19:51:47.576312,0 days 00:00:28.944537,0.8122738688774895,0.12141082507633157,8,0.11079472684454722,0.11394650354642585,0.03858558513849587,0.06304780060785363,0.0034985310355717964,0.09484118385240185,0.017997285491385445,13,41,0.0711805228358781,0.2812158134981593,True,False,False,0.0009834559477453853,COMPLETE
589,0.5027935385704041,2025-04-19 19:51:47.767592,2025-04-19 19:52:13.910684,0 days 00:00:26.143092,0.3053997679005436,0.19031479016689246,8,0.11623278134669039,0.07920105598341709,0.04234561049900773,0.05363596400156563,0.007111700355701656,0.08971538897244778,0.014372271109176162,10,26,0.054796647726235624,0.2939103732608133,True,False,False,0.0003835670057057216,COMPLETE
590,0.4903838396072388,2025-04-19 19:52:14.093336,2025-04-19 19:52:41.738118,0 days 00:00:27.644782,0.2821060144092102,0.13814815768670086,8,0.010474231524869614,0.06632297354726335,0.0370789988478914,0.055527636330406326,0.008710354345211781,0.0981480930645763,0.016382018822733168,12,32,0.056886489384133224,0.289001106471971,True,False,False,2.2068253318719335e-06,COMPLETE
591,0.09188934862613678,2025-04-19 19:52:41.933251,2025-04-19 19:53:11.370193,0 days 00:00:29.436942,0.25872036084990874,0.1815032128632662,8,0.0010349264969358668,0.05357950051293155,0.07527605671452325,0.0574892636641975,0.005041582429522522,0.09111377536699047,0.022894827938038608,15,37,0.06209978725388587,0.29523102789279965,True,False,False,0.0005946909126800539,COMPLETE
592,0.5305824518203736,2025-04-19 19:53:11.551818,2025-04-19 19:53:41.383389,0 days 00:00:29.831571,0.3020240923453722,0.20614602013532363,8,0.06847537415774035,0.06369543808239896,0.03973905049986179,0.05130514876515895,0.002827598677897976,0.08871451867965136,0.0184743521007458,14,34,0.054276850187036055,0.28243163736938487,True,False,False,0.0004769264856049861,COMPLETE
593,0.5236998438835144,2025-04-19 19:53:41.579049,2025-04-19 19:54:09.796418,0 days 00:00:28.217369,0.23964346820797097,0.22419156250794786,8,0.04264801498815337,0.07627725111311243,0.03153826304351756,0.05352536689201476,0.012539825684325134,0.09406777403365126,0.020051671154875578,12,41,0.06391684445515593,0.2944102801001027,True,False,False,0.00029418952955455926,COMPLETE
594,0.5272647500038148,2025-04-19 19:54:09.979385,2025-04-19 19:54:38.436566,0 days 00:00:28.457181,0.2734759356053295,0.17225292811024426,8,0.016074269658551545,0.05254246516195919,0.03510122462900264,0.040136428548347744,0.006081387087282058,0.09643913700905074,0.015040047407424356,13,38,0.058790959804425225,0.2998143390267972,True,False,False,0.000666493727803115,COMPLETE
595,0.4813213586807251,2025-04-19 19:54:38.630709,2025-04-19 19:55:07.718279,0 days 00:00:29.087570,0.35178564419500014,0.15549275548442154,8,0.16167157781403727,0.06052761337793411,0.033594756729345,0.04519630351490644,0.0012478463731654173,0.09168654859859066,0.0239137748815323,13,30,0.05658516264079006,0.28788392286384734,True,False,False,0.0003839429075475336,COMPLETE
596,0.4872166514396668,2025-04-19 19:55:07.900539,2025-04-19 19:55:37.416477,0 days 00:00:29.515938,0.29094609971490715,0.20563062430465845,8,0.020827315116711716,0.09286060633079216,0.03669019729294308,0.05570302408251332,0.00924910642662282,0.09312251820396086,0.017838129294240508,17,47,0.05400126428569909,0.2811989480083209,True,False,True,0.0005449141499082606,COMPLETE
597,0.4799245893955231,2025-04-19 19:55:37.612638,2025-04-19 19:56:07.234817,0 days 00:00:29.622179,0.31034510990516295,0.1904329586203608,8,0.03138708325035114,0.05464691770505587,0.03927564832610896,0.0602048293030669,0.003246293910913823,0.09999925293048531,0.013112637400876986,15,35,0.06011958753857527,0.2998821758772258,False,False,False,0.0008275942413431953,COMPLETE
598,0.4636367380619049,2025-04-19 19:56:07.418144,2025-04-19 19:56:36.766030,0 days 00:00:29.347886,0.26345846518380833,0.08478331181239147,8,0.009537380386863486,0.0732103974405162,0.041673898491960015,0.05147371270882155,0.007394776576380636,0.08865416117568731,0.022036726388865193,14,44,0.06891112163732302,0.2904201923329694,True,False,False,3.633180983139008e-08,COMPLETE
599,0.21044219732284547,2025-04-19 19:56:36.950387,2025-04-19 19:57:07.372201,0 days 00:00:30.421814,0.2837798438090607,0.03272714838263513,8,0.0018865903532944463,0.05051774115553884,0.03564977782875397,0.05876569655560785,0.0042838588164290994,0.09526511465663692,0.016218347528615572,16,39,0.06150544397324568,0.29371064233574823,True,False,False,0.0004472236065663445,COMPLETE
600,0.4775126457214356,2025-04-19 19:57:07.565978,2025-04-19 19:57:37.013932,0 days 00:00:29.447954,0.31236624201985197,0.222937737546855,8,0.17721970974256632,0.0630769388280798,0.037310433780526606,0.04754519401207202,0.009981635183044579,0.09146405020710485,0.02576853850058449,13,56,0.06533680686355146,0.2860166326794081,True,False,False,0.0006016458620646146,COMPLETE
601,0.48538934588432314,2025-04-19 19:57:37.198015,2025-04-19 19:58:04.951226,0 days 00:00:27.753211,0.2194845865451847,0.1250681534990406,8,0.025020152582131555,0.1278426158910297,0.040388427464005776,0.06172387104622883,0.005433204031015082,0.09730840262765396,0.013163418327914131,12,32,0.05896486434812881,0.27924963293027116,True,False,False,0.0003432585947348963,COMPLETE
602,0.1744418263435364,2025-04-19 19:58:05.147217,2025-04-19 19:58:29.255186,0 days 00:00:24.107969,0.19122851933785567,0.23264217751714758,8,0.012771722702933381,0.05685876689423298,0.03277282921421417,0.06435528044887111,0.0010273643037915776,0.09421925111461524,0.020048861855887112,10,42,0.05642633674318958,0.2999071635180788,True,True,False,0.0008037447153146116,COMPLETE
603,0.4756094574928284,2025-04-19 19:58:29.439276,2025-04-19 19:58:59.414659,0 days 00:00:29.975383,0.24753437870860956,0.16208433860260468,8,0.09755928028489844,0.06945765415052278,0.037972678526526485,0.0348422338209621,0.012151148236656823,0.09079875370895617,0.017489821789044322,13,65,0.06372782694740858,0.2893945729343471,True,False,False,0.0004884377327920395,COMPLETE
604,0.5211807370185852,2025-04-19 19:58:59.610782,2025-04-19 19:59:29.019055,0 days 00:00:29.408273,0.35181691568989815,0.18941680700872232,8,0.02033577666978889,0.05108691577138847,0.03446358069884122,0.05487756517886378,0.007664018402511767,0.08880606344371457,0.015107216954119047,14,36,0.05381093701543268,0.2940128308649478,True,False,False,0.0006601699244473802,COMPLETE
605,0.4711036324501038,2025-04-19 19:59:29.205729,2025-04-19 19:59:56.544666,0 days 00:00:27.338937,0.3381578218699998,0.0751791614624032,8,0.028816634544374428,0.05026282340422632,0.042373999603931005,0.05340158216503617,0.0035341545589552643,0.09630524919779199,0.024265120750950653,11,28,0.06766506240038167,0.28497016628717,True,False,False,0.0002677301994968994,COMPLETE
606,0.5004482865333557,2025-04-19 19:59:56.741390,2025-04-19 20:00:25.425574,0 days 00:00:28.684184,0.29057940230036633,0.2361842063453327,8,0.07535604978605537,0.056631538771230734,0.03575802409333658,0.056992025744636174,0.006243926354153679,0.09332177383134779,0.020395585714943223,13,34,0.06172002698856881,0.2936499570494295,True,False,False,0.0005493593725896283,COMPLETE
607,0.09188934862613678,2025-04-19 20:00:25.613748,2025-04-19 20:00:52.460522,0 days 00:00:26.846774,0.2602050977165168,0.13608481182967058,8,0.0005959949537761942,0.06589472349437459,0.03127051957384179,0.04984494654924764,0.008785358926355687,0.0980944539689261,0.014063567498668198,12,21,0.05955285600389043,0.277188899952788,True,False,False,0.0004182669969958175,COMPLETE
608,0.5441301107406616,2025-04-19 20:00:52.656788,2025-04-19 20:01:23.002867,0 days 00:00:30.346079,0.31353856027229193,0.16808615601754617,8,0.0071597873829442795,0.048561781107020544,0.038581963945090066,0.0594612210784078,0.004784334605661287,0.09257218599481253,0.016395064206104447,15,39,0.07401302052003303,0.2886217090545492,True,False,False,0.0009746505917220673,COMPLETE
609,0.3236316025257111,2025-04-19 20:01:23.192076,2025-04-19 20:01:56.578583,0 days 00:00:33.386507,0.31914683510664965,0.16828203769460906,8,0.007690104996241731,0.09991779257166432,0.039892634149015616,0.06146117472464518,0.010605652596102513,0.08898909838341118,0.02103869494231791,15,105,0.07425103925141173,0.2862740181419155,True,False,False,0.0009586148849687223,COMPLETE
610,0.49597456455230715,2025-04-19 20:01:56.777516,2025-04-19 20:02:27.883702,0 days 00:00:31.106186,0.34514562401823135,0.15017559557699958,8,0.03701461951126114,0.0468066989950809,0.03876363002027258,0.057846515887276496,0.005334031375097906,0.09118838656836491,0.02518349453643092,16,38,0.07620643975570697,0.2792101846798918,True,False,False,0.0008352219259421255,COMPLETE
611,0.5001798987388612,2025-04-19 20:02:28.070440,2025-04-19 20:02:58.901695,0 days 00:00:30.831255,0.3104184286389739,0.17708344064077325,8,0.04778422771879995,0.08251411229291487,0.04165467478757691,0.05950333033780994,0.007653067629349823,0.09303552079652923,0.000690382075146701,15,36,0.0552625748803062,0.28871503131640086,True,False,False,0.0009970681710907506,COMPLETE
612,0.3709493100643158,2025-04-19 20:02:59.100298,2025-04-19 20:03:32.838005,0 days 00:00:33.737707,0.2949728054161904,0.1414311953880741,8,0.017243628936734593,0.04838652657379199,0.037381321424026386,0.059756058205503344,0.005003131160675103,0.08820903108580201,0.017780317196950637,16,94,0.07933139927614857,0.2833853528341649,True,False,False,0.000707830316359848,COMPLETE
613,0.5331611394882203,2025-04-19 20:03:33.026595,2025-04-19 20:04:03.661256,0 days 00:00:30.634661,0.3322407700176439,0.099172786696779,8,0.12020394893975488,0.04872335550274713,0.0399018270931371,0.056135112850653486,0.011838702305033111,0.09092751772899382,0.012578363088470636,15,32,0.0756077914230522,0.29487836237704745,True,False,False,0.0007301115972891988,COMPLETE
614,0.40135825872421266,2025-04-19 20:04:03.860851,2025-04-19 20:04:33.577807,0 days 00:00:29.716956,0.3143038716495815,0.1974623018262936,8,0.10459776131060408,0.06133000383693901,0.038493084422910454,0.06218064834190563,0.0069905726498621125,0.0933958861817826,0.016759784952105238,14,15,0.056648408007802575,0.28899691366479713,True,False,False,0.0008184059659672324,COMPLETE
615,0.5022112488746644,2025-04-19 20:04:33.768238,2025-04-19 20:05:03.708630,0 days 00:00:29.940392,0.3496546532756347,0.16027540214577254,8,0.08778454313000325,0.05218986098253295,0.04223912891420149,0.04357552645560127,0.0027192992616764766,0.08966825356806699,0.02781504774127138,14,40,0.07204557494099693,0.2997180568809486,True,False,False,0.000660554358221529,COMPLETE
616,0.3213892042636871,2025-04-19 20:05:03.909237,2025-04-19 20:05:30.012632,0 days 00:00:26.103395,0.2804993320912641,0.20366040542956196,8,0.005876835198081049,0.05751471707601187,0.03667400295542266,0.06453502851667095,0.08884193634862513,0.0923302531703026,0.021769203431174777,14,24,0.05345577517080629,0.2800855115021646,False,False,True,0.0009778047234613152,COMPLETE
617,0.49684454202651984,2025-04-19 20:05:30.201643,2025-04-19 20:06:00.417546,0 days 00:00:30.215903,0.3012802601437374,0.11075159106435475,8,0.02366255958701781,0.13684459764403228,0.03987227573809341,0.05771403082062178,0.009798917433908342,0.09602326714928418,0.018969997284220434,15,35,0.07287307514497356,0.29507400157706276,True,False,False,0.0006179951594395751,COMPLETE
618,0.4793667614459992,2025-04-19 20:06:00.617903,2025-04-19 20:06:30.597718,0 days 00:00:29.979815,0.3293168233413126,0.18420503420864798,8,0.012698378976728484,0.07103784585288944,0.04261331197574087,0.05543646435857735,0.004368675816395887,0.08846659910486135,5.219200036196275e-05,15,38,0.058046529402841274,0.29984021140982214,True,False,False,0.0008162688924745469,COMPLETE
619,0.5204924106597901,2025-04-19 20:06:30.788032,2025-04-19 20:07:02.002127,0 days 00:00:31.214095,0.2731777782791431,0.16437749886021719,8,0.130449184655133,0.048409201227503064,0.03590630591832484,0.052152775933601035,0.006505768863846558,0.09491469183790621,0.013623207126783119,16,33,0.054368146739240536,0.2855883600370282,True,False,False,0.000310542980016825,COMPLETE
620,0.2174381732940674,2025-04-19 20:07:02.205297,2025-04-19 20:07:33.245936,0 days 00:00:31.040639,0.2970425236092717,0.1257084235480529,8,0.0345232387556472,0.06563058858519086,0.03806298417412612,0.05845417688615646,0.008312932254055598,0.09812517249544397,0.023583141797712134,11,140,0.06044399623277891,0.2900136504721423,True,False,False,0.0005313382345110648,COMPLETE
621,0.47497057914733887,2025-04-19 20:07:33.437257,2025-04-19 20:08:01.690076,0 days 00:00:28.252819,0.3170899284738841,0.21353289134016468,8,0.14280247893226378,0.07574394230290717,0.03959462497191634,0.049684229762986344,0.003276994382197557,0.09185064522594326,0.028472208523075533,17,28,0.05750444845227103,0.2947625496501559,True,True,False,0.0009756628504355302,COMPLETE
622,0.4444276511669159,2025-04-19 20:08:01.893193,2025-04-19 20:08:31.688725,0 days 00:00:29.795532,0.3531585155298378,0.18529695003942293,8,0.019779298962820168,0.18922867988755174,0.03536307077167134,0.04755962153885606,0.0010012556266058474,0.09018504190089399,0.016824711356972947,14,41,0.06196868135012539,0.27751571236155825,True,False,False,0.000672075387272442,COMPLETE
623,0.5108377695083619,2025-04-19 20:08:31.879678,2025-04-19 20:08:57.089882,0 days 00:00:25.210204,0.2769521721382932,0.2103552889996443,8,0.0064010292043999335,0.05663927293423372,0.0408214497212149,0.05998021904763055,0.005258857954959582,0.09653075675086105,0.011673086525545311,9,37,0.07871611024315972,0.2845342160771947,True,False,False,0.00042449617561464436,COMPLETE
624,0.49173962473869326,2025-04-19 20:08:57.292724,2025-04-19 20:09:27.196416,0 days 00:00:29.903692,0.3308928483723677,0.14414196806271273,8,0.02839748466941638,0.04409418186862066,0.037687400170541334,0.056573640505651814,0.008869010906013892,0.09419535827179551,0.001414330088013427,15,31,0.05589688418431261,0.29013558365538944,True,False,False,0.0003612377146646755,COMPLETE
625,0.5215259790420532,2025-04-19 20:09:27.390315,2025-04-19 20:09:56.629212,0 days 00:00:29.238897,0.2927988782609196,0.2291086106657562,8,0.11232591343059108,0.08872877363905494,0.04293472843954514,0.054353523848606394,0.01301071105162541,0.0877622244646175,0.020617068274864644,13,39,0.05319413242697798,0.2997201287509536,True,False,False,0.0005597402372263549,COMPLETE
