number,value,datetime_start,datetime_complete,duration,params_alpha-eval,params_alpha-train,params_batch-size,params_eps-eval,params_eps-train,params_lambda-actions-eval,params_lambda-actions-train,params_lambda-frames-eval,params_lambda-frames-train,params_learning-rate,params_n-epochs,params_n-frames,params_radius-gw,params_rho,params_std-feats,params_ub-actions,params_ub-frames,params_weight-decay,state
113,0.480112898349762,2025-04-19 14:13:15.793467,2025-04-19 14:13:56.169487,0 days 00:00:40.376020,0.4633663332477535,0.43165489965184567,8,0.2619256084241871,0.03681510476341422,0.028333716430084872,0.07763140837752242,0.03339262152879971,0.06170510032152863,0.01718570786776094,26,42,0.08443163724491891,0.1800415782934802,True,False,False,1.1754414836075055e-05,COMPLETE
114,0.5120616912841798,2025-04-19 14:13:56.207991,2025-04-19 14:14:34.814721,0 days 00:00:38.606730,0.1887009589507142,0.4280093648746464,8,0.29316236942489043,0.04957272732791441,0.02382199152509174,0.06748338007251312,0.02980248111746812,0.06565838473831687,0.05408840797938489,25,34,0.07800055303199205,0.21128977787933703,True,False,False,4.2207526732578064e-05,COMPLETE
115,0.09188934862613678,2025-04-19 14:14:34.852636,2025-04-19 14:15:12.665986,0 days 00:00:37.813350,0.588229673297289,0.42177428185462834,8,0.29279809091658643,0.0019377481513388126,0.02433949984521619,0.06792912983404979,0.03637730846651699,0.06613804136599966,0.028340997073981584,25,32,0.08700906800033913,0.21256235925194544,True,False,False,1.97800886923203e-05,COMPLETE
116,0.10791359841823578,2025-04-19 14:15:12.704035,2025-04-19 14:15:47.922489,0 days 00:00:35.218454,0.14298729833070867,0.49559509231068166,8,0.28741233987264464,0.06651990265537491,0.03097623172140384,0.06259023912267006,0.022464205289591588,0.06280299585383471,0.02354647731812569,25,48,0.07760448502172403,0.2391418702427926,True,True,False,5.352436136721705e-05,COMPLETE
117,0.48659601211547854,2025-04-19 14:15:47.961752,2025-04-19 14:16:27.575225,0 days 00:00:39.613473,0.1908879432977814,0.3559989943950067,8,0.2777411068413349,0.05453979522534182,0.03586336187527891,0.07242508058872409,0.02642907878812134,0.0694168028378979,0.012937337837948206,26,39,0.07584870598715904,0.23160122053587254,True,False,False,2.5233915154001673e-05,COMPLETE
118,0.4970818281173706,2025-04-19 14:16:27.615117,2025-04-19 14:17:08.702141,0 days 00:00:41.087024,0.2657199809386096,0.48449578280853556,8,0.29880291904971784,0.024366885419844803,0.0226748537224855,0.07662948526345288,0.02827671478765753,0.0722376422041307,0.05329671974520102,28,34,0.09161108945272571,0.17657203313374165,True,False,False,4.3258429784063764e-05,COMPLETE
119,0.4925739049911499,2025-04-19 14:17:08.741790,2025-04-19 14:17:48.413007,0 days 00:00:39.671217,0.6918618197592425,0.297934406108754,8,0.29267976857809,0.03401835436434958,0.015974529868790572,0.06914893402668225,0.02490036740325313,0.06815673900305308,0.03577127693939874,25,42,0.09984776195050314,0.19514973578643102,True,False,False,1.9655008816445875e-05,COMPLETE
120,0.4885716319084168,2025-04-19 14:17:48.453397,2025-04-19 14:18:21.693915,0 days 00:00:33.240518,0.18620530440490496,0.3812817126643246,8,0.2507396566736396,0.04554253850967084,0.02087801552822608,0.06495271856821454,0.03152409386617836,0.05606275838720444,0.07348245491324003,18,45,0.08311607563690757,0.18790615474019873,True,False,False,6.31651383648792e-05,COMPLETE
121,0.5063860177993775,2025-04-19 14:18:21.733646,2025-04-19 14:18:59.481744,0 days 00:00:37.748098,0.5105987944464699,0.27966739585392053,8,0.2718865571138457,0.03972090938714179,0.03201493593787452,0.07954992724780313,0.030068589417516296,0.06610520249727933,0.06219758756540981,24,29,0.0856716292141264,0.15645816384776748,True,False,False,3.426738573565798e-05,COMPLETE
122,0.47488379478454595,2025-04-19 14:18:59.521801,2025-04-19 14:19:39.879330,0 days 00:00:40.357529,0.4171294093510135,0.27809463353645203,8,0.27223030806963366,0.0206902296857518,0.032238484256508666,0.07964256445023624,0.03017481107646094,0.061018002890290315,0.04912540406751297,24,73,0.09069984723333387,0.1791531821634145,True,False,False,3.799406108180097e-05,COMPLETE
123,0.4816455185413361,2025-04-19 14:19:39.928743,2025-04-19 14:20:16.268191,0 days 00:00:36.339448,0.5264969157580663,0.4181528302558891,8,0.28463839185410433,0.040799551574101214,0.027962070707077208,0.07189703482455069,0.0337638321489024,0.06622900579742359,0.0622762021504525,23,21,0.08612176240466277,0.1547175137467646,True,False,False,2.99070277674732e-05,COMPLETE
124,0.483073353767395,2025-04-19 14:20:16.308387,2025-04-19 14:20:55.806598,0 days 00:00:39.498211,0.5055353748510814,0.5220640427201304,8,0.2781146967907671,0.06899533991181019,0.03485699178592161,0.07472357474674413,0.039083304519986053,0.07025776489567201,0.03320195724921045,26,29,0.07989409543598258,0.1396679221968477,True,False,False,1.796155307836145e-05,COMPLETE
125,0.4938319921493531,2025-04-19 14:20:55.847557,2025-04-19 14:21:32.751970,0 days 00:00:36.904413,0.4615446589569305,0.3385563508603933,8,0.29958899648620935,0.04847050667674484,0.04071153526123762,0.08805994347101094,0.028151829856240276,0.06354465683767097,0.05421983236243025,22,36,0.08334673193247917,0.16926354530175955,True,False,False,1.1865534434680678e-05,COMPLETE
126,0.5132733583450317,2025-04-19 14:21:32.795139,2025-04-19 14:22:11.614839,0 days 00:00:38.819700,0.6219338025395094,0.11703918349290304,8,0.2910335659515031,0.08813846088064958,0.03800321637078394,0.0869720839959435,0.04339258393465354,0.0720200263504638,0.08170606415476367,25,31,0.08151854515335,0.20420809869203901,True,False,False,7.6120463062274734e-06,COMPLETE
127,0.5176525115966797,2025-04-19 14:22:11.656629,2025-04-19 14:22:50.296516,0 days 00:00:38.639887,0.651181013472475,0.1171235937271777,8,0.2916274683200996,0.08770689544309088,0.037658041453198336,0.08441618898060765,0.042123031566011965,0.06381331715852843,0.0829347513205951,25,31,0.09274674505820962,0.20965737769631806,True,False,False,8.253866611981238e-06,COMPLETE
128,0.5072041153907776,2025-04-19 14:22:50.337912,2025-04-19 14:23:29.195047,0 days 00:00:38.857135,0.6959000088214313,0.12267501149939175,8,0.2902869857070102,0.08820230667603013,0.0476517686071488,0.09299167387344259,0.04337461128649889,0.058946000029521745,0.0770465927021072,25,38,0.09622132624615974,0.20975035249682428,True,False,False,7.4827221431114584e-06,COMPLETE
129,0.499460780620575,2025-04-19 14:23:29.237791,2025-04-19 14:24:09.421698,0 days 00:00:40.183907,0.6453860617251351,0.05209374461302439,8,0.29379582551106176,0.09975592472222902,0.03815366873838286,0.08314765622003546,0.047116286062555586,0.07463238256603011,0.09775484461984003,26,32,0.09323577663582569,0.20469351217133575,True,False,False,4.668081654155525e-06,COMPLETE
130,0.12512955963611605,2025-04-19 14:24:09.464690,2025-04-19 14:24:45.436066,0 days 00:00:35.971376,0.6233389264381948,0.10899199652456337,8,0.26194905569871657,0.07464303450545803,0.04295345327142912,0.0858264506425773,0.03815216305323738,0.06439684715348928,0.038667600242915844,25,60,0.08155173616142138,0.2218161415601216,True,False,True,2.7524879054486615e-06,COMPLETE
131,0.5014118552207947,2025-04-19 14:24:45.478388,2025-04-19 14:25:26.031632,0 days 00:00:40.553244,0.7451015341554644,0.1215172184756668,8,0.27945802320375096,0.08382007751420556,0.036635660456882414,0.09015088648095196,0.04118303271841654,0.059312293394496673,0.08158451856471162,27,39,0.09663989679790881,0.21279943688957942,True,False,False,8.810521714345245e-06,COMPLETE
132,0.5129903435707093,2025-04-19 14:25:26.074175,2025-04-19 14:26:04.765285,0 days 00:00:38.691110,0.660986077180972,0.1408894765642075,8,0.2894462454760472,0.08756404903580936,0.05489042967005648,0.09367081176680168,0.043126046657973906,0.07186800610946455,0.07348745372773303,25,34,0.0953298493066749,0.2081003013863616,True,False,False,6.785802280642576e-06,COMPLETE
133,0.5017417192459106,2025-04-19 14:26:04.809230,2025-04-19 14:26:44.137878,0 days 00:00:39.328648,0.6549884414849951,0.15101274059833625,8,0.286862447306111,0.08466750298360745,0.05541611839849494,0.09399637466098423,0.04545075723458131,0.07217231109941102,0.04684445493074738,26,34,0.09006119063975078,0.22923896464681032,True,False,False,7.23372714345377e-06,COMPLETE
134,0.4765219748020172,2025-04-19 14:26:44.181788,2025-04-19 14:27:23.009499,0 days 00:00:38.827711,0.718012434548244,0.13787346653939545,8,0.2996502401249462,0.10217616464635712,0.03350260705791923,0.08544935814258044,0.044031181314089715,0.07047187122143911,0.020886775743150655,25,23,0.09464004229034789,0.19981700295194832,True,False,False,1.0945756413837056e-05,COMPLETE
135,0.4575345516204834,2025-04-19 14:27:23.052927,2025-04-19 14:28:02.940619,0 days 00:00:39.887692,0.5952163085674188,0.08004025766877945,8,0.2904280656447125,0.09528993495547676,0.051885525740909454,0.09503531888400489,0.03629122262763503,0.0679036677907459,0.06908185874818652,27,36,0.0922012021941697,0.19241768964994793,False,False,False,1.34370138159422e-05,COMPLETE
136,0.49014600515365603,2025-04-19 14:28:02.985297,2025-04-19 14:28:37.992172,0 days 00:00:35.006875,0.6102399906359528,0.1788259294204158,8,0.2787539561999443,0.07995594311736944,0.03888426522298139,0.09823084178392653,0.045945900299403646,0.07357214082253055,0.02656807242867817,20,44,0.08928650191455588,0.19552573624626282,True,False,False,2.1266362922153355e-05,COMPLETE
137,0.1495373398065567,2025-04-19 14:28:38.036030,2025-04-19 14:29:12.880188,0 days 00:00:34.844158,0.6628997897400759,0.1628634617352522,8,0.2851825240249503,0.061925039940034,0.024931137502047444,0.0877064188246355,0.04300162032824608,0.07627097390143388,0.0864048935637648,26,32,0.09770008807621948,0.21712405682205818,True,True,False,1.5085310431343566e-05,COMPLETE
138,0.4612177133560181,2025-04-19 14:29:12.933680,2025-04-19 14:29:55.142196,0 days 00:00:42.208516,0.6686155084220025,0.1447860987815619,8,0.2944207078041361,0.09187371146181546,0.031160707177508788,0.09685943296196926,0.03217987096067196,0.06382946436216233,0.03739310930322929,28,50,0.08770105197837924,0.20687861053372933,True,False,False,4.266283462651141e-06,COMPLETE
139,0.36034232378005987,2025-04-19 14:29:55.190972,2025-04-19 14:30:35.849784,0 days 00:00:40.658812,0.23327691113593124,0.06706645095772724,8,0.2764057874630485,0.11730279253900604,0.060318562553986224,0.06395587937840058,0.024085494504479586,0.07082934549673749,0.05115434991630908,23,92,0.09444768782102463,0.1827652143163417,True,False,False,6.392583140920548e-06,COMPLETE
140,0.47513625025749207,2025-04-19 14:30:35.895525,2025-04-19 14:31:18.157027,0 days 00:00:42.261502,0.7179236728686765,0.1091082347905055,8,0.2557051050663904,0.07260968096877285,0.018632504861281422,0.08332485482571943,0.03835027979176483,0.06695968206113002,0.09879271732711514,29,41,0.08620665908300035,0.24503794026241285,True,False,False,4.7870851015795533e-05,COMPLETE
141,0.5073900818824768,2025-04-19 14:31:18.203874,2025-04-19 14:31:57.065880,0 days 00:00:38.862006,0.6981801684379643,0.12329805973402165,8,0.28964171874120376,0.09017179435745724,0.04838443575084798,0.09207132076895874,0.0501153236797224,0.05708132993818333,0.06801374768627383,25,37,0.0964836660601585,0.20907590309440868,True,False,False,7.92716765570185e-06,COMPLETE
142,0.4979760169982911,2025-04-19 14:31:57.112570,2025-04-19 14:32:36.123204,0 days 00:00:39.010634,0.715936435943912,0.10026433939791433,8,0.2882274811002027,0.10588815826194792,0.04430210335856691,0.050159651978719674,0.04996840392091333,0.06139900727618488,0.07461980425229488,25,30,0.09263244708508561,0.20328703580660012,True,False,False,1.0388811517380912e-05,COMPLETE
143,0.5138439536094666,2025-04-19 14:32:36.169657,2025-04-19 14:33:14.310123,0 days 00:00:38.140466,0.5674379700921441,0.1715194422554482,8,0.28282740440679927,0.0815881546936341,0.04895134066561408,0.09157978802393474,0.035185712171916725,0.06883453983646724,0.04263686400509884,24,33,0.0981088019230722,0.2287780596855553,True,False,False,0.00010945708149075045,COMPLETE
144,0.5173137784004211,2025-04-19 14:33:14.357113,2025-04-19 14:33:52.067322,0 days 00:00:37.710209,0.5530131753302141,0.1769490677483508,8,0.269081105384709,0.07028330291364307,0.026466457867907828,0.08698541499070143,0.035037475733561606,0.06840932448629593,0.04197880685428403,24,33,0.08850955251468942,0.23279761730550605,True,False,False,0.0001141981174463242,COMPLETE
145,0.5110129714012146,2025-04-19 14:33:52.114286,2025-04-19 14:34:29.966758,0 days 00:00:37.852472,0.5531205131691563,0.18858808195314816,8,0.2718349052006297,0.06860146611441448,0.040752370666100865,0.09573875096433351,0.03533322448072502,0.06470041781103551,0.04164271040561714,24,34,0.09852518833296273,0.22939355332586928,True,False,False,0.00011242768740011496,COMPLETE
146,0.5099889874458313,2025-04-19 14:34:30.013804,2025-04-19 14:35:07.469257,0 days 00:00:37.455453,0.5308681922267143,0.2159237947731066,8,0.26491777564199415,0.05997963451845242,0.04139801672890508,0.09605002063192782,0.03518574483217025,0.06480917605223069,0.04106199304710727,24,33,0.0984569465954232,0.25163917010113085,True,False,False,0.00011234260290878539,COMPLETE
147,0.4971363663673401,2025-04-19 14:35:07.517069,2025-04-19 14:35:44.893278,0 days 00:00:37.376209,0.5857162131765491,0.20110956594064733,8,0.2702217145320293,0.06627522565760106,0.05083662709909248,0.0896336899333055,0.04018083522651074,0.05300765396853463,0.052476447106456534,23,41,0.09962948521399147,0.23526584990870086,True,False,False,0.00022846694814127047,COMPLETE
148,0.4806977272033692,2025-04-19 14:35:44.941080,2025-04-19 14:36:22.834262,0 days 00:00:37.893182,0.5669621764114702,0.6546225878625049,8,0.2755051435640123,0.05174348853470896,0.045197733472711575,0.08793450436559462,0.03685930046220438,0.068689523603137,0.04568856465449576,24,24,0.09555208608325391,0.2288583744959365,True,False,False,0.0001981375103659837,COMPLETE
149,0.536634087562561,2025-04-19 14:36:22.882309,2025-04-19 14:36:59.110273,0 days 00:00:36.227964,0.5666961923331443,0.1818520477144274,8,0.2610739718344659,0.0773727632476946,0.0372527466442341,0.09903663763737948,0.03426837942290875,0.07212499365265215,0.05946274626285135,22,35,0.07808984615858823,0.24771698592593477,True,False,False,0.00012015862968283033,COMPLETE
150,0.4913167357444764,2025-04-19 14:36:59.159846,2025-04-19 14:37:37.610892,0 days 00:00:38.451046,0.6062343632440618,0.16802908826075347,8,0.25944453691843183,0.06951642452882459,0.056089703123817725,0.09767189646064693,0.039635557376271995,0.07714174969386094,0.059718843584633176,24,47,0.07866461942579096,0.25317170463254807,True,False,False,0.00015385521634250017,COMPLETE
151,0.5122330784797668,2025-04-19 14:37:37.669272,2025-04-19 14:38:15.017276,0 days 00:00:37.348004,0.5440795572286502,0.1835828947437672,8,0.2667037896431642,0.07949370986667886,0.03741883003307403,0.09856001673606664,0.034619141386618334,0.07238948216450133,0.034545297334406096,23,35,0.0806100439624216,0.26869166189319493,True,False,False,0.00011632524699823619,COMPLETE
152,0.5176544904708863,2025-04-19 14:38:15.065913,2025-04-19 14:38:51.224156,0 days 00:00:36.158243,0.5513587895964474,0.18656394694497108,8,0.25135397107082147,0.07905130123301465,0.03735399159663019,0.09889620553953272,0.03428308206430202,0.07254572803579197,0.032055656057336734,22,35,0.07506457687631031,0.2782942281887947,True,False,False,0.00012370074154856233,COMPLETE
153,0.5051216244697572,2025-04-19 14:38:51.273360,2025-04-19 14:39:28.636876,0 days 00:00:37.363516,0.6337632866855505,0.17366498011257325,8,0.24380608012761074,0.07957942856904902,0.034864948479776184,0.09352930616206234,0.034088522456680044,0.0721329503242798,0.03192997816690297,23,39,0.07503640773058998,0.2605022370422451,True,False,False,7.845314400982201e-05,COMPLETE
154,0.4905829131603241,2025-04-19 14:39:28.688179,2025-04-19 14:40:05.057050,0 days 00:00:36.368871,0.5282500836482406,0.2164019792719116,8,0.25397783525959766,0.07800768384426102,0.03829760132570402,0.09946031046919131,0.042032069927073305,0.07476801975413258,0.0824714073324642,22,31,0.08101884135212288,0.2807501877231154,True,False,False,0.00013205330075346,COMPLETE
155,0.50693359375,2025-04-19 14:40:05.107051,2025-04-19 14:40:42.397137,0 days 00:00:37.290086,0.5791452252314656,0.31867921756939965,8,0.2654045965074416,0.059698941682851114,0.03773039350584877,0.09890672217226196,0.03269425142675809,0.07024449398123818,0.05801386329215202,23,36,0.07739624444596142,0.28625990713798155,True,False,False,8.689715849551427e-05,COMPLETE
156,0.514397406578064,2025-04-19 14:40:42.448505,2025-04-19 14:41:19.124174,0 days 00:00:36.675669,0.48057540682067856,0.1868882002061949,8,0.2458506343874366,0.08497151911620772,0.0339195664881173,0.09974643595286879,0.03746682906276216,0.07199945774541028,0.026597302871404972,22,43,0.0787315169317275,0.27326293765748755,True,False,False,0.00017308394627077935,COMPLETE
157,0.5026222348213196,2025-04-19 14:41:19.174346,2025-04-19 14:41:56.142941,0 days 00:00:36.968595,0.4786997208819852,0.2409476948526163,8,0.24658933291765014,0.08505461587290032,0.03370288220610272,0.09966193953654094,0.03672826722177515,0.0724810867014013,0.025883952116394177,22,44,0.08194990332733314,0.26705781546634366,True,False,False,0.0003823264090654335,COMPLETE
158,0.18926523923873903,2025-04-19 14:41:56.192621,2025-04-19 14:42:28.185027,0 days 00:00:31.992406,0.54633073387098,0.2020072672060223,8,0.23413807490768404,0.09036143373288326,0.03620469850708091,0.09478862823302917,0.039619634923689445,0.07671071456943157,0.028949818590528933,20,55,0.0736017951392049,0.27597405585320123,True,False,True,0.00017088989812021237,COMPLETE
159,0.3394093453884125,2025-04-19 14:42:28.235845,2025-04-19 14:42:54.799295,0 days 00:00:26.563450,0.543135944296268,0.18418099934653678,16,0.25145141177441804,0.09698692031531628,0.04000571626717607,0.09713249346019999,0.03815494697108966,0.012174082745315645,0.06982357744628867,21,40,0.07013865330829464,0.2942441121118029,False,False,False,0.00025919519445727357,COMPLETE
160,0.39395428299903873,2025-04-19 14:42:54.851286,2025-04-19 14:43:38.337843,0 days 00:00:43.486557,0.6194396478857549,0.15106943750029497,8,0.2376347667964427,0.08457017592836374,0.05740063233421131,0.09107102921911328,0.04197716287844955,0.07430746286085847,0.03431052994619612,22,146,0.08391017718995626,0.2826726267648857,True,False,False,0.00013315548315158459,COMPLETE
161,0.5155585408210754,2025-04-19 14:43:38.389722,2025-04-19 14:44:16.963241,0 days 00:00:38.573519,0.4421169828359711,0.2547649553434566,8,0.25890391654546396,0.07417608944786594,0.026872756472510834,0.09267231446380517,0.03418353820091716,0.0692084953195226,0.04872024967328833,25,34,0.07925627086363508,0.26302840497463614,True,False,False,9.22771861537285e-05,COMPLETE
162,0.4979584336280823,2025-04-19 14:44:17.024733,2025-04-19 14:44:55.193336,0 days 00:00:38.168603,0.5096454410908308,0.25753307892680766,8,0.25733646724590076,0.07559913198231187,0.02641881203639102,0.08996768055659257,0.03407150895031116,0.07037805913456048,0.047128574303809186,24,42,0.07980747368505642,0.26419100368135534,True,False,False,0.0001147597762787818,COMPLETE
163,0.5056811809539795,2025-04-19 14:44:55.246481,2025-04-19 14:45:32.030886,0 days 00:00:36.784405,0.4353148333736389,0.22236939781901166,8,0.2459467346964677,0.07176311325484956,0.03005202953966777,0.036264279929402524,0.03689209017270777,0.0688981097162412,0.03659523715953559,23,30,0.07494731084959035,0.2734810352705051,True,False,False,0.0001866352028103649,COMPLETE
164,0.5268405079841614,2025-04-19 14:45:32.084836,2025-04-19 14:46:11.144267,0 days 00:00:39.059431,0.48874397340348785,0.24405797014977007,8,0.26285377549570227,0.08014133906869526,0.03192659611347741,0.09291356554357097,0.032098517185947396,0.07202965552650739,0.06471052277766676,25,37,0.0763703315160521,0.2554301062061176,True,False,False,9.304188558778253e-05,COMPLETE
165,0.4812580347061158,2025-04-19 14:46:11.197102,2025-04-19 14:46:50.281610,0 days 00:00:39.084508,0.4843430867630852,0.2855646953829913,8,0.22938745303318442,0.17469538473692103,0.032567596381860325,0.09285470452117181,0.03194384914222193,0.07544449962120271,0.06928235076779635,25,48,0.07617127145548525,0.24704624783096024,True,False,False,7.518963377553843e-05,COMPLETE
166,0.25190961360931396,2025-04-19 14:46:50.335033,2025-04-19 14:47:24.869080,0 days 00:00:34.534047,0.38844959190708805,0.23425062634017746,8,0.2604765115215648,0.06222875854701853,0.031107651564810684,0.08605859708992612,0.04414230246853453,0.07765096993411244,0.08297214598096753,25,38,0.07167599408562575,0.25270864915452085,True,True,False,9.671373518483019e-05,COMPLETE
167,0.49933068752288823,2025-04-19 14:47:24.922635,2025-04-19 14:48:04.931434,0 days 00:00:40.008799,0.44995513893621875,0.30802897187464423,8,0.23936824996535422,0.0872549406471347,0.027425577972498994,0.08874013366314981,0.03133743010479691,0.06756400985811378,0.09950375336674971,26,32,0.07859264370012008,0.2576661707668484,True,False,False,0.00014950853466568712,COMPLETE
168,0.5218494296073914,2025-04-19 14:48:04.984859,2025-04-19 14:48:44.089861,0 days 00:00:39.105002,0.47670674406029656,0.25823227785485137,8,0.26318954018418056,0.06484204201278125,0.03478791494207076,0.09159272627400405,0.04033706877762525,0.071108474648447,0.05558317499999947,25,45,0.08465609741928005,0.2432299909233159,True,False,False,5.9240722987507314e-05,COMPLETE
169,0.5070048570632935,2025-04-19 14:48:44.143512,2025-04-19 14:49:22.812307,0 days 00:00:38.668795,0.46816261493938427,0.2648977925944372,8,0.2534169986447726,0.06873842567522873,0.03466530440923638,0.09171816885249465,0.03838422163925898,0.06918069946302632,0.04715640257558771,24,51,0.08457148653770326,0.24173074146530207,True,False,False,6.261929662760122e-05,COMPLETE
