number,value,datetime_start,datetime_complete,duration,params_alpha-eval,params_alpha-train,params_batch-size,params_eps-eval,params_eps-train,params_lambda-actions-eval,params_lambda-actions-train,params_lambda-frames-eval,params_lambda-frames-train,params_learning-rate,params_n-epochs,params_n-frames,params_radius-gw,params_rho,params_std-feats,params_ub-actions,params_ub-frames,params_weight-decay,state
283,0.40585411190986637,2025-04-23 10:43:05.826614,2025-04-23 10:43:12.700608,0 days 00:00:06.873994,0.570095446958823,0.35899066047454326,16,0.17195342065519054,0.12877865971916513,0.08604944043275,0.01628899175852947,0.0939087999762257,0.05372155582969203,7.011652118464118e-05,7,127,0.03637062457389098,0.16105775168104203,True,False,False,1.4926756732403562e-05,COMPLETE
284,0.4943561434745789,2025-04-23 10:43:12.798595,2025-04-23 10:43:19.612529,0 days 00:00:06.813934,0.5447179130233091,0.32627314461280055,16,0.1898016422873566,0.13819398035585287,0.09398545799311837,0.013251000534178941,0.09041043789756789,0.056516971563594864,1.6139459369350734e-05,6,134,0.03255962573806419,0.170354101126688,True,False,False,4.566503127477083e-06,COMPLETE
285,0.4695601284503937,2025-04-23 10:43:19.701461,2025-04-23 10:43:26.412918,0 days 00:00:06.711457,0.48265639964561446,0.28021572229086067,16,0.1645399693961827,0.1433753114302652,0.08434025073059029,0.021599302311882212,0.09557126249696232,0.05200493356441174,4.523030922239782e-05,5,138,0.03827005370330483,0.1794273189313648,True,False,False,2.0605006598321882e-06,COMPLETE
286,0.49060862064361577,2025-04-23 10:43:26.502474,2025-04-23 10:43:33.286027,0 days 00:00:06.783553,0.44190151788491044,0.3617831669237256,16,0.17606591682393918,0.15953527893996672,0.08869761682505219,0.025840624441149193,0.04407379960198474,0.05020379311937817,2.2061165667904638e-05,6,130,0.02923448213082992,0.1636827521428803,True,False,False,2.841794743108763e-06,COMPLETE
287,0.3721589505672455,2025-04-23 10:43:33.376452,2025-04-23 10:43:40.079001,0 days 00:00:06.702549,0.5187815629906052,0.29913226551225225,16,0.1541061927397287,0.1253116397139761,0.09566137768944662,0.017855099335651072,0.09283952750712997,0.0635129994726426,0.00032748560195239724,5,140,0.02778080217353697,0.17427131162230847,True,False,False,6.025437966133261e-07,COMPLETE
288,0.2878493368625641,2025-04-23 10:43:40.179882,2025-04-23 10:43:46.741858,0 days 00:00:06.561976,0.6311262243349025,0.3391688297155643,16,0.18569616476021528,0.1324842153440105,0.09046658124182069,0.014377186916313834,0.046218624328381294,0.04401739819237124,0.00013596838552671053,7,135,0.0312571341044836,0.15822999404884885,True,False,True,1.183105506397933e-05,COMPLETE
289,0.49754697084426885,2025-04-23 10:43:46.832298,2025-04-23 10:43:53.628337,0 days 00:00:06.796039,0.45747993257138625,0.5162174822752374,16,0.16672920676521905,0.14632546798770615,0.097375345177971,0.08723034105999936,0.05086603722610693,0.053981174669064956,1.2610877965302469e-05,6,126,0.03332048625093144,0.16537692619883565,True,False,False,5.8545628791158575e-06,COMPLETE
290,0.42667308449745184,2025-04-23 10:43:53.719428,2025-04-23 10:44:04.397911,0 days 00:00:10.678483,0.4578451701434446,0.5218469888302817,2,0.16064108829558343,0.14542736823908048,0.09747619322785611,0.0881154118813593,0.04084188270410959,0.053570311129634646,1.204182315884106e-05,6,126,0.03462810517942769,0.16519119896484194,True,False,False,6.464505787928877e-06,COMPLETE
291,0.4715214371681214,2025-04-23 10:44:04.489777,2025-04-23 10:44:11.239970,0 days 00:00:06.750193,0.49994275068497857,0.38365316863619975,16,0.1482194745954821,0.1373693711336555,0.09802100434691506,0.0846804188005293,0.050341415095985866,0.051344243627579216,3.6796213769785115e-05,5,144,0.033447651172886575,0.1576224399898197,True,False,False,4.864269055778519e-06,COMPLETE
292,0.48662250041961674,2025-04-23 10:44:11.331645,2025-04-23 10:44:18.311478,0 days 00:00:06.979833,0.4769775756773152,0.3728519226077327,16,0.16749952372841284,0.1510793919932965,0.001492286214112161,0.0879031403712218,0.03718648931287993,0.04628231319778279,1.2752649857334431e-05,7,123,0.027051291584358296,0.14821969910239186,True,False,False,3.7749196839902467e-06,COMPLETE
293,0.4914369940757752,2025-04-23 10:44:18.413800,2025-04-23 10:44:25.245558,0 days 00:00:06.831758,0.45304424901618784,0.20491438676054702,16,0.16487065822510671,0.14166404392652118,0.08750767602565221,0.09148280666223178,0.09826212306328183,0.04808827291782529,1.6940801486822698e-05,6,137,0.03618765981456351,0.16456341797607651,True,False,False,5.76151352244759e-06,COMPLETE
294,0.4765141189098358,2025-04-23 10:44:25.338483,2025-04-23 10:44:31.934282,0 days 00:00:06.595799,0.43393867209385467,0.14885879440214564,16,0.15485973864484576,0.13196987260802368,0.09594231671600734,0.023776872096880564,0.043006220061791514,0.049718602877560865,1.9639120451392556e-05,5,5,0.029114535568869067,0.058153118945410434,True,False,False,1.8494903823503782e-06,COMPLETE
295,0.37143180966377265,2025-04-23 10:44:32.026915,2025-04-23 10:44:40.292103,0 days 00:00:08.265188,0.49138027789040484,0.41062193806512304,16,0.019303417674699785,0.14605040976673186,0.09349015207008124,0.019670989664440888,0.09053509792386381,0.05446580191856847,2.6423612337811273e-05,21,28,0.025340705506216345,0.08327619513932744,True,False,False,0.0002334880648726918,COMPLETE
296,0.4931605100631714,2025-04-23 10:44:40.384721,2025-04-23 10:44:47.068597,0 days 00:00:06.683876,0.5358047194195995,0.32843183335204224,16,0.17195588388519548,0.13565597011572778,0.08949478077027041,0.025411339112368644,0.09300470018919305,0.06147397228573302,1.1314387121716492e-05,5,125,0.031627628061442745,0.15467567030955498,True,False,False,8.42585508479585e-06,COMPLETE
297,0.4924511432647706,2025-04-23 10:44:47.160729,2025-04-23 10:44:54.065089,0 days 00:00:06.904360,0.46788958224585214,0.35509972290179653,16,0.16048719166884556,0.11106497656355234,0.05354098243981127,0.022009953788212203,0.09578638747461009,0.05130351757760171,1.3885282114823693e-05,7,133,0.028115283931144968,0.16887657077413212,True,False,False,9.081873997338253e-07,COMPLETE
298,0.4659826815128326,2025-04-23 10:44:54.168070,2025-04-23 10:45:00.998128,0 days 00:00:06.830058,0.5139157287434934,0.47214869157235373,16,0.16809194104547204,0.12504979676730318,0.048922243273325866,0.012140520383926668,0.04814869062415915,0.052788274938398355,1.616692107384108e-05,6,141,0.0336785198767506,0.10902533572290887,True,False,False,2.7370320567381338e-06,COMPLETE
299,0.4943517208099365,2025-04-23 10:45:01.091063,2025-04-23 10:45:07.788265,0 days 00:00:06.697202,0.4631901210844829,0.3079384559863783,16,0.17484569725424362,0.15325937878074086,0.08421593800321979,0.028178142904338916,0.028356425306432138,0.05923253603465979,2.071522500508719e-05,5,129,0.02999461379615546,0.1609177124122284,True,False,False,7.365819516824531e-07,COMPLETE
300,0.3729982674121857,2025-04-23 10:45:07.882735,2025-04-23 10:45:14.737931,0 days 00:00:06.855196,0.49369829474533966,0.2616414269133719,16,0.17915314122846732,0.1419722336621918,0.09759909633979691,0.09352291559815108,0.05559390313165584,0.05580376484043593,0.004334709423897187,6,138,0.02650548396522377,0.290123346248331,True,False,False,1.5019821000628262e-06,COMPLETE
301,0.36493883132934574,2025-04-23 10:45:14.834160,2025-04-23 10:45:22.211372,0 days 00:00:07.377212,0.4399789626077123,0.34822918420443455,8,0.16511692429028646,0.13264959237537252,0.09981866129894622,0.02041257769662075,0.09815328999232728,0.049227287839652835,1.0116669968145932e-05,7,133,0.023771708630949916,0.16110284030896968,False,False,False,1.056218930255206e-06,COMPLETE
302,0.4230217278003693,2025-04-23 10:45:22.304699,2025-04-23 10:45:28.975212,0 days 00:00:06.670513,0.4035933176616715,0.43337611494716266,16,0.15329749368856072,0.14810710724103138,0.09154771042282125,0.08697840351455054,0.018598112060540628,0.046550336606549884,1.368650501140103e-05,5,143,0.07232960103789123,0.1721009672134963,True,False,False,4.106464112835255e-06,COMPLETE
303,0.29631375670433047,2025-04-23 10:45:29.080020,2025-04-23 10:45:35.463207,0 days 00:00:06.383187,0.5312014504952216,0.1149853182958594,16,0.1704418000678169,0.12294388415663604,0.08631697741887226,0.023038890214790223,0.09975715401788877,0.004574321455452356,1.681864195090778e-05,6,136,0.02876631293870711,0.15372248125632668,True,True,False,4.7231047735136315e-07,COMPLETE
304,0.47390187978744513,2025-04-23 10:45:35.559493,2025-04-23 10:45:42.297208,0 days 00:00:06.737715,0.5101830918438778,0.39217314073253795,16,0.18272337467586863,0.13898680760851465,0.08856753559015772,0.01654963162043239,0.09179826262982534,0.05242374707104209,2.4064755306043833e-05,5,129,0.03129511266401349,0.2522046556717816,True,False,False,2.079269414445479e-06,COMPLETE
305,0.48772104978561404,2025-04-23 10:45:42.393328,2025-04-23 10:45:49.248523,0 days 00:00:06.855195,0.4811614752460222,0.33923589239749946,16,0.23504158543484538,0.1431650614176166,0.09543260006526062,0.03115219121335684,0.09427062586830694,0.05439038963241575,1.2032280181175858e-05,6,146,0.02619164668462923,0.14110346723043185,True,False,False,0.00040596163477421354,COMPLETE
306,0.4922402143478394,2025-04-23 10:45:49.344576,2025-04-23 10:45:56.394442,0 days 00:00:07.049866,0.45896071437745833,0.2965233945025771,16,0.14594245517905405,0.12898439185170033,0.09327309378107747,0.017965128517562302,0.05283771837705062,0.04416611368701442,1.473472718315142e-05,8,139,0.034734881173373214,0.17977823549257665,True,False,False,7.693846405580583e-07,COMPLETE
307,0.46053835153579714,2025-04-23 10:45:56.502544,2025-04-23 10:46:03.304793,0 days 00:00:06.802249,0.5475371979214075,0.37258946396062903,16,0.15866811633971165,0.15111172289576233,0.09072616110713763,0.09059759824972413,0.09660045572912244,0.05787360424890421,1.0052449255216654e-05,6,132,0.028079836932397424,0.2697301989098176,True,False,False,1.2859264143171572e-06,COMPLETE
308,0.4843061983585358,2025-04-23 10:46:03.401876,2025-04-23 10:46:10.138758,0 days 00:00:06.736882,0.4998926548987987,0.31870106187747843,16,0.17561080456994377,0.10194711408696844,0.0427595226612828,0.013687179283406957,0.08896915434364012,0.062455744205812055,2.9482239325324593e-05,5,120,0.039483173862168125,0.16698243147538389,True,False,False,3.368147761249799e-06,COMPLETE
309,0.3940246105194092,2025-04-23 10:46:10.235368,2025-04-23 10:46:21.471532,0 days 00:00:11.236164,0.6011217998777607,0.40245639578159154,2,0.16479116415322703,0.13561923945460205,0.09710790879927553,0.008175560873446626,0.09381579249008995,0.05002432283075659,1.8824802620300613e-05,7,135,0.030289706633906833,0.16164594607467264,True,False,False,0.00011367565581916156,COMPLETE
310,0.296560674905777,2025-04-23 10:46:21.571832,2025-04-23 10:46:27.951547,0 days 00:00:06.379715,0.013374407453884518,0.18837628830843328,16,0.1897106676639271,0.15744891146998335,0.0871607768319116,0.009609849147138234,0.09572838136372132,0.059919293462475785,1.3110070297243512e-05,5,140,0.023588501698360548,0.1503354425494962,True,False,True,6.411680189927196e-06,COMPLETE
311,0.4918358206748963,2025-04-23 10:46:28.049164,2025-04-23 10:46:34.992682,0 days 00:00:06.943518,0.4761102719348295,0.35098741950433937,16,0.2962696821189059,0.121961897357319,0.08247174238570923,0.020673165100672967,0.08973230053082107,0.0473722053215712,1.5535837662002082e-05,7,127,0.03242876032958019,0.16879569749114914,True,False,False,1.0677199551698047e-06,COMPLETE
312,0.4878585934638977,2025-04-23 10:46:35.100133,2025-04-23 10:46:41.916279,0 days 00:00:06.816146,0.4173316525656795,0.3243576523306638,16,0.1723944150998872,0.11615425252159865,0.09999752016699848,0.08199524981665053,0.09786481960031926,0.05195491333756026,1.9174100781421646e-05,6,136,0.02549756679528241,0.15505417422355502,True,False,False,2.6633717258791842e-06,COMPLETE
313,0.49537168741226195,2025-04-23 10:46:42.014657,2025-04-23 10:46:48.704159,0 days 00:00:06.689502,0.446042213679823,0.2786617096149955,16,0.18121156182718604,0.14481037357358717,0.09382828682618581,0.015549331657291105,0.09196106949919074,0.06659581831804054,2.320415769352919e-05,5,131,0.02781802261949348,0.1761032662242962,True,False,False,1.6261630294507033e-06,COMPLETE
314,0.3979709565639496,2025-04-23 10:46:48.802966,2025-04-23 10:46:55.517207,0 days 00:00:06.714241,0.4396617766597801,0.2673506303082174,16,0.18474376163080528,0.1398890174674734,0.09291399949956708,0.08564220170518376,0.08701981507935716,0.06669917004335046,0.001101100661957781,5,125,0.02182481099950482,0.18478303578944666,True,False,False,1.6730109794370275e-06,COMPLETE
315,0.4999646306037903,2025-04-23 10:46:55.616230,2025-04-23 10:47:02.295403,0 days 00:00:06.679173,0.45793049165810906,0.2436969151780131,16,0.18080569167996793,0.13069720870989945,0.09061075552455652,0.01921424652582761,0.0918643172406433,0.06831412142182722,2.425759316835987e-05,5,129,0.02998520310838404,0.17667475421466905,True,False,False,1.2497407084495021e-06,COMPLETE
316,0.49270818233489994,2025-04-23 10:47:02.404518,2025-04-23 10:47:09.099579,0 days 00:00:06.695061,0.4294457273242232,0.2665501247722221,16,0.1914697211309623,0.2065389415744405,0.08505457234049757,0.018789364238251005,0.09065457344675243,0.07039908371261838,3.600081778496099e-05,5,122,0.029752982352323716,0.19257063394773954,True,False,False,1.3702592406457902e-06,COMPLETE
317,0.4874133467674256,2025-04-23 10:47:09.199342,2025-04-23 10:47:15.926657,0 days 00:00:06.727315,0.4485710202895305,0.2505199528307509,16,0.17958927459914542,0.14840261359690096,0.08945794271583439,0.022262052966590264,0.09139778371499788,0.06778990221048817,2.9515933340298648e-05,5,128,0.027162803545216933,0.18515303529786892,True,False,False,9.512750579593762e-07,COMPLETE
318,0.4977622151374817,2025-04-23 10:47:16.027497,2025-04-23 10:47:22.767675,0 days 00:00:06.740178,0.3906392475605913,0.23663547242642147,16,0.18544741040866483,0.1283634438410123,0.09461007959091931,0.024401920532391815,0.08615119767856809,0.06834520600931931,2.431558661396414e-05,5,143,0.024834294372367047,0.1762131812295096,True,False,False,6.136061991662836e-07,COMPLETE
319,0.4943845987319947,2025-04-23 10:47:22.867777,2025-04-23 10:47:29.609017,0 days 00:00:06.741240,0.46811736325256514,0.17549695525878528,16,0.18739100714079757,0.12717199969082124,0.045947464454929705,0.026125147963589695,0.08821752355851227,0.0736002442015788,2.957992948635592e-05,5,145,0.024873157591932628,0.17906531141137513,True,False,False,6.151522495844399e-07,COMPLETE
320,0.49854143857955935,2025-04-23 10:47:29.719807,2025-04-23 10:47:36.438989,0 days 00:00:06.719182,0.39199404689007034,0.2892329949776932,16,0.17826525079278427,0.11850967979613226,0.08918535753250956,0.024430073582204805,0.08527521722156681,0.009932620986004816,2.3776423622868105e-05,5,143,0.019422409983833728,0.1754905593919653,True,False,False,4.0193771571116117e-07,COMPLETE
321,0.4966005086898804,2025-04-23 10:47:36.542220,2025-04-23 10:47:43.297836,0 days 00:00:06.755616,0.3852923189761082,0.24995070354591511,16,0.19526260922744781,0.11204915398364623,0.08870549956911726,0.02541716970147115,0.08528274225768442,0.06880036375212464,2.5450317301941305e-05,5,148,0.017648030238321958,0.18090275049745502,True,False,False,3.886232906773701e-07,COMPLETE
322,0.36432290673255924,2025-04-23 10:47:43.398944,2025-04-23 10:47:50.007907,0 days 00:00:06.608963,0.380148775802279,0.24056188585963964,16,0.19562022952183067,0.10793540223323152,0.08806671468943163,0.025919061650794543,0.08413170272849309,0.07264132776257376,2.640404404469706e-05,5,142,0.019223682438558057,0.18138713158089473,False,False,False,3.53210992193807e-07,COMPLETE
323,0.29631375670433047,2025-04-23 10:47:50.108253,2025-04-23 10:47:56.375392,0 days 00:00:06.267139,0.3428479599258848,0.23118994949214944,16,0.19089974578070074,0.11626891680653738,0.08676265032702138,0.02491573863306349,0.08578522938521946,0.0012510264471456613,3.1420946950164327e-05,5,149,0.016648682853216266,0.17535907014264016,True,True,False,4.5164285340002604e-07,COMPLETE
324,0.4621711313724518,2025-04-23 10:47:56.476456,2025-04-23 10:48:03.587592,0 days 00:00:07.111136,0.39461860011990096,0.28403029361086296,8,0.21012202627616333,0.09695093539712486,0.09007562333709464,0.02355670402848359,0.08561156344142132,0.0700919307805373,3.596230214591684e-05,5,148,0.01933391041980151,0.19108822028406988,True,False,False,4.0852146284677753e-07,COMPLETE
325,0.4316949367523194,2025-04-23 10:48:03.698654,2025-04-23 10:48:12.006433,0 days 00:00:08.307779,0.42271109923036543,0.24936041573816714,16,0.20126155144710678,0.11349432647099618,0.08892875356627161,0.026454160257568454,0.08289511274098088,0.0690006601246225,2.5759728179563355e-05,19,147,0.020305589171483562,0.18348278873251744,True,False,False,3.2845597266355223e-07,COMPLETE
326,0.47268412709236146,2025-04-23 10:48:12.108014,2025-04-23 10:48:18.848754,0 days 00:00:06.740740,0.38908519531587976,0.2266857271568783,16,0.19504766526845885,0.10589048196441704,0.08459565673378214,0.029987697055266632,0.08846109165130597,0.011586214649349294,4.811314185785974e-05,5,150,0.0175396479193256,0.17314089603487126,True,False,False,5.947347509065714e-07,COMPLETE
327,0.49927107095718387,2025-04-23 10:48:18.950458,2025-04-23 10:48:25.658337,0 days 00:00:06.707879,0.375178765644109,0.20724144368642414,16,0.1842811159102262,0.12365039797409845,0.09154808277750776,0.02866049362540496,0.032656586075111835,0.068628238617625,2.4417086079905916e-05,5,146,0.014547826068088533,0.17661660157602527,True,False,False,4.901291185922686e-07,COMPLETE
328,0.29510412216186527,2025-04-23 10:48:25.762724,2025-04-23 10:48:32.141319,0 days 00:00:06.378595,0.37252502178593583,0.2503178931004988,16,0.18684433439531714,0.12137142564960486,0.09085375085501605,0.028347220619100735,0.026452941010712,0.008324157376407765,4.024357930362138e-05,5,146,0.01371460477308068,0.18855356684698954,True,False,True,4.897289498976e-07,COMPLETE
329,0.49395265579223635,2025-04-23 10:48:32.253502,2025-04-23 10:48:38.983581,0 days 00:00:06.730079,0.34975502715394113,0.21030717831931928,16,0.18398519933186902,0.10963810193401757,0.086321513326465,0.027903659970225245,0.08713212683839856,0.0673702153473838,2.5509952205607795e-05,5,145,0.024113673365131427,0.18204338122838795,True,False,False,3.629891633745528e-07,COMPLETE
330,0.49219708442687987,2025-04-23 10:48:39.086951,2025-04-23 10:48:45.809934,0 days 00:00:06.722983,0.3235975252627098,0.20623003630559644,16,0.19085316479919676,0.12145396306346395,0.08893566441563604,0.023576932100199448,0.050657368286696695,0.005881883214720025,2.2339905488388497e-05,5,144,0.021910118362152824,0.1775218560020013,True,False,False,5.569110677773425e-07,COMPLETE
331,0.48907514810562136,2025-04-23 10:48:45.913330,2025-04-23 10:48:52.611674,0 days 00:00:06.698344,0.38162591527972817,0.22307557170067863,16,0.1812237276581941,0.11341271964307055,0.09119807879870127,0.024712069764185492,0.029125166962338044,0.07565651828705981,2.98880447461444e-05,5,147,0.01031567209271603,0.17390347994469985,True,False,False,7.17025057152683e-07,COMPLETE
332,0.4698388874530793,2025-04-23 10:48:52.715471,2025-04-23 10:48:59.400794,0 days 00:00:06.685323,0.4194035126193605,0.2895573537558762,16,0.2007317859456614,0.11797368324167998,0.08771275033082143,0.021787500606174185,0.03600866193788689,0.04910628506561394,2.3188659661749862e-05,5,144,0.015665389344460552,0.2785722214019923,True,False,False,4.315543573017822e-07,COMPLETE
333,0.3823700904846192,2025-04-23 10:48:59.515212,2025-04-23 10:49:10.169382,0 days 00:00:10.654170,0.4159258206035503,0.26300106179592037,2,0.18576090571539927,0.12855470614688702,0.09225761513183528,0.029463209163859715,0.031182940666887198,0.07029785488952288,3.371841814392955e-05,6,149,0.019304426569582613,0.18831790763521752,True,False,False,6.734200070063606e-07,COMPLETE
334,0.4944115519523621,2025-04-23 10:49:10.273504,2025-04-23 10:49:17.094216,0 days 00:00:06.820712,0.3996486733173413,0.29143534696585705,16,0.19471910879395135,0.12398229919224237,0.09001310571948706,0.02617040938701421,0.03212680380104796,0.045339846592203525,2.171973792010341e-05,6,144,0.014099329353918411,0.17795169007491446,True,False,False,8.527109888447262e-07,COMPLETE
335,0.4632341980934143,2025-04-23 10:49:17.199783,2025-04-23 10:49:23.928963,0 days 00:00:06.729180,0.3987985586761657,0.304718588705941,16,0.1782410808413609,0.1283640860339052,0.08556300348768724,0.024049745881514796,0.06074943606740808,0.06858018285780627,5.560630296691417e-05,5,141,0.011724346700646156,0.17209041345905282,True,False,False,2.9584173565287005e-07,COMPLETE
336,0.49282588958740237,2025-04-23 10:49:24.033763,2025-04-23 10:49:30.876886,0 days 00:00:06.843123,0.4823486657667543,0.26996918724158314,16,0.17874927579814498,0.12076502454413442,0.08212504793738383,0.02175642132031549,0.05803504488049804,0.07224086366507236,2.063239182315699e-05,6,142,0.012828372659337619,0.18335726039130076,True,False,False,5.245097533178153e-07,COMPLETE
337,0.49228998422622683,2025-04-23 10:49:30.993886,2025-04-23 10:49:37.706035,0 days 00:00:06.712149,0.35213694340555746,0.23279125802649098,16,0.18421888448833462,0.11196661898317964,0.08814688621519885,0.01993735387395589,0.0812082724552025,0.050715249355658215,2.6477712610215612e-05,5,146,0.018123100349316797,0.1705606310933813,True,False,False,8.223657829196398e-07,COMPLETE
338,0.4728747367858887,2025-04-23 10:49:37.812199,2025-04-23 10:49:44.554765,0 days 00:00:06.742566,0.45644197380207435,0.3088155065253667,16,0.17713065165994366,0.13210522030369842,0.09242820177008391,0.024242011722610556,0.04616407121513455,0.0719151123160241,2.0454540444866513e-05,5,138,0.022844355070152415,0.23687378339829251,True,False,False,1.1782647738084292e-06,COMPLETE
