number,value,datetime_start,datetime_complete,duration,params_alpha-eval,params_alpha-train,params_batch-size,params_eps-eval,params_eps-train,params_lambda-actions-eval,params_lambda-actions-train,params_lambda-frames-eval,params_lambda-frames-train,params_learning-rate,params_n-epochs,params_n-frames,params_radius-gw,params_rho,params_std-feats,params_ub-actions,params_ub-frames,params_weight-decay,state
845,0.4921078801155091,2025-04-23 11:51:16.064971,2025-04-23 11:51:22.755893,0 days 00:00:06.690922,0.37949841528570916,0.05441857924226977,16,0.19129499199647368,0.11044952814739091,0.09395789192601336,0.0024109601774844162,0.04667272961906532,0.06507409927911212,1.9303527913094012e-05,5,126,0.03224972990932359,0.17140124327136896,True,False,False,3.473307627396292e-07,COMPLETE
846,0.4070870935916901,2025-04-23 11:51:23.020288,2025-04-23 11:51:33.020099,0 days 00:00:09.999811,0.8607592605485742,0.060013531737206804,2,0.14443309227647075,0.08979395128204004,0.09090656800528121,0.033845641112576395,0.04790016786737893,0.0677499976434034,2.7966421950616364e-05,5,139,0.0232912573021343,0.18716508471515497,True,False,False,8.232267376854142e-07,COMPLETE
847,0.2971401810646057,2025-04-23 11:51:33.298227,2025-04-23 11:51:39.672876,0 days 00:00:06.374649,0.3684045115591354,0.0957644943512774,16,0.13242108643878803,0.10404243414296209,0.08384084423229067,0.02183218208687089,0.05383053345708755,0.06407606449360649,3.32414854232918e-05,5,144,0.028810863882940546,0.15898767735653677,True,False,True,1.2332059233105325e-06,COMPLETE
848,0.49679304361343385,2025-04-23 11:51:39.951305,2025-04-23 11:51:46.682643,0 days 00:00:06.731338,0.8369679126344924,0.04018477304742213,16,0.14164781872282933,0.16946494529109468,0.09277871134677951,0.02056796854434751,0.05492933241834168,0.06800992388770503,1.950033821480637e-05,5,135,0.010874591313566155,0.14717189059738345,True,False,False,2.512596889498822e-07,COMPLETE
849,0.4947243094444275,2025-04-23 11:51:46.948833,2025-04-23 11:51:53.732564,0 days 00:00:06.783731,0.3537515115996447,0.28228753219724984,16,0.14819153161070747,0.07835671296343975,0.07984266047700664,0.028566352159212383,0.052291530314742804,0.06966127996964457,2.4109231071113797e-05,5,138,0.019681414983614507,0.17965414897393153,True,False,False,5.726803547329064e-07,COMPLETE
850,0.46976159811019896,2025-04-23 11:51:54.009216,2025-04-23 11:52:00.827587,0 days 00:00:06.818371,0.4052454407968812,0.2473838894777361,16,0.13650492684858387,0.105079520114206,0.08989592862115664,0.018648094327532887,0.05737196933563525,0.06273694049128828,4.2224692427274746e-05,5,121,0.03682988282841832,0.1672623188222276,True,False,False,3.921120544014259e-06,COMPLETE
851,0.4709557354450226,2025-04-23 11:52:01.106724,2025-04-23 11:52:07.995946,0 days 00:00:06.889222,0.7278218966074808,0.823425539622753,16,0.1321094543558766,0.12127832967185041,0.09997194785006507,0.08734897816373813,0.05399229535057889,0.06726112460660308,1.830951911615726e-05,6,129,0.015071445512282107,0.2693875369810343,True,False,False,7.780644638706996e-07,COMPLETE
852,0.48561384677886965,2025-04-23 11:52:08.262168,2025-04-23 11:52:14.955648,0 days 00:00:06.693480,0.8449205221436518,0.29344093834856727,16,0.16923640046417893,0.1589853059610014,0.09496907167568347,0.06986371219999955,0.05623232810210898,0.06925343500395978,2.9169915541371053e-05,5,97,0.026024681359342543,0.23007346431576509,True,False,False,1.1848604991388211e-06,COMPLETE
853,0.4899742484092713,2025-04-23 11:52:15.235748,2025-04-23 11:52:22.138040,0 days 00:00:06.902292,0.3883205025765349,0.04935747235706323,16,0.17533034654410534,0.09342529817718473,0.08605121397644666,0.02122220950668951,0.04864379926566344,0.06503612870394952,2.1202755322807624e-05,6,143,0.03403285337735648,0.15403197599987525,True,False,False,1.2790862955360748e-08,COMPLETE
854,0.36877363324165346,2025-04-23 11:52:22.415135,2025-04-23 11:52:29.160638,0 days 00:00:06.745503,0.8782582404240062,0.08946802678007457,16,0.12880839884446937,0.11918593693081976,0.04793956754688216,0.024708552051389884,0.050621175529438026,0.0321315385874621,0.05785268561238727,5,132,0.03178111162064255,0.16224184203628317,True,False,False,4.344469822570017e-07,COMPLETE
855,0.49604120254516604,2025-04-23 11:52:29.447900,2025-04-23 11:52:36.256468,0 days 00:00:06.808568,0.8944680355909236,0.07120443177604464,16,0.19940614756396233,0.08725849068323921,0.09131280448164958,0.07888538152004647,0.059702734749363294,0.060925005415478205,1.6048603674209914e-05,5,145,0.02768521377277732,0.17376114803481046,True,False,False,4.855738493395544e-06,COMPLETE
856,0.49549933671951296,2025-04-23 11:52:36.523801,2025-04-23 11:52:43.416551,0 days 00:00:06.892750,0.4254828094230106,0.2562198771971357,16,0.12659708520318774,0.1022851694068928,0.09655661226599349,0.038784164338323546,0.04745835214397,0.07054261015950247,1.757539749298541e-05,6,140,0.01720936890863728,0.16823111664964235,True,False,False,6.914384221618361e-07,COMPLETE
857,0.4920848727226258,2025-04-23 11:52:43.698530,2025-04-23 11:52:50.487782,0 days 00:00:06.789252,0.44202824548344943,0.5404478497868149,16,0.23643531630284667,0.1638438281298571,0.08851494921065718,0.02298852556933867,0.054470360498736596,0.008977514904315498,2.0231222705732314e-05,6,82,0.029599369913778446,0.1805754284788125,True,False,False,1.4384404814621012e-06,COMPLETE
858,0.3926584362983704,2025-04-23 11:52:50.769334,2025-04-23 11:53:00.033644,0 days 00:00:09.264310,0.40991907031852615,0.7987497745349819,16,0.18654237859675676,0.12667004552442718,0.09437458138504827,0.032514807530494856,0.062495141902871726,0.004335502100754934,2.4795106435960488e-05,28,136,0.024524241497997902,0.1609176362322869,True,False,False,3.6250279297010096e-06,COMPLETE
859,0.4606253564357758,2025-04-23 11:53:00.302309,2025-04-23 11:53:07.042488,0 days 00:00:06.740179,0.9128679499508566,0.31056954872137893,16,0.13431756559062966,0.1518162615760866,0.09250808838274542,0.07522670494249048,0.049257713549932504,0.06548241581713388,1.5828056334677535e-05,5,147,0.021296344520596117,0.2767499217638133,True,False,False,9.079356631891803e-07,COMPLETE
860,0.3899669528007507,2025-04-23 11:53:07.323998,2025-04-23 11:53:14.376733,0 days 00:00:07.052735,0.6826015243097944,0.2787543858482341,8,0.1789099924589975,0.15504844685224925,0.09830444644234076,0.08872237015513298,0.05167896097211057,0.05684573537638901,0.0013221126619200987,5,134,0.030593838906119143,0.15184152257874822,False,False,False,5.195474168886103e-07,COMPLETE
861,0.29631375670433047,2025-04-23 11:53:14.660846,2025-04-23 11:53:21.057340,0 days 00:00:06.396494,0.4670546191977227,0.010602073207950834,16,0.17137966410344802,0.10713837243012744,0.09059713719194251,0.01813267290236652,0.0581037430597764,0.058423750620960065,0.0008733043321295212,6,102,0.02670174585624345,0.14459897241739697,True,True,False,2.621190263533215e-06,COMPLETE
862,0.490913999080658,2025-04-23 11:53:21.325900,2025-04-23 11:53:28.164608,0 days 00:00:06.838708,0.44005929048488857,0.22964409540122566,16,0.12500153579326084,0.14773697255851206,0.09571128905178088,0.07174641815870406,0.05029515484298481,0.012934432851701885,2.3143885810625238e-05,6,141,0.03327811834224869,0.17354218881903177,True,False,False,3.8940763845318327e-07,COMPLETE
863,0.4723073780536652,2025-04-23 11:53:28.445321,2025-04-23 11:53:35.332210,0 days 00:00:06.886889,0.8061528941646003,0.2977108669669376,16,0.22065481662883732,0.2754893949972028,0.09350385323802025,0.09744407809230543,0.06391441717151757,0.01780232537565294,1.5420338718895906e-05,7,61,0.03561847001919729,0.19002244263827148,True,False,False,6.597901317837023e-06,COMPLETE
864,0.4379593431949616,2025-04-23 11:53:35.613875,2025-04-23 11:53:42.924877,0 days 00:00:07.311002,0.38743706525374505,0.03937674200352139,16,0.1823382539787551,0.1286406337820753,0.0888646192465392,0.09192755492835261,0.089683547357207,0.05489230892685379,0.007811296866516767,10,138,0.028598235155650117,0.16446485617871826,True,False,False,6.35606822005214e-07,COMPLETE
865,0.4093850016593933,2025-04-23 11:53:43.211017,2025-04-23 11:53:49.954307,0 days 00:00:06.743290,0.4795969519024543,0.2515232040266477,16,0.18942305570787604,0.1165741876108468,0.09727830576356039,0.029295667832167187,0.06684068886802352,0.057718452522797656,3.613947544093902e-05,5,127,0.023015308122044432,0.07961731020289661,True,False,False,1.444652616776362e-06,COMPLETE
866,0.30077103376388553,2025-04-23 11:53:50.223846,2025-04-23 11:53:56.498630,0 days 00:00:06.274784,0.7086510441000674,0.8531321921127372,16,0.16609152578726205,0.16657474005148024,0.09170179438057595,0.001452283748651851,0.08686828780308543,0.06674746119349101,1.816973684309572e-05,5,23,0.02508398475776313,0.15420352330371934,True,False,True,6.699392760806999e-05,COMPLETE
867,0.4928284525871277,2025-04-23 11:53:56.783097,2025-04-23 11:54:03.654049,0 days 00:00:06.870952,0.4563937291493089,0.27863191302214674,16,0.15251246301395516,0.17792479096903083,0.01655112083333679,0.019889058171848568,0.08752334391410363,0.060849160869916874,1.3914072806691861e-05,6,144,0.03205770584901415,0.16855373744569124,True,False,False,9.789062553380458e-07,COMPLETE
868,0.4013875186443329,2025-04-23 11:54:03.934932,2025-04-23 11:54:12.239281,0 days 00:00:08.304349,0.4141921143045165,0.06654096099003434,16,0.1729587658591779,0.13262746130324643,0.08657085302228602,0.021901401559970154,0.052358480814868005,0.035958064454028354,2.9949479332905345e-05,19,131,0.03803740411007217,0.157542327172952,True,False,False,4.605666482185175e-06,COMPLETE
869,0.3574685752391816,2025-04-23 11:54:12.507796,2025-04-23 11:54:19.259565,0 days 00:00:06.751769,0.3367923802281732,0.878346203315532,16,0.17871580089476802,0.12267875995942408,0.08174294418122628,0.025565251826457056,0.09133360124236548,0.05569279249733391,0.0035176258910271244,5,139,0.03072911378346082,0.18435634568291973,True,False,False,2.1312278721749736e-06,COMPLETE
870,0.3398198425769806,2025-04-23 11:54:19.544113,2025-04-23 11:54:30.819854,0 days 00:00:11.275741,0.4937063197490836,0.3151500183131774,2,0.195806563694085,0.11162312103440544,0.09502344047814913,0.08541615322750913,0.059804737036179195,0.027719102179705433,0.00010034171989606945,7,142,0.026989277793118514,0.17586348257235046,True,False,False,6.079950899908228e-06,COMPLETE
871,0.37797282338142396,2025-04-23 11:54:31.104094,2025-04-23 11:54:37.954347,0 days 00:00:06.850253,0.3579578874378786,0.2910534904344365,16,0.16426509966393432,0.14843861116206028,0.041377578386878874,0.06859531887960088,0.08916186906761922,0.05352259834735652,0.004908559927411932,6,147,0.02892958522949871,0.16277100948670478,True,False,False,3.2031810980081446e-06,COMPLETE
872,0.49313809871673586,2025-04-23 11:54:38.241167,2025-04-23 11:54:44.945476,0 days 00:00:06.704309,0.42968578588141065,0.6651583206568696,16,0.18451819648755025,0.1604199858774501,0.09291568144645489,0.08987256699324292,0.08591541678222515,0.06336910983532405,1.966691694868815e-05,5,135,0.02140201269802173,0.16994735416263193,True,False,False,1.1837944336716383e-06,COMPLETE
873,0.49284751415252687,2025-04-23 11:54:45.218447,2025-04-23 11:54:51.985695,0 days 00:00:06.767248,0.4668043819683135,0.40136499323235214,16,0.1720059370862152,0.09799242603080041,0.09029673455542879,0.08224924594494808,0.055502916412404055,0.07064387545171633,1.375059929823043e-05,5,145,0.019020324322877546,0.14790026323127511,True,False,False,8.006022886476093e-07,COMPLETE
874,0.4871907353401184,2025-04-23 11:54:52.270582,2025-04-23 11:54:59.257721,0 days 00:00:06.987139,0.4771752092446732,0.9448579054444808,16,0.2035247801120768,0.1415778122212744,0.0880701839438618,0.018964082108129075,0.09344352035112857,0.020146298932486026,1.6305006603101547e-05,7,137,0.03352514862933708,0.155984141681371,True,False,False,5.781592403622067e-07,COMPLETE
875,0.4712792277336121,2025-04-23 11:54:59.545607,2025-04-23 11:55:06.382889,0 days 00:00:06.837282,0.38783247866350895,0.25727568088354635,16,0.1896320068532174,0.12321114815226122,0.0976810387930372,0.023403189172159024,0.043709768882759306,0.06751977574671726,2.4479721900318173e-05,6,133,0.024875114267297,0.13978289620817075,True,False,False,4.202162304477551e-06,COMPLETE
876,0.4899239897727966,2025-04-23 11:55:06.671384,2025-04-23 11:55:13.520212,0 days 00:00:06.848828,0.950694266172412,0.03145211862115696,16,0.17730932006595485,0.13349162396292374,0.050957577067056746,0.07053389029861244,0.09005100583670789,0.05905281839955096,1.3088187918955786e-05,6,142,0.031376973445393794,0.17760050915740078,True,False,False,1.737385754128607e-06,COMPLETE
877,0.49597265720367434,2025-04-23 11:55:13.793090,2025-04-23 11:55:20.545973,0 days 00:00:06.752883,0.4460178057361758,0.1067982297498897,16,0.18369430975310796,0.15480219694428232,0.045501712525903966,0.02690060822435643,0.04955096917531834,0.014651495874313162,1.90481852758076e-05,5,125,0.013499028834600598,0.16371460861967602,True,False,False,3.106824988056129e-07,COMPLETE
878,0.4633119881153107,2025-04-23 11:55:20.832372,2025-04-23 11:55:27.504174,0 days 00:00:06.671802,0.49858358199306224,0.22957766791269835,16,0.11908306354782162,0.1455810257682348,0.08502995381589051,0.021522875283028188,0.08434597465972292,0.05690729447673555,1.620614375249513e-05,5,65,0.027411792032333595,0.24399878920686782,True,False,False,9.6509300765655e-07,COMPLETE
879,0.36890659928321845,2025-04-23 11:55:27.793717,2025-04-23 11:55:34.579544,0 days 00:00:06.785827,0.4129287331676092,0.3306233851093591,16,0.14913699226352134,0.10902470980593332,0.09499759159684,0.01725291869006884,0.09225801064789006,0.043168457702690025,1.1714037623769753e-05,6,150,0.0347663886288347,0.25212288902814206,False,False,False,1.837873253166126e-07,COMPLETE
880,0.29631375670433047,2025-04-23 11:55:34.852124,2025-04-23 11:55:41.473056,0 days 00:00:06.620932,0.6557893614576891,0.07316087247646454,16,0.1654942156418052,0.11561252921661842,0.09215998808121426,0.08794625160862421,0.08805033503697662,0.05268586875581392,2.1573639914171672e-05,8,129,0.030344677059969273,0.17153120739251557,True,True,False,4.6779966162129537e-07,COMPLETE
881,0.45993041992187506,2025-04-23 11:55:41.760981,2025-04-23 11:55:48.483812,0 days 00:00:06.722831,0.7450900328144936,0.31031265978495765,16,0.1702194602804909,0.26899790406953955,0.08958632081046224,0.025683530359085247,0.07014660963822131,0.05459098280242716,4.6776934951307354e-05,5,139,0.026064669795757712,0.1594441771736129,True,False,False,3.326921667750728e-08,COMPLETE
882,0.4702959358692169,2025-04-23 11:55:48.773611,2025-04-23 11:55:56.231943,0 days 00:00:07.458332,0.45808663907699537,0.8243929894858011,8,0.17853802177883651,0.2995843084308894,0.09997056055959272,0.02007726916255976,0.0936162415877346,0.055451695676582674,1.3985001190600443e-05,7,143,0.02267491259400858,0.1504631410601371,True,False,False,8.705847667659454e-08,COMPLETE
883,0.4931691765785217,2025-04-23 11:55:56.525484,2025-04-23 11:56:03.275328,0 days 00:00:06.749844,0.4302568724593283,0.36743478690892617,16,0.15563727690156037,0.13776663665631342,0.09354165196161385,0.07346620585284735,0.09125439274495642,0.06863697235266221,3.0434465231629554e-05,5,134,0.016826327454954344,0.18358810456213315,True,False,False,6.690420265998462e-07,COMPLETE
884,0.4958720803260804,2025-04-23 11:56:03.552869,2025-04-23 11:56:10.423986,0 days 00:00:06.871117,0.3701841521737494,0.24634429163472593,16,0.19207295002771338,0.1288830018062582,0.09642106742739563,0.030539168028178836,0.08880612652948783,0.05225628038849329,1.7220027260993092e-05,6,147,0.032131828654785914,0.16693224420903172,True,False,False,7.041109490917577e-06,COMPLETE
885,0.29513187408447267,2025-04-23 11:56:10.714936,2025-04-23 11:56:17.345612,0 days 00:00:06.630676,0.4812192431619472,0.27178523316934483,16,0.2097173082551194,0.17188086233192176,0.09127909957392268,0.07751714373720729,0.06113563604387588,0.0564613783950457,1.1676007211272325e-05,7,137,0.02890893823660727,0.17554116337999914,True,False,True,1.7917613543895785e-05,COMPLETE
886,0.48580276966094976,2025-04-23 11:56:17.635604,2025-04-23 11:56:24.324354,0 days 00:00:06.688750,0.5087612523096652,0.2965608186566749,16,0.2722532037663999,0.16089624212490858,0.05915386936560316,0.023446835774051003,0.05343414182096239,0.05943221835706917,2.6106891918732847e-05,5,140,0.03619675985576317,0.1581087339709885,True,False,False,5.594613116822711e-06,COMPLETE
887,0.4937025666236878,2025-04-23 11:56:24.603382,2025-04-23 11:56:31.435546,0 days 00:00:06.832164,0.40643740401689377,0.3257530852735594,16,0.16167825409240394,0.11968366111192699,0.07638257709436382,0.09378967830655945,0.09541830199903323,0.06455948736194439,1.4282872526067955e-05,6,120,0.02397128966140105,0.16507252567977163,True,False,False,1.218944542779779e-07,COMPLETE
888,0.4875531852245331,2025-04-23 11:56:31.721977,2025-04-23 11:56:38.509999,0 days 00:00:06.788022,0.441825464803977,0.3871020738981508,16,0.1733500504999495,0.14994221326240373,0.04314063164411528,0.042745339453191214,0.08550695497004256,0.06181744748566582,2.2185485341919058e-05,5,131,0.020326400568865605,0.19760994891419087,True,False,False,1.414884435118203e-06,COMPLETE
889,0.42243410944938664,2025-04-23 11:56:38.799177,2025-04-23 11:56:45.537410,0 days 00:00:06.738233,0.473954736564514,0.35561665067560067,16,0.14362468009126553,0.21936571834312846,0.08776395954991456,0.08442276068315191,0.09375011045246733,0.05098425694745185,1.0198042507686173e-05,6,8,0.02848202693756876,0.17138934756263613,True,False,False,2.898741348911198e-06,COMPLETE
890,0.43066278100013733,2025-04-23 11:56:45.830068,2025-04-23 11:56:56.617567,0 days 00:00:10.787499,0.8029706490261344,0.26481288733051433,2,0.18412163329036024,0.10481635988109805,0.05445982559048793,0.016711049103764294,0.066084922863181,0.07113088207714308,1.0054942888563058e-05,6,144,0.03370111936371903,0.1536572018348072,True,False,False,1.174270274320075e-06,COMPLETE
891,0.4866930484771729,2025-04-23 11:56:56.898048,2025-04-23 11:57:03.880232,0 days 00:00:06.982184,0.4961663991879118,0.08832518244619118,16,0.25510784786973123,0.1555983309589449,0.09459890232951199,0.021589893886148057,0.0914414235778763,0.023770138164204507,1.8070482707657003e-05,8,78,0.029866241014870898,0.16136561643564346,True,False,False,8.047852138274716e-07,COMPLETE
892,0.4889455616474152,2025-04-23 11:57:04.168704,2025-04-23 11:57:10.893489,0 days 00:00:06.724785,0.3888263846031075,0.23470753069099926,16,0.16755855921744606,0.13578151348341877,0.09820662034370636,0.06955876443910473,0.08980754257611792,0.0535496577685661,1.5082143749481164e-05,5,141,0.026430720265711482,0.17954764152624947,True,False,False,7.991622661014058e-06,COMPLETE
893,0.4232268631458283,2025-04-23 11:57:11.188327,2025-04-23 11:57:17.951215,0 days 00:00:06.762888,0.45843878477071964,0.04440146869651018,16,0.19627115556705893,0.12705443598026128,0.09243949190207397,0.028050874924323337,0.08361280348532331,0.05746802026965191,6.675075157762886e-05,5,136,0.03193602242008214,0.1469235010478127,True,False,False,0.0001592250886002964,COMPLETE
894,0.49403568506240847,2025-04-23 11:57:18.244353,2025-04-23 11:57:25.226057,0 days 00:00:06.981704,0.42355673412559647,0.5196385633785746,16,0.17656434046850392,0.14314920045024562,0.0902064682504578,0.09014017159752387,0.0875560574175123,0.04001486506008757,1.2154369451226181e-05,7,146,0.018321420712197237,0.1691088279613463,True,False,False,3.642269135272723e-06,COMPLETE
895,0.48596174716949464,2025-04-23 11:57:25.504289,2025-04-23 11:57:32.404546,0 days 00:00:06.900257,0.7644524539374411,0.3409442898024818,16,0.18513040029085595,0.1483125017346435,0.09616461872659848,0.08642780110743377,0.09517785237720526,0.055362327175801106,2.0367831265109196e-05,6,148,0.039571229337753956,0.1579267205606363,True,False,False,4.167386514580877e-07,COMPLETE
896,0.4979318976402283,2025-04-23 11:57:32.696325,2025-04-23 11:57:39.550567,0 days 00:00:06.854242,0.8228373691055112,0.06488996000459986,16,0.18081004784937016,0.16558264574659062,0.09375241257657063,0.018838807473531696,0.06807405601998807,0.04877286021134177,1.6210259672135725e-05,6,127,0.027268808987496087,0.17509986402338246,True,False,False,2.0441884402523403e-06,COMPLETE
897,0.47111348509788514,2025-04-23 11:57:39.845489,2025-04-23 11:57:47.583041,0 days 00:00:07.737552,0.8324445108860522,0.05925158574974042,16,0.1717545713845613,0.17946290272371968,0.0931335579898108,0.018747532898749582,0.06371752221260017,0.04671144964215364,2.5334200166949586e-05,14,121,0.02432048776497018,0.18920912058064604,True,False,False,1.8841754254844912e-06,COMPLETE
898,0.36462876200675964,2025-04-23 11:57:47.877362,2025-04-23 11:57:54.559812,0 days 00:00:06.682450,0.809900145510774,0.9049060026424244,16,0.16548597429527706,0.1687009278858224,0.091140182459795,0.016927901550734523,0.06776443443629113,0.04512345995534921,1.973216822489413e-05,5,125,0.025735127967088375,0.18040771974582004,False,False,False,2.1601617507173073e-06,COMPLETE
899,0.29631375670433047,2025-04-23 11:57:54.837990,2025-04-23 11:58:01.244913,0 days 00:00:06.406923,0.8429964819494415,0.10738084419480201,16,0.17830038778792517,0.17132038557135518,0.08883767284873567,0.020177511683668135,0.033766153062571705,0.0478757340057405,1.734055870229473e-05,6,123,0.02209964315832332,0.18112825140109468,True,True,False,2.0417576776152523e-06,COMPLETE
900,0.4306604385375977,2025-04-23 11:58:01.535153,2025-04-23 11:58:08.289437,0 days 00:00:06.754284,0.774312559448316,0.08857224045897727,16,0.15598755357956884,0.18376869413685232,0.09295776689815217,0.017904554899905598,0.06488421901153993,0.04865564488529218,2.3098543351706674e-05,5,127,0.006868950935011884,0.1922125059548905,True,False,False,1.612872743002884e-06,COMPLETE
