number,value,datetime_start,datetime_complete,duration,params_alpha-eval,params_alpha-train,params_batch-size,params_eps-eval,params_eps-train,params_lambda-actions-eval,params_lambda-actions-train,params_lambda-frames-eval,params_lambda-frames-train,params_learning-rate,params_n-epochs,params_n-frames,params_radius-gw,params_rho,params_std-feats,params_ub-actions,params_ub-frames,params_weight-decay,state
840,0.29631375670433047,2025-04-04 00:42:05.305715,2025-04-04 00:42:17.341800,0 days 00:00:12.036085,0.08848374115627894,0.1374393757418996,2,0.0003423452531047507,0.2677252364017765,0.02427273358279557,0.07996677211601338,0.07222858456421485,0.07588474485981256,0.00022107747265852682,9,150,0.03816741746486991,0.001746389363467462,True,False,False,5.475810959311908e-06,COMPLETE
841,0.4937275886535645,2025-04-04 00:42:17.616826,2025-04-04 00:42:29.664244,0 days 00:00:12.047418,0.07762413449011737,0.07012423715284827,2,0.01032761056445262,0.2693874957175866,0.01921378066939302,0.0826841029812627,0.07076640153587835,0.07754018988150241,0.00033145793009938885,9,150,0.04427585220446929,0.025968857871586013,True,False,False,9.062061354142638e-06,COMPLETE
842,0.374894791841507,2025-04-04 00:42:29.940449,2025-04-04 00:42:42.471246,0 days 00:00:12.530797,0.13931578472891612,0.1164900362317722,2,0.0070841903426435955,0.28031926623243614,0.022066474690263294,0.07681868067749222,0.06773469411844184,0.07143132994567689,0.00043503074122099847,10,147,0.04126676039027267,0.015110362497566955,False,False,False,7.057842544874886e-06,COMPLETE
843,0.5545823216438294,2025-04-04 00:42:42.731523,2025-04-04 00:42:55.544472,0 days 00:00:12.812949,0.10859769679913006,0.18024835208086298,2,0.011113793982764773,0.2765237883950212,0.02558082799660498,0.07842646034681251,0.07242284897454623,0.07531949504657591,0.00022592149706056173,10,148,0.038359942711964204,0.03503498224635244,True,False,False,4.853060169457593e-06,COMPLETE
844,0.5536010622978211,2025-04-04 00:42:55.822399,2025-04-04 00:43:08.460209,0 days 00:00:12.637810,0.15872833575946324,0.14219338814098534,2,0.006279131679664037,0.26636177793187793,0.01828212704482865,0.08034241876968161,0.00532510006948915,0.07798070775274435,0.0002912171905970698,10,146,0.03988011676917971,0.023826504467289327,True,False,False,9.356436180603119e-06,COMPLETE
845,0.5554884076118469,2025-04-04 00:43:08.741926,2025-04-04 00:43:20.296555,0 days 00:00:11.554629,0.12423347164518739,0.16056455226888922,2,0.011912927509965887,0.26438671029528615,0.020100928169721637,0.07623749199948605,0.07055250994306773,0.07666860178097362,0.0002134448755426765,8,150,0.037566421303643155,0.031211239817356063,True,False,False,7.149481905110405e-06,COMPLETE
846,0.29631375670433047,2025-04-04 00:43:20.560414,2025-04-04 00:43:33.859533,0 days 00:00:13.299119,0.07445443021064688,0.0957824481172385,2,0.00044530057315516226,0.27394103640681333,0.017128085209412846,0.07251272634107259,0.07354322265980646,0.07397798639430674,0.00019003511752350774,11,147,0.039495386995511556,0.01834479153466764,True,False,False,9.496745912731679e-06,COMPLETE
847,0.5516331553459168,2025-04-04 00:43:34.134684,2025-04-04 00:43:41.433450,0 days 00:00:07.298766,0.09943240532191695,0.16087719520959182,8,0.00583349390940631,0.11774476591873506,0.020545750605862285,0.0742074860698066,0.0497352666055916,0.07780530686589265,0.0002975746437071261,9,146,0.037165814081025164,0.01078972664465527,True,False,False,6.149128115700219e-06,COMPLETE
848,0.5550748467445374,2025-04-04 00:43:41.707717,2025-04-04 00:43:53.186785,0 days 00:00:11.479068,0.13313773386210132,0.17119245690997692,2,0.012544600122975908,0.2647156793508659,0.016795980618376692,0.07800296162565924,0.06552897597546344,0.07772088892463243,0.00019063892442536915,8,150,0.037335891735718496,0.019727550917328175,True,False,False,8.193003960988595e-06,COMPLETE
849,0.3476933121681214,2025-04-04 00:43:53.450049,2025-04-04 00:44:06.270820,0 days 00:00:12.820771,0.16532801908352313,0.1447409294371899,2,0.012347029622067355,0.2808677551027693,0.01853009872111878,0.08317998914254371,0.07226802760938138,0.0726415316300197,0.00025632949331204846,10,147,0.08373245601805851,0.013251640273020197,True,False,False,1.1020958662973196e-05,COMPLETE
850,0.5529659628868103,2025-04-04 00:44:06.547467,2025-04-04 00:44:18.608027,0 days 00:00:12.060560,0.07474407584460357,0.17359577833789175,2,0.005723751293921116,0.08368555896296848,0.02297127809931966,0.07954653432470937,0.06937120562267439,0.07904761542330747,0.00017873039012969812,9,146,0.04143045270548622,0.03398048698133846,True,False,False,5.914612316825544e-06,COMPLETE
851,0.28629156947135925,2025-04-04 00:44:18.885653,2025-04-04 00:44:30.801316,0 days 00:00:11.915663,0.1174887386059416,0.03972112197772604,2,0.00023828795392116624,0.0633482301323606,0.01630409578177051,0.08544725334180577,0.07409254085854518,0.07532514265352079,0.00016481000590788002,11,146,0.04576249319085819,0.027958652456394565,True,True,False,4.911887458478216e-06,COMPLETE
852,0.5558291554450989,2025-04-04 00:44:31.066907,2025-04-04 00:44:43.092458,0 days 00:00:12.025551,0.06631401022310479,0.08642010622062078,2,0.012372151846049643,0.2629698231592038,0.01956335121846372,0.08202548644614653,0.06705283951744202,0.07894229045715886,0.00022246133869053408,9,150,0.03693185432343553,0.025199982622873606,True,False,False,8.552513752579231e-06,COMPLETE
853,0.5230081915855408,2025-04-04 00:44:43.372450,2025-04-04 00:44:49.824193,0 days 00:00:06.451743,0.14220476952116576,0.20364412542728458,16,0.00841523238014246,0.26805126451524225,0.015416220683604976,0.0752976572490536,0.07169468932947454,0.07684136008375123,0.00016902455959387069,7,145,0.039988666830489246,0.006860235864351982,True,False,False,1.114264412890122e-05,COMPLETE
854,0.3525581657886505,2025-04-04 00:44:50.102530,2025-04-04 00:45:01.563075,0 days 00:00:11.460545,0.10118390559962562,0.11726432534826498,2,0.015051109982038659,0.27136323672331025,0.028539783674503404,0.07781918274491055,0.07441393650252008,0.07948194666256048,0.0002051799579089181,10,150,0.03824191746505894,0.04083495639197409,True,False,True,7.24431568702705e-06,COMPLETE
855,0.5606611609458924,2025-04-04 00:45:01.843208,2025-04-04 00:45:15.259247,0 days 00:00:13.416039,0.09441495052470912,0.13905815403996202,2,0.00701085874266063,0.2794595132824646,0.02128538036034732,0.08078565583984448,0.06476502557144923,0.0508660602771808,0.0002702121936973677,11,145,0.036265006392102006,0.038431549786680945,True,False,False,9.518412251947185e-06,COMPLETE
856,0.5324780464172363,2025-04-04 00:45:15.525257,2025-04-04 00:45:28.943009,0 days 00:00:13.417752,0.09442604179308144,0.14515210071847395,2,0.00568625809239511,0.2782665261240885,0.025394782506517673,0.08023795866726138,0.06348404713466568,0.042058028210139764,0.0002547620914016936,11,147,0.04699020165786702,0.03882412602478864,True,False,False,6.218020081995017e-06,COMPLETE
857,0.44569215774536136,2025-04-04 00:45:29.220075,2025-04-04 00:45:42.489592,0 days 00:00:13.269517,0.12183884190483607,0.11626462882291021,2,0.004888497826666876,0.27259521570486184,0.02132438765165814,0.08314389419058778,0.06565606319885883,0.07444666670881715,0.00034122874447459775,11,145,0.05024265250087282,0.04805622560805149,True,False,False,4.674632992485051e-06,COMPLETE
858,0.5492633700370789,2025-04-04 00:45:42.769924,2025-04-04 00:45:55.509789,0 days 00:00:12.739865,0.09072338477820437,0.1272367764564667,2,0.011623495607080321,0.2831307077735612,0.023703667370598893,0.08131346924136408,0.0673590383564447,0.033201447289314776,0.00030054812810742255,10,147,0.04241122170662488,0.03584058463719984,True,False,False,9.080150995710731e-06,COMPLETE
859,0.5528839945793153,2025-04-04 00:45:55.779860,2025-04-04 00:46:09.134376,0 days 00:00:13.354516,0.06672316848327331,0.1729063839957451,2,0.004882580677628829,0.27483740615802593,0.02697634434149571,0.0790869803163218,0.0652066927595034,0.07663620375856872,0.0005104989258722887,11,150,0.03696538247985609,0.040505440166537204,True,False,False,7.22473561033887e-06,COMPLETE
860,0.29631375670433047,2025-04-04 00:46:09.412485,2025-04-04 00:46:22.630566,0 days 00:00:13.218081,0.11315581342547357,0.15208032874301855,2,0.00018413800330078361,0.26985070865797617,0.022115233797199596,0.0763628626458414,0.06819347235458187,0.05078697660761293,0.00031158042511455054,11,145,0.03783190738750122,0.025302594629868617,False,False,False,9.966151729093225e-06,COMPLETE
861,0.5512087941169739,2025-04-04 00:46:22.916347,2025-04-04 00:46:36.343757,0 days 00:00:13.427410,0.0696530075273055,0.10500322453764525,2,0.009666759539931237,0.2855791886771532,0.02347256034311483,0.08645768567835593,0.06363057461462963,0.07780331965900393,0.0002642946725893155,11,147,0.03946047234363373,0.031948090707827545,True,False,False,7.744041872248594e-06,COMPLETE
862,0.5482942938804627,2025-04-04 00:46:36.612397,2025-04-04 00:46:49.190880,0 days 00:00:12.578483,0.14786897788789813,0.18251591289757219,2,0.007240801556950132,0.28110514713436424,0.017458630930088297,0.08097002405423007,0.06424097315318439,0.07387860497677738,0.0003848407314726612,10,145,0.039096878898839296,0.019236331439884978,True,False,False,3.396022020532257e-08,COMPLETE
863,0.558129072189331,2025-04-04 00:46:49.469081,2025-04-04 00:47:02.133644,0 days 00:00:12.664563,0.0944344823538455,0.14044080677975818,2,0.013163980257721553,0.2766033431137894,0.020223194165176716,0.07437959531140234,0.06973865082244017,0.07183970675741176,0.00023532562802710335,10,150,0.036859437703992776,0.031624434850681754,True,False,False,5.743399362507103e-06,COMPLETE
864,0.29631375670433047,2025-04-04 00:47:02.413511,2025-04-04 00:47:15.063130,0 days 00:00:12.649619,0.09297507144009659,0.14751078711359505,2,0.00024831284931802877,0.28630036760801625,0.015262607294780958,0.07306273673504632,0.06940448169855207,0.059555889355009564,0.0002427513579028474,10,148,0.04146183553128771,0.03062496483613454,True,False,False,4.600786567794126e-06,COMPLETE
865,0.5568437695503234,2025-04-04 00:47:15.349762,2025-04-04 00:47:27.394741,0 days 00:00:12.044979,0.11210016042522411,0.1525078201213227,2,0.012509205236065725,0.2792609092484848,0.017517472296191113,0.06969242892727161,0.06778274531505511,0.06403615374674232,0.0003048715909512349,9,150,0.0365343422605311,0.037112084994516105,True,False,False,5.094726295441682e-06,COMPLETE
866,0.5542014598846435,2025-04-04 00:47:27.664629,2025-04-04 00:47:40.444832,0 days 00:00:12.780203,0.07933740343880924,0.1291558810675274,2,0.0058686408004452635,0.2765134674473998,0.019948154540092067,0.07553218586716169,0.06579532055017386,0.07081227291258531,0.00026674116866418974,10,150,0.039492580705488126,0.04814273528801828,True,False,False,5.91118744509596e-06,COMPLETE
867,0.5529511332511903,2025-04-04 00:47:40.726756,2025-04-04 00:47:53.296624,0 days 00:00:12.569868,0.1056442974084415,0.0848590269488918,2,0.013400917551687177,0.28006590782307056,0.015271398388256651,0.07083612051586174,0.06872863659036064,0.06677243764487473,0.00021361597160933862,10,150,0.03668727460128487,0.03154704546698195,True,False,False,4.4590754660291955e-06,COMPLETE
868,0.3953285813331604,2025-04-04 00:47:53.579874,2025-04-04 00:48:06.717208,0 days 00:00:13.137334,0.1281699472404014,0.12377306864564985,2,0.00610961202957736,0.2908993605473027,0.0177117573038043,0.07457942094853126,0.06706731691127714,0.05550276158070623,0.0002335241210509229,11,30,0.03747454026795843,0.042916054221113706,True,False,False,6.446401270073149e-06,COMPLETE
869,0.5501962661743165,2025-04-04 00:48:06.988325,2025-04-04 00:48:20.358920,0 days 00:00:13.370595,0.06267281004893993,0.19195502619064597,2,0.014584244257251116,0.28192591661124944,0.03501469426875052,0.07791275998345501,0.0691874994152598,0.0716656039912074,0.00035558335361152345,11,147,0.043554536824014334,0.026003993412134885,True,False,False,6.255660782756823e-06,COMPLETE
870,0.5568696975708008,2025-04-04 00:48:20.642099,2025-04-04 00:48:28.207498,0 days 00:00:07.565399,0.13727172805344084,0.16306062133694427,8,0.007755910084840307,0.2741586023882204,0.014263903990964876,0.07375675349480548,0.07049151358929867,0.0691731670835299,0.00021511071008392506,10,150,0.03569378897200322,0.02055653402424186,True,False,False,7.501065360342085e-06,COMPLETE
871,0.29631375670433047,2025-04-04 00:48:28.489923,2025-04-04 00:48:40.491466,0 days 00:00:12.001543,0.08553458613026349,0.11167174311745671,2,0.0005222153006273159,0.28507985884684284,0.01919788365177189,0.07702529851715686,0.06675927812414796,0.06872074495978227,0.00027777786429633187,9,147,0.03914820604173178,0.039063755368969756,True,False,False,8.836394359137915e-06,COMPLETE
872,0.5396127104759216,2025-04-04 00:48:40.777614,2025-04-04 00:48:54.035265,0 days 00:00:13.257651,0.11343838992210559,0.1009956422584454,2,0.013905540904773294,0.27345720197535495,0.016667939109477104,0.08374494835322442,0.06409723663275063,0.07565417702234956,0.000458403380230405,11,145,0.040954123510651856,0.03267934568561347,True,False,False,5.329661279678064e-06,COMPLETE
873,0.3445802927017212,2025-04-04 00:48:54.303930,2025-04-04 00:49:06.341228,0 days 00:00:12.037298,0.09509451551394874,0.052705225686452375,2,0.00028653777608519254,0.2670557781280528,0.01436206961721512,0.07864726369306052,0.07099298798061202,0.06672755909960164,0.00020533595995174118,11,150,0.03550929040650727,0.016379884922487174,True,True,False,4.562429029798263e-06,COMPLETE
874,0.5529978752136231,2025-04-04 00:49:06.624867,2025-04-04 00:49:18.050236,0 days 00:00:11.425369,0.16915383439460724,0.13626025526177557,2,0.008902953742682577,0.26581757951180396,0.02057916431042839,0.0810619273026401,0.07234409263300812,0.04762797080564511,0.00017418958210019107,8,146,0.03828617691786922,0.024523423096024725,True,False,False,7.181231613764307e-06,COMPLETE
875,0.36807849407196047,2025-04-04 00:49:18.334954,2025-04-04 00:49:29.890941,0 days 00:00:11.555987,0.15064749578063422,0.1657537803749692,2,0.013197158887192147,0.2752457470495421,0.017939681520287718,0.07237011416744654,0.07495720099564941,0.05296217236235147,0.00023786346752730335,10,147,0.03565496048664962,0.02946988641913577,True,False,True,2.0512798111287666e-07,COMPLETE
876,0.5366394281387329,2025-04-04 00:49:30.176224,2025-04-04 00:49:37.061790,0 days 00:00:06.885566,0.06110765317057886,0.1867450371508045,16,0.0067999913798235554,0.28045061520269027,0.017064679314434353,0.07936724735833174,0.06872780533024715,0.08001165139981592,0.00019641489407171302,11,145,0.03589966656018329,0.014293146850776522,True,False,False,5.840134818603388e-06,COMPLETE
877,0.5520840167999268,2025-04-04 00:49:37.330484,2025-04-04 00:49:50.700171,0 days 00:00:13.369687,0.11854767652901596,0.14407245170114788,2,0.015333207596057974,0.2730437404026567,0.019388646583311537,0.07681000436306408,0.07746004670187857,0.02566907567437471,0.00017146956494265117,11,150,0.040945352218577154,0.03647206139162404,True,False,False,9.28766176236083e-06,COMPLETE
878,0.5453342318534851,2025-04-04 00:49:50.987764,2025-04-04 00:50:03.600395,0 days 00:00:12.612631,0.08488809690768029,0.11381888245264035,2,0.008750516358519487,0.26786773011466886,0.015362955794176394,0.08283341619605354,0.07117257558028885,0.07105927323644905,0.0005837574299393036,10,145,0.0385466741084582,0.04625040101191076,True,False,False,8.078801452426844e-06,COMPLETE
879,0.3761273384094238,2025-04-04 00:50:03.886796,2025-04-04 00:50:17.655859,0 days 00:00:13.769063,0.14119197498984123,0.13472977668563155,2,0.006186559167124203,0.28909298068735745,0.013483234680930486,0.08490367909908574,0.07326885339128843,0.07555635635593086,0.0003165512625534833,12,147,0.036956704957454296,0.05204034349511639,False,False,False,1.0656185193021003e-05,COMPLETE
880,0.5317934274673463,2025-04-04 00:50:17.929963,2025-04-04 00:50:29.870768,0 days 00:00:11.940805,0.1865108141592711,0.17396086258879126,2,0.013890219912461444,0.2758175647747378,0.021008314539542904,0.06834258427213319,0.06546694079523324,0.04452037808614858,0.0002516556954532942,9,94,0.035737425574478475,0.021435756078314567,True,False,False,5.986385475347395e-06,COMPLETE
881,0.554323923587799,2025-04-04 00:50:30.153880,2025-04-04 00:50:43.436574,0 days 00:00:13.282694,0.10531508345569707,0.08805459591740392,2,0.00547861789871632,0.1343920312754494,0.016351072538227446,0.07403371854032384,0.07657088782745798,0.07948798755173991,0.0001918599907640922,11,150,0.0395453879448658,0.025832895263084882,True,False,False,7.597592315907683e-06,COMPLETE
882,0.5513823509216309,2025-04-04 00:50:43.723865,2025-04-04 00:50:56.458122,0 days 00:00:12.734257,0.1256631870021164,0.12341086832240519,2,0.01435268174842553,0.12552392498390635,0.018507900354847905,0.08778730094179804,0.06955803507231828,0.07255756467450951,0.0001664149309442174,10,144,0.037702211049132885,0.009852897684121925,True,False,False,4.475348995731413e-06,COMPLETE
883,0.47906385660171513,2025-04-04 00:50:56.744232,2025-04-04 00:51:10.506329,0 days 00:00:13.762097,0.06550090424063407,0.1468921934261729,2,0.009648758430113667,0.2631181210138575,0.01494043003017172,0.08026946145607883,0.07291348473084215,0.06288267453131649,0.00021511435572682986,12,85,0.03500577141925395,0.04007564042954368,True,False,False,1.068677319015948e-05,COMPLETE
884,0.5265769124031068,2025-04-04 00:51:10.779327,2025-04-04 00:51:24.847353,0 days 00:00:14.068026,0.08939363555277174,0.23178034652579965,2,0.10544838272313334,0.27144027394890563,0.019502385200625506,0.07643301603727731,0.07533957765844296,0.07350877007819409,0.00015736233070750717,12,147,0.04837499335403384,0.020466988654624835,True,False,False,9.366717055196744e-06,COMPLETE
885,0.555390465259552,2025-04-04 00:51:25.133631,2025-04-04 00:51:38.376177,0 days 00:00:13.242546,0.16789958078091285,0.16417516021517442,2,0.004942000518910488,0.28048075621458807,0.02144841211662643,0.08204825249688069,0.07816233215002863,0.08016628259640506,0.0002847853994791213,11,144,0.042497593032466585,0.0333833611102706,True,False,False,1.237942420299556e-05,COMPLETE
886,0.5593141913414001,2025-04-04 00:51:38.665926,2025-04-04 00:51:50.768658,0 days 00:00:12.102732,0.13813449834892372,0.21168017555637908,2,0.015197503278674232,0.2616877982105335,0.013418639218559975,0.07846088969520748,0.06675045902087103,0.04910575969654041,0.00019281143312282743,9,150,0.035256351723373144,0.014333664094347328,True,False,False,6.0441556130112294e-06,COMPLETE
887,0.5548474073410035,2025-04-04 00:51:51.045153,2025-04-04 00:52:02.529684,0 days 00:00:11.484531,0.15123891278962281,0.21167859513402693,2,0.014475543848113366,0.2603426404067623,0.011418495096869114,0.07769219803352038,0.06278597849128528,0.030415394910799975,0.0002432006008844217,8,150,0.04020393781048945,0.01611279983453605,True,False,False,5.3502784773564365e-06,COMPLETE
888,0.5561896443367005,2025-04-04 00:52:02.815390,2025-04-04 00:52:14.873109,0 days 00:00:12.057719,0.1367080149060787,0.1951020173247807,2,0.009618063372992284,0.2631030816047835,0.012642301238428976,0.07978515711580313,0.06519418561514595,0.0607335327342229,0.00020362412367408292,9,150,0.03706676783196772,0.011503223740869609,True,False,False,4.313965953396512e-06,COMPLETE
889,0.5570247769355774,2025-04-04 00:52:15.160734,2025-04-04 00:52:25.928887,0 days 00:00:10.768153,0.1255236058428511,0.19898441029839814,2,0.015569441336080504,0.268635483970959,0.013376458020505208,0.07617956700716665,0.06737508571172776,0.05175946066850047,0.00020026043120171394,7,147,0.0355800446304588,0.005642233879197779,True,False,False,6.172628227322837e-06,COMPLETE
890,0.29631375670433047,2025-04-04 00:52:26.221847,2025-04-04 00:52:36.998893,0 days 00:00:10.777046,0.1579724535629079,0.1394948038866809,2,0.004353277309787216,0.265524388464755,0.013148534042896575,0.07941864395050209,0.06716478218496469,0.048333320703512456,0.0003470501777396608,9,150,0.038140103260389815,0.01996858847933792,True,True,False,6.7577590240680815e-06,COMPLETE
891,0.5593999028205872,2025-04-04 00:52:37.275961,2025-04-04 00:52:49.427666,0 days 00:00:12.151705,0.18310473128901425,0.16773807162688073,2,0.015196205811670752,0.2605014599106586,0.01467076069821572,0.07804476117994562,0.06556713980197527,0.03987112292246542,0.0002695912161745089,9,147,0.03546575977975782,0.006394253674441169,True,False,False,0.00014366060780743217,COMPLETE
892,0.5503501415252685,2025-04-04 00:52:49.715515,2025-04-04 00:53:02.451772,0 days 00:00:12.736257,0.19009351730725088,0.16109378410769123,2,0.011488660746985666,0.2581307625478005,0.014413451808839723,0.07749350092364361,0.06561533941338922,0.04543379170322129,0.0003869657270817122,10,148,0.03555631282514559,0.004171519638903035,True,False,False,0.00012614179428770497,COMPLETE
893,0.5544360756874085,2025-04-04 00:53:02.743775,2025-04-04 00:53:14.070320,0 days 00:00:11.326545,0.18275558071125125,0.1802993826462272,2,0.005926298209778727,0.2601986364074624,0.015104251260157466,0.07509905519154506,0.06905233494617946,0.03738614590678426,0.0002978144754165409,8,150,0.03938774525336557,0.007852418184099413,True,False,False,7.895583227334504e-05,COMPLETE
894,0.5600281238555909,2025-04-04 00:53:14.365754,2025-04-04 00:53:21.696589,0 days 00:00:07.330835,0.1571644795726685,0.15343880027923107,8,0.009473073573307407,0.26177061361941534,0.011426951892101562,0.07855859313405264,0.06386590124286305,0.03603218144758454,0.00044541077565114046,9,147,0.03633942806149715,0.011432200849048597,True,False,False,9.158455025936307e-05,COMPLETE
895,0.3724984467029572,2025-04-04 00:53:21.971849,2025-04-04 00:53:28.880704,0 days 00:00:06.908855,0.16282251654738888,0.18023631356057773,8,0.0009638418726385023,0.26136970030619694,0.010643634724953221,0.07897191326038762,0.06651950164016272,0.041702901896427634,0.0006421277237237458,9,147,0.03486818106527433,0.0010960917786579302,True,False,True,0.00014599581029193162,COMPLETE
