number,value,datetime_start,datetime_complete,duration,params_alpha-eval,params_alpha-train,params_batch-size,params_eps-eval,params_eps-train,params_lambda-actions-eval,params_lambda-actions-train,params_lambda-frames-eval,params_lambda-frames-train,params_learning-rate,params_n-epochs,params_n-frames,params_radius-gw,params_rho,params_std-feats,params_ub-actions,params_ub-frames,params_weight-decay,state
1736,0.3952071189880371,2025-04-04 02:35:21.121627,2025-04-04 02:35:27.995158,0 days 00:00:06.873531,0.026107652042044065,0.17756009990041705,8,0.0075178034349508436,0.2800215247512275,0.06194316345549057,0.08698807108991663,0.059164000768467395,0.03825910538739698,0.0005367930803237101,7,147,0.030664411621574194,0.01734827351618273,False,False,False,0.0003464269421045389,COMPLETE
1737,0.46581355929374696,2025-04-04 02:35:28.564319,2025-04-04 02:35:35.043315,0 days 00:00:06.478996,0.010325695498468842,0.09902329063868028,16,0.009941929721755512,0.28465038780365415,0.06373573841155564,0.08487218483689052,0.058375090286490426,0.035471335689653744,0.0012247818052769704,7,148,0.05390109582456612,0.0010208235811747098,True,False,False,0.00026750657965875696,COMPLETE
1738,0.5568757653236389,2025-04-04 02:35:35.617829,2025-04-04 02:35:42.725489,0 days 00:00:07.107660,0.12011148688803638,0.9337299407913854,8,0.005231438354770042,0.2892553255533505,0.06175624887921243,0.08786874316789137,0.06122204308341353,0.03279485908289202,0.0006406775194961028,8,150,0.03325496015809089,0.010811318657485497,True,False,False,0.0004721586871587902,COMPLETE
1739,0.5494405150413514,2025-04-04 02:35:43.276051,2025-04-04 02:35:50.321178,0 days 00:00:07.045127,0.08376810957653223,0.18160777966159902,8,0.01012444381750164,0.27297269940433333,0.059629115634298124,0.08266994178096168,0.0630739396917187,0.03924774061482337,0.0010131132135232997,7,145,0.034148468940084914,0.006515011856142155,True,False,False,0.0001782417118046222,COMPLETE
1740,0.5579045295715332,2025-04-04 02:35:50.893612,2025-04-04 02:35:57.945850,0 days 00:00:07.052238,0.05954045578269617,0.1946169351692143,8,0.005509307349977653,0.2849564244363065,0.0679449807549551,0.08728556273840836,0.05815959798205623,0.03696589459794131,0.0003829879882275441,7,147,0.032287948126156624,0.015685858742481525,True,False,False,0.00010676793773373242,COMPLETE
1741,0.29631375670433047,2025-04-04 02:35:58.501363,2025-04-04 02:36:05.388907,0 days 00:00:06.887544,0.041768305089493606,0.11883572027959073,8,0.00017869942806610344,0.2780452558345083,0.062394692305280344,0.08465649461137767,0.05721332921722504,0.042350316017017685,0.0007584486806404318,7,150,0.051687784611574084,0.02570418009150417,True,False,False,0.00037201188986192265,COMPLETE
1742,0.5588617444038391,2025-04-04 02:36:05.965974,2025-04-04 02:36:13.144158,0 days 00:00:07.178184,0.10047369207818699,0.6458246690412115,8,0.013069386004508968,0.2911623039018666,0.027592200025283065,0.08610889607060603,0.06068207091008595,0.044740935798197004,0.0005026614882108714,8,144,0.028961758619824262,0.010904579792813868,True,False,False,0.0002138018659980648,COMPLETE
1743,0.5593999028205872,2025-04-04 02:36:13.697278,2025-04-04 02:36:20.772675,0 days 00:00:07.075397,0.0695653529300865,0.16789970270493165,8,0.010473624665185763,0.29461374600860174,0.06302421951887935,0.08774197719102494,0.05648064770862818,0.03431141973060406,0.000606741764907736,7,147,0.03352050680796181,0.020222903822319394,True,False,False,0.00027307886040486314,COMPLETE
1744,0.5549051642417908,2025-04-04 02:36:21.346092,2025-04-04 02:36:28.401013,0 days 00:00:07.054921,0.027980451271880223,0.19692524699976008,8,0.015027324557556551,0.2829624736439479,0.06568293056254901,0.08860873608410808,0.059252879044824056,0.039881533465441335,0.0008984565491136734,7,145,0.03124447737695304,0.005672028289462815,True,False,False,0.0005537677075522407,COMPLETE
1745,0.5568696975708008,2025-04-04 02:36:28.951468,2025-04-04 02:36:35.960289,0 days 00:00:07.008821,0.05707667459392805,0.15046180269925863,8,0.005461842204168954,0.2772929119621746,0.06000291144692694,0.08631996764007652,0.06285197832315129,0.03192782166813149,0.00044490687862722454,7,150,0.034589562049693524,0.015709019537177744,True,False,False,0.0007860057221446572,COMPLETE
1746,0.29631375670433047,2025-04-04 02:36:36.537486,2025-04-04 02:36:43.690949,0 days 00:00:07.153463,0.08673601972322195,0.20062485481050887,8,0.009892945895931595,0.2998946305322135,0.02327301228531053,0.0895345238163363,0.05775292042040649,0.03776110303062307,0.02956362401649108,8,142,0.034165036469394026,0.03048537132071071,True,False,False,0.0003295739545032532,COMPLETE
1747,0.5567797303199769,2025-04-04 02:36:44.246326,2025-04-04 02:36:51.221220,0 days 00:00:06.974894,0.04352685923296459,0.21200010038324762,8,0.017783484659947776,0.26738186493700805,0.07090056922283618,0.0830763264747779,0.05620280894556749,0.04062806561993848,0.0006950580537666038,7,147,0.031070524748002357,0.001029458452568053,True,False,False,0.0004363002763004395,COMPLETE
1748,0.29631375670433047,2025-04-04 02:36:51.800671,2025-04-04 02:36:58.199343,0 days 00:00:06.398672,0.06901155831328405,0.16463091247445252,8,0.005233437961085833,0.28978796659012573,0.02551649337773274,0.0876889300019265,0.0602527964725143,0.035685275141737915,0.00031207111617914863,6,148,0.03574265080009053,0.010344526174308262,True,True,False,0.00015562499044542193,COMPLETE
1749,0.29631375670433047,2025-04-04 02:36:58.753358,2025-04-04 02:37:05.530384,0 days 00:00:06.777026,0.12670422407848345,0.18598862277340866,8,0.00024892782998170004,0.28540824095656736,0.029155240857801672,0.08436985771128878,0.05576824956614574,0.04191779078859089,0.0005549417803112682,7,58,0.03333759066381096,0.02162323545651004,True,False,False,0.0002225312136779761,COMPLETE
1750,0.35761850476264956,2025-04-04 02:37:06.109964,2025-04-04 02:37:12.611160,0 days 00:00:06.501196,0.10073211679671717,0.20997989212024276,8,0.013080072246984528,0.2938765010904666,0.021608560287327817,0.08951927680448583,0.029625744359077527,0.0447589269080184,0.0008353722545628182,6,144,0.0375466319588544,0.005724175963020502,True,False,True,0.0002975163022244248,COMPLETE
1751,0.5497311711311341,2025-04-04 02:37:13.165940,2025-04-04 02:37:20.359072,0 days 00:00:07.193132,0.025866244021591694,0.12840454372525342,8,0.0201326510682118,0.27963960027743173,0.06445112603489568,0.0900242140456097,0.058310152739752055,0.04703403026779378,0.0013766639403074168,8,150,0.03517887737125197,0.01523512013883931,True,False,False,0.0005844067875994108,COMPLETE
1752,0.29631375670433047,2025-04-04 02:37:20.915198,2025-04-04 02:37:27.647787,0 days 00:00:06.732589,0.054848990607923274,0.1886675008838896,8,0.000274845643521939,0.2867524641794795,0.026629894604858054,0.0877080880435171,0.035430991233821194,0.038416854188575704,0.0006673283495103557,6,140,0.030190709976642086,0.010558045826925041,True,False,False,0.000398130288002914,COMPLETE
1753,0.50037260055542,2025-04-04 02:37:28.224199,2025-04-04 02:37:35.112669,0 days 00:00:06.888470,0.0816585136417403,0.21768369561111472,8,0.009225155319184048,0.2713013837234241,0.023485827993413533,0.0862364180182586,0.05670156984958772,0.043062668327995574,0.0004902829163525134,7,69,0.032463127117987836,0.0062025199006140175,True,False,False,0.0004589886050675652,COMPLETE
1754,0.5603498339653016,2025-04-04 02:37:35.669266,2025-04-04 02:37:42.504766,0 days 00:00:06.835500,0.04301705159096399,0.1623919256004717,8,0.014438415274324786,0.294322221316269,0.05988512369149878,0.09005430542548812,0.059284620250022776,0.033098748438901655,0.0005789961969152288,6,147,0.026317884373924023,0.02183511197665471,True,False,False,0.0002736286248364098,COMPLETE
1755,0.3726237118244171,2025-04-04 02:37:43.084182,2025-04-04 02:37:49.999446,0 days 00:00:06.915264,0.06932477850466492,0.19525805277505093,8,0.0074053253911205204,0.2882219598654289,0.03010104485794988,0.08201599665148002,0.06346376214569517,0.03421297884266711,0.001037127080729478,7,145,0.03630522661017625,0.014477670993404154,False,False,False,0.00036098524469420774,COMPLETE
1756,0.5549578666687012,2025-04-04 02:37:50.581640,2025-04-04 02:37:57.397055,0 days 00:00:06.815415,0.02668881436157742,0.22044756009060357,8,0.024136061187812433,0.28100309849995186,0.06939048263067552,0.09089531987895567,0.05431255944064721,0.03992051040808,0.0007970807128038242,6,150,0.03863211640542423,0.0061790170656839585,True,False,False,0.0007947163526013634,COMPLETE
1757,0.5595184922218324,2025-04-04 02:37:57.957300,2025-04-04 02:38:04.968580,0 days 00:00:07.011280,0.09258280707210348,0.1801522581529705,8,0.01650447735095747,0.27462863367640244,0.06278518938612584,0.0876160159493391,0.06128434842148504,0.036681958641084866,0.0003814928624247345,7,143,0.034920016437929954,0.011527860476394826,True,False,False,0.00021214163965995364,COMPLETE
1758,0.5573483347892761,2025-04-04 02:38:05.525978,2025-04-04 02:38:11.850356,0 days 00:00:06.324378,0.05192110769102698,0.20513089720202377,16,0.00637599860570779,0.29101627745460873,0.025415766314548224,0.08475315104715765,0.05589513121717382,0.04611912995019948,0.0006919010086723356,6,147,0.032681937809509405,0.0011018160597309617,True,False,False,0.0005164077444318643,COMPLETE
1759,0.5601313710212708,2025-04-04 02:38:12.425392,2025-04-04 02:38:19.629068,0 days 00:00:07.203676,0.07094385840397655,0.14035423773157096,8,0.012014930008053131,0.29521233245681255,0.06644254668245124,0.09138511052934153,0.058610387990348845,0.04183168759429544,0.00045610520547512715,8,150,0.02904060855495036,0.028050765444064027,True,False,False,0.0003118149517698991,COMPLETE
1760,0.29631375670433047,2025-04-04 02:38:20.191745,2025-04-04 02:38:27.066502,0 days 00:00:06.874757,0.1124694957597307,0.22306973415675682,8,0.00014298993771663573,0.28416893086930134,0.06071708886622442,0.08938156305076508,0.05700950746015172,0.044407570825345216,0.05845108411684708,7,142,0.03746571581069331,0.016789824748572896,True,False,False,0.00016727895275917077,COMPLETE
1761,0.5566862583160401,2025-04-04 02:38:27.646484,2025-04-04 02:38:34.471159,0 days 00:00:06.824675,0.03965814072051318,0.1619455165521168,8,0.01928834857701138,0.15125945072801178,0.028787188662888128,0.08832535111485093,0.05890184308240027,0.03852973200568818,0.00056694689962313,6,145,0.04059268917916005,0.006588823376792982,True,False,False,0.0006295153105411193,COMPLETE
1762,0.5393543720245362,2025-04-04 02:38:35.031981,2025-04-04 02:38:41.788818,0 days 00:00:06.756837,0.08806176062469279,0.19613896356752383,8,0.005415758685495768,0.27872696476359343,0.027455065447310613,0.0856883211240687,0.05522096866364393,0.04086916803955973,0.0009134113551268946,6,120,0.034242582439655854,0.02105563590761729,True,False,False,0.0002516310674061491,COMPLETE
1763,0.5587403655052186,2025-04-04 02:38:42.369965,2025-04-04 02:38:49.392235,0 days 00:00:07.022270,0.05943521576416153,0.2300303938358645,8,0.01241402304822447,0.29998783206229057,0.06412209841267999,0.06586074776758076,0.05410808507365378,0.035473523407340356,0.0007465081740208476,7,147,0.03620405803936789,0.012413327536365003,True,False,False,0.00037559756252644624,COMPLETE
1764,0.5607603549957275,2025-04-04 02:38:49.950965,2025-04-04 02:38:56.812166,0 days 00:00:06.861201,0.02481341902801406,0.17817838866623725,8,0.024154225722399936,0.2893909339201484,0.025282595138721994,0.0912010496604667,0.0609635750311504,0.03173924496480374,0.0005861824308136634,6,150,0.03152013942396351,0.00623203733996428,True,False,False,0.00043205781011941135,COMPLETE
1765,0.5575710535049438,2025-04-04 02:38:57.392435,2025-04-04 02:39:04.516020,0 days 00:00:07.123585,0.040373059037117895,0.2135778409421815,8,0.005268537889043823,0.2678421239463889,0.06735324368136024,0.0920653552146902,0.056980458248906775,0.04287783269850601,0.0004636570604966476,8,140,0.03880468658753972,0.015044676378025708,True,False,False,0.000130974012585889,COMPLETE
1766,0.29631375670433047,2025-04-04 02:39:05.082306,2025-04-04 02:39:11.621218,0 days 00:00:06.538912,0.07272689052745243,0.23793148655670168,8,0.013429720038628402,0.28414268925388037,0.03205893256426203,0.08942247236685157,0.0547322970017943,0.047758709737171806,0.0006703824777099776,7,147,0.034323644310879614,0.28483876080534076,True,True,False,0.0003130947050449055,COMPLETE
1767,0.5530008554458619,2025-04-04 02:39:12.202863,2025-04-04 02:39:19.024459,0 days 00:00:06.821596,0.10757330885549626,0.19977834226364372,8,0.019563553804578554,0.29449797081107787,0.05888929917847564,0.08615734842949396,0.05900556206991522,0.037167665137147914,0.0008466406248685127,6,144,0.03698659032876512,0.02467167921593445,True,False,False,0.00022408490038458226,COMPLETE
1768,0.561394202709198,2025-04-04 02:39:19.587082,2025-04-04 02:39:26.642733,0 days 00:00:07.055651,0.05455785321533879,0.14698089367258632,8,0.010386532944009793,0.27530210730624716,0.06253752568695395,0.08392553453138565,0.03389604064365281,0.02057792559205975,0.000549119300515866,7,147,0.03365934193410347,0.0010535851992132346,True,False,False,0.0004854994033360363,COMPLETE
1769,0.5525796413421631,2025-04-04 02:39:27.221872,2025-04-04 02:39:34.090118,0 days 00:00:06.868246,0.010965333063663128,0.22083985325314523,8,0.0068797976775757394,0.2999259335271078,0.02111594829507258,0.09257821919345552,0.05704687156574349,0.03380009846407304,0.0003396001597641327,6,150,0.03562233054453465,0.010812941000437603,True,False,False,0.000642206180388558,COMPLETE
1770,0.5478278398513794,2025-04-04 02:39:34.649677,2025-04-04 02:39:41.690464,0 days 00:00:07.040787,0.07914960066644436,0.17914687453173075,8,0.01692409948482015,0.2895428000621451,0.026933081439135646,0.08845861038573563,0.06261170300107635,0.04516547910391032,0.0010845987145120764,7,145,0.0400739480480166,0.018261055872702242,True,False,False,0.0002646115635857887,COMPLETE
1771,0.33807333111763,2025-04-04 02:39:42.271556,2025-04-04 02:39:48.700180,0 days 00:00:06.428624,0.03847197855228816,0.2360418424758618,8,0.00028660658346023413,0.2823327425174004,0.06481063128084558,0.09078581597402169,0.05338488551214905,0.03944921672133752,0.0006816323363175421,6,142,0.031343511590587,0.006833531512080085,True,False,True,0.0009764199293466904,COMPLETE
1772,0.5511050224304199,2025-04-04 02:39:49.264438,2025-04-04 02:39:56.468919,0 days 00:00:07.204481,0.13790633098294502,0.1984226459321623,8,0.027560465015847437,0.29404908845287653,0.023452999201224543,0.0872410498679519,0.0312424779239244,0.042925776716142276,0.00041865139968413727,8,148,0.04341019833676116,0.011984119080726599,True,False,False,0.00036200282199397586,COMPLETE
1773,0.5561785340309143,2025-04-04 02:39:57.052395,2025-04-04 02:40:03.877149,0 days 00:00:06.824754,0.08634239327153245,0.16596402544414465,8,0.010777842757348853,0.2867363905033375,0.02987279529060676,0.0932201675111356,0.03637657922220776,0.03188232786360389,0.0005002786166485241,6,145,0.03801657121506378,0.03024477678378419,True,False,False,0.00019400667926374417,COMPLETE
1774,0.3752630889415741,2025-04-04 02:40:04.467732,2025-04-04 02:40:11.327087,0 days 00:00:06.859355,0.058794411961217326,0.21151692805031314,8,0.0057104148889347076,0.2779432760577467,0.06062320141125101,0.08988037229821844,0.05546015503562438,0.03807766413284972,0.0008119229577511906,7,150,0.03344568150553172,0.019136650493149738,False,False,False,1.444187386746023e-08,COMPLETE
1775,0.3651494085788727,2025-04-04 02:40:11.891329,2025-04-04 02:40:18.805000,0 days 00:00:06.913671,0.022261537875257708,0.2423826426807484,8,0.016721586455273676,0.29994222118991337,0.05881865595136891,0.09164690830289514,0.05994568462521916,0.04049884070916836,1.4152696532530315e-05,6,143,0.03614175378921755,0.006148401383084444,True,False,False,0.0005055517934000299,COMPLETE
1776,0.4713967919349671,2025-04-04 02:40:19.379404,2025-04-04 02:40:26.408687,0 days 00:00:07.029283,0.9608399016298792,0.1929886632331383,8,0.01121404618029368,0.27119377305934195,0.06847095869578446,0.08864136690190423,0.05756698664829635,0.03514193085096815,0.0006231547745983476,7,147,0.028722349308192112,0.011201278897515996,True,False,False,0.0003147442054210184,COMPLETE
1777,0.5603498339653016,2025-04-04 02:40:26.992922,2025-04-04 02:40:33.791668,0 days 00:00:06.798746,0.10549779683961666,0.2277122578053406,8,0.021880863303356035,0.28993918630526083,0.024929249591381628,0.09339178179849625,0.05355049096359188,0.04580499528655617,0.0005354505755182631,6,150,0.03218267429314538,0.024094712466010748,True,False,False,0.0004055922811367631,COMPLETE
1778,0.29631375670433047,2025-04-04 02:40:34.358932,2025-04-04 02:40:41.372324,0 days 00:00:07.013392,0.046967549146515256,0.1732958636113247,8,0.00012092596122007752,0.2840214151308641,0.02862053908189617,0.08618518231164787,0.0562271011421996,0.04210710903291627,0.0009817355136056377,8,140,0.03448992528184219,0.017394017611565955,True,False,False,0.00024944097548790993,COMPLETE
1779,0.5569064974784852,2025-04-04 02:40:41.958416,2025-04-04 02:40:48.804977,0 days 00:00:06.846561,0.07395227399142763,0.2120789853077798,8,0.005501513480373762,0.29446110985397483,0.022814521340069793,0.08197300421253075,0.059569834845926435,0.03631782248001279,0.0007370727577874319,6,147,0.041020228370260495,0.005989183885293069,True,False,False,0.0006711816669590718,COMPLETE
1780,0.5543187737464905,2025-04-04 02:40:49.373485,2025-04-04 02:40:56.380071,0 days 00:00:07.006586,0.02975914273329669,0.15234221137529413,8,0.031616006490220755,0.27969706885850043,0.026713717584634013,0.090565372722118,0.05476535108657114,0.04396180699753441,0.0006229799834317323,7,145,0.037693151174723875,0.011456634456443874,True,False,False,0.0001601513075269577,COMPLETE
1781,0.5583096623420716,2025-04-04 02:40:56.965254,2025-04-04 02:41:03.783346,0 days 00:00:06.818092,0.06087319175456912,0.24796963005572414,8,0.014723681679697776,0.29047045967519,0.06143113000064056,0.09437584206194721,0.02697568970403839,0.030819609970413227,0.00042471706483583095,6,148,0.03022034301510474,0.006104265462546562,True,False,False,0.0003620013373570559,COMPLETE
1782,0.29631375670433047,2025-04-04 02:41:04.348592,2025-04-04 02:41:11.310218,0 days 00:00:06.961626,0.09199401586844264,0.1880568200364186,8,0.00018145311618883702,0.2848486371919685,0.06544536609930682,0.0840718520233791,0.05230219102814798,0.039213280647302666,0.0008392767598238956,7,150,0.03577588968500679,0.016217138756396052,True,False,False,0.0005060919226692497,COMPLETE
1783,0.5513027787208558,2025-04-04 02:41:11.896709,2025-04-04 02:41:18.268047,0 days 00:00:06.371338,0.12136711217090598,0.2308598746754637,16,0.010558471960476292,0.2732322358998137,0.03233765299512688,0.08811192050121516,0.04644328721981398,0.0406566123073709,0.0005019162558376652,6,143,0.03890697421457524,0.0012059760658462227,True,False,False,0.00020019890214493445,COMPLETE
1784,0.5401546120643616,2025-04-04 02:41:18.834087,2025-04-04 02:41:25.838029,0 days 00:00:07.003942,0.04826516670729597,0.20789105059582877,8,0.021214914784885488,0.2941994638308972,0.06349090406580238,0.09246212572666386,0.061608847598309494,0.047341413438074145,0.002160834241026413,7,139,0.033132608663070114,0.023086549452295657,True,False,False,0.0002938619980555337,COMPLETE
1785,0.29631375670433047,2025-04-04 02:41:26.424807,2025-04-04 02:41:33.137622,0 days 00:00:06.712815,0.0778003123878748,0.12431070009277005,8,0.006073065630382993,0.2868796931806476,0.024991469030068353,0.09009044681737975,0.057630786463640934,0.03730415234573531,0.041893840857508406,8,147,0.035445296952154495,0.01112868706824464,True,True,False,0.00044385477399307973,COMPLETE
1786,0.5607824325561523,2025-04-04 02:41:33.728122,2025-04-04 02:41:40.607270,0 days 00:00:06.879148,0.010248786127605249,0.2528430888693731,8,0.015921525827521068,0.27957085563723016,0.02763901615272963,0.09441261985934472,0.05554290331389171,0.033884875995877084,0.0006654040263730004,6,145,0.037387160505035655,0.01591764277324847,True,False,False,0.00025133742537582866,COMPLETE
1787,0.5581783294677735,2025-04-04 02:41:41.175784,2025-04-04 02:41:48.188456,0 days 00:00:07.012672,0.03275989161205559,0.2183311427607028,8,0.025566091073152115,0.2942469551907881,0.030829980304736552,0.086519405565238,0.058954125360091314,0.04438747896410092,0.00036754542992409805,7,150,0.03198581386381995,0.006316244601421906,True,False,False,9.069769409138627e-05,COMPLETE
1788,0.35099272727966313,2025-04-04 02:41:48.762813,2025-04-04 02:41:55.093140,0 days 00:00:06.330327,0.06171195631586492,0.18112876190942154,8,0.009957016932822343,0.2679206070314045,0.07143558233923314,0.09111073572665031,0.0520595555470967,0.041859471689246384,0.001155387504476662,5,142,0.03411600306494845,0.03246419594999097,True,False,True,0.0007868077735902351,COMPLETE
1789,0.5555337548255921,2025-04-04 02:41:55.681071,2025-04-04 02:42:02.495605,0 days 00:00:06.814534,0.098792654212845,0.15697768376347027,8,0.005656532207032111,0.2877446550733515,0.023336869416353403,0.08890089695663385,0.05706368599296133,0.030787995984579198,0.0005595207897361781,6,147,0.039846426345807776,0.019782621197341463,True,False,False,0.0003296899741152561,COMPLETE
1790,0.38404700756073,2025-04-04 02:42:03.063928,2025-04-04 02:42:10.096332,0 days 00:00:07.032404,0.044182688124298555,0.23510144808843486,8,0.016382192625314193,0.27561886211410364,0.05998592906405854,0.09264888049082384,0.0622413683798133,0.04748656870455036,0.0007977374465888818,7,145,0.06491628835039734,0.010726201272534368,True,False,False,0.000567783810051749,COMPLETE
1791,0.5529359936714173,2025-04-04 02:42:10.687133,2025-04-04 02:42:17.505309,0 days 00:00:06.818176,0.06966956327614188,0.20159995035243483,8,0.013339074094220565,0.2950773735872901,0.05781675127542744,0.09487451203946169,0.05366307418282212,0.03837632974688822,0.0009339674210597502,6,150,0.03672848922132975,0.0012303362882651308,True,False,False,0.0003662890264735612,COMPLETE
