number,value,datetime_start,datetime_complete,duration,params_alpha-eval,params_alpha-train,params_batch-size,params_eps-eval,params_eps-train,params_lambda-actions-eval,params_lambda-actions-train,params_lambda-frames-eval,params_lambda-frames-train,params_learning-rate,params_n-epochs,params_n-frames,params_radius-gw,params_rho,params_std-feats,params_ub-actions,params_ub-frames,params_weight-decay,state
676,0.48263264298439024,2025-04-23 11:30:32.232935,2025-04-23 11:30:38.907428,0 days 00:00:06.674493,0.43731068659435823,0.2966038328098982,16,0.17406843028048707,0.14679388640593094,0.08959215559143109,0.05788110309435565,0.09478179941165156,0.05527307052797944,1.4601028753564235e-05,5,93,0.030512022694792595,0.18109389156175842,True,False,False,1.6503949935112679e-06,COMPLETE
677,0.49570623636245725,2025-04-23 11:30:39.117554,2025-04-23 11:30:46.080208,0 days 00:00:06.962654,0.6936034982985261,0.18503494707850782,16,0.19086168934828615,0.1329540906125617,0.09352763879781022,0.02218204756050142,0.0603592165703134,0.028360025372767404,1.2223574137854604e-05,7,148,0.02407059699984114,0.16621154799360907,True,False,False,3.2505029285246574e-06,COMPLETE
678,0.3896453440189362,2025-04-23 11:30:46.302381,2025-04-23 11:30:53.176672,0 days 00:00:06.874291,0.458119343538097,0.1178569629470428,16,0.16887209476249676,0.15345144556262413,0.09993258551231014,0.028986001894947763,0.08341803799708396,0.02075415172627855,0.00011633763036700963,6,137,0.02811137341496073,0.14916409045475904,True,False,False,1.0673805074930072e-05,COMPLETE
679,0.4865694642066956,2025-04-23 11:30:53.399205,2025-04-23 11:31:00.153289,0 days 00:00:06.754084,0.4075889409125981,0.2614834967976072,16,0.17577919782221918,0.13809052817951342,0.07589811578951045,0.08436840270606916,0.0652070912425257,0.058473032400465655,1.6413423697997935e-05,5,142,0.04543287456835513,0.17255945066859887,True,False,False,8.456916023182649e-07,COMPLETE
680,0.39028852581977846,2025-04-23 11:31:00.364890,2025-04-23 11:31:09.434480,0 days 00:00:09.069590,0.5044585765414913,0.9283292134039036,16,0.20023626694984348,0.12175781395848384,0.08592886669724815,0.06656520962519709,0.02420621924488294,0.0641957254293924,3.3383033684632925e-05,26,136,0.03152595425594754,0.16187899419876683,True,False,False,8.09031366290326e-06,COMPLETE
681,0.489703893661499,2025-04-23 11:31:09.662750,2025-04-23 11:31:16.368585,0 days 00:00:06.705835,0.3882663736048773,0.21567971446401324,16,0.15841060826859615,0.11179949236034767,0.09813267849306576,0.01979245076644077,0.039734509968980064,0.04743890163876444,2.153718618107581e-05,5,129,0.035698723889094425,0.15444102515069807,True,False,False,2.142354224608783e-06,COMPLETE
682,0.4883155226707459,2025-04-23 11:31:16.584641,2025-04-23 11:31:23.505693,0 days 00:00:06.921052,0.5317141013348988,0.5270045212803853,16,0.18371120669867191,0.1269712996583689,0.060574356782489264,0.07052191535516159,0.09140687326427657,0.05012454818890099,1.3928100780748748e-05,7,134,0.02603732248145036,0.19227128234093052,True,False,False,5.609539810194958e-07,COMPLETE
683,0.4929321885108948,2025-04-23 11:31:23.727706,2025-04-23 11:31:31.019890,0 days 00:00:07.292184,0.4804726961964102,0.32944034726976645,8,0.1680868167097185,0.16380055402240534,0.09071862978752086,0.0808609982193292,0.09759434912612737,0.05371623208186143,1.1398729594974964e-05,6,140,0.019114927560044778,0.1670833483860833,True,False,False,2.6783614767261107e-07,COMPLETE
684,0.4977036237716675,2025-04-23 11:31:31.234408,2025-04-23 11:31:37.962243,0 days 00:00:06.727835,0.7300600337984423,0.37012772473365646,16,0.17798316661991856,0.23555534201634387,0.09439616563467981,0.025601997750358256,0.08733356116706263,0.06569408888808967,1.8103689944729288e-05,5,145,0.029576430551570207,0.17642524090333897,True,False,False,1.1385154572055372e-06,COMPLETE
685,0.4719585835933685,2025-04-23 11:31:38.186961,2025-04-23 11:31:45.014231,0 days 00:00:06.827270,0.7701474998239346,0.39309784564688466,16,0.13541276157933455,0.25480864503511386,0.09612321161086382,0.026708840792162788,0.08674573746807851,0.06477630463070014,2.5222401299697543e-05,6,150,0.05127095912409658,0.18257767776035233,True,False,False,1.072041156849757e-06,COMPLETE
686,0.49580221176147465,2025-04-23 11:31:45.229948,2025-04-23 11:31:51.950167,0 days 00:00:06.720219,0.6944427146167569,0.42151782242284436,16,0.19424550530326615,0.2433140204677297,0.0944318611117494,0.06868489199613312,0.08474494480091203,0.06808232270879647,1.9158569763883106e-05,5,145,0.03312778296891677,0.1789529407736433,True,False,False,7.614861538394485e-07,COMPLETE
687,0.4086250066757202,2025-04-23 11:31:52.172559,2025-04-23 11:31:59.131254,0 days 00:00:06.958695,0.7275871342304178,0.3967373258026116,16,0.18026484991118358,0.23152016743457057,0.08310486485724368,0.08938772433183718,0.08759740269897649,0.06800776184997843,1.0087102822271461e-05,7,147,0.03019372853445437,0.04227260549975023,True,False,False,1.0498673037956796e-06,COMPLETE
688,0.42822793722152713,2025-04-23 11:31:59.360736,2025-04-23 11:32:07.386129,0 days 00:00:08.025393,0.7626123881815428,0.8463930388728724,16,0.18685257295214364,0.24749347748084904,0.04322486678752531,0.08645418853719451,0.08925505705946858,0.06576551280237539,2.1930574789212505e-05,16,145,0.02258505192080815,0.14357054253995238,True,False,False,6.322555045714874e-06,COMPLETE
689,0.36039061546325685,2025-04-23 11:32:07.597777,2025-04-23 11:32:14.538353,0 days 00:00:06.940576,0.7411634882718432,0.3718348405459931,16,0.147895405292836,0.23650348163946713,0.09782024413269694,0.01565786733787867,0.08589347063366597,0.07010575667793004,2.827912621485429e-05,8,142,0.03687633720011401,0.17476176648514422,False,False,False,7.552039871214159e-07,COMPLETE
690,0.29631375670433047,2025-04-23 11:32:14.766537,2025-04-23 11:32:21.272877,0 days 00:00:06.506340,0.7935911524755024,0.3745904782472924,16,0.18919895392915342,0.22704125823964635,0.09529964055066246,0.029901071107447556,0.08439428396847158,0.06589301225666987,1.0014462405212537e-05,6,147,0.0317407847673463,0.10739421754198618,True,True,False,4.1992965972674185e-06,COMPLETE
691,0.4457101047039032,2025-04-23 11:32:21.486554,2025-04-23 11:32:31.521229,0 days 00:00:10.034675,0.7348035730045328,0.36055213866529434,2,0.16177252154057198,0.24939244040450828,0.09288035176754922,0.06332410271520664,0.0880492479632347,0.06233324777442871,1.711054874645251e-05,5,144,0.028633557486398772,0.2366183367431443,True,False,False,1.792980998387361e-08,COMPLETE
692,0.3585319459438324,2025-04-23 11:32:31.751231,2025-04-23 11:32:38.656962,0 days 00:00:06.905731,0.8146838224982359,0.4496330712626242,16,0.1775783028657959,0.2427845635637608,0.09640793551491689,0.09285590287006244,0.08182673316712702,0.06748162812795068,0.000723451492654815,6,143,0.016806703399086294,0.18596191391866965,True,False,False,1.3379591949899422e-06,COMPLETE
693,0.4600010514259339,2025-04-23 11:32:38.872595,2025-04-23 11:32:45.627187,0 days 00:00:06.754592,0.7734652815496772,0.4174188740494545,16,0.17090446118638253,0.23569935502269712,0.08841928609725297,0.024881453437166058,0.08983436595033628,0.07106504974643857,1.3787422642638815e-05,5,148,0.03401128553233329,0.2664189105308463,True,False,False,5.848775406018081e-07,COMPLETE
694,0.423263680934906,2025-04-23 11:32:45.855775,2025-04-23 11:32:52.721894,0 days 00:00:06.866119,0.7538537367172649,0.810672074946074,16,0.2150476397512948,0.23533254669925982,0.0940555145098306,0.005367343114107931,0.0800120854104587,0.06966737269755567,1.627094447935495e-05,6,150,0.07592480402402342,0.16060961022414008,True,False,False,4.513980666450936e-07,COMPLETE
695,0.39418362975120547,2025-04-23 11:32:52.936362,2025-04-23 11:32:59.590080,0 days 00:00:06.653718,0.7136633563654433,0.08149529063337951,16,0.18202217018929787,0.2403958973749634,0.09864417557302849,0.009425077214000434,0.08630440033963396,0.06218064337299235,0.006029627502396904,7,114,0.030108326513201084,0.16930900395515608,True,False,True,8.284249129930346e-06,COMPLETE
696,0.4354842245578766,2025-04-23 11:32:59.818504,2025-04-23 11:33:06.560053,0 days 00:00:06.741549,0.3699876608154359,0.06336263156878072,16,0.19515721331222338,0.24235141201386706,0.09179977607066245,0.020690298685474916,0.07117565846313732,0.06470603719069754,2.2927176343505217e-05,5,140,0.0543673344070456,0.1521955155867167,True,False,False,9.496939747570815e-07,COMPLETE
697,0.49086247682571416,2025-04-23 11:33:06.789232,2025-04-23 11:33:13.599632,0 days 00:00:06.810400,0.41602108679504557,0.037519192164607945,16,0.1758680523204757,0.09865191779791259,0.0900175215924371,0.01742581556283295,0.0428295285874402,0.06723199120270396,1.9916864892685293e-05,6,143,0.02099786767052455,0.16364164903847087,True,False,False,1.195139880432945e-05,COMPLETE
698,0.48163022398948674,2025-04-23 11:33:13.819112,2025-04-23 11:33:20.597144,0 days 00:00:06.778032,0.7437807878021329,0.24880847406028128,16,0.165545806484165,0.24926219381818557,0.09437161660643516,0.032253338317963495,0.08328776421236597,0.061017699158095275,3.3113999484525904e-05,5,146,0.027573319619456187,0.1737030800949713,True,False,False,1.2346917353101189e-06,COMPLETE
699,0.48093239068984983,2025-04-23 11:33:20.826699,2025-04-23 11:33:27.669422,0 days 00:00:06.842723,0.4407179933557546,0.18904172792008345,16,0.22767277793633306,0.11484763270352376,0.09708413061834256,0.022670319969617492,0.07757531313254334,0.07362290426391721,1.2431653137188925e-05,6,140,0.024450192921096774,0.1974050662391853,True,False,False,4.8896979755277895e-06,COMPLETE
700,0.4964757919311524,2025-04-23 11:33:27.887314,2025-04-23 11:33:34.661674,0 days 00:00:06.774360,0.6197507534578564,0.7441465496020336,16,0.18725141216855418,0.2129368297184136,0.0921135724446576,0.01367068051554553,0.09004547829411284,0.05936082563803119,1.5362478394272387e-05,5,143,0.032605657515049506,0.1567931087544814,True,False,False,6.35389171319989e-06,COMPLETE
701,0.48877942562103277,2025-04-23 11:33:34.890777,2025-04-23 11:33:41.978177,0 days 00:00:07.087400,0.7560938421115452,0.16881427358805173,16,0.15560124909882436,0.11954317523677303,0.027219731852442784,0.027967496343054486,0.08797947319412543,0.06347250766269473,1.859921556146569e-05,8,138,0.025893244814973324,0.1676708805872788,True,False,False,3.6741886137885834e-07,COMPLETE
702,0.4819095194339752,2025-04-23 11:33:42.199768,2025-04-23 11:33:49.104181,0 days 00:00:06.904413,0.7804022049546441,0.09543894487267629,16,0.17089413809573759,0.2591989006779977,0.09627190574519005,0.07499561884501542,0.05826187381234851,0.05715846364117807,1.2700968746384318e-05,7,145,0.03811995685279684,0.14766941137348188,True,False,False,7.68284537761509e-07,COMPLETE
703,0.47702050209045416,2025-04-23 11:33:49.331624,2025-04-23 11:33:56.045306,0 days 00:00:06.713682,0.729659952326528,0.38278158629122133,16,0.1819609479490773,0.22563091979682895,0.08785229251736479,0.0902764082062891,0.09138576139706966,0.010731520869241177,4.0638474405734876e-05,5,141,0.030207924926074096,0.17851213524475049,True,False,False,3.4079343905444326e-06,COMPLETE
704,0.4898402690887452,2025-04-23 11:33:56.277614,2025-04-23 11:34:03.097569,0 days 00:00:06.819955,0.39492163132851676,0.8715916374212295,16,0.19126506663942894,0.1068391681444995,0.09327183281418056,0.07289138229129481,0.08529987422450724,0.06672854385602503,2.3981997939526282e-05,6,148,0.03455222823769173,0.1593810240057757,True,False,False,9.279203401992073e-06,COMPLETE
705,0.48337756991386416,2025-04-23 11:34:03.316852,2025-04-23 11:34:10.590821,0 days 00:00:07.273969,0.4570755705446849,0.22216130177518423,8,0.09125367244264573,0.2371474316980737,0.09045974656243122,0.012121299882490366,0.05323930982278133,0.0689355379970917,1.4998756295836801e-05,6,138,0.008838162324554828,0.17160420278493227,True,False,False,3.7338800147937775e-08,COMPLETE
706,0.49148929119110113,2025-04-23 11:34:10.826572,2025-04-23 11:34:18.356935,0 days 00:00:07.530363,0.8042949657665687,0.35235262808370826,16,0.17714492745420063,0.1289210044357434,0.09801435942703147,0.06607550047125331,0.06772518559129524,0.0054658582631712475,1.167273460292414e-05,12,142,0.019850818337180918,0.16469457117700081,True,False,False,2.7062162074016097e-06,COMPLETE
707,0.47869628071784975,2025-04-23 11:34:18.578378,2025-04-23 11:34:25.279098,0 days 00:00:06.700720,0.4263246451081442,0.2697054429255508,16,0.20216201850960933,0.11585547569842053,0.09990768369438141,0.024118242514048243,0.09191393393483709,0.07210728982549686,1.8011992301306002e-05,5,73,0.028055243421110345,0.18485323120113725,True,False,False,1.016633182397345e-06,COMPLETE
708,0.3276385962963104,2025-04-23 11:34:25.520611,2025-04-23 11:34:31.995545,0 days 00:00:06.474934,0.46735627752212,0.1362898733826759,16,0.2858317890428464,0.23305732353091405,0.09494679372294126,0.019032208828943534,0.07470999840269768,0.05627997283574437,2.828571808020841e-05,7,150,0.02275369647878233,0.15380372713482415,False,True,False,1.6979771655612025e-06,COMPLETE
709,0.4869699358940125,2025-04-23 11:34:32.214576,2025-04-23 11:34:38.967133,0 days 00:00:06.752557,0.3507474737813279,0.2350896860501788,16,0.16277984078590477,0.18090057972879606,0.09213879476277706,0.08554079043081783,0.08665751448549898,0.060339940109769695,1.0101400201598218e-05,5,145,0.032116892287537634,0.13982016916187096,True,False,False,5.51264475093589e-07,COMPLETE
710,0.47710716128349306,2025-04-23 11:34:39.199835,2025-04-23 11:34:46.912249,0 days 00:00:07.712414,0.7082994931032883,0.40454750661048,16,0.24764855876530115,0.1249554886328281,0.04764283193816189,0.04028336803673209,0.08266715500462077,0.023517154870141888,1.3521918889551788e-05,14,118,0.029338836468051015,0.27945740478814607,True,False,False,2.0894994037173355e-05,COMPLETE
711,0.49261858463287356,2025-04-23 11:34:47.148777,2025-04-23 11:34:54.009940,0 days 00:00:06.861163,0.37606290958001837,0.4721049274523918,16,0.18359144892317156,0.16611266319170195,0.08990851988039962,0.06183492123020541,0.08922698305860262,0.054912554130734044,2.0308159398449815e-05,6,139,0.01551936780042613,0.16064498441957265,True,False,False,1.2889033613746487e-06,COMPLETE
712,0.4978281617164612,2025-04-23 11:34:54.233221,2025-04-23 11:35:00.968339,0 days 00:00:06.735118,0.443908016660191,0.2861430250180484,16,0.17374840691758406,0.15736345225120188,0.08128423041518107,0.06907789504006243,0.0931867458712008,0.05791758058641703,1.6398342804016125e-05,5,136,0.02522361819536538,0.1755259634828073,True,False,False,1.4988350578597361e-05,COMPLETE
713,0.45162581205368046,2025-04-23 11:35:01.201340,2025-04-23 11:35:08.045576,0 days 00:00:06.844236,0.44628470171529255,0.286388756127807,16,0.16778665352628735,0.15808776874434163,0.08611476741471961,0.07042627900500503,0.09312115040888207,0.05966871887288512,5.775964209313331e-05,6,135,0.026642848445488032,0.1912157671616646,True,False,False,1.2948077632083174e-05,COMPLETE
714,0.49262912273406984,2025-04-23 11:35:08.269913,2025-04-23 11:35:14.946586,0 days 00:00:06.676673,0.673708143367104,0.3075753818216665,16,0.15601221804341434,0.1729515608230628,0.08127643361073077,0.07193937430186798,0.0928057712642965,0.0582658819449342,2.2688376995636427e-05,5,105,0.02547215694989235,0.18465792797907682,True,False,False,1.801791197168228e-05,COMPLETE
715,0.2960806906223297,2025-04-23 11:35:15.181221,2025-04-23 11:35:25.429531,0 days 00:00:10.248310,0.42821388933185206,0.2699697834485048,2,0.17142875846991226,0.16173744042428814,0.07802797562411756,0.06840676797729989,0.09214350811654454,0.06467700321152924,1.6612147780656913e-05,7,133,0.02810266836897654,0.17770610577445065,True,False,True,2.5828007824223187e-05,COMPLETE
716,0.48835085630416875,2025-04-23 11:35:25.653312,2025-04-23 11:35:32.438131,0 days 00:00:06.784819,0.45167831594460156,0.2587507653400916,16,0.1618643723207658,0.15297526401516046,0.08498008634109076,0.06879208747170497,0.09409414433421044,0.057811155272440955,2.720580430947319e-05,5,146,0.03146490760366648,0.17743088058161177,True,False,False,4.219365898098625e-05,COMPLETE
717,0.4886000216007233,2025-04-23 11:35:32.672187,2025-04-23 11:35:39.531834,0 days 00:00:06.859647,0.43420563049485544,0.3018464797078229,16,0.17355838007895386,0.16888595133440107,0.08653839533803295,0.08850926158495691,0.09069110835042507,0.06187934674566592,1.8153833066062484e-05,6,142,0.029422307253547737,0.19021526517376916,True,False,False,1.5674713079552907e-05,COMPLETE
718,0.4883611679077149,2025-04-23 11:35:39.771024,2025-04-23 11:35:46.714211,0 days 00:00:06.943187,0.46748046929884834,0.2900025820648745,16,0.16688656290466064,0.15754694964421107,0.08036661576799493,0.07851269121818817,0.09536767045776937,0.05329787160709572,2.0592723293178408e-05,7,136,0.026174137320661674,0.1728653064600311,True,False,False,1.4384891267833452e-05,COMPLETE
719,0.48535578250885014,2025-04-23 11:35:46.936606,2025-04-23 11:35:53.678210,0 days 00:00:06.741604,0.41774069297156713,0.27275958592792804,16,0.14940629324102253,0.15237575138974968,0.04595265281887324,0.02614689752984017,0.09006031261512748,0.0709231578711049,1.5040772737411609e-05,5,126,0.041147433480550374,0.183673290691437,True,False,False,2.1657533849685605e-05,COMPLETE
720,0.4712142884731293,2025-04-23 11:35:53.917213,2025-04-23 11:36:00.739718,0 days 00:00:06.822505,0.47939451591280297,0.3230156755051404,16,0.17587885557903288,0.14392482549512794,0.08437687961650923,0.07613204855741246,0.09303398397228546,0.05540323442588301,3.212147363162619e-05,6,148,0.03530894266529143,0.1692624572854574,True,False,False,7.280554133402441e-08,COMPLETE
721,0.4923149943351746,2025-04-23 11:36:00.963157,2025-04-23 11:36:07.690211,0 days 00:00:06.727054,0.4544878751830701,0.24562713450104906,16,0.16487427327319368,0.14956377180227748,0.076292029247564,0.02200027011689053,0.0949373755993638,0.06654189597194385,1.747785826893068e-05,5,140,0.033264537784263776,0.17745683535774753,True,False,False,0.00039329294746661764,COMPLETE
722,0.46308431029319763,2025-04-23 11:36:07.929126,2025-04-23 11:36:15.026435,0 days 00:00:07.097309,0.48201282560928566,0.2869496946660731,16,0.15835798353523867,0.16490349102845267,0.09730101240656301,0.01536791442592377,0.09084512560684842,0.05795477124711777,2.5094557584636985e-05,8,144,0.024247567077140156,0.1492365630071662,True,False,False,1.0841832166123575e-05,COMPLETE
723,0.49633963108062745,2025-04-23 11:36:15.251399,2025-04-23 11:36:22.084804,0 days 00:00:06.833405,0.4367781193683661,0.20854078142867327,16,0.1765273990939554,0.15629068756575618,0.07922584804764084,0.07307188160001116,0.07253289923464891,0.06310019077794848,1.273865205394441e-05,6,133,0.027748831826894894,0.15732630119312693,True,False,False,1.3791062511464604e-05,COMPLETE
724,0.4168782591819763,2025-04-23 11:36:22.323281,2025-04-23 11:36:28.934870,0 days 00:00:06.611589,0.7852371877633089,0.2577791678479389,16,0.16907210824136112,0.04529708560521807,0.08384692594154439,0.08337985647763833,0.09331880976060081,0.05292933029503003,1.541458554400106e-05,5,43,0.030634989200881008,0.24671952001691722,True,False,False,1.6914841345360325e-05,COMPLETE
725,0.48711608648300175,2025-04-23 11:36:29.173083,2025-04-23 11:36:36.111034,0 days 00:00:06.937951,0.46078846609709573,0.32378886161196996,16,0.1800756365816063,0.14782871297271283,0.08764715567176126,0.007787113316898998,0.0013380368251967173,0.06017873461880819,2.1641873887495054e-05,7,138,0.029409746784593467,0.16579604608399473,True,False,False,7.539072899503252e-06,COMPLETE
726,0.48856981396675114,2025-04-23 11:36:36.336876,2025-04-23 11:36:43.171287,0 days 00:00:06.834411,0.41988129465896673,0.30982071535609146,16,0.1723310823267018,0.16333137936512934,0.09455164367931262,0.07013702540760419,0.08848514529713204,0.05139755712576955,1.1721443995256913e-05,6,142,0.036492004510457435,0.17250647048087445,True,False,False,1.0039960227099572e-05,COMPLETE
727,0.3617515504360199,2025-04-23 11:36:43.409489,2025-04-23 11:36:50.585507,0 days 00:00:07.176018,0.48810781258035496,0.050472866156197914,8,0.16149920952546587,0.1410377320349454,0.09570480326512838,0.01764448334205101,0.0964825576925245,0.01707512110154471,1.831263320758697e-05,6,136,0.02670102613157309,0.16293969418506685,False,False,False,1.1504357932641543e-05,COMPLETE
728,0.49078111648559575,2025-04-23 11:36:50.814965,2025-04-23 11:36:57.590030,0 days 00:00:06.775065,0.6419979722598678,0.28222171598952156,16,0.15327957314053084,0.15833340771201107,0.0985290068874892,0.036823801685251935,0.09120374785435105,0.019769022167172832,1.3800208429649576e-05,5,147,0.03192108694785212,0.1815798511528226,True,False,False,5.459770311285893e-06,COMPLETE
729,0.48995734453201295,2025-04-23 11:36:57.827857,2025-04-23 11:37:04.985874,0 days 00:00:07.158017,0.4051302161958148,0.625505834587205,16,0.18710971017813882,0.13392412996195688,0.0504564428692938,0.019625122708147397,0.06288632095036097,0.03764054497435208,1.0124196622543847e-05,9,123,0.02463254135958737,0.15519403095439085,True,False,False,1.788264061641642e-05,COMPLETE
730,0.2956933379173279,2025-04-23 11:37:05.228991,2025-04-23 11:37:11.558876,0 days 00:00:06.329885,0.4551412212362704,0.22902176807017932,16,0.1789456127581683,0.14939110213168505,0.08181057921240956,0.09181472415841235,0.05041676728882796,0.06889982790395596,1.535117209366423e-05,5,140,0.03383660944020561,0.1712862647949314,True,True,False,8.2531132006598e-06,COMPLETE
731,0.4729227006435395,2025-04-23 11:37:11.788385,2025-04-23 11:37:18.665155,0 days 00:00:06.876770,0.49722346284414715,0.34219403669067777,16,0.1712446575357314,0.25503384007264523,0.09319338716680536,0.028604926321840713,0.09489132458158389,0.01340828535491938,2.4962901160076404e-05,6,131,0.028098177585723617,0.14639131392375343,True,False,False,4.644864394873449e-06,COMPLETE
