number,value,datetime_start,datetime_complete,duration,params_alpha-eval,params_alpha-train,params_batch-size,params_eps-eval,params_eps-train,params_lambda-actions-eval,params_lambda-actions-train,params_lambda-frames-eval,params_lambda-frames-train,params_learning-rate,params_n-epochs,params_n-frames,params_radius-gw,params_rho,params_std-feats,params_ub-actions,params_ub-frames,params_weight-decay,state
1792,0.34818425774574285,2025-04-04 02:42:18.080387,2025-04-04 02:42:25.083292,0 days 00:00:07.002905,0.09049099077149363,0.2503037053332619,8,0.0051863251869694715,0.2831874645706782,0.021761896271577475,0.08560868868661856,0.06012476965033999,0.03557383326000171,0.0006603614747928017,8,143,0.041700204813466514,0.0010455470557279728,False,False,False,0.00020826761782028705,COMPLETE
1793,0.5597145080566406,2025-04-04 02:42:25.671746,2025-04-04 02:42:32.534056,0 days 00:00:06.862310,0.039736920811210524,0.2194817483474837,8,0.019798294947852898,0.29093305727259755,0.0668273163348153,0.08758594106794952,0.054702594195356516,0.04325053952933714,0.0004543104308870433,6,147,0.03458785758885221,0.026107979807276083,True,False,False,0.000276407026350076,COMPLETE
1794,0.5431084632873535,2025-04-04 02:42:33.131634,2025-04-04 02:42:39.806131,0 days 00:00:06.674497,0.061402839967283705,0.1898113966195746,8,0.01038918486038596,0.2803356263112768,0.02558985172283888,0.09282056229306947,0.05724942166980333,0.04050925697114492,0.0005681305115395212,5,97,0.030516982447657496,0.015287989634618273,True,False,False,0.00043453001164581206,COMPLETE
1795,0.5551382660865785,2025-04-04 02:42:40.378810,2025-04-04 02:42:47.421410,0 days 00:00:07.042600,0.11866683746007176,0.16928479346578879,8,0.024838669049222342,0.29988862699721186,0.062435508864982614,0.09050531822234176,0.05023192697586604,0.03328513663819099,0.00076531147030848,7,150,0.03874829916023453,0.2647937783977918,True,False,False,0.000605165040995204,COMPLETE
1796,0.5529500484466553,2025-04-04 02:42:48.016179,2025-04-04 02:42:54.861091,0 days 00:00:06.844912,0.024913349412170382,0.08886653581797546,8,0.005401861701322598,0.28701106614005784,0.028716389755061522,0.09572890171307077,0.04758827907345795,0.02419382964912353,0.0005018447629615702,6,141,0.027756559810474254,0.006731660828527927,True,False,False,0.00015242793841984604,COMPLETE
1797,0.5567797303199769,2025-04-04 02:42:55.440426,2025-04-04 02:43:02.430382,0 days 00:00:06.989956,0.010993169339135342,0.2336637717372128,8,0.015576479352149265,0.2917381923328347,0.06481060873272018,0.09850127307946403,0.058909306657729574,0.044352411957565695,0.0006822509211944877,7,147,0.03241130971490076,0.010269670239437,True,False,False,0.0003208152166775578,COMPLETE
1798,0.29631375670433047,2025-04-04 02:43:03.002008,2025-04-04 02:43:09.582080,0 days 00:00:06.580072,0.07781992804217827,0.20084715480183446,8,0.00020953383368097628,0.27343726257015416,0.05869210312818675,0.08401970152934063,0.0520267867149377,0.037675142367159756,0.0009527588729136366,5,145,0.03613589124752593,0.02189551909240521,True,False,False,0.0002480667816763465,COMPLETE
1799,0.5520039558410644,2025-04-04 02:43:10.173054,2025-04-04 02:43:16.675706,0 days 00:00:06.502652,0.05340905167525805,0.1356289167456866,16,0.010308803687678975,0.26681166593899824,0.02711023827106189,0.08933648767372204,0.05524214640479394,0.04619971080965786,0.0013860881811077034,7,138,0.034561031867502555,0.0011091222593080732,True,False,False,0.00041310549235870587,COMPLETE
1800,0.5525686502456665,2025-04-04 02:43:17.249707,2025-04-04 02:43:24.101958,0 days 00:00:06.852251,0.08998454113811614,0.2583819841075579,8,0.0315367697763341,0.28417071181568165,0.023801038146664306,0.09199444713417265,0.0635529762299959,0.04149816557924901,0.00032250090035023244,6,148,0.03759779329982324,0.015360712416791543,True,False,False,0.0004921615429044623,COMPLETE
1801,0.5553232550621033,2025-04-04 02:43:24.696109,2025-04-04 02:43:31.901268,0 days 00:00:07.205159,0.03733624417042364,0.21940875774609203,8,0.020507031380705427,0.294551763617779,0.062062211837442746,0.09499089893929176,0.057510978712114705,0.04864935211181187,0.000597800419333712,8,143,0.033184775786269785,0.009985914895682655,True,False,False,0.00018670578554252044,COMPLETE
1802,0.5599352955818176,2025-04-04 02:43:32.472140,2025-04-04 02:43:39.311141,0 days 00:00:06.839001,0.06691827230548095,0.18520273754433444,8,0.009734905001312773,0.2767116943709841,0.06896152170565958,0.08792085559606544,0.0374259958430677,0.039430185942456855,0.000400268780655509,6,150,0.03581561378745104,0.006016823347734585,True,False,False,1.411916181059957e-06,COMPLETE
1803,0.5535236835479737,2025-04-04 02:43:39.903870,2025-04-04 02:43:46.553250,0 days 00:00:06.649380,0.10261113114278612,0.23517022327063558,8,0.014174016106038008,0.2877611142629418,0.03019043321988955,0.09360051524977156,0.06004551629727185,0.03613026921189715,0.000751047509173625,5,147,0.0395033653402129,0.0196771284020299,True,False,False,0.0007614251092308265,COMPLETE
1804,0.29631375670433047,2025-04-04 02:43:47.124884,2025-04-04 02:43:53.705469,0 days 00:00:06.580585,0.010570619256739418,0.2080537538066728,8,0.0058554679708460655,0.29498892226100826,0.06055985433938235,0.09144564831847374,0.05326421142711676,0.032052606229416136,0.0004935363634096285,7,145,0.031731374266442666,0.013448288762895905,True,True,False,0.0002955763442091346,COMPLETE
1805,0.5582302927970887,2025-04-04 02:43:54.298681,2025-04-04 02:44:01.126352,0 days 00:00:06.827671,0.04834169758741018,0.16797263711174476,8,0.020205954725327047,0.28115454889346925,0.026251444042566015,0.08671629685369699,0.05593495912401759,0.02971800689677592,0.0006152061121678051,6,141,0.04438404770484016,0.02739410418912917,True,False,False,0.00035978007666572593,COMPLETE
1806,0.5609943509101868,2025-04-04 02:44:01.700930,2025-04-04 02:44:08.319479,0 days 00:00:06.618549,0.1438025951158814,0.25587299245056505,8,0.004787033367513232,0.29014415853666364,0.06675087231229916,0.09708195643612587,0.04864503029064111,0.021516426609846123,0.0007920301758765158,5,150,0.029815534049318256,0.006833316493054331,True,False,False,0.0005585241578695943,COMPLETE
1807,0.3958173155784607,2025-04-04 02:44:08.914804,2025-04-04 02:44:15.684388,0 days 00:00:06.769584,0.9315985541783958,0.22351723328973502,8,0.00015081362119363784,0.28155369858948937,0.06362149399976286,0.0899594253570585,0.045346039533558126,0.04277046003694762,0.0010542559374524094,8,145,0.0607428789542512,0.014385578343992279,True,False,True,0.00022231024648745464,COMPLETE
1808,0.5565861940383912,2025-04-04 02:44:16.280987,2025-04-04 02:44:23.330499,0 days 00:00:07.049512,0.07581133433446932,0.1986588149297115,8,0.014675865345790939,0.2951335948246778,0.021917657948303214,0.09406170489438118,0.051044272658334916,0.039705809197952004,0.00043900059219688007,7,148,0.03739596789955445,0.006533343596670404,True,False,False,0.00012127581912991366,COMPLETE
1809,0.5591020226478577,2025-04-04 02:44:23.906711,2025-04-04 02:44:30.764363,0 days 00:00:06.857652,0.02659624206348961,0.15348947427557216,8,0.026629191843412676,0.27228455417964437,0.0583522660197684,0.08825022606718233,0.05815441633559136,0.03481230165763639,0.0005303194455091686,6,143,0.03437172100529585,0.0195446702487565,True,False,False,0.00041912344226875453,COMPLETE
1810,0.5582302927970887,2025-04-04 02:44:31.360335,2025-04-04 02:44:38.132421,0 days 00:00:06.772086,0.05338024314032607,0.244358418962714,8,0.009937954848552942,0.28596102003857987,0.029002209900744598,0.08467309339412422,0.05444565086336892,0.046065903027242304,0.000700233707881631,6,150,0.04210711841228562,0.01061383073589195,True,False,False,0.0002558807344940166,COMPLETE
1811,0.5546266913414002,2025-04-04 02:44:38.713688,2025-04-04 02:44:45.729639,0 days 00:00:07.015951,0.11010896641519803,0.17541319288230237,8,0.019813949143611613,0.27717190494179783,0.025833130799850373,0.0998021426953799,0.060275591068254315,0.044159928795049,0.0008552879075480974,7,139,0.03590324195347463,0.03625066974288134,True,False,False,0.000325006479076166,COMPLETE
1812,0.3948392868041992,2025-04-04 02:44:46.330176,2025-04-04 02:44:52.910741,0 days 00:00:06.580565,0.08186700133087192,0.21141248896586445,8,0.009327477961450958,0.290574057835468,0.02368497386404595,0.09667322973680244,0.05612468236664943,0.037731102421744524,0.0006103608265929591,5,147,0.03865775544227574,0.025158794662234994,False,False,False,0.00017586695372588557,COMPLETE
1813,0.5572746872901917,2025-04-04 02:44:53.488697,2025-04-04 02:45:00.307469,0 days 00:00:06.818772,0.03369841800936285,0.188227461171281,8,0.014935982290986737,0.2955367979210125,0.060410253958895016,0.09185956252291053,0.05244622788654756,0.04161952645429467,0.0005239605327529457,6,144,0.03295669222595847,0.00613938436891154,True,False,False,0.0006600692600616948,COMPLETE
1814,0.5579045295715332,2025-04-04 02:45:00.907459,2025-04-04 02:45:07.880439,0 days 00:00:06.972980,0.06252680803417271,0.23324622076574242,8,0.005243462516739419,0.2856629248246708,0.03100867994571909,0.08961274396629336,0.033511753057276245,0.0241888920588414,0.0003869428219264616,7,147,0.03451090125967147,0.015312322973089985,True,False,False,0.0005045329056680626,COMPLETE
1815,0.5555620074272156,2025-04-04 02:45:08.461240,2025-04-04 02:45:15.315585,0 days 00:00:06.854345,0.042479935978447354,0.2542819379986605,8,0.038774808764431574,0.28011315595828534,0.027487519087768936,0.08248978205800064,0.0581100950549505,0.034156955297917846,0.0007052196871935655,6,150,0.0403248176083482,0.0010597280712660818,True,False,False,0.0003834997123040204,COMPLETE
1816,0.5559625983238221,2025-04-04 02:45:15.916212,2025-04-04 02:45:23.074234,0 days 00:00:07.158022,0.09399409731504926,0.21358728142240174,8,0.009820897885648388,0.28963600071862233,0.06486041407229741,0.09508226440689668,0.06158660357986086,0.028130046839182868,0.0009325806502689497,8,145,0.03738101662600138,0.011060625682923162,True,False,False,0.0002657342007044827,COMPLETE
1817,0.5543541193008423,2025-04-04 02:45:23.660440,2025-04-04 02:45:30.306980,0 days 00:00:06.646540,0.12404034715653993,0.2663544435061422,8,0.023839823688241044,0.29537921843334264,0.02137893997500042,0.08599577740264813,0.046537486897234304,0.03641353324602242,0.0006050095257465654,5,141,0.030832007404890463,0.019965380740316736,True,False,False,0.00021528127814680117,COMPLETE
1818,0.5536570668220521,2025-04-04 02:45:30.886145,2025-04-04 02:45:37.910924,0 days 00:00:07.024779,0.059006109204810905,0.7636954458153526,8,0.017031636884370573,0.26819986444941224,0.06271570714573944,0.092783126897563,0.05501625989152049,0.03194602698047697,0.0004644534752063997,7,147,0.03562708578616329,0.006539850540562147,True,False,False,0.0003010123243435585,COMPLETE
1819,0.556827163696289,2025-04-04 02:45:38.513144,2025-04-04 02:45:45.377637,0 days 00:00:06.864493,0.026833915501051964,0.19271542316316706,8,0.006300284731525437,0.2998830996156331,0.05756429863080341,0.09097313292309869,0.04988584925781524,0.04512893680839972,0.0007804348000526656,6,150,0.03311527561565469,0.01427176339018148,True,False,False,0.00044316408984441155,COMPLETE
1820,0.5531843781471253,2025-04-04 02:45:45.980046,2025-04-04 02:45:54.352998,0 days 00:00:08.372952,0.07322942671927292,0.22757642670542538,16,0.012884524684170706,0.28257480419887016,0.024531916614603737,0.09763404512728244,0.05312850774515567,0.0412074285927785,0.0005649041185645836,23,143,0.03710806659194017,0.030053129424810518,True,False,False,0.0008487495944872431,COMPLETE
1821,0.468366801738739,2025-04-04 02:45:54.936700,2025-04-04 02:46:02.027540,0 days 00:00:07.090840,0.010869874436679292,0.14621278304259333,8,0.2925524824772554,0.2769554954611231,0.028187289411989055,0.08791381190767562,0.057351885389884096,0.038986164820108304,0.0006999498399210217,7,147,0.03417006207896522,0.006179443477252357,True,False,False,0.00035382644356478403,COMPLETE
1822,0.5299282789230347,2025-04-04 02:46:02.629108,2025-04-04 02:46:09.415732,0 days 00:00:06.786624,0.048305178575040374,0.2433248231560687,8,0.005738233483652688,0.2890811251580259,0.06862440339781625,0.09381322797621347,0.05935562247730488,0.0478050546474444,0.0011046071960768653,6,108,0.03899228161333062,0.001079180123693563,True,False,False,0.0005825304928090804,COMPLETE
1823,0.29631375670433047,2025-04-04 02:46:09.997719,2025-04-04 02:46:16.246159,0 days 00:00:06.248440,0.08650482076883927,0.17222099438049082,8,0.05136859220210269,0.2999893043728575,0.05957742134733867,0.09581983620038526,0.056003914389992394,0.04293394310804442,0.0008833501110163987,5,150,0.029287466259611317,0.020179664838092047,True,True,False,0.00014304657715062547,COMPLETE
1824,0.5193733811378479,2025-04-04 02:46:16.824415,2025-04-04 02:46:23.722050,0 days 00:00:06.897635,0.07086992442580288,0.20476063420739982,8,0.11959551292971972,0.16974326018138278,0.06587555095872995,0.09028880788352082,0.0515105352062694,0.030302302442813796,0.00044653647015808915,6,145,0.03629176329814553,0.012364074674779933,True,False,False,0.00022945454701171905,COMPLETE
1825,0.34640361070632936,2025-04-04 02:46:24.323210,2025-04-04 02:46:31.157635,0 days 00:00:06.834425,0.10291724032634866,0.22462085202696458,8,0.03072607577673132,0.2998937658525556,0.06149659123806603,0.08678918681103852,0.0537262294421561,0.034155534677131595,0.0006081691011824808,8,138,0.031909744076479896,0.0011046317553910908,True,False,True,0.000466764772640177,COMPLETE
1826,0.5553385257720947,2025-04-04 02:46:31.759867,2025-04-04 02:46:38.788898,0 days 00:00:07.029031,0.03885014479163302,0.11231236273759146,8,0.019588666044577895,0.2852291646249728,0.025492240413762766,0.09253609633289649,0.06408560988517942,0.03724172133021836,0.000512307790648674,7,147,0.041216265999547766,0.009953925562668933,True,False,False,0.0002995178740321486,COMPLETE
1827,0.5525796413421631,2025-04-04 02:46:39.372215,2025-04-04 02:46:46.019883,0 days 00:00:06.647668,0.055379323810009186,0.18998680944647356,8,0.010984023542323995,0.27153785528643826,0.056446776917719974,0.08908576660012361,0.061206622411874884,0.026724329875481633,0.0003605896033489436,5,141,0.034978945909783336,0.024958699341775893,True,False,False,0.00038117115630855456,COMPLETE
1828,0.5566786885261535,2025-04-04 02:46:46.624808,2025-04-04 02:46:53.390412,0 days 00:00:06.765604,0.07780478698296857,0.26556573931093475,8,0.0051959056296078925,0.2907542051010992,0.03343069856105509,0.09477854968955023,0.05622251460293047,0.040735614327995155,0.0006940888453990837,6,150,0.038450505433311716,0.01677193660199682,True,False,False,2.856014276572424e-08,COMPLETE
1829,0.5545724153518677,2025-04-04 02:46:53.975531,2025-04-04 02:47:01.017493,0 days 00:00:07.041962,0.028511192090847064,0.24274039931216218,8,0.015528301591538828,0.2783277548288104,0.07040693393963278,0.08513198506550915,0.04782595872379954,0.04367700539389206,0.0008773749837614576,7,144,0.027084809532170274,0.010184795289150509,True,False,False,0.00018429709476533036,COMPLETE
1830,0.29631375670433047,2025-04-04 02:47:01.609328,2025-04-04 02:47:08.219519,0 days 00:00:06.610191,0.05652153436450763,0.20889123204106294,8,0.0002177085248749001,0.28496709867980313,0.06363226276714022,0.09791839059257605,0.05842699469798936,0.02300405865521933,0.0012765344438415754,6,147,0.03294062408578042,0.018041679062308073,False,False,False,0.0006541457306498058,COMPLETE
1831,0.5330022811889649,2025-04-04 02:47:08.818848,2025-04-04 02:47:15.500576,0 days 00:00:06.681728,0.7338775376215272,0.1614922107111356,8,0.0222209249865465,0.2948357214583071,0.029387333403187395,0.09092744758911367,0.05036154261958292,0.04618076060058315,0.0005985255387128507,5,148,0.03654424968236652,0.006683775826101664,True,False,False,0.0002597663882110765,COMPLETE
1832,0.36890410184860234,2025-04-04 02:47:16.107881,2025-04-04 02:47:23.127729,0 days 00:00:07.019848,0.09898683855834503,0.1814318175104228,8,0.011397717410719767,0.26624739438368217,0.025813505486020828,0.09289488394866356,0.05399441586229476,0.03864179178695122,0.0007528350523973012,7,143,0.06965228953949615,0.013818585914421208,True,False,False,0.0005193992468855722,COMPLETE
1833,0.5584749937057496,2025-04-04 02:47:23.714052,2025-04-04 02:47:30.596290,0 days 00:00:06.882238,0.1287434905753681,0.2218524156499415,8,0.026544521354747934,0.28955769755955557,0.02392614579640197,0.08889038523199552,0.035924974298921886,0.036529125014541565,0.00042930809165953076,6,150,0.030925182460542627,0.023635627684142856,True,False,False,0.0003467694715365381,COMPLETE
1834,0.5597145080566406,2025-04-04 02:47:31.180676,2025-04-04 02:47:38.350397,0 days 00:00:07.169721,0.039645564530261204,0.13116038449373527,8,0.0045279925453374946,0.2758292137610478,0.027608720286922073,0.09997687036461436,0.057247791301437034,0.02006792189815517,0.0005109651574384739,8,145,0.034351479766410106,0.009957673729495164,True,False,False,0.00041728371207578295,COMPLETE
1835,0.5449358463287354,2025-04-04 02:47:38.950416,2025-04-04 02:47:45.788593,0 days 00:00:06.838177,0.07282321461497802,0.2577552848862518,8,0.017085941950221947,0.2819727929389501,0.05861484521411164,0.0958824228344906,0.05982178030720863,0.04906830310071548,0.0010219392616569887,6,140,0.04003784720703257,0.005562351717622167,True,False,False,0.00023602782940669115,COMPLETE
1836,0.29631375670433047,2025-04-04 02:47:46.370811,2025-04-04 02:47:53.267647,0 days 00:00:06.896836,0.025862001658398408,0.20120141411545536,8,0.0001316727613794198,0.29436941246419657,0.03147940767612707,0.08316082071025098,0.05495903605494286,0.032272990671245824,0.0006395777074263868,7,147,0.037555940513315955,0.018555007555870237,True,False,False,0.0003120948191255865,COMPLETE
1837,0.5461817979812622,2025-04-04 02:47:53.868030,2025-04-04 02:48:00.527907,0 days 00:00:06.659877,0.05602204305174428,0.2259042044594706,8,0.009838571960780779,0.28634438392841505,0.06631544684446086,0.0934484980677227,0.05220561120177897,0.03979243463802343,0.0003255316650771936,5,150,0.03252942435368213,0.03100216089765908,True,False,False,0.0001564390271113254,COMPLETE
1838,0.5587877869606018,2025-04-04 02:48:01.139500,2025-04-04 02:48:07.979610,0 days 00:00:06.840110,0.08418767059683746,0.23732784390337014,8,0.01441179589988265,0.29473240534288603,0.06133716182623069,0.08709515037410297,0.06163614609747857,0.04484354996243078,0.0007792571122018167,6,144,0.03546203100677566,0.006552405187516175,True,False,False,0.0008058211362666648,COMPLETE
1839,0.29631375670433047,2025-04-04 02:48:08.563949,2025-04-04 02:48:15.531920,0 days 00:00:06.967971,0.11261541082711043,0.17855583794306612,8,0.00024227374019808023,0.2903470806812457,0.02209245164710676,0.0909326926826786,0.04581644006719122,0.029024827685228717,0.0005668890646798608,7,147,0.03386883368052532,0.01421298305903559,True,False,False,0.0005127394064594873,COMPLETE
1840,0.557318937778473,2025-04-04 02:48:16.149286,2025-04-04 02:48:22.921056,0 days 00:00:06.771770,0.04614267065706191,0.15377747924387786,8,0.008206486886171802,0.2807178791503752,0.026931385945475676,0.09162308326736192,0.048974266180115675,0.0415944755144888,0.00047603203630645387,6,142,0.03772141192107125,0.006317655499905962,True,False,False,0.0002129969455711265,COMPLETE
1841,0.29631375670433047,2025-04-04 02:48:23.502699,2025-04-04 02:48:31.930824,0 days 00:00:08.428125,0.011200740866446748,0.2713376636627619,16,0.01900131251544935,0.29982029171144886,0.06319507574488854,0.08904405353844934,0.056279463227723446,0.035439146902741234,0.0006921735472572811,30,150,0.029775205034776122,0.025431876124467574,True,True,False,0.00037889355064963607,COMPLETE
1842,0.5600281238555909,2025-04-04 02:48:32.543877,2025-04-04 02:48:39.258030,0 days 00:00:06.714153,0.06899032424623164,0.2052386505040883,8,0.009674318819826114,0.2714225037783249,0.057275278881805766,0.0968747483103863,0.03242004452036041,0.042843809379558895,0.0008839643212178697,5,147,0.03573646213973009,0.012335865047100228,True,False,False,0.0002833543640244323,COMPLETE
1843,0.54234539270401,2025-04-04 02:48:39.841164,2025-04-04 02:48:46.881688,0 days 00:00:07.040524,0.09291330251308746,0.2515052465208294,8,0.059830740739515983,0.2859342957405041,0.06020978681449041,0.09443571634535272,0.05834196479642264,0.025972663050364213,0.00040085743981734673,7,145,0.04275027440669455,0.018234851262875128,True,False,False,0.00043171253451592225,COMPLETE
1844,0.3515904664993286,2025-04-04 02:48:47.491284,2025-04-04 02:48:53.955535,0 days 00:00:06.464251,0.036359942888310376,0.19475339715635728,8,0.005109311875383809,0.2766055001957724,0.06749024654721497,0.08611483922121757,0.053020014430429745,0.03351334557156021,2.4667573498088516e-05,6,137,0.031862936270474485,0.0011352485555437492,True,False,True,0.000651486599382135,COMPLETE
1845,0.537372374534607,2025-04-04 02:48:54.538326,2025-04-04 02:49:01.701574,0 days 00:00:07.163248,0.06355786571346242,0.21832664648711347,8,0.02444621363524853,0.29146012817909994,0.024417700693747168,0.08996851681309619,0.054906854121141296,0.03832311423634495,0.0015188728000570867,8,148,0.03969938511923461,0.010367037123444032,True,False,False,0.00010629105857506243,COMPLETE
1846,0.40341341495513916,2025-04-04 02:49:02.313444,2025-04-04 02:49:08.902602,0 days 00:00:06.589158,0.028291003272843528,0.24039048473578037,8,0.014238256956577416,0.2829016778656284,0.029329310517554136,0.09213207810918679,0.05871127112998753,0.047397989525447964,0.0005852603342956911,5,14,0.03435303566757454,0.0011114282066927675,True,False,False,0.00019817220591501086,COMPLETE
1847,0.5372702240943908,2025-04-04 02:49:09.479521,2025-04-04 02:49:16.476644,0 days 00:00:06.997123,0.08528237381047193,0.16706589761403276,8,0.018775663980388366,0.29055398273739946,0.06528340790615625,0.09568328992658709,0.06340737436085124,0.030353037217718596,0.000712002153486003,7,142,0.04968968405210098,0.021425270750178436,True,False,False,0.00033235852942373266,COMPLETE
