number,value,datetime_start,datetime_complete,duration,params_alpha-eval,params_alpha-train,params_batch-size,params_eps-eval,params_eps-train,params_lambda-actions-eval,params_lambda-actions-train,params_lambda-frames-eval,params_lambda-frames-train,params_learning-rate,params_n-epochs,params_n-frames,params_radius-gw,params_rho,params_std-feats,params_ub-actions,params_ub-frames,params_weight-decay,state
1512,0.29631375670433047,2025-04-04 02:07:39.082020,2025-04-04 02:07:46.173972,0 days 00:00:07.091952,0.09222738141500116,0.270572207387596,8,0.00016554364836898153,0.2885235732579993,0.02606896515199691,0.09150638489101369,0.03802342426029062,0.031472213680649085,0.0007323460218611899,8,142,0.036476011423187196,0.01096618297777654,True,False,False,0.0003364334177680927,COMPLETE
1513,0.5603692293167115,2025-04-04 02:07:46.653837,2025-04-04 02:07:53.500279,0 days 00:00:06.846442,0.010697279682811922,0.17076628356459794,8,0.008986735118170077,0.2948511072705307,0.09979079160913008,0.09587455610171593,0.055754376671529576,0.02188546186182999,0.00047651938697185995,6,147,0.0424102139238896,0.01613172079699058,True,False,False,0.00022007902292356512,COMPLETE
1514,0.5583207845687866,2025-04-04 02:07:54.005807,2025-04-04 02:08:00.664496,0 days 00:00:06.658689,0.06503791735811318,0.2005427230662062,8,0.014772116679821652,0.18304993679631715,0.06061392443458849,0.09280482368091449,0.052557061117206684,0.043700064251245556,0.000611505217084501,5,150,0.033590452254265914,0.023499437697186744,True,False,False,0.0005539223916076914,COMPLETE
1515,0.5533536672592163,2025-04-04 02:08:01.147846,2025-04-04 02:08:08.164827,0 days 00:00:07.016981,0.04236377061014268,0.23006251260372557,8,0.023966344839210865,0.28312465819379695,0.05610453842198595,0.08671117509441954,0.06256655399186571,0.05322870298843808,0.0009663390579240411,7,144,0.03923564071608019,0.010381951840373129,True,False,False,0.0002978236080974683,COMPLETE
1516,0.29631375670433047,2025-04-04 02:08:08.650438,2025-04-04 02:08:15.411789,0 days 00:00:06.761351,0.08158279401068914,0.1354252335793124,8,0.005384847630098349,0.27085025276175406,0.06932942345709779,0.06754707145282779,0.03493789126680761,0.03691853687075154,0.018286001846207996,6,139,0.03552481103767642,0.005757517650821449,True,False,False,0.0003996340097883172,COMPLETE
1517,0.5556885600090027,2025-04-04 02:08:15.915439,2025-04-04 02:08:22.531865,0 days 00:00:06.616426,0.11898206695780256,0.2604626995028357,8,0.010402774916211662,0.2896575206942626,0.06243115613626562,0.09030340081279127,0.05927706972704357,0.04126524250365178,0.000769559603660314,5,148,0.03754225003556998,0.015183993973716817,True,False,False,0.000608623150474832,COMPLETE
1518,0.561396872997284,2025-04-04 02:08:23.018783,2025-04-04 02:08:29.827567,0 days 00:00:06.808784,0.027260376256957652,0.30064621526538876,8,0.01813748059473674,0.2999982504932777,0.027799534042277637,0.08843212952631004,0.049574041439686,0.02936996137479291,0.0005258962427233017,6,145,0.032249642258050826,0.006482597164258184,True,False,False,0.00022692995841822877,COMPLETE
1519,0.5412242650985718,2025-04-04 02:08:30.309665,2025-04-04 02:08:37.364247,0 days 00:00:07.054582,0.05188591470788151,0.19116707565391056,8,0.06850742816058489,0.28627518235852184,0.022811378607948386,0.09352645992767987,0.017208151479782906,0.038602554433532756,0.00033301915963622556,7,150,0.0297432826656992,0.03041031591639433,True,False,False,0.0004855721316973822,COMPLETE
1520,0.5539355874061584,2025-04-04 02:08:37.845625,2025-04-04 02:08:44.987292,0 days 00:00:07.141667,0.05942183722763552,0.21883285572070116,8,0.005057146974713533,0.27885047630762405,0.025565580121118377,0.09667639449003389,0.053742175964522874,0.02487599330690912,0.0006477033107843157,8,142,0.040650485412205645,0.020499091077269493,True,False,False,0.000314638198301297,COMPLETE
1521,0.5451996564865113,2025-04-04 02:08:45.489349,2025-04-04 02:08:52.309277,0 days 00:00:06.819928,0.1024250543993667,0.1563822800231242,8,0.01382949672768859,0.29476158039939604,0.05762541679864858,0.08975952635084856,0.058028832553857775,0.04619453501685791,0.0011177015843235494,6,147,0.034768010073186965,0.01197057599111746,True,False,False,0.00015486129330844514,COMPLETE
1522,0.29631375670433047,2025-04-04 02:08:52.797944,2025-04-04 02:08:58.997707,0 days 00:00:06.199763,0.07881163247283339,0.24646402977605708,8,0.02399528467463652,0.27917953349565305,0.06520168127878534,0.08460261735705249,0.05569533735355939,0.0353544671312708,0.00046120659501604205,5,145,0.03742170997727649,0.017353728002133383,True,True,False,0.0006719268227496074,COMPLETE
1523,0.29631375670433047,2025-04-04 02:08:59.478032,2025-04-04 02:09:06.379814,0 days 00:00:06.901782,0.028362226176637046,0.18548421210636723,8,0.00022697182326684474,0.29030691497820965,0.0553496942710797,0.09181471824061502,0.04754125647137323,0.03293002150774983,0.0007728054707518207,7,150,0.033238440950434926,0.0011805926321308245,True,False,False,0.00041159328034871297,COMPLETE
1524,0.5620315194129945,2025-04-04 02:09:06.886506,2025-04-04 02:09:13.658072,0 days 00:00:06.771566,0.0425733649449639,0.21287358408514048,8,0.011286316123677285,0.28487212662077604,0.06149936084639879,0.09530924991162756,0.04325810119335665,0.04298302438750004,0.0005791102659776288,6,142,0.03560924539575429,0.0010968230829367417,True,False,False,0.0002665494183434827,COMPLETE
1525,0.34979987740516666,2025-04-04 02:09:14.153950,2025-04-04 02:09:20.801085,0 days 00:00:06.647135,0.029635664301619326,0.24134321335311243,8,0.005323625114448867,0.2951237776674588,0.06105438657413568,0.09834269956836143,0.04365754394198251,0.04438433643135541,0.0004025393469925676,7,139,0.039789177914795824,0.024639531938280987,True,False,True,0.00018467060458907865,COMPLETE
1526,0.48623473644256593,2025-04-04 02:09:21.284368,2025-04-04 02:09:28.174657,0 days 00:00:06.890289,0.04371725718199898,0.2598310923194691,8,0.009210885195224953,0.2902385214044329,0.06281592662589001,0.0962998200848323,0.04475935705510968,0.042942621160804016,0.0005226375866883679,7,66,0.03772744210934981,0.009562427823183554,True,False,False,0.00022628997396323787,COMPLETE
1527,0.5543518304824829,2025-04-04 02:09:28.654988,2025-04-04 02:09:35.492640,0 days 00:00:06.837652,0.7722932956064301,0.2803692459557148,8,0.009002962124500255,0.28537810208783093,0.05949424744592274,0.0988586384811439,0.046259237751540255,0.04590837404539851,0.0004238309519203762,6,139,0.0362889460372745,0.006586917371919313,True,False,False,0.00010957185746187127,COMPLETE
1528,0.5563746690750122,2025-04-04 02:09:35.995924,2025-04-04 02:09:43.160315,0 days 00:00:07.164391,0.06789892434300987,0.22319158526563662,8,0.005983542112095123,0.2954477581993133,0.0608773413685736,0.0999736025031203,0.05068997167356688,0.0412808937378987,0.000558773586288217,8,139,0.041576283993219214,0.014252425330787025,True,False,False,0.00024594770122753746,COMPLETE
1529,0.40101063847541807,2025-04-04 02:09:43.643562,2025-04-04 02:09:50.079571,0 days 00:00:06.436009,0.02631653784605261,0.23436258304231564,16,0.011131632170124158,0.28658527133032163,0.06275216664094624,0.09516915089002763,0.0475834709979002,0.04367584404876088,0.0004805595962847756,7,141,0.0386692332828774,0.01968835971117582,False,False,False,0.0001806650451459326,COMPLETE
1530,0.5579045295715332,2025-04-04 02:09:50.560780,2025-04-04 02:09:57.368591,0 days 00:00:06.807811,0.08492741876252533,0.2109777019901781,8,0.004987923926980163,0.29188806744043483,0.05964187526711388,0.0965408123135861,0.06076525318219147,0.048285049849476645,0.00035063257257629353,6,142,0.03594580333094916,0.010292169984680112,True,False,False,0.00014384283616386846,COMPLETE
1531,0.5323442578315736,2025-04-04 02:09:57.875053,2025-04-04 02:10:04.752116,0 days 00:00:06.877063,0.05742057313857714,0.24939419777468322,8,0.01263797900369397,0.2998867141267397,0.06180250237557176,0.09538896799271225,0.05430026312702528,0.04547035934407906,0.0006192901534414571,7,92,0.03868829609722789,0.03766603030943552,True,False,False,0.00026840999777998423,COMPLETE
1532,0.5555301666259767,2025-04-04 02:10:05.240153,2025-04-04 02:10:12.076247,0 days 00:00:06.836094,0.012283498771580564,0.2721353274403609,8,0.010051915247965075,0.28581085457865457,0.05851002376820059,0.09738481935027339,0.05198842869952584,0.04206225084854503,0.0008550391008914433,6,143,0.03416001652884339,0.02585633570143454,True,False,False,0.00022548447870545152,COMPLETE
1533,0.4666850864887238,2025-04-04 02:10:12.561600,2025-04-04 02:10:19.853600,0 days 00:00:07.292000,0.13289018592853202,0.21589996346089657,8,0.255519205758291,0.29396828706238315,0.06407956398899908,0.09458468286497165,0.05708638626510703,0.04339789220316351,0.0005742539159519339,8,148,0.0366904909736812,0.0011611875077673839,True,False,False,0.00026275129348087483,COMPLETE
1534,0.3826679587364197,2025-04-04 02:10:20.366961,2025-04-04 02:10:27.327430,0 days 00:00:06.960469,0.10845409357371123,0.23173338294127782,8,0.20560675789115823,0.2824809534873696,0.05837272829344898,0.09429603705491144,0.048822601294759536,0.0408004230503278,0.0006828574187137731,6,147,0.07684598802886763,0.01562969289320231,True,False,False,7.860959054370679e-07,COMPLETE
1535,0.561396872997284,2025-04-04 02:10:27.817397,2025-04-04 02:10:34.796275,0 days 00:00:06.978878,0.03346538487580733,0.2578079263865287,8,0.005373467441465396,0.2898059406987274,0.060455959326723444,0.09765624765562843,0.05915813075888695,0.04773823005788948,0.00041828839971074096,7,150,0.03136908602696378,0.006714318732478205,True,False,False,8.557824313023356e-08,COMPLETE
1536,0.555945634841919,2025-04-04 02:10:35.285528,2025-04-04 02:10:42.115554,0 days 00:00:06.830026,0.07262823231655248,0.21092989941909998,8,0.015741749560819432,0.2948475974019623,0.0614251007309479,0.09388218395485758,0.056285455780447864,0.045385043763970075,0.0004972877502244637,6,138,0.039998494745347224,0.010263352613266021,True,False,False,0.00019063050482710263,COMPLETE
1537,0.5597857952117921,2025-04-04 02:10:42.621746,2025-04-04 02:10:49.632175,0 days 00:00:07.010429,0.044562461457607144,0.23839706551089038,8,0.013628127728493988,0.2999646468856383,0.05354452961624804,0.09310003059474639,0.053022813475955194,0.05043149864408093,0.0008391310922953114,7,142,0.03580226419236075,0.01918246559277681,True,False,False,0.00031192519190156816,COMPLETE
1538,0.5493815302848816,2025-04-04 02:10:50.126355,2025-04-04 02:10:56.890807,0 days 00:00:06.764452,0.0883280846297625,0.3213906890494969,8,0.003959195391540507,0.2836008595699059,0.05768465444086058,0.09636995096244902,0.051311930974529435,0.042568643184391346,0.0005821806310497889,6,145,0.043341381837978525,0.029000132302366262,True,False,False,0.00026724770698485355,COMPLETE
1539,0.5008780837059021,2025-04-04 02:10:57.381816,2025-04-04 02:11:04.283697,0 days 00:00:06.901881,0.059899558281909064,0.2838917256638488,8,0.18473917401309317,0.28951619570867043,0.056210758410360384,0.09428975000485984,0.05480689698274438,0.0398529307778479,0.0007217701258999995,6,147,0.033101238788263716,0.006077266704931572,True,False,False,0.0003413444743541847,COMPLETE
1540,0.29631375670433047,2025-04-04 02:11:04.774102,2025-04-04 02:11:11.630659,0 days 00:00:06.856557,0.011219520252936786,0.20471750618670767,8,0.0005574811732520562,0.28001060506930553,0.05921782477796392,0.09813145076519025,0.05802315455652671,0.042029915410764666,0.0010286905908056282,7,150,0.03856235679826378,0.014723117695416454,True,False,False,0.000198861347033127,COMPLETE
1541,0.29631375670433047,2025-04-04 02:11:12.136197,2025-04-04 02:11:18.860052,0 days 00:00:06.723855,0.041600713063776315,0.25307777958144306,8,0.009614785989435978,0.2951277226565269,0.06269902254322401,0.09241769234029226,0.06121830204381807,0.04456187314520712,0.0004852464030559279,8,143,0.03466587757137551,0.010733943172011916,True,True,False,0.00032471185822670166,COMPLETE
1542,0.5607603549957275,2025-04-04 02:11:19.349649,2025-04-04 02:11:26.138524,0 days 00:00:06.788875,0.09698984379819828,0.22585728775601557,8,0.018732959399068234,0.28666437457866023,0.06451663174707863,0.0952724144233936,0.05018582967723707,0.0404251529974386,0.0006470284318152376,6,147,0.031982934826985256,0.02190391407646746,True,False,False,0.0001542301758990907,COMPLETE
1543,0.5576988101005554,2025-04-04 02:11:26.623110,2025-04-04 02:11:33.620339,0 days 00:00:06.997229,0.0696871359680585,0.2032765731750156,8,0.004950719901372533,0.29078508748157594,0.02779886673786038,0.09212674111360836,0.05489537146296444,0.0475545499838245,0.0003333558838839459,7,140,0.03669497394625983,0.005704638040038517,True,False,False,0.00026718030764349575,COMPLETE
1544,0.36647759079933173,2025-04-04 02:11:34.129715,2025-04-04 02:11:40.708824,0 days 00:00:06.579109,0.11539450777973329,0.29816831042163794,8,0.014083598835631199,0.20105869921158215,0.023829255553076193,0.09606602005949515,0.04528446233142774,0.04580257470154327,0.0008774801230313641,7,145,0.04098614751564679,0.015844268483191967,True,False,True,0.0003565674008135904,COMPLETE
1545,0.5609832406044006,2025-04-04 02:11:41.200622,2025-04-04 02:11:48.022293,0 days 00:00:06.821671,0.01070652490367823,0.26826064391440946,8,0.010810841863036722,0.2752006543388545,0.06087530517300686,0.0915293003110523,0.06258122886268778,0.03967852758961772,0.0005651777366982546,6,150,0.03400364088194967,0.006865107663741538,True,False,False,0.00022911535316056717,COMPLETE
1546,0.5589406967163086,2025-04-04 02:11:48.514104,2025-04-04 02:11:55.339728,0 days 00:00:06.825624,0.055320758702618766,0.23126685212367332,8,0.004792546765365904,0.28150003346181884,0.0552864543879761,0.09347884642860309,0.05716554686662223,0.04311760553848337,0.0004669572336638964,6,147,0.03691356328876806,0.011933521322284604,True,False,False,0.000313151743319612,COMPLETE
1547,0.5529701590538025,2025-04-04 02:11:55.850781,2025-04-04 02:12:02.857440,0 days 00:00:07.006659,0.035643063152885665,0.17441641732388943,8,0.018543439613733496,0.29407818633958555,0.024837044367515028,0.09466585674913787,0.058592077302642855,0.039263890128499325,0.0007056095119723421,7,143,0.027744490601812465,0.02175502463907863,True,False,False,0.0002137539695993977,COMPLETE
1548,0.29631375670433047,2025-04-04 02:12:03.348500,2025-04-04 02:12:09.962693,0 days 00:00:06.614193,0.08041826034341733,0.21049756857404284,8,0.00044561616862981435,0.2863387628908732,0.026470112035580473,0.09888682307037078,0.0526617797483443,0.04385385896739624,0.0003996097256483602,6,150,0.030496269104950968,0.0011004483256897403,False,False,False,0.00038101896627787006,COMPLETE
1549,0.5552365064620972,2025-04-04 02:12:10.451858,2025-04-04 02:12:17.056096,0 days 00:00:06.604238,0.05949203137389433,0.2453853713049614,16,0.010457196641096195,0.26946355690752954,0.05732649183704178,0.0904649768816986,0.05478214218390338,0.04155223228683695,0.0005785649608222647,8,145,0.038407575868460664,0.015027814764749157,True,False,False,0.00027908329129044566,COMPLETE
1550,0.5546372532844543,2025-04-04 02:12:17.570788,2025-04-04 02:12:24.562289,0 days 00:00:06.991501,0.09303631362935974,0.18628317807054573,8,0.016504946827461158,0.2906320345202486,0.05156202238932904,0.09273697119641257,0.04848729045346531,0.048998853775010134,0.0007588877464802283,7,141,0.03555489379237951,0.028707849846649106,True,False,False,0.00017345466207094052,COMPLETE
1551,0.29631375670433047,2025-04-04 02:12:25.057911,2025-04-04 02:12:31.771872,0 days 00:00:06.713961,0.03360156677758009,0.22423406908428586,8,0.0004304560274910607,0.29992478783837845,0.06467808308909365,0.09663755246925344,0.06031739057498637,0.02594047449536223,0.0009738067448181008,6,147,0.03255250224177091,0.0010579169584613967,True,False,False,0.0001297689338970744,COMPLETE
1552,0.4856692671775818,2025-04-04 02:12:32.270283,2025-04-04 02:12:39.144078,0 days 00:00:06.873795,0.07636336001218819,0.2655816122208775,8,0.23907997658164282,0.28096796466357415,0.06240020301493803,0.09150843267106129,0.056395803188469616,0.04668309392222201,0.0006554162787090657,6,144,0.034559509817130414,0.009863437077705001,True,False,False,1.0957474888263703e-06,COMPLETE
1553,0.3892062842845917,2025-04-04 02:12:39.662775,2025-04-04 02:12:46.683150,0 days 00:00:07.020375,0.04900353353469186,0.1943204483016587,8,0.008804716805059076,0.29437468802867456,0.059798822187150213,0.09383683561488304,0.050212508216117835,0.039281842861735874,0.0005065868649975562,7,138,0.08171064577558185,0.006349980531653689,True,False,False,0.0003856227778439909,COMPLETE
1554,0.5502874374389649,2025-04-04 02:12:47.184860,2025-04-04 02:12:53.991345,0 days 00:00:06.806485,0.1359264480202239,0.24755386600502205,8,0.022515594875341,0.27510091515636415,0.022218883017410245,0.09091993513081927,0.05345281707118591,0.044868333011645375,0.0007891681150133102,6,150,0.039488680276441965,0.01999966320359676,True,False,False,0.00027487187254145374,COMPLETE
1555,0.546044421195984,2025-04-04 02:12:54.483118,2025-04-04 02:13:01.093362,0 days 00:00:06.610244,0.028478327628537768,0.21861244329271817,8,0.01663599585767774,0.2873376468294702,0.02831938717775803,0.09528561099844514,0.058950043232989933,0.05092900937094878,0.001203363430020791,5,147,0.03762875399524826,0.014164758231103667,True,False,False,0.0003375417737438955,COMPLETE
1556,0.5601313710212708,2025-04-04 02:13:01.612051,2025-04-04 02:13:08.828351,0 days 00:00:07.216300,0.10101239082600394,0.16720968400819197,8,0.009744468944014248,0.29988315641945235,0.024724542926373536,0.0982229314042735,0.042502902987636725,0.04123590622008018,0.0005750436874172609,8,147,0.035137616815226105,0.03398731616207799,True,False,False,0.0002219674126021641,COMPLETE
1557,0.5226719379425049,2025-04-04 02:13:09.323055,2025-04-04 02:13:16.358725,0 days 00:00:07.035670,0.06618378558504265,0.19810234492074758,8,0.1077873088041541,0.2829567593926252,0.05794527703013944,0.08951303941379864,0.05665240776849501,0.037869410996244975,0.0003942431125805031,7,143,0.03318587249432461,0.0011320112285985694,True,False,False,0.0004344393438911473,COMPLETE
1558,0.5536901354789734,2025-04-04 02:13:16.854256,2025-04-04 02:13:23.644640,0 days 00:00:06.790384,0.04763212077829251,0.28649256702579967,8,0.004916730619815539,0.29058211755067653,0.05384946891147606,0.09215752124274613,0.052173314487245555,0.04263122793104603,0.0006828746348860254,6,150,0.0423545348204267,0.02357764062040564,True,False,False,0.00030052712771881006,COMPLETE
1559,0.29631375670433047,2025-04-04 02:13:24.163176,2025-04-04 02:13:30.397759,0 days 00:00:06.234583,0.08173804679555383,0.23794438225437775,8,0.01423061675324267,0.27727258899270585,0.06336358971137694,0.0962375954149234,0.04705278348748929,0.02747860320088947,0.00090426267929909,5,145,0.03701712129242314,0.00956472694205199,True,True,False,0.0001901905302619124,COMPLETE
1560,0.5595184922218324,2025-04-04 02:13:30.900503,2025-04-04 02:13:37.694505,0 days 00:00:06.794002,0.1150189834276753,0.21839303584420414,8,0.02520718237868927,0.2948767741047247,0.027599349644502166,0.09444617640204707,0.054519815701434576,0.022316288515446054,0.0004374180841487205,6,141,0.029058854694077443,0.01576368022220809,True,False,False,0.00044105329503013385,COMPLETE
1561,0.5607603549957275,2025-04-04 02:13:38.188675,2025-04-04 02:13:45.239540,0 days 00:00:07.050865,0.025296314734445432,0.11991247152208057,8,0.009487591892397316,0.2840366087090665,0.022402864287821702,0.09050292139666898,0.06267519429627476,0.046912070234318204,0.0005455921196060902,7,147,0.031775515216236214,0.006689718171979445,True,False,False,0.000248415304407066,COMPLETE
1562,0.3377445936203003,2025-04-04 02:13:45.755919,2025-04-04 02:13:52.227287,0 days 00:00:06.471368,0.010810637877458847,0.26110947890214165,8,0.018661888686622965,0.28862927649968645,0.09521027007109792,0.09985685589609698,0.057761052414717406,0.03816280021308551,0.000688975912458112,6,150,0.036126334447350285,0.011542182773868634,True,False,True,0.0003600837818845175,COMPLETE
1563,0.5557543992996217,2025-04-04 02:13:52.725580,2025-04-04 02:13:59.583431,0 days 00:00:06.857851,0.062233609014374,0.14751138764646043,8,0.0054640345608446775,0.27259678140011495,0.055768058785436,0.09297982291675498,0.051593447581584545,0.05632788431790006,0.0005092402817526934,6,144,0.03978508077201811,0.0011130779272720652,True,False,False,0.0004947335378532065,COMPLETE
1564,0.5402418971061707,2025-04-04 02:14:00.082187,2025-04-04 02:14:07.013780,0 days 00:00:06.931593,0.045724096866762785,0.18120579254533312,8,0.012820801739267695,0.29526873342598653,0.0602409633650002,0.08900943423658263,0.04411992847911437,0.04402896831755055,0.0016803817390597525,7,147,0.03382955699179389,0.019595189870421685,True,False,False,0.000295611772131083,COMPLETE
1565,0.29631375670433047,2025-04-04 02:14:07.532624,2025-04-04 02:14:14.092712,0 days 00:00:06.560088,0.08866710145569792,0.24220196101610014,8,0.00021639373462390386,0.16495577950091528,0.02648591558275657,0.09652669798852481,0.06027602817303532,0.04146071259156926,0.0008242797352107026,5,140,0.038127708479709685,0.006245136726448576,True,False,False,0.0003776981262297635,COMPLETE
1566,0.5574710607528687,2025-04-04 02:14:14.593881,2025-04-04 02:14:21.762956,0 days 00:00:07.169075,0.06953555087886684,0.20507873177639754,8,0.02073034000306856,0.2806721201698556,0.02551164603069209,0.09311116599280761,0.05568762007894977,0.0391773808441798,0.0006068290230292913,8,150,0.03557480638412731,0.026942150945735256,True,False,False,0.00015743842053620504,COMPLETE
1567,0.40192894935607915,2025-04-04 02:14:22.261441,2025-04-04 02:14:29.153672,0 days 00:00:06.892231,0.04317311445565836,0.22650247919003932,8,0.009006803210420605,0.2865569603937191,0.061735020470812974,0.08712248962052037,0.04925898689254674,0.02509814114698729,0.00034444968512212167,7,145,0.03071752743344561,0.0010059748843851794,False,False,False,9.449474867303506e-05,COMPLETE
