number,value,datetime_start,datetime_complete,duration,params_alpha-eval,params_alpha-train,params_batch-size,params_eps-eval,params_eps-train,params_lambda-actions-eval,params_lambda-actions-train,params_lambda-frames-eval,params_lambda-frames-train,params_learning-rate,params_n-epochs,params_n-frames,params_radius-gw,params_rho,params_std-feats,params_ub-actions,params_ub-frames,params_weight-decay,state
1008,0.5567797303199769,2025-04-04 01:07:00.348278,2025-04-04 01:07:07.299390,0 days 00:00:06.951112,0.08148777654728018,0.20675975677086464,8,0.008166384415920623,0.29410369476336523,0.03067052798592558,0.08953915508604657,0.057306081132916555,0.038334824393123565,0.0006973283512323657,7,150,0.032349115279316346,0.019496302215204764,True,False,False,0.0002674567658713884,COMPLETE
1009,0.5483927011489869,2025-04-04 01:07:07.624757,2025-04-04 01:07:14.613290,0 days 00:00:06.988533,0.050376221316794284,0.22741978273084013,8,0.010733867353597226,0.28241766018160885,0.02944110680230546,0.08646896672350682,0.05627411728860614,0.03669335630886332,0.0010473453433889155,7,150,0.032696149599815295,0.011874958973212408,True,False,False,0.0005795471929659796,COMPLETE
1010,0.5609832406044006,2025-04-04 01:07:14.938549,2025-04-04 01:07:21.728563,0 days 00:00:06.790014,0.08368978373631407,0.2689102453137587,8,0.005469034880779589,0.28793804810883594,0.03205521385067603,0.0904164330171672,0.05869241881045338,0.03801403485066342,0.0006175563543043386,6,145,0.03498636917611705,0.006782698666452591,True,False,False,0.00030629321931166444,COMPLETE
1011,0.29631375670433047,2025-04-04 01:07:22.055884,2025-04-04 01:07:28.409863,0 days 00:00:06.353979,0.08001521551660457,0.27614554732731567,8,0.005378728348944652,0.2879292674402229,0.03289488514621875,0.09115479191211782,0.058643527826951855,0.03767456306823144,0.0005785947084252782,6,145,0.03291978832575864,0.005569810165799409,True,True,False,0.00028698785518564034,COMPLETE
1012,0.29631375670433047,2025-04-04 01:07:28.740488,2025-04-04 01:07:35.530451,0 days 00:00:06.789963,0.0810049598610827,0.25974314734172455,8,0.0005210659056105573,0.29304017010038236,0.03134465158573945,0.0892228837650931,0.05846144364483941,0.03999830545119153,0.0008029892310945542,7,67,0.034533664104899095,0.007201909245629539,True,False,False,0.00022544305734028248,COMPLETE
1013,0.5227848649024964,2025-04-04 01:07:35.861278,2025-04-04 01:07:42.594677,0 days 00:00:06.733399,0.04675911763740773,0.2342274456793549,8,0.0047106597992617304,0.2854337387380927,0.02887140412789004,0.0874162056942359,0.05638504838393979,0.04193274834657075,0.0006802442851074901,6,100,0.033175076958452,0.013295692740802455,True,False,False,0.0003468218771852006,COMPLETE
1014,0.3454212725162506,2025-04-04 01:07:42.906744,2025-04-04 01:07:49.480953,0 days 00:00:06.574209,0.0830424202914507,0.20528604676206474,8,0.008018365785833488,0.2944504301062481,0.028286832420917892,0.0917115606945933,0.05195234767352237,0.03784766085263149,0.0005483454950468267,7,147,0.035156645302355925,0.007749798715777058,True,False,True,0.0004706544097571351,COMPLETE
1015,0.29631375670433047,2025-04-04 01:07:49.809770,2025-04-04 01:07:56.520058,0 days 00:00:06.710288,0.026464628264046133,0.257592625275202,8,0.00022736026961588888,0.288333669510433,0.027257684391320952,0.08886541034445214,0.0540343092407871,0.03428722968991658,0.0009157827045860879,6,150,0.03227631467577443,0.007418691170231534,True,False,False,0.0002814026688809471,COMPLETE
1016,0.5569990396499633,2025-04-04 01:07:56.848567,2025-04-04 01:08:03.870817,0 days 00:00:07.022250,0.06458580561036469,0.22152599147174884,8,0.006333303054897657,0.2817691497522132,0.029683349938688416,0.08641689147212143,0.05883264406667636,0.04013695134571969,0.0006464428090489892,7,145,0.03706303461657921,0.015277118757117734,True,False,False,0.0003585668741306108,COMPLETE
1017,0.55747309923172,2025-04-04 01:08:04.200457,2025-04-04 01:08:11.039562,0 days 00:00:06.839105,0.08445178014459095,0.24229827583388375,8,0.010934945002560755,0.29917531626623955,0.03158219803308103,0.09249882466306612,0.05652740261951547,0.04216903183380196,0.0007731943879910768,6,150,0.03476105353039669,0.0010296005950825486,True,False,False,0.00020290934155407471,COMPLETE
1018,0.37826759815216066,2025-04-04 01:08:11.374099,2025-04-04 01:08:18.286569,0 days 00:00:06.912470,0.043480205154383264,0.2040562763051823,8,0.11095372922154073,0.28857291245178723,0.027054245265758864,0.09073574241496829,0.05898743454634276,0.03745367360209791,0.0011419790623811152,7,147,0.03630298255717192,0.0117563435567712,False,False,False,0.00044509897124073286,COMPLETE
1019,0.29631375670433047,2025-04-04 01:08:18.620469,2025-04-04 01:08:25.368575,0 days 00:00:06.748106,0.062329694613187374,0.23484777096514628,8,0.0003377411814145916,0.2940324053956953,0.024698714441487243,0.08979635950774682,0.05558389753263544,0.04252257283946267,0.0005291877776672435,6,145,0.03304358969077318,0.008548341463173285,True,False,False,0.0005660224065440588,COMPLETE
1020,0.5583256125450134,2025-04-04 01:08:25.684616,2025-04-04 01:08:32.516283,0 days 00:00:06.831667,0.08116019899102471,0.27241626560668,8,0.010456657917389162,0.2838452947479057,0.030086899814588626,0.08609209353850326,0.05276828310015786,0.03920423045264687,0.0006407577951534265,6,150,0.0384452892222296,0.017776573709048175,True,False,False,0.00024755930914216104,COMPLETE
1021,0.559367835521698,2025-04-04 01:08:32.843057,2025-04-04 01:08:39.898674,0 days 00:00:07.055617,0.0285839665188386,0.19951331924543117,8,0.005396110875968539,0.2942470554614507,0.02655434674144935,0.08788948756805258,0.0574270827957001,0.0353785026796292,0.0008605355970843379,7,147,0.034602976736014465,0.001440515533996524,True,False,False,0.0003286429957014843,COMPLETE
1022,0.5579045295715332,2025-04-04 01:08:40.228577,2025-04-04 01:08:46.859749,0 days 00:00:06.631172,0.06125543435019691,0.20958008250141086,8,0.00562848286554986,0.299970445398969,0.028357562701957256,0.0928058166018981,0.059793353165869485,0.03995479598039291,0.0005668457365841082,5,145,0.03646531159281986,0.007235470497845109,True,False,False,0.0007371383116883303,COMPLETE
1023,0.48180011510848997,2025-04-04 01:08:47.190881,2025-04-04 01:08:53.982479,0 days 00:00:06.791598,0.08781869784702233,0.2539785211062417,8,0.22453257418560912,0.2804651317140433,0.024387252999475865,0.09421024232403624,0.05102394160479907,0.032786219950121175,0.0007331407121393498,6,150,0.032418525249302686,0.013987417397151185,True,False,False,0.00038787340655345556,COMPLETE
1024,0.5546610474586487,2025-04-04 01:08:54.317278,2025-04-04 01:09:01.291643,0 days 00:00:06.974365,0.045384837634671375,0.22471627796142118,8,0.015786462145217145,0.28869577802915103,0.03204483040775802,0.09027049676109283,0.05483314298949774,0.03821101181093938,0.0009380393617589296,7,147,0.03913014043987734,0.001161269228843432,True,False,False,0.00027427396403363293,COMPLETE
1025,0.4443556010723114,2025-04-04 01:09:01.623122,2025-04-04 01:09:08.323604,0 days 00:00:06.700482,0.0642414984173346,0.19628033486307034,8,0.012279963800581793,0.28206186675025435,0.026858735181708306,0.08763704599422126,0.05729644792364559,0.04122690678843179,0.0005230213744736728,6,56,0.03416778520609545,0.01783957146138562,True,False,False,0.0005083452198545247,COMPLETE
1026,0.29631375670433047,2025-04-04 01:09:08.656820,2025-04-04 01:09:15.514372,0 days 00:00:06.857552,0.08865795130990456,0.1872821300849615,8,0.0005071144430949786,0.29995430163376746,0.024176016802795276,0.089265085733858,0.05975421001183609,0.043779782475029706,0.0006528864631789254,7,144,0.03767333191871881,0.011387865946091775,True,False,False,0.0002029236118326061,COMPLETE
1027,0.4274161458015442,2025-04-04 01:09:15.829552,2025-04-04 01:09:22.572994,0 days 00:00:06.743442,0.023546697077793735,0.24222731857173294,8,0.25175720937151697,0.2889942759904907,0.030416598520352146,0.08557849766960099,0.054890791443977495,0.036902380374337275,0.0007759749245798615,5,147,0.09903698756075244,0.006904832647066865,True,False,False,0.000338329937032927,COMPLETE
1028,0.5556497573852539,2025-04-04 01:09:22.901702,2025-04-04 01:09:29.679218,0 days 00:00:06.777516,0.05093554104276794,0.20814751835636763,8,0.010438435136974355,0.2939262900926298,0.028486970056670866,0.09165964241240768,0.047970960967462284,0.04638716539535754,0.00043011293767810483,6,150,0.04249918429090228,0.018750162725194565,True,False,False,0.00044017982656564445,COMPLETE
1029,0.5599464058876038,2025-04-04 01:09:30.009966,2025-04-04 01:09:37.030863,0 days 00:00:07.020897,0.06996445525623497,0.2728319023252297,8,0.005744974010492403,0.2808763464953851,0.025663150077703843,0.09416199462844656,0.05740729029378504,0.03407042442838941,0.0005788285466073299,7,144,0.03568486590529593,0.006710137734729001,True,False,False,0.0005723338289936173,COMPLETE
1030,0.29631375670433047,2025-04-04 01:09:37.362393,2025-04-04 01:09:43.723563,0 days 00:00:06.361170,0.08749319785065367,0.2282262370494911,8,0.016244479052177484,0.2876179193818206,0.024127460031885026,0.08814186208780804,0.053124534000324734,0.04254205624610879,0.0011779481743747504,6,147,0.03317357897910948,0.011697228360875868,True,True,False,0.00026120092741210827,COMPLETE
1031,0.5601028561592103,2025-04-04 01:09:44.059126,2025-04-04 01:09:50.701957,0 days 00:00:06.642831,0.04472212521549458,0.1877133235926691,8,0.005641997425439639,0.29324795417999727,0.02711344319147947,0.08589661843037823,0.059593307584553924,0.03929956856267014,0.0006782970095887942,5,150,0.04022721251540926,0.0062832974680069615,True,False,False,0.00039018482117485366,COMPLETE
1032,0.5572746872901917,2025-04-04 01:09:51.042338,2025-04-04 01:09:57.965735,0 days 00:00:06.923397,0.09333950519548019,0.24918451362948607,8,0.011248566963996032,0.28586431539764556,0.025812760679246767,0.09000507623639672,0.055902486779304636,0.036411832150618,0.0004101913799272317,7,144,0.03223062553148817,0.0013305591153097897,True,False,False,0.0006582320080901182,COMPLETE
1033,0.35592451095581057,2025-04-04 01:09:58.301119,2025-04-04 01:10:04.773150,0 days 00:00:06.472031,0.06804056184161736,0.21403141033384343,8,0.015410169217251166,0.2999958417564309,0.029580655775357356,0.09226601722416311,0.05838335745060803,0.041125736529179564,0.0009735052075733494,6,147,0.03558740075215584,0.015875499997465625,True,False,True,0.00033227355482462256,COMPLETE
1034,0.4199257612228394,2025-04-04 01:10:05.096512,2025-04-04 01:10:11.949647,0 days 00:00:06.853135,0.039135170867625385,0.1864279644239034,8,0.005307129865501604,0.2807816285832079,0.027601577921199615,0.08784741866064388,0.05098964337555878,0.043527370859608096,0.0005122220510581149,7,46,0.03768287639673573,0.011581843038997262,True,False,False,0.0002219757432777955,COMPLETE
1035,0.561394202709198,2025-04-04 01:10:12.285274,2025-04-04 01:10:18.886855,0 days 00:00:06.601581,0.024591118398923938,0.22856910974400046,8,0.010979219265403704,0.28962712908607885,0.03248366265877682,0.0859334823217796,0.054050059914499855,0.0380547761232138,0.000838599756457182,5,147,0.034342923668784095,0.021044151007276066,True,False,False,0.00047777835691407077,COMPLETE
1036,0.45206770300865173,2025-04-04 01:10:19.225071,2025-04-04 01:10:25.815626,0 days 00:00:06.590555,0.904279750955616,0.23267358860723752,8,0.01776284516858876,0.29412374128288693,0.0328952407777539,0.08996015784009422,0.0535207038678724,0.048537435663258056,0.0014312910517481831,5,144,0.032258874013236766,0.021181727183876408,True,False,False,0.000486870034046284,COMPLETE
1037,0.5588740706443787,2025-04-04 01:10:26.147106,2025-04-04 01:10:32.739568,0 days 00:00:06.592462,0.015445560362550424,0.2542771530168866,8,0.016856368074480446,0.2892830417074387,0.03155396373909325,0.08606464963514526,0.05469818136608532,0.038137916366050295,0.0008616280507440182,5,144,0.031453727594356995,0.006072164717897046,True,False,False,0.0007333810447759802,COMPLETE
1038,0.39769796133041385,2025-04-04 01:10:33.077163,2025-04-04 01:10:39.684723,0 days 00:00:06.607560,0.02071509837125362,0.2287830143282519,8,0.011149521653376068,0.2937501134628135,0.03290796638575499,0.08837940542376778,0.05644332470696364,0.03490324449669556,0.0007282740738317159,5,147,0.03435334429951716,0.012918105514445902,False,False,False,0.0004351412160324928,COMPLETE
1039,0.4437263429164887,2025-04-04 01:10:40.020557,2025-04-04 01:10:46.951913,0 days 00:00:06.931356,0.02613004726129843,0.21122288065044473,8,0.2727170371825608,0.2888371748996134,0.02903260716662264,0.08575914014651671,0.0524276015549742,0.03988401411073779,0.0011063140560320177,6,144,0.03385840224155816,0.01963811038938884,True,False,False,0.00030322801614005875,COMPLETE
1040,0.5588988423347473,2025-04-04 01:10:47.289291,2025-04-04 01:10:54.184049,0 days 00:00:06.894758,0.010100186975157709,0.2709573129889155,8,0.00475842718113357,0.28472375345914297,0.03073966896547797,0.0909197569068592,0.06033114224948682,0.03742422241834658,0.0006075984887711855,6,147,0.03168048416881639,0.007122563339078785,True,False,False,0.000557038244875074,COMPLETE
1041,0.29631375670433047,2025-04-04 01:10:54.504192,2025-04-04 01:11:01.255644,0 days 00:00:06.751452,0.04381115028220773,0.20364240641992737,8,0.000566039793425648,0.29992072393402,0.033553837215562675,0.0940007352195088,0.050010666094633414,0.05075343972903863,0.0007488915737237261,6,144,0.034553296032860635,0.001241040950051073,True,False,False,0.0003973725910833955,COMPLETE
1042,0.5594152569770814,2025-04-04 01:11:01.594751,2025-04-04 01:11:08.216471,0 days 00:00:06.621720,0.051975968505623034,0.24753181095460217,8,0.010868361809046677,0.293973936369735,0.02421916070825902,0.08773074554608697,0.05573258961841618,0.04600035235843943,0.0008749560446873126,5,147,0.0365077251781306,0.014098798937039449,True,False,False,0.00027411565092921647,COMPLETE
1043,0.29631375670433047,2025-04-04 01:11:08.552621,2025-04-04 01:11:15.420876,0 days 00:00:06.868255,0.06360165679972174,0.22349279817228263,8,0.00010942283411352963,0.28090362107556094,0.028523448505670745,0.09193827574189266,0.05818156669760048,0.0502377956308438,0.0005710357374857128,7,147,0.031356359659916316,0.011957803304151287,True,False,False,0.0009951790416666152,COMPLETE
1044,0.5587877869606018,2025-04-04 01:11:15.760513,2025-04-04 01:11:22.741925,0 days 00:00:06.981412,0.034564829881385165,0.19498607449383717,8,0.01738218204252888,0.28863275805076505,0.03064476905939165,0.09008350053700434,0.05426743324727065,0.03215370777090919,0.00048729414017283367,7,145,0.03403011274800962,0.0011822413507741759,True,False,False,0.00018481589900598534,COMPLETE
1045,0.550661277770996,2025-04-04 01:11:23.075091,2025-04-04 01:11:29.761278,0 days 00:00:06.686187,0.06627316327976611,0.17761549428168052,8,0.009400541762862567,0.29421221873184683,0.02567498662346014,0.0860916621426635,0.05727361174584273,0.04073270782447644,0.00173208613434252,5,150,0.03823887257199628,0.01978717512620918,True,False,False,0.0003367811080132752,COMPLETE
1046,0.5136395573616028,2025-04-04 01:11:30.101903,2025-04-04 01:11:36.904422,0 days 00:00:06.802519,0.03782274984958926,0.2380250364280811,8,0.011397722712331726,0.2850838690935722,0.023866668517552956,0.08866986860950261,0.06045617992535708,0.03623845564884186,0.0009857881316064155,6,120,0.035667198264574144,0.289387304402021,True,False,False,0.0004854468786147886,COMPLETE
1047,0.29631375670433047,2025-04-04 01:11:37.241377,2025-04-04 01:11:44.313428,0 days 00:00:07.072051,0.07828177066133328,0.2746848142490942,8,0.00013226230350529312,0.28972611137538046,0.026645640973799824,0.09378447463212954,0.052880240944849645,0.04299911819623761,0.0006654343430681031,8,144,0.03352976013840722,0.007909772233286393,True,False,False,0.0006007314640358645,COMPLETE
1048,0.5607824325561523,2025-04-04 01:11:44.655761,2025-04-04 01:11:51.692512,0 days 00:00:07.036751,0.05205549163241992,0.21070601070523415,8,0.017751130534950633,0.2811011640670782,0.0344432824871615,0.08706824666827194,0.05643728585518418,0.03857399447098111,0.0004015914413233568,7,150,0.03137607650421704,0.015660643813210397,True,False,False,0.00023386270026410836,COMPLETE
1049,0.29631375670433047,2025-04-04 01:11:52.016315,2025-04-04 01:11:58.592415,0 days 00:00:06.576100,0.03380294586959874,0.1901515904325815,8,0.018092809925718246,0.27981135401110496,0.034206551332944465,0.08541881941494696,0.05907324173515916,0.03813788597842649,0.0006493875780853143,7,147,0.03045056273963588,0.020680736313614397,True,True,False,0.00038520525435389955,COMPLETE
1050,0.5601313710212708,2025-04-04 01:11:58.930952,2025-04-04 01:12:06.068440,0 days 00:00:07.137488,0.05229527434542871,0.2523519709517412,8,0.0060291044664964825,0.2950202339935379,0.032047231000429506,0.08732007622941132,0.05705916963580259,0.034105463868577685,0.0005246695116103251,8,147,0.03128923486635902,0.00753365683600059,True,False,False,0.00025310687760783147,COMPLETE
1051,0.555943489074707,2025-04-04 01:12:06.403878,2025-04-04 01:12:13.371684,0 days 00:00:06.967806,0.011349813419108526,0.21637093917920747,8,0.016861141173000176,0.2886338594618693,0.030340234400093452,0.08526053640967585,0.06034763841945738,0.03919676406820723,0.0007974836610107244,7,143,0.03132073677662477,0.015786981310361277,True,False,False,0.00031526592941684076,COMPLETE
1052,0.29631375670433047,2025-04-04 01:12:13.711664,2025-04-04 01:12:20.575093,0 days 00:00:06.863429,0.058073673279107625,0.1736911183633175,8,0.0003364969448063637,0.29987289763725805,0.03384672547761608,0.08935489794492185,0.051294653691406074,0.03600099635217295,0.000415027677511264,7,150,0.032392916109103664,0.00604391870162512,True,False,False,0.0004617154394487294,COMPLETE
1053,0.34050968289375305,2025-04-04 01:12:20.914875,2025-04-04 01:12:27.692301,0 days 00:00:06.777426,0.031022882254831158,0.1940074180928181,8,0.00011326881968634454,0.28619891455120183,0.024087445243545502,0.087909425888706,0.05445739204957961,0.040869583512435984,0.0008033297118725261,8,144,0.03304517464245965,0.015251559509443135,True,False,True,0.0007662510961374534,COMPLETE
1054,0.5591020226478577,2025-04-04 01:12:28.033719,2025-04-04 01:12:34.693932,0 days 00:00:06.660213,0.04712681540221297,0.22927030028573675,8,0.010816603515507294,0.280000385801918,0.034399502096994446,0.08532183237377987,0.05837345763215003,0.038164072416456835,0.0005376301914190076,5,147,0.030940997884577836,0.0010767712530429943,True,False,False,0.00037142331584695553,COMPLETE
1055,0.5503333330154419,2025-04-04 01:12:35.036148,2025-04-04 01:12:41.842791,0 days 00:00:06.806643,0.08943785871341763,0.16888423621939347,8,0.0076916047285583,0.2950495972371774,0.02656148790645654,0.09071896100034416,0.05623680597122967,0.03650770059842497,0.0011110695847841591,6,150,0.03404202496551557,0.007935204973316378,True,False,False,0.0002486218677384323,COMPLETE
1056,0.38829079866409305,2025-04-04 01:12:42.184680,2025-04-04 01:12:49.140600,0 days 00:00:06.955920,0.0665979108635927,0.1998767768120206,8,0.017706574829583963,0.2897422279855701,0.031831381044067845,0.08678906789951432,0.05309999957529157,0.04033493037735316,0.0006338425761319384,7,143,0.03173344328155041,0.011564889579271057,False,False,False,0.000634628607930006,COMPLETE
1057,0.4226482152938843,2025-04-04 01:12:49.466171,2025-04-04 01:12:56.500899,0 days 00:00:07.034728,0.09148752398755772,0.26180421812370613,8,0.010390674959398466,0.27976555858995616,0.02909621771841451,0.08903304411452713,0.058523695131828604,0.03410549858040353,0.0008982055975608088,8,62,0.034895995058286534,0.021648463117699034,True,False,False,0.0003164075266074755,COMPLETE
1058,0.5568696975708008,2025-04-04 01:12:56.838711,2025-04-04 01:13:03.628871,0 days 00:00:06.790160,0.047757397718368476,0.23851517877114797,8,0.005710141874639016,0.2942074532177187,0.024201211753135964,0.087375303525585,0.061025676690730946,0.038745298718478594,0.0003938044283911168,6,147,0.033193342355131085,0.006480183193924069,True,False,False,0.0004913439221661671,COMPLETE
1059,0.5574710607528687,2025-04-04 01:13:03.965913,2025-04-04 01:13:10.928577,0 days 00:00:06.962664,0.02470077882360599,0.17857811649821487,8,0.017567407588007736,0.286147230220002,0.027530099148480727,0.09057197219366231,0.0547637545671176,0.04251434655770505,0.0007307976569743719,7,145,0.03689463258941737,0.013511644583181732,True,False,False,0.00038903073255889837,COMPLETE
1060,0.5597145080566406,2025-04-04 01:13:11.271076,2025-04-04 01:13:17.920751,0 days 00:00:06.649675,0.07138568599475067,0.21722737303213324,8,0.005703175639619103,0.2907209566338258,0.035243171160369555,0.0853508152537392,0.05685537153740662,0.04137068985826891,0.0005016774221541525,5,148,0.03037707174510073,0.001125585750907163,True,False,False,0.00016898643194003044,COMPLETE
1061,0.5609832406044006,2025-04-04 01:13:18.263363,2025-04-04 01:13:25.073761,0 days 00:00:06.810398,0.08932636941604429,0.18621982863148334,8,0.012193455710081649,0.27906444360526816,0.026043948722288872,0.08896106656314044,0.0602825566255959,0.03182660814813058,0.0005657120301642372,6,150,0.034655889820081436,0.01883538265841403,True,False,False,0.0002955987789969891,COMPLETE
1062,0.37670750021934507,2025-04-04 01:13:25.418750,2025-04-04 01:13:32.280058,0 days 00:00:06.861308,0.05942138257461275,0.20751952929390788,8,0.016908554893061093,0.2786324603497981,0.030165796134272185,0.09075280793436538,0.06036525626851081,0.03080458611991158,0.0004888095337216916,6,150,0.0656031493916806,0.02117372063265827,True,False,False,0.0002164716564890843,COMPLETE
1063,0.5568696975708008,2025-04-04 01:13:32.620782,2025-04-04 01:13:39.392819,0 days 00:00:06.772037,0.09707144857579086,0.2811563204480937,8,0.012641150400975576,0.2794783064934528,0.026133973438402326,0.0922932136159506,0.049169613538042355,0.03016831211219413,0.00039176621592753864,6,150,0.032388201641745225,0.016527691803144038,True,False,False,0.000298587635424633,COMPLETE
