number,value,datetime_start,datetime_complete,duration,params_alpha-eval,params_alpha-train,params_batch-size,params_eps-eval,params_eps-train,params_lambda-actions-eval,params_lambda-actions-train,params_lambda-frames-eval,params_lambda-frames-train,params_learning-rate,params_n-epochs,params_n-frames,params_radius-gw,params_rho,params_std-feats,params_ub-actions,params_ub-frames,params_weight-decay,state
224,0.40039429068565374,2025-04-03 22:05:41.201378,2025-04-03 22:06:00.137839,0 days 00:00:18.936461,0.23613982724113014,0.2965167415928296,2,0.01266036317878611,0.2688108683667033,0.044643751073471676,0.013254816623434197,0.0625623849313182,0.0076263274885811395,0.0027426243923210827,20,129,0.01200905163764369,0.23495042104392916,True,False,False,2.584748824234182e-06,COMPLETE
225,0.5527024865150452,2025-04-03 22:06:00.210140,2025-04-03 22:06:20.536388,0 days 00:00:20.326248,0.2733361378790688,0.28062018853741266,2,0.01893235413523074,0.27976706772828375,0.047464834785816104,0.01574151157767912,0.05552021017004481,0.015687552139267136,8.807952280652552e-05,22,134,0.008380280851312217,0.24070999880871158,True,False,False,1.925966985822507e-06,COMPLETE
226,0.5467484951019287,2025-04-03 22:06:20.608405,2025-04-03 22:06:40.854448,0 days 00:00:20.246043,0.27910180908931875,0.2747627929590525,2,0.046726794055131665,0.2784864362178956,0.047863378892740525,0.01756987832013433,0.055864660821388315,0.015211373036760666,8.667845160371735e-05,22,132,0.008868018031191936,0.2391368725072734,True,False,False,1.6810819686561006e-06,COMPLETE
227,0.4078852951526642,2025-04-03 22:06:40.934793,2025-04-03 22:06:48.994007,0 days 00:00:08.059214,0.2786967748116146,0.28003907183918564,16,0.03230342309772924,0.2772478181274785,0.04784066800432363,0.017840900895815814,0.055831902265088426,0.014634090042736546,8.771385700738463e-05,22,133,0.008094153572619497,0.240548416659986,True,False,False,1.989191737174058e-06,COMPLETE
228,0.37503153085708624,2025-04-03 22:06:49.066773,2025-04-03 22:07:08.747995,0 days 00:00:19.681222,0.31258787968485247,0.30077941982698797,2,0.04744290515354579,0.26513715726041037,0.0508591973806041,0.015782396406144244,0.05308403983018023,0.015367748925838944,7.036312477034015e-05,21,129,0.004692033573563186,0.23001349236293112,True,False,False,3.6932668893241154e-06,COMPLETE
229,0.5518804907798768,2025-04-03 22:07:08.820385,2025-04-03 22:07:27.688399,0 days 00:00:18.868014,0.3272005617030645,0.3405647598168673,2,0.02628256732378978,0.27886663345540375,0.047807225079507826,0.022627198412903067,0.05831743128115436,0.01262908509044263,9.35977857480121e-05,20,136,0.009105333695192553,0.23689208204175818,True,False,False,1.9919845519770124e-06,COMPLETE
230,0.5514852046966553,2025-04-03 22:07:27.760427,2025-04-03 22:07:46.550225,0 days 00:00:18.789798,0.3347371376019793,0.3503460287605636,2,0.027291937864747994,0.2714492015574347,0.046482936265760604,0.019424544669799607,0.057542543373978995,0.01233822080816498,6.728063704530027e-05,20,136,0.010350967608509933,0.22448149076937762,True,False,False,2.0617485147614124e-06,COMPLETE
231,0.5520869374275208,2025-04-03 22:07:46.622418,2025-04-03 22:08:05.552186,0 days 00:00:18.929768,0.3164163292254171,0.34364374977281054,2,0.02673191088508299,0.27230041373588204,0.046656025222734154,0.01951907014942682,0.05823862830213928,0.018211321333751515,6.7386623165131e-05,20,136,0.0102108925535704,0.22578094475031518,True,False,False,2.2045307460128962e-06,COMPLETE
232,0.551648473739624,2025-04-03 22:08:05.624890,2025-04-03 22:08:23.888724,0 days 00:00:18.263834,0.31454556480092105,0.34566983854572947,2,0.02836451138494639,0.2717370476787167,0.04640603899809919,0.022532486545649412,0.05822759422263661,0.017834192151521287,6.648604626251492e-05,19,136,0.010451125072431983,0.2320937083126465,True,False,False,2.2429096474745003e-06,COMPLETE
233,0.5543485045433044,2025-04-03 22:08:23.974898,2025-04-03 22:08:42.986150,0 days 00:00:19.011252,0.3266974124518769,0.3320871696188108,2,0.02674484983424221,0.27114693424590197,0.04600728284124588,0.024727577528734102,0.05839637798794433,0.01724769864259292,5.90679160085457e-05,20,136,0.010330455634310582,0.22544402450305392,True,False,False,3.0606900842713866e-06,COMPLETE
234,0.5509235620498658,2025-04-03 22:08:43.060073,2025-04-03 22:09:01.380197,0 days 00:00:18.320124,0.31932879942112774,0.34280850680502195,2,0.027713446267178934,0.2722199242198568,0.04691845142229991,0.025274473312898112,0.05833495054231983,0.01846076415684811,5.5502938375331965e-05,19,137,0.010929540855068157,0.22504031087099274,True,False,False,3.040319463288005e-06,COMPLETE
235,0.5539106369018555,2025-04-03 22:09:01.456681,2025-04-03 22:09:20.348419,0 days 00:00:18.891738,0.32332388196060174,0.3405838320706265,2,0.027479859812130733,0.2715548601017247,0.043685123955859814,0.025799786368437716,0.05922820213449424,0.01932203539912724,5.449494871575717e-05,20,137,0.011323358236254404,0.2248311952119667,True,False,False,3.1509054931745588e-06,COMPLETE
236,0.5546746373176574,2025-04-03 22:09:20.424703,2025-04-03 22:09:39.326119,0 days 00:00:18.901416,0.33103339880756,0.39600214207945056,2,0.016777737411084105,0.2710190473501519,0.04347920067786912,0.025943087829124474,0.05910454032039987,0.01804405644457459,5.468921985918106e-05,20,137,0.011049661751107501,0.2233943393853861,True,False,False,3.2590285983906514e-06,COMPLETE
237,0.29631375670433047,2025-04-03 22:09:39.402480,2025-04-03 22:09:56.030495,0 days 00:00:16.628015,0.3135012329097288,0.39323297264671886,2,0.019630167533520156,0.27165711838601186,0.043930217251237795,0.027805174792800192,0.06164206785104872,0.018582414497969855,5.3969766393818956e-05,20,137,0.011742432360293738,0.22631903589272354,True,True,False,3.2678712166444933e-06,COMPLETE
238,0.5485225439071655,2025-04-03 22:09:56.105819,2025-04-03 22:10:14.440590,0 days 00:00:18.334771,0.33327598495636135,0.3347232853862367,2,0.015516473044053012,0.2623260206844366,0.041831649809039764,0.02545831411667618,0.058555281798626346,0.01811793681973947,5.400001023132156e-05,19,142,0.010631677172556198,0.2276234383519705,True,False,False,4.155730178492663e-06,COMPLETE
239,0.5543485045433044,2025-04-03 22:10:14.526129,2025-04-03 22:10:33.463274,0 days 00:00:18.937145,0.3327029272719748,0.3407322667264584,2,0.026314212634283445,0.2727116806762222,0.04393533618505166,0.022364672206305024,0.06007529494797769,0.017458547774042998,6.221129052836187e-05,20,138,0.010856264485844938,0.2233748175908718,True,False,False,2.9319707198835145e-06,COMPLETE
240,0.5549774885177612,2025-04-03 22:10:33.538034,2025-04-03 22:10:52.318685,0 days 00:00:18.780651,0.33697517345521766,0.3430882907683747,2,0.026524023300473834,0.2641900681030985,0.04319545493258105,0.027278158154373518,0.06046317851241405,0.018043814594956648,5.8123375296461814e-05,20,139,0.010891827870003926,0.22115504541749764,True,False,False,3.636337665911446e-06,COMPLETE
241,0.5549774885177612,2025-04-03 22:10:52.396215,2025-04-03 22:11:11.169541,0 days 00:00:18.773326,0.33795067380294774,0.3456230597829275,2,0.025286055619734592,0.2638263847267943,0.0431734046899363,0.02371740279871632,0.05984721389827587,0.017142344625953522,5.889834771201943e-05,20,138,0.010671248984503473,0.22573349774001286,True,False,False,3.6682201711609662e-06,COMPLETE
242,0.5531092405319215,2025-04-03 22:11:11.245067,2025-04-03 22:11:30.264854,0 days 00:00:19.019787,0.3354611020157698,0.34360148145482056,2,0.027296317300988443,0.26258700513601413,0.04305337974306209,0.028645854678224798,0.060114306483572286,0.018693333566099646,5.6227004500652376e-05,20,139,0.010954961369139437,0.22249452391051208,True,False,False,4.723629003092118e-06,COMPLETE
243,0.5549774885177612,2025-04-03 22:11:30.341224,2025-04-03 22:11:49.182472,0 days 00:00:18.841248,0.33355680636579277,0.36697583305438664,2,0.02719400214355857,0.2763296110989049,0.04298555622237505,0.023888985786127536,0.06030994800970679,0.020187836075340436,5.747223798647521e-05,20,140,0.01101747210622655,0.225238844267111,True,False,False,4.4823544084111645e-06,COMPLETE
244,0.542795717716217,2025-04-03 22:11:49.258884,2025-04-03 22:12:08.013308,0 days 00:00:18.754424,0.34328634696639415,0.36542946567494916,2,0.011182094516759208,0.2610579703068009,0.040907116895423506,0.0232762338823799,0.06170708666786348,0.02084469302126756,4.8411709288924565e-05,20,141,0.011090193204789623,0.22314641465126925,True,False,False,4.872474115996131e-06,COMPLETE
245,0.3928812682628632,2025-04-03 22:12:08.100789,2025-04-03 22:12:27.064471,0 days 00:00:18.963682,0.33176104140632007,0.3988744881707294,2,0.026324218145859533,0.2782138222002718,0.043116450557323764,0.0290027848460466,0.05925000301898468,0.017761925846581282,6.00906867743344e-05,20,139,0.005904750402358501,0.23030031636982712,True,False,False,5.788917084607064e-06,COMPLETE
246,0.555744731426239,2025-04-03 22:12:27.141851,2025-04-03 22:12:46.006868,0 days 00:00:18.865017,0.3332980670052533,0.36280097015972645,2,0.017449312141449354,0.26188742001486776,0.04330746574605212,0.031371775436870045,0.060454651764172807,0.020128133932219155,6.38217314103656e-05,20,142,0.010430478238340053,0.2230322082804647,True,False,False,3.951491547508495e-06,COMPLETE
247,0.5514620661735535,2025-04-03 22:12:46.084564,2025-04-03 22:13:04.860463,0 days 00:00:18.775899,0.3355501497277329,0.3672567360891339,2,0.019216683646372235,0.2640784431286181,0.039864945143650854,0.02728751162499999,0.05969903794093993,0.01989196849009433,5.853852168323756e-05,20,143,0.012399377065288056,0.22453261760730436,True,False,False,4.069511727213193e-06,COMPLETE
248,0.5417745590209961,2025-04-03 22:13:04.937851,2025-04-03 22:13:23.849460,0 days 00:00:18.911609,0.3583766008699515,0.33967035637591814,2,0.015681358220650796,0.2618153215737523,0.04211087780087463,0.03189848596014931,0.06299583937683616,0.016744970356416398,4.7533719927007535e-05,20,141,0.015028445217788209,0.22126856947667073,True,False,False,4.8210897441003145e-06,COMPLETE
249,0.5514852046966553,2025-04-03 22:13:23.927373,2025-04-03 22:13:42.797342,0 days 00:00:18.869969,0.3333839301847464,0.3478752296037373,2,0.02588563417924752,0.28088562745776546,0.04364807774887234,0.02372814715116413,0.060481079438842726,0.020802545642354488,6.388030919747393e-05,20,137,0.010408571769237684,0.22955465949781734,True,False,False,7.205486035053888e-06,COMPLETE
250,0.5369667530059815,2025-04-03 22:13:42.878482,2025-04-03 22:14:00.420168,0 days 00:00:17.541686,0.3116415558661722,0.37599509468761516,2,0.023579748329792476,0.2925478360359585,0.04047288114513514,0.025042777427597415,0.0605226979858947,0.016911783881848556,3.434460411267497e-05,18,140,0.010565960297490944,0.21778540437821498,True,False,False,3.495061497374769e-06,COMPLETE
251,0.3758878767490387,2025-04-03 22:14:00.508504,2025-04-03 22:14:18.497032,0 days 00:00:17.988528,0.3279567499805163,0.3447499498141544,2,0.007444603767856389,0.273571209638191,0.04355887861958403,0.028162952431720477,0.06271419293442138,0.019049132157245935,5.044230600245754e-05,19,143,0.01183026943594973,0.22479455943836615,False,False,False,4.011422433449725e-06,COMPLETE
252,0.39238253831863407,2025-04-03 22:14:18.575675,2025-04-03 22:14:37.085482,0 days 00:00:18.509807,0.36262763324663216,0.38680998581823106,2,0.027541130582317316,0.27822470679990824,0.03651324872844545,0.022659141850777418,0.05844822532970772,0.01646294545637364,5.9476166990679176e-05,19,138,0.006485769919769509,0.2461115548922729,True,False,False,5.805291421196116e-06,COMPLETE
253,0.5416119933128357,2025-04-03 22:14:37.165233,2025-04-03 22:14:56.042112,0 days 00:00:18.876879,0.3474005922280254,0.3651027145135408,2,0.0181876767989385,0.265894237261872,0.044885686326565435,0.030992919661239834,0.06067512896292327,0.021915546939263172,4.241870834872193e-05,20,136,0.01294224815299571,0.24265723118638394,True,False,False,3.628964003236814e-06,COMPLETE
254,0.5519914150238038,2025-04-03 22:14:56.122045,2025-04-03 22:15:15.103685,0 days 00:00:18.981640,0.305741662015777,0.33409223703381197,2,0.022896288851810533,0.28516426446493237,0.042939254892969826,0.022429367075514278,0.06429678514454448,0.01767398826399916,6.534134634730875e-05,20,139,0.0097061300430337,0.22927527013711752,True,False,False,4.6343439234329296e-06,COMPLETE
255,0.5480868935585023,2025-04-03 22:15:15.185137,2025-04-03 22:15:33.479374,0 days 00:00:18.294237,0.3206066118078822,0.3295684504209055,2,0.01333540506743788,0.28734765789875455,0.04248019971905653,0.026350936164641407,0.06526287282553923,0.019011761760548543,5.272786686358152e-05,19,143,0.009631054000799319,0.22986780362728754,True,False,False,9.862973866004583e-06,COMPLETE
256,0.3961479365825653,2025-04-03 22:15:33.561044,2025-04-03 22:15:52.728629,0 days 00:00:19.167585,0.31101191645671167,0.32636456854823875,2,0.022129491034985918,0.2830229694353277,0.03918752219957635,0.022964215539402155,0.0634604321567296,0.01719514089577068,6.35150138470564e-05,20,139,0.00635017358872712,0.23758093266414265,True,False,False,4.803304975891806e-06,COMPLETE
257,0.3842050194740295,2025-04-03 22:15:52.818442,2025-04-03 22:16:11.933173,0 days 00:00:19.114731,0.29972932208269965,0.3165293704709226,2,0.03402660186589877,0.29427535470701455,0.04027227890633335,0.02416415382880804,0.06647212691236491,0.02018554657083321,6.773415642282208e-05,20,140,0.0034175373600373662,0.21879529547578028,True,False,False,3.101028198067966e-06,COMPLETE
258,0.4014626801013947,2025-04-03 22:16:12.014796,2025-04-03 22:16:19.617087,0 days 00:00:07.602291,0.2991421415839813,0.34035603839528905,16,0.019445748666836495,0.27647186934296597,0.044158541071100725,0.02641112410141492,0.06136628466213595,0.022659278735443975,4.915762153453193e-05,20,25,0.013283449376455906,0.23001371692540343,True,False,False,7.806587189045365e-06,COMPLETE
259,0.5428077578544617,2025-04-03 22:16:19.699183,2025-04-03 22:16:38.079046,0 days 00:00:18.379863,0.35220293151044235,0.36943328407992415,2,0.028786090386639915,0.2605885825019786,0.04223383142451853,0.021966974345149513,0.059390910366874765,0.015678882934255595,3.6650499846579874e-05,19,138,0.009338183692543326,0.2388905060652389,True,False,False,4.4875394229829155e-06,COMPLETE
260,0.36682914495468144,2025-04-03 22:16:38.163552,2025-04-03 22:16:57.860559,0 days 00:00:19.697007,0.3256739843470581,0.4008390754644048,2,0.2916386420310935,0.28843988209591054,0.04483435324172838,0.02853465452728826,0.06347366616366096,0.01867731916959988,5.8117746310228893e-05,21,142,0.006560796129288945,0.24573259274927353,True,False,False,3.6285406137595284e-06,COMPLETE
261,0.29631375670433047,2025-04-03 22:16:57.944244,2025-04-03 22:17:14.996160,0 days 00:00:17.051916,0.30490053483151,0.31365126297046975,2,0.005523321443956741,0.28148541144072586,0.04229422547616606,0.024310423136073407,0.05987360849346716,0.015990912795905206,6.774670800020197e-05,21,136,0.01538040526935536,0.23311907689542238,True,True,False,6.127374339935131e-06,COMPLETE
262,0.5525187492370606,2025-04-03 22:17:15.077844,2025-04-03 22:17:33.840591,0 days 00:00:18.762747,0.3440686311280079,0.3507055595673985,2,0.036065879873401485,0.2749470632051849,0.03999120998203443,0.03795219222869556,0.06617767612325219,0.017512079582108476,4.6516161742196554e-05,20,135,0.009728753958017446,0.2167311831861975,True,False,False,2.89574860524008e-06,COMPLETE
263,0.5352190494537354,2025-04-03 22:17:33.932598,2025-04-03 22:17:52.771467,0 days 00:00:18.838869,0.35348345667293685,0.3518210745413756,2,0.013680861416911858,0.2665598043165833,0.037782070349814116,0.03550524785639272,0.06723736909829948,0.018049162477717918,4.1236854403144205e-05,20,139,0.011199057778465778,0.22295917394926093,True,False,False,2.7766652108961323e-06,COMPLETE
264,0.36579318642616276,2025-04-03 22:17:52.854358,2025-04-03 22:18:11.366262,0 days 00:00:18.511904,0.3385774796014856,0.38454121003701197,2,0.023655933287203643,0.2740268920106184,0.03529893770479745,0.030343249585089393,0.06457399251605168,0.020123686902482184,4.44195797057616e-05,19,144,0.07534650347760154,0.2161462434953943,True,False,False,4.485086278279311e-06,COMPLETE
265,0.5073212742805482,2025-04-03 22:18:11.449775,2025-04-03 22:18:29.199385,0 days 00:00:17.749610,0.3217917541239535,0.33522056163482383,2,0.030301385061138966,0.2599239729795559,0.04414420955889497,0.04542995577903362,0.06237821995871435,0.022213176860173843,2.8358865799215086e-05,18,135,0.009036782171821316,0.2180564657249276,True,False,False,3.570986105126381e-06,COMPLETE
266,0.38706986904144286,2025-04-03 22:18:29.282233,2025-04-03 22:18:48.132732,0 days 00:00:18.850499,0.3646517937191039,0.367912313004133,2,0.037097948053568836,0.2726252900849839,0.03979978990990627,0.02199200126541906,0.06655460454477782,0.017962870115876606,0.0013101857052385264,20,141,0.013225537979458449,0.2268209647911309,True,False,False,5.44211651939987e-06,COMPLETE
267,0.40001097321510315,2025-04-03 22:18:48.215934,2025-04-03 22:19:07.010207,0 days 00:00:18.794273,0.30731177820103994,0.3530940535594625,2,0.021575768918690185,0.050474471515811886,0.04499528202286084,0.026087512467327056,0.06465879103458047,0.01412702747064359,5.0314023091340065e-05,20,135,0.005159624713693587,0.2285401582612545,True,False,False,2.805132208866229e-06,COMPLETE
268,0.5404482364654541,2025-04-03 22:19:07.104920,2025-04-03 22:19:23.307909,0 days 00:00:16.202989,0.34848917099253834,0.4137674197112803,2,0.028163915466196534,0.265921647641453,0.0428108290460828,0.0405070786303508,0.06039751485104288,0.016657688658620166,7.497752280392633e-05,19,139,0.01048414586998481,0.22150932023969033,True,False,True,3.977888203152734e-06,COMPLETE
269,0.5522905826568604,2025-04-03 22:19:23.393571,2025-04-03 22:19:42.961861,0 days 00:00:19.568290,0.37648997409503193,0.32721777675658315,2,0.03663411144902153,0.2858949114722038,0.045670007162971475,0.02154820098606048,0.05816063849470319,0.013547556261186079,5.350255935348954e-05,21,137,0.009034226146146788,0.23404567354069816,True,False,False,2.735716372446655e-06,COMPLETE
270,0.3917446553707123,2025-04-03 22:19:43.046631,2025-04-03 22:20:02.340626,0 days 00:00:19.293995,0.38283486867805555,0.3136431712419113,2,0.037820240733057627,0.292626176225613,0.04057231221794858,0.028881072997507497,0.06249908979695207,0.014044216995388725,3.7672385591399184e-05,21,143,0.008597392355360035,0.235353423381606,False,False,False,3.2487845561433743e-06,COMPLETE
271,0.4042157709598541,2025-04-03 22:20:02.427036,2025-04-03 22:20:22.205807,0 days 00:00:19.778771,0.33436382927572816,0.3254089221335904,2,0.013573751155726762,0.2857271715713928,0.044769382175058735,0.02508556452643298,0.06110203917843381,0.023923479798334216,5.348601438452334e-05,21,138,0.006851201871087494,0.21477100977301447,True,False,False,5.197972204113807e-06,COMPLETE
272,0.5503222465515137,2025-04-03 22:20:22.293453,2025-04-03 22:20:41.120501,0 days 00:00:18.827048,0.2904000896784421,0.33314362979614365,2,0.03512146913291567,0.2827896669872053,0.04280603769608524,0.020898569394982705,0.06762127677848646,0.01333729401624677,4.4154891499805053e-05,20,135,0.012591439059559827,0.22516225139877705,True,False,False,2.6657227719110173e-06,COMPLETE
273,0.39666498303413394,2025-04-03 22:20:41.216221,2025-04-03 22:21:00.996822,0 days 00:00:19.780601,0.370832247968604,0.3714527778779356,2,0.01984345036688164,0.2972907854340301,0.04518825750826892,0.02731340914698139,0.05849006425881859,0.021349779620389718,5.348637368014639e-05,21,140,0.0038028837617134635,0.24541519510579993,True,False,False,4.0096652673652756e-06,COMPLETE
274,0.5245644211769105,2025-04-03 22:21:01.083921,2025-04-03 22:21:20.636946,0 days 00:00:19.553025,0.32475616881699865,0.3067590774117568,2,0.03189851093957436,0.27711726285557464,0.04134295993412082,0.03267905115220416,0.06549028486308513,0.015674348849915965,7.781122189497684e-05,21,134,0.015908478876712106,0.23890822144999077,True,False,False,7.744039204003612e-06,COMPLETE
275,0.3688502967357635,2025-04-03 22:21:20.723126,2025-04-03 22:21:39.876694,0 days 00:00:19.153568,0.9311008204984353,0.358117619095058,2,0.024068858734075525,0.2890001165786601,0.03873593993445408,0.03799546863518548,0.06351363626111042,0.020053958482865973,0.0051474877160851435,20,146,0.009015397076272243,0.21648556008503597,True,False,False,2.734323470348297e-06,COMPLETE
276,0.41985635757446294,2025-04-03 22:21:39.962962,2025-04-03 22:21:59.015322,0 days 00:00:19.052360,0.3496261988434935,0.39028038666450016,2,0.01694892259346229,0.2770802459075602,0.04369356591755991,0.024220164479439976,0.054400760825043894,0.013663180628666134,0.06501404164862089,20,138,0.005778391921662073,0.23223117443135735,True,False,False,4.615278842717715e-06,COMPLETE
277,0.5529423952102661,2025-04-03 22:21:59.101925,2025-04-03 22:22:18.557804,0 days 00:00:19.455879,0.2956118014484894,0.32614512472537793,2,0.0388967270620753,0.28428949513967766,0.04615403259816181,0.02160580800625603,0.05826620809411817,0.016626810532655772,5.9927507897858886e-05,21,141,0.012359212760545843,0.2229637220505687,True,False,False,6.059260138519335e-06,COMPLETE
278,0.5541931986808777,2025-04-03 22:22:18.655728,2025-04-03 22:22:38.189549,0 days 00:00:19.533821,0.2991484345277606,0.31118421794293605,2,0.03846320352328051,0.284790013924091,0.04582148516254723,0.0208052499201349,0.07117488825600038,0.01951426608461092,5.61236295971775e-05,21,143,0.013936006558448476,0.22258602139221215,True,False,False,6.468815618676044e-06,COMPLETE
279,0.37637407183647154,2025-04-03 22:22:38.276923,2025-04-03 22:22:47.832113,0 days 00:00:09.555190,0.29811975005582886,0.30447347983436895,8,0.03930141493002245,0.26610755791160506,0.046067590009304944,0.029866596810722536,0.06901750218681166,0.015630386496405618,2.9760682225000284e-05,21,144,0.014438757345250863,0.21915688455414647,True,False,False,9.872790948578012e-06,COMPLETE
