number,value,datetime_start,datetime_complete,duration,params_alpha-eval,params_alpha-train,params_batch-size,params_eps-eval,params_eps-train,params_lambda-actions-eval,params_lambda-actions-train,params_lambda-frames-eval,params_lambda-frames-train,params_learning-rate,params_n-epochs,params_n-frames,params_radius-gw,params_rho,params_std-feats,params_ub-actions,params_ub-frames,params_weight-decay,state
1568,0.5226186752319336,2025-04-04 02:14:29.675978,2025-04-04 02:14:36.479974,0 days 00:00:06.803996,0.8222257465293823,0.2781016843307302,8,0.014947792987787043,0.29417630811439827,0.0655638706925438,0.09132398467832165,0.05385546230242075,0.05222601689986521,0.0009564538812964911,6,148,0.04054341839003804,0.015763767161581996,True,False,False,0.00023118161572917566,COMPLETE
1569,0.3529559850692749,2025-04-04 02:14:36.981809,2025-04-04 02:14:43.633022,0 days 00:00:06.651213,0.101754880428297,0.19916399718022373,8,0.029252894533305304,0.28976668985392423,0.029498430294201045,0.09424062208495457,0.04605130649677217,0.04500179026242087,0.0007644567918501934,5,142,0.09302438551081124,0.010726402451383281,True,False,False,0.000470760536742038,COMPLETE
1570,0.5584749937057496,2025-04-04 02:14:44.132056,2025-04-04 02:14:50.587890,0 days 00:00:06.455834,0.06169720912126148,0.619569884502322,16,0.004839481511982623,0.2799770273272072,0.057144604558872804,0.08986810259745943,0.058649652420026,0.04936180133590776,0.00046645643270460486,7,138,0.033401256834088,0.021280536435930784,True,False,False,0.0003137210100149107,COMPLETE
1571,0.5595356941223145,2025-04-04 02:14:51.106250,2025-04-04 02:14:58.018455,0 days 00:00:06.912205,0.03113740124085071,0.1676936462787517,8,0.022261890838561636,0.2688183049120355,0.05923402718725877,0.09549730860747947,0.05616950802343319,0.042710817995744305,0.0006122953927176133,6,147,0.03723939886236913,0.010345253270265597,True,False,False,0.00025919633536352997,COMPLETE
1572,0.5594219684600831,2025-04-04 02:14:58.519004,2025-04-04 02:15:05.193865,0 days 00:00:06.674861,0.08227668944877448,0.24957296407515323,8,0.013415262400184617,0.1562832452785051,0.05260973123530773,0.0978912827207342,0.04001267960128704,0.04035617187091574,0.000709892886657889,5,144,0.03524731869444136,0.006216146011768915,True,False,False,0.00019617346122956749,COMPLETE
1573,0.5522485256195069,2025-04-04 02:15:05.695065,2025-04-04 02:15:12.531911,0 days 00:00:06.836846,0.12257695851778672,0.3009477412878346,8,0.005630632301744185,0.28713578254104927,0.023938326699281736,0.09178924106216244,0.051537086416700226,0.03704203763118997,0.0011050581953803852,6,147,0.03225919017130977,0.01684846932637876,True,False,False,0.0003937360190195984,COMPLETE
1574,0.29631375670433047,2025-04-04 02:15:13.065597,2025-04-04 02:15:19.961996,0 days 00:00:06.896399,0.6504887979734365,0.22107698259827416,8,0.00010623974320148749,0.27713275074001137,0.02755129465027562,0.0866857704894444,0.05331483327800232,0.0473197476082856,0.0005459138746408374,7,150,0.04464685519586087,0.02629588348590736,True,False,False,2.740093836442065e-07,COMPLETE
1575,0.556146502494812,2025-04-04 02:15:20.465520,2025-04-04 02:15:27.616170,0 days 00:00:07.150650,0.05497095793196442,0.19208169570184197,8,0.01830168848121793,0.2951364460789353,0.06338818868048844,0.08889223604186255,0.05654367253252687,0.044672945007285025,0.00042072509848169886,8,142,0.03826261861933937,0.01077392091911942,True,False,False,0.0006987434281125143,COMPLETE
1576,0.5607603549957275,2025-04-04 02:15:28.122658,2025-04-04 02:15:34.751195,0 days 00:00:06.628537,0.027014684408560963,0.2625852817623519,8,0.010082468631433262,0.28446328234492324,0.022321217263425168,0.09315699787143146,0.06070217953998961,0.028074673331446802,0.0008251285236070236,5,145,0.03512485267370811,0.006464453215906943,True,False,False,0.0005195992078402859,COMPLETE
1577,0.5576827049255371,2025-04-04 02:15:35.273588,2025-04-04 02:15:42.084923,0 days 00:00:06.811335,0.07552202925390976,0.23521268329777956,8,0.014703854365224329,0.29476330071358214,0.060998687168198666,0.0909393072983777,0.04883072801667039,0.037428333161032695,0.0006135800308829514,6,150,0.04115951502167026,0.01638726560895728,True,False,False,0.0003528370161324123,COMPLETE
1578,0.29631375670433047,2025-04-04 02:15:42.591533,2025-04-04 02:15:49.118640,0 days 00:00:06.527107,0.09891700526368068,0.2104714542828208,8,0.026879700206396222,0.29061608084490026,0.026323780627636375,0.08311666933348373,0.05881475549094089,0.04167430000554607,0.0004841055850593117,7,147,0.03647219917798883,0.03080790558360056,True,True,False,0.00012437006156544516,COMPLETE
1579,0.559367835521698,2025-04-04 02:15:49.619041,2025-04-04 02:15:56.382158,0 days 00:00:06.763117,0.041803881043343705,0.16017915564404478,8,0.008395913011223107,0.2731382583475307,0.056148019778228836,0.09511405762317486,0.05470411325232517,0.0398066818723371,0.0007010004718820807,6,144,0.03280800768236796,0.022961118696179346,True,False,False,2.1806650960697518e-08,COMPLETE
1580,0.3601072371006012,2025-04-04 02:15:56.902537,2025-04-04 02:16:03.513334,0 days 00:00:06.610797,0.06133779638488915,0.18499885411938616,8,0.02064604878119254,0.2814894893624471,0.029559745454661404,0.09769534349868761,0.050769198336595954,0.04366724361433127,0.0009159294942553014,5,18,0.0392636814369556,0.006036714183439939,True,False,False,0.00026794095454096297,COMPLETE
1581,0.3481798887252808,2025-04-04 02:16:04.019146,2025-04-04 02:16:10.508121,0 days 00:00:06.488975,0.083703141299678,0.23055156145407485,8,0.004907560075893384,0.2852626693390856,0.04878669425272589,0.08859244651726678,0.05763150566363582,0.04612882653440109,0.0005642634104681915,6,138,0.02981942692993733,0.013440073317408586,True,False,True,0.0004198150685086682,COMPLETE
1582,0.5579045295715332,2025-04-04 02:16:11.009693,2025-04-04 02:16:17.988496,0 days 00:00:06.978803,0.024855555763819412,0.27549228100397277,8,0.014635742385732831,0.29501524948925856,0.05810773342756451,0.08523405019032952,0.0535089045492548,0.04891813922780372,0.0003812759224800636,7,150,0.03444324892006835,0.001069937908226732,True,False,False,0.0005909642556939522,COMPLETE
1583,0.29631375670433047,2025-04-04 02:16:18.507426,2025-04-04 02:16:25.565768,0 days 00:00:07.058342,0.11369585588938627,0.13938240481093264,8,0.00034555038966951543,0.29974997741064935,0.06625064391637696,0.09995565133046547,0.04739522193414212,0.036636021134493914,0.0007570168695674658,8,116,0.03724452139803171,0.0187440594539845,True,False,False,0.00020473016435816884,COMPLETE
1584,0.46334241628646855,2025-04-04 02:16:26.065991,2025-04-04 02:16:32.933140,0 days 00:00:06.867149,0.046293482716757144,0.2507156671621995,8,0.16717945683311722,0.2893484640781227,0.02466447407204516,0.09343953647158415,0.05528835957089878,0.026556788207056585,0.0014342769360076422,6,147,0.033864662347033274,0.01080640692005826,True,False,False,0.00030441739650998004,COMPLETE
1585,0.55370272397995,2025-04-04 02:16:33.437501,2025-04-04 02:16:40.052916,0 days 00:00:06.615415,0.0711749183223249,0.20715907094304364,8,0.0339620247862328,0.2755505600677682,0.054163269917253766,0.09069366905401298,0.04465874011387376,0.03862908017419285,0.0006348030492850262,5,142,0.031245143330991758,0.007177009950620173,True,False,False,0.00043233627222138954,COMPLETE
1586,0.3977707207202912,2025-04-04 02:16:40.580941,2025-04-04 02:16:47.524536,0 days 00:00:06.943595,0.09269305582389929,0.1742137394494586,8,0.009555994643083186,0.28158587247326805,0.02834433002041831,0.09256564717288353,0.06054032501854211,0.041361605684096164,0.0004910528506446571,7,148,0.03598624946736898,0.014606011625872288,False,False,False,0.00015617449280420318,COMPLETE
1587,0.3646316766738892,2025-04-04 02:16:48.030521,2025-04-04 02:16:54.817557,0 days 00:00:06.787036,0.04114463882127666,0.224072903143929,8,0.019573480963646472,0.299961346849399,0.0594441148191048,0.08797257127523773,0.057213313268543654,0.04330322156540308,0.0010294948760773675,6,46,0.03929655194261842,0.03846734528799922,True,False,False,0.0003436036180888471,COMPLETE
1588,0.29631375670433047,2025-04-04 02:16:55.344435,2025-04-04 02:17:02.211314,0 days 00:00:06.866879,0.06001106914505012,0.20108485116475933,8,0.00025990508508687976,0.2915209339468551,0.06354516874122253,0.09637137330166756,0.04287248599779922,0.023103258136251626,0.0008337163346679315,7,145,0.037437618769779496,0.023231665422754354,True,False,False,0.0008046892241284946,COMPLETE
1589,0.5595184922218324,2025-04-04 02:17:02.721667,2025-04-04 02:17:09.349676,0 days 00:00:06.628009,0.010236814528053494,0.24442156820979916,8,0.01370414365276794,0.2845497269012166,0.02621555931873269,0.08958453688841343,0.02040325708872006,0.029709080806221172,0.0006414678255662168,5,140,0.03351743706071537,0.0077519366138655,True,False,False,0.00023959329364806758,COMPLETE
1590,0.5579045295715332,2025-04-04 02:17:09.854897,2025-04-04 02:17:16.642393,0 days 00:00:06.787496,0.13940861710584934,0.30729870988112784,8,0.009019706615443395,0.2699919459373829,0.06197688915471376,0.09457031797868307,0.051994462218702124,0.04705659397466553,0.0005277596247214355,6,150,0.03543262134729764,0.0010284495192703995,True,False,False,0.000562084944090503,COMPLETE
1591,0.5595184922218324,2025-04-04 02:17:17.165611,2025-04-04 02:17:24.007921,0 days 00:00:06.842310,0.06710310200177078,0.26489814428032277,8,0.024221593118622604,0.29115021031358157,0.022627845562255253,0.08663484085934202,0.06258917663143734,0.04011861015252422,0.00044998061182351427,6,145,0.031486082904235886,0.01680102423478856,True,False,False,0.00030480317243869714,COMPLETE
1592,0.5595356941223145,2025-04-04 02:17:24.519260,2025-04-04 02:17:31.002567,0 days 00:00:06.483307,0.0256867004932257,0.1848071324554566,16,0.01592947891339128,0.27691243876072086,0.05558869167165471,0.09127993672087394,0.05919751084111546,0.03568695896468676,0.0007098675381676314,7,147,0.03833370737630397,0.011239265781477508,True,False,False,0.0004505941585336538,COMPLETE
1593,0.5554695248603821,2025-04-04 02:17:31.504552,2025-04-04 02:17:38.145156,0 days 00:00:06.640604,0.10071057538959999,0.21536682060072934,8,0.007063916093917115,0.28662933773608856,0.05872801260793639,0.09666541169639493,0.03161356163702348,0.03826843540312311,0.0005854110756271994,5,142,0.04148593485568438,0.0010084268960769494,True,False,False,0.0001835088383140003,COMPLETE
1594,0.29631375670433047,2025-04-04 02:17:38.669860,2025-04-04 02:17:45.780015,0 days 00:00:07.110155,0.010226096128516361,0.15516252896900937,8,0.00013463034948960582,0.2937872577857108,0.03013852559645115,0.09304818405062362,0.05505278618852916,0.04559400431350382,0.0008676656671691787,8,123,0.03500110061844723,0.019539209417968884,True,False,False,0.0002550734431677254,COMPLETE
1595,0.5507083415985108,2025-04-04 02:17:46.288241,2025-04-04 02:17:53.157886,0 days 00:00:06.869645,0.04655513249391143,0.24076743848071497,8,0.010781092292885326,0.1749970235976613,0.06477492296890028,0.0895097347625457,0.050059736790780573,0.024160985779011303,0.00032363722420100937,6,150,0.037423663565917586,0.02942819469079936,True,False,False,0.00035691510985568143,COMPLETE
1596,0.5415061354637146,2025-04-04 02:17:53.660182,2025-04-04 02:18:00.657747,0 days 00:00:06.997565,0.07931181481581709,0.2795794037178799,8,0.021556244536389234,0.28147454533955557,0.025057183335072848,0.08671749199026682,0.05248731669447277,0.04251649468678848,0.0011557298362646702,7,147,0.03294195305449732,0.006917058837217279,True,False,False,0.000678145501402456,COMPLETE
1597,0.29631375670433047,2025-04-04 02:18:01.186593,2025-04-04 02:18:07.434969,0 days 00:00:06.248376,0.05604482621486766,0.20012252879003176,8,0.005775539194387373,0.29487507544922303,0.027902040831964518,0.09505346410684692,0.05683046178733427,0.054299325428041015,0.0004143972062246441,5,144,0.027901515290030793,0.0136924916065377,True,True,False,0.0004816428173759788,COMPLETE
1598,0.5594152569770814,2025-04-04 02:18:07.945847,2025-04-04 02:18:14.722886,0 days 00:00:06.777039,0.0825771017350603,0.22626329544641058,8,0.014629227897727946,0.29981570289120935,0.024093746096198812,0.09114852541070219,0.04047807809397784,0.04991816463999824,0.0007269437322034524,6,150,0.03601263854166333,0.023239063540161333,True,False,False,0.00020713447991532228,COMPLETE
1599,0.5582980751991272,2025-04-04 02:18:15.254378,2025-04-04 02:18:22.433393,0 days 00:00:07.179015,0.0423162436786786,0.16763485632564337,8,0.005745808802702973,0.2867796875869607,0.057227891850936595,0.0849232782201277,0.037455766035644406,0.03106566972572915,0.000570601824215646,8,140,0.043107596779934705,0.007348436622031956,True,False,False,0.00035875454797275964,COMPLETE
1600,0.3618446588516236,2025-04-04 02:18:22.952722,2025-04-04 02:18:29.589520,0 days 00:00:06.636798,0.11277705027945066,0.24396278381618627,8,0.02711688870536143,0.27691098148300913,0.06064701142672318,0.09789135085394976,0.05391157424545756,0.02759370747127261,0.0007930281366031832,7,145,0.0675762722807911,0.013739582575280764,True,False,True,0.00027062930402900183,COMPLETE
1601,0.5516883850097657,2025-04-04 02:18:30.101324,2025-04-04 02:18:40.804964,0 days 00:00:10.703640,0.01000265547916019,0.18575376514202566,8,0.018336195308217843,0.28995822916844105,0.05168293208550512,0.08838872531702222,0.058463628224084935,0.03601619413865692,0.0004935451507434673,28,148,0.04006698974116651,0.017892125763339026,True,False,False,0.0005512255751942216,COMPLETE
1602,0.5510312676429749,2025-04-04 02:18:41.341352,2025-04-04 02:18:48.213588,0 days 00:00:06.872236,0.07088395114111445,0.2573261858294211,8,0.012040515809123783,0.2998765767708103,0.06649323408490429,0.09258711187509644,0.0475474844384542,0.040900343448379325,0.0009636043590222983,6,143,0.03456401495199013,0.006461151938052507,True,False,False,0.0003935188106147831,COMPLETE
1603,0.561396872997284,2025-04-04 02:18:48.726589,2025-04-04 02:18:55.359708,0 days 00:00:06.633119,0.0374473669856792,0.2062548654361914,8,0.010753262022186311,0.2696730248631914,0.027088398951637255,0.08285977910383224,0.055677311281767713,0.04392287624065034,0.0006459486614799008,5,147,0.030406599782526134,0.010867831704906905,True,False,False,0.00032198948032807485,COMPLETE
1604,0.39950280189514165,2025-04-04 02:18:55.867100,2025-04-04 02:19:02.803649,0 days 00:00:06.936549,0.058044247174452106,0.22141373781075874,8,0.01914964579990084,0.281621445054892,0.022081936012065147,0.09436219156296331,0.0506419757099039,0.038610533608748214,0.00037342333095443335,7,150,0.03690780778642237,0.02503647810227423,False,False,False,0.00023287249474002948,COMPLETE
1605,0.5566429495811462,2025-04-04 02:19:03.339772,2025-04-04 02:19:10.155213,0 days 00:00:06.815441,0.09536007023466492,0.12642042050964714,8,0.007798466296981819,0.29010870592371796,0.05416691758795973,0.09095062279999483,0.06070038750883239,0.048308123490997196,0.0005348459378438649,6,138,0.032892619102631054,0.005479992365366843,True,False,False,0.0004611006293075557,COMPLETE
1606,0.34579809904098513,2025-04-04 02:19:10.666997,2025-04-04 02:19:17.382169,0 days 00:00:06.715172,0.026947459753658257,0.28824371268893134,8,0.02609373740613456,0.28407629747003976,0.06241887024553301,0.0885145316555834,0.05311561342000139,0.02899827983402615,0.0006749806821214951,6,27,0.03874366971796055,0.01889633060038532,True,False,False,0.0007639167784886476,COMPLETE
1607,0.5303849339485168,2025-04-04 02:19:17.887786,2025-04-04 02:19:24.563509,0 days 00:00:06.675723,0.07719956639529957,0.064621689300422,8,0.014388031571749657,0.29986954525107173,0.030570860888820463,0.09618879349438653,0.057069168444936896,0.04153745172708932,0.0004473356189265017,5,145,0.03446548108930429,0.03181759820470301,True,False,False,0.00015873294578220526,COMPLETE
1608,0.5029789924621583,2025-04-04 02:19:25.098096,2025-04-04 02:19:32.144710,0 days 00:00:07.046614,0.6910377031731434,0.23419474344067723,8,0.05407354638598075,0.2750731287523645,0.059708832086451225,0.09309012159237166,0.04520492356062009,0.025776781962636615,0.0008669670094435647,7,147,0.03693462157071167,0.011347324115087407,True,False,False,0.00027142464297692434,COMPLETE
1609,0.5588988423347473,2025-04-04 02:19:32.657433,2025-04-04 02:19:39.468703,0 days 00:00:06.811270,0.1172863164132333,0.177843803688417,8,0.006665146254669778,0.29171021789796836,0.025858641559212928,0.08977161543290067,0.048648602223694215,0.04577025314434482,0.0005953039579484846,6,142,0.03208226785224352,0.006286179735640466,True,False,False,0.0005778210763366093,COMPLETE
1610,0.29631375670433047,2025-04-04 02:19:40.003586,2025-04-04 02:19:46.579592,0 days 00:00:06.576006,0.06155728638691401,0.32356980547871905,8,0.00013783318090108618,0.2868908942687476,0.05743342084893505,0.0867211942497677,0.055229214950769816,0.03741391225311822,0.0007402438259808894,5,150,0.04028872657783932,0.01578259998894384,True,False,False,0.00036860012094220744,COMPLETE
1611,0.3467394292354584,2025-04-04 02:19:47.092720,2025-04-04 02:19:53.528319,0 days 00:00:06.435599,0.041839015175358193,0.2628761392579641,16,0.02061459435124641,0.2800630181899478,0.028334252421487908,0.0947884384289203,0.06263308080018683,0.03244828314503443,0.0013034209032490116,8,32,0.035321396686785994,0.00598815062334561,True,False,False,0.00019910999491583634,COMPLETE
1612,0.5230369567871094,2025-04-04 02:19:54.036409,2025-04-04 02:20:01.030496,0 days 00:00:06.994087,0.09365685923844908,0.14992601218113802,8,0.014017840171891081,0.29461074859033365,0.023620414586622524,0.09193608561390518,0.05806628822895651,0.04433680786821567,0.0005017855178797649,7,147,0.04893615992468283,0.013598620662617465,True,False,False,0.00029336828906416243,COMPLETE
1613,0.4817941546440125,2025-04-04 02:20:01.566807,2025-04-04 02:20:08.391668,0 days 00:00:06.824861,0.13579245883978935,0.20478495522525056,8,0.005278459153371116,0.28628668993016787,0.06114280472601874,0.09751638400184684,0.050983855646172714,0.03976898408828109,0.005272495088261036,6,144,0.038011995358303,0.02135565202056514,True,False,False,0.0004393368993733561,COMPLETE
1614,0.5405568242073059,2025-04-04 02:20:08.907545,2025-04-04 02:20:15.916609,0 days 00:00:07.009064,0.055924017899849195,0.22332494604815561,8,0.029798909803859176,0.2953925719158796,0.06459404604699251,0.08498203054015752,0.05991803171469921,0.042997342079786914,0.0009773893452136775,7,141,0.03343713565507675,0.011796388136863453,True,False,False,0.00023238509831045173,COMPLETE
1615,0.5609832406044006,2025-04-04 02:20:16.433999,2025-04-04 02:20:23.115612,0 days 00:00:06.681613,0.032529255970348295,0.18806656000729627,8,0.010478114290066193,0.2736024620920284,0.05557071041863307,0.09015496698983884,0.052966494506153795,0.04776860331217107,0.0006394026443570966,5,150,0.03573351691906401,0.027252268990569904,True,False,False,0.00033892504445796055,COMPLETE
1616,0.29631375670433047,2025-04-04 02:20:23.654680,2025-04-04 02:20:30.053200,0 days 00:00:06.398520,0.0804204350295796,0.24990267657090912,8,0.017054980311563356,0.2808745489096257,0.04993429117608019,0.09378380542269814,0.04237801615974317,0.03584671097231307,0.000769993142349757,6,147,0.03076420606078424,0.005639775599501877,True,True,False,0.0006220409222526795,COMPLETE
1617,0.35036444664001465,2025-04-04 02:20:30.570495,2025-04-04 02:20:37.449560,0 days 00:00:06.879065,0.10635805906684445,0.01061731374867153,8,0.005257657940658852,0.29000104890543554,0.06704678538852925,0.08750422102242925,0.05624678755676686,0.05108598703936726,0.00042824907766593224,6,144,0.04559957898240985,0.0196728546184098,True,False,False,0.00013771106715575,COMPLETE
1618,0.5600281238555909,2025-04-04 02:20:37.991287,2025-04-04 02:20:44.977124,0 days 00:00:06.985837,0.05776600580016735,0.2127726546340393,8,0.022539510093652893,0.26885719987848306,0.024849536395064365,0.09152522052060838,0.0543730978983522,0.030246053232744156,0.0006006599763604519,7,148,0.02854560194753835,0.0011559597554775666,True,False,False,0.0004980440263774514,COMPLETE
1619,0.3371145486831665,2025-04-04 02:20:45.491702,2025-04-04 02:20:51.837500,0 days 00:00:06.345798,0.030348313620370874,0.16716316121217642,8,0.012723054732115723,0.29489007469983264,0.026395887474062747,0.09999681453606618,0.059092363405981424,0.03436627791761205,0.0005282223954317196,5,145,0.038987584721224704,0.013340421910131845,True,False,True,0.00030932821271556607,COMPLETE
1620,0.29631375670433047,2025-04-04 02:20:52.354602,2025-04-04 02:20:59.086604,0 days 00:00:06.732002,0.07822315245473596,0.27131469107734313,8,0.00015776398605186343,0.2843213759900662,0.06317561259978531,0.09652123306030283,0.046323071806726034,0.04032778543641072,0.00033662588243452406,6,138,0.03360683993494591,0.010013025622879269,True,False,False,0.00040772147399757523,COMPLETE
1621,0.555975329875946,2025-04-04 02:20:59.622702,2025-04-04 02:21:06.848073,0 days 00:00:07.225371,0.046257471485020324,0.23261368808193114,8,0.03337690379715009,0.2777896049336377,0.08902747097774741,0.08938498163599112,0.04899728240625702,0.042527303475109565,0.0008192404722297975,8,150,0.041687992216355066,0.006603558436839391,True,False,False,0.00018790553611487302,COMPLETE
1622,0.5588988423347473,2025-04-04 02:21:07.364430,2025-04-04 02:21:14.326761,0 days 00:00:06.962331,0.06916464726810055,0.19351118338337178,8,0.00951871933657029,0.2901374596552306,0.0588890533208322,0.09333041740512962,0.05725027405567841,0.03820044075972292,0.0006780860249505662,7,141,0.03593291758598401,0.0010859801881036506,True,False,False,0.0008323594042355751,COMPLETE
1623,0.40199982523918154,2025-04-04 02:21:14.842887,2025-04-04 02:21:21.732674,0 days 00:00:06.889787,0.010612792597670383,0.24428485231810795,8,0.017609128342647315,0.29448215176137665,0.029912064294014266,0.09197778656146618,0.039348547848639975,0.045842260995583584,0.000471711726115145,6,147,0.03740251567659489,0.035176748379710986,False,False,False,0.0002482271990819998,COMPLETE
