number,value,datetime_start,datetime_complete,duration,params_alpha-eval,params_alpha-train,params_batch-size,params_eps-eval,params_eps-train,params_lambda-actions-eval,params_lambda-actions-train,params_lambda-frames-eval,params_lambda-frames-train,params_learning-rate,params_n-epochs,params_n-frames,params_radius-gw,params_rho,params_std-feats,params_ub-actions,params_ub-frames,params_weight-decay,state
728,0.39243087768554685,2025-04-04 00:16:38.769978,2025-04-04 00:16:52.162976,0 days 00:00:13.392998,0.4389373751890024,0.4206782543901877,2,0.24308130176076995,0.1511384005422634,0.007743867124588531,0.04116968347621914,0.07083304334375273,0.08317041667384548,6.208683040417927e-05,11,139,0.035213140056994864,0.16688870725032112,True,False,False,4.5898654161794944e-05,COMPLETE
729,0.5478691101074219,2025-04-04 00:16:52.399795,2025-04-04 00:17:07.581151,0 days 00:00:15.181356,0.5241179207088161,0.4924992039728225,2,0.030927697664046565,0.23101071095876557,0.011957700668308074,0.037553755858765,0.08600693135544073,0.08678785107992341,0.00010855660298211512,14,135,0.03087271248050482,0.15093455903586175,True,False,False,2.700128828246235e-05,COMPLETE
730,0.49669176340103155,2025-04-04 00:17:07.820771,2025-04-04 00:17:22.308341,0 days 00:00:14.487570,0.05570897625909392,0.5173735868870364,2,0.011227944124468819,0.2418486454834179,0.002667264712617908,0.039114798626842216,0.0738329096992548,0.08504407023605713,0.0010323342437550463,13,143,0.026209050250302204,0.18026715753305975,True,False,False,1.4145085470349218e-05,COMPLETE
731,0.5570312857627868,2025-04-04 00:17:22.537667,2025-04-04 00:17:39.541779,0 days 00:00:17.004112,0.48841079502415763,0.43759104926031106,2,0.02533563523267078,0.2515805770339366,0.006887974257685036,0.04523854230138124,0.08040088829040655,0.09400320699357939,8.511231822004741e-05,17,147,0.032868075335667504,0.1731329042107454,True,False,False,1.0179685614120062e-05,COMPLETE
732,0.553431785106659,2025-04-04 00:17:39.782172,2025-04-04 00:17:56.058205,0 days 00:00:16.276033,0.4682951876888603,0.3797461432007536,2,0.016850491557097808,0.25654638308382727,0.01396676413096638,0.04221137857396441,0.07684291896017179,0.07991400690206207,0.00012058254074002106,16,138,0.02877761439530742,0.18725386945735553,True,False,False,1.9098714301482904e-05,COMPLETE
733,0.2960214734077454,2025-04-04 00:17:56.284279,2025-04-04 00:18:03.840458,0 days 00:00:07.556179,0.5137978945663435,0.45807949159771105,8,0.02263071492705135,0.2453643531969505,0.016899318569787884,0.07488265480320669,0.0723987797677726,0.09068873044608156,7.74078072305876e-05,14,144,0.03679859373281634,0.142669041341614,True,True,False,2.657707882930933e-05,COMPLETE
734,0.5554870009422302,2025-04-04 00:18:04.077512,2025-04-04 00:18:19.940518,0 days 00:00:15.863006,0.03224872951744181,0.419810387424034,2,0.03798256598922148,0.22623697712418697,0.009868391021376814,0.04032531658312094,0.08283004190827582,0.0877050875270797,9.715598779468202e-05,15,141,0.039282893452996084,0.11776488767657105,True,False,False,5.695825351686894e-05,COMPLETE
735,0.5578636884689331,2025-04-04 00:18:20.194544,2025-04-04 00:18:34.108794,0 days 00:00:13.914250,0.49719683656246416,0.4751699420750884,2,0.004111747920451474,0.18804641907750363,0.014647995994576817,0.03625139197254347,0.07539640469774032,0.08212386988726797,0.00014851462699164695,12,134,0.0344474560183039,0.1559356212689742,True,False,False,7.994351862115624e-06,COMPLETE
736,0.5519425988197326,2025-04-04 00:18:34.339725,2025-04-04 00:18:47.605928,0 days 00:00:13.266203,0.4948518780746312,0.5029355181693876,2,0.0034405575486983336,0.18529685596016943,0.015855095221457616,0.035511856028964006,0.07555796940528563,0.07886978041691413,0.00023775983313705667,11,132,0.03149757960014027,0.14616557363835456,True,False,False,1.561030168478699e-08,COMPLETE
737,0.38606399893760684,2025-04-04 00:18:47.848811,2025-04-04 00:19:00.351540,0 days 00:00:12.502729,0.5412489478718306,0.48278922846154887,2,0.006031162095134537,0.19038335342861856,0.018333899785172313,0.03224911481335158,0.07741285385222522,0.08168959221649817,0.00018682227736673557,12,133,0.034339352403964546,0.15414346130867965,True,False,True,6.648421827727363e-06,COMPLETE
738,0.36139658093452454,2025-04-04 00:19:00.579832,2025-04-04 00:19:13.776623,0 days 00:00:13.196791,0.5727085842571324,0.5398496872430769,2,0.001191064514125536,0.21487710572412927,0.013890125389367847,0.03392556992638504,0.07464697620592452,0.07716635331309553,0.0001541404436429977,11,129,0.03047881953742373,0.15699137128641244,True,False,False,8.259580037947835e-06,COMPLETE
739,0.5553138852119446,2025-04-04 00:19:14.019542,2025-04-04 00:19:22.183822,0 days 00:00:08.164280,0.5107200540851853,0.5155870730915959,16,0.005074325581766997,0.2623042197239033,0.016200636134746378,0.03751337680324015,0.07915128109305002,0.08218756238650084,0.0001965662195772027,24,135,0.028625547124234756,0.14784976328603597,True,False,False,6.8684534405278574e-06,COMPLETE
740,0.5588988423347473,2025-04-04 00:19:22.425493,2025-04-04 00:19:36.480661,0 days 00:00:14.055168,0.4811403349385404,0.47429503644804694,2,0.009067291382954246,0.08361302934717635,0.018913050269428307,0.03633965905510645,0.0784266572925932,0.08035892599753286,0.00016460967014181365,12,136,0.03265827429755645,0.10896647506760702,True,False,False,8.052412996109955e-06,COMPLETE
741,0.29631375670433047,2025-04-04 00:19:36.711239,2025-04-04 00:19:49.792817,0 days 00:00:13.081578,0.4791534091806535,0.4963396918751799,2,0.00038374533880113776,0.0756458813661866,0.021154135748826887,0.03277122837702244,0.08112861897700477,0.0783992602730925,0.00020253405391444326,11,132,0.032065402007912636,0.15396829063495923,False,False,False,7.824980179775966e-06,COMPLETE
742,0.5315719366073608,2025-04-04 00:19:50.039436,2025-04-04 00:20:03.862501,0 days 00:00:13.823065,0.4519205802022188,0.0427237738614325,2,0.008447029749630384,0.17554657101197363,0.019492093606954503,0.03397599925561401,0.07867646548564958,0.0804578905439417,0.0002621177486801579,12,130,0.029574710314422308,0.13890383582056293,True,False,False,7.831990520681583e-06,COMPLETE
743,0.5024557948112488,2025-04-04 00:20:04.094492,2025-04-04 00:20:17.990716,0 days 00:00:13.896224,0.49805889513954527,0.47949954509406195,2,0.08836649989042467,0.07859643131085418,0.022506098458850505,0.03502552089412157,0.04695899106376564,0.07597764241840257,0.00016861204355248256,12,134,0.025308298647065665,0.16225897089139674,True,False,False,9.50755560638722e-06,COMPLETE
744,0.2988218128681183,2025-04-04 00:20:18.232461,2025-04-04 00:20:30.794107,0 days 00:00:12.561646,0.47718560163339896,0.5011750230839297,2,0.0009651838967081883,0.07168679468681961,0.019500600926431955,0.03687458092047781,0.08316845940372418,0.07959480110240398,0.00023608422569732594,10,136,0.02776414260268413,0.1586536824629028,True,False,False,1.075323554786676e-05,COMPLETE
745,0.5504871606826782,2025-04-04 00:20:31.042449,2025-04-04 00:20:44.941487,0 days 00:00:13.899038,0.522335139053981,0.5246926958471229,2,0.010009282371569875,0.08805679205992084,0.02286896167984468,0.03196211613567407,0.08105399974837645,0.08135229039181045,0.0001713563747780458,12,136,0.03324938176858517,0.16485059555179607,True,False,False,5.858338774888782e-06,COMPLETE
746,0.5520785808563232,2025-04-04 00:20:45.180659,2025-04-04 00:20:58.472134,0 days 00:00:13.291475,0.46346759194297205,0.4732757393270897,2,0.007159112303086747,0.06681172934711097,0.024990620688168836,0.03588202335741095,0.07821678245402827,0.0776522040745407,0.00015367621641411305,11,131,0.03111092826886473,0.15014224842198098,True,False,False,6.135718160208564e-06,COMPLETE
747,0.5539040684700012,2025-04-04 00:20:58.720652,2025-04-04 00:21:12.647758,0 days 00:00:13.927106,0.5011541551844254,0.493963740666776,2,0.009644297082136396,0.060741815116085465,0.018271376420102018,0.04613187663561234,0.08025465661216732,0.0808325938835456,0.00015267646233282862,12,138,0.03295379661751189,0.1957480858057955,True,False,False,8.794023839579583e-06,COMPLETE
748,0.5125364542007447,2025-04-04 00:21:12.880059,2025-04-04 00:21:26.725382,0 days 00:00:13.845323,0.4393367273369609,0.47345807569636644,2,0.013487927670455235,0.0810683312482109,0.020224162434809352,0.04801416578690426,0.07724478062520011,0.0657989041320926,0.000328230568478828,12,134,0.027143867073871713,0.15951866023778635,True,False,False,1.1061600772405712e-05,COMPLETE
749,0.4326213717460633,2025-04-04 00:21:26.967802,2025-04-04 00:21:41.145016,0 days 00:00:14.177214,0.4826401771160605,0.46367590552754284,2,0.0009214350660150701,0.11355164526873934,0.016902220673674983,0.03646923353587439,0.08403929453291625,0.08364544054173038,0.00017980956099415574,12,137,0.0011456716212325108,0.13077537024592698,True,False,False,6.498183727332519e-06,COMPLETE
750,0.5542293667793274,2025-04-04 00:21:41.394233,2025-04-04 00:21:54.727987,0 days 00:00:13.333754,0.5217001507699681,0.5154512341918913,2,0.007556141456243446,0.09001182588047514,0.017924914303372744,0.04402376292815947,0.07646537190865836,0.08217794376201516,0.00013732621321727118,11,138,0.03081432091363744,0.1903739369699624,True,False,False,8.344397204409102e-06,COMPLETE
751,0.48642420768737793,2025-04-04 00:21:54.961056,2025-04-04 00:22:11.532375,0 days 00:00:16.571319,0.46071192866569255,0.45702241732828763,2,0.17346891448690618,0.12886768818367503,0.015653065816771568,0.035075945285448704,0.07928632318064484,0.07541103370721776,0.00014187829233116685,16,127,0.03382993289204035,0.16319305819728008,True,False,False,1.0658672582193422e-05,COMPLETE
752,0.5475121021270752,2025-04-04 00:22:11.776004,2025-04-04 00:22:28.925572,0 days 00:00:17.149568,0.4905787830317509,0.4880777181194541,2,0.013563191183141692,0.09769021193147176,0.02399568332763065,0.03781162674476439,0.08082580717810002,0.07856445017203101,0.00021524264810148834,17,140,0.029667137517817296,0.15364289609124213,True,False,False,1.3142220496705235e-05,COMPLETE
753,0.5519569277763368,2025-04-04 00:22:29.159335,2025-04-04 00:22:43.023734,0 days 00:00:13.864399,0.5450806737151547,0.47353264171496817,2,0.013064969834311276,0.07270194991426968,0.018686367119119973,0.058406018861869115,0.0849512867317583,0.08331349929746688,0.00012462474890225387,12,135,0.032214520353115665,0.17912307146455278,True,False,False,7.71696524336584e-06,COMPLETE
754,0.29631375670433047,2025-04-04 00:22:43.269329,2025-04-04 00:22:50.630649,0 days 00:00:07.361320,0.422799152546582,0.45600318780571836,8,0.006741263348167848,0.25114481154552554,0.016951796236801975,0.04182349402701412,0.08708294592540149,0.0803981560578977,0.00017071120457069956,13,132,0.03664228472756444,0.17008312580913046,True,True,False,1.1941266644320583e-05,COMPLETE
755,0.36506845951080324,2025-04-04 00:22:50.876908,2025-04-04 00:23:05.461328,0 days 00:00:14.584420,0.5070702623606569,0.499227213451653,2,0.01560918924607117,0.10966442257552125,0.02109213535497964,0.047898698262853215,0.08254327459625077,0.08371871182702897,0.0001422617014040688,16,138,0.034160614341866694,0.16574216782384124,True,False,True,6.852329021412519e-06,COMPLETE
756,0.5568696975708008,2025-04-04 00:23:05.696309,2025-04-04 00:23:19.638364,0 days 00:00:13.942055,0.4819736273214491,0.5308884529802843,2,0.010051037283335817,0.16194191510999573,0.013915048791425197,0.04411765225213455,0.076810391023656,0.0826435503489673,0.00012533580323253235,12,141,0.03516744747129311,0.18428442080818133,True,False,False,9.565983213652031e-06,COMPLETE
757,0.5540896415710449,2025-04-04 00:23:19.886161,2025-04-04 00:23:33.103864,0 days 00:00:13.217703,0.45701942523520395,0.45429458037117937,2,0.016349493454602012,0.0691400693353341,0.07467223691122113,0.033501736564558786,0.07830916163787738,0.08015598622065369,0.00011612667312663487,11,135,0.024797070732175033,0.15771990085590015,True,False,False,1.4541685593315501e-05,COMPLETE
758,0.39754209518432615,2025-04-04 00:23:33.353170,2025-04-04 00:23:48.012113,0 days 00:00:14.658943,0.441887837373107,0.4873073681365205,2,0.004244062261591144,0.04716406004799136,0.027125714789941427,0.05028960241080676,0.07466165353990108,0.08464715863413144,0.035113780085039396,13,147,0.031436258361890256,0.1745156719406863,True,False,False,6.009313743039514e-06,COMPLETE
759,0.555102550983429,2025-04-04 00:23:48.247733,2025-04-04 00:24:04.651061,0 days 00:00:16.403328,0.4736313482923707,0.7515878611060376,2,0.013427418539708476,0.19787292282871916,0.015203463125579198,0.03846484067286549,0.07531815946945405,0.07745604041086959,0.00019626861829236605,16,140,0.02794933578012857,0.14611635106631707,True,False,False,1.1649854121948434e-05,COMPLETE
760,0.40124798417091373,2025-04-04 00:24:04.901992,2025-04-04 00:24:12.090721,0 days 00:00:07.188729,0.5254184790326943,0.4692779857710998,16,0.1326373677039166,0.25567531936348337,0.0010151859397690324,0.040880590604775426,0.0814202174252398,0.08196986558747461,0.00014581709795309896,15,144,0.0369973485116426,0.19601199617375487,False,False,False,8.868081368508913e-06,COMPLETE
761,0.5543694257736207,2025-04-04 00:24:12.325463,2025-04-04 00:24:29.358239,0 days 00:00:17.032776,0.5012952296004378,0.4453122516946502,2,0.019536544545230846,0.09238165585220992,0.020527266722946826,0.045749162095912156,0.0726554318413966,0.07413731348485042,0.00012137593550595217,17,137,0.03306817774237964,0.16903134780106074,True,False,False,1.4848937435371835e-05,COMPLETE
762,0.5553532719612122,2025-04-04 00:24:29.606032,2025-04-04 00:24:44.106497,0 days 00:00:14.500465,0.5542661322662268,0.5608207387787832,2,0.009231647293941977,0.26052738357678806,0.015707282084740416,0.036346473498937555,0.07892713521099519,0.09863506002294364,0.00016516416608229552,13,142,0.029628341128097452,0.18891483496901007,True,False,False,1.0179550667975681e-08,COMPLETE
763,0.29631375670433047,2025-04-04 00:24:44.358902,2025-04-04 00:24:59.928989,0 days 00:00:15.570087,0.4127284918990874,0.4442597878260777,2,0.00047868352120739727,0.24784366933959998,0.017325258417553488,0.04309587022332095,0.07631958583512782,0.08562920805070284,0.00011002433996455114,15,139,0.03818434401692699,0.07414864378148885,True,False,False,1.2615458341748146e-05,COMPLETE
764,0.3667464375495911,2025-04-04 00:25:00.167651,2025-04-04 00:25:14.230335,0 days 00:00:14.062684,0.4684985238195083,0.5032384275012792,2,0.017878423676817554,0.19479199826598395,0.07188773128064795,0.03869315673812992,0.07344106782162686,0.08454823527556837,0.05237101936291729,12,148,0.03436264650052283,0.13851864385443052,True,False,False,1.7350701452834983e-05,COMPLETE
765,0.541799008846283,2025-04-04 00:25:14.479817,2025-04-04 00:25:27.127209,0 days 00:00:12.647392,0.49707261681695925,0.47417788404456224,2,0.0129633006213085,0.16932361818533517,0.013612469707623098,0.041092442555488454,0.08255422329283639,0.07882076556668695,0.00013667799162178762,10,134,0.04201610687995083,0.17970035936895723,True,False,False,9.883417147276582e-06,COMPLETE
766,0.5541724801063538,2025-04-04 00:25:27.370249,2025-04-04 00:25:43.814666,0 days 00:00:16.444417,0.4415631112570869,0.4572489076957527,2,0.019151548829785422,0.08261094614372301,0.023387361800850964,0.03111760017046975,0.07964546233377234,0.08198551018791345,0.00010336322109368255,16,130,0.03171543483109377,0.16611882806320732,True,False,False,1.6553404663942036e-05,COMPLETE
767,0.5558874130249024,2025-04-04 00:25:44.067859,2025-04-04 00:25:58.468239,0 days 00:00:14.400380,0.38387894916662885,0.6971718928077044,2,0.0065557823635662045,0.2527672930148929,0.019570701079775873,0.03738916550196457,0.08532891656029443,0.06903226456675068,0.00016433680195379735,13,145,0.03587959001537482,0.15292042445072423,True,False,False,7.351361148900996e-06,COMPLETE
768,0.37401714324951174,2025-04-04 00:25:58.719991,2025-04-04 00:26:08.900704,0 days 00:00:10.180713,0.5236095616196149,0.5193954164928066,2,0.020299725659252227,0.1219956600049832,0.01771391675325905,0.04248473467427866,0.07760026749836832,0.08405183041484586,0.017011373442307062,6,141,0.030592898309174003,0.17333107039170148,True,False,False,1.2748011380499794e-05,COMPLETE
769,0.5563033819198608,2025-04-04 00:26:09.141270,2025-04-04 00:26:26.259271,0 days 00:00:17.118001,0.4817403993151014,0.4400416662118775,2,0.013831969309436936,0.24515779798763618,0.011984354952027532,0.03970712521208631,0.0740180038760131,0.07984660059522601,0.00011922696816407751,17,137,0.026700662080925176,0.19764187156503032,True,False,False,6.1776491366781035e-06,COMPLETE
770,0.38594598174095157,2025-04-04 00:26:26.508633,2025-04-04 00:26:42.389073,0 days 00:00:15.880440,0.4544336436485294,0.48309677208795077,2,0.022360600935740393,0.24120088798101888,0.02574482170016363,0.045125084723229764,0.07169825364917616,0.08595040289104768,0.00022129691054431112,15,143,0.07956538714964335,0.16186162873491172,True,False,False,1.8119118852580386e-05,COMPLETE
771,0.5589109659194946,2025-04-04 00:26:42.645979,2025-04-04 00:26:57.132565,0 days 00:00:14.486586,0.17465845720600504,0.4613887318675299,2,0.008927031852495621,0.2562732948936195,0.014366723170895653,0.07736504182130616,0.07602155998773798,0.08236682175496833,0.0001411340598385711,13,139,0.03329008764259213,0.1813562128588642,True,False,False,1.0040119056620867e-05,COMPLETE
772,0.29631375670433047,2025-04-04 00:26:57.372880,2025-04-04 00:27:09.701365,0 days 00:00:12.328485,0.13338954146877824,0.5067851589534811,2,0.005039796599743849,0.26086981272791415,0.014471691095560645,0.07878748573930301,0.08937261071667181,0.08140004130169058,0.00018207793393135814,12,132,0.02854167639970446,0.19103003200439544,True,True,False,7.927059372458883e-06,COMPLETE
773,0.5582799434661865,2025-04-04 00:27:09.952909,2025-04-04 00:27:24.519618,0 days 00:00:14.566709,0.5095268887281369,0.4701933898653153,2,0.005724578426457403,0.25754371202999266,0.015234804136997421,0.07794777802161679,0.08033999120717986,0.08259349305221521,0.00014018043434393308,13,136,0.03307233881760963,0.17051441356839594,True,False,False,9.14873803356141e-06,COMPLETE
774,0.29631375670433047,2025-04-04 00:27:24.763137,2025-04-04 00:27:39.270641,0 days 00:00:14.507504,0.5372967931012143,0.48637231697562544,2,0.0006054692175421934,0.2648563613274427,0.014837836756998901,0.07751964795601755,0.07841927272632371,0.0789762934893465,0.0001876993658397355,13,134,0.03220311697051636,0.14379863729573386,True,False,False,9.08418776762416e-06,COMPLETE
775,0.3626061320304871,2025-04-04 00:27:39.523672,2025-04-04 00:27:52.056846,0 days 00:00:12.533174,0.5051221365183932,0.5469234568457574,2,0.0005464625065323397,0.2660361244946837,0.016253053234788633,0.08005388318136392,0.08020764763575836,0.07683330154163817,0.00023420942724124955,12,126,0.03036519530490643,0.16772646443508973,True,False,True,6.347607499106597e-06,COMPLETE
776,0.5521631479263306,2025-04-04 00:27:52.311993,2025-04-04 00:28:07.038630,0 days 00:00:14.726637,0.16426809425908884,0.4767757938042873,2,0.006179704254819054,0.25898735718466404,0.012891030684406567,0.07393772905185526,0.0768611296245377,0.08123194021724592,0.0002780715837554988,13,130,0.03267824109789524,0.1581938288485538,True,False,False,8.702338174981413e-06,COMPLETE
777,0.53962299823761,2025-04-04 00:28:07.278773,2025-04-04 00:28:15.048724,0 days 00:00:07.769951,0.5543345852649604,0.625209913430969,8,0.007261594827453808,0.2655221331777095,0.014629022062064222,0.07704794356648632,0.0797382401370483,0.08288268765966159,0.00015499217323451341,12,136,0.025367376931370016,0.18506781877737913,True,False,False,7.861900833214194e-06,COMPLETE
778,0.5576537132263184,2025-04-04 00:28:15.298597,2025-04-04 00:28:29.751039,0 days 00:00:14.452442,0.16665937247315488,0.5045380611377704,2,0.0048427568302401485,0.25683354316963636,0.01726427019247565,0.07958864761041742,0.07490757395011206,0.08089834254543876,0.0001460066796909968,13,139,0.02922721031498817,0.10561870820289085,True,False,False,1.0246593863124198e-05,COMPLETE
779,0.5004669070243836,2025-04-04 00:28:30.009108,2025-04-04 00:28:43.778978,0 days 00:00:13.769870,0.16549730206397084,0.5339518370111702,2,0.003396666241678531,0.2648590096297049,0.01842799769145899,0.07708760440692326,0.0739412755860775,0.07816605560622712,0.00020872079675512815,12,139,0.025605434995420177,0.11524554696356194,True,False,False,9.884699780215994e-06,COMPLETE
780,0.5428623080253601,2025-04-04 00:28:44.021049,2025-04-04 00:28:57.306255,0 days 00:00:13.285206,0.12439916937802142,0.52755024578873,2,0.004460816097769612,0.25860244770894053,0.016850502978536856,0.08247549447014778,0.07434574016881773,0.07557399596805814,0.00016480446354347962,11,140,0.02742102762212715,0.13768289235240055,True,False,False,5.62718069041275e-06,COMPLETE
781,0.29631375670433047,2025-04-04 00:28:57.561356,2025-04-04 00:29:11.870539,0 days 00:00:14.309183,0.2046059399366079,0.4950726777154907,2,0.0015016511739268648,0.25672940921284526,0.018843050874830253,0.07873861667358614,0.07563704201435334,0.07983027881697564,0.00019144022933886354,13,140,0.028677179623471594,0.1299859761722011,False,False,False,6.7821134805297755e-06,COMPLETE
782,0.29631375670433047,2025-04-04 00:29:12.128228,2025-04-04 00:29:26.582204,0 days 00:00:14.453976,0.20398542418703902,0.5138047822306772,2,0.0007587348797459623,0.2574537109490526,0.021222276367544153,0.08193702426332919,0.07244639796023383,0.07827061603709562,0.00015352529969515398,13,145,0.02984730618899271,0.19992596709522956,True,False,False,1.0260119876606356e-05,COMPLETE
783,0.514724338054657,2025-04-04 00:29:26.824930,2025-04-04 00:29:33.715936,0 days 00:00:06.891006,0.1962828663619266,0.5797637275024807,16,0.008733542920878667,0.2612376869481414,0.016716996058962125,0.07483331290888068,0.07617219345750756,0.08184591123825707,0.00014739596375269642,12,75,0.03262707791292542,0.12490981390589656,True,False,False,8.921596956478928e-06,COMPLETE
