number,value,datetime_start,datetime_complete,duration,params_alpha-eval,params_alpha-train,params_batch-size,params_eps-eval,params_eps-train,params_lambda-actions-eval,params_lambda-actions-train,params_lambda-frames-eval,params_lambda-frames-train,params_learning-rate,params_n-epochs,params_n-frames,params_radius-gw,params_rho,params_std-feats,params_ub-actions,params_ub-frames,params_weight-decay,state
507,0.48833364248275757,2025-04-23 11:09:47.707210,2025-04-23 11:09:54.534542,0 days 00:00:06.827332,0.4147279648678591,0.17834996803079967,16,0.19920893252446797,0.1158390478569915,0.09423812407173246,0.0658940419406385,0.09062080099462544,0.05278436671207241,2.858762478134644e-05,6,141,0.031247808610909263,0.1823709329195605,True,False,False,1.5832059819399234e-06,COMPLETE
508,0.48605973720550544,2025-04-23 11:09:54.704595,2025-04-23 11:10:01.504008,0 days 00:00:06.799413,0.37110840662381755,0.23918335829262016,16,0.18804805109391692,0.12984977564292377,0.0917370816609057,0.06244603338724902,0.09387076329084545,0.07042889183344925,1.7263389762965742e-05,6,137,0.04076635399504267,0.1581096872965908,True,False,False,1.185195389161231e-06,COMPLETE
509,0.4868013978004456,2025-04-23 11:10:01.662138,2025-04-23 11:10:08.578730,0 days 00:00:06.916592,0.4356336844481751,0.8338103292496241,16,0.1845968834740127,0.12316352003428314,0.08880004085469365,0.05241279384144808,0.08751911856695391,0.05043040269258012,2.264271217432344e-05,7,112,0.0162778218145138,0.17293045027975013,True,False,False,2.9043609876259067e-06,COMPLETE
510,0.4979536890983582,2025-04-23 11:10:08.751184,2025-04-23 11:10:15.494319,0 days 00:00:06.743135,0.3942065333457568,0.08323167684732743,16,0.1692752150046859,0.15222986870669947,0.09298409977086095,0.029856323638058048,0.06167694947967736,0.05610220117476865,1.3970136674683556e-05,5,144,0.027629661056475522,0.1651423647631367,True,False,False,4.44745016630339e-06,COMPLETE
511,0.41533762216568,2025-04-23 11:10:15.652991,2025-04-23 11:10:22.368361,0 days 00:00:06.715370,0.39304973709112057,0.7714391912547138,16,0.16856563277262654,0.16200678455463788,0.09553083686473256,0.029650982877097165,0.06263134665060652,0.05622686097107815,9.280389496281382e-05,5,147,0.02329847581543544,0.1688703016002468,True,False,False,4.779092043383973e-06,COMPLETE
512,0.4869623184204102,2025-04-23 11:10:22.531257,2025-04-23 11:10:29.463605,0 days 00:00:06.932348,0.3624872848914192,0.06274206022992429,16,0.18004891459678884,0.1537270527479559,0.09367461298873835,0.031051368339267766,0.06467920502436922,0.05859436609575885,1.199497461374455e-05,6,144,0.026724635016533233,0.1792263161381369,True,False,False,8.206410268637576e-06,COMPLETE
513,0.42788778543472294,2025-04-23 11:10:29.635558,2025-04-23 11:10:40.316136,0 days 00:00:10.680578,0.3803588781758337,0.07454957911851756,2,0.172722543024406,0.15369168095870597,0.0974289293921754,0.05130069732901512,0.05862269839494927,0.05856379349572642,1.3938169356287525e-05,6,144,0.0192269471379185,0.1625411049767385,True,False,False,3.984915484228367e-06,COMPLETE
514,0.4553166031837464,2025-04-23 11:10:40.480911,2025-04-23 11:10:48.878799,0 days 00:00:08.397888,0.3991379985564176,0.08496320021314598,16,0.19171696600220486,0.16679054849568636,0.09531195374578037,0.05750470686413307,0.07748750361947851,0.052901220194340494,1.1920694267336698e-05,20,150,0.027618859457761324,0.14962586309370385,True,False,False,6.303963574371955e-06,COMPLETE
515,0.4823240756988526,2025-04-23 11:10:49.052683,2025-04-23 11:10:55.763865,0 days 00:00:06.711182,0.7275804900170224,0.08293456296451465,16,0.18364566036748992,0.14975513945684021,0.0931857455552645,0.04962743600968933,0.0857514011082755,0.05545948124738748,1.4496600358484256e-05,5,147,0.024066234197833804,0.19328064153967212,True,False,False,1.1261093213092036e-05,COMPLETE
516,0.3582877278327942,2025-04-23 11:10:55.927601,2025-04-23 11:11:02.550209,0 days 00:00:06.622608,0.3445757493241639,0.114682073254909,16,0.16793396053892215,0.14277281404192516,0.0984312623476061,0.02920926923879653,0.06620559345087228,0.06014764460477906,5.243446796306084e-05,5,143,0.028714937690764077,0.1722659475495063,False,False,False,4.345295116276132e-06,COMPLETE
517,0.29631375670433047,2025-04-23 11:11:02.710731,2025-04-23 11:11:09.270201,0 days 00:00:06.559470,0.38130814395141543,0.09972286148496227,16,0.1770631958805214,0.1600183605567742,0.09230590599900115,0.05913351136120787,0.08922064502321322,0.05727531268796079,3.7699321484099615e-05,7,140,0.025325464009238983,0.15943168794340887,True,True,False,5.5950086394869985e-06,COMPLETE
518,0.4966884970664978,2025-04-23 11:11:09.444421,2025-04-23 11:11:16.298602,0 days 00:00:06.854181,0.4132856488354802,0.061405324129003014,16,0.18923304324956855,0.14776482648622552,0.096158302917125,0.027119650087483606,0.09230262413803884,0.054479110172589405,1.578599700326306e-05,6,145,0.030628619624162027,0.1666381254033491,True,False,False,3.890019856515877e-06,COMPLETE
519,0.4974366307258606,2025-04-23 11:11:16.460776,2025-04-23 11:11:23.467087,0 days 00:00:07.006311,0.417527093474225,0.03610384512890408,16,0.18656609915753497,0.1532878673269726,0.0993625938473144,0.06886601603586136,0.07164093971922714,0.054466343954986916,1.0092560546091748e-05,7,142,0.031364413332691216,0.1551210165653597,True,False,False,3.756146349097681e-06,COMPLETE
520,0.4853078365325928,2025-04-23 11:11:23.643902,2025-04-23 11:11:30.786872,0 days 00:00:07.142970,0.6591877654762613,0.1489582601967216,16,0.17794771417923494,0.15627357465947989,0.0993672359151092,0.06774415829415009,0.07195540577431889,0.055816178109026726,1.0535633814306796e-05,8,141,0.03348265140737715,0.14166231974158985,True,False,False,3.249021544010531e-06,COMPLETE
521,0.46308812499046326,2025-04-23 11:11:30.949769,2025-04-23 11:11:38.067675,0 days 00:00:07.117906,0.42667892545860986,0.02366630101250585,16,0.1697978896357402,0.16472890821140315,0.099398814569531,0.06941915900304296,0.07005404791221959,0.05288727805339807,1.031653677855068e-05,8,139,0.03634513795422504,0.1521192318116572,True,False,False,5.1147419020469935e-06,COMPLETE
522,0.4988345861434937,2025-04-23 11:11:38.234501,2025-04-23 11:11:45.195480,0 days 00:00:06.960979,0.46014420806661943,0.04190371156802668,16,0.18417696338762854,0.15841071260865383,0.09756432914934991,0.06734095413966036,0.07304636013565975,0.056520594006293924,1.0135122923133268e-05,7,138,0.03196360897381152,0.15535501357044315,True,False,False,4.114331343433005e-06,COMPLETE
523,0.2943011462688446,2025-04-23 11:11:45.368227,2025-04-23 11:11:51.947826,0 days 00:00:06.579599,0.454525266359019,0.02496259293889264,16,0.1851256140364807,0.16762488323488586,0.09989544351175582,0.07112278408379531,0.06889259990618248,0.055223467691689065,1.015230566243633e-05,7,141,0.033857103978078736,0.11617578490920832,True,False,True,4.8942318070080235e-06,COMPLETE
524,0.48741630315780643,2025-04-23 11:11:52.112707,2025-04-23 11:11:59.172270,0 days 00:00:07.059563,0.4223943988230708,0.04051867152598712,16,0.18515768126491175,0.17393995440492088,0.09994360860786339,0.06799910033160063,0.0668489786192848,0.05214555686202514,1.0176212967134849e-05,8,136,0.032725566330321185,0.1460830052590306,True,False,False,3.629333657361185e-06,COMPLETE
525,0.47545831799507143,2025-04-23 11:11:59.348462,2025-04-23 11:12:06.318440,0 days 00:00:06.969978,0.4678894794477221,0.031718019630533674,16,0.1796545100115736,0.16116135245925511,0.09742233951895565,0.06711683950674328,0.06133124617880106,0.05732367025827737,1.1872366939694605e-05,7,139,0.03853261272740098,0.15355214207735635,True,False,False,7.004658643468239e-06,COMPLETE
526,0.48766887187957764,2025-04-23 11:12:06.483764,2025-04-23 11:12:13.518477,0 days 00:00:07.034713,0.43738819362451964,0.039852754919255155,16,0.16556729698363762,0.1563337784505021,0.09678216506528853,0.07156445078331175,0.06731182063308082,0.053408562762920705,1.2115962515385538e-05,7,122,0.03166538360105143,0.13897999465035107,True,False,False,4.137112544207769e-06,COMPLETE
527,0.4879549741744995,2025-04-23 11:12:13.683665,2025-04-23 11:12:20.650980,0 days 00:00:06.967315,0.4145279622421807,0.050569101051411325,16,0.1926195921828586,0.17186170380240565,0.09752349954293878,0.09059500264455855,0.07260742135158099,0.05500935275510041,1.0032618173367943e-05,7,143,0.03555291196372243,0.1476274571582416,True,False,False,5.8761407940853e-06,COMPLETE
528,0.48847714662551883,2025-04-23 11:12:20.827744,2025-04-23 11:12:27.909030,0 days 00:00:07.081286,0.46140847367986676,0.024016570934257284,16,0.17280133271075704,0.18080319303325437,0.09493343787617785,0.06473857318942332,0.07088989127075425,0.051520486925257375,1.3254807409123747e-05,8,133,0.030872004252331088,0.12703470233867875,True,False,False,3.1712064761548347e-06,COMPLETE
529,0.45946640968322755,2025-04-23 11:12:28.075239,2025-04-23 11:12:35.919087,0 days 00:00:07.843848,0.4034470236429914,0.061887533554311105,8,0.1873059995591862,0.1576489107118228,0.09781712171127888,0.0694714314863999,0.07293816029712258,0.01926894981347143,1.3596935623326326e-05,9,128,0.03512550664118762,0.15514679540172027,True,False,False,7.788039969813221e-06,COMPLETE
530,0.46042808294296267,2025-04-23 11:12:36.095846,2025-04-23 11:12:43.157325,0 days 00:00:07.061479,0.57761499353089,0.098362364664769,16,0.16251435266420403,0.1521621431477559,0.09486555580022159,0.06759496658000957,0.0707152815939272,0.05684401340287039,1.1905173281968564e-05,8,136,0.032450786495464234,0.29053591255175715,True,False,False,4.709630347116701e-06,COMPLETE
531,0.49369816780090336,2025-04-23 11:12:43.324578,2025-04-23 11:12:50.222276,0 days 00:00:06.897698,0.47965480509102504,0.07829218633919352,16,0.18161945289615394,0.16253207237985626,0.04789930520938222,0.06962881808460535,0.05968401603487048,0.050165243129085844,1.005824717109985e-05,7,96,0.029888817544991016,0.15750482059453041,True,False,False,5.778440150436649e-06,COMPLETE
532,0.3660023808479309,2025-04-23 11:12:50.402180,2025-04-23 11:12:57.373177,0 days 00:00:06.970997,0.4443060598489781,0.05289911577801302,16,0.17415090188124047,0.15809103210962924,0.09345301446847615,0.06580848377074787,0.07362810305197,0.05346815958407014,0.00047823513569717255,7,143,0.029233997754424708,0.15074183014000744,True,False,False,3.1423205552735905e-06,COMPLETE
533,0.48864797353744505,2025-04-23 11:12:57.542049,2025-04-23 11:13:04.380592,0 days 00:00:06.838543,0.5004666618798554,0.024365256983112128,16,0.1910180740105399,0.1525282463593572,0.096296703351729,0.07275244624636516,0.07612424609793622,0.055014137880936245,1.4027364358278657e-05,6,139,0.03473676138200822,0.14362643056786342,True,False,False,6.428213685318656e-06,COMPLETE
534,0.4671736001968384,2025-04-23 11:13:04.546783,2025-04-23 11:13:11.326046,0 days 00:00:06.779263,0.6970934910362296,0.055257826995531,16,0.1806462607746959,0.14638219811580258,0.0979503515967413,0.07057042730825955,0.06340290088029595,0.029923797229604372,1.2056794169286824e-05,6,84,0.05391082455721381,0.1620766213184705,True,False,False,3.979261522016315e-06,COMPLETE
535,0.3865664780139923,2025-04-23 11:13:11.509896,2025-04-23 11:13:18.768711,0 days 00:00:07.258815,0.4653174067312963,0.12394599082422401,16,0.17073196360488757,0.15163760196199746,0.09173229018428719,0.06151326979868367,0.06564809756641572,0.05112531006642919,0.012787298006511287,10,126,0.037133752193514835,0.2576153940152116,True,False,False,4.798940958583163e-06,COMPLETE
536,0.33667194843292236,2025-04-23 11:13:18.939016,2025-04-23 11:13:25.352621,0 days 00:00:06.413605,0.35968233619340756,0.5641155115731105,16,0.19799056640781648,0.19188978962133293,0.09448112055915987,0.06509920204214426,0.07542668237057043,0.05362991507759685,1.5036749940194029e-05,7,132,0.03150666678830101,0.15746252260119897,False,True,False,2.887368505803181e-06,COMPLETE
537,0.4377361536026001,2025-04-23 11:13:25.532433,2025-04-23 11:13:36.191967,0 days 00:00:10.659534,0.4345656243263824,0.08390361550761855,2,0.1611258695942495,0.1655245753548675,0.09283836639152043,0.06252935796132342,0.0834132271178769,0.058043889717104134,0.06409460312585553,6,142,0.027808765274655887,0.16485176793278616,True,False,False,3.6654884418367286e-06,COMPLETE
538,0.41555379033088685,2025-04-23 11:13:36.362948,2025-04-23 11:13:45.633288,0 days 00:00:09.270340,0.5107666043271847,0.04954222739030219,16,0.1852211762704994,0.14629803952793086,0.09612170523101836,0.06402328016739924,0.08070586376168581,0.0491187871606628,1.7057885555025376e-05,27,145,0.03345716800506818,0.15448968998683127,True,False,False,8.091134193028977e-06,COMPLETE
539,0.48395000696182255,2025-04-23 11:13:45.801625,2025-04-23 11:13:52.558045,0 days 00:00:06.756420,0.48296423318938414,0.03438875051041308,16,0.17507293050048897,0.15413819715973792,0.09056314222120136,0.08855793762109927,0.0783773368313466,0.05573574966972408,1.1985007935288743e-05,5,135,0.030668290502092774,0.16557107381804023,True,False,False,1.5175835048338231e-05,COMPLETE
540,0.4409590840339661,2025-04-23 11:13:52.738214,2025-04-23 11:13:59.582669,0 days 00:00:06.844455,0.3926471047101418,0.0813279485223802,16,0.16626212688254535,0.21728973754932876,0.06305522799363947,0.08041239351085878,0.07366497234137451,0.05148344840640252,1.4844208474927944e-05,6,130,0.027912370714815678,0.08675485850838535,True,False,False,6.347985831205523e-08,COMPLETE
541,0.49611126184463505,2025-04-23 11:13:59.751275,2025-04-23 11:14:06.717570,0 days 00:00:06.966295,0.9336587277509878,0.1207690539962741,16,0.15541060247415314,0.22890435595978625,0.09878079547486343,0.06693715287680042,0.0760270239532221,0.0570314242121737,1.1958019108370086e-05,7,139,0.02926057226729894,0.16046248736309954,True,False,False,2.5205324521776557e-06,COMPLETE
542,0.2968401074409485,2025-04-23 11:14:06.900817,2025-04-23 11:14:13.277094,0 days 00:00:06.376277,0.46072296502515553,0.60816515096896,16,0.1771730135118547,0.16983965646396168,0.09421396078891364,0.0683861873242155,0.06228033936760438,0.05348800830766716,1.8620679894798896e-05,5,137,0.03274215221127182,0.09868764726188248,True,False,True,5.720448500432115e-06,COMPLETE
543,0.4970963835716248,2025-04-23 11:14:13.446027,2025-04-23 11:14:20.341113,0 days 00:00:06.895086,0.5394082064137116,0.1694042195181808,16,0.1872647023834402,0.24409873795886364,0.09182273377141656,0.0656322985461852,0.07820237157925787,0.04999938916839125,1.3523535807674234e-05,6,146,0.030445705493843997,0.1714499463482711,True,False,False,9.697179094307346e-06,COMPLETE
544,0.3863317847251892,2025-04-23 11:14:20.525945,2025-04-23 11:14:27.531843,0 days 00:00:07.005898,0.5561623597288783,0.15939326188280306,16,0.19769339860423266,0.14870571116160902,0.09987092325180748,0.06435205323724481,0.08029410350432652,0.05201281787752503,1.0003442681239868e-05,7,148,0.07716531405718136,0.17098526277033552,True,False,False,9.712630796127966e-06,COMPLETE
545,0.49098246097564696,2025-04-23 11:14:27.701434,2025-04-23 11:14:34.510562,0 days 00:00:06.809128,0.5347197292383324,0.16683686827102215,16,0.189847302373199,0.16053784873299162,0.0926771019510748,0.0701013252380032,0.07838537807043819,0.05063782299894474,1.3332503217031034e-05,6,146,0.031843829073568,0.17595402266396923,True,False,False,9.838962311789578e-06,COMPLETE
546,0.4788144052028656,2025-04-23 11:14:34.681042,2025-04-23 11:14:41.751305,0 days 00:00:07.070263,0.6258475686518622,0.2048853110092189,16,0.19366719544531966,0.2523387959032215,0.09631507657850999,0.06672067326109503,0.07907599474016791,0.055270572614020595,1.2039331126851686e-05,8,145,0.04837716751923252,0.15093024467646707,True,False,False,8.061345310905085e-06,COMPLETE
547,0.4814879953861237,2025-04-23 11:14:41.932352,2025-04-23 11:14:48.921915,0 days 00:00:06.989563,0.4238212782250362,0.1838768232071453,16,0.20570273398915073,0.2457012248449213,0.04441565147854868,0.06632799199035093,0.07776080713938717,0.060675166494663195,1.4975418056896777e-05,7,142,0.035222806757871095,0.2082079633449051,True,False,False,1.0362841531341204e-05,COMPLETE
548,0.4929271340370178,2025-04-23 11:14:49.095445,2025-04-23 11:14:55.916454,0 days 00:00:06.821009,0.5220369725723443,0.14382050283932807,16,0.1866872428038384,0.1443546717682927,0.09467739146656734,0.05968347988715333,0.07454438412083593,0.05824523523144369,1.3186608194719038e-05,6,150,0.030396095630945426,0.16659613400807846,True,False,False,1.1563196740126781e-05,COMPLETE
549,0.46781144738197333,2025-04-23 11:14:56.098622,2025-04-23 11:15:02.953390,0 days 00:00:06.854768,0.5471397303557306,0.18878414800231214,16,0.0724909893900443,0.26873585287316143,0.09155931800775144,0.06859896516086496,0.08114774173709403,0.049468907158052466,1.6071991507995613e-05,6,145,0.039292602548990606,0.2713011274516329,True,False,False,1.2696658865850262e-05,COMPLETE
550,0.4966337323188782,2025-04-23 11:15:03.126675,2025-04-23 11:15:10.090491,0 days 00:00:06.963816,0.7452148899010945,0.10614642496994672,16,0.18471881684521863,0.25565027358933934,0.09684464103703676,0.06493830263177718,0.07675599783162046,0.05355485028901875,1.1724907770075182e-05,7,142,0.02702433186143647,0.15929414269272785,True,False,False,7.66297001531219e-06,COMPLETE
551,0.4906336545944214,2025-04-23 11:15:10.275806,2025-04-23 11:15:17.532666,0 days 00:00:07.256860,0.4461464011156301,0.16737243570696977,8,0.18143805614246095,0.13994310241792243,0.09310748312424431,0.0736047672829359,0.06941415484465843,0.055460955763453834,1.0021659969126897e-05,6,141,0.03391278006902393,0.1745946382676448,True,False,False,1.8436426695886985e-05,COMPLETE
552,0.4854651689529419,2025-04-23 11:15:17.712917,2025-04-23 11:15:24.623578,0 days 00:00:06.910661,0.4014806017232007,0.13001086602029027,16,0.19813026660522717,0.2555823008206201,0.09129743524344695,0.07144750313168455,0.08270685385012823,0.034986158159138546,1.5531316348776186e-05,6,146,0.03206801100938497,0.14627944248664543,True,False,False,1.462206047334889e-05,COMPLETE
553,0.4932608485221863,2025-04-23 11:15:24.811136,2025-04-23 11:15:31.568948,0 days 00:00:06.757812,0.4921448251427831,0.15608116853488574,16,0.1894331616053707,0.26087289929238466,0.09490066747862794,0.06809174642765695,0.0693748027231341,0.05239025931882826,1.3177919314719591e-05,5,147,0.037273533091858525,0.16484147840688387,True,False,False,6.634742087236134e-06,COMPLETE
554,0.4858659625053406,2025-04-23 11:15:31.743573,2025-04-23 11:15:38.670613,0 days 00:00:06.927040,0.37401949057167716,0.1960543659429397,16,0.17960809936108837,0.24764439099727506,0.09785874613441331,0.06396486040681902,0.07974291398735783,0.0487339350648546,1.6915335743800288e-05,7,139,0.02994121560810303,0.1557095557233777,True,False,False,4.323567794423544e-06,COMPLETE
555,0.4881865859031677,2025-04-23 11:15:38.844085,2025-04-23 11:15:45.917664,0 days 00:00:07.073579,0.4696212510089144,0.06761118115100447,16,0.1879664599440169,0.25046511331949095,0.0933981600753817,0.03305359111401469,0.07503818742966431,0.05914969280884776,1.1905082832347527e-05,8,144,0.02871713657940559,0.18484456184935505,True,False,False,5.996270828382726e-06,COMPLETE
556,0.3404595792293549,2025-04-23 11:15:46.103441,2025-04-23 11:15:52.492730,0 days 00:00:06.389289,0.5673703492857245,0.021290553315303353,16,0.19388235005463353,0.23822216332250418,0.049493181453405664,0.08610176411717674,0.08148174283135819,0.02647676597638028,1.4475664050780451e-05,6,137,0.026486709857193716,0.16988665807850972,True,True,False,4.890049973981666e-06,COMPLETE
557,0.48228262066841127,2025-04-23 11:15:52.666915,2025-04-23 11:15:59.873104,0 days 00:00:07.206189,0.6111856746203954,0.046875610688452925,16,0.17516522133511253,0.2466337282703234,0.09035875102422722,0.06604100315956343,0.05474133006313995,0.051103808971986873,1.7565625426718558e-05,9,141,0.03306260579458782,0.16086876115061197,True,False,False,8.675943635625686e-06,COMPLETE
558,0.4898139476776123,2025-04-23 11:16:00.060668,2025-04-23 11:16:06.766888,0 days 00:00:06.706220,0.5006911683709305,0.22470098791014237,16,0.18292160453130643,0.2600896473983388,0.09558804196205697,0.09576164301620242,0.07165339085429298,0.05424083036714286,1.1379729357910983e-05,5,148,0.024142657913034184,0.1777776911175111,True,False,False,2.45714219462056e-06,COMPLETE
559,0.3547102689743042,2025-04-23 11:16:06.941228,2025-04-23 11:16:17.563313,0 days 00:00:10.622085,0.42069160499081515,0.2125334179749453,2,0.20162062736834016,0.017525038459159925,0.09170257473693222,0.0694163526002846,0.0571645300754236,0.0567157743548723,1.007597596952362e-05,6,144,0.09331233234116021,0.16890147018120563,False,False,False,3.961700029392088e-06,COMPLETE
560,0.48856989145278934,2025-04-23 11:16:17.754735,2025-04-23 11:16:24.400498,0 days 00:00:06.645763,0.4516060335842929,0.17263555462802083,16,0.17316538824607727,0.24093354447979504,0.09992403700524143,0.06256833417993113,0.08322240187553832,0.052959947778421584,1.93655003263607e-05,5,59,0.030713513360230243,0.15069512392541654,True,False,False,2.2087350095148168e-05,COMPLETE
561,0.29631375670433047,2025-04-23 11:16:24.574307,2025-04-23 11:16:31.103742,0 days 00:00:06.529435,0.4823142700583523,0.019278385348958524,16,0.02709997953500619,0.15254751164482785,0.08947410763711766,0.06652936975808084,0.0766982556611705,0.04789145154542813,1.3501243860613279e-05,7,78,0.027718738101167484,0.16111850105744258,True,False,True,1.3583848790209512e-05,COMPLETE
562,0.3992430746555329,2025-04-23 11:16:31.281599,2025-04-23 11:16:38.010596,0 days 00:00:06.728997,0.5277866718101429,0.19179224171597742,16,0.18150209602703551,0.1397525360891866,0.0930151830119365,0.09292893997421169,0.07877138553201914,0.05675749979441677,6.387868837451214e-05,5,134,0.03577605833990845,0.06931321406648618,True,False,False,7.098859109756613e-06,COMPLETE
563,0.4905652761459351,2025-04-23 11:16:38.196085,2025-04-23 11:16:45.049980,0 days 00:00:06.853895,0.40572047347121787,0.10346817615632486,16,0.19162953448407505,0.2646013647214433,0.09700581304476338,0.0904165669813819,0.0744589255287598,0.010539744656593178,1.5969619798000347e-05,6,139,0.021402563665852768,0.13511155406152936,True,False,False,5.295829154518817e-06,COMPLETE
