number,value,datetime_start,datetime_complete,duration,params_alpha-eval,params_alpha-train,params_batch-size,params_eps-eval,params_eps-train,params_lambda-actions-eval,params_lambda-actions-train,params_lambda-frames-eval,params_lambda-frames-train,params_learning-rate,params_n-epochs,params_n-frames,params_radius-gw,params_rho,params_std-feats,params_ub-actions,params_ub-frames,params_weight-decay,state
1624,0.4760322391986847,2025-04-04 02:21:22.269872,2025-04-04 02:21:28.945579,0 days 00:00:06.675707,0.09091885755535671,0.21389690469657593,8,0.005269424402420616,0.2850716040236794,0.022424872178439283,0.09501093474082162,0.052834782772604276,0.02198143667291349,0.0010120122684744905,5,145,0.05845949306632823,0.01947528962239797,True,False,False,0.0004003408418697101,COMPLETE
1625,0.3572967290878296,2025-04-04 02:21:29.463345,2025-04-04 02:21:36.505087,0 days 00:00:07.041742,0.04332844684841472,0.10754721705938236,8,0.279569818539995,0.2792054555192035,0.028362282015087083,0.08864652150270695,0.03610971859493499,0.025960838274357974,0.0005724315863995792,7,150,0.09691900715722837,0.025701151465174075,True,False,False,7.753478678110806e-05,COMPLETE
1626,0.5482360005378724,2025-04-04 02:21:37.045513,2025-04-04 02:21:47.228447,0 days 00:00:10.182934,0.06430546152968866,0.14163236547828212,8,0.024000153196716764,0.28965116839435545,0.05250224901886318,0.08569283980994848,0.055487568672884104,0.036073947571879955,0.0007105938937201807,25,143,0.03221365763421445,0.015435420905856697,True,False,False,0.0003008039423378379,COMPLETE
1627,0.5561707258224488,2025-04-04 02:21:47.747850,2025-04-04 02:21:54.588791,0 days 00:00:06.840941,0.11961763272027559,0.26159947936804706,8,0.014271224863666096,0.2946407399197289,0.05785590998154816,0.09028373037325374,0.061294011818291916,0.041580749824622946,0.0008314342069817007,6,147,0.03494897679563969,0.0011979129227539,True,False,False,0.000546269669502497,COMPLETE
1628,0.5581043124198914,2025-04-04 02:21:55.107674,2025-04-04 02:22:01.791750,0 days 00:00:06.684076,0.028434197762096373,0.17310172531400178,8,0.005395927173008248,0.29985699266319743,0.06094577399610688,0.09783330561285651,0.04967147061507708,0.02914775225957948,0.00041458785178513267,5,140,0.039376426889743146,0.01068693947334859,True,False,False,3.6475231999265626e-07,COMPLETE
1629,0.5609832406044006,2025-04-04 02:22:02.331482,2025-04-04 02:22:09.202973,0 days 00:00:06.871491,0.09343147842912625,0.23037081016834585,8,0.010191495281066101,0.2858981990011824,0.09167996724037494,0.09494154180435348,0.05817897489867102,0.032232213522434564,0.0005475729657337788,6,148,0.036799608035337834,0.00618193931105074,True,False,False,0.0002310252145368299,COMPLETE
1630,0.5477676391601562,2025-04-04 02:22:09.724444,2025-04-04 02:22:16.730155,0 days 00:00:07.005711,0.058090909732443796,0.2857685986484593,8,0.01878891891354744,0.27586472998604267,0.05500506992516457,0.08750864058901738,0.05200772330263823,0.05274755532212974,0.0011296756828671872,7,150,0.02998794325586679,0.01813270974747065,True,False,False,0.0006786892483200427,COMPLETE
1631,0.514925503730774,2025-04-04 02:22:17.276542,2025-04-04 02:22:24.154823,0 days 00:00:06.878281,0.08049291955449386,0.19665587976874568,8,0.14719520526650426,0.2814014168659813,0.026532839246715227,0.08300900300715965,0.055356739187613,0.04480967191656814,0.0006624889464903273,6,144,0.0332199798292117,0.01205365101685037,True,False,False,0.00038344394398478544,COMPLETE
1632,0.5607603549957275,2025-04-04 02:22:24.679405,2025-04-04 02:22:31.187459,0 days 00:00:06.508054,0.027812163980043096,0.2125352894801047,16,0.005240900440519684,0.29013485025406843,0.02488391062102997,0.0923087040069347,0.04378719779697635,0.039042514379071636,0.0009293849875500327,7,147,0.03460157372759423,0.02498280162777379,True,False,False,0.000300822189310587,COMPLETE
1633,0.5571022748947143,2025-04-04 02:22:31.713370,2025-04-04 02:22:38.879281,0 days 00:00:07.165911,0.04791703930436845,0.24508629965738568,8,0.01367779713593732,0.2997761674931672,0.06467408166821227,0.0905616444849108,0.054175880913457805,0.027575038161930604,0.0004674970773488825,8,143,0.037982565201972567,0.0011360388678865602,True,False,False,0.00047248684913225744,COMPLETE
1634,0.5548448324203491,2025-04-04 02:22:39.418903,2025-04-04 02:22:46.052975,0 days 00:00:06.634072,0.1087364319768372,0.15652331805393188,8,0.023666861048541384,0.27177810182974743,0.05721094872809765,0.09402187546277871,0.05916272068168684,0.0430521839173672,0.0007416527113957764,5,150,0.04085675474275479,0.08939655680966979,True,False,False,0.00018247354344827756,COMPLETE
1635,0.5321185469627381,2025-04-04 02:22:46.580140,2025-04-04 02:22:53.463070,0 days 00:00:06.882930,0.0731906979709517,0.18277619715928806,8,0.09431490154071306,0.2858462427079606,0.022029568279907055,0.0960325532534991,0.04696175133230006,0.03488127338617501,0.0005749504759282307,6,138,0.03179878538723627,0.011273941990666444,True,False,False,0.0003477609241331954,COMPLETE
1636,0.29631375670433047,2025-04-04 02:22:54.006297,2025-04-04 02:23:00.537208,0 days 00:00:06.530911,0.042926724943168196,0.2320832937184706,8,0.009941155244926413,0.2944008228983944,0.0601414730899135,0.08716662348700291,0.050656215872315745,0.049076084386911134,0.0003546589865971922,7,145,0.0357572112396534,0.0010395995712441518,True,True,False,0.00010749788689561842,COMPLETE
1637,0.4885424137115479,2025-04-04 02:23:01.062194,2025-04-04 02:23:07.795667,0 days 00:00:06.733473,0.09362819695327526,0.26206143312175606,8,0.19273191977983634,0.29992289586109355,0.062481051912024334,0.09248382894703519,0.056817731821118635,0.04071007197382548,0.000642752942792201,5,147,0.03705857795164363,0.019449491356407337,True,False,False,0.0009842609861352347,COMPLETE
1638,0.29631375670433047,2025-04-04 02:23:08.316854,2025-04-04 02:23:15.069517,0 days 00:00:06.752663,0.06386539319955901,0.30451656928358917,8,0.017144057164503713,0.008727468678393135,0.030440283446673443,0.08910793158994706,0.05343038144035527,0.037396816207606244,0.0008349157157654309,6,150,0.03381188748918018,0.04180935928007859,True,False,False,0.0002559622180514921,COMPLETE
1639,0.36531342864036564,2025-04-04 02:23:15.612074,2025-04-04 02:23:22.230288,0 days 00:00:06.618214,0.027120916995391528,0.19941595579668983,8,0.005636255934253802,0.1913352106622141,0.027483217676586676,0.09794124532557046,0.06279410587137094,0.04734611721854741,0.0005264489818210567,7,141,0.039371529297415574,0.006488397664853348,True,False,True,0.0005453537770067818,COMPLETE
1640,0.5535993695259095,2025-04-04 02:23:22.751180,2025-04-04 02:23:29.980753,0 days 00:00:07.229573,0.13585356283281547,0.2166256845816341,8,0.013407783521490937,0.27990186826015256,0.0673810386617636,0.09087401940664398,0.06005630619369796,0.0446082536479073,0.00041712078361392694,8,145,0.042115049660834396,0.014243592871245795,True,False,False,0.0004349610654871272,COMPLETE
1641,0.5597042679786682,2025-04-04 02:23:30.535263,2025-04-04 02:23:37.368400,0 days 00:00:06.833137,0.055603123949312466,0.8149278005938735,8,0.028152327880544364,0.2902353300354369,0.02460339824343917,0.09409084675071766,0.05737955720200296,0.03404571586591326,0.0007149302555321486,6,147,0.03536043473927296,0.029636157125781274,True,False,False,0.00022197915318423927,COMPLETE
1642,0.401261854171753,2025-04-04 02:23:37.892422,2025-04-04 02:23:44.505852,0 days 00:00:06.613430,0.07996808705708491,0.27996392961535765,8,0.020226795537892594,0.28484993596231856,0.05394864192229607,0.0847399226351196,0.04096487930891257,0.031136560928019804,0.0005991641386654472,5,142,0.031877419510729345,0.009701888870759618,False,False,False,0.000305452359196643,COMPLETE
1643,0.555221152305603,2025-04-04 02:23:45.036954,2025-04-04 02:23:51.910471,0 days 00:00:06.873517,0.02489957016174104,0.23972095368754587,8,0.004570981627201762,0.2674016650697123,0.02879595007079345,0.09612744991741706,0.05171306545677439,0.02363145815282949,0.0005100981090859669,6,148,0.03788359218368869,0.023792671351307807,True,False,False,0.0006621816959475509,COMPLETE
1644,0.5500748872756958,2025-04-04 02:23:52.457277,2025-04-04 02:23:59.437526,0 days 00:00:06.980249,0.104652902162469,0.18015159587979993,8,0.009408233059444823,0.27576003035906443,0.05959429251134226,0.08896791131770523,0.05488248324890113,0.04206180478167904,0.0009235147006825786,7,150,0.034035661580977226,0.01653483805105738,True,False,False,1.429572278299419e-07,COMPLETE
1645,0.29631375670433047,2025-04-04 02:23:59.961562,2025-04-04 02:24:06.498676,0 days 00:00:06.537114,0.04577110882267845,0.21001047560396155,8,0.00013719839510806936,0.2907722835317872,0.02351980631150925,0.09226064918024493,0.04838140149401256,0.038904907119846704,0.0007575549383293972,5,145,0.02981640338590631,0.006654012475714968,True,False,False,0.00016079823375173151,COMPLETE
1646,0.561396872997284,2025-04-04 02:24:07.043263,2025-04-04 02:24:13.890307,0 days 00:00:06.847044,0.0709567797161128,0.2585517501260434,8,0.014229296245794252,0.29513890834121076,0.06366154392753429,0.08636918050838949,0.055854660988098694,0.03698125692750253,0.00063017695502227,6,142,0.03628591665381191,0.010438377264343286,True,False,False,0.00040757895074173845,COMPLETE
1647,0.4178575277328492,2025-04-04 02:24:14.416526,2025-04-04 02:24:21.258262,0 days 00:00:06.841736,0.08884787489876117,0.16738731297462894,8,0.020494766878739,0.28145373966384063,0.05687748485777107,0.0906813588013056,0.057876715664506896,0.046705429961434196,0.0004409908680699666,7,51,0.03941921786211551,0.017730940911303304,True,False,False,0.0002769916071150384,COMPLETE
1648,0.5583243131637574,2025-04-04 02:24:21.778798,2025-04-04 02:24:28.603694,0 days 00:00:06.824896,0.010451818821935015,0.8495351044960082,8,0.009877530535413879,0.28695184044565203,0.02566516814178261,0.09358149984358764,0.045169786509421384,0.027567193863751248,0.001046381090613691,6,147,0.03353300789547953,0.007033153017231928,True,False,False,0.00034947806446337064,COMPLETE
1649,0.5523675203323364,2025-04-04 02:24:29.146886,2025-04-04 02:24:36.312312,0 days 00:00:07.165426,0.04179569004733956,0.22822697801866107,8,0.03421853178385243,0.29468092623065456,0.02728350143513638,0.08787918597294232,0.06118776445765911,0.04001817159449631,0.0005482312016371699,8,137,0.03633850783691345,0.023053753543431678,True,False,False,0.0005443790634041423,COMPLETE
1650,0.5620315194129945,2025-04-04 02:24:36.835324,2025-04-04 02:24:43.471790,0 days 00:00:06.636466,0.055878144240170076,0.19633488423180526,8,0.004734622847046072,0.2731254241327732,0.06577249275666533,0.0984133826775814,0.03426622008626037,0.025049384677067986,0.0008110009294367062,5,150,0.03181902447902004,0.014556527229476776,True,False,False,0.00021002921558514856,COMPLETE
1651,0.5363311529159547,2025-04-04 02:24:44.019165,2025-04-04 02:24:51.017670,0 days 00:00:06.998505,0.028821440432995497,0.22282189018656917,8,0.005119356889983134,0.2744627625995138,0.06760795469495456,0.09983129144422037,0.028190348339556245,0.023836691916002038,0.0011269575462740046,7,150,0.03221213623670592,0.006633453249809145,True,False,False,0.00016397497333589008,COMPLETE
1652,0.29631375670433047,2025-04-04 02:24:51.542353,2025-04-04 02:24:58.304670,0 days 00:00:06.762317,0.047822698881427886,0.20105483525853146,8,0.0006163303356709719,0.2731642591919454,0.06729519754965323,0.09882678096583869,0.032782805636857,0.023294858554559844,0.0008973531674590488,6,150,0.02677070145340616,0.01325664073887569,True,False,False,0.0001227889960423222,COMPLETE
1653,0.40133528709411626,2025-04-04 02:24:58.828387,2025-04-04 02:25:04.847980,0 days 00:00:06.019593,0.02771701821880674,0.25047684294290024,16,0.26814007305276133,0.2685861013040238,0.0665501631794017,0.0985386506011682,0.05004232103691284,0.025008232234164103,0.0013835532109500663,6,86,0.028372940493959595,0.006167707653814976,True,True,False,0.00013299925097559902,COMPLETE
1654,0.5536191821098327,2025-04-04 02:25:05.390167,2025-04-04 02:25:12.010056,0 days 00:00:06.619889,0.05501202716319349,0.23231498122003127,8,0.004764145944351749,0.271140567544732,0.0655634976573962,0.09658109986850105,0.030230306993395777,0.027183348907956113,0.00038356694962478094,5,150,0.02775195021519236,0.012634998247555807,True,False,False,0.00018754761252840472,COMPLETE
1655,0.5590643644332887,2025-04-04 02:25:12.547757,2025-04-04 02:25:19.539651,0 days 00:00:06.991894,0.03703519280518916,0.2116213276021959,8,0.004822809002195457,0.26701243986669754,0.06597622251167107,0.09992883432591049,0.03502568259964861,0.021990479580793802,0.0006673731205552244,7,150,0.02977301005301406,0.0010586662181840867,True,False,False,0.00014079139925213144,COMPLETE
1656,0.377694696187973,2025-04-04 02:25:20.086842,2025-04-04 02:25:26.582374,0 days 00:00:06.495532,0.01041259934231735,0.26694717280916935,8,0.004726519552567598,0.26838492561854566,0.06501819710049317,0.09797202145653534,0.02914132012923298,0.02101302562435302,0.0008253714052074851,6,148,0.030485088451157334,0.01064300776441283,True,False,True,0.00018662617319880823,COMPLETE
1657,0.5591020226478577,2025-04-04 02:25:27.110066,2025-04-04 02:25:33.743511,0 days 00:00:06.633445,0.059004724542780246,0.19341617131228345,8,0.008803736723254737,0.2784833856699713,0.06916767149567213,0.09800050590157489,0.030293070305467656,0.02038717538235073,0.00048567972080470963,5,147,0.02761027922053146,0.015968792598132737,True,False,False,0.00020931044020909483,COMPLETE
1658,0.5606611609458924,2025-04-04 02:25:34.267323,2025-04-04 02:25:41.276826,0 days 00:00:07.009503,0.04057552753204745,0.24944753238144832,8,0.005813371677641953,0.29064994449938264,0.06724343721475447,0.09985194026866032,0.03235421301618141,0.025120641740390578,0.0006301727683266546,7,150,0.029312820105514982,0.005991095005769427,True,False,False,0.00016669308984184472,COMPLETE
1659,0.5345463275909423,2025-04-04 02:25:41.827433,2025-04-04 02:25:49.019507,0 days 00:00:07.192074,0.06352006193933626,0.22595956358205807,8,0.004067085435476917,0.27667906079282445,0.06509789475018227,0.09666029384895282,0.052108589997720514,0.023842370718222126,0.0009177518563880681,8,147,0.03077102352313525,0.011374826922259662,True,False,False,0.0002123143888492593,COMPLETE
1660,0.29631375670433047,2025-04-04 02:25:49.544749,2025-04-04 02:25:59.834656,0 days 00:00:10.289907,0.0322243464392466,0.20997747932787994,8,0.0003085880229626173,0.29972636835909366,0.0679412036912533,0.09704052340342802,0.025428951646254416,0.025723304301063753,0.0005365066813049247,26,150,0.03174748781320293,0.01756556186979165,True,False,False,0.0007861799055345907,COMPLETE
1661,0.4032034754753113,2025-04-04 02:26:00.392465,2025-04-04 02:26:07.179118,0 days 00:00:06.786653,0.01013972845889189,0.29445258212229947,8,0.011732617452695432,0.28553314126426416,0.0629063660055077,0.09821075639639937,0.03422229569236406,0.028343203457732433,0.0003247204402320129,6,147,0.031613497314053884,0.006002245089785001,False,False,False,0.00022946562004993727,COMPLETE
1662,0.2981777012348175,2025-04-04 02:26:07.708683,2025-04-04 02:26:14.269196,0 days 00:00:06.560513,0.05765061379951561,0.24142941035166082,8,0.0006793079928948164,0.2940803152631881,0.06556044292029967,0.09609987362592605,0.030492657124719862,0.02110222621322532,0.0007563710885619531,5,147,0.0292313922586555,0.0061315461990661254,True,False,False,0.0002608299300894649,COMPLETE
1663,0.29631375670433047,2025-04-04 02:26:14.800993,2025-04-04 02:26:21.683656,0 days 00:00:06.882663,0.0679444708826486,0.19343249334489956,8,0.0003341053086324385,0.2815785205343448,0.030436703310391774,0.09757652039040113,0.05361172648668989,0.025693458738127676,0.0011290030126055966,7,150,0.03192948793526159,0.014134741826472489,True,False,False,0.0004917681133493877,COMPLETE
1664,0.561396872997284,2025-04-04 02:26:22.230728,2025-04-04 02:26:29.076708,0 days 00:00:06.845980,0.04404092827170862,0.2775481879658473,8,0.009686120296587893,0.2736727728181512,0.0640478224218144,0.09988416845052553,0.035393822334916544,0.030619313423488247,0.0006592255741949849,6,147,0.033317431395796605,0.017544399766950665,True,False,False,0.0003595578390783085,COMPLETE
1665,0.5568696975708008,2025-04-04 02:26:29.612783,2025-04-04 02:26:36.387103,0 days 00:00:06.774320,0.027036689657017346,0.21867113758964996,8,0.009497065345527448,0.29042756356881344,0.06800016756973346,0.09612128638379693,0.012439031784878547,0.026920825166106152,0.00046274213946407655,6,145,0.03377648816473332,0.01131867412881504,True,False,False,0.0006266254459793553,COMPLETE
1666,0.47274864315986637,2025-04-04 02:26:36.942302,2025-04-04 02:26:43.792330,0 days 00:00:06.850028,0.06277949137464087,0.25209480856759525,8,0.010116592008185439,0.28574555098385235,0.021464032434991058,0.09529996406685191,0.034553355429462564,0.023763239266216905,0.0005980030801522036,7,61,0.029766817725953458,0.005184388701346153,True,False,False,0.0001149255218972548,COMPLETE
1667,0.5198283672332764,2025-04-04 02:26:44.327235,2025-04-04 02:26:51.018884,0 days 00:00:06.691649,0.0756285295183072,0.23168365083786865,8,0.12666734338049834,0.26725629536455553,0.023588491574677354,0.09532735213777067,0.03190748166106345,0.02910180792154768,0.0007761254034742819,5,150,0.03284319221986592,0.0011017442148389246,True,False,False,0.0002461391095758138,COMPLETE
1668,0.5599352955818176,2025-04-04 02:26:51.576489,2025-04-04 02:26:58.419133,0 days 00:00:06.842644,0.04242598651371354,0.1972848002318331,8,0.01570602717409766,0.29440799313091925,0.028487214428678218,0.09511348214678422,0.05908695350707862,0.025572496829224713,0.0005186967411269491,6,147,0.03442074183977735,0.02007034897445237,True,False,False,0.00045255710097757577,COMPLETE
1669,0.5609832406044006,2025-04-04 02:26:58.957438,2025-04-04 02:27:05.952785,0 days 00:00:06.995347,0.028162779066642468,0.2658745403344196,8,0.0057382674540681685,0.29997500155699863,0.024333669389501225,0.09780815917688238,0.05043461276379226,0.02271908168550485,0.00037852560981931006,7,145,0.03474297899313889,0.009348163297958846,True,False,False,0.00014641980081463415,COMPLETE
1670,0.5555301666259767,2025-04-04 02:27:06.485796,2025-04-04 02:27:13.146575,0 days 00:00:06.660779,0.051835338203342296,0.21014875896186636,8,0.014639151973454244,0.28062289134575263,0.026398050773168806,0.09443714594067028,0.05559204753905119,0.03204749695251963,0.0009477369296476801,5,150,0.031035291514799345,0.014565618144952077,True,False,False,0.0003214725020406971,COMPLETE
1671,0.5586433649063111,2025-04-04 02:27:13.701125,2025-04-04 02:27:20.989979,0 days 00:00:07.288854,0.07559064531081855,0.2388676603568687,8,0.009469519527487544,0.2886492708141868,0.06384129918531986,0.09746379818527207,0.0534182880348012,0.028920685825543233,0.0006894778545373107,8,147,0.0439582223539993,0.0010376791871898544,True,False,False,9.590484275494593e-05,COMPLETE
1672,0.29631375670433047,2025-04-04 02:27:21.527048,2025-04-04 02:27:27.942648,0 days 00:00:06.415600,0.02686157685111811,0.18387172534864815,8,0.018321060836267604,0.277190299434315,0.06943507053065259,0.09427981108123176,0.031401472522413404,0.02654553486857711,0.000578093765926424,6,145,0.032494916583172676,0.010707954997841107,True,True,False,0.00020700293989962565,COMPLETE
1673,0.5511067628860473,2025-04-04 02:27:28.500573,2025-04-04 02:27:35.467030,0 days 00:00:06.966457,0.057095625027265326,0.22068745003858417,8,0.005224323143037121,0.29395183969844463,0.028405334670573875,0.09639620333024244,0.0567013114847957,0.020618855244492133,0.0004545160359779219,7,111,0.03771162389524165,0.0010133122862665388,True,False,False,0.00039187913625371814,COMPLETE
1674,0.49955261945724494,2025-04-04 02:27:36.001217,2025-04-04 02:27:42.896206,0 days 00:00:06.894989,0.079724779097017,0.3239305531225699,8,0.10271085000520419,0.28635750290152184,0.03115239639072304,0.0940256967301737,0.032056719889069774,0.030018829165835096,0.0012907982293182147,6,150,0.03536490939459298,0.020155898822573237,True,False,False,0.0007027897061001158,COMPLETE
1675,0.38043398261070255,2025-04-04 02:27:43.430833,2025-04-04 02:27:49.498159,0 days 00:00:06.067326,0.04608727816266513,0.25058913957633305,16,0.0006535367592718049,0.2815901466206013,0.02604107425304452,0.08287420094042917,0.048564480045296364,0.03528265674164908,0.000824841272836127,5,147,0.03404138690716498,0.010292375664835901,True,False,True,0.00028388677365888317,COMPLETE
1676,0.29631375670433047,2025-04-04 02:27:50.046631,2025-04-04 02:27:56.827019,0 days 00:00:06.780388,0.07449920899544785,0.19358476774787173,8,0.0002553088934384804,0.2953057337631539,0.022398430667937997,0.09877470909640204,0.022549050215397083,0.03344559396577146,0.000678600435373877,6,145,0.03695521062209316,0.015105309077375386,True,False,False,0.0005546927580078059,COMPLETE
1677,0.5609943509101868,2025-04-04 02:27:57.362372,2025-04-04 02:28:04.407569,0 days 00:00:07.045197,0.010039767802034437,0.28486693090825466,8,0.0108111514453272,0.273353365002577,0.06583207473537313,0.0030672836651610483,0.033746141731251844,0.042881703713303514,0.0005607185903388882,7,150,0.02682244526685619,0.005275678195662072,True,False,False,0.0002475001731806053,COMPLETE
1678,0.5527044296264648,2025-04-04 02:28:04.960760,2025-04-04 02:28:12.137262,0 days 00:00:07.176502,0.10184524388748717,0.22942216058430714,8,0.014842137235732356,0.28973407059194595,0.02654940315676104,0.09308968605340465,0.053999739379835744,0.04079078336532474,0.0007879636074631147,8,147,0.040382900312421185,0.07302174164397118,True,False,False,0.0004224921877046252,COMPLETE
1679,0.5281394124031067,2025-04-04 02:28:12.673909,2025-04-04 02:28:19.434115,0 days 00:00:06.760206,0.04450825008297297,0.2085227535308106,8,0.07486611071792951,0.29969224618024737,0.06260194578837729,0.09653290205474457,0.051839298737461584,0.028328911004537643,0.0004161820020098317,5,144,0.03095907256429307,0.01982135049406139,True,False,False,0.00034304981579693305,COMPLETE
