number,value,datetime_start,datetime_complete,duration,params_alpha-eval,params_alpha-train,params_batch-size,params_eps-eval,params_eps-train,params_lambda-actions-eval,params_lambda-actions-train,params_lambda-frames-eval,params_lambda-frames-train,params_learning-rate,params_n-epochs,params_n-frames,params_radius-gw,params_rho,params_std-feats,params_ub-actions,params_ub-frames,params_weight-decay,state
336,0.494957971572876,2025-04-03 22:39:34.305955,2025-04-03 22:39:52.090806,0 days 00:00:17.784851,0.3728771198508579,0.39762566981605824,2,0.022273723572451942,0.269262191754387,0.033961621687921495,0.02976988102001031,0.0735272171286112,0.021731446883120148,4.786022629329752e-05,18,138,0.014922882118226828,0.2309789053645066,True,False,False,3.0941316090458193e-06,COMPLETE
337,0.39009311199188235,2025-04-03 22:39:52.204591,2025-04-03 22:40:10.697317,0 days 00:00:18.492726,0.3986025332677836,0.4378243517410416,2,0.024961337371761858,0.26133613987192045,0.03642943407656647,0.028671269328327573,0.06953787398385897,0.023018112008896467,7.097338682959823e-05,19,138,0.006477811358522604,0.2278154006156826,True,False,False,4.292105729014845e-06,COMPLETE
338,0.3977974772453309,2025-04-03 22:40:10.802859,2025-04-03 22:40:29.874080,0 days 00:00:19.071221,0.36342804641306137,0.42033036491438963,2,0.015844432024821043,0.27428374790347215,0.039180434183739524,0.03297758774539554,0.06727554933157495,0.019602100309986218,6.362312909173774e-05,20,143,0.055724452116729786,0.19849408553018913,True,False,False,2.5859742212324875e-06,COMPLETE
339,0.556268286705017,2025-04-03 22:40:29.978711,2025-04-03 22:40:48.164698,0 days 00:00:18.185987,0.34674590223601376,0.369870596399544,2,0.025597553907628343,0.26555690605517157,0.037836225502758496,0.026333242992426304,0.07054990150672115,0.017551349505142207,8.247654194171423e-05,19,140,0.01798926528865314,0.212628077511684,True,False,False,3.2316163282395583e-06,COMPLETE
340,0.5558051705360413,2025-04-03 22:40:48.270702,2025-04-03 22:41:06.371309,0 days 00:00:18.100607,0.3819667841082204,0.3866488754425945,2,0.009651252616530246,0.2696636999396381,0.035635256129950915,0.02572142183976725,0.07186275693512581,0.016670399066031523,0.00010789317376131685,19,144,0.01901175775170224,0.2106464431297749,True,False,False,3.130456954932167e-06,COMPLETE
341,0.5523524880409241,2025-04-03 22:41:06.488245,2025-04-03 22:41:24.062333,0 days 00:00:17.574088,0.3818506369478735,0.4528811551889904,2,0.004561297529759808,0.26786574341923197,0.03329321739407122,0.026418633622031378,0.07547281499849853,0.01715101653678732,0.00011391089060253571,18,148,0.018808931547697957,0.20786452994080165,True,False,False,2.5003103957738655e-06,COMPLETE
342,0.29631375670433047,2025-04-03 22:41:24.167635,2025-04-03 22:41:40.270572,0 days 00:00:16.102937,0.41076796708862173,0.37804789331338573,2,0.01094109684088691,0.2551185069371161,0.036062544897706515,0.03114859695022623,0.07728273791783671,0.015295816279752156,9.776647480522842e-05,19,146,0.019570370417198436,0.21094131598183227,True,True,False,3.4769634670867256e-06,COMPLETE
343,0.5525488972663879,2025-04-03 22:41:40.375941,2025-04-03 22:41:57.860797,0 days 00:00:17.484856,0.3631841225233603,0.4039831610471073,2,0.008790708064093981,0.2710610108156861,0.035142169327831076,0.027566157087204435,0.0687094170145411,0.016583464680780945,8.781824630262267e-05,18,144,0.016837702641760002,0.21445980100306097,True,False,False,2.2626524397347356e-08,COMPLETE
344,0.5556586861610413,2025-04-03 22:41:57.966565,2025-04-03 22:42:16.212390,0 days 00:00:18.245825,0.3973535080192181,0.4226106649640583,2,0.014603292390546346,0.27462799381673514,0.03728830243273591,0.025018590874170635,0.07172387152069037,0.017389773644729812,0.00010402235995187157,19,137,0.019092397274090213,0.20214848093488066,True,False,False,3.1749688384875686e-06,COMPLETE
345,0.3838843643665314,2025-04-03 22:42:16.328718,2025-04-03 22:42:32.420888,0 days 00:00:16.092170,0.41764010052970296,0.40510554758102174,2,0.015795285009346332,0.2663085933979248,0.03172621144380354,0.024091214553002796,0.07136929277858654,0.014574853693326586,0.00010696576910604966,19,34,0.019290760036470983,0.19627452097516476,True,False,True,2.615084707962885e-06,COMPLETE
346,0.5411126732826232,2025-04-03 22:42:32.528307,2025-04-03 22:42:50.706986,0 days 00:00:18.178679,0.3858104245834642,0.41850407572959547,2,0.0030532835283768357,0.27636593345690597,0.02879875546303884,0.03382232425526391,0.07407752453074445,0.09131961386043305,0.00010485277073875037,19,141,0.02013906445395533,0.2036301700918406,True,False,False,4.224651540444171e-06,COMPLETE
347,0.5566617846488953,2025-04-03 22:42:50.813121,2025-04-03 22:43:08.337793,0 days 00:00:17.524672,0.43914706685978633,0.42667379057843324,2,0.01285746329135512,0.27760277002438666,0.034361029363425985,0.04359151479505172,0.07240329804545144,0.017158730271640298,8.838227833956256e-05,18,136,0.017326032832778747,0.20659766547857766,True,False,False,3.560956471590184e-06,COMPLETE
348,0.5335694909095764,2025-04-03 22:43:08.446963,2025-04-03 22:43:17.289221,0 days 00:00:08.842258,0.4443950794718744,0.4647075450746998,8,0.012643720340935288,0.2600410446382372,0.02985189274892966,0.03554983921447479,0.07231105156230473,0.017069547415234386,8.756804615326108e-05,18,136,0.022392295160218893,0.20631090154197995,True,False,False,5.24893006710031e-06,COMPLETE
349,0.5563033819198608,2025-04-03 22:43:17.407478,2025-04-03 22:43:35.637973,0 days 00:00:18.230495,0.42998801724963925,0.42065991133324854,2,0.007764540147620399,0.2759884740788421,0.036862883536368796,0.044557236486057174,0.07310189074830642,0.017920170803861615,0.00011516374385473168,19,145,0.017926237578663764,0.2044723692426272,True,False,False,3.8921410136189405e-06,COMPLETE
350,0.3641946852207184,2025-04-03 22:43:35.746417,2025-04-03 22:43:52.578911,0 days 00:00:16.832494,0.41668206031373833,0.43302708242405463,2,0.006452927377748388,0.2789817270686546,0.03368812129470378,0.04635914300264398,0.07861323032681507,0.017620304461470154,0.00010686440611607009,17,150,0.018587477527484377,0.19762047816790446,False,False,False,3.857751589112816e-06,COMPLETE
351,0.4823496758937836,2025-04-03 22:43:52.687598,2025-04-03 22:44:11.173690,0 days 00:00:18.486092,0.4279152098162449,0.43849852181107124,2,0.002314501318254664,0.2898678091637495,0.036856628397436794,0.050556523267415235,0.0741049091637586,0.01671753881571538,0.0001209173665179337,19,146,0.021412220682219645,0.21105455815484725,True,False,False,5.0721678040898e-06,COMPLETE
352,0.5525488972663879,2025-04-03 22:44:11.283102,2025-04-03 22:44:29.036963,0 days 00:00:17.753861,0.43728857084447553,0.4248134847369544,2,0.010257503135480796,0.26632247097634093,0.035009537582848055,0.04327748167557257,0.0759776361120241,0.014512722858000019,8.05491179251657e-05,18,143,0.017552044861231547,0.20098308178209096,True,False,False,3.918277309070109e-06,COMPLETE
353,0.3829102635383606,2025-04-03 22:44:29.156162,2025-04-03 22:44:46.835074,0 days 00:00:17.678912,0.46553529637497126,0.390205922125901,2,0.014522764033574257,0.2781241370051806,0.031902419431787336,0.03944103432236687,0.07182184307525628,0.01971495680497328,0.002046424916826278,18,147,0.018264439496238204,0.20670174289255383,True,False,False,6.0340100154161614e-06,COMPLETE
354,0.4360478281974793,2025-04-03 22:44:46.944551,2025-04-03 22:44:54.543930,0 days 00:00:07.599379,0.3862319564618622,0.47495048089320413,16,0.007336272989688943,0.2577318213158427,0.03788910618041417,0.04179918922254519,0.07258846768338835,0.015740015764193194,9.947697966228862e-05,18,144,0.01691142255864631,0.2038920170048271,True,False,False,3.284107790005339e-06,COMPLETE
355,0.5576537132263184,2025-04-03 22:44:54.653338,2025-04-03 22:45:13.045824,0 days 00:00:18.392486,0.39578380158074977,0.49910744336636387,2,0.01914623126700323,0.2701004891477231,0.03370469536267368,0.04754596274932845,0.071151119770837,0.020853439432151382,7.489119354301503e-05,19,139,0.020214274117655875,0.21309232698011016,True,False,False,4.605805403410923e-06,COMPLETE
356,0.29631375670433047,2025-04-03 22:45:13.155501,2025-04-03 22:45:30.058479,0 days 00:00:16.902978,0.4291976614853984,0.4571843118886825,2,0.0008156026120622363,0.26713170102707007,0.034436577867186215,0.04972739782187539,0.08076785171455546,0.02091415190150605,8.158453349503134e-05,17,139,0.020501176033185613,0.1977103930806514,True,False,False,4.254283235452477e-06,COMPLETE
357,0.5563033819198608,2025-04-03 22:45:30.178164,2025-04-03 22:45:48.521315,0 days 00:00:18.343151,0.3960689311916631,0.42511069013035585,2,0.015558471781232599,0.2632245216770251,0.032604569325128584,0.04641897019345109,0.06995046280241461,0.017826769997552297,0.0001190244737607916,19,140,0.016127239167195752,0.2104680320320679,True,False,False,3.3651471438312745e-06,COMPLETE
358,0.5528981804847718,2025-04-03 22:45:48.632200,2025-04-03 22:46:06.760267,0 days 00:00:18.128067,0.4027935778994699,0.507126538346323,2,0.011399249064898878,0.2558656363585395,0.03069214925501914,0.04704475402389253,0.07046618901276613,0.018104956229817372,0.00011666064622613353,19,141,0.018916841516666574,0.2120841281933006,True,False,False,4.6385973267074e-06,COMPLETE
359,0.5563033819198608,2025-04-03 22:46:06.871404,2025-04-03 22:46:25.072447,0 days 00:00:18.201043,0.4061907138246265,0.4441021752409636,2,0.018997841727091496,0.26359067947987314,0.032888379447924075,0.04340080267817368,0.07318878971501536,0.07337858816026359,9.930739822014247e-05,19,140,0.02392818695512856,0.20781253582620948,True,False,False,3.7483756926766636e-06,COMPLETE
360,0.5552017569541932,2025-04-03 22:46:25.195770,2025-04-03 22:46:42.824774,0 days 00:00:17.629004,0.39658436145962705,0.45033169012666185,2,0.017894392181952806,0.26152789684523914,0.03293177825739128,0.04418714750412221,0.07470243420019831,0.02171649180113824,0.00011134514075769222,18,146,0.02298120068862696,0.20251016246129952,True,False,False,3.834911215261442e-06,COMPLETE
361,0.5572399139404297,2025-04-03 22:46:42.935466,2025-04-03 22:47:00.691389,0 days 00:00:17.755923,0.40226851413323833,0.45549099291138845,2,0.018404150701669925,0.2523735382920812,0.03279826491632213,0.04758074548236205,0.0745261506032701,0.0792712847243167,0.00012595924505058882,18,148,0.022187166493857345,0.20015538141709083,True,False,False,5.117867997332108e-06,COMPLETE
362,0.5558291554450989,2025-04-03 22:47:00.805552,2025-04-03 22:47:17.746230,0 days 00:00:16.940678,0.4007706974438137,0.4874390643330117,2,0.008944090696488372,0.25764769411114863,0.03182251990250612,0.044721649151417596,0.07444844925870742,0.07726471464223893,0.0001218228433311218,17,150,0.02366405650948368,0.20101631315995966,True,False,False,5.341592464211199e-06,COMPLETE
363,0.556614887714386,2025-04-03 22:47:17.858896,2025-04-03 22:47:35.385992,0 days 00:00:17.527096,0.4540369446338428,0.46615115839178817,2,0.005896592120847031,0.25449168374908976,0.03215007118162848,0.044407025533253174,0.07500754957296081,0.07901378511010805,0.00017836587873000482,18,149,0.02506139337871847,0.1984078003571406,True,False,False,5.3523403038477e-06,COMPLETE
364,0.29631375670433047,2025-04-03 22:47:35.508940,2025-04-03 22:47:52.445775,0 days 00:00:16.936835,0.45051476929622747,0.49126556442871544,2,0.000267866987200157,0.2531194392073563,0.032446610834006975,0.044821787503807525,0.07937810933117131,0.07758677089688555,0.00018942220622351617,17,150,0.02446050613665262,0.19614750618115276,True,False,False,5.560373122648886e-06,COMPLETE
365,0.29631375670433047,2025-04-03 22:47:52.561591,2025-04-03 22:48:07.177797,0 days 00:00:14.616206,0.429231807395038,0.47515372708406867,2,0.00630929681651214,0.2568857198492589,0.02958771218209519,0.043124195202756156,0.07485925007568296,0.0743072678592847,0.000164842544217959,16,150,0.02345683913949694,0.20116140286798412,True,True,False,5.200208012061108e-06,COMPLETE
366,0.5536739587783813,2025-04-03 22:48:07.290741,2025-04-03 22:48:24.873315,0 days 00:00:17.582574,0.4783065506607861,0.5062847843162478,2,0.008032967187445953,0.2531719248610232,0.031241488568385302,0.04814144402955261,0.07592970620552796,0.0805939457260979,0.00012509256828005904,18,146,0.022602310527237733,0.19879813187918136,True,False,False,8.456322492899046e-06,COMPLETE
367,0.3657743990421295,2025-04-03 22:48:24.985999,2025-04-03 22:48:39.576488,0 days 00:00:14.590489,0.40852608244786753,0.45016588295662596,2,0.013106704821782056,0.25369095329378166,0.03302291490888141,0.04131983168158124,0.07348566123242595,0.08531160176223374,0.0001635696023324585,16,150,0.025502713055734455,0.18726382296109206,True,False,True,4.348694699948988e-06,COMPLETE
368,0.5558291554450989,2025-04-03 22:48:39.702262,2025-04-03 22:48:56.764122,0 days 00:00:17.061860,0.40347717479118655,0.48631807336535876,2,0.007238477268350184,0.2582519353310149,0.030343903403888987,0.04466296439820807,0.07781780510957455,0.07524342738620346,0.00012051767358925452,17,149,0.02198082583449692,0.19441874951882382,True,False,False,3.868975452866917e-06,COMPLETE
369,0.5568228006362915,2025-04-03 22:48:56.878659,2025-04-03 22:49:13.674029,0 days 00:00:16.795370,0.4584756264294373,0.5021367536149647,2,0.005899134036943563,0.24436493712102392,0.028293270881063808,0.04489897664723658,0.08287019156773813,0.07328606919953061,0.00012885600661436373,17,147,0.02194991778382425,0.19798691641699045,True,False,False,5.3837038763590995e-06,COMPLETE
370,0.29631375670433047,2025-04-03 22:49:13.788857,2025-04-03 22:49:30.718446,0 days 00:00:16.929589,0.45048588883633145,0.5087978433138124,2,0.000507591309918177,0.2542620994014775,0.02721375035641896,0.04597721773883763,0.0797495395500884,0.07394852481622032,0.00012605494747945235,17,148,0.02234142558388771,0.19308890354606462,True,False,False,6.892246358458252e-06,COMPLETE
371,0.5547982573509216,2025-04-03 22:49:30.844661,2025-04-03 22:49:47.746562,0 days 00:00:16.901901,0.4247714389749908,0.5357862705476802,2,0.006278390331600308,0.24362041240492135,0.029314746616716923,0.043357189634086794,0.08443686168479249,0.07250691600084848,0.00012555151123231086,17,150,0.023856880293667015,0.1860644846011758,True,False,False,5.4887675142632676e-06,COMPLETE
372,0.369908219575882,2025-04-03 22:49:47.862412,2025-04-03 22:49:56.338727,0 days 00:00:08.476315,0.401391723224125,0.48011726491764967,8,0.008562706962258804,0.25856591165677145,0.031180687338171042,0.047833063101569796,0.07730940351675367,0.07929445053935283,0.0001577231204859559,17,148,0.02652309729244812,0.19547918222673374,False,False,False,7.716569666449875e-06,COMPLETE
373,0.5536739587783813,2025-04-03 22:49:56.453510,2025-04-03 22:50:14.108151,0 days 00:00:17.654641,0.46908677374362234,0.5214883768379942,2,0.011437538454993386,0.24876584376881494,0.03384503450014602,0.044576957815326605,0.07428524426123922,0.0772390877288613,0.00011025266125916781,18,147,0.02079243486326972,0.2023277139776962,True,False,False,5.3995678278023064e-06,COMPLETE
374,0.5547982573509216,2025-04-03 22:50:14.225499,2025-04-03 22:50:31.279016,0 days 00:00:17.053517,0.4339052202130527,0.4940025357503766,2,0.006553331482574171,0.25789621643890753,0.03244476677141061,0.05045631358175331,0.07296104148263721,0.08283740714511059,0.00012972958490339168,17,150,0.020946196816868316,0.20095289161060914,True,False,False,4.46438137623656e-06,COMPLETE
375,0.5546121716499329,2025-04-03 22:50:31.405713,2025-04-03 22:50:49.070447,0 days 00:00:17.664734,0.41489430590722576,0.4629862893661654,2,0.015418950933480845,0.24535825571720574,0.026453825393230983,0.04442944054648505,0.08224830884131046,0.0676540113212056,0.00017775694849270712,18,147,0.02510277291919163,0.19455478485724212,True,False,False,6.511340664817784e-06,COMPLETE
376,0.5558291554450989,2025-04-03 22:50:49.186872,2025-04-03 22:51:05.593938,0 days 00:00:16.407066,0.4461618156754415,0.49001600816482044,2,0.004915384630600501,0.24153217032392155,0.03021300699860139,0.047598488214153294,0.07038388814479847,0.07585272849234449,0.00011440441005146407,16,145,0.02313394902293853,0.2052321615000369,True,False,False,4.786213554257019e-06,COMPLETE
377,0.4702507972717286,2025-04-03 22:51:05.710298,2025-04-03 22:51:13.010401,0 days 00:00:07.300103,0.49120902984563053,0.48050483269737393,16,0.004024471793552253,0.2363409474701416,0.02379172193642625,0.04831060585560465,0.07755583858606416,0.07108835413194306,0.00014626358150886154,15,145,0.02278293054475963,0.204900189841117,True,False,False,5.033680040510131e-06,COMPLETE
378,0.29631375670433047,2025-04-03 22:51:13.127255,2025-04-03 22:51:29.501336,0 days 00:00:16.374081,0.46414754575759626,0.5669628184686615,2,0.0006060265722032249,0.24262744795034089,0.02578244592515966,0.04654857345682448,0.08210990261096852,0.07529305598506536,0.00011181284430612205,16,147,0.024328341292556805,0.18880328853319203,True,False,False,9.410075337517132e-06,COMPLETE
379,0.5568228006362915,2025-04-03 22:51:29.627933,2025-04-03 22:51:46.541108,0 days 00:00:16.913175,0.4509473476159686,0.4489212889704407,2,0.01017353781921956,0.24964447802403106,0.02961217404711384,0.05134532997378944,0.07599711119158244,0.07969076476064463,0.00011876311358349657,17,145,0.02250397117432119,0.20511471280215274,True,False,False,7.14384195564376e-06,COMPLETE
380,0.5558813571929933,2025-04-03 22:51:46.657833,2025-04-03 22:52:02.961107,0 days 00:00:16.303274,0.4397090693028163,0.4839935000281335,2,0.006728596736981927,0.24639588975325777,0.021982488357599844,0.05078317488444846,0.07243271457704804,0.0796641848739282,0.00013151315376281662,16,145,0.020749836189460823,0.2054848833980789,True,False,False,1.2009153697083441e-05,COMPLETE
381,0.5540728449821473,2025-04-03 22:52:03.078897,2025-04-03 22:52:19.474053,0 days 00:00:16.395156,0.466252621942757,0.4952802732788282,2,0.007153814974791785,0.2403728677694002,0.020330035132288267,0.04981792860311292,0.07574510256049843,0.07879043477133552,0.00018811661582172063,16,150,0.02052160390864853,0.19677779165423614,True,False,False,1.4848464001485662e-05,COMPLETE
382,0.5578697562217713,2025-04-03 22:52:19.602462,2025-04-03 22:52:35.957011,0 days 00:00:16.354549,0.45182901967476197,0.5245210718141922,2,0.01068494995087888,0.2312890889015448,0.028297983817256844,0.04186873565955102,0.07309420022191195,0.08103649248816129,0.00014350877887644347,16,145,0.0275506704824224,0.20505513712553514,True,False,False,8.860330623084081e-06,COMPLETE
383,0.5552669882774354,2025-04-03 22:52:36.074450,2025-04-03 22:52:51.808141,0 days 00:00:15.733691,0.4579271161743213,0.5309227995802412,2,0.009517323528664893,0.23953036081281026,0.02160576713420052,0.05226430054300988,0.07295107778986647,0.08156545698483823,0.00015345439679519381,15,146,0.02691083731645198,0.20796444477084672,True,False,False,1.2003098044774488e-05,COMPLETE
384,0.29631375670433047,2025-04-03 22:52:51.927303,2025-04-03 22:53:06.484467,0 days 00:00:14.557164,0.44511161607857636,0.5069252768480489,2,0.0005535359538710828,0.24728404114050154,0.027997983891908905,0.04125683909580693,0.0769146409211888,0.07658626791297164,0.00013841646417106558,16,145,0.021905730650888,0.20341716254703973,True,True,False,1.3346575271460024e-05,COMPLETE
385,0.5563033819198608,2025-04-03 22:53:06.619015,2025-04-03 22:53:22.918475,0 days 00:00:16.299460,0.4447050378863164,0.46246519214362924,2,0.011087064652469732,0.23637495389310542,0.029978893926246676,0.04730046197633512,0.08871206724850123,0.08395723933275112,0.00017196384032698055,16,144,0.020228369314725835,0.19603517578641366,True,False,False,9.541439633465323e-06,COMPLETE
386,0.5547199130058289,2025-04-03 22:53:23.037491,2025-04-03 22:53:39.360251,0 days 00:00:16.322760,0.49928414271972,0.4690301302670739,2,0.0059006677600202395,0.23723333382130504,0.025132392534294747,0.046195192166374265,0.08841774380401031,0.08270232965730678,0.0002226704492166609,16,148,0.024764361833590515,0.1923042773916478,True,False,False,1.185955558870334e-05,COMPLETE
387,0.3700199842453003,2025-04-03 22:53:39.479852,2025-04-03 22:53:54.145111,0 days 00:00:14.665259,0.44819559577726864,0.49422575126859297,2,0.01064525115684748,0.24135529114488563,0.029995578274287175,0.05528889097820848,0.09250610312837139,0.07942077981763089,0.0001934107186643159,16,144,0.022211081671063435,0.19613653638938733,True,False,True,1.8080627203612614e-05,COMPLETE
388,0.29631375670433047,2025-04-03 22:53:54.266022,2025-04-03 22:54:10.452670,0 days 00:00:16.186648,0.48601057861445873,0.5498066554537522,2,0.00039121603380321175,0.23088438556859525,0.01666188546293359,0.055060469233265776,0.0850260143647701,0.08376208789165795,0.00015156357633098317,16,150,0.02047346043536354,0.18280550069313756,True,False,False,9.10119407544295e-06,COMPLETE
389,0.5568228006362915,2025-04-03 22:54:10.585253,2025-04-03 22:54:27.564765,0 days 00:00:16.979512,0.42621804075328973,0.5245708451136043,2,0.010882319055427025,0.23496798911499286,0.03079575975703512,0.05125337837294452,0.08826185103593207,0.08846142183956857,0.0001270114251132654,17,145,0.027394281534522176,0.2070411258730969,True,False,False,9.326264814731062e-06,COMPLETE
390,0.5545791029930115,2025-04-03 22:54:27.684141,2025-04-03 22:54:43.299481,0 days 00:00:15.615340,0.43130647011600265,0.5143540002897969,2,0.006743557867630249,0.2350130796109,0.028643450225773484,0.05273482184651791,0.07826270411335569,0.08964603647593691,0.00012949516091741574,15,145,0.027499080377904828,0.20746381989552903,True,False,False,1.079017730081703e-05,COMPLETE
391,0.5537843346595764,2025-04-03 22:54:43.421081,2025-04-03 22:55:00.290255,0 days 00:00:16.869174,0.46298589515844824,0.5350591076558153,2,0.010694166523869866,0.23486319346355944,0.030816542043214865,0.050996709323038285,0.0895358223730792,0.08710174823849434,0.0001984581220588925,17,148,0.026189355828571174,0.18986554903669783,True,False,False,1.5718828796732752e-05,COMPLETE
