number,value,datetime_start,datetime_complete,duration,params_alpha-eval,params_alpha-train,params_batch-size,params_eps-eval,params_eps-train,params_lambda-actions-eval,params_lambda-actions-train,params_lambda-frames-eval,params_lambda-frames-train,params_learning-rate,params_n-epochs,params_n-frames,params_radius-gw,params_rho,params_std-feats,params_ub-actions,params_ub-frames,params_weight-decay,state
113,0.4887094378471375,2025-04-23 10:23:04.711901,2025-04-23 10:23:12.163158,0 days 00:00:07.451257,0.5632605761059714,0.7561113857695535,16,0.16595258972656865,0.2802210587627575,0.08365132055226406,0.05058573347926468,0.07605728791059034,0.036725102614424146,1.0001833573837959e-05,12,107,0.04122942925234857,0.18713233742105528,True,False,False,1.806724600011151e-07,COMPLETE
114,0.40255442857742313,2025-04-23 10:23:12.200931,2025-04-23 10:23:20.010802,0 days 00:00:07.809871,0.5616958625991867,0.8536989526204966,16,0.18437371751906234,0.29671397160463,0.089136065401596,0.049388158801367224,0.07744579571355534,0.03787310360730322,0.003167734266097946,15,101,0.037133056321949125,0.18636306154651194,True,False,False,5.7161698226460084e-08,COMPLETE
115,0.4670885741710663,2025-04-23 10:23:20.051991,2025-04-23 10:23:27.576148,0 days 00:00:07.524157,0.522128385700037,0.8025734345043741,16,0.1644467427738151,0.2135834832457803,0.08280045048669099,0.03627490445579731,0.0762758006196709,0.016831161607486447,1.0260226698805861e-05,13,98,0.04055511921055921,0.27058110308041416,True,False,False,1.4886621083025494e-07,COMPLETE
116,0.3671776294708252,2025-04-23 10:23:27.614303,2025-04-23 10:23:35.134447,0 days 00:00:07.520144,0.575478281769241,0.742186615472047,16,0.1826631031277822,0.2360781494670483,0.08042227923296275,0.04330792292976951,0.05761632272713246,0.03999103883416201,1.3346553959479195e-05,14,106,0.04422084357661273,0.2510804125971648,False,False,False,3.044624852301088e-07,COMPLETE
117,0.4309410095214844,2025-04-23 10:23:35.173288,2025-04-23 10:23:42.029861,0 days 00:00:06.856573,0.7803360734660968,0.7585118938540445,16,0.17916151376877423,0.26856571778576455,0.08274367070577436,0.03975886922205532,0.08127330116257092,0.013319676809923818,1.261938131450925e-05,12,39,0.04964473456662607,0.20153133285007446,True,True,False,1.0955739240424058e-07,COMPLETE
118,0.4795786559581757,2025-04-23 10:23:42.069012,2025-04-23 10:23:51.130879,0 days 00:00:09.061867,0.7397857775283122,0.05233474969163504,8,0.1693507497817519,0.16083038397246938,0.08707721895820608,0.08204573993014277,0.07210445829262117,0.02047327478659135,1.0067318809058446e-05,17,80,0.041287856388710145,0.19578026630628853,True,False,False,1.8138984055706365e-07,COMPLETE
119,0.485880720615387,2025-04-23 10:23:51.172338,2025-04-23 10:23:58.884651,0 days 00:00:07.712313,0.617581180628438,0.21481014189865577,16,0.19049898817193073,0.18614965941478062,0.04408440671155896,0.09225977220093191,0.06585664736495046,0.04868948959610441,1.5005097006789528e-05,14,111,0.03171981707204876,0.26221333952537046,True,False,False,5.519274772905706e-07,COMPLETE
120,0.30013824701309205,2025-04-23 10:23:58.924713,2025-04-23 10:24:05.972873,0 days 00:00:07.048160,0.4823951987367026,0.8371204302265377,16,0.15805192883090144,0.2932959405978455,0.07498784714455044,0.05059864206956337,0.08465946745964022,0.03246569735284831,2.6043319073372065e-05,12,108,0.04666122626710973,0.22951804086243638,True,False,True,1.509841971774487e-08,COMPLETE
121,0.48898947834968565,2025-04-23 10:24:06.014748,2025-04-23 10:24:12.811440,0 days 00:00:06.796692,0.6895944228849626,0.6699917589930354,16,0.1423025750744863,0.27635564919826167,0.07265774336413433,0.08887100937606522,0.07072469827116522,0.03487294660467297,1.7460781434048195e-05,6,114,0.02617996607307882,0.19037602152579655,True,False,False,2.3912391005641513e-07,COMPLETE
122,0.4314771175384522,2025-04-23 10:24:12.853683,2025-04-23 10:24:19.619971,0 days 00:00:06.766288,0.6649536687259079,0.028593607542979405,16,0.27915813762271713,0.2810978367843642,0.06771205160531737,0.08911164552743542,0.0755974175946642,0.030067570180052947,1.9285764397764584e-05,6,115,0.02681171964717803,0.1911417586473049,True,False,False,8.569702886548825e-07,COMPLETE
123,0.4688658893108368,2025-04-23 10:24:19.670528,2025-04-23 10:24:26.329590,0 days 00:00:06.659062,0.7518198577263626,0.7208306509756709,16,0.1429490154489866,0.28840071453786204,0.07141138857161804,0.08422485744007617,0.08250429179173271,0.0360813979863967,1.247080990847021e-05,5,121,0.03648927869930481,0.21346429485752386,True,False,False,4.473006735586216e-07,COMPLETE
124,0.48986717462539675,2025-04-23 10:24:26.370419,2025-04-23 10:24:33.271068,0 days 00:00:06.900649,0.8340794526899677,0.6696361278075551,16,0.15193697647061508,0.2648013120899801,0.07898941985950038,0.046658757510333194,0.06280128909064116,0.04156605597963008,1.5654424194113845e-05,7,127,0.0292129264152463,0.17899547320340048,True,False,False,1.638906182826978e-07,COMPLETE
125,0.4673077046871186,2025-04-23 10:24:33.312464,2025-04-23 10:24:40.298035,0 days 00:00:06.985571,0.8260506746176661,0.6681099628538706,16,0.15058916091369992,0.2813351693393932,0.07867976380308511,0.09699375338899047,0.062373225678077356,0.04071609406481832,3.2542344606473593e-05,8,127,0.034959556860401995,0.18062352437179335,True,False,False,4.433633653814236e-08,COMPLETE
126,0.488504308462143,2025-04-23 10:24:40.339344,2025-04-23 10:24:47.273463,0 days 00:00:06.934119,0.8129500975271899,0.6982749113797304,16,0.16207083429088032,0.2657345626739481,0.047012049280152485,0.04709687553225498,0.07087102195841016,0.0519986003861286,1.826300724894029e-05,7,130,0.02921848522955553,0.20513910222732337,True,False,False,7.60663512518145e-08,COMPLETE
127,0.37942998409271245,2025-04-23 10:24:47.315749,2025-04-23 10:24:54.153147,0 days 00:00:06.837398,0.8347701614261791,0.6961317443938019,16,0.16388819228445006,0.26442174765740567,0.04776679577622642,0.046653052938358586,0.06421287629838826,0.09538599790279333,5.187397429881602e-05,7,18,0.029432160660082047,0.2083804120289779,True,False,False,1.0281829339301825e-07,COMPLETE
128,0.37616769075393675,2025-04-23 10:24:54.194610,2025-04-23 10:25:04.809887,0 days 00:00:10.615277,0.8739116812360663,0.7807385236598371,2,0.17415828907276212,0.2715577969250117,0.03987817408724421,0.049297219688731214,0.07075772387470226,0.050675843811876314,0.0004343530798015336,6,131,0.025948898815324497,0.2047541666944019,True,False,False,7.216431489756256e-08,COMPLETE
129,0.48941040039062506,2025-04-23 10:25:04.853024,2025-04-23 10:25:11.663964,0 days 00:00:06.810940,0.8486031928877126,0.9180527458969852,16,0.15641726426822558,0.2644669539220695,0.07370157515362982,0.042677846952893374,0.07390433862952277,0.04583240416607095,2.1750091081268223e-05,6,126,0.032543670737224216,0.16901310699568148,True,False,False,1.6326462970579103e-07,COMPLETE
130,0.48584076166152956,2025-04-23 10:25:11.706337,2025-04-23 10:25:18.467385,0 days 00:00:06.761048,0.8437651782039554,0.9454277624482127,16,0.15572028631204116,0.25017784435257334,0.08373685745376393,0.03827263588039251,0.07841128445580936,0.04672524904015573,2.1904614971594616e-05,5,135,0.03287456682311031,0.15975279040953433,True,False,False,1.6641349518143016e-07,COMPLETE
131,0.4950478553771973,2025-04-23 10:25:18.509816,2025-04-23 10:25:25.291541,0 days 00:00:06.781725,0.8063486174938551,0.8948925082875221,16,0.16811716139527583,0.26270939350910416,0.07673156894506833,0.04102992457274495,0.07342339004178008,0.04436162440773362,1.801382938781976e-05,6,126,0.031387333086220354,0.16736307195384237,True,False,False,2.12674855530993e-07,COMPLETE
132,0.40251257419586184,2025-04-23 10:25:25.334296,2025-04-23 10:25:32.238430,0 days 00:00:06.904134,0.8874515529918511,0.9110643204502649,16,0.16968808029390184,0.25911111216884447,0.0757926524904257,0.04304189230587375,0.07396547712041612,0.04395885217994139,8.797614633590327e-05,6,124,0.03908559886683635,0.1669389602977964,True,False,False,2.101550468238313e-07,COMPLETE
133,0.48919223546981816,2025-04-23 10:25:32.281511,2025-04-23 10:25:39.007044,0 days 00:00:06.725533,0.784612307377442,0.9050404707012097,16,0.12515936230962152,0.2822834660257538,0.07259844594780733,0.0416494983689919,0.08147868696065654,0.042318649887691275,2.7980181930841895e-05,5,128,0.031752557599616406,0.17673486590351392,True,False,False,1.3851982488029423e-07,COMPLETE
134,0.486873745918274,2025-04-23 10:25:39.053127,2025-04-23 10:25:45.791867,0 days 00:00:06.738740,0.7974962917065772,0.8889023337373159,16,0.1428620535058945,0.24438748419562226,0.07233521754342476,0.04144794391856999,0.08009283790737844,0.04595713453934571,2.935652311025867e-05,5,138,0.03240999210686919,0.17172673945000919,True,False,False,1.2688108076946274e-07,COMPLETE
135,0.4608293294906617,2025-04-23 10:25:45.835964,2025-04-23 10:25:52.760229,0 days 00:00:06.924265,0.84846122757257,0.9430342776930538,16,0.12774344370180102,0.2745347861291628,0.08028749848826328,0.04005411917680313,0.0817975915101416,0.04171315524123106,3.707067291049014e-05,7,124,0.034546477962465114,0.1782327920507931,True,False,False,2.865900944268699e-07,COMPLETE
136,0.47181661128997804,2025-04-23 10:25:52.804511,2025-04-23 10:25:59.661162,0 days 00:00:06.856651,0.9018639499390533,0.9901819799097884,16,0.1515560955065667,0.26190728844023103,0.0733592713277221,0.03668790771227334,0.023758656277082357,0.04471826751824696,2.4013024822818418e-05,6,128,0.027642459745462204,0.15160008574787825,True,False,False,1.435184680294948e-07,COMPLETE
137,0.34722906351089483,2025-04-23 10:25:59.704990,2025-04-23 10:26:06.430372,0 days 00:00:06.725382,0.7789252328167514,0.8909255960100183,16,0.1254416673963425,0.2927856436383247,0.07720215358016613,0.043741788294502884,0.05849224487618361,0.03907045208691713,6.0379915998059845e-05,6,120,0.023799620551002917,0.1454350167282677,False,False,False,9.6472700683746e-08,COMPLETE
138,0.49202960729599,2025-04-23 10:26:06.483894,2025-04-23 10:26:13.234190,0 days 00:00:06.750296,0.8028011468572885,0.9654631158229625,16,0.14011950540180906,0.25336916993940617,0.07471511379604313,0.03387086348249754,0.0881177868551458,0.0498530387335292,1.7200298553227755e-05,5,127,0.030785603399498106,0.15620386913844547,True,False,False,2.687804434587719e-06,COMPLETE
139,0.29631375670433047,2025-04-23 10:26:13.279624,2025-04-23 10:26:19.568498,0 days 00:00:06.288874,0.8110508707735037,0.9757620649651478,16,0.13664747405842465,0.2542963273974197,0.07826361027728161,0.03389972673792889,0.08854455918411455,0.04859838161105485,1.5967705735622612e-05,5,127,0.031003986544113786,0.15906868086449705,True,True,False,5.39954288445975e-06,COMPLETE
140,0.47460497021675113,2025-04-23 10:26:19.613767,2025-04-23 10:26:26.635995,0 days 00:00:07.022228,0.8512435016984771,0.9225562184322295,16,0.12300891090364623,0.2686069467805007,0.08136011454464016,0.027109867239017503,0.0856015392240885,0.04297186327162932,1.870938456469074e-05,8,134,0.027409755015297785,0.1534858834384755,True,False,False,3.209976875323292e-06,COMPLETE
141,0.48717229366302495,2025-04-23 10:26:26.681871,2025-04-23 10:26:33.343107,0 days 00:00:06.661236,0.7705448661930273,0.963654042011908,16,0.14610213637583483,0.2446443968123926,0.0741900817810114,0.03318255212770367,0.06778911197900366,0.047339101274251845,2.7841332580476457e-05,5,117,0.03680597107918352,0.16703050766196495,True,False,False,2.214578470208489e-06,COMPLETE
142,0.49238089323043827,2025-04-23 10:26:33.388911,2025-04-23 10:26:40.202822,0 days 00:00:06.813911,0.7989118021255848,0.8330930574498305,16,0.13219906325863756,0.2853316062755327,0.07075710224192967,0.038580232295731785,0.08316512530091162,0.054486541184610486,2.2494071779648918e-05,6,131,0.03367432455583581,0.17357697122799834,True,False,False,2.432304052965032e-07,COMPLETE
143,0.4868882894515992,2025-04-23 10:26:40.249001,2025-04-23 10:26:47.205041,0 days 00:00:06.956040,0.829921713311667,0.8606668166912844,16,0.11913905989892644,0.2852359922978876,0.06994194539183245,0.03077830636757433,0.08260675496193536,0.0508637941511791,2.1717392145436416e-05,7,131,0.03035215232448448,0.17195516857331716,True,False,False,4.337087025413306e-06,COMPLETE
144,0.4912376761436463,2025-04-23 10:26:47.251344,2025-04-23 10:26:54.086487,0 days 00:00:06.835143,0.801274667371596,0.9124220070417229,16,0.1312620422960839,0.27827551027532693,0.07714004350689065,0.03517541166304234,0.08444135087536556,0.05473600398011992,1.6073401907626395e-05,6,142,0.03365854830987916,0.18133715949439264,True,False,False,2.053609764702624e-07,COMPLETE
145,0.48896376490592963,2025-04-23 10:26:54.133558,2025-04-23 10:27:01.179881,0 days 00:00:07.046323,0.804246786143885,0.9124428688814433,16,0.10655677545291757,0.2926403447215645,0.07689536079222628,0.0275735691323276,0.08411719629093681,0.05914819760349325,1.3717554044482223e-05,8,142,0.034270755931584,0.17727665305412213,True,False,False,1.6297766330096803e-07,COMPLETE
146,0.49218493700027466,2025-04-23 10:27:01.227200,2025-04-23 10:27:08.083398,0 days 00:00:06.856198,0.79328276164467,0.922932488887523,16,0.13635793764465612,0.282081324656203,0.08673520339898208,0.03508637440925838,0.08712762103879407,0.05455737888088786,1.2044186788433376e-05,6,146,0.0319897625916053,0.1620930789477411,True,False,False,7.97114501501878e-06,COMPLETE
147,0.4885239720344544,2025-04-23 10:27:08.131315,2025-04-23 10:27:15.451280,0 days 00:00:07.319965,0.8723089667045779,0.8773491540455512,8,0.13503932682770858,0.299446188452547,0.0805293522605445,0.03453440433852742,0.08715326405709464,0.055599506207993185,1.1987405446911705e-05,6,144,0.03312529581668801,0.1623790327557446,True,False,False,2.5520954894682057e-05,COMPLETE
148,0.2944972097873688,2025-04-23 10:27:15.499282,2025-04-23 10:27:22.055917,0 days 00:00:06.556635,0.829809302837349,0.9266291142991369,16,0.13194185076553352,0.27032364422253147,0.0864597755023184,0.0379004313675453,0.0903826244043953,0.05351342072157963,1.5041261776423484e-05,7,147,0.03595307543405985,0.14579347162445164,True,False,True,1.602759780512534e-05,COMPLETE
149,0.4955176949501038,2025-04-23 10:27:22.106805,2025-04-23 10:27:28.929772,0 days 00:00:06.822967,0.7939100420135751,0.8182272561328964,16,0.14902311463230067,0.22198075074235601,0.04933842206898339,0.02064368488179191,0.0863604187250335,0.05383804855568803,1.185905962978343e-05,6,140,0.029081904095984754,0.15603395310376628,True,False,False,7.576244995645331e-06,COMPLETE
150,0.4767047107219696,2025-04-23 10:27:28.978719,2025-04-23 10:27:37.318089,0 days 00:00:08.339370,0.7903475239311544,0.817797001107112,16,0.1486607218089478,0.2198544847034668,0.05059245636299324,0.01900942149963534,0.086526817651428,0.05905709143970045,1.1772734725532884e-05,20,141,0.02891736544075351,0.1828984225683427,True,False,False,1.1823175576456023e-05,COMPLETE
151,0.49874300956726075,2025-04-23 10:27:37.376521,2025-04-23 10:27:44.344141,0 days 00:00:06.967620,0.7599237690063759,0.8272067074025997,16,0.17829124371121824,0.2533207011711419,0.08918376983618831,0.016143811607492325,0.08850360186063345,0.054387836235140125,1.0015023812621371e-05,7,145,0.030002112898276492,0.1585993145400621,True,False,False,6.700108750780734e-06,COMPLETE
152,0.49364944696426394,2025-04-23 10:27:44.393162,2025-04-23 10:27:51.351404,0 days 00:00:06.958242,0.7615557730078776,0.8296688905118992,16,0.18231515668358722,0.2528245249317136,0.09406168276233895,0.013010833275431455,0.08998558268711304,0.054936872267315424,1.181139148127499e-05,7,145,0.02215100089585456,0.158277340964636,True,False,False,8.299641257695286e-06,COMPLETE
153,0.4936909198760987,2025-04-23 10:27:51.402259,2025-04-23 10:27:58.520065,0 days 00:00:07.117806,0.7582824709596943,0.8244093425332683,16,0.19902268056248346,0.24074373326083764,0.09441714250010343,0.011635870042424945,0.0886525739697591,0.055787925189436004,1.0143162394164045e-05,8,146,0.024864542296894547,0.15664553453215851,True,False,False,1.030048591702257e-05,COMPLETE
154,0.49164690971374514,2025-04-23 10:27:58.569309,2025-04-23 10:28:05.806120,0 days 00:00:07.236811,0.7512067282454947,0.8722004779044223,16,0.18394343688308873,0.23836789830882593,0.09626877607860698,0.010425748122978456,0.0887483056172762,0.05771930975868903,1.0141253313828398e-05,9,146,0.02283626918492889,0.15626607230328926,True,False,False,7.765567912024039e-06,COMPLETE
155,0.4933230996131897,2025-04-23 10:28:05.855635,2025-04-23 10:28:13.008934,0 days 00:00:07.153299,0.76488147630586,0.8423955909248961,16,0.18659126406183738,0.23956799448753419,0.09774274005691738,0.009830885686363672,0.08874779081519525,0.06193332146525877,1.0000419234744558e-05,9,145,0.02268969103288047,0.15689007889190387,True,False,False,8.01180736439199e-06,COMPLETE
156,0.4886636137962342,2025-04-23 10:28:13.060160,2025-04-23 10:28:20.154857,0 days 00:00:07.094697,0.75729030484895,0.8364696009501527,16,0.19929499475749804,0.22541933288162547,0.09744907119326554,0.009614022606872238,0.08962792976701986,0.06152971315001517,1.1760951894583265e-05,8,146,0.023719592341963247,0.15409787330204325,True,False,False,7.97563457901484e-06,COMPLETE
157,0.4850764870643616,2025-04-23 10:28:20.206078,2025-04-23 10:28:27.363750,0 days 00:00:07.157672,0.7294825809471787,0.8330215954118438,16,0.1875720489337308,0.24127615928495966,0.09471671183732451,0.011852231905544502,0.08827623220469823,0.06404205679991007,1.0088203559168872e-05,9,150,0.022204616121431896,0.13105048985864723,True,False,False,1.1836984271714173e-05,COMPLETE
158,0.3992556393146515,2025-04-23 10:28:27.414495,2025-04-23 10:28:39.314670,0 days 00:00:11.900175,0.7556439834933153,0.8753231196319747,2,0.19427437112227033,0.23228958249343204,0.09476437847638787,0.015195034945773666,0.0905303306986331,0.056971768659922484,1.3989360932356969e-05,8,145,0.021066114810206697,0.15736581772477792,True,False,False,7.606221209402351e-06,COMPLETE
159,0.46683855056762696,2025-04-23 10:28:39.367077,2025-04-23 10:28:46.494536,0 days 00:00:07.127459,0.7761556428396601,0.8242308626491097,16,0.1819840338770581,0.24769220440626685,0.09028174171310593,0.015302700516764484,0.08355349690317583,0.0547721822271285,1.7808596513982872e-05,9,148,0.025205689473415258,0.14406179797366966,True,False,False,7.015969326515141e-06,COMPLETE
160,0.4887438416481018,2025-04-23 10:28:46.546500,2025-04-23 10:28:53.564897,0 days 00:00:07.018397,0.8063736034896576,0.7865534009483888,16,0.18755161880828422,0.24052126678876018,0.0923044359340414,0.004204776427629452,0.08564589291163445,0.06595469814333044,1.4178298214217584e-05,8,143,0.022352883150874255,0.16184472418882262,True,False,False,1.5074261724830109e-05,COMPLETE
161,0.49372426271438596,2025-04-23 10:28:53.616045,2025-04-23 10:29:00.414861,0 days 00:00:06.798816,0.7653072359494386,0.8650629117417431,16,0.1825817971599837,0.22284292732695957,0.09941446849300288,0.0068095770527722595,0.0879212247371562,0.06031251228020208,1.029467490008821e-05,6,137,0.023968570379441376,0.15518209754981782,True,False,False,1.264102201890984e-05,COMPLETE
162,0.4988699793815613,2025-04-23 10:29:00.476315,2025-04-23 10:29:07.264814,0 days 00:00:06.788499,0.7639381145210347,0.8568330640240469,16,0.19888395721521734,0.22692121539599752,0.09877339072728063,0.007885793857870551,0.09207790370133136,0.06056875347730936,1.1936309084740418e-05,6,138,0.02454972635057925,0.1581488447147183,True,False,False,5.168499764580869e-06,COMPLETE
163,0.4936782002449036,2025-04-23 10:29:07.317396,2025-04-23 10:29:14.102411,0 days 00:00:06.785015,0.7380386005404743,0.8533133046129837,16,0.19409774604393407,0.22371977594379974,0.09752223090608277,0.006045932790561317,0.09257436478068587,0.06010647931936238,1.2679721280592748e-05,6,138,0.0235534117037191,0.15450048311916292,True,False,False,5.203005598424361e-06,COMPLETE
164,0.49306261539459234,2025-04-23 10:29:14.154704,2025-04-23 10:29:20.988116,0 days 00:00:06.833412,0.7417569622097442,0.8616256260668612,16,0.20412876978794506,0.20012489528359778,0.09917829172536641,0.006222119392121439,0.09230472076055292,0.06151881995746452,1.2145877405953102e-05,6,138,0.023528437208834477,0.15237406984696042,True,False,False,5.198618526934328e-06,COMPLETE
165,0.49007200002670287,2025-04-23 10:29:21.041624,2025-04-23 10:29:27.971610,0 days 00:00:06.929986,0.7561457676517489,0.872549270487265,16,0.21259197343174246,0.21029254702016958,0.09913062546774862,0.0013969771122087412,0.09162327525395436,0.07020094994216408,1.2614145102967066e-05,7,137,0.02448794360934853,0.15210127413248192,True,False,False,5.1716205264751345e-06,COMPLETE
166,0.48731832504272465,2025-04-23 10:29:28.024989,2025-04-23 10:29:34.918892,0 days 00:00:06.893903,0.7434377423263034,0.8469291700906704,16,0.19758156249445727,0.21507672088585147,0.09992698882187984,0.007495493372777669,0.09267227002905017,0.06003624872098483,1.0169798838385352e-05,6,139,0.022609870364837907,0.13892884622363522,True,False,False,9.847559799503401e-06,COMPLETE
167,0.36690194606781007,2025-04-23 10:29:34.972811,2025-04-23 10:29:41.578593,0 days 00:00:06.605782,0.7365084060714171,0.8574230132297331,16,0.22197879278888483,0.20087127280714134,0.09641545799983667,0.005255274314268324,0.08835896409262735,0.05766401234816339,1.286598456087312e-05,5,145,0.017761472645823406,0.1500956990434981,False,False,False,3.8111553709925847e-06,COMPLETE
168,0.29631375670433047,2025-04-23 10:29:41.632333,2025-04-23 10:29:48.099355,0 days 00:00:06.467022,0.7037453278521372,0.8066012858059716,16,0.20377831581945904,0.21905343532467025,0.09328261621927611,0.011408881794536835,0.09316133412394144,0.06221607186322625,1.0052417631984525e-05,7,150,0.02534365081582658,0.15566143852806286,True,True,False,5.696802647483798e-06,COMPLETE
169,0.48720382452011113,2025-04-23 10:29:48.153945,2025-04-23 10:29:54.997519,0 days 00:00:06.843574,0.7710411690082342,0.8785934212941277,16,0.1914958051587515,0.22541614523117948,0.09752548986154572,0.006611891288780003,0.09105901881010199,0.067775561638826,1.6289609616877177e-05,6,136,0.021559770972455018,0.13416113617608227,True,False,False,4.474877171278844e-06,COMPLETE
