number,value,datetime_start,datetime_complete,duration,params_alpha-eval,params_alpha-train,params_batch-size,params_eps-eval,params_eps-train,params_lambda-actions-eval,params_lambda-actions-train,params_lambda-frames-eval,params_lambda-frames-train,params_learning-rate,params_n-epochs,params_n-frames,params_radius-gw,params_rho,params_std-feats,params_ub-actions,params_ub-frames,params_weight-decay,state
896,0.30010929703712463,2025-04-04 00:53:29.171675,2025-04-04 00:53:35.773291,0 days 00:00:06.601616,0.1678676196243946,0.15790718191150363,16,0.0005369120140381687,0.26144754979916934,0.011713574354494882,0.08149338821829198,0.06363436362537772,0.039052300987817715,0.0005002077109876759,9,150,0.022902575561184302,0.01194660362446416,True,False,False,0.00016572859170480906,COMPLETE
897,0.4387107074260712,2025-04-04 00:53:36.061392,2025-04-04 00:53:43.234512,0 days 00:00:07.173120,0.14098674581403284,0.14941985750525938,8,0.28554880076510236,0.26892958020752783,0.015997896690553348,0.07400395270802387,0.06534384682706632,0.035038427718913044,0.0003502609185709702,8,147,0.03753951376438548,0.011509304680488358,True,False,False,0.00037842640492350267,COMPLETE
898,0.5568696975708008,2025-04-04 00:53:43.527229,2025-04-04 00:53:50.841075,0 days 00:00:07.313846,0.17613484091607648,0.13524214401364767,8,0.008871872889030703,0.26260394801074577,0.011862151311204971,0.078141221595553,0.0664444871246949,0.03318981831207125,0.0002852316809063262,9,148,0.03464553926128865,0.0026067709828812235,True,False,False,0.000475710520360154,COMPLETE
899,0.38687419295310976,2025-04-04 00:53:51.119959,2025-04-04 00:53:58.198246,0 days 00:00:07.078287,0.15053624254521467,0.18404962423761229,8,0.009761111565782753,0.2669126131648405,0.013814977824720855,0.07173755743492814,0.06523823106332326,0.034880344521892793,0.0004460984063923687,8,147,0.04136859237986675,0.013142650534829318,False,False,False,0.00012477083223267051,COMPLETE
900,0.4739301443099976,2025-04-04 00:53:58.489848,2025-04-04 00:54:05.764338,0 days 00:00:07.274490,0.10838885793173245,0.11429398043705126,8,0.005555031235829157,0.049910700516128864,0.0158367333584313,0.08253976305257983,0.061831085194877324,0.04308086354419784,0.0013570637919930204,9,147,0.035963049061190855,0.015952385743018,True,False,False,0.00022743165425094031,COMPLETE
901,0.29631375670433047,2025-04-04 00:54:06.055105,2025-04-04 00:54:12.918753,0 days 00:00:06.863648,0.12785013568059128,0.1692525391579523,8,0.00032021813948148077,0.26077169318461596,0.01822052285746129,0.07977325216501924,0.06511411757105104,0.04657130217536272,0.0003648729698202887,7,150,0.03790497595039683,0.005217128916903813,True,False,False,7.515258262060667e-05,COMPLETE
902,0.548297142982483,2025-04-04 00:54:13.213370,2025-04-04 00:54:20.580920,0 days 00:00:07.367550,0.19548088530056693,0.15152541362840244,8,0.015030075097002604,0.2708724783250363,0.01106751386928442,0.07619299621481716,0.0640999898800307,0.0309287189068479,0.0002789012681095144,9,150,0.03941660473537782,0.01916813616780954,True,False,False,0.00015119477407454557,COMPLETE
903,0.29631375670433047,2025-04-04 00:54:20.859435,2025-04-04 00:54:27.874502,0 days 00:00:07.015067,0.15180235266273612,0.13338792197933716,8,0.0003719839157569696,0.25894714174878025,0.013287260516486129,0.07811332232024366,0.0636465350860304,0.06969347251057195,0.000257705786758612,8,145,0.0445107769910746,0.01490569373681241,True,False,False,0.00015905044617782382,COMPLETE
904,0.5600281238555909,2025-04-04 00:54:28.167687,2025-04-04 00:54:35.432048,0 days 00:00:07.264361,0.10153031327574953,0.19327083887045027,8,0.009670042027746517,0.27703815704185375,0.016116092471643112,0.08175825614247179,0.06723879468945014,0.035852282465566425,0.0004469672146787368,9,147,0.03435940683620792,0.025808819513001655,True,False,False,0.00012972108001875577,COMPLETE
905,0.5574387431144714,2025-04-04 00:54:35.727322,2025-04-04 00:54:43.047904,0 days 00:00:07.320582,0.0998854765515056,0.1916586664801706,8,0.011087056532183353,0.28961409169763586,0.01659210929646389,0.08117350264705275,0.06766097661376938,0.03630730555221029,0.0006169054911303523,9,145,0.034003232007881655,0.02532325153644662,True,False,False,0.00012025383151987763,COMPLETE
906,0.29631375670433047,2025-04-04 00:54:43.343973,2025-04-04 00:54:50.419075,0 days 00:00:07.075102,0.08477577297915452,0.22497981553884222,8,0.00017137611267988885,0.2979854974549994,0.017351579594589488,0.08367399538146662,0.06185782621458964,0.034045239626691655,0.0007111817051647433,8,146,0.03301758375167191,0.026826416972640904,True,False,False,9.66666768748141e-05,COMPLETE
907,0.34639028906822206,2025-04-04 00:54:50.696330,2025-04-04 00:54:58.009849,0 days 00:00:07.313519,0.12315253090722883,0.2028892410658202,8,0.01056601039164197,0.293469587732137,0.018281019558145158,0.08580148187466852,0.06469356061520466,0.039763183565424666,0.0007918784031907546,9,144,0.09122506897133681,0.028684539362163704,True,False,False,0.00010430593416161163,COMPLETE
908,0.5600281238555909,2025-04-04 00:54:58.303702,2025-04-04 00:55:05.623080,0 days 00:00:07.319378,0.10336804289306352,0.178232561662606,8,0.00949734482022639,0.2861966460427044,0.01699284058140545,0.08258542185966025,0.06231041553785363,0.0358090830791963,0.00048307858752556424,9,146,0.03355669153194798,0.027987319278608987,True,False,False,0.00021058835298643923,COMPLETE
909,0.5574823260307312,2025-04-04 00:55:05.920327,2025-04-04 00:55:13.078644,0 days 00:00:07.158317,0.1347122701363945,0.21923138414573667,8,0.015293963098373992,0.29597527464138695,0.01594920427938518,0.08510806780852662,0.06159505948087275,0.037180609141657585,0.00046491047135538785,8,145,0.03319132192968556,0.03301245005626867,True,False,False,0.00018409372086530286,COMPLETE
910,0.3642411231994629,2025-04-04 00:55:13.377953,2025-04-04 00:55:20.267547,0 days 00:00:06.889594,0.1060466424615013,0.2208322878328465,8,0.015955021889216492,0.298054761232375,0.01604170296446763,0.09033453603186238,0.06291066842148907,0.038610589826913365,0.0008755137162788727,7,20,0.03347323355178533,0.030380117075745543,True,False,False,0.0002008625014555952,COMPLETE
911,0.5428077697753907,2025-04-04 00:55:20.548264,2025-04-04 00:55:27.877377,0 days 00:00:07.329113,0.8025700365454544,0.23417216725504633,8,0.01514132146365781,0.2935234778989821,0.016849138574342424,0.08223205612765723,0.06359990075415153,0.03622723093882028,0.0005209297407621089,9,144,0.03278986313066555,0.020937861368229255,True,False,False,0.0002698728825785161,COMPLETE
912,0.29631375670433047,2025-04-04 00:55:28.169622,2025-04-04 00:55:34.838680,0 days 00:00:06.669058,0.12971034969028075,0.19991457099401425,8,0.01590040039729008,0.2940686804542543,0.015092992109979945,0.08813754109373997,0.06169615547104831,0.03803063308222364,0.0004296319081613515,8,144,0.032607251543218294,0.03391167660085614,True,True,False,0.0001335440009873176,COMPLETE
913,0.5568076014518738,2025-04-04 00:55:35.142013,2025-04-04 00:55:42.309762,0 days 00:00:07.167749,0.10501500210785106,0.21547534928823123,8,0.01091403146904698,0.2992517582472717,0.01685647506938871,0.08518191155184175,0.06368859151852269,0.0355635979932774,0.0006222917723484435,8,145,0.033949246405197274,0.007793641883457047,True,False,False,0.00011936596740947733,COMPLETE
914,0.3542587339878082,2025-04-04 00:55:42.611886,2025-04-04 00:55:49.351320,0 days 00:00:06.739434,0.15422072825454974,0.20591771014584653,8,0.0149912474217698,0.2853127118087858,0.01808878749223075,0.0844838303329129,0.06411582934361851,0.0400963714698574,0.0006047629984250568,8,144,0.03419013150314747,0.023292697945768194,True,False,True,0.00017857635509051695,COMPLETE
915,0.5600281238555909,2025-04-04 00:55:49.631848,2025-04-04 00:55:56.928057,0 days 00:00:07.296209,0.09841568429845438,0.18643626946935235,8,0.01140395064408116,0.2922871155144653,0.014552755083520875,0.08476748857366294,0.061106444495781204,0.0368215269200743,0.0004541612102634152,9,144,0.03182352351889802,0.02802546979141264,True,False,False,0.0002484332738244604,COMPLETE
916,0.4971918940544129,2025-04-04 00:55:57.221744,2025-04-04 00:56:04.469210,0 days 00:00:07.247466,0.12552141529131863,0.1895084939611308,8,0.15780315827714442,0.29439479457549067,0.014439566280341896,0.08655350738971275,0.06124603961109924,0.03721114787607796,0.0003937928746133982,8,144,0.03125313000342541,0.03075515456907483,True,False,False,0.0003087874870938562,COMPLETE
917,0.5226643800735474,2025-04-04 00:56:04.766290,2025-04-04 00:56:12.321225,0 days 00:00:07.554935,0.18210321751648056,0.1771301397408617,8,0.12541071192963252,0.2881387967436003,0.014986377605193781,0.08739083605414058,0.061813099141923795,0.036620665726855794,0.00048135912124499955,9,147,0.03225595160051035,0.029163813706777786,True,False,False,0.000185106340300149,COMPLETE
918,0.5574387431144714,2025-04-04 00:56:12.628271,2025-04-04 00:56:19.994643,0 days 00:00:07.366372,0.07346830655430195,0.2264059229397558,8,0.01578258875119394,0.2883957727868342,0.013152481816159474,0.0840275596785217,0.06173769958040081,0.03283945692026957,0.000551727797984417,9,144,0.03084645306260216,0.009239801050834887,True,False,False,0.00023349544411823103,COMPLETE
919,0.39964790940284733,2025-04-04 00:56:20.277578,2025-04-04 00:56:27.152539,0 days 00:00:06.874961,0.1650318646142953,0.19977939461310512,8,0.010275722350777285,0.29904989639317625,0.013463150465893034,0.08836371217431073,0.06220826619932738,0.041557116148519625,0.0004202696683785325,7,147,0.03168629704720431,0.03593193800619606,False,False,False,0.00025090892962940226,COMPLETE
920,0.559367835521698,2025-04-04 00:56:27.449753,2025-04-04 00:56:34.792315,0 days 00:00:07.342562,0.12224857566592004,0.17552854229533918,8,0.016172853139820254,0.28972551858698936,0.01871511718086881,0.08576907036508948,0.05984113546599979,0.039038558388615446,0.00047266739921991485,9,144,0.034193185974522824,0.01945870101108957,True,False,False,0.00017945743591635886,COMPLETE
921,0.5607603549957275,2025-04-04 00:56:35.089345,2025-04-04 00:56:42.447494,0 days 00:00:07.358149,0.11362586933854593,0.16338624118282039,8,0.006621181468026724,0.2850984541768352,0.019208003473058406,0.08697369139299012,0.06265689213166509,0.03896721723738334,0.0005234483173308077,9,143,0.03506510663456955,0.01626594036932346,True,False,False,0.0003431486030587013,COMPLETE
922,0.5607603549957275,2025-04-04 00:56:42.747504,2025-04-04 00:56:50.092453,0 days 00:00:07.344949,0.11419770289358738,0.17820976865210308,8,0.006422042782976209,0.2868866704857709,0.020879446040894423,0.08641692969579932,0.06100171555486726,0.038617590945956105,0.0005456132554886487,9,144,0.035104915031911155,0.013731850689880592,True,False,False,0.00039788720142889286,COMPLETE
923,0.5606611609458924,2025-04-04 00:56:50.373723,2025-04-04 00:56:57.784020,0 days 00:00:07.410297,0.09423750602124968,0.1737041075446068,8,0.0067426518157601536,0.28800206133734346,0.02223154835883584,0.08926577043405722,0.06093266407537812,0.041127898608840516,0.000747008534797888,9,144,0.035850786866797595,0.015727299646016605,True,False,False,0.00046223014916453787,COMPLETE
924,0.5588988423347473,2025-04-04 00:56:58.081998,2025-04-04 00:57:05.376489,0 days 00:00:07.294491,0.094464451658363,0.17600903210778748,8,0.004924679339604692,0.28541645927858816,0.022504631001900897,0.09036354380004044,0.05913806671382246,0.04093638438897659,0.0007890254263154539,9,146,0.03601738357350438,0.014636317632704475,True,False,False,0.000519929652563692,COMPLETE
925,0.30502204298973085,2025-04-04 00:57:05.674206,2025-04-04 00:57:12.950071,0 days 00:00:07.275865,0.09381754259670522,0.17664741308700535,8,0.0007531650044937917,0.29099130196563744,0.02302877750532821,0.09250833898006705,0.05864599654751573,0.03993753818644586,0.0008428010530139587,9,147,0.03629500842588861,0.013962514443549979,True,False,False,0.0005272772333769156,COMPLETE
926,0.5600281238555909,2025-04-04 00:57:13.253544,2025-04-04 00:57:20.614593,0 days 00:00:07.361049,0.06918668074184967,0.1646168501783235,8,0.005356696088719783,0.2891435107444702,0.021574786929019846,0.09022312328233759,0.05938331915765913,0.04194209872993598,0.0007325325057791795,9,147,0.03669430708015881,0.0015965301541627317,True,False,False,0.00043626283218960605,COMPLETE
927,0.556342601776123,2025-04-04 00:57:20.902032,2025-04-04 00:57:28.205464,0 days 00:00:07.303432,0.06212541589653061,0.16690486167832208,8,0.005432821960869369,0.2878531390038454,0.022893037330646255,0.09122405407202697,0.059888468007667575,0.04412182692075187,0.0009880301318849062,9,147,0.03789135501024517,0.002900504832240882,True,False,False,0.00034965131019038583,COMPLETE
928,0.5568228006362915,2025-04-04 00:57:28.507701,2025-04-04 00:57:35.869228,0 days 00:00:07.361527,0.07704725302547219,0.18118025747044084,8,0.005779898643011379,0.29055312389256677,0.021583405534445068,0.09506158940844932,0.05961471646020029,0.04163109541429662,0.0008042940651109809,9,147,0.03693025474048237,0.00786040168754654,True,False,False,0.0007009398237124505,COMPLETE
929,0.507140064239502,2025-04-04 00:57:36.167247,2025-04-04 00:57:43.448388,0 days 00:00:07.281141,0.08783079525378815,0.1624706641868881,8,0.006162339720574426,0.2876564151459182,0.024288214746886153,0.08975717907369504,0.05880113476188335,0.039266527999465846,0.0011511744896810362,9,89,0.03606853837431665,0.0024452803199758125,True,False,False,0.0006593519618366701,COMPLETE
930,0.29631375670433047,2025-04-04 00:57:43.752632,2025-04-04 00:57:50.840753,0 days 00:00:07.088121,0.10900067623558031,0.20059284357807977,8,0.0004168054409452015,0.29303141430247137,0.021654644358896653,0.09053922816721542,0.05769469718796202,0.043305529420433954,0.000707126032729834,8,148,0.061647232456324016,0.0010745912297301097,True,False,False,0.00046353594685371777,COMPLETE
931,0.5606611609458924,2025-04-04 00:57:51.125420,2025-04-04 00:57:58.478580,0 days 00:00:07.353160,0.08566209518563198,0.15735739156671416,8,0.009580913845190735,0.2875760857046775,0.022390751380793907,0.08820057447591295,0.05888960320733089,0.04030898169673414,0.0006483797265455165,9,145,0.03585737180330416,0.00907593406866112,True,False,False,0.0003953720690525165,COMPLETE
932,0.29631375670433047,2025-04-04 00:57:58.779274,2025-04-04 00:58:05.601399,0 days 00:00:06.822125,0.06162258900506218,0.15178541596618428,8,0.009432864875330542,0.28552167825251246,0.022700713217251534,0.08936596681376625,0.05668850299988876,0.041445510709938134,0.0005513541860159427,9,145,0.03621881288756949,0.009565527234371572,True,True,False,0.0004272740924415499,COMPLETE
933,0.29631375670433047,2025-04-04 00:58:05.901165,2025-04-04 00:58:13.145159,0 days 00:00:07.243994,0.07653328543682633,0.18695456468364602,8,0.00047253245399980163,0.29330886424322955,0.0211203782510102,0.09243420546836606,0.05747570919045934,0.03865456483443839,0.0006829131612578378,9,147,0.038602377838053696,0.013643326257562803,True,False,False,0.0003350715668503582,COMPLETE
934,0.561396872997284,2025-04-04 00:58:13.448698,2025-04-04 00:58:20.606520,0 days 00:00:07.157822,0.09700470913602814,0.16072680972337788,8,0.007622291867396946,0.29999076206098946,0.02427064675159817,0.08805282657152272,0.05996252465141187,0.03999199115679188,0.0007282678432253479,8,150,0.03602526751878058,0.009622022306942049,True,False,False,0.00037795769818385367,COMPLETE
935,0.3391567885875702,2025-04-04 00:58:20.909758,2025-04-04 00:58:27.653490,0 days 00:00:06.743732,0.054935700559285885,0.17296650992067106,8,0.0102602139528209,0.2993135556389479,0.02499426326516935,0.08781875343286333,0.05974873235168935,0.040567180224050835,0.0009421155891077035,8,147,0.03529594722266601,0.007981520032614273,True,False,True,0.0003937195146475796,COMPLETE
936,0.561394202709198,2025-04-04 00:58:27.943214,2025-04-04 00:58:34.883282,0 days 00:00:06.940068,0.0872039983076275,0.1618873048768939,8,0.009015354826119195,0.2909813411354191,0.024242880027921285,0.09094919958081117,0.06043889903711825,0.03781065064904122,0.0005992225543449723,7,144,0.035191092160355056,0.014766990913221397,True,False,False,0.0005717596289880011,COMPLETE
937,0.5572844862937928,2025-04-04 00:58:35.182515,2025-04-04 00:58:42.153018,0 days 00:00:06.970503,0.07573040601709241,0.15992048246471308,8,0.010858267417081454,0.29372113563707875,0.023990710238285393,0.09177510465099661,0.06001337950423344,0.037961323694104425,0.0006007728595779574,7,144,0.038314086244099106,0.008301250447310353,True,False,False,0.0005942631693968321,COMPLETE
938,0.47785052061080935,2025-04-04 00:58:42.458637,2025-04-04 00:58:49.536885,0 days 00:00:07.078248,0.05093004834676105,0.19347027920743948,8,0.23466771307340112,0.2907678620500497,0.02559917617901492,0.09390471850600951,0.058312267099859566,0.03991374934047223,0.0007992521384077671,7,145,0.03547358766728768,0.014667830583238246,True,False,False,0.0003055717291596451,COMPLETE
939,0.5560250520706177,2025-04-04 00:58:49.842550,2025-04-04 00:58:56.981615,0 days 00:00:07.139065,0.09119661749578208,0.17652100314371855,8,0.010442096805702237,0.2942391351428772,0.023724219391036486,0.09118190257660547,0.060505451788451875,0.03587650090629356,0.000701090557042626,8,144,0.03721725831225151,0.007235505428312972,True,False,False,0.0005991791125605934,COMPLETE
940,0.29631375670433047,2025-04-04 00:58:57.272895,2025-04-04 00:59:04.200330,0 days 00:00:06.927435,0.0776420732753361,0.15585727531589627,8,0.0001934588328518054,0.2878946488600035,0.022208014532295605,0.08929534374046236,0.05659370257689493,0.043093137461284466,0.0005328863483518683,8,144,0.03526488793181165,0.01322560705940895,False,False,False,0.00040704272565980686,COMPLETE
941,0.5569809079170227,2025-04-04 00:59:04.505554,2025-04-04 00:59:11.793185,0 days 00:00:07.287631,0.06439027780756727,0.20975509614588017,8,0.011075354010641587,0.2983552295002479,0.02517344294681595,0.08842153483735757,0.05998174764478275,0.037852244474073544,0.0006582673565074564,9,143,0.0383060345160854,0.016088859966821033,True,False,False,0.000732780456670612,COMPLETE
942,0.5580836772918701,2025-04-04 00:59:12.100626,2025-04-04 00:59:19.096143,0 days 00:00:06.995517,0.09513504129475839,0.18609147886466867,8,0.0076209000514150735,0.2848304255427403,0.02357315948378365,0.08991304322181717,0.06162089262613033,0.040317104876725726,0.0009095744066090523,7,143,0.03551318082410132,0.006954901561975694,True,False,False,0.000508214010431614,COMPLETE
943,0.29631375670433047,2025-04-04 00:59:19.400576,2025-04-04 00:59:26.486792,0 days 00:00:07.086216,0.10537080713303437,0.1499252784789139,8,0.00010744726915746204,0.2993166081643183,0.02236471654133885,0.08777949676873349,0.06143940530112534,0.041384128868996964,0.0005526174868987049,8,147,0.037241072164547105,0.00157695992968114,True,False,False,0.0008294311975143707,COMPLETE
944,0.5543865203857422,2025-04-04 00:59:26.796351,2025-04-04 00:59:34.187472,0 days 00:00:07.391121,0.08473801279051578,0.1708881485255445,8,0.014411915967041743,0.2863467975708743,0.02592315596236196,0.09161877073732283,0.05804411800572102,0.03521341848318683,0.0007570855022244847,9,145,0.03938956868110935,0.016437568512065917,True,False,False,0.00031298130540263313,COMPLETE
945,0.550459909439087,2025-04-04 00:59:34.478070,2025-04-04 00:59:41.638684,0 days 00:00:07.160614,0.11727404987101439,0.13133459358895927,8,0.006528903661420606,0.2920891033915706,0.021754376888630935,0.09455562407691706,0.06233734159318969,0.03812795229700891,0.0011324720164890573,8,144,0.035251742622326686,0.011769895010826193,True,False,False,0.0009509140920487135,COMPLETE
946,0.5607603549957275,2025-04-04 00:59:41.943360,2025-04-04 00:59:49.299032,0 days 00:00:07.355672,0.062081594522594805,0.15558115378256526,8,0.010447404901757298,0.28561203806649055,0.02116014789740649,0.08691533177504733,0.054393177558207134,0.04308944845334515,0.0004920057818447592,9,148,0.034717205195360167,0.0014340140593823957,True,False,False,0.00036298821598579177,COMPLETE
947,0.5572746872901917,2025-04-04 00:59:49.604221,2025-04-04 00:59:56.436785,0 days 00:00:06.832564,0.05260734649409804,0.20035941465737378,8,0.007140919154712251,0.2846699115376364,0.02416555744055376,0.08725722197494538,0.05564952612921135,0.04365421915876353,0.0004991674219243555,6,143,0.0344592808040124,0.0057213440779066375,True,False,False,0.0004233988390234018,COMPLETE
948,0.561396872997284,2025-04-04 00:59:56.746144,2025-04-04 01:00:03.630866,0 days 00:00:06.884722,0.06672230316299144,0.1708879139584518,8,0.005496330122098189,0.2906348835582663,0.022203664229613104,0.0867723559674622,0.05794517988211325,0.0411281188795358,0.0006664528123099824,6,147,0.03452502390857234,0.008298439168000637,True,False,False,0.00026121332347510943,COMPLETE
949,0.5561893820762634,2025-04-04 01:00:03.924961,2025-04-04 01:00:10.938758,0 days 00:00:07.013797,0.06268366078073584,0.16928440278795368,8,0.011434620385412398,0.2952664325979847,0.024080828751799257,0.08689621956115451,0.05613761790601321,0.04116271506389125,0.0007473835554527681,7,146,0.03478600696273562,0.002022744560314955,True,False,False,0.0002671976958538132,COMPLETE
950,0.561396872997284,2025-04-04 01:00:11.245308,2025-04-04 01:00:18.047020,0 days 00:00:06.801712,0.06440284487826022,0.19337411509051625,8,0.016300239716154016,0.2830723470016102,0.026678498626321448,0.09038479540419782,0.0575085167679238,0.043061739036653876,0.0006269628443248038,6,147,0.03637432095159404,0.0016682338569372762,True,False,False,0.000381269524973385,COMPLETE
951,0.5620315194129945,2025-04-04 01:00:18.352507,2025-04-04 01:00:25.159315,0 days 00:00:06.806808,0.05000752233146352,0.21144778639958436,8,0.006078058871845379,0.289515191449006,0.02647668552537042,0.0902870236319829,0.05396541570657909,0.0444957870174544,0.0006136361929870327,6,147,0.03510271712658321,0.0011425526564159986,True,False,False,0.0003723437302084638,COMPLETE
