number,value,datetime_start,datetime_complete,duration,params_alpha-eval,params_alpha-train,params_batch-size,params_eps-eval,params_eps-train,params_lambda-actions-eval,params_lambda-actions-train,params_lambda-frames-eval,params_lambda-frames-train,params_learning-rate,params_n-epochs,params_n-frames,params_radius-gw,params_rho,params_std-feats,params_ub-actions,params_ub-frames,params_weight-decay,state
672,0.3735679864883423,2025-04-04 00:03:03.646337,2025-04-04 00:03:18.389614,0 days 00:00:14.743277,0.4752105519198321,0.41958300541807,2,0.03715438671270679,0.22831761588791555,0.013468010202110638,0.03377834935619612,0.07574681980504265,0.08581534125617009,0.0026582032787986123,13,142,0.03511566625583385,0.1794480094953686,True,False,False,7.341390657775879e-06,COMPLETE
673,0.410640561580658,2025-04-04 00:03:18.598118,2025-04-04 00:03:25.794702,0 days 00:00:07.196584,0.5273094671812808,0.38336058548476537,16,0.026546063700505787,0.25372924896358606,0.01816663091725252,0.045202737568482726,0.0682578029236097,0.08220538790891754,7.378803725983368e-05,14,148,0.07830438260970352,0.05287722389509463,True,False,False,2.326884885582434e-05,COMPLETE
674,0.39561749100685123,2025-04-04 00:03:26.013073,2025-04-04 00:03:43.183256,0 days 00:00:17.170183,0.4970850144079732,0.011425571452051475,2,0.010723260431514389,0.24802251210193776,0.005873888057906295,0.03723905369709846,0.07857472214851154,0.09149650102915058,0.00011814953223489309,17,138,0.03315782814819379,0.15627073934891217,True,False,False,1.0536110841582859e-05,COMPLETE
675,0.5490093946456909,2025-04-04 00:03:43.393572,2025-04-04 00:03:59.168298,0 days 00:00:15.774726,0.5698227600776926,0.46502093381593634,2,0.019285149036028456,0.21897260607981167,0.02079161762873321,0.041657972763754124,0.07361938823676382,0.08440644214889748,0.00014185849373443343,15,144,0.0297368443141972,0.08386170135735542,True,False,False,2.7707553906416746e-07,COMPLETE
676,0.29631375670433047,2025-04-04 00:03:59.391344,2025-04-04 00:04:13.911364,0 days 00:00:14.520020,0.03162972713263109,0.40247300047908086,2,0.02354007651728137,0.2619088320255092,0.014707371623829454,0.04336024449952955,0.0706925329399212,0.08086789518367567,9.958108855999368e-05,16,140,0.040066470062270036,0.1689933607454231,True,True,False,2.0157971064472218e-05,COMPLETE
677,0.5536065578460694,2025-04-04 00:04:14.122509,2025-04-04 00:04:29.341409,0 days 00:00:15.218900,0.457934818132027,0.4856779782246941,2,0.03203294141822042,0.23861551696523428,0.02436947117555222,0.03974658454983312,0.07703256122883811,0.07893455037344572,6.563306374284875e-05,14,135,0.031813567906037836,0.17623091459674298,True,False,False,1.4131063294022708e-05,COMPLETE
678,0.5476812243461608,2025-04-04 00:04:29.562822,2025-04-04 00:04:44.107351,0 days 00:00:14.544529,0.1151969118754235,0.16712730389340502,2,0.005296203005928976,0.24468409940310942,0.011948365811880012,0.040971289911789,0.06604894466931718,0.08863163893807788,8.35670008966643e-05,13,145,0.03713696907022679,0.18675834525450885,True,False,False,8.821719204531212e-06,COMPLETE
679,0.3886422514915467,2025-04-04 00:04:44.334215,2025-04-04 00:04:56.801627,0 days 00:00:12.467412,0.4753547098696396,0.4425428330382554,2,0.015028294152321419,0.22792424632074706,0.010158213236893752,0.03574220097299033,0.08188453385766402,0.08590659190764362,0.00011374632756370007,12,131,0.03436950811317569,0.16084821366944757,True,False,True,1.6762002231188436e-05,COMPLETE
680,0.5454775214195252,2025-04-04 00:04:57.011942,2025-04-04 00:05:14.045621,0 days 00:00:17.033679,0.5173706194339115,0.8938161442552681,2,0.024550026912060846,0.25325611413226423,0.00272207719891971,0.04529123815586663,0.07264338463034947,0.08319582993281532,0.00018324536820061308,17,141,0.03261629795087253,0.1714921141645874,True,False,False,1.469573879282252e-07,COMPLETE
681,0.5559936881065369,2025-04-04 00:05:14.270631,2025-04-04 00:05:30.145618,0 days 00:00:15.874987,0.4387843702976602,0.41695753548670067,2,0.01926088840693688,0.2334477728821897,0.00793187185454108,0.037901119075562845,0.07484112261425488,0.09380295095599395,8.47831794723738e-05,15,150,0.036453576321568155,0.17936638705855742,True,False,False,3.1302083328960214e-05,COMPLETE
682,0.5570312857627868,2025-04-04 00:05:30.359588,2025-04-04 00:05:44.818726,0 days 00:00:14.459138,0.07712629290374572,0.46301761878067155,2,0.029875206428452827,0.24312372021522757,0.01880139724044412,0.07032030146198358,0.08004712416676853,0.03755073657712356,0.00014516383365705403,13,137,0.027730146648730976,0.19229157661136717,True,False,False,2.4504510228546185e-05,COMPLETE
683,0.556162703037262,2025-04-04 00:05:45.044544,2025-04-04 00:06:00.158046,0 days 00:00:15.113502,0.5453546528945725,0.4326384370501727,2,0.010060408634894373,0.25635652594723346,0.015791745338142926,0.043063339920477166,0.036933837029090616,0.09017745553128048,9.688279362056145e-05,14,142,0.030526966931089958,0.151499967709699,True,False,False,1.1690498470372965e-05,COMPLETE
684,0.3727699398994446,2025-04-04 00:06:00.372607,2025-04-04 00:06:16.710948,0 days 00:00:16.338341,0.4990708404252624,0.4513654439184696,2,0.035246513793800616,0.033074332795390876,0.012680781208926382,0.04753359039187123,0.07784215900959833,0.08700574500654111,0.0001235831888104452,16,138,0.03439746836809894,0.16601631102475795,False,False,False,1.88623647602459e-05,COMPLETE
685,0.5443358898162842,2025-04-04 00:06:16.940177,2025-04-04 00:06:32.854209,0 days 00:00:15.914032,0.46777700706709074,0.492475200014141,2,0.015124455843043904,0.23804255549222264,0.005530739324614765,0.04108020013097134,0.08369300939156704,0.0839411042330748,6.575832688656463e-05,15,146,0.03841654093842814,0.1847755630155194,True,False,False,1.4778680915813996e-05,COMPLETE
686,0.5010035991668701,2025-04-04 00:06:33.071114,2025-04-04 00:06:47.053775,0 days 00:00:13.982661,0.4858738248669613,0.4009826449068636,2,0.11982096668744954,0.24889467134873813,0.01713415151648237,0.032793200480288706,0.06894061307187081,0.08600663704870977,0.00010798744598243625,12,133,0.0320358970537737,0.17426607735773986,True,False,False,5.986985003928324e-05,COMPLETE
687,0.5536706924438477,2025-04-04 00:06:47.278702,2025-04-04 00:07:02.570970,0 days 00:00:15.292268,0.05933853950084586,0.6737499767035886,2,0.022793597694698003,0.22486365377265166,0.01403727079952946,0.03865948457839182,0.07581880327503449,0.07965874727812018,8.316586900545617e-05,14,143,0.03540127071508522,0.16491531495582573,True,False,False,3.419854849062468e-05,COMPLETE
688,0.5502965092658997,2025-04-04 00:07:02.800900,2025-04-04 00:07:17.501693,0 days 00:00:14.700793,0.5122862084606231,0.46924212802608956,2,0.028373280126961123,0.23470251222199098,0.009844562115975791,0.04364482717489469,0.0715996195556255,0.08841420411263658,0.0001352238519973209,13,140,0.03010401162999136,0.17784452637755835,True,False,False,2.335708020310699e-05,COMPLETE
689,0.5547045230865478,2025-04-04 00:07:17.717914,2025-04-04 00:07:32.912484,0 days 00:00:15.194570,0.44628840666011826,0.42052449988893603,2,0.006771829069664722,0.2628866575966675,0.003444258588748946,0.0365606009111273,0.07984701937339665,0.0766495862361756,0.00010154187603021805,14,148,0.033819411789501104,0.16984306594545073,True,False,False,8.978108606712251e-06,COMPLETE
690,0.5570312857627868,2025-04-04 00:07:33.141203,2025-04-04 00:07:41.789958,0 days 00:00:08.648755,0.02797739262207416,0.4396541340711166,8,0.018746744873513105,0.21179701512902976,0.019320917634174234,0.039860422520690574,0.07375969486437986,0.08275426022758872,0.00016294026582300028,16,137,0.037013722379476276,0.14102756529218305,True,False,False,6.613705770288098e-06,COMPLETE
691,0.5523894786834718,2025-04-04 00:07:42.002131,2025-04-04 00:07:57.888865,0 days 00:00:15.886734,0.42717661156185144,0.3800418307986083,2,0.014187069391642701,0.24537056337193064,0.011670479540721071,0.0423431769565078,0.07666479067696445,0.09139590851090854,6.902442514205797e-05,15,144,0.027895362626222216,0.15834412852848426,True,False,False,4.162771390902147e-07,COMPLETE
692,0.5313138246536255,2025-04-04 00:07:58.117084,2025-04-04 00:08:10.149470,0 days 00:00:12.032386,0.46189151628793435,0.4522446007052701,2,0.042058411136496714,0.23979412621637303,0.0011390441236412056,0.04557755397851284,0.08629927219671289,0.05788521836470063,7.944962206016212e-05,9,140,0.039557687059919806,0.19320630641443085,True,False,False,2.7417512649428454e-05,COMPLETE
693,0.5290329456329346,2025-04-04 00:08:10.364655,2025-04-04 00:08:24.845255,0 days 00:00:14.480600,0.4857933729802328,0.484043230986499,2,0.02427391678691898,0.2518641446145016,0.008073856177285732,0.03472833820991734,0.08223691441721132,0.08129476499474757,0.00035548045291993894,13,135,0.04367610335345444,0.1852427205957606,True,False,False,4.203719830374975e-05,COMPLETE
694,0.4407022714614869,2025-04-04 00:08:25.070937,2025-04-04 00:08:32.699035,0 days 00:00:07.628098,0.5245241088791226,0.4225405342324675,16,0.031006942240433016,0.23045638067739488,0.0156951374087573,0.049456502504049135,0.07160488029437528,0.08528165265577722,0.00011945164604513733,17,145,0.026014604300588863,0.17174164172156603,True,False,False,1.6907537749469224e-05,COMPLETE
695,0.5517925262451172,2025-04-04 00:08:32.914282,2025-04-04 00:08:48.631002,0 days 00:00:15.716720,0.5014205236382371,0.46687021146131685,2,0.01046817833395436,0.1784425499043627,0.013342174057168144,0.04027485392843962,0.07496363239806844,0.08813540648636083,0.00021381822150488077,15,142,0.03210743407618603,0.18043023342186804,True,False,False,1.2558996392920394e-05,COMPLETE
696,0.29631375670433047,2025-04-04 00:08:48.856844,2025-04-04 00:09:00.709047,0 days 00:00:11.852203,0.6819637143236915,0.40372283379507407,2,0.01997338551236601,0.2580655231644664,0.018236679568542066,0.03800937775522503,0.07873787994972527,0.086182762325841,9.360316545537945e-05,11,139,0.03462216927726629,0.15431315776201704,True,True,False,2.0670676255346955e-05,COMPLETE
697,0.5548527836799622,2025-04-04 00:09:00.942779,2025-04-04 00:09:17.534972,0 days 00:00:16.592193,0.47433196558486634,0.4457420941888252,2,0.03494132191620854,0.24797457975585988,0.021439793605311522,0.04195037511150434,0.07360969844994801,0.08412912789877873,6.141048439850014e-05,16,148,0.02992731604614489,0.1640666623198789,True,False,False,9.958624390383813e-06,COMPLETE
698,0.40972310900688175,2025-04-04 00:09:17.752852,2025-04-04 00:09:31.285066,0 days 00:00:13.532214,0.41554236401023165,0.8581941325657463,2,0.023522091058603267,0.2230240985408805,0.0061497173743746535,0.04436869973711409,0.06800730445169502,0.08977203674203772,0.00012921198086041807,14,137,0.03327798289153236,0.17704032022277413,True,False,True,1.4922330698831279e-05,COMPLETE
699,0.5515828251838685,2025-04-04 00:09:31.518470,2025-04-04 00:09:45.504534,0 days 00:00:13.986064,0.542315703970038,0.4317065424459583,2,0.0049236885071490336,0.2351175093050165,0.00416884097400954,0.047083451449946405,0.08080589343203731,0.08161022484402243,0.00010489865095443327,12,143,0.03594330529555612,0.19106024503227068,True,False,False,2.7520322258800415e-05,COMPLETE
700,0.29631375670433047,2025-04-04 00:09:45.724327,2025-04-04 00:10:00.182473,0 days 00:00:14.458146,0.011760373391720888,0.4985206480788119,2,0.014535488505031282,0.007606178163735565,0.024939658913049608,0.03651151466738414,0.08383900658434988,0.09753347945893213,0.0001578619205383482,13,133,0.031315876906685296,0.14498809168273236,True,False,False,2.107758726663736e-05,COMPLETE
701,0.5463016271591187,2025-04-04 00:10:00.412915,2025-04-04 00:10:16.163045,0 days 00:00:15.750130,0.4515647038929731,0.47012197893015095,2,0.02752215276427941,0.24243267546967323,0.016640269298462892,0.03967734098921506,0.07764699652776941,0.08758680630704667,8.221891563121976e-05,15,140,0.037668365319933096,0.16877276153216006,True,False,False,6.857967561070802e-06,COMPLETE
702,0.5570312857627868,2025-04-04 00:10:16.381956,2025-04-04 00:10:31.596301,0 days 00:00:15.214345,0.5108877251420427,0.41401563717871803,2,0.019288891141864762,0.2557598402664979,0.010878879682422269,0.04191651346511658,0.07101573121287873,0.08347215982651844,0.0001059558724736074,14,146,0.033638394215483515,0.16193519700203193,True,False,False,1.1976279675139493e-05,COMPLETE
703,0.5404176712036133,2025-04-04 00:10:31.826464,2025-04-04 00:10:46.252148,0 days 00:00:14.425684,0.4828379766016242,0.4498741972707686,2,0.05463953182178832,0.25077608804709683,0.014110856080141211,0.03901033504599422,0.07523930767315742,0.07929458452256706,0.00013201283571804268,13,136,0.02886901725206306,0.18419266208338267,True,False,False,3.4190001646599343e-05,COMPLETE
704,0.5498807191848755,2025-04-04 00:10:46.488998,2025-04-04 00:11:03.028468,0 days 00:00:16.539470,0.14991834818155186,0.3802621024546972,2,0.012233161757659627,0.13260782493179363,0.022476144453284292,0.044375118877606125,0.07281125659147931,0.07498686297976219,7.590473815820094e-05,16,150,0.041219239994862565,0.17371931517657438,True,False,False,1.7111343401452764e-05,COMPLETE
705,0.3699236571788788,2025-04-04 00:11:03.248297,2025-04-04 00:11:20.312106,0 days 00:00:17.063809,0.052321163706723794,0.4344349694254728,2,0.025785087574487324,0.262106026184871,0.06026451305701045,0.03778377850331974,0.07927210318413118,0.08539801691898323,9.29283226007794e-05,17,142,0.03554617921058385,0.14966909706654416,False,False,False,4.899796937227157e-05,COMPLETE
706,0.5490839242935182,2025-04-04 00:11:20.546541,2025-04-04 00:11:35.738544,0 days 00:00:15.192003,0.4602789830426305,0.4852385395327796,2,0.03444178751564733,0.2366709521320849,0.008624822657176205,0.034908821426734384,0.06606032186046254,0.09295167187972644,0.000115432802280155,14,145,0.03128814605642811,0.18781928769444112,True,False,False,8.316921657876205e-06,COMPLETE
707,0.5465336441993713,2025-04-04 00:11:35.957231,2025-04-04 00:11:51.753389,0 days 00:00:15.796158,0.4325457706294656,0.3984376787420039,2,0.019492094998622252,0.2271011871772148,0.012479345648054346,0.04152647455198229,0.06966850982411082,0.08998154734359243,0.00015052519469946915,15,139,0.03330280870974231,0.16804102926331807,True,False,False,2.2739835007734615e-05,COMPLETE
708,0.5368934631347657,2025-04-04 00:11:51.987620,2025-04-04 00:12:05.830399,0 days 00:00:13.842779,0.49509152130715933,0.12907516270139205,2,0.009813711905516359,0.24362352086005418,0.015802459643283015,0.046480688107141614,0.07747962399131392,0.08230764856371926,7.330404440076197e-05,12,130,0.03778898657535588,0.15632118129386355,True,False,False,1.4948724804568594e-05,COMPLETE
709,0.5182521104812622,2025-04-04 00:12:06.050254,2025-04-04 00:12:20.704162,0 days 00:00:14.653908,0.5311334870830074,0.45776300144424575,2,0.04000866213091326,0.23095014466248273,0.010232104000130643,0.04338590377188908,0.08794493050883724,0.08742769482251277,5.691271236062721e-05,13,113,0.026370239984186486,0.17840175313460263,True,False,False,1.1350675303245433e-05,COMPLETE
710,0.5506320476531983,2025-04-04 00:12:20.933080,2025-04-04 00:12:29.343233,0 days 00:00:08.410153,0.4758542686835297,0.417392068373,8,0.028011771292427472,0.2519732756760172,0.020283953594142475,0.03976114625483877,0.08217468717068449,0.07833414602747464,0.0001798688692407324,15,142,0.03506148793105748,0.06673401306375035,True,False,False,2.9646810211919396e-05,COMPLETE
711,0.555744731426239,2025-04-04 00:12:29.575529,2025-04-04 00:12:44.821047,0 days 00:00:15.245518,0.09516089524752308,0.5001456981001754,2,0.016015737641735625,0.2177668305711561,0.017251792869245785,0.06252422624579956,0.0850785035938006,0.08393642395113006,9.837913262692405e-05,14,137,0.029808199443299207,0.1609207793697266,True,False,False,1.784996975930684e-05,COMPLETE
712,0.5570312857627868,2025-04-04 00:12:45.042689,2025-04-04 00:13:01.520002,0 days 00:00:16.477313,0.446906001193128,0.4671083267693308,2,0.022029889775195127,0.24187607663472707,0.014404849827481463,0.0365077564550689,0.07570612382536214,0.08859618936815959,0.00012591694062867373,16,147,0.032158579592410856,0.09135537421401493,True,False,False,3.907441612382203e-05,COMPLETE
713,0.5394945740699768,2025-04-04 00:13:01.755606,2025-04-04 00:13:16.208720,0 days 00:00:14.453114,0.5596905462760735,0.4336096825525693,2,0.006664358705557519,0.25694738797293715,0.003248667721547265,0.0328087748522968,0.07229810361023215,0.08613333942758788,8.996200814924776e-05,13,107,0.03932828617304727,0.17259956591989517,True,False,False,2.5252671642548247e-05,COMPLETE
714,0.29631375670433047,2025-04-04 00:13:16.431013,2025-04-04 00:13:29.984073,0 days 00:00:13.553060,0.03517092923393485,0.4523832760618098,2,0.030795620780450977,0.24618093497888,0.006101627705435018,0.04866453280274255,0.06863845649764912,0.07985831113477072,0.00011144701767906996,14,144,0.03661871601708927,0.13537713726500977,True,True,False,1.2881896322059166e-05,COMPLETE
715,0.5549621224403382,2025-04-04 00:13:30.218753,2025-04-04 00:13:45.957042,0 days 00:00:15.738289,0.5117483436284356,0.48156378594017396,2,0.015523707171120223,0.13998909508228086,0.01892983811923266,0.04128001066349318,0.08055031555425105,0.03312217797552895,7.475682555268436e-05,15,135,0.03372486546562933,0.19289629576158887,True,False,False,1.9011952561765528e-05,COMPLETE
716,0.5415612101554871,2025-04-04 00:13:46.178036,2025-04-04 00:13:53.205303,0 days 00:00:07.027267,0.46422896678790837,0.39953077009697946,16,0.024499140217658373,0.23743544203522116,0.011910601386561293,0.03858424472362138,0.07378879635536614,0.08113874728522805,0.0002469397223085562,12,117,0.02970507154248157,0.18494991104154537,True,False,False,7.781534331424619e-06,COMPLETE
717,0.3686368763446808,2025-04-04 00:13:53.436144,2025-04-04 00:14:08.130537,0 days 00:00:14.694393,0.010685661166885902,0.42615406120012833,2,0.002711462086244752,0.2047934569233177,0.008458847808636804,0.043455587711374415,0.07623594037036982,0.0909491441766809,0.00013590483222960473,16,139,0.027622371616722374,0.29975540635454656,True,False,True,1.0251996382545924e-05,COMPLETE
718,0.5503182411193848,2025-04-04 00:14:08.367345,2025-04-04 00:14:23.016825,0 days 00:00:14.649480,0.48624126666597983,0.5095083949772335,2,0.036064472100747334,0.26076455857184144,0.02675758429558353,0.040515797048187425,0.07779270106301645,0.0955098227152269,8.934780550014374e-05,13,142,0.03139781834516456,0.1648294240471421,True,False,False,2.160508582032649e-05,COMPLETE
719,0.4279009878635407,2025-04-04 00:14:23.239074,2025-04-04 00:14:38.276644,0 days 00:00:15.037570,0.42583358840971447,0.43942869134879603,2,0.01915541441284683,0.2324287192201168,0.015029303692642255,0.04547507904594385,0.07028286918313069,0.08532366816735054,5.844522488026354e-05,14,49,0.03575351825034944,0.04158391388777068,True,False,False,1.5361733456727825e-05,COMPLETE
720,0.5459604740142823,2025-04-04 00:14:38.514412,2025-04-04 00:14:55.607768,0 days 00:00:17.093356,0.4949963144000239,0.4663645950261714,2,0.04563552146592051,0.2488536745431119,0.013005729048579167,0.03761111261515678,0.08383246058901825,0.08293761457446897,0.00011050141010790519,17,133,0.03358919086909394,0.1253585914760318,True,False,False,3.117832197664194e-05,COMPLETE
721,0.5388267636299133,2025-04-04 00:14:55.833541,2025-04-04 00:15:05.372575,0 days 00:00:09.539034,0.5070155517880143,0.4223269802607991,2,0.010048154502355203,0.22593836189641409,0.004445648112054704,0.0422452524830504,0.07955828675926695,0.08802208835633116,0.00016218060215736506,5,140,0.038144068765532786,0.1783166974289129,True,False,False,2.3614531884723864e-05,COMPLETE
722,0.3725817322731019,2025-04-04 00:15:05.607163,2025-04-04 00:15:21.404271,0 days 00:00:15.797108,0.5355770652020597,0.4516562576973567,2,0.028910023481623436,0.23957448363204326,0.01004076453760425,0.034102065371118886,0.07446855213923621,0.07669777843551578,8.888639939165487e-05,15,146,0.03191881330344617,0.17024014218162892,False,False,False,1.273282502785237e-05,COMPLETE
723,0.5549188613891601,2025-04-04 00:15:21.629422,2025-04-04 00:15:36.235097,0 days 00:00:14.605675,0.4519489479446064,0.38863526590832337,2,0.015054209981255413,0.2539407228356246,0.01775497530756284,0.039688378916898186,0.07240054265330927,0.08443064639075941,7.378171410289016e-05,13,137,0.03476179693407874,0.17528903029962264,True,False,False,9.30667407454276e-06,COMPLETE
724,0.48141552209854127,2025-04-04 00:15:36.471510,2025-04-04 00:15:51.695082,0 days 00:00:15.223572,0.46964214052846587,0.48325981816002095,2,0.19666400120274263,0.26350020030718274,0.021818533081710837,0.04708916445438205,0.07624840944797583,0.09228872850697589,0.00012602240159110542,14,144,0.029191139590658863,0.1955187277214173,True,False,False,1.606305047196389e-05,COMPLETE
725,0.5558291554450989,2025-04-04 00:15:51.933747,2025-04-04 00:16:08.345250,0 days 00:00:16.411503,0.08353255840493623,0.40633845393612483,2,0.0230224030357803,0.2207392453016711,0.00101682834688784,0.0358416301669868,0.08171845997655733,0.086028923222392,0.00010072981992662623,16,150,0.03684648308644259,0.15978867042894038,True,False,False,6.514229937198242e-06,COMPLETE
726,0.5030228853225708,2025-04-04 00:16:08.573906,2025-04-04 00:16:22.589745,0 days 00:00:14.015839,0.40905102281620587,0.44385948752935545,2,0.09785190539204264,0.2460268883121041,0.015672232928531187,0.043721692072390995,0.06757173796943691,0.0811726851465831,0.00014104463110250579,12,127,0.040445655649631936,0.09828394275363576,True,False,False,2.0146794691297885e-05,COMPLETE
727,0.553735864162445,2025-04-04 00:16:22.828119,2025-04-04 00:16:38.543935,0 days 00:00:15.715816,0.13145816654348963,0.4701390543314752,2,0.01987982152941465,0.23614426154470658,0.020011549264998603,0.04995263198342179,0.07864154272174402,0.08938054788761786,0.00019173827945640797,15,141,0.033055762553053654,0.18339565073703754,True,False,False,3.405811471328634e-05,COMPLETE
