number,value,datetime_start,datetime_complete,duration,params_alpha-eval,params_alpha-train,params_batch-size,params_eps-eval,params_eps-train,params_lambda-actions-eval,params_lambda-actions-train,params_lambda-frames-eval,params_lambda-frames-train,params_learning-rate,params_n-epochs,params_n-frames,params_radius-gw,params_rho,params_std-feats,params_ub-actions,params_ub-frames,params_weight-decay,state
392,0.353337699174881,2025-04-03 22:55:00.422392,2025-04-03 22:55:17.270976,0 days 00:00:16.848584,0.43253184742324685,0.4766598186659818,2,0.005385065234468582,0.24419967758254332,0.027555290813041092,0.048109646709718935,0.0889250648914478,0.07552634899174274,0.00017172021941863077,17,144,0.02857420081782792,0.20495590002564623,False,False,False,8.771971559837227e-06,COMPLETE
393,0.5563033819198608,2025-04-03 22:55:17.394474,2025-04-03 22:55:33.175995,0 days 00:00:15.781521,0.4408292684305675,0.4479888255975552,2,0.010371764025786502,0.22851041772081074,0.02982999272253935,0.042451638959977965,0.08625137052184298,0.09834548973607465,0.00012596448741006202,15,147,0.024216442473236156,0.19821866389991216,True,False,False,1.1592438874319558e-05,COMPLETE
394,0.4592153370380402,2025-04-03 22:55:33.298765,2025-04-03 22:55:48.688024,0 days 00:00:15.389259,0.4435966680593051,0.4566721933124805,2,0.24432700142865163,0.2245314078196482,0.029742654500503896,0.042049697225462056,0.08604787665588132,0.0781966902122621,0.00012493876648026544,14,148,0.02430771208928557,0.1951186377034698,True,False,False,9.827467914365653e-06,COMPLETE
395,0.29631375670433047,2025-04-03 22:55:48.812243,2025-04-03 22:55:57.026077,0 days 00:00:08.213834,0.41998656915972127,0.49033488202146974,8,0.0002128793150571011,0.22893667635200243,0.01744431774871137,0.039758407309288604,0.08695265120472341,0.09986047875326945,0.00016685796496927679,15,150,0.0257012665605679,0.20017276046553906,True,False,False,1.3134774453466158e-05,COMPLETE
396,0.5542248129844666,2025-04-03 22:55:57.158183,2025-04-03 22:56:12.931904,0 days 00:00:15.773721,0.48317367892562435,0.520659944583043,2,0.009740341480116231,0.23416788987357537,0.025328605281007163,0.04548862030765416,0.08298426586736206,0.08076578287742933,0.0001403498456371481,15,146,0.023378370886180513,0.1998978484054252,True,False,False,1.101386676090473e-05,COMPLETE
397,0.5558291554450989,2025-04-03 22:56:13.054870,2025-04-03 22:56:29.431388,0 days 00:00:16.376518,0.45369815094786003,0.4497510897157746,2,0.005734370971145401,0.2300858930514931,0.03040109536767535,0.042851398793026546,0.09339317820344918,0.0728861522124674,0.0001289246186052158,16,145,0.021106134352810904,0.18017029686957894,True,False,False,1.5128153772758212e-05,COMPLETE
398,0.5548909425735473,2025-04-03 22:56:29.555819,2025-04-03 22:56:44.623403,0 days 00:00:15.067584,0.45471362789199193,0.44915494084243424,2,0.007020629378974372,0.23251158406734765,0.03040229216764726,0.04289023931859205,0.09043079475442446,0.09719836759047387,0.0001289728076409225,14,147,0.02115016626151432,0.1818663117394348,True,False,False,1.446249064579904e-05,COMPLETE
399,0.29631375670433047,2025-04-03 22:56:44.759006,2025-04-03 22:57:01.631425,0 days 00:00:16.872419,0.43259043726420937,0.4611544653519763,2,0.00014149141545004122,0.2182989210473923,0.023209890210512733,0.04819808032888913,0.09544811224526253,0.0765604671156303,0.00011998945836427105,17,145,0.019797823500807825,0.18701969718398984,True,False,False,2.0621155481185074e-05,COMPLETE
400,0.5552609205245972,2025-04-03 22:57:01.756564,2025-04-03 22:57:18.281612,0 days 00:00:16.525048,0.5195141454166635,0.47846606202570285,2,0.012633090242753942,0.22618335153691163,0.027674933893893076,0.04701013619081494,0.0935006969724224,0.07247557081804674,0.00015666277457916438,16,148,0.027911870948114793,0.19311814904174415,True,False,False,1.6172086864617767e-05,COMPLETE
401,0.5552094101905823,2025-04-03 22:57:18.405734,2025-04-03 22:57:34.764911,0 days 00:00:16.359177,0.4768672989891476,0.443495612060435,2,0.005867457519615413,0.24114760086448284,0.031334197305322886,0.04456779896691947,0.0954253678197125,0.08804189735481548,0.00021903497087832498,16,144,0.022832346996761333,0.1983897629059102,True,False,False,1.0984269839623135e-05,COMPLETE
402,0.4494414746761322,2025-04-03 22:57:34.904113,2025-04-03 22:57:42.468612,0 days 00:00:07.564499,0.4148498715410058,0.4937924869069239,16,0.011625342043437611,0.23090177686474841,0.028991350285498336,0.04923511672056079,0.08765615452360544,0.06922164709382737,0.00010590789340316724,17,150,0.025380602107114,0.20585822167690496,True,False,False,7.861765893072352e-06,COMPLETE
403,0.555102550983429,2025-04-03 22:57:42.593617,2025-04-03 22:57:58.270082,0 days 00:00:15.676465,0.44788613111942344,0.5523466715110428,2,0.005994319795222637,0.22265701474857144,0.025964101117941996,0.05177920014585535,0.07494163658016566,0.09286229732633497,0.00015817349005002024,15,144,0.021083372542549668,0.1881965100637124,True,False,False,2.521879697201013e-05,COMPLETE
404,0.29631375670433047,2025-04-03 22:57:58.395604,2025-04-03 22:58:12.922682,0 days 00:00:14.527078,0.4184943925790939,0.4707486862677716,2,0.01743381540741101,0.2455751426277258,0.034361539859467105,0.04269179503578785,0.09973339323158453,0.07386317035986749,0.00012233207676670124,16,147,0.023902017115440204,0.20729519221736933,True,True,False,9.255468249821508e-06,COMPLETE
405,0.5518258690834046,2025-04-03 22:58:13.046816,2025-04-03 22:58:30.050858,0 days 00:00:17.004042,0.4562798665551566,0.5914835521078117,2,0.011673560633839588,0.23913780307970628,0.03136466871161766,0.05688515248805089,0.08078680350681736,0.08062269421698653,0.00010511255591194636,17,144,0.01976716689818577,0.18026947524538603,True,False,False,1.3698622628461572e-05,COMPLETE
406,0.5547066807746888,2025-04-03 22:58:30.189719,2025-04-03 22:58:45.367370,0 days 00:00:15.177651,0.4353857313964163,0.52006930482747,2,0.005258398334734857,0.25076712351151526,0.028905410582465308,0.03983528292220277,0.08545191441895607,0.09553313486487475,0.00018558904383704706,14,150,0.021602724561283718,0.19681721201410884,True,False,False,7.955043248180401e-06,COMPLETE
407,0.5525164008140564,2025-04-03 22:58:45.494024,2025-04-03 22:59:02.665900,0 days 00:00:17.171876,0.4757414918201579,0.45625414803291814,2,0.016186405094154255,0.24348596820151502,0.033263347502480896,0.04576798943655825,0.07038949558616948,0.07875219589666851,0.00014852890290560853,17,147,0.018749234348331086,0.20773294497355432,True,False,False,1.1577383959225496e-05,COMPLETE
408,0.37128718495368956,2025-04-03 22:59:02.793517,2025-04-03 22:59:17.210355,0 days 00:00:14.416838,0.4189786389268577,0.430814928548788,2,0.011378954358968683,0.23366436746488253,0.030657536728434104,0.04949895033627764,0.07326333190854753,0.08356240786345033,0.00012294101783420495,16,144,0.023458553527106983,0.2014964176045519,True,False,True,1.757253788353347e-05,COMPLETE
409,0.5561941623687744,2025-04-03 22:59:17.348842,2025-04-03 22:59:34.298018,0 days 00:00:16.949176,0.4036521572961579,0.5002473274107218,2,0.017637204390786802,0.24996709029237535,0.027047925602885523,0.04427667968294132,0.09154259725935265,0.07527864254804756,0.00010917296677067962,17,146,0.027066751393781684,0.19177989063370712,True,False,False,7.203306728661847e-06,COMPLETE
410,0.5556286334991456,2025-04-03 22:59:34.430543,2025-04-03 22:59:50.319634,0 days 00:00:15.889091,0.5070770327495852,0.49975815276130425,2,0.018838837269542524,0.24884096994042815,0.02722709235948513,0.04368922040787433,0.09081690413938365,0.07523380739242659,0.00013988636799218572,15,147,0.029808849911385875,0.19127550189516151,True,False,False,7.938724036260477e-06,COMPLETE
411,0.29631375670433047,2025-04-03 22:59:50.448159,2025-04-03 23:00:07.371220,0 days 00:00:16.923061,0.43906076347700396,0.47947890015768624,2,0.0001411495075316141,0.2395939343035176,0.025695820499796795,0.04647672470080187,0.08881512445103035,0.07716241371878958,9.912777935201504e-05,17,150,0.02585853677319215,0.18471805700597602,True,False,False,9.80606443386858e-06,COMPLETE
412,0.5563033819198608,2025-04-03 23:00:07.510293,2025-04-03 23:00:23.930700,0 days 00:00:16.420407,0.40837343777520496,0.5304714107005345,2,0.0173937219851896,0.2503135980735564,0.023401284155876986,0.04219613399799905,0.09080211661173512,0.07069148668439248,0.00016258658120023916,16,146,0.027121867856501107,0.19341034458505316,True,False,False,7.96244643043918e-06,COMPLETE
413,0.35666713118553167,2025-04-03 23:00:24.060340,2025-04-03 23:00:40.913145,0 days 00:00:16.852805,0.40558183163288436,0.5416096964063781,2,0.015184236688858295,0.24988125241646678,0.021768957086658144,0.03860328975324423,0.0925658396979434,0.08157581220636688,0.00023115909342471814,17,147,0.028091617943756416,0.19296948489030002,False,False,False,7.492206893092692e-06,COMPLETE
414,0.5535711884498596,2025-04-03 23:00:41.043691,2025-04-03 23:00:58.088327,0 days 00:00:17.044636,0.4068734293740109,0.5692904574639739,2,0.019209475064692207,0.24696212623952013,0.02388842377895268,0.04105953831650076,0.07651862075279244,0.06375998008335712,0.0001775102437549659,17,143,0.02677515908673811,0.19866456610402308,True,False,False,7.726606930428164e-06,COMPLETE
415,0.5549975991249085,2025-04-03 23:00:58.229109,2025-04-03 23:01:14.726927,0 days 00:00:16.497818,0.4196532164093139,0.5218393839784801,2,0.016749479984725462,0.25178677896334356,0.023827387911587998,0.04738986629218507,0.08631847932375081,0.07107563877769268,0.00016937576727474,16,150,0.0319396300442597,0.20306778565037625,True,False,False,7.285121678982399e-06,COMPLETE
416,0.5534568548202514,2025-04-03 23:01:14.856826,2025-04-03 23:01:32.648635,0 days 00:00:17.791809,0.43398762476903363,0.5106414300476585,2,0.01899049652885588,0.24188244137617051,0.02744344186893517,0.053622130808310055,0.07967782476537674,0.0760894909121204,9.900593194083785e-05,18,147,0.028294281004236088,0.19324800995298158,True,False,False,9.829299604952982e-06,COMPLETE
417,0.5501868963241577,2025-04-03 23:01:32.779369,2025-04-03 23:01:48.562914,0 days 00:00:15.783545,0.468873135035472,0.5300591082160553,2,0.011834039360551118,0.2505566804517484,0.02213278891130847,0.04409469640985672,0.09090259208296414,0.07805591196708177,0.0002025580888648826,15,143,0.02475599995182385,0.19864374801038198,True,False,False,6.3164265586943665e-06,COMPLETE
418,0.5537014365196228,2025-04-03 23:01:48.708275,2025-04-03 23:01:57.450902,0 days 00:00:08.742627,0.39611140994483585,0.4909460331149806,8,0.019297862519121675,0.24378800574443715,0.02887815350435898,0.04871958458529215,0.08727516091588718,0.08502953084693796,0.00014415241908187693,17,147,0.029718283982731544,0.2070950514711437,True,False,False,6.616444987481288e-06,COMPLETE
419,0.5568228006362915,2025-04-03 23:01:57.580789,2025-04-03 23:02:13.848074,0 days 00:00:16.267285,0.42231400358500937,0.48194421599768617,2,0.010984075511202243,0.25350890993140135,0.018721814524065062,0.0456024756880157,0.07513371983643347,0.07971225860577776,0.0001150630982474743,16,143,0.02626984160410467,0.203850288815942,True,False,False,1.0800543257806707e-05,COMPLETE
420,0.43527794480323795,2025-04-03 23:02:13.978756,2025-04-03 23:02:31.490604,0 days 00:00:17.511848,0.4153478806250319,0.46820357738591,2,0.01357936590280022,0.25201042059642653,0.020909697360880216,0.04517173114498479,0.08422053901691594,0.08122411297984346,9.69179379739909e-05,18,61,0.026473213167329514,0.18695574439420667,True,False,False,8.715403587334688e-06,COMPLETE
421,0.5566617846488953,2025-04-03 23:02:31.635188,2025-04-03 23:02:49.171874,0 days 00:00:17.536686,0.39314806164988714,0.5531917145053625,2,0.020095361016230898,0.25613131757338264,0.025997987975646134,0.04088693184989509,0.07476796192611523,0.07970345670642226,0.00012135542543359171,18,142,0.031291203570529606,0.1954962553033619,True,False,False,1.1183072050981385e-05,COMPLETE
422,0.5537057995796204,2025-04-03 23:02:49.303838,2025-04-03 23:03:06.996877,0 days 00:00:17.693039,0.42702601285305586,0.5552521625248128,2,0.02044978383355506,0.2521635307517822,0.014223718921190568,0.0417201717980012,0.07485198772094051,0.08016049971712312,0.0001470741628315798,18,142,0.030849313860741037,0.2001558892880305,True,False,False,9.959212334768526e-06,COMPLETE
423,0.40543701052665715,2025-04-03 23:03:07.129454,2025-04-03 23:03:14.841606,0 days 00:00:07.712152,0.38630278843857246,0.5874633503632999,16,0.019557345049812512,0.2538827416005363,0.01966874583405229,0.050843542153779606,0.07558357149264174,0.07964280057395058,9.204543961645828e-05,18,142,0.02692789462539266,0.20997027823433909,True,False,False,1.213199997415755e-05,COMPLETE
424,0.29631375670433047,2025-04-03 23:03:14.985769,2025-04-03 23:03:30.526522,0 days 00:00:15.540753,0.39694025374104475,0.5367093754836277,2,0.013457392631715404,0.24665783632580154,0.014796221092180742,0.040314547332615885,0.07289704653277672,0.08219398465554059,0.00017275365842302738,18,143,0.02809685036046077,0.20324433014265117,True,True,False,9.558205116351742e-06,COMPLETE
425,0.5570312857627868,2025-04-03 23:03:30.660451,2025-04-03 23:03:47.126270,0 days 00:00:16.465819,0.4374981894198783,0.4383336748886019,2,0.01998061316921766,0.2548349017747116,0.024192594214496963,0.04252271523930006,0.0736758208450606,0.0782977657550161,0.0001083556222609417,16,142,0.030165171237342664,0.1890983217003961,True,False,False,1.2039251998567383e-05,COMPLETE
426,0.5570312857627868,2025-04-03 23:03:47.258696,2025-04-03 23:04:03.080292,0 days 00:00:15.821596,0.48806322288218285,0.43322137926412724,2,0.021361616873240508,0.24607118230344718,0.019075651596429485,0.04092723296425111,0.07031892025524837,0.08386125554770169,0.0001017295814295027,15,141,0.03354338501276971,0.18738714187281744,True,False,False,1.2682737359441781e-05,COMPLETE
427,0.5570312857627868,2025-04-03 23:04:03.215833,2025-04-03 23:04:19.024992,0 days 00:00:15.809159,0.4833588391921934,0.4372384719883198,2,0.021175547101998378,0.24762819359690896,0.018662441102829035,0.03798152924726773,0.07021543836230978,0.0867612462560502,0.00010022690124264094,15,141,0.033095445864480676,0.18755842501117534,True,False,False,1.8572690005363167e-05,COMPLETE
428,0.3525092124938965,2025-04-03 23:04:19.174196,2025-04-03 23:04:33.331460,0 days 00:00:14.157264,0.49318967029871363,0.44412661275448556,2,0.017445210456448725,0.23948661718133912,0.018456234932415123,0.03749963323836439,0.07106320721484245,0.0886861101405792,9.730271471715625e-05,15,142,0.030791232575884446,0.19017729661785396,True,False,True,2.135613105294905e-05,COMPLETE
429,0.5570312857627868,2025-04-03 23:04:33.465748,2025-04-03 23:04:48.759920,0 days 00:00:15.294172,0.46850808033550634,0.43742068152860847,2,0.02163825131775453,0.2542336169132913,0.01691993809824847,0.03898497545165047,0.06942906955607066,0.08608563176235338,0.00010824511491144272,14,141,0.03391713669599415,0.16722097862383412,True,False,False,1.2625365323282873e-05,COMPLETE
430,0.5563557624816895,2025-04-03 23:04:48.897134,2025-04-03 23:05:04.033249,0 days 00:00:15.136115,0.48798226288123847,0.43447774168296827,2,0.02200633375177224,0.25280165819820605,0.015580220531852667,0.039585973695025985,0.06966585694822164,0.08483545070426031,0.0001085331435380156,14,141,0.03297765436500324,0.1785495007714185,True,False,False,1.578972254562676e-05,COMPLETE
431,0.5570312857627868,2025-04-03 23:05:04.177074,2025-04-03 23:05:18.745918,0 days 00:00:14.568844,0.5253548628164666,0.4324799989833187,2,0.020519434378240994,0.2505822963489901,0.013871615408683764,0.03882158851893928,0.070039975567988,0.08410088417648988,0.000102156732637363,13,141,0.03462097158965829,0.1686745779549204,True,False,False,1.8192295287970844e-05,COMPLETE
432,0.5549734354019166,2025-04-03 23:05:18.881455,2025-04-03 23:05:34.216560,0 days 00:00:15.335105,0.5344753881256559,0.43055580190480125,2,0.020684658369812283,0.24871620975815964,0.012168234746928137,0.03846787752149566,0.06993853285499332,0.08547443227148217,0.00011138246816149886,14,141,0.036434444466036546,0.16787242240071473,True,False,False,3.389935055594517e-05,COMPLETE
433,0.35597729682922363,2025-04-03 23:05:34.351695,2025-04-03 23:05:48.778753,0 days 00:00:14.427058,0.5025841896078007,0.4384510183650779,2,0.021255244222566444,0.24581822281384053,0.016127974548036703,0.03912523654226805,0.07019987017507175,0.08711578176323707,0.00014411052086044326,13,141,0.0324596944362866,0.1703453047978179,False,False,False,1.9389223884497177e-05,COMPLETE
434,0.5484625935554505,2025-04-03 23:05:48.924416,2025-04-03 23:06:02.921436,0 days 00:00:13.997020,0.5221546763295168,0.43418201771919157,2,0.021643892314384922,0.25351966843639523,0.01892412626352591,0.041249275129370225,0.07349837750205472,0.08519588686142611,0.00011435463545155358,12,143,0.03719584648112744,0.15540962458054663,True,False,False,1.7676982460590026e-05,COMPLETE
435,0.3502020418643952,2025-04-03 23:06:03.058240,2025-04-03 23:06:18.415492,0 days 00:00:15.357252,0.48601219911986737,0.44865625704915174,2,0.28331553332166026,0.23723258060245195,0.014675148949858654,0.040646021634945746,0.07221709217003634,0.09125551291420546,0.0008323468049898409,14,141,0.03423958777808649,0.1759557413670306,True,False,False,1.4387101392909429e-05,COMPLETE
436,0.5570312857627868,2025-04-03 23:06:18.552785,2025-04-03 23:06:33.088721,0 days 00:00:14.535936,0.47783805150808156,0.46405760991925693,2,0.020794664461322776,0.251237203855765,0.01188485735602761,0.04202495924529462,0.07628040422195426,0.08679943628191664,9.780548842988938e-05,13,144,0.03420039326188554,0.16895923159199863,True,False,False,2.3807826135634695e-05,COMPLETE
437,0.5570312857627868,2025-04-03 23:06:33.234361,2025-04-03 23:06:47.756807,0 days 00:00:14.522446,0.5012560864626399,0.426132980072911,2,0.02271073982099408,0.2516280686446006,0.008975082642536096,0.03793775838351837,0.07688093180376537,0.08389221925432717,9.703064572940834e-05,13,140,0.03366422254044305,0.16053993407692713,True,False,False,3.0384371796007266e-05,COMPLETE
438,0.5255046010017396,2025-04-03 23:06:47.892622,2025-04-03 23:07:01.765395,0 days 00:00:13.872773,0.5153423932223158,0.46000946044746666,2,0.02228899663601655,0.2535659759758095,0.010750205721737485,0.037124877969750295,0.07800546954667144,0.08389500547689811,0.00013569769041846746,12,94,0.03354378461124235,0.16409766918838206,True,False,False,2.8762286840180474e-05,COMPLETE
439,0.5566617846488953,2025-04-03 23:07:01.901659,2025-04-03 23:07:16.420861,0 days 00:00:14.519202,0.5414224574560031,0.42350770125233445,2,0.014435919928955567,0.2446897789578432,0.007669083618338488,0.0385378893863749,0.07962110091062446,0.08709329319994191,9.736805116512603e-05,13,143,0.03354558976429806,0.1487490166839881,True,False,False,4.67225247561273e-05,COMPLETE
440,0.556162703037262,2025-04-03 23:07:16.567595,2025-04-03 23:07:31.072053,0 days 00:00:14.504458,0.5488151705324257,0.4265492153390562,2,0.01366725287526336,0.233829229017302,0.005926471044145082,0.03911086204106748,0.08093298167183963,0.08637881531492902,9.566579285438135e-05,13,143,0.03496406481086631,0.16389022172906026,True,False,False,3.506164953274203e-05,COMPLETE
441,0.4709228277206421,2025-04-03 23:07:31.208829,2025-04-03 23:07:45.663577,0 days 00:00:14.454748,0.5480280828359667,0.42329949546534273,2,0.022086356977183953,0.24265476861882007,0.004696964313025483,0.0377742772538962,0.07962475695474024,0.08839631603264712,9.752220152377649e-05,13,75,0.03346870904660722,0.1548886038896252,True,False,False,4.0466904824643286e-05,COMPLETE
442,0.5461042046546936,2025-04-03 23:07:45.802618,2025-04-03 23:07:53.776453,0 days 00:00:07.973835,0.5782109168272709,0.44536816554615777,8,0.013190613677048123,0.24385977089532132,0.008771875772970547,0.04124686297677294,0.07627722388889022,0.08443832719404747,0.00011728377351888659,13,140,0.03214463547255151,0.1671358540383163,True,False,False,2.6992415955813127e-05,COMPLETE
443,0.5570312857627868,2025-04-03 23:07:53.924683,2025-04-03 23:08:09.038943,0 days 00:00:15.114260,0.5061521687000075,0.45969086744542265,2,0.014659413650904733,0.23695699496109507,0.012770804364497136,0.039988490752988465,0.08273854485216832,0.08637899515742113,0.00010524784584736095,14,140,0.03515209984673079,0.15100426162764968,True,False,False,1.922571294926867e-05,COMPLETE
444,0.5570312857627868,2025-04-03 23:08:09.177754,2025-04-03 23:08:24.416048,0 days 00:00:15.238294,0.5037046734365963,0.464966613610049,2,0.0214011528384444,0.239305216054723,0.009994094197324036,0.0399598759056355,0.08194249003688549,0.08737606362313842,9.629486533140982e-05,14,140,0.035979466229135226,0.1475041543259503,True,False,False,2.3366471031653894e-05,COMPLETE
445,0.29631375670433047,2025-04-03 23:08:24.567633,2025-04-03 23:08:37.648575,0 days 00:00:13.080942,0.5281692068776007,0.4316331127812616,2,0.020299192041767798,0.2454766029142311,0.00901377556836119,0.039380456718875405,0.08221405238300836,0.08648912910509542,9.907451575234518e-05,13,139,0.03538868638197028,0.15735578787326343,True,True,False,2.569241301105363e-05,COMPLETE
446,0.5510315775871277,2025-04-03 23:08:37.788597,2025-04-03 23:08:52.875894,0 days 00:00:15.087297,0.5045724449426412,0.46223323964401253,2,0.022956011977312528,0.254558623852016,0.007199777849622125,0.03871741415146398,0.07899130335649607,0.08859080516318411,9.982784194167853e-05,14,140,0.038354618409984255,0.1469465342625974,True,False,False,4.407576741279905e-05,COMPLETE
447,0.5576537132263184,2025-04-03 23:08:53.015871,2025-04-03 23:09:06.998499,0 days 00:00:13.982628,0.490344759435147,0.42130045141469,2,0.02271753195863145,0.23838854750685765,0.0117302200527057,0.039952068276408445,0.08106940370156582,0.09080442388786619,8.932047796785914e-05,12,139,0.03419908712385665,0.17322055612704942,True,False,False,1.8927814642596867e-05,COMPLETE
