number,value,datetime_start,datetime_complete,duration,params_alpha-eval,params_alpha-train,params_batch-size,params_eps-eval,params_eps-train,params_lambda-actions-eval,params_lambda-actions-train,params_lambda-frames-eval,params_lambda-frames-train,params_learning-rate,params_n-epochs,params_n-frames,params_radius-gw,params_rho,params_std-feats,params_ub-actions,params_ub-frames,params_weight-decay,state
1126,0.49936413764953613,2025-04-23 12:27:05.546434,2025-04-23 12:27:13.180996,0 days 00:00:07.634562,0.7658815577974784,0.05194320429243751,8,0.12830310174747975,0.10697330714679114,0.03953997434780252,0.010035822788957816,0.08037812775820861,0.04811081749902737,1.004186579346564e-05,8,107,0.010312182062081631,0.1996937440392737,True,False,False,7.499330015270434e-07,COMPLETE
1127,0.42475427389144904,2025-04-23 12:27:13.539862,2025-04-23 12:27:21.174744,0 days 00:00:07.634882,0.7643102637024783,0.05331362154875889,8,0.10608937260156993,0.10349619819224691,0.040025887887275374,0.01100777629312229,0.07709289563307291,0.04897527100769794,1.163908718120052e-05,8,105,0.007525859638910001,0.21351319085414297,True,False,False,8.289002741760133e-07,COMPLETE
1128,0.5035543203353883,2025-04-23 12:27:21.536480,2025-04-23 12:27:29.166423,0 days 00:00:07.629943,0.7743112263021845,0.046480595630757356,8,0.12530439938673066,0.09928036470280054,0.040745292664984695,0.008580101986178803,0.08036709316641785,0.04786800529400946,1.0064739565128306e-05,8,107,0.010644658078771988,0.20114173894011372,True,False,False,7.102914424579898e-07,COMPLETE
1129,0.4965740561485291,2025-04-23 12:27:29.529316,2025-04-23 12:27:37.295685,0 days 00:00:07.766369,0.7722489600943747,0.05217197489486002,8,0.12908016718710136,0.11092911132386656,0.039257800629671935,0.00830812638713482,0.08133427694947057,0.04608222918809175,1.0119670753052294e-05,9,101,0.010366751928538247,0.2028396580923696,True,False,False,6.314002088793339e-07,COMPLETE
1130,0.5014144659042359,2025-04-23 12:27:37.660230,2025-04-23 12:27:45.264196,0 days 00:00:07.603966,0.7709341208668447,0.0304902765162698,8,0.12545564150724556,0.08971776905832875,0.04040171368166431,0.00621007156528252,0.08031633578347365,0.047548805723632744,1.0227396202368406e-05,8,105,0.011216923982780598,0.20048547437764805,True,False,False,7.339457532118176e-07,COMPLETE
1131,0.4379888474941254,2025-04-23 12:27:45.629722,2025-04-23 12:27:53.228090,0 days 00:00:07.598368,0.7454141571182081,0.011487987448647662,8,0.12363851837860661,0.08450766059030816,0.04049274865160557,0.005692478190056724,0.08091414697142991,0.0456089018530205,1.0315736968722082e-05,8,105,0.008791948278792719,0.20570584372748024,True,False,False,8.03485482360263e-07,COMPLETE
1132,0.49202395677566535,2025-04-23 12:27:53.588679,2025-04-23 12:28:01.370325,0 days 00:00:07.781646,0.7733075573959549,0.053724473159895356,8,0.1181574607885027,0.09192414228822675,0.040197248524679256,0.003223174424785641,0.07947106783453196,0.04801373765081053,1.1414003130610393e-05,9,104,0.010420376119211025,0.20505757107658196,True,False,False,7.539351674711028e-07,COMPLETE
1133,0.37176272869110105,2025-04-23 12:28:01.734025,2025-04-23 12:28:09.261365,0 days 00:00:07.527340,0.773392446958769,0.053920343448964694,8,0.127568270188648,0.10550957668389892,0.0372028664314161,0.0063820554934799455,0.08118464742727301,0.04467244300457692,1.147467450075826e-05,8,107,0.005794824820496482,0.2007652392782994,False,False,False,7.366444700362372e-07,COMPLETE
1134,0.4999888420104981,2025-04-23 12:28:09.626843,2025-04-23 12:28:17.206820,0 days 00:00:07.579977,0.7626929917148054,0.026697504295966686,8,0.11145211175768507,0.07659136397257435,0.03562402853316916,0.008529080728517323,0.07905232311360927,0.04708684457498228,1.152505916504355e-05,8,108,0.01139838819759134,0.20880788819019816,True,False,False,8.83447562203905e-07,COMPLETE
1135,0.4341682195663452,2025-04-23 12:28:17.573154,2025-04-23 12:28:25.357357,0 days 00:00:07.784203,0.7584405450093847,0.01016923311437175,8,0.11571282185645523,0.08372005887851185,0.03573755470273783,0.007611792631748424,0.07785977355247273,0.04455336892303686,1.0051301729929183e-05,9,107,0.00818851729117144,0.21607066209711176,True,False,False,9.185326167634032e-07,COMPLETE
1136,0.2944324672222137,2025-04-23 12:28:25.722891,2025-04-23 12:28:32.931511,0 days 00:00:07.208620,0.780680804152688,0.03253219446679292,8,0.1081884537309411,0.0923032731393734,0.03469935962382258,0.00518419551235374,0.07957626872249786,0.04653979466776536,1.1695705117521086e-05,9,102,0.010594556717580724,0.20502716869502932,True,True,False,8.867708223074604e-07,COMPLETE
1137,0.49629184007644656,2025-04-23 12:28:33.302766,2025-04-23 12:28:40.970718,0 days 00:00:07.667952,0.7542719448827123,0.03716099088190979,8,0.13252997918695453,0.0724476184999985,0.037466740377847266,0.008206250868860811,0.07908717592078189,0.043275086829928124,1.0167030048409818e-05,8,108,0.011536661530380389,0.211809338273972,True,False,False,7.36136353440625e-07,COMPLETE
1138,0.42274489402771,2025-04-23 12:28:41.338284,2025-04-23 12:28:48.938497,0 days 00:00:07.600213,0.7801499807844935,0.04790738175135276,8,0.10035670263197609,0.10320454981607845,0.04120830459799946,0.009567025738489252,0.08101192500290945,0.04668598376480277,1.1722385344079771e-05,8,104,0.009224493846247411,0.22014412982621595,True,False,False,8.739969332882047e-07,COMPLETE
1139,0.4465856909751892,2025-04-23 12:28:49.313467,2025-04-23 12:28:57.166093,0 days 00:00:07.852626,0.7423278077253097,0.03218357084715694,8,0.11330923352629478,0.07809737316337494,0.03931993054739224,0.0035939752278371815,0.07714245107188528,0.04747420822266894,1.0181757859749174e-05,9,109,0.006899123222913986,0.2093949719149551,True,False,False,6.174868821926852e-07,COMPLETE
1140,0.29559749364852905,2025-04-23 12:28:57.536405,2025-04-23 12:29:04.640312,0 days 00:00:07.103907,0.7648140059704983,0.05798305719630445,8,0.12071920776302195,0.08551649596905683,0.03524908747894447,0.0062424601104255975,0.07888333106316457,0.04490163152912474,1.0137536954195935e-05,8,111,0.011859056499917059,0.20126731778268256,True,False,True,6.945809254341099e-07,COMPLETE
1141,0.5101228713989259,2025-04-23 12:29:05.009660,2025-04-23 12:29:12.645831,0 days 00:00:07.636171,0.7474194058546155,0.011154097682758823,8,0.11055680510410804,0.09004636539846948,0.037806780089999006,0.009881264918598587,0.08171459161005955,0.047941223880299144,1.006689830567082e-05,8,106,0.011566342515398944,0.20403638560401266,True,False,False,8.234912903566013e-07,COMPLETE
1142,0.5161343455314636,2025-04-23 12:29:13.016949,2025-04-23 12:29:20.777901,0 days 00:00:07.760952,0.752184606940357,0.012407927130482473,8,0.11035070903697466,0.09018935708529159,0.03735603341370729,0.009847130039697904,0.08269002834377993,0.045967693645801735,1.2407496511865136e-05,9,101,0.011101753925336761,0.20208390658505393,True,False,False,9.043490628851493e-07,COMPLETE
1143,0.4247348010540009,2025-04-23 12:29:21.149350,2025-04-23 12:29:29.176875,0 days 00:00:08.027525,0.77971111904734,0.02499097105974879,8,0.10430928933926846,0.08427427720825115,0.03706842506112856,0.009117539928367164,0.0819901525066833,0.042862821541285824,1.3258955946354555e-05,10,101,0.009095342403448864,0.21174798336991443,True,False,False,9.326367805964123e-07,COMPLETE
1144,0.5046436309814454,2025-04-23 12:29:29.547007,2025-04-23 12:29:37.275220,0 days 00:00:07.728213,0.7611803930259271,0.021898508312884327,8,0.0969249856900331,0.08764271633321943,0.03308924616255528,0.007199251703116043,0.0816415649897663,0.04064712248927291,1.0121509391163114e-05,9,104,0.010935293008261742,0.2018521660593554,True,False,False,9.365226147947583e-07,COMPLETE
1145,0.4340052485466004,2025-04-23 12:29:37.653740,2025-04-23 12:29:45.464863,0 days 00:00:07.811123,0.7490465186201604,0.010004108984275478,8,0.09499286149711074,0.08573974439104738,0.033132631709541664,0.006895758134734028,0.0817911006562372,0.041657621257577,1.2822485785882724e-05,9,103,0.005015676193867103,0.20052609326304455,True,False,False,8.988689298103855e-07,COMPLETE
1146,0.49502228498458867,2025-04-23 12:29:45.839442,2025-04-23 12:29:53.827831,0 days 00:00:07.988389,0.7511537093042356,0.024141839128962388,8,0.11023868576953078,0.0761989337376101,0.034694687211637175,0.010224315025701432,0.08063050987969479,0.036548021057969254,1.0262665493290728e-05,10,106,0.01074570216552571,0.2049420895007849,True,False,False,9.694294518519851e-07,COMPLETE
1147,0.4299752116203308,2025-04-23 12:29:54.204095,2025-04-23 12:30:02.059559,0 days 00:00:07.855464,0.792230906246689,0.02357564782839239,8,0.10257479285173776,0.08983827094535282,0.03238679428571837,0.004248483998965891,0.08115779312721395,0.041844992540885,1.0192067801527064e-05,9,97,0.0027159035807298535,0.20858772077221838,True,False,False,9.642484482189428e-07,COMPLETE
1148,0.41525920629501345,2025-04-23 12:30:02.412491,2025-04-23 12:30:10.368994,0 days 00:00:07.956503,0.7642716919012272,0.011284418627634685,8,0.11495360992111536,0.10454438870432496,0.036825626863136195,0.0011945537379625289,0.08253410041400165,0.034592203101028104,1.3221870447415922e-05,10,99,0.009038575036145644,0.20209722093171056,True,False,False,8.426723411577222e-07,COMPLETE
1149,0.4305953085422516,2025-04-23 12:30:10.739994,2025-04-23 12:30:18.323243,0 days 00:00:07.583249,0.7677141374441512,0.027637877033450168,8,0.09295481873486816,0.08614416487019849,0.03544476585668045,0.007064422911816644,0.08195881043728954,0.04052099508244921,1.2235475070650264e-05,8,105,0.00719640287124987,0.21680296342202043,True,False,False,1.0063704584634153e-06,COMPLETE
1150,0.5003864169120789,2025-04-23 12:30:18.694387,2025-04-23 12:30:26.518060,0 days 00:00:07.823673,0.7398302634688625,0.026567813200421647,8,0.09957191589500644,0.0894245696539679,0.041263996007665706,0.008264845414562884,0.07975391265254801,0.037686405002848075,1.1833936494859091e-05,9,103,0.011161191616439267,0.20022394547052452,True,False,False,7.480093966505979e-07,COMPLETE
1151,0.49379863739013674,2025-04-23 12:30:26.889664,2025-04-23 12:30:34.824141,0 days 00:00:07.934477,0.7441383262961567,0.030209989465375342,8,0.10720835660042168,0.07914077460369796,0.04205328584432218,0.0088619941132559,0.08255134391059923,0.03972180426307291,1.0053162566188553e-05,10,101,0.010574345945892308,0.20049086591294582,True,False,False,8.355117184468264e-07,COMPLETE
1152,0.5045153856277467,2025-04-23 12:30:35.192626,2025-04-23 12:30:42.968893,0 days 00:00:07.776267,0.764971771592851,0.014830949215353342,8,0.09720893756513002,0.09068774017703339,0.04143610713863059,0.005399180774265338,0.07972978065392228,0.03939204033418898,1.3355090536243418e-05,9,103,0.011633932970494951,0.209594947812549,True,False,False,9.210137001281489e-07,COMPLETE
1153,0.4305953085422516,2025-04-23 12:30:43.343943,2025-04-23 12:30:51.218805,0 days 00:00:07.874862,0.7899247387915359,0.012527219373645735,8,0.09041940197320307,0.09046621775777801,0.0387185965975382,0.005564482775448651,0.07945726420090798,0.03589794018787472,1.008221254236017e-05,9,103,0.00872308869757938,0.21048883444405408,True,False,False,1.0335013159397171e-06,COMPLETE
1154,0.4346155345439911,2025-04-23 12:30:51.591930,2025-04-23 12:30:59.726394,0 days 00:00:08.134464,0.7644657616433496,0.010008428621233467,8,0.10010907074380326,0.08048124192948987,0.0408738198408693,0.00554230661911125,0.08046747700542857,0.03999610326584183,1.0081100475478901e-05,11,106,0.007145681872573542,0.2190796568939742,True,False,False,1.0284191918483622e-06,COMPLETE
1155,0.2956911206245423,2025-04-23 12:31:00.102929,2025-04-23 12:31:07.330575,0 days 00:00:07.227646,0.7371071484354864,0.032996673264179446,8,0.0968559377034098,0.08847398906415022,0.041520578612319475,0.007065609151276521,0.08217430165298886,0.038916182294917626,1.2986045588692064e-05,9,101,0.011247441379268705,0.20714450185197547,True,True,False,8.330113292228444e-07,COMPLETE
1156,0.3655662894248962,2025-04-23 12:31:07.701597,2025-04-23 12:31:15.590068,0 days 00:00:07.888471,0.7863466210103034,0.011158607406577049,8,0.09648218264554806,0.09359019330127115,0.037295675477956924,0.010427581789806774,0.07994881578780999,0.039956504377311415,1.3646732006288244e-05,10,98,0.01165238856961052,0.2123476927009427,False,False,False,1.036955884822101e-06,COMPLETE
1157,0.4297895729541779,2025-04-23 12:31:15.959491,2025-04-23 12:31:23.748087,0 days 00:00:07.788596,0.7380440322382845,0.01041856947763661,8,0.08633088610166134,0.08916255764296263,0.03885348068369253,0.002849251497537065,0.08261944034521475,0.03838841587021133,1.3466366861812878e-05,9,104,0.004931459402459324,0.2027113220402796,True,False,False,7.990231452287128e-07,COMPLETE
1158,0.4281756579875946,2025-04-23 12:31:24.120319,2025-04-23 12:31:32.042541,0 days 00:00:07.922222,0.7712172993109633,0.04002784331015957,8,0.10594469110499984,0.09535895062583337,0.03438217666844427,0.0033768982980146344,0.07894461769023084,0.03161385075021089,0.00011486958786666431,10,107,0.009526829083727338,0.19994366335374636,True,False,False,1.0029467207975605e-06,COMPLETE
1159,0.44303057193756107,2025-04-23 12:31:32.416124,2025-04-23 12:31:40.243962,0 days 00:00:07.827838,0.7490300360944282,0.04502992097116934,8,0.11014216851678449,0.07621920734967898,0.03917558473309669,0.00859768299738479,0.08039547763718213,0.036670156619005335,1.3074460278398858e-05,9,104,0.00779030576578623,0.20622281611912063,True,False,False,7.654273624086545e-07,COMPLETE
1160,0.2945661127567291,2025-04-23 12:31:40.616536,2025-04-23 12:31:47.937419,0 days 00:00:07.320883,0.7603158639029298,0.027928094122790806,8,0.1031614304683169,0.08163638221233256,0.041183914056936326,0.0050005054949569805,0.08199168874153345,0.04015467249651668,1.0083029700657827e-05,9,108,0.011647805010010908,0.1967401597267939,True,False,True,1.068779699180809e-06,COMPLETE
1161,0.3682710826396942,2025-04-23 12:31:48.313131,2025-04-23 12:31:56.188014,0 days 00:00:07.874883,0.7879961287324555,0.05357603078706075,8,0.09488836237677181,0.0888108573612991,0.03164890220629023,0.007864388277130697,0.0786974629908036,0.03770215763004672,7.45284228162008e-05,9,102,0.006067248987303655,0.21424115979027358,True,False,False,6.884595195271055e-07,COMPLETE
1162,0.42368289828300476,2025-04-23 12:31:56.564446,2025-04-23 12:32:04.350396,0 days 00:00:07.785950,0.7351986098573041,0.02763291815327848,8,0.11109135377069643,0.09219883160852135,0.037944613083373574,0.010748698430572235,0.08311163930813385,0.040315592310860494,1.3185888167138048e-05,9,100,0.009945839552937971,0.20343057362467265,True,False,False,8.315219727576206e-07,COMPLETE
1163,0.5014045953750611,2025-04-23 12:32:04.727392,2025-04-23 12:32:12.538974,0 days 00:00:07.811582,0.7620133950940613,0.03812263926143562,8,0.0848262002186546,0.0698145906061724,0.03657307991441775,0.006382968278086166,0.07957661382471207,0.04161593095199729,1.1837832425670077e-05,9,106,0.011606180928246244,0.19897790473092333,True,False,False,1.107174012852589e-06,COMPLETE
1164,0.49401001930236815,2025-04-23 12:32:12.910840,2025-04-23 12:32:20.915052,0 days 00:00:08.004212,0.7811357184647586,0.0446772888607543,8,0.06664378146655281,0.07098143786278917,0.03657858325503627,0.006982401372793035,0.0799934035746432,0.03852361134614497,1.0074910206889635e-05,10,107,0.011524600255173009,0.2242527453826196,True,False,False,1.0760185043587256e-06,COMPLETE
1165,0.46101193428039555,2025-04-23 12:32:21.290517,2025-04-23 12:32:29.151310,0 days 00:00:07.860793,0.764052415975571,0.026724233429738092,8,0.08531833179066946,0.07213052361373604,0.034224404220149544,0.004865357538458166,0.07776056804757277,0.03592996158521406,1.0087496857703764e-05,9,104,0.007964041921763693,0.19724658745121929,True,False,False,1.13130876697759e-06,COMPLETE
1166,0.5070429801940918,2025-04-23 12:32:29.525899,2025-04-23 12:32:37.461231,0 days 00:00:07.935332,0.7535609164570676,0.010331703500238702,8,0.08353403922865665,0.08073900705209829,0.03911070263981049,0.0032784062186303068,0.08034237915109468,0.03874557367139676,1.0006018240045197e-05,10,109,0.009704198470643972,0.209032288624353,True,False,False,1.1637320027299196e-06,COMPLETE
1167,0.44136914014816286,2025-04-23 12:32:37.843278,2025-04-23 12:32:45.778666,0 days 00:00:07.935388,0.2568706694076384,0.010190821013721455,8,0.07907375845851206,0.07934724438316347,0.036661254306730034,0.002988404505578117,0.08274543234693807,0.03800720161677447,1.0020557193762332e-05,10,108,0.006956786096051898,0.2088367483220065,True,False,False,1.2363959302357174e-06,COMPLETE
1168,0.5022737979888916,2025-04-23 12:32:46.150986,2025-04-23 12:32:54.136356,0 days 00:00:07.985370,0.7896784562161323,0.029085011052615066,8,0.07414004090806413,0.07333346306031206,0.03361329873663071,0.006682321341585893,0.08093615987229863,0.03753179654080894,1.1800078722833156e-05,10,109,0.011666510315613962,0.2080255377175721,True,False,False,1.1429713532023607e-06,COMPLETE
1169,0.45194904208183295,2025-04-23 12:32:54.513380,2025-04-23 12:33:02.502244,0 days 00:00:07.988864,0.7911039829239773,0.010988419079496645,8,0.070889839848859,0.07403062680086728,0.03075180413377641,0.001551764546401501,0.08121070858297312,0.03858147464810143,1.186180391290838e-05,10,109,0.00888657100160422,0.21850656442195324,True,False,False,1.2473817192173662e-06,COMPLETE
1170,0.4566356182098389,2025-04-23 12:33:02.878440,2025-04-23 12:33:10.983001,0 days 00:00:08.104561,0.7889813738568596,0.028344559227472643,8,0.0804277966032856,0.07126613320278422,0.03455608413114256,0.004158249290595733,0.082601491144678,0.036949699627535026,1.0052813012481437e-05,11,105,0.003933258419496418,0.21066494908707337,True,False,False,1.1610100584021793e-06,COMPLETE
1171,0.518975293636322,2025-04-23 12:33:11.360538,2025-04-23 12:33:19.550283,0 days 00:00:08.189745,0.7743151744387841,0.010502894085647632,8,0.0764362118602188,0.07592820112365428,0.032605111784776514,0.005023823813289273,0.08028036648269074,0.03289496413411965,1.167030503280284e-05,11,102,0.011545352851633077,0.20660168255316863,True,False,False,1.2034573404900003e-06,COMPLETE
1172,0.5220031380653382,2025-04-23 12:33:19.930475,2025-04-23 12:33:28.038531,0 days 00:00:08.108056,0.7980822525157744,0.011727038443474651,8,0.07527012663819879,0.08391483839090463,0.032581155110755315,0.002365898567474181,0.080637241723821,0.03559363740778934,1.1963259934386248e-05,11,98,0.011145197056533477,0.22199983859166378,True,False,False,1.2841036984122499e-06,COMPLETE
1173,0.43180886507034305,2025-04-23 12:33:28.417534,2025-04-23 12:33:36.360345,0 days 00:00:07.942811,0.8032825957407018,0.010901791583772618,8,0.07786484990650032,0.07947682591271125,0.032616099501006676,0.0036094646013855322,0.08319910450152009,0.03385803147857867,1.2179275353828127e-05,10,102,0.008168644721609037,0.21548790511877397,True,False,False,1.3350040641762968e-06,COMPLETE
1174,0.3623346328735352,2025-04-23 12:33:36.737683,2025-04-23 12:33:44.853415,0 days 00:00:08.115732,0.7970602651596981,0.02815103219048435,8,0.07384728749666516,0.06592929825006037,0.029442482480968694,0.0010846028644706568,0.08055963189264354,0.03243859407702454,1.2010615778026156e-05,11,95,0.012165519023783511,0.22274839564345703,False,False,False,1.1251611704368198e-06,COMPLETE
1175,0.5224901914596558,2025-04-23 12:33:45.236402,2025-04-23 12:33:53.356183,0 days 00:00:08.119781,0.7790285341532178,0.011127195438146232,8,0.06954973506352889,0.07696736016735783,0.032420271030072154,0.0031251875681481325,0.07816407025778349,0.03715124628752343,1.4227087751597705e-05,11,99,0.011174651685018298,0.21165113839020125,True,False,False,1.364896657872477e-06,COMPLETE
1176,0.29601780176162723,2025-04-23 12:33:53.737000,2025-04-23 12:34:01.289923,0 days 00:00:07.552923,0.7786574618780634,0.029539179829482988,8,0.06240603106677055,0.0654587006710447,0.03283166096648949,0.0012500612124110933,0.0782507816209173,0.032800750307376246,1.429250219898736e-05,11,98,0.010978346276445915,0.21595694098114668,True,True,False,1.322034230220393e-06,COMPLETE
1177,0.42759956717491154,2025-04-23 12:34:01.670470,2025-04-23 12:34:09.577215,0 days 00:00:07.906745,0.7976336162902009,0.010893365762887387,8,0.07196929519940654,0.07517713922183447,0.030659188300586174,0.002759191070686401,0.07704891729450762,0.03582322173504186,1.4429524221688543e-05,10,99,0.005798046630442362,0.22234972264362735,True,False,False,1.3016757219869385e-06,COMPLETE
1178,0.5392214179039002,2025-04-23 12:34:09.960300,2025-04-23 12:34:18.020282,0 days 00:00:08.059982,0.7673949991932664,0.011178848295442259,8,0.056137220062015124,0.08269262788492186,0.028549149157058657,0.004622408658293798,0.08014499294069863,0.0344818705712667,1.346855469658015e-05,11,96,0.012011275017544006,0.2103104701517024,True,False,False,1.5086609273002726e-06,COMPLETE
1179,0.4996579170227051,2025-04-23 12:34:18.403151,2025-04-23 12:34:26.692008,0 days 00:00:08.288857,0.7781208120508869,0.026234877331487126,8,0.06556228338068322,0.08081145551102563,0.026983736714565915,0.0027926541363886047,0.08004219578721461,0.033999016746073196,1.3598716633734389e-05,12,96,0.011294189755581894,0.21144536709084022,True,False,False,1.4744031979843252e-06,COMPLETE
1180,0.42619612216949465,2025-04-23 12:34:27.074128,2025-04-23 12:34:35.225419,0 days 00:00:08.151291,0.774117076759537,0.012352306960630555,8,0.053712647627661654,0.0822764707045315,0.029022658175440568,0.004716717568382812,0.08127253891691975,0.03579185588560104,1.2069158463898684e-05,11,99,0.009513397453945747,0.2076242697166041,True,False,False,1.4785943220002199e-06,COMPLETE
1181,0.4942338585853577,2025-04-23 12:34:35.606498,2025-04-23 12:34:43.704231,0 days 00:00:08.097733,0.7934896829616572,0.03147391884597834,8,0.057707334593452855,0.07125224848067559,0.03227698953071222,0.0047132234229632424,0.07919848680962213,0.030393557655417198,1.3898763401536042e-05,11,95,0.011780521479047134,0.23075875455866496,True,False,False,1.4495602120566213e-06,COMPLETE
