number,value,datetime_start,datetime_complete,duration,params_alpha-eval,params_alpha-train,params_batch-size,params_eps-eval,params_eps-train,params_lambda-actions-eval,params_lambda-actions-train,params_lambda-frames-eval,params_lambda-frames-train,params_learning-rate,params_n-epochs,params_n-frames,params_radius-gw,params_rho,params_std-feats,params_ub-actions,params_ub-frames,params_weight-decay,state
1960,0.5453576564788819,2025-04-04 03:03:20.714963,2025-04-04 03:03:27.546496,0 days 00:00:06.831533,0.04142285923186108,0.2541152753789439,8,0.03323020254557149,0.29342948382717987,0.06037897447591279,0.08541352279980467,0.05515645460290763,0.05042331013868341,0.0008586698759714749,6,139,0.03805423180879847,0.014490236393150922,True,False,False,0.00022266397758008167,COMPLETE
1961,0.5555178284645081,2025-04-04 03:03:28.197772,2025-04-04 03:03:35.201254,0 days 00:00:07.003482,0.0768115967569439,0.21582940092168007,8,0.018453041243496573,0.2793335062264505,0.06297065828711315,0.09119769234852962,0.06061413707494793,0.04441609873225938,0.0006593830022387136,7,145,0.028608821397972443,0.01032046014337995,True,False,False,0.00017755734705137294,COMPLETE
1962,0.3606641530990601,2025-04-04 03:03:35.829631,2025-04-04 03:03:42.668905,0 days 00:00:06.839274,0.11369736476596398,0.2327293428843925,8,0.005166604932965075,0.28570958515490874,0.07020594120284271,0.09323613861521542,0.04636717939280743,0.03674501035090501,0.00046168284815971904,6,150,0.03574257293864148,0.03434371759417602,False,False,False,0.0002809994722579948,COMPLETE
1963,0.29631375670433047,2025-04-04 03:03:43.310907,2025-04-04 03:03:50.213318,0 days 00:00:06.902411,0.04675669867985481,0.13084225355841367,8,0.00013842583259285682,0.2943881230122865,0.020551756805286616,0.08788298687328182,0.053322375485353055,0.03169413094166019,0.0005721514567700327,7,142,0.03143735184163811,0.019356960495091044,True,False,False,0.0005528827817394353,COMPLETE
1964,0.5545887351036072,2025-04-04 03:03:50.864857,2025-04-04 03:03:58.061347,0 days 00:00:07.196490,0.06207591808315431,0.19541755939312683,8,0.012909265068571457,0.2747994562440312,0.06527166709644613,0.09597309481011802,0.057636531048700784,0.023917441646862082,0.0007477339129373204,8,147,0.039269631660856556,0.006483849931065465,True,False,False,0.00011402477287603902,COMPLETE
1965,0.5568289756774902,2025-04-04 03:03:58.682839,2025-04-04 03:04:05.326280,0 days 00:00:06.643441,0.02970838099700183,0.27435447455058365,8,0.009482474686443986,0.2999580171894881,0.05575783554351584,0.0899377950590858,0.0587164762659929,0.03860628257418006,0.0009408596349217605,5,145,0.034766264951154764,0.013330077916446088,True,False,False,0.000417152978787404,COMPLETE
1966,0.551714301109314,2025-04-04 03:04:05.979057,2025-04-04 03:04:12.466813,0 days 00:00:06.487756,0.09134223878209595,0.17706894112795987,16,0.025095890373414698,0.2857276880667731,0.025511615775203472,0.09246926446095509,0.05211757601893007,0.04607418758569746,0.0003829289923487332,6,148,0.03769963618065264,0.0011459885789885263,True,False,False,0.000332439363641221,COMPLETE
1967,0.5458515286445618,2025-04-04 03:04:13.119682,2025-04-04 03:04:20.144702,0 days 00:00:07.025020,0.07087745827853907,0.20997349581440386,8,0.018845633647144918,0.29433025513338484,0.02844628130478978,0.08514707352453273,0.03736163421281731,0.04233509818573778,0.0012580446856005005,7,150,0.03382695683936605,0.022148034407600103,True,False,False,0.0002393354570545228,COMPLETE
1968,0.5579045295715332,2025-04-04 03:04:20.774197,2025-04-04 03:04:27.475936,0 days 00:00:06.701739,0.04674070058881122,0.24923463842083998,8,0.005343496082672436,0.2892437539864969,0.05793702547653991,0.08224698539257125,0.055695643526194584,0.04024652108742314,0.0006337285072330352,5,143,0.031143372266405844,0.007423712367431892,True,False,False,0.0006546881927789243,COMPLETE
1969,0.4797544479370118,2025-04-04 03:04:28.134746,2025-04-04 03:04:34.995122,0 days 00:00:06.860376,0.1055123337096916,0.2261691695731567,8,0.1886856413733724,0.2818246312056521,0.06071344690853975,0.09856164643180187,0.061556687699624794,0.028087065663973836,0.0005094944858167752,6,140,0.03593208289091204,0.0010445482915516415,True,False,False,1.7918317951191504e-08,COMPLETE
1970,0.5614162683486938,2025-04-04 03:04:35.623733,2025-04-04 03:04:42.638268,0 days 00:00:07.014535,0.02547873138438573,0.14285885590095115,8,0.014055156207484664,0.27257016947411217,0.024244788263528376,0.09556304683871829,0.05356547184111909,0.026127352051410316,0.0007555626114454312,7,147,0.0415741809201446,0.016666694246939225,True,False,False,0.00048788563034501064,COMPLETE
1971,0.5542968392372132,2025-04-04 03:04:43.286698,2025-04-04 03:04:50.458903,0 days 00:00:07.172205,0.023304215974516165,0.14739307900390353,8,0.005132681937315599,0.26661398601992586,0.021333729337236707,0.09998882192713071,0.05471936195409266,0.029744624460340523,0.0011258306345787031,8,150,0.0416172105012893,0.02663679500053397,True,False,False,0.0007692359852272238,COMPLETE
1972,0.5545197844505311,2025-04-04 03:04:51.112382,2025-04-04 03:04:58.279326,0 days 00:00:07.166944,0.012267678210492093,0.13658296746239829,8,0.011731359381229278,0.26761664296068355,0.023674674761168746,0.09769588163074297,0.055661902051602374,0.0330114194999296,0.0010804922927894246,8,148,0.04370295936848619,0.031531923608643514,True,False,False,0.0006337184106461894,COMPLETE
1973,0.4845547199249268,2025-04-04 03:04:58.910487,2025-04-04 03:05:06.088017,0 days 00:00:07.177530,0.026582598992708206,0.11257859899450878,8,0.005376523609998731,0.2669214572744554,0.021843915447411433,0.09649455997359015,0.05385236812929079,0.034920646890648485,0.0009385344245865559,8,150,0.04752655743519439,0.01916857320245367,True,False,False,0.0005815856092307132,COMPLETE
1974,0.29631375670433047,2025-04-04 03:05:06.742686,2025-04-04 03:05:13.444062,0 days 00:00:06.701376,0.02464881085328044,0.1260716031892297,8,0.012272717165955585,0.26545511501680724,0.02326910687771142,0.08747344506327373,0.05693791652138845,0.04316251574757626,0.000888737754868204,8,147,0.04543328760331644,0.014785999080991203,True,True,False,0.0005345880698496738,COMPLETE
1975,0.555221152305603,2025-04-04 03:05:14.075903,2025-04-04 03:05:21.083869,0 days 00:00:07.007966,0.027148437852209138,0.13740484748784867,8,0.009277638042826712,0.2722669517991041,0.024843713108543018,0.095395052741421,0.05423393646807257,0.027445759274009548,0.0007873218900512331,7,147,0.043299130418815945,0.02441552718558014,True,False,False,0.0008516944286962893,COMPLETE
1976,0.4858133316040039,2025-04-04 03:05:21.738675,2025-04-04 03:05:28.602399,0 days 00:00:06.863724,0.012441691331812332,0.0871006032757026,8,0.0002741551405598848,0.26443803772144625,0.023387700471639336,0.0901589327406997,0.03315233199443745,0.030613591853932094,0.001487588465619861,8,150,0.04386247948376493,0.010821339642610023,True,False,True,0.0006717983066275629,COMPLETE
1977,0.5537850499153137,2025-04-04 03:05:29.255675,2025-04-04 03:05:36.292078,0 days 00:00:07.036403,0.03847830702242485,0.15955509459148676,8,0.01536209654442969,0.2736115822123281,0.020521497249941553,0.05925013479992279,0.05768847995832633,0.045381327877244484,0.0011580922637036712,7,145,0.04416513076274695,0.00637342637558853,True,False,False,0.0004451137394395654,COMPLETE
1978,0.5092928171157837,2025-04-04 03:05:36.929601,2025-04-04 03:05:44.090583,0 days 00:00:07.160982,0.03978680718955311,0.10023125170987583,8,0.005312479671903422,0.27559670784686907,0.026109672404518273,0.09373172286552489,0.05572944554018294,0.03666219929583547,0.0009751777028398955,8,147,0.04568425445796499,0.017924928304504845,True,False,False,0.00048673205899723855,COMPLETE
1979,0.45981399416923524,2025-04-04 03:05:44.745736,2025-04-04 03:05:51.842300,0 days 00:00:07.096564,0.011529312535866454,0.05925197325960266,8,0.010420972133651146,0.27090375851914456,0.021893117073459575,0.0978344644971349,0.05297256570296552,0.03895494793290409,0.0007850776442711935,7,150,0.042539780952309786,0.010078730709309529,True,False,False,0.0004850116192588731,COMPLETE
1980,0.38243308663368225,2025-04-04 03:05:52.476517,2025-04-04 03:05:59.461144,0 days 00:00:06.984627,0.03016657418143482,0.12851235111590448,8,0.017013203307229906,0.2721216715831538,0.02473936150407145,0.0914404964462439,0.05795604685238658,0.0409638298609895,0.0007790425542852285,7,147,0.039909558898938685,0.006076229305872835,False,False,False,0.00071800765807996,COMPLETE
1981,0.5595163345336914,2025-04-04 03:06:00.114519,2025-04-04 03:06:07.188586,0 days 00:00:07.074067,0.010370063865982035,0.156029374977419,8,0.005482641810994983,0.26414653721994674,0.02767541289420484,0.08681417251105675,0.05563559538904121,0.04802712961125127,0.0009151012149207793,7,145,0.04192635860992987,0.035728572637151734,True,False,False,0.0005496001118551649,COMPLETE
1982,0.5313523411750793,2025-04-04 03:06:07.846796,2025-04-04 03:06:14.985901,0 days 00:00:07.139105,0.04296820756647234,0.8959254378539246,8,0.11303773938115873,0.2708106969598648,0.026317112949225722,0.08928182510126373,0.06424812359192675,0.034226839355294726,0.0007361725658349012,7,150,0.04257437262074492,0.01548363926853702,True,False,False,0.0004561199803287089,COMPLETE
1983,0.5584921836853027,2025-04-04 03:06:15.614959,2025-04-04 03:06:22.764424,0 days 00:00:07.149465,0.03875077558630781,0.1232902055718249,8,0.013597344254910671,0.26276387365330206,0.023324182230034858,0.09512123817350998,0.05352305114177071,0.043066012875387784,0.0006775205759044134,8,144,0.04157171440274443,0.027117277687509846,True,False,False,0.000610276748021257,COMPLETE
1984,0.4335739850997925,2025-04-04 03:06:23.419719,2025-04-04 03:06:30.362579,0 days 00:00:06.942860,0.049114165950590996,0.1407836825758763,8,0.00037999654444507286,0.2775922252489354,0.020655071377188874,0.09243902007440281,0.05927067122878713,0.0037237439221085994,0.0010754085999791353,7,20,0.04269616858540953,0.021225450906003553,True,False,False,0.0004220379438809522,COMPLETE
1985,0.29631375670433047,2025-04-04 03:06:31.021648,2025-04-04 03:06:37.898785,0 days 00:00:06.877137,0.010535420890142227,0.12440405890220954,8,0.00026517705056625356,0.27556584486122,0.025096744399178274,0.08399197547605353,0.056710890094813254,0.037925621703064384,0.000844341546312828,7,147,0.04152569215137491,0.012319332582977119,True,False,False,0.0005298120164833076,COMPLETE
1986,0.549258804321289,2025-04-04 03:06:38.538664,2025-04-04 03:06:45.764594,0 days 00:00:07.225930,0.028748923003078776,0.15089076835948487,8,0.009875143370959929,0.2701860671870363,0.026012958783114687,0.081367934086845,0.054733179709002065,0.0405569089724991,0.0014112491228200352,8,148,0.04032945642407803,0.006527408357895817,True,False,False,0.0007188927347684085,COMPLETE
1987,0.5564224720001221,2025-04-04 03:06:46.424632,2025-04-04 03:06:52.944512,0 days 00:00:06.519880,0.06005776174590398,0.1441720263470524,16,0.019353339283634464,0.27756170432753813,0.022997520511107247,0.09654834100084564,0.05887380141857266,0.03125381694085276,0.0006526805943703487,7,143,0.04029227088858073,0.001015081307308927,True,False,False,0.00037198666810800993,COMPLETE
1988,0.5576781868934632,2025-04-04 03:06:53.605047,2025-04-04 03:07:00.678229,0 days 00:00:07.073182,0.04277906059850348,0.16615188837327688,8,0.009881715633212782,0.26370999287329466,0.027603371632087422,0.08835049414256237,0.05259408325298398,0.026609582452307858,0.0007447883557708783,7,150,0.03919455536986397,0.016052970695513924,True,False,False,0.0008239956168291532,COMPLETE
1989,0.29631375670433047,2025-04-04 03:07:01.312482,2025-04-04 03:07:08.214370,0 days 00:00:06.901888,0.06281846703943504,0.11205235421722531,8,0.00011645093659600793,0.2768842229035586,0.03075517403968831,0.09387150286264266,0.06053490072271385,0.04561334659508429,0.0008847463573953517,7,145,0.046224442642761876,0.06702900063249889,True,False,False,0.00041835287917607063,COMPLETE
1990,0.3599668264389038,2025-04-04 03:07:08.869952,2025-04-04 03:07:16.149158,0 days 00:00:07.279206,0.02718438046432543,0.03692833995868283,8,0.014702512987287277,0.2700546431091035,0.02240842085589479,0.09100951316521634,0.0947024204750409,0.03564234883810155,0.0006470355002779175,8,147,0.040105058867301785,0.01004307517459055,True,False,False,0.0005259595766061431,COMPLETE
1991,0.5468505263328552,2025-04-04 03:07:16.804522,2025-04-04 03:07:23.643823,0 days 00:00:06.839301,0.04936843427639489,0.10863417448463462,8,0.022730875909898307,0.27962105506669654,0.024910454342836497,0.08552036384772682,0.05611073809296335,0.04131440774838841,0.0010052774996000087,6,142,0.03888156041793313,0.01703175946477524,True,False,False,0.0003785601417656865,COMPLETE
1992,0.29631375670433047,2025-04-04 03:07:24.281283,2025-04-04 03:07:30.854018,0 days 00:00:06.572735,0.07807408457719738,0.1684678047646117,8,0.08887427103635978,0.27947682110815614,0.026812818381121643,0.09747246919097174,0.05750123131393218,0.04455256071384825,0.0006197264835757513,7,150,0.04109667108015084,0.007123854836571327,True,True,False,0.00048429064884156187,COMPLETE
1993,0.5576781868934632,2025-04-04 03:07:31.518415,2025-04-04 03:07:38.338651,0 days 00:00:06.820236,0.02674646594444932,0.09584902055124993,8,0.005410336813705585,0.2746314892696418,0.02932635231661143,0.09500836282462008,0.05409084106104489,0.038698816575027904,0.000726162693549969,6,147,0.03864336332840246,0.023240033064669,True,False,False,0.00036784436730474547,COMPLETE
1994,0.5563749194145202,2025-04-04 03:07:38.973336,2025-04-04 03:07:45.723664,0 days 00:00:06.750328,0.05453020954105815,0.15722630719856207,8,0.014201391826367754,0.28068551880063775,0.02775993056325109,0.08912038001013067,0.052563825612961565,0.02911455092993368,0.0005684938735719218,6,145,0.039098930070295725,0.030127978038166907,True,False,False,0.0005662035005892925,COMPLETE
1995,0.36007180809974676,2025-04-04 03:07:46.388315,2025-04-04 03:07:52.985062,0 days 00:00:06.596747,0.010155543103279936,0.14319186359137617,8,0.007733316579490982,0.26959762563087813,0.020163383446461833,0.09236895361641272,0.05892529983712741,0.050180558872394684,0.0008305818900999376,7,150,0.04409088967157127,0.2940397131703366,True,False,True,0.0009872612019776962,COMPLETE
1996,0.5583002328872682,2025-04-04 03:07:53.644636,2025-04-04 03:08:00.878145,0 days 00:00:07.233509,0.041309244481546284,0.17707031778455645,8,0.018348962018346175,0.2829006400689656,0.023606495627961757,0.08697183734512924,0.03618882459459875,0.036714098739628345,0.0005265831727562707,8,141,0.03816882088838644,0.010793281432896373,True,False,False,0.0004058605179240415,COMPLETE
1997,0.361157375574112,2025-04-04 03:08:01.516853,2025-04-04 03:08:08.392637,0 days 00:00:06.875784,0.06993847165950576,0.08851090994182617,8,0.02648746786628277,0.2749849363418173,0.026294661793496547,0.0907385929908709,0.062214271562407344,0.04722242603685431,0.0007106054349476728,6,36,0.04844031027951949,0.00673393637207701,True,False,False,0.0006761183299958979,COMPLETE
1998,0.543027663230896,2025-04-04 03:08:09.052278,2025-04-04 03:08:16.056482,0 days 00:00:07.004204,0.0855759357951465,0.10683759833657655,8,0.008936897903921137,0.28188286568616283,0.03194331886064165,0.09382374983134338,0.0565102182955281,0.034017134545361094,0.0012492465671311132,7,147,0.04138178350448783,0.0011001825757030303,True,False,False,0.00033648621009197863,COMPLETE
1999,0.39162358045578005,2025-04-04 03:08:16.716566,2025-04-04 03:08:23.547961,0 days 00:00:06.831395,0.0523401657728598,0.18108859900801363,8,0.013703773078417978,0.2828105212275785,0.029183708153319516,0.09989993708719809,0.05489243817685445,0.042901390796619046,0.0009022637525875144,6,144,0.03774363162503419,0.02013479549180336,False,False,False,0.000468223188746632,COMPLETE
