number,value,datetime_start,datetime_complete,duration,params_alpha-eval,params_alpha-train,params_batch-size,params_eps-eval,params_eps-train,params_lambda-actions-eval,params_lambda-actions-train,params_lambda-frames-eval,params_lambda-frames-train,params_learning-rate,params_n-epochs,params_n-frames,params_radius-gw,params_rho,params_std-feats,params_ub-actions,params_ub-frames,params_weight-decay,state
1344,0.29631375670433047,2025-04-04 01:47:15.686221,2025-04-04 01:47:22.352079,0 days 00:00:06.665858,0.07947406468166739,0.2931218785843903,8,0.0001820960987328913,0.2900396184463134,0.058381728735894756,0.09180698828573185,0.05588188482408518,0.023154760630714276,0.0004585462959195801,6,102,0.04002420392607877,0.015012019471021817,True,False,False,0.0002525022814818039,COMPLETE
1345,0.5421432852745056,2025-04-04 01:47:22.777141,2025-04-04 01:47:29.737124,0 days 00:00:06.959983,0.11773579267839027,0.21021734798364547,8,0.008257504551287407,0.29488425983701533,0.05604560170194568,0.09719886390722651,0.03764580897695286,0.031259306378845955,0.0005936424985626739,7,141,0.04888992095535971,0.0063103992850795775,True,False,False,0.00025671211798683534,COMPLETE
1346,0.5620315194129945,2025-04-04 01:47:30.162972,2025-04-04 01:47:36.981715,0 days 00:00:06.818743,0.07415330909926642,0.17559176162300721,8,0.0057912337084712615,0.2826095592350335,0.062386410425198664,0.09322798720860452,0.04947381501989856,0.04720142147194368,0.0005814907267633044,6,141,0.03601315324505535,0.024306943382738797,True,False,False,0.00010440051301622414,COMPLETE
1347,0.29631375670433047,2025-04-04 01:47:37.429027,2025-04-04 01:47:44.084700,0 days 00:00:06.655673,0.0738487015900384,0.16489103394024304,8,0.00021327298433030002,0.2729415854907168,0.06234577594086004,0.09569423400203755,0.044480749619445495,0.05031846450724414,0.0003425610462770139,6,140,0.03919067882935136,0.027582915007454894,True,False,False,0.00013160095394998026,COMPLETE
1348,0.5583256125450134,2025-04-04 01:47:44.515334,2025-04-04 01:47:51.340399,0 days 00:00:06.825065,0.06531488062064608,0.16289214666628707,8,0.005668231882384036,0.2780709693193349,0.06336059211347582,0.09480811763967387,0.0476411061119359,0.048161846393878785,0.0006295958263816241,6,141,0.041403170167701064,0.023923312162275355,True,False,False,0.000187125066851026,COMPLETE
1349,0.5552927613258363,2025-04-04 01:47:51.782908,2025-04-04 01:47:58.575143,0 days 00:00:06.792235,0.09791186754504577,0.14659027951372847,8,0.0051730844241080825,0.27877587452784575,0.06158524691280921,0.09801655723732855,0.049186700004722105,0.05294268243300618,0.00044432570455990074,6,143,0.03749235042749283,0.02855422504274175,True,False,False,0.00012819109358783122,COMPLETE
1350,0.5546609282493591,2025-04-04 01:47:59.001517,2025-04-04 01:48:05.745181,0 days 00:00:06.743664,0.07106789705255608,0.1731159595553339,8,0.00586323196686315,0.27437653622629005,0.06422140344021987,0.09343808246371857,0.04732804851823817,0.047278222736616644,0.0005321290750568218,6,141,0.0449183328895758,0.020186797028194984,True,False,False,0.00010595449423198267,COMPLETE
1351,0.29631375670433047,2025-04-04 01:48:06.170871,2025-04-04 01:48:12.892203,0 days 00:00:06.721332,0.09857537120282753,0.16796620185028224,8,0.00021261920506236622,0.2826524170237872,0.05926434711186191,0.0930853687426998,0.0496373763221441,0.04857203261373897,0.0006671870046961092,6,141,0.03857208298527372,0.029520989151951463,True,False,False,0.0001827280824614787,COMPLETE
1352,0.29631375670433047,2025-04-04 01:48:13.323405,2025-04-04 01:48:19.640637,0 days 00:00:06.317232,0.05647978898269591,0.19171345628848713,8,0.009568701256855335,0.28287778435068867,0.060551214975172456,0.09622873758891165,0.046320346827144344,0.045096789736569005,0.00049951492412116,6,141,0.036400790060052805,0.03319030384602281,True,True,False,0.00031637931466631014,COMPLETE
1353,0.5583256125450134,2025-04-04 01:48:20.079085,2025-04-04 01:48:26.906126,0 days 00:00:06.827041,0.06875789101170761,0.1473623015866954,8,0.0052998448144390255,0.2746206492710319,0.06300242845856076,0.09445134544415666,0.04933703006723685,0.04588325947168336,0.0006452795248482016,6,144,0.04010418495455068,0.022922104864727864,True,False,False,0.00016909791189068498,COMPLETE
1354,0.5599352955818176,2025-04-04 01:48:27.357189,2025-04-04 01:48:33.969674,0 days 00:00:06.612485,0.09059053114666045,0.17623646698404644,8,0.013245944639045226,0.28169935062755724,0.08091434453146382,0.09151183457766711,0.05120945250119158,0.05020066380443934,0.00040362849241343853,5,144,0.03627269435918061,0.01809448678935471,True,False,False,0.0001047719085982107,COMPLETE
1355,0.3415751218795776,2025-04-04 01:48:34.403772,2025-04-04 01:48:41.007888,0 days 00:00:06.604116,0.11915048595694415,0.18279171512459527,8,0.009677000473019151,0.28642863109676386,0.06577479314231294,0.09813773143865484,0.04519971676540352,0.04687841257936895,0.0005568663929363694,7,144,0.03804301412045524,0.0160095179274651,True,False,True,0.0003241322380354391,COMPLETE
1356,0.29631375670433047,2025-04-04 01:48:41.444174,2025-04-04 01:48:48.167235,0 days 00:00:06.723061,0.0497966310263469,0.20208668515038952,8,0.00019229311848924756,0.2866821246667939,0.06133053788997286,0.09203203066568857,0.05130005654421981,0.04707800851719544,0.0007478249094243245,6,141,0.04252311731624325,0.02188788640656096,True,False,False,0.00023611252452218054,COMPLETE
1357,0.5040127277374268,2025-04-04 01:48:48.597804,2025-04-04 01:48:55.351299,0 days 00:00:06.753495,0.07747449497831745,0.1865795344442409,8,0.015510402963644235,0.272609254385042,0.05916671248883052,0.09464277490508119,0.050008894026991706,0.04462760039934205,0.011885317497343789,6,145,0.03616107210315809,0.014889880642759177,True,False,False,0.00037307941595044267,COMPLETE
1358,0.5579484343528748,2025-04-04 01:48:55.783515,2025-04-04 01:49:02.455927,0 days 00:00:06.672412,0.047372802101222286,0.1378439943184753,8,0.005073435810288989,0.2999973348302615,0.06458210827774967,0.09647496254952671,0.04789827416919338,0.04820615529025179,0.0006668623888309076,5,145,0.03968554537926963,0.025139206616705236,True,False,False,0.00021168754678455525,COMPLETE
1359,0.4090572059154511,2025-04-04 01:49:02.886997,2025-04-04 01:49:09.915361,0 days 00:00:07.028364,0.10393185775136403,0.15599248611884395,8,0.009768262999871661,0.27754269770762985,0.0583057825203605,0.09311102216680509,0.052363228627470296,0.0444404132826568,0.00046808335411759804,7,141,0.08444158102873209,0.01308142492337,True,False,False,0.0001371944130967021,COMPLETE
1360,0.40019533634185794,2025-04-04 01:49:10.364734,2025-04-04 01:49:17.158590,0 days 00:00:06.793856,0.06788510929314419,0.20172373929809584,8,0.018344026177466357,0.28935106827508117,0.06292774755284412,0.09089379387354375,0.0454608667000632,0.045852390270729425,0.0005775309195245679,6,147,0.035292589609844036,0.019053270491728076,False,False,False,0.00029303404316438256,COMPLETE
1361,0.5491232514381409,2025-04-04 01:49:17.595261,2025-04-04 01:49:24.016569,0 days 00:00:06.421308,0.0444295629281255,0.21293182498623045,16,0.0055634502385795695,0.29995207497891446,0.061334318017949224,0.09299059738152124,0.05232357238287273,0.026769058563295936,0.00035658244849578905,7,144,0.03763720754423796,0.01121517403043324,True,False,False,0.00038745108124725765,COMPLETE
1362,0.561396872997284,2025-04-04 01:49:24.458599,2025-04-04 01:49:31.095961,0 days 00:00:06.637362,0.08866043244635985,0.17600932910760955,8,0.014060339908553534,0.28241955957229037,0.059282253514934845,0.0907262918250484,0.04078204357164348,0.05151491041140776,0.000758225420444832,5,141,0.03558432681762568,0.03299846881333055,True,False,False,0.00029143644055247976,COMPLETE
1363,0.554208517074585,2025-04-04 01:49:31.530005,2025-04-04 01:49:38.357374,0 days 00:00:06.827369,0.12853553672238743,0.16407500283045617,8,0.02629375330023101,0.2750126112818379,0.05886952041234517,0.09009154891730552,0.03645519184848485,0.053535842216269586,0.0005164543582318972,6,140,0.03815342410969402,0.026924405835234186,True,False,False,0.00022483012070879113,COMPLETE
1364,0.5568158984184265,2025-04-04 01:49:38.794269,2025-04-04 01:49:45.783753,0 days 00:00:06.989484,0.10462813756865974,0.13280639798544955,8,0.02261666024096399,0.2797341278433841,0.05798143662224663,0.090215110388243,0.04171852789512776,0.051639159232167824,0.0007185359416859771,7,141,0.03630754714028022,0.02475882855380454,True,False,False,0.00028422038579379444,COMPLETE
1365,0.5523302435874939,2025-04-04 01:49:46.218783,2025-04-04 01:49:52.812653,0 days 00:00:06.593870,0.09183163129085017,0.14671059611657747,8,0.019405534431274088,0.27095852364337863,0.056083269425944604,0.0997519876127665,0.0451211097106787,0.050680746493582694,0.0004319122359111996,5,141,0.04142007883802553,0.033121176086119655,True,False,False,0.00020972195016308003,COMPLETE
1366,0.5568289756774902,2025-04-04 01:49:53.254602,2025-04-04 01:50:00.044207,0 days 00:00:06.789605,0.12461310385301291,0.1732524892062568,8,0.029261505025293465,0.28003844972860603,0.059875126895969105,0.08890723038145816,0.03555740157614137,0.055720667238312864,0.0006181853462284574,6,141,0.03483431468382807,0.03334896207908164,True,False,False,0.0002622799046306773,COMPLETE
1367,0.5114908695220948,2025-04-04 01:50:00.495378,2025-04-04 01:50:07.341451,0 days 00:00:06.846073,0.10877653750059395,0.16121743660078877,8,0.12123495868510897,0.2729664686945621,0.06144823896590684,0.09114590183445927,0.039055922624140496,0.050012806469226054,0.0007636853346204076,6,140,0.0393064129485396,0.03259609866111474,True,False,False,0.00015939456050235822,COMPLETE
1368,0.5541104435920715,2025-04-04 01:50:07.778495,2025-04-04 01:50:14.745158,0 days 00:00:06.966663,0.08824756989953382,0.18329896520051625,8,0.016787438335282123,0.2828804773390405,0.055283966936784765,0.09537727914352327,0.040923921372325464,0.049351226293412404,0.0005381125794509219,7,140,0.03736862264101924,0.027708418434495608,True,False,False,0.0008172124143421203,COMPLETE
1369,0.5574861645698548,2025-04-04 01:50:15.182950,2025-04-04 01:50:21.830357,0 days 00:00:06.647407,0.08265411207668355,0.1775041598550391,8,0.02328976468519174,0.282566906919149,0.057277935716756934,0.09426325151227005,0.036827895921069505,0.05010460747034629,0.0006245424683361406,5,143,0.034472733431316537,0.02190047321963768,True,False,False,0.0003025702019013343,COMPLETE
1370,0.5521385669708252,2025-04-04 01:50:22.276278,2025-04-04 01:50:29.088899,0 days 00:00:06.812621,0.12329993066562385,0.1276651752940732,8,0.013885777757204766,0.2773954430675257,0.060807842249218515,0.08847361692630779,0.04392318306385508,0.0545381333847504,0.000462962267458652,6,144,0.040137317986598434,0.03641721236605158,True,False,False,0.0001758551225292663,COMPLETE
1371,0.5568437695503234,2025-04-04 01:50:29.521880,2025-04-04 01:50:36.456730,0 days 00:00:06.934850,0.07333639513302284,0.15344894545861787,8,0.018985302489896057,0.28561890783016153,0.058971262048097994,0.09155839707968814,0.043048100857284124,0.05199868114005428,0.0007597350182160634,7,140,0.03585437144991071,0.01920244425516459,True,False,False,0.00040225189229751643,COMPLETE
1372,0.29631375670433047,2025-04-04 01:50:36.891561,2025-04-04 01:50:43.587715,0 days 00:00:06.696154,0.09264338535164014,0.18340641645266245,8,0.014265276611694171,0.27307061251969855,0.06315030951723935,0.09716018103699516,0.03932756664720732,0.04930236506823634,0.0005704252300021343,8,144,0.03346355848212884,0.024697379916825295,True,True,False,0.0002597713916781193,COMPLETE
1373,0.5538901209831238,2025-04-04 01:50:44.045749,2025-04-04 01:50:50.836813,0 days 00:00:06.791064,0.061375338422434006,0.1920925229362478,8,0.02206137844319083,0.2871306851584742,0.06465435124735579,0.08977841145259667,0.03811057128011168,0.025073504977919343,0.0003444366224467563,6,143,0.0377213154094347,0.017332873995288205,True,False,False,9.326180453448925e-05,COMPLETE
1374,0.340636020898819,2025-04-04 01:50:51.275044,2025-04-04 01:50:57.586449,0 days 00:00:06.311405,0.10425596464442963,0.16574402799811877,8,0.012097328026265435,0.28029071185553406,0.054560228483655465,0.09311877389361493,0.04146186088704243,0.052420169720226874,0.0006925541176468927,5,145,0.03503989921885131,0.001084609418266679,True,False,True,0.0004874928529339704,COMPLETE
1375,0.5148988485336304,2025-04-04 01:50:58.023549,2025-04-04 01:51:05.087455,0 days 00:00:07.063906,0.07341098200669116,0.19877121328794242,8,0.14019181472462552,0.2899680151850699,0.05688905991887755,0.09132176561850995,0.03933698112814641,0.05341914695120777,0.0004361443439057618,7,147,0.04328388416797956,0.07905735959580829,True,False,False,0.0003368172120540204,COMPLETE
1376,0.5538427948951722,2025-04-04 01:51:05.525030,2025-04-04 01:51:12.172752,0 days 00:00:06.647722,0.0432048514184178,0.14722891972375363,8,0.012688948674603472,0.2847728981463037,0.0668465796932648,0.09561749280206976,0.04046121284487037,0.04808530877925828,0.0008459566353144477,5,141,0.04681326493956369,0.010677416946421787,True,False,False,0.0006899983034183591,COMPLETE
1377,0.560146725177765,2025-04-04 01:51:12.607390,2025-04-04 01:51:19.367470,0 days 00:00:06.760080,0.06033612430582523,0.2060046560784098,8,0.0281608586929602,0.27903716882256574,0.06156250960005696,0.08762863613747922,0.04487068318744767,0.027336896655892874,0.0005228812045137238,6,145,0.03679566098254397,0.017553941149410838,True,False,False,0.00021284200175232586,COMPLETE
1378,0.555322790145874,2025-04-04 01:51:19.805978,2025-04-04 01:51:26.788750,0 days 00:00:06.982772,0.08469864511273757,0.17994389340704883,8,0.019437684981527238,0.2724597730532529,0.05951697450565968,0.08928689751314486,0.037152586620883984,0.02955726980869055,0.0006641765111073475,7,147,0.03875585856863461,0.03048427116251634,True,False,False,0.00042864909495294315,COMPLETE
1379,0.39932804703712466,2025-04-04 01:51:27.244414,2025-04-04 01:51:33.973710,0 days 00:00:06.729296,0.03733664917176244,0.19801326370474637,8,0.009760215741170693,0.2897467975870774,0.05333599416146241,0.093966360337938,0.04777527075968809,0.05209592439948458,0.0007967327955759642,6,72,0.03378085612948162,0.007059234804676678,False,False,False,0.0005627774824105236,COMPLETE
1380,0.5574710607528687,2025-04-04 01:51:34.416506,2025-04-04 01:51:41.586403,0 days 00:00:07.169897,0.11273884716936754,0.2160432188905091,8,0.01574729234521473,0.29999442725341574,0.057063409603350546,0.09856852894847375,0.034595864657021344,0.04738862737926161,0.000585523438750459,8,143,0.03605212633933896,0.021187954513099145,True,False,False,0.0003242753298320825,COMPLETE
1381,0.5312445640563965,2025-04-04 01:51:42.023990,2025-04-04 01:51:53.047241,0 days 00:00:11.023251,0.060167061593099556,0.15385498526834313,8,0.12964783017367854,0.2842906192777797,0.06200979604728181,0.09191624295648344,0.03926151814410663,0.05509368927791908,0.0004103356448567676,29,147,0.032323121544187546,0.011272825541720212,True,False,False,0.00024781230889935936,COMPLETE
1382,0.5485544323921204,2025-04-04 01:51:53.486393,2025-04-04 01:52:00.442700,0 days 00:00:06.956307,0.08401888366823342,0.16900416801013818,8,0.024475161482547254,0.294128049444085,0.0653545524606458,0.09661907808411321,0.04194672460291147,0.03133216351820705,0.0009954690404041192,7,140,0.04073994256684347,0.015143104879334538,True,False,False,0.0004016526547834057,COMPLETE
1383,0.55480455160141,2025-04-04 01:52:00.879490,2025-04-04 01:52:07.258227,0 days 00:00:06.378737,0.031649928019333265,0.21726941456876855,16,0.010350788598047653,0.2902720831290767,0.059360299364120274,0.09044576988303851,0.04227808361183463,0.024018323830547614,0.0004966515176574011,6,114,0.03748679229662766,0.006292858946242271,True,False,False,0.00016284743082437865,COMPLETE
1384,0.561396872997284,2025-04-04 01:52:07.695143,2025-04-04 01:52:14.315839,0 days 00:00:06.620696,0.050967944769274326,0.18907361260961358,8,0.018388452052889696,0.27831681584621243,0.07040038261348956,0.08809893882608065,0.041782900431305246,0.03388511953412729,0.0006614358046931083,5,145,0.03477346626927011,0.0010782643663487974,True,False,False,0.0005109627910590864,COMPLETE
1385,0.5543054223060608,2025-04-04 01:52:14.774416,2025-04-04 01:52:21.414793,0 days 00:00:06.640377,0.027786660781812893,0.20138065331805083,8,0.031282363374841325,0.27024505766292045,0.07350582919145644,0.08822985035618931,0.041781686544195944,0.03259199775480624,0.0007211312225658523,5,147,0.03319996991553655,0.004359757506789527,True,False,False,5.667980183808314e-07,COMPLETE
1386,0.5555301666259767,2025-04-04 01:52:21.859592,2025-04-04 01:52:28.457831,0 days 00:00:06.598239,0.047019161058193405,0.21982140277738188,8,0.026129659278778132,0.27306924988145065,0.0721988489789587,0.08708803797584172,0.043595203228322194,0.030067029664818248,0.0008971313689795125,5,147,0.03154290442913356,0.005055411262184619,True,False,False,0.00029499111620382893,COMPLETE
1387,0.5595184922218324,2025-04-04 01:52:28.903014,2025-04-04 01:52:35.502583,0 days 00:00:06.599569,0.029573238206206463,0.18986030338876872,8,0.029225851992194102,0.2722533924121854,0.07672131273847504,0.08546633596874488,0.04229226855086409,0.03281690508848377,0.0006625455364214023,5,145,0.03456325817582088,0.005858464762161021,True,False,False,0.00036292975764186863,COMPLETE
1388,0.5550640940666199,2025-04-04 01:52:35.945834,2025-04-04 01:52:42.645698,0 days 00:00:06.699864,0.050678949548229886,0.3137789932299057,8,0.02296757403817795,0.27730812715577535,0.07155680386299293,0.08770447620116475,0.03784739558184781,0.027888789959471187,0.0008251589859608811,5,148,0.03903730039982949,0.005563938044035421,True,False,False,0.00021123788456027114,COMPLETE
1389,0.5549970507621765,2025-04-04 01:52:43.087899,2025-04-04 01:52:49.745403,0 days 00:00:06.657504,0.028801364934940024,0.22274724857212047,8,0.030338806299791393,0.2779224647224874,0.0692437863613201,0.08906956663250383,0.03910989061398901,0.034338833025534074,0.0005826802147998341,5,143,0.03630037026308541,0.001209393987127402,True,False,False,0.0001189161839867221,COMPLETE
1390,0.551710057258606,2025-04-04 01:52:50.211677,2025-04-04 01:52:56.860065,0 days 00:00:06.648388,0.05434072191385439,0.1931170252510323,8,0.020822138323466813,0.27690143942650425,0.07005224533927541,0.08531781326411372,0.040555406797548085,0.030833512273567672,0.0010180187825156557,5,147,0.03065696301431721,0.008898845297697928,True,False,False,0.0004643824975162159,COMPLETE
1391,0.5607670664787292,2025-04-04 01:52:57.309014,2025-04-04 01:53:03.955544,0 days 00:00:06.646530,0.06302495620123462,0.2376809398206601,8,0.01723589025329831,0.27063136157462153,0.07566893584460055,0.09417656842786322,0.04298891333282815,0.028630784655427146,0.0007305277522680378,5,150,0.03358450991502382,0.0011365744623878995,True,False,False,0.0002780285398887477,COMPLETE
1392,0.5583002328872682,2025-04-04 01:53:04.399060,2025-04-04 01:53:11.057070,0 days 00:00:06.658010,0.02554594428001776,0.2067959777087247,8,0.02360910344949689,0.28225467616835975,0.07132178783380616,0.08730089989972627,0.04052631216470157,0.02600177027714766,0.0005409698494387973,5,144,0.03771342801498869,0.010151099286736093,True,False,False,0.0003546999582376461,COMPLETE
1393,0.29631375670433047,2025-04-04 01:53:11.501190,2025-04-04 01:53:17.937794,0 days 00:00:06.436604,0.043563520583067505,0.2300573107993278,8,0.017736146597263913,0.2809519630518773,0.06809552699379604,0.0896863990420518,0.04633657164465339,0.033803653213662424,0.0006999962991362641,6,147,0.035088760486982874,0.001454060867113912,True,True,True,0.00047513410910653505,COMPLETE
1394,0.5582794189453125,2025-04-04 01:53:18.380208,2025-04-04 01:53:25.015245,0 days 00:00:06.635037,0.010123331766319604,0.18192912899920322,8,0.01635812345869237,0.2704866803299383,0.07025293715568932,0.09258607326482715,0.040378841843380545,0.046245698567165705,0.00047737809378353956,5,140,0.04174701857892871,0.010333466795899613,True,False,False,0.00018936268220320953,COMPLETE
1395,0.4620093643665314,2025-04-04 01:53:25.460723,2025-04-04 01:53:32.297989,0 days 00:00:06.837266,0.06831109111593277,0.26197016330959466,8,0.24146032387276556,0.28585349201993543,0.06703899178754151,0.08432469990123702,0.04345597264423728,0.0316193052197571,0.0008762284136803186,6,150,0.032514990051700436,0.0013587968994151663,True,False,False,0.00023862055544457867,COMPLETE
1396,0.5571022748947143,2025-04-04 01:53:32.760244,2025-04-04 01:53:39.423787,0 days 00:00:06.663543,0.04529167427045944,0.20403628705866253,8,0.022753373033747082,0.2781197825276721,0.073043892778161,0.09656793174252537,0.04721386437924194,0.034460819834460275,0.0006362998219215331,5,145,0.03953017655077254,0.0010541044608625956,True,False,False,0.00039022403372126097,COMPLETE
1397,0.5579045295715332,2025-04-04 01:53:39.867687,2025-04-04 01:53:46.701592,0 days 00:00:06.833905,0.07093802880064189,0.22106430488501672,8,0.014022652051788952,0.2845468385373498,0.07456483513193371,0.08995745661232546,0.044827969456066014,0.029048822763861164,0.00039811316346549143,6,142,0.0365786846743991,0.010801728490696409,True,False,False,0.000649947981180486,COMPLETE
1398,0.3929918169975281,2025-04-04 01:53:47.149331,2025-04-04 01:53:53.913069,0 days 00:00:06.763738,0.03914055289485185,0.24953475725317806,8,0.03120495810518968,0.2866212685500743,0.06794678540908809,0.09847685426323392,0.03837944216694275,0.04906979584247039,0.0007592080216966306,6,148,0.034696609456600025,0.006475346353628296,False,False,False,0.000295823901698514,COMPLETE
1399,0.5545643448829651,2025-04-04 01:53:54.356787,2025-04-04 01:54:00.993744,0 days 00:00:06.636957,0.058211535923280135,0.18878929758316182,8,0.01988457047574856,0.27818086532836,0.06893032829220432,0.08733197995756868,0.04278684972425732,0.0465713883238242,0.0005280300170380225,5,150,0.038251358008484435,0.01491224892575825,True,False,False,0.0005286905898479327,COMPLETE
