number,value,datetime_start,datetime_complete,duration,params_alpha-eval,params_alpha-train,params_batch-size,params_eps-eval,params_eps-train,params_lambda-actions-eval,params_lambda-actions-train,params_lambda-frames-eval,params_lambda-frames-train,params_learning-rate,params_n-epochs,params_n-frames,params_radius-gw,params_rho,params_std-feats,params_ub-actions,params_ub-frames,params_weight-decay,state
1400,0.5440187454223633,2025-04-04 01:54:01.436841,2025-04-04 01:54:08.296058,0 days 00:00:06.859217,0.07582758318920337,0.23669688926605842,8,0.010945717988582137,0.29396388597063655,0.0625555893987922,0.09507198392052872,0.04877317366004522,0.035075947415457435,0.0011326817410957806,6,145,0.0304565302137666,0.010734556147125894,True,False,False,0.00033157028478472575,COMPLETE
1401,0.3263599693775177,2025-04-04 01:54:08.758904,2025-04-04 01:54:15.396708,0 days 00:00:06.637804,0.010283854816634984,0.28719223257835425,8,0.01487332752549424,0.28329542555156334,0.06413106406593119,0.09199989632704604,0.09987568104349492,0.030892034649103613,0.0006272766499765506,5,148,0.0632387420005383,0.018215014262158,True,False,False,0.0001401200066457577,COMPLETE
1402,0.4496035397052765,2025-04-04 01:54:15.849268,2025-04-04 01:54:22.745590,0 days 00:00:06.896322,0.04169382294855464,0.21195794644854518,8,0.2994248270247191,0.2891329403898117,0.0657097173734904,0.09319039433603402,0.04461780180766878,0.04459602695019079,0.0008661663327337004,6,140,0.03607020066565494,0.006830571097595526,True,False,False,0.0004507411611588075,COMPLETE
1403,0.5494841814041138,2025-04-04 01:54:23.193234,2025-04-04 01:54:29.549573,0 days 00:00:06.356339,0.09651938171200768,0.18114741658529643,16,0.006308845695132195,0.2742278932556442,0.05577735942801408,0.088853711623141,0.04069229964566041,0.022978060426444687,0.00042031485519066766,6,145,0.03388811790374408,0.0012597758945246237,True,False,False,0.00025967243761243746,COMPLETE
1404,0.5576432585716248,2025-04-04 01:54:29.995689,2025-04-04 01:54:36.698185,0 days 00:00:06.702496,0.029240233673455813,0.26485252634792505,8,0.02447539223153366,0.29484938930940985,0.05177641764695578,0.09075141931683485,0.05045516543209693,0.026049843125851305,0.0003450817499541473,5,143,0.03255657738143386,0.014130824371968519,True,False,False,0.00038520592780895446,COMPLETE
1405,0.5533195734024048,2025-04-04 01:54:37.142723,2025-04-04 01:54:43.989981,0 days 00:00:06.847258,0.06054594352303916,0.22391280135605676,8,0.009881416716515563,0.2815709360933582,0.06644174503848779,0.08662392908049851,0.03505490121628477,0.03263787637543416,0.0005175646325661849,6,147,0.03946461956038613,0.0010047273916980997,True,False,False,0.0009551242752728652,COMPLETE
1406,0.5546609282493591,2025-04-04 01:54:44.435223,2025-04-04 01:54:51.082900,0 days 00:00:06.647677,0.0761164242190052,0.24823416941689946,8,0.018374669561394597,0.2897152302107559,0.06976238248039088,0.09490040571973093,0.0468471597667257,0.051043029545951336,0.0006791360995769272,5,150,0.04399270811775549,0.023121799706097103,True,False,False,0.00019911407644246276,COMPLETE
1407,0.5418330311775208,2025-04-04 01:54:51.548791,2025-04-04 01:54:58.307047,0 days 00:00:06.758256,0.8743486884441307,0.20385172802662,8,0.005104530903412852,0.29994252851885744,0.056982208380470786,0.09992323312063803,0.036909309426053215,0.043654699778917144,0.0010018936019420015,6,147,0.036426333570527124,0.00991941289426319,True,False,False,0.0006602787460766276,COMPLETE
1408,0.5545887351036072,2025-04-04 01:54:58.757374,2025-04-04 01:55:05.626654,0 days 00:00:06.869280,0.044881106982969224,0.16806465281829233,8,0.013446240926180447,0.27157377551678535,0.0717116752012607,0.08330525412913178,0.048677653792629706,0.02801094863132266,0.0007638252276940446,6,143,0.037519939638923513,0.017117906234449472,True,False,False,0.00030577659977929823,COMPLETE
1409,0.29631375670433047,2025-04-04 01:55:06.075367,2025-04-04 01:55:15.633688,0 days 00:00:09.558321,0.07734768907871781,0.22934350965638353,8,0.025458773922242522,0.284798545598647,0.06116063316320129,0.09225858896193194,0.042528464531999065,0.04736453171814572,0.0005702075226036092,27,150,0.03468152453358864,0.008223727669903435,True,True,False,0.000520531300539009,COMPLETE
1410,0.5422062993049622,2025-04-04 01:55:16.081281,2025-04-04 01:55:22.759794,0 days 00:00:06.678513,0.025841890854175244,0.2756325050855528,8,0.01043255686834295,0.2779433124141664,0.059480395862011176,0.08883602216088397,0.05331171992302631,0.03609738226602835,0.000472908143444044,5,145,0.04134135920472828,0.2951415151770122,True,False,False,0.00040725060923217383,COMPLETE
1411,0.3457671642303467,2025-04-04 01:55:23.213448,2025-04-04 01:55:30.254940,0 days 00:00:07.041492,0.05486176056267037,0.03219278135166065,8,0.01772748060061643,0.2897165239988172,0.05857155686818887,0.09599110877637496,0.04616714727176732,0.03371968600690548,0.0006341688098440825,7,140,0.031323558762888164,0.025628458426920686,True,False,False,0.0002530489005832346,COMPLETE
1412,0.36561042666435245,2025-04-04 01:55:30.721019,2025-04-04 01:55:37.216129,0 days 00:00:06.495110,0.09877976464196035,0.9993205137356356,8,0.006060628303065991,0.29358665970144043,0.06387990262419983,0.0934750175764221,0.05084240118407233,0.042305067376123474,0.0008524851689887257,6,147,0.032982290074195494,0.014117078723190346,True,False,True,0.00033092398390062737,COMPLETE
1413,0.5603471517562867,2025-04-04 01:55:37.665674,2025-04-04 01:55:44.689495,0 days 00:00:07.023821,0.062315179787993044,0.19043217584906708,8,0.03238844974215398,0.28302084127553373,0.05362987887643428,0.09053465479788807,0.053492478275030834,0.030018147260473936,0.0004809699044904049,7,150,0.03528616230795389,0.007277486673480133,True,False,False,0.0007361953978583879,COMPLETE
1414,0.5518402814865112,2025-04-04 01:55:45.142627,2025-04-04 01:55:51.821012,0 days 00:00:06.678385,0.031687230308415415,0.21332036661139397,8,0.01509719190009027,0.29500331359120696,0.055026173380172884,0.08534688174982084,0.03967502711699254,0.04556194113317101,0.0007255187159324783,5,120,0.03871457281008532,0.020199613478111774,True,False,False,0.00021200321826249328,COMPLETE
1415,0.5416324973106384,2025-04-04 01:55:52.267342,2025-04-04 01:55:59.157109,0 days 00:00:06.889767,0.08797449306748874,0.24862814258213967,8,0.08802512050024341,0.29998628493162804,0.06061480236907605,0.08804987859553884,0.0518408530784295,0.05768203004834685,0.0005896993726375721,6,143,0.03692350118619218,0.01182774178312958,True,False,False,0.00047176850109328667,COMPLETE
1416,0.38813547492027284,2025-04-04 01:55:59.612335,2025-04-04 01:56:06.302832,0 days 00:00:06.690497,0.05168352227926612,0.17664682040269156,8,0.005845213267194213,0.28908511787848407,0.049929691181570035,0.09166082993765441,0.05422533069409432,0.035768549342980585,0.0009534787809177174,6,147,0.033352522423097865,0.0055626325515244135,False,False,False,0.00015271463460768875,COMPLETE
1417,0.5318563103675843,2025-04-04 01:56:06.771028,2025-04-04 01:56:13.310065,0 days 00:00:06.539037,0.07659999226935553,0.30225666819268854,8,0.021374599972999484,0.27091963781294154,0.06590077321535799,0.09796478099314763,0.049188607469103855,0.0417803444302558,0.00041395324741879617,5,76,0.03993466171050374,0.03054715436841587,True,False,False,0.000551481121982367,COMPLETE
1418,0.5567797303199769,2025-04-04 01:56:13.765840,2025-04-04 01:56:20.777833,0 days 00:00:07.011993,0.108165248105587,0.23136178211916328,8,0.01079339191101719,0.2773899968255575,0.06787642101390082,0.0938477010042797,0.05200558313511198,0.02465626303176613,0.0007575388117621912,7,145,0.029867554894705883,0.0010133765336241968,True,False,False,0.0003740306113208643,COMPLETE
1419,0.527596378326416,2025-04-04 01:56:21.232241,2025-04-04 01:56:28.057457,0 days 00:00:06.825216,0.0455062026783921,0.19982948603890627,8,0.004563857784638883,0.28420836520493425,0.05822710503336133,0.08979836269817171,0.054255559978013373,0.048461354663955826,0.0013103768191841682,6,150,0.035395740478795526,0.01587706842146521,True,False,False,0.0002596470074660426,COMPLETE
1420,0.5568631291389465,2025-04-04 01:56:28.505262,2025-04-04 01:56:35.486706,0 days 00:00:06.981444,0.027713557495221,0.264754742062326,8,0.01886104873702804,0.2887792567293198,0.06288024225008154,0.08656207666136982,0.04583057213890527,0.05207523092197386,0.000598501870314935,7,140,0.037836458177531916,0.022638692106404033,True,False,False,0.0002937759892918607,COMPLETE
1421,0.29631375670433047,2025-04-04 01:56:35.957207,2025-04-04 01:56:42.499531,0 days 00:00:06.542324,0.010138125749339047,0.21521181595767538,8,0.0003694154316866245,0.29521050456207604,0.05590644762226727,0.09708376766661819,0.04982693093433551,0.03280435206584854,0.0005066963377304915,5,147,0.03401632847012779,0.007011917188571404,True,False,False,0.0004341563128909792,COMPLETE
1422,0.5539286136627197,2025-04-04 01:56:42.955844,2025-04-04 01:56:49.788229,0 days 00:00:06.832385,0.7152921436250306,0.23967566627354847,8,0.013203989548680886,0.27944473452878693,0.060310939434131246,0.09502200432501885,0.04345596167335156,0.027161801100161705,0.0003441302876885966,6,143,0.03197448594402013,0.01280045060667696,True,False,False,0.0006192181948785354,COMPLETE
1423,0.5568158984184265,2025-04-04 01:56:50.238675,2025-04-04 01:56:57.254735,0 days 00:00:07.016060,0.13041319433891146,0.17216350250458176,8,0.02489677733243735,0.2945660284464209,0.08485672181046,0.09186440193481064,0.03845689078927796,0.044248944802034076,0.0006469714486794086,7,147,0.03590188452371121,0.01895938238587478,True,False,False,0.00017758977091296595,COMPLETE
1424,0.5538184523582459,2025-04-04 01:56:57.712421,2025-04-04 01:57:03.947833,0 days 00:00:06.235412,0.06560232794990015,0.14015733113927964,16,0.00955437880649666,0.2864850910887983,0.05700989956979139,0.0888170803433932,0.05487266496555094,0.03983752304958572,0.0008711043247570119,5,150,0.04203818249729357,0.006803563418949235,True,False,False,0.00034082435217367254,COMPLETE
1425,0.29631375670433047,2025-04-04 01:57:04.400815,2025-04-04 01:57:11.120092,0 days 00:00:06.719277,0.09160593795120418,0.280112488718119,8,0.00018442775133774812,0.2768705743210438,0.07021588378502927,0.08444159048277593,0.05334495937290575,0.03465228762115812,0.0007246092227914563,6,145,0.03775295604549961,0.011247436455728805,True,False,False,0.00022467142461647218,COMPLETE
1426,0.5601313710212708,2025-04-04 01:57:11.593521,2025-04-04 01:57:18.739931,0 days 00:00:07.146410,0.04425279821796098,0.25219485087134014,8,0.015426179761809152,0.2700604761221449,0.05215264802034897,0.09317234034822663,0.04166264304225932,0.021914983080307496,0.0005381213815825283,8,142,0.03470636733820507,0.024917192657982732,True,False,False,0.000446771056583657,COMPLETE
1427,0.34721699953079227,2025-04-04 01:57:19.196897,2025-04-04 01:57:26.010398,0 days 00:00:06.813501,0.07164133877429898,0.19489162379709443,8,0.009840952327854157,0.29043141130739675,0.06705842096418264,0.09102708102343618,0.047492478341898105,0.0411013318063196,0.0010531305663206989,6,98,0.09000667860778977,0.0158007472751528,True,False,False,0.0002912640122343122,COMPLETE
1428,0.29631375670433047,2025-04-04 01:57:26.464362,2025-04-04 01:57:32.971251,0 days 00:00:06.506889,0.058330405444833366,0.21573984010024289,8,0.02043484062890318,0.2999547177721889,0.06439222247375602,0.09634947308553173,0.05112650145516253,0.03688252429309802,0.0004399592554085553,7,148,0.04055322257821349,0.03579843064319644,True,True,False,0.0007596406409312201,COMPLETE
1429,0.5595184922218324,2025-04-04 01:57:33.426443,2025-04-04 01:57:40.065399,0 days 00:00:06.638956,0.028414628429147236,0.23327334139744105,8,0.02898058996112807,0.28299291685736566,0.06300936815910728,0.08777808646377777,0.055265090782354385,0.04625907297468545,0.0006544883086464107,5,145,0.030846532297258502,0.0063981404339300075,True,False,False,0.0005282444589632383,COMPLETE
1430,0.4923756241798401,2025-04-04 01:57:40.525465,2025-04-04 01:57:47.385178,0 days 00:00:06.859713,0.10717777048513563,0.1624620708462772,8,0.17286980202694388,0.29417544662374134,0.05446481534771131,0.09022728669014433,0.05306021145404538,0.03172631605931125,0.0007965591790133499,6,150,0.03629594836520716,0.01070924837944024,True,False,False,0.00037053030010417983,COMPLETE
1431,0.36805230975151065,2025-04-04 01:57:47.856255,2025-04-04 01:57:54.490029,0 days 00:00:06.633774,0.08096997147841391,0.189139309934712,8,0.00494541568922445,0.2855676593445034,0.05891807373006203,0.09407729865956635,0.049277118206349654,0.029004681544442794,0.0005466299536255011,7,140,0.03272046773759898,0.0013384611564325483,True,False,True,0.000220774375130255,COMPLETE
1432,0.5588617920875549,2025-04-04 01:57:54.945985,2025-04-04 01:58:01.529257,0 days 00:00:06.583272,0.043813716813341765,0.2605956743060527,8,0.014681012253715436,0.27584445231356053,0.07289971688530165,0.086453144173754,0.055394719909762705,0.04301880987308817,0.0006618892658837834,5,147,0.03873128498319189,0.019632345983047635,True,False,False,0.0003189484791154943,COMPLETE
1433,0.5308578848838806,2025-04-04 01:58:01.985179,2025-04-04 01:58:08.867623,0 days 00:00:06.882444,0.08944123397756168,0.20949998376166112,8,0.06330820294676437,0.29003124214237624,0.0602024002888002,0.09180048549223532,0.05200737058759508,0.04918623193081996,0.0008994181226907742,6,143,0.034062412714366545,0.0061175242754736335,True,False,False,0.0004061843921365998,COMPLETE
1434,0.29631375670433047,2025-04-04 01:58:09.320802,2025-04-04 01:58:16.195076,0 days 00:00:06.874274,0.06319703315124785,0.2367197750810525,8,0.00022388131539289279,0.28210633607943253,0.06210325068347562,0.08830519688117269,0.05692035745206145,0.036877193639458364,0.0003940026243175068,7,150,0.02878876145521326,0.014113691380881284,True,False,False,0.000618246685693027,COMPLETE
1435,0.4027884960174561,2025-04-04 01:58:16.647245,2025-04-04 01:58:23.451598,0 days 00:00:06.804353,0.028072654630080664,0.6796021022287475,8,0.010014150981737177,0.2944944520774479,0.05658263145876305,0.09486061513643723,0.045832119001543624,0.039107724484084574,0.00047180815703545283,6,147,0.03633586639365661,0.027916885136809927,False,False,False,0.00024172824597870531,COMPLETE
1436,0.5548468470573426,2025-04-04 01:58:23.925693,2025-04-04 01:58:30.547915,0 days 00:00:06.622222,0.11434898259808189,0.18008794680659357,8,0.02073007721661855,0.2999603127101501,0.06517711135116994,0.09033419745089875,0.0538090697032528,0.04502899280099625,0.0005678747940186471,5,145,0.037727336109401724,0.010497370183812298,True,False,False,0.00017547385112670012,COMPLETE
1437,0.5046537518501282,2025-04-04 01:58:31.003339,2025-04-04 01:58:37.951379,0 days 00:00:06.948040,0.010640213810848669,0.3194627145488459,8,0.00550314237164834,0.28780392970832375,0.0685836036509232,0.09776704179226016,0.05147425320942971,0.02618614289723891,0.0007811070384487594,7,80,0.03305455470556554,0.01985653995866312,True,False,False,0.000990660442767695,COMPLETE
1438,0.550602376461029,2025-04-04 01:58:38.409760,2025-04-04 01:58:45.556869,0 days 00:00:07.147109,0.054876312056655684,0.2210015399268277,8,0.014890689106272132,0.2799092371806161,0.05738819272892636,0.09220297826611,0.05653736541040698,0.04117225812969105,0.0011954202513086536,8,148,0.039702652426629535,0.0012440294049226655,True,False,False,0.00047437920977827237,COMPLETE
1439,0.5601144075393677,2025-04-04 01:58:46.009645,2025-04-04 01:58:52.910481,0 days 00:00:06.900836,0.07767486720181355,0.2917440645283327,8,0.026035039429979284,0.29437408470133447,0.05352755907099309,0.08552602996258722,0.036312747524935796,0.03377285051115015,0.0006377246927887373,6,142,0.03552325779994922,0.013601347823460199,True,False,False,0.00030224497213177944,COMPLETE
1440,0.5576767325401306,2025-04-04 01:58:53.394011,2025-04-04 01:59:00.028556,0 days 00:00:06.634545,0.0422696328279695,0.20128770981752578,8,0.008893122252927743,0.27258830810284435,0.062152843050891325,0.09987924276957698,0.048671973964457556,0.04358688731964301,0.0005045590292974712,5,150,0.031003024518420116,0.0071798465463394495,True,False,False,0.0003638120262115216,COMPLETE
1441,0.5516465902328491,2025-04-04 01:59:00.487818,2025-04-04 01:59:07.267379,0 days 00:00:06.779561,0.09103730637636051,0.25239599214031,8,0.01841411743135592,0.28639840733584176,0.0586361985278926,0.08906782354948249,0.054149209369326615,0.029881381112290446,0.001012069426292194,6,145,0.0342777498729574,0.023157782463180385,True,False,False,0.0005599284674975245,COMPLETE
1442,0.5524935126304626,2025-04-04 01:59:07.730112,2025-04-04 01:59:14.920339,0 days 00:00:07.190227,0.06653197439659114,0.15386819998821422,8,0.009591680183670272,0.28962132129078944,0.05504280711619257,0.09316335427924756,0.03978440130203265,0.04723396796863536,0.000766764095879022,8,140,0.037133667810639676,0.01687553690000116,True,False,False,0.0007909004174252486,COMPLETE
1443,0.5561745762825012,2025-04-04 01:59:15.378115,2025-04-04 01:59:22.398710,0 days 00:00:07.020595,0.12906004117659434,0.27675033454098613,8,0.03247749002874917,0.2801434795030318,0.06027316780995728,0.08367087610272256,0.05784964737217711,0.03985009296493763,0.0005717818187261813,7,147,0.03262429421372596,0.007795055322267431,True,False,False,0.00011366377008689009,COMPLETE
1444,0.5554155945777893,2025-04-04 01:59:22.855133,2025-04-04 01:59:29.727637,0 days 00:00:06.872504,0.029822950645610004,0.8785155487055816,8,0.014487216052109158,0.2946958401461195,0.0641824977808411,0.09593405942253087,0.050403116491536365,0.03726654156740486,0.0003405820265101152,6,150,0.044461468115297276,0.005711140363224274,True,False,False,0.0002507747739860354,COMPLETE
1445,0.5324579834938049,2025-04-04 01:59:30.206755,2025-04-04 01:59:36.481541,0 days 00:00:06.274786,0.09827267800395886,0.22514285225356975,16,0.005302109901802655,0.2695878579416769,0.06681788969541268,0.09071543973915659,0.09704054751430476,0.03475481040255839,0.0004335563464839653,5,143,0.03565023215374667,0.0290280058131072,True,False,False,0.00041522079052554926,COMPLETE
1446,0.5544119358062745,2025-04-04 01:59:36.943998,2025-04-04 01:59:43.969598,0 days 00:00:07.025600,0.05383516287873075,0.18740704635324523,8,0.023531296852569345,0.28360310774263386,0.07011092944257899,0.08661401738887099,0.044073303204620745,0.03168953644965295,0.000689865333828712,7,145,0.039400851882210985,0.013783644751917793,True,False,False,0.0001926156895217707,COMPLETE
1447,0.29631375670433047,2025-04-04 01:59:44.428113,2025-04-04 01:59:50.892992,0 days 00:00:06.464879,0.07288135853647537,0.24386616812018677,8,0.01347201009924319,0.28959862904989064,0.050542813038393614,0.0938453263320869,0.055326624290157944,0.042522819630387766,0.0008727724117938385,6,147,0.04200440105236369,0.021331662172555756,True,True,False,0.0003184879127859491,COMPLETE
1448,0.29631375670433047,2025-04-04 01:59:51.357364,2025-04-04 01:59:58.167771,0 days 00:00:06.810407,0.027409516998822204,0.20954342748812171,8,0.005395440561673124,0.27723912050404215,0.05796065873121072,0.08818163429352564,0.051826548895733474,0.02760387981116243,0.04763354713742462,6,150,0.037230858969797824,0.011495887004671756,True,False,False,0.0005075996026169555,COMPLETE
1449,0.5562569022178651,2025-04-04 01:59:58.649887,2025-04-04 02:00:05.253412,0 days 00:00:06.603525,0.045584253454707256,0.1654593616136657,8,0.01973972242373301,0.29986789869637287,0.06095864061196509,0.09649805348085974,0.04140899937840845,0.05140444646824548,0.000566497180010656,5,139,0.034696960827887674,0.007515595825692606,True,False,False,0.00027438987943314235,COMPLETE
1450,0.3428525388240814,2025-04-04 02:00:05.719042,2025-04-04 02:00:12.368322,0 days 00:00:06.649280,0.07818366806358829,0.26154420703171066,8,0.009791148217839598,0.2947884432819568,0.06378802555005875,0.09206760962064038,0.0580546410207393,0.03848311954296057,0.0007089721049304141,7,143,0.0317297039741692,0.017310606532393996,True,False,True,0.0006494590799410396,COMPLETE
1451,0.5360217332839966,2025-04-04 02:00:12.835520,2025-04-04 02:00:19.706696,0 days 00:00:06.871176,0.10341499072423681,0.22481294864318135,8,0.07853914866050464,0.28325290109066087,0.05506077783750329,0.08996601851800623,0.04726625782752688,0.04589305011187138,0.0004775745044917389,6,147,0.038617717749085255,0.0011523217167969746,True,False,False,0.0001553359506002301,COMPLETE
1452,0.29631375670433047,2025-04-04 02:00:20.165352,2025-04-04 02:00:26.705606,0 days 00:00:06.540254,0.058328966941094185,0.13393973702537237,8,0.00019240836057532636,0.29017286791027397,0.07460925940357807,0.09500064008581623,0.0557977121574359,0.023862337578478974,0.000612727744205456,5,145,0.02898406049942868,0.006295980162891014,True,False,False,0.0004324511920096708,COMPLETE
1453,0.5571977734565735,2025-04-04 02:00:27.190260,2025-04-04 02:00:34.211809,0 days 00:00:07.021549,0.0101758705292666,0.19322680299013553,8,0.015252206897895373,0.27466895015603177,0.06618219040657379,0.08682583989800774,0.053638494382524694,0.03542261980481214,0.0009316282186391029,7,150,0.034485318421332685,0.0010992845747500885,True,False,False,0.00034754921568565705,COMPLETE
1454,0.37992082834243773,2025-04-04 02:00:34.674352,2025-04-04 02:00:41.781508,0 days 00:00:07.107156,0.6305748512904711,0.24295150864847043,8,0.00579734416647168,0.28643597522886055,0.052479029919984904,0.0933669972088792,0.05923386914371788,0.041004252495926354,0.0003924424331266659,8,148,0.05678587828879152,0.01372102746124126,False,False,False,0.00023589715865191137,COMPLETE
1455,0.5555620431900025,2025-04-04 02:00:42.242340,2025-04-04 02:00:49.023501,0 days 00:00:06.781161,0.04067823580555705,0.1746995833802285,8,0.024980496487774267,0.2999494672165363,0.05832478688145678,0.08323545118595438,0.056395701629928054,0.03076497635573632,0.0007987665080393511,6,142,0.036794551842113284,0.024032627833387124,True,False,False,0.0005374161124169588,COMPLETE
