number,value,datetime_start,datetime_complete,duration,params_alpha-eval,params_alpha-train,params_batch-size,params_eps-eval,params_eps-train,params_lambda-actions-eval,params_lambda-actions-train,params_lambda-frames-eval,params_lambda-frames-train,params_learning-rate,params_n-epochs,params_n-frames,params_radius-gw,params_rho,params_std-feats,params_ub-actions,params_ub-frames,params_weight-decay,state
564,0.49368083477020264,2025-04-23 11:16:45.227429,2025-04-23 11:16:52.060243,0 days 00:00:06.832814,0.4350362640790354,0.2637567550139318,16,0.1702931823329758,0.1592787424704016,0.05764602302564811,0.008520738194487096,0.0820387688786305,0.05040538052523369,1.3283280228877595e-05,6,142,0.03184767706904607,0.15551829144145538,True,False,False,3.337356516809844e-06,COMPLETE
565,0.4566704273223877,2025-04-23 11:16:52.245241,2025-04-23 11:16:58.958771,0 days 00:00:06.713530,0.5113168623751186,0.013545858195864818,16,0.17847157122844765,0.24253585572154407,0.03570994191586857,0.0749938178061319,0.0852743237814613,0.054386818913134176,2.078128547062849e-05,5,136,0.02584972985457447,0.14374571054931157,True,False,False,1.128223136503372e-05,COMPLETE
566,0.4963195323944092,2025-04-23 11:16:59.137279,2025-04-23 11:17:06.040155,0 days 00:00:06.902876,0.3476834085871825,0.1465096986126893,16,0.18520787953877416,0.23299029707601168,0.09477488184259214,0.08732947887676495,0.06016448920290415,0.05878617296284339,1.183738980867433e-05,7,146,0.02949475463017257,0.17339788012245638,True,False,False,2.3473145335122144e-06,COMPLETE
567,0.49672553539276126,2025-04-23 11:17:06.230662,2025-04-23 11:17:13.101731,0 days 00:00:06.871069,0.4797293606934804,0.292121484517527,16,0.17704740762286492,0.14711916004868641,0.09112059700998663,0.07166852206676923,0.06812050846289278,0.06106381285168584,1.5195735637716445e-05,6,139,0.033622642839857456,0.16504093849023885,True,False,False,1.9825985477487295e-06,COMPLETE
568,0.43047001361846926,2025-04-23 11:17:13.280728,2025-04-23 11:17:22.319461,0 days 00:00:09.038733,0.45506337537633945,0.23813582570140573,16,0.19559949940208296,0.06727308519229447,0.09820433118231815,0.0824037327626419,0.08745033863333819,0.0016454304030434942,1.9732197815259795e-05,25,150,0.028042298171873033,0.18241597065108184,True,False,False,2.8654786751800523e-06,COMPLETE
569,0.4726786851882935,2025-04-23 11:17:22.507754,2025-04-23 11:17:29.163528,0 days 00:00:06.655774,0.3748058412048015,0.07493799285987572,16,0.16642507988524646,0.13790460762042708,0.08939062921887411,0.06792996227589854,0.06446123938533929,0.05237092278147506,1.0024485385513057e-05,5,52,0.02224740063130124,0.1583467914979906,True,False,False,5.925647637416175e-06,COMPLETE
570,0.4976796507835388,2025-04-23 11:17:29.343948,2025-04-23 11:17:36.043616,0 days 00:00:06.699668,0.49613957016985016,0.2823921762493383,16,0.26469900769069044,0.1532334406029757,0.09344388621789763,0.08890584202607545,0.08930966278693792,0.015886962901092653,1.7222932643688043e-05,5,143,0.024694400448876018,0.17177611839051143,True,False,False,9.355035734261847e-06,COMPLETE
571,0.4969997048377991,2025-04-23 11:17:36.226972,2025-04-23 11:17:42.934050,0 days 00:00:06.707078,0.5412719024117572,0.27873972857470697,16,0.1591019029130054,0.16570761553097269,0.0957515043926639,0.09122782860097514,0.0883716605676726,0.04780640259435652,1.820957404569913e-05,5,143,0.024469735056588008,0.1776191813996249,True,False,False,9.65846807359448e-06,COMPLETE
572,0.36595821976661685,2025-04-23 11:17:43.123407,2025-04-23 11:17:50.257652,0 days 00:00:07.134245,0.5083631357570262,0.30645560360052754,8,0.24868620011195092,0.17112818025580315,0.09387440388424717,0.08780455022124256,0.08617460867030596,0.007341785617088585,0.02276145809756481,5,148,0.02015530046392573,0.19083702588343152,True,False,False,1.2556153224457785e-05,COMPLETE
573,0.4863221645355225,2025-04-23 11:17:50.434623,2025-04-23 11:17:57.228715,0 days 00:00:06.794092,0.5245582907935058,0.6355424328921362,16,0.15089900939019454,0.15534732235302776,0.09702335486459983,0.08548432941681662,0.08982333637917166,0.018084188100466997,2.1648878110398007e-05,5,144,0.022852168762447216,0.15076455200941397,True,False,False,9.907261994970395e-05,COMPLETE
574,0.49619790315628054,2025-04-23 11:17:57.420987,2025-04-23 11:18:04.153738,0 days 00:00:06.732751,0.4945168241130418,0.28663192071170057,16,0.23293078912085446,0.15234439343456424,0.09340712197923828,0.08941461852864264,0.08431543470631182,0.01408410956024293,1.7083322469879676e-05,5,147,0.025369549777001277,0.1637445423791212,True,False,False,8.778860767435596e-06,COMPLETE
575,0.3689773857593537,2025-04-23 11:18:04.331769,2025-04-23 11:18:10.956964,0 days 00:00:06.625195,0.47989754859591804,0.2664442867093514,16,0.28187108526411814,0.16144685937103542,0.09547508327582699,0.08875358730988243,0.07232580820627811,0.016979220299355204,2.3043231919290128e-05,5,141,0.022771858412216447,0.27953215159546707,False,False,False,1.7548987457088772e-05,COMPLETE
576,0.37893333435058596,2025-04-23 11:18:11.149017,2025-04-23 11:18:17.917249,0 days 00:00:06.768232,0.5097455783592312,0.3132400989383855,16,0.06154962211120034,0.14645772934033735,0.09257393172807697,0.0841964775090479,0.08822172399161099,0.015403427916626532,0.00015344041200126982,5,150,0.024174548661559027,0.17094166318247445,True,False,False,6.835541093037993e-06,COMPLETE
577,0.4965358138084412,2025-04-23 11:18:18.096869,2025-04-23 11:18:24.941711,0 days 00:00:06.844842,0.6807045810596453,0.9932798096817118,16,0.1383392523265464,0.15637648823373557,0.04701353401907607,0.08940381691442291,0.08635798510577863,0.02396968212109595,1.210819265470689e-05,6,145,0.020227447625341385,0.1555634264707232,True,False,False,1.0059164190767412e-05,COMPLETE
578,0.29602004289627076,2025-04-23 11:18:25.136831,2025-04-23 11:18:31.487836,0 days 00:00:06.351005,0.4904227526044353,0.8703126648024592,16,0.25365424790359825,0.14872375115690684,0.09804907581484884,0.08715118079337622,0.09082822236280606,0.010336404589448078,1.5378548563267985e-05,5,142,0.026868133823534666,0.16489875123768216,True,True,False,7.537830929341361e-06,COMPLETE
579,0.48488438129425054,2025-04-23 11:18:31.671951,2025-04-23 11:18:38.483060,0 days 00:00:06.811109,0.5332749122229187,0.28588401308354333,16,0.26650529853617416,0.22489171882835857,0.0683773854405452,0.07796430184266608,0.08326142136590949,0.012175129300070017,2.6005977265210907e-05,6,120,0.03610347131731181,0.17657611750051347,True,False,False,4.6765279380653185e-06,COMPLETE
580,0.29428661465644834,2025-04-23 11:18:38.678408,2025-04-23 11:18:45.081358,0 days 00:00:06.402950,0.5830056409096323,0.04379304288391533,16,0.26737096647001796,0.15257236381452197,0.0942993328247089,0.0022537319384665303,0.08018794018291517,0.0054540617080374235,1.0017104647213483e-05,5,134,0.03154856788110522,0.24108935637891205,True,False,True,1.3452128158331857e-05,COMPLETE
581,0.35957527160644537,2025-04-23 11:18:45.262246,2025-04-23 11:19:01.513261,0 days 00:00:16.251015,0.4768041148142434,0.5409271700372383,2,0.2996344221603082,0.17540536281747757,0.09178032367630884,0.08126049666286853,0.09046052156671727,0.013635970885333071,0.0014894606656302436,15,146,0.026414837412836067,0.18414193436494317,True,False,False,8.777541382870165e-06,COMPLETE
582,0.4951931953430176,2025-04-23 11:19:01.710525,2025-04-23 11:19:08.484544,0 days 00:00:06.774019,0.4957582877554374,0.2969669326382397,16,0.1686882271562655,0.16185068968676308,0.09606117758269225,0.015726396525997752,0.08454348259535696,0.050079658538330254,1.8139057657517738e-05,5,140,0.034508428420378115,0.1612226322949072,True,False,False,5.227211011421475e-06,COMPLETE
583,0.4292384922504425,2025-04-23 11:19:08.666533,2025-04-23 11:19:15.406226,0 days 00:00:06.739693,0.5127966129806069,0.25305788478244645,16,0.23585173139594742,0.14268253411014717,0.09803461789952486,0.08420988532397529,0.08811295895310811,0.06400493414029641,1.4088174371681432e-05,6,38,0.018840152311924804,0.16844304845970975,True,False,False,6.3374731569913635e-06,COMPLETE
584,0.39917488694190983,2025-04-23 11:19:15.591126,2025-04-23 11:19:22.618607,0 days 00:00:07.027481,0.5536063305277965,0.5009440064039068,16,0.17336851532668687,0.15015630092521678,0.093597220751089,0.005009614021858394,0.07685072719538125,0.019312607262225813,3.122865482023394e-05,8,143,0.08759323013595427,0.14937964116362457,True,False,False,1.0959448000403666e-05,COMPLETE
585,0.46080107092857364,2025-04-23 11:19:22.810731,2025-04-23 11:19:31.498392,0 days 00:00:08.687661,0.46490767337103084,0.31533207517152095,16,0.24796286522692015,0.15625088361754416,0.09123318737406132,0.0936184093936739,0.09171717297386141,0.07603820371227685,1.2184889014582513e-05,23,137,0.030411635824315636,0.17379738428487412,True,False,False,3.503279553915599e-06,COMPLETE
586,0.4939952492713928,2025-04-23 11:19:31.682728,2025-04-23 11:19:38.584087,0 days 00:00:06.901359,0.4652203116825067,0.4055961642942414,16,0.2709906227157896,0.14245274219714668,0.042141148572594045,0.018046331828076512,0.08115945953560551,0.021986438620618,1.9429464567310453e-05,7,133,0.02435406176434753,0.20212446493040137,True,False,False,9.458223150906843e-07,COMPLETE
587,0.4958726048469544,2025-04-23 11:19:38.777053,2025-04-23 11:19:45.629344,0 days 00:00:06.852291,0.5279445619857085,0.06563675563057564,16,0.16125605507033577,0.14662733078982834,0.095297065007716,0.09178265815055513,0.08599535848016962,0.008441262020284423,1.5855547270627182e-05,6,124,0.027922946873558008,0.158029343676175,True,False,False,1.6447676870812312e-05,COMPLETE
588,0.4591744542121887,2025-04-23 11:19:45.815981,2025-04-23 11:19:52.518218,0 days 00:00:06.702237,0.7238114520422497,0.27769590964461954,16,0.17246763515588875,0.25142670305376896,0.09241524075435012,0.08986968997119453,0.09606324061071012,0.01602633126337253,1.3299250789087947e-05,5,146,0.03225578234212643,0.265286037476162,True,False,False,7.604015649759644e-06,COMPLETE
589,0.4423262476921082,2025-04-23 11:19:52.711099,2025-04-23 11:19:59.531179,0 days 00:00:06.820080,0.325380050103368,0.01087960551846245,16,0.2888272631075195,0.13657838093665478,0.022412007012346108,0.07013929465647616,0.07846217340771598,0.056376125838709976,2.5391056564892603e-05,6,140,0.04258226116068674,0.16624343699414287,True,False,False,7.678096819953024e-07,COMPLETE
590,0.49193656444549566,2025-04-23 11:19:59.716384,2025-04-23 11:20:06.509665,0 days 00:00:06.793281,0.0830726425611516,0.09246313256636135,16,0.1792738159543942,0.2071409973551614,0.09823138049447416,0.013578200945745017,0.05314414105259569,0.062382282863071806,2.078983310637202e-05,5,130,0.0217613997779466,0.14466726687471732,True,False,False,4.232296565847471e-06,COMPLETE
591,0.4900567412376404,2025-04-23 11:20:06.705128,2025-04-23 11:20:13.446588,0 days 00:00:06.741460,0.7599734156536825,0.4196644630628213,16,0.2266363739868956,0.16561918578098256,0.09044100310364345,0.015128802831489053,0.0924687620878717,0.012314818016587244,1.2126104940285359e-05,6,68,0.01505641578378282,0.1548479501543059,True,False,False,6.0401647155249735e-06,COMPLETE
592,0.4940608620643616,2025-04-23 11:20:13.632033,2025-04-23 11:20:20.574003,0 days 00:00:06.941970,0.4949802492871737,0.2584000138516354,16,0.2415148811095229,0.10125432363518529,0.09431283216126844,0.08600054124814199,0.09849052787101507,0.046596756682740714,1.6787846272194205e-05,7,143,0.03856443244274746,0.17865860327392016,True,False,False,1.0794541257268018e-06,COMPLETE
593,0.35914051532745367,2025-04-23 11:20:20.769558,2025-04-23 11:20:27.408592,0 days 00:00:06.639034,0.7774408364376209,0.1355042145691685,16,0.16393802483531464,0.1550336289512275,0.052115407568448624,0.02030543319622738,0.06151382000774888,0.05048559484391315,4.345099778962218e-05,5,136,0.03012387636387511,0.16165630012293142,False,False,False,1.0197604751447194e-08,COMPLETE
594,0.29631375670433047,2025-04-23 11:20:27.596825,2025-04-23 11:20:33.924950,0 days 00:00:06.328125,0.4526707057496478,0.30171523615799634,16,0.18184931289128864,0.1432794500547584,0.09610524681276876,0.02328004748173071,0.08939857389249692,0.04405444046931869,1.4381476355897205e-05,5,148,0.025597153193030377,0.17137441964899944,True,True,False,9.002169231023727e-06,COMPLETE
595,0.49222998619079594,2025-04-23 11:20:34.125150,2025-04-23 11:20:41.415270,0 days 00:00:07.290120,0.8174874064545113,0.3397238850419979,8,0.16992686496813142,0.1349085612350059,0.045183310234504295,0.0725223290061855,0.07383202682094453,0.021129725273061714,1.1969256427442772e-05,6,116,0.03310557778525346,0.16596488370473608,True,False,False,6.424695655012075e-07,COMPLETE
596,0.42190643548965456,2025-04-23 11:20:41.602040,2025-04-23 11:20:48.201814,0 days 00:00:06.599774,0.48062876694491413,0.8556358555651495,16,0.14766773648075146,0.16001918076983412,0.09976321076739822,0.06421822846678862,0.08248490224612239,0.05972631571385134,2.1789166841176387e-05,5,24,0.02817358210523899,0.1530515788535813,True,False,False,1.2837063622608936e-06,COMPLETE
597,0.4901612281799317,2025-04-23 11:20:48.400443,2025-04-23 11:20:55.393207,0 days 00:00:06.992764,0.5129154366813212,0.4753628775185298,16,0.2756978745812036,0.09526499370441366,0.032265160918901234,0.024696001520484876,0.05616978399132948,0.07211715023080247,1.828577780252524e-05,7,140,0.022345152188332846,0.18267049409849054,True,False,False,1.2155730659495538e-05,COMPLETE
598,0.4862883269786835,2025-04-23 11:20:55.582158,2025-04-23 11:21:02.403694,0 days 00:00:06.821536,0.36324917790763067,0.27587730398812527,16,0.15571518584435842,0.1505494221367417,0.09210209904451384,0.0072774737418051134,0.07120012180067711,0.05532723090910862,1.1550872975311115e-05,6,133,0.03463558674874367,0.17393570245016313,True,False,False,9.33247095069543e-07,COMPLETE
599,0.4869690537452698,2025-04-23 11:21:02.594910,2025-04-23 11:21:09.302878,0 days 00:00:06.707968,0.48260131065494283,0.2291145141083479,16,0.17569607976746687,0.10775800766814525,0.08797028123786244,0.020835793018746017,0.09312380097387596,0.048712268522244556,1.0026269162840186e-05,5,145,0.029613526403294066,0.14018171327374931,True,False,False,5.316778977174777e-06,COMPLETE
600,0.29715734124183657,2025-04-23 11:21:09.504678,2025-04-23 11:21:15.955899,0 days 00:00:06.451221,0.551384833258789,0.31090879701800633,16,0.18467888409152872,0.18301756863369054,0.09039591536228214,0.01713227109286234,0.06736830642480984,0.052012936657861775,1.4272899997705066e-05,6,126,0.017246698611300564,0.1596806915275859,True,False,True,3.5223794465093414e-06,COMPLETE
601,0.48756941556930544,2025-04-23 11:21:16.144508,2025-04-23 11:21:22.875124,0 days 00:00:06.730616,0.19538512362095584,0.38694979275389146,16,0.17758747463920196,0.2740079845381329,0.09368545938692477,0.06841821626920433,0.09490055507925473,0.057338636610303174,3.435883280159705e-05,5,137,0.026344940043288346,0.2500151304227299,True,False,False,6.79223582056737e-06,COMPLETE
602,0.49423009157180786,2025-04-23 11:21:23.073770,2025-04-23 11:21:29.991695,0 days 00:00:06.917925,0.4479778933597208,0.09581665895053401,16,0.16696778164570114,0.13665101847399969,0.0972300282219112,0.009995415142296977,0.08722424280968724,0.05325776959748524,1.6751807220509473e-05,7,143,0.024221657822309842,0.16730276228778168,True,False,False,5.122541316564343e-07,COMPLETE
603,0.40641863942146306,2025-04-23 11:21:30.179245,2025-04-23 11:21:40.937434,0 days 00:00:10.758189,0.49918756512961654,0.05012072099157304,2,0.1712729901381981,0.14285836652908754,0.09564587324532434,0.09292338766469489,0.09085567251728899,0.05821354541554409,2.7130944788876626e-05,6,150,0.06138933107823492,0.18805955343554964,True,False,False,4.357492097365456e-06,COMPLETE
604,0.496838116645813,2025-04-23 11:21:41.136891,2025-04-23 11:21:47.980782,0 days 00:00:06.843891,0.46785893353101915,0.2629468558705325,16,0.18698830686320408,0.16773776024153134,0.09988952034110317,0.028249162009261405,0.0968341090198051,0.04979237312272101,1.3504384321837966e-05,6,139,0.03126011155271892,0.1600142515386077,True,False,False,8.08252496797856e-07,COMPLETE
605,0.49603323936462407,2025-04-23 11:21:48.169598,2025-04-23 11:21:54.929159,0 days 00:00:06.759561,0.5208853242080811,0.32973288802188794,16,0.16005229296727516,0.031007566416047266,0.09259034899292648,0.08817438675586334,0.01862506989381571,0.03178135683262532,2.1501182544296427e-05,5,131,0.03695436844425307,0.1732972150052281,True,False,False,1.5180077766877174e-06,COMPLETE
606,0.48757896423339847,2025-04-23 11:21:55.128601,2025-04-23 11:22:02.119228,0 days 00:00:06.990627,0.39247381210026916,0.3685665620765122,16,0.2591473687002569,0.14906333595027343,0.09029560586165909,0.030673145850704516,0.06427584464733965,0.055217388217442605,1.6630111533464263e-05,8,134,0.012601536038579237,0.14894165042510016,True,False,False,8.674469682599027e-06,COMPLETE
607,0.4902044177055359,2025-04-23 11:22:02.310806,2025-04-23 11:22:09.042582,0 days 00:00:06.731776,0.4374405272859136,0.11107369534066369,16,0.1799613330686182,0.11740846975129247,0.09402670242500331,0.06647428139812663,0.08416535673180021,0.04719268091607856,1.2283445970049861e-05,5,147,0.028370401380729528,0.16590815614156199,True,False,False,1.1303349643462247e-06,COMPLETE
608,0.3639147341251373,2025-04-23 11:22:09.244135,2025-04-23 11:22:16.042243,0 days 00:00:06.798108,0.34554434508211235,0.24730778403436987,16,0.1727503585760495,0.15715951030291522,0.08760362109074354,0.03528264150370285,0.09886551443366488,0.051559690209054355,0.009001184239793103,6,128,0.019175507388351828,0.1557918256596496,True,False,False,2.700254534218628e-08,COMPLETE
609,0.3715462744235992,2025-04-23 11:22:16.231798,2025-04-23 11:22:23.202608,0 days 00:00:06.970810,0.4848847827899543,0.2945625699110173,16,0.16384430657728102,0.13269804159118914,0.04933609653353248,0.09607341363601785,0.0587374713590895,0.05401316330439375,0.00021862682508210336,7,142,0.03361608299564429,0.17854394759499884,True,False,False,2.534055396201602e-06,COMPLETE
610,0.49423481225967414,2025-04-23 11:22:23.406445,2025-04-23 11:22:30.142926,0 days 00:00:06.736481,0.5358092797790504,0.7127366899856689,16,0.1837717819548944,0.12462984410519592,0.09702862264428144,0.02505180236581138,0.08921168257965933,0.04899319532248226,1.9051865904217087e-05,5,137,0.021256252096105935,0.17006567654869661,True,False,False,6.909111609395044e-07,COMPLETE
611,0.4962324500083924,2025-04-23 11:22:30.331513,2025-04-23 11:22:37.171206,0 days 00:00:06.839693,0.5042709341151448,0.4250554654684293,16,0.22229961256814093,0.23788636347987507,0.09184741861498155,0.015400168298964855,0.07557210386696181,0.056312781754469556,1.3926269639787857e-05,6,145,0.027036087433636426,0.16248667717575158,True,False,False,7.2971279949278125e-06,COMPLETE
612,0.4924505710601807,2025-04-23 11:22:37.374637,2025-04-23 11:22:44.147482,0 days 00:00:06.772845,0.45845405423058927,0.31829368635421035,16,0.1773934744135113,0.25859888980865053,0.09509111824305096,0.022516934358223075,0.09301184401489014,0.04160149246006223,1.1489695910704948e-05,5,139,0.031000351627895495,0.1532053713535493,True,False,False,1.7410582019264129e-06,COMPLETE
613,0.33729106783866886,2025-04-23 11:22:44.342404,2025-04-23 11:22:50.701560,0 days 00:00:06.359156,0.4711940061862461,0.3402654765467293,16,0.153602696771929,0.11062171614548695,0.09036048647296355,0.08304442920534956,0.0958176179931503,0.06707439527406305,2.4795786996801433e-05,6,142,0.029419328148807548,0.1753977603651206,False,True,False,1.1558807843655804e-05,COMPLETE
614,0.4652833223342896,2025-04-23 11:22:50.908445,2025-04-23 11:22:57.600086,0 days 00:00:06.691641,0.39356729959448966,0.39666273360318965,16,0.16783487990634516,0.14059170055569545,0.08851701023494925,0.01839218432970221,0.08668878013898704,0.05951363514272577,1.0102582564827928e-05,5,135,0.04052188502019527,0.22172111572966358,True,False,False,1.3108248949107596e-06,COMPLETE
615,0.4894808053970337,2025-04-23 11:22:57.791259,2025-04-23 11:23:04.754184,0 days 00:00:06.962925,0.4306570839775628,0.22307740718178404,16,0.18831353544746968,0.14740118523951637,0.09308912834969954,0.08665536707453628,0.09978755077255645,0.04583931923548492,1.5790538279118892e-05,7,131,0.023797844629800294,0.15967564615337712,True,False,False,3.151962241133642e-06,COMPLETE
616,0.4009815096855164,2025-04-23 11:23:04.958410,2025-04-23 11:23:12.085090,0 days 00:00:07.126680,0.5706787945737805,0.9630762184806134,8,0.17435069893237412,0.13230490137211137,0.09707030915895384,0.06892489027731875,0.09112378755327413,0.05282446905082349,0.0375073611950872,5,122,0.03519151724308231,0.053630515016662175,True,False,False,4.971783254412341e-06,COMPLETE
617,0.49219527244567873,2025-04-23 11:23:12.278945,2025-04-23 11:23:19.151377,0 days 00:00:06.872432,0.5095539095114556,0.6809672264496722,16,0.18010913405509518,0.1525676863583812,0.09475158634825669,0.09076981575877685,0.0789034637715753,0.05098101948633293,1.8946449104806767e-05,6,147,0.032859455745661674,0.16865498769088005,True,False,False,2.990661630466195e-05,COMPLETE
618,0.29671847224235537,2025-04-23 11:23:19.361951,2025-04-23 11:23:25.820779,0 days 00:00:06.458828,0.449612939746233,0.07225684926397342,16,0.16021427752505082,0.11743297102708254,0.014341314187920284,0.02003132499618088,0.051179997402525754,0.009227990698017942,1.0052148472870725e-05,6,141,0.026621451699945155,0.14615343395865374,True,False,True,1.4932494112630156e-05,COMPLETE
619,0.490652072429657,2025-04-23 11:23:26.013014,2025-04-23 11:23:32.753027,0 days 00:00:06.740013,0.6468577721516582,0.27114211062648846,16,0.18745997747922263,0.16035160879329288,0.09198648459407448,0.06232132539587017,0.08234688977995787,0.0038382649170831395,1.4279284652364298e-05,5,144,0.025275336570923304,0.18199882911612092,True,False,False,2.114379148059334e-05,COMPLETE
