number,value,datetime_start,datetime_complete,duration,params_alpha-eval,params_alpha-train,params_batch-size,params_eps-eval,params_eps-train,params_lambda-actions-eval,params_lambda-actions-train,params_lambda-frames-eval,params_lambda-frames-train,params_learning-rate,params_n-epochs,params_n-frames,params_radius-gw,params_rho,params_std-feats,params_ub-actions,params_ub-frames,params_weight-decay,state
1848,0.44745712280273436,2025-04-04 02:49:17.084176,2025-04-04 02:49:24.024923,0 days 00:00:06.940747,0.7844277279361823,0.7006278413508032,8,0.23160928582503404,0.29521196854923637,0.020659583744056298,0.0818718110486825,0.05068311583072451,0.043882746980920664,0.0005114274507188941,6,150,0.03664150047323054,0.012494135632151092,True,False,False,0.00027484632875019127,COMPLETE
1849,0.38726689219474797,2025-04-04 02:49:24.640050,2025-04-04 02:49:31.360370,0 days 00:00:06.720320,0.0476946954109062,0.18767434277197598,8,0.005745805140165268,0.2660304437741753,0.05344630881295501,0.08777445899945018,0.05629550468543302,0.040022499234939696,0.0009653749189825852,6,145,0.03849736901720706,0.00759745450994427,False,False,False,0.0005225037078602633,COMPLETE
1850,0.29631375670433047,2025-04-04 02:49:31.949026,2025-04-04 02:49:38.816171,0 days 00:00:06.867145,0.10740970354552568,0.2182473317556608,8,0.0001425110618873196,0.14531148775086358,0.06216163644616063,0.09851818939152672,0.037943916536412235,0.045718424091094466,0.0006291090334033547,7,147,0.03253935434893211,0.016282340804664158,True,False,False,0.0009646354755589786,COMPLETE
1851,0.5574861645698548,2025-04-04 02:49:39.428681,2025-04-04 02:49:46.072825,0 days 00:00:06.644144,0.06597774300305052,0.27782638351754346,8,0.012484646723252264,0.27363896720615055,0.023820644058334978,0.09430767196189481,0.06064232230428219,0.03507070479218834,0.0008010107927969583,5,140,0.03604641578265336,0.034830271733396416,True,False,False,6.260663629446635e-07,COMPLETE
1852,0.5418566465377808,2025-04-04 02:49:46.661196,2025-04-04 02:49:53.868056,0 days 00:00:07.206860,0.02861503268816097,0.24498412656727858,8,0.029799021018750187,0.2822114838298073,0.025955862643445266,0.08459241801292286,0.05370262999218045,0.024603081563688105,0.0011898206849678473,8,150,0.03400980075541925,0.0061938973868652,True,False,False,0.00038963990384391784,COMPLETE
1853,0.5607603549957275,2025-04-04 02:49:54.485413,2025-04-04 02:50:01.480874,0 days 00:00:06.995461,0.05300806860536203,0.20618454165610103,8,0.009073436574060007,0.2873369346144266,0.0593480197616332,0.0913770419330082,0.048030289339034936,0.04168514444593595,0.00043651615854647306,7,145,0.030979810546757355,0.021434351582130185,True,False,False,0.00022180466318283935,COMPLETE
1854,0.394026380777359,2025-04-04 02:50:02.067734,2025-04-04 02:50:08.966934,0 days 00:00:06.899200,0.08022804779305681,0.23302523439797648,8,0.17836758679261333,0.2952269651483277,0.027725702024606766,0.08826710321469036,0.05182434581740261,0.03665692804909372,0.0005542952179001695,6,147,0.07247012420664212,0.02756272882309279,True,False,False,0.00028680551579431877,COMPLETE
1855,0.5118971109390259,2025-04-04 02:50:09.578767,2025-04-04 02:50:16.402880,0 days 00:00:06.824113,0.1463777427513227,0.13998552690400187,8,0.021930571744528823,0.27771278908136027,0.03190520989622139,0.09307648420437024,0.05748013340204208,0.03202570092878278,0.0006977755280467294,6,78,0.041133590729202314,0.0011893621922156872,True,False,False,0.000641008988173928,COMPLETE
1856,0.5561112403869629,2025-04-04 02:50:16.994893,2025-04-04 02:50:23.634436,0 days 00:00:06.639543,0.09978014794204877,0.18434971885624418,8,0.014172979233252371,0.2998954838130029,0.05611185478882615,0.09614619051505925,0.05506818786278259,0.03892317350654488,0.0008667599499884197,5,143,0.03776908235186459,0.014393287062709557,True,False,False,0.0004821407008182299,COMPLETE
1857,0.557672131061554,2025-04-04 02:50:24.242200,2025-04-04 02:50:31.287749,0 days 00:00:07.045549,0.04305670987685853,0.2610359850512866,8,0.005656403785317804,0.28904581396185397,0.022252502536671943,0.08952208384748002,0.05946600673471954,0.028001208618343022,0.0005040371911061558,7,150,0.04702603107632399,0.010748636426454588,True,False,False,0.00014867720911749443,COMPLETE
1858,0.5566862583160401,2025-04-04 02:50:31.903149,2025-04-04 02:50:38.745356,0 days 00:00:06.842207,0.06918769518774764,0.21583548789525936,8,0.017248813501689452,0.2829180521910497,0.029822468857969485,0.08611378298218808,0.04360529053868986,0.043087693363543095,0.00031463666054786903,6,147,0.03544563153846757,0.019843013622103726,True,False,False,0.0003320771419543348,COMPLETE
1859,0.5595184922218324,2025-04-04 02:50:39.336565,2025-04-04 02:50:46.013088,0 days 00:00:06.676523,0.02532761675095712,0.17304028181908213,8,0.011391714269169325,0.29458018882881537,0.06314544435543305,0.09994257095268345,0.05722014743235932,0.04928820478665762,0.0006345659202996966,5,143,0.032920858900251745,0.010113847360451761,True,False,False,0.00017990182516723556,COMPLETE
1860,0.5587195515632629,2025-04-04 02:50:46.631078,2025-04-04 02:50:53.607112,0 days 00:00:06.976034,0.12414371527606703,0.1992843097903475,8,0.005286150775152975,0.29991395532624276,0.05834884963135903,0.09390569964617204,0.05344813601246482,0.040628791829324,0.0007953846775802011,7,148,0.029103559952280797,0.006245620823815278,True,False,False,0.0004152836217409867,COMPLETE
1861,0.29631375670433047,2025-04-04 02:50:54.203413,2025-04-04 02:51:00.936135,0 days 00:00:06.732722,0.010890280016507548,0.23623733722033355,8,0.025610953633386144,0.2864690868984304,0.06849682113572643,0.09056958558592848,0.049792901465515876,0.03320650894830242,0.0003850558708396513,8,140,0.03919099025044007,0.017168873833439263,True,True,False,0.0002491152747691653,COMPLETE
1862,0.5503627538681031,2025-04-04 02:51:01.524814,2025-04-04 02:51:08.347715,0 days 00:00:06.822901,0.060010184541942305,0.15185563348942577,8,0.00969535550619469,0.2775175201429239,0.08234240938053185,0.09760518880531563,0.06214104523388388,0.045254944170467354,0.0010142097411648585,6,145,0.03683087306755769,0.0010642587753400103,True,False,False,0.00035000915734131974,COMPLETE
1863,0.2963564574718476,2025-04-04 02:51:08.956883,2025-04-04 02:51:15.120038,0 days 00:00:06.163155,0.0905329232533917,0.2569136372352637,16,0.21463986619275432,0.29015946135158416,0.025933456371406437,0.09231674118098375,0.05526310870017168,0.03775273143999157,0.0005599328569086583,7,150,0.035385285755189275,0.006224100574412713,True,False,True,0.0005962277476387132,COMPLETE
1864,0.29631375670433047,2025-04-04 02:51:15.735175,2025-04-04 02:51:22.265139,0 days 00:00:06.529964,0.04159269386991505,0.22461870445503862,8,0.0002671757496097143,0.2819284651598128,0.06442994020130186,0.08723166466080809,0.051778822693871324,0.02182406179726025,0.0007032713710046233,5,125,0.025810202257851012,0.0010356668209870223,True,False,False,0.00026095319657698735,COMPLETE
1865,0.5583290696144104,2025-04-04 02:51:22.857915,2025-04-04 02:51:29.724616,0 days 00:00:06.866701,0.010636860510148435,0.20872516610911396,8,0.018477182758169806,0.2713829607632399,0.060977533442299586,0.08375070516742202,0.045794745949958186,0.03540578474613044,0.0005213921213948898,6,147,0.044910651578058014,0.026059161120814713,True,False,False,0.00074701965714007,COMPLETE
1866,0.5572746872901917,2025-04-04 02:51:30.343151,2025-04-04 02:51:37.149409,0 days 00:00:06.806258,0.07646201634264414,0.28107868082400234,8,0.012528166332370694,0.2908923371600549,0.028018827555833698,0.09530079251557874,0.05886526138320071,0.030387979047782482,0.00042013043603734106,6,145,0.03403828663749601,0.013367386201712114,True,False,False,0.0004897257570156629,COMPLETE
1867,0.3866415977478027,2025-04-04 02:51:37.743515,2025-04-04 02:51:44.682760,0 days 00:00:06.939245,0.05377115520286432,0.18552764974630692,8,0.03507173019702278,0.2848989420307659,0.07199844930272925,0.08943986431474567,0.02913351367715935,0.04223418120487593,0.0006613262190176679,7,137,0.03152183826050231,0.010788581508749347,False,False,False,0.0003132628649708181,COMPLETE
1868,0.5550028204917908,2025-04-04 02:51:45.294724,2025-04-04 02:51:52.153830,0 days 00:00:06.859106,0.10762473520042393,0.2368608570726406,8,0.005173876003183031,0.29448122915715536,0.023952839556358057,0.0922042251322487,0.05645885441864421,0.04637058198758973,0.0008508243958708371,6,150,0.03784504976821995,0.021015391936904118,True,False,False,0.0001886224143086681,COMPLETE
1869,0.555783760547638,2025-04-04 02:51:52.772079,2025-04-04 02:51:59.998036,0 days 00:00:07.225957,0.06543293136083289,0.1659409716692303,8,0.020962330229063773,0.27716645749370206,0.05536692169081076,0.08764771185768007,0.049008614093642315,0.039536680087981085,0.00048786443786082395,8,142,0.04049117626623406,0.0010242387264763181,True,False,False,0.0004340910213105323,COMPLETE
1870,0.5593999028205872,2025-04-04 02:52:00.607576,2025-04-04 02:52:07.628355,0 days 00:00:07.020779,0.03666737338261444,0.19916804762674,8,0.014670656036495495,0.28974117685702555,0.027082202055207793,0.09378345324381801,0.05407382272194158,0.02523959641050568,0.0006100302434482831,7,147,0.03391948538104926,0.01594710924766478,True,False,False,0.00013103842575374366,COMPLETE
1871,0.5390452861785888,2025-04-04 02:52:08.218822,2025-04-04 02:52:14.826102,0 days 00:00:06.607280,0.08937250378337527,0.25217450848612377,8,0.009960280378780217,0.281818635747269,0.020905760057408247,0.09666868091612608,0.06012522210892413,0.03718342587385076,0.0007380772723047512,5,101,0.036188931804625867,0.0067106562425182335,True,False,False,0.00024349636021586335,COMPLETE
1872,0.29631375670433047,2025-04-04 02:52:15.437104,2025-04-04 02:52:22.143714,0 days 00:00:06.706610,0.6690189923518232,0.22098493159201169,8,0.00021829549474492328,0.26567811265802066,0.037430336339529614,0.0905873312807592,0.05786961152892894,0.04382283240589088,0.0009822007066533033,6,150,0.03865580946370713,0.04292157840016823,True,False,False,0.0003678432853365581,COMPLETE
1873,0.5589518070220947,2025-04-04 02:52:22.760383,2025-04-04 02:52:29.832263,0 days 00:00:07.071880,0.05140085082612275,0.26430949095488376,8,0.006315935948411798,0.29501982312673297,0.05105678424963384,0.08893685452886632,0.034826658720059786,0.04823584119106956,0.00045423947177010063,7,144,0.02821801291790895,0.010723204007407389,True,False,False,0.0005539763467160433,COMPLETE
1874,0.5595184922218324,2025-04-04 02:52:30.429918,2025-04-04 02:52:37.076699,0 days 00:00:06.646781,0.010059056009291535,0.1847306712942771,8,0.02558424315619423,0.2723179104300711,0.0658191476771246,0.08523644122005901,0.05203895270659097,0.02689706306520678,0.0005932854115792107,5,140,0.04258759519884826,0.09391033564891213,True,False,False,0.00030234228792368304,COMPLETE
1875,0.553623616695404,2025-04-04 02:52:37.697845,2025-04-04 02:52:44.531607,0 days 00:00:06.833762,0.07728205533599229,0.20747962658491648,8,0.014547424589587073,0.28820189091707055,0.05955526971991727,0.09801503234527748,0.05584721042203381,0.033446591696384496,0.0007979778941124682,6,147,0.031030346604754178,0.029682209287488118,True,False,False,0.0002197613591891817,COMPLETE
1876,0.5560407996177674,2025-04-04 02:52:45.126445,2025-04-04 02:52:52.194938,0 days 00:00:07.068493,0.03404334080415543,0.2360461638201715,8,0.01956130377192425,0.29979787880738284,0.025148247550617175,0.09156161591883763,0.061236999706154656,0.04099139297062409,0.00036165582418448217,7,145,0.033157382826084714,0.01575961841447996,True,False,False,0.0004273683686564611,COMPLETE
1877,0.5514706492424011,2025-04-04 02:52:52.814554,2025-04-04 02:52:59.719968,0 days 00:00:06.905414,0.11660340826946675,0.13100806026520462,8,0.005614048458151838,0.2810543778993733,0.05732161737321962,0.09515956521719925,0.0540297302743114,0.028688795741242112,0.0012233642904318155,6,148,0.03527749632919802,0.001020401698243376,True,False,False,0.0007140360857542049,COMPLETE
1878,0.5562966585159301,2025-04-04 02:53:00.342543,2025-04-04 02:53:06.975613,0 days 00:00:06.633070,0.06340209112151335,0.1586401471588151,8,0.010188814249204562,0.2867092717955716,0.06141723831822838,0.09284244860391157,0.0505624666820884,0.03831713133607347,0.0006657513042503913,5,150,0.037046820277135156,0.023060812820468103,True,False,False,0.0003384953721128332,COMPLETE
1879,0.5539439916610718,2025-04-04 02:53:07.572944,2025-04-04 02:53:14.710114,0 days 00:00:07.137170,0.08909989100485313,0.22429418340039523,8,0.013806134631534165,0.2939376728673435,0.030680025233365688,0.08661588723652157,0.04782202000604834,0.03506405500063531,0.0005238059393901741,8,142,0.03977623579124861,0.010356897016465432,True,False,False,0.0001836095608591134,COMPLETE
1880,0.29631375670433047,2025-04-04 02:53:15.337952,2025-04-04 02:53:21.945980,0 days 00:00:06.608028,0.04164206210844367,0.19341977883973463,8,0.005321483687728179,0.29998679871103545,0.0226626178645251,0.06328440116098198,0.05773480324763928,0.04278997575784785,0.0009112433714655688,7,147,0.03325122767566774,0.007479852839959597,True,True,False,2.0861420296428304e-07,COMPLETE
1881,0.5568289756774902,2025-04-04 02:53:22.544547,2025-04-04 02:53:29.413174,0 days 00:00:06.868627,0.07172851431260462,0.24768411257371464,8,0.021688520771424417,0.2719177017410669,0.06390455950773831,0.08955455854885484,0.06350305134094482,0.04551730458196761,0.0007334591152866176,6,144,0.035695324779768,0.01489772522201915,True,False,False,0.0002813468742085258,COMPLETE
1882,0.29631375670433047,2025-04-04 02:53:30.034385,2025-04-04 02:53:36.551045,0 days 00:00:06.516660,0.055381690860466515,0.2783186284894503,8,0.00020638321174684237,0.29999835795110585,0.06756962089440002,0.09395067657709905,0.052662576613113056,0.0407608811992622,0.00044686968197937024,5,150,0.03000208250397441,0.01959707845719473,True,False,False,0.0005383401392162114,COMPLETE
1883,0.372236567735672,2025-04-04 02:53:37.162784,2025-04-04 02:53:43.336476,0 days 00:00:06.173692,0.027761597739558934,0.1733417691546509,16,0.030912039176379115,0.27654732829565204,0.07052125311692323,0.09074774925953279,0.05969879363106217,0.023622726873052974,0.0005553330233382246,6,138,0.037926409856921195,0.00635105499504972,True,False,True,0.0003964626083683473,COMPLETE
1884,0.5561707258224488,2025-04-04 02:53:43.964230,2025-04-04 02:53:50.945916,0 days 00:00:06.981686,0.09837821335516991,0.20713792764804795,8,0.01691604345940275,0.2852989155193287,0.0281306407101472,0.08199469332075021,0.05497891943464768,0.03642180108474136,0.00062965791871797,7,145,0.0318503709919917,0.014328568834696215,True,False,False,0.00023454515394927017,COMPLETE
1885,0.5528891682624817,2025-04-04 02:53:51.549416,2025-04-04 02:53:58.426430,0 days 00:00:06.877014,0.05099126054331999,0.22547835011460549,8,0.010987854097142015,0.29025291578518436,0.02496486641841026,0.08446028999960396,0.044532779698127904,0.030828264346336797,0.0010770454815698866,6,147,0.03458449881973109,0.006248552080770746,True,False,False,0.0004928519693695168,COMPLETE
1886,0.5134725451469422,2025-04-04 02:53:59.026670,2025-04-04 02:54:06.151759,0 days 00:00:07.125089,0.13097635468903435,0.26212987816247846,8,0.0078063725006778766,0.282007998678308,0.04882751078290284,0.0691961593196225,0.057476686590624174,0.047472338575900344,0.0007909058020241922,8,82,0.036770315088609486,0.023562205530955043,True,False,False,0.00031668238962233417,COMPLETE
1887,0.5545750141143799,2025-04-04 02:54:06.767919,2025-04-04 02:54:13.839394,0 days 00:00:07.071475,0.07887132163752396,0.19004797742454127,8,0.01659844724046568,0.2932171757111248,0.05714968441237613,0.09586246854314708,0.05614128952753234,0.04366604763191745,0.0004704392396221247,7,142,0.04039029749739808,0.010889281537891113,True,False,False,0.0008265260767460595,COMPLETE
1888,0.383035159111023,2025-04-04 02:54:14.459959,2025-04-04 02:54:21.195591,0 days 00:00:06.735632,0.03049339082446592,0.24467400411451679,8,0.006088187396697145,0.27844804439604826,0.05360698700206373,0.08797624456061229,0.050608003153613634,0.039164955947320175,0.0006128415743110434,6,150,0.07568442693622363,0.0011257101738247413,False,False,False,0.0003889527800620308,COMPLETE
1889,0.5582002401351929,2025-04-04 02:54:21.800218,2025-04-04 02:54:28.447957,0 days 00:00:06.647739,0.05998749135342117,0.11223517508688315,8,0.025464020217826802,0.28639851921324305,0.06159757441706218,0.0975937422309095,0.0594121014295609,0.04176656851585817,0.0008922335276443533,5,147,0.0342953505901087,0.03307441488682275,True,False,False,0.0002518268628494083,COMPLETE
1890,0.5560340881347656,2025-04-04 02:54:29.071846,2025-04-04 02:54:36.043251,0 days 00:00:06.971405,0.08640989380883266,0.15625541626308598,8,0.011398002576727666,0.29423092695473474,0.029331388187558784,0.09244281451371911,0.03797244239232064,0.03306971855878328,0.00037411555126489376,7,144,0.03218358034102809,0.01794738902204584,True,False,False,0.00015657515572062877,COMPLETE
1891,0.29631375670433047,2025-04-04 02:54:36.644650,2025-04-04 02:54:46.362491,0 days 00:00:09.717841,0.02600920318964615,0.2119422274983557,8,0.00024319420014100313,0.29998723483589473,0.058995432928291916,0.08596906386241825,0.046360154971436085,0.028681934797894958,0.0006990587456167187,24,90,0.03828056195445003,0.006763901327639026,True,False,False,6.939887195535922e-05,COMPLETE
1892,0.48803904056549074,2025-04-04 02:54:46.983904,2025-04-04 02:54:53.872425,0 days 00:00:06.888521,0.047187510198446095,0.17610252577592536,8,0.251993719581199,0.2653409166802132,0.021006807921398377,0.09481702187090749,0.05346572626623262,0.04486348502330517,0.0005364120217995454,6,148,0.03635230424618743,0.01419912853275284,True,False,False,0.0005929724755195026,COMPLETE
1893,0.5567797303199769,2025-04-04 02:54:54.496882,2025-04-04 02:55:01.552778,0 days 00:00:07.055896,0.11145428974986286,0.22272899011241318,8,0.020246313536075408,0.29042288881815936,0.0261387848220994,0.09079755103388244,0.06199485360660265,0.03835398979168644,0.0007379554039791483,7,140,0.03426487207380559,0.027072448538956802,True,False,False,0.000441245179402736,COMPLETE
1894,0.5576767325401306,2025-04-04 02:55:02.157431,2025-04-04 02:55:08.801018,0 days 00:00:06.643587,0.06932443297213076,0.2923097222781527,8,0.014290009458061633,0.2750042503308302,0.06455624937897037,0.08848544816671207,0.05655321380740818,0.035440352661227664,0.00043871087032367444,5,150,0.02995027595179059,0.00626678023656675,True,False,False,0.0002935518719936737,COMPLETE
1895,0.47230329513549807,2025-04-04 02:55:09.425103,2025-04-04 02:55:16.265729,0 days 00:00:06.840626,0.041132870870507036,0.24484698808845728,8,0.005984411527576188,0.28440745728650285,0.033211270638741956,0.09323263416801368,0.0488109221098305,0.03143139325921466,0.006621284991120777,6,145,0.03554862819697097,0.019778126043211046,True,False,False,0.00019977049714395536,COMPLETE
1896,0.5553206324577332,2025-04-04 02:55:16.868327,2025-04-04 02:55:24.049038,0 days 00:00:07.180711,0.08572513427834415,0.20083528357638905,8,0.009517829272050051,0.29052005306320494,0.023023350436520575,0.09827924819347177,0.05821678920374299,0.027041436027056883,0.0005846826777261561,8,147,0.04253830557498618,0.011878045054721361,True,False,False,0.0003638910270626029,COMPLETE
1897,0.5513810157775879,2025-04-04 02:55:24.672565,2025-04-04 02:55:31.642585,0 days 00:00:06.970020,0.06311734133907192,0.2685757786475365,8,0.016381287240349367,0.2797466880375672,0.06650723866368798,0.0896959358585838,0.05465280154177254,0.04012060205462409,0.0008872332650560094,7,142,0.038763337944509604,0.01076182119890574,True,False,False,0.0006824599019104501,COMPLETE
1898,0.29631375670433047,2025-04-04 02:55:32.246013,2025-04-04 02:55:38.540227,0 days 00:00:06.294214,0.025622593105709936,0.2287506624984994,8,0.023684510562577768,0.2862244122284405,0.06267057511658547,0.09604064605558282,0.032209229403772556,0.036963458085804465,0.000500678428067685,5,150,0.032235770249294124,0.0058051924480400086,True,True,False,0.0002571964447437491,COMPLETE
1899,0.5504378914833069,2025-04-04 02:55:39.160755,2025-04-04 02:55:45.977879,0 days 00:00:06.817124,0.09403661888091201,0.14901952531581034,8,0.005219951433224243,0.29367753625879023,0.0551759232077897,0.09205629600234679,0.052675015499762855,0.049587230623740805,0.00030611670936360295,6,145,0.037023992389201565,0.02095325139554652,True,False,False,0.0004809526519914848,COMPLETE
1900,0.370687198638916,2025-04-04 02:55:46.605364,2025-04-04 02:55:53.206829,0 days 00:00:06.601465,0.010886186460010036,0.07482117289539375,8,0.010637362169960259,0.2716948932886668,0.026875425339305554,0.08714457786005464,0.06058510701463736,0.042228747015968855,0.0010705820846650062,7,147,0.03389766180233029,0.015959142143501668,True,False,True,0.00032638474298969016,COMPLETE
1901,0.5594932913780213,2025-04-04 02:55:53.811135,2025-04-04 02:56:00.674652,0 days 00:00:06.863517,0.05238747212597681,0.18656808993974436,8,0.018237414145459978,0.28033376802602833,0.060084598187580364,0.09411964127579346,0.05591699527262974,0.034122472232149516,0.0006444110020935142,6,150,0.04035049841772431,0.006592066036843418,True,False,False,0.00011590905253752606,COMPLETE
1902,0.5607603549957275,2025-04-04 02:56:01.304053,2025-04-04 02:56:07.968593,0 days 00:00:06.664540,0.10862673930944228,0.20714041165887434,8,0.00516164342000757,0.29417032106828256,0.0286737040497407,0.09053844377690749,0.051341639370147095,0.046246408080192695,0.0007891248373346295,5,143,0.02769589306612746,0.012336723192506813,True,False,False,0.0001979214702791279,COMPLETE
1903,0.5576416969299316,2025-04-04 02:56:08.574234,2025-04-04 02:56:15.510609,0 days 00:00:06.936375,0.07127069918977982,0.23616610875889554,8,0.03031298221957881,0.2860875679500443,0.06963520131330281,0.08325646550384545,0.05791109704301982,0.022646718629239698,0.0003929542042532886,6,138,0.035346676480783726,0.027642865865754304,True,False,False,0.00035972834094920303,COMPLETE
