number,value,datetime_start,datetime_complete,duration,params_alpha-eval,params_alpha-train,params_batch-size,params_eps-eval,params_eps-train,params_lambda-actions-eval,params_lambda-actions-train,params_lambda-frames-eval,params_lambda-frames-train,params_learning-rate,params_n-epochs,params_n-frames,params_radius-gw,params_rho,params_std-feats,params_ub-actions,params_ub-frames,params_weight-decay,state
227,0.49194216728210455,2025-04-23 10:36:34.944831,2025-04-23 10:36:41.675804,0 days 00:00:06.730973,0.46791563729792157,0.3420981723072173,16,0.16832963893999797,0.11629178362622178,0.09139189237399682,0.02507910099357583,0.0969110290077176,0.053090389681090346,2.0372699918265375e-05,5,129,0.02698465551158315,0.17074705323666994,True,False,False,1.95701766678755e-06,COMPLETE
228,0.49337271451950077,2025-04-23 10:36:41.752526,2025-04-23 10:36:48.501551,0 days 00:00:06.749025,0.5132336500176197,0.30476871009719286,16,0.17962299237050489,0.10611109531499792,0.09080615119751916,0.020119203933726744,0.09410520024008506,0.04703138788738996,1.8106975725759177e-05,5,125,0.03037528902483727,0.1619140368461001,True,False,False,1.0186724888585895e-06,COMPLETE
229,0.4963517665863037,2025-04-23 10:36:48.574652,2025-04-23 10:36:55.234722,0 days 00:00:06.660070,0.45068179579391154,0.3208080066086057,16,0.16119066070520777,0.14186438205106128,0.08716986140524734,0.018178252667321555,0.09197194043855744,0.05076933696835781,1.8252541761860966e-05,5,135,0.02695287918800269,0.1759702018983242,True,False,False,7.87794903240778e-07,COMPLETE
230,0.4932042837142945,2025-04-23 10:36:55.307728,2025-04-23 10:37:02.018528,0 days 00:00:06.710800,0.46654491502720913,0.32177640046459755,16,0.16230813383789267,0.15212934512804105,0.08641842200673035,0.01816117377335695,0.09200184229500817,0.05223691502752558,2.3986120853044596e-05,5,133,0.032714839646012205,0.17803529279060198,True,False,False,7.298524719529404e-07,COMPLETE
231,0.49586362838745124,2025-04-23 10:37:02.092206,2025-04-23 10:37:08.797581,0 days 00:00:06.705375,0.45564794672388254,0.3681811551263612,16,0.16954404748242793,0.14121370103600497,0.08905939737104422,0.02120812583345754,0.09573348779863611,0.05052939916317309,1.885095423856366e-05,5,134,0.027684041159323058,0.1645621666744529,True,False,False,1.3014728165077922e-06,COMPLETE
232,0.491450035572052,2025-04-23 10:37:08.871165,2025-04-23 10:37:15.695570,0 days 00:00:06.824405,0.43771492482610674,0.3904629216042139,16,0.1688983158141851,0.13627890824194835,0.08546077308750427,0.01944507151857558,0.09592607199244231,0.05130458274134585,1.975366507740629e-05,6,135,0.026112283697403732,0.164805671395269,True,False,False,9.319837672104758e-07,COMPLETE
233,0.4964621424674988,2025-04-23 10:37:15.778462,2025-04-23 10:37:22.447337,0 days 00:00:06.668875,0.44793669228493593,0.365118816310246,16,0.15663498358834993,0.13015413389346228,0.08534027813082945,0.02175714061100143,0.09768035194382776,0.045866283925736065,1.779990052566239e-05,5,135,0.02946427581131189,0.16340245365572165,True,False,False,1.2921818860052622e-06,COMPLETE
234,0.49323730468750004,2025-04-23 10:37:22.521328,2025-04-23 10:37:29.323121,0 days 00:00:06.801793,0.4491307509305107,0.3820257702413095,16,0.15214130322949695,0.16034295989440556,0.08863813625964265,0.02158703444839267,0.09817001444359075,0.04613612244979945,1.684020157842025e-05,6,136,0.03005691113548899,0.16177369648330986,True,False,False,2.3890554275899008e-06,COMPLETE
235,0.4913801372051239,2025-04-23 10:37:29.398015,2025-04-23 10:37:36.244082,0 days 00:00:06.846067,0.4746914637063341,0.4196271399906218,16,0.15732355656672703,0.14373415993526326,0.08553674356782402,0.017496575745764645,0.09113887012548738,0.05412936355811676,1.6648240329798265e-05,6,139,0.029674342808799048,0.18515157604507235,True,False,False,1.1559451848626648e-06,COMPLETE
236,0.3905441164970398,2025-04-23 10:37:36.318484,2025-04-23 10:37:46.308266,0 days 00:00:09.989782,0.4514817372679146,0.3088530745894365,2,0.16175740058931198,0.15002631636762356,0.08408488188975036,0.02230689982280428,0.09822482679879473,0.04684501260810028,2.694692006160052e-05,5,135,0.03476626762851861,0.1741749040005444,True,False,False,1.874246978489273e-06,COMPLETE
237,0.49793586730957035,2025-04-23 10:37:46.384301,2025-04-23 10:37:53.049269,0 days 00:00:06.664968,0.491469098411081,0.37036801717241474,16,0.17337016358166807,0.13809743037919245,0.09371300171062222,0.020064729683634798,0.09512448288165155,0.05139238001338495,1.5937846173752124e-05,5,133,0.02675791148787759,0.16120072451055084,True,False,False,6.712457880138598e-07,COMPLETE
238,0.4964621424674988,2025-04-23 10:37:53.125675,2025-04-23 10:37:59.795151,0 days 00:00:06.669476,0.4914702331153713,0.3291271698528824,16,0.17583820810986184,0.13822388942319477,0.08782207929809242,0.019298097396929705,0.04187637298231074,0.0515993231368774,1.75736172722179e-05,5,133,0.02575635374150099,0.16252394383231514,True,False,False,5.735552133989433e-07,COMPLETE
239,0.29631375670433047,2025-04-23 10:37:59.879940,2025-04-23 10:38:06.146555,0 days 00:00:06.266615,0.5270061138853335,0.36508377707914974,16,0.14872905249793975,0.12298401878842034,0.08768625183914434,0.01622060899152575,0.03394720239049864,0.04541206669086451,2.2331528132920443e-05,5,133,0.025419179897631445,0.15962635400238037,True,True,False,6.659607766103324e-07,COMPLETE
240,0.3623346328735352,2025-04-23 10:38:06.222603,2025-04-23 10:38:12.813883,0 days 00:00:06.591280,0.494020943024176,0.4099790138438565,16,0.15555839807954858,0.1305118782199224,0.08961495545811245,0.021133111273385772,0.03597683822096709,0.05104252905869429,3.344610064417647e-05,5,127,0.025994344489421062,0.17017142180295547,False,False,False,6.172676378162553e-07,COMPLETE
241,0.4964621424674988,2025-04-23 10:38:12.889948,2025-04-23 10:38:19.595009,0 days 00:00:06.705061,0.47681567591827145,0.4454738956631925,16,0.17411525483058996,0.14000543834924242,0.08775602592695952,0.017783594927445825,0.049871938596040916,0.05305615675633312,1.7257200402769904e-05,5,134,0.026221116950214386,0.16166802828810048,True,False,False,9.175909577728333e-07,COMPLETE
242,0.4938959956169129,2025-04-23 10:38:19.670676,2025-04-23 10:38:26.399716,0 days 00:00:06.729040,0.47766693514361436,0.3817798643084202,16,0.17343518868328217,0.13837473706171866,0.08768856995906991,0.01812431652400838,0.04673958025296579,0.04782478005169532,1.9460191355469322e-05,5,133,0.03160175843962723,0.16053304554554962,True,False,False,8.899421986816615e-07,COMPLETE
243,0.4606646120548249,2025-04-23 10:38:26.477256,2025-04-23 10:38:33.131137,0 days 00:00:06.653881,0.49205723572973786,0.25912556970122047,16,0.16564896047983785,0.1344430299946271,0.08873857012206098,0.019724085444616117,0.05197767334773239,0.05223976659483076,1.725425704172612e-05,5,136,0.027102568547717282,0.280674209199022,True,False,False,8.073522650371845e-07,COMPLETE
244,0.49300051927566535,2025-04-23 10:38:33.209556,2025-04-23 10:38:39.937124,0 days 00:00:06.727568,0.44856402576038384,0.4424541616002629,16,0.18023324659024886,0.14163120605289475,0.08543635145049208,0.016130848024551968,0.049749718799907465,0.05021681878229863,1.7106003969999512e-05,5,133,0.028882462252590002,0.16663472612006183,True,False,False,1.1480690576774e-06,COMPLETE
245,0.4790897011756897,2025-04-23 10:38:40.025168,2025-04-23 10:38:46.827355,0 days 00:00:06.802187,0.520651404697576,0.3618461099410291,16,0.17344284047013472,0.11240938985221754,0.09336585528386225,0.026199903358606703,0.007483620134569907,0.05280794643575946,2.4553837306886264e-05,6,130,0.025124796508447796,0.150307497813915,True,False,False,5.267908368613804e-07,COMPLETE
246,0.4998099565505981,2025-04-23 10:38:46.905060,2025-04-23 10:38:53.612995,0 days 00:00:06.707935,0.47093760344102686,0.32675780569142965,16,0.16612444745486504,0.12157839632753908,0.08979305398065328,0.02177511889296107,0.043630377531325364,0.04818401984484208,1.553281029299022e-05,5,137,0.030828667940654777,0.16052171773559631,True,False,False,9.273987565766996e-07,COMPLETE
247,0.466956228017807,2025-04-23 10:38:53.693969,2025-04-23 10:39:00.565121,0 days 00:00:06.871152,0.49530019477066023,0.29076284597056123,16,0.16049392582822897,0.12081350393181389,0.0873357611308901,0.028977683373104274,0.04743448277546836,0.04902162655412274,1.4851462034764305e-05,6,135,0.03165324293666887,0.2660277127654364,True,False,False,9.094272133084627e-07,COMPLETE
248,0.3459465801715851,2025-04-23 10:39:00.642859,2025-04-23 10:39:07.387058,0 days 00:00:06.744199,0.45791740400143915,0.37298668255173073,16,0.17686074460513035,0.12944741066178836,0.08400083381666536,0.023173264800171175,0.04319790963654539,0.04730651215766093,0.0021856324170398396,5,131,0.03047705635378098,0.15756926883097805,True,False,False,7.395617415173967e-07,COMPLETE
249,0.39418362975120547,2025-04-23 10:39:07.465360,2025-04-23 10:39:13.931130,0 days 00:00:06.465770,0.5611875335172646,0.3351732094982142,16,0.17168870322182908,0.1352559525425796,0.08941168070680673,0.021250219087118275,0.041534478681475626,0.045632391709423674,0.00023087567462023924,6,137,0.02659116678750048,0.177689317872918,True,False,True,1.2732267625687183e-06,COMPLETE
250,0.4948160171508789,2025-04-23 10:39:14.010405,2025-04-23 10:39:20.664348,0 days 00:00:06.653943,0.5429712996243596,0.3189009982515232,16,0.18136996416562992,0.12636191963408275,0.0903937981693356,0.018646298006370337,0.03929574998664837,0.050854880580166455,1.2943660977144955e-05,5,128,0.03391047847420315,0.1595298734923899,True,False,False,1.0613802805600077e-06,COMPLETE
251,0.48978970050811765,2025-04-23 10:39:20.752994,2025-04-23 10:39:27.578120,0 days 00:00:06.825126,0.43190569702862736,0.4981602483587795,16,0.16490963256141422,0.1481620198723006,0.09281060644493459,0.022731980066345536,0.045310820119618865,0.04849367815900063,1.6314063623841865e-05,6,134,0.024673892243260224,0.17215682747338412,True,False,False,8.453222596796991e-07,COMPLETE
252,0.49264189004898074,2025-04-23 10:39:27.657322,2025-04-23 10:39:34.380879,0 days 00:00:06.723557,0.47104838512435865,0.3566209148395065,16,0.15583207354038675,0.10727084279686509,0.08764326313143869,0.015227481564103213,0.040822789026897,0.045384210451915485,1.4290220708732327e-05,5,137,0.03239292690458512,0.15050867298434664,True,False,False,1.4182628722426786e-06,COMPLETE
253,0.4957382559776306,2025-04-23 10:39:34.461172,2025-04-23 10:39:41.248024,0 days 00:00:06.786852,0.5103530423014921,0.2931507442834178,16,0.1737475643239374,0.13817644705313123,0.08247959703471427,0.02472411041093637,0.04410098552845591,0.054484494698636456,1.2725096724450243e-05,6,125,0.027761461023485163,0.16408815884314307,True,False,False,4.993095947007056e-07,COMPLETE
254,0.4484395384788513,2025-04-23 10:39:41.330025,2025-04-23 10:39:50.313174,0 days 00:00:08.983149,0.5088127339678368,0.2862336708211873,16,0.18426245669830316,0.13843957033271578,0.08524601783385997,0.02509117756929114,0.04194053066076909,0.057144201777697114,1.1863199673026441e-05,26,132,0.023341883165793574,0.16159059768772133,True,False,False,6.119623619021874e-07,COMPLETE
255,0.38356177806854247,2025-04-23 10:39:50.393505,2025-04-23 10:39:57.207603,0 days 00:00:06.814098,0.49469171499416403,0.3263348798613405,16,0.1750628232526812,0.14399624062905592,0.0831813808742662,0.02093111296940844,0.053043932579943186,0.054332952256805914,0.08800652657972236,6,140,0.026944732027067163,0.15174681019443909,True,False,False,6.034536084384277e-07,COMPLETE
256,0.4873856544494629,2025-04-23 10:39:57.287923,2025-04-23 10:40:04.365616,0 days 00:00:07.077693,0.5261774508469738,0.272855494151263,8,0.1616851047931374,0.15436374388087054,0.08985341130764171,0.017254443438822032,0.03831615386272139,0.05120220796257193,1.2464041144505252e-05,5,135,0.02891532030720484,0.1577375246899145,True,False,False,1.0361146803190413e-06,COMPLETE
257,0.4931850910186768,2025-04-23 10:40:04.455954,2025-04-23 10:40:11.294483,0 days 00:00:06.838529,0.48886190147196107,0.4419459222816904,16,0.1723194185463689,0.119934780756778,0.0922363712292756,0.023810110442759692,0.049381652055748446,0.05447275949179615,1.434968867959698e-05,6,129,0.02588374426082008,0.16650745338178033,True,False,False,7.564464840038033e-07,COMPLETE
258,0.3623655438423157,2025-04-23 10:40:11.376449,2025-04-23 10:40:18.108769,0 days 00:00:06.732320,0.4610606028225939,0.3068096816314735,16,0.18050635425674885,0.13296663268446635,0.08655237966094419,0.019834300364509835,0.09301896528119065,0.050133062163674184,0.008080171715329824,5,124,0.027698523232197608,0.17553622249307532,True,False,False,1.1668257492833564e-06,COMPLETE
259,0.48644465208053594,2025-04-23 10:40:18.190154,2025-04-23 10:40:25.005196,0 days 00:00:06.815042,0.5143966909249753,0.3477581457751685,16,0.14956182348887212,0.14108945800223846,0.08474303404094236,0.015159328135633986,0.04414981684836482,0.0578268283600948,2.1205829877864905e-05,6,138,0.030040771778613095,0.15476014014373207,True,False,False,5.353597783704648e-07,COMPLETE
260,0.4944480299949646,2025-04-23 10:40:25.087055,2025-04-23 10:40:31.751965,0 days 00:00:06.664910,0.47968337179799037,0.39310643415689495,16,0.1873136660578095,0.15073686054846264,0.08250062671877688,0.018272862535632945,0.09379542248319751,0.05292504413155802,1.5619089473091683e-05,5,132,0.02418702632388064,0.16282119095255168,True,False,False,2.1094396326810643e-06,COMPLETE
261,0.3876716732978821,2025-04-23 10:40:31.834556,2025-04-23 10:40:38.745641,0 days 00:00:06.911085,0.5411828861494636,0.23004747699411182,16,0.17081965483042574,0.11632334725463574,0.09515518608381403,0.029306503662745075,0.0479551062255907,0.05597926297525051,1.2169012927696875e-05,7,135,0.07987106648210092,0.2733825748860715,True,False,False,1.4022063327282349e-06,COMPLETE
262,0.36462876200675964,2025-04-23 10:40:38.828541,2025-04-23 10:40:45.520524,0 days 00:00:06.691983,0.5863042220532422,0.31782489184217155,16,0.1786732572984259,0.12990414780219708,0.09042805951116634,0.02249703629252743,0.09546430390197583,0.04784068646002124,1.733655127272188e-05,6,140,0.027844252757117195,0.17033565516324004,False,False,False,9.790211951188461e-07,COMPLETE
263,0.2778023421764374,2025-04-23 10:40:45.612514,2025-04-23 10:40:52.089141,0 days 00:00:06.476627,0.44042447996698786,0.36658459138581195,16,0.1626800459649536,0.13738012298427338,0.08769876396425742,0.025501870073759238,0.09260786465475428,0.051348549916835094,1.2786212329801774e-05,7,68,0.025710481975928293,0.1465233317503737,True,True,False,1.6912955912734455e-06,COMPLETE
264,0.3987566351890564,2025-04-23 10:40:52.171532,2025-04-23 10:41:02.148202,0 days 00:00:09.976670,0.5002584219376952,0.46119824014513566,2,0.17541746339422623,0.1450663912097297,0.09279084795539441,0.0169504006960081,0.09469555139711722,0.05335966380711049,2.1839950904605794e-05,5,126,0.022632734457444632,0.16480279082710955,True,False,False,2.557352659615398e-06,COMPLETE
265,0.48582072257995607,2025-04-23 10:41:02.230588,2025-04-23 10:41:08.881133,0 days 00:00:06.650545,0.4547748022216876,0.3276571376725443,16,0.1670494686575687,0.1571803188814576,0.09484242508350187,0.014247089546292148,0.055035984804112245,0.05760532318021923,1.5264891099672338e-05,5,131,0.02992767960533131,0.1807352211473918,True,False,False,6.902867654000046e-07,COMPLETE
266,0.4736169755458832,2025-04-23 10:41:08.966803,2025-04-23 10:41:15.829615,0 days 00:00:06.862812,0.4748016036407418,0.3748142380600541,16,0.15597979108375815,0.12213874116726867,0.09003776978620563,0.020351041496038964,0.04277338268260663,0.04944973056760461,2.851490453601983e-05,6,137,0.027235557234816767,0.15853367970317536,True,False,False,1.3250151241511787e-06,COMPLETE
267,0.4947791934013367,2025-04-23 10:41:15.914508,2025-04-23 10:41:22.746811,0 days 00:00:06.832303,0.4230288834555559,0.2986242249402572,16,0.18322089785695186,0.14050252414663217,0.08838584078762625,0.018459821331723178,0.09183278206681181,0.060123610809360274,1.1883876531904059e-05,6,141,0.02109732836673778,0.1707131735025032,True,False,False,4.1843780430523474e-07,COMPLETE
268,0.29596577286720277,2025-04-23 10:41:22.840900,2025-04-23 10:41:29.436169,0 days 00:00:06.595269,0.5207358042028883,0.41124919392269077,16,0.1699175860249569,0.18803077267915638,0.08617381925312902,0.022907549234201408,0.09552473003224128,0.06415719890327307,1.9317603393914137e-05,7,133,0.035238834774849945,0.15230646803660725,True,False,True,8.794705907065847e-07,COMPLETE
269,0.47741143107414247,2025-04-23 10:41:29.521310,2025-04-23 10:41:36.134025,0 days 00:00:06.612715,0.5548723354515062,0.34134957462263044,16,0.16286699640967858,0.12744374454870044,0.09230429029734569,0.021089482520209278,0.044916385255123176,0.054818073376854716,1.4352774069157895e-05,5,47,0.031958366949779424,0.16336121895367953,True,False,False,1.8037480578791094e-05,COMPLETE
270,0.49190015792846686,2025-04-23 10:41:36.219367,2025-04-23 10:41:43.068584,0 days 00:00:06.849217,0.5002776558039118,0.3520648639033331,16,0.17680764191730686,0.1478712946776888,0.09449328543099617,0.00896626717202773,0.09721465434549828,0.05081551335530267,1.702804428564133e-05,6,129,0.02937628078280373,0.1747894429301477,True,False,False,1.8177276896924828e-06,COMPLETE
271,0.46399326920509343,2025-04-23 10:41:43.154494,2025-04-23 10:41:49.971578,0 days 00:00:06.817084,0.4765097322723426,0.26965809410026037,16,0.15874232826352674,0.1355685856290942,0.04995877529568241,0.016210449067025588,0.09407331749537916,0.047556532483871594,1.1560320897273422e-05,6,138,0.024991268296995724,0.25976819433081144,True,False,False,1.20350315169065e-06,COMPLETE
272,0.39404178857803346,2025-04-23 10:41:50.057458,2025-04-23 10:41:56.739612,0 days 00:00:06.682154,0.3901677183678264,0.317076069025357,16,0.1892849754416127,0.11477523041775664,0.08938150419551952,0.027547048852477194,0.09136269490998283,0.05582091565969817,2.415209317636902e-05,5,135,0.0375359227060008,0.001842757710731724,True,False,False,8.183943652661235e-07,COMPLETE
273,0.48589476346969607,2025-04-23 10:41:56.835296,2025-04-23 10:42:03.472953,0 days 00:00:06.637657,0.042072988808301015,0.24526836519847764,16,0.17167194697200175,0.15445061793819193,0.0962460656679698,0.01933981896820278,0.09771173996113941,0.05293637200884424,1.8669860283439267e-05,5,75,0.028176447001321027,0.15632899520633683,True,False,False,4.974676190761336e-07,COMPLETE
274,0.4856667876243591,2025-04-23 10:42:03.558596,2025-04-23 10:42:10.486317,0 days 00:00:06.927721,0.45026361169464435,0.3899132313430459,16,0.15228930040620456,0.14477384526253603,0.08190142816895918,0.024201828488759004,0.03914788155775496,0.058662992436947614,1.373623302703189e-05,7,142,0.030387860406432474,0.1451878631483014,True,False,False,1.493804381780208e-06,COMPLETE
275,0.4953454971313477,2025-04-23 10:42:10.573397,2025-04-23 10:42:17.404194,0 days 00:00:06.830797,0.5260811942702004,0.3764105660717551,16,0.16580397797695376,0.13188519454961628,0.09169669511454576,0.01393610508011051,0.09534165690379844,0.061601849250595135,1.5998025846336066e-05,6,131,0.03324171486184643,0.166888476667722,True,False,False,3.5157365264471515e-06,COMPLETE
276,0.48951774835586553,2025-04-23 10:42:17.490972,2025-04-23 10:42:24.402075,0 days 00:00:06.911103,0.5314968167532402,0.4273848164970693,16,0.18307482109281498,0.13353271611894615,0.09231732718875418,0.013472086106183431,0.09997025915002215,0.06261310475543096,1.1556872442126012e-05,7,128,0.033393965957339664,0.18536953689677158,True,False,False,3.361022318565918e-06,COMPLETE
277,0.3791385114192963,2025-04-23 10:42:24.489213,2025-04-23 10:42:31.224845,0 days 00:00:06.735632,0.48331580772460614,0.40055075370096743,16,0.1455861992542271,0.140421598145889,0.09435853884781317,0.014995023072511986,0.09629930762828212,0.06131728462893524,1.551261971782167e-05,6,138,0.09370583598664767,0.16968212072827216,True,False,False,3.0744780183367604e-06,COMPLETE
278,0.47229772210121157,2025-04-23 10:42:31.322279,2025-04-23 10:42:38.739596,0 days 00:00:07.417317,0.4256215188035357,0.3775642709822227,8,0.16349123225244283,0.12693806573721053,0.04468857750898362,0.010433054235268455,0.09787242967224799,0.06018879426528343,1.3755027645762942e-05,7,122,0.035536925663692515,0.15965637536464938,True,False,False,2.3755792278809205e-06,COMPLETE
279,0.49502841234207157,2025-04-23 10:42:38.827837,2025-04-23 10:42:45.630197,0 days 00:00:06.802360,0.5136521163521305,0.29584423997734394,16,0.1763111807704154,0.14963066624734686,0.09200655114657139,0.012191894352873173,0.09293771029967436,0.0579794064168907,1.1518340788274391e-05,6,135,0.03353376381289581,0.15241341594246588,True,False,False,6.750778480312164e-06,COMPLETE
280,0.4904490232467652,2025-04-23 10:42:45.717533,2025-04-23 10:42:52.525270,0 days 00:00:06.807737,0.22280614708454521,0.33765783538153843,16,0.15852607674401892,0.1328669865414582,0.096714524732418,0.01743692787413365,0.09566980149688092,0.06526446456534118,1.7118097986072806e-05,6,132,0.02616064016861277,0.17598440624298975,True,False,False,3.69405134012123e-06,COMPLETE
281,0.49822750091552737,2025-04-23 10:42:52.612805,2025-04-23 10:42:59.401957,0 days 00:00:06.789152,0.46259509624407985,0.322141004901767,16,0.17102392404672176,0.14161777645011434,0.09068418692438336,0.015910034817443894,0.09513715776944157,0.05561003466094853,1.3699296847498638e-05,6,143,0.03155169047981359,0.16315452905431835,True,False,False,1.9912408172657954e-06,COMPLETE
282,0.3368376433849335,2025-04-23 10:42:59.491755,2025-04-23 10:43:05.738118,0 days 00:00:06.246363,0.46494064167786103,0.3145353210740536,16,0.1805253567879023,0.13887621886648802,0.09064575985285224,0.014891908595337336,0.0911554104869949,0.05518027464999038,1.0107779716860976e-05,5,143,0.031723350185755984,0.16743724967334614,False,True,False,2.2765970117530574e-06,COMPLETE
