number,value,datetime_start,datetime_complete,duration,params_alpha-eval,params_alpha-train,params_batch-size,params_eps-eval,params_eps-train,params_lambda-actions-eval,params_lambda-actions-train,params_lambda-frames-eval,params_lambda-frames-train,params_learning-rate,params_n-epochs,params_n-frames,params_radius-gw,params_rho,params_std-feats,params_ub-actions,params_ub-frames,params_weight-decay,state
616,0.556614887714386,2025-04-03 23:49:30.996694,2025-04-03 23:49:45.605795,0 days 00:00:14.609101,0.1263631396286421,0.42378162498706656,2,0.03021914288162232,0.21557285386883446,0.007382381652226835,0.0355845932348509,0.06834445135495669,0.08991904653577212,8.748725448866587e-05,13,147,0.03598995619588143,0.13921111312899367,True,False,False,3.311142506835454e-05,COMPLETE
617,0.29631375670433047,2025-04-03 23:49:45.801007,2025-04-03 23:49:59.010868,0 days 00:00:13.209861,0.03901826464650036,0.44469050523114645,2,0.025000947852113677,0.015053982675366027,0.00568411528099938,0.0397852860611111,0.07176224900415308,0.08646403426953776,0.00011346037124448273,11,137,0.032136625369301626,0.003147686098746605,True,False,False,2.6379844643590712e-05,COMPLETE
618,0.5537128806114197,2025-04-03 23:49:59.214009,2025-04-03 23:50:13.782406,0 days 00:00:14.568397,0.025224018979167085,0.39356010478533604,2,0.04111216094114816,0.23192312832289458,0.004132599769741194,0.04443907031942166,0.07043663489332852,0.09223895242838782,7.09969273435002e-05,13,141,0.03689724334391636,0.18497620377852733,True,False,False,2.6919810744311432e-05,COMPLETE
619,0.29631375670433047,2025-04-03 23:50:13.975869,2025-04-03 23:50:27.454983,0 days 00:00:13.479114,0.13831421767858026,0.42069009875385854,2,0.03573505968291473,0.2206549563470045,0.012412769422524967,0.03857323911113998,0.07415428768766297,0.08740013157611277,9.140667125212472e-05,14,144,0.040000272704530285,0.029647284643925197,True,True,False,2.4157240099057846e-05,COMPLETE
620,0.5570312857627868,2025-04-03 23:50:27.661800,2025-04-03 23:50:42.948586,0 days 00:00:15.286786,0.08744396157231869,0.438954333521126,2,0.027958684654898956,0.22855026392860467,0.010324375552087154,0.04230621469796141,0.07193188261196165,0.040325664916041976,0.00011194130298423975,14,140,0.03346969198606351,0.17044287200703512,True,False,False,3.928833674913432e-05,COMPLETE
621,0.40966821908950807,2025-04-03 23:50:43.141228,2025-04-03 23:50:57.731883,0 days 00:00:14.590655,0.06479633040911711,0.38544501532497055,2,0.022460144627168666,0.2339389921740477,0.002669314856913305,0.03703714863857932,0.07444162387965378,0.08486777501545882,0.02066547956566937,13,145,0.03129466580801382,0.1788470348413398,True,False,False,3.395106969320995e-05,COMPLETE
622,0.38803677558898925,2025-04-03 23:50:57.935559,2025-04-03 23:51:10.490740,0 days 00:00:12.555181,0.027269648562923805,0.9357669725018523,2,0.027641032275458423,0.20099579469966986,0.006797347442366727,0.04040846185008826,0.07556601406130312,0.08886939445567518,7.711220167475872e-05,12,137,0.03380188835242947,0.1209090891065672,True,False,True,2.2257634916602936e-05,COMPLETE
623,0.5445128440856933,2025-04-03 23:51:10.683111,2025-04-03 23:51:18.908572,0 days 00:00:08.225461,0.03205974181429819,0.4542854494843822,8,0.017804703534270144,0.23440609503718887,0.012591421644932257,0.040051381296632715,0.06932819855321916,0.09334102047825824,9.68168278613044e-05,14,143,0.036531762541008254,0.047595390226754256,True,False,False,1.1641562045086751e-07,COMPLETE
624,0.5555703639984131,2025-04-03 23:51:19.114310,2025-04-03 23:51:33.623216,0 days 00:00:14.508906,0.014015614969262916,0.40992172760907364,2,0.03241855338506834,0.22402639891475853,0.011775532053524516,0.04656997572139021,0.07692653127093675,0.086276750227204,0.0001227372267051457,13,148,0.03497130962355433,0.10685828087616508,True,False,False,5.9189727914861666e-05,COMPLETE
625,0.5562410593032837,2025-04-03 23:51:33.817931,2025-04-03 23:51:49.507717,0 days 00:00:15.689786,0.07255536668885856,0.4615441988103795,2,0.022388601118744182,0.20959585318899898,0.014989470048785966,0.04328575443084801,0.07342345464033014,0.09127046868516507,8.443718154555404e-05,15,141,0.030453456887629807,0.17407130449417688,True,False,False,3.146608883018856e-05,COMPLETE
626,0.5570312857627868,2025-04-03 23:51:49.713150,2025-04-03 23:52:04.871054,0 days 00:00:15.157904,0.05031384704972146,0.4295966019406309,2,0.019115348886187954,0.2267851141205226,0.009390823555460882,0.03448741629671669,0.07219421154074168,0.08420551407414259,0.00010430131821505609,14,135,0.03269152329540636,0.18336747290947586,True,False,False,2.3196768700843386e-05,COMPLETE
627,0.3929555654525757,2025-04-03 23:52:05.066723,2025-04-03 23:52:20.726507,0 days 00:00:15.659784,0.6332095855490454,0.44013136083989846,2,0.030414814176368175,0.23596752209098404,0.013765512854964771,0.03774273187115305,0.06575984603304852,0.08806992715236597,6.924071193356732e-05,15,139,0.03500534657874628,0.13150654071538148,False,False,False,4.950700440634166e-05,COMPLETE
628,0.4646190762519837,2025-04-03 23:52:20.939604,2025-04-03 23:52:27.930790,0 days 00:00:06.991186,0.010707627789218549,0.41582785460876814,16,0.03747330931368054,0.2386791475986794,0.004180960763250817,0.045061809576775344,0.0675947893547522,0.08545855503925069,0.0067183666734730455,12,131,0.03883973821063897,0.1449639266216329,True,False,False,1.759773391401686e-05,COMPLETE
629,0.35222886204719545,2025-04-03 23:52:28.122385,2025-04-03 23:52:42.684378,0 days 00:00:14.561993,0.48515007161646106,0.4548325229387315,2,0.02209246137943487,0.2165732853333719,0.006731198450526157,0.041811027313357015,0.07604265147293414,0.08957179690563953,1.8299587245915553e-05,13,145,0.03204332832469091,0.1667880685241287,True,False,False,2.6998072886062974e-05,COMPLETE
630,0.5563033819198608,2025-04-03 23:52:42.890800,2025-04-03 23:52:58.244330,0 days 00:00:15.353530,0.44361525266943935,0.46973700284996744,2,0.016681731535394786,0.2307345879233948,0.009277286779140049,0.04792826631036011,0.0707205490412376,0.09587625943024422,0.00013490412300824143,14,150,0.03700487441635705,0.12706481168634678,True,False,False,1.9443385547655935e-05,COMPLETE
631,0.556162703037262,2025-04-03 23:52:58.440259,2025-04-03 23:53:12.962131,0 days 00:00:14.521872,0.09883665417307332,0.40282854480433256,2,0.026251233157477114,0.2401606025043258,0.014285931733273277,0.036105325119837064,0.08098970585574727,0.08717126335470021,9.709752932514036e-05,13,142,0.03389568437620842,0.17558918160790155,True,False,False,1.3404274102962554e-05,COMPLETE
632,0.5509586095809936,2025-04-03 23:53:13.174078,2025-04-03 23:53:28.937839,0 days 00:00:15.763761,0.579242267947089,0.43563032111332917,2,0.015744490392988038,0.22482681769436516,0.0022572386905717595,0.039048733243940904,0.07401358472456719,0.08369817345115758,0.0001229631022347526,15,137,0.0305679646743089,0.1895660572394403,True,False,False,2.2249551782462274e-05,COMPLETE
633,0.5493442058563233,2025-04-03 23:53:29.136201,2025-04-03 23:53:44.432748,0 days 00:00:15.296547,0.5257725424498365,0.38731114594112054,2,0.04183748283919403,0.24263648321924539,0.01091144201386669,0.044007088099961844,0.07759730350835096,0.09131522993620068,8.342326713705479e-05,14,147,0.035649089136556095,0.18364637299386802,True,False,False,3.042568599673141e-05,COMPLETE
634,0.5486122250556946,2025-04-03 23:53:44.642413,2025-04-03 23:54:00.103067,0 days 00:00:15.460654,0.15765627217621875,0.471204080530169,2,0.03249060011348257,0.2593218580280191,0.005619660425683827,0.040982744990428706,0.07572796068157925,0.08488841394579376,0.00010863825651521177,14,140,0.04087393627732452,0.05920203309133122,True,False,False,4.30109951667614e-05,COMPLETE
635,0.5461744785308837,2025-04-03 23:54:00.301742,2025-04-03 23:54:14.273278,0 days 00:00:13.971536,0.110456724635831,0.4229390339701757,2,0.023265538152323177,0.23367013147650284,0.015068837015610279,0.03798693569254359,0.06893211767918639,0.08764606194828888,7.727139049863863e-05,12,144,0.0327577376154421,0.17844840109213175,True,False,False,1.5634972268604375e-05,COMPLETE
636,0.5475310921669007,2025-04-03 23:54:14.483764,2025-04-03 23:54:29.024521,0 days 00:00:14.540757,0.47903806234988666,0.4502141819559464,2,0.02632320765201073,0.23917442004170328,0.012565205016945918,0.042497634901899874,0.0795532577728203,0.08106361468159969,6.534562853199069e-05,13,136,0.03801352910973535,0.16486162508553734,True,False,False,1.183763542511663e-05,COMPLETE
637,0.5492619752883912,2025-04-03 23:54:29.226179,2025-04-03 23:54:50.663765,0 days 00:00:21.437586,0.4588305131320644,0.43771973135841963,2,0.017289350767928015,0.2524295527427443,0.0011970543151737208,0.04007512729315909,0.07102750712438745,0.08943138273731367,0.00012332844865408518,24,142,0.029746744891218004,0.01419575749580946,True,False,False,1.9536161904004127e-05,COMPLETE
638,0.3252723932266236,2025-04-03 23:54:50.872423,2025-04-03 23:55:04.901201,0 days 00:00:14.028778,0.5117580776305407,0.40586627663303365,2,0.21186103450685953,0.24723133453348264,0.009174420150378637,0.04630709964321002,0.08493685484587853,0.08359899705217382,9.548908665621886e-05,15,139,0.09316233867358714,0.1719427862385679,True,True,False,2.536861685393943e-05,COMPLETE
639,0.556399917602539,2025-04-03 23:55:05.100299,2025-04-03 23:55:18.380922,0 days 00:00:13.280623,0.4329412745780553,0.46786986176353046,2,0.014126818603117675,0.25942841371632824,0.003670140973180546,0.03610867287341752,0.07797735005472826,0.08619064538893562,0.00016603725229474652,11,133,0.03456127139435801,0.16876863252665775,True,False,False,8.035670047823504e-05,COMPLETE
640,0.5548339843750001,2025-04-03 23:55:18.592651,2025-04-03 23:55:33.934556,0 days 00:00:15.341905,0.48223279033645505,0.4495348135434957,2,0.03409336256820575,0.23168996411778067,0.016416583293941744,0.044356670045302714,0.07251989794254209,0.08450573903408581,9.22655624033065e-05,14,147,0.03145837033059608,0.15580023077071614,True,False,False,1.65487917739861e-05,COMPLETE
641,0.4448817014694214,2025-04-03 23:55:34.132921,2025-04-03 23:55:47.170661,0 days 00:00:13.037740,0.17537067068915962,0.42703726667400144,2,0.02220784071985904,0.2446477874382824,0.013120446134009926,0.032657164999690354,0.08152185075553155,0.09375004573499568,0.000125791772586142,13,143,0.03604928678145859,0.19095257372589763,True,False,True,3.473721244281964e-07,COMPLETE
642,0.5537026047706604,2025-04-03 23:55:47.380608,2025-04-03 23:56:03.841556,0 days 00:00:16.460948,0.0437280733857092,0.4737389795562863,2,0.027435624753584527,0.21963053025805718,0.006275184586671201,0.03963594077883526,0.07465657488484764,0.08026926629668633,0.00010669854054710213,16,138,0.03335015696141975,0.1814196371175903,True,False,False,9.867555480763084e-06,COMPLETE
643,0.5535113930702209,2025-04-03 23:56:04.042024,2025-04-03 23:56:19.704783,0 days 00:00:15.662759,0.5030746289999519,0.4122484477869883,2,0.014714881220143309,0.22664143886709917,0.011293365071846724,0.042516591710492276,0.07660704645161168,0.08736391643198763,7.221843738404915e-05,15,145,0.028905552306286532,0.166808681668147,True,False,False,3.286477861856998e-05,COMPLETE
644,0.5501276850700378,2025-04-03 23:56:19.916076,2025-04-03 23:56:28.122943,0 days 00:00:08.206867,0.4701206533742043,0.38197261140197,8,0.020715739119352393,0.23739095976381192,0.018339255753746318,0.03773188668006336,0.06650183595502646,0.09793578870609844,0.0001453384773805957,14,141,0.037995646339542284,0.0726906884409928,True,False,False,1.2713473287050666e-05,COMPLETE
645,0.5362248301506043,2025-04-03 23:56:28.321759,2025-04-03 23:56:42.886356,0 days 00:00:14.564597,0.5388752065128715,0.4528003511786085,2,0.049148807368782944,0.24314653460392505,0.014672600106744935,0.04875949955039407,0.07972863890755566,0.062037678222129564,8.731182114178225e-05,13,136,0.030718654951225194,0.17372003865762356,True,False,False,2.0727858590152242e-05,COMPLETE
646,0.36918315291404724,2025-04-03 23:56:43.096386,2025-04-03 23:56:57.018625,0 days 00:00:13.922239,0.01007873987020503,0.4366495828122895,2,0.0281367901771592,0.252655834609787,0.0075450066662420615,0.06661821448336039,0.0704072061866842,0.08255132937129823,0.0001131872195063691,12,139,0.0330266222460017,0.15944294583797577,False,False,False,1.6340827435282024e-05,COMPLETE
647,0.5489472270011901,2025-04-03 23:56:57.231665,2025-04-03 23:57:13.171421,0 days 00:00:15.939756,0.4502092125607314,0.48074477952328587,2,0.03853465556349784,0.236457174809451,0.01654479940991475,0.0414910578385097,0.07402193788094605,0.08589802624129327,6.843083542998872e-05,15,148,0.035329791191755736,0.1435106437599698,True,False,False,2.5070778526122047e-05,COMPLETE
648,0.5443525314331055,2025-04-03 23:57:13.374326,2025-04-03 23:57:28.455439,0 days 00:00:15.081113,0.49027031998729287,0.4034016821330462,2,0.012788117434009861,0.26019930824197784,0.07854497334262826,0.035187094869061845,0.07804860536278603,0.08952354320158208,0.0001894548361448577,14,132,0.039690417114794756,0.17716117915642351,True,False,False,3.708648251457403e-05,COMPLETE
649,0.5540777087211609,2025-04-03 23:57:28.672262,2025-04-03 23:57:45.013607,0 days 00:00:16.341345,0.5193002920540758,0.4254792769805811,2,0.021844668301683662,0.24836770052130622,0.009048470395134955,0.04492588216303072,0.07231188677186905,0.09232321526073309,0.00013389620017327443,16,143,0.0367917541970442,0.18735533200964183,True,False,False,9.093157841457031e-06,COMPLETE
650,0.34823950529098513,2025-04-03 23:57:45.217502,2025-04-03 23:57:52.369200,0 days 00:00:07.151698,0.7476016312808851,0.4603115196720384,16,0.031660490284034296,0.2314674935714254,0.01309395048068971,0.03955396516846753,0.08165036614518656,0.08326158264707784,9.88968850278103e-05,13,145,0.04651242887632164,0.17037904874672524,True,False,False,2.3085974500350388e-07,COMPLETE
651,0.3924447000026703,2025-04-03 23:57:52.583315,2025-04-03 23:58:08.654074,0 days 00:00:16.070759,0.42931853320819335,0.4808185181260863,2,0.019215658367626922,0.2549779136656,0.011128303783669484,0.03783610659888411,0.07564381927378035,0.08812394561824066,8.31133621593548e-05,15,12,0.03215125710862478,0.15144301364708534,True,False,False,7.438136517074937e-08,COMPLETE
652,0.5570312857627868,2025-04-03 23:58:08.854851,2025-04-03 23:58:24.007032,0 days 00:00:15.152181,0.4599484584963733,0.4433490752297382,2,0.00991199533329005,0.24275249067517884,0.019507166993983457,0.033264270689814815,0.0855846327671167,0.08115126514486805,0.00011445765226418199,14,135,0.028809496002906325,0.16600438528174385,True,False,False,1.2807288190169924e-05,COMPLETE
653,0.5254875659942627,2025-04-03 23:58:24.221363,2025-04-03 23:58:38.792511,0 days 00:00:14.571148,0.5563250777247408,0.4142255249703926,2,0.0259623438335068,0.21416825593248506,0.014841512057895011,0.042463914047129465,0.06958017393809708,0.085182871908342,0.0001594246437144415,13,102,0.03404241763341763,0.18171244691055777,True,False,False,2.9013846682557383e-05,COMPLETE
654,0.5560171604156494,2025-04-03 23:58:38.996436,2025-04-03 23:58:52.911558,0 days 00:00:13.915122,0.48361114327674465,0.38603363713660105,2,0.01616861054247993,0.16896989957548691,0.003891594942351334,0.04674973541753103,0.07322008357558651,0.07823399504166985,9.606702708486099e-05,12,141,0.03169033505388041,0.023958805941465076,True,False,False,1.870325479527345e-05,COMPLETE
655,0.5485822916030885,2025-04-03 23:58:53.128489,2025-04-03 23:59:08.930231,0 days 00:00:15.801742,0.5066066501141275,0.45949693984991175,2,0.03432764366931447,0.2495863487560606,0.017299000523337132,0.04087852017549618,0.07914391807387117,0.042920104954238966,7.749831296440839e-05,15,150,0.03510297834591136,0.16077200762603172,True,False,False,1.529558974912867e-05,COMPLETE
656,0.49412515163421633,2025-04-03 23:59:09.132697,2025-04-03 23:59:24.458021,0 days 00:00:15.325324,0.07014205320190536,0.4329213369178599,2,0.2977125411546915,0.22669103860325648,0.021988545532479153,0.03594031833486315,0.08338477702604224,0.0899400853278543,0.00012275510983353078,14,138,0.05002032424035501,0.1765153411951332,True,False,False,1.08504525406579e-05,COMPLETE
657,0.29631375670433047,2025-04-03 23:59:24.676686,2025-04-03 23:59:39.372729,0 days 00:00:14.696043,0.44829915407446636,0.48522821503957325,2,0.023472528744644842,0.14577108806900305,0.001342073307984461,0.04365297993686379,0.07603554235866813,0.08669370357500139,6.638431712638115e-05,16,146,0.030017124526960638,0.18994582288260692,True,True,False,4.7457859206025944e-05,COMPLETE
658,0.4856134414672852,2025-04-03 23:59:39.578615,2025-04-03 23:59:53.314146,0 days 00:00:13.735531,0.46839834397628916,0.9812635541551908,2,0.014154939008498443,0.23798621197900055,0.013650255650109813,0.039118788894180176,0.06738262502903218,0.08435839439170655,0.00013873510718421243,12,72,0.03807156074561442,0.17039209876715308,True,False,False,2.2934863816558513e-05,COMPLETE
659,0.5560405850410461,2025-04-03 23:59:53.530036,2025-04-04 00:00:07.999011,0 days 00:00:14.468975,0.035573569904489205,0.45330628609258883,2,0.03044274663089392,0.2574076585923385,0.005170779588193078,0.0411133782809844,0.07157060642732867,0.07964844070073633,0.00010206827067452164,13,142,0.03377332880657236,0.13684464105133118,True,False,False,1.7658473886168566e-05,COMPLETE
660,0.5559876203536988,2025-04-04 00:00:08.202255,2025-04-04 00:00:23.409046,0 days 00:00:15.206791,0.42393997173912645,0.4128170158606941,2,0.020027270528626018,0.24432822141277102,0.008395495493756074,0.037332794282474144,0.0806019945588262,0.0825196592181107,8.74569293291146e-05,14,139,0.02792738544584468,0.1825313605532466,True,False,False,2.6703899958019092e-05,COMPLETE
661,0.3538687229156494,2025-04-04 00:00:23.627620,2025-04-04 00:00:37.629886,0 days 00:00:14.002266,0.8396745493974509,0.43404017041558896,2,0.00852841088473421,0.23316264541953755,0.01099420272812521,0.04748948213794699,0.07422893199569071,0.08756047023911125,0.00011180295798417017,15,136,0.05352427266602658,0.11161794228219883,True,False,True,1.3600828349865922e-05,COMPLETE
662,0.5544967651367188,2025-04-04 00:00:37.835657,2025-04-04 00:00:54.287306,0 days 00:00:16.451649,0.5121171430327195,0.46745904210372013,2,0.040578139858889695,0.15765783320346413,0.019888821343585352,0.04447477595253488,0.07744465571532785,0.09150931237653678,0.00016857979572757349,16,144,0.03642963992174992,0.15708753906387626,True,False,False,8.268751704927228e-06,COMPLETE
663,0.5555835485458375,2025-04-04 00:00:54.508427,2025-04-04 00:01:09.242434,0 days 00:00:14.734007,0.4942099476187495,0.3912235031062246,2,0.026678466643782563,0.22239201205385287,0.015928255001972036,0.04231755946657907,0.08278594591485977,0.09503405111260482,7.956449385456798e-05,13,141,0.032362834552769996,0.16444927524457595,True,False,False,3.476412096941533e-05,COMPLETE
664,0.5543895244598389,2025-04-04 00:01:09.448146,2025-04-04 00:01:24.644117,0 days 00:00:15.195971,0.5418431109363984,0.4458428731649774,2,0.016433490480158998,0.25218109989879683,0.0034982741488236912,0.03963497104288029,0.06932158435648905,0.08487870055969489,0.00013608575336800685,14,147,0.03042330681038373,0.11686085713537717,True,False,False,2.1045560327978087e-05,COMPLETE
665,0.35728008151054386,2025-04-04 00:01:24.862639,2025-04-04 00:01:40.544455,0 days 00:00:15.681816,0.5253027969823137,0.4238074910101401,2,0.02267374004421016,0.23951290583498186,0.011957374885677866,0.04590925654384012,0.07282879479536876,0.08124502916731374,0.0002096326915621823,15,129,0.03521087236120334,0.17499946804293431,False,False,False,2.7155248922607345e-08,COMPLETE
666,0.29631375670433047,2025-04-04 00:01:40.769624,2025-04-04 00:01:55.371683,0 days 00:00:14.602059,0.48124863335778556,0.47693888381089883,2,0.18765145998388771,0.02488388898148838,0.017226366758066613,0.037890674085209505,0.07713203209777658,0.05417762395488508,6.302068524961568e-05,13,133,0.0386056516925628,0.12870042751417243,True,False,False,1.019485850738444e-07,COMPLETE
667,0.5287839651107789,2025-04-04 00:01:55.581275,2025-04-04 00:02:04.228967,0 days 00:00:08.647692,0.4581911319071817,0.40340604507981787,8,0.011525377029424152,0.26071948235525017,0.007201131931607055,0.04047930144619122,0.0792656920624491,0.08965890920685955,0.00010270787329391299,16,138,0.04187742931391784,0.19056647592890488,True,False,False,1.0734374892876428e-05,COMPLETE
668,0.5563868880271912,2025-04-04 00:02:04.448177,2025-04-04 00:02:18.476293,0 days 00:00:14.028116,0.4413448263999409,0.459696889811417,2,0.030623634746438574,0.247040566049314,0.015148865603766262,0.03534895896106443,0.07464180137137204,0.08680076378815352,8.60084462429378e-05,12,143,0.03345258745224167,0.1833202712807701,True,False,False,1.7175763327446635e-05,COMPLETE
669,0.5570312857627868,2025-04-04 00:02:18.686390,2025-04-04 00:02:31.964937,0 days 00:00:13.278547,0.495830171440248,0.43335434504637027,2,0.017641554453128545,0.23250512563399842,0.023293907169290792,0.04299691751720303,0.08123463337110945,0.07750063748342574,0.00012214746909350356,11,140,0.0366342427069605,0.1482026765692619,True,False,False,2.942617445400692e-05,COMPLETE
670,0.5481194496154785,2025-04-04 00:02:32.185648,2025-04-04 00:02:47.511801,0 days 00:00:15.326153,0.051664277958074864,0.4856377379782548,2,0.04570272091128692,0.08964928864942748,0.0011552832586255138,0.0488395752356929,0.07088009722962266,0.08353493965531024,0.00015686602532413282,14,146,0.03133858060799077,0.17183034708587444,True,False,False,4.1621211750355694e-05,COMPLETE
671,0.493414306640625,2025-04-04 00:02:47.721290,2025-04-04 00:03:03.426233,0 days 00:00:15.704943,0.42021529130746865,0.4449295408969583,2,0.15086263059485128,0.24092010274299827,0.009933166794608539,0.039020690542510277,0.08494431158938923,0.0882903185990692,9.62941911258944e-05,15,135,0.028229278279542948,0.16424622953727158,True,False,False,1.350227930372592e-05,COMPLETE
