number,value,datetime_start,datetime_complete,duration,params_alpha-eval,params_alpha-train,params_batch-size,params_eps-eval,params_eps-train,params_lambda-actions-eval,params_lambda-actions-train,params_lambda-frames-eval,params_lambda-frames-train,params_learning-rate,params_n-epochs,params_n-frames,params_radius-gw,params_rho,params_std-feats,params_ub-actions,params_ub-frames,params_weight-decay,state
504,0.29631375670433047,2025-04-03 23:22:16.015269,2025-04-03 23:22:28.392355,0 days 00:00:12.377086,0.46074099191513124,0.4129135039461245,2,0.016348217735659115,0.04202802792803949,0.013095573740258493,0.08501473106757351,0.0736553445142361,0.0946221162866112,0.00023240605234015334,12,136,0.03547109202026531,0.16995791628636342,True,True,False,2.3565316410752192e-05,COMPLETE
505,0.5414902329444885,2025-04-03 23:22:28.563130,2025-04-03 23:22:43.033477,0 days 00:00:14.470347,0.5153677193815343,0.44007647723168086,2,0.005571242632398547,0.05507043339019841,0.0012387162855130034,0.07544022161186949,0.08323459502114057,0.08733451903866239,0.0001922525728058555,13,145,0.040227663316270035,0.1602092606058752,True,False,False,3.407564833639061e-08,COMPLETE
506,0.435956734418869,2025-04-03 23:22:43.192492,2025-04-03 23:22:55.763767,0 days 00:00:12.571275,0.4758743754454071,0.4777213432021072,2,0.014725945276419466,0.049198717020379736,0.01782408356190648,0.045651417289478385,0.07924367963573153,0.08439534018889353,0.00013508398256498107,12,141,0.033294996791207225,0.16642183668116795,True,False,True,1.4927082765759198e-05,COMPLETE
507,0.3413332581520081,2025-04-03 23:22:55.924509,2025-04-03 23:23:11.353822,0 days 00:00:15.429313,0.4618150363082481,0.4288111551694838,2,0.02547900505510004,0.07699906266332462,0.009992515828722594,0.07347210707879809,0.08680363103559827,0.09121806378058994,0.01125000411305347,14,133,0.037805878261541664,0.17513729437287132,True,False,False,1.969730658191495e-05,COMPLETE
508,0.5485610485076905,2025-04-03 23:23:11.525970,2025-04-03 23:23:27.351927,0 days 00:00:15.825957,0.4970371362475468,0.45605268553600653,2,0.030815826982574727,0.2297451077111193,0.015349745584869928,0.061278408335265086,0.07130266637762009,0.08176786452715647,0.00010272321855407487,15,138,0.028580120905711312,0.15163340106264356,True,False,False,1.1396314916503536e-05,COMPLETE
509,0.43790346980094913,2025-04-03 23:23:27.513936,2025-04-03 23:23:42.423145,0 days 00:00:14.909209,0.13310970539624567,0.49614664710684425,2,0.01034120283314924,0.012762642487799167,0.004603173388149447,0.04882082854847902,0.07621523977853603,0.08625712601285136,7.816034038513333e-05,14,53,0.03468360695928996,0.16520274790181996,True,False,False,2.5039030222706762e-05,COMPLETE
510,0.514546275138855,2025-04-03 23:23:42.598760,2025-04-03 23:23:50.648012,0 days 00:00:08.049252,0.45268310795556455,0.41212091750605356,8,0.019249105338078464,0.030540738954826552,0.01953822230539823,0.038312105313101204,0.08129101358224546,0.08911168057101311,0.0001227944265265571,13,145,0.03018979305280757,0.1817056871723909,True,False,False,2.8643013488540464e-05,COMPLETE
511,0.3131152749061585,2025-04-03 23:23:50.809132,2025-04-03 23:24:06.412763,0 days 00:00:15.603631,0.10300286954931832,0.45852988206736817,2,0.005442874934334242,0.04800697473894486,0.013114027475137898,0.03503850736794919,0.07362696459145963,0.08410369584213806,9.144454522222757e-05,15,140,0.035733328960944624,0.15873686571603401,False,False,False,1.6509803346013597e-05,COMPLETE
512,0.42077312469482425,2025-04-03 23:24:06.573910,2025-04-03 23:24:23.042570,0 days 00:00:16.468660,0.85428176787436,0.4765104293352366,2,0.023340512153459447,0.06059873507064064,0.017218601250433434,0.09161982051116456,0.08549280651640027,0.08230410760943181,0.03322233464220709,16,143,0.0322659520469623,0.17198791619389708,True,False,False,1.2653913087293218e-05,COMPLETE
513,0.5441928505897522,2025-04-03 23:24:23.213969,2025-04-03 23:24:37.785530,0 days 00:00:14.571561,0.48737925210784716,0.43522740499280976,2,0.015060326967069031,0.04312301235380647,0.015001209351597556,0.04395187280710056,0.0686360004873945,0.079034081068943,0.00016392107618042607,13,136,0.04169270951274713,0.18436198192684108,True,False,False,1.9953098348802813e-05,COMPLETE
514,0.3665387809276581,2025-04-03 23:24:37.948482,2025-04-03 23:24:51.910813,0 days 00:00:13.962331,0.5086510360261973,0.46369083528866667,2,0.03315877866945004,0.06582480774698232,0.008611603172324497,0.0902224340679155,0.07880584000849238,0.08768216015856535,0.00011048778756790036,12,147,0.051922422355219836,0.17842078386378465,True,False,False,1.2419188340608584e-05,COMPLETE
515,0.29631375670433047,2025-04-03 23:24:52.087998,2025-04-03 23:25:07.264024,0 days 00:00:15.176026,0.48413970056388406,0.5039082800391077,2,0.00023434162186365334,0.23691321934303722,0.01945668297548347,0.0814837466233977,0.07522116252288238,0.09011475481314664,0.0005784369161440297,14,140,0.036423870841942714,0.16287086297056827,True,False,False,3.669932565704768e-05,COMPLETE
516,0.5135716199874878,2025-04-03 23:25:07.426084,2025-04-03 23:25:17.538697,0 days 00:00:10.112613,0.5235894654791883,0.41133819164349616,2,0.010226241276959685,0.1730889768982375,0.011699465152598407,0.04192425781428819,0.07728019374968663,0.0865545371649043,8.082260704916286e-05,6,143,0.03311030953427993,0.17254613990594628,True,False,False,1.6219029765124388e-05,COMPLETE
517,0.48336520195007326,2025-04-03 23:25:17.705143,2025-04-03 23:25:34.391272,0 days 00:00:16.686129,0.4480494172528842,0.4421747064906863,2,0.2557831881912297,0.2447074483663769,0.02185249892891632,0.04738431427653833,0.07145858184190114,0.08468274557891502,0.00013062355476611365,16,137,0.030131876892188138,0.14886250821771788,True,False,False,1.0501079916711249e-05,COMPLETE
518,0.4006337642669678,2025-04-03 23:25:34.564349,2025-04-03 23:25:41.559828,0 days 00:00:06.995479,0.47201760869026466,0.48752852149939674,16,0.024501566379406484,0.08863909305895028,0.006325988380183617,0.03952036101315215,0.08155263123253159,0.08169080081773625,0.00010048787048804525,13,132,0.09793722492885362,0.15801695352351525,True,False,False,2.2227654291902507e-05,COMPLETE
519,0.5431223034858704,2025-04-03 23:25:41.721826,2025-04-03 23:25:57.437756,0 days 00:00:15.715930,0.498159539451967,0.5263640851286063,2,0.018418388471788064,0.2311119421825334,0.01730178947139423,0.04110039464219274,0.08385983847004545,0.08287111954733704,7.784515877267416e-05,15,145,0.03887540544331282,0.16632635878587806,True,False,False,3.059662758702631e-05,COMPLETE
520,0.3540298879146576,2025-04-03 23:25:57.613858,2025-04-03 23:26:12.828930,0 days 00:00:15.215072,0.45269497770315353,0.4273750277436225,2,0.014204920075725786,0.2423143023054628,0.014565928773105485,0.03660190568049069,0.07367344285462976,0.08566699546097593,0.00014503071627633695,14,141,0.08634312573890635,0.17439180401749593,True,False,False,1.4970429189120137e-05,COMPLETE
521,0.35660809278488165,2025-04-03 23:26:12.993723,2025-04-03 23:26:27.515588,0 days 00:00:14.521865,0.5135044539781662,0.45879623440156636,2,0.029371553844503497,0.2251119017014224,0.02422349186212237,0.044865924076507746,0.06988407148149327,0.08846911977252038,0.00011578492554460548,13,146,0.04835348612661186,0.18857542663397234,True,False,False,1.9461409270480484e-05,COMPLETE
522,0.4966235399246216,2025-04-03 23:26:27.679751,2025-04-03 23:26:43.907850,0 days 00:00:16.228099,0.06333725422727325,0.48308719543393286,2,0.04052089471456706,0.24855445137069226,0.012299499216032794,0.05416526148825161,0.07582775084870441,0.07794571780926915,0.00017199218265243486,16,83,0.034522303591042164,0.1793703660102723,True,False,False,1.0438442393495601e-05,COMPLETE
523,0.5549972176551818,2025-04-03 23:26:44.082086,2025-04-03 23:26:59.859431,0 days 00:00:15.777345,0.032879093659999775,0.44419068502232834,2,0.021933208572881387,0.23878557022626196,0.0033178030638145073,0.04261943601054553,0.07872512934666595,0.0801422038484057,9.168854497446878e-05,15,139,0.027910304161544452,0.1533339148323326,True,False,False,2.713724151995292e-05,COMPLETE
524,0.29631375670433047,2025-04-03 23:27:00.025338,2025-04-03 23:27:12.529771,0 days 00:00:12.504433,0.4716131117523118,0.40911493551224265,2,0.005817394158452877,0.15890142391636247,0.009362154624730881,0.08671126882190384,0.07187818982140005,0.0841798985032663,0.00013935042252012883,12,136,0.030976762049616375,0.18516477724629188,True,True,False,1.3611415538877178e-05,COMPLETE
525,0.5504306554794312,2025-04-03 23:27:12.705441,2025-04-03 23:27:27.945479,0 days 00:00:15.240038,0.44565941257800257,0.5038609323943517,2,0.014850673733361908,0.24952387771371787,0.016379009884765088,0.04915073952866087,0.08037591739356882,0.04528741422773659,0.00010437287043572619,14,142,0.03725656580213571,0.16768638469366864,True,False,False,1.852469281036901e-05,COMPLETE
526,0.38101832270622255,2025-04-03 23:27:28.108908,2025-04-03 23:27:42.576328,0 days 00:00:14.467420,0.48813206867551157,0.46663884382137316,2,0.010673467044968084,0.2583891509695906,0.018978489845377408,0.038941751704060855,0.07726844675136894,0.09180165409037769,7.531966489372566e-05,16,69,0.03297380064746147,0.03662238949089948,True,False,True,9.646867921885885e-06,COMPLETE
527,0.4211407661437988,2025-04-03 23:27:42.741757,2025-04-03 23:27:57.962056,0 days 00:00:15.220299,0.519838008416275,0.43056061042653937,2,0.024809191038530028,0.18842708387688503,0.015222725741212178,0.04607753847291663,0.0741743555977143,0.08654414915322776,9.153702141057767e-05,14,147,0.07015022256401632,0.16326925276517182,True,False,False,2.386369613507227e-05,COMPLETE
528,0.54697026014328,2025-04-03 23:27:58.136830,2025-04-03 23:28:12.814683,0 days 00:00:14.677853,0.43764610201060067,0.47823189479303596,2,0.01865610202625193,0.2384973270297071,0.021595791327982186,0.03671713878041265,0.08314786586970221,0.08950891285936904,0.0002124398471132831,13,134,0.028404217015294664,0.17424763111915537,True,False,False,0.0008273238922484589,COMPLETE
529,0.5485042214393616,2025-04-03 23:28:12.982866,2025-04-03 23:28:26.386302,0 days 00:00:13.403436,0.46255769780144984,0.5297222567483028,2,0.0354343528053726,0.24815496017445018,0.012806692365684035,0.043167472747027036,0.06900768643310674,0.08109035429385565,0.00012314083286357958,11,139,0.03135398030754905,0.1551200317147796,True,False,False,1.2098340106274818e-05,COMPLETE
530,0.36961454749107364,2025-04-03 23:28:26.563886,2025-04-03 23:28:42.232174,0 days 00:00:15.668288,0.49105189234254754,0.44043690894571175,2,0.0296504951253069,0.23326418629775394,0.014396717276347094,0.04028890179970812,0.07196281981864748,0.08350791700798003,0.00011382655113526282,15,143,0.03411051352206393,0.1852366370687043,False,False,False,1.6247354881136073e-05,COMPLETE
531,0.5550175905227661,2025-04-03 23:28:42.400303,2025-04-03 23:28:56.293057,0 days 00:00:13.892754,0.5418424235302605,0.40951801849030434,2,0.006383652058433713,0.25389296211122175,0.007057985860558212,0.03807039013262998,0.08761200378440276,0.08705770291590993,0.00017307131128008874,12,145,0.03589117602291923,0.16866151758083578,True,False,False,2.1020828786846503e-05,COMPLETE
532,0.462353777885437,2025-04-03 23:28:56.471379,2025-04-03 23:29:04.553851,0 days 00:00:08.082472,0.463610854855651,0.4574879020301682,8,0.018165709525349683,0.2426184601868239,0.01103080618801002,0.034577746133900376,0.08512545107792205,0.08505537729919292,7.686891284044242e-05,13,138,0.029769102555049012,0.17530832352661493,True,False,False,3.608856717683506e-05,COMPLETE
533,0.5569658517837525,2025-04-03 23:29:04.721289,2025-04-03 23:29:21.029021,0 days 00:00:16.307732,0.5016346296653764,0.5047568380871594,2,0.012331292678228297,0.05630845755837528,0.01782849206408188,0.041317560176023324,0.07593002418350758,0.08230164861999278,0.00014697274049419725,16,141,0.026723696910244066,0.16140981967504586,True,False,False,1.3606545128085302e-05,COMPLETE
534,0.5377364873886109,2025-04-03 23:29:21.196129,2025-04-03 23:29:36.951332,0 days 00:00:15.755203,0.522163078404445,0.5077998895681001,2,0.02580513993387305,0.0588444978545078,0.017931596199209997,0.04075960743106108,0.0779383105098967,0.08017475368859212,0.00019679081204676375,15,147,0.04483262345823492,0.16036225609071014,True,False,False,1.3434482473347677e-05,COMPLETE
535,0.29631375670433047,2025-04-03 23:29:37.129046,2025-04-03 23:29:53.449364,0 days 00:00:16.320318,0.6030233736000559,0.5266525079935959,2,0.00030413734045680457,0.05564744086952501,0.01843197189454785,0.039068448339757915,0.08108852184264147,0.07881430178154268,0.0002970802302617613,16,142,0.02651428200159171,0.1485132660911675,True,False,False,9.461081275903565e-06,COMPLETE
536,0.5544382452964783,2025-04-03 23:29:53.618904,2025-04-03 23:30:09.927132,0 days 00:00:16.308228,0.5021497250990107,0.5001536399543887,2,0.010136756807651309,0.04312711896269926,0.020740462244743713,0.04184270844732221,0.07623289723657578,0.0833907415300568,0.00015843824003017787,16,144,0.0282288899184039,0.16262138043401264,True,False,False,1.637398643037418e-05,COMPLETE
537,0.5516553044319153,2025-04-03 23:30:10.117021,2025-04-03 23:30:25.838295,0 days 00:00:15.721274,0.5499618243656612,0.4900545917721476,2,0.021462500869390347,0.04404012630632685,0.01585083460399887,0.036938132961904714,0.08033228792961739,0.08193000529895121,0.00013982180452148704,15,141,0.032101692916363264,0.16804822333017444,True,False,False,1.1864186691129322e-05,COMPLETE
538,0.5546061038970947,2025-04-03 23:30:26.006103,2025-04-03 23:30:41.344436,0 days 00:00:15.338333,0.4815982378717982,0.5151568644202718,2,0.015932892862932424,0.21170308084112857,0.02018637564247221,0.07703411463473396,0.07459595841106864,0.0889796312769255,0.0001280352686760719,14,147,0.026196240176340112,0.15481590953531837,True,False,False,1.8544228463225742e-05,COMPLETE
539,0.5261354923248291,2025-04-03 23:30:41.513545,2025-04-03 23:30:48.997870,0 days 00:00:07.484325,0.5020996442648198,0.4730601574228323,16,0.028444764630052147,0.07282282151416541,0.02456257970182916,0.04492262109962731,0.07885011401062349,0.07784040504256957,0.00015716324496292124,16,141,0.02968047292433167,0.17795134799307308,True,False,False,2.696054272317137e-05,COMPLETE
540,0.5551259875297546,2025-04-03 23:30:49.178715,2025-04-03 23:31:04.467977,0 days 00:00:15.289262,0.010342047420184637,0.48826056768384657,2,0.00580503356291229,0.05718063196530356,0.01673800751440122,0.05247226570766931,0.08267255110116555,0.08522840776010596,0.00018866062395523077,14,145,0.03716457053748693,0.1609368813575501,True,False,False,1.4595271296886889e-05,COMPLETE
541,0.5355860948562622,2025-04-03 23:31:04.638398,2025-04-03 23:31:20.288109,0 days 00:00:15.649711,0.5331254765874652,0.5370738150850934,2,0.02172964177134739,0.05302433287626781,0.01371513964366686,0.0397359768262506,0.07635564489678513,0.08177208696395454,0.00011038114195606213,15,105,0.034629712748382536,0.16999256782039582,True,False,False,1.0552094905192744e-05,COMPLETE
542,0.29631375670433047,2025-04-03 23:31:20.471331,2025-04-03 23:31:33.493205,0 days 00:00:13.021874,0.47734389273557515,0.458769691035971,2,0.012596383311890922,0.03807192348770732,0.009038134672925554,0.04827882591858764,0.07834169108209632,0.09300723154315019,0.00014405217761374387,13,139,0.032611347594755105,0.14587538971665603,True,True,False,2.193272604585451e-05,COMPLETE
543,0.47969352006912236,2025-04-03 23:31:33.663525,2025-04-03 23:31:50.115870,0 days 00:00:16.452345,0.5204144813051674,0.5154243735926292,2,0.21831815913501812,0.1032713888266162,0.022973540936871987,0.0991332371555939,0.08521708001776548,0.08723919168017984,0.0001028997562305253,16,143,0.039193879319242876,0.18590739003964293,True,False,False,9.67121759361134e-06,COMPLETE
544,0.5530340194702149,2025-04-03 23:31:50.298857,2025-04-03 23:32:05.744908,0 days 00:00:15.446051,0.49318180587710114,0.4739943757679413,2,0.0327045565122909,0.04712921953698129,0.06913400059599835,0.03482866942423106,0.07456151456846885,0.08341503817745735,0.00013157133879819244,14,148,0.027110323238811112,0.18063858596140628,True,False,False,1.4178430879980183e-05,COMPLETE
545,0.3519378900527954,2025-04-03 23:32:05.914353,2025-04-03 23:32:18.910676,0 days 00:00:12.996323,0.46433996044986053,0.4521875008297451,2,0.27360696824479513,0.23515520889295585,0.004681539205173825,0.041591442799380894,0.08124318340220729,0.08567274143432105,0.00039244768340519233,13,138,0.0311445211763573,0.1571458354001568,True,False,True,3.004886073066055e-05,COMPLETE
546,0.486342191696167,2025-04-03 23:32:19.082434,2025-04-03 23:32:36.408654,0 days 00:00:17.326220,0.664952455933921,0.5425873307053825,2,0.22716429617707884,0.2503534549641005,0.018132527706060223,0.060561904812373175,0.07619861293454686,0.08036270667016242,9.500677044052539e-05,17,144,0.03484119308913316,0.16507560368744148,True,False,False,1.6190955474656818e-05,COMPLETE
547,0.5549885392189027,2025-04-03 23:32:36.592624,2025-04-03 23:32:52.275416,0 days 00:00:15.682792,0.5115273605076789,0.4952760623935034,2,0.01775577069576281,0.22680736199199752,0.011624420347011867,0.05650090089851273,0.07020413841402601,0.06580114036172197,0.00011747560410084114,15,141,0.028850272052244216,0.17117441436563935,True,False,False,1.1913829474976043e-05,COMPLETE
548,0.5271213412284852,2025-04-03 23:32:52.449003,2025-04-03 23:33:08.791302,0 days 00:00:16.342299,0.040507737117587664,0.4399032029862972,2,0.03831967166718404,0.06439441284200836,0.015765756860555917,0.0646398695711805,0.0734334779818299,0.09040516542782917,0.00026653924087700204,16,134,0.03287088189161824,0.17552017966619748,True,False,False,2.117856785030762e-05,COMPLETE
549,0.5217377185821533,2025-04-03 23:33:08.972353,2025-04-03 23:33:22.729485,0 days 00:00:13.757132,0.0880042821128719,0.4747545764571814,2,0.024613576659486082,0.24402156503732794,0.01401552443308898,0.04631584931126985,0.0799301974367842,0.08796830378362651,0.00016985583852921883,12,91,0.03675105838574121,0.1883809661839304,True,False,False,3.954381757079018e-05,COMPLETE
550,0.36687391996383667,2025-04-03 23:33:22.900959,2025-04-03 23:33:37.927544,0 days 00:00:15.026585,0.4810632489037572,0.4202960742710758,2,0.009060592216881144,0.25586319267380936,0.020741005604636997,0.03763379508334895,0.08310637414290142,0.08312916700051037,0.0001394715054873837,14,147,0.0303556966695763,0.15180292190400907,False,False,False,8.873054610853059e-06,COMPLETE
551,0.46466977000236515,2025-04-03 23:33:38.111575,2025-04-03 23:33:52.684080,0 days 00:00:14.572505,0.45067881375835056,0.5032741954592206,2,0.014596406882825434,0.07021061781317368,0.010912454541072357,0.04339518943354359,0.07753092580205184,0.08450301438642539,0.002001013043149799,13,139,0.04022639138737241,0.1645845682285659,True,False,False,2.418899655663598e-05,COMPLETE
552,0.5570312857627868,2025-04-03 23:33:52.856715,2025-04-03 23:34:08.699721,0 days 00:00:15.843006,0.4326877035157546,0.4508778790872935,2,0.020500662391724732,0.21919650745415675,0.0014673131977361899,0.05088386968625258,0.07575298801755803,0.09583736321855832,9.055860784677477e-05,15,143,0.03408677901524332,0.18016971934199488,True,False,False,1.828615899160061e-05,COMPLETE
553,0.5497208118438721,2025-04-03 23:34:08.883965,2025-04-03 23:34:24.594667,0 days 00:00:15.710702,0.498179640469655,0.4449227640498927,2,0.028837574826499242,0.22292258322651792,0.0028333207756479906,0.053648776643736094,0.08717733996758345,0.09050327849510824,7.890582033511111e-05,15,136,0.03518580765014698,0.17246533687171625,True,False,False,1.8266326123183723e-05,COMPLETE
554,0.5030726909637452,2025-04-03 23:34:24.770231,2025-04-03 23:34:32.993768,0 days 00:00:08.223537,0.5644536751993678,0.41272069756743307,8,0.024514780824105645,0.23073667921262295,0.003334163924546864,0.05038411000936505,0.06789987879618763,0.09444377318592836,9.331015846789187e-05,14,145,0.038163348895557156,0.1851893871833223,True,False,False,2.5968314305687165e-05,COMPLETE
555,0.5497919797897339,2025-04-03 23:34:33.165694,2025-04-03 23:34:49.131312,0 days 00:00:15.965618,0.4661303720646882,0.43435168848114347,2,0.03376659218462043,0.23641955036616782,0.0011050845452581194,0.05113090860708107,0.078984206965504,0.08771483261832297,7.775038223557002e-05,15,141,0.03264664265754227,0.17856458454865856,True,False,False,1.8020187676871094e-05,COMPLETE
556,0.556614887714386,2025-04-03 23:34:49.316379,2025-04-03 23:35:04.378647,0 days 00:00:15.062268,0.531459950641682,0.44841524136903194,2,0.02032340361653413,0.21561460824389672,0.0010556741738652418,0.039473141995940965,0.073181215455489,0.09617715104786059,9.204514432707018e-05,14,148,0.03435934048210285,0.18172144371431356,True,False,False,3.101690566159588e-05,COMPLETE
557,0.49071195125579836,2025-04-03 23:35:04.555145,2025-04-03 23:35:18.456302,0 days 00:00:13.901157,0.43550642701761033,0.46537293007467323,2,0.1639840297892934,0.23020502559175388,0.0054930029441482035,0.036170851922085266,0.08212696903170338,0.09791891619648178,0.00010467505729796062,12,137,0.03593309221166846,0.16997767489290155,True,False,False,1.4539259095838908e-05,COMPLETE
558,0.5567955613136292,2025-04-03 23:35:18.641587,2025-04-03 23:35:33.210443,0 days 00:00:14.568856,0.4876782362701114,0.4072614804184389,2,0.028533520069521513,0.22247359472480685,0.004145033114711268,0.041885787581848855,0.08442740648769077,0.09283622293746877,7.864198745657359e-05,13,143,0.031398167486274255,0.18130539843969698,True,False,False,2.140693611006737e-05,COMPLETE
559,0.5553612589836121,2025-04-03 23:35:33.385088,2025-04-03 23:35:48.620842,0 days 00:00:15.235754,0.4542505697238669,0.4234523252592029,2,0.019776545014905573,0.2400943668660241,0.007417295424305601,0.03810018914781377,0.07133968409663832,0.08539606834163162,0.00012226025122012363,14,131,0.03353774007095984,0.1607092750264375,True,False,False,1.6024336756399646e-05,COMPLETE
