number,value,datetime_start,datetime_complete,duration,params_alpha-eval,params_alpha-train,params_batch-size,params_eps-eval,params_eps-train,params_lambda-actions-eval,params_lambda-actions-train,params_lambda-frames-eval,params_lambda-frames-train,params_learning-rate,params_n-epochs,params_n-frames,params_radius-gw,params_rho,params_std-feats,params_ub-actions,params_ub-frames,params_weight-decay,state
112,0.4413566291332245,2025-04-03 21:29:14.948500,2025-04-03 21:29:37.159606,0 days 00:00:22.211106,0.40425331543402265,0.3601295843039343,2,0.12637452750963085,0.2361148179886222,0.09246269855617954,0.01599048711961088,0.021456740856129135,0.029846754506549868,0.00046062480487402667,25,148,0.0202372785234829,0.1720666587791099,True,False,False,9.743091950334691e-05,COMPLETE
113,0.5073551893234253,2025-04-03 21:29:37.196388,2025-04-03 21:30:00.021610,0 days 00:00:22.825222,0.36896570780878946,0.3763179172188004,2,0.1396733122515336,0.2135654593659124,0.09851797786167421,0.01256520475889629,0.029234870563764892,0.03391850832913043,0.0002814971160495553,26,141,0.021517351703998523,0.1618441811026394,True,False,False,0.00016057008845895648,COMPLETE
114,0.49850234985351566,2025-04-03 21:30:00.059174,2025-04-03 21:30:21.561654,0 days 00:00:21.502480,0.37489238408083614,0.3834693840507063,2,0.14239318603868004,0.2167617004229228,0.09780475912302403,0.02161129826165538,0.014836285149847557,0.0352130411243082,0.0002890240574765862,24,141,0.029675838870361633,0.16272232942768936,True,False,False,0.00019658481933475957,COMPLETE
115,0.49520330429077153,2025-04-03 21:30:21.599853,2025-04-03 21:30:42.448379,0 days 00:00:20.848526,0.33280514454916305,0.27359746059930085,2,0.14033463055539233,0.21673742596933904,0.09800234935365082,0.022341609211048476,0.029872581128775583,0.03871801469513568,0.0003280205919576831,23,142,0.022822227267965525,0.16286474909630075,True,False,False,0.00019134601090172284,COMPLETE
116,0.35480878949165345,2025-04-03 21:30:42.487969,2025-04-03 21:31:05.050063,0 days 00:00:22.562094,0.3706999615692953,0.3779881924557028,2,0.14762107819414777,0.24154190973988915,0.09582718843658641,0.012393588102565394,0.014761684155479416,0.03524322046379029,0.0007541568665668598,26,129,0.02135433632881651,0.14712113666542068,True,False,False,0.0003832823811338005,COMPLETE
117,0.45799283981323247,2025-04-03 21:31:05.088977,2025-04-03 21:31:26.329798,0 days 00:00:21.240821,0.3409093285106694,0.2966120998987092,2,0.11909997491916374,0.22765321940638583,0.0997807354699614,0.020809200528908767,0.04108507379355063,0.03700371621424347,0.0003894772041396853,24,139,0.027727860267555787,0.18919233144381414,True,False,False,0.00012758030892231776,COMPLETE
118,0.37492030858993536,2025-04-03 21:31:26.369085,2025-04-03 21:31:47.912777,0 days 00:00:21.543692,0.05541229602317224,0.32219992374521117,2,0.10116977332563853,0.22314083075482555,0.04702735973170742,0.02504196500627967,0.047597426791838704,0.026071015576936047,0.0005144630541363398,24,143,0.012501157022227665,0.1574804685525696,True,False,False,0.0005276420620823201,COMPLETE
119,0.46305976510047914,2025-04-03 21:31:47.952330,2025-04-03 21:32:08.160347,0 days 00:00:20.208017,0.24414186245920594,0.7874648087061389,2,0.14248887834336144,0.200067490579653,0.09496672962086031,0.01086307244702738,0.027443369134347077,0.024446914327626988,0.00023323390391017786,22,112,0.024978526115261083,0.1685243096061563,True,False,False,0.00017643006108524148,COMPLETE
120,0.4852645039558411,2025-04-03 21:32:08.200235,2025-04-03 21:32:30.187022,0 days 00:00:21.986787,0.29277926666673487,0.20194599933742308,2,0.13267495105111177,0.20983130238725958,0.008044472242716396,0.018321331069787457,0.008340846578579107,0.04211533985645693,0.0002674796014298186,25,131,0.03063925408655161,0.08674333651485429,True,False,False,0.00011025811196454522,COMPLETE
121,0.5100156784057618,2025-04-03 21:32:30.227103,2025-04-03 21:32:52.329533,0 days 00:00:22.102430,0.4073954749392035,0.37715197458749183,2,0.11412996039699448,0.21285276289729055,0.09771368019041778,0.014113359080485837,0.019795784963200364,0.029530094426283217,0.0002725747567658635,25,140,0.029250925417807203,0.17583789297303534,True,False,False,7.69044509174245e-05,COMPLETE
122,0.4975388407707214,2025-04-03 21:32:52.370829,2025-04-03 21:33:14.999155,0 days 00:00:22.628326,0.38920343778389355,0.3478346571125195,2,0.1568900539842394,0.19409456299908445,0.09731257792963689,0.013893087352111557,0.015451426613280536,0.03089550766253734,0.0001637208404278936,26,141,0.02162399986980085,0.152772402922538,True,False,False,6.159688360951673e-05,COMPLETE
123,0.4944841265678406,2025-04-03 21:33:15.048939,2025-04-03 21:33:38.218689,0 days 00:00:23.169750,0.3717979944759893,0.3833388637362717,2,0.1155281677354574,0.2550624227799832,0.09189929090501292,0.04921873427502568,0.01936045143306242,0.019859809528852204,0.00028356942931593025,27,118,0.027194200949580458,0.17721858850005248,True,False,False,0.00021347829824406157,COMPLETE
124,0.5043975114822388,2025-04-03 21:33:38.259963,2025-04-03 21:34:00.426391,0 days 00:00:22.166428,0.3129945971599917,0.24318520621558337,2,0.1393225550269751,0.24488132352979297,0.03912013129785298,0.008988418692515838,0.02855676157831119,0.027494873925968614,0.00019431165085395243,25,144,0.01886603776329393,0.19092021797629224,True,False,False,9.841961383056563e-07,COMPLETE
125,0.5278874039649963,2025-04-03 21:34:00.467161,2025-04-03 21:34:22.372417,0 days 00:00:21.905256,0.352956962130478,0.24765981833542464,2,0.10459754457680806,0.24718681805245335,0.04353373482383981,0.009063236424117788,0.028248095808820813,0.027474785441579757,0.0001404714865910395,25,145,0.019951292162488664,0.1912055757030904,True,False,False,1.018323555452985e-06,COMPLETE
126,0.5271342754364015,2025-04-03 21:34:22.414352,2025-04-03 21:34:44.547935,0 days 00:00:22.133583,0.35037022855121763,0.23730292420315152,2,0.09384890488333687,0.23858959969193572,0.03797510647093393,0.009411752250839763,0.03264793521272708,0.027739747675980853,0.00014519039402189113,25,145,0.0185840816348114,0.19091529580253824,True,False,False,4.899081679615048e-07,COMPLETE
127,0.5261131882667542,2025-04-03 21:34:44.588968,2025-04-03 21:35:05.456015,0 days 00:00:20.867047,0.31832159560502343,0.2575011969271982,2,0.09891724851551457,0.2432508119473507,0.039453832972071314,0.007976759903562534,0.03273139814293071,0.027086777710241705,0.00015271096469882315,23,146,0.01621037657905787,0.1910401932131858,True,False,False,8.989663078532927e-07,COMPLETE
128,0.5271095395088197,2025-04-03 21:35:05.498368,2025-04-03 21:35:26.531418,0 days 00:00:21.033050,0.31557285888531894,0.23662610435760387,2,0.0930539343122934,0.23671863062091378,0.038125591690270126,0.008334922220105675,0.03302006819400962,0.027455870747194303,0.00016269104798789598,23,146,0.01717371026974724,0.19166691293431687,True,False,False,9.616684834633714e-07,COMPLETE
129,0.41984335184097293,2025-04-03 21:35:26.573598,2025-04-03 21:35:34.778273,0 days 00:00:08.204675,0.35180676675783984,0.17881681418057777,16,0.09595855006514929,0.23823770589875323,0.043144680123404014,0.008517552140409081,0.03622470181726135,0.022324047486439437,0.00016028241445980852,23,147,0.015514138718362876,0.20640674916065677,True,False,False,4.62299267678127e-07,COMPLETE
130,0.3694148719310761,2025-04-03 21:35:34.820430,2025-04-03 21:35:54.284975,0 days 00:00:19.464545,0.26316323074944137,0.22732048228011043,2,0.10500241457169086,0.23257357469236503,0.03617129415932848,0.014161292680982115,0.03223254851636756,0.02672918138924401,9.674171444677687e-05,21,150,0.013568622652900314,0.18280582210129087,False,False,False,6.312893550448917e-07,COMPLETE
131,0.5132617473602296,2025-04-03 21:35:54.327548,2025-04-03 21:36:16.435343,0 days 00:00:22.107795,0.3041654724500383,0.26383122959752403,2,0.0806823445592124,0.24325112386142092,0.039044484919392004,0.009799150157396304,0.0380233078884946,0.02810869852335611,0.00023373360620681865,25,138,0.01865642881312609,0.1916880924258294,True,False,False,9.875784261249604e-07,COMPLETE
132,0.5144006013870239,2025-04-03 21:36:16.478201,2025-04-03 21:36:37.753241,0 days 00:00:21.275040,0.32213989016800565,0.2838602929503739,2,0.09269147912698009,0.22640293201784883,0.04083898668733357,0.01070234657334941,0.034509055876664044,0.023338063000356457,0.00023944199192226805,24,139,0.01692511593494672,0.1784496600684522,True,False,False,1.5082920087700667e-06,COMPLETE
133,0.532249402999878,2025-04-03 21:36:37.796793,2025-04-03 21:36:58.493125,0 days 00:00:20.696332,0.20687014989337876,0.2811457226283705,2,0.07870776578458895,0.22842838453437286,0.03888546916379223,0.01043630579805651,0.0339100078001821,0.01762783092654794,0.0001496251445742307,23,137,0.01663804790085737,0.19229658623965976,True,False,False,1.5345211565828018e-06,COMPLETE
134,0.5427118659019471,2025-04-03 21:36:58.536841,2025-04-03 21:37:19.201765,0 days 00:00:20.664924,0.2777852844165489,0.27388427663627435,2,0.07947685656793169,0.22669068454348174,0.04099139793475791,0.01065427863023365,0.038600199031288154,0.016735137209766004,0.00014361811091790014,23,136,0.009338658324968333,0.1933298432971641,True,False,False,1.3282965146860754e-06,COMPLETE
135,0.36484418511390687,2025-04-03 21:37:19.245169,2025-04-03 21:37:38.894569,0 days 00:00:19.649400,0.2758425840304269,0.26850835722486277,2,0.09184560484943113,0.22768072290434277,0.04089436883296265,0.006510675957121831,0.03352279322063437,0.016789654932501254,0.00014884319879560358,21,136,0.005665817978183066,0.19322539182450926,True,False,False,1.527568262922316e-06,COMPLETE
136,0.5415238618850708,2025-04-03 21:37:38.938529,2025-04-03 21:37:59.095328,0 days 00:00:20.156799,0.19834790415569997,0.2878759292782959,2,0.07914314765244448,0.2237697123100325,0.038240918870999126,0.010035263725822564,0.03882373959202852,0.020567884594086407,0.0001021334700023676,22,138,0.00947230923210645,0.1859391423944916,True,False,False,2.237594027241394e-06,COMPLETE
137,0.29631375670433047,2025-04-03 21:37:59.139424,2025-04-03 21:38:16.873955,0 days 00:00:17.734531,0.16805897747951912,0.28758637267243337,2,0.07738342734140899,0.22129695371712968,0.03885772619409648,0.01040743807153625,0.03880259928226468,0.019640491289538993,0.00010660003588768496,22,138,0.009243805430783835,0.18757490360905477,True,True,False,2.1266006105093e-06,COMPLETE
138,0.5398737192153931,2025-04-03 21:38:16.927175,2025-04-03 21:38:37.658118,0 days 00:00:20.730943,0.21852101008513578,0.24463190012290262,2,0.08415359115475558,0.24945521159537717,0.04412434657418937,0.00898069865612109,0.04200212279769334,0.01292883223043871,0.00014123406412050717,23,136,0.011443868366600489,0.20432902288845622,True,False,False,9.821867930262211e-07,COMPLETE
139,0.5344872117042542,2025-04-03 21:38:37.704112,2025-04-03 21:38:58.546941,0 days 00:00:20.842829,0.21186093273718593,0.2540150870353837,2,0.08242322569395179,0.24923375640096782,0.042999999475941623,0.00809985913698138,0.04352277253630643,0.013385517724567909,0.00013642523628269826,23,130,0.01147721374952649,0.20074715939801702,True,False,False,9.857877805511896e-07,COMPLETE
140,0.542510485649109,2025-04-03 21:38:58.592907,2025-04-03 21:39:17.545079,0 days 00:00:18.952172,0.20140932831999694,0.25860869040860435,2,0.062089495434753145,0.24743512581280605,0.04425996705186062,0.009898449204630067,0.042889884762535156,0.012510148740622192,0.0001432655440682726,20,134,0.011695758318145708,0.20782450915510076,True,False,False,8.791686819407057e-07,COMPLETE
141,0.5369601964950562,2025-04-03 21:39:17.591187,2025-04-03 21:39:38.468030,0 days 00:00:20.876843,0.19854999969780815,0.2518797285823993,2,0.08326063491506969,0.24828830420362386,0.04407739437471242,0.009706329153799537,0.042785282157153055,0.012398362084774317,0.00013605637789360363,23,134,0.012722120983910833,0.2073141807336275,True,False,False,9.041714655672059e-07,COMPLETE
142,0.5325429916381836,2025-04-03 21:39:38.514321,2025-04-03 21:39:59.483628,0 days 00:00:20.969307,0.20648612977473912,0.25093706558279344,2,0.08194010179138436,0.25110114111576476,0.043661979719869334,0.010663043637857281,0.04324975899363442,0.012477493441130064,0.0001377462044703974,23,135,0.011135014468566818,0.20767913641364344,True,False,False,9.649771835081317e-07,COMPLETE
143,0.540960693359375,2025-04-03 21:39:59.529699,2025-04-03 21:40:20.395688,0 days 00:00:20.865989,0.21108918706949223,0.24398335234016585,2,0.061473131868212585,0.25173648337844406,0.04352645921850214,0.011483785886145433,0.04224434593355171,0.005904628828525675,0.00013355286200242059,23,131,0.010910784188205581,0.20970826873330764,True,False,False,1.4515954933500055e-06,COMPLETE
144,0.5399438142776489,2025-04-03 21:40:20.442510,2025-04-03 21:40:39.344410,0 days 00:00:18.901900,0.2108539517172451,0.239303477020581,2,0.05914770488324121,0.2525900148170466,0.044968122931157685,0.005305389424190585,0.04391550243297719,0.0054464569651222015,0.00013413800646191077,20,130,0.010465316668122648,0.20983076756997102,True,False,False,7.278592984678055e-07,COMPLETE
145,0.543319594860077,2025-04-03 21:40:39.390996,2025-04-03 21:40:57.125217,0 days 00:00:17.734221,0.19690064886631126,0.24363460366546835,2,0.05815580617018173,0.2536190951666887,0.04424274121293527,0.007999675793531742,0.043085031602485675,0.004902390827626881,0.00013726754546135385,18,131,0.01156112805783766,0.21019659515309866,True,False,False,7.457345656729971e-07,COMPLETE
146,0.5105642080307007,2025-04-03 21:40:57.172289,2025-04-03 21:41:15.030606,0 days 00:00:17.858317,0.20259091801003187,0.1951407211512752,2,0.05234362159874731,0.2509136384089847,0.044404190286568924,0.012210914822272899,0.0428763897197805,0.005069735685970387,0.00013373636403098092,18,130,0.011572074184829969,0.21116717987294428,True,False,False,7.059335929049791e-07,COMPLETE
147,0.36669024229049685,2025-04-03 21:41:15.078051,2025-04-03 21:41:34.167840,0 days 00:00:19.089789,0.22489354932490588,0.1489259012380194,2,0.06519230672237,0.25160261408058576,0.04690150838550198,0.005300255723580427,0.04490825432904827,0.012906237957089598,9.891699393488215e-05,20,133,0.0014028829090346785,0.20427600893751485,True,False,False,1.2438695515959686e-06,COMPLETE
148,0.37022466063499454,2025-04-03 21:41:34.215575,2025-04-03 21:41:52.463513,0 days 00:00:18.247938,0.20196271133548094,0.22981249436684556,2,0.05754808033463346,0.26289582056713573,0.042965981008464084,0.009046305097703235,0.04206688103905609,0.004175248107906863,0.0001772281237238567,19,126,0.007643527982006744,0.21447186467899526,True,False,False,5.535379009910625e-07,COMPLETE
149,0.5329787731170654,2025-04-03 21:41:52.511331,2025-04-03 21:42:11.383012,0 days 00:00:18.871681,0.1623627444478987,0.17554590744671716,2,0.0616531768857437,0.23682065265294425,0.051495579645707154,0.007619426107764657,0.046215705560132755,0.011225997248815959,0.00013221579016725054,20,134,0.009794622019886444,0.19989016310793695,True,False,False,2.3016066713618388e-06,COMPLETE
150,0.3682645976543427,2025-04-03 21:42:11.431867,2025-04-03 21:42:30.332187,0 days 00:00:18.900320,0.1603937096060875,0.17045678641877723,2,0.0594039083997961,0.23770774790974308,0.03722888015721656,0.017309932735305275,0.0459119484863967,0.00954221697997552,0.0001397154508032631,20,134,0.00432746243508577,0.20106947661634955,True,False,False,2.3389068745033886e-06,COMPLETE
151,0.5376899838447571,2025-04-03 21:42:30.389413,2025-04-03 21:42:50.503821,0 days 00:00:20.114408,0.24087999398323565,0.24507634905297185,2,0.06576426574863542,0.2493027175510314,0.052184606484335816,0.007337120278219185,0.03988517606538076,0.007981069001192727,0.00010648826092081009,22,129,0.010297407718067956,0.21104837320154757,True,False,False,1.6551378336443157e-06,COMPLETE
152,0.5433257460594177,2025-04-03 21:42:50.552497,2025-04-03 21:43:10.884962,0 days 00:00:20.332465,0.23540550654671225,0.23677596188686223,2,0.067946926891856,0.24843321176437755,0.0512541305153422,0.011110967851566416,0.039667732023643404,0.007033711671321585,0.00012506152151253825,22,131,0.009465342275270967,0.20696418501070032,True,False,False,1.6028005547980751e-06,COMPLETE
153,0.5413517594337464,2025-04-03 21:43:10.934195,2025-04-03 21:43:31.123878,0 days 00:00:20.189683,0.24257071130495084,0.2137870060331783,2,0.06498444834480585,0.24971198747697831,0.05217985313625397,0.011138392358197123,0.04879866367477903,0.007512550605028999,8.485541060382786e-05,22,129,0.009165529180020077,0.20871690178710262,True,False,False,1.8198521053274332e-06,COMPLETE
154,0.5421151995658875,2025-04-03 21:43:31.174204,2025-04-03 21:43:51.197336,0 days 00:00:20.023132,0.24194332715973266,0.20630272859741167,2,0.06583829236727705,0.248034643211469,0.053519080081570136,0.011572381446163519,0.049391169750217664,0.007764455857141299,8.265169052799028e-05,22,128,0.009551089180673359,0.209186587057664,True,False,False,1.7224817689668747e-06,COMPLETE
155,0.5406726598739624,2025-04-03 21:43:51.247696,2025-04-03 21:44:11.296130,0 days 00:00:20.048434,0.2430691958508141,0.18968163043671415,2,0.06364529295359642,0.24988035989519383,0.05320458666934788,0.011198839842850679,0.04914175687505343,0.0069290116122209065,8.906675178385872e-05,22,127,0.009502992442215741,0.20938222098232329,True,False,False,1.8143641560546266e-06,COMPLETE
156,0.5413299202919006,2025-04-03 21:44:11.346962,2025-04-03 21:44:30.910692,0 days 00:00:19.563730,0.24650319372923263,0.21104243411162557,2,0.0661991207278949,0.26681713813750013,0.05223254779673955,0.012324461637330388,0.04878241121771753,0.007335539382561684,8.61814847734672e-05,21,127,0.009389313048432407,0.21004053274081003,True,False,False,1.8832884897481443e-06,COMPLETE
157,0.36348950266838076,2025-04-03 21:44:30.961123,2025-04-03 21:44:38.886935,0 days 00:00:07.925812,0.2427500683509048,0.2101068712164649,16,0.06591135510873954,0.2672409248823142,0.052711965239034556,0.0066059787062977314,0.048438327151960336,0.007366306891614601,8.436938581246184e-05,21,127,0.008374747075281443,0.2215352158357587,True,False,False,3.0045874334952513e-06,COMPLETE
158,0.5042866826057434,2025-04-03 21:44:38.938612,2025-04-03 21:44:58.994887,0 days 00:00:20.056275,0.14000560622017227,0.10907385315947815,2,0.04972597161618106,0.2600487673803911,0.05653695716777968,0.012642485759107328,0.050395886972462736,0.004464980931714439,8.646068191582705e-05,22,129,0.009675862991280636,0.21163047587438896,True,False,False,1.9106704921106215e-06,COMPLETE
159,0.3808896839618683,2025-04-03 21:44:59.047668,2025-04-03 21:45:18.641657,0 days 00:00:19.593989,0.17883306095481563,0.1826536919865473,2,0.03903425489263698,0.24882855074894972,0.05038226118611957,0.015000576312548456,0.039723518258535206,0.0076157209601514925,0.00011214276744169717,21,124,0.005906816925331121,0.1999150088051897,True,False,False,2.476239255100663e-06,COMPLETE
160,0.49791601896286014,2025-04-03 21:45:18.693629,2025-04-03 21:45:37.639160,0 days 00:00:18.945531,0.23110687832091495,0.15386479417013885,2,0.0679195282692976,0.267928536344206,0.05429437175819265,0.012336216467110347,0.04615515344883568,0.00973407796077599,9.149353697827005e-05,20,131,0.012461311441437702,0.2146940883205318,True,False,False,1.8502704088084562e-06,COMPLETE
161,0.537981379032135,2025-04-03 21:45:37.690518,2025-04-03 21:45:57.925433,0 days 00:00:20.234915,0.18841694963682387,0.2148207858775997,2,0.061682430951432686,0.25243593838654543,0.05881451698786823,0.010981427058486039,0.04378881404491271,0.012827922101142466,0.00011845839211672518,22,126,0.010345612396784951,0.20790677051765427,True,False,False,1.3173085082729998e-06,COMPLETE
162,0.5405694484710694,2025-04-03 21:45:57.986258,2025-04-03 21:46:18.142665,0 days 00:00:20.156407,0.18503955611543593,0.216239371368042,2,0.056709810176187404,0.2533183405088916,0.051284895838158824,0.005913848775284329,0.050860580199491745,0.0061909294710776695,0.00011363861748812395,22,126,0.01005211698285223,0.2359417390482849,True,False,False,1.2800346503270224e-06,COMPLETE
163,0.3783024430274964,2025-04-03 21:46:18.195379,2025-04-03 21:46:38.484920,0 days 00:00:20.289541,0.11011008627038116,0.20237574927465954,2,0.05575722796015534,0.2631731601922028,0.05884820342965003,0.0050687467767730416,0.05135610896018875,0.0011062242301909516,7.359288252229737e-05,22,126,0.004457493048506377,0.23415087748290575,True,False,False,1.336053330546039e-06,COMPLETE
164,0.37463995814323425,2025-04-03 21:46:38.538251,2025-04-03 21:46:58.535035,0 days 00:00:19.996784,0.18806104081235714,0.21624497751129412,2,0.07137180606683668,0.2562560806142776,0.048411666041876494,0.016404574942353322,0.05450286772047441,0.005786954621240592,0.013585055521225933,22,123,0.014249307519941252,0.2075695810421901,True,False,False,7.250021058805734e-07,COMPLETE
165,0.3760666251182556,2025-04-03 21:46:58.588175,2025-04-03 21:47:18.384081,0 days 00:00:19.795906,0.25518690752163886,0.22036846704806917,2,0.047620889460474825,0.2524716428984298,0.062468067196866234,0.011610547697121582,0.040759693443763664,0.0028020393791846196,0.00010907722374619864,21,130,0.007564346924118038,0.2293421197537746,True,False,False,1.3289094617337431e-06,COMPLETE
166,0.29631375670433047,2025-04-03 21:47:18.436818,2025-04-03 21:47:36.293388,0 days 00:00:17.856570,0.22110693889455585,0.30931629438987773,2,0.07440119161773942,0.24659807743168138,0.053979454490237444,0.006571591645040718,0.049374738366921446,0.013799067959535349,6.328090889502081e-05,22,126,0.01040875918016837,0.22051274877440136,True,True,False,1.7370565335603445e-06,COMPLETE
167,0.5423830032348633,2025-04-03 21:47:36.347401,2025-04-03 21:47:55.843897,0 days 00:00:19.496496,0.18447935657366255,0.2681540892135364,2,0.06043305044415017,0.263371327528196,0.04806356734588131,0.014012307064833068,0.04383905051603536,0.008163125234577278,9.484284794513399e-05,21,120,0.012692247723689404,0.20558287706915795,True,False,False,3.4134267018099426e-06,COMPLETE
