number,value,datetime_start,datetime_complete,duration,params_alpha-eval,params_alpha-train,params_batch-size,params_eps-eval,params_eps-train,params_lambda-actions-eval,params_lambda-actions-train,params_lambda-frames-eval,params_lambda-frames-train,params_learning-rate,params_n-epochs,params_n-frames,params_radius-gw,params_rho,params_std-feats,params_ub-actions,params_ub-frames,params_weight-decay,state
1014,0.49349173307418825,2025-04-23 12:12:20.054710,2025-04-23 12:12:27.174923,0 days 00:00:07.120213,0.641808581760994,0.13649712762272465,8,0.20345395132072577,0.11799859651738617,0.0841243119214003,0.02398567750539815,0.06629015021215226,0.043666603600591866,1.0241746629584702e-05,5,125,0.013532571528010795,0.15381146713735894,True,False,False,3.1932439336473676e-07,COMPLETE
1015,0.3265166401863098,2025-04-23 12:12:27.503689,2025-04-23 12:12:34.092017,0 days 00:00:06.588328,0.6674895229773283,0.1520223881089483,8,0.19251159007367244,0.12387872501678578,0.03418543575975755,0.022744372019706277,0.06963674086064842,0.04136932113659622,1.1918328590815868e-05,5,119,0.016401971537771134,0.13664550564396,False,True,False,4.568500985862979e-07,COMPLETE
1016,0.4960547208786011,2025-04-23 12:12:34.421082,2025-04-23 12:12:41.556081,0 days 00:00:07.134999,0.6229952881677253,0.12571692694669734,8,0.19832421369703007,0.1155692320099142,0.08560163426741535,0.0226859747613301,0.06480901742322084,0.038331156018106494,1.0048742762081083e-05,5,113,0.011999074475123831,0.15760716007904796,True,False,False,3.783768444579687e-07,COMPLETE
1017,0.49208739995956424,2025-04-23 12:12:41.889143,2025-04-23 12:12:49.017058,0 days 00:00:07.127915,0.6020160806709712,0.14382784933831946,8,0.19225650235368769,0.13114660282147414,0.08307836888998692,0.02052957788842419,0.06778108707704987,0.041018643384674286,1.1897481818311167e-05,5,119,0.015770934180903234,0.15884773714828704,True,False,False,4.2833699276700583e-07,COMPLETE
1018,0.48838070631027225,2025-04-23 12:12:49.344680,2025-04-23 12:12:56.444277,0 days 00:00:07.099597,0.6567167072212583,0.13595711879220074,8,0.19512966908882048,0.12214819356935262,0.08582814575253397,0.02321668277125092,0.06184947335922207,0.04446624701432868,1.0033373589200281e-05,5,117,0.009150830533153381,0.1433666160854063,True,False,False,3.466612765456127e-07,COMPLETE
1019,0.4899435043334961,2025-04-23 12:12:56.778083,2025-04-23 12:13:03.907447,0 days 00:00:07.129364,0.6513481796270851,0.1164274980082066,8,0.18893805729455407,0.1295361862003651,0.08418672244176607,0.004003687453272049,0.07481924631181268,0.040799114261966155,1.1903508666248338e-05,5,120,0.017522005559024167,0.15173845041964565,True,False,False,2.651474694755224e-07,COMPLETE
1020,0.29780254364013675,2025-04-23 12:13:04.223547,2025-04-23 12:13:10.932841,0 days 00:00:06.709294,0.6272262002515352,0.13857029028273274,8,0.20275474708566424,0.10734992203811006,0.08768308841294843,0.020437163702248524,0.07061523659853217,0.03908175153310513,1.3378939189483183e-05,5,119,0.013660011828276607,0.16164357889027675,True,False,True,4.89760615898894e-07,COMPLETE
1021,0.485331267118454,2025-04-23 12:13:11.264789,2025-04-23 12:13:18.414561,0 days 00:00:07.149772,0.5829735506113941,0.10896847301245177,8,0.1884230015603907,0.11373534375524538,0.08660405086118461,0.02118231073133222,0.0679058371971258,0.04316441896620389,1.0054085380146015e-05,5,120,0.01902960817346875,0.146938778887468,True,False,False,2.1144120280047108e-07,COMPLETE
1022,0.4937870264053345,2025-04-23 12:13:18.743621,2025-04-23 12:13:25.821597,0 days 00:00:07.077976,0.6947317821723116,0.10572535422359516,8,0.21076338911627243,0.1213897553555725,0.08847448484065458,0.023225424601084236,0.06320752325495835,0.04210586719737259,1.3124452571895297e-05,5,122,0.014386183978750064,0.15651096394719202,True,False,False,4.835923048571776e-07,COMPLETE
1023,0.4928247094154358,2025-04-23 12:13:26.156973,2025-04-23 12:13:33.300387,0 days 00:00:07.143414,0.6713722974613175,0.12159899999239329,8,0.19616878847144179,0.12711022618221568,0.08457999784013864,0.019270783387235698,0.07264814394907848,0.046060711741334526,1.1994809320548183e-05,5,123,0.015666139006077523,0.16166580705879954,True,False,False,3.2238515673707766e-07,COMPLETE
1024,0.4927465558052063,2025-04-23 12:13:33.630766,2025-04-23 12:13:40.717476,0 days 00:00:07.086710,0.6138077260577727,0.16328619110125303,8,0.1890773428555222,0.1328322792211815,0.08745298078413605,0.02132255515607527,0.06581761390038544,0.04604337064147273,1.3792493595427988e-05,5,112,0.017849985178126485,0.15254094912036298,True,False,False,5.683888884816659e-07,COMPLETE
1025,0.49443929195404057,2025-04-23 12:13:41.054149,2025-04-23 12:13:48.173028,0 days 00:00:07.118879,0.6325719977830895,0.1700829768609309,8,0.19693194982801226,0.1129079372903086,0.0890447209786519,0.02407893157690613,0.07096207705672854,0.04195157732351854,1.009837503964522e-05,5,122,0.011559236927572726,0.16515612512873534,True,False,False,4.37083861578103e-07,COMPLETE
1026,0.45112014412879947,2025-04-23 12:13:48.506896,2025-04-23 12:13:55.580805,0 days 00:00:07.073909,0.6718489344942399,0.14921605596835222,8,0.20176218545400676,0.12558675490832805,0.0861005078239595,0.018971998447509134,0.06875378117348575,0.08410048325360825,1.1719811976434861e-05,5,122,0.008011667146563803,0.15844745840867827,True,False,False,2.4955349119951016e-07,COMPLETE
1027,0.4885638236999512,2025-04-23 12:13:55.899998,2025-04-23 12:14:03.177531,0 days 00:00:07.277533,0.7092182600224317,0.11597425763304606,8,0.18955190553914422,0.13400987495827404,0.08953694507509093,0.08018615329750059,0.06643552554786933,0.043788322869188184,1.3469835028586717e-05,6,123,0.017183720559319757,0.16741865711975684,True,False,False,6.150309589513254e-07,COMPLETE
1028,0.4901555418968201,2025-04-23 12:14:03.506528,2025-04-23 12:14:10.663629,0 days 00:00:07.157101,0.6352564318843554,0.13084197360289485,8,0.20541128908297707,0.05643777513306156,0.0891301086497435,0.054532416676771084,0.06030590097757935,0.08053397720274603,1.011122196919234e-05,5,117,0.013813822056427996,0.14991479620941628,True,False,False,5.162989047507666e-07,COMPLETE
1029,0.48705762624740606,2025-04-23 12:14:10.996794,2025-04-23 12:14:18.287821,0 days 00:00:07.291027,0.6015218852813896,0.10428076045199267,8,0.1877639824599512,0.11857322283406958,0.08230916203702231,0.021662493145062068,0.06457276508275141,0.04567604945729721,1.4423726515961836e-05,6,118,0.018430385475390654,0.1611616462019598,True,False,False,3.2409447214604215e-07,COMPLETE
1030,0.4938058733940125,2025-04-23 12:14:18.622494,2025-04-23 12:14:25.697766,0 days 00:00:07.075272,0.6441710620965171,0.18226372376891986,8,0.19372836190221068,0.1282562969697721,0.08507491939083124,0.01965386791600264,0.0704547600607213,0.049737405600708155,1.0029468915371217e-05,5,114,0.010478598863496504,0.15614974545380075,True,False,False,6.632819214595351e-07,COMPLETE
1031,0.4061080813407898,2025-04-23 12:14:26.032407,2025-04-23 12:14:36.693337,0 days 00:00:10.660930,0.6551427643130947,0.09369603282328824,8,0.19858810107190597,0.13780111550333915,0.08700967408167493,0.005843842418740672,0.07542873585061297,0.04671501750361702,1.5971455991826404e-05,25,119,0.01946881964359494,0.1670796417465341,True,False,False,4.4243991716893786e-07,COMPLETE
1032,0.49176396131515504,2025-04-23 12:14:37.029325,2025-04-23 12:14:44.156475,0 days 00:00:07.127150,0.6752480594610161,0.16521075253160775,8,0.18900993468851732,0.11962849048640699,0.08983458995326829,0.017123079800211934,0.06900452410424107,0.036494166490357846,1.2208391145875269e-05,5,122,0.015517229747935265,0.14451949101230954,True,False,False,4.112889999827017e-07,COMPLETE
1033,0.36323366165161136,2025-04-23 12:14:44.494310,2025-04-23 12:14:51.691556,0 days 00:00:07.197246,0.7045084060001203,0.1354268347629954,8,0.21701816745522437,0.11404780238458317,0.08804455389632986,0.023930657139684893,0.07320253350111698,0.03996248837594831,1.5499235433951006e-05,6,124,0.01304838983991466,0.16339076843525702,False,False,False,1.8514751078541512e-07,COMPLETE
1034,0.29631375670433047,2025-04-23 12:14:52.010473,2025-04-23 12:14:58.606309,0 days 00:00:06.595836,0.6100174832342364,0.08704861192128117,8,0.20687331888086138,0.10776652922595101,0.09053927672510499,0.017498621782510274,0.040430949192028075,0.08616931638498522,1.2115006575869998e-05,5,127,0.016313761258034024,0.1560807295500014,True,True,False,5.446800158697456e-07,COMPLETE
1035,0.47746346592903144,2025-04-23 12:14:58.937825,2025-04-23 12:15:06.249737,0 days 00:00:07.311912,0.6596704290972331,0.11704123494533161,8,0.18777909370408505,0.13061144242128764,0.04497006538526039,0.0223816881671945,0.06746412057013079,0.0897074787863262,1.4255068025770719e-05,6,123,0.018861726879955812,0.2570446942242623,True,False,False,3.517734582512705e-07,COMPLETE
1036,0.4788297176361084,2025-04-23 12:15:06.585173,2025-04-23 12:15:13.697278,0 days 00:00:07.112105,0.5646884688464902,0.14432204451122765,8,0.02848210768191578,0.0924943376852318,0.08748490830597827,0.020316874230503636,0.06522547322861603,0.042907170647401384,1.6814781500132672e-05,5,130,0.019630725612862342,0.16921086822280448,True,False,False,2.275904819893571e-08,COMPLETE
1037,0.4458124041557312,2025-04-23 12:15:14.030324,2025-04-23 12:15:21.340145,0 days 00:00:07.309821,0.6446793948392806,0.1777740295084731,8,0.19355987853929527,0.13719231845134575,0.08990260809702628,0.07786051257125161,0.0623259354856151,0.051541943507412015,1.2505614921136061e-05,6,125,0.015397619985375803,0.10359006550181245,True,False,False,7.223951534791628e-07,COMPLETE
1038,0.4878067374229431,2025-04-23 12:15:21.678431,2025-04-23 12:15:28.809796,0 days 00:00:07.131365,0.6885014906933206,0.0907009407677108,8,0.19937743051328094,0.12767184858667943,0.08473670680584094,0.02446880868783482,0.0669335800653396,0.04783632441972664,1.749722500621651e-05,5,120,0.01727076926062716,0.16280135161682646,True,False,False,2.591867003986511e-07,COMPLETE
1039,0.29749847650527955,2025-04-23 12:15:29.145843,2025-04-23 12:15:35.903617,0 days 00:00:06.757774,0.6160725937450318,0.11610216323884708,8,0.18654559199030116,0.12463031430209352,0.09021865115158284,0.018591666280999123,0.07179032596799012,0.029549576741982542,1.0079832436466436e-05,5,137,0.013568794845004574,0.15195269533841732,True,False,True,6.272098690864675e-07,COMPLETE
1040,0.4881257891654968,2025-04-23 12:15:36.244747,2025-04-23 12:15:43.573320,0 days 00:00:07.328573,0.708205947599915,0.15539908784500972,8,0.19275598502048433,0.10329383169359457,0.053108978915337696,0.07575415242984058,0.06450663870694238,0.04987855537237311,1.4289797285962985e-05,6,133,0.011267025407653572,0.17027415368280616,True,False,False,4.876785122464018e-07,COMPLETE
1041,0.49361838102340705,2025-04-23 12:15:43.894391,2025-04-23 12:15:51.025599,0 days 00:00:07.131208,0.5870652075788737,0.09993844348197214,8,0.2126218271383632,0.12128551343374704,0.04798275072183532,0.02220863172823336,0.06840046739713718,0.04495905364905975,1.1713021814724331e-05,5,114,0.015836625810730805,0.15980373125487532,True,False,False,8.161577269625891e-07,COMPLETE
1042,0.4732468545436859,2025-04-23 12:15:51.359553,2025-04-23 12:15:58.667635,0 days 00:00:07.308082,0.668339749069734,0.12710899790230815,8,0.1863744995260621,0.13860153956107804,0.08745224428162324,0.019709601603095293,0.07069071353198941,0.05220940064836945,1.4986650330187366e-05,6,136,0.01943891957786739,0.14198169163087976,True,False,False,3.3517318387192143e-07,COMPLETE
1043,0.44045232534408574,2025-04-23 12:15:59.005360,2025-04-23 12:16:06.309970,0 days 00:00:07.304610,0.9282523420207658,0.9984139295003248,8,0.2033795993831507,0.11271053641593855,0.09107771180956532,0.016731612562850894,0.07398800325302143,0.07767201248178206,1.859708367510584e-05,6,129,0.014752959167201988,0.1270423486502046,True,False,False,5.556455895083078e-07,COMPLETE
1044,0.4004126608371735,2025-04-23 12:16:06.649263,2025-04-23 12:16:14.529088,0 days 00:00:07.879825,0.6459283772788732,0.08169744463116663,8,0.1971834883626359,0.02763234677368805,0.08882394500911255,0.023348203308571767,0.03833305449819808,0.04755737627881207,1.2079878410901664e-05,9,139,0.017560800197027167,0.02816381518965956,True,False,False,9.608089139181382e-07,COMPLETE
1045,0.4960625886917115,2025-04-23 12:16:14.865500,2025-04-23 12:16:21.999782,0 days 00:00:07.134282,0.684836695624092,0.10019666715796911,8,0.18582103445547557,0.13272812395384825,0.08216618332533362,0.02154022956424703,0.05854228415822166,0.08248256668959036,1.0004332325185487e-05,5,133,0.020023515501742455,0.16339491673657308,True,False,False,4.053890973011289e-07,COMPLETE
1046,0.4891927778720856,2025-04-23 12:16:22.337307,2025-04-23 12:16:31.325000,0 days 00:00:08.987693,0.6433636777129835,0.18938464213194423,8,0.22146161612084048,0.11792808208646847,0.08626482993262288,0.025440175441805553,0.06290133231945993,0.05154935543161831,1.3886305671847965e-05,16,127,0.016188278351196975,0.2801467567739227,True,False,False,6.875161473208148e-07,COMPLETE
1047,0.3891474723815918,2025-04-23 12:16:31.665554,2025-04-23 12:16:53.093875,0 days 00:00:21.428321,0.6228780786686442,0.1474577239896291,2,0.19172566318127482,0.1349437384927621,0.09181260721040282,0.014818646358610015,0.06739650101753289,0.04586029483684873,4.8860861293191e-05,23,137,0.0097223999546984,0.17118226690212318,True,False,False,9.373926485828369e-07,COMPLETE
1048,0.48531373739242556,2025-04-23 12:16:53.437371,2025-04-23 12:17:00.576663,0 days 00:00:07.139292,0.6609005179977241,0.12416756531709322,8,0.20795835295927484,0.1419020768480136,0.08884449686548439,0.033716854856729706,0.06915683619120441,0.04891334316801191,1.6550913422382374e-05,5,132,0.01234577161153285,0.1484485282042677,True,False,False,5.351862602278197e-07,COMPLETE
1049,0.4900983333587647,2025-04-23 12:17:00.900693,2025-04-23 12:17:08.251456,0 days 00:00:07.350763,0.5759391502406506,0.0805008159053106,8,0.18643755978796875,0.08429949937853798,0.0909416465768762,0.04063193841185443,0.07186807229806552,0.08803987648529964,1.0015721925812662e-05,6,140,0.017606847459515386,0.1556107517962271,True,False,False,1.5422944842610242e-07,COMPLETE
1050,0.412732994556427,2025-04-23 12:17:08.590151,2025-04-23 12:17:15.310785,0 days 00:00:06.720634,0.634094494264807,0.9212630642058803,16,0.13842150165439393,0.2805768338529922,0.08608206456318565,0.008317081499996737,0.07647184565358404,0.05277791751950628,1.3394627800570094e-05,5,124,0.013877029809668252,0.04837877560343999,True,False,False,7.118227968993022e-07,COMPLETE
1051,0.4254346311092377,2025-04-23 12:17:15.647593,2025-04-23 12:17:25.662445,0 days 00:00:10.014852,0.5991928800117814,0.15317809820554634,2,0.20008793560068996,0.1251076092274301,0.08912243049336138,0.017941973356704898,0.06628815901064729,0.043050898166701664,1.6137335431292227e-05,5,135,0.01996484118574515,0.1660119601261704,True,False,False,4.0400045478686134e-07,COMPLETE
1052,0.36264891624450685,2025-04-23 12:17:26.002698,2025-04-23 12:17:33.164440,0 days 00:00:07.161742,0.6785386225043232,0.17352537879402832,8,0.1852300622575997,0.10675935044143427,0.09150103416457057,0.020342996102291976,0.06952385526375449,0.050661520614249535,1.8367675307806683e-05,6,116,0.012932987043256003,0.1719659407461893,False,False,False,8.40164078441754e-07,COMPLETE
1053,0.49927188158035285,2025-04-23 12:17:33.502487,2025-04-23 12:17:40.252691,0 days 00:00:06.750204,0.7097837713177167,0.09768338119248694,16,0.19374069582312964,0.1305549104038832,0.08765396371460005,0.019527357235528623,0.06363807645525558,0.048339377039833625,1.1927030122137001e-05,5,108,0.01719519133125537,0.15785770025148188,True,False,False,5.947872574509749e-07,COMPLETE
1054,0.29602004289627076,2025-04-23 12:17:40.593967,2025-04-23 12:17:47.058522,0 days 00:00:06.464555,0.6965173279283035,0.1150197398774847,16,0.1987279857513405,0.1204197929364045,0.0833097031272426,0.01750321212899333,0.06479027292874968,0.04608118336045129,1.169333014518847e-05,6,116,0.017940622574779595,0.15071423710464976,True,True,False,2.8694908019114766e-07,COMPLETE
1055,0.4889567494392395,2025-04-23 12:17:47.399610,2025-04-23 12:17:54.111817,0 days 00:00:06.712207,0.7066186896401055,0.09233656396643866,16,0.1947209924272087,0.12699781494690304,0.084878896610709,0.04808309674671314,0.06006296319984843,0.04695218351721715,1.183144032700377e-05,5,124,0.01588604382263792,0.13525599752076028,True,False,False,4.4959924883881056e-07,COMPLETE
1056,0.49508775472641,2025-04-23 12:17:54.456762,2025-04-23 12:18:01.320422,0 days 00:00:06.863660,0.6814943628606996,0.07955593601958696,16,0.19250639931082913,0.11575446609502855,0.08649055815205389,0.015665891745700884,0.06118633358391316,0.04397157117288734,1.2356652282301741e-05,6,105,0.014746073500785082,0.1563118619840077,True,False,False,7.779463956433094e-08,COMPLETE
1057,0.37458946704864504,2025-04-23 12:18:01.646862,2025-04-23 12:18:08.356348,0 days 00:00:06.709486,0.7059368847774772,0.12340741044052203,16,0.20383855361114825,0.12294361143778135,0.08758680272738459,0.019012004166723117,0.06252705967397638,0.041660956379890736,1.0056145543764666e-05,5,99,0.09722376971394192,0.14267503233378115,True,False,False,5.574576017150347e-07,COMPLETE
1058,0.4585258543491364,2025-04-23 12:18:08.697500,2025-04-23 12:18:15.471431,0 days 00:00:06.773931,0.6626234262455691,0.10810864383797424,16,0.19933033502470396,0.12832424053133043,0.08342354933894061,0.02166821925310699,0.063249695692051,0.04817174764963012,1.189045626205335e-05,5,113,0.017713106696106616,0.26712708212144515,True,False,False,2.3207744266942632e-07,COMPLETE
1059,0.44846386909484864,2025-04-23 12:18:15.813527,2025-04-23 12:18:22.803670,0 days 00:00:06.990143,0.7060433126758624,0.10035261739187602,16,0.21107832231117263,0.1106275689105089,0.08674515311945158,0.01123990364730789,0.06569311991568286,0.04662243800126978,1.385469289645852e-05,7,110,0.06340657583112293,0.16007964619342868,True,False,False,3.913377419745334e-07,COMPLETE
1060,0.2943350076675415,2025-04-23 12:18:23.161618,2025-04-23 12:18:29.973029,0 days 00:00:06.811411,0.6894856600552365,0.06591740290712308,8,0.19535249183858513,0.11923129212893714,0.08122599817930402,0.024052797405801338,0.06102451747436613,0.04502428604508008,1.164636639542026e-05,6,119,0.016689350086832037,0.151301093463934,True,False,True,6.929094196962942e-07,COMPLETE
1061,0.45923790931701663,2025-04-23 12:18:30.314469,2025-04-23 12:18:37.073509,0 days 00:00:06.759040,0.6719974840321851,0.13091570890635218,16,0.20687026237845887,0.13214502696966182,0.08503008630295383,0.01992941128694594,0.06386326257428263,0.04966417720790643,5.702718053956076e-05,5,111,0.011730679141391295,0.1669887944870694,True,False,False,4.996781165295192e-07,COMPLETE
1062,0.4954471111297608,2025-04-23 12:18:37.421819,2025-04-23 12:18:44.158018,0 days 00:00:06.736199,0.6590899377710194,0.10687374745604979,16,0.1928917640077125,0.1255699533965652,0.08895626024084921,0.025562158310073524,0.0639569270284205,0.04344319285196948,1.0002796893494884e-05,5,113,0.014584138187538197,0.14722887601437715,True,False,False,1.0346050259343317e-06,COMPLETE
1063,0.49666863679885864,2025-04-23 12:18:44.500996,2025-04-23 12:18:51.323329,0 days 00:00:06.822333,0.7097687564733625,0.08767320923287361,16,0.18973560597164155,0.11500286876080029,0.022259375769881212,0.015689596579929244,0.06645518727609677,0.04946477567488759,1.4137085046759249e-05,6,109,0.01965046090857809,0.1580734181293237,True,False,False,3.4289930324746776e-07,COMPLETE
1064,0.439333438873291,2025-04-23 12:18:51.669749,2025-04-23 12:18:58.577327,0 days 00:00:06.907578,0.7217990473218516,0.047404578960017825,16,0.19714958031376437,0.13195309161563426,0.08719222164895901,0.017982650436966164,0.06265007758728097,0.03953628591545696,0.002834885848207189,7,107,0.020087196461689168,0.16418660352056613,True,False,False,6.608582797476098e-07,COMPLETE
1065,0.4957149982452393,2025-04-23 12:18:58.924332,2025-04-23 12:19:05.670339,0 days 00:00:06.746007,0.6436841831331727,0.06638462231299211,16,0.20267098416359064,0.12086782415131286,0.08862252815943089,0.013886477948013832,0.06021676876949659,0.04687035737229261,1.3674408731950393e-05,5,119,0.01716990655938443,0.15614433214009044,True,False,False,1.0915551497522458e-06,COMPLETE
1066,0.493062162399292,2025-04-23 12:19:05.997781,2025-04-23 12:19:12.803843,0 days 00:00:06.806062,0.722800773196753,0.13625092356965776,16,0.1854068147343434,0.10973680084491767,0.08959253052102853,0.021881192708541844,0.06788913277208442,0.044637867483149164,1.2270410730234477e-05,6,118,0.014248220601035455,0.17199318241705175,True,False,False,8.275617596113878e-07,COMPLETE
1067,0.36424670815467836,2025-04-23 12:19:13.144515,2025-04-23 12:19:20.339095,0 days 00:00:07.194580,0.6787291124883544,0.08119707879131087,8,0.1911584171724765,0.1428134049997752,0.08510042768636357,0.023699837697749537,0.03602137892714027,0.048810437619133354,0.0292587230471427,5,122,0.01944991973316135,0.16226131810070138,True,False,False,4.87162055510712e-07,COMPLETE
1068,0.4978930354118347,2025-04-23 12:19:20.682566,2025-04-23 12:19:27.513224,0 days 00:00:06.830658,0.6569592327609657,0.10377332018333006,16,0.2262811630420634,0.10291075188142486,0.08725989651427883,0.020047797211744475,0.05674867361926634,0.08110759836788786,1.4771986249326015e-05,6,120,0.012416001550942848,0.17063609393145357,True,False,False,1.2138780717578557e-06,COMPLETE
1069,0.4933489322662354,2025-04-23 12:19:27.856834,2025-04-23 12:19:34.756176,0 days 00:00:06.899342,0.7362996483680262,0.13172958725172887,16,0.18593812034680576,0.13518794230268713,0.043185316194124315,0.02733390383446577,0.06488613284339018,0.08543305893494021,1.1506074488050733e-05,7,95,0.015699934897699757,0.1527893158657455,True,False,False,3.785512237808455e-07,COMPLETE
