number,value,datetime_start,datetime_complete,duration,params_alpha-eval,params_alpha-train,params_batch-size,params_eps-eval,params_eps-train,params_lambda-actions-eval,params_lambda-actions-train,params_lambda-frames-eval,params_lambda-frames-train,params_learning-rate,params_n-epochs,params_n-frames,params_radius-gw,params_rho,params_std-feats,params_ub-actions,params_ub-frames,params_weight-decay,state
788,0.42355728745460514,2025-04-23 11:44:19.221821,2025-04-23 11:44:25.918069,0 days 00:00:06.696248,0.38317681864645015,0.38031122781877363,16,0.16727268317204524,0.22349601459277835,0.09077768066861015,0.06783816631081192,0.0746948830461805,0.061962645535682745,6.792321167391388e-05,5,128,0.02990028405683978,0.1475582779513522,True,False,False,0.0007535353439473813,COMPLETE
789,0.48533159494400024,2025-04-23 11:44:26.176312,2025-04-23 11:44:33.051515,0 days 00:00:06.875203,0.42469263526224915,0.3156979811269005,16,0.17418180835533612,0.24285047726963116,0.07452020807988771,0.015301377948092972,0.09303629006888008,0.05477126974881815,1.775616863816571e-05,6,145,0.038537075446401885,0.15764754538573372,True,False,False,1.9603230145825485e-06,COMPLETE
790,0.4957352995872498,2025-04-23 11:44:33.309832,2025-04-23 11:44:40.198593,0 days 00:00:06.888761,0.5700034045653224,0.2716237249345042,16,0.18504587104175207,0.09431340229582501,0.0949275109099498,0.09035901467959999,0.08389476253442717,0.06758957004982497,1.1811257916594575e-05,6,136,0.0263192324015362,0.16953517894134038,True,False,False,7.162346324647522e-06,COMPLETE
791,0.2957159817218781,2025-04-23 11:44:40.446825,2025-04-23 11:44:46.857182,0 days 00:00:06.410357,0.49996580798755563,0.7823128698433632,16,0.15862568263271087,0.15220349798132446,0.08824406629024241,0.030829105511420832,0.09500465340471444,0.05686387857991099,2.1320623345550682e-05,5,141,0.029028957520775753,0.16300162594484457,True,False,True,2.8998206889566765e-06,COMPLETE
792,0.4883442521095276,2025-04-23 11:44:47.114575,2025-04-23 11:44:54.067845,0 days 00:00:06.953270,0.4817902199095914,0.24452056693485574,16,0.18002009979670616,0.13438283151358202,0.05632620410347258,0.024698689565766808,0.04906092571008806,0.05239292942393044,1.5165828233878466e-05,7,131,0.032973800350846134,0.1536594805927909,True,False,False,1.3660913388490362e-06,COMPLETE
793,0.4877108454704285,2025-04-23 11:44:54.332489,2025-04-23 11:45:01.228109,0 days 00:00:06.895620,0.45819401517674346,0.8758441748772502,16,0.14464712194051166,0.12213955825431413,0.0920851366552286,0.01758154286398131,0.08977821374582662,0.05891436787151944,1.1698984050609174e-05,6,150,0.02242474874204989,0.13974312225538527,True,False,False,2.718150197607031e-08,COMPLETE
794,0.48827313184738164,2025-04-23 11:45:01.475302,2025-04-23 11:45:08.576080,0 days 00:00:07.100778,0.6092603439773876,0.9016627282330033,8,0.1694682372863828,0.15981750704280287,0.09412650294225325,0.01985848236647954,0.09710017353708182,0.049950819041433066,1.816369979479161e-05,5,139,0.026740527609963483,0.178847102733701,True,False,False,4.381837667977115e-07,COMPLETE
795,0.4921842336654663,2025-04-23 11:45:08.837294,2025-04-23 11:45:16.433132,0 days 00:00:07.595838,0.7744622741753536,0.19331336010863476,16,0.18924122575074134,0.1445444930091883,0.04964814692516279,0.06461231954841867,0.09190865711443932,0.06527729850617683,1.0052219477395313e-05,13,115,0.0244452086991902,0.16782914444436622,True,False,False,6.467045381213871e-07,COMPLETE
796,0.46487476825714114,2025-04-23 11:45:16.693407,2025-04-23 11:45:24.648392,0 days 00:00:07.954985,0.538274316179431,0.15553502027724853,16,0.1733951820788115,0.11135675026871013,0.09787431736558892,0.08408979781851378,0.0685368712033401,0.05417853986659776,1.3775556270556813e-05,16,144,0.03179528327899173,0.161900191364187,True,False,False,5.626144147168221e-06,COMPLETE
797,0.48577663302421575,2025-04-23 11:45:24.899084,2025-04-23 11:45:31.619416,0 days 00:00:06.720332,0.40668989941163286,0.08278687871727163,16,0.17926073755231445,0.27196832886012423,0.0894962475147922,0.02121470838984126,0.0764410252667771,0.047742183260940874,2.3663154155952784e-05,5,86,0.04211053441419134,0.17250811214662862,True,False,False,8.249548099337875e-06,COMPLETE
798,0.39319926500320435,2025-04-23 11:45:31.879970,2025-04-23 11:45:38.656937,0 days 00:00:06.776967,0.5066469685376004,0.3562178454946311,16,0.16190331038129255,0.17552362448951891,0.09565685359032138,0.06974064987964479,0.010718267175226795,0.05682635980918277,3.857846519497941e-05,6,32,0.03536695866942609,0.15700058305732265,True,False,False,4.226556737865228e-08,COMPLETE
799,0.47833729982376105,2025-04-23 11:45:38.923491,2025-04-23 11:45:45.719361,0 days 00:00:06.795870,0.4740101797303342,0.30579592349368423,16,0.1935229651892107,0.1282209091970167,0.0913596993288407,0.06658206028984094,0.030092275858377305,0.022003615331722813,1.5267429183352938e-05,6,134,0.02877300993680402,0.21823532610542767,True,False,False,8.550683303188111e-07,COMPLETE
800,0.49122205972671507,2025-04-23 11:45:45.967808,2025-04-23 11:45:52.968445,0 days 00:00:07.000637,0.16385961286942385,0.10791754888283155,16,0.15158420996203975,0.14970451105188637,0.08753092040048649,0.013626788583513228,0.09799105049996384,0.0061805575972684185,1.3146426583326837e-05,7,147,0.011954692707707635,0.18667576058400598,True,False,False,1.5934325161585998e-06,COMPLETE
801,0.4859590768814087,2025-04-23 11:45:53.232969,2025-04-23 11:45:59.918684,0 days 00:00:06.685715,0.447052485425109,0.04530817988317228,16,0.1836637760087108,0.13971398587052508,0.0980304466708772,0.026420334411874337,0.08554509181847411,0.05206042061760983,1.0056517153704153e-05,5,141,0.030150130382838987,0.1656054635756678,True,False,False,2.462969486644452e-06,COMPLETE
802,0.38695005774497987,2025-04-23 11:46:00.182714,2025-04-23 11:46:12.068857,0 days 00:00:11.886143,0.42707858164430346,0.33944702144614164,2,0.16682963590651326,0.11846003854103208,0.043882699597470966,0.0939281587033701,0.09491395483456713,0.05529183049544734,1.9052570533243282e-05,8,137,0.027777958206987394,0.17808979576673037,True,False,False,4.215337016333007e-06,COMPLETE
803,0.3273687541484833,2025-04-23 11:46:12.321620,2025-04-23 11:46:18.591604,0 days 00:00:06.269984,0.516756441687148,0.9733169658210568,16,0.17423797576350392,0.1632081561309257,0.09395059171749622,0.022967294588686914,0.09061748054895491,0.04185140447596433,1.6486932826197052e-05,5,126,0.02063799986111371,0.14900048913066027,False,True,False,1.011777542262682e-05,COMPLETE
804,0.45721271634101873,2025-04-23 11:46:18.855718,2025-04-23 11:46:25.807006,0 days 00:00:06.951288,0.39251901498091757,0.28950289748751756,16,0.09839514421698836,0.13348863666753666,0.09270997703560958,0.010526161720502558,0.0880056917993292,0.07158937816337066,1.2702931159262951e-05,7,143,0.02545708769066396,0.2843552495960247,True,False,False,9.59881531962814e-07,COMPLETE
805,0.4833770513534546,2025-04-23 11:46:26.059102,2025-04-23 11:46:32.904138,0 days 00:00:06.845036,0.47121526142075515,0.27426655456294735,16,0.20093785242654402,0.09940135995559246,0.09587123685451034,0.08597389057475716,0.09319162626665892,0.045834528553425145,2.699062902427356e-05,6,147,0.032682661950808746,0.1732738504319748,True,False,False,6.334983776640517e-06,COMPLETE
806,0.4712417006492615,2025-04-23 11:46:33.166635,2025-04-23 11:46:39.838553,0 days 00:00:06.671918,0.6806726170929323,0.2262399261319653,16,0.013314907505084683,0.24713622388721454,0.08495644540190414,0.01849954306110636,0.09984910439209445,0.050109008042737414,2.1868649161444083e-05,5,131,0.031052317958782646,0.15964917752111052,True,False,False,1.2269369326388265e-06,COMPLETE
807,0.46295173764228825,2025-04-23 11:46:40.104448,2025-04-23 11:46:48.742891,0 days 00:00:08.638443,0.4910557608015659,0.14041847260350332,16,0.18677245074801246,0.1259366086374112,0.08105368691083538,0.027986438408660774,0.08481705474391396,0.05995573892178699,1.170835444140726e-05,22,134,0.02321711950781199,0.16790168665025446,True,False,False,1.391083358867225e-05,COMPLETE
808,0.4887730956077576,2025-04-23 11:46:48.996706,2025-04-23 11:46:55.821322,0 days 00:00:06.824616,0.24522659121588403,0.8430871019131364,16,0.1781275343929895,0.18621563381326514,0.052257920287598264,0.08830792352930837,0.07334407798025906,0.06865969912394686,1.7010911900673423e-05,6,139,0.027104182660771695,0.1543633463279936,True,False,False,9.114195274920486e-05,COMPLETE
809,0.29608066678047185,2025-04-23 11:46:56.090593,2025-04-23 11:47:02.482283,0 days 00:00:06.391690,0.3716583371110555,0.24466287062087413,16,0.1690827714965935,0.1510917981180013,0.09089796501142762,0.02439287658605351,0.09597368179890622,0.053555938861749836,1.3750947890417352e-05,5,144,0.03470371686430939,0.1621587637513339,True,False,True,3.2266036905077465e-06,COMPLETE
810,0.412918370962143,2025-04-23 11:47:02.748227,2025-04-23 11:47:09.624602,0 days 00:00:06.876375,0.4543508586752246,0.3214344547253898,16,0.15993151531269842,0.1427147729838697,0.0893892808939467,0.0917476354461992,0.07973502475909362,0.010888599250441756,3.165421994884095e-05,6,141,0.018176215602959164,0.08991848122985181,True,False,False,2.2276719081773105e-05,COMPLETE
811,0.4506349802017212,2025-04-23 11:47:09.879270,2025-04-23 11:47:17.232301,0 days 00:00:07.353031,0.43220094941599935,0.2029772678627927,16,0.19430258140957446,0.15705524751744193,0.09844078884074396,0.07069419256332532,0.022968551583440917,0.015938987375163464,2.0063982473117673e-05,11,118,0.030332126076020344,0.14388409959414475,True,False,False,5.807535694465737e-07,COMPLETE
812,0.4844558119773865,2025-04-23 11:47:17.498115,2025-04-23 11:47:24.241064,0 days 00:00:06.742949,0.6299274926417576,0.39361135241316325,16,0.1841421669802898,0.1374565591689635,0.09992931979497564,0.020932299266945113,0.045613924759218175,0.05827100055071716,1.0028958641130102e-05,5,150,0.037436959876808146,0.1793437971003511,True,False,False,1.78524872189899e-06,COMPLETE
813,0.49061809778213505,2025-04-23 11:47:24.508881,2025-04-23 11:47:31.513937,0 days 00:00:07.005056,0.04653678149458307,0.36694997555300096,16,0.17572364019423417,0.10932514740857327,0.09332528299021149,0.01526351213798532,0.06630132281192899,0.06301337943722798,1.500445682306379e-05,7,123,0.025429828222997514,0.17254797813301095,True,False,False,6.897870884554934e-07,COMPLETE
814,0.4964829802513123,2025-04-23 11:47:31.769329,2025-04-23 11:47:38.630186,0 days 00:00:06.860857,0.5268469390723209,0.07210238340407515,16,0.1626277401252497,0.11623438929305069,0.09586118604070995,0.0682038306200704,0.08859796495494236,0.04809713524535249,2.3840533997611973e-05,6,90,0.0330187683790088,0.19408904636173602,True,False,False,4.978297442267305e-06,COMPLETE
815,0.49823095798492434,2025-04-23 11:47:38.895726,2025-04-23 11:47:45.616546,0 days 00:00:06.720820,0.41171909288628494,0.33857606619370895,16,0.1904146020158515,0.1297747117750082,0.09153765316459123,0.07357788104796255,0.09198078361175403,0.05117521707632058,1.2299412211005163e-05,5,137,0.02913209843449767,0.15270380908027395,True,False,False,3.792779544757882e-07,COMPLETE
816,0.48315129876136786,2025-04-23 11:47:45.881625,2025-04-23 11:47:52.617340,0 days 00:00:06.735715,0.39406464956090487,0.3558952158653712,16,0.19991100039193066,0.2930640557242655,0.08695993471223581,0.07383527195581943,0.09190153794803231,0.02566007577026001,1.227793210451802e-05,5,134,0.02821282244476248,0.13109495012313263,True,False,False,3.2001250320542915e-07,COMPLETE
817,0.35277547836303713,2025-04-23 11:47:52.874204,2025-04-23 11:48:00.063942,0 days 00:00:07.189738,0.41551377603590045,0.33878560420513487,8,0.21598161649404152,0.1316648476581371,0.07779856221261458,0.07358156354126269,0.08988491888447936,0.05604961732725106,0.0003769835655895016,5,136,0.0237802532780222,0.14662528901240912,True,False,False,3.687549070417832e-07,COMPLETE
818,0.49159543514251713,2025-04-23 11:48:00.329565,2025-04-23 11:48:07.032744,0 days 00:00:06.703179,0.4049566519898712,0.32034427643611363,16,0.1909768341385234,0.124681821920528,0.04679858222307347,0.07441336105181823,0.09291834967123062,0.053665858851493047,1.0031841821823024e-05,5,129,0.027069482198686975,0.14171534225092233,True,False,False,4.281355254485011e-07,COMPLETE
819,0.4937623500823975,2025-04-23 11:48:07.303291,2025-04-23 11:48:14.058868,0 days 00:00:06.755577,0.3676247820777668,0.33583922800523575,16,0.2063804351173353,0.1326178615249422,0.0943377299302212,0.07724019578395884,0.09434140027415085,0.05194984309498854,1.6590292333777928e-05,5,133,0.021283919581125722,0.15191963977375336,True,False,False,3.635135841525437e-07,COMPLETE
820,0.4928986668586731,2025-04-23 11:48:14.315626,2025-04-23 11:48:21.068482,0 days 00:00:06.752856,0.4202005821597598,0.3017154510448008,16,0.11024313211791534,0.1223934542320196,0.09105092233288285,0.07183107636833407,0.09109469007508343,0.03825887815990646,1.24508435356874e-05,5,137,0.013787330397922171,0.1494219169379113,True,False,False,2.0697026973229305e-07,COMPLETE
821,0.4872989773750306,2025-04-23 11:48:21.338279,2025-04-23 11:48:28.099690,0 days 00:00:06.761411,0.39126142445949114,0.3751259240552675,16,0.16895694734630406,0.28499700087064306,0.08841221727373737,0.08039397755926159,0.05689804407191183,0.054430784171768366,1.834178587731839e-05,5,137,0.028870359671918432,0.15296687975526108,True,False,False,3.607933371740602e-07,COMPLETE
822,0.3690866112709046,2025-04-23 11:48:28.369636,2025-04-23 11:48:34.991526,0 days 00:00:06.621890,0.4350713941386977,0.3530464935524292,16,0.17948621282843802,0.1276739223309108,0.097066775695555,0.07605341314571643,0.09410950707407253,0.05662456007403321,1.1994914695718986e-05,5,130,0.024401487329087295,0.14570692513507238,False,False,False,5.3127622530474e-07,COMPLETE
823,0.4893164873123169,2025-04-23 11:48:35.266984,2025-04-23 11:48:42.030180,0 days 00:00:06.763196,0.41028448687838937,0.3223003817217954,16,0.1529096474442026,0.13913103703808863,0.09320028461654527,0.08344639852105133,0.09007553818969972,0.06638968000641465,2.6617677656251974e-05,5,132,0.029001377583482618,0.15664918053568308,True,False,False,4.3484069112557577e-07,COMPLETE
824,0.2956933379173279,2025-04-23 11:48:42.285419,2025-04-23 11:48:48.722310,0 days 00:00:06.436891,0.37828686115062704,0.3814323289500818,16,0.2942979748197849,0.12951483694125238,0.06692205988468733,0.08614076027515687,0.09248282720564038,0.06148571473007432,1.4910891202368074e-05,6,127,0.026142849892381647,0.13937574924581542,True,True,False,5.496480625011928e-07,COMPLETE
825,0.3517370462417603,2025-04-23 11:48:48.995508,2025-04-23 11:48:55.676950,0 days 00:00:06.681442,0.44444715473732915,0.3473890453392834,16,0.1729279735622152,0.11835241313312503,0.08370306314585162,0.07291841246905158,0.09684315379527833,0.05230611856656679,0.0025068554689015358,5,138,0.01897841872589723,0.15626874591492365,True,False,False,7.276761034454797e-07,COMPLETE
826,0.366845840215683,2025-04-23 11:48:55.949355,2025-04-23 11:49:05.969067,0 days 00:00:10.019712,0.744399201766092,0.3058265385914518,2,0.18332678130462068,0.1358996148002099,0.09038129329420105,0.08244564130797176,0.08889137397304386,0.059421323002390836,0.00013807128502259667,5,135,0.01660872115859283,0.16068033137241355,True,False,False,6.174387986049267e-08,COMPLETE
827,0.49052226543426514,2025-04-23 11:49:06.227874,2025-04-23 11:49:13.062519,0 days 00:00:06.834645,0.809431090882381,0.28526103050912766,16,0.19499414766399936,0.14335738341027301,0.09668001760316713,0.018347041117284264,0.09508500102488873,0.05782665327528549,2.102901955197393e-05,6,139,0.03198928172240832,0.15090893733166824,True,False,False,2.918353930403026e-07,COMPLETE
828,0.2963014125823975,2025-04-23 11:49:13.334082,2025-04-23 11:49:19.770160,0 days 00:00:06.436078,0.426738390256064,0.3330809972540096,16,0.16591143829628477,0.12434701556213894,0.09464306029267365,0.08982439523009215,0.06396484554116177,0.0010204185921692706,3.5099136574750475e-05,5,135,0.02184299952970586,0.13475335316770773,True,False,True,3.369740116858784e-05,COMPLETE
829,0.49170658588409427,2025-04-23 11:49:20.044039,2025-04-23 11:49:26.880272,0 days 00:00:06.836233,0.40367698886294595,0.26714640632454334,16,0.2781445818593573,0.281053252927168,0.08693477617929922,0.02994266403166717,0.09191525730510096,0.05069287290092898,1.500385963713835e-05,6,131,0.03595868942002113,0.15971520471276468,True,False,False,2.472506413633609e-07,COMPLETE
830,0.4495990335941315,2025-04-23 11:49:27.138509,2025-04-23 11:49:33.881008,0 days 00:00:06.742499,0.45589375011253264,0.6979474730191144,16,0.23048342472996913,0.19998199696865876,0.08907304035527802,0.071422195012203,0.0872984710232499,0.054719278143245544,5.3000641068977214e-05,5,140,0.03014518478648949,0.15350125023099087,True,False,False,4.6560533625099e-07,COMPLETE
831,0.4972553133964539,2025-04-23 11:49:34.155879,2025-04-23 11:49:40.984141,0 days 00:00:06.828262,0.7890005850058087,0.024857233004824605,16,0.1586719134964031,0.11282778854921904,0.09227749827932122,0.023435455510003964,0.09797583490877927,0.07265121233136747,1.1525275125608812e-05,6,137,0.02681865154855817,0.16574076504436294,True,False,False,1.0469031077292416e-06,COMPLETE
832,0.48053202629089353,2025-04-23 11:49:41.257507,2025-04-23 11:49:49.115749,0 days 00:00:07.858242,0.8700896159082185,0.26717163712719805,16,0.1460406281222136,0.1067076227145552,0.09149748157451107,0.027665972826650825,0.09855089170068443,0.06858258542711797,1.1353051367246417e-05,15,133,0.04414050571792127,0.165033009319564,True,False,False,8.229867087852898e-07,COMPLETE
833,0.47142779231071474,2025-04-23 11:49:49.375887,2025-04-23 11:49:56.147395,0 days 00:00:06.771508,0.711182431582518,0.010479945476421951,16,0.14350924805892057,0.11218935103335531,0.08845397716085986,0.025431989040818337,0.09987315144533203,0.07646186418999254,1.0020288676588612e-05,5,128,0.025049862594176325,0.16642946589752633,True,False,False,6.057366599761229e-07,COMPLETE
834,0.4656115472316742,2025-04-23 11:49:56.417972,2025-04-23 11:50:04.825446,0 days 00:00:08.407474,0.7863678246077824,0.05721573138097881,16,0.15173466021241433,0.10255190849675545,0.08975881148953832,0.02272096743820425,0.0979739689237522,0.07409985430715041,1.2202864122440287e-05,20,136,0.022880825006782086,0.16383573660772155,True,False,False,1.057742775158633e-06,COMPLETE
835,0.48211161494255067,2025-04-23 11:50:05.100832,2025-04-23 11:50:11.915609,0 days 00:00:06.814777,0.8050930187117061,0.03363878199591267,16,0.1561120397981523,0.2100328886091525,0.09185489735150541,0.024453774581660762,0.096804531364534,0.07598664114686206,1.205729828273962e-05,6,132,0.026581624180677936,0.16939141206430428,True,False,False,2.972267216511756e-07,COMPLETE
836,0.4605288207530976,2025-04-23 11:50:12.176522,2025-04-23 11:50:19.018573,0 days 00:00:06.842051,0.777129391572891,0.0297439061581463,16,0.16147224159650514,0.10897147740432309,0.0856641600578549,0.02296145376530264,0.06095440705718947,0.0721818597064774,1.1578709875940714e-05,6,137,0.01983920932366737,0.2626934540570186,True,False,False,8.507374458901006e-07,COMPLETE
837,0.49045628309249883,2025-04-23 11:50:19.297867,2025-04-23 11:50:26.228913,0 days 00:00:06.931046,0.7514621653145701,0.03889913907957078,16,0.1498975181579784,0.11944457737210926,0.09291980259047927,0.02661316571116976,0.09872967926537889,0.07752043836180705,1.0008675800658747e-05,7,124,0.024022753761810234,0.18412682164195393,True,False,False,4.930354379755126e-07,COMPLETE
838,0.4626318335533142,2025-04-23 11:50:26.502615,2025-04-23 11:50:34.198315,0 days 00:00:07.695700,0.7652780908504363,0.024835245413215978,8,0.15810980404043506,0.11451566426312945,0.08930236040440655,0.022591716601617615,0.09690359893666402,0.07516239635022504,1.3953051753095506e-05,8,141,0.03986066152400654,0.15857931451074697,True,False,False,7.135586426240331e-07,COMPLETE
839,0.472034901380539,2025-04-23 11:50:34.462347,2025-04-23 11:50:41.202978,0 days 00:00:06.740631,0.8455460011486293,0.01760552275807295,16,0.1567102445541068,0.11548846425517256,0.044901322753269045,0.026380442721786784,0.09537807109458801,0.07144586435716026,1.7078795205636787e-05,5,130,0.028041866135341632,0.2053511237449544,True,False,False,9.413596138051108e-07,COMPLETE
840,0.4886773467063904,2025-04-23 11:50:41.475446,2025-04-23 11:50:48.316151,0 days 00:00:06.840705,0.7894790583610859,0.04786493002988405,16,0.16309264787554845,0.2141049118714276,0.03880062754939431,0.024899026868442684,0.09813013731957067,0.07298868943651449,1.3828636800210675e-05,6,134,0.034134466428876666,0.1771206718331317,True,False,False,6.117395463319759e-07,COMPLETE
841,0.49799772500991824,2025-04-23 11:50:48.594127,2025-04-23 11:50:55.286629,0 days 00:00:06.692502,0.8156674369766252,0.044393080450279884,16,0.1395904874198352,0.10465835607125516,0.0915336235818434,0.020749028072404432,0.05408927520156266,0.06878269216459693,1.9307542710738603e-05,5,138,0.026326740453828268,0.16803155687707644,True,False,False,9.988881307369568e-07,COMPLETE
842,0.3600931167602539,2025-04-23 11:50:55.566813,2025-04-23 11:51:02.178087,0 days 00:00:06.611274,0.829703315259174,0.08243297729123931,16,0.14050309803686326,0.09507239082934497,0.08690623922799706,0.020374931534777107,0.05190651895100441,0.06666633212109087,2.7754276828077946e-05,5,142,0.02200818553331405,0.061825865046814005,False,False,False,7.103447277523441e-07,COMPLETE
843,0.29631375670433047,2025-04-23 11:51:02.443436,2025-04-23 11:51:08.759238,0 days 00:00:06.315802,0.8172359891715284,0.057182719975285075,16,0.13797130443643163,0.0988586685095936,0.0902374231736841,0.020836422492334153,0.05106238957561461,0.07006488142854152,2.356157548455448e-05,5,140,0.025066457566085786,0.17507762134470212,True,True,False,4.774968328005214e-07,COMPLETE
844,0.4000416219234467,2025-04-23 11:51:09.035388,2025-04-23 11:51:15.780458,0 days 00:00:06.745070,0.8180876254329961,0.07553209698151209,16,0.13837970852162643,0.10057114367807005,0.08779119687037419,0.019395333416758913,0.08688512207248364,0.06988508054726163,2.1942405338814753e-05,5,142,0.030221415629847478,0.019215198894951296,True,False,False,1.0655612848811906e-06,COMPLETE
