number,value,datetime_start,datetime_complete,duration,params_alpha-eval,params_alpha-train,params_batch-size,params_eps-eval,params_eps-train,params_lambda-actions-eval,params_lambda-actions-train,params_lambda-frames-eval,params_lambda-frames-train,params_learning-rate,params_n-epochs,params_n-frames,params_radius-gw,params_rho,params_std-feats,params_ub-actions,params_ub-frames,params_weight-decay,state
1294,0.3267117977142334,2025-04-23 12:51:04.521128,2025-04-23 12:51:12.449299,0 days 00:00:07.928171,0.9128645677540522,0.029959452362790365,8,0.022605800435121903,0.05258089797042216,0.002322087952562134,0.00698482694465997,0.07445617875065738,0.033354609470137284,0.000126991405991251,14,63,0.016302884679921796,0.24660232770356919,True,True,False,3.8634300263428895e-06,COMPLETE
1295,0.40662345290184027,2025-04-23 12:51:12.862658,2025-04-23 12:51:21.527525,0 days 00:00:08.664867,0.9466526054393929,0.061010504171957115,8,0.038536575408438925,0.06006392520193302,0.007538826959692899,0.004393110969728094,0.07723274108588235,0.03023653844105487,0.00022250515923777104,14,75,0.01763820809558698,0.2591394851890117,True,False,False,3.3260712677572333e-06,COMPLETE
1296,0.4415109217166901,2025-04-23 12:51:21.962673,2025-04-23 12:51:30.908426,0 days 00:00:08.945753,0.9673750764988507,0.030044183053491106,8,0.04915066301124742,0.043851706216902715,0.008909433771253817,0.00679656564868197,0.07364253395200014,0.02387274697285841,0.0001591819098916699,16,79,0.016221974384667957,0.2539848656409997,True,False,False,4.440755759532992e-06,COMPLETE
1297,0.5787919998168946,2025-04-23 12:51:31.333768,2025-04-23 12:51:39.895006,0 days 00:00:08.561238,0.9776691712601591,0.010684280089628883,8,0.012207097628957145,0.0665425350099024,0.013570594586359695,0.004252378031969408,0.07543735123191611,0.030009963214486186,0.00022136683907380902,14,70,0.014889114492664338,0.2483575347576129,True,False,False,2.7298496817764347e-06,COMPLETE
1298,0.40944167971611023,2025-04-23 12:51:40.317116,2025-04-23 12:51:48.999308,0 days 00:00:08.682192,0.9776194063364608,0.046516389473388195,8,0.007931004288146398,0.0643983239474377,0.01285870646928505,0.006684311107186272,0.07229698370380684,0.025774050447820985,0.00019475616002919376,15,69,0.015319445049167948,0.246222825631616,True,False,False,2.97192936822667e-06,COMPLETE
1299,0.3017265498638153,2025-04-23 12:51:49.417632,2025-04-23 12:51:57.345390,0 days 00:00:07.927758,0.9339195025015709,0.028723401426343532,8,0.009007386577120538,0.057268207639529486,0.010885097566577242,0.003916868461219287,0.07508139167709925,0.0300340429609399,0.00025063853485903187,14,71,0.017803112945198034,0.2511601425605447,True,False,True,3.631474485635017e-06,COMPLETE
1300,0.4148302435874939,2025-04-23 12:51:57.767031,2025-04-23 12:52:06.304787,0 days 00:00:08.537756,0.9616753035524203,0.06317994103750878,8,0.027146953585685786,0.049893764543071165,0.01416276097647037,0.005920079908232111,0.07178012679216823,0.029521920296797576,0.00025284893261691156,14,64,0.0183475341953952,0.2637303940019978,True,False,False,2.835689864341408e-06,COMPLETE
1301,0.42513706088066106,2025-04-23 12:52:06.725708,2025-04-23 12:52:15.120080,0 days 00:00:08.394372,0.9798709087182903,0.02822587529168007,8,0.018016987923773573,0.06678346556708994,0.0035263647483527536,0.003619168927266312,0.07431695203015996,0.024543546964708597,0.00017538036687193522,13,76,0.015158644764858058,0.24455232304157007,True,False,False,4.3408890314244295e-06,COMPLETE
1302,0.41343223452568056,2025-04-23 12:52:15.539609,2025-04-23 12:52:24.334217,0 days 00:00:08.794608,0.9147906338936184,0.0417110751687749,8,0.04162134547502516,0.059260905919471724,0.015394281508196815,0.00662444903758794,0.07652924946994523,0.026928361320806945,0.00021783401868782825,15,66,0.015378349497706646,0.25156091474006637,True,False,False,2.6966395934401163e-06,COMPLETE
1303,0.40918170213699345,2025-04-23 12:52:24.750424,2025-04-23 12:52:33.255482,0 days 00:00:08.505058,0.9529948522729953,0.02872274765895779,8,0.013995884537475023,0.06767722660476408,0.006213462440851483,0.003906767336333873,0.07356000745984351,0.020422117164245572,0.0002890716705501593,14,73,0.01824067785032575,0.25888128594483506,True,False,False,3.5056071107587845e-06,COMPLETE
1304,0.5797722816467286,2025-04-23 12:52:33.674513,2025-04-23 12:52:42.078886,0 days 00:00:08.404373,0.9976931643750523,0.010645117491411985,8,0.05429959943003146,0.05200627791690336,0.013419923915187423,0.00334293199802069,0.07144150389720548,0.03377662579565602,0.00014969385450257631,13,79,0.015365281257422042,0.2444025339239716,True,False,False,2.5165067784803932e-06,COMPLETE
1305,0.5789154887199403,2025-04-23 12:52:42.501357,2025-04-23 12:52:51.065710,0 days 00:00:08.564353,0.9976882578304636,0.010359331967651094,8,0.05476528420008496,0.048241108642710945,0.00908793191542568,0.0054993900075705985,0.07125165897904487,0.033420424022908124,0.00014840476572761452,14,78,0.01685166174748069,0.24924835002676232,True,False,False,3.28350766820083e-06,COMPLETE
1306,0.39009576439857485,2025-04-23 12:52:51.500501,2025-04-23 12:53:00.093254,0 days 00:00:08.592753,0.9998195185821661,0.06018407821418302,8,0.05556417880797705,0.042744030883315756,0.009421780172024958,0.007326079259656378,0.0714416320908575,0.034377652375734445,0.00015040022071448805,14,76,0.018408041610554208,0.25468857916856946,True,False,False,4.177338048892538e-06,COMPLETE
1307,0.4303363740444184,2025-04-23 12:53:00.515856,2025-04-23 12:53:09.278299,0 days 00:00:08.762443,0.9799888053667264,0.028869737426473467,8,0.0479722101372013,0.04933362509817176,0.011664634594504814,0.005369780502571505,0.07218374379632822,0.0342185075090739,0.0001997203350514803,15,70,0.017034782650128318,0.26447221760232553,True,False,False,4.575404764176013e-06,COMPLETE
1308,0.5855719208717346,2025-04-23 12:53:09.699632,2025-04-23 12:53:18.109252,0 days 00:00:08.409620,0.9677825642229675,0.010675111588335404,8,0.051879961966697974,0.038319538048202664,0.008416003396227983,0.006560517248522009,0.07108122721209172,0.03242103892364204,8.807259613207344e-05,13,79,0.018884747124700743,0.2489692070334935,True,False,False,3.278684576208784e-06,COMPLETE
1309,0.41463474631309516,2025-04-23 12:53:18.531580,2025-04-23 12:53:27.185727,0 days 00:00:08.654147,0.9978012386071385,0.04577474572155787,8,0.051929336581885345,0.03905341566727581,0.007517747532724188,0.0073302067652139926,0.07084225619605702,0.03282269431332131,9.458919941060009e-05,14,78,0.019345079965421497,0.24798021412735563,True,False,False,3.4477842276833187e-06,COMPLETE
1310,0.5828212022781372,2025-04-23 12:53:27.609361,2025-04-23 12:53:36.331071,0 days 00:00:08.721710,0.9569465014665414,0.010088311295288008,8,0.03566600611274182,0.037417606241809856,0.009063765344741508,0.0070761267833412715,0.07123686958822759,0.034379288029461205,9.216408287328933e-05,15,73,0.01726092603211685,0.24659866890504345,True,False,False,4.664394236271906e-06,COMPLETE
1311,0.4055596768856049,2025-04-23 12:53:36.753291,2025-04-23 12:53:45.675111,0 days 00:00:08.921820,0.9547335650310592,0.048428716990679986,8,0.03359111261481767,0.03697314891577853,0.005427410123316569,0.007369637187772542,0.07185390663514103,0.034140243871203145,9.459179193624602e-05,16,73,0.01841789909474563,0.24773487955008244,True,False,False,4.531956993746828e-06,COMPLETE
1312,0.3938921391963959,2025-04-23 12:53:46.096006,2025-04-23 12:53:54.725697,0 days 00:00:08.629691,0.9667341063716035,0.02688816616996855,8,0.04315033748835418,0.03581509441876245,0.008806430975841596,0.0071271709577709185,0.07106578545114772,0.032381076379127176,8.658046406128593e-05,15,75,0.01890174220636779,0.2584975847131267,False,False,False,3.803503281605029e-06,COMPLETE
1313,0.29631375670433047,2025-04-23 12:53:55.146948,2025-04-23 12:54:03.081777,0 days 00:00:07.934829,0.984806881359523,0.061951781705117434,8,0.028112006636490664,0.034203431641471334,0.010413696091443724,0.005696849592924521,0.07074372187784464,0.03481131267826501,0.00012067499347183806,14,79,0.017355562022034855,0.2501828908969673,True,True,False,4.439837810017109e-06,COMPLETE
1314,0.43387812972068784,2025-04-23 12:54:03.500036,2025-04-23 12:54:12.260506,0 days 00:00:08.760470,0.9512624360325405,0.03097270711043985,8,0.03956747854568154,0.042326989696333195,0.013085827771844236,0.007108783049104536,0.07150995464198746,0.03186022674174691,0.00016007576304106477,15,67,0.018829384628729573,0.246284452768544,True,False,False,3.4869977774977192e-06,COMPLETE
1315,0.39650250077247623,2025-04-23 12:54:12.702185,2025-04-23 12:54:21.297537,0 days 00:00:08.595352,0.9320640710896126,0.04511494533166362,8,0.03356432172223691,0.028958031099850706,0.007758683813389778,0.005370390007404601,0.07064531207205156,0.03462282621626505,0.00013885702719174022,14,72,0.0174525132948782,0.2538369233210854,True,False,False,5.16679863789288e-06,COMPLETE
1316,0.5803443312644958,2025-04-23 12:54:21.720998,2025-04-23 12:54:30.320571,0 days 00:00:08.599573,0.982545078920248,0.010931939134003569,8,0.04702613351002722,0.04717962845637482,0.011757533082453375,0.00565356506820624,0.07292836580423714,0.031411556387516,0.0001065544210382875,14,75,0.01638152185853433,0.2604389929117771,True,False,False,3.379409896804469e-06,COMPLETE
1317,0.4568042814731598,2025-04-23 12:54:30.749504,2025-04-23 12:54:39.548850,0 days 00:00:08.799346,0.9986729459903867,0.02913192650027286,8,0.050051606299800544,0.04623732164982233,0.011195524546886913,0.007654641944977706,0.07126970962696008,0.031797636190344314,0.00011082990614469687,15,75,0.01903118673358492,0.26300073543912017,True,False,False,5.155980829184643e-06,COMPLETE
1318,0.3014828681945801,2025-04-23 12:54:39.974599,2025-04-23 12:54:47.957523,0 days 00:00:07.982924,0.9767688698810691,0.047259161666866986,8,0.041728799459458656,0.05085169073174411,0.004747536879409838,0.007519887558746335,0.07209393536700642,0.0332441062316651,8.389589405063383e-05,14,69,0.016701046706193365,0.25768223248203204,True,False,True,4.832357085143407e-06,COMPLETE
1319,0.4153959691524506,2025-04-23 12:54:48.383259,2025-04-23 12:54:56.869303,0 days 00:00:08.486044,0.9645156919903038,0.02851707699026776,8,0.04742236020363472,0.040790811370133975,0.012482298409823098,0.005485363292117381,0.07106630299572124,0.03191367311549562,0.00010323471772483675,13,79,0.016681975101651158,0.2688141735615587,True,False,False,3.8121015034381506e-06,COMPLETE
1320,0.39071657657623293,2025-04-23 12:54:57.292958,2025-04-23 12:55:05.834142,0 days 00:00:08.541184,0.94618570785658,0.06557213937055502,8,0.053408258807551304,0.045743932471647764,0.009446000926063944,0.005059667590169114,0.07316017900057152,0.03489797642682475,0.00014267233571296905,14,72,0.018872008694546784,0.2500289989332813,True,False,False,3.3435242841692167e-06,COMPLETE
1321,0.4573846697807312,2025-04-23 12:55:06.258520,2025-04-23 12:55:14.938100,0 days 00:00:08.679580,0.9830509237617786,0.03125131181612459,8,0.03628374606430908,0.05386172932355486,0.006408111963930607,0.007704663172834303,0.07298127688341942,0.03088424304068685,0.0001176838843804905,15,77,0.01621322146880383,0.2594380052979393,True,False,False,3.188559211736217e-06,COMPLETE
1322,0.5787919998168946,2025-04-23 12:55:15.361369,2025-04-23 12:55:23.947236,0 days 00:00:08.585867,0.9608686654392291,0.010072507956375163,8,0.05825929065593354,0.04853610313538328,0.013915386521864496,0.005641058807824488,0.07307959036946272,0.03367982654462368,0.00018418170867056494,14,74,0.019192073085846344,0.2458173013736861,True,False,False,4.3861404406828275e-06,COMPLETE
1323,0.5812201499938965,2025-04-23 12:55:24.390186,2025-04-23 12:55:32.951713,0 days 00:00:08.561527,0.9651875711195054,0.010194944783196052,8,0.05878164669009316,0.03565083830465868,0.013820611393731204,0.007620666395639891,0.07039879823015972,0.034543584223274575,0.00017836488458925192,14,74,0.019201520678187388,0.24494815441362433,True,False,False,4.840385505042621e-06,COMPLETE
1324,0.3936266660690308,2025-04-23 12:55:33.377915,2025-04-23 12:55:41.966959,0 days 00:00:08.589044,0.9649344089219936,0.04671531377895281,8,0.05916177454360904,0.030941644642560755,0.012253256007103806,0.00816548684195268,0.070956764616266,0.0345881610518889,0.00013815439595180778,14,71,0.020377158541529505,0.24532179720909358,True,False,False,4.965313055647068e-06,COMPLETE
1325,0.38768586516380316,2025-04-23 12:55:42.397851,2025-04-23 12:55:50.953390,0 days 00:00:08.555539,0.981803787079103,0.032145137672660494,8,0.05857789159970608,0.031911680932911024,0.014110295943494992,0.007810291599234143,0.07117050984662517,0.034790263194189514,0.0001972682070452257,14,74,0.019849154153600296,0.24400500010124918,True,False,False,4.94995822516832e-06,COMPLETE
1326,0.5827207088470459,2025-04-23 12:55:51.384004,2025-04-23 12:55:59.934358,0 days 00:00:08.550354,0.9986398392835032,0.010809545477556602,8,0.05472714349025829,0.04065440087372016,0.01430150248923668,0.005751815261622894,0.06969314463887342,0.03347370050886189,9.918970071951539e-05,14,61,0.019178206248174907,0.2551252506497923,True,False,False,5.191373483540899e-06,COMPLETE
1327,0.46401720046997075,2025-04-23 12:56:00.368022,2025-04-23 12:56:08.767348,0 days 00:00:08.399326,0.9996021424222608,0.06204976543140064,8,0.05471445425871916,0.036795902551592596,0.01290064415061977,0.006346952017115788,0.07065314218618991,0.03513064960437395,7.743793188559637e-05,13,63,0.01949318688684098,0.2651150433692041,True,False,False,5.4861854521185036e-06,COMPLETE
1328,0.5836388945579529,2025-04-23 12:56:09.199124,2025-04-23 12:56:17.731021,0 days 00:00:08.531897,0.9997038444136551,0.010400057426738088,8,0.044749749346178355,0.04248977254933306,0.014453386848795925,0.004506925796071505,0.06992679702496919,0.033601450817106436,9.396697244742196e-05,14,60,0.019669532667901835,0.25642218016663765,True,False,False,4.1789572045851315e-06,COMPLETE
1329,0.5853431940078736,2025-04-23 12:56:18.159667,2025-04-23 12:56:26.888002,0 days 00:00:08.728335,0.9984466129193289,0.03324720876729558,8,0.05938079294802911,0.03781238698923933,0.014479493299521976,0.004350477660965422,0.0698736604121556,0.033555221335678745,9.081174334636491e-05,15,55,0.02011051713173865,0.25861930337004774,True,False,False,5.101345792774065e-06,COMPLETE
1330,0.4716839194297791,2025-04-23 12:56:27.316189,2025-04-23 12:56:36.082698,0 days 00:00:08.766509,0.9979104471839033,0.044973728490261926,8,0.06187722409990245,0.026694103244934313,0.014331167077547731,0.008235953354074411,0.06989813596064677,0.0354189513783251,8.752715185625132e-05,15,65,0.019792968711630166,0.26550653447601463,True,False,False,5.29755646610628e-06,COMPLETE
1331,0.3791804194450379,2025-04-23 12:56:36.510781,2025-04-23 12:56:45.451834,0 days 00:00:08.941053,0.976696858400423,0.03123472489510399,8,0.05290659226808647,0.03392905267795278,0.01453089485187739,0.004552399476816965,0.06983459994702798,0.03425469759403244,0.0001014905949566817,16,53,0.020123159823732726,0.25940392572613963,True,False,False,4.902616836258218e-06,COMPLETE
1332,0.36530998349189764,2025-04-23 12:56:45.900335,2025-04-23 12:56:54.255862,0 days 00:00:08.355527,0.9818955950661965,0.010098112835616808,8,0.059178138109007156,0.040516597596866794,0.011255225469451607,0.004620680915881981,0.0706796902225608,0.031760095017677535,7.489584838152168e-05,13,58,0.020589673771986585,0.2554952130392738,False,False,False,5.20075719140195e-06,COMPLETE
1333,0.29631375670433047,2025-04-23 12:56:54.688501,2025-04-23 12:57:02.649930,0 days 00:00:07.961429,0.9623510514808132,0.04393737156181881,8,0.05384793881588504,0.039458468982798076,0.014941733010297881,0.007511433157229456,0.07016791980819234,0.03333975024448617,9.83293598234516e-05,15,62,0.018760177686659885,0.26900240430551386,True,True,False,4.288513789089474e-06,COMPLETE
1334,0.5851030468940734,2025-04-23 12:57:03.081081,2025-04-23 12:57:11.430107,0 days 00:00:08.349026,0.9988404407632109,0.030191851746336484,8,0.04688563019953447,0.023692397578739574,0.011618067027987686,0.006038063184284325,0.0704635046224502,0.035400799544645895,0.00011082427731303807,13,57,0.01861089317055474,0.2609790292923915,True,False,False,4.231624668770481e-06,COMPLETE
1335,0.35661681890487673,2025-04-23 12:57:11.862850,2025-04-23 12:57:20.236101,0 days 00:00:08.373251,0.9998271892005377,0.06300977506933207,8,0.047598253430488804,0.02229909755157944,0.014008300348027053,0.008149330591964194,0.06970647921897298,0.03615976714459232,0.00011111453340211862,13,57,0.020502472884815503,0.2623599087793686,True,False,False,5.82308826639061e-06,COMPLETE
1336,0.3729087471961975,2025-04-23 12:57:20.664568,2025-04-23 12:57:29.008467,0 days 00:00:08.343899,0.9840774686608936,0.06163849413348702,8,0.061900064909735916,0.021662835226988662,0.015656396299200643,0.006246129639059833,0.06955704637952588,0.033931592881448244,9.165840096459453e-05,13,56,0.01994442639560149,0.26065409942053813,True,False,False,5.488267763165486e-06,COMPLETE
1337,0.46613357663154603,2025-04-23 12:57:29.451487,2025-04-23 12:57:37.850312,0 days 00:00:08.398825,0.9972689886859958,0.04309209982984966,8,0.054456375201156856,0.031885341497396906,0.01214587990864792,0.0074865731157226145,0.06987064424082233,0.035419111660805955,7.420351766857803e-05,13,61,0.018962821387631595,0.25571605031860567,True,False,False,4.570614548817421e-06,COMPLETE
1338,0.33542171120643616,2025-04-23 12:57:38.278098,2025-04-23 12:57:46.251373,0 days 00:00:07.973275,0.9581267589265124,0.031759860069712154,8,0.06291418157776094,0.044397279073347784,0.013528005367136322,0.004760343661927078,0.07055462552174571,0.03212346960430068,0.00011052899468359554,14,55,0.01966790752708337,0.26816283308865896,True,False,True,4.1994393824659485e-06,COMPLETE
1339,0.5829354047775269,2025-04-23 12:57:46.709888,2025-04-23 12:57:55.449650,0 days 00:00:08.739762,0.9811867749579599,0.02692118769187013,8,0.0477385117155142,0.03590912362887363,0.009304886848603394,0.006063419219167707,0.07000610053242434,0.03125835871853057,8.523885043795491e-05,15,59,0.018923701787891274,0.25737552696045635,True,False,False,4.177320316153668e-06,COMPLETE
1340,0.4578259587287903,2025-04-23 12:57:55.884572,2025-04-23 12:58:04.785993,0 days 00:00:08.901421,0.9831469925600451,0.06616983893864604,8,0.04682313687901375,0.035804799564434595,0.010175221125193664,0.008460556960101137,0.06972652983140923,0.03074949818309839,7.233349422272114e-05,16,60,0.02041999131922006,0.2544283980759345,True,False,False,5.684885236032041e-06,COMPLETE
1341,0.5969438552856445,2025-04-23 12:58:05.219832,2025-04-23 12:58:14.007117,0 days 00:00:08.787285,0.9987643141358807,0.0448222834268127,8,0.056360986665986254,0.026176166760302308,0.01590364699437168,0.00454472004192277,0.07023122291352539,0.03377865091938866,8.378667135443267e-05,15,56,0.02000990667361324,0.264150889379515,True,False,False,4.115797650025371e-06,COMPLETE
1342,0.3840021312236786,2025-04-23 12:58:14.438964,2025-04-23 12:58:22.805076,0 days 00:00:08.366112,0.9654000726412024,0.06575349297303576,8,0.05796140055268764,0.03488351872989436,0.016272602546609255,0.003918969345271393,0.0692399996532408,0.03458609808641905,9.037734355202966e-05,13,50,0.02031667751828981,0.2707540908355734,True,False,False,5.339894417590873e-06,COMPLETE
1343,0.5602610826492309,2025-04-23 12:58:23.239382,2025-04-23 12:58:32.190469,0 days 00:00:08.951087,0.9850334744563172,0.049162443599142854,8,0.053168142145730984,0.03025594923379782,0.012024514811943127,0.0042110377107733325,0.07023752966458216,0.03603870888241311,8.162641385265341e-05,16,60,0.02068788944364514,0.2651573784233475,True,False,False,4.2333085087388666e-06,COMPLETE
