number,value,datetime_start,datetime_complete,duration,params_alpha-eval,params_alpha-train,params_batch-size,params_eps-eval,params_eps-train,params_lambda-actions-eval,params_lambda-actions-train,params_lambda-frames-eval,params_lambda-frames-train,params_learning-rate,params_n-epochs,params_n-frames,params_radius-gw,params_rho,params_std-feats,params_ub-actions,params_ub-frames,params_weight-decay,state
170,0.4890928745269776,2025-04-23 10:29:55.051994,2025-04-23 10:30:01.933750,0 days 00:00:06.881756,0.7316514054331643,0.8155813194924288,16,0.20332887615742673,0.23479537626332758,0.095036327263832,0.012073245626045616,0.08795344905458546,0.056908150867536846,1.866277779924602e-05,6,140,0.024777955058759637,0.1426491534199865,True,False,False,9.230456088466964e-06,COMPLETE
171,0.49441695213317877,2025-04-23 10:30:01.988076,2025-04-23 10:30:08.829781,0 days 00:00:06.841705,0.7958360539225453,0.8946756498851397,16,0.17579899280021782,0.14523282514699287,0.09824119009057083,0.019441075087333018,0.09017760369427058,0.05385217034127144,1.502515628435282e-05,6,142,0.027043932922063488,0.16212126299012564,True,False,False,3.0143255068469373e-06,COMPLETE
172,0.4957275271415711,2025-04-23 10:30:08.894471,2025-04-23 10:30:15.798095,0 days 00:00:06.903624,0.7881764756393412,0.8968341956680845,16,0.1731535743835742,0.14484059614572328,0.09822323601588671,0.010085844211047574,0.0957387344359562,0.061089120080917145,1.214705383877362e-05,7,134,0.02782378744329317,0.16176484664071153,True,False,False,2.6336581820450643e-06,COMPLETE
173,0.4953453302383423,2025-04-23 10:30:15.854138,2025-04-23 10:30:22.806171,0 days 00:00:06.952033,0.7915667122199136,0.8917498789229386,16,0.17249627385849028,0.14498119307530985,0.09934498984340318,0.014494389366797289,0.09627642658361615,0.061016069380854694,1.4021471963030201e-05,7,135,0.027726371314626755,0.16310572162498543,True,False,False,3.123931331216609e-06,COMPLETE
174,0.49318116903305054,2025-04-23 10:30:22.862963,2025-04-23 10:30:29.747205,0 days 00:00:06.884242,0.789302372132006,0.9445332421796078,16,0.17639837970667072,0.14525009763898458,0.09882364458307717,0.020693749218854154,0.09501711045744683,0.06317149965476757,1.3913165398373932e-05,7,135,0.027083452622186192,0.1630724737263948,True,False,False,2.576232729520693e-06,COMPLETE
175,0.4851580023765564,2025-04-23 10:30:29.803510,2025-04-23 10:30:36.713065,0 days 00:00:06.909555,0.7900299700068084,0.9384229349752965,16,0.1747841476206487,0.13997853328793686,0.09976824821446556,0.01997733200160827,0.097803401307472,0.06599028279802455,1.4162638252566054e-05,7,134,0.02784394024773619,0.1478763485347378,True,False,False,3.112827958476969e-06,COMPLETE
176,0.4934985399246216,2025-04-23 10:30:36.770071,2025-04-23 10:30:43.740927,0 days 00:00:06.970856,0.7755437677787237,0.8958871854727265,16,0.1938594846946704,0.1475286891194998,0.09812854693646922,0.01414439065113235,0.09525461009748197,0.06082963997385414,1.2709287259949822e-05,7,136,0.02623412337829355,0.16365136057077995,True,False,False,2.0077515947457655e-06,COMPLETE
177,0.2945170879364014,2025-04-23 10:30:43.800512,2025-04-23 10:30:50.388444,0 days 00:00:06.587932,0.7652420089104431,0.900440678749618,16,0.19992933776723726,0.14684546475002871,0.09781797571259154,0.014004018731496214,0.09559511367649999,0.0626916809670693,1.478192396070814e-05,8,137,0.027485728904961523,0.168261763721728,True,False,True,2.0569563008926993e-06,COMPLETE
178,0.4863539576530457,2025-04-23 10:30:50.446079,2025-04-23 10:30:57.378800,0 days 00:00:06.932721,0.06528711959069833,0.844433946536064,16,0.19429557742521888,0.12899160395118955,0.09362429571071818,0.019944016791219116,0.09422669369274854,0.061043946080458565,2.1645034348657914e-05,7,133,0.025845730873295968,0.16084905160619856,True,False,False,5.975908365250503e-06,COMPLETE
179,0.48773229122161865,2025-04-23 10:30:57.436326,2025-04-23 10:31:04.877232,0 days 00:00:07.440906,0.8161852490274201,0.8889094831866197,8,0.179486696454255,0.1531769720400381,0.0985124435687253,0.02259724110239431,0.09787794223540126,0.06382843935771101,1.249261103718531e-05,7,137,0.023888646651043455,0.1668235200311601,True,False,False,1.744407264254679e-06,COMPLETE
180,0.48014191985130317,2025-04-23 10:31:04.935362,2025-04-23 10:31:11.842599,0 days 00:00:06.907237,0.7150496103698606,0.8597104504794515,16,0.18869366642280377,0.14265025085174352,0.09162177950268705,0.01832781608420536,0.09505199262746054,0.060998286221980884,1.9539001480894922e-05,7,135,0.02644269796757105,0.14885093113726738,True,False,False,3.162024853434341e-06,COMPLETE
181,0.49229967594146734,2025-04-23 10:31:11.908797,2025-04-23 10:31:18.694673,0 days 00:00:06.785876,0.15535276744902593,0.8354837670624129,16,0.16759567766515845,0.13835651020521061,0.09622916702149689,0.008697404015865964,0.09961087668667559,0.05923972599401456,1.2520700046099865e-05,6,140,0.029735857563126064,0.16275884457245265,True,False,False,1.2724676305448205e-05,COMPLETE
182,0.4956822276115418,2025-04-23 10:31:18.752681,2025-04-23 10:31:25.568317,0 days 00:00:06.815636,0.13951422289832457,0.8285400964872155,16,0.16991384777653096,0.13722246417542336,0.09671338026956837,0.00847031928725479,0.09824830081233062,0.05913589918405753,1.1862503543224994e-05,6,140,0.029188024558315116,0.1652442528384328,True,False,False,1.1918454207827115e-05,COMPLETE
183,0.4938183665275574,2025-04-23 10:31:25.626908,2025-04-23 10:31:32.403030,0 days 00:00:06.776122,0.3661319573079488,0.791927509987236,16,0.1731791199710858,0.12354144842529399,0.09983929207487355,0.013148399466263944,0.0929366931232576,0.0700797955372162,1.456924205189979e-05,6,132,0.02806822192981762,0.15494582425496148,True,False,False,4.248207045776462e-06,COMPLETE
184,0.4872911334037781,2025-04-23 10:31:32.463206,2025-04-23 10:31:39.422940,0 days 00:00:06.959734,0.43849414956954963,0.7959876703308656,16,0.172292057765908,0.11883614538141844,0.09790340943879593,0.013645842773576326,0.09650046435608377,0.07379778883518728,1.4771424816375264e-05,7,143,0.021048195580268145,0.15394479347839424,True,False,False,4.250778892559149e-06,COMPLETE
185,0.48563326597213746,2025-04-23 10:31:39.481400,2025-04-23 10:31:46.510672,0 days 00:00:07.029272,0.24700861682528538,0.8905092454310294,16,0.1832048091337173,0.15849456897124878,0.09582554618090124,0.0027926290673481787,0.09277873493157138,0.07166179037772333,1.1754746564116945e-05,8,138,0.027721886798375294,0.14396067878547741,True,False,False,1.9812480127547376e-05,COMPLETE
186,0.40323714017868045,2025-04-23 10:31:46.570193,2025-04-23 10:31:53.522539,0 days 00:00:06.952346,0.38698434017818756,0.857786295030687,16,0.17731098047611296,0.14817894478729704,0.09953650339077075,0.016144006473064004,0.09384292201179459,0.06534391935756746,1.5502196176927078e-05,7,133,0.02448538854313756,0.03117201265335187,True,False,False,2.757532095734295e-06,COMPLETE
187,0.45998783111572267,2025-04-23 10:31:53.581681,2025-04-23 10:32:02.314195,0 days 00:00:08.732514,0.3344139957342379,0.8162309612742205,16,0.21785546294440872,0.1359096359432593,0.09346136576426686,0.006360736947780974,0.09105323816153328,0.06288953803556639,1.1880714947177681e-05,23,141,0.028699777510735658,0.16711312599887881,True,False,False,4.9414370003623745e-06,COMPLETE
188,0.4256028950214386,2025-04-23 10:32:02.375852,2025-04-23 10:32:09.200127,0 days 00:00:06.824275,0.17035486225495455,0.8954320519141724,16,0.16936691913888002,0.12360781160538929,0.09659773702650747,0.022732811981371847,0.09601727711713244,0.0600807140102885,0.023069345408051962,6,136,0.09892479493281159,0.15845658305136776,True,False,False,6.405869992294645e-06,COMPLETE
189,0.4868360996246338,2025-04-23 10:32:09.260684,2025-04-23 10:32:15.980493,0 days 00:00:06.719809,0.7682340956274174,0.8651781554178168,16,0.18894887578764127,0.14348468841866982,0.0910758796151128,0.012572132604372784,0.09888249258456934,0.05241991695701709,1.7360169915332147e-05,5,143,0.055970810408107516,0.14908646852509772,True,False,False,3.853866369965356e-06,COMPLETE
190,0.3858162760734558,2025-04-23 10:32:16.049944,2025-04-23 10:32:26.612766,0 days 00:00:10.562822,0.12023766114402001,0.8225800142701588,2,0.1960435380376749,0.15164991294300623,0.09834153080859749,0.009876937047603894,0.09237904898157943,0.06820306827101846,0.0014472948953219004,6,132,0.02651034076892037,0.12679784752163953,True,False,False,2.4517271061452094e-06,COMPLETE
191,0.49534417390823365,2025-04-23 10:32:26.675226,2025-04-23 10:32:33.506432,0 days 00:00:06.831206,0.7419635821148486,0.84281398830424,16,0.17793734738659822,0.16565346156522914,0.09448072604087061,0.01654096250049982,0.09534763197433871,0.05646927458159394,1.4125668207875047e-05,6,131,0.031035826149739994,0.17212287290155015,True,False,False,1.4354715300359297e-05,COMPLETE
192,0.49321234226226807,2025-04-23 10:32:33.568282,2025-04-23 10:32:40.457054,0 days 00:00:06.888772,0.3014894203922435,0.8509154897014796,16,0.17959564005561046,0.1668036252266284,0.09978950366400097,0.01717716760175956,0.09538249882867975,0.07747122484134863,1.4199061985089674e-05,7,139,0.029782285422205405,0.1641942763030455,True,False,False,1.020590105284481e-05,COMPLETE
193,0.4894456386566162,2025-04-23 10:32:40.518496,2025-04-23 10:32:47.582218,0 days 00:00:07.063722,0.28942519837167247,0.8440991682943103,16,0.17810589947105837,0.1631559772663846,0.09430895273573925,0.016419333872321414,0.0958935934820396,0.07571710728796684,1.4253832147420951e-05,8,134,0.03054364481006593,0.16252824772552996,True,False,False,1.4942836186088838e-05,COMPLETE
194,0.4891456842422485,2025-04-23 10:32:47.644060,2025-04-23 10:32:54.581054,0 days 00:00:06.936994,0.25402054930422174,0.7901099822112304,16,0.164507959777375,0.15398322524035216,0.08871229027912508,0.01766712049686916,0.09465934134558818,0.05636083734347087,1.7317912530031265e-05,7,140,0.028943250597192785,0.1700119737726667,True,False,False,1.0516423664888117e-05,COMPLETE
195,0.4436548829078675,2025-04-23 10:32:54.644252,2025-04-23 10:33:01.612904,0 days 00:00:06.968652,0.4043887477183987,0.8788964142652832,16,0.18520114734206866,0.1734907528214877,0.09992103280576782,0.02134032003733236,0.09699675471703312,0.08059993916339009,1.0050190862530747e-05,7,136,0.02635801389726251,0.08395875331407593,True,False,False,2.8548990861798402e-05,COMPLETE
196,0.49378623962402346,2025-04-23 10:33:01.676642,2025-04-23 10:33:08.483027,0 days 00:00:06.806385,0.4834251632457031,0.8244790652452627,16,0.1722451698985442,0.14562324542227081,0.09641353894718889,0.013227243554036521,0.09988470931569914,0.058993035401395895,1.34888048652989e-05,6,144,0.031090687398408156,0.16476156074131934,True,False,False,1.408685618678479e-06,COMPLETE
197,0.48885062932968143,2025-04-23 10:33:08.546617,2025-04-23 10:33:15.244847,0 days 00:00:06.698230,0.4403855023099994,0.8192755376234491,16,0.17243925728653167,0.1320204221269448,0.09609055129014785,0.008718703844000671,0.09885980131713804,0.05744046155082972,1.1826342784084834e-05,5,148,0.030407869995461995,0.171380449314247,True,False,False,4.083202778498184e-05,COMPLETE
198,0.36469856500625614,2025-04-23 10:33:15.317242,2025-04-23 10:33:22.011876,0 days 00:00:06.694634,0.36567333143695346,0.836552125082905,16,0.1848950779835721,0.12616735390223321,0.09294680133726439,0.01416027481442149,0.0901472704786072,0.05907711139532918,1.9462813087251148e-05,6,144,0.030847911851219253,0.15762757917994497,False,False,False,1.281568502479239e-06,COMPLETE
199,0.4979070901870728,2025-04-23 10:33:22.075628,2025-04-23 10:33:28.869203,0 days 00:00:06.793575,0.4860665129138207,0.8046426853202556,16,0.16836529037532552,0.16430311471287365,0.09479433734385767,0.017110961651111724,0.09954377531801947,0.05313184444796096,1.4935792702349904e-05,6,141,0.02838056306580717,0.16606028389552774,True,False,False,1.3357838657127732e-05,COMPLETE
200,0.29631375670433047,2025-04-23 10:33:28.934235,2025-04-23 10:33:35.302823,0 days 00:00:06.368588,0.45824299808010194,0.7961239409924784,16,0.16212639417854613,0.133351137120306,0.09003592717244562,0.012803266498526159,0.0903611367744178,0.05383789949817674,1.639485419114093e-05,6,144,0.025286715898648848,0.15633167574596846,True,True,False,1.365081176086825e-05,COMPLETE
201,0.4944038510322571,2025-04-23 10:33:35.366742,2025-04-23 10:33:42.159098,0 days 00:00:06.792356,0.4100261755007326,0.7703872842937145,16,0.16960722981315635,0.1680532774809561,0.09693839945258269,0.010835170865406097,0.09937683299317504,0.05574157978724401,1.3988842019746732e-05,6,140,0.028726743212020567,0.1669131477233935,True,False,False,9.752770890816523e-06,COMPLETE
202,0.48862593770027163,2025-04-23 10:33:42.223753,2025-04-23 10:33:48.924046,0 days 00:00:06.700293,0.5244239282072098,0.806755886160045,16,0.1681006253652208,0.1632470822391889,0.09494200307379193,0.0105836438095923,0.09818446637658956,0.05221664298060205,1.1569032465272296e-05,5,147,0.02832518953957428,0.16738988952045622,True,False,False,1.8577718466605273e-05,COMPLETE
203,0.4639849245548249,2025-04-23 10:33:48.990295,2025-04-23 10:33:58.212936,0 days 00:00:09.222641,0.4845761069424723,0.7731324464536464,16,0.16056555864577202,0.1565904918615988,0.09713407450837354,0.014638997963742377,0.09944559225284876,0.05618056120458145,1.0019332178026659e-05,28,141,0.03134290807259456,0.17348301177092598,True,False,False,6.5071398146636305e-06,COMPLETE
204,0.49533797502517707,2025-04-23 10:33:58.277379,2025-04-23 10:34:05.090417,0 days 00:00:06.813038,0.40885316241195263,0.7712282249090455,16,0.16954625206139226,0.1494417933437089,0.09211538355238243,0.008797197652833651,0.09725062955608735,0.05840098071009964,1.4038965155659448e-05,6,141,0.023537670730010247,0.15318622275602817,True,False,False,1.5269682389355798e-06,COMPLETE
205,0.4905537009239197,2025-04-23 10:34:05.166490,2025-04-23 10:34:11.977446,0 days 00:00:06.810956,0.4122050207252965,0.7739018348227404,16,0.17157823464328123,0.1488223151425143,0.09180666554565023,0.007730962520086751,0.09990876934305386,0.05844938127321752,1.546042253731474e-05,6,131,0.027343000032381524,0.1469040128477567,True,False,False,1.398335940559846e-06,COMPLETE
206,0.4944531559944153,2025-04-23 10:34:12.046111,2025-04-23 10:34:18.724332,0 days 00:00:06.678221,0.47242755857112645,0.34136390736245864,16,0.16627902335656813,0.17058077759366386,0.0941430039027811,0.011823913003658745,0.0966792002186047,0.05248745310825779,1.902602189241747e-05,5,138,0.028721090648178786,0.16451130960676172,True,False,False,1.6986201319042574e-06,COMPLETE
207,0.4879153966903687,2025-04-23 10:34:18.790348,2025-04-23 10:34:25.480623,0 days 00:00:06.690275,0.4906440365121913,0.32313777693676277,16,0.15867680597590825,0.17970790129726574,0.09349794262287961,0.0036310148752148287,0.09693504403474665,0.05222002322317008,2.2641742001862573e-05,5,141,0.03159126353567836,0.1541658383770333,True,False,False,1.742282747345899e-06,COMPLETE
208,0.4853747367858887,2025-04-23 10:34:25.546772,2025-04-23 10:34:32.285645,0 days 00:00:06.738873,0.48741192642893555,0.40073934915459986,16,0.16821198720098107,0.16588182440228183,0.08868305788731319,0.011596983364175808,0.09797300190339796,0.05589347436730724,1.7131611121080033e-05,5,138,0.029156604795973012,0.14090024955452052,True,False,False,2.3243731382105166e-05,COMPLETE
209,0.29685659408569337,2025-04-23 10:34:32.351786,2025-04-23 10:34:38.838711,0 days 00:00:06.486925,0.42149959055143293,0.7934918877583382,16,0.16532726672396644,0.11135624067471248,0.09481464900493565,0.016684473045254007,0.09282616979090477,0.0537465635877246,1.895759378682092e-05,6,142,0.06458842794764123,0.174514018176117,True,False,True,1.04134807797293e-06,COMPLETE
210,0.4916506409645081,2025-04-23 10:34:38.906932,2025-04-23 10:34:45.592804,0 days 00:00:06.685872,0.43044606369615057,0.7584089250638321,16,0.17202417751225652,0.1713033138795278,0.0928199218431528,0.008572985621100144,0.09722119611369627,0.056197042528511834,2.5248841657903097e-05,5,149,0.02476043807103206,0.16723058077421435,True,False,False,3.60215605071643e-06,COMPLETE
211,0.4967552661895752,2025-04-23 10:34:45.660390,2025-04-23 10:34:52.473658,0 days 00:00:06.813268,0.4732942466744586,0.8138294316829683,16,0.17805288749525183,0.1397879271741201,0.096053615309742,0.013283064497759584,0.09345269460397142,0.0596009440024514,1.3386347886049847e-05,6,138,0.025973681017679245,0.16074703597969076,True,False,False,2.0820598949086333e-06,COMPLETE
212,0.497158420085907,2025-04-23 10:34:52.540987,2025-04-23 10:34:59.441292,0 days 00:00:06.900305,0.4675486839936744,0.3509355813316957,16,0.17853835199224485,0.14046938479020218,0.09532123098131505,0.012593632626871163,0.09376430965332867,0.05030423860806616,1.4023912106577412e-05,6,139,0.02799381501816233,0.16012597007362533,True,False,False,1.5462004399904692e-06,COMPLETE
213,0.4913643717765809,2025-04-23 10:34:59.518171,2025-04-23 10:35:06.377872,0 days 00:00:06.859701,0.461181396748146,0.38667352850122544,16,0.1754306388063397,0.13781260991625513,0.09615175828834642,0.010975094356734834,0.09982182437567783,0.05121979506456219,1.4802097442216895e-05,6,133,0.029065361745074632,0.16036564786234656,True,False,False,2.2263873816142474e-06,COMPLETE
214,0.487154757976532,2025-04-23 10:35:06.446005,2025-04-23 10:35:13.258312,0 days 00:00:06.812307,0.469581807641052,0.28265267748487066,16,0.16131207591008961,0.15678174946337092,0.0961799756808972,0.01563418049310966,0.09379559916577794,0.05834487034910478,1.9530082332004957e-05,6,139,0.033126872694215,0.15019250046146623,True,False,False,1.7067939279812318e-06,COMPLETE
215,0.49400159120559695,2025-04-23 10:35:13.326636,2025-04-23 10:35:20.034640,0 days 00:00:06.708004,0.36735069599771497,0.35603663153275017,16,0.17779541372906202,0.14091636889365808,0.09119070917966283,0.006056460915034545,0.09416920010904704,0.04946070325908697,1.4099050557015004e-05,5,130,0.027818962078093916,0.17100120206647568,True,False,False,1.4230684233940684e-06,COMPLETE
216,0.4970504999160767,2025-04-23 10:35:20.104084,2025-04-23 10:35:26.816591,0 days 00:00:06.712507,0.5091752520007589,0.33507709542275166,16,0.17573691821198317,0.1438218426736607,0.09271296913141211,0.02488748646775647,0.09694356373109418,0.04882778581438324,1.5392038719098512e-05,5,131,0.02865282043042544,0.17245471618026642,True,False,False,1.5547021190937967e-06,COMPLETE
217,0.49359308481216435,2025-04-23 10:35:26.886036,2025-04-23 10:35:33.559294,0 days 00:00:06.673258,0.3576686298452417,0.3374918299568726,16,0.17649053251885935,0.1413823488347596,0.09013384663549996,0.018535376398444457,0.09685013273080856,0.050039253049122066,1.6622628121274294e-05,5,131,0.031710400185856746,0.1725838927522406,True,False,False,1.555936943378571e-06,COMPLETE
218,0.4940236687660218,2025-04-23 10:35:33.629948,2025-04-23 10:35:40.339198,0 days 00:00:06.709250,0.5083058441947058,0.33939698524751205,16,0.1678246408897853,0.128524861137913,0.09145617956817656,0.024264454632228892,0.09643874517360712,0.049172841137193155,2.0336707506498808e-05,5,130,0.028078095745357412,0.16580075364139257,True,False,False,1.386187769317716e-06,COMPLETE
219,0.4920996904373169,2025-04-23 10:35:40.411087,2025-04-23 10:35:47.453550,0 days 00:00:07.042463,0.5364007175954794,0.33620053389888294,8,0.15461099219302352,0.12638877324993827,0.09223181568661656,0.021671095073075648,0.09676656188076481,0.04892556537569429,2.3316030770758163e-05,5,58,0.02813213106014908,0.17652618494097472,True,False,False,1.5781768717256583e-06,COMPLETE
220,0.49514206647872927,2025-04-23 10:35:47.533424,2025-04-23 10:35:54.257368,0 days 00:00:06.723944,0.5010982606395535,0.3559338626830705,16,0.16838156457300307,0.11940391235426386,0.08766036374056317,0.019179035066896163,0.0944419411910962,0.04866024269108797,1.9920108300051567e-05,5,131,0.03015252531372822,0.16608595057491668,True,False,False,1.072700185711436e-06,COMPLETE
221,0.4986756443977356,2025-04-23 10:35:54.328660,2025-04-23 10:36:01.018374,0 days 00:00:06.689714,0.5043881261901886,0.3695843280573412,16,0.16787918160952012,0.11685002195825109,0.08823324212402764,0.024781631183081927,0.09379665038035809,0.048186327057894614,2.0499555941666744e-05,5,130,0.030164764770593024,0.16823976223902667,True,False,False,8.995542164847373e-07,COMPLETE
222,0.49684741497039797,2025-04-23 10:36:01.088564,2025-04-23 10:36:07.768244,0 days 00:00:06.679680,0.506642136527808,0.3497923959675928,16,0.16603701585228192,0.11941089592570661,0.08921222999343321,0.02649110145041114,0.09476396310321096,0.047489290413094444,2.0341847191856656e-05,5,129,0.02900553605439939,0.16926126780177866,True,False,False,1.0197290484977814e-06,COMPLETE
223,0.4872644901275635,2025-04-23 10:36:07.841442,2025-04-23 10:36:14.563129,0 days 00:00:06.721687,0.5040400722281403,0.37283490935394575,16,0.16540209034533865,0.09908085762993263,0.08660994536245739,0.024034088588417293,0.09577802857103487,0.048258272859020346,2.707942539596675e-05,5,129,0.034555146514259234,0.16905281811835227,True,False,False,9.409734689441342e-07,COMPLETE
224,0.49053896665573127,2025-04-23 10:36:14.634154,2025-04-23 10:36:21.315312,0 days 00:00:06.681158,0.5105083985063791,0.35224530212285404,16,0.1600462580329182,0.11781215405901113,0.08913430445356015,0.027500320846597988,0.09434082247897292,0.04954760462228086,2.057119738201207e-05,5,131,0.028869747238491957,0.1747597107426697,True,False,False,1.1838444124354808e-06,COMPLETE
225,0.4877636313438416,2025-04-23 10:36:21.387439,2025-04-23 10:36:28.073775,0 days 00:00:06.686336,0.5409336871594248,0.3558038728682443,16,0.16652087843156715,0.13142197698670344,0.09110483610335951,0.02401065029449534,0.0943942340359554,0.05053427483626727,2.4169872362611695e-05,5,129,0.030265412825006596,0.1813040575614448,True,False,False,7.69050065000302e-07,COMPLETE
226,0.4877256989479065,2025-04-23 10:36:28.147227,2025-04-23 10:36:34.863491,0 days 00:00:06.716264,0.5017579878802699,0.301826953623759,16,0.15645966036446027,0.13562978892362035,0.08802126145833115,0.025881062166788118,0.09800845705560039,0.04816286965300323,3.179208454799857e-05,5,134,0.03276218026005383,0.1680535434944922,True,False,False,1.121794806575769e-06,COMPLETE
