number,value,datetime_start,datetime_complete,duration,params_alpha-eval,params_alpha-train,params_batch-size,params_eps-eval,params_eps-train,params_lambda-actions-eval,params_lambda-actions-train,params_lambda-frames-eval,params_lambda-frames-train,params_learning-rate,params_n-epochs,params_n-frames,params_radius-gw,params_rho,params_std-feats,params_ub-actions,params_ub-frames,params_weight-decay,state
784,0.557286810874939,2025-04-04 00:29:33.969125,2025-04-04 00:29:48.526411,0 days 00:00:14.557286,0.10618217438401431,0.5067105679854382,2,0.0083165905621685,0.2527245859117015,0.015264032699521111,0.07539291166477301,0.07009443115638386,0.0806562090050166,0.00020938645973095162,13,135,0.03501578400994795,0.01695806263879221,True,False,False,7.595486352611137e-06,COMPLETE
785,0.5518149852752686,2025-04-04 00:29:48.785492,2025-04-04 00:30:03.361892,0 days 00:00:14.576400,0.11416288858119442,0.5437743743151177,2,0.004387331286272304,0.26140481807030064,0.012817700745269736,0.07559317200488956,0.06916338308340654,0.07668202046908944,0.00021071536000055033,13,128,0.0384777949822513,0.004173345236015147,True,False,False,5.666203309577686e-06,COMPLETE
786,0.29631375670433047,2025-04-04 00:30:03.607672,2025-04-04 00:30:17.487659,0 days 00:00:13.879987,0.16741753580963017,0.5118750899163589,2,0.0003841242844900266,0.26809764681639603,0.015147833976751188,0.07928358684287073,0.0708877023188292,0.08065447169735859,0.00018834396881164435,12,133,0.036210316893480046,0.033649035053944655,True,False,False,6.809638261991903e-06,COMPLETE
787,0.5506820321083069,2025-04-04 00:30:17.749492,2025-04-04 00:30:32.233398,0 days 00:00:14.483906,0.1452859916333962,0.5270849968299776,2,0.007980171472401203,0.2549413514825566,0.06437186824622118,0.0788470071194691,0.06620228707198648,0.0794881338366319,0.00026222451780329403,13,134,0.039235458020940896,0.10517243274061372,True,False,False,7.4672779322936744e-06,COMPLETE
788,0.4815695405006409,2025-04-04 00:30:32.479539,2025-04-04 00:30:45.821571,0 days 00:00:13.342032,0.17588333349376395,0.509294319395468,2,0.26314460484086194,0.26566011943026313,0.01216014863130765,0.0728333732837376,0.06986243327122912,0.07751982139657711,0.00017757420515996552,11,136,0.04497359475567382,0.013350000782325087,True,False,False,5.595807298391569e-06,COMPLETE
789,0.5564077854156494,2025-04-04 00:30:46.075484,2025-04-04 00:31:00.615735,0 days 00:00:14.540251,0.5328963530549427,0.5436366404920461,2,0.010236949032620318,0.2541362765673196,0.01442772126157768,0.07541468440092726,0.07267159810729473,0.07468330190162739,0.00024044826221735982,13,131,0.03582120850654727,0.019447983565139295,True,False,False,7.711297777869304e-06,COMPLETE
790,0.5501692533493042,2025-04-04 00:31:00.874828,2025-04-04 00:31:14.750128,0 days 00:00:13.875300,0.18606729880709588,0.5000541002737385,2,0.011227110441802642,0.25346048583816827,0.019097074592512274,0.08375211360329002,0.07331144501494247,0.08044261273599398,0.00020574751135724541,12,142,0.03727046668444193,0.08582816476193025,True,False,False,9.162513683098494e-06,COMPLETE
791,0.29631375670433047,2025-04-04 00:31:14.996158,2025-04-04 00:31:29.443711,0 days 00:00:14.447553,0.1512633317505246,0.5189611736141215,2,0.00034799302986358513,0.26705833747837354,0.011944433059380272,0.07675780936063484,0.06803917213540349,0.07956752630329571,0.0002970393511588075,13,150,0.03474237757758528,0.027909045848135913,True,False,False,1.0239118769510455e-05,COMPLETE
792,0.29631375670433047,2025-04-04 00:31:29.704547,2025-04-04 00:31:42.643322,0 days 00:00:12.938775,0.17951469152835167,0.5625799856467607,2,0.007560920262825314,0.25978633013289204,0.01697664670993173,0.0724996480540958,0.07085523554780737,0.08122672216614633,0.00016047541560300019,13,138,0.03461377473412971,0.02176100998467323,True,True,False,5.372567931075954e-06,COMPLETE
793,0.5542109847068787,2025-04-04 00:31:42.900869,2025-04-04 00:31:56.894680,0 days 00:00:13.993811,0.11700871251744097,0.49529716361791054,2,0.008633014893445787,0.14188175324925395,0.014311366980018147,0.079782809323633,0.07117554145600595,0.08277103898603891,0.00014836854899509706,12,146,0.03733239568731051,0.008897023964434923,True,False,False,6.039611430620436e-06,COMPLETE
794,0.4032356083393097,2025-04-04 00:31:57.140468,2025-04-04 00:32:12.677353,0 days 00:00:15.536885,0.12269868839100403,0.4912309909479402,2,0.010742421298167135,0.2533989256417914,0.020983199136239805,0.07722346144324402,0.07482003558623122,0.07794864560605914,0.00013559855671658704,18,97,0.03340488215520533,0.10839894346687567,True,False,True,7.921703947671026e-06,COMPLETE
795,0.5552447438240051,2025-04-04 00:32:12.936891,2025-04-04 00:32:26.778746,0 days 00:00:13.841855,0.14068914999823087,0.5306512488510068,2,0.005718830252399047,0.26262348521580287,0.011278035649805038,0.07217320454571506,0.0689069539493573,0.07280873550245963,0.00018309632061699419,12,135,0.04084826554949873,0.06295995321759872,True,False,False,1.1034221776518147e-05,COMPLETE
796,0.29631375670433047,2025-04-04 00:32:27.039583,2025-04-04 00:32:41.639794,0 days 00:00:14.600211,0.15676141172662983,0.5111583522081362,2,0.00032357754658110874,0.10487869972255683,0.01774171904443269,0.07436543568903299,0.07223569943903631,0.08268150923245436,0.0001517706596728199,13,141,0.03575776763747284,0.09429052608073032,True,False,False,7.311996506073261e-06,COMPLETE
797,0.37869278788566596,2025-04-04 00:32:41.887283,2025-04-04 00:32:57.242092,0 days 00:00:15.354809,0.16789615482899733,0.4813622854369151,2,0.012024520044674634,0.25059576770582503,0.08294194675021219,0.08177031673777417,0.0752963382938114,0.07999997527306418,0.00013617842258438224,14,6,0.03300930797100064,0.04431324002057825,True,False,False,1.0859071649259622e-05,COMPLETE
798,0.42037163376808173,2025-04-04 00:32:57.506939,2025-04-04 00:33:10.831632,0 days 00:00:13.324693,0.5785714436659366,0.498622814772133,2,0.011247034899957993,0.26944334735633313,0.015415468170015087,0.07795320502747398,0.06729131696553825,0.07690562668594203,0.00017407855620482336,11,138,0.056866873273977686,0.05752804100181734,True,False,False,8.060137087835542e-06,COMPLETE
799,0.3661601006984711,2025-04-04 00:33:11.094446,2025-04-04 00:33:26.078688,0 days 00:00:14.984242,0.607603584015649,0.4704137807088685,2,0.006662479837989016,0.25937714795807687,0.013339731000909124,0.08033544189003375,0.07331739541052285,0.08256487196522089,0.00021815934775857798,14,123,0.03832853368846186,0.1196762191017788,False,False,False,1.1292430256938685e-05,COMPLETE
800,0.5419422149658203,2025-04-04 00:33:26.329231,2025-04-04 00:33:34.378675,0 days 00:00:08.049444,0.18828579970510953,0.4848327989432408,8,0.012623104431973092,0.2511316842277664,0.019188524090020913,0.07692702097336113,0.0705697781950965,0.08059220053576167,0.00012918905964968508,13,144,0.0346468360299608,0.09947638479071266,True,False,False,4.877494588856996e-06,COMPLETE
801,0.5457522511482239,2025-04-04 00:33:34.639975,2025-04-04 00:33:51.579402,0 days 00:00:16.939427,0.5361356149563544,0.5431913389748448,2,0.013103380956619441,0.03942136651101651,0.01565749272853364,0.07071929010182888,0.06514778979013305,0.07869235225757701,0.00014052918852810344,17,141,0.03192536819538892,0.03977670780458009,True,False,False,6.431136295330708e-06,COMPLETE
802,0.5573341131210328,2025-04-04 00:33:51.844543,2025-04-04 00:34:05.636213,0 days 00:00:13.791670,0.1377262401881316,0.5070866570078253,2,0.0056882287113748375,0.256469036721755,0.01087647446165833,0.07987605264534092,0.07645456684003235,0.031148795344353518,0.00017744463677495917,12,148,0.036254437659367054,0.0487355654264699,True,False,False,8.742932526297454e-06,COMPLETE
803,0.5505736589431763,2025-04-04 00:34:05.886911,2025-04-04 00:34:19.930331,0 days 00:00:14.043420,0.1458056337176285,0.5577917607207331,2,0.005908653965591605,0.259054317218326,0.013657080001721975,0.08049552881043365,0.07655120627773203,0.034949423124312234,0.0002295157653494903,12,150,0.03714516137425502,0.10570475231210193,True,False,False,8.125934345811795e-06,COMPLETE
804,0.5579166531562805,2025-04-04 00:34:20.193824,2025-04-04 00:34:33.606484,0 days 00:00:13.412660,0.10121695119319035,0.5207270682554185,2,0.00518432988516943,0.26664731121067897,0.01733272353237984,0.08476645960746612,0.07511075884993657,0.08099719400893224,0.00020091241979343938,11,150,0.03317199928964518,0.03216755941428066,True,False,False,8.976712220021822e-06,COMPLETE
805,0.2817654013633728,2025-04-04 00:34:33.856513,2025-04-04 00:34:47.152460,0 days 00:00:13.295947,0.09132893139608056,0.5136560789743285,2,0.0044627480227235,0.264747985796017,0.021043931359655998,0.07905094385270801,0.07433515506276461,0.0764815157981775,0.0002961936227423953,11,150,0.06801576084021646,0.03228904256212038,True,False,False,9.425889602129732e-06,COMPLETE
806,0.30340560078620915,2025-04-04 00:34:47.415972,2025-04-04 00:34:54.096870,0 days 00:00:06.680898,0.10849039409946401,0.5382010487855029,16,0.0006176118802644313,0.26874458439436705,0.017689933843600545,0.08396927172741758,0.0730302654887532,0.031079583530940924,0.0002675831120393584,10,149,0.03153728893199693,0.038213354771039654,True,False,False,6.772885769885007e-06,COMPLETE
807,0.5558291554450989,2025-04-04 00:34:54.359433,2025-04-04 00:35:06.323087,0 days 00:00:11.963654,0.1055961107627898,0.5323759816229117,2,0.005201781579045917,0.27105737034997546,0.01879745691284841,0.07354847849019376,0.07530578235025469,0.039350551773826875,0.00021612096969769333,9,149,0.028790448447950548,0.024379757866373322,True,False,False,5.049187733797485e-06,COMPLETE
808,0.5570312857627868,2025-04-04 00:35:06.574868,2025-04-04 00:35:19.945525,0 days 00:00:13.370657,0.1285893461064303,0.5561627291930766,2,0.005165900549499027,0.2636559249771946,0.05810885145066264,0.07610145592558909,0.07667730556415892,0.027107365720703124,0.00023916602709148272,11,148,0.033149964476404906,0.02759682539909277,True,False,False,8.361181833821995e-06,COMPLETE
809,0.5559117674827576,2025-04-04 00:35:20.208119,2025-04-04 00:35:32.945863,0 days 00:00:12.737744,0.1250428607130321,0.5796303741165219,2,0.004868471340896803,0.266714374753509,0.022538974009863696,0.08559920889278529,0.07221502117588523,0.0785883503408047,0.00018920452242535422,10,148,0.030589242789118676,0.04346989143701867,True,False,False,6.575432352840826e-06,COMPLETE
810,0.5543413639068604,2025-04-04 00:35:33.213068,2025-04-04 00:35:46.686279,0 days 00:00:13.473211,0.13817546348984525,0.525914351199461,2,0.008376058742340693,0.2574374337391955,0.019798812624171908,0.08591186325421046,0.0739152910516561,0.07531206103091037,0.0002894318591172069,11,147,0.03346941716713682,0.051089030529640596,True,False,False,9.415758337019247e-06,COMPLETE
811,0.29631375670433047,2025-04-04 00:35:46.943903,2025-04-04 00:35:58.228195,0 days 00:00:11.284292,0.09415329739291078,0.5136414882347813,2,0.009947046919888998,0.2701246299449645,0.01746840259291093,0.08175583172094016,0.07541282583025213,0.08082128739469245,0.00021474279213097542,10,148,0.027284134070865003,0.05007382797371322,True,True,False,5.734000474686444e-06,COMPLETE
812,0.29631375670433047,2025-04-04 00:35:58.491581,2025-04-04 00:36:11.883480,0 days 00:00:13.391899,0.09816334639861075,0.5303562295278353,2,0.0008399062985690363,0.2617798886067193,0.016161623022306157,0.08399274228114353,0.07094510351363448,0.05649863022768248,0.0001835036531386469,11,147,0.031352951529841314,0.05495837766134022,True,False,False,1.0101048522652825e-05,COMPLETE
813,0.3007108271121979,2025-04-04 00:36:12.156081,2025-04-04 00:36:25.473406,0 days 00:00:13.317325,0.151902039267931,0.5660485866258179,2,0.0010170427931517844,0.2574053868861172,0.023661303235567206,0.08911791046465777,0.07749321095406489,0.0797251785817921,0.00038748357709273557,11,146,0.02924529344218724,0.02614169065932951,True,False,False,7.863008245135898e-06,COMPLETE
814,0.47401202917099006,2025-04-04 00:36:25.728421,2025-04-04 00:36:38.286540,0 days 00:00:12.558119,0.10590993599740305,0.5147636824724181,2,0.011159756006545311,0.2558095633694223,0.019475409666590768,0.07964196477888134,0.07446513440130201,0.08170250189669566,0.00025218684832203664,12,150,0.034560147704047306,0.01697614899662988,True,False,True,1.125401223999091e-05,COMPLETE
815,0.29631375670433047,2025-04-04 00:36:38.552373,2025-04-04 00:36:51.742927,0 days 00:00:13.190554,0.14305539534016914,0.5010124134910531,2,0.0005891953813591277,0.26450133929452296,0.016832770426728434,0.0868630739169696,0.07205159805369482,0.07834880884287679,0.00018208712556101254,11,150,0.032467737630228415,0.012235550290899809,True,False,False,7.14164602920513e-06,COMPLETE
816,0.5088007569313049,2025-04-04 00:36:52.006860,2025-04-04 00:37:04.843501,0 days 00:00:12.836641,0.1768408980367176,0.6050825827280726,2,0.20499870440401116,0.2549350508375433,0.021703640251732898,0.08206232691437972,0.07687231952831261,0.08251516080875948,0.00020829134507230302,10,146,0.02427828742541835,0.03710337915473422,True,False,False,5.222081385138943e-06,COMPLETE
817,0.5601313710212708,2025-04-04 00:37:05.098286,2025-04-04 00:37:19.057523,0 days 00:00:13.959237,0.11837841449177143,0.14769526724218127,2,0.008585220293585428,0.269010636985413,0.014691150826246367,0.07801994455925666,0.06988414585088218,0.08008250638698237,0.0001606238894121508,12,150,0.03626251331947705,0.029346775081572365,True,False,False,1.0009440136674438e-05,COMPLETE
818,0.5522946953773499,2025-04-04 00:37:19.325733,2025-04-04 00:37:33.267873,0 days 00:00:13.942140,0.10821292963351584,0.5475163539354708,2,0.007223992757544275,0.2728712573535115,0.015337573755100711,0.07828213498700165,0.0690484487222557,0.07649902657323877,0.0002060919933606626,12,150,0.03977379195438173,0.010126698035966032,True,False,False,1.0553198381848743e-05,COMPLETE
819,0.35453312993049624,2025-04-04 00:37:33.535574,2025-04-04 00:37:46.632326,0 days 00:00:13.096752,0.13593370872924476,0.5293397935261724,2,0.005922961466826102,0.26838037254309044,0.018009800788445694,0.07537520296328554,0.06627993104438608,0.07486238415463482,0.000182406262356999,11,148,0.03821873730074015,0.04479060548472649,False,False,False,8.653183261455073e-06,COMPLETE
820,0.5533147692680359,2025-04-04 00:37:46.888886,2025-04-04 00:38:00.085247,0 days 00:00:13.196361,0.12007087681889973,0.2166520760347756,2,0.010757778585107507,0.27067590126669494,0.015527293091180039,0.08121600454388919,0.06852050362009478,0.07772283152342042,0.00031684135390426017,11,148,0.0413917955024024,0.03019664629014675,True,False,False,6.680297882429902e-06,COMPLETE
821,0.29631375670433047,2025-04-04 00:38:00.349868,2025-04-04 00:38:21.812765,0 days 00:00:21.462897,0.08506804754252226,0.1367691125559665,2,0.00038210461621330204,0.27256752222104974,0.02037367089096295,0.07529020876334738,0.06970859691539535,0.04573597582009143,0.00024186864156176352,24,148,0.0359564628817952,0.016921770559883777,True,False,False,8.872892495258136e-06,COMPLETE
822,0.5601313710212708,2025-04-04 00:38:22.080241,2025-04-04 00:38:36.080467,0 days 00:00:14.000226,0.119122953382183,0.1157408220470777,2,0.013837259640887325,0.26263595963277975,0.01767727371016059,0.07713496084841391,0.06732941647979421,0.07971236290345801,0.00016741946810884745,12,146,0.036747505155053796,0.021399522886843537,True,False,False,1.2041051846562993e-05,COMPLETE
823,0.5390536069869996,2025-04-04 00:38:36.352230,2025-04-04 00:38:43.866971,0 days 00:00:07.514741,0.1252937411099657,0.10866074077970038,8,0.007435855362196088,0.26529123744215277,0.018519872776756378,0.07751557863456465,0.06531019558935623,0.07832773534317229,0.00017178008523786092,10,150,0.04100546815751399,0.023413717752778604,True,False,False,1.1087090135955104e-05,COMPLETE
824,0.5371082782745362,2025-04-04 00:38:44.126091,2025-04-04 00:38:58.205675,0 days 00:00:14.079584,0.1053406559375053,0.07530132712889043,2,0.012983524728103633,0.27190170358468657,0.022197598554097225,0.07839301974893048,0.06695915702229654,0.029527169820544243,0.00022468074054677334,12,146,0.03910082030249354,0.01779488821882739,True,False,False,1.1631844847931805e-05,COMPLETE
825,0.5505878925323486,2025-04-04 00:38:58.474758,2025-04-04 00:39:11.946668,0 days 00:00:13.471910,0.15408970740713052,0.10042495132724225,2,0.00782549781241542,0.2645144947794131,0.01997368767581005,0.08070522293558632,0.06963130874352443,0.07967872144776167,0.00016527251933491172,11,150,0.03845244205343678,0.029033402574723158,True,False,False,8.655769684301555e-06,COMPLETE
826,0.5567747116088868,2025-04-04 00:39:12.225246,2025-04-04 00:39:26.200292,0 days 00:00:13.975046,0.11323942541284525,0.0992834760712643,2,0.013326516900637788,0.2614082633760127,0.017546255826200223,0.07613601142327901,0.07022521405570908,0.07352564320073166,0.00019980613918198917,12,150,0.03648887033050956,0.019687416521079998,True,False,False,1.1702989644082508e-05,COMPLETE
827,0.29631375670433047,2025-04-04 00:39:26.457441,2025-04-04 00:39:40.373197,0 days 00:00:13.915756,0.13704922707928036,0.12686363994068245,2,0.0008758067523272853,0.2689845600428306,0.024487640368897598,0.08415680883711377,0.06607364011967679,0.0804352621199214,0.0001720326464665461,12,147,0.04230448266965911,0.03360078854017184,True,False,False,7.150931625369062e-06,COMPLETE
828,0.5579045295715332,2025-04-04 00:39:40.642802,2025-04-04 00:39:54.161461,0 days 00:00:13.518659,0.11599256883415243,0.14331949582408343,2,0.006465446830173046,0.2616642488918092,0.016940195236385288,0.07994271536574299,0.0708212693090302,0.07697173982605231,0.00016256723822798255,11,150,0.03699079356509926,0.02089283844956294,True,False,False,9.228704297807975e-06,COMPLETE
829,0.5572955131530761,2025-04-04 00:39:54.432702,2025-04-04 00:40:07.081684,0 days 00:00:12.648982,0.0851224157758568,0.16898004717906845,2,0.006884965998565342,0.2705452817099279,0.019990594738035963,0.08017151147158388,0.06764240109334199,0.07551257766315828,0.00026400640459492446,10,150,0.040683475842962294,0.024139784485759232,True,False,False,9.009734531807111e-06,COMPLETE
830,0.29631375670433047,2025-04-04 00:40:07.338933,2025-04-04 00:40:19.985303,0 days 00:00:12.646370,0.09183646684231209,0.15993468389673737,2,0.0005049606624583473,0.27617164934599586,0.02238565189213357,0.07861662946255833,0.06648925411221153,0.07541657030163357,0.0003535401594388354,10,150,0.04583267241133174,0.021103357192381027,True,False,False,6.3356689756449825e-06,COMPLETE
831,0.5596900343894959,2025-04-04 00:40:20.257305,2025-04-04 00:40:32.283255,0 days 00:00:12.025950,0.07550394458506206,0.15220480833113442,2,0.005722611117874942,0.27937087001711086,0.02122569458455746,0.08308586289075943,0.06811900322485263,0.07190255048358454,0.00023546007532798525,9,149,0.039889672819807494,0.014756373945058856,True,False,False,8.826126786777525e-06,COMPLETE
832,0.5505228757858276,2025-04-04 00:40:32.557620,2025-04-04 00:40:39.071297,0 days 00:00:06.513677,0.07366041796263625,0.16031488329507132,16,0.0064422998096263055,0.28388658277444867,0.023450915700678643,0.08372300721794813,0.06450847661650064,0.07305537031742623,0.0003310779002711988,8,149,0.04291797051818949,0.01641356192003592,True,False,False,8.194881907252206e-06,COMPLETE
833,0.29631375670433047,2025-04-04 00:40:39.328256,2025-04-04 00:40:50.189547,0 days 00:00:10.861291,0.0819935106682359,0.15362578901811189,2,0.004310244070232203,0.27624074569142554,0.025503604058600943,0.08173073668501263,0.0684040428556651,0.07231948695924162,0.0002771197186008961,9,150,0.04315999342655982,0.00430132689855354,True,True,False,5.188740894577012e-06,COMPLETE
834,0.5415205121040345,2025-04-04 00:40:50.463216,2025-04-04 00:41:03.880850,0 days 00:00:13.417634,0.101478238974959,0.11232198917861608,2,0.005373177838926105,0.2787597385252547,0.02105931585668389,0.08022329470874281,0.06732665090737501,0.07432093419708083,0.00027004629718476114,11,150,0.03967862392819708,0.008538936114961508,True,False,False,7.665347103707302e-06,COMPLETE
835,0.35189419984817505,2025-04-04 00:41:04.154925,2025-04-04 00:41:14.564865,0 days 00:00:10.409940,0.10832008381068242,0.13170815010196713,2,0.005405552571199799,0.2750568862302915,0.02127109043398011,0.08273572181895587,0.06566441000507012,0.07392467455937976,0.00023898040308129322,8,150,0.04064995059911602,0.024882016929034318,True,False,True,6.075453024205245e-06,COMPLETE
836,0.29631375670433047,2025-04-04 00:41:14.826029,2025-04-04 00:41:27.457066,0 days 00:00:12.631037,0.08362065070346322,0.1947149893741384,2,0.0003446394831553316,0.27318826133280855,0.022870638094100865,0.0844798798364185,0.06389644196035335,0.06985253145001478,0.000251599380296803,10,147,0.04261982622101572,0.01446833648748173,True,False,False,9.17512595269232e-06,COMPLETE
837,0.29631375670433047,2025-04-04 00:41:27.725477,2025-04-04 00:41:39.717390,0 days 00:00:11.991913,0.11987076250563208,0.12435625882941342,2,0.00014179788150093034,0.27042140641584056,0.019420938860528255,0.08798445929152307,0.06824158130190562,0.07608357757814713,0.00025061917426703266,9,148,0.04367647229995179,0.029611724238003505,True,False,False,0.0002651697275601292,COMPLETE
838,0.5552974343299866,2025-04-04 00:41:39.992219,2025-04-04 00:41:52.710108,0 days 00:00:12.717889,0.09925704978465712,0.1875287838995376,2,0.007042340640496084,0.2794031648312405,0.027299159320513872,0.08099857240307101,0.07155016370224972,0.07078359403162206,0.00019994739075827552,10,150,0.03977245260580899,0.022076180460041228,True,False,False,7.315116418034408e-06,COMPLETE
839,0.5489710688591004,2025-04-04 00:41:52.971700,2025-04-04 00:42:05.032849,0 days 00:00:12.061149,0.12604482116159144,0.14494363403456306,2,0.008846942411897714,0.271352588550607,0.020811476502884008,0.08546813352121194,0.06811798168626651,0.07626620449968725,0.00039544642248565923,9,147,0.04074918052650382,0.010128362549247052,True,False,False,9.962972870642293e-06,COMPLETE
