number,value,datetime_start,datetime_complete,duration,params_alpha-eval,params_alpha-train,params_batch-size,params_eps-eval,params_eps-train,params_lambda-actions-eval,params_lambda-actions-train,params_lambda-frames-eval,params_lambda-frames-train,params_learning-rate,params_n-epochs,params_n-frames,params_radius-gw,params_rho,params_std-feats,params_ub-actions,params_ub-frames,params_weight-decay,state
1176,0.5523026585578918,2025-04-04 01:27:03.646113,2025-04-04 01:27:10.612656,0 days 00:00:06.966543,0.035939421499204594,0.25111834766499735,8,0.014432483427610554,0.2937332363481702,0.06799094823971683,0.09987508890929504,0.05560883917929216,0.026150544648019847,0.0010313148562805018,7,150,0.03838987777433362,0.012744041473385485,True,False,False,0.00022766656257832592,COMPLETE
1177,0.5584497809410096,2025-04-04 01:27:10.989674,2025-04-04 01:27:17.569344,0 days 00:00:06.579670,0.04306896053295632,0.22296587282588337,8,0.017382847970992422,0.29988755084103835,0.07047423957536901,0.09602165598367687,0.05165274589702598,0.02956999257758998,0.000723321248315098,5,147,0.03710438004440608,0.020582048505395405,True,False,False,0.0006414085912737439,COMPLETE
1178,0.5583096623420716,2025-04-04 01:27:17.948491,2025-04-04 01:27:24.731885,0 days 00:00:06.783394,0.04353622657555537,0.24070497958593357,8,0.022505315568411666,0.2807811365279265,0.0640569612202635,0.09380354072307573,0.05357375310578978,0.03059440281631795,0.0004643192784686663,6,150,0.037018154631770966,0.0063101189094860125,True,False,False,0.0005049997109633339,COMPLETE
1179,0.5601679563522339,2025-04-04 01:27:25.110089,2025-04-04 01:27:32.107201,0 days 00:00:06.997112,0.031028334440821936,0.21498212260750724,8,0.013540913500349853,0.28799358756701,0.07221088562090694,0.0922647657995527,0.05745514077564716,0.02950007188381832,0.0005701927545757144,7,147,0.0427448557467759,0.015655203353943575,True,False,False,0.0003354198215518147,COMPLETE
1180,0.5555301666259767,2025-04-04 01:27:32.489625,2025-04-04 01:27:39.311244,0 days 00:00:06.821619,0.0497855709715158,0.273397162266938,8,0.015356168107409085,0.2748438242741742,0.05537153292569459,0.09231134705771626,0.05539557730527509,0.025966286256295972,0.0008562202218415604,6,147,0.03646013207271033,0.010856837382060466,True,False,False,0.0002598227124392154,COMPLETE
1181,0.5033417463302613,2025-04-04 01:27:39.689996,2025-04-04 01:27:46.334706,0 days 00:00:06.644710,0.010763411100785408,0.2574629174871118,8,0.1020934025031207,0.28302045724497404,0.0655514649447224,0.09487469664182395,0.0581297286760565,0.031902488412175425,0.0006706552819532649,5,117,0.04069124501439342,0.0010018166771470095,True,False,False,0.00014950910263399013,COMPLETE
1182,0.5563749194145202,2025-04-04 01:27:46.712486,2025-04-04 01:27:53.683628,0 days 00:00:06.971142,0.047341579255913965,0.22207649870592872,8,0.023329333716165947,0.29218488245168206,0.05870352758968525,0.09135065318153601,0.05346155200464271,0.029141466478637103,0.0005184637594159944,7,150,0.03834626998205479,0.023856600405112137,True,False,False,0.0008301870018805475,COMPLETE
1183,0.5434086084365846,2025-04-04 01:27:54.063090,2025-04-04 01:28:00.898876,0 days 00:00:06.835786,0.027204593539787686,0.1975418947999169,8,0.014411385468587801,0.28899729522903284,0.07446435617988174,0.09327801568488372,0.05888364957417313,0.03338548434533397,0.0011773309641645228,6,147,0.036339474432521834,0.015922611968867868,True,False,False,0.00019469749744972442,COMPLETE
1184,0.29631375670433047,2025-04-04 01:28:01.277675,2025-04-04 01:28:07.471402,0 days 00:00:06.193727,0.049454757315754286,0.2319723419132284,8,0.01861643776906763,0.28213407106459354,0.05792046399982039,0.09058351036084422,0.05642652165260453,0.02720814230111548,0.0003952562118699363,5,150,0.04497723963302376,0.006986105983869513,True,True,False,0.0003859409708945244,COMPLETE
1185,0.3466126382350922,2025-04-04 01:28:07.848160,2025-04-04 01:28:14.406094,0 days 00:00:06.557934,0.02729995579672235,0.21300387124920397,8,0.011582325185279291,0.29384644152961953,0.06711849247965192,0.09857418715635761,0.05991963518126169,0.035209332683866126,0.0007707666637195613,7,147,0.03884997843428462,0.006419525684876748,True,False,True,0.0004931901968436416,COMPLETE
1186,0.5620315194129945,2025-04-04 01:28:14.787875,2025-04-04 01:28:21.552537,0 days 00:00:06.764662,0.055529631844853294,0.2516735322812507,8,0.01268923822837064,0.27496528936670944,0.060859126806632594,0.09469799775381642,0.051765972259429326,0.031784993525657064,0.0006121272309633504,6,147,0.03543947806302616,0.012422533596952558,True,False,False,0.00028975801530874135,COMPLETE
1187,0.5595184922218324,2025-04-04 01:28:21.936780,2025-04-04 01:28:28.715155,0 days 00:00:06.778375,0.06310789082727147,0.26897941538301523,8,0.02472315920954361,0.28613483262118894,0.059824787690891834,0.09642936560372871,0.05328225176397717,0.031103051466294607,0.0004399088227744216,6,147,0.03279234178099709,0.020345472073767322,True,False,False,0.00023210507977134136,COMPLETE
1188,0.561396872997284,2025-04-04 01:28:29.098546,2025-04-04 01:28:35.863546,0 days 00:00:06.765000,0.06132532220541349,0.2929364362639073,8,0.01956181307833612,0.2998765830923636,0.05381179070419276,0.09470499179654235,0.04871702001985979,0.02555669719934687,0.0005647031082529558,6,145,0.03351077185721832,0.014784709402152388,True,False,False,0.00017974138479253296,COMPLETE
1189,0.4004033029079438,2025-04-04 01:28:36.244965,2025-04-04 01:28:42.838113,0 days 00:00:06.593148,0.06423920098898368,0.29931102130117226,8,0.024454263052485735,0.2939025606195072,0.052564297976132726,0.09567072936291336,0.046751842946256575,0.02518433325051698,0.0006241224113956314,5,145,0.0342454516126771,0.026322640228432788,False,False,False,0.00029458433892605375,COMPLETE
1190,0.5555301666259767,2025-04-04 01:28:43.224197,2025-04-04 01:28:50.076887,0 days 00:00:06.852690,0.06843824567523786,0.2929098535264995,8,0.01921024212397196,0.29611922932850687,0.054295442779936774,0.09588528795223747,0.048570405878234336,0.02515204543007051,0.0008252588178495281,6,143,0.035113704512861596,0.01108373969441731,True,False,False,0.00018208956819217384,COMPLETE
1191,0.5379746556282043,2025-04-04 01:28:50.459351,2025-04-04 01:28:57.019702,0 days 00:00:06.560351,0.052037890730276225,0.27880175737891805,8,0.01355244563976269,0.2993555860991145,0.055307525836547584,0.09743396869528126,0.049916021362074896,0.027831996019828054,0.0005461457245466265,5,91,0.032892986456665385,0.006019240895026399,True,False,False,0.00028158498198435134,COMPLETE
1192,0.47907183170318607,2025-04-04 01:28:57.401504,2025-04-04 01:29:04.241645,0 days 00:00:06.840141,0.07281269147199529,0.28610701293369634,8,0.21129708250358523,0.29636057012900174,0.060534638157393676,0.0945374224014292,0.046702407720173,0.025951200740097255,0.001000693047257239,6,145,0.035360585226372726,0.01892596210853183,True,False,False,0.0003148869718246561,COMPLETE
1193,0.5555301666259767,2025-04-04 01:29:04.627989,2025-04-04 01:29:11.428021,0 days 00:00:06.800032,0.045818372760078635,0.25299738709078334,8,0.02175469268984004,0.29963949278986024,0.062403810635736086,0.09991822726062838,0.049040789663043094,0.031190100810241123,0.0007241406909678459,6,145,0.03319832500024531,0.0010512535124430628,True,False,False,0.0001869916565238301,COMPLETE
1194,0.48590214252471925,2025-04-04 01:29:11.814216,2025-04-04 01:29:18.516717,0 days 00:00:06.702501,0.0737685870376973,0.26259921563001365,8,0.16305390623945945,0.29159648822921785,0.06332489809153852,0.09416295178422114,0.05035448786508373,0.03057557500495242,0.0005601342210896159,5,145,0.03614739018756577,0.011047660997450316,True,False,False,0.00035154296598761053,COMPLETE
1195,0.47045677304267886,2025-04-04 01:29:18.902577,2025-04-04 01:29:25.757043,0 days 00:00:06.854466,0.054878743381548425,0.3030316934943795,8,0.26169847943980307,0.29974490017156674,0.06166573529697259,0.09810134074928294,0.04761525461491222,0.027650258618674324,0.0007953572145160629,6,142,0.03416076915313493,0.006295225991457786,True,False,False,0.00014385414978941488,COMPLETE
1196,0.561396872997284,2025-04-04 01:29:26.138596,2025-04-04 01:29:32.733806,0 days 00:00:06.595210,0.0851457022535412,0.2772320853888687,8,0.013582535236520638,0.291070104630219,0.05626542278359062,0.09593612193421122,0.05116925046253159,0.028548721780235625,0.0006270188229600987,5,147,0.03616988608651181,0.016165267674856286,True,False,False,0.0002731801000771405,COMPLETE
1197,0.5548842430114747,2025-04-04 01:29:33.119240,2025-04-04 01:29:39.789753,0 days 00:00:06.670513,0.02917073370335794,0.29761675960979445,8,0.018262574099494187,0.2941404847126192,0.05864327133702777,0.09834215781780614,0.04723489253145492,0.023873069469412613,0.0009622511768262816,5,142,0.03700279588292644,0.01160204530684332,True,False,False,0.0002566413741531916,COMPLETE
1198,0.5597212195396424,2025-04-04 01:29:40.178175,2025-04-04 01:29:46.789094,0 days 00:00:06.610919,0.06011600526754805,0.2862100007760293,8,0.02522180562028525,0.2928829186723625,0.05616941153094704,0.0959143006088899,0.04509685563060057,0.028512309815066323,0.0006938066266148743,5,145,0.036927813758073025,0.005885100342312079,True,False,False,0.0006663648607518899,COMPLETE
1199,0.5595184922218324,2025-04-04 01:29:47.174607,2025-04-04 01:29:53.810937,0 days 00:00:06.636330,0.07837480892418625,0.25928041829888576,8,0.013184825356213242,0.2995900208260793,0.05603741870602927,0.09503722946427727,0.045531439430308504,0.025900774792861646,0.000655242462349651,5,142,0.0361823117270523,0.014836547050693507,True,False,False,0.000204659604022223,COMPLETE
1200,0.5568289756774902,2025-04-04 01:29:54.200938,2025-04-04 01:30:00.837689,0 days 00:00:06.636751,0.04456579160744789,0.27827310546410566,8,0.0170261335445084,0.289508639864838,0.054320268403013704,0.09699334970989124,0.050729808616100304,0.027087814942974818,0.0008894993188172548,5,145,0.03328607128071113,0.001243797023640027,True,False,False,0.0003830901351069782,COMPLETE
1201,0.2905098021030426,2025-04-04 01:30:01.222107,2025-04-04 01:30:07.516603,0 days 00:00:06.294496,0.6842415006660679,0.2989604379215804,8,0.009751210773463272,0.2999947622972412,0.05662668146195919,0.0933119247380038,0.05105545681444295,0.027826880918413316,0.0005127310371317877,5,145,0.03578862057335652,0.024282236932573933,True,True,False,0.0005596230915913607,COMPLETE
1202,0.5562218070030213,2025-04-04 01:30:07.906116,2025-04-04 01:30:14.724418,0 days 00:00:06.818302,0.024523090418502088,0.27337691095189853,8,0.021247151003915794,0.29023995852708784,0.05929949923770423,0.09789538901243723,0.04884952753533404,0.028765435113651504,0.0007565729313731913,6,147,0.03773219214811378,0.012451871054544551,True,False,False,0.0002489194258792273,COMPLETE
1203,0.5620315194129945,2025-04-04 01:30:15.110028,2025-04-04 01:30:21.925340,0 days 00:00:06.815312,0.061596871156616204,0.25699004012775234,8,0.011032638687615524,0.2923013283002954,0.057855319969829545,0.09540342234992616,0.0444550768677655,0.024281929545246488,0.0006576247291671349,6,147,0.03517729172818372,0.006566248771819923,True,False,False,0.0004356429754458495,COMPLETE
1204,0.34811121225357056,2025-04-04 01:30:22.319107,2025-04-04 01:30:28.665350,0 days 00:00:06.346243,0.04087098065498367,0.251254900142294,8,0.02719725579928191,0.29479358053409405,0.05282913401001558,0.09638641231889439,0.04621207253666182,0.028702517952050314,0.0010965049575178284,5,147,0.03790205620424304,0.0010135483667598685,True,False,True,0.0004748222753210139,COMPLETE
1205,0.5350259184837342,2025-04-04 01:30:29.053038,2025-04-04 01:30:35.871506,0 days 00:00:06.818468,0.05799148125873484,0.24748660851933502,8,0.024757708953177443,0.29526182306608695,0.05765461187755769,0.09920322266677553,0.04637423128076133,0.023641763178900627,0.0015480035689676198,6,147,0.03357988011813072,0.018605620434810174,True,False,False,0.0006925704133232888,COMPLETE
1206,0.5583181023597718,2025-04-04 01:30:36.264444,2025-04-04 01:30:42.904875,0 days 00:00:06.640431,0.0258079430669414,0.24143690284331093,8,0.016597506966774506,0.2902642113560123,0.05732410517900314,0.09454823970601674,0.04405400408272298,0.025307503237261546,0.0008296698839449747,5,147,0.036002475343116874,0.011245129313160917,True,False,False,0.000984606996980181,COMPLETE
1207,0.44106907844543464,2025-04-04 01:30:43.292533,2025-04-04 01:30:50.067270,0 days 00:00:06.774737,0.04448346731469418,0.2751431419536867,8,0.019223032902033487,0.2869758010376271,0.054643727801454066,0.09602151799444704,0.04070741081479595,0.02659865978339805,0.0012538482793454091,6,70,0.03300117630232401,0.016313092273012267,True,False,False,0.0005642733950273664,COMPLETE
1208,0.40204235911369324,2025-04-04 01:30:50.455041,2025-04-04 01:30:57.216999,0 days 00:00:06.761958,0.06840015953265687,0.24930300384385715,8,0.1506236448290338,0.2917453090642055,0.06115442556492775,0.09858551023185494,0.04894329699125522,0.029378035895124444,0.0006316163529215188,6,142,0.03793709698819238,0.007016928573733352,False,False,False,0.00043023712626273544,COMPLETE
1209,0.5561745762825012,2025-04-04 01:30:57.606107,2025-04-04 01:31:04.277474,0 days 00:00:06.671367,0.012356227036893395,0.2379982694599227,8,0.012415148293442367,0.29547018283223675,0.05306103491549717,0.09502632045246856,0.04272113474198706,0.024488011507444226,0.0009844968425161734,5,147,0.03534488259076054,0.024548711507327726,True,False,False,0.00037721184325551995,COMPLETE
1210,0.5579045295715332,2025-04-04 01:31:04.665424,2025-04-04 01:31:11.639493,0 days 00:00:06.974069,0.056675836432916654,0.2609600453592278,8,0.012553991300165506,0.28793271013950844,0.05695233185253957,0.0932699985926575,0.0512392568960739,0.029855518578265433,0.0005078518642931968,7,143,0.0317830708993645,0.006962689477055142,True,False,False,0.0007778559744975088,COMPLETE
1211,0.5550640940666199,2025-04-04 01:31:12.026493,2025-04-04 01:31:18.830863,0 days 00:00:06.804370,0.04164619737302422,0.28056158071733234,8,0.025979333306595312,0.2949383199391445,0.05970865168302791,0.09993881328232809,0.04802479469370532,0.025888066640812647,0.0007426724524341879,6,148,0.03891304359626319,0.014999816687440909,True,False,False,0.000507032822429549,COMPLETE
1212,0.5601313710212708,2025-04-04 01:31:19.217714,2025-04-04 01:31:25.907905,0 days 00:00:06.690191,0.010400235245385168,0.24032126917900046,8,0.018374196155436954,0.28501707177653823,0.06359775093505804,0.09724295547075629,0.050973882035193006,0.023833245982259135,0.000582082304258204,5,145,0.03660546482873308,0.027878953073424133,True,False,False,0.00036183397709326165,COMPLETE
1213,0.5589518070220947,2025-04-04 01:31:26.298852,2025-04-04 01:31:33.272709,0 days 00:00:06.973857,0.07502020742925815,0.3012858985139857,8,0.010439218958391162,0.29417511260576573,0.059841005693988536,0.09437806350815513,0.04500674302747412,0.02677664011091952,0.0004723019750347969,7,148,0.03405590535629439,0.010177202339894692,True,False,False,0.0006142919231259752,COMPLETE
1214,0.549425208568573,2025-04-04 01:31:33.664068,2025-04-04 01:31:40.432172,0 days 00:00:06.768104,0.06183239591369374,0.26321823433587593,8,0.01565498289764419,0.29999711138371826,0.05839701294788321,0.09298080214428632,0.043012590736511674,0.03144396243161701,0.0008532081245470385,6,142,0.04024079838214102,0.01978049357847163,True,False,False,0.00044128772599400813,COMPLETE
1215,0.4629645347595215,2025-04-04 01:31:40.819611,2025-04-04 01:31:47.797679,0 days 00:00:06.978068,0.03706523679160559,0.23168103678206137,8,0.022018852121459747,0.29977583120367857,0.06557919218593346,0.0969662796149458,0.051710102322563664,0.024353257530155364,0.09712467881516701,7,148,0.035630707579566274,0.00500713795930781,True,False,False,0.00033355512359660097,COMPLETE
1216,0.5607603549957275,2025-04-04 01:31:48.190904,2025-04-04 01:31:54.846948,0 days 00:00:06.656044,0.08498128400696,0.25254049890377966,8,0.010855471284444005,0.28540789575728437,0.05271717268550262,0.09249053713763229,0.04922458046442927,0.04807219020106666,0.0006868398074568829,5,145,0.03187541736580983,0.013176323542372187,True,False,False,0.00023814981437638187,COMPLETE
1217,0.4251278281211853,2025-04-04 01:31:55.231751,2025-04-04 01:32:01.949034,0 days 00:00:06.717283,0.04426510710480035,0.23653460277465313,8,0.010132487663589948,0.28934648880119523,0.05476629851076979,0.095994110624059,0.039479670952704785,0.03383130875135998,0.0005857774003781658,6,49,0.03777018031603465,0.020788428483537232,True,False,False,0.00044181505450709396,COMPLETE
1218,0.5574710607528687,2025-04-04 01:32:02.339263,2025-04-04 01:32:09.149049,0 days 00:00:06.809786,0.026314705135459852,0.26708247076375996,8,0.01736712430662656,0.29997960102839866,0.057258699862069294,0.09397196325943813,0.044920727148086606,0.023405891938403933,0.0007656910393091234,6,150,0.03414724850750541,0.006691876953209953,True,False,False,0.00029872060531248225,COMPLETE
1219,0.5576929569244384,2025-04-04 01:32:09.540634,2025-04-04 01:32:16.545704,0 days 00:00:07.005070,0.06437563796582346,0.22962071654330507,8,0.0260025842927307,0.291017142479283,0.07015217372177422,0.0955686679485297,0.041350834449915434,0.032812573816491386,0.00046143396905666756,7,147,0.037098581635267226,0.01474469591090091,True,False,False,0.0005695009390404531,COMPLETE
1220,0.29631375670433047,2025-04-04 01:32:16.934863,2025-04-04 01:32:23.188133,0 days 00:00:06.253270,0.086333225920745,0.3095077199326426,8,0.009418674113557117,0.2858381059298213,0.05582628835543911,0.09246254861361047,0.05200572206318603,0.029146857553813934,0.0009256945423542016,5,143,0.03258623688555597,0.005449133605098393,True,True,False,0.00016029935564126145,COMPLETE
1221,0.5607603549957275,2025-04-04 01:32:23.577720,2025-04-04 01:32:30.470521,0 days 00:00:06.892801,0.05531152822202803,0.22646192720264852,8,0.015763108484223683,0.2936081442015453,0.05139716859512051,0.09259255266331608,0.052460803460142244,0.045318392450927274,0.0006981215188864879,6,148,0.035286346057010254,0.0011160108611673056,True,False,False,0.0003605836698247709,COMPLETE
1222,0.5236541390419007,2025-04-04 01:32:30.864216,2025-04-04 01:32:37.859672,0 days 00:00:06.995456,0.7970479973928195,0.2540543084994824,8,0.02167807283927326,0.2837018268290739,0.07251551680410306,0.09430635069857964,0.04807289085899292,0.026623049052586178,0.0005223935296338601,7,145,0.04150830702217288,0.012071666596910455,True,False,False,0.00025719337598409766,COMPLETE
1223,0.3536375105381012,2025-04-04 01:32:38.249016,2025-04-04 01:32:44.793730,0 days 00:00:06.544714,0.0733753910775828,0.28072171139421764,8,0.009880634813893265,0.2915808609388866,0.06112883628712972,0.09810994476359511,0.05319401077907153,0.032284813458547924,0.0006182961802861535,6,150,0.03048885400196384,0.001049655445091913,True,False,True,0.0007421016153031138,COMPLETE
1224,0.5499791860580445,2025-04-04 01:32:45.182740,2025-04-04 01:32:51.796054,0 days 00:00:06.613314,0.02824167093538396,0.7179882469580765,8,0.015508233280604022,0.28168306982507785,0.0585305829415142,0.09246276113674586,0.050462969205819906,0.030275989561248003,0.0010196745349741346,5,142,0.03955944807947877,0.027222772118543116,True,False,False,0.00020564179207040523,COMPLETE
1225,0.3617768168449402,2025-04-04 01:32:52.186395,2025-04-04 01:32:59.105127,0 days 00:00:06.918732,0.010606001421639987,0.24049412465298511,8,0.0053252633519500275,0.28735228920731704,0.05368585915527921,0.09506415751821677,0.0531817851081979,0.04707415878110355,0.0008073653413840078,7,59,0.03420189098197752,0.020056584777286765,True,False,False,0.00048626265711171904,COMPLETE
1226,0.35118141770362854,2025-04-04 01:32:59.494201,2025-04-04 01:33:06.222968,0 days 00:00:06.728767,0.9032022072769132,0.22282885718577614,8,0.009560251221853711,0.2932055478891769,0.05592537648062792,0.09148512998404354,0.0544879273526523,0.03476342431043229,0.0005058212489331081,6,43,0.0371488682539079,0.010837120256831936,True,False,False,0.00038251592602330057,COMPLETE
1227,0.39998264908790593,2025-04-04 01:33:06.613490,2025-04-04 01:33:13.248634,0 days 00:00:06.635144,0.04533818795575127,0.2546798655936899,8,0.021589268321520975,0.28461605358332187,0.06142705869238992,0.09658731604103062,0.05120129575911859,0.03331497454337022,0.0006599559893917448,5,147,0.032428385843347785,0.015652115311699452,False,False,False,0.00030814525063675404,COMPLETE
1228,0.5583207845687866,2025-04-04 01:33:13.639840,2025-04-04 01:33:20.618369,0 days 00:00:06.978529,0.07475229098366677,0.28513048443773725,8,0.013594920566028033,0.29478557528704374,0.06812404158436892,0.09150773295267178,0.0535764127888111,0.04444001412966775,0.00041005434344229097,7,150,0.03572373347807545,0.009077161609567572,True,False,False,0.0005395449325934902,COMPLETE
1229,0.5442627787590026,2025-04-04 01:33:21.008358,2025-04-04 01:33:27.749484,0 days 00:00:06.741126,0.09083102556170923,0.21995845663273486,8,0.005587761605315823,0.29978627905503435,0.06914292498987887,0.09387249872716029,0.049383213088997756,0.02959256588454725,0.0013021373465582319,6,145,0.038511181885234086,0.023280979594321363,True,False,False,0.0006557135025123314,COMPLETE
1230,0.5150159120559692,2025-04-04 01:33:28.144038,2025-04-04 01:33:35.020990,0 days 00:00:06.876952,0.05601391279609356,0.954884863056702,8,0.17828051513488016,0.2806043566231935,0.0661793320969668,0.09818865664838677,0.04711894732481645,0.026512870034575975,0.0005910335509054872,6,147,0.03346154646826392,0.0011407646377599515,True,False,False,0.0004177841034202767,COMPLETE
1231,0.29631375670433047,2025-04-04 01:33:35.412075,2025-04-04 01:33:41.975361,0 days 00:00:06.563286,0.03043799309995721,0.6545341100197484,8,0.000273119980222683,0.2893942938203031,0.059671189494752835,0.0907740512249173,0.04434176314758141,0.02831379548904635,0.0008288920621525026,5,142,0.030220006853992214,0.017074860883326895,True,False,False,0.0002649756183093722,COMPLETE
