number,value,datetime_start,datetime_complete,duration,params_alpha-eval,params_alpha-train,params_batch-size,params_eps-eval,params_eps-train,params_lambda-actions-eval,params_lambda-actions-train,params_lambda-frames-eval,params_lambda-frames-train,params_learning-rate,params_n-epochs,params_n-frames,params_radius-gw,params_rho,params_std-feats,params_ub-actions,params_ub-frames,params_weight-decay,state
280,0.4255467414855957,2025-04-03 22:22:47.920726,2025-04-03 22:23:07.616228,0 days 00:00:19.695502,0.2908752320086637,0.31556750630553115,2,0.03751992062645962,0.29115599507530715,0.045864644796264654,0.02102448153966129,0.07179430249616317,0.019589554912075317,2.2937935455910393e-05,21,143,0.012166234546616209,0.2225274681424228,True,False,False,6.681558688842399e-06,COMPLETE
281,0.29631375670433047,2025-04-03 22:23:07.704251,2025-04-03 22:23:24.947407,0 days 00:00:17.243156,0.2750325259048378,0.3190531345749798,2,0.048457952179080443,0.28325055611955746,0.044154829422776126,0.01977649636722494,0.07374232571707792,0.021028899165604797,3.597425721701928e-05,21,141,0.012089457411598743,0.22331734243954612,True,True,False,6.470566643266887e-06,COMPLETE
282,0.5549261927604675,2025-04-03 22:23:25.035638,2025-04-03 22:23:44.646484,0 days 00:00:19.610846,0.36300740871885956,0.3055631793600612,2,0.03227162433294459,0.27332385817759514,0.0499903771091503,0.026905826484109184,0.051555886994201515,0.016626237794584515,4.483193751646768e-05,21,147,0.014104371183511776,0.21540613403246672,True,False,False,3.4720745177333484e-06,COMPLETE
283,0.4055793404579163,2025-04-03 22:23:44.736160,2025-04-03 22:23:52.797246,0 days 00:00:08.061086,0.38626155493527964,0.3080092598509956,16,0.04421419696836835,0.2582436556000071,0.050248772701097885,0.02675612969617184,0.05107323013217361,0.016092578234037837,4.355165102743143e-05,21,148,0.01583619239030345,0.21376973116940143,True,False,False,3.6423532364185887e-06,COMPLETE
284,0.510077691078186,2025-04-03 22:23:52.894465,2025-04-03 22:24:12.566278,0 days 00:00:19.671813,0.3538663389667099,0.3041142732461345,2,0.03211818672860607,0.26832331292688516,0.051309384703550544,0.02494790121216009,0.05241072957946912,0.014402404484701488,5.068830929797188e-05,21,146,0.013863700886025211,0.2556747894792227,True,False,False,5.328230894031286e-06,COMPLETE
285,0.5123499512672425,2025-04-03 22:24:12.654585,2025-04-03 22:24:32.141134,0 days 00:00:19.486549,0.3602237925288336,0.3258206533614023,2,0.03899076036215188,0.2770824825430315,0.04891735969179036,0.027336376661922963,0.07140632701440781,0.01703046907254419,5.568805591094365e-05,21,146,0.01724368729832058,0.26918651717504033,True,False,False,8.508206267428226e-06,COMPLETE
286,0.5055258750915528,2025-04-03 22:24:32.231083,2025-04-03 22:24:49.601309,0 days 00:00:17.370226,0.34162749044354407,0.37015478972149635,2,0.03326221868710208,0.2972766902907583,0.04047481778154123,0.030607855651124734,0.07754562899811507,0.023983763109034273,3.7350629240706794e-05,21,148,0.0072350821890586545,0.2152454910660473,True,False,True,3.3177102985771694e-06,COMPLETE
287,0.5468659400939941,2025-04-03 22:24:49.690788,2025-04-03 22:25:09.868579,0 days 00:00:20.177791,0.3762354800238355,0.35631389513208084,2,0.04148106981746309,0.28926213781367693,0.05446092248874619,0.024173445004124636,0.0557174859470728,0.019244209986089965,4.551565172221391e-05,22,142,0.014076526774161319,0.24595891291229227,True,False,False,5.803004460259681e-06,COMPLETE
288,0.5405510783195495,2025-04-03 22:25:09.968552,2025-04-03 22:25:28.806442,0 days 00:00:18.837890,0.2705285658707059,0.29415466520293837,2,0.008052553409240343,0.26270772322996105,0.04701294847391052,0.02853875066756018,0.061657607959032794,0.013303316732617643,5.787004633049224e-05,20,144,0.011727107063467598,0.22094396862918445,True,False,False,4.111368322324141e-06,COMPLETE
289,0.5533393263816834,2025-04-03 22:25:28.896819,2025-04-03 22:25:48.579540,0 days 00:00:19.682721,0.29363898530386073,0.33202915529759586,2,0.03199060154665101,0.2828759774362549,0.04245936241067113,0.02554593963974798,0.06768525500074891,0.02225746280793221,7.438288745811301e-05,21,141,0.007744498209327777,0.26176366539599216,True,False,False,3.1097826246453603e-06,COMPLETE
290,0.3922689259052277,2025-04-03 22:25:48.670501,2025-04-03 22:26:08.747483,0 days 00:00:20.076982,0.3048989491707417,0.3431326921263157,2,0.031142285907475063,0.28356703423480834,0.044877561237188696,0.025950096915941377,0.05450509841999958,0.021860813817266553,8.064592915554035e-05,22,141,0.00265464313696604,0.2547018323586057,False,False,False,3.8073028016701113e-06,COMPLETE
291,0.40333343744277955,2025-04-03 22:26:08.837610,2025-04-03 22:26:28.624420,0 days 00:00:19.786810,0.3341414780590572,0.3003356667186524,2,0.019855601102809886,0.27958952089589406,0.04915211334125327,0.02144638114372058,0.06012262664762788,0.019466644681226546,7.511315461265685e-05,21,150,0.005168922627004037,0.26301978358183314,True,False,False,3.1974748341978473e-06,COMPLETE
292,0.341299843788147,2025-04-03 22:26:28.715399,2025-04-03 22:26:42.845895,0 days 00:00:14.130496,0.3008348925587434,0.38067860343083565,2,0.03739623506576136,0.08663209688151191,0.04220494560423207,0.023917637238775283,0.05674448548314232,0.022394621548113162,3.392850985636562e-05,12,144,0.010678880349020658,0.2803578314089916,True,False,False,6.855408177604402e-06,COMPLETE
293,0.549523675441742,2025-04-03 22:26:42.947081,2025-04-03 22:27:02.454632,0 days 00:00:19.507551,0.3651152825725187,0.32538169441045206,2,0.028502270092205788,0.28773705896338614,0.036586281662358756,0.0363970218314013,0.06650057555924986,0.01672936108593938,4.7042746625241675e-05,21,139,0.007198770420549097,0.2633127480086987,True,False,False,4.871980327380598e-06,COMPLETE
294,0.5464254140853881,2025-04-03 22:27:02.545352,2025-04-03 22:27:22.781443,0 days 00:00:20.236091,0.3244470968625928,0.3563533940823338,2,0.04602670391466916,0.27474154865779077,0.046863322594218944,0.027562591399435298,0.09119899920367777,0.020492829625506664,0.00010114655220589128,22,134,0.013079601013633585,0.22820423222355973,True,False,False,2.694990695344996e-06,COMPLETE
295,0.555744731426239,2025-04-03 22:27:22.873448,2025-04-03 22:27:42.398518,0 days 00:00:19.525070,0.2659715098470213,0.3953061518336417,2,0.014031076765546673,0.2931708246977377,0.052106298396213384,0.031652191667203906,0.060028991097306604,0.015072077679945579,6.251891048291942e-05,21,141,0.011104372997347078,0.2157964487284513,True,False,False,4.0800857275669705e-06,COMPLETE
296,0.551519012451172,2025-04-03 22:27:42.490580,2025-04-03 22:28:01.950583,0 days 00:00:19.460003,0.26755790919936845,0.4239812241008351,2,0.010321173802812365,0.29242673018533205,0.05464109386301082,0.03258525631373868,0.06267716475265299,0.0173438234438577,6.473085475737409e-05,21,147,0.014601965621385058,0.2137734283502346,True,False,False,5.584590318240091e-06,COMPLETE
297,0.3791415333747864,2025-04-03 22:28:02.044663,2025-04-03 22:28:13.527694,0 days 00:00:11.483031,0.28413755878307945,0.3945804185518039,2,0.016065216890255227,0.2984395762368034,0.05051964627189342,0.03298783208409315,0.05164871399420496,0.018719034039956436,0.021824524405798084,8,143,0.011699680149972037,0.21838841335709375,True,False,False,4.222799794733843e-06,COMPLETE
298,0.5444652199745179,2025-04-03 22:28:13.630491,2025-04-03 22:28:31.720396,0 days 00:00:18.089905,0.2609881560853703,0.4028974849682451,2,0.003695672525710075,0.28017643860994706,0.052404645946152045,0.029378376387542336,0.06057679398897553,0.01611521806568342,7.715683227841388e-05,19,140,0.016697076516468352,0.22035197947794533,True,False,False,3.4763450176129717e-06,COMPLETE
299,0.5553444385528565,2025-04-03 22:28:31.813077,2025-04-03 22:28:50.709658,0 days 00:00:18.896581,0.2910950166178725,0.3693311081973574,2,0.022582825158343745,0.26759275548690237,0.03949411208595997,0.03098137255264949,0.06790303464054644,0.023814292346951246,6.477332916613098e-05,20,141,0.01114795226669862,0.21472645156074027,True,False,False,5.0224428422459925e-06,COMPLETE
300,0.29631375670433047,2025-04-03 22:28:50.802434,2025-04-03 22:29:10.858409,0 days 00:00:20.055975,0.29759097379540805,0.38050418697474037,2,0.02248291104716757,0.01367525255225066,0.048467804971524434,0.030132632637915338,0.0682894083328399,0.023631090746979812,8.676321095189173e-05,22,145,0.013274193375670408,0.25933386363569344,True,False,False,8.524193382577236e-06,COMPLETE
301,0.4198854684829712,2025-04-03 22:29:10.951993,2025-04-03 22:29:19.299650,0 days 00:00:08.347657,0.26889653643988304,0.42316336864486603,8,0.013894975255320411,0.2588024905831244,0.052574552965014634,0.02636583727207148,0.059375778798028384,0.024406512384299677,6.466830379622845e-05,20,53,0.011260464693904768,0.22538389117046118,True,True,False,6.674492556197804e-06,COMPLETE
302,0.39552487134933473,2025-04-03 22:29:19.395264,2025-04-03 22:29:39.078701,0 days 00:00:19.683437,0.29961774006510616,0.3657592049179345,2,0.02444917075277535,0.264732855505845,0.038227142577160575,0.033820721611333406,0.07075915096076647,0.019879227608425375,0.00010350764217178146,21,140,0.007019343755537686,0.2486520419491822,True,False,False,4.232873393581422e-06,COMPLETE
303,0.5572338581085206,2025-04-03 22:29:39.182878,2025-04-03 22:29:59.529047,0 days 00:00:20.346169,0.2571946279801334,0.2892143050597179,2,0.018179180081662968,0.2696934984505304,0.04366487767206041,0.031461307049873,0.055513131355292164,0.02143887813720515,7.289983228591078e-05,22,142,0.008472894609310569,0.21415843785701713,True,False,False,5.007914494059279e-06,COMPLETE
304,0.324894505739212,2025-04-03 22:29:59.623295,2025-04-03 22:30:07.664303,0 days 00:00:08.041008,0.2494382953906093,0.45028062172393085,16,0.00987690777851765,0.26771869926227965,0.04335754607150574,0.032114227555400394,0.05498322835248703,0.022482617908141996,6.015050252809321e-05,22,148,0.015532953455792795,0.21383811864246183,True,False,False,1.0999358346187944e-05,COMPLETE
305,0.5559876203536988,2025-04-03 22:30:07.760037,2025-04-03 22:30:27.969006,0 days 00:00:20.208969,0.2582091014051769,0.29224826653961866,2,0.019885070440470852,0.25693858535166636,0.041520125315050116,0.03122798217583948,0.0565581289636586,0.020483222345599877,7.655925979201097e-05,22,143,0.011791173756358315,0.21411247304024703,True,False,False,5.169205823742666e-06,COMPLETE
306,0.3745535671710968,2025-04-03 22:30:28.064653,2025-04-03 22:30:46.642764,0 days 00:00:18.578111,0.2510323377668926,0.28228710600171236,2,0.013294994842665069,0.2563283958866059,0.031845341659218214,0.030857271023258342,0.0539805370445185,0.02147240942615411,7.166848866922998e-05,23,142,0.012785013797298038,0.2135201068102548,True,False,True,6.156002077173965e-06,COMPLETE
307,0.5516557097434998,2025-04-03 22:30:46.748795,2025-04-03 22:31:06.863934,0 days 00:00:20.115139,0.25922783856397974,0.26532608013279,2,0.017955809394685086,0.26508053721225844,0.04043932833443886,0.034249075419549586,0.056325457991892404,0.022938142856923353,5.924177084102397e-05,22,145,0.010735815998209912,0.2201730083862818,True,False,False,5.4494084337815805e-06,COMPLETE
308,0.4233715891838074,2025-04-03 22:31:06.959933,2025-04-03 22:31:27.718200,0 days 00:00:20.758267,0.20298637114975598,0.29702849755798244,2,0.0025502045949591934,0.2615386001509703,0.04144239660565303,0.030845354757429038,0.052195173009438676,0.021071178776787606,9.284949020768977e-05,23,147,0.014303422211140957,0.20328271712902607,True,False,False,4.8444777127474435e-06,COMPLETE
309,0.5460261940956116,2025-04-03 22:31:27.813954,2025-04-03 22:31:48.055590,0 days 00:00:20.241636,0.7673433181937142,0.2886638393852182,2,0.019141857805969595,0.26974847300978877,0.043701791292124065,0.028376001597090212,0.057178098988241,0.01926562384217855,7.155514342985671e-05,22,142,0.011722091376423889,0.22275721523936226,True,False,False,7.4289640444619455e-06,COMPLETE
310,0.38462305068969727,2025-04-03 22:31:48.152097,2025-04-03 22:32:06.330670,0 days 00:00:18.178573,0.31602896336576664,0.26190026148075646,2,0.02340826421290161,0.25756699462001825,0.03829702197068923,0.028690112927448035,0.061500235604930585,0.024337943679565627,3.98241963981965e-05,19,144,0.009808661696182157,0.21103494118644756,False,False,False,3.79974810115717e-06,COMPLETE
311,0.41661193966865545,2025-04-03 22:32:06.427900,2025-04-03 22:32:25.394656,0 days 00:00:18.966756,0.27286075010616256,0.4044394842023541,2,0.009732613567201369,0.26854419915541333,0.03513706716308386,0.025653452145706634,0.05532790176168215,0.025318585224533206,5.500201329537995e-05,20,141,0.00549435997899239,0.2274293350026958,True,False,False,5.230196785331293e-06,COMPLETE
312,0.5510653495788574,2025-04-03 22:32:25.501802,2025-04-03 22:32:45.664295,0 days 00:00:20.162493,0.2548236752848744,0.30419465375994637,2,0.017710218302538112,0.2726020722646544,0.041744535878077034,0.03181554518708383,0.07505556295446955,0.01971165781688982,6.368171035233402e-05,22,145,0.012387454231924992,0.21814426742774135,True,False,False,3.509185317597961e-06,COMPLETE
313,0.35204876065254215,2025-04-03 22:32:45.761193,2025-04-03 22:33:06.450871,0 days 00:00:20.689678,0.291845267586618,0.37603475349732735,2,0.026399473583168836,0.26225961262300257,0.03948835750489991,0.02387286503999565,0.05901782903590659,0.02107502295516994,1.0495741294802398e-05,23,139,0.015887473776906663,0.2147000972311245,True,False,False,4.292947965055489e-06,COMPLETE
314,0.548325777053833,2025-04-03 22:33:06.550158,2025-04-03 22:33:26.181743,0 days 00:00:19.631585,0.24464074853016463,0.3499540051641598,2,0.022833661499409345,0.273232909174805,0.04389073846380537,0.027262105880491737,0.06033865157179251,0.018544600993015827,4.832703217192701e-05,21,149,0.008880757973491204,0.2232375338856085,True,False,False,5.93033466876511e-06,COMPLETE
315,0.3313471734523773,2025-04-03 22:33:26.279579,2025-04-03 22:33:45.167535,0 days 00:00:18.887956,0.3182965849487789,0.31009102274554323,2,0.014657871682830129,0.29259651235184336,0.050173372093162444,0.029926687453454694,0.057122137861768923,0.021698755078439748,1.538080067643607e-05,20,142,0.010673867085947551,0.23105325143083214,True,False,False,8.47053041582674e-06,COMPLETE
316,0.46326731443405156,2025-04-03 22:33:45.276500,2025-04-03 22:34:03.534465,0 days 00:00:18.257965,0.2741078515903538,0.285449594773521,2,0.02835650436007043,0.2847318407002104,0.0444703898325036,0.03467768539648052,0.06302022839309342,0.01785957368951085,7.650162439869123e-05,19,78,0.017876090532138542,0.21183781631740178,True,False,False,3.455420288074034e-06,COMPLETE
317,0.4018313050270081,2025-04-03 22:34:03.632276,2025-04-03 22:34:22.865014,0 days 00:00:19.232738,0.20675141843393066,0.3376910843882848,2,0.021047354584609657,0.29963847804403865,0.04160115472690698,0.02309231012798998,0.05319154940401387,0.014868514848183769,9.89424210308942e-05,20,138,0.003984372402590544,0.22766489521437067,True,False,False,4.777461252559043e-06,COMPLETE
318,0.5549621224403382,2025-04-03 22:34:22.964125,2025-04-03 22:34:42.623727,0 days 00:00:19.659602,0.3302952499566213,0.39387010033375913,2,0.027677806329644745,0.2675722433204047,0.04798167075091688,0.02531645653112804,0.061901815869580414,0.01991570774055239,5.9458803633993525e-05,21,141,0.013650598784592193,0.21854265010822527,True,False,False,6.68550073630094e-06,COMPLETE
319,0.5292423605918884,2025-04-03 22:34:42.722412,2025-04-03 22:35:02.381155,0 days 00:00:19.658743,0.34029125323128406,0.3828210617732002,2,0.008877072712241012,0.25720785866168744,0.05188028394034722,0.02565235627848457,0.061879524742033405,0.022512402312915337,4.307462044113396e-05,21,144,0.014520342822713908,0.22146291088133943,True,False,False,7.00454523890784e-06,COMPLETE
320,0.3935544490814209,2025-04-03 22:35:02.490453,2025-04-03 22:35:22.163591,0 days 00:00:19.673138,0.31770798236964054,0.4051378899745924,2,0.02722765618302123,0.2750875844606051,0.04834090324837439,0.027475891061208086,0.06434790414867345,0.02542595245929211,5.5360381702379846e-05,21,68,0.012627334766669633,0.2314545125198989,True,False,False,1.0339731789675224e-05,COMPLETE
321,0.2960214734077454,2025-04-03 22:35:22.263644,2025-04-03 22:35:37.842056,0 days 00:00:15.578412,0.3305092944631056,0.36402749759340364,2,0.017823536754498426,0.26506500141184297,0.05595970260095178,0.025233267706937176,0.059715125332422396,0.01973765520172387,6.274856395940458e-05,18,141,0.014278318722900493,0.20227319018028037,True,True,False,6.647746131702067e-06,COMPLETE
322,0.5517786264419556,2025-04-03 22:35:37.942767,2025-04-03 22:35:56.867646,0 days 00:00:18.924879,0.30267105667569977,0.43361008257349953,2,0.027598715472779194,0.28379004805506436,0.04796523657535934,0.02019267503891641,0.06220280265273175,0.017712571270215666,4.965307967481147e-05,20,147,0.011794423023328164,0.2242025876306629,True,False,False,4.274261706445319e-06,COMPLETE
323,0.5559876203536988,2025-04-03 22:35:56.968039,2025-04-03 22:36:15.202345,0 days 00:00:18.234306,0.2872767124825408,0.3914213500380669,2,0.01320220125979781,0.2884981346726826,0.03774374199829463,0.029240944299532046,0.06433345164006318,0.02051085127361163,6.865599008797619e-05,19,139,0.009998825374347733,0.21531844298621422,True,False,False,5.698868363718756e-06,COMPLETE
324,0.29631375670433047,2025-04-03 22:36:15.302591,2025-04-03 22:36:24.306457,0 days 00:00:09.003866,0.29518106572903513,0.41612849137163277,8,0.0003445633781691583,0.2922626813305162,0.03532890717749823,0.028736635241572644,0.06489671463483909,0.0238308019061905,4.22026362118968e-05,19,143,0.017035540528479845,0.21144987376214103,True,False,False,8.046825632302235e-06,COMPLETE
325,0.5220769166946412,2025-04-03 22:36:24.416948,2025-04-03 22:36:40.620877,0 days 00:00:16.203929,0.34324838496417864,0.3855483956191175,2,0.01134848927993782,0.28990850464920853,0.03835956213278028,0.03180493091860969,0.06917397555870519,0.020749151882973785,6.114797858743132e-05,19,139,0.010416472065893126,0.21545881597235522,True,False,True,5.95370329435756e-06,COMPLETE
326,0.5472964882850647,2025-04-03 22:36:40.722832,2025-04-03 22:36:59.728266,0 days 00:00:19.005434,0.31354853391447596,0.397441161478358,2,0.022680248030974036,0.2689680330670113,0.03736254000021083,0.029945190249475166,0.06402933443742555,0.0228248134117543,5.037293335410335e-05,20,150,0.013538454588833123,0.2041461948317611,True,False,False,1.287574499790758e-05,COMPLETE
327,0.38989825248718263,2025-04-03 22:36:59.829741,2025-04-03 22:37:16.980751,0 days 00:00:17.151010,0.357112179303459,0.3629305498605955,2,0.03078576797482693,0.285732216981666,0.03989038214768837,0.02368885890563709,0.06796523629678543,0.01928734707079406,2.995237272974177e-05,17,5,0.01544065690198354,0.220202376502649,True,False,False,5.305864734197272e-06,COMPLETE
328,0.555744731426239,2025-04-03 22:37:17.084343,2025-04-03 22:37:36.089828,0 days 00:00:19.005485,0.3263884916629511,0.34581702189400587,2,0.0147990969364861,0.2763230556705381,0.03272644380648919,0.03577758139359803,0.06131950701345957,0.02096947792461484,6.822108978910554e-05,20,141,0.010335940892813589,0.22812250388586325,True,False,False,4.333537784945631e-06,COMPLETE
329,0.3375016331672669,2025-04-03 22:37:36.203639,2025-04-03 22:37:44.036626,0 days 00:00:07.832987,0.33141500616265995,0.3816012984521972,16,0.005866882340735447,0.26133318133523215,0.03302886836775627,0.035292986511108945,0.06130803732339235,0.021274392672160643,7.05383335305956e-05,20,146,0.011497968368096545,0.2153848255898275,True,False,False,9.452646354039996e-06,COMPLETE
330,0.36951592564582825,2025-04-03 22:37:44.139306,2025-04-03 22:38:02.937438,0 days 00:00:18.798132,0.31517763672402527,0.34349229699813544,2,0.014690178116735737,0.27374298721026835,0.030948436399124382,0.036553345532194095,0.06268507909253428,0.023643506261158305,7.002587643144288e-05,20,141,0.013166070008955583,0.22673797382057986,False,False,False,5.330536112812574e-06,COMPLETE
331,0.41150206327438354,2025-04-03 22:38:03.040438,2025-04-03 22:38:21.016239,0 days 00:00:17.975801,0.3361427680923345,0.3629447552556016,2,0.011763812310134288,0.2569926458747705,0.027467920126372586,0.0526574279027481,0.06571353263365254,0.025527900264330675,3.808936223878494e-05,19,17,0.010008122405126068,0.2186337912319547,True,False,False,3.479738070404346e-06,COMPLETE
332,0.5504231810569764,2025-04-03 22:38:21.118648,2025-04-03 22:38:39.942400,0 days 00:00:18.823752,0.3532175994990018,0.4102074415097275,2,0.006462523282952076,0.2828169711198686,0.028737190641164895,0.03310576204502367,0.060195334874080644,0.019019671569545198,5.554500735633982e-05,20,142,0.009710018932196186,0.2085413724784109,True,False,False,7.3038789266334736e-06,COMPLETE
333,0.5518687129020692,2025-04-03 22:38:40.055298,2025-04-03 22:38:57.748293,0 days 00:00:17.692995,0.2868782581859052,0.33812627154700037,2,0.019537712914011032,0.2957450537451919,0.03364494118787561,0.02724161062796557,0.06308910205084463,0.020742371307818266,7.608602416230293e-05,18,145,0.012039423394884875,0.22388470365149074,True,False,False,4.401470217809629e-06,COMPLETE
334,0.555042052268982,2025-04-03 22:38:57.851383,2025-04-03 22:39:15.971275,0 days 00:00:18.119892,0.39683404783665843,0.3949942826485724,2,0.02500505450413941,0.2686384614682839,0.0363330566892841,0.029416245699423124,0.07064074436657605,0.017435797069898885,6.44874086628264e-05,19,138,0.015386295739555094,0.22793143586201076,True,False,False,3.2544955777254772e-06,COMPLETE
335,0.5071436643600464,2025-04-03 22:39:16.075050,2025-04-03 22:39:34.201504,0 days 00:00:18.126454,0.3947156085267765,0.3910209977408065,2,0.016550329807578666,0.26497084609088944,0.03652667786737785,0.03094514298203811,0.07170354772505669,0.018505882931578326,8.938000163538416e-05,19,138,0.016516379799800328,0.27281342409758647,True,False,False,3.590954764685715e-06,COMPLETE
