number,value,datetime_start,datetime_complete,duration,params_alpha-eval,params_alpha-train,params_batch-size,params_eps-eval,params_eps-train,params_lambda-actions-eval,params_lambda-actions-train,params_lambda-frames-eval,params_lambda-frames-train,params_learning-rate,params_n-epochs,params_n-frames,params_radius-gw,params_rho,params_std-feats,params_ub-actions,params_ub-frames,params_weight-decay,state
1456,0.43501187562942506,2025-04-04 02:00:49.486283,2025-04-04 02:00:56.091744,0 days 00:00:06.605461,0.08210892737181652,0.21160444637149126,8,0.01027521221959484,0.281069151535085,0.061717104236681086,0.09001935722635813,0.050026889421931765,0.04374703810876223,2.047418832962177e-05,5,23,0.03356832409716195,0.03235981005712886,True,False,False,0.00037390340292516917,COMPLETE
1457,0.5600281238555909,2025-04-04 02:00:56.574873,2025-04-04 02:01:03.586603,0 days 00:00:07.011730,0.059784497982884266,0.2728002331035919,8,0.01991123538849534,0.2913678444127952,0.0684893566851804,0.09795676315432063,0.052521019164637125,0.0541337797961286,0.0004974696018687203,7,145,0.03074961201738319,0.010853226444242801,True,False,False,0.00028327012470064387,COMPLETE
1458,0.5607603549957275,2025-04-04 02:01:04.055323,2025-04-04 02:01:10.852116,0 days 00:00:06.796793,0.12462042684717023,0.2335726198399874,8,0.014243766923715574,0.2947288528814525,0.060378931347616044,0.08860080415498875,0.055132297666591605,0.03692938581771538,0.0006749061197422857,6,147,0.0357516531147977,0.018532617074049358,True,False,False,0.00020048270556749626,COMPLETE
1459,0.29631375670433047,2025-04-04 02:01:11.323068,2025-04-04 02:01:18.107150,0 days 00:00:06.784082,0.029449914190704737,0.18590153759672873,8,0.004834227488883548,0.0007152912051837379,0.056368901664212476,0.09202895513802589,0.0576632493261477,0.04785360748293988,0.0011941986948605608,6,150,0.04051936754059075,0.005727108355136823,True,False,False,0.0008280225505463455,COMPLETE
1460,0.5119257092475892,2025-04-04 02:01:18.573081,2025-04-04 02:01:25.160455,0 days 00:00:06.587374,0.09068294157570742,0.20349724785918216,8,0.030711961112942353,0.270679721229013,0.07137983377243613,0.09488318315634087,0.03362267033584202,0.03950187417982431,0.0005796358893795288,5,84,0.038012623107528405,0.015111831979492372,True,False,False,0.000431157896313639,COMPLETE
1461,0.5565521597862244,2025-04-04 02:01:25.621438,2025-04-04 02:01:32.622716,0 days 00:00:07.001278,0.0688977580832697,0.2977725160788596,8,0.009467614551320214,0.2870173932239246,0.06360420916722619,0.08524212486099472,0.04833970433034918,0.03259194489192675,0.0007755799355905893,7,140,0.03224208031190714,0.0012120292816156133,True,False,False,0.00032799131308799306,COMPLETE
1462,0.5525206923484802,2025-04-04 02:01:33.111689,2025-04-04 02:01:39.861747,0 days 00:00:06.750058,0.04207259378669095,0.2526862009911995,8,0.01653563477433392,0.2799011143876408,0.05790556660146429,0.09088267684375054,0.05327417436175932,0.028723667868794368,0.0009926919262131164,6,145,0.035525989000383035,0.0103506960269641,True,False,False,0.0006525404268979277,COMPLETE
1463,0.5565713524818421,2025-04-04 02:01:40.327810,2025-04-04 02:01:47.253958,0 days 00:00:06.926148,0.10721639350033643,0.22452309196815784,8,0.005053089834149903,0.29484801208198885,0.023113170529469842,0.08812375101547672,0.043842565194688266,0.04245441722152018,0.0004393579318054676,7,148,0.038655614112563685,0.024392251378625492,True,False,False,0.00024211039494381073,COMPLETE
1464,0.5595184922218324,2025-04-04 02:01:47.718661,2025-04-04 02:01:54.352755,0 days 00:00:06.634094,0.0619296420879238,0.15734242919946984,8,0.02344727006969458,0.2999871672628092,0.054565690927071656,0.09339089332947122,0.05975887396723435,0.04986674956678801,0.0006423344790852312,5,143,0.03343126097341982,0.001120401202344303,True,False,False,0.0005008742885974812,COMPLETE
1465,0.5595356941223145,2025-04-04 02:01:54.814767,2025-04-04 02:02:01.980826,0 days 00:00:07.166059,0.026922721409127996,0.19568320169689235,8,0.012540818308224684,0.28519056702496215,0.06530904633148987,0.09597369095907726,0.056706622444380496,0.044898416513771675,0.0005393538921969599,8,150,0.04075948931297568,0.01836894062733336,True,False,False,0.00038961814114671915,COMPLETE
1466,0.29631375670433047,2025-04-04 02:02:02.467486,2025-04-04 02:02:08.441735,0 days 00:00:05.974249,0.08165243231105337,0.24425847856590552,16,0.0001493588435787542,0.2754831642183322,0.059450016215883326,0.09016870382301964,0.050259733805184635,0.03430084033218582,0.0008004416871149881,6,147,0.03688536751056928,0.009912099842777865,True,True,False,0.0002871233317540915,COMPLETE
1467,0.5328907251358033,2025-04-04 02:02:08.909125,2025-04-04 02:02:15.916089,0 days 00:00:07.006964,0.043895228174935776,0.2688647808520005,8,0.018676563985584767,0.29059084827831705,0.06200599591670299,0.09805593363360059,0.03860940869303534,0.026345112660706486,0.0014648185474511201,7,142,0.034487918646791266,0.0065186054300239,True,False,False,0.00019513559431468566,COMPLETE
1468,0.3635869860649109,2025-04-04 02:02:16.382895,2025-04-04 02:02:25.879320,0 days 00:00:09.496425,0.059108534468033616,0.21445330587046543,8,0.01001412499813563,0.28293358663747864,0.025336296564979977,0.09230467119602195,0.055008971500304545,0.03885410451089678,0.0006660974596894014,26,145,0.042907784493821,0.2719610440283987,True,False,True,0.0005668195827221828,COMPLETE
1469,0.5607603549957275,2025-04-04 02:02:26.345020,2025-04-04 02:02:33.159422,0 days 00:00:06.814402,0.09958997015620054,0.17179302394783258,8,0.005177197611652442,0.29000214768283267,0.02327282579773701,0.08625998098068162,0.052453567225429744,0.03643909644264934,0.0004860147256653302,6,139,0.03236444593524966,0.014699626103166557,True,False,False,0.00013827611410069358,COMPLETE
1470,0.29631375670433047,2025-04-04 02:02:33.644207,2025-04-04 02:02:40.147060,0 days 00:00:06.502853,0.010376425880377238,0.12270758473614092,8,0.00023390805089619927,0.27544413559980724,0.05689196387221584,0.0947648334296694,0.04658932771918417,0.04073905226465604,0.0008965005602269011,5,150,0.03652603755306645,0.027712736528524844,True,False,False,0.0003611564284343488,COMPLETE
1471,0.5562410593032837,2025-04-04 02:02:40.617505,2025-04-04 02:02:47.435939,0 days 00:00:06.818434,0.07243132612249856,0.23030266886742545,8,0.017324434528459446,0.29458309880689737,0.022770427558133056,0.08854556506166335,0.05734005594888919,0.046509074264666626,0.0003408911640942097,6,147,0.03019557867110554,0.020829997949190316,True,False,False,0.0004547351634112704,COMPLETE
1472,0.5555620074272156,2025-04-04 02:02:47.901422,2025-04-04 02:02:54.928764,0 days 00:00:07.027342,0.044276437675810604,0.14738896268658666,8,0.027923680105039927,0.284637872959559,0.053086395868449224,0.09144392974645421,0.06166576783597398,0.04320970353259892,0.0005933099363217164,7,145,0.039668654673763785,0.011754057627032103,True,False,False,0.000264675126403127,COMPLETE
1473,0.3800869286060334,2025-04-04 02:02:55.395419,2025-04-04 02:03:02.057648,0 days 00:00:06.662229,0.11783215774399607,0.19698269084252554,8,0.11315545678034197,0.2697770731512507,0.06717073947534014,0.08721330308198257,0.059230316436280836,0.03174958868327448,0.0003980670109901102,5,9,0.03493749463995829,0.005883260247387393,True,False,False,0.0007568345555366267,COMPLETE
1474,0.55752032995224,2025-04-04 02:03:02.542592,2025-04-04 02:03:09.727419,0 days 00:00:07.184827,0.02569809572811447,0.2578027798689424,8,0.010582962242874002,0.27914220357752795,0.06008726847385476,0.09656536832647078,0.0550225799667356,0.02244298242435748,0.0006736444188489143,8,147,0.03780407370679792,0.016458312467289862,True,False,False,0.00030822201525242815,COMPLETE
1475,0.5595184922218324,2025-04-04 02:03:10.200411,2025-04-04 02:03:16.980685,0 days 00:00:06.780274,0.0895856419442801,0.21654742566241508,8,0.02118719270306497,0.2900659919841281,0.06294907777726487,0.08321545635952925,0.041868131122735755,0.037978934778574856,0.0005016609262142373,6,142,0.03316367938605433,0.006754129592281327,True,False,False,0.00022350030287049058,COMPLETE
1476,0.3767612874507904,2025-04-04 02:03:17.450956,2025-04-04 02:03:24.397429,0 days 00:00:06.946473,0.052799493638467185,0.17721645358693625,8,0.013795888649536847,0.29454817667091043,0.06929888575872449,0.0928368462083528,0.05085202744853874,0.029155888691170355,0.0007889874639273219,7,150,0.0358160523116139,0.010787085532351356,False,False,False,0.00044647323119171044,COMPLETE
1477,0.5477183938026429,2025-04-04 02:03:24.888266,2025-04-04 02:03:31.668895,0 days 00:00:06.780629,0.07424036892045233,0.27422578797513786,8,0.00605410088467701,0.28530807132692504,0.05567332011707039,0.08974460662698426,0.053810419296390986,0.024909090571636983,0.0011141370524281782,6,147,0.038322364751064035,0.03281358699784431,True,False,False,0.0005708541406228,COMPLETE
1478,0.5601313710212708,2025-04-04 02:03:32.145423,2025-04-04 02:03:38.745437,0 days 00:00:06.600014,0.05541917364006793,0.23901465851319167,8,0.014378057814021102,0.27844655051978334,0.026251102049257874,0.08493150734950113,0.057796084113629125,0.04171181114983875,0.0005820491170439539,5,144,0.031098539185818574,0.02346615711343894,True,False,False,0.0003552060944142696,COMPLETE
1479,0.358989554643631,2025-04-04 02:03:39.215794,2025-04-04 02:03:46.267813,0 days 00:00:07.052019,0.029966341831611475,0.20463707648374124,8,0.023706410079164283,0.2998668367012731,0.024933082891883798,0.09392646145828665,0.04518652352246004,0.03349512483790684,1.1537885985029997e-05,7,150,0.050246001745881785,0.001056687300662951,True,False,False,0.00017853670401967906,COMPLETE
1480,0.5597256302833558,2025-04-04 02:03:46.756986,2025-04-04 02:03:53.631071,0 days 00:00:06.874085,0.09981827489602527,0.2927511811085497,8,0.008383076057758499,0.2887932787287975,0.06487780647827501,0.08946180389617794,0.06091658591901588,0.044832655150530705,0.0007281449964836778,6,147,0.028086283059786825,0.01961737401730253,True,False,False,0.000647675897526118,COMPLETE
1481,0.558284604549408,2025-04-04 02:03:54.122891,2025-04-04 02:04:00.712412,0 days 00:00:06.589521,0.07229348074809085,0.2274093412299224,8,0.01838779243147718,0.29501930981720903,0.0582240801035792,0.09140516165591817,0.052295590512954356,0.03541256031271392,0.00044187799805973926,5,139,0.034137914735276824,0.0010150400928103397,True,False,False,0.00026081350139394783,COMPLETE
1482,0.5571977734565735,2025-04-04 02:04:01.187506,2025-04-04 02:04:08.171516,0 days 00:00:06.984010,0.04454021212276426,0.18913634689364664,8,0.005423493125609245,0.28280362315186364,0.02328101288623901,0.08726556478641347,0.05536159086874383,0.03984052425178318,0.0009535958598848519,7,143,0.03662342896849796,0.011645919003041412,True,False,False,0.00040732306426886553,COMPLETE
1483,0.555322790145874,2025-04-04 02:04:08.644139,2025-04-04 02:04:15.873049,0 days 00:00:07.228910,0.08410251122194537,0.2548070294073654,8,0.011607185861797716,0.2897378597404971,0.07283000784186612,0.09515418289610089,0.014703092553645422,0.048480390834864814,0.0005427557845470038,8,148,0.04028947514088071,0.016319120513275054,True,False,False,0.0003137341733632291,COMPLETE
1484,0.29631375670433047,2025-04-04 02:04:16.343924,2025-04-04 02:04:22.724193,0 days 00:00:06.380269,0.02545058655675442,0.31550856952677014,8,0.033536261368988164,0.2735836503798727,0.025557229027882385,0.0566804449209452,0.04837984239250241,0.037581869293466505,0.0007191920901075857,6,145,0.03265079367721427,0.037957877644046054,True,True,False,0.0005022865116768239,COMPLETE
1485,0.5607603549957275,2025-04-04 02:04:23.216191,2025-04-04 02:04:30.061858,0 days 00:00:06.845667,0.12998172751547263,0.15648311525230058,8,0.01879567520334603,0.29444551773433464,0.04961080024429887,0.09794632645026473,0.03676932637418014,0.04260821983904014,0.0005907069006260454,6,150,0.03554882573987702,0.0064765122747113026,True,False,False,8.469820353142104e-05,COMPLETE
1486,0.5572145938873291,2025-04-04 02:04:30.539164,2025-04-04 02:04:36.888546,0 days 00:00:06.349382,0.0634185461490602,0.2080224064993153,16,0.005542714247864428,0.281369794397552,0.06185851530122767,0.09278282267851888,0.058387540414783896,0.0013820072101155684,0.0008869287359021721,5,142,0.03777073885264389,0.027691946608690808,True,False,False,0.00023961511623100184,COMPLETE
1487,0.45182135701179504,2025-04-04 02:04:37.361260,2025-04-04 02:04:43.962063,0 days 00:00:06.600803,0.9579866456044598,0.734734101901255,8,0.00014157499488243706,0.2699600294513778,0.05967042857736043,0.08887696205694143,0.05597142556038583,0.0307706794656148,0.000462241845861909,7,106,0.03420794760904771,0.01112209671823191,True,False,True,0.00036368004268239594,COMPLETE
1488,0.5587557196617127,2025-04-04 02:04:44.428615,2025-04-04 02:04:51.276069,0 days 00:00:06.847454,0.010526977049514802,0.1793772526737056,8,0.02607898429438514,0.2999802843101536,0.056805891735136345,0.09101893260529641,0.05342679970599958,0.027118127056445132,0.0006522310380346193,6,147,0.03880654746929625,0.006725839264135174,True,False,False,0.00015570671688982832,COMPLETE
1489,0.4648612439632416,2025-04-04 02:04:51.767617,2025-04-04 02:04:58.332448,0 days 00:00:06.564831,0.11155315750706729,0.24420742888367958,8,0.012540825935499916,0.2876897080725959,0.06621906724277568,0.09419410012657188,0.049658495589882265,0.03560124145809424,0.0007451682667252887,5,54,0.04212365330259982,0.017346045008957173,True,False,False,0.0008596658430827757,COMPLETE
1490,0.553435218334198,2025-04-04 02:04:58.814934,2025-04-04 02:05:05.653759,0 days 00:00:06.838825,0.04296840465601569,0.21871413225494804,8,0.00933880436328133,0.2774386833675484,0.05222644268535891,0.08587954840805234,0.05946747225541125,0.04574740901234521,0.0003870495433585143,6,150,0.046736275981922995,0.022314086431530558,True,False,False,0.0004649630510427599,COMPLETE
1491,0.5606611609458924,2025-04-04 02:05:06.126450,2025-04-04 02:05:13.170012,0 days 00:00:07.043562,0.09035360320756547,0.23209103652356267,8,0.016805006831022852,0.29469473575177557,0.05447408032068183,0.09705236506281582,0.0567447037098776,0.04071952097657362,0.0005238301031477706,7,145,0.030730142334384324,0.014067326351474792,True,False,False,0.0002976620111347592,COMPLETE
1492,0.3811523795127869,2025-04-04 02:05:13.645778,2025-04-04 02:05:20.658326,0 days 00:00:07.012548,0.06742142704696027,0.136161228604507,8,0.005239771706813241,0.2843197160015891,0.06849532563984925,0.0878646154832993,0.039898968448381714,0.03306879187468906,0.001067570231873407,8,141,0.03608594845315964,0.006565380321350105,False,False,False,0.0006676580487788359,COMPLETE
1493,0.5581441760063172,2025-04-04 02:05:21.148456,2025-04-04 02:05:27.811554,0 days 00:00:06.663098,0.04058941455695836,0.28004955177613206,8,0.023728241858222414,0.2906866532450747,0.026168596743118486,0.09980588954029974,0.05197856689822302,0.03832278034873979,0.0008028816234365952,5,147,0.03302692308541277,0.0011679586390208009,True,False,False,0.00036110370956039746,COMPLETE
1494,0.29631375670433047,2025-04-04 02:05:28.292214,2025-04-04 02:05:35.026514,0 days 00:00:06.734300,0.06083056047841512,0.1942507538452063,8,0.0002841142703508964,0.2852344781583518,0.023271361415808125,0.09253894176814403,0.06214407340601652,0.0510760861281523,0.0006256530999219759,6,144,0.035034795698853094,0.0675301449159558,True,False,False,0.00021129947530505201,COMPLETE
1495,0.5172964334487915,2025-04-04 02:05:35.503535,2025-04-04 02:05:42.520517,0 days 00:00:07.016982,0.0962725778621906,0.16631922770793114,8,0.013408050002676527,0.2773758066896275,0.06213843466383353,0.09081586187404012,0.0550972925651318,0.047386907947165935,0.0005067737304770027,7,150,0.05287548863078983,0.010994468993504068,True,False,False,0.0005169384122781961,COMPLETE
1496,0.5536965966224671,2025-04-04 02:05:43.020442,2025-04-04 02:05:49.828068,0 days 00:00:06.807626,0.026317985354067035,0.257951281590078,8,0.009326335698521095,0.29992084479919623,0.07099197399200187,0.06367117549060873,0.04375749077040225,0.0440521249167978,0.0008567939254766017,6,139,0.03714491320833823,0.019345329686464602,True,False,False,0.00027489860639852534,COMPLETE
1497,0.5482550024986267,2025-04-04 02:05:50.310958,2025-04-04 02:05:56.988950,0 days 00:00:06.677992,0.07372249694707117,0.21586990097899164,8,0.01872792358994532,0.2907371304118328,0.05831038712105399,0.09606045245784132,0.04713041798502141,0.02884114686622499,0.00034130489782944237,5,147,0.0396935891002285,0.026217228959653942,True,False,False,0.0004278285539995499,COMPLETE
1498,0.5549103498458863,2025-04-04 02:05:57.464340,2025-04-04 02:06:04.417382,0 days 00:00:06.953042,0.0496576821516177,0.2391394494488334,8,0.03044010849751179,0.2698047135242289,0.060427466706343996,0.08905092030764367,0.05824866291457367,0.04149843549589797,0.0006331820775819713,7,144,0.032329633584294366,0.00695007471315921,True,False,False,0.00012419990439306182,COMPLETE
1499,0.5570666313171386,2025-04-04 02:06:04.891403,2025-04-04 02:06:11.705016,0 days 00:00:06.813613,0.11213029897874927,0.1968740050286222,8,0.013664496725295211,0.2946686289224326,0.02451817761965194,0.08479588033876086,0.05081046522373611,0.03950023413642901,0.00042188091801630687,6,150,0.029165634677276772,0.0010702696331957862,True,False,False,0.0001961304749031016,COMPLETE
1500,0.4122945368289948,2025-04-04 02:06:12.199185,2025-04-04 02:06:18.953790,0 days 00:00:06.754605,0.07770628353394789,0.17565467918807592,8,0.1555985446971196,0.2826550230464236,0.06430190858576425,0.09385479910646478,0.05410396342676867,0.035809739276375124,0.003219718575708451,5,147,0.03436361800311308,0.014074714007553153,True,False,False,0.00031122041350432347,COMPLETE
1501,0.29631375670433047,2025-04-04 02:06:19.433950,2025-04-04 02:06:26.299720,0 days 00:00:06.865770,0.04375599203741432,0.2610826047699744,8,0.00012739748318840206,0.2890963897856145,0.05650496556129678,0.09172096365601046,0.056876353966932226,0.024312789416377604,0.0007060328063398977,7,142,0.036873562691906434,0.011823739337770619,True,False,False,4.5571292101926994e-08,COMPLETE
1502,0.5586883425712585,2025-04-04 02:06:26.782296,2025-04-04 02:06:33.929922,0 days 00:00:07.147626,0.02643873805550834,0.22526069529588494,8,0.007658432577996423,0.27774779789044385,0.0269274172801142,0.08732036345960113,0.05970808261471436,0.033537844401066455,0.0005473073272773383,8,145,0.04079322944561167,0.019545476817971898,True,False,False,0.000634179281860947,COMPLETE
1503,0.29631375670433047,2025-04-04 02:06:34.402845,2025-04-04 02:06:40.756837,0 days 00:00:06.353992,0.0906511207132632,0.1033306696405641,8,0.02303713643260215,0.286571157996232,0.05108173364032118,0.09001481900526592,0.0531334102416494,0.03064971214216236,0.001008712722002106,6,148,0.03520297037580852,0.0064400233334027035,True,True,False,0.00035938212299780893,COMPLETE
1504,0.5532997846603394,2025-04-04 02:06:41.259977,2025-04-04 02:06:48.048868,0 days 00:00:06.788891,0.05266378070925367,0.20315623018081144,8,0.015245910993120962,0.29997572573879155,0.054037737882107695,0.0954124145743997,0.048910596942878685,0.04443515619294731,0.0008050885579931507,6,139,0.038168073675497606,0.014971969638915159,True,False,False,0.00024223151216218805,COMPLETE
1505,0.5568696975708008,2025-04-04 02:06:48.529396,2025-04-04 02:06:55.169767,0 days 00:00:06.640371,0.06838938622697399,0.15361565079242828,8,0.005733465770618579,0.2940961244192469,0.07842008904521545,0.09287765114434915,0.05642208405364445,0.04930372126943929,0.00047730872972461024,5,150,0.031759128617562,0.024926507288821786,True,False,False,0.0005347771623350924,COMPLETE
1506,0.35529780983924864,2025-04-04 02:06:55.653864,2025-04-04 02:07:02.252711,0 days 00:00:06.598847,0.12838179020802803,0.2464420494070413,8,0.010778189712921878,0.2820804154390927,0.0274782589793199,0.08982572406108484,0.05444240281459599,0.03740242071548845,0.0006096205996504539,7,145,0.03334885069632757,0.006536923336398955,True,False,True,0.0004053065895414364,COMPLETE
1507,0.5523431301116943,2025-04-04 02:07:02.750337,2025-04-04 02:07:09.161857,0 days 00:00:06.411520,0.02459650550908719,0.2865038367708568,16,0.020178659125144317,0.2739403922118357,0.06661294330394106,0.0832731167442582,0.04152781824165264,0.042442696986499696,0.0006869228972880512,6,147,0.036356738957378454,0.03267038569690943,True,False,False,0.000801475770387592,COMPLETE
1508,0.5461493968963623,2025-04-04 02:07:09.648735,2025-04-04 02:07:16.670386,0 days 00:00:07.021651,0.10218416347636589,0.1829736359870839,8,0.005909048194662076,0.2894212396770801,0.022685681831836797,0.0857790232921877,0.05142433194171658,0.02699668398573986,0.0012963739243568506,7,142,0.03867258431039605,0.011647397773001184,True,False,False,0.000994904008735404,COMPLETE
1509,0.5558105230331422,2025-04-04 02:07:17.147328,2025-04-04 02:07:23.778599,0 days 00:00:06.631271,0.05902981950209643,0.22401889901200905,8,0.013436638842603122,0.29464241371211175,0.05885970257465787,0.0979140300377472,0.06066387567568564,0.04658540306135251,0.0008819444017023522,5,150,0.04468278171939398,0.006207490893782064,True,False,False,0.000271891912398142,COMPLETE
1510,0.4017376244068146,2025-04-04 02:07:24.260204,2025-04-04 02:07:31.073823,0 days 00:00:06.813619,0.07836022529403336,0.2094680346207969,8,0.0286816601226269,0.28321357026566235,0.06365929165584194,0.09431590218094006,0.045848520363785436,0.03999547374461509,0.0005528391869788902,6,145,0.034367690673222734,0.019235022200688838,False,False,False,0.00017168457851557064,COMPLETE
1511,0.5591616988182069,2025-04-04 02:07:31.573437,2025-04-04 02:07:38.596974,0 days 00:00:07.023537,0.041328385340586735,0.2409376753665995,8,0.019132482632361926,0.2760952741674638,0.02454297720560624,0.08814957827371826,0.057758820029111285,0.0344066352679775,0.0003990462258841791,7,148,0.03083851241076087,0.0010846799540008107,True,False,False,0.0004408858206867846,COMPLETE
