number,value,datetime_start,datetime_complete,duration,params_alpha-eval,params_alpha-train,params_batch-size,params_eps-eval,params_eps-train,params_lambda-actions-eval,params_lambda-actions-train,params_lambda-frames-eval,params_lambda-frames-train,params_learning-rate,params_n-epochs,params_n-frames,params_radius-gw,params_rho,params_std-feats,params_ub-actions,params_ub-frames,params_weight-decay,state
1680,0.38669459819793706,2025-04-04 02:28:19.990336,2025-04-04 02:28:26.731120,0 days 00:00:06.740784,0.06123820472691536,0.16587156820667587,8,0.009965469396572734,0.2844558923541624,0.02473521280704731,0.09277440899998567,0.05932512359018694,0.024390410320619064,0.0009618008871217007,6,148,0.03798406267547232,0.0010699158020088329,False,False,False,0.0001936290107229541,COMPLETE
1681,0.5609943509101868,2025-04-04 02:28:27.266143,2025-04-04 02:28:34.265863,0 days 00:00:06.999720,0.08635550362956886,0.26912176707037433,8,0.02213403432814751,0.26819617127202366,0.0290420658032911,0.08491061771844426,0.05706433927486213,0.038746832255341215,0.0005116194045016995,7,150,0.03341515279849111,0.010194343964567556,True,False,False,0.00048035921992909786,COMPLETE
1682,0.558236050605774,2025-04-04 02:28:34.810284,2025-04-04 02:28:41.654589,0 days 00:00:06.844305,0.030359199768367127,0.25267925780379585,8,0.005467354896673044,0.2781396223406856,0.06849032333744139,0.0951757677473322,0.0621775245038469,0.03643929866354724,0.0006663035418701339,6,144,0.04770943568547946,0.006729466381938736,True,False,False,0.00027863746211154606,COMPLETE
1683,0.5600281238555909,2025-04-04 02:28:42.206241,2025-04-04 02:28:49.223989,0 days 00:00:07.017748,0.06856770784240926,0.1890349693646099,8,0.016810337371832754,0.290550664292035,0.02149693340042216,0.09227181280112703,0.05503877494016966,0.04392285296068749,0.0005948771131408533,7,147,0.03576692534558524,0.022868391536754913,True,False,False,0.00016920082033838554,COMPLETE
1684,0.535556972026825,2025-04-04 02:28:49.763020,2025-04-04 02:28:56.440556,0 days 00:00:06.677536,0.05365948444070423,0.2233382242717159,8,0.009938477551784564,0.29432826581722266,0.06159363762702537,0.061468918448670036,0.05081738836185112,0.04122617496389467,0.00032320202049793535,5,150,0.03227429726239866,0.015440509902723085,True,False,False,0.0007770023922164066,COMPLETE
1685,0.5546998381614685,2025-04-04 02:28:57.001186,2025-04-04 02:29:03.888364,0 days 00:00:06.887178,0.09222321929836763,0.30194079072145347,8,0.01513923253312194,0.2848118909192807,0.06502918062665623,0.09746616404258335,0.03407247516879556,0.032577677018953304,0.0007629036857880947,6,145,0.043022032691123056,0.006541662459647833,True,False,False,0.0003482176033166858,COMPLETE
1686,0.4430591940879822,2025-04-04 02:29:04.424042,2025-04-04 02:29:11.428784,0 days 00:00:07.004742,0.04039909132647829,0.23938937077856642,8,0.006548244323018046,0.290275508394574,0.02712787216905315,0.09448883127503079,0.05822089710056724,0.03711747278974513,0.009147520564618903,7,147,0.03863183342684844,0.014163903441966096,True,False,False,0.0005574294190607922,COMPLETE
1687,0.5123345375061036,2025-04-04 02:29:11.995955,2025-04-04 02:29:18.738896,0 days 00:00:06.742941,0.023990938104253255,0.20627438189105143,8,0.025684624962277153,0.2803189047482479,0.02360089296727714,0.09885854995989972,0.0529165283073582,0.03925851948980857,0.0004595609361839163,6,74,0.035021098391820195,0.010324682220873217,True,False,False,0.00023026488986157043,COMPLETE
1688,0.29631375670433047,2025-04-04 02:29:19.281799,2025-04-04 02:29:25.847522,0 days 00:00:06.565723,0.07031542484304157,0.15375202675991534,8,0.00013876336082463674,0.27513842354119344,0.05145368611613683,0.08685872179304654,0.0601023127713455,0.02670953878690559,0.0010312383338068032,5,144,0.02981881870388019,0.022073601195527197,True,False,False,0.0004152511776106454,COMPLETE
1689,0.5593999028205872,2025-04-04 02:29:26.389006,2025-04-04 02:29:33.566509,0 days 00:00:07.177503,0.09935567088811104,0.1793752537412352,8,0.017786120668556702,0.29522129674248304,0.030268493941285547,0.09182685603696833,0.05605463105015976,0.04459127379480865,0.0006276075239840481,8,148,0.036739042816529864,0.0062128017380006385,True,False,False,0.00030882252109389936,COMPLETE
1690,0.5579045295715332,2025-04-04 02:29:34.121267,2025-04-04 02:29:40.956619,0 days 00:00:06.835352,0.04649484197343232,0.2735257656887502,8,0.009800202507666158,0.2874719915828328,0.06297177853642734,0.09992715145942224,0.03382192336744948,0.03056691747715734,0.0005101000329668326,6,150,0.03387812472748354,0.015300017346701607,True,False,False,0.0004907837791314928,COMPLETE
1691,0.29631375670433047,2025-04-04 02:29:41.493143,2025-04-04 02:29:48.066273,0 days 00:00:06.573130,0.0259394222617855,0.21715708567309497,8,0.021350024184245836,0.28384954619476443,0.025375987100561354,0.08905013572270114,0.04903543363356544,0.03459830183460349,0.0008161617017247066,7,145,0.040156578783409363,0.010336315364345258,True,True,False,0.0002667929325640982,COMPLETE
1692,0.29631375670433047,2025-04-04 02:29:48.627290,2025-04-04 02:29:55.152968,0 days 00:00:06.525678,0.07282027309269878,0.24130021688208111,8,0.00033670713702908285,0.29476772985311156,0.048715596162405506,0.0956971370867181,0.05468750714164516,0.04312203376936024,0.0003814461762960261,5,147,0.03678889494228744,0.018093801699647083,True,False,False,0.0006628679283098781,COMPLETE
1693,0.5502384305000305,2025-04-04 02:29:55.692424,2025-04-04 02:30:06.337176,0 days 00:00:10.644752,0.05864702240567741,0.19573781174588728,8,0.013059299042147896,0.2997437041155853,0.06621904980518387,0.09325000708212682,0.0518211075864417,0.04170870288212082,0.0006894756775471492,27,143,0.03203264828993374,0.06200668126650716,True,False,False,7.0693308608473e-05,COMPLETE
1694,0.4959534406661988,2025-04-04 02:30:06.906107,2025-04-04 02:30:13.814525,0 days 00:00:06.908418,0.11866073968886906,0.22643722562500715,8,0.2223762794744234,0.2735262514066791,0.0315118981972891,0.09046064984102263,0.057499095723060674,0.038562204382876,0.0005627162309800976,6,150,0.0350864273241281,0.025649266456620454,True,False,False,0.0003722518776366742,COMPLETE
1695,0.5552195549011231,2025-04-04 02:30:14.353191,2025-04-04 02:30:20.849975,0 days 00:00:06.496784,0.08464135690316402,0.26499610130190987,16,0.005924774916752387,0.289113919671078,0.02774859612288868,0.08459685051153858,0.06112223315453002,0.02239856589061999,0.0009170654018163255,7,147,0.038500530025465676,0.0067276498211765075,True,False,False,0.00020436224329729608,COMPLETE
1696,0.37140123844146733,2025-04-04 02:30:21.417582,2025-04-04 02:30:27.871294,0 days 00:00:06.453712,0.8873659018482676,0.17123640086832698,8,0.013178672033355352,0.28017384207872054,0.06159662322319899,0.08870453992888629,0.05394105364664674,0.028265429845205105,0.00048011765438602693,6,143,0.028577638139930667,0.0011165760878246826,True,False,True,0.00014064059836437474,COMPLETE
1697,0.5572471976280213,2025-04-04 02:30:28.413464,2025-04-04 02:30:35.575521,0 days 00:00:07.162057,0.03713084547173488,0.20817527847836131,8,0.02495413584026921,0.2999027741357336,0.02168205999108877,0.09655327300101545,0.06333522118234713,0.04561846648582142,0.0006944649293744626,8,150,0.04135740626040957,0.013842741441005661,True,False,False,0.0008699038840193592,COMPLETE
1698,0.29631375670433047,2025-04-04 02:30:36.143037,2025-04-04 02:30:42.601883,0 days 00:00:06.458846,0.057376122606510066,0.24928758878346965,8,0.0002673004269396753,0.02021965646392221,0.052794735862665594,0.09223204905660905,0.05840463120058535,0.04051171617691425,0.0012140482213298233,5,147,0.03314733440324902,0.010485200114011498,False,False,False,0.0003218970197514649,COMPLETE
1699,0.5609832406044006,2025-04-04 02:30:43.145304,2025-04-04 02:30:49.955676,0 days 00:00:06.810372,0.025200788729599098,0.19236297264692223,8,0.009473002668348078,0.2666118673260374,0.06447844662790132,0.08602901018079978,0.05031591710067875,0.024660776260772798,0.0005934664337567827,6,144,0.03616577241458586,0.0010027167346776413,True,False,False,0.00045289036342476555,COMPLETE
1700,0.5299973845481873,2025-04-04 02:30:50.501549,2025-04-04 02:30:57.525033,0 days 00:00:07.023484,0.102817070723663,0.23280530014590298,8,0.018398617253727906,0.28886272264260116,0.023999015865721545,0.09465319473594248,0.05603318957504866,0.0370810550473641,0.0007937380451691803,7,103,0.03109255038922202,0.018598871638163823,True,False,False,0.00024378966564355162,COMPLETE
1701,0.549935257434845,2025-04-04 02:30:58.095284,2025-04-04 02:31:04.760674,0 days 00:00:06.665390,0.07883025238084207,0.13908461922146498,8,0.005973884929988114,0.2810451988648804,0.06784836103757177,0.09092225238661229,0.05296400216079089,0.03442662767616781,0.00039330705061830086,5,150,0.03868800214929406,0.006451420174399183,True,False,False,0.000647141210775834,COMPLETE
1702,0.561396872997284,2025-04-04 02:31:05.303765,2025-04-04 02:31:12.183597,0 days 00:00:06.879832,0.010619384340391986,0.2955519292045015,8,0.01478977023158544,0.2940842415011969,0.026684064001428864,0.08770550826406012,0.05981979324222092,0.04299453285887586,0.0005265759413386475,6,147,0.03434774518098645,0.015450318721486786,True,False,False,4.6230352230458746e-07,COMPLETE
1703,0.5565521597862244,2025-04-04 02:31:12.744681,2025-04-04 02:31:19.747725,0 days 00:00:07.003044,0.047802926846090846,0.20985463386140424,8,0.005633541372140711,0.29999533085185165,0.02464258046524532,0.09334830371807035,0.032799118747584725,0.032444569422079704,0.00090570418038426,7,143,0.03678057448243943,0.022486265064338623,True,False,False,0.0001733932480871138,COMPLETE
1704,0.5587234020233154,2025-04-04 02:31:20.291597,2025-04-04 02:31:27.077540,0 days 00:00:06.785943,0.07231253455367159,0.2547828332947525,8,0.028580328386030047,0.28542695906398163,0.06370229549826797,0.09699784500434445,0.04722140043226348,0.03962986072621921,0.0006795733601652225,6,147,0.03485480401502729,0.010514128070200031,True,False,False,0.00035577744840823106,COMPLETE
1705,0.5574490547180176,2025-04-04 02:31:27.644939,2025-04-04 02:31:34.277876,0 days 00:00:06.632937,0.039698495979711194,0.17814143303528523,8,0.020894482068007238,0.27439415086002616,0.029213035364787567,0.05852812819211296,0.05653794023707628,0.044835984047479835,0.0004346181631819298,5,150,0.03219405744472586,0.026348609501003893,True,False,False,0.0002723552315229303,COMPLETE
1706,0.5565732717514038,2025-04-04 02:31:34.823256,2025-04-04 02:31:41.815198,0 days 00:00:06.991942,0.08769446914634627,0.2205005345426157,8,0.011552940260904285,0.2902531119840466,0.06148634972338267,0.08967377517736108,0.05129020860086881,0.02973257750126652,0.0005846143952009229,7,145,0.03939198640131372,0.006385878720671203,True,False,False,0.0005520856687321276,COMPLETE
1707,0.3713497698307038,2025-04-04 02:31:42.356396,2025-04-04 02:31:49.440669,0 days 00:00:07.084273,0.0591972924502625,0.15675751845581107,8,0.008947315011587994,0.27939252080894245,0.0553993227415923,0.05514332638708308,0.054570523422189814,0.02585113484842278,0.001076271722252893,8,38,0.03673069233502513,0.0159345834324733,True,False,False,0.00041999667367294177,COMPLETE
1708,0.5574861645698548,2025-04-04 02:31:50.005082,2025-04-04 02:31:56.811832,0 days 00:00:06.806750,0.11098653543111997,0.2398313324006761,8,0.01770314204531704,0.20630305741557858,0.02826191561880705,0.08262758938581795,0.03669767859082161,0.03653126919163836,0.0007649449573623263,6,147,0.03378683623021579,0.007349068432099,True,False,False,0.0002166324960009294,COMPLETE
1709,0.5116865038871765,2025-04-04 02:31:57.355859,2025-04-04 02:32:04.547321,0 days 00:00:07.191462,0.025841755161076865,0.1982490070903762,8,0.16010115403939967,0.2856155047444063,0.022692644165473064,0.09506078722334374,0.05858296771391648,0.04179975561456779,0.0004987672970915613,7,143,0.041187708507349464,0.0012956804783866736,True,False,False,0.00032112777168692735,COMPLETE
1710,0.5589518070220947,2025-04-04 02:32:05.116005,2025-04-04 02:32:11.726957,0 days 00:00:06.610952,0.05514152944876768,0.2644466081154273,8,0.004545203535428425,0.2942417988491768,0.026101859261051043,0.09185093023138183,0.0562121505026735,0.039068288521874835,0.0006431604046250056,5,148,0.030821823921661266,0.020496305033899286,True,False,False,0.0005122385516307517,COMPLETE
1711,0.29631375670433047,2025-04-04 02:32:12.270223,2025-04-04 02:32:18.641172,0 days 00:00:06.370949,0.08913880512524039,0.2298268110663459,8,0.01411801270890993,0.2901553382236307,0.05388772778413621,0.0983390209144561,0.05292097376298235,0.031492975943499514,0.0008880923031452289,6,150,0.03760661084866895,0.0010924519552546373,True,True,False,0.0003925800377380359,COMPLETE
1712,0.5557992815971375,2025-04-04 02:32:19.214710,2025-04-04 02:32:26.043470,0 days 00:00:06.828760,0.04230781899754286,0.17914836291076394,8,0.0055536998609924774,0.27195306534130276,0.06635226796461503,0.0873535951826055,0.049156254088417166,0.027603727766877504,0.00032027867461823,6,141,0.03534882034957854,0.01168434378461119,True,False,False,0.00027818615127898195,COMPLETE
1713,0.3894314169883728,2025-04-04 02:32:26.587298,2025-04-04 02:32:36.634817,0 days 00:00:10.047519,0.011360806413720604,0.2056680574926023,8,0.022623204506927078,0.2814199264996214,0.06969715921465304,0.09394199866291804,0.05487342618989659,0.034923217999950136,0.0007416369692421991,29,145,0.03308968144574585,0.011016480986610315,True,False,True,0.00017872212480443434,COMPLETE
1714,0.5263213276863099,2025-04-04 02:32:37.201197,2025-04-04 02:32:44.206378,0 days 00:00:07.005181,0.06887867468841725,0.2760317747326313,8,0.01140530195533358,0.29435035271909066,0.05042925710706357,0.08987310613452941,0.060562334457462064,0.043530997190213395,0.001729047452844436,7,147,0.038718971826739675,0.016852524809012524,True,False,False,0.0006408379671211473,COMPLETE
1715,0.49094418287277225,2025-04-04 02:32:44.749103,2025-04-04 02:32:51.514618,0 days 00:00:06.765515,0.11803214111655033,0.2463233944196975,8,0.13593281988684303,0.28663031902223585,0.02962398403923349,0.09207440836836299,0.05752708447694637,0.040636740308314746,0.0005456382137588326,5,150,0.02799908240808715,0.0010201986940703619,True,False,False,0.00022635033404000543,COMPLETE
1716,0.5196165084838867,2025-04-04 02:32:52.086042,2025-04-04 02:32:58.505624,0 days 00:00:06.419582,0.04162594763197505,0.12240235431281407,16,0.08301055245011868,0.27804773561083895,0.025400750429913535,0.0962219705277071,0.0478823795841641,0.045934085912148585,0.0004441724776830804,6,145,0.03516116954630678,0.024838266305740184,True,False,False,0.0003295875068656178,COMPLETE
1717,0.38327147960662844,2025-04-04 02:32:59.059353,2025-04-04 02:33:06.028136,0 days 00:00:06.968783,0.07224424854203287,0.22042397370052141,8,0.01748560569856252,0.29975644825084535,0.06063816416642881,0.08606044399545834,0.05886226630972524,0.03771079664393261,0.000616660765184963,7,141,0.04274031776197433,0.006869432505613102,False,False,False,0.00046432411581717444,COMPLETE
1718,0.29631375670433047,2025-04-04 02:33:06.576850,2025-04-04 02:33:13.700089,0 days 00:00:07.123239,0.09129693330640125,0.18741638174909644,8,0.0003293609639917535,0.26707982971074407,0.05680477922609289,0.08862069490075149,0.0011316585515980526,0.022701951720933002,0.0008429643923627398,8,148,0.03675152609347065,0.014740284844485172,True,False,False,0.000976279589437185,COMPLETE
1719,0.5503104209899903,2025-04-04 02:33:14.270440,2025-04-04 02:33:20.922048,0 days 00:00:06.651608,0.06165425555676642,0.1655477988912628,8,0.009598917779893088,0.290031830513082,0.0631136646941609,0.09346534496543604,0.05163920189008369,0.04174340256675887,0.00109802574102967,5,143,0.03302056348370541,0.010269219372849907,True,False,False,0.0003830379916922141,COMPLETE
1720,0.3666233897209168,2025-04-04 02:33:21.470285,2025-04-04 02:33:28.258097,0 days 00:00:06.787812,0.02722742451106525,0.25745917223210896,8,0.028764650202999956,0.28309704882719683,0.021433032234397888,0.09077558659292276,0.06320606842229173,0.0330467462339665,0.0006668865211159753,6,5,0.02990557460872467,0.02085010980960938,True,False,False,0.00013400387278029573,COMPLETE
1721,0.29631375670433047,2025-04-04 02:33:28.824865,2025-04-04 02:33:35.700764,0 days 00:00:06.875899,0.05146995834888887,0.28647776575163675,8,0.00019379529696875522,0.29486811353420367,0.03158625009330965,0.08387694931341311,0.05409605291196231,0.03584990931375946,0.014064183190138016,7,145,0.03978137652417368,0.006075456769663684,True,False,False,0.00028467455414772907,COMPLETE
1722,0.5568696975708008,2025-04-04 02:33:36.248933,2025-04-04 02:33:43.139308,0 days 00:00:06.890375,0.099763164049573,0.21187904240629407,8,0.014597763258919396,0.2998819772190072,0.027479772916775252,0.09807122315311396,0.04992935569819395,0.043469450095314485,0.0003806728674579889,6,150,0.0349891638688202,0.0148549200983913,True,False,False,0.0005743320020329884,COMPLETE
1723,0.37034375071525577,2025-04-04 02:33:43.710897,2025-04-04 02:33:50.357796,0 days 00:00:06.646899,0.07475719942783642,0.9665941164090788,8,0.006051527638651744,0.27434736500977486,0.058449245123740244,0.09477805642582571,0.05635057906591082,0.026209991079124004,0.0005043137176849796,5,147,0.08607068293224196,0.028348433221848914,True,False,False,0.00024314123449607574,COMPLETE
1724,0.560146725177765,2025-04-04 02:33:50.907058,2025-04-04 02:33:57.981352,0 days 00:00:07.074294,0.010547456767410333,0.22914244326951677,8,0.02186189720173162,0.28618329557121663,0.024155543913294244,0.09156784101246808,0.061612071078157665,0.03824116686874234,0.0007295013957111664,7,150,0.03769098345086841,0.0072858777442473275,True,False,False,0.000744215211384121,COMPLETE
1725,0.5599352955818176,2025-04-04 02:33:58.556058,2025-04-04 02:34:05.398984,0 days 00:00:06.842926,0.039954040884812116,0.14586212234536586,8,0.010382263752234468,0.28964604545418865,0.06455715037808872,0.08918533843377231,0.052967686156352924,0.030056047016726525,0.0005633960722074027,6,142,0.03180003778169644,0.019254116063768395,True,False,False,0.0004371963094186572,COMPLETE
1726,0.536249828338623,2025-04-04 02:34:05.950690,2025-04-04 02:34:13.147887,0 days 00:00:07.197197,0.13614665739359716,0.2013418414391296,8,0.036464508269205456,0.27913498469972675,0.06730634182805037,0.09651364535234976,0.057311873004546134,0.046377891177641045,0.0009540183280912877,8,145,0.04592063507899901,0.011053748745396332,True,False,False,0.0003297909003246212,COMPLETE
1727,0.5597145080566406,2025-04-04 02:34:13.722081,2025-04-04 02:34:20.628627,0 days 00:00:06.906546,0.05300430200554914,0.23921126220932942,8,0.017248872465347596,0.2947973701339569,0.05526304149515727,0.09321347854099586,0.055114348250265816,0.040228712574521104,0.0004587326421180666,6,147,0.03595593407573497,0.0056162879884461715,True,False,False,0.00018555298488039348,COMPLETE
1728,0.5620315194129945,2025-04-04 02:34:21.184380,2025-04-04 02:34:28.164709,0 days 00:00:06.980329,0.08386876729484125,0.18138619291254346,8,0.005577460990819257,0.28624121893237153,0.06132451820072867,0.08594247004716966,0.0592514589251686,0.033810757256147315,0.0006207314433249528,7,150,0.03342930859335132,0.014746117143276737,True,False,False,0.00028668047029666596,COMPLETE
1729,0.29631375670433047,2025-04-04 02:34:28.714411,2025-04-04 02:34:35.445602,0 days 00:00:06.731191,0.030079213125443607,0.14108134994763133,8,0.0039769712303429315,0.2697557669613565,0.06106700014342947,0.08341868193818035,0.06143487394525498,0.03316678515254428,0.0007423526918426141,8,150,0.02907550239291026,0.001075363442309,True,True,False,0.0005010967773580948,COMPLETE
1730,0.29596535563468934,2025-04-04 02:34:36.013470,2025-04-04 02:34:42.938513,0 days 00:00:06.925043,0.06606088654161632,0.1618749698612043,8,0.0004477509620220846,0.2777163849501709,0.06366376535856641,0.08248968544674033,0.06339847410600018,0.035126679637387116,0.0005784493228533986,8,43,0.026643669467351395,0.012256985962338502,True,False,False,0.0003801705442632223,COMPLETE
1731,0.29631375670433047,2025-04-04 02:34:43.493360,2025-04-04 02:34:50.401490,0 days 00:00:06.908130,0.10241683111206108,0.1695716527315399,8,0.0002056794118280537,0.2733598879258313,0.06195556292173362,0.08449751984900042,0.060174961221706735,0.0356344908883088,0.000402689434439886,7,150,0.030397561707132443,0.0060893795348569745,True,False,False,0.0003105906071767954,COMPLETE
1732,0.3389499127864838,2025-04-04 02:34:50.972242,2025-04-04 02:34:57.731092,0 days 00:00:06.758850,0.07842174062990176,0.17803894012260946,8,0.005686150155553377,0.2825885176196584,0.0641720909264571,0.08515994176662488,0.05986633919839462,0.03692624680550615,0.0008615355936127546,8,150,0.03097465650725851,0.02231079819896701,True,False,True,0.0005716804370029612,COMPLETE
1733,0.561394202709198,2025-04-04 02:34:58.279556,2025-04-04 02:35:05.406734,0 days 00:00:07.127178,0.04091305591229877,0.15669189899907882,8,0.005608188602610678,0.2665424372804364,0.06115850129812893,0.08187118030838923,0.061754256207255324,0.03450915028350701,0.0004760124355357655,7,150,0.03251636244814224,0.0010156106346439627,True,False,False,0.00022707425614710617,COMPLETE
1734,0.29631375670433047,2025-04-04 02:35:05.981210,2025-04-04 02:35:12.884573,0 days 00:00:06.903363,0.05716375154199108,0.18818424569918546,8,0.00015671196583357232,0.2838169323670922,0.06555483788143888,0.08619263026091517,0.060514752676132495,0.03349831965446795,0.0006522210566478628,7,147,0.02837911029321334,0.0821920951211105,True,False,False,0.000422494466035436,COMPLETE
1735,0.5523980617523193,2025-04-04 02:35:13.438158,2025-04-04 02:35:20.543886,0 days 00:00:07.105728,0.605654377905608,0.14020415099916786,8,0.0076638614391111234,0.2751972461005705,0.06601793240552072,0.08551593830915233,0.058379011150215036,0.03686873117104646,0.0007750838967190279,8,150,0.03240484290811063,0.010434782096030633,True,False,False,0.0006931670412600634,COMPLETE
