number,value,datetime_start,datetime_complete,duration,params_alpha-eval,params_alpha-train,params_batch-size,params_eps-eval,params_eps-train,params_lambda-actions-eval,params_lambda-actions-train,params_lambda-frames-eval,params_lambda-frames-train,params_learning-rate,params_n-epochs,params_n-frames,params_radius-gw,params_rho,params_std-feats,params_ub-actions,params_ub-frames,params_weight-decay,state
901,0.48429638147354126,2025-04-23 11:58:08.583715,2025-04-23 11:58:15.410552,0 days 00:00:06.826837,0.779823817731904,0.12352389111271342,16,0.173680534159936,0.16525720541318237,0.06258803282307109,0.01972753795909539,0.04559478633217747,0.045352745054964894,3.1051540929588175e-05,6,130,0.026016772833688435,0.17698099949690071,True,False,False,1.2945492061589515e-06,COMPLETE
902,0.48857615590095527,2025-04-23 11:58:15.705660,2025-04-23 11:58:22.401006,0 days 00:00:06.695346,0.8362538896170151,0.07704603122994275,16,0.16659968307398598,0.1684617639077422,0.0912221253527805,0.022164090632701444,0.06507632454727252,0.04371265978096254,1.7092311527958237e-05,5,124,0.023507136725603096,0.1846440216120413,True,False,False,1.457194708615249e-06,COMPLETE
903,0.4812478840351105,2025-04-23 11:58:22.685972,2025-04-23 11:58:29.408383,0 days 00:00:06.722411,0.814629997998886,0.8428168853873895,16,0.17980938480232941,0.11330697770172284,0.09423782653191025,0.01547076291794722,0.06757819763739009,0.048783628672106435,3.9540810113073945e-05,5,117,0.02753418899428042,0.17448593022193667,True,False,False,1.6640497855816016e-06,COMPLETE
904,0.2949956297874451,2025-04-23 11:58:29.703842,2025-04-23 11:58:36.543291,0 days 00:00:06.839449,0.7967198947917403,0.2941369930016895,8,0.1604068817682151,0.17527697817924354,0.08701574622211868,0.016598114481064095,0.062336039664248964,0.04994167465789766,2.20156507389968e-05,6,124,0.025095656621511947,0.17301259895595592,True,False,True,2.274317916721373e-06,COMPLETE
905,0.49139391183853154,2025-04-23 11:58:36.838727,2025-04-23 11:58:43.717447,0 days 00:00:06.878720,0.736453397197564,0.2154358914584849,16,0.17157324846859964,0.1921117963316147,0.049131133467645145,0.019621304367457758,0.06902820413356131,0.06616522013850021,1.608290425527399e-05,6,128,0.02776197100132176,0.18452634666207068,True,False,False,9.6684365837495e-07,COMPLETE
906,0.49797627925872806,2025-04-23 11:58:44.016733,2025-04-23 11:58:50.725352,0 days 00:00:06.708619,0.8225285496645051,0.3133131771373066,16,0.181528265002268,0.03783290062812163,0.0894720383926359,0.02424172943908624,0.0656391951175086,0.046554492987271996,2.0399960686830074e-05,5,128,0.02072270463927998,0.1686306504636892,True,False,False,1.2405816812255072e-06,COMPLETE
907,0.4910564780235291,2025-04-23 11:58:51.011217,2025-04-23 11:58:57.741446,0 days 00:00:06.730229,0.8601358998394707,0.3179685066311699,16,0.18865160814125068,0.19733421073883328,0.0857316180179094,0.023923660775835763,0.06489430294739763,0.040754691031976514,2.744755270204998e-05,5,129,0.02027603823793159,0.1781605434731789,True,False,False,1.20075991841092e-06,COMPLETE
908,0.4957502841949463,2025-04-23 11:58:58.037614,2025-04-23 11:59:04.745982,0 days 00:00:06.708368,0.8861452318630735,0.31806636626636065,16,0.182312777311166,0.17455576937519426,0.08862164119138015,0.02412854651037914,0.06628610465260551,0.04373310627147668,2.2896199353457626e-05,5,127,0.018744005259063785,0.1708612295226176,True,False,False,1.7827497710767631e-06,COMPLETE
909,0.428563392162323,2025-04-23 11:59:05.044080,2025-04-23 11:59:11.810005,0 days 00:00:06.765925,0.820036553289101,0.3023273598641466,16,0.18918815238449677,0.026557588126186592,0.08891082781056203,0.02622741490862152,0.06489108162982656,0.04202999831096019,3.150761640323629e-05,5,132,0.021511358354716095,0.0958133131649139,True,False,False,1.0415174865015085e-06,COMPLETE
910,0.42310734987258913,2025-04-23 11:59:12.108734,2025-04-23 11:59:18.776724,0 days 00:00:06.667990,0.8332295805790007,0.28097700042326584,16,0.1836000193333883,0.08340200669069668,0.08383658380295919,0.022081135443484477,0.06554777596019862,0.044823743182686886,2.4870735900157713e-05,5,38,0.016983107592343116,0.1748154104482865,True,False,False,1.41578541761336e-06,COMPLETE
911,0.49461907148361206,2025-04-23 11:59:19.061723,2025-04-23 11:59:25.819587,0 days 00:00:06.757864,0.7965393095080486,0.33075395188411866,16,0.17973222421208065,0.12256043893624333,0.09007999601969356,0.02491606111724566,0.061668138531661296,0.044632432707726495,2.0654858253575623e-05,5,131,0.020146865375499503,0.1834257455976095,True,False,False,1.2471379311903697e-06,COMPLETE
912,0.39504183530807496,2025-04-23 11:59:26.115211,2025-04-23 11:59:35.681523,0 days 00:00:09.566312,0.8566004482269824,0.30591269192008635,16,0.26537377232602266,0.12716617126804464,0.0872941627651244,0.028094781744217267,0.06357900314856385,0.04665243670528493,2.5860454050856395e-05,30,133,0.021829293147154993,0.16828876308613985,True,False,False,9.648753430314083e-07,COMPLETE
913,0.4428698599338532,2025-04-23 11:59:35.981587,2025-04-23 11:59:46.008264,0 days 00:00:10.026677,0.8667026173436271,0.28337944213081706,2,0.19424813571226474,0.022855782138497545,0.08572865602982349,0.023238477676115,0.06265210139257314,0.047054224987351165,1.9478678572798817e-05,5,129,0.01574095133062149,0.1900060665622969,True,False,False,1.477893163346162e-06,COMPLETE
914,0.49489873647689825,2025-04-23 11:59:46.309799,2025-04-23 11:59:53.047604,0 days 00:00:06.737805,0.8302822577508814,0.35845377014645946,16,0.24577694058481925,0.06624996084586805,0.0901017500453416,0.02105177804465371,0.06726232615037442,0.04619830802595752,1.9796202996838074e-05,5,133,0.023434083763307995,0.17810423627820252,True,False,False,1.833963359149119e-06,COMPLETE
915,0.29631375670433047,2025-04-23 11:59:53.332799,2025-04-23 11:59:59.960527,0 days 00:00:06.627728,0.8338334258717722,0.3432360377144562,16,0.17751043292353166,0.004942087847711885,0.08866925972861991,0.026034581303351186,0.06819689409758993,0.04794107006801413,3.36874766156499e-05,5,127,0.020034964421323995,0.28060741300834374,True,False,False,8.401603235100598e-07,COMPLETE
916,0.4902428269386292,2025-04-23 12:00:00.259830,2025-04-23 12:00:07.005606,0 days 00:00:06.745776,0.8640719597126013,0.3154078020643465,16,0.18729246915959286,0.044729092434153774,0.07019277419234297,0.024338363439339733,0.06968530045937729,0.006856868910189006,2.7071319699299717e-05,5,135,0.023743860078079666,0.16917375296811082,True,False,False,1.1034260209830883e-06,COMPLETE
917,0.4936600685119629,2025-04-23 12:00:07.304404,2025-04-23 12:00:14.179883,0 days 00:00:06.875479,0.8057225291891627,0.26903315569873976,16,0.1801706286088272,0.05384395840597476,0.09117485677415585,0.021392792630250176,0.06680776473630404,0.043785744761909016,1.7930159747752996e-05,6,132,0.02230298763989719,0.16478915207494596,True,False,False,7.272892462643346e-07,COMPLETE
918,0.36462876200675964,2025-04-23 12:00:14.482638,2025-04-23 12:00:21.185043,0 days 00:00:06.702405,0.8173663969429107,0.29409220868989727,16,0.2003321901654815,0.05932224033716654,0.08715797393509374,0.018399967912494094,0.06459987461926181,0.04712037541685459,2.1952424270144532e-05,5,129,0.01822589491130218,0.17511853468429917,False,False,False,2.1864056510840915e-06,COMPLETE
919,0.29631375670433047,2025-04-23 12:00:21.475462,2025-04-23 12:00:27.890757,0 days 00:00:06.415295,0.8214305520235108,0.3192041749678933,16,0.19047028938698668,0.16198590711081576,0.0832662469132471,0.022601706431798346,0.06274378056623642,0.048693218776168994,0.00020016410170020234,6,136,0.020901224840600238,0.2112180896600282,True,True,False,1.4900059585730177e-06,COMPLETE
920,0.4789829790592194,2025-04-23 12:00:28.190850,2025-04-23 12:00:34.906714,0 days 00:00:06.715864,0.8475683488425501,0.337535233294338,16,0.17468659455844626,0.06513529935915459,0.09156617222496273,0.029283209675834254,0.0611519996604088,0.04702571886968472,3.83126282094097e-05,5,131,0.025002660701578548,0.17135691181947435,True,False,False,5.687292557958854e-07,COMPLETE
921,0.470869517326355,2025-04-23 12:00:35.209078,2025-04-23 12:00:42.092878,0 days 00:00:06.883800,0.7844930200195885,0.3681483432542881,16,0.1844497057872808,0.07405113090969692,0.08908061396031919,0.0254875489546868,0.06720083093000748,0.011061027355817335,1.713931930898714e-05,6,138,0.01489817142075533,0.2589567332175168,True,False,False,1.0940933203120674e-06,COMPLETE
922,0.4307723701000214,2025-04-23 12:00:42.396217,2025-04-23 12:00:50.554961,0 days 00:00:08.158744,0.8475218707954733,0.25487990887754197,16,0.1817414367935992,0.12037186386875415,0.09188466747760551,0.019695134676491782,0.05952009417853191,0.04976095993660275,2.3415812509655916e-05,18,134,0.018579519429384295,0.16508102915099396,True,False,False,7.060175675918981e-07,COMPLETE
923,0.3677992641925812,2025-04-23 12:00:50.841511,2025-04-23 12:00:57.471421,0 days 00:00:06.629910,0.7969939130740985,0.270285542541735,16,0.0005123763192799446,0.03853602216012116,0.09333154774690332,0.015667774475191125,0.0931625598513816,0.04139456553740338,1.8736345895751736e-05,5,125,0.023148807999419187,0.18203638313776652,True,False,False,9.063710139849759e-07,COMPLETE
924,0.29396648406982423,2025-04-23 12:00:57.773797,2025-04-23 12:01:04.113916,0 days 00:00:06.340119,0.8070568990211228,0.2978041389410602,16,0.17636212586043865,0.0792532311470602,0.09026515522843964,0.027237197039046254,0.02735908810440614,0.06821518409219694,1.527473900707655e-05,5,107,0.0266566304206569,0.2875208290566722,True,False,True,1.6662035131689786e-06,COMPLETE
925,0.4915761709213257,2025-04-23 12:01:04.416929,2025-04-23 12:01:11.212582,0 days 00:00:06.795653,0.8211849607664358,0.34510324277977844,16,0.19399104662423353,0.20728072772922004,0.08578693714968423,0.017450148726779777,0.07005348060264027,0.05066384367155144,1.5794525863544826e-05,6,122,0.025069658547779847,0.169537762150148,True,False,False,2.3784187466622506e-06,COMPLETE
926,0.49169014692306523,2025-04-23 12:01:11.515771,2025-04-23 12:01:18.280192,0 days 00:00:06.764421,0.7817104715245039,0.244617866219997,16,0.1876975412444823,0.03489503803314695,0.09176364229056878,0.03163325247889425,0.08980071204474313,0.04272575259968146,2.7820537599250897e-05,5,114,0.022185311260396728,0.17568825661215387,True,False,False,1.6349754629123797e-08,COMPLETE
927,0.4908467173576355,2025-04-23 12:01:18.571341,2025-04-23 12:01:25.902284,0 days 00:00:07.330943,0.7661681136151716,0.06722464937534682,8,0.1751645838943207,0.06155715266697506,0.0875404688621396,0.02347619380688367,0.09556294186163247,0.04489644494866257,1.9802579133826095e-05,6,138,0.02743086155493381,0.18772042280685608,True,False,False,1.2579770925976328e-06,COMPLETE
928,0.29631375670433047,2025-04-23 12:01:26.203271,2025-04-23 12:01:33.699248,0 days 00:00:07.495977,0.8722512068021093,0.3760963504257545,16,0.13750517905691736,0.01215079014180604,0.046647968793395465,0.021424049538617682,0.09138573065489226,0.04846486122589988,2.1466058545553135e-05,13,135,0.019906740477325435,0.16547614826354706,True,False,False,5.513147590536708e-07,COMPLETE
929,0.4958232760429383,2025-04-23 12:01:34.003242,2025-04-23 12:01:40.733979,0 days 00:00:06.730737,0.8380626318706861,0.10663452763329603,16,0.17057652737672965,0.16660952249986596,0.0039033904623695867,0.018988440854638418,0.0858850017612211,0.04595335869673438,1.4980752052015886e-05,5,129,0.01607987726601577,0.1624734199020591,True,False,False,7.109184294534477e-07,COMPLETE
930,0.4780934870243073,2025-04-23 12:01:41.038098,2025-04-23 12:01:47.834471,0 days 00:00:06.796373,0.8155500654496965,0.2814834179171877,16,0.18047537055105517,0.13083808073165087,0.09000405310787703,0.014832849634660054,0.06464632740571452,0.07293893143399002,2.6554662058788282e-05,5,150,0.012371163057546482,0.26728423612223134,True,False,False,2.4367506286815705e-07,COMPLETE
931,0.49237066507339483,2025-04-23 12:01:48.124958,2025-04-23 12:01:55.015673,0 days 00:00:06.890715,0.759015137298992,0.30637266459163737,16,0.18566332598602817,0.01421508529339563,0.09308274361218925,0.026484890468532897,0.08826117989736691,0.06930502181673517,1.8012434113978322e-05,6,140,0.025616188419226506,0.17874131483284975,True,False,False,1.3502946463588837e-06,COMPLETE
932,0.4152221083641053,2025-04-23 12:01:55.319141,2025-04-23 12:02:03.386865,0 days 00:00:08.067724,0.5155184658904294,0.32887033759477086,16,0.17354977625301177,0.04222824645404351,0.08938134076735775,0.023743460541085698,0.06842129084274011,0.0636402565099204,3.368927300178298e-05,17,145,0.028325826399758378,0.171456589882694,True,False,False,9.295708305096244e-07,COMPLETE
933,0.49367272853851324,2025-04-23 12:02:03.691692,2025-04-23 12:02:10.568720,0 days 00:00:06.877028,0.6982527633543644,0.3954560057678912,16,0.14624595200263601,0.018942365533160394,0.0921686810187046,0.02038185431552364,0.09377476771609944,0.01658366590233314,1.3936617088047887e-05,6,137,0.02463085098698245,0.16289278877117844,True,False,False,3.2112481154394914e-07,COMPLETE
934,0.3689515471458435,2025-04-23 12:02:10.875481,2025-04-23 12:02:17.588568,0 days 00:00:06.713087,0.8515584837808605,0.22102136673633274,16,0.19205384458368085,0.12376904632715381,0.07889262388495168,0.021986325045857784,0.09120694248689747,0.05009169005134741,0.0005654538476751065,5,133,0.022452510639607678,0.1703730352378964,True,False,False,1.737432633607297e-06,COMPLETE
935,0.38554097414016725,2025-04-23 12:02:17.899033,2025-04-23 12:02:28.610374,0 days 00:00:10.711341,0.7944813423285902,0.08841384684803602,2,0.18178476366264776,0.04985390751490604,0.09349010373848674,0.028993344632641575,0.09580905489390434,0.03882552543231476,4.9031823076024754e-05,6,143,0.02761534354341553,0.19735146001249157,True,False,False,2.4515654688994997e-05,COMPLETE
936,0.4922309160232544,2025-04-23 12:02:28.902826,2025-04-23 12:02:35.646023,0 days 00:00:06.743197,0.7501376005814749,0.35391716022743797,16,0.08465527446579726,0.16376751171351703,0.08486019371798811,0.017670749861939505,0.08644660637125662,0.07105092191860779,2.3315556841606004e-05,5,126,0.02380896161126513,0.18260844232641907,True,False,False,1.0818292616456755e-06,COMPLETE
937,0.36690194606781007,2025-04-23 12:02:35.951280,2025-04-23 12:02:42.624061,0 days 00:00:06.672781,0.8886996931970262,0.261271043347772,16,0.16789451455285428,0.18644030192036237,0.08799648071041109,0.024740039810759052,0.06610951940321122,0.06757811956136749,1.6251894044925096e-05,5,140,0.017344748770344448,0.16227788475635904,False,False,False,4.187157397922312e-07,COMPLETE
938,0.29631375670433047,2025-04-23 12:02:42.930872,2025-04-23 12:02:49.396168,0 days 00:00:06.465296,0.5231589056667387,0.8077603853211822,16,0.17625767942331683,0.009323514637252853,0.09062149848144574,0.014003578484373475,0.09200804694431808,0.0655686667725805,1.9072448502638863e-05,6,130,0.029446418472020966,0.17739704894830013,True,True,False,2.467622684675069e-06,COMPLETE
939,0.4969191431999207,2025-04-23 12:02:49.703463,2025-04-23 12:02:56.438646,0 days 00:00:06.735183,0.8274325952645318,0.29252049447735873,16,0.19955040659727444,0.13130806343713272,0.09455474014553021,0.019488109195203603,0.08901689176626024,0.051431449211271435,1.4018386960556951e-05,5,135,0.026218250405137762,0.15686331703783726,True,False,False,8.298170226391823e-07,COMPLETE
940,0.483752453327179,2025-04-23 12:02:56.732152,2025-04-23 12:03:03.585131,0 days 00:00:06.852979,0.7247256731341852,0.3280995319472645,16,0.18738408110923346,0.16000453141320417,0.08256030676496408,0.027142390502207823,0.08424291470822591,0.06135432452103584,2.844410273430961e-05,6,146,0.021136288309525176,0.16770308316230367,True,False,False,1.8663647827692694e-06,COMPLETE
941,0.4226546943187714,2025-04-23 12:03:03.887093,2025-04-23 12:03:13.023289,0 days 00:00:09.136196,0.7895179478558346,0.23727916131641988,16,0.1696016479894492,0.11686960587161714,0.09185448805036338,0.025340806282621656,0.09691799136108,0.04810725997196967,1.7097208676965372e-05,26,139,0.0460485575373901,0.17413236844074426,True,False,False,6.496861865085968e-07,COMPLETE
942,0.4910540699958802,2025-04-23 12:03:13.332057,2025-04-23 12:03:20.062488,0 days 00:00:06.730431,0.3184616832083326,0.31171817263272683,16,0.1817854413722368,0.06945035458831222,0.08723601526090156,0.0208993716388865,0.0933440927183436,0.009126674238732072,1.3758731562365957e-05,5,148,0.029126244228941982,0.16035767874853693,True,False,False,5.340677174090426e-07,COMPLETE
943,0.49046866297721864,2025-04-23 12:03:20.368693,2025-04-23 12:03:27.175334,0 days 00:00:06.806641,0.5484682250280402,0.42014618849765734,16,0.16249668386434937,0.12460533326711497,0.09398052261135573,0.016770500685514052,0.06364923632563887,0.046405273296768725,2.3179565050191142e-05,5,142,0.026511154618876924,0.19300385889820093,True,False,False,1.2460073290073468e-06,COMPLETE
944,0.2959937632083893,2025-04-23 12:03:27.485257,2025-04-23 12:03:33.867845,0 days 00:00:06.382588,0.4990815841180617,0.06127585328551198,16,0.17579923413766047,0.135076243845581,0.08933699508236616,0.023327107914304694,0.09977940171886933,0.05145156843543362,8.152256743741412e-05,6,50,0.013550525810337558,0.1674173468588409,True,False,True,1.5875482987875927e-05,COMPLETE
945,0.4953561663627625,2025-04-23 12:03:34.161939,2025-04-23 12:03:40.969265,0 days 00:00:06.807326,0.4894365761487513,0.26094541379968794,16,0.19553768593380141,0.17579540410361785,0.09160189560878819,0.030576545237429937,0.09037935244752318,0.04918399558798942,2.1055554543235517e-05,6,132,0.009968750169443093,0.18682063660981774,True,False,False,9.866867360403605e-07,COMPLETE
946,0.4949104189872742,2025-04-23 12:03:41.276124,2025-04-23 12:03:48.013312,0 days 00:00:06.737188,0.36256321347768106,0.3816345234294065,16,0.15198895725203132,0.11831584920311031,0.09448157908449548,0.022038896187965697,0.0941643844649909,0.06658636703749508,1.586325821257682e-05,5,127,0.023845245062028845,0.1530427644381968,True,False,False,1.24365599995934e-05,COMPLETE
947,0.472849714756012,2025-04-23 12:03:48.317963,2025-04-23 12:03:56.679187,0 days 00:00:08.361224,0.5109306826873985,0.2725829570327692,16,0.18961522576330297,0.03149847893004168,0.09000800272613631,0.018853229037033247,0.020214022627890547,0.0339349372208569,1.318903029876013e-05,20,136,0.02874460231595626,0.17516112469787248,True,False,False,1.3699223576265745e-06,COMPLETE
948,0.4841948628425598,2025-04-23 12:03:56.988454,2025-04-23 12:04:03.721564,0 days 00:00:06.733110,0.6707185955236246,0.33475649746068886,16,0.17012833958475163,0.12764771980329692,0.09267720490813179,0.01533038869723194,0.08731311311346775,0.0628285590259227,1.8833570262846114e-05,5,144,0.019198512866360658,0.12082328318812524,True,False,False,8.341444017951161e-07,COMPLETE
949,0.47908347845077515,2025-04-23 12:04:04.016579,2025-04-23 12:04:11.327493,0 days 00:00:07.310914,0.34410991397241075,0.8551370443636664,8,0.1836237647093419,0.1371161976012101,0.08799421149285172,0.0281180116030747,0.09678935105038085,0.014747621920188265,3.196257028543075e-05,6,139,0.02705630539206098,0.23711202866152045,True,False,False,4.83400792177026e-07,COMPLETE
950,0.40323007106781006,2025-04-23 12:04:11.634604,2025-04-23 12:04:18.654259,0 days 00:00:07.019655,0.48113366004067293,0.36095775564024796,16,0.17757372232945212,0.22562047875562938,0.08583811067744851,0.02443123383976544,0.06192981620990615,0.021564992175742134,1.5410618576934266e-05,7,133,0.03042693381563113,0.04173761945082617,True,False,False,1.9830874264140107e-06,COMPLETE
951,0.4754419803619385,2025-04-23 12:04:18.962196,2025-04-23 12:04:25.657915,0 days 00:00:06.695719,0.7762982136675767,0.290995753082502,16,0.16248261459318503,0.15824529440963067,0.09077252925396406,0.021741668195554772,0.09483263571076789,0.0697444611321295,2.6276733535778015e-05,5,122,0.021395242882832816,0.2714809265930901,True,False,False,2.026058683272986e-05,COMPLETE
952,0.491137969493866,2025-04-23 12:04:25.970409,2025-04-23 12:04:32.780397,0 days 00:00:06.809988,0.5812819155574579,0.20923054302065852,16,0.20585316233493456,0.2136345800326072,0.044351617794933025,0.018645509899286684,0.0892904369691014,0.05952459264474753,1.335093608178628e-05,6,119,0.02588065946754961,0.1641029989849026,True,False,False,2.6936620609261223e-06,COMPLETE
953,0.4922562599182129,2025-04-23 12:04:33.089767,2025-04-23 12:04:39.875010,0 days 00:00:06.785243,0.8551249744368712,0.23747018935678663,16,0.17191516510724117,0.17010090834488076,0.09530122643324626,0.025565352526304052,0.09179339408950929,0.04431840141211777,2.0451044219412906e-05,5,150,0.023651502134985056,0.15951792791037372,True,False,False,3.826960640731246e-07,COMPLETE
954,0.4391375184059143,2025-04-23 12:04:40.172964,2025-04-23 12:04:46.996493,0 days 00:00:06.823529,0.8148169789071148,0.07456261065257523,16,0.18065743448183774,0.11444551674758628,0.0736093070484766,0.01727377148931615,0.0860421482461666,0.07407805713725968,6.165209780164214e-05,6,142,0.02918320472546589,0.18172361722498098,True,False,False,1.6206995446297155e-06,COMPLETE
955,0.4982259035110474,2025-04-23 12:04:47.307519,2025-04-23 12:04:54.035925,0 days 00:00:06.728406,0.6363382275693157,0.3032008996919444,16,0.19250995980601973,0.13190258641321603,0.09366773249638424,0.020622253307482147,0.0708992582758377,0.04997019076583361,1.6911291680254234e-05,5,137,0.016280944229781043,0.17149966816900827,True,False,False,6.294309013585926e-07,COMPLETE
956,0.3674496173858643,2025-04-23 12:04:54.346683,2025-04-23 12:05:01.082094,0 days 00:00:06.735411,0.6420037215970926,0.3185517301040501,16,0.1967768413039263,0.129169874040713,0.09272741092783776,0.020162635843265966,0.06939663934074415,0.0489812256210392,1.249351336662775e-05,6,131,0.01420903395808465,0.16833281757505836,False,False,False,3.6169816755358196e-05,COMPLETE
