number,value,datetime_start,datetime_complete,duration,params_alpha-eval,params_alpha-train,params_batch-size,params_eps-eval,params_eps-train,params_lambda-actions-eval,params_lambda-actions-train,params_lambda-frames-eval,params_lambda-frames-train,params_learning-rate,params_n-epochs,params_n-frames,params_radius-gw,params_rho,params_std-feats,params_ub-actions,params_ub-frames,params_weight-decay,state
620,0.3655186295509339,2025-04-23 11:23:32.960554,2025-04-23 11:23:39.909633,0 days 00:00:06.949079,0.9016077896369524,0.2950112257810731,16,0.16826565133661867,0.14096612643211337,0.08926798194019847,0.016868926642163468,0.0967839970356745,0.05447219129697455,3.134829310246049e-05,7,137,0.09641369567425326,0.16452820399032317,True,False,False,5.415735878294121e-07,COMPLETE
621,0.4368206918239594,2025-04-23 11:23:40.103957,2025-04-23 11:23:46.912092,0 days 00:00:06.808135,0.7116127335969937,0.8825544100070442,16,0.17642847040236428,0.24717690715807353,0.07817127574073376,0.02831064818811751,0.027494956211370263,0.061735506678934536,5.519861624915792e-05,6,128,0.031102004750109262,0.1588707466200122,True,False,False,9.56397735467891e-07,COMPLETE
622,0.4918673515319824,2025-04-23 11:23:47.118912,2025-04-23 11:23:53.854186,0 days 00:00:06.735274,0.48632544429309876,0.36221506356919714,16,0.18335733421029524,0.12590661349054766,0.09991006546324901,0.012476745293732189,0.06963554042181627,0.058204705863815494,2.1899119910936406e-05,5,150,0.02886784942051763,0.19508643197538234,True,False,False,3.925463211188252e-06,COMPLETE
623,0.4952972292900086,2025-04-23 11:23:54.047234,2025-04-23 11:24:00.769486,0 days 00:00:06.722252,0.5328950337073366,0.8391963881655622,16,0.1713893220258569,0.13620103493115535,0.09604111604313335,0.024082605261929877,0.09407011338098874,0.06898444076735218,1.61868958581565e-05,5,133,0.03220716485192686,0.1716664857700668,True,False,False,2.1372347033636364e-07,COMPLETE
624,0.40205516219139104,2025-04-23 11:24:00.976854,2025-04-23 11:24:07.964471,0 days 00:00:06.987617,0.6677913011970451,0.037489526814455616,16,0.292288495087496,0.10100624676932514,0.0868968060392977,0.06561750869129036,0.08469495117351725,0.03637434981925993,1.2218145505093699e-05,7,139,0.02050385513047223,0.019986756394765437,True,False,False,1.3604143256665406e-08,COMPLETE
625,0.3696864247322083,2025-04-23 11:24:08.158099,2025-04-23 11:24:18.745336,0 days 00:00:10.587237,0.5975119793801899,0.12677696040361425,2,0.03981515841603479,0.14650227240952854,0.09372216588328851,0.07133966784568631,0.06622316521816514,0.05641783907589059,1.393898114567448e-05,6,48,0.01663631942163118,0.15292882415309011,True,False,False,8.611682404255629e-07,COMPLETE
626,0.49520788192749027,2025-04-23 11:24:18.957776,2025-04-23 11:24:25.673593,0 days 00:00:06.715817,0.3629840454437216,0.15491139806383766,16,0.18843282000753714,0.11284034399522364,0.09085167387250294,0.0211621559075163,0.09204629568140572,0.0484508333530086,1.942087270217746e-05,5,147,0.022711406812662763,0.1646151036132436,True,False,False,2.08888713915271e-06,COMPLETE
627,0.47249065637588505,2025-04-23 11:24:25.867539,2025-04-23 11:24:32.692129,0 days 00:00:06.824590,0.40820900185301545,0.24827551816813026,16,0.16421325173911813,0.17654429368642166,0.09841665628987877,0.027105780024882814,0.09508556263049664,0.06515047993678064,2.4385551678010702e-05,6,118,0.03734502398980939,0.27055065631592295,True,False,False,4.4850683483439203e-07,COMPLETE
628,0.3527898371219635,2025-04-23 11:24:32.902164,2025-04-23 11:24:39.736511,0 days 00:00:06.834347,0.38125886242538637,0.1747303839587367,16,0.14557039803990898,0.1653268429454076,0.04392450668765485,0.01390423948953273,0.08866254637924668,0.05257178339948095,0.0005527172068578634,6,144,0.027429587433274026,0.17870762165070714,True,False,False,5.67629907237491e-06,COMPLETE
629,0.4833214581012726,2025-04-23 11:24:39.931271,2025-04-23 11:24:47.028139,0 days 00:00:07.096868,0.7441562553267936,0.35269040279415975,16,0.18110796385920885,0.12194183276881834,0.09231753291906886,0.0768295461740936,0.03439796369213895,0.045244701505708314,1.1738928353016555e-05,8,99,0.03453169738126779,0.1869956372869454,True,False,False,9.995814721060366e-06,COMPLETE
630,0.4961891174316406,2025-04-23 11:24:47.238123,2025-04-23 11:24:53.964417,0 days 00:00:06.726294,0.4683248537804074,0.3800595367888103,16,0.17520951506129626,0.1546883106529106,0.0956260363793677,0.011022033041016907,0.046276866262950855,0.05092851971547942,1.62920219269772e-05,5,135,0.030018277370249258,0.17009459527005674,True,False,False,1.4405849683910981e-06,COMPLETE
631,0.36528865098953245,2025-04-23 11:24:54.158359,2025-04-23 11:25:01.150858,0 days 00:00:06.992499,0.49371689609146574,0.3112664794785328,16,0.19132949456753423,0.13819781828785602,0.08929675659225603,0.08877682084183426,0.09810443066097813,0.054752898689493804,0.00034617983061650614,7,140,0.02553621404327165,0.15576310032631777,True,False,False,2.8198830311967398e-06,COMPLETE
632,0.29631375670433047,2025-04-23 11:25:01.360452,2025-04-23 11:25:07.796550,0 days 00:00:06.436098,0.42813038146077426,0.32606503705635437,16,0.15400843144755635,0.10747511615142448,0.010701014349960715,0.07457521095085572,0.08075911959759645,0.07298609751297888,0.0039579240605811345,6,125,0.028108284410145037,0.2619307753050759,True,True,False,6.453625826278e-07,COMPLETE
633,0.3859666705131531,2025-04-23 11:25:07.991808,2025-04-23 11:25:14.641850,0 days 00:00:06.650042,0.9763955972642806,0.5084340264689067,16,0.16757197256279358,0.1298306215906341,0.09759608493034469,0.09187568547755655,0.09028884746300904,0.017639548085036334,1.3696279453584279e-05,5,131,0.05781331786651818,0.14989750823117476,False,False,False,9.442508942754466e-08,COMPLETE
634,0.4754118144512177,2025-04-23 11:25:14.853397,2025-04-23 11:25:21.664821,0 days 00:00:06.811424,0.5217707656217142,0.2776111814599659,16,0.15878530381699157,0.14580885985771416,0.09391251873687238,0.07956927424563043,0.029923272253033872,0.04019958370816651,3.662110104628686e-05,5,142,0.01855458570613486,0.16187841110103124,True,False,False,1.1040277310546993e-06,COMPLETE
635,0.485934329032898,2025-04-23 11:25:21.863961,2025-04-23 11:25:28.685037,0 days 00:00:06.821076,0.457012554105339,0.23553892699357146,16,0.18220148124810107,0.1601551607679141,0.09148736138291529,0.018559885016443338,0.08774354285264772,0.0496453163199375,2.8320342445476106e-05,6,137,0.023818941445581557,0.17616510019784876,True,False,False,7.192149940408631e-06,COMPLETE
636,0.44170363545417785,2025-04-23 11:25:28.896971,2025-04-23 11:25:35.819191,0 days 00:00:06.922220,0.33831875239326437,0.20840896401888576,16,0.17329256126818496,0.11996348474544255,0.04836008636719566,0.08489853102882766,0.009967975538198469,0.07908607219527627,1.7677359122955817e-05,7,147,0.005962019531683458,0.16709622881537495,True,False,False,1.5701042507797963e-06,COMPLETE
637,0.294671094417572,2025-04-23 11:25:36.017489,2025-04-23 11:25:42.553069,0 days 00:00:06.535580,0.49354647857034945,0.9112583622946434,16,0.1782747109984424,0.15205113673201137,0.09483953540123442,0.03289405726269587,0.09286994614107022,0.057128553289765786,1.1773245175096475e-05,6,144,0.03270268643740699,0.14203536358027657,True,False,True,2.2120145532976405e-06,COMPLETE
638,0.49379746913909917,2025-04-23 11:25:42.766916,2025-04-23 11:25:50.564104,0 days 00:00:07.797188,0.44411464639828957,0.051026238945073236,8,0.18668884719694004,0.13209018480029006,0.040362530927838786,0.02293503063309471,0.08533327945008833,0.04764125101978998,1.0097901206229942e-05,9,134,0.014512889154574474,0.15725159240339348,True,False,False,4.375160790121165e-06,COMPLETE
639,0.42959952950477603,2025-04-23 11:25:50.762644,2025-04-23 11:26:00.100331,0 days 00:00:09.337687,0.4753901294092354,0.34892775880397653,16,0.16481824122343425,0.1420798792075815,0.08697239865051493,0.025631573507335415,0.015785258255786375,0.052719849973916114,1.4336033541761546e-05,29,128,0.02997190120008526,0.16305676237339958,True,False,False,5.8775862951900295e-06,COMPLETE
640,0.46387928128242495,2025-04-23 11:26:00.310187,2025-04-23 11:26:07.030389,0 days 00:00:06.720202,0.5130872954141382,0.29300938382088376,16,0.17246875917390808,0.263443143687989,0.08942394641711857,0.016031561787801206,0.09629730605369397,0.05945564003109956,2.3073334923919962e-05,5,140,0.021348636827769423,0.28538066580636046,True,False,False,8.523042270491273e-07,COMPLETE
641,0.4921974301338196,2025-04-23 11:26:07.233328,2025-04-23 11:26:13.979264,0 days 00:00:06.745936,0.4083946504539228,0.4589784461564577,16,0.1814142161047652,0.16882394029341355,0.09745222320917163,0.06740721601843991,0.09052539120807476,0.055327877116875375,1.9003562972973026e-05,5,150,0.026594074473425693,0.1727818870401446,True,False,False,8.809074037557245e-06,COMPLETE
642,0.4848219394683838,2025-04-23 11:26:14.190634,2025-04-23 11:26:21.056661,0 days 00:00:06.866027,0.30621929845827667,0.4027677809368886,16,0.18997104139727625,0.11534871421672682,0.09305976632978144,0.0695388441341341,0.07716141643089079,0.05103158816491181,1.5709078680200154e-05,6,136,0.035383167011774116,0.13126521468172658,True,False,False,1.1938797470753017e-06,COMPLETE
643,0.4881998598575592,2025-04-23 11:26:21.256638,2025-04-23 11:26:28.252006,0 days 00:00:06.995368,0.5377015327969269,0.2657800889487225,16,0.1658925719594676,0.12681286765624764,0.04705604315121167,0.021448829078600372,0.0744508140839702,0.012068714767096114,1.2049240610087431e-05,7,142,0.03187080477366794,0.1815467289759452,True,False,False,7.146542027325289e-07,COMPLETE
644,0.4928550004959107,2025-04-23 11:26:28.468935,2025-04-23 11:26:35.172684,0 days 00:00:06.703749,0.384112786270255,0.18134725275747574,16,0.07993522605677804,0.19661518208859574,0.09107898014564149,0.06044037129387288,0.09385779385596098,0.07088700996217638,1.3609898812511426e-05,5,131,0.02872989744394228,0.14846241399256419,True,False,False,5.043572628752677e-07,COMPLETE
645,0.4963509321212769,2025-04-23 11:26:35.373599,2025-04-23 11:26:42.115858,0 days 00:00:06.742259,0.5031262212916131,0.3220355754156387,16,0.1766867540221285,0.15180364855224351,0.09575386418178476,0.01987729454726412,0.09985299036127324,0.043388918711098734,1.9709271339429838e-05,5,145,0.02493891835949232,0.1675856029904573,True,False,False,4.9899468077619246e-08,COMPLETE
646,0.35753030776977546,2025-04-23 11:26:42.327367,2025-04-23 11:26:49.367921,0 days 00:00:07.040554,0.4685364830749803,0.08004897191102431,16,0.1580818136147693,0.13682601299111388,0.03787850268987562,0.09412275041147619,0.09771928109614798,0.05416601889455329,0.01783056476799943,8,138,0.030470532883905995,0.1572258671151365,True,False,False,3.7940795680840915e-06,COMPLETE
647,0.36356810927391053,2025-04-23 11:26:49.583980,2025-04-23 11:27:00.213692,0 days 00:00:10.629712,0.4279394739483231,0.43631122712786585,2,0.24106474342728,0.2524787366191339,0.08017707148076086,0.06481608498239881,0.08611758955358895,0.05676227285288767,7.617750910772423e-05,6,125,0.022693960982389717,0.17255523996408703,True,False,False,1.1779196568006836e-05,COMPLETE
648,0.49684145450592043,2025-04-23 11:27:00.414948,2025-04-23 11:27:07.377954,0 days 00:00:06.963006,0.5490262224017556,0.8630105106065831,16,0.18405918198566004,0.14497370016029784,0.050891570859832105,0.02467580459794529,0.08268376244810821,0.04927392600327938,1.0002589654907e-05,7,141,0.03326413550544233,0.16284772574911408,True,False,False,1.7002588903384335e-06,COMPLETE
649,0.4269524455070496,2025-04-23 11:27:07.593097,2025-04-23 11:27:14.378234,0 days 00:00:06.785137,0.3629015773473441,0.37741217502855856,16,0.1919609366204887,0.10854441151636761,0.09332631336854356,0.08622745612732124,0.09185223128924656,0.06182814176112486,1.5998645365078786e-05,5,147,0.06880024339986873,0.07641499806155946,True,False,False,6.870482148441457e-06,COMPLETE
650,0.47295252680778505,2025-04-23 11:27:14.581356,2025-04-23 11:27:21.416246,0 days 00:00:06.834890,0.4883695816254278,0.24722008891926867,16,0.15067804618923558,0.12265622665939695,0.08831409352955438,0.030306648221436767,0.09465098574012114,0.06698139859533432,2.832755910914543e-05,6,133,0.027630983413291607,0.1534311998806475,True,False,False,1.6863079450386558e-05,COMPLETE
651,0.3414344608783722,2025-04-23 11:27:21.632548,2025-04-23 11:27:27.939671,0 days 00:00:06.307123,0.4456188987476936,0.3040224330731206,16,0.170201770788735,0.15760019483410018,0.09814309351053738,0.018178685224425898,0.08883639204404878,0.051942822095021046,1.1896192561930612e-05,5,109,0.03725165376531399,0.17658023988650579,False,True,False,2.7358173895651683e-06,COMPLETE
652,0.4165985465049744,2025-04-23 11:27:28.143729,2025-04-23 11:27:36.651237,0 days 00:00:08.507508,0.5147300333922501,0.34231902829282257,16,0.17740500601971027,0.13317154406454879,0.09048750465580485,0.006906575496172249,0.06252372858531749,0.046882587485035314,4.618812738069005e-05,21,138,0.01933916916223318,0.29772852284655943,True,False,False,1.073758424257446e-06,COMPLETE
653,0.467743194103241,2025-04-23 11:27:36.875086,2025-04-23 11:27:44.174905,0 days 00:00:07.299819,0.47374004821865345,0.03541346056358448,16,0.17150038636322756,0.14897842028310976,0.08444166669924674,0.014523036919159977,0.08039802212297108,0.05349354047088869,2.1420522061068917e-05,10,144,0.03144872288645508,0.1681823908538951,True,False,False,2.2098617724006992e-08,COMPLETE
654,0.4529358148574829,2025-04-23 11:27:44.379481,2025-04-23 11:27:51.185186,0 days 00:00:06.805705,0.4180870553233159,0.010112041811574692,16,0.16198475744818852,0.08665341766875596,0.09583042874990441,0.003187284525076795,0.08347017790113974,0.015827933694493663,1.3874141215338957e-05,6,135,0.025457688624209995,0.2756107953481613,True,False,False,4.964336590113343e-06,COMPLETE
655,0.48931975364685065,2025-04-23 11:27:51.400398,2025-04-23 11:27:58.159792,0 days 00:00:06.759394,0.4565470243026039,0.22490351738024114,16,0.18560048519675765,0.1633302060533579,0.0921243198094031,0.0730948296277878,0.0958319499677865,0.057562122215127,1.6146108339619984e-05,5,129,0.029313637506047256,0.18871273959371415,True,False,False,1.930972483742201e-06,COMPLETE
656,0.29463629722595214,2025-04-23 11:27:58.367323,2025-04-23 11:28:04.928860,0 days 00:00:06.561537,0.7841542518705653,0.6564095913414828,16,0.18065703276590628,0.11388743131990074,0.09436926132016621,0.009818227877892593,0.07227022264695712,0.05499106848187923,1.189829164877064e-05,7,141,0.03436256079092426,0.13763682351739967,True,False,True,1.2653843338037072e-06,COMPLETE
657,0.4762719511985779,2025-04-23 11:28:05.148149,2025-04-23 11:28:12.088823,0 days 00:00:06.940674,0.394712954625804,0.10163604325550313,16,0.19290273355166582,0.10275010490179846,0.099804343567365,0.08903490009617018,0.08694425829416087,0.06070534290811998,1.8256398866096106e-05,6,147,0.027278118172484274,0.2552600656648886,True,False,False,0.00019369366685483604,COMPLETE
658,0.4902956604957581,2025-04-23 11:28:12.295355,2025-04-23 11:28:19.015280,0 days 00:00:06.719925,0.4886518900610502,0.28269126479388307,16,0.16816897909495207,0.24395997320949878,0.08649613408693917,0.022629936674387872,0.03693209435294132,0.06339683388658673,2.607855066600467e-05,5,121,0.015858945569828503,0.15973755482029495,True,False,False,0.0005718917886104355,COMPLETE
659,0.48894466161727906,2025-04-23 11:28:19.233512,2025-04-23 11:28:26.296234,0 days 00:00:07.062722,0.5050244348735157,0.06402385780556724,16,0.17581554855378193,0.1388784254830415,0.0896948647189113,0.02725555776236349,0.05504218025030037,0.051250363126705265,1.0047250926016865e-05,8,138,0.02361707512330634,0.1797959883443342,True,False,False,7.419135576609903e-07,COMPLETE
660,0.4738908410072327,2025-04-23 11:28:26.501459,2025-04-23 11:28:33.809526,0 days 00:00:07.308067,0.8346829259068184,0.13607648304919967,8,0.1842869565189844,0.12725092531740467,0.09715323885163625,0.08283600278772614,0.09772649536769573,0.04920166277825645,1.4195075658125077e-05,6,144,0.03082537277979239,0.1497836445441581,True,False,False,9.522779204886381e-06,COMPLETE
661,0.4638975322246552,2025-04-23 11:28:34.025820,2025-04-23 11:28:41.416442,0 days 00:00:07.390622,0.44939676368231496,0.36366745160163005,16,0.15838060037028692,0.14390181722043244,0.09274756382661066,0.01724921504801489,0.09033067260413999,0.05538890629978743,2.257739442715081e-05,11,132,0.020824647302278315,0.16341763130035672,True,False,False,3.3477354999409167e-06,COMPLETE
662,0.3692631125450134,2025-04-23 11:28:41.622415,2025-04-23 11:28:48.345918,0 days 00:00:06.723503,0.33000984651347653,0.2041134162522896,16,0.17343893836765434,0.1563508656030779,0.07106008217351528,0.0989693624487968,0.07861614987317771,0.05799345080957695,0.0019401331345820767,5,141,0.02899235400733374,0.17080057933134088,True,False,False,3.7750386405744707e-07,COMPLETE
663,0.48650676012039185,2025-04-23 11:28:48.563022,2025-04-23 11:28:55.494963,0 days 00:00:06.931941,0.4734275322100081,0.8311677173076651,16,0.16388346820057503,0.12000990478901458,0.09480896204707245,0.0631168149993888,0.048594880228960566,0.04610407420959906,1.7621536983780324e-05,7,135,0.011072578019479529,0.15610360494449374,True,False,False,6.041219380548996e-07,COMPLETE
664,0.4875758767127991,2025-04-23 11:28:55.703148,2025-04-23 11:29:02.498638,0 days 00:00:06.795490,0.5685026902798069,0.25955747394087514,16,0.18926953876244884,0.13295006406615034,0.0910114640884822,0.06771488461853584,0.09305250455416209,0.0525550048504058,1.2876489568407962e-05,6,127,0.03300986225369419,0.14477956241102555,True,False,False,1.5321901780525883e-06,COMPLETE
665,0.36163918375968934,2025-04-23 11:29:02.715846,2025-04-23 11:29:09.449933,0 days 00:00:06.734087,0.5260785460710078,0.5803329133157724,16,0.1425842857270601,0.14988422999648182,0.09600703724326724,0.02084339559570046,0.0315959837347196,0.007448768345024174,0.0010905337839829735,5,150,0.03562201469996856,0.17472496493237688,True,False,False,9.307541953300315e-07,COMPLETE
666,0.48586750626564024,2025-04-23 11:29:09.671880,2025-04-23 11:29:16.474539,0 days 00:00:06.802659,0.37468641187486595,0.4123326088884746,16,0.05115616216816095,0.2297593559430136,0.08874345711644867,0.07076167775103853,0.06920598467572113,0.02610897471528769,1.5282958347547082e-05,6,144,0.026515630834190906,0.16673643692242401,True,False,False,7.485314466351947e-06,COMPLETE
667,0.4606715798377991,2025-04-23 11:29:16.681249,2025-04-23 11:29:23.484944,0 days 00:00:06.803695,0.4344209017210283,0.3045220294220457,16,0.18046801142811392,0.09208207063642544,0.09331633967474415,0.023970023784564566,0.09448628563740262,0.013773372120294142,3.8544126884290376e-05,6,139,0.024853614556830494,0.16016469647403575,True,False,False,2.362554554581202e-06,COMPLETE
668,0.4839985191822052,2025-04-23 11:29:23.706935,2025-04-23 11:29:30.418204,0 days 00:00:06.711269,0.4114128442539229,0.1572960028508232,16,0.19663832464269337,0.12597625091179096,0.045901437249941855,0.011964027904683365,0.09996539050522851,0.06936694821517615,1.1456295160707565e-05,5,130,0.017976848733015038,0.18521388659115,True,False,False,5.234774434918056e-06,COMPLETE
669,0.3416633069515228,2025-04-23 11:29:30.625026,2025-04-23 11:29:49.604890,0 days 00:00:18.979864,0.3522702883688133,0.3245654431664779,2,0.15240346817740189,0.14037790536630526,0.09801189267110952,0.0875090022310578,0.08812157635122578,0.05029950200505625,2.06519950218258e-05,19,147,0.031924464890208844,0.22798230926169932,True,False,False,1.3197284746199648e-06,COMPLETE
670,0.3192340135574341,2025-04-23 11:29:49.829752,2025-04-23 11:29:57.206590,0 days 00:00:07.376838,0.49696584256099663,0.48978005688623255,16,0.17094688191549384,0.11697801560258436,0.05386500760688951,0.02586597061226414,0.08527965747983722,0.053781513591583716,2.9820093933079616e-05,18,123,0.01347518362901408,0.21218499710179242,False,True,False,4.403719781144482e-06,COMPLETE
671,0.4857859015464783,2025-04-23 11:29:57.420989,2025-04-23 11:30:04.306893,0 days 00:00:06.885904,0.4686203151790087,0.7890478015162649,16,0.1783023620923062,0.21944718208357278,0.09128442545553433,0.018905687206165228,0.08151896524720424,0.05980213030266421,1.6691548139540546e-05,7,136,0.03953609306865788,0.15333756891019862,True,False,False,1.3828075061387846e-05,COMPLETE
672,0.49295507669448857,2025-04-23 11:30:04.529071,2025-04-23 11:30:11.295600,0 days 00:00:06.766529,0.7579934128398064,0.3892669253177743,16,0.18646642783632322,0.1714893600358514,0.08754650010564186,0.09100674785406686,0.09699028720089888,0.05644901755451851,1.3407561662673131e-05,5,142,0.029187305863326365,0.16915487817282115,True,False,False,9.555388660899117e-07,COMPLETE
673,0.496922242641449,2025-04-23 11:30:11.505819,2025-04-23 11:30:18.354773,0 days 00:00:06.848954,0.5513971623101391,0.23690552831515818,16,0.27490422333522224,0.18922091360313176,0.09477985668173844,0.016512975343837003,0.09223358281627812,0.04819133809323602,1.1667233193639432e-05,6,132,0.02187049156630585,0.16271659833795013,True,False,False,4.6727022779027624e-07,COMPLETE
674,0.49675921201705936,2025-04-23 11:30:18.575881,2025-04-23 11:30:25.339515,0 days 00:00:06.763634,0.5191928138595484,0.2797497402029985,16,0.16425167240157607,0.10711543528938136,0.09196134645515275,0.014108753733174295,0.07585338960559812,0.052193124272422356,2.4389440916285538e-05,5,139,0.03394641677099964,0.1758086225299408,True,False,False,6.484931915098685e-07,COMPLETE
675,0.29718158245086673,2025-04-23 11:30:25.547662,2025-04-23 11:30:32.009173,0 days 00:00:06.461511,0.4895913405615288,0.34225025353915184,16,0.1822942489043364,0.15956763989844452,0.09642427050309033,0.06524095399232885,0.08929586821410393,0.04452146845698486,1.885842738343714e-05,6,145,0.026881051984806885,0.15737363142020955,True,False,True,5.8785258744065125e-06,COMPLETE
