number,value,datetime_start,datetime_complete,duration,params_alpha-eval,params_alpha-train,params_batch-size,params_eps-eval,params_eps-train,params_lambda-actions-eval,params_lambda-actions-train,params_lambda-frames-eval,params_lambda-frames-train,params_learning-rate,params_n-epochs,params_n-frames,params_radius-gw,params_rho,params_std-feats,params_ub-actions,params_ub-frames,params_weight-decay,state
732,0.387521243095398,2025-04-23 11:37:18.906893,2025-04-23 11:37:25.851324,0 days 00:00:06.944431,0.43803507785592405,0.8882000501874141,16,0.19287071871106265,0.17292448006400774,0.0885245225606225,0.08753946044712671,0.0698742119919841,0.05444785927415328,4.3994461944317555e-05,7,150,0.0012222542020743493,0.1638217041577684,True,False,False,7.141320001338108e-06,COMPLETE
733,0.29608066678047185,2025-04-23 11:37:26.081832,2025-04-23 11:37:32.515884,0 days 00:00:06.434052,0.4738162546492085,0.2986607176622674,16,0.18209832908064547,0.1379507099074191,0.07362162799561306,0.024471864677504923,0.0881741263092717,0.056352981966098746,1.1789139996390459e-05,5,145,0.03057089377115261,0.15862915191448462,True,False,True,3.7186913918041225e-06,COMPLETE
734,0.49112623929977417,2025-04-23 11:37:32.757413,2025-04-23 11:37:39.551277,0 days 00:00:06.793864,0.5104492622961357,0.24578782759219664,16,0.1634968238942098,0.24021710784756284,0.0967842317245791,0.022586974501617382,0.09403418391240495,0.009678071508149186,1.9731286509317242e-05,6,135,0.023518548494552448,0.20184449579736588,True,False,False,3.087443249968862e-07,COMPLETE
735,0.4883355259895325,2025-04-23 11:37:39.795276,2025-04-23 11:37:46.604871,0 days 00:00:06.809595,0.4454410671038199,0.15690660099754694,16,0.17351419259462555,0.1542795647652315,0.09050172412734017,0.09562397854668095,0.09190302917472891,0.05112072513033655,1.4017459037526492e-05,5,143,0.0263117435468189,0.17576769616672175,True,False,False,9.959930323212075e-06,COMPLETE
736,0.4252322256565094,2025-04-23 11:37:46.835983,2025-04-23 11:37:56.848814,0 days 00:00:10.012831,0.4734715343239049,0.03051769344661265,2,0.14043552268717152,0.14430090627632425,0.042721678685384755,0.08191534264692993,0.09597074302283481,0.05817034475334861,0.09515822074284722,5,129,0.03252496681148786,0.16783478673317512,True,False,False,5.609691129213576e-06,COMPLETE
737,0.46044032573699956,2025-04-23 11:37:57.094684,2025-04-23 11:38:03.980755,0 days 00:00:06.886071,0.4150243915181405,0.1963962316859958,16,0.18723749679159124,0.22059354324537397,0.08261967638509195,0.026323207660193464,0.08957572083980239,0.039947465729145815,3.3285424112073115e-05,6,138,0.029363713748197427,0.15072248732406857,True,False,False,6.375498100477549e-07,COMPLETE
738,0.48870062828063965,2025-04-23 11:38:04.211524,2025-04-23 11:38:11.156973,0 days 00:00:06.945449,0.500387748849455,0.27532031305466154,16,0.16732278179927065,0.132729533323466,0.09390139259313364,0.016552972958814242,0.04682493084037022,0.054074436630867195,1.0031843797590218e-05,7,146,0.030712025510979794,0.18013703113269477,True,False,False,1.370502995247055e-05,COMPLETE
739,0.4965550899505616,2025-04-23 11:38:11.400457,2025-04-23 11:38:18.211791,0 days 00:00:06.811334,0.77140116018761,0.3554746485646454,16,0.17993462195958648,0.14707873336758862,0.09981815580155687,0.06772988525422502,0.09313118546468582,0.042244771577031034,1.6082000048995634e-05,5,140,0.035054800935753076,0.1618908530603376,True,False,False,4.275341598342949e-07,COMPLETE
740,0.48687663674354553,2025-04-23 11:38:18.452733,2025-04-23 11:38:25.291981,0 days 00:00:06.839248,0.40041167848793796,0.08619902596795882,16,0.15762963359872229,0.16366067327415673,0.08898615113177193,0.010826424024975675,0.0981596112520371,0.055838923227499664,1.223647742559449e-05,6,133,0.039476189873417875,0.16963040440992178,True,False,False,8.144570864504817e-07,COMPLETE
741,0.4895662307739258,2025-04-23 11:38:25.522906,2025-04-23 11:38:32.577927,0 days 00:00:07.055021,0.48210507691206106,0.1149793336439883,16,0.19997225041680497,0.1401065809138091,0.09228362278289702,0.031514405887493005,0.09114080931893279,0.05165055264940796,2.183695034041309e-05,8,143,0.027629437120558813,0.18739799444353195,True,False,False,2.6036882134286908e-05,COMPLETE
742,0.48901759386062627,2025-04-23 11:38:32.821666,2025-04-23 11:38:39.692516,0 days 00:00:06.870850,0.45960869014930583,0.3252332125071249,16,0.17619133942755935,0.17716376526511748,0.06513850631447438,0.013928463755668,0.055739370685320935,0.05847726493857915,1.7318893425322313e-05,6,126,0.0251644071322354,0.15368820887053788,True,False,False,7.0254229665009406e-06,COMPLETE
743,0.49174740314483645,2025-04-23 11:38:39.924991,2025-04-23 11:38:46.694103,0 days 00:00:06.769112,0.42913775692159517,0.30950794729053677,16,0.18545215012738878,0.1572474092433394,0.0959956150303107,0.020365058478644126,0.044384130489778045,0.06597713249849384,2.8384578151994014e-05,5,148,0.012463461665773487,0.17320947081902754,True,False,False,4.25771496038389e-06,COMPLETE
744,0.491337251663208,2025-04-23 11:38:46.935999,2025-04-23 11:38:53.874618,0 days 00:00:06.938619,0.74804558618803,0.8549625457566505,16,0.16817511098032514,0.2287369860450341,0.09470305962568988,0.08558693605294251,0.08777803029941683,0.06093655611401027,1.391208574599664e-05,7,120,0.03266070241548647,0.14351547264680176,True,False,False,8.805721453059094e-06,COMPLETE
745,0.49610059261322026,2025-04-23 11:38:54.121907,2025-04-23 11:39:00.890904,0 days 00:00:06.768997,0.5148704156650135,0.8314753515240668,16,0.192440319321507,0.24943454222713532,0.09103839098603497,0.024078553334160993,0.06608972867160337,0.03417530589498133,1.189342614404437e-05,5,137,0.023397258174757418,0.15927663270407047,True,False,False,5.351498262605702e-07,COMPLETE
746,0.3635837614536286,2025-04-23 11:39:01.123274,2025-04-23 11:39:07.855222,0 days 00:00:06.731948,0.5379495511792347,0.22496892557464032,16,0.1747335600058245,0.12985182359372313,0.09999293030839602,0.07166673208431927,0.09550996786006692,0.0025745468065730007,1.9199187642768338e-05,6,141,0.02911302067264923,0.13552499928950812,False,False,False,6.648532425968782e-07,COMPLETE
747,0.4027709662914276,2025-04-23 11:39:08.102214,2025-04-23 11:39:14.965986,0 days 00:00:06.863772,0.49258768990049007,0.33973060609927225,16,0.18116661924342167,0.14993617027167488,0.09682476462023754,0.08962426618741787,0.07388852319920367,0.04962650833317357,8.934097475285578e-05,6,145,0.017837551540494826,0.1656866430265196,True,False,False,6.152225215275243e-06,COMPLETE
748,0.3541742324829102,2025-04-23 11:39:15.196399,2025-04-23 11:39:21.531513,0 days 00:00:06.335114,0.46602999022967057,0.05981290785910653,16,0.11994837730853569,0.15364493658962924,0.08681508288070516,0.018370284835469777,0.08877965305298874,0.053172520250011374,1.6132065372663013e-05,5,135,0.037631573661185136,0.2629196375607369,True,True,False,1.118394301890757e-05,COMPLETE
749,0.48578859567642213,2025-04-23 11:39:21.776365,2025-04-23 11:39:28.856478,0 days 00:00:07.080113,0.44648733325793694,0.25398327015121347,8,0.15375743334250042,0.16950481602530992,0.09295919837267179,0.027581671982629785,0.038108474027114925,0.056142010037089296,2.580305095283627e-05,5,132,0.03399017717620574,0.26989719193966444,True,False,False,3.6616637856924544e-06,COMPLETE
750,0.49135106801986694,2025-04-23 11:39:29.103081,2025-04-23 11:39:36.028899,0 days 00:00:06.925818,0.5915123211310427,0.17226112383097106,16,0.1648968501675788,0.1413410739865603,0.08889784943748623,0.0936687209030748,0.020329535122625798,0.0634030195759589,1.3288480834180435e-05,7,139,0.03134786630625716,0.179086993682848,True,False,False,8.26833300939431e-07,COMPLETE
751,0.45443704128265383,2025-04-23 11:39:36.264576,2025-04-23 11:39:45.070293,0 days 00:00:08.805717,0.7232288497807929,0.28688420464484055,16,0.1873991898772865,0.1355942577368971,0.094665319926945,0.021911135094536394,0.09823110987918765,0.07007565450828233,1.1515649155260353e-05,23,150,0.02663645447415746,0.1538423176615924,True,False,False,2.924284363938803e-06,COMPLETE
752,0.2946557760238648,2025-04-23 11:39:45.315929,2025-04-23 11:39:51.850802,0 days 00:00:06.534873,0.6605929448652879,0.20379668010828794,16,0.17502315464771107,0.1243783273621841,0.0910471905358469,0.016295356819127096,0.06813297555678967,0.04575893196422633,2.2209624011924107e-05,6,143,0.02869820463016051,0.2925166898423787,True,False,True,5.086284848287207e-06,COMPLETE
753,0.4926854252815247,2025-04-23 11:39:52.087008,2025-04-23 11:39:58.828364,0 days 00:00:06.741356,0.39875898884732863,0.3565337213976704,16,0.20581561681792276,0.2662394541735208,0.045084463625523666,0.07382104378167134,0.09215189440193639,0.015032638983046378,1.789472565739677e-05,5,130,0.02140915412087724,0.16760357441069482,True,False,False,2.4112322727696234e-07,COMPLETE
754,0.43406146168708803,2025-04-23 11:39:59.073243,2025-04-23 11:40:07.198113,0 days 00:00:08.124870,0.47787465632318615,0.010959362511278981,16,0.14666733466138618,0.14448818826859938,0.06902552302630655,0.06687125123699136,0.032621333362253424,0.053481367343536625,1.4767071056731887e-05,17,147,0.030686654400211937,0.16026868508938177,True,False,False,1.4978814088993498e-05,COMPLETE
755,0.3728199124336243,2025-04-23 11:40:07.446425,2025-04-23 11:40:14.263524,0 days 00:00:06.817099,0.4245104187023573,0.2561107331755982,16,0.1960058984712737,0.244921396793086,0.09842365546204554,0.06901382424891284,0.08614022621205898,0.04904105570038822,1.000413517157437e-05,6,137,0.08915549089681132,0.17120983060168077,True,False,False,9.939697485569753e-07,COMPLETE
756,0.4942325353622437,2025-04-23 11:40:14.499536,2025-04-23 11:40:21.248489,0 days 00:00:06.748953,0.5159623446189313,0.3062344912770968,16,0.16996357027114933,0.0519174305772578,0.08559429649329793,0.02985377148887293,0.09409835608259876,0.056029084802089645,1.9905141295915916e-05,5,141,0.02594280123888492,0.17514746013700136,True,False,False,1.4171180250969952e-07,COMPLETE
757,0.4946428537368775,2025-04-23 11:40:21.498298,2025-04-23 11:40:28.459526,0 days 00:00:06.961228,0.4972408298216663,0.5604863289608439,16,0.15881119831859705,0.16160447769789635,0.09249224373900658,0.0346512110854752,0.09069734179142722,0.07206054050509152,1.3506450429682235e-05,7,134,0.02777685280031274,0.16260057982907777,True,False,False,6.925088270944964e-07,COMPLETE
758,0.4626039803028107,2025-04-23 11:40:28.709475,2025-04-23 11:40:50.781953,0 days 00:00:22.072478,0.4421793249064089,0.23868908466964558,2,0.18197177012466276,0.15212919051300633,0.09641347550678693,0.012625248666303088,0.06065651470561323,0.05922301895284461,3.963573964878923e-05,24,145,0.014968051888395874,0.14880893165345638,True,False,False,1.9700150491352854e-05,COMPLETE
759,0.41771842837333684,2025-04-23 11:40:51.019484,2025-04-23 11:40:57.725354,0 days 00:00:06.705870,0.5585053385334326,0.2750945312518751,16,0.17868364831297523,0.12945905169129773,0.08995746653444758,0.019935639815476275,0.09535281376382053,0.051570465757067925,1.6216732445128097e-05,6,12,0.034860683614553536,0.18257888770920025,True,False,False,4.245659561686047e-07,COMPLETE
760,0.49380738735198976,2025-04-23 11:40:57.979359,2025-04-23 11:41:04.704928,0 days 00:00:06.725569,0.46106318563084836,0.3276899745636649,16,0.19063724534702817,0.14455416963587703,0.09438016680568288,0.08749225829506163,0.0969742438231739,0.047745250065301885,1.2166475018737867e-05,5,128,0.023932448441219778,0.15672208193032572,True,False,False,8.019953547767616e-06,COMPLETE
761,0.3998898506164551,2025-04-23 11:41:04.942251,2025-04-23 11:41:11.773016,0 days 00:00:06.830765,0.7973217380436461,0.14654911887945904,16,0.26019912829562136,0.13563653845820772,0.09757410238411453,0.044845130937218425,0.04142687246181932,0.06807104626292536,0.029614449731877247,6,124,0.03195960499956173,0.1642734395210319,True,False,False,6.1184157174968914e-06,COMPLETE
762,0.4744250595569611,2025-04-23 11:41:12.022517,2025-04-23 11:41:18.939061,0 days 00:00:06.916544,0.4807499870491688,0.8039561391498335,16,0.12981394137318086,0.1212914800744804,0.09237815874393328,0.025837767930396646,0.08955300446094962,0.05701478601807484,3.008631294571316e-05,7,140,0.029843453778830045,0.17482533523270893,True,False,False,2.56886890048073e-06,COMPLETE
763,0.4935657620429993,2025-04-23 11:41:19.191268,2025-04-23 11:41:25.902318,0 days 00:00:06.711050,0.5294451891895952,0.3656131009421594,16,0.17072508211162865,0.23283334775951411,0.048113368967741585,0.0233894729897373,0.09281363786510348,0.05449529295901388,2.4120976538562456e-05,5,143,0.03649641936634664,0.19054315562577756,True,False,False,4.271238857400166e-06,COMPLETE
764,0.47551122903823856,2025-04-23 11:41:26.140001,2025-04-23 11:41:33.176854,0 days 00:00:07.036853,0.3874587734810336,0.7581294951393753,16,0.16297814511488387,0.15465252794316262,0.08824451901044539,0.09144052824136124,0.07246518545923633,0.0522034591218604,1.7005232292083186e-05,8,136,0.047762309002871185,0.16699024029861195,True,False,False,5.462066394064211e-07,COMPLETE
765,0.36751942038536073,2025-04-23 11:41:33.427527,2025-04-23 11:41:40.067030,0 days 00:00:06.639503,0.49900404168741996,0.29803119382207266,16,0.1840394241524889,0.13648183126128996,0.09549559514068491,0.014758810934263273,0.07594286992767561,0.04391247613040706,1.1703908344877008e-05,5,147,0.03303185929536774,0.15581454001227296,False,False,False,9.92682823507664e-07,COMPLETE
766,0.4968175530433655,2025-04-23 11:41:40.306992,2025-04-23 11:41:47.128119,0 days 00:00:06.821127,0.41323292596094985,0.07154147404299055,16,0.17641324332128838,0.16081427890538272,0.040809967093806694,0.009059210442442534,0.08653657142386027,0.0079874177739984,1.4829785469699851e-05,6,138,0.02751327511846427,0.1705224285074171,True,False,False,2.1505436386619547e-06,COMPLETE
767,0.29631375670433047,2025-04-23 11:41:47.380708,2025-04-23 11:41:53.777054,0 days 00:00:06.396346,0.4416145676793878,0.03411650824959998,16,0.16763912512326581,0.1479322812734242,0.09317403295563782,0.02134082147823769,0.026372011773860053,0.06602450523138154,1.0014048764543072e-05,5,132,0.019842328319020875,0.12462781023617768,True,True,False,1.0020547585155827e-05,COMPLETE
768,0.4841266512870789,2025-04-23 11:41:54.028524,2025-04-23 11:42:00.950442,0 days 00:00:06.921918,0.4606692087766311,0.6028145554018453,16,0.1879009073587354,0.12869820968646845,0.09049372606103877,0.08451549844583742,0.035956842972060477,0.060891437836400816,1.791119558421077e-05,6,143,0.024659096041017455,0.15070123839426525,True,False,False,1.3116345323608333e-05,COMPLETE
769,0.4905401706695557,2025-04-23 11:42:01.189980,2025-04-23 11:42:08.204174,0 days 00:00:07.014194,0.48305304099015295,0.21390209911764,16,0.1721495828266685,0.1689259158808518,0.09644948707374928,0.07015989802776018,0.09833066885674695,0.07431611311169159,2.0869712647873896e-05,7,150,0.022341371177532845,0.18146451914637932,True,False,False,1.1446978465651546e-06,COMPLETE
770,0.3859538555145264,2025-04-23 11:42:08.457030,2025-04-23 11:42:15.158960,0 days 00:00:06.701930,0.5124046971449926,0.34509475394609296,16,0.19656611064963986,0.20459758688689528,0.07237208607904912,0.01655100465827716,0.07081209410982683,0.03027326778058956,1.3416601824679125e-05,5,141,0.08236825024877562,0.1625757818501776,True,False,False,3.324441217725518e-06,COMPLETE
771,0.3990626990795136,2025-04-23 11:42:15.413824,2025-04-23 11:42:22.711608,0 days 00:00:07.297784,0.4390535841765655,0.18841627054069843,8,0.17846517183044763,0.12017949862215402,0.09407078152642968,0.06546631508795714,0.09999753117753417,0.05507212286471299,4.902108347674333e-05,6,145,0.029317940868759326,0.11260030387291142,True,False,False,8.267094109637232e-07,COMPLETE
772,0.29688947796821596,2025-04-23 11:42:22.950929,2025-04-23 11:42:29.365271,0 days 00:00:06.414342,0.7617923643044562,0.12437305589017097,16,0.1511819757644371,0.10383881141280622,0.09846742723191444,0.019263169780144095,0.05245806913558957,0.050703567498344954,2.4363356154566244e-05,5,134,0.025763510167634222,0.17706223961570441,True,False,True,3.3672437109982827e-07,COMPLETE
773,0.4855778098106384,2025-04-23 11:42:29.619132,2025-04-23 11:42:36.468989,0 days 00:00:06.849857,0.4667140462887354,0.26628298539461004,16,0.15980937118930075,0.14109419019212183,0.09160167002605439,0.078726043106034,0.09008488544783584,0.05796200449309697,1.498539549190533e-05,6,129,0.031463315645546074,0.14331776348108483,True,False,False,6.96177219190203e-06,COMPLETE
774,0.4695495963096619,2025-04-23 11:42:36.708316,2025-04-23 11:42:43.719415,0 days 00:00:07.011099,0.421634832243575,0.31566878563563117,16,0.1842015766013787,0.10961248480582898,0.08783715572524975,0.003980288618150966,0.09611034493995126,0.01867301713808287,1.1741219053431896e-05,7,137,0.01804707486709031,0.25557268865931254,True,False,False,1.7532838402317974e-06,COMPLETE
775,0.49571185111999516,2025-04-23 11:42:43.973072,2025-04-23 11:42:50.733135,0 days 00:00:06.760063,0.49311930262095555,0.28497913052508483,16,0.1645787277064442,0.15793995741723926,0.08303466366183498,0.026170835202712718,0.08757422518726923,0.05338994782029339,1.005652366397574e-05,5,140,0.028050529638656438,0.15858565379350717,True,False,False,1.0805962439755521e-07,COMPLETE
776,0.4809511244297028,2025-04-23 11:42:50.986948,2025-04-23 11:42:57.859683,0 days 00:00:06.872735,0.5352315421861462,0.7198269600887178,16,0.1755484188804072,0.23771401853865104,0.08959361595038501,0.08871314074323629,0.0941312140788017,0.045661378007072505,3.4349848917841526e-05,6,148,0.033630983216269124,0.274238707760117,True,False,False,5.3940313357813474e-06,COMPLETE
777,0.4902528762817383,2025-04-23 11:42:58.102053,2025-04-23 11:43:04.866655,0 days 00:00:06.764602,0.39876144520892676,0.37112433698208125,16,0.19130969102955706,0.14883225014795418,0.09474436869554745,0.023780160481972575,0.09188931776228403,0.04915155103401505,1.9715630466462383e-05,5,145,0.030410484972344148,0.1726133455776479,True,False,False,6.653272311925999e-07,COMPLETE
778,0.48886096477508545,2025-04-23 11:43:05.120473,2025-04-23 11:43:12.091822,0 days 00:00:06.971349,0.8264366780371208,0.23440162687345886,16,0.17011040042608028,0.13188168067716804,0.08519731577018388,0.028019612617123345,0.0853904506055076,0.012317640020169855,1.3776999357530714e-05,7,125,0.03580481109725627,0.19625683842084887,True,False,False,1.32822940316696e-06,COMPLETE
779,0.4227704286575318,2025-04-23 11:43:12.350676,2025-04-23 11:43:19.188173,0 days 00:00:06.837497,0.4623147455390272,0.09824521247514621,16,0.18424335366458802,0.2518311725218369,0.09175757611153591,0.08675666715406083,0.08859756283078257,0.06368301547105368,1.702580149897383e-05,6,142,0.06660764742663722,0.16612336499204894,True,False,False,9.243745936294003e-06,COMPLETE
780,0.4336036443710327,2025-04-23 11:43:19.430171,2025-04-23 11:43:29.416115,0 days 00:00:09.985944,0.5159332695998472,0.05412065672541347,2,0.17926621540897417,0.12501305067149412,0.09811852321510117,0.01238140832506927,0.05828957937203146,0.05518256322714482,1.1810548299330078e-05,5,138,0.02301490854883037,0.15800732654598298,True,False,False,4.643226563680635e-06,COMPLETE
781,0.4623721957206727,2025-04-23 11:43:29.674757,2025-04-23 11:43:36.760224,0 days 00:00:07.085467,0.7011727061271266,0.3362830932464629,16,0.20839565703260518,0.1389073742574833,0.09331762085842182,0.076220793459352,0.09360632068500808,0.05147675646709736,2.5665727573935933e-05,8,132,0.02525819939645179,0.15166303043231383,True,False,False,5.013614108762129e-07,COMPLETE
782,0.37504012584686286,2025-04-23 11:43:37.016305,2025-04-23 11:43:43.828743,0 days 00:00:06.812438,0.48541579291357956,0.8236200898891912,16,0.15569826873195158,0.11484458082452398,0.09593471318008012,0.01737022779160433,0.09639122410374693,0.05713571593914495,0.000269457866478426,6,121,0.01438792416793363,0.1692274663109037,True,False,False,1.755721856825923e-07,COMPLETE
783,0.49255611896514895,2025-04-23 11:43:44.074816,2025-04-23 11:43:50.916110,0 days 00:00:06.841294,0.21785942518651963,0.2592479535190056,16,0.172970090823101,0.15516401814095343,0.08968496158894541,0.0717081896914669,0.07854877566815673,0.0696687886663397,2.0890183537140115e-05,6,147,0.02780779441003541,0.18154808230659694,True,False,False,1.6065192478570835e-05,COMPLETE
784,0.38755654692649844,2025-04-23 11:43:51.172424,2025-04-23 11:43:58.278474,0 days 00:00:07.106050,0.12702566900561796,0.2951239653864688,16,0.18969921720253455,0.2597239442030449,0.09986582989896052,0.006571753863926406,0.0626991842797969,0.04731630948546379,0.00017057634676527914,9,111,0.020470188523626604,0.10505168473929757,True,False,False,8.568638496795027e-07,COMPLETE
785,0.3255038738250733,2025-04-23 11:43:58.543381,2025-04-23 11:44:04.801310,0 days 00:00:06.257929,0.7318855734431453,0.8577874162994991,16,0.1641791373362534,0.07366427599489911,0.09291152071732606,0.04708476710855217,0.09097909565443947,0.05980714169069307,1.5641255071253806e-05,5,135,0.031497778278883025,0.18675585885390197,False,True,False,1.1712717467287413e-05,COMPLETE
786,0.49700909852981573,2025-04-23 11:44:05.047174,2025-04-23 11:44:12.002147,0 days 00:00:06.954973,0.8561830020487551,0.17720363952848572,16,0.19788617965524852,0.1656991058516469,0.08644715591274887,0.08080462418029405,0.08715155033417492,0.0529349514707203,1.3723453705170551e-05,7,143,0.016626498843213107,0.16374352693033284,True,False,False,1.1126328994725787e-06,COMPLETE
787,0.489600682258606,2025-04-23 11:44:12.261119,2025-04-23 11:44:18.975551,0 days 00:00:06.714432,0.4444411188065175,0.21569500140046724,16,0.18020262144727503,0.14467412585490405,0.09662978697519349,0.021964645749615902,0.06488643411941432,0.04972863899269655,2.9542163279339437e-05,5,139,0.03391864771165934,0.1748009024032766,True,False,False,3.7554968030553365e-06,COMPLETE
