number,value,datetime_start,datetime_complete,duration,params_alpha-eval,params_alpha-train,params_batch-size,params_eps-eval,params_eps-train,params_lambda-actions-eval,params_lambda-actions-train,params_lambda-frames-eval,params_lambda-frames-train,params_learning-rate,params_n-epochs,params_n-frames,params_radius-gw,params_rho,params_std-feats,params_ub-actions,params_ub-frames,params_weight-decay,state
560,0.5416554927825927,2025-04-03 23:35:48.808734,2025-04-03 23:36:04.675924,0 days 00:00:15.867190,0.4723536572683081,0.4594697298486904,2,0.024214056417666278,0.050067460001679075,0.00975652410952783,0.05184018793070326,0.07677558525634688,0.04978534676097829,0.00021461350616651617,15,140,0.04207720102941066,0.17591299426470414,True,False,False,4.8027689148732214e-05,COMPLETE
561,0.29832832217216493,2025-04-03 23:36:04.851886,2025-04-03 23:36:17.751379,0 days 00:00:12.899493,0.9855427306690168,0.5127377047715556,2,0.03540397980471165,0.23564260509013793,0.007239722275134064,0.04908759395863648,0.08005719811446765,0.09586055959404655,9.281083634083422e-05,13,145,0.03803817220999926,0.18736474824529498,True,True,False,2.5826902233460092e-05,COMPLETE
562,0.38200994133949284,2025-04-03 23:36:17.926753,2025-04-03 23:36:33.213644,0 days 00:00:15.286891,0.5080208358808186,0.4288863448073713,2,0.016079049274166198,0.24641951712795485,0.06249673419915021,0.040427235335433215,0.07540497327792303,0.08690655529625475,0.00010944896888522734,14,150,0.06554829648890487,0.16706440812459467,True,False,False,1.3402714980909492e-05,COMPLETE
563,0.34273954629898074,2025-04-03 23:36:33.401659,2025-04-03 23:36:40.450077,0 days 00:00:07.048418,0.4737030586567733,0.48529979908339105,16,0.10933416180215477,0.24124175014593335,0.01306680165355115,0.04350168591814363,0.06935845466823326,0.08265465806151505,0.00014696378630756955,12,134,0.036087215718133545,0.15388402030798717,True,False,False,1.937676215850637e-05,COMPLETE
564,0.3501990735530853,2025-04-03 23:36:40.624916,2025-04-03 23:36:55.855870,0 days 00:00:15.230954,0.44360271906284005,0.5434641739819396,2,0.019277204331575523,0.22893091765235574,0.025754474831237655,0.04715143919548485,0.07367820076609942,0.08913037851472393,0.0034586360255525004,17,140,0.0333255296363702,0.17458332773050841,True,False,True,3.23678223300145e-05,COMPLETE
565,0.4476434409618378,2025-04-03 23:36:56.042259,2025-04-03 23:37:11.912928,0 days 00:00:15.870669,0.15190409535532018,0.4489249095172888,2,0.030244828781097393,0.24576184813881705,0.0032342593276386334,0.035260328496524024,0.0785089705128938,0.08467335864103656,0.0011390285696668899,15,138,0.03104037978545682,0.17960957741542624,True,False,False,8.535967387246928e-06,COMPLETE
566,0.5547045230865478,2025-04-03 23:37:12.087940,2025-04-03 23:37:26.545150,0 days 00:00:14.457210,0.5231666813297907,0.4029386978863679,2,0.0051035657057921634,0.1966294711180307,0.01487080717914542,0.039045758536564605,0.0822546326674259,0.09180469602174847,7.47425952391396e-05,13,143,0.029069770838141162,0.00977497606533334,True,False,False,1.381871911324201e-05,COMPLETE
567,0.5552669882774354,2025-04-03 23:37:26.734631,2025-04-03 23:37:42.516195,0 days 00:00:15.781564,0.05774701193819055,0.56348503806587,2,0.023842532480396635,0.2387032939293608,0.012246104799119875,0.04120376965342168,0.07243636341296936,0.08167834713431842,0.00012815768420598332,15,147,0.034764781515219785,0.1892219752213109,True,False,False,1.8014938093115596e-05,COMPLETE
568,0.5418505787849426,2025-04-03 23:37:42.693653,2025-04-03 23:37:59.188451,0 days 00:00:16.494798,0.4287969269588512,0.46508063986105697,2,0.013816594044062575,0.028185146085295647,0.01657021100130121,0.03773190361325254,0.07664781102557322,0.08625099382955573,0.00010500276045406621,16,142,0.03250285681470547,0.16763010194585717,True,False,False,2.339541668696464e-05,COMPLETE
569,0.37254583835601807,2025-04-03 23:37:59.382539,2025-04-03 23:38:14.330511,0 days 00:00:14.947972,0.49710939305927165,0.5259031195403604,2,0.1791690286610221,0.24983987361077672,0.009793118765268767,0.08344168253306035,0.08638790482692428,0.08854536280273928,0.00018172696632375588,14,64,0.037832174115929436,0.138949742231812,True,False,False,1.1831693013087992e-05,COMPLETE
570,0.3684196710586548,2025-04-03 23:38:14.508302,2025-04-03 23:38:31.301339,0 days 00:00:16.793037,0.4479651327805073,0.4324773777922556,2,0.011058684360572226,0.2188090420727672,0.013500760356685305,0.03426705872019131,0.08405472162114172,0.08383997177535334,9.078042307500618e-05,17,136,0.030368053106474995,0.1595587897757948,False,False,False,1.6772809760661476e-05,COMPLETE
571,0.5446027159690857,2025-04-03 23:38:31.481171,2025-04-03 23:38:46.124763,0 days 00:00:14.643592,0.5471872244885876,0.4978978264443926,2,0.03923999910424164,0.2576014667607911,0.005504825452354727,0.042644400198632734,0.08103544163750939,0.08623473248585393,7.586040356521083e-05,13,145,0.028620822416367646,0.1719335754725954,True,False,False,1.0943933364876902e-05,COMPLETE
572,0.5453889966011047,2025-04-03 23:38:46.314240,2025-04-03 23:39:01.351322,0 days 00:00:15.037082,0.48084729023175876,0.4760900772841792,2,0.018191541845920395,0.06701614914432652,0.023180604979694035,0.04456730144886178,0.07458493677670895,0.08143554335482486,0.00013786549127382637,14,140,0.03620248275157192,0.14785541332512142,True,False,False,2.2807804218712428e-05,COMPLETE
573,0.5571269512176514,2025-04-03 23:39:01.531336,2025-04-03 23:39:18.014171,0 days 00:00:16.482835,0.5089977276352828,0.44656099940491745,2,0.027047215355515013,0.1245306989502607,0.016929221774873954,0.03999047558956354,0.07790735446402502,0.07818786063274245,0.00011058573163416827,16,138,0.03380199126925013,0.05055390549981392,True,False,False,7.991899455929583e-06,COMPLETE
574,0.5448871970176696,2025-04-03 23:39:18.204389,2025-04-03 23:39:34.142516,0 days 00:00:15.938127,0.513646615502724,0.44591547505043816,2,0.03345633743296679,0.1432289161651022,0.017856445506063176,0.04002663762244628,0.07790676545521612,0.07675964986138699,9.010545571673584e-05,15,132,0.03432135775729711,0.07003163019291586,True,False,False,4.097956595885839e-05,COMPLETE
575,0.5402689456939698,2025-04-03 23:39:34.322168,2025-04-03 23:39:50.675673,0 days 00:00:16.353505,0.5343349157501756,0.40449200475146396,2,0.029386325377166917,0.12882540658092387,0.0010012643336785427,0.036626004392511485,0.07947110393088916,0.0784750148225405,0.0001066676902285625,16,135,0.03940825039009908,0.18056977947613256,True,False,False,8.223983633687093e-06,COMPLETE
576,0.3513277292251587,2025-04-03 23:39:50.867012,2025-04-03 23:40:04.198758,0 days 00:00:13.331746,0.4941267083639762,0.43197050853752084,2,0.02603296473255398,0.08286120839811584,0.015859683281235503,0.04092457826880626,0.07628971240845693,0.07979126337837628,1.3471427640172231e-05,11,137,0.032716532095657544,0.0770637585091758,True,False,False,2.9825955217673978e-05,COMPLETE
577,0.4256215512752533,2025-04-03 23:40:04.379727,2025-04-03 23:40:12.621904,0 days 00:00:08.242177,0.5185150137662791,0.46098195986648466,8,0.03980416304991266,0.12255418634273568,0.0205914816296091,0.03871911544014237,0.07080409222385872,0.07823954558522417,7.23132176187273e-05,14,133,0.03677452720023975,0.04423324929555811,True,False,False,1.9291225673639524e-05,COMPLETE
578,0.5547045230865478,2025-04-03 23:40:12.812643,2025-04-03 23:40:29.212162,0 days 00:00:16.399519,0.11461253406836092,0.4506035738758915,2,0.02500983347939273,0.11454499354447849,0.018827165050042335,0.04251307055387491,0.07481725659523515,0.08258913829017553,9.042493938978054e-05,16,138,0.03456794003344805,0.1631437231389299,True,False,False,0.0005284999982680954,COMPLETE
579,0.5387492060661316,2025-04-03 23:40:29.393742,2025-04-03 23:40:45.149491,0 days 00:00:15.755749,0.503669980621805,0.41504807100843333,2,0.043584431691843235,0.16520550703411663,0.01642923574271347,0.03753640633446628,0.07990880834187514,0.09998209849013458,0.00011175172246457583,15,130,0.03211922969014801,0.17463996173505675,True,False,False,1.38138990396653e-05,COMPLETE
580,0.5421613454818726,2025-04-03 23:40:45.344170,2025-04-03 23:40:59.270437,0 days 00:00:13.926267,0.4752145505182215,0.4268087154571515,2,0.031750847220459025,0.13453473536207267,0.01213817447950593,0.040015202662360035,0.06714235272862257,0.07705696827794252,0.00016475643998241636,12,139,0.03467279367167431,0.18808959181739432,True,False,False,2.594265126499051e-05,COMPLETE
581,0.29631375670433047,2025-04-03 23:40:59.450876,2025-04-03 23:41:12.313042,0 days 00:00:12.862166,0.5443201446405765,0.473409676896999,2,0.02153009276167127,0.1479767752076381,0.014711711155656629,0.044145532440228466,0.07734143282403752,0.07989148188992261,7.119639024092755e-05,13,135,0.031108786625570758,0.16726075477054458,True,True,False,1.6617826356519263e-07,COMPLETE
582,0.5425395369529724,2025-04-03 23:41:12.509937,2025-04-03 23:41:28.212869,0 days 00:00:15.702932,0.5932484731755124,0.445047488565967,2,0.027383779487073448,0.10368459875076033,0.017332643188326658,0.03389056395102131,0.07277301300944075,0.08361206636413458,0.00012037905425743739,15,142,0.04001755872620695,0.0552447186227082,True,False,False,1.6206951446471316e-05,COMPLETE
583,0.37374297976493837,2025-04-03 23:41:28.396438,2025-04-03 23:41:35.803491,0 days 00:00:07.407053,0.5624879529338148,0.39708924264673606,16,0.01957411808458455,0.057900532587711454,0.008545153978988633,0.093871741807649,0.08156923447654332,0.08094388251730901,9.107102054123692e-05,16,138,0.0362336910634737,0.1823567520413459,True,False,False,1.18265374003003e-05,COMPLETE
584,0.3617185473442078,2025-04-03 23:41:35.985596,2025-04-03 23:41:49.535807,0 days 00:00:13.550211,0.49737987326428107,0.4621528174023878,2,0.036440100953003186,0.2579544832555694,0.019608161346312034,0.04152549933793713,0.07851199582514,0.08487099770703208,0.00014468349436396128,14,140,0.03294211683028135,0.020109605627446653,True,False,True,7.727355440576732e-06,COMPLETE
585,0.5512388586997986,2025-04-03 23:41:49.729534,2025-04-03 23:42:04.360890,0 days 00:00:14.631356,0.4672139601882363,0.43121613986859114,2,0.023026331769986853,0.2510347565620162,0.01412190263819187,0.03657999829117276,0.0696398440496194,0.08212978122098469,0.00010612801868546638,13,142,0.037596878908693336,0.09458134468848758,True,False,False,2.1394148805838466e-05,COMPLETE
586,0.5554324865341187,2025-04-03 23:42:04.543612,2025-04-03 23:42:20.172209,0 days 00:00:15.628597,0.5266768348903644,0.49011319247776985,2,0.015089817288464463,0.2468285745951127,0.02222440985329978,0.03919040970624665,0.0739266912133881,0.08583637548003302,7.692539663065871e-05,15,136,0.033986358729365576,0.08194070899854533,True,False,False,1.044295901110314e-05,COMPLETE
587,0.557624626159668,2025-04-03 23:42:20.367808,2025-04-03 23:42:36.769557,0 days 00:00:16.401749,0.48473256650935115,0.41812960189483067,2,0.030272383394102393,0.11071973958013223,0.002967920143107561,0.042662309887279266,0.076330578227568,0.0837502942030053,0.00012102275063742184,16,140,0.030484824926067813,0.17402020800807388,True,False,False,3.249931432561254e-05,COMPLETE
588,0.5397898077964783,2025-04-03 23:42:36.954434,2025-04-03 23:42:53.424644,0 days 00:00:16.470210,0.50975331917832,0.399288564537777,2,0.0447214160137576,0.09559174460217772,0.004098204583109284,0.042699343276358034,0.07167690148542226,0.08347715375928812,9.003419845391475e-05,16,133,0.030420841419615367,0.10232808512834993,True,False,False,3.6139870894264955e-05,COMPLETE
589,0.37572194933891295,2025-04-03 23:42:53.619015,2025-04-03 23:43:09.271976,0 days 00:00:15.652961,0.7123112782568481,0.4216454929334602,2,0.03472879435557997,0.1063193801190846,0.002985731467948053,0.08026653291877142,0.08035178018710357,0.08714507717340339,0.00015577183431429034,15,136,0.031630834364233223,0.1708540221639148,False,False,False,4.900070421305722e-05,COMPLETE
590,0.4231084406375885,2025-04-03 23:43:09.456952,2025-04-03 23:43:24.637570,0 days 00:00:15.180618,0.03370032674715596,0.41149603985553423,2,0.02877907590883213,0.12717870879700804,0.00552795293532042,0.04468479380856612,0.08354260850282677,0.08476218892442826,0.0016156277351596295,14,139,0.029357645677406206,0.1773915407826606,True,False,False,6.203951138511905e-05,COMPLETE
591,0.5197471261024476,2025-04-03 23:43:24.834212,2025-04-03 23:43:40.709859,0 days 00:00:15.875647,0.4831571584306795,0.43436029036805057,2,0.03877820927404777,0.0791956223381859,0.002272148732456979,0.041394465513407926,0.07740462469874337,0.09037893019256349,0.00024790394531018793,15,140,0.033079925392475125,0.16419155553321532,True,False,False,2.9169188313676882e-05,COMPLETE
592,0.5302109837532044,2025-04-03 23:43:40.895141,2025-04-03 23:43:57.530725,0 days 00:00:16.635584,0.4947988977337501,0.4000120031521664,2,0.051009818065652454,0.10962028962242003,0.005359549556764624,0.03840643344272209,0.07522795785619646,0.09359921017698582,0.00012622849529145538,16,130,0.03563559099490585,0.17382041772283224,True,False,False,3.794610389341043e-05,COMPLETE
593,0.539695954322815,2025-04-03 23:43:57.726759,2025-04-03 23:44:12.222204,0 days 00:00:14.495445,0.5260477199054472,0.47877500273247287,2,0.03262967170637833,0.09780561419151976,0.00782296347906098,0.0403705210572152,0.0820077439827928,0.0866630696913935,0.00018881341282422603,13,134,0.03095669055276718,0.1812228683436539,True,False,False,2.9670980608681345e-05,COMPLETE
594,0.3833257794380188,2025-04-03 23:44:12.409143,2025-04-03 23:44:26.223988,0 days 00:00:13.814845,0.46631178957665254,0.8101117196474208,2,0.029651528817778088,0.12217926645881737,0.010729896445531281,0.08963656600518527,0.07838539205716356,0.08327094837339635,0.00010249494056837561,12,58,0.07343444488996198,0.1588020573262672,True,False,False,2.3254473833392978e-05,COMPLETE
595,0.554880928993225,2025-04-03 23:44:26.427111,2025-04-03 23:44:41.710824,0 days 00:00:15.283713,0.506674326328511,0.4545388575949679,2,0.02526699748223585,0.0367704874416554,0.0012187107444039378,0.04376760486101347,0.0682992402026072,0.08150110561771665,7.240330587438465e-05,14,137,0.03376397069021022,0.114722500551415,True,False,False,1.8840636482509173e-05,COMPLETE
596,0.5503885865211486,2025-04-03 23:44:41.897329,2025-04-03 23:44:57.848367,0 days 00:00:15.951038,0.4878490356075052,0.4220361565139803,2,0.02184118196871145,0.11355374886231186,0.006890079576780115,0.03541914469209525,0.07304911276866416,0.08826547887270714,8.877319415530792e-05,15,142,0.03811978813008417,0.08955978305149358,True,False,False,1.4599015326680643e-05,COMPLETE
597,0.5504794716835022,2025-04-03 23:44:58.048463,2025-04-03 23:45:14.430619,0 days 00:00:16.382156,0.4736702150319479,0.4678999226364757,2,0.031815346888477064,0.2414496973861122,0.0030785637853542073,0.04172992299705812,0.07564669076378541,0.08484548126789024,0.0001353372407298553,16,138,0.02835338321913294,0.03521788159426309,True,False,False,3.504892982346677e-05,COMPLETE
598,0.4016139507293702,2025-04-03 23:45:14.616647,2025-04-03 23:45:29.249753,0 days 00:00:14.633106,0.5345792369665021,0.08358021197149335,2,0.01863775219030064,0.1229075741197158,0.015607658197642978,0.04593374260748585,0.0710143090783254,0.0476973417337967,0.00011207957690246036,14,28,0.03575219589060651,0.06314908541491504,True,False,False,2.700717272790784e-05,COMPLETE
599,0.5508089184761047,2025-04-03 23:45:29.436939,2025-04-03 23:45:44.179296,0 days 00:00:14.742357,0.5141999322683953,0.4920825831919446,2,0.03773472726360364,0.11668885757558943,0.012323509413975038,0.038700906121147835,0.08032035452002363,0.05211947609353999,0.00010171135857875498,13,142,0.03155976899894955,0.16795024256834654,True,False,False,1.9432542487361185e-05,COMPLETE
600,0.524745786190033,2025-04-03 23:45:44.376736,2025-04-03 23:45:52.177459,0 days 00:00:07.800723,0.46133254414585423,0.4458161197780971,8,0.026141582566162044,0.05283118631876809,0.018170358164506302,0.04311392791225688,0.07704550292250457,0.08578408627625761,0.0004814823813370131,12,134,0.04339251138873003,0.171455913996962,True,False,False,1.5570783956593495e-05,COMPLETE
601,0.29631375670433047,2025-04-03 23:45:52.362465,2025-04-03 23:46:06.279605,0 days 00:00:13.917140,0.49682861211817164,0.41185747094697084,2,0.022011905921504954,0.10055256454840568,0.009816445752100443,0.03725047965863798,0.07350364599919108,0.08246752826152522,0.00015258416704455285,15,42,0.03353994538672309,0.18699258328920035,True,True,False,2.1396576724385306e-05,COMPLETE
602,0.5524048924446106,2025-04-03 23:46:06.478014,2025-04-03 23:46:21.698009,0 days 00:00:15.219995,0.553719871796104,0.5061691127708856,2,0.029503828014482696,0.15303854658778943,0.02058631318206974,0.04057901902654975,0.08330216390899173,0.09692714344282163,8.058883330969713e-05,14,140,0.029542022377372485,0.17743512799497652,True,False,False,4.3136869031262514e-05,COMPLETE
603,0.5572399139404297,2025-04-03 23:46:21.887710,2025-04-03 23:46:38.332297,0 days 00:00:16.444587,0.010569001390911001,0.4644900866507765,2,0.017175743804144418,0.23374399125100284,0.013600239647396557,0.04580478169325598,0.07911348194295363,0.08905293198406616,0.00012296078949108134,16,144,0.036696085880122346,0.12947721338349466,True,False,False,1.0228364557450362e-07,COMPLETE
604,0.3463172256946564,2025-04-03 23:46:38.532530,2025-04-03 23:46:52.713804,0 days 00:00:14.181274,0.04044479981356393,0.44057542927029947,2,0.02409562477332153,0.10930487795169005,0.01378424533896255,0.046600371961586735,0.07794536125261665,0.09145829897684936,7.160119938429334e-05,15,137,0.039880265457978216,0.1537223564330106,True,False,True,1.556170764130839e-08,COMPLETE
605,0.5138193249702454,2025-04-03 23:46:52.903438,2025-04-03 23:47:00.302421,0 days 00:00:07.398983,0.04722775099220648,0.459989289503918,16,0.01688855746700505,0.13604727353907983,0.016097540693457896,0.033473419136947555,0.07921196551886325,0.08941271342078896,0.00010238111304627279,16,143,0.037933366281375655,0.13183254744932174,True,False,False,4.644366992852146e-08,COMPLETE
606,0.5570312857627868,2025-04-03 23:47:00.500010,2025-04-03 23:47:15.670137,0 days 00:00:15.170127,0.02821794459033211,0.42814521831988245,2,0.0339944009552976,0.2255958249942487,0.012911916648341,0.03960101275800423,0.07505564973343785,0.08831579313543786,8.651559903367975e-05,14,140,0.0351923112074532,0.10956054110976644,True,False,False,2.526350174924863e-05,COMPLETE
607,0.3753563761711121,2025-04-03 23:47:15.858204,2025-04-03 23:47:30.574679,0 days 00:00:14.716475,0.05790772240782675,0.4246639506155099,2,0.04495019136752354,0.22004718618145883,0.011586162556883174,0.03941220683155,0.07484620362157558,0.0948163063372495,0.0007197979404736687,13,141,0.05847267943347756,0.12204601785505974,True,False,False,2.92202171773952e-05,COMPLETE
608,0.3826097548007965,2025-04-03 23:47:30.774988,2025-04-03 23:47:46.466377,0 days 00:00:15.691389,0.010324799341368636,0.397844142207504,2,0.019187378558956945,0.2244298737565147,0.010741549573047442,0.03624010643064493,0.07304322535212947,0.09019468453884531,8.325585510048479e-05,15,144,0.035238309365531774,0.0988176316273242,False,False,False,6.683073089414715e-08,COMPLETE
609,0.5568696975708008,2025-04-03 23:47:46.654915,2025-04-03 23:48:02.983359,0 days 00:00:16.328444,0.023323451118012078,0.4311627959837193,2,0.02735915560415788,0.20872875810752067,0.013079486824696021,0.04128454717512091,0.07217821200195114,0.0912114245353116,7.082806363144325e-05,16,139,0.03253369879390767,0.113784487038444,True,False,False,5.0824741864316404e-05,COMPLETE
610,0.5570312857627868,2025-04-03 23:48:03.183555,2025-04-03 23:48:17.693895,0 days 00:00:14.510340,0.08071026196870329,0.3918609257438284,2,0.036304839299362714,0.23070980561183108,0.007911337903810354,0.03906367573722903,0.06978893428410636,0.0881891263567254,8.790516640662195e-05,13,143,0.03542925960279659,0.17342049239988055,True,False,False,3.79951821054353e-05,COMPLETE
611,0.5558152914047242,2025-04-03 23:48:17.887882,2025-04-03 23:48:32.374275,0 days 00:00:14.486393,0.012377097120210472,0.39576769554279434,2,0.0389200226106014,0.1822534238186765,0.00806721652980414,0.03672400579164453,0.06734849157105184,0.09309451276662642,8.446192430402166e-05,13,144,0.03622054690533757,0.13382855930710966,True,False,False,3.526124978316962e-05,COMPLETE
612,0.5545110464096069,2025-04-03 23:48:32.576221,2025-04-03 23:48:46.585818,0 days 00:00:14.009597,0.08210481983257388,0.3897805106009786,2,0.049770885519134875,0.22732898837162815,0.009234767206082285,0.03888195209157843,0.06946695006201878,0.08858300152070242,6.7622610089201e-05,12,146,0.041824321132229565,0.10612932935519055,True,False,False,5.5031111670065944e-05,COMPLETE
613,0.4781480431556702,2025-04-03 23:48:46.778494,2025-04-03 23:49:01.150733,0 days 00:00:14.372239,0.09571193973148788,0.4109414160395455,2,0.04281682489344907,0.22180747270971293,0.008203131452772332,0.03402290491649446,0.06965873923990593,0.08795724157408225,8.358841441726762e-05,13,80,0.03486584554720726,0.17956004782166254,True,False,False,6.88727203769765e-05,COMPLETE
614,0.5533821821212769,2025-04-03 23:49:01.352204,2025-04-03 23:49:16.700776,0 days 00:00:15.348572,0.06651205312867692,0.41900239533718925,2,0.034846873613463225,0.22832637727272923,0.004992375401142928,0.03811070972124039,0.06687294530627863,0.09016810712831938,6.862243150277888e-05,14,143,0.038512078192876345,0.12397601758337182,True,False,False,4.2328575665183517e-05,COMPLETE
615,0.5566617846488953,2025-04-03 23:49:16.892197,2025-04-03 23:49:30.793077,0 days 00:00:13.900880,0.02054844275245955,0.443938863886952,2,0.0348356833198369,0.2327834113838922,0.010596485705351539,0.04294100253680014,0.07087062325990304,0.08793809975495942,9.544332754315041e-05,12,139,0.034198587348690024,0.17418135103636342,True,False,False,3.900870003656784e-05,COMPLETE
