number,value,datetime_start,datetime_complete,duration,params_alpha-eval,params_alpha-train,params_batch-size,params_eps-eval,params_eps-train,params_lambda-actions-eval,params_lambda-actions-train,params_lambda-frames-eval,params_lambda-frames-train,params_learning-rate,params_n-epochs,params_n-frames,params_radius-gw,params_rho,params_std-feats,params_ub-actions,params_ub-frames,params_weight-decay,state
957,0.47542943358421325,2025-04-23 12:05:01.393923,2025-04-23 12:05:07.700799,0 days 00:00:06.306876,0.75005529929628,0.33680609271437006,16,0.19982495663396552,0.12365245784158163,0.08995069785289841,0.02056818757119333,0.06822918883298257,0.05063997613555222,1.5980693772604862e-05,5,55,0.015139322120188708,0.156690802315821,True,True,False,5.47782927305901e-07,COMPLETE
958,0.38713360428810123,2025-04-23 12:05:08.013614,2025-04-23 12:05:19.361520,0 days 00:00:11.347906,0.6839556656044486,0.3443492682302407,2,0.20631141618222018,0.13357052351015936,0.048788329169340935,0.022643805537699978,0.06948280408867216,0.04757708392454206,2.3049832068668648e-05,7,135,0.016873825038822322,0.1500251335878659,True,False,False,6.017594785775908e-07,COMPLETE
959,0.48949565887451174,2025-04-23 12:05:19.659523,2025-04-23 12:05:26.386265,0 days 00:00:06.726742,0.720957301377607,0.3062783933194272,16,0.19672306344298984,0.13060983796214487,0.09463457988940252,0.01712015551469542,0.07120272801187286,0.051680017448304374,3.90766207285017e-05,5,134,0.015912785855456642,0.1748759926598885,True,False,False,4.375400966912451e-07,COMPLETE
960,0.49078011512756353,2025-04-23 12:05:26.695532,2025-04-23 12:05:33.536552,0 days 00:00:06.841020,0.6421327350900825,0.3624780200990692,16,0.2049457426661006,0.12258405867419793,0.0884668941364868,0.023127898418781885,0.07158476423934515,0.04931552296624719,1.8115233096599834e-05,6,130,0.010790714612176719,0.16162863356111284,True,False,False,6.987676735661027e-07,COMPLETE
961,0.4990873813629151,2025-04-23 12:05:33.850192,2025-04-23 12:05:40.614905,0 days 00:00:06.764713,0.6694589439876237,0.12123632293769733,16,0.1931131829522202,0.13506746473202363,0.09187328695217016,0.019626518484801795,0.06721251833840476,0.0457930672030312,1.3209055191434256e-05,5,137,0.01663276554761387,0.1668404413336879,True,False,False,7.50270513423987e-07,COMPLETE
962,0.31564136147499083,2025-04-23 12:05:40.927858,2025-04-23 12:05:47.345784,0 days 00:00:06.417926,0.6607731746738388,0.12463783915886953,16,0.20044248812744891,0.1367437721100101,0.08533141151966224,0.0186176176214651,0.0669589150559682,0.04525349277437281,0.001685895910390393,5,137,0.009986522401089286,0.15668083112073483,True,False,True,6.22645400116444e-07,COMPLETE
963,0.4989659905433655,2025-04-23 12:05:47.664017,2025-04-23 12:05:54.448029,0 days 00:00:06.784012,0.6389654354965342,0.10589753160948973,16,0.2123094911631142,0.13069719302779254,0.08682216571957527,0.01974143531664586,0.07227153190756631,0.08329518343049147,1.2168275599193897e-05,6,133,0.013823005991605995,0.16354271911233306,True,False,False,7.027798261245831e-07,COMPLETE
964,0.4948848843574524,2025-04-23 12:05:54.750548,2025-04-23 12:06:01.757450,0 days 00:00:07.006902,0.6116139348821661,0.10374243271787614,16,0.2146602868117876,0.13637593198799405,0.08251339268157981,0.016375860788502547,0.06998856516335691,0.0450449014233401,1.1652844996608319e-05,7,132,0.012897038804682426,0.15323374122284383,True,False,False,7.519079818821146e-07,COMPLETE
965,0.48954228162765506,2025-04-23 12:06:02.071127,2025-04-23 12:06:09.042018,0 days 00:00:06.970891,0.6205124565148554,0.13501057412564538,16,0.21255406460180987,0.1317833542505361,0.08419404776800325,0.01876963851549135,0.07087841872404678,0.047906551798074744,1.144340305702901e-05,7,128,0.014523718755504273,0.14217302520535002,True,False,False,7.222606752712493e-07,COMPLETE
966,0.49655970335006716,2025-04-23 12:06:09.357743,2025-04-23 12:06:16.352256,0 days 00:00:06.994513,0.6634587776359848,0.12980912191086774,16,0.21355691961789106,0.13710448099451877,0.08504742559502564,0.015250730124412588,0.07210265365663811,0.042008063677623206,1.2536975273045403e-05,7,133,0.012130381125137552,0.16021646299861989,True,False,False,5.152093307120796e-07,COMPLETE
967,0.4930689692497254,2025-04-23 12:06:16.668159,2025-04-23 12:06:23.480982,0 days 00:00:06.812823,0.6706160232599151,0.1412934479873849,16,0.21018660755499102,0.13057610229533767,0.08561377184077605,0.018007296089061944,0.06827413684183296,0.08266314831188089,1.1599521691499394e-05,6,130,0.01257585789354659,0.15004123530358,True,False,False,7.873422437254167e-07,COMPLETE
968,0.497666072845459,2025-04-23 12:06:23.797276,2025-04-23 12:06:30.842792,0 days 00:00:07.045516,0.6324054957044093,0.10279138227853821,16,0.22571394312773618,0.12585973503000528,0.08723798878280736,0.02031161986688457,0.07252839100778932,0.04558658300911256,1.2880867552567458e-05,7,134,0.0163312389607816,0.16317653893905476,True,False,False,6.065325894133887e-07,COMPLETE
969,0.4944662570953369,2025-04-23 12:06:31.146849,2025-04-23 12:06:37.952768,0 days 00:00:06.805919,0.5985239424911845,0.11957774950660198,16,0.21059466685675524,0.13964557338948821,0.08038460935935754,0.013841764490181551,0.07392400752353004,0.047200625770586944,1.007866762746114e-05,6,127,0.016045651621322616,0.15554010579017147,True,False,False,4.6494837978025153e-07,COMPLETE
970,0.4963631868362427,2025-04-23 12:06:38.264347,2025-04-23 12:06:45.109401,0 days 00:00:06.845054,0.6451199026707022,0.11809149067224851,16,0.21663868546546236,0.13106029616124523,0.08688136032868664,0.01673290113473788,0.07102249510951861,0.0802547784517926,1.35690280993425e-05,6,131,0.017179035936694072,0.16616343149224888,True,False,False,0.0002777147704281918,COMPLETE
971,0.49682712554931646,2025-04-23 12:06:45.423971,2025-04-23 12:06:52.352372,0 days 00:00:06.928401,0.6300809174316332,0.10325900081460992,16,0.1993794827176622,0.13974020276702467,0.08791448994712057,0.019491348053921446,0.06683055055813149,0.08918407189520319,1.289412984500433e-05,7,134,0.014589395449761398,0.15839375694660124,True,False,False,8.465762443971193e-07,COMPLETE
972,0.49808485507965095,2025-04-23 12:06:52.668649,2025-04-23 12:07:00.043536,0 days 00:00:07.374887,0.6536084392813706,0.08124244753279053,8,0.20597693373149942,0.11988064413620686,0.088323019725848,0.018044309975294638,0.06907207246749546,0.07891861179470847,1.000239233209617e-05,6,136,0.013210396825711495,0.1638879823885027,True,False,False,3.498084502342609e-07,COMPLETE
973,0.4548341155052185,2025-04-23 12:07:00.368588,2025-04-23 12:07:07.835428,0 days 00:00:07.466840,0.6224373827169738,0.09505223701838367,8,0.20153319992584065,0.11913239765459434,0.08865361077101976,0.015675574582154773,0.06888103686988437,0.08599137016470171,1.0250734920346738e-05,7,131,0.007184062057657167,0.1490381814377293,True,False,False,2.831805232160051e-07,COMPLETE
974,0.4942878365516663,2025-04-23 12:07:08.135763,2025-04-23 12:07:15.586208,0 days 00:00:07.450445,0.6693647677532644,0.09310306573554676,8,0.21962660258164737,0.11635921559257424,0.08924237740106107,0.017982495965154124,0.07035758463835742,0.0754585425348216,1.1465594319400879e-05,7,136,0.010544346370224913,0.16003414893939713,True,False,False,3.761693103560911e-07,COMPLETE
975,0.4267935276031494,2025-04-23 12:07:15.900775,2025-04-23 12:07:26.587003,0 days 00:00:10.686228,0.6570046784927684,0.0896068416237762,2,0.20568730981043756,0.12290810014324334,0.08664408348612775,0.012364246122566189,0.07170729269113052,0.08317931688833263,1.1344912148563909e-05,6,128,0.008798529149220115,0.14437455410869848,True,False,False,2.9337185353356314e-07,COMPLETE
976,0.37531050443649294,2025-04-23 12:07:26.903361,2025-04-23 12:07:33.625547,0 days 00:00:06.722186,0.6462341387297913,0.11845067878926475,16,0.2104665895752001,0.11191260739045471,0.0894477867239803,0.01884675212557645,0.06775042839733499,0.0805896838098178,1.02016697834311e-05,6,71,0.012235386003721717,0.15390532157628736,False,False,False,1.604349456073292e-07,COMPLETE
977,0.2944346845149994,2025-04-23 12:07:33.939372,2025-04-23 12:07:40.945090,0 days 00:00:07.005718,0.6329485561142324,0.07788664522392592,8,0.20972171578210536,0.12375838711656392,0.01251972461247678,0.014416107105216147,0.07241821296859899,0.09073624608277392,1.155428445455393e-05,7,133,0.010830602582110131,0.16090303371967574,True,True,False,3.533602957323331e-07,COMPLETE
978,0.4533935487270356,2025-04-23 12:07:41.266883,2025-04-23 12:07:50.145233,0 days 00:00:08.878350,0.5985819301621653,0.13702287591726747,8,0.20272056668180471,0.12662984663513632,0.08779922563470496,0.017743906183092538,0.06997131649646988,0.0764547738537277,1.2549295144379473e-05,15,136,0.013316763299942101,0.1662494011362975,True,False,False,2.2061951154792653e-07,COMPLETE
979,0.48474378585815436,2025-04-23 12:07:50.445453,2025-04-23 12:07:57.679282,0 days 00:00:07.233829,0.6541128970028399,0.1194640341602681,8,0.21965039425574262,0.11879995465566992,0.08993946814750534,0.020293303339767275,0.06632191966735847,0.0888367517671352,1.0238343086630817e-05,6,125,0.014481864099110633,0.1339807617936522,True,False,False,3.6286471729939705e-07,COMPLETE
980,0.4292763352394104,2025-04-23 12:07:57.993253,2025-04-23 12:08:07.931529,0 days 00:00:09.938276,0.675998828491629,0.10027675436267504,8,0.20668154973645886,0.1302107793275596,0.09064516510272622,0.016069653396908124,0.06940837917462968,0.07674738279812514,1.313241427727715e-05,21,129,0.01482986269410122,0.1533740516703869,True,False,False,5.098260342037312e-07,COMPLETE
981,0.44639956951141363,2025-04-23 12:08:08.246333,2025-04-23 12:08:17.471557,0 days 00:00:09.225224,0.6032194639165598,0.06951781091120665,16,0.20246277129295448,0.11070282399239602,0.08691612129951272,0.02057983657012384,0.06607074691585485,0.04445596561339896,1.4151143585146349e-05,27,133,0.016195553719198414,0.1649970485509211,True,False,False,3.14807969346212e-07,COMPLETE
982,0.2940552651882172,2025-04-23 12:08:17.790835,2025-04-23 12:08:24.965810,0 days 00:00:07.174975,0.6874633995781199,0.08899512248370564,8,0.2125304148846151,0.12182638841189677,0.09075827384276294,0.01860022376895388,0.0684344124877872,0.07867823372489659,1.1558332689730079e-05,8,137,0.013800580221696584,0.15839537617706362,True,False,True,4.45535450202807e-07,COMPLETE
983,0.49294382333755493,2025-04-23 12:08:25.290447,2025-04-23 12:08:32.575152,0 days 00:00:07.284705,0.6507375411569761,0.11791605379195458,8,0.2078903193929809,0.13368058824251033,0.08842904183216872,0.016342578568377827,0.07318319817876467,0.0869623129475758,1.0005536158968795e-05,6,131,0.01254401507386346,0.14703694309695275,True,False,False,4.081268392312128e-07,COMPLETE
984,0.48543450832366947,2025-04-23 12:08:32.895876,2025-04-23 12:08:40.353863,0 days 00:00:07.457987,0.6869121354807732,0.15028495510968384,8,0.20394474034082777,0.11799751854556628,0.0913504958511459,0.02029573118386579,0.07327010135100087,0.08182462156529573,1.4291842941089918e-05,7,135,0.011832292984766127,0.16493101716616246,True,False,False,5.832449565171901e-07,COMPLETE
985,0.49303357601165776,2025-04-23 12:08:40.660037,2025-04-23 12:08:47.926791,0 days 00:00:07.266754,0.6481041101156091,0.07064184024092658,8,0.21419242256137305,0.12696977972943907,0.08893570107005594,0.01724869867952303,0.06853164476698524,0.08472763558537202,1.3529258978840365e-05,6,137,0.01409029713336701,0.15505452656610702,True,False,False,2.2411734600356186e-07,COMPLETE
986,0.48883472681045537,2025-04-23 12:08:48.247587,2025-04-23 12:08:55.715220,0 days 00:00:07.467633,0.6143861985469912,0.1058350559465968,8,0.22238226819140394,0.13385448223609914,0.08636080500541575,0.012978063301728621,0.07100779308615275,0.08331101367503208,1.004830626706303e-05,7,126,0.016618567246564624,0.16272002218802462,True,False,False,6.398387232925106e-07,COMPLETE
987,0.3652713656425476,2025-04-23 12:08:56.033884,2025-04-23 12:09:03.368769,0 days 00:00:07.334885,0.6293950729072048,0.08575251686387296,8,0.20288110027396786,0.11080225867159907,0.09094324785955689,0.020566278276012335,0.06538399605795295,0.04290954969133729,0.07124088190846764,6,134,0.008689126925109899,0.15148447765449974,True,False,False,4.532445042295584e-07,COMPLETE
988,0.49737210273742677,2025-04-23 12:09:03.692107,2025-04-23 12:09:10.537314,0 days 00:00:06.845207,0.5859921766673668,0.05773863376017192,16,0.1969654306533325,0.2901145033975289,0.029538451607905948,0.014776443084911071,0.06668341968778678,0.08467105675019237,1.2132295929676343e-05,6,130,0.017735500872615963,0.1596041049707388,True,False,False,9.222838775550548e-07,COMPLETE
989,0.46415465474128725,2025-04-23 12:09:10.861486,2025-04-23 12:09:19.233351,0 days 00:00:08.371865,0.6575700654945171,0.10308288759580415,8,0.19427434367537233,0.12737029469931357,0.08904580578794323,0.018922712224627224,0.0744913442872766,0.08108285518436369,1.4714819863845134e-05,12,123,0.015154064637706726,0.16856466825130473,True,False,False,2.8593799550588377e-07,COMPLETE
990,0.39877665042877203,2025-04-23 12:09:19.541139,2025-04-23 12:09:26.783668,0 days 00:00:07.242529,0.6459952031113239,0.07919741519206319,8,0.2059996807580237,0.11766744745927049,0.09171872004537432,0.020839458394376727,0.07041968702453254,0.07891974085528579,0.04286894968076984,6,138,0.012232694659325916,0.22170169629832104,True,False,False,7.171641332439036e-07,COMPLETE
991,0.48395735025405884,2025-04-23 12:09:27.102724,2025-04-23 12:09:34.598489,0 days 00:00:07.495765,0.6280207312141498,0.0509100408005435,8,0.21832456240852763,0.10561414447791638,0.04655297017556704,0.01722786508442647,0.06826470670934756,0.08174593898648523,1.0096576359407013e-05,7,132,0.018343477662474798,0.140205675449203,True,False,False,5.404049144179506e-07,COMPLETE
992,0.49782143831253056,2025-04-23 12:09:34.922961,2025-04-23 12:09:41.751192,0 days 00:00:06.828231,0.670509282438113,0.11250637626973684,16,0.19881705636605881,0.13928649914593316,0.08409361412133343,0.021088374539154103,0.06362649764301706,0.047788501740496384,1.368904318864286e-05,6,138,0.015568908477739708,0.16686629271829043,True,False,False,9.518541914118363e-07,COMPLETE
993,0.44291872382164,2025-04-23 12:09:42.072621,2025-04-23 12:09:49.360996,0 days 00:00:07.288375,0.7032110378073572,0.13795015545767159,8,0.1953314012626654,0.12367087062731785,0.08739355204297787,0.01856099975188074,0.06638836247524608,0.04711964630178353,1.1867636585646521e-05,6,135,0.004049138104603561,0.15867170137640058,True,False,False,3.5593982894691667e-07,COMPLETE
994,0.4810471653938294,2025-04-23 12:09:49.684057,2025-04-23 12:09:56.928740,0 days 00:00:07.244683,0.6087472611370353,0.07795869290350343,8,0.20355515775055222,0.13389103377525516,0.09206655362363063,0.014590097023868234,0.07251423769659944,0.08698068144549363,1.4901202312124251e-05,6,128,0.013869924160658017,0.15104668410661137,True,False,False,5.026041784242486e-07,COMPLETE
995,0.4894745349884034,2025-04-23 12:09:57.250419,2025-04-23 12:10:04.768390,0 days 00:00:07.517971,0.6740380556534312,0.05782472563102673,8,0.2119871438593783,0.12850168574653528,0.08986188702126932,0.01643559831155359,0.06898331481315545,0.08732974859068222,1.4971133574599486e-05,7,138,0.009888216928355955,0.16394226714318286,True,False,False,8.93081912999299e-07,COMPLETE
996,0.36462876200675964,2025-04-23 12:10:05.077893,2025-04-23 12:10:12.112645,0 days 00:00:07.034752,0.6415322976648823,0.09059564544378743,8,0.1935938928803381,0.11311980335756922,0.09125052086391333,0.022016347282083036,0.0662701373228989,0.08417688757174749,1.1829732128888835e-05,5,133,0.017959248496810142,0.16925449871022852,False,False,False,5.5227234071423007e-08,COMPLETE
997,0.29631375670433047,2025-04-23 12:10:12.433202,2025-04-23 12:10:19.024674,0 days 00:00:06.591472,0.69421846126392,0.12214678023942208,16,0.19786850390370608,0.1406808199535222,0.08629323153355219,0.019545406776248782,0.06951963134394322,0.09551513194054123,1.1956517473448139e-05,8,130,0.016294812160018792,0.1552667810734356,True,True,False,7.414991945711138e-07,COMPLETE
998,0.4610206007957459,2025-04-23 12:10:19.345502,2025-04-23 12:10:26.559676,0 days 00:00:07.214174,0.6173913460038655,0.14728185110816314,16,0.20627912958315806,0.11887436229445505,0.08864064511493855,0.022143980968265267,0.07198140309709734,0.0928374474843676,1.0048072285082514e-05,9,136,0.01077252005917512,0.29343046145985197,True,False,False,6.416564797706568e-07,COMPLETE
999,0.4946616291999817,2025-04-23 12:10:26.883590,2025-04-23 12:10:33.760360,0 days 00:00:06.876770,0.6383051742060999,0.050023403965029745,16,0.195576462064732,0.13392618781659993,0.09256607730332636,0.01848680988336846,0.06505632908150306,0.07792155078305808,1.5082258147186386e-05,6,127,0.013422715075796579,0.14569346499323052,True,False,False,4.052112833130737e-07,COMPLETE
1000,0.49756835699081425,2025-04-23 12:10:34.086898,2025-04-23 12:10:40.960311,0 days 00:00:06.873413,0.6227751590454906,0.07910115626405594,16,0.19181194991198572,0.10825292901029987,0.09022423991663171,0.011365697453240436,0.06474946103882992,0.08548948538580145,1.337535777916318e-05,6,139,0.01711030596818771,0.16137263900487375,True,False,False,1.0978305886478816e-06,COMPLETE
1001,0.2949228286743164,2025-04-23 12:10:41.287877,2025-04-23 12:10:47.718090,0 days 00:00:06.430213,0.6724706120632015,0.10230585593350333,16,0.19966688055287093,0.1218159636339604,0.08436650220782636,0.016949053766501992,0.07440237602711412,0.0790631650940459,1.001880447513902e-05,5,134,0.014568960124337173,0.16897161493192228,True,False,True,2.7362225976431227e-07,COMPLETE
1002,0.45683540701866154,2025-04-23 12:10:48.030877,2025-04-23 12:10:59.353349,0 days 00:00:11.322472,0.5910056438510342,0.1289305525475444,2,0.2087986736697274,0.12806042715244953,0.04201948563577701,0.013465634811826485,0.06785641884030054,0.04953812239475668,1.6529015739177645e-05,7,131,0.0184759949135489,0.2751378347637894,True,False,False,5.147705447815349e-07,COMPLETE
1003,0.375600004196167,2025-04-23 12:10:59.679429,2025-04-23 12:11:06.393354,0 days 00:00:06.713925,0.657762742154562,0.037523065218087646,16,0.1903522247694865,0.1404279546115172,0.05110399095216784,0.021423781808343763,0.07108618083562192,0.079719534952264,0.01073703357776722,5,139,0.049428161800456026,0.15720143194694625,True,False,False,7.616980245333953e-07,COMPLETE
1004,0.46211497783660893,2025-04-23 12:11:06.716657,2025-04-23 12:11:13.544216,0 days 00:00:06.827559,0.6891679625670516,0.06848073694339311,16,0.19252756738704108,0.11436050190646359,0.09288122288165829,0.05032851154648093,0.06945348912150622,0.08228733450386043,1.2300690935250085e-05,6,125,0.012821576122275684,0.26303111008673197,True,False,False,1.1217886015125575e-06,COMPLETE
1005,0.3994730770587921,2025-04-23 12:11:13.872417,2025-04-23 12:11:20.634004,0 days 00:00:06.761587,0.6107308078346878,0.09347369925903683,16,0.2011306177992773,0.13528532236047133,0.08792687432808574,0.01557931505991664,0.06354071127082875,0.04343126510426532,1.5559077776031798e-05,5,135,0.017734470210267528,0.00840040462745556,True,False,False,6.081564085568224e-07,COMPLETE
1006,0.4944772601127625,2025-04-23 12:11:20.961650,2025-04-23 12:11:27.777519,0 days 00:00:06.815869,0.6294593979822463,0.06233879797270593,16,0.2163062673017457,0.10027737840885154,0.09101785039802751,0.03602441944882838,0.01678443825765056,0.046206063661561866,1.3992869535394432e-05,6,111,0.011522444939710018,0.1630947515890498,True,False,False,8.284670665964992e-07,COMPLETE
1007,0.49889903068542485,2025-04-23 12:11:28.109832,2025-04-23 12:11:35.227639,0 days 00:00:07.117807,0.6606439633800852,0.1233309402642513,8,0.19140493941195133,0.12512621562374932,0.08924236088280427,0.019893403506661002,0.068169423844494,0.05060406110744206,1.1883704343614276e-05,5,119,0.017817984777702515,0.16932218442466143,True,False,False,3.953493571903539e-07,COMPLETE
1008,0.49514186382293707,2025-04-23 12:11:35.538021,2025-04-23 12:11:42.598969,0 days 00:00:07.060948,0.6612913415082337,0.11116710969501278,8,0.19498123981887472,0.12403554629930826,0.08724274224115693,0.022571046839207846,0.06770888306060024,0.04865076848659375,1.0055806856263004e-05,5,115,0.01872753158307932,0.17056922100712654,True,False,False,2.659177481056642e-07,COMPLETE
1009,0.4920174837112427,2025-04-23 12:11:42.924757,2025-04-23 12:11:50.028260,0 days 00:00:07.103503,0.6889386512041387,0.16537091687469607,8,0.1910317783456658,0.11918839983628768,0.08641515888491635,0.020028199323709986,0.07063889775757759,0.05053823561318596,1.1646544849323981e-05,5,116,0.01637282563261897,0.17081310983631104,True,False,False,3.132413968132989e-07,COMPLETE
1010,0.4964977979660034,2025-04-23 12:11:50.353125,2025-04-23 12:11:57.537236,0 days 00:00:07.184111,0.6567900068451715,0.12753952008275246,8,0.20234280743002958,0.1292531548079882,0.08856803829421299,0.02186126216848755,0.06643341115522389,0.04540696134655954,1.1925194640874827e-05,5,121,0.014909737057331438,0.16509786858709843,True,False,False,3.6774501478839795e-07,COMPLETE
1011,0.29631375670433047,2025-04-23 12:11:57.868110,2025-04-23 12:12:04.888625,0 days 00:00:07.020515,0.6854062033130429,0.16055337014127927,8,0.1977280637181882,0.0007601734521500217,0.08577930099695956,0.018807382028441438,0.07270509495109422,0.04715155174002789,1.3053503488645797e-05,5,117,0.01850954486651897,0.15175599362421172,True,False,False,2.0525819937648863e-07,COMPLETE
1012,0.498457133769989,2025-04-23 12:12:05.217712,2025-04-23 12:12:12.303169,0 days 00:00:07.085457,0.6363411722900398,0.12768545929174438,8,0.1903769229557999,0.12420852993830858,0.08448673211579175,0.02072086423041479,0.0676248273608883,0.04329229636452335,1.0101933113902339e-05,5,122,0.01501897812483111,0.15969726521790564,True,False,False,4.2548801735588136e-07,COMPLETE
1013,0.49090057611465454,2025-04-23 12:12:12.638613,2025-04-23 12:12:19.739906,0 days 00:00:07.101293,0.6378236452177181,0.15091554916912617,8,0.20847155851618093,0.12454476453388917,0.08309226606684227,0.02125255208872969,0.06393294635737105,0.04409729599156345,1.1380532058859923e-05,5,117,0.015495543735858035,0.14775726166147124,True,False,False,3.859106537829722e-07,COMPLETE
