number,value,datetime_start,datetime_complete,duration,params_alpha-eval,params_alpha-train,params_batch-size,params_eps-eval,params_eps-train,params_lambda-actions-eval,params_lambda-actions-train,params_lambda-frames-eval,params_lambda-frames-train,params_learning-rate,params_n-epochs,params_n-frames,params_radius-gw,params_rho,params_std-feats,params_ub-actions,params_ub-frames,params_weight-decay,state
1288,0.4491114795207978,2025-04-04 01:40:26.258365,2025-04-04 01:40:33.483665,0 days 00:00:07.225300,0.06250318930159379,0.22250332960008315,8,0.020975202973173658,0.2845896913462597,0.055358068367835384,0.08795681947229785,0.05364513000443765,0.03398769134198634,0.004303515395331808,8,147,0.04029378175413594,0.006520043874091213,True,False,False,0.00040640426753936026,COMPLETE
1289,0.43217315077781676,2025-04-04 01:40:33.896222,2025-04-04 01:40:40.641508,0 days 00:00:06.745286,0.03442474484961839,0.25434215220467227,8,0.20067358021430398,0.29985018430095334,0.06069664124593722,0.09335383486436616,0.061405305891892706,0.03832377011633198,0.0023449446844608806,5,150,0.04580262856252533,0.02024947332084023,True,False,False,0.0002382460955384103,COMPLETE
1290,0.5367838978767395,2025-04-04 01:40:41.078123,2025-04-04 01:40:48.215081,0 days 00:00:07.136958,0.11043411415963628,0.18472844378923337,8,0.013996682802712213,0.29018211662494925,0.05942292336600352,0.0900695509579567,0.05801280010932769,0.04340728219725745,0.001496605968131822,6,144,0.033261753576044696,0.015155832801996644,True,False,False,0.0003381255871465595,COMPLETE
1291,0.29631375670433047,2025-04-04 01:40:48.648543,2025-04-04 01:40:55.757726,0 days 00:00:07.109183,0.08701949100500314,0.20707885219124766,8,0.00016889025482423256,0.2946688197271581,0.06235559777584122,0.0947343115545199,0.055325080528117465,0.03576173421191678,0.000526557961003781,7,147,0.028983484832565753,0.0010337097213277283,True,False,False,0.0007627397107052189,COMPLETE
1292,0.5557992815971375,2025-04-04 01:40:56.170533,2025-04-04 01:41:03.042339,0 days 00:00:06.871806,0.06557468406959951,0.23401519523318215,8,0.009640082565194134,0.2805925596210075,0.05432533883495004,0.09211790649380949,0.045172023214841456,0.02692534138554517,0.00035501804035994674,6,150,0.03589779068624494,0.010220493074617192,True,False,False,0.0005481565453750369,COMPLETE
1293,0.5445203065872193,2025-04-04 01:41:03.463308,2025-04-04 01:41:10.090533,0 days 00:00:06.627225,0.031038800487048622,0.26695845246923455,8,0.01778690011404273,0.28712548395664217,0.06407132345516933,0.09673894596661786,0.04819129780342566,0.045978242142637606,0.0011567457644695916,5,142,0.03851805397127949,0.022791796701461788,True,False,False,0.0002658532614620937,COMPLETE
1294,0.5542799472808838,2025-04-04 01:41:10.509674,2025-04-04 01:41:17.649871,0 days 00:00:07.140197,0.010480515122983348,0.224290975196721,8,0.028819745007411114,0.29496026755419863,0.06906342793373407,0.08790787975016141,0.05953179303515858,0.041884800374755074,0.0008526397213381057,8,145,0.03460864710614085,0.0071683148599005105,True,False,False,0.0001703813650133556,COMPLETE
1295,0.29631375670433047,2025-04-04 01:41:18.065369,2025-04-04 01:41:24.428159,0 days 00:00:06.362790,0.0453152993901173,0.2933151692131823,8,0.005021716052916432,0.2741418947580021,0.06586417974183535,0.09054251921293818,0.05247505758091125,0.039896404532778706,0.0006593235981188298,6,148,0.030803514131598923,0.01543492085468021,True,True,False,0.00043053134178641845,COMPLETE
1296,0.49765582084655763,2025-04-04 01:41:24.859228,2025-04-04 01:41:31.893959,0 days 00:00:07.034731,0.07511358289744906,0.17561098749205387,8,0.015107414136217776,0.2835379030527962,0.07092321745436903,0.09422152185916849,0.056632573682094706,0.047887310220623626,0.0004944096244407641,7,145,0.05540422495575521,0.028625491680131822,True,False,False,0.0003392664508982762,COMPLETE
1297,0.35402367115020755,2025-04-04 01:41:32.314827,2025-04-04 01:41:38.940809,0 days 00:00:06.625982,0.11001923975679939,0.20657705314938857,8,0.022538345140876517,0.2924439253427645,0.051803010918837294,0.08476813895724533,0.05435353660081622,0.03279395835757665,0.0007639102547790177,5,30,0.032748208231542814,0.00794673611823651,True,False,False,0.0006313650154904563,COMPLETE
1298,0.3529848694801331,2025-04-04 01:41:39.361027,2025-04-04 01:41:45.475627,0 days 00:00:06.114600,0.05162163486276557,0.2457368038253792,16,0.009620487185878199,0.2861112214975066,0.05837027842014156,0.09128826960623505,0.05879599324058352,0.037658476652436816,0.0006124427947912046,6,150,0.03738160595465925,0.019373451183827682,True,False,True,0.00021038355038479378,COMPLETE
1299,0.555945634841919,2025-04-04 01:41:45.892419,2025-04-04 01:41:52.894895,0 days 00:00:07.002476,0.09058519043017856,0.19059725402226274,8,0.0054120866815179705,0.27815880440110485,0.0608932359469866,0.09801160346040794,0.05057411576611241,0.0428108702973175,0.0009573872836194871,7,147,0.041254406055954526,0.006635285753290365,True,False,False,0.0004752839331105307,COMPLETE
1300,0.5570666313171386,2025-04-04 01:41:53.310936,2025-04-04 01:42:00.106806,0 days 00:00:06.795870,0.028939700031472712,0.2331702056479682,8,0.014213486110565204,0.29000100358602166,0.06700944534956571,0.08757121113216167,0.04104670816613505,0.029793609058830377,0.0004171293036650304,6,142,0.03455655373922068,0.013690557358302675,True,False,False,0.00028467115329623553,COMPLETE
1301,0.5595184922218324,2025-04-04 01:42:00.521004,2025-04-04 01:42:07.173911,0 days 00:00:06.652907,0.0619200017776774,0.26346074892313953,8,0.02064288018175453,0.299773915321844,0.05671503665878782,0.0893343657585486,0.06105186404496462,0.035388389492074776,0.0005487565571981322,5,147,0.03669113057338523,0.013696564262172613,True,False,False,0.00038506053957267355,COMPLETE
1302,0.5607603549957275,2025-04-04 01:42:07.593692,2025-04-04 01:42:14.540228,0 days 00:00:06.946536,0.070207774295664,0.2033800069686229,8,0.009900337848065224,0.29494281680546325,0.053996337528906646,0.06018390016694508,0.05711261606864459,0.04039508070015371,0.0007395103507777432,7,150,0.03161842765063335,0.0011141578970405314,True,False,False,0.0005473536585810687,COMPLETE
1303,0.38400753736495974,2025-04-04 01:42:14.952019,2025-04-04 01:42:22.011218,0 days 00:00:07.059199,0.02922550650669559,0.21494268763119512,8,0.014372229510481695,0.29986740972090375,0.060144692577812076,0.09567414305659783,0.05279006968992779,0.024201882833141262,0.0005912092666487354,8,144,0.03844162748855518,0.023599300090755955,False,False,False,0.0007860310232373617,COMPLETE
1304,0.5522485256195069,2025-04-04 01:42:22.424454,2025-04-04 01:42:29.232768,0 days 00:00:06.808314,0.09380279252964012,0.28258244995742526,8,0.0061366609928856855,0.28093377539062153,0.06447707719466564,0.06548633236068348,0.055629097338419344,0.045483396508930546,0.0010727340427421196,6,147,0.03432310614526515,0.010158008383608644,True,False,False,0.0002618979511254689,COMPLETE
1305,0.558284604549408,2025-04-04 01:42:29.645906,2025-04-04 01:42:36.252321,0 days 00:00:06.606415,0.04728400344553481,0.2519147033457889,8,0.023865428553758252,0.28921064873109154,0.06281962241002313,0.09278326312336715,0.04835111905474279,0.03865951626397146,0.00047481799859015316,5,150,0.03594398693619718,0.005675601516519557,True,False,False,0.00013995084427123784,COMPLETE
1306,0.558129072189331,2025-04-04 01:42:36.688640,2025-04-04 01:42:43.716516,0 days 00:00:07.027876,0.010351954438237904,0.17153048911324756,8,0.010177862892772461,0.27313047825337905,0.05810209112253337,0.08570730235551283,0.0589467652900466,0.03130452192739877,0.0008150513343791057,7,144,0.03980585879435759,0.019887835845125372,True,False,False,0.00037510357659483904,COMPLETE
1307,0.5275726079940797,2025-04-04 01:42:44.135747,2025-04-04 01:42:50.961774,0 days 00:00:06.826027,0.05864230231224664,0.23228410589638282,8,0.005556239599799387,0.2845867883583674,0.05633314114800633,0.09008186890154396,0.05459825858724184,0.05057983084383268,0.008019130671913928,6,147,0.05139770605807123,0.016820659512387894,True,False,False,0.0004455830292623015,COMPLETE
1308,0.29631375670433047,2025-04-04 01:42:51.381205,2025-04-04 01:42:58.252161,0 days 00:00:06.870956,0.08134587375649667,0.18691487780624436,8,0.0002528683368867709,0.2909349894307724,0.053254516788129404,0.09415551807304565,0.056914234565863295,0.044259212490305434,0.0006274330506765455,7,64,0.033101134672308706,0.0068731596553043735,True,False,False,0.0003191924849879928,COMPLETE
1309,0.5582115054130554,2025-04-04 01:42:58.668295,2025-04-04 01:43:05.511904,0 days 00:00:06.843609,0.11609503747413635,0.2170172455499624,8,0.01844956148256057,0.28061364807677097,0.05923404886511313,0.08804493442264955,0.05130173135586655,0.034389942708963686,0.0007016918940414511,6,142,0.029369016031904144,0.0010871747224402593,True,False,False,0.0009992998211919698,COMPLETE
1310,0.560146725177765,2025-04-04 01:43:05.930272,2025-04-04 01:43:12.559486,0 days 00:00:06.629214,0.03957161156293149,0.24983645473989194,8,0.014236264548817601,0.2943711712913456,0.06775049434351546,0.09995231834759585,0.06136848540177263,0.02813635410723704,0.0005031589438920782,5,150,0.03678799623001915,0.028689672235470014,True,False,False,0.0001942102820739067,COMPLETE
1311,0.5536625266075135,2025-04-04 01:43:12.975766,2025-04-04 01:43:20.158692,0 days 00:00:07.182926,0.0710970954064542,0.27210867192944,8,0.028527519811811005,0.2999949630507024,0.02748134269299501,0.09188761116226513,0.053359626025201654,0.04181065101187344,0.0009218583116289626,8,145,0.031462031728159916,0.011142645815387663,True,False,False,0.0006565121289413344,COMPLETE
1312,0.5568696975708008,2025-04-04 01:43:20.577084,2025-04-04 01:43:27.379755,0 days 00:00:06.802671,0.05123512538424719,0.3131882826396718,8,0.005252225149618084,0.2865248790825873,0.06204742402332156,0.09656370439512516,0.05821751642049469,0.03681334127635732,0.00037910433054851885,6,147,0.034425974246291784,0.015786512136934307,True,False,False,0.00024560648063444516,COMPLETE
1313,0.5545823216438294,2025-04-04 01:43:27.802232,2025-04-04 01:43:34.778011,0 days 00:00:06.975779,0.09854003797929364,0.1973929299625756,8,0.02137909734353749,0.273449659415168,0.051628568315373234,0.09003270468980099,0.05533172305665152,0.04021060778437012,0.0006983989281957903,7,142,0.03820364508107025,0.005694513133053485,True,False,False,0.0005164710946834083,COMPLETE
1314,0.5591232657432557,2025-04-04 01:43:35.203018,2025-04-04 01:43:41.896633,0 days 00:00:06.693615,0.0270190704802361,0.23420868565700492,8,0.011549854356402326,0.2905710814731942,0.05031189169553013,0.09318593388817062,0.060241573278600496,0.03794786203070253,0.00057078706982888,5,150,0.044004504784530565,0.01124438624097132,True,False,False,0.00032803218960417293,COMPLETE
1315,0.29631375670433047,2025-04-04 01:43:42.335689,2025-04-04 01:43:48.632745,0 days 00:00:06.297056,0.07289136574455572,0.21659987469814507,8,0.004956957954302059,0.2783400617900583,0.054971505414314906,0.08676274551664116,0.05053180225484739,0.026580306583422027,0.0012683819983876812,6,145,0.035844048945897426,0.02442701034301288,True,True,False,0.0004090553389517513,COMPLETE
1316,0.5589060664176941,2025-04-04 01:43:49.058553,2025-04-04 01:43:56.012370,0 days 00:00:06.953817,0.04134933634404205,0.16832540333966425,8,0.017161086345283596,0.2942025792173722,0.06546791109714954,0.08397019768861755,0.007554834569404444,0.043638678095880186,0.0008291814483630148,7,148,0.04203625926601331,0.01758649082971048,True,False,False,0.00027895903982670585,COMPLETE
1317,0.5579045295715332,2025-04-04 01:43:56.443211,2025-04-04 01:44:03.284803,0 days 00:00:06.841592,0.09549479166502468,0.25933790861997097,8,0.010272211300177143,0.284530809649211,0.028399912259652396,0.09516626069948705,0.04376600132158573,0.02228342642726615,0.0004834730312354457,6,147,0.032833080628645754,0.006696752248497538,True,False,False,0.0006138383936986106,COMPLETE
1318,0.5576956272125244,2025-04-04 01:44:03.705812,2025-04-04 01:44:10.393252,0 days 00:00:06.687440,0.057399070052102326,0.23466362326656448,8,0.01518522297042741,0.289204049052326,0.02439182851041709,0.09137829713806588,0.05736488808545892,0.04741800743265656,0.0006500932429123836,5,144,0.039601742278605925,0.011075149883829603,True,False,False,0.00021955974809238993,COMPLETE
1319,0.3515340626239777,2025-04-04 01:44:10.824339,2025-04-04 01:44:17.509373,0 days 00:00:06.685034,0.07916920377684702,0.19482804232562798,8,0.028332894229288696,0.2998903565071844,0.069848382873644,0.08862238973160015,0.05280111260459059,0.03290915821829592,0.00042233995645625457,7,150,0.035358091167205154,0.031855771984097156,True,False,True,0.00044394355280240615,COMPLETE
1320,0.556813383102417,2025-04-04 01:44:17.931349,2025-04-04 01:44:24.318009,0 days 00:00:06.386660,0.030998378033379993,0.2854057776631188,16,0.005261732034034076,0.2800332617828226,0.02682548686442485,0.09788746313969991,0.055138191634787184,0.03041108326379508,0.0009953094272245866,6,147,0.037425152166297104,0.020250899231623133,True,False,False,0.0003337256050220798,COMPLETE
1321,0.3804680168628693,2025-04-04 01:44:24.738620,2025-04-04 01:44:31.863084,0 days 00:00:07.124464,0.05707843451704703,0.21206340977209764,8,0.022009247993190068,0.29380342638362145,0.029355280073543284,0.09368589717774647,0.061953334870581404,0.03502309915701837,0.0007678503156581138,8,108,0.03325921939488651,0.0059557907656866745,False,False,False,0.0005053730227281862,COMPLETE
1322,0.5460105061531068,2025-04-04 01:44:32.284258,2025-04-04 01:44:38.889597,0 days 00:00:06.605339,0.11460884711709177,0.2451513526682948,8,0.01060918925388456,0.2856082055999651,0.05860316537443757,0.09097209087901442,0.03359867917886347,0.03960444669275804,0.0005516637593563191,5,95,0.02972659050065986,0.013090429617567144,True,False,False,0.0007770979901723826,COMPLETE
1323,0.5609832406044006,2025-04-04 01:44:39.336026,2025-04-04 01:44:46.166050,0 days 00:00:06.830024,0.010756606312827398,0.9105617728844444,8,0.018066583877795923,0.2946951645087726,0.026538017042595098,0.085787634293408,0.028410346921568443,0.04172725639624658,0.0006560161893363394,6,150,0.03535405298550956,0.0064370045126467094,True,False,False,0.00017314327984782,COMPLETE
1324,0.29944335222244267,2025-04-04 01:44:46.595651,2025-04-04 01:44:53.530406,0 days 00:00:06.934755,0.08426386187490695,0.21591204734548797,8,0.0006017330888517438,0.27343145220028164,0.055913346918032555,0.08939711440499715,0.04646385474538859,0.03657543398345218,0.00034867529614395637,7,142,0.03845136477676041,0.017505841331352492,True,False,False,0.00037768176655220153,COMPLETE
1325,0.4277737855911255,2025-04-04 01:44:53.957207,2025-04-04 01:45:05.112210,0 days 00:00:11.155003,0.03073596045993996,0.18110327892438716,8,0.24590007054226354,0.2899174057667183,0.024850483899055406,0.09531600728299432,0.05642055531667909,0.0452666415510987,0.0008651613734160372,30,145,0.031421123013080796,0.0012515963671696304,True,False,False,0.000256911327668461,COMPLETE
1326,0.5579045295715332,2025-04-04 01:45:05.536521,2025-04-04 01:45:12.322791,0 days 00:00:06.786270,0.05925934304217639,0.26866628891694283,8,0.009944760271698976,0.28229323394462363,0.06081567092399556,0.09255604596129526,0.05952898757134351,0.03905396531909687,0.0005573541575978745,6,147,0.03382368663722801,0.023369531827636063,True,False,False,0.0005885920526424753,COMPLETE
1327,0.5608036637306213,2025-04-04 01:45:12.745907,2025-04-04 01:45:19.701737,0 days 00:00:06.955830,0.04300594916150222,0.2343452940012179,8,0.004773916078221122,0.28670076792757937,0.029014989206874512,0.08745241153881761,0.048558306554329335,0.04215622097685742,0.00045585890485983583,7,142,0.04077122158447652,0.011853509411437277,True,False,False,0.00033477540405164326,COMPLETE
1328,0.48148843050003054,2025-04-04 01:45:20.128548,2025-04-04 01:45:26.758274,0 days 00:00:06.629726,0.10134044775671885,0.2023992837782417,8,0.014515423861430822,0.2772399734533091,0.0636844055955333,0.08929957955702562,0.05418355271374648,0.02867134671597681,0.07582664214642455,5,150,0.0365328466734508,0.006111051075536992,True,False,False,0.00045074094189545376,COMPLETE
1329,0.29631375670433047,2025-04-04 01:45:27.186272,2025-04-04 01:45:34.274804,0 days 00:00:07.088532,0.07170245664474782,0.1711456233157198,8,0.00015146251136708387,0.2947002730862534,0.024871389783887074,0.09168356697027145,0.051728918239235776,0.02529232094408188,0.0007267356345990314,8,147,0.037488159722553725,0.01553114500330505,True,False,False,0.00022022959900343253,COMPLETE
1330,0.49519668817520146,2025-04-04 01:45:34.702798,2025-04-04 01:45:41.533646,0 days 00:00:06.830848,0.8286695302490379,0.2518702603061192,8,0.022763338974426943,0.2896484755953801,0.027011494062636032,0.09681395804910174,0.05806935032561146,0.03221783533145504,0.0011018824324051785,6,144,0.03411831903735307,0.010446696316304927,True,False,False,0.0002930960216433429,COMPLETE
1331,0.5568696975708008,2025-04-04 01:45:41.956720,2025-04-04 01:45:48.636093,0 days 00:00:06.679373,0.02881611132213519,0.22489594529715162,8,0.009708079537327139,0.2998931357787634,0.029618261296720363,0.0938287486265495,0.05618872503628903,0.03597235491281591,0.0005760305510697317,5,148,0.031848141906251584,0.02140238216334492,True,False,False,0.0006944624801554076,COMPLETE
1332,0.556842041015625,2025-04-04 01:45:49.080227,2025-04-04 01:45:56.135317,0 days 00:00:07.055090,0.0537890161381762,0.18869108239767537,8,0.015831452441548908,0.2831765820429173,0.057113790881199056,0.08566578905808107,0.05998602534171773,0.04550651882423114,0.0008624215721981631,7,150,0.039344453394470236,0.0012882365324251958,True,False,False,0.0004129676109095484,COMPLETE
1333,0.5607603549957275,2025-04-04 01:45:56.565234,2025-04-04 01:46:03.309580,0 days 00:00:06.744346,0.12131672803220876,0.3026869938527901,8,0.0054176015211612315,0.29341895686087055,0.06551463382021086,0.08854463575461972,0.05413165681372572,0.04900484077203858,0.0007113774359278755,6,145,0.03525913112708785,0.0011237860841583052,True,False,False,0.0004993429554521244,COMPLETE
1334,0.5581441760063172,2025-04-04 01:46:03.738540,2025-04-04 01:46:10.680370,0 days 00:00:06.941830,0.09081668778375533,0.25887000494187257,8,0.027686683045159664,0.2739644331392693,0.053749700498465905,0.0907357698470427,0.05048005978225799,0.04325558051249249,0.0004920575965689586,7,147,0.03660010996050923,0.01188302120316966,True,False,False,0.0002936557497412741,COMPLETE
1335,0.29631375670433047,2025-04-04 01:46:11.108453,2025-04-04 01:46:17.453344,0 days 00:00:06.344891,0.06337804384844514,0.22579776677894053,8,0.01940141382490966,0.2864526114576466,0.027695826747085386,0.0951724389588713,0.06259563227287093,0.03834933846259478,0.0004187000194504642,6,142,0.032112549449298984,0.027943029305867912,True,True,False,0.00014736848722687865,COMPLETE
1336,0.42688548564910894,2025-04-04 01:46:17.878081,2025-04-04 01:46:24.511949,0 days 00:00:06.633868,0.9960112208316261,0.7945982932450859,8,0.009892117019109834,0.27961046291692765,0.024748998817273195,0.08370115936574762,0.05867231967612362,0.03406571040365452,0.0006305926512254719,5,150,0.02841033481985911,0.01787266546221837,True,False,False,0.00037071242750602075,COMPLETE
1337,0.35736455321311955,2025-04-04 01:46:24.940248,2025-04-04 01:46:31.823844,0 days 00:00:06.883596,0.010695097310001535,0.19867397940684797,8,0.057290566658286655,0.29987664224720384,0.06772598940281713,0.09838479113869945,0.052726993749012255,0.041226842320321117,0.0009645019946667466,8,145,0.033936306823611796,0.006575554808873632,True,False,True,0.00018812395262045932,COMPLETE
1338,0.55817768573761,2025-04-04 01:46:32.248279,2025-04-04 01:46:39.244342,0 days 00:00:06.996063,0.044609933557179446,0.28516164336776917,8,0.014613361377169348,0.29032410919641793,0.03100229224530856,0.08699877277757317,0.05661782051963387,0.04007826326986439,0.0007721498476434996,7,148,0.03889414385111042,0.01151270184713519,True,False,False,0.0005741531946940758,COMPLETE
1339,0.5620315194129945,2025-04-04 01:46:39.686061,2025-04-04 01:46:46.510329,0 days 00:00:06.824268,0.07742755217140736,0.24248185465006164,8,0.0069722560644799435,0.2947737679551637,0.0593947393970971,0.09264751129917179,0.05460968091221534,0.037243785077603835,0.0005567368288267186,6,141,0.03610466590836245,0.016892632880480422,True,False,False,0.0002520802997908201,COMPLETE
1340,0.4026405990123749,2025-04-04 01:46:46.939801,2025-04-04 01:46:53.332206,0 days 00:00:06.392405,0.11426854414670784,0.2737434154578359,16,0.2753091522332025,0.29401813899549006,0.057496685967976864,0.09345061578983446,0.05762475603892575,0.029619615976097073,0.00041475360853814253,7,142,0.042612373234381676,0.006741797912818086,False,False,False,0.00022031581929433044,COMPLETE
1341,0.29631375670433047,2025-04-04 01:46:53.759830,2025-04-04 01:47:00.645347,0 days 00:00:06.885517,0.08898358419870042,0.2475741749209059,8,0.0005714699519500602,0.2946268056028085,0.05984092261921886,0.09608323598603767,0.060455635938186356,0.032740060535090355,0.0003662665684984844,7,141,0.04097800255240939,0.0010541059399853106,True,False,False,0.00014691438074588339,COMPLETE
1342,0.5359112620353699,2025-04-04 01:47:01.075301,2025-04-04 01:47:07.781348,0 days 00:00:06.706047,0.1047359803066922,0.2661360860175626,8,0.005466318268646617,0.2955918881129358,0.061944863019454004,0.09261721720182965,0.05581147997046857,0.03605321219818175,0.0005066180862270783,6,88,0.03812384982198285,0.015632118335156642,True,False,False,0.00017889096178307442,COMPLETE
1343,0.29631375670433047,2025-04-04 01:47:08.208867,2025-04-04 01:47:15.259859,0 days 00:00:07.050992,0.08597599736369449,0.24556124000448842,8,0.0005025064908861666,0.2853024116175576,0.06017819331802329,0.09445162051358333,0.05883431111352847,0.04328817514464441,0.0005262561569089338,8,144,0.036907690688584995,0.010092615185418385,True,False,False,0.0002257863896592999,COMPLETE
