number,value,datetime_start,datetime_complete,duration,params_alpha-eval,params_alpha-train,params_batch-size,params_eps-eval,params_eps-train,params_lambda-actions-eval,params_lambda-actions-train,params_lambda-frames-eval,params_lambda-frames-train,params_learning-rate,params_n-epochs,params_n-frames,params_radius-gw,params_rho,params_std-feats,params_ub-actions,params_ub-frames,params_weight-decay,state
1904,0.5593115210533142,2025-04-04 02:56:16.133984,2025-04-04 02:56:23.245575,0 days 00:00:07.111591,0.045355200273119234,0.16565033034688637,8,0.011032281028306256,0.29463463566702036,0.024793663508487402,0.08584661863743717,0.05487421440836149,0.04429806028864407,0.0005480507789142561,7,147,0.031334019719590295,0.0059802879095227565,True,False,False,0.0005711979206145871,COMPLETE
1905,0.38843932151794436,2025-04-04 02:56:23.873681,2025-04-04 02:56:30.453835,0 days 00:00:06.580154,0.14423849491737653,0.25946265023979537,16,0.015488388400534864,0.2778004753541853,0.05835426545507544,0.08850321275550607,0.046753769563256366,0.025664161081465953,0.0006801563694128389,8,150,0.03802479576861349,0.022417085251758617,False,False,False,0.00027978112374483095,COMPLETE
1906,0.5543518304824829,2025-04-04 02:56:31.062014,2025-04-04 02:56:37.992144,0 days 00:00:06.930130,0.07012536835018307,0.21657214994650587,8,0.043566835393310945,0.28808047969465,0.03184748954663941,0.09668066436238451,0.059073460485952814,0.039870150164426216,0.0004912619594583046,6,145,0.032488170642358746,0.01716319495733197,True,False,False,0.00043341502554515137,COMPLETE
1907,0.5555539965629578,2025-04-04 02:56:38.625505,2025-04-04 02:56:45.310863,0 days 00:00:06.685358,0.02552510850808809,0.19589522551244576,8,0.022113319284072612,0.16127532327862876,0.05205872017488574,0.09233258692460909,0.04988112040246399,0.037670776033245,0.0008514982887021246,5,142,0.035238107447197235,0.010778425672657303,True,False,False,0.00015467574811049785,COMPLETE
1908,0.29631375670433047,2025-04-04 02:56:45.919864,2025-04-04 02:56:52.822161,0 days 00:00:06.902297,0.09726289519383559,0.24629612729824646,8,0.00013979435979665812,0.19576289434394445,0.062216258827403496,0.0933453461241156,0.0049372612578561514,0.042008869470427146,0.0006334967216493648,7,147,0.03679853717758499,0.006271417803248688,True,False,False,0.00020673635831095904,COMPLETE
1909,0.5587557196617127,2025-04-04 02:56:53.453164,2025-04-04 02:57:00.303339,0 days 00:00:06.850175,0.04173991820353491,0.13360658134126763,8,0.00912424107603332,0.27137389518146166,0.023366082833428822,0.09838837644969181,0.05339900576933802,0.030169828327251878,0.0007503404174989495,6,150,0.033376287590128006,0.015369116328864387,True,False,False,6.04415973570691e-08,COMPLETE
1910,0.5565716624259949,2025-04-04 02:57:00.914683,2025-04-04 02:57:08.105813,0 days 00:00:07.191130,0.07784978772613378,0.2777416242478089,8,0.005378948770248869,0.282578422928252,0.06472028264810559,0.090631283388591,0.04386407965525145,0.019726800950498828,0.0005627765608639386,8,145,0.03922893106281729,0.010815911393286252,True,False,False,0.0008472167708557437,COMPLETE
1911,0.5449745416641235,2025-04-04 02:57:08.734159,2025-04-04 02:57:15.800858,0 days 00:00:07.066699,0.12364731734387929,0.175838189804311,8,0.016335652229723448,0.2947406370870091,0.026675560311543434,0.08781114416774137,0.0568384433384002,0.04711807379076527,0.0010295037650653938,7,148,0.041910152265373424,0.0056072181058239735,True,False,False,0.0002478524490243271,COMPLETE
1912,0.5562410593032837,2025-04-04 02:57:16.411603,2025-04-04 02:57:23.159561,0 days 00:00:06.747958,0.010100545000138338,0.22674299852422367,8,0.011748353395875889,0.18077359057421255,0.06790980634935619,0.09431203409670205,0.06335810020603591,0.035883899589816574,0.00043105474650680233,6,140,0.030444725510012243,0.022921988293191045,True,False,False,0.0003796049880721344,COMPLETE
1913,0.5595184922218324,2025-04-04 02:57:23.791670,2025-04-04 02:57:30.449414,0 days 00:00:06.657744,0.05316822180350767,0.2059161990736666,8,0.026444877886525952,0.2898600384905582,0.030041057113866274,0.08416641896369209,0.06023421616558939,0.04369711158740295,0.0006534607074209172,5,143,0.0351311329238827,0.01673208432330527,True,False,False,0.0006421698336680947,COMPLETE
1914,0.29631375670433047,2025-04-04 02:57:31.058427,2025-04-04 02:57:37.819510,0 days 00:00:06.761083,0.06149843925902435,0.19043495001407112,8,0.0003539509309382601,0.2663914926639724,0.06053132301767326,0.09514885275247947,0.03604095805524493,0.032458989977659954,0.00122470024651489,6,147,0.0372711071857304,0.0013206123935875416,True,False,False,0.000476885928227528,COMPLETE
1915,0.5606611609458924,2025-04-04 02:57:38.457091,2025-04-04 02:57:45.516261,0 days 00:00:07.059170,0.038501278557386415,0.23730281971157216,8,0.019664326724311555,0.2840268238865963,0.05723061895782262,0.0912233428200782,0.05202207293961459,0.039631528749952995,0.0005306922769508158,7,145,0.03339813249365078,0.03928741316072541,True,False,False,0.0003136281314389496,COMPLETE
1916,0.29631375670433047,2025-04-04 02:57:46.134392,2025-04-04 02:57:52.393446,0 days 00:00:06.259054,0.08760230440379205,0.21877462157990746,8,0.010497125875978994,0.2758434597372659,0.024964796417292004,0.08906294976555577,0.05509978647749251,0.03430120992062975,0.0008892658128727989,5,150,0.03888448592127415,0.011887064806142503,True,True,False,0.00027986825301752844,COMPLETE
1917,0.5561838030815125,2025-04-04 02:57:53.026384,2025-04-04 02:57:59.898154,0 days 00:00:06.871770,0.1028968476570297,0.26147226678377405,8,0.0061703539803016705,0.2948199908563733,0.0207626418681637,0.08656801510358418,0.05765025602164003,0.02754547929177459,0.0007382280491310904,6,137,0.036412715191609366,0.006052763345752784,True,False,False,0.0005168060169559352,COMPLETE
1918,0.49972301721572876,2025-04-04 02:58:00.514144,2025-04-04 02:58:07.435131,0 days 00:00:06.920987,0.0319760447517545,0.16793370272312014,8,0.01621259047252742,0.29970819638098495,0.02811336382432952,0.09595148713560848,0.061330542351608716,0.041721700717209605,0.0016248990828525705,7,114,0.03375053616740398,0.029708399781070947,True,False,False,0.0002206956807807307,COMPLETE
1919,0.5552017569541932,2025-04-04 02:58:08.071285,2025-04-04 02:58:18.283750,0 days 00:00:10.212465,0.07027422318042054,0.20003708730442815,8,0.004876423630315415,0.2892351871145487,0.0629841430463706,0.09212652912189513,0.054210473420731514,0.03802427313203974,0.00036093031612206155,25,147,0.031453414720421874,0.019718174004254976,True,False,False,0.0003914929026487372,COMPLETE
1920,0.5543518304824829,2025-04-04 02:58:18.907865,2025-04-04 02:58:25.768871,0 days 00:00:06.861006,0.05610069597506511,0.24851877502481456,8,0.03613678326393889,0.28007904063890926,0.05514312713295783,0.08977513803665585,0.048613387259616295,0.045395271506161,0.00044268761482057123,6,142,0.02862142506043195,0.011542077297892644,True,False,False,0.0001807363067960605,COMPLETE
1921,0.3710306525230408,2025-04-04 02:58:26.403431,2025-04-04 02:58:33.187214,0 days 00:00:06.783783,0.028806405947961647,0.1471441906390326,8,0.012535154327823442,0.2858130524187758,0.023305392104536755,0.09982920773696655,0.05606360468580312,0.031243299977848353,0.0006035294086838231,8,150,0.035200106631848777,0.0058844237720577595,True,False,True,0.0006921516468860465,COMPLETE
1922,0.5485946893692017,2025-04-04 02:58:33.800147,2025-04-04 02:58:40.833708,0 days 00:00:07.033561,0.08330331191004466,0.30943880898613935,8,0.02310173490985985,0.27430722824949405,0.07313426598772022,0.0817831893493883,0.0585573466332394,0.0408246793332491,0.0007802339733476621,7,145,0.0442657529826427,0.0011391971659133436,True,False,False,0.00033848624261881467,COMPLETE
1923,0.48716833591461184,2025-04-04 02:58:41.465287,2025-04-04 02:58:48.215696,0 days 00:00:06.750409,0.05096712117477897,0.2172740778510443,8,0.14432396919871876,0.29459834865982126,0.06592315476799507,0.0936349590733214,0.05143926280210689,0.049190623592395406,0.0005095627018703224,5,148,0.04037609780103757,0.0012079972017375118,True,False,False,0.000987847658058437,COMPLETE
1924,0.29631375670433047,2025-04-04 02:58:48.829804,2025-04-04 02:58:54.998160,0 days 00:00:06.168356,0.12061980174636042,0.2898378009515572,16,0.00033025507687774007,0.2879166513174499,0.06139578948283354,0.08839627345666876,0.053304512386978115,0.02354504674404293,0.000959648137896022,6,140,0.03714205798173727,0.016359477953295426,False,False,False,0.0004544673916920302,COMPLETE
1925,0.5587516188621521,2025-04-04 02:58:55.634902,2025-04-04 02:59:02.690020,0 days 00:00:07.055118,0.06848049676636095,0.18118369338186377,8,0.01017047039119763,0.28039020113213164,0.05914845008790127,0.08623797025097732,0.05625848048370991,0.04370148751543294,0.0006476910123559159,7,150,0.03322282018895661,0.023446000125300355,True,False,False,0.00024603520852434945,COMPLETE
1926,0.5608036637306213,2025-04-04 02:59:03.334639,2025-04-04 02:59:10.118618,0 days 00:00:06.783979,0.030083996705914166,0.23547629395874883,8,0.018929790081522586,0.2899387309640212,0.02643558478620917,0.09771211546272944,0.03059480136172845,0.03642310334821106,0.0005761875846286379,6,144,0.03879990595626589,0.011905532090950119,True,False,False,0.00041017966626339893,COMPLETE
1927,0.5478018045425415,2025-04-04 02:59:10.736952,2025-04-04 02:59:21.586533,0 days 00:00:10.849581,0.1023672280124007,0.20367155236962367,8,0.005074066519431592,0.299721996823793,0.028453505435000987,0.09134115361223526,0.04974659367877358,0.03354860258076166,0.0007494591018414942,28,147,0.035854719956967214,0.0011346090161803817,True,False,False,8.597871361979858e-05,COMPLETE
1928,0.5578636884689331,2025-04-04 02:59:22.228615,2025-04-04 02:59:28.864702,0 days 00:00:06.636087,0.08010528415383911,0.2647503694112763,8,0.014135849118633904,0.281976058266969,0.031018028469187303,0.09506429287050747,0.058701052229406615,0.025701132458408417,0.00041483801436728487,5,147,0.030212702201088598,0.0339149435425297,True,False,False,0.00013109627141772475,COMPLETE
1929,0.5568289756774902,2025-04-04 02:59:29.482355,2025-04-04 02:59:36.469273,0 days 00:00:06.986918,0.048037637718830996,0.2240829362636951,8,0.025888136948016952,0.295066581150392,0.05625314819079993,0.09298769299638424,0.061844306965576655,0.03838484931986778,0.0004883898958813115,7,142,0.0322304510907226,0.017030562558951277,True,False,False,0.00029817026393773614,COMPLETE
1930,0.5603498339653016,2025-04-04 02:59:37.107458,2025-04-04 02:59:43.932142,0 days 00:00:06.824684,0.06092199547028927,0.17617893625048242,8,0.009312742969445164,0.2749465970802009,0.053173485061709415,0.09017005878676324,0.047343979624194565,0.0462624934740749,0.0006574179550414241,6,150,0.03444512987638278,0.010129989573492254,True,False,False,0.0005698723528168998,COMPLETE
1931,0.560480284690857,2025-04-04 02:59:44.539989,2025-04-04 02:59:51.223827,0 days 00:00:06.683838,0.01088236333435997,0.24916835355483463,8,0.004989175548659949,0.2905456487337756,0.02540673641845263,0.09685546261149468,0.05636027490907244,0.02970908021094867,0.0008393640640762717,5,145,0.04131109586701922,0.02649370962505951,True,False,False,0.00017182735188508465,COMPLETE
1932,0.5559625983238221,2025-04-04 02:59:51.861637,2025-04-04 02:59:59.096876,0 days 00:00:07.235239,0.08797894531185982,0.19331638537716408,8,0.015225902785011632,0.2848126519096232,0.06302549184791346,0.08424625513888478,0.04243529041626484,0.042890803224821646,0.0005543045066936701,8,148,0.0380600490282839,0.009904015464770074,True,False,False,0.0003079507823202304,COMPLETE
1933,0.5461143136024476,2025-04-04 02:59:59.736758,2025-04-04 03:00:06.627922,0 days 00:00:06.891164,0.01002689692866219,0.1591750377231091,8,0.020836780572108818,0.26557504504106355,0.06695460657750828,0.08771995269469074,0.060001025475826086,0.03999985961831334,0.0010429060566848995,6,144,0.03581750707367497,0.02006169327200192,True,False,False,0.00024427330540420907,COMPLETE
1934,0.558284604549408,2025-04-04 03:00:07.243063,2025-04-04 03:00:14.329624,0 days 00:00:07.086561,0.04537332803434625,0.21466845788878297,8,0.030070311842552794,0.2945879048840953,0.020948995548654908,0.09396798571439281,0.05403077357131573,0.03742981065391192,0.0003236044273111721,7,150,0.033914261131255286,0.0065545095981040325,True,False,False,0.0003715471132487714,COMPLETE
1935,0.29631375670433047,2025-04-04 03:00:14.969122,2025-04-04 03:00:21.378072,0 days 00:00:06.408950,0.07115903166047491,0.2788831540126035,8,0.010150386216964066,0.2793433789064793,0.06006209148741445,0.09148557348794135,0.03917585470047341,0.048186370598007074,0.0006934332157841435,6,140,0.03728273577004964,0.015237897728367455,True,True,False,0.0005910665439150269,COMPLETE
1936,0.5599464058876038,2025-04-04 03:00:22.020922,2025-04-04 03:00:29.024091,0 days 00:00:07.003169,0.03907504744211703,0.23389658749309541,8,0.006091443532881145,0.2999031893234164,0.022890189675168975,0.09993611036557973,0.009592416719380305,0.04468211635276284,0.00047258473609763094,7,147,0.03147219886177789,0.010151006597895423,True,False,False,0.00046836609754571506,COMPLETE
1937,0.5539119243621826,2025-04-04 03:00:29.649077,2025-04-04 03:00:36.903667,0 days 00:00:07.254590,0.10893441520705625,0.1991695100851296,8,0.015249281521612923,0.2714689029886078,0.02673281333939852,0.08939665277476434,0.05249868490825799,0.035168880668497986,0.0008392291510564962,8,144,0.03903180627421218,0.05722523526089154,True,False,False,0.00020702619905943633,COMPLETE
1938,0.3553107857704163,2025-04-04 03:00:37.549707,2025-04-04 03:00:43.959628,0 days 00:00:06.409921,0.06021391046292041,0.11963073935585469,8,0.021110276913925148,0.2900227810179165,0.06459041565956129,0.08530702676883653,0.04541521604559388,0.028935215313114843,0.0006100946032770709,5,150,0.035346280626210765,0.001256046888432295,True,False,True,0.0007550658800209906,COMPLETE
1939,0.5568696975708008,2025-04-04 03:00:44.577155,2025-04-04 03:00:51.353909,0 days 00:00:06.776754,0.6279906527906942,0.25284428937536485,8,0.005376125796583326,0.28685043524305165,0.02952682218027106,0.09582381574356409,0.057563757329508525,0.040897898445677025,0.00038938013102065086,6,147,0.032997811296545734,0.023454077790325902,True,False,False,0.00034261338957216654,COMPLETE
1940,0.3633004605770111,2025-04-04 03:00:51.993294,2025-04-04 03:00:58.833389,0 days 00:00:06.840095,0.028799477566370937,0.17495957114171706,8,0.00013506763470243384,0.28304690132955945,0.06894107912014455,0.09285450911510511,0.05516845939871219,0.024936515037042223,0.0007207410281647323,7,24,0.029402426726722764,0.0011263108513079809,True,False,False,0.0002682210171079852,COMPLETE
1941,0.5193284153938293,2025-04-04 03:00:59.446557,2025-04-04 03:01:06.318776,0 days 00:00:06.872219,0.08271999910507816,0.2219612665284308,8,0.0683396309529047,0.2916904626096983,0.058558083644184404,0.08753392729370617,0.051484946417406585,0.03219726872705963,0.00124833765767446,6,137,0.03713190443381905,0.27812723742862433,True,False,False,0.0004487291142814922,COMPLETE
1942,0.29631375670433047,2025-04-04 03:01:06.960060,2025-04-04 03:01:13.455078,0 days 00:00:06.495018,0.09736312046607096,0.18982053934022733,8,0.0002010131287069252,0.29981851253595715,0.02469140957840811,0.08995035110824987,0.059583323218737425,0.03904713491436733,0.0005338993070039723,5,142,0.03473169394545324,0.01584856939996764,True,False,False,0.00034853713576114956,COMPLETE
1943,0.36912909150123596,2025-04-04 03:01:14.097055,2025-04-04 03:01:21.084438,0 days 00:00:06.987383,0.7051202080376519,0.23710570541175982,8,0.012236820585955339,0.27739431191267244,0.0278896087072741,0.09749694936048273,0.03457782596246563,0.042482124194185546,0.0009603498023989164,7,145,0.04063188961703285,0.006255462036680647,False,False,False,0.0002236866700842688,COMPLETE
1944,0.5588988423347473,2025-04-04 03:01:21.705593,2025-04-04 03:01:28.560221,0 days 00:00:06.854628,0.04425460556033742,0.14454598795007448,8,0.009252290881616557,0.28434960733617154,0.0610850215609986,0.09449677278477445,0.050039393244640615,0.046853943251273504,0.0006086797565957799,6,150,0.0323326917391173,0.01109016901908582,True,False,False,0.0005580562314246892,COMPLETE
1945,0.5574490547180176,2025-04-04 03:01:29.197673,2025-04-04 03:01:35.592574,0 days 00:00:06.394901,0.1420611119970504,0.20538004332949275,16,0.017939391627751322,0.29411300195181106,0.06473366196134638,0.09159350025077452,0.057493239072709305,0.03485611734524543,0.0004558621936811068,6,147,0.03681179185105883,0.018982361939631574,True,False,False,0.00017614583066158672,COMPLETE
1946,0.5574863076210022,2025-04-04 03:01:36.238844,2025-04-04 03:01:43.244287,0 days 00:00:07.005443,0.06706226375032157,0.662341127769071,8,0.027518689888711312,0.26957915740078175,0.05680220547709937,0.08604947428665254,0.05426306987961672,0.044785908540540265,0.0007144571411349412,7,143,0.03913921280368113,0.006709527205603091,True,False,False,0.0002865012422663486,COMPLETE
1947,0.3874117016792298,2025-04-04 03:01:43.865896,2025-04-04 03:01:50.550562,0 days 00:00:06.684666,0.03357681663810151,0.27515531049817943,8,0.014449527365768025,0.29992565235430113,0.022979894867425434,0.08839088802099718,0.061878377331438056,0.027249533656341963,0.07238062618870575,5,147,0.034473675296586834,0.027979319782734137,True,False,False,0.00039056175058004857,COMPLETE
1948,0.5430956840515138,2025-04-04 03:01:51.187321,2025-04-04 03:01:57.969628,0 days 00:00:06.782307,0.05425857887091431,0.24882367138054476,8,0.008076644396380468,0.2898689401836425,0.030910626827646358,0.09610990057744619,0.05668629636613357,0.03707647150390376,0.0008447914891124725,6,118,0.04619137645733886,0.01444166260593336,True,False,False,0.0006561844353274979,COMPLETE
1949,0.5272852301597596,2025-04-04 03:01:58.583113,2025-04-04 03:02:05.726213,0 days 00:00:07.143100,0.08238965704381127,0.21586779108014306,8,0.005113775646669377,0.27682699544805445,0.03547442406506762,0.09292326999054726,0.04800804339712706,0.04191897381667249,0.0005542948634524835,8,94,0.025745355453020206,0.010140139250639883,True,False,False,0.0004728229186645362,COMPLETE
1950,0.5282213091850281,2025-04-04 03:02:06.365220,2025-04-04 03:02:13.056352,0 days 00:00:06.691132,0.8129339076014032,0.1640964515034173,8,0.02221854567259627,0.28456350027164207,0.025988275696120507,0.09088848151193207,0.05257095138334819,0.021855555904394808,0.0006584697139187478,5,140,0.030279463347255696,0.07795137468897742,True,False,False,0.000997502183679773,COMPLETE
1951,0.553582501411438,2025-04-04 03:02:13.700442,2025-04-04 03:02:20.741115,0 days 00:00:07.040673,0.12383330539921225,0.5972179789402409,8,0.014791369416780553,0.2945613367059569,0.05398630701397562,0.08346666283263118,0.06346052906945565,0.039897896636760626,0.00048390971568526656,7,150,0.04289179037935267,0.022119415920198938,True,False,False,0.00014408271969702983,COMPLETE
1952,0.558129072189331,2025-04-04 03:02:21.363221,2025-04-04 03:02:28.202061,0 days 00:00:06.838840,0.024376091138146164,0.29736115194065227,8,0.009593197261272952,0.28135053659152753,0.033622834774880206,0.09464973215529539,0.05559976042050236,0.032454847726649624,0.000815294527036557,6,147,0.03611377518272114,0.006386117146393683,True,False,False,0.0003060706408586367,COMPLETE
1953,0.29631375670433047,2025-04-04 03:02:28.845559,2025-04-04 03:02:35.792540,0 days 00:00:06.946981,0.07250472147472611,0.18368121110299038,8,0.0002094310990783388,0.28949765263092647,0.050163617310719215,0.08919816806532518,0.05906815801000101,0.03594659953533504,0.0010256640038991817,7,145,0.03229460396779783,0.015435740414268416,True,False,False,0.00022166722846329536,COMPLETE
1954,0.29631375670433047,2025-04-04 03:02:36.438524,2025-04-04 03:02:42.857663,0 days 00:00:06.419139,0.10237505520863348,0.22941868684605513,8,0.016885449445083058,0.2999240697039395,0.06264893944176748,0.0920230714887851,0.054200808070209584,0.04350089574422066,0.0004177869098443737,6,150,0.03793823560965608,0.0011207987411537795,True,True,False,0.0004270559275865444,COMPLETE
1955,0.5601313710212708,2025-04-04 03:02:43.481850,2025-04-04 03:02:50.122204,0 days 00:00:06.640354,0.05268583448013453,0.2655649981264904,8,0.009495638059340856,0.2736982557000291,0.058570801140593584,0.09852086203953683,0.05117667969084111,0.038752999251197365,0.0005998408514722721,5,144,0.03400556164721007,0.0010845350723102877,True,False,False,0.00027074015189838227,COMPLETE
1956,0.559471070766449,2025-04-04 03:02:50.769182,2025-04-04 03:02:57.839009,0 days 00:00:07.069827,0.025124573235598538,0.2087574299621614,8,0.022992240840069372,0.2862484756586615,0.0672235045681512,0.08683260742447355,0.05975984158078832,0.02909396135410174,0.0007394504299809162,7,147,0.035808376752296145,0.011023997234208155,True,False,False,0.0005353356594683934,COMPLETE
1957,0.552090072631836,2025-04-04 03:02:58.490973,2025-04-04 03:03:05.290815,0 days 00:00:06.799842,0.06155083532362318,0.23744468524111675,8,0.005706726317526033,0.28034978792476617,0.027444896689028945,0.09684274781312686,0.04370771569855404,0.047638951366142226,0.0003471444141861017,6,142,0.04065090081552008,0.019522053052159725,True,False,False,0.0003342350477575351,COMPLETE
1958,0.34688260555267336,2025-04-04 03:03:05.920475,2025-04-04 03:03:12.744144,0 days 00:00:06.823669,0.08949360271984348,0.1896840175731264,8,0.20600323314441313,0.2907849494961954,0.023943938735003483,0.09409364385174832,0.05702147285622743,0.0414453159958484,0.0005312636724178216,8,150,0.033156196837149585,0.006474419928647248,True,False,True,0.000757850205852268,COMPLETE
1959,0.5270158410072328,2025-04-04 03:03:13.395293,2025-04-04 03:03:20.088580,0 days 00:00:06.693287,0.010282531172155426,0.16123902780687688,8,0.012942175432226755,0.26706488213359436,0.02954436848214396,0.08913634393364274,0.04944517700288855,0.03396190466260924,0.004142667127937881,5,147,0.05511235457879458,0.025951360442133652,True,False,False,0.000381629073232603,COMPLETE
