number,value,datetime_start,datetime_complete,duration,params_alpha-eval,params_alpha-train,params_batch-size,params_eps-eval,params_eps-train,params_lambda-actions-eval,params_lambda-actions-train,params_lambda-frames-eval,params_lambda-frames-train,params_learning-rate,params_n-epochs,params_n-frames,params_radius-gw,params_rho,params_std-feats,params_ub-actions,params_ub-frames,params_weight-decay,state
168,0.47498779296875004,2025-04-03 21:47:55.897979,2025-04-03 21:48:15.443865,0 days 00:00:19.545886,0.18289482548520483,0.13739783083673507,2,0.06219576352544548,0.2618996269261381,0.05577020844518364,0.014958109531585518,0.04731347255732542,0.008292782828857174,8.296744109834724e-05,21,120,0.013792043102786736,0.21248007422974224,True,False,False,3.5657147758381564e-06,COMPLETE
169,0.37276870608329776,2025-04-03 21:48:15.497390,2025-04-03 21:48:35.150959,0 days 00:00:19.653569,0.244324545047144,0.1874368137877038,2,0.052340223952567246,0.2732190146941771,0.04779928521815481,0.013062506562421874,0.04497578550549481,0.00605472193154212,0.00010100040168752203,21,128,0.006141321501336769,0.22560634777855762,True,False,False,2.9174628540741727e-06,COMPLETE
170,0.365211021900177,2025-04-03 21:48:35.204698,2025-04-03 21:48:53.476038,0 days 00:00:18.271340,0.2778534300032438,0.09182718721923813,2,0.06715332096228456,0.2576416108131746,0.05123443819427593,0.018330880361441697,0.05802147897185361,0.0031971533303785968,6.788989644475736e-05,19,122,0.0032921124174634915,0.20631008582936117,True,False,False,1.1914346243317927e-06,COMPLETE
171,0.5447860956192017,2025-04-03 21:48:53.530643,2025-04-03 21:49:13.732349,0 days 00:00:20.201706,0.22208275939386452,0.2517268258875737,2,0.058404462207507404,0.24609830420850748,0.04508219316829262,0.01113309663618159,0.04207848026398795,0.01008994199687838,0.00011836797824188992,22,132,0.011793469044589933,0.2157696939973282,True,False,False,1.704793164774244e-06,COMPLETE
172,0.547118318080902,2025-04-03 21:49:13.796439,2025-04-03 21:49:33.785674,0 days 00:00:19.989235,0.22974027112562725,0.2700283620489735,2,0.04277319191471051,0.2458309245613605,0.04987928173681938,0.011301795209342717,0.04046838407899261,0.009873802600832305,0.00011601080806311899,22,132,0.009074170854761796,0.2182411217593083,True,False,False,1.903899057443578e-06,COMPLETE
173,0.5502549290657044,2025-04-03 21:49:33.842541,2025-04-03 21:49:54.068804,0 days 00:00:20.226263,0.2326193444476733,0.2706268619925202,2,0.04093375765880597,0.2683391382040965,0.04605960722463199,0.011713193160498733,0.05379039384501213,0.009992928310220195,9.445128200727747e-05,22,132,0.009572567981697193,0.219165289803369,True,False,False,1.93901621303621e-06,COMPLETE
174,0.5526912212371826,2025-04-03 21:49:54.124787,2025-04-03 21:50:14.341751,0 days 00:00:20.216964,0.22565008604784695,0.2694102619783714,2,0.03275165573993253,0.2694677109519703,0.04604163944526564,0.0116437625802156,0.05330547186839565,0.010483805391380236,8.190323839828658e-05,22,132,0.00817950611164647,0.21689366917888725,True,False,False,1.9922148613340924e-06,COMPLETE
175,0.5477738380432129,2025-04-03 21:50:14.398327,2025-04-03 21:50:34.494763,0 days 00:00:20.096436,0.2264829391380487,0.28304820262547087,2,0.04276952701678475,0.26768803913896316,0.045561834834691714,0.016302117224824088,0.055308029345930265,0.01003561241977655,8.247804888469118e-05,22,132,0.008344731677573613,0.23621527306454682,True,False,False,2.0775486896243784e-06,COMPLETE
176,0.5511774182319641,2025-04-03 21:50:34.551554,2025-04-03 21:50:54.170331,0 days 00:00:19.618777,0.25945991155569725,0.2732231785381918,2,0.03312806523385677,0.26915121029429034,0.049105973593701016,0.016107598072853908,0.053846934070364734,0.010033989599594773,8.264047665210464e-05,21,132,0.007911693731581551,0.23315786453416715,True,False,False,2.1817766405596008e-06,COMPLETE
177,0.5527342319488525,2025-04-03 21:50:54.227047,2025-04-03 21:51:13.789396,0 days 00:00:19.562349,0.2649364725970593,0.2993020121447302,2,0.030481171151584528,0.2778645194973149,0.04921883190453991,0.019240335999887625,0.05393705584338522,0.009884106546189557,5.8029224913903524e-05,21,132,0.007681037557901165,0.23577387759207355,True,False,False,4.124544567246821e-06,COMPLETE
178,0.3961479365825653,2025-04-03 21:51:13.846266,2025-04-03 21:51:33.530348,0 days 00:00:19.684082,0.2750653937210161,0.3082899837669045,2,0.022932915342709394,0.2779042181504739,0.04799193230040387,0.01588466358014974,0.05462256589457132,0.010310142787625619,5.580932936064428e-05,21,133,0.007392967668054021,0.23750581210269078,True,False,False,4.193905580350957e-06,COMPLETE
179,0.3878653883934021,2025-04-03 21:51:33.588456,2025-04-03 21:51:53.135751,0 days 00:00:19.547295,0.25840700406658695,0.2708127457215914,2,0.0327218634295007,0.2826470303588077,0.04647982906993817,0.019140096071972326,0.053279893522876674,0.009337650376573341,4.38246689105364e-05,21,133,0.005542280177405583,0.22760918077818063,True,False,False,3.3758016821516785e-06,COMPLETE
180,0.5497090101242066,2025-04-03 21:51:53.193634,2025-04-03 21:52:13.209380,0 days 00:00:20.015746,0.2360314734674602,0.28030203345033666,2,0.040691667560663496,0.26799732120923425,0.04889083667813423,0.013818539177781343,0.05755591339881721,0.01012430241248288,7.953732099041451e-05,22,131,0.008360170067923561,0.2204092141264941,True,False,False,2.1344394545371616e-06,COMPLETE
181,0.38036234378814704,2025-04-03 21:52:13.276208,2025-04-03 21:52:33.415654,0 days 00:00:20.139446,0.23460657884287062,0.29003345324184354,2,0.04234902119728756,0.2702541943230309,0.049589531243076204,0.014399421364529711,0.0566209837505284,0.010493700096433354,7.359952164865603e-05,22,132,0.0015399384169279976,0.21897421535657602,True,False,False,2.246012032698453e-06,COMPLETE
182,0.4056892275810242,2025-04-03 21:52:33.473753,2025-04-03 21:52:49.911948,0 days 00:00:16.438195,0.2606549795513829,0.2721240691556295,2,0.014467810412875582,0.2674413590929853,0.04919467511497642,0.016802743875856237,0.06100177936086078,0.008392370614302666,5.879804687384382e-05,16,132,0.006851415971585931,0.22409407789912084,True,False,False,2.4726494684482224e-06,COMPLETE
183,0.5493041157722474,2025-04-03 21:52:49.970936,2025-04-03 21:53:09.628343,0 days 00:00:19.657407,0.28357098946113674,0.3196540994551036,2,0.029923555481415298,0.27583543677611677,0.04586556591099365,0.01337345335700866,0.056507793030510976,0.007503795424995099,8.705120667479021e-05,21,128,0.00869410732273065,0.2408436374165769,True,False,False,1.957572279413426e-06,COMPLETE
184,0.5526912212371826,2025-04-03 21:53:09.688539,2025-04-03 21:53:29.194320,0 days 00:00:19.505781,0.285383652956696,0.3182242789649851,2,0.032000622669539194,0.27926996779418806,0.046146667246078805,0.013311651419702995,0.05843526016181654,0.010649451544070595,7.972308714995247e-05,21,135,0.008221020602062305,0.2442240631671374,True,False,False,2.7288109561089856e-06,COMPLETE
185,0.5526912212371826,2025-04-03 21:53:29.252956,2025-04-03 21:53:48.903615,0 days 00:00:19.650659,0.28283326270645637,0.3277124355921857,2,0.031199311822986558,0.2782464678941083,0.04628950123321646,0.014315091982517972,0.06607899792826483,0.015541928557099818,8.025852605396167e-05,21,137,0.007968661744121912,0.24662171946277558,True,False,False,4.829765040226374e-06,COMPLETE
186,0.39466937184333806,2025-04-03 21:53:48.962996,2025-04-03 21:54:07.956874,0 days 00:00:18.993878,0.2796120896822213,0.31487605897545734,2,0.029666806523944204,0.28719856780126773,0.04697636254896882,0.019607303589503678,0.06529445566825803,0.014858012426233958,4.8639785780141583e-05,20,137,0.003878296877686052,0.2517158467347519,True,False,False,4.794269143508207e-06,COMPLETE
187,0.5514852046966553,2025-04-03 21:54:08.015936,2025-04-03 21:54:27.441310,0 days 00:00:19.425374,0.2885365481828923,0.2971861855984872,2,0.036469875961269244,0.280615228272512,0.04144095954208399,0.014111763083794257,0.05691562833383602,0.015240342319002693,6.51827913591963e-05,21,136,0.007905867768388085,0.2412688498135585,True,False,False,3.010161684289837e-06,COMPLETE
188,0.3961479365825653,2025-04-03 21:54:27.500740,2025-04-03 21:54:47.114431,0 days 00:00:19.613691,0.2895417012405762,0.3248711988508552,2,0.022097506941171182,0.2809565228219792,0.04574573140293955,0.01702480799720925,0.06374990130965573,0.015697473563521004,6.368779750394768e-05,21,136,0.007351653707986562,0.24258153373702737,True,False,False,3.0452155210766696e-06,COMPLETE
189,0.38276408314704896,2025-04-03 21:54:47.174886,2025-04-03 21:54:54.944633,0 days 00:00:07.769747,0.15205988077851557,0.2972013949002693,16,0.03628370345832535,0.277723453433182,0.04092326154462273,0.013727831167926424,0.05772245234805496,0.01104906309562441,7.35239624918853e-05,19,135,0.005438881022714893,0.24639223808401517,True,False,False,7.914357939095082e-06,COMPLETE
190,0.5062428712844849,2025-04-03 21:54:55.013137,2025-04-03 21:55:12.716323,0 days 00:00:17.703186,0.267706114844385,0.28620885832974424,2,0.041886009838864806,0.2737436401691859,0.04919342427623366,0.015015258218484193,0.059220046498035556,0.01428329632703124,6.086030958927272e-05,18,138,0.013888002957308613,0.23879447844396687,True,False,False,5.692290846083494e-06,COMPLETE
191,0.5560610294342041,2025-04-03 21:55:12.777890,2025-04-03 21:55:32.231704,0 days 00:00:19.453814,0.2260237782050293,0.341335006895496,2,0.03219920685128589,0.2866323817766863,0.04675128996184994,0.013811565866806775,0.06829318926310364,0.009385256720305019,8.459151128854982e-05,21,133,0.008316464019456205,0.23153188195900687,True,False,False,3.7852574620834265e-06,COMPLETE
192,0.555332100391388,2025-04-03 21:55:32.292973,2025-04-03 21:55:51.876451,0 days 00:00:19.583478,0.22154805201738595,0.35190755048240857,2,0.026108307292121106,0.2900257503044151,0.046338067694999756,0.017604216912029153,0.06834938621480922,0.00985154684792798,7.425076455164327e-05,21,132,0.008229462181693787,0.2560812619118636,True,False,False,3.8309196239583786e-06,COMPLETE
193,0.39466937184333806,2025-04-03 21:55:51.937637,2025-04-03 21:56:10.993280,0 days 00:00:19.055643,0.2895368976710387,0.3458749432329074,2,0.030062113220224094,0.2893495272004549,0.04623379117756817,0.01824862384745765,0.06732099977566376,0.010754603740459927,4.990908460360746e-05,20,132,0.0026413812672604724,0.2558054767121977,True,False,False,4.175178094429693e-06,COMPLETE
194,0.5429003000259399,2025-04-03 21:56:11.057165,2025-04-03 21:56:30.512366,0 days 00:00:19.455201,0.22512453411360717,0.3166585227404577,2,0.017785160589394444,0.2934315772657951,0.048265376146504356,0.020667477204734906,0.06968341247779268,0.00921921403814675,4.074340295164309e-05,21,134,0.008057041800903256,0.23153004060797308,True,False,False,3.7129383729828707e-06,COMPLETE
195,0.4056892275810242,2025-04-03 21:56:30.574467,2025-04-03 21:56:50.275687,0 days 00:00:19.701220,0.22401287768683364,0.33660679100587076,2,0.01648262055024116,0.2951033625644717,0.04195221999868031,0.021162444906424598,0.06813371829941178,0.009560195899507708,3.175066292543862e-05,21,134,0.00711810832295816,0.25732042840935654,True,False,False,3.452407948931482e-06,COMPLETE
196,0.4157492816448212,2025-04-03 21:56:50.337882,2025-04-03 21:57:09.887641,0 days 00:00:19.549759,0.26516152492762673,0.3103228975462721,2,0.010230607670564405,0.2839168520184621,0.047549286705545264,0.016205555234073257,0.0703958122036333,0.011575190127292237,4.0499879694882104e-05,21,136,0.004612454928878245,0.23525286095350958,True,False,False,2.8130212733325866e-06,COMPLETE
197,0.29631375670433047,2025-04-03 21:57:09.950415,2025-04-03 21:57:26.467356,0 days 00:00:16.516941,0.2245833198169655,0.2690853596454644,2,0.025209443592809737,0.28923073752580797,0.04598208157690898,0.019348527351661655,0.0726666071248323,0.01494223185373261,5.518821485812465e-05,20,132,0.008146706296842651,0.23113789327780013,True,True,False,6.50754642977642e-06,COMPLETE
198,0.3885526537895203,2025-04-03 21:57:26.540350,2025-04-03 21:57:45.829395,0 days 00:00:19.289045,0.2972204342405281,0.35134606829553305,2,0.037603845307909174,0.2800793321291995,0.0491099747793327,0.023822790703600424,0.055609360308742264,0.00379950794134016,7.303536718731425e-05,21,41,0.012100244640913851,0.24468050953488316,True,False,False,4.715048839400393e-06,COMPLETE
199,0.5558492898941041,2025-04-03 21:57:45.893672,2025-04-03 21:58:04.759512,0 days 00:00:18.865840,0.2646753606257984,0.3193705445709124,2,0.033430125386838774,0.27689134126560766,0.04593805621390715,0.013953092469832038,0.06365815813740093,0.009135879745756584,6.819667024673251e-05,20,135,0.007670030480341783,0.23908798462962338,True,False,False,3.7684749093691644e-06,COMPLETE
200,0.39070554375648503,2025-04-03 21:58:04.823979,2025-04-03 21:58:23.018927,0 days 00:00:18.194948,0.26304739717603354,0.32401127020767606,2,0.029369391147529227,0.299482477386483,0.045218082732412734,0.017561482656083576,0.059832847543662165,0.01135190062935569,3.343154458414254e-05,19,135,0.0060198863764829875,0.23864049120176656,True,False,False,3.987224837304916e-06,COMPLETE
201,0.5501837611198426,2025-04-03 21:58:23.082384,2025-04-03 21:58:42.013274,0 days 00:00:18.930890,0.22648049219179417,0.29641127846024673,2,0.020458611020706494,0.27280319583748935,0.047992556398313534,0.014253186494690304,0.06506844904771879,0.009289695781605834,7.313830584173992e-05,20,131,0.013000733219513942,0.23242846801011927,True,False,False,2.8159621240700675e-06,COMPLETE
202,0.5539774656295776,2025-04-03 21:58:42.077540,2025-04-03 21:59:00.970624,0 days 00:00:18.893084,0.23278538126417903,0.3002553975556918,2,0.034110694002800646,0.2751729088403879,0.041303259747333,0.014926985454810561,0.06366715826031569,0.009658611943613536,6.507027235523727e-05,20,131,0.007770813251118123,0.24675039101035673,True,False,False,2.6926883580989495e-06,COMPLETE
203,0.3918042182922364,2025-04-03 21:59:01.035979,2025-04-03 21:59:19.984439,0 days 00:00:18.948460,0.22686147675894225,0.30248289280160273,2,0.03464225460824205,0.2762782232398515,0.041039828564443555,0.015069016801005794,0.0638222533595963,0.010269974903962123,6.205905255622127e-05,20,131,0.003057800114120637,0.24630782072890361,True,False,False,2.8108305464351614e-06,COMPLETE
204,0.5444193959236145,2025-04-03 21:59:20.049895,2025-04-03 21:59:39.565860,0 days 00:00:19.515965,0.2539813689499492,0.3184108765374465,2,0.020694194823725153,0.2839413340939932,0.04204257689399475,0.013790976741011672,0.07036010267162726,0.009237408659155458,4.4533233387958314e-05,21,139,0.0075705436101492305,0.25068074443802085,True,False,False,2.6096751646407714e-06,COMPLETE
205,0.5437867045402527,2025-04-03 21:59:39.640926,2025-04-03 21:59:59.211418,0 days 00:00:19.570492,0.2556540554140945,0.32633010460586,2,0.023849579768804648,0.28738756275559735,0.05013333894904148,0.02050627857412305,0.0693841770215097,0.009301471511850136,4.077040714251431e-05,21,140,0.007764049899294311,0.24943651025483995,True,False,False,5.3410703278755195e-06,COMPLETE
206,0.39666498303413394,2025-04-03 21:59:59.277694,2025-04-03 22:00:18.336128,0 days 00:00:19.058434,0.256944773759788,0.33728276564669923,2,0.024892256626835942,0.28480430579729554,0.050579361193858766,0.016144853548494587,0.06204311375943281,0.005532590996605402,4.476759320005132e-05,20,139,0.005673308524001818,0.2509724995543226,True,False,False,2.509876442117657e-06,COMPLETE
207,0.3802813529968262,2025-04-03 22:00:18.401893,2025-04-03 22:00:38.088892,0 days 00:00:19.686999,0.2995994896577032,0.295321958830141,2,0.044876490040517504,0.2738308599591531,0.04675809319108684,0.013709828980263794,0.07620231786032398,0.00935488189710955,5.05141113842417e-05,21,130,0.007665337921660289,0.24837454019438154,True,False,False,4.660484552640166e-06,COMPLETE
208,0.4313461184501648,2025-04-03 22:00:38.155163,2025-04-03 22:00:56.698464,0 days 00:00:18.543301,0.2583575123740219,0.35870850490089556,2,0.007632159159360476,0.28129283520586956,0.04572505747816279,0.018024018350058464,0.06550418179836359,0.0037580073460226405,6.772607678432846e-05,19,140,0.0042416788560748426,0.2592067595130713,True,False,False,6.780169475101237e-06,COMPLETE
209,0.5521317839622497,2025-04-03 22:00:56.764475,2025-04-03 22:01:15.557209,0 days 00:00:18.792734,0.27999272045645535,0.32570439303631965,2,0.03346484414036668,0.2706805429666699,0.04236727819489085,0.013482859128260553,0.06855574565783189,0.01189375175111317,5.675622299132806e-05,20,124,0.008065045255309506,0.23772285445901756,True,False,False,2.8311567247237535e-06,COMPLETE
210,0.38899005055427555,2025-04-03 22:01:15.628558,2025-04-03 22:01:34.717636,0 days 00:00:19.089078,0.276950669484202,0.33330986721250355,2,0.03288412776620026,0.2879090586283745,0.04166371157756353,0.014212619003995442,0.06834258606638217,0.01303056619294414,5.452625526960999e-05,20,125,0.007526253252211738,0.2411389468532854,True,False,False,2.219152040781283e-06,COMPLETE
211,0.40333343744277955,2025-04-03 22:01:34.784360,2025-04-03 22:01:54.391492,0 days 00:00:19.607132,0.23399461322321552,0.3021681230778835,2,0.019812813058262636,0.27593885943762986,0.04988677534976877,0.015902780959492234,0.07288611176739555,0.011467924188107903,7.529370442657149e-05,21,130,0.006045786751156464,0.2394204664817663,True,False,False,2.8951877222948572e-06,COMPLETE
212,0.3830907344818116,2025-04-03 22:01:54.458580,2025-04-03 22:02:14.804692,0 days 00:00:20.346112,0.2513098756076279,0.3187607208066933,2,0.03994833197980894,0.27106235556283376,0.04281873017258859,0.013374621175371047,0.06415838107362232,0.009034061813226716,5.825579057372598e-05,22,132,0.0010175269713304722,0.23005613644593273,True,False,False,5.405563724081546e-06,COMPLETE
213,0.4910522520542145,2025-04-03 22:02:14.880214,2025-04-03 22:02:31.970126,0 days 00:00:17.089912,0.3054783781634274,0.2895592278141604,2,0.02498674218211921,0.26983524176818185,0.045333278875792624,0.013352097152245775,0.06664707927011566,0.014136381593525782,3.837007176301033e-05,17,137,0.008456552978995373,0.2676420137920734,True,False,False,3.4198502490696675e-06,COMPLETE
214,0.5490418076515198,2025-04-03 22:02:32.037972,2025-04-03 22:02:50.199111,0 days 00:00:18.161139,0.21819604490960226,0.35310164426867335,2,0.03293344016514745,0.2802541358294167,0.04750505376567904,0.017378550239687644,0.05662792892441005,0.006452125284684854,6.64750766393034e-05,19,129,0.014602317900656477,0.23511188933948335,True,False,False,2.144001421694248e-06,COMPLETE
215,0.5471316456794739,2025-04-03 22:02:50.266695,2025-04-03 22:03:08.500752,0 days 00:00:18.234057,0.2803559411514265,0.360250165444882,2,0.03378320825211471,0.2839726537839013,0.04824986831581626,0.0195329445168015,0.05626655075805691,0.01129556823944342,7.447647865685646e-05,19,128,0.013624005302357241,0.2529316566184131,True,False,False,2.1751289381152425e-06,COMPLETE
216,0.5041254878044129,2025-04-03 22:03:08.569378,2025-04-03 22:03:26.763903,0 days 00:00:18.194525,0.2840020034202289,0.3590512751667067,2,0.029603274516266702,0.2834343043660077,0.04716543586756527,0.019872250894932147,0.05730410088593452,0.011540039587923726,6.834074802179214e-05,19,123,0.01484148845061551,0.2524565733286948,True,False,False,2.353117209316273e-06,COMPLETE
217,0.29631375670433047,2025-04-03 22:03:26.831981,2025-04-03 22:03:45.019109,0 days 00:00:18.187128,0.26802580714430146,0.349439201800322,2,0.00035195167485371076,0.2924213157300433,0.04534637954652235,0.017543087439208366,0.054552862803689366,0.0097918824508994,4.698527522485077e-05,19,128,0.08974189802342603,0.24335197815149234,True,False,False,2.8109367420153564e-06,COMPLETE
218,0.38447306752204896,2025-04-03 22:03:45.087955,2025-04-03 22:04:04.062045,0 days 00:00:18.974090,0.22236589234779514,0.3303266833813314,2,0.03675469264015745,0.27964884073917756,0.04860479587040338,0.021750898519937993,0.05311311711064052,0.013220276972301149,8.107297083251206e-05,20,136,0.06407490614621328,0.2347819223740637,True,False,False,2.1717089260381735e-06,COMPLETE
219,0.5060655951499939,2025-04-03 22:04:04.131147,2025-04-03 22:04:22.988328,0 days 00:00:18.857181,0.25374778427469935,0.3143341766289044,2,0.04316458178711811,0.2870299016212153,0.04283480458417689,0.018794547098217453,0.06103728014895787,0.00881789988349992,6.188754847444148e-05,20,128,0.013741339789759777,0.25926749138205346,True,False,False,4.091463716803726e-06,COMPLETE
220,0.39345893263816833,2025-04-03 22:04:23.069499,2025-04-03 22:04:42.101731,0 days 00:00:19.032232,0.29398541854859817,0.36538536898224133,2,0.03163911098215511,0.276783368020197,0.04952640759620187,0.01567145033324595,0.05639070578478092,0.011632451908691584,7.770456303345566e-05,20,125,0.004731373878122129,0.25151462943920266,True,False,False,3.1559624349914426e-06,COMPLETE
221,0.5539925694465637,2025-04-03 22:04:42.171610,2025-04-03 22:05:01.678169,0 days 00:00:19.506559,0.23969795684005282,0.2854349323207589,2,0.027169830114525326,0.273272583555141,0.05034946054136473,0.016398564725717886,0.058941127355353784,0.007083226767411698,8.92493249128414e-05,21,133,0.00858512139551861,0.22573713689432331,True,False,False,2.2817912706485937e-06,COMPLETE
222,0.5501967072486877,2025-04-03 22:05:01.748389,2025-04-03 22:05:21.425429,0 days 00:00:19.677040,0.24433743986704504,0.2858429815535452,2,0.025715099038262856,0.27084476874713054,0.047051626216035335,0.015426540313268521,0.06945492987247578,0.006766159421755627,9.256385495343754e-05,21,134,0.007610038062514686,0.23469897987796187,True,False,False,2.059318866024313e-06,COMPLETE
223,0.38624786138534545,2025-04-03 22:05:21.496475,2025-04-03 22:05:41.129936,0 days 00:00:19.633461,0.2181869979982649,0.2819818102177268,2,0.03634905821478641,0.27245141935671396,0.046733229690084,0.016588412799713164,0.05932479620492424,0.006289359112068784,9.526452664464799e-05,21,134,0.006384564589794429,0.22538321094170938,True,False,False,2.140997005636728e-06,COMPLETE
