number,value,datetime_start,datetime_complete,duration,params_alpha-eval,params_alpha-train,params_batch-size,params_eps-eval,params_eps-train,params_lambda-actions-eval,params_lambda-actions-train,params_lambda-frames-eval,params_lambda-frames-train,params_learning-rate,params_n-epochs,params_n-frames,params_radius-gw,params_rho,params_std-feats,params_ub-actions,params_ub-frames,params_weight-decay,state
952,0.5601313710212708,2025-04-04 01:00:25.470690,2025-04-04 01:00:32.080551,0 days 00:00:06.609861,0.05960798164493697,0.24426142349166413,8,0.015270613954095796,0.2918971950446963,0.02551527400665768,0.09687885009057687,0.05409830474068608,0.04473897496743786,0.0005645806092459931,5,148,0.03466220664455477,0.0022118426901428633,True,False,False,0.00036554530226133185,COMPLETE
953,0.29631375670433047,2025-04-04 01:00:32.388360,2025-04-04 01:00:38.665974,0 days 00:00:06.277614,0.048139999644912425,0.24331868882058832,8,0.015898682657397002,0.2991338132226049,0.026000936946276143,0.08892623315517209,0.05294250319336304,0.045433303521601826,0.0006138054030931367,6,148,0.03468928238337536,0.002007101182821893,True,True,False,0.0003678783946347596,COMPLETE
954,0.5559625983238221,2025-04-04 01:00:38.961760,2025-04-04 01:00:45.563118,0 days 00:00:06.601358,0.061498615457844207,0.23066248442950588,8,0.01699996844125037,0.29192850198436393,0.02726145990429714,0.09947433133066347,0.05181892257998923,0.04375943772608524,0.0005077819767789614,5,147,0.03818604310050178,0.007925754079653227,True,False,False,0.00022052587336634277,COMPLETE
955,0.3415574908256531,2025-04-04 01:00:45.869024,2025-04-04 01:00:52.338138,0 days 00:00:06.469114,0.048898036854194436,0.21156236906135162,8,0.015313938739644376,0.2917212251321554,0.024886860371735292,0.09214433630427422,0.05479401830719991,0.04933924260228047,0.000620552567972184,6,148,0.03470443005255102,0.0029814435563591413,True,False,True,0.0003349846675939612,COMPLETE
956,0.5620315194129945,2025-04-04 01:00:52.649685,2025-04-04 01:00:59.629207,0 days 00:00:06.979522,0.050640500672449594,0.21459204416620972,8,0.01117280209044667,0.28842787503340955,0.026929755416210902,0.09697694015774727,0.05425328455262214,0.04582951084123271,0.00045701046029746593,7,150,0.03663756313762134,0.008291587061473683,True,False,False,0.0002790853100377549,COMPLETE
957,0.5287623405456543,2025-04-04 01:00:59.940833,2025-04-04 01:01:06.609778,0 days 00:00:06.668945,0.03744584611624395,0.2424587835634423,8,0.07540837194193205,0.28858288247435937,0.02808908436378403,0.09429827260097927,0.05381701709038428,0.04579020530596448,0.00046597198250347395,5,150,0.03854018222158573,0.001288375637733956,True,False,False,0.0002574022960436116,COMPLETE
958,0.5118333578109742,2025-04-04 01:01:06.921950,2025-04-04 01:01:13.769736,0 days 00:00:06.847786,0.04535154262132319,0.21244763908932573,8,0.168651444548708,0.299700234194941,0.026168274217236852,0.09811770592985437,0.053055247046192355,0.046824086060741184,0.0005742271641295817,6,150,0.03988306507297637,0.008696841193187742,True,False,False,0.00031570096086816946,COMPLETE
959,0.5048142433166504,2025-04-04 01:01:14.065759,2025-04-04 01:01:20.856211,0 days 00:00:06.790452,0.05337301353691841,0.25286856779461614,8,0.016313315079877194,0.2844282049588103,0.027871071867870554,0.09679429536614521,0.05489744769530904,0.04321154260318978,0.0004856706533118239,6,148,0.054662167529693495,0.0010971483746501417,True,False,False,0.0004323128261282453,COMPLETE
960,0.4004150807857514,2025-04-04 01:01:21.164728,2025-04-04 01:01:27.747609,0 days 00:00:06.582881,0.04326949867092163,0.2245034488187612,8,0.011952854251563344,0.29205498749607856,0.026598800571562095,0.09517506125940944,0.051613915828278796,0.04415220561659077,0.0006455356721538847,5,148,0.03701700129112905,0.00878120577803542,False,False,False,0.0002383871059910371,COMPLETE
961,0.5535535693168641,2025-04-04 01:01:28.054887,2025-04-04 01:01:34.864525,0 days 00:00:06.809638,0.059087144037230595,0.20550222112006167,8,0.017282495038037145,0.2846681310134108,0.025740918099150488,0.08702360475601796,0.056434736741865534,0.042704978346663244,0.0009592816604420932,6,148,0.03680291883665908,0.0073723879731659135,True,False,False,0.0003656293306296316,COMPLETE
962,0.5578464388847351,2025-04-04 01:01:35.174279,2025-04-04 01:01:41.809544,0 days 00:00:06.635265,0.06998917930136549,0.1864353131287464,8,0.010560583841626177,0.28955971191381574,0.027298198649136945,0.09731559718193801,0.0569938103336806,0.048345151618367534,0.0006836019112092163,5,150,0.038285643883405156,0.011390184652219866,True,False,False,0.0002949049080915464,COMPLETE
963,0.5550724625587464,2025-04-04 01:01:42.121823,2025-04-04 01:01:49.079650,0 days 00:00:06.957827,0.07086283692932246,0.19137359292912606,8,0.005277859039228704,0.29481423544050833,0.0251532583297021,0.09617782604367207,0.05050488172732354,0.03934197566183001,0.0004656751471407153,7,147,0.040093340433435334,0.007435159487697004,True,False,False,0.00045313244402960895,COMPLETE
964,0.5603498339653016,2025-04-04 01:01:49.378841,2025-04-04 01:01:56.193203,0 days 00:00:06.814362,0.07254633869684353,0.2131750885277069,8,0.014098555145988779,0.28254293081494414,0.028547986966347163,0.09302346661139702,0.055729528068238665,0.04447232974755084,0.00043295280588793105,6,150,0.03596324899343168,0.012442819293597177,True,False,False,0.00020616377203691954,COMPLETE
965,0.5589406967163086,2025-04-04 01:01:56.501132,2025-04-04 01:02:03.261612,0 days 00:00:06.760480,0.04175729276885709,0.2337584639975584,8,0.004553574831267717,0.28286370239583836,0.027400326150247616,0.09276158976954417,0.05368872111668431,0.04501515191346499,0.00042866300861240823,6,147,0.03647330520966854,0.007108113380876101,True,False,False,0.00022095193874294923,COMPLETE
966,0.5540852904319763,2025-04-04 01:02:03.572384,2025-04-04 01:02:10.388640,0 days 00:00:06.816256,0.06910104688222957,0.19456030280381584,8,0.011405559251868227,0.28727227712467246,0.0260585607237794,0.0911355352963049,0.05463367472481357,0.04241327096068902,0.0005104779738453462,6,147,0.038931188727318794,0.0021049977606541212,True,False,False,0.0006133821619086113,COMPLETE
967,0.5591020226478577,2025-04-04 01:02:10.701623,2025-04-04 01:02:17.290192,0 days 00:00:06.588569,0.04969700758654581,0.1595908724923189,8,0.0172016919635209,0.2926587842577265,0.028824058583970028,0.09348666471079585,0.057500019839323034,0.04111823884889082,0.0005556735757903372,5,150,0.037030111186728325,0.017887232422959146,True,False,False,0.00028575795958254757,COMPLETE
968,0.5545011401176453,2025-04-04 01:02:17.603199,2025-04-04 01:02:24.420681,0 days 00:00:06.817482,0.0714603589655125,0.18206551254916878,8,0.010899704131319542,0.28371052293651267,0.024719142585116573,0.09975136248728146,0.05467777381587701,0.03704740428961985,0.00043515864638212236,6,145,0.040865934436277736,0.010913731179225469,True,False,False,0.00021040039460906858,COMPLETE
969,0.5607603549957275,2025-04-04 01:02:24.719130,2025-04-04 01:02:31.699910,0 days 00:00:06.980780,0.07429421745983761,0.15313919353546035,8,0.005741820092541753,0.29938426818955116,0.02858659892270277,0.08920803496187917,0.055942843999145245,0.039216620901358384,0.0007145970637345941,7,147,0.034517945985953445,0.0016257285725541186,True,False,False,0.0003550336929528748,COMPLETE
970,0.5607603549957275,2025-04-04 01:02:32.012014,2025-04-04 01:02:39.010848,0 days 00:00:06.998834,0.0441855271113372,0.15700201553021284,8,0.004912735586162958,0.2957165676763906,0.02839036159349694,0.08858440688939023,0.05628497263369261,0.039539859719428215,0.0007061333792540093,7,150,0.03574851836557783,0.0064237578300072725,True,False,False,0.0003571048163183872,COMPLETE
971,0.29631375670433047,2025-04-04 01:02:39.322647,2025-04-04 01:02:46.218408,0 days 00:00:06.895761,0.04848491672250073,0.1491019972646393,8,0.0005547969895100986,0.29854204015379626,0.029025959618373096,0.08933959309056175,0.05226134025953739,0.042468562845555835,0.000865425222846035,7,150,0.03855857604020134,0.0012937058864393048,True,False,False,0.0003962780657868955,COMPLETE
972,0.29631375670433047,2025-04-04 01:02:46.531753,2025-04-04 01:02:53.101172,0 days 00:00:06.569419,0.03970883334967451,0.1203844009136805,8,0.0005425152534288911,0.29567704094940284,0.030094102347073715,0.0904171991381106,0.05581859238357823,0.039902636340178814,0.0007126193494355261,7,150,0.036922849757178494,0.00829349786944703,True,True,False,0.0005200137041474407,COMPLETE
973,0.29631375670433047,2025-04-04 01:02:53.418913,2025-04-04 01:03:00.101785,0 days 00:00:06.682872,0.06683499980181803,0.1505374841749367,8,0.000511965108591389,0.2999733284331745,0.02875630921260631,0.09270121881464266,0.048685224470004625,0.03647924815717229,0.0006209870737519888,6,150,0.03989204798045964,0.006656780803263978,True,False,False,0.00031723839255767383,COMPLETE
974,0.5597857952117921,2025-04-04 01:03:00.405609,2025-04-04 01:03:07.410015,0 days 00:00:07.004406,0.03460321895257851,0.16342051515981573,8,0.006760650031860293,0.2929178033350592,0.027762812391405385,0.08870827389248076,0.05436332111716996,0.04674908659446781,0.0008934384586333067,7,147,0.03615555343755727,0.002083176782918559,True,False,False,0.0003749348915346714,COMPLETE
975,0.3693102657794953,2025-04-04 01:03:07.730736,2025-04-04 01:03:14.376271,0 days 00:00:06.645535,0.03562412514941531,0.199579497851015,8,0.006320669312374889,0.2935135480258556,0.0276956329836623,0.08903957397440485,0.05389442893742418,0.045466573906977316,0.0009757423211444672,7,147,0.04147676427245199,0.0010946537225792925,True,False,True,0.000381993276984557,COMPLETE
976,0.5557607889175415,2025-04-04 01:03:14.689711,2025-04-04 01:03:21.360813,0 days 00:00:06.671102,0.037742994629412975,0.14054036094136257,8,0.00473993098948698,0.2900547557909791,0.027412622592009977,0.09552477920069212,0.050733784279113195,0.0475885246251956,0.0012740028406126186,5,150,0.0384294701071247,0.01210638622048266,True,False,False,0.0005104612465147133,COMPLETE
977,0.29631375670433047,2025-04-04 01:03:21.675190,2025-04-04 01:03:28.519497,0 days 00:00:06.844307,0.055231232175983136,0.12639315299978698,8,0.0004576619272602875,0.29440343025098775,0.028723333007360217,0.08830341202214331,0.055326138506763135,0.04429035629019329,0.0007047759251699257,7,147,0.036316794784990905,0.0010633658656731407,True,False,False,0.0003641426911500042,COMPLETE
978,0.29631375670433047,2025-04-04 01:03:28.837481,2025-04-04 01:03:35.520105,0 days 00:00:06.682624,0.0304394364777313,0.15722841917492636,8,0.00010516406772222327,0.2994455958222572,0.03009482347173997,0.09167936324698418,0.05795846487439009,0.046751191888031486,0.0008565886427862654,6,147,0.039199465062331386,0.011512985845179126,True,False,False,0.00029093362678059856,COMPLETE
979,0.5620315194129945,2025-04-04 01:03:35.827202,2025-04-04 01:03:42.786149,0 days 00:00:06.958947,0.061505850450570776,0.2155728619518965,8,0.005437704701686335,0.28426800511441863,0.026725363453405353,0.09041842625787266,0.05340170231578652,0.042026319896266144,0.0007786309419132518,7,150,0.03515245834681227,0.001274852569898121,True,False,False,0.0006441341343533648,COMPLETE
980,0.3787439465522766,2025-04-04 01:03:43.106137,2025-04-04 01:03:49.910969,0 days 00:00:06.804832,0.05346366575610702,0.2237980098209564,8,0.00549739278332935,0.28833455158158494,0.02671793957309135,0.09054469623901311,0.051851684376182185,0.04219514969080249,0.0010611257777368213,7,150,0.035494881016808075,0.0013160077092394006,False,False,False,0.0007000641672603632,COMPLETE
981,0.5587877869606018,2025-04-04 01:03:50.226334,2025-04-04 01:03:57.021462,0 days 00:00:06.795128,0.07414703754488829,0.2514166081309941,8,0.005861353493068947,0.2855584566878161,0.02966484562589853,0.09461863815487033,0.05254733422732859,0.04467704697638693,0.0008004481647578646,6,147,0.034552312001248,0.0065313709806141835,True,False,False,0.0005931582640218092,COMPLETE
982,0.5620315194129945,2025-04-04 01:03:57.341693,2025-04-04 01:04:04.367933,0 days 00:00:07.026240,0.04405230018111655,0.20143445282296338,8,0.008311751232171167,0.29979301443214806,0.026988127026115274,0.08876341281724849,0.056029656304103746,0.03814135624062952,0.000613927520339033,7,150,0.03692874078023296,0.001405573485361385,True,False,False,0.0004274801709258106,COMPLETE
983,0.5542271733283997,2025-04-04 01:04:04.686945,2025-04-04 01:04:11.320544,0 days 00:00:06.633599,0.05804379571806842,0.21752519755434516,8,0.009368858585368489,0.2991690892172702,0.027041128404914717,0.0930174659295773,0.05691854934077323,0.03817269524301567,0.000577963853673002,5,150,0.037436626120170104,0.00863997009926347,True,False,False,0.0005004700307009546,COMPLETE
984,0.561396872997284,2025-04-04 01:04:11.641420,2025-04-04 01:04:18.462990,0 days 00:00:06.821570,0.07673082798936724,0.24040541681551097,8,0.005141932739320176,0.28309419787559903,0.0257823050664344,0.08636159613476024,0.05665556891605222,0.03497901981374283,0.0006836545822499062,6,150,0.03458082784594267,0.0011137413071064615,True,False,False,0.00044466615230257596,COMPLETE
985,0.5609832406044006,2025-04-04 01:04:18.767339,2025-04-04 01:04:25.543559,0 days 00:00:06.776220,0.07679804988662885,0.24425557243474827,8,0.009217539057884283,0.2818649414724125,0.026275410536193478,0.08706536360795768,0.055768604308928285,0.033639297049503816,0.0005783784292586273,6,148,0.03422573794511571,0.012939903967135064,True,False,False,0.0002518557955673805,COMPLETE
986,0.5579045295715332,2025-04-04 01:04:25.862033,2025-04-04 01:04:32.683329,0 days 00:00:06.821296,0.04365988095862809,0.2251627586175321,8,0.004906747829122827,0.28216486597344126,0.031013900408092716,0.08725328736886027,0.05516747237675035,0.03371030448970882,0.0005880014299556585,6,150,0.03404479363454648,0.01180958755128996,True,False,False,0.0006798172443452348,COMPLETE
987,0.561396872997284,2025-04-04 01:04:33.000142,2025-04-04 01:04:39.789055,0 days 00:00:06.788913,0.07887803246705177,0.24208911801111993,8,0.010580233592439134,0.2825298371921721,0.02582607592161633,0.08672875937268049,0.05650888590298884,0.035084396123650746,0.0006831000175598334,6,150,0.03413995611394793,0.008016652946326738,True,False,False,0.00032624433017897417,COMPLETE
988,0.29631375670433047,2025-04-04 01:04:40.109766,2025-04-04 01:04:46.804078,0 days 00:00:06.694312,0.07834472996056993,0.25518757641601864,8,0.0003797633510532238,0.2818231134834409,0.026329821278932502,0.08672001793210794,0.04982163225997542,0.03286065141866179,0.0006866840118563696,6,150,0.03477135232956726,0.008515571126358234,True,False,False,0.0003274836748393918,COMPLETE
989,0.29631375670433047,2025-04-04 01:04:47.123306,2025-04-04 01:04:53.654801,0 days 00:00:06.531495,0.049985159028804696,0.261857975591013,8,0.0003229730199339814,0.2820498482558755,0.028194846418289003,0.08923693366781722,0.053445683525312655,0.03440747042186539,0.0006467919342072875,5,150,0.03749400950428638,0.006997764145775314,True,False,False,0.000457239576865948,COMPLETE
990,0.5587877869606018,2025-04-04 01:04:53.958470,2025-04-04 01:05:00.781015,0 days 00:00:06.822545,0.031175627974455875,0.24852899917770727,8,0.00970247541342829,0.2996217469936116,0.02951402285066966,0.09122167864665497,0.056413399670981836,0.03879087700072222,0.0008107833768496327,6,148,0.03478577315435564,0.013914759799691102,True,False,False,0.0005572024327152924,COMPLETE
991,0.29631375670433047,2025-04-04 01:05:01.098015,2025-04-04 01:05:07.617645,0 days 00:00:06.519630,0.0810659329453616,0.23990550717270367,8,0.009503083464242081,0.282035853256994,0.025965332078418522,0.09725826213107325,0.05600753976796999,0.03472001986302886,0.0005356547473956974,7,150,0.03590506036952644,0.007115494722272495,True,True,False,0.0008530900491854935,COMPLETE
992,0.5513322114944459,2025-04-04 01:05:07.938367,2025-04-04 01:05:14.750339,0 days 00:00:06.811972,0.068292610141348,0.24237420568353293,8,0.009859589124094716,0.2875410940344793,0.02541616525590814,0.0866683491005146,0.053585381066008804,0.032008912518150634,0.001031305502675955,6,150,0.03777273199117301,0.0014129000308327633,True,False,False,0.0004145250029726709,COMPLETE
993,0.5620315194129945,2025-04-04 01:05:15.070360,2025-04-04 01:05:21.766874,0 days 00:00:06.696514,0.0542729688050646,0.23961814988290048,8,0.005717318596284411,0.29425732645483244,0.028685713208514204,0.08879958990252747,0.057518164692225954,0.0408688442058052,0.0007099915213597801,5,150,0.0347248506942262,0.01584539196446231,True,False,False,0.0002904093091035245,COMPLETE
994,0.29631375670433047,2025-04-04 01:05:22.089094,2025-04-04 01:05:28.610491,0 days 00:00:06.521397,0.03005339907811324,0.26246064015119724,8,0.0003653636565578225,0.2993629739237927,0.03099280718743675,0.08882096582672322,0.0555217465411338,0.040888945109336605,0.0007205770614606901,5,150,0.03813916106834971,0.015861583654274806,True,False,False,0.0002886096195503634,COMPLETE
995,0.561394202709198,2025-04-04 01:05:28.937375,2025-04-04 01:05:35.551182,0 days 00:00:06.613807,0.059978190406107336,0.2350144975410147,8,0.0054059936097106106,0.29367242247668984,0.02878624401957569,0.0924138955326138,0.05798889264414534,0.04307565629474038,0.0008851435563584377,5,150,0.03542083971653207,0.011744289222849981,True,False,False,0.00035036089399783076,COMPLETE
996,0.3418248474597931,2025-04-04 01:05:35.861752,2025-04-04 01:05:42.146496,0 days 00:00:06.284744,0.046356972444359545,0.26242034767774186,8,0.0046976416362949115,0.2926647059426846,0.028624939958593016,0.09273474743670325,0.0575468638294801,0.04295209459767222,0.0008931449280136329,5,150,0.033950754727289395,0.0071194617867422596,True,False,True,0.0003413544518614804,COMPLETE
997,0.29631375670433047,2025-04-04 01:05:42.465612,2025-04-04 01:05:48.992757,0 days 00:00:06.527145,0.05326017165116379,0.23730374288524297,8,0.00012651832009287663,0.29352887422784013,0.031945474225100585,0.0955181820454906,0.05783330332842072,0.04387309839540377,0.001229223112946634,5,150,0.03394065237149395,0.0012083982368880307,True,False,False,0.00044686411446532805,COMPLETE
998,0.5595184922218324,2025-04-04 01:05:49.313614,2025-04-04 01:05:56.169454,0 days 00:00:06.855840,0.03201626049401679,0.24057238552703095,8,0.0058998108516016045,0.299645036538031,0.029052941070265962,0.09100453057362515,0.05185402431304186,0.04011720708359587,0.0007893236882439173,6,150,0.03584157035886286,0.016373540389880637,True,False,False,0.0006199952327881769,COMPLETE
999,0.39336869120597845,2025-04-04 01:05:56.491409,2025-04-04 01:06:03.035569,0 days 00:00:06.544160,0.05802353137784604,0.22811837631195092,8,0.005042389416161637,0.28836417140845827,0.02712625456656327,0.0935242624188111,0.05443266464868621,0.04160120815751618,0.0010091219703646983,5,150,0.03363712788479514,0.012216352343859722,False,False,False,0.0002883262816210387,COMPLETE
1000,0.5594932913780213,2025-04-04 01:06:03.377257,2025-04-04 01:06:10.236508,0 days 00:00:06.859251,0.06215358907606646,0.21954385168608664,8,0.004763906420971652,0.293956407680051,0.029298706612121778,0.08852345505106353,0.05711684178768232,0.03854361234325482,0.0006425488028275466,6,150,0.03865087428643357,0.0071868344834234675,True,False,False,0.00039830137206739837,COMPLETE
1001,0.559471070766449,2025-04-04 01:06:10.563393,2025-04-04 01:06:17.483569,0 days 00:00:06.920176,0.03130774422306012,0.27117959838512407,8,0.012543438814176104,0.28859836936999883,0.026286987381420483,0.09044576177022053,0.05561053647280123,0.044475559806735454,0.000736566112773241,7,147,0.036023397486384286,0.018136388628345698,True,False,False,0.0005224943501214243,COMPLETE
1002,0.5599464058876038,2025-04-04 01:06:17.794643,2025-04-04 01:06:24.592498,0 days 00:00:06.797855,0.07631525270081822,0.25875753868745033,8,0.00542614815707212,0.2944203244800989,0.03126227134459409,0.0869138015058192,0.05296877709699258,0.041405274654155846,0.0005569097483849358,6,147,0.033590646416165125,0.01218559514040554,True,False,False,0.0003350051598351287,COMPLETE
1003,0.5562865734100342,2025-04-04 01:06:24.916039,2025-04-04 01:06:31.554284,0 days 00:00:06.638245,0.05124941826594456,0.21610722594190676,8,0.012024559613017776,0.2833136096424016,0.0251255436940246,0.09377018477779055,0.05786049970573141,0.04339751028391145,0.0009100508835232897,5,150,0.03709052820924972,0.0010537880234989761,True,False,False,0.0009648348402269132,COMPLETE
1004,0.5260438442230224,2025-04-04 01:06:31.878804,2025-04-04 01:06:38.786505,0 days 00:00:06.907701,0.07744253866343359,0.24273864771245712,8,0.0046687348090248505,0.29972574330621066,0.026654924670733295,0.09184781431399723,0.04987764303266587,0.039064006587645646,0.0014764686843088595,7,147,0.04113881296617781,0.006932845995835409,True,False,False,0.00024410070517345183,COMPLETE
1005,0.5579045295715332,2025-04-04 01:06:39.109823,2025-04-04 01:06:45.741835,0 days 00:00:06.632012,0.06506405111939702,0.21125884286207428,8,0.016144477057977398,0.2891122718041293,0.0279566783404104,0.08826216622932191,0.055036995539869335,0.04561340571390305,0.0006387073857416316,5,147,0.035577738571938564,0.01829368167885186,True,False,False,0.0007478410357231486,COMPLETE
1006,0.29268539547920225,2025-04-04 01:06:46.067233,2025-04-04 01:06:52.690898,0 days 00:00:06.623665,0.029079321137688078,0.22299616323907953,8,0.0004839541387497547,0.2832523697998494,0.0248607036600137,0.09642653004591786,0.05845805718726142,0.04043530050601849,0.0007953171557767198,6,40,0.039044096543289455,0.011755015023270627,True,False,False,0.00043101491199136124,COMPLETE
1007,0.561394202709198,2025-04-04 01:06:53.018225,2025-04-04 01:07:00.036530,0 days 00:00:07.018305,0.08262391164580983,0.238448669071898,8,0.012025370583552495,0.2926832062893806,0.02913988985085141,0.08990296964347266,0.05649965271525893,0.03776658422960265,0.0005772467378864628,7,150,0.033299573247566085,0.006283320630298235,True,False,False,0.00026739544872573953,COMPLETE
