number,value,datetime_start,datetime_complete,duration,params_alpha-eval,params_alpha-train,params_batch-size,params_eps-eval,params_eps-train,params_lambda-actions-eval,params_lambda-actions-train,params_lambda-frames-eval,params_lambda-frames-train,params_learning-rate,params_n-epochs,params_n-frames,params_radius-gw,params_rho,params_std-feats,params_ub-actions,params_ub-frames,params_weight-decay,state
339,0.4589678943157196,2025-04-23 10:49:44.661366,2025-04-23 10:49:51.300979,0 days 00:00:06.639613,0.3778858527178603,0.2417751273726568,16,0.19330379111702223,0.12720362681979633,0.09405395476815251,0.02780061647359962,0.08672482546246515,0.06565724558264754,3.82678956985444e-05,5,94,0.05234347079997876,0.1701333497675964,True,False,False,6.581899051865125e-07,COMPLETE
340,0.43725234270095825,2025-04-23 10:49:51.407227,2025-04-23 10:49:58.298027,0 days 00:00:06.890800,0.4892823791743854,0.0652141806793648,16,0.1742791458448081,0.09060898012719468,0.09054108684496566,0.022674010644915466,0.08481346123948778,0.04793510893272463,2.397768551963143e-05,6,142,0.016075910739314882,0.09819633216189202,True,False,False,0.0008408926809664608,COMPLETE
341,0.36462876200675964,2025-04-23 10:49:58.415916,2025-04-23 10:50:05.151242,0 days 00:00:06.735326,0.426016773741122,0.08981406096616007,16,0.18726772459389335,0.13562550876024707,0.08615007539146029,0.026717225056124824,0.03316971709047669,0.06983733671967014,1.920187297710755e-05,6,149,0.020692176544081203,0.1775017854018601,False,False,False,9.735391704707278e-07,COMPLETE
342,0.29631375670433047,2025-04-23 10:50:05.257736,2025-04-23 10:50:11.518308,0 days 00:00:06.260572,0.4391081705635743,0.27958259084014747,16,0.17998961393480362,0.11609849818082656,0.08860612104155423,0.03239745853276566,0.048349379568152016,0.04271824393754525,2.7866202095444238e-05,5,124,0.022242873850595993,0.16743511374335215,True,True,False,4.2211391931238717e-07,COMPLETE
343,0.44779407382011416,2025-04-23 10:50:11.625179,2025-04-23 10:50:18.349778,0 days 00:00:06.724599,0.4629568390451371,0.3240343026543223,16,0.17012289666870611,0.13338899366662413,0.08365698688833187,0.01922243521220526,0.012887597808653568,0.05210839450210653,0.0006968099555203868,5,137,0.05952045555428987,0.1745035134790551,True,False,False,6.115304728262296e-07,COMPLETE
344,0.49438531398773194,2025-04-23 10:50:18.457939,2025-04-23 10:50:25.239245,0 days 00:00:06.781306,0.4076954867403823,0.19716528054879817,16,0.17548975287574523,0.12047063862503346,0.09126945838637282,0.021664275863391157,0.022034446637924417,0.014507769350729435,1.871785602777139e-05,6,143,0.0261759829383861,0.16513845379409575,True,False,False,1.1206172455499678e-06,COMPLETE
345,0.3754861056804657,2025-04-23 10:50:25.356096,2025-04-23 10:50:33.890724,0 days 00:00:08.534628,0.501595320023942,0.3013713518624939,16,0.19936665105290546,0.12609106392605848,0.09454491312061601,0.017589296581856356,0.09063561676421361,0.08566482607079234,0.015234392271178801,24,19,0.03645629573982834,0.15963310691759128,True,False,False,7.496578773702459e-07,COMPLETE
346,0.49387537240982055,2025-04-23 10:50:33.998665,2025-04-23 10:50:40.797077,0 days 00:00:06.798412,0.47314616940425164,0.16484177604591305,16,0.16129327802308527,0.13744393406796862,0.09283777229921544,0.024925364780092968,0.08901668697425895,0.04686837423516641,2.3259688244716208e-05,6,127,0.031146051850460665,0.19489139405472408,True,False,False,4.831416120955753e-07,COMPLETE
347,0.2970112204551697,2025-04-23 10:50:40.904777,2025-04-23 10:50:47.594790,0 days 00:00:06.690013,0.5058188190734948,0.2569645079292822,8,0.1849255958550102,0.1399340464857422,0.08694424958012993,0.020839740117183536,0.03958001535084409,0.04964398966276703,3.055674994344342e-05,5,139,0.007841223199262419,0.17065349681921582,True,False,True,1.3090865755249148e-06,COMPLETE
348,0.49512317180633547,2025-04-23 10:50:47.702511,2025-04-23 10:50:54.525786,0 days 00:00:06.823275,0.444969791833775,0.3324916994824543,16,0.16930622298959877,0.10083486506880415,0.08988627081643112,0.018797475628182354,0.04483591020812216,0.06817194273128954,1.7758519649050703e-05,6,133,0.014996284235279407,0.18073858175794172,True,False,False,8.533599242826786e-07,COMPLETE
349,0.49510592222213745,2025-04-23 10:50:54.645159,2025-04-23 10:51:01.388478,0 days 00:00:06.743319,0.32916344268112646,0.31654491919979627,16,0.1887610123005131,0.13174612887440612,0.08884966207270344,0.08359655187425347,0.09280183008942944,0.07504687258904841,2.1413445874761147e-05,5,130,0.02449550832003626,0.1659449925479876,True,False,False,9.88023567443219e-07,COMPLETE
350,0.42627649903297427,2025-04-23 10:51:01.497465,2025-04-23 10:51:08.258481,0 days 00:00:06.761016,0.48788761112252305,0.011510195693633929,16,0.17993544800566796,0.19479628819906716,0.08460436532753568,0.022736963915410906,0.051659065034839406,0.05443232433978871,1.762717367739032e-05,5,150,0.017340659387767996,0.2606878675935575,True,False,False,3.355490836612126e-05,COMPLETE
351,0.46806800365448004,2025-04-23 10:51:08.367592,2025-04-23 10:51:15.305997,0 days 00:00:06.938405,0.5177258132156449,0.2895510949453091,16,0.17510390311561644,0.10565481513269448,0.09505056442001207,0.027613271407527472,0.08962730520128183,0.05091995965966039,4.280322811715264e-05,6,146,0.0261488607567375,0.1864131526350573,True,False,False,3.272747573111541e-07,COMPLETE
352,0.48534105420112617,2025-04-23 10:51:15.417254,2025-04-23 10:51:22.095752,0 days 00:00:06.678498,0.3620352899993656,0.3550895498857232,16,0.20571746309895017,0.15389062163257974,0.08018247832857885,0.03000761859687076,0.041317238311305,0.01621453425627003,2.5585988272037115e-05,5,81,0.032367987662107474,0.16081156502861324,True,False,False,5.397230505379219e-07,COMPLETE
353,0.4682702958583832,2025-04-23 10:51:22.216768,2025-04-23 10:51:29.028063,0 days 00:00:06.811295,0.4680538679948614,0.341076895796061,16,0.16553542220753698,0.12541167797586097,0.09165113412863729,0.024824521017722454,0.09345986114619417,0.009322321488998106,1.655547013911686e-05,6,139,0.04266697591003036,0.24273322922530455,True,False,False,1.2669312163722875e-06,COMPLETE
354,0.4893358588218689,2025-04-23 10:51:29.138253,2025-04-23 10:51:35.856349,0 days 00:00:06.718096,0.39863547255959736,0.13291091994598891,16,0.15725148003923808,0.11894724978861781,0.09311107423589732,0.020408186592242743,0.05382665203536816,0.04790848962275825,2.0627010247938316e-05,5,136,0.030288328768731942,0.1744322726618388,True,False,False,7.132287478935489e-07,COMPLETE
355,0.46792867183685305,2025-04-23 10:51:35.966991,2025-04-23 10:51:42.796386,0 days 00:00:06.829395,0.43189436195811726,0.27471046508704716,16,0.17172745778260792,0.14090358259736738,0.0863611979891327,0.08925166796134891,0.038148207879194033,0.04501465819423529,3.254304068135416e-05,6,142,0.0205860957018036,0.14558623484883548,True,False,False,1.7447878746648792e-06,COMPLETE
356,0.4015487551689148,2025-04-23 10:51:42.906635,2025-04-23 10:51:52.899343,0 days 00:00:09.992708,0.4591373634965707,0.3110866387072182,2,0.28451858141994635,0.17920456986629008,0.08990016015778735,0.016797078168916783,0.08437456920735774,0.052818520669898394,1.7779758451102494e-05,5,133,0.024375462858758207,0.15900913043422754,True,False,False,3.992783237449533e-07,COMPLETE
357,0.4884230017662049,2025-04-23 10:51:53.019636,2025-04-23 10:51:59.792602,0 days 00:00:06.772966,0.4833366526088205,0.3681423946792907,16,0.19188415980903378,0.13227829257314622,0.08823014807093552,0.018109119873082773,0.03634985701002339,0.04979091300167239,2.3530783676861025e-05,6,128,0.028623071090916496,0.1686681304271058,True,False,False,9.147708210285467e-07,COMPLETE
358,0.4934960246086121,2025-04-23 10:51:59.904263,2025-04-23 10:52:06.642405,0 days 00:00:06.738142,0.50430451829075,0.22301723419683742,16,0.25462743116692077,0.16026597113224283,0.09566079611503442,0.023712703610028057,0.08005567933899053,0.05533362521588102,1.5623398341391962e-05,5,120,0.03439713027185309,0.1532992857992535,True,False,False,1.4229124256441877e-06,COMPLETE
359,0.4908349871635437,2025-04-23 10:52:06.754527,2025-04-23 10:52:13.585016,0 days 00:00:06.830489,0.4120329152940629,0.3276028418269602,16,0.18226590061458664,0.10965050458494298,0.09107822083500794,0.02018212920327117,0.04342361139236184,0.022365567343371504,1.904846827282965e-05,6,140,0.03749370047816807,0.17868407759868046,True,False,False,5.993527298899041e-07,COMPLETE
360,0.36377697587013247,2025-04-23 10:52:13.707930,2025-04-23 10:52:20.308989,0 days 00:00:06.601059,0.4523778126406908,0.5057072300311254,16,0.16504461790806763,0.1480466135423971,0.08293781592854291,0.08673837890450649,0.0876210016878854,0.06598393958553196,2.843412550736236e-05,5,125,0.026707783030441384,0.16412287730059405,False,False,False,2.5014821051802108e-08,COMPLETE
361,0.49568867683410645,2025-04-23 10:52:20.423225,2025-04-23 10:52:27.141985,0 days 00:00:06.718760,0.527350986390522,0.2499692553542661,16,0.17475933116268297,0.13554731329171624,0.08753513995942858,0.07991963700446636,0.09148436671413229,0.052356000236698556,1.5287459574234376e-05,5,131,0.022737928275116344,0.17095805043949833,True,False,False,1.0237972027025516e-06,COMPLETE
362,0.29631375670433047,2025-04-23 10:52:27.256670,2025-04-23 10:52:33.645678,0 days 00:00:06.389008,0.5593206515996487,0.2970123418021573,16,0.1692099513076658,0.12489557322035441,0.09302053841529728,0.025754648538498424,0.09310266298299058,0.048971091742598755,2.1306928436480663e-05,6,135,0.030287441779674663,0.15770090243171703,True,True,False,3.281844170686463e-08,COMPLETE
363,0.3840962111949921,2025-04-23 10:52:33.759605,2025-04-23 10:52:40.597072,0 days 00:00:06.837467,0.37599785121994544,0.3427224497583644,16,0.16015226561689602,0.1159116150223068,0.09470525860463395,0.02168423483152013,0.08965742302752144,0.025364785156763076,0.0001786566798006841,6,147,0.032622747461419015,0.15001616747314317,True,False,False,2.0396590833280474e-06,COMPLETE
364,0.49022848606109626,2025-04-23 10:52:40.722546,2025-04-23 10:52:47.454755,0 days 00:00:06.732209,0.4890753456502298,0.2763891305127827,16,0.18166680706856686,0.14244021456476796,0.08470370650081066,0.016881915858298138,0.09455022713709178,0.04695565953590301,1.4694588707192673e-05,5,143,0.027958898242019824,0.1759808788987791,True,False,False,7.552013681352844e-07,COMPLETE
365,0.49155453443527225,2025-04-23 10:52:47.568045,2025-04-23 10:52:54.450781,0 days 00:00:06.882736,0.3079820073605881,0.5524041309716653,16,0.18681367113182418,0.12977663897294064,0.09022062796465856,0.023210406528592107,0.0861818822724065,0.05399475195648534,2.5567622268524968e-05,6,137,0.02550980890060019,0.22167189841706092,True,False,False,1.1741433997776462e-06,COMPLETE
366,0.42030248045921326,2025-04-23 10:52:54.565258,2025-04-23 10:53:01.306701,0 days 00:00:06.741443,0.46830853414186085,0.45558340002477105,16,0.1529849170455595,0.13679606864228921,0.08766824079234237,0.027196566094151692,0.09287083174614867,0.05141200615723772,8.34385233114319e-05,5,133,0.02948784397996064,0.16508221754466634,True,False,False,1.495483008545132e-06,COMPLETE
367,0.2951729893684387,2025-04-23 10:53:01.421217,2025-04-23 10:53:07.793431,0 days 00:00:06.372214,0.4352026897834842,0.389242387961548,16,0.1760810844768982,0.14997605502224498,0.0921841605971083,0.01985239861362764,0.08962517223474253,0.07078050585543218,1.821729512983131e-05,5,129,0.026933031937861517,0.1840812357197783,True,False,True,5.813883972769241e-07,COMPLETE
368,0.45906582474708557,2025-04-23 10:53:07.920028,2025-04-23 10:53:14.889156,0 days 00:00:06.969128,0.5080574454825186,0.3589173476881427,16,0.1957412994525821,0.15501597557139812,0.09597259564691027,0.01845363087618716,0.05666777262700495,0.002910958539758885,3.3688371146322856e-05,7,140,0.03139868613900805,0.15609779526215653,True,False,False,8.44234014322665e-07,COMPLETE
369,0.4819207847118378,2025-04-23 10:53:15.004527,2025-04-23 10:53:22.305873,0 days 00:00:07.301346,0.4727734053820497,0.31771776948790725,8,0.049091219829313776,0.14227694244386943,0.08963807816909838,0.022501278024623074,0.047339113689582143,0.019041938589827334,1.3960817510810505e-05,6,145,0.0240462208590968,0.17143307497690163,True,False,False,4.912070536677277e-07,COMPLETE
370,0.474177497625351,2025-04-23 10:53:22.422209,2025-04-23 10:53:29.284382,0 days 00:00:06.862173,0.41899089362408437,0.21187125064456136,16,0.16771101925968046,0.12345463361400891,0.08571826725910772,0.015192872586132736,0.09153503850932071,0.04505724106771794,2.1910211502788094e-05,6,136,0.03482930054208182,0.26638585188419783,True,False,False,3.6839810715452015e-07,COMPLETE
371,0.4608070313930511,2025-04-23 10:53:29.411698,2025-04-23 10:53:36.148664,0 days 00:00:06.736966,0.4497306224361461,0.3363895906902732,16,0.16153751819019752,0.1336130075725384,0.0070888662432745594,0.09713854816469025,0.09482267350752466,0.05024366268046847,1.868927699444272e-05,5,132,0.028693954845849707,0.2836064105024582,True,False,False,1.147396134387133e-06,COMPLETE
372,0.4984771370887756,2025-04-23 10:53:36.265914,2025-04-23 10:53:43.028413,0 days 00:00:06.762499,0.4904854705548849,0.41439009999472926,16,0.18043786806169626,0.1460615579030473,0.09174096194142979,0.06742366189330468,0.09745867056832527,0.05668205281973408,1.3637946531901139e-05,5,123,0.021285098525961804,0.16263091316332265,True,False,False,1.765830464935773e-06,COMPLETE
373,0.49010571241378786,2025-04-23 10:53:43.148139,2025-04-23 10:53:49.844340,0 days 00:00:06.696201,0.4834552643537102,0.4084519134822491,16,0.18860158697272908,0.16221151379241658,0.09378864139999125,0.07345887933032198,0.09965764756995531,0.05665550038760054,1.6188476760153236e-05,5,122,0.020413600054760863,0.14649689841689217,True,False,False,1.6629250566612632e-06,COMPLETE
374,0.490320372581482,2025-04-23 10:53:49.961746,2025-04-23 10:53:56.692496,0 days 00:00:06.730750,0.3916956522658466,0.38988381164173996,16,0.17914025204379216,0.14634559024707644,0.09191331098379392,0.07706738628175924,0.09697711225294185,0.06865886571709418,2.6254878142019986e-05,5,142,0.017511567081571602,0.16032129574938397,True,False,False,1.6944381253060677e-06,COMPLETE
375,0.4936165094375611,2025-04-23 10:53:56.820398,2025-04-23 10:54:03.566471,0 days 00:00:06.746073,0.45673574820516677,0.41396169607338223,16,0.19771339500659924,0.15161290084890106,0.09536407125199947,0.07562189647503856,0.0976311034525537,0.079003769825151,2.178808110167745e-05,5,118,0.018878120983570883,0.17871536208859407,True,False,False,2.14258265709421e-06,COMPLETE
376,0.4970645070075989,2025-04-23 10:54:03.683143,2025-04-23 10:54:10.430662,0 days 00:00:06.747519,0.35512114506709513,0.4351055187436528,16,0.18338079264478158,0.11502877708480627,0.0915264336807001,0.061204508690149775,0.08218571481010686,0.056215693940535785,1.3604164833473157e-05,5,138,0.02202221960952052,0.16752932941155044,True,False,False,1.4668365959692329e-06,COMPLETE
377,0.48629549741745,2025-04-23 10:54:10.551131,2025-04-23 10:54:17.287034,0 days 00:00:06.735903,0.36001676229382246,0.4814703754846823,16,0.18915514965766844,0.10455146227545575,0.0936427321989691,0.08281653195708813,0.08740628127182694,0.056898997584650515,1.3387111879417894e-05,5,139,0.021693348760617744,0.18938833616465126,True,False,False,5.272122210225806e-05,COMPLETE
378,0.4472187399864197,2025-04-23 10:54:17.405114,2025-04-23 10:54:27.487557,0 days 00:00:10.082443,0.33180361577422673,0.4283062047501002,2,0.18334534644425743,0.11418439430291599,0.09158738081360959,0.06866790041518347,0.083295104064228,0.06500210117546602,1.1377760589198062e-05,5,147,0.019909650425768838,0.17093387044703612,True,False,False,1.811421570598562e-06,COMPLETE
379,0.4963947176933289,2025-04-23 10:54:27.617489,2025-04-23 10:54:34.459585,0 days 00:00:06.842096,0.38378852094831833,0.4384150338581536,16,0.19387421561876733,0.11855856539120146,0.09738501162030525,0.06552197185512867,0.07998123952569362,0.09173651338410302,1.4902328976134304e-05,6,144,0.021406873423368507,0.17400694863532687,True,False,False,1.4458578773697635e-06,COMPLETE
380,0.3549384117126465,2025-04-23 10:54:34.578653,2025-04-23 10:54:41.549596,0 days 00:00:06.970943,0.35678204568161725,0.4501522063340396,16,0.2011972958736386,0.10858683387364551,0.09699824245685558,0.06724301385794855,0.08054859936988264,0.08402463062524886,0.00043721619503579766,7,145,0.01825399302665963,0.13896390422078003,True,False,False,2.2460720125039966e-06,COMPLETE
381,0.29602004289627076,2025-04-23 10:54:41.667258,2025-04-23 10:54:48.122102,0 days 00:00:06.454844,0.3662548822120169,0.41166019651145525,16,0.19338672693740863,0.11662818968520912,0.09673306128217908,0.0635097476467758,0.07962910432242656,0.056195141405283755,1.341447183865841e-05,6,143,0.02154392725342561,0.16726951758924105,True,True,False,1.523603188453343e-06,COMPLETE
382,0.36915659904479986,2025-04-23 10:54:48.253080,2025-04-23 10:54:54.957569,0 days 00:00:06.704489,0.3518704358364853,0.45916448616288863,16,0.19218363870644492,0.11192355353657943,0.0980688303950673,0.06493897914705088,0.08212565894256477,0.09053364636356771,1.0025437293437919e-05,6,146,0.02047769973243104,0.22682700819953744,False,False,False,2.0389992690794602e-06,COMPLETE
383,0.4930876731872559,2025-04-23 10:54:55.078596,2025-04-23 10:55:01.926062,0 days 00:00:06.847466,0.38133715691964054,0.4351944858349893,16,0.20299657716963507,0.1174436594114252,0.09478018671111621,0.061304505543678015,0.07644703478310629,0.0886807367595996,1.4863264758310922e-05,6,149,0.023135640810301665,0.15489634082388012,True,False,False,1.3320054363746132e-06,COMPLETE
384,0.46002086997032166,2025-04-23 10:55:02.046099,2025-04-23 10:55:09.051894,0 days 00:00:07.005795,0.39346279430041164,0.48819321814322414,16,0.1843528279104482,0.12391062395511787,0.09414139060761906,0.05992275810590812,0.08240915156821653,0.04269614385111246,1.2037873073421354e-05,7,142,0.01832815238070147,0.29692343845448554,True,False,False,1.1012359621760841e-06,COMPLETE
385,0.4931365966796875,2025-04-23 10:55:09.185365,2025-04-23 10:55:16.024208,0 days 00:00:06.838843,0.3460357410302026,0.423044513054099,16,0.19829086718183375,0.10333778857620814,0.09587531066193049,0.09197265806371824,0.0835183498312342,0.09413572379374871,1.5656572669640408e-05,6,139,0.015911246872037203,0.16087295784549205,True,False,False,1.5066639339135333e-06,COMPLETE
386,0.40461428761482243,2025-04-23 10:55:16.146010,2025-04-23 10:55:23.012117,0 days 00:00:06.866107,0.5318007495110633,0.44088852281615326,16,0.2069271146052687,0.1194951997349172,0.09286939491635433,0.06787873970587846,0.07968052067311733,0.07773558319795554,1.16930476413052e-05,6,143,0.02286142349900583,0.03277331215968768,True,False,False,2.4060313917822404e-06,COMPLETE
387,0.2951222598552704,2025-04-23 10:55:23.133233,2025-04-23 10:55:30.470381,0 days 00:00:07.337148,0.33747843434108216,0.4250431759300559,16,0.18461431579313903,0.12042723469908616,0.09771450064498471,0.06497548553929576,0.07855434531119398,0.055091022266639984,4.1385476299977436e-05,17,34,0.021044779446328606,0.17344591083281116,True,False,True,1.2901351646217567e-06,COMPLETE
388,0.49283440113067634,2025-04-23 10:55:30.593236,2025-04-23 10:55:37.509250,0 days 00:00:06.916014,0.38194257574898743,0.477248835512267,16,0.1917681734881285,0.1088479000325068,0.09180445329028562,0.06366240846659312,0.08420198899288191,0.09324027447336455,1.5648871438464202e-05,7,138,0.022226800664197008,0.18072847386055943,True,False,False,1.8366997957903933e-06,COMPLETE
389,0.4892997026443482,2025-04-23 10:55:37.641918,2025-04-23 10:55:44.384065,0 days 00:00:06.742147,0.3112787059894284,0.3979857102772233,16,0.17847440205722223,0.11273875078628981,0.09057970810856876,0.07100325575059734,0.07775373582942993,0.09739054787078377,1.2858522814954802e-05,5,150,0.02008021009140369,0.16774000595484756,True,False,False,9.743410165715902e-07,COMPLETE
390,0.4630406439304352,2025-04-23 10:55:44.506173,2025-04-23 10:55:51.234876,0 days 00:00:06.728703,0.4051572557116254,0.45422717771087184,16,0.1824903892917533,0.1277991837448203,0.09550291941738989,0.08667444479574954,0.08763133621543126,0.08211707457455493,1.7691475438131343e-05,5,145,0.01589770649902553,0.2750731726305747,True,False,False,1.234755110709178e-06,COMPLETE
391,0.4240221917629242,2025-04-23 10:55:51.357147,2025-04-23 10:55:58.168155,0 days 00:00:06.811008,0.49356834428885454,0.38068927838262134,16,0.1885988925661009,0.1278241285942734,0.09382335511857484,0.06975682333179085,0.08535731126923435,0.057842634623095704,6.231696932643164e-05,6,140,0.024006253822114156,0.15469739072397407,True,False,False,2.528671200379938e-06,COMPLETE
392,0.3963078081607819,2025-04-23 10:55:58.300886,2025-04-23 10:56:08.941917,0 days 00:00:10.641031,0.42450891990449674,0.43764729955018794,8,0.17630808001165577,0.12247759301939905,0.09714042131260682,0.06173452283936041,0.08231610506790353,0.0530490004635575,1.4036269279228824e-05,25,126,0.018563963733454984,0.16167672391290858,True,False,False,1.7835528258007261e-06,COMPLETE
393,0.4874024629592896,2025-04-23 10:56:09.064520,2025-04-23 10:56:15.858826,0 days 00:00:06.794306,0.6484873641113458,0.1923145715609536,16,0.1960330272555787,0.09863619721845707,0.09085779720336823,0.05788913892887702,0.0804345228510968,0.056084200398183424,1.0139517759268636e-05,5,147,0.03948039098809972,0.17485783739400979,True,False,False,9.123831016632742e-07,COMPLETE
394,0.3953414440155029,2025-04-23 10:56:15.985501,2025-04-23 10:56:22.888187,0 days 00:00:06.902686,0.5165797097387342,0.23754234963455498,16,0.21451143382913693,0.11500597847285432,0.09258799653848067,0.07328086663396663,0.0855603876741745,0.0990817094558854,0.001991887806730536,6,141,0.02477429466764126,0.16657380008464895,True,False,False,1.4379806617329093e-06,COMPLETE
