number,value,datetime_start,datetime_complete,duration,params_alpha-eval,params_alpha-train,params_batch-size,params_eps-eval,params_eps-train,params_lambda-actions-eval,params_lambda-actions-train,params_lambda-frames-eval,params_lambda-frames-train,params_learning-rate,params_n-epochs,params_n-frames,params_radius-gw,params_rho,params_std-feats,params_ub-actions,params_ub-frames,params_weight-decay,state
1182,0.29507783651351926,2025-04-23 12:34:44.085066,2025-04-23 12:34:51.790126,0 days 00:00:07.705060,0.7588508423223008,0.011368875315867718,8,0.08488044621582502,0.06362160193222968,0.030203129690360975,0.005541681251921657,0.08291453313405846,0.035189809451988595,1.195230906798207e-05,12,94,0.0013026084814395517,0.2180170866107735,True,False,True,1.497360330386206e-06,COMPLETE
1183,0.4259178698062897,2025-04-23 12:34:52.175310,2025-04-23 12:35:00.300025,0 days 00:00:08.124715,0.7750418080605643,0.03484142253013357,8,0.07344932798912333,0.07670855346827059,0.03392165221695896,0.0031638347785917296,0.07685426812393464,0.03431305858007994,1.4417539836836616e-05,11,99,0.008676357889998865,0.21151633018759383,True,False,False,1.2476972301857484e-06,COMPLETE
1184,0.4937514424324036,2025-04-23 12:35:00.680615,2025-04-23 12:35:08.980514,0 days 00:00:08.299899,0.7930840040418353,0.038787060553076,8,0.08895733919074966,0.08545797255198981,0.03183401775941572,0.0011486276218138792,0.07879705669578167,0.03624815653080441,1.2129153251962551e-05,12,103,0.012024487983192476,0.20430691055743766,True,False,False,1.2021645140713938e-06,COMPLETE
1185,0.4608001172542572,2025-04-23 12:35:09.363502,2025-04-23 12:35:17.535287,0 days 00:00:08.171785,0.7582999261090053,0.011576137921275398,8,0.06735696585550056,0.07111984656053791,0.034989284104348976,0.0059211314105767875,0.08071960794439358,0.03751904150707868,1.193905761628903e-05,11,100,0.007466037007469683,0.20711421011572909,True,False,False,1.3673001746569653e-06,COMPLETE
1186,0.4234081208705902,2025-04-23 12:35:17.920381,2025-04-23 12:35:26.116301,0 days 00:00:08.195920,0.7740289720824125,0.03062158652111239,8,0.07950803134754206,0.08042878984908002,0.030158825219267153,0.003396365479613004,0.0831980501381444,0.033823132258286155,1.448205021892374e-05,11,102,0.00978800703711969,0.21508886580131828,True,False,False,1.1282193354450866e-06,COMPLETE
1187,0.5552236795425416,2025-04-23 12:35:26.507796,2025-04-23 12:35:34.408486,0 days 00:00:07.900690,0.7992428407735308,0.010889375061538382,8,0.08412671609231692,0.08666006946778758,0.028276019150799206,0.0060226789866787145,0.07714512091113805,0.03765641408515568,0.0004590238518123858,10,92,0.012327200369778335,0.22388596200233307,True,False,False,1.5748413369753832e-06,COMPLETE
1188,0.5598428130149842,2025-04-23 12:35:34.794469,2025-04-23 12:35:42.671812,0 days 00:00:07.877343,0.7994112699838094,0.010176053721185763,8,0.08335796161780452,0.08703573306566757,0.026811111670073714,0.005645646645252935,0.07642125108875349,0.03811520337352337,0.00018325235901096284,10,89,0.011841892366790544,0.21574525600277028,True,False,False,1.6345946740894335e-06,COMPLETE
1189,0.5579576969146729,2025-04-23 12:35:43.058946,2025-04-23 12:35:51.138722,0 days 00:00:08.079776,0.8011025952819542,0.01093664497471222,8,0.08444079145470572,0.08366324362201497,0.02629977185981613,0.005465021224625349,0.07624624179471605,0.03635196945015999,0.0004359579324235677,11,87,0.012517741108975826,0.22953936426142824,True,False,False,1.7097771624362165e-06,COMPLETE
1190,0.5648009061813355,2025-04-23 12:35:51.523509,2025-04-23 12:35:59.795235,0 days 00:00:08.271726,0.7952564682682381,0.010487662798001498,8,0.08422803492462434,0.08707763800743099,0.02653446924547333,0.00455470841223591,0.07667590851392718,0.032360186404855835,0.0001229281698038153,12,87,0.012521734670059943,0.2260100342988335,True,False,False,1.6469262421491095e-06,COMPLETE
1191,0.5551878094673157,2025-04-23 12:36:00.189074,2025-04-23 12:36:08.280183,0 days 00:00:08.091109,0.7999819951543459,0.010861826799849527,8,0.08548302327342577,0.08289590141249426,0.025703587429040605,0.003145476916263071,0.07663539938133541,0.033386431927103694,0.00043006515356872006,11,94,0.012626390700190792,0.23321776586780396,True,False,False,1.693946358301887e-06,COMPLETE
1192,0.5629566669464112,2025-04-23 12:36:08.666656,2025-04-23 12:36:16.781374,0 days 00:00:08.114718,0.8078073695933375,0.011521121953035906,8,0.07735857195542757,0.08374063093571386,0.024093196539064315,0.0029792708839423985,0.07545427339633179,0.03173489942453198,0.00039773309122025,11,89,0.01234868197313749,0.23331360140865337,True,False,False,1.72169275928095e-06,COMPLETE
1193,0.5375413775444031,2025-04-23 12:36:17.167859,2025-04-23 12:36:25.290151,0 days 00:00:08.122292,0.7994832475721073,0.014558631032017409,8,0.08343187086894985,0.08521140801956525,0.021670155474370838,0.0010229865245535742,0.07546451058656141,0.031194590137325513,0.0005185424948112204,11,90,0.01267031932497121,0.23492709679340676,True,False,False,1.7762204267749231e-06,COMPLETE
1194,0.5555278182029725,2025-04-23 12:36:25.677743,2025-04-23 12:36:33.784785,0 days 00:00:08.107042,0.8067497878735911,0.011123462345248945,8,0.08244848498411367,0.084704630347874,0.024614729869736788,0.0010258015322375585,0.07531386083603683,0.03105527949074753,0.00048313344481194315,11,87,0.012560153141996183,0.23641732713421257,True,False,False,1.8429517944654258e-06,COMPLETE
1195,0.5581115007400513,2025-04-23 12:36:34.176389,2025-04-23 12:36:42.441179,0 days 00:00:08.264790,0.8054038614384075,0.011079036607680174,8,0.08397859459799056,0.08839642370160747,0.023442858749261223,0.0010354755525351649,0.07488320525027603,0.028340505606951352,0.00046303957843827243,12,87,0.012339013749762241,0.23616755481965002,True,False,False,1.7569673478352966e-06,COMPLETE
1196,0.560297441482544,2025-04-23 12:36:42.832651,2025-04-23 12:36:51.052409,0 days 00:00:08.219758,0.8084271187410523,0.013704447456192599,8,0.08344172297595463,0.08477966038325334,0.019677508568223916,0.0014728333666458723,0.07536162143204571,0.029043417876566377,0.0004369715314405134,12,87,0.012783507875870393,0.23641240554395554,True,False,False,1.6217847309226837e-06,COMPLETE
1197,0.5580228567123413,2025-04-23 12:36:51.442134,2025-04-23 12:36:59.733053,0 days 00:00:08.290919,0.8111373326683109,0.011559322688797264,8,0.07692081067283206,0.08623850217827071,0.01927947009020633,0.00194238535297477,0.07512166585808537,0.02916392842615615,0.0004121851289493509,12,87,0.013071088536914613,0.23300274494349732,True,False,False,2.002413230183149e-06,COMPLETE
1198,0.3059175431728363,2025-04-23 12:37:00.124554,2025-04-23 12:37:07.599022,0 days 00:00:07.474468,0.8099586127648848,0.013540108296697483,8,0.07799619685923605,0.08394260021756195,0.020340862026446124,0.001086890531583057,0.07517270709333126,0.029192237145440544,0.0004794381973111189,11,88,0.013046260619857414,0.23434949236519126,True,True,False,1.912284469965605e-06,COMPLETE
1199,0.5581165909767152,2025-04-23 12:37:07.989314,2025-04-23 12:37:16.264781,0 days 00:00:08.275467,0.8157573844021726,0.011792453298214633,8,0.08319584277087023,0.08490368384599743,0.022293297016305797,0.001694118863861522,0.07473947565769046,0.03189948946678526,0.00039956844024448805,12,85,0.01275722641463783,0.2362116524346031,True,False,False,1.9502607439095548e-06,COMPLETE
1200,0.3775391399860382,2025-04-23 12:37:16.658709,2025-04-23 12:37:24.849691,0 days 00:00:08.190982,0.8050502362711809,0.016778575340250942,8,0.08251289616265747,0.08459785203066904,0.022213185821439132,0.0010009626586559867,0.07478428716764254,0.031132377663745603,0.0004009638286173787,12,85,0.013061636177001507,0.2380018278938917,False,False,False,2.0478496133613946e-06,COMPLETE
1201,0.5418671727180482,2025-04-23 12:37:25.240010,2025-04-23 12:37:33.515198,0 days 00:00:08.275188,0.8330932883473292,0.010750999003942933,8,0.0846098363615962,0.08739026362084185,0.02338078483674641,0.0010719380901810212,0.07506873263085716,0.03128414749364721,0.00032216633046348674,12,88,0.012819697816303662,0.232609485974886,True,False,False,1.8962043282471904e-06,COMPLETE
1202,0.5711886644363403,2025-04-23 12:37:33.904935,2025-04-23 12:37:42.140849,0 days 00:00:08.235914,0.8305676661248401,0.010043942833808309,8,0.08920126915155616,0.08519577376552495,0.018861056844707038,0.0011517139910458608,0.07490640286699463,0.028245960925896305,0.000307768035985657,12,89,0.012926902254063087,0.23019954125223915,True,False,False,2.1096831044299603e-06,COMPLETE
1203,0.5634575963020325,2025-04-23 12:37:42.531894,2025-04-23 12:37:51.043501,0 days 00:00:08.511607,0.8329460386041593,0.012946381895313868,8,0.0860746339507764,0.08332021327228561,0.018183896505208814,0.0018602582742569536,0.0755647353874576,0.028118240762950664,0.0003276522983749804,13,89,0.013032984039431199,0.23134908077986177,True,False,False,2.302728909169387e-06,COMPLETE
1204,0.5541242241859436,2025-04-23 12:37:51.435530,2025-04-23 12:37:59.886128,0 days 00:00:08.450598,0.8352122949221717,0.015256576035642639,8,0.08956663942716446,0.08138846877188707,0.018400899041262478,0.001133899055388876,0.0750533872816156,0.027174533223690546,0.000298292565618399,13,88,0.013133101582339523,0.23153336497532348,True,False,False,2.2426877237497243e-06,COMPLETE
1205,0.38956645727157596,2025-04-23 12:38:00.277922,2025-04-23 12:38:08.192169,0 days 00:00:07.914247,0.8385542270972791,0.012009503202485776,8,0.08847896528729474,0.08302784287314567,0.019077968308520737,0.001012972317978079,0.07517736930651997,0.02743285600454206,0.00031602163668999054,13,88,0.013811263161403584,0.2310939333562508,True,False,True,1.950275727027343e-06,COMPLETE
1206,0.5632339000701905,2025-04-23 12:38:08.585272,2025-04-23 12:38:16.904057,0 days 00:00:08.318785,0.8312971943818115,0.010981945354678325,8,0.0750240080279492,0.07832647376834359,0.023480424353428123,0.0024744206244283924,0.07476879371485158,0.029055111741869935,0.00047141815034956573,12,83,0.013263581772106183,0.23773409760788836,True,False,False,2.277345122631773e-06,COMPLETE
1207,0.5663945317268372,2025-04-23 12:38:17.296617,2025-04-23 12:38:25.571625,0 days 00:00:08.275008,0.8490409145101092,0.01001384372963757,8,0.07605028469093256,0.07843088679375064,0.023077783129813047,0.0025292717903644094,0.07459815582375066,0.02908218311218129,0.00035754875077892846,12,83,0.012989714017965769,0.2420759539853422,True,False,False,2.597467996286926e-06,COMPLETE
1208,0.5475322127342225,2025-04-23 12:38:25.963940,2025-04-23 12:38:34.268122,0 days 00:00:08.304182,0.8443874208140837,0.015693629835025605,8,0.07659907604035002,0.07737176211280347,0.017176606775097313,0.00124098726139876,0.07476819617213619,0.029332503525226043,0.0004758855212609417,12,83,0.013547386874718929,0.2424456550482897,True,False,False,2.446034270782909e-06,COMPLETE
1209,0.5626176834106446,2025-04-23 12:38:34.662074,2025-04-23 12:38:42.941487,0 days 00:00:08.279413,0.8427884957683108,0.010497983593307477,8,0.07673847880752402,0.07678316421245748,0.023187000841014216,0.0012837130938811454,0.07420221507630273,0.028641232452727185,0.0004755248958491011,12,81,0.013432454285758982,0.24253646367515658,True,False,False,2.199972901012004e-06,COMPLETE
1210,0.5657616138458252,2025-04-23 12:38:43.335850,2025-04-23 12:38:51.574318,0 days 00:00:08.238468,0.8750220124451551,0.010765994993758009,8,0.07670305785306517,0.07637462842781616,0.017116309551677474,0.0010720745216226697,0.07483362430027118,0.02894617017805937,0.00047409261207183464,12,82,0.013572227253689683,0.24230925237026812,True,False,False,2.48158321176304e-06,COMPLETE
1211,0.5572400093078613,2025-04-23 12:38:51.965734,2025-04-23 12:39:00.404320,0 days 00:00:08.438586,0.8838397171985353,0.013493450942264479,8,0.07646404247752281,0.07681030992698906,0.01666253780515493,0.0013070615461105684,0.07462170087109844,0.027585517614631638,0.0004980706470122875,13,83,0.013420617904968199,0.24294927181599266,True,False,False,2.3470073948656326e-06,COMPLETE
1212,0.3574732959270478,2025-04-23 12:39:00.796395,2025-04-23 12:39:09.217558,0 days 00:00:08.421163,0.8812026680079379,0.04038569418787581,8,0.07067625174168501,0.07575787692141973,0.016623675031703398,0.0010857002994726964,0.07423211105974584,0.027725713325625376,0.0004962139237880566,13,83,0.013490656342351416,0.2433254271516396,True,False,False,2.4921786010977898e-06,COMPLETE
1213,0.5779825687408447,2025-04-23 12:39:09.613293,2025-04-23 12:39:17.999522,0 days 00:00:08.386229,0.9098604314851351,0.010002059691832023,8,0.07778531778685448,0.06857016862498316,0.023727807553426232,0.002655107489155196,0.07418129644956714,0.02587142119481719,0.00036501656480934303,13,81,0.013367953369411044,0.23809040517663768,True,False,False,2.448760372696839e-06,COMPLETE
1214,0.3739217400550843,2025-04-23 12:39:18.388549,2025-04-23 12:39:26.644679,0 days 00:00:08.256130,0.9059331581230403,0.04182521540929391,8,0.08964419008858815,0.06065376107140799,0.02333011341642699,0.001022834599090833,0.07422915686171021,0.025519731186195656,0.00036838974807751866,12,81,0.013023852812196693,0.2408668047621479,True,False,False,2.6225009790640253e-06,COMPLETE
1215,0.5719959974288941,2025-04-23 12:39:27.035710,2025-04-23 12:39:35.485439,0 days 00:00:08.449729,0.8787418054481851,0.010901322168131097,8,0.08083416109731355,0.06746564113338113,0.0182794998416926,0.0024610004930176836,0.0743857831272458,0.028892241699440373,0.0006258112231850132,13,86,0.01346251094946646,0.2355648586815702,True,False,False,2.6531444392843274e-06,COMPLETE
1216,0.3784850597381592,2025-04-23 12:39:35.877313,2025-04-23 12:39:44.347658,0 days 00:00:08.470345,0.9035652877343073,0.031092993424189305,8,0.07879308581756786,0.0658510857898284,0.018364318535944196,0.0010304231615830743,0.07439537063727969,0.028676175461147205,0.0006212923137325337,13,85,0.013490052037701952,0.2352557863884147,True,False,False,2.430107424063557e-06,COMPLETE
1217,0.5745731830596924,2025-04-23 12:39:44.741120,2025-04-23 12:39:53.399406,0 days 00:00:08.658286,0.8772426997224696,0.011190170604897727,8,0.04223822719134435,0.06637030355052287,0.020625787860231476,0.002936959841871066,0.07470619838817893,0.02985558392757376,0.0004253611590524641,14,91,0.013079615410588843,0.24330637037215416,True,False,False,2.5551464456198165e-06,COMPLETE
1218,0.3844643890857697,2025-04-23 12:39:53.791200,2025-04-23 12:40:02.105380,0 days 00:00:08.314180,0.8802568472544461,0.010294295551773795,8,0.08940493399055449,0.062313888385621234,0.019952600753621135,0.002529343054766881,0.07430393726871994,0.026730747408225404,0.00042150484661204594,13,79,0.014402011692503111,0.2445724905887891,False,False,False,2.5665246962491184e-06,COMPLETE
1219,0.32788166403770447,2025-04-23 12:40:02.499418,2025-04-23 12:40:10.085908,0 days 00:00:07.586490,0.8668619459726348,0.010078652558633149,8,0.04659682715182806,0.06999441707707084,0.024304830907221582,0.0026865507156682254,0.07403606351723033,0.028918485010646793,0.0002877524685455953,12,76,0.013855016134659986,0.23994832100488675,True,True,False,2.503514746419185e-06,COMPLETE
1220,0.36336122155189515,2025-04-23 12:40:10.479821,2025-04-23 12:40:19.051352,0 days 00:00:08.571531,0.9300677690962723,0.04346560347675503,8,0.04227661727851952,0.05787531594276067,0.015106788376846255,0.0027257012637928115,0.07458439225718859,0.02960265093158898,0.00033439466634149317,14,87,0.013464968454639546,0.22944277714471614,True,False,False,2.7475052417851007e-06,COMPLETE
1221,0.37709401845932006,2025-04-23 12:40:19.444468,2025-04-23 12:40:27.939626,0 days 00:00:08.495158,0.8879692070766283,0.033288411880271165,8,0.06354474635328063,0.07017277733684474,0.01773525035341434,0.002722469921340249,0.07505315909925393,0.025299851268009866,0.0004215154410375067,13,82,0.012863364881614428,0.24615230569605598,True,False,False,2.2732605195562096e-06,COMPLETE
1222,0.5548896074295044,2025-04-23 12:40:28.332185,2025-04-23 12:40:36.676229,0 days 00:00:08.344044,0.8534592007767045,0.010574717935705961,8,0.08166108416038859,0.0776750167380829,0.020898727953312685,0.001047368718301696,0.07370949898451155,0.027194418559296333,0.0006122091373736975,12,90,0.013457114547776105,0.2330114631894513,True,False,False,2.213984488254513e-06,COMPLETE
1223,0.5635300040245056,2025-04-23 12:40:37.071168,2025-04-23 12:40:45.423155,0 days 00:00:08.351987,0.861516468779677,0.011069538113305752,8,0.08190916884612255,0.07565796044319772,0.0207699164745462,0.0026258587815433145,0.07399983294558346,0.02754379462590541,0.0006386407975465886,12,91,0.013806306845225533,0.23870970719797904,True,False,False,2.855000794991531e-06,COMPLETE
1224,0.3157675623893738,2025-04-23 12:40:45.823157,2025-04-23 12:40:53.675741,0 days 00:00:07.852584,0.8634822319180288,0.04724314723408743,8,0.07940904737036932,0.06810172262925007,0.020863455025745763,0.0027529383353660035,0.07377379029919785,0.027141960722714593,0.0006132015447781277,13,92,0.014417574375906444,0.2386010709347812,True,False,True,2.6680071429858366e-06,COMPLETE
1225,0.36325547099113464,2025-04-23 12:40:54.078201,2025-04-23 12:41:02.359776,0 days 00:00:08.281575,0.9031382911468571,0.03307253670494619,8,0.07533691217017986,0.07626253805052322,0.015053040889439158,0.0010619106522985256,0.07413224071874758,0.024605137531711504,0.0004536442493170922,12,85,0.013578674176583308,0.2468322674442002,True,False,False,2.3026644092285028e-06,COMPLETE
1226,0.3896235346794129,2025-04-23 12:41:02.752037,2025-04-23 12:41:11.141141,0 days 00:00:08.389104,0.851214126402271,0.04832397110700913,8,0.09060813108554482,0.06691711773549858,0.01946510866069214,0.0029823056669565483,0.07325736721342777,0.02865985895402676,0.0006653190543250654,12,91,0.013852436241426468,0.22892436532874752,True,False,False,2.8053853450929762e-06,COMPLETE
1227,0.5643887281417846,2025-04-23 12:41:11.537018,2025-04-23 12:41:19.822564,0 days 00:00:08.285546,0.8696339264207695,0.010520853130511265,8,0.0819413487684951,0.07823002875733667,0.017063538435645256,0.0029888796144833495,0.07555434144362345,0.026565470031032306,0.0005473489780918858,12,84,0.013935597732880252,0.2407345444892702,True,False,False,2.9585396583422905e-06,COMPLETE
1228,0.5686302900314331,2025-04-23 12:41:20.216657,2025-04-23 12:41:28.657705,0 days 00:00:08.441048,0.9161437695466456,0.010464297959045056,8,0.08236425333632025,0.07799905186351613,0.021328417198079583,0.0032434847667029794,0.07549474827383226,0.025968918950791252,0.0005510187807286984,13,88,0.01413054665017688,0.2366610950879583,True,False,False,2.990252796405816e-06,COMPLETE
1229,0.37625235915184024,2025-04-23 12:41:29.054747,2025-04-23 12:41:37.658403,0 days 00:00:08.603656,0.9221191529979793,0.033135253498822174,8,0.08109966824615082,0.0731959275979368,0.025252447953456457,0.0035793491206379917,0.0757032181124679,0.025688011285512364,0.0005768036541564524,14,80,0.014315907756726481,0.2386371539042823,True,False,False,3.1922382346866287e-06,COMPLETE
1230,0.3703133165836335,2025-04-23 12:41:38.051434,2025-04-23 12:41:46.361237,0 days 00:00:08.309803,0.871965131955932,0.03386386131760344,8,0.07116541222282885,0.06515686853897051,0.021134682021982657,0.003040891825390487,0.07343268552583619,0.030636401382651588,0.0008404466498979174,12,85,0.014043122310817256,0.23671034339909502,True,False,False,2.929198561740112e-06,COMPLETE
1231,0.37298580408096316,2025-04-23 12:41:46.758457,2025-04-23 12:41:55.153490,0 days 00:00:08.395033,0.9425879818747224,0.05411682924541791,8,0.08352312956847523,0.07920172729927297,0.023640931042970655,0.003478147037029905,0.07558129235713665,0.026813856585877108,0.000387342459669843,13,91,0.014372556355611407,0.24897947559728018,True,False,False,2.225839994854748e-06,COMPLETE
1232,0.5828800082206727,2025-04-23 12:41:55.555243,2025-04-23 12:42:04.020783,0 days 00:00:08.465540,0.9676453209694017,0.010320132514468505,8,0.06756903679753194,0.0592089707010888,0.021709244432993168,0.0035155963801309573,0.0736499624274804,0.03001105310492598,0.0004933359268534729,13,87,0.014571888755914558,0.22723193200061914,True,False,False,3.0699005834256088e-06,COMPLETE
1233,0.3782798647880555,2025-04-23 12:42:04.415791,2025-04-23 12:42:13.105126,0 days 00:00:08.689335,0.9185489887092946,0.03166987961347373,8,0.0666606993545155,0.05502842321979721,0.025616881663150327,0.003450320981195537,0.07352839684729631,0.030356984065074026,0.00039628703982661504,14,86,0.014838286367949887,0.2266936086754361,True,False,False,3.1897671650614244e-06,COMPLETE
1234,0.5796255350112915,2025-04-23 12:42:13.518471,2025-04-23 12:42:21.857960,0 days 00:00:08.339489,0.9599688313481762,0.010008847492169183,8,0.0745566432171233,0.05920855321642849,0.013406242178855462,0.0032377835026044756,0.0759286880403366,0.028608162983380456,0.0005131125556159143,12,83,0.01309671416965744,0.2426891698096555,True,False,False,3.0208592936162908e-06,COMPLETE
1235,0.5772325873374939,2025-04-23 12:42:22.259597,2025-04-23 12:42:30.540803,0 days 00:00:08.281206,0.9918185647078291,0.010196805960604466,8,0.06154623977096384,0.057021350836461954,0.015756745594123742,0.0037062416228211504,0.07579451709899328,0.023131909623218254,0.0005141312178625643,12,82,0.014931950047529098,0.2453950851346402,True,False,False,3.1215356837303063e-06,COMPLETE
1236,0.40220336318016053,2025-04-23 12:42:30.941130,2025-04-23 12:42:39.269456,0 days 00:00:08.328326,0.9784951208668574,0.045186778249916563,8,0.06164678897466504,0.04890513241514458,0.010772158075702387,0.0034223902801905947,0.07542716611395572,0.025420838520193507,0.000519160863732738,13,81,0.015309311412458988,0.2422725574651894,False,False,False,3.1618305307657766e-06,COMPLETE
1237,0.4170027971267701,2025-04-23 12:42:39.671181,2025-04-23 12:42:48.093467,0 days 00:00:08.422286,0.9962244837910612,0.028833752498429413,8,0.06781962089230938,0.06039235447195874,0.01272928476647901,0.002922824053579339,0.07291132283681792,0.02364089961826233,0.00025562303182058405,13,83,0.014497604080722915,0.2488268425948924,True,False,False,2.89693811046382e-06,COMPLETE
