number,value,datetime_start,datetime_complete,duration,params_alpha-eval,params_alpha-train,params_batch-size,params_eps-eval,params_eps-train,params_lambda-actions-eval,params_lambda-actions-train,params_lambda-frames-eval,params_lambda-frames-train,params_learning-rate,params_n-epochs,params_n-frames,params_radius-gw,params_rho,params_std-feats,params_ub-actions,params_ub-frames,params_weight-decay,state
0,0.3322628378868103,2025-04-03 20:58:02.636431,2025-04-03 20:58:10.237378,0 days 00:00:07.600947,0.7875929055562663,0.1636795323919778,16,0.0034056605781414015,0.10794917445513794,0.012325758313525604,0.09543794204621103,0.004176070929643434,0.03095364599423732,0.009183672223128003,22,48,0.09552359790786881,0.28430729413931133,False,False,False,2.4741044733106685e-07,COMPLETE
1,0.29631375670433047,2025-04-03 20:58:10.241690,2025-04-03 20:58:16.503612,0 days 00:00:06.261922,0.7410027021548444,0.9506146725833395,16,0.02740671669102161,0.26423173557292,0.009864038091574587,0.0025385523966541946,0.08388050895011805,0.07054901623881851,0.09356360591416686,11,114,0.08676160418107333,0.17625893420372787,True,True,False,0.00012159784402779932,COMPLETE
2,0.3210398435592651,2025-04-03 20:58:16.507937,2025-04-03 20:58:26.245043,0 days 00:00:09.737106,0.915856075741962,0.3647152013643631,8,0.16319161919854877,0.2813843759328896,0.006133610167762574,0.09834587337608222,0.007724343472728137,0.02671633970896392,0.04436452734053662,28,141,0.08826616997852994,0.16057109874594708,True,False,True,5.5881381022605815e-08,COMPLETE
3,0.357292103767395,2025-04-03 20:58:26.249223,2025-04-03 20:58:41.105218,0 days 00:00:14.855995,0.4976133402806262,0.34411561333969926,2,0.14222582825840405,0.02219411665305779,0.09174683182051384,0.014344153211878066,0.056358872385139425,0.08170258242018247,0.023119504313296183,17,36,0.009012812272963938,0.03955967586297707,False,True,False,4.5971088208251654e-05,COMPLETE
4,0.29631375670433047,2025-04-03 20:58:41.109463,2025-04-03 20:58:49.412951,0 days 00:00:08.303488,0.7336308402864229,0.2609438995252323,8,0.14154618971651892,0.20806890530311292,0.056569529330803,0.09868917096943355,0.027232037884419517,0.09895483993504352,0.0009687648144133521,21,10,0.02816560475901539,0.23523557860899996,False,True,True,0.0007219343008105312,COMPLETE
5,0.382945853471756,2025-04-03 20:58:49.417708,2025-04-03 20:58:57.527745,0 days 00:00:08.110037,0.3345531498784248,0.2737980828769034,8,0.2665596454183508,0.08383509658630972,0.0797970936135596,0.08258063656408193,0.07132399584698167,0.08038956190926101,0.03832659221975947,19,81,0.032941675236817784,0.2782613371107669,False,False,True,0.00017294875139207356,COMPLETE
6,0.4346308827400208,2025-04-03 20:58:57.532604,2025-04-03 20:59:05.138813,0 days 00:00:07.606209,0.767367443608016,0.9740291801271357,16,0.047309497946297505,0.27375795334784897,0.03641638720182748,0.058573317619937976,0.06032348710639869,0.06104864933664165,0.0036649235174892256,25,25,0.04151315489428137,0.039543950922033326,True,True,True,7.21997486950416e-06,COMPLETE
7,0.5125267386436463,2025-04-03 20:59:05.144058,2025-04-03 20:59:17.774503,0 days 00:00:12.630445,0.12466553204546285,0.7754734825410053,2,0.15360686394379278,0.2952449203060207,0.04423475698240783,0.024014846377740286,0.026606241630364326,0.023768053393996316,0.00016006380257596703,10,112,0.034214077285849916,0.0844685294773634,True,False,False,7.429010238710933e-07,COMPLETE
8,0.3717219471931458,2025-04-03 20:59:17.779925,2025-04-03 20:59:30.595826,0 days 00:00:12.815901,0.5044547006865089,0.9902189136812353,2,0.030076814641068747,0.06254682173826204,0.0880015411445474,0.03478817873055195,0.049854574929031434,0.026824759228971262,1.2506007662284486e-05,13,84,0.04669419175642401,0.08192666538717953,False,True,True,2.539923991951502e-06,COMPLETE
9,0.29832832217216493,2025-04-03 20:59:30.601846,2025-04-03 20:59:37.483476,0 days 00:00:06.881630,0.6707483253729654,0.22030043059006738,8,0.26578718948617513,0.2705838617669238,0.03232999074652527,0.015673310515075697,0.032094256066278845,0.012951168445518423,0.000793815829786718,10,121,0.03761177117655083,0.1680804839492357,True,True,False,1.909858835327552e-06,COMPLETE
10,0.3727214574813843,2025-04-03 20:59:37.490019,2025-04-03 20:59:46.979995,0 days 00:00:09.489976,0.05348795643200423,0.6766266181601156,2,0.20221764832105793,0.18543772477480394,0.062351843520798506,0.03834579509785302,0.09801501374377117,0.0462938438817892,7.312813278833489e-05,5,104,0.06719596768932115,0.09698238212470099,True,False,False,2.6329991057833347e-08,COMPLETE
11,0.4039734423160553,2025-04-03 20:59:46.986554,2025-04-03 20:59:54.949703,0 days 00:00:07.963149,0.12684603121087057,0.7393167553290523,16,0.08644683543911336,0.22201086796479508,0.03676580522108882,0.0640066425277897,0.03837812484904854,0.05297864182632622,0.0001869265010450241,29,46,0.05992397203986987,0.013994137306817478,True,False,True,1.0252542034389328e-05,COMPLETE
12,0.2958901405334473,2025-04-03 20:59:54.956722,2025-04-03 21:00:02.415910,0 days 00:00:07.459188,0.2702525664675379,0.7685675406576965,16,0.08917580481196602,0.29570008828188177,0.038117071223166224,0.05904180276177472,0.055195629559695154,0.00721118515073161,0.0050708976049145945,25,9,0.01466830689138151,0.0886116251073487,True,False,True,4.1451630339178674e-07,COMPLETE
13,0.29631375670433047,2025-04-03 21:00:02.423058,2025-04-03 21:00:16.370775,0 days 00:00:13.947717,0.29941843898341414,0.5696646672407315,2,0.08366799404967769,0.16464239305869202,0.026265393749629422,0.038293333010813196,0.019507602797147888,0.050308882611754,0.000192111063299477,15,150,0.054552511524786504,0.05494535333008772,True,True,False,1.4188544845816825e-05,COMPLETE
14,0.29631375670433047,2025-04-03 21:00:16.378211,2025-04-03 21:00:22.284833,0 days 00:00:05.906622,0.5657903590958099,0.8510689413171135,16,0.2023214456265126,0.23326989257919262,0.07008482710690961,0.06553978887967928,0.07053186121942893,0.06425814941514454,0.004043601275314918,6,65,0.020192886598488516,0.11810880972926652,True,True,True,5.076704766052947e-07,COMPLETE
15,0.35288411378860474,2025-04-03 21:00:22.294600,2025-04-03 21:00:44.909023,0 days 00:00:22.614423,0.9146423755453074,0.017388345429063423,2,0.19020869285563946,0.13274884731536124,0.04863989492319436,0.04775834425107367,0.04377830890168238,0.036284568205137355,4.870302434171938e-05,26,101,0.0709434198978351,0.008741502279100782,True,False,False,1.1288236436391356e-05,COMPLETE
16,0.35861581563949585,2025-04-03 21:00:44.917041,2025-04-03 21:00:51.019005,0 days 00:00:06.101964,0.985573053778146,0.5568772539885608,16,0.10962479211828033,0.24952126196740237,0.021779810890388517,0.023387257897062252,0.0726584943780792,0.014405887620907012,0.0018264842911494452,9,26,0.002855879936795383,0.12805292342770302,True,True,False,1.426071529458575e-06,COMPLETE
17,0.4808870911598206,2025-04-03 21:00:51.027468,2025-04-03 21:01:09.141932,0 days 00:00:18.114464,0.18572130470262035,0.8748528479994375,2,0.05035614937480323,0.19177207806577304,0.048249836744164644,0.07406301405794669,0.018582341989205338,0.06287790477630348,0.0004434115586335297,23,64,0.043445144543237585,0.050375976978260656,True,False,True,9.756390197997532e-08,COMPLETE
18,0.3953166484832764,2025-04-03 21:01:09.150489,2025-04-03 21:01:25.420214,0 days 00:00:16.269725,0.17696480802619374,0.8367771763188141,2,0.23172680814271068,0.18840160781713075,0.045477446563182915,0.08084747801047419,0.018711768041779916,0.04025051759759102,0.00032470986602807674,16,65,0.02339512785058884,0.06493373413604,True,False,False,1.225973895946269e-07,COMPLETE
19,0.39233609437942507,2025-04-03 21:01:25.428998,2025-04-03 21:01:42.722084,0 days 00:00:17.293086,0.03429982732052231,0.6687461246730121,2,0.11532302312658849,0.1406740406525392,0.0693231316593366,0.07377274902733134,0.01879112144473321,0.018274794778012214,1.719774848534133e-05,21,135,0.0494821978589546,0.13240909551265867,True,False,True,1.303402341510425e-08,COMPLETE
20,0.4283198356628418,2025-04-03 21:01:42.731640,2025-04-03 21:01:55.669266,0 days 00:00:12.937626,0.3629576328248305,0.8476271743935639,2,0.06388592210321846,0.020071175478306336,0.052669985708840274,0.05033191836437153,0.01206655161543991,0.09969455525879019,6.262757571725753e-05,13,93,0.06929386760403324,0.23422389468171206,True,False,True,8.162932095199255e-08,COMPLETE
21,0.43773394823074346,2025-04-03 21:01:55.678828,2025-04-03 21:02:14.062449,0 days 00:00:18.383621,0.21945223909319028,0.9157707229203139,2,0.048719539010600874,0.29947010258251017,0.04221517010829714,0.057480884013525226,0.0334388736060323,0.06283697032487956,0.00034157267158580547,24,63,0.03829788997391773,0.040905194065923633,True,False,True,1.2029002296814901e-06,COMPLETE
22,0.43755856752395633,2025-04-03 21:02:14.072427,2025-04-03 21:02:32.747770,0 days 00:00:18.675343,0.1493501733007348,0.8306880058340306,2,0.0022007082236446818,0.29935707335364803,0.04654087193883241,0.07341095607660589,0.031203064192111874,0.07762511867664837,0.00045183313366538584,24,67,0.03834460578651132,0.02503915562328372,True,False,True,6.516329283837439e-07,COMPLETE
23,0.2836072564125061,2025-04-03 21:02:32.757759,2025-04-03 21:02:48.481654,0 days 00:00:15.723895,0.21717641821212924,0.920500125621085,2,0.16493724919616665,0.2414839414375651,0.05944106153384879,0.03010044757099996,0.04036469059133037,0.06214009795656038,0.00015705220594949555,19,49,0.028443491515026367,0.0672203638509356,True,False,True,1.7369932315159543e-07,COMPLETE
24,0.3541932821273804,2025-04-03 21:02:48.492094,2025-04-03 21:03:06.624382,0 days 00:00:18.132288,0.4292878187312448,0.663360763769651,2,0.12297435905529196,0.18823280862561353,0.01959587462802847,0.04624059371889892,0.026990518467211122,0.054828834554773,0.0003980412454880665,23,66,0.05801712292924043,0.09946520400215887,True,False,True,8.800499471864358e-07,COMPLETE
25,0.3709350347518921,2025-04-03 21:03:06.635082,2025-04-03 21:03:26.721708,0 days 00:00:20.086626,0.09225464790480764,0.4547376459372993,2,0.06224617790795417,0.21425052949320364,0.04321769070524497,0.08429476315312903,0.016423286549352448,0.0025160695899111053,0.0015108701039563857,27,90,0.04450896966291935,0.04307904155900803,True,False,True,3.452560981480874e-08,COMPLETE
26,0.4032034754753113,2025-04-03 21:03:26.733546,2025-04-03 21:03:44.795658,0 days 00:00:18.062112,0.22492297697651248,0.7325691131283201,2,0.29401234389246733,0.25060795513061646,0.06704790677216801,0.05816334621943443,0.03504514968639076,0.07205570802222276,3.930382416226599e-05,19,74,0.030501497545595477,0.006142865507443834,False,False,False,5.189858764707819e-06,COMPLETE
27,0.36550197601318357,2025-04-03 21:03:44.807172,2025-04-03 21:03:58.047462,0 days 00:00:13.240290,0.36917483520352856,0.9059302447301796,2,0.03007914915177058,0.2959919533706517,0.028718955218249933,0.07136543061851956,0.024563538707242594,0.0901168186425525,0.00011412534084288969,14,55,0.01975062675538681,0.07191754995753061,True,False,True,2.7160057632025114e-07,COMPLETE
28,0.41175864338874824,2025-04-03 21:03:58.059158,2025-04-03 21:04:09.498241,0 days 00:00:11.439083,0.020770546265529766,0.7782938213719108,2,0.17829726333236462,0.15944327916704623,0.07722226794940154,0.04443881716132564,0.0017544969621950263,0.04314913140164013,0.0006088880626244989,8,118,0.05205290767591111,0.11287707927102576,True,False,False,1.1415408799663839e-06,COMPLETE
29,0.3866885602474213,2025-04-03 21:04:09.510228,2025-04-03 21:04:34.089454,0 days 00:00:24.579226,0.24163341398961108,0.9008240339447388,2,0.05709377438714266,0.10983750361681349,0.053760292013364304,0.08959979463154413,0.009751145582719868,0.03088035191655694,2.6134404594276448e-05,30,55,0.03774702815711107,0.19994832495906653,False,False,False,1.0081466000014437e-08,COMPLETE
30,0.34600983262062074,2025-04-03 21:04:34.101676,2025-04-03 21:04:42.833894,0 days 00:00:08.732218,0.17643910739465846,0.50456562647704,8,0.01398869315764626,0.2584080243124893,0.01677529570648651,0.02411230422084827,0.0445476046744645,0.058852778241695415,0.0002913893099386882,22,105,0.06294608447265615,0.03126679794406073,True,False,True,2.2391543818435863e-07,COMPLETE
31,0.4465811133384705,2025-04-03 21:04:42.846500,2025-04-03 21:05:01.494795,0 days 00:00:18.648295,0.12685391955506653,0.8194081757962545,2,0.005298347116641072,0.2931749775031609,0.04239934866970788,0.07241940372306292,0.03280449162116575,0.07085738193726406,0.0005935292679682766,24,73,0.039133939947419344,0.025501142138303692,True,False,True,5.371872498526833e-07,COMPLETE
32,0.4338622272014618,2025-04-03 21:05:01.510483,2025-04-03 21:05:19.619842,0 days 00:00:18.109359,0.09680359715474343,0.6072406093476337,2,0.04492714723326933,0.2745067580058352,0.04141676081662863,0.06413631213209621,0.024415091767196986,0.06882031461256725,0.0015901207532431616,23,77,0.03424209301860337,0.04501834800522186,True,False,True,4.437453764794288e-06,COMPLETE
33,0.36521268486976627,2025-04-03 21:05:19.633241,2025-04-03 21:05:40.499516,0 days 00:00:20.866275,0.09298111346420382,0.7970851570754877,2,0.009270817905545476,0.29838497673080583,0.030934630430626553,0.002790382056972903,0.03334493223926391,0.07134939637551643,8.413557576523189e-05,28,91,0.04437452252731197,0.022572144164521253,True,False,True,3.656606850781922e-07,COMPLETE
34,0.3981811225414276,2025-04-03 21:05:40.512893,2025-04-03 21:05:57.291792,0 days 00:00:16.778899,0.4196961408222686,0.901104358321541,2,0.027119101572166272,0.28124884909109327,0.050719576338155305,0.07691025839281522,0.01286445233256751,0.0864511164482547,0.0002614792587281998,21,39,0.08276510171135268,0.0591622069932419,True,False,True,8.570840100452606e-08,COMPLETE
35,0.4210925221443177,2025-04-03 21:05:57.305880,2025-04-03 21:06:16.938669,0 days 00:00:19.632789,0.19217444102378187,0.9312119842692832,2,0.13009855898650433,0.2653975507560792,0.012498639216054482,0.05333896198188792,0.04674849811144617,0.06583899592012787,0.0005762356958365408,26,73,0.027410193017951622,0.07997090241516909,True,False,True,2.781372827726146e-05,COMPLETE
36,0.35910211205482484,2025-04-03 21:06:16.952848,2025-04-03 21:06:25.465452,0 days 00:00:08.512604,0.2760996522787673,0.7039469648302933,8,0.0964645840827894,0.23209921955715695,0.06151046918874656,0.09212143179260981,0.03862371000910717,0.07494254196785842,0.0011128272799247466,17,124,0.05144870095842537,0.05012572088654528,False,False,False,2.3490081004698157e-06,COMPLETE
37,0.3663186311721802,2025-04-03 21:06:25.480473,2025-04-03 21:06:41.790183,0 days 00:00:16.309710,0.12789631330337412,0.9944395123492802,2,0.15965618025806688,0.04192960186468837,0.04082680398072262,0.06812628118897326,0.023505297692078805,0.058013546038109584,0.0026837204331622362,20,57,0.04122571549934085,0.14887320366315338,True,False,True,3.93909214481573e-08,COMPLETE
38,0.4506298005580902,2025-04-03 21:06:41.804834,2025-04-03 21:07:00.371512,0 days 00:00:18.566678,0.31574117293562254,0.8754492617346995,2,0.06976085501953863,0.11446205572188357,0.03377190929559917,0.054681309942226225,0.031084977947129895,0.08434526492169697,0.00014061271351258222,24,83,0.015740458106332643,0.029498886708020894,False,False,True,7.238477018934439e-07,COMPLETE
39,0.3482927262783051,2025-04-03 21:07:00.386912,2025-04-03 21:07:07.320640,0 days 00:00:06.933728,0.5668432347220712,0.8111209753462579,8,0.07200474895816941,0.09627873344674057,0.0035353631818473563,0.00556280784740678,0.028496079229741095,0.08649446665104739,0.009066603047237111,11,129,0.010347164715779344,0.026990955311085807,False,False,True,0.0009112435638326151,COMPLETE
40,0.3859578609466553,2025-04-03 21:07:07.336252,2025-04-03 21:07:24.846788,0 days 00:00:17.510536,0.31962177906435507,0.3954261492931563,2,0.14601561282932624,0.08070346111915548,0.03159120852583273,0.08839615388937529,0.007568851768498218,0.0950830963117917,0.00011501017712993572,18,82,0.007075308171129757,0.004980289117131692,False,False,False,1.4098170189788223e-07,COMPLETE
41,0.37661362886428834,2025-04-03 21:07:24.862251,2025-04-03 21:07:43.549100,0 days 00:00:18.686849,0.2595137117106988,0.8812273653119225,2,0.044740496529964084,0.11095141345834253,0.05548113745831233,0.05765895461754329,0.03561738761227283,0.08163845448138618,0.0008241596135305479,24,88,0.014508255567875862,0.041052142746493214,False,False,True,7.71886679902949e-07,COMPLETE
42,0.344665801525116,2025-04-03 21:07:43.566420,2025-04-03 21:08:01.569299,0 days 00:00:18.002879,0.07513197938521055,0.96792184854981,2,0.024847271582201617,0.12602139500458426,0.035666756416527404,0.05372000855063846,0.021889086050684684,0.07663386433261905,0.000131255459556092,23,106,0.034048876675554486,0.02379526820817038,False,False,True,3.212267475590184e-06,COMPLETE
43,0.43982936143875123,2025-04-03 21:08:01.585946,2025-04-03 21:08:20.645609,0 days 00:00:19.059663,0.42901199358134995,0.9460242426917358,2,0.04631834212532094,0.2839216559958715,0.024982412147935767,0.07830252435582537,0.029981993672008257,0.04802871742588869,0.0002130512927900047,25,96,0.026074351774193955,0.07686575846777975,False,False,True,1.3903401179141717e-06,COMPLETE
44,0.5053199529647827,2025-04-03 21:08:20.662176,2025-04-03 21:08:40.539307,0 days 00:00:19.877131,0.43937251333908045,0.7522091991436757,2,0.07596326882886298,0.2786456418761116,0.027141449660340197,0.07955228793594948,0.05252133549645628,0.04977738621461989,0.00020801990066781725,27,96,0.02356772851188587,0.10007588753378678,False,False,True,3.6313758563363134e-07,COMPLETE
45,0.3648820221424103,2025-04-03 21:08:40.556181,2025-04-03 21:08:48.342029,0 days 00:00:07.785848,0.4863723713146186,0.6218765192476987,16,0.10117854692853878,0.20396290431147662,0.03379120731995119,0.08415925564379591,0.06157640436751924,0.019355632475480524,0.0005262659167717853,28,113,0.01765074683355865,0.09491101868903447,False,True,True,3.183312633795704e-07,COMPLETE
46,0.3837375283241272,2025-04-03 21:08:48.359552,2025-04-03 21:09:08.353610,0 days 00:00:19.994058,0.35586124033007743,0.7597806066341728,2,0.07468492157256613,0.003414700160878553,0.024610229849355722,0.09873198144001566,0.05206979569686107,0.035762007371663615,8.681331316087085e-05,27,111,0.02235724295476507,0.10887301331116614,False,False,True,0.00033428196900005887,COMPLETE
47,0.3414319813251495,2025-04-03 21:09:08.371075,2025-04-03 21:09:17.814194,0 days 00:00:09.443119,0.14353615570447956,0.7383470842989399,8,0.13217658934051665,0.17118856941226698,0.011918394195113821,0.012144983771796795,0.062373196525601776,0.06860217662442056,3.194370053979323e-05,29,98,0.013201595216991088,0.2906359685926604,False,True,False,5.939012307930151e-08,COMPLETE
48,0.3571874380111694,2025-04-03 21:09:17.832901,2025-04-03 21:09:37.512308,0 days 00:00:19.679407,0.5788848701373703,0.8491358638245678,2,0.018423466979382755,0.06398143894460062,0.04957927440237451,0.06896202233180664,0.048992680694796606,0.02622748267794269,0.0010122133331829683,26,83,0.032430189653327515,0.05578377502364465,False,False,True,4.281509964783819e-07,COMPLETE
49,0.3395606100559235,2025-04-03 21:09:37.530127,2025-04-03 21:09:44.768161,0 days 00:00:07.238034,0.29977313425232405,0.6941026399748114,16,0.07861112050822386,0.28528292143289075,0.03747315740527446,0.042206696630863585,0.0408383045131586,0.055482574876953974,0.0001847698704688711,22,71,0.003249116782863026,0.13442226972998444,False,False,True,5.872386572913091e-07,COMPLETE
50,0.31575868725776673,2025-04-03 21:09:44.787646,2025-04-03 21:10:06.711337,0 days 00:00:21.923691,0.402787226778391,0.7966460022560413,2,0.2171805820310272,0.26904179376928966,0.09694105778394835,0.07922143013726853,0.055975053516115855,0.08610197893417276,0.05153644693595945,30,79,0.024114296287260112,0.08777829321929995,False,True,False,1.1322811129695757e-07,COMPLETE
51,0.4405202865600586,2025-04-03 21:10:06.730683,2025-04-03 21:10:25.620994,0 days 00:00:18.890311,0.46437645503032643,0.9517800035933242,2,0.04222437357490343,0.2807646218810993,0.025479680134777454,0.07429862070268058,0.027778211009565165,0.050956859263255265,0.00022655498293931549,25,96,0.025535989602315432,0.07776979639387428,False,False,True,1.75138410837259e-06,COMPLETE
52,0.4020791113376618,2025-04-03 21:10:25.640649,2025-04-03 21:10:45.714830,0 days 00:00:20.074181,0.47376591774829985,0.8718827637972865,2,0.03441367473690882,0.25728621472069485,0.017799997163903472,0.07582953280484253,0.014772341966861243,0.05108117510888936,5.080334032225358e-05,27,85,0.01798315702534745,0.10248911271090005,False,False,True,2.3576586831362808e-07,COMPLETE
53,0.3780874669551849,2025-04-03 21:10:45.735592,2025-04-03 21:11:04.751133,0 days 00:00:19.015541,0.536347002749723,0.9517362402417731,2,0.037241245298895505,0.28259545863730073,0.026383491539430103,0.06378914987952722,0.09519960648316002,0.09343533244215493,0.00026310020842082704,25,99,0.04735977022756417,0.18396418258441977,False,False,True,1.9699797428315295e-06,COMPLETE
54,0.3013817429542542,2025-04-03 21:11:04.771603,2025-04-03 21:11:14.394849,0 days 00:00:09.623246,0.3877671189983939,0.11592768987398516,2,0.09423661262196636,0.2325403185412443,0.045592779417338865,0.08528147185804699,0.019856198579616548,0.043450785220109193,0.00014130325226090407,7,108,0.042994734005033036,0.06024585504283499,False,False,True,8.034187618521794e-07,COMPLETE
55,0.3455421447753907,2025-04-03 21:11:14.414549,2025-04-03 21:11:26.135787,0 days 00:00:11.721238,0.639766404270821,0.8679042814628691,2,0.003824149721919197,0.24170085121258733,0.03969710232626586,0.0954246371112763,0.06623113603620477,0.03664899869957808,0.0006520352924960472,11,118,0.03092802692856988,0.07068673136272495,False,False,True,3.4151892377574585e-06,COMPLETE
