number,value,datetime_start,datetime_complete,duration,params_alpha-eval,params_alpha-train,params_batch-size,params_eps-eval,params_eps-train,params_lambda-actions-eval,params_lambda-actions-train,params_lambda-frames-eval,params_lambda-frames-train,params_learning-rate,params_n-epochs,params_n-frames,params_radius-gw,params_rho,params_std-feats,params_ub-actions,params_ub-frames,params_weight-decay,state
1232,0.5494516730308533,2025-04-04 01:33:42.365370,2025-04-04 01:33:49.356000,0 days 00:00:06.990630,0.06017465197211834,0.2643997421799898,8,0.017403357320297057,0.2861019752005963,0.05808568453741212,0.09600450731610291,0.05234607407375487,0.0356874138561325,0.00045752404063366197,7,150,0.04765874158150766,0.009750696492814626,True,False,False,0.0001840274909086418,COMPLETE
1233,0.5586800575256348,2025-04-04 01:33:49.747920,2025-04-04 01:33:56.492380,0 days 00:00:06.744460,0.09039964470242187,0.24255634204294918,8,0.009868297160224446,0.27415169004505274,0.05462181135430895,0.09354227327729268,0.05507233020012784,0.0325633297015011,0.000710053645620917,6,145,0.03589570700124203,0.006454254203718661,True,False,False,0.0008506990199078336,COMPLETE
1234,0.5460773587226868,2025-04-04 01:33:56.901734,2025-04-04 01:34:03.606634,0 days 00:00:06.704900,0.03937177613891009,0.21162642195946962,8,0.024651135630290893,0.2934518937027178,0.05269157190657555,0.09186939389109718,0.05393987215535555,0.048325693209792714,0.0010497692198465686,5,147,0.03801341342323752,0.01671642412427308,True,False,False,0.00034348706919991263,COMPLETE
1235,0.5620315194129945,2025-04-04 01:34:04.003598,2025-04-04 01:34:10.995660,0 days 00:00:06.992062,0.07051553536196684,0.22876247045611384,8,0.0150978351330862,0.29997797830890566,0.06427358528178746,0.09007449008345841,0.037585350106230195,0.04538695558665021,0.0005521676408983669,7,150,0.03393779812076986,0.006496524022126259,True,False,False,0.00047810257420562424,COMPLETE
1236,0.555410623550415,2025-04-04 01:34:11.394467,2025-04-04 01:34:18.361586,0 days 00:00:06.967119,0.02574181128217546,0.21198051316525637,8,0.027001569231611337,0.29973568426495495,0.06177726149003948,0.0946207866744734,0.039405086376539104,0.046625791323820574,0.0003766977933867055,7,150,0.03159024029095558,0.006531465961621635,True,False,False,0.000583979582046977,COMPLETE
1237,0.5091245293617248,2025-04-04 01:34:18.761926,2025-04-04 01:34:25.771883,0 days 00:00:07.009957,0.8637161467191965,0.2260937283946908,8,0.021557386940226696,0.29947748670922125,0.06563770553116113,0.09032081640104168,0.04949627789093666,0.046372277489417316,0.0005207360429326924,7,150,0.04108709886801542,0.0059679293799277805,True,False,False,0.0004972908065113613,COMPLETE
1238,0.5607603549957275,2025-04-04 01:34:26.172249,2025-04-04 01:34:33.160712,0 days 00:00:06.988463,0.04892507357951263,0.20291496985333982,8,0.018009292250508083,0.29302575535681125,0.05960269928170857,0.09259450231947337,0.03227452629879939,0.04956274913547694,0.0007516869557486319,7,147,0.0361617656366969,0.0010493343559132128,True,False,False,0.000712692080456416,COMPLETE
1239,0.29631375670433047,2025-04-04 01:34:33.558653,2025-04-04 01:34:40.064289,0 days 00:00:06.505636,0.06427282499890946,0.23067403693523428,8,0.025362284250017703,0.2951643394646435,0.06371688723029477,0.0902268581225099,0.05154307834298437,0.04471786333398413,0.0009121596003958411,7,150,0.033777834132067516,0.0111774540717916,True,True,False,0.0004535999574568235,COMPLETE
1240,0.38099321722984314,2025-04-04 01:34:40.461954,2025-04-04 01:34:47.553397,0 days 00:00:07.091443,0.04240672417672615,0.20758230675282174,8,0.2898823883113668,0.29994850769116294,0.06410603101850895,0.09626477465556561,0.042951142531132414,0.046063950315257916,0.0006197053411988086,7,145,0.08029802312055698,0.006193703445488949,True,False,False,0.000632006535980041,COMPLETE
1241,0.5528884172439575,2025-04-04 01:34:47.954254,2025-04-04 01:34:54.755744,0 days 00:00:06.801490,0.08977065776820828,0.2522291285674454,8,0.015652102792475166,0.2940019639037411,0.0647597309407244,0.09330774857147989,0.03569553810860111,0.04431317630492674,0.00046356037102514264,6,147,0.03911674442707039,0.011367705526786988,True,False,False,0.00042635141618657793,COMPLETE
1242,0.5607603549957275,2025-04-04 01:34:55.153629,2025-04-04 01:35:02.038594,0 days 00:00:06.884965,0.06564733711463805,0.21417054962195362,8,0.02007896908165668,0.2999123279291124,0.06253994595622936,0.09183743806942066,0.0525968542344272,0.04290033401431916,0.000665781932557595,6,143,0.029407882918818302,0.02129597654386324,True,False,False,0.0005675182555635336,COMPLETE
1243,0.3483119606971741,2025-04-04 01:35:02.438835,2025-04-04 01:35:09.023187,0 days 00:00:06.584352,0.02931315020014002,0.2329650364198293,8,0.015111824745658923,0.2898143261128692,0.06710641843397243,0.09457761586283873,0.04775789793740924,0.04771169428437342,0.0008597272962436188,7,150,0.037048476168066766,0.0013521893264907088,True,False,True,0.00039416830316902273,COMPLETE
1244,0.5568696975708008,2025-04-04 01:35:09.425213,2025-04-04 01:35:16.045250,0 days 00:00:06.620037,0.04997293655533117,0.27025438522895434,8,0.010577150731974252,0.2941356505865591,0.06873034652113442,0.09979357384535227,0.03820027290700007,0.041726261366009584,0.0005403214106976662,5,145,0.03250007372524231,0.015556465727401082,True,False,False,0.0008382037093573052,COMPLETE
1245,0.545051121711731,2025-04-04 01:35:16.442407,2025-04-04 01:35:23.252869,0 days 00:00:06.810462,0.09341364503069256,0.19730396652493754,8,0.027141226838559594,0.28956696040583857,0.06311423459010004,0.0896055870715714,0.0372113825339719,0.044851583979825776,0.0011268755140102136,6,148,0.034991588591023436,0.007585084574417131,True,False,False,0.0009984488409984886,COMPLETE
1246,0.36177943348884584,2025-04-04 01:35:23.653390,2025-04-04 01:35:30.515045,0 days 00:00:06.861655,0.07101083389389215,0.22606944200613044,8,0.005504263906761636,0.294576390233873,0.06591125287083077,0.0977131616303706,0.035308626117733964,0.04166367456049843,0.0007430128409465545,7,150,0.039722446216748475,0.02869270210636542,False,False,False,0.00033052196939569074,COMPLETE
1247,0.5579045295715332,2025-04-04 01:35:30.913941,2025-04-04 01:35:37.869670,0 days 00:00:06.955729,0.025041326434170896,0.25316274896844515,8,0.0123941464433969,0.2878376050944442,0.05651124079120079,0.0909768711719657,0.050003624847609104,0.02273529341605064,0.00036830222225749386,7,143,0.03137252337537477,0.010333767116053508,True,False,False,0.0005193857804685442,COMPLETE
1248,0.5583096623420716,2025-04-04 01:35:38.272313,2025-04-04 01:35:45.070458,0 days 00:00:06.798145,0.04190158066260887,0.1961627187329166,8,0.0204835226018504,0.29542400890984855,0.060043905137012674,0.0932805988064496,0.05450514824586286,0.048498129828308416,0.00043724777709984577,6,147,0.03517401510499999,0.0207276747556377,True,False,False,0.00043083078941543124,COMPLETE
1249,0.5547917127609253,2025-04-04 01:35:45.471635,2025-04-04 01:35:52.101624,0 days 00:00:06.629989,0.08003777876658906,0.2881771888870487,8,0.006007788817371218,0.2884694941430913,0.061138853033488615,0.09564570991119464,0.035667814492633496,0.043031852723796435,0.0005769054190166318,5,145,0.03762852296593609,0.005947199287906318,True,False,False,0.0006656986895982997,COMPLETE
1250,0.4522981703281403,2025-04-04 01:35:52.500824,2025-04-04 01:35:59.232872,0 days 00:00:06.732048,0.06486687145589105,0.23474428060904415,8,0.01425415490427031,0.2999435833007385,0.06425632980296878,0.08987835263669093,0.054921383571942824,0.024696225185275887,0.0006757995652596626,6,53,0.04381575513762325,0.015028618518221196,True,False,False,0.0003350459409477146,COMPLETE
1251,0.5539417266845703,2025-04-04 01:35:59.631610,2025-04-04 01:36:06.641096,0 days 00:00:07.009486,0.04735102075155159,0.3119029575640737,8,0.01924205186524463,0.28529522749304287,0.0581262545393979,0.09226126948782067,0.042402480635121226,0.04082941884536827,0.0009087884122173653,7,148,0.033137195983013526,0.005660922887642686,True,False,False,0.0004707116903538573,COMPLETE
1252,0.5595184922218324,2025-04-04 01:36:07.040899,2025-04-04 01:36:13.630784,0 days 00:00:06.589885,0.02392910430834877,0.26089566459777624,8,0.01033285191355729,0.2903183406387179,0.06980997753599191,0.09490718481986345,0.056590742778732786,0.049182236807394364,0.0005202014885109733,5,142,0.0359079049557852,0.0011849605700024312,True,False,False,0.00030123386998266553,COMPLETE
1253,0.5578378915786744,2025-04-04 01:36:14.038552,2025-04-04 01:36:20.831739,0 days 00:00:06.793187,0.012279317234247633,0.21457632946944713,8,0.004967562541512117,0.2999490423987127,0.0626726285244196,0.09024808197955024,0.025306940728935443,0.046042818494934835,0.0007668834032808587,6,150,0.03396715021224005,0.012473851501449479,True,False,False,0.0003681619542737531,COMPLETE
1254,0.5289158701896668,2025-04-04 01:36:21.234113,2025-04-04 01:36:28.280802,0 days 00:00:07.046689,0.7589966794096612,0.18994228386931902,8,0.027062203769290128,0.2813713395890289,0.06793047821318013,0.09221489633568787,0.031750773400196754,0.041671254920509396,0.0006209063717386953,7,145,0.037762988661174786,0.023121762276142224,True,False,False,0.0005531174776757967,COMPLETE
1255,0.5527616262435914,2025-04-04 01:36:28.702381,2025-04-04 01:36:35.313108,0 days 00:00:06.610727,0.09952745515427334,0.22877207526211824,8,0.014136084688570754,0.2937613080086997,0.0561075097732704,0.09436036454908592,0.040398886243900575,0.04385460019350607,0.0004615829072177306,5,147,0.0415818333357554,0.016514580824920706,True,False,False,0.000416590358344357,COMPLETE
1256,0.29631375670433047,2025-04-04 01:36:35.726753,2025-04-04 01:36:42.444018,0 days 00:00:06.717265,0.06132574656128451,0.2531822829316461,8,0.0003318881131076871,0.2851428107174532,0.06577033625181815,0.09718147556513188,0.010857716517360165,0.04418307181536333,0.0009786642066848881,6,150,0.03091484029326737,0.010608633275039355,True,False,False,0.0007367950013862354,COMPLETE
1257,0.5520755290985108,2025-04-04 01:36:42.846258,2025-04-04 01:36:49.910613,0 days 00:00:07.064355,0.08103031107726753,0.28093290517725983,8,0.020385732593922106,0.2901916448217372,0.060977131132476076,0.08920939970616773,0.051921465930698386,0.036923161832490704,0.0007578705812727484,7,142,0.03633607931538759,0.0072555127699913576,True,False,False,0.00027079217011755633,COMPLETE
1258,0.5559625983238221,2025-04-04 01:36:50.318265,2025-04-04 01:36:56.691477,0 days 00:00:06.373212,0.03911647843850699,0.20876170943130487,16,0.007448681393823691,0.2803170611602627,0.05194875068018656,0.09148867672532796,0.046101871734176875,0.041941317780837935,0.0005851392131779606,6,147,0.03956409718550331,0.028178217899178296,True,False,False,0.00021568879581782807,COMPLETE
1259,0.29631375670433047,2025-04-04 01:36:57.097271,2025-04-04 01:37:03.322635,0 days 00:00:06.225364,0.09513359631387241,0.2409330551319182,8,0.014603084528319288,0.2941412712925951,0.05455891812763434,0.09354737697360269,0.05723327924836029,0.04077477967109726,0.0012535800302974015,5,112,0.03399477866328534,0.0011680206250449694,True,True,False,0.0005292358243440167,COMPLETE
1260,0.5579045295715332,2025-04-04 01:37:03.729317,2025-04-04 01:37:10.774135,0 days 00:00:07.044818,0.06145726026983038,0.18700971504689182,8,0.009821031385383285,0.2850968617707567,0.05838193067767479,0.08905633482881317,0.054118371322250135,0.026937200525240873,0.0003620007801875005,7,145,0.032756840686654694,0.01819184983174501,True,False,False,0.00034571299226740976,COMPLETE
1261,0.5603498339653016,2025-04-04 01:37:11.179027,2025-04-04 01:37:18.063817,0 days 00:00:06.884790,0.010428872257795686,0.21857925619412089,8,0.022428791690532406,0.2748485248768539,0.05765059680301334,0.09629838942444877,0.05165322407276559,0.04678138121253275,0.000504690982097174,6,150,0.035797614358715306,0.011063693969371131,True,False,False,0.00042651263971619623,COMPLETE
1262,0.3537027895450592,2025-04-04 01:37:18.470042,2025-04-04 01:37:24.781611,0 days 00:00:06.311569,0.6562760280480693,0.26511802691969105,8,0.005653473187431045,0.29454659799752697,0.06358702798398592,0.09135045512575048,0.05682020135413729,0.03686652415441076,0.0018413698782931522,5,147,0.02970127973958321,0.006659463388545828,True,False,True,0.0002836308752662299,COMPLETE
1263,0.5584921836853027,2025-04-04 01:37:25.183372,2025-04-04 01:37:32.365666,0 days 00:00:07.182294,0.04545793502638863,0.2413605717604567,8,0.01551306084528241,0.2999591365570878,0.05575441985043658,0.08899320638351127,0.05437969747780169,0.04455821996729612,0.0006701269408279628,8,144,0.03920621875037652,0.021637920069334415,True,False,False,0.0005879069599974246,COMPLETE
1264,0.555680513381958,2025-04-04 01:37:32.776005,2025-04-04 01:37:39.772177,0 days 00:00:06.996172,0.07556064344536373,0.19558200309984036,8,0.00984714966789461,0.28900748308331553,0.06673008310626222,0.0934817577569738,0.04982944297482648,0.04064857973562364,0.000825432169913457,7,150,0.037395127222297334,0.01515797647429746,True,False,False,0.0003464027152224401,COMPLETE
1265,0.4032034754753113,2025-04-04 01:37:40.174825,2025-04-04 01:37:46.960167,0 days 00:00:06.785342,0.031429743009923905,0.22118181645175758,8,0.02701763452465459,0.280048580182942,0.06068677851382915,0.098193922947369,0.05815865693355432,0.02532343209564057,0.00043618461550229285,6,147,0.03187968515938278,0.010774249940534511,False,False,False,0.0002463663105725413,COMPLETE
1266,0.29631375670433047,2025-04-04 01:37:47.369922,2025-04-04 01:37:54.053715,0 days 00:00:06.683793,0.10365512091039054,0.23809470260313675,8,0.00010034643608709468,0.28938532746504325,0.05035900381789214,0.09004919658251082,0.052435244349694696,0.0427040040595663,0.0006231128354676058,6,142,0.03464606547578267,0.0059537478148629945,True,False,False,0.0004830660018617362,COMPLETE
1267,0.45037743449211126,2025-04-04 01:37:54.457753,2025-04-04 01:38:01.530727,0 days 00:00:07.072974,0.0533335271524579,0.2048836083264884,8,0.2183900432699954,0.2851424566082618,0.059443359433878476,0.09567841388135231,0.033446937148189755,0.028446769137260127,0.0009647869050424016,7,145,0.037511715628455296,0.0010903836775891461,True,False,False,0.0007512170753226614,COMPLETE
1268,0.3943137586116791,2025-04-04 01:38:01.938950,2025-04-04 01:38:08.717086,0 days 00:00:06.778136,0.0782683044239847,0.1820245987813915,8,0.09663311046871442,0.29295251551872614,0.05347539639751487,0.09169083950401702,0.03798683896254221,0.03559903883991446,0.027771332038867027,5,150,0.03459700650457254,0.017459748148370147,True,False,False,0.0003905865501825647,COMPLETE
1269,0.5583600521087647,2025-04-04 01:38:09.119553,2025-04-04 01:38:16.034304,0 days 00:00:06.914751,0.05883599790866761,0.2907093148941263,8,0.017883816472139918,0.2784821980203469,0.056863921843972036,0.09380881050505745,0.00254731132645767,0.049504130414727295,0.0007167169823458116,6,147,0.04138186160550571,0.026240004036549948,True,False,False,0.0002016866350232584,COMPLETE
1270,0.35613009929656986,2025-04-04 01:38:16.440074,2025-04-04 01:38:23.377184,0 days 00:00:06.937110,0.027514107794170534,0.2650252757806478,8,0.005411421520928576,0.2947568552964938,0.06232114105065994,0.08877653858517162,0.05468985996117351,0.0398517079729202,0.0004887376181698563,7,38,0.03268617608226121,0.011847959923075746,True,False,False,0.00031517472979645524,COMPLETE
1271,0.5601313710212708,2025-04-04 01:38:23.803283,2025-04-04 01:38:31.070003,0 days 00:00:07.266720,0.08344349375550368,0.22346620576386905,8,0.012072171303420424,0.28587315681664915,0.0643316923512529,0.09709928653956941,0.05666437300478221,0.031041888547513267,0.0005332857491369242,8,142,0.03679475968724972,0.006480804330259677,True,False,False,0.0006420836311546092,COMPLETE
1272,0.5595184922218324,2025-04-04 01:38:31.484469,2025-04-04 01:38:38.110936,0 days 00:00:06.626467,0.041631570529136935,0.24973287787065582,8,0.019635623250938705,0.29491475959565183,0.06640647270770238,0.09198861606800757,0.059912915794341326,0.022648068248480178,0.0008412483828745444,5,148,0.03518680658249286,0.020718244792473958,True,False,False,0.00047501938068274745,COMPLETE
1273,0.322962498664856,2025-04-04 01:38:38.525653,2025-04-04 01:38:45.234694,0 days 00:00:06.709041,0.7356027333926569,0.19888117236980662,8,0.000293328663078218,0.2808031256710962,0.07094297704645967,0.09037946323188728,0.04948896596551764,0.04523200632729101,0.0006238733020519278,6,145,0.029492798020980877,0.0010980690581617741,True,False,False,0.0002835146081916802,COMPLETE
1274,0.43839966058731084,2025-04-04 01:38:45.647868,2025-04-04 01:38:52.708972,0 days 00:00:07.061104,0.09969244511992736,0.1815028142013312,8,0.2295740565811456,0.27517875008060844,0.0577774219407925,0.09510589080933528,0.027225621283772622,0.03743969407277815,0.0011230218000050666,7,150,0.03904401386917341,0.015717425115771712,True,False,False,0.00015818004279858825,COMPLETE
1275,0.558129072189331,2025-04-04 01:38:53.120755,2025-04-04 01:38:59.978070,0 days 00:00:06.857315,0.062227142859490395,0.22131416564015383,8,0.009622004843476513,0.28940146001858297,0.0560633276689022,0.0997512281096887,0.05323497411003881,0.04188248941879169,0.0007236716154546617,6,147,0.03173526235679143,0.010403471926775982,True,False,False,0.00041023732433240065,COMPLETE
1276,0.5557992815971375,2025-04-04 01:39:00.399104,2025-04-04 01:39:07.058493,0 days 00:00:06.659389,0.011816417499903094,0.24246582632228342,8,0.01478347736447062,0.29523282392778544,0.06878043966162854,0.09293799554610334,0.057987644453110616,0.03488809342247522,0.0003755633516708039,5,142,0.03411401834902759,0.0061921882180750055,True,False,False,0.00023269161988769717,COMPLETE
1277,0.29631375670433047,2025-04-04 01:39:07.469440,2025-04-04 01:39:13.845608,0 days 00:00:06.376168,0.0425981124709984,0.27579380062808395,8,0.005601962652802147,0.2855012894281346,0.05129038025644934,0.08892845176324535,0.0555112969736339,0.03930067861199964,0.0005684298464843062,6,148,0.03683613964781029,0.016292409662273466,True,True,False,0.0005700032354320131,COMPLETE
1278,0.5530527472496033,2025-04-04 01:39:14.255307,2025-04-04 01:39:21.257540,0 days 00:00:07.002233,0.07333669751150805,0.20474156788194295,8,0.024378976732442267,0.2996880650825965,0.06101769315625977,0.09071083619870585,0.05102193545085319,0.04312910722830557,0.0008775114651976123,7,145,0.040133310655230306,0.024477943893747106,True,False,False,0.00034507534388498513,COMPLETE
1279,0.3669385015964508,2025-04-04 01:39:21.668554,2025-04-04 01:39:28.419852,0 days 00:00:06.751298,0.09284285984737209,0.3049332989862112,8,0.01286705479013439,0.28811775960133246,0.06502600400083229,0.0952880557081334,0.06017708087797163,0.036711284544798654,0.00043856449446745213,8,150,0.03557518049185595,0.01043561748992669,True,False,True,0.0008623623637741626,COMPLETE
1280,0.5568065047264099,2025-04-04 01:39:28.829331,2025-04-04 01:39:35.064696,0 days 00:00:06.235365,0.05340318466165656,0.2580927738230652,16,0.006112025769592197,0.28088688982797,0.05316538424624498,0.08862392764279763,0.047196668245925534,0.04684831749478498,0.0006454972124617358,5,145,0.038127709311789784,0.0011766800268806134,True,False,False,0.00028435838909625306,COMPLETE
1281,0.5561838030815125,2025-04-04 01:39:35.474012,2025-04-04 01:39:42.265726,0 days 00:00:06.791714,0.02564499211147695,0.2322387782722091,8,0.018901933005764086,0.273631643648991,0.05452467162133674,0.09236553240868278,0.05631651871807768,0.040420852778797714,0.0007384324159676405,6,150,0.03274505363907725,0.015770865982624192,True,False,False,0.0004726761317135906,COMPLETE
1282,0.29631375670433047,2025-04-04 01:39:42.675738,2025-04-04 01:39:49.567097,0 days 00:00:06.891359,0.07389586271243048,0.17740330165914725,8,0.0001734700689613915,0.29418232171918984,0.05758940179833595,0.09829126673014076,0.05886298445105299,0.02491916691120848,0.0005312367102351408,7,142,0.042896116482420324,0.028715235724591413,True,False,False,0.000208399682703043,COMPLETE
1283,0.5528947114944458,2025-04-04 01:39:49.977767,2025-04-04 01:39:56.783035,0 days 00:00:06.805268,0.10706347697752634,0.21528923130749064,8,0.009017669939088303,0.29968723975381256,0.05969445878997955,0.09386995915410942,0.05285300990239658,0.02841757936832642,0.0009874110695698443,6,147,0.03370371840109908,0.006559905771971917,True,False,False,0.00037657810883386865,COMPLETE
1284,0.37241804599761963,2025-04-04 01:39:57.213890,2025-04-04 01:40:04.142983,0 days 00:00:06.929093,0.010496300336988881,0.2437423791626206,8,0.0162329880759157,0.2900877209141786,0.06783216665378657,0.08842588591658694,0.030021278649865972,0.03102775723486882,0.000825267167267016,7,145,0.03107503644430124,0.021143766869802336,False,False,False,0.0006491453356392701,COMPLETE
1285,0.558908224105835,2025-04-04 01:40:04.558099,2025-04-04 01:40:11.165694,0 days 00:00:06.607595,0.040950198263317146,0.276113604396206,8,0.02645237461206838,0.28370226316351654,0.07329681362322815,0.09642869098577495,0.055039864746042125,0.044303920037609315,0.0005999815384698406,5,150,0.035259675590260074,0.001026285771289024,True,False,False,0.0003070342283964599,COMPLETE
1286,0.5557075500488282,2025-04-04 01:40:11.582503,2025-04-04 01:40:18.430619,0 days 00:00:06.848116,0.052834623956662365,0.7744617898049462,8,0.011039558618171755,0.29138569464943787,0.06304221159149027,0.09034751525868509,0.057343879310822146,0.03767956126816822,0.000434627081290722,6,147,0.03792506165106753,0.011884000223281309,True,False,False,0.00011397151869849633,COMPLETE
1287,0.5607603549957275,2025-04-04 01:40:18.846391,2025-04-04 01:40:25.840931,0 days 00:00:06.994540,0.08245521320331173,0.19766504861496698,8,0.006196822738026164,0.27724189845368696,0.05715381443162356,0.09201110949865574,0.050378607579335356,0.040769677434522165,0.0006961840191413287,7,142,0.03621454894872037,0.01209621551143246,True,False,False,0.0005064794104116222,COMPLETE
