number,value,datetime_start,datetime_complete,duration,params_alpha-eval,params_alpha-train,params_batch-size,params_eps-eval,params_eps-train,params_lambda-actions-eval,params_lambda-actions-train,params_lambda-frames-eval,params_lambda-frames-train,params_learning-rate,params_n-epochs,params_n-frames,params_radius-gw,params_rho,params_std-feats,params_ub-actions,params_ub-frames,params_weight-decay,state
1070,0.4039528548717499,2025-04-23 12:19:35.102722,2025-04-23 12:19:47.132241,0 days 00:00:12.029519,0.6270987743957501,0.047346718385218256,2,0.21323975389046637,0.12770205346802865,0.08471150697535189,0.0806877330302314,0.06945148858587144,0.046624967811672836,1.8153333673054536e-05,8,122,0.01920015597797923,0.16759896862007181,True,False,False,2.644441196556083e-07,COMPLETE
1071,0.4699125945568085,2025-04-23 12:19:47.480856,2025-04-23 12:19:54.182963,0 days 00:00:06.702107,0.6911392816878145,0.0767438746647808,16,0.203193872683142,0.09819556941505092,0.039331714909623776,0.017823186338896818,0.07323174637420803,0.0031297319505007816,1.540640997167356e-05,5,141,0.018492298674294125,0.2502642201359617,True,False,False,5.671006251565779e-07,COMPLETE
1072,0.3919606745243073,2025-04-23 12:19:54.530067,2025-04-23 12:20:02.918938,0 days 00:00:08.388871,0.6677022931318659,0.15909824018660185,16,0.19242959124611766,0.11932110696397508,0.09013127790530932,0.022419360379652028,0.06627906032826548,0.04240468869395016,0.0002362041349559199,22,115,0.017355714623058065,0.13946634291549354,False,False,False,7.011936064633082e-07,COMPLETE
1073,0.3023220717906952,2025-04-23 12:20:03.267312,2025-04-23 12:20:11.135503,0 days 00:00:07.868191,0.6288587426162171,0.09797030813951296,16,0.18355743668952046,0.13104428191018075,0.08785130994364328,0.0011553553083220062,0.06726944572032119,0.05067416513717063,1.1882787844971252e-05,21,109,0.042712036693810115,0.16052114663952957,True,True,False,8.936378127535201e-07,COMPLETE
1074,0.42100578546524053,2025-04-23 12:20:11.486296,2025-04-23 12:20:18.706037,0 days 00:00:07.219741,0.6436053037487585,0.1967289698556072,8,0.19887161766945105,0.11277487669615402,0.04946037362225298,0.01948067569450092,0.06212419928190934,0.07557327679807029,1.0058547924557122e-05,6,115,0.0739261550375349,0.1548439675271256,True,False,False,1.3474851639563272e-06,COMPLETE
1075,0.44558553695678715,2025-04-23 12:20:19.059692,2025-04-23 12:20:25.747797,0 days 00:00:06.688105,0.6873620521189345,0.11631070547352575,16,0.19074292401535028,0.14013746479549175,0.09039116060418377,0.016619578649737884,0.058052747611155656,0.09512535271212748,1.9992822469215846e-05,5,91,0.009850100790495406,0.14679841165343804,True,False,False,4.5412511137690346e-07,COMPLETE
1076,0.49871833324432374,2025-04-23 12:20:26.079218,2025-04-23 12:20:32.927798,0 days 00:00:06.848580,0.7218502051493005,0.031508262358484904,16,0.14594496656516054,0.12606470231390882,0.04720711269304868,0.013031873727197916,0.07143844027121186,0.04890276553795818,1.3821952347348075e-05,6,125,0.01513080979142091,0.17395598046902733,True,False,False,5.970091946412854e-07,COMPLETE
1077,0.4189357101917267,2025-04-23 12:20:33.282640,2025-04-23 12:20:40.194143,0 days 00:00:06.911503,0.751931775881459,0.3095775795865993,16,0.14386194300397354,0.12326346273281641,0.04455572758971144,0.008160102394787837,0.07509071608668931,0.04819628573301983,1.5969521594431386e-05,7,102,0.013128921598365352,0.07278699394721604,True,False,False,5.433522432623708e-07,COMPLETE
1078,0.29418442845344545,2025-04-23 12:20:40.542397,2025-04-23 12:20:47.135100,0 days 00:00:06.592703,0.7236663247204989,0.04271244610434919,16,0.14238095737851203,0.12422150212204466,0.04622265016962072,0.011924898255269205,0.07152195273326131,0.04829594856558337,1.4137671634114068e-05,7,125,0.007094164742763407,0.17142379970522928,True,False,True,6.204886512796118e-07,COMPLETE
1079,0.4977630257606507,2025-04-23 12:20:47.484663,2025-04-23 12:20:56.672959,0 days 00:00:09.188296,0.732665693174476,0.024858545395619804,16,0.13463486501625918,0.11602917849906237,0.05107683122635393,0.010222241624330263,0.0725450233906604,0.045408610702523354,1.0033206202862237e-05,28,120,0.015640039891693464,0.1766028332903494,True,False,False,3.1569767762090606e-07,COMPLETE
1080,0.4981531381607056,2025-04-23 12:20:57.021336,2025-04-23 12:21:03.983110,0 days 00:00:06.961774,0.7275302446475895,0.022181140387183874,16,0.14911145775938525,0.12785101091260165,0.042303977702721374,0.011304310463037766,0.0760975653415096,0.0485668077312985,1.2120299462675051e-05,7,122,0.014131058718350447,0.17938467879997227,True,False,False,7.393463910046884e-07,COMPLETE
1081,0.4906266808509827,2025-04-23 12:21:04.336738,2025-04-23 12:21:11.212238,0 days 00:00:06.875500,0.7318326812552052,0.040220957063135804,16,0.14722976305146107,0.10379674987215419,0.038300575225377054,0.00956155605050081,0.07299960718568933,0.049883012177362795,1.220952122164726e-05,7,121,0.011067786195571456,0.1815382468193512,True,False,False,5.86656021318758e-07,COMPLETE
1082,0.4988562345504761,2025-04-23 12:21:11.560277,2025-04-23 12:21:19.135041,0 days 00:00:07.574764,0.7186347412445002,0.045654324613644534,8,0.1311597827144711,0.11114524886231361,0.04013126836183501,0.012712918497319719,0.07729348453842987,0.050204459134536986,1.1543641901244231e-05,8,118,0.012914090768582945,0.1802639085639302,True,False,False,6.864588632675329e-07,COMPLETE
1083,0.4279940307140351,2025-04-23 12:21:19.487199,2025-04-23 12:21:27.121971,0 days 00:00:07.634772,0.7291186131611705,0.011250339362675145,8,0.1375370892036429,0.11771225940983145,0.04030144361675179,0.01082719056472084,0.07605303586589827,0.049120801383485214,1.1352664373189354e-05,8,117,0.008048532626546095,0.20110092356024753,True,False,False,7.451008709985066e-07,COMPLETE
1084,0.5091853260993957,2025-04-23 12:21:27.475072,2025-04-23 12:21:35.115060,0 days 00:00:07.639988,0.7161193107219503,0.02112061212099889,8,0.12716203666652268,0.12576337761138118,0.035658127413838635,0.009410685772383291,0.07812147997899754,0.0473491750640271,1.0087294701212232e-05,8,116,0.01269640675017499,0.19073868518132556,True,False,False,6.342015236659592e-07,COMPLETE
1085,0.4279940307140351,2025-04-23 12:21:35.471278,2025-04-23 12:21:43.378997,0 days 00:00:07.907719,0.715001732262768,0.012800460126090457,8,0.14285200746052829,0.12936236794600647,0.03349252825716681,0.008467589062421094,0.07546677895582053,0.04706208677580232,1.0097355259576179e-05,9,116,0.0050812033198205375,0.19191758031331346,True,False,False,4.667788521526426e-07,COMPLETE
1086,0.5007816076278687,2025-04-23 12:21:43.716927,2025-04-23 12:21:51.502744,0 days 00:00:07.785817,0.7148078934923254,0.029707035523495857,8,0.12741063717676057,0.12412376799584676,0.03126841217818151,0.011296637765775993,0.07804326547723434,0.04816033119941382,1.1535097643499752e-05,9,117,0.00883773046343379,0.18843220332133348,True,False,False,6.007122958504763e-07,COMPLETE
1087,0.49592093229293827,2025-04-23 12:21:51.855501,2025-04-23 12:21:59.717880,0 days 00:00:07.862379,0.7386673366377345,0.02986135299406395,8,0.1373769307343112,0.126744272600668,0.03239756658902133,0.006438383174567898,0.07858895273737343,0.048543771494601214,1.2815461720920827e-05,9,115,0.00876965859865863,0.1882675398284746,True,False,False,6.184513137208115e-07,COMPLETE
1088,0.4218610167503357,2025-04-23 12:22:00.068529,2025-04-23 12:22:07.902544,0 days 00:00:07.834015,0.7063729301951743,0.01729300090629556,8,0.10780924030212079,0.1307073706891483,0.03651211206655631,0.00802256418746305,0.07782931943951123,0.04762883940455397,1.1838688629397784e-05,9,116,0.004444580454714026,0.19914716663442333,True,False,False,5.885744659885363e-07,COMPLETE
1089,0.49751828908920287,2025-04-23 12:22:08.252343,2025-04-23 12:22:15.907408,0 days 00:00:07.655065,0.7225399112304689,0.02526939840567815,8,0.11562830427763834,0.12432543702314293,0.035953009985258175,0.009728322136673614,0.07744836069567732,0.04997766175676256,1.0927946737792352e-05,8,114,0.010850901128637673,0.20782376897541854,True,False,False,7.23948913077074e-07,COMPLETE
1090,0.41984986066818236,2025-04-23 12:22:16.259960,2025-04-23 12:22:24.199812,0 days 00:00:07.939852,0.7466057099235358,0.016341591130210602,8,0.13074671784843905,0.13277335368862989,0.032401069198522196,0.010461647779176898,0.07550687155094621,0.046290888555313436,1.148895946098063e-05,10,110,0.00859772375766642,0.19548661093564246,True,False,False,6.510184920109733e-07,COMPLETE
1091,0.5004650592803955,2025-04-23 12:22:24.554647,2025-04-23 12:22:32.338107,0 days 00:00:07.783460,0.7185806624451143,0.025028154908759776,8,0.12258432466302141,0.12570221559202396,0.02854847806254906,0.007292704674327451,0.07697899843433109,0.04827036848560776,1.0108497137800663e-05,9,112,0.009710609898573355,0.18911672592016926,True,False,False,5.227543712126695e-07,COMPLETE
1092,0.37109678983688354,2025-04-23 12:22:32.690684,2025-04-23 12:22:40.245447,0 days 00:00:07.554763,0.7091347622119224,0.03007887402294576,8,0.1242616102836434,0.1250369695014024,0.03408528116546651,0.007422701386801617,0.07814315674785545,0.04515930959703015,1.1488414849719892e-05,8,111,0.006643007646137717,0.2037778247639625,False,False,False,5.074354649416507e-07,COMPLETE
1093,0.3877458035945892,2025-04-23 12:22:40.601465,2025-04-23 12:22:47.954101,0 days 00:00:07.352636,0.7221676503299649,0.028883221333698923,8,0.11423545964830581,0.12147961696925419,0.027599603339712352,0.00720502652699361,0.07934553400725348,0.04770632922232871,1.0070381361905448e-05,10,113,0.01103863180998478,0.19868575214207138,True,True,False,4.643057617062716e-07,COMPLETE
1094,0.4960680484771729,2025-04-23 12:22:48.308284,2025-04-23 12:22:56.139833,0 days 00:00:07.831549,0.7444008355864514,0.058594930209425036,8,0.12245274356429237,0.1343437310596722,0.030459753367990384,0.004023799738861484,0.0782038607431098,0.04535107576690233,1.1657882843148628e-05,9,108,0.010255551227953595,0.1912246983103596,True,False,False,5.315058965184548e-07,COMPLETE
1095,0.42745129466056825,2025-04-23 12:22:56.496753,2025-04-23 12:23:04.271227,0 days 00:00:07.774474,0.7110398922950003,0.012575660587550892,8,0.12111158008656568,0.12872748758230124,0.029266896485037247,0.009772791556135512,0.07690327416522241,0.050528347677217575,1.0023800210003976e-05,9,112,0.006289098474230248,0.1959568090256157,True,False,False,4.4408227950371456e-07,COMPLETE
1096,0.42692497968673704,2025-04-23 12:23:04.634672,2025-04-23 12:23:12.622983,0 days 00:00:07.988311,0.7004769555112808,0.03343568333697024,8,0.12851055052692176,0.12117065049729787,0.0254532112704115,0.008082902978900314,0.0803807871884196,0.048346538764964926,1.0011422590550768e-05,10,112,0.008138039722197407,0.1929501360332615,True,False,False,5.830624510859341e-07,COMPLETE
1097,0.42111619710922243,2025-04-23 12:23:12.963256,2025-04-23 12:23:20.760736,0 days 00:00:07.797480,0.7217073424985205,0.011255020627420422,8,0.12202932004786446,0.13475807212116367,0.028569282283036568,0.012079112896092373,0.07800924775106546,0.043864349990502455,1.2894220689719023e-05,9,113,0.006149910261573999,0.18780756347866548,True,False,False,6.103523347102934e-07,COMPLETE
1098,0.2945661127567291,2025-04-23 12:23:21.116710,2025-04-23 12:23:28.225003,0 days 00:00:07.108293,0.7362752718602023,0.032226756692607744,8,0.11366270561182704,0.11682717734100348,0.03159469616802396,0.00662505079407306,0.07640066074343363,0.09950864478761423,1.3465765509329126e-05,8,117,0.010313240917043423,0.2064036575152077,True,False,True,4.207301184636344e-07,COMPLETE
1099,0.42512941956520084,2025-04-23 12:23:28.579846,2025-04-23 12:23:36.564827,0 days 00:00:07.984981,0.7005466052544189,0.03638053701038327,8,0.10419899769493374,0.12490042203760399,0.03589148868880547,0.005505098629307098,0.07518803438245884,0.050562501860304684,1.0027019814165263e-05,10,107,0.009326829105794777,0.19438199255972172,True,False,False,5.159878944373797e-07,COMPLETE
1100,0.4253119766712189,2025-04-23 12:23:36.917410,2025-04-23 12:23:44.765937,0 days 00:00:07.848527,0.7421481521785692,0.03317516856916213,8,0.12033382073713574,0.13131520104539018,0.02714554738272754,0.012770852145280353,0.07938157905272644,0.046118548315269806,1.1850926402743565e-05,9,115,0.0071906042329354745,0.18572903408222685,True,False,False,7.401572484655582e-07,COMPLETE
1101,0.4670018196105957,2025-04-23 12:23:45.120828,2025-04-23 12:23:52.916901,0 days 00:00:07.796073,0.7109261857962733,0.010298627007028766,8,0.12705525455803132,0.12238851967676762,0.027303862161158675,0.00931743614776179,0.07663389017623387,0.048883254790123204,1.251708860696966e-05,9,112,0.011414955531978493,0.19254452836293284,True,False,False,4.052648774632982e-07,COMPLETE
1102,0.517000925540924,2025-04-23 12:23:53.270794,2025-04-23 12:24:00.846824,0 days 00:00:07.576030,0.7513704092136976,0.01253092202215763,8,0.12887832560081128,0.115311859362971,0.036749356917852576,0.009499217811517836,0.07922670827888426,0.04715315876612553,1.0128403425532523e-05,8,116,0.009592139435551466,0.18591924006034036,True,False,False,6.18377013736585e-07,COMPLETE
1103,0.42858288884162904,2025-04-23 12:24:01.201567,2025-04-23 12:24:09.029302,0 days 00:00:07.827735,0.7302290267928595,0.010582029447879098,8,0.12761165125333168,0.11358330505342146,0.036263783439049305,0.007904589590722953,0.07822561240186475,0.04395134879189974,1.0046389545371105e-05,9,110,0.00819724385242715,0.20041126680185872,True,False,False,8.046124935879749e-07,COMPLETE
1104,0.4279940307140351,2025-04-23 12:24:09.385374,2025-04-23 12:24:17.188347,0 days 00:00:07.802973,0.7558196850406805,0.010274185897920252,8,0.1178005629677121,0.1161600220595239,0.030974304080500014,0.010017049046210029,0.07717411027655334,0.09732709676390787,1.1740608303586555e-05,9,116,0.006701564752387588,0.18692135771486257,True,False,False,4.919419037641627e-07,COMPLETE
1105,0.42745129466056825,2025-04-23 12:24:17.546627,2025-04-23 12:24:25.217682,0 days 00:00:07.671055,0.755642114568137,0.040859340994863255,8,0.13057196958915546,0.1131682733222672,0.03546279660364506,0.004273663952671429,0.08024072102254017,0.045252680993678435,1.2099846602293912e-05,8,114,0.0025405624776688946,0.20038339490033819,True,False,False,6.108787895987766e-07,COMPLETE
1106,0.5013412952423096,2025-04-23 12:24:25.575784,2025-04-23 12:24:33.199507,0 days 00:00:07.623723,0.7364336069440824,0.034289963293799054,8,0.11692103161918177,0.11233013575426772,0.032191658274432565,0.009092828703806462,0.07753446894891326,0.04698509557702555,1.1445482895854857e-05,8,119,0.011245786744267447,0.20533636274085484,True,False,False,4.1717240851346525e-07,COMPLETE
1107,0.4279293179512024,2025-04-23 12:24:33.557013,2025-04-23 12:24:41.212265,0 days 00:00:07.655252,0.7523136212768741,0.030016414003804663,8,0.11479746089780113,0.1128235302048775,0.033759550685162246,0.00942953587704129,0.08056558981658854,0.042433634778401834,1.1548294487488841e-05,8,118,0.00811498618346738,0.19239010719584357,True,False,False,3.7881675039927224e-07,COMPLETE
1108,0.5078310251235962,2025-04-23 12:24:41.573388,2025-04-23 12:24:49.173958,0 days 00:00:07.600570,0.7339204924676315,0.01269946575282678,8,0.12304986303531683,0.10761345714360537,0.03773399845732424,0.005022655125941725,0.08012365018060444,0.0465440600700015,1.0073021375526544e-05,8,117,0.009558765383982336,0.20662169623448595,True,False,False,4.196178182083603e-07,COMPLETE
1109,0.42803986072540284,2025-04-23 12:24:49.536619,2025-04-23 12:24:57.205664,0 days 00:00:07.669045,0.7404344869851214,0.010065578167644681,8,0.12457968722775188,0.10756367412350186,0.03290273110368031,0.004914145508148704,0.08000220036067533,0.04343691192626386,1.172661215824773e-05,8,115,0.006950302564212822,0.21083880924782342,True,False,False,4.77504303949148e-07,COMPLETE
1110,0.4260444939136505,2025-04-23 12:24:57.547716,2025-04-23 12:25:05.415365,0 days 00:00:07.867649,0.7547768710082273,0.04683103333688136,8,0.11719169053580875,0.10882957448208998,0.033460961034918114,0.006974124717392692,0.07942243547526948,0.04504642190027736,1.0237044891132368e-05,9,118,0.00411721315925893,0.21638372157629027,True,False,False,4.797805640649879e-07,COMPLETE
1111,0.4954517960548401,2025-04-23 12:25:05.773873,2025-04-23 12:25:13.387284,0 days 00:00:07.613411,0.7216893241202577,0.01005144788730232,8,0.10957163024994648,0.09725619477009567,0.037868818079238205,0.003321542146961236,0.08111215312576904,0.041425792773919244,1.0019326821966681e-05,8,118,0.009450096878819857,0.2120889911609807,True,False,False,3.211582139071577e-07,COMPLETE
1112,0.37100389003753664,2025-04-23 12:25:13.746766,2025-04-23 12:25:21.440573,0 days 00:00:07.693807,0.7400806151633634,0.03040917597407042,8,0.11990270242969205,0.10265394980500625,0.038036576391567774,0.007184630918790289,0.07743058900786542,0.046689041368485854,1.0374791383827713e-05,9,112,0.005255664416875908,0.2083279727327562,False,False,False,3.8962732260818644e-07,COMPLETE
1113,0.2896755516529083,2025-04-23 12:25:21.802502,2025-04-23 12:25:28.917926,0 days 00:00:07.115424,0.7245599575131552,0.03765869473701087,8,0.1264512713906254,0.10947590791635216,0.030826458646467967,0.004648212862393465,0.0793941186089483,0.04473101449393802,1.030050786535315e-05,8,116,0.009739524821398225,0.22645477261984986,True,True,False,5.968000199905065e-07,COMPLETE
1114,0.4967777848243714,2025-04-23 12:25:29.276277,2025-04-23 12:25:37.227263,0 days 00:00:07.950986,0.7589271590083825,0.029327925896904288,8,0.11184040694136554,0.10409571538792406,0.03560327235642706,0.006136593129922273,0.08162969690078328,0.045274024932432,1.0001004744023699e-05,10,118,0.009715154796657454,0.20754784763407755,True,False,False,7.576722703764584e-07,COMPLETE
1115,0.42803986072540284,2025-04-23 12:25:37.587680,2025-04-23 12:25:45.198255,0 days 00:00:07.610575,0.7639138907298285,0.04510809190535188,8,0.1023516590936217,0.11023573114098983,0.03798811986445766,0.00843096989825354,0.07732412480310238,0.04697211137839455,1.1596308228887631e-05,8,114,0.008290719339581797,0.20505360002508927,True,False,False,4.7599516267408655e-07,COMPLETE
1116,0.42745129466056825,2025-04-23 12:25:45.557296,2025-04-23 12:25:53.190383,0 days 00:00:07.633087,0.7171951293472291,0.011324500371243627,8,0.1324746445726712,0.10942838076049963,0.03451112060097047,0.00637269844662081,0.07580847012608734,0.042501854859702926,1.2965544652511872e-05,8,110,0.005595810490989759,0.1995751653838328,True,False,False,6.010193746782803e-07,COMPLETE
1117,0.49696695804595953,2025-04-23 12:25:53.555274,2025-04-23 12:26:01.242243,0 days 00:00:07.686969,0.7403052331934034,0.02893651083271552,8,0.1255437287854225,0.11493975970491091,0.029278274954131916,0.005347368900262693,0.07951434077307434,0.0470912513637339,1.0136860512459106e-05,8,119,0.008746317867847027,0.21559899728376694,True,False,False,4.041094547384189e-07,COMPLETE
1118,0.29507442712783816,2025-04-23 12:26:01.601005,2025-04-23 12:26:08.882139,0 days 00:00:07.281134,0.7023254407772358,0.04742941531917058,8,0.12135583890595439,0.10889687789031183,0.0313150383131413,0.009520952733260205,0.0783992259648266,0.04707294932056104,1.240562830029267e-05,9,117,0.010960290766432202,0.1971362760722023,True,False,True,7.770707819946219e-07,COMPLETE
1119,0.422179114818573,2025-04-23 12:26:09.247946,2025-04-23 12:26:16.901455,0 days 00:00:07.653509,0.7179007293293262,0.04988095406699608,8,0.13065601957879674,0.11637108081299088,0.024591062299362528,0.011950928888540914,0.08150029285485554,0.04053456201895337,1.2720103751252706e-05,8,105,0.00864522023808377,0.20525573368023778,True,False,False,5.44351346860527e-07,COMPLETE
1120,0.43060608506202697,2025-04-23 12:26:17.264683,2025-04-23 12:26:25.077355,0 days 00:00:07.812672,0.7346636006399981,0.026964563685249597,8,0.1119186476343533,0.09828513418388952,0.03701354411185576,0.002794572729501037,0.0747697735824553,0.04403647461748662,1.1668295721722486e-05,9,120,0.003238016289716765,0.19551170734146933,True,False,False,3.0579395851603984e-07,COMPLETE
1121,0.5013163805007934,2025-04-23 12:26:25.442218,2025-04-23 12:26:33.110282,0 days 00:00:07.668064,0.7701067340483936,0.03773150484276047,8,0.1221651503477107,0.11430353702869175,0.03884093852570651,0.009275349981891438,0.07681577189884527,0.045922935287455724,1.0224269916015766e-05,8,113,0.011506573609931979,0.1913119854726418,True,False,False,6.973460433387639e-07,COMPLETE
1122,0.4314371526241303,2025-04-23 12:26:33.475293,2025-04-23 12:26:41.255183,0 days 00:00:07.779890,0.7548358919697776,0.0341447168414421,8,0.11698321249366017,0.10262467176758577,0.03738144807721608,0.00930144048735975,0.07644353270018671,0.047168898495589,1.015285664576038e-05,9,109,0.007206584971371107,0.1919549465130506,True,False,False,8.345909251662517e-07,COMPLETE
1123,0.4992647409439087,2025-04-23 12:26:41.618965,2025-04-23 12:26:49.237009,0 days 00:00:07.618044,0.7451762458351645,0.049074742294983285,8,0.12377882269861856,0.1076935965648767,0.0402223608768405,0.007834052308899268,0.07876579689739262,0.04782498284432633,1.3616224841463422e-05,8,112,0.010129582258978115,0.20083165469384928,True,False,False,7.008533990790204e-07,COMPLETE
1124,0.37391423583030703,2025-04-23 12:26:49.599889,2025-04-23 12:26:57.216873,0 days 00:00:07.616984,0.7671353017659526,0.05126942734571358,8,0.12345238127758187,0.10544969663893378,0.03915340824602492,0.005361540894999261,0.07791562475232845,0.048106220677200696,0.0007273830060512572,8,108,0.009600096250374834,0.1982676181052655,True,False,False,6.628933358313872e-07,COMPLETE
1125,0.4317917048931122,2025-04-23 12:26:57.588762,2025-04-23 12:27:05.198281,0 days 00:00:07.609519,0.7744052993211511,0.027215454274146546,8,0.11992494853794101,0.09331227183457921,0.039263150172373,0.007895331191777506,0.07918221992172807,0.046063117253823185,1.3261551253281336e-05,8,111,0.0055362727663815945,0.192993090193689,True,False,False,6.699236279678496e-07,COMPLETE
