number,value,datetime_start,datetime_complete,duration,params_alpha-eval,params_alpha-train,params_batch-size,params_eps-eval,params_eps-train,params_lambda-actions-eval,params_lambda-actions-train,params_lambda-frames-eval,params_lambda-frames-train,params_learning-rate,params_n-epochs,params_n-frames,params_radius-gw,params_rho,params_std-feats,params_ub-actions,params_ub-frames,params_weight-decay,state
1238,0.29631375670433047,2025-04-23 12:42:48.498098,2025-04-23 12:42:56.150469,0 days 00:00:07.652371,0.9522651937140956,0.053426728701077855,8,0.0744164732306664,0.05399411965892021,0.015709822301381498,0.0038029267394678453,0.07325807926545465,0.028081946259383227,0.0007984495013995157,12,76,0.014205075112900607,0.24154441652125133,True,True,False,2.989200472773973e-06,COMPLETE
1239,0.3823769807815552,2025-04-23 12:42:56.552935,2025-04-23 12:43:04.841171,0 days 00:00:08.288236,0.9576398674757656,0.03152625443301349,8,0.07088076144661402,0.06244218441344966,0.02280252967716816,0.001050961748184879,0.07560739168648317,0.029531146889608617,0.0003507549170917068,12,79,0.015020790651805593,0.250925366615873,True,False,False,3.045072087976009e-06,COMPLETE
1240,0.5770837783813476,2025-04-23 12:43:05.244637,2025-04-23 12:43:13.518214,0 days 00:00:08.273577,0.9843918511226256,0.010618193822968426,8,0.07573281800989365,0.05665946368727125,0.01933425498412895,0.004079861178012725,0.07577780376072639,0.03135509217192676,0.0005339234140747933,12,87,0.012591988474328778,0.2394720505657382,True,False,False,2.5877589720588623e-06,COMPLETE
1241,0.37398729324340824,2025-04-23 12:43:13.920851,2025-04-23 12:43:22.357319,0 days 00:00:08.436468,0.9717809890133987,0.031189025527634435,8,0.06440043665111984,0.05653589081851734,0.013493107559414363,0.004070312805256925,0.0734029879551807,0.023850826691390364,0.0005587729292668085,13,84,0.013402799075769014,0.24349069011785693,True,False,False,3.0674706657775212e-06,COMPLETE
1242,0.35638666749000547,2025-04-23 12:43:22.764264,2025-04-23 12:43:31.396160,0 days 00:00:08.631896,0.9858760879784949,0.05521944008173606,8,0.0754626602781311,0.05270224733839748,0.019253975652570032,0.004082368949231188,0.07580717981798303,0.028408755459479816,0.0006711477602442124,14,88,0.015309653678135192,0.22781289600222862,True,False,False,2.5714865863752992e-06,COMPLETE
1243,0.3261258900165558,2025-04-23 12:43:31.801625,2025-04-23 12:43:39.492275,0 days 00:00:07.690650,0.9417990670112579,0.03229419228576935,8,0.07674374593792267,0.06279800742499568,0.01651454459876242,0.002785541655187735,0.07289819818855073,0.02618127619126262,0.0009615893537168058,12,82,0.012845850000052972,0.2386690075572465,True,False,True,2.3914014358223643e-06,COMPLETE
1244,0.5779825687408447,2025-04-23 12:43:39.896033,2025-04-23 12:43:48.162752,0 days 00:00:08.266719,0.9668822004745153,0.011440560499770084,8,0.06918259353759118,0.058025028612858846,0.02097426462817302,0.004144413794284471,0.07592889866075941,0.031207682986942008,0.00035424111967056397,12,78,0.015271034429974059,0.24612338013238075,True,False,False,3.2884684170199295e-06,COMPLETE
1245,0.5788155674934388,2025-04-23 12:43:48.564106,2025-04-23 12:43:56.858629,0 days 00:00:08.294523,0.9661600203469529,0.010716052077001268,8,0.05879704846391287,0.04971484673787456,0.021846760133434985,0.0038665689557212286,0.07555144107859128,0.03175209219547746,0.0003650238425530261,12,77,0.01477559941229654,0.24959691655571115,True,False,False,3.560238997253593e-06,COMPLETE
1246,0.3846390247344971,2025-04-23 12:43:57.261182,2025-04-23 12:44:05.580841,0 days 00:00:08.319659,0.9916056998162719,0.05189601815355507,8,0.05751729193214577,0.044009327031804706,0.020833316889662386,0.0033817655937153357,0.0759328858331217,0.03166793541516468,0.0003633032464617033,12,74,0.015380499912575969,0.2532039054800091,True,False,False,3.4813828897535e-06,COMPLETE
1247,0.3891911089420319,2025-04-23 12:44:05.989805,2025-04-23 12:44:14.293678,0 days 00:00:08.303873,0.9690410906006659,0.0330833610890926,8,0.05020127542757089,0.04952386339082597,0.019234098351614198,0.004339895201813236,0.07333125667398455,0.0300553749025625,0.00024158920981703338,12,78,0.015381081131847076,0.24781004991004,True,False,False,3.3089957172941597e-06,COMPLETE
1248,0.38181021213531496,2025-04-23 12:44:14.693851,2025-04-23 12:44:23.103326,0 days 00:00:08.409475,0.971843106309383,0.03363192872707645,8,0.06978790624082516,0.05869745405757884,0.022476434213654174,0.004523780316829793,0.07580037398121452,0.024846845658757125,0.00028494280186643046,13,77,0.014469730531939645,0.2367126089411878,True,False,False,3.3377328102703687e-06,COMPLETE
1249,0.3777855396270752,2025-04-23 12:44:23.507138,2025-04-23 12:44:31.795815,0 days 00:00:08.288677,0.9391283927667586,0.052095909655872116,8,0.06374600858166832,0.05546550044890257,0.02148091509601032,0.0027294206459583387,0.07262987031608438,0.031807799485147295,0.0003683298147314985,12,80,0.015310535062535565,0.2475038124071928,True,False,False,2.9100950648397673e-06,COMPLETE
1250,0.5671844482421875,2025-04-23 12:44:32.195573,2025-04-23 12:44:40.461044,0 days 00:00:08.265471,0.9728767752337186,0.010799475253382648,8,0.05666457092682972,0.059305649124709335,0.018288075271023673,0.004366626250571926,0.07593526165508152,0.029107090490846338,0.0005817263878070913,12,85,0.015261577798573466,0.25457296716065936,True,False,False,2.731791535742948e-06,COMPLETE
1251,0.3644861400127411,2025-04-23 12:44:40.864397,2025-04-23 12:44:49.317563,0 days 00:00:08.453166,0.9619525714894518,0.030959262764365923,8,0.05743093645449035,0.04932154047882064,0.017467248440144557,0.0044340087295508535,0.07626010173441544,0.023074926970393265,0.0007281781210452132,13,84,0.015327239661793241,0.2527243346401722,True,False,False,3.5037014293277907e-06,COMPLETE
1252,0.3639919459819794,2025-04-23 12:44:49.720596,2025-04-23 12:44:58.312213,0 days 00:00:08.591617,0.956647374849924,0.05447410625718087,8,0.05773572279373526,0.06088525434517373,0.023382983399897708,0.004409396874413315,0.0733733404968483,0.028767870899569614,0.0005896978770426212,14,89,0.014440991850177663,0.25494351012697464,True,False,False,2.797751090535206e-06,COMPLETE
1253,0.42386634945869445,2025-04-23 12:44:58.713366,2025-04-23 12:45:06.991927,0 days 00:00:08.278561,0.9985291156987379,0.03015613273401502,8,0.06234209386968712,0.05441168662177166,0.020972747621335153,0.0027414520616754175,0.0763217510345308,0.031810538588537,0.00020961036683074833,12,80,0.015513806148255907,0.24509280701644534,True,False,False,3.5447057030963345e-06,COMPLETE
1254,0.3743338882923127,2025-04-23 12:45:07.390911,2025-04-23 12:45:15.888742,0 days 00:00:08.497831,0.9796746776420518,0.0295777651871431,8,0.0508654849035696,0.044919027296522265,0.013970464727378208,0.0044954746470614905,0.0737505451774371,0.026176558401597314,0.0005399388879154068,13,85,0.012750708218066271,0.24123211932412011,True,False,False,2.772722252143283e-06,COMPLETE
1255,0.37847228050231935,2025-04-23 12:45:16.319728,2025-04-23 12:45:24.497987,0 days 00:00:08.178259,0.9203356348321294,0.010606227825906932,8,0.06660584284944138,0.06584112668375135,0.017997171028128575,0.0026126363750939904,0.07631399423464107,0.029798735852504456,0.00033140824642012855,12,92,0.015701113477971256,0.23712301647791958,False,False,False,2.376379440508007e-06,COMPLETE
1256,0.29631375670433047,2025-04-23 12:45:24.902055,2025-04-23 12:45:32.756607,0 days 00:00:07.854552,0.9572613450269936,0.04609905218065367,8,0.041452837669532706,0.060108289353424625,0.019886947306977272,0.004603040553010767,0.07287847652558346,0.02711682482972696,0.0006801016233110241,13,75,0.01268637526212778,0.24674687232890735,True,True,False,3.5613779150194686e-06,COMPLETE
1257,0.5578921437263489,2025-04-23 12:45:33.164773,2025-04-23 12:45:41.447040,0 days 00:00:08.282267,0.9360105672752466,0.010370281723118793,8,0.07209257383515863,0.06869820579282004,0.022648599448990298,0.0025368899779750903,0.0745262877444634,0.030668121428930824,0.0005444616013488885,12,82,0.015026094805003729,0.2286298205936291,True,False,False,2.8249142499070073e-06,COMPLETE
1258,0.384510213136673,2025-04-23 12:45:41.854498,2025-04-23 12:45:50.085940,0 days 00:00:08.231442,0.9985266244374494,0.03093267287221351,8,0.033657406888853755,0.04860502427552191,0.02382858291563005,0.004610277754253565,0.07628406627175738,0.02267918633683512,0.0002789230591132628,12,90,0.012687202296891506,0.25226735043242765,True,False,False,2.325897224357075e-06,COMPLETE
1259,0.34505280852317816,2025-04-23 12:45:50.494256,2025-04-23 12:45:58.707956,0 days 00:00:08.213700,0.905125830391451,0.05557617638647433,8,0.06868791384694653,0.056602820927639054,0.015318277112860365,0.0025623721171542263,0.07623976326497696,0.028168799758885844,0.0003724702226391032,12,85,0.015521014164342994,0.23899761183685547,True,False,False,3.646366233782504e-06,COMPLETE
1260,0.37684813737869266,2025-04-23 12:45:59.114876,2025-04-23 12:46:07.578915,0 days 00:00:08.464039,0.9507587942026083,0.030051589644450098,8,0.09166490270771133,0.06457256685828294,0.017568602445907234,0.004529516031109758,0.07296970317581199,0.025615091908077026,0.000491614371308791,13,78,0.013234008652736556,0.23385208027806478,True,False,False,2.2946670114618766e-06,COMPLETE
1261,0.2996515274047852,2025-04-23 12:46:07.990911,2025-04-23 12:46:15.662725,0 days 00:00:07.671814,0.9736659777529175,0.04459486551733764,8,0.08006983232184647,0.0595687410658954,0.012006184197499683,0.002472027111139065,0.07418110269749098,0.03245685021427033,0.0006290992044797485,12,88,0.015922992860101737,0.24310186867877037,True,False,True,2.888943222200791e-06,COMPLETE
1262,0.378908920288086,2025-04-23 12:46:16.071933,2025-04-23 12:46:24.314310,0 days 00:00:08.242377,0.9221488133080054,0.02941254678769877,8,0.06086921227200912,0.06828762314476192,0.021119714811412837,0.0010163915708081598,0.07197100000971143,0.029996776409069587,0.000416156987694205,12,81,0.012568586135049194,0.2480320556444968,True,False,False,2.1843016640737856e-06,COMPLETE
1263,0.4211513221263886,2025-04-23 12:46:24.720874,2025-04-23 12:46:33.183059,0 days 00:00:08.462185,0.8976935626121043,0.01152175228942332,8,0.0719631278729102,0.05184896187865115,0.019190016825330978,0.004876987525524009,0.07642411213610453,0.02812561362150933,0.00031891316283007157,13,84,0.014321409984682664,0.2275531259306816,True,False,False,3.455448134528243e-06,COMPLETE
1264,0.3492248892784119,2025-04-23 12:46:33.590965,2025-04-23 12:46:42.081202,0 days 00:00:08.490237,0.9802584457975175,0.062075542129120635,8,0.05317738221313003,0.06970656154074337,0.021502477450448792,0.0026243801970111773,0.07427648204749025,0.024864558731841416,0.0007574302419666882,13,89,0.012344846198997724,0.23885602084565827,True,False,False,2.702611256862243e-06,COMPLETE
1265,0.5780828714370728,2025-04-23 12:46:42.492335,2025-04-23 12:46:51.097974,0 days 00:00:08.605639,0.9602967035958063,0.01081532239903592,8,0.09044240053599936,0.06304836882934958,0.024259998758307078,0.0010032152536707526,0.07679844067738544,0.030612077016849256,0.0001574971916453745,14,86,0.015482552087350618,0.2546607148411606,True,False,False,2.196904074325486e-06,COMPLETE
1266,0.5764204025268556,2025-04-23 12:46:51.503704,2025-04-23 12:47:00.070088,0 days 00:00:08.566384,0.9642113382960468,0.010989772755459218,8,0.09124398716115721,0.059600814859782504,0.015346907983231005,0.004908361409564072,0.0767445163844483,0.03242783473192567,0.00013164858957551376,14,70,0.016182434901289955,0.25500199498042353,True,False,False,3.5661402620741503e-06,COMPLETE
1267,0.5782401442527771,2025-04-23 12:47:00.480577,2025-04-23 12:47:09.092953,0 days 00:00:08.612376,0.9456504032305809,0.010530582613198565,8,0.09125054369178054,0.05800976531105091,0.01612609290432681,0.004858776839060223,0.07668580253422284,0.03238798089550458,0.00013479132221781964,14,77,0.016266045955425898,0.2535555255391748,True,False,False,3.646744270727861e-06,COMPLETE
1268,0.42727277874946595,2025-04-23 12:47:09.499924,2025-04-23 12:47:18.138354,0 days 00:00:08.638430,0.943753565764271,0.04396385210621744,8,0.09053702393711904,0.05673681934989529,0.015779662880519987,0.004701144611536368,0.07682094857224872,0.03264854017650558,0.0001526960639893086,14,76,0.01722714656576873,0.25925314080401524,True,False,False,3.9095251522089505e-06,COMPLETE
1269,0.39886599183082583,2025-04-23 12:47:18.545918,2025-04-23 12:47:27.095497,0 days 00:00:08.549579,0.9599417654759158,0.029583244189798262,8,0.04639001932581758,0.04641800556601999,0.014318874917374803,0.004259633600022048,0.07671685051699927,0.030310099707141543,0.00012667373951911825,14,69,0.016329323156577744,0.2560953397063882,True,False,False,3.7098398460062616e-06,COMPLETE
1270,0.57536358833313,2025-04-23 12:47:27.501653,2025-04-23 12:47:36.101210,0 days 00:00:08.599557,0.9697784754096103,0.010161804199793754,8,0.03724277536779854,0.057335493494845444,0.011121373688001417,0.0032685351375572073,0.07283383174307521,0.026950425131366182,0.0005590252750959123,14,70,0.01615871123197636,0.24992353306167778,True,False,False,3.162147284167842e-06,COMPLETE
1271,0.38226744532585144,2025-04-23 12:47:36.531157,2025-04-23 12:47:45.299170,0 days 00:00:08.768013,0.9671792578857479,0.05829785195649848,8,0.031183986195189445,0.05095404753169676,0.009083099459051848,0.005592515745692778,0.07221556751819645,0.024208210850984888,0.0009966122187562744,15,71,0.016433323515997477,0.25522358270634626,True,False,False,3.635016034383628e-06,COMPLETE
1272,0.3913674771785736,2025-04-23 12:47:45.712295,2025-04-23 12:47:54.371608,0 days 00:00:08.659313,0.9326588200178851,0.042226958516557875,8,0.019973364166537284,0.04154241465068834,0.011255367819972868,0.003803033428982408,0.07228042850495872,0.026391606173990625,0.00014846553064723446,14,67,0.016403264499183997,0.2509096330833634,True,False,False,4.061191889816848e-06,COMPLETE
1273,0.5761877655982972,2025-04-23 12:47:54.792565,2025-04-23 12:48:03.520565,0 days 00:00:08.728000,0.9836061748129472,0.010299140698315478,8,0.03732938733040519,0.05935161826136665,0.014214817377949102,0.005607721169941421,0.07319836999252621,0.03225464297088965,0.0006147347445100017,15,73,0.0163368176616278,0.2566777074572304,True,False,False,3.094792485852225e-06,COMPLETE
1274,0.4003301560878754,2025-04-23 12:48:03.936629,2025-04-23 12:48:12.631402,0 days 00:00:08.694773,0.9815384930769836,0.03182275021903738,8,0.03692657736071211,0.05925969163908631,0.013528116449535011,0.0056003032997888405,0.07195228143855002,0.032638650579502465,0.0006173601669098249,15,73,0.016547071493565567,0.2608462526710341,False,False,False,3.1682915794022795e-06,COMPLETE
1275,0.3854595422744751,2025-04-23 12:48:13.047875,2025-04-23 12:48:21.620705,0 days 00:00:08.572830,0.9638758860717392,0.044068348296954725,8,0.044575150012747755,0.05710203270272849,0.007259831569470387,0.005133303872857572,0.07642501350027717,0.030734126641904037,0.0007989593130900851,14,73,0.01677759522523371,0.25637287949315746,True,False,False,4.049761843192645e-06,COMPLETE
1276,0.29631375670433047,2025-04-23 12:48:22.033393,2025-04-23 12:48:29.922292,0 days 00:00:07.888899,0.9971994404288004,0.029835059562493466,8,0.0319311273389013,0.052355676184424646,0.015813879437352567,0.0035846684559716077,0.07382242623181356,0.026681743527103906,0.0002326587258549648,14,71,0.015275305701131933,0.2507374024746492,True,True,False,3.173648963131618e-06,COMPLETE
1277,0.5721712112426758,2025-04-23 12:48:30.339609,2025-04-23 12:48:39.079123,0 days 00:00:08.739514,0.9380502585840207,0.010863537761718585,8,0.048070759362216546,0.06313930848610617,0.009758388157952125,0.006151050072461776,0.07727320641187797,0.032263160110207384,0.0001786125473467761,15,77,0.01617698431031348,0.2514235194522789,True,False,False,2.9490432869284406e-06,COMPLETE
1278,0.5761387705802918,2025-04-23 12:48:39.489645,2025-04-23 12:48:48.129417,0 days 00:00:08.639772,0.9420226793721235,0.010059964282562207,8,0.04108631109645748,0.0627027774168447,0.0071222585872496,0.005938269151340373,0.07737277270697131,0.0235529718825081,0.00011642305894680092,14,77,0.016886522211938634,0.2586806608008724,True,False,False,4.0533549796775225e-06,COMPLETE
1279,0.44564232826232913,2025-04-23 12:48:48.550225,2025-04-23 12:48:57.296304,0 days 00:00:08.746079,0.9435560985268502,0.03080073925565592,8,0.04485935793089941,0.06309312879101892,0.006308448116423833,0.006454986746405731,0.07729220470167125,0.02323561704007853,0.00011147737284832009,15,75,0.017019260956919587,0.2612141183696312,True,False,False,4.28245753962724e-06,COMPLETE
1280,0.31429932117462156,2025-04-23 12:48:57.707503,2025-04-23 12:49:05.847412,0 days 00:00:08.139909,0.9266149625113613,0.06065129295412063,8,0.042679039063619965,0.06079580760265981,0.00978237882906943,0.005986894748776534,0.07735609696418282,0.024851513933442242,0.00017389033153048257,15,78,0.01686781725689515,0.25570917486240724,True,False,True,4.262799891452633e-06,COMPLETE
1281,0.5780828714370728,2025-04-23 12:49:06.259017,2025-04-23 12:49:14.833380,0 days 00:00:08.574363,0.9569218512309859,0.010066430923343424,8,0.03670362926719728,0.05195236190337306,0.006499191927342948,0.005712422952556981,0.07767399756757921,0.022022369924551047,0.00013471823706279025,14,68,0.01657279690665269,0.250574004770274,True,False,False,3.077091484068086e-06,COMPLETE
1282,0.38803832530975346,2025-04-23 12:49:15.241544,2025-04-23 12:49:24.069571,0 days 00:00:08.828027,0.9490123095991574,0.060686243432395856,8,0.037696486690007906,0.03956013867952696,0.005406819366902845,0.00615152107838157,0.07699866031938322,0.021389831879761918,0.00013959483183841658,15,65,0.016380091112770542,0.2520067722802802,True,False,False,3.4264841986410754e-06,COMPLETE
1283,0.44427760243415837,2025-04-23 12:49:24.478528,2025-04-23 12:49:33.033464,0 days 00:00:08.554936,0.9781835507168063,0.03223770123252387,8,0.027181387330907733,0.046779948025229334,0.00932637937386465,0.006016177387936455,0.07793334066853617,0.021478160409446202,0.00012950460439997848,14,71,0.016689200467646357,0.258429222132883,True,False,False,4.04777974180547e-06,COMPLETE
1284,0.4014854669570923,2025-04-23 12:49:33.469148,2025-04-23 12:49:42.036781,0 days 00:00:08.567633,0.9625791491395796,0.04374330059809177,8,0.050381118299782895,0.05292923507108138,0.008069005249878919,0.004386367384877009,0.077283108320874,0.02229950590183186,0.00010114480937101871,14,67,0.01737745155445174,0.24927360325255912,True,False,False,3.056538371968991e-06,COMPLETE
1285,0.5721789002418518,2025-04-23 12:49:42.453685,2025-04-23 12:49:51.312114,0 days 00:00:08.858429,0.9267335500897551,0.01062126836300547,8,0.02156984453914776,0.06344426650091907,0.004822809840147442,0.00541881460746632,0.07316920647135369,0.0326835669874865,0.00017870392448666094,14,76,0.015778569419843846,0.24745571317464043,True,False,False,3.1035601295180944e-06,COMPLETE
1286,0.4296643912792206,2025-04-23 12:49:51.758748,2025-04-23 12:50:00.652940,0 days 00:00:08.894192,0.9147928390915356,0.031021990056187936,8,0.03579261833577733,0.05789763079557706,0.004243519776296603,0.006151396826402011,0.07771780471931665,0.03302820393808618,0.000187006220533155,15,69,0.017815784110658775,0.2542521303084007,True,False,False,3.900119574187688e-06,COMPLETE
1287,0.5730464935302735,2025-04-23 12:50:01.072452,2025-04-23 12:50:09.644714,0 days 00:00:08.572262,0.9363023982071053,0.010420802013016334,8,0.028170740371034796,0.06458176983567378,0.0036566443095114864,0.005787891826701457,0.07217437519467465,0.033275505670280404,0.00013925118529002222,14,74,0.015724634524179493,0.24622536538748233,True,False,False,3.0406080140490197e-06,COMPLETE
1288,0.42258124947547915,2025-04-23 12:50:10.066310,2025-04-23 12:50:19.031096,0 days 00:00:08.964786,0.9411597474675638,0.06099929105809353,8,0.024720372888468903,0.0531158227401401,0.005143301655557982,0.0067388128352517795,0.07223796203921674,0.03336405919308592,0.00013254013986425343,16,73,0.017554328642836226,0.26013000319289253,True,False,False,4.349527683402211e-06,COMPLETE
1289,0.4211719572544098,2025-04-23 12:50:19.449063,2025-04-23 12:50:28.012835,0 days 00:00:08.563772,0.9239985046812329,0.03247446604042957,8,0.02472790218761189,0.06406423823707481,0.0014398464943945724,0.005658709727192171,0.07164052436058813,0.031511914327180264,0.00018289295291656367,14,75,0.015918068598909443,0.24709771778045037,True,False,False,3.3705157613820424e-06,COMPLETE
1290,0.39078326821327214,2025-04-23 12:50:28.428108,2025-04-23 12:50:37.111941,0 days 00:00:08.683833,0.9591382267490446,0.04400997149558146,8,0.015465334204004822,0.04768999969910782,0.0026419783572413187,0.00633884038429987,0.0725519769058364,0.032676828096210406,0.00016045626280782296,15,77,0.01793505497618697,0.24729132902469003,True,False,False,3.569565474009483e-06,COMPLETE
1291,0.430543577671051,2025-04-23 12:50:37.529895,2025-04-23 12:50:46.097555,0 days 00:00:08.567660,0.9824709376413702,0.02894403696884914,8,0.037895397446390824,0.06283438547501227,0.006930298982786373,0.005069190314616304,0.07340864955873432,0.03064663366079151,0.0001569221157925487,14,78,0.01568817889125239,0.25614434281066667,True,False,False,2.8720915473809793e-06,COMPLETE
1292,0.4540384471416473,2025-04-23 12:50:46.508709,2025-04-23 12:50:55.074415,0 days 00:00:08.565706,0.9408437405059583,0.04663898949596532,8,0.0328702163108125,0.056507673662252636,0.01237935844525134,0.004546545929972834,0.077294263843312,0.03410481260911806,0.00010001309918715158,14,69,0.01815664213582815,0.2638356462861867,True,False,False,4.6203371610761415e-06,COMPLETE
1293,0.3951083540916443,2025-04-23 12:50:55.493323,2025-04-23 12:51:04.105635,0 days 00:00:08.612312,0.9998490322099918,0.010612375446664947,8,0.01938867383903638,0.06538218007733224,0.010708433541786973,0.004220652967386615,0.07203001327177694,0.031021005919698672,0.00011406014768209545,15,73,0.015623675480240554,0.25150899713401204,False,False,False,2.803940890302014e-06,COMPLETE
