number,value,datetime_start,datetime_complete,duration,params_alpha-eval,params_alpha-train,params_batch-size,params_eps-eval,params_eps-train,params_lambda-actions-eval,params_lambda-actions-train,params_lambda-frames-eval,params_lambda-frames-train,params_learning-rate,params_n-epochs,params_n-frames,params_radius-gw,params_rho,params_std-feats,params_ub-actions,params_ub-frames,params_weight-decay,state
1120,0.5339353084564209,2025-04-04 01:20:22.699528,2025-04-04 01:20:29.393334,0 days 00:00:06.693806,0.026950173936190903,0.20151848961516672,8,0.016742918769603835,0.27738205258192855,0.028008648589509615,0.08614816797233593,0.05459775033665284,0.033436269486371975,0.0010650285360921338,5,104,0.04710369644593889,0.006624893425359872,True,False,False,0.0005920042763690968,COMPLETE
1121,0.29631375670433047,2025-04-04 01:20:29.752608,2025-04-04 01:20:36.625619,0 days 00:00:06.873011,0.07279388740063075,0.23424644676449946,8,0.00018286067383129975,0.2946290391181584,0.029411607863347868,0.09012797033334813,0.05110526538588459,0.03686658807492408,0.00036556307029519887,7,148,0.03551852242696891,0.017703904938765332,True,False,False,0.0002083030498077619,COMPLETE
1122,0.5487978458404541,2025-04-04 01:20:36.985870,2025-04-04 01:20:43.760794,0 days 00:00:06.774924,0.01017472509436193,0.18407366052658292,8,0.010308714431437738,0.2999772691945434,0.02533681950476969,0.08783297412905695,0.05935349619685425,0.04412820704622537,0.0013137059430342716,6,143,0.04382656287648482,0.006687099766234145,True,False,False,0.00035479448553536736,COMPLETE
1123,0.5580928921699524,2025-04-04 01:20:44.122609,2025-04-04 01:20:51.324907,0 days 00:00:07.202298,0.08977538040631694,0.20667542702728026,8,0.020986559839560732,0.2841811333946553,0.027604015360402617,0.09204455799605665,0.056453412050328965,0.039030521835082974,0.0005619366824228617,8,147,0.030989540926466018,0.013957406607243521,True,False,False,0.00045671106150127055,COMPLETE
1124,0.5563746690750122,2025-04-04 01:20:51.690373,2025-04-04 01:20:58.635228,0 days 00:00:06.944855,0.05833371623352092,0.25519095870824776,8,0.005419459249932621,0.2874766236882842,0.023206739458009697,0.08427354105710642,0.04781856389957436,0.042896040971031134,0.0006928232158584961,7,150,0.03944786307403876,0.023905451729671845,True,False,False,0.00026058574491892865,COMPLETE
1125,0.29631375670433047,2025-04-04 01:20:59.000471,2025-04-04 01:21:05.401550,0 days 00:00:06.401079,0.03570594946990914,0.21983461536690416,8,0.01350621188188543,0.27661394575838033,0.031278357698623985,0.08896696557073748,0.06046680469086926,0.03577550390515251,0.00046225282868475446,6,147,0.033589646237607726,0.0070436826393604594,True,True,False,0.0005585435378337814,COMPLETE
1126,0.5528786778450012,2025-04-04 01:21:05.747980,2025-04-04 01:21:12.388087,0 days 00:00:06.640107,0.1055875128513977,0.8335918727450489,8,0.009143658704734048,0.2904911561572199,0.02560951204137961,0.09610857113213055,0.05438454727739769,0.04093753828783886,0.0008547103525003683,5,143,0.03792638949058082,0.0167045329293896,True,False,False,0.00032490863624679505,COMPLETE
1127,0.5588988423347473,2025-04-04 01:21:12.745989,2025-04-04 01:21:19.704127,0 days 00:00:06.958138,0.07440210515377907,0.18210275500690265,8,0.01539718196310584,0.2826713753148586,0.03618845672683529,0.08632163028787088,0.05784403159157321,0.029493897636553613,0.000591877827618469,7,150,0.03533827278365355,0.011682691091897866,True,False,False,0.0008347221473678001,COMPLETE
1128,0.3465407907962799,2025-04-04 01:21:20.068050,2025-04-04 01:21:26.800604,0 days 00:00:06.732554,0.058595292201896354,0.23177292883047643,8,0.006278240247485248,0.2943559970066942,0.028863660939073145,0.09169978288230358,0.05233568814157856,0.03193656304528348,0.0007371497869951611,8,145,0.033055315425193375,0.0010630547574954248,True,False,True,0.0004114652544914519,COMPLETE
1129,0.5603498339653016,2025-04-04 01:21:27.162180,2025-04-04 01:21:33.970706,0 days 00:00:06.808526,0.09156663591806055,0.19675411965958142,8,0.010405802902764324,0.29017359416002053,0.02340453763631479,0.08941043543530328,0.05574004011804608,0.03837120252987089,0.0004847706276549124,6,147,0.02975720097907839,0.02012122503979186,True,False,False,0.00021495950157410823,COMPLETE
1130,0.38819518685340887,2025-04-04 01:21:34.336929,2025-04-04 01:21:40.999438,0 days 00:00:06.662509,0.959664008178075,0.17198789497735545,8,0.020430412171061344,0.28359051881101033,0.03325174859339979,0.09424841873929603,0.05902299903387015,0.04568748886717374,0.00038304597939329513,5,150,0.03730522572444091,0.006940706834075785,True,False,False,0.00030674898489422024,COMPLETE
1131,0.5587233662605287,2025-04-04 01:21:41.362072,2025-04-04 01:21:48.365280,0 days 00:00:07.003208,0.03845304892533746,0.26742719102447077,8,0.00512819076430398,0.2764342473412087,0.026353698714102022,0.08774108275555084,0.06195111700288,0.04232218513615432,0.000632081092997707,7,145,0.040885678137656076,0.0010426551989633753,True,False,False,0.000699599148121575,COMPLETE
1132,0.38612282872200016,2025-04-04 01:21:48.726755,2025-04-04 01:21:55.480998,0 days 00:00:06.754243,0.07261483877044735,0.21570094577669655,8,0.01475462607867344,0.2951588347376048,0.03050064431584575,0.0856156780589281,0.04427567957150766,0.034464259835164386,0.0009868026995296056,6,147,0.03552321659078357,0.011516938456632392,False,False,False,0.0005019589399370639,COMPLETE
1133,0.5228090882301331,2025-04-04 01:21:55.838576,2025-04-04 01:22:03.069955,0 days 00:00:07.231379,0.030549110783557494,0.245964196671998,8,0.13518119745014326,0.28926753906157704,0.02788001921003312,0.0910278411533905,0.056894267787490876,0.03762440897809004,0.0005327067814125865,8,143,0.03192259539309516,0.02528030072454499,True,False,False,0.0004014974078271762,COMPLETE
1134,0.558129072189331,2025-04-04 01:22:03.435016,2025-04-04 01:22:10.260569,0 days 00:00:06.825553,0.1067580872973391,0.19207635789664917,8,0.005543043454928309,0.2835445127386845,0.024130457943531552,0.08920016416116051,0.05364203683380509,0.04068820728459776,0.0007940446289634473,6,150,0.03415797374663082,0.017748432524728526,True,False,False,0.00024830157859879554,COMPLETE
1135,0.29631375670433047,2025-04-04 01:22:10.623177,2025-04-04 01:22:17.551401,0 days 00:00:06.928224,0.05347221856201215,0.2852750893378879,8,0.00037861237472317736,0.29564773295860847,0.029639472986970106,0.09271552032976821,0.049907447607671795,0.03979234580703641,0.0006838596608373467,7,147,0.03808866343264973,0.011342672014033146,True,False,False,0.0003558600195963012,COMPLETE
1136,0.558908224105835,2025-04-04 01:22:17.917803,2025-04-04 01:22:24.581009,0 days 00:00:06.663206,0.08450598649034166,0.1689283521030948,8,0.021889814591870577,0.2997841646530591,0.025319908591626954,0.0841050520311874,0.05548204516951544,0.035995111997080345,0.0004324350069657313,5,143,0.036562117777437154,0.006510584248478958,True,False,False,0.00016963334457984112,COMPLETE
1137,0.5593115210533142,2025-04-04 01:22:24.946449,2025-04-04 01:22:31.941640,0 days 00:00:06.995191,0.06263008953636741,0.2168688985722551,8,0.010125515681871339,0.2776120667831278,0.02692562201367024,0.08668843723547319,0.05963932192812037,0.044544093602248334,0.000571538994033895,7,147,0.032847190990870134,0.0010785625030364438,True,False,False,0.0006323930684603137,COMPLETE
1138,0.29631375670433047,2025-04-04 01:22:32.310102,2025-04-04 01:22:39.047706,0 days 00:00:06.737604,0.02642962341738446,0.24576191129144123,8,0.00013128935455714724,0.28943430084092325,0.032538093751792486,0.08980242026347954,0.05751588669884874,0.03837592487734085,0.0008381502602120966,6,150,0.03477892330057736,0.01728883496679606,True,False,False,0.0002906936668135055,COMPLETE
1139,0.5536876201629639,2025-04-04 01:22:39.413283,2025-04-04 01:22:46.595534,0 days 00:00:07.182251,0.04698705196946107,0.2044720295273306,8,0.016082994723825073,0.2829739848998285,0.022876073663507475,0.09487980909688798,0.061703268389910366,0.04267233264629375,0.001130907215679135,8,145,0.029654041588024538,0.011597721695628598,True,False,False,0.00048623626874529725,COMPLETE
1140,0.555322790145874,2025-04-04 01:22:46.964304,2025-04-04 01:22:53.933164,0 days 00:00:06.968860,0.08713936302730427,0.23197230777521005,8,0.010095369081219396,0.2903279786378146,0.02790662619394596,0.08790005829578625,0.052100948812098674,0.046653846381580086,0.0006621196326969012,7,147,0.03974736637985609,0.02548413614174763,True,False,False,0.0004047337439585806,COMPLETE
1141,0.5561785340309143,2025-04-04 01:22:54.300196,2025-04-04 01:23:01.109676,0 days 00:00:06.809480,0.06891057456018164,0.18733607402569016,8,0.01534501267609796,0.29453769614292735,0.030005049400674912,0.09138356852804065,0.054580020984814855,0.032097274296371846,0.0004728978532665714,6,150,0.03706954946234141,0.006298606172400966,True,False,False,0.0002149050371407876,COMPLETE
1142,0.5514559984207154,2025-04-04 01:23:01.477667,2025-04-04 01:23:08.037792,0 days 00:00:06.560125,0.0446044598622988,0.16150707252985108,8,0.005256545071600566,0.27582153085757605,0.02517729717007448,0.0975762001006638,0.05742170718558545,0.03430625634902076,0.0003725609164691424,5,143,0.031501371624314156,0.016117909135332214,True,False,False,0.00031462087742437366,COMPLETE
1143,0.29631375670433047,2025-04-04 01:23:08.405051,2025-04-04 01:23:14.908855,0 days 00:00:06.503804,0.10513480461123917,0.2647757009007039,8,0.020939686898696668,0.283252553474454,0.022901615770739934,0.08402183685878616,0.06053225540688724,0.040357962652439676,0.0005471527765288028,7,147,0.03429765706008402,0.010579543288656307,True,True,False,0.0009642613265947752,COMPLETE
1144,0.5462953209877015,2025-04-04 01:23:15.281457,2025-04-04 01:23:22.531916,0 days 00:00:07.250459,0.022950210855973173,0.21358905174664247,8,0.07141484184700007,0.28812566043853644,0.0269961436152246,0.08587209325277091,0.055867974672313976,0.036821883543398805,0.0007408489226499651,8,150,0.03604403069718846,0.021073965192465308,True,False,False,0.0006191912433798042,COMPLETE
1145,0.5494052171707153,2025-04-04 01:23:22.902607,2025-04-04 01:23:29.669443,0 days 00:00:06.766836,0.08678444384066944,0.2362027438763814,8,0.011545079897973827,0.28296104494470237,0.03207311798328413,0.08853901041717109,0.0528142984441601,0.038685454286283866,0.0009156560219566723,6,143,0.03877666504416623,0.0011767427623201447,True,False,False,0.00048251410774764915,COMPLETE
1146,0.3527060449123383,2025-04-04 01:23:30.041118,2025-04-04 01:23:36.410951,0 days 00:00:06.369833,0.062255107210527516,0.1804729321663373,8,0.00677257636750683,0.2956019144357976,0.028627874564233276,0.09077021960844085,0.0588807038180576,0.04251278220826705,0.0006246003853958745,5,145,0.04217941473773262,0.007216554243260049,True,False,True,0.0002446956364296352,COMPLETE
1147,0.5583096623420716,2025-04-04 01:23:36.780261,2025-04-04 01:23:43.566363,0 days 00:00:06.786102,0.043837853437661806,0.19665908163891235,8,0.015216036976585906,0.276346596762905,0.024691890022828285,0.09382582261204656,0.050595033699856226,0.044558600846580095,0.0004884810908359155,6,147,0.03238548176531273,0.01400502800165204,True,False,False,0.00036310706310854475,COMPLETE
1148,0.3713324964046479,2025-04-04 01:23:43.922820,2025-04-04 01:23:50.896932,0 days 00:00:06.974112,0.011998019173157126,0.25059284541424187,8,0.00988446357894321,0.2893946114486965,0.030535647260932254,0.08744484488525318,0.05465412618861571,0.03602917100445666,0.0014718905343262334,7,11,0.03449572508381246,0.00731453590998531,True,False,False,0.0005327423580910928,COMPLETE
1149,0.5522779107093811,2025-04-04 01:23:51.264119,2025-04-04 01:23:58.432824,0 days 00:00:07.168705,0.07441034163379033,0.154849785556417,8,0.021441665124682055,0.29421846120863054,0.026495399433562918,0.09257274360770776,0.062236745405838,0.04071548428302935,0.0008536549021080295,8,148,0.03025937710236698,0.020948976373438438,True,False,False,0.0002804596874069468,COMPLETE
1150,0.5620315194129945,2025-04-04 01:23:58.803104,2025-04-04 01:24:05.592816,0 days 00:00:06.789712,0.10903424364047634,0.22455355795680484,8,0.005283377102600519,0.28134791280156896,0.06816789540194262,0.09023463871287586,0.05687344057662079,0.038621499819659365,0.000676982105929467,6,150,0.036796622260769,0.012367742490584515,True,False,False,0.00040376892715943515,COMPLETE
1151,0.36011855602264403,2025-04-04 01:24:05.960503,2025-04-04 01:24:12.496998,0 days 00:00:06.536495,0.11676399035634777,0.23522244160006572,8,0.004624817315279832,0.2764118051813119,0.02276007904824495,0.09563147125884425,0.05906493338557015,0.03435676560883066,0.0004395616030643,5,150,0.04046662178565123,0.022827138089762257,False,False,False,0.0007140333334851045,COMPLETE
1152,0.29631375670433047,2025-04-04 01:24:12.865632,2025-04-04 01:24:19.550471,0 days 00:00:06.684839,0.11323656531119006,0.22175855320109733,8,0.0002672250440358846,0.2801659872641584,0.06963149714118372,0.0917152680564345,0.057547922564481234,0.03759414791157212,0.0005830592435087837,6,150,0.04541044603391938,0.016946184742863735,True,False,False,0.0004335266771046717,COMPLETE
1153,0.553597903251648,2025-04-04 01:24:19.917943,2025-04-04 01:24:26.599424,0 days 00:00:06.681481,0.10477587683831689,0.2702994526525308,8,0.01443974334990265,0.2814905034202912,0.024379626174187242,0.08582837957433637,0.0607031826315767,0.04217051936890887,0.0010129671693139986,5,150,0.04232653733867061,0.025209913681392485,True,False,False,0.0005826828940357953,COMPLETE
1154,0.5508426308631897,2025-04-04 01:24:26.969298,2025-04-04 01:24:33.751563,0 days 00:00:06.782265,0.09374493512115306,0.2909862586385955,8,0.010052233008904548,0.2759002770957678,0.06810967276320873,0.09006369379829252,0.0536794201246932,0.04642828051365947,0.00036907727432828013,6,145,0.03876880935335396,0.01425349996478907,True,False,False,0.00044603639717661535,COMPLETE
1155,0.5548468470573426,2025-04-04 01:24:34.121160,2025-04-04 01:24:40.802269,0 days 00:00:06.681109,0.10254552605537895,0.21355707936139656,8,0.021461069931777516,0.2851955258211216,0.061796584347057024,0.08369873300185823,0.05758615862823985,0.03668128622974253,0.0007062244253686901,5,150,0.037430163903961755,0.019395918124340328,True,False,False,0.0002025979760374128,COMPLETE
1156,0.5384898900985718,2025-04-04 01:24:41.174679,2025-04-04 01:24:48.079402,0 days 00:00:06.904723,0.05972496360425427,0.25283110534129527,8,0.08276648952951503,0.2756226903095928,0.034824515344970414,0.09351663456009426,0.05931015442595157,0.0331291770278411,0.0005149139715068255,6,147,0.04033914736814089,0.013385854256246423,True,False,False,0.00016077873579973376,COMPLETE
1157,0.5566862583160401,2025-04-04 01:24:48.445950,2025-04-04 01:24:55.017148,0 days 00:00:06.571198,0.03234088685164269,0.23088782491176096,8,0.0053792605158633254,0.2841714319700733,0.08691963562911947,0.08789962704372899,0.05598246870345791,0.039996523662313106,0.000623932647740878,5,143,0.03705120147273037,0.026964653995116994,True,False,False,0.0007798579961285555,COMPLETE
1158,0.5545653581619263,2025-04-04 01:24:55.390087,2025-04-04 01:25:02.143793,0 days 00:00:06.753706,0.08287673207486296,0.20658469206469118,8,0.015416402171561809,0.287348523561999,0.07729046897645815,0.09053152838490879,0.06208637024364483,0.04326231941970999,0.0007352085263817286,6,147,0.0389358134471213,0.010834674532435747,True,False,False,0.00032012625779683147,COMPLETE
1159,0.5568134903907775,2025-04-04 01:25:02.512924,2025-04-04 01:25:09.440131,0 days 00:00:06.927207,0.10990403112113549,0.24956098257961087,8,0.010846764469357928,0.27839479081291435,0.023171767127799097,0.08599584165958539,0.052442211633248845,0.029958680832891105,0.0008733781761092157,7,150,0.03660197017693882,0.019292916359251615,True,False,False,0.000540743986769801,COMPLETE
1160,0.3634231984615326,2025-04-04 01:25:09.811097,2025-04-04 01:25:16.624779,0 days 00:00:06.813682,0.05074615289595326,0.222211974916466,8,0.0043362504343089515,0.28225928494878255,0.025758957223846857,0.08854869330739089,0.0487687231051488,0.038735332636697525,0.00043196649496216147,6,145,0.08764657895050151,0.0112198909113511,True,False,False,0.0003830880678252836,COMPLETE
1161,0.5620315194129945,2025-04-04 01:25:16.995611,2025-04-04 01:25:23.828703,0 days 00:00:06.833092,0.011340216122023232,0.1971704582487574,8,0.01723596311455285,0.2893568432323297,0.055173993236324506,0.09220503554180705,0.05739843385352398,0.035195768730253915,0.0005649030776713424,6,147,0.0359944637953567,0.0055428455073965755,True,False,False,0.00026880337117429846,COMPLETE
1162,0.5416520595550537,2025-04-04 01:25:24.201754,2025-04-04 01:25:30.966922,0 days 00:00:06.765168,0.010303153107160123,0.20035931627959822,8,0.023508949444516404,0.2905114765183919,0.03333397228897997,0.09786325796498477,0.059949932976946174,0.03194381575499068,0.0011106102719074219,6,142,0.04080802454574145,0.016139601451376686,True,False,False,0.0002558093165958531,COMPLETE
1163,0.29631375670433047,2025-04-04 01:25:31.337935,2025-04-04 01:25:37.564956,0 days 00:00:06.227021,0.010307177183115883,0.23107093325532754,8,0.021066402055084067,0.28926154252725833,0.06231530454053192,0.09349581676414243,0.057853875018569326,0.03419458305909696,0.0005824418041661474,5,145,0.03883486865160528,0.02665996017672508,True,True,False,0.00017628283440541192,COMPLETE
1164,0.3613279044628144,2025-04-04 01:25:37.936164,2025-04-04 01:25:44.641530,0 days 00:00:06.705366,0.010485492067656393,0.20859892930621649,8,0.018116059263525518,0.29363301370931844,0.057286421338410644,0.09629204329888802,0.06229864148151592,0.03495423172157751,0.0007757237786011199,6,15,0.04320859726740493,0.01126373448585577,True,False,False,0.0002330744074160238,COMPLETE
1165,0.34821857810020446,2025-04-04 01:25:45.011756,2025-04-04 01:25:51.426178,0 days 00:00:06.414422,0.029785037557958617,0.2722287200148404,8,0.016217816652268548,0.28114959473572226,0.027883944534262167,0.09309263666258687,0.06005234087715669,0.03638167054669448,0.0006483972275417439,6,142,0.03637189883840248,0.020661924855001606,True,False,True,0.0002880631434200248,COMPLETE
1166,0.5542700529098511,2025-04-04 01:25:51.797052,2025-04-04 01:25:58.386937,0 days 00:00:06.589885,0.03184356034988643,0.24890002749986145,8,0.02203298022593999,0.2883908974465519,0.029471221890791294,0.09526683780790254,0.05692079016099742,0.03312680741649264,0.0009408012231759997,5,147,0.037874331172329835,0.006822950735173634,True,False,False,0.0002293354958729594,COMPLETE
1167,0.5620315194129945,2025-04-04 01:25:58.758090,2025-04-04 01:26:05.734867,0 days 00:00:06.976777,0.031114164208169433,0.1989168081796586,8,0.014518551643301784,0.2769720168300964,0.05924805666690312,0.09162043072212188,0.058674348638718184,0.028968797415524633,0.0005547884749372778,7,150,0.03646030450327582,0.016376898008952107,True,False,False,0.0003056859595218616,COMPLETE
1168,0.5599022388458252,2025-04-04 01:26:06.108494,2025-04-04 01:26:13.086047,0 days 00:00:06.977553,0.027373257645030957,0.22299437599488584,8,0.023892586592781744,0.27412855426255756,0.05971883449941465,0.09172119936967693,0.0560359686601047,0.02793089490423341,0.0007406755643363949,7,150,0.04184940952387529,0.024985032498976316,True,False,False,0.00018760976219432473,COMPLETE
1169,0.5484033346176148,2025-04-04 01:26:13.459645,2025-04-04 01:26:20.483197,0 days 00:00:07.023552,0.010412355018291415,0.2018952313905142,8,0.023492646326254803,0.2741989879400009,0.054310995340829976,0.0937300376660135,0.058661777134304934,0.027951351983245748,0.0012656148662178043,7,150,0.03937960973508726,0.017843442063652605,True,False,False,0.0002620781812651104,COMPLETE
1170,0.5614162683486938,2025-04-04 01:26:20.859362,2025-04-04 01:26:27.701141,0 days 00:00:06.841779,0.028565297467916466,0.24132217517631885,8,0.01641113982459682,0.279083169933412,0.06678445497624388,0.09549648457447489,0.05763469129120201,0.02801599313987299,0.000599558389036933,6,150,0.037563504002049,0.010664590981004033,True,False,False,0.00030860259915473803,COMPLETE
1171,0.385802036523819,2025-04-04 01:26:28.076949,2025-04-04 01:26:34.862197,0 days 00:00:06.785248,0.033168782097235394,0.2604287925322838,8,0.020631132549516092,0.2765076286835843,0.06463974419145693,0.09726453860834594,0.05554248995840288,0.027773694120715245,0.0008874836215707145,6,150,0.04073353867181472,0.007366664050069048,False,False,False,0.00015305347194308086,COMPLETE
1172,0.5607824325561523,2025-04-04 01:26:35.242077,2025-04-04 01:26:42.024499,0 days 00:00:06.782422,0.010316644684342274,0.2398940669730516,8,0.02515749437451225,0.2754411243177255,0.07152955777609643,0.09497288812635855,0.0577809354948877,0.029911231082320595,0.0006817224846699534,6,150,0.04312667610417182,0.006634289041886863,True,False,False,0.0002071260122007739,COMPLETE
1173,0.5601706385612488,2025-04-04 01:26:42.399832,2025-04-04 01:26:49.033260,0 days 00:00:06.633428,0.03262962074263138,0.29095740309900364,8,0.018114826507144965,0.28028574468228096,0.06626486419849448,0.09706470224130083,0.05435181498587326,0.03196978422182104,0.0006400315333920846,5,150,0.039680374119511905,0.011142371690835694,True,False,False,0.00029748346188675787,COMPLETE
1174,0.5138134002685547,2025-04-04 01:26:49.412681,2025-04-04 01:26:56.153622,0 days 00:00:06.740941,0.02696590853007401,0.27042223330210424,8,0.018461000937713704,0.27413448362787096,0.06716678019759345,0.09803621430427348,0.0567845903548574,0.02740151296049596,0.0008365130315322177,6,82,0.03862615109001102,0.006272665611125252,True,False,False,0.00029858153931733446,COMPLETE
1175,0.5589109659194946,2025-04-04 01:26:56.533702,2025-04-04 01:27:03.265531,0 days 00:00:06.731829,0.010416794924432272,0.23599820603586363,8,0.024466716917286323,0.2806058038018335,0.05610804130845652,0.09503208725935555,0.05858204046119727,0.03053389535033913,0.0005810179497230504,6,148,0.04046533635770007,0.2808186827052402,True,False,False,0.00043691433124515717,COMPLETE
