number,value,datetime_start,datetime_complete,duration,params_alpha-eval,params_alpha-train,params_batch-size,params_eps-eval,params_eps-train,params_lambda-actions-eval,params_lambda-actions-train,params_lambda-frames-eval,params_lambda-frames-train,params_learning-rate,params_n-epochs,params_n-frames,params_radius-gw,params_rho,params_std-feats,params_ub-actions,params_ub-frames,params_weight-decay,state
1752,0.46986021995544436,2025-04-05 08:45:52.223443,2025-04-05 08:45:58.716824,0 days 00:00:06.493381,0.8487165675218749,0.9115899077610211,16,0.13367467809071282,0.2749411827962896,0.08761776201002443,0.0366448426484306,0.04773341629575523,0.07473471309178506,3.0039669475089984e-05,11,23,0.008491794758032304,0.1472022084843287,True,True,False,1.6497587915821476e-07,COMPLETE
1753,0.3665283262729645,2025-04-05 08:45:59.309718,2025-04-05 08:46:10.689908,0 days 00:00:11.380190,0.888167547596886,0.9617541283974506,2,0.1561494540836108,0.2871823857902455,0.08864267741144206,0.0388903423162362,0.044719706123841844,0.07763132051138746,4.600357023491566e-05,10,19,0.006156858112084807,0.1811304760353889,True,True,False,1.3234454521733643e-07,COMPLETE
1754,0.44537008404731754,2025-04-05 08:46:11.257695,2025-04-05 08:46:18.768208,0 days 00:00:07.510513,0.8239405349384095,0.9333011945702616,16,0.15620082045016437,0.2929728863291694,0.08905405000481705,0.042635374551325864,0.04846029035529447,0.07585867690412984,3.40125747576388e-05,23,19,0.010334904273132984,0.20254479152740648,True,True,False,1.7509512496849807e-07,COMPLETE
1755,0.48145982027053835,2025-04-05 08:46:19.355533,2025-04-05 08:46:25.857120,0 days 00:00:06.501587,0.7563520378603575,0.9057783122929745,16,0.15083025529504437,0.2810322469236899,0.08605954749452681,0.026512048702526218,0.04016790442989651,0.08359695142107726,2.0270346784303416e-05,11,23,0.006917811898320722,0.19159343096354317,True,True,False,1.1233587734646505e-07,COMPLETE
1756,0.4930664420127869,2025-04-05 08:46:26.452450,2025-04-05 08:46:32.823622,0 days 00:00:06.371172,0.8811365043062208,0.951212732445259,16,0.15642031646914067,0.2883169454318055,0.08878069580552686,0.04105752754421481,0.04640134289779525,0.07984152798800452,2.7084888110558013e-05,10,22,0.011001742995837385,0.21319792549900807,True,True,False,2.392627527431479e-07,COMPLETE
1757,0.4778212428092957,2025-04-05 08:46:33.402654,2025-04-05 08:46:39.846919,0 days 00:00:06.444265,0.8685194852407512,0.9240868952843236,16,0.11395013138121785,0.27102444182317165,0.09046278534253252,0.03544748037113079,0.04303661372551498,0.07763918267912272,5.614156341493512e-05,11,19,0.0053168599640974114,0.196153895658328,True,True,False,1.1091516003680118e-07,COMPLETE
1758,0.48623831272125245,2025-04-05 08:46:40.418148,2025-04-05 08:46:46.826387,0 days 00:00:06.408239,0.7839894827708644,0.972404261101082,16,0.1306569323842775,0.2938605936221231,0.08882398360491933,0.04380058878272371,0.040207675962876555,0.07685601534435062,3.594067340913039e-05,10,25,0.00881568110152962,0.20612324236434038,True,True,False,1.7088933603135093e-07,COMPLETE
1759,0.3425359427928925,2025-04-05 08:46:47.416539,2025-04-05 08:46:53.891949,0 days 00:00:06.475410,0.8694142709637651,0.9451230621553212,16,0.10879434596421303,0.28327756864275044,0.08739872787032067,0.03891302877226313,0.045067127836728935,0.08098007957924706,2.464058806450398e-05,11,25,0.008170320005878936,0.15490965918593658,True,True,False,1.3177962453361714e-07,COMPLETE
1760,0.49514250755310063,2025-04-05 08:46:54.475797,2025-04-05 08:47:00.993395,0 days 00:00:06.517598,0.7514632243704024,0.9692192075374785,16,0.12792256369087776,0.27684651319337905,0.09080514045370312,0.04158629870259696,0.03368290624871608,0.07537943856447864,4.277170304131394e-05,11,22,0.010637882379880984,0.18250034669721305,True,True,False,9.491249945727409e-08,COMPLETE
1761,0.4659183740615845,2025-04-05 08:47:01.586275,2025-04-05 08:47:08.071463,0 days 00:00:06.485188,0.7494821301295919,0.9706070193089857,16,0.13409283802931848,0.26609261524549904,0.08595252465019437,0.043943583636712025,0.03454287423278416,0.07514481506075255,4.950025990114139e-05,11,20,0.005326839797787825,0.1849352503141719,True,True,False,1.284249515345641e-07,COMPLETE
1762,0.4469654500484467,2025-04-05 08:47:08.644297,2025-04-05 08:47:14.996182,0 days 00:00:06.351885,0.7610927061748911,0.966946586993876,16,0.11651993427964394,0.2680511648520958,0.08984676461865121,0.030875860845775975,0.03367658030445076,0.075152443320159,5.8230455309129514e-05,10,19,0.007486590538851675,0.17663760029073639,True,True,False,1.8124864198452477e-07,COMPLETE
1763,0.33424532413482666,2025-04-05 08:47:15.588946,2025-04-05 08:47:22.547724,0 days 00:00:06.958778,0.7929800339765749,0.9708373979972214,16,0.12755176373214214,0.27623512200001105,0.0877178384621313,0.03962345329830264,0.035903311341036255,0.07784952987346659,4.098903759617523e-05,11,108,0.009620174008463631,0.1821708524722603,True,True,False,1.449456025327401e-07,COMPLETE
1764,0.4965400457382202,2025-04-05 08:47:23.125042,2025-04-05 08:47:29.529876,0 days 00:00:06.404834,0.8129469310259783,0.9250270862881387,16,0.12939663969894277,0.27550733763312196,0.0905686677899166,0.036662831094424975,0.03325396066519978,0.0757890346288394,4.6402289499783426e-05,10,22,0.011468877697555217,0.19812646755198815,True,True,False,9.362406002416791e-08,COMPLETE
1765,0.3689975380897522,2025-04-05 08:47:30.121834,2025-04-05 08:47:37.828893,0 days 00:00:07.707059,0.8296003467558798,0.908211119904382,16,0.12274340366654454,0.2726773013924665,0.09071699861338475,0.03468597653553323,0.03210880610346001,0.07511300457825092,5.6493604408121347e-05,25,19,0.011187437695175361,0.18441507534377513,True,True,False,1.2077612624027082e-07,COMPLETE
1766,0.44853305816650396,2025-04-05 08:47:38.404109,2025-04-05 08:47:44.851380,0 days 00:00:06.447271,0.7991618302605813,0.9026513695616742,16,0.1264724458078034,0.2589154696636815,0.08552418004467849,0.03264680594284025,0.03306979242693769,0.07587899707361831,4.691335331696868e-05,10,19,0.012292548989409338,0.19143467480711363,True,True,False,9.37550883296359e-08,COMPLETE
1767,0.36351068019866944,2025-04-05 08:47:45.447478,2025-04-05 08:47:52.226324,0 days 00:00:06.778846,0.8576534472596196,0.8899406977848353,16,0.12052420565786279,0.26595522616938416,0.08772581431562611,0.03603892990573337,0.035213399340992754,0.07840287128067033,4.5483520761111565e-05,10,22,0.012056573102765873,0.1876653472074909,True,False,False,9.180212716842476e-08,COMPLETE
1768,0.4622130930423737,2025-04-05 08:47:52.806101,2025-04-05 08:47:59.175465,0 days 00:00:06.369364,0.8074524597553441,0.9244164284977698,16,0.11952534395834141,0.27529251554212353,0.09123382039825699,0.03772068674467741,0.033880924668226856,0.07513767427207135,6.123208323036598e-05,10,18,0.011546885669390956,0.19193195836546711,True,True,False,8.608526588251342e-08,COMPLETE
1769,0.28504276871681217,2025-04-05 08:47:59.768435,2025-04-05 08:48:06.090003,0 days 00:00:06.321568,0.8173265786779922,0.9224789014632927,16,0.1432449219890008,0.2725766128323125,0.09071204287937348,0.035126066874996274,0.03347119732270667,0.07625296659586515,4.0406445628137444e-05,10,21,0.010872874968624201,0.19298495916101638,True,True,True,9.237968936579074e-08,COMPLETE
1770,0.45392167568206787,2025-04-05 08:48:06.664871,2025-04-05 08:48:13.081208,0 days 00:00:06.416337,0.816100442807038,0.9397071405496135,16,0.1263152251118583,0.2785596079501144,0.08852349891072077,0.037780997363190065,0.03473985658628887,0.07926946221577993,5.308065098423358e-05,10,22,0.009857655147914285,0.17670974699282277,True,True,False,1.0666598586498706e-07,COMPLETE
1771,0.4681794106960297,2025-04-05 08:48:13.673513,2025-04-05 08:48:20.094623,0 days 00:00:06.421110,0.8420021410188235,0.8943267247107526,16,0.11226604690067286,0.2678068145688779,0.09240650858667585,0.03650729314122652,0.033414116256275335,0.07801350323045723,4.0803180436430055e-05,10,18,0.01203910575835917,0.1953630741171604,True,True,False,8.919700149324881e-08,COMPLETE
1772,0.4957541108131409,2025-04-05 08:48:20.671103,2025-04-05 08:48:27.090881,0 days 00:00:06.419778,0.7759266038430441,0.9180853342690513,16,0.11601079843370359,0.2800348613145726,0.08933925291215192,0.03047326573545411,0.03377461301078867,0.07427054946545059,2.94619825766514e-05,10,22,0.009412734112229868,0.16992134776932255,True,True,False,1.158651309852878e-07,COMPLETE
1773,0.4033891797065735,2025-04-05 08:48:27.686713,2025-04-05 08:48:39.069130,0 days 00:00:11.382417,0.7927581293031288,0.9104637670233793,2,0.09916045432386539,0.2622756460491519,0.08573426263908938,0.030943973931417637,0.03314050399295816,0.07524868346804985,1.7277689105084695e-05,10,19,0.0121972862675377,0.16797594778426747,True,True,False,8.924533398040188e-08,COMPLETE
1774,0.4855494260787964,2025-04-05 08:48:39.672470,2025-04-05 08:48:46.078166,0 days 00:00:06.405696,0.7859300222324762,0.9199396811823878,16,0.12680126195426697,0.2766061241191473,0.08811996452325949,0.03184589029640972,0.03053786264276498,0.0743036059972073,2.2695705296237783e-05,10,21,0.010110014506631168,0.1703078580588729,True,True,False,1.0769353882837038e-07,COMPLETE
1775,0.4636873483657837,2025-04-05 08:48:46.656373,2025-04-05 08:48:53.064311,0 days 00:00:06.407938,0.7695587084118717,0.8936843268796834,16,0.12344641994391464,0.27117004038204223,0.09149177212054108,0.03245868757294424,0.03590898345459047,0.07675855592144128,2.875529607576147e-05,10,18,0.012185543133243567,0.1593496328765449,True,True,False,1.1785411166676811e-07,COMPLETE
1776,0.4896240234375,2025-04-05 08:48:53.640551,2025-04-05 08:49:00.040961,0 days 00:00:06.400410,0.8123611212754899,0.8850059563693974,16,0.10836407743804508,0.256413910391742,0.08719230411383413,0.029510989473828377,0.03155582911477044,0.08039607202711307,3.078481869712224e-05,10,21,0.009792818775142714,0.19663400725706065,True,True,False,8.78845626533361e-08,COMPLETE
1777,0.4955578804016113,2025-04-05 08:49:00.638900,2025-04-05 08:49:07.142511,0 days 00:00:06.503611,0.7774786874043279,0.9099505931957667,16,0.12801285363547985,0.2770711008211441,0.08978680601344245,0.02953752795562655,0.03169279464052729,0.07346610553922732,2.128008981844461e-05,11,22,0.011850753059093033,0.16973297312410304,True,True,False,1.8576020035684056e-07,COMPLETE
1778,0.49205473661422733,2025-04-05 08:49:07.721953,2025-04-05 08:49:14.217402,0 days 00:00:06.495449,0.7777324768931542,0.9262574681453056,16,0.12175118867348418,0.2676090549183127,0.08547206237950189,0.027473179726205024,0.029476089367095656,0.0739516899715019,1.592809453124568e-05,10,18,0.012456026380468605,0.16232310616627899,True,True,False,1.6315892067114482e-07,COMPLETE
1779,0.49400681257247925,2025-04-05 08:49:14.815498,2025-04-05 08:49:21.188658,0 days 00:00:06.373160,0.7908058126442825,0.9475611227035211,16,0.11442092327083259,0.2791610807620825,0.08890002063567183,0.03319726387459691,0.030805136182559468,0.0769438549673186,1.960328687117187e-05,10,18,0.012818300305418686,0.1815879366045566,True,True,False,2.8757466010015364e-07,COMPLETE
1780,0.48157644271850586,2025-04-05 08:49:21.771287,2025-04-05 08:49:28.208279,0 days 00:00:06.436992,0.7597921296440727,0.9193171633640953,16,0.11512961167814466,0.2727679278059815,0.08704840210764159,0.02865241529569754,0.03209601380145273,0.07376135274190679,1.936780248891236e-05,10,19,0.012437599116958822,0.17312797251315454,True,True,False,2.2299321021599627e-07,COMPLETE
1781,0.48430119752883916,2025-04-05 08:49:28.805849,2025-04-05 08:49:35.230222,0 days 00:00:06.424373,0.8007862706505209,0.95040925076168,16,0.12933709715935296,0.2785670093507268,0.08946738338175436,0.02661646569249737,0.03218833398498571,0.07562542149971536,1.4412883621910005e-05,10,22,0.011247295749766623,0.17571642428583878,True,True,False,2.2396375709047826e-07,COMPLETE
1782,0.4948821425437927,2025-04-05 08:49:35.808430,2025-04-05 08:49:42.218253,0 days 00:00:06.409823,0.7728270578002223,0.9100602427873821,16,0.1084078903665539,0.26221042659034044,0.09053656731289535,0.0310748512631935,0.028232225397856615,0.07837854180534232,2.370101712614158e-05,10,22,0.012593719726346085,0.1706311262131529,True,True,False,1.8241074286198008e-07,COMPLETE
1783,0.48490223884582523,2025-04-05 08:49:42.815719,2025-04-05 08:49:49.188263,0 days 00:00:06.372544,0.769974367781096,0.9095153040119326,16,0.10343234350424221,0.26261357361686316,0.0916100942568013,0.031365467594346226,0.0274870987738971,0.07784281794260992,2.134351212309429e-05,10,18,0.011421037762913946,0.17345016659995283,True,True,False,3.168744496621504e-07,COMPLETE
1784,0.492915666103363,2025-04-05 08:49:49.773941,2025-04-05 08:49:56.131099,0 days 00:00:06.357158,0.7738293620582851,0.8908362600498283,16,0.1120205815097371,0.26357141236743,0.09097717447414781,0.029800174379291913,0.02673924430900395,0.07885373889704689,1.7430943698671793e-05,10,18,0.010707116062078244,0.1644150760278694,True,True,False,2.458937671861399e-07,COMPLETE
1785,0.4961689233779908,2025-04-05 08:49:56.730880,2025-04-05 08:50:03.165131,0 days 00:00:06.434251,0.7929803842634298,0.8996480132154245,16,0.11233472803680498,0.253348651957285,0.09028666219318904,0.02984989446213633,0.026740725976480657,0.08243596050973942,2.2867181992315494e-05,10,21,0.01250337101577705,0.16849307083718215,True,True,False,1.928026969528572e-07,COMPLETE
1786,0.49205402135848997,2025-04-05 08:50:03.789987,2025-04-05 08:50:10.175403,0 days 00:00:06.385416,0.8082731935358971,0.8870437243066743,16,0.10259657639290402,0.2598982458402643,0.0877619912430462,0.027578401384404923,0.021869222734307674,0.08134505140098837,1.9379179196823902e-05,10,18,0.010219146908149884,0.16832674587151344,True,True,False,2.3754857481736575e-07,COMPLETE
1787,0.28504276871681217,2025-04-05 08:50:10.760134,2025-04-05 08:50:16.980760,0 days 00:00:06.220626,0.7845008835753045,0.9043555233656049,16,0.10793651853692315,0.24695358206924742,0.0904080578970047,0.02984474447362758,0.025337899977331775,0.08191209097145519,2.1194930617484065e-05,9,18,0.009783014684766281,0.17164364974816204,True,True,True,3.941272810818481e-07,COMPLETE
1788,0.47843359708786015,2025-04-05 08:50:17.572988,2025-04-05 08:50:23.963889,0 days 00:00:06.390901,0.8318790629761782,0.8841563193883183,16,0.10902312502581005,0.25067950181798937,0.08544590660809039,0.029883486601437467,0.03147838008725989,0.08627522851974304,1.551695813804778e-05,10,21,0.012307044149389332,0.17875309692865485,True,True,False,2.7286034985329063e-07,COMPLETE
1789,0.36351068019866944,2025-04-05 08:50:24.565479,2025-04-05 08:50:31.235723,0 days 00:00:06.670244,0.7969388661132715,0.9104035911735887,16,0.1203355128435122,0.2490508635991307,0.0926176501425857,0.028546703631848434,0.030404717648447564,0.08121579719358944,2.3384001255829674e-05,9,20,0.010027591860033283,0.15649900206100562,True,False,False,3.353488318423388e-07,COMPLETE
1790,0.47550475001335146,2025-04-05 08:50:31.820873,2025-04-05 08:50:38.281834,0 days 00:00:06.460961,0.7654031821294697,0.9050321228475442,16,0.11734283699271432,0.2618394982083003,0.0887336468467233,0.030898473812367377,0.02602352507400683,0.08530925688857258,2.369827959420443e-05,10,19,0.00903642821597333,0.1647789036689033,True,True,False,2.1032098243437955e-07,COMPLETE
1791,0.4870656490325928,2025-04-05 08:50:38.881769,2025-04-05 08:50:45.279142,0 days 00:00:06.397373,0.786660313091821,0.889030518665096,16,0.11616191935838685,0.2575465153267845,0.09221220910373115,0.03087234086803394,0.027924416303202637,0.08372963447012215,1.8286406362469343e-05,10,21,0.012863568055303372,0.1733943420757294,True,True,False,1.9762529611495673e-07,COMPLETE
1792,0.4826775908470154,2025-04-05 08:50:45.866236,2025-04-05 08:50:52.194659,0 days 00:00:06.328423,0.8120974469271403,0.926897723362072,16,0.10438452133269838,0.25381592183969315,0.08720304673034479,0.02573075131015333,0.02867456485109976,0.08328428780763361,2.7156648313898967e-05,9,18,0.011324321308460571,0.1643556234494331,True,True,False,1.8921477437935728e-07,COMPLETE
1793,0.4141327798366547,2025-04-05 08:50:52.796788,2025-04-05 08:50:59.200386,0 days 00:00:06.403598,0.8273727267052098,0.9010132648004211,16,0.11368261298451804,0.25741377073104826,0.0012098711549326097,0.026222777728441893,0.0320425883317301,0.07935702469612549,1.5460653882846118e-05,10,22,0.00921768561041147,0.15812176799406508,True,True,False,3.0857157287595007e-07,COMPLETE
1794,0.46496682167053227,2025-04-05 08:50:59.815441,2025-04-05 08:51:11.097694,0 days 00:00:11.282253,0.7757162680046081,0.9257034277464419,2,0.12882653836321584,0.2660009019378302,0.09049216737958107,0.027877360332584655,0.022990651983733873,0.07725047281145303,2.6913609998138408e-05,10,22,0.051844257367505045,0.17024265990100385,True,True,False,5.005152518241007e-07,COMPLETE
1795,0.46929705739021305,2025-04-05 08:51:11.694118,2025-04-05 08:51:17.965043,0 days 00:00:06.270925,0.7530858299173994,0.9111066945720664,16,0.11936301574773045,0.26998178624245145,0.08881115527326587,0.03243510171036236,0.028386584596163417,0.07957059834301972,2.9133595250047244e-05,9,19,0.011012532320905467,0.1796655094316874,True,True,False,1.8775918804113203e-07,COMPLETE
1796,0.4133846879005433,2025-04-05 08:51:18.576834,2025-04-05 08:51:24.957401,0 days 00:00:06.380567,0.8004883883336656,0.8852934990550673,16,0.11178633629370126,0.2702383851719704,0.009097722190700222,0.033464854179902304,0.024971675655969316,0.07522145864127264,2.3604253254957647e-05,10,22,0.00906614230027619,0.15111135282244528,True,True,False,1.880584426781495e-07,COMPLETE
1797,0.48393212556838994,2025-04-05 08:51:25.545369,2025-04-05 08:51:31.999119,0 days 00:00:06.453750,0.7591259300356206,0.9357824499546372,16,0.11038549267318751,0.2567787761504515,0.09216861025845748,0.028318064535506327,0.02972526634826724,0.0774118560724302,1.9945647689210664e-05,10,18,0.013444903971948804,0.16887532632620247,True,True,False,2.428105652346482e-07,COMPLETE
1798,0.49603790044784546,2025-04-05 08:51:32.582425,2025-04-05 08:51:39.030835,0 days 00:00:06.448410,0.7870549614384513,0.9220231909943243,16,0.10776877934584675,0.26576175345694114,0.08577270110376888,0.029497471070028577,0.027350589788244735,0.08188719594699288,2.922245931387709e-05,10,22,0.007922590196852118,0.1750123599797869,True,True,False,1.6071953853320855e-07,COMPLETE
1799,0.4719395220279694,2025-04-05 08:51:39.634435,2025-04-05 08:51:45.965947,0 days 00:00:06.331512,0.7797788119476131,0.8854475846934404,16,0.11071558796140875,0.25346141970944336,0.0850350501394802,0.0298525344365759,0.02563456231256079,0.08251691451441429,2.6977689506539927e-05,9,18,0.007076529977199574,0.16194972217983108,True,True,False,1.6203935311086832e-07,COMPLETE
1800,0.4922903776168824,2025-04-05 08:51:46.550834,2025-04-05 08:51:52.851860,0 days 00:00:06.301026,0.8142359136359121,0.9080316896444078,16,0.10268944456010681,0.2619387739799344,0.08533276404004826,0.030962299553635466,0.027941879755390354,0.08410273623993006,2.1751662182996525e-05,9,18,0.007230088803928454,0.18041427007740887,True,True,False,2.590699214841941e-07,COMPLETE
1801,0.48210222721099855,2025-04-05 08:51:53.460291,2025-04-05 08:51:59.845580,0 days 00:00:06.385289,0.8008218173326812,0.9205635656689988,16,0.10475045589157617,0.267878208160273,0.08576711826773921,0.029106104722313356,0.025021238092051694,0.08089852523928899,1.7021482037166268e-05,9,22,0.008211990882864218,0.17674631662101908,True,True,False,1.8036197898397402e-07,COMPLETE
1802,0.38845989704132083,2025-04-05 08:52:00.432059,2025-04-05 08:52:06.897443,0 days 00:00:06.465384,0.8496579290561093,0.8991480389352962,16,0.09068509371771469,0.2666699131225624,0.08677635981957718,0.03362910607687185,0.0279874030413655,0.08152495785910494,2.412063832178402e-05,10,21,0.05858672947607338,0.17583921799532495,True,True,False,2.17608416735841e-07,COMPLETE
1803,0.47586854696273806,2025-04-05 08:52:07.505536,2025-04-05 08:52:13.803662,0 days 00:00:06.298126,0.8300512129538802,0.9200850564160311,16,0.11743718546241926,0.2548981352366284,0.08703679096132429,0.026368619814315417,0.02174391731371899,0.0862167403937065,3.161016826955458e-05,9,18,0.007592103043099908,0.18349184392630835,True,True,False,1.5527240733064753e-07,COMPLETE
1804,0.48269106149673463,2025-04-05 08:52:14.386031,2025-04-05 08:52:20.768357,0 days 00:00:06.382326,0.7796308682879403,0.8799078879450745,16,0.1070529905785115,0.2618786506475269,0.08505732545504449,0.03139569159009335,0.027455861021518764,0.07979379181733004,2.817022567496895e-05,10,21,0.00883003521176396,0.17390878406588728,True,True,False,1.6889939571131594e-07,COMPLETE
1805,0.4968228936195374,2025-04-05 08:52:21.378097,2025-04-05 08:52:27.808463,0 days 00:00:06.430366,0.7519373313799453,0.9316707103398617,16,0.09763907223246057,0.27451089806735013,0.08781612925769354,0.025739822477975925,0.02659320255320695,0.08391116927383485,2.22184242636925e-05,10,22,0.006436895784755702,0.16781526744829636,True,True,False,2.8812175378225485e-07,COMPLETE
1806,0.2923742949962616,2025-04-05 08:52:28.401521,2025-04-05 08:52:34.716966,0 days 00:00:06.315445,0.7499575193857202,0.935967306097768,16,0.09858534550412056,0.27310667504345143,0.08567322025165107,0.030674840204699683,0.023755972881511093,0.08546763924028666,1.4205407632692319e-05,9,20,0.005303115259696251,0.16064505769516482,True,False,True,2.771593159140366e-07,COMPLETE
1807,0.4851880431175232,2025-04-05 08:52:35.323496,2025-04-05 08:52:41.732641,0 days 00:00:06.409145,0.7536009972891855,0.9340804791884069,16,0.09962454815588426,0.2740643312803905,0.08475654673481842,0.026940146880431805,0.024191533812694805,0.08467023806667569,1.8614416420769308e-05,10,17,0.006005844310107203,0.166484293697199,True,True,False,2.4208881830204096e-07,COMPLETE
1808,0.48785862922668455,2025-04-05 08:52:42.346161,2025-04-05 08:52:48.798317,0 days 00:00:06.452156,0.790766114656707,0.9340310229023739,16,0.1298003465145806,0.27523293335568944,0.08716625843621605,0.023400091160226625,0.021166000050202673,0.08831777598338363,3.056163233604851e-05,10,22,0.004955361947839105,0.17853836809960763,True,True,False,4.26215559733797e-07,COMPLETE
