number,value,datetime_start,datetime_complete,duration,params_alpha-eval,params_alpha-train,params_batch-size,params_eps-eval,params_eps-train,params_lambda-actions-eval,params_lambda-actions-train,params_lambda-frames-eval,params_lambda-frames-train,params_learning-rate,params_n-epochs,params_n-frames,params_radius-gw,params_rho,params_std-feats,params_ub-actions,params_ub-frames,params_weight-decay,state
564,0.28504276871681217,2025-04-05 06:25:28.744517,2025-04-05 06:25:34.684106,0 days 00:00:05.939589,0.4887382164117113,0.5686900104476144,16,0.20950879575683978,0.07478348315937616,0.08358985366594592,0.08361829187214222,0.05848785483283226,0.04327612280996557,9.617991742614595e-05,7,25,0.02411783301047066,0.27893206012475275,False,True,False,3.4007456735180176e-08,COMPLETE
565,0.38021632432937624,2025-04-05 06:25:34.873333,2025-04-05 06:25:40.912201,0 days 00:00:06.038868,0.5156740659679332,0.6020301513071018,16,0.022179346387836238,0.10773707365060284,0.08392284013496788,0.08527364768397823,0.05747369315854306,0.04044160265870144,7.030907309028099e-05,7,23,0.020343157792964982,0.28516751005484714,False,True,False,5.606098556566802e-08,COMPLETE
566,0.48497245311737064,2025-04-05 06:25:41.092385,2025-04-05 06:25:46.987996,0 days 00:00:05.895611,0.47927050626131834,0.6151937028108929,16,0.011572888278174206,0.0697398187326647,0.08678980875535199,0.08797605461027833,0.05522393514704243,0.039117147354027465,0.00011169528314055334,6,27,0.01389582439887163,0.2856788742208725,False,True,False,2.86666541578132e-08,COMPLETE
567,0.36873345971107485,2025-04-05 06:25:47.178688,2025-04-05 06:25:53.113324,0 days 00:00:05.934636,0.4701906737907207,0.6244846460152796,16,0.010975835066474563,0.0863542820598039,0.08736675168413995,0.08776757122517258,0.04558658699292817,0.038196000003101,0.00011080398429428043,6,20,0.013032681979646073,0.287744516602709,False,True,False,4.575095282523596e-08,COMPLETE
568,0.283884871006012,2025-04-05 06:25:53.294321,2025-04-05 06:25:59.120203,0 days 00:00:05.825882,0.4566908799612457,0.6484579408784652,16,0.010029187955812478,0.07072536407257787,0.08770155921038221,0.08255106722017988,0.06029835801702963,0.03677541978616252,0.00013127167756325816,5,30,0.07363944695462427,0.29427980450785357,False,True,False,3.509452591760801e-08,COMPLETE
569,0.3688037395477295,2025-04-05 06:25:59.312448,2025-04-05 06:26:05.333066,0 days 00:00:06.020618,0.5179669966357711,0.6268453271306302,16,0.018051019501439145,0.18975573400376478,0.09485935065315723,0.08534210995930185,0.0480261021721595,0.03992277198384871,0.00011649617958285799,6,23,0.023347160016743793,0.2888719526410752,True,True,False,3.650139666607418e-08,COMPLETE
570,0.40543412566185,2025-04-05 06:26:05.518326,2025-04-05 06:26:11.442553,0 days 00:00:05.924227,0.4373106746555891,0.6724719746097754,16,0.026123745418041463,0.06286098760863233,0.08546020579167524,0.08898788869129151,0.05650516671899069,0.036208500901847664,8.795737727497106e-05,6,19,0.018640659764549917,0.299856982936339,False,True,False,3.3186492113610175e-08,COMPLETE
571,0.3547587990760804,2025-04-05 06:26:11.623676,2025-04-05 06:26:17.618489,0 days 00:00:05.994813,0.491616220959714,0.6072348073781823,16,0.005249805328203571,0.08063449373021682,0.08637577044627363,0.08655685073278035,0.06457980388331795,0.03878421966414235,0.0001432070256404258,6,27,0.010460142729847643,0.2772965478782375,False,True,False,2.610446292490992e-08,COMPLETE
572,0.3623247027397156,2025-04-05 06:26:17.811204,2025-04-05 06:26:23.650096,0 days 00:00:05.838892,0.47318590370003016,0.6347740435369934,16,0.00023081283118926292,0.09436425849914191,0.09184084901001766,0.0836795762074261,0.05918288309510072,0.03466878881153446,0.00010439332776382651,5,24,0.013891492857889192,0.29402929917064374,False,True,False,4.581470002892674e-08,COMPLETE
573,0.3598405420780182,2025-04-05 06:26:23.830588,2025-04-05 06:26:29.938539,0 days 00:00:06.107951,0.5119813230954648,0.6606663683602257,16,0.010486139142548073,0.07246896056533053,0.07864766991397687,0.08972850714999321,0.0626641576472467,0.042856329208666305,0.00012153851218761997,8,21,0.02083830529604911,0.2849462288901717,False,True,False,4.963155720761801e-05,COMPLETE
574,0.4409679889678956,2025-04-05 06:26:30.132143,2025-04-05 06:26:36.094631,0 days 00:00:05.962488,0.5251777035776392,0.6843763096518887,16,0.015319628700585841,0.060745987354122205,0.09039462705500581,0.08775013838739702,0.06112898867678992,0.03975461366306648,9.662723463809606e-05,6,38,0.017431952592896857,0.29996315931044554,False,True,False,2.8698921617901918e-08,COMPLETE
575,0.3504029154777527,2025-04-05 06:26:36.275781,2025-04-05 06:26:42.142427,0 days 00:00:05.866646,0.49493455078763293,0.6085739053238434,16,0.006041038854361167,0.06747640200933605,0.08354466571151753,0.08544707074017835,0.06479514645833162,0.0373318137581361,0.00014258960628728328,5,29,0.014737104670898324,0.28984891001182356,False,True,False,2.0752524800909913e-08,COMPLETE
576,0.4814775943756104,2025-04-05 06:26:42.338702,2025-04-05 06:26:48.325691,0 days 00:00:05.986989,0.45380876330326236,0.5454152242284196,16,0.00038002170109887863,0.07734513759158956,0.08602542431339606,0.09072311304114927,0.05656113437458959,0.041485216455550256,8.474860817249497e-05,7,26,0.021704538006141683,0.27958720660150643,False,True,False,2.8330183298039397e-08,COMPLETE
577,0.35582194328308103,2025-04-05 06:26:48.507567,2025-04-05 06:26:54.757721,0 days 00:00:06.250154,0.4569124702149839,0.5387483821422914,16,0.001134592853187085,0.0842048696326119,0.0864568987899857,0.09057608570495845,0.057370004964658806,0.043865061914394834,8.190795340696544e-05,7,32,0.024111594721529992,0.2782209653180732,False,False,False,2.866736064380901e-08,COMPLETE
578,0.28504276871681217,2025-04-05 06:26:54.953106,2025-04-05 06:27:01.034687,0 days 00:00:06.081581,0.4359249917943201,0.5580330727076093,16,0.010978935783646568,0.0911095009660521,0.08903134328333089,0.09040159285293048,0.05582503527237513,0.04129171886417267,0.00011753736121859208,8,19,0.022171146843730713,0.28192268464986814,False,True,True,4.378586822240952e-08,COMPLETE
579,0.482938838005066,2025-04-05 06:27:01.219090,2025-04-05 06:27:07.218219,0 days 00:00:05.999129,0.44499476235142615,0.5370172664809802,16,0.0002877366827271224,0.07865217692271553,0.08569672520131824,0.09151393914304393,0.052469045913133616,0.042335513734343515,8.19392625891388e-05,7,22,0.02560582958010905,0.28566321383232673,False,True,False,5.5342343565459066e-08,COMPLETE
580,0.45434235334396367,2025-04-05 06:27:07.416581,2025-04-05 06:27:13.465538,0 days 00:00:06.048957,0.4407657663091696,0.5450310077177373,16,0.0001348053767605724,0.07845298045286411,0.08832102334370959,0.09193073785944818,0.0520793875913654,0.044669832262545985,5.227675801197213e-05,7,19,0.019689500216410527,0.28067820625841117,False,True,False,4.76993702310181e-08,COMPLETE
581,0.32749176621437076,2025-04-05 06:27:13.649207,2025-04-05 06:27:19.733030,0 days 00:00:06.083823,0.4470947278943079,0.5115175576701366,16,0.0006262328244647373,0.08258156117669338,0.08544166498705115,0.09177289443908315,0.05186277732311283,0.04247691208280813,0.005253869413111188,8,22,0.025822897813250485,0.2943291682482509,False,True,False,5.742148540835485e-08,COMPLETE
582,0.34278184771537784,2025-04-05 06:27:19.931110,2025-04-05 06:27:26.100930,0 days 00:00:06.169820,0.4321101162995037,0.5284178510909272,16,0.005988206979170357,0.07624389098797656,0.0905624278106653,0.08848968956963901,0.0506429119117784,0.046827096743066426,7.361075455842603e-05,9,26,0.02179205266335828,0.28729726262204314,False,True,False,3.700334821524896e-08,COMPLETE
583,0.3543911933898926,2025-04-05 06:27:26.285365,2025-04-05 06:27:32.321156,0 days 00:00:06.035791,0.46650112285282946,0.5157212718484495,16,0.00012192054340658606,0.08783645856195696,0.0827947376531468,0.08960463950183764,0.05307063628764713,0.041290647876347564,8.209332715586647e-05,7,29,0.01197768388219986,0.2945467071078614,False,True,False,6.057848753149264e-08,COMPLETE
584,0.4720033466815948,2025-04-05 06:27:32.507575,2025-04-05 06:27:38.603977,0 days 00:00:06.096402,0.4554030194293772,0.5496128289018394,16,0.0061909495161170044,0.05987477678159335,0.07697862749500586,0.09183810177087583,0.04904105849758675,0.04385071447998478,6.262729108198802e-05,8,21,0.015729865552405572,0.27642091159636295,False,True,False,3.912885968226153e-08,COMPLETE
585,0.40100371837615967,2025-04-05 06:27:38.800304,2025-04-05 06:27:44.802096,0 days 00:00:06.001792,0.47095092590424326,0.56784670915232,16,0.005710357721155707,0.07851802385181701,0.08712988611346137,0.09377267330997016,0.054361588756886584,0.051193263587377025,4.386524070755242e-05,7,25,0.019068864672085656,0.28377146839823986,False,True,False,5.1509945210841094e-08,COMPLETE
586,0.35664350986480714,2025-04-05 06:27:44.988293,2025-04-05 06:27:51.071054,0 days 00:00:06.082761,0.4274559872885051,0.6945989300741058,16,0.00043269433745187635,0.06361292955918538,0.08434001056351469,0.08834932067504396,0.0565566224600294,0.046326282130244305,0.00015743526284231856,7,33,0.013769003829354498,0.2998738778355431,False,True,False,2.127316610563981e-08,COMPLETE
587,0.4834753632545471,2025-04-05 06:27:51.266934,2025-04-05 06:27:57.449926,0 days 00:00:06.182992,0.47506832853806547,0.5352290717328434,16,0.018380768397715214,0.07370160220463132,0.08280691555985663,0.09778129215216229,0.054949154030845965,0.03441289112045458,0.0001331137454568101,9,18,0.018061815864639594,0.29024618670703706,False,True,False,2.7932324205719874e-08,COMPLETE
588,0.47774337530136113,2025-04-05 06:27:57.647996,2025-04-05 06:28:03.990600,0 days 00:00:06.342604,0.4720553637580923,0.5238277063018255,16,0.021113301692557387,0.07379918401564414,0.0828182679277615,0.09752823916700194,0.05443366389551879,0.03430524473756311,8.909131946473835e-05,9,23,0.017848165120583365,0.2942240954273436,False,True,False,3.536000054012401e-08,COMPLETE
589,0.3642535865306854,2025-04-05 06:28:04.188696,2025-04-05 06:28:10.428812,0 days 00:00:06.240116,0.447123782384501,0.5271862339834373,16,0.02543857636880697,0.08433804230518938,0.07981977263199747,0.09667018430204274,0.05584893431366539,0.05735080418338309,7.22740661629141e-05,9,18,0.016476695116037852,0.2785352707856644,True,True,False,2.9643964623518845e-08,COMPLETE
590,0.434907215833664,2025-04-05 06:28:10.616733,2025-04-05 06:28:16.687121,0 days 00:00:06.070388,0.48070319569487396,0.5639185916857585,16,0.018779366555986006,0.07645928005260023,0.08623580572354411,0.0999711733937555,0.05265479176681628,0.03876200009652718,0.00010296115331266824,8,18,0.009709196188525842,0.2895815108132114,False,True,False,7.435605410392953e-08,COMPLETE
591,0.4712312459945679,2025-04-05 06:28:16.887091,2025-04-05 06:28:23.088585,0 days 00:00:06.201494,0.45633249639277274,0.5396634017270884,16,0.016590143534109304,0.07194928867150018,0.08206419094400114,0.09463364433945773,0.059289021535741684,0.036212345389373804,0.00013200163523222912,9,20,0.020619924137174842,0.2836324379228748,False,True,False,6.74366517546686e-08,COMPLETE
592,0.3767260551452637,2025-04-05 06:28:23.277570,2025-04-05 06:28:29.550137,0 days 00:00:06.272567,0.4299764049514436,0.5058908258103005,16,0.012968982969737737,0.09494854335786918,0.0780888845460398,0.09703834540561747,0.06200605088070497,0.03440156145862078,9.15639857029541e-05,10,27,0.015148464468726332,0.299914581648363,False,True,False,2.7645634207856556e-08,COMPLETE
593,0.4817288160324097,2025-04-05 06:28:29.749000,2025-04-05 06:28:36.061267,0 days 00:00:06.312267,0.47233341616403474,0.5774179287959874,16,0.02541217689581511,0.06429803602065338,0.08390359984324816,0.09138413661717926,0.0504917812129586,0.04141637519852106,0.0001123501369657185,10,18,0.019049615470859413,0.29329932851217944,False,True,False,2.3766669604191064e-08,COMPLETE
594,0.47933895587921144,2025-04-05 06:28:36.249255,2025-04-05 06:28:42.521154,0 days 00:00:06.271899,0.47446334971307597,0.5795563725190128,16,0.026556284126568026,0.06586558638537912,0.08395240778162187,0.09150205715615733,0.05032416539672624,0.04125501907428104,0.0001140497441713412,10,18,0.018861452448154768,0.2941391442270919,False,True,False,1.1342843529947629e-05,COMPLETE
595,0.48045613765716555,2025-04-05 06:28:42.720534,2025-04-05 06:28:48.969086,0 days 00:00:06.248552,0.4430058679573415,0.5519073250797347,16,0.021264161144711774,0.07892189289319348,0.08769846328629957,0.09286981096020602,0.04928257449154743,0.043224911534228014,7.593224765649583e-05,9,22,0.021330918990680684,0.293730248254074,False,True,False,3.945817607296986e-08,COMPLETE
596,0.38922468423843387,2025-04-05 06:28:49.157618,2025-04-05 06:28:55.583588,0 days 00:00:06.425970,0.45852867289675536,0.5619254343349624,16,0.01032187527115827,0.07202152184242723,0.08486240217930437,0.08949187825588252,0.04714874157916943,0.03866841384547092,0.00015662448405211464,8,24,0.016735540546813372,0.2998283510142041,False,False,False,4.7847975895236495e-08,COMPLETE
597,0.28504276871681217,2025-04-05 06:28:55.794447,2025-04-05 06:29:02.084363,0 days 00:00:06.289916,0.49084131428265426,0.5786413118952772,16,0.02874577624515131,0.0642616999510397,0.08140036309943587,0.0909660103457785,0.05345955593011043,0.04067781522519036,8.707448209839946e-05,10,18,0.019547734765456647,0.2897979804694954,False,True,True,2.8205391528757193e-08,COMPLETE
598,0.32432367205619816,2025-04-05 06:29:02.277619,2025-04-05 06:29:08.496551,0 days 00:00:06.218932,0.47313431573099446,0.5346584046193905,16,0.21918486848196128,0.08549364334536856,0.08640762599053883,0.09442424635374716,0.05534370805316091,0.045248385450004314,0.004096918533693812,9,21,0.011765513816204868,0.2850292472500716,False,True,False,3.276679860536037e-08,COMPLETE
599,0.4288589239120484,2025-04-05 06:29:08.686446,2025-04-05 06:29:14.711656,0 days 00:00:06.025210,0.16438764275842527,0.5847896589722226,16,0.019644636696339077,0.060872472363933,0.08298542431353333,0.0880937309547001,0.04522679257633812,0.042647993789546174,5.818069251042036e-05,7,29,0.014143328191799857,0.29427790422700273,False,True,False,2.602215871812369e-08,COMPLETE
600,0.3551791191101074,2025-04-05 06:29:14.914138,2025-04-05 06:29:21.191743,0 days 00:00:06.277605,0.4491109226365841,0.6459007002887182,16,0.010851598767569599,0.06938562849331595,0.07950166382513346,0.09052610250543104,0.050374117607024024,0.04943199027505959,0.00010470816282740685,10,26,0.017866772149693944,0.2791196265981179,False,True,False,2.1307930535706992e-08,COMPLETE
601,0.3929471433162689,2025-04-05 06:29:21.381439,2025-04-05 06:29:27.402767,0 days 00:00:06.021328,0.4205311905400398,0.562346654275071,16,0.014878246040809215,0.07383325793900766,0.08921838911656661,0.09278731548443392,0.05343508998683586,0.03807115021834854,0.0001260543975971647,7,17,0.0814324228116744,0.29052346671358803,False,True,False,5.116560617645987e-08,COMPLETE
602,0.47773081660270694,2025-04-05 06:29:27.605841,2025-04-05 06:29:33.795397,0 days 00:00:06.189556,0.4825126760654641,0.4974995629590798,16,0.006717317761876403,0.08059034036652507,0.07648612125072451,0.08681097673587257,0.059244964659122275,0.04015670947066059,9.470799067689933e-05,9,23,0.015520694853063545,0.2999252388127017,False,True,False,3.9063666789521605e-08,COMPLETE
603,0.46627525687217714,2025-04-05 06:29:33.984210,2025-04-05 06:29:39.881915,0 days 00:00:05.897705,0.4941547488196389,0.5396964026165543,16,0.009021827135351702,0.06659568213127691,0.09134307263006251,0.09057790674447318,0.056672880945058804,0.03396078669852745,0.00013248613073417833,6,21,0.022702088128508983,0.28558308880032074,False,True,False,2.4560931303073694e-08,COMPLETE
604,0.4751171231269837,2025-04-05 06:29:40.085043,2025-04-05 06:29:46.252336,0 days 00:00:06.167293,0.4639027994130513,0.590740392623479,16,0.01884134879580804,0.060404181583892234,0.08366598549444881,0.08893905120874779,0.05134327432849679,0.04709551475492108,7.240138208826172e-05,8,30,0.019602304513847046,0.29399009236269996,False,True,False,3.255469449575683e-08,COMPLETE
605,0.3559161722660065,2025-04-05 06:29:46.445111,2025-04-05 06:29:52.536673,0 days 00:00:06.091562,0.47871256181568766,0.6812355798745379,16,0.02602765619964638,0.09050370263172275,0.09482300624616005,0.09404782153030064,0.06039984845603065,0.036148789338848825,0.0001563485041822448,8,25,0.012793678232761143,0.2758891027476541,False,True,False,2.2802557285644835e-08,COMPLETE
606,0.46770528554916385,2025-04-05 06:29:52.741796,2025-04-05 06:29:58.993129,0 days 00:00:06.251333,0.4272457833922514,0.6273559964403893,16,0.006177702979024937,0.0761850230415196,0.08095194410671201,0.0868170653962082,0.057806896643167634,0.042741216683603644,0.00010811763967864731,10,18,0.017434489485772697,0.2882454287287669,False,True,False,1.9997205635718466e-08,COMPLETE
607,0.4205190360546113,2025-04-05 06:29:59.194536,2025-04-05 06:30:05.137275,0 days 00:00:05.942739,0.504634893060175,0.6599300802317676,16,0.014382376774024062,0.0676647706521285,0.08575646175698454,0.09209274701969762,0.054908729393457756,0.03864203106097468,8.599703710986233e-05,7,21,0.02171158709159521,0.294597940935499,False,True,False,4.090908720537889e-08,COMPLETE
608,0.36018220186233524,2025-04-05 06:30:05.341979,2025-04-05 06:30:11.240231,0 days 00:00:05.898252,0.45642273375802267,0.5931167181876528,16,0.00037945084842457445,0.08359045239322921,0.08773882245147129,0.08128070427611457,0.048323015029086515,0.043909858191175724,0.00011730161974343647,5,27,0.008526656225220489,0.2834306335852605,True,True,False,6.388396410301406e-08,COMPLETE
609,0.45669428110122684,2025-04-05 06:30:11.432504,2025-04-05 06:30:17.389093,0 days 00:00:05.956589,0.49219410820451204,0.52059384170892,16,0.010766115415702828,0.059452859788810354,0.07494727987234799,0.08957564776429365,0.06352043606140553,0.040939345088158864,6.930135737120769e-05,6,25,0.01571212944517534,0.29000380235461154,False,True,False,3.0081865824414366e-08,COMPLETE
610,0.3557054758071899,2025-04-05 06:30:17.594347,2025-04-05 06:30:23.724604,0 days 00:00:06.130257,0.4742980780071229,0.6912570127373363,16,0.00014938611255385734,0.07274221453881606,0.08219721740137258,0.09563407391882366,0.06148271228939849,0.04548923053078569,4.9696079063049205e-05,8,35,0.018660609903561,0.29438076640230815,False,True,False,2.537952883972586e-08,COMPLETE
611,0.4758376300334931,2025-04-05 06:30:23.918338,2025-04-05 06:30:30.006959,0 days 00:00:06.088621,0.5030625873261888,0.6608395432026148,16,0.006849244949412265,0.06578173760140614,0.07909461020007633,0.08707778715601762,0.05795606365388747,0.048381621062041,0.0001700672640129713,7,17,0.012729030600057863,0.2806154564781605,False,True,False,2.0102350806919822e-08,COMPLETE
612,0.46273723840713504,2025-04-05 06:30:30.213917,2025-04-05 06:30:36.236187,0 days 00:00:06.022270,0.44689350682864437,0.5625788164740602,16,0.020856769758316875,0.07898820074177726,0.0842575685343006,0.09206700335806683,0.052580209919648,0.0353273776132441,0.00010075591881276371,6,31,0.020381496450445992,0.28610277499371256,False,True,False,3.3367645141367814e-08,COMPLETE
613,0.3828868627548218,2025-04-05 06:30:36.432191,2025-04-05 06:30:42.711768,0 days 00:00:06.279577,0.5355619733310191,0.6187861577494197,16,0.014591920094960768,0.264614791645563,0.07746252269699033,0.0890591613227436,0.056060916668034505,0.0376789077305044,0.00013475374711925051,10,23,0.014372209011370284,0.29452982832946456,False,True,False,2.094808163458904e-08,COMPLETE
614,0.28474882841110233,2025-04-05 06:30:42.920247,2025-04-05 06:30:49.207646,0 days 00:00:06.287399,0.4822717161756778,0.641775888625016,16,0.007794827309812739,0.07241550006652857,0.08032138744546512,0.06374965903869081,0.05963843616205992,0.03966917189056712,8.085306480643704e-05,9,65,0.016916755755050222,0.2996717847376059,False,True,False,2.575407349464384e-08,COMPLETE
615,0.39389877319335936,2025-04-05 06:30:49.401661,2025-04-05 06:30:55.640529,0 days 00:00:06.238868,0.5059702427359352,0.5491195729161311,16,0.0059992422087303265,0.0613622741649154,0.008523609793439503,0.08585593337913637,0.063915119804962,0.03359806521340901,6.089648008817913e-05,7,27,0.010592134668860963,0.27860149995426875,False,False,False,5.1073739038467986e-08,COMPLETE
616,0.28504276871681217,2025-04-05 06:30:55.849080,2025-04-05 06:31:01.768266,0 days 00:00:05.919186,0.46015106367698577,0.5762811328841455,16,0.015178540036946455,0.06804154854377424,0.08925081211885466,0.08384835295357657,0.06220042702441599,0.041167295116925066,0.00011956371706335766,6,21,0.02305449889372337,0.28932087474674273,False,True,True,1.9788740770501525e-08,COMPLETE
617,0.3469757378101349,2025-04-05 06:31:01.962637,2025-04-05 06:31:07.802983,0 days 00:00:05.840346,0.5317662228461087,0.6738341854420384,16,0.025368065390715556,0.08908875930891544,0.08521365354534328,0.0935948255186898,0.054335557100585075,0.044749488306494764,0.00010191747264294702,5,20,0.018146394794492034,0.28304227275277244,False,True,False,3.829419214480644e-08,COMPLETE
618,0.4617618083953858,2025-04-05 06:31:08.013220,2025-04-05 06:31:14.126412,0 days 00:00:06.113192,0.4887696148219586,0.599507553856801,16,0.010884372159934758,0.0772118267015076,0.07467611601648348,0.09017064786777987,0.059050874452376716,0.0358914033003046,0.0001446192307552219,8,17,0.0154504228256911,0.2945441864547534,False,True,False,2.943533514281831e-08,COMPLETE
619,0.285556572675705,2025-04-05 06:31:14.321813,2025-04-05 06:31:20.382890,0 days 00:00:06.061077,0.42770307094531596,0.6351680660286252,16,0.00018944960980796796,0.05899369111933581,0.08167374850412785,0.08801205538871155,0.0652005571717366,0.042970838862779956,8.476756863269785e-05,7,84,0.020748046884775988,0.28910425290188124,False,True,False,1.800321305883161e-08,COMPLETE
620,0.35586576461791997,2025-04-05 06:31:20.592280,2025-04-05 06:31:26.623357,0 days 00:00:06.031077,0.5079401457207863,0.5486575460051014,16,0.01940012494070822,0.08193992333037375,0.0869540073482913,0.05662877813464942,0.04716734436374408,0.03785200334321261,0.0001656158483093616,6,29,0.02498550594860665,0.29985158438196874,False,True,False,2.5361312395040197e-08,COMPLETE
