number,value,datetime_start,datetime_complete,duration,params_alpha-eval,params_alpha-train,params_batch-size,params_eps-eval,params_eps-train,params_lambda-actions-eval,params_lambda-actions-train,params_lambda-frames-eval,params_lambda-frames-train,params_learning-rate,params_n-epochs,params_n-frames,params_radius-gw,params_rho,params_std-feats,params_ub-actions,params_ub-frames,params_weight-decay,state
223,0.4191103994846344,2025-04-24 16:14:40.823523,2025-04-24 16:15:07.704366,0 days 00:00:26.880843,0.3148966260198068,0.4060026765775995,2,0.28447438021464666,0.0512853065551494,0.09244752980374095,0.03671153135567798,0.07711660477710175,0.0030891372673324223,1.8376252562764205e-05,29,106,0.005260465744881718,0.14530566953473878,True,False,False,0.00011571668505716768,COMPLETE
224,0.4227000594139099,2025-04-24 16:15:07.774524,2025-04-24 16:15:34.170191,0 days 00:00:26.395667,0.38056170782856236,0.4446386880078073,2,0.28787756236182466,0.03796978529040922,0.09493493356769195,0.03684841217975891,0.07553302900461142,0.0055036101206792235,2.1059503130731237e-05,29,104,0.0030078489184081404,0.12931547610122912,True,False,False,8.810456252011296e-05,COMPLETE
225,0.4161325752735138,2025-04-24 16:15:34.240393,2025-04-24 16:16:00.672305,0 days 00:00:26.431912,0.33958464418102746,0.43677364645020567,2,0.28147303033990373,0.0485173777571157,0.09160803144660268,0.038113675181232924,0.07616632185073838,0.0017943285429267031,1.7155769161772344e-05,29,100,0.007676081379552317,0.12293265079067933,True,False,False,0.00020985204269570394,COMPLETE
226,0.4349649488925934,2025-04-24 16:16:00.743432,2025-04-24 16:16:27.153302,0 days 00:00:26.409870,0.3574176548194089,0.43120111996509564,2,0.2891703412767445,0.04437913253334956,0.0944397337832161,0.032888248432744925,0.06980422846261582,0.008043703595159072,3.214155541310925e-05,29,108,0.002952902411362474,0.12652312184102837,True,False,False,6.0196467990702713e-05,COMPLETE
227,0.41348999738693243,2025-04-24 16:16:27.236540,2025-04-24 16:16:38.251658,0 days 00:00:11.015118,0.3600992868181164,0.4245714005457484,2,0.2892784032048413,0.04453233818654304,0.0950576752505311,0.038826083254639605,0.07008679275405258,0.007957598369934864,3.1973340453665104e-05,6,115,0.0026848471066415495,0.1351868343621452,True,False,False,5.648711085728683e-05,COMPLETE
228,0.42862098217010497,2025-04-24 16:16:38.323564,2025-04-24 16:17:04.880072,0 days 00:00:26.556508,0.3351013983047251,0.45036487925486635,2,0.2998995552223638,0.04011417560024893,0.09330771521741785,0.033375501660089825,0.07465341276171031,0.009139246831403935,2.2897247109148222e-05,29,108,0.0029057254614716253,0.12768836860381264,True,False,False,7.020534723885775e-05,COMPLETE
229,0.4233633041381836,2025-04-24 16:17:04.954128,2025-04-24 16:17:31.251431,0 days 00:00:26.297303,0.38812627545175815,0.40103482780323046,2,0.29929476147112927,0.05380668982498549,0.09377100676463154,0.033404838128914906,0.07938181854814064,0.009187879365599266,2.2049028395983832e-05,29,108,0.0026248590501850608,0.1264330464731602,True,False,False,4.527882336467692e-05,COMPLETE
230,0.4278374910354614,2025-04-24 16:17:31.323752,2025-04-24 16:17:57.798959,0 days 00:00:26.475207,0.3345424497750572,0.4329554366309278,2,0.29235727675079143,0.041122404417304394,0.0960799292382639,0.03345921488032684,0.07230094073293318,0.006062789089354072,2.8073635276273003e-05,29,104,0.0010660787692946148,0.12036464848787667,True,False,False,6.813014891925579e-05,COMPLETE
231,0.4302237093448639,2025-04-24 16:17:57.871288,2025-04-24 16:18:24.462475,0 days 00:00:26.591187,0.3351816009007428,0.4501536726911926,2,0.29394309462176144,0.04031382799675099,0.09572320139571741,0.03688853762063938,0.07196396124970683,0.001141007728124532,2.814671809195422e-05,29,104,0.0026684335514740865,0.11984777292524774,True,False,False,6.985982023674396e-05,COMPLETE
232,0.42729273438453674,2025-04-24 16:18:24.535167,2025-04-24 16:18:50.883120,0 days 00:00:26.347953,0.33112886421147636,0.43246082807514613,2,0.29399250904981905,0.040821011099766484,0.09690348201180292,0.03768204649491137,0.07232696813292998,0.004603572226772977,2.6719292674684865e-05,29,105,0.0028800045092642413,0.11924817413827904,True,False,False,6.614155181511039e-05,COMPLETE
233,0.42760907411575316,2025-04-24 16:18:50.965184,2025-04-24 16:19:17.183362,0 days 00:00:26.218178,0.35333220157572837,0.430570660372141,2,0.29063521281261584,0.04323343834479216,0.0971121763233409,0.03859344879165476,0.0717819924860843,0.0012257321651282546,2.775766100359193e-05,29,104,0.004923962303231733,0.11845398141935468,True,False,False,6.859407228332024e-05,COMPLETE
234,0.42528693079948426,2025-04-24 16:19:17.257182,2025-04-24 16:19:43.640182,0 days 00:00:26.383000,0.3509336618407222,0.45135961926026424,2,0.29320293527437613,0.046088518739977075,0.09687210801178366,0.03297095865209852,0.07148129847067733,0.005619109203695287,2.9546455899586713e-05,29,103,0.0028924638791824565,0.11804006407523196,True,False,False,6.355087135427935e-05,COMPLETE
235,0.35086668729782106,2025-04-24 16:19:43.714108,2025-04-24 16:20:10.996323,0 days 00:00:27.282215,0.3274060365740227,0.4297054496558855,2,0.29089121469741963,0.06636024754527393,0.09631989586971812,0.03441802833332901,0.06961140757461502,0.006420675300898653,3.3762817637485725e-05,30,105,0.004478649516008489,0.11904084121421789,True,False,False,3.834717016351914e-05,COMPLETE
236,0.39121078252792363,2025-04-24 16:20:11.070609,2025-04-24 16:20:37.547846,0 days 00:00:26.477237,0.36996988336952646,0.451068160573045,2,0.29521120083169605,0.05577543571211693,0.09741928538808324,0.039177068810832535,0.07230580928876022,0.004440985261846048,2.478719969740043e-05,29,101,0.002820713984399946,0.11415680746735928,True,False,False,7.48993605024005e-05,COMPLETE
237,0.4323577284812927,2025-04-24 16:20:37.622213,2025-04-24 16:21:04.522936,0 days 00:00:26.900723,0.35169057477114024,0.4029488583556352,2,0.28764326925982686,0.04694346694431024,0.0945801396666363,0.036551819137429185,0.06872923381791665,0.007500275469594208,2.635557647727435e-05,30,96,0.0060832121906738805,0.1222245227145272,True,False,False,5.741078648964167e-05,COMPLETE
238,0.41678637862205503,2025-04-24 16:21:04.597645,2025-04-24 16:21:30.716521,0 days 00:00:26.118876,0.31244339841861324,0.40807686086857325,2,0.2869398343744389,0.048335608525942125,0.09478142679729164,0.03729454798620156,0.06797231390887645,0.009402862613487828,3.010498317508482e-05,29,95,0.007033616862983188,0.138830418185839,True,False,False,5.469634259581677e-05,COMPLETE
239,0.42990061640739446,2025-04-24 16:21:30.802513,2025-04-24 16:21:57.780938,0 days 00:00:26.978425,0.3383628629030033,0.41889856164288786,2,0.2993839159816663,0.04472590395104219,0.0956990804710443,0.0368038596127506,0.07397772013183417,0.006513231426909676,2.2748785902264395e-05,30,96,0.006114382134997336,0.12214620228226108,True,False,False,6.594881751965058e-05,COMPLETE
240,0.37075271606445315,2025-04-24 16:21:57.855911,2025-04-24 16:22:21.433620,0 days 00:00:23.577709,0.33014081795782024,0.45480643097646456,2,0.2994265485452699,0.033816819193561026,0.0983299067259676,0.03569716147747457,0.0723412967136516,0.006906113852783221,3.300274764063275e-05,30,96,0.008565845379922422,0.13214975250532943,True,True,False,6.762137236233364e-05,COMPLETE
241,0.43138611912727354,2025-04-24 16:22:21.512679,2025-04-24 16:22:48.372167,0 days 00:00:26.859488,0.35447982853735643,0.41910789539085186,2,0.29399449786719645,0.04557881164889285,0.09385120967908395,0.040025823676921986,0.07476098502365143,0.004596381372691453,2.3082223604243093e-05,30,99,0.0059278499056369515,0.12186390430260606,True,False,False,4.6952272338516586e-05,COMPLETE
242,0.41777552366256715,2025-04-24 16:22:48.448492,2025-04-24 16:23:15.292158,0 days 00:00:26.843666,0.3778437161743563,0.4110959012920105,2,0.2953590165066399,0.051205931798080695,0.09589845590125201,0.040302475142133934,0.06916631773298458,0.003749374599803921,2.1347232995333253e-05,30,99,0.005807976015842996,0.12119821692527068,True,False,False,4.8226482711711676e-05,COMPLETE
243,0.4295827388763428,2025-04-24 16:23:15.367369,2025-04-24 16:23:42.121961,0 days 00:00:26.754592,0.3430894600192449,0.43310241303964264,2,0.2995738632372556,0.04581756866584706,0.09532770471869403,0.035845294559569044,0.07444651465048605,0.004558441264178291,2.6687046108289638e-05,30,92,0.005797024718445395,0.11400692639816258,True,False,False,6.119788869641742e-05,COMPLETE
244,0.4166686236858368,2025-04-24 16:23:42.198365,2025-04-24 16:24:09.000014,0 days 00:00:26.801649,0.32985583197514917,0.3905085472040525,2,0.2999053267269605,0.05927792703048977,0.09588156966887999,0.034629213278159106,0.07453519195630245,0.00128851678007578,2.7104857209334643e-05,30,92,0.006746318527580446,0.11200243809112304,True,False,False,5.998562062885191e-05,COMPLETE
245,0.42699577212333684,2025-04-24 16:24:09.087230,2025-04-24 16:24:35.819547,0 days 00:00:26.732317,0.3149855882272369,0.43112787270081204,2,0.29315613489233067,0.04646912705573128,0.09997281710978215,0.030173720112682174,0.0718357459968553,0.005040063000364491,3.623640547307775e-05,30,93,0.009563963640214408,0.10143434551635078,True,False,False,4.0683293641305265e-05,COMPLETE
246,0.431865793466568,2025-04-24 16:24:35.895842,2025-04-24 16:25:02.567889,0 days 00:00:26.672047,0.3112138542610568,0.42621647523904005,2,0.2937467699624038,0.048580099607300586,0.09921046899311003,0.03150297644211438,0.07182063288788655,0.004735634579817731,3.5972674290948984e-05,30,92,0.009845968080367216,0.10162937811150943,True,False,False,3.776019279778376e-05,COMPLETE
247,0.3154775619506836,2025-04-24 16:25:02.645728,2025-04-24 16:25:26.202408,0 days 00:00:23.556680,0.31584584622975775,0.3942517869299101,2,0.29278584813944414,0.04999261913528617,0.09995661087183377,0.03085470813596227,0.07349496590211242,0.00375564839339948,3.5513790090798074e-05,30,92,0.011053172138849907,0.10181073400060701,True,False,True,4.0364251101697034e-05,COMPLETE
248,0.43249168395996096,2025-04-24 16:25:26.278848,2025-04-24 16:25:53.126031,0 days 00:00:26.847183,0.30606699075352983,0.4218160655971161,2,0.2934690154596739,0.047501875735956864,0.09806209894751111,0.0330103200758847,0.07145305139603572,0.005003276878512266,2.7822865335253257e-05,30,100,0.005402289808678072,0.11489313120991732,True,False,False,3.060100939462094e-05,COMPLETE
249,0.39188330173492436,2025-04-24 16:25:53.204298,2025-04-24 16:26:20.245580,0 days 00:00:27.041282,0.30532315831757306,0.41026141594949345,2,0.28247210096669795,0.06090686023839747,0.09883265490794178,0.0323466375051373,0.07157751205048844,0.006104454643581506,3.5619978910062215e-05,30,100,0.00934319355327939,0.10124642062661258,True,False,False,3.5521676299235575e-05,COMPLETE
250,0.43132717013359073,2025-04-24 16:26:20.325012,2025-04-24 16:26:47.231331,0 days 00:00:26.906319,0.3111381831130805,0.4264131936307213,2,0.29070702197579246,0.04554404995211179,0.09700627266988855,0.03554160237318403,0.07015699054718619,0.005392783022398994,2.8464712440625175e-05,30,95,0.009029648898112889,0.11713789745283101,True,False,False,4.81060265966736e-05,COMPLETE
251,0.4201168596744538,2025-04-24 16:26:47.318686,2025-04-24 16:27:13.377995,0 days 00:00:26.059309,0.3113086191483274,0.425952438666251,2,0.29347673895832077,0.05446148458947778,0.0976061293230654,0.03602834490164446,0.07021951956276129,0.0010847575742521068,2.8720080705038094e-05,29,94,0.009456883284230815,0.11370293706658109,True,False,False,5.025499884833126e-05,COMPLETE
252,0.4280157804489136,2025-04-24 16:27:13.455893,2025-04-24 16:27:40.174363,0 days 00:00:26.718470,0.32741769309468305,0.38142343169357534,2,0.2897719769355719,0.04707427197583748,0.09978497388303206,0.03515242304926681,0.06644662796644886,0.005075661473184854,3.9369447662988644e-05,30,91,0.008180699631080954,0.10631435674033461,True,False,False,2.91750661292047e-05,COMPLETE
253,0.406768673658371,2025-04-24 16:27:40.253169,2025-04-24 16:28:06.498971,0 days 00:00:26.245802,0.3426314607497081,0.3811429725092087,2,0.2805906703598308,0.046151674730524846,0.09737371255610022,0.03572562421797966,0.06633528506421915,0.003035575835730768,0.08960660124467616,29,88,0.008161312269127882,0.11677873788900764,True,False,False,2.807487065789258e-05,COMPLETE
254,0.43249418139457707,2025-04-24 16:28:06.578992,2025-04-24 16:28:33.593802,0 days 00:00:27.014810,0.3305390967343006,0.39825206542419783,2,0.28843091986706715,0.055557634102956,0.09695057172869673,0.039564197864878164,0.06855919840024649,0.005299585673157147,2.8288908020556092e-05,30,97,0.006153970906986011,0.10762899460010876,True,False,False,3.2484472711900164e-05,COMPLETE
255,0.4312633812427521,2025-04-24 16:28:33.673222,2025-04-24 16:29:00.623928,0 days 00:00:26.950706,0.3478581279005758,0.3902646017368624,2,0.12755505901566178,0.0547592803830736,0.09515700862078794,0.04011806796014628,0.06865981822687713,0.007536658553966417,3.000578644148543e-05,30,97,0.006534202139868018,0.10727651572031363,True,False,False,3.440401254732346e-05,COMPLETE
256,0.4154797613620758,2025-04-24 16:29:00.703601,2025-04-24 16:29:27.572911,0 days 00:00:26.869310,0.3069106092532092,0.3656333195006027,2,0.28399860705025803,0.05701067711450796,0.09503878852989552,0.04026788595326772,0.06626192588419355,0.006447244268253901,3.9303508443907744e-05,30,97,0.01071884878348379,0.1058913737079205,True,False,False,2.900381970641477e-05,COMPLETE
257,0.3746816456317902,2025-04-24 16:29:27.663178,2025-04-24 16:29:54.532800,0 days 00:00:26.869622,0.33294176557087546,0.38797447626096043,2,0.2878578846370809,0.06581876243027036,0.09456937480495678,0.034444887528090974,0.06833876384101707,0.007537781490976328,3.129831186189638e-05,30,90,0.007557864244731737,0.1071409402177638,True,False,False,3.041760557903377e-05,COMPLETE
258,0.4156277656555176,2025-04-24 16:29:54.613847,2025-04-24 16:30:07.005696,0 days 00:00:12.391849,0.3456099352438681,0.40102792683725524,2,0.13068741805141373,0.05432025559297569,0.09846300328219158,0.035731985790186827,0.04321024495077536,0.007198779451439722,3.0220361826411293e-05,8,98,0.007394565327808611,0.11212689012036717,True,False,False,2.28889792738393e-05,COMPLETE
259,0.3988850116729737,2025-04-24 16:30:07.087874,2025-04-24 16:30:33.859789,0 days 00:00:26.771915,0.3220615904992078,0.35149399740696174,2,0.047355119931309586,0.050542825094780267,0.09449593004370863,0.03305509898232266,0.06916498376667723,0.004677542876573356,0.004059041420009684,30,92,0.005554292978834515,0.09899223265901787,True,False,False,4.5427416857604944e-05,COMPLETE
260,0.42872847318649293,2025-04-24 16:30:33.940397,2025-04-24 16:31:00.804723,0 days 00:00:26.864326,0.36758354447784103,0.40856893417689955,2,0.28880485117634275,0.04831577416743788,0.09654547179151893,0.03035292317104383,0.06678882445363604,0.010811290674249727,2.4894464040675493e-05,30,96,0.00581593937275573,0.10640830625531625,True,False,False,3.71997119613158e-05,COMPLETE
261,0.4003562450408936,2025-04-24 16:31:00.886688,2025-04-24 16:31:27.376949,0 days 00:00:26.490261,0.3673815752432514,0.38217103334737673,2,0.2956014230806683,0.062467611799649714,0.09985217339790387,0.031287043317364004,0.06590416084445752,0.009910051347977504,2.3960273238285704e-05,30,87,0.008242446292986443,0.10709779325381093,True,False,False,4.667680911007852e-05,COMPLETE
262,0.35236343145370486,2025-04-24 16:31:27.458304,2025-04-24 16:31:54.310018,0 days 00:00:26.851714,0.30186485359333737,0.4149735989021702,2,0.11779958656436404,0.07217380891442671,0.09676919182165819,0.029887602206248403,0.06875312165038898,0.010899644036137373,3.8008841196232455e-05,30,99,0.006187745223013779,0.10009970951391792,True,False,False,3.622546078285985e-05,COMPLETE
263,0.28504276871681217,2025-04-24 16:31:54.400872,2025-04-24 16:32:18.228269,0 days 00:00:23.827397,0.41475564862932857,0.40116773517789917,2,0.28112718424598,0.049595791002658526,0.09423849232287264,0.03676419925739253,0.06661729826758507,0.008376427749852988,2.4606315975528306e-05,30,95,0.010316891450857301,0.1126556486803774,True,True,False,3.177767292722108e-05,COMPLETE
264,0.42043984532356266,2025-04-24 16:32:18.310639,2025-04-24 16:32:45.228467,0 days 00:00:26.917828,0.3581379626152637,0.3713167454622702,2,0.28625756734433916,0.04589866045077197,0.09416737602609188,0.040260853112298406,0.07025057140143255,0.010665967501645838,2.0652533131027513e-05,30,91,0.0054394372222147745,0.10902678915253347,True,False,False,5.489483613018498e-05,COMPLETE
265,0.4180933833122254,2025-04-24 16:32:45.310815,2025-04-24 16:33:12.192089,0 days 00:00:26.881274,0.37700124354709613,0.45170358038350394,2,0.1067667334336149,0.055674968617000914,0.09792103672499795,0.03472817796252339,0.0685217903210561,0.003577596114037784,3.4363854458372746e-05,30,96,0.007691321081448396,0.10415824485439504,True,False,False,3.9262142919491764e-05,COMPLETE
266,0.30302264094352727,2025-04-24 16:33:12.275042,2025-04-24 16:33:35.981856,0 days 00:00:23.706814,0.34420010432528986,0.4137515712887415,2,0.2997506122026186,0.03426389549958697,0.09599370669680218,0.03164001289054917,0.06682095922803583,0.008268435400914782,4.301583783839805e-05,30,100,0.07917023465493314,0.09813268513932183,True,False,True,8.537490068717878e-05,COMPLETE
267,0.4194089710712433,2025-04-24 16:33:36.064345,2025-04-24 16:34:02.985066,0 days 00:00:26.920721,0.3071612242067238,0.46241498160697486,2,0.2893883572752455,0.050934972076297186,0.09351703061147051,0.030722838107349864,0.07015783912261915,0.005698600748231149,2.7136481870444994e-05,30,96,0.004975165788262045,0.11203756050550927,True,False,False,3.416933287139278e-05,COMPLETE
268,0.37973821163177496,2025-04-24 16:34:03.077503,2025-04-24 16:34:29.307483,0 days 00:00:26.229980,0.39950427677089967,0.33741765813798175,2,0.29987366959997364,0.06111323855766332,0.0999901418532832,0.029199105864031065,0.0779664080627781,0.012260263024118735,1.984873434694505e-05,29,90,0.0639342049655372,0.11702723332520447,True,False,False,2.6463922980376627e-05,COMPLETE
269,0.42307783365249635,2025-04-24 16:34:29.391932,2025-04-24 16:34:43.063644,0 days 00:00:13.671712,0.3673114461925921,0.4005008996759301,2,0.06912966626500316,0.04625549751766089,0.09344886232432328,0.03946327140086831,0.06546569446604503,0.007378089579373833,3.212248758888147e-05,10,93,0.011883922148121118,0.10417944441098759,True,False,False,5.133439287932102e-05,COMPLETE
270,0.3616725742816925,2025-04-24 16:34:43.146704,2025-04-24 16:35:10.342273,0 days 00:00:27.195569,0.32772514205123227,0.9647504475661727,2,0.2803744873911209,0.03137035260360636,0.09593635426781748,0.03702460798730033,0.07029210621636858,0.0026756211423580954,2.4097688371233343e-05,30,101,0.006473010909733892,0.13450543349316876,True,False,False,2.3281795645843477e-05,COMPLETE
271,0.3587612807750702,2025-04-24 16:35:10.426356,2025-04-24 16:35:36.448059,0 days 00:00:26.021703,0.3551282527911615,0.4447105665781998,2,0.28765733085398537,0.19006362900389134,0.038797343675481794,0.034132049035137016,0.07393490489430665,0.014258270047406568,1.844063864283099e-05,29,86,0.008984098174577928,0.09780126281340883,True,False,False,5.629571376717912e-05,COMPLETE
272,0.4255670547485352,2025-04-24 16:35:36.532484,2025-04-24 16:36:03.219009,0 days 00:00:26.686525,0.38028931297791885,0.3647250916215399,2,0.29454603608130664,0.03511742494787334,0.09681491442137616,0.032901280961881996,0.06830183853395705,0.01073291131142534,1.4608973013761702e-05,30,99,0.004670649693621463,0.10691575446112833,True,False,False,9.209289636336793e-05,COMPLETE
273,0.3592129468917847,2025-04-24 16:36:03.314248,2025-04-24 16:36:31.152738,0 days 00:00:27.838490,0.34574001810152466,0.46622425628683023,2,0.29474033812671957,0.14910425761874563,0.09873182397131586,0.025654211080243468,0.07483570715192843,0.005603740620080896,2.941934284179033e-05,30,149,0.004436815333156822,0.11416603261269954,True,False,False,4.4336862176484094e-05,COMPLETE
274,0.4031246542930603,2025-04-24 16:36:31.237450,2025-04-24 16:36:57.365956,0 days 00:00:26.128506,0.3239922466210418,0.4219606024092812,2,0.28710108176113874,0.052893879950504194,0.09316281824378626,0.03539530695987585,0.07029087031429193,0.008069603111015525,0.006643138443407775,29,96,0.007170317269323722,0.12256577748085616,True,False,False,7.518750660581643e-05,COMPLETE
275,0.357132226228714,2025-04-24 16:36:57.451882,2025-04-24 16:37:24.028968,0 days 00:00:26.577086,0.3055891341672729,0.39490740214258757,2,0.2820303609329949,0.15859421055202647,0.050333407169951584,0.028344471280464936,0.06754063766409818,0.004627476915507872,4.0089104552685e-05,30,93,0.0044460257506005844,0.11294105851550995,True,False,False,3.616440776843924e-05,COMPLETE
276,0.43409960269927983,2025-04-24 16:37:24.114418,2025-04-24 16:37:49.926580,0 days 00:00:25.812162,0.3513807502044748,0.4424182476030769,2,0.29436664442002597,0.04510630953238301,0.09520156294760186,0.03158543411592223,0.0742267952256932,0.0031974885452226423,2.3615957456804212e-05,28,111,0.006582208951193848,0.09439504834842136,True,False,False,9.738865203522981e-05,COMPLETE
277,0.36177067160606385,2025-04-24 16:37:50.012398,2025-04-24 16:38:15.667022,0 days 00:00:25.654624,0.39303923695781,0.47706326133715193,2,0.29579091838409144,0.0362024940236165,0.09503663329641841,0.03089223106310724,0.07771341451035339,0.003053829521778585,2.2718155033371495e-05,28,111,0.0965758716815442,0.13104692132784698,True,False,False,9.532309590925586e-05,COMPLETE
278,0.4392887532711029,2025-04-24 16:38:15.763009,2025-04-24 16:38:42.100742,0 days 00:00:26.337733,0.363502089333106,0.4449308297968209,2,0.2998582250544816,0.044786562371693664,0.09284906568421937,0.0292041596854703,0.07463752788743214,0.012225667352154454,2.492612619592576e-05,29,101,0.006262571055781199,0.09369331286579839,True,False,False,6.489965507043613e-05,COMPLETE
