number,value,datetime_start,datetime_complete,duration,params_alpha-eval,params_alpha-train,params_batch-size,params_eps-eval,params_eps-train,params_lambda-actions-eval,params_lambda-actions-train,params_lambda-frames-eval,params_lambda-frames-train,params_learning-rate,params_n-epochs,params_n-frames,params_radius-gw,params_rho,params_std-feats,params_ub-actions,params_ub-frames,params_weight-decay,state
1410,0.38937475681304934,2025-04-05 08:03:24.532727,2025-04-05 08:03:31.067008,0 days 00:00:06.534281,0.5887712095059677,0.8209512394880214,16,0.17347538607601384,0.03431312912243269,0.09025482521151892,0.05243435633520994,0.0374550413740484,0.08986957268438035,0.00018989928397369253,11,36,0.004597293097951032,0.24512874091570092,True,True,False,4.54496940985554e-08,COMPLETE
1411,0.4826804876327515,2025-04-05 08:03:31.524324,2025-04-05 08:03:38.237051,0 days 00:00:06.712727,0.609522514957319,0.7968722199048226,16,0.1502342626657558,0.015294223379072568,0.09615514547404587,0.060180489879763134,0.03739164690377031,0.018564921609386664,0.000305575539797861,13,30,0.00261021967350484,0.2688923099057019,True,True,False,3.49111272002648e-08,COMPLETE
1412,0.3453709661960602,2025-04-05 08:03:38.714512,2025-04-05 08:03:45.262503,0 days 00:00:06.547991,0.5635645563363055,0.779574660407655,16,0.18121699951696024,0.048420442369965906,0.09791978931022557,0.06427641789816867,0.04596407217370529,0.016845158250209165,0.00017405003982787781,12,28,0.0864466228347348,0.2564286009561346,True,True,False,5.83540292942823e-08,COMPLETE
1413,0.40181770324707033,2025-04-05 08:03:45.728074,2025-04-05 08:03:52.223215,0 days 00:00:06.495141,0.6302962427356157,0.25324407782730307,16,0.19325082708160662,0.030623313393850743,0.09251670352340088,0.057495422863754975,0.04840229384903198,0.01519855600368666,0.00020959182010470397,11,24,0.008853647972571259,0.24914144291971674,True,True,False,4.785725141228441e-08,COMPLETE
1414,0.3405109703540802,2025-04-05 08:03:52.684457,2025-04-05 08:04:05.808880,0 days 00:00:13.124423,0.5826571390940192,0.7488356075774801,2,0.15685795917888365,0.04091323869531565,0.09688893956798318,0.06234477501172586,0.04009740881582294,0.0682753952770391,0.0002529866628216127,13,34,0.0063179234803802265,0.26834580725379753,True,True,False,2.802415785016827e-08,COMPLETE
1415,0.4808123350143433,2025-04-05 08:04:06.267208,2025-04-05 08:04:12.826952,0 days 00:00:06.559744,0.6771085187187569,0.8075514479425471,16,0.20603436974166967,0.03612582898769873,0.0945407564115164,0.054483040930092666,0.026761704942228196,0.06532027573340303,0.0003076486290589565,12,30,0.0010155372904575826,0.24082342282788008,True,True,False,3.56040858398115e-08,COMPLETE
1416,0.4110424220561981,2025-04-05 08:04:13.286120,2025-04-05 08:04:19.821005,0 days 00:00:06.534885,0.6107815767138303,0.8327487855851001,16,0.1861531902437133,0.04787954113326965,0.09997835300112395,0.0589730444534384,0.0332141569771872,0.022393253831974488,0.00024277569408598124,11,28,0.010614826245130177,0.2551174503847753,True,True,False,2.7449918049890123e-08,COMPLETE
1417,0.338226181268692,2025-04-05 08:04:20.306548,2025-04-05 08:04:26.925874,0 days 00:00:06.619326,0.652325721570717,0.7661562765892623,16,0.1985971064681234,0.023291892263264093,0.09205107313100949,0.06622964482132375,0.03615127107292157,0.019376184875131985,0.0001726628357877794,12,38,0.08041127696390982,0.22702782248030676,True,True,False,4.241148446915623e-08,COMPLETE
1418,0.4343136489391327,2025-04-05 08:04:27.392464,2025-04-05 08:04:34.092119,0 days 00:00:06.699655,0.594228568891389,0.794344090888694,16,0.16724115264165776,0.041758095625457944,0.09805377677733253,0.06075699561310113,0.03300130709217217,0.016159203433898883,0.00022602771732388606,13,25,0.0038891112107938995,0.25913242509933443,True,True,False,1.5902193167302962e-06,COMPLETE
1419,0.4815199375152588,2025-04-05 08:04:34.552784,2025-04-05 08:04:41.163436,0 days 00:00:06.610652,0.635521246539874,0.7445085217541048,16,0.17776647437290954,0.029537400310334572,0.09516908749688473,0.06418915569383576,0.030012157931704267,0.019994947837466324,0.00030438421629751206,12,33,0.007344074617352382,0.23477567599563187,True,True,False,6.063377454326774e-08,COMPLETE
1420,0.28504276871681217,2025-04-05 08:04:41.621800,2025-04-05 08:04:48.595659,0 days 00:00:06.973859,0.5655652682136925,0.7841917016613246,16,0.1731079287917768,0.04746675288258526,0.0967728845396852,0.056014022498653164,0.03612326828428923,0.021815988200453124,0.0003329178256503504,11,120,0.005448607643463347,0.24865248965144798,True,True,False,2.670577196411728e-08,COMPLETE
1421,0.28504276871681217,2025-04-05 08:04:49.082315,2025-04-05 08:04:56.288087,0 days 00:00:07.205772,0.6058729953843035,0.8174590425350446,16,0.19357653200443037,0.03625036628739613,0.0936446649270477,0.04857028105878573,0.039045323004041926,0.01801621536623437,0.0718465526107644,13,113,0.011672483780364465,0.26239947253700613,True,True,False,3.6151071108518185e-08,COMPLETE
1422,0.4849307179450989,2025-04-05 08:04:56.755870,2025-04-05 08:05:03.380010,0 days 00:00:06.624140,0.5815170185269636,0.8502402204527316,16,0.16338920525184744,0.031878108008182006,0.09035749835111997,0.05094706467097105,0.046367127936959705,0.014464692284316304,0.0002626466515917048,12,30,0.009102271467268186,0.26838693802298236,True,True,False,5.1865048627180024e-08,COMPLETE
1423,0.36465248465538025,2025-04-05 08:05:03.844192,2025-04-05 08:05:10.721546,0 days 00:00:06.877354,0.6215727866987959,0.75668875945589,16,0.13731607208348723,0.042062346537714915,0.0978232305311782,0.057894146208245484,0.04196915634078781,0.02250328461750276,0.0002103118129717848,11,25,0.003360263334078891,0.2544352897916711,True,False,False,3.3540698193157966e-07,COMPLETE
1424,0.28504276871681217,2025-04-05 08:05:11.184102,2025-04-05 08:05:17.863516,0 days 00:00:06.679414,0.6668930605830294,0.7817658163771245,16,0.18657846030777728,0.025257139643250267,0.09540276474600765,0.061018355904874706,0.0318899084614455,0.016919181494635838,0.0001705016465967382,13,35,0.012785896572395953,0.24103897492646048,True,True,True,7.32649697349958e-08,COMPLETE
1425,0.48452223539352424,2025-04-05 08:05:18.325990,2025-04-05 08:05:24.932372,0 days 00:00:06.606382,0.6456765060900418,0.9011057568442448,16,0.18130046775267877,0.01774068879002364,0.09823735002123606,0.06263924358493865,0.05483614570517974,0.01531523387834941,0.0002594203543903079,12,27,0.00661251820760191,0.24686808644624764,True,True,False,2.635238372828e-08,COMPLETE
1426,0.37682912945747377,2025-04-05 08:05:25.415876,2025-04-05 08:05:32.064397,0 days 00:00:06.648521,0.5640797604605688,0.8033206024053346,16,0.15612081775536124,0.03666719826656828,0.09316503054322689,0.0674764160888498,0.03640467341384568,0.01939278677531747,0.00033719291277160997,11,67,0.009626072769705434,0.263548826451055,True,True,False,3.465242033507165e-08,COMPLETE
1427,0.34176341295242313,2025-04-05 08:05:32.532345,2025-04-05 08:05:39.215822,0 days 00:00:06.683477,0.5978353919623183,0.8303372029901525,16,0.20139881411534905,0.04653600864365501,0.09637259525752051,0.05939724421629771,0.03494064450672455,0.004599491842605436,0.0002116941301114953,12,61,0.005345923937431058,0.2573302430899755,True,True,False,4.588411024122316e-08,COMPLETE
1428,0.28504276871681217,2025-04-05 08:05:39.680814,2025-04-05 08:05:46.361699,0 days 00:00:06.680885,0.6210946240518787,0.7680106057456363,16,0.16990706957650611,0.029932503271432737,0.09156649921260324,0.06494765716163275,0.04291978437729592,0.012884274789228562,0.0001734564557760652,13,31,0.002762578948158909,0.04605536287456051,True,True,False,6.266672638129154e-08,COMPLETE
1429,0.4644527733325959,2025-04-05 08:05:46.829474,2025-04-05 08:05:53.484738,0 days 00:00:06.655264,0.6882426606668798,0.7455319612514408,16,0.17651696312545256,0.03817384788630911,0.03332690313267034,0.05799305907935536,0.054371587222679076,0.020446554951510945,0.00026322096974830525,12,33,0.007972872299436917,0.2516169661181297,True,True,False,2.7400019432084917e-08,COMPLETE
1430,0.4142451703548432,2025-04-05 08:05:53.946171,2025-04-05 08:06:00.461959,0 days 00:00:06.515788,0.5813664057402617,0.8090690927653658,16,0.19377389953296834,0.043232332044334604,0.09819241464583546,0.05467936479181809,0.030100725477131496,0.01808944519056711,0.0003174728145737272,11,28,0.012735714219799632,0.24363351947982637,True,True,False,4.4716046383029394e-08,COMPLETE
1431,0.37682912945747377,2025-04-05 08:06:00.953040,2025-04-05 08:06:07.585333,0 days 00:00:06.632293,0.7114812994334052,0.7869165150948296,16,0.21036054368651394,0.04786028403580279,0.09991036401388574,0.062356003737033025,0.04442124202421667,0.023291554882990208,0.0002090696166501549,12,37,0.010631823566019698,0.2682325955060136,True,True,False,3.516575622026913e-08,COMPLETE
1432,0.33290474414825444,2025-04-05 08:06:08.051770,2025-04-05 08:06:15.429117,0 days 00:00:07.377347,0.6365642131261589,0.8403435621584415,16,0.14737299142723123,0.0341713774025669,0.09508748402348753,0.06044392927361651,0.05580347129394667,0.014722333456041431,0.00023949750367221507,13,139,0.007992928200854134,0.26283726444546074,True,True,False,3.2316148242762777e-08,COMPLETE
1433,0.48154369592666624,2025-04-05 08:06:15.893794,2025-04-05 08:06:27.875480,0 days 00:00:11.981686,0.6015389184292326,0.7670665796194995,2,0.1873264157851574,0.020727676808567005,0.09360258724887699,0.053061875512204836,0.027430253847148145,0.021571904289545665,0.000164809958409612,11,24,0.004284106625830265,0.2352324142474006,True,True,False,5.354090529184019e-08,COMPLETE
1434,0.3837129950523377,2025-04-05 08:06:28.341217,2025-04-05 08:06:34.936305,0 days 00:00:06.595088,0.6639970495699155,0.8666206880303463,16,0.16214199528543263,0.251520240785031,0.0969214589031595,0.06437949387245133,0.03479221120926531,0.008402750439203008,0.0002836317489893548,12,31,0.006137204512593482,0.2529683024262899,True,True,False,2.6555305623584885e-08,COMPLETE
1435,0.35894103050231935,2025-04-05 08:06:35.401255,2025-04-05 08:06:42.081387,0 days 00:00:06.680132,0.5601747142414749,0.7970642071775861,16,0.18102796312442443,0.026792765591940673,0.09518029464825377,0.056776866238430486,0.05645038216600976,0.016603354714812033,0.00034587413287040953,13,28,0.0908977427981219,0.2575990810703969,True,True,False,4.455655866817767e-08,COMPLETE
1436,0.28504276871681217,2025-04-05 08:06:42.567716,2025-04-05 08:06:49.288523,0 days 00:00:06.720807,0.6191564432972313,0.815670777889094,16,0.16914875938361734,0.22520213031094768,0.09045541693070171,0.0672926875924585,0.04889388288857976,0.07100063969538144,0.00022617990870658049,11,84,0.009901649287292785,0.24732196639823115,True,True,False,3.73805715908197e-08,COMPLETE
1437,0.37839702963829047,2025-04-05 08:06:49.758225,2025-04-05 08:06:56.365510,0 days 00:00:06.607285,0.5887847124108468,0.7442708531012768,16,0.15358480517378245,0.040825431715617956,0.09845748473188129,0.059286674929367594,0.03342353117983063,0.01286186650334712,0.00018651648266328953,12,35,0.0010171267626895735,0.24025433907979016,True,True,False,7.456882585248829e-08,COMPLETE
1438,0.4916358709335328,2025-04-05 08:06:56.835280,2025-04-05 08:07:03.520016,0 days 00:00:06.684736,0.6373882872483886,0.7765851871535295,16,0.19672331840669374,0.03134610792086274,0.09672873595859068,0.06240873095610376,0.05839642177086482,0.053217251237811555,0.00028960068667781275,13,31,0.012725787552903217,0.27034451626133277,True,True,False,2.7929691805861945e-08,COMPLETE
1439,0.4729072272777558,2025-04-05 08:07:03.987513,2025-04-05 08:07:10.803811,0 days 00:00:06.816298,0.6599422921650118,0.7626053301425548,16,0.20231627973186178,0.04800155519614781,0.09316246916696287,0.0617032003706698,0.05766463523967176,0.05269602891113824,0.000348343053393488,14,25,0.011743363833282424,0.2680529615878151,True,True,False,2.7536553653060503e-08,COMPLETE
1440,0.28504276871681217,2025-04-05 08:07:11.295291,2025-04-05 08:07:17.947034,0 days 00:00:06.651743,0.679832081812093,0.8178098079450691,16,0.2104154240153811,0.03847939408050218,0.09991424280291049,0.06025722547481499,0.05271677336440085,0.05558615001103549,0.0003709835048107008,13,40,0.01327927809978743,0.219831239023961,True,True,False,2.5650334212782533e-08,COMPLETE
1441,0.4576664209365845,2025-04-05 08:07:18.421074,2025-04-05 08:07:25.270529,0 days 00:00:06.849455,0.6516965429750292,0.7426890730913435,16,0.20080152338510218,0.034111866778057776,0.09535986498460922,0.06222767551224156,0.05406355116058856,0.05053556922646975,0.000299064289439123,14,27,0.012529970858450586,0.2702254865256718,True,True,False,2.6148028878856676e-08,COMPLETE
1442,0.3736817836761475,2025-04-05 08:07:25.740821,2025-04-05 08:07:32.835820,0 days 00:00:07.094999,0.6780762122977906,0.7957993155351246,16,0.19758295310909957,0.025793561367650666,0.09179177612961073,0.05845290505104096,0.058720127249733065,0.05245814249223132,0.0002923077546740225,13,33,0.002918966571886001,0.23217093354514332,True,False,False,5.276288686309575e-08,COMPLETE
1443,0.3575907349586487,2025-04-05 08:07:33.305684,2025-04-05 08:07:40.019410,0 days 00:00:06.713726,0.6439027304031808,0.7778531724396469,16,0.1962312696464762,0.04207332941462944,0.09643346743905541,0.05531800657561182,0.056820442742284476,0.06019884872942702,0.00030666144620853655,13,29,0.012554279637368049,0.2708699053282161,True,True,False,3.749994075930043e-08,COMPLETE
1444,0.3781146347522736,2025-04-05 08:07:40.488020,2025-04-05 08:07:47.253561,0 days 00:00:06.765541,0.6395011192529876,0.8301040540946634,16,0.20562307930523083,0.035623987869198376,0.09421355087509557,0.06037702659935947,0.02393782240718131,0.05223545617710351,0.005978111674256387,13,36,0.004478101051104233,0.2274852362823526,True,True,False,6.336353097857e-08,COMPLETE
1445,0.28504276871681217,2025-04-05 08:07:47.743168,2025-04-05 08:07:54.501260,0 days 00:00:06.758092,0.6579335220262804,0.21373676100425015,16,0.1914475239971661,0.010486604092515658,0.09805175367792034,0.06279762014118563,0.05841229355770975,0.05749553776498759,0.0003608981803455646,14,31,0.007027974555685615,0.2377197934377948,True,True,True,2.6517117856786217e-08,COMPLETE
1446,0.46811414361000064,2025-04-05 08:07:54.975670,2025-04-05 08:08:01.704370,0 days 00:00:06.728700,0.7039854104585753,0.7568217188746688,16,0.20362733520929918,0.044021012172109346,0.09356824945635658,0.05800797543673199,0.037957173519875834,0.055249259768964006,0.00026757242896874734,13,27,0.002626621125193539,0.24837323311600454,True,True,False,4.0769916588001835e-08,COMPLETE
1447,0.49392150640487675,2025-04-05 08:08:02.175045,2025-04-05 08:08:08.971671,0 days 00:00:06.796626,0.6308588217617732,0.7936407608237267,16,0.21676373551805744,0.048193042054831825,0.09648509740191011,0.05602093064489599,0.055691225863815176,0.05625404798091979,0.00037665781111967937,14,34,0.010798364350320815,0.26005143605664577,True,True,False,3.212017554898233e-08,COMPLETE
1448,0.37766842842102055,2025-04-05 08:08:09.443864,2025-04-05 08:08:16.252154,0 days 00:00:06.808290,0.6209822101325115,0.8116197829238468,16,0.212624106883155,0.04844484279921843,0.09000017556247117,0.055634759251525834,0.057909260043478426,0.055931507051585685,0.00037278958718041806,14,38,0.010638028447672022,0.256696860889729,True,True,False,3.0698156346214544e-08,COMPLETE
1449,0.4904770612716675,2025-04-05 08:08:16.741603,2025-04-05 08:08:23.635070,0 days 00:00:06.893467,0.6270730321198821,0.7916236520336428,16,0.22299710956780114,0.04203735932942469,0.09201512667225338,0.05288995223687984,0.052397074488473264,0.06050051851280068,0.0004469074514239715,14,35,0.008781880337805059,0.259779516789468,True,True,False,3.416354309413927e-08,COMPLETE
1450,0.4385532379150391,2025-04-05 08:08:24.121228,2025-04-05 08:08:30.960728,0 days 00:00:06.839500,0.6597618864028459,0.787036053471931,16,0.22454492404370638,0.03762638770180928,0.09015230951530516,0.05449006839616667,0.05000248999184381,0.0537467303400878,0.0005133658398437771,14,41,0.010396361423175637,0.2623794937451255,True,True,False,4.300596002802759e-08,COMPLETE
1451,0.4010626018047333,2025-04-05 08:08:31.436928,2025-04-05 08:08:38.318269,0 days 00:00:06.881341,0.634420936591716,0.8460317948226084,16,0.24559971396974428,0.030585801475754446,0.09175858487060369,0.04815305915097283,0.052231249051181636,0.05682623342857664,0.0006612289452909993,15,39,0.008797398413278444,0.2633594699272791,True,True,False,3.2375988691754935e-08,COMPLETE
1452,0.43927903771400456,2025-04-05 08:08:38.794340,2025-04-05 08:08:45.609470,0 days 00:00:06.815130,0.6414894500206729,0.7760627340259574,16,0.24148499302476886,0.047513106083204026,0.08997266356920389,0.04958096301017077,0.05226750777528951,0.05570070424893292,0.0004740517789511207,14,37,0.011045363081795632,0.25889184416685046,True,True,False,5.120704528234288e-08,COMPLETE
1453,0.4704423487186432,2025-04-05 08:08:46.106489,2025-04-05 08:08:52.980690,0 days 00:00:06.874201,0.672484770659419,0.06668844672037572,16,0.22967913364087184,0.18327329956106153,0.0919439351090441,0.05295174312932927,0.05366391459928001,0.054477748902806176,0.00043849834176857666,15,36,0.008765307808114978,0.25056768117121797,True,True,False,2.5908714408341503e-08,COMPLETE
1454,0.48688712120056155,2025-04-05 08:08:53.458622,2025-04-05 08:09:00.335056,0 days 00:00:06.876434,0.6274103691573251,0.8003201952918769,16,0.23771430580180322,0.03927637547166429,0.09212718282599576,0.05194205442187858,0.05100681303235372,0.0576451528599673,0.0006197736231043621,15,35,0.013124631587754945,0.25840950669155255,True,True,False,3.84728025588702e-08,COMPLETE
1455,0.4348870813846588,2025-04-05 08:09:00.806258,2025-04-05 08:09:14.375897,0 days 00:00:13.569639,0.6558739467996046,0.8166823143657407,2,0.22734562745298292,0.021043984187995475,0.011724473287944383,0.05202466455414268,0.05066104327041803,0.05861621573773302,0.00044641921458808036,14,34,0.01084315564479006,0.24364078253675964,True,True,False,3.103363227212738e-08,COMPLETE
1456,0.44532650113105776,2025-04-05 08:09:14.849040,2025-04-05 08:09:21.713814,0 days 00:00:06.864774,0.6875698567599253,0.7870475062167772,16,0.23610844182521917,0.03177713824067753,0.09331608585441459,0.05358886959776292,0.05514048419451017,0.054240504019133884,0.0005630535646326758,14,45,0.008334610907999732,0.25277626126121294,True,True,False,4.5569548767573903e-08,COMPLETE
1457,0.44797551035881045,2025-04-05 08:09:22.208124,2025-04-05 08:09:29.098628,0 days 00:00:06.890504,0.6282468093107555,0.7675839847292698,16,0.2222335004642189,0.037012003399909316,0.08953050547493285,0.05107880686334666,0.053290966855396076,0.06007263232437461,0.0004400879711648679,14,40,0.006447693604637521,0.2637362542060009,True,True,False,5.996104571433754e-08,COMPLETE
1458,0.3761110007762909,2025-04-05 08:09:29.577041,2025-04-05 08:09:36.404775,0 days 00:00:06.827734,0.6441363621271515,0.8345565798229895,16,0.20903273826241964,0.04281992861474723,0.09172347700040182,0.04983486773342594,0.05391090795808241,0.05413109563590048,0.00039012320693296136,14,38,0.012763572519017283,0.2508871320332036,True,True,False,2.562212071963067e-08,COMPLETE
1459,0.4643670320510864,2025-04-05 08:09:36.881551,2025-04-05 08:09:43.669133,0 days 00:00:06.787582,0.615465533792931,0.7875534184460419,16,0.2232419004393029,0.026597720731750582,0.09391394679799384,0.053137742958430836,0.05475297433481985,0.058009123142830084,0.0004418214435056507,14,34,0.005212231167775566,0.26036704576370323,True,True,False,3.33163654497132e-08,COMPLETE
1460,0.42832806706428533,2025-04-05 08:09:44.146396,2025-04-05 08:09:51.010300,0 days 00:00:06.863904,0.6684111681647718,0.8622584819912913,16,0.1746476885318757,0.04914203532157706,0.08988858785253374,0.055658559596038354,0.04962196825077294,0.05236427610473911,0.00038149613183276676,15,33,0.008890120183401252,0.2684666646765577,True,True,False,4.234258709489242e-08,COMPLETE
1461,0.36516258120536804,2025-04-05 08:09:51.484096,2025-04-05 08:09:58.727345,0 days 00:00:07.243249,0.7259004173405812,0.8090473940101446,16,0.21777153757432027,0.03509598159098023,0.09428283185651809,0.05776844917945174,0.05152812601432804,0.0620531029364679,0.0003999117708912341,14,37,0.01085406423316308,0.24375153535814337,True,False,False,2.6884766153582588e-08,COMPLETE
1462,0.28504276871681217,2025-04-05 08:09:59.222066,2025-04-05 08:10:05.952823,0 days 00:00:06.730757,0.6196437335587996,0.7713849942039708,16,0.21846824307525375,0.03136610003594359,0.0928530434433011,0.05072370985771769,0.05494793095283275,0.05689862683230013,0.00052314121303102,14,33,0.007823026574835445,0.2555856682453631,True,True,True,4.787443451937217e-07,COMPLETE
1463,0.35788580775260925,2025-04-05 08:10:06.433199,2025-04-05 08:10:13.117512,0 days 00:00:06.684313,0.6474508443717633,0.8216474319072866,16,0.22262793282143034,0.0433128557723464,0.004848846342580572,0.054679720851797835,0.0549567249671484,0.0585947086983134,0.00041481602037147055,13,32,0.004590936615014519,0.09870181442728768,True,True,False,7.811442461309433e-08,COMPLETE
1464,0.48349277973175053,2025-04-05 08:10:13.594989,2025-04-05 08:10:20.299275,0 days 00:00:06.704286,0.6940400543722306,0.7944411630600523,16,0.21522584496498576,0.01675905815738133,0.09440483028178992,0.059211342366158666,0.05270057258867861,0.06312836336134328,0.0003618077943685092,13,35,0.0028710859193847573,0.24750983091530512,True,True,False,5.4193217361928186e-08,COMPLETE
1465,0.450656670331955,2025-04-05 08:10:20.773327,2025-04-05 08:10:27.505982,0 days 00:00:06.732655,0.6293317384335737,0.8812208677050235,16,0.2299750335886861,0.02633046390272406,0.09574803960665891,0.0613010184464924,0.0540425885419977,0.0598941338298905,0.0005661246247527257,13,31,0.0113792122316219,0.2635023707478038,True,True,False,3.505455867064058e-08,COMPLETE
1466,0.4363700568675995,2025-04-05 08:10:28.006525,2025-04-05 08:10:34.803582,0 days 00:00:06.797057,0.6120075644803745,0.7669498308940514,16,0.2129042843369856,0.04032057148312023,0.09111147636294159,0.06396842930385085,0.053347826108076875,0.05206435454273396,0.008629487484332262,14,38,0.006320856819624805,0.23881154529310789,True,True,False,3.9505249009626965e-08,COMPLETE
