number,value,datetime_start,datetime_complete,duration,params_alpha-eval,params_alpha-train,params_batch-size,params_eps-eval,params_eps-train,params_lambda-actions-eval,params_lambda-actions-train,params_lambda-frames-eval,params_lambda-frames-train,params_learning-rate,params_n-epochs,params_n-frames,params_radius-gw,params_rho,params_std-feats,params_ub-actions,params_ub-frames,params_weight-decay,state
507,0.47972412109375,2025-04-05 06:19:36.730596,2025-04-05 06:19:42.646316,0 days 00:00:05.915720,0.5018681390311941,0.6140746138606485,16,0.006444072089955566,0.06937283172745637,0.08051174724895414,0.08518932076150501,0.06597129258269022,0.03707715712193147,9.509033114281547e-05,6,26,0.017391428779390983,0.2905651898458406,False,True,False,1.521699580621839e-08,COMPLETE
508,0.35376062989234924,2025-04-05 06:19:42.819594,2025-04-05 06:19:48.906935,0 days 00:00:06.087341,0.4983521610843572,0.5989269501386332,16,0.013792149005620593,0.07933808491020403,0.07920960167932184,0.08406542985843642,0.06482729681457335,0.040710598826832804,8.942599477212254e-05,8,26,0.012651355335686853,0.2847126478402634,False,True,False,1.954698878732874e-08,COMPLETE
509,0.3512882232666016,2025-04-05 06:19:49.070485,2025-04-05 06:19:55.120549,0 days 00:00:06.050064,0.4852859875356142,0.6271618443909014,16,0.007327522420763743,0.07199079300872302,0.08716892438966639,0.09980064940617811,0.06230951696382153,0.03873664240229158,7.596731374998336e-05,7,21,0.01718316136282058,0.2893151127446014,True,True,False,1.5356237842515606e-08,COMPLETE
510,0.48073135614395146,2025-04-05 06:19:55.298300,2025-04-05 06:20:01.257673,0 days 00:00:05.959373,0.5088009465593006,0.6080322294224094,16,0.012422996729877355,0.07064573702722518,0.08054982400006432,0.07985081582239499,0.06557302690709176,0.039157278640966756,0.00011984575649133129,6,19,0.01694067508451242,0.2996293627336917,False,True,False,2.0714119454206434e-08,COMPLETE
511,0.35253862738609315,2025-04-05 06:20:01.421655,2025-04-05 06:20:07.588447,0 days 00:00:06.166792,0.510962893857177,0.5884029376099588,16,0.013364112996672985,0.08260439005851583,0.08011781194388348,0.0817994431840893,0.0660603596098746,0.04101650444702765,0.00012544842832820812,8,29,0.014821355641881296,0.29986828293688816,False,True,False,2.214289537949962e-08,COMPLETE
512,0.4841703057289124,2025-04-05 06:20:07.751975,2025-04-05 06:20:13.768255,0 days 00:00:06.016280,0.5076677554555504,0.6230881380932893,16,0.00955505589205552,0.07015053043326219,0.0813968339340177,0.08461775254636905,0.06387143090618107,0.04425801368463988,5.9652101264779545e-05,7,24,0.017100773925289227,0.2953717280689949,False,True,False,2.1895966301304365e-08,COMPLETE
513,0.43854627609252933,2025-04-05 06:20:13.942519,2025-04-05 06:20:19.974697,0 days 00:00:06.032178,0.48625525654659885,0.6032315616766497,16,0.015108598111845704,0.07514187202886771,0.0840005763336643,0.08002397448539184,0.06123887168775263,0.04432651815809571,7.52748938947649e-05,7,24,0.016502630263697287,0.29534682458260175,False,True,False,2.326092056720121e-08,COMPLETE
514,0.36339288353919985,2025-04-05 06:20:20.140672,2025-04-05 06:20:25.942039,0 days 00:00:05.801367,0.5075419249671854,0.6120459579382568,16,0.009664443090344005,0.0874938011393699,0.07854595601045197,0.08540271869515992,0.06312522853087761,0.04268781582555614,6.502111687509623e-05,5,27,0.017503101723163716,0.2951909121848535,False,True,False,1.9592149634011757e-08,COMPLETE
515,0.4816802978515625,2025-04-05 06:20:26.116828,2025-04-05 06:20:32.156484,0 days 00:00:06.039656,0.4804667398573076,0.5839411790931139,16,0.007323872710574393,0.06819509878001966,0.08226139288749557,0.09055900757221416,0.05988613272706753,0.039118691102923674,0.00010270716491039635,7,24,0.013643678012043251,0.2908877723827988,False,True,False,2.614497033399971e-08,COMPLETE
516,0.4818298697471619,2025-04-05 06:20:32.321152,2025-04-05 06:20:38.262143,0 days 00:00:05.940991,0.4799285857717096,0.5814521346055128,16,0.014561233952142693,0.07005859402701815,0.08229085200775565,0.09062080908262421,0.057611163546728184,0.042369899440087636,9.649172036937818e-05,6,25,0.014187360724282758,0.296469853371407,False,True,False,2.6924343311610183e-08,COMPLETE
517,0.3502193629741669,2025-04-05 06:20:38.426145,2025-04-05 06:20:44.362694,0 days 00:00:05.936549,0.48268189526679434,0.5749201992527858,16,0.012988392254040736,0.06924340398831375,0.08133369255352417,0.09379004298819925,0.05556928109466832,0.04637644999793344,9.376788024115655e-05,6,31,0.012210090035004598,0.2919729969690447,False,True,False,2.6820430497846188e-08,COMPLETE
518,0.3921988666057587,2025-04-05 06:20:44.540455,2025-04-05 06:20:50.881540,0 days 00:00:06.341085,0.47997754465433357,0.5905516575178354,16,0.016637247072011686,0.07350906860156946,0.08325061499446208,0.09300774527350822,0.0580080107653711,0.04107018346545361,4.7672621532634015e-05,7,25,0.009861770315737373,0.29590164318869233,False,False,False,2.6741384412837242e-08,COMPLETE
519,0.35157912969589233,2025-04-05 06:20:51.045571,2025-04-05 06:20:56.927950,0 days 00:00:05.882379,0.5006853623585953,0.6263339871102366,16,0.010252728413767169,0.07993545672149512,0.08489456006401973,0.09083344911199197,0.05929934714296504,0.038322663932519575,5.644737210420714e-05,6,28,0.013996556622732617,0.2993829999685126,False,True,False,2.353028324143258e-08,COMPLETE
520,0.28504276871681217,2025-04-05 06:20:57.109476,2025-04-05 06:21:03.014650,0 days 00:00:05.905174,0.5064912159353341,0.616784814344157,16,0.014856671262946552,0.07008844401583933,0.07991919583763651,0.09093829893968206,0.06148592023392209,0.0396731600245093,5.196618230662197e-05,6,24,0.01382319166820358,0.28984640373944864,False,True,True,1.9604421877899572e-08,COMPLETE
521,0.4827818155288697,2025-04-05 06:21:03.185588,2025-04-05 06:21:09.171609,0 days 00:00:05.986021,0.47654649992497744,0.6456335420729795,16,0.008026088465669217,0.06766018176697733,0.0819756052794944,0.08996583592932408,0.05775376959692252,0.04753644342951309,0.0001038983577054124,7,24,0.015631479105002302,0.29960704494971513,False,True,False,1.636789197736917e-08,COMPLETE
522,0.28504276871681217,2025-04-05 06:21:09.339852,2025-04-05 06:21:15.230885,0 days 00:00:05.891033,0.462746678901624,0.5641686261175366,16,0.24305117477927352,0.07686790045267594,0.08230267675738538,0.07694236011403371,0.05794721453613047,0.05072579453488334,0.00011309203339152355,6,28,0.01640147647654986,0.29970991563973165,False,True,False,2.4553868785877615e-08,COMPLETE
523,0.3665586352348328,2025-04-05 06:21:15.406407,2025-04-05 06:21:21.424849,0 days 00:00:06.018442,0.47199994330341744,0.6556982315566399,16,0.009675627761909833,0.0936772005771146,0.08612182106174757,0.09663143382740293,0.05317783347424857,0.0474972147032366,7.526479953438098e-05,7,22,0.01237051686736922,0.2999918448561891,False,True,False,1.8224750845891818e-08,COMPLETE
524,0.47192896604537965,2025-04-05 06:21:21.591386,2025-04-05 06:21:27.522802,0 days 00:00:05.931416,0.4810791113188245,0.6033401784394942,16,0.016956394121253618,0.07339150413528223,0.08201233055717627,0.08514012734438466,0.059816797041547375,0.04457396634277578,0.0001138768420914529,6,27,0.014978801263344119,0.2935392880431722,False,True,False,2.6933708921047157e-08,COMPLETE
525,0.37859923839569093,2025-04-05 06:21:27.701392,2025-04-05 06:21:33.719778,0 days 00:00:06.018386,0.5035217844038624,0.5847053158619226,16,0.1904955270824767,0.0847927211313562,0.0813834156707323,0.0891814541677356,0.05538359926591382,0.049301602229386184,9.434536241954573e-05,7,22,0.015400007806641285,0.2998144628936343,False,True,False,1.625276915007538e-08,COMPLETE
526,0.4727602660655975,2025-04-05 06:21:33.887257,2025-04-05 06:21:39.903329,0 days 00:00:06.016072,0.46185011395996534,0.62158006074133,16,0.006643687042025603,0.06848624146220463,0.08347929460627564,0.08361044572803386,0.05095990890545038,0.04204716171635087,0.00012893397640735657,7,31,0.017743433079035004,0.28600909752292614,False,True,False,2.0707472160274638e-08,COMPLETE
527,0.45130956768989566,2025-04-05 06:21:40.071572,2025-04-05 06:21:46.176377,0 days 00:00:06.104805,0.4929370182959418,0.6420121838696029,16,0.011092394293565412,0.06276943336363897,0.08537796965856694,0.08719259425197665,0.05726098210599394,0.04771717542710585,8.148930962540545e-05,8,23,0.009382661227674973,0.2893736896705472,False,True,False,1.5922995793875265e-08,COMPLETE
528,0.35447201728820804,2025-04-05 06:21:46.354326,2025-04-05 06:21:52.284641,0 days 00:00:05.930315,0.5146541854252186,0.6161125646110938,16,0.00035404392582599146,0.07964228221403515,0.07792329649112195,0.0894570450141498,0.059702270135266876,0.04373650071969231,0.0001053456759952265,6,26,0.022479003774041956,0.29398932647968656,False,True,False,2.9121661881248402e-08,COMPLETE
529,0.3735048174858093,2025-04-05 06:21:52.453750,2025-04-05 06:21:58.322278,0 days 00:00:05.868528,0.47788161784505184,0.6534971256255423,16,0.016164956701516957,0.07086352215463883,0.07920079235348611,0.09428579097162904,0.0607914355191308,0.03915699897611206,0.0001345903013602358,5,25,0.012992519092229145,0.2840787872648023,True,True,False,1.2726864501370268e-08,COMPLETE
530,0.47567981481552124,2025-04-05 06:21:58.501766,2025-04-05 06:22:04.527536,0 days 00:00:06.025770,0.5010923685052224,0.5937102510524815,16,0.006324850431358171,0.06246554371581505,0.08844325213152847,0.09283470198279441,0.06421426606553887,0.041343801902952164,6.871508154501677e-05,7,30,0.017722410408034833,0.29098728530211937,False,True,False,2.1325589903690008e-08,COMPLETE
531,0.4701612889766693,2025-04-05 06:22:04.698111,2025-04-05 06:22:10.802407,0 days 00:00:06.104296,0.5059953993977875,0.6002380037959555,16,0.009218855496366895,0.06193658505145128,0.09304049433050253,0.09276232174002731,0.06322527775883341,0.03888685660462383,6.471793367791849e-05,8,29,0.018013407815129542,0.2948572642861764,False,True,False,9.979156402121071e-05,COMPLETE
532,0.47847200632095344,2025-04-05 06:22:10.990836,2025-04-05 06:22:17.007878,0 days 00:00:06.017042,0.49204588096422486,0.5843204810546319,16,0.014219252633086966,0.06734080834143383,0.0811547573157853,0.09496517580803689,0.05443900272013656,0.046027917489449094,6.786760563445797e-05,7,27,0.015983631765330714,0.28298169212356705,False,True,False,2.4109488014382124e-08,COMPLETE
533,0.356377911567688,2025-04-05 06:22:17.366431,2025-04-05 06:22:23.435264,0 days 00:00:06.068833,0.47544223242097405,0.5565119309853961,16,0.01706237905680932,0.06862437154608089,0.08641146292337497,0.09452054890679769,0.05378909683281183,0.04467094174743365,5.4357785785527515e-05,7,31,0.015193573364703953,0.2817637106645221,False,True,False,2.9715208289201836e-08,COMPLETE
534,0.4754148006439209,2025-04-05 06:22:23.605239,2025-04-05 06:22:29.604983,0 days 00:00:05.999744,0.4610217238739105,0.5760981275786788,16,0.017915954891922083,0.0741884303985093,0.08941954145956049,0.09575089465411031,0.05876866054250052,0.04202497307560159,6.14140690386661e-05,7,28,0.02115561459251935,0.28397722544594184,False,True,False,2.4984288976294648e-08,COMPLETE
535,0.3607815742492676,2025-04-05 06:22:29.786441,2025-04-05 06:22:35.729040,0 days 00:00:05.942599,0.46628038150995527,0.5710267499400783,16,0.017884804790428137,0.08154854354316542,0.08820551308085658,0.09582248939982967,0.056613312377400804,0.04497700926666243,6.123277289710034e-05,6,36,0.021596981455733924,0.2836363024795368,False,True,False,2.6417170794859846e-08,COMPLETE
536,0.4808369040489197,2025-04-05 06:22:35.900188,2025-04-05 06:22:41.906086,0 days 00:00:06.005898,0.4575498688425003,0.5828384070942456,16,0.010448471462661613,0.0759625176206066,0.08946072868979216,0.0968952048328959,0.058538997674147136,0.04243702542502544,7.079661698145363e-05,7,27,0.017419497938100572,0.2860711689822865,False,True,False,3.5270071604850654e-08,COMPLETE
537,0.35759443044662476,2025-04-05 06:22:42.089747,2025-04-05 06:22:48.090139,0 days 00:00:06.000392,0.4427089447871162,0.5742580931626621,16,0.017816195401419665,0.08877749090070677,0.09238360407989009,0.09690606635654792,0.055296531219092566,0.046552812712345765,4.9875392681040895e-05,7,31,0.01687906719480002,0.28174680737392716,False,True,False,3.201913197515766e-08,COMPLETE
538,0.39537346363067627,2025-04-05 06:22:48.261973,2025-04-05 06:22:54.622634,0 days 00:00:06.360661,0.44617328287822855,0.5854802554323764,16,0.011704015113842182,0.09856071038133413,0.08787372000447893,0.09985428600270797,0.0585372420849782,0.039991197367751335,6.875312692195618e-05,7,28,0.014046837890879392,0.28654383973055436,False,False,False,4.30916933232745e-08,COMPLETE
539,0.28504276871681217,2025-04-05 06:22:54.793588,2025-04-05 06:23:00.907226,0 days 00:00:06.113638,0.4612109318735146,0.5947027731136172,16,0.018396508960350676,0.0739799510789861,0.09017127291944464,0.09690051280640137,0.05857966285667141,0.04228380936077697,7.643786014737394e-05,8,35,0.011326824184017837,0.27986312654605017,False,True,True,3.1175010433227954e-08,COMPLETE
540,0.35276913046836855,2025-04-05 06:23:01.088875,2025-04-05 06:23:07.017464,0 days 00:00:05.928589,0.4560969628153719,0.6167567913192866,16,0.010151955300881126,0.07523746504620077,0.08849844343104053,0.09531960431507178,0.05688019127481457,0.04210908272264129,8.165064290585298e-05,6,26,0.01845774077394636,0.2871980426551947,False,True,False,2.4246354624989508e-08,COMPLETE
541,0.45199119448661806,2025-04-05 06:23:07.189041,2025-04-05 06:23:13.201452,0 days 00:00:06.012411,0.48523159884066414,0.5575542400277668,16,0.006786215140014348,0.0688153502843596,0.0839489433164541,0.09307254687571057,0.05187944886422363,0.043413665993134364,5.825341717987362e-05,7,29,0.015834726072423186,0.28876119242675097,False,True,False,3.321312134824301e-08,COMPLETE
542,0.35156912803649903,2025-04-05 06:23:13.387245,2025-04-05 06:23:19.323572,0 days 00:00:05.936327,0.49295748660972766,0.6013470146554059,16,0.014534745787869367,0.07943914626739074,0.08112929510305078,0.0920480735368069,0.05427345603008587,0.0410393782027908,5.904126038858373e-05,6,24,0.019830963798471962,0.2798104937334631,False,True,False,2.406580369230283e-08,COMPLETE
543,0.4770564377307892,2025-04-05 06:23:19.499221,2025-04-05 06:23:25.369194,0 days 00:00:05.869973,0.4787099435564199,0.57504315336027,16,0.007261211370983657,0.07573006953167845,0.08544077330100876,0.0953135519527949,0.0603247854930565,0.046432717605651326,8.92417606905355e-05,5,26,0.018025254096326892,0.2898923282398271,False,True,False,3.897727338299771e-08,COMPLETE
544,0.48193591833114624,2025-04-05 06:23:25.555616,2025-04-05 06:23:31.493245,0 days 00:00:05.937629,0.4881953276464749,0.5436945240272303,16,0.006840513434722665,0.08509504558990061,0.08520672488562016,0.09380471351151196,0.0611199743959663,0.04819883278368458,9.61320146480399e-05,6,21,0.01683650408904943,0.29146142461487656,False,True,False,3.7964962996412545e-08,COMPLETE
545,0.45501244664192203,2025-04-05 06:23:31.665499,2025-04-05 06:23:37.508946,0 days 00:00:05.843447,0.4667171258871985,0.5446507464329445,16,0.008367528242048602,0.08627387836564526,0.08485214088951185,0.09816118358162661,0.061185138066288634,0.05255438429253498,9.65266504040195e-05,5,21,0.013338739337958028,0.29033436345244445,False,True,False,3.280351885739189e-08,COMPLETE
546,0.48085114955902103,2025-04-05 06:23:37.683662,2025-04-05 06:23:43.535194,0 days 00:00:05.851532,0.47988610698789064,0.5548860772214186,16,0.011370106674836726,0.08196200774613886,0.08275068601718968,0.09044430881745477,0.04773680172222922,0.049499403148667485,8.932840054939648e-05,5,25,0.015599714483853201,0.2928594425218631,False,True,False,4.6749610720502186e-08,COMPLETE
547,0.44957314133644105,2025-04-05 06:23:43.719290,2025-04-05 06:23:49.551912,0 days 00:00:05.832622,0.4785834011006417,0.5486493592830112,16,0.013494425787953615,0.08465606275416646,0.08236463884813333,0.09021575064432155,0.060317756798906164,0.05202846046430007,8.753660942559015e-05,5,24,0.015419392265159858,0.293477155181677,False,True,False,3.6612392773842964e-08,COMPLETE
548,0.3520082771778107,2025-04-05 06:23:49.727448,2025-04-05 06:23:55.546817,0 days 00:00:05.819369,0.488486384147888,0.5670320452811685,16,0.011797511322910677,0.08281612549693924,0.08406868719744565,0.09366312151546276,0.047318871421497787,0.04887295057103758,9.695610749311898e-05,5,22,0.010835099734412863,0.28700257272815355,False,True,False,3.139500652786174e-08,COMPLETE
549,0.42403964400291444,2025-04-05 06:23:55.732680,2025-04-05 06:24:01.753614,0 days 00:00:06.020934,0.44264708625814797,0.5290367237794871,16,0.17559493997907216,0.092999477495318,0.08066586689706803,0.09087873421457608,0.06121497079112358,0.04771722699650083,7.83386028394675e-05,6,21,0.016596437987989668,0.29201898775327073,True,True,False,4.109486383523961e-08,COMPLETE
550,0.4820985078811646,2025-04-05 06:24:01.929892,2025-04-05 06:24:07.915256,0 days 00:00:05.985364,0.47214917605839135,0.5587585317592259,16,0.02012689196126563,0.07430319588890733,0.08531994521173901,0.08914708822186837,0.05701505914720426,0.0455165941915818,0.00010971461286586139,6,26,0.013596322966696366,0.29920511522444465,False,True,False,4.873067296226854e-08,COMPLETE
551,0.46598833203315737,2025-04-05 06:24:08.101035,2025-04-05 06:24:14.051530,0 days 00:00:05.950495,0.4501726129403376,0.5539619600163163,16,0.022602837387337725,0.0797147543554005,0.08235461572026927,0.08888921749180802,0.05659101450683795,0.04539277116805932,0.00011301890665183378,6,25,0.01292286470898018,0.29586642318852074,False,True,False,4.546818709643298e-08,COMPLETE
552,0.4520979642868042,2025-04-05 06:24:14.227661,2025-04-05 06:24:20.182016,0 days 00:00:05.954355,0.5019103641695354,0.6350780676810526,16,0.020440623982676265,0.06938534109208523,0.07782221027074528,0.08603476021497905,0.05352739874703335,0.055102921939900164,0.00010817943001806503,6,20,0.0146963943902574,0.2990279270166685,False,True,False,5.5937837882480395e-08,COMPLETE
553,0.3536447465419769,2025-04-05 06:24:20.369226,2025-04-05 06:24:26.470143,0 days 00:00:06.100917,0.4684807913770479,0.6102276657585681,16,0.01378057930958499,0.07555185723512993,0.0800445945048811,0.09042295877860997,0.05742039250541913,0.05077047327417003,0.00011686205682701593,8,23,0.011309941943453106,0.29948823089302895,False,True,False,4.403345914440877e-08,COMPLETE
554,0.35183895826339723,2025-04-05 06:24:26.648415,2025-04-05 06:24:32.585717,0 days 00:00:05.937302,0.5031547634002858,0.5339370606807274,16,0.00612877388300597,0.0880679031775784,0.08680070508529239,0.08277676105439313,0.05542697483155452,0.04587265614272569,9.204850145288815e-05,6,27,0.01500313220455172,0.2997069920169371,False,True,False,5.543918779214667e-08,COMPLETE
555,0.440209573507309,2025-04-05 06:24:32.761376,2025-04-05 06:24:38.661849,0 days 00:00:05.900473,0.48800588623426444,0.6340784588507189,16,0.01764413367177115,0.06774950668173635,0.08264697491065348,0.08798007801027719,0.06265671430830987,0.04863665487562075,7.208383227463594e-05,5,20,0.019356299214351357,0.28464151862400994,False,True,False,4.841511338211364e-08,COMPLETE
556,0.3515407681465149,2025-04-05 06:24:38.849818,2025-04-05 06:24:45.027754,0 days 00:00:06.177936,0.5138518097489726,0.5828003740924169,16,0.005896041601528157,0.07998466697695317,0.08469051739133883,0.085248136299237,0.05829242442430775,0.050426867651340704,0.00010434277192381126,9,24,0.016685872856779874,0.29195889376438416,False,True,False,3.8224610486220656e-08,COMPLETE
557,0.3875473022460938,2025-04-05 06:24:45.205072,2025-04-05 06:24:51.564184,0 days 00:00:06.359112,0.4592759364358686,0.6575141592324125,16,0.013973383037138264,0.0698298025684391,0.07888780745996937,0.09174708364155404,0.06258676525943505,0.05318246951550148,0.00012707711776396865,7,32,0.013677700696142873,0.2941314490328852,False,False,False,2.885838202128163e-08,COMPLETE
558,0.28504276871681217,2025-04-05 06:24:51.754508,2025-04-05 06:24:57.838523,0 days 00:00:06.084015,0.4892780032955055,0.6131016848016861,16,0.02330134178115112,0.06381758479872765,0.08043321197141594,0.08946139611439277,0.05962359671725741,0.047475883746784235,7.995353866399652e-05,8,29,0.008825447638776057,0.29984341615003,False,True,True,3.758463043470032e-08,COMPLETE
559,0.3502599120140076,2025-04-05 06:24:58.015914,2025-04-05 06:25:03.946664,0 days 00:00:05.930750,0.5160186189645268,0.5544867662915681,16,0.011709460247691515,0.07480439395462281,0.08207576957701608,0.08696283095113604,0.06351653541653489,0.03704500813315238,0.00010059887190878445,6,26,0.018311727763720198,0.28352070273869306,False,True,False,2.7499327733778662e-08,COMPLETE
560,0.33349070549011234,2025-04-05 06:25:04.137783,2025-04-05 06:25:10.319678,0 days 00:00:06.181895,0.4756278415722969,0.5867618873814634,16,0.0055809173121606735,0.06617756849777497,0.0856814323328957,0.0934580804109819,0.05192127158876274,0.04431461373045868,0.00012110011166078143,9,33,0.020907204346341163,0.28806065490444144,False,True,False,4.633590119986016e-08,COMPLETE
561,0.36454631090164186,2025-04-05 06:25:10.496558,2025-04-05 06:25:16.334191,0 days 00:00:05.837633,0.5023365329643167,0.674081215769924,16,0.005434681967801955,0.079311679663244,0.07685684467011403,0.08099436433864482,0.06118526510282719,0.03517334790937783,0.00014966906976354851,5,22,0.01628256587259615,0.27969469273182723,False,True,False,2.249356340850681e-08,COMPLETE
562,0.370278799533844,2025-04-05 06:25:16.512725,2025-04-05 06:25:22.418369,0 days 00:00:05.905644,0.44902224381470934,0.6447739809949082,16,0.01798948846326512,0.10217249170475963,0.08155389688395871,0.0793615730751973,0.05480302197957845,0.048792524097848684,8.359679267953676e-05,6,19,0.012059917744218367,0.2932203570239929,False,True,False,2.2288754706478e-08,COMPLETE
563,0.4799359560012818,2025-04-05 06:25:22.607630,2025-04-05 06:25:28.564491,0 days 00:00:05.956861,0.5223574708648813,0.601610888493745,16,0.010821353817466312,0.07039596373492266,0.0848956227084809,0.08486489446028402,0.05793060964195932,0.039651619484243,0.00011047014843371973,6,23,0.024059024131882895,0.286367341858855,False,True,False,2.9887808279579637e-08,COMPLETE
