number,value,datetime_start,datetime_complete,duration,params_alpha-eval,params_alpha-train,params_batch-size,params_eps-eval,params_eps-train,params_lambda-actions-eval,params_lambda-actions-train,params_lambda-frames-eval,params_lambda-frames-train,params_learning-rate,params_n-epochs,params_n-frames,params_radius-gw,params_rho,params_std-feats,params_ub-actions,params_ub-frames,params_weight-decay,state
225,0.42008968591690066,2025-04-05 05:44:29.739616,2025-04-05 05:44:38.005498,0 days 00:00:08.265882,0.44568959765208926,0.7140796369365222,8,0.047257348033365544,0.020387526675181337,0.05424617005625234,0.02444692989884068,0.010390315251111776,0.011217864292544323,0.00038509815868659046,20,10,0.044423874204664586,0.2299659678999813,False,True,False,9.393330756844565e-08,COMPLETE
226,0.4166907548904419,2025-04-05 05:44:38.079450,2025-04-05 05:44:46.504890,0 days 00:00:08.425440,0.4053075189597126,0.68266064761289,8,0.03442011519619474,0.010936497939066623,0.05055164209819333,0.02199622790852527,0.007355680032302888,0.012287304490729949,0.00030969225655091536,21,13,0.046880140250513486,0.21860075137642113,False,True,False,4.866758518800974e-08,COMPLETE
227,0.4364702224731446,2025-04-05 05:44:46.587754,2025-04-05 05:44:54.662302,0 days 00:00:08.074548,0.4173383386216289,0.7404992108308941,8,0.04287870355591772,0.007561173440378947,0.054735696198600595,0.018855333549413947,0.009543081778834011,0.014037857944110473,0.0010296168207688484,19,8,0.04196071574769704,0.23283469321190006,False,True,False,1.3362909158003614e-07,COMPLETE
228,0.42176955938339233,2025-04-05 05:44:54.736248,2025-04-05 05:45:02.615701,0 days 00:00:07.879453,0.4202336225831804,0.7808996520660364,8,0.0414503609300607,0.017948370706961245,0.05621635618738521,0.022880431526232096,0.011372822747159027,0.013858320422918308,0.000947877206488307,17,10,0.03967128675767951,0.22406042750216754,False,True,False,1.2250458461282468e-07,COMPLETE
229,0.40390403270721437,2025-04-05 05:45:02.689877,2025-04-05 05:45:10.801985,0 days 00:00:08.112108,0.38106546802835667,0.7322061962965397,8,0.046870725412512595,0.00483604443770366,0.054426539340158085,0.0190263125400418,0.009671107904417196,0.015026795394772788,0.002077243837089747,19,13,0.0424960670989884,0.2366940605378754,False,True,False,7.004685865216908e-08,COMPLETE
230,0.4199848532676697,2025-04-05 05:45:10.876843,2025-04-05 05:45:19.116663,0 days 00:00:08.239820,0.40548462839471616,0.7587411872354097,8,0.03310424009476579,0.0001675813567611345,0.051593188236918754,0.016935964959030003,0.012773666505874842,0.018475458289146093,0.0011576304655134333,20,5,0.04224720119854256,0.2341827770093793,False,True,False,2.0479666320106103e-07,COMPLETE
231,0.42594643831253054,2025-04-05 05:45:19.190439,2025-04-05 05:45:27.120006,0 days 00:00:07.929567,0.4387096099741311,0.7065871843379697,8,0.05305293110665255,0.01026679658167904,0.052459014884055626,0.015976736312327794,0.006393726892033541,0.010670400068052494,0.0003898249148667874,18,8,0.04520928625332754,0.21328014531232045,False,True,False,1.0825164855031385e-07,COMPLETE
232,0.432293164730072,2025-04-05 05:45:27.194781,2025-04-05 05:45:35.176126,0 days 00:00:07.981345,0.45478252247682677,0.7108928534751707,8,0.0526451274815558,0.011350957980489768,0.04971180001702704,0.01922211474299969,0.0059071139191260065,0.01226397918899284,0.0006667175079543385,18,8,0.04487003027847035,0.21152982659797503,False,True,False,1.0002925330821887e-07,COMPLETE
233,0.28504276871681217,2025-04-05 05:45:35.260807,2025-04-05 05:45:43.271005,0 days 00:00:08.010198,0.4629082408677385,0.7023993083227629,8,0.052621306623447314,0.0145636626675054,0.05606922972005889,0.019366801754739437,0.0051666534502874265,0.011189514349488368,0.0006283840165089202,18,52,0.058354081623324554,0.21555292842440188,False,True,False,1.0322994934472262e-07,COMPLETE
234,0.42770083546638493,2025-04-05 05:45:43.349371,2025-04-05 05:45:51.239979,0 days 00:00:07.890608,0.4812415765897551,0.7295769278510084,8,0.039466729929491746,0.010967801968259052,0.05219942611690833,0.02328965097357656,0.0057491006622215155,0.017663989774209295,0.0007920393200567155,17,10,0.045741141147571426,0.2592464228564957,False,True,False,7.966334926261018e-08,COMPLETE
235,0.4123942315578461,2025-04-05 05:45:51.315164,2025-04-05 05:45:59.137107,0 days 00:00:07.821943,0.4858017930302043,0.7305060846104666,8,0.03983402432935544,0.02492566914471076,0.052656495098824856,0.026363391072667556,0.008558066403298184,0.01707713016030784,0.0008194195433709607,17,11,0.04557734645087501,0.2527493866622472,False,True,False,5.667325515083019e-08,COMPLETE
236,0.4273150444030762,2025-04-05 05:45:59.213037,2025-04-05 05:46:07.180396,0 days 00:00:07.967359,0.4612989978686714,0.7148509102403725,8,0.04509828648033631,0.011944319706724368,0.05079577881670881,0.023079237192332666,0.005840771192694932,0.014952563159758977,0.0007183777758045444,18,10,0.04048991485925615,0.20955819867696795,False,True,False,8.580865142212369e-08,COMPLETE
237,0.4076837122440339,2025-04-05 05:46:07.259863,2025-04-05 05:46:15.248950,0 days 00:00:07.989087,0.46547273531678696,0.6961981971399345,8,0.044246807675959475,0.020552132336382443,0.05045530514857056,0.023558082669402028,0.005716171990052426,0.01405429036131324,0.000635442907573087,18,15,0.040328770086710236,0.20776669565305264,False,True,False,7.704622790504464e-08,COMPLETE
238,0.41533291339874273,2025-04-05 05:46:15.325462,2025-04-05 05:46:23.319109,0 days 00:00:07.993647,0.4917029920747372,0.6665357564924871,8,0.037356600803322156,0.012281728807930043,0.05510250395381208,0.020555832771985322,0.006306479260513291,0.015693128506919146,0.0009823995577330172,18,12,0.043801544127376676,0.21223569792921262,False,True,False,8.312041673118495e-08,COMPLETE
239,0.28504276871681217,2025-04-05 05:46:23.405395,2025-04-05 05:46:31.376328,0 days 00:00:07.970933,0.4450495087078549,0.7088472761043451,8,0.04659441237196494,0.01817125049880428,0.049456218456700014,0.017804753493465435,0.004335174410815121,0.0174810312374123,0.0007345531939140985,17,78,0.041644022199003906,0.2035886590065347,False,True,False,1.435731794346409e-07,COMPLETE
240,0.42342467308044435,2025-04-05 05:46:31.454347,2025-04-05 05:46:39.450334,0 days 00:00:07.995987,0.5331739036701342,0.6735467724162714,8,0.031781531612917725,0.00975938283127863,0.05259458040085126,0.022010013961707594,0.006005042349097283,0.011934402247469774,0.000464705526316968,18,10,0.04653429114990977,0.21805045912259693,False,True,False,6.535640168191543e-08,COMPLETE
241,0.4331873118877411,2025-04-05 05:46:39.528894,2025-04-05 05:46:47.493606,0 days 00:00:07.964712,0.47390784457539675,0.7459463952592835,8,0.031248178698867368,0.010307634190979187,0.05268293213794847,0.021715620160483104,0.006261501543855123,0.01254920060945282,0.00048215880567557384,18,10,0.04669976081982442,0.25919464885697896,False,True,False,6.029596888332733e-08,COMPLETE
242,0.4317979753017426,2025-04-05 05:46:47.571479,2025-04-05 05:46:55.326408,0 days 00:00:07.754929,0.4986170738657981,0.7424129315415581,8,0.04441751190003612,0.011239892235149183,0.05420907731831907,0.02166772715708796,0.0062597101421724855,0.013278915042406528,0.00048716654777203864,17,8,0.04665515267937265,0.28032271820303206,False,True,False,5.907127327231874e-08,COMPLETE
243,0.4328049182891846,2025-04-05 05:46:55.405063,2025-04-05 05:47:03.200245,0 days 00:00:07.795182,0.5329322456551642,0.7611835425695849,8,0.04648718533070299,0.013501528789769518,0.058182251039825286,0.019911319323761646,0.004660975854951576,0.01307037231840094,0.0005195784537198855,17,7,0.0472597470179862,0.26396352498040243,False,True,False,4.52249799730899e-08,COMPLETE
244,0.415105026960373,2025-04-05 05:47:03.278465,2025-04-05 05:47:10.934827,0 days 00:00:07.656362,0.529822256075675,0.7469908584936572,8,0.04987215362086503,0.02605182344944845,0.05790812137790839,0.02077251436028671,0.0034947414703258377,0.015336848849219133,0.0005440528788913621,16,7,0.047817980151310426,0.27146202892742444,False,True,False,4.799417852301979e-08,COMPLETE
245,0.420381498336792,2025-04-05 05:47:11.023902,2025-04-05 05:47:18.875089,0 days 00:00:07.851187,0.5100412949628033,0.7721678935512742,8,0.0555796382161715,0.01613752234771315,0.05885468814140522,0.01895257427786542,0.004862739001762423,0.01409465073401779,0.0007507905502356023,17,5,0.04561584520895355,0.2786001800279713,False,True,False,5.623167722650806e-08,COMPLETE
246,0.43834943771362306,2025-04-05 05:47:18.953688,2025-04-05 05:47:26.757542,0 days 00:00:07.803854,0.4738992160683033,0.8331864493164929,8,0.04668583941011589,0.012898201917149691,0.055502378643447654,0.02239607649599448,0.004236094227595836,0.013193176479631596,0.00047263294265831253,17,8,0.04348545389147059,0.26494002694972574,False,True,False,3.3795670469158706e-08,COMPLETE
247,0.41656149625778205,2025-04-05 05:47:26.837127,2025-04-05 05:47:34.595083,0 days 00:00:07.757956,0.4809523100115332,0.8563487263727204,8,0.051053497264960446,0.021067551127093583,0.05537014515536504,0.02197043260490661,0.0030139879120506157,0.013202009288697305,0.0005660823832564718,17,7,0.04290026720036377,0.26622539862475386,False,True,False,2.4843636212791505e-08,COMPLETE
248,0.4082025170326233,2025-04-05 05:47:34.674752,2025-04-05 05:47:42.439120,0 days 00:00:07.764368,0.49269745919770586,0.8005686604523017,8,0.04592116575411265,0.011156389557911567,0.05408876543737427,0.019187118483552274,0.004518492875512073,0.017633074772400406,0.0012537157954427408,17,8,0.04459380366365442,0.26267748880366876,True,True,False,2.7620833213387643e-08,COMPLETE
249,0.44282411932945254,2025-04-05 05:47:42.519014,2025-04-05 05:47:50.135680,0 days 00:00:07.616666,0.4712642057869832,0.8329402718990231,8,0.058040797264238664,0.029401550296748305,0.05707430338476301,0.016770592444119096,0.002549310668107337,0.014947283308912682,0.00043897407059334103,16,5,0.039281682032838605,0.2959422560726197,False,True,False,4.1698479135633974e-08,COMPLETE
250,0.4419938027858734,2025-04-05 05:47:50.216114,2025-04-05 05:47:58.180495,0 days 00:00:07.964381,0.48129025698526817,0.8477307317481175,8,0.05831060818186605,0.026070929670278607,0.05706220687213704,0.01669559010658851,0.0014453000469059312,0.013140911811364628,0.0006732866491584361,18,7,0.03952403689982139,0.2749426054193137,False,True,False,3.76541141606571e-08,COMPLETE
251,0.47294708490371706,2025-04-05 05:47:58.270788,2025-04-05 05:48:05.929517,0 days 00:00:07.658729,0.4745728256570334,0.8387323342563776,8,0.059177124291265495,0.035990054358864876,0.05803757310310785,0.015875650179428075,0.0012089738861678742,0.012920224331982503,0.0006758875575227641,16,5,0.03992046643698274,0.29793023452094414,False,True,False,2.0436529415248663e-08,COMPLETE
252,0.4026307344436646,2025-04-05 05:48:06.012125,2025-04-05 05:48:13.664779,0 days 00:00:07.652654,0.5087112818066821,0.8629395965119084,8,0.060058016876642424,0.03599874864636942,0.057434501957203066,0.01602970379536152,0.0014630795411009491,0.01256839967566066,0.0009266793694343812,16,5,0.040704726565391335,0.2910939196421672,False,True,False,3.440124939595464e-08,COMPLETE
253,0.405588972568512,2025-04-05 05:48:13.746659,2025-04-05 05:48:21.441734,0 days 00:00:07.695075,0.4714363367720076,0.8420985816468501,8,0.05825863105954741,0.024376374284549994,0.058547886767683854,0.0160737788147249,0.0010546241901407067,0.016019841045763428,0.0006608895231778405,17,5,0.0421141762687445,0.2968990843545735,False,True,False,5.181240350164508e-08,COMPLETE
254,0.4717205107212067,2025-04-05 05:48:21.524327,2025-04-05 05:48:29.446637,0 days 00:00:07.922310,0.5463040342058485,0.8765572821908948,8,0.0587407381246009,0.02769799036519853,0.055890712884296964,0.016720341262840988,0.0025201924007569503,0.012987021062716951,0.0008000569854306104,18,5,0.03844543148670659,0.2801917813192391,False,True,False,1.68900048011859e-08,COMPLETE
255,0.4500178396701813,2025-04-05 05:48:29.529204,2025-04-05 05:48:37.249327,0 days 00:00:07.720123,0.5505625952886544,0.8260767048977731,8,0.0602132004573436,0.030344542560305183,0.05680877540128314,0.015172366809469207,0.002738011620019328,0.01776019034267983,0.0008140104760355795,16,14,0.039811024856316074,0.28324989580618065,False,True,False,2.0705333912797124e-08,COMPLETE
256,0.30647971034049987,2025-04-05 05:48:37.332186,2025-04-05 05:48:45.013143,0 days 00:00:07.680957,0.5410044023036555,0.8719189556018847,8,0.05954745425838888,0.03973657333972064,0.05812892983002922,0.014584829707364194,0.0028223171287162555,0.019105714290053713,0.0010335465678369881,16,14,0.038292118721820256,0.286316148538278,False,True,True,1.7781006335947403e-08,COMPLETE
257,0.30623250603675845,2025-04-05 05:48:45.105811,2025-04-05 05:48:52.853587,0 days 00:00:07.747776,0.563115534136736,0.8332785968544631,8,0.05901290263333067,0.035912567103741744,0.05688482552069251,0.01661238374873986,0.0380886075704127,0.01822155383016026,0.0008180211101613576,16,13,0.03532646523338093,0.2805679771004256,False,True,False,1.3905230957659748e-08,COMPLETE
258,0.4261957466602326,2025-04-05 05:48:52.937106,2025-04-05 05:49:00.702341,0 days 00:00:07.765235,0.5243900514479486,0.8190856502062408,8,0.06060795678082892,0.033117686113652775,0.055519536719844075,0.01297086753515666,0.002263928874699082,0.016083461388958567,0.001551550779381854,17,10,0.03868706103367586,0.2745047213251248,False,True,False,3.5884629335610585e-08,COMPLETE
259,0.42743360996246343,2025-04-05 05:49:00.786686,2025-04-05 05:49:08.401323,0 days 00:00:07.614637,0.4948953068380729,0.8465114382797939,8,0.057421013128821335,0.025185599538818795,0.05850124637522287,0.020144775736682507,0.0027288534474087995,0.019849540964948623,0.0006751234845929141,16,5,0.03932851815844036,0.28878133379312765,False,True,False,3.230379222732563e-08,COMPLETE
260,0.3256031095981598,2025-04-05 05:49:08.485114,2025-04-05 05:49:16.192299,0 days 00:00:07.707185,0.49953801679949966,0.9073099446151466,8,0.06122977827139976,0.0307781388185088,0.05919533044666566,0.02027165853839155,0.001031692192547466,0.0193812602080125,0.000669476155511703,16,7,0.0394795566797011,0.2904247244985728,False,True,False,1.962379415039576e-08,COMPLETE
261,0.39709446430206297,2025-04-05 05:49:16.276176,2025-04-05 05:49:23.815310,0 days 00:00:07.539134,0.5410967068921336,0.8953920960510408,8,0.24143311389634425,0.028806543892197695,0.056513507245793446,0.01779478643294921,0.0032368864557518317,0.01693326343529595,0.000784526443729033,15,5,0.03588695089774497,0.28317007804549155,False,True,False,2.9142793432589168e-08,COMPLETE
262,0.4403755605220795,2025-04-05 05:49:23.901261,2025-04-05 05:49:31.615466,0 days 00:00:07.714205,0.5008404009540679,0.8442182511378348,8,0.054475291350061024,0.028961777269374805,0.05372830094744099,0.021386541738810372,0.001156636373430441,0.02072096190013938,0.0005320210420591887,16,11,0.039745103401763626,0.2576698310809316,False,True,False,2.129806679017902e-08,COMPLETE
263,0.28504276871681217,2025-04-05 05:49:31.709537,2025-04-05 05:49:39.325027,0 days 00:00:07.615490,0.49935665613375363,0.8371963750480204,8,0.06813145415958378,0.028023388113487768,0.0540828926057639,0.02013321317323563,0.001024402900857322,0.019911987628653073,0.0005414238691586438,16,17,0.03973102386295187,0.2568665377148528,False,True,False,3.982059480324608e-08,COMPLETE
264,0.3183573007583618,2025-04-05 05:49:39.410200,2025-04-05 05:49:46.925847,0 days 00:00:07.515647,0.5247333929922198,0.8326633036193142,8,0.05635810643344243,0.036729153322802126,0.05631062186310327,0.017459036444770128,0.0029425731711117463,0.013588021593094624,0.0005961785689647854,15,13,0.038980674399433944,0.297660264871827,False,True,False,1.8086483934090814e-08,COMPLETE
265,0.3242007613182068,2025-04-05 05:49:47.010705,2025-04-05 05:49:54.859822,0 days 00:00:07.849117,0.5670603423095256,0.8526625894711142,8,0.05566269636631356,0.04129589792321492,0.0035419490922288105,0.014060068909721434,0.0010239265889801733,0.021822636921221376,0.0004896005541672292,17,10,0.0407328302956087,0.2691085215648772,False,True,False,1.222600805437696e-08,COMPLETE
266,0.38007175326347353,2025-04-05 05:49:54.944855,2025-04-05 05:50:02.647126,0 days 00:00:07.702271,0.4756073577324921,0.8103198615445665,8,0.060539891099775936,0.02630260364979227,0.05872018814645899,0.019138583787259775,0.004002892919137139,0.017443307321239707,0.0008627643894593915,16,12,0.036796875944718734,0.2592418199335351,True,True,False,3.7719188429481546e-08,COMPLETE
267,0.28504276871681217,2025-04-05 05:50:02.734369,2025-04-05 05:50:10.767674,0 days 00:00:08.033305,0.549628843220044,0.884815759505047,8,0.06660068843879013,0.024577290877002514,0.054366192796296266,0.011444282389687414,0.0026891054893147205,0.015079403639264114,0.0006644071707859664,17,127,0.041210237753354625,0.2743786099893737,False,True,False,2.82601262308214e-08,COMPLETE
268,0.3193325936794281,2025-04-05 05:50:10.862697,2025-04-05 05:50:18.744620,0 days 00:00:07.881923,0.5019716851661162,0.9306275305828547,8,0.054237172515212824,0.029800276741454846,0.05091432599561688,0.020631556325054586,0.00475546159328914,0.09196465394631673,0.0010552546199221623,18,5,0.03441714815097777,0.2869894404820814,False,True,False,1.971405000267311e-08,COMPLETE
269,0.40540126562118534,2025-04-05 05:50:18.832862,2025-04-05 05:50:26.659377,0 days 00:00:07.826515,0.52297289121076,0.7897848172599443,8,0.03256992094908168,0.021686646977395776,0.0517446867690348,0.01713267089615874,0.002675786709743066,0.02061446528713467,0.0005441308250540536,17,15,0.038444857142782424,0.2814477550518893,False,True,False,2.113240741925139e-08,COMPLETE
270,0.40423981547355653,2025-04-05 05:50:26.746585,2025-04-05 05:50:34.350773,0 days 00:00:07.604188,0.47291368954929686,0.8193602184562537,8,0.04695072331876685,0.028925137019025295,0.056806804958808466,0.008560083911884031,0.005398200269277306,0.023649172418793593,0.0007647171162742071,15,10,0.04202535912747958,0.26549091946148023,False,True,False,4.2874413691980165e-08,COMPLETE
271,0.30582442283630373,2025-04-05 05:50:34.438305,2025-04-05 05:50:42.151423,0 days 00:00:07.713118,0.48752633963458974,0.8560638301989045,8,0.06399410609273348,0.03961463218597192,0.05416108642666273,0.014709666473987823,0.04656952115199604,0.015420500560663032,0.000469124833053933,16,8,0.041039534861226266,0.2948735861017328,False,True,False,3.0281792371794305e-08,COMPLETE
272,0.28504276871681217,2025-04-05 05:50:42.238418,2025-04-05 05:50:50.143357,0 days 00:00:07.904939,0.46124386296216174,0.7719711823415322,8,0.03616799562962286,0.021500839714279223,0.05940959043748857,0.018698008655138112,0.0063057940091242924,0.013904498848383262,0.000642790475241261,18,12,0.08925353396626035,0.2561910261597213,False,True,False,2.4267855299415797e-08,COMPLETE
273,0.28504276871681217,2025-04-05 05:50:50.242412,2025-04-05 05:50:58.067776,0 days 00:00:07.825364,0.5128492108625156,0.8281454313665075,8,0.05348061630659106,0.19945186410662516,0.053650158502405634,0.012839365330325715,0.0030393859436184103,0.017914794223987167,0.0004434835885945274,17,42,0.038090643285451496,0.2761821277753237,False,True,False,1.0029120929145713e-08,COMPLETE
274,0.30964321494102476,2025-04-05 05:50:58.156183,2025-04-05 05:51:06.189824,0 days 00:00:08.033641,0.48557713594811674,0.9090014271086586,8,0.07089950985986554,0.03192366734110576,0.05629938506465504,0.02260699870642401,0.004528419893387528,0.012893410498488592,0.0009002772685843236,18,5,0.039457832334717564,0.28977363634148956,False,True,False,3.3267178626847434e-08,COMPLETE
275,0.38090875148773196,2025-04-05 05:51:06.284767,2025-04-05 05:51:14.025006,0 days 00:00:07.740239,0.45668463730029196,0.7347173304031784,8,0.04260528147622842,0.2340698967281735,0.05182420878069202,0.016371888619295442,0.007197977738079878,0.016146017922694482,0.0005449859153168721,16,10,0.04300316851546249,0.2501927543649305,False,True,True,6.18130422786985e-08,COMPLETE
276,0.3752007842063904,2025-04-05 05:51:14.112897,2025-04-05 05:51:22.116768,0 days 00:00:08.003871,0.49624107780682325,0.8466038579537926,8,0.058440126603499266,0.017692089247566673,0.05840187363763999,0.02038316334786739,0.00124932259742223,0.012899576354474494,0.0007325473913180801,18,17,0.03698092073922846,0.2701750292148223,False,True,False,1.442739183568752e-08,COMPLETE
277,0.4246273696422577,2025-04-05 05:51:22.206247,2025-04-05 05:51:30.080481,0 days 00:00:07.874234,0.4674446531335644,0.78578044318566,8,0.023741114947595992,0.0241264356896573,0.05066564442170933,0.014896559195689855,0.004685368187096322,0.01890082771781687,0.0014310791780572107,17,8,0.04263810160291099,0.2998693038973014,False,True,False,4.649370049009423e-08,COMPLETE
278,0.4192379713058472,2025-04-05 05:51:30.181757,2025-04-05 05:51:37.878374,0 days 00:00:07.696617,0.5492443297739272,0.7580490795785496,8,0.04866632266140324,0.015498117230379476,0.05513589579727345,0.017046428103419862,0.0070211744883102055,0.054251475355999584,0.0011171284431758164,16,14,0.03995279565140195,0.2837142451646276,False,True,False,2.3036677630163872e-08,COMPLETE
279,0.3252415955066681,2025-04-05 05:51:37.967915,2025-04-05 05:51:45.909566,0 days 00:00:07.941651,0.519210872809791,0.8746185246493666,8,0.03929763241757241,0.286207473300039,0.05271212993343952,0.011953052349667277,0.0027041988131859024,0.014454177048623187,0.00042895411945006757,18,10,0.044100096173059516,0.2654390521404447,False,True,False,7.053561097439354e-08,COMPLETE
280,0.4106890201568604,2025-04-05 05:51:45.999407,2025-04-05 05:51:53.758303,0 days 00:00:07.758896,0.4859358176942192,0.7333592778573532,8,0.06290845827824287,0.029662076642019943,0.057910736397895714,0.018756295025308057,0.005123553455276236,0.009116255662152194,0.0006151937179243758,17,5,0.03602126819349115,0.27753792304474323,False,True,False,4.011480391785615e-08,COMPLETE
