number,value,datetime_start,datetime_complete,duration,params_alpha-eval,params_alpha-train,params_batch-size,params_eps-eval,params_eps-train,params_lambda-actions-eval,params_lambda-actions-train,params_lambda-frames-eval,params_lambda-frames-train,params_learning-rate,params_n-epochs,params_n-frames,params_radius-gw,params_rho,params_std-feats,params_ub-actions,params_ub-frames,params_weight-decay,state
1638,0.4708864688873291,2025-04-05 08:32:01.664497,2025-04-05 08:32:08.184666,0 days 00:00:06.520169,0.6578084656872596,0.921006559264693,16,0.1660029990216962,0.2722112981351617,0.08658490474355338,0.04682372249734257,0.04069006706601905,0.07265511894432794,4.2984883513648114e-05,11,22,0.0075133867921070895,0.20851649878456022,True,True,False,2.700858805668029e-07,COMPLETE
1639,0.28504276871681217,2025-04-05 08:32:08.743214,2025-04-05 08:32:15.430223,0 days 00:00:06.687009,0.6708078493057412,0.9792954641129429,16,0.15623198654627615,0.2852717184306231,0.08934381276234368,0.042996586681171754,0.03759000092518393,0.06658768126198171,3.245243817295115e-05,11,80,0.012162487221404809,0.2145230075074191,True,True,False,1.438347933123552e-07,COMPLETE
1640,0.45018371343612673,2025-04-05 08:32:15.967117,2025-04-05 08:32:22.493555,0 days 00:00:06.526438,0.6611858051275203,0.9514082499331522,16,0.16720110864652554,0.279133923008252,0.09031079609090052,0.04053565256004056,0.03912765171332472,0.06420966755945351,5.149248687806592e-05,11,25,0.009375648083747272,0.1944636168925033,True,True,False,1.813779771533821e-07,COMPLETE
1641,0.49576146602630616,2025-04-05 08:32:23.056765,2025-04-05 08:32:29.502121,0 days 00:00:06.445356,0.6828326751307747,0.9198542648931908,16,0.16366757410016317,0.29033825794335566,0.08692976858815829,0.04474760906685599,0.04231112526653649,0.07063943415425893,3.636797009822306e-05,11,26,0.007336118415328271,0.21538947125982194,True,True,False,1.2563872414476276e-07,COMPLETE
1642,0.46363049149513247,2025-04-05 08:32:30.042464,2025-04-05 08:32:36.523943,0 days 00:00:06.481479,0.7186723726344593,0.9159773157287281,16,0.15928039890373735,0.2939621595473842,0.08706684233810723,0.03793925357587875,0.04519592658155871,0.0709823704590493,4.1233929594660874e-05,11,21,0.007061201986561365,0.2020547313536344,True,True,False,1.3188947576687541e-07,COMPLETE
1643,0.47520509958267215,2025-04-05 08:32:37.066485,2025-04-05 08:32:43.619445,0 days 00:00:06.552960,0.6992360078383822,0.9982097657671135,16,0.15358708145584432,0.2859371952901994,0.0876155261109164,0.043937825496082036,0.0424177417807862,0.0724463223780647,5.2803718876928867e-05,11,22,0.006386212208032475,0.21695116973504924,True,True,False,2.18730856592955e-07,COMPLETE
1644,0.49001282453536993,2025-04-05 08:32:44.182081,2025-04-05 08:32:50.686343,0 days 00:00:06.504262,0.7368985106727118,0.917565424566229,16,0.16402729328549823,0.2935333833894345,0.08611052521793365,0.042131210241150546,0.04223594951875644,0.06982238210966289,3.6319371865786735e-05,11,26,0.007129307686571357,0.20612303518265818,True,True,False,1.3165341076474277e-07,COMPLETE
1645,0.49492170810699465,2025-04-05 08:32:51.221705,2025-04-05 08:32:57.796458,0 days 00:00:06.574753,0.7014239787413236,0.9404343641087943,16,0.15541886708421196,0.27924141924867973,0.08887922580487086,0.047260614110794005,0.045222969852503084,0.07195097453117455,3.9379808174880774e-05,11,25,0.00709523950130598,0.21317604936113338,True,True,False,1.5462000847241086e-07,COMPLETE
1646,0.37381846308708194,2025-04-05 08:32:58.360333,2025-04-05 08:33:10.361065,0 days 00:00:12.000732,0.7469957433840791,0.942811845921183,2,0.14889321888967394,0.28010130663498256,0.0890436700385665,0.039964983940819834,0.046457355008159354,0.0717101059332032,3.424953523983746e-05,11,22,0.0072490155361544534,0.216787117735209,True,True,False,1.2429985607269515e-07,COMPLETE
1647,0.4551936089992523,2025-04-05 08:33:10.906718,2025-04-05 08:33:17.469677,0 days 00:00:06.562959,0.7354467101361897,0.977917349876478,16,0.1502402331236836,0.27916074489424103,0.08929680096030393,0.048555876476390814,0.04575274121485893,0.07358170175669032,4.568113870418552e-05,11,26,0.006335647804329083,0.20891237937437784,True,True,False,1.5032467847288138e-07,COMPLETE
1648,0.45667445659637457,2025-04-05 08:33:18.004972,2025-04-05 08:33:24.484306,0 days 00:00:06.479334,0.7254253270031368,0.9985509173920856,16,0.15488954247391726,0.2727004854685831,0.090575742567033,0.04552792911648839,0.04382665698959013,0.07608196103896726,3.083439559187248e-05,11,21,0.006755822699189101,0.1967166093027134,True,True,False,1.1685436515093911e-07,COMPLETE
1649,0.4393016576766968,2025-04-05 08:33:25.046024,2025-04-05 08:33:31.541290,0 days 00:00:06.495266,0.7135064135250192,0.9609600153613371,16,0.1560882518578003,0.2939907524036794,0.08655694140232252,0.041987291293886224,0.04012325672478896,0.07242950430809172,5.4017712237335775e-05,11,26,0.006620051509348174,0.2205279541290902,True,True,False,1.7099262591859873e-07,COMPLETE
1650,0.49566329717636115,2025-04-05 08:33:32.079856,2025-04-05 08:33:38.627190,0 days 00:00:06.547334,0.7005833615583735,0.9300315725657764,16,0.14897815252236127,0.28984383690877175,0.08848024526607773,0.04710663388858709,0.045795801298147094,0.07069984014931535,3.7337699248770253e-05,11,26,0.00805789132721271,0.22275809390356827,True,True,False,1.1984426782549469e-07,COMPLETE
1651,0.4667744219303131,2025-04-05 08:33:39.191701,2025-04-05 08:33:45.640855,0 days 00:00:06.449154,0.7330498786044304,0.9325887869327876,16,0.1450381531044235,0.29988729915416595,0.0867800930111484,0.04734113722313198,0.04730690461384385,0.07313195810904033,2.6500177204033904e-05,11,22,0.006205860039735094,0.22075398801677043,True,True,False,1.691411354378851e-07,COMPLETE
1652,0.36351068019866944,2025-04-05 08:33:46.183685,2025-04-05 08:33:53.090763,0 days 00:00:06.907078,0.7183954935677924,0.9066564299159868,16,0.14210768592392428,0.2924379101803947,0.08899395305463845,0.04833246415951502,0.04566834640624836,0.0757772495857875,3.534512177511256e-05,11,25,0.007896142111192701,0.2100515196950405,True,False,False,1.4462868715727157e-07,COMPLETE
1653,0.4925731301307678,2025-04-05 08:33:53.631927,2025-04-05 08:34:00.138764,0 days 00:00:06.506837,0.7181456832827501,0.9347314857436905,16,0.14848472751604053,0.2865266363406981,0.08776431269591764,0.047073894259109406,0.04436479830487222,0.07397564811875156,2.1815287830310727e-05,11,26,0.005911185489800571,0.20284691910458336,True,True,False,1.1738978351165762e-07,COMPLETE
1654,0.2877261757850647,2025-04-05 08:34:00.698289,2025-04-05 08:34:07.370067,0 days 00:00:06.671778,0.6826197339750972,0.9146896565578243,16,0.13901370656212067,0.2916294890579639,0.09082610376203756,0.04817201144697801,0.04625556317278603,0.07096342820787024,2.9977619621579876e-05,11,64,0.007637452476602032,0.21469998552123898,True,True,False,2.060743788905701e-07,COMPLETE
1655,0.46156596541404726,2025-04-05 08:34:07.916487,2025-04-05 08:34:14.371096,0 days 00:00:06.454609,0.7469172682621259,0.9421670778201987,16,0.15161975814882625,0.2942352031239922,0.08723465265706616,0.04678734474943377,0.047578316686654076,0.07201745472614565,3.476399027324108e-05,11,21,0.008335573427511003,0.2163147298100153,True,True,False,1.7077626007745662e-07,COMPLETE
1656,0.4883232474327088,2025-04-05 08:34:14.936846,2025-04-05 08:34:21.435277,0 days 00:00:06.498431,0.7640317519187184,0.9558700873316041,16,0.14517820986272162,0.2995248466325467,0.08860690406086195,0.04570420643853829,0.04559808993631385,0.06962928207501233,3.958263580795812e-05,11,25,0.006741410876180508,0.22184897862653982,True,True,False,1.2089295098691623e-07,COMPLETE
1657,0.28504276871681217,2025-04-05 08:34:21.982285,2025-04-05 08:34:28.410219,0 days 00:00:06.427934,0.706082490880448,0.9302843785936986,16,0.13466863544231955,0.2872521187839399,0.09097985662660635,0.04868253170218504,0.044306482938517563,0.07116840747121973,2.4325231717183003e-05,11,22,0.0731265796171514,0.2095015777103943,True,True,True,1.4166069861424868e-07,COMPLETE
1658,0.49080737829208376,2025-04-05 08:34:28.946912,2025-04-05 08:34:35.376359,0 days 00:00:06.429447,0.7042152515990043,0.9566847842673886,16,0.14965500039560592,0.2936762185740876,0.08930182572408361,0.042822099905854796,0.04232593253375401,0.07008105361280394,3.120809961870788e-05,11,27,0.005769763593727498,0.2197276919885977,True,True,False,2.1071985640262682e-07,COMPLETE
1659,0.4676916718482972,2025-04-05 08:34:35.939285,2025-04-05 08:34:42.412218,0 days 00:00:06.472933,0.7308797716549742,0.9090797426224179,16,0.15565707933513218,0.28283810692206707,0.08618617632896458,0.03982801069702452,0.044305499314042686,0.0748487379608566,3.9409634999386543e-05,11,27,0.0089909860649707,0.21459464018700353,True,True,False,1.490316279473251e-07,COMPLETE
1660,0.4796487808227539,2025-04-05 08:34:42.947151,2025-04-05 08:34:49.535406,0 days 00:00:06.588255,0.7101178499137445,0.9758525266224938,16,0.15504727109880242,0.2998132335488122,0.09073701380684833,0.04417356679386072,0.04735580369772121,0.06824864230277101,2.8321290054430912e-05,11,24,0.008408292165377427,0.22199469399632474,True,True,False,1.102443328433789e-07,COMPLETE
1661,0.40653509497642515,2025-04-05 08:34:50.098629,2025-04-05 08:34:56.612000,0 days 00:00:06.513371,0.7031848722023462,0.9345981112607811,16,0.15886837585792074,0.28788195230792224,0.08868517738471778,0.03765129690200037,0.038894823283570995,0.06852321366717484,5.2422043032714166e-05,11,27,0.006810550032662195,0.20576949295606267,True,True,False,1.1709504858038801e-07,COMPLETE
1662,0.4676371812820435,2025-04-05 08:34:57.156378,2025-04-05 08:35:03.618627,0 days 00:00:06.462249,0.6894143586483829,0.9561209985489507,16,0.1488451742223162,0.2928115389059692,0.08669789238333946,0.0411564208755169,0.042583014008969335,0.07056346259255786,3.702632355383551e-05,11,22,0.005358621623574537,0.2013684948928737,True,True,False,1.7068048833418884e-07,COMPLETE
1663,0.46272637844085696,2025-04-05 08:35:04.160544,2025-04-05 08:35:10.645585,0 days 00:00:06.485041,0.7202012544091915,0.9722349750959411,16,0.14521766699141525,0.27902192657583746,0.09127746448146809,0.047297659362603245,0.04481632314890874,0.07287758441420711,4.556977564759424e-05,11,26,0.007785535905353014,0.2216385150506019,True,True,False,2.0154502077845564e-07,COMPLETE
1664,0.48240021467208866,2025-04-05 08:35:11.207326,2025-04-05 08:35:17.772334,0 days 00:00:06.565008,0.7328961541616484,0.9285811667479916,16,0.16233741917118155,0.29008854666864137,0.0910647036536412,0.04596214883026481,0.04119864950433718,0.06834921030652037,2.4715974876237736e-05,11,24,0.00923577702241128,0.21039590072944614,True,True,False,1.1085123575593317e-07,COMPLETE
1665,0.4335715293884278,2025-04-05 08:35:18.316927,2025-04-05 08:35:24.772309,0 days 00:00:06.455382,0.69496598999893,0.9034793186126869,16,0.1547498146409377,0.2997216804648583,0.08654457535331755,0.043685276918886386,0.038142756955076726,0.06746612844217842,2.993074414566573e-05,11,27,0.06316082465442242,0.21709372078710132,True,True,False,1.3776007804336952e-07,COMPLETE
1666,0.4641938507556916,2025-04-05 08:35:25.333571,2025-04-05 08:35:31.842268,0 days 00:00:06.508697,0.7656033041044589,0.9436662212175325,16,0.16238905946787274,0.2841225382177094,0.08938215465087669,0.04205445703598099,0.04705991444947361,0.07483489433074367,3.756850286688952e-05,11,21,0.005535333812614571,0.2234714255147983,True,True,False,1.5229350760455623e-07,COMPLETE
1667,0.3998478531837464,2025-04-05 08:35:32.391106,2025-04-05 08:35:44.235582,0 days 00:00:11.844476,0.6984365311196565,0.9691510229625706,2,0.15981022764821504,0.29406928126510473,0.09098346273057642,0.04852853559396846,0.04323166476167682,0.0707901362471155,1.930012319680983e-05,11,27,0.008933807069353282,0.19191130687260616,True,True,False,1.1438804843897123e-07,COMPLETE
1668,0.48595732450485235,2025-04-05 08:35:44.804318,2025-04-05 08:35:51.272253,0 days 00:00:06.467935,0.6932153219106879,0.9484370132303068,16,0.15669471223791326,0.28696527805492883,0.08886878362492086,0.04508787732422625,0.04053810998107057,0.0661509985743476,4.4859044066764024e-05,11,25,0.0059378809948711885,0.2233995911624402,True,True,False,1.6833902248826498e-07,COMPLETE
1669,0.4597865045070648,2025-04-05 08:35:51.820585,2025-04-05 08:35:58.347759,0 days 00:00:06.527174,0.7092012138075262,0.9292286402460059,16,0.1659622660460367,0.292249207897264,0.0916686778184176,0.039912622816554416,0.04494604837407099,0.064247833653098,3.335007850572247e-05,11,21,0.00968001769117775,0.20890716950993846,True,True,False,1.1493757230433455e-07,COMPLETE
1670,0.38904770612716677,2025-04-05 08:35:58.894756,2025-04-05 08:36:05.374512,0 days 00:00:06.479756,0.751765394875298,0.9733345274765235,16,0.14738649032024234,0.2722377752085463,0.08874944783607852,0.036348069927100914,0.037178465460950515,0.06819789947460923,5.24710180628339e-05,11,28,0.00785240410508557,0.21652140186162325,True,True,False,1.3734966147028975e-07,COMPLETE
1671,0.36351068019866944,2025-04-05 08:36:05.939906,2025-04-05 08:36:12.882821,0 days 00:00:06.942915,0.7215480653360701,0.908231523511406,16,0.170715529844611,0.2786144506415422,0.08630544573310524,0.049619099107020344,0.041876247549720115,0.07240575778340491,2.332660463928702e-05,11,24,0.005718683278691181,0.2142845698574113,True,False,False,1.130092991316977e-07,COMPLETE
1672,0.28504276871681217,2025-04-05 08:36:13.427595,2025-04-05 08:36:19.959028,0 days 00:00:06.531433,0.6920901921156032,0.9600461207948398,16,0.15485962429870187,0.2894613744293408,0.09162060314156334,0.04659768247826219,0.03945763596067199,0.06362759360294401,2.7658448952573856e-05,12,28,0.00982597947960971,0.22481485518532557,True,True,True,1.98150097956738e-07,COMPLETE
1673,0.4823819756507874,2025-04-05 08:36:20.525969,2025-04-05 08:36:27.069782,0 days 00:00:06.543813,0.6894374849535548,0.9801319349203081,16,0.16081895295330956,0.2935994053701365,0.08768976812702971,0.04329724746953832,0.04322782051880255,0.07091206947460796,3.5944073551902545e-05,11,24,0.007442746302493145,0.22201897128915746,True,True,False,2.227542139642985e-07,COMPLETE
1674,0.44574725627899175,2025-04-05 08:36:27.616901,2025-04-05 08:36:34.178156,0 days 00:00:06.561255,0.6833465178539182,0.9432991371018923,16,0.1644320184524038,0.29930933720908387,0.09151367444490338,0.04113479630712846,0.047789957895013196,0.06837730767572918,4.1845231739439545e-05,12,27,0.010338386696353128,0.20680365612770807,True,True,False,1.0516293489122611e-07,COMPLETE
1675,0.4648572862148285,2025-04-05 08:36:34.724415,2025-04-05 08:36:41.176124,0 days 00:00:06.451709,0.6802479112612593,0.9241063928326152,16,0.1519166207870417,0.2751432220833996,0.08947595985240103,0.044689224304236844,0.03931856962377624,0.06549891418494602,3.13129316990421e-05,10,22,0.00613341190705433,0.19963223588604076,True,True,False,1.5565752849345568e-07,COMPLETE
1676,0.40155217647552494,2025-04-05 08:36:41.739884,2025-04-05 08:36:48.253266,0 days 00:00:06.513382,0.7148442481664967,0.978553147012046,16,0.13675866830629513,0.283544525649529,0.0915990563141067,0.046877257044776605,0.037226452595203255,0.06902762749054413,5.581623754149424e-05,11,28,0.00853729572009491,0.22172850833144894,True,True,False,2.643982853745482e-07,COMPLETE
1677,0.4676213622093201,2025-04-05 08:36:48.802537,2025-04-05 08:36:55.405050,0 days 00:00:06.602513,0.6810557471170469,0.8989641882468513,16,0.17107337454846883,0.29448024324938754,0.0871129055325177,0.03820960955291177,0.04202954730894428,0.066126777163126,4.4734612933247094e-05,12,25,0.004961632688088739,0.21340804661341883,True,True,False,1.452717895655676e-07,COMPLETE
1678,0.4862986564636231,2025-04-05 08:36:55.973462,2025-04-05 08:37:02.533317,0 days 00:00:06.559855,0.7003185895444834,0.96178563434596,16,0.1649132465626285,0.2870751390864519,0.08994591222629977,0.04260073194279838,0.046385105546356074,0.06387735804834058,2.1305638926848207e-05,11,28,0.010105566989543274,0.22289736217993167,True,True,False,1.2556090210939082e-07,COMPLETE
1679,0.47194849848747256,2025-04-05 08:37:03.078047,2025-04-05 08:37:09.683145,0 days 00:00:06.605098,0.6760271511825138,0.948084630209791,16,0.15142860051046766,0.281436505240355,0.09172594303518845,0.04895016590421908,0.04045562234351231,0.0702890079655627,2.966103157408732e-05,12,23,0.007296461753609042,0.2163495209746867,True,True,False,1.0444291688964496e-07,COMPLETE
1680,0.4718846380710602,2025-04-05 08:37:10.254682,2025-04-05 08:37:16.780693,0 days 00:00:06.526011,0.6995034373734027,0.9195234680897486,16,0.15909858928402118,0.295106824922385,0.08816099473314254,0.04514637909048398,0.04562703163479792,0.07418572181354605,3.7053236784272744e-05,11,28,0.004828111064653747,0.20986709524807282,True,True,False,2.226926916411084e-07,COMPLETE
1681,0.4544770359992981,2025-04-05 08:37:17.333048,2025-04-05 08:37:23.981475,0 days 00:00:06.648427,0.6761810842747793,0.9778072992230569,16,0.1693358513142032,0.2870862736243799,0.08916314229971084,0.03415145470718124,0.04442481780489753,0.06763110442863662,2.5786093921078217e-05,12,21,0.008789961327923649,0.22729103896069972,True,True,False,1.7683757628738127e-07,COMPLETE
1682,0.4941437244415283,2025-04-05 08:37:24.527052,2025-04-05 08:37:30.990021,0 days 00:00:06.462969,0.6759727754317446,0.9446976431054279,16,0.17268773572601656,0.2989718376848911,0.0921676103437847,0.04168017225720912,0.04222392274812265,0.06548642022222002,3.363856415374995e-05,11,25,0.01071868841836407,0.22092696553413993,True,True,False,1.0052287465004339e-07,COMPLETE
1683,0.36149715781211855,2025-04-05 08:37:31.557006,2025-04-05 08:37:38.332119,0 days 00:00:06.775113,0.21706842731019427,0.9355034931585421,16,0.17398520652344945,0.2997213587468892,0.08663800424803765,0.03886688966325754,0.042560361437851656,0.06373140686262346,3.546973572236407e-05,10,98,0.011240834750803303,0.2180518656499267,True,True,False,1.316026382975915e-07,COMPLETE
1684,0.45141681432724,2025-04-05 08:37:38.885071,2025-04-05 08:37:45.282887,0 days 00:00:06.397816,0.7243049556480797,0.999627988071711,16,0.1729165938445955,0.29464775177483454,0.09013645926623691,0.04078313608002929,0.04086165559131372,0.06563574380684087,4.6186278942429344e-05,10,21,0.01149987526711748,0.22417043732743583,True,True,False,1.0141276374153563e-07,COMPLETE
1685,0.47836385369300843,2025-04-05 08:37:45.851508,2025-04-05 08:37:52.336338,0 days 00:00:06.484830,0.7006748444393063,0.9496295135111967,16,0.16493750351006664,0.2651468059786879,0.09167567207108897,0.04238355932705873,0.03861622176693308,0.06337549722047733,3.113879185277803e-05,10,24,0.010278024072832766,0.2142729088607421,True,True,False,1.0163458874841232e-07,COMPLETE
1686,0.45377583503723146,2025-04-05 08:37:52.892086,2025-04-05 08:37:59.398348,0 days 00:00:06.506262,0.6942415856396074,0.9190820688083541,16,0.17219119416563988,0.29011370477189913,0.08604786971611438,0.043757835568463674,0.043959028500262,0.06556155301473578,4.010581379166615e-05,11,21,0.010408918173623011,0.2232524647711398,True,True,False,1.3483534540756482e-07,COMPLETE
1687,0.47242482304573064,2025-04-05 08:37:59.975772,2025-04-05 08:38:06.461888,0 days 00:00:06.486116,0.6773197790067207,0.9521360002601716,16,0.16367259875754778,0.2995779722486854,0.08881893918810052,0.03948534982102929,0.04228035366310189,0.06794079875742133,2.4575200941808285e-05,11,24,0.0111455539564287,0.216343570046056,True,True,False,1.90810526009299e-07,COMPLETE
1688,0.44750169515609745,2025-04-05 08:38:07.018610,2025-04-05 08:38:13.380326,0 days 00:00:06.361716,0.7367075721984121,0.9809783911281804,16,0.27780852828674496,0.2895883997256188,0.09038398515882635,0.04131871032600174,0.048124786364901154,0.06657981903493415,3.255440650939082e-05,10,21,0.00942862425031166,0.20759499618541616,True,True,False,1.0178128463014844e-07,COMPLETE
1689,0.4635107934474945,2025-04-05 08:38:13.928148,2025-04-05 08:38:20.440559,0 days 00:00:06.512411,0.6731053416208707,0.9305296585747652,16,0.17041839361651095,0.2942927887666058,0.0909468476551892,0.046741394041111675,0.039938107734431016,0.07002890342880394,5.193342697578984e-05,11,25,0.012077113637828337,0.21862066009890335,True,True,False,1.6074954345739678e-07,COMPLETE
1690,0.39822928309440614,2025-04-05 08:38:21.007749,2025-04-05 08:38:32.329053,0 days 00:00:11.321304,0.7064305546061757,0.9629177531209641,2,0.1587805853377538,0.29986432656916084,0.08807620675737775,0.044551936931855336,0.04444880864082332,0.06368544152071391,2.6711650372652332e-05,10,24,0.00892534213533188,0.2262012173930661,True,True,False,1.0124693212559348e-07,COMPLETE
1691,0.29454220533370973,2025-04-05 08:38:32.880930,2025-04-05 08:38:39.343758,0 days 00:00:06.462828,0.6640478379100351,0.9148156236333227,16,0.14151780528767702,0.2754846137709513,0.09216995884832557,0.0373564144722372,0.03707590234955367,0.0685034700124377,2.117845715642883e-05,11,21,0.011940676513715043,0.2021559697840393,True,False,True,3.2791420386768396e-07,COMPLETE
1692,0.47841162085533145,2025-04-05 08:38:39.912539,2025-04-05 08:38:46.470313,0 days 00:00:06.557774,0.7473759286925726,0.94126409164621,16,0.17506809154303277,0.2835227035775549,0.08594439854660972,0.04360972450462043,0.04196074420374797,0.0726124853461631,4.1115558836024956e-05,11,27,0.00917403170732817,0.2200316726269504,True,True,False,1.2782404007866433e-07,COMPLETE
1693,0.4942843437194825,2025-04-05 08:38:47.025086,2025-04-05 08:38:53.558769,0 days 00:00:06.533683,0.7212040194441508,0.9786414017679792,16,0.16451060980557078,0.29977579988511144,0.08992820414253365,0.041613796546266346,0.03951080933692789,0.06543549777663224,3.5680198764622034e-05,11,26,0.008074280633997575,0.2121862033988216,True,True,False,1.4529275702184204e-07,COMPLETE
1694,0.28504276871681217,2025-04-05 08:38:54.132746,2025-04-05 08:39:01.095523,0 days 00:00:06.962777,0.7730250113119004,0.9007034794051202,16,0.16587399041141904,0.2933300587467234,0.09216253740069054,0.03833713215845816,0.03846866359644331,0.0700542323474147,5.464911463368344e-05,10,143,0.007527080770428149,0.2098135027957433,True,True,False,1.7694752355423472e-07,COMPLETE
