number,value,datetime_start,datetime_complete,duration,params_alpha-eval,params_alpha-train,params_batch-size,params_eps-eval,params_eps-train,params_lambda-actions-eval,params_lambda-actions-train,params_lambda-frames-eval,params_lambda-frames-train,params_learning-rate,params_n-epochs,params_n-frames,params_radius-gw,params_rho,params_std-feats,params_ub-actions,params_ub-frames,params_weight-decay,state
1354,0.47750278115272526,2025-04-05 07:56:37.141349,2025-04-05 07:56:43.770205,0 days 00:00:06.628856,0.5728331276177029,0.8065246298895664,16,0.15112170897049204,0.035710217913168245,0.09772121329998096,0.06019790485482996,0.04189131595314015,0.06835723092741638,0.0002438513743870065,12,25,0.012282010085931041,0.24326108921280273,True,True,False,3.899083686588028e-08,COMPLETE
1355,0.4757890224456788,2025-04-05 07:56:44.217554,2025-04-05 07:56:50.730530,0 days 00:00:06.512976,0.6024811223095656,0.7828846983050913,16,0.21991959624253454,0.029846868604852486,0.09477140768915628,0.061136199135004544,0.03130076507187643,0.06479523986587726,0.0002505326573766353,11,29,0.008172197668067297,0.23575889368840103,True,True,False,3.070388382666718e-08,COMPLETE
1356,0.3936937689781189,2025-04-05 07:56:51.172828,2025-04-05 07:56:57.797089,0 days 00:00:06.624261,0.1900864775748891,0.33053381922873115,16,0.19013940391165762,0.022874896203062645,0.097957516751426,0.05875049821897384,0.03507992266169872,0.06978302894006615,0.0002047981544096263,12,25,0.009706324586255852,0.24154064063444097,True,True,False,5.1473233648433995e-08,COMPLETE
1357,0.44067288637161256,2025-04-05 07:56:58.247417,2025-04-05 07:57:04.868755,0 days 00:00:06.621338,0.5684208217535887,0.76762747902679,16,0.13268148964449136,0.045538924878855594,0.09597755883943603,0.05541275799487211,0.03688118731290036,0.06133723801751437,0.00020585478829244388,12,29,0.00775820194362023,0.2449330230241893,True,True,False,3.9291757851600107e-08,COMPLETE
1358,0.48651738166809083,2025-04-05 07:57:05.309332,2025-04-05 07:57:11.794368,0 days 00:00:06.485036,0.5995241404554923,0.753811885735163,16,0.19622998981202072,0.03970757781465914,0.09413048703275878,0.06329525950196277,0.03681412276535001,0.07056890513679724,0.00019098439244588333,11,30,0.012325758132707806,0.22247082361423265,True,True,False,3.166488040367773e-08,COMPLETE
1359,0.4849726676940918,2025-04-05 07:57:12.237834,2025-04-05 07:57:18.763071,0 days 00:00:06.525237,0.605769177027649,0.8000002598866383,16,0.20559627551047177,0.03646228965848156,0.09799282895388975,0.05870731105990598,0.033585960581489126,0.07187998273756555,0.0002450646384241704,11,27,0.007859389534595303,0.24616693062635148,True,True,False,5.027060529351881e-08,COMPLETE
1360,0.4354478478431702,2025-04-05 07:57:19.223201,2025-04-05 07:57:25.819837,0 days 00:00:06.596636,0.5680189606693967,0.7844438658371202,16,0.15509835429415064,0.03002957115407104,0.09993222322377562,0.06116527315993978,0.04119604775374708,0.08737785907638645,0.00025977948436171466,12,25,0.010625679873503602,0.23383712303477872,True,True,False,2.9747172744653074e-08,COMPLETE
1361,0.4785306036472321,2025-04-05 07:57:26.268186,2025-04-05 07:57:32.829132,0 days 00:00:06.560946,0.6008371135780909,0.7576027660213509,16,0.1886735922354867,0.04570788152654219,0.09644181326752342,0.06344838186316576,0.030980430516868405,0.07279961435982087,0.00019381727053058615,12,30,0.00823523273335236,0.24461538349817602,True,True,False,4.070331609395687e-08,COMPLETE
1362,0.47040709257125857,2025-04-05 07:57:33.276156,2025-04-05 07:57:39.852165,0 days 00:00:06.576009,0.5821314958271099,0.7936903905231639,16,0.19729144579653551,0.039984810451394376,0.09421188747075866,0.05562469714121578,0.0305352028911447,0.05756711373672155,0.00026707792830351696,12,28,0.009969977211911344,0.23957414089659756,True,True,False,3.011639545817941e-08,COMPLETE
1363,0.4777110636234284,2025-04-05 07:57:40.297160,2025-04-05 07:57:46.825027,0 days 00:00:06.527867,0.6117148663404993,0.8086647497905305,16,0.1467586718807857,0.02593074394051121,0.0980927589627768,0.05793771999999197,0.033102568121652534,0.07382784423657288,0.0002680933645657767,11,31,0.011831550417822929,0.24698542687694525,True,True,False,4.8809093152386545e-08,COMPLETE
1364,0.41013892292976384,2025-04-05 07:57:47.273317,2025-04-05 07:57:53.878250,0 days 00:00:06.604933,0.5893839518500582,0.7712267422002482,16,0.18594934508807792,0.03390632905731133,0.09627506734970913,0.060336336318977134,0.03159967492444287,0.07914565748999522,0.00018876719558251064,12,26,0.008396939371054438,0.23000786302619314,True,True,False,4.0080169278585864e-08,COMPLETE
1365,0.3239089906215668,2025-04-05 07:57:54.323207,2025-04-05 07:58:00.818997,0 days 00:00:06.495790,0.5648575863216331,0.752484327420963,16,0.20284410935003389,0.04630599206472279,0.09397445422168432,0.047872230274644045,0.03475708335118471,0.06255784638290418,0.0002234156834829899,11,31,0.007518651720170973,0.14079855687729348,True,True,False,2.9377245811996956e-08,COMPLETE
1366,0.3948356926441193,2025-04-05 07:58:01.269270,2025-04-05 07:58:08.249790,0 days 00:00:06.980520,0.6119579652126202,0.782950428555565,16,0.16103897770900094,0.01911867729418082,0.09830809227718075,0.06308923095881064,0.03604905281297763,0.05830810263271703,0.0002720021590706141,12,25,0.010770111732394685,0.23861341161751598,True,False,False,3.683739468018678e-08,COMPLETE
1367,0.48158839941024784,2025-04-05 07:58:08.715405,2025-04-05 07:58:15.205613,0 days 00:00:06.490208,0.5876311969625626,0.8089929256165785,16,0.19289616063039253,0.03569549217420392,0.09616073371099305,0.052941382231676534,0.03502095865771509,0.0654706074804612,0.00022451967264856018,11,28,0.012505103154718169,0.24639750324803364,True,True,False,5.591714946907517e-08,COMPLETE
1368,0.28504276871681217,2025-04-05 07:58:15.652664,2025-04-05 07:58:22.229052,0 days 00:00:06.576388,0.5678347349105434,0.8067025585529627,16,0.1561982362190322,0.046860013097339934,0.09359125915736224,0.05691576537357521,0.04052458929706384,0.06753096472587246,0.00019077722434391345,12,31,0.007485266573138827,0.25027538992533316,True,True,True,4.4961323159342245e-08,COMPLETE
1369,0.4856394171714783,2025-04-05 07:58:22.677024,2025-04-05 07:58:29.156748,0 days 00:00:06.479724,0.6133652744362496,0.7539873520743682,16,0.2123851665219771,0.02894356125354339,0.09825274477869168,0.05924658179575937,0.028317379635880345,0.069728591649362,0.0002666900997078195,11,28,0.009732182023850046,0.2342126115849559,True,True,False,3.7009472183542255e-08,COMPLETE
1370,0.4957826375961304,2025-04-05 07:58:29.605791,2025-04-05 07:58:36.274106,0 days 00:00:06.668315,0.5935166398493132,0.7969140348883277,16,0.18815237563969453,0.04065716781948667,0.09505387670110653,0.062256244502938124,0.04385235227660064,0.05560615542746283,0.00022294947498967615,12,31,0.006570233776400247,0.24236394973924627,True,True,False,2.8279552136654752e-08,COMPLETE
1371,0.2942629098892212,2025-04-05 07:58:36.718915,2025-04-05 07:58:49.040021,0 days 00:00:12.321106,0.5853399629653432,0.8068870835640466,2,0.188354147058615,0.03429493478740888,0.09620205294768903,0.061158601217337946,0.04550680160218871,0.06111691093940104,0.00018238388435222802,12,29,0.006472182210050377,0.2236689444533937,True,True,False,5.7395607828689566e-08,COMPLETE
1372,0.36818124055862433,2025-04-05 07:58:49.484340,2025-04-05 07:58:55.991195,0 days 00:00:06.506855,0.5859572404752607,0.1624806182960295,16,0.19816299541172183,0.024349097759259232,0.09792756262074923,0.057993026508177996,0.03894638590902942,0.05388789390804286,0.00019064717279311983,11,27,0.006617532535959656,0.23845275684561693,True,True,False,3.037336049274658e-08,COMPLETE
1373,0.47822781801223757,2025-04-05 07:58:56.455702,2025-04-05 07:59:02.988140,0 days 00:00:06.532438,0.5681996445087867,0.790536764226688,16,0.18841956295885967,0.04053848175378165,0.0951376885024709,0.05546448142698721,0.042166215184605976,0.06142353961911077,0.00021475218876800746,11,31,0.0070533635036423604,0.23344083766443693,True,True,False,2.777517885966337e-08,COMPLETE
1374,0.390532797574997,2025-04-05 07:59:03.448855,2025-04-05 07:59:10.082887,0 days 00:00:06.634032,0.5628463319729864,0.8113129866109288,16,0.19574498692094774,0.046759955221113925,0.09810650707782803,0.06195243754629669,0.03896823483052153,0.08345548525940061,0.0002255986898806853,12,26,0.005729950262931485,0.24179347444918342,True,True,False,2.8527568582086564e-08,COMPLETE
1375,0.43276624083518983,2025-04-05 07:59:10.534860,2025-04-05 07:59:17.141685,0 days 00:00:06.606825,0.5888625159594227,0.8172985056913662,16,0.183792223505556,0.028703318847620986,0.09535657550417649,0.059505461796173074,0.04516483269189346,0.05663043122595267,0.00022819046282434818,12,25,0.006023509464294258,0.22940630777579463,True,True,False,4.806714091451105e-08,COMPLETE
1376,0.46875386834144595,2025-04-05 07:59:17.593528,2025-04-05 07:59:24.199542,0 days 00:00:06.606014,0.6196813250049596,0.7873043282349895,16,0.20470985998297997,0.035115083229966496,0.0968181829657147,0.060939489696719105,0.0447649970531837,0.06511743638118182,0.00017408309457342156,12,30,0.008269580180190122,0.24310461387382143,True,True,False,3.825001051833861e-08,COMPLETE
1377,0.37318794131279,2025-04-05 07:59:24.644070,2025-04-05 07:59:31.115428,0 days 00:00:06.471358,0.5943207310578317,0.764705641169094,16,0.19266345354317505,0.041880876368590225,0.09812879703877823,0.056323699617921275,0.03405996310973971,0.054443891704999574,0.0002696761084388923,11,25,0.0057368934831696,0.23659723740882377,True,True,False,2.8684681392607116e-08,COMPLETE
1378,0.45152269601821904,2025-04-05 07:59:31.569711,2025-04-05 07:59:38.148097,0 days 00:00:06.578386,0.24176536931266712,0.7931468831119078,16,0.18336866190051762,0.030786362705201846,0.09469689947477858,0.06271128503071087,0.03307486485788086,0.06396849488003739,0.0001823526973106434,12,29,0.01241104656753193,0.24525485364137534,True,True,False,5.5445810020934344e-08,COMPLETE
1379,0.4856265425682068,2025-04-05 07:59:38.616842,2025-04-05 07:59:45.146913,0 days 00:00:06.530071,0.6063891406899319,0.9200886291316143,16,0.20913179771012255,0.0208532143541465,0.09833807558177314,0.05853779702171964,0.03903495068154435,0.07518149626626294,0.025433535078556602,11,32,0.008495990617335194,0.2505294972595464,True,True,False,3.765393259085863e-08,COMPLETE
1380,0.28504276871681217,2025-04-05 07:59:45.602445,2025-04-05 07:59:52.090243,0 days 00:00:06.487798,0.5731610308065155,0.7765851237355599,16,0.19952345418466993,0.047226754765094706,0.09656377149827763,0.060428716441419776,0.03964759702506264,0.06670904088021029,0.00021925880612272094,12,28,0.010862113499964353,0.24028346888737742,True,True,False,4.306147454356833e-08,COMPLETE
1381,0.33898245096206664,2025-04-05 07:59:52.540645,2025-04-05 07:59:59.025586,0 days 00:00:06.484941,0.6215737901104084,0.8153138464889707,16,0.19103326773840407,0.03996595849526711,0.09358464421674749,0.05222829790592638,0.04261323713740417,0.05968770942977924,0.004510197635285345,11,32,0.006089308951713768,0.23123578466454678,True,True,False,3.067823870885837e-08,COMPLETE
1382,0.47014494538307194,2025-04-05 07:59:59.476701,2025-04-05 08:00:06.095375,0 days 00:00:06.618674,0.5654404247941006,0.7493239300665271,16,0.18236518042122624,0.03438137128257662,0.09656003975501196,0.04511069979953439,0.043377743264842936,0.06707531272097633,0.000280330568373809,12,25,0.008657343279150171,0.24912299815068412,True,True,False,5.661089633017545e-08,COMPLETE
1383,0.31304640173912046,2025-04-05 08:00:06.547640,2025-04-05 08:00:13.155193,0 days 00:00:06.607553,0.5961512526790864,0.7975291223429163,16,0.14200144371759124,0.1135323792346698,0.09989510750847592,0.054386692508330885,0.0334566915120341,0.07075806078764107,0.00018133390157155148,12,33,0.09865621218968817,0.2041846262689803,True,True,False,2.801232075441209e-08,COMPLETE
1384,0.463198459148407,2025-04-05 08:00:13.608050,2025-04-05 08:00:20.099207,0 days 00:00:06.491157,0.6224852650972111,0.771740293139837,16,0.1878891884226725,0.026753248583599912,0.0998681869957445,0.057311853358030095,0.03720003633819627,0.05697332875178784,0.00022195090908310407,11,28,0.01015101793640592,0.2228256010445342,True,True,False,4.616476062566588e-08,COMPLETE
1385,0.3562139093875885,2025-04-05 08:00:20.566479,2025-04-05 08:00:27.621167,0 days 00:00:07.054688,0.5648737099789112,0.8215880211879742,16,0.1980402645279986,0.04769884660144995,0.09487697078368407,0.06335560270033146,0.03126188110527951,0.06655384815592101,0.00027630961751883194,12,30,0.004878335118608757,0.2450078222631189,True,False,False,3.590261909760529e-08,COMPLETE
1386,0.3259268820285797,2025-04-05 08:00:28.075711,2025-04-05 08:00:34.568629,0 days 00:00:06.492918,0.5997922000073862,0.7901496739884474,16,0.18300994299358878,0.03987449269708202,0.09253176827070077,0.060233219215468606,0.03666779252124873,0.06971569117619528,0.00018882721457062987,11,25,0.071873461053866,0.17120253326412738,True,True,False,2.7787604496330205e-08,COMPLETE
1387,0.28504276871681217,2025-04-05 08:00:35.021075,2025-04-05 08:00:41.608578,0 days 00:00:06.587503,0.6264007966054568,0.0261154578236224,16,0.19378530958762133,0.01204247419621348,0.09644341560875674,0.061794712360713704,0.03604110955914926,0.06448918948947599,0.00028983165890190455,12,35,0.0075974681628986716,0.23688380527805775,True,True,True,4.39402860877869e-08,COMPLETE
1388,0.345170658826828,2025-04-05 08:00:42.062477,2025-04-05 08:00:48.647652,0 days 00:00:06.585175,0.5903625638471168,0.7538072144913087,16,0.20255900324336834,0.03242642743218488,0.09985686362994202,0.0585307346510397,0.03910891499700366,0.07506824811032718,0.00023479137484560191,12,30,0.06496861992490885,0.250671751465498,True,True,False,3.567516076084992e-08,COMPLETE
1389,0.3918467998504639,2025-04-05 08:00:49.094195,2025-04-05 08:00:55.634754,0 days 00:00:06.540559,0.31001952300645674,0.8134450304122463,16,0.18746874732421492,0.269035682240303,0.09492232041227582,0.05590602878704157,0.04630818674185223,0.06192465674064464,0.00023968546082580856,11,32,0.012482421984205898,0.24543827130963627,True,True,False,5.607221268812827e-08,COMPLETE
1390,0.40032628178596497,2025-04-05 08:00:56.107109,2025-04-05 08:01:02.672647,0 days 00:00:06.565538,0.6131918671438973,0.7674130092303009,16,0.19148666108020773,0.21325126640454883,0.09799264795868254,0.0630603567712225,0.029325363078585687,0.019968043456301862,0.00019052083100889374,12,28,0.004892655029943011,0.2506922309530724,True,True,False,4.7041217106113644e-08,COMPLETE
1391,0.33792259693145754,2025-04-05 08:01:03.128487,2025-04-05 08:01:09.627869,0 days 00:00:06.499382,0.5834935460597354,0.8338999081099736,16,0.18132422791674738,0.04144928867014676,0.09120149562011892,0.06437711145711995,0.043924473002692546,0.021469186806904086,0.0002983027986927085,11,25,0.010082208773464985,0.2385413606852271,True,True,False,3.4876500015700055e-08,COMPLETE
1392,0.48452858924865727,2025-04-05 08:01:10.085972,2025-04-05 08:01:23.153797,0 days 00:00:13.067825,0.6379908866815531,0.7881777687212823,2,0.15100524546842767,0.02210133013204279,0.09998479591010657,0.05039996797980041,0.03497481594040409,0.06871660661535067,0.00022889732926319138,13,35,0.007179314344669617,0.25191352152496904,True,True,False,2.8645042805147025e-08,COMPLETE
1393,0.37766842842102055,2025-04-05 08:01:23.613053,2025-04-05 08:01:30.459311,0 days 00:00:06.846258,0.6021852522860616,0.7507260778450745,16,0.22296561169715778,0.03572315280187619,0.09360178126013939,0.05927804890006288,0.040209824387715934,0.056499852650621074,0.00018417025979564224,11,102,0.008493581953882529,0.23192833354178832,True,True,False,6.027474039010945e-08,COMPLETE
1394,0.4694996535778046,2025-04-05 08:01:30.910193,2025-04-05 08:01:37.549575,0 days 00:00:06.639382,0.5687940142984079,0.8038261480268785,16,0.1627785709041508,0.04724414183286299,0.09657239374596369,0.05383744422557609,0.025944013346993103,0.07372000343364851,0.0002975586885129433,12,32,0.012287281329933892,0.24336223016039035,True,True,False,1.0699837304311404e-06,COMPLETE
1395,0.4605166733264923,2025-04-05 08:01:38.006016,2025-04-05 08:01:44.712679,0 days 00:00:06.706663,0.625094379719492,0.775758995541371,16,0.20241993429607955,0.027931779071812997,0.017282311891269636,0.05733588719233915,0.019452682389748812,0.06227451802086308,0.00024114739153144278,13,28,0.005663656126272456,0.25279198931380403,True,True,False,2.804680544051425e-08,COMPLETE
1396,0.389345920085907,2025-04-05 08:01:45.181937,2025-04-05 08:01:51.756152,0 days 00:00:06.574215,0.5880963237445436,0.8198292531185162,16,0.20841769739797683,0.03799138287488766,0.09807709797203218,0.06105290211914099,0.03788972833303342,0.019640739763763612,0.0002918600217997745,12,25,0.010371785187101775,0.2449746667209196,True,True,False,4.19049819213326e-08,COMPLETE
1397,0.48792165517807007,2025-04-05 08:01:52.217115,2025-04-05 08:01:58.722368,0 days 00:00:06.505253,0.5643264164874449,0.8453397882176286,16,0.1950962888971252,0.04731475250179062,0.09252782243759726,0.06486220327047305,0.03494503708074718,0.0633177929501469,0.00017471462672077008,11,31,0.004547756549854849,0.25291914384553393,True,True,False,2.7166557222438692e-08,COMPLETE
1398,0.48280584812164307,2025-04-05 08:01:59.178880,2025-04-05 08:02:05.883632,0 days 00:00:06.704752,0.6076504455360293,0.8012109731944236,16,0.18581821274108712,0.018153211009112942,0.09498905520642692,0.06178197706158473,0.04738660320425616,0.05546147044454692,0.00020861033186631183,12,28,0.007075130917067427,0.2407829004788269,True,True,False,3.542529742431384e-08,COMPLETE
1399,0.4864071130752564,2025-04-05 08:02:06.340571,2025-04-05 08:02:12.963344,0 days 00:00:06.622773,0.643091735141924,0.7498573186670243,16,0.1811814688305524,0.030713384242824413,0.09993192309754284,0.05845965451708312,0.031166429568190032,0.021530753265008657,0.0002573892734554331,12,34,0.009077250151875426,0.21600251568205625,True,True,False,5.872372006614989e-08,COMPLETE
1400,0.47694977521896365,2025-04-05 08:02:13.418000,2025-04-05 08:02:19.965627,0 days 00:00:06.547627,0.05793659800701351,0.774719619096939,16,0.15788780069977434,0.04062150735700043,0.09645042739621708,0.05627486786181986,0.03230636920165164,0.05875483319333956,0.00020908330585240684,11,30,0.01271283594736064,0.22969118819454776,True,True,False,5.1702698411527e-08,COMPLETE
1401,0.4363334119319916,2025-04-05 08:02:20.443812,2025-04-05 08:02:27.082217,0 days 00:00:06.638405,0.6123461940014135,0.7973452820594733,16,0.1445790741175781,0.03423734392440675,0.09044181043933958,0.0538557920581159,0.034546575598352176,0.018702852238787503,0.0003083449904130202,13,24,0.0042063335692012,0.2529581787442604,True,True,False,3.5326934827099656e-08,COMPLETE
1402,0.4804399132728577,2025-04-05 08:02:27.547271,2025-04-05 08:02:34.207026,0 days 00:00:06.659755,0.5831576665626423,0.8337510255385663,16,0.1655934533947938,0.024091517504488194,0.09435268546784334,0.06339978274441657,0.037710368298604705,0.05980851137669478,0.0001755504603036262,12,34,0.006637646764674445,0.24807332444714797,True,True,False,2.8195957859884048e-08,COMPLETE
1403,0.4428252458572388,2025-04-05 08:02:34.665136,2025-04-05 08:02:41.345820,0 days 00:00:06.680684,0.6668549695355898,0.7706887463596629,16,0.19148763134914837,0.042280220006806764,0.098107424570159,0.059334348249662675,0.04169470840234387,0.021807946882855096,0.00024873492999349077,13,28,0.010402920104054672,0.23428106971878807,True,True,False,4.773457509600137e-08,COMPLETE
1404,0.3656848073005676,2025-04-05 08:02:41.807767,2025-04-05 08:02:48.747306,0 days 00:00:06.939539,0.634981636726905,0.8129745080209841,16,0.1788932830497454,0.029717205825965574,0.09667793758600716,0.061576140091157285,0.04468200905288657,0.0177409903148036,0.013183155326353259,11,37,0.008486872127909805,0.2413677698894061,True,False,False,3.944626445142169e-08,COMPLETE
1405,0.28504276871681217,2025-04-05 08:02:49.207801,2025-04-05 08:02:55.739418,0 days 00:00:06.531617,0.5651898134696106,0.7854393905685497,16,0.2148140609963575,0.046491191800157955,0.09250626303274447,0.06539540323913692,0.03271299202015524,0.022474200698400903,0.0034049821814094703,12,32,0.003120198179438215,0.2551602152803924,True,True,True,2.6912970592470745e-08,COMPLETE
1406,0.37972334623336795,2025-04-05 08:02:56.195511,2025-04-05 08:03:02.903227,0 days 00:00:06.707716,0.5994212391919539,0.7473862532852097,16,0.17109787896121004,0.24011360677903845,0.09534557076851358,0.055739567211726036,0.03422376345166892,0.07218221424534207,0.0003017678896475676,13,27,0.006021576212491277,0.26949952321304593,True,True,False,6.1962353886273e-08,COMPLETE
1407,0.4437896549701691,2025-04-05 08:03:03.381068,2025-04-05 08:03:09.970405,0 days 00:00:06.589337,0.6255392186443833,0.7640830668443004,16,0.19940511600970734,0.036538621493777484,0.09818608892364844,0.059944138929313065,0.029385770329331977,0.016287689623126485,0.0002139251829722626,11,31,0.012560404299196073,0.24730489989860896,True,True,False,4.225292303827355e-08,COMPLETE
1408,0.3462207674980164,2025-04-05 08:03:10.433311,2025-04-05 08:03:17.061386,0 days 00:00:06.628075,0.9570035729751696,0.8504617663478975,16,0.1876627150907939,0.041286847254244405,0.0999270697604908,0.057198026238299414,0.04297490551090134,0.07631136327664419,1.0454061507152221e-05,12,25,0.007850435899562745,0.23720305762781838,True,True,False,2.7608668738726523e-08,COMPLETE
1409,0.32744506597518924,2025-04-05 08:03:17.522613,2025-04-05 08:03:24.079333,0 days 00:00:06.556720,0.6554568591591823,0.2887810033943582,16,0.16215413013207766,0.02534485663331492,0.09418635128213401,0.06277917551638529,0.04077950280268345,0.02032226976594278,0.00026321803006449165,12,33,0.010822882326972169,0.25355132393820207,True,True,False,3.416514227878103e-08,COMPLETE
