number,value,datetime_start,datetime_complete,duration,params_alpha-eval,params_alpha-train,params_batch-size,params_eps-eval,params_eps-train,params_lambda-actions-eval,params_lambda-actions-train,params_lambda-frames-eval,params_lambda-frames-train,params_learning-rate,params_n-epochs,params_n-frames,params_radius-gw,params_rho,params_std-feats,params_ub-actions,params_ub-frames,params_weight-decay,state
678,0.4760993003845215,2025-04-05 06:37:29.519483,2025-04-05 06:37:35.629988,0 days 00:00:06.110505,0.4497168276622772,0.5541069946614504,16,0.008812689317506419,0.05983869727346081,0.07627360551016008,0.09039600483496116,0.07002285277263787,0.03141164840893203,0.00010388352507927415,8,26,0.013476793488557296,0.2776166654382606,False,True,False,5.1531556802487046e-08,COMPLETE
679,0.3549514412879944,2025-04-05 06:37:35.858294,2025-04-05 06:37:42.187354,0 days 00:00:06.329060,0.4860526851947711,0.6817375378732058,16,0.00022992742640296805,0.06733410482983837,0.09313086320975895,0.09342004802672996,0.0877012592843511,0.03689508386183654,0.00013766190088800717,10,29,0.015650374949773244,0.2854281453227134,False,True,False,7.611965560035983e-08,COMPLETE
680,0.47989677190780644,2025-04-05 06:37:42.405379,2025-04-05 06:37:48.474399,0 days 00:00:06.069020,0.46162870830345093,0.5245268263632561,16,0.022450353361992678,0.0794376203720484,0.08296602746707152,0.09163782196150105,0.05783629269406002,0.048503526838569504,0.00017488750015696446,7,22,0.0179843242537974,0.28975023109180764,False,True,False,3.3976933560906107e-08,COMPLETE
681,0.35097902417182925,2025-04-05 06:37:48.701069,2025-04-05 06:37:54.640050,0 days 00:00:05.938981,0.43517859951048316,0.5438662669898034,16,0.01106458985792572,0.05683039711907725,0.08521216891392004,0.08617533100413391,0.06520110595129222,0.03480577352777718,7.540476804586017e-05,6,32,0.0233076725469829,0.28257000270937926,False,True,False,9.470491258413437e-06,COMPLETE
682,0.28589397072792055,2025-04-05 06:37:54.858337,2025-04-05 06:38:00.910869,0 days 00:00:06.052532,0.4887252429985341,0.6586480863616322,16,0.01898957724392758,0.07299739923339067,0.08900976372339546,0.09797299564348617,0.052679532642258345,0.046691314753838586,9.268995217416206e-05,7,48,0.026434671998562496,0.2912321678471184,False,True,False,3.935638331328621e-08,COMPLETE
683,0.3631681323051453,2025-04-05 06:38:01.137444,2025-04-05 06:38:07.312389,0 days 00:00:06.174945,0.5187195891907159,0.5728264594956604,16,0.005536293327919896,0.1003575118337464,0.07820127627870688,0.09488158094466415,0.067302065573393,0.04421412037093808,0.00011662599642228485,9,24,0.020087017902552972,0.2733694940978218,False,True,False,4.620999999418925e-08,COMPLETE
684,0.37603344321250914,2025-04-05 06:38:07.530882,2025-04-05 06:38:13.830168,0 days 00:00:06.299286,0.47178570790429497,0.7132538924532494,16,0.028072050075693432,0.06346761905055809,0.07378456745097502,0.08830718718645963,0.0550477024045831,0.03851043112187638,6.6300081990425e-05,10,25,0.010410163901484748,0.2892526526672422,True,True,False,3.209432219756779e-08,COMPLETE
685,0.3790297329425812,2025-04-05 06:38:14.057909,2025-04-05 06:38:19.947680,0 days 00:00:05.889771,0.23054776155978446,0.6948845632637786,16,0.014160160211750258,0.08443791811040917,0.08166126995306912,0.0901016981473498,0.06134135489957892,0.04140522418886505,0.00010000882236698158,5,21,0.012789199260371413,0.29474099485093785,False,True,False,1.257701927899749e-08,COMPLETE
686,0.47215670943260196,2025-04-05 06:38:20.166533,2025-04-05 06:38:26.190255,0 days 00:00:06.023722,0.5572707860179892,0.46109943508124007,16,0.005611993403880653,0.07619834277424972,0.08623169994971565,0.09311779463261738,0.04746508927865482,0.07647473294470318,0.00013844939621489262,7,28,0.016055358328970527,0.28146679705893735,False,True,False,3.785656169533805e-08,COMPLETE
687,0.4594467103481293,2025-04-05 06:38:26.418428,2025-04-05 06:38:32.311057,0 days 00:00:05.892629,0.5022679553773916,0.4991979996751907,16,0.009307362362016314,0.06788867121820892,0.08370941436260623,0.08473859058037439,0.05917484629824319,0.030285818175022246,5.2158253020439864e-05,6,17,0.02145118392332019,0.2868034610384656,False,True,False,2.869006037949051e-08,COMPLETE
688,0.28491548299789426,2025-04-05 06:38:32.545821,2025-04-05 06:38:38.737533,0 days 00:00:06.191712,0.41648713264610426,0.5296605252007223,16,0.00015891190551976016,0.06182807162247698,0.07927239194839623,0.08813068128105984,0.050815611488471066,0.03683713067508873,7.977899324634256e-05,8,90,0.018330799388011576,0.27662482930275895,False,True,False,1.1381125383006148e-08,COMPLETE
689,0.4819985628128052,2025-04-05 06:38:38.953896,2025-04-05 06:38:45.360273,0 days 00:00:06.406377,0.447141861251087,0.5530531769304713,16,0.015249172791759226,0.07194264204888427,0.09016715018833582,0.09050320204599871,0.05712644477786203,0.04957589372805269,0.00018896404872930208,11,21,0.014720952104151221,0.2948180374565467,False,True,False,1.0081426192893243e-08,COMPLETE
690,0.39960915446281436,2025-04-05 06:38:45.592546,2025-04-05 06:38:51.975107,0 days 00:00:06.382561,0.44008585608686696,0.5516655090721239,16,0.02568342180842298,0.05537837011593129,0.0916448774180903,0.09027399488388581,0.04383863769164149,0.05490787310650016,0.00016956789567948002,11,19,0.012103576444619943,0.29620619335675313,False,True,False,1.0519301297686798e-08,COMPLETE
691,0.37159763574600224,2025-04-05 06:38:52.194646,2025-04-05 06:39:04.537852,0 days 00:00:12.343206,0.5374182868897922,0.522768564323216,2,0.017611468483161336,0.06912326732163591,0.0755641025622622,0.08721610541501137,0.05304402486323956,0.05080318168861728,0.00019445200944257285,10,21,0.007491036398532907,0.2999738853825418,False,False,False,1.033889335282289e-08,COMPLETE
692,0.3863578915596008,2025-04-05 06:39:04.769372,2025-04-05 06:39:11.174972,0 days 00:00:06.405600,0.5155369516255696,0.6752994132071335,16,0.01961264220869863,0.1251380852878991,0.08338936950339394,0.09172802584687795,0.05574594065394135,0.04661965307807847,0.0001819028705384366,11,15,0.014031146847358008,0.2942771331060912,False,True,False,1.3602113550625432e-08,COMPLETE
693,0.45888453125953677,2025-04-05 06:39:11.408880,2025-04-05 06:39:17.669278,0 days 00:00:06.260398,0.4850186081586419,0.5497856736239344,16,0.03205500279794318,0.06245821408421015,0.08688267844177495,0.08921351981724485,0.06410956298966118,0.047698370167773826,0.00014270378509212477,10,18,0.009736318666530564,0.29306315709530295,False,True,False,1.0092762767275178e-08,COMPLETE
694,0.28504276871681217,2025-04-05 06:39:17.902125,2025-04-05 06:39:24.267410,0 days 00:00:06.365285,0.4608055898172197,0.7083156776568857,16,0.01561791688932471,0.07103428003703245,0.0813163073890236,0.08591829522544242,0.049171938859082394,0.05223842271262139,0.0001576367438043473,11,15,0.014768350284516802,0.18639926940891915,False,True,True,1.384637007812766e-08,COMPLETE
695,0.35331588983535767,2025-04-05 06:39:24.485478,2025-04-05 06:39:30.656924,0 days 00:00:06.171446,0.5566622986013864,0.6476175163841731,16,0.00016371212557412217,0.055007893833399435,0.07712715384382933,0.09092616233313193,0.0667335249451784,0.04945645000896954,0.00012336723681011266,9,22,0.015852331991208418,0.2912905190628054,False,True,False,1.0026819359294488e-08,COMPLETE
696,0.48457494974136356,2025-04-05 06:39:30.889634,2025-04-05 06:39:37.130324,0 days 00:00:06.240690,0.49726738207381216,0.5643115487668573,16,0.005671330044299287,0.08100751874578463,0.08514822718988803,0.08924646248288677,0.0691186684233016,0.03317026798967419,0.00011188997365180644,10,21,0.024127111669005663,0.29019546393160256,False,True,False,1.4947363883660777e-08,COMPLETE
697,0.3981425821781158,2025-04-05 06:39:37.363645,2025-04-05 06:39:43.627932,0 days 00:00:06.264287,0.5297379503933448,0.4863057264824309,16,0.005850260763752335,0.06317051754895871,0.08840606936171165,0.0878901514217508,0.07123148174398049,0.033638378054778414,0.00014698886616424511,10,19,0.024907113331445047,0.284240206632786,False,True,False,1.5386412593832143e-08,COMPLETE
698,0.4736240386962891,2025-04-05 06:39:43.847641,2025-04-05 06:39:50.178607,0 days 00:00:06.330966,0.510689164186359,0.5679570287090133,16,0.005465881513453695,0.07331663202599686,0.09502595978557724,0.08498646685372338,0.06798549272571534,0.03320255301993721,0.00019231297606324326,10,16,0.026057725176746947,0.29994326552752876,False,True,False,1.2509965889439713e-08,COMPLETE
699,0.36801176071166997,2025-04-05 06:39:50.410977,2025-04-05 06:39:56.771374,0 days 00:00:06.360397,0.5324112271328335,0.6768450804881763,16,0.006282458310096782,0.2841787301329861,0.08615890453188615,0.08883479093210203,0.07100415144540859,0.034873760938507796,0.00012029729349140348,11,22,0.023729097251776736,0.289096134105399,False,True,False,1.5967836073848715e-08,COMPLETE
700,0.4620520830154419,2025-04-05 06:39:56.992393,2025-04-05 06:40:03.319717,0 days 00:00:06.327324,0.5021580506683139,0.5363655556714709,16,0.011828009439149537,0.06835332385378222,0.08481625980288313,0.08662303448817868,0.06837985052311603,0.03064955661327587,0.00015398605296193803,10,15,0.023815594277546093,0.28201117154801303,False,True,False,1.270857713239981e-08,COMPLETE
701,0.4140938460826874,2025-04-05 06:40:03.553192,2025-04-05 06:40:09.746602,0 days 00:00:06.193410,0.5544994015343736,0.5937886225509796,16,0.005449605646825454,0.05562907329628602,0.09026332450375049,0.04294550422798593,0.06897192171832754,0.032473795143597516,0.0001253877983715162,9,19,0.02174086817426233,0.2893284179021427,False,True,False,1.6856984534697166e-08,COMPLETE
702,0.3850264549255371,2025-04-05 06:40:09.969220,2025-04-05 06:40:16.309737,0 days 00:00:06.340517,0.5135025172683387,0.6301881153547416,16,0.02375984235479494,0.09026225719436276,0.08754542922436892,0.0837169385435109,0.06426829525752567,0.035947672200060406,0.00010562434664767604,11,20,0.02750103549925055,0.29496808018931137,False,True,False,1.4775616011084704e-08,COMPLETE
703,0.39824361205101017,2025-04-05 06:40:16.541843,2025-04-05 06:40:22.871454,0 days 00:00:06.329611,0.49177959725264525,0.7026051062306262,16,0.013673551620780112,0.07994591010646925,0.07282954264028338,0.09248057337548157,0.06637001816183602,0.031182470391816014,0.0001751466219362312,10,22,0.02029094135874885,0.27764816338017784,True,True,False,1.0030745480833397e-08,COMPLETE
704,0.48351970911026,2025-04-05 06:40:23.111093,2025-04-05 06:40:29.300525,0 days 00:00:06.189432,0.5372919308847196,0.6588448799673928,16,0.0051335522855124015,0.06272485785696788,0.08449104319160222,0.08942077034332356,0.062481430426082625,0.033454513236275234,0.00013284265297613216,9,15,0.02249434961065847,0.29996258540951615,False,True,False,1.8251475336106593e-08,COMPLETE
705,0.47986626625061035,2025-04-05 06:40:29.522576,2025-04-05 06:40:35.665178,0 days 00:00:06.142602,0.5258032302843636,0.6583967425597603,16,0.018808113843412102,0.06079560225553928,0.08007248680330276,0.08619666150473232,0.06307519066410575,0.03366111690850074,0.0001348485704735083,9,15,0.026287821245695186,0.29540547111040383,False,True,False,1.796726912891879e-08,COMPLETE
706,0.48246951103210456,2025-04-05 06:40:35.907895,2025-04-05 06:40:42.069948,0 days 00:00:06.162053,0.5365186686734791,0.6629140693339337,16,0.011337522037148898,0.056180697927939414,0.08366545440455674,0.08821611784830238,0.062099159554995335,0.031996875556654605,0.00019523060589057007,9,18,0.023448551857203768,0.2996205631910789,False,True,False,1.4306366535485871e-08,COMPLETE
707,0.48230417966842654,2025-04-05 06:40:42.292729,2025-04-05 06:40:48.506275,0 days 00:00:06.213546,0.5508921719281332,0.6811579230817841,16,0.028907387966794304,0.05636260713006516,0.08381859519296003,0.08911971754597589,0.061494183076141254,0.03132370895447978,0.00019845198401055296,9,18,0.024719610722381956,0.29993088844593885,False,True,False,1.3516087766900927e-08,COMPLETE
708,0.293143492937088,2025-04-05 06:40:48.744603,2025-04-05 06:40:54.935078,0 days 00:00:06.190475,0.556801142169461,0.6752427053737705,16,0.030027890448391808,0.055567792440153724,0.0846368231353099,0.08841190314591428,0.0613717003818923,0.03181137405696828,0.00019768575423333086,9,18,0.027132723846479488,0.29883581968459655,False,True,False,1.209764603236197e-08,COMPLETE
709,0.48234887123107917,2025-04-05 06:40:55.157466,2025-04-05 06:41:01.383105,0 days 00:00:06.225639,0.5431647353957447,0.6629637415538233,16,0.03062780667513966,0.060186890732330314,0.0829736761886534,0.08936251351792524,0.059987813816120304,0.03162829739678567,0.00019161272885607445,9,16,0.02366244346713561,0.2996707835660685,False,True,False,1.274997797262982e-08,COMPLETE
710,0.3659692645072937,2025-04-05 06:41:01.621670,2025-04-05 06:41:07.822500,0 days 00:00:06.200830,0.5547353200827084,0.6645107521291184,16,0.03689850787754235,0.05497651143321807,0.08403643112197635,0.08829888207673571,0.06205721248675647,0.030009414051564064,0.00019215808142976557,9,16,0.024111933581337928,0.2989837319245441,False,True,False,1.2607092739718852e-08,COMPLETE
711,0.4843972444534302,2025-04-05 06:41:08.059259,2025-04-05 06:41:14.246447,0 days 00:00:06.187188,0.5427086203191381,0.6827510106858131,16,0.030646463807756895,0.057900297825396185,0.08250971935471707,0.08696691920357902,0.0618705552760805,0.030695767308794426,0.0001674426475049054,9,17,0.025711487474901117,0.29616171539141645,False,True,False,1.2195426774929955e-08,COMPLETE
712,0.38951672315597535,2025-04-05 06:41:14.472735,2025-04-05 06:41:21.000384,0 days 00:00:06.527649,0.5560751616702382,0.6826652294130238,16,0.030588189849051005,0.05418399816050212,0.08121363369091111,0.08694635537399671,0.0620116778731555,0.029971403783613428,0.00020477489401632285,9,15,0.025922819770338536,0.2989117363985302,False,False,False,1.0207563607379e-08,COMPLETE
713,0.43226551413536074,2025-04-05 06:41:21.237264,2025-04-05 06:41:27.470662,0 days 00:00:06.233398,0.5674660855571834,0.6841469277022324,16,0.035446899312953736,0.059134614802428195,0.08227954226565581,0.08344858241719,0.06042595849551813,0.03117680586220658,0.00015026422177256258,9,17,0.027468294597884264,0.2987083381420053,False,True,False,1.0064365616827159e-08,COMPLETE
714,0.4541730046272278,2025-04-05 06:41:27.696869,2025-04-05 06:41:33.878140,0 days 00:00:06.181271,0.5446145779684225,0.6602432980261616,16,0.034206188375154184,0.05367869139876884,0.07928289075574131,0.0859038503960858,0.06346197735595038,0.032523350417812055,0.00019586275404041817,9,15,0.02508970653755082,0.2989448403251591,False,True,False,1.340198545861275e-08,COMPLETE
715,0.4556184053421021,2025-04-05 06:41:34.114990,2025-04-05 06:41:40.305210,0 days 00:00:06.190220,0.5633925341300207,0.6970277938158409,16,0.029603371550489893,0.0595002200032633,0.08487217983567452,0.08806530716394767,0.062137433498482164,0.030863508153443665,0.00019079833389316615,9,18,0.023987118495571787,0.29935069646823687,False,True,False,1.1825738181029882e-08,COMPLETE
716,0.28504276871681217,2025-04-05 06:41:40.532920,2025-04-05 06:41:46.685976,0 days 00:00:06.153056,0.5404118016211117,0.6598020319998894,16,0.035310054014422367,0.06173367691770089,0.08081884742887198,0.08680141756371884,0.0605597271388255,0.030243077355906554,0.00016933969297611162,9,14,0.02292327639679831,0.2997882185594449,False,True,True,1.2433386487647975e-08,COMPLETE
717,0.48327658176422117,2025-04-05 06:41:46.924117,2025-04-05 06:41:53.106135,0 days 00:00:06.182018,0.5648853262621953,0.6932422362637938,16,0.02641233886588492,0.05384366334060807,0.08287596651436963,0.08895364263532742,0.06502199051015893,0.03254876007433126,0.00019893778656319115,9,19,0.02536307750615086,0.2949106083986998,False,True,False,1.4197359812544772e-08,COMPLETE
718,0.32628786563873297,2025-04-05 06:41:53.351476,2025-04-05 06:42:04.082104,0 days 00:00:10.730628,0.5688471699910267,0.6956445355961152,2,0.03409217318416932,0.05395531861066542,0.08285133486788555,0.08946848675479732,0.06486854226500119,0.030208917734186973,0.00019387978044585344,9,19,0.027453321930720618,0.29960587891571416,False,True,False,1.2335090039101964e-08,COMPLETE
719,0.2959905624389649,2025-04-05 06:42:04.308012,2025-04-05 06:42:10.509151,0 days 00:00:06.201139,0.5344772198817329,0.7053141260761683,16,0.027920779433344974,0.052494105056088786,0.08640048174117662,0.08333847082947027,0.05944589086085452,0.032229939987661486,0.00019497370005085675,9,20,0.02553323576284142,0.2939626216847617,False,True,False,1.0070613982045501e-08,COMPLETE
720,0.29447601437568666,2025-04-05 06:42:10.750826,2025-04-05 06:42:16.933471,0 days 00:00:06.182645,0.5384986294578408,0.6806451787539519,16,0.028804265177145016,0.14572227888114073,0.08382782830324108,0.08526758124361974,0.06306482395777051,0.033304752457238955,0.0001687606857720769,9,17,0.026741021182066588,0.2934516234807142,False,True,False,1.442199213058998e-08,COMPLETE
721,0.48069692850112916,2025-04-05 06:42:17.162825,2025-04-05 06:42:23.328563,0 days 00:00:06.165738,0.5375771114138755,0.6823627438915659,16,0.027333314764197057,0.057680609119458125,0.08131553630577232,0.08930212351606388,0.06132074636887223,0.0296377625019925,0.00021244102701221322,8,20,0.022387715735365063,0.29280809389349316,False,True,False,1.4641522033540413e-08,COMPLETE
722,0.4617798924446106,2025-04-05 06:42:23.567295,2025-04-05 06:42:29.751434,0 days 00:00:06.184139,0.5581109937187103,0.6456478518368256,16,0.03476428299551071,0.05361705811754989,0.08765574121061238,0.08672148741274406,0.06551553807038824,0.03125739777638857,0.00015368916117147163,9,17,0.025361303257624607,0.2999170839208401,False,True,False,6.087135098923817e-06,COMPLETE
723,0.36582159996032715,2025-04-05 06:42:29.982292,2025-04-05 06:42:36.231300,0 days 00:00:06.249008,0.5275063119218188,0.7010458775261375,16,0.02476972829169941,0.06032026447702532,0.07918934923988416,0.08980911297765078,0.05848988961353805,0.03379559692461929,0.0002072552865972367,9,21,0.022684754093125394,0.29999698244997963,True,True,False,1.1996833200518263e-08,COMPLETE
724,0.4777348041534424,2025-04-05 06:42:36.471160,2025-04-05 06:42:42.716302,0 days 00:00:06.245142,0.5620083495886814,0.6599736027301404,16,0.023381529744043464,0.06249585841087486,0.08496647713586142,0.0878066932117646,0.06239698484675991,0.028836729374644234,0.00015433410156913502,10,14,0.027904742051203694,0.2945496303687193,False,True,False,1.514985948696419e-08,COMPLETE
725,0.4595719337463379,2025-04-05 06:42:42.959985,2025-04-05 06:42:49.251193,0 days 00:00:06.291208,0.5403080726600954,0.714754084843354,16,0.023668220930355713,0.05318882720354294,0.08237896785787827,0.08465401247135795,0.06443540334807817,0.031896917849283474,0.0024076822615467907,10,19,0.024561462189303104,0.29377809948757083,False,True,False,1.2080747795762072e-08,COMPLETE
726,0.4762572467327118,2025-04-05 06:42:49.481917,2025-04-05 06:42:55.671600,0 days 00:00:06.189683,0.5626576875430811,0.6826019279432788,16,0.035288387821483,0.05878803697170058,0.08608094668762355,0.09295023026231783,0.05921218616321322,0.02968918622855535,0.00013784061440108938,9,16,0.021659776116778804,0.29379568357050245,False,True,False,1.4939250811317564e-08,COMPLETE
727,0.3854408383369446,2025-04-05 06:42:55.916011,2025-04-05 06:43:02.023046,0 days 00:00:06.107035,0.5249890384525849,0.6558888372327766,16,0.022598369686567824,0.06697916042643617,0.08026324829498947,0.03933912939228037,0.0609911540922467,0.0339625107270921,0.00017829914302240597,8,22,0.02260052882650911,0.2891181650688225,False,True,False,1.219488972887545e-08,COMPLETE
728,0.4827287912368775,2025-04-05 06:43:02.253101,2025-04-05 06:43:08.412095,0 days 00:00:06.158994,0.5407451567304481,0.6339770888869459,16,0.03021936778976607,0.06422732926257244,0.08279053043286852,0.08206446031638903,0.06617079536805452,0.03160674835235168,0.0001372349206123191,8,18,0.026012972435813013,0.29464486890031655,False,True,False,1.01223790738302e-08,COMPLETE
729,0.45797625184059143,2025-04-05 06:43:08.656205,2025-04-05 06:43:14.800634,0 days 00:00:06.144429,0.5587213748061564,0.6479848430428948,16,0.03377707427638506,0.051766467288356835,0.08878499571241212,0.08225067456870074,0.06967194701056927,0.03271050847514164,0.0001607465446430368,8,17,0.027259196585954687,0.2999411313431524,False,True,False,1.0304331248689234e-08,COMPLETE
730,0.4830870747566223,2025-04-05 06:43:15.044117,2025-04-05 06:43:21.165548,0 days 00:00:06.121431,0.5418533344794808,0.673757144416102,16,0.030023355200655952,0.05976178334614373,0.08352567151463022,0.08097467746286979,0.06708651417814115,0.0316798449350186,0.00020868642412984786,8,15,0.02461357321615892,0.29997332148566125,False,True,False,1.023468794273302e-08,COMPLETE
731,0.48349239826202395,2025-04-05 06:43:21.397531,2025-04-05 06:43:27.518422,0 days 00:00:06.120891,0.570738260339648,0.7026872770026737,16,0.038196410256772506,0.058669149850389984,0.08315964674929807,0.08064086925330059,0.06671454124650864,0.030693192077906377,0.00021609558828090508,8,15,0.025400258574280986,0.29999832598006604,False,True,False,1.0315481847961508e-08,COMPLETE
732,0.36966472864151,2025-04-05 06:43:27.760723,2025-04-05 06:43:34.259269,0 days 00:00:06.498546,0.5707380753689022,0.6934647727025801,16,0.03928289789381176,0.200673993440889,0.08326340784621092,0.08166257082565667,0.06766590917375627,0.03127294243090125,0.00022175108671789896,8,14,0.02586821817701649,0.2950829012298954,False,False,False,1.0138564493606004e-08,COMPLETE
733,0.45095237493515017,2025-04-05 06:43:34.490637,2025-04-05 06:43:40.606771,0 days 00:00:06.116134,0.5701101740231411,0.6743873692131348,16,0.03856453156132826,0.052028490252922464,0.07821273746252821,0.07999271199987762,0.07163428712302693,0.029643000249322156,0.00020093421274168652,8,15,0.02762090149094921,0.29988090196657013,False,True,False,1.2566686560908568e-08,COMPLETE
