number,value,datetime_start,datetime_complete,duration,params_alpha-eval,params_alpha-train,params_batch-size,params_eps-eval,params_eps-train,params_lambda-actions-eval,params_lambda-actions-train,params_lambda-frames-eval,params_lambda-frames-train,params_learning-rate,params_n-epochs,params_n-frames,params_radius-gw,params_rho,params_std-feats,params_ub-actions,params_ub-frames,params_weight-decay,state
1298,0.2867699921131134,2025-04-05 07:49:46.759165,2025-04-05 07:49:53.306717,0 days 00:00:06.547552,0.630204163797316,0.8284160338430204,16,0.19064447045765293,0.04471293601228688,0.0928598224215552,0.06673658171256917,0.0642392929262361,0.010881311354006058,0.00037077256745503143,12,30,0.011096489285531374,0.2675516665692293,True,True,False,1.2547224914102577e-07,COMPLETE
1299,0.3752415895462036,2025-04-05 07:49:53.728146,2025-04-05 07:50:00.276781,0 days 00:00:06.548635,0.6926069502439872,0.7927751347336459,16,0.16038596966457075,0.03300520958012285,0.09994171945016243,0.05317058072371112,0.061835627328715045,0.01881021555476024,0.00023443012797765797,11,35,0.0010080022515646467,0.25477277671370174,True,True,False,6.435232469867336e-08,COMPLETE
1300,0.45585106611251835,2025-04-05 07:50:00.703244,2025-04-05 07:50:07.281360,0 days 00:00:06.578116,0.5989754034246482,0.8459556141320393,16,0.14969363620498843,0.027038999763099057,0.09742183246758751,0.05875088263684178,0.056627037615901904,0.01556695874818803,0.00031244887404097447,12,27,0.007286146857328741,0.262045728755047,True,True,False,3.393681375854699e-08,COMPLETE
1301,0.43626449108123777,2025-04-05 07:50:07.718940,2025-04-05 07:50:14.405310,0 days 00:00:06.686370,0.6552916459354274,0.771684378420537,16,0.19880546152157944,0.038567028111680265,0.09825452160419153,0.05690770095436736,0.05981248192773877,0.009393272512348928,0.0025201003886787783,13,32,0.003436842378867864,0.249989151741122,True,True,False,5.399965123398908e-08,COMPLETE
1302,0.37766842842102055,2025-04-05 07:50:14.832384,2025-04-05 07:50:21.568949,0 days 00:00:06.736565,0.6143382026448543,0.806352119046093,16,0.17715281642919717,0.03602432697906356,0.09256728307811424,0.06286625171588676,0.06388670469101336,0.02048176469350254,0.0005657118952618135,13,35,0.005914485182857725,0.25590509059276906,True,True,False,4.251333085228728e-08,COMPLETE
1303,0.28819842934608464,2025-04-05 07:50:21.992734,2025-04-05 07:50:28.472511,0 days 00:00:06.479777,0.6800264378137573,0.8246002360051358,16,0.16616063280812843,0.044835542738490525,0.0960284563112912,0.06134921769713859,0.06192669270805615,0.012407176153880461,0.00042189909175133883,11,30,0.011094384259651618,0.24360257639073818,True,True,False,6.546564898182766e-08,COMPLETE
1304,0.477853274345398,2025-04-05 07:50:28.896365,2025-04-05 07:50:35.452445,0 days 00:00:06.556080,0.6336065797156314,0.8543118040780212,16,0.18448696243146015,0.02500449060116671,0.09044180065181642,0.06470643525353731,0.06419637312365699,0.017539304753957496,0.00024120230102047698,12,26,0.00840088189285795,0.268712388373403,True,True,False,9.590620106509562e-08,COMPLETE
1305,0.477853274345398,2025-04-05 07:50:35.873622,2025-04-05 07:50:42.515765,0 days 00:00:06.642143,0.5913942028466626,0.7943644099595878,16,0.17304148921515997,0.017225387296176696,0.09466006544128171,0.060053977754334235,0.05854891674142038,0.015347694480322947,0.0002972962617040413,12,40,0.0010323986154636812,0.2612111549303132,True,True,False,3.2742390438386774e-08,COMPLETE
1306,0.4794921755790711,2025-04-05 07:50:42.966299,2025-04-05 07:50:49.665488,0 days 00:00:06.699189,0.6184442507705933,0.8120695782322814,16,0.19021669941376082,0.03141936477422674,0.09798646072510829,0.06675917343841828,0.060507758793667765,0.02100701572647713,0.0003789602988552003,13,29,0.003060075443496599,0.24987782129602043,True,True,False,4.172854713188311e-08,COMPLETE
1307,0.4194468200206757,2025-04-05 07:50:50.096457,2025-04-05 07:50:56.872738,0 days 00:00:06.776281,0.6649671122195577,0.7727888742115039,16,0.1583620122719601,0.03930030315693337,0.09629529912933311,0.054806048006601736,0.03977764368368729,0.01351672653306262,0.00023534686840282157,14,33,0.0053674103467803965,0.2680086078437822,True,True,False,5.6631989990380125e-08,COMPLETE
1308,0.40409305691719055,2025-04-05 07:50:57.309936,2025-04-05 07:51:09.304380,0 days 00:00:11.994444,0.7256572588905554,0.7942594118806591,2,0.17902514500596722,0.029783623475690434,0.09278902979095945,0.05644951831949099,0.062448543107603366,0.018584988610881044,0.0003351761086527611,11,37,0.00938248204615522,0.2577696430127978,True,True,False,3.2095826294359436e-08,COMPLETE
1309,0.3606656551361084,2025-04-05 07:51:09.730301,2025-04-05 07:51:16.846589,0 days 00:00:07.116288,0.642459384234187,0.8288729702997029,16,0.16814607937403092,0.04283424439715583,0.09819058707567438,0.059011052134907836,0.0646512505586784,0.016222095984061838,0.0004635369392025441,13,32,0.006584614904401838,0.26173697510081584,True,False,False,7.52980907797161e-08,COMPLETE
1310,0.4841952800750733,2025-04-05 07:51:17.273524,2025-04-05 07:51:23.954718,0 days 00:00:06.681194,0.5981985379093706,0.8693587627943767,16,0.1470703180957483,0.02310302360441755,0.09436267772416201,0.06341549331973988,0.05510460089399214,0.007196783189888354,0.00028264661191122043,12,26,0.003294641689077554,0.2539455769185494,True,True,False,4.135424180789552e-08,COMPLETE
1311,0.28504276871681217,2025-04-05 07:51:24.385079,2025-04-05 07:51:30.835884,0 days 00:00:06.450805,0.7081142312907845,0.8976242237904574,16,0.20417284415700934,0.04583417314496326,0.09091370951051544,0.052006124284459734,0.05719813655134309,0.010622356572355805,0.0002288401852808055,11,29,0.010991821338860841,0.2405692770763118,True,True,True,5.204634110661826e-08,COMPLETE
1312,0.36835616230964663,2025-04-05 07:51:31.283154,2025-04-05 07:51:37.902415,0 days 00:00:06.619261,0.6215176177804114,0.7730395820882537,16,0.17276221869970654,0.03356839165080028,0.09624761797839669,0.060922974374473464,0.06023470675260427,0.014733561265381372,0.00037085826640029327,12,35,0.007540983906434312,0.2458872964607025,True,True,False,3.2639230249513214e-08,COMPLETE
1313,0.450726455450058,2025-04-05 07:51:38.329426,2025-04-05 07:51:44.971556,0 days 00:00:06.642130,0.6579779656547211,0.8157814993571505,16,0.19803804365231056,0.03755347196272158,0.0935204827405787,0.05778191572998636,0.06302810278497267,0.018982460554524704,0.0006657640646357,13,32,0.005118993927718652,0.2688646540930194,True,True,False,6.618075346397666e-08,COMPLETE
1314,0.3841185688972473,2025-04-05 07:51:45.395643,2025-04-05 07:51:51.960428,0 days 00:00:06.564785,0.5875372678853645,0.8429708584752712,16,0.16265611283309656,0.04501704092936178,0.09558627377943231,0.06505720642817965,0.06420703857084407,0.020774088529346167,0.00028828686937454914,12,27,0.008833680307364585,0.26206826086397084,True,True,False,1.5639978129343127e-07,COMPLETE
1315,0.48279943466186526,2025-04-05 07:51:52.406549,2025-04-05 07:51:59.240147,0 days 00:00:06.833598,0.6090465745953946,0.7709539594909799,16,0.17981804755273112,0.028824196458286558,0.09871524928218975,0.06710766975329233,0.06156607788133239,0.017241517948345223,0.0002331919752386523,14,38,0.004499529698663771,0.2535088652503364,True,True,False,3.0877017343644286e-08,COMPLETE
1316,0.2963467419147492,2025-04-05 07:51:59.671527,2025-04-05 07:52:06.213415,0 days 00:00:06.541888,0.6384571384942551,0.8007537589151429,16,0.15236852553874908,0.03782784513143718,0.09991595948130075,0.061868651341667025,0.05890699289805922,0.060417972628017076,0.0005098551229568543,11,29,0.007300288389662607,0.2568439931534154,True,True,False,4.0460191445533894e-07,COMPLETE
1317,0.47928686141967775,2025-04-05 07:52:06.642053,2025-04-05 07:52:13.357254,0 days 00:00:06.715201,0.67666512876065,0.7909684671126991,16,0.18773134602366412,0.04586163624725231,0.099994858004342,0.053368659323895166,0.06173758991894999,0.012229677404727517,0.0003272702724734248,13,34,0.0027440387339570517,0.26746728843134193,True,True,False,9.100926487303831e-08,COMPLETE
1318,0.4804399132728577,2025-04-05 07:52:13.787591,2025-04-05 07:52:20.447104,0 days 00:00:06.659513,0.6071962279809198,0.8337857828617137,16,0.16722478964729975,0.023231361793178803,0.09215665672540209,0.06008416197244243,0.06395534490161013,0.013702339397619605,0.0003938997785529752,12,31,0.011016890493991042,0.24897995690058528,True,True,False,4.5251719085613386e-08,COMPLETE
1319,0.4826804876327515,2025-04-05 07:52:20.876872,2025-04-05 07:52:27.481046,0 days 00:00:06.604174,0.5834210901905226,0.7668669460361794,16,0.13894453802664875,0.014558648875761884,0.09618504743646464,0.050235815786602196,0.060641910049593566,0.0211834656283486,0.0002753839166005498,12,26,0.0058087201867156706,0.2632916904200352,True,True,False,4.066401986691096e-08,COMPLETE
1320,0.40703176856040957,2025-04-05 07:52:27.913677,2025-04-05 07:52:34.611856,0 days 00:00:06.698179,0.6290841620156694,0.882747920869964,16,0.18281958416297667,0.03638640327329139,0.09441428041698423,0.0571250659022673,0.057302521909350826,0.016434216336988335,0.00023080413565433735,13,36,0.0010928053362866778,0.23764684046087153,True,True,False,3.170858671173626e-08,COMPLETE
1321,0.3708137929439545,2025-04-05 07:52:35.046031,2025-04-05 07:52:41.630054,0 days 00:00:06.584023,0.653312974783482,0.8236873886745332,16,0.1739874229042105,0.03076047793002948,0.09803871624166197,0.06248936160064415,0.06447936421705376,0.01892074300910636,0.00046346411814111713,11,32,0.009374734315918731,0.2571254059121943,True,True,False,5.438844581888545e-08,COMPLETE
1322,0.3721273481845856,2025-04-05 07:52:42.057852,2025-04-05 07:52:48.635255,0 days 00:00:06.577403,0.6963585923844634,0.9582166120978082,16,0.19208193278129626,0.04119755871474904,0.09004611990491129,0.06455592860766238,0.058995324759192676,0.014748601584450167,0.00034290214549892483,12,42,0.003122568056575114,0.24913211875294766,True,True,False,7.48616604610256e-08,COMPLETE
1323,0.2844235897064209,2025-04-05 07:52:49.086061,2025-04-05 07:52:55.800158,0 days 00:00:06.714097,0.5983430860678546,0.8595436340239838,16,0.1586526014678535,0.033937132407893957,0.09662468840297372,0.05453158512366656,0.0624021418739391,0.012187019811945114,0.00026900603340462506,13,29,0.007270007186714658,0.1585967992900691,True,True,False,4.019241344251216e-08,COMPLETE
1324,0.3434287965297699,2025-04-05 07:52:56.233698,2025-04-05 07:53:03.013303,0 days 00:00:06.779605,0.6228300715151762,0.7928619747714939,16,0.17866070809205273,0.045613473656815375,0.09242891434827516,0.0667791701546105,0.0644175297926069,0.009649137448264825,0.042427543504181646,14,34,0.001016121336963498,0.26754441738246837,True,True,False,3.120340502619033e-08,COMPLETE
1325,0.4553402662277222,2025-04-05 07:53:03.450155,2025-04-05 07:53:09.935703,0 days 00:00:06.485548,0.6436750128833083,0.8144320713209274,16,0.1685041703238536,0.025884317261432213,0.09430903201777933,0.05869633013462206,0.06011919204040071,0.016717093186663076,0.00032880446846639743,11,26,0.004404086096645637,0.26136507767339173,True,True,False,1.145358291148232e-07,COMPLETE
1326,0.4904237031936646,2025-04-05 07:53:10.370196,2025-04-05 07:53:16.966392,0 days 00:00:06.596196,0.5793636693761812,0.7733624119638968,16,0.18741194890238752,0.04053035810320768,0.09817757971122183,0.06301081590355002,0.06263825974868674,0.06577780358035687,0.0002256300258516815,12,30,0.009323259780368564,0.24353371799105772,True,True,False,5.156724678450317e-08,COMPLETE
1327,0.28504276871681217,2025-04-05 07:53:17.400846,2025-04-05 07:53:23.885376,0 days 00:00:06.484530,0.5752787055289565,0.7685306491785969,16,0.18582826746428094,0.04626151935393961,0.09841338705179194,0.06358740370474197,0.06472237638315607,0.06554405197848724,0.00022088451467451922,11,29,0.011455439827687656,0.2377185944907554,True,True,False,4.677311142569312e-08,COMPLETE
1328,0.28994609713554387,2025-04-05 07:53:24.314481,2025-04-05 07:53:36.634732,0 days 00:00:12.320251,0.5781165380009141,0.768466347818154,2,0.17665218660738397,0.04059526019761039,0.09811716444892786,0.06264573084558063,0.06284100894353038,0.07638647759316869,0.00022493372298843385,12,26,0.010726114095363195,0.23340157138811113,True,True,False,3.552318082954399e-08,COMPLETE
1329,0.360888147354126,2025-04-05 07:53:37.066427,2025-04-05 07:53:43.973162,0 days 00:00:06.906735,0.5806081424648764,0.7812241526071946,16,0.18401262759664538,0.04635667854620123,0.09826740929232439,0.06485552884657782,0.06449110585906537,0.08077863973394256,0.00022676907448382523,11,31,0.009238506674190586,0.24240233562848693,True,False,False,4.908500678644979e-08,COMPLETE
1330,0.45911082029342654,2025-04-05 07:53:44.404029,2025-04-05 07:53:51.050851,0 days 00:00:06.646822,0.5947205947701804,0.7802862087092056,16,0.17102502005201953,0.041898366599267274,0.09664663896721734,0.06596544908075792,0.06297315832152472,0.07170669169382636,0.00025921520371573095,12,29,0.009207863365351484,0.233986549435005,True,True,False,2.9685397431423118e-08,COMPLETE
1331,0.4919004082679749,2025-04-05 07:53:51.481728,2025-04-05 07:53:58.072725,0 days 00:00:06.590997,0.6045765787323886,0.7915333003287252,16,0.19095082459430565,0.03848028772102177,0.09825680331272044,0.06204926862464048,0.03642811256355101,0.020556260245041112,0.0002298306350960866,12,27,0.010599862362273215,0.2433826139456545,True,True,False,3.887942666338161e-08,COMPLETE
1332,0.49136937856674195,2025-04-05 07:53:58.522375,2025-04-05 07:54:05.028571,0 days 00:00:06.506196,0.5764324479279073,0.7674507480997875,16,0.19316761153850218,0.03560939779563604,0.09866749334133956,0.061016129583860886,0.042872611213436856,0.021689146006765313,0.00020998291373337347,11,26,0.010734718506669797,0.24098157164195355,True,True,False,3.5769980156705445e-08,COMPLETE
1333,0.28504276871681217,2025-04-05 07:54:05.478773,2025-04-05 07:54:11.915037,0 days 00:00:06.436264,0.5747809488722496,0.7667578117930005,16,0.19618638755313078,0.0405066541057268,0.09748236150563414,0.06095046122613974,0.041676123252512354,0.02152249799207742,0.00021014759201493856,11,25,0.011703907277927274,0.22676689317654844,True,True,True,3.8447998152400776e-08,COMPLETE
1334,0.45774887204170234,2025-04-05 07:54:12.351760,2025-04-05 07:54:18.866589,0 days 00:00:06.514829,0.5739329995178366,0.792138844247503,16,0.1943383626213268,0.03786028506322283,0.09990804979807018,0.05971481259650403,0.03885220114868988,0.061228355211898906,0.0002230770471178751,11,26,0.011219225311383746,0.23637896831355037,True,True,False,3.806874060413663e-08,COMPLETE
1335,0.4906003832817078,2025-04-05 07:54:19.308376,2025-04-05 07:54:25.747457,0 days 00:00:06.439081,0.5769845194504963,0.7668893094031385,16,0.19915055973460666,0.03531345625418053,0.09779349772210494,0.06043457488883702,0.03489708318457563,0.06514082274768469,0.00020721517531432682,11,27,0.011601673135904494,0.23124029687434364,True,True,False,3.9178958577000613e-08,COMPLETE
1336,0.4804035305976868,2025-04-05 07:54:26.186022,2025-04-05 07:54:32.724662,0 days 00:00:06.538640,0.5813180560308325,0.7659357515249269,16,0.2100670605948939,0.037048985929875246,0.09992487996995565,0.0592721916281221,0.03551845535412202,0.06907770444404043,0.0002093529104099915,11,26,0.011725871575282534,0.23100464262646714,True,True,False,3.306499465440843e-08,COMPLETE
1337,0.440483421087265,2025-04-05 07:54:33.160524,2025-04-05 07:54:39.715306,0 days 00:00:06.554782,0.5730304634748874,0.7646674309701462,16,0.19411385538995227,0.03320352539622187,0.09783828228826678,0.06175121479447867,0.0356415085576346,0.07551466442597253,0.00020096956058029332,11,26,0.011139444288841626,0.2350288947568646,True,True,False,3.661641229758682e-08,COMPLETE
1338,0.49121850728988653,2025-04-05 07:54:40.150302,2025-04-05 07:54:46.645682,0 days 00:00:06.495380,0.5775685945801396,0.7818094660382123,16,0.19758587508784387,0.03091014204245091,0.09825805776262224,0.058727079433816456,0.03307110683495728,0.07109467544760016,0.0002133715518468999,11,26,0.012079248624822497,0.2375880967871391,True,True,False,3.269049287421934e-08,COMPLETE
1339,0.39485377073287964,2025-04-05 07:54:47.101064,2025-04-05 07:54:53.618699,0 days 00:00:06.517635,0.5677179295804552,0.7863835030257218,16,0.20405213532542743,0.23265676556066953,0.09821007953323985,0.057864392313516234,0.029512443501441905,0.06661403718570812,0.00021365716767440959,11,25,0.011460445192550897,0.22858932188920533,True,True,False,4.381320653319882e-08,COMPLETE
1340,0.44924013614654545,2025-04-05 07:54:54.064351,2025-04-05 07:55:00.542583,0 days 00:00:06.478232,0.5717837580534186,0.7894144002701056,16,0.19997504220087178,0.03044109457257055,0.09844408921420353,0.05948651177151094,0.03078537670455122,0.07440693251717893,0.0002095250649102195,11,25,0.011446443323443717,0.2402998441213259,True,True,False,4.0727782269919485e-08,COMPLETE
1341,0.3928008854389191,2025-04-05 07:55:00.980883,2025-04-05 07:55:07.492810,0 days 00:00:06.511927,0.5746995842741193,0.7726344842049211,16,0.2034292511001754,0.12209852087481621,0.09840702205551294,0.05753214229424632,0.03654077547811835,0.019743663787897936,0.00020576370352190656,11,26,0.012233835286359716,0.23549388264277643,True,True,False,3.0074168908662485e-08,COMPLETE
1342,0.29805206060409545,2025-04-05 07:55:07.931999,2025-04-05 07:55:14.357646,0 days 00:00:06.425647,0.576258447022302,0.7610578965838248,16,0.20634110373032305,0.04077253595871683,0.09998128801536714,0.06060482694129253,0.0380102836350708,0.07320979535763085,0.00021409719270515954,11,26,0.012323783843709487,0.21892914859050683,True,True,False,3.424534093519727e-08,COMPLETE
1343,0.47000856399536134,2025-04-05 07:55:14.796221,2025-04-05 07:55:21.261610,0 days 00:00:06.465389,0.5931401030298092,0.7901293105086703,16,0.19802608109605283,0.029738212599800216,0.09680271810978484,0.059101770579146444,0.02746193302256644,0.021202784908602584,0.0002110084763837287,11,28,0.009580200352198469,0.22641153425187757,True,True,False,3.106251046361837e-08,COMPLETE
1344,0.44406763911247255,2025-04-05 07:55:21.698545,2025-04-05 07:55:28.146618,0 days 00:00:06.448073,0.5723151444419777,0.7587364043865434,16,0.19183956748623793,0.04747026401081867,0.09662956470840994,0.05660534360348899,0.031501591625986515,0.07855504950899829,0.0002091112021310656,11,26,0.011815530795296821,0.2358817530929269,True,True,False,4.1238914409559225e-08,COMPLETE
1345,0.39476328492164614,2025-04-05 07:55:28.587847,2025-04-05 07:55:35.154254,0 days 00:00:06.566407,0.5779055589419719,0.8013616577757267,16,0.21603373183790633,0.046528998357055165,0.09633936550375363,0.06181487642003221,0.03782417153153185,0.0689237177224589,0.0002349051698163266,11,28,0.009907561799864479,0.23344526241331065,True,True,False,4.896812068141534e-08,COMPLETE
1346,0.3893011569976807,2025-04-05 07:55:35.589335,2025-04-05 07:55:42.133899,0 days 00:00:06.544564,0.591999380028372,0.7807885894729454,16,0.19799733488717694,0.15304873425612336,0.09985545074382192,0.059779766357849796,0.03333536690056171,0.07067298434101404,0.00019593196606412146,11,26,0.011942391932705042,0.24060747778736274,True,True,False,3.810018481156369e-08,COMPLETE
1347,0.4548314988613129,2025-04-05 07:55:42.589647,2025-04-05 07:55:49.091722,0 days 00:00:06.502075,0.5701663081855296,0.7985604911364298,16,0.2117999129700341,0.03403788080983264,0.09648701771004745,0.06202955598108504,0.03508798746097444,0.05908237356161253,0.00024196292003781015,11,28,0.010166618591277921,0.23122960696184297,True,True,False,4.995776905488023e-08,COMPLETE
1348,0.4092257201671601,2025-04-05 07:55:49.533179,2025-04-05 07:55:56.620639,0 days 00:00:07.087460,0.5938944137658229,0.38087403483033117,16,0.1930594631318371,0.04005720363848189,0.0981902031352562,0.057822897097484664,0.03741621282065429,0.064494262831527,0.00023947027687630626,11,77,0.009637175435103857,0.242297495306233,True,False,False,3.141634986929011e-08,COMPLETE
1349,0.28504276871681217,2025-04-05 07:55:57.062396,2025-04-05 07:56:03.547213,0 days 00:00:06.484817,0.5843810250692073,0.7568626667033809,16,0.1975287027166029,0.026023190645783668,0.028797500923721173,0.06006075101353274,0.02877059320889386,0.06650006348214631,0.0001974831167602658,11,25,0.01217539088138555,0.22545489353458423,True,True,True,3.0315553233681274e-08,COMPLETE
1350,0.4170540869235993,2025-04-05 07:56:03.989006,2025-04-05 07:56:15.848555,0 days 00:00:11.859549,0.5878470688828762,0.7801654911400894,2,0.2067816477057468,0.031116265625714012,0.09993578429443846,0.0630498093035061,0.040772460478767744,0.06311731079734825,0.00024368328214357466,11,29,0.008943178037233506,0.24071553954573383,True,True,False,4.3691894103676155e-08,COMPLETE
1351,0.41860724091529844,2025-04-05 07:56:16.288720,2025-04-05 07:56:22.741965,0 days 00:00:06.453245,0.5904473708104648,0.7583213116645284,16,0.1896219624239783,0.04030022182258357,0.09540906727326635,0.05730275325723781,0.03339240420437982,0.0673661957778534,0.00020978119937987378,11,25,0.010208023461678734,0.23709956391841952,True,True,False,3.809230555314113e-08,COMPLETE
1352,0.48673970699310304,2025-04-05 07:56:23.182029,2025-04-05 07:56:29.656448,0 days 00:00:06.474419,0.597909515460606,0.7995551654351469,16,0.20111084767270104,0.04526686301236853,0.09998968338643308,0.06220365358611056,0.0324549511222091,0.07158781574714358,0.00019778609921259637,11,29,0.012059106800042928,0.24072216448914494,True,True,False,3.072854595130724e-08,COMPLETE
1353,0.45302069187164307,2025-04-05 07:56:30.094035,2025-04-05 07:56:36.683467,0 days 00:00:06.589432,0.5675814569778901,0.7763246919441869,16,0.19151005484876651,0.018901943284919606,0.09613167274421319,0.05653334631278636,0.04363568710089056,0.07809262351069561,0.00025468437616078,12,28,0.009377746711991562,0.22870490641652963,True,True,False,4.928929321947683e-08,COMPLETE
