number,value,datetime_start,datetime_complete,duration,params_alpha-eval,params_alpha-train,params_batch-size,params_eps-eval,params_eps-train,params_lambda-actions-eval,params_lambda-actions-train,params_lambda-frames-eval,params_lambda-frames-train,params_learning-rate,params_n-epochs,params_n-frames,params_radius-gw,params_rho,params_std-feats,params_ub-actions,params_ub-frames,params_weight-decay,state
167,0.4113100588321686,2025-04-24 15:53:00.950873,2025-04-24 15:53:11.071275,0 days 00:00:10.120402,0.34074587704890236,0.5984140151949779,16,0.27805233137564483,0.027152219949411173,0.07752743422232675,0.028675126726200765,0.058874909936445126,0.011576544723962438,5.0291943630365175e-05,30,81,0.005553544536282048,0.14054374088965102,True,False,False,0.00014160513720510345,COMPLETE
168,0.3112737834453583,2025-04-24 15:53:11.124568,2025-04-24 15:53:20.565510,0 days 00:00:09.440942,0.28101926321238757,0.5414424049957541,16,0.2739598430648286,0.0036810183047834965,0.07641967993682763,0.019562414842833595,0.06553570709082518,0.013361855076637223,5.9111397801106614e-05,29,85,0.009090784350226104,0.07941171114166566,True,True,False,0.00019441990032746667,COMPLETE
169,0.4167495906352997,2025-04-24 15:53:20.619731,2025-04-24 15:53:30.535524,0 days 00:00:09.915793,0.3254112375758228,0.5549404351918189,16,0.28364758225765263,0.01653506115868376,0.08004299848047854,0.02579542969087466,0.06326021826476905,0.01681639938272633,8.230042340615719e-05,27,91,0.005760577895399622,0.08195341479597361,True,False,False,0.00028400505653385495,COMPLETE
170,0.2845708787441254,2025-04-24 15:53:30.592559,2025-04-24 15:53:41.955661,0 days 00:00:11.363102,0.2675244723947474,0.5699848247424988,8,0.26942602137147015,0.029469800143096476,0.08273339005428365,0.033642129352237274,0.05342689731390201,0.014568213145207625,5.2492296982323165e-05,30,79,0.00992569065072018,0.07221579128130745,True,False,True,0.00037255283535758015,COMPLETE
171,0.41885602474212646,2025-04-24 15:53:42.010570,2025-04-24 15:53:51.662413,0 days 00:00:09.651843,0.21133217426374323,0.6114428374147516,16,0.25618529058279715,0.012467269783287863,0.07952889073824748,0.028672239314443137,0.05675588066719198,0.024416223302127463,8.540682611257225e-05,28,70,0.007820024879597622,0.08924958698566406,True,False,False,0.00024176347145327164,COMPLETE
172,0.4198333859443665,2025-04-24 15:53:51.725306,2025-04-24 15:54:01.462834,0 days 00:00:09.737528,0.28916642364065104,0.5903777954704009,16,0.2595194759131662,0.011429543826139015,0.08479552386408454,0.02153445745982161,0.058858306302743704,0.01910567014371896,6.361847397221753e-05,29,64,0.0032097500569338317,0.07667916960675557,True,False,False,0.0005003687373475985,COMPLETE
173,0.4205565094947815,2025-04-24 15:54:01.517857,2025-04-24 15:54:11.418591,0 days 00:00:09.900734,0.2861853657339894,0.5938987979752671,16,0.24759320912249194,0.005637995303460921,0.08784887436460398,0.01675280572105351,0.061654516864365946,0.016291419197561646,4.1324870379779974e-05,29,77,0.003034162604172141,0.07596183679235172,True,False,False,0.0004845608263348912,COMPLETE
174,0.4248162388801575,2025-04-24 15:54:11.474191,2025-04-24 15:54:21.414478,0 days 00:00:09.940287,0.2933131435051612,0.5933959448204269,16,0.2656745772423421,0.02257962584860057,0.08716845564944703,0.020924463066415,0.061475156083668346,0.011872409983382144,4.103960674520514e-05,29,76,0.00298776185301602,0.07722768809808363,True,False,False,0.00048691279801187337,COMPLETE
175,0.3879326283931732,2025-04-24 15:54:21.470029,2025-04-24 15:54:31.338407,0 days 00:00:09.868378,0.2917638605508014,0.5843121168672328,16,0.26637183400696646,0.021307468247920923,0.0877361603613754,0.012550572182385278,0.06074310874497703,0.010957134723138867,0.0022131685979406507,29,76,0.003251988616882218,0.07801764340314175,True,False,False,0.0004893187211737256,COMPLETE
176,0.36384259462356566,2025-04-24 15:54:31.394286,2025-04-24 15:54:41.464145,0 days 00:00:10.069859,0.31417635658513476,0.6003157234868526,16,0.27568240945879563,0.1649455525899417,0.0844217156414262,0.017255129896440836,0.0583587628339253,0.012508160978994725,3.4394615494549475e-05,29,84,0.0027184792152235514,0.06840576753476021,True,False,False,0.0003672085793344265,COMPLETE
177,0.4223598301410675,2025-04-24 15:54:41.519902,2025-04-24 15:54:51.671535,0 days 00:00:10.151633,0.3603815150911214,0.5616624136619237,16,0.29476883454476804,0.02237711493816446,0.08717698716965434,0.027514749826287935,0.06450158674497276,0.016383302036643288,3.6915057160793414e-05,30,82,0.004590775403805648,0.0770224138889842,True,False,False,0.00019225724560675774,COMPLETE
178,0.42134620547294616,2025-04-24 15:54:51.728296,2025-04-24 15:55:01.877795,0 days 00:00:10.149499,0.3598107218851677,0.5617549488736141,16,0.29405843025039946,0.02571767179253949,0.08791580347133407,0.026615609866112035,0.06480556413227166,0.016376334703142353,2.821712854598149e-05,30,81,0.0048277043333587915,0.09687985727852969,True,False,False,0.0002696819058871693,COMPLETE
179,0.4287691831588745,2025-04-24 15:55:01.934936,2025-04-24 15:55:28.544696,0 days 00:00:26.609760,0.34335505521400417,0.546443987945116,2,0.2949761819865302,0.0345825084140145,0.08792879215377121,0.026864515676259904,0.06807455459363161,0.015216286498465261,2.745149950395275e-05,30,88,0.0011231551841938735,0.08818429212719538,True,False,False,0.00018563091717193798,COMPLETE
180,0.43149996995925904,2025-04-24 15:55:28.602581,2025-04-24 15:55:55.339150,0 days 00:00:26.736569,0.3711803564291376,0.5434532975513426,2,0.29489326805938515,0.04238662282782735,0.08768053479296531,0.02616333063773429,0.06670901169335096,0.014748639439310254,2.5715316155371126e-05,30,89,0.0014403260337748566,0.08847832591081173,True,False,False,0.00017365360210593037,COMPLETE
181,0.4282680094242096,2025-04-24 15:55:55.405150,2025-04-24 15:56:22.069739,0 days 00:00:26.664589,0.3597278668771897,0.5397180637778508,2,0.29798419710507423,0.034198806055359354,0.08774137887588059,0.026827816027562946,0.06789317519165747,0.014997497169170329,2.545108188684388e-05,30,89,0.001274438796530123,0.09781763383284722,True,False,False,0.00017740823633519048,COMPLETE
182,0.4240557134151459,2025-04-24 15:56:22.127029,2025-04-24 15:56:49.235022,0 days 00:00:27.107993,0.3642676663349063,0.4955830739892984,2,0.2966068798884599,0.034797687704876824,0.08679965364218277,0.027131247469564666,0.06738447255709287,0.013455979486964056,2.603549010997795e-05,30,98,0.0015364973946898064,0.09443707855113939,True,False,False,0.00017842469552710973,COMPLETE
183,0.42203742265701294,2025-04-24 15:56:49.293462,2025-04-24 15:57:16.380228,0 days 00:00:27.086766,0.3459628497450459,0.49858877648274835,2,0.298234324263495,0.043441593826571756,0.08733562011206349,0.027042491094151935,0.06715923122830714,0.01326985992987604,2.0642170089767473e-05,30,97,0.0014135487969542328,0.10424349002009278,True,False,False,0.0001873421165042362,COMPLETE
184,0.42620487213134767,2025-04-24 15:57:16.438903,2025-04-24 15:57:43.377986,0 days 00:00:26.939083,0.3682172201258358,0.4996153902316842,2,0.29921564517816573,0.04090206904213394,0.08849468567390996,0.027040551678480643,0.06760216511273144,0.009427333250836983,2.018874638331465e-05,30,96,0.0021566400523446304,0.10999928656783439,True,False,False,0.0001800224474109038,COMPLETE
185,0.412868869304657,2025-04-24 15:57:43.436821,2025-04-24 15:58:10.443180,0 days 00:00:27.006359,0.36721048637612996,0.501976226218312,2,0.2983526521973667,0.04441428195326478,0.08850119647348442,0.026458598942181853,0.06739002055317157,0.00955869914588503,1.360348556902205e-05,30,98,0.002063705444473813,0.12063906097377618,True,False,False,0.00010755992973153505,COMPLETE
186,0.42455433607101445,2025-04-24 15:58:10.502352,2025-04-24 15:58:37.104460,0 days 00:00:26.602108,0.35553198261834107,0.48890066660227005,2,0.29331329866287786,0.04124833994413742,0.08647793812791993,0.023832425001028223,0.07345444986230143,0.014372753202400588,2.3819666450049952e-05,30,89,0.001019258892928326,0.10671897410046252,True,False,False,0.0001676762442205169,COMPLETE
187,0.429155033826828,2025-04-24 15:58:37.163316,2025-04-24 15:59:04.154107,0 days 00:00:26.990791,0.35161565919138066,0.48874850584245255,2,0.29303812574987276,0.042768746363777276,0.08703589834882967,0.023471830433290236,0.07386992711641897,0.010799173169976384,2.2689809227517687e-05,30,103,0.0011110899643453276,0.10549407761342551,True,False,False,0.00014963205189939274,COMPLETE
188,0.42097738981246946,2025-04-24 15:59:04.213162,2025-04-24 15:59:31.147110,0 days 00:00:26.933948,0.393398752328028,0.48196808619988857,2,0.29461833409344484,0.04679742982337462,0.08665279393207749,0.024360328901690598,0.07329012741664023,0.010616005590867854,2.0191157156431972e-05,30,94,0.0017215072805979582,0.10833680788398058,True,False,False,0.00016431357181103694,COMPLETE
189,0.4327802062034607,2025-04-24 15:59:31.206889,2025-04-24 15:59:58.360234,0 days 00:00:27.153345,0.35385926216355085,0.491233140526675,2,0.2932038177032053,0.04024203037896627,0.08918947849229868,0.032637750054689406,0.0702768465816825,0.015586190773637284,2.6458669156470323e-05,30,104,0.0017434008641677911,0.11493843314977881,True,False,False,0.00013332501743196728,COMPLETE
190,0.42547452449798584,2025-04-24 15:59:58.430053,2025-04-24 16:00:25.626097,0 days 00:00:27.196044,0.3584902778050526,0.5054582401286425,2,0.2923673225960874,0.040686058301972576,0.08894806366592346,0.03298496381442996,0.07025550718697161,0.007854716791623091,2.5420810146649677e-05,30,106,0.0012591127732570718,0.11748765204707787,True,False,False,0.00013203909776303551,COMPLETE
191,0.4291432559490204,2025-04-24 16:00:25.686150,2025-04-24 16:00:52.618516,0 days 00:00:26.932366,0.3400277054195612,0.508172925822863,2,0.299852163540154,0.041112692942168384,0.08880578026516359,0.03257533848103389,0.07059128113138646,0.00739909912518105,2.5403503177386903e-05,30,103,0.0010509428817075603,0.10432740480271017,True,False,False,0.00012537717034948032,COMPLETE
192,0.4304746270179749,2025-04-24 16:00:52.679473,2025-04-24 16:01:19.947196,0 days 00:00:27.267723,0.35897696755236413,0.48361480548602964,2,0.29989071551662844,0.04112035466255881,0.08975892943865044,0.032808650633360865,0.07032222514196176,0.008315641882423286,2.4734585471246713e-05,30,105,0.001149650938883077,0.11605359548653799,True,False,False,8.362785161794189e-05,COMPLETE
193,0.430274647474289,2025-04-24 16:01:20.007712,2025-04-24 16:01:47.103948,0 days 00:00:27.096236,0.34693441426624116,0.48905739247736985,2,0.299800746739366,0.04107534887499476,0.08887948096780501,0.03380411562951552,0.0703203777934725,0.007974424026244252,2.288082582899702e-05,30,103,0.001153740082528313,0.1259581633310216,True,False,False,0.0001289108113889294,COMPLETE
194,0.4266371548175812,2025-04-24 16:01:47.165624,2025-04-24 16:02:14.454208,0 days 00:00:27.288584,0.38130387756417083,0.4609642360644056,2,0.290026212366257,0.03919599051459507,0.08995786025892012,0.032654117909923404,0.073447462381538,0.0067185257365964274,2.330074791903234e-05,30,104,0.0010413526928717155,0.12516854547484008,True,False,False,8.612284249891692e-05,COMPLETE
195,0.4234460294246674,2025-04-24 16:02:14.516457,2025-04-24 16:02:41.728204,0 days 00:00:27.211747,0.38717491184351305,0.49620573824327935,2,0.2894778116402467,0.03785899675324141,0.0898693576838648,0.032943381481594286,0.07042278037916795,0.006714296808304399,2.4343906553060834e-05,30,103,0.0016331093507255603,0.13680253999322678,True,False,False,8.441767641151172e-05,COMPLETE
196,0.41456205844879157,2025-04-24 16:02:41.791209,2025-04-24 16:03:08.749024,0 days 00:00:26.957815,0.3852358951761245,0.4573669782046329,2,0.28888554111493175,0.051430156980211805,0.08982384719489035,0.03511828587538259,0.07031456092088248,0.007687896019343365,2.4103362829940052e-05,30,104,0.0015692565736645497,0.13962175226714718,True,False,False,7.467069156296485e-05,COMPLETE
197,0.42653637528419497,2025-04-24 16:03:08.811617,2025-04-24 16:03:35.992430,0 days 00:00:27.180813,0.33855707854654776,0.4770403250021681,2,0.2998453935005536,0.040034934241065995,0.09014601100083602,0.033597193929606244,0.07316140971561508,0.004389890040197462,1.6870065892610347e-05,30,104,0.001237134707121054,0.12716229406401386,True,False,False,0.00013243531306551777,COMPLETE
198,0.42499726414680483,2025-04-24 16:03:36.064265,2025-04-24 16:04:03.355211,0 days 00:00:27.290946,0.33691035820017967,0.48098921422344604,2,0.29977314211764516,0.040402026900020864,0.08944030555739872,0.03626989792222963,0.07357906073622736,0.0036665217366903275,1.69936975839363e-05,30,114,0.0011201191057871914,0.1251284179735178,True,False,False,0.00012985199208281697,COMPLETE
199,0.28504276871681217,2025-04-24 16:04:03.418329,2025-04-24 16:04:27.557040,0 days 00:00:24.138711,0.33066460506729456,0.46406551842014204,2,0.29870668783427246,0.06003079553987027,0.0896488106813753,0.035640740523438505,0.07341305797992473,0.0021840581624860585,1.6622294345845682e-05,30,115,0.0010478724241600962,0.12419064057797814,True,True,False,0.00012670059803840647,COMPLETE
200,0.4181886613368988,2025-04-24 16:04:27.619883,2025-04-24 16:04:55.061139,0 days 00:00:27.441256,0.4127439910592501,0.4766635045144077,2,0.2872671066098563,0.04134381700111796,0.09105447213228679,0.03307333626058869,0.07476694788251093,0.005233891480100323,1.1732369562240426e-05,30,116,0.0031982564542527474,0.13228012285067303,True,False,False,0.00010662150810167198,COMPLETE
201,0.39688314199447633,2025-04-24 16:04:55.124414,2025-04-24 16:05:21.952308,0 days 00:00:26.827894,0.34541801042618797,0.5145406359706429,2,0.29911215872874847,0.04894134446735427,0.02345522319721831,0.0368606503250567,0.07218466864564568,0.007782509075548144,1.7749159328280362e-05,30,102,0.0011865756387746489,0.12739475670402484,True,False,False,0.0001413995315237019,COMPLETE
202,0.4234597802162171,2025-04-24 16:05:22.016641,2025-04-24 16:05:48.939985,0 days 00:00:26.923344,0.3673684506294668,0.4763652358266771,2,0.2925733433678425,0.036841657924236965,0.011974159539634656,0.032177328717430634,0.0687048541732518,0.0031247765188771003,2.7494129001876646e-05,30,109,0.0012287183296405778,0.117055391009562,True,False,False,8.46015316342235e-05,COMPLETE
203,0.41863744854927065,2025-04-24 16:05:49.003807,2025-04-24 16:06:16.065224,0 days 00:00:27.061417,0.34010268807381133,0.5277647855620886,2,0.29168316923545384,0.04161129413322392,0.08881197847931277,0.03459419674640166,0.07513051113842437,0.003898393596926182,1.4780060427232893e-05,30,111,0.0031996704255405494,0.11608399157635262,True,False,False,0.0001281914651799242,COMPLETE
204,0.4215841293334961,2025-04-24 16:06:16.129447,2025-04-24 16:06:43.264090,0 days 00:00:27.134643,0.3713374876985295,0.4964671497747789,2,0.286127372517166,0.03479184336517614,0.08992353763520283,0.03175323504156741,0.07131019865399936,0.00835380715845278,1.9114945497285832e-05,30,106,0.0034686188969164926,0.11431782694700678,True,False,False,0.00016276748167819212,COMPLETE
205,0.35917752981185913,2025-04-24 16:06:43.337737,2025-04-24 16:07:09.822012,0 days 00:00:26.484275,0.4025791008616403,0.5147790894403237,2,0.29978669095785593,0.054673689669468284,0.08854035110927175,0.03390542525746312,0.06915921502188647,0.009986958308996324,2.2545780325265136e-05,29,101,0.0010270085249176374,0.13120933935893772,True,False,False,9.703743728088616e-05,COMPLETE
206,0.43169008493423466,2025-04-24 16:07:09.887302,2025-04-24 16:07:36.283672,0 days 00:00:26.396370,0.323028384037077,0.48281942579885345,2,0.2908629930624465,0.04721145060281862,0.09123695305755997,0.030366700541964577,0.072840851290388,0.005475583128736122,2.7442653238009816e-05,29,96,0.0035127281267531736,0.12336319111940412,True,False,False,5.867143220055065e-05,COMPLETE
207,0.28412412405014037,2025-04-24 16:07:36.348226,2025-04-24 16:07:59.549693,0 days 00:00:23.201467,0.3231545838839221,0.4505127059033359,2,0.2848488803294687,0.047090005863702905,0.09145463033714234,0.030718112223940407,0.07310920856392648,0.004505339157974584,3.133907385294592e-05,29,94,0.0035414146671335785,0.12426194673341295,True,False,True,6.598485440368488e-05,COMPLETE
208,0.41239876747131354,2025-04-24 16:07:59.614890,2025-04-24 16:08:26.349945,0 days 00:00:26.735055,0.3485321109832386,0.483127991330678,2,0.2918781597751367,0.042268735899625605,0.0938436702661651,0.03619978957241026,0.07565265705604494,0.001622118371692051,1.0506821174392357e-05,29,105,0.003718061961231151,0.15356641359754764,True,False,False,5.391526800840019e-05,COMPLETE
209,0.36615016460418703,2025-04-24 16:08:26.416212,2025-04-24 16:08:53.717554,0 days 00:00:27.301342,0.3307227429632207,0.5297867628623287,2,0.28612270603334794,0.051697714280160234,0.08918550132349601,0.032076122301181405,0.07163358382663876,0.005906922998838161,1.5141048093948736e-05,30,120,0.0033114976803672574,0.1620929719133667,True,False,False,0.00012352935244520745,COMPLETE
210,0.42077115178108215,2025-04-24 16:08:53.784230,2025-04-24 16:09:20.232471,0 days 00:00:26.448241,0.3787041659603417,0.5120557298901733,2,0.29992241786690027,0.03404741128323194,0.09149824502172227,0.038094755679668864,0.06954872729112761,0.010649046965843756,2.2000991534938735e-05,29,100,0.0010479290264746584,0.10813426354366742,True,False,False,0.00014725627570285607,COMPLETE
211,0.41984248161315924,2025-04-24 16:09:20.299923,2025-04-24 16:09:46.987050,0 days 00:00:26.687127,0.3679908278021935,0.42056062898305957,2,0.29323184810595765,0.03670937050503831,0.0867655169514017,0.029786914950569347,0.06705003143787018,0.008547973457267872,2.6746457317371632e-05,30,90,0.002714811372666494,0.11594164648609344,True,False,False,0.00018529063888913082,COMPLETE
212,0.41839152574539185,2025-04-24 16:09:47.052892,2025-04-24 16:10:13.842799,0 days 00:00:26.789907,0.35353252007946867,0.4829569479023805,2,0.29204541267125705,0.044014657993832924,0.08703999373474108,0.030269467453156503,0.0744356778563909,0.006259386337724236,1.8532316752905777e-05,30,97,0.0010900709166113023,0.12271261627901134,True,False,False,0.00010398894239332144,COMPLETE
213,0.4245860636234284,2025-04-24 16:10:13.919228,2025-04-24 16:10:40.948985,0 days 00:00:27.029757,0.3999458035957873,0.4690157929390823,2,0.29463405004291193,0.032735839092091684,0.08923668321326456,0.03491502672792915,0.07094417008620293,0.011612356355586377,2.826660922415508e-05,30,111,0.0041255507136070835,0.11060784938724122,True,False,False,0.0001517524573754407,COMPLETE
214,0.42359122037887575,2025-04-24 16:10:41.017988,2025-04-24 16:11:08.151127,0 days 00:00:27.133139,0.40598727121298367,0.4649641757709987,2,0.2821049540422329,0.047646456186252496,0.08979012437149173,0.034932696621973465,0.07230303352279241,0.009401698815532615,3.224134843202741e-05,30,108,0.00394719075153987,0.10704265389322012,True,False,False,0.00012974955296961942,COMPLETE
215,0.4216611862182617,2025-04-24 16:11:08.219740,2025-04-24 16:11:34.796644,0 days 00:00:26.576904,0.31583914789703615,0.5350686735491111,2,0.28795244238046047,0.04094594125315701,0.026614861424823576,0.0342025830712934,0.07051363122246321,0.004412378112156829,2.0835367973495285e-05,29,111,0.0038362322095257316,0.13294000360922392,True,False,False,7.823136862956037e-05,COMPLETE
216,0.3578047931194306,2025-04-24 16:11:34.867719,2025-04-24 16:12:01.946349,0 days 00:00:27.078630,0.4260566833768968,0.5105393820018816,2,0.0880501400874602,0.05792187004095595,0.09129364978757497,0.03187041535869038,0.07871695474075895,0.007261941115255158,1.2626653889298833e-05,30,102,0.004192282939802165,0.11766899994258356,True,False,False,0.00020767512127566165,COMPLETE
217,0.42980003356933594,2025-04-24 16:12:02.015393,2025-04-24 16:12:28.146649,0 days 00:00:26.131256,0.38497034806346764,0.4598405823570829,2,0.2924501863336625,0.03170275344066284,0.08842609399278901,0.02419148981677077,0.06859062502986953,0.011972619934892173,2.5757782000466227e-05,29,94,0.005272351702208291,0.1028779210600345,True,False,False,0.0001539985522123633,COMPLETE
218,0.4234063565731049,2025-04-24 16:12:28.215250,2025-04-24 16:12:54.150374,0 days 00:00:25.935124,0.3866317627477166,0.4662218483760366,2,0.2998838433917332,0.030823637449589818,0.08870868791187005,0.0872781044302192,0.06830707171570817,0.01229150311940656,2.617864675716693e-05,29,88,0.0011192104704495181,0.10246115084742322,True,False,False,0.0001488631204911773,COMPLETE
219,0.41859868764877317,2025-04-24 16:12:54.218675,2025-04-24 16:13:21.050075,0 days 00:00:26.831400,0.3376101225801615,0.48561689765962485,2,0.29259450795264436,0.033317168148796206,0.09384185130632453,0.025151406588454963,0.0732620418115964,0.011040207154688697,1.5739663560627706e-05,30,94,0.006344128852423785,0.11016535163049435,True,False,False,9.655653893692422e-05,COMPLETE
220,0.4260964632034302,2025-04-24 16:13:21.129563,2025-04-24 16:13:47.562808,0 days 00:00:26.433245,0.3536802711905293,0.44481044353681587,2,0.2866234951106855,0.040215669970380875,0.09198344150523682,0.03723767320814361,0.07627689298751897,0.00902057531606704,2.237258608892358e-05,29,105,0.0029868976117035486,0.1264254479381003,True,False,False,0.0001200288800278703,COMPLETE
221,0.42580637931823734,2025-04-24 16:13:47.632184,2025-04-24 16:14:14.240064,0 days 00:00:26.607880,0.3542021988578135,0.42320575977889174,2,0.2877051531889227,0.04206045686438748,0.09214591248626389,0.038417156081760856,0.0759222005959787,0.009223552191728702,2.3241954420536232e-05,29,104,0.002963681199387955,0.12344252220880336,True,False,False,0.00014838309129220758,COMPLETE
222,0.4250068843364716,2025-04-24 16:14:14.310592,2025-04-24 16:14:40.752743,0 days 00:00:26.442151,0.3946303414024217,0.43231401574273054,2,0.28461561308479366,0.038378907431386666,0.0924319718753091,0.038346487039583946,0.07619168598825575,0.001138075770917811,1.909024017733818e-05,29,108,0.005205392589055874,0.12881536273534755,True,False,False,0.0001150535311387407,COMPLETE
