number,value,datetime_start,datetime_complete,duration,params_alpha-eval,params_alpha-train,params_batch-size,params_eps-eval,params_eps-train,params_lambda-actions-eval,params_lambda-actions-train,params_lambda-frames-eval,params_lambda-frames-train,params_learning-rate,params_n-epochs,params_n-frames,params_radius-gw,params_rho,params_std-feats,params_ub-actions,params_ub-frames,params_weight-decay,state
1809,0.4949934005737305,2025-04-05 08:52:49.391908,2025-04-05 08:52:55.886930,0 days 00:00:06.495022,0.7548350761329888,0.9274474423374682,16,0.09506012553166736,0.2781231893271593,0.08793776678573323,0.026111489589315355,0.026617605160222404,0.0832583044676869,2.0950564622895104e-05,10,22,0.006440479265327184,0.18573226060524323,True,True,False,1.5895845436211084e-07,COMPLETE
1810,0.48504276275634767,2025-04-05 08:52:56.499402,2025-04-05 08:53:02.957749,0 days 00:00:06.458347,0.76807280077399,0.8994241649191176,16,0.07969511411912862,0.2699152930995148,0.0853948305349775,0.025867603463172392,0.02192858147472636,0.0910256507017754,1.575373907847373e-05,10,17,0.00491833036810733,0.18547322419578577,True,True,False,1.4677264183535759e-07,COMPLETE
1811,0.4840288043022156,2025-04-05 08:53:03.550418,2025-04-05 08:53:09.866724,0 days 00:00:06.316306,0.7494890400800259,0.9206620723664598,16,0.09587496258876003,0.2746024226631953,0.08496662534585833,0.02441373546021393,0.02553203839033642,0.08728259904008563,2.022411819742193e-05,9,18,0.006610752690500258,0.18570608245539272,True,True,False,2.0806158426474992e-07,COMPLETE
1812,0.4670604646205902,2025-04-05 08:53:10.484690,2025-04-05 08:53:16.818600,0 days 00:00:06.333910,0.7955622366223798,0.9066910941911064,16,0.0903618994202851,0.27983516138476333,0.08782206741309277,0.028959189224276195,0.023166244639289183,0.08334014501633286,1.0038926883760473e-05,9,20,0.004951256482493499,0.174141677263475,True,True,False,3.434045588799186e-07,COMPLETE
1813,0.47843359708786015,2025-04-05 08:53:17.414973,2025-04-05 08:53:23.710334,0 days 00:00:06.295361,0.8169986796407092,0.9242194106002982,16,0.10313630185480185,0.2704212878451557,0.08726416495332603,0.028381673900493416,0.025705513442834255,0.08326328180771217,1.6911599533246796e-05,9,22,0.006735897727169362,0.18474981855549052,True,True,False,2.0745376571681783e-07,COMPLETE
1814,0.4799925744533539,2025-04-05 08:53:24.324167,2025-04-05 08:53:30.719585,0 days 00:00:06.395418,0.7542183476059623,0.8807763114780254,16,0.09066245333210426,0.2677048769151434,0.08693487666567362,0.02460359464185707,0.02637697000670612,0.08523694016839654,2.2283895725276574e-05,10,18,0.0076318162532931395,0.16614515932927254,True,True,False,1.5497917680269295e-07,COMPLETE
1815,0.4154074549674988,2025-04-05 08:53:31.315882,2025-04-05 08:53:42.175399,0 days 00:00:10.859517,0.777787993117525,0.9377539300987158,2,0.09522149131441948,0.27641204033020605,0.08470921116504584,0.024007227587804367,0.029340262513136192,0.08204044421168556,1.9489470851564375e-05,9,22,0.006176795513366136,0.18262780892560276,True,True,False,1.3802708847126208e-07,COMPLETE
1816,0.4529805958271027,2025-04-05 08:53:42.787842,2025-04-05 08:53:50.871533,0 days 00:00:08.083691,0.8014759513217433,0.9048722228648369,16,0.08911542318552504,0.28145684334813176,0.08858572983795153,0.025205146796527435,0.026928240804889536,0.08444458380184386,2.2411999146555865e-05,28,17,0.004667013243673837,0.17339464874158483,True,True,False,2.4375280731559115e-07,COMPLETE
1817,0.48231868743896483,2025-04-05 08:53:51.465400,2025-04-05 08:53:57.912627,0 days 00:00:06.447227,0.7497377615730972,0.9259888304817397,16,0.08570701497810249,0.2749512652259134,0.08697379447084032,0.026744042331091,0.03233575848864731,0.08666918029678587,2.6602274184730242e-05,10,21,0.007980401301724071,0.1785616233277216,True,True,False,1.804274032585784e-07,COMPLETE
1818,0.49179724454879764,2025-04-05 08:53:58.505967,2025-04-05 08:54:04.921987,0 days 00:00:06.416020,0.7640311530913597,0.8837415036732647,16,0.12518097311271256,0.2803752046287141,0.08892413800331998,0.027083579868010115,0.029402700694652156,0.08847052388268674,1.8569487457128628e-05,10,23,0.008484576062420023,0.15460468418562603,True,True,False,3.134614533903501e-07,COMPLETE
1819,0.47581587433815004,2025-04-05 08:54:05.542182,2025-04-05 08:54:11.848437,0 days 00:00:06.306255,0.8231951839836394,0.9489106531384933,16,0.09810730673221053,0.2668003690013331,0.08530093337673716,0.030127307197151742,0.02737187930563951,0.08180583039481254,1.475793611448385e-05,9,20,0.00468107705298532,0.16872377127976204,True,True,False,1.3839842707741964e-07,COMPLETE
1820,0.485823142528534,2025-04-05 08:54:12.467152,2025-04-05 08:54:18.860876,0 days 00:00:06.393724,0.7864215042685593,0.9080006869175339,16,0.08492215832113284,0.2817273970721271,0.08807328756396669,0.02524485428323676,0.024580938331348702,0.08261526001246515,2.4740673630939323e-05,10,23,0.006566171833007327,0.1867517946995616,True,True,False,1.8222149888858296e-07,COMPLETE
1821,0.4799592435359955,2025-04-05 08:54:19.456856,2025-04-05 08:54:25.847693,0 days 00:00:06.390837,0.8671591306539548,0.9437627714081082,16,0.124423605610798,0.2707908342989671,0.08889328856184711,0.025928933333045644,0.02431637475651828,0.08239224053147537,2.9391936314160747e-05,10,17,0.008234387721429022,0.16538737002625997,True,True,False,1.2940969760280122e-07,COMPLETE
1822,0.4831881880760193,2025-04-05 08:54:26.464546,2025-04-05 08:54:32.780124,0 days 00:00:06.315578,0.7443763338025443,0.9232105164389893,16,0.11723476063988143,0.27916911448466547,0.08700283983620336,0.034512262144419374,0.02314690067953388,0.08033706069956273,2.0949606527460237e-05,9,20,0.006409371461636547,0.18779456202725658,True,True,False,1.5187519130441073e-07,COMPLETE
1823,0.4640557825565338,2025-04-05 08:54:33.376892,2025-04-05 08:54:39.837570,0 days 00:00:06.460678,0.8454785425623077,0.9016722479965774,16,0.09588052628728952,0.23619355797068253,0.08974210730575656,0.02916537138589764,0.030132042769601537,0.08524242894756533,2.5392297662754546e-05,10,23,0.009408099526512965,0.17948519957157735,True,True,False,2.114224894197429e-07,COMPLETE
1824,0.36351068019866944,2025-04-05 08:54:40.433637,2025-04-05 08:54:47.192045,0 days 00:00:06.758408,0.7688487499582278,0.9440204546792421,16,0.10459433730177946,0.27252810695923013,0.08532001502691441,0.027144904290378503,0.026736397411403278,0.07974275083590522,3.1182167509538576e-05,10,23,0.004743842147288298,0.15908512903009783,True,False,False,2.801218747558915e-07,COMPLETE
1825,0.28504276871681217,2025-04-05 08:54:47.818089,2025-04-05 08:54:54.076187,0 days 00:00:06.258098,0.8019161498373971,0.9271594447917118,16,0.1141771502243376,0.2643160028091904,0.09112766196567593,0.024544298963893096,0.02303984660989391,0.08412756618498475,1.2164944908967154e-05,9,19,0.008377632400468626,0.17321532795135017,True,True,True,1.2534288439482412e-07,COMPLETE
1826,0.49516980648040776,2025-04-05 08:54:54.693196,2025-04-05 08:55:01.176702,0 days 00:00:06.483506,0.780662466368306,0.8858251269953652,16,0.1290965690137485,0.2819089618830663,0.08938266567590251,0.03346040579037925,0.029050392529342457,0.08067329666003063,2.312367242095627e-05,10,23,0.0062169102168045404,0.18724021575118238,True,True,False,1.8408005986299954e-07,COMPLETE
1827,0.48324537277221685,2025-04-05 08:55:01.776724,2025-04-05 08:55:08.170741,0 days 00:00:06.394017,0.7902718854352129,0.8842852739450268,16,0.12290161073033863,0.2835509631195874,0.09257836113930036,0.033345628756485376,0.029230629442709544,0.0771180819578605,3.1478305859546314e-05,10,24,0.004260644706512965,0.19217535224570947,True,True,False,2.3105394455883854e-07,COMPLETE
1828,0.48944523334503176,2025-04-05 08:55:08.788824,2025-04-05 08:55:15.106205,0 days 00:00:06.317381,0.8341695388369947,0.8760433019878116,16,0.12798802213130409,0.2818585130892483,0.09034548131963792,0.03407353653663701,0.029766614804014328,0.07923540035187353,2.8760810538375e-05,9,20,0.009155445804041457,0.17023326099238834,True,True,False,2.0383528897913338e-07,COMPLETE
1829,0.479017722606659,2025-04-05 08:55:15.703178,2025-04-05 08:55:22.157777,0 days 00:00:06.454599,0.8145074340563528,0.8848880061600529,16,0.13335831065733691,0.27464389155909613,0.09266444236346048,0.03196133393266554,0.03057591161681449,0.08056733804770627,2.5281746295967953e-05,10,24,0.007111990445073097,0.17923181848107003,True,True,False,3.583514949090262e-07,COMPLETE
1830,0.44916564822196964,2025-04-05 08:55:22.759581,2025-04-05 08:55:29.174078,0 days 00:00:06.414497,0.7832940273826748,0.8969748776427218,16,0.13005073532616757,0.218603624959301,0.0901607940655041,0.032934928664458914,0.03073453008130512,0.07646860350402239,3.4627193891109825e-05,10,17,0.009571744322741604,0.16186725638878824,True,True,False,1.7964068466154568e-07,COMPLETE
1831,0.48264507055282596,2025-04-05 08:55:29.788931,2025-04-05 08:55:36.138031,0 days 00:00:06.349100,0.8171627610083021,0.9072647150467049,16,0.12091956506864525,0.2487015645607325,0.09257322102340138,0.034429934707160034,0.03350432303550193,0.07783612491151616,2.4166126549106784e-05,9,23,0.00629936917983149,0.18181317058795216,True,True,False,2.42208593969869e-07,COMPLETE
1832,0.4793930530548096,2025-04-05 08:55:36.759772,2025-04-05 08:55:43.172831,0 days 00:00:06.413059,0.7975206893786249,0.9556171087016817,16,0.1251400848874458,0.28247404605791127,0.08922444354152355,0.03205418463700742,0.028569423542539583,0.07480054032981438,3.4215218064441115e-05,10,21,0.004889115373068497,0.18729644706345738,True,True,False,1.2939924244930112e-07,COMPLETE
1833,0.4653396189212799,2025-04-05 08:55:43.773064,2025-04-05 08:55:50.164871,0 days 00:00:06.391807,0.7731194253763971,0.9117723186742108,16,0.11921339187961337,0.2593217664925358,0.09109104945094372,0.03488437017689628,0.03288116621043229,0.08081619008860655,2.967601871137305e-05,10,17,0.008516436741186871,0.19194551391991305,True,True,False,1.6231050828150276e-07,COMPLETE
1834,0.48252120018005373,2025-04-05 08:55:50.766961,2025-04-05 08:55:57.154223,0 days 00:00:06.387262,0.8088158752090124,0.8825126149486099,16,0.11412194269922839,0.27427649535187043,0.08912119160205619,0.035555932879997865,0.02857826445694646,0.07877627437763293,3.542141243212238e-05,10,23,0.010243739313060028,0.1734965247594977,True,True,False,2.8237598821268475e-07,COMPLETE
1835,0.49134391546249395,2025-04-05 08:55:57.776541,2025-04-05 08:56:04.099862,0 days 00:00:06.323321,0.7735095764089418,0.8994162734216753,16,0.13171567337142878,0.2669848871024875,0.09263222631997156,0.02920731692319796,0.030896503468356592,0.08105081707463548,1.6528073481776946e-05,9,20,0.006896987748805341,0.19079356467309347,True,True,False,1.2146269780704846e-07,COMPLETE
1836,0.4922908425331116,2025-04-05 08:56:04.694626,2025-04-05 08:56:10.985358,0 days 00:00:06.290732,0.7438071900809203,0.95340498129368,16,0.13067227972015166,0.2833688443651329,0.08703608360615746,0.031239478139526773,0.03165238744591731,0.07360839521802262,2.3892723666079437e-05,9,24,0.0043596514243526814,0.18104421146378216,True,True,False,1.974504275927307e-07,COMPLETE
1837,0.4180750906467438,2025-04-05 08:56:11.598659,2025-04-05 08:56:17.963434,0 days 00:00:06.364775,0.8296198754395545,0.9204456909487597,16,0.12652751691168304,0.27746970946253735,0.015621511721074718,0.03264908862181219,0.017972793337600504,0.07559235806894579,1.960050725182884e-05,10,20,0.009984838135929687,0.1680416906241668,True,True,False,1.6247933242227212e-07,COMPLETE
1838,0.35251997709274296,2025-04-05 08:56:18.588023,2025-04-05 08:56:29.947403,0 days 00:00:11.359380,0.8533339439679731,0.9317575383361437,2,0.118331678932081,0.2737059399300655,0.09083233092260726,0.03463450640049998,0.0339116358976713,0.07809389073889803,2.777424339408374e-05,10,24,0.007414542333051805,0.19717387474019665,True,True,False,4.127804819726869e-07,COMPLETE
1839,0.4386419355869293,2025-04-05 08:56:30.552848,2025-04-05 08:56:36.987667,0 days 00:00:06.434819,0.7927410676622535,0.9572056915113195,16,0.13421393824203534,0.28471353339102246,0.08876717986674848,0.03020248478799685,0.01993766082564121,0.08287106320349871,3.652044323651384e-05,10,17,0.00881516125457896,0.15363186438024654,True,True,False,1.260580915382929e-07,COMPLETE
1840,0.48836373090744023,2025-04-05 08:56:37.612061,2025-04-05 08:56:43.942423,0 days 00:00:06.330362,0.7594482047236052,0.9139271704012125,16,0.1105139417574513,0.26706086562833925,0.09299870692247696,0.03624102080064856,0.02818162379679183,0.0792255212866314,2.908428188747649e-05,9,23,0.010428867123721888,0.14625189962860724,True,True,False,2.204168393419022e-07,COMPLETE
1841,0.48425457477569583,2025-04-05 08:56:44.540192,2025-04-05 08:56:50.946742,0 days 00:00:06.406550,0.7822232410750856,0.8801135290397059,16,0.11937976278776709,0.2567353592925642,0.09086154327666786,0.027818037109891416,0.0341078863212553,0.07691838041521383,2.4262284253135003e-05,10,20,0.004978898807910903,0.17765314393439807,True,True,False,1.0786325552908878e-07,COMPLETE
1842,0.4355206608772278,2025-04-05 08:56:51.571852,2025-04-05 08:56:57.983625,0 days 00:00:06.411773,0.8963678639823607,0.9404662036458546,16,0.13266220141955595,0.28312622180830915,0.08654561831582588,0.03395656868105348,0.032101640481172894,0.07363109264134944,3.2943021178550666e-05,10,23,0.007713473830723552,0.16153287513368064,True,True,False,1.4978267005375748e-07,COMPLETE
1843,0.4726025879383087,2025-04-05 08:56:58.586867,2025-04-05 08:57:04.954438,0 days 00:00:06.367571,0.8109154483029902,0.9021102807139232,16,0.1251840345796989,0.2760170148790062,0.08881763560548238,0.03164156770649726,0.030691953034362392,0.07555148930980934,3.84691760424698e-05,9,24,0.011010249217277486,0.17459294832940805,True,True,False,1.7307896239741476e-07,COMPLETE
1844,0.36351068019866944,2025-04-05 08:57:05.579625,2025-04-05 08:57:12.379834,0 days 00:00:06.800209,0.8349199246463274,0.9618550183035479,16,0.10782714429423454,0.26238206373316686,0.09275260452766941,0.03656507010886722,0.025955010287031354,0.08118095070641561,2.1933319116475796e-05,10,17,0.006415263019353852,0.1938277081136169,True,False,False,1.1960687378941336e-07,COMPLETE
1845,0.48513616323471076,2025-04-05 08:57:12.982293,2025-04-05 08:57:19.472171,0 days 00:00:06.489878,0.7671074916126509,0.9327473208177218,16,0.13759523765310935,0.28259588774899363,0.09092874165953498,0.028864214744700988,0.03399011105240432,0.08745042136925203,1.7946473774498946e-05,11,20,0.008707805679214312,0.18734260934054975,True,True,False,2.9108766541685143e-07,COMPLETE
1846,0.34853063225746156,2025-04-05 08:57:20.097970,2025-04-05 08:57:28.022611,0 days 00:00:07.924641,0.7906841978158073,0.9199674686049162,16,0.11262160164448358,0.27063335839524677,0.08458195460601285,0.033652870838987034,0.02896953612269212,0.07865716124857502,2.7805370580298184e-05,26,25,0.004174538142714787,0.18245903751068623,True,True,False,1.873098036296666e-07,COMPLETE
1847,0.28504276871681217,2025-04-05 08:57:28.621614,2025-04-05 08:57:35.019676,0 days 00:00:06.398062,0.7410984950462158,0.8974343561175157,16,0.1241957848834388,0.16157030501850017,0.08887276183100472,0.03615819629659931,0.032422795926023346,0.07367907040430435,3.754765699995742e-05,10,21,0.011180611925303705,0.16654738338075173,True,True,True,1.4841288641477226e-07,COMPLETE
1848,0.4018584430217743,2025-04-05 08:57:35.638866,2025-04-05 08:57:42.129020,0 days 00:00:06.490154,0.8796761908615889,0.9458975407299494,16,0.11713891150380447,0.2873421799192559,0.0869871124183682,0.02990342450400704,0.030039039657384272,0.08522854670731955,3.212269190755828e-05,11,24,0.006656012139524013,0.1971778824173888,True,True,False,2.3495797681327275e-07,COMPLETE
1849,0.4946405172348023,2025-04-05 08:57:42.759760,2025-04-05 08:57:49.059165,0 days 00:00:06.299405,0.803047695520546,0.9614877925060792,16,0.12500057391448985,0.2778727552124297,0.0912859970546771,0.031825224338898006,0.027289121813490257,0.07615883366087402,2.2716018394562207e-05,9,17,0.008915174371835208,0.17096927536533765,True,True,False,1.1680887332308534e-07,COMPLETE
1850,0.28504276871681217,2025-04-05 08:57:49.662285,2025-04-05 08:57:56.374504,0 days 00:00:06.712219,0.7822839346212063,0.8757377291398123,16,0.13294982295850397,0.13593587985895877,0.09254033684692849,0.03708185533265574,0.034405914683110335,0.08260353545652471,4.9211766318930994e-05,11,60,0.004642838733315556,0.1852754666795857,True,True,False,1.0454345922879735e-07,COMPLETE
1851,0.4785802721977234,2025-04-05 08:57:57.002818,2025-04-05 08:58:03.437866,0 days 00:00:06.435048,0.7643372673435149,0.9162410719488171,16,0.10688285960184123,0.28599756410618415,0.08950761036807671,0.028601207070285017,0.031369733513222926,0.08029146435675527,2.7744336692500026e-05,10,25,0.010457953751487191,0.18935978065968295,True,True,False,1.4302218727092744e-07,COMPLETE
1852,0.4685291111469269,2025-04-05 08:58:04.043098,2025-04-05 08:58:10.423221,0 days 00:00:06.380123,0.8186128429508239,0.9354707654752836,16,0.12855326613596063,0.26692303133999923,0.08721851519310647,0.03367967454912476,0.03388655137936446,0.0778870907469888,3.6614540011743335e-05,10,20,0.007939920815071203,0.17732503119340734,True,True,False,1.9570151227674715e-07,COMPLETE
1853,0.28504276871681217,2025-04-05 08:58:11.049688,2025-04-05 08:58:19.057159,0 days 00:00:08.007471,0.7615131949144892,0.8941360240575839,16,0.1381647004153282,0.27838592298219567,0.09259691735803179,0.03538159883792451,0.026571789039447936,0.07356337189288727,1.9212346201956346e-05,22,85,0.006528373005895895,0.19222764193755815,True,True,False,1.3756862410381897e-07,COMPLETE
1854,0.4766832828521729,2025-04-05 08:58:19.659297,2025-04-05 08:58:26.164695,0 days 00:00:06.505398,0.801181508412617,0.9660000799056577,16,0.11489774559000451,0.2514372957498665,0.09015363675854227,0.03206503731880152,0.024628854555400856,0.08426679963334865,1.2861281111483698e-05,11,23,0.00949770479324559,0.15751841798604788,True,True,False,1.6675560901570412e-07,COMPLETE
1855,0.49265841245651243,2025-04-05 08:58:26.792830,2025-04-05 08:58:33.205797,0 days 00:00:06.412967,0.7392558435008013,0.9443230734691318,16,0.12101935666110364,0.2717780294047112,0.08472448007419518,0.03783422019588579,0.029426187763897303,0.08120788308218604,2.582416641778533e-05,9,25,0.01159080719627862,0.19866793455145537,True,True,False,1.0561779143465808e-07,COMPLETE
1856,0.28504276871681217,2025-04-05 08:58:33.810983,2025-04-05 08:58:45.248519,0 days 00:00:11.437536,0.856196601251344,0.9175891505282476,2,0.1368882664645612,0.28348321609835253,0.08852849629624986,0.02744175963006549,0.03515646461612467,0.07560668837076527,4.3138554153576846e-05,10,50,0.005866980849959144,0.165797429348376,True,True,False,2.5649823790102776e-07,COMPLETE
1857,0.4769220590591431,2025-04-05 08:58:45.874538,2025-04-05 08:58:52.344555,0 days 00:00:06.470017,0.7788277154826726,0.9363987096282773,16,0.10238454313553307,0.2882016396629435,0.0926481148144497,0.030123409234900485,0.03162901059021789,0.07834275273857022,3.169644760513276e-05,11,20,0.008456449564971767,0.17369935383375462,True,True,False,1.3717381293199405e-07,COMPLETE
1858,0.5022442936897278,2025-04-05 08:58:52.975220,2025-04-05 08:58:59.407852,0 days 00:00:06.432632,0.8228074861468483,0.8920818694821169,16,0.12809919309377607,0.26135007461675835,0.08639027179662008,0.03318181705497019,0.033910797606722894,0.08003287637191664,3.727096014422455e-05,10,22,0.0046457718190050035,0.18229236055840206,True,True,False,1.9886563852563245e-07,COMPLETE
1859,0.28504276871681217,2025-04-05 08:59:00.018006,2025-04-05 08:59:06.494619,0 days 00:00:06.476613,0.8351398688738458,0.8806195120071054,16,0.13601762350696406,0.24114087755142558,0.08540712804622949,0.03127776340695348,0.028446379669508286,0.08249987045911839,2.2317935990642218e-05,9,74,0.003747100834252814,0.19799227176467316,True,True,False,2.710592051795671e-07,COMPLETE
1860,0.48333071470260625,2025-04-05 08:59:07.121779,2025-04-05 08:59:13.435936,0 days 00:00:06.314157,0.8360819359923493,0.8743412646561802,16,0.1121067672137919,0.2566387508623518,0.08495612731003965,0.03411299111675485,0.034957997230355274,0.07986166246456024,2.8426651895079535e-05,9,17,0.003972333700797237,0.1803371575990063,True,True,False,2.1520850310633422e-07,COMPLETE
1861,0.46890333294868475,2025-04-05 08:59:14.045297,2025-04-05 08:59:20.345915,0 days 00:00:06.300618,0.8760588174996279,0.8855098897155053,16,0.12124000942302478,0.25140949372773225,0.08435200583959702,0.031449595791172485,0.03282127985864906,0.08257816991009875,1.6586760646386708e-05,9,24,0.003825027610465415,0.18983704905351245,True,True,False,3.3154074916145574e-07,COMPLETE
1862,0.36351068019866944,2025-04-05 08:59:20.950059,2025-04-05 08:59:27.811896,0 days 00:00:06.861837,0.848766568913244,0.8985883577972792,16,0.1398577406971767,0.2623965063785968,0.08622339743583958,0.032981661363747805,0.03026874470873031,0.08075317877899105,3.632747303588773e-05,10,25,0.004162298480449278,0.1624744454793621,True,False,False,3.673275749953791e-07,COMPLETE
1863,0.28504276871681217,2025-04-05 08:59:28.432454,2025-04-05 08:59:34.743660,0 days 00:00:06.311206,0.8148451594766921,0.8977948797569464,16,0.1295614545076823,0.25755211436723285,0.03766741528296749,0.03563081982614711,0.025444376434209517,0.08629589049468708,2.6593923573831106e-05,10,19,0.004297380940893523,0.2009860870476748,True,True,True,2.330140738707757e-07,COMPLETE
1864,0.49434978961944587,2025-04-05 08:59:35.375092,2025-04-05 08:59:41.656980,0 days 00:00:06.281888,0.8211690662368807,0.874867715090182,16,0.10900663138112207,0.2618975904883809,0.08427388947766924,0.02897730272545921,0.027307024630003424,0.0850860244463933,3.3554175799580484e-05,9,22,0.005138181705993351,0.19426779627875776,True,True,False,1.766807317920298e-07,COMPLETE
