number,value,datetime_start,datetime_complete,duration,params_alpha-eval,params_alpha-train,params_batch-size,params_eps-eval,params_eps-train,params_lambda-actions-eval,params_lambda-actions-train,params_lambda-frames-eval,params_lambda-frames-train,params_learning-rate,params_n-epochs,params_n-frames,params_radius-gw,params_rho,params_std-feats,params_ub-actions,params_ub-frames,params_weight-decay,state
961,0.3879334449768067,2025-04-05 07:09:27.650687,2025-04-05 07:09:34.459538,0 days 00:00:06.808851,0.5310924550800378,0.6523477296738787,16,0.021347463208014675,0.07848621276703058,0.08259247748269367,0.07401853115820091,0.07591183537807733,0.032104464291387594,8.939391250529648e-05,11,17,0.019211116827991526,0.28225798741354996,False,False,False,1.0032632238039482e-08,COMPLETE
962,0.48291413784027104,2025-04-05 07:09:34.779445,2025-04-05 07:09:41.077422,0 days 00:00:06.297977,0.5003006469027312,0.697841910873779,16,0.011502768673175814,0.05186921797581328,0.08874906398492043,0.07103562742587986,0.07265234303188138,0.035118236711511173,0.000219868635749234,10,22,0.01015447057987623,0.29069304810180524,False,True,False,1.5735014059451604e-08,COMPLETE
963,0.3357832252979279,2025-04-05 07:09:41.405320,2025-04-05 07:09:47.815426,0 days 00:00:06.410106,0.5486163726906702,0.6287601176083288,16,0.03238162518322691,0.05910890077538751,0.07564971675428665,0.08129388115159578,0.07073441746516262,0.03343546637926933,0.00034226201905301597,9,74,0.01588534788338967,0.27658163430086874,False,True,True,2.301984647394034e-08,COMPLETE
964,0.3699923753738404,2025-04-05 07:09:48.116679,2025-04-05 07:09:54.404466,0 days 00:00:06.287787,0.6465516908674415,0.7150447223692783,16,0.005159245030791956,0.13116467344808122,0.0915833723067037,0.07683386052770738,0.06523006832371059,0.030529164798071304,0.0001484979729757418,10,13,0.021331971511091636,0.2946954875760108,False,True,False,1.7656013783309994e-08,COMPLETE
965,0.2853476464748383,2025-04-05 07:09:54.722106,2025-04-05 07:10:02.780363,0 days 00:00:08.058257,0.6101105838720269,0.2741639023642941,16,0.01712947327733482,0.06745284851887891,0.08031595008084474,0.0861382792940576,0.06764307962812718,0.037426600958139454,5.868178943965589e-05,27,81,0.012924543539313993,0.28565703629487443,False,True,False,1.2078543633026705e-08,COMPLETE
966,0.377747392654419,2025-04-05 07:10:03.097574,2025-04-05 07:10:09.452197,0 days 00:00:06.354623,0.517204364462388,0.7530848213487427,16,0.025436470287380192,0.042267578569434444,0.09556041298525005,0.08945359496705801,0.06204173328350662,0.028026749698597777,0.00027073066943249073,11,11,0.017865310125364915,0.29432285265190516,False,True,False,1.4050689625386054e-08,COMPLETE
967,0.4508589029312134,2025-04-05 07:10:09.776068,2025-04-05 07:10:15.964492,0 days 00:00:06.188424,0.5496930692392825,0.965781588556081,16,0.17751414617515593,0.07577722212352864,0.01389670659318374,0.0833724522981894,0.06892252858038701,0.034998558626289526,0.00013253957270981546,9,26,0.023580934646161775,0.2818157946421264,False,True,False,1.879591484668969e-08,COMPLETE
968,0.29290643334388733,2025-04-05 07:10:16.285263,2025-04-05 07:10:22.637280,0 days 00:00:06.352017,0.5842607123981564,0.6836766107489933,16,0.09921968951908894,0.0542134575558432,0.08588224069400437,0.058720748560705256,0.06415007805459405,0.025631380550185295,0.0001829733132084293,12,19,0.020405515064008707,0.2876909432234042,False,True,False,1.2840351748613837e-08,COMPLETE
969,0.4666781842708588,2025-04-05 07:10:22.943722,2025-04-05 07:10:29.063281,0 days 00:00:06.119559,0.6856190414793457,0.6571349940275125,16,0.011171028387721924,0.06203779188384349,0.08300917554263249,0.08000305927691358,0.07791289792654864,0.03216794433454509,0.00010819504054759579,8,15,0.01696327912362751,0.2770273808755145,False,True,False,2.6101664132983504e-08,COMPLETE
970,0.28954392671585083,2025-04-05 07:10:29.380225,2025-04-05 07:10:35.685205,0 days 00:00:06.304980,0.5305660845069832,0.7069016734816311,16,0.03710694225138625,0.0711205360142933,0.0740367853310402,0.09564105002022923,0.06665869792864142,0.03941576772044197,0.00023764507513820415,10,21,0.021982237680529045,0.1511036801602669,False,True,False,1.0032294486901165e-08,COMPLETE
971,0.28504276871681217,2025-04-05 07:10:36.008582,2025-04-05 07:10:46.216040,0 days 00:00:10.207458,0.6328357268831512,0.5989695105899636,2,0.020004464949891932,0.04935761391749979,0.07765509013799073,0.08756023133256914,0.07373223167331032,0.031124421948793807,0.0001714064449917953,8,55,0.01918833900881166,0.18207387984332685,False,True,False,1.7533317078833602e-08,COMPLETE
972,0.34772815704345705,2025-04-05 07:10:46.539339,2025-04-05 07:10:52.758372,0 days 00:00:06.219033,0.507637218022548,0.6388846621549296,16,0.00478345028357409,0.08329475739955693,0.08808327947242256,0.08999308906263463,0.08209064271132832,0.028570369255700265,9.511121388113662e-05,9,10,0.013885664355426,0.2906629647026101,True,True,False,1.3630565602652042e-08,COMPLETE
973,0.4414276540279389,2025-04-05 07:10:53.080613,2025-04-05 07:10:59.500576,0 days 00:00:06.419963,0.5675973109856112,0.7329606373796214,16,0.02570014968712521,0.05871898918480922,0.08148298822218226,0.0751408543627165,0.0712814068667946,0.03714518619147492,0.00013099716188381077,11,17,0.024542998677141447,0.29545858704848055,False,True,False,2.2222946562719624e-08,COMPLETE
974,0.3549698889255524,2025-04-05 07:10:59.811302,2025-04-05 07:11:06.113341,0 days 00:00:06.302039,0.5903015638062612,0.6756019739317354,16,0.010049884655012473,0.066167125632249,0.08537259295184918,0.0852294883085705,0.06502391512413419,0.03393358151874191,4.518461409614026e-05,10,24,0.015523613741061001,0.2679550209130915,False,True,False,1.450970077449694e-08,COMPLETE
975,0.2845392107963562,2025-04-05 07:11:06.431833,2025-04-05 07:11:12.732671,0 days 00:00:06.300838,0.5385790895427364,0.6931454586689969,16,0.031204668978681693,0.05512835208201011,0.07937034381988839,0.08240876573664328,0.0693277678944078,0.02933890232477325,6.988856296551312e-05,9,89,0.019067646350091397,0.2997959270864759,False,True,False,1.2254427622726158e-08,COMPLETE
976,0.4683352112770081,2025-04-05 07:11:13.055350,2025-04-05 07:11:20.869342,0 days 00:00:07.813992,0.6185956098151779,0.6620030454096956,16,0.01676703923256752,0.0734066342378621,0.09043511547808122,0.07847461878027602,0.06721207671659725,0.03543303489392291,0.00021140307143260588,28,13,0.02258612557689965,0.2863045203886048,False,True,False,2.9488204180498835e-08,COMPLETE
977,0.29979999661445617,2025-04-05 07:11:21.190461,2025-04-05 07:11:27.449715,0 days 00:00:06.259254,0.5011666363901989,0.6223301673821195,16,0.022883306292314224,0.06303439646030552,0.08389669874576895,0.09122262296821362,0.06240030260124437,0.03186772761427731,0.00028657723765339473,10,29,0.017452727499563347,0.29987477863388246,False,True,False,1.741771821430533e-08,COMPLETE
978,0.32593722939491276,2025-04-05 07:11:27.774296,2025-04-05 07:11:33.772058,0 days 00:00:05.997762,0.7934008824689704,0.7161329029545577,16,0.04235425614257487,0.04685327062183307,0.07655718130025471,0.0866348596873558,0.07065719699999992,0.04027332510822337,0.00016261314578712923,8,9,0.020504827617326138,0.28033752478376256,False,True,False,2.1431030580601918e-08,COMPLETE
979,0.4047629296779633,2025-04-05 07:11:34.081847,2025-04-05 07:11:40.540089,0 days 00:00:06.458242,0.5617625197677704,0.6438469861146907,16,0.005217780919726186,0.0691297386585216,0.08700842205914303,0.06501739807378375,0.0657902115437048,0.03772757536180761,0.02093175345298348,9,18,0.01545729261419449,0.2901988505493084,False,False,False,1.2277080007087032e-08,COMPLETE
980,0.47165657281875617,2025-04-05 07:11:40.860739,2025-04-05 07:11:47.262733,0 days 00:00:06.401994,0.5214595283665553,0.6909044689994186,16,0.014535025218133605,0.05864345777374326,0.08102239385613536,0.08389823294544915,0.07572451945840222,0.02606686240038945,0.00011509098651857062,11,22,0.024365043424204286,0.2749309623415668,False,True,False,1.008165927760061e-08,COMPLETE
981,0.4131857752799988,2025-04-05 07:11:47.583905,2025-04-05 07:11:53.877514,0 days 00:00:06.293609,0.659845699046279,0.43543355025311375,16,0.010295514161346506,0.0763123242067593,0.0723066354689345,0.0880012961841237,0.0684855982530585,0.034063821923542535,0.00019593267997215484,10,14,0.021967674331631874,0.2833962602704967,False,True,False,1.5789890959756207e-08,COMPLETE
982,0.28504276871681217,2025-04-05 07:11:54.204462,2025-04-05 07:12:00.316272,0 days 00:00:06.111810,0.6043626924976224,0.7344537759263718,16,0.027744338681330763,0.053106855657093346,0.08347488208103895,0.08092383445847305,0.07291580659297142,0.029939651692563855,0.00014623544432507487,8,20,0.019053926808141042,0.29421462708929336,False,True,True,2.496359701407462e-08,COMPLETE
983,0.473646229505539,2025-04-05 07:12:00.638884,2025-04-05 07:12:07.088918,0 days 00:00:06.450034,0.5419453692253831,0.6791361651172328,16,0.018019717042296702,0.06422661196463492,0.07831215032196132,0.07720356815344882,0.061843265954996014,0.032222542200055604,8.216450566677231e-05,12,9,0.012988492320658669,0.2899837533435634,False,True,False,1.8023288434122098e-08,COMPLETE
984,0.33103712201118474,2025-04-05 07:12:07.419296,2025-04-05 07:12:13.637478,0 days 00:00:06.218182,0.5752966158986693,0.6668920014235864,16,0.035874483446964964,0.08232209033798232,0.075416877911415,0.0974589267607063,0.06708855695770677,0.03598325942794137,0.0002368517041523276,9,16,0.01741937086149919,0.2853546752629423,False,True,False,1.2599362996597567e-08,COMPLETE
985,0.37592965364456177,2025-04-05 07:12:13.947244,2025-04-05 07:12:20.263549,0 days 00:00:06.316305,0.5007371271351846,0.7563444503781859,16,0.004664065462134215,0.06854349496545141,0.08548590609857597,0.091769106866684,0.06411523188569859,0.027872150170977442,0.00010681607288121128,10,12,0.021314746970544363,0.29531841381432095,False,True,False,2.0153335625237192e-05,COMPLETE
986,0.45727796554565436,2025-04-05 07:12:20.584353,2025-04-05 07:12:26.769128,0 days 00:00:06.184775,0.5263091665536226,0.7078948928348385,16,0.022695395997814935,0.0586158375167997,0.08034316179073955,0.08519546483235142,0.06995273132147886,0.033356424465146806,0.00013554342961958946,9,24,0.019794888768241804,0.29996296061206906,False,True,False,1.548285464101186e-08,COMPLETE
987,0.3634281039237976,2025-04-05 07:12:27.093270,2025-04-05 07:12:33.470245,0 days 00:00:06.376975,0.5579368734656119,0.6048505658881221,16,0.010504486478175553,0.04224279638521752,0.09379975463564232,0.06762875740415242,0.07184798441378193,0.03842482143918108,0.00018779803172134528,11,38,0.023626481718189738,0.2749366922591619,False,True,False,1.0003958393096799e-08,COMPLETE
988,0.3500257670879364,2025-04-05 07:12:33.798760,2025-04-05 07:12:40.106411,0 days 00:00:06.307651,0.7158685198662732,0.6462668472533424,16,0.015843180791792318,0.05055577876181797,0.07049093148506241,0.08228529309962238,0.06625850907133282,0.030468760041173992,0.00015886910873266245,10,18,0.014918467161184085,0.29005729543348774,False,True,False,2.07116477890895e-08,COMPLETE
989,0.4116695821285248,2025-04-05 07:12:40.433788,2025-04-05 07:12:50.604095,0 days 00:00:10.170307,0.6261241837981942,0.686096684916851,2,0.031161323835121376,0.06280442988513801,0.08810496253985325,0.08925361100229051,0.07434922035405493,0.03566331209370403,8.938902389001569e-05,8,14,0.011812358280643387,0.28068604213117415,False,True,False,1.4465597770467554e-08,COMPLETE
990,0.3463543295860291,2025-04-05 07:12:50.917770,2025-04-05 07:12:57.175477,0 days 00:00:06.257707,0.6975759612531451,0.6290833250199053,16,0.021882316094878035,0.07245523494329464,0.08207504354742505,0.07266044772836952,0.06860232412167007,0.02761388960476685,0.0003458742391074569,9,27,0.017931307094773887,0.2695776158943344,False,True,False,2.730101433466016e-08,COMPLETE
991,0.3465931534767151,2025-04-05 07:12:57.502082,2025-04-05 07:13:03.973907,0 days 00:00:06.471825,0.5875557359950493,0.7280974650106378,16,0.00041014746657845364,0.05578665101597015,0.08426361663592614,0.07929215714254509,0.07943569547500759,0.03276739726029029,0.00021526440654439505,11,21,0.024892549135858682,0.2849095332381519,True,True,False,1.2396853907775382e-08,COMPLETE
992,0.2982529401779175,2025-04-05 07:13:04.299940,2025-04-05 07:13:10.973699,0 days 00:00:06.673759,0.5468040409287682,0.6653125986419053,16,0.011127130357575388,0.062301634031151576,0.07385996916842291,0.09357330153867058,0.06415702523361361,0.03025316761862507,0.00012302853824160462,12,98,0.00939423402619892,0.29452265203708217,False,True,False,1.8074156600102376e-08,COMPLETE
993,0.4123428821563721,2025-04-05 07:13:11.300152,2025-04-05 07:13:17.559993,0 days 00:00:06.259841,0.49949251633579606,0.7060876602449001,16,0.026705086613161108,0.0685497456656979,0.07759277120806765,0.07540891058725817,0.06089693833433326,0.02539455072092138,5.387597709725469e-05,10,9,0.02058947820996914,0.2903055826568062,False,True,False,1.209402054741258e-08,COMPLETE
994,0.4587517619132996,2025-04-05 07:13:17.892543,2025-04-05 07:13:24.078576,0 days 00:00:06.186033,0.6699458728401078,0.6528791255093815,16,0.004908566132836911,0.07862256264263164,0.08649648257073937,0.0861926527384105,0.07090636282987331,0.03991712015004328,0.0002569719412322797,9,16,0.016534930759595876,0.28110377571000067,False,True,False,2.9450069106533102e-08,COMPLETE
995,0.4833892703056336,2025-04-05 07:13:24.408175,2025-04-05 07:13:30.516576,0 days 00:00:06.108401,0.5210364853963592,0.693184096646421,16,0.047677825512596445,0.049835617794958986,0.08236781187854586,0.08816771944900934,0.06804398774642506,0.034494065652051716,0.00017217113897822033,8,12,0.022340670876920477,0.29491759631583,False,True,False,2.1697667696434757e-08,COMPLETE
996,0.28504276871681217,2025-04-05 07:13:30.836322,2025-04-05 07:13:36.898890,0 days 00:00:06.062568,0.5089799645906271,0.6180428189712782,16,0.21448139535913036,0.04824519821311984,0.08949839471142061,0.09001997837559789,0.0728801479970089,0.0367782026475837,0.00019502202665531437,8,19,0.02403294509758622,0.2939365180647147,False,True,False,2.3936356868780367e-08,COMPLETE
997,0.46328138113021855,2025-04-05 07:13:37.224922,2025-04-05 07:13:43.375380,0 days 00:00:06.150458,0.4925820812389895,0.67796500272539,16,0.03922198659038101,0.04240039493341475,0.08468620478191545,0.09139479449609315,0.06924189798470554,0.03156949363856163,0.0002750954426148302,8,16,0.025576031071209118,0.2855366612989136,False,True,False,2.1269786998933032e-08,COMPLETE
998,0.35225710868835447,2025-04-05 07:13:43.704989,2025-04-05 07:13:49.864179,0 days 00:00:06.159190,0.5171313830612674,0.716511944013023,16,0.040606132105949294,0.042352003667660676,0.08258671542185124,0.09461415056312292,0.07039995176904235,0.03440049641567688,0.00017209865220193675,8,22,0.022785159364423824,0.29964195365276464,False,True,False,2.856055211782159e-08,COMPLETE
999,0.33048710823059085,2025-04-05 07:13:50.194411,2025-04-05 07:13:56.261585,0 days 00:00:06.067174,0.49474782255941646,0.7430877118781587,16,0.049781558039505,0.048341000510020896,0.08738397603982313,0.08984082003897668,0.06814269156237315,0.028684703116358373,0.00021766849808556814,8,12,0.02259990061643825,0.27615179722316646,False,True,False,3.133298482017288e-08,COMPLETE
1000,0.3781672716140747,2025-04-05 07:13:56.593897,2025-04-05 07:14:02.753132,0 days 00:00:06.159235,0.6463700355864358,0.6429286005159547,16,0.04934954543367087,0.04590173182302845,0.08440689952498628,0.08838020374874551,0.07700015562356403,0.03340699871669102,7.295538712461784e-05,8,48,0.025026402994539947,0.289014114435211,False,False,True,2.34772435293967e-08,COMPLETE
1001,0.40876019001007086,2025-04-05 07:14:03.090506,2025-04-05 07:14:09.187809,0 days 00:00:06.097303,0.5253229357898215,0.6962759494977294,16,0.04173191035083136,0.05251500638895351,0.08201595556766544,0.09171924812040198,0.07168482654247871,0.037748593144590704,0.0003156071201675587,8,18,0.021480077151143022,0.262714106177465,False,True,False,2.1312711270596786e-08,COMPLETE
1002,0.4562285363674164,2025-04-05 07:14:09.504383,2025-04-05 07:14:15.625657,0 days 00:00:06.121274,0.5184701438009632,0.6661127269916444,16,0.03447138452686781,0.03938945638110289,0.08579087030380236,0.08767523056248752,0.07525603591304608,0.031089882068863258,0.00013793979877566647,8,25,0.019123033396711932,0.2944889037355153,False,True,False,2.987182284342586e-08,COMPLETE
1003,0.4794052839279175,2025-04-05 07:14:15.956214,2025-04-05 07:14:21.955471,0 days 00:00:05.999257,0.14411062659767832,0.6061826036020077,16,0.0502693618664274,0.05490408711959109,0.08905959425530442,0.09336120555580515,0.06749200230993592,0.026972947586831008,9.856304936846568e-05,7,14,0.01402542540813273,0.2860116177621949,False,True,False,2.0298960718866005e-06,COMPLETE
1004,0.28504276871681217,2025-04-05 07:14:22.287451,2025-04-05 07:14:28.416491,0 days 00:00:06.129040,0.7554942705988836,0.6891292024651913,16,0.03643005050166304,0.04744385913956016,0.09090883596075723,0.08854819357504908,0.07308943999764701,0.02958687481729825,0.00016932568481402575,9,32,0.022795228264851905,0.272161213166404,False,True,False,1.777412604394287e-08,COMPLETE
1005,0.3586592674255371,2025-04-05 07:14:28.748393,2025-04-05 07:14:34.956794,0 days 00:00:06.208401,0.5412830709358453,0.6324593346923182,16,0.03237258317354174,0.05561409968145752,0.07947507271698895,0.0869141100640272,0.06964655477652333,0.03566663111180073,0.00012045059518350887,8,43,0.006642530422617771,0.29998571720237477,False,True,False,3.280024501483097e-08,COMPLETE
1006,0.28504276871681217,2025-04-05 07:14:35.293082,2025-04-05 07:14:41.422345,0 days 00:00:06.129263,0.4962013300271623,0.7247835228200668,16,0.04358961892839569,0.05031725058435495,0.08330112894835508,0.07670589669136284,0.06679786497537223,0.040299807849544705,0.00022180775433257218,9,20,0.01667866094693081,0.11301163193371569,False,True,False,2.4098473264069764e-08,COMPLETE
1007,0.2902871310710907,2025-04-05 07:14:41.756929,2025-04-05 07:14:47.976033,0 days 00:00:06.219104,0.59905761596942,0.6687597352819535,16,0.03840206442367705,0.05850360991457589,0.08675449452225663,0.0707266172273747,0.06801782821619466,0.03240053469634571,0.00018801800128551957,9,16,0.02657848540659862,0.2817110964142821,False,True,False,1.6936528471123064e-08,COMPLETE
1008,0.3465038537979126,2025-04-05 07:14:48.293782,2025-04-05 07:14:54.410200,0 days 00:00:06.116418,0.6284566709648105,0.7587501169849776,16,0.03266725514520476,0.05438649345431368,0.09218537287329459,0.09002070718323903,0.07050171895277277,0.02546246981541766,0.0002572944478804221,8,23,0.018482622148022227,0.2907280771711869,False,True,False,2.024326627337536e-08,COMPLETE
1009,0.43096558451652534,2025-04-05 07:14:54.743364,2025-04-05 07:15:04.402269,0 days 00:00:09.658905,0.680826171977783,0.6522263320207237,2,0.047033020747195106,0.05945990598621308,0.08148188331365334,0.09228392000424591,0.06526566462116866,0.034552648067994844,0.0001431449338766256,7,12,0.020849279566208957,0.29988513903031977,False,True,False,1.5638931408515593e-08,COMPLETE
1010,0.37860057950019843,2025-04-05 07:15:04.737916,2025-04-05 07:15:10.975999,0 days 00:00:06.238083,0.5249461038220442,0.7061506077079389,16,0.028825432521114934,0.10560974173768102,0.07600998066558796,0.07484276074381523,0.07452830203037125,0.03794399819733676,0.00010848753101468172,9,19,0.015259946424028397,0.2788114924733669,True,True,False,2.4981176343139913e-08,COMPLETE
1011,0.34776993393898015,2025-04-05 07:15:11.308169,2025-04-05 07:15:17.552600,0 days 00:00:06.244431,0.6485394204247465,0.6852708321331858,16,0.030579328307889047,0.04230068676179664,0.07287060395334143,0.09718439188097992,0.06291703645468158,0.029395748213254892,6.238899115401827e-05,9,28,0.023115887637508374,0.2912392860484895,False,True,False,1.914754376908962e-08,COMPLETE
1012,0.3606210112571716,2025-04-05 07:15:17.888086,2025-04-05 07:15:24.028367,0 days 00:00:06.140281,0.5657083646979952,0.5961243353932945,16,0.044243179290443246,0.04830937281777146,0.08371484239101143,0.08680398241188104,0.06865849306885363,0.03237759597539093,0.00016289477581506726,8,16,0.011930929687051513,0.285896627859304,False,True,False,3.5521569558840083e-06,COMPLETE
1013,0.46995493769645696,2025-04-05 07:15:24.368472,2025-04-05 07:15:30.395466,0 days 00:00:06.026994,0.4954963100303552,0.6320708987887163,16,0.03655537939562559,0.06140789491709765,0.07958503636134968,0.08023009064817781,0.07206395610470802,0.03619382492510961,8.381464233834048e-05,7,12,0.025021186724399177,0.2942843958330801,False,True,False,3.2236375383226685e-08,COMPLETE
1014,0.4839395999908448,2025-04-05 07:15:30.720644,2025-04-05 07:15:36.875160,0 days 00:00:06.154516,0.5413521921864027,0.7358761665248037,16,0.024779461275899715,0.05299807223924782,0.09764172067877387,0.08408415222076672,0.06624741595176385,0.02824099786826744,0.00019751260747386987,8,22,0.019257587867229104,0.2770997465676455,False,True,False,1.477835171583337e-08,COMPLETE
1015,0.34474177360534675,2025-04-05 07:15:37.208440,2025-04-05 07:15:43.399394,0 days 00:00:06.190954,0.5738206248218225,0.761131341729954,16,0.02626311018386862,0.06430882299284563,0.09652326237185128,0.08301283218653073,0.06520784506815246,0.026869175480508035,0.00030945518116971094,9,25,0.017024658986268187,0.261265902162774,False,True,False,1.416843844219912e-08,COMPLETE
1016,0.3563127636909485,2025-04-05 07:15:43.735279,2025-04-05 07:15:49.999910,0 days 00:00:06.264631,0.6073614350436961,0.748627469620578,16,0.021979430454260575,0.05675280483267515,0.09629980720853164,0.08173348127140387,0.06345396171005989,0.024531216866946072,0.0002450423076921669,9,26,0.018506660211333386,0.2714304136005847,False,True,False,1.2190603760743203e-08,COMPLETE
1017,0.308829003572464,2025-04-05 07:15:50.337806,2025-04-05 07:15:56.700164,0 days 00:00:06.362358,0.5429464971358572,0.7493540850228114,16,0.024853017376861748,0.1436365883916853,0.09671131990188885,0.08401194125209707,0.062255652468140056,0.027837576477111593,0.0002190508498174096,10,23,0.013899243044238816,0.26887852431793746,False,True,False,1.0048549095794529e-08,COMPLETE
