number,value,datetime_start,datetime_complete,duration,params_alpha-eval,params_alpha-train,params_batch-size,params_eps-eval,params_eps-train,params_lambda-actions-eval,params_lambda-actions-train,params_lambda-frames-eval,params_lambda-frames-train,params_learning-rate,params_n-epochs,params_n-frames,params_radius-gw,params_rho,params_std-feats,params_ub-actions,params_ub-frames,params_weight-decay,state
335,0.4310924589633942,2025-04-24 17:00:31.828806,2025-04-24 17:00:57.952194,0 days 00:00:26.123388,0.45078736844198264,0.28833245422433734,2,0.05515290727829439,0.06830290618929465,0.09103332457009852,0.04303997422142503,0.07120330723840258,0.012686726609035625,4.015551125110768e-05,29,85,0.007551221431220702,0.1262513664343419,True,False,False,2.50425977877022e-05,COMPLETE
336,0.366539204120636,2025-04-24 17:00:58.055811,2025-04-24 17:01:22.571373,0 days 00:00:24.515562,0.451446830693156,0.2888558925634137,2,0.017181407546625616,0.08665969156848773,0.09131943474179431,0.043528818724683144,0.07150817320128397,0.014643706381138235,4.521457709198488e-05,28,85,0.010961734195064937,0.12475123071388734,False,False,False,2.1690005895727934e-05,COMPLETE
337,0.4092078924179077,2025-04-24 17:01:22.684828,2025-04-24 17:01:48.594270,0 days 00:00:25.909442,0.44327181472600147,0.3167368059683836,2,0.030905004145959262,0.08089758108481312,0.009075515207358623,0.042128951556414496,0.07108867382911235,0.014042349341311157,5.02410879781471e-05,29,83,0.008674614572598001,0.13499693997194748,True,False,False,2.6114271583812738e-05,COMPLETE
338,0.43429449200630194,2025-04-24 17:01:48.701086,2025-04-24 17:02:14.758305,0 days 00:00:26.057219,0.492565642553442,0.33813621953697837,2,0.05126980375442379,0.06808954243366956,0.09301508529245225,0.04458962317350844,0.0764162212769197,0.0125664792520328,5.122723863452302e-05,29,88,0.007089994052338733,0.14257424973276633,True,False,False,3.260325424356585e-05,COMPLETE
339,0.4417834520339966,2025-04-24 17:02:14.862245,2025-04-24 17:02:40.262157,0 days 00:00:25.399912,0.4763254273324533,0.3298390792077388,2,0.04771532410161705,0.0715165375028673,0.09273545621513633,0.09590380364021034,0.07911204650230788,0.016274822007433597,5.154432567119891e-05,28,84,0.008282457253071368,0.14294332727211242,True,False,False,1.705440122650549e-05,COMPLETE
340,0.42593821287155154,2025-04-24 17:02:40.366466,2025-04-24 17:02:52.414404,0 days 00:00:12.047938,0.4381541090180966,0.3419753850901024,8,0.05074194732746146,0.07265456634284218,0.09253344406376955,0.04485098578512293,0.08305268377977619,0.01597895618475196,5.193496418470804e-05,28,83,0.013281476925170297,0.14483507159509273,True,False,False,1.6487835382255463e-05,COMPLETE
341,0.4371578276157379,2025-04-24 17:02:52.530031,2025-04-24 17:03:17.040530,0 days 00:00:24.510499,0.500027698840194,0.32639702622833805,2,0.05373839152883029,0.06250237549816505,0.09160341710139101,0.0441405738935877,0.07810835901601358,0.016355696474526865,4.301262779586437e-05,27,87,0.01010435623649494,0.14025241937405644,True,False,False,2.439298162751685e-05,COMPLETE
342,0.4117709219455719,2025-04-24 17:03:17.145579,2025-04-24 17:03:33.433447,0 days 00:00:16.287868,0.4619307768473863,0.3165306606834485,2,0.04959542662837431,0.07637633044031693,0.09084644454867427,0.04447601297614215,0.0815279677702875,0.016991967074543014,4.992359671339938e-05,14,87,0.047020124487265905,0.13983880013576722,True,False,False,2.5090355329966533e-05,COMPLETE
343,0.4068012833595276,2025-04-24 17:03:33.538898,2025-04-24 17:03:58.093133,0 days 00:00:24.554235,0.5153268520089187,0.324687544621579,2,0.05440795591894896,0.0673278392572378,0.09294559020748816,0.046575063295013326,0.07949594756755506,0.016684362801052576,4.7977664844190516e-05,27,85,0.05638096558448039,0.14708249554722136,True,False,False,1.82940696249163e-05,COMPLETE
344,0.4276937603950501,2025-04-24 17:03:58.198105,2025-04-24 17:04:22.861023,0 days 00:00:24.662918,0.5130768526917692,0.2981210306469531,2,0.06276180819665435,0.08311040598250789,0.0931222935179576,0.04220615530665983,0.07816540600277326,0.013203361005167702,4.116648905741752e-05,27,88,0.012693709535521116,0.14327368223710654,True,False,False,2.1853826599862887e-05,COMPLETE
345,0.3666668236255646,2025-04-24 17:04:22.977870,2025-04-24 17:04:45.439277,0 days 00:00:22.461407,0.48967510041049084,0.3385633931586583,2,0.06379412201963411,0.07181383768504518,0.08988936032586414,0.07196920694263825,0.08059300418487585,0.016346806049891405,5.172941842227542e-05,28,82,0.010874046902056162,0.15427474259873217,True,True,False,3.1393454273165657e-05,COMPLETE
346,0.43498423099517824,2025-04-24 17:04:45.547772,2025-04-24 17:05:10.945679,0 days 00:00:25.397907,0.48068493742246593,0.33575383854704566,2,0.05873062289759129,0.06658680622937226,0.09092111085789754,0.04373537453947381,0.07945345023210436,0.012842383741349862,4.289810520869283e-05,28,88,0.008897803283982899,0.15959544638877984,True,False,False,2.8276114158868903e-05,COMPLETE
347,0.3623801410198212,2025-04-24 17:05:11.053206,2025-04-24 17:05:34.848834,0 days 00:00:23.795628,0.4791582029587418,0.295817358757588,2,0.059152444962184386,0.07015508469653536,0.0916328929007365,0.09173139303396147,0.07988050584608998,0.012579980871120543,4.104557620908932e-05,27,84,0.010299235800621422,0.15497532646346351,False,False,False,1.611865210794381e-05,COMPLETE
348,0.28504276871681217,2025-04-24 17:05:34.955655,2025-04-24 17:05:57.262663,0 days 00:00:22.307008,0.5402681704171071,0.3305792549311944,2,0.04419321092472374,0.0641098898865879,0.09390750326813416,0.04594126428036639,0.08215292234308293,0.015544712766770032,5.558180387163674e-05,28,88,0.008975752576320878,0.16437693005287085,True,False,True,2.5334028119252473e-05,COMPLETE
349,0.4271685540676117,2025-04-24 17:05:57.380455,2025-04-24 17:06:22.680218,0 days 00:00:25.299763,0.49700395136704717,0.3472851111391212,2,0.04388880291721931,0.06544077636091498,0.036624900781519566,0.043815931180176466,0.07764623765422415,0.017634921313188022,4.65841819898037e-05,28,89,0.013910998553808302,0.14181229511414392,True,False,False,3.0308714500772565e-05,COMPLETE
350,0.42694373130798347,2025-04-24 17:06:22.788027,2025-04-24 17:06:47.500525,0 days 00:00:24.712498,0.4822719916813785,0.2714094382409589,2,0.05590940392013379,0.07870269824492196,0.09101112095885769,0.04144018392542019,0.07696310338038913,0.013437085670695646,3.887205155899367e-05,27,84,0.009612339220519146,0.15107615866217963,True,False,False,3.652248680801249e-05,COMPLETE
351,0.4469855904579163,2025-04-24 17:06:47.609249,2025-04-24 17:07:12.983529,0 days 00:00:25.374280,0.4687416595809955,0.35247719693021257,2,0.03919902787256668,0.07012857917406207,0.09413753478868443,0.042235230809839666,0.07935441328716233,0.014646622006134577,4.198189910438321e-05,28,90,0.008002902750479716,0.15018448263252404,True,False,False,1.3758558937885577e-05,COMPLETE
352,0.42442641854286195,2025-04-24 17:07:13.091932,2025-04-24 17:07:38.448313,0 days 00:00:25.356381,0.502767940791391,0.3481749984532207,2,0.0339346840857571,0.08764627121120509,0.09409913316508835,0.08401415429376952,0.07986055512530887,0.09547303800450332,5.4159743284737884e-05,28,90,0.011933506985932447,0.15036718835576438,True,False,False,1.9522382900105987e-05,COMPLETE
353,0.3867023587226868,2025-04-24 17:07:38.566798,2025-04-24 17:08:03.368882,0 days 00:00:24.802084,0.4663767775405491,0.37098526074531823,2,0.04365505125681075,0.07653417991737618,0.09731426579497778,0.040502089396543345,0.08124121888891682,0.017787220848135235,3.596080514550259e-05,27,88,0.010039322291863113,0.15748790435948862,True,False,False,3.338054098003399e-05,COMPLETE
354,0.44732306599617006,2025-04-24 17:08:03.477505,2025-04-24 17:08:28.869388,0 days 00:00:25.391883,0.566152651193554,0.36915733456845845,2,0.038229631688704746,0.06192949497006524,0.09411269069796586,0.06739924042194223,0.08298582465703228,0.015124883720404282,4.665766879483034e-05,28,92,0.008066908615738022,0.17066952801389357,True,False,False,1.8086730991359243e-05,COMPLETE
355,0.44791048765182495,2025-04-24 17:08:28.978799,2025-04-24 17:08:54.624779,0 days 00:00:25.645980,0.46985935974601084,0.3645828211752021,2,0.0389999369564802,0.0700989393528104,0.092987007725161,0.09906792183593001,0.07926413000342941,0.0153584754810933,4.67060817950573e-05,28,91,0.00835460053468684,0.17609429442947255,True,False,False,1.393867958423037e-05,COMPLETE
356,0.36864591240882877,2025-04-24 17:08:54.737667,2025-04-24 17:09:19.589241,0 days 00:00:24.851574,0.5454619806037743,0.321642179035289,2,0.03904592926170625,0.09880858732440922,0.09240117600469687,0.09914545910789666,0.08327756505109062,0.01554629036414132,4.383405855505009e-05,27,90,0.007941820858839497,0.17650330748473844,True,False,False,1.3329498289125321e-05,COMPLETE
357,0.4391842186450958,2025-04-24 17:09:19.708651,2025-04-24 17:09:45.049582,0 days 00:00:25.340931,0.4778333550539752,0.3630870208052159,2,0.050217225308093756,0.06941796859324025,0.09289605046911714,0.09608698746890737,0.08236815773906055,0.017408558248250088,5.5680028357303256e-05,28,91,0.00795403059253726,0.19238957395659384,True,False,False,1.3456153875368456e-05,COMPLETE
358,0.4233578681945801,2025-04-24 17:09:45.161221,2025-04-24 17:10:10.415689,0 days 00:00:25.254468,0.5734139559488213,0.3607858303014663,2,0.026744087253728743,0.07280753917990636,0.09264287730246246,0.09669696383434358,0.08055114837846959,0.018539635337871403,6.016351152643753e-05,28,88,0.012255309922942804,0.19210834229151053,True,False,False,1.4694919825760298e-05,COMPLETE
359,0.35370872020721433,2025-04-24 17:10:10.526382,2025-04-24 17:10:21.572315,0 days 00:00:11.045933,0.5266359155514527,0.3622097299300489,8,0.04840221889717831,0.06706044861691422,0.09082998103200085,0.0942777319899057,0.08197957941127956,0.015977260184972582,5.353345926952341e-05,27,91,0.01104821514957069,0.1707358138695791,False,False,False,1.2181173224310664e-05,COMPLETE
360,0.3832601666450501,2025-04-24 17:10:21.694120,2025-04-24 17:10:46.951173,0 days 00:00:25.257053,0.47112718026876,0.35114607844385753,2,0.04610226294210974,0.07973814626573708,0.09401331279623752,0.047731415894529755,0.08245516450026452,0.014823008610972643,4.9056970721156485e-05,28,87,0.00842335367545566,0.15996363460314336,True,False,False,1.4782032993573141e-05,COMPLETE
361,0.45724872946739203,2025-04-24 17:10:47.061258,2025-04-24 17:11:12.455218,0 days 00:00:25.393960,0.509667099379075,0.3310206634356156,2,0.04023933105601778,0.07083750271062668,0.09199660306362702,0.09361916859065778,0.08373204045179614,0.017009662147411043,5.86495443128387e-05,28,92,0.007989882447850495,0.18390025340332347,True,False,False,1.7473113568482282e-05,COMPLETE
362,0.42009106874465946,2025-04-24 17:11:12.568126,2025-04-24 17:11:37.366585,0 days 00:00:24.798459,0.47793683897121336,0.32447150144892506,2,0.03910102921509503,0.07764127842090965,0.08948203331144985,0.09833957228935057,0.08340653699008109,0.019048205707209238,6.232232797875507e-05,27,91,0.014742040046206922,0.1940738321747009,True,False,False,1.7727419026488646e-05,COMPLETE
363,0.4416889488697052,2025-04-24 17:11:37.478016,2025-04-24 17:12:02.604109,0 days 00:00:25.126093,0.5226822085248055,0.33613489784580286,2,0.04181856536539409,0.06825082380274976,0.09531091986612682,0.09870888115474484,0.08457217055243196,0.016364849830060275,5.635518720839043e-05,28,81,0.009825116405180757,0.17940906879618318,True,False,False,1.172063575110051e-05,COMPLETE
364,0.4378447473049164,2025-04-24 17:12:02.726007,2025-04-24 17:12:28.125939,0 days 00:00:25.399932,0.5855787768290612,0.30747910039646653,2,0.041781900953390586,0.07124595212040175,0.09468269767481109,0.09579368107712685,0.08507496958447999,0.01749608061564144,5.803095558005682e-05,28,79,0.01123943192471456,0.18904743373750207,True,False,False,1.4459473844581253e-05,COMPLETE
365,0.28504276871681217,2025-04-24 17:12:28.239537,2025-04-24 17:12:50.068350,0 days 00:00:21.828813,0.6271724338381893,0.30968916032614374,2,0.041999068797271756,0.0729555139827589,0.09484855611480424,0.09598461974181006,0.08929340746769575,0.01824220581432246,5.8574807145543184e-05,27,84,0.010726288213726842,0.18297857733226378,True,True,False,1.795961515367965e-05,COMPLETE
366,0.4293027937412262,2025-04-24 17:12:50.179939,2025-04-24 17:13:15.287071,0 days 00:00:25.107132,0.584656302169925,0.33476905254845984,2,0.052883957029440785,0.07188222943302813,0.09654740422735505,0.09485319961519736,0.08529775039421629,0.01719416315314156,5.458210699906992e-05,28,80,0.013688413239114128,0.18680700189685565,True,False,False,1.1333693105936316e-05,COMPLETE
367,0.4347640931606293,2025-04-24 17:13:15.400407,2025-04-24 17:13:39.299092,0 days 00:00:23.898685,0.5619851189616638,0.33727193926726756,2,0.03647399370821675,0.06728910000940966,0.09886295572612584,0.09476824057176089,0.08272743010307586,0.019742322415171095,4.615112620080514e-05,26,81,0.012457984383621805,0.17424296160175867,True,False,False,1.3340883952076898e-05,COMPLETE
368,0.3507321894168854,2025-04-24 17:13:39.423319,2025-04-24 17:14:00.322721,0 days 00:00:20.899402,0.5337037792592046,0.32214580726340875,2,0.03384382927984106,0.08744852309886253,0.09475639866674297,0.09033301554297789,0.08725048644695092,0.017283967568225818,5.604475356578649e-05,26,79,0.01566942413626071,0.20073342969893354,True,False,True,1.220776725311386e-05,COMPLETE
369,0.4278306305408478,2025-04-24 17:14:00.436927,2025-04-24 17:14:25.262696,0 days 00:00:24.825769,0.5936863621180665,0.22991729164395094,2,0.027299126408218244,0.06789205264698739,0.09646390574446972,0.09769795003239297,0.08349885179730207,0.020621137373268473,4.968599468119768e-05,27,81,0.012332519949294955,0.17653159561915308,True,False,False,9.486543135640631e-06,COMPLETE
370,0.36247105002403257,2025-04-24 17:14:25.376389,2025-04-24 17:14:49.732903,0 days 00:00:24.356514,0.5585619907116264,0.34004020823599923,2,0.03530686408657438,0.08334065814853378,0.012302428389856287,0.09324886074228306,0.08529374319297964,0.020925971155577133,6.278402071893212e-05,28,79,0.011680884840560787,0.16848600178473042,False,False,False,1.4369639128325461e-05,COMPLETE
371,0.42333028316497806,2025-04-24 17:14:49.857924,2025-04-24 17:15:14.456662,0 days 00:00:24.598738,0.6049876846233277,0.29819394154489937,2,0.0399160245429229,0.0642339999054627,0.043325536190861026,0.09883896668056569,0.08513474692618146,0.019722145162352052,4.459396467850497e-05,27,83,0.014420952933876595,0.17872713689616881,True,False,False,1.4139638898214852e-05,COMPLETE
372,0.41391906738281253,2025-04-24 17:15:14.571688,2025-04-24 17:15:39.815709,0 days 00:00:25.244021,0.5041059834461558,0.3613309078319933,2,0.048786034376000084,0.07266583385650585,0.0935817442924882,0.0928533562494649,0.084029910853956,0.016095982374789396,4.5145718581270844e-05,28,84,0.009818420174371541,0.18740392563808744,True,False,False,2.0192683668433595e-05,COMPLETE
373,0.3942972421646118,2025-04-24 17:15:39.929975,2025-04-24 17:16:05.253139,0 days 00:00:25.323164,0.5633145071497664,0.24616087410919205,2,0.041902550657159476,0.07640874680392826,0.09833212724364061,0.09603439531722174,0.08216971664893193,0.014206605106995571,0.0025386677913633365,28,82,0.011621840938823246,0.1728627474000527,True,False,False,1.1066067825148503e-05,COMPLETE
374,0.4383966505527497,2025-04-24 17:16:05.369487,2025-04-24 17:16:29.414557,0 days 00:00:24.045070,0.5231512821648447,0.3368158355282815,2,0.024363065904746746,0.0653512700359797,0.09518145820229704,0.09554371128855495,0.07932578078565955,0.01755353246668208,5.8166104427319295e-05,26,80,0.008356875584840617,0.193631264277732,True,False,False,1.5587323631989316e-05,COMPLETE
375,0.45521066784858705,2025-04-24 17:16:29.542004,2025-04-24 17:16:54.155471,0 days 00:00:24.613467,0.5197059235153605,0.3448349844624021,2,0.03064728316678382,0.068475553186285,0.09991222845636688,0.09691512948223925,0.08015835689678989,0.018414052081772846,0.028881251384176566,27,78,0.008739174788437071,0.19502005065573805,True,False,False,1.5774646125022143e-05,COMPLETE
376,0.42702934145927435,2025-04-24 17:16:54.270590,2025-04-24 17:17:18.874103,0 days 00:00:24.603513,0.5154258801246967,0.3419821417090411,2,0.03008883854850246,0.06357207857671023,0.09911361746487415,0.09573721955583021,0.08745149212634133,0.018990588145032208,0.012360850686931107,27,81,0.01666254100288505,0.18807838161179063,True,False,False,1.579783716187431e-05,COMPLETE
377,0.3654663145542145,2025-04-24 17:17:18.991074,2025-04-24 17:17:42.816801,0 days 00:00:23.825727,0.5524852590630633,0.3060336923752502,2,0.024455360818675442,0.06254558297911358,0.0998060858263436,0.09769582895584479,0.07976975432715634,0.0180403087711491,0.03456614910588882,26,80,0.009147438621978699,0.19476623184238262,True,False,False,8.400467081100164e-06,COMPLETE
378,0.40338091850280766,2025-04-24 17:17:42.933928,2025-04-24 17:18:07.104368,0 days 00:00:24.170440,0.5248942546443818,0.3460333934989437,2,0.03732866600233595,0.06827131190761083,0.09741343820749879,0.09937738472530963,0.0815436813391333,0.021727003225621606,0.0048332416715102895,26,79,0.013121386557104067,0.19962234961455752,True,False,False,1.2046988482742781e-05,COMPLETE
379,0.40170336365699766,2025-04-24 17:18:07.237431,2025-04-24 17:18:31.659826,0 days 00:00:24.422395,0.5032941640657259,0.34787380485258795,2,0.047845870053404266,0.07813895570257383,0.021167848084260747,0.08938096245788262,0.08408106214719321,0.01615826260950541,7.272438631480804e-05,26,87,0.010721065137909581,0.21255922720627465,True,False,False,1.8459698221486993e-05,COMPLETE
380,0.4104423344135285,2025-04-24 17:18:31.778318,2025-04-24 17:18:43.765027,0 days 00:00:11.986709,0.5364761647478439,0.36912033910876946,8,0.03321860252725658,0.06399062457282709,0.0964636515200102,0.09395951497057381,0.07858587898684244,0.019216006987211917,0.022872946898027702,27,86,0.008429083294108604,0.18503183843558638,True,False,False,1.5176783453888221e-05,COMPLETE
381,0.41076707243919375,2025-04-24 17:18:43.881720,2025-04-24 17:19:08.240626,0 days 00:00:24.358906,0.5749809736018363,0.3084160216468407,2,0.05373015766978607,0.09221577373089733,0.09798321485765074,0.09647283202269644,0.08056399153794434,0.03477256903995989,0.04918705642219111,27,78,0.03564286645237949,0.16953564807408059,True,False,False,1.8129243328751176e-05,COMPLETE
382,0.36327188014984135,2025-04-24 17:19:08.369951,2025-04-24 17:19:31.752407,0 days 00:00:23.382456,0.4881700718170647,0.36989708576175917,2,0.023768476135139816,0.07561985813814907,0.09606798543005735,0.0942619729877856,0.08279384761073723,0.016224791599741134,6.141653484896476e-05,26,81,0.012044525302179608,0.1942132185884435,False,False,False,9.837306001594903e-06,COMPLETE
383,0.3904452800750733,2025-04-24 17:19:31.871475,2025-04-24 17:19:56.316524,0 days 00:00:24.445049,0.497571963514038,0.32663624380580836,2,0.041671302386528386,0.06751598140455421,0.027367843843971874,0.09210220481831276,0.07932530052909827,0.017665047322823906,6.176719026552199e-05,28,38,0.008375828625627023,0.17683252218384085,True,False,False,2.1598084135486232e-05,COMPLETE
384,0.4150601029396057,2025-04-24 17:19:56.435906,2025-04-24 17:20:21.696440,0 days 00:00:25.260534,0.5216114204907527,0.3652222011855807,2,0.029340883520656294,0.06160261614479383,0.09978783993631504,0.09946160390768924,0.08655257785576342,0.014315228715890112,5.289651985662782e-05,27,113,0.010010295491375469,0.20332529008786157,True,False,False,1.2151322883721497e-05,COMPLETE
385,0.37896340489387514,2025-04-24 17:20:21.827560,2025-04-24 17:20:47.246298,0 days 00:00:25.418738,0.5582712125418318,0.33069938957100176,2,0.04574794851596224,0.08248656709242515,0.09547934842196848,0.09637758906150103,0.08161517882677038,0.015396436551872998,7.831535471718783e-05,28,83,0.00788070958847422,0.181403467738956,True,False,False,1.3830224644394937e-05,COMPLETE
386,0.28504276871681217,2025-04-24 17:20:47.370991,2025-04-24 17:21:09.562671,0 days 00:00:22.191680,0.47009993478790385,0.2851477836266106,2,0.06020752478966164,0.07210034592754269,0.09313967624398742,0.09758521072518327,0.08461791769969638,0.019034730111512094,4.6178936603361055e-05,27,122,0.07358514593234555,0.1969054736726402,True,True,False,2.2033899742522525e-05,COMPLETE
387,0.42214169502258303,2025-04-24 17:21:09.681122,2025-04-24 17:21:33.614495,0 days 00:00:23.933373,0.5076043272895693,0.35493121630529284,2,0.036502213134749384,0.06055048298964252,0.09510588142551452,0.09981429428391767,0.07894970782589758,0.0206668231589866,6.466597189971593e-05,26,86,0.014376018412132175,0.19007597687592465,True,False,False,1.773225481174436e-05,COMPLETE
388,0.28504276871681217,2025-04-24 17:21:33.738413,2025-04-24 17:21:55.937729,0 days 00:00:22.199316,0.654958356511418,0.30601468714611235,2,0.01676063649852536,0.06978124762392565,0.09827764012170917,0.08724629748982855,0.08274327442677143,0.017183839629333637,3.906367221407618e-05,28,78,0.010392777036928967,0.16099932555484328,True,False,True,1.3482048483620563e-05,COMPLETE
389,0.3889319658279419,2025-04-24 17:21:56.068261,2025-04-24 17:22:20.826041,0 days 00:00:24.757780,0.536630188348602,0.3350443555028464,2,0.05139384006939398,0.061517539009593884,0.09988434139301157,0.09490032856726445,0.08003544790523172,0.0137686513211248,0.0032582288511821085,27,86,0.007893810905515369,0.1729979001793911,True,False,False,9.65758868379901e-06,COMPLETE
390,0.41099151968955994,2025-04-24 17:22:20.946964,2025-04-24 17:22:46.128193,0 days 00:00:25.181229,0.49615270908154346,0.37399568577149844,2,0.03189736403702703,0.07599824389963612,0.09247057074385646,0.09171813689680676,0.07870729038658197,0.015117088760644727,0.009420671660290479,28,90,0.012107467743876202,0.21586507027445132,True,False,False,2.2760153105207893e-05,COMPLETE
391,0.4110652625560761,2025-04-24 17:22:46.249290,2025-04-24 17:23:11.354773,0 days 00:00:25.105483,0.6059021544714841,0.27090066120985534,2,0.03820363761697403,0.06780817311693768,0.09683676284224432,0.09774965676704939,0.08415500961247901,0.0170379326730349,5.355419688232456e-05,28,78,0.0432057622581569,0.18288264161219903,True,False,False,1.614183399606641e-05,COMPLETE
