number,value,datetime_start,datetime_complete,duration,params_alpha-eval,params_alpha-train,params_batch-size,params_eps-eval,params_eps-train,params_lambda-actions-eval,params_lambda-actions-train,params_lambda-frames-eval,params_lambda-frames-train,params_learning-rate,params_n-epochs,params_n-frames,params_radius-gw,params_rho,params_std-feats,params_ub-actions,params_ub-frames,params_weight-decay,state
1695,0.4967975735664368,2025-04-05 08:39:01.652430,2025-04-05 08:39:08.166455,0 days 00:00:06.514025,0.76818072795042,0.9624012583215731,16,0.15652034562396974,0.28910366671387727,0.09184602594492348,0.040663392375099305,0.03700775672727452,0.07694539509401904,4.1191816699914855e-05,11,23,0.00789135206536567,0.20528663763701582,True,True,False,1.33368776759178e-07,COMPLETE
1696,0.4748995363712311,2025-04-05 08:39:08.739568,2025-04-05 08:39:15.134779,0 days 00:00:06.395211,0.7420560609173283,0.9580457364750096,16,0.14497515655572785,0.2821075587239457,0.09022009797524547,0.03555325205066494,0.03934350632732137,0.07352156404704244,4.818770960972531e-05,10,21,0.008814801529395398,0.20713101214896407,True,True,False,1.3938251409628955e-07,COMPLETE
1697,0.4688449621200562,2025-04-05 08:39:15.692758,2025-04-05 08:39:22.137693,0 days 00:00:06.444935,0.7672403206973711,0.9368859144968142,16,0.15180240408894066,0.28719108855262376,0.09246827453710475,0.03984317258845168,0.03704289817884193,0.07659314557856317,4.079912303707204e-05,10,21,0.009458304954121182,0.20721408227944005,True,True,False,2.3731778108358268e-07,COMPLETE
1698,0.4932141661643982,2025-04-05 08:39:22.720566,2025-04-05 08:39:29.173996,0 days 00:00:06.453430,0.7645029514637568,0.9601695937493463,16,0.15061393067991186,0.2891278282510911,0.08823813561462658,0.03995946019426174,0.0362440560484329,0.07691582934748223,5.668286056629735e-05,10,21,0.008302913302671994,0.2034100396051758,True,True,False,1.8566373495557318e-07,COMPLETE
1699,0.47720931768417363,2025-04-05 08:39:29.732905,2025-04-05 08:39:36.214772,0 days 00:00:06.481867,0.8188952172257296,0.9791374818326587,16,0.15569611052384846,0.2776270635938246,0.0919937522820876,0.03630831998563522,0.035909123480746,0.07893239289212232,3.6864617028492914e-05,11,21,0.010421432185708719,0.18930060765052087,True,True,False,1.4953765859969406e-07,COMPLETE
1700,0.4959207177162171,2025-04-05 08:39:36.768664,2025-04-05 08:39:43.152898,0 days 00:00:06.384234,0.7566416216077506,0.9375121817342233,16,0.1588057708842402,0.26950940037563276,0.09037747354120512,0.04133288943772145,0.03746209831360943,0.07683787443170187,3.0193400131169958e-05,10,24,0.008073092739234601,0.1925634633274005,True,True,False,1.2322864374163582e-07,COMPLETE
1701,0.4667595505714417,2025-04-05 08:39:43.736733,2025-04-05 08:39:50.118729,0 days 00:00:06.381996,0.7915650884365374,0.9067763703171541,16,0.1495572886912728,0.2745375423223285,0.08649507355023993,0.04152890419750825,0.037213435056888615,0.07420777229670446,2.57679671232334e-05,10,20,0.007642574554134415,0.19399770432688554,True,True,False,1.7544308795391177e-07,COMPLETE
1702,0.4919975280761719,2025-04-05 08:39:50.672691,2025-04-05 08:39:57.129562,0 days 00:00:06.456871,0.7491380745611711,0.9294203008373499,16,0.14334356044961893,0.2668164653720807,0.08859461528022523,0.03821424966145847,0.038200395708317555,0.07690750141050752,1.9813977932026067e-05,10,24,0.00729766686402574,0.18388144498173942,True,True,False,1.3599357407112553e-07,COMPLETE
1703,0.4745657145977021,2025-04-05 08:39:57.708001,2025-04-05 08:40:04.128339,0 days 00:00:06.420338,0.7621894559165409,0.932428707775752,16,0.15775463581470792,0.2634857716208474,0.09228361946030764,0.04098564932351339,0.03705036327242546,0.08108927355163956,2.864073818343097e-05,10,22,0.010680000035616023,0.2010524442339895,True,True,False,2.506242572538426e-07,COMPLETE
1704,0.4963106751441956,2025-04-05 08:40:04.681663,2025-04-05 08:40:11.102956,0 days 00:00:06.421293,0.7802331033432691,0.9120243201579034,16,0.1553727324172283,0.28422442083636185,0.09036936260762365,0.03882212202205028,0.0360641460855344,0.07978742024156266,3.1129802064009765e-05,10,24,0.007450591596360893,0.19495480098408433,True,True,False,1.235060853358176e-07,COMPLETE
1705,0.4682898044586182,2025-04-05 08:40:11.681575,2025-04-05 08:40:18.086325,0 days 00:00:06.404750,0.7839497479627845,0.8973514794999298,16,0.14854296156030689,0.28188231766030125,0.09227616947985076,0.032921475864429534,0.03513979503025741,0.08029682622466665,2.8866451930748305e-05,10,20,0.007172424225052532,0.19701554457299741,True,True,False,1.1999355737532688e-07,COMPLETE
1706,0.49081847667694095,2025-04-05 08:40:18.642348,2025-04-05 08:40:25.048007,0 days 00:00:06.405659,0.7863611888310803,0.8992148284763865,16,0.16084794334160615,0.2774250583678435,0.08965846070968143,0.03667136190557585,0.03751148850504609,0.07730257801861033,3.612799412723453e-05,10,23,0.006771282622901824,0.2044260978012259,True,True,False,1.2978176768207663e-07,COMPLETE
1707,0.48916202783584595,2025-04-05 08:40:25.603408,2025-04-05 08:40:32.036648,0 days 00:00:06.433240,0.7750169908227773,0.9084246846109905,16,0.15530039706244797,0.284850620644438,0.09252835997094132,0.03828187583447486,0.03629093090031343,0.08384621726589342,2.3672360179674297e-05,10,23,0.007288479924218062,0.190332083350017,True,True,False,1.0460314299713376e-07,COMPLETE
1708,0.4648572862148285,2025-04-05 08:40:32.610558,2025-04-05 08:40:39.078099,0 days 00:00:06.467541,0.7675936522240243,0.916545533182232,16,0.14123716859466795,0.2904644774179673,0.09095514718673794,0.04179567705236879,0.036511780239595344,0.07888234611851058,3.147690728522412e-05,10,20,0.0074395020345000475,0.19967973123977248,True,True,False,1.0435762334661825e-07,COMPLETE
1709,0.35733700394630435,2025-04-05 08:40:39.632546,2025-04-05 08:40:51.078361,0 days 00:00:11.445815,0.8132199059093135,0.9197470485220863,2,0.15263525171713327,0.28160304326296254,0.09033649723152483,0.038847057571424926,0.0358253137419775,0.07719483979945141,2.1136649491467243e-05,10,24,0.010065951971551546,0.18859151521047512,True,True,False,1.4000443545812757e-07,COMPLETE
1710,0.36351068019866944,2025-04-05 08:40:51.677363,2025-04-05 08:40:58.417394,0 days 00:00:06.740031,0.7897557717544137,0.8939589897315849,16,0.15926157165071783,0.2868279299901062,0.09224916468006174,0.04229150916205704,0.039578431509839425,0.07916872352804137,3.9779714199889665e-05,10,24,0.008401106106460275,0.21150973004379117,True,False,False,1.2291078098364528e-07,COMPLETE
1711,0.28504276871681217,2025-04-05 08:40:58.972627,2025-04-05 08:41:05.381324,0 days 00:00:06.408697,0.8045342526596673,0.9347526151903857,16,0.13241240504469023,0.29320189765522187,0.08973723701883471,0.04056646147094806,0.038165478780808226,0.08525218946319141,2.5845508059341794e-05,11,20,0.006065848516158205,0.19807417941891484,True,True,True,9.853368746088032e-08,COMPLETE
1712,0.45751668810844426,2025-04-05 08:41:05.960266,2025-04-05 08:41:12.449685,0 days 00:00:06.489419,0.8242041485996999,0.9400022474018479,16,0.16190400401413535,0.2898119231218628,0.09270274321970792,0.03884274773560305,0.03572378792147434,0.08062423528689645,3.404097631179186e-05,10,26,0.01007239230230622,0.1953045034158246,True,True,False,9.474643875435858e-08,COMPLETE
1713,0.49927172660827634,2025-04-05 08:41:13.008953,2025-04-05 08:41:19.492004,0 days 00:00:06.483051,0.7874758543533508,0.9189774448773668,16,0.1459057591086189,0.2743573234736919,0.08983289844922708,0.04259455320193477,0.04035219406377872,0.08368213980486246,4.310447936245094e-05,10,23,0.006690509637089621,0.21133851333769352,True,True,False,1.5334885068868516e-07,COMPLETE
1714,0.47911734580993653,2025-04-05 08:41:20.072092,2025-04-05 08:41:26.430034,0 days 00:00:06.357942,0.8457426290339052,0.8935704781210385,16,0.13744723324442662,0.27130375855812516,0.08855799262364462,0.04251979934205251,0.04072970522911522,0.08055110341375814,4.762347090440989e-05,10,20,0.005973628575201057,0.1938052482245918,True,True,False,1.5219684872241084e-07,COMPLETE
1715,0.41284560561180117,2025-04-05 08:41:27.002701,2025-04-05 08:41:33.472640,0 days 00:00:06.469939,0.7839091935346498,0.9195945489396559,16,0.14337038774728403,0.2805023994438759,0.021421418303609552,0.036368775547438434,0.038043291760988376,0.08209763042593551,4.178834519934856e-05,10,21,0.006202266374472031,0.19922484504327762,True,True,False,1.9504996125224954e-07,COMPLETE
1716,0.4623190581798554,2025-04-05 08:41:34.057713,2025-04-05 08:41:40.493058,0 days 00:00:06.435345,0.7869344608082453,0.9192601663099499,16,0.14379450732931284,0.27322159114284295,0.09003333448760814,0.04224243131650532,0.04138304012903143,0.08521755249780052,4.277610134190579e-05,10,20,0.006110172603721385,0.20607840763404267,True,True,False,1.5662482183438992e-07,COMPLETE
1717,0.4764403581619263,2025-04-05 08:41:41.053389,2025-04-05 08:41:47.478064,0 days 00:00:06.424675,0.7877072693860746,0.942867302667058,16,0.13464018822766383,0.27376724676208286,0.08730723178869611,0.04036046106452454,0.039490990987875764,0.0743622873400769,3.4444872373361006e-05,10,22,0.007521898692851318,0.21164936864724584,True,True,False,1.156834505186398e-07,COMPLETE
1718,0.4389222621917725,2025-04-05 08:41:48.043428,2025-04-05 08:41:54.417767,0 days 00:00:06.374339,0.8151465791195337,0.8934354586903251,16,0.14693033514289217,0.27905636452856725,0.08871688568603223,0.04346848220764956,0.04137023103387772,0.08412861909842644,6.076348575757635e-05,10,23,0.005731888037594704,0.21245707818034823,True,True,False,9.893707813446124e-08,COMPLETE
1719,0.4956310033798218,2025-04-05 08:41:54.997006,2025-04-05 08:42:01.455028,0 days 00:00:06.458022,0.8025483574030168,0.9168587989774456,16,0.14999275142497262,0.2863147701107409,0.09068949672247048,0.03511679077758815,0.03988593443390958,0.07922307619143024,3.0773369723111906e-05,10,23,0.0078116725835933815,0.20470204872597358,True,True,False,1.632746914049407e-07,COMPLETE
1720,0.4911493301391602,2025-04-05 08:42:02.017046,2025-04-05 08:42:08.480919,0 days 00:00:06.463873,0.83754010352881,0.907450458870736,16,0.14140873911900337,0.27020151787294777,0.09139429085322123,0.035501488880768026,0.03810585789348847,0.08317912522659092,2.8366116589734048e-05,10,21,0.005706581654930142,0.1854738386406512,True,True,False,1.4621001288687735e-07,COMPLETE
1721,0.4918960332870484,2025-04-05 08:42:09.061947,2025-04-05 08:42:15.470634,0 days 00:00:06.408687,0.800246950096471,0.8928294881513847,16,0.14725881469497992,0.27758372669518244,0.09055006102682531,0.03251775131130279,0.036800868504048956,0.08316892585022183,2.3510787649359337e-05,10,23,0.007604368035794855,0.19649825825869566,True,True,False,1.6834025633510067e-07,COMPLETE
1722,0.48892668485641483,2025-04-05 08:42:16.033752,2025-04-05 08:42:22.449588,0 days 00:00:06.415836,0.8070848475556223,0.9186086008176406,16,0.13711475313144902,0.2851308544827566,0.09222317568557967,0.034150291614662084,0.03524274399449049,0.0816269474811121,2.8557300890280795e-05,10,24,0.005866775869505631,0.2035946958545613,True,True,False,1.0839584690483356e-07,COMPLETE
1723,0.48454132080078127,2025-04-05 08:42:23.033140,2025-04-05 08:42:29.516814,0 days 00:00:06.483674,0.8008368766130851,0.9270352934865383,16,0.149362612723159,0.26081831079038353,0.09027309168437815,0.030961348676055732,0.039316967564803185,0.08218195402179738,2.1500712697374452e-05,10,21,0.008231833600622409,0.1942519563521719,True,True,False,2.1327610916446398e-07,COMPLETE
1724,0.4812179565429688,2025-04-05 08:42:30.083410,2025-04-05 08:42:36.437136,0 days 00:00:06.353726,0.7731842160918573,0.9045343614061758,16,0.14047787463977834,0.2822399728885141,0.08809005338386923,0.036923945367435075,0.04344795376918367,0.07950551663468171,1.8152629202432854e-05,10,19,0.007018268662573565,0.19994078929454204,True,True,False,1.2324687299166274e-07,COMPLETE
1725,0.49402482509613044,2025-04-05 08:42:37.020434,2025-04-05 08:42:43.427327,0 days 00:00:06.406893,0.7736934127790227,0.9405160640893417,16,0.14958284402251598,0.2700382040538069,0.09243710395815903,0.03873964476577333,0.04149557953008732,0.07792809014719786,3.3875816994936774e-05,10,24,0.005870777585535567,0.20491427368049916,True,True,False,1.5450428905525287e-07,COMPLETE
1726,0.4645016193389893,2025-04-05 08:42:43.996001,2025-04-05 08:42:50.367208,0 days 00:00:06.371207,0.8029152865085933,0.9387569081612426,16,0.14575199191451318,0.25157757075816867,0.0863060029488912,0.034765697352966286,0.04176987955549251,0.07785118530464316,3.104084848962827e-05,10,20,0.004941000219366056,0.1913692419456862,True,True,False,2.2830370550472554e-07,COMPLETE
1727,0.42368882894515997,2025-04-05 08:42:50.949609,2025-04-05 08:42:57.344777,0 days 00:00:06.395168,0.8330287876668804,0.9137393276072088,16,0.13534564627979406,0.2706264663280172,0.03533191353289247,0.0334423075847214,0.04451779799454709,0.07879668436434131,3.550921804987401e-05,10,20,0.005271915240931204,0.198501025723598,True,True,False,1.6634940490736894e-07,COMPLETE
1728,0.48395756483078006,2025-04-05 08:42:57.911961,2025-04-05 08:43:04.296772,0 days 00:00:06.384811,0.7806540771341691,0.93786166051884,16,0.14765367320543257,0.2667790455688305,0.08969847662230297,0.03722150627401709,0.0403304365018264,0.07726307961684063,2.6555903533206362e-05,10,23,0.008500284194221193,0.2055463646072853,True,True,False,1.8821911866164597e-07,COMPLETE
1729,0.4663330137729645,2025-04-05 08:43:04.860988,2025-04-05 08:43:11.226409,0 days 00:00:06.365421,0.77707558164688,0.9234109588807532,16,0.14145658789840646,0.27607071826937934,0.09265165329002256,0.035392621505433756,0.0421651283066484,0.08180800697105102,3.2938155137804006e-05,10,20,0.007542399272786268,0.17838686894925332,True,True,False,1.4905323837450862e-07,COMPLETE
1730,0.28504276871681217,2025-04-05 08:43:11.808019,2025-04-05 08:43:23.323377,0 days 00:00:11.515358,0.8269780929068516,0.9470690412201848,2,0.1310513534748569,0.26372792734904865,0.0904002259256973,0.037584045641280345,0.046121839225103115,0.0794442643846591,4.622791930051057e-05,10,23,0.004449404603287578,0.2061817042831716,True,True,True,1.405103119518826e-07,COMPLETE
1731,0.36351068019866944,2025-04-05 08:43:23.887336,2025-04-05 08:43:30.687097,0 days 00:00:06.799761,0.7588801711048374,0.8957792696563144,16,0.15118767639591182,0.26995954190920735,0.08833875813881702,0.038510698176506285,0.03830742460236386,0.07918817672887635,2.373803674844879e-05,10,24,0.008192006772940828,0.18308330717175694,True,False,False,2.0568050209186688e-07,COMPLETE
1732,0.463821816444397,2025-04-05 08:43:31.268023,2025-04-05 08:43:37.681048,0 days 00:00:06.413025,0.7614567673757041,0.9490336102063583,16,0.12902720907852122,0.28096118482833443,0.09217789692661084,0.03944391507010259,0.042740672846818484,0.08646158165591847,3.7158659861149444e-05,10,20,0.005442844936390805,0.20815779007331128,True,True,False,1.2212280301324756e-07,COMPLETE
1733,0.4966402769088745,2025-04-05 08:43:38.244718,2025-04-05 08:43:44.666997,0 days 00:00:06.422279,0.8097378520444937,0.9195379158486863,16,0.14784175843767372,0.25580495838895395,0.09070553346839161,0.030330319363030885,0.03613228779417407,0.08038110055089437,2.9552735985551628e-05,10,23,0.008007556889041029,0.20136889841726624,True,True,False,9.836754020561683e-08,COMPLETE
1734,0.4795089602470398,2025-04-05 08:43:45.254359,2025-04-05 08:43:51.651760,0 days 00:00:06.397401,0.8376618106197861,0.9093032456865403,16,0.13772494746399136,0.28616674724289215,0.08589019350365462,0.033832351486360095,0.03514323335792193,0.08551857327414908,2.7741954836475424e-05,10,20,0.009236257780947464,0.18967621523919562,True,True,False,9.359890115780775e-08,COMPLETE
1735,0.43616915345191953,2025-04-05 08:43:52.220009,2025-04-05 08:43:58.605576,0 days 00:00:06.385567,0.8258185085749673,0.8888943331833539,16,0.14750718998173706,0.25486923531023525,0.0300620211595869,0.04151744178381693,0.03560158893993717,0.08752068517614017,1.9043360774155783e-05,10,20,0.008999171893180748,0.19905491932713065,True,True,False,9.474198608165978e-08,COMPLETE
1736,0.48395756483078006,2025-04-05 08:43:59.191179,2025-04-05 08:44:05.604433,0 days 00:00:06.413254,0.7930543328938275,0.9175986968764388,16,0.1532833568355881,0.2784535981988433,0.08796929643015942,0.028729349558594505,0.03533620750178743,0.0842597238031204,2.5708561525270203e-05,10,23,0.008352753427461643,0.21182794913722938,True,True,False,1.170404880725547e-07,COMPLETE
1737,0.487143874168396,2025-04-05 08:44:06.172741,2025-04-05 08:44:12.616684,0 days 00:00:06.443943,0.8067100174886686,0.9251014073136491,16,0.13914529521199073,0.2896404479618861,0.08620109524141777,0.03049874611406284,0.03765242828692802,0.08209858933669449,2.9522115314474156e-05,10,25,0.009731473799180268,0.20118370178164544,True,True,False,1.2667705932649705e-07,COMPLETE
1738,0.3559756755828858,2025-04-05 08:44:13.201940,2025-04-05 08:44:19.542627,0 days 00:00:06.340687,0.8053503415733354,0.9006040438122096,16,0.14404250679474076,0.28492721062667403,0.024968594537647843,0.028092545125663143,0.036233092803567214,0.08038111140376294,4.1633412151883124e-05,10,19,0.08926588828687868,0.19165776512519023,True,True,False,9.190394541654347e-08,COMPLETE
1739,0.4923514127731323,2025-04-05 08:44:20.106513,2025-04-05 08:44:26.523747,0 days 00:00:06.417234,0.8470721743087525,0.9539352676927988,16,0.15191764521219067,0.2757366532084893,0.0889391121864327,0.03221658987357299,0.03896636545639692,0.08209482001571788,2.198715531936897e-05,10,23,0.00739237225746138,0.2084080719656799,True,True,False,1.4373509011750763e-07,COMPLETE
1740,0.4476247549057007,2025-04-05 08:44:27.109850,2025-04-05 08:44:33.534836,0 days 00:00:06.424986,0.7508580181782906,0.8866784178798797,16,0.15473929560958383,0.2905768435546585,0.0903377389883426,0.04113708788792299,0.03669551455538652,0.07631801195172336,5.400573449290558e-05,10,25,0.009963013864904478,0.21303488646987287,True,True,False,1.0566396362727215e-07,COMPLETE
1741,0.28504276871681217,2025-04-05 08:44:34.104991,2025-04-05 08:44:40.937363,0 days 00:00:06.832372,0.8212477458400512,0.9286881792021745,16,0.1474331870671354,0.2932779949558947,0.08999903993404662,0.028586813285475174,0.034565630285621214,0.07991761599539757,3.059677483377286e-05,10,115,0.0072506926900790525,0.19965640872493878,True,True,False,9.074969521993047e-08,COMPLETE
1742,0.47595292329788214,2025-04-05 08:44:41.524804,2025-04-05 08:44:47.928262,0 days 00:00:06.403458,0.8017207810647764,0.9569193654625907,16,0.15432332183786895,0.2832910110309674,0.08793592125767172,0.04270170524964467,0.03860979489708407,0.08984192187017016,3.8239514039215854e-05,10,22,0.008772353645477429,0.20951355961089857,True,True,False,1.1658546237995069e-07,COMPLETE
1743,0.39518017768859864,2025-04-05 08:44:48.506055,2025-04-05 08:44:55.027706,0 days 00:00:06.521651,0.7648273913950826,0.9173121619456264,16,0.14385881069668288,0.27720967374118327,0.09075316577329959,0.029886878103651864,0.037088236903737054,0.07821932133810318,4.462843391419946e-05,11,26,0.010230852948018558,0.19416989291314454,True,True,False,9.085761944014292e-08,COMPLETE
1744,0.4971488237380982,2025-04-05 08:44:55.614222,2025-04-05 08:45:02.120815,0 days 00:00:06.506593,0.8689051994897758,0.9446592225611412,16,0.12149876299857403,0.2853806110418302,0.08659832387524474,0.03965165034845683,0.047633628817758025,0.07667466740514645,2.7832240196434354e-05,11,20,0.006717503957167302,0.17724142609928994,True,True,False,1.8163113067525635e-07,COMPLETE
1745,0.49197723865509035,2025-04-05 08:45:02.689144,2025-04-05 08:45:09.070679,0 days 00:00:06.381535,0.7802778477693517,0.9387603071474815,16,0.09705346360905931,0.28399026791066223,0.08548772514055815,0.039932469246866296,0.047261130811142096,0.07591982106114303,1.8403720980540196e-05,10,20,0.007011453636290055,0.1882591321909829,True,True,False,3.184557220848037e-07,COMPLETE
1746,0.4888532876968384,2025-04-05 08:45:09.658078,2025-04-05 08:45:16.078647,0 days 00:00:06.420569,0.8479235401291773,0.9604405783338227,16,0.1235770020785102,0.2884168351750057,0.08661785506137785,0.0374686373782373,0.048118024840187276,0.07629287219803997,2.455484624662536e-05,10,19,0.008141322102061048,0.1768660105617506,True,True,False,2.7348583426988023e-07,COMPLETE
1747,0.48543903827667234,2025-04-05 08:45:16.644720,2025-04-05 08:45:23.032681,0 days 00:00:06.387961,0.8596747603712234,0.9370270585554142,16,0.11821336258655891,0.2609848838962915,0.08611006638988203,0.04105926355534563,0.04636117754982679,0.08302076303287333,2.109994811613278e-05,10,19,0.007015830422830926,0.18661300843033765,True,True,False,1.9968344853423439e-07,COMPLETE
1748,0.3629439830780029,2025-04-05 08:45:23.626235,2025-04-05 08:45:30.535418,0 days 00:00:06.909183,0.9446748138380436,0.9545921012295331,16,0.1234285319376706,0.29343544841605607,0.08548686856875394,0.034360024223350445,0.04802624588836724,0.07952165458894513,3.282992749258596e-05,11,20,0.009538025672219808,0.20212680669316363,True,False,False,1.476690649950384e-07,COMPLETE
1749,0.28504276871681217,2025-04-05 08:45:31.109617,2025-04-05 08:45:37.567324,0 days 00:00:06.457707,0.9128911714221185,0.924599265721383,16,0.10363534078902686,0.27894807376047603,0.08728141219665585,0.04003035852356882,0.04508512162294628,0.07799112282918237,2.733151873131742e-05,11,22,0.008635059758981904,0.1667101182730319,True,True,True,1.9181454509550936e-07,COMPLETE
1750,0.3996404707431793,2025-04-05 08:45:38.161493,2025-04-05 08:45:44.547654,0 days 00:00:06.386161,0.9096435256614404,0.9615324212488565,16,0.12240482463407762,0.28557134621591723,0.0879126242577966,0.03206318860426461,0.04556221439095141,0.08021785747532288,2.466267161186296e-05,10,23,0.006726756352503097,0.17023736177672136,True,True,False,1.5345482885915672e-07,COMPLETE
1751,0.49152048826217654,2025-04-05 08:45:45.119806,2025-04-05 08:45:51.654132,0 days 00:00:06.534326,0.8954533509123627,0.939374095566661,16,0.1357048180972652,0.29354383836290776,0.0857696935252371,0.04293105702733865,0.043715430208180805,0.08176217382563677,3.665818803807824e-05,11,20,0.010754595310399304,0.1787580024145595,True,True,False,2.2165204357746996e-07,COMPLETE
