number,value,datetime_start,datetime_complete,duration,params_alpha-eval,params_alpha-train,params_batch-size,params_eps-eval,params_eps-train,params_lambda-actions-eval,params_lambda-actions-train,params_lambda-frames-eval,params_lambda-frames-train,params_learning-rate,params_n-epochs,params_n-frames,params_radius-gw,params_rho,params_std-feats,params_ub-actions,params_ub-frames,params_weight-decay,state
504,0.44981664419174194,2025-04-24 18:00:35.661608,2025-04-24 18:00:47.021481,0 days 00:00:11.359873,0.42955698358272365,0.20347262072689698,8,0.023007158532490295,0.0865325113925661,0.0426517668230046,0.07469331433103255,0.09587333004475516,0.03054193905236113,0.0002386493282087862,26,66,0.01044639693724305,0.23682666008209832,True,False,False,3.3705950142903825e-05,COMPLETE
505,0.45782585144042975,2025-04-24 18:00:47.190418,2025-04-24 18:00:58.340443,0 days 00:00:11.150025,0.48397456967815566,0.2995729612774609,8,0.01184567086429407,0.07810821720288405,0.03565719808127436,0.08025250455179336,0.09998971393564254,0.03666450615627941,0.0005340735464325603,26,61,0.013252330093713991,0.2460637376229652,True,False,False,4.874504905399613e-05,COMPLETE
506,0.40418496131896975,2025-04-24 18:00:58.497939,2025-04-24 18:01:09.684709,0 days 00:00:11.186770,0.4884076253473367,0.2719207952740928,8,0.017631811540601262,0.07854886880708636,0.03988117845234929,0.07138742561901062,0.09463751584118454,0.04268642155562598,0.00028604026468646864,25,69,0.01524800937351056,0.2400059391904307,True,False,False,3.837312367958542e-05,COMPLETE
507,0.44587836861610414,2025-04-24 18:01:09.842344,2025-04-24 18:01:21.210684,0 days 00:00:11.368340,0.46905612314151357,0.25353884825902545,8,0.02861443062259584,0.09000900081569928,0.03238063620791745,0.07722546677840238,0.09744915779508014,0.03369371763787215,0.0003703343475649515,26,66,0.012067219533494707,0.2584448345885651,True,False,False,3.0358194513514934e-05,COMPLETE
508,0.39671894907951355,2025-04-24 18:01:21.378963,2025-04-24 18:01:32.698457,0 days 00:00:11.319494,0.4506222871013856,0.2854383740651067,8,0.012614128896461683,0.08498173911104795,0.045744735851437054,0.07326104020336603,0.09163630271875506,0.03796411294795349,0.00022694675551130774,25,71,0.030320601607638116,0.2519386021124491,True,False,False,4.6266784215718155e-05,COMPLETE
509,0.4022305250167847,2025-04-24 18:01:32.857135,2025-04-24 18:01:43.226942,0 days 00:00:10.369807,0.4882158143817865,0.30430286076983126,8,0.021355487485394134,0.09585971613488393,0.03740105366646437,0.06949550595956226,0.09603979335284975,0.029770115597313462,0.0006684743406749915,26,64,0.010441549217710809,0.23611817868660417,True,True,False,7.515833911571024e-07,COMPLETE
510,0.4603663384914398,2025-04-24 18:01:43.397312,2025-04-24 18:01:54.409731,0 days 00:00:11.012419,0.43489531990344776,0.30890802004608886,8,0.012339638066947113,0.07736556846628012,0.0351233993897785,0.07593652905777064,0.098074001334705,0.04475967669166822,0.0004852856225098646,25,60,0.013554579793881541,0.24419506801833246,True,False,False,3.141685672522334e-05,COMPLETE
511,0.4086037456989289,2025-04-24 18:01:54.568204,2025-04-24 18:02:06.051578,0 days 00:00:11.483374,0.46876888959587554,0.268550669481844,8,0.01833321621720895,0.08506160762753794,0.030648205055820374,0.08110173529961462,0.0951109291568077,0.04087859529638889,0.00031596635511902847,26,74,0.01785206027619268,0.26534616968288427,True,False,False,3.908273467813445e-05,COMPLETE
512,0.34902344942092894,2025-04-24 18:02:06.210775,2025-04-24 18:02:16.525529,0 days 00:00:10.314754,0.4938222501461992,0.2279054267885958,8,0.02954578143569572,0.0920336409818265,0.03898638244528349,0.07877854332042508,0.09842531126310783,0.03181742943221006,0.0010150806266196067,25,69,0.010387467321153707,0.25036286142150294,True,False,True,3.165538113785793e-05,COMPLETE
513,0.28504276871681217,2025-04-24 18:02:16.696901,2025-04-24 18:02:27.470713,0 days 00:00:10.773812,0.4564659580905988,0.30781652643528923,8,0.00012713149320258896,0.09957106847566774,0.03336013374387697,0.07672122222258557,0.0998469196950262,0.03585950036832821,0.00039162501228406926,24,66,0.012442921294939326,0.24171461038116301,True,False,False,5.3142689716613053e-05,COMPLETE
514,0.4338361084461212,2025-04-24 18:02:27.636055,2025-04-24 18:02:38.831542,0 days 00:00:11.195487,0.4923531208936768,0.2781914191201169,8,0.02396238975599627,0.07707724429484947,0.04822566557110957,0.07379901740910055,0.09322955852310899,0.03441869063669191,0.00023687216335419985,26,63,0.015802807624635644,0.27693732348144573,True,False,False,3.857679674075603e-05,COMPLETE
515,0.48223630785942084,2025-04-24 18:02:39.004725,2025-04-24 18:02:50.162958,0 days 00:00:11.158233,0.4752465881550289,0.2593950549226139,8,0.012158061010235057,0.08793003956197923,0.0420389956253382,0.0653826862415736,0.09620262011974565,0.029691945613846967,0.0002786062892152168,25,74,0.010364325845290933,0.23401246162071665,True,False,False,3.000708368243652e-05,COMPLETE
516,0.46720301508903506,2025-04-24 18:02:50.323562,2025-04-24 18:03:01.595144,0 days 00:00:11.271582,0.4665131073127185,0.2610189115258207,8,0.01892281523202376,0.09161893565823358,0.044059764061264474,0.06489744373268753,0.0947000910463284,0.028898190107638305,0.00019874457359754554,25,74,0.00986839376422874,0.25410778851338295,True,False,False,2.401749514464794e-07,COMPLETE
517,0.48387758135795594,2025-04-24 18:03:01.756206,2025-04-24 18:03:12.791838,0 days 00:00:11.035632,0.4760346961664966,0.1780619295178616,8,0.010844156477562993,0.09524397612737767,0.04230015793919575,0.06353567106766504,0.09779081987325827,0.029256241171518246,0.0003123060865704919,24,74,0.01014812907881493,0.25893061923635113,True,False,False,4.999099675129295e-05,COMPLETE
518,0.48376232981681827,2025-04-24 18:03:12.964000,2025-04-24 18:03:23.986254,0 days 00:00:11.022254,0.4753060637502419,0.16431891105536,8,0.009957596091519397,0.1022770796365061,0.044517326267511564,0.059346407602880236,0.09847682384949043,0.029781474638987022,0.00020086583622251565,24,75,0.009877234076858307,0.2551017689508758,True,False,False,3.039694446307427e-05,COMPLETE
519,0.47658255100250246,2025-04-24 18:03:24.151443,2025-04-24 18:03:35.020915,0 days 00:00:10.869472,0.47569674542466267,0.1787678874165771,8,0.004100044926386004,0.10336344538718946,0.04404597339853459,0.06326794255184262,0.09971434959970414,0.02950606508818033,0.00019916438276648639,23,74,0.009698429302231196,0.2587888252977356,True,False,False,5.187316608024445e-05,COMPLETE
520,0.28504276871681217,2025-04-24 18:03:35.198252,2025-04-24 18:03:45.977644,0 days 00:00:10.779392,0.4823496257637821,0.13532574266868788,8,0.0004108119130897675,0.10251837550278449,0.04277743433732525,0.06143389008213624,0.09703326005016664,0.029913980398805523,0.00020409394147072636,23,75,0.010066703432046872,0.26058737192920056,True,False,False,5.075670081401949e-05,COMPLETE
