number,value,datetime_start,datetime_complete,duration,params_alpha-eval,params_alpha-train,params_batch-size,params_eps-eval,params_eps-train,params_lambda-actions-eval,params_lambda-actions-train,params_lambda-frames-eval,params_lambda-frames-train,params_learning-rate,params_n-epochs,params_n-frames,params_radius-gw,params_rho,params_std-feats,params_ub-actions,params_ub-frames,params_weight-decay,state
337,0.28504276871681217,2025-04-05 05:58:50.976412,2025-04-05 05:58:57.961552,0 days 00:00:06.985140,0.596110025710664,0.8256170903418649,8,0.017956230401550782,0.03748318325337144,0.055930457879547736,0.012532041576464066,0.06013401141750322,0.02293283208162693,0.0004390647800503025,11,13,0.036034111438123,0.29835698656836723,False,True,True,2.0636258487676585e-08,COMPLETE
338,0.4167639136314392,2025-04-05 05:58:58.068058,2025-04-05 05:59:05.417697,0 days 00:00:07.349639,0.6447755982853092,0.8037999175089824,8,0.02731842083903454,0.029156908879504,0.06296108214085824,0.018823411318623036,0.09557275387563277,0.017426231715785744,0.0002763129643354133,14,5,0.0312749642493757,0.257411926794647,False,True,False,1.6121255809097142e-08,COMPLETE
339,0.37693233489990235,2025-04-05 05:59:05.524204,2025-04-05 05:59:12.810706,0 days 00:00:07.286502,0.6232336693860575,0.8478396391611615,8,0.006937354832741244,0.04210061066263286,0.059211833076471404,0.016467981578281027,0.09231524244710002,0.019849183869881236,0.0010279024763636356,13,20,0.03281407326053312,0.249659901418108,False,True,False,2.611407730399467e-08,COMPLETE
340,0.46339677572250365,2025-04-05 05:59:12.920302,2025-04-05 05:59:20.618197,0 days 00:00:07.697895,0.5641299009685354,0.814478581461501,8,0.020682507484484053,0.034968634573754355,0.05686295154054143,0.022257691889121706,0.06427093458303365,0.028713807032110725,0.0003788105247247866,16,10,0.0393076534394828,0.28298241577561356,False,True,False,1.1722231599027947e-08,COMPLETE
341,0.450283408164978,2025-04-05 05:59:20.736590,2025-04-05 05:59:28.395406,0 days 00:00:07.658816,0.5826490914811245,0.8178707348247373,8,0.01552412470562055,0.03413598919576752,0.057148309906891966,0.014002051358461248,0.08973022710031991,0.02959897029136268,0.0003487505736385009,16,8,0.0390549423661966,0.2818686526075377,False,True,False,1.037121842264517e-08,COMPLETE
342,0.38038905262947087,2025-04-05 05:59:28.502900,2025-04-05 05:59:36.279280,0 days 00:00:07.776380,0.5643600150237887,0.8303016862403821,8,0.011839473482208278,0.052156465319080234,0.057273594932484136,0.013208339282669073,0.09479157569836533,0.025167488075623044,0.0003100422872292355,16,15,0.039183081599123565,0.29027153142307,False,True,False,1.1358844902451778e-08,COMPLETE
343,0.38109488487243653,2025-04-05 05:59:36.386938,2025-04-05 05:59:44.049369,0 days 00:00:07.662431,0.5808385612795023,0.8843544806231356,8,0.021222689345642035,0.04628286404721027,0.060197409480998644,0.02701128648664679,0.07174144440684069,0.029136616378522686,0.00033558572099498865,16,10,0.03755456270716997,0.2832673440986335,False,True,False,1.0034079464553749e-08,COMPLETE
344,0.3612765729427338,2025-04-05 05:59:44.158012,2025-04-05 05:59:51.834876,0 days 00:00:07.676864,0.548461159213282,0.8631141269258854,8,0.005154324446481961,0.03768422651145239,0.05810173725371872,0.022023930236139924,0.08631453204318426,0.027038735129624687,0.00025423290404570284,16,12,0.03500020303067397,0.277445304092335,False,True,False,1.3130806724489312e-08,COMPLETE
345,0.28504276871681217,2025-04-05 05:59:51.955543,2025-04-05 05:59:59.696363,0 days 00:00:07.740820,0.5764147343586652,0.7889917161411812,8,0.012923383377271551,0.035467430320123505,0.05545569901795003,0.01815560321353009,0.06898225251711498,0.02462844650054992,0.0003739665709998686,16,45,0.0392715677996475,0.2936785224837508,False,True,False,1.3407975678902615e-08,COMPLETE
346,0.45054535269737245,2025-04-05 05:59:59.806373,2025-04-05 06:00:07.356882,0 days 00:00:07.550509,0.6048237967382155,0.8393354213192352,8,0.02190405991897916,0.030029333853708047,0.061220232593725936,0.011253367975363195,0.07894230817809716,0.02949633468007204,0.00039222365248031026,15,8,0.039419449323378736,0.2857584588103445,False,True,False,1.6178142839862234e-08,COMPLETE
347,0.4122666120529175,2025-04-05 06:00:07.466702,2025-04-05 06:00:15.120199,0 days 00:00:07.653497,0.6036576746721526,0.8410069672483049,8,0.024658241936969038,0.027436017364255473,0.06386865871572506,0.0020744966425825934,0.0807885812786052,0.0281753078073648,0.00037500177924949883,16,8,0.03714868693707249,0.2862819140349926,False,True,False,1.679857718093052e-08,COMPLETE
348,0.36055443286895755,2025-04-05 06:00:15.230037,2025-04-05 06:00:22.812222,0 days 00:00:07.582185,0.5899689095409498,0.8200370115848965,8,0.01656328816201763,0.04280294019953419,0.06166218772057711,0.010497566657534659,0.0858707635868309,0.0329295281668168,0.0002844643520278842,15,8,0.0399764191353426,0.28052352274328113,True,True,False,1.1476180686299107e-08,COMPLETE
349,0.3665717661380768,2025-04-05 06:00:22.935567,2025-04-05 06:00:30.480874,0 days 00:00:07.545307,0.553796696513025,0.8724148252539053,8,0.02500135396224793,0.033328659305484114,0.060483058944204644,0.020216652944273873,0.09536767886364966,0.0292063368560928,0.00039820589671778596,15,12,0.03846102925738416,0.2722694929952194,False,True,False,1.4675385726891684e-08,COMPLETE
350,0.37522117495536805,2025-04-05 06:00:30.592617,2025-04-05 06:00:37.307097,0 days 00:00:06.714480,0.6003154050052409,0.8434499112495389,16,0.0006788136993287333,0.034575432741393866,0.05787865354476375,0.0138040903435235,0.08915962888661921,0.023523014787229384,0.00035496706731503287,15,17,0.03148989615113926,0.2903385082478308,False,True,False,0.00012434321382744545,COMPLETE
351,0.40618768930435184,2025-04-05 06:00:37.418434,2025-04-05 06:00:45.007912,0 days 00:00:07.589478,0.568498823947307,0.7961820554792538,8,0.010939258202545503,0.027962036698324547,0.06651087068673622,0.008478777437197094,0.0777391544180401,0.02674594832551352,0.0004443952414663669,15,8,0.03502778918650641,0.2845423878776873,False,True,False,1.7794181711634686e-08,COMPLETE
352,0.33419705033302305,2025-04-05 06:00:45.120121,2025-04-05 06:00:52.799775,0 days 00:00:07.679654,0.6251811688705569,0.8156736258039007,8,0.029305272129798617,0.14980732777627664,0.05966730651883356,0.016557747362493377,0.06214077968881965,0.03145666877388023,0.00031468860733388645,16,14,0.04126749095396856,0.275744750125845,False,True,False,1.0003836386943717e-08,COMPLETE
353,0.34748963713645936,2025-04-05 06:00:52.924322,2025-04-05 06:01:00.280759,0 days 00:00:07.356437,0.529198105616375,0.8332717737305274,8,0.0174442592988285,0.04852282275932164,0.05642727198352487,0.01921596225178621,0.06538030183374002,0.034188744785467566,0.0005780274727131407,14,7,0.04017906959640116,0.2935595592524988,False,True,False,3.942139894733307e-05,COMPLETE
354,0.45481433868408205,2025-04-05 06:01:00.392655,2025-04-05 06:01:08.090798,0 days 00:00:07.698143,0.5855671673672083,0.7779868765738036,8,0.020597071998773912,0.041225695629884276,0.06273824979713634,0.02298820228320293,0.09758741065544045,0.0221392727544156,0.0007793980902435805,16,10,0.036566443245615636,0.28024202382731006,False,True,False,2.2575745495013586e-08,COMPLETE
355,0.3530040204524994,2025-04-05 06:01:08.203945,2025-04-05 06:01:15.923037,0 days 00:00:07.719092,0.5849903765308277,0.7838552777732787,8,0.020756738460180373,0.05421860498146227,0.06367916079056507,0.02617550868727269,0.09584613164182917,0.02201699772008891,0.0007832482481644872,16,11,0.036619050317146865,0.2824200267035306,False,True,False,2.2910226497884845e-08,COMPLETE
356,0.3520378947257996,2025-04-05 06:01:16.036977,2025-04-05 06:01:23.562816,0 days 00:00:07.525839,0.5599769852039818,0.8600903974540413,8,0.007659671383457015,0.042650247502142226,0.062032058088180464,0.023616077702916616,0.09626555503681615,0.02056278049982683,0.0012101467006206345,15,5,0.03450302407213493,0.2692712906092171,False,True,False,1.4162932586107115e-08,COMPLETE
357,0.28504276871681217,2025-04-05 06:01:23.685845,2025-04-05 06:01:31.390351,0 days 00:00:07.704506,0.6112865144854135,0.8107026563144301,8,0.015848690369006286,0.03897046133480573,0.06514280201719717,0.023650048813824053,0.0919777543903817,0.023773635272830877,0.0009595031194922928,16,14,0.03800847770459416,0.298625084217759,False,True,True,1.9158368174042603e-08,COMPLETE
358,0.28504276871681217,2025-04-05 06:01:31.504255,2025-04-05 06:01:39.155536,0 days 00:00:07.651281,0.5940640777245747,0.8235443499858923,8,0.024213147517288373,0.05813481794822345,0.05914197086686449,0.022032618614940283,0.099433058729952,0.03084211596841102,0.0006849297576794957,15,97,0.035984729825878276,0.27633314616330285,False,True,False,3.188999555741822e-08,COMPLETE
359,0.4584591388702393,2025-04-05 06:01:39.270021,2025-04-05 06:01:46.925187,0 days 00:00:07.655166,0.5738200255962399,0.776916417397745,8,0.009674094286906796,0.046158492297608655,0.06112040155256636,0.02023198778710566,0.09867274137177642,0.02753044101465634,0.0007545649993651987,16,9,0.032173411483257364,0.2864865016141944,False,True,False,2.5283463594017126e-08,COMPLETE
360,0.37127042412757877,2025-04-05 06:01:47.051191,2025-04-05 06:01:54.754336,0 days 00:00:07.703145,0.5520269513156486,0.7948461473668088,8,0.008097691805337592,0.048536786495360425,0.06286685245411805,0.021303820547795855,0.09768455341897166,0.028304854640974608,0.0008500149084854729,16,11,0.029672530300679338,0.2869472075376795,False,True,False,2.529467027246547e-08,COMPLETE
361,0.46980207562446596,2025-04-05 06:01:54.868403,2025-04-05 06:02:02.269829,0 days 00:00:07.401426,0.5665998546421969,0.8463234256932741,8,0.012042588192866787,0.02822385829680798,0.06114312607879707,0.024558313352036218,0.09960661933088254,0.029335045941563744,0.0011450592841226778,14,19,0.03218834830130317,0.28044206914734926,False,True,False,3.378326669130212e-08,COMPLETE
362,0.3680453479290009,2025-04-05 06:02:02.387571,2025-04-05 06:02:09.834358,0 days 00:00:07.446787,0.5719198100774239,0.8773314242125596,8,0.0045844631881045185,0.028946094646979323,0.06785718490489756,0.02397326990328934,0.09295221388795447,0.030911305883943998,0.0013267341799006029,14,21,0.03237755978628844,0.28143971215683605,False,True,False,3.414393146282695e-08,COMPLETE
363,0.38606179356575016,2025-04-05 06:02:09.949973,2025-04-05 06:02:17.509889,0 days 00:00:07.559916,0.5359865826201985,0.9035638559137807,8,0.012302642375206183,0.03522808627127606,0.061312428521473464,0.025075215418491517,0.0993138678658843,0.02748498560738095,0.0007377851477872919,15,16,0.02740061934323306,0.2859755141276642,False,True,False,2.3415375904745777e-08,COMPLETE
364,0.376702344417572,2025-04-05 06:02:17.636918,2025-04-05 06:02:25.061451,0 days 00:00:07.424533,0.6134503916370065,0.8478461475516215,8,0.011554108764053408,0.02797086609475405,0.06444254179758177,0.02729739504778877,0.09744510652471944,0.026324641247958212,0.0015580352923577317,14,17,0.032017854420503054,0.2928137352200162,False,True,False,2.987403895958436e-08,COMPLETE
365,0.3704743623733521,2025-04-05 06:02:25.178056,2025-04-05 06:02:32.775741,0 days 00:00:07.597685,0.5703324472296115,0.8351648802150203,8,0.01718532855438678,0.04399160191130896,0.06050765130920624,0.025112610970642307,0.09947576011401793,0.029480104485931483,0.0005990748770657093,15,13,0.03377179007691387,0.2784672197537116,False,True,False,1.9163598520629512e-08,COMPLETE
366,0.368026864528656,2025-04-05 06:02:32.892624,2025-04-05 06:02:39.807815,0 days 00:00:06.915191,0.7032351769873644,0.8610356222085669,8,0.004365691155401719,0.03485330186861023,0.06359005630812832,0.022415140363277183,0.09780091220564675,0.025744982766201817,0.000850746166023037,10,19,0.029515328489250706,0.2739936886272003,False,True,False,3.72961553631381e-08,COMPLETE
367,0.3540818810462952,2025-04-05 06:02:39.924090,2025-04-05 06:02:47.783128,0 days 00:00:07.859038,0.5504447233792887,0.8144584835007201,8,0.012641666342207158,0.04895153132926024,0.05913080551629569,0.020530160285037794,0.09992365825946353,0.035951661652131955,0.0011160251489220935,16,11,0.03159888680706455,0.2903161781966621,False,True,False,2.3769568635605267e-08,COMPLETE
368,0.34891730546951294,2025-04-05 06:02:47.910036,2025-04-05 06:02:55.393149,0 days 00:00:07.483113,0.633621862936008,0.9460251097022604,8,0.020144214373170703,0.02937698466310637,0.06191267519066984,0.021591835291588403,0.09994048930850302,0.049555638255844164,0.0005197241160583107,14,14,0.03526847301261947,0.28030875309148534,True,True,False,1.6170522147318693e-08,COMPLETE
369,0.3591672480106354,2025-04-05 06:02:55.510363,2025-04-05 06:03:02.957398,0 days 00:00:07.447035,0.041171874035248524,0.8483093502226746,8,0.007548532550727644,0.03941351882984395,0.05894238917527632,0.023351272994679716,0.0899427538096669,0.030025245643248568,0.0006592529212407603,14,10,0.033783866658112074,0.26886397835980624,False,True,False,2.7478514696351028e-08,COMPLETE
370,0.4104600608348847,2025-04-05 06:03:03.074246,2025-04-05 06:03:10.604987,0 days 00:00:07.530741,0.5996130081675358,0.7999529869833547,8,0.0008030339952676702,0.03430917224155649,0.06650832906154024,0.020064496397522235,0.09393023351165557,0.023326836179284716,0.0005215351607690738,15,10,0.037202607869286475,0.28536447939774295,False,True,False,1.9055225585237394e-08,COMPLETE
371,0.3331178486347199,2025-04-05 06:03:10.733768,2025-04-05 06:03:18.485384,0 days 00:00:07.751616,0.7363306826305414,0.8789648126744599,8,0.01739706719044172,0.0550115245481094,0.06085246103993745,0.02521963170337206,0.0961685893332568,0.019300929770452488,0.000781302500636481,16,15,0.03913821395046431,0.2996148353944163,False,True,False,1.5458672142009667e-08,COMPLETE
372,0.39997217059135437,2025-04-05 06:03:18.606567,2025-04-05 06:03:26.155515,0 days 00:00:07.548948,0.5326230431478023,0.8291776681890752,8,0.012504981076798698,0.025681442139971318,0.057780932530475455,0.004516267152547706,0.09722191530203561,0.03377034386637274,0.0006300997106224956,15,8,0.03673929145266975,0.27215485190268807,False,True,False,2.1164287896751795e-08,COMPLETE
373,0.34222511649131776,2025-04-05 06:03:26.274840,2025-04-05 06:03:33.974459,0 days 00:00:07.699619,0.6684183668206926,0.8144063314584257,8,0.021211430601869787,0.139533329619409,0.06295700729436676,0.018197839821773344,0.09795885664658804,0.027205771262519173,0.00046224105634143446,16,12,0.0390331648842966,0.2659658768389378,False,True,False,3.650826993339472e-08,COMPLETE
374,0.28504276871681217,2025-04-05 06:03:34.092627,2025-04-05 06:03:40.913981,0 days 00:00:06.821354,0.5657693772926801,0.779234282105929,16,0.00031513882153380145,0.04576738732340974,0.056491922595069195,0.019445338666030584,0.09416813763744336,0.024778011031981323,0.0009406697770510957,15,57,0.03315482056872889,0.29299455148973935,False,True,False,1.2400192352002273e-08,COMPLETE
375,0.3078643321990967,2025-04-05 06:03:41.045467,2025-04-05 06:03:48.446945,0 days 00:00:07.401478,0.5876556930520745,0.8521024418820935,8,0.029708763944849607,0.040056692436414326,0.06056487729142046,0.011764332854190998,0.08600793280885866,0.020682945095077336,0.0005970352162766573,14,18,0.04081440563636534,0.27714893524960404,False,True,False,2.8589336659374793e-08,COMPLETE
376,0.28504276871681217,2025-04-05 06:03:48.565988,2025-04-05 06:03:56.103763,0 days 00:00:07.537775,0.6215777646487085,0.8320871886620764,8,0.009292579576659308,0.060594790525776314,0.05879161960126538,0.017730757214753912,0.07496510642266871,0.018129892500422767,0.0004461734151546041,15,36,0.03484629504521254,0.28598299789757897,False,True,False,1.8429655614024132e-08,COMPLETE
377,0.28504276871681217,2025-04-05 06:03:56.222992,2025-04-05 06:04:03.935744,0 days 00:00:07.712752,0.5129495079263641,0.7958297864507131,8,0.016037095326774976,0.03115921303426619,0.05597933672060218,0.022311461119557265,0.056838013500479075,0.031506127055700425,0.0007314059007869977,16,7,0.03784396344630546,0.2811552326509149,False,True,True,2.320836714336917e-08,COMPLETE
378,0.40880650281906133,2025-04-05 06:04:04.057846,2025-04-05 06:04:10.818079,0 days 00:00:06.760233,0.6013055457720526,0.8104012838099163,8,0.024034244739904707,0.025318452906658497,0.06175920965438947,0.028295126480098506,0.08300928594634466,0.01585123461510375,0.0005433866917653637,9,10,0.039668769432200345,0.2649091268156614,False,True,False,1.582235256095332e-08,COMPLETE
379,0.3672636270523072,2025-04-05 06:04:10.947971,2025-04-05 06:04:18.392411,0 days 00:00:07.444440,0.549367233837807,0.8708075847353346,8,0.007717338567241938,0.03443457339915399,0.05855402310179181,0.02070401045358447,0.05342832241076939,0.021968283993049523,0.0011294166595816515,14,5,0.03024268094595796,0.2728637102317028,False,True,False,2.9947516240907416e-08,COMPLETE
380,0.35226660370826723,2025-04-05 06:04:18.515107,2025-04-05 06:04:25.548364,0 days 00:00:07.033257,0.5761792168954182,0.8929680818706045,8,0.015867363815341463,0.043705406041014284,0.06516550289653932,0.014246305610918266,0.08052480508926332,0.018951811256520113,0.00042869435801370465,11,13,0.041584917552921,0.28908664792849165,False,True,False,4.101736681250096e-08,COMPLETE
381,0.30929684042930605,2025-04-05 06:04:25.669028,2025-04-05 06:04:32.966787,0 days 00:00:07.297759,0.5246197744045875,0.840773296896891,8,0.027508273092389325,0.050986104992937625,0.05534976522712308,0.017220703752895535,0.09155808265865101,0.02845623226656962,0.0008144398450457224,13,23,0.03630706613814136,0.27834537952325006,False,True,False,1.1744414557308319e-08,COMPLETE
382,0.4351198732852936,2025-04-05 06:04:33.115176,2025-04-05 06:04:40.754217,0 days 00:00:07.639041,0.6120687715418355,0.7852288679959476,8,0.020420951421316363,0.039723653036586426,0.05746322405231002,0.010971670907184443,0.09393441923399617,0.09959041367337657,0.0006529097204212339,16,8,0.03876258175820741,0.26868684038495255,False,True,False,1.0180365597644079e-08,COMPLETE
383,0.4037065446376801,2025-04-05 06:04:40.876594,2025-04-05 06:04:48.424335,0 days 00:00:07.547741,0.6537755479343845,0.8216089955082286,8,0.0062348345172623,0.027198172353145707,0.06048081867181834,0.019737798556689768,0.08865362548786408,0.016685461864345504,0.00023372861663985267,15,10,0.031964290365824904,0.2920210776108683,False,True,False,2.267346443212057e-08,COMPLETE
384,0.47494016885757445,2025-04-05 06:04:48.548335,2025-04-05 06:04:55.880193,0 days 00:00:07.331858,0.5603115905890627,0.8534383464644075,8,0.013048809236784212,0.034395462150758796,0.0631378105792716,0.01610718754128367,0.06929697636726026,0.022535964300170422,0.000294254953363941,14,5,0.036057927711848105,0.26167465805937234,False,True,False,1.4821191031812229e-08,COMPLETE
385,0.35890213251113895,2025-04-05 06:04:56.014455,2025-04-05 06:05:03.286488,0 days 00:00:07.272033,0.5635736972517106,0.8640779678790452,8,0.012612142097867039,0.035010889159484346,0.06836037461439361,0.013891157961303052,0.07690529726793138,0.024715534787987624,0.00029611788300383274,13,7,0.03487779968332379,0.28351825101930883,False,True,False,1.479302316873965e-08,COMPLETE
386,0.45593672990798956,2025-04-05 06:05:03.409890,2025-04-05 06:05:10.732811,0 days 00:00:07.322921,0.5854484325403114,0.7736469075962645,8,0.00010110454442938469,0.046092632213403484,0.0629357393925931,0.01614874077038055,0.07303238341610978,0.022557937895997814,0.00022745431306486977,14,5,0.036431051992275615,0.26070117300778267,False,True,False,1.742925402785578e-08,COMPLETE
387,0.45955290198326115,2025-04-05 06:05:10.855836,2025-04-05 06:05:18.197358,0 days 00:00:07.341522,0.5893362796518552,0.7684801553830307,8,0.00443457827914652,0.04650910704830401,0.0641736576711621,0.016292001702923102,0.0731145790515714,0.023101298769599092,0.0002218751870950543,14,5,0.03621332372905225,0.27354488271652305,False,True,False,1.289459969688322e-08,COMPLETE
388,0.4720222234725952,2025-04-05 06:05:18.321327,2025-04-05 06:05:25.556259,0 days 00:00:07.234932,0.5889820093213685,0.7744516439530006,8,0.001179792400883799,0.053027151735188335,0.06579655965463067,0.012474775503680051,0.06801469960507478,0.025824235827331333,0.00022288954849190393,13,5,0.03259059217284885,0.2745224861455113,False,True,False,1.3213743543662897e-08,COMPLETE
389,0.3502743661403656,2025-04-05 06:05:25.689600,2025-04-05 06:05:32.920116,0 days 00:00:07.230516,0.5847475149587686,0.7729141044400012,8,0.00025571622145000234,0.05954186349226663,0.06616142043176694,0.007814166622564575,0.07051695542719724,0.027177779923778275,0.00023718421766576902,13,5,0.02682786261279068,0.2746990799269774,True,True,False,1.1960422817950823e-08,COMPLETE
390,0.4568724393844605,2025-04-05 06:05:33.044096,2025-04-05 06:05:40.402880,0 days 00:00:07.358784,0.5913511685438437,0.7705364658418944,8,0.004229250798662472,0.04960670976394263,0.06928138022005811,0.009669544411376227,0.0737650964898829,0.025272355212025102,0.00022571591938172952,14,5,0.03094566207311281,0.2992980827302377,False,True,False,1.283735169888026e-08,COMPLETE
391,0.4743801593780518,2025-04-05 06:05:40.529598,2025-04-05 06:05:47.763375,0 days 00:00:07.233777,0.5915639768990162,0.7693524034433892,8,0.0015628328890098433,0.05124755458964081,0.06871100274240821,0.009222952712586021,0.06792793574047108,0.025771745837871445,0.00021359615473879616,13,5,0.028831722341387023,0.29807426046566043,False,True,False,1.2608310640067826e-08,COMPLETE
392,0.28504276871681217,2025-04-05 06:05:47.899530,2025-04-05 06:05:55.333067,0 days 00:00:07.433537,0.5937313684937393,0.7764380319279227,8,0.0004909215556274773,0.05839288395574252,0.07110915036244406,0.005132342953238542,0.06776818318788588,0.025992966045388054,0.00021196019126293086,13,119,0.0291506328652892,0.298080295675125,False,True,False,1.0020949690471668e-08,COMPLETE
