number,value,datetime_start,datetime_complete,duration,params_alpha-eval,params_alpha-train,params_batch-size,params_eps-eval,params_eps-train,params_lambda-actions-eval,params_lambda-actions-train,params_lambda-frames-eval,params_lambda-frames-train,params_learning-rate,params_n-epochs,params_n-frames,params_radius-gw,params_rho,params_std-feats,params_ub-actions,params_ub-frames,params_weight-decay,state
1922,0.3701815724372864,2025-04-05 09:06:46.359001,2025-04-05 09:06:52.878261,0 days 00:00:06.519260,0.8682115376601536,0.961552289266501,16,0.10595511103468724,0.2621090522089647,0.09071507138228802,0.027669621819475545,0.03130559123087476,0.07613264351092047,6.175595881489913e-05,11,21,0.005570228942639809,0.1950166985569615,True,True,False,8.487038574529889e-08,COMPLETE
1923,0.454969996213913,2025-04-05 09:06:53.526955,2025-04-05 09:06:59.996838,0 days 00:00:06.469883,0.9029284365713771,0.9331679066374482,16,0.1163960723562233,0.25233735385215766,0.09046483013810654,0.028986725516346974,0.034326822586494436,0.0789759996198384,4.506084240451551e-05,11,16,0.0064656737571302,0.20154983065294402,True,True,False,1.3801489937891194e-07,COMPLETE
1924,0.4462248802185059,2025-04-05 09:07:00.621808,2025-04-05 09:07:07.076006,0 days 00:00:06.454198,0.8157615549059372,0.9829352781039628,16,0.11047867455508403,0.25795069804402904,0.08803743078034232,0.02924652198442437,0.03033091490382079,0.08180700469910851,3.404985083993305e-05,11,23,0.003111029430002599,0.15076245766706214,True,True,False,1.1476337135264303e-07,COMPLETE
1925,0.4788745224475861,2025-04-05 09:07:07.717852,2025-04-05 09:07:14.150773,0 days 00:00:06.432921,0.819214468715952,0.9548518853431853,16,0.10691654210451959,0.2624847139962616,0.09320229849865011,0.027339084880520205,0.03717574526305547,0.08473715969084983,3.1011622567939555e-05,10,19,0.005542441679842912,0.20620433981155517,True,True,False,8.882512651881717e-08,COMPLETE
1926,0.48244280815124513,2025-04-05 09:07:14.800673,2025-04-05 09:07:21.267224,0 days 00:00:06.466551,0.8435109072032522,0.9361887244799411,16,0.11854052385504674,0.25340599546415227,0.08966599976494144,0.02476118024363865,0.03229281227975464,0.07366602577275912,3.903627420258874e-05,11,22,0.006874387888342219,0.19092852897145265,True,True,False,1.4292928955565873e-07,COMPLETE
1927,0.4908157587051392,2025-04-05 09:07:21.893256,2025-04-05 09:07:28.357401,0 days 00:00:06.464145,0.8028735405265552,0.9600380275428531,16,0.1212415507862971,0.26180059033113356,0.09133550806060191,0.024103073435453586,0.03521058137849293,0.07776637143887295,2.919266108761564e-05,10,23,0.005049337132467871,0.19431662286244905,True,True,False,1.0743858223291143e-07,COMPLETE
1928,0.39465118646621705,2025-04-05 09:07:29.012460,2025-04-05 09:07:35.395106,0 days 00:00:06.382646,0.8878349457379056,0.9246079887419234,16,0.11549012610165527,0.2437698011775534,0.09352476863024,0.030124614533986797,0.0278413669106932,0.08073417775299128,5.2595345820253395e-05,10,20,0.007405829337154795,0.1425702314596053,True,True,False,1.577530615385101e-07,COMPLETE
1929,0.43531254529953006,2025-04-05 09:07:36.022352,2025-04-05 09:07:42.572932,0 days 00:00:06.550580,0.8134849478024044,0.9743263628956879,16,0.1034055985031578,0.2586815286568027,0.08653335251989777,0.026320698395766635,0.03451042829351428,0.07504301046436893,4.1732851962693386e-05,11,16,0.0032099577550677464,0.20803338785238817,True,True,False,8.608688277036637e-08,COMPLETE
1930,0.4709091901779175,2025-04-05 09:07:43.226176,2025-04-05 09:07:49.690704,0 days 00:00:06.464528,0.8582380383569108,0.9430726745120143,16,0.14724678281111278,0.26033578755589715,0.08864957350987074,0.02829735276176258,0.037835090360980476,0.07689010050396201,3.3609289316890794e-05,11,24,0.006298108572252652,0.19828777446237517,True,True,False,1.0960520047830159e-07,COMPLETE
1931,0.4663330137729645,2025-04-05 09:07:50.310740,2025-04-05 09:07:56.708365,0 days 00:00:06.397625,0.7451961316197745,0.9795116832360742,16,0.1214519216245506,0.24916307520375489,0.09099379813406053,0.03093746728390116,0.03302432095782747,0.07262534519893163,2.944583078249143e-05,10,20,0.007692995736791932,0.16147025055413183,True,True,False,1.4862945461800173e-07,COMPLETE
1932,0.28504276871681217,2025-04-05 09:07:57.354700,2025-04-05 09:08:03.961367,0 days 00:00:06.606667,0.7741759882499213,0.9177185897528375,16,0.09051379724517031,0.23866340929265584,0.08764900188938639,0.035484752476773594,0.02617902870300048,0.07998538770394599,3.691498105053621e-05,10,67,0.0049745712065251855,0.20372295628001466,True,True,False,2.1344473019795815e-07,COMPLETE
1933,0.28504276871681217,2025-04-05 09:08:04.615607,2025-04-05 09:08:11.635201,0 days 00:00:07.019594,0.8281759531030349,0.939535247054383,16,0.10895233740656879,0.26556635448296334,0.08445205754117176,0.029142832655963673,0.036944596764032445,0.08272271511372667,4.5340757469493666e-05,11,122,0.0030558195530430887,0.167891536127918,True,True,False,1.219166533636599e-07,COMPLETE
1934,0.4048786342144013,2025-04-05 09:08:12.267100,2025-04-05 09:08:18.646400,0 days 00:00:06.379300,0.7993436107146965,0.9607937823231423,16,0.12403079955330887,0.2653610305569313,0.08977428540185937,0.0318762075572905,0.03047287684212995,0.07519204618331464,5.818330329568207e-05,10,24,0.007399396452453899,0.20943004937428142,True,True,False,1.6604456600489933e-07,COMPLETE
1935,0.4625066041946411,2025-04-05 09:08:19.293369,2025-04-05 09:08:25.781072,0 days 00:00:06.487703,0.7580261935223661,0.9175344720405334,16,0.14583539947219465,0.2552302084839101,0.09371949188442166,0.03683579478653949,0.033094889881631645,0.07770227828013312,2.7236427747177174e-05,11,18,0.007908331520012178,0.19546281841606075,True,True,False,8.671483908184238e-08,COMPLETE
1936,0.4805491924285889,2025-04-05 09:08:26.438850,2025-04-05 09:08:32.944148,0 days 00:00:06.505298,0.7394418028647879,0.935146150829848,16,0.1392257880835893,0.23631859564323837,0.091306197770741,0.022590263135583512,0.03559296609860636,0.08438900215224232,3.415486705109138e-05,11,22,0.005603383386841475,0.18979860464697487,True,True,False,1.326968651497323e-07,COMPLETE
1937,0.36351068019866944,2025-04-05 09:08:33.574536,2025-04-05 09:08:40.419581,0 days 00:00:06.845045,0.8244001709244813,0.950234033022964,16,0.11458238051444455,0.26428097364772696,0.09340656479316425,0.0344187268773292,0.028805131969347142,0.08165217193594347,4.208801557759059e-05,10,25,0.008442920382699006,0.20266051782854183,True,False,False,1.0820585451863611e-07,COMPLETE
1938,0.28504276871681217,2025-04-05 09:08:41.074842,2025-04-05 09:08:47.374275,0 days 00:00:06.299433,0.7868626562781984,0.9167852197141255,16,0.14985311433857273,0.25032546247115656,0.08603896087386446,0.02611177604044285,0.023744056989776594,0.0789912240255651,2.8695133030608104e-05,9,21,0.0029775175638612904,0.17817447161563038,True,True,True,2.039813418880731e-07,COMPLETE
1939,0.3603207230567932,2025-04-05 09:08:48.008349,2025-04-05 09:08:54.557838,0 days 00:00:06.549489,0.8504681655143612,0.9634243093357716,16,0.09570889314526454,0.19325979249668643,0.0893474173002497,0.029862189434771806,0.0315496880411045,0.07248382840342611,2.5013780570664473e-05,11,26,0.0054908581620759685,0.1989564494905294,True,True,False,1.5786182818742822e-07,COMPLETE
1940,0.28504276871681217,2025-04-05 09:08:55.213633,2025-04-05 09:09:06.596667,0 days 00:00:11.383034,0.7983869316983203,0.9310731200960615,2,0.08329635363278572,0.2714893449558386,0.08757970127609739,0.03201827896775355,0.03724557277203346,0.07574093411458101,3.553730166478744e-05,10,16,0.009053956844318221,0.1844128035717886,True,True,False,2.499125142198399e-07,COMPLETE
1941,0.45351904034614565,2025-04-05 09:09:07.226198,2025-04-05 09:09:13.727204,0 days 00:00:06.501006,0.7649954171950013,0.9006835438559436,16,0.10827911004996159,0.2668746033062546,0.09134231063438215,0.027979492051611012,0.028160563264143613,0.08790037392751435,4.6352223885522974e-05,11,19,0.006557917426084415,0.1712203872135783,True,True,False,2.930753083201793e-07,COMPLETE
1942,0.43355101346969604,2025-04-05 09:09:14.374205,2025-04-05 09:09:20.871190,0 days 00:00:06.496985,0.8687592018446988,0.9754150513463359,16,0.101929707388091,0.2252141720222484,0.09347760554530898,0.037043812456174115,0.03749250296603905,0.07980050765884582,3.019929085603567e-05,10,23,0.004765889792348421,0.18905876707579367,True,True,False,9.815779428937518e-08,COMPLETE
1943,0.3474005818367005,2025-04-05 09:09:21.526813,2025-04-05 09:09:27.860912,0 days 00:00:06.334099,0.8099748672439302,0.9467114520953,16,0.11940783962534302,0.11182577664960996,0.08941986603092389,0.03378346031473404,0.034788607965968076,0.07730004506484014,5.434198627390178e-05,9,26,0.008870218219615734,0.1649288904609209,True,True,False,1.8254807669968173e-07,COMPLETE
1944,0.33950702548027045,2025-04-05 09:09:28.489317,2025-04-05 09:09:34.920367,0 days 00:00:06.431050,0.7783614749291912,0.9115551102015911,16,0.14760831494221638,0.25951050061802006,0.01877439684616919,0.031236099122360594,0.030009476492231936,0.08180468109907785,3.979148203688993e-05,11,22,0.0852273099498496,0.20920138772421998,True,True,False,1.247725524385964e-07,COMPLETE
1945,0.4884078145027161,2025-04-05 09:09:35.572686,2025-04-05 09:09:42.013434,0 days 00:00:06.440748,0.8344811478883473,0.9796108224139628,16,0.12497835206245658,0.12750949947327017,0.08551077306764644,0.0251419175761782,0.03181017171656374,0.08544065381377804,1.9362741678383177e-05,10,19,0.0029157957836252043,0.20361280909386717,True,True,False,8.714730987557486e-08,COMPLETE
1946,0.3370145559310913,2025-04-05 09:09:42.670925,2025-04-05 09:09:49.173581,0 days 00:00:06.502656,0.7623817779175551,0.9313820694073383,16,0.13433429220790416,0.2698931579233721,0.09113720941844596,0.035940557916272334,0.026207161585356197,0.07452365596032956,2.52447863816854e-05,11,24,0.09970077390144338,0.1957778961579901,True,True,False,1.5790402926355338e-07,COMPLETE
1947,0.46277925968170164,2025-04-05 09:09:49.804283,2025-04-05 09:09:56.139119,0 days 00:00:06.334836,0.7986135080097122,0.9554902271425572,16,0.11082011725152542,0.24458756528136175,0.08796929786195598,0.03949963503586798,0.03312445419211127,0.07817391867441091,3.3509032918219305e-05,9,16,0.007142372396294535,0.17814199973067396,True,True,False,1.3358114240804758e-07,COMPLETE
1948,0.36330192089080815,2025-04-05 09:09:56.794622,2025-04-05 09:10:03.214040,0 days 00:00:06.419418,0.7376012737087945,0.9072158083758859,16,0.14096054082256157,0.21665228117306254,0.09356778495389105,0.028634615836111845,0.03591905205864755,0.07230303186389246,4.698515707795243e-05,10,26,0.009777898560557946,0.15401924188831065,True,True,False,4.011348205448955e-07,COMPLETE
1949,0.4794465899467468,2025-04-05 09:10:03.846982,2025-04-05 09:10:10.332010,0 days 00:00:06.485028,0.8237823591393384,0.931105878970201,16,0.14909663345876625,0.2517242230314611,0.08956377695949068,0.031549342596395254,0.037608308928211834,0.08308414047847348,3.0058378560584988e-05,11,21,0.004908373937755941,0.1875707595742354,True,True,False,1.0406684124382398e-06,COMPLETE
1950,0.364452064037323,2025-04-05 09:10:10.988185,2025-04-05 09:10:17.468416,0 days 00:00:06.480231,0.7726551385776148,0.9610325678526875,16,0.11623417052886256,0.25919622675095105,0.09175271459134128,0.03321979742113442,0.023421520547674456,0.07963392171908555,6.24226020145511e-05,11,26,0.09679671917325777,0.2095429863008213,True,True,False,8.548098687624827e-07,COMPLETE
1951,0.4386191368103028,2025-04-05 09:10:18.127952,2025-04-05 09:10:24.549692,0 days 00:00:06.421740,0.7893528858724718,0.9191292535514475,16,0.12522298875224253,0.20815757817998617,0.02697197041827786,0.038278728414955214,0.03464441480149266,0.07595026061919012,3.7802852765175404e-05,10,23,0.007368331452059309,0.19969162234554108,True,True,False,2.1622655339948804e-07,COMPLETE
1952,0.4934494256973267,2025-04-05 09:10:25.185799,2025-04-05 09:10:31.494956,0 days 00:00:06.309157,0.8432877988222103,0.9832695642528547,16,0.13152712052161944,0.273794289445062,0.08697731811097191,0.035248678290565355,0.030039727893567035,0.08133997422506585,2.3666023672760875e-05,9,18,0.009361165276298333,0.16990611804884478,True,True,False,1.0976276200167383e-07,COMPLETE
1953,0.4780403256416321,2025-04-05 09:10:32.153626,2025-04-05 09:10:38.700579,0 days 00:00:06.546953,0.8072657227777642,0.9424232155046465,16,0.15208460352044165,0.26635968368692026,0.08469842472199332,0.046598599912147175,0.03831114566818488,0.08427334103769958,2.9088347907813405e-05,11,27,0.006336806184836192,0.21196729447879606,True,True,False,8.482248264548433e-08,COMPLETE
1954,0.48203793764114383,2025-04-05 09:10:39.362681,2025-04-05 09:10:45.766537,0 days 00:00:06.403856,0.7671572524421335,0.3040931016939265,16,0.14178383884276505,0.2547134643262373,0.09134766433726711,0.027594490913151477,0.027117045855864635,0.0747286763714235,2.167919338008737e-05,10,21,0.002853505224637407,0.18214000994833604,True,True,False,1.7234994177951016e-07,COMPLETE
1955,0.36351068019866944,2025-04-05 09:10:46.403821,2025-04-05 09:10:53.073446,0 days 00:00:06.669625,0.7505077631536665,0.9027733586607083,16,0.10528339567330419,0.2764002526477789,0.013936354150806692,0.03040887704301982,0.03284780044370035,0.078308309755939,3.8612875595923114e-05,9,25,0.007524420155293244,0.16157270804733873,True,False,False,1.274039235795386e-07,COMPLETE
1956,0.4765698850154877,2025-04-05 09:10:53.730733,2025-04-05 09:11:00.259177,0 days 00:00:06.528444,0.8198045172714046,0.9473846340025598,16,0.09878608372409346,0.2688625328675401,0.09356179246650276,0.02413163758365154,0.036028870337706805,0.07235396799657623,1.65797996935811e-05,11,16,0.010300220015333157,0.19261106792112406,True,True,False,2.4791590724033934e-07,COMPLETE
1957,0.28504276871681217,2025-04-05 09:11:00.928481,2025-04-05 09:11:07.256227,0 days 00:00:06.327746,0.7808634131567677,0.9994667649525418,16,0.11381356058344108,0.18169139032001974,0.08859413710480907,0.039878900281104156,0.028325732865998505,0.0806095626898117,4.8646904562414184e-05,10,19,0.004102347860869783,0.2045203068635594,True,True,True,5.688901892663518e-07,COMPLETE
1958,0.28504276871681217,2025-04-05 09:11:07.895928,2025-04-05 09:11:14.544921,0 days 00:00:06.648993,0.8612471058848661,0.9252720175483166,16,0.12278832053479471,0.1635034311768282,0.08984738197381557,0.03663804671682031,0.04904608285847547,0.07561668661614293,3.3738265258309656e-05,10,89,0.008415374810792228,0.1963522091370481,True,True,False,1.0192455472128158e-07,COMPLETE
1959,0.4908157587051392,2025-04-05 09:11:15.211898,2025-04-05 09:11:21.703756,0 days 00:00:06.491858,0.8004704601333813,0.8959924744048716,16,0.13708039545596548,0.26258698594390384,0.09353349807015811,0.03312355679063151,0.03095678662558999,0.07699370748734534,2.6917623492332782e-05,11,23,0.005648760193917554,0.17777659889045214,True,True,False,1.544570821381223e-07,COMPLETE
1960,0.28504276871681217,2025-04-05 09:11:22.344091,2025-04-05 09:11:29.166293,0 days 00:00:06.822202,0.7375943104181607,0.9718942097340908,16,0.14987917733186643,0.27655281939534554,0.08700843668413843,0.025821939188193477,0.03388532421062702,0.08629482170233145,3.228099650421426e-05,11,102,0.009634606133743671,0.17333965294894602,True,True,False,1.9251923712767433e-07,COMPLETE
1961,0.3251296103000641,2025-04-05 09:11:29.831102,2025-04-05 09:11:41.288318,0 days 00:00:11.457216,0.8752764139259622,0.8739147118649482,2,0.13197574601758977,0.2710744702425265,0.0914193507414424,0.029562549903545475,0.025270333291887853,0.08933808246238675,4.1051478126440475e-05,10,27,0.007097912073336321,0.20738769291250755,True,True,False,8.156682624104383e-08,COMPLETE
1962,0.4905702471733093,2025-04-05 09:11:41.925613,2025-04-05 09:11:48.185629,0 days 00:00:06.260016,0.8388470019334036,0.9456174034099135,16,0.1450867487329175,0.27964678546746385,0.0840754517896801,0.0378965119780749,0.03798313139579243,0.07376609932875167,2.1404258611277514e-05,9,21,0.011007756501082528,0.18827285599779153,True,True,False,1.2265225445734035e-07,COMPLETE
1963,0.4908157587051392,2025-04-05 09:11:48.844606,2025-04-05 09:11:55.367705,0 days 00:00:06.523099,0.7875563615620755,0.9175116847971666,16,0.1526879316682454,0.25870949499922036,0.08897228207882182,0.0457595095998353,0.03572080163728426,0.07864509879933235,2.6382242222203855e-05,11,24,0.0047087739716828525,0.16707162484845955,True,True,False,1.970734130997206e-07,COMPLETE
1964,0.28762407302856446,2025-04-05 09:11:56.030856,2025-04-05 09:12:02.453288,0 days 00:00:06.422432,0.9060404949692367,0.8989483648365798,16,0.11462781147422338,0.24850562933029313,0.086738458044621,0.04037778702272547,0.03230980318483599,0.08152542505861371,5.735438050718897e-05,10,27,0.008221397824798311,0.20021712978070255,True,True,False,1.0214877887932425e-07,COMPLETE
1965,0.458998715877533,2025-04-05 09:12:03.092005,2025-04-05 09:12:09.542880,0 days 00:00:06.450875,0.8211929156223651,0.9667615525348742,16,0.12676742816584413,0.28443271351232574,0.09171935182343874,0.034263343999313474,0.03007595143574182,0.0829570452064853,4.3954170634080704e-05,11,19,0.005977017548786377,0.21212879830029122,True,True,False,2.9071610647063904e-07,COMPLETE
1966,0.48264507055282596,2025-04-05 09:12:10.205317,2025-04-05 09:12:16.715692,0 days 00:00:06.510375,0.7551654882124437,0.9319935398123896,16,0.10817240320496876,0.291310185234693,0.09368574855744095,0.04812531434719391,0.034278404320970825,0.07970687437720107,1.4795633144153334e-05,11,24,0.010386838697791508,0.18356805026476977,True,True,False,1.4888995140800522e-07,COMPLETE
1967,0.3103054344654083,2025-04-05 09:12:17.377185,2025-04-05 09:12:24.833792,0 days 00:00:07.456607,0.8022202080639746,0.9555483400293735,16,0.09477806576335432,0.27133239605397635,0.08980334547636015,0.0274379010860803,0.03798806240128619,0.07674735145655161,0.0019430850823355136,21,21,0.0030974726350431574,0.19358000902191783,True,True,False,1.3452598699084797e-07,COMPLETE
1968,0.45783364176750185,2025-04-05 09:12:25.479162,2025-04-05 09:12:31.909847,0 days 00:00:06.430685,0.7762515404133492,0.9165121848279398,16,0.14586971126266068,0.2655262444333852,0.08768023414557913,0.030062417883650085,0.021927304163885976,0.07203269950588922,3.21402431597044e-05,10,16,0.008182179151435522,0.2056066081072147,True,True,False,8.598486763502365e-08,COMPLETE
1969,0.40360023975372317,2025-04-05 09:12:32.574937,2025-04-05 09:12:39.038981,0 days 00:00:06.464044,0.7358671811716591,0.9847050241368427,16,0.11726925146495831,0.27749841269219927,0.09143998374115682,0.03207238221894032,0.0497715804661942,0.07405879552289028,3.732635362836756e-05,10,27,0.0049900113657437885,0.17640848252785193,True,True,False,1.7995729062866753e-07,COMPLETE
1970,0.4542611539363861,2025-04-05 09:12:39.683579,2025-04-05 09:12:45.974760,0 days 00:00:06.291181,0.8168343580774304,0.9396715425395987,16,0.13978940885378682,0.29122787764413455,0.040877559937101356,0.04522182024084845,0.028454821344162752,0.08411154008354865,1.887476960952487e-05,9,23,0.05386186202835758,0.2000035551472199,True,True,False,1.1402687364434692e-07,COMPLETE
1971,0.4683548033237458,2025-04-05 09:12:46.639340,2025-04-05 09:12:53.111678,0 days 00:00:06.472338,0.7918260386894737,0.09284823129027253,16,0.15189597999130977,0.24257553214313307,0.08559928906258886,0.022547010926217158,0.036667723132594525,0.07935716654747917,2.451537700863547e-05,11,19,0.011220898939960419,0.21429480584975863,True,True,False,2.274223419147569e-07,COMPLETE
1972,0.32678369283676145,2025-04-05 09:12:53.777911,2025-04-05 09:13:00.223124,0 days 00:00:06.445213,0.7577273677883546,0.8972213554805308,16,0.12297284632526653,0.14857247591372894,0.08963994309136729,0.03533618205582205,0.025813907181593862,0.07714433067395472,0.0013019722913638794,10,27,0.006609982574782597,0.15952920120623545,True,True,False,1.556810685899092e-07,COMPLETE
1973,0.4555619537830353,2025-04-05 09:13:00.865640,2025-04-05 09:13:07.405781,0 days 00:00:06.540141,0.7718086999330851,0.8758383873482334,16,0.13123390859430464,0.2840486888399553,0.09388976968376235,0.03803793998847977,0.031622399635771736,0.08131694117975112,5.0755246505273e-05,11,22,0.009556350153841238,0.18850054632074748,True,True,False,1.0269498167421982e-07,COMPLETE
1974,0.36351068019866944,2025-04-05 09:13:08.072905,2025-04-05 09:13:14.899150,0 days 00:00:06.826245,0.7368817659520057,0.9253459526337237,16,0.1550293315530937,0.26242402813972626,0.08836362391867304,0.04099028757095478,0.03424184265936798,0.07454034357129717,2.942017161130806e-05,10,24,0.0029153323603296273,0.17160846944396715,True,False,False,1.3515193873593383e-07,COMPLETE
1975,0.3936272978782654,2025-04-05 09:13:15.540179,2025-04-05 09:13:21.832760,0 days 00:00:06.292581,0.8815821008855759,0.4500362229324542,16,0.1192583726923527,0.2738288783548135,0.004568547941067917,0.02544247435483336,0.020007040734080044,0.07855294643007339,4.0656718097877296e-05,9,16,0.008141369220802306,0.202991670218792,True,True,False,2.9736375074155305e-07,COMPLETE
1976,0.34796984791755675,2025-04-05 09:13:22.501219,2025-04-05 09:13:30.586753,0 days 00:00:08.085534,0.8438223917305585,0.9626049586429213,16,0.14281234503948934,0.25671617982753714,0.09308032543786543,0.02790867081155362,0.03809187115380073,0.07190678902519386,3.459173981372837e-05,27,26,0.005421062717299821,0.18222325969056888,True,True,False,1.929678702604932e-07,COMPLETE
1977,0.4788745224475861,2025-04-05 09:13:31.252333,2025-04-05 09:13:37.754647,0 days 00:00:06.502314,0.7898938416429258,0.9106485351690453,16,0.10055557607259517,0.28531452991682804,0.09137439371331983,0.03299052064477628,0.03285307363863481,0.0861774343196148,2.4769835241786074e-05,11,19,0.011468983648694177,0.19484714485175508,True,True,False,4.6702555027289657e-07,COMPLETE
1978,0.28504276871681217,2025-04-05 09:13:38.399279,2025-04-05 09:13:44.758137,0 days 00:00:06.358858,0.8123510336796856,0.9399019272434163,16,0.11082250283973528,0.23361580510328275,0.08976559344001125,0.046631407937761674,0.03570947817172305,0.08258729378891737,2.8289315243998318e-05,10,22,0.006817926052205092,0.2108316053120038,True,True,True,8.306818588258423e-08,COMPLETE
