number,value,datetime_start,datetime_complete,duration,params_alpha-eval,params_alpha-train,params_batch-size,params_eps-eval,params_eps-train,params_lambda-actions-eval,params_lambda-actions-train,params_lambda-frames-eval,params_lambda-frames-train,params_learning-rate,params_n-epochs,params_n-frames,params_radius-gw,params_rho,params_std-feats,params_ub-actions,params_ub-frames,params_weight-decay,state
448,0.40932669639587405,2025-04-24 17:44:30.214586,2025-04-24 17:44:50.331251,0 days 00:00:20.116665,0.5291772405213713,0.3906076347448148,2,0.018030214037606792,0.08636286806359716,0.02558105459916111,0.08880145286354565,0.0856790237384543,0.023837332209226125,0.00016393469494248587,25,49,0.012840359433541717,0.24861183388450922,True,True,False,7.342122149206146e-08,COMPLETE
449,0.28504276871681217,2025-04-24 17:44:50.473306,2025-04-24 17:45:13.113566,0 days 00:00:22.640260,0.5161590882545166,0.35527617599745226,2,0.0007140194439938857,0.10204925640754896,0.020397240622254523,0.08502024335399823,0.09436571831755554,0.02736877170866552,9.063584098907082e-05,25,63,0.018772237116243665,0.21033618229190879,True,False,False,2.9306524587787686e-05,COMPLETE
450,0.3842588841915131,2025-04-24 17:45:13.252955,2025-04-24 17:45:34.854996,0 days 00:00:21.602041,0.5946936179974712,0.37509295870422477,2,0.011310563686468484,0.09171835442291408,0.0296540635876182,0.08795279280633485,0.08729228552466148,0.02279274866797191,0.00010561316226214942,23,68,0.01493293921429777,0.24973534187440294,True,False,False,2.281891997061529e-05,COMPLETE
451,0.39353263378143316,2025-04-24 17:45:35.005764,2025-04-24 17:45:57.278803,0 days 00:00:22.273039,0.5448494397847317,0.3536977152909109,2,0.0063424700081442945,0.08207931876265055,0.02773368241107166,0.0900804025485163,0.09613133453084498,0.028962482131578447,0.00011946869022933564,24,71,0.01681936568506359,0.2313506921697114,True,False,False,2.74876525535769e-05,COMPLETE
452,0.3721312522888184,2025-04-24 17:45:57.418600,2025-04-24 17:46:16.994615,0 days 00:00:19.576015,0.5626483026837885,0.3987676565375758,2,0.013763250961852703,0.08589824610517921,0.032319127546465085,0.08244450755647979,0.08924509169787673,0.024969830927298313,9.446517791592305e-05,24,44,0.012533980472361718,0.21562587090089855,True,False,True,1.7626565909567478e-05,COMPLETE
453,0.411869615316391,2025-04-24 17:46:17.136326,2025-04-24 17:46:39.731527,0 days 00:00:22.595201,0.5098101220346246,0.36979990369719856,2,0.0198479061570427,0.09969750212860745,0.02311774000697415,0.08792888554839913,0.08391059762622503,0.022924925809911595,0.00013499300435759282,25,52,0.012419531423612237,0.22702894795273895,True,False,False,2.1137789724509516e-05,COMPLETE
454,0.4098579227924347,2025-04-24 17:46:39.885022,2025-04-24 17:46:50.647851,0 days 00:00:10.762829,0.5336666366960567,0.34816316545749587,8,0.006761720700905689,0.09555541963659564,0.026136899997442873,0.06416060726351237,0.09373360221904833,0.025575929393254856,8.504744730896976e-05,24,62,0.019664905226422634,0.20614375669076673,True,False,False,1.7374318198427954e-05,COMPLETE
455,0.3847888767719269,2025-04-24 17:46:50.790243,2025-04-24 17:47:13.767606,0 days 00:00:22.977363,0.5743977864073765,0.39299697340438977,2,0.012540102509481177,0.09049579196247057,0.029764183740912404,0.08106851335851545,0.08895381418497265,0.027178341380295953,0.00017160699527309136,25,68,0.015811008148381787,0.2224726762879943,True,False,False,2.8241289536312978e-05,COMPLETE
456,0.48150794506072997,2025-04-24 17:47:13.906429,2025-04-24 17:47:36.814972,0 days 00:00:22.908543,0.5267704245552673,0.373101957841206,2,0.004558195546977998,0.08387370800508445,0.018730412281085046,0.07778861238927057,0.0979822655140841,0.029665255966505176,0.00011633921684646998,25,65,0.01283280186787304,0.214047708244759,True,False,False,1.83225001715263e-05,COMPLETE
457,0.28504276871681217,2025-04-24 17:47:36.968195,2025-04-24 17:48:00.139739,0 days 00:00:23.171544,0.5096979748616602,0.35691830133386326,2,0.0002812777254653249,0.08468180081411461,0.019017803237471348,0.07736687243521773,0.09565564620428059,0.02989756314000675,0.00024847897233943976,25,74,0.012887389339859197,0.20722805196657162,True,False,False,1.6629021505229973e-05,COMPLETE
458,0.44119721055030825,2025-04-24 17:48:00.281543,2025-04-24 17:48:23.675226,0 days 00:00:23.393683,0.5285696212159455,0.36963899518446486,2,0.01944665015354001,0.08053517590184976,0.021439702526424718,0.09135918731802474,0.09959605918718209,0.02257541223333944,0.00010707705618874218,26,64,0.011719292848189492,0.21209425130449971,True,False,False,2.3799588556103437e-05,COMPLETE
459,0.46050910353660585,2025-04-24 17:48:23.820874,2025-04-24 17:48:46.819458,0 days 00:00:22.998584,0.5077499758993265,0.3517083921913472,2,0.013129495306662398,0.08525384573320288,0.027619396633345214,0.08593046015675367,0.096635278096602,0.0327580556518923,8.85349644396336e-05,25,66,0.012599939257493274,0.23998339243610026,True,False,False,3.244531150393336e-05,COMPLETE
460,0.4723644495010376,2025-04-24 17:48:46.973603,2025-04-24 17:49:10.072002,0 days 00:00:23.098399,0.49799686368107976,0.35290586180663275,2,0.012418147042757417,0.08622518286129288,0.03503869601810221,0.0736240422523669,0.0984466813798783,0.028968518135397726,8.759530601799571e-05,25,66,0.011850130177620278,0.23733354021155956,True,False,False,3.1947151017328516e-05,COMPLETE
461,0.4543450057506562,2025-04-24 17:49:10.214399,2025-04-24 17:49:33.383858,0 days 00:00:23.169459,0.5130872296695275,0.34774956986598354,2,0.015670197812131127,0.08691425988208666,0.03396930740660277,0.07342447993655576,0.09827109400615673,0.033527180196497454,8.910453945367497e-05,25,67,0.012366691001899294,0.24416256821859922,True,False,False,3.1874285147347446e-05,COMPLETE
462,0.4576967477798462,2025-04-24 17:49:33.528583,2025-04-24 17:49:56.460355,0 days 00:00:22.931772,0.5198206105551804,0.34440684619182393,2,0.015339751560019146,0.08717996511269796,0.035300433293323386,0.07374251978533646,0.09846088665100294,0.03277745791573586,0.00011570140160237463,25,66,0.011892056627474853,0.244473864221002,True,False,False,3.44168769814246e-05,COMPLETE
463,0.47031850218772886,2025-04-24 17:49:56.615975,2025-04-24 17:50:19.640799,0 days 00:00:23.024824,0.5017876854998251,0.3445147388205977,2,0.015898497197063276,0.08617659855882034,0.03208662725303585,0.07482620774502223,0.09704825554501727,0.03493381988725783,0.00015031674696853884,25,66,0.011715954215803478,0.256242784113553,True,False,False,3.341619220912718e-05,COMPLETE
464,0.4686281681060791,2025-04-24 17:50:19.787559,2025-04-24 17:50:42.773269,0 days 00:00:22.985710,0.49748699138557273,0.33869074489517265,2,0.017118379052414427,0.08662065183340115,0.03730473766637439,0.07690528395218516,0.09701017875488391,0.03449357474212037,0.00020181144408040869,25,66,0.01164406565076092,0.2474541285856413,True,False,False,3.3494949949005784e-05,COMPLETE
465,0.4419106483459473,2025-04-24 17:50:42.929724,2025-04-24 17:51:06.057022,0 days 00:00:23.127298,0.49855446813519544,0.3436031281638877,2,0.019147217271803622,0.08775773464593735,0.035061695080415664,0.07379606593981419,0.09732174802545523,0.034882752431949396,0.00019462404576092607,25,66,0.013382562239671455,0.2584637028182917,True,False,False,3.379783551416005e-05,COMPLETE
466,0.46442262530326844,2025-04-24 17:51:06.202220,2025-04-24 17:51:29.198079,0 days 00:00:22.995859,0.49740942614669253,0.3447888635136247,2,0.01438584616700389,0.09129228655054392,0.0363015475587036,0.07089953590961365,0.09843971603707255,0.03392832007295763,0.00021267832210235618,25,67,0.011896145167830887,0.25471344886253333,True,False,False,3.364441178813343e-05,COMPLETE
467,0.45772081017494204,2025-04-24 17:51:29.344519,2025-04-24 17:51:52.337343,0 days 00:00:22.992824,0.49961592195834176,0.33809157816063734,2,0.01487753727040203,0.09313607857369303,0.035813127182192,0.07099606192844293,0.09781292548427105,0.03324580451442707,0.00022523016647586322,25,67,0.01155933292238982,0.23545440845421944,True,False,False,3.435259762296023e-05,COMPLETE
468,0.40469291806221014,2025-04-24 17:51:52.496560,2025-04-24 17:52:12.942798,0 days 00:00:20.446238,0.4970928416539044,0.33065650193609497,2,0.014641465897000681,0.09302906899993056,0.03518118499123387,0.07118567420504508,0.09739611522579866,0.03243336542875635,0.0002718849247497991,25,65,0.012137535321178193,0.2462886816110868,True,True,False,3.444335724062581e-05,COMPLETE
469,0.44354485869407656,2025-04-24 17:52:13.088327,2025-04-24 17:52:36.712220,0 days 00:00:23.623893,0.5006005572763622,0.3388959502254658,2,0.02169071593633481,0.08651514991684257,0.03652701369979969,0.07518180653053759,0.0975678972466618,0.03390206187785519,0.00023533857859369458,26,69,0.0121744409939519,0.26316616616724764,True,False,False,3.16321431760892e-05,COMPLETE
470,0.39128847718238835,2025-04-24 17:52:36.857188,2025-04-24 17:52:59.767057,0 days 00:00:22.909869,0.5105969330209466,0.344378142823282,2,0.015418959514540781,0.09069757546316869,0.033425065298220154,0.07278812555169538,0.09936760041495124,0.03913435385872154,0.00016285039172359968,25,67,0.015601802954131046,0.2565197731169413,True,False,False,3.70222873720893e-05,COMPLETE
471,0.3795889973640442,2025-04-24 17:52:59.924206,2025-04-24 17:53:20.429768,0 days 00:00:20.505562,0.5220999660629043,0.3372142108832769,2,0.012297075502445142,0.09499659942136826,0.03911612203087156,0.06982046038698972,0.09724061544712939,0.033042606925971205,0.00020447035147283453,25,71,0.011597885341953768,0.2538014368875748,True,False,True,3.754812517986594e-05,COMPLETE
472,0.410986864566803,2025-04-24 17:53:20.576418,2025-04-24 17:53:42.873281,0 days 00:00:22.296863,0.4898638872234473,0.31958511994358696,2,0.023690716742820996,0.08289303646229144,0.03658252446764948,0.07635299841229279,0.09596296896975219,0.03662397736943576,0.00015100902988741886,24,67,0.06151605757716509,0.23875024178792573,True,False,False,3.0465872030797108e-05,COMPLETE
473,0.45026578903198244,2025-04-24 17:53:43.020188,2025-04-24 17:54:05.994090,0 days 00:00:22.973902,0.5258475132906193,0.3734652356850586,2,0.01700114256417503,0.08497517218864009,0.034248540919253,0.0780071608887489,0.0988500772986594,0.03191100703357478,0.00013833633211588224,25,65,0.014088406201414116,0.2709362991398605,True,False,False,3.15534210492681e-05,COMPLETE
474,0.4688786566257477,2025-04-24 17:54:06.151314,2025-04-24 17:54:28.798609,0 days 00:00:22.647295,0.5004694286140418,0.3439438814237942,2,0.017984592260237863,0.08238119374637437,0.034181443743507296,0.07871080335333099,0.09956874139306678,0.03189976323133317,0.0001850871326511868,25,64,0.011525676553586944,0.24684061451007122,True,False,False,3.562170573479597e-05,COMPLETE
475,0.4529178261756897,2025-04-24 17:54:28.943402,2025-04-24 17:54:52.378770,0 days 00:00:23.435368,0.4917123828553399,0.34405204960395996,2,0.01850089127143718,0.0827689207446643,0.034053672713710556,0.07471257615318157,0.09949788777196562,0.03586042153250323,0.0003155207792260084,26,64,0.011145126372936099,0.26385445541041463,True,False,False,3.728594570243555e-05,COMPLETE
476,0.47627627849578863,2025-04-24 17:54:52.540995,2025-04-24 17:55:16.219986,0 days 00:00:23.678991,0.4848028915375762,0.3174042255392851,2,0.022235565283311894,0.08134305355079621,0.0379465488601503,0.07397183876857558,0.09982212816034565,0.03720921484337648,0.00029365890398467626,26,62,0.010957004289127945,0.24395522042682036,True,False,False,3.9247849796533054e-05,COMPLETE
477,0.4741820216178894,2025-04-24 17:55:16.367373,2025-04-24 17:55:39.899472,0 days 00:00:23.532099,0.4827563283636962,0.32235796236517283,2,0.023630308939079712,0.08208135917503381,0.03863966069346116,0.07526855449664666,0.09816934795903116,0.03590691287706407,0.00028232689813841114,26,63,0.01113986632414325,0.2446515026901914,True,False,False,4.070171044379341e-05,COMPLETE
478,0.47229257225990295,2025-04-24 17:55:40.055242,2025-04-24 17:55:51.312642,0 days 00:00:11.257400,0.48167968467760286,0.3042893717876382,8,0.021932590205578428,0.08093240472793259,0.038085207641313255,0.07093160952815254,0.09727634181353756,0.036536638378122745,0.0003414716735536576,26,69,0.011266848399518036,0.24505806018065593,True,False,False,4.1019147062589586e-05,COMPLETE
479,0.4755763649940491,2025-04-24 17:55:51.473269,2025-04-24 17:56:02.877448,0 days 00:00:11.404179,0.4642147842553514,0.2981423990720043,8,0.02245039482548177,0.08288415571563776,0.03847896147174743,0.07075629446277446,0.09635198994129246,0.03725902222330913,0.00033228114765053175,26,70,0.011050754624527447,0.23921793842678085,True,False,False,3.748041987794167e-05,COMPLETE
480,0.45237224698066714,2025-04-24 17:56:03.026239,2025-04-24 17:56:14.449312,0 days 00:00:11.423073,0.4587817120786369,0.28232052615261594,8,0.024966138734987375,0.07972968657372682,0.040707281820557106,0.07019852737058799,0.095249627493019,0.03762064881718427,0.0003704194717499083,26,71,0.010458169775403961,0.2508509838015283,True,False,False,4.117180023985172e-05,COMPLETE
481,0.46605674624443055,2025-04-24 17:56:14.601856,2025-04-24 17:56:25.816403,0 days 00:00:11.214547,0.47146428432424686,0.3071073777040344,8,0.021847820646610398,0.08219667151346814,0.03773010097085318,0.07851478299930247,0.09673278082759897,0.0383954264323605,0.0005733200223756581,26,62,0.011157157350715978,0.23892035401342285,True,False,False,4.2534550918698976e-05,COMPLETE
482,0.46260077953338624,2025-04-24 17:56:25.980050,2025-04-24 17:56:37.174765,0 days 00:00:11.194715,0.45837975339312886,0.29424356960625253,8,0.022682862982863285,0.08298771980998436,0.037109056775740085,0.07603735216608297,0.0968223961629868,0.03777138739930303,0.0005461824546690469,26,62,0.011331515832442886,0.24043236867079926,True,False,False,4.012821466240882e-05,COMPLETE
483,0.4432245135307312,2025-04-24 17:56:37.324147,2025-04-24 17:56:48.615298,0 days 00:00:11.291151,0.4620949211128042,0.29617370128466575,8,0.02512064861089855,0.08046374542676643,0.03816917186976055,0.07210242801360862,0.09298347665924443,0.039073568662344224,0.0005302996694404482,26,62,0.011245233625184387,0.23854806372022538,True,False,False,4.188954450043449e-05,COMPLETE
484,0.46796311140060426,2025-04-24 17:56:48.776938,2025-04-24 17:56:59.998723,0 days 00:00:11.221785,0.4701530065489518,0.2548891306301453,8,0.022424005990808328,0.08874805891405727,0.037941429612026865,0.07893701317616496,0.09997618581924217,0.03736592227730409,0.00026466706862986265,26,65,0.011378598566956907,0.2476491349929648,True,False,False,4.1516039535056435e-05,COMPLETE
485,0.464992356300354,2025-04-24 17:57:00.151055,2025-04-24 17:57:11.328333,0 days 00:00:11.177278,0.45323487556648706,0.2599914090397315,8,0.02214530716451118,0.08939354390793589,0.04043399240476633,0.07892392641203275,0.09659248605418094,0.03660768999586032,0.00042087066244804477,26,61,0.015234060917691408,0.2369352628996191,True,False,False,4.0330472380873216e-05,COMPLETE
486,0.39546874761581424,2025-04-24 17:57:11.480865,2025-04-24 17:57:22.617063,0 days 00:00:11.136198,0.4470442220305978,0.23315907400362168,8,0.022487851387269556,0.08290427678399634,0.037858361678863736,0.0791249931222405,0.09996799359778989,0.03701755082105974,0.0004089339334482788,26,62,0.017454795469429542,0.24790455927719451,True,False,False,4.366256508531743e-05,COMPLETE
487,0.43895679116249087,2025-04-24 17:57:22.778888,2025-04-24 17:57:33.928427,0 days 00:00:11.149539,0.4552380774545881,0.25495158788010114,8,0.01756694288807075,0.07982591472686087,0.040885026239899085,0.07641670940946882,0.0963671286332111,0.04205734836496143,0.00045700685167792066,26,63,0.015166303204317125,0.2409183147771713,True,False,False,4.387784453559625e-05,COMPLETE
488,0.28504276871681217,2025-04-24 17:57:34.079564,2025-04-24 17:57:44.429858,0 days 00:00:10.350294,0.46917761160319854,0.2663855722368565,8,0.02255690264827194,0.0885671641959058,0.038976205481980816,0.07827668515057305,0.0941406552565342,0.039962931059129424,0.0006577949441694212,26,69,0.01545561148345042,0.2551569871917521,True,True,False,4.491729837877125e-05,COMPLETE
489,0.4519225776195527,2025-04-24 17:57:44.580324,2025-04-24 17:57:55.840921,0 days 00:00:11.260597,0.47618788151462954,0.272401672795738,8,0.02716420656835252,0.07966005753100547,0.03757075771551871,0.07547828864157578,0.09636913973019116,0.035996889231955556,0.0003285733778181747,26,65,0.011092765062110382,0.2474625153611628,True,False,False,3.932076517028233e-05,COMPLETE
490,0.4495006084442139,2025-04-24 17:57:56.003517,2025-04-24 17:58:07.124230,0 days 00:00:11.120713,0.4734238284561128,0.24432548214838534,8,0.021749541407408354,0.08972686465152471,0.040055740737122154,0.07903372191605496,0.09679813611067603,0.03801826903602923,0.00029292242621028596,26,60,0.013929586833132956,0.25986603165030503,True,False,False,3.991768117056323e-05,COMPLETE
491,0.39786983728408815,2025-04-24 17:58:07.277335,2025-04-24 17:58:17.844394,0 days 00:00:10.567059,0.4447626594610009,0.2833029039337207,8,0.0003641099650308968,0.08305636170330487,0.04153589651710052,0.06810050692126333,0.09293604996948632,0.040844172488081976,0.0005790764776501686,26,72,0.016562732496943955,0.23855832003378863,True,False,True,1.739820609211358e-07,COMPLETE
492,0.46092246770858764,2025-04-24 17:58:18.009118,2025-04-24 17:58:29.339774,0 days 00:00:11.330656,0.4568917978883951,0.295897167457201,8,0.020381492940763885,0.09001035981815013,0.03705546108258677,0.076158476179872,0.09483523341448868,0.03479480901838334,0.0002600094480718597,26,69,0.010665831260623846,0.24373515849841504,True,False,False,1.8815242173254456e-08,COMPLETE
493,0.4455295205116272,2025-04-24 17:58:29.492399,2025-04-24 17:58:40.892753,0 days 00:00:11.400354,0.45361275073814117,0.2748071190615908,8,0.02678992157336052,0.08757509097838123,0.04598618308761368,0.07618444145162816,0.09506434914139111,0.03559271191872861,0.0007881117627371297,26,69,0.01080767994420802,0.25255043859212084,True,False,False,1.3119721190839644e-07,COMPLETE
494,0.43254487514495854,2025-04-24 17:58:41.045150,2025-04-24 17:58:52.366725,0 days 00:00:11.321575,0.4779324491819924,0.2634971795506261,8,0.022352729911411538,0.07885298163657893,0.03735774565994414,0.07713770279803912,0.09772356983461787,0.037825171300327184,0.0002769390593897825,26,64,0.011179543001133784,0.2464106096870415,True,False,False,3.7886527022968394e-07,COMPLETE
495,0.4850757956504822,2025-04-24 17:58:52.530395,2025-04-24 17:59:03.943457,0 days 00:00:11.413062,0.44241389410746057,0.2871339502817154,8,0.018890220007549415,0.0850991147812017,0.04290938663991127,0.08003748290001024,0.0955476270744829,0.031104419276274366,0.00042949212753035077,26,73,0.012788303850670492,0.24062450213375852,True,False,False,4.444606295649988e-05,COMPLETE
496,0.42913724184036256,2025-04-24 17:59:04.097468,2025-04-24 17:59:15.547539,0 days 00:00:11.450071,0.4372533566592231,0.2422254202625479,8,0.019235678172260125,0.07964104320540266,0.044290750988946685,0.0798756285163,0.09473094802787645,0.031122676594371616,0.0003323809984009211,26,73,0.010783324584985985,0.2690597684917778,True,False,False,4.665957879274068e-05,COMPLETE
497,0.46408818960189824,2025-04-24 17:59:15.701503,2025-04-24 17:59:27.050180,0 days 00:00:11.348677,0.4583311347006496,0.2177772333680629,8,0.028313138530562956,0.09056637171342342,0.04262588578320754,0.07754815291552258,0.09957179031488321,0.034354985459170574,0.00043644390063884265,26,69,0.012131624628498063,0.2426586290898755,True,False,False,3.8845765743010516e-05,COMPLETE
498,0.4472467839717865,2025-04-24 17:59:27.220333,2025-04-24 17:59:38.492946,0 days 00:00:11.272613,0.45348599247484334,0.24974902193879317,8,0.028695336026114134,0.0925940719481302,0.043472626556625135,0.0752468732571798,0.09972872501152069,0.03481595790703145,0.000412826970130881,26,61,0.012747944134676347,0.2426963753391685,True,False,False,4.7465922352712985e-05,COMPLETE
499,0.4355360269546509,2025-04-24 17:59:38.650992,2025-04-24 17:59:49.970828,0 days 00:00:11.319836,0.43223220856955546,0.29463918478508316,8,0.025951551604203767,0.09042400406962238,0.03941321224658679,0.07789455387929367,0.09594750371594533,0.03631653245546209,0.0005118275686754758,26,68,0.013064578048966952,0.25074923244479985,True,False,False,5.2288951213603154e-08,COMPLETE
500,0.40979297161102296,2025-04-24 17:59:50.136918,2025-04-24 18:00:01.369756,0 days 00:00:11.232838,0.46159467877126653,0.21172821267879757,8,0.02060054021077926,0.07929287021984065,0.03693534203965459,0.07299213956963603,0.09763576074857748,0.03487411882607313,0.0003787695180789407,26,65,0.01109755346664504,0.24062848686464175,True,False,False,2.480081548324293e-08,COMPLETE
501,0.44879955053329473,2025-04-24 18:00:01.527645,2025-04-24 18:00:12.646700,0 days 00:00:11.119055,0.48090101914287514,0.2326945414681816,8,0.019652886849339093,0.08445956129510353,0.032119718256208366,0.07464604990043425,0.09985662768422206,0.03171245988809897,0.0004442193305969415,25,69,0.01235472618662481,0.25135998700033274,True,False,False,1.446684719432527e-08,COMPLETE
502,0.45742152333259584,2025-04-24 18:00:12.803864,2025-04-24 18:00:24.071911,0 days 00:00:11.268047,0.446442324032749,0.2226989054321384,8,0.028336510124886822,0.09115424406032002,0.04181917800522902,0.07963577351472642,0.09380823840575489,0.038813928808017845,0.00026488367073836946,26,63,0.01422569632798589,0.24397794518712124,True,False,False,1.130928956300215e-06,COMPLETE
503,0.4579667925834656,2025-04-24 18:00:24.239423,2025-04-24 18:00:35.504784,0 days 00:00:11.265361,0.4634623522174125,0.29186926282566755,8,0.01434483082379432,0.09959153369809336,0.03892693352691941,0.07764963262639879,0.09796616230903858,0.033926369072154516,0.0003365207844151024,25,73,0.01056096622324707,0.2565533285362963,True,False,False,4.0137026857729825e-05,COMPLETE
