number,value,datetime_start,datetime_complete,duration,params_alpha-eval,params_alpha-train,params_batch-size,params_eps-eval,params_eps-train,params_lambda-actions-eval,params_lambda-actions-train,params_lambda-frames-eval,params_lambda-frames-train,params_learning-rate,params_n-epochs,params_n-frames,params_radius-gw,params_rho,params_std-feats,params_ub-actions,params_ub-frames,params_weight-decay,state
1242,0.4656549751758576,2025-04-05 07:42:59.450536,2025-04-05 07:43:06.204570,0 days 00:00:06.754034,0.7163117266004412,0.8006782773220761,16,0.1841125313990951,0.018181636461873246,0.09337813236534888,0.04991958730184707,0.06282190497792149,0.009644877281362927,0.0004181479604429189,13,39,0.0028893213840234418,0.2644284158277007,True,True,False,7.227290549527451e-08,COMPLETE
1243,0.4846372246742249,2025-04-05 07:43:06.612912,2025-04-05 07:43:13.189029,0 days 00:00:06.576117,0.6989196006757555,0.7993856509806383,16,0.18613905712335835,0.027165208615046364,0.09131257471192253,0.056283446839201404,0.06282251539008263,0.01610786041830222,0.00039151600881197563,12,36,0.0017498031982232315,0.25927062632569153,True,True,False,8.242936184462926e-08,COMPLETE
1244,0.48187801837921146,2025-04-05 07:43:13.595970,2025-04-05 07:43:20.328206,0 days 00:00:06.732236,0.6918785884853741,0.8053748268587956,16,0.19153864229001233,0.021817451353151204,0.09381315299905832,0.05503819736220633,0.06110758491261229,0.013563313626031106,0.0006014357175303563,13,32,0.0031664826744928687,0.26688010421483666,True,True,False,7.251132097475876e-08,COMPLETE
1245,0.48537530899047854,2025-04-05 07:43:20.736318,2025-04-05 07:43:27.269306,0 days 00:00:06.532988,0.7198060540710333,0.8210770728997082,16,0.1817864355726178,0.016019415907198367,0.09089664865850104,0.05346458248693323,0.06253268959837799,0.016557850537899956,0.0004862043241759727,12,28,0.0013267898835209477,0.25778962367351815,True,True,False,1.0338112606456567e-07,COMPLETE
1246,0.43873426914215086,2025-04-05 07:43:27.678214,2025-04-05 07:43:40.698657,0 days 00:00:13.020443,0.735186905169606,0.7892236690459463,2,0.18980902113020534,0.028848152917417595,0.09990855464735897,0.061195746568028536,0.06300873634764534,0.012159128935478481,0.0003760204701138425,13,37,0.0011812372439183926,0.2661181226268162,True,True,False,1.3584120377918365e-07,COMPLETE
1247,0.4941406846046448,2025-04-05 07:43:41.106304,2025-04-05 07:43:47.718352,0 days 00:00:06.612048,0.6824082143994697,0.8376353730349203,16,0.18026261420622736,0.036904162427485974,0.09440316066205089,0.051234627513089076,0.06032579149909598,0.01731346122636587,0.0003365648110035384,12,32,0.0010545199998661654,0.2489786554560398,True,True,False,6.535249531773452e-08,COMPLETE
1248,0.4435498833656311,2025-04-05 07:43:48.124454,2025-04-05 07:43:54.750831,0 days 00:00:06.626377,0.6712447855433328,0.8947875754763941,16,0.180307884209674,0.03383504181412998,0.09314548933731953,0.054544608982376716,0.058965167424324665,0.01771087691076451,0.0004395145617501573,12,31,0.0034403468551242153,0.24350186758587006,True,True,False,6.383259063568312e-08,COMPLETE
1249,0.4033480226993561,2025-04-05 07:43:55.157164,2025-04-05 07:44:01.791048,0 days 00:00:06.633884,0.6893032452641132,0.8710119855469095,16,0.18766425364169007,0.03793565160348287,0.09595311910377433,0.05135089790855938,0.057979931387484064,0.01638308389545775,0.00034400712301080544,12,27,0.0039761897456441885,0.24908653355493657,True,True,False,1.3962045559189046e-07,COMPLETE
1250,0.480069899559021,2025-04-05 07:44:02.197401,2025-04-05 07:44:08.744961,0 days 00:00:06.547560,0.7101025548886591,0.8396644532110813,16,0.14209048745015684,0.028735046445076816,0.0946977581402244,0.055111855614000824,0.06021882270128651,0.013910813197502089,0.00034367540769066204,11,32,0.0027482599674876628,0.2531585708216241,True,True,False,9.170177561950218e-08,COMPLETE
1251,0.28391197919845584,2025-04-05 07:44:09.154426,2025-04-05 07:44:15.723634,0 days 00:00:06.569208,0.6874923540415876,0.8652335187576524,16,0.17608751602545128,0.038568159156804796,0.09248213554469867,0.0513907584943759,0.05567097741370611,0.018301795510898673,0.00048179685791652015,12,28,0.004733726300109502,0.24453614342082364,True,True,False,9.385721558259394e-08,COMPLETE
1252,0.48139231204986577,2025-04-05 07:44:16.129435,2025-04-05 07:44:22.723623,0 days 00:00:06.594188,0.7043360469398284,0.8400814005676377,16,0.18333411496420934,0.024830071666539305,0.09459491614160435,0.05172835931877808,0.060152821587672246,0.014937916990049134,0.00040689391593874566,12,34,0.0017288858687411345,0.25879995487956986,True,True,False,7.570242903744204e-08,COMPLETE
1253,0.3640039384365082,2025-04-05 07:44:23.129613,2025-04-05 07:44:30.117653,0 days 00:00:06.988040,0.7326983660615138,0.8219141717128393,16,0.19484038659323222,0.032399948740118985,0.09613442959068658,0.04969979802593372,0.05819187852796383,0.010838150423941173,0.0003137457725194011,11,30,0.004869795194874649,0.24905843843764816,True,False,False,6.465188693714959e-08,COMPLETE
1254,0.28504276871681217,2025-04-05 07:44:30.526346,2025-04-05 07:44:37.128235,0 days 00:00:06.601889,0.6920090880264299,0.8388643765642663,16,0.1741040725632608,0.020404908165709217,0.09099895340025577,0.048651312315447566,0.0614300095220221,0.019185228978162955,0.0003595765147793192,12,33,0.0010542226781826275,0.2530558032819858,True,True,True,7.358812843425242e-08,COMPLETE
1255,0.3382751941680908,2025-04-05 07:44:37.557105,2025-04-05 07:44:44.087847,0 days 00:00:06.530742,0.6780695930522757,0.858395811873535,16,0.14719879823696128,0.03793165595040241,0.09349781786201647,0.05760204182130099,0.05657709463747455,0.016549484670629652,0.0002962789496815453,12,27,0.005473176902321224,0.2642952871465796,True,True,False,4.8347482402963376e-08,COMPLETE
1256,0.4324500679969788,2025-04-05 07:44:44.503364,2025-04-05 07:44:51.041151,0 days 00:00:06.537787,0.6558611550581104,0.8136353612163828,16,0.1813538383455659,0.030463102731134083,0.09630793253175914,0.053245907198508,0.059877670292862874,0.013488342794574913,0.0004406125423154814,11,30,0.0031679383354842024,0.25508662763765333,True,True,False,5.96080626107916e-08,COMPLETE
1257,0.28504276871681217,2025-04-05 07:44:51.455049,2025-04-05 07:44:58.133268,0 days 00:00:06.678219,0.6702646902116276,0.7930965455295007,16,0.15237120491867107,0.03740712258060667,0.09816593525737093,0.058645668765837926,0.06152927528778581,0.006540606807971861,0.0006118882667861699,13,36,0.0011795415926026684,0.24262550665906168,True,True,False,1.1470518756574533e-07,COMPLETE
1258,0.48472918272018434,2025-04-05 07:44:58.548473,2025-04-05 07:45:05.022560,0 days 00:00:06.474087,0.720871303907532,0.833451556394804,16,0.18647566821365955,0.01377125907837563,0.09995364803413252,0.06060969635037808,0.05953405114966436,0.018366957250787058,0.00034356357151667406,11,32,0.00632041846355099,0.2586983978203184,True,True,False,7.504769304492162e-08,COMPLETE
1259,0.4717352151870728,2025-04-05 07:45:05.437386,2025-04-05 07:45:12.015827,0 days 00:00:06.578441,0.6994915267167623,0.8127265976610925,16,0.17432284429188083,0.02881845567369267,0.09073069539479964,0.056056601512225517,0.06285197868248885,0.015307440173387114,0.00028817460662973075,12,27,0.004705920754991694,0.26601366076561245,True,True,False,5.517821495460999e-08,COMPLETE
1260,0.3761110007762909,2025-04-05 07:45:12.429715,2025-04-05 07:45:19.078225,0 days 00:00:06.648510,0.6476760104845609,0.8556844751186719,16,0.18007805756697998,0.036610224482549844,0.09454768888409742,0.05905971819618661,0.05793579742202673,0.00943253050512072,0.0004067895732343278,12,35,0.001088592448333156,0.2498758729221838,True,True,False,5.710884899544932e-08,COMPLETE
1261,0.480169415473938,2025-04-05 07:45:19.492799,2025-04-05 07:45:26.057828,0 days 00:00:06.565029,0.6817539243222684,0.7910216015768333,16,0.19590415809247202,0.02263291629017084,0.09226074037684757,0.046576367828511635,0.06347861786855538,0.0197853968377459,0.00031600360486062337,12,30,0.0074124978039244935,0.2606108831897903,True,True,False,4.959541346421086e-08,COMPLETE
1262,0.28504276871681217,2025-04-05 07:45:26.468715,2025-04-05 07:45:33.121289,0 days 00:00:06.652574,0.6477615004767995,0.8173970422904259,16,0.17131469876574185,0.040191369723920484,0.09630048227617448,0.05339731601826187,0.061856090607631725,0.012074050270218807,0.0005011301138689325,13,38,0.0036247370575782194,0.2664000535075505,True,True,False,8.965248500517617e-08,COMPLETE
1263,0.41420518755912783,2025-04-05 07:45:33.532280,2025-04-05 07:45:40.034704,0 days 00:00:06.502424,0.6810675890351962,0.8823178739682975,16,0.19001201404348966,0.03137287084249622,0.09441161299221215,0.0615598079857915,0.06089138458890686,0.016846015373421667,0.0002750451406685211,11,33,0.006339586318746758,0.24791331720773677,True,True,False,6.408787057440137e-08,COMPLETE
1264,0.29280599355697634,2025-04-05 07:45:40.447555,2025-04-05 07:45:47.059439,0 days 00:00:06.611884,0.6622389260663056,0.7849376108032357,16,0.16161624376421363,0.039687661200405906,0.09844848774576863,0.05655217502177251,0.06341414088655034,0.01379931310804948,0.00037328616159607606,13,27,0.008365554871662201,0.2542697174000232,True,True,False,1.5683983835304742e-07,COMPLETE
1265,0.4264860153198243,2025-04-05 07:45:47.473179,2025-04-05 07:45:54.044334,0 days 00:00:06.571155,0.646113556345662,0.8383223559976098,16,0.17779563296921605,0.0267054411504739,0.09661646570446317,0.06257721859351231,0.058596634770784806,0.019478169380644315,0.00032370751380919474,12,30,0.0039576727372982925,0.24061149856426448,True,True,False,4.4651043751643496e-08,COMPLETE
1266,0.34717581868171693,2025-04-05 07:45:54.457348,2025-04-05 07:46:01.203463,0 days 00:00:06.746115,0.7074022799389643,0.8006770787242689,16,0.15499062244236883,0.033425730404585186,0.09217473033651927,0.043988818525508074,0.05552487769925629,0.008185879827242774,0.0002725332610555441,13,40,0.005905055211259855,0.2591736810449436,True,True,False,7.93021209145231e-08,COMPLETE
1267,0.28504276871681217,2025-04-05 07:46:01.618356,2025-04-05 07:46:08.098380,0 days 00:00:06.480024,0.641859706603136,0.8139756500664983,16,0.16994548286930328,0.04173666348043859,0.09395222993576229,0.04784128392924648,0.06131936994547797,0.01576607673746587,0.0003947348278728714,11,34,0.009317141300570092,0.26534059523206416,True,True,False,4.3977994562968805e-08,COMPLETE
1268,0.4245341956615448,2025-04-05 07:46:08.507778,2025-04-05 07:46:15.198353,0 days 00:00:06.690575,0.73307057626209,0.7817856966488724,16,0.18476003060225377,0.01944097018148991,0.09842623378855511,0.05871759265211218,0.05957588425464383,0.01753423086648556,0.0004990305799006416,12,30,0.0035053256928042837,0.25349596915413053,True,True,False,5.1150231702536686e-08,COMPLETE
1269,0.33882228136062625,2025-04-05 07:46:15.611145,2025-04-05 07:46:22.400324,0 days 00:00:06.789179,0.6706849831929458,0.853545585254807,16,0.16386950937570505,0.03528999132775933,0.0959142979336955,0.05427782869593278,0.0574865579120848,0.011735913623562948,0.000279163436818151,14,36,0.008148533740293097,0.246667940528706,True,True,False,6.761802720883645e-08,COMPLETE
1270,0.40418299436569216,2025-04-05 07:46:22.810896,2025-04-05 07:46:29.512910,0 days 00:00:06.702014,0.6424156851907945,0.3547294141371574,16,0.199947676598608,0.028668062821034363,0.09998941287701336,0.06335410822498914,0.06350044801677339,0.018521223604924152,0.00033836971062044225,13,27,0.0011947344084076708,0.2600910045549352,True,True,False,7.904516434351739e-08,COMPLETE
1271,0.39763371348381044,2025-04-05 07:46:29.942215,2025-04-05 07:46:36.529765,0 days 00:00:06.587550,0.6552187376653059,0.8250331893850751,16,0.17685023825454632,0.04179562705794548,0.09262199204305174,0.060393797791135705,0.06385704097639117,0.015153779484080223,0.00039401597710307505,12,32,0.005288709179875577,0.2665001559117592,True,True,False,1.1717388238924054e-07,COMPLETE
1272,0.3572087049484253,2025-04-05 07:46:36.948446,2025-04-05 07:46:43.831764,0 days 00:00:06.883318,0.6840830915069792,0.8717693797434486,16,0.14010820700435425,0.03475686003132255,0.0977787485022896,0.05722625551636624,0.06141550463524842,0.014004058730664692,0.00027729867160312,11,29,0.0010636717359129265,0.25692858229891136,True,False,False,4.345182791653391e-08,COMPLETE
1273,0.28504276871681217,2025-04-05 07:46:44.252170,2025-04-05 07:46:50.839656,0 days 00:00:06.587486,0.6342776248666844,0.7803070059152616,16,0.17014050608508127,0.02427954043529065,0.094666745263268,0.06408729632556658,0.05999723737590174,0.010156152213270594,0.0003355938843834051,12,33,0.009810752768637607,0.24947402851607486,True,True,True,6.176100839998048e-08,COMPLETE
1274,0.47819210886955266,2025-04-05 07:46:51.258777,2025-04-05 07:46:58.035103,0 days 00:00:06.776326,0.7061925022389267,0.808277904181202,16,0.1907361464473038,0.04276052865600523,0.09071375879997848,0.05503287852845222,0.06313002818644292,0.017276273379547978,0.0006394088016184068,13,37,0.006764709385553545,0.2406341372589491,True,True,False,4.274313351483116e-08,COMPLETE
1275,0.3816938817501069,2025-04-05 07:46:58.457448,2025-04-05 07:47:04.945460,0 days 00:00:06.488012,0.6395558881918308,0.8352804096203879,16,0.18139564034293748,0.031979459951842704,0.0999933056528223,0.05164323412693796,0.056735714475483215,0.019958251518355997,0.000448493230636962,11,27,0.003271294854699238,0.26110861638112054,True,True,False,5.5385956957521516e-08,COMPLETE
1276,0.35926633477211,2025-04-05 07:47:05.363864,2025-04-05 07:47:11.945079,0 days 00:00:06.581215,0.6641690469767048,0.8019148328775342,16,0.1653619431251498,0.17123904524685063,0.09637052288620984,0.0605516813655884,0.06369589646590983,0.012648078526238237,0.0005472504018765601,12,31,0.0044947651544026395,0.2663276106470352,True,True,False,1.0371406299084545e-07,COMPLETE
1277,0.3752415895462036,2025-04-05 07:47:12.364013,2025-04-05 07:47:19.076836,0 days 00:00:06.712823,0.630774731103321,0.7848749229996855,16,0.1525229516075954,0.039400219401178986,0.09788780611026048,0.062166521008422564,0.06119791472962226,0.016080864267027813,0.00027353749903893,13,34,0.010986837422885027,0.2539882318428603,True,True,False,4.341197275004188e-08,COMPLETE
1278,0.43036104440689094,2025-04-05 07:47:19.492742,2025-04-05 07:47:26.148292,0 days 00:00:06.655550,0.692254831163572,0.893813937794797,16,0.1731962676618632,0.02322706105756526,0.09426405985409048,0.0581063007150821,0.05877550172093011,0.019494269630471236,0.0003554500127652854,12,40,0.007931220793439485,0.24596425948481904,True,True,False,5.23501948301289e-08,COMPLETE
1279,0.42748937606811527,2025-04-05 07:47:26.569606,2025-04-05 07:47:33.318646,0 days 00:00:06.749040,0.6560672721296147,0.8167433452226435,16,0.15680962612829263,0.03405077268024065,0.09602925081129551,0.06621148432573387,0.06382033590402392,0.014437124673268612,0.00028001918344414985,14,29,0.005868354502578323,0.26165233333980764,True,True,False,8.133491185364748e-08,COMPLETE
1280,0.3335383176803589,2025-04-05 07:47:33.737948,2025-04-05 07:47:40.458119,0 days 00:00:06.720171,0.6304124612250463,0.8489884901860066,16,0.19472232806706266,0.04396624767912203,0.09262441763945249,0.06456430318500767,0.06169053261511287,0.011464192109472526,0.0004145398147450312,13,27,0.0029488094020304143,0.25480485201084724,True,True,False,5.975528332905633e-08,COMPLETE
1281,0.4800698161125183,2025-04-05 07:47:40.879067,2025-04-05 07:47:47.368171,0 days 00:00:06.489104,0.6760602229607114,0.7941891209308114,16,0.17940837261912182,0.02782480830297454,0.09059840710799383,0.05628781748699972,0.05857318843009231,0.017292488659372735,0.0003218477561598856,11,32,0.009305378603676388,0.266126994896734,True,True,False,4.114355086407875e-08,COMPLETE
1282,0.4765698850154877,2025-04-05 07:47:47.784369,2025-04-05 07:47:54.392131,0 days 00:00:06.607762,0.6481063844611956,0.7806429854600337,16,0.18611741738966517,0.03876837980710525,0.09783267187670006,0.059570819481706304,0.06020253109429119,0.0056503523385023026,0.0002549170060464057,12,36,0.0010961965456171715,0.2591570349554538,True,True,False,7.40404788797524e-08,COMPLETE
1283,0.48452223539352424,2025-04-05 07:47:54.810273,2025-04-05 07:48:01.508434,0 days 00:00:06.698161,0.6273460151200062,0.8253975325063727,16,0.145273883187733,0.014671468155528656,0.09504790695530667,0.06251086031487156,0.06370194033077023,0.01933388026453944,0.00032942863592024993,13,30,0.00695721286592214,0.25021848310643535,True,True,False,4.1122717286107615e-08,COMPLETE
1284,0.477133846282959,2025-04-05 07:48:01.943532,2025-04-05 07:48:08.508183,0 days 00:00:06.564651,0.6124998518388624,0.7788192350142056,16,0.163696608744871,0.032127162230245476,0.0931868153440097,0.051975189182423914,0.061914057821802454,0.009224134016427417,0.0002607027504085695,11,34,0.004682956841964753,0.26719962980417067,True,True,False,5.144612207588826e-08,COMPLETE
1285,0.3357375741004944,2025-04-05 07:48:08.933562,2025-04-05 07:48:15.571874,0 days 00:00:06.638312,0.6761681309760704,0.8678384329790476,16,0.1699999662662907,0.04395397969092777,0.09696412885957593,0.05436346312987152,0.05687358802191801,0.013929383450589953,0.0004194715270348223,12,27,0.010265809958249737,0.24085656523458296,True,True,False,3.64017944781115e-08,COMPLETE
1286,0.3197560489177704,2025-04-05 07:48:15.993819,2025-04-05 07:48:22.730896,0 days 00:00:06.737077,0.7181329850080996,0.8029695822878924,16,0.17690745038773822,0.03739698278860393,0.09809626576289697,0.05840135911185697,0.0598987429609759,0.020372920337387117,0.0005221065178761194,13,38,0.0029313046950451976,0.25510700888769167,True,True,False,6.104336138126201e-08,COMPLETE
1287,0.46577179431915283,2025-04-05 07:48:23.153403,2025-04-05 07:48:35.088435,0 days 00:00:11.935032,0.643128495349454,0.836786024100466,2,0.18633179179846088,0.019841756651445386,0.09076909410029835,0.06611159973491325,0.06364091253078177,0.016994090319450445,0.0003021816350932661,11,31,0.007897922345381395,0.26065680179080764,True,True,False,1.0504094537720888e-07,COMPLETE
1288,0.4795585751533508,2025-04-05 07:48:35.509542,2025-04-05 07:48:42.135405,0 days 00:00:06.625863,0.6100054758201379,0.7783188529830705,16,0.16234394048577205,0.028202931071422258,0.09476688239618845,0.060784966263522214,0.0619654404174074,0.015274935239610628,0.000358283922718775,12,34,0.00529348178893584,0.24552670726052683,True,True,False,4.234324568645605e-08,COMPLETE
1289,0.4652970373630524,2025-04-05 07:48:42.554693,2025-04-05 07:48:49.299075,0 days 00:00:06.744382,0.6567405823351844,0.8103088500896399,16,0.20296356661099407,0.039601257607168025,0.09649464086245103,0.06407450025756556,0.06390069866185688,0.011488666295430789,0.00025452002083789933,14,27,0.010787226485206249,0.2505850697338613,True,True,False,8.341628302646194e-08,COMPLETE
1290,0.48303139209747314,2025-04-05 07:48:49.725057,2025-04-05 07:48:56.502369,0 days 00:00:06.777312,0.7454023075300238,0.8486437476321157,16,0.17362394598002664,0.034417477151634776,0.02209362069951805,0.05654891179013785,0.05892642819995119,0.020566965947905136,0.0004118488911091044,13,42,0.006544735688893815,0.26641910709249483,True,True,False,3.3582583283362365e-08,COMPLETE
1291,0.35705001950263976,2025-04-05 07:48:56.922833,2025-04-05 07:49:03.911963,0 days 00:00:06.989130,0.6994488842735382,0.8289037631395179,16,0.19447256998058815,0.04485103426630616,0.09996906692996488,0.06226897953939638,0.05526153764620048,0.013113019333308183,0.0002990810620187848,12,30,0.003293642878172416,0.25875131218215836,True,False,False,6.592793037463935e-08,COMPLETE
1292,0.28504276871681217,2025-04-05 07:49:04.333369,2025-04-05 07:49:10.958400,0 days 00:00:06.625031,0.6328328563651147,0.7961915364816858,16,0.1672378783362517,0.025976895049632787,0.09276691675157264,0.0588981222899288,0.06094989841657558,0.01818138938163506,0.0016678780691450463,12,36,0.008723225113647108,0.2510697824454439,True,True,True,5.03054606376826e-08,COMPLETE
1293,0.46410058736801146,2025-04-05 07:49:11.380454,2025-04-05 07:49:17.871954,0 days 00:00:06.491500,0.6083557542525626,0.772091497676679,16,0.1808371397170673,0.0312941951289783,0.0947584583678845,0.049814688261058136,0.06420757991523769,0.015814548676428022,0.0002654735257217134,11,32,0.006503150330681736,0.2665983470584111,True,True,False,3.5128662680249726e-08,COMPLETE
1294,0.30757227540016174,2025-04-05 07:49:18.294471,2025-04-05 07:49:24.915142,0 days 00:00:06.620671,0.6710553114377958,0.933836887936767,16,0.15622169192673419,0.04406703195961975,0.09790407486114143,0.06570282292494503,0.0621258043250907,0.00791383578459747,0.0003542711011768145,13,29,0.004639981896520389,0.25638673989666244,True,True,False,4.905715990525432e-08,COMPLETE
1295,0.336824780702591,2025-04-05 07:49:25.335261,2025-04-05 07:49:32.091043,0 days 00:00:06.755782,0.6239780264322532,0.8101155547382475,16,0.21020835924279313,0.03816788347523793,0.09055768545793241,0.05520824668155254,0.03345669899500961,0.020524644894692048,0.00047587548648957937,14,26,0.0029105932749695926,0.23834546421414005,True,True,False,3.3639137493813434e-08,COMPLETE
1296,0.477853274345398,2025-04-05 07:49:32.533454,2025-04-05 07:49:39.162594,0 days 00:00:06.629140,0.6028658263897689,0.8718123082627578,16,0.18416684588855986,0.010994962221606057,0.09610645160386197,0.06117660789330067,0.058305409201338296,0.017516279356936906,0.0002502752378356526,12,33,0.008777843912494991,0.2620902649455285,True,True,False,8.357681197961573e-08,COMPLETE
1297,0.4685129821300507,2025-04-05 07:49:39.586586,2025-04-05 07:49:46.335114,0 days 00:00:06.748528,0.6485662979485477,0.7775860706474137,16,0.1725880413191571,0.02032173334056006,0.09445556235818556,0.06403811532474057,0.06020364284239401,0.013522632184051456,0.00030849464057869906,13,38,0.004929382037696149,0.24563733770648566,True,True,False,4.165508749104486e-08,COMPLETE
