number,value,datetime_start,datetime_complete,duration,params_alpha-eval,params_alpha-train,params_batch-size,params_eps-eval,params_eps-train,params_lambda-actions-eval,params_lambda-actions-train,params_lambda-frames-eval,params_lambda-frames-train,params_learning-rate,params_n-epochs,params_n-frames,params_radius-gw,params_rho,params_std-feats,params_ub-actions,params_ub-frames,params_weight-decay,state
621,0.3533319234848023,2025-04-05 06:31:26.821697,2025-04-05 06:31:33.027455,0 days 00:00:06.205758,0.46659245424568224,0.6993825807594707,16,0.005965290292374656,0.07130113501454759,0.08368646482445433,0.09171539562269584,0.05632334781345428,0.03343973789469877,0.00012092877144720842,9,24,0.013199882910551774,0.2756550804424972,False,True,False,1.8552227260517178e-08,COMPLETE
622,0.4135926902294159,2025-04-05 06:31:33.236892,2025-04-05 06:31:39.553956,0 days 00:00:06.317064,0.5342212086239478,0.612031067000947,16,0.011828307322222354,0.06470540564529421,0.07818648549776598,0.08274480934745848,0.06130560681926635,0.04849143013416386,0.00010249524211192517,10,17,0.018917562077322796,0.28442422973809006,False,True,False,4.219139283766644e-08,COMPLETE
623,0.37241552472114564,2025-04-05 06:31:39.750593,2025-04-05 06:31:45.766861,0 days 00:00:06.016268,0.44051457810927647,0.655855079297037,16,0.005452068339816079,0.09814646837026551,0.0830313848105099,0.09510719851833917,0.051696673669660374,0.04222512874829516,6.591060293515459e-05,7,33,0.016580729486188384,0.29138542260984,False,True,False,3.260376593804735e-08,COMPLETE
624,0.28504276871681217,2025-04-05 06:31:45.976852,2025-04-05 06:31:51.785010,0 days 00:00:05.808158,0.4889706928959728,0.5739776677109948,16,0.2326773321112455,0.07620281135667663,0.08587143288495433,0.08653523521617877,0.0638977294478556,0.039597149877557435,8.271756888098586e-05,5,24,0.021782848757830865,0.287592374055268,False,True,False,2.290603515924125e-08,COMPLETE
625,0.4657913088798523,2025-04-05 06:31:51.984406,2025-04-05 06:31:57.906859,0 days 00:00:05.922453,0.5202879053708989,0.5195601498078782,16,0.032047217109789715,0.06699014764955583,0.0804117977097443,0.07897830657267574,0.05769142312078262,0.04703064281357529,0.00013708831164226419,6,20,0.014451414818663284,0.29438492590630555,False,True,False,1.6288488963995108e-08,COMPLETE
626,0.46542918086051943,2025-04-05 06:31:58.118087,2025-04-05 06:32:04.297688,0 days 00:00:06.179601,0.4709397802232716,0.6876699855135796,16,0.12051948603557562,0.05993991880701412,0.08980553428762,0.09025361031564785,0.053784147183006545,0.05068309860711023,9.52527748627961e-05,8,25,0.017626117300500822,0.2813107933786827,True,True,False,6.373252435009211e-08,COMPLETE
627,0.4799591898918152,2025-04-05 06:32:04.496430,2025-04-05 06:32:10.519028,0 days 00:00:06.022598,0.5083826806911153,0.6015008564732713,16,0.01580363745848417,0.07185627067572439,0.07676698137393805,0.0878195648902401,0.06578282609277149,0.03656908989832559,0.00011812676774979751,7,28,0.019644002378773954,0.29436585461110976,False,True,False,1.9479809118330614e-08,COMPLETE
628,0.2945812463760376,2025-04-05 06:32:10.732802,2025-04-05 06:32:17.303127,0 days 00:00:06.570325,0.45549459723641644,0.4918355906730149,16,0.00012606353059479904,0.16930396266187914,0.0819561951221658,0.0844805830657226,0.06025587613715623,0.0442039620854047,5.5264953799902684e-05,11,126,0.015493366605850796,0.2999501835472773,False,True,False,2.7409459062738643e-08,COMPLETE
629,0.3724818527698517,2025-04-05 06:32:17.504740,2025-04-05 06:32:23.398066,0 days 00:00:05.893326,0.4965821617114717,0.6741230966018622,16,0.01230090184949597,0.08327826140928139,0.08761184316927455,0.0931010072723609,0.06291051549345665,0.04090777280265566,0.00018150840735188005,6,22,0.011507890124199633,0.2881183241918193,False,True,False,5.1016080801447014e-08,COMPLETE
630,0.48368444442749026,2025-04-05 06:32:23.612436,2025-04-05 06:32:29.887125,0 days 00:00:06.274689,0.5396005454512852,0.6338134964911212,16,0.023231166487935943,0.05843273172285798,0.08504171095777534,0.08901436391427571,0.057854848545989664,0.03781633242954668,7.850938376201357e-05,10,17,0.02348903568288862,0.27730402718575126,False,True,False,1.4913148152967234e-05,COMPLETE
631,0.3065827190876007,2025-04-05 06:32:30.087308,2025-04-05 06:32:36.247005,0 days 00:00:06.159697,0.5446817582260797,0.6230906414952707,16,0.02919554490676496,0.1361765113241735,0.08482483671397531,0.09064848754277545,0.05736734905811325,0.0382361599048056,7.249125096397407e-05,9,19,0.023628204952592866,0.2749366515489451,False,True,False,8.351827243619363e-06,COMPLETE
632,0.3506171405315399,2025-04-05 06:32:36.457985,2025-04-05 06:32:42.541872,0 days 00:00:06.083887,0.47403500280167166,0.595843109009595,16,0.023654245966229084,0.06085124061038023,0.0861527327085016,0.09537765201915233,0.055214316661532176,0.04175229528367483,4.655815296450628e-05,8,16,0.023607655756149773,0.2804536843928027,False,True,False,4.0996651172412906e-08,COMPLETE
633,0.3775183200836182,2025-04-05 06:32:42.744670,2025-04-05 06:32:48.653536,0 days 00:00:05.908866,0.5151864885464816,0.6417280146677158,16,0.02339374077394306,0.056692679893897965,0.08420092520134544,0.0924410658635549,0.04955224245332207,0.03858854821911188,6.800398102345536e-05,5,27,0.008192280180980649,0.2749988194518887,False,True,False,1.2692433729023061e-05,COMPLETE
634,0.3834436416625977,2025-04-05 06:32:48.865578,2025-04-05 06:32:55.295952,0 days 00:00:06.430374,0.4353857521814914,0.5629199061410635,16,0.030867448285229776,0.06438564022362492,0.08260772675237232,0.08939008417475654,0.052342166090524146,0.045720933592980885,8.344517220407772e-05,7,22,0.025909236933174155,0.2844554699176062,False,False,False,0.00031804932431185736,COMPLETE
635,0.28504276871681217,2025-04-05 06:32:55.496692,2025-04-05 06:33:01.740977,0 days 00:00:06.244285,0.493975816119602,0.5803783922080744,16,0.020476719518754946,0.06415688969583161,0.088082790066128,0.08634462962119399,0.056038565546841654,0.04007250198891668,5.7605199176314244e-05,10,31,0.016683742956820728,0.2793650445201279,False,True,True,3.5314409448076474e-08,COMPLETE
636,0.45695939660072327,2025-04-05 06:33:01.955160,2025-04-05 06:33:07.904785,0 days 00:00:05.949625,0.4531925802101494,0.6221377169952474,16,0.019824223690077695,0.07583930095829683,0.07926532279275539,0.09777222666104195,0.05834103506083204,0.053274291435117006,9.482601890977173e-05,6,19,0.013855484235139028,0.2945389578957077,False,True,False,4.97572075186964e-06,COMPLETE
637,0.45451812744140624,2025-04-05 06:33:08.107443,2025-04-05 06:33:14.110468,0 days 00:00:06.003025,0.4811761973094567,0.5337170811749423,16,0.016746868074658874,0.05815145442611467,0.08091057410144384,0.09350037360356662,0.04501612110723928,0.043297434779572826,4.12108918987806e-05,7,25,0.022546215470492435,0.2847330938807197,False,True,False,2.7710185073340143e-08,COMPLETE
638,0.3810185968875885,2025-04-05 06:33:14.325651,2025-04-05 06:33:20.565312,0 days 00:00:06.239661,0.536130412533421,0.6488608299404213,16,0.025801903696520155,0.08817310560525703,0.08526045928912822,0.09177865149468101,0.06614699056271403,0.0370519590804618,8.053156930167761e-05,9,45,0.010830862060047405,0.27415557811143876,False,True,False,5.525764990669783e-05,COMPLETE
639,0.4747666120529175,2025-04-05 06:33:20.767881,2025-04-05 06:33:26.703727,0 days 00:00:05.935846,0.508087095615091,0.5947606922584443,16,0.010167375048818058,0.06938876585745267,0.09094744440957556,0.08894501915422992,0.05368343351381468,0.04496944259799517,0.00010387535195948603,6,22,0.025212951056283753,0.2907502692048379,False,True,False,1.651900712410736e-05,COMPLETE
640,0.3573839604854584,2025-04-05 06:33:26.919473,2025-04-05 06:33:33.061228,0 days 00:00:06.141755,0.546579841429589,0.5465706502951051,16,0.016014752387874188,0.057405367991875636,0.08213360764320894,0.08457858879012735,0.06228224413689553,0.041217747547006446,6.96899193833046e-05,8,37,0.01899473706054656,0.294487762720414,False,True,False,7.212011350510209e-06,COMPLETE
641,0.3644874632358551,2025-04-05 06:33:33.263317,2025-04-05 06:33:39.298682,0 days 00:00:06.035365,0.46787750654065896,0.6313399931126826,16,0.010183120652629022,0.11613962973145747,0.08743513525418316,0.09088783151659073,0.05560161246123288,0.04775411147842665,9.483983412572614e-05,7,18,0.014625035423762684,0.28322782544184383,False,True,False,2.238125111992665e-08,COMPLETE
642,0.3550017178058624,2025-04-05 06:33:39.513983,2025-04-05 06:33:45.357347,0 days 00:00:05.843364,0.423144757070277,0.6091829701956477,16,0.0069045700663951486,0.07792586582424162,0.0840116803373822,0.09638560054895956,0.05070968941147983,0.03938752543109285,0.00014697628793718454,5,28,0.02166978641872384,0.2899711115842346,False,True,False,3.262388101796839e-08,COMPLETE
643,0.38076899051666263,2025-04-05 06:33:45.563455,2025-04-05 06:33:51.843575,0 days 00:00:06.280120,0.5199262872184497,0.5696710943625147,16,0.017349657333161163,0.06503045450505249,0.07850142179559082,0.08714647869813781,0.06437623650110251,0.03585280427044623,0.00011468603406037115,10,24,0.08761440848519227,0.29994104609193745,False,True,False,0.0006520316838178666,COMPLETE
644,0.36891226768493657,2025-04-05 06:33:52.058842,2025-04-05 06:33:57.992543,0 days 00:00:05.933701,0.4903836425810714,0.5856952311237659,16,0.02552950203916815,0.08318902880082286,0.08574838674801816,0.08148738854539812,0.0592656619697006,0.04208004606128649,7.732707126833745e-05,6,21,0.01667418020585243,0.2998703327158993,False,True,False,0.00012898233652636977,COMPLETE
645,0.4281930923461914,2025-04-05 06:33:58.195164,2025-04-05 06:34:04.274542,0 days 00:00:06.079378,0.44658263562917694,0.6625179184985814,16,0.011098374537027535,0.07228839432656194,0.09251318553511347,0.09442194873566682,0.06695345557673811,0.05040806275003214,5.523615564952953e-05,8,16,0.01840985671522893,0.2789912590584012,False,True,False,2.3798956028120433e-05,COMPLETE
646,0.36220533251762393,2025-04-05 06:34:04.491824,2025-04-05 06:34:10.597747,0 days 00:00:06.105923,0.48027489326608863,0.5079150706804032,16,0.005787678747064489,0.06517863092726628,0.08964405165149004,0.08929741090773166,0.057483650250137436,0.037658023895017025,0.00010376984749128066,7,31,0.012996912315506034,0.287761963205822,True,True,False,2.1533556374805238e-05,COMPLETE
647,0.4779299080371857,2025-04-05 06:34:10.816885,2025-04-05 06:34:16.801952,0 days 00:00:05.985067,0.5030946594862019,0.6235333371654752,16,0.019750861386552323,0.0573357765536012,0.08022882178715998,0.07623911586986647,0.0605374451822053,0.04395832321640642,0.0001336913435209652,6,26,0.020443406756041664,0.2942885782962698,False,True,False,3.593902016866492e-05,COMPLETE
648,0.28912193775177003,2025-04-05 06:34:17.007858,2025-04-05 06:34:23.245490,0 days 00:00:06.237632,0.5461116895817073,0.5544576870301982,16,0.15769427233548666,0.07886023249945932,0.08203287551885483,0.09154479833137598,0.06380701114677975,0.034556289159161604,8.665391246236636e-05,10,16,0.01624514980969027,0.1560060726497322,False,True,False,5.287777419129722e-08,COMPLETE
649,0.34663501977920536,2025-04-05 06:34:23.465260,2025-04-05 06:34:29.644139,0 days 00:00:06.178879,0.46832302230324885,0.6470188182008105,16,0.030662918938906842,0.21557084013990432,0.08364198224409745,0.08589749384115568,0.05245618727535918,0.046240017695593626,0.00015793791569131637,9,20,0.09566383607660954,0.2850997894475202,False,True,False,3.512469926534353e-05,COMPLETE
650,0.4725518941879273,2025-04-05 06:34:29.849561,2025-04-05 06:34:35.877185,0 days 00:00:06.027624,0.5171248350774083,0.5295994697793687,16,0.014528111343408423,0.07048416251019797,0.07541713464066814,0.08319032797358643,0.04788815801040188,0.039352129713544126,6.43822040300174e-05,7,23,0.014387933342968878,0.27489215323520666,False,True,False,8.934236366227857e-05,COMPLETE
651,0.3624166786670685,2025-04-05 06:34:36.096136,2025-04-05 06:34:41.948268,0 days 00:00:05.852132,0.5362828506567,0.6057759738221162,16,0.005821100181498598,0.09173738501318901,0.08651938083166935,0.08893534568413293,0.055164441920138405,0.04195950294027852,3.6015192117322146e-05,5,28,0.012036674592760872,0.2942240727265116,False,True,False,1.774784003539253e-08,COMPLETE
652,0.3805151224136353,2025-04-05 06:34:42.154523,2025-04-05 06:34:48.335703,0 days 00:00:06.181180,0.496183303665844,0.573112836078254,16,0.011916947528430652,0.06170383357687256,0.08862000219109041,0.09849996431872676,0.05892684307051993,0.04012192372016292,0.00851953441098482,8,16,0.01841542518836891,0.2901078717861797,False,True,False,2.5011365211084745e-08,COMPLETE
653,0.40054709911346437,2025-04-05 06:34:48.557467,2025-04-05 06:34:54.777313,0 days 00:00:06.219846,0.4485981766284012,0.7041036715873943,16,0.00603578919941488,0.07574395439615614,0.0798029564654255,0.09394210806567513,0.0655242358416496,0.03283203123635949,0.00011643606281054528,6,19,0.02199816395038364,0.281601504022335,False,False,False,3.931626775911681e-08,COMPLETE
654,0.28470602035522463,2025-04-05 06:34:54.986623,2025-04-05 06:35:01.013146,0 days 00:00:06.026523,0.5237397067068035,0.5855269324551828,16,0.020783335109587082,0.07068626247432928,0.016102830210931507,0.08759790276342326,0.061873407710442176,0.035888777600343216,8.822908556770906e-05,7,24,0.025529753505556012,0.29427896665898545,False,True,False,1.9652008391638745e-08,COMPLETE
655,0.28504276871681217,2025-04-05 06:35:01.232790,2025-04-05 06:35:07.412532,0 days 00:00:06.179742,0.48177114711156305,0.6634425677895368,16,0.2514030196049316,0.08398782072415423,0.08444368208497953,0.09065395792789774,0.06701027731494652,0.03770238647474655,0.00017115129324251176,9,33,0.01703894805847731,0.28720347684993525,False,True,True,1.339183895435666e-08,COMPLETE
656,0.46464904546737673,2025-04-05 06:35:07.618936,2025-04-05 06:35:13.998502,0 days 00:00:06.379566,0.4212857070523548,0.6334504137281886,16,0.005127114458210236,0.05768952334228758,0.07756877525435832,0.09612349076526773,0.06290069993168246,0.04906765302513815,0.00010182248321292122,11,29,0.019634103223282965,0.27983106157253,False,True,False,3.1285047046294364e-08,COMPLETE
657,0.37021313309669496,2025-04-05 06:35:14.218961,2025-04-05 06:35:20.184405,0 days 00:00:05.965444,0.45923087673302654,0.5498036476169601,16,0.014205144015497828,0.06612297662261299,0.08214698022445348,0.09260424949009909,0.056788746747571096,0.043595712890763735,7.505263030236633e-05,6,21,0.015099339037418159,0.17197804364114885,False,True,False,4.495664147316272e-08,COMPLETE
658,0.37371793389320374,2025-04-05 06:35:20.395069,2025-04-05 06:35:26.655442,0 days 00:00:06.260373,0.5569945618607592,0.6914842080037644,16,0.010479131909532006,0.0756553693984032,0.0861987072990202,0.08560479317428826,0.054303597562765156,0.04552487072631149,0.0001358543374404588,10,26,0.009695103916623562,0.29514368672630115,False,True,False,2.2375045967298525e-08,COMPLETE
659,0.28504276871681217,2025-04-05 06:35:26.877656,2025-04-05 06:35:32.874507,0 days 00:00:05.996851,0.5015444113049703,0.6130611001737828,16,0.1355434371246235,0.06352972192559087,0.08082162258806769,0.08831116475294555,0.049454270828357974,0.04024338409097931,0.00011431037329371431,8,17,0.023486831824204375,0.27248396210954545,False,True,False,1.7067337734418694e-08,COMPLETE
660,0.4705386817455292,2025-04-05 06:35:33.084110,2025-04-05 06:35:39.193022,0 days 00:00:06.108912,0.5248416692132367,0.5402476801901882,16,0.006011778517901612,0.06974104578356911,0.08330252314489005,0.09030831865127256,0.08401120465422597,0.03540440146077889,9.473064473219211e-05,7,23,0.020638185177378518,0.29010968961035427,False,True,False,1.2280057772403845e-08,COMPLETE
661,0.443136066198349,2025-04-05 06:35:39.416402,2025-04-05 06:35:45.249218,0 days 00:00:05.832816,0.47883344442009323,0.5139099865905645,16,0.022319225163887256,0.05729158143776343,0.08843932901006868,0.08002214516917389,0.06449811269412278,0.04222677224373475,6.219210724445942e-05,5,20,0.013365576373287663,0.2852996180842775,False,True,False,7.262811984423602e-08,COMPLETE
662,0.28504276871681217,2025-04-05 06:35:45.460129,2025-04-05 06:35:51.387609,0 days 00:00:05.927480,0.5055445441995284,0.5863322554245436,16,0.1070619398573953,0.08144868183603064,0.0010714437530244258,0.0843427928475828,0.06045779197222147,0.04707500855729043,0.00014829096659902001,6,75,0.017657570062258505,0.29960825763638055,False,True,False,2.8489558825069334e-08,COMPLETE
663,0.35491032600402833,2025-04-05 06:35:51.609288,2025-04-05 06:35:57.650699,0 days 00:00:06.041411,0.5503995657949431,0.6469377165114873,16,0.014334721089766992,0.07414135577177063,0.07628012896271075,0.0935138960848371,0.057316384204460266,0.03226458724542126,8.020170563561736e-05,7,26,0.016068596471094817,0.2882897314395786,False,True,False,1.6983343866384746e-08,COMPLETE
664,0.3533656895160675,2025-04-05 06:35:57.862115,2025-04-05 06:36:04.139448,0 days 00:00:06.277333,0.461679779809147,0.700289823975079,16,0.000450517184306584,0.06315608513460287,0.07400810850022806,0.08686693333087885,0.06869856061085552,0.038065211689198596,0.00012717358535519846,8,55,0.019206273075227452,0.29995909195340753,True,True,False,2.2001845294888122e-08,COMPLETE
665,0.41068677902221684,2025-04-05 06:36:04.358567,2025-04-05 06:36:10.200006,0 days 00:00:05.841439,0.4324146891848429,0.5628459452270851,16,0.0056676215529852195,0.08644285945632786,0.08474631686097493,0.09214121274193662,0.05357737743452847,0.04493569927452035,4.859508614015522e-05,5,16,0.011727439783154449,0.28068766837890086,False,True,False,6.725198667142768e-05,COMPLETE
666,0.46773712038993837,2025-04-05 06:36:10.425450,2025-04-05 06:36:16.764153,0 days 00:00:06.338703,0.4872260981246467,0.6170346933349307,16,0.011157517084050404,0.06957259670753412,0.07938498895368853,0.08983027081372129,0.06608927050115748,0.05198709697980391,0.00018348997193181013,11,30,0.021955869460709827,0.2935264244410421,False,True,False,3.628612392881063e-08,COMPLETE
667,0.3591973900794983,2025-04-05 06:36:16.975412,2025-04-05 06:36:23.163144,0 days 00:00:06.187732,0.5265410428191072,0.5980794709559433,16,0.03289199881696918,0.05661603520929134,0.09087337783566858,0.09536436693067499,0.06207868575618364,0.08659695286317112,0.00010611677461040187,9,23,0.026353098510004485,0.2898146336159235,False,True,False,3.616116013088222e-06,COMPLETE
668,0.37827606797218327,2025-04-05 06:36:23.390754,2025-04-05 06:36:29.326035,0 days 00:00:05.935281,0.4995868086630719,0.6682480114911169,16,0.025424030122227107,0.24281754766699687,0.08707922634918062,0.08241934763491594,0.05127052611320236,0.04052555795132878,6.971342931210318e-05,6,27,0.014858168465984329,0.2769865808507799,False,True,False,1.254339379960699e-08,COMPLETE
669,0.370968222618103,2025-04-05 06:36:29.536633,2025-04-05 06:36:35.517527,0 days 00:00:05.980894,0.44678309008199446,0.6347150498454094,16,0.016792198181707935,0.07740854782800692,0.08294180514296293,0.0871870113134977,0.05847304306952925,0.036854137459080095,9.145294981632205e-05,7,19,0.024238057672090533,0.2839209553681456,False,True,False,2.5898016149582776e-08,COMPLETE
670,0.4602901935577393,2025-04-05 06:36:35.745699,2025-04-05 06:36:42.000520,0 days 00:00:06.254821,0.5401203507070222,0.5667097289203609,16,0.005989197877495008,0.06604932522402118,0.08119336792572143,0.09997350530786296,0.05513371044728375,0.04289418745997915,0.00011904502816107412,10,15,0.01771344032466357,0.293843693830646,False,True,False,1.530305111838849e-08,COMPLETE
671,0.48330297470092776,2025-04-05 06:36:42.210027,2025-04-05 06:36:48.099886,0 days 00:00:05.889859,0.4705617753895428,0.5272996493851204,16,0.011481559478362328,0.07909796992267218,0.07793906915392244,0.09077589121174752,0.06430685530951019,0.034484169724117116,0.0001518594593985756,6,24,0.020404778705960854,0.2852566533958075,False,True,False,4.963123719534144e-08,COMPLETE
672,0.28504276871681217,2025-04-05 06:36:48.324205,2025-04-05 06:36:54.694212,0 days 00:00:06.370007,0.4591823557202897,0.47793499076814216,16,0.00018954591817131865,0.09610336669501676,0.07507283533753553,0.09138586302507333,0.06019490416383658,0.03136041285478538,0.00017810157847979858,8,31,0.02137791546810923,0.28066585776643044,False,False,False,6.644914642037277e-08,COMPLETE
673,0.28407434821128846,2025-04-05 06:36:54.908140,2025-04-05 06:37:01.096789,0 days 00:00:06.188649,0.43489374871401487,0.5075402815327977,16,0.018676382350974467,0.08976808794172549,0.07736038327600815,0.09393550249014809,0.0633907953330444,0.032720935811734714,0.00014550211206198978,7,110,0.02319340475332116,0.278867723360498,False,True,True,4.837610042808895e-08,COMPLETE
674,0.39799221158027653,2025-04-05 06:37:01.324148,2025-04-05 06:37:10.011063,0 days 00:00:08.686915,0.47237505964841625,0.5283806983955449,2,0.005598871511913249,0.08005975276163398,0.0787872037958606,0.0892624968183319,0.06148738408758136,0.035102802812655466,1.195912262302223e-05,5,28,0.020058865904452213,0.2702943060598565,False,True,False,6.043751430675597e-08,COMPLETE
675,0.40910146832466127,2025-04-05 06:37:10.224019,2025-04-05 06:37:16.417786,0 days 00:00:06.193767,0.4127434703077696,0.5385410676261015,16,0.009728364118697713,0.08767499583475832,0.07308263821893017,0.09188554075303412,0.05924863768234899,0.03299422377228487,0.0001547321176165998,9,25,0.019074199631492424,0.2736990757430625,False,True,False,1.3344468470844614e-05,COMPLETE
676,0.34635691046714784,2025-04-05 06:37:16.646070,2025-04-05 06:37:23.100329,0 days 00:00:06.454259,0.47470582775024006,0.4939661851773757,16,0.0001551157874858812,0.08208310533260997,0.0852113343761325,0.09646518172738942,0.05634260149918159,0.034602678066527844,8.174226036818631e-05,11,35,0.02492081343990152,0.28485802066095545,False,True,False,4.53150794563345e-08,COMPLETE
677,0.43298729658126833,2025-04-05 06:37:23.313296,2025-04-05 06:37:29.292082,0 days 00:00:05.978786,0.8026616212478548,0.5155314970714837,16,0.015067300062150417,0.07447030721597755,0.08755672947371708,0.08858628327277789,0.06356117591122289,0.09413017407279867,5.893292826895384e-05,6,23,0.02154552471747531,0.2857390007540153,False,True,False,5.89162093457983e-08,COMPLETE
