number,value,datetime_start,datetime_complete,duration,params_alpha-eval,params_alpha-train,params_batch-size,params_eps-eval,params_eps-train,params_lambda-actions-eval,params_lambda-actions-train,params_lambda-frames-eval,params_lambda-frames-train,params_learning-rate,params_n-epochs,params_n-frames,params_radius-gw,params_rho,params_std-feats,params_ub-actions,params_ub-frames,params_weight-decay,state
0,0.2941127419471741,2025-04-24 15:26:39.482438,2025-04-24 15:26:50.070594,0 days 00:00:10.588156,0.050019249363369836,0.41995489763259397,8,0.23888222983802157,0.20709703297765647,0.07257631746136628,0.07833245431592734,0.03530083089511174,0.026215563378389123,1.473035656603567e-05,24,95,0.002102420014306751,0.18845719032906122,True,False,True,3.073705523986011e-07,COMPLETE
1,0.2837353527545929,2025-04-24 15:26:50.075182,2025-04-24 15:27:08.127721,0 days 00:00:18.052539,0.28743543221302315,0.5602115037886279,2,0.08227189926292412,0.17940904715379588,0.0591281150115894,0.06950392393265667,0.09488152519665863,0.0790874162392876,0.003279529688955382,22,35,0.07824425659942791,0.13146676514798425,True,True,False,1.5484113178298733e-05,COMPLETE
2,0.3635163426399231,2025-04-24 15:27:08.131640,2025-04-24 15:27:17.936573,0 days 00:00:09.804933,0.9817739888228824,0.1650213103899635,8,0.11667423914241314,0.2517568089480767,0.001237927131117975,0.06507728481719163,0.07350783387342284,0.004580128695478426,0.0013193883619048675,22,78,0.09921778249805022,0.23283001401677628,True,True,False,8.355434286402135e-08,COMPLETE
3,0.3567457377910614,2025-04-24 15:27:17.940789,2025-04-24 15:27:25.936232,0 days 00:00:07.995443,0.14590967042705066,0.4229719378417879,16,0.29733969420387774,0.21585868949549697,0.07197727240877672,0.08819698699253144,0.046952301990120016,0.08057246061247161,0.00278351247597265,11,113,0.0860581754695383,0.24798835105211922,True,False,False,0.00043249139301632783,COMPLETE
4,0.28504276871681217,2025-04-24 15:27:25.940619,2025-04-24 15:27:48.855019,0 days 00:00:22.914400,0.03182899391896921,0.3243337711069641,2,0.06951466430461802,0.23610854506405707,0.0016359621927672454,0.06908945694182798,0.07961637252919618,0.06849149694961326,0.0015961653026748722,30,113,0.035630934252916545,0.1748603839883887,False,True,True,2.001278339086906e-07,COMPLETE
5,0.28504276871681217,2025-04-24 15:27:48.859887,2025-04-24 15:28:08.963605,0 days 00:00:20.103718,0.15419568997499988,0.18770480358857158,2,0.046497676978545524,0.2393270924403264,0.029207475925174746,0.05328201342324119,0.07492775893913264,0.007465161189467429,0.002286808948774513,26,57,0.014276190918276772,0.06281579203138997,False,True,False,1.0896621257321609e-07,COMPLETE
6,0.28504276871681217,2025-04-24 15:28:08.968503,2025-04-24 15:28:22.443326,0 days 00:00:13.474823,0.03521314243848875,0.503134394353549,2,0.07615062792723426,0.0634224400497517,0.07417071192861531,0.02876257161663729,0.02985837941737655,0.09214457204923576,0.00021646471220247604,13,145,0.029484329983147987,0.1855945644507553,False,True,False,0.00013155736840775846,COMPLETE
7,0.3625358819961548,2025-04-24 15:28:22.448446,2025-04-24 15:28:32.167832,0 days 00:00:09.719386,0.27704833109532706,0.6740086077454641,8,0.09579599368511642,0.28452171165755674,0.015126799283584267,0.06171168850676241,0.01344190142355162,0.05068467114993676,0.0011330843460661377,15,109,0.09158064216144074,0.05017197082139644,True,False,False,1.7501737954170573e-06,COMPLETE
8,0.386006110906601,2025-04-24 15:28:32.173813,2025-04-24 15:28:45.237188,0 days 00:00:13.063375,0.3353071799263255,0.0318725585037493,2,0.1823563415127944,0.11828829025867163,0.05488400916083311,0.09076473510071509,0.03526084683206521,0.0740430102527127,0.014783677646117835,10,57,0.012412136131554442,0.11918225746574915,False,False,False,1.42276949596241e-06,COMPLETE
9,0.28504276871681217,2025-04-24 15:28:45.242961,2025-04-24 15:29:07.950528,0 days 00:00:22.707567,0.8248442405088456,0.5486940906613955,2,0.21473155612750505,0.2677946806303385,0.06687798578467741,0.06577867087508266,0.056150240735283415,0.07156380657064369,1.1277614941839163e-05,30,40,0.07186589947927406,0.2749300373393217,True,True,True,2.287808201147134e-06,COMPLETE
10,0.2827126741409302,2025-04-24 15:29:07.956871,2025-04-24 15:29:14.257515,0 days 00:00:06.300644,0.576139087262928,0.881404191261652,16,0.1730826789947971,0.09441722965303614,0.09585431522643272,0.002556716766273774,0.004850541881354739,0.0460740545938427,0.094739164881247,5,12,0.053221090366421794,0.004611011528590642,False,False,True,1.1082287262151875e-08,COMPLETE
11,0.3642256140708923,2025-04-24 15:29:14.264611,2025-04-24 15:29:23.984321,0 days 00:00:09.719710,0.8691842628183839,0.015094209177388573,8,0.136672754696187,0.13080888780622724,0.04543557734282247,0.09968655579899657,0.0626289387555761,0.010907024204850613,0.028469217847099104,20,74,0.059571048694527944,0.12076518766425355,False,False,False,1.1352270353928245e-08,COMPLETE
12,0.3729706764221192,2025-04-24 15:29:23.991061,2025-04-24 15:29:31.598504,0 days 00:00:07.607443,0.5609054939253473,0.013395997055202632,8,0.1495071500716435,0.11887987173169605,0.04233014846414351,0.09965435692487522,0.051645825909467355,0.04809561389438269,0.04030136109138616,8,63,0.0545017034076683,0.1156109101364392,False,False,False,1.7274936635750816e-08,COMPLETE
13,0.28504276871681217,2025-04-24 15:29:31.605892,2025-04-24 15:29:38.890507,0 days 00:00:07.284615,0.543547312896482,0.012478776838646297,8,0.1815115854395174,0.005456873101992776,0.04165451828320876,0.09884811550951389,0.03009598322138226,0.05306059348997138,0.020107916336396168,7,51,0.03713865349855111,0.0858090301569481,False,False,False,1.8160798583641325e-05,COMPLETE
14,0.38092322349548347,2025-04-24 15:29:38.898267,2025-04-24 15:29:45.899218,0 days 00:00:07.000951,0.4065258736103256,0.15187622661463165,16,0.015980313288532888,0.13438491805384398,0.03609939430191263,0.03895004803971115,0.04261234453534813,0.037148382721520115,0.015735208083254924,9,12,0.020847195674565253,0.09546546035283247,False,False,False,1.6087146753977677e-05,COMPLETE
15,0.4367579340934754,2025-04-24 15:29:45.906910,2025-04-24 15:29:52.888652,0 days 00:00:06.981742,0.38165770001248833,0.18544356002714618,16,0.0012702926328844785,0.165155150843629,0.026719660530249933,0.03555664597992782,0.01866654009321148,0.03385292423359957,0.007589193418554589,10,15,0.01867374711628246,0.018410646745887105,False,False,False,1.5289235565476117e-05,COMPLETE
16,0.3679032862186432,2025-04-24 15:29:52.896601,2025-04-24 15:30:00.721083,0 days 00:00:07.824482,0.3953701629727754,0.2804622132888086,16,0.011560935886989478,0.1637021741690638,0.024200395768778683,0.02656392137410474,0.01807678961954457,0.026588722473910763,0.00756873911478003,16,28,0.006508784789535156,0.0037833650768652038,False,False,False,8.187344968651032e-07,COMPLETE
17,0.40652143955230713,2025-04-24 15:30:00.729543,2025-04-24 15:30:07.956993,0 days 00:00:07.227450,0.41035521054182644,0.27514191710792096,16,0.23791574349359637,0.07729272952064226,0.09021198381624818,0.00902012664189756,0.0201006843443857,0.0969553692034954,0.00031113855794626403,11,5,0.023484277461485518,0.03936450308033317,False,False,False,6.546303369555662e-06,COMPLETE
18,0.3345328211784363,2025-04-24 15:30:07.965620,2025-04-24 15:30:14.882086,0 days 00:00:06.916466,0.6392425369271213,0.29083274481530896,16,0.2775292744646904,0.037612942903916424,0.09853758195503073,0.002998747456657783,0.0038123707825967537,0.09461351163910028,0.0002705808636234052,13,8,0.02429040444351219,0.039761787853904745,False,False,True,6.0787043545216226e-05,COMPLETE
19,0.3706903219223023,2025-04-24 15:30:14.890889,2025-04-24 15:30:21.553860,0 days 00:00:06.662971,0.683780900460544,0.7717622596747196,16,0.24568351266240712,0.07961138225487317,0.09169737252412226,0.017616310918252963,0.019868850243532972,0.021888486748841682,0.00026643800551121694,5,23,0.04085609636421222,0.027734981567334772,False,False,False,0.0009604842495834509,COMPLETE
20,0.40787838697433476,2025-04-24 15:30:21.562770,2025-04-24 15:30:29.458746,0 days 00:00:07.895976,0.46905448205291594,0.37766510104350426,16,0.22890384484292248,0.04188915722072202,0.0836577570683154,0.014377132470387,0.021581867485726675,0.061804704929254904,7.669523612167401e-05,18,6,0.04479749956321182,0.08164109058110366,False,False,False,6.757477072945298e-06,COMPLETE
21,0.4037443399429322,2025-04-24 15:30:29.468257,2025-04-24 15:30:37.369240,0 days 00:00:07.900983,0.43510564626877113,0.38189198556010623,16,0.21692380218553373,0.03457285842383526,0.08490915563744438,0.015172623509937512,0.022167574553199086,0.06250791196220448,4.973979621191313e-05,18,7,0.020350943385695035,0.08096064476917791,False,False,False,6.5629281032389025e-06,COMPLETE
22,0.39580468535423285,2025-04-24 15:30:37.378983,2025-04-24 15:30:44.752363,0 days 00:00:07.373380,0.4782930837026494,0.2306449717118806,16,0.26145280663692216,0.05649839916616892,0.08529054063771967,0.04193614866562801,0.009419031204824874,0.03767891762089968,8.815445517815906e-05,12,21,0.04175538836460646,0.027910782997560245,False,False,False,5.931556953723572e-06,COMPLETE
23,0.28504276871681217,2025-04-24 15:30:44.763703,2025-04-24 15:30:52.660907,0 days 00:00:07.897204,0.69745369420683,0.12226235175786676,16,0.20902201734234221,0.0010211643714913218,0.08315781878609872,0.012869144677631093,0.02792800926091916,0.060171693722268084,8.03499220145696e-05,18,40,0.029994810462135424,0.06604006772696892,False,False,False,5.123062095412323e-05,COMPLETE
24,0.3833586156368256,2025-04-24 15:30:52.671187,2025-04-24 15:31:00.301710,0 days 00:00:07.630523,0.18559668488180137,0.3555857999479244,16,0.2975782850064302,0.09211355480995247,0.018475625803104904,0.028363819971345586,0.013587093073792194,0.03740313867048927,0.0005668747465111048,15,5,0.0646487908607277,0.018001491762174724,False,False,False,5.935720640687743e-06,COMPLETE
25,0.37787711620330816,2025-04-24 15:31:00.313365,2025-04-24 15:31:07.809337,0 days 00:00:07.495972,0.31520917525237047,0.25685544108251984,16,0.2290621466682026,0.16109221758696615,0.06406114675538516,0.03742967732720413,0.023005250164977557,0.09170705052348063,3.476907777512445e-05,14,27,0.043905871697499786,0.05423473796486506,False,False,False,3.9907146065500294e-05,COMPLETE
26,0.3111667096614838,2025-04-24 15:31:07.820611,2025-04-24 15:31:14.255571,0 days 00:00:06.434960,0.46943893584434215,0.47948557803222963,16,0.19210221000589747,0.027940012642968567,0.07825025905480663,0.010530160236393485,0.002477950446779398,0.017625874091783574,0.00047425728694351415,7,19,0.04700602444825601,0.1555153118667797,False,False,True,8.585948199470212e-07,COMPLETE
27,0.3629439830780029,2025-04-24 15:31:14.267710,2025-04-24 15:31:22.143435,0 days 00:00:07.875725,0.25033349848178954,0.6291505434842766,16,0.26308634517701623,0.19373284152310885,0.05200942287053515,0.024919109059607075,0.03663705035091258,0.0994377999506745,0.004828616926054623,17,36,0.010723195952304518,0.09344558194103515,False,False,False,0.00015496911528103377,COMPLETE
28,0.36237085461616514,2025-04-24 15:31:22.155270,2025-04-24 15:31:30.319373,0 days 00:00:08.164103,0.37252123280589333,0.10135145016696434,16,0.03950985472261999,0.10310847982328963,0.0913244830861857,0.047419122586196925,0.011851429560512274,0.08390743453432158,0.00014964391008756917,20,47,0.029219217735445013,0.034570888634291655,False,False,False,4.032561877389224e-06,COMPLETE
29,0.31295998692512517,2025-04-24 15:31:30.331845,2025-04-24 15:31:40.849214,0 days 00:00:10.517369,0.2145986253173057,0.4252072417338482,16,0.24270514451067204,0.06656818651629143,0.010519081912650934,0.019434518749323205,0.038585255359497854,0.05937034503224059,2.55718045544831e-05,26,146,0.001933535660061065,0.071142266952408,True,False,True,3.769686292913192e-07,COMPLETE
30,0.36288783550262455,2025-04-24 15:31:40.861313,2025-04-24 15:31:48.139890,0 days 00:00:07.278577,0.10298715350062637,0.9968464244797974,16,0.15950232692534988,0.14946930364161395,0.02984184413324001,0.007061417530744917,0.026762077728641677,0.030913347736899067,0.0007306948881746772,11,19,0.018917682177787287,0.1452805154250096,False,False,False,1.3865571054387627e-05,COMPLETE
31,0.4095509946346283,2025-04-24 15:31:48.153139,2025-04-24 15:31:56.131921,0 days 00:00:07.978782,0.4537435645196254,0.3534364044260709,16,0.21429407357765912,0.036068197280059194,0.08098121784707525,0.018184510325105097,0.019921518016740365,0.06225537460392274,5.841397478333127e-05,19,5,0.023117367362725568,0.07408261150838766,False,False,False,8.391378415913286e-06,COMPLETE
32,0.404326468706131,2025-04-24 15:31:56.145677,2025-04-24 15:32:04.245954,0 days 00:00:08.100277,0.5160215933163743,0.2123874766219649,16,0.20739325790625973,0.020099856440939798,0.07824725685700022,0.03384170990295171,0.0168510441386526,0.06625250655842063,8.200792824259218e-05,20,15,0.03293392922369748,0.04652555073428534,False,False,False,9.821647594087228e-06,COMPLETE
33,0.38715675473213196,2025-04-24 15:32:04.258981,2025-04-24 15:32:12.689647,0 days 00:00:08.430666,0.34450105591846664,0.3956595098369311,16,0.11892012854542482,0.04884165474358396,0.0595546274519058,0.01727769050943982,0.007954144101862843,0.08577619907288915,2.2838269403453485e-05,23,30,0.0071896893353004115,0.10249893557740339,False,False,False,4.14692835575441e-05,COMPLETE
34,0.2869256973266602,2025-04-24 15:32:12.705758,2025-04-24 15:32:20.214877,0 days 00:00:07.509119,0.4889414283571817,0.3173050474462301,16,0.26736268543934316,0.07489878993072543,0.0919178598180362,0.02167162927349747,0.024545070859901333,0.04230718075556421,0.0001344185119057043,19,5,0.02618677175475074,0.015902762260433783,True,True,False,2.457853465521051e-05,COMPLETE
35,0.3469766139984131,2025-04-24 15:32:20.228447,2025-04-24 15:32:28.814238,0 days 00:00:08.585791,0.4316749152443357,0.4704665243185071,16,0.2333750676851262,0.1841287552027762,0.06912167382727809,0.032989692476672224,0.031040774864227814,0.0548339269024908,4.5678112015784695e-05,22,98,0.017598025736417597,0.07059891077808242,False,False,False,3.290842792260761e-06,COMPLETE
36,0.34681953191757203,2025-04-24 15:32:28.828929,2025-04-24 15:32:37.150807,0 days 00:00:08.321878,0.6208398522508262,0.347832220944413,16,0.27783523541210875,0.044364062744170166,0.07842489479052817,0.00796345411437044,0.09005945369470253,0.07641632672402804,2.0048173134037768e-05,25,31,0.036690473993864485,0.23305189779239688,True,True,False,0.0001176690376203033,COMPLETE
37,0.3534779071807862,2025-04-24 15:32:37.165085,2025-04-24 15:32:45.385244,0 days 00:00:08.220159,0.2832018311569635,0.20650392463231518,16,0.19485558425753763,0.01806748378264378,0.08733446152148677,0.04587705884708085,0.04469604195899705,0.07986473452327163,0.0004126512412541634,17,133,0.048516994604143285,0.043726818609871196,False,False,False,1.0230194318440552e-05,COMPLETE
38,0.28504276871681217,2025-04-24 15:32:45.400265,2025-04-24 15:32:57.685600,0 days 00:00:12.285335,0.7603550738531194,0.43833973382120944,2,0.09862391681347897,0.20954734926099997,0.07462397621496536,0.02157952641773975,0.014746673790026518,0.029562803683655513,0.0018823419868462094,11,13,0.024139193985358822,0.201306918840767,False,True,True,1.0106337472381817e-06,COMPLETE
39,0.4153743803501129,2025-04-24 15:32:57.700447,2025-04-24 15:33:06.835837,0 days 00:00:09.135390,0.38305074336409084,0.6234320815110275,8,0.252745135933224,0.22698868566796584,0.09973093116735035,0.05404959544740457,0.06606439081279458,0.06699199253175679,0.00013234745448266992,14,83,0.014941716814393258,0.058138471121001574,True,False,False,4.883533960694103e-07,COMPLETE
40,0.28504276871681217,2025-04-24 15:33:06.851141,2025-04-24 15:33:15.348244,0 days 00:00:08.497103,0.34811312677305856,0.5760084271525838,8,0.2843256479424068,0.22714443222552827,0.0972763117654991,0.056709805806388236,0.06329369265528799,0.06931833538080003,0.00015525077908100165,14,85,0.015175848979123677,0.14724777497346928,True,True,False,3.888472934299021e-07,COMPLETE
41,0.36172014474868774,2025-04-24 15:33:15.363436,2025-04-24 15:33:24.010364,0 days 00:00:08.646928,0.44538225226708383,0.684958842223817,8,0.24811925647648492,0.2486862450701286,0.0998197379255972,0.07388604972327785,0.07090491420014242,0.06560824193226593,5.4775334306654106e-05,12,69,0.00823364864166827,0.05325878351940176,True,False,False,1.0649464311087713e-07,COMPLETE
42,0.4005920290946961,2025-04-24 15:33:24.026168,2025-04-24 15:33:33.373106,0 days 00:00:09.346938,0.5196215802473867,0.7509856228203227,8,0.23117547918953574,0.29811526745138095,0.08917996173951662,0.05578688202813224,0.08040417880756573,0.05689100498870563,0.0008656507746302533,15,84,0.013783363032709522,0.018796269050569792,True,False,False,4.554013391183828e-08,COMPLETE
43,0.35774975419044497,2025-04-24 15:33:33.389108,2025-04-24 15:33:41.077624,0 days 00:00:07.688516,0.3788997391204194,0.5401448101291184,8,0.25111578781440247,0.18971817151156167,0.09451696790658667,0.049902668549212846,0.05262334583683429,0.07385900557340672,0.00030034687573479544,9,15,0.022764527458575556,0.07782655957582087,True,False,False,2.4843435463580246e-06,COMPLETE
44,0.3454592764377594,2025-04-24 15:33:41.094423,2025-04-24 15:34:01.838250,0 days 00:00:20.743827,0.5956947439974634,0.08125452749505829,2,0.2262828919465944,0.2202033639042043,0.0826909095991333,0.06198112074930724,0.06059332923751984,0.04424074735972382,0.00013042010911275644,21,99,0.07757567930142101,0.10737735490453762,True,False,False,2.691110353393536e-05,COMPLETE
45,0.3681166529655457,2025-04-24 15:34:01.856120,2025-04-24 15:34:10.333979,0 days 00:00:08.477859,0.23316884208318164,0.31205181623202205,8,0.058078370669148886,0.2676806328774956,0.0618116271157572,0.0017650281810111341,0.06880745881205802,0.050544936768564475,1.1397381668086786e-05,10,89,0.03330461770713019,0.06078377458942259,True,False,False,2.525404978047861e-07,COMPLETE
46,0.34889552593231205,2025-04-24 15:34:10.350821,2025-04-24 15:34:19.436721,0 days 00:00:09.085900,0.9997862812517251,0.1577454553008255,8,0.19829710253122354,0.10593587334885171,0.06894719470665539,0.03285619106035652,0.03432956355481412,0.062365854948229674,0.003876416428681783,16,108,0.026826640962079838,0.004737770246998051,False,False,False,1.5193995431091842e-06,COMPLETE
47,0.38557170629501347,2025-04-24 15:34:19.454325,2025-04-24 15:34:32.842892,0 days 00:00:13.388567,0.3013194903199893,0.5906979690746594,2,0.1707703234866083,0.054485638413663676,0.00826479941574142,0.024303846024312757,0.04111761038812797,0.08390642396690148,8.938560141275709e-05,13,70,0.09698890115043983,0.12854958817260806,False,False,True,3.6875593447272536e-06,COMPLETE
48,0.28504276871681217,2025-04-24 15:34:32.860544,2025-04-24 15:34:40.752607,0 days 00:00:07.892063,0.5419790232592586,0.2680027110503095,16,0.000244806398352726,0.0863771396563501,0.08032294698448292,0.08015509777762118,0.047174788603208784,0.07150345642905231,0.0012011888393072942,16,133,0.004281771142653183,0.03557833029851971,False,False,False,9.600833349148687e-06,COMPLETE
49,0.2921425402164459,2025-04-24 15:34:40.770836,2025-04-24 15:34:47.967267,0 days 00:00:07.196431,0.4283106647035084,0.5041537011113945,8,0.12571550607973567,0.16735219212368696,0.09381710419683176,0.006910643036785314,0.019558423348576062,0.041618272236125686,0.0002130095762096572,8,47,0.011785891709409952,0.08297239012077416,True,True,False,8.80840765142397e-05,COMPLETE
50,0.36118760704994207,2025-04-24 15:34:47.985281,2025-04-24 15:34:55.418870,0 days 00:00:07.433589,0.10304697893449866,0.357608859691295,16,0.257411422515188,0.14528178316317317,0.035196231568854514,0.011741288816402084,0.08234040715147184,0.003223505556209025,0.06507803489665792,12,58,0.0591933711712576,0.2902535129921534,False,False,False,2.2477289007774508e-05,COMPLETE
51,0.41012814044952395,2025-04-24 15:34:55.437353,2025-04-24 15:35:03.419914,0 days 00:00:07.982561,0.5247004391074581,0.184088304453151,16,0.20704215372508517,0.018523562183725632,0.07433889593303009,0.03304234583239184,0.015840090993153196,0.06573719029184116,6.56914531907459e-05,19,11,0.037607539112328774,0.04304375704989234,False,False,False,9.350121570778657e-06,COMPLETE
52,0.4057828187942505,2025-04-24 15:35:03.438862,2025-04-24 15:35:11.481078,0 days 00:00:08.042216,0.47632524142192995,0.06612766249395374,16,0.20435286013806583,0.012791674090761287,0.07174828909516112,0.042758469562701136,0.009859520735849987,0.06636262677698371,3.143892938794115e-05,19,10,0.017056578605358863,0.060502312593585864,False,False,False,5.524384680743255e-06,COMPLETE
53,0.39354847073554994,2025-04-24 15:35:11.500350,2025-04-24 15:35:19.501337,0 days 00:00:08.000987,0.39288583546804934,0.17723839692789647,16,0.22381025492029685,0.03270806885597281,0.08766140253018065,0.030259458213905025,0.03226540927340189,0.05291723738477681,6.285154771190793e-05,19,21,0.037821152729173704,0.027852702963725322,False,False,False,2.037008103756419e-06,COMPLETE
54,0.36202972531318667,2025-04-24 15:35:19.521079,2025-04-24 15:35:27.714842,0 days 00:00:08.193763,0.5670295466551162,0.24720029976726657,16,0.17825059896917372,0.07024723511447789,0.05488425030890777,0.015033009231132686,0.00539490230176916,0.0769204421850744,0.00018455650715875854,21,25,0.05330699598136737,0.04685317459357787,False,False,False,1.394037935740518e-05,COMPLETE
