number,value,datetime_start,datetime_complete,duration,params_alpha-eval,params_alpha-train,params_batch-size,params_eps-eval,params_eps-train,params_lambda-actions-eval,params_lambda-actions-train,params_lambda-frames-eval,params_lambda-frames-train,params_learning-rate,params_n-epochs,params_n-frames,params_radius-gw,params_rho,params_std-feats,params_ub-actions,params_ub-frames,params_weight-decay,state
791,0.28504276871681217,2025-04-05 06:50:00.768200,2025-04-05 06:50:06.718720,0 days 00:00:05.950520,0.8453643274390993,0.6369459079609493,16,0.018463679434584657,0.05207169961694359,0.08447063044213575,0.08287297815738855,0.0670988944222061,0.03653250068169079,0.00026596365381511617,7,19,0.02324604439896601,0.2897835994682889,False,True,True,1.0072869511760192e-08,COMPLETE
792,0.2871678233146667,2025-04-05 06:50:06.982064,2025-04-05 06:50:12.989307,0 days 00:00:06.007243,0.1895896869881598,0.717719903290784,16,0.1294144637166859,0.06138370548432659,0.08627989375940932,0.06703599813640652,0.06964240841450317,0.032380509813808904,0.0001738030859201934,8,12,0.02923997303962419,0.29415293958440164,False,True,False,1.9206410510144934e-08,COMPLETE
793,0.33355305194854734,2025-04-05 06:50:13.253557,2025-04-05 06:50:19.753773,0 days 00:00:06.500216,0.5857885252138141,0.6874407399300002,16,0.16854902482195003,0.06857327897538347,0.08203025604485104,0.05265182776651604,0.06497917331258597,0.027857999677551062,0.0001331986411340858,10,144,0.026154934547824277,0.2820933935129245,False,True,False,1.490381461933487e-08,COMPLETE
794,0.3430118083953858,2025-04-05 06:50:20.006282,2025-04-05 06:50:26.208409,0 days 00:00:06.202127,0.5552190773112522,0.6111805812200944,16,0.032895421324352955,0.1111190259827806,0.07863740974074399,0.0756143614180877,0.0670993766452944,0.033554301914929335,0.0002236212050884037,9,15,0.020890841597392202,0.2896572502387131,False,True,False,1.0030440836744042e-08,COMPLETE
795,0.28504276871681217,2025-04-05 06:50:26.472458,2025-04-05 06:50:32.526127,0 days 00:00:06.053669,0.5107938539671896,0.6607730020821451,16,0.09449430210112034,0.05778665261502923,0.08461591381221167,0.07830342060183605,0.07234632297923155,0.029587653000036462,0.00010637837831014033,7,101,0.01894644551408147,0.2949952154894894,False,True,False,1.4667293519957571e-08,COMPLETE
796,0.4691789269447327,2025-04-05 06:50:32.791533,2025-04-05 06:50:38.968908,0 days 00:00:06.177375,0.5387186576664575,0.6430953387133306,16,0.028877997262304906,0.06483482197033298,0.07654504867092633,0.08487686299948805,0.06422250241695511,0.037394166421303374,0.00014743494334745205,8,22,0.02273091409928184,0.286356067912809,False,True,False,1.8574148808346305e-08,COMPLETE
797,0.3761750400066376,2025-04-05 06:50:39.223443,2025-04-05 06:50:45.361089,0 days 00:00:06.137646,0.5658254948613854,0.6800554946028096,16,0.01890773807203691,0.07548995364194339,0.08770233310791158,0.08258858752914916,0.06913563056809366,0.034963222295438176,0.0001814098147542712,9,19,0.025398083722794482,0.2764931734063182,False,True,False,0.0001878281698912756,COMPLETE
798,0.4780023992061615,2025-04-05 06:50:45.626242,2025-04-05 06:50:51.963796,0 days 00:00:06.337554,0.5101366702816248,0.7137187715380451,16,0.026204461652088794,0.049812214668896626,0.08231500275259016,0.08072738405958087,0.06637262265747823,0.027411304193218772,0.00012783496201395858,10,23,0.0027604197082140985,0.29990304740925305,False,True,False,1.29880066672046e-08,COMPLETE
799,0.4690785169601441,2025-04-05 06:50:52.232711,2025-04-05 06:50:58.316649,0 days 00:00:06.083938,0.5281848122264177,0.7340651418495018,16,0.035094317331522226,0.06957884566507144,0.07966853765434272,0.07906212226431504,0.07056721041904127,0.03196566987713657,0.016438543458924364,8,12,0.021281229598006955,0.2938079275915675,False,True,False,1.974455844782326e-08,COMPLETE
800,0.36301547288894653,2025-04-05 06:50:58.569997,2025-04-05 06:51:04.807942,0 days 00:00:06.237945,0.5946140123396617,0.6184522041523327,16,0.017432077308812313,0.05748435397750344,0.07476666097506855,0.08453947174483187,0.06758527717761495,0.030122845413278938,0.000152927425799335,9,17,0.01864954294921346,0.2816433657223332,True,True,False,1.2476879237202874e-08,COMPLETE
801,0.4471692323684693,2025-04-05 06:51:05.078657,2025-04-05 06:51:11.183594,0 days 00:00:06.104937,0.5520954683709013,0.6682118696815987,16,0.024242030149695705,0.06323284828503452,0.0847773112335203,0.08521981578632967,0.06507119387163844,0.03328079419119475,0.00010420514310089661,7,15,0.027213949780656846,0.28918165086192243,False,True,False,1.0005306204067089e-08,COMPLETE
802,0.38782958984375,2025-04-05 06:51:11.454924,2025-04-05 06:51:21.694229,0 days 00:00:10.239305,0.5766909321339,0.6955731040521063,2,0.018161770979225236,0.24501164810950862,0.08149982033347895,0.08299845166882183,0.07395651022691879,0.03684586600119286,0.00020173722171031865,8,20,0.023962798617902337,0.2942699836412535,False,True,False,1.6190193862016676e-08,COMPLETE
803,0.2883356213569641,2025-04-05 06:51:21.949754,2025-04-05 06:51:28.431955,0 days 00:00:06.482201,0.509363942389139,0.6478268150701775,16,0.04463077319071877,0.049612737315687896,0.08692999443466017,0.08152400458189307,0.06381828941293087,0.030018487056401526,3.0408925056046833e-05,10,116,0.020153168210025284,0.2716659944718501,False,True,False,1.997680250315556e-08,COMPLETE
804,0.33296744823455815,2025-04-05 06:51:28.699335,2025-04-05 06:51:34.868432,0 days 00:00:06.169097,0.5313679460915608,0.7083108188169595,16,0.03142423068311063,0.07405132277976817,0.07816935744266018,0.07934156621120021,0.06970805628784199,0.03520117729313268,0.0002590288518378665,9,24,0.029430054250509673,0.299992643976657,False,True,False,1.2375007098259662e-08,COMPLETE
805,0.40653046369552615,2025-04-05 06:51:35.125316,2025-04-05 06:51:41.162598,0 days 00:00:06.037282,0.5529495097782693,0.6283592213004039,16,0.02412192078159951,0.056400222201135095,0.08325636982123207,0.0752313025714684,0.0721098940243607,0.03172269061236698,9.474764665590778e-05,7,14,0.07121416864919294,0.2842521681776043,False,True,False,1.5026132556178318e-08,COMPLETE
806,0.29043634533882146,2025-04-05 06:51:41.429321,2025-04-05 06:51:47.515161,0 days 00:00:06.085840,0.6116583531679377,0.6743648395759375,16,0.2860668023932871,0.06782466082052374,0.08046027641448175,0.08550422712731172,0.06790000889351464,0.026641314455093053,4.444053102938174e-05,8,18,0.02471151742696275,0.28946122225227444,False,True,False,1.9035978749937867e-05,COMPLETE
807,0.454381537437439,2025-04-05 06:51:47.785823,2025-04-05 06:51:53.951105,0 days 00:00:06.165282,0.5146261430870419,0.650613750678972,16,0.016645104196776152,0.07845831271159798,0.08313256870078661,0.08242445552660028,0.06607838362636327,0.033610577931381475,0.00017152920114850756,9,12,0.02249218627630871,0.2783452231322382,False,True,False,2.091369816508497e-08,COMPLETE
808,0.37733679413795473,2025-04-05 06:51:54.205090,2025-04-05 06:52:00.534612,0 days 00:00:06.329522,0.5697662823092767,0.7318694380404652,16,0.0251155839441908,0.06172873655975408,0.07650204440712177,0.07728150517717944,0.06384521023114091,0.03791082182086162,0.0001305850016101635,10,23,0.02686084566826704,0.2939261451971534,False,True,False,1.2923455237973002e-08,COMPLETE
809,0.3631147265434265,2025-04-05 06:52:00.801312,2025-04-05 06:52:06.832137,0 days 00:00:06.030825,0.5391268716916763,0.689467977978858,16,0.039368123752194305,0.06958772623953148,0.08645553780293133,0.08577513680621827,0.06961629284655269,0.028735889854825846,0.0002140743476212195,7,20,0.01827758331436339,0.28608339426837837,False,False,True,4.806316502330167e-05,COMPLETE
810,0.45834153890609747,2025-04-05 06:52:07.101355,2025-04-05 06:52:13.249453,0 days 00:00:06.148098,0.589299067090628,0.6185064077717498,16,0.018949102197253154,0.05442187458349217,0.07869383128130258,0.08423727153638566,0.06610224678247556,0.03106877414832321,0.00011474879406572219,8,17,0.020747875780947618,0.2907061928787393,False,True,False,1.685139753222916e-08,COMPLETE
811,0.4812429308891296,2025-04-05 06:52:13.505356,2025-04-05 06:52:19.746631,0 days 00:00:06.241275,0.554752077807583,0.6632439447850741,16,0.03161421623227731,0.062482196558254835,0.08428208441798299,0.07964512716438868,0.06834077156212133,0.027319805758575143,0.0001527824377766588,9,12,0.023428364031187542,0.2839433694006499,False,True,False,1.244202928184199e-08,COMPLETE
812,0.3774267077445984,2025-04-05 06:52:20.015366,2025-04-05 06:52:26.037504,0 days 00:00:06.022138,0.5097738245593991,0.716283337192467,16,0.016581536570811406,0.07423497464277315,0.0813390097075988,0.04833993816524593,0.07151919678721154,0.03575426188861111,9.747951492571653e-05,7,15,0.025437366052464827,0.2945168881211132,False,True,False,1.297414188059129e-06,COMPLETE
813,0.29806535840034487,2025-04-05 06:52:26.307872,2025-04-05 06:52:32.396440,0 days 00:00:06.088568,0.5280702402696128,0.6356979295841705,16,0.14713323891015032,0.06667476087660773,0.08525069725426318,0.08607693894791225,0.06386054906517781,0.032818863038848074,0.00014013950698678966,8,24,0.02801289053337848,0.27676453698375175,False,True,False,2.1866702088235016e-08,COMPLETE
814,0.48419066667556765,2025-04-05 06:52:32.653235,2025-04-05 06:52:38.920577,0 days 00:00:06.267342,0.5699934545451018,0.6795362795814631,16,0.025605401538828065,0.05839642075281634,0.08251572273425693,0.08229065354684295,0.06725660475975712,0.029947859738402555,0.00018453262424505696,10,20,0.019410948622360504,0.2953084019902652,False,True,False,1.599822945022456e-08,COMPLETE
815,0.4758810877799988,2025-04-05 06:52:39.190376,2025-04-05 06:52:45.542443,0 days 00:00:06.352067,0.6043697127099027,0.6934202421299114,16,0.02245179077241588,0.048697622983218655,0.0802171094837352,0.0847086820458196,0.07058068796902306,0.028647895910722167,0.00022438031419890023,10,21,0.017904014586037152,0.2857005937585959,False,True,False,2.153810842550655e-08,COMPLETE
816,0.3336850106716156,2025-04-05 06:52:45.810339,2025-04-05 06:52:52.123184,0 days 00:00:06.312845,0.5881918940159897,0.7065055658343654,16,0.01652487275225422,0.05354677948628438,0.07396109086009782,0.0814502732670593,0.06828564087387332,0.0636383856609306,0.0002688068388149218,10,24,0.018949720132375725,0.29431185765139917,False,True,False,0.0009591234847884529,COMPLETE
817,0.4857725262641907,2025-04-05 06:52:52.384720,2025-04-05 06:52:58.679742,0 days 00:00:06.295022,0.6190487432603727,0.6852928989817513,16,0.02356690849349447,0.05938725540084193,0.07686385414336626,0.07400640852023778,0.07278460773661256,0.029564733374231107,0.00019518717476904704,10,21,0.02051744781505173,0.28943647647502907,False,True,False,1.5927173936881745e-08,COMPLETE
818,0.47860226631164554,2025-04-05 06:52:58.950781,2025-04-05 06:53:05.306746,0 days 00:00:06.355965,0.6374217601759773,0.6827337817540597,16,0.028304054808819167,0.048237973376740934,0.07598509879892153,0.0723847825634341,0.07593088725890042,0.027110966361619686,0.0002732837502723414,11,20,0.020865265776148504,0.2704010960472894,False,True,False,1.7287064690087392e-08,COMPLETE
819,0.4807001829147339,2025-04-05 06:53:05.578603,2025-04-05 06:53:11.967792,0 days 00:00:06.389189,0.6217363113754367,0.7055536197674468,16,0.024260215603349844,0.05710356668469515,0.07502602061938285,0.07114996609122201,0.07466380521369997,0.030122934129830387,0.00023116221031888937,11,16,0.021863262397499122,0.27742748166219605,False,True,False,0.0003191754120945316,COMPLETE
820,0.4385131180286408,2025-04-05 06:53:12.224797,2025-04-05 06:53:23.481572,0 days 00:00:11.256775,0.023867193089247174,0.6826115120016021,2,0.03558498902854552,0.05108279878873825,0.07723142807442647,0.07226602313283079,0.07727991536565489,0.02929421831134748,0.00019582632112671134,10,13,0.021532101131411262,0.2809252879186675,False,True,False,2.0983755107256175e-08,COMPLETE
821,0.3665718913078308,2025-04-05 06:53:23.753034,2025-04-05 06:53:30.083868,0 days 00:00:06.330834,0.629272398620176,0.6873781936082981,16,0.025726223016801972,0.05806837062912491,0.07792393280833396,0.07459288381221403,0.07279546646049191,0.02703897161338673,0.0001897438419244835,10,18,0.019833618568320825,0.2858611237468793,True,True,False,1.550291199035648e-08,COMPLETE
822,0.4866834878921509,2025-04-05 06:53:30.358559,2025-04-05 06:53:36.638866,0 days 00:00:06.280307,0.622493349938813,0.7283647452177866,16,0.02150978440244095,0.055177520971023596,0.07386433682258428,0.07533793369383311,0.07042375571320245,0.02979874699659876,0.00021894024291084177,10,20,0.01966109619283687,0.28014415868691345,False,True,False,2.1370072316168e-08,COMPLETE
823,0.3614076316356659,2025-04-05 06:53:36.915857,2025-04-05 06:53:43.223129,0 days 00:00:06.307272,0.6176229260251072,0.7264515955870834,16,0.019120784338674528,0.0519317232331602,0.0737807134271037,0.07670323007887161,0.0718548540103611,0.03368592653243263,0.00022895605546723212,11,11,0.019027125654173402,0.09421550005133557,False,True,False,2.0628564525288378e-08,COMPLETE
824,0.47426329255104066,2025-04-05 06:53:43.484996,2025-04-05 06:53:49.762531,0 days 00:00:06.277535,0.679107510370334,0.7285996428441759,16,0.016372432147005123,0.05048541448736524,0.07434910175501767,0.07805018038152949,0.07264579823481203,0.03091944146268245,0.0002653114514780624,10,15,0.018936180319678815,0.26756384992971693,False,True,False,2.1898276240086705e-08,COMPLETE
825,0.4846686363220215,2025-04-05 06:53:50.042289,2025-04-05 06:53:56.394468,0 days 00:00:06.352179,0.6448461832366681,0.7357678296561216,16,0.021749079412907033,0.04852039819017054,0.0883484812898505,0.07559999414693115,0.06880879761196562,0.03487578899711082,0.00022345425925589715,11,22,0.020648724914526163,0.27127720108237385,False,True,False,1.4218930092781829e-08,COMPLETE
826,0.47753019928932194,2025-04-05 06:53:56.670179,2025-04-05 06:54:03.007297,0 days 00:00:06.337118,0.6574351549943552,0.7333780302421034,16,0.031264221977924694,0.04493426716348204,0.08890436562322832,0.07828144337056539,0.07538760855710969,0.035140100931067106,0.0002560381445006242,11,17,0.01815101471282963,0.2695263786975066,False,True,False,1.5232534976069763e-08,COMPLETE
827,0.47197785377502444,2025-04-05 06:54:03.270425,2025-04-05 06:54:09.633731,0 days 00:00:06.363306,0.6259909633912275,0.7453376194894041,16,0.023277149627630757,0.048869080298727455,0.09105881614999764,0.0728246972482456,0.06946670809787617,0.03281661795806756,0.0002889300210577325,11,11,0.020534239918512824,0.27266736650844114,False,True,False,1.4124090650887133e-08,COMPLETE
828,0.3752834558486938,2025-04-05 06:54:09.908056,2025-04-05 06:54:16.604889,0 days 00:00:06.696833,0.6189173390821969,0.7454934173815455,16,0.03678867848662663,0.045465980526734055,0.08890022667025008,0.06850411584095469,0.06876429115415993,0.03425286740806396,0.0002114959383418501,10,21,0.019803809348513092,0.2753695720988336,False,False,False,1.2456277711644124e-08,COMPLETE
829,0.47907325625419617,2025-04-05 06:54:16.882276,2025-04-05 06:54:23.158161,0 days 00:00:06.275885,0.644865181250691,0.7221102836633949,16,0.028646001512074446,0.05464248212657473,0.07903731530241218,0.07930665839392086,0.07360262391120781,0.036057914807568064,0.000240410303157198,10,15,0.01777637750690236,0.27783469298092517,False,True,False,1.577572819882819e-08,COMPLETE
830,0.4797121524810791,2025-04-05 06:54:23.419605,2025-04-05 06:54:29.666112,0 days 00:00:06.246507,0.5891126257849019,0.7286364722865378,16,0.022393879611325815,0.04794085180549992,0.07323675427879571,0.07435681723330101,0.06711722118400888,0.03194906894130812,0.00022155551102787135,10,18,0.02186519491136704,0.27149660790008046,False,True,False,1.2212946880769463e-08,COMPLETE
831,0.47169529199600224,2025-04-05 06:54:29.945410,2025-04-05 06:54:36.371523,0 days 00:00:06.426113,0.6698419822793111,0.7176991895126326,16,0.019797910836307407,0.055457028294421354,0.09719907236201605,0.07737840898420749,0.07062094264867962,0.03006385034932206,0.00019545027683156853,11,24,0.0201430991412771,0.28135079086284037,False,True,False,1.7650484411560142e-08,COMPLETE
832,0.28504276871681217,2025-04-05 06:54:36.649132,2025-04-05 06:54:43.001011,0 days 00:00:06.351879,0.6611479119948432,0.7437324286161014,16,0.029117357599148883,0.05699491313031544,0.08765191051818945,0.07655699059365982,0.06757097049603981,0.037575069803333305,0.0002758019549871097,11,12,0.017966779402322844,0.2890152478674639,False,True,True,2.2088133481779044e-08,COMPLETE
833,0.28635106682777406,2025-04-05 06:54:43.265765,2025-04-05 06:54:49.457591,0 days 00:00:06.191826,0.6797491437962616,0.6999514465073652,16,0.03379244030608892,0.047851213742193234,0.07537255199902254,0.07366432635804557,0.06537403358447673,0.03341660477233804,0.00019592881380527856,10,22,0.022237727144301014,0.07705830870930012,False,True,False,1.5718128195889855e-08,COMPLETE
834,0.28504276871681217,2025-04-05 06:54:49.730672,2025-04-05 06:54:55.946365,0 days 00:00:06.215693,0.6516482367975468,0.71095873307804,16,0.024315454406794147,0.05898404500157388,0.019180487341009043,0.07393458851002846,0.07147293811926043,0.030947303484331737,0.00023575129997706234,10,14,0.01992102360969033,0.2891855347708554,False,True,False,1.2695092591518927e-08,COMPLETE
835,0.4686383903026581,2025-04-05 06:54:56.223718,2025-04-05 06:55:02.499088,0 days 00:00:06.275370,0.6362334171372812,0.7025951461354855,16,0.01901612100409062,0.053829476273341996,0.07906766476365887,0.07640711569160963,0.07377530572878488,0.034714490693959196,0.0002835914829770931,10,18,0.01760959682759213,0.2794025452974394,False,True,False,1.003882747509937e-08,COMPLETE
836,0.33037133812904357,2025-04-05 06:55:02.763128,2025-04-05 06:55:09.195138,0 days 00:00:06.432010,0.6392866392277088,0.7323566026451303,16,0.03603249817187759,0.0601565209986621,0.08086476485879089,0.06955229765801998,0.06722577070537096,0.029595108175094684,0.00017440624182618426,11,20,0.022334019530878095,0.26753809185651733,False,True,False,1.69002608065894e-08,COMPLETE
837,0.43082506060600284,2025-04-05 06:55:09.473111,2025-04-05 06:55:15.789844,0 days 00:00:06.316733,0.6550345146356726,0.6873776940655174,16,0.017403141313935173,0.0467114827651723,0.08682757268769402,0.07550165545679667,0.06891281950125941,0.03695615269594361,0.00018527229468392003,10,15,0.020968804627459314,0.29040975813257164,False,True,False,2.2497642012361366e-08,COMPLETE
838,0.39254879355430605,2025-04-05 06:55:16.067602,2025-04-05 06:55:22.341195,0 days 00:00:06.273593,0.1067941082920188,0.7099059128110103,16,0.027845947845790586,0.05291381509945195,0.07718327916652962,0.08060120006714949,0.06379452745935782,0.032641070305894145,0.0002044158563686777,10,11,0.017159590619349255,0.2753304437993288,False,True,False,1.2485806764682028e-08,COMPLETE
839,0.3848362505435944,2025-04-05 06:55:22.609467,2025-04-05 06:55:34.340187,0 days 00:00:11.730720,0.6410887490904286,0.7407459655832921,2,0.014817357049114785,0.06064044116328755,0.08345813284571006,0.07549989332244661,0.07006281869146518,0.035077075230906626,0.0002872327271783608,11,26,0.022954112737543407,0.29499131576992854,False,True,False,1.0039635836636098e-08,COMPLETE
840,0.28504276871681217,2025-04-05 06:55:34.617103,2025-04-05 06:55:40.910673,0 days 00:00:06.293570,0.7583152637781855,0.7067309612242696,16,0.04185769978210916,0.05183103304189089,0.08004462682878281,0.0795209258199009,0.06579885646179554,0.027350765612677568,0.0002270604579091233,10,21,0.019221172552936122,0.28193337943431046,True,True,False,1.4532418327434294e-08,COMPLETE
841,0.36971302032470704,2025-04-05 06:55:41.189642,2025-04-05 06:55:47.368186,0 days 00:00:06.178544,0.6188876091063071,0.7452240913756085,16,0.021087009019959843,0.060127168371608794,0.08473628553704865,0.08349411623220646,0.0677662262785657,0.03170423986132976,0.00016802445734911676,9,19,0.020996987521539993,0.28898472857663543,False,True,False,1.821595327620406e-08,COMPLETE
842,0.46486937403678896,2025-04-05 06:55:47.649094,2025-04-05 06:55:53.835227,0 days 00:00:06.186133,0.6228965117662987,0.6749181422230711,16,0.027415631587374548,0.05665749759496332,0.08894391798651824,0.060856311040203066,0.07147151410956736,0.02934495584038785,0.00016888307782202542,9,16,0.01766304854775429,0.29498792037539234,False,True,False,1.2945303935960465e-08,COMPLETE
843,0.47106992006301884,2025-04-05 06:55:54.102507,2025-04-05 06:56:00.431387,0 days 00:00:06.328880,0.6373623857685933,0.7215433807610817,16,0.016413724534008873,0.046029594287711514,0.08201751741030647,0.07142815902608127,0.06476988802042183,0.03364021551251877,0.00022453645364723713,11,23,0.022736670610197306,0.2862923449835034,False,True,False,2.25750716840496e-08,COMPLETE
844,0.31661618351936344,2025-04-05 06:56:00.711609,2025-04-05 06:56:06.910484,0 days 00:00:06.198875,0.612060760557619,0.6986426584258763,16,0.034458435532719045,0.060612410066863326,0.0782099185878906,0.07768693026925035,0.06923291628128397,0.0377325882385601,0.0001829378056368041,10,12,0.019231435532384072,0.031245122630149183,False,True,False,1.743124718705786e-08,COMPLETE
845,0.4587940573692322,2025-04-05 06:56:07.191585,2025-04-05 06:56:13.373569,0 days 00:00:06.181984,0.7164932924600869,0.6834138765977309,16,0.022212272569614087,0.051834534136296545,0.09292641818911553,0.08221848155649482,0.07496557174841628,0.03557726515161284,0.0002455842044313433,9,17,0.023584521077937137,0.28069900138758097,False,True,False,1.4636814694540166e-08,COMPLETE
846,0.3292590618133545,2025-04-05 06:56:13.642675,2025-04-05 06:56:19.895898,0 days 00:00:06.253223,0.6034882900410519,0.7208043821830176,16,0.013274853264689041,0.06304974860182333,0.07285348626468076,0.08097695974175606,0.0658806661978571,0.031159828165486646,0.00017464667509946776,10,25,0.020864593464887574,0.03877953055252521,False,True,False,1.2332738504641492e-08,COMPLETE
847,0.38365075588226316,2025-04-05 06:56:20.174857,2025-04-05 06:56:26.875154,0 days 00:00:06.700297,0.6588507195306761,0.6689856854613405,16,0.20064794249253068,0.05737592062016489,0.07557557886770411,0.0753762426639978,0.06393928763255914,0.027008242593910766,0.00020730617274375171,10,13,0.016830782893743467,0.2945645037508413,False,False,False,0.0001432816908832805,COMPLETE
