number,value,datetime_start,datetime_complete,duration,params_alpha-eval,params_alpha-train,params_batch-size,params_eps-eval,params_eps-train,params_lambda-actions-eval,params_lambda-actions-train,params_lambda-frames-eval,params_lambda-frames-train,params_learning-rate,params_n-epochs,params_n-frames,params_radius-gw,params_rho,params_std-feats,params_ub-actions,params_ub-frames,params_weight-decay,state
281,0.32753717303276064,2025-04-05 05:51:53.848928,2025-04-05 05:52:01.485363,0 days 00:00:07.636435,0.5737995816583773,0.8102964285765567,8,0.1826889701170255,0.020082089849048468,0.04922284139010226,0.021747977478481735,0.0029146703841369526,0.06000377682552696,0.0008877329540424403,16,12,0.041334559372952086,0.2476234351003078,False,True,False,1.5951313050290353e-08,COMPLETE
282,0.4129280686378479,2025-04-05 05:52:01.577222,2025-04-05 05:52:09.455974,0 days 00:00:07.878752,0.4716929373796466,0.7156595806799217,8,0.05559501831443682,0.037196192852407155,0.056031607814726436,0.010273399600585223,0.007914214743170058,0.012317249786473068,0.0004957846177531799,18,8,0.043594227771940504,0.2709772099156271,False,True,False,7.669311768435321e-08,COMPLETE
283,0.4059241771697998,2025-04-05 05:52:09.546758,2025-04-05 05:52:17.396609,0 days 00:00:07.849851,0.5061691159684282,0.7532166960777741,8,0.04495876506652343,0.0162536424114654,0.053477940142668795,0.014249661945760116,0.0011538770072282891,0.01689191434472238,0.0007075805651351888,17,15,0.03341664564469365,0.29228865495878903,False,True,False,5.583085804965405e-08,COMPLETE
284,0.4458720922470093,2025-04-05 05:52:17.496252,2025-04-05 05:52:25.068022,0 days 00:00:07.571770,0.4579035497604913,0.8644278546701857,8,0.029808771408145796,0.022782418849956826,0.05991269982769246,0.01625254400995743,0.005728872640503379,0.02066200664479827,0.0003991699292022084,15,8,0.03864675748825072,0.2859539813943045,False,True,False,3.095211989976632e-08,COMPLETE
285,0.28504276871681217,2025-04-05 05:52:25.159282,2025-04-05 05:52:31.897971,0 days 00:00:06.738689,0.45628210312647915,0.8650377010209139,16,0.02554624189001149,0.02700608430005937,0.05986962611594394,0.01576251429071271,0.006683725989506549,0.019471040806431108,0.0005717188759178739,16,11,0.03938241479458756,0.2600901605123056,False,True,False,3.482039387223148e-08,COMPLETE
286,0.2973291158676148,2025-04-05 05:52:31.990731,2025-04-05 05:52:39.466138,0 days 00:00:07.475407,0.5397229677338615,0.8442965490672215,8,0.03606692301627913,0.02195619253687745,0.06174563210488176,0.02357478300697784,0.004110771761422282,0.014591850264048245,0.0004155787558064556,15,7,0.037015775483081,0.2867656516583498,True,True,False,2.6705030170630502e-08,COMPLETE
287,0.4424245297908783,2025-04-05 05:52:39.557886,2025-04-05 05:52:47.098922,0 days 00:00:07.541036,0.4892996786527315,0.8181606957770254,8,0.030276457709109753,0.033240787355386506,0.05955586981844754,0.01983693315401897,0.008736637789620007,0.02225924228335504,0.0007699203913741899,15,5,0.04079062320957835,0.2818594578461374,False,True,False,3.194265911843918e-08,COMPLETE
288,0.4002381682395936,2025-04-05 05:52:47.201808,2025-04-05 05:52:54.663072,0 days 00:00:07.461264,0.4872086688428282,0.8165980532203823,8,0.028193874312222995,0.033745558761759095,0.05979898911775363,0.019559148210281856,0.008937315537903863,0.02325734980480027,0.0004979838801950602,15,5,0.099928252282249,0.2835438335282661,False,True,False,3.299019414434076e-08,COMPLETE
289,0.4577872514724732,2025-04-05 05:52:54.754971,2025-04-05 05:53:02.117483,0 days 00:00:07.362512,0.515486713257081,0.7836936622755184,8,0.023683735009620066,0.04607946613644204,0.06371366148194299,0.013036563084267584,0.011223353022251241,0.01752503900929013,0.0009859763619088054,14,5,0.0422868743864786,0.2775019308518234,False,True,False,2.3921199640414103e-08,COMPLETE
290,0.34840571880340576,2025-04-05 05:53:02.211667,2025-04-05 05:53:09.615962,0 days 00:00:07.404295,0.5154593030832951,0.7881481432898665,8,0.02349656961368179,0.0472176598895252,0.06459045175918193,0.007674098744214243,0.011087465786403298,0.020207250744341126,0.0009295341123754093,14,8,0.04567937455025805,0.2753705251399411,False,True,False,2.1178810326471968e-08,COMPLETE
291,0.4085038423538208,2025-04-05 05:53:09.708359,2025-04-05 05:53:16.943637,0 days 00:00:07.235278,0.4786311515186154,0.7728357365157157,8,0.030446373938707104,0.03678332594426771,0.06393403947129593,0.012283596860837694,0.009337827876849095,0.016903465973143253,0.0010545984747973183,13,8,0.07802251707036877,0.27801696556935673,False,True,False,2.515597867172652e-08,COMPLETE
292,0.41783066987991335,2025-04-05 05:53:17.037866,2025-04-05 05:53:24.626398,0 days 00:00:07.588532,0.5354596065794953,0.80192091077444,8,0.018138970263899462,0.03193672101284729,0.06212680799570752,0.009790753878462854,0.013572274933612138,0.011787238543049253,0.0008255412903269745,15,13,0.04253955678143989,0.26476589709322546,False,True,False,4.4495182159815186e-08,COMPLETE
293,0.3624749064445496,2025-04-05 05:53:24.729715,2025-04-05 05:53:32.318286,0 days 00:00:07.588571,0.558291193979382,0.8276174046853416,8,0.029672777913505213,0.04078265136353581,0.010567549914282444,0.013328004001388935,0.011154464451276875,0.08113709658064011,0.001172903004513065,15,10,0.04772532383757394,0.27188981320862493,False,True,False,2.1995287246540856e-08,COMPLETE
294,0.4357827425003052,2025-04-05 05:53:32.412240,2025-04-05 05:53:40.178295,0 days 00:00:07.766055,0.5863916226709789,0.7662709927441438,8,0.024154973694709023,0.04082686844050751,0.056834315892186016,0.015326175231805026,0.007300517198398148,0.021921560420485136,0.00037044170250020796,17,5,0.04444929650781398,0.25519796268346495,False,True,False,1.2951085511041052e-08,COMPLETE
295,0.44798183441162115,2025-04-05 05:53:40.271932,2025-04-05 05:53:47.661001,0 days 00:00:07.389069,0.5975774657793986,0.7832509159287006,8,0.023919013966479455,0.044959220130311416,0.05680145633622264,0.015055261598429586,0.007503753693498656,0.018248531626986926,0.0003993528443391845,14,7,0.044390558696519825,0.2580293299079545,False,True,False,1.1807777115708728e-08,COMPLETE
296,0.28504276871681217,2025-04-05 05:53:47.758018,2025-04-05 05:53:55.142366,0 days 00:00:07.384348,0.5685801372466891,0.7755224382287081,8,0.02645090684441806,0.046791098545524566,0.06001632310174203,0.016103115079413626,0.007438772400327006,0.02485790187726364,0.00040493951195259115,14,5,0.04359181968892203,0.25427577893706554,False,True,True,1.1899353721177423e-08,COMPLETE
297,0.3647893786430359,2025-04-05 05:53:55.236844,2025-04-05 05:54:02.599487,0 days 00:00:07.362643,0.5900469403704477,0.7947018798654217,8,0.018643742224262502,0.052378955328602664,0.05605112257850976,0.014822584239395394,0.007217747860237569,0.022674144072035843,0.00036257514809452147,14,5,0.041677343699988295,0.28061631906151646,False,True,False,1.524135926228771e-08,COMPLETE
298,0.45362561345100405,2025-04-05 05:54:02.703880,2025-04-05 05:54:10.096270,0 days 00:00:07.392390,0.5891631730856927,0.759152010721018,8,0.014863213304420617,0.044995565064506554,0.056969361928081615,0.011812624655907291,0.008189658380592213,0.022175671812987494,0.000468048349086849,14,8,0.04451901564572145,0.24253673790934274,False,True,False,1.1756088866563283e-08,COMPLETE
299,0.34773920774459843,2025-04-05 05:54:10.192730,2025-04-05 05:54:17.632076,0 days 00:00:07.439346,0.6013880449542064,0.7671915936971228,8,0.013246621182558684,0.05029734595722733,0.05704234632347974,0.01114547337568401,0.009172798857827447,0.021447703215478446,0.0004635296895380859,14,7,0.04377753583170841,0.24576775433985115,False,True,False,1.0147332184866873e-08,COMPLETE
300,0.3547949075698853,2025-04-05 05:54:17.728509,2025-04-05 05:54:25.000826,0 days 00:00:07.272317,0.5777934996593438,0.8177137952819321,8,0.011621238162025344,0.04306795002510271,0.0627507306577553,0.00633812918394846,0.0043060410882552,0.02551617955877408,0.0003678812867060788,13,5,0.0419462583418871,0.23784655844143346,False,True,False,1.3665501755673512e-08,COMPLETE
301,0.441237473487854,2025-04-05 05:54:25.097233,2025-04-05 05:54:32.479796,0 days 00:00:07.382563,0.619000659511536,0.7552520895159114,8,0.02016459497867736,0.04341711126808852,0.05780858911849574,0.017716564932942425,0.008202830261782808,0.021763952366606693,0.0005399729951336655,14,7,0.037801806912756045,0.2550412976576852,False,True,False,1.687577199125196e-08,COMPLETE
302,0.4035422205924988,2025-04-05 05:54:32.576134,2025-04-05 05:54:40.100930,0 days 00:00:07.524796,0.611695955911464,0.7483434540256846,8,0.022301489157745533,0.04395934802030632,0.058106104959903475,0.009115268681008653,0.012165336942734714,0.023958177734758432,0.0005733919042951162,15,7,0.035347835566555776,0.25319690310933507,False,True,False,1.8072196384886402e-08,COMPLETE
303,0.3822326183319092,2025-04-05 05:54:40.207916,2025-04-05 05:54:47.580066,0 days 00:00:07.372150,0.5902797987557006,0.7849594455157155,8,0.021182564091372355,0.046412715187314345,0.060369096753921034,0.016741100890440282,0.008974806385105186,0.020424365227676433,0.00047701643534382596,14,5,0.03807186617562947,0.24557490235072296,False,True,False,1.5625083337820456e-08,COMPLETE
304,0.4053364396095276,2025-04-05 05:54:47.677578,2025-04-05 05:54:54.961292,0 days 00:00:07.283714,0.5957434136727661,0.7602731007994598,8,0.02136995653104059,0.037473395089610055,0.05518605112392049,0.012135842132009531,0.004012526127102949,0.021771204073633883,0.0005192409826191983,13,8,0.039730962937309766,0.2613836862396976,False,True,False,1.1497555103378337e-08,COMPLETE
305,0.46981890797615056,2025-04-05 05:54:55.058294,2025-04-05 05:55:02.416768,0 days 00:00:07.358474,0.5855438247345474,0.8064160036593487,8,0.00917070759313883,0.039203690205516915,0.057621802910519146,0.01809075875896821,0.04199484066868608,0.02166250609358776,0.0005967947271426434,14,8,0.04123376381823508,0.24034010651658436,False,True,False,1.740563117444166e-08,COMPLETE
306,0.3553863167762757,2025-04-05 05:55:02.514004,2025-04-05 05:55:09.886014,0 days 00:00:07.372010,0.5821169063232998,0.8021537978744965,8,0.008372474927540969,0.04092918962099143,0.05714947041678602,0.015482316333678036,0.014502391938030337,0.022768711821688162,0.0004184674278882528,14,8,0.04098539036180386,0.24189975430731323,False,True,False,1.622239801535264e-08,COMPLETE
307,0.37268350720405585,2025-04-05 05:55:09.993629,2025-04-05 05:55:17.362872,0 days 00:00:07.369243,0.6066972135997846,0.8228502411290878,8,0.014775664919796658,0.051778031571168774,0.059074271422263916,0.01814700597485809,0.05791084484844548,0.021761235589725793,0.0006097339989676224,14,5,0.036854843263277114,0.25311676099267305,True,True,False,1.2263500063061495e-08,COMPLETE
308,0.3574056506156922,2025-04-05 05:55:17.460987,2025-04-05 05:55:24.155585,0 days 00:00:06.694598,0.6258513741115017,0.7878839043622601,16,0.010436713692562898,0.04423903970636397,0.05554252825584606,0.012996937180691615,0.011571829095286899,0.01946983732625418,0.0005331520900312973,15,13,0.04383188918806094,0.2675945343228723,False,True,False,1.836010888225203e-08,COMPLETE
309,0.4171850979328156,2025-04-05 05:55:24.256162,2025-04-05 05:55:31.779955,0 days 00:00:07.523793,0.5495403800165599,0.7664572884608276,8,0.019103252084072514,0.03600617473871808,0.061804238329389874,0.010695820489792045,0.008500000972598596,0.025919783406071706,0.00039918895543208563,15,8,0.038588855854603456,0.2415676962926188,False,True,False,2.460479614946741e-08,COMPLETE
310,0.3507504761219025,2025-04-05 05:55:31.878537,2025-04-05 05:55:39.288356,0 days 00:00:07.409819,0.5592514870877635,0.8698091708238386,8,0.00531976111233471,0.039346721759492664,0.057473643219658824,0.018746618555998844,0.002561576576429558,0.024094497937309396,0.0006367182520259636,14,10,0.041549242949231506,0.2937889265264126,False,True,False,1.3581777725492452e-08,COMPLETE
311,0.4333131134510041,2025-04-05 05:55:39.388125,2025-04-05 05:55:46.644912,0 days 00:00:07.256787,0.6427015269287121,0.8068279814862495,8,0.01780377888799506,0.03263072488242751,0.05407799225759525,0.015133428770023398,0.03227952255589338,0.01806166218433034,0.00046567002783268316,13,5,0.045476760425990664,0.25039750949728856,False,True,False,2.0788897754027527e-08,COMPLETE
312,0.35596396327018737,2025-04-05 05:55:46.754192,2025-04-05 05:55:53.940086,0 days 00:00:07.185894,0.6110306024385811,0.8374370343152487,8,0.015771041109264066,0.055776432074651855,0.05394537871554982,0.01537338348580356,0.03228353794137147,0.017957629121423787,0.0005100997148743871,13,5,0.044662578565628684,0.24717210285469293,False,True,False,1.9865753664017504e-08,COMPLETE
313,0.44515405893325805,2025-04-05 05:55:54.040728,2025-04-05 05:56:01.116574,0 days 00:00:07.075846,0.6737445613559672,0.7992578900237493,8,0.0022350488273164826,0.04295664718826646,0.0603455903465967,0.016829521876906183,0.04118804096451529,0.02148722926573195,0.00043749977207152406,12,5,0.04462168390004397,0.2590598387159428,False,True,False,1.6112688615013467e-08,COMPLETE
314,0.28504276871681217,2025-04-05 05:56:01.216715,2025-04-05 05:56:08.604789,0 days 00:00:07.388074,0.6489043444506107,0.8118088884085013,8,0.013717754274141607,0.04340221700122234,0.06030489391087035,0.013523136372354515,0.03877217844434378,0.020438376503315103,0.0005985285629371058,13,66,0.04462019567043376,0.25395190732219747,False,True,False,1.793134535409344e-08,COMPLETE
315,0.4440578401088715,2025-04-05 05:56:08.705571,2025-04-05 05:56:15.689046,0 days 00:00:06.983475,0.6500203528354318,0.8003871510243888,8,0.005829533106955031,0.0362228819854655,0.05806410332260449,0.019975091479035062,0.0010633527142796017,0.021528706985584047,0.0004315507844402514,11,5,0.042354452230385316,0.2599689890027895,False,True,False,2.529851632744592e-08,COMPLETE
316,0.28504276871681217,2025-04-05 05:56:15.802351,2025-04-05 05:56:22.959256,0 days 00:00:07.156905,0.6569149876109868,0.7992071533895669,8,0.009402920960276766,0.04794068584254158,0.062443041001133306,0.019702619649346498,0.04878112889381537,0.021107758434725586,0.0004128318934085133,12,5,0.04026656438402901,0.2595849767911221,False,True,True,2.7675556739533078e-08,COMPLETE
317,0.37856470942497256,2025-04-05 05:56:23.061399,2025-04-05 05:56:30.454030,0 days 00:00:07.392631,0.6266635525971564,0.8198879494586438,8,0.001921811611972737,0.04131765431665043,0.05824639923879129,0.021041710738280508,0.04333825868555959,0.022361757561137854,0.0013765216988385,14,5,0.04217150153407538,0.2601761906016261,False,True,False,2.1470554944169578e-08,COMPLETE
318,0.3543233275413514,2025-04-05 05:56:30.555175,2025-04-05 05:56:37.532189,0 days 00:00:06.977014,0.6730895272702637,0.9908371338225344,8,0.0035180966793540145,0.031690074042005724,0.0602875305249234,0.017805408546729032,0.0015365251583008702,0.0188424003659332,0.0007195257974134643,11,5,0.03356306891516908,0.2674005858779966,False,True,False,1.3918903611243247e-08,COMPLETE
319,0.3648002803325653,2025-04-05 05:56:37.634446,2025-04-05 05:56:44.718499,0 days 00:00:07.084053,0.6780553909726059,0.7843733147819982,8,0.00013941054895283758,0.04718334298769328,0.05694095909273669,0.020650681207560185,0.03128572096552669,0.023330033747448173,0.00046090567953289367,12,8,0.038783810261661895,0.25194939336062117,False,True,False,3.018257588313572e-08,COMPLETE
320,0.348836225271225,2025-04-05 05:56:44.829604,2025-04-05 05:56:51.997926,0 days 00:00:07.168322,0.6430202478972742,0.8911858832545054,8,0.006181823093009209,0.03523986899443867,0.05536881056183087,0.016254248420983282,0.037027568288806,0.026191388438214697,0.000606254881905104,12,12,0.0425856545087498,0.26416132360540856,False,True,False,1.4960347298668034e-08,COMPLETE
321,0.35178627967834475,2025-04-05 05:56:52.100068,2025-04-05 05:56:58.927041,0 days 00:00:06.826973,0.628130714879077,0.8529440741448268,8,0.013296175740458459,0.057919733722666095,0.05929568145150386,0.018385412388462953,0.03484705938943663,0.018824926526357217,0.0018323796325206898,10,8,0.04042136514452673,0.2719000578336215,False,True,False,1.0122798682184973e-08,COMPLETE
322,0.43111467361450195,2025-04-05 05:56:59.028870,2025-04-05 05:57:06.068537,0 days 00:00:07.039667,0.6757585192502379,0.8055145458425486,8,0.02302053166045672,0.03681353795228887,0.022093885314620056,0.015872092914657354,0.0458132866824247,0.021226475870154797,0.0009408487140570346,12,5,0.045008864692352414,0.2570599311242522,False,True,False,2.3351872873637926e-08,COMPLETE
323,0.47610496878623965,2025-04-05 05:57:06.170209,2025-04-05 05:57:13.711956,0 days 00:00:07.541747,0.5841831276593843,0.8304580656926167,8,0.007297900128366459,0.03226744804844074,0.06319143072234322,0.021698203660901104,0.04984969174846561,0.01740885001733698,0.0004945403977137726,15,11,0.03611881677989388,0.24786654867364188,False,True,False,1.692250193008112e-08,COMPLETE
324,0.28504276871681217,2025-04-05 05:57:13.814704,2025-04-05 05:57:21.246870,0 days 00:00:07.432166,0.5886305991329828,0.836121245141598,8,0.00935568309477349,0.03227539338196561,0.06076043102535062,0.019293160188390113,0.05486593966648378,0.017769492611847834,0.0006958426566847859,13,109,0.035477334550623595,0.2469825756183098,False,True,False,1.72914359389434e-08,COMPLETE
325,0.28504276871681217,2025-04-05 05:57:21.363295,2025-04-05 05:57:28.546696,0 days 00:00:07.183401,0.6072599895754904,0.8594972203167156,8,0.015314235585011448,0.05157257367607147,0.06442306760448509,0.014484725866136153,0.0408121758226319,0.02383957049163374,0.0003805755214369938,11,142,0.03732732790499895,0.248811371199093,False,True,False,2.1781563737295735e-08,COMPLETE
326,0.36441782712936405,2025-04-05 05:57:28.650305,2025-04-05 05:57:36.182613,0 days 00:00:07.532308,0.6909232716344655,0.8328797037406285,8,0.005165559941046786,0.04049817637275073,0.06222914931561535,0.01795811713597634,0.05215230157211103,0.020159109614233235,0.0005644856270497128,15,15,0.03818475686686993,0.24094482841730336,False,True,False,1.2379064509272991e-08,COMPLETE
327,0.3779770314693451,2025-04-05 05:57:36.287700,2025-04-05 05:57:43.153764,0 days 00:00:06.866064,0.5741088723762235,0.783588993001179,8,0.01919962554613961,0.03170089771091224,0.06527860645102598,0.021011729280466553,0.05000413435265548,0.016588678240990515,0.0008524154937691986,10,11,0.035554668338248364,0.2557952163707673,True,True,False,2.7272714931736444e-08,COMPLETE
328,0.35502029061317447,2025-04-05 05:57:43.260413,2025-04-05 05:57:50.673607,0 days 00:00:07.413194,0.6395475647586192,0.808399918418816,8,0.009225560016159082,0.04452886301477756,0.06320580409636599,0.016443312559553967,0.04307354769864098,0.0217820585815807,0.00043881246481379993,14,12,0.0405435119214121,0.26451031920996454,False,True,False,1.626704875588799e-08,COMPLETE
329,0.33456822037696843,2025-04-05 05:57:50.788182,2025-04-05 05:57:57.220274,0 days 00:00:06.432092,0.5834207157751196,0.8728695521620651,16,0.025467842189033293,0.03846962430661181,0.05789198056191959,0.015156974844599535,0.04890130715360352,0.018312396069420707,0.0005483813084346033,12,18,0.042659154973275576,0.25220566367683384,False,True,False,3.756497783838757e-08,COMPLETE
330,0.45093502998352053,2025-04-05 05:57:57.326233,2025-04-05 05:58:04.885356,0 days 00:00:07.559123,0.6202586874407844,0.819559893849634,8,0.014869723285875873,0.03360412490988312,0.05922606666017287,0.018986838325387133,0.0988348161160646,0.01628163787119274,0.00034611952489574187,15,10,0.03285265732538944,0.26199255258567594,False,True,False,1.877025994156063e-08,COMPLETE
331,0.3529468297958374,2025-04-05 05:58:04.992340,2025-04-05 05:58:12.497413,0 days 00:00:07.505073,0.6084705783243661,0.8241224546175355,8,0.0006896634567407443,0.03526077618042571,0.060641497665881075,0.013495241236701129,0.05059726801685303,0.016301263379530324,0.00031775211849104426,15,14,0.03426704205689556,0.2603108128623096,False,True,False,2.0568818624721016e-08,COMPLETE
332,0.4521550655364991,2025-04-05 05:58:12.602522,2025-04-05 05:58:20.246966,0 days 00:00:07.644444,0.6229074449448186,0.845233506502672,8,0.01422325858217228,0.029917120871314998,0.05819227506599417,0.017122956977909113,0.09968629397382837,0.019373293699307032,0.00035955417222187857,15,10,0.03407645610554162,0.2714317111990666,False,True,False,2.8226630765421885e-08,COMPLETE
333,0.28504276871681217,2025-04-05 05:58:20.363281,2025-04-05 05:58:27.986933,0 days 00:00:07.623652,0.6538583227412861,0.8441271846403379,8,0.013374065488213096,0.030459585658684042,0.06617870618861946,0.017067098153481446,0.04295763821102991,0.020830040952554904,0.0003369772506576389,15,86,0.033497319279729404,0.2725432339848575,False,True,False,2.600930266428899e-08,COMPLETE
334,0.3578554272651672,2025-04-05 05:58:28.092498,2025-04-05 05:58:35.653870,0 days 00:00:07.561372,0.6243680696380096,0.8929137289766087,8,0.014196865707616083,0.048454840016706975,0.05696149348777339,0.014577133995088438,0.09953019500957482,0.019086873360532518,0.0003983461126381143,15,11,0.03321964821207849,0.28592589779621597,False,True,False,1.7129123123111418e-08,COMPLETE
335,0.3175642549991608,2025-04-05 05:58:35.763038,2025-04-05 05:58:43.180698,0 days 00:00:07.417660,0.6605695201394738,0.9194853767357567,8,0.020973275400183712,0.04037160150103987,0.059262292222368534,0.017707711971297,0.0982849625910255,0.025025303685090247,0.00024218540189091628,14,16,0.036336804739351386,0.27713534420608765,False,True,False,3.084864273358762e-08,COMPLETE
336,0.3636938929557801,2025-04-05 05:58:43.287163,2025-04-05 05:58:50.858414,0 days 00:00:07.571251,0.6208468137387738,0.8584272245340816,8,0.007477544659243438,0.029892520144756317,0.0616000328981896,0.015505697342493071,0.09722402019254128,0.021391847810864305,0.00034891765398090184,15,10,0.037672614747652135,0.26868867591337914,False,True,False,1.3432725963468343e-08,COMPLETE
