number,value,datetime_start,datetime_complete,duration,params_alpha-eval,params_alpha-train,params_batch-size,params_eps-eval,params_eps-train,params_lambda-actions-eval,params_lambda-actions-train,params_lambda-frames-eval,params_lambda-frames-train,params_learning-rate,params_n-epochs,params_n-frames,params_radius-gw,params_rho,params_std-feats,params_ub-actions,params_ub-frames,params_weight-decay,state
1865,0.367311429977417,2025-04-05 08:59:42.265061,2025-04-05 08:59:48.737178,0 days 00:00:06.472117,0.8567062759280625,0.908567166120038,16,0.11684243116129672,0.26450049215721216,0.08734522332828597,0.0342352429678055,0.035204220948641944,0.07929825125618796,2.0572641079254656e-05,10,26,0.005610732821009518,0.17343561565054377,True,True,False,5.949293243980041e-07,COMPLETE
1866,0.4800782024860382,2025-04-05 08:59:49.363241,2025-04-05 08:59:55.780825,0 days 00:00:06.417584,0.8086838095180988,0.9137364926597067,16,0.13515816831228672,0.2493052823549534,0.08644823796675744,0.02986715335572782,0.032240497078493434,0.08332378970403861,2.39465117474526e-05,10,20,0.0038933979339445717,0.16832537350505328,True,True,False,2.9263895850726493e-07,COMPLETE
1867,0.4233202993869781,2025-04-05 08:59:56.392211,2025-04-05 09:00:02.842673,0 days 00:00:06.450462,0.833588234059351,0.8909890471810109,16,0.12472936214239036,0.25426098715531964,0.0844146330143787,0.03327029698725228,0.036686057210936165,0.08122296711709567,2.8870944074368295e-05,10,25,0.006338588449305439,0.15201622107506949,True,True,False,2.0406994776981932e-07,COMPLETE
1868,0.48237839937210086,2025-04-05 09:00:03.472922,2025-04-05 09:00:09.801174,0 days 00:00:06.328252,0.7895222894583345,0.9219071261787563,16,0.11566221018516955,0.10604473609466,0.08732620308717098,0.03587017804837315,0.03409368512893855,0.07770157788622899,3.7419178987897354e-05,9,22,0.005830890593438844,0.18545615252201098,True,True,False,2.0009137720245883e-07,COMPLETE
1869,0.48066761493682864,2025-04-05 09:00:10.433500,2025-04-05 09:00:16.949098,0 days 00:00:06.515598,0.8003997647694787,0.8735523709237919,16,0.1391267811916885,0.268791693388716,0.08822994413989325,0.032390551711240105,0.03064444392770975,0.0797618862262015,1.3822814026598136e-05,10,26,0.004123741295077003,0.20034735675693496,True,True,False,1.7280708620486888e-07,COMPLETE
1870,0.47256085872650144,2025-04-05 09:00:17.568093,2025-04-05 09:00:23.885596,0 days 00:00:06.317503,0.8193026707159967,0.9067099909408812,16,0.10710835169289327,0.2680839344065477,0.08632540843284664,0.029453099926495762,0.03577511474996105,0.08320074179072925,3.246047553619325e-05,9,17,0.007198503715822466,0.1822698704832334,True,True,False,2.490953248352865e-07,COMPLETE
1871,0.4799235343933106,2025-04-05 09:00:24.491707,2025-04-05 09:00:30.946789,0 days 00:00:06.455082,0.7932301664959184,0.9187494881631011,16,0.12198482567903461,0.2879137750773802,0.08897233345251504,0.027246692781655674,0.028106180388467187,0.0770840934829063,4.796338625511226e-05,10,22,0.006262172309577525,0.17617882253140327,True,True,False,1.6857635939143028e-07,COMPLETE
1872,0.4461929082870484,2025-04-05 09:00:31.574657,2025-04-05 09:00:39.785526,0 days 00:00:08.210869,0.8090138582820547,0.8931857264353491,16,0.09992263481816574,0.17678337393340735,0.08632359823921587,0.03559203718379561,0.03258399718617488,0.0814095488699756,2.5097440865723055e-05,30,19,0.007326618350300168,0.19028306412211288,True,True,False,2.9102872321564067e-07,COMPLETE
1873,0.47581587433815004,2025-04-05 09:00:40.419511,2025-04-05 09:00:46.853038,0 days 00:00:06.433527,0.8269225532624283,0.9250529557962511,16,0.12844088442147095,0.24511674358108182,0.08856376590345232,0.03135852343560174,0.02527881959648428,0.08676903071752659,1.917030750715442e-05,10,26,0.0036795446188079162,0.19578250903938324,True,True,False,2.1074595742350875e-07,COMPLETE
1874,0.48028393983840945,2025-04-05 09:00:47.464015,2025-04-05 09:00:53.791069,0 days 00:00:06.327054,0.8609161651790788,0.9369573697703455,16,0.13827111703762016,0.2720762971403109,0.08958623175466739,0.03725022500507269,0.03476342330790358,0.07940402653074144,3.7842372865660956e-05,9,23,0.00548045000391332,0.1715731844386311,True,True,False,1.4254649081020251e-07,COMPLETE
1875,0.4639560461044312,2025-04-05 09:00:54.420358,2025-04-05 09:01:00.828092,0 days 00:00:06.407734,0.778064707261212,0.8799844658077917,16,0.13145651952113133,0.2604882588175116,0.08422481761415256,0.03320464274468026,0.03645517010285403,0.0729285407900699,3.143043554138554e-05,10,20,0.00754423086051656,0.20393789581108457,True,True,False,4.3572798425217276e-07,COMPLETE
1876,0.47767060399055483,2025-04-05 09:01:01.445249,2025-04-05 09:01:07.960303,0 days 00:00:06.515054,0.8426334195779646,0.9034692162364151,16,0.11119304346143938,0.2815300567069804,0.08711510261078215,0.028514709286592953,0.029664571488585034,0.08435932020346544,2.7548486603358672e-05,11,17,0.003716025926113212,0.1886998843536424,True,True,False,1.5911909550147173e-07,COMPLETE
1877,0.3275552451610565,2025-04-05 09:01:08.591541,2025-04-05 09:01:15.031910,0 days 00:00:06.440369,0.7956500881226041,0.9258912913659424,16,0.11998166062825241,0.28817157354909,0.09055459640187162,0.037918971572715454,0.03250495165520072,0.08874793324513483,4.186657024263412e-05,10,26,0.008235064163021834,0.15801750611646262,True,True,False,2.4201160795580033e-07,COMPLETE
1878,0.4940311431884766,2025-04-05 09:01:15.668590,2025-04-05 09:01:22.223997,0 days 00:00:06.555407,0.782029336833265,0.9505799455959117,16,0.1422979569250387,0.27890592479265697,0.08848006216527285,0.03042543510167472,0.027076111696673566,0.07661174664259636,2.2056480249505223e-05,11,23,0.0057474298190072475,0.1775769361496196,True,True,False,1.2100708859224128e-07,COMPLETE
1879,0.35211749672889714,2025-04-05 09:01:22.839131,2025-04-05 09:01:29.146812,0 days 00:00:06.307681,0.8111355828881179,0.9070551576369845,16,0.10574938024046997,0.1697517929904788,0.09303935507658198,0.03479950174928504,0.03617525235329184,0.07872128219522072,3.325243140047339e-05,9,26,0.00776029505240812,0.16310787287113454,True,True,False,1.8102382437443207e-07,COMPLETE
1880,0.36405218243598936,2025-04-05 09:01:29.781528,2025-04-05 09:01:36.537696,0 days 00:00:06.756168,0.8331406722520655,0.9355683950166408,16,0.11625009293067053,0.2724670158151393,0.0844255486451941,0.03178732804068851,0.02358902851022854,0.08229952556068938,4.711744000478929e-05,10,17,0.005915621960316716,0.199890085694593,True,False,False,1.4129936487825897e-07,COMPLETE
1881,0.35895676612854005,2025-04-05 09:01:37.154065,2025-04-05 09:01:49.043284,0 days 00:00:11.889219,0.7710165909066069,0.8936938624729528,2,0.1266018444531261,0.2871787878458238,0.09091636785329177,0.037582241504149745,0.030519543753032646,0.08043868719300983,2.5575381911260935e-05,11,21,0.008757604601125589,0.16893498160716203,True,True,False,1.8867522446880026e-07,COMPLETE
1882,0.28504276871681217,2025-04-05 09:01:49.678711,2025-04-05 09:01:55.985657,0 days 00:00:06.306946,0.7925416064015293,0.8752885090260807,16,0.13269808180375656,0.2629733079724159,0.08594843074329625,0.02524443699592577,0.03385254731959778,0.07267684743629596,1.5636477984920833e-05,10,24,0.00631130156838354,0.19381313169341985,True,True,True,3.2629070335365606e-07,COMPLETE
1883,0.434015566110611,2025-04-05 09:01:56.598347,2025-04-05 09:02:03.007119,0 days 00:00:06.408772,0.766375724556727,0.9167216645201821,16,0.13953732681396086,0.2573739482217681,0.0892717347854294,0.027354774179560046,0.03572808086251588,0.0748051122459008,3.881291559909707e-05,10,26,0.004054068960847717,0.176894152561356,True,True,False,1.1701307750874348e-07,COMPLETE
1884,0.48727241754531864,2025-04-05 09:02:03.646780,2025-04-05 09:02:10.138200,0 days 00:00:06.491420,0.7974379254642098,0.9461476775962269,16,0.12496121706775472,0.282845333879913,0.09276575803388737,0.03284504765184513,0.03139725510223711,0.07665814855853154,2.9978381388979812e-05,11,21,0.009253717723682903,0.18460286717718333,True,True,False,2.471280998647613e-07,COMPLETE
1885,0.4874232053756714,2025-04-05 09:02:10.751985,2025-04-05 09:02:17.069981,0 days 00:00:06.317996,0.8126344724449418,0.9213331474878897,16,0.1137299034901986,0.27500711066266464,0.08728437504517836,0.030321195418051283,0.02926622391842266,0.0838762613408127,2.137083955846679e-05,9,19,0.0035872452307929535,0.20216759566763157,True,True,False,1.4886051903895528e-07,COMPLETE
1886,0.32456890940666205,2025-04-05 09:02:17.686265,2025-04-05 09:02:24.105596,0 days 00:00:06.419331,0.8773019200550458,0.9022062402961073,16,0.10204608469147843,0.28973760754474503,0.09088199669038802,0.03589735944349956,0.033647512958143735,0.08147472483730392,5.310346073070994e-05,10,23,0.007639365446009291,0.1960267181126605,True,True,False,1.9150884960514845e-07,COMPLETE
1887,0.4546429097652435,2025-04-05 09:02:24.738800,2025-04-05 09:02:31.257250,0 days 00:00:06.518450,0.7487669081339883,0.9448685922908779,16,0.13224569259682245,0.26657966476441214,0.08852198330732731,0.038871845154327504,0.03700622932358232,0.07827395232588304,3.3320654550314496e-05,11,26,0.009788411858180855,0.18156286935762686,True,True,False,1.1405569153091148e-07,COMPLETE
1888,0.4905702471733093,2025-04-05 09:02:31.918540,2025-04-05 09:02:38.224261,0 days 00:00:06.305721,0.7702611184343219,0.9300953415499641,16,0.14211020333389918,0.28031476676595535,0.09300572418906806,0.0342451437145923,0.024412203297542623,0.07452810536721229,1.8381000744604616e-05,9,17,0.005965215002621978,0.18823130717360445,True,True,False,1.4657352990652506e-07,COMPLETE
1889,0.34441277384757996,2025-04-05 09:02:38.840929,2025-04-05 09:02:45.994777,0 days 00:00:07.153848,0.8330857704933419,0.9572630643851203,16,0.11854107422993733,0.1986360673479018,0.09074893463764153,0.037085509925468815,0.036413920671329814,0.0855135232518091,2.4827238975779027e-05,11,137,0.00799237965620293,0.1735989281724425,True,True,False,2.2538252975069053e-07,COMPLETE
1890,0.43424378633499144,2025-04-05 09:02:46.632303,2025-04-05 09:02:53.192836,0 days 00:00:06.560533,0.8951291248262032,0.8932863269821913,16,0.1077633895864811,0.2738753618193369,0.08457008045134723,0.029032976955286643,0.03288626792228082,0.08032850644821413,4.009787707742845e-05,11,22,0.01016858018059625,0.20367336104359415,True,True,False,1.180098595248153e-07,COMPLETE
1891,0.28504276871681217,2025-04-05 09:02:53.803772,2025-04-05 09:03:00.310820,0 days 00:00:06.507048,0.741057909531401,0.8722157864418626,16,0.12224182184939976,0.12066912888854556,0.0875034071224541,0.027098425979950623,0.028749797435091096,0.07762497945880494,3.1632823335899944e-05,10,55,0.004590429428577427,0.18128169299384356,True,True,False,1.57405079745861e-07,COMPLETE
1892,0.28504276871681217,2025-04-05 09:03:00.956907,2025-04-05 09:03:07.628469,0 days 00:00:06.671562,0.7893334582958869,0.9127070884293667,16,0.14302759461943443,0.2846356351422481,0.09005357717534022,0.032370644560327906,0.027548152671646002,0.07348771300021915,4.686392917094184e-05,10,93,0.006815083584531627,0.1677610821966871,True,True,False,2.4684979791264948e-06,COMPLETE
1893,0.3548994302749634,2025-04-05 09:03:08.271323,2025-04-05 09:03:15.378637,0 days 00:00:07.107314,0.8166942089557976,0.9378770003347814,16,0.13337573463753546,0.28961822188109076,0.09287557565191099,0.023574605625343935,0.03434771776565457,0.0824579976755123,2.6407051720047983e-05,11,128,0.009047484165227097,0.16152214962545394,True,True,False,1.3919891537311988e-06,COMPLETE
1894,0.4868314623832703,2025-04-05 09:03:15.994574,2025-04-05 09:03:22.280736,0 days 00:00:06.286162,0.7764400579895606,0.9622661314607345,16,0.1258913156371506,0.2780113001519872,0.08606303017914452,0.0384444063024598,0.036569072338537116,0.07566477978709257,3.799437589924196e-05,9,25,0.011560639233576555,0.19511130647077238,True,True,False,1.9040421194597663e-07,COMPLETE
1895,0.46493429541587833,2025-04-05 09:03:22.919076,2025-04-05 09:03:29.415061,0 days 00:00:06.495985,0.7979136226548271,0.9289973293708566,16,0.11246941846779773,0.23910103828307858,0.08893803651954793,0.03061560531629696,0.0266352020129343,0.09130093399758163,6.052155823321795e-05,11,20,0.005260568209289725,0.20405969196408935,True,True,False,1.0753053916375832e-07,COMPLETE
1896,0.38359100818634034,2025-04-05 09:03:30.032145,2025-04-05 09:03:36.450771,0 days 00:00:06.418626,0.8561929794185777,0.9083346558234269,16,0.14543776986229584,0.24907126145499964,0.09024472611293545,0.03516165956880328,0.03102836853070437,0.07920829674436947,2.1405753235713764e-05,10,26,0.05661793090657523,0.1890664650985711,True,True,False,2.915666432931029e-07,COMPLETE
1897,0.2907733738422394,2025-04-05 09:03:37.093631,2025-04-05 09:03:43.502969,0 days 00:00:06.409338,0.9303154795818576,0.8736029694972047,16,0.09789107782992627,0.27024946831019814,0.09289082432805232,0.028222421801244506,0.0373657738763723,0.07715223677451802,2.8500851441397884e-05,10,23,0.008709465818559775,0.17267511559418722,True,True,False,1.360924736291198e-07,COMPLETE
1898,0.3365328371524811,2025-04-05 09:03:44.122587,2025-04-05 09:03:56.078902,0 days 00:00:11.956315,0.7593311850322036,0.9448528030462122,2,0.1377285125658405,0.2894575174617112,0.08717954879061296,0.03933363700646936,0.04988232870631368,0.08390731377584619,3.301796839902266e-05,11,27,0.003802056963710543,0.1977832107258286,True,True,False,2.1719753272137546e-07,COMPLETE
1899,0.36774930357933044,2025-04-05 09:03:56.715494,2025-04-05 09:04:03.428234,0 days 00:00:06.712740,0.836860415833954,0.8913931255774438,16,0.12715686490523045,0.2586376792137893,0.09100335835070994,0.033478093346256864,0.021237906587539386,0.08088078543700017,1.7565512370514064e-05,9,17,0.06877394851497183,0.2054208911488806,True,False,False,1.697506285363919e-07,COMPLETE
1900,0.4752238810062409,2025-04-05 09:04:04.070283,2025-04-05 09:04:10.451349,0 days 00:00:06.381066,0.8161455697732364,0.9718301911992978,16,0.11762880477485979,0.26554521711008416,0.08842912835218095,0.03662084688802598,0.03223411859235727,0.07273520418044606,4.32897306072568e-05,10,20,0.006466134531206824,0.18056145912167726,True,True,False,1.0611087600493787e-07,COMPLETE
1901,0.28504276871681217,2025-04-05 09:04:11.069834,2025-04-05 09:04:17.473705,0 days 00:00:06.403871,0.7773850878114584,0.9258169686983655,16,0.14419786491606554,0.28155062985356466,0.0847561736829707,0.031376269175432216,0.029403581740441748,0.07559270030706473,2.3634114864393517e-05,11,23,0.011219752771532792,0.16651730771028597,True,True,True,1.4278228947795902e-07,COMPLETE
1902,0.40259120464324955,2025-04-05 09:04:18.114734,2025-04-05 09:04:24.526164,0 days 00:00:06.411430,0.759540361719591,0.9526405868016514,16,0.10342729485123478,0.28427181208805413,0.0915722480436366,0.0395650111889438,0.03472508075525568,0.07928937260381726,3.5826987755820515e-05,10,27,0.007604154051145959,0.19217548200235543,True,True,False,3.578461614564945e-07,COMPLETE
1903,0.4844815135002136,2025-04-05 09:04:25.143325,2025-04-05 09:04:31.702578,0 days 00:00:06.559253,0.7925371256431744,0.9120677149212704,16,0.1346590073064582,0.2757148003304585,0.09294066512641083,0.02853552223243693,0.024783525317021923,0.08230284908085089,2.8695405306891482e-05,11,24,0.00947320516521353,0.18451652401939594,True,True,False,2.4155679903493935e-07,COMPLETE
1904,0.28504276871681217,2025-04-05 09:04:32.337599,2025-04-05 09:04:38.896591,0 days 00:00:06.558992,0.736194588661283,0.8908052543300932,16,0.09193070387358665,0.291620612494262,0.0866461836404022,0.03443214982013273,0.036080494271949475,0.08681849289907814,5.023352090517708e-05,10,78,0.003486263939348806,0.1576622967214563,True,True,False,1.3168953131697847e-07,COMPLETE
1905,0.48687672615051275,2025-04-05 09:04:39.540206,2025-04-05 09:04:45.817088,0 days 00:00:06.276882,0.8178782684836253,0.9297988179488745,16,0.1111729213015169,0.27026666743774413,0.08934434792889073,0.03933128555539608,0.048883098722896735,0.07236855590342096,2.2082114294492944e-05,9,19,0.012570055422342788,0.17410052237202397,True,True,False,1.8324116651129734e-07,COMPLETE
1906,0.49636293649673463,2025-04-05 09:04:46.439015,2025-04-05 09:04:52.962869,0 days 00:00:06.523854,0.7798490455366504,0.9566209136109037,16,0.12080380310316757,0.25405501229331323,0.08939781328243204,0.03263252834391773,0.03021597445081639,0.07895636017884358,3.9445193891157374e-05,11,22,0.0057793284075679935,0.2014488963628097,True,True,False,9.805799452776627e-08,COMPLETE
1907,0.4345773339271546,2025-04-05 09:04:53.606570,2025-04-05 09:05:00.004715,0 days 00:00:06.398145,0.7788680682348549,0.9757561875574609,16,0.12130578839269156,0.25132452936035654,0.09165660690771123,0.032786244221913854,0.031569281290948145,0.0785224182032104,6.324127385084327e-05,10,17,0.0029700733842628947,0.19884126127008692,True,True,False,1.015486510700522e-07,COMPLETE
1908,0.39434213638305665,2025-04-05 09:05:00.629277,2025-04-05 09:05:07.104860,0 days 00:00:06.475583,0.7555741382577843,0.9598021701484974,16,0.1207325425722234,0.2475216177943994,0.09274698552709947,0.030791237210875677,0.02880915431723483,0.08007059304828683,4.548839004346689e-05,11,16,0.07551795777085743,0.20497100167289262,True,True,False,1.2574754421592006e-07,COMPLETE
1909,0.46299389004707336,2025-04-05 09:05:07.753892,2025-04-05 09:05:14.304085,0 days 00:00:06.550193,0.7921461209266542,0.9720113909159405,16,0.1289919253333216,0.24763166623552385,0.0904660732710219,0.03229216576738456,0.02638971686517183,0.07735334293800963,3.221875831639632e-05,11,19,0.004545687694664418,0.20108987729278507,True,True,False,1.658507988343562e-07,COMPLETE
1910,0.4952747344970703,2025-04-05 09:05:14.951549,2025-04-05 09:05:21.378007,0 days 00:00:06.426458,0.8026807880396616,0.9528040364223465,16,0.11695766770354851,0.2580087946552474,0.09301953670445386,0.030041250810067744,0.02951403760806934,0.08033907800189512,2.6501678322198167e-05,10,21,0.004810887688033168,0.19377571172905808,True,True,False,9.186530686701217e-08,COMPLETE
1911,0.5004316329956054,2025-04-05 09:05:22.030513,2025-04-05 09:05:28.523521,0 days 00:00:06.493008,0.848254491090351,0.9660627339161983,16,0.10916080374031634,0.24165719574873437,0.09319911873055704,0.02561143766513786,0.030996078140038675,0.07814366141388737,3.914394619160857e-05,11,20,0.002909507974482495,0.20078311693573586,True,True,False,9.267305098407869e-08,COMPLETE
1912,0.4488875806331635,2025-04-05 09:05:29.144576,2025-04-05 09:05:35.640177,0 days 00:00:06.495601,0.8441263000714454,0.9855972199132259,16,0.10615584494164576,0.24749619774472223,0.09206826704955909,0.024991567322586217,0.03274330575889211,0.0749592918356443,5.098848440662068e-05,11,17,0.002900606992496446,0.2048652884992971,True,True,False,9.876632376772104e-08,COMPLETE
1913,0.4751508533954621,2025-04-05 09:05:36.285158,2025-04-05 09:05:42.771266,0 days 00:00:06.486108,0.8717709034008253,0.9686223193292233,16,0.11193944063597383,0.2439797033155388,0.09319795683271447,0.025246076738741442,0.03210668938066659,0.07679158375830489,4.0619941115684696e-05,11,19,0.0032005128672454664,0.2072387468294823,True,True,False,8.88112126620684e-08,COMPLETE
1914,0.4273381292819977,2025-04-05 09:05:43.394592,2025-04-05 09:05:49.950716,0 days 00:00:06.556124,0.856956080397144,0.9798151576297602,16,0.11184562564167923,0.25311127199152494,0.09294012266339155,0.025567820992175885,0.03360694372238596,0.07802723151347964,5.991616787073937e-05,11,15,0.004066873314056928,0.19960962903319543,True,True,False,9.131568635134647e-08,COMPLETE
1915,0.4441769659519196,2025-04-05 09:05:50.620190,2025-04-05 09:05:57.130442,0 days 00:00:06.510252,0.886301420698641,0.9727257945533481,16,0.10539374959297461,0.25413331273429957,0.09130735202159108,0.022081527583646503,0.03138118232154727,0.07647262754129046,4.989356954296693e-05,11,16,0.0027055566183224553,0.20701412638032773,True,True,False,9.156723751643218e-08,COMPLETE
1916,0.47945842742919925,2025-04-05 09:05:57.755579,2025-04-05 09:06:04.227706,0 days 00:00:06.472127,0.8703872367786527,0.9548080953901639,16,0.10213375734686703,0.2387237918044177,0.09317101673490638,0.02360003259476857,0.030127232629876037,0.07459315763581158,4.106477682153504e-05,11,19,0.0033638127414272233,0.19903665639071427,True,True,False,1.1745850459403615e-07,COMPLETE
1917,0.4656351208686829,2025-04-05 09:06:04.877127,2025-04-05 09:06:11.351418,0 days 00:00:06.474291,0.8456431597249133,0.9591060627392238,16,0.09945771392499483,0.2423261353775092,0.09289546491251685,0.026815612048260676,0.035493471858550216,0.07885220769341234,3.887222124318791e-05,11,17,0.0035071481265810623,0.20182855303152353,True,True,False,1.0941922784077029e-07,COMPLETE
1918,0.36293878555297854,2025-04-05 09:06:11.978582,2025-04-05 09:06:18.863303,0 days 00:00:06.884721,0.8305534753489231,0.9798799972795399,16,0.11029476333623423,0.23138527653026272,0.0914081581065613,0.022084116851420935,0.033957205896527405,0.07645382411379091,5.324198904706203e-05,11,21,0.0052948274349528006,0.19330219962905248,True,False,False,1.1410969452617383e-07,COMPLETE
1919,0.28504276871681217,2025-04-05 09:06:19.517403,2025-04-05 09:06:31.498257,0 days 00:00:11.980854,0.8572826880417695,0.9811663745026342,2,0.11430916816514028,0.2543954973384199,0.09367982318112675,0.026767638280713147,0.03109133807719389,0.07846531950491904,4.569570834711863e-05,11,16,0.004917965491546598,0.2079151078011935,True,True,True,1.3843937295160294e-07,COMPLETE
1920,0.45945871472358707,2025-04-05 09:06:32.126854,2025-04-05 09:06:38.611824,0 days 00:00:06.484970,0.842314085756687,0.9476578994084194,16,0.09481624466426404,0.24582139808586612,0.048050400718735994,0.026965033689732687,0.03390730114902689,0.0738637565585585,3.3841565404055874e-05,11,21,0.003199047927105643,0.2003729159365693,True,True,False,9.189111473846995e-08,COMPLETE
1921,0.47645112872123724,2025-04-05 09:06:39.262511,2025-04-05 09:06:45.732793,0 days 00:00:06.470282,0.8319502882512732,0.944856848567749,16,0.09937470397628707,0.2562693817732962,0.09320865825354022,0.023382232062596264,0.027597221431122813,0.08290833595792685,3.800443510189308e-05,10,19,0.003171685760808737,0.20949728526614783,True,True,False,1.248149768997258e-07,COMPLETE
