number,value,datetime_start,datetime_complete,duration,params_alpha-eval,params_alpha-train,params_batch-size,params_eps-eval,params_eps-train,params_lambda-actions-eval,params_lambda-actions-train,params_lambda-frames-eval,params_lambda-frames-train,params_learning-rate,params_n-epochs,params_n-frames,params_radius-gw,params_rho,params_std-feats,params_ub-actions,params_ub-frames,params_weight-decay,state
848,0.28504276871681217,2025-04-05 06:56:27.156967,2025-04-05 06:56:33.502285,0 days 00:00:06.345318,0.5714502044689329,0.6975800851221106,16,0.029280504873174573,0.06276624442170171,0.08622028818451047,0.08614621346461275,0.06751576865068769,0.029403908238429883,0.00029595733678349856,11,20,0.019093109183734386,0.299782689221959,False,True,True,2.240560109020425e-08,COMPLETE
849,0.44303506016731264,2025-04-05 06:56:33.771246,2025-04-05 06:56:39.969121,0 days 00:00:06.197875,0.6084514920545459,0.7404590845668126,16,0.04502424829526067,0.05094707128389964,0.0832349883391367,0.0794402246225974,0.07032249162573811,0.03357146337123888,0.0001644805452525278,9,15,0.023491551549569237,0.28860978185310565,False,True,False,1.209345058920462e-08,COMPLETE
850,0.4231594622135163,2025-04-05 06:56:40.248599,2025-04-05 06:56:46.450270,0 days 00:00:06.201671,0.5728916650200955,0.6745319048767351,16,0.014371075081863229,0.04506420968720189,0.07969430212222696,0.08288148320329668,0.06610957023860231,0.03214522062146933,0.00021351097241144898,9,11,0.021045527272394383,0.2753012798847367,False,True,False,1.0051581040335552e-08,COMPLETE
851,0.4807571291923523,2025-04-05 06:56:46.731135,2025-04-05 06:56:52.954125,0 days 00:00:06.222990,0.5986407136103146,0.6947602522640528,16,0.02273666617785317,0.055645859232711335,0.08134010887137409,0.07742859436297117,0.07376612690037435,0.03760811300895249,0.0001605703495206911,9,23,0.016455899531415616,0.2998854425126764,False,True,False,1.759532382898991e-08,COMPLETE
852,0.3531623840332031,2025-04-05 06:56:53.226178,2025-04-05 06:56:59.508044,0 days 00:00:06.281866,0.5625526046604035,0.7155769404865152,16,0.03660052260163625,0.06410038732673613,0.08475188529927419,0.08452997908187913,0.0633650295621431,0.03579890335671113,0.00028261838669591243,10,18,0.022171411824792504,0.28912440447234056,False,True,False,1.4697172703280682e-08,COMPLETE
853,0.48367890119552615,2025-04-05 06:56:59.789019,2025-04-05 06:57:06.110492,0 days 00:00:06.321473,0.6790684432967484,0.665231680801511,16,0.02596449060999404,0.061030136955319,0.07693544078765888,0.0799728246589045,0.0721323307413793,0.028303150741545557,0.00018842531998484666,10,21,0.019463263585457746,0.2834736521619747,False,True,False,1.9017278512652222e-08,COMPLETE
854,0.4610225379467011,2025-04-05 06:57:06.394617,2025-04-05 06:57:12.798775,0 days 00:00:06.404158,0.6885418467929122,0.6688728120552111,16,0.015353663893733605,0.054387492121260136,0.07474925908086531,0.06423088934752462,0.07627337039134345,0.08089147298806226,0.0002477832741291491,11,26,0.018647553942007768,0.2799602116651402,False,True,False,2.2621342386681374e-08,COMPLETE
855,0.29556308984756474,2025-04-05 06:57:13.084015,2025-04-05 06:57:19.431492,0 days 00:00:06.347477,0.5271319745335185,0.6977412638341627,16,0.02086251178179342,0.046800767846989375,0.07312297493798653,0.0780603684192403,0.07262900161021849,0.031323532760525484,0.00020263970108688392,11,41,0.016971877480061254,0.29416050004302885,False,True,False,1.001289895670124e-08,COMPLETE
856,0.28504276871681217,2025-04-05 06:57:19.708576,2025-04-05 06:57:26.013889,0 days 00:00:06.305313,0.7070472999585986,0.6802479566853278,16,0.030918480134352742,0.1785717786749547,0.07665955515093494,0.07498881970612097,0.06895596554831304,0.026818932555552885,0.0002507234425972407,10,52,0.01961008858389491,0.016673520888928595,False,True,False,1.4970157645664205e-05,COMPLETE
857,0.3581529498100281,2025-04-05 06:57:26.305285,2025-04-05 06:57:32.604557,0 days 00:00:06.299272,0.7456466704974332,0.711561676277508,16,0.012487059685836478,0.060889130234800186,0.07649321515373475,0.0800147086647963,0.06712620042872873,0.034561196278604885,0.0001894567438118445,10,22,0.018837623554332678,0.26821398762656895,False,True,False,2.3730505952829924e-08,COMPLETE
858,0.28504276871681217,2025-04-05 06:57:32.892289,2025-04-05 06:57:44.001861,0 days 00:00:11.109572,0.655716463610504,0.7418012505522917,2,0.020593424188577625,0.04984647110151746,0.07378837977041128,0.07653144126166779,0.06354477246716367,0.03317932949397044,0.00015537119989044376,10,27,0.09555983342499738,0.2903883092355642,False,True,False,1.2657201988940665e-08,COMPLETE
859,0.3609453558921814,2025-04-05 06:57:44.274279,2025-04-05 06:57:50.672256,0 days 00:00:06.397977,0.6949685254560632,0.6720228543997397,16,0.014286077683458756,0.05684224304196815,0.09107527228720771,0.0863017665905395,0.06519455273016121,0.030154930171382592,0.00021595393761315661,11,23,0.016882074555568203,0.2828311128996116,True,True,False,1.783598396610975e-08,COMPLETE
860,0.461226487159729,2025-04-05 06:57:50.953797,2025-04-05 06:57:57.291813,0 days 00:00:06.338016,0.6989027266520131,0.6624650077092195,16,0.02566914430224588,0.0609347605175562,0.0873213926157893,0.07948717129105938,0.06822555939288684,0.03817238748886048,0.000300633066605258,11,15,0.02065563219996648,0.27412389034603746,False,True,False,1.5009660924740045e-08,COMPLETE
861,0.3866700530052185,2025-04-05 06:57:57.579660,2025-04-05 06:58:03.855900,0 days 00:00:06.276240,0.6658527767814596,0.6885728602775573,16,0.038979906501786885,0.04303584729597759,0.07779999165241687,0.08085688888176149,0.07249701885955866,0.028356308062836396,0.00018327578340280394,10,11,0.02034947388951357,0.2952102729847949,False,True,False,2.01626344416338e-08,COMPLETE
862,0.3174028515815735,2025-04-05 06:58:04.129757,2025-04-05 06:58:10.356114,0 days 00:00:06.226357,0.7053111867357471,0.7214786264559936,16,0.029769093605446603,0.06787179958008888,0.08389659288603254,0.0862765249656169,0.06940992582785704,0.036196149303593245,0.000155523343146652,10,21,0.01777952053486759,0.2859502669385634,False,True,False,1.2338095471887031e-08,COMPLETE
863,0.4825791120529175,2025-04-05 06:58:10.649130,2025-04-05 06:58:16.865736,0 days 00:00:06.216606,0.5442170856065097,0.6986810621657736,16,0.013587399340851979,0.054093047258818104,0.07534582948651183,0.07237918498578663,0.06589901179834218,0.03175053030595688,0.00024569981280720717,9,24,0.021995316052895376,0.2940367881710446,False,True,False,1.4686713839259645e-08,COMPLETE
864,0.35074007511138916,2025-04-05 06:58:17.147557,2025-04-05 06:58:23.477973,0 days 00:00:06.330416,0.661784495694568,0.6603180442699086,16,0.018528066290639078,0.06461377628758214,0.07749584471241824,0.08296857427970979,0.06332172242024142,0.026176702063389685,0.00014106884555014997,11,17,0.015533304355047904,0.2997334485587574,False,True,False,2.3757423313145726e-08,COMPLETE
865,0.4840767741203308,2025-04-05 06:58:23.767342,2025-04-05 06:58:30.051156,0 days 00:00:06.283814,0.7202209079337123,0.727000615241292,16,0.0239415314297325,0.058548497240200045,0.08835825497888729,0.07710388911245608,0.06724109941378849,0.033827755025889424,0.00021297767568632608,10,14,0.019514689215917848,0.29026314187458585,False,True,False,1.0018016124504669e-08,COMPLETE
866,0.36782958507537844,2025-04-05 06:58:30.322487,2025-04-05 06:58:37.097576,0 days 00:00:06.775089,0.7318617803096853,0.7458836213783083,16,0.021152638044870206,0.049709543003445815,0.0908406925603448,0.0749203192453548,0.07137312101869772,0.036169479754287935,0.00030711593376404786,10,64,0.01878027599130365,0.27954933090378586,False,False,False,1.8842076152371568e-08,COMPLETE
867,0.28504276871681217,2025-04-05 06:58:37.383190,2025-04-05 06:58:43.641530,0 days 00:00:06.258340,0.7255244481053434,0.7504187321243465,16,0.012237183903000918,0.05559055260441756,0.08928026466513056,0.07665457037389534,0.0738989348461234,0.03419317079060079,0.0001687335217540804,10,10,0.01630981121183164,0.2744695862824141,False,True,True,1.2617327038702096e-08,COMPLETE
868,0.33357320427894593,2025-04-05 06:58:43.930147,2025-04-05 06:58:51.749383,0 days 00:00:07.819236,0.7402367503626013,0.7185004452481663,16,0.017301001007575555,0.06987713470494095,0.09338262966730093,0.07351078942200547,0.07835721186248262,0.0384488324345953,0.00018701147868645866,29,13,0.01810770108734622,0.28298951660329286,False,True,False,1.5010390210872553e-08,COMPLETE
869,0.47992289066314703,2025-04-05 06:58:52.023271,2025-04-05 06:58:58.456538,0 days 00:00:06.433267,0.7035326129158164,0.7326187840418806,16,0.01202753089283402,0.06563667902134504,0.09045604438218015,0.07053707253205545,0.0696821444704613,0.034422501284608595,0.006707675242111792,11,20,0.019986603078095078,0.2866536984946138,False,True,False,2.9489650489315612e-06,COMPLETE
870,0.3218539714813232,2025-04-05 06:58:58.745186,2025-04-05 06:59:05.112528,0 days 00:00:06.367342,0.6804865154160405,0.728923144592757,16,0.023306273011390398,0.058315007802812534,0.08860531164512309,0.05512432411592198,0.06471384468921522,0.03678722259660208,0.0001277977431670977,10,28,0.016674496688245822,0.2790635927342268,False,True,False,1.201621813904255e-08,COMPLETE
871,0.36011145114898685,2025-04-05 06:59:05.400530,2025-04-05 06:59:11.737296,0 days 00:00:06.336766,0.7658068748124978,0.718698961187744,16,0.012003474013605082,0.044075151454773906,0.08745695423480511,0.07794990519535235,0.06770740171989735,0.03339752343224601,0.00024983366814518125,11,18,0.019611651550203224,0.28923101788628264,False,True,False,1.9211813750592562e-08,COMPLETE
872,0.28504276871681217,2025-04-05 06:59:12.026335,2025-04-05 06:59:18.260499,0 days 00:00:06.234164,0.7309656759964164,0.7099886050063303,16,0.02494349966423673,0.28529206548353125,0.07219806959593021,0.0759272052481701,0.06557894609300231,0.03861304008160065,0.0001430834744032899,10,25,0.021754588631177393,0.2828924115023653,False,True,False,2.4007472059650266e-08,COMPLETE
873,0.4743292272090912,2025-04-05 06:59:18.535176,2025-04-05 06:59:24.840501,0 days 00:00:06.305325,0.7110686734313634,0.750147914072703,16,0.017715799895176194,0.05168097782199711,0.08689634894120755,0.07486186415460096,0.06325976371250876,0.029929676441988896,0.00020439205184178102,10,11,0.017951142953507273,0.26678395757685897,False,True,False,1.4473140467187257e-08,COMPLETE
874,0.37635526657104496,2025-04-05 06:59:25.127975,2025-04-05 06:59:31.436778,0 days 00:00:06.308803,0.7005530067328091,0.7337053013342956,16,0.012078107496114179,0.0696692675963727,0.08931762785489514,0.07772734523244847,0.06910893707649282,0.03570248916915368,0.00016763739557679747,9,61,0.015862271887614486,0.2899671220554949,False,True,False,1.0175816016270433e-08,COMPLETE
875,0.4788780570030212,2025-04-05 06:59:31.731863,2025-04-05 06:59:37.997163,0 days 00:00:06.265300,0.7230905428990486,0.6989108277619719,16,0.0225963355897521,0.06189491815320756,0.0863241265550157,0.08671298110651249,0.0715605633426913,0.028570595874194936,0.00022150559978589894,10,14,0.020226931153183615,0.27678084732386105,False,True,False,1.7291929231648235e-08,COMPLETE
876,0.3739005625247956,2025-04-05 06:59:38.291587,2025-04-05 06:59:44.662349,0 days 00:00:06.370762,0.6668691411551844,0.714680344600563,16,0.034027517018228,0.055203284924563285,0.07807514482279189,0.0790579204435815,0.06654884610899582,0.03279786925937531,0.00012014648214439441,11,21,0.09231354207120619,0.2849565615083213,False,True,False,1.0064171185114445e-08,COMPLETE
877,0.35190038084983827,2025-04-05 06:59:44.940153,2025-04-05 06:59:51.200679,0 days 00:00:06.260526,0.6912721364082415,0.6888772778393333,16,0.08830841491433895,0.07209768990300337,0.07518894833485859,0.0732271837465811,0.06282352185294643,0.030834201976504546,0.0001460353495167575,9,17,0.021756724572288777,0.29068159253196435,True,True,False,1.4322801819730051e-08,COMPLETE
878,0.4699685633182526,2025-04-05 06:59:51.490802,2025-04-05 06:59:57.751141,0 days 00:00:06.260339,0.6844156186872448,0.6899340954193219,16,0.01711486827081707,0.061115616239279025,0.0855471283903806,0.08528062015194725,0.06807119024461583,0.03441624706972915,0.00026194691569259216,10,11,0.01836568977786187,0.2719322503914499,False,True,False,1.9190643025804146e-08,COMPLETE
879,0.28504276871681217,2025-04-05 06:59:58.045089,2025-04-05 07:00:04.221251,0 days 00:00:06.176162,0.7460065398640443,0.7371743621686931,16,0.010872326109351982,0.13566981907698755,0.08165175176811348,0.08402623319455921,0.06495679809198462,0.03719760918732439,0.00018621723724814785,9,24,0.015980556215798906,0.05204177835051975,False,True,False,1.2417639248175699e-08,COMPLETE
880,0.4257715344429016,2025-04-05 07:00:04.500332,2025-04-05 07:00:15.831070,0 days 00:00:11.330738,0.6354391387201551,0.7079545248852839,2,0.02621730017280862,0.04789530776152982,0.0797167954441391,0.08698518420220155,0.07033328483796554,0.03219409690570998,0.00013730314216104492,10,19,0.020334500933424985,0.29097568809508206,False,True,False,2.4280811788546017e-08,COMPLETE
881,0.28504276871681217,2025-04-05 07:00:16.122141,2025-04-05 07:00:22.237255,0 days 00:00:06.115114,0.6691221727902631,0.6649773587259976,16,0.13766077655430387,0.06665470851798579,0.0852378158779117,0.07651520929409861,0.07394797402740663,0.026639739096590852,0.0001710332094730328,9,15,0.02249376578093167,0.28190311637346194,False,True,False,1.5578209159154185e-08,COMPLETE
882,0.4669540047645569,2025-04-05 07:00:22.533499,2025-04-05 07:00:28.888999,0 days 00:00:06.355500,0.6504643883022179,0.6913154076172523,16,0.020554740180761435,0.0563104239469503,0.08857421191608178,0.07880966418283995,0.06683518970061604,0.07247050471892508,0.0003218799859548509,11,21,0.0183118875208274,0.29430729817004453,False,True,False,1.1981073340971477e-08,COMPLETE
883,0.39670720100402834,2025-04-05 07:00:29.186182,2025-04-05 07:00:35.485017,0 days 00:00:06.298835,0.6478671590404025,0.7458734227933185,16,0.2741683858587176,0.19635078143998747,0.0765670871695457,0.08446651559128532,0.07194934756123024,0.02990927189271708,0.00011369053468468202,10,26,0.023137820039745623,0.2860066541635608,False,True,False,1.0015189603834554e-08,COMPLETE
884,0.4841549634933472,2025-04-05 07:00:35.768472,2025-04-05 07:00:42.015307,0 days 00:00:06.246835,0.6335525442358517,0.6555378377167906,16,0.03177057284808646,0.07218640120304053,0.09218912420514028,0.08706043858196676,0.07640322216129249,0.03544296478032631,0.00023813172947100654,9,13,0.014882400595927003,0.2761259509695746,False,True,False,1.9245824060920432e-08,COMPLETE
885,0.3815162241458893,2025-04-05 07:00:42.307573,2025-04-05 07:00:49.090572,0 days 00:00:06.782999,0.6538885024334402,0.6659825954579521,16,0.04316873630624958,0.07448269021339628,0.09121810392625425,0.0815997632457409,0.07517892314923091,0.039220406405253115,0.0003031134538540412,11,10,0.014804290283915608,0.26770898939064014,False,False,False,2.1879960964571178e-08,COMPLETE
886,0.28504276871681217,2025-04-05 07:00:49.385396,2025-04-05 07:00:55.617503,0 days 00:00:06.232107,0.7689179369377683,0.6503244604782695,16,0.03441776105362259,0.07235175571307365,0.0921033362329987,0.08669135868751619,0.07657988977283976,0.03645233838036187,0.0002587036790754231,10,10,0.014135098384836859,0.2679303178329189,False,True,True,2.5658774358346115e-08,COMPLETE
887,0.47901247739791875,2025-04-05 07:00:55.898957,2025-04-05 07:01:02.040599,0 days 00:00:06.141642,0.6388189756961463,0.6482368088776355,16,0.038264259282552726,0.07350249021346482,0.09374631267820091,0.08469138718749254,0.07556179781845673,0.03738889866146598,0.00023300504554740964,9,13,0.016342934704236714,0.263069278189973,False,True,False,2.000300540194177e-08,COMPLETE
888,0.28504276871681217,2025-04-05 07:01:02.332621,2025-04-05 07:01:08.489972,0 days 00:00:06.157351,0.6411414471936608,0.6718032498713655,16,0.11136180532423823,0.07895329515188163,0.09433649321368821,0.08304954660821737,0.07669443137768572,0.03528715249767609,0.00012034404422774939,10,10,0.012972752548055253,0.27381748346492873,False,True,False,2.359340844659163e-08,COMPLETE
889,0.48048466444015503,2025-04-05 07:01:08.786528,2025-04-05 07:01:14.987694,0 days 00:00:06.201166,0.6754395178001317,0.6552669507070836,16,0.031044074049534662,0.06742723580870016,0.09480212782304177,0.08000998334560656,0.07712964562675628,0.03895655023908261,0.0002249135277696133,9,13,0.015222700032678213,0.27498164093379307,False,True,False,1.72331415211504e-08,COMPLETE
890,0.48391556739807134,2025-04-05 07:01:15.285348,2025-04-05 07:01:21.663262,0 days 00:00:06.377914,0.6345825913838539,0.6554535264307445,16,0.010536666952371087,0.06622283799656205,0.07376477199780265,0.08677193945215456,0.07447607993785832,0.0349547942922523,0.00015183129135465774,11,15,0.017527122242247013,0.2775342119002527,False,True,False,2.615047691056499e-08,COMPLETE
891,0.45907886028289796,2025-04-05 07:01:21.947469,2025-04-05 07:01:28.342030,0 days 00:00:06.394561,0.676300837051819,0.6583498533766244,16,0.009727502032507185,0.06489514645443789,0.09131000874220911,0.08559949418232306,0.07124606779809428,0.03819572450639334,0.00019148976016789728,11,14,0.01177544441451606,0.2727162627383501,False,True,False,2.6544295519410404e-08,COMPLETE
892,0.47780344486236576,2025-04-05 07:01:28.637896,2025-04-05 07:01:35.044517,0 days 00:00:06.406621,0.6186988551863082,0.6507222733836355,16,0.04523799023238989,0.06474639645097881,0.08939888382353517,0.08385993564979553,0.08016584824753231,0.03376462383778948,0.000291370354429091,12,12,0.016565397108336925,0.26666639785649787,False,True,False,1.8457594019655104e-08,COMPLETE
893,0.411746621131897,2025-04-05 07:01:35.341688,2025-04-05 07:01:41.701718,0 days 00:00:06.360030,0.633635996639099,0.6764646678155531,16,0.016655477271398954,0.06888449206664132,0.07321752426682862,0.08661186043432463,0.07370527848785248,0.03606324124918258,3.443438168901203e-05,11,14,0.013724959656045619,0.2773306705053166,False,True,False,2.575634024060156e-08,COMPLETE
894,0.47995642423629764,2025-04-05 07:01:41.998723,2025-04-05 07:01:48.419252,0 days 00:00:06.420529,0.6792721651328552,0.6163193909145125,16,0.033282611921153636,0.06260230765189556,0.07071524431569529,0.08281726226776852,0.07887251922164094,0.028022688122129963,0.00013069135621478933,11,15,0.017349585849887474,0.2701741034571502,False,True,False,1.862361991646734e-08,COMPLETE
895,0.3518449544906616,2025-04-05 07:01:48.703019,2025-04-05 07:01:55.119492,0 days 00:00:06.416473,0.6543393587995789,0.6813253781939634,16,0.22636485395084122,0.11906704281169558,0.07265799894264408,0.087184904277338,0.07374274325506905,0.039071377823499134,0.0001579020644598114,12,12,0.014593936842926645,0.27823486796998187,False,True,False,1.4411039045315538e-08,COMPLETE
896,0.28504276871681217,2025-04-05 07:01:55.414769,2025-04-05 07:02:07.216835,0 days 00:00:11.802066,0.9119699831323094,0.6538132989253771,2,0.010709995876087348,0.06073513073470989,0.0999515020244938,0.08090906549985767,0.07808625747005163,0.036156141950847126,0.0001082132510218608,11,10,0.01778877478536327,0.26274848764640085,True,True,False,2.1466067585345533e-08,COMPLETE
897,0.3721771776676178,2025-04-05 07:02:07.514732,2025-04-05 07:02:13.810267,0 days 00:00:06.295535,0.6293713399166699,0.7057101865250989,16,0.025896113600243614,0.06868755587040168,0.09226281729563623,0.0749206734116449,0.08045575773333581,0.03068022706494554,0.00021237202831146017,10,16,0.015823914945000014,0.27796075290516836,False,True,False,2.729432169591714e-05,COMPLETE
898,0.31849762201309206,2025-04-05 07:02:14.107955,2025-04-05 07:02:20.425601,0 days 00:00:06.317646,0.6915384935428105,0.643295749736601,16,0.019685579984754845,0.22113155978794904,0.07421283801564593,0.08475897768570147,0.07801545459876273,0.033194367760086704,5.423064817994477e-05,11,16,0.018753020699006244,0.2709408328880649,False,True,False,1.2078129688505686e-08,COMPLETE
899,0.4797821521759033,2025-04-05 07:02:20.710549,2025-04-05 07:02:27.000538,0 days 00:00:06.289989,0.6265554095469666,0.6730365822789848,16,0.039057496065911,0.0720866868476518,0.09166718921019375,0.0781575642810364,0.0742953964829531,0.03488514621041621,0.0002609616471404227,10,11,0.012167220144116156,0.2799302629495732,False,True,False,1.5584655575450192e-08,COMPLETE
900,0.33550356626510625,2025-04-05 07:02:27.296962,2025-04-05 07:02:33.705770,0 days 00:00:06.408808,0.6532495102062084,0.19269642502587198,16,0.1940566565139832,0.05853460836916461,0.09501162994938658,0.0875392281420628,0.07189673498492449,0.02643057494179844,0.00017347538943327323,12,10,0.07830449368244793,0.273906755384252,False,True,False,6.660934806847198e-05,COMPLETE
901,0.4799220561981201,2025-04-05 07:02:34.005774,2025-04-05 07:02:40.294493,0 days 00:00:06.288719,0.6155222291469976,0.6311486760406521,16,0.009412211594061711,0.06426369322482409,0.07196222370427093,0.07160102220946593,0.07309306222972568,0.02917424929591336,0.00013498279135374316,10,17,0.016952425028202975,0.28209495842006943,False,True,False,1.8520809758171405e-08,COMPLETE
902,0.42382431030273443,2025-04-05 07:02:40.595693,2025-04-05 07:02:46.794757,0 days 00:00:06.199064,0.6350264126276077,0.7267612987905558,16,0.016219246750784545,0.05859344096588695,0.08806411650970984,0.08521037200804786,0.07500042905906684,0.03193431118178349,9.7728863036399e-05,9,14,0.01871367172973485,0.2805435914084145,False,True,False,1.2183391266102348e-08,COMPLETE
903,0.3948726534843445,2025-04-05 07:02:47.080469,2025-04-05 07:02:53.414163,0 days 00:00:06.333694,0.6106284361014327,0.6112165424725685,16,0.029819521236734352,0.06991806882109677,0.07480995650525354,0.08283862760831881,0.07589570197163807,0.03727034845633391,3.915618099173462e-05,11,13,0.08361358736597976,0.2855111213834581,False,True,False,9.530263931996672e-06,COMPLETE
904,0.3922912657260895,2025-04-05 07:02:53.713614,2025-04-05 07:03:00.417315,0 days 00:00:06.703701,0.6534370638995813,0.6838318900613927,16,0.022373190614288982,0.06338834916059194,0.07163298084275235,0.07691610808247824,0.0769649481637718,0.03431593616941182,0.00015966352715600905,10,10,0.014433943388278782,0.27294076429933556,False,False,False,1.513417667319233e-08,COMPLETE
