number,value,datetime_start,datetime_complete,duration,params_alpha-eval,params_alpha-train,params_batch-size,params_eps-eval,params_eps-train,params_lambda-actions-eval,params_lambda-actions-train,params_lambda-frames-eval,params_lambda-frames-train,params_learning-rate,params_n-epochs,params_n-frames,params_radius-gw,params_rho,params_std-feats,params_ub-actions,params_ub-frames,params_weight-decay,state
1581,0.39640316367149353,2025-04-05 08:24:55.496580,2025-04-05 08:25:07.935343,0 days 00:00:12.438763,0.5996532150254663,0.9569169871853928,2,0.1825134378890369,0.29411828835422,0.08843264876630602,0.04531709263243273,0.044692394613636756,0.0675267618432245,3.703858078731998e-05,12,27,0.01250571698597982,0.22292692933383695,True,True,False,7.613741468687184e-08,COMPLETE
1582,0.4425988674163819,2025-04-05 08:25:08.450087,2025-04-05 08:25:14.956038,0 days 00:00:06.505951,0.6204977006447876,0.9448942915661149,16,0.18777468526807206,0.29905109087897647,0.08833439116107059,0.043063910458534756,0.040202364788259455,0.07344901612834995,2.309981406283353e-05,12,24,0.0666226670534282,0.2344679747177109,True,True,False,8.15778456508013e-08,COMPLETE
1583,0.48631421327590946,2025-04-05 08:25:15.491323,2025-04-05 08:25:22.109875,0 days 00:00:06.618552,0.634020979879164,0.9713384557158633,16,0.19414521655727393,0.2806982779147946,0.0887968357357072,0.03866616553565311,0.043735306146470955,0.07061530866229361,3.0092349998647315e-05,12,32,0.014434011291123854,0.23505653847962663,True,True,False,7.852567993306979e-08,COMPLETE
1584,0.47889954447746275,2025-04-05 08:25:22.630059,2025-04-05 08:25:29.283208,0 days 00:00:06.653149,0.5985937691511402,0.9370881098885242,16,0.18046674060134907,0.2899329209396472,0.08994536001217757,0.04198459919388843,0.042669534307029924,0.06945895577025482,4.2118820517287455e-05,12,29,0.01177478521783175,0.23583638150914743,True,True,False,7.290266007095065e-08,COMPLETE
1585,0.49119864702224736,2025-04-05 08:25:29.802454,2025-04-05 08:25:36.409814,0 days 00:00:06.607360,0.6165526532136316,0.9578773890802047,16,0.18781276324848006,0.29527277179684175,0.09038424119383981,0.045659130111634576,0.04611500777277453,0.06790891621671975,2.463845338285974e-05,12,29,0.015096609495496294,0.22122176313961658,True,True,False,5.757122901749226e-08,COMPLETE
1586,0.4899381995201111,2025-04-05 08:25:36.947686,2025-04-05 08:25:43.692707,0 days 00:00:06.745021,0.5953587370015976,0.9751592629233184,16,0.1969623821064492,0.2824495900270243,0.08833000122180361,0.036143032586906584,0.042980418888594836,0.0711765907119713,3.37538071459711e-05,13,32,0.012245183862513376,0.23247149062544337,True,True,False,9.219037092724714e-08,COMPLETE
1587,0.48903605937957767,2025-04-05 08:25:44.211801,2025-04-05 08:25:50.814118,0 days 00:00:06.602317,0.6345458749553019,0.9821249194116675,16,0.18100274723741022,0.2294160646226434,0.09129077375550011,0.040726293874611005,0.041040200862344105,0.06985655418523398,2.9879171161030322e-05,12,26,0.013608801695472338,0.23430509994671786,True,True,False,1.321804569046568e-07,COMPLETE
1588,0.45852530002593994,2025-04-05 08:25:51.362351,2025-04-05 08:25:58.045604,0 days 00:00:06.683253,0.6131378706404393,0.9951037815590972,16,0.19099063256136348,0.2990383817366101,0.09046428738697085,0.04606917087477317,0.040329802263660314,0.07353083383841774,2.1656227982291093e-05,13,23,0.014525565195209209,0.21809968538048854,True,True,False,5.690665900916272e-08,COMPLETE
1589,0.3535009980201721,2025-04-05 08:25:58.570052,2025-04-05 08:26:06.032353,0 days 00:00:07.462301,0.6374262441134866,0.9430075036818264,16,0.19624881284389648,0.2868212987098017,0.08801757770476497,0.03781268962457143,0.04529396021381715,0.06727695902550274,3.963292004518622e-05,12,147,0.011388199864501642,0.2383967370554517,True,True,False,7.796474772097163e-08,COMPLETE
1590,0.4841913461685181,2025-04-05 08:26:06.552681,2025-04-05 08:26:13.227742,0 days 00:00:06.675061,0.5935268408256068,0.9545870526787245,16,0.1784673971843463,0.2930954355937687,0.09154407451567541,0.0430359757812701,0.042376939308949174,0.0693890819155299,2.3357952044432957e-05,13,33,0.010895278652911823,0.23788619058639787,True,True,False,5.6775128437530215e-08,COMPLETE
1591,0.35234283208847045,2025-04-05 08:26:13.767436,2025-04-05 08:26:21.197418,0 days 00:00:07.429982,0.6174019976904679,0.9757467131105161,16,0.1882643114963339,0.28881736578842576,0.08878578885594456,0.044247936156319,0.04544308247845238,0.06835927906620494,2.8157584113097966e-05,13,132,0.014753380940565513,0.22738351370000864,True,True,False,5.14883560098912e-08,COMPLETE
1592,0.28935055136680604,2025-04-05 08:26:21.720372,2025-04-05 08:26:28.285555,0 days 00:00:06.565183,0.5915022737091248,0.9364913338014322,16,0.1858928961170225,0.2974700657803349,0.09173927352876599,0.045758148294379526,0.0407666233156028,0.07189538438343757,3.730308115896251e-05,12,28,0.012479019843432172,0.0011048668947421514,True,True,False,7.142035797306633e-08,COMPLETE
1593,0.49485948085784914,2025-04-05 08:26:28.799520,2025-04-05 08:26:35.299714,0 days 00:00:06.500194,0.6371264948992563,0.9577627608213122,16,0.17881118775728888,0.28696357356313285,0.09041590558217447,0.043132655277618025,0.03944709971061024,0.06658551217265597,4.2908544112086865e-05,11,26,0.01055243649079076,0.23934862867904236,True,True,False,5.2876317763743584e-08,COMPLETE
1594,0.4893274068832398,2025-04-05 08:26:35.842664,2025-04-05 08:26:42.441245,0 days 00:00:06.598581,0.6408799792735898,0.9635744453152312,16,0.1776681577444721,0.2836174708941336,0.08829310844139686,0.0413267800946197,0.038864665804092834,0.06667633271094346,3.355313927859018e-05,12,30,0.010053471178270488,0.24032732555682013,True,True,False,7.158839326615718e-08,COMPLETE
1595,0.28803909420967105,2025-04-05 08:26:42.962299,2025-04-05 08:26:49.573735,0 days 00:00:06.611436,0.6478548623806963,0.9504260811725193,16,0.17654256911885366,0.27394842992139856,0.08821052662203652,0.043346619002959864,0.039630727683451925,0.06641388080791623,4.631991235555531e-05,12,25,0.010101310348864249,0.24151817748226642,True,False,True,8.482519674699244e-08,COMPLETE
1596,0.48306087255477903,2025-04-05 08:26:50.096793,2025-04-05 08:26:56.806290,0 days 00:00:06.709497,0.6438623351631677,0.9838989029940644,16,0.180642639136263,0.28675268593685843,0.09044117921451691,0.045826501982724976,0.04489162528657347,0.06786451949454315,2.7477757628812766e-05,13,32,0.010829985271095076,0.23174608316732903,True,True,False,6.801836082691646e-08,COMPLETE
1597,0.4829992175102234,2025-04-05 08:26:57.350318,2025-04-05 08:27:03.851307,0 days 00:00:06.500989,0.6348677998423514,0.9300708538627117,16,0.17404870273580875,0.276233413956432,0.09053026805566287,0.03924341177372958,0.04286051572126505,0.06334310606503954,4.3407794638821696e-05,11,29,0.010473499666080882,0.24194710367024228,True,True,False,5.909643066021238e-08,COMPLETE
1598,0.4722736716270447,2025-04-05 08:27:04.375755,2025-04-05 08:27:11.087665,0 days 00:00:06.711910,0.630283216818026,0.977844852746478,16,0.18277423386266267,0.29153648594363835,0.08923146658269523,0.032762545985484295,0.039665134445112916,0.065110228990622,3.618705748442959e-05,13,23,0.009258935689365397,0.23678258106446382,True,True,False,5.2442086419218544e-08,COMPLETE
1599,0.4435204446315765,2025-04-05 08:27:11.636763,2025-04-05 08:27:18.234050,0 days 00:00:06.597287,0.6476702240211221,0.9578846163097687,16,0.17836317299612103,0.2959831660464756,0.09209560991919077,0.041083704664176796,0.041923789962554664,0.06706318613553428,3.079224391548167e-05,12,34,0.054963227684012905,0.24168470145533752,True,True,False,1.1480593900136198e-07,COMPLETE
1600,0.49334180355072027,2025-04-05 08:27:18.762175,2025-04-05 08:27:25.307647,0 days 00:00:06.545472,0.6219179196061405,0.9983397278645959,16,0.16916790745962432,0.2822370910087247,0.08989290019648896,0.04419904544435129,0.041016526514717676,0.06622740489597814,4.392520749511429e-05,12,26,0.013179517981100541,0.2288801940585355,True,True,False,9.971047745135394e-08,COMPLETE
1601,0.48687138557434084,2025-04-05 08:27:25.832492,2025-04-05 08:27:32.518957,0 days 00:00:06.686465,0.6517507660096097,0.9957331958891112,16,0.1701942991494541,0.2919793881125724,0.0883421113404589,0.043789893591574154,0.038348370018166864,0.06599837074524872,3.496660870514816e-05,13,29,0.014890884361070878,0.2177555222724552,True,True,False,1.1910174304067547e-07,COMPLETE
1602,0.3755789697170258,2025-04-05 08:27:33.068852,2025-04-05 08:27:46.055752,0 days 00:00:12.986900,0.6279614892559822,0.9808198743580229,2,0.17000747044698064,0.2812597090707902,0.08728934066452919,0.04281710182943092,0.039910983044806544,0.0674580489045315,4.508562924221557e-05,13,33,0.014960182168235423,0.22640795221023954,True,True,False,8.762855791256523e-08,COMPLETE
1603,0.4939525365829468,2025-04-05 08:27:46.581356,2025-04-05 08:27:53.238268,0 days 00:00:06.656912,0.6485450532283424,0.9938639960230722,16,0.16753642708383554,0.29948863918162466,0.08961432230955181,0.0450020666927172,0.040437241434265594,0.06678173106448969,3.9967695313183534e-05,12,26,0.013324220200950742,0.22961873772282218,True,True,False,2.654999822406682e-07,COMPLETE
1604,0.49029986858367924,2025-04-05 08:27:53.760058,2025-04-05 08:28:00.320883,0 days 00:00:06.560825,0.6563988045382743,0.9929257354134805,16,0.1636658021869786,0.2852177352488152,0.08805061723369796,0.04566810391433926,0.04129282228195333,0.0654132896282391,4.184132576451571e-05,12,24,0.014464319650097385,0.21748775321724845,True,True,False,6.689371140171395e-08,COMPLETE
1605,0.29165828227996826,2025-04-05 08:28:00.866386,2025-04-05 08:28:07.590460,0 days 00:00:06.724074,0.6532406851753592,0.9724614283978568,16,0.1665938321782671,0.2985092677490477,0.08942432877445236,0.0371522194176709,0.03916141111149299,0.06502646421493087,4.9790845910826814e-05,12,53,0.013124620915836828,0.23357345522593406,True,True,False,3.1881883053191783e-07,COMPLETE
1606,0.4742960333824158,2025-04-05 08:28:08.116091,2025-04-05 08:28:14.664112,0 days 00:00:06.548021,0.6272129826765699,0.9903229697962954,16,0.1676270745419575,0.2895446817883396,0.08936557298900759,0.047183156718900734,0.03958264691116637,0.0673975200819105,4.020372910017897e-05,12,23,0.015256349431024822,0.212133452582369,True,True,False,1.5948878158052854e-07,COMPLETE
1607,0.4735569477081299,2025-04-05 08:28:15.190768,2025-04-05 08:28:21.752803,0 days 00:00:06.562035,0.652588110306724,0.9958109293178189,16,0.16895280270676724,0.29814224414804597,0.08758346312335288,0.042092074750571175,0.0415309277126058,0.06945669171228194,3.883669602796064e-05,12,23,0.013190565736652733,0.2125574385937865,True,True,False,1.9349793381037156e-07,COMPLETE
1608,0.3368065774440766,2025-04-05 08:28:22.296561,2025-04-05 08:28:28.831651,0 days 00:00:06.535090,0.6212545975610138,0.9970011726855378,16,0.17340462111920132,0.2845562163518496,0.08778142837723438,0.04060976064071916,0.0390236113447647,0.06638989747441208,2.6402714609006615e-05,12,26,0.08363244991846577,0.2222431968274794,True,True,False,1.0576917045324677e-07,COMPLETE
1609,0.49480375051498415,2025-04-05 08:28:29.361789,2025-04-05 08:28:35.953646,0 days 00:00:06.591857,0.6233698275414088,0.9538122672712339,16,0.1670284455097466,0.29868431746290824,0.0902847652155333,0.044523509170107306,0.041104159182239024,0.06503760282088629,3.30554092728159e-05,12,26,0.012642936497887287,0.2242798401245268,True,True,False,1.2712748040148352e-07,COMPLETE
1610,0.28504276871681217,2025-04-05 08:28:36.508331,2025-04-05 08:28:43.317079,0 days 00:00:06.808748,0.6496981601910156,0.9326902911441626,16,0.15791329561904993,0.29944417704365894,0.09112724192349654,0.04392085027133073,0.038327615373378886,0.06429287721120301,4.3089365510851905e-05,12,72,0.009560492248648644,0.22794961101115654,True,True,False,1.649461776010941e-07,COMPLETE
1611,0.4706854045391083,2025-04-05 08:28:43.851954,2025-04-05 08:28:50.462184,0 days 00:00:06.610230,0.6395506205884728,0.9484705020540246,16,0.1627416130878822,0.2635494629035505,0.09000254795268038,0.04751300916051921,0.040517116740585876,0.06483734861454314,3.5029883843972294e-05,12,23,0.01198608607883757,0.21860116925694575,True,True,False,2.780750886424308e-07,COMPLETE
1612,0.4935826301574707,2025-04-05 08:28:50.989384,2025-04-05 08:28:57.487693,0 days 00:00:06.498309,0.6629724593285433,0.9977118476299645,16,0.1637421228518596,0.29987316620608906,0.09057291954771049,0.04437329830000269,0.03909761844108067,0.06655500782239772,4.897877976229092e-05,11,25,0.008933846477793037,0.2239953210346365,True,True,False,1.1781236182867824e-07,COMPLETE
1613,0.36405218243598936,2025-04-05 08:28:58.039985,2025-04-05 08:29:04.968108,0 days 00:00:06.928123,0.6700742923485359,0.9584008064619287,16,0.1616618878022178,0.2991076029702211,0.08994589621653207,0.04391185471896616,0.03895419454192308,0.0642788570938496,4.966548875559315e-05,11,22,0.009888176886871816,0.21967859581520444,True,False,False,1.3524898418593394e-07,COMPLETE
1614,0.41851776242256167,2025-04-05 08:29:05.498268,2025-04-05 08:29:11.987487,0 days 00:00:06.489219,0.6670848323286214,0.9964258677518933,16,0.16243727217591522,0.2926414024217784,0.08750734419245373,0.04230442726860019,0.03807866963907863,0.0669837635994194,4.9519471486703e-05,11,23,0.06978352662416498,0.22719861927908058,True,True,False,1.4280434122347e-07,COMPLETE
1615,0.28504276871681217,2025-04-05 08:29:12.515840,2025-04-05 08:29:18.951502,0 days 00:00:06.435662,0.6682041856565166,0.9709844426575911,16,0.15646083307320985,0.27795112701321395,0.09015978424287575,0.044785882773685254,0.04097836683839344,0.06456385739349052,4.692518126045605e-05,11,25,0.008663998367612318,0.2249435048296809,True,True,True,1.8442846364778854e-07,COMPLETE
1616,0.4332507371902466,2025-04-05 08:29:19.501365,2025-04-05 08:29:25.987747,0 days 00:00:06.486382,0.6610316579530591,0.9961459753709825,16,0.1675451882624554,0.2907655160854287,0.09065639761680623,0.03965159620385435,0.043528159474118984,0.06642329422128121,3.807222132753321e-05,11,22,0.06042949305388989,0.22256414284205994,True,True,False,2.2674611668271275e-07,COMPLETE
1617,0.45265730023384093,2025-04-05 08:29:26.517210,2025-04-05 08:29:32.977452,0 days 00:00:06.460242,0.6779495520404033,0.9980540729297512,16,0.15949493777660936,0.2993924556720677,0.08728005008990018,0.0472661664867716,0.041385410597083366,0.06381206457591419,3.2260765449985425e-05,11,22,0.012068405598970051,0.21837525718273593,True,True,False,9.623829101237616e-08,COMPLETE
1618,0.49786803722381595,2025-04-05 08:29:33.530261,2025-04-05 08:29:39.994614,0 days 00:00:06.464353,0.645279296681437,0.9543546316172815,16,0.1658149432510504,0.2995522686356078,0.09018275797580957,0.042837875246815836,0.038046864094471035,0.06785980760051877,3.1726773827841744e-05,11,26,0.008936717101006443,0.2123831971196771,True,True,False,1.4975902693902782e-07,COMPLETE
1619,0.46275749802589417,2025-04-05 08:29:40.530146,2025-04-05 08:29:47.000145,0 days 00:00:06.469999,0.6862487318767997,0.9561121227976943,16,0.16136865340625056,0.2943299937668784,0.08798071900722897,0.040413286551041795,0.03994842070014147,0.06792451965076678,3.012978785391397e-05,11,22,0.008448702071466035,0.2107746427100333,True,True,False,1.6310455707530352e-07,COMPLETE
1620,0.4943034410476685,2025-04-05 08:29:47.532279,2025-04-05 08:29:54.042310,0 days 00:00:06.510031,0.6592934538204624,0.9380090296664333,16,0.16567273430680451,0.28716840688130096,0.08977287222329487,0.04242586249190598,0.04036436142639003,0.0686540463509951,4.235107801454358e-05,11,25,0.008543650723505757,0.21779899046926088,True,True,False,1.219768906537963e-07,COMPLETE
1621,0.4872370004653931,2025-04-05 08:29:54.606040,2025-04-05 08:30:01.142529,0 days 00:00:06.536489,0.6742192010862745,0.9415900367565152,16,0.16667730714588558,0.2853610421087249,0.08702485410026155,0.04228048182331348,0.03906028879973314,0.06919497153595366,4.510492842521725e-05,11,25,0.00827696529873559,0.20739521649215548,True,True,False,1.6393388073461988e-07,COMPLETE
1622,0.4676167547702789,2025-04-05 08:30:01.674479,2025-04-05 08:30:08.117761,0 days 00:00:06.443282,0.6661919889687775,0.9195526967852073,16,0.16635666744957162,0.2884580140836513,0.08895392960901884,0.03670396130727732,0.039548870817310795,0.06876486246486144,3.933871191551924e-05,11,22,0.009241077557682486,0.2097468331007959,True,True,False,1.387387178385971e-07,COMPLETE
1623,0.4651382744312287,2025-04-05 08:30:08.654977,2025-04-05 08:30:15.173113,0 days 00:00:06.518136,0.7014658175037325,0.9394932260191147,16,0.16536526847725444,0.2796165053578461,0.08924035994822395,0.03918606303607321,0.0414917935968918,0.06554169184246625,4.7384446747932355e-05,11,25,0.008045360623868535,0.20747549562260215,True,True,False,1.388358092395597e-07,COMPLETE
1624,0.3844800293445587,2025-04-05 08:30:15.722959,2025-04-05 08:30:27.599522,0 days 00:00:11.876563,0.6779540117971017,0.9600657750156613,2,0.15965654927085585,0.2991531364909802,0.08722703123751042,0.044824707202784746,0.03774987495934293,0.0681144429538185,3.561523399730849e-05,11,23,0.007819485225252732,0.21838070467931078,True,True,False,2.0017710990440342e-07,COMPLETE
1625,0.4180228471755982,2025-04-05 08:30:28.128939,2025-04-05 08:30:36.244379,0 days 00:00:08.115440,0.6608621012950863,0.9729535388148031,16,0.16831416934637755,0.29959005894475227,0.08946939631265202,0.04149317209922102,0.043273340879355804,0.06609986962080125,3.2077470333376214e-05,29,22,0.008291846008791608,0.20455575584896557,True,True,False,1.9490057318330105e-07,COMPLETE
1626,0.46052420735359195,2025-04-05 08:30:36.801319,2025-04-05 08:30:43.252159,0 days 00:00:06.450840,0.6981216146527257,0.9363468263322251,16,0.16887078979808065,0.2907732810435868,0.09040809956717173,0.0425307623526658,0.04100676637425998,0.06679914240438854,4.9853977068575955e-05,11,25,0.009430825547252546,0.2128514633175096,True,True,False,1.3135008237196766e-07,COMPLETE
1627,0.4932026028633118,2025-04-05 08:30:43.788732,2025-04-05 08:30:50.276292,0 days 00:00:06.487560,0.6558233048384788,0.9217866552139348,16,0.1651576380828914,0.28717521454508965,0.0876845225634213,0.04453986123952186,0.042989660177573996,0.0692315245828264,4.1721767045649954e-05,11,25,0.009617705946404962,0.21348352187034605,True,True,False,2.7129883632547084e-07,COMPLETE
1628,0.4846445083618164,2025-04-05 08:30:50.809205,2025-04-05 08:30:57.367069,0 days 00:00:06.557864,0.6847746819379326,0.9220812643732504,16,0.1616798198663456,0.28287800242729527,0.08778195860851795,0.04567614836784946,0.04424813538128012,0.0691883697780464,5.304440587497887e-05,11,23,0.01022397143637488,0.22554028047764674,True,True,False,2.514141978181334e-07,COMPLETE
1629,0.47731440067291264,2025-04-05 08:30:57.921042,2025-04-05 08:31:04.392217,0 days 00:00:06.471175,0.687850054420045,0.9307393476261618,16,0.1597302188413392,0.2885858935709024,0.0872520734497402,0.04343618909917814,0.0427907193227713,0.06890176331302215,3.855456223919798e-05,11,23,0.010832548655419622,0.21295575226149444,True,True,False,2.510696197226416e-07,COMPLETE
1630,0.49378409385681155,2025-04-05 08:31:04.924522,2025-04-05 08:31:11.431076,0 days 00:00:06.506554,0.6595817384427302,0.9587096875622146,16,0.15611101796726637,0.2687554418347366,0.08750130034153301,0.04006391956492903,0.040156299561520545,0.06709205837109308,3.188870896271382e-05,11,25,0.00931202830753489,0.20229796421504473,True,True,False,1.857383838924475e-07,COMPLETE
1631,0.46311897635459903,2025-04-05 08:31:11.986786,2025-04-05 08:31:18.500996,0 days 00:00:06.514210,0.6870844086245275,0.9585184627034526,16,0.15788428158258017,0.2654091741728255,0.08661771197610406,0.03731356472765107,0.038272297038901074,0.06722306282548361,2.5057149328942303e-05,11,22,0.01145065990008174,0.2137446407078053,True,True,False,1.7202393002837337e-07,COMPLETE
1632,0.4701148688793183,2025-04-05 08:31:19.038459,2025-04-05 08:31:25.514888,0 days 00:00:06.476429,0.6764743220579186,0.9249376220143983,16,0.15391863579181334,0.2749774191628941,0.08770399984050524,0.038618914158603634,0.04023690397233528,0.06996144674786701,3.2051816042035264e-05,11,23,0.007723670849504603,0.20636424677881943,True,True,False,1.6633183382013744e-07,COMPLETE
1633,0.36405218243598936,2025-04-05 08:31:26.048304,2025-04-05 08:31:33.011592,0 days 00:00:06.963288,0.6643033506221022,0.9501132414828485,16,0.16216674319732244,0.2698143084238176,0.08853421690271705,0.04072268512176297,0.041422094130318984,0.06429675681058795,4.3720446385083175e-05,11,22,0.009838481181675572,0.2115515528849262,True,False,False,2.230837462451908e-07,COMPLETE
1634,0.48405429124832156,2025-04-05 08:31:33.570334,2025-04-05 08:31:40.084498,0 days 00:00:06.514164,0.693805399019257,0.9696465581562587,16,0.15436400022519317,0.2801511117750193,0.08741426855602055,0.03974045849646609,0.04343911922218262,0.06697682870468974,2.011698359617193e-05,11,25,0.01118413710344633,0.20348641392859934,True,True,False,2.06243598626427e-07,COMPLETE
1635,0.28504276871681217,2025-04-05 08:31:40.624168,2025-04-05 08:31:47.021487,0 days 00:00:06.397319,0.6649993025154992,0.9452158851389305,16,0.15865518388458427,0.29995481099740956,0.0896179621064165,0.04226524537760067,0.03758119032730819,0.0697586299427839,3.764406960535751e-05,11,22,0.007927965704888853,0.2163228791164376,True,True,True,2.795918622652094e-07,COMPLETE
1636,0.4870419263839722,2025-04-05 08:31:47.580761,2025-04-05 08:31:54.075489,0 days 00:00:06.494728,0.7113277616316764,0.9666244749830051,16,0.16157636935795217,0.2874554506666615,0.08963368353009998,0.04481473672722792,0.041001028220989964,0.06539308397609953,2.9639315512861912e-05,11,24,0.011645363252928066,0.19796023616986902,True,True,False,2.2049033710052432e-07,COMPLETE
1637,0.4901650428771973,2025-04-05 08:31:54.616570,2025-04-05 08:32:01.129893,0 days 00:00:06.513323,0.6894882193783021,0.972589340041973,16,0.15225765098354982,0.29312074766588747,0.0865041216671779,0.03499243993635091,0.04393688701878091,0.06865666752664357,2.4749759405727002e-05,11,25,0.00930114162884565,0.2021381544778679,True,True,False,3.719951281990162e-07,COMPLETE
