number,value,datetime_start,datetime_complete,duration,params_alpha-eval,params_alpha-train,params_batch-size,params_eps-eval,params_eps-train,params_lambda-actions-eval,params_lambda-actions-train,params_lambda-frames-eval,params_lambda-frames-train,params_learning-rate,params_n-epochs,params_n-frames,params_radius-gw,params_rho,params_std-feats,params_ub-actions,params_ub-frames,params_weight-decay,state
1186,0.48512604236602785,2025-04-05 07:36:16.937742,2025-04-05 07:36:23.570062,0 days 00:00:06.632320,0.6350887303913946,0.8465267121608688,16,0.17729015010329705,0.029398928212815242,0.09590076263650041,0.05776173684668293,0.05764465128488188,0.009527848864393361,0.0002551392864106695,13,32,0.006843302192896401,0.2554310534295743,True,True,False,6.835583816859589e-08,COMPLETE
1187,0.33799109458923343,2025-04-05 07:36:23.962642,2025-04-05 07:36:30.589193,0 days 00:00:06.626551,0.6178549058899344,0.8307245309994932,16,0.15224713488261973,0.03958351512926944,0.0979059056627321,0.06384303044784699,0.060344216431024854,0.01916763048345868,0.00045014587858451736,12,44,0.005773237995574421,0.2615600559978591,True,True,False,6.986547748441807e-08,COMPLETE
1188,0.48336693048477175,2025-04-05 07:36:30.981747,2025-04-05 07:36:37.759270,0 days 00:00:06.777523,0.6516697825316304,0.7996783349267357,16,0.1698736704329417,0.025298470487309155,0.0933787068727778,0.06570545466781103,0.06235289605079042,0.016945555169810337,0.00031657579928509865,14,36,0.00276158682581897,0.2572452125247071,True,True,False,4.858043780165441e-08,COMPLETE
1189,0.4781730055809021,2025-04-05 07:36:38.149990,2025-04-05 07:36:44.839917,0 days 00:00:06.689927,0.6277822991314979,0.8210049011581915,16,0.18257934051970087,0.043938515158651624,0.09567688078741217,0.05996381380778054,0.0624175894649479,0.011928899126011382,0.0002496954287485519,13,31,0.006941399769747792,0.25003681673699973,True,True,False,7.244853912381616e-08,COMPLETE
1190,0.28504276871681217,2025-04-05 07:36:45.231018,2025-04-05 07:36:51.794708,0 days 00:00:06.563690,0.6039432596520544,0.7950131656002486,16,0.16359519732212055,0.033533867169108666,0.09790585992602557,0.06366133733212204,0.06020035547596806,0.015337590021937133,0.0005546332214503316,12,28,0.007788620275427243,0.24605044658866457,True,True,False,5.8798502254635735e-08,COMPLETE
1191,0.4106111764907837,2025-04-05 07:36:52.184992,2025-04-05 07:36:58.921944,0 days 00:00:06.736952,0.6424553633335068,0.8163866908483934,16,0.1343373865711402,0.038403341904565444,0.090990782831809,0.06133393085057277,0.06290627059218643,0.018434485195163972,0.0003661930782162209,13,34,0.004061279327010256,0.2642111892404037,True,True,False,5.8861346983727334e-08,COMPLETE
1192,0.47743754982948305,2025-04-05 07:36:59.323566,2025-04-05 07:37:06.152293,0 days 00:00:06.828727,0.6716988051121634,0.7990908056060807,16,0.17285967596320373,0.031431063823354456,0.09405034548777191,0.058979105887555595,0.0581117742747672,0.016326242895025357,0.00024733997176734667,14,37,0.0010617107327080136,0.25313824722339956,True,True,False,7.788265143567166e-08,COMPLETE
1193,0.4758769631385803,2025-04-05 07:37:06.544530,2025-04-05 07:37:13.132997,0 days 00:00:06.588467,0.6144021363689927,0.7896281917584399,16,0.15767083006676683,0.04382975871375678,0.09625673030540377,0.0652576613505161,0.026122401103917572,0.014105864332749496,0.00029932296973070343,12,31,0.007692071232821691,0.2619455086733292,True,True,False,8.719843869089016e-08,COMPLETE
1194,0.3794824779033661,2025-04-05 07:37:13.529090,2025-04-05 07:37:20.182445,0 days 00:00:06.653355,0.5960328191377372,0.8245173340495893,16,0.16734403926453634,0.03854294306284453,0.09236184894841104,0.06301642984883513,0.060925551977106425,0.014050958953742632,0.0004517418103412292,13,33,0.005147268414139238,0.2564929254157848,True,True,False,1.1041432803934616e-07,COMPLETE
1195,0.33803469538688663,2025-04-05 07:37:20.574353,2025-04-05 07:37:27.289024,0 days 00:00:06.714671,0.6218091784550773,0.8804949719274445,16,0.1762778679754263,0.021567079316073854,0.09825728348961112,0.05551529819378128,0.06312387669479927,0.018195775696546027,0.0003834124324346517,12,39,0.003551280949590764,0.24592986620083407,True,False,True,3.583582360663777e-08,COMPLETE
1196,0.4079560995101929,2025-04-05 07:37:27.682230,2025-04-05 07:37:34.285121,0 days 00:00:06.602891,0.6537208172991693,0.9104529284555326,16,0.18212503706539454,0.04416119134879026,0.09533174062001515,0.06617600304212413,0.05892837823722075,0.01835671671122528,0.00024730398751218426,12,30,0.008424338341926046,0.2628289292592669,True,True,False,3.258325921676219e-08,COMPLETE
1197,0.48280584812164307,2025-04-05 07:37:34.678942,2025-04-05 07:37:41.453854,0 days 00:00:06.774912,0.5963519670038324,0.7908561580862569,16,0.1705620695977402,0.026476798701459636,0.09797426770195825,0.06228696750425861,0.06290885217638935,0.018706827085226453,0.00031620306149983954,13,29,0.006748079360574675,0.2560476824641599,True,True,False,5.990643359935878e-08,COMPLETE
1198,0.3944396078586579,2025-04-05 07:37:41.849293,2025-04-05 07:37:48.484368,0 days 00:00:06.635075,0.6353330072471255,0.8544042923632846,16,0.16065414598231378,0.03636149531413503,0.09122575366556078,0.059570999384761944,0.06092609846431005,0.02005068383562537,0.00024914063585039514,12,33,0.0030768568279986594,0.24065028143084843,True,True,False,3.6077588654103507e-08,COMPLETE
1199,0.41664566397666936,2025-04-05 07:37:48.877493,2025-04-05 07:37:55.597923,0 days 00:00:06.720430,0.5833866112889392,0.8397201689842617,16,0.17691809389700167,0.04420806346404956,0.09452012138891278,0.06541079675684444,0.056607176515013485,0.012225936897970736,0.00029352991508348913,13,28,0.0053685655995954875,0.25101487739497425,True,True,False,3.22914144382711e-08,COMPLETE
1200,0.48207720518112185,2025-04-05 07:37:55.992287,2025-04-05 07:38:02.717048,0 days 00:00:06.724761,0.6107926861229988,0.7809383036787291,16,0.16563386660620344,0.03221866805159704,0.09980406959852392,0.06312340733689586,0.062344449104504804,0.016788706446149524,0.00035889641906582527,13,34,0.008620467846580764,0.262166090989149,True,True,False,4.829405702324797e-08,COMPLETE
1201,0.483736264705658,2025-04-05 07:38:03.107548,2025-04-05 07:38:09.916999,0 days 00:00:06.809451,0.6213511670074122,0.8075772626044828,16,0.1572968586543542,0.038435594653102464,0.09997016611418975,0.0576006792542807,0.059212055406091174,0.019824057108985053,0.0005041409788477924,14,37,0.007025602416167949,0.25766211771086284,True,True,False,5.123208083738669e-08,COMPLETE
1202,0.4892556548118591,2025-04-05 07:38:10.316097,2025-04-05 07:38:16.926384,0 days 00:00:06.610287,0.5933686977446907,0.7798127694419784,16,0.18485712790436118,0.03110754613865198,0.09722220697269465,0.06632856292370362,0.06334868627850535,0.014458297834471294,0.00023412442706252786,12,31,0.00950928879158323,0.26405933002372456,True,True,False,3.2231716202123776e-08,COMPLETE
1203,0.4738395214080811,2025-04-05 07:38:17.317779,2025-04-05 07:38:23.938353,0 days 00:00:06.620574,0.5821517368514487,0.8218902453592069,16,0.18526290979877635,0.02128682833474144,0.09346661680048679,0.06154049273988151,0.06075812618586962,0.01055934636131809,0.00025246655939983187,12,28,0.004396911803596583,0.2637595374546254,True,True,False,3.973503996020847e-08,COMPLETE
1204,0.45834716558456423,2025-04-05 07:38:24.331954,2025-04-05 07:38:36.917629,0 days 00:00:12.585675,0.5834434948992959,0.8069882975359473,2,0.187748387909917,0.028259243938407945,0.09256302859332145,0.06537929209293918,0.06303586999598942,0.014508713425744283,0.00024142728676276463,12,36,0.0015066738390081763,0.2624817361755507,True,True,False,5.976987281827751e-08,COMPLETE
1205,0.477853274345398,2025-04-05 07:38:37.314007,2025-04-05 07:38:43.933535,0 days 00:00:06.619528,0.6027195777329759,0.7837942192281108,16,0.18218864339600144,0.026405739223758468,0.09611134094156022,0.060131888064344344,0.05715759934863758,0.012189611423419415,0.00023885598159198532,12,40,0.008599535614462646,0.2598845479406998,True,True,False,3.381020042951341e-08,COMPLETE
1206,0.478514164686203,2025-04-05 07:38:44.329319,2025-04-05 07:38:50.904508,0 days 00:00:06.575189,0.5799409982102846,0.827996294627728,16,0.17676199669289597,0.018121562823586002,0.09659413437925234,0.06357681622319715,0.061305727013714326,0.014851106004946558,0.0002497811502439042,12,28,0.006064659803074997,0.26491236792183437,True,True,False,4.058577907760135e-08,COMPLETE
1207,0.47839649319648747,2025-04-05 07:38:51.303375,2025-04-05 07:38:57.981772,0 days 00:00:06.678397,0.593889038868524,0.7812528484540391,16,0.19129238167369658,0.04498633430339265,0.09113241915246166,0.06651353135051906,0.05960588603801769,0.012638991507872812,0.0002291702486905535,12,32,0.0040611344582174615,0.2650129014353008,True,True,False,5.6291551045239286e-08,COMPLETE
1208,0.3752415895462036,2025-04-05 07:38:58.382257,2025-04-05 07:39:04.979328,0 days 00:00:06.597071,0.633961496113755,0.8602948960726751,16,0.14968876645583795,0.033229863965702065,0.09426390774192672,0.0615110265306984,0.06339905234210584,0.01500706440120927,0.0002876655552723923,12,35,0.010485949114788524,0.25421662156787994,True,True,False,3.9879105369583814e-08,COMPLETE
1209,0.4895081996917725,2025-04-05 07:39:05.376376,2025-04-05 07:39:11.994772,0 days 00:00:06.618396,0.5814658802971877,0.7987988484640034,16,0.1935207180785082,0.04322757933700023,0.0966080667515704,0.05659505255529194,0.061524495037781304,0.016291204465817243,0.0002326887145882842,12,28,0.006915962200928972,0.25533137242344933,True,True,False,3.46313266218975e-08,COMPLETE
1210,0.48359533548355105,2025-04-05 07:39:12.393909,2025-04-05 07:39:18.953737,0 days 00:00:06.559828,0.5967300880208033,0.8061804309252646,16,0.19396258519998724,0.04105392438194545,0.09578705686524934,0.05390224364047351,0.0581075331100115,0.016311357213896628,0.000290421422925111,12,27,0.001036865756969329,0.25548023570484374,True,True,False,4.804703075685601e-08,COMPLETE
1211,0.48676987886428835,2025-04-05 07:39:19.349217,2025-04-05 07:39:26.037701,0 days 00:00:06.688484,0.6597741258817872,0.8257339999458594,16,0.20269433931556377,0.03476410278661512,0.09709443801029775,0.05730669940459817,0.060437107967985786,0.015439341420442258,0.0002354460322988586,12,30,0.007093045884358657,0.2526938793218841,True,True,False,3.461438212601874e-08,COMPLETE
1212,0.4840253233909607,2025-04-05 07:39:26.438919,2025-04-05 07:39:33.059444,0 days 00:00:06.620525,0.6809003047247093,0.846322330536709,16,0.21045658992079963,0.01783354273897239,0.09742220032858111,0.05627992990441666,0.05686098054038661,0.00851384289321624,0.0003806961644362103,12,30,0.006848314268095826,0.25073240696273275,True,True,False,3.494213667131313e-08,COMPLETE
1213,0.36292414665222167,2025-04-05 07:39:33.459248,2025-04-05 07:39:40.441260,0 days 00:00:06.982012,0.6728271681181736,0.8290223781576254,16,0.20294724297131395,0.03025973568609356,0.09692245274373831,0.05932649104572554,0.05939057196482543,0.016286172727059366,0.0002933876815807816,12,31,0.008380119388987127,0.24965029457314297,True,False,False,4.593833715691203e-08,COMPLETE
1214,0.44786692261695865,2025-04-05 07:39:40.838066,2025-04-05 07:39:47.492119,0 days 00:00:06.654053,0.6562507751580706,0.8340504091693334,16,0.2008008661237555,0.02560012619797958,0.09493616186555448,0.057472815242624486,0.06012059665259147,0.011643662501226188,0.00023013658945536444,13,28,0.00524726755685871,0.25749944359514143,True,True,False,3.5122743968672355e-08,COMPLETE
1215,0.4830410599708558,2025-04-05 07:39:47.889996,2025-04-05 07:39:54.464142,0 days 00:00:06.574146,0.6658802499668336,0.8712478793534377,16,0.20605704082088283,0.03185372551898936,0.097652129177533,0.053414333339979046,0.05729314968143945,0.01341446452324494,0.000337571435597893,12,33,0.006916748012583137,0.25382021679797007,True,True,False,5.7804208427361116e-08,COMPLETE
1216,0.28504276871681217,2025-04-05 07:39:54.863753,2025-04-05 07:40:01.378609,0 days 00:00:06.514856,0.6533305288116451,0.8112718498570947,16,0.19451339887070637,0.037610609760174815,0.0933398383239796,0.05770086672604834,0.05908223491881936,0.015512898282351282,0.0004124058864186237,12,28,0.00896743536404812,0.24836231398451497,True,True,True,3.3689215040273946e-08,COMPLETE
1217,0.49343264102935797,2025-04-05 07:40:01.778732,2025-04-05 07:40:08.472422,0 days 00:00:06.693690,0.6712828156600362,0.8150717414658505,16,0.19948541481813903,0.03306820749785868,0.09577742136476003,0.05740803369400127,0.0607741623661042,0.009932075116880528,0.00028051203726465123,13,31,0.003433377113399288,0.2589553334827735,True,True,False,4.8506038039883046e-08,COMPLETE
1218,0.4870539784431458,2025-04-05 07:40:08.870715,2025-04-05 07:40:15.565374,0 days 00:00:06.694659,0.6906773388057769,0.8333988242269702,16,0.20093960187618704,0.025518611289913097,0.09526239938692671,0.05498222883166236,0.060924108928141055,0.011003856116198054,0.00033618416117363266,13,35,0.0030349905253689996,0.25734888724381183,True,True,False,7.02953791898541e-08,COMPLETE
1219,0.4804399132728577,2025-04-05 07:40:15.966632,2025-04-05 07:40:22.688486,0 days 00:00:06.721854,0.6888682828609214,0.8408273707548997,16,0.2092628159497506,0.022432476673862275,0.09487240100523413,0.05741557669218347,0.05747611099869023,0.00749026766478191,0.000460574374804658,13,39,0.002927469205441312,0.25932986869766744,True,True,False,9.096489705314144e-08,COMPLETE
1220,0.4820773243904114,2025-04-05 07:40:23.087106,2025-04-05 07:40:29.830422,0 days 00:00:06.743316,0.702871596614056,0.8634849097704733,16,0.19933954662492778,0.020697237149824636,0.09573886155127054,0.058219045608500025,0.06026571257180596,0.01002814726227207,0.00036824327532199695,13,35,0.0027946487618944393,0.2564560587718206,True,True,False,1.1841530944343428e-07,COMPLETE
1221,0.4772605299949646,2025-04-05 07:40:30.231149,2025-04-05 07:40:36.978413,0 days 00:00:06.747264,0.681584379699636,0.8518327257143056,16,0.21724329291960082,0.019547553727948197,0.09334657680660052,0.050874083007298565,0.056355088674690856,0.00928849313665214,0.0003397757535926024,13,43,0.004221897709961486,0.2641371946627582,True,True,False,6.501399705657273e-08,COMPLETE
1222,0.37766842842102055,2025-04-05 07:40:37.377784,2025-04-05 07:40:44.111190,0 days 00:00:06.733406,0.6994962867718091,0.8214981677764442,16,0.1965679804624227,0.030941374238122772,0.09734719553675403,0.0529556626863824,0.05856203924929003,0.0104221423077507,0.0006024191942264458,14,32,0.0012296516218668874,0.2529897701700194,True,True,False,8.18281752895485e-08,COMPLETE
1223,0.4817376017570496,2025-04-05 07:40:44.512217,2025-04-05 07:40:51.205815,0 days 00:00:06.693598,0.6918942472695032,0.8447728476073346,16,0.21361723491964857,0.01571167921634925,0.09562675690654575,0.05516171798054931,0.05967601795226094,0.008510341566471687,0.0004379605413133156,12,35,0.005156671610168981,0.24762077131812302,True,True,False,1.0088122893314426e-07,COMPLETE
1224,0.48228460550308233,2025-04-05 07:40:51.605894,2025-04-05 07:40:58.299303,0 days 00:00:06.693409,0.6888259737447514,0.8223348258989926,16,0.20550403565759767,0.025938726309282293,0.09321960491676418,0.05456087767218815,0.06134239698318994,0.012064605480231355,0.00030597537838154387,13,38,0.003599518602587961,0.2584520916217992,True,True,False,6.691560926704195e-08,COMPLETE
1225,0.49453837871551515,2025-04-05 07:40:58.701360,2025-04-05 07:41:05.282030,0 days 00:00:06.580670,0.684337947974837,0.8740567279381874,16,0.2024148379329267,0.025832193948428846,0.09797314367185607,0.05494424174985211,0.06112431146913756,0.010603325272337294,0.00038245458626785323,12,31,0.005585069723720109,0.2650897338112423,True,True,False,7.554646855221823e-08,COMPLETE
1226,0.3801822066307068,2025-04-05 07:41:05.683365,2025-04-05 07:41:12.436109,0 days 00:00:06.752744,0.691619265118078,0.8645306101384246,16,0.20137802017819928,0.02376707643571374,0.09782688866339752,0.05282819215785495,0.06094994691102189,0.01101121486425584,0.0005634019089091774,12,45,0.004659523287254526,0.26160359765759317,True,True,False,7.24514375829717e-08,COMPLETE
1227,0.4804399132728577,2025-04-05 07:41:12.838300,2025-04-05 07:41:19.487360,0 days 00:00:06.649060,0.6742349822908208,0.8848466380234722,16,0.2090216372107136,0.014448688015985929,0.09806343684149399,0.0544569021851998,0.05851414311626342,0.006962560042855736,0.0004950678930598771,12,51,0.002936892599845395,0.253460060120732,True,True,False,6.986568021486669e-08,COMPLETE
1228,0.4862836837768555,2025-04-05 07:41:19.885392,2025-04-05 07:41:26.597498,0 days 00:00:06.712106,0.7011661659339022,0.8438402779099062,16,0.201200020487497,0.02563044415220249,0.09604283032675855,0.049169347526005686,0.056701422899822586,0.010138178618362527,0.0004117433748029776,13,33,0.006096434573408791,0.26418447083162083,True,True,False,1.0010595649192036e-07,COMPLETE
1229,0.4804399132728577,2025-04-05 07:41:26.997776,2025-04-05 07:41:33.713666,0 days 00:00:06.715890,0.692577344639012,0.8946627729195862,16,0.1963265627895113,0.02085926684925659,0.09472455291874761,0.05581971945906719,0.06105562163637439,0.008560975684309878,0.00039973996517272346,12,57,0.006687723903831232,0.24580815963694852,True,True,False,9.401114601979801e-08,COMPLETE
1230,0.48326318264007573,2025-04-05 07:41:34.117352,2025-04-05 07:41:40.753954,0 days 00:00:06.636602,0.677200399844898,0.8853419589436486,16,0.20276256776485707,0.017202663147705275,0.09765422661524323,0.05143200940842214,0.061289458127441354,0.012728574766818662,0.0003659889306251804,12,31,0.002882295392386089,0.25571848622570553,True,True,False,5.819450818058839e-08,COMPLETE
1231,0.3610579311847687,2025-04-05 07:41:41.155959,2025-04-05 07:41:47.869606,0 days 00:00:06.713647,0.7170512691283363,0.9290897546429203,16,0.22591841196303084,0.02719173345828782,0.09793439672745057,0.05370425767303265,0.05940040766683479,0.009319910618276403,0.00046836615092753903,13,37,0.005250651777286032,0.25917467449673687,True,True,False,5.3638904206627405e-08,COMPLETE
1232,0.3149638295173645,2025-04-05 07:41:48.268173,2025-04-05 07:41:54.924861,0 days 00:00:06.656688,0.6776251206947946,0.8602573136113552,16,0.20808587149793062,0.030619342530523883,0.09606027917211077,0.0564522931246964,0.058592002610911756,0.013553038660162496,0.0005990944742832751,13,41,0.0072041504273589515,0.26459192787894775,True,True,False,5.464886610754818e-08,COMPLETE
1233,0.37272227406501773,2025-04-05 07:41:55.325418,2025-04-05 07:42:02.080309,0 days 00:00:06.754891,0.6656922273053218,0.8282233866127842,16,0.193946040332227,0.030415471680832137,0.09254439913921074,0.05695133636907652,0.05601268801212353,0.01249613612005506,0.00035052101989786234,14,34,0.00454195601881463,0.24616676112361865,True,True,False,8.066858269118292e-08,COMPLETE
1234,0.28504276871681217,2025-04-05 07:42:02.498756,2025-04-05 07:42:09.031232,0 days 00:00:06.532476,0.6773817827147246,0.8109956230160124,16,0.21443829889678714,0.03331266758682901,0.09498712084473726,0.05544416367198199,0.062012912527086454,0.01102656456750046,0.0003969050430783482,12,30,0.0011089358769724809,0.25201364871122245,True,True,False,6.063398326756461e-08,COMPLETE
1235,0.28504276871681217,2025-04-05 07:42:09.439861,2025-04-05 07:42:16.151360,0 days 00:00:06.711499,0.7056311319457741,0.9065980813210058,16,0.19079169322151182,0.015786974627740577,0.0981929276714591,0.059662666044337107,0.06009742761801534,0.014408823614887352,0.00030108731525366623,14,32,0.005802795842461156,0.2648267932069983,True,True,True,1.2464239506150866e-07,COMPLETE
1236,0.4411597967147827,2025-04-05 07:42:16.563089,2025-04-05 07:42:23.223638,0 days 00:00:06.660549,0.6680868915777535,0.8769210453569951,16,0.1982220200610288,0.024944676973638794,0.09416608623259681,0.05618591455428381,0.061895242684795536,0.00750196542590824,0.00044591276680211586,12,36,0.007810222198520604,0.2586875486981487,True,True,False,8.226960618596584e-08,COMPLETE
1237,0.3604129672050476,2025-04-05 07:42:23.633414,2025-04-05 07:42:30.753301,0 days 00:00:07.119887,0.6551321480456982,0.8496276703377426,16,0.20682261793466525,0.03352123102363486,0.09126214968311029,0.05838380523044611,0.05713798905425835,0.010873401516300705,0.0003385691996049885,13,30,0.0030157772776272154,0.24336712658784254,True,False,False,4.976619307120675e-08,COMPLETE
1238,0.4283584654331207,2025-04-05 07:42:31.160563,2025-04-05 07:42:37.826420,0 days 00:00:06.665857,0.664426189638644,0.9893524561267228,16,0.1901505306159111,0.027025498075772314,0.0959971959526795,0.05921827447764515,0.05881073679072571,0.01294984721780147,0.00029738630998474785,13,34,0.009376369207737016,0.2516491578832416,True,True,False,4.7416026749538774e-08,COMPLETE
1239,0.3091090798377991,2025-04-05 07:42:38.243302,2025-04-05 07:42:44.825730,0 days 00:00:06.582428,0.6662075970125311,0.909492232842897,16,0.1956680438326308,0.03456856784742229,0.09805065806347128,0.05252409968744451,0.061836280550411016,0.014622070677080696,0.000509144197976242,12,28,0.004801741858165332,0.2646285104827687,True,True,False,8.913919413694563e-08,COMPLETE
1240,0.4896687269210816,2025-04-05 07:42:45.233603,2025-04-05 07:42:51.891949,0 days 00:00:06.658346,0.6866603689755589,0.8019421899280369,16,0.18501827583479175,0.027401609860422328,0.09345766139497458,0.05558661733959324,0.06296064721367159,0.01629300968188677,0.00036618345882871565,12,31,0.0010658409902021921,0.2585396864165917,True,True,False,7.501947102944159e-08,COMPLETE
1241,0.4824374794960022,2025-04-05 07:42:52.299789,2025-04-05 07:42:59.038821,0 days 00:00:06.739032,0.7109713480245942,0.7996645686517949,16,0.18693307531323025,0.023175059157487903,0.09197596295357315,0.06018476116754836,0.0632973923193998,0.01761748479093701,0.0005197981806796945,14,34,0.0025133080167907716,0.25870112940278667,True,True,False,1.0835608439230334e-07,COMPLETE
