number,value,datetime_start,datetime_complete,duration,params_alpha-eval,params_alpha-train,params_batch-size,params_eps-eval,params_eps-train,params_lambda-actions-eval,params_lambda-actions-train,params_lambda-frames-eval,params_lambda-frames-train,params_learning-rate,params_n-epochs,params_n-frames,params_radius-gw,params_rho,params_std-feats,params_ub-actions,params_ub-frames,params_weight-decay,state
1979,0.2952384948730469,2025-04-05 09:13:45.427820,2025-04-05 09:13:51.888015,0 days 00:00:06.460195,0.8342018616588819,0.9615194910520288,16,0.08780347092902104,0.29184927933353033,0.08564459212288808,0.04356088251604191,0.030913256345572487,0.07665715598790557,6.4538370921228e-05,11,27,0.009359445008326051,0.1478984780378807,True,True,False,2.4106748745079296e-07,COMPLETE
1980,0.492701542377472,2025-04-05 09:13:52.530840,2025-04-05 09:13:58.931225,0 days 00:00:06.400385,0.7676349589439656,0.8911990569190698,16,0.15083246881025025,0.2520699681010787,0.09346925611518898,0.03064375547975296,0.02786116412507437,0.07993462093088599,2.053328864463781e-05,9,24,0.0028383864451093236,0.16831056342177161,True,True,False,1.5822129230809405e-07,COMPLETE
1981,0.4741483926773072,2025-04-05 09:13:59.598784,2025-04-05 09:14:06.017023,0 days 00:00:06.418239,0.8048411694499334,0.9780632834830338,16,0.0758438611669527,0.27979430485820744,0.0883197887192119,0.03901037092571628,0.0361438584552667,0.0845363861452824,4.692814599336663e-05,10,20,0.0047271943688599275,0.2043878015125024,True,True,False,1.1399933929333655e-07,COMPLETE
1982,0.32429049015045164,2025-04-05 09:14:06.687042,2025-04-05 09:14:18.438486,0 days 00:00:11.751444,0.7545875507454988,0.9283379518617733,2,0.13607918238249128,0.26741694607299454,0.09035729031127676,0.04854604717543951,0.03798557099358244,0.07564568084224518,3.317973710181052e-05,11,27,0.08112363776858102,0.1901384945898626,True,True,False,8.386974370606773e-08,COMPLETE
1983,0.4476851224899292,2025-04-05 09:14:19.086378,2025-04-05 09:14:25.535901,0 days 00:00:06.449523,0.7786944290739956,0.9443292764267097,16,0.10498016960667932,0.2736114886999063,0.08642764161179216,0.03635902802942329,0.028964029808436542,0.07360688346403135,3.805625041636292e-05,11,18,0.008340973813246479,0.19742316515225145,True,True,False,1.3218416656576473e-07,COMPLETE
1984,0.4657701849937439,2025-04-05 09:14:26.198891,2025-04-05 09:14:32.705162,0 days 00:00:06.506271,0.8596868274540449,0.9124673898593639,16,0.12775363729568695,0.2886928984877783,0.09145879676590231,0.040020552182321784,0.033155931724558205,0.07804560995477794,2.557518684849931e-05,10,24,0.011433075233297575,0.17882214601194393,True,True,False,3.5294481795253756e-07,COMPLETE
1985,0.48621845245361334,2025-04-05 09:14:33.377817,2025-04-05 09:14:39.827350,0 days 00:00:06.449533,0.8165538585839892,0.8709213255915542,16,0.15743375866894235,0.28063706114656456,0.08422666000414726,0.03459333953864659,0.025348398024454415,0.08125128351071398,1.7451638463554984e-05,10,22,0.007285019616869984,0.2095425363238811,True,True,False,1.8932381557684362e-07,COMPLETE
1986,0.4617711901664734,2025-04-05 09:14:40.471646,2025-04-05 09:14:46.775212,0 days 00:00:06.303566,0.7888241664837298,0.9515377737593078,16,0.1469949960939675,0.26639860712810887,0.08771121664444025,0.044135008500639436,0.04999034147221954,0.07203330628549863,3.0094653010831688e-05,9,16,0.009984413458854743,0.16398108452498816,True,True,False,1.6695579861129903e-07,COMPLETE
1987,0.36607186794281005,2025-04-05 09:14:47.443773,2025-04-05 09:14:53.918657,0 days 00:00:06.474884,0.7419620743773435,0.9011604411432965,16,0.15795624684266363,0.29458412994477806,0.09357930333903526,0.029157806151446367,0.03874234229601781,0.0804793430728456,5.040446841202399e-05,11,27,0.006269642986706767,0.18482488688730692,True,True,False,1.0385164643268294e-07,COMPLETE
1988,0.4961710572242737,2025-04-05 09:14:54.591317,2025-04-05 09:15:01.052341,0 days 00:00:06.461024,0.7927987672321646,0.9854828351921779,16,0.12056018966717057,0.2600177560806434,0.09037531902050903,0.032131626039336086,0.03030678275668773,0.08300420193596136,2.175694947764245e-05,10,21,0.012647903122603655,0.15646749828430398,True,True,False,2.456394925659054e-07,COMPLETE
1989,0.47843359708786015,2025-04-05 09:15:01.699750,2025-04-05 09:15:08.002933,0 days 00:00:06.303183,0.804722501103991,0.9864661425302033,16,0.12155329136913584,0.24622197367499546,0.08985114219934202,0.03096758250645017,0.027383176456043323,0.087882335073379,1.38824314900624e-05,9,15,0.012233893851060586,0.15746284203854205,True,True,False,3.535666069004909e-07,COMPLETE
1990,0.47843359708786015,2025-04-05 09:15:08.671104,2025-04-05 09:15:14.980247,0 days 00:00:06.309143,0.8305958670278982,0.9998496438246585,16,0.11327771627386343,0.2542007090223484,0.08885527273006505,0.03282140817384167,0.03056458752853941,0.08546980625709504,1.7654429730462685e-05,9,18,0.012526947549936055,0.1493054771477905,True,True,False,3.959077977204484e-07,COMPLETE
1991,0.4841321110725403,2025-04-05 09:15:15.658241,2025-04-05 09:15:22.029222,0 days 00:00:06.370981,0.780319822864353,0.9971810877580657,16,0.1199368842982791,0.26029440401740456,0.09162591291284009,0.03296672919862974,0.032832926504477326,0.08391585253424147,1.2307531404893145e-05,10,16,0.012962754676926012,0.17238988254132273,True,True,False,2.9800483722805496e-07,COMPLETE
1992,0.48527154922485355,2025-04-05 09:15:22.678202,2025-04-05 09:15:29.110316,0 days 00:00:06.432114,0.8005295605114555,0.9992314876820009,16,0.12521157712003253,0.2593214671917977,0.08951557406081208,0.03157494744851205,0.030171257733752364,0.08188410093002357,1.4804135762731328e-05,10,20,0.00449452914780274,0.13958333932318132,True,True,False,2.8117927202389505e-07,COMPLETE
1993,0.3632248342037201,2025-04-05 09:15:29.787180,2025-04-05 09:15:36.453145,0 days 00:00:06.665965,0.7763360381958228,0.9708912408568284,16,0.1140423721265062,0.2512880655475821,0.08693305215846814,0.03419441146858576,0.029670005573514978,0.08643878091216645,2.076345352223711e-05,9,18,0.013249432381358145,0.15209044271447444,True,False,False,2.479141161524698e-07,COMPLETE
1994,0.47773104906082153,2025-04-05 09:15:37.100046,2025-04-05 09:15:43.476565,0 days 00:00:06.376519,0.8156857068412569,0.9811241483446763,16,0.12896639992001913,0.2660175499653114,0.08412758863589033,0.02872518127653591,0.027362658676761575,0.08382706896154514,2.1338559392353505e-05,10,15,0.010383777997560774,0.15591889083798569,True,True,False,2.8385228051541225e-07,COMPLETE
1995,0.28504276871681217,2025-04-05 09:15:44.143884,2025-04-05 09:15:50.486433,0 days 00:00:06.342549,0.7526286192496556,0.9736954313220845,16,0.11725185520133341,0.25634548087787024,0.09148885083933961,0.03563160305436012,0.029025365024654966,0.08265877171637741,1.7234703911507575e-05,10,20,0.002851712089308722,0.16062767018084995,True,True,True,2.2424488264206903e-07,COMPLETE
1996,0.4931501388549805,2025-04-05 09:15:51.156623,2025-04-05 09:15:57.588059,0 days 00:00:06.431436,0.8510908954152021,0.9811419415106712,16,0.1333834628273835,0.2652226066303952,0.08788791044990814,0.030111828769474408,0.032737974330999293,0.08002126713620511,2.317879094214889e-05,10,21,0.008587879924759064,0.1535177796903202,True,True,False,2.274330304634016e-07,COMPLETE
1997,0.493358325958252,2025-04-05 09:15:58.235026,2025-04-05 09:16:04.536992,0 days 00:00:06.301966,0.7919035977964903,0.9624914599573561,16,0.1251649411725617,0.24839669296396896,0.09023884406699453,0.02674697921299843,0.031603144084012054,0.08322144083845354,1.984141381462744e-05,9,18,0.005808057401922422,0.14410616638326798,True,True,False,3.286759716408255e-07,COMPLETE
1998,0.372036749124527,2025-04-05 09:16:05.204609,2025-04-05 09:16:11.617049,0 days 00:00:06.412440,0.757387110240069,0.9818289413995103,16,0.1201650908285702,0.26137601340392536,0.08626425997242745,0.032739525389484325,0.02366737688073491,0.08452569360091472,0.0028935022096744298,10,21,0.0029372626142296658,0.16314137307511217,True,True,False,2.1171337663338778e-07,COMPLETE
1999,0.4939479470252991,2025-04-05 09:16:12.295321,2025-04-05 09:16:18.580698,0 days 00:00:06.285377,0.8300398221025954,0.9584668407781971,16,0.11150878202847891,0.2703197372898516,0.09184834763368811,0.03707984965888036,0.026409946069704607,0.0786151542123787,2.6533543070158567e-05,9,15,0.013128126046996525,0.17365530380860655,True,True,False,2.0656826062188136e-07,COMPLETE
