number,value,datetime_start,datetime_complete,duration,params_alpha-eval,params_alpha-train,params_batch-size,params_eps-eval,params_eps-train,params_lambda-actions-eval,params_lambda-actions-train,params_lambda-frames-eval,params_lambda-frames-train,params_learning-rate,params_n-epochs,params_n-frames,params_radius-gw,params_rho,params_std-feats,params_ub-actions,params_ub-frames,params_weight-decay,state
1130,0.44215454459190373,2025-04-05 07:29:23.766573,2025-04-05 07:29:30.287784,0 days 00:00:06.521211,0.5831698496769474,0.8099571368816467,16,0.1555636639753363,0.03259893469059555,0.09353772081254008,0.07224052701872827,0.06418683757189925,0.02570208739312974,0.00039843300616727113,12,28,0.004299629901649968,0.2363673553504933,True,True,False,1.5418881842815017e-08,COMPLETE
1131,0.4798292338848114,2025-04-05 07:29:30.664331,2025-04-05 07:29:37.241048,0 days 00:00:06.576717,0.6599438429681682,0.8015209544230694,16,0.16023867910491862,0.038045708177837846,0.0974351844845817,0.06565293168113465,0.06907034326825365,0.024535862861127068,0.0003020194139269507,12,31,0.005219477968727586,0.24430998721954017,True,True,False,2.1182471494204052e-08,COMPLETE
1132,0.4774863958358765,2025-04-05 07:29:37.611752,2025-04-05 07:29:44.188600,0 days 00:00:06.576848,0.6111273284508426,0.7959392695464318,16,0.16724379656139943,0.03364317165312655,0.09568506237503693,0.06185083088787476,0.07095481366662723,0.06297594003526763,0.0003682010221230112,12,28,0.0012794494572708334,0.2465461977587581,True,True,False,1.555334131597276e-08,COMPLETE
1133,0.4845623850822449,2025-04-05 07:29:44.557695,2025-04-05 07:29:51.154126,0 days 00:00:06.596431,0.6333039087761027,0.7697674977657267,16,0.18138313623997543,0.02485131010172534,0.09362041343825635,0.06731600546799422,0.06565700117888838,0.019848817277363647,0.000542974254858081,12,32,0.003915803731858554,0.21980256580365792,True,True,False,2.7943251461323923e-08,COMPLETE
1134,0.37766842842102055,2025-04-05 07:29:51.525954,2025-04-05 07:29:58.212850,0 days 00:00:06.686896,0.5990046318101351,0.7446933654420467,16,0.19121537586463477,0.03856936387814893,0.09801104115991913,0.06932614898797537,0.06855194599780264,0.022725809045370502,0.00044350922765661765,13,36,0.00495806458955753,0.23808953264035793,True,True,False,2.0554720495882784e-08,COMPLETE
1135,0.28504276871681217,2025-04-05 07:29:58.587703,2025-04-05 07:30:05.190907,0 days 00:00:06.603204,0.6177460640688154,0.7962936477484694,16,0.1747558138483884,0.0419911623312256,0.09704545244628239,0.07180116790135108,0.06712474001880084,0.025759190119226727,0.0003014747641432126,13,28,0.005692631345393868,0.2429887303150723,True,True,False,1.541098560119354e-08,COMPLETE
1136,0.48479902744293213,2025-04-05 07:30:05.562716,2025-04-05 07:30:12.160637,0 days 00:00:06.597921,0.5834187758702717,0.7587590063586835,16,0.16284509685519336,0.028622812430091602,0.09987006067358269,0.06292724911392972,0.06412077417371934,0.021255708192889446,0.0003216699617374395,12,35,0.009255056944041344,0.23080952881308606,True,True,False,2.2860399626778304e-08,COMPLETE
1137,0.290226012468338,2025-04-05 07:30:12.532668,2025-04-05 07:30:19.139468,0 days 00:00:06.606800,0.5837680285007639,0.7430207088335495,16,0.16257086249056546,0.03147332197041456,0.09999744803795632,0.05646601137970282,0.06347470548390174,0.01763237367454084,0.0002836975506544808,12,32,0.009077266104227868,0.24700234223977804,True,False,True,1.584197706348323e-08,COMPLETE
1138,0.3794824779033661,2025-04-05 07:30:19.514489,2025-04-05 07:30:26.128931,0 days 00:00:06.614442,0.5857665316504875,0.755585745953276,16,0.15580638998879776,0.04138793645940088,0.0957271367194715,0.058554138710129114,0.06409864142496448,0.021438374997940164,0.0003403400977015438,12,35,0.01043025113312108,0.2512714361045745,True,True,False,1.8672470100638738e-08,COMPLETE
1139,0.49634102582931516,2025-04-05 07:30:26.501046,2025-04-05 07:30:33.059609,0 days 00:00:06.558563,0.5768237933504223,0.7627814595930943,16,0.16260660737212512,0.03503190442288278,0.0936517875420736,0.05975598991566105,0.06203877211938852,0.01965427274470364,0.000263937246941502,12,31,0.008028118055712059,0.25748653983980374,True,True,False,3.6749635827824345e-08,COMPLETE
1140,0.3820062160491943,2025-04-05 07:30:33.431650,2025-04-05 07:30:40.045425,0 days 00:00:06.613775,0.578892530397825,0.7650489729472135,16,0.16383748551700308,0.03395846541767586,0.09314666932399554,0.0598608094971311,0.061694566975862744,0.01720104567971158,0.000280138745418484,12,36,0.008653402628386257,0.2570592776057347,True,True,False,3.583097632168533e-08,COMPLETE
1141,0.4804399132728577,2025-04-05 07:30:40.421473,2025-04-05 07:30:46.991711,0 days 00:00:06.570238,0.5839083635813306,0.7567545386308704,16,0.15077029099788383,0.02855965892969194,0.09354721349351358,0.06455591989369108,0.06126838434726507,0.018741455752265095,0.0002861480532200094,12,31,0.011095866722101336,0.2591891994314857,True,True,False,3.709595043808786e-08,COMPLETE
1142,0.47819210886955266,2025-04-05 07:30:47.367049,2025-04-05 07:30:53.993440,0 days 00:00:06.626391,0.5818356366410692,0.73712229749458,16,0.16088036650839246,0.036890833238430905,0.09508274701392885,0.06187990635952906,0.06234560877809053,0.01897295780022464,0.00034521731615620136,12,39,0.00781454661647291,0.25186196127277793,True,True,False,3.813184625069321e-08,COMPLETE
1143,0.4886602282524109,2025-04-05 07:30:54.370375,2025-04-05 07:31:00.934289,0 days 00:00:06.563914,0.6070684816062221,0.7772086468026494,16,0.16755136802409737,0.04056695026810138,0.09287809785894403,0.0640451110417263,0.06056504249788501,0.018068613433791042,0.0002668961431624305,12,32,0.009555865498376661,0.2585868047889115,True,True,False,3.208711182676366e-08,COMPLETE
1144,0.42372863292694096,2025-04-05 07:31:01.311130,2025-04-05 07:31:13.819473,0 days 00:00:12.508343,0.6067358157547086,0.7773514124719698,2,0.16692220031902463,0.03379238654335854,0.09465825476307195,0.06014313623266757,0.061048318520845676,0.01987585425087655,0.00029420927073953157,12,34,0.009545670085926454,0.2568371225137831,True,True,False,3.751282661039192e-08,COMPLETE
1145,0.49556831121444705,2025-04-05 07:31:14.198622,2025-04-05 07:31:20.822415,0 days 00:00:06.623793,0.6050679615968662,0.7900322729486162,16,0.1555898961450631,0.04191160264803815,0.09187944985777313,0.0614402559855355,0.060990768798035624,0.016684753838958045,0.0002725264154617025,12,33,0.006912415779416509,0.25030953436908143,True,True,False,3.740037823704585e-08,COMPLETE
1146,0.3761110007762909,2025-04-05 07:31:21.200725,2025-04-05 07:31:27.836893,0 days 00:00:06.636168,0.5999677196045989,0.8118935528419327,16,0.1560370595413642,0.032335796640922114,0.09292221747758958,0.05712356178046172,0.06151723113129885,0.02064145919506288,0.00033317390240145936,12,39,0.006921418233075569,0.25164649792314986,True,True,False,3.772953172521138e-08,COMPLETE
1147,0.4845555663108826,2025-04-05 07:31:28.222648,2025-04-05 07:31:34.827178,0 days 00:00:06.604530,0.6000001035101439,0.7873765988632363,16,0.1423863865703009,0.020676309443982615,0.09286810533819871,0.06289988957866154,0.059002771626613444,0.01593483030627788,0.00035625603164013615,12,35,0.007980843872992022,0.2415482264920661,True,True,False,3.616552066377916e-08,COMPLETE
1148,0.48249568939208987,2025-04-05 07:31:35.187450,2025-04-05 07:31:41.898932,0 days 00:00:06.711482,0.6005224085339059,0.7937667830256502,16,0.15296400355902393,0.039298509675500436,0.09298171246919057,0.06219779952270908,0.060232280349399404,0.015564323708954827,0.00028067423498781785,13,36,0.009548851201902072,0.24976035573048153,True,True,False,4.954598651127228e-08,COMPLETE
1149,0.48117346763610847,2025-04-05 07:31:42.273858,2025-04-05 07:31:48.848937,0 days 00:00:06.575079,0.5821419231918845,0.7791535419477003,16,0.16025157012175784,0.02819132504361751,0.09562106343039142,0.06044114689575759,0.0594667880211976,0.01572280778334548,0.00037990371393540636,12,33,0.011108057759709753,0.24605327318847695,True,True,False,4.311773610795366e-08,COMPLETE
1150,0.49397188425064087,2025-04-05 07:31:49.222753,2025-04-05 07:31:55.914283,0 days 00:00:06.691530,0.6079688410300605,0.824417451639555,16,0.16940106177006597,0.040297104237438874,0.09218458774644794,0.058844472825695375,0.05976653321066391,0.017135461017063723,0.0003115745825264178,13,32,0.006548356223288493,0.2600732663748065,True,True,False,3.997928067711725e-08,COMPLETE
1151,0.4935521364212036,2025-04-05 07:31:56.292767,2025-04-05 07:32:03.073502,0 days 00:00:06.780735,0.6126087825393294,0.8118772906942316,16,0.1735566025435848,0.0399396509196848,0.09174120632207827,0.05954548419259514,0.060000017663769986,0.017147441891490194,0.00027499913620207154,13,31,0.003855437198565584,0.2592930395507328,True,True,False,4.953254875375881e-08,COMPLETE
1152,0.44059247970581056,2025-04-05 07:32:03.447745,2025-04-05 07:32:10.061753,0 days 00:00:06.614008,0.616494337753182,0.8352299336247231,16,0.16865576276493294,0.039767513939678714,0.09151878759214328,0.05420351858781981,0.05922854619494007,0.016676520243959,0.00027161660040799787,13,32,0.003135104741327349,0.25650919919925036,True,True,False,6.020019930794803e-08,COMPLETE
1153,0.4545326352119446,2025-04-05 07:32:10.438379,2025-04-05 07:32:17.152032,0 days 00:00:06.713653,0.6165944441164299,0.8012673577169196,16,0.16936538841333088,0.040531521438462594,0.09239338168388092,0.05804876649232186,0.059737980522845166,0.013797549802064223,0.0002697407749605364,13,38,0.0025923851244391283,0.2554964392337767,True,True,False,4.4828168601821564e-08,COMPLETE
1154,0.48213790655136113,2025-04-05 07:32:17.529962,2025-04-05 07:32:24.308627,0 days 00:00:06.778665,0.5989650059813617,0.8225597421333524,16,0.17334441364166295,0.04205163160749414,0.09224393687425379,0.0547736113165271,0.058571062769205574,0.01841125683540486,0.0002871751360794126,14,31,0.004088520193704421,0.2610742205097015,True,True,False,4.5004740153311324e-08,COMPLETE
1155,0.4825031161308289,2025-04-05 07:32:24.687055,2025-04-05 07:32:31.355417,0 days 00:00:06.668362,0.61139809718612,0.7870496144680418,16,0.17136829236780285,0.03661055884965801,0.09224647501063202,0.05800546377609405,0.05886452774646328,0.015213457089414977,0.0002609378272206282,13,34,0.001610900636648982,0.26175296042761853,True,True,False,4.763665388020161e-08,COMPLETE
1156,0.28504276871681217,2025-04-05 07:32:31.734728,2025-04-05 07:32:38.329089,0 days 00:00:06.594361,0.6260126760310251,0.8234477659510745,16,0.16157578012378704,0.04156653529670523,0.09424250548301241,0.0593235080281321,0.059228765364794024,0.017158885911122287,0.0002729592478034492,13,30,0.005472889715441251,0.2539226788771963,True,False,True,4.372561101986986e-08,COMPLETE
1157,0.37839702963829047,2025-04-05 07:32:38.706511,2025-04-05 07:32:45.419757,0 days 00:00:06.713246,0.5954343887362096,0.8185676114844518,16,0.17709870875595976,0.03547727311791612,0.09364057234811776,0.06078005041805923,0.06023347817590734,0.017675275303588367,0.00026538263140340833,13,37,0.005697729345971547,0.25987493685800644,True,True,False,3.943358404852943e-08,COMPLETE
1158,0.4444908916950226,2025-04-05 07:32:45.796215,2025-04-05 07:32:52.399305,0 days 00:00:06.603090,0.6332664879056317,0.8219577749248065,16,0.16719782492636417,0.042476697534361965,0.09386098077007689,0.058046734419715584,0.0597050963904427,0.016222003089222725,0.0003223173368808601,12,31,0.0035821919795097712,0.25857097955750713,True,True,False,4.438608152157307e-08,COMPLETE
1159,0.40547840595245366,2025-04-05 07:32:52.781815,2025-04-05 07:32:59.547362,0 days 00:00:06.765547,0.578111663912221,0.8170660908914905,16,0.15456210661130845,0.04440572855888754,0.0917330485472392,0.061888481768653816,0.060276270827347,0.017247044867545823,0.00026130278531833227,14,34,0.008693175246670133,0.2602105385791156,True,True,False,5.356938788206308e-08,COMPLETE
1160,0.29806535840034487,2025-04-05 07:32:59.924468,2025-04-05 07:33:06.473824,0 days 00:00:06.549356,0.597053213241602,0.8268843376625122,16,0.14826369149658566,0.04189033643226155,0.09492086774626853,0.0602099298759202,0.06080878352315184,0.016929162259832545,0.0003863538271688153,12,29,0.006652883327134957,0.25102804964617,True,True,False,4.0972207279492015e-08,COMPLETE
1161,0.49175922870635985,2025-04-05 07:33:06.854203,2025-04-05 07:33:13.548779,0 days 00:00:06.694576,0.625009273273206,0.8106554262814288,16,0.1720695733050484,0.042999905824038134,0.09194567890984669,0.06186387372781599,0.0605022080952749,0.01352947428635635,0.0003121778606255654,13,32,0.0010969131143933625,0.26089748892380954,True,True,False,3.558218862297111e-08,COMPLETE
1162,0.3718425452709198,2025-04-05 07:33:13.926111,2025-04-05 07:33:20.652297,0 days 00:00:06.726186,0.6395972931595405,0.8431678678685893,16,0.1714900844527798,0.04328492454673684,0.09330640904624765,0.05682431621264639,0.06076127745225682,0.020606477634654487,0.00032171497946798525,13,38,0.0029170631321052687,0.2561075985187903,True,True,False,5.0649585624135126e-08,COMPLETE
1163,0.4875831961631775,2025-04-05 07:33:21.035196,2025-04-05 07:33:27.893340,0 days 00:00:06.858144,0.6187341740978074,0.8262612937733584,16,0.17747997364577917,0.03680727072772084,0.09224997110561899,0.060846922022128,0.06176342678578569,0.013698408631391787,0.0003888243199903599,14,33,0.001791511214857276,0.2608922444703977,True,True,False,6.806039996517921e-08,COMPLETE
1164,0.36559218168258667,2025-04-05 07:33:28.273082,2025-04-05 07:33:34.972220,0 days 00:00:06.699138,0.6335308404911401,0.8338982134887796,16,0.1796352080893749,0.03581023526330443,0.09147305088129148,0.05863104672688361,0.0608957331863137,0.011135006988593973,0.0004374340784692024,13,37,0.004769258312539873,0.26015244170059376,True,True,False,5.250528503955119e-08,COMPLETE
1165,0.2856870472431183,2025-04-05 07:33:35.354785,2025-04-05 07:33:48.812100,0 days 00:00:13.457315,0.6508598429574626,0.8150895116999938,2,0.17397898115038737,0.03590846859955808,0.09203584414802181,0.061475981221484545,0.05889862795208346,0.014300110323120003,0.0003688615830933989,14,40,0.0013330869013683682,0.25215897599168896,True,True,False,7.084511475604447e-08,COMPLETE
1166,0.45264034867286684,2025-04-05 07:33:49.193182,2025-04-05 07:33:55.893345,0 days 00:00:06.700163,0.6165289638255907,0.8544085638691121,16,0.16503145714554096,0.030913581230598498,0.09471988645467878,0.0599945619068179,0.057858705817953,0.014112145270214925,0.00040573845194775016,13,34,0.004193341715598451,0.2605727506341927,True,True,False,6.857604045110167e-08,COMPLETE
1167,0.48358087539672856,2025-04-05 07:33:56.277600,2025-04-05 07:34:03.050905,0 days 00:00:06.773305,0.6207623617029651,0.8449788408243697,16,0.17773817991971522,0.04145666204091232,0.09610887135182355,0.05568518264732545,0.061774148439049686,0.01353805577076379,0.0005011598142905719,14,36,0.0032549337611973267,0.2517634929133054,True,True,False,7.072291238323596e-08,COMPLETE
1168,0.37682912945747377,2025-04-05 07:34:03.438025,2025-04-05 07:34:10.308004,0 days 00:00:06.869979,0.6445864978326374,0.8255098016272603,16,0.17224895062571371,0.03754710270054683,0.09200573929503444,0.05984271046643179,0.060674617440630484,0.014822984103668559,0.00038569651378941167,14,35,0.0017257167046645819,0.2566892179151721,True,True,False,5.1611954415524345e-08,COMPLETE
1169,0.3699037432670594,2025-04-05 07:34:10.691610,2025-04-05 07:34:17.391020,0 days 00:00:06.699410,0.6277752766815127,0.8084034435419591,16,0.15979279706149455,0.04198236119656504,0.09509890064934501,0.06150283810899613,0.06158321805092659,0.015662527223064562,0.0003157732891462412,13,33,0.0013613736908520161,0.26201780910597827,True,True,False,5.458590109748342e-08,COMPLETE
1170,0.3462201654911042,2025-04-05 07:34:17.780021,2025-04-05 07:34:24.587971,0 days 00:00:06.807950,0.6626863618043735,0.8636118174105032,16,0.16646074035566266,0.038692515760459165,0.09320416963177691,0.064393821636331,0.05788440974393859,0.012628023371981068,0.00032463394078763313,14,39,0.00136036386775029,0.25010819961949576,True,True,False,6.787215069905841e-08,COMPLETE
1171,0.48028414249420165,2025-04-05 07:34:24.971434,2025-04-05 07:34:31.693030,0 days 00:00:06.721596,0.6077798696132051,0.8102954202201732,16,0.1786141076060241,0.031234672335473387,0.09629316686095095,0.06298215597138346,0.061945202641711355,0.01504344059298332,0.00041368396660970805,13,32,0.004523632536839897,0.26197320017631653,True,True,False,3.9915109849690065e-08,COMPLETE
1172,0.4696879863739014,2025-04-05 07:34:32.078502,2025-04-05 07:34:38.872440,0 days 00:00:06.793938,0.6260609341846092,0.8359352939668817,16,0.16945974956469537,0.03256161300343713,0.09735320623757084,0.06259017848001208,0.0597652600164515,0.010735515463305244,0.0002674385535408433,13,32,0.002699341983298023,0.25528014399317317,True,True,False,6.125866420125829e-08,COMPLETE
1173,0.3778451681137085,2025-04-05 07:34:39.254417,2025-04-05 07:34:45.808409,0 days 00:00:06.553992,0.6077243157318477,0.8284360132653941,16,0.16024374804159439,0.04319760621262449,0.09387831155987297,0.05923389559407767,0.06172849268521245,0.013041753641644763,0.00030953078914412296,12,36,0.005922455243410576,0.2610688329147523,True,True,False,8.959715228902789e-08,COMPLETE
1174,0.28504276871681217,2025-04-05 07:34:46.196672,2025-04-05 07:34:52.916474,0 days 00:00:06.719802,0.6481529518371892,0.8080232581894996,16,0.1743402444118361,0.04342324541137754,0.09144450474809576,0.06301729509987408,0.05966088191296891,0.016108090864570664,0.0004772293355610859,13,41,0.0011799038241325664,0.24629930742148548,True,True,False,4.42206200004235e-08,COMPLETE
1175,0.37456481456756596,2025-04-05 07:34:53.301374,2025-04-05 07:35:00.549485,0 days 00:00:07.248111,0.6321576121926434,0.8057441488761427,16,0.15505778569664688,0.027326998349600284,0.09610000901429587,0.05262225824545463,0.06254446641146522,0.011618069085816755,0.00026466770479670494,14,32,0.001025448071113432,0.2544979395675586,True,False,False,4.0340312508036786e-08,COMPLETE
1176,0.28504276871681217,2025-04-05 07:35:00.937856,2025-04-05 07:35:07.548190,0 days 00:00:06.610334,0.6033386136127776,0.8114784086634598,16,0.1651611673399213,0.03706989806400361,0.0977143606999127,0.05818813342141689,0.0581923846924709,0.01878168163425662,0.0003614463111986508,13,30,0.0036394329223200335,0.2574903387548268,True,True,True,9.317269827960108e-08,COMPLETE
1177,0.44170892834663394,2025-04-05 07:35:07.935553,2025-04-05 07:35:14.563492,0 days 00:00:06.627939,0.616309743475313,0.8442648688926615,16,0.1806457831172557,0.04384440222367386,0.09426099645090125,0.0631157010116874,0.06275523593110677,0.01623684410290208,0.00031506772212183096,12,34,0.005541865297914707,0.24925051736147918,True,True,False,3.771172475210802e-08,COMPLETE
1178,0.4662047863006592,2025-04-05 07:35:14.952833,2025-04-05 07:35:21.512500,0 days 00:00:06.559667,0.5940505343414335,0.7893562819124669,16,0.1704769693104778,0.03519149351495698,0.09165472051583679,0.061392875387586886,0.06034328985995728,0.017386861480257955,0.0002577423151207618,12,30,0.0032008746270270703,0.2619755485906905,True,True,False,4.207437980312882e-08,COMPLETE
1179,0.3656417965888977,2025-04-05 07:35:21.900051,2025-04-05 07:35:28.555941,0 days 00:00:06.655890,0.6573707330702461,0.8010932810512162,16,0.1446341085677481,0.030095105783609417,0.09735846188530241,0.0563891121668429,0.06297197576870835,0.014693746563714968,0.00040859248127189104,13,37,0.006142764490914467,0.24871837725543006,True,True,False,5.845946351685209e-08,COMPLETE
1180,0.48730963468551636,2025-04-05 07:35:28.945891,2025-04-05 07:35:35.525802,0 days 00:00:06.579911,0.6333881691975372,0.8280759948151998,16,0.1758396416565256,0.044247124874519525,0.09508894512591737,0.0646601010526061,0.06201987744337784,0.017840635923566932,0.0003116395521840493,12,33,0.0042527831680372755,0.26256106739848345,True,True,False,6.716194853173713e-08,COMPLETE
1181,0.48336693048477175,2025-04-05 07:35:35.910589,2025-04-05 07:35:42.541354,0 days 00:00:06.630765,0.6643928789663188,0.8371489758258489,16,0.1782777404623005,0.023513955778173307,0.09449438792998503,0.06395842030778548,0.058804928739219595,0.014655198059706696,0.0002576839744800231,12,41,0.00496892388548011,0.2602651903204413,True,True,False,4.165498657996873e-08,COMPLETE
1182,0.3761110007762909,2025-04-05 07:35:42.931119,2025-04-05 07:35:49.490392,0 days 00:00:06.559273,0.6406598280195974,0.8564228516182276,16,0.17322194024230092,0.04359079018149672,0.09254179260122983,0.06510283360683312,0.05752650342263337,0.017664394051965765,0.0002846968498556333,12,36,0.004229553048308627,0.2533832372775145,True,True,False,8.291915154820229e-08,COMPLETE
1183,0.37272227406501773,2025-04-05 07:35:49.877577,2025-04-05 07:35:56.578642,0 days 00:00:06.701065,0.6415488319961088,0.8637895940522982,16,0.16556665636695828,0.03697109035333402,0.09790692954414881,0.06089743893352114,0.061093340155175715,0.01836744046448274,0.00025860911791695065,13,33,0.0026328337554355234,0.2619203460386494,True,True,False,1.1808590298471669e-07,COMPLETE
1184,0.42508526444435124,2025-04-05 07:35:56.967324,2025-04-05 07:36:03.578191,0 days 00:00:06.610867,0.6189707820683341,0.8216562250148772,16,0.1830083409093625,0.034414357119524175,0.091152025695377,0.06454362486260708,0.060046865806681046,0.017563972836088917,0.00036372679307080643,12,34,0.006203595059226773,0.2498683299216394,True,True,False,4.574733222834738e-08,COMPLETE
1185,0.33258389234542846,2025-04-05 07:36:03.967386,2025-04-05 07:36:16.540467,0 days 00:00:12.573081,0.6678504240220089,0.8798530521075992,2,0.1602122780331688,0.04395363811073413,0.09425776093681157,0.06147570830070149,0.0623358540512165,0.01303504646735269,0.00030793459543606525,12,39,0.003776968416545766,0.244641824644003,True,True,False,9.321765822224719e-08,COMPLETE
