number,value,datetime_start,datetime_complete,duration,params_alpha-eval,params_alpha-train,params_batch-size,params_eps-eval,params_eps-train,params_lambda-actions-eval,params_lambda-actions-train,params_lambda-frames-eval,params_lambda-frames-train,params_learning-rate,params_n-epochs,params_n-frames,params_radius-gw,params_rho,params_std-feats,params_ub-actions,params_ub-frames,params_weight-decay,state
279,0.4335680484771729,2025-04-24 16:38:42.187853,2025-04-24 16:39:07.709085,0 days 00:00:25.521232,0.3736751502017872,0.43821006696869186,2,0.013353218202883092,0.045389044310954085,0.09211340522760114,0.029370166595871165,0.07521308200774271,0.01190531491739014,1.9600988931101616e-05,28,109,0.0063080175368842644,0.09388906420459667,True,False,False,5.952650551206394e-05,COMPLETE
280,0.41130049228668214,2025-04-24 16:39:07.796493,2025-04-24 16:39:33.467771,0 days 00:00:25.671278,0.4379563386029212,0.4183479345910492,2,0.0064518705170835315,0.058859363657427,0.09194341215265715,0.02925013750877482,0.07418423392818387,0.04575371139883243,1.6614189583314092e-05,28,101,0.009315323861284058,0.09268617581071151,True,False,False,5.7015871448136494e-05,COMPLETE
281,0.4263580262660981,2025-04-24 16:39:33.556612,2025-04-24 16:39:59.229404,0 days 00:00:25.672792,0.3734939872970989,0.4463881907672328,2,0.014170717521465101,0.05305749715211218,0.09541331084005293,0.03165190913060684,0.0714204548773465,0.011794990657318783,2.0919593747422543e-05,28,98,0.0063034010312543074,0.09032175630533101,True,False,False,4.939327720065188e-05,COMPLETE
282,0.28504276871681217,2025-04-24 16:39:59.317975,2025-04-24 16:40:25.691312,0 days 00:00:26.373337,0.40976911712654085,0.44048159606828785,2,0.00019878594562533383,0.04617155657488419,0.09229485579362125,0.029586307302725393,0.0768855113518197,0.013147052939304146,1.4038650628399259e-05,29,112,0.006486092148459695,0.09742997111014799,True,False,False,8.885387335079598e-05,COMPLETE
283,0.3665843009948731,2025-04-24 16:40:25.779822,2025-04-24 16:40:49.277805,0 days 00:00:23.497983,0.3887835638520855,0.47621048948729533,2,0.007659220817091918,0.04717650872226505,0.09684884900354843,0.026141184784588677,0.07495498829015611,0.007060506223128361,3.091531596148688e-05,29,101,0.009131416444617117,0.0940492382059713,True,True,False,6.390315200953842e-05,COMPLETE
284,0.42250015735626223,2025-04-24 16:40:49.374564,2025-04-24 16:41:15.121860,0 days 00:00:25.747296,0.3536311485840022,0.4169998402944451,2,0.03478741889476312,0.055641178760581333,0.003320173282650246,0.04112447368689242,0.07262542635889332,0.01035691802862774,1.843561997275941e-05,28,109,0.010673555488362019,0.10264587032574406,True,False,False,4.4840135605481404e-05,COMPLETE
285,0.4038080155849457,2025-04-24 16:41:15.211049,2025-04-24 16:41:41.499525,0 days 00:00:26.288476,0.37030855449202443,0.4668409838706167,2,0.020965236967423466,0.06732598586108597,0.05262331054457656,0.027984892459646703,0.07095664021955947,0.003184690449729119,2.64648820834081e-05,29,102,0.004747960000081791,0.11999934635503999,True,False,False,7.472127192974141e-05,COMPLETE
286,0.28769474625587466,2025-04-24 16:41:41.587915,2025-04-24 16:42:05.047647,0 days 00:00:23.459732,0.3440003913644346,0.49594036720323215,2,0.2903490220400357,0.04365828713834981,0.09170262456142773,0.03220433134511753,0.07969868937006519,0.006721894270000565,1.9893961146899003e-05,29,119,0.006693346046039042,0.0897209919522405,True,False,True,9.694749330533735e-05,COMPLETE
287,0.402509754896164,2025-04-24 16:42:05.137713,2025-04-24 16:42:20.905625,0 days 00:00:15.767912,0.4161236519291345,0.4349738177992802,2,0.2839526581773637,0.044994458969638065,0.09367123130543144,0.03755632073659964,0.07342180505050024,0.012134064979789584,3.339903326634482e-05,13,97,0.004747171098908657,0.23478343012709213,True,False,False,5.3702769193708736e-05,COMPLETE
288,0.41656769514083863,2025-04-24 16:42:21.005221,2025-04-24 16:42:48.050067,0 days 00:00:27.044846,0.3847748558348818,0.4580406928595657,2,0.29348591599944185,0.05063869019087861,0.09549042832039538,0.030499841675884272,0.07745628737310105,0.008757901823611903,2.636552562357298e-05,30,95,0.012475936343186604,0.11075338801959031,True,False,False,1.9157633035859832e-05,COMPLETE
289,0.36829665899276737,2025-04-24 16:42:48.139446,2025-04-24 16:43:15.324798,0 days 00:00:27.185352,0.301555593734542,0.4144068644803487,2,0.2881415547784573,0.03005576586880626,0.09782519537189845,0.024545381542181128,0.07096082569360652,0.002370760315182587,0.021302749519483848,30,107,0.008088177202981259,0.10553522086739209,True,False,False,6.310514767633152e-05,COMPLETE
290,0.3894440114498139,2025-04-24 16:43:15.417049,2025-04-24 16:43:41.796201,0 days 00:00:26.379152,0.3589259540506938,0.44291270895136525,2,0.16472793370297006,0.040127429052408306,0.09156807568787538,0.03901679767743562,0.0752766171094301,0.014618153576640786,0.009970385913006655,29,98,0.0040042852080187045,0.1152519327778805,True,False,False,3.909596700014344e-05,COMPLETE
291,0.36467936635017395,2025-04-24 16:43:41.889860,2025-04-24 16:44:07.564106,0 days 00:00:25.674246,0.3194734212722873,0.4878728701125813,2,0.28075417427457894,0.058941063597241834,0.03132195363098532,0.028057519484018866,0.06924572740448118,0.0010148249830783033,2.4073559483200543e-05,28,102,0.0061560489833816625,0.1655571126558141,True,False,False,0.00010557065937791075,COMPLETE
292,0.41935610175132754,2025-04-24 16:44:07.654907,2025-04-24 16:44:34.310222,0 days 00:00:26.655315,0.3454787762256453,0.39907902086944325,2,0.14802357461387095,0.13604058283747542,0.09440085793547198,0.03345568279390346,0.0726572721318473,0.010420800583575869,3.0415898895876397e-05,30,99,0.010617842427885165,0.12071858863722694,True,False,False,7.993049712065797e-05,COMPLETE
293,0.35881794691085817,2025-04-24 16:44:34.411852,2025-04-24 16:45:01.012585,0 days 00:00:26.600733,0.37014647408607454,0.4643000158883965,2,0.29458940748286644,0.17542325130139727,0.0903966727660149,0.03597509466413529,0.07401999053210366,0.006207861313618374,2.056076512623541e-05,29,110,0.0037814410120712116,0.09785636386740515,True,False,False,4.704764832286041e-05,COMPLETE
294,0.41670712232589724,2025-04-24 16:45:01.103107,2025-04-24 16:45:15.523659,0 days 00:00:14.420552,0.3985868031241803,0.5152255358647827,2,0.2898013942465899,0.03766986435826175,0.09724858215261047,0.03131332223434355,0.039179346338346605,0.004127726103671635,1.619193543180551e-05,11,95,0.006319759362233174,0.10872633278714057,True,False,False,6.011369150172649e-05,COMPLETE
295,0.4205217003822327,2025-04-24 16:45:15.615386,2025-04-24 16:45:42.648878,0 days 00:00:27.033492,0.3408337848464472,0.4265963773498356,2,0.2994259100368323,0.04970605856058784,0.09279304525776187,0.03412649416849046,0.06942306912859093,0.03958532915991748,2.5781942023288554e-05,30,107,0.0035959942620455714,0.13966319342827282,True,False,False,3.4560366513901485e-05,COMPLETE
296,0.3576911985874176,2025-04-24 16:45:42.740433,2025-04-24 16:46:08.895807,0 days 00:00:26.155374,0.3167875127190509,0.8179190141816954,2,0.28476883259582186,0.04366606850568912,0.0952695163296479,0.02875948181842325,0.0714328054371177,0.008322480788418778,3.455478056357885e-05,29,101,0.008170627220193925,0.12433291392575423,True,False,False,7.844704302351891e-05,COMPLETE
297,0.4234604895114899,2025-04-24 16:46:08.987942,2025-04-24 16:46:35.655494,0 days 00:00:26.667552,0.36208543619314504,0.4532926652671954,2,0.009969138830486132,0.05506785775134289,0.09801662311251148,0.032102303467535925,0.07684332709884492,0.005225234513438419,2.268604585637341e-05,30,93,0.005328983370754769,0.1486129945810261,True,False,False,0.00010496298385951511,COMPLETE
298,0.39042915701866154,2025-04-24 16:46:35.760036,2025-04-24 16:47:02.822125,0 days 00:00:27.062089,0.29554974086612684,0.4984930111882715,2,0.2937144693717686,0.029868272867593578,0.0916505220178228,0.02449567176084081,0.06490747511714684,0.012341967207724184,2.8839618874114857e-05,30,99,0.05138236108666889,0.29120170186366845,True,False,False,4.317119778757399e-05,COMPLETE
299,0.4259750783443451,2025-04-24 16:47:02.917213,2025-04-24 16:47:29.308339,0 days 00:00:26.391126,0.32958939794070036,0.385831219769812,2,0.27750850501308444,0.0381698071930994,0.09421245419275555,0.03751732627791337,0.07233992318695869,0.007953394204698667,4.293026166240177e-05,29,103,0.00327297649364729,0.10085705397734956,True,False,False,5.901985500323234e-05,COMPLETE
300,0.42052932977676394,2025-04-24 16:47:29.401575,2025-04-24 16:47:55.053551,0 days 00:00:25.651976,0.3845804434259404,0.3108597284051123,2,0.29416168496075823,0.06181333310752444,0.09593360254489855,0.030046609953558172,0.06890413396111975,0.010062478772281863,2.0540219451593226e-05,28,95,0.008047494446634662,0.1154985524507256,True,False,False,0.00011360768410044124,COMPLETE
301,0.42506389617919926,2025-04-24 16:47:55.146341,2025-04-24 16:48:22.229067,0 days 00:00:27.082726,0.35224384175941004,0.42622281165348536,2,0.2877357214248335,0.044658150897073604,0.09104019545781282,0.04076021420033544,0.07515700007959251,0.0062638730122186875,3.5146662486933596e-05,30,107,0.0031614477297143206,0.09484870352145122,True,False,False,8.20012103870457e-05,COMPLETE
302,0.4130787253379822,2025-04-24 16:48:22.322402,2025-04-24 16:48:48.933279,0 days 00:00:26.610877,0.36943887226215333,0.47884824109096163,2,0.2951842890902506,0.05007048932540494,0.09351324298792933,0.03582004656199801,0.07031295475600151,0.0032523121703183252,2.6103302872470658e-05,29,113,0.00560613342752491,0.1286484199390657,True,False,False,2.6770221152016685e-05,COMPLETE
303,0.33661237955093387,2025-04-24 16:48:49.036767,2025-04-24 16:49:12.779924,0 days 00:00:23.743157,0.33998867222558443,0.40398893678284287,2,0.2831520919888801,0.035556434209011556,0.04748855194401807,0.02692331424110753,0.04674058782208737,0.0140844314825458,0.04998794324302377,30,97,0.009953970799320299,0.08892890506589693,True,True,False,5.0719077723523527e-05,COMPLETE
304,0.3602361917495728,2025-04-24 16:49:12.873030,2025-04-24 16:49:27.691850,0 days 00:00:14.818820,0.3158934446225582,0.4405982094353669,2,0.2998759120232835,0.11574891169066212,0.09655087518637116,0.03378571392567893,0.07858523965321572,0.004847937493297029,1.797661441913352e-05,12,89,0.007038766596903562,0.10830072125727866,True,False,False,3.5054380763726355e-05,COMPLETE
305,0.3598888874053955,2025-04-24 16:49:27.789041,2025-04-24 16:49:54.467169,0 days 00:00:26.678128,0.8200285215945269,0.524216786374214,2,0.08664982281656523,0.16851045106721693,0.058796393471785405,0.03883055884043914,0.07364410411085252,0.009164850019213307,1.2445033784563252e-05,29,118,0.0044367460355999,0.20909734124092083,True,False,False,7.340673481256254e-05,COMPLETE
306,0.2849113941192627,2025-04-24 16:49:54.563255,2025-04-24 16:50:18.209282,0 days 00:00:23.646027,0.39835384477032015,0.35673954165519484,2,0.2919749845394783,0.05428474651916759,0.09835277688782373,0.07613118424079066,0.06752669594478516,0.011505056252358287,3.061161170151196e-05,30,102,0.001063009007666114,0.11968169757564609,True,False,True,0.0001559574315075283,COMPLETE
307,0.4253518164157868,2025-04-24 16:50:18.313833,2025-04-24 16:50:43.696351,0 days 00:00:25.382518,0.4232671870866644,0.4138712526764718,2,0.288576096406432,0.04395132740479039,0.09040112853562993,0.023327638795759467,0.0715080662280568,0.007022744356955955,2.289509549099143e-05,28,93,0.0029068972833586333,0.10502622983768937,True,False,False,0.00010999799200510528,COMPLETE
308,0.3608060240745544,2025-04-24 16:50:43.791227,2025-04-24 16:51:11.594028,0 days 00:00:27.802801,0.35503795402635274,0.46577808952606625,2,0.2800058462032605,0.18190351944955718,0.09382211405816591,0.031892791569794195,0.06889806591848462,0.0026636082820445427,1.596020212293821e-05,30,138,0.005233522864141293,0.1124962734373232,True,False,False,6.219398390959146e-05,COMPLETE
309,0.42045062184333803,2025-04-24 16:51:11.688650,2025-04-24 16:51:38.005605,0 days 00:00:26.316955,0.2960906706654672,0.43427858422740023,2,0.29944716623837114,0.03020059728632633,0.09600836230556287,0.03647407593370028,0.07559394740928786,0.005044007899421885,2.6789721596415745e-05,29,99,0.009134785820075101,0.12391908269170554,True,False,False,4.267301212058225e-05,COMPLETE
310,0.42845527529716493,2025-04-24 16:51:38.101283,2025-04-24 16:52:05.111654,0 days 00:00:27.010371,0.3324346905532834,0.4971918076861205,2,0.29109185623551687,0.03615960806782077,0.09256491176249786,0.02998322854737212,0.06370609244151994,0.008098794985138463,3.602767928149613e-05,30,106,0.006860644005869583,0.10243670882614599,True,False,False,2.0224814567291475e-05,COMPLETE
311,0.4328634917736054,2025-04-24 16:52:05.207377,2025-04-24 16:52:31.268488,0 days 00:00:26.061111,0.38436915472745137,0.45443423961356877,2,0.2863164613174696,0.050194747538931384,0.09049395519154492,0.03416922481168916,0.07291123202650955,0.01500913206187551,4.463320452513354e-05,29,92,0.0029149889050065036,0.11541170705281749,True,False,False,9.339226118384016e-05,COMPLETE
312,0.36060997247695925,2025-04-24 16:52:31.374469,2025-04-24 16:52:56.717833,0 days 00:00:25.343364,0.38376266549423826,0.4818075956037092,2,0.1560483990847535,0.0641344045413308,0.09005678146843203,0.034637218495144666,0.07344697713317042,0.015026035161762808,4.656617198017037e-05,28,86,0.003192771582899772,0.18101834806761508,True,False,False,9.246664998664886e-05,COMPLETE
313,0.28504276871681217,2025-04-24 16:52:56.813995,2025-04-24 16:53:07.046754,0 days 00:00:10.232759,0.3211185929964024,0.27325797352986153,2,0.0015508649471764778,0.04223046548310103,0.09093758873068368,0.037176949215486754,0.07197196475014142,0.0030628851782040826,0.0012770448870236546,5,91,0.0010253621340890863,0.1301884058500651,True,False,False,0.00011641878119229288,COMPLETE
314,0.3883322358131409,2025-04-24 16:53:07.147249,2025-04-24 16:53:33.560659,0 days 00:00:26.413410,0.4085188837377662,0.45638804966601404,2,0.2847950727606368,0.055572723953364545,0.08924396696059317,0.04244339449513402,0.07614504439298497,0.006601482674925459,4.123460038473968e-05,29,103,0.002926554389633669,0.11665598643477712,True,False,False,0.0001522171389275522,COMPLETE
315,0.4331995010375977,2025-04-24 16:53:33.657608,2025-04-24 16:53:45.178975,0 days 00:00:11.521367,0.4383068325267778,0.5069558943215906,2,0.019191805902314125,0.04993912055518333,0.01754490344722639,0.032601728528148285,0.07060938629607848,0.015258750254875973,3.098525517740977e-05,7,88,0.011759665894080297,0.12231280948457093,True,False,False,8.032612303421201e-05,COMPLETE
316,0.4048062384128571,2025-04-24 16:53:45.290081,2025-04-24 16:54:11.721327,0 days 00:00:26.431246,0.45203000181425207,0.5084150540787604,2,0.010947847917242754,0.051400468216040475,0.019285526164644098,0.03300552135198411,0.07416265968232154,0.0010324621912357473,3.334042880322217e-05,29,110,0.009751040188852603,0.12264260432326433,True,False,False,8.208434533663134e-05,COMPLETE
317,0.40349069237709045,2025-04-24 16:54:11.818814,2025-04-24 16:54:22.747048,0 days 00:00:10.928234,0.41758214052033843,0.46962906245818276,2,0.02004097896975479,0.058657089190663536,0.01575410032711396,0.03509649120557029,0.07098728352362657,0.012105577328520623,0.0016472363402652256,6,93,0.0128967796240185,0.13684386435430154,True,False,False,7.247713010547166e-05,COMPLETE
318,0.42465769648551943,2025-04-24 16:54:22.846425,2025-04-24 16:54:48.618891,0 days 00:00:25.772466,0.43419148836728205,0.4526060551691148,2,0.03006403858699795,0.046603340295709894,0.03305495698967628,0.033673009418238,0.07840280983967671,0.004928798760521715,1.9807656962951225e-05,28,100,0.010992620230962478,0.11576579409625005,True,False,False,6.11397558912732e-05,COMPLETE
319,0.39191423058509833,2025-04-24 16:54:48.718244,2025-04-24 16:55:14.651090,0 days 00:00:25.932846,0.3902195026007215,0.4854832701587819,2,0.0061152341698272085,0.05141040102045514,0.0138071689099774,0.03893348534166559,0.07287310860222652,0.013444728119691409,3.100918753640257e-05,29,96,0.011744574971116844,0.12670454823134752,True,False,False,9.455844475345349e-05,COMPLETE
320,0.3574302434921265,2025-04-24 16:55:14.759889,2025-04-24 16:55:27.142296,0 days 00:00:12.382407,0.3714435471514785,0.436228588818005,2,0.1396764287208094,0.07638974078100232,0.022085061707050255,0.03580367089893959,0.07053792590829551,0.008076109241869758,4.499686549109131e-05,8,91,0.008139040888270303,0.11273064890732062,True,False,False,5.2097981140619805e-05,COMPLETE
321,0.4266798496246338,2025-04-24 16:55:27.243678,2025-04-24 16:55:53.899217,0 days 00:00:26.655539,0.48144283307394803,0.5048127108535171,2,0.2786045648463414,0.04277504945128907,0.02629949489682143,0.03761038163916897,0.07451251307806953,0.0037122863659279194,3.6948048343553274e-05,29,106,0.007064221810102982,0.14397950335102458,True,False,False,0.00011802819452751854,COMPLETE
322,0.3015019118785858,2025-04-24 16:55:53.999298,2025-04-24 16:56:18.038383,0 days 00:00:24.039085,0.35154231448323586,0.4695689513959587,2,0.025357334425991723,0.07026488710898404,0.018927380231139768,0.03247445220045591,0.07646667111298422,0.009786720248759206,2.328575758573915e-05,30,109,0.0045253536479239855,0.12089644738279573,True,True,False,8.2417461645667e-05,COMPLETE
323,0.3797215223312378,2025-04-24 16:56:18.136897,2025-04-24 16:56:29.829481,0 days 00:00:11.692584,0.3089618572154452,0.4446736381889015,2,0.014878731314911842,0.2968758618975235,0.09294928845588644,0.0410557638647169,0.08099207002978591,0.006717039713659556,2.9920131212703542e-05,7,102,0.00517591421022057,0.13018313853267888,True,False,False,6.48581421952414e-05,COMPLETE
324,0.3758313894271851,2025-04-24 16:56:29.929056,2025-04-24 16:56:43.023690,0 days 00:00:13.094634,0.37935608018224365,0.5264690298074184,2,0.2948905945365884,0.04845615025643579,0.09447589123956164,0.03437743630465506,0.07209706688141786,0.015637754843733934,1.8375310219412376e-05,9,98,0.008777323183825556,0.11131418851959236,True,False,False,9.835091581766537e-05,COMPLETE
325,0.2870555937290192,2025-04-24 16:56:43.132701,2025-04-24 16:57:05.770252,0 days 00:00:22.637551,0.33702555922894223,0.4217828114735914,2,0.29973646741467563,0.03923277720432639,0.09839345162138113,0.03176262075967466,0.0698510260950591,0.009998614679296983,2.2307982086276395e-05,28,94,0.006798549618978883,0.1183751973160365,True,False,True,4.6365536746205005e-05,COMPLETE
326,0.4314158976078034,2025-04-24 16:57:05.869749,2025-04-24 16:57:32.100587,0 days 00:00:26.230838,0.4004761893838227,0.38617801635861476,2,0.11039349427827466,0.05791837589777184,0.09198642667999031,0.036547762202876394,0.07376513983666641,0.0050339078255908516,2.8290718944018043e-05,29,89,0.0030895172806068194,0.12588342598315316,True,False,False,0.00013861132950699303,COMPLETE
327,0.39228410720825196,2025-04-24 16:57:32.201578,2025-04-24 16:57:56.877939,0 days 00:00:24.676361,0.4082043373697927,0.38216851017145625,2,0.28630530546433,0.062313610788224665,0.09288605282062508,0.03887524028503222,0.07495649919527517,0.003036105304029537,3.5870620589716674e-05,27,85,0.004379961033895412,0.2994341018453304,True,False,False,6.80270779602498e-05,COMPLETE
328,0.4161200940608979,2025-04-24 16:57:56.980480,2025-04-24 16:58:22.251948,0 days 00:00:25.271468,0.39158547333589544,0.389469110380062,2,0.0944604436090351,0.0554107705000996,0.0055389268499568475,0.036258702736448614,0.07730393801814474,0.004487527633797185,1.3768380050495563e-05,28,89,0.011050196709945274,0.13459729580387483,True,False,False,3.082356745553874e-05,COMPLETE
329,0.41489720344543457,2025-04-24 16:58:22.365275,2025-04-24 16:58:48.513828,0 days 00:00:26.148553,0.42356547791346555,0.35629583508525,2,0.13004951505823592,0.06507005352762685,0.09457371915905485,0.04003437452009439,0.07283004928405393,0.005585998076015392,2.936762004636898e-05,29,87,0.008036041836649029,0.12570019357259357,True,False,False,5.3751913737159376e-05,COMPLETE
330,0.4428500235080719,2025-04-24 16:58:48.615628,2025-04-24 16:59:14.654754,0 days 00:00:26.039126,0.3996762495861059,0.4076444663927346,2,0.04874938204287002,0.0567367039323125,0.09102314746735582,0.03726173741612354,0.07933172447052446,0.013248864885852515,4.285186808844531e-05,29,91,0.005982117913638097,0.12288619461193595,True,False,False,0.00014230866495818298,COMPLETE
331,0.41108344793319707,2025-04-24 16:59:14.757030,2025-04-24 16:59:26.391893,0 days 00:00:11.634863,0.40532479332589993,0.4021787978911398,2,0.10684531057371358,0.05714098748307415,0.09161205041403879,0.0369756130010738,0.08035133033568816,0.014439803456593953,4.504796390953312e-05,7,92,0.009422336914099933,0.130699402907938,True,False,False,7.739433826089069e-05,COMPLETE
332,0.42455604672431946,2025-04-24 16:59:26.496086,2025-04-24 16:59:40.091267,0 days 00:00:13.595181,0.39857169919617214,0.4253275939056218,2,0.07080137680272917,0.05972653325419313,0.09545497392539963,0.037895601050252074,0.07853774857571766,0.042894984464663194,3.961323505032871e-05,10,90,0.013030505611076625,0.12314928609800611,True,False,False,0.00013826971718531805,COMPLETE
333,0.4239129364490509,2025-04-24 16:59:40.203989,2025-04-24 17:00:05.644570,0 days 00:00:25.440581,0.43463379996239654,0.39786021560414253,2,0.03849935266469063,0.051248061260025096,0.09803984662675275,0.03481701971805951,0.06881174515141389,0.0020904693124399586,3.5058788260152235e-05,28,86,0.006437928577300176,0.13375706298652415,True,False,False,0.00010559515886825404,COMPLETE
334,0.4321110308170319,2025-04-24 17:00:05.747544,2025-04-24 17:00:31.724864,0 days 00:00:25.977320,0.46244849787126646,0.3257420555736968,2,0.019782329134862903,0.06981171123580378,0.09310664497026938,0.040048467999580895,0.07110276473991389,0.012616593135641343,4.8109130764600506e-05,29,84,0.006313651339114904,0.11938542403622533,True,False,False,4.285281910088882e-05,COMPLETE
