number,value,datetime_start,datetime_complete,duration,params_alpha-eval,params_alpha-train,params_batch-size,params_eps-eval,params_eps-train,params_lambda-actions-eval,params_lambda-actions-train,params_lambda-frames-eval,params_lambda-frames-train,params_learning-rate,params_n-epochs,params_n-frames,params_radius-gw,params_rho,params_std-feats,params_ub-actions,params_ub-frames,params_weight-decay,state
734,0.48539477586746216,2025-04-05 06:43:40.849798,2025-04-05 06:43:46.916265,0 days 00:00:06.066467,0.572447155638563,0.7082683129371556,16,0.03293303576745596,0.058232201222104964,0.08113369827480539,0.07667567439478311,0.06927225020753838,0.03145821799815795,0.00023109218039043492,8,14,0.025548217666558112,0.2942131716576062,False,True,False,1.0002145680305749e-08,COMPLETE
735,0.28504276871681217,2025-04-05 06:43:47.162655,2025-04-05 06:43:53.236872,0 days 00:00:06.074217,0.5706786945183361,0.7162086530061555,16,0.03886796835878416,0.051852755629245684,0.080322242739692,0.08005340769168544,0.06991683351754098,0.02945637864527133,0.00024879611924448497,8,13,0.0264602797724148,0.29096258634959016,False,True,True,1.005180611214e-08,COMPLETE
736,0.3837014019489289,2025-04-05 06:43:53.466136,2025-04-05 06:44:03.661388,0 days 00:00:10.195252,0.5685220131223759,0.7040636671781717,2,0.03835452204868873,0.05694754696298686,0.08121927970145777,0.07891893531650737,0.06800533845645566,0.031892519741060985,0.00022571750233674428,8,14,0.025114733045390362,0.2903433561986347,False,True,False,1.2062451583789678e-08,COMPLETE
737,0.48536479473114014,2025-04-05 06:44:03.911463,2025-04-05 06:44:09.988907,0 days 00:00:06.077444,0.5528331035553758,0.7137647993738956,16,0.03165484003795531,0.05921707652162149,0.08197149233994713,0.08092248858049683,0.07165471258659593,0.031375426876766574,0.000225678385885079,8,15,0.028346542001202138,0.2999369923162842,False,True,False,1.0006213539759158e-08,COMPLETE
738,0.38039952516555786,2025-04-05 06:44:10.221914,2025-04-05 06:44:16.334566,0 days 00:00:06.112652,0.5672722962301111,0.7132378405729641,16,0.031791645761415493,0.06240565485172842,0.027029348903685954,0.0750955155281747,0.07239374305627548,0.03366971887896715,0.00024385023702915403,8,13,0.027815317049257014,0.2886267387655263,False,True,False,1.0227735492002769e-08,COMPLETE
739,0.4758681952953339,2025-04-05 06:44:16.592141,2025-04-05 06:44:22.703706,0 days 00:00:06.111565,0.54570961025156,0.7214482645245966,16,0.03623450410275326,0.05913229317962613,0.07867429219150876,0.08066663854462013,0.07085957913425929,0.02888533868534948,0.00023558255168982836,8,14,0.02761566085836168,0.2999384097030308,False,True,False,1.2171854849816502e-08,COMPLETE
740,0.32643126845359804,2025-04-05 06:44:22.950590,2025-04-05 06:44:29.078533,0 days 00:00:06.127943,0.5464785479788153,0.6999212758066276,16,0.03201037588906213,0.051235800655470204,0.07840775377141133,0.07766956630101558,0.06925745974811942,0.033967820706930094,0.00017153337586300348,8,14,0.02894903659292521,0.2939923980912773,False,True,False,1.2289878391012256e-08,COMPLETE
741,0.36845363974571227,2025-04-05 06:44:29.316825,2025-04-05 06:44:35.418886,0 days 00:00:06.102061,0.5740601051601902,0.7261681517976843,16,0.03975580541147634,0.059344663274374584,0.08050462126364467,0.07704713757684442,0.0671276617875948,0.030977830597618577,0.00023021091819901203,8,13,0.026188572002709416,0.28876086810200874,False,True,False,1.0023903993000019e-08,COMPLETE
742,0.3725230813026429,2025-04-05 06:44:35.668195,2025-04-05 06:44:41.759698,0 days 00:00:06.091503,0.5434573914048291,0.6907111118511426,16,0.03349228448129159,0.05200178132456923,0.08220465916639232,0.08183568442550586,0.0681839646331707,0.02886104578521665,0.00019590001707221836,8,16,0.024875907562449832,0.29409059816396765,False,True,False,1.0001373924378606e-08,COMPLETE
743,0.4769817173480988,2025-04-05 06:44:41.995380,2025-04-05 06:44:48.170439,0 days 00:00:06.175059,0.5774626093825161,0.6646349884107254,16,0.039327168782882185,0.06189071291283392,0.07728944998945923,0.0782801113845386,0.06968272617952842,0.03257202162378817,0.0001567032811110631,8,16,0.023119088196541307,0.28835799446763544,False,True,False,1.4800399825367128e-08,COMPLETE
744,0.36377654075622556,2025-04-05 06:44:48.417105,2025-04-05 06:44:54.637639,0 days 00:00:06.220534,0.5435303209325509,0.721807264541637,16,0.03053480022584345,0.060548987415535015,0.08190190725635811,0.07393643887450799,0.07135355847648872,0.03416336797369181,0.0001897786857713658,9,14,0.028716831526767315,0.2942737072781043,True,True,False,1.4837122051869896e-08,COMPLETE
745,0.4683531284332276,2025-04-05 06:44:54.888174,2025-04-05 06:45:00.982790,0 days 00:00:06.094616,0.5558127045301221,0.670212421985683,16,0.02966175602225605,0.05201713074450641,0.08008182352249311,0.08138273673542666,0.06655730701690885,0.031228253952490993,0.00014532961966118814,8,16,0.024221547977963324,0.2999730595924809,False,True,False,1.0068225162621038e-08,COMPLETE
746,0.3728249311447144,2025-04-05 06:45:01.218265,2025-04-05 06:45:07.378142,0 days 00:00:06.159877,0.5352068469469478,0.7074511303012772,16,0.03365008866104655,0.06478811309468158,0.08320345126690207,0.07695906556372868,0.06673167839983866,0.02898480149598025,0.00023650846991255388,9,17,0.02600352619182097,0.28763244143945993,False,True,False,1.3247074334014846e-08,COMPLETE
747,0.46660541296005253,2025-04-05 06:45:07.636547,2025-04-05 06:45:13.734133,0 days 00:00:06.097586,0.5735591958133325,0.6411264580957926,16,0.02847146846047354,0.05812116484831112,0.07910005376987822,0.0817915598874023,0.06858879970771696,0.03502847426468412,0.00017550516206052243,8,13,0.02364568722454481,0.2946461443928256,False,True,False,1.6026634667436443e-08,COMPLETE
748,0.4326613605022431,2025-04-05 06:45:13.969795,2025-04-05 06:45:20.145395,0 days 00:00:06.175600,0.525815509955409,0.6879346006263312,16,0.03956310854596643,0.056456616513963574,0.07672118355682396,0.08308917128343105,0.07238512974173812,0.03199509307412432,0.00013673922348637763,9,18,0.026028677056043857,0.28689789671472554,False,True,False,1.2378557267527507e-08,COMPLETE
749,0.48460922241210935,2025-04-05 06:45:20.394646,2025-04-05 06:45:26.575049,0 days 00:00:06.180403,0.5591819834425066,0.6691886074696797,16,0.02807083127833591,0.06482156592309647,0.08149752865620837,0.0782031216967218,0.06576584462591364,0.03496688605989154,0.0001672658148382683,9,14,0.022229717389405598,0.2940567645704437,False,True,False,1.605973440456544e-08,COMPLETE
750,0.48221710920333866,2025-04-05 06:45:26.825496,2025-04-05 06:45:33.012065,0 days 00:00:06.186569,0.5732578446669913,0.6464856188350763,16,0.03438595175400484,0.06303694574573054,0.0817365220113248,0.07804572346329013,0.07067986198725712,0.03499988585000033,0.0002438074405398456,9,14,0.02248413142991486,0.2999475024963352,False,True,False,1.0053076094152996e-08,COMPLETE
751,0.44987224340438847,2025-04-05 06:45:33.249319,2025-04-05 06:45:39.540455,0 days 00:00:06.291136,0.5630901223111638,0.6664963393663714,16,0.026143051041149334,0.06668326156607189,0.07970385878338244,0.07620099238547319,0.0690362393828661,0.03313178854997702,0.00017095294693451595,9,17,0.022545642470312613,0.2944487559856004,False,True,False,1.6652872836947034e-08,COMPLETE
752,0.3881002187728882,2025-04-05 06:45:39.790385,2025-04-05 06:45:46.297129,0 days 00:00:06.506744,0.5517775642164292,0.6706841001025998,16,0.02877304352182436,0.06530176638970084,0.08266333277254741,0.07980072376211567,0.06599317324141267,0.03526749692727868,0.00023125765237901017,8,18,0.023909791137100844,0.2998279567102355,False,False,False,1.0018283466620907e-08,COMPLETE
753,0.28504276871681217,2025-04-05 06:45:46.535347,2025-04-05 06:45:52.727116,0 days 00:00:06.191769,0.574753757633831,0.6516805092190632,16,0.03722351072174538,0.06512269214701333,0.08391859221935735,0.07958987806935547,0.0696930856164095,0.030494214862230536,0.00020126956096798884,9,14,0.02203811155243323,0.2896918358704866,False,True,True,1.3158675493151057e-08,COMPLETE
754,0.47836093306541444,2025-04-05 06:45:52.978132,2025-04-05 06:45:59.112006,0 days 00:00:06.133874,0.5419558203242415,0.6888350464308208,16,0.027807131661574447,0.05915321998779427,0.08144378795265701,0.08061970000473744,0.07423353887129355,0.032864116628509084,0.00016244338870360827,8,17,0.020830808225734583,0.28536500891966565,False,True,False,1.7109300431222516e-08,COMPLETE
755,0.28504276871681217,2025-04-05 06:45:59.364036,2025-04-05 06:46:05.614669,0 days 00:00:06.250633,0.5584478822587874,0.6351055427449585,16,0.04237450605490639,0.06583161056460499,0.07826740913055097,0.07811452018643347,0.06578787567263478,0.034962336105212044,0.0001974653239217077,9,81,0.0236153080238785,0.2945309301366452,False,True,False,1.429155042771865e-08,COMPLETE
756,0.4798187851905823,2025-04-05 06:46:05.853966,2025-04-05 06:46:11.990495,0 days 00:00:06.136529,0.5361883732066239,0.6709774123437643,16,0.032610195261807196,0.05833971017534311,0.0809819305813165,0.07008076544266134,0.0675797638481611,0.031743509205399895,0.0001388073085642107,8,13,0.021390407692435318,0.29427852280732353,False,True,False,1.2269807594816077e-08,COMPLETE
757,0.48296942710876467,2025-04-05 06:46:12.242940,2025-04-05 06:46:18.449880,0 days 00:00:06.206940,0.5710668732076983,0.6344927759036342,16,0.026608305262934208,0.06480234490197213,0.0801172450430037,0.08222106338199389,0.07097747328310886,0.02877587790014237,0.0001654415843881778,9,19,0.025692017357175297,0.28493906214491893,False,True,False,1.7057305847982868e-08,COMPLETE
758,0.4825213074684144,2025-04-05 06:46:18.702881,2025-04-05 06:46:24.825106,0 days 00:00:06.122225,0.5833335994064038,0.6340622641044019,16,0.02283791348310117,0.06382843896281593,0.07712383562493971,0.0817635261897787,0.07205862121043122,0.0300808867728344,0.00015254358920789045,8,19,0.02670753572980738,0.28336240520071865,False,True,False,1.7111796745393367e-08,COMPLETE
759,0.4829082846641541,2025-04-05 06:46:25.067745,2025-04-05 06:46:31.191199,0 days 00:00:06.123454,0.5914092362968572,0.6391794590592353,16,0.025093453717638717,0.06817500569839592,0.07650070853307474,0.07382248791014732,0.07059095348091828,0.028318505804862663,0.0001448391310067629,8,20,0.028221224650827444,0.28313025757637755,False,True,False,1.8171607836176952e-08,COMPLETE
760,0.28504276871681217,2025-04-05 06:46:31.442679,2025-04-05 06:46:37.672390,0 days 00:00:06.229711,0.5918626236770733,0.6333708113251354,16,0.024137750582858317,0.07062794996857032,0.07612472480433537,0.0748829500180406,0.07465344693720992,0.029376732981156634,0.000138208029551531,8,134,0.0283981925166235,0.2824126843887181,False,True,False,1.8098869428509336e-08,COMPLETE
761,0.47857115864753724,2025-04-05 06:46:37.917318,2025-04-05 06:46:44.034432,0 days 00:00:06.117114,0.5817552462628417,0.6263203511203005,16,0.02699016199763562,0.06720824960743335,0.07779890477807654,0.07601428297094828,0.0705090884903736,0.027814334669356133,0.00013337217443025714,8,20,0.028945528368391357,0.2825493309852142,False,True,False,1.6496407683532267e-08,COMPLETE
762,0.3864465534687042,2025-04-05 06:46:44.287270,2025-04-05 06:46:50.385152,0 days 00:00:06.097882,0.6040868395019783,0.6431824043619074,16,0.0329830878893443,0.06845128486818237,0.07546303277745857,0.07791927052523785,0.07262440423597227,0.02820667164019176,0.00013250217784960112,8,20,0.028836450827726495,0.275036637302037,False,True,False,1.8148691864402102e-08,COMPLETE
763,0.3679875135421753,2025-04-05 06:46:50.640921,2025-04-05 06:46:56.759516,0 days 00:00:06.118595,0.591740122348138,0.6961915723855641,16,0.036613955330203944,0.06715626630156252,0.07945225430690166,0.07879587382561377,0.07264505054461237,0.027916288149276117,0.0001620708684794204,8,13,0.02578994930250937,0.2848854237404821,True,True,False,1.2163481066433705e-08,COMPLETE
764,0.28504276871681217,2025-04-05 06:46:57.002312,2025-04-05 06:47:03.209258,0 days 00:00:06.206946,0.5816773498402125,0.6271297309912339,16,0.024806801309826265,0.06323759704185547,0.07698819087773165,0.07128802285181249,0.0701218684982591,0.035262357196171885,0.0001526344637525756,9,69,0.02746402626571439,0.2797154383720061,False,True,False,1.8384347786307573e-08,COMPLETE
765,0.3740693449974061,2025-04-05 06:47:03.462935,2025-04-05 06:47:09.632526,0 days 00:00:06.169591,0.5711134869597699,0.6487710066467917,16,0.02584819850758629,0.0705825076411258,0.07816020318402138,0.07387083206871763,0.06903871506943403,0.028993371649882867,0.00012868151085208967,9,20,0.025379778558608405,0.2855430410617434,False,True,False,1.4904827974744735e-08,COMPLETE
766,0.46750938296318056,2025-04-05 06:47:09.872779,2025-04-05 06:47:21.098404,0 days 00:00:11.225625,0.5629450768426841,0.6815222781118602,2,0.028279246732609266,0.06283554482481803,0.0798265598669351,0.07339297388625825,0.07151289204778,0.03327028063607505,0.00016925742276834615,10,16,0.028034892694421276,0.27250854538815084,False,True,False,1.003790402787574e-08,COMPLETE
767,0.28901349306106566,2025-04-05 06:47:21.352667,2025-04-05 06:47:27.413912,0 days 00:00:06.061245,0.9732708952194119,0.6982240150631933,16,0.04070377323092527,0.07087570427838445,0.07544514665244474,0.08033158086334925,0.06837294811668906,0.030828145569207457,0.0001256933926718056,8,18,0.020198854642115925,0.2874408974066779,False,True,False,1.2369729109747338e-08,COMPLETE
768,0.4604236125946045,2025-04-05 06:47:27.670596,2025-04-05 06:47:33.782666,0 days 00:00:06.112070,0.6028380856802659,0.650458723260268,16,0.03477729242629924,0.055641479884993655,0.08008064168082953,0.08255935467533522,0.07299105238383177,0.03601970548083466,0.00015461673204542902,8,14,0.024696166259050203,0.2804519012274149,False,True,False,1.6955743808070193e-08,COMPLETE
769,0.4818549871444703,2025-04-05 06:47:34.028423,2025-04-05 06:47:40.297588,0 days 00:00:06.269165,0.5632929831446186,0.623622413780112,16,0.021778374810769968,0.06613940320340655,0.07806377265314865,0.07691289365213207,0.07021461867239685,0.0279873763829119,0.00017230553552764554,9,22,0.021226580735531887,0.288104533083293,False,True,False,1.2160667014047954e-08,COMPLETE
770,0.3772569358348846,2025-04-05 06:47:40.553671,2025-04-05 06:47:47.206211,0 days 00:00:06.652540,0.5794779375368667,0.7114673516671185,16,0.030083175429445188,0.060027894227824036,0.08035811367458566,0.0788111671546197,0.06629540476491586,0.03395874184253643,0.00012600129623765383,10,20,0.02622265192312212,0.27013894699585467,False,False,False,1.6713718957179763e-06,COMPLETE
771,0.3686205744743347,2025-04-05 06:47:47.470820,2025-04-05 06:47:53.596498,0 days 00:00:06.125678,0.5574066759091263,0.681159315481524,16,0.024057147422500764,0.07128323305703262,0.08146964543496618,0.08120652103953221,0.06800081708218154,0.030619643010822605,0.00021644031461773893,8,16,0.029234159086297114,0.2887551155056596,False,True,False,3.0630481866526305e-05,COMPLETE
772,0.28504276871681217,2025-04-05 06:47:53.841109,2025-04-05 06:48:00.059012,0 days 00:00:06.217903,0.5268335008612397,0.6529178244243357,16,0.021702435107525387,0.052957350002614,0.08461986498420929,0.08295390619823723,0.06731841178632189,0.03624316094190903,0.00012765137035742233,9,13,0.020227052127847596,0.28136124997080975,False,True,True,1.424475202945493e-08,COMPLETE
773,0.338888955116272,2025-04-05 06:48:00.315774,2025-04-05 06:48:06.597936,0 days 00:00:06.282162,0.5776177306985668,0.7210919018689134,16,0.04034201588781336,0.0650572828064629,0.07511009127145334,0.07580673343228649,0.07412609047280727,0.03328826816793615,0.000263523042821375,10,22,0.024753038383234886,0.2899304413194656,False,True,False,1.0036455525358879e-08,COMPLETE
774,0.38890851736068727,2025-04-05 06:48:06.842683,2025-04-05 06:48:12.909198,0 days 00:00:06.066515,0.549016417637538,0.6178261239068722,16,0.021539132926253615,0.05966569743782365,0.07970635326851633,0.07962582464179986,0.07014392678971507,0.029482208265073112,0.011753713858299503,8,18,0.02171321381591557,0.28415878325098337,False,True,False,1.9079938945254616e-08,COMPLETE
775,0.36048694252967833,2025-04-05 06:48:13.166770,2025-04-05 06:48:19.306564,0 days 00:00:06.139794,0.6047457138334605,0.6743130410779496,16,0.02877043937817772,0.07216533507407014,0.08222209415287654,0.08116188960487833,0.06549604029565241,0.034329095017597046,0.00015458526834721418,9,16,0.027503690469721995,0.2769946479510521,False,True,False,1.8390270288217034e-08,COMPLETE
776,0.306270444393158,2025-04-05 06:48:19.567716,2025-04-05 06:48:25.681510,0 days 00:00:06.113794,0.5528221266885742,0.7040105738075959,16,0.0367691550101265,0.15743849181679204,0.07742813163154355,0.08324534720119862,0.07120104173218181,0.03029555455536726,0.00019396583481734694,8,13,0.023890002780203506,0.29029448688119097,False,True,False,1.47707460855871e-08,COMPLETE
777,0.481954288482666,2025-04-05 06:48:25.928878,2025-04-05 06:48:32.232772,0 days 00:00:06.303894,0.5196658659855545,0.640838592257299,16,0.03330686390106467,0.06637823644905218,0.08548071555330133,0.072816784398189,0.06863271587161111,0.03249311557278878,0.00011891289282088755,10,20,0.020311319436552143,0.29137698854424193,False,True,False,1.2199341622945984e-08,COMPLETE
778,0.4614894032478333,2025-04-05 06:48:32.492164,2025-04-05 06:48:38.724344,0 days 00:00:06.232180,0.5723734550742031,0.7364738718089338,16,0.021431895785704057,0.053110740619760136,0.08153084643288727,0.08349988737757388,0.06548792349529826,0.02849623101823346,0.0001447551067301509,9,23,0.025487961643217358,0.2843174456900775,False,True,False,1.8646322601672623e-08,COMPLETE
779,0.47996824979782104,2025-04-05 06:48:38.990503,2025-04-05 06:48:45.090370,0 days 00:00:06.099867,0.5245835439626174,0.6587101260208954,16,0.02730036059010285,0.06072437699456759,0.07901547410448041,0.07764401216539381,0.06773913263315168,0.035371687033889515,0.00016006312424150215,8,12,0.022578512959855534,0.2772293774860318,False,True,False,1.2388905893166008e-08,COMPLETE
780,0.47882722616195683,2025-04-05 06:48:45.336601,2025-04-05 06:48:51.520584,0 days 00:00:06.183983,0.5919061864112866,0.6816637029621285,16,0.02006085178751756,0.07430169236060954,0.08387244828780323,0.08113049093876239,0.07159724863222704,0.03660923986093414,0.00020171920433146594,9,16,0.029003785339367805,0.2912382696503959,False,True,False,1.0112575411396078e-08,COMPLETE
781,0.44189172983169556,2025-04-05 06:48:51.780918,2025-04-05 06:48:58.105809,0 days 00:00:06.324891,0.5440217370980851,0.6229237716686875,16,0.029859135510655263,0.06906203030945551,0.08682496272189366,0.08367811679360579,0.06512954751371766,0.030957615718659768,0.00011430081839843446,10,19,0.01974668989599501,0.2826660832320777,False,True,False,1.5393800870408063e-08,COMPLETE
782,0.4784299433231354,2025-04-05 06:48:58.367788,2025-04-05 06:49:04.392545,0 days 00:00:06.024757,0.5211126952589101,0.6971626110349383,16,0.02128873870283421,0.050001326608621034,0.07639030840452544,0.04616132345663645,0.06691216673098019,0.02789614593707973,0.00017865394838098347,7,22,0.02250495053910859,0.2929555036236039,False,True,False,1.5038758971917303e-08,COMPLETE
783,0.36323360800743104,2025-04-05 06:49:04.643859,2025-04-05 06:49:10.717260,0 days 00:00:06.073401,0.5649106084220265,0.6379523235026343,16,0.03428569702194884,0.05666164297048365,0.08295292233939539,0.07858245714862001,0.06895480224595973,0.03292174225716252,0.00025296024858452784,8,15,0.025960505855546132,0.28558942270955484,True,True,False,1.008105297885429e-08,COMPLETE
784,0.431437486410141,2025-04-05 06:49:10.977092,2025-04-05 06:49:17.187585,0 days 00:00:06.210493,0.5363643308037422,0.7309861494813495,16,0.18200778248562674,0.06422742614991284,0.08066595278610768,0.0843755016211319,0.06507367162704905,0.036861500926505114,0.00012995521525067035,9,19,0.024271799368313283,0.27168150697986465,False,True,False,1.9612012179920645e-08,COMPLETE
785,0.46874705553054813,2025-04-05 06:49:17.449396,2025-04-05 06:49:23.533371,0 days 00:00:06.083975,0.5564469449551243,0.6657518045231041,16,0.04086400353396294,0.07386441599278509,0.08552576766003575,0.08222286605827853,0.0758439937588456,0.03046305675379203,0.0001493129186896994,8,12,0.02770169127802115,0.2945164392033431,False,True,False,1.4529714397554568e-08,COMPLETE
786,0.46302617192268375,2025-04-05 06:49:23.780473,2025-04-05 06:49:34.497430,0 days 00:00:10.716957,0.5155996714705593,0.6904107537390151,2,0.026242464392451932,0.060780655954391125,0.07789235549245256,0.08076194512640043,0.0689977178809236,0.03459153965397348,0.00021328785850297026,9,23,0.022309943400289366,0.2888881696913488,False,True,False,1.256484330994187e-08,COMPLETE
787,0.48053827285766604,2025-04-05 06:49:34.761194,2025-04-05 06:49:40.781651,0 days 00:00:06.020457,0.5766102217045301,0.6235638024543555,16,0.02036218088525683,0.07001877069533789,0.08306178843923337,0.0841107337507675,0.07371419635045676,0.03226283511716965,0.0001108917898104202,7,17,0.02058094551774197,0.2780321415104206,False,True,False,1.2474118820334822e-08,COMPLETE
788,0.2862779080867768,2025-04-05 06:49:41.030187,2025-04-05 06:49:47.140656,0 days 00:00:06.110469,0.6079669025857614,0.6517137732492626,16,0.2996879678675106,0.05584001660443319,0.07451516026354833,0.07642750741715341,0.06687917751205283,0.028512712803234412,0.00017218673377163602,8,13,0.027202293260932355,0.1647442004309384,False,True,False,1.930841241095998e-08,COMPLETE
789,0.36608800888061527,2025-04-05 06:49:47.401353,2025-04-05 06:49:54.060635,0 days 00:00:06.659282,0.5417269406950315,0.7028327748008321,16,0.265338291377732,0.06545230924461307,0.07966647417363848,0.08027760762369711,0.0710562282555647,0.0346147867902764,0.00013170391544694296,10,21,0.019322872254320972,0.2946509843318898,False,False,False,1.602845061368404e-08,COMPLETE
790,0.4408361852169037,2025-04-05 06:49:54.325115,2025-04-05 06:50:00.515969,0 days 00:00:06.190854,0.5211485996010945,0.6683296776030186,16,0.04241869422985822,0.07588049813455165,0.08101651389585725,0.08422743661714453,0.06463551490454793,0.030900590122484972,0.00011228221250990885,9,16,0.024658046015933882,0.2850710445338407,False,True,False,1.220869636908896e-08,COMPLETE
