number,value,datetime_start,datetime_complete,duration,params_alpha-eval,params_alpha-train,params_batch-size,params_eps-eval,params_eps-train,params_lambda-actions-eval,params_lambda-actions-train,params_lambda-frames-eval,params_lambda-frames-train,params_learning-rate,params_n-epochs,params_n-frames,params_radius-gw,params_rho,params_std-feats,params_ub-actions,params_ub-frames,params_weight-decay,state
169,0.42101229429244996,2025-04-05 05:36:47.901760,2025-04-05 05:36:56.046856,0 days 00:00:08.145096,0.3246354501159004,0.6652803373754147,8,0.05403845560419345,0.02576462207163191,0.03730879814432852,0.015519336431027205,0.007573266528943013,0.007796463567579667,0.00012795741055698237,19,7,0.04300879379303468,0.18545088039716584,False,True,False,9.349729742275572e-07,COMPLETE
170,0.4195464313030243,2025-04-05 05:36:56.102911,2025-04-05 05:37:04.140655,0 days 00:00:08.037744,0.30070764264177824,0.7235505216781144,8,0.03895476240477004,0.015879593993477693,0.03323963152919098,0.009875514385556271,0.002768589442484929,0.0013433797375104026,9.984331133357697e-05,19,5,0.06323111998920457,0.17772024642860615,False,True,False,1.692089948901649e-07,COMPLETE
171,0.42709062695503236,2025-04-05 05:37:04.196649,2025-04-05 05:37:12.288813,0 days 00:00:08.092164,0.27922758118646535,0.5387748579202233,8,0.048246891477784534,0.010197530927870246,0.0415811143474702,0.021744436593012534,0.004749468926448627,0.004735575215992914,0.00015423222933189768,19,8,0.04717445332760797,0.1938793076028776,False,True,False,2.2971072573331824e-07,COMPLETE
172,0.41971445679664615,2025-04-05 05:37:12.357050,2025-04-05 05:37:20.585166,0 days 00:00:08.228116,0.33640248673438433,0.5438078860303274,8,0.04997967707884569,0.010776185577462873,0.03865683335150729,0.021894243290675082,0.0011059120991221338,0.001091395970566464,0.00014626431319917496,20,12,0.04611806328404397,0.14570404979751458,False,True,False,1.3766087552313438e-07,COMPLETE
173,0.427199125289917,2025-04-05 05:37:20.641589,2025-04-05 05:37:28.695589,0 days 00:00:08.054000,0.4307449645273363,0.5799605592445582,8,0.046355427997525116,0.00026394143971382455,0.0418438642206089,0.017437340990499865,0.005147335819803085,0.006395314700771255,0.0003757245775089375,19,8,0.05697866448396998,0.20025817780483887,False,True,False,2.414102737127403e-07,COMPLETE
174,0.42905642390251164,2025-04-05 05:37:28.753312,2025-04-05 05:37:36.873841,0 days 00:00:08.120529,0.4278475260662689,0.6852011823726779,8,0.04368081312481502,0.01855319988990535,0.04253339073945804,0.01733460628098543,0.005160854844439575,0.007081481451611792,0.0007696585081300181,20,7,0.05728351617378028,0.21621549433739917,False,True,False,2.0219513612128126e-07,COMPLETE
175,0.413716059923172,2025-04-05 05:37:36.931369,2025-04-05 05:37:45.047103,0 days 00:00:08.115734,0.4582918561401974,0.6788212965023129,8,0.045561661169882035,0.0188528332040525,0.041486119026834294,0.017402659949444833,0.0066989949849160305,0.008621048738710538,0.0005798009808995149,19,14,0.05866823341161413,0.1944414541475385,False,True,False,2.424536160616395e-07,COMPLETE
176,0.4139406979084015,2025-04-05 05:37:45.105464,2025-04-05 05:37:53.307883,0 days 00:00:08.202419,0.4877261549851135,0.6996318900746533,8,0.041168992871921564,0.013032044172066621,0.03624127767872389,0.020424026581931404,0.008383364657273188,0.006683288238701727,0.00037167276877899346,20,5,0.05685958864511193,0.20853669830861893,False,True,False,2.1086819329456822e-07,COMPLETE
177,0.28504276871681217,2025-04-05 05:37:53.366216,2025-04-05 05:38:01.364809,0 days 00:00:07.998593,0.2840973115404839,0.6238183343024587,8,0.04831103799028616,0.025435555517657138,0.04294002465927841,0.023855631224304737,0.00532000726589585,0.01298453172736425,0.000832861230618831,18,71,0.05438082574264634,0.2303273518174857,False,True,False,1.0800961097040634e-07,COMPLETE
178,0.3319705009460449,2025-04-05 05:38:01.423362,2025-04-05 05:38:09.444947,0 days 00:00:08.021585,0.2631711894964539,0.5791800520993035,8,0.05545977426506546,0.25879706488942755,0.05010215277238629,0.016877586176526783,0.005056471811526134,0.009576880638431179,0.0006805478448076453,19,8,0.047505147689777774,0.21715918123245562,False,True,False,1.806798668015969e-07,COMPLETE
179,0.41391553282737736,2025-04-05 05:38:09.504135,2025-04-05 05:38:17.825402,0 days 00:00:08.321267,0.4221971316944115,0.5558277297553716,8,0.03767536793422148,0.01761193095826312,0.03504596307395736,0.015296342022417591,0.002081734648718501,0.006282077614701042,0.00019573353482782555,20,16,0.056323190942466114,0.13531271230586447,False,True,False,3.067932019105859e-07,COMPLETE
180,0.4046973526477814,2025-04-05 05:38:17.884099,2025-04-05 05:38:26.350156,0 days 00:00:08.466057,0.4432506387427754,0.6187167288289609,8,0.057517914016155865,0.004844702625931082,0.041365154621205005,0.02063929073525924,0.011814372333537165,0.002928373173195025,0.001261751782301271,21,12,0.041388311498040384,0.19138286122112405,False,True,False,1.405850180214016e-07,COMPLETE
181,0.42147632241249083,2025-04-05 05:38:26.418809,2025-04-05 05:38:34.680344,0 days 00:00:08.261535,0.43001228970617006,0.4724814063607652,8,0.0715945515162318,0.009428922123951066,0.046378994597079795,0.014471263863560114,0.004905789467417806,0.004166650882164238,0.0002630619951275793,20,7,0.045473036163167564,0.2025076648388409,False,True,False,3.4151467056596893e-07,COMPLETE
182,0.42240828871726993,2025-04-05 05:38:34.739324,2025-04-05 05:38:42.919152,0 days 00:00:08.179828,0.4158630178802301,0.47323472078398576,8,0.07409649583371486,0.00039639132125448596,0.04714122158315465,0.014807192812302035,0.006804692114933683,0.007835850414319069,0.0002775831955429897,20,8,0.04460881619503647,0.1994111129119157,False,True,False,3.119804610514975e-07,COMPLETE
183,0.42838116288185124,2025-04-05 05:38:42.978671,2025-04-05 05:38:51.118755,0 days 00:00:08.140084,0.4086983615199591,0.5375881290990485,8,0.04950722557115203,0.002990851188637323,0.043807128723866016,0.017788601430334106,0.007414841689179875,0.007841983654979057,0.00032896550799494615,19,12,0.05301120279241186,0.19827268270514745,False,True,False,2.3823213597675493e-07,COMPLETE
184,0.41912615299224854,2025-04-05 05:38:51.179433,2025-04-05 05:38:59.258954,0 days 00:00:08.079521,0.40470860420712823,0.5387535037581096,8,0.04831721673404764,0.013807747296583904,0.043931264238594434,0.018441840248618276,0.002723352716322789,0.007393028298678064,0.0003799568740643318,19,13,0.05312980744865551,0.20533879331774121,False,True,False,0.00040245328789815013,COMPLETE
185,0.4229768812656403,2025-04-05 05:38:59.319483,2025-04-05 05:39:07.451813,0 days 00:00:08.132330,0.3778844500717966,0.6398500868902104,8,0.04153259595180348,0.003512505659713631,0.048007138788759646,0.01722045655541722,0.0068086240562350644,0.006321430179284458,0.00031242736739602517,19,10,0.06057069802945843,0.21569162620392612,False,True,False,2.3727526379104874e-07,COMPLETE
186,0.4220455408096314,2025-04-05 05:39:07.512774,2025-04-05 05:39:15.661223,0 days 00:00:08.148449,0.37025396299292684,0.6178459154635048,8,0.0427988307436742,0.002638288199923842,0.047193088682442014,0.017855829093620348,0.006378605712499033,0.0068223981424679935,0.00030647230960484536,19,11,0.06245819111835586,0.21516371899964995,False,True,False,2.2586735190444439e-07,COMPLETE
187,0.3453748643398285,2025-04-05 05:39:15.722235,2025-04-05 05:39:23.795673,0 days 00:00:08.073438,0.3730853314107769,0.6434581846966636,8,0.04178716243596747,0.0021395743630436754,0.04855931386323791,0.021700321205101337,0.009699407919385429,0.011882389459719627,0.000312704143688772,19,20,0.061846489796046615,0.19943559790261647,False,True,False,1.9724507767984596e-07,COMPLETE
188,0.36123218536376955,2025-04-05 05:39:23.857390,2025-04-05 05:39:31.874527,0 days 00:00:08.017137,0.4787645632330708,0.6346064106128229,8,0.04649455163533759,0.0008626463707327864,0.04966125288591782,0.018424817837672924,0.006725845870590387,0.006928428444865433,0.0004191322410133668,18,12,0.06627589874634225,0.22255040933668702,False,True,True,8.801951500901693e-08,COMPLETE
189,0.28504276871681217,2025-04-05 05:39:31.937392,2025-04-05 05:39:39.682112,0 days 00:00:07.744720,0.3468753016325739,0.6684837815072543,8,0.03527201369692859,0.019907003841198555,0.053337857235044306,0.016933364360286765,0.006871571064192873,0.008440042073115701,0.00048273148373177005,17,17,0.061022697450977874,0.2155265143891541,False,True,False,2.636812447594998e-07,COMPLETE
190,0.42259619832038886,2025-04-05 05:39:39.753256,2025-04-05 05:39:47.994718,0 days 00:00:08.241462,0.37906157965838216,0.6074774642942402,8,0.038447789777164315,0.0007663660549877063,0.04313198661204358,0.023834509320892643,0.009274623794990802,0.010888868808787451,0.00035118700773802017,20,11,0.06314408327850589,0.22992914260658787,False,True,False,1.63417022167732e-07,COMPLETE
191,0.42398240566253664,2025-04-05 05:39:48.057698,2025-04-05 05:39:56.294179,0 days 00:00:08.236481,0.3753427480630822,0.6142443195989922,8,0.04104492627532825,0.01241987679761888,0.04360395092220956,0.02459118849584748,0.009995675243939508,0.010655105458788797,0.0002947543587385405,20,11,0.06238475702498406,0.2148614252465841,False,True,False,1.624655970183008e-07,COMPLETE
192,0.28504276871681217,2025-04-05 05:39:56.356946,2025-04-05 05:40:04.508753,0 days 00:00:08.151807,0.3850694535328229,0.587834986942152,8,0.034921933783047455,0.013257990527459504,0.042511100303019224,0.02479604011664194,0.009178504545349962,0.013138523492152384,0.0002442911731491544,20,15,0.06832126067503402,0.2495053634660187,False,True,False,1.5289027378138056e-07,COMPLETE
193,0.42243312001228334,2025-04-05 05:40:04.574025,2025-04-05 05:40:12.830462,0 days 00:00:08.256437,0.41862604970468514,0.7287672937667626,8,0.051876129741126945,0.0008181385058766139,0.04516462386171842,0.025742035895247123,0.008522862773309011,0.009938296327863071,0.00034172861592591305,20,9,0.05903243244224649,0.22275753083598873,False,True,False,1.1837977770100503e-07,COMPLETE
194,0.39662195444107057,2025-04-05 05:40:12.893472,2025-04-05 05:40:21.139055,0 days 00:00:08.245583,0.4146261937647866,0.7401118655937048,8,0.038669242056012555,0.0007081882246697696,0.04435805906644786,0.025382993781881316,0.01234256063710426,0.009868907554384366,0.0006045593133091621,20,10,0.05863045547884756,0.21714917705100412,False,True,False,7.007103043521014e-08,COMPLETE
195,0.41403458714485175,2025-04-05 05:40:21.202904,2025-04-05 05:40:29.651449,0 days 00:00:08.448545,0.45844376265891995,0.6987152759706335,8,0.05277783598793783,0.00048753246728550927,0.051588648041464895,0.019545552009046268,0.01067696016385727,0.014066015258238793,0.0003362563747862198,21,13,0.06461655260703059,0.23944306243839256,False,True,False,1.3240177039518715e-07,COMPLETE
196,0.41749583482742314,2025-04-05 05:40:29.716123,2025-04-05 05:40:37.651894,0 days 00:00:07.935771,0.41201550877001203,0.5757471780663653,8,0.045027187183635485,0.02031588398127739,0.043514803580641685,0.021523435622805148,0.008401900496903841,0.011066038646735747,0.000270858007945711,18,5,0.060218984563561395,0.22902507951652432,False,True,False,1.000685922876525e-07,COMPLETE
197,0.4169766426086426,2025-04-05 05:40:37.716105,2025-04-05 05:40:45.960748,0 days 00:00:08.244643,0.3873510981573433,0.6099100520337611,8,0.057096518311394215,0.008542867118518191,0.04544282628955531,0.02299420332134697,0.00538599161452146,0.008944193593554037,0.0003886486206759758,20,10,0.057288682930824564,0.20837834811954264,False,True,False,1.8565274467225847e-07,COMPLETE
198,0.4181550800800324,2025-04-05 05:40:46.034632,2025-04-05 05:40:54.469250,0 days 00:00:08.434618,0.4526717146301427,0.5538634728263815,8,0.07768975437029298,0.01086025283951576,0.041077293750884605,0.023428242671229928,0.008502200271835904,0.005777747972131238,0.0005042563907249043,21,16,0.055561110747910744,0.23736147531777602,False,True,False,2.821038061823232e-07,COMPLETE
199,0.40026929378509524,2025-04-05 05:40:54.534147,2025-04-05 05:41:02.793285,0 days 00:00:08.259138,0.4239913556033018,0.7622421903681527,8,0.08876905733546059,0.02618738114703544,0.04787669111171376,0.008708643512279696,0.012694839140537938,0.011311555361576197,0.00021714046279513807,20,13,0.05742122201085762,0.19564247135418333,False,True,False,1.5405678713887133e-07,COMPLETE
200,0.41861355304718023,2025-04-05 05:41:02.863434,2025-04-05 05:41:10.998356,0 days 00:00:08.134922,0.3591482245010743,0.41034515810125216,8,0.03706291771031395,0.00646424545464072,0.043522293046519986,0.014210679099004832,0.005268441308101097,0.008079943237434583,0.0001899733460260618,19,8,0.05326223768299905,0.22423309330151409,False,True,False,1.9803746850709646e-07,COMPLETE
201,0.4090206265449524,2025-04-05 05:41:11.064747,2025-04-05 05:41:19.133146,0 days 00:00:08.068399,0.3933110579089352,0.6401079389295311,8,0.0501105243670787,0.014861866353787327,0.038516719266053864,0.01578836673371705,0.002818357948008032,0.005409516379818444,0.000275259318469178,19,5,0.04465939284563493,0.17971610769104876,False,True,False,2.399514269723694e-07,COMPLETE
202,0.4164057493209839,2025-04-05 05:41:19.198150,2025-04-05 05:41:27.283198,0 days 00:00:08.085048,0.33219943641896077,0.6558147445636288,8,0.051379226679065707,0.0002975072682416882,0.03746998424234746,0.02043235162736022,0.001084446842980583,0.0030193132888114834,0.00033890669016152774,19,8,0.06498515793795592,0.18944986095449717,False,True,False,3.27815836758679e-07,COMPLETE
203,0.4283296644687653,2025-04-05 05:41:27.349505,2025-04-05 05:41:35.280689,0 days 00:00:07.931184,0.3599752236505579,0.7004982604715156,8,0.044369505778954973,0.013361390797809715,0.0392725234571522,0.014301043368615207,0.006937169376637832,0.0030151849237520967,2.6140304040300258e-05,18,10,0.04715579859379611,0.21075723618710382,False,True,False,1.0518568911297843e-07,COMPLETE
204,0.3196531653404236,2025-04-05 05:41:35.346902,2025-04-05 05:41:43.339933,0 days 00:00:07.993031,0.4102716143845306,0.8821230924078705,8,0.04428243279454334,0.018802628307969103,0.04140005094303674,0.018459745715772333,0.007786489132948867,0.0059175596140978145,1.642534756416141e-05,18,11,0.059640684384196604,0.2056390936029421,False,True,False,1.205520374284229e-07,COMPLETE
205,0.4276741325855255,2025-04-05 05:41:43.415759,2025-04-05 05:41:51.748857,0 days 00:00:08.333098,0.4376290895314694,0.6779511072935305,8,0.07213054463323351,0.007058546076188568,0.045162381369499814,0.013640093749261631,0.01000241428567945,0.0038096021991317437,2.4959689608628393e-05,21,10,0.047474968708810523,0.2118382809974898,False,True,False,8.80206948902248e-08,COMPLETE
206,0.41148261427879335,2025-04-05 05:41:51.815196,2025-04-05 05:42:00.158958,0 days 00:00:08.343762,0.43404437999310314,0.6866735846582854,8,0.07127605938599432,0.010055221507809898,0.046289302617476547,0.027019082294136583,0.010610282255919149,0.0033297378200293176,2.5097260158468194e-05,21,15,0.04720835728989799,0.21159252598477993,False,True,False,5.7088549813141823e-08,COMPLETE
207,0.4207516670227051,2025-04-05 05:42:00.225791,2025-04-05 05:42:08.543878,0 days 00:00:08.318087,0.4648164454242928,0.7104900320840056,8,0.04110062157023739,0.021911135349288013,0.05075673552789245,0.010533508521949227,0.009911366944154908,0.00824350961123828,3.416727582521936e-05,20,12,0.05221084988079598,0.22013083186665477,False,True,False,4.691456713357199e-08,COMPLETE
208,0.41454966664314274,2025-04-05 05:42:08.611309,2025-04-05 05:42:16.900864,0 days 00:00:08.289555,0.44269868527031025,0.679256553998865,8,0.03503142806023687,0.0074213940366547985,0.045099774101074415,0.014361552254485746,0.006859095528914453,0.011007729354563331,2.107738272270653e-05,20,19,0.04310093339757891,0.21053251293124645,True,True,False,1.040594704312596e-07,COMPLETE
209,0.28504276871681217,2025-04-05 05:42:16.969266,2025-04-05 05:42:25.727599,0 days 00:00:08.758333,0.3692064558708989,0.7199767875004931,8,0.058458977843542446,0.014683648730291474,0.0484557493286531,0.01685593523324166,0.005044295067489348,0.003430187081478292,2.90217388706473e-05,22,96,0.06336824145262843,0.22545600263285534,False,True,False,8.690669971993653e-08,COMPLETE
210,0.4129792928695679,2025-04-05 05:42:25.796586,2025-04-05 05:42:33.694700,0 days 00:00:07.898114,0.4094319294930679,0.6035461158022297,8,0.0832724382232722,0.026938167443686,0.04303816517093581,0.021567334594811506,0.014010976223959654,0.007331395257944441,1.3899921340051085e-05,18,5,0.0475194672633074,0.1986551497125535,False,True,False,1.7624267210399262e-07,COMPLETE
211,0.41938077807426455,2025-04-05 05:42:33.763156,2025-04-05 05:42:42.069660,0 days 00:00:08.306504,0.3865181615613126,0.5336823764267086,8,0.0729649319290552,0.005878034327904874,0.039724445634877384,0.012785640372081745,0.0045151923756788954,0.004905593825037061,0.00022888547646824373,20,9,0.05108495695344534,0.201008152017941,False,True,False,1.1791770787404896e-07,COMPLETE
212,0.28504276871681217,2025-04-05 05:42:42.140069,2025-04-05 05:42:50.488115,0 days 00:00:08.348046,0.4301653594600728,0.47275534186830726,8,0.046805570657980064,0.000406773608875925,0.04158740083580045,0.013826272705224607,0.007049529594138194,0.005576682143088427,0.00017696471656732614,21,10,0.05486322625732428,0.2121418557764011,False,True,False,7.095067410238364e-08,COMPLETE
213,0.43055318593978886,2025-04-05 05:42:50.566448,2025-04-05 05:42:58.860793,0 days 00:00:08.294345,0.40085356146441703,0.7491939786511282,8,0.05924040494987642,0.011473143133912823,0.04422039213210148,0.012098244291061527,0.0036119244100970317,0.009681313307204207,0.00048129850730986714,20,9,0.04830010801760525,0.2329517792542253,False,True,False,1.4175404811685384e-07,COMPLETE
214,0.4183381319046021,2025-04-05 05:42:58.931022,2025-04-05 05:43:07.247268,0 days 00:00:08.316246,0.355539521760099,0.8019821559785874,8,0.056136759647182885,0.012278403478142595,0.04616452713532336,0.010543529617466109,0.00888298881489837,0.010145872936502386,0.0005151747153420975,20,12,0.04769798133046872,0.2348280237066943,False,True,False,1.3978323533854941e-07,COMPLETE
215,0.42449338436126716,2025-04-05 05:43:07.317626,2025-04-05 05:43:15.344514,0 days 00:00:08.026888,0.4076371250372949,0.7514790525470743,8,0.05160531655850253,0.016426756741046548,0.04457807884732909,0.018624598885206328,0.005922871079161932,0.014751454243768865,0.00043403645474383867,19,8,0.043670698037024655,0.22630968773061935,False,True,False,2.1590662737291197e-07,COMPLETE
216,0.28504276871681217,2025-04-05 05:43:15.414346,2025-04-05 05:43:23.596055,0 days 00:00:08.181709,0.4491678925188286,0.7330337766792128,8,0.04963731522564401,0.016382818458733153,0.04436799957550304,0.01847947092803007,0.011633722927691319,0.013548947991396942,0.0007216809720757719,19,61,0.04092744739346718,0.24218927962926007,False,True,False,2.1237962694721195e-07,COMPLETE
217,0.43480635285377506,2025-04-05 05:43:23.667029,2025-04-05 05:43:31.687160,0 days 00:00:08.020131,0.47859144195477266,0.7546417909241632,8,0.041326322990475096,0.020521323567453932,0.04732552310831951,0.016238923465324285,0.006263527166083901,0.015221049861645262,0.0003722271441681607,19,8,0.04404473134496818,0.2270429519700433,False,True,False,1.6196920968811395e-07,COMPLETE
218,0.4210480928421021,2025-04-05 05:43:31.758457,2025-04-05 05:43:39.848365,0 days 00:00:08.089908,0.48506901263534485,0.7707055716615305,8,0.04041247140840175,0.021064293695831175,0.04936998136411764,0.025131394655612548,0.006871930586571411,0.014203064283111936,0.00043080084193062543,19,5,0.043089018801155406,0.22808146419264855,False,True,False,1.6076142555806133e-07,COMPLETE
219,0.41114384531974796,2025-04-05 05:43:39.920010,2025-04-05 05:43:47.813450,0 days 00:00:07.893440,0.16064911288786113,0.7966553912625174,8,0.033272349135534826,0.025769002371243067,0.04335803978970967,0.016578598032967254,0.009350176457989181,0.015567875814793285,0.00035617960835639773,18,8,0.0453486100557092,0.24501193663221793,False,True,False,2.7051975306241613e-07,COMPLETE
220,0.40168030261993415,2025-04-05 05:43:47.893201,2025-04-05 05:43:56.349125,0 days 00:00:08.455924,0.46863275534463106,0.7484968266656152,8,0.04437660814940277,0.013290411150109495,0.047295962223340385,0.0198101674037998,0.0059024109529039,0.01237075157891087,0.000542789409749538,20,15,0.04394162012669649,0.23152444299993383,False,True,True,1.2527722803712198e-07,COMPLETE
221,0.33522183299064634,2025-04-05 05:43:56.420677,2025-04-05 05:44:04.480255,0 days 00:00:08.059578,0.41922129897126154,0.7505579268374679,8,0.055291312452245486,0.1656145402757524,0.0450386891744964,0.015196471348282049,0.004876239547577236,0.009194430397315484,0.0004520594258388937,19,8,0.06089808891939886,0.2196930741797872,False,True,False,1.676081558392501e-07,COMPLETE
222,0.4304704606533051,2025-04-05 05:44:04.553678,2025-04-05 05:44:12.863706,0 days 00:00:08.310028,0.40510145632017086,0.7029968579705005,8,0.04763681597409316,0.00895872988110908,0.053544583717602984,0.017149574216626988,0.007907624022566166,0.011394807461319347,0.0003412933649651794,21,8,0.04741688113648986,0.22536938319823274,False,True,False,8.351783581195527e-08,COMPLETE
223,0.42511194944381714,2025-04-05 05:44:12.936370,2025-04-05 05:44:21.250438,0 days 00:00:08.314068,0.40370580558722147,0.6999704026174497,8,0.04659579028587822,0.010086697927026341,0.05523949213151101,0.02277536795883798,0.008102660603137149,0.012559016825145788,0.0002953738722273903,21,5,0.046505487249166234,0.22363749897567073,False,True,False,8.968642071058501e-08,COMPLETE
224,0.41950977444648746,2025-04-05 05:44:21.322281,2025-04-05 05:44:29.667170,0 days 00:00:08.344889,0.40495152933036527,0.6978687703873452,8,0.04009996357555223,0.015105374342168885,0.05331963330028734,0.02070009254898757,0.008198847214799292,0.01611970632900711,0.00030149374289384443,21,5,0.04799558015989167,0.223854659953364,False,True,False,8.581650419435247e-08,COMPLETE
