number,value,datetime_start,datetime_complete,duration,params_alpha-eval,params_alpha-train,params_batch-size,params_eps-eval,params_eps-train,params_lambda-actions-eval,params_lambda-actions-train,params_lambda-frames-eval,params_lambda-frames-train,params_learning-rate,params_n-epochs,params_n-frames,params_radius-gw,params_rho,params_std-feats,params_ub-actions,params_ub-frames,params_weight-decay,state
113,0.41470609903335576,2025-04-05 05:27:24.076129,2025-04-05 05:27:43.594259,0 days 00:00:19.518130,0.5166407489846615,0.31459059183011884,2,0.028810438807192345,0.04553132808025855,0.06070757979871114,0.029724734684924436,0.0055035676855535245,0.007218205734048546,4.484454974978571e-05,26,14,0.03705604230737275,0.1053491484994934,False,True,False,2.4512861541623005e-06,COMPLETE
114,0.4172308564186097,2025-04-05 05:27:43.632566,2025-04-05 05:28:02.699648,0 days 00:00:19.067082,0.5144746983213799,0.3125582698816067,2,0.02400635868658286,0.04437549917998424,0.06559541089897825,0.03593471525103129,0.006116720088519055,0.006597970410205642,5.797076534861354e-05,25,13,0.03816786061644469,0.10780865695811988,False,True,False,2.3111654417898077e-06,COMPLETE
115,0.4107515215873719,2025-04-05 05:28:02.740671,2025-04-05 05:28:21.816359,0 days 00:00:19.075688,0.5055286519061375,0.3139548073502193,2,0.026678982130990386,0.031748647253507026,0.06271150332773594,0.034273474218352744,0.006462141681939944,0.006933232716078598,7.190508708243657e-05,25,15,0.03792575636455015,0.10945198320694063,False,True,False,2.1804538068289323e-06,COMPLETE
116,0.4194985866546631,2025-04-05 05:28:21.854963,2025-04-05 05:28:40.668827,0 days 00:00:18.813864,0.46871445791910127,0.365799679731829,2,0.0007785902005133863,0.031233034017702048,0.061198649429447506,0.03513332350678276,0.005556099722249657,0.0018977301138950317,6.284435882057057e-05,25,5,0.03696156469875898,0.10525647678263188,False,True,False,2.2399578207015834e-06,COMPLETE
117,0.41535711288452154,2025-04-05 05:28:40.707774,2025-04-05 05:28:59.619072,0 days 00:00:18.911298,0.5034999156789898,0.300319425812335,2,0.02935419807865039,0.032169380326464804,0.060569766945877734,0.03507499674941781,0.006190897428373041,0.002392389479162158,5.8030375384834516e-05,25,5,0.043483975510862125,0.10951671685431917,False,True,False,2.1497709000219365e-06,COMPLETE
118,0.4149864375591278,2025-04-05 05:28:59.658533,2025-04-05 05:29:19.076570,0 days 00:00:19.418037,0.5104519379464235,0.3621856646207018,2,0.028023471159930466,0.03269363007342179,0.06067398638010201,0.029060923559949707,0.005635067914629751,0.0010146026242772105,6.038294926156617e-05,26,14,0.044321035451693386,0.10801129246375908,False,True,False,2.4546534501654762e-06,COMPLETE
119,0.28504276871681217,2025-04-05 05:29:19.116539,2025-04-05 05:29:38.314930,0 days 00:00:19.198391,0.5128850943226714,0.42906312729708723,2,0.0017661145322912476,0.03267824364526893,0.060666463069816455,0.028725617620810016,0.005855220618761548,0.0038699150918822364,6.053513661356702e-05,26,24,0.04430059016295847,0.1077810307495939,False,True,False,1.0892537942119245e-06,COMPLETE
120,0.4110056221485138,2025-04-05 05:29:38.355523,2025-04-05 05:29:47.441626,0 days 00:00:09.086103,0.46750461500028445,0.3678217296583344,8,0.008918628661927129,0.012758988877795325,0.057069468364503176,0.03620947024244267,0.0010022853766067426,0.007673572744287376,6.007175633945664e-05,25,14,0.03761176649975745,0.10101292152293077,False,True,False,2.6665419300476177e-06,COMPLETE
121,0.40900315046310426,2025-04-05 05:29:47.482688,2025-04-05 05:29:56.448874,0 days 00:00:08.966186,0.4642407755923762,0.3670820903201737,8,0.008667855345851207,0.02367289309967664,0.057237108878894424,0.036898490922324195,0.002442108416130121,0.00124520822377728,6.500081933399733e-05,25,13,0.04047720479081782,0.09621344237127508,False,True,False,2.329428938035984e-06,COMPLETE
122,0.40646301507949834,2025-04-05 05:29:56.490034,2025-04-05 05:30:05.305790,0 days 00:00:08.815756,0.4224399455543202,0.3034364602487,8,0.02665155852812109,0.03315005262604088,0.054510446195397196,0.035697147546000195,0.0011088349450389598,0.007617317876318542,5.0601677251712846e-05,24,20,0.03738429522897106,0.10107080668416601,False,True,False,2.1494410502921135e-06,COMPLETE
123,0.4105199754238129,2025-04-05 05:30:05.356164,2025-04-05 05:30:14.467719,0 days 00:00:09.111555,0.47181799210466396,0.3463727369246204,8,0.031067873760362727,0.030127684664629218,0.049561005012779186,0.03846801149966148,0.005326275381121732,0.00314157358977835,0.00010577538230745286,26,15,0.041922059360101585,0.1194282237269714,False,True,False,2.446190018720904e-06,COMPLETE
124,0.41982971429824834,2025-04-05 05:30:14.508923,2025-04-05 05:30:23.336998,0 days 00:00:08.828075,0.4842822172037125,0.4595214026376966,8,0.04382855389943297,0.0107775673002167,0.062342269678407614,0.02954400380972664,0.003289333352870302,0.007718135814100564,4.555213698578196e-05,24,8,0.04917600301250737,0.11144175188014593,False,True,False,9.70304038834039e-07,COMPLETE
125,0.41798008680343635,2025-04-05 05:30:23.378686,2025-04-05 05:30:32.412220,0 days 00:00:09.033534,0.42088826354539555,0.44174861277276317,8,0.04716943814247454,0.011789400420408814,0.05736317774481418,0.018581467654537366,0.0033383192750377506,0.008514142916652461,4.102618522098869e-05,26,7,0.04494917251166236,0.10463861202857029,False,True,False,9.105217047917218e-07,COMPLETE
126,0.42479820847511296,2025-04-05 05:30:32.456857,2025-04-05 05:30:41.513877,0 days 00:00:09.057020,0.4346721227697005,0.4137203290902658,8,0.045852854078252604,0.008948615173502976,0.060133719182007446,0.02480171210287093,0.0034115105930601288,0.0011541576565363533,4.0877055266846365e-05,26,8,0.049072204662659664,0.12517104405021465,False,True,False,9.068331717481375e-07,COMPLETE
127,0.4246026992797852,2025-04-05 05:30:41.557176,2025-04-05 05:30:50.681964,0 days 00:00:09.124788,0.42268064723858745,0.4920819696768099,8,0.04220875978444631,0.007630603715884796,0.0531006856681869,0.018257410761157482,0.004336194102556201,0.011450846837645159,4.3986021944451195e-05,26,8,0.05008654822638138,0.12378272860611678,False,True,False,9.646221802461906e-07,COMPLETE
128,0.42082524895668033,2025-04-05 05:30:50.724958,2025-04-05 05:31:00.062208,0 days 00:00:09.337250,0.4230090622563274,0.4470630128213803,8,0.04461739033457365,0.007861888728265504,0.05198716916320205,0.019846774783350944,0.0035607562018164004,0.011575717618481538,4.1887821986407224e-05,28,7,0.049038270629950385,0.12495877878594239,False,True,False,8.05679454874272e-07,COMPLETE
129,0.34840716719627385,2025-04-05 05:31:00.106821,2025-04-05 05:31:09.547988,0 days 00:00:09.441167,0.4069867818249938,0.4550980304353979,8,0.042427674497738085,0.007741697345201946,0.05178444754447643,0.019995569275245914,0.003113941021039485,0.011271411335597649,2.3373687869693895e-05,28,8,0.048758246584997764,0.13410898577331568,False,True,True,9.007171406253018e-07,COMPLETE
130,0.4219642817974091,2025-04-05 05:31:09.591269,2025-04-05 05:31:18.347934,0 days 00:00:08.756665,0.4333864962810814,0.5004025270895137,8,0.05629775888294104,0.005923811134929256,0.04719767129677596,0.01550916979055804,0.0038838497351667816,0.0016167404138959195,4.417661709945735e-05,24,8,0.04880196363230628,0.12490028152968888,False,True,False,6.330367136106562e-07,COMPLETE
131,0.422398316860199,2025-04-05 05:31:18.391386,2025-04-05 05:31:27.166396,0 days 00:00:08.775010,0.43702629857356945,0.4839573965720977,8,0.0661743475771635,0.008133693562179644,0.05286325868488921,0.014077515359765317,0.007652643196231086,0.0048341458673428145,3.795143913280282e-05,24,7,0.048681129431840796,0.12383486794889165,False,True,False,8.04919412354448e-07,COMPLETE
132,0.4224283695220948,2025-04-05 05:31:27.211916,2025-04-05 05:31:35.919562,0 days 00:00:08.707646,0.4366729385032792,0.5059028158327543,8,0.06472351279820665,0.008361876856440405,0.045755200957475976,0.011405930668817014,0.0037839522582082882,0.0016390296873701345,4.175236868163776e-05,24,7,0.0499048630205517,0.12668277882826015,False,True,False,6.307069242566819e-07,COMPLETE
133,0.41972687244415285,2025-04-05 05:31:35.963981,2025-04-05 05:31:44.659522,0 days 00:00:08.695541,0.400034498713057,0.5077104792897532,8,0.06572050951582137,0.00968754080549501,0.04519732715750327,0.013228969640018675,0.0033594105306148647,0.0015386100121697192,8.306201384704619e-05,24,8,0.048846305839876,0.12339067266801725,False,True,False,6.192615616167731e-07,COMPLETE
134,0.4214640915393829,2025-04-05 05:31:44.704050,2025-04-05 05:31:53.464132,0 days 00:00:08.760082,0.4332886770245581,0.5086524595101687,8,0.06473382816212381,0.00828166164885049,0.04581899714655568,0.013003208232263759,0.004431129417920465,0.004282563298720539,7.868394304333008e-05,24,7,0.04940782931463234,0.1278877523680984,False,True,False,6.551015026494985e-07,COMPLETE
135,0.42238664627075195,2025-04-05 05:31:53.508349,2025-04-05 05:32:02.346444,0 days 00:00:08.838095,0.43007954473560484,0.5199104405846293,8,0.064126431942077,0.008209579705401595,0.046227582019333746,0.01355015238424554,0.0034343170143181063,0.004518635528230881,0.00013764551129469385,24,8,0.04923724446114767,0.12215234836011116,False,True,False,6.392808426380036e-07,COMPLETE
136,0.421291470527649,2025-04-05 05:32:02.391853,2025-04-05 05:32:11.237905,0 days 00:00:08.846052,0.3972929894664694,0.5023674663036661,8,0.06360221366599772,0.007599670973535539,0.04481683044148678,0.011468609390255919,0.0038977128153141623,0.004680946728369556,8.654709004089131e-05,24,9,0.04998437030841805,0.12716367139673562,False,True,False,6.314048111487695e-07,COMPLETE
137,0.4201468706130982,2025-04-05 05:32:11.283075,2025-04-05 05:32:20.092712,0 days 00:00:08.809637,0.3947280182680904,0.5099389998078171,8,0.056243460403055265,0.005628628674486942,0.04587251810787736,0.011502330182550254,0.0034855059736091693,0.004543721414039659,8.540678790868533e-05,24,8,0.04977588546308993,0.12543773753426565,False,True,False,6.677579532938712e-07,COMPLETE
138,0.4219441831111908,2025-04-05 05:32:20.147102,2025-04-05 05:32:29.008333,0 days 00:00:08.861231,0.3979900560476111,0.5203980863047554,8,0.06207846394778184,0.008828198774014587,0.040112356878706054,0.010566195402685212,0.0037655430439770252,0.004456149350209536,8.301800870652683e-05,24,9,0.04958726573344672,0.12435248424040556,False,True,False,7.117973506248639e-07,COMPLETE
139,0.4222469627857208,2025-04-05 05:32:29.054908,2025-04-05 05:32:37.866108,0 days 00:00:08.811200,0.38836202696108757,0.5125200620775863,8,0.06585245478860574,0.002806082348214032,0.03980219119426795,0.012867191683638582,0.0033084014289089937,0.005299944348579528,0.00013833884701566827,24,9,0.0496835377697797,0.1476805849951344,False,True,False,5.974594945698987e-07,COMPLETE
140,0.421420031785965,2025-04-05 05:32:37.914924,2025-04-05 05:32:46.727915,0 days 00:00:08.812991,0.39083461752913606,0.5162036464139336,8,0.06459741889290155,0.001453259709009753,0.03982554402954938,0.012969097542688176,0.0034822313697677183,0.004904941563861105,0.00015236753270356232,24,9,0.04925377741225105,0.1483405683072803,False,True,False,6.112845118220059e-07,COMPLETE
141,0.4338168203830719,2025-04-05 05:32:46.776645,2025-04-05 05:32:55.620314,0 days 00:00:08.843669,0.3921452260474277,0.5087451324350332,8,0.06537134887689555,0.0026869650130992183,0.03829349717012742,0.012098532893123678,0.0032322163522418425,0.004409287000892221,0.0001673766208927275,24,9,0.04986316041314396,0.12249133926787359,False,True,False,6.124933562587025e-07,COMPLETE
142,0.3594280958175659,2025-04-05 05:32:55.668549,2025-04-05 05:33:04.472012,0 days 00:00:08.803463,0.3636721843876177,0.5385076583826531,8,0.05574026076097262,0.002690040209889389,0.039473327137253114,0.0062355372410681,0.0034867966237469832,0.004344291353402152,0.00019497214666785445,24,9,0.05374397482537217,0.14620871366613675,False,True,False,2.469566174039015e-07,COMPLETE
143,0.28504276871681217,2025-04-05 05:33:04.518877,2025-04-05 05:33:12.989685,0 days 00:00:08.470808,0.43378772261778736,0.48363995104891194,8,0.06365253861590577,0.017454796394194713,0.035905815578866275,0.00913258881041765,0.0011388607808528132,0.004781599449625468,0.0001340569840258256,22,10,0.05115150947208439,0.16032045565572378,False,True,False,3.54779418627945e-07,COMPLETE
144,0.4184108436107636,2025-04-05 05:33:13.036880,2025-04-05 05:33:21.742369,0 days 00:00:08.705489,0.39365605983035223,0.6056182160476304,8,0.058694299269972786,0.0021967382045785947,0.0469240110622558,0.015132334947791044,0.007781085278717143,0.0037299029015722806,0.00016012984600902183,23,10,0.04691067970033394,0.12810735429600567,False,True,False,5.335954466150161e-07,COMPLETE
145,0.42687003016471864,2025-04-05 05:33:21.791822,2025-04-05 05:33:30.155445,0 days 00:00:08.363623,0.44668905391713276,0.5284779262935688,8,0.05175529300919709,0.019843056595925973,0.03964611192931031,0.015412612640041257,0.0038291285950532803,0.010221679048333269,0.00011160602810900857,21,8,0.0496352606522001,0.13948883750456556,False,True,False,7.00127952624245e-07,COMPLETE
146,0.4187336146831513,2025-04-05 05:33:30.204129,2025-04-05 05:33:38.705835,0 days 00:00:08.501706,0.3471329485333764,0.530371162409846,8,0.06963168223572049,0.0003766446891408778,0.040200383905408386,0.015008467954444127,0.004153388767344561,0.00976274542805945,0.00010795421289136966,22,8,0.05645789347613964,0.13454407942242902,False,True,False,7.07354850374416e-07,COMPLETE
147,0.28504276871681217,2025-04-05 05:33:38.753838,2025-04-05 05:33:47.365010,0 days 00:00:08.611172,0.43581694583023384,0.5668474014208936,8,0.05546180825436326,0.01982594220095918,0.044623528554790556,0.006406914221135287,0.00246036636588904,0.005011848210474327,8.501527916988193e-05,23,10,0.053034461216468,0.14229804284786876,False,True,False,5.209559202323337e-07,COMPLETE
148,0.42154065966606147,2025-04-05 05:33:47.413551,2025-04-05 05:33:55.802264,0 days 00:00:08.388713,0.29731864042127,0.48583083523454246,8,0.061690985053926534,0.006379790376801159,0.03378042540088766,0.012289856178440662,0.007875429941060653,0.009641414771956461,0.00013156176056345852,21,7,0.05070562968357038,0.16327010735379655,False,True,False,3.828127292626437e-07,COMPLETE
149,0.28504276871681217,2025-04-05 05:33:55.852023,2025-04-05 05:34:04.210730,0 days 00:00:08.358707,0.30363037841764806,0.4757375738645642,8,0.0627092067854567,0.016147877683432545,0.03175454403056087,0.007223738182344151,0.008723413872576354,0.01057240977340903,0.0001394570295982896,21,10,0.058395222935460844,0.162267980425592,False,True,False,3.8056549127366864e-07,COMPLETE
150,0.41406629085540775,2025-04-05 05:34:04.261315,2025-04-05 05:34:12.654404,0 days 00:00:08.393089,0.4447527250947008,0.59539319948106,8,0.049394446742570985,0.006993631195425374,0.04283472026536001,0.01654798042547406,0.00741248822828924,0.00885773110626723,0.0004340915918780666,21,6,0.04657662994127132,0.1490902310286772,False,True,False,2.9702441719501285e-07,COMPLETE
151,0.4222936272621155,2025-04-05 05:34:12.713294,2025-04-05 05:34:21.474494,0 days 00:00:08.761200,0.3863487278648805,0.49468355320314134,8,0.06687216364081716,0.006126500972811378,0.035845059979696975,0.012051827894894052,0.00268755459277285,0.0036452229480613348,0.0001777627999869446,24,11,0.05090002141354903,0.12328337983860527,False,True,False,7.311552089654896e-07,COMPLETE
152,0.4212439477443695,2025-04-05 05:34:21.523844,2025-04-05 05:34:30.180352,0 days 00:00:08.656508,0.36154667005018204,0.4925092882301969,8,0.06885876708692122,0.022725049898184475,0.03513587442637316,0.012987807918807187,0.07590650249419241,0.0032563384214146568,0.0002580768047794331,23,11,0.05137681450737888,0.11855112435448135,False,True,False,4.644117345637691e-07,COMPLETE
153,0.410066157579422,2025-04-05 05:34:30.230063,2025-04-05 05:34:38.863564,0 days 00:00:08.633501,0.35113417542086145,0.49743293981712927,8,0.07397705493589803,0.02321147890170403,0.033791202204535915,0.012582233522955434,0.07416107337221559,0.003164202749481123,0.00026295816028625615,23,18,0.05208833336654991,0.13142356940813213,False,True,False,4.2968828467236094e-07,COMPLETE
154,0.41876950263977053,2025-04-05 05:34:38.914397,2025-04-05 05:34:47.611408,0 days 00:00:08.697011,0.37747220368185797,0.5270221850595138,8,0.06680710001567866,0.00013460800283147337,0.02705237137129394,0.009470663198209316,0.061551749163615194,0.0059414528687835606,0.0001688431529503543,23,11,0.0538680582278256,0.11897780859466359,False,True,False,6.688218910167827e-07,COMPLETE
155,0.41760091185569764,2025-04-05 05:34:47.661834,2025-04-05 05:34:56.402248,0 days 00:00:08.740414,0.4121295299374223,0.5658018975592412,8,0.08301855800998757,0.016490017814104748,0.03719124050240111,0.013998060796060365,0.0075475957470514735,0.0031553888685897447,0.00012624572476635122,24,5,0.050356928054343594,0.13762462575475,False,True,False,5.159037466375795e-07,COMPLETE
156,0.28504276871681217,2025-04-05 05:34:56.452939,2025-04-05 05:35:04.792176,0 days 00:00:08.339237,0.3801281818052937,0.5548442377053685,8,0.06197507463257128,0.0199538934384529,0.040348287045427964,0.004875648529236106,0.08999928779300993,0.005035087399851281,0.00021800729832500753,21,10,0.046730557706232696,0.17227285828177305,False,True,False,2.500263079421306e-07,COMPLETE
157,0.41471808552742007,2025-04-05 05:35:04.843926,2025-04-05 05:35:13.639896,0 days 00:00:08.795970,0.2889656047450849,0.5187574553692926,8,0.07821528745084519,0.012121594359895991,0.04874933567169843,0.015934993109474983,0.0827487466829062,0.008573111290027354,0.0003169371509963957,24,17,0.055527818617828135,0.14382196841109346,False,True,False,3.430509438139392e-07,COMPLETE
158,0.3189042270183563,2025-04-05 05:35:13.692073,2025-04-05 05:35:22.294987,0 days 00:00:08.602914,0.3336525169629624,0.47947864768788434,8,0.0527256717533794,0.007143367962272226,0.037823736470329626,0.009342339926528538,0.004501424098905863,0.0061857420463087495,0.00011563080204516199,22,11,0.051096242378403545,0.11694026498292515,False,True,True,5.940312591697697e-07,COMPLETE
159,0.4133095622062683,2025-04-05 05:35:22.346846,2025-04-05 05:35:30.932107,0 days 00:00:08.585261,0.4495782184968128,0.5892863986772549,8,0.06916113481038692,0.014100108736770816,0.03381074719839966,0.011447338829702934,0.06729970380870558,0.0012683839639866853,0.0001813495124896646,23,5,0.05974184562947348,0.15185523407770288,False,True,False,1.0938891911829255e-06,COMPLETE
160,0.420519232749939,2025-04-05 05:35:30.984754,2025-04-05 05:35:39.809760,0 days 00:00:08.825006,0.37157652074723063,0.4977114734961895,8,0.06091271337269835,0.023478330954190656,0.04204906246139477,0.013367415607517539,0.044497724161574076,0.0028563779264459063,9.587725931611473e-05,24,11,0.04779693978142761,0.16542970354640346,False,True,False,7.942549649403845e-07,COMPLETE
161,0.4211356043815613,2025-04-05 05:35:39.864861,2025-04-05 05:35:48.491972,0 days 00:00:08.627111,0.4137558698471042,0.45247164433798565,8,0.05167306460689075,0.0064611091084814595,0.04375594367257821,0.019408735768429622,0.0011919137209504653,0.010795593821213619,3.577470051250422e-05,23,8,0.04886588028389074,0.12334860113186731,False,True,False,4.394467977285985e-07,COMPLETE
162,0.28504276871681217,2025-04-05 05:35:48.554702,2025-04-05 05:35:57.524924,0 days 00:00:08.970222,0.40557859898583487,0.46181904308996485,8,0.07422551474341284,0.00041107098810509116,0.028924828984805168,0.00365635702058089,0.0011491620924402438,0.00938889904050918,7.553831658234829e-05,23,118,0.052665272375019195,0.1306189365207592,False,True,False,4.173468254700059e-07,COMPLETE
163,0.4223875761032105,2025-04-05 05:35:57.577992,2025-04-05 05:36:06.107269,0 days 00:00:08.529277,0.3587231491468421,0.41621286896842374,8,0.051269260038039256,0.006615505179560196,0.04327654795823965,0.017521248440844416,0.0014866545468648512,0.005326083585396081,3.598582300038561e-05,22,7,0.0458727436455263,0.12068612795720449,False,True,False,5.094744113284654e-07,COMPLETE
164,0.42113986015319826,2025-04-05 05:36:06.162406,2025-04-05 05:36:14.567455,0 days 00:00:08.405049,0.35961110546490926,0.4148946964889425,8,0.06593779363727073,0.016513919357401666,0.03952766982812187,0.017428567330969376,0.007612794928110418,0.005382858355632917,0.0001530288510471028,21,11,0.045645832970824106,0.13840117565914656,False,True,False,5.532127428725627e-07,COMPLETE
165,0.3510160267353058,2025-04-05 05:36:14.621972,2025-04-05 05:36:23.112661,0 days 00:00:08.490689,0.44522272483409275,0.5201072915862125,8,0.06023231385444085,0.011193949264257354,0.04786321195697715,0.007803169141996925,0.05684283277455758,0.003451901863964806,2.5078873536737827e-05,22,5,0.051357779201974735,0.11982776911060368,False,True,False,7.514713102859985e-07,COMPLETE
166,0.4295601308345795,2025-04-05 05:36:23.166815,2025-04-05 05:36:31.383456,0 days 00:00:08.216641,0.38895691287197526,0.6310358015091231,8,0.08017112829167417,0.02369526670042224,0.03516122943679783,0.01062927513468383,0.004671404156908557,0.006358638808290646,0.0002702816133197739,20,8,0.05679680506544289,0.13052378270282367,False,True,False,1.7629359972870113e-07,COMPLETE
167,0.41237376332283027,2025-04-05 05:36:31.439606,2025-04-05 05:36:39.751174,0 days 00:00:08.311568,0.38534569416821496,0.6473734570400899,8,0.08026945913469753,0.00517046307563738,0.041650893890753576,0.011445682995905156,0.004635345264349349,0.006345570318695875,0.00021126526723712222,20,16,0.05457087653305863,0.13104007065463003,False,True,False,1.2070932243402735e-06,COMPLETE
168,0.42207975387573243,2025-04-05 05:36:39.806415,2025-04-05 05:36:47.846849,0 days 00:00:08.040434,0.3357154645983507,0.6513008732839349,8,0.05122068049338126,0.013359860942965502,0.037763695789776355,0.015428002403887222,0.0025100444205266724,0.0010752800770046467,0.00011905321741352598,19,7,0.04600997743522709,0.17803583774047282,False,True,False,9.146464783237499e-07,COMPLETE
