number,value,datetime_start,datetime_complete,duration,params_alpha-eval,params_alpha-train,params_batch-size,params_eps-eval,params_eps-train,params_lambda-actions-eval,params_lambda-actions-train,params_lambda-frames-eval,params_lambda-frames-train,params_learning-rate,params_n-epochs,params_n-frames,params_radius-gw,params_rho,params_std-feats,params_ub-actions,params_ub-frames,params_weight-decay,state
905,0.3451416790485382,2025-04-05 07:03:00.720591,2025-04-05 07:03:07.112246,0 days 00:00:06.391655,0.6840316680741049,0.7054131337787151,16,0.009713315358194164,0.05071228175533098,0.09016172299314111,0.07927147481365375,0.07059537518842794,0.028346867206900248,2.0980912831076965e-05,9,112,0.019454826192557773,0.26334188703444716,False,True,True,1.0006564119815163e-08,COMPLETE
906,0.36965187788009646,2025-04-05 07:03:07.436394,2025-04-05 07:03:13.740484,0 days 00:00:06.304090,0.6653421926807448,0.6563727713873369,16,0.016500605465009144,0.07376014190180889,0.09634409090399726,0.0815307381741681,0.07290107901844395,0.03083769005685854,0.00033805864155385076,10,17,0.015483633038612825,0.28853907361145303,False,True,False,2.4077027221265493e-08,COMPLETE
907,0.28504276871681217,2025-04-05 07:03:14.032821,2025-04-05 07:03:20.174777,0 days 00:00:06.141956,0.7096121539059703,0.6784581142508519,16,0.027015681634676342,0.15796646524842242,0.08699749608386134,0.08713448336574152,0.07536164621591718,0.038679189156368775,0.0001222247690168113,9,17,0.00508128310267543,0.27987961999020544,False,True,False,1.2528080135608471e-08,COMPLETE
908,0.38704181313514713,2025-04-05 07:03:20.471037,2025-04-05 07:03:26.716546,0 days 00:00:06.245509,0.7778618111214562,0.7194609956420275,16,0.009216860687147041,0.057836545821561294,0.07422527705067052,0.0849929563878163,0.07275878009911689,0.03257407818956902,0.00022013565692566682,10,13,0.017110917862179956,0.29023862300137104,False,True,False,1.8600614281170405e-08,COMPLETE
909,0.34548992514610294,2025-04-05 07:03:27.019058,2025-04-05 07:03:33.451435,0 days 00:00:06.432377,0.6323951343953512,0.7565415816279009,16,0.033487857152644226,0.06661442638144582,0.08791382527902127,0.07342906180048131,0.07011392012336645,0.03559157755843075,0.0038062348135013556,12,9,0.020644727479421567,0.284330575271747,False,True,False,2.6857794685310666e-08,COMPLETE
910,0.4413182377815247,2025-04-05 07:03:33.755878,2025-04-05 07:03:40.120701,0 days 00:00:06.364823,0.6072019955326255,0.6379860649643253,16,0.021173499529934497,0.05347875849814033,0.08995619810752037,0.08067933096871044,0.06910974236112266,0.02582704916588365,1.4972788799311708e-05,11,18,0.018065264020210837,0.2770220226893639,False,True,False,1.392282118735028e-08,COMPLETE
911,0.29009019732475283,2025-04-05 07:03:40.410650,2025-04-05 07:03:46.756060,0 days 00:00:06.345410,0.644691813664815,0.6613609336815864,16,0.014401480647765388,0.06374052034633775,0.09305798575799237,0.08358175589308808,0.0721027623373555,0.029195755891117576,8.54141107129967e-05,9,125,0.010590237779110952,0.2941051407335553,False,True,False,1.0057697400017248e-08,COMPLETE
912,0.28504276871681217,2025-04-05 07:03:47.056398,2025-04-05 07:03:53.416624,0 days 00:00:06.360226,0.6176938769952087,0.6982289456710861,16,0.042967768289583444,0.07283953403968565,0.08490950379324506,0.08732284994995325,0.07448621745554064,0.032928136628164587,0.00018909788723709678,10,94,0.013517252126528288,0.28597144654354023,False,True,False,1.6884517639498973e-08,COMPLETE
913,0.4507363438606262,2025-04-05 07:03:53.723245,2025-04-05 07:03:59.916005,0 days 00:00:06.192760,0.6039555847797577,0.6120292967541183,16,0.008158371120336932,0.060624612268497774,0.07570480880568883,0.06883527434419404,0.06855372230112601,0.03702401147145578,0.00015019938762797058,9,14,0.021184645712287682,0.2999373788538661,False,True,False,2.1409462027684354e-08,COMPLETE
914,0.47391173839569095,2025-04-05 07:04:00.221758,2025-04-05 07:04:06.579174,0 days 00:00:06.357416,0.6749146372800248,0.6827712964834267,16,0.024481062396150468,0.04997058558296029,0.07119608220297478,0.07590942023696208,0.07043911004047339,0.05848556429193457,0.00025200127707073546,11,19,0.0157116691300792,0.2917877443417128,False,True,False,1.23482161831829e-08,COMPLETE
915,0.36342731714248655,2025-04-05 07:04:06.869328,2025-04-05 07:04:17.483759,0 days 00:00:10.614431,0.7304788791812054,0.7286837060224212,2,0.015732724023388312,0.27754631568989174,0.08648326217321814,0.07836403205052744,0.06985501236118256,0.034698709074186665,6.27489180594437e-05,9,10,0.018896195531359794,0.26952398807058636,True,True,False,1.51604158954748e-08,COMPLETE
916,0.31139251589775085,2025-04-05 07:04:17.786980,2025-04-05 07:04:24.039605,0 days 00:00:06.252625,0.6421853827954431,0.7529805639456822,16,0.030289466613071143,0.06794084580141087,0.08161845712665722,0.08580211502281229,0.06858931853582967,0.030369637083784318,0.00012464993532857485,10,16,0.019897410536420832,0.2810352589401595,False,True,False,2.6809091834898957e-08,COMPLETE
917,0.28504276871681217,2025-04-05 07:04:24.342600,2025-04-05 07:04:30.891616,0 days 00:00:06.549016,0.5970956407356302,0.7027153031438299,16,0.021623012989563116,0.057604414370137705,0.07349360680555372,0.08231715769233934,0.07870059921055897,0.027688091979109073,9.808294685079665e-05,11,105,0.016919361790830725,0.28971212493447385,False,True,False,1.879546236287099e-08,COMPLETE
918,0.38707906603813175,2025-04-05 07:04:31.202807,2025-04-05 07:04:37.429657,0 days 00:00:06.226850,0.6944463249533878,0.663722669026121,16,0.036448580491700806,0.07744753998075149,0.07925519524472692,0.08776154307638152,0.07242520356667038,0.03179111636864167,0.00017371088123695945,10,13,0.021838595604970982,0.29428360803856013,False,True,False,1.2912323532937224e-08,COMPLETE
919,0.39024335741996763,2025-04-05 07:04:37.720058,2025-04-05 07:04:43.909490,0 days 00:00:06.189432,0.7175778486042841,0.6313505279182176,16,0.009857631090522193,0.0437208204283864,0.08446281573471606,0.08393287331134414,0.07629873293487902,0.03982461809266823,0.00021133367368920543,9,20,0.013013812051502049,0.28438953410283496,False,True,False,1.0017703200445364e-08,COMPLETE
920,0.4719252347946167,2025-04-05 07:04:44.216107,2025-04-05 07:04:50.622859,0 days 00:00:06.406752,0.6215848025509891,0.6472819546675234,16,0.016486556098901536,0.06532696290861179,0.08909728517983263,0.0797399200534763,0.06764458269650224,0.03412255039882107,0.00014624309295802426,12,15,0.019608574028224347,0.2767839740535133,False,True,False,4.474835790323017e-06,COMPLETE
921,0.28504276871681217,2025-04-05 07:04:50.929311,2025-04-05 07:04:57.610757,0 days 00:00:06.681446,0.6554942361995523,0.6948502286340115,16,0.006156164702524876,0.055802065155346435,0.07639643950982782,0.0865990978992136,0.06683427024392675,0.03752566239727875,0.0002746695173857287,11,150,0.014968472094742988,0.2869722104437176,False,True,False,1.5789825187432054e-08,COMPLETE
922,0.413913768529892,2025-04-05 07:04:57.918883,2025-04-05 07:05:04.140993,0 days 00:00:06.222110,0.5945707669055643,0.7267504306894195,16,0.027572497778126023,0.0716142753547172,0.08625470021108121,0.0768278445821573,0.06986221876904855,0.030988959522423747,0.0001230563824979389,9,10,0.022952197520777096,0.29217056535615304,False,True,False,2.1984734658417e-08,COMPLETE
923,0.38513455986976625,2025-04-05 07:05:04.430633,2025-04-05 07:05:11.128220,0 days 00:00:06.697587,0.6668495071056931,0.6786319640709959,16,0.019937956061813117,0.0607956255656108,0.08272215490487565,0.07425551160291807,0.07156572096681182,0.02590713427968231,7.668181508232597e-05,10,17,0.017477820838146977,0.29987873866872694,False,False,False,1.2571426089919668e-08,COMPLETE
924,0.28504276871681217,2025-04-05 07:05:11.436258,2025-04-05 07:05:17.643572,0 days 00:00:06.207314,0.6030080083402319,0.7069251194414521,16,0.012947870251653061,0.048703801192025414,0.07863428266722229,0.08142728921990736,0.07439923482493317,0.035684288863938575,0.00018785695929267958,9,21,0.02079599042443696,0.28224616091197,False,True,True,2.8133844034888667e-08,COMPLETE
925,0.4681723594665528,2025-04-05 07:05:17.950830,2025-04-05 07:05:24.198964,0 days 00:00:06.248134,0.630636702688149,0.6087136653838683,16,0.037563977146062084,0.06816836135147278,0.09741541187033931,0.08504891679797716,0.06755538585320757,0.028143234247044558,0.00033412599525117347,10,14,0.018582750373435694,0.2948532789960773,False,True,False,6.269216997326446e-06,COMPLETE
926,0.3616312325000763,2025-04-05 07:05:24.510079,2025-04-05 07:05:30.768648,0 days 00:00:06.258569,0.5202431186864324,0.6507552321036172,16,0.006196522524993745,0.05439235259191749,0.08084339224861406,0.08796375894877254,0.06613367556620027,0.02998035931970816,0.00014951639865845996,10,10,0.016350246808120448,0.06350290958764669,False,True,False,1.5159375806043866e-08,COMPLETE
927,0.29026051163673405,2025-04-05 07:05:31.064991,2025-04-05 07:05:37.252569,0 days 00:00:06.187578,0.615984347748117,0.6645827925153375,16,0.031279929219778305,0.07848979246748691,0.08412044087783167,0.08303123813719568,0.06925828447685348,0.03284500464382331,0.00010613850808166916,9,19,0.021797022955857764,0.00756169499233042,False,True,False,1.9102240149599023e-08,COMPLETE
928,0.28504276871681217,2025-04-05 07:05:37.561980,2025-04-05 07:05:44.124540,0 days 00:00:06.562560,0.5825227349848328,0.6320872107912562,16,0.02360562065523797,0.062058555287568415,0.08797284255765174,0.07971229554935619,0.06285988565221624,0.03937538087926325,0.002038296578994204,11,130,0.011628218388078515,0.2745332500082569,False,True,False,1.5384741785706454e-08,COMPLETE
929,0.36897277235984804,2025-04-05 07:05:44.429721,2025-04-05 07:05:50.826792,0 days 00:00:06.397071,0.5024526227608532,0.6823110185394321,16,0.01064219213741408,0.07200977513844824,0.0773796071980668,0.07214407276790755,0.07328524131691239,0.08888619324420746,0.0002430037539820166,12,13,0.02371207612972556,0.2892603939095198,False,True,False,1.1881351561314604e-08,COMPLETE
930,0.3852051496505738,2025-04-05 07:05:51.137486,2025-04-05 07:05:57.372283,0 days 00:00:06.234797,0.5845820528371771,0.7146197723482995,16,0.0480854135808096,0.05874507369390831,0.07021442200289749,0.07754423554449419,0.06863143333526713,0.036254842742344126,9.185009681682921e-05,10,21,0.019466906509324682,0.2942396680901989,False,True,False,2.2080554733449983e-08,COMPLETE
931,0.4209825813770295,2025-04-05 07:05:57.668001,2025-04-05 07:06:03.949485,0 days 00:00:06.281484,0.6420095103212433,0.6949573783192012,16,0.018233889884328336,0.06686963871674362,0.03137324063896131,0.08795760926476719,0.07163588083734733,0.033990418809038324,0.0001880510404952268,9,17,0.014819213336800072,0.28424919470850024,False,True,False,9.539726354058693e-05,COMPLETE
932,0.33519660234451293,2025-04-05 07:06:04.258244,2025-04-05 07:06:10.514565,0 days 00:00:06.256321,0.7464965491025854,0.7403986779343495,16,0.028198176152594612,0.052632263932792564,0.0744791072487962,0.08581924361225012,0.06549189542600212,0.03145688405903199,0.00011339883948482352,10,11,0.017592454217857496,0.26709957710014226,False,True,False,1.2177700209515304e-08,COMPLETE
933,0.3819951474666596,2025-04-05 07:06:10.821487,2025-04-05 07:06:21.576546,0 days 00:00:10.755059,0.5085734887023711,0.662362894369538,2,0.006062754686755569,0.04297775635999201,0.09041220952475848,0.08175640222772393,0.06728700585502898,0.027477712527751486,0.00014492742161996273,9,16,0.06821658170769702,0.2999994673089838,False,True,False,1.711895504948619e-08,COMPLETE
934,0.3662759304046631,2025-04-05 07:06:21.890513,2025-04-05 07:06:28.237866,0 days 00:00:06.347353,0.533191410615395,0.6169617127691708,16,0.014619022162125586,0.06266654808282908,0.0823393032440604,0.0754495262901022,0.08011695722761135,0.029690119471533563,4.973371389604803e-05,10,22,0.021262013112934148,0.1770070729559564,True,True,False,1.234212494773676e-08,COMPLETE
935,0.41498646736145023,2025-04-05 07:06:28.551007,2025-04-05 07:06:34.871225,0 days 00:00:06.320218,0.8084904522601964,0.13604449882044073,16,0.021234645903763665,0.07530993573991143,0.08524775626034388,0.08843315541888405,0.07040937017631217,0.037522266974935624,0.0002185331670843219,11,9,0.02350267641923466,0.28906182772168904,False,True,False,2.1129299301814204e-08,COMPLETE
936,0.33180374503135684,2025-04-05 07:06:35.169592,2025-04-05 07:06:41.362941,0 days 00:00:06.193349,0.555310582276174,0.7181686205320181,16,0.03369048060878001,0.18596830634971864,0.07985410493649783,0.08419747109072068,0.02892722252238738,0.03343528383627813,0.00018125123837886483,9,18,0.019532953688673593,0.27892920797518106,False,True,False,1.0045513167999077e-08,COMPLETE
937,0.3714599311351776,2025-04-05 07:06:41.673811,2025-04-05 07:06:47.958648,0 days 00:00:06.284837,0.5193192373761311,0.7551576013666245,16,0.006750605799683719,0.05598593285621045,0.08747943804506732,0.0855425171362938,0.07505520868336499,0.039647715401392475,0.0001321658231644903,10,13,0.00828357276014401,0.29367512538923507,False,True,False,1.5153219358961813e-08,COMPLETE
938,0.3515356183052063,2025-04-05 07:06:48.271280,2025-04-05 07:06:54.704544,0 days 00:00:06.433264,0.8832057111414545,0.6799998759680195,16,0.013704601100629933,0.06645954575113991,0.0723245639718479,0.08341815200464371,0.06320700274166388,0.035275391788366965,8.418561076519637e-05,9,139,0.015825729667258592,0.2840833459355862,False,True,False,2.8604517125826604e-08,COMPLETE
939,0.36820552945137025,2025-04-05 07:06:55.017868,2025-04-05 07:07:01.432970,0 days 00:00:06.415102,0.5976551062450834,0.6435509083971712,16,0.0403025954924123,0.05054134299211696,0.07574508536983456,0.08079872708631049,0.06527636376304595,0.032402682286490916,6.364692027470494e-05,11,15,0.012926661715828187,0.27280384334342445,False,True,False,1.8203057667486933e-08,COMPLETE
940,0.36522244811058047,2025-04-05 07:07:01.733452,2025-04-05 07:07:08.058196,0 days 00:00:06.324744,0.6900694133856123,0.7025274690317407,16,0.02394710062233349,0.0715001254276362,0.08319025284118076,0.09885401919597137,0.06861690605226932,0.02899143803388197,0.00030394691408854285,10,22,0.01775290727143066,0.28949009044662544,False,True,False,2.5303869819810616e-08,COMPLETE
941,0.3578397691249848,2025-04-05 07:07:08.368854,2025-04-05 07:07:14.760710,0 days 00:00:06.391856,0.550574518002048,0.7299126267552204,16,0.0061521539616056576,0.060261358770643224,0.0927309841308492,0.07796309214096662,0.07201932011602943,0.026333037422096223,0.00017358073616476817,11,19,0.021170919165937597,0.2953889164977914,False,True,False,1.2549020551515194e-08,COMPLETE
942,0.38868270516395576,2025-04-05 07:07:15.071951,2025-04-05 07:07:21.612221,0 days 00:00:06.540270,0.6678861307060839,0.6644314472330044,16,0.017372389633131025,0.07722603899122357,0.08128945562590757,0.08717261627520599,0.08336109440972532,0.030619175368754907,0.0002349301410063797,9,9,0.023893960489311167,0.2791870859409362,False,False,False,1.4601243322524746e-08,COMPLETE
943,0.4794384002685547,2025-04-05 07:07:21.923068,2025-04-05 07:07:28.225685,0 days 00:00:06.302617,0.5052319424731143,0.6301047632212531,16,0.027153330038512127,0.06344659651659025,0.07842561256650435,0.07965329384592708,0.07690327719010553,0.03636431353728819,0.00011666689220355635,10,13,0.018441393447906542,0.2866624707827313,False,True,False,2.010185765235358e-08,COMPLETE
944,0.28504276871681217,2025-04-05 07:07:28.544901,2025-04-05 07:07:34.790309,0 days 00:00:06.245408,0.6272806757113643,0.6974441090237787,16,0.011509569312344195,0.04916978688760723,0.08593679087981958,0.07336661503926571,0.06760534294358563,0.03436909301201188,0.00014072143097120318,9,17,0.015044441158968745,0.2949582011351013,False,True,True,1.0085447312845871e-08,COMPLETE
945,0.469135582447052,2025-04-05 07:07:35.091472,2025-04-05 07:07:41.579625,0 days 00:00:06.488153,0.5833747278233635,0.6820778597382132,16,0.031348804247942716,0.05617333986404526,0.08410181885417692,0.08845605729007089,0.06322411462507758,0.03196569275209777,0.0002138236327533554,12,24,0.022508272487022692,0.288932964835546,False,True,False,1.606365047584951e-08,COMPLETE
946,0.4688502132892609,2025-04-05 07:07:41.891042,2025-04-05 07:07:48.244584,0 days 00:00:06.353542,0.5274043512989293,0.6076807233624572,16,0.021014725510119396,0.06846251467452434,0.07629546537400951,0.07560492867046362,0.07087988886522982,0.037958959959093874,9.544657097655488e-05,11,12,0.02022597427468574,0.28130330272442416,False,True,False,1.2641306792413161e-08,COMPLETE
947,0.3704102337360382,2025-04-05 07:07:48.557044,2025-04-05 07:07:54.811180,0 days 00:00:06.254136,0.5678396883840797,0.6535615710644413,16,0.006745880240393076,0.08143685522946185,0.08080005320814433,0.08536173602468486,0.06610501339595702,0.028089876100868497,0.0001585420310979573,10,29,0.016749402262367524,0.2731530863127659,False,True,False,2.3607564780350188e-08,COMPLETE
948,0.28470602035522463,2025-04-05 07:07:55.126235,2025-04-05 07:08:01.305283,0 days 00:00:06.179048,0.5429258740931339,0.7301622445459662,16,0.01397489583309253,0.042974668178986236,0.08966125023678569,0.0823940359474831,0.07326755301053614,0.03344929731115682,0.00027908689934448246,8,69,0.019444137469882376,0.29552773476109256,False,True,False,1.6419487215763928e-08,COMPLETE
949,0.4404366493225098,2025-04-05 07:08:01.604678,2025-04-05 07:08:07.816830,0 days 00:00:06.212152,0.6027578797142967,0.7122823870247446,16,0.03836319503486328,0.060522473331897794,0.08740291828696875,0.08941579360201567,0.06963120634434979,0.02601723952673924,0.00011560822945321669,9,20,0.022142564959902238,0.2999873676747322,False,True,False,1.002655032771495e-08,COMPLETE
950,0.458007037639618,2025-04-05 07:08:08.131371,2025-04-05 07:08:14.326647,0 days 00:00:06.195276,0.5093508406326154,0.6728681500460211,16,0.025614773759415895,0.07199997262970917,0.07891407858700478,0.08413042381134447,0.06468203362290857,0.03127921208543084,0.00019228588428002664,9,16,0.01148867537539301,0.28664712178838947,False,True,False,2.9374196868654246e-08,COMPLETE
951,0.35760418176651,2025-04-05 07:08:14.642339,2025-04-05 07:08:20.870537,0 days 00:00:06.228198,0.6417676169451458,0.6400809745752478,16,0.019550075568665316,0.25423375821409144,0.007572010629869924,0.07901919858834963,0.0619460952914173,0.03606263662413838,7.747519678498174e-05,10,9,0.014745977749191324,0.28984727329834375,False,True,False,0.00044629968212232156,COMPLETE
952,0.3542337417602539,2025-04-05 07:08:21.191582,2025-04-05 07:08:27.627537,0 days 00:00:06.435955,0.527994989453029,0.7550185662019,16,0.011967563081323157,0.054438087364407126,0.08306372355335423,0.08684735082330909,0.06632343326782224,0.028948612367762274,0.00015063089808485023,12,22,0.01737243415189369,0.26342597728215283,False,True,False,1.273597638720051e-08,COMPLETE
953,0.3689303040504456,2025-04-05 07:08:27.945232,2025-04-05 07:08:34.321139,0 days 00:00:06.375907,0.7204909214172592,0.6954401839094421,16,0.006064705931155338,0.2969553160114123,0.07373112121790679,0.08163492474517425,0.06801792243131434,0.03890874132577537,0.00024920358083214413,10,15,0.021226041889363362,0.27851234292192356,False,True,False,1.9952408659970168e-08,COMPLETE
954,0.4225180625915528,2025-04-05 07:08:34.626746,2025-04-05 07:08:46.496295,0 days 00:00:11.869549,0.5569770417490932,0.6038082857495185,2,0.25074276778187127,0.0626546024102196,0.0856609870911642,0.0858222054728656,0.0699957356846193,0.03456928659154614,0.00016403003227233692,11,19,0.02423620363149783,0.2944532742380773,True,True,False,1.4423654050673003e-08,COMPLETE
955,0.42190610170364384,2025-04-05 07:08:46.812040,2025-04-05 07:08:53.056209,0 days 00:00:06.244169,0.49878129058861964,0.6586832359193011,16,0.03308879518795813,0.06651899010068023,0.0812778657529884,0.07712795265324553,0.07454046331643308,0.030449984660111527,0.00010184703678801324,9,12,0.018539363235522997,0.29992155273097726,False,True,False,1.8410707127834975e-08,COMPLETE
956,0.32876871228218085,2025-04-05 07:08:53.373163,2025-04-05 07:09:01.371182,0 days 00:00:07.998019,0.6667810634954487,0.6831123446434283,16,0.12250883764818013,0.20563839633245456,0.07725662594750611,0.08773031445421577,0.06441383042412648,0.03294725607136796,0.00013135051762167246,30,27,0.01384515538537194,0.2837715748307999,False,True,False,1.205556806103776e-08,COMPLETE
957,0.36201529502868657,2025-04-05 07:09:01.693294,2025-04-05 07:09:07.998944,0 days 00:00:06.305650,0.6166947778331106,0.623552830524426,16,0.015767514571685372,0.048283879470643526,0.08456526551706242,0.09992839669540055,0.0666869511412915,0.03679311814975336,0.00020343946218443946,10,24,0.022889690732785045,0.19118044368622322,False,True,False,2.1843036236340272e-08,COMPLETE
958,0.43125739097595217,2025-04-05 07:09:08.316080,2025-04-05 07:09:14.376563,0 days 00:00:06.060483,0.5692697140370593,0.7159815994007496,16,0.027428920534821977,0.05725268040966032,0.0791507697457892,0.08902597536696329,0.0720267512183788,0.026982802892015587,7.279890893375143e-05,8,9,0.01651962140040307,0.29033700848243726,False,True,False,1.486154387622468e-08,COMPLETE
959,0.37896871566772466,2025-04-05 07:09:14.681722,2025-04-05 07:09:20.843600,0 days 00:00:06.161878,0.5830100994588965,0.7347942401205262,16,0.004696038973119446,0.07129216503413018,0.025413301287505075,0.08410371280852037,0.06291096541456777,0.02964834917412998,0.0001737087236520629,9,19,0.020395493549515597,0.08794691048766956,False,True,False,1.0097545107670597e-08,COMPLETE
960,0.4429706394672394,2025-04-05 07:09:21.158212,2025-04-05 07:09:27.330691,0 days 00:00:06.172479,0.07707971121774881,0.6718403829878034,16,0.04477255788396372,0.0645986879363254,0.07142947012478133,0.07869882090887717,0.06891902053338207,0.039805299251239656,0.00011615642305395374,8,15,0.02411868366105037,0.27044028186358876,False,True,False,2.8061202699059905e-08,COMPLETE
