number,value,datetime_start,datetime_complete,duration,params_alpha-eval,params_alpha-train,params_batch-size,params_eps-eval,params_eps-train,params_lambda-actions-eval,params_lambda-actions-train,params_lambda-frames-eval,params_lambda-frames-train,params_learning-rate,params_n-epochs,params_n-frames,params_radius-gw,params_rho,params_std-feats,params_ub-actions,params_ub-frames,params_weight-decay,state
168,0.6639598965644837,2025-04-20 19:07:58.989364,2025-04-20 19:08:23.121243,0 days 00:00:24.131879,0.6342204195464415,0.07542241564321928,16,0.12542840303392455,0.03341301723580581,0.055354630925931056,0.08630945338559644,0.04103840652527216,0.06256055992850428,0.00498326616861581,15,39,0.0048854204296474016,0.2569234917679237,True,False,False,4.807938537148068e-07,COMPLETE
169,0.1295475423336029,2025-04-20 19:08:23.175648,2025-04-20 19:08:44.421900,0 days 00:00:21.246252,0.7756592327287364,0.06976188109732438,16,0.1250963766694599,0.022191629267037438,0.055243583079489365,0.08892757070776908,0.04016824175343112,0.06296137450412903,0.004685714262194892,15,39,0.008356446743250685,0.29692149358025266,True,True,False,1.9205928168522843e-07,COMPLETE
170,0.5868530154228211,2025-04-20 19:08:44.477707,2025-04-20 19:09:09.041569,0 days 00:00:24.563862,0.6233601589597892,0.10754580457388593,16,0.11757693650289996,0.034462281261088704,0.04946937451885636,0.08704115817038406,0.03450195827783525,0.06624725548668911,0.006182204272834811,16,43,0.005206959050033994,0.25833106969718994,True,False,False,4.7117120309438554e-07,COMPLETE
171,0.6685748338699341,2025-04-20 19:09:09.097321,2025-04-20 19:09:32.494531,0 days 00:00:23.397210,0.6092303900892103,0.039535185032860305,16,0.17836178002557282,0.030087746457563985,0.053743271397284784,0.08483831547165498,0.03825052993872445,0.07277739091787241,0.002850698941828064,14,30,0.0038979870439493185,0.25087226561362697,True,False,False,5.382244372336272e-07,COMPLETE
172,0.5677755236625671,2025-04-20 19:09:32.558590,2025-04-20 19:09:56.132642,0 days 00:00:23.574052,0.6470718697279578,0.03970514687287468,16,0.1516740335159239,0.02771608481615149,0.05329132270129953,0.08500987569678214,0.037705510354253534,0.06982704614562306,0.008846480177498983,14,35,0.004374362784612395,0.24838525652285642,True,False,False,5.554919405902885e-07,COMPLETE
173,0.5629590392112732,2025-04-20 19:09:56.188572,2025-04-20 19:10:20.283768,0 days 00:00:24.095196,0.6086774276831621,0.09105520302009386,16,0.16137137682757793,0.01446298171431392,0.057026459081896776,0.08390396071588686,0.0418291396831973,0.0727847518065867,0.0036307951937039496,15,31,0.007409782320150208,0.2539843308082491,True,False,False,3.29976883150004e-07,COMPLETE
174,0.09069270193576813,2025-04-20 19:10:20.339560,2025-04-20 19:10:42.676576,0 days 00:00:22.337016,0.6361894451585782,0.03522673437203718,16,0.17384550054675652,0.007472200339146749,0.05475248062814909,0.07915536161665365,0.03404566115878988,0.06788226743878206,0.002662539832569727,13,38,0.004779634500165441,0.29383046131719925,True,False,False,4.391235712244951e-07,COMPLETE
175,0.5116626620292664,2025-04-20 19:10:42.732974,2025-04-20 19:11:06.574870,0 days 00:00:23.841896,0.5654510356679682,0.06617914804289464,16,0.12857356493751113,0.018590111606869568,0.060739235473943616,0.08960149650885132,0.036253763994613046,0.07351342527052197,0.005139663130168895,15,27,0.0010570143790091515,0.27859022663270827,True,False,False,8.34555316860227e-07,COMPLETE
176,0.5787067770957948,2025-04-20 19:11:06.631180,2025-04-20 19:11:31.407370,0 days 00:00:24.776190,0.6647163119445895,0.13694814885594392,16,0.13871600557719962,0.031647918424601684,0.05082656939988609,0.08196022497432402,0.03958159781777439,0.07125747038145264,0.0031248328973120377,16,24,0.006326952171955201,0.2547873192726029,True,False,False,7.709652964089523e-06,COMPLETE
177,0.5797259211540222,2025-04-20 19:11:31.464257,2025-04-20 19:11:54.528363,0 days 00:00:23.064106,0.6129965601395817,0.16029291738335888,16,0.14534048020540874,0.03645119622381454,0.056018837351590675,0.08581681462613314,0.028435516854663757,0.06243110072462553,0.007863639280064567,13,34,0.0032521817140264194,0.23999198190551868,True,False,False,3.329715780374217e-06,COMPLETE
178,0.6065070986747743,2025-04-20 19:11:54.585742,2025-04-20 19:12:19.738818,0 days 00:00:25.153076,0.5427649289366095,0.11569712224370679,16,0.18115480513774912,0.023655029062439048,0.0585851648286661,0.08011624394049445,0.03333188201411643,0.057553231908582504,0.0019462023371042744,17,42,0.00881732198140945,0.2631471345474592,True,False,False,5.741451854552433e-07,COMPLETE
179,0.4225861191749573,2025-04-20 19:12:19.796214,2025-04-20 19:13:25.906838,0 days 00:01:06.110624,0.6326988796697014,0.07730937569028613,2,0.11073437745903085,0.013397617064582692,0.06169394770925902,0.08689122175821647,0.04174438320288162,0.05057785956178275,0.012086743103220962,14,19,0.010577105832954665,0.2689300180113844,True,False,False,1.0290108345405899e-05,COMPLETE
180,0.5829488754272462,2025-04-20 19:13:25.966565,2025-04-20 19:13:52.607519,0 days 00:00:26.640954,0.7285500386579267,0.049287455630820126,16,0.1866703946444668,0.03694345074985642,0.053125896513288466,0.08375883856149181,0.030896094322806367,0.07478336346017224,0.002634071071001197,14,129,0.0173246924623618,0.24766057459658697,True,False,False,2.9604986340123457e-07,COMPLETE
181,0.5755897045135498,2025-04-20 19:13:52.674999,2025-04-20 19:14:16.298135,0 days 00:00:23.623136,0.6010483540352725,0.05841686329986111,16,0.16958474783333807,0.04125209291424452,0.06521711231677976,0.07741643226252405,0.03641408535920018,0.05330966373536722,0.0015547301596419588,14,29,0.002920352042169217,0.2047575497682052,True,False,False,1.2683708915683756e-06,COMPLETE
182,0.46947045326232917,2025-04-20 19:14:16.358367,2025-04-20 19:14:40.146376,0 days 00:00:23.788009,0.5775815721224925,0.08125905770953748,16,0.18063280772681867,0.0509681519784337,0.06691386965649929,0.07556408136085035,0.03876701934510189,0.07692276243349955,0.0013376637092791985,15,30,0.0038249759980042582,0.19965681270293562,True,False,False,7.042424786643459e-07,COMPLETE
183,0.5686902046203614,2025-04-20 19:14:40.204910,2025-04-20 19:15:02.820015,0 days 00:00:22.615105,0.6616015176785989,0.05619513134966861,16,0.17748477732411194,0.028062530131434983,0.06396753660526643,0.08107521021042036,0.04391058629834685,0.056181786711151975,0.0037241899283373928,12,27,0.006058301308667513,0.2116553288237969,True,False,False,1.0195001200003936e-06,COMPLETE
184,0.09069270193576813,2025-04-20 19:15:02.878750,2025-04-20 19:15:24.981341,0 days 00:00:22.102591,0.6020802548841753,0.09872410489849645,16,0.15973572293158955,0.006111789593054159,0.059152375079049004,0.07862747368104146,0.032570097507643773,0.0592502462190893,0.0017892510547653376,13,36,0.002652469770297205,0.2993120035120128,True,False,False,4.692442655136457e-07,COMPLETE
185,0.6214108228683471,2025-04-20 19:15:25.041442,2025-04-20 19:15:48.820103,0 days 00:00:23.778661,0.6368494478735173,0.032118708825744746,16,0.1694554823568005,0.020503836207853152,0.08372400635582744,0.07439093260114805,0.05519326225969147,0.06431531924174579,0.0025810868999546375,15,24,0.007204943185841535,0.23316882842573744,True,False,False,3.915627399405992e-05,COMPLETE
186,0.11688199937343598,2025-04-20 19:15:48.879599,2025-04-20 19:16:10.810984,0 days 00:00:21.931385,0.7004124886932374,0.13214645066073033,16,0.1847380916021157,0.033194544767277706,0.04505214384513352,0.07595046240358978,0.050780871446304617,0.05077377140299152,0.000546949896681792,15,32,0.0012545371006319158,0.2556066345518143,True,False,True,6.075953076470867e-06,COMPLETE
187,0.6222855448722839,2025-04-20 19:16:10.872325,2025-04-20 19:16:34.955200,0 days 00:00:24.082875,0.5694382096930198,0.06765338935588228,16,0.25569260627362567,0.045439576134304556,0.09029974260919847,0.08280561062984285,0.046882459878221684,0.045772461506941566,0.002230997929150856,14,39,0.005407218371464512,0.1248498972209232,True,False,False,8.299902535372185e-07,COMPLETE
188,0.5479376316070557,2025-04-20 19:16:35.016948,2025-04-20 19:16:57.854192,0 days 00:00:22.837244,0.6178887676381157,0.1040571288955319,16,0.15495159460371977,0.039883553457741375,0.08621532659064231,0.0718183286004764,0.06230410751164516,0.054557178510816456,0.0011302560166090748,13,30,0.012426225958705258,0.2848871121016117,True,False,False,4.576106914704876e-06,COMPLETE
189,0.6698004007339478,2025-04-20 19:16:57.914891,2025-04-20 19:17:21.316930,0 days 00:00:23.402039,0.5878857192257906,0.03290313984898627,16,0.22448345394198257,0.025252313299242605,0.03869358107448511,0.07948682268117695,0.03470281050840485,0.0612141039474639,0.0015084151107544108,14,33,0.0034049063263951788,0.24739658707128384,True,False,False,3.8351054311904215e-07,COMPLETE
190,0.6063881158828736,2025-04-20 19:17:21.386821,2025-04-20 19:17:44.060622,0 days 00:00:22.673801,0.5146311713545622,0.03230645416664778,16,0.22277383325179848,0.012115826210697522,0.061685701862635695,0.08078354618086107,0.03479070804352986,0.06190105615618678,0.004243551709011178,12,36,0.008750892007323204,0.24585945128142975,True,False,False,3.565556648561585e-07,COMPLETE
191,0.6813680529594421,2025-04-20 19:17:44.121691,2025-04-20 19:18:07.721567,0 days 00:00:23.599876,0.5847145864410478,0.08300989351563276,16,0.23044079592283484,0.02258288563873703,0.03777499652695209,0.07701100784176916,0.037057523910309115,0.05998916993896901,0.0015092701604508285,14,32,0.004090346531805033,0.2588883963225479,True,False,False,2.41931539911825e-07,COMPLETE
192,0.5230428814888001,2025-04-20 19:18:07.782898,2025-04-20 19:18:31.393833,0 days 00:00:23.610935,0.5795840153413756,0.06963775528960166,16,0.22716183703127327,0.024824884196133042,0.037294013742449804,0.07728788063112674,0.0379805883783754,0.05981188146665963,0.0016591079960915948,14,34,0.00429264279471412,0.25944773361710327,True,False,False,2.58799857275358e-07,COMPLETE
193,0.5521094560623169,2025-04-20 19:18:31.457018,2025-04-20 19:18:55.565180,0 days 00:00:24.108162,0.6532284892715379,0.5604698401160937,16,0.24359820328828083,0.018029708317206707,0.035266821785329514,0.07916513178796551,0.03568891805437457,0.06603249039898497,0.002013795074218257,14,45,0.0060762398412015535,0.27078427247694403,True,False,False,4.5317534551662693e-07,COMPLETE
194,0.6840038061141969,2025-04-20 19:18:55.628562,2025-04-20 19:19:20.031461,0 days 00:00:24.402899,0.5382179631304104,0.0921415394128304,16,0.2322700602581807,0.029688327167492132,0.05641989193397989,0.08431519333044188,0.04051481576836741,0.06345916074436167,0.0013756174608791415,16,32,0.003761501532442902,0.24885865975810723,True,False,False,6.002888220195144e-07,COMPLETE
195,0.6055007219314575,2025-04-20 19:19:20.094454,2025-04-20 19:19:44.753949,0 days 00:00:24.659495,0.5547675329662447,0.09211538336424216,16,0.23459058547022993,0.029907194216839555,0.05566295400715648,0.08531407430891584,0.040435510867446636,0.06358220399792067,0.0029589715592408736,16,38,0.004898558423617774,0.2411382577184201,True,False,False,1.604003496711108e-07,COMPLETE
196,0.6791616916656495,2025-04-20 19:19:44.818321,2025-04-20 19:20:09.250328,0 days 00:00:24.432007,0.5394542513034369,0.15093484552143047,16,0.2259970326931347,0.024066421292252435,0.05288839821100177,0.08260951331843042,0.041688115942907576,0.060643987284399764,0.0015240970011133205,16,33,0.007465773090792003,0.24986377775796306,True,False,False,2.2119423775863974e-07,COMPLETE
197,0.5898223280906678,2025-04-20 19:20:09.313537,2025-04-20 19:20:34.325865,0 days 00:00:25.012328,0.5235595564655736,0.17233086496810002,16,0.22901077028378242,0.018249656548749715,0.04951594608763773,0.08717632303598269,0.04208072244287781,0.060846879371105646,0.0015725353665501705,17,40,0.015009353455033816,0.25018723890469774,True,False,False,1.9768112099387277e-07,COMPLETE
198,0.09069270193576813,2025-04-20 19:20:34.398639,2025-04-20 19:20:57.725079,0 days 00:00:23.326440,0.49864982318144746,0.14190155746300798,16,0.23741576276339063,0.006755306994755624,0.028517251299149716,0.08892210462775532,0.04432080185521192,0.05758250158540149,0.0010960779665516842,16,22,0.009678765294043663,0.2548726112365744,True,False,False,1.3546438719056518e-07,COMPLETE
199,0.5421255588531494,2025-04-20 19:20:57.789020,2025-04-20 19:21:21.843018,0 days 00:00:24.053998,0.5329224496231603,0.11990180687630997,16,0.24451821468939916,0.024254637570769455,0.03160513122141509,0.08317949109770108,0.03050835389728692,0.06188920644535341,0.00030390815832334313,15,34,0.007827339882382225,0.26412857936221923,True,False,False,2.452370363278449e-07,COMPLETE
200,0.3319343447685242,2025-04-20 19:21:21.906220,2025-04-20 19:21:44.070051,0 days 00:00:22.163831,0.5471957625706749,0.15399694152525703,16,0.22231295418369418,0.017102695908767583,0.03973605732795115,0.08420894678082254,0.0372204870305826,0.058786199880938875,0.001451833792017249,17,25,0.01309163511928119,0.24867002626141765,True,True,False,2.9876856473170645e-07,COMPLETE
201,0.6720487594604493,2025-04-20 19:21:44.134078,2025-04-20 19:22:07.953903,0 days 00:00:23.819825,0.564700813424614,0.11293956928075363,16,0.21273207465351854,0.03021105020441841,0.052770076958276235,0.08158910252484075,0.03974539172540854,0.06870424600225992,0.0018789038377815233,15,33,0.0024218570330647006,0.257715406906785,True,False,False,4.093713859543782e-07,COMPLETE
202,0.5821205139160157,2025-04-20 19:22:08.019968,2025-04-20 19:22:32.524496,0 days 00:00:24.504528,0.5618543699461628,0.12864242993123268,16,0.21805616378198328,0.03098226696659033,0.05367239230628145,0.08249359720168234,0.040491600868635735,0.06877779658368924,0.002356485543726521,16,33,0.002165777625421745,0.25859856962120514,True,False,False,3.7097185723644475e-07,COMPLETE
203,0.5953166484832764,2025-04-20 19:22:32.589781,2025-04-20 19:22:56.651210,0 days 00:00:24.061429,0.46291207842933807,0.113371513356599,16,0.21433777691456465,0.022720180876468953,0.047847767469449805,0.08098657183803919,0.032855031064199375,0.06405586962303425,0.0008435327301086894,15,31,0.005686282724802124,0.266345992703725,True,False,False,8.344659665148803e-08,COMPLETE
204,0.37737664580345154,2025-04-20 19:22:56.719287,2025-04-20 19:23:20.743016,0 days 00:00:24.023729,0.8644212497412703,0.9297553062550674,16,0.233100870790457,0.013357023206903552,0.05138575429893261,0.08613169315180491,0.043164114883369804,0.07049111798968086,0.001769671852946024,15,37,0.0010152193152295913,0.24258905129211636,True,False,False,4.166829427340324e-07,COMPLETE
205,0.6067121386528015,2025-04-20 19:23:20.819948,2025-04-20 19:23:45.093661,0 days 00:00:24.273713,0.5827144559394098,0.0865845429664508,16,0.22830892837823713,0.027412942589943097,0.05716579268977412,0.07828865597670229,0.03563163767554307,0.06830917902021888,0.0034720847304017645,16,27,0.0040897075959226425,0.25271789005537076,True,False,False,5.523278496773679e-07,COMPLETE
206,0.6082127928733826,2025-04-20 19:23:45.160470,2025-04-20 19:24:09.371022,0 days 00:00:24.210552,0.5515244457433663,0.1838175268518924,16,0.20638695764353834,0.010417210172505461,0.052337580277282844,0.08444180803694316,0.03865105392945981,0.056242143314101545,0.001165655308964545,15,41,0.007118450669026751,0.2735495097726646,True,False,False,2.383922654591936e-07,COMPLETE
207,0.09069270193576813,2025-04-20 19:24:09.436135,2025-04-20 19:24:32.034072,0 days 00:00:22.597937,0.5293922724944061,0.20190925151954442,16,0.21376392006657927,0.000518397160829076,0.05511538416867348,0.08238874621382723,0.04052590412869671,0.05996361704142201,0.0019121120073243452,13,35,0.011429118140950916,0.25916648663523734,True,False,False,1.8822767201783518e-05,COMPLETE
208,0.5881320714950562,2025-04-20 19:24:32.100583,2025-04-20 19:24:56.301730,0 days 00:00:24.201147,0.7971530980419398,0.09997551317220833,16,0.2527267971266593,0.0336057717149002,0.05906201314175299,0.07978449380734623,0.037394802380615356,0.06664217968498767,0.0014241721639907119,16,31,0.002877444635745501,0.23520292652081706,True,False,False,1.2580975163709717e-05,COMPLETE
209,0.5478866934776306,2025-04-20 19:24:56.370519,2025-04-20 19:25:20.274148,0 days 00:00:23.903629,0.6118337673744375,0.1176569559104232,16,0.22574335885865748,0.022909976218867097,0.0575763404151016,0.07645876606011386,0.03361895291800361,0.06389248760917363,0.0024148026273643707,15,27,0.016970608704377027,0.25310048780049066,True,False,False,3.266118535309312e-07,COMPLETE
210,0.5740446805953979,2025-04-20 19:25:20.341531,2025-04-20 19:26:23.238583,0 days 00:01:02.897052,0.678341144354516,0.15202325552793347,2,0.20520297944018143,0.017114097138220874,0.05326914317132433,0.08854467287881891,0.04218061791194269,0.06146314116506964,0.0030542637137190975,13,37,0.0054196849311581655,0.29192388896423366,True,False,False,8.42257788790148e-06,COMPLETE
211,0.6791775345802308,2025-04-20 19:26:23.304829,2025-04-20 19:26:47.072315,0 days 00:00:23.767486,0.6330538427008704,0.07942823696039869,16,0.13671200915436096,0.0395203025087342,0.06312354352407647,0.07799667617086986,0.03512813331198741,0.06563494248437192,0.002062077465751521,14,32,0.003581118973169535,0.24678859919432639,True,False,False,5.617043889042113e-07,COMPLETE
212,0.6849590301513672,2025-04-20 19:26:47.139984,2025-04-20 19:27:10.620534,0 days 00:00:23.480550,0.6194610008594119,0.0778572184683193,16,0.13090660882565036,0.0355508824248045,0.062420098592102284,0.07732985255118459,0.0350548302081022,0.06513629233804676,0.00019146213307541228,14,33,0.001125129536333585,0.246521888688852,True,False,False,5.098054519815506e-07,COMPLETE
213,0.6940863370895386,2025-04-20 19:27:10.698667,2025-04-20 19:27:34.168517,0 days 00:00:23.469850,0.6278804534122144,0.08951170298732075,16,0.13408551967339202,0.036210996629675675,0.06301905547996445,0.07801710206494039,0.035260803189589705,0.06610578085609746,0.00017096155367436896,14,33,0.004295862191917127,0.24545068692192867,True,False,False,4.0633877820556683e-07,COMPLETE
214,0.6886947870254517,2025-04-20 19:27:34.237610,2025-04-20 19:27:57.825657,0 days 00:00:23.588047,0.625657291040725,0.0842409694699043,16,0.13319389932235687,0.028328517809114967,0.06119317095340718,0.07827261743331868,0.035299966474717205,0.06595920938684298,0.00017618568864352792,14,35,0.0012122317881590574,0.2454505865928325,True,False,False,4.307506785440011e-07,COMPLETE
215,0.734994924068451,2025-04-20 19:27:57.895044,2025-04-20 19:28:21.743834,0 days 00:00:23.848790,0.6291332399643408,0.08747365697736516,16,0.12555740631720905,0.026873522434338496,0.061697138404605646,0.07768823721251478,0.03132908202967721,0.06622553655880334,0.00017926720748916562,14,39,0.004037490177212357,0.24621632631932241,True,False,False,4.319245777301642e-07,COMPLETE
216,0.547871744632721,2025-04-20 19:28:21.813105,2025-04-20 19:28:45.503283,0 days 00:00:23.690178,0.6288229544817989,0.07816952983287756,16,0.12450707378151214,0.028152659813672504,0.06096984144485714,0.07812584066391647,0.034459840447276374,0.07222243136415314,0.00017874566702146734,14,43,0.0011115236837598791,0.24537169662490238,True,False,False,3.912401348203265e-07,COMPLETE
217,0.6392351984977722,2025-04-20 19:28:45.573009,2025-04-20 19:29:09.726453,0 days 00:00:24.153444,0.6655934577019766,0.10433439896552239,16,0.13349894369989965,0.03382373275269696,0.06272183547578475,0.07996877618148178,0.03595773711659556,0.06673893073090928,0.0003460231760406318,14,39,0.003364061611084575,0.23752276573877049,True,False,False,3.0752914464115753e-07,COMPLETE
218,0.3862297773361206,2025-04-20 19:29:09.795846,2025-04-20 19:29:33.014769,0 days 00:00:23.218923,0.6325490674775937,0.07470621864000604,16,0.2648700728669018,0.025564830296109977,0.060505185460238205,0.07781081083440591,0.030324176952419117,0.06813540190295259,0.0001225491173839219,13,46,0.004335446583536458,0.24317473256632186,True,False,False,4.5059912556260836e-07,COMPLETE
219,0.10531195402145387,2025-04-20 19:29:33.084585,2025-04-20 19:29:55.003973,0 days 00:00:21.919388,0.6477262000992631,0.12779951558871838,16,0.13015067861394491,0.03108370665920178,0.05837810236085596,0.0013610095424817573,0.027150676781119456,0.06510321307670756,0.00018366894995398223,15,36,0.007543807225310627,0.24931396758742969,True,False,True,2.0799387559634058e-07,COMPLETE
220,0.6054611921310424,2025-04-20 19:29:55.083227,2025-04-20 19:30:18.622028,0 days 00:00:23.538801,0.62032434688253,0.0919400685234791,16,0.1208159783997183,0.03694361639218923,0.063436958866571,0.08125037900897683,0.03724360641848775,0.06955586137504362,0.0002118834008753975,14,40,0.004668026588572498,0.24803537383642132,True,False,False,3.508889091866699e-07,COMPLETE
221,0.753500473499298,2025-04-20 19:30:18.692613,2025-04-20 19:30:42.016700,0 days 00:00:23.324087,0.6025879252390764,0.08848351830691678,16,0.13752767108148972,0.019643431737141254,0.06499363960550752,0.07938181371780992,0.03184792988136385,0.06509900800003729,0.0001481758711634117,14,33,0.003154612563294879,0.2568923081694758,True,False,False,6.125910157486063e-07,COMPLETE
222,0.5405017614364624,2025-04-20 19:30:42.089012,2025-04-20 19:31:05.614850,0 days 00:00:23.525838,0.5815709993007496,0.10654082787683852,16,0.1360450331893593,0.023183581097055716,0.05616822896098054,0.07942096816550044,0.032294987258996856,0.0665539068145088,0.0001597620684244539,14,34,0.0010525156331797144,0.25477565957114645,True,False,False,7.265082948405403e-07,COMPLETE
223,0.5430789589881897,2025-04-20 19:31:05.686049,2025-04-20 19:31:28.677488,0 days 00:00:22.991439,0.601129374982902,0.07441300594943534,16,0.12788953744021464,0.019540258912879555,0.061669632368953016,0.08193581222195007,0.034754928073927216,0.061957897227701314,0.00013473885259219305,13,37,0.003317012168343357,0.2616057009036515,True,False,False,5.444272851833604e-07,COMPLETE
