number,value,datetime_start,datetime_complete,duration,params_alpha-eval,params_alpha-train,params_batch-size,params_eps-eval,params_eps-train,params_lambda-actions-eval,params_lambda-actions-train,params_lambda-frames-eval,params_lambda-frames-train,params_learning-rate,params_n-epochs,params_n-frames,params_radius-gw,params_rho,params_std-feats,params_ub-actions,params_ub-frames,params_weight-decay,state
1792,0.5712061762809754,2025-04-08 01:15:08.280068,2025-04-08 01:15:33.702504,0 days 00:00:25.422436,0.08126445611784636,0.06265315894372452,8,0.1579499362596588,0.008611054412319118,0.03341398929954658,0.011552908543306574,0.0794307003634172,0.0539663117210184,0.00030996776217345463,13,38,0.07170766531972224,0.2887403166692856,False,False,True,2.151488225251266e-06,COMPLETE
1793,0.5712534666061402,2025-04-08 01:15:34.285590,2025-04-08 01:15:59.370709,0 days 00:00:25.085119,0.05480717859650355,0.08483370453125122,8,0.17683798396010422,0.00019399473435542409,0.030603687211986863,0.014560616969073435,0.0818893389138935,0.05154989758732897,0.0002592916049434313,13,43,0.06516383462461788,0.26715808868022917,False,False,True,1.624774827153517e-06,COMPLETE
1794,0.5681114196777344,2025-04-08 01:15:59.960477,2025-04-08 01:16:24.493166,0 days 00:00:24.532689,0.12029885452585037,0.06755670309224257,8,0.16373808946338858,0.014946229016790635,0.028254268565939124,0.00972909817540038,0.0778428390617788,0.04723745678263883,0.0004272448020560494,12,34,0.07401434849153646,0.27710704955393844,False,False,True,3.5023102260607957e-06,COMPLETE
1795,0.5714909672737122,2025-04-08 01:16:25.064526,2025-04-08 01:16:50.484573,0 days 00:00:25.420047,0.05690084122269171,0.04443718254315372,8,0.154902221005288,0.005710147068019886,0.0328331901087633,0.014755326156223401,0.07543618589193546,0.05505188166053098,0.000355555353498097,13,39,0.06668795982957079,0.2844243764854442,False,False,True,2.110522969147355e-06,COMPLETE
1796,0.5698082447052002,2025-04-08 01:16:51.079142,2025-04-08 01:17:15.982943,0 days 00:00:24.903801,0.10284292006961178,0.027111146331786858,8,0.15545341074495128,0.014355570468992999,0.029338944791107352,0.012807206426714674,0.07759418961612279,0.050661883765600574,0.0002942256970884981,13,47,0.0694776651704829,0.28968961006603794,False,False,True,2.709289309525581e-06,COMPLETE
1797,0.4601194560527802,2025-04-08 01:17:16.557440,2025-04-08 01:17:53.210025,0 days 00:00:36.652585,0.0773291148334747,0.0962813902603675,8,0.18099799784021517,0.12211522779201095,0.030723049196392665,0.0167997135371734,0.07539472184772351,0.057351373253603996,0.0004427619169240745,30,33,0.06432251110348573,0.28158303182782385,False,False,True,1.5978858270751654e-06,COMPLETE
1798,0.384883600473404,2025-04-08 01:17:53.779576,2025-04-08 01:18:18.253532,0 days 00:00:24.473956,0.050652734996400994,0.09163702825846672,8,0.16870655811499813,0.005973449163264567,0.038419716370920745,0.011553454268978688,0.07490689688758853,0.05314173498829397,0.00036259485580901875,12,68,0.06699019572501348,0.2723769000182767,False,False,True,2.4614481320126097e-06,COMPLETE
1799,0.5711841583251953,2025-04-08 01:18:18.841091,2025-04-08 01:18:44.318584,0 days 00:00:25.477493,0.0761329346010824,0.06702845053202075,8,0.1612153080699175,0.014373850173162932,0.030033531435525326,0.01466223322569452,0.07958044710646346,0.04965900614343067,0.00024487321608030463,13,37,0.06438655024693274,0.29113998152516873,False,False,True,3.5548033639844656e-06,COMPLETE
1800,0.17272252440452576,2025-04-08 01:18:44.887669,2025-04-08 01:19:33.670418,0 days 00:00:48.782749,0.054463302443442885,0.10617825291129826,2,0.1679424181889542,0.010318640580100851,0.03426914009226259,0.009572209036113,0.0769239550367581,0.04637495362761162,0.00030858125892989623,11,42,0.06682165170369148,0.2761664249273457,False,True,True,2.025732736133489e-06,COMPLETE
1801,0.11014108061790466,2025-04-08 01:19:34.263171,2025-04-08 01:19:59.440755,0 days 00:00:25.177584,0.09373702244931689,0.09183495286029211,8,0.17396035591573777,0.26391668302780874,0.02902600127244572,0.016950505393442537,0.07409720209607033,0.05558562463996432,0.000382096120220389,13,35,0.06812397750521179,0.28535084652939424,False,False,True,2.8764564781687e-06,COMPLETE
1802,0.581708323955536,2025-04-08 01:20:00.011355,2025-04-08 01:20:24.792173,0 days 00:00:24.780818,0.07246298896731704,0.048965671022544746,8,0.15607901386771153,0.00012964476159043996,0.03640840638778626,0.012648891733916333,0.07752413389003493,0.05838582417052459,0.00044372347350107475,12,33,0.06311923858653833,0.293914487161337,True,False,True,3.614251023259653e-06,COMPLETE
1803,0.570276391506195,2025-04-08 01:20:25.391427,2025-04-08 01:20:50.489718,0 days 00:00:25.098291,0.05399559323020128,0.07497432395531341,8,0.180523521582331,0.005820664174861362,0.027966445505065142,0.015534559169463799,0.08074357990882292,0.05213995820836607,0.00026108449164057354,13,38,0.07133792601849594,0.28109697257656263,False,False,True,1.6875352990016451e-06,COMPLETE
1804,0.582899534702301,2025-04-08 01:20:51.059416,2025-04-08 01:21:16.177082,0 days 00:00:25.117666,0.1268935689054877,0.10593756745230572,8,0.18981057403516433,0.015902050358583813,0.028329296209740576,0.01758038976142898,0.08302017661439491,0.048692598439883175,0.00032956439763618436,13,40,0.0650635534669506,0.2665648759501533,False,False,True,2.3499573608222783e-06,COMPLETE
1805,0.7597148776054383,2025-04-08 01:21:16.787286,2025-04-08 01:21:41.345891,0 days 00:00:24.558605,0.04661216173661198,0.08329072678779138,8,0.16591289210518526,0.00843423524855371,0.032886855808379974,0.013486863653629892,0.07419634824195674,0.05414131868007942,0.0003820314719838361,12,36,0.06271733697638601,0.2876190212457331,False,False,True,2.929989560715522e-06,COMPLETE
1806,0.7078567743301392,2025-04-08 01:21:41.913595,2025-04-08 01:22:05.740374,0 days 00:00:23.826779,0.04386872562999508,0.10692269177509325,8,0.15322200903695649,0.008171764443664912,0.035628005029045395,0.018684804170697913,0.07393963672460198,0.055674682897664016,0.00045386651838582513,11,32,0.06286369563101459,0.29488216083312674,False,False,True,1.981480968189361e-06,COMPLETE
1807,0.7474035263061524,2025-04-08 01:22:06.336293,2025-04-08 01:22:26.775584,0 days 00:00:20.439291,0.04826913325678203,0.11373818128257387,8,0.16162212603189996,0.00035506384247959994,0.03634864398970896,0.016001050868905877,0.07369206411860423,0.05073938329296091,0.000442664170947164,6,36,0.063428298898229,0.2904648371882012,False,False,True,1.5678233402357187e-06,COMPLETE
1808,0.08907357305288316,2025-04-08 01:22:27.370636,2025-04-08 01:22:48.069966,0 days 00:00:20.699330,0.049927439381675986,0.11431199591297508,8,0.16072292285703074,0.20838102139805464,0.039089195912155386,0.01978849738115473,0.07571117546923116,0.05410918178713053,0.0004046557445478888,7,44,0.06323972129734304,0.28897830002667246,False,False,True,1.609033515320378e-06,COMPLETE
1809,0.10893282741308212,2025-04-08 01:22:48.654029,2025-04-08 01:23:07.902563,0 days 00:00:19.248534,0.04897159489202395,0.12040246454902785,8,0.2788622971533772,0.004544303604969099,0.034545261262090725,0.01732815032441856,0.07417037631147001,0.05186874420033701,0.0004658264727278474,5,40,0.063334207185226,0.2880779050850484,False,False,True,1.4759556042448468e-06,COMPLETE
1810,0.7013921260833741,2025-04-08 01:23:08.497406,2025-04-08 01:23:32.844999,0 days 00:00:24.347593,0.043505136742996976,0.1191231207105363,8,0.157031939022025,0.000801578708096308,0.032710572299406084,0.019477092893297566,0.07445349875753443,0.052917884066432726,0.0004603815518050066,11,33,0.06297288196351608,0.2857023908293454,False,False,True,1.5047852336862022e-06,COMPLETE
1811,0.5693946957588196,2025-04-08 01:23:33.422211,2025-04-08 01:23:53.849382,0 days 00:00:20.427171,0.061849872558288256,0.12747279521686267,8,0.16228423523852248,0.005347341664463853,0.03533026594571177,0.016789036315890953,0.07591923533430288,0.05712151697147343,0.00040833655300081726,6,37,0.06215465789031475,0.2920432945281063,False,False,True,2.619980988131697e-06,COMPLETE
1812,0.7000329852104188,2025-04-08 01:23:54.453680,2025-04-08 01:24:18.904743,0 days 00:00:24.451063,0.04583324179772187,0.10794758968931648,8,0.15695769044214214,0.006345426952539927,0.037859749591830305,0.014435127340786835,0.07367692048235411,0.050694747492481984,0.00036441049102189265,12,30,0.06471000921544832,0.2850884195798808,False,False,True,2.110310337403391e-06,COMPLETE
1813,0.6075801491737366,2025-04-08 01:24:19.486128,2025-04-08 01:24:43.226707,0 days 00:00:23.740579,0.06710966484255466,0.13541030693824596,8,0.15604504305981542,0.00029370142689226237,0.03399265741314707,0.021512844603283676,0.07525336189247774,0.05589700176231252,0.00035901708838441437,11,34,0.06452676687941787,0.2952334071110209,False,False,True,2.9476391476929278e-06,COMPLETE
1814,0.588568115234375,2025-04-08 01:24:43.825861,2025-04-08 01:25:07.571216,0 days 00:00:23.745355,0.05879781830294345,0.1204589582973827,8,0.15416382980741966,0.00974167252130866,0.036705995403519695,0.018070622310900886,0.07312590319234871,0.05832044610016569,0.0004547032619129083,11,41,0.062106188173752325,0.2900729684994502,False,False,True,1.533180100485088e-06,COMPLETE
1815,0.5698817253112793,2025-04-08 01:25:08.149159,2025-04-08 01:25:29.078779,0 days 00:00:20.929620,0.03928818546862997,0.09492809188961104,8,0.15453072549938757,0.0004668658425186359,0.034473607121284736,0.015711623445538326,0.07653701560497708,0.053789410903665694,0.00036286013234630715,7,38,0.0650641687963831,0.28437720006018186,False,False,True,2.519071986760956e-06,COMPLETE
1816,0.6911599397659302,2025-04-08 01:25:29.683453,2025-04-08 01:25:51.356283,0 days 00:00:21.672830,0.06843125988683484,0.10871568392289557,8,0.16146758313792375,0.014517218104401822,0.03260303734088948,0.013908266386947442,0.07369850337042959,0.050827308037083845,0.0004708292668948277,8,32,0.06148185747485729,0.28988139473971003,False,False,True,1.5424553852210628e-06,COMPLETE
1817,0.745410931110382,2025-04-08 01:25:51.940287,2025-04-08 01:26:15.609299,0 days 00:00:23.669012,0.04117708783699046,0.13972662687296428,8,0.16204350834998765,0.010010742399556634,0.03614092143193274,0.01731509117436442,0.07643427867553322,0.055317715211530984,0.0003244585578080999,11,36,0.06396094833196524,0.28143494380371875,False,False,True,1.9988575982727304e-06,COMPLETE
1818,0.5890452265739441,2025-04-08 01:26:16.181958,2025-04-08 01:26:37.946224,0 days 00:00:21.764266,0.07299603564959006,0.1415638709474948,8,0.16115414205585799,0.004990426889587674,0.04103856576827024,0.02093000461530373,0.07723293038051574,0.05609530717554174,0.0002972712177530978,8,41,0.06712303250917492,0.2942515241104065,False,False,True,2.9461887960066313e-06,COMPLETE
1819,0.3255803644657135,2025-04-08 01:26:38.542596,2025-04-08 01:27:02.276509,0 days 00:00:23.733913,0.07954111623303815,0.14841776588839262,8,0.16695479852224315,0.0051627930247684535,0.04154823783644044,0.02320241062036643,0.07657841218418268,0.058637979955836445,0.000315696226040063,11,44,0.0655160787591923,0.2791647189013362,False,True,True,2.2624529854813984e-06,COMPLETE
1820,0.5718370079994202,2025-04-08 01:27:02.878816,2025-04-08 01:27:36.118813,0 days 00:00:33.239997,0.06212252133715609,0.14324079993202116,2,0.16510209277776453,0.009341761632911465,0.034290752039253594,0.019625332577093008,0.07631592648596423,0.05662739351839923,0.0003231771345797036,5,39,0.06731012067988353,0.28566398378752617,False,False,True,3.3394387505391626e-06,COMPLETE
1821,0.5706384301185607,2025-04-08 01:27:36.701589,2025-04-08 01:28:00.454837,0 days 00:00:23.753248,0.08558812549224204,0.13999917138082119,8,0.16833567885071288,0.00018362871305646275,0.03910594928441252,0.01885178153315456,0.07789678710740275,0.05943992165398758,0.0003070645218419939,11,44,0.06406327912298378,0.2770556036378892,False,False,True,2.181465090535996e-06,COMPLETE
1822,0.48517034053802494,2025-04-08 01:28:01.059634,2025-04-08 01:28:22.447981,0 days 00:00:21.388347,0.06241606125006746,0.13182035202122266,8,0.16571393834110756,0.010618624548404015,0.03701920969605777,0.021425823716093813,0.07794167774558902,0.05612790335313407,0.00025202222017874066,7,37,0.06544817905269401,0.2943446247739384,True,False,True,3.8719355656132e-06,COMPLETE
1823,0.609711742401123,2025-04-08 01:28:23.030497,2025-04-08 01:28:47.066855,0 days 00:00:24.036358,0.05837609868939933,0.13419051084594544,8,0.16506768887246587,0.0050585185646027445,0.03528785534878941,0.01742088963125247,0.07584698574715083,0.05457947150954681,0.0003636285614215185,11,41,0.06983939167091505,0.18687420315495554,False,False,True,3.0449850185234165e-06,COMPLETE
1824,0.5366627097129822,2025-04-08 01:28:47.643975,2025-04-08 01:29:08.683023,0 days 00:00:21.039048,0.08713471662513934,0.1486885948010112,8,0.16025862215379563,0.009444668611037366,0.03780291957295722,0.019567404738819922,0.08011059965728198,0.05758617325136099,0.000284420631206592,7,47,0.06382134605063165,0.2880669130880828,False,False,True,1.9163016051447715e-06,COMPLETE
1825,0.74310462474823,2025-04-08 01:29:09.280461,2025-04-08 01:29:32.274887,0 days 00:00:22.994426,0.04943565544999226,0.15216173963636181,8,0.1633811752926963,0.00022940706930319604,0.037041607125226785,0.018108038863819186,0.07780064356398522,0.05516098018843965,0.00037167448797189646,10,36,0.06753226044406127,0.2998019158774019,False,False,True,4.158076233217915e-06,COMPLETE
1826,0.5845277905464172,2025-04-08 01:29:32.882276,2025-04-08 01:29:53.796345,0 days 00:00:20.914069,0.07595844141167808,0.12183838677415584,8,0.1606413535925039,0.010311071874142142,0.04491726291128403,0.017491810622743034,0.075082478711728,0.05412575109921743,0.0002456604192458362,7,39,0.06344215774903862,0.28174047604451297,False,False,True,2.6775098927601876e-06,COMPLETE
1827,0.7324605703353883,2025-04-08 01:29:54.385677,2025-04-08 01:30:18.401467,0 days 00:00:24.015790,0.04691119888034653,0.09507419955488165,8,0.16952827218603242,0.00024117182001268805,0.0365897177191052,0.019871808446671968,0.07875783405309864,0.0595146309622016,0.0003064618245432672,11,36,0.06575627776563259,0.2718063490951227,False,False,True,1.5072953722612524e-06,COMPLETE
1828,0.6002205967903138,2025-04-08 01:30:19.010265,2025-04-08 01:30:42.918610,0 days 00:00:23.908345,0.1014280020973429,0.12001056131662105,8,0.15705067934300093,0.01444385751859593,0.038874245799859784,0.016865316240041655,0.07574296914060138,0.05669394730101915,0.00036355782886356223,11,42,0.06314513825809163,0.29029318157153855,False,False,True,4.207740436111196e-06,COMPLETE
1829,0.7010716676712037,2025-04-08 01:30:43.503219,2025-04-08 01:31:05.954587,0 days 00:00:22.451368,0.06795928941890345,0.1543483267974596,8,0.16985072740944962,0.005900153789655494,0.042781523140300724,0.022504573347366268,0.07439991341588145,0.05303930642854795,0.00023201170883467752,9,35,0.06871400754293533,0.28458304804306017,False,False,True,2.438047141096884e-06,COMPLETE
1830,0.5712534666061402,2025-04-08 01:31:06.532182,2025-04-08 01:31:30.214071,0 days 00:00:23.681889,0.0453427481613375,0.10346453755011516,8,0.16325255692187035,0.0002636579467637269,0.03316817325122795,0.016334672697450606,0.07811853267558383,0.054637497510694064,0.010287447677366718,11,39,0.06262144817399698,0.2765681159235873,False,False,True,1.9520225799751195e-06,COMPLETE
1831,0.6976810216903687,2025-04-08 01:31:30.814243,2025-04-08 01:31:52.880369,0 days 00:00:22.066126,0.07548518552426131,0.1262060262824823,8,0.15448223176214534,0.010681822553998594,0.034093927713858385,0.018736083383287253,0.07608937839805682,0.05610321315326233,0.00028444988034812896,8,32,0.06438307230296492,0.2946800711359844,False,False,True,3.054071608755765e-06,COMPLETE
1832,0.5697747826576233,2025-04-08 01:31:53.489473,2025-04-08 01:32:16.685216,0 days 00:00:23.195743,0.09284582118857587,0.14611801365780083,8,0.1720554127412626,0.006322563761501828,0.03685371908230535,0.02099996196233101,0.08016134648772744,0.05842138594306991,0.00034011183274522877,10,38,0.06694123949731236,0.28453092660868295,False,False,True,2.382585977214291e-06,COMPLETE
1833,0.5161991477012634,2025-04-08 01:32:17.272317,2025-04-08 01:32:37.496746,0 days 00:00:20.224429,0.04900241296115218,0.7538490190205422,8,0.16015306764711976,0.014404438707413593,0.03498063918415077,0.015933406413762403,0.07403162136928935,0.052951903559792665,0.0004060683441337322,6,35,0.065882493975784,0.2897215928404292,False,False,True,3.403579643700081e-06,COMPLETE
1834,0.538683009147644,2025-04-08 01:32:38.077801,2025-04-08 01:33:14.601846,0 days 00:00:36.524045,0.06334977175528195,0.10217994154857477,8,0.1532458657104833,0.014438180616284133,0.03218216627989594,0.0170464349316458,0.07873723608953659,0.05747697735721502,0.0004805389035876676,29,42,0.061613189777627406,0.27934495953359934,False,False,True,1.5795554828087322e-06,COMPLETE
1835,0.704315745830536,2025-04-08 01:33:15.200098,2025-04-08 01:33:39.806364,0 days 00:00:24.606266,0.044000264670921226,0.1294395496584775,8,0.16286167519749506,0.00669148229812731,0.032213863321790416,0.019195445100665225,0.07511197685205757,0.05467774748898206,0.0002955918340136063,12,32,0.06969594493704383,0.2731825277978911,False,False,True,4.1133569149804005e-06,COMPLETE
1836,0.37127751111984253,2025-04-08 01:33:40.390118,2025-04-08 01:34:04.811129,0 days 00:00:24.421011,0.47368419181284876,0.08706444782994113,8,0.1716602896373563,0.005734923280102046,0.035585816570500195,0.015140006806914156,0.07320705317503229,0.059804363460230874,0.00023401557500241045,12,37,0.06232037177473796,0.29576923209281875,False,False,True,1.8641231470782579e-06,COMPLETE
1837,0.6866176843643189,2025-04-08 01:34:05.416458,2025-04-08 01:34:26.001332,0 days 00:00:20.584874,0.10028848833856459,0.1515967412891986,8,0.15342804558181694,0.018497191922542656,0.03290887117458843,0.023891162882269917,0.07701376136275874,0.052700278433207716,0.000384970044526139,6,34,0.06534161732114606,0.28570229702514444,False,False,True,2.8576444631976602e-06,COMPLETE
1838,0.40306522250175475,2025-04-08 01:34:26.611079,2025-04-08 01:34:48.114314,0 days 00:00:21.503235,0.07156363480198139,0.6117421118532014,8,0.16532848878396986,0.010794158051039986,0.03179949427029245,0.018409301781172716,0.07332714865911297,0.05556626812313364,0.0003473981011771948,8,39,0.06380115217551195,0.16570359988050415,False,True,True,4.4624784889122045e-06,COMPLETE
1839,0.08476059585809709,2025-04-08 01:34:48.700295,2025-04-08 01:35:10.267228,0 days 00:00:21.566933,0.04122671702849323,0.968914022852704,8,0.22033020279691862,0.11114806911361748,0.039699443344105606,0.015554299763474732,0.08046612822734571,0.05777585780298569,0.00045409804480055216,8,45,0.06114706980226545,0.28058322137132913,True,False,True,2.2451271289514705e-06,COMPLETE
1840,0.7049042224884033,2025-04-08 01:35:10.879428,2025-04-08 01:35:46.565041,0 days 00:00:35.685613,0.0812094186712504,0.11291733200389892,2,0.1589144597434214,0.014312697491154993,0.035784466102862386,0.020350510395506838,0.07673015082449301,0.060499648019829905,0.0002839140209627585,6,30,0.0677451463722029,0.29063402695727664,False,False,True,1.4042063163405916e-06,COMPLETE
1841,0.7401832580566408,2025-04-08 01:35:47.150427,2025-04-08 01:36:11.198875,0 days 00:00:24.048448,0.05703209742823788,0.09206113046142819,8,0.15346909588765748,0.00671920203044238,0.03369027740697439,0.01742581747690261,0.07467610297844202,0.05288481861266146,0.00032240077466966,11,36,0.060846552488288096,0.2996068358880343,False,False,True,0.00042026278757795643,COMPLETE
1842,0.3586818158626557,2025-04-08 01:36:11.812974,2025-04-08 01:36:36.232075,0 days 00:00:24.419101,0.5950112560555526,0.13615205105795525,8,0.15888610869549408,0.01831069385563353,0.03814214853108135,0.014369648962661106,0.07863203112182147,0.05388122340169774,0.0003958427595388843,12,41,0.07319988826031021,0.27367847912014603,False,False,True,3.2033117951082174e-06,COMPLETE
1843,0.4623517692089081,2025-04-08 01:36:36.819329,2025-04-08 01:36:59.337514,0 days 00:00:22.518185,0.3692284122002971,0.445136457976283,8,0.17116522942733825,0.010594364513652843,0.032164435242749645,0.016702095604926137,0.0729207781727963,0.05189786868158923,0.00022984913810072987,9,33,0.06566824009636964,0.28266247256429317,False,False,True,2.5429907213905658e-06,COMPLETE
1844,0.5617869734764099,2025-04-08 01:36:59.943844,2025-04-08 01:37:22.374621,0 days 00:00:22.430777,0.25832630229467357,0.15499963361821134,8,0.16510543155502336,0.0004508994880570386,0.035407514836932885,0.015592196782996183,0.07583785698820684,0.05567763254648495,0.00047749504016274887,9,38,0.0628538313376044,0.29027787767484925,False,False,True,1.897858499848576e-06,COMPLETE
1845,0.70072580575943,2025-04-08 01:37:22.962987,2025-04-08 01:37:44.864371,0 days 00:00:21.901384,0.04253713987743736,0.11335101283970248,8,0.15229976203184503,0.005157648795039547,0.03132925572646181,0.01881454999445107,0.07731317330360149,0.058804160816156935,0.0002684430278193973,8,30,0.06929783671883044,0.2787446267122085,False,False,True,3.4624698173929144e-06,COMPLETE
1846,0.6822175025939942,2025-04-08 01:37:45.478986,2025-04-08 01:38:05.032444,0 days 00:00:19.553458,0.09287702582007087,0.09943563165825195,8,0.17351660754724268,0.020218143242362256,0.03337005875970816,0.014922764258136075,0.07408992331553993,0.05673035890110982,0.00033282186331044127,5,35,0.0636921831193759,0.28677542936101597,False,False,True,1.613604719020712e-06,COMPLETE
1847,0.5707638382911683,2025-04-08 01:38:05.621255,2025-04-08 01:38:30.217671,0 days 00:00:24.596416,0.06501162425162237,0.12838580097657304,8,0.15841896827698765,0.014389033971683056,0.030592483211493403,0.02181630103917548,0.08142648492484542,0.054437309799874385,0.0003913135841902954,12,38,0.06111977425498887,0.294724552357545,False,False,True,4.667441505780728e-06,COMPLETE
