number,value,datetime_start,datetime_complete,duration,params_alpha-eval,params_alpha-train,params_batch-size,params_eps-eval,params_eps-train,params_lambda-actions-eval,params_lambda-actions-train,params_lambda-frames-eval,params_lambda-frames-train,params_learning-rate,params_n-epochs,params_n-frames,params_radius-gw,params_rho,params_std-feats,params_ub-actions,params_ub-frames,params_weight-decay,state
560,0.6823924064636231,2025-04-20 21:39:44.503618,2025-04-20 21:40:04.672391,0 days 00:00:20.168773,0.7586693595236067,0.08247442970899907,16,0.10467773708451211,0.009756140537424712,0.057166284083565604,0.02075974241428122,0.0944849323505392,0.06848580719152697,7.358198557147668e-05,6,30,0.003644883576817314,0.23715871893608312,True,False,False,2.3964361051668566e-05,COMPLETE
561,0.4404967308044434,2025-04-20 21:40:04.846637,2025-04-20 21:40:24.273584,0 days 00:00:19.426947,0.7003985974385227,0.12101922351789164,16,0.03386032012111137,0.2281814839868793,0.0606522172085526,0.027550434021417818,0.03166447462702971,0.06392130287804669,5.15826200123748e-05,5,39,0.03623086499296699,0.25035678421188085,True,False,False,4.9466282414762566e-05,COMPLETE
562,0.14595747888088229,2025-04-20 21:40:24.448570,2025-04-20 21:40:42.315006,0 days 00:00:17.866436,0.829853985978424,0.03653634387946181,16,0.12518278060099078,0.026067045032272574,0.06476799382939337,0.016030086842554487,0.01768103756059862,0.06525391817935297,4.3356209954934456e-05,6,34,0.010624184926991149,0.2302951188939562,True,True,False,1.7740705263512422e-05,COMPLETE
563,0.3601983368396759,2025-04-20 21:40:42.497873,2025-04-20 21:41:03.073855,0 days 00:00:20.575982,0.7760209670137974,0.09892599533922179,16,0.08669380928217876,0.03550265487736866,0.06680778900203474,0.034919181539259506,0.02605297097111589,0.005954897438297356,9.405237317858938e-05,7,17,0.006032011500189763,0.24371266385198706,True,False,False,8.401008813333008e-05,COMPLETE
564,0.5711323022842407,2025-04-20 21:41:03.249888,2025-04-20 21:41:22.744995,0 days 00:00:19.495107,0.8054367439501188,0.07025027659766392,16,0.10002542708367682,0.017390522699949444,0.058867916520657135,0.03199737038776134,0.013111292456094251,0.07020354883202494,0.013523966372490414,5,37,0.013137284496284422,0.26090795208555473,True,False,False,0.00017006474621180845,COMPLETE
565,0.4679128646850586,2025-04-20 21:41:22.930331,2025-04-20 21:41:43.707855,0 days 00:00:20.777524,0.9013983269803475,0.056161776622598754,16,0.11201750952808698,0.11446421774394622,0.06235392691029347,0.08718350715216308,0.03350917813937665,0.027567124363327047,7.18160373332636e-05,8,32,0.01945232234407461,0.2209643577206779,True,False,False,3.154093121478044e-05,COMPLETE
566,0.6534145951271058,2025-04-20 21:41:43.884215,2025-04-20 21:42:02.895388,0 days 00:00:19.011173,0.43769206109689857,0.1216833965646416,16,0.15285400956898823,0.022294383100355204,0.05295284821446285,0.02576157943827468,0.028213849656338563,0.06794706988879101,3.086627861662669e-05,6,9,0.008667860798016094,0.2689257468048411,True,False,False,0.0003289063396275851,COMPLETE
567,0.09069270193576813,2025-04-20 21:42:03.082835,2025-04-20 21:42:24.271509,0 days 00:00:21.188674,0.7362251165347504,0.08777480565172822,8,0.12990818692441536,0.004723797996966856,0.056025443449082536,0.04250427447193514,0.02211983431906039,0.06530009976394562,0.0006737549586073297,5,43,0.011775235941390927,0.25300153554090204,True,False,False,6.60070303397309e-05,COMPLETE
568,0.556233286857605,2025-04-20 21:42:24.447166,2025-04-20 21:42:44.660585,0 days 00:00:20.213419,0.6896643762199258,0.1427238980643161,16,0.12180579018521938,0.012249859558919659,0.06383038368971776,0.02939154030286514,0.01549086371255366,0.0631563931985605,5.7396295457722176e-05,7,38,0.01507084510498029,0.23963504771458416,False,False,False,4.641439240305519e-05,COMPLETE
569,0.4908446311950684,2025-04-20 21:42:44.849253,2025-04-20 21:43:06.103128,0 days 00:00:21.253875,0.7566998543458711,0.02912579885592928,16,0.1412769626397625,0.02862660752730095,0.06597727592368013,0.04038771514225184,0.03702132819301612,0.034437584550852406,9.822934720953823e-05,8,54,0.00962009739288092,0.2461435625122971,True,False,False,3.814751475917959e-05,COMPLETE
570,0.778808844089508,2025-04-20 21:43:06.281057,2025-04-20 21:43:36.592750,0 days 00:00:30.311693,0.7195472614118424,0.10506256533478593,16,0.0942093339177329,0.01597947981754076,0.05938681605337265,0.037420869315853825,0.02968419481696714,0.07390445763512368,2.4923126614554072e-05,30,28,0.0019340508627182,0.25675946538475586,True,False,False,3.557276788498368e-06,COMPLETE
571,0.536000943183899,2025-04-20 21:43:36.769718,2025-04-20 21:44:05.990636,0 days 00:00:29.220918,0.7259307219400627,0.11296528087242003,16,0.09640291436905117,0.010496738649032271,0.058065868481001426,0.03683783008522058,0.031653968544758375,0.07550065055896736,2.101291519397e-05,27,26,0.0033558879324052963,0.25416542089171235,True,False,False,1.0991563403853178e-05,COMPLETE
572,0.5309314250946046,2025-04-20 21:44:06.177785,2025-04-20 21:44:36.605889,0 days 00:00:30.428104,0.7685908671363485,0.16283257850787658,16,0.08923457820644931,0.06970529001906389,0.05993992753052444,0.03437162331378223,0.030252047397909203,0.0780976355226688,2.9790364972339407e-05,29,27,0.0026601276870790976,0.2625056385898392,True,False,False,1.4486500755112016e-05,COMPLETE
573,0.12853922545909882,2025-04-20 21:44:36.782609,2025-04-20 21:44:54.432603,0 days 00:00:17.649994,0.7950155269201264,0.12771539955122702,16,0.09877720402779634,0.0049587409049896,0.05625177143547964,0.032290181372761205,0.03437864334161562,0.07438453021994586,1.713323241419579e-05,5,22,0.0033520197174791303,0.2689737758644736,True,False,True,2.935044276308939e-06,COMPLETE
574,0.09069270193576813,2025-04-20 21:44:54.619654,2025-04-20 21:45:13.958385,0 days 00:00:19.338731,0.7397831395596686,0.10857806260274246,16,0.09527754070847504,0.0003379101966459134,0.053802876542701425,0.03748983216315152,0.032369734626445684,0.07339227357198387,2.2692552526707356e-05,6,29,0.0027540735756665475,0.25868683948466326,True,False,False,0.0002589966331031304,COMPLETE
575,0.5950991034507751,2025-04-20 21:45:14.135199,2025-04-20 21:45:43.260141,0 days 00:00:29.124942,0.8708056560048899,0.13826637380063914,16,0.0839783041312731,0.014658652343250232,0.05880471313931276,0.035128503500221696,0.03561152819100405,0.07545548221014468,2.482437995517376e-05,27,31,0.0013484963807630541,0.275965798236644,True,False,False,8.586131598761061e-05,COMPLETE
576,0.7986968398094177,2025-04-20 21:45:43.449056,2025-04-20 21:46:02.983472,0 days 00:00:19.534416,0.7187691326519875,0.0945502533082445,16,0.10446232939190171,0.016796603512019,0.05705837431006157,0.03363453573962709,0.07787618625402402,0.04569366163288925,2.5731597456057146e-05,5,33,0.005280832041691835,0.25737568579670034,True,False,False,1.7997676189382745e-06,COMPLETE
577,0.5607910871505738,2025-04-20 21:46:03.162353,2025-04-20 21:46:23.051505,0 days 00:00:19.889152,0.7170894735776655,0.5186988310424165,16,0.10420793031305348,0.013486177999069777,0.055091631958193873,0.03350676649173718,0.07500510401374141,0.03854086158657382,2.5458592878075013e-05,5,24,0.0049019210056252555,0.2650472506829958,True,False,False,5.082494628839191e-06,COMPLETE
578,0.7405407667160034,2025-04-20 21:46:23.240857,2025-04-20 21:46:42.688844,0 days 00:00:19.447987,0.7132551990068383,0.0940728026203741,16,0.09387421599077067,0.0070498459396094735,0.05726217987678496,0.03612358702213147,0.073739330430867,0.07150656204417213,1.7019002081229846e-05,5,28,0.004643124970888352,0.2645120485192039,True,False,False,1.0710531033507113e-06,COMPLETE
579,0.6671064734458924,2025-04-20 21:46:42.869866,2025-04-20 21:47:02.382988,0 days 00:00:19.513122,0.8370998956678111,0.08114894363847025,16,0.10704859506212572,0.017831754213135077,0.05587405562785285,0.033503453789359136,0.06905792499796459,0.07289392144362207,2.3183241945491038e-05,5,19,0.0015655379433171862,0.27297242717931214,True,False,False,1.9139754774839943e-06,COMPLETE
580,0.4646746098995209,2025-04-20 21:47:02.574790,2025-04-20 21:47:22.504772,0 days 00:00:19.929982,0.28953281158977273,0.13113438559537774,16,0.09847411365506013,0.009898957173803982,0.05241845868924164,0.03874845664230354,0.08403711264042768,0.04461982773788503,1.962665165636659e-05,5,31,0.0010117853449209636,0.2582484640898004,False,False,False,5.9338146337533815e-06,COMPLETE
581,0.19137950539588927,2025-04-20 21:47:22.686937,2025-04-20 21:47:47.946488,0 days 00:00:25.259551,0.8121671804340552,0.1085487635392235,16,0.10544489018886805,0.01644130946636273,0.05787959619168871,0.0642534411116007,0.08084079316230666,0.05335800984463334,1.061639105919001e-05,25,33,0.005272658147433958,0.2573372287581922,True,True,False,3.2351537618495815e-06,COMPLETE
582,0.610719656944275,2025-04-20 21:47:48.138720,2025-04-20 21:48:10.632270,0 days 00:00:22.493550,0.7867861669430897,0.07335232272773905,16,0.0897535720851715,0.0062786963379741385,0.059827707492528796,0.035433868186479346,0.07864222974184536,0.04168891279666563,2.82403021843066e-05,11,30,0.006007013117504701,0.2536884865727785,True,False,False,2.430664731751248e-06,COMPLETE
583,0.5199227213859559,2025-04-20 21:48:10.812927,2025-04-20 21:48:38.104873,0 days 00:00:27.291946,0.7204585205210005,0.10022164572071196,16,0.1012809041362123,0.021471187349582234,0.05440474887197567,0.031872665660775734,0.06648113084481577,0.07625359104382982,3.373083071881167e-05,24,14,0.00329315394586157,0.2633360817967141,True,False,False,1.805790295158259e-06,COMPLETE
584,0.7610928297042847,2025-04-20 21:48:38.284904,2025-04-20 21:48:57.782571,0 days 00:00:19.497667,0.7536789173041547,0.12404575130295672,16,0.052924363539698,0.012676710762749318,0.011076471667733026,0.03770002006959902,0.010116843559176985,0.045382221245137765,1.9865089275954085e-05,5,33,0.005284781887583931,0.25048136496884077,True,False,False,3.4117084228265688e-06,COMPLETE
585,0.6781225800514221,2025-04-20 21:48:57.974192,2025-04-20 21:49:17.844494,0 days 00:00:19.870302,0.0882191888461224,0.15004918828326705,16,0.11113448435348267,0.01866461005020196,0.056827872738361755,0.030989187073517888,0.08265294466558792,0.0709368611997691,2.6645086785698795e-05,6,26,0.0073877535452250035,0.10951631778311838,True,False,False,8.942468562495536e-06,COMPLETE
586,0.3808709084987641,2025-04-20 21:49:18.023103,2025-04-20 21:49:37.752336,0 days 00:00:19.729233,0.9325080360350637,0.07231163914739391,16,0.16909288518705856,0.17282810380539687,0.059191826617368264,0.03528555473942378,0.09153383208071532,0.03771296990589176,3.740279675421739e-05,5,34,0.00258581408870064,0.25780779886452826,True,False,False,1.981900915386235e-05,COMPLETE
587,0.09069270193576813,2025-04-20 21:49:37.943645,2025-04-20 21:50:13.647895,0 days 00:00:35.704250,0.7029863289899032,0.08669706593631611,8,0.10491333013717657,0.00044248323477069293,0.06082179361667013,0.03392866924599782,0.07118909263868418,0.050747132872759226,1.438404612921227e-05,23,30,0.03939502723157867,0.266088180903963,True,False,False,1.314712695407329e-06,COMPLETE
588,0.8047775864601135,2025-04-20 21:50:13.830712,2025-04-20 21:50:33.776963,0 days 00:00:19.946251,0.6732560683825974,0.1030053632314118,16,0.13667007945073742,0.010982104681414483,0.05098948855852835,0.029994725151939162,0.061526717724413704,0.06874278930638321,2.9605020260718984e-05,6,35,0.006342942430763999,0.255508376293138,True,False,False,1.5959014484330903e-06,COMPLETE
589,0.7024872899055481,2025-04-20 21:50:33.969345,2025-04-20 21:50:54.071699,0 days 00:00:20.102354,0.6674262446566276,0.17890603631389257,16,0.12404832768520613,0.007102037868069654,0.04944326534315023,0.030581053380388613,0.05551616216526374,0.06959327319412734,3.352350615894179e-05,6,28,0.005847224165818242,0.24890563870243404,True,False,False,1.5114006446041404e-06,COMPLETE
590,0.0952635705471039,2025-04-20 21:50:54.252452,2025-04-20 21:51:12.625821,0 days 00:00:18.373369,0.6768735548828501,0.11515947811933572,16,0.1413451662635074,0.011335231649794502,0.049731142190274684,0.03236820755334705,0.06284828139981088,0.08001185376921303,2.557585671295609e-05,6,35,0.0010713740919366128,0.20537355420256656,True,False,True,2.56401415071587e-06,COMPLETE
591,0.7195415019989013,2025-04-20 21:51:12.820225,2025-04-20 21:51:32.530058,0 days 00:00:19.709833,0.825232012699678,0.14458303744679019,16,0.15135858676279468,0.018300121843232518,0.04913204106266108,0.030587550080636707,0.0881057368504703,0.07277208035677983,2.9623356214196768e-05,5,32,0.004254559155407852,0.2500301391861184,True,False,False,1.612765809146886e-06,COMPLETE
592,0.8019061923027039,2025-04-20 21:51:32.715113,2025-04-20 21:51:52.673645,0 days 00:00:19.958532,0.6884910687822114,0.10656205036263522,16,0.14496226367828152,0.023253388969153486,0.053240980218291656,0.033362005886067664,0.0764415699185497,0.07017949976852013,2.253466216753752e-05,6,33,0.006499219749676073,0.254263075413127,True,False,False,4.374957687593024e-06,COMPLETE
593,0.4879989624023438,2025-04-20 21:51:52.868951,2025-04-20 21:52:26.251587,0 days 00:00:33.382636,0.6711305725241903,0.1242882130605241,16,0.14913229892657895,0.02475928710691758,0.051089216719188216,0.033483417395743974,0.0722783138442247,0.07071926453088102,2.121578028340959e-05,30,84,0.0038781710256520184,0.29094642261804193,True,False,False,3.5144168921503586e-06,COMPLETE
594,0.3659174203872681,2025-04-20 21:52:26.435237,2025-04-20 21:52:46.138433,0 days 00:00:19.703196,0.8514252696852118,0.9670463356208443,16,0.16215139943987772,0.005821338722175183,0.0510788720856597,0.02999018278832557,0.07663262927067202,0.06900111171529637,1.640819368674547e-05,6,24,0.006197757213759272,0.2551504154906333,False,False,False,1.765716710185339e-06,COMPLETE
595,0.743006682395935,2025-04-20 21:52:46.335148,2025-04-20 21:53:05.826160,0 days 00:00:19.491012,0.38410892260898827,0.10209009380953975,16,0.14234246987570567,0.02334994434274209,0.05299269835988828,0.032860306598933825,0.07742779386044236,0.07239736015863954,2.3462792180827453e-05,5,28,0.006907374505862999,0.2694914752283382,True,False,False,2.6572494979650746e-06,COMPLETE
596,0.4104331493377686,2025-04-20 21:53:06.011817,2025-04-20 21:53:26.130197,0 days 00:00:20.118380,0.6580807501812724,0.15283082405257514,16,0.1561381726471881,0.2082385354050314,0.053018553024017825,0.029471742081971865,0.05847127087647947,0.07393965959711558,1.938964611684646e-05,6,31,0.004652476580684355,0.2599775847156545,True,False,False,1.0342123203013675e-06,COMPLETE
597,0.7716664671897888,2025-04-20 21:53:26.327600,2025-04-20 21:53:46.054794,0 days 00:00:19.727194,0.8006112498064892,0.05110511557879864,16,0.14421390111015966,0.015337229354788033,0.048510292190850804,0.032344044366678405,0.0735318238394443,0.06844104033472467,2.575380969324252e-05,5,35,0.0026048240459573446,0.2544747893096762,True,False,False,3.998859565813644e-06,COMPLETE
598,0.7341373085975647,2025-04-20 21:53:46.239508,2025-04-20 21:54:06.072262,0 days 00:00:19.832754,0.7754678677926881,0.07123175631519481,16,0.13691102983213063,0.03110690698416958,0.04742900360718239,0.035830252479734405,0.07877015729897048,0.06957953088254658,3.642079125201759e-05,6,21,0.007669303331000353,0.26210789283631414,True,False,False,5.94161780999521e-06,COMPLETE
599,0.7336101293563844,2025-04-20 21:54:06.257821,2025-04-20 21:54:25.918623,0 days 00:00:19.660802,0.8215661427699544,0.10463630584766241,16,0.13711094765647688,0.010216335953200747,0.05142060544453312,0.034331068400130435,0.0777565973333315,0.07171033766705649,2.9533724508042593e-05,5,32,0.006048215317165156,0.2999716966308258,True,False,False,4.01527268929438e-06,COMPLETE
600,0.5060827016830445,2025-04-20 21:54:26.114562,2025-04-20 21:54:46.368578,0 days 00:00:20.254016,0.7841069136249229,0.1331043201551374,16,0.14690752362676962,0.022567090608388914,0.055692915003855606,0.0282885614954267,0.07120116838879775,0.06853009738359207,1.3339454512031548e-05,6,29,0.023468255961501518,0.21459774607345541,True,False,False,7.148416342222871e-06,COMPLETE
601,0.17478683292865754,2025-04-20 21:54:46.554277,2025-04-20 21:55:04.002530,0 days 00:00:17.448253,0.8629148733207724,0.0883711041525799,16,0.14455243219819575,0.015267663167924612,0.053235271684461315,0.031093652264979846,0.06164157584426834,0.076653492924859,2.1539991729807422e-05,5,34,0.007975380831358934,0.2773895988883852,True,True,False,2.290699714762916e-06,COMPLETE
602,0.09069270193576813,2025-04-20 21:55:04.198432,2025-04-20 21:55:23.359695,0 days 00:00:19.161263,0.6845976418322604,0.047399314814932696,16,0.13481349589324665,0.0004781297143123843,0.054721031161005955,0.03286579003366189,0.06420761981990286,0.07105365418197937,2.5989649442673137e-05,6,26,0.004541121939476483,0.24893224530284233,True,False,False,2.5480050099493675e-06,COMPLETE
603,0.5539201021194459,2025-04-20 21:55:23.546863,2025-04-20 21:55:43.179562,0 days 00:00:19.632699,0.800066520626195,0.06758709984218926,16,0.13213594481134042,0.009350285322190722,0.046383820236320705,0.029033962053173924,0.06961808416639316,0.06783705214897016,3.206635082521506e-05,5,32,0.007988454437684367,0.2542118553043678,False,False,False,4.967734358003598e-06,COMPLETE
604,0.5925519347190857,2025-04-20 21:55:43.376216,2025-04-20 21:56:03.580382,0 days 00:00:20.204166,0.7608845196512026,0.12038217277186618,16,0.13854965645522752,0.026147599820288053,0.05155701432765879,0.03519080011030616,0.016507689756999126,0.047582674255261546,4.371663930546271e-05,6,36,0.002970914507631361,0.18310357846908032,True,False,False,3.611508537584533e-06,COMPLETE
605,0.4508612096309662,2025-04-20 21:56:03.767563,2025-04-20 21:56:23.616474,0 days 00:00:19.848911,0.7416578055710461,0.09238625572349472,16,0.1287689194842095,0.02068480114535226,0.05393292761366986,0.03698473612403746,0.052601846843323447,0.06966221191012494,1.7379377546156625e-05,5,30,0.08513593062401659,0.24635987908571408,True,False,False,4.05025373876894e-06,COMPLETE
606,0.800704598426819,2025-04-20 21:56:23.815630,2025-04-20 21:56:43.891390,0 days 00:00:20.075760,0.4766785312380649,0.02811210655725864,16,0.15157840715556847,0.014037029965648257,0.05561688133313847,0.09489589354251637,0.07386730749738123,0.06764785851473509,3.594980849237e-05,6,35,0.00562352629015859,0.2622208892062046,True,False,False,2.0934207585587227e-06,COMPLETE
607,0.3900485515594483,2025-04-20 21:56:44.078729,2025-04-20 21:57:04.130800,0 days 00:00:20.052071,0.7014698295008366,0.021470587002400593,16,0.15985539561445083,0.2162846074286463,0.055959928347398685,0.09802954989625907,0.07307805948386212,0.06679670732380946,3.2889161706115495e-05,6,34,0.0010313154715122898,0.26951230439349005,True,False,False,1.3521860187768078e-06,COMPLETE
608,0.5536886096000672,2025-04-20 21:57:04.328539,2025-04-20 21:57:23.789860,0 days 00:00:19.461321,0.6567308263134961,0.017438564522942568,16,0.13856110192585105,0.010580530180790935,0.05219788838770192,0.08974535596425443,0.07212624596398544,0.06691416592385321,2.432153219339682e-05,5,29,0.004345420199447267,0.27383268167972147,True,False,False,2.088605360314264e-06,COMPLETE
609,0.7011391878128052,2025-04-20 21:57:23.978347,2025-04-20 21:57:44.004917,0 days 00:00:20.026570,0.48935735413475157,0.036642338603637276,16,0.1551463223344598,0.004842574917591565,0.05678838955562871,0.028619198043514257,0.0757651993738858,0.0900728200371417,3.774909418033259e-05,6,32,0.005786686791140333,0.26119129165910077,True,False,False,1.5297825255082246e-06,COMPLETE
610,0.0907723143696785,2025-04-20 21:57:44.204053,2025-04-20 21:58:04.087166,0 days 00:00:19.883113,0.4116221549176419,0.025808986617074887,8,0.1548306360605945,0.014675813107169948,0.054354004835964025,0.031103130723692606,0.08027218053222535,0.06707549876944431,3.0157574364451592e-05,5,26,0.003130724884920234,0.09932897501723814,True,False,True,2.1025408380002676e-06,COMPLETE
611,0.6568797826766968,2025-04-20 21:58:04.274777,2025-04-20 21:58:24.451595,0 days 00:00:20.176818,0.010414516482076142,0.038360690533120335,16,0.14798630580856617,0.005395109536222864,0.057156045834400836,0.027884441358360275,0.06929591992191358,0.07091457716536624,2.4392990717323568e-05,6,35,0.006212735531291755,0.13903889946823358,True,False,False,3.0303458496137544e-06,COMPLETE
612,0.724600112438202,2025-04-20 21:58:24.651998,2025-04-20 21:58:44.380566,0 days 00:00:19.728568,0.7266653061878345,0.6706249697183216,16,0.15456030113800912,0.015582325685923746,0.04341780971046965,0.03069135796374213,0.07639889093067043,0.07442570484757738,1.9605764672763843e-05,5,32,0.0040594561458235645,0.26192228538184065,True,False,False,2.6544235650068823e-06,COMPLETE
613,0.8106938600540162,2025-04-20 21:58:44.570468,2025-04-20 21:59:04.694308,0 days 00:00:20.123840,0.7074042569763034,0.05230982026798921,16,0.16607940017856088,0.009236071379425908,0.05878139691455615,0.03374201706044898,0.06657793992619487,0.06935524275871585,3.7307589253370186e-05,6,35,0.006652001328302069,0.28460090323111603,True,False,False,2.9298702720928423e-06,COMPLETE
614,0.4745578050613404,2025-04-20 21:59:04.896197,2025-04-20 21:59:24.361294,0 days 00:00:19.465097,0.6867118989847507,0.044716397842175015,16,0.16116851312408698,0.004900556190638247,0.057784586717306366,0.09615836238443894,0.07505438042789872,0.07280027808243844,3.715628022764477e-05,5,35,0.005329710912664875,0.28924708334205707,False,False,False,2.9826253786767827e-06,COMPLETE
615,0.09069270193576813,2025-04-20 21:59:24.552225,2025-04-20 21:59:44.019216,0 days 00:00:19.466991,0.6760712193101678,0.015338399707968908,16,0.16510214592996064,0.00037769292334197124,0.05791256401749211,0.09370789755307755,0.07009329176282786,0.06947489889976333,2.946823644019702e-05,6,30,0.0027664487001768925,0.2952493275203932,True,False,False,2.1906281567972633e-06,COMPLETE
