number,value,datetime_start,datetime_complete,duration,params_alpha-eval,params_alpha-train,params_batch-size,params_eps-eval,params_eps-train,params_lambda-actions-eval,params_lambda-actions-train,params_lambda-frames-eval,params_lambda-frames-train,params_learning-rate,params_n-epochs,params_n-frames,params_radius-gw,params_rho,params_std-feats,params_ub-actions,params_ub-frames,params_weight-decay,state
1176,0.7194853186607362,2025-04-07 20:31:21.129000,2025-04-07 20:31:48.589545,0 days 00:00:27.460545,0.041677866298990694,0.17671010052044733,8,0.13585873900449577,0.020481705821805727,0.014439701603669055,0.020205192511653394,0.07081247161573169,0.05096613663191484,0.000510091038184471,16,32,0.04913110637562278,0.2833113618078267,False,False,True,9.057957926335126e-07,COMPLETE
1177,0.7190490007400514,2025-04-07 20:31:48.965626,2025-04-07 20:32:16.003892,0 days 00:00:27.038266,0.047166413334438974,0.18497863826702318,8,0.1386369050023792,0.011732557582821502,0.018066829271585292,0.023882176500120582,0.07046861004055018,0.05182917224228777,0.0004622747875458467,16,33,0.05107032029299768,0.2829075221153135,False,False,True,1.3266087208420372e-06,COMPLETE
1178,0.6344256281852723,2025-04-07 20:32:16.379242,2025-04-07 20:32:44.037683,0 days 00:00:27.658441,0.04506393809862555,0.21697510703693287,8,0.14027076332659819,0.011920565045083206,0.020729496441661322,0.021904052327631957,0.06858242104217686,0.05526029868213905,0.00033739785907832613,16,32,0.05358742499682985,0.2850826967303499,False,False,True,1.4217293249347586e-06,COMPLETE
1179,0.6599612474441529,2025-04-07 20:32:44.418501,2025-04-07 20:33:11.352501,0 days 00:00:26.934000,0.04401774153520047,0.19849856817686334,8,0.15115113462771562,0.011825526535219911,0.018829210028887523,0.021667963220178162,0.07004823254591416,0.05164205514767034,0.00038852242474688163,16,22,0.05166067112880889,0.28254082719543744,False,False,True,1.262446775921056e-06,COMPLETE
1180,0.6863719820976257,2025-04-07 20:33:11.727556,2025-04-07 20:33:38.897526,0 days 00:00:27.169970,0.059300679302966106,0.18264512540289535,8,0.13846346889799574,0.009800304439845484,0.01738796519888496,0.019896484698148423,0.07073674624892427,0.05196563396713224,0.000421488224854794,16,25,0.05129037370282749,0.28846809881848967,False,False,True,9.793036194044866e-07,COMPLETE
1181,0.6228579640388489,2025-04-07 20:33:39.276917,2025-04-07 20:34:06.351508,0 days 00:00:27.074591,0.363274660126908,0.21793926821946172,8,0.1451223235440881,0.008202848743806949,0.020059802345865664,0.02433273106295533,0.07027718742544402,0.050398949530058586,0.00045065069539751835,16,32,0.05362928077935848,0.2832634853177722,False,False,True,1.0832036926340593e-06,COMPLETE
1182,0.7001621365547182,2025-04-07 20:34:06.727635,2025-04-07 20:34:33.849511,0 days 00:00:27.121876,0.04026612995074367,0.19630621018194622,8,0.13317877333646622,0.01571556753828075,0.01821045901535457,0.022983835108434297,0.0713635366717986,0.05318233652999159,0.0003704005726719634,16,28,0.05003900694976022,0.2927339634788761,False,False,True,1.4823077740173839e-06,COMPLETE
1183,0.6969619870185852,2025-04-07 20:34:34.229824,2025-04-07 20:35:01.416709,0 days 00:00:27.186885,0.057355867279322785,0.17987758817837599,8,0.13864090071984758,0.009118056739817337,0.016613446509528017,0.019645809739425736,0.06763759201903913,0.0511443871677267,0.0005117304014412142,16,29,0.0520270498150903,0.28055146859041125,False,False,True,2.0292784799326787e-06,COMPLETE
1184,0.7406643152236938,2025-04-07 20:35:01.796585,2025-04-07 20:35:29.054864,0 days 00:00:27.258279,0.03281591881474301,0.22622252339594964,8,0.1451654125122341,0.018574277285915968,0.02184908626311409,0.020330125336077344,0.06705233468831329,0.056199066795074554,0.0004393894823868852,16,33,0.04968064093010762,0.275823155757026,False,False,True,9.112198145914324e-07,COMPLETE
1185,0.6858983993530273,2025-04-07 20:35:29.432496,2025-04-07 20:35:56.500318,0 days 00:00:27.067822,0.05525185757655973,0.20598373040759813,8,0.14485529852824539,0.007829207659709873,0.02173655173700571,0.023553986665804875,0.06706517940223722,0.055330301473912984,0.00032271593236754943,16,25,0.04981475779693678,0.2769454637244034,False,False,True,1.2596823168696259e-06,COMPLETE
1186,0.715390431880951,2025-04-07 20:35:56.877477,2025-04-07 20:36:23.910413,0 days 00:00:27.032936,0.036589348218846504,0.17769348940349475,8,0.14836666019701858,0.01069619242866013,0.02284455937222456,0.02046614515610077,0.06826326195064193,0.05675311105453111,0.00041985279376405483,16,32,0.05366948714745299,0.27441109304372135,False,False,True,1.5611815704321562e-06,COMPLETE
1187,0.6951422572135926,2025-04-07 20:36:24.287887,2025-04-07 20:36:51.360455,0 days 00:00:27.072568,0.04089091499961965,0.22834857660328267,8,0.1406923484792528,0.014041598258854369,0.02238189634657896,0.021187852129612307,0.06879652919723687,0.05777313519373996,0.00035542820862698735,16,28,0.04988921354105577,0.2847193324417012,False,False,True,1.0005717968292435e-06,COMPLETE
1188,0.49449125528335575,2025-04-07 20:36:51.739579,2025-04-07 20:37:17.720401,0 days 00:00:25.980822,0.05761879077921824,0.20347717408655286,8,0.134393511409935,0.007965385423782298,0.019716563699548054,0.019194795736009167,0.0670186391952566,0.05235522911800933,0.0004903348464379861,16,8,0.051600831861636935,0.27614348293500945,False,False,True,3.3691155396352173e-06,COMPLETE
1189,0.5620028614997864,2025-04-07 20:37:18.100638,2025-04-07 20:37:45.329166,0 days 00:00:27.228528,0.03048645696466044,0.18975188071802684,8,0.1508671965974633,0.015600873879112048,0.0210524122976575,0.021984067831949283,0.06982178678715052,0.05242128037391804,0.00046386791685631995,16,31,0.012863652503169065,0.2898009308298819,False,False,True,1.723401711166953e-06,COMPLETE
1190,0.6564254522323609,2025-04-07 20:37:45.708962,2025-04-07 20:38:12.822901,0 days 00:00:27.113939,0.2321824879620249,0.17299063452881588,8,0.14383501509717847,0.014098193263012716,0.018480985733386433,0.01978345616319776,0.0663319977594484,0.055682962946512926,0.0004008607335849251,16,33,0.048912539566041455,0.2824676837039813,False,False,True,8.733466607039931e-07,COMPLETE
1191,0.6844414353370667,2025-04-07 20:38:13.202891,2025-04-07 20:38:41.271893,0 days 00:00:28.069002,0.056788256573784626,0.22103836818767825,8,0.13740682965944,0.00932253791368803,0.020741158113489783,0.022875170512260023,0.07081826167289826,0.05579781019333845,0.0004982921506457691,17,26,0.05417184418914729,0.2945120918735476,False,False,True,1.2896773044514429e-06,COMPLETE
1192,0.6983405947685242,2025-04-07 20:38:41.652067,2025-04-07 20:39:07.751794,0 days 00:00:26.099727,0.03183835171487755,0.19681367375283249,8,0.12968050235100312,0.01701201020173375,0.023628663824615953,0.023826878578616175,0.06536270287519932,0.05154531203309367,0.0003531398114245075,15,29,0.04912021009084704,0.2742955763088767,False,False,True,1.0993932481201343e-06,COMPLETE
1193,0.11301910877227783,2025-04-07 20:39:08.130840,2025-04-07 20:39:35.444156,0 days 00:00:27.313316,0.05819912426745774,0.17777927025482557,8,0.14425148298985427,0.14063726963174455,0.019021447016846334,0.01877389102270319,0.06844363057837338,0.05012869696528234,0.0004307109142131718,16,33,0.052607186453441694,0.2872643793714273,False,True,True,8.86460082423586e-07,COMPLETE
1194,0.5515819668769837,2025-04-07 20:39:35.824882,2025-04-07 20:40:02.261065,0 days 00:00:26.436183,0.03034578573742828,0.5401801868231438,8,0.13369666232616317,0.019524030870821323,0.01641907637010713,0.020821653076004237,0.06657584505318075,0.057925169387193734,0.0005389733758234564,15,31,0.0508251921839917,0.281874764200232,False,False,True,1.5778489085356866e-06,COMPLETE
1195,0.6860176086425782,2025-04-07 20:40:02.641954,2025-04-07 20:40:30.432012,0 days 00:00:27.790058,0.037132265391333935,0.22466771134520946,8,0.1515603165949542,0.018141880581467595,0.017962570271349645,0.01780818083783805,0.06942471651741165,0.04983337116235221,0.0005199092084605764,17,35,0.04935503448484473,0.27745781132190606,False,False,True,1.985806125489683e-06,COMPLETE
1196,0.1082230031490326,2025-04-07 20:40:30.816914,2025-04-07 20:40:58.221177,0 days 00:00:27.404263,0.057273895541522735,0.19913084049181046,8,0.13853409589450588,0.12700592568186594,0.020580871841424098,0.019181263669883084,0.06501595417178582,0.05592333437094269,0.0003232382623439455,16,22,0.04828304128605953,0.2922360340443678,False,False,True,1.207600529552671e-06,COMPLETE
1197,0.6989496588706972,2025-04-07 20:40:58.600837,2025-04-07 20:41:25.174657,0 days 00:00:26.573820,0.026885428537378457,0.17688940940395612,8,0.14453457069139358,0.007812321574262334,0.023320288862205763,0.017794548416856,0.0704878343163359,0.04834132168698954,0.0004178444436697293,15,29,0.051345226582726326,0.28569887011996326,False,False,True,2.5814906199280857e-06,COMPLETE
1198,0.6606514215469361,2025-04-07 20:41:25.556757,2025-04-07 20:41:52.621668,0 days 00:00:27.064911,0.04190637499115647,0.2112044602548916,8,0.12854109910453743,0.013581403336878673,0.014967238559920657,0.024419219128785242,0.06696221057636255,0.054383104190128734,0.000536574791579122,16,27,0.05492991074947932,0.27399647900573865,False,False,True,8.785975069939423e-07,COMPLETE
1199,0.7252993226051332,2025-04-07 20:41:53.005474,2025-04-07 20:42:19.288505,0 days 00:00:26.283031,0.060469197392605825,0.2304531336037993,8,0.13932316817202206,0.022262244003454897,0.01651393755319488,0.021549661876852633,0.06441239130822697,0.048124406440886724,0.00038433385591368535,15,33,0.04826128505406215,0.2888838391566014,False,False,True,1.408090864393969e-06,COMPLETE
1200,0.5770630478858948,2025-04-07 20:42:19.670243,2025-04-07 20:42:46.223031,0 days 00:00:26.552788,0.06055700024793077,0.21802929230504994,8,0.1509780295547246,0.019574076259832963,0.016620213163334743,0.024759232396044432,0.06492352928324609,0.05125185201182,0.0003026365796663807,15,37,0.05117534303918701,0.2856385201122964,False,False,True,1.5658223964436744e-06,COMPLETE
1201,0.6755705356597901,2025-04-07 20:42:46.606032,2025-04-07 20:43:13.198813,0 days 00:00:26.592781,0.011019053208194619,0.22341416154941013,8,0.14236339237905346,0.01477548729387191,0.01860135970337372,0.021951527539803905,0.06387476568190392,0.04954644982541319,0.00031221049694676916,15,35,0.04859998437978132,0.2943732560444228,False,False,True,2.2286956735421017e-06,COMPLETE
1202,0.7128069758415223,2025-04-07 20:43:13.581016,2025-04-07 20:43:40.158981,0 days 00:00:26.577965,0.010796187524455894,0.2392575161638196,8,0.1475730623612669,0.009311177770251788,0.015751465854248414,0.021263762790616328,0.0665704901664537,0.048842555688553176,0.0003689544087823415,15,33,0.05078800578686456,0.2900883901451643,False,False,True,1.2555063812491266e-06,COMPLETE
1203,0.5751643776893616,2025-04-07 20:43:40.554182,2025-04-07 20:44:07.006217,0 days 00:00:26.452035,0.04150919558953173,0.2314453194414395,8,0.13921947207348956,0.018844482582665113,0.017827450163601974,0.020228296348291198,0.06801366631801407,0.05301228356200696,0.0003746365584526962,15,37,0.0529378868104822,0.28107888000260456,False,False,True,1.458788373350714e-06,COMPLETE
1204,0.7324930429458619,2025-04-07 20:44:07.388941,2025-04-07 20:44:33.682782,0 days 00:00:26.293841,0.058667995128713214,0.20184631785191684,8,0.15189065668735674,0.02187404099458558,0.019855757516458877,0.024763303018191782,0.07115552421829793,0.05220593651642169,0.00039631644564606656,15,33,0.04811309900147513,0.29513523733106906,False,False,True,1.072738885422254e-06,COMPLETE
1205,0.6968290567398072,2025-04-07 20:44:34.066038,2025-04-07 20:45:00.253566,0 days 00:00:26.187528,0.06084418438453257,0.23428622664683202,8,0.15057558676767877,0.008552235345388425,0.02244398922662857,0.02384592473381409,0.07177790118795348,0.05661982494799252,0.0002959999453602672,15,29,0.047716185192490684,0.2954707223501079,False,False,True,1.053568509258244e-06,COMPLETE
1206,0.6809783458709717,2025-04-07 20:45:00.635395,2025-04-07 20:45:27.616527,0 days 00:00:26.981132,0.029671911004943024,0.20597373715596778,8,0.14930746299684594,0.014241247597569404,0.02041617960397151,0.021970997829806896,0.07145002859522719,0.0523308940844282,0.00043837238449211054,15,32,0.04962189811849686,0.2902597250111941,False,False,True,9.031279057093056e-07,COMPLETE
1207,0.6786384463310242,2025-04-07 20:45:28.002162,2025-04-07 20:45:55.249117,0 days 00:00:27.246955,0.06281586648858822,0.23533708493500913,8,0.1460818104210093,0.017502823049271334,0.02164473150225832,0.02496441568550538,0.06979854200805193,0.05404937897644959,0.00033755614590418216,16,25,0.048249996810063124,0.2995326682000369,False,False,True,1.8537617620151578e-06,COMPLETE
1208,0.7068888783454896,2025-04-07 20:45:55.642446,2025-04-07 20:46:21.872239,0 days 00:00:26.229793,0.010706915111760711,0.20605514631685085,8,0.1503190110376588,0.02117564036877129,0.019676479131348325,0.02538303344648302,0.06900261006491015,0.051185708063137575,0.00037302188890310576,15,30,0.05227756430756238,0.2939006621610296,False,False,True,0.0005448557481222184,COMPLETE
1209,0.291861230134964,2025-04-07 20:46:22.257025,2025-04-07 20:46:49.272720,0 days 00:00:27.015695,0.8602576042091409,0.22210508730280876,8,0.15460997484777056,0.008445824875975195,0.023312278303984333,0.023375753371133085,0.07231689601562956,0.0517234310180756,0.00044023564709781785,16,33,0.05007663477401877,0.2868402786645378,False,False,True,1.17337151669154e-06,COMPLETE
1210,0.7085327863693238,2025-04-07 20:46:49.659760,2025-04-07 20:47:15.817132,0 days 00:00:26.157372,0.010035240082012804,0.19527865693323027,8,0.1525696251173265,0.019374305590443,0.018833472998602403,0.021769631385506492,0.07154712068574942,0.054370845387986255,0.00033873314788146757,15,33,0.05392881336030401,0.29460958675865606,False,False,True,1.3883641987075676e-06,COMPLETE
1211,0.10204091668128969,2025-04-07 20:47:16.203125,2025-04-07 20:47:42.448153,0 days 00:00:26.245028,0.04199952953207995,0.21067908415227343,8,0.14293189767543849,0.013723893053985671,0.01700208010163144,0.019562707492325693,0.06923019106059838,0.05242005605918696,0.0003763319724040018,15,28,0.04758404913470156,0.2818536881844786,False,True,True,9.57045311574442e-07,COMPLETE
1212,0.574849820137024,2025-04-07 20:47:42.831717,2025-04-07 20:48:09.909255,0 days 00:00:27.077538,0.044802535474368216,0.23242960340870564,8,0.1405420706341338,0.02255629763345655,0.02087697659531459,0.023661500633338956,0.06663530021621594,0.05012441065172765,0.00028969297193619296,16,36,0.05109743739885142,0.29049801541654985,False,False,True,8.040430615896359e-07,COMPLETE
1213,0.5565551519393921,2025-04-07 20:48:10.296805,2025-04-07 20:48:36.885668,0 days 00:00:26.588863,0.06330015365250037,0.19559459253139505,8,0.1457921938548375,0.0743150903383456,0.0192235845310933,0.025807658233970934,0.07202716722039705,0.05168960545002388,0.0004432733563358382,15,31,0.04877702056393247,0.2879353476392938,False,False,True,1.616457795673228e-06,COMPLETE
1214,0.5712534666061402,2025-04-07 20:48:37.269581,2025-04-07 20:49:04.524877,0 days 00:00:27.255296,0.030743508300481392,0.23440255533139276,8,0.13821205171450238,0.009790793340752139,0.01760219409400134,0.021456755383628894,0.06878741472974424,0.04846803555527125,0.00042417287548620844,16,34,0.050417772248231386,0.2793485932828293,False,False,True,1.1726655680098078e-06,COMPLETE
1215,0.4914852619171143,2025-04-07 20:49:04.910092,2025-04-07 20:49:31.508670,0 days 00:00:26.598578,0.026743957806292802,0.18913588180764,8,0.15256247588955082,0.021523581641963236,0.015138292140730394,0.018238066244125304,0.06589411505300147,0.05019076124914108,0.0004923320763922192,15,71,0.04767495977414933,0.29510916404572174,False,False,True,1.919806798603492e-06,COMPLETE
1216,0.6870485544204712,2025-04-07 20:49:31.902954,2025-04-07 20:49:58.986220,0 days 00:00:27.083266,0.06303180626450547,0.21114934241052893,8,0.14338036822623595,0.014191168310340244,0.01767660828488774,0.019901835416330945,0.06701986803838982,0.04873255883692663,0.0002437050492118246,16,26,0.05474374817474881,0.29996667512895786,False,False,True,8.701011392772467e-07,COMPLETE
1217,0.5322657823562622,2025-04-07 20:49:59.375448,2025-04-07 20:50:25.873114,0 days 00:00:26.497666,0.010177482800308994,0.1836384667790681,8,0.135962446676401,0.02160182438036067,0.021796193859062334,0.0177090079449142,0.0709215672530947,0.05413904353136659,0.0003561863534577291,15,39,0.052014527318779244,0.28318388703187614,False,False,True,1.0871876443153267e-06,COMPLETE
1218,0.7013083696365356,2025-04-07 20:50:26.259637,2025-04-07 20:50:53.630618,0 days 00:00:27.370981,0.04269987882964717,0.21552735386416416,8,0.1453475489073586,0.014628180072223773,0.016345455501188055,0.023095501321916,0.06433889814001886,0.048089518080095,0.0004199105243148558,16,30,0.0486700711855618,0.27588343976977997,False,False,True,1.3367994773793462e-06,COMPLETE
1219,0.571079671382904,2025-04-07 20:50:54.019761,2025-04-07 20:51:20.488225,0 days 00:00:26.468464,0.042463290405585316,0.2325923058408673,8,0.15156016248367638,0.007305175648732003,0.019128712101993246,0.020131845956171124,0.06853020020940825,0.05713470330737088,0.0005188882034105119,15,37,0.04979782295200448,0.290083894425074,False,False,True,2.20077154394971e-06,COMPLETE
1220,0.749486756324768,2025-04-07 20:51:20.873436,2025-04-07 20:51:47.953460,0 days 00:00:27.080024,0.06540937231028121,0.1810003033561039,8,0.1381865933578146,0.02229969656917094,0.014667806208382355,0.016961198273039615,0.06617272502699419,0.054856048895615774,0.00046130085382992966,16,33,0.0474188169569707,0.28654665018710884,False,False,True,8.059321175431759e-07,COMPLETE
1221,0.6758869528770448,2025-04-07 20:51:48.340421,2025-04-07 20:52:15.387015,0 days 00:00:27.046594,0.028576395344859035,0.17466228253117483,8,0.13238241763313807,0.015998825870878756,0.01509495857234007,0.0182904247043292,0.06475371261038944,0.05560143349772603,0.00031536977665380596,16,27,0.05221369695830368,0.285648041950066,False,False,True,1.0764862120576715e-06,COMPLETE
1222,0.7164456486701966,2025-04-07 20:52:15.774929,2025-04-07 20:52:42.786531,0 days 00:00:27.011602,0.05652223214366284,0.1827577669315362,8,0.13678639250040653,0.021825226521042695,0.023347760638843078,0.02199819265788559,0.06631798957234031,0.05540400995714336,0.0002553253207279002,16,30,0.04759199827690891,0.2999231414649572,False,False,True,8.535163708334652e-07,COMPLETE
1223,0.6896304488182068,2025-04-07 20:52:43.171995,2025-04-07 20:53:10.197565,0 days 00:00:27.025570,0.027319001449309124,0.17191659556429958,8,0.1337076240301874,0.007075280971370066,0.02005473466360715,0.01736411039678136,0.06731975193107562,0.052919354330618,0.0004185841137240299,16,24,0.04982646728310192,0.28931936129332225,False,False,True,1.3528040785860508e-06,COMPLETE
1224,0.5746023416519166,2025-04-07 20:53:10.582135,2025-04-07 20:53:37.044589,0 days 00:00:26.462454,0.26855568795563023,0.179906557582527,8,0.13879068268851688,0.014079420506791302,0.017527955920616223,0.019948680327370048,0.06503655776529797,0.058562078596830686,0.0003628982251932533,15,32,0.047702885201577415,0.2803797997318641,False,False,True,1.6703080766278102e-06,COMPLETE
1225,0.7016103506088258,2025-04-07 20:53:37.436841,2025-04-07 20:54:04.673218,0 days 00:00:27.236377,0.04666540978196021,0.1961661238130181,8,0.13114346237288296,0.020170013869870912,0.014229256040064022,0.01643941025404533,0.06349363832458281,0.0547152846297898,0.0004753125676022833,16,29,0.05148293748555476,0.2929513933918669,False,False,True,1.0349927766603726e-06,COMPLETE
1226,0.701753044128418,2025-04-07 20:54:05.060234,2025-04-07 20:54:31.685557,0 days 00:00:26.625323,0.06577546977368927,0.19953955845706228,8,0.13995464154102344,0.010095221795043456,0.01984850669657495,0.024603150315928794,0.06793277077730962,0.05789908777153267,0.0004034006644437035,15,33,0.05439752508439691,0.285963688550692,False,False,True,7.841735664716578e-07,COMPLETE
1227,0.30523666739463806,2025-04-07 20:54:32.072939,2025-04-07 20:54:59.713869,0 days 00:00:27.640930,0.9191604538077776,0.16965702789591341,8,0.13511348831993214,0.022285311431856136,0.01588151415479956,0.02005177667884993,0.0661311373472485,0.051867415408861306,0.000285655557748914,17,22,0.04951121905786598,0.2777937220891999,False,False,True,1.3619600538884697e-06,COMPLETE
1228,0.6956211566925049,2025-04-07 20:55:00.103785,2025-04-07 20:55:26.573355,0 days 00:00:26.469570,0.028772893973694282,0.19220541351194442,8,0.14223305017038915,0.016802385017397628,0.0176627076598926,0.01821424235629488,0.06348797790930309,0.0541633579303653,0.000511755550899041,15,28,0.04772170776885269,0.2939522208730184,False,False,True,1.1265521001508826e-06,COMPLETE
1229,0.7207472324371338,2025-04-07 20:55:26.965408,2025-04-07 20:55:54.023496,0 days 00:00:27.058088,0.05103278488383428,0.17339770968517715,8,0.13121884540108536,0.022158826168679258,0.02148592062652576,0.02264173398438563,0.06943379424353964,0.05081043556365133,0.00033448812658584307,16,31,0.05283267699666429,0.2842306451972403,False,False,True,1.7159155736675784e-06,COMPLETE
1230,0.17463563084602357,2025-04-07 20:55:54.412203,2025-04-07 20:56:21.715632,0 days 00:00:27.303429,0.06474145862551237,0.16618426011294724,8,0.1289000697933268,0.01322136449326744,0.02448491181062434,0.02441754158989093,0.06953904320669115,0.05673331195635676,0.00025902078633434394,16,34,0.05526116127233058,0.2858312432933417,False,True,True,2.545764731541008e-06,COMPLETE
1231,0.6735361456871033,2025-04-07 20:56:22.105845,2025-04-07 20:56:41.651156,0 days 00:00:19.545311,0.06586819810618541,0.1750853252339543,8,0.12794323872099164,0.018712133730238487,0.021222965386564895,0.022590735401716477,0.06980891849793014,0.0531080503495282,0.0003161460002223373,5,25,0.05309898069754838,0.2813124437546947,False,False,True,2.0445096492990643e-06,COMPLETE
