number,value,datetime_start,datetime_complete,duration,params_alpha-eval,params_alpha-train,params_batch-size,params_eps-eval,params_eps-train,params_lambda-actions-eval,params_lambda-actions-train,params_lambda-frames-eval,params_lambda-frames-train,params_learning-rate,params_n-epochs,params_n-frames,params_radius-gw,params_rho,params_std-feats,params_ub-actions,params_ub-frames,params_weight-decay,state
336,0.7528265476226808,2025-04-20 20:14:55.608842,2025-04-20 20:15:21.109100,0 days 00:00:25.500258,0.8096679523978213,0.13665309301812828,16,0.0653078253917627,0.025719664403065536,0.06962474889718265,0.03800723668750017,0.02493902494232366,0.01720772952730208,0.00012920059285315312,18,38,0.004970240337152875,0.22906821520693865,True,False,False,0.00014428998195770718,COMPLETE
337,0.09069270193576813,2025-04-20 20:15:21.225108,2025-04-20 20:15:54.767771,0 days 00:00:33.542663,0.8455268612945125,0.16301653117041373,8,0.08735678662019873,0.005992388888215489,0.07229209762326344,0.038068904893110905,0.02575724505303844,0.014971435682072208,0.00012204842422226935,20,35,0.005037511724238786,0.21152596527078396,True,False,False,0.00013789767347267517,COMPLETE
338,0.536827838420868,2025-04-20 20:15:54.873192,2025-04-20 20:16:20.622992,0 days 00:00:25.749800,0.8035725352762444,0.13899942048791203,16,0.12220548123435471,0.014664508606627338,0.07025630338150471,0.033961256823592155,0.02508806481742385,0.012216193213769298,0.00012799911236387803,19,37,0.005011451984061453,0.22738321657987792,True,False,False,0.00010974313077005614,COMPLETE
339,0.6094305634498596,2025-04-20 20:16:20.728492,2025-04-20 20:16:47.058240,0 days 00:00:26.329748,0.8141503120903617,0.12657263888460413,16,0.12816556953825262,0.02427661122037938,0.0686840136260633,0.03686494656514315,0.021025001394631714,0.01644953717399623,0.00014438506434244445,19,58,0.006441539187465444,0.22331146609896782,True,False,False,0.0003589167739294478,COMPLETE
340,0.6851560354232789,2025-04-20 20:16:47.164136,2025-04-20 20:17:12.432531,0 days 00:00:25.268395,0.7897353848356365,0.14988318334335576,16,0.07679029118262874,0.01984324343336153,0.06738055983578956,0.03480263955828341,0.026965132583013425,0.015283009700219317,9.275335523408416e-05,18,32,0.003330891824241797,0.23019254182621313,True,False,False,0.00015085856010707885,COMPLETE
341,0.6097498178482056,2025-04-20 20:17:12.550600,2025-04-20 20:17:39.125622,0 days 00:00:26.575022,0.872170093960275,0.13035910837553238,16,0.0540111885563638,0.00922879174227477,0.07056914403722923,0.041276038444866464,0.023023692084858424,0.02126037861663751,0.0001419753690421865,20,41,0.006853729898060164,0.22888627936093758,True,False,False,0.00019882060793072467,COMPLETE
342,0.422574132680893,2025-04-20 20:17:39.233130,2025-04-20 20:19:04.976345,0 days 00:01:25.743215,0.7078915213162049,0.16723411604571126,2,0.08808014490868576,0.11995886665567596,0.06583407541660685,0.03918439633845832,0.027512337021659027,0.01309752191966274,0.00011858157396003602,20,37,0.004832478567983647,0.21688571816219387,True,False,False,0.00011371356694697781,COMPLETE
343,0.514121413230896,2025-04-20 20:19:05.081864,2025-04-20 20:19:30.164480,0 days 00:00:25.082616,0.8277684661087086,0.12383635715522286,16,0.07496663385133576,0.016041188928771627,0.06834513451016559,0.03540556330614846,0.0291190711940425,0.019251398685625372,0.00024171935864304204,18,33,0.09569003862138672,0.23463935918696527,True,False,False,0.0001332310369126969,COMPLETE
344,0.6103237628936768,2025-04-20 20:19:30.272973,2025-04-20 20:19:56.226607,0 days 00:00:25.953634,0.7628985703079979,0.1844903812008609,16,0.06885282603963387,0.026367907269668985,0.07407057998292603,0.037997657244914614,0.023272678320308986,0.058469697811062926,0.0001062249391644113,19,47,0.005892496060034001,0.22316705585194313,True,False,False,9.435812020335638e-05,COMPLETE
345,0.09069270193576813,2025-04-20 20:19:56.344869,2025-04-20 20:20:20.818252,0 days 00:00:24.473383,0.7084200375914886,0.14386781654126596,16,0.1435019544044607,0.0029989816304988506,0.06567086018252456,0.03345724487982499,0.020419606971635616,0.011405178114592816,0.00014981906462563615,18,35,0.02512202427764479,0.1572844887590484,True,False,False,0.00025964356809342126,COMPLETE
346,0.3547479867935181,2025-04-20 20:20:20.927362,2025-04-20 20:20:44.690222,0 days 00:00:23.762860,0.7848560535845467,0.11119593556932275,16,0.04505912160814887,0.021326589321440177,0.0717828667920178,0.040666055448219225,0.018448402255673516,0.02443315680872058,0.0002105773180510542,21,39,0.003447208378036696,0.23664171904106188,True,True,False,6.89605958371868e-05,COMPLETE
347,0.5956151843070985,2025-04-20 20:20:44.798576,2025-04-20 20:21:10.397862,0 days 00:00:25.599286,0.7523485641825576,0.8388567056283835,16,0.0705225727823318,0.011077449006409598,0.06924852828279991,0.036796473541449375,0.029670889994721446,0.02269517472029368,0.00016688032019070379,19,31,0.009487312302444133,0.23146648519798507,True,False,False,0.00010594905691917272,COMPLETE
348,0.5364215612411499,2025-04-20 20:21:10.505160,2025-04-20 20:21:30.194800,0 days 00:00:19.689640,0.6846902650000912,0.12025316940021874,16,0.11984112503692884,0.01626021820917487,0.06701313563026717,0.04325898533438045,0.06643680083855918,0.018243969347167384,0.00010364722602029527,5,34,0.007530262669589905,0.24054876620427249,True,False,False,0.00018757543266194253,COMPLETE
349,0.4750854194164277,2025-04-20 20:21:30.313311,2025-04-20 20:21:51.624019,0 days 00:00:21.310708,0.7435104168322134,0.14528310427837887,16,0.0361535099740085,0.026888666141805982,0.06488034972967371,0.03533484984782533,0.024784748735746577,0.055011163497168315,0.0001389057106643935,6,113,0.004710848608783926,0.22834263854443765,True,False,False,6.514893806563703e-05,COMPLETE
350,0.09069270193576813,2025-04-20 20:21:51.735863,2025-04-20 20:22:11.580307,0 days 00:00:19.844444,0.8175217699278657,0.10974344380047932,16,0.13865896043918177,0.006610270653352524,0.06760736320444595,0.03255145493341072,0.027473729453363824,0.016585591524794937,0.00023557177478194068,7,41,0.009425455736757323,0.23673666307118332,True,False,False,4.825372959959221e-05,COMPLETE
351,0.4584080815315247,2025-04-20 20:22:11.691487,2025-04-20 20:22:37.342325,0 days 00:00:25.650838,0.774766183497933,0.9235474939616983,16,0.15343267458168974,0.020664905842295207,0.07001732780624724,0.03831027125503367,0.030172372828325782,0.018074598370487742,0.0001921450656105334,19,37,0.046918429196440105,0.2180987075585318,True,False,False,0.0001436566523719856,COMPLETE
352,0.4954487204551697,2025-04-20 20:22:37.453593,2025-04-20 20:22:58.608942,0 days 00:00:21.155349,0.696526443453004,0.12954655910638196,16,0.12506678063948418,0.012264579224660925,0.06531109608879314,0.030618101503973545,0.033912813433701006,0.06224651799853668,0.00026983830670463776,6,103,0.006132190287570601,0.24184219794800527,True,False,False,8.825551737036159e-05,COMPLETE
353,0.6056427001953125,2025-04-20 20:22:58.728491,2025-04-20 20:23:18.603143,0 days 00:00:19.874652,0.7117680846239303,0.10384830634015363,16,0.06500945586859927,0.028560367716245913,0.06370271069714392,0.0341204744116907,0.03757381589618938,0.014514297042845164,0.00016055420852040364,5,44,0.0026919219189343686,0.23214420696633148,True,False,False,3.54095315799629e-05,COMPLETE
354,0.5841572403907775,2025-04-20 20:23:18.714375,2025-04-20 20:23:39.991216,0 days 00:00:21.276841,0.04916016445527588,0.1624034434057407,16,0.11290136819312663,0.01686055275794722,0.06687814936882405,0.03954028154023481,0.031709238881883525,0.0076090778799984705,0.00011400098445105075,7,86,0.0075224434637225415,0.22433088989967487,True,False,False,0.00011829517327224031,COMPLETE
355,0.11232942938804627,2025-04-20 20:23:40.102320,2025-04-20 20:24:04.066466,0 days 00:00:23.964146,0.79258132032764,0.05115433500177023,16,0.13172305020380415,0.004265118176574878,0.07217200633614598,0.036900446444409075,0.02773293055369424,0.0674119493100094,8.782709027899442e-05,20,34,0.009963211646321486,0.23838791720259947,True,False,True,5.933264222790785e-05,COMPLETE
356,0.6674200534820557,2025-04-20 20:24:04.178368,2025-04-20 20:24:30.760716,0 days 00:00:26.582348,0.7199491258437501,0.11436094887769435,16,0.14045217452716263,0.021568647814398764,0.06918345119350039,0.028931008082911294,0.03446615973754937,0.017330262281832858,0.00030603750865666626,21,38,0.0048872389397415054,0.2443500926589374,True,False,False,0.0005806403247908302,COMPLETE
357,0.6405196070671082,2025-04-20 20:24:30.880791,2025-04-20 20:25:08.343008,0 days 00:00:37.462217,0.6752200645306282,0.13556757407539832,2,0.08041006736620654,0.01381167329450055,0.06479750509253247,0.04215760115244592,0.03660855325743331,0.03458536633098917,0.00020344826509841456,5,32,0.007772101516499667,0.23093769481149987,True,False,False,8.02241938057186e-05,COMPLETE
358,0.6092779517173768,2025-04-20 20:25:08.455486,2025-04-20 20:25:28.664581,0 days 00:00:20.209095,0.7678970067352576,0.09333701299371681,16,0.12896358147032466,0.009187297039183116,0.06661400973205613,0.03175577657123697,0.031955199618259295,0.02063945130353663,0.0001437093847291862,6,41,0.003138987120272368,0.2524607150854103,True,False,False,4.261718747023582e-05,COMPLETE
359,0.09069270193576813,2025-04-20 20:25:28.775884,2025-04-20 20:25:49.876888,0 days 00:00:21.101004,0.7416595940158366,0.08269206110095634,8,0.1368984674628745,0.0002187995557441126,0.06387393122667645,0.03475421223326583,0.029909504171793437,0.06415754243806922,0.0001710007110582673,5,31,0.009432069252906197,0.23808137044317032,True,False,False,0.0001504715699683447,COMPLETE
360,0.7766955137252809,2025-04-20 20:25:50.000154,2025-04-20 20:26:10.581614,0 days 00:00:20.581460,0.8066067949666965,0.10956436760312016,16,0.11973465734262595,0.02572958577755109,0.06825914259899746,0.039386534076841215,0.02606713390968812,0.05964585665028169,5.62261704945999e-05,7,36,0.006444591141349841,0.24578811057273922,True,False,False,0.0002220133096126521,COMPLETE
361,0.3876404702663422,2025-04-20 20:26:10.694355,2025-04-20 20:26:31.185740,0 days 00:00:20.491385,0.8321096804554229,0.0707689654716165,16,0.110984681061607,0.2871094164519517,0.05839721496712234,0.0410668845172644,0.026342730918269896,0.06910239036094443,5.5675153422950476e-05,7,37,0.006029643120710719,0.2554638825410372,True,False,False,3.3620152562462615e-08,COMPLETE
362,0.7376205563545227,2025-04-20 20:26:31.299291,2025-04-20 20:26:51.694175,0 days 00:00:20.394884,0.8162246380770726,0.10808453236689738,16,0.14432887978092823,0.028489902247763033,0.060749391588319504,0.039605316532382556,0.023827975430556793,0.06152711377016587,6.152732794252194e-05,7,38,0.0039412412992003805,0.24831696793504274,True,False,False,0.00022003913861062593,COMPLETE
363,0.7745737075805664,2025-04-20 20:26:51.807303,2025-04-20 20:27:11.856710,0 days 00:00:20.049407,0.807662300378984,0.049310284927198224,16,0.0631805279867071,0.02502917875200429,0.06572902905343776,0.026455038760808458,0.026665373943927942,0.07132502574381051,8.126333776264108e-05,6,35,0.006908141597322572,0.2438516655114504,True,False,False,0.00028853628050172427,COMPLETE
364,0.5584893822669983,2025-04-20 20:27:11.980179,2025-04-20 20:27:32.079423,0 days 00:00:20.099244,0.7999045458062914,0.035723224809332876,16,0.10240093804560294,0.023531913597789673,0.07059677275118609,0.028308771279944116,0.02228497412809905,0.07156753982649895,4.78065711364931e-05,6,43,0.0028737888587258716,0.2438682032199418,True,False,False,0.00041349402594385745,COMPLETE
365,0.5630000829696655,2025-04-20 20:27:32.193776,2025-04-20 20:27:52.748776,0 days 00:00:20.555000,0.8031880402071968,0.024359149501628312,16,0.04983518596611568,0.021146827460778988,0.06807110118925776,0.02678423292505387,0.025457332775049336,0.07110903101581902,3.346812996945495e-05,6,40,0.006232136788778944,0.25344974470809956,True,False,False,0.00017882852926876216,COMPLETE
366,0.15703701972961426,2025-04-20 20:27:52.863042,2025-04-20 20:28:10.953352,0 days 00:00:18.090310,0.8433810774980197,0.048444565783283176,16,0.0605041013085791,0.026977365872886613,0.06591583931684375,0.024901713656880584,0.024149554632945436,0.07325413898458186,8.49652494034604e-05,6,35,0.0050876484520301,0.2491326659658879,True,True,False,0.00032504228687944625,COMPLETE
367,0.6279739737510681,2025-04-20 20:28:11.066707,2025-04-20 20:28:32.370416,0 days 00:00:21.303709,0.7799910295255166,0.05884598517278744,16,0.06218663845975065,0.016773275916299134,0.0658433934257089,0.036344635792013476,0.027074339187335338,0.06927991707721479,6.185090454809856e-05,9,36,0.011082631023481612,0.24372423431468718,True,False,False,0.00022302958416321178,COMPLETE
368,0.396930867433548,2025-04-20 20:28:32.494061,2025-04-20 20:28:55.069685,0 days 00:00:22.575624,0.8362905330394088,0.07076606677285886,16,0.06997044927168797,0.2023095982954728,0.07396678680209043,0.044338463953425576,0.02819029291871282,0.06655096631312887,8.390482260565464e-05,7,130,0.0025496020785010995,0.2611903234134467,True,False,False,0.00023881921816239319,COMPLETE
369,0.5987565994262696,2025-04-20 20:28:55.187120,2025-04-20 20:29:15.224861,0 days 00:00:20.037741,0.8089108425815538,0.10286084066519408,16,0.059147883688118116,0.031132727216662548,0.06809922011610821,0.04901451226302808,0.021639635055027542,0.060418749955508194,7.220528916199797e-05,6,40,0.006456539232308845,0.24656736780252234,True,False,False,0.00028651241367404646,COMPLETE
370,0.3655767679214478,2025-04-20 20:29:15.341527,2025-04-20 20:30:34.657704,0 days 00:01:19.316177,0.7601137572491912,0.010593138114287526,2,0.11928571881478033,0.018770034716754518,0.07029658843155234,0.03780223860254149,0.025620584255622712,0.07631243311924549,9.73319514333822e-05,18,46,0.014169126610268774,0.24097084049326217,True,False,False,0.00017618111532569566,COMPLETE
371,0.4358591854572297,2025-04-20 20:30:34.783804,2025-04-20 20:30:55.484640,0 days 00:00:20.700836,0.7912591326339978,0.08169919025317329,16,0.12567555625528948,0.023712758595223815,0.06230235270437776,0.03307459957035074,0.02852652284312304,0.058487425219087896,4.357293914933465e-05,7,53,0.009704067521550425,0.2545012617018832,True,False,False,0.00043125810945089356,COMPLETE
372,0.6695421576499939,2025-04-20 20:30:55.599949,2025-04-20 20:31:15.655563,0 days 00:00:20.055614,0.8156113280889615,0.048551518699559065,16,0.1302275159414707,0.008748265628374843,0.06522235209909752,0.030022500589959263,0.006624562761590826,0.07425940396831217,0.00011657131661837684,5,35,0.004472016203594189,0.24005114667103256,True,False,False,3.2206649327361177e-05,COMPLETE
373,0.3916264474391937,2025-04-20 20:31:15.771818,2025-04-20 20:31:36.507432,0 days 00:00:20.735614,0.7708195559212827,0.12477175584266892,16,0.0950366338834653,0.014682577093035684,0.06745816431482449,0.042836597983063766,0.019054231811853683,0.06550440895252334,0.00012567237273099292,5,91,0.007250399642588886,0.24908407234846597,True,False,False,2.14687030194951e-05,COMPLETE
374,0.7710858702659608,2025-04-20 20:31:36.624020,2025-04-20 20:31:56.833446,0 days 00:00:20.209426,0.7470770730602023,0.09671911190761229,16,0.11213527566992948,0.028322709278353404,0.0637788978972947,0.026634638574362594,0.030111741240948484,0.06293500055415457,0.00010077880599120117,6,38,0.011451360140052465,0.2369080525144527,True,False,False,0.00027305757305499386,COMPLETE
375,0.08740725070238113,2025-04-20 20:31:56.961048,2025-04-20 20:32:15.242475,0 days 00:00:18.281427,0.7322461170277145,0.06465282369891258,16,0.1057324873202316,0.019900450028962423,0.06233950886015474,0.026109001488064512,0.0291812668341803,0.06761784083426384,7.368122160026956e-05,6,39,0.012289225948272142,0.21004025399871093,True,False,True,0.0002732139224104437,COMPLETE
376,0.5479950189590455,2025-04-20 20:32:15.358686,2025-04-20 20:32:35.547857,0 days 00:00:20.189171,0.7535180163515248,0.10539328485552726,16,0.11046992231884784,0.030347413306934336,0.05940093751863274,0.02362611378585045,0.026095744680315478,0.010020475942569091,9.181642490325534e-05,6,43,0.01732139236059896,0.2362773108364387,True,False,False,0.00035840642526562547,COMPLETE
377,0.5257403373718261,2025-04-20 20:32:35.664357,2025-04-20 20:32:56.271133,0 days 00:00:20.606776,0.7510194528506821,0.14545325453581986,16,0.11723778893590882,0.0070797134924508644,0.06398055415964175,0.02992509452713797,0.030271458277997636,0.06312451935317415,5.268323095804818e-05,7,42,0.011228240202589898,0.22329550218483535,True,False,False,0.0005492493539263685,COMPLETE
378,0.4999595761299134,2025-04-20 20:32:56.389244,2025-04-20 20:33:17.231213,0 days 00:00:20.841969,0.7786167917793404,0.0814872421145927,16,0.10742280650374651,0.014583670641258222,0.06092814151659505,0.026602332574516167,0.014205178767389578,0.06983282803746878,0.00010943771241922706,8,38,0.05802090760777823,0.2285886385458773,True,False,False,0.0002145528871717972,COMPLETE
379,0.4823254525661469,2025-04-20 20:33:17.359195,2025-04-20 20:33:36.892451,0 days 00:00:19.533256,0.7393153709422448,0.03973191699057968,16,0.11673069808370178,0.024724861762103333,0.07205414364260672,0.03204627694318326,0.027391459348006686,0.06596213415466197,0.05974401380229821,5,15,0.013809986115315165,0.23830087938076164,True,False,False,0.00026580189378891546,COMPLETE
380,0.5374284625053406,2025-04-20 20:33:37.012524,2025-04-20 20:33:57.483054,0 days 00:00:20.470530,0.7917419395019528,0.11360816809470113,16,0.0832960611940732,0.018766465756453216,0.06933278560806051,0.09864090715176793,0.02453176860793055,0.06454279922441798,6.52503144413501e-05,7,37,0.009880347084985822,0.25718303259079417,True,False,False,0.0001531232936302845,COMPLETE
381,0.61060688495636,2025-04-20 20:33:57.602246,2025-04-20 20:34:20.557871,0 days 00:00:22.955625,0.8595747353647067,0.06727329069455279,8,0.0995144224970747,0.011189165791385836,0.06374030459051878,0.03952128543074884,0.03016678130814123,0.062412351334865016,9.682026567439951e-05,6,48,0.0026848707244066586,0.24643538971636605,True,False,False,0.00017940415717341532,COMPLETE
382,0.4442828416824341,2025-04-20 20:34:20.686349,2025-04-20 20:34:40.222204,0 days 00:00:19.535855,0.7186464931517149,0.09047314428406084,16,0.11264904648390502,0.1796589322077808,0.0757836640231051,0.03542958689865487,0.03280183848799748,0.013725131895275614,0.00012045492890210235,5,11,0.06342879834214858,0.23422939975771684,True,False,False,3.316410959936504e-05,COMPLETE
383,0.09069270193576813,2025-04-20 20:34:40.345123,2025-04-20 20:34:59.739000,0 days 00:00:19.393877,0.7703124120809994,0.17817080699457252,16,0.09030822486967215,0.0006193921378144316,0.06658663591535888,0.02854370294644364,0.02813000716954823,0.067687430802097,0.0001382234607804793,6,41,0.004919019384552721,0.22723687965955985,True,False,False,0.00012941793801557081,COMPLETE
384,0.5866029620170594,2025-04-20 20:34:59.858541,2025-04-20 20:36:51.535552,0 days 00:01:51.677011,0.8239534146630273,0.1240123708629632,2,0.1234264243261651,0.030963314095994073,0.06794389778669377,0.011290804101421713,0.022901319069623262,0.05996869737912313,8.33520131931632e-05,28,34,0.0010018978631575774,0.2515487709484795,True,False,False,4.2566953729374933e-05,COMPLETE
385,0.10548746287822723,2025-04-20 20:36:51.666766,2025-04-20 20:37:09.275690,0 days 00:00:17.608924,0.7314786871465023,0.15460453485274575,16,0.06600748310978019,0.02165905088322226,0.0624886705129902,0.03506443167727746,0.031669440042916414,0.030519130221426945,0.00010249435501803984,5,38,0.006702721468780576,0.24066134226012978,True,True,False,0.00022867810069774583,COMPLETE
386,0.5703888773918152,2025-04-20 20:37:09.396120,2025-04-20 20:37:35.776180,0 days 00:00:26.380060,0.758430303573421,0.09580251741924403,16,0.135801698415564,0.014614473934081792,0.05973900578703516,0.03840983599101214,0.03429416677232604,0.0624343604284666,0.019952660035500006,20,44,0.00826697454961922,0.21731452048535282,True,False,False,2.2794097872447664e-05,COMPLETE
387,0.09069270193576813,2025-04-20 20:37:35.895971,2025-04-20 20:37:55.163980,0 days 00:00:19.268009,0.7984250720728044,0.04857470832514826,16,0.12217284637558684,0.0072358508473479854,0.06544038855456548,0.03280416305741264,0.02990589497279238,0.06533979421641421,0.00015217976950656557,6,36,0.015309550026867874,0.24544869053533536,True,False,False,0.00011434206858646035,COMPLETE
388,0.547649621963501,2025-04-20 20:37:55.284924,2025-04-20 20:38:14.899490,0 days 00:00:19.614566,0.7809732829933878,0.11917650345903542,16,0.1279962422934117,0.0241957278564025,0.07063142204276644,0.026336741542251726,0.0689500351215026,0.0195342379195442,7.488755209721803e-05,5,31,0.012412353963851954,0.26380710118969763,True,False,False,0.0008435890688044302,COMPLETE
389,0.5406924605369567,2025-04-20 20:38:15.030916,2025-04-20 20:38:36.101284,0 days 00:00:21.070368,0.7160296228113138,0.0756953213410374,16,0.1528106227620816,0.01658289774670925,0.06435811514952086,0.03701345699702782,0.026068264161464145,0.07074904281587209,0.00010898921104337955,8,40,0.004371839080632345,0.23791142928819803,True,False,False,0.0002938761616886841,COMPLETE
390,0.5057566881179809,2025-04-20 20:38:36.221815,2025-04-20 20:38:56.705149,0 days 00:00:20.483334,0.7472069858663578,0.09934837793557008,16,0.11615617239354628,0.030351188581375532,0.06170249281871459,0.04236219468935878,0.032454260701598514,0.06429905977130511,0.00013429438871531257,7,34,0.05264551917697927,0.23117291350372918,True,False,False,5.299952255391429e-05,COMPLETE
391,0.6343223452568054,2025-04-20 20:38:56.828914,2025-04-20 20:39:16.762691,0 days 00:00:19.933777,0.6991311059900084,0.46919079127636754,16,0.07773881302824144,0.010213488230993368,0.06861442948889887,0.04037228411390378,0.028471113640970585,0.05940126950260256,0.00015931098708516734,6,36,0.009272300172939481,0.2785317597895603,True,False,False,2.824970175202372e-05,COMPLETE
