number,value,datetime_start,datetime_complete,duration,params_alpha-eval,params_alpha-train,params_batch-size,params_eps-eval,params_eps-train,params_lambda-actions-eval,params_lambda-actions-train,params_lambda-frames-eval,params_lambda-frames-train,params_learning-rate,params_n-epochs,params_n-frames,params_radius-gw,params_rho,params_std-feats,params_ub-actions,params_ub-frames,params_weight-decay,state
1066,0.523046875,2025-04-21 01:51:01.250606,2025-04-21 01:51:47.913980,0 days 00:00:46.663374,0.9799756202639722,0.10364423395628003,2,0.1536740933908607,0.014779891858665498,0.05649816067749891,0.010298844957618132,0.005211453069670498,0.05360589188855799,6.745602778187992e-05,8,37,0.031857070803624495,0.26182659032920125,True,False,False,1.3182556904329418e-06,COMPLETE
1067,0.2556360065937042,2025-04-21 01:51:48.255438,2025-04-21 01:52:32.611455,0 days 00:00:44.356017,0.999910949803185,0.2504832736395311,2,0.14613885571317023,0.00502046371201173,0.05439260097319103,0.01315129525372554,0.09295812454603188,0.054962742935252384,9.868929159712466e-05,7,90,0.006860105285841222,0.27838251289005533,True,False,False,2.054285053654875e-05,COMPLETE
1068,0.6391076207160951,2025-04-21 01:52:32.960981,2025-04-21 01:53:13.616562,0 days 00:00:40.655581,0.45178416776609265,0.1210993515778152,2,0.1599541143190037,0.025939132816561586,0.052466098456980484,0.0081767716941655,0.08189445525736265,0.05806235723506218,8.278097961140452e-05,6,34,0.0011012503116120788,0.2670045871789798,True,False,False,2.899338115836758e-05,COMPLETE
1069,0.6702139735221863,2025-04-21 01:53:13.959353,2025-04-21 01:54:01.342605,0 days 00:00:47.383252,0.9321118673516849,0.08274725895073022,2,0.14084277577022158,0.009821307634224431,0.056243240639288004,0.015293547393368159,0.0749759976660485,0.08373793902878249,4.743690537943531e-05,8,30,0.01631948735546228,0.25901829444843577,True,False,False,1.567892467007163e-05,COMPLETE
1070,0.8076204180717468,2025-04-21 01:54:01.685344,2025-04-21 01:54:42.156824,0 days 00:00:40.471480,0.9471052955331586,0.07843948519336141,2,0.16775244029765363,0.019771542978197203,0.054266566920746856,0.012368569359376379,0.09983721220954975,0.05192200093764014,0.00013614370291550006,6,39,0.009655816481565884,0.2871758739812176,True,False,False,1.7077724712843972e-06,COMPLETE
1071,0.4399874210357666,2025-04-21 01:54:42.504855,2025-04-21 01:55:23.850448,0 days 00:00:41.345593,0.9092300920222809,0.07704667142416474,2,0.1733834077202922,0.04047573955661182,0.05750457587574399,0.01656484828448237,0.09880179156925543,0.05275162805592968,0.00014305286330964565,6,19,0.007886359477650167,0.2926167408478011,True,False,False,1.0631633623283558e-06,COMPLETE
1072,0.54992333650589,2025-04-21 01:55:24.207405,2025-04-21 01:56:04.774831,0 days 00:00:40.567426,0.981200352136866,0.07339203208879745,2,0.16747784206491612,0.03162096020980545,0.05489671256742391,0.01309424629160499,0.09825901758074682,0.05257293840334451,0.00012429382574758653,6,43,0.0041876645317995695,0.2844519903268706,True,False,False,1.5671690444989644e-06,COMPLETE
1073,0.1262776404619217,2025-04-21 01:56:05.124997,2025-04-21 01:56:41.077605,0 days 00:00:35.952608,0.960785746181446,0.08068550421246493,2,0.15020874552975025,0.02291722030558687,0.056678625787483394,0.011658852530488107,0.09906529711955525,0.05113946311924027,7.189851746869021e-05,6,35,0.00908322547620941,0.28693949254372547,False,False,True,1.6557404907728053e-06,COMPLETE
1074,0.5498945116996765,2025-04-21 01:56:41.425213,2025-04-21 01:57:22.176239,0 days 00:00:40.751026,0.9823330777619788,0.5611730806126864,2,0.16991317880308873,0.028776951481565654,0.054662547335765005,0.01423347818239129,0.09997795303663434,0.058777097176422655,0.0003817860663868708,6,49,0.007234045312248683,0.2924861931565605,True,False,False,1.3017668950480863e-06,COMPLETE
1075,0.5347766041755676,2025-04-21 01:57:22.532132,2025-04-21 01:58:03.241481,0 days 00:00:40.709349,0.5360207678729512,0.32598442627892643,2,0.15519514419690056,0.035220635216843696,0.05722214177800267,0.01565051696860321,0.09741398733058831,0.055081823147145166,0.00014446928642379133,6,38,0.03855419201838671,0.2893117334940193,True,False,False,1.9278524663019943e-06,COMPLETE
1076,0.6367647171020508,2025-04-21 01:58:03.573630,2025-04-21 01:58:44.313887,0 days 00:00:40.740257,0.4072568905529065,0.07709419259459335,2,0.15917230414599964,0.019723845286707106,0.05399589674979713,0.011750056351363369,0.09983744582963042,0.05744550656249315,5.5066437920412814e-05,6,32,0.0057933551908395785,0.28611340003665253,True,False,False,1.6326488316559445e-06,COMPLETE
1077,0.5711698174476624,2025-04-21 01:58:44.660292,2025-04-21 01:59:25.402416,0 days 00:00:40.742124,0.9483500300307697,0.09165061170963848,2,0.14296222762767222,0.022574660534648107,0.05542351982557867,0.010134635969581477,0.09703430258060078,0.055856668483375595,8.830485194842954e-05,6,41,0.009604588003041977,0.2582638313580756,True,False,False,1.2832408817810745e-06,COMPLETE
1078,0.7753263354301454,2025-04-21 01:59:25.747398,2025-04-21 02:00:09.859498,0 days 00:00:44.112100,0.4798703944379343,0.0976963523401818,2,0.16698322181841535,0.015525651899277178,0.058078896741797406,0.012688668696917715,0.0958970029045002,0.05373270333497913,4.3848681553541195e-05,7,28,0.0030114951444974074,0.29403930645223375,True,False,False,2.3174637856807757e-06,COMPLETE
1079,0.5934040546417236,2025-04-21 02:00:10.206467,2025-04-21 02:00:50.977232,0 days 00:00:40.770765,0.9271901134569263,0.27820355763923255,2,0.15127391407064295,0.028328839227032304,0.05237426097884434,0.010049601210492453,0.09788856812575014,0.04994231642426878,6.583385660477434e-05,6,36,0.010625966999663788,0.2734014608323267,True,False,False,2.003275043359797e-06,COMPLETE
1080,0.5427130818367005,2025-04-21 02:00:51.333419,2025-04-21 02:01:35.066434,0 days 00:00:43.733015,0.9991746861644489,0.0773368911862409,2,0.14744227420999423,0.01818408771947591,0.056335140357642456,0.01384609142320634,0.0958282819414932,0.054464835942595054,5.3416731961494255e-05,7,33,0.00635431965624869,0.25934834310372884,True,False,False,1.4569756586703732e-06,COMPLETE
1081,0.36562381386756904,2025-04-21 02:01:35.416725,2025-04-21 02:02:16.010843,0 days 00:00:40.594118,0.9649908945059518,0.10394710878262756,2,0.15844302733328505,0.010149871028093786,0.05430802806196049,0.010324195900361524,0.09775375125487173,0.05082635344499632,4.110919357171409e-05,6,45,0.008132717720227502,0.2836990595659742,True,False,False,2.0053116132583787e-06,COMPLETE
1082,0.09069270193576813,2025-04-21 02:02:16.360436,2025-04-21 02:02:59.512194,0 days 00:00:43.151758,0.9395827889342176,0.06785632050636892,2,0.16327048788234158,0.004903206178284344,0.05801102055909023,0.015450921575366369,0.07783985137979853,0.052408940664631413,7.983713463801928e-05,7,39,0.0050211532467642215,0.2661084244067292,True,False,False,1.1358171813114669e-06,COMPLETE
1083,0.641199541091919,2025-04-21 02:02:59.862324,2025-04-21 02:03:40.762794,0 days 00:00:40.900470,0.974398358914294,0.10146110569337136,2,0.14104371971744953,0.02283949317967861,0.0532500298480142,0.012650798142701435,0.07330335653645743,0.0559193449429839,6.227766864521605e-05,6,36,0.009869519667981299,0.2702037483057459,True,False,False,1.7858878639597434e-06,COMPLETE
1084,0.15871174335479737,2025-04-21 02:03:41.118752,2025-04-21 02:04:19.513815,0 days 00:00:38.395063,0.9155039505432659,0.0780088705923212,2,0.1546998028329935,0.01782890551559959,0.05561131266481676,0.00773545910068113,0.09540896429945052,0.052287155231072364,0.00010051062610126274,7,42,0.011402152954465368,0.2902127789912633,True,True,False,2.2409070250397305e-06,COMPLETE
1085,0.6521767020225526,2025-04-21 02:04:19.867796,2025-04-21 02:05:00.703572,0 days 00:00:40.835776,0.9554343395677469,0.5858993821598295,2,0.16881796507079097,0.009042875140751092,0.0583346674289717,0.016081423612322027,0.09831414069294102,0.04984195964617382,4.6964543362368215e-05,6,31,0.00307398806294822,0.25754028916877514,False,False,False,1.5363517914709816e-06,COMPLETE
1086,0.5711511731147767,2025-04-21 02:05:01.039942,2025-04-21 02:05:45.379009,0 days 00:00:44.339067,0.9744452219175981,0.44903382222308097,2,0.14893995260118242,0.025814655446552957,0.053048936935306185,0.011158016414731997,0.09503210873119038,0.05463545469168083,5.694490754844819e-05,7,38,0.008574866654756236,0.05963386151890494,True,False,False,1.0248601982523084e-06,COMPLETE
1087,0.6411818981170655,2025-04-21 02:05:45.730100,2025-04-21 02:06:08.833953,0 days 00:00:23.103853,0.9995372979519198,0.07211877246711837,8,0.17548375823599713,0.014008005317506518,0.05524555371814392,0.00839959826843762,0.09640786273754166,0.056487232591502776,3.8649053413814965e-05,6,34,0.0051616429897503825,0.263747235946843,True,False,False,1.8601362078365832e-06,COMPLETE
1088,0.09069270193576813,2025-04-21 02:06:09.181662,2025-04-21 02:06:52.247481,0 days 00:00:43.065819,0.979874751396579,0.09907197550971868,2,0.16320622974333046,0.00027411820910509636,0.05154947863600004,0.013482722769816907,0.09359769959242695,0.04875942687947284,7.720309068273357e-05,7,27,0.006575687620881646,0.280288207852786,True,False,False,2.750121143885312e-06,COMPLETE
1089,0.5406411647796631,2025-04-21 02:06:52.594433,2025-04-21 02:07:33.092650,0 days 00:00:40.498217,0.9333014180969494,0.6205935587163309,2,0.1546794334298543,0.036297097394716496,0.0571475304805521,0.009477639662227666,0.09821485324468342,0.05129529830384438,4.7798586966929805e-05,6,41,0.0214330493977034,0.2740993454163669,True,False,False,1.3535844412944471e-06,COMPLETE
1090,0.5920008301734925,2025-04-21 02:07:33.441002,2025-04-21 02:08:13.928535,0 days 00:00:40.487533,0.4605400071274517,0.11029733634607808,2,0.1393573675780796,0.01976670136672998,0.05885544252693664,0.012031627169312036,0.09990099295573264,0.0874452519140491,0.00012586441914167623,6,35,0.083145442095549,0.28306173179642585,True,False,False,5.205606152019642e-05,COMPLETE
1091,0.6174933791160584,2025-04-21 02:08:14.281474,2025-04-21 02:08:58.090417,0 days 00:00:43.808943,0.9533105149554576,0.08662164330763926,2,0.15896217641005245,0.009342865924462537,0.05461890651060862,0.016450003448582724,0.09965820886241362,0.05355100302154943,8.950924007298291e-05,7,31,0.01083620059468525,0.2594846336796757,True,False,False,1.431885444243661e-05,COMPLETE
1092,0.10530942529439927,2025-04-21 02:08:58.441239,2025-04-21 02:09:34.308315,0 days 00:00:35.867076,0.9824129215445471,0.06768902519326532,2,0.14929148547385487,0.028839421167090002,0.05174691568137329,0.009162914521941557,0.0941252469758609,0.05876403627317494,6.583471725157878e-05,6,38,0.019647258008775214,0.2673129457141127,True,False,True,2.012151677799358e-05,COMPLETE
1093,0.4061001181602478,2025-04-21 02:09:34.662212,2025-04-21 02:10:19.037657,0 days 00:00:44.375445,0.507438395355416,0.13616372932730075,2,0.14570182295042813,0.014967926443791787,0.05609009812118741,0.007509742759785086,0.09987867804998904,0.047244091802420896,4.1589832587893334e-05,7,51,0.009027469594442603,0.2777493422390658,True,False,False,1.9254050277206463e-06,COMPLETE
1094,0.5212262034416199,2025-04-21 02:10:19.393663,2025-04-21 02:10:59.888139,0 days 00:00:40.494476,0.9998380662735475,0.10990533931211821,2,0.16926448240621791,0.023043721896698593,0.053449765982633214,0.013992810650365492,0.07370478086996174,0.044480325709890634,3.455256220759972e-05,6,44,0.013089646445985842,0.29224300268423586,True,False,False,3.528329184175147e-05,COMPLETE
1095,0.09069270193576813,2025-04-21 02:11:00.243362,2025-04-21 02:11:43.501626,0 days 00:00:43.258264,0.554282470340949,0.09055953458069015,2,0.1612598033745626,0.006187143422695755,0.0572295985825354,0.011512147663907998,0.09691580887052254,0.04118780029679153,5.3799820833033025e-05,7,40,0.007384958129733653,0.2564435363545378,True,False,False,5.184743038611073e-05,COMPLETE
1096,0.6620831489562988,2025-04-21 02:11:43.858797,2025-04-21 02:12:24.983351,0 days 00:00:41.124554,0.9663736563480044,0.6679838175691115,2,0.15349406237239366,0.01480509881720064,0.058253217526749564,0.010346560322070954,0.07751706305277573,0.050038875711648945,7.85139480728096e-05,6,34,0.0037185156209894304,0.2706964465765891,False,False,False,2.620307373828368e-06,COMPLETE
1097,0.6781497478485108,2025-04-21 02:12:25.321413,2025-04-21 02:12:49.035153,0 days 00:00:23.713740,0.9084976603113956,0.06716862492038445,8,0.14062322654313916,0.010453027734532655,0.054464779062837254,0.012883531935765214,0.08088055739379496,0.05251639386987327,0.00011053335838985903,7,37,0.011211727338187557,0.26366263151423275,True,False,False,2.6265802835394556e-05,COMPLETE
1098,0.6654681205749512,2025-04-21 02:12:49.387263,2025-04-21 02:13:30.795722,0 days 00:00:41.408459,0.9462482628117905,0.12109661552916087,2,0.16498724662822573,0.019545191315235945,0.051815111692703975,0.0911018090028633,0.001613570751249422,0.054998541095488844,6.825108666933545e-05,6,30,0.01666452027134807,0.2859643659593521,True,False,False,1.6161850759356424e-06,COMPLETE
1099,0.09069270193576813,2025-04-21 02:13:31.147098,2025-04-21 02:14:14.254262,0 days 00:00:43.107164,0.9811341390386892,0.08602658779499814,2,0.17398242718447357,0.00466140434548448,0.056442518382998776,0.007222389630856827,0.09507367198801651,0.0587484457373988,3.720233575151646e-05,7,47,0.005838158284558848,0.2565512242309407,True,False,False,6.090603910810011e-06,COMPLETE
1100,0.544489872455597,2025-04-21 02:14:14.607085,2025-04-21 02:14:55.359874,0 days 00:00:40.752789,0.9294828096460661,0.10838912953662191,2,0.15606029876109664,0.03180812466956162,0.053760529685277246,0.014661933943462001,0.09300066085364161,0.046104812963636436,4.8850524005275025e-05,6,33,0.012601095547367838,0.27710462148734494,True,False,False,4.160798429196108e-05,COMPLETE
1101,0.5712534666061402,2025-04-21 02:14:55.711388,2025-04-21 02:15:39.560964,0 days 00:00:43.849576,0.9622739057248321,0.38001896552718784,2,0.1453492343957668,0.02453442122268946,0.05896058109732339,0.05354537742784234,0.0750577525648532,0.05134135103749816,5.6430338184045993e-05,7,41,0.00910942547722479,0.27224253141990284,True,False,False,1.759380808132887e-05,COMPLETE
1102,0.6378997087478637,2025-04-21 02:15:39.914093,2025-04-21 02:16:24.164735,0 days 00:00:44.250642,0.4918412085450674,0.06964258827108996,2,0.151823701428451,0.012895646843125497,0.0553166909054264,0.008741630368359204,0.09724107563540672,0.07505503193147209,3.0246667353758492e-05,7,36,0.014551597688641164,0.2632845940026646,True,False,False,2.0368477742527866e-05,COMPLETE
1103,0.13355644941329958,2025-04-21 02:16:24.520811,2025-04-21 02:17:00.160383,0 days 00:00:35.639572,0.3310988736896148,0.1271254903938042,2,0.15959660496333222,0.018116261810654823,0.05048418541039285,0.011018525566741665,0.0917307410954991,0.048606526500720296,9.88855260981916e-05,6,29,0.018437433812385738,0.28875136889526,True,True,False,3.168732004511316e-05,COMPLETE
1104,0.8110088229179383,2025-04-21 02:17:00.516593,2025-04-21 02:17:47.803762,0 days 00:00:47.287169,0.999761787948563,0.2211088560229178,2,0.16727414868538054,0.008820468493404107,0.05269303158479479,0.01656984089932329,0.0963818527235664,0.05328205571672723,4.0454265966465976e-05,8,39,0.0024403367792219044,0.28272919076343106,True,False,False,1.4374929801936496e-05,COMPLETE
1105,0.09069270193576813,2025-04-21 02:17:48.157979,2025-04-21 02:18:28.180742,0 days 00:00:40.022763,0.9800849138282974,0.23960466441070688,2,0.1767637307057759,0.0045663247599651196,0.0508501199271236,0.015623073933072936,0.09441518154975877,0.053699110109636565,2.9777688946671766e-05,6,43,0.0023448929613827498,0.28559314490893334,True,False,False,1.2832663218769207e-05,COMPLETE
1106,0.5981472969055176,2025-04-21 02:18:28.535998,2025-04-21 02:18:51.183203,0 days 00:00:22.647205,0.9431547032280556,0.194508635908413,8,0.17098687397389112,0.0447254025916178,0.05032925606860342,0.015548211754811338,0.09190115957520387,0.05716873617108638,3.528847387853405e-05,6,45,0.0035078354708851884,0.2937289116407377,True,False,False,1.08499870457573e-05,COMPLETE
1107,0.09069270193576813,2025-04-21 02:18:51.542611,2025-04-21 02:19:34.232789,0 days 00:00:42.690178,0.9831821227416357,0.27493651245180223,2,0.13818565562223198,0.0005071965811698758,0.05254123554828778,0.013855680757084928,0.09569821026110484,0.05572182248319274,2.8212469746435428e-05,7,40,0.0023708623501155213,0.25319828193600924,False,False,False,7.730069610002826e-06,COMPLETE
1108,0.09069270193576813,2025-04-21 02:19:34.592730,2025-04-21 02:20:14.344034,0 days 00:00:39.751304,0.9564843888593448,0.21542005643787793,2,0.16783170325520505,0.0001802645477633289,0.05238617390315767,0.01752208449856312,0.09276081289425886,0.05347985644664684,3.300168188040381e-05,6,55,0.002285074031739118,0.2918253154373808,True,False,False,1.2814936927546883e-05,COMPLETE
1109,0.3690172016620636,2025-04-21 02:20:14.702159,2025-04-21 02:21:02.053110,0 days 00:00:47.350951,0.9109203540677627,0.19209356473786598,2,0.17868091464130806,0.008611003625295913,0.049036833875651366,0.016138086720934083,0.09472413579578702,0.05656789312043388,4.051588314186488e-05,8,43,0.0025952873227058034,0.2834049332842993,True,False,False,1.476793159617525e-05,COMPLETE
1110,0.5994239091873169,2025-04-21 02:21:02.393919,2025-04-21 02:22:27.412767,0 days 00:01:25.018848,0.9992085204348052,0.17945429125500534,2,0.17135474129848263,0.01675630460836104,0.05306489836202882,0.013479878195838057,0.09118943892917769,0.05401196854142207,0.0001597346243570195,20,39,0.005244083249793555,0.2591923755473114,True,False,False,1.0894112869553147e-05,COMPLETE
1111,0.581078040599823,2025-04-21 02:22:27.766900,2025-04-21 02:23:11.650654,0 days 00:00:43.883754,0.9671847030919426,0.21289186012633826,2,0.14572189892385176,0.008645154561839292,0.05026273477100902,0.016319284920673735,0.07839001134653871,0.05213356085994649,3.525667695754785e-05,7,26,0.0012115225046048638,0.07545017209069474,True,False,False,1.2733619299316884e-06,COMPLETE
1112,0.09712883979082108,2025-04-21 02:23:12.011875,2025-04-21 02:23:53.494135,0 days 00:00:41.482260,0.9301427137998876,0.20828267366000858,2,0.1566612791814078,0.024673455399456264,0.05182181241371928,0.013026661589529996,0.0732366187480078,0.05470714009521073,4.397811835216784e-05,8,48,0.004342335110298565,0.26941730654965096,True,False,True,2.248912390451014e-06,COMPLETE
1113,0.42951456904411317,2025-04-21 02:23:53.850733,2025-04-21 02:24:38.792880,0 days 00:00:44.942147,0.9632229277602337,0.26495967472469745,2,0.16485576083356143,0.013273174727930302,0.05409094253995984,0.08795857737684766,0.09631141922192349,0.05885027670470543,8.173401026526225e-05,7,103,0.0012593353293110531,0.28880303325523415,True,False,False,6.235457861885065e-05,COMPLETE
1114,0.5455639243125916,2025-04-21 02:24:39.151734,2025-04-21 02:25:20.169269,0 days 00:00:41.017535,0.46637029296698046,0.2157921863526468,2,0.14894712603710716,0.020378318811210015,0.053176811145551,0.01713813852341965,0.09367419947840468,0.016175689853854695,6.315626423014882e-05,6,35,0.004703945521234064,0.2540315270408944,True,False,False,1.6586545427014802e-05,COMPLETE
1115,0.5497660160064698,2025-04-21 02:25:20.529253,2025-04-21 02:26:01.477957,0 days 00:00:40.948704,0.9797884840289676,0.4716230534917996,2,0.15335044751745916,0.0050987468201448205,0.04915685453102311,0.0935268837033676,0.09636474521390724,0.05703507078160004,0.00011068119138612592,6,40,0.005278496769771383,0.2944647080496635,True,False,False,5.101302445258048e-05,COMPLETE
1116,0.6035005688667298,2025-04-21 02:26:01.837128,2025-04-21 02:26:48.081722,0 days 00:00:46.244594,0.4310669502543175,0.25008776541864286,2,0.13985143544247766,0.028881002323811238,0.055261619820417614,0.014407508404373123,0.0919617661142131,0.08223781363819567,2.7829195919689808e-05,8,7,0.003918829207540811,0.2652520379937929,True,False,False,1.3974445634363697e-05,COMPLETE
1117,0.3591774821281433,2025-04-21 02:26:48.437791,2025-04-21 02:27:12.593609,0 days 00:00:24.155818,0.9483009974555242,0.16058624369940772,8,0.1613598200212254,0.07452825930685358,0.05099708431910326,0.011685680401875002,0.09082741557379086,0.05185938401742988,4.014995512286125e-05,7,96,0.00722695132956095,0.28216271483240635,True,False,False,9.710020381689844e-07,COMPLETE
1118,0.701553463935852,2025-04-21 02:27:12.952290,2025-04-21 02:27:53.765129,0 days 00:00:40.812839,0.9805601398000717,0.17351324355679415,2,0.14459961905285304,0.010595891725708493,0.054830861443248585,0.012343987022447059,0.07600524244174511,0.08574286271691522,0.00048037738054636865,6,32,0.003320269167881625,0.27607085123260666,False,False,False,1.5779512588320953e-06,COMPLETE
1119,0.5708352684974671,2025-04-21 02:27:54.124468,2025-04-21 02:28:41.528756,0 days 00:00:47.404288,0.9217370306837299,0.18382890667628737,2,0.1735259127720872,0.01749639777799747,0.05242122923325163,0.014881006209330276,0.0805456744703418,0.05589477323414026,9.370797596385104e-05,8,38,0.006492306861570812,0.03143103062898397,True,False,False,2.6888172631615788e-06,COMPLETE
1120,0.37338661551475527,2025-04-21 02:28:41.887965,2025-04-21 02:29:25.170065,0 days 00:00:43.282100,0.9986076651342515,0.22805911554363803,2,0.15697651671490426,0.2719161811031205,0.05590344953985946,0.011327821236763246,0.0937769276138096,0.05301586054336669,7.127242083067047e-05,7,43,0.001929093629047418,0.2588504613363217,True,False,False,4.106739238128893e-05,COMPLETE
1121,0.4347014665603638,2025-04-21 02:29:25.534103,2025-04-21 02:30:06.796942,0 days 00:00:41.262839,0.9610923478254519,0.2223812402115823,2,0.13689702794691916,0.024126497669587934,0.05358424609739021,0.014533080751662361,0.09608286256761206,0.013760243181857989,5.603729852005973e-05,6,21,0.007068154840104183,0.2661119481436389,True,False,False,2.0570498041316478e-06,COMPLETE
