number,value,datetime_start,datetime_complete,duration,params_alpha-eval,params_alpha-train,params_batch-size,params_eps-eval,params_eps-train,params_lambda-actions-eval,params_lambda-actions-train,params_lambda-frames-eval,params_lambda-frames-train,params_learning-rate,params_n-epochs,params_n-frames,params_radius-gw,params_rho,params_std-feats,params_ub-actions,params_ub-frames,params_weight-decay,state
896,0.08903672248125077,2025-04-07 18:32:18.610954,2025-04-07 18:32:42.987414,0 days 00:00:24.376460,0.016857413881013715,0.261915168075234,8,0.14777396738818166,0.1636379821241336,0.008975192572579092,0.009726182986321281,0.08022574570340037,0.037259700705252356,0.0005642732879343731,12,31,0.04299168944143482,0.2466033329492626,False,False,True,1.0355843913515275e-06,COMPLETE
897,0.5698190927505493,2025-04-07 18:32:43.273929,2025-04-07 18:33:08.373566,0 days 00:00:25.099637,0.021869708544045734,0.2575192316624087,8,0.1678507553025696,0.03940488181590325,0.010286898607774056,0.007318274626334202,0.07540504362169816,0.035349391688106774,0.05187355803605062,13,30,0.0457625077024508,0.2552053828950399,False,False,True,7.297172065102416e-07,COMPLETE
898,0.6740543723106385,2025-04-07 18:33:08.663769,2025-04-07 18:33:33.146765,0 days 00:00:24.482996,0.010914541968328282,0.28763862759482756,8,0.1531630265870073,0.03472981048717292,0.0082585403764309,0.010499341002063324,0.08259381820751185,0.038286605617358346,0.0006949949453659333,12,28,0.04308186268162261,0.2488000463771028,False,False,True,8.948348827118009e-07,COMPLETE
899,0.36244580149650574,2025-04-07 18:33:33.421642,2025-04-07 18:33:58.980619,0 days 00:00:25.558977,0.025769235168172578,0.28030314012601654,8,0.16768027827981935,0.041444534356310445,0.010273066919357938,0.008747043988276432,0.08407233587212577,0.034509323122900185,0.0005728496490037874,13,78,0.040700410577703114,0.24271812284761576,False,False,True,5.801179937115457e-07,COMPLETE
900,0.7055399179458619,2025-04-07 18:33:59.269607,2025-04-07 18:34:24.136649,0 days 00:00:24.867042,0.0105221700433158,0.24636269191183768,8,0.16145719241568204,0.03431510095200517,0.008809275928441104,0.006435202459853518,0.0811272947620898,0.03706583064600041,0.0007534008192932152,12,31,0.04483176109454689,0.25926588872034234,False,False,True,4.191987111549448e-07,COMPLETE
901,0.6735046625137329,2025-04-07 18:34:24.424273,2025-04-07 18:34:49.221435,0 days 00:00:24.797162,0.04210896431551618,0.2680295904499169,8,0.16375972709249603,0.0413033989220554,0.008495767788132,0.07866066491216547,0.07494164296253067,0.03797722064797456,0.0006490262446159288,12,28,0.043319623606354836,0.25355208649295763,False,False,True,4.99700178336963e-07,COMPLETE
902,0.5699440360069276,2025-04-07 18:34:49.527143,2025-04-07 18:35:13.694429,0 days 00:00:24.167286,0.07064925665324989,0.27112992549909853,8,0.15855902394619897,0.03362556461677247,0.012143584413598184,0.011297668362507049,0.08998116074325282,0.03455985442234186,0.0007781364230383663,12,34,0.04029914952902152,0.2409439527826931,False,False,True,5.787623835894316e-07,COMPLETE
903,0.6902322411537171,2025-04-07 18:35:13.968833,2025-04-07 18:35:39.060637,0 days 00:00:25.091804,0.03576405066936774,0.32061920363086704,8,0.16453776168844622,0.03877427818332785,0.010727263067824577,0.007077996774434123,0.08532384675871377,0.0364533881494218,0.0009781055865757632,13,31,0.046042813676456025,0.2585803379646372,False,False,True,7.799585460392062e-07,COMPLETE
904,0.5705207109451294,2025-04-07 18:35:39.348952,2025-04-07 18:36:04.460328,0 days 00:00:25.111376,0.010392725010081816,0.23027256781035801,8,0.14870525274998805,0.033391648887728546,0.008461242008960927,0.013779929962852596,0.07359849866621748,0.039291742740559854,0.0005486133652880717,13,34,0.042098490593119216,0.24848211289409966,False,False,True,4.5221353212583426e-07,COMPLETE
905,0.09069270193576813,2025-04-07 18:36:04.749134,2025-04-07 18:36:28.023830,0 days 00:00:23.274696,0.05541700944529472,0.24105375631604534,8,0.15245994885929118,0.04195463780704514,0.012316354347626603,0.009130334509276696,0.05613703779116363,0.033544874995928654,0.0006814277599175943,11,28,0.039654518818746806,0.25211712457281166,False,True,True,9.768951298447044e-07,COMPLETE
906,0.410964435338974,2025-04-07 18:36:28.317512,2025-04-07 18:36:53.082318,0 days 00:00:24.764806,0.07675933075642596,0.25207882295513134,8,0.15057336548232983,0.03258171182491978,0.010834824680875018,0.08153432715383284,0.079469874394734,0.03560316620872313,0.0010835222892175242,12,86,0.04375045470971634,0.2670811416098377,False,False,True,6.501466435765731e-07,COMPLETE
907,0.5542178392410279,2025-04-07 18:36:53.358085,2025-04-07 18:37:18.417433,0 days 00:00:25.059348,0.35140371420750605,0.22517099623238643,8,0.15903759296667597,0.033035191750201275,0.007592820428774765,0.00690475721840491,0.07661265559641464,0.03865869866581467,0.0008549118290208311,13,37,0.04791110793605469,0.260004465798188,False,False,True,3.6739757726058187e-07,COMPLETE
908,0.6647792577743531,2025-04-07 18:37:18.710138,2025-04-07 18:37:43.074764,0 days 00:00:24.364626,0.04419009658800001,0.23176616860368662,8,0.1603389731843726,0.043178416740174363,0.009652908625182591,0.06689053252958815,0.07904119178929155,0.03353261322210049,0.0005705388820359803,12,32,0.041549706844754924,0.24296577336026826,False,False,True,1.407104099297702e-06,COMPLETE
909,0.5702190279960633,2025-04-07 18:37:43.367394,2025-04-07 18:38:08.636134,0 days 00:00:25.268740,0.059168443382278446,0.21712578642763267,8,0.15534867742795266,0.03002036434927514,0.007613342440362923,0.011166466294372679,0.07380889850367911,0.037277192175758665,0.0007800269562678202,13,34,0.04468510847513354,0.27193542762269257,False,False,True,4.852027905211445e-07,COMPLETE
910,0.570921015739441,2025-04-07 18:38:08.933816,2025-04-07 18:38:33.230379,0 days 00:00:24.296563,0.010167687085970316,0.29976006941300487,8,0.15387844641311035,0.037413469287127854,0.012418336967811255,0.010044464340638872,0.05802013897162906,0.03510310730516732,0.0009189935145332219,12,38,0.03861696540800429,0.25493796762742205,False,False,True,7.209906394069889e-05,COMPLETE
911,0.6647311806678773,2025-04-07 18:38:33.507724,2025-04-07 18:38:57.076493,0 days 00:00:23.568769,0.07509745777167975,0.2554088534871559,8,0.14627188966806268,0.029619046099574893,0.009992133630269224,0.008438802355574489,0.06110135766380567,0.03227499369215444,0.006733009318263614,11,28,0.04643143530869498,0.25011364606821346,False,False,True,5.744483050366676e-07,COMPLETE
912,0.6761159658432008,2025-04-07 18:38:57.367223,2025-04-07 18:39:18.982689,0 days 00:00:21.615466,0.036711223854378146,0.34359934291473826,8,0.1572959263583655,0.03772463769529964,0.007379397377492245,0.01284023322069259,0.0812588959931625,0.03948740189102089,0.0006841052555341766,8,31,0.04241279809046038,0.26255086990494586,False,False,True,7.640218481350785e-07,COMPLETE
913,0.5693503618240356,2025-04-07 18:39:19.274483,2025-04-07 18:39:44.215284,0 days 00:00:24.940801,0.055917356905661894,0.38432878887601585,8,0.14826793205512265,0.02983475238644516,0.01083370264326824,0.006251356064096972,0.05592359429044284,0.029713733293931864,0.0005197216515287833,13,36,0.03983427947284825,0.24076108281930184,False,False,True,4.243417133642123e-07,COMPLETE
914,0.5780056357383728,2025-04-07 18:39:44.510070,2025-04-07 18:40:08.836311,0 days 00:00:24.326241,0.03107795512027789,0.3118416360815361,8,0.14753566455101072,0.04290233973769563,0.008538845074866734,0.008721120607004475,0.06270050854124189,0.03357122846221514,0.0010739981635248146,12,40,0.04494160900638823,0.24623072739715274,False,False,True,7.991111644387994e-05,COMPLETE
915,0.5709704756736755,2025-04-07 18:40:09.113533,2025-04-07 18:40:32.989452,0 days 00:00:23.875919,0.07629510274201498,0.23811315226453206,8,0.17855163459431037,0.03582922537323206,0.013127493314618164,0.010898235106577692,0.058792057898748466,0.03701980699045477,0.0006461470378729871,11,34,0.04824694558944746,0.2572870931464156,False,False,True,3.6846585164093665e-07,COMPLETE
916,0.7006707191467285,2025-04-07 18:40:33.282866,2025-04-07 18:40:58.419963,0 days 00:00:25.137097,0.054447743642898914,0.2651098242963615,8,0.17820498277500688,0.028051465908742038,0.007120542711814125,0.007020654205154595,0.06629066400271776,0.027340105119421608,0.0008208719855819033,13,31,0.041170322171959414,0.2646827907560824,False,False,True,1.0764894573685038e-06,COMPLETE
917,0.6642661213874818,2025-04-07 18:40:58.712712,2025-04-07 18:41:24.071562,0 days 00:00:25.358850,0.07447389824345665,0.28908102869621877,8,0.15248607750432397,0.03486572584149765,0.009703759522608763,0.012482473940180186,0.07659963473115906,0.03930053518792594,0.0011845990843492638,13,28,0.037152109665505945,0.2505432820650006,False,False,True,5.893063600021964e-05,COMPLETE
918,0.647183632850647,2025-04-07 18:41:24.367644,2025-04-07 18:41:48.662637,0 days 00:00:24.294993,0.03222256685354852,0.21763330545426013,8,0.14474454941328282,0.04465183154545255,0.00686656975125024,0.014260552248457674,0.05697840252290548,0.0348476346535435,0.0005693476926703565,12,35,0.04264460905611287,0.26771304962074505,False,False,True,5.298845207270336e-07,COMPLETE
919,0.5707535028457642,2025-04-07 18:41:48.941015,2025-04-07 18:42:13.404963,0 days 00:00:24.463948,0.05413850431620969,0.1656050697510712,8,0.17118986751272677,0.02823527743758448,0.011947290671594306,0.07547845773456455,0.08816753703665584,0.031084839087417045,0.0009185898481915297,12,38,0.04386489253023235,0.25796205926191923,False,False,True,1.7448928492056543e-06,COMPLETE
920,0.7020596981048585,2025-04-07 18:42:13.698308,2025-04-07 18:42:36.805783,0 days 00:00:23.107475,0.07041430625402785,0.2097537448757427,8,0.15401780594919484,0.03800949037177083,0.009065460902318016,0.00922964791014088,0.06349789197947328,0.03680790156677025,0.0007233856820619075,10,31,0.03929234883966727,0.240473549911909,False,False,True,8.104644801559499e-07,COMPLETE
921,0.10815113186836242,2025-04-07 18:42:37.098801,2025-04-07 18:43:00.509958,0 days 00:00:23.411157,0.026659225135467073,0.2787204888357625,8,0.2994762204507858,0.03232666033204243,0.013845380782044368,0.006780851002901403,0.05485014775936997,0.032838308346684046,0.0008020885288053213,11,34,0.046475294849369644,0.24678100640001183,False,False,True,8.307559607005743e-05,COMPLETE
922,0.17746172845363617,2025-04-07 18:43:00.807949,2025-04-07 18:43:25.942927,0 days 00:00:25.134978,0.046543479757438756,0.24945940619575435,8,0.2732306375639129,0.026042543687732525,0.010926280455128829,0.006343025977648355,0.060703949337649554,0.029511049166255396,0.0005228326120860045,13,40,0.04191489408901566,0.27871474412251657,False,False,True,3.4985100876247516e-07,COMPLETE
923,0.6658203959465028,2025-04-07 18:43:26.224055,2025-04-07 18:43:50.641155,0 days 00:00:24.417100,0.07279631315497001,0.15672978273456664,8,0.16336189795697584,0.041965668975563336,0.0071626563695250745,0.011537378003094607,0.05963135953433902,0.038715646529208794,0.0011429832365621195,12,27,0.045661118799969376,0.25375371855067425,False,False,True,4.696901765035757e-05,COMPLETE
924,0.6927859663963318,2025-04-07 18:43:50.937626,2025-04-07 18:44:14.411596,0 days 00:00:23.473970,0.026691331777271024,0.17009737086646798,8,0.1608790017116487,0.03177096475993714,0.009033278235564504,0.009195089791520786,0.07392168461450128,0.03513742180021684,0.0006603363393541112,11,32,0.03740251892204806,0.2614125472294802,False,False,True,6.705192712231928e-07,COMPLETE
925,0.3081181526184082,2025-04-07 18:44:14.706104,2025-04-07 18:44:38.979611,0 days 00:00:24.273507,0.07847803371170636,0.20298954898231858,8,0.14857022297389333,0.025944778859607956,0.006764663513526505,0.005780170514523312,0.08681357140557665,0.03237241390290866,0.0009753550139233533,12,37,0.0406395403309719,0.245693711837318,False,True,True,7.065209948410017e-05,COMPLETE
926,0.7205593705177307,2025-04-07 18:44:39.277167,2025-04-07 18:45:01.593485,0 days 00:00:22.316318,0.04821451871826105,0.22470618715862203,8,0.14525328048185068,0.03828924511507589,0.012606550271658693,0.008297865913566224,0.06444886676007165,0.04045907569679826,0.0013490321059928354,9,35,0.04363143897304202,0.2549885948203466,False,False,True,4.4708854770056765e-07,COMPLETE
927,0.609970498085022,2025-04-07 18:45:01.876897,2025-04-07 18:45:25.212235,0 days 00:00:23.335338,0.011819189280270703,0.23555683277573455,8,0.15677332419921122,0.04453658797886455,0.013985685535853814,0.007892749399458996,0.05640242663316033,0.040656413188062075,0.0016298235394173412,10,40,0.0473091394407633,0.2710883564306958,False,False,True,4.1101263467376537e-07,COMPLETE
928,0.5712534666061402,2025-04-07 18:45:25.512152,2025-04-07 18:45:47.251518,0 days 00:00:21.739366,0.039008287267526934,0.25943563255076185,8,0.14468057432241882,0.046248508397557266,0.012561047883586626,0.005499742876489122,0.05832653357274495,0.040661468582029715,0.001338475160301712,8,36,0.039284453004179924,0.26440236178885773,False,False,True,9.047592493630606e-05,COMPLETE
929,0.5697761058807373,2025-04-07 18:45:47.546717,2025-04-07 18:46:09.099748,0 days 00:00:21.553031,0.04622283503061413,0.23235765149260063,8,0.16418027955553796,0.03824563070148195,0.013965785122591985,0.007856108321092521,0.06172089241358027,0.038648799148197466,0.002077689674097824,8,38,0.04448713173890703,0.2547500587755984,False,False,True,3.247099037792209e-07,COMPLETE
930,0.7098310947418213,2025-04-07 18:46:09.397135,2025-04-07 18:46:33.081906,0 days 00:00:23.684771,0.028184200680592884,0.24548884071107738,8,0.14085151377791666,0.03922036973931452,0.01166975949885245,0.0059779192213197715,0.07780716849476735,0.03762479805536805,0.0011388284521141345,11,35,0.040874712792629685,0.2593452045811525,False,False,True,4.49750240970022e-07,COMPLETE
931,0.5712247490882874,2025-04-07 18:46:33.365911,2025-04-07 18:46:57.775449,0 days 00:00:24.409538,0.055510355451292556,0.25511044125687676,8,0.14260059325533447,0.046899315216304964,0.01150396704850814,0.006296409312988862,0.07790997616117305,0.03753732747194814,0.0015256031051690665,12,41,0.0415376524367162,0.24033646366853076,False,False,True,4.2735617579891743e-07,COMPLETE
932,0.6866666674613954,2025-04-07 18:46:58.075753,2025-04-07 18:47:21.828758,0 days 00:00:23.753005,0.0456402654946287,0.2878707007109892,8,0.14860359435622203,0.04051266085210336,0.010440119212667253,0.006540753320637995,0.07904690171215321,0.03954935506284231,0.0014231478624916563,11,30,0.04333623671998002,0.2563472743090203,False,False,True,5.143813896120846e-07,COMPLETE
933,0.5313440561294556,2025-04-07 18:47:22.126981,2025-04-07 18:47:45.924864,0 days 00:00:23.797883,0.48287855639091626,0.2690001984754364,8,0.14210362671431054,0.047487379989514904,0.012319251939320965,0.0054839464696517385,0.08257309206440548,0.04097720840148724,0.0012518011268615483,11,34,0.048607705521558665,0.2703314579100348,False,False,True,3.0285153185781127e-07,COMPLETE
934,0.6717084527015686,2025-04-07 18:47:46.225137,2025-04-07 18:48:10.505602,0 days 00:00:24.280465,0.0102600623288207,0.22634862692443386,8,0.1497810479406996,0.039459178260846585,0.01235918734402867,0.008110907109423323,0.07547923370279577,0.037447875323358706,0.001740848062552143,12,28,0.040855729948591074,0.25056993425241963,False,False,True,4.7292427488531065e-07,COMPLETE
935,0.5712534666061402,2025-04-07 18:48:10.815026,2025-04-07 18:48:33.800025,0 days 00:00:22.984999,0.0606838149345723,0.14813298072056583,8,0.14552517604100187,0.03755531358282162,0.009978484413890286,0.005709489699633014,0.07691802429400411,0.041660462259550154,0.0011216381391653252,10,37,0.044911811617887334,0.2634881847633233,False,False,True,3.338498180894022e-07,COMPLETE
936,0.5308353185653687,2025-04-07 18:48:34.087020,2025-04-07 18:48:58.043854,0 days 00:00:23.956834,0.0364819792623737,0.5631186599153709,8,0.1400912553105236,0.044375084694527216,0.006320468679919326,0.008618256043152223,0.0797372047861513,0.03628826953680248,0.0013573780902750008,11,31,0.03950923030420197,0.24449256200351968,False,False,True,5.540261205507183e-07,COMPLETE
937,0.5699893593788148,2025-04-07 18:48:58.340950,2025-04-07 18:49:22.756300,0 days 00:00:24.415350,0.05709659823728605,0.22233183871321593,8,0.14090558523511432,0.034391958445313967,0.010659489376965715,0.005102781439106955,0.07430294346413863,0.03892677522932792,0.0011641275882677455,12,34,0.04252937189534597,0.25761033745533585,False,False,True,4.0341945584565274e-07,COMPLETE
938,0.5958958387374877,2025-04-07 18:49:23.055138,2025-04-07 18:49:47.992652,0 days 00:00:24.937514,0.08153562713077467,0.14364186752335809,8,0.15218272609469335,0.04063931057150508,0.008566057853260447,0.0096485098390473,0.07154973019930033,0.03730600028944631,0.0015610171941354135,13,40,0.04556579043973256,0.23946044527384153,False,False,True,2.436615870052049e-07,COMPLETE
939,0.4108000218868256,2025-04-07 18:49:48.296600,2025-04-07 18:50:12.751317,0 days 00:00:24.454717,0.0297913678803217,0.2744830849443176,8,0.15350600574707857,0.04773372523172129,0.013802923080012842,0.007309123797641891,0.07708665290729419,0.03550588848115277,0.0009592492279762179,11,106,0.03884222872920104,0.28503165652498813,False,False,True,5.717533877146939e-05,COMPLETE
940,0.6659894704818726,2025-04-07 18:50:13.034786,2025-04-07 18:50:37.503465,0 days 00:00:24.468679,0.060253022701685005,0.24451561767426194,8,0.14094319174658246,0.03503547575591845,0.006496022555940466,0.004756823086558498,0.08150743875690651,0.04201376849572293,0.001020937613293836,12,26,0.041067422182725785,0.27442757787925454,False,False,True,3.653327518718575e-07,COMPLETE
941,0.7103285193443298,2025-04-07 18:50:37.809739,2025-04-07 18:51:02.808315,0 days 00:00:24.998576,0.040450487207520744,0.15285839742000984,8,0.15921490633123891,0.03374333894142614,0.008195977016112977,0.009104453743319982,0.07501730073593994,0.03967347888987422,0.0012819236814547571,13,31,0.04338773836071337,0.24845163298689737,False,False,True,9.280203866175344e-05,COMPLETE
942,0.6511374950408936,2025-04-07 18:51:03.109218,2025-04-07 18:51:28.075062,0 days 00:00:24.965844,0.010790575765969455,0.17327092657016058,8,0.16355702815925183,0.041764729626763406,0.010859344904404478,0.009959020524261676,0.07574991760038371,0.040216095078321606,0.0013684908129343663,13,27,0.04326112456740758,0.24679616040868943,False,False,True,0.00011236816547731552,COMPLETE
943,0.23892993927001954,2025-04-07 18:51:28.378010,2025-04-07 18:51:53.070437,0 days 00:00:24.692427,0.030679265421190142,0.1542785233969259,8,0.16791865316186244,0.03736679541481884,0.011750771848745503,0.008910662793663683,0.07259512279571703,0.040040068869478744,0.0020228513062690383,13,30,0.04630087755205718,0.25213637437320807,False,True,True,9.418138848288997e-05,COMPLETE
944,0.6557578563690185,2025-04-07 18:51:53.376625,2025-04-07 18:52:18.525796,0 days 00:00:25.149171,0.038043298760068484,0.2004648799202035,8,0.15798382869440614,0.033744680795600536,0.008183768926940598,0.011004258996487687,0.07824010917339756,0.038297597077954035,0.001684065475400663,13,25,0.04388820839266671,0.24562036780206892,False,False,True,7.413808827421e-05,COMPLETE
945,0.7003851056098939,2025-04-07 18:52:18.816354,2025-04-07 18:52:43.854297,0 days 00:00:25.037943,0.04006087845303174,0.1507153526391528,8,0.17281290059750049,0.048029446941259886,0.014875475439813638,0.007726132182505396,0.07478000837962065,0.04208462725420694,0.0012996558212664319,12,31,0.04826645616328455,0.2550587227938043,False,False,True,5.125132758009962e-05,COMPLETE
946,0.7046706676483154,2025-04-07 18:52:44.154787,2025-04-07 18:53:09.008974,0 days 00:00:24.854187,0.025073423654362825,0.17525644419459563,8,0.16067925585122542,0.042017999542599715,0.009621878500951328,0.009645502771415515,0.07990283610050032,0.03911174912091731,0.0011571404827107209,13,30,0.041773071016881665,0.26602256071047625,False,False,True,9.328215166468638e-05,COMPLETE
947,0.10155058354139329,2025-04-07 18:53:09.312307,2025-04-07 18:53:32.814990,0 days 00:00:23.502683,0.0512880302766198,0.42226340352368763,8,0.15685726837362726,0.1490082549371638,0.01194635277578796,0.011843424757999965,0.07284873103257598,0.03650285073287349,0.0016504837205034942,11,28,0.04504620044780902,0.2401516760492498,False,False,True,6.708264252921278e-05,COMPLETE
948,0.569864284992218,2025-04-07 18:53:33.122662,2025-04-07 18:53:57.663831,0 days 00:00:24.541169,0.01017793764214247,0.14405246159351562,8,0.15101375771310477,0.022666017967062732,0.00830244952199185,0.007960416037826459,0.08031042353648325,0.0419731911847417,0.0011655638455988313,12,33,0.03799054738413451,0.24933810748659718,False,False,True,5.527597732114554e-07,COMPLETE
949,0.570672905445099,2025-04-07 18:53:57.951846,2025-04-07 18:54:20.187690,0 days 00:00:22.235844,0.0443653932230251,0.17252345814628334,8,0.15066495906993008,0.03235230932246032,0.0064895641978686925,0.010150006498535891,0.07558350872474365,0.03813199622332281,0.002343295729545816,9,33,0.040469649977026775,0.2599834410172038,False,False,True,0.00010504377343106284,COMPLETE
950,0.5705166816711427,2025-04-07 18:54:20.488912,2025-04-07 18:54:43.642294,0 days 00:00:23.153382,0.06277484982246656,0.36556454137325967,8,0.1559191952066509,0.03714243168108303,0.013563122181729066,0.007281170792355742,0.07828504543840119,0.03572844686020021,0.0013971142617403925,10,37,0.04289505186552266,0.2525526374660677,False,False,True,7.392356194855991e-05,COMPLETE
951,0.7003038048744201,2025-04-07 18:54:43.946063,2025-04-07 18:55:08.266684,0 days 00:00:24.320621,0.0323531653467019,0.1980101348283973,8,0.16744416611630394,0.026406524870828063,0.010354187224844267,0.011189936168903904,0.07336409026168753,0.04021221295488256,0.0010094876606070533,12,28,0.04612676056796865,0.23911519091624298,False,False,True,4.652821445447502e-07,COMPLETE
