number,value,datetime_start,datetime_complete,duration,params_alpha-eval,params_alpha-train,params_batch-size,params_eps-eval,params_eps-train,params_lambda-actions-eval,params_lambda-actions-train,params_lambda-frames-eval,params_lambda-frames-train,params_learning-rate,params_n-epochs,params_n-frames,params_radius-gw,params_rho,params_std-feats,params_ub-actions,params_ub-frames,params_weight-decay,state
1680,0.7108919858932495,2025-04-08 00:24:50.785864,2025-04-08 00:25:16.604867,0 days 00:00:25.819003,0.0535686580235052,0.1324164757959998,8,0.17227540582166231,0.019116444786682448,0.02290996563541473,0.011925446030524447,0.07319972220151318,0.05074455193254117,0.00020661113034767373,14,33,0.05918743732740076,0.2793200233356734,False,False,True,2.027916005888453e-06,COMPLETE
1681,0.7024346232414246,2025-04-08 00:25:17.138866,2025-04-08 00:25:42.816530,0 days 00:00:25.677664,0.09431401968522202,0.10008287301201267,8,0.16702968397248386,0.011768493728312408,0.026777402206051223,0.014322820877253395,0.07493859654100946,0.054117000907604525,0.00026874142292881433,13,32,0.06895185415177692,0.28459639728191377,False,False,True,5.187910439020626e-06,COMPLETE
1682,0.5653858900070191,2025-04-08 00:25:43.346005,2025-04-08 00:26:07.503977,0 days 00:00:24.157972,0.04422344205658905,0.08852034539862468,8,0.20455718323345173,0.0070139483340469315,0.02493786232117511,0.01907122214445716,0.0706452435864689,0.05720995373096069,0.000161942133256256,12,37,0.06045104755176607,0.27242679373108075,False,False,True,2.986712406175328e-06,COMPLETE
1683,0.10846300870180131,2025-04-08 00:26:08.056404,2025-04-08 00:26:33.738690,0 days 00:00:25.682286,0.11700985829250769,0.13366004780221472,8,0.15843924457168393,0.21553990278380278,0.022957830064410586,0.015974517370740782,0.08134458718002592,0.051915639692728735,0.0003249217619456952,14,42,0.05740701368387694,0.2902710658996686,False,False,True,4.1155605179896435e-06,COMPLETE
1684,0.7057075738906861,2025-04-08 00:26:34.269443,2025-04-08 00:26:59.772210,0 days 00:00:25.502767,0.07650688162007858,0.11213424777674583,8,0.16495546229455085,0.014747417948150966,0.02291578523605888,0.009901375351791069,0.0780936537856405,0.05891356712168422,0.00040109360968583317,13,34,0.06371786558422503,0.28403486216541407,False,False,True,2.2692988919156607e-06,COMPLETE
1685,0.576250445842743,2025-04-08 00:27:00.324738,2025-04-08 00:27:26.143233,0 days 00:00:25.818495,0.042852722626782226,0.04908867364258564,8,0.15929222131476034,0.005489954021353447,0.029379637638816174,0.013205130156387482,0.07077947995189127,0.05338465867547685,0.0002445141149915542,14,39,0.06627501823085864,0.2773065531817696,False,False,True,3.159341958339639e-06,COMPLETE
1686,0.4852333068847656,2025-04-08 00:27:26.671927,2025-04-08 00:27:52.009401,0 days 00:00:25.337474,0.3975081638313776,0.07534008355158169,8,0.17449474317270805,0.01906200548403955,0.027221128817413356,0.017539904457093518,0.07387847420596613,0.061962344697515,0.0003013672467330103,13,31,0.06133396407280219,0.2926945773440758,False,False,True,5.721168163749007e-06,COMPLETE
1687,0.2918380856513977,2025-04-08 00:27:52.575218,2025-04-08 00:28:17.993014,0 days 00:00:25.417796,0.059635821247991216,0.13406295433357754,8,0.1815403451882697,0.012041703572340797,0.025449522758388524,0.015117419490904716,0.076376533586555,0.055065501961770055,0.0003961433209443279,14,36,0.05692003421504449,0.28320927267200446,False,True,True,4.149270062843146e-06,COMPLETE
1688,0.5695549011230469,2025-04-08 00:28:18.534586,2025-04-08 00:28:43.766669,0 days 00:00:25.232083,0.08333074881139392,0.1007325325330282,8,0.1704039052980304,0.005105202310412366,0.022714131521940482,0.011982754618924014,0.07101228052052412,0.050159997282995576,0.03787004266170421,13,34,0.05931722389170336,0.2705768800658945,False,False,True,2.192414408357239e-06,COMPLETE
1689,0.46972323656082154,2025-04-08 00:28:44.299421,2025-04-08 00:29:08.491132,0 days 00:00:24.191711,0.04050259124953948,0.6740425240392677,8,0.19326784580736608,0.00031702741382881594,0.031004704831574387,0.010131821186668548,0.09645087846414077,0.05831886533332679,0.00021159968221265215,12,46,0.06327449161255008,0.28720922651325625,False,False,True,2.553742195201495e-06,COMPLETE
1690,0.6046713471412659,2025-04-08 00:29:09.049756,2025-04-08 00:29:35.174284,0 days 00:00:26.124528,0.09872567933088698,0.1182626867672815,8,0.15823162483529957,0.019818499985127448,0.024505243539872282,0.018694247047909285,0.07304255513475691,0.0560557565952832,0.0003344130833338024,14,40,0.05653732938616037,0.2791318463511589,True,False,True,8.483356533925735e-06,COMPLETE
1691,0.5703341722488403,2025-04-08 00:29:35.708371,2025-04-08 00:30:00.159551,0 days 00:00:24.451180,0.06884525769778913,0.06736288031500405,8,0.16409427235040194,0.011395048599202335,0.028709512401878873,0.014081905146828949,0.07634278144980307,0.06006268761898885,0.00027975544198115585,12,37,0.06077983035297305,0.29264457764190843,False,False,True,3.6165508137056424e-06,COMPLETE
1692,0.7040623426437379,2025-04-08 00:30:00.714128,2025-04-08 00:30:25.831284,0 days 00:00:25.117156,0.04450889090725009,0.09703755740418044,8,0.15859123536785796,0.016376443800335785,0.022535287387358664,0.016446480766225333,0.08024943797246518,0.052173160097318635,0.0004104555767422111,13,31,0.058825761942138066,0.2679932207475214,False,False,True,4.843693963812401e-06,COMPLETE
1693,0.5703989624977112,2025-04-08 00:30:26.368399,2025-04-08 00:31:22.786778,0 days 00:00:56.418379,0.061941400447252826,0.03550852267605541,2,0.17773175868228022,0.010161476488343181,0.03559373203999483,0.019625414434817634,0.0746502815207023,0.054421567317521125,0.00024780371344541727,14,34,0.06496667376088276,0.27534866092869337,False,False,True,2.709871933782933e-06,COMPLETE
1694,0.583937132358551,2025-04-08 00:31:23.344072,2025-04-08 00:31:49.229698,0 days 00:00:25.885626,0.10933427471228796,0.12247587751751976,8,0.1671296786469457,0.01918672700440164,0.033124358597477234,0.012876804039871648,0.07877932789005376,0.05058674183562736,0.00034753305792716536,14,39,0.06755042120780227,0.2860090682073278,False,False,True,3.0699749215440685e-06,COMPLETE
1695,0.7434090495109559,2025-04-08 00:31:49.772767,2025-04-08 00:32:15.100753,0 days 00:00:25.327986,0.03824621740067023,0.08209344765538992,8,0.17609613052744028,0.005018386159694028,0.025825277921903856,0.015074582661597433,0.07081627527616186,0.048521565443743475,0.00042055681410111355,13,36,0.056692249617326454,0.29278895910742075,False,False,True,1.969576437731338e-06,COMPLETE
1696,0.3686679720878601,2025-04-08 00:32:15.668441,2025-04-08 00:32:41.084745,0 days 00:00:25.416304,0.31498379075871463,0.05178704235702239,8,0.18786798899720128,0.005648819833249075,0.025027999054337915,0.017952358615457655,0.07036099013311754,0.047493999712453945,0.0002993566916077269,13,44,0.056004459462861596,0.29395852252308424,False,False,True,1.916114029150911e-06,COMPLETE
1697,0.08703264743089675,2025-04-08 00:32:41.623521,2025-04-08 00:33:07.092815,0 days 00:00:25.469294,0.03177126983751981,0.05507335984782784,8,0.20819140842745815,0.13667322875090016,0.02186271213764866,0.020468971848387738,0.06976580077472067,0.04865650469703472,0.0001775119473839093,14,42,0.056561138520475514,0.29334267383627727,False,False,True,1.9527935742079694e-06,COMPLETE
1698,0.6984657406806947,2025-04-08 00:33:07.656528,2025-04-08 00:33:31.696947,0 days 00:00:24.040419,0.03379562787617993,0.06453068831616736,8,0.19684113253893537,0.005312311931367358,0.02295015467786687,0.016205761463537197,0.07048331878927813,0.04878173353278854,0.00035807836888722297,12,31,0.05687995269358582,0.29373328563360196,False,False,True,1.8737644792811207e-06,COMPLETE
1699,0.5697081327438355,2025-04-08 00:33:32.240223,2025-04-08 00:33:57.619674,0 days 00:00:25.379451,0.03174926946569259,0.08197324100567902,8,0.1863500175294537,0.0075828407367968115,0.025073717735754744,0.016352573463060193,0.07102809039623238,0.04839811394780501,0.00026117751940904466,13,34,0.05795187100655744,0.294411400370353,False,False,True,2.1212075760628364e-06,COMPLETE
1700,0.501668131351471,2025-04-08 00:33:58.156688,2025-04-08 00:34:24.227544,0 days 00:00:26.070856,0.028478534163131636,0.6386093269879933,8,0.17309713153396245,0.005187619500900244,0.022027024082093297,0.0180902221298207,0.07040887082259549,0.048934267345077706,0.00040890784254655327,14,37,0.056313266170312806,0.28892437397673537,False,False,True,2.1017250808166317e-06,COMPLETE
1701,0.5952401041984559,2025-04-08 00:34:24.791056,2025-04-08 00:34:50.016721,0 days 00:00:25.225665,0.042342760355303946,0.03759717538035762,8,0.18043429189690063,0.00047054832845470906,0.02236443575688423,0.015363420823341608,0.0696368507688322,0.0496078331838658,0.000219677088742145,13,40,0.058956365904609266,0.2917132027731137,False,False,True,2.4149256371706717e-06,COMPLETE
1702,0.6985273122787476,2025-04-08 00:34:50.552621,2025-04-08 00:35:16.141908,0 days 00:00:25.589287,0.04012382759689821,0.030220687120402538,8,0.18135466261949362,0.004129084267408745,0.02558665262505436,0.020148584826289926,0.07224241095825683,0.04803513485826343,0.0002956658288281619,14,31,0.056238426379688455,0.29423934986969263,False,False,True,1.8285974662189115e-06,COMPLETE
1703,0.366718739271164,2025-04-08 00:35:16.700845,2025-04-08 00:35:52.219867,0 days 00:00:35.519022,0.029291826589769036,0.08597807994079791,8,0.18763370720175496,0.004615907206964115,0.024257856097084664,0.017657557959272867,0.06966885882963841,0.05080840759549953,0.00033066628253976293,28,63,0.058903297008210447,0.2884109605217069,False,False,True,2.3010631061679176e-06,COMPLETE
1704,0.5697568893432617,2025-04-08 00:35:52.759858,2025-04-08 00:36:17.238473,0 days 00:00:24.478615,0.05247483238138223,0.0625348843243077,8,0.1813358071402126,0.010689772800732633,0.02227259881761867,0.05918880516438884,0.07172773373693479,0.047984035734814,0.0004136323457685092,12,34,0.06237225573027636,0.28546316896289714,False,False,True,1.8653071148158434e-06,COMPLETE
1705,0.18926477730274202,2025-04-08 00:36:17.804066,2025-04-08 00:36:43.358978,0 days 00:00:25.554912,0.029404947729872934,0.08025576316447479,8,0.17794678760179514,0.00012743780073488052,0.03868832234627233,0.015073942258342448,0.05769937761830546,0.05079165739888346,0.00023683849136250395,14,38,0.05704556816346613,0.29507568734637496,False,True,True,2.539452669749729e-06,COMPLETE
1706,0.7042517900466919,2025-04-08 00:36:43.901651,2025-04-08 00:37:08.933138,0 days 00:00:25.031487,0.05139566332439542,0.13752123604729702,8,0.17536767328973912,0.00033793392973475826,0.026762897514555007,0.019486154986109835,0.07004668951703742,0.0518078608855558,0.0001870905985526482,13,36,0.05839346768191113,0.2897555709224072,False,False,True,6.4975977839265375e-06,COMPLETE
1707,0.5125778198242188,2025-04-08 00:37:09.471676,2025-04-08 00:37:33.995839,0 days 00:00:24.524163,0.028154670445061706,0.0677397042570118,8,0.1820110238784301,0.0001709394868304633,0.024309970232758653,0.014536022597597538,0.0687390547915449,0.04769990478200991,0.0003573711365087418,12,42,0.06499972118720872,0.2869791363469078,True,False,True,1.7757219967990006e-06,COMPLETE
1708,0.5508283853530884,2025-04-08 00:37:34.559238,2025-04-08 00:38:00.112773,0 days 00:00:25.553535,0.055060431752333105,0.5823401258746839,8,0.19462592075107796,0.00011543614222100148,0.022882142654731853,0.017280149956469378,0.08459754076437023,0.06252442988446645,0.00042479602223602234,14,31,0.06113802981411001,0.29341564806654236,False,False,True,9.712864043678295e-06,COMPLETE
1709,0.5663409352302551,2025-04-08 00:38:00.654844,2025-04-08 00:38:25.551540,0 days 00:00:24.896696,0.049539562358469534,0.08991173314536333,8,0.1897891346147982,0.010187505869495732,0.021736556763739163,0.015873589921718473,0.07280117085109493,0.05051946952761042,0.00028966814052207345,13,34,0.06980089331665618,0.28380841452150485,False,False,True,2.475897389803518e-06,COMPLETE
1710,0.5748872280120849,2025-04-08 00:38:26.117353,2025-04-08 00:38:51.717005,0 days 00:00:25.599652,0.03095530567888255,0.10844554533951975,8,0.17431751805230414,0.010215006599723669,0.027221676384445555,0.013748667623290061,0.06011958549838532,0.05265409207109082,0.00035858653356100835,14,39,0.05998275518934612,0.2952150605696467,False,False,True,3.916476617012533e-06,COMPLETE
1711,0.11123716831207277,2025-04-08 00:38:52.256679,2025-04-08 00:39:17.247935,0 days 00:00:24.991256,0.06150822895190315,0.050615267467015175,8,0.1717035510004029,0.29258676134781486,0.024515489117260956,0.021300860171939547,0.06982152008979259,0.04777878508840267,0.00014918972324290736,13,33,0.056067107178888236,0.28677735359952183,False,False,True,6.695304156916225e-06,COMPLETE
1712,0.5709134817123414,2025-04-08 00:39:17.812504,2025-04-08 00:39:43.570709,0 days 00:00:25.758205,0.03985293273471042,0.13586947684456396,8,0.18598793501869199,0.007682060594810454,0.026049599151200028,0.01728256067709018,0.07188104265122588,0.05071318615432273,0.0002677305551958655,14,36,0.017601970208281185,0.280002070607397,False,False,True,3.1603631339255244e-06,COMPLETE
1713,0.7005308151245118,2025-04-08 00:39:44.110105,2025-04-08 00:40:08.623136,0 days 00:00:24.513031,0.06468431705085219,0.08419103250871732,8,0.1766722219000135,0.01294125544897682,0.022571589941808495,0.014386804636609782,0.07248907274936142,0.06044756461570712,0.00022265123166493743,12,31,0.0624003060900105,0.2901944134702546,False,False,True,5.25665266971234e-06,COMPLETE
1714,0.5712534666061402,2025-04-08 00:40:09.185572,2025-04-08 00:41:02.707444,0 days 00:00:53.521872,0.026935377958088196,0.11144145579469522,2,0.1689786565528799,0.0002838648162604941,0.021565435608914326,0.019130632596605707,0.05935141705641289,0.04964110141483673,0.0004365691090775484,13,40,0.06727010109097496,0.29540283323164346,False,False,True,1.91714392385395e-06,COMPLETE
1715,0.5742954969406128,2025-04-08 00:41:03.251428,2025-04-08 00:41:29.209985,0 days 00:00:25.958557,0.044209403710880675,0.13835427323969812,8,0.17908680286699152,0.012231710503345514,0.0283798182630604,0.01651648870501515,0.06883405386936803,0.05342672038770129,0.0003265100588655071,14,37,0.05802978045449502,0.282246111790479,False,False,True,2.709243674669157e-06,COMPLETE
1716,0.5695384860038757,2025-04-08 00:41:29.781173,2025-04-08 00:41:54.754815,0 days 00:00:24.973642,0.07038996916128362,0.09485309566531802,8,0.17449319431651483,0.006756850134348966,0.02450680784826827,0.01361170774702514,0.061150372204897725,0.05786078618297758,0.0004294032095919953,13,43,0.05636258228609192,0.28824914113403494,False,False,True,4.264766968889413e-06,COMPLETE
1717,0.5695562362670898,2025-04-08 00:41:55.299185,2025-04-08 00:42:21.093566,0 days 00:00:25.794381,0.028991090858154153,0.034257310342970845,8,0.16983657628961557,0.013694961647154646,0.02142026612429083,0.018184258106755495,0.06880837049212168,0.05206668041309282,0.00031398769911941075,14,34,0.06349043370263625,0.2773030697485977,False,False,True,1.8018651522585175e-06,COMPLETE
1718,0.3094952464103699,2025-04-08 00:42:21.635254,2025-04-08 00:42:46.060385,0 days 00:00:24.425131,0.055612320790191086,0.07353964346492123,8,0.2442570893102038,0.007995772497803139,0.021382242087865502,0.015653608986271897,0.07388596841289224,0.060277232668743214,0.00025895065544101844,12,38,0.06013971242721923,0.29987450895018086,False,False,True,2.269692662262866e-06,COMPLETE
1719,0.7109394907951355,2025-04-08 00:42:46.627195,2025-04-08 00:43:11.485945,0 days 00:00:24.858750,0.026440981356948147,0.1186079893623661,8,0.1873741307933598,0.013570134808477543,0.02672551120802686,0.02063534884669115,0.0715185690850636,0.06297858750477395,0.0003761720032014226,13,31,0.05863384536125628,0.28411211413765375,False,False,True,3.437370486312109e-06,COMPLETE
1720,0.5605225563049316,2025-04-08 00:43:12.028316,2025-04-08 00:43:37.952918,0 days 00:00:25.924602,0.07806471333043655,0.13483070797958144,8,0.184158555736742,0.005541933661045274,0.029834940392568808,0.0132245080766909,0.058001733958735854,0.010888430989332606,0.00019818975403967684,14,34,0.0658324489064489,0.29478936243474974,False,False,True,7.655912934179705e-06,COMPLETE
1721,0.5712534666061402,2025-04-08 00:43:38.520585,2025-04-08 00:44:03.547377,0 days 00:00:25.026792,0.048448854253339974,0.058907866379204386,8,0.15797747569742981,0.015449701418742117,0.023729958190403036,0.015437136665656456,0.06215728502109551,0.049453687000339905,0.00029610493418689955,13,46,0.05649492677684061,0.27914974739181403,False,False,True,2.9255482287425407e-06,COMPLETE
1722,0.5996565699577332,2025-04-08 00:44:04.093225,2025-04-08 00:44:29.049488,0 days 00:00:24.956263,0.058536935049650046,0.5428404844929136,8,0.17359742171450523,0.006598898112350124,0.021362054052698684,0.018083655026629737,0.07482325146177121,0.04776313842632347,0.00041588148321156695,12,36,0.06153662391365501,0.289612117988094,False,False,True,4.040296218756166e-06,COMPLETE
1723,0.43791085481643677,2025-04-08 00:44:29.617889,2025-04-08 00:44:55.510818,0 days 00:00:25.892929,0.026433565728829836,0.7116101271241089,8,0.16482216327256702,0.01916440350723464,0.025335419662684787,0.013031049138019347,0.06980843337244821,0.056298380672110876,0.00023920776267882712,14,40,0.055600842878382656,0.2737216330944616,False,False,True,5.137210727450822e-06,COMPLETE
1724,0.11046114563941956,2025-04-08 00:44:56.075417,2025-04-08 00:45:22.112302,0 days 00:00:26.036885,0.07784559926955407,0.10325211568742156,8,0.15573763369163604,0.009584512667805922,0.02365853586428652,0.011864128024694196,0.06022521750300421,0.05309584761623155,0.000363786650742771,14,30,0.05829819075446762,0.2856423045481469,False,True,True,2.202265544594922e-06,COMPLETE
1725,0.7064630389213562,2025-04-08 00:45:22.681488,2025-04-08 00:45:48.018531,0 days 00:00:25.337043,0.04322274170026713,0.13993310500697154,8,0.15629362867530658,0.014810697604327478,0.021327659553058678,0.015274778802477249,0.056898086029006124,0.05759102357814153,0.0003170242153814257,13,33,0.06369521040564897,0.29095445982216345,False,False,True,1.7818269827353725e-06,COMPLETE
1726,0.33500989675521853,2025-04-08 00:45:48.569955,2025-04-08 00:46:13.964922,0 days 00:00:25.394967,0.06253553618879179,0.08826459266797768,8,0.17051817729989155,0.0004606580988258417,0.027993144898096227,0.0172875516189324,0.07204505091425616,0.05115138459506672,0.00041789622808360394,13,60,0.059760637024149625,0.2803757144777353,True,False,True,2.6706771487453985e-06,COMPLETE
1727,0.5702905774116516,2025-04-08 00:46:14.541889,2025-04-08 00:46:40.045678,0 days 00:00:25.503789,0.026795513900154534,0.11733976068708725,8,0.19260888185834263,0.00630771992238753,0.025649306755892096,0.02034913983002349,0.06200795639299634,0.059357531757026724,0.0002512396823260271,14,38,0.06149184544720935,0.2949012446979346,False,False,True,3.236786999389643e-06,COMPLETE
1728,0.5711907267570496,2025-04-08 00:46:40.596649,2025-04-08 00:47:05.063032,0 days 00:00:24.466383,0.08225831458311474,0.07494487389209309,8,0.17764885883446035,0.00027342152881482985,0.05050057482423362,0.01427066560338304,0.06791405754209204,0.054678778769310286,0.00018434717194151085,12,42,0.06896789483707719,0.28525964659655045,False,False,True,0.0003502826778572676,COMPLETE
1729,0.47826237678527833,2025-04-08 00:47:05.608483,2025-04-08 00:47:32.127585,0 days 00:00:26.519102,0.010785459357328444,0.10707967102688204,8,0.16768857712512733,0.012428009669858018,0.021488277588123345,0.010771230278789363,0.07474744155985989,0.0621066949740723,0.00034011472399938,14,148,0.06634719384604533,0.27394295365729093,False,False,True,6.064728155195145e-06,COMPLETE
1730,0.740167498588562,2025-04-08 00:47:32.692099,2025-04-08 00:47:57.749835,0 days 00:00:25.057736,0.04523170853000675,0.13661514054257273,8,0.15598148561141253,0.01992370230582955,0.03073046005030798,0.018574531558764925,0.07009917881024301,0.047837925043806885,0.0004538767154811355,13,36,0.05658620000345781,0.2812985267591511,False,False,True,4.417702291826986e-06,COMPLETE
1731,0.7017593622207643,2025-04-08 00:47:58.294464,2025-04-08 00:48:23.462994,0 days 00:00:25.168530,0.038456516412180154,0.14136524138723425,8,0.16318571425029232,0.021060560629289446,0.034721251522580404,0.02273709218254409,0.0701830241485253,0.047014876279153565,0.00029048333617082053,13,30,0.05692188835719775,0.2674563471548225,False,False,True,1.1780225189417902e-05,COMPLETE
1732,0.5680661082267762,2025-04-08 00:48:24.038822,2025-04-08 00:48:48.249743,0 days 00:00:24.210921,0.0241150227981307,0.14528206132168123,8,0.15641650898705894,0.01981591000301405,0.032272091072737874,0.02111014875788519,0.07225347009829199,0.04751163900244816,0.00021765652519621832,12,34,0.05533262602971989,0.2665319510759193,False,False,True,6.27895724199818e-06,COMPLETE
1733,0.586272919178009,2025-04-08 00:48:48.794552,2025-04-08 00:49:13.352148,0 days 00:00:24.557596,0.04531807746421423,0.14644158230101806,8,0.16556616510552197,0.01964425107440902,0.02906354585959891,0.019625255122767585,0.0706718410862575,0.047583496002174465,0.00016386508488377014,12,39,0.05570506256021397,0.2743501975289934,False,False,True,5.099288093994526e-06,COMPLETE
1734,0.7561415910720826,2025-04-08 00:49:13.921227,2025-04-08 00:49:38.896873,0 days 00:00:24.975646,0.041132761903170015,0.13088155708572322,8,0.15687794766732402,0.018488535457868653,0.03211327838657349,0.018660952774207692,0.0728734786836339,0.04935316874345822,0.0003602240144150096,13,36,0.06469218909597149,0.2784622097284438,False,False,True,4.597536333801491e-06,COMPLETE
1735,0.7063960313796998,2025-04-08 00:49:39.449159,2025-04-08 00:50:30.445572,0 days 00:00:50.996413,0.01078369036709169,0.12157169128227725,2,0.16168993547317367,0.015416386114876727,0.07147695100706103,0.0225434253976487,0.07341496447491368,0.04991767393235066,0.00025367926005512726,12,32,0.0709512398980133,0.2716946571600008,False,False,True,7.976052162377351e-06,COMPLETE
