number,value,datetime_start,datetime_complete,duration,params_alpha-eval,params_alpha-train,params_batch-size,params_eps-eval,params_eps-train,params_lambda-actions-eval,params_lambda-actions-train,params_lambda-frames-eval,params_lambda-frames-train,params_learning-rate,params_n-epochs,params_n-frames,params_radius-gw,params_rho,params_std-feats,params_ub-actions,params_ub-frames,params_weight-decay,state
392,0.11423393487930299,2025-04-07 14:50:29.574616,2025-04-07 14:50:53.717438,0 days 00:00:24.142822,0.03365526607903023,0.13772060116311036,16,0.0992968931154896,0.02417930958762482,0.0016895983927717718,0.040774996233162324,0.011381270229723817,0.07301255474016692,3.0643589398776656e-05,25,39,0.08962766166102615,0.07102150222144472,False,True,False,6.253089766977533e-08,COMPLETE
393,0.5476394772529602,2025-04-07 14:50:53.837501,2025-04-07 14:51:19.918768,0 days 00:00:26.081267,0.05810291691662182,0.20105538010294183,16,0.08687401879292818,0.011486231542633858,0.00429078718557959,0.03656127572092426,0.007857740906888427,0.08031032988002823,1.8619598676561046e-05,22,44,0.0999305025837814,0.06196936856573721,False,False,False,4.34748885884894e-08,COMPLETE
394,0.5805948495864868,2025-04-07 14:51:20.040258,2025-04-07 14:51:47.330125,0 days 00:00:27.289867,0.03208529241178226,0.12621910593884222,16,0.07347352200112162,0.018425631391311578,0.0012029973439338256,0.044586786755382427,0.014908387244333882,0.08378368195086003,2.6137343982291213e-05,24,49,0.09297700772492389,0.03493820637614416,False,False,False,8.30133656271793e-08,COMPLETE
395,0.6241782784461976,2025-04-07 14:51:47.452013,2025-04-07 14:52:14.695717,0 days 00:00:27.243704,0.01039543009792428,0.17687785804836553,16,0.10785259506855621,0.03198763876528321,0.02555674164204801,0.023434853807211012,0.01220174289325322,0.07737771280653247,3.4759911718458905e-05,25,45,0.09720338309835277,0.05301365196548868,False,False,False,2.8937833671971983e-08,COMPLETE
396,0.5559397220611573,2025-04-07 14:52:14.828795,2025-04-07 14:52:44.131197,0 days 00:00:29.302402,0.01054631270622689,0.17943422793121713,16,0.10987643705167097,0.047500017933466435,0.02646506754850353,0.042662349432994615,0.01036007877316494,0.07409604968668368,3.603221365383779e-05,26,142,0.09521699874384375,0.046307355113929,False,False,False,2.6330269824362628e-08,COMPLETE
397,0.48700361251831054,2025-04-07 14:52:44.254340,2025-04-07 14:53:10.579912,0 days 00:00:26.325572,0.49851260882853843,0.17683694780043338,16,0.12206209983377447,0.04013958479260683,0.02843360634470383,0.04005403801663048,0.008087353579258433,0.07612749082687072,2.3453031540417082e-05,23,41,0.09742270541577275,0.040964063956184696,False,False,False,1.6465571745265455e-08,COMPLETE
398,0.5317805528640747,2025-04-07 14:53:10.702721,2025-04-07 14:53:38.511565,0 days 00:00:27.808844,0.026945439571458,0.16555862695903675,16,0.10502624838239041,0.09654144935680728,0.019674022197258875,0.022406705731589992,0.011394585173139368,0.0781316153756907,3.140171140059173e-05,26,44,0.09353453371580035,0.019511510224402923,False,False,False,3.136786663707423e-08,COMPLETE
399,0.5403180480003357,2025-04-07 14:53:38.645570,2025-04-07 14:54:05.894514,0 days 00:00:27.248944,0.010855711705464302,0.1963246725346032,16,0.11180393875008288,0.03292216867187562,0.030129912701072913,0.04530655132921235,0.0046138970675655856,0.07725817364148505,1.6139386285626596e-05,25,37,0.09993090522103618,0.05759669283516396,False,False,False,2.034483799302866e-08,COMPLETE
400,0.11021622717380525,2025-04-07 14:54:06.017601,2025-04-07 14:54:30.297465,0 days 00:00:24.279864,0.03733840915123535,0.15874281149698133,16,0.10224971570027672,0.03569965504920049,0.026261644433214965,0.048100335823323744,0.013391424373496835,0.07994406719481705,2.834616990479646e-05,24,53,0.09174166818827106,0.053815864429479894,False,True,False,1.2085348318004849e-08,COMPLETE
401,0.5305321335792541,2025-04-07 14:54:30.422279,2025-04-07 14:54:57.896364,0 days 00:00:27.474085,0.044187082854026644,0.67749017402952,16,0.13103601945584145,0.027779377337719985,0.023339236544011124,0.0388783798642483,0.009751737395052803,0.07476192465416898,2.2317367471271162e-05,25,41,0.09577209739968313,0.05295229152917279,False,False,False,2.6970266482203073e-08,COMPLETE
402,0.5963474631309509,2025-04-07 14:54:58.031998,2025-04-07 14:55:24.710662,0 days 00:00:26.678664,0.07867421207862478,0.2086482323384019,16,0.20483781486318337,0.02956781693761943,0.024480035041578974,0.014042110013901926,0.006031477161380751,0.08063279387308671,0.037490408228397616,24,45,0.09807538546096747,0.07665671130583496,False,False,False,3.636436848226006e-08,COMPLETE
403,0.09069270193576813,2025-04-07 14:55:24.835915,2025-04-07 14:55:51.691870,0 days 00:00:26.855955,0.028127108037345104,0.2228723901838147,16,0.09548902812611096,0.00021384089794180758,0.014884968164996574,0.042021679278906134,0.017152627720975613,0.07835277798194877,3.228655314977793e-05,25,49,0.09390308692394037,0.04531325322281334,False,False,False,2.145271070451776e-08,COMPLETE
404,0.6130975246429443,2025-04-07 14:55:51.816733,2025-04-07 14:56:18.109498,0 days 00:00:26.292765,0.050750339057773056,0.15257042223340994,16,0.11745441256378948,0.015676380179245865,0.06033404214700237,0.02344629966161163,0.007890748818479563,0.08727671437312194,3.8731935539261944e-05,23,44,0.09614567249273685,0.06083718898918142,False,False,False,1.6425042762751376e-08,COMPLETE
405,0.5994393587112427,2025-04-07 14:56:18.234695,2025-04-07 14:56:45.376734,0 days 00:00:27.142039,0.010599680578353069,0.13062101104272456,16,0.10636632573446624,0.02343427691990794,0.02111859355400625,0.03288658073444355,0.012439169950640904,0.08197535424043394,5.175154405600996e-05,24,33,0.08911764687631915,0.0496590040446366,False,False,False,3.103231785792536e-08,COMPLETE
406,0.5787896752357483,2025-04-07 14:56:45.513641,2025-04-07 14:57:13.681745,0 days 00:00:28.168104,0.07070551683295603,0.11059422746372258,16,0.09735453685334002,0.009133176154166886,0.006000344845380977,0.02650108045896471,0.015053096924727383,0.08432663278181343,2.6681177941851e-05,26,39,0.09228976099394855,0.1405007604303262,False,False,False,3.846891776374146e-08,COMPLETE
407,0.4550819873809815,2025-04-07 14:57:13.813761,2025-04-07 14:57:41.269772,0 days 00:00:27.456011,0.4723061513233714,0.15100879072612605,16,0.09204043428595987,0.04279095930914221,0.023074948040245086,0.01951736441324945,0.010226031135240182,0.07953733917365227,1.8625674274350413e-05,25,47,0.09778669268116012,0.06650530367668404,False,False,False,2.4633880866938637e-08,COMPLETE
408,0.09069270193576813,2025-04-07 14:57:41.396252,2025-04-07 14:58:05.427107,0 days 00:00:24.030855,0.04121410490687043,0.11760788875096051,16,0.08756151118910148,0.1460937868173462,0.03898744990213504,0.050238072762035714,0.00635825858418242,0.08573379128033377,3.540088093925788e-05,24,51,0.09494300596772572,0.0716117334885065,False,True,True,0.0001101479954996301,COMPLETE
409,0.4375250577926636,2025-04-07 14:58:05.564690,2025-04-07 14:58:33.837736,0 days 00:00:28.273046,0.028027488909377205,0.13848162685604443,16,0.10161121867047578,0.0343585613315507,0.03395773043460801,0.036253602139784055,0.013197752038367563,0.07732685365265185,2.1982110920707648e-05,26,43,0.09688791162325008,0.07903855519725167,False,False,False,1.3965620964106592e-08,COMPLETE
410,0.6028638005256653,2025-04-07 14:58:33.963848,2025-04-07 14:59:01.155538,0 days 00:00:27.191690,0.060242993729278715,0.0969715337160199,16,0.08134377769646686,0.019742817429253566,0.04337722106796722,0.00864051272135627,0.00857135039322459,0.07002408498044052,4.342814264547047e-05,25,41,0.09319782453791406,0.056851525462823724,False,False,False,2.1690114615196083e-08,COMPLETE
411,0.6099689364433288,2025-04-07 14:59:01.282801,2025-04-07 14:59:27.763216,0 days 00:00:26.480415,0.09256632667568282,0.1805007085604143,16,0.09264662054147912,0.027163021018279512,0.0034219288929117626,0.04669216770702452,0.011254095999231073,0.08184020039291089,2.709015407481118e-05,23,46,0.0982836481753291,0.039930624282637446,False,False,False,1.0606065949451452e-05,COMPLETE
412,0.5956128478050232,2025-04-07 14:59:27.900577,2025-04-07 14:59:55.868124,0 days 00:00:27.967547,0.025523685011584876,0.14799914202234804,16,0.07278592085725627,0.012680404248866087,0.06312760262897717,0.04523917225864807,0.016185636264302763,0.08341294657743213,3.4765711613436285e-05,26,36,0.09074065036398721,0.06270559409640929,False,False,False,4.404594135192252e-08,COMPLETE
413,0.5862892866134644,2025-04-07 14:59:55.996079,2025-04-07 15:00:22.062960,0 days 00:00:26.066881,0.010752060679811352,0.11516185243700355,16,0.09764664821031027,0.019006383583725802,0.05142855058231115,0.017653652507285657,0.009535624415986241,0.07532335816158904,5.337074140187515e-05,22,52,0.09513003229400695,0.010665794839176571,False,False,False,5.197467316904795e-08,COMPLETE
414,0.5931969523429871,2025-04-07 15:00:22.190998,2025-04-07 15:00:49.213660,0 days 00:00:27.022662,0.04616777874644817,0.17614081704608237,16,0.08942733246487561,0.03077550266415631,0.05534827411570761,0.028873509910383253,0.013684960488026325,0.07972054220715306,0.013260543308488183,24,48,0.09632969875956611,0.07377548734120958,False,False,False,3.125169914426408e-08,COMPLETE
415,0.4749987602233887,2025-04-07 15:00:49.351424,2025-04-07 15:01:16.681994,0 days 00:00:27.330570,0.6886811724032919,0.09628436890049197,16,0.10782518613598863,0.007149736341293572,0.025008763491490508,0.04345105522112331,0.011399936616876185,0.07202506657441245,2.93571745121226e-05,25,44,0.08543950548441143,0.03156751599108548,False,False,False,1.5640904064745623e-07,COMPLETE
416,0.12271942347288133,2025-04-07 15:01:16.809295,2025-04-07 15:01:41.435468,0 days 00:00:24.626173,0.07165189122850185,0.12586451978105223,16,0.0787749266999071,0.02455031484577841,0.007131963928234705,0.048555435753850296,0.0033300652471776734,0.08885472325437885,3.939460805417536e-05,26,41,0.09383494832113255,0.0836835783300531,False,True,False,1.754960546595216e-08,COMPLETE
417,0.47441738843917847,2025-04-07 15:01:41.564077,2025-04-07 15:02:09.035682,0 days 00:00:27.471605,0.04517190344458136,0.5516675050558957,16,0.08504101440248565,0.03740905832276293,0.0531678017780981,0.04156362503757486,0.0073568403918845456,0.08127110212062866,1.6340941901572853e-05,25,89,0.08795541973065536,0.05162200077996123,False,False,False,2.5039755925938804e-08,COMPLETE
418,0.5972714185714721,2025-04-07 15:02:09.176386,2025-04-07 15:02:36.122128,0 days 00:00:26.945742,0.02886201590200015,0.20966306749464148,16,0.10205358444681246,0.015484847311700863,0.010853159621064045,0.038323465636639235,0.015187139090905228,0.08496924977597009,2.345667808100075e-05,24,50,0.07044163909811701,0.12865830483447385,False,False,False,1.027530589740605e-08,COMPLETE
419,0.5685001015663147,2025-04-07 15:02:36.251158,2025-04-07 15:03:03.651467,0 days 00:00:27.400309,0.08925671786655452,0.09044125131036922,16,0.11352380597278455,0.05278149715870592,0.029428422852900336,0.050167961227896726,0.009233200469637281,0.07765452462817651,3.193060449370865e-05,23,113,0.09860348389611176,0.06664314025383149,False,False,False,3.572040546873947e-08,COMPLETE
420,0.5756985425949097,2025-04-07 15:03:03.779754,2025-04-07 15:03:31.233540,0 days 00:00:27.453786,0.061033274728843595,0.163506387677856,16,0.09467381862427185,0.022863362905303688,0.001180921260216658,0.040199649546534,0.017991086405452796,0.08300933276673163,6.105065377630957e-05,25,45,0.09148897944307012,0.05900431946700698,False,False,False,6.946738654503249e-08,COMPLETE
421,0.5640075922012329,2025-04-07 15:03:31.373997,2025-04-07 15:03:58.891431,0 days 00:00:27.517434,0.026804604904379366,0.13823035374790518,16,0.07889684226748606,0.029572579442618867,0.020557203527021367,0.04688406200887321,0.004911407384205611,0.08713716573492208,1.9700034657268067e-05,24,38,0.09578128535610045,0.07953283931310662,False,False,False,1.817286541076509e-08,COMPLETE
422,0.5712534666061402,2025-04-07 15:03:59.020525,2025-04-07 15:04:26.420108,0 days 00:00:27.399583,0.01027954214655237,0.12386487822937128,16,0.17743258185700864,0.013689859663356427,0.004674499002224631,0.043842191297595555,0.01262352233428084,0.07931512678759596,4.330789171036727e-05,26,18,0.09375159912304852,0.07033391344398243,False,False,False,4.767505500649583e-08,COMPLETE
423,0.593920373916626,2025-04-07 15:04:26.549445,2025-04-07 15:04:54.301492,0 days 00:00:27.752047,0.052967414457390886,0.10460306112130631,16,0.08865183844690222,0.01862002024178267,0.05841183509692228,0.04572525386674925,0.010829166164387286,0.08114754152438956,2.7102292436753306e-05,25,48,0.09840250135959516,0.044635994694540444,False,False,False,1.428369970099577e-08,COMPLETE
424,0.10599921345710756,2025-04-07 15:04:54.443397,2025-04-07 15:05:18.637031,0 days 00:00:24.193634,0.07346702467177849,0.08712708572338548,16,0.09901959528856924,0.005811724716146152,0.027528417411553374,0.035017025632821226,0.006873290473723096,0.08409157260921779,3.5939289882430644e-05,24,54,0.09988488051244364,0.05533910713202448,False,True,False,2.766277307528071e-08,COMPLETE
425,0.5774000406265258,2025-04-07 15:05:18.768930,2025-04-07 15:05:46.268603,0 days 00:00:27.499673,0.041660451715640034,0.30569771162980175,16,0.07455813459030647,0.026206276473216425,0.04845690833341258,0.051088902499044325,0.013459396377967812,0.07628816260493984,4.9436297095992934e-05,25,42,0.09670259602270528,0.06461312100802852,False,False,False,5.607941118697531e-08,COMPLETE
426,0.24372766613960267,2025-04-07 15:05:46.399383,2025-04-07 15:06:13.954425,0 days 00:00:27.555042,0.026409656235869126,0.07209632678815103,16,0.0839797224345363,0.1277016726259219,0.00749567320760712,0.04174393775488043,0.008615371526259326,0.08601252947331929,2.167726749011481e-05,26,46,0.0897879701632452,0.04976076327028423,False,False,False,4.027725953439718e-08,COMPLETE
427,0.6107675433158875,2025-04-07 15:06:14.084874,2025-04-07 15:06:41.221932,0 days 00:00:27.137058,0.04665462600477484,0.14941327020574566,16,0.1054132809248132,0.03428570820787175,0.023276197495561635,0.048518655220879656,0.010589352727687351,0.08224848223481575,2.533038171220421e-05,24,52,0.09496600347592786,0.07572114448008004,False,False,False,2.1422973668076085e-08,COMPLETE
428,0.09794223308563232,2025-04-07 15:06:41.363263,2025-04-07 15:07:05.015777,0 days 00:00:23.652514,0.010066318100730672,0.10870540245085307,16,0.07100867782312288,0.24683956012295166,0.017037245956072204,0.03833214404648446,0.015271289671927186,0.07860930091161096,3.1701024640476895e-05,23,40,0.092403810707331,0.0917452623791025,False,False,True,3.3785691092604914e-08,COMPLETE
429,0.6097607970237733,2025-04-07 15:07:05.147597,2025-04-07 15:07:32.490617,0 days 00:00:27.343020,0.0666072181097219,0.17577494952425593,16,0.14030520726068837,0.011098375347129666,0.003215218422152953,0.043474223114463584,0.012255605634965047,0.08034118465551407,4.125406466441967e-05,25,49,0.09996418518663158,0.060301232278351116,False,False,False,7.226656441979546e-08,COMPLETE
430,0.5153362631797791,2025-04-07 15:07:32.624115,2025-04-07 15:07:59.182673,0 days 00:00:26.558558,0.09024098792831736,0.13456325349084544,16,0.0919656086933393,0.021243954054287053,0.0897444189777619,0.03999829965865355,0.0057114127399865555,0.08373366608180634,3.63770008569832e-05,23,44,0.09745700567847818,0.06953034711452759,False,False,False,1.0469426186604653e-07,COMPLETE
431,0.5941763877868653,2025-04-07 15:07:59.325150,2025-04-07 15:08:26.270389,0 days 00:00:26.945239,0.03750099741897468,0.08691944044348696,16,0.09676446643660341,0.044483060518957465,0.025306472170012025,0.04745417968451703,0.009169287771547388,0.07732164919641837,1.842782716512142e-05,24,46,0.09458107108059811,0.08019112445634557,False,False,False,1.3195386153858038e-08,COMPLETE
432,0.3890062391757966,2025-04-07 15:08:26.404064,2025-04-07 15:08:53.997044,0 days 00:00:27.592980,0.058955960102116386,0.10989926523533058,16,0.08249878350984993,0.18982350499124664,0.03175810367342443,0.05144973760501379,0.013997924166794537,0.07384528777551311,2.796634708260811e-05,25,42,0.09660825138930824,0.08501308729829858,False,False,False,2.560742974290893e-08,COMPLETE
433,0.11529836803674699,2025-04-07 15:08:54.129984,2025-04-07 15:09:18.629440,0 days 00:00:24.499456,0.010070569434228932,0.15432409802872096,16,0.0885701069834117,0.027292928786128733,0.05620418213107611,0.04494590539691303,0.011469899031820198,0.09411472998028823,5.249706003683156e-05,26,35,0.09157501786870766,0.053952194897722856,False,True,False,1.8191721249917533e-08,COMPLETE
434,0.25233429074287417,2025-04-07 15:09:18.775065,2025-04-07 15:09:46.123391,0 days 00:00:27.348326,0.028215263902878325,0.0674592873466958,16,0.11036286612682428,0.1038917261225723,0.0051837374099980415,0.03678978968483326,0.00754739180823155,0.08786958106680902,2.3161931561596845e-05,25,50,0.0933833498126045,0.06567336898631891,False,False,False,4.527149662121632e-08,COMPLETE
435,0.6020064473152161,2025-04-07 15:09:46.257606,2025-04-07 15:10:13.354492,0 days 00:00:27.096886,0.08021700712343734,0.18424836978619927,16,0.07910311616720431,0.016748502784845513,0.018318166703362684,0.05395454062357271,0.015695207008115587,0.08105046575702882,3.171553353332564e-05,24,39,0.09594165608787035,0.07287016666974805,False,False,False,5.89894070397814e-08,COMPLETE
436,0.6106661200523377,2025-04-07 15:10:13.487020,2025-04-07 15:10:41.261257,0 days 00:00:27.774237,0.049324779996499035,0.12944513822677145,16,0.1509958677528238,0.03779557316238112,0.022272240338981952,0.04272535491841631,0.009634749790471256,0.08542867726400835,7.046353170429296e-05,26,47,0.09795895418034767,0.039639423539103824,False,False,False,2.9717367604651136e-08,COMPLETE
437,0.5618983745574951,2025-04-07 15:10:41.411751,2025-04-07 15:11:07.479867,0 days 00:00:26.068116,0.029663939714377256,0.09962451451987289,16,0.09202837384418601,0.022469764772197285,0.05082353883519913,0.0495459925511592,0.017514605592703365,0.0789756797961324,1.5493151169481188e-05,22,44,0.08793101684910744,0.060414871203847885,False,False,False,8.488636680882006e-08,COMPLETE
438,0.6113882899284363,2025-04-07 15:11:07.614478,2025-04-07 15:11:35.392811,0 days 00:00:27.778333,0.05765010837439778,0.1573757054545334,16,0.12482971035623106,0.031091463639300723,0.011772584215380931,0.016211256200417287,0.0029174979109430656,0.08245785933775092,4.193573121319619e-05,25,54,0.09432515419194969,0.04806910626535556,False,False,False,2.1231812890895037e-08,COMPLETE
439,0.6439146161079408,2025-04-07 15:11:35.528275,2025-04-07 15:12:03.468577,0 days 00:00:27.940302,0.030069619523189713,0.08189109383544232,16,0.10425070230480439,0.009613637759086077,0.026481076352434754,0.046555352957715936,0.011789428814068057,0.07614525870929635,2.6512561223611644e-05,26,48,0.0907791546565879,0.07793377932725898,False,False,False,3.876845486215886e-08,COMPLETE
440,0.09069270193576813,2025-04-07 15:12:03.613417,2025-04-07 15:12:30.855035,0 days 00:00:27.241618,0.09405305107794246,0.07060067663029868,16,0.10461843672658101,0.0027340005139917713,0.02607738158757369,0.04775876513537235,0.013255106990614525,0.07478641491078983,2.074635959776588e-05,26,51,0.08381626574270935,0.07899237716657392,False,False,False,5.688158870719595e-08,COMPLETE
441,0.410022383928299,2025-04-07 15:12:30.989535,2025-04-07 15:12:51.742272,0 days 00:00:20.752737,0.07223041624618388,0.08378945969057122,16,0.11727053708015497,0.008601034334557103,0.029052267701210766,0.023914542483017595,0.011412923099568718,0.07634012326454391,2.472803258212649e-05,9,48,0.09772020749327635,0.16727373269980747,False,False,False,4.0220891492228046e-08,COMPLETE
442,0.12722095251083376,2025-04-07 15:12:51.880046,2025-04-07 15:13:16.510035,0 days 00:00:24.629989,0.041034672998127075,0.05977033840034092,16,0.10172915076153613,0.004574577551179033,0.026552518363275514,0.05119097952279749,0.014535727005687941,0.07258110199798931,1.8173168777045877e-05,26,53,0.06274981436605857,0.08542900326436745,False,True,False,1.5661817711229206e-08,COMPLETE
443,0.6224069595336914,2025-04-07 15:13:16.655423,2025-04-07 15:13:44.423822,0 days 00:00:27.768399,0.04723204651931868,0.09200472213538297,16,0.10831387062506767,0.010824026052642136,0.024326309402978603,0.05421556974151466,0.012633168620888617,0.08920539074640675,2.7131724598021946e-05,26,47,0.0892994856233149,0.09124114261092076,False,False,False,4.941997143424328e-08,COMPLETE
444,0.5861688733100892,2025-04-07 15:13:44.559691,2025-04-07 15:14:12.448372,0 days 00:00:27.888681,0.02868374557380609,0.10500904926226778,16,0.11099963307723403,0.07362702529781974,0.028023799604045566,0.05451567074674402,0.011180343914653354,0.09094675503772086,2.708477515044407e-05,26,50,0.08721701364676276,0.09440185601128852,False,False,False,4.0191782807617345e-08,COMPLETE
445,0.6182823896408082,2025-04-07 15:14:12.596864,2025-04-07 15:14:39.850448,0 days 00:00:27.253584,0.04373648451781199,0.0961454595697047,16,0.11509945519961315,0.009723440013864723,0.024881481108195717,0.040434922754557096,0.015885810780928128,0.08876764305992034,2.199913848767733e-05,24,48,0.0893586762382547,0.09053464382456719,False,False,False,2.766069655059535e-08,COMPLETE
446,0.3897817194461823,2025-04-07 15:14:39.990261,2025-04-07 15:15:06.896441,0 days 00:00:26.906180,0.04097861206283916,0.11663863371224435,16,0.12187032437834636,0.005225488091138715,0.024533861271285984,0.040222958617725034,0.018506096052308806,0.0920045256359355,2.1563876572295933e-05,23,54,0.08518383348368627,0.09317685314286173,False,False,False,2.5542280411335287e-08,COMPLETE
447,0.09069270193576813,2025-04-07 15:15:07.036078,2025-04-07 15:15:33.234072,0 days 00:00:26.197994,0.011038352448009466,0.13535827326430847,16,0.11679134532655895,0.0006939153683258037,0.022759281945402665,0.03780955741661696,0.016393895426003065,0.08945578145351475,1.7806020951724488e-05,24,49,0.08771667798301774,0.08641720273286549,False,False,False,1.838964941356139e-08,COMPLETE
