number,value,datetime_start,datetime_complete,duration,params_alpha-eval,params_alpha-train,params_batch-size,params_eps-eval,params_eps-train,params_lambda-actions-eval,params_lambda-actions-train,params_lambda-frames-eval,params_lambda-frames-train,params_learning-rate,params_n-epochs,params_n-frames,params_radius-gw,params_rho,params_std-feats,params_ub-actions,params_ub-frames,params_weight-decay,state
1568,0.56944580078125,2025-04-07 23:33:59.300519,2025-04-07 23:34:53.474417,0 days 00:00:54.173898,0.02911059065911898,0.08604903584022407,2,0.16856757140540898,0.00019747610295686269,0.026731582768007578,0.013377359608707388,0.0767037879437027,0.05485352082385673,0.00025176224202764374,13,37,0.06053233715159962,0.2834954865507482,False,False,True,3.0448126844619424e-06,COMPLETE
1569,0.7379342555999756,2025-04-07 23:34:53.976496,2025-04-07 23:35:19.488491,0 days 00:00:25.511995,0.03904846071417327,0.08294849863234263,8,0.1764087853733779,0.013819026840453028,0.027026952511480712,0.011347750057899005,0.07649318917230882,0.049526136236867316,0.00017141609098267062,13,36,0.0623431578100812,0.2769001712477271,False,False,True,5.24446395891732e-06,COMPLETE
1570,0.5712534666061402,2025-04-07 23:35:19.982805,2025-04-07 23:35:45.351834,0 days 00:00:25.369029,0.051960084994510394,0.058448385872976696,8,0.17386286343307011,0.010422190624275539,0.030445626992083866,0.011273622993385548,0.0776613923519906,0.05155312264668954,0.00020493239616794554,13,42,0.06740382713508442,0.26950234288004477,False,False,True,6.08420337116104e-06,COMPLETE
1571,0.5709147214889526,2025-04-07 23:35:45.875130,2025-04-07 23:36:10.814733,0 days 00:00:24.939603,0.04509421884845155,0.0772690906047949,8,0.17737863035262152,0.01078823779704999,0.029060717151357225,0.01133688639647136,0.07608813456082791,0.04979436522737038,0.00018449960039413864,13,45,0.061919793945013735,0.275397882351649,False,False,True,6.728737010366903e-06,COMPLETE
1572,0.569389009475708,2025-04-07 23:36:11.320848,2025-04-07 23:36:36.497130,0 days 00:00:25.176282,0.05368309550949569,0.06683732232916176,8,0.1819924946369577,0.005671025462165753,0.0318697051518732,0.012359969080045684,0.07752328916866356,0.05240440823898115,0.00016437796878454087,13,38,0.06436919625438241,0.2747171561897453,False,False,True,8.33661118235046e-06,COMPLETE
1573,0.12891135811805726,2025-04-07 23:36:36.999051,2025-04-07 23:37:02.001735,0 days 00:00:25.002684,0.05870753085751915,0.07380997824973135,8,0.17922855189238895,0.012277222297472388,0.02795705719758997,0.010858624271245423,0.0751713049740966,0.05071944383922252,0.00018893316371232694,13,41,0.06301169836928146,0.2686558917911662,False,True,True,9.534119052915137e-06,COMPLETE
1574,0.6044458150863647,2025-04-07 23:37:02.524051,2025-04-07 23:37:28.067820,0 days 00:00:25.543769,0.046965914099273455,0.03892808990579649,8,0.1760061247715897,0.004939248498607263,0.028012014750055228,0.011693020088617783,0.07632832846925719,0.05378424601561434,0.00020660731640496322,13,40,0.06592262358811724,0.2804037457553811,False,False,True,7.636758894785076e-06,COMPLETE
1575,0.4564802646636963,2025-04-07 23:37:28.566138,2025-04-07 23:37:53.927287,0 days 00:00:25.361149,0.07057195551425792,0.08688093427957148,8,0.18638165694643807,0.00029863915195156056,0.029075792847690955,0.013328205758857563,0.07560028264039112,0.055237423194831686,0.00013969226250000634,13,37,0.06250950616480516,0.27485291934911615,True,False,True,5.245026351997607e-06,COMPLETE
1576,0.398512214422226,2025-04-07 23:37:54.426136,2025-04-07 23:38:19.802100,0 days 00:00:25.375964,0.03874942370001423,0.05042611234307702,8,0.1758993618485668,0.016108362196198645,0.02756004968238061,0.010798872600201313,0.07412392094700099,0.049288533016033996,0.0002343520941850286,13,79,0.06520325130255056,0.2791718390559091,False,False,True,5.630455019031355e-06,COMPLETE
1577,0.7175633788108826,2025-04-07 23:38:20.322885,2025-04-07 23:38:45.741826,0 days 00:00:25.418941,0.05953003852614383,0.0869444467465397,8,0.1688568088513905,0.006446679007714547,0.0363394335809206,0.013457929910574502,0.07682013392829572,0.052086044570401085,0.00017107871671181128,13,36,0.06030178929611473,0.2686919572071911,False,False,True,5.220170607908475e-06,COMPLETE
1578,0.5710196018218995,2025-04-07 23:38:46.243526,2025-04-07 23:39:11.282273,0 days 00:00:25.038747,0.043105769937536856,0.06558199854940903,8,0.18467405167773052,0.011734535310911304,0.02923642235765796,0.013379617167920755,0.07442280971674303,0.057886655708082206,0.0001891106549933348,13,45,0.05951534259160416,0.2751250643090882,False,False,True,4.221989914199205e-06,COMPLETE
1579,0.6099972486495973,2025-04-07 23:39:11.781224,2025-04-07 23:39:36.209194,0 days 00:00:24.427970,0.07943771580509473,0.0876702821494068,8,0.17411723301253487,0.016463464384939924,0.02748560062827838,0.011028049416018464,0.07760587807706579,0.055000692959133714,0.00012963657887186643,13,10,0.061274856181572135,0.28225808431132815,False,False,True,7.672907800592555e-06,COMPLETE
1580,0.600384545326233,2025-04-07 23:39:36.735395,2025-04-07 23:40:01.802618,0 days 00:00:25.067223,0.041759984851102695,0.0507074331194254,8,0.17199890248405042,0.006205118474992314,0.027636216796395965,0.011411795079582635,0.07318943516065328,0.04877443897908107,0.00016531708918448787,13,40,0.06385376663843831,0.2787713109502044,False,False,True,4.710566020405282e-06,COMPLETE
1581,0.7548863530158998,2025-04-07 23:40:02.309293,2025-04-07 23:40:27.838342,0 days 00:00:25.529049,0.06420176004703441,0.10508868963595706,8,0.1726968479110043,0.011881047703280564,0.025683284167195085,0.012665254902950797,0.07449067437860243,0.05237343242354535,0.0002677369282118043,13,36,0.05942521415235984,0.2850585056908344,False,False,True,5.927954229750648e-06,COMPLETE
1582,0.5709987044334411,2025-04-07 23:40:28.337836,2025-04-07 23:40:53.354290,0 days 00:00:25.016454,0.08781581783303484,0.09672067674626988,8,0.17215164941789363,0.005131765612488369,0.030377652276807603,0.011143177138286891,0.07734313118450199,0.05815129742517168,0.0001544246279705853,13,42,0.0601732020848448,0.2734159549353538,False,False,True,6.0123839150527435e-06,COMPLETE
1583,0.47846370935440063,2025-04-07 23:40:53.877231,2025-04-07 23:41:19.494096,0 days 00:00:25.616865,0.07283528008344455,0.07122034706837334,8,0.17850985980551137,0.010614429675059038,0.0264571783859878,0.0131064207471698,0.07745824470422,0.05068409577612634,0.0001527093877506856,13,112,0.058984959352771954,0.2682512071308389,False,False,True,6.2634419420970445e-06,COMPLETE
1584,0.5573850512504578,2025-04-07 23:41:19.994865,2025-04-07 23:41:45.142779,0 days 00:00:25.147914,0.09489051013304393,0.09710156432174899,8,0.1900949283116774,0.004931664800197877,0.02695508356870245,0.013630430376849714,0.0762276469844763,0.05342488818888903,0.00015600996278555758,13,39,0.061534288644860324,0.2770074025305346,False,False,True,7.4575082698003805e-06,COMPLETE
1585,0.5369479060173035,2025-04-07 23:41:45.647364,2025-04-07 23:42:10.617201,0 days 00:00:24.969837,0.030434971424681403,0.08475041266342559,8,0.18117533218640008,0.009561130003453672,0.03214385568711334,0.010944896774027194,0.07429530420419418,0.059353106588249084,0.00023739101232043468,13,41,0.05837358071794024,0.28224231617359985,False,False,True,7.576335777679245e-06,COMPLETE
1586,0.21540416181087496,2025-04-07 23:42:11.143665,2025-04-07 23:42:36.222034,0 days 00:00:25.078369,0.7962268859251227,0.10281869305291641,8,0.17726254662020274,0.00038303365050969,0.02949446496301037,0.01265638911932605,0.07509237698516984,0.05642018145715683,0.00020057638228366035,13,37,0.0627207290120425,0.28407463579793424,False,False,True,4.979275454379084e-06,COMPLETE
1587,0.33933419585227964,2025-04-07 23:42:36.732530,2025-04-07 23:43:01.959657,0 days 00:00:25.227127,0.35635953961937683,0.07180984734696813,8,0.1849688290550015,0.012027385763295893,0.026105211134627732,0.011014772492271677,0.0761256671616935,0.049107341835137264,0.00023205638179879905,13,44,0.059963505714108814,0.2751512593633945,False,False,True,5.341310265155582e-06,COMPLETE
1588,0.574753749370575,2025-04-07 23:43:02.492250,2025-04-07 23:43:27.643112,0 days 00:00:25.150862,0.058780342691687484,0.04825535708172734,8,0.17236739899716957,0.005872180496897734,0.027417549234609144,0.013825542934269502,0.0737468601046206,0.052657323837686204,0.0001270163241305188,13,37,0.05863854413412871,0.26967172968168374,False,False,True,4.092186425742348e-06,COMPLETE
1589,0.5710121512413026,2025-04-07 23:43:28.157432,2025-04-07 23:44:21.886608,0 days 00:00:53.729176,0.030494202142475793,0.0991546307075257,2,0.17192731143896806,0.0001608730932747154,0.034902837963607436,0.010981474116683139,0.0770665899153886,0.05974053777765709,0.0002480359889913742,13,39,0.0630441107034174,0.28388532426649604,False,False,True,1.0302338839295203e-05,COMPLETE
1590,0.7250546932220459,2025-04-07 23:44:22.389997,2025-04-07 23:44:47.585559,0 days 00:00:25.195562,0.07991937925007582,0.08598787750746995,8,0.1691003788232886,0.01461453076263651,0.026444026235011072,0.01430927686871855,0.07934344656627161,0.056163415841357756,0.00018131940089753667,13,36,0.06123382369491887,0.27837069241406015,False,False,True,5.718010808310262e-06,COMPLETE
1591,0.5356833815574646,2025-04-07 23:44:48.117681,2025-04-07 23:45:13.073861,0 days 00:00:24.956180,0.05853550271331641,0.10652434893405538,8,0.1757362310388376,0.013090407096753142,0.030902437904720113,0.013330090326321285,0.07367340132531242,0.05466400928527737,0.00026190519627401234,13,43,0.06713052406263437,0.2846758863291869,False,False,True,7.088277172303713e-06,COMPLETE
1592,0.15236850976943972,2025-04-07 23:45:13.587654,2025-04-07 23:45:38.461650,0 days 00:00:24.873996,0.03982376655593209,0.07168618626066224,8,0.16814146013014292,0.0061849654743848055,0.0259875398486161,0.010979328838267762,0.07464357022796154,0.05091353615039259,0.000273405376533732,13,40,0.05861368115091237,0.27469879846865525,False,True,True,8.971353634338099e-06,COMPLETE
1593,0.7453815817832947,2025-04-07 23:45:38.967682,2025-04-07 23:46:04.013777,0 days 00:00:25.046095,0.07474646830805537,0.10913739640413454,8,0.18081420883462698,0.0168599944448685,0.02883941481707123,0.014011579457951527,0.0748645549427301,0.0483970701828199,0.00028175238225629554,13,36,0.06511671759408419,0.2807754318081013,False,False,True,3.6033042718308904e-06,COMPLETE
1594,0.4399549841880799,2025-04-07 23:46:04.540648,2025-04-07 23:46:29.231482,0 days 00:00:24.690834,0.09683462306481805,0.04484944151305279,8,0.19150287553258652,0.010903891706916049,0.030200575530095964,0.014688777925298742,0.07878729356065695,0.0502553619792738,0.00022348216969386822,12,45,0.06632168399673155,0.2852851759469258,True,False,True,4.230783731688717e-06,COMPLETE
1595,0.5436057090759278,2025-04-07 23:46:29.756054,2025-04-07 23:46:54.657554,0 days 00:00:24.901500,0.10692651954953718,0.10108714858457384,8,0.1897223400612538,0.016155148430809344,0.030055438494003446,0.01292454427085834,0.07769284062506468,0.0489590492910382,0.00019601939223250277,12,41,0.06904764954914783,0.2857105149198159,False,False,True,3.83992686202097e-06,COMPLETE
1596,0.559827482700348,2025-04-07 23:46:55.162923,2025-04-07 23:47:20.467643,0 days 00:00:25.304720,0.0969144659924114,0.08108664705988822,8,0.1990878774880941,0.005417598276463117,0.027027221283235293,0.01467867104822764,0.07807059114910918,0.05196778412227791,0.0002113341842218307,13,37,0.06512075991452172,0.28149730378836135,False,False,True,4.927996025708591e-06,COMPLETE
1597,0.5784804821014404,2025-04-07 23:47:20.996051,2025-04-07 23:47:45.895632,0 days 00:00:24.899581,0.09067554376982012,0.06376409883109085,8,0.18348899787200315,0.011237322564803982,0.02858707181900126,0.011238441117260394,0.07624088828963842,0.05290511667840825,0.00028065208419514375,12,39,0.06444021279838862,0.2856345539615652,False,False,True,4.649985089057158e-06,COMPLETE
1598,0.5400224208831788,2025-04-07 23:47:46.409851,2025-04-07 23:48:11.573772,0 days 00:00:25.163921,0.11750640713454089,0.09576809900429803,8,0.18450748218040972,0.01682577542509285,0.03186109149140223,0.01431955363460757,0.07425401020275524,0.04931128019380565,0.00017020057314294764,13,41,0.06784696524522087,0.2702910620756847,False,False,True,3.909309124762119e-06,COMPLETE
1599,0.7422791481018066,2025-04-07 23:48:12.105527,2025-04-07 23:48:37.171545,0 days 00:00:25.066018,0.08162839316211927,0.06955575127407781,8,0.16679849053259158,0.010326054009992322,0.026249322770061194,0.01264182035247026,0.07891127920401844,0.05402078043245177,0.00026390428246345863,13,36,0.06583439714327101,0.27880841685940067,False,False,True,3.5621920283808763e-06,COMPLETE
1600,0.5698817253112793,2025-04-07 23:48:37.690244,2025-04-07 23:49:02.189281,0 days 00:00:24.499037,0.07502859543260271,0.05828194896907842,8,0.17916554200981444,0.00019409614919102536,0.02816167539550963,0.011544229697806118,0.07695913471459119,0.05510537883211077,0.00019984534490953857,12,38,0.07009991592465471,0.2696183896554106,False,False,True,6.22841354596183e-06,COMPLETE
1601,0.5707789778709412,2025-04-07 23:49:02.696642,2025-04-07 23:49:27.677034,0 days 00:00:24.980392,0.07746180341033426,0.03745725713948707,8,0.1793594563429259,0.005916036525998639,0.028662676576132515,0.011564772917684943,0.07790104711506969,0.05776368724845226,0.00022715319613629092,13,43,0.07042840921683832,0.2744922878703319,False,False,True,5.466417245674291e-06,COMPLETE
1602,0.7182822108268738,2025-04-07 23:49:28.205276,2025-04-07 23:49:53.382612,0 days 00:00:25.177336,0.08174213841241336,0.060075387476620924,8,0.18028611538917708,0.005786434055001639,0.03300378553411718,0.012429280527791693,0.07807983827002499,0.053914956510328994,0.0002395074798272764,13,36,0.06815402520829168,0.2762229906789915,False,False,True,3.654107781701228e-06,COMPLETE
1603,0.5857496738433838,2025-04-07 23:49:53.895878,2025-04-07 23:50:19.011494,0 days 00:00:25.115616,0.06943529024052769,0.04987574964629661,8,0.18674049049108882,0.010539068054433626,0.026134486594362166,0.010703546180846417,0.07997627731613646,0.05672903239402557,0.00016647365122404506,13,39,0.06730221325736145,0.2680749437902108,False,False,True,4.248940677980142e-06,COMPLETE
1604,0.7003746271133423,2025-04-07 23:50:19.517592,2025-04-07 23:50:43.791768,0 days 00:00:24.274176,0.07165625622018736,0.07756496637266447,8,0.1747376029468513,0.005747482685349938,0.0291210446654189,0.01483407189357585,0.07821242874849917,0.05512998514890007,0.00027756183632612647,12,35,0.06581923670118857,0.27878294824691924,False,False,True,5.532023746377221e-06,COMPLETE
1605,0.5711907267570496,2025-04-07 23:50:44.322131,2025-04-07 23:51:09.785384,0 days 00:00:25.463253,0.06587925439247994,0.04393552138208533,8,0.1770381133998261,0.011223860973175431,0.02533758914057889,0.010199483830069396,0.07605745169231999,0.05752669185081611,0.00021630538414067822,13,46,0.06671073376772309,0.27888877945508,False,False,True,1.13432670441652e-05,COMPLETE
1606,0.5700372219085693,2025-04-07 23:51:10.294321,2025-04-07 23:51:34.811575,0 days 00:00:24.517254,0.10227795068436955,0.06209093155372489,8,0.1717240432375197,0.010322289538736382,0.028607915341091528,0.012717623843007734,0.07935058863423784,0.053216285376537165,0.0001364351599405039,12,42,0.06583173282504444,0.2734109186146567,False,False,True,3.6815612947277847e-06,COMPLETE
1607,0.5698717474937439,2025-04-07 23:51:35.320929,2025-04-07 23:52:00.871820,0 days 00:00:25.550891,0.0868221474461589,0.08051446466943052,8,0.19572780283236435,0.00040240134708032296,0.02595423648336056,0.014550865302095465,0.07980986871013408,0.059502146868929816,0.00026389340114128763,13,37,0.06488913462292907,0.2791165308837983,False,False,True,6.457653087421914e-06,COMPLETE
1608,0.754385268688202,2025-04-07 23:52:01.404345,2025-04-07 23:52:25.673632,0 days 00:00:24.269287,0.06537365221260831,0.10241421551358627,8,0.1692024956964023,0.0074766087567711735,0.03095113687589044,0.014861792994449747,0.07866937674216469,0.055122744515360554,0.0002846748672091745,12,36,0.06394629436479465,0.27396456589984336,False,False,True,3.26051536819588e-06,COMPLETE
1609,0.5763835191726685,2025-04-07 23:52:26.188773,2025-04-07 23:52:51.066719,0 days 00:00:24.877946,0.10312993281161116,0.10940263911934839,8,0.16611707914792903,0.005246561603884314,0.029673522834348865,0.015195425488633348,0.08104049190884013,0.05528014988733999,0.00029135236892510833,12,39,0.06975059143427248,0.26729266597435175,False,False,True,3.2890725832787308e-06,COMPLETE
1610,0.4850873231887818,2025-04-07 23:52:51.601796,2025-04-07 23:53:16.854703,0 days 00:00:25.252907,0.1225291658095127,0.11226530572768573,8,0.17117111367895052,0.005868011948364967,0.03408711820267462,0.014975437883460722,0.0756758030761686,0.056231777836788635,0.00029411427005925555,12,131,0.06576926436490803,0.2712222826508217,False,False,True,3.121660054060984e-06,COMPLETE
1611,0.13509647250175477,2025-04-07 23:53:17.370159,2025-04-07 23:54:09.617495,0 days 00:00:52.247336,0.7439176771018392,0.11104998291105582,2,0.16516953751016775,0.004309102311055753,0.032268606248282435,0.01502943792970681,0.0747490793699171,0.057243960271087975,0.00026098399642052666,12,35,0.06444948414073379,0.281508671353536,False,True,True,3.4124992134453385e-06,COMPLETE
1612,0.5914889812469483,2025-04-07 23:54:10.130747,2025-04-07 23:54:34.386483,0 days 00:00:24.255736,0.09943552874010327,0.11012543140424086,8,0.1698768242042644,0.005108371018899752,0.025953468479436265,0.014753802824387381,0.07857512113801365,0.05857438218516063,0.0002805937236373478,12,41,0.06937129212061385,0.2674359382926384,False,False,True,3.142574341901941e-06,COMPLETE
1613,0.3561392605304718,2025-04-07 23:54:34.923639,2025-04-07 23:54:59.524220,0 days 00:00:24.600581,0.08245231530608024,0.09690504010101786,8,0.1667918733116294,0.010647910800527221,0.025282589717921997,0.013277000885466444,0.08072992219610639,0.05453387740888057,0.00029696529009987934,12,35,0.06351430083998182,0.2851507529182274,True,False,True,3.901759161599687e-06,COMPLETE
1614,0.3077586591243744,2025-04-07 23:55:00.044332,2025-04-07 23:55:24.665485,0 days 00:00:24.621153,0.6345326209182761,0.11358217227652173,8,0.1672261861217916,0.004738041451680001,0.030951454067650652,0.01532347175714458,0.07814114913633177,0.06002199379090588,0.00023912297770222084,12,38,0.06876455883055743,0.275534687737111,False,False,True,3.2590117258877584e-06,COMPLETE
1615,0.7272732377052308,2025-04-07 23:55:25.180329,2025-04-07 23:55:50.309900,0 days 00:00:25.129571,0.07654535930890352,0.08918841048898848,8,0.17250012097671957,0.0003969095858103299,0.027977170779539467,0.013178636967549548,0.0792872947503371,0.05596413667764094,0.0003130697008584135,13,36,0.06698328054803852,0.281863704844027,False,False,True,3.8100755490822095e-06,COMPLETE
1616,0.6027700304985046,2025-04-07 23:55:50.845714,2025-04-07 23:56:15.323398,0 days 00:00:24.477684,0.11210151778953562,0.10994382897744756,8,0.18205608000048207,0.010475331577917342,0.028226559185055743,0.015710148064600974,0.07553208697117067,0.057603105419987026,0.0003165868274719702,12,42,0.06429762062797116,0.28569375624257304,False,False,True,2.742162345289617e-06,COMPLETE
1617,0.578605318069458,2025-04-07 23:56:15.837982,2025-04-07 23:56:40.885151,0 days 00:00:25.047169,0.06322351425245354,0.1125535773416851,8,0.16863949951627402,0.010155344993669243,0.030807831124757268,0.015555514511271112,0.07396252398501989,0.05381494891300119,0.00024731197053172574,13,39,0.06316332459018476,0.2731343574686118,False,False,True,2.7882418391326217e-06,COMPLETE
1618,0.7008156418800354,2025-04-07 23:56:41.428738,2025-04-07 23:57:06.598052,0 days 00:00:25.169314,0.08762762490158388,0.07574758940093654,8,0.1742061363086909,0.00024686159643160996,0.025052404421617575,0.013940878095234052,0.0804979721392354,0.05535390937777978,0.0003113686007491741,13,35,0.06539187621517703,0.28041123856613726,False,False,True,3.785812149050148e-06,COMPLETE
1619,0.5877946376800538,2025-04-07 23:57:07.121269,2025-04-07 23:57:27.051569,0 days 00:00:19.930300,0.06029169430046863,0.11819446967802634,8,0.16548299752581586,0.014799483339754223,0.027489610498725437,0.012881451837407253,0.07329051408119885,0.06032516152750077,0.00022788347458843497,5,39,0.06213899104637821,0.2872165356331508,False,False,True,4.598196878270819e-06,COMPLETE
1620,0.7258787155151367,2025-04-07 23:57:27.571874,2025-04-07 23:57:52.099409,0 days 00:00:24.527535,0.08716643599354165,0.09395071138921073,8,0.16447542305560856,0.015028576602852685,0.03566902522738686,0.0159221822357581,0.07628652077313926,0.057953460521290884,0.00030962956043827707,12,36,0.05810383099737218,0.2731535698210539,False,False,True,2.677854161222209e-06,COMPLETE
1621,0.4966851353645325,2025-04-07 23:57:52.636756,2025-04-07 23:58:17.664095,0 days 00:00:25.027339,0.2801935546038547,0.075323468378246,8,0.17728359418224113,0.00943041642333395,0.025280175402683416,0.012957049668889827,0.0761334407872159,0.053415391343565384,0.0003183052527066203,13,44,0.0678801555349791,0.26752227511706245,False,False,True,4.56017295389974e-06,COMPLETE
1622,0.5706029415130616,2025-04-07 23:58:18.183097,2025-04-07 23:58:43.122175,0 days 00:00:24.939078,0.06996533484276057,0.12158454424938206,8,0.18406436684588443,0.005341399564877468,0.030129936337289366,0.015953518729838738,0.07952898837655079,0.05679473323145769,0.0002505610502620863,13,38,0.06207689928188252,0.28589024926655204,False,False,True,3.1728207783056422e-06,COMPLETE
1623,0.2859760046005249,2025-04-07 23:58:43.640422,2025-04-07 23:59:08.537120,0 days 00:00:24.896698,0.5544363275732195,0.042395581582401656,8,0.16559300677965538,0.016433081295304217,0.027000018155247413,0.010458149793843475,0.0788775344073635,0.06114243453761689,0.00027782342000914667,12,116,0.060243139170810894,0.2795704363746415,False,False,True,2.5628832642525127e-06,COMPLETE
