number,value,datetime_start,datetime_complete,duration,params_alpha-eval,params_alpha-train,params_batch-size,params_eps-eval,params_eps-train,params_lambda-actions-eval,params_lambda-actions-train,params_lambda-frames-eval,params_lambda-frames-train,params_learning-rate,params_n-epochs,params_n-frames,params_radius-gw,params_rho,params_std-feats,params_ub-actions,params_ub-frames,params_weight-decay,state
280,0.6123498201370239,2025-04-07 13:47:24.855650,2025-04-07 13:49:04.404873,0 days 00:01:39.549223,0.06876279957448381,0.12617412714348775,2,0.09069952538452146,0.034478256246580394,0.00849696318436765,0.048075183553676154,0.007748009560329012,0.08408154650221224,1.711063078077492e-05,25,36,0.09290723148115727,0.04103595216379807,True,False,False,3.9374881920526084e-08,COMPLETE
281,0.5528544664382935,2025-04-07 13:49:04.492606,2025-04-07 13:50:40.945050,0 days 00:01:36.452444,0.014533619964401487,0.10974814653847409,2,0.08089464300556548,0.027549678390374283,0.08715392900933341,0.04649637136276089,0.009668576143490308,0.08259722192396021,2.310802758530557e-05,24,40,0.09469393662095432,0.05934578638257245,True,False,False,2.1412243032202133e-08,COMPLETE
282,0.18043030500411988,2025-04-07 13:50:41.031964,2025-04-07 13:52:08.091589,0 days 00:01:27.059625,0.04471354096418885,0.09677639396659526,2,0.09987608708022463,0.24174377278480325,0.08945985066486756,0.048787920896913174,0.004387653104945533,0.0790248244014757,1.1875414624074338e-05,25,43,0.09038440800546718,0.04713531156802127,True,True,False,2.8650552468848316e-08,COMPLETE
283,0.6126930832862855,2025-04-07 13:52:08.180488,2025-04-07 13:53:48.519707,0 days 00:01:40.339219,0.05835610853649588,0.1410296013230929,2,0.09213664891023289,0.022885498490625687,0.0846462772145993,0.043233031947538324,0.006763260046653419,0.08425242724535592,1.3487595059922035e-05,25,41,0.09621193826297071,0.06617555174353722,True,False,False,4.064128316680537e-08,COMPLETE
284,0.6040507555007935,2025-04-07 13:53:48.619188,2025-04-07 13:55:29.108349,0 days 00:01:40.489161,0.06581681319106851,0.14220308475351143,2,0.08511778725988484,0.04133987808398779,0.004219182689388069,0.043781629227693325,0.01166081787329343,0.08487627568391384,2.4214585762538845e-05,25,33,0.09763957386137663,0.07747994628188795,True,False,False,4.391586149429974e-08,COMPLETE
285,0.6126296639442445,2025-04-07 13:55:29.198117,2025-04-07 13:57:06.588678,0 days 00:01:37.390561,0.057996514033012314,0.12114804908925553,2,0.07900424444855973,0.029510530244981518,0.021714406666452538,0.050188302380989466,0.009312584355934631,0.08037762437225951,1.955929578784621e-05,24,41,0.09284115022231636,0.06727213281379488,True,False,False,3.703334288166188e-08,COMPLETE
286,0.6090598225593568,2025-04-07 13:57:06.681539,2025-04-07 13:58:43.945295,0 days 00:01:37.263756,0.0723027110758546,0.16794518430179534,2,0.0786179050628699,0.03382440928061968,0.02694609750847086,0.050476682541429584,0.00882701744630287,0.08122429553701753,1.8794024299595996e-05,24,40,0.09279731963437968,0.06455471681379438,True,False,False,3.745748894665325e-08,COMPLETE
287,0.6111924529075623,2025-04-07 13:58:44.033942,2025-04-07 14:00:20.472826,0 days 00:01:36.438884,0.05044616987734933,0.13953573826650015,2,0.0906715915487745,0.029047828375315308,0.038357808472987406,0.04975501366827227,0.003706042001559204,0.08489039570534244,1.4442828382611648e-05,24,36,0.0998846119226674,0.06844114569645869,True,False,False,4.639105573005483e-08,COMPLETE
288,0.6132012724876404,2025-04-07 14:00:20.572972,2025-04-07 14:02:00.769385,0 days 00:01:40.196413,0.020532370878874218,0.12332100993444821,2,0.08237891357866564,0.02301257218695655,0.007637845028613583,0.04499027414901099,0.006640075739666996,0.08015846404017717,3.176994531735873e-05,25,43,0.09187957298902968,0.07083564546185915,True,False,False,3.417960910526513e-08,COMPLETE
289,0.607725191116333,2025-04-07 14:02:00.859875,2025-04-07 14:03:44.879748,0 days 00:01:44.019873,0.011073536859651203,0.12547292326542003,2,0.0805145277181431,0.03986167186015306,0.016109340843844668,0.04323326462910926,0.005892051339819218,0.07985704825184416,3.157998057305848e-05,26,30,0.09123175497172792,0.07908521995045906,True,False,False,3.231908738166558e-08,COMPLETE
290,0.6339296460151673,2025-04-07 14:03:44.969143,2025-04-07 14:04:12.374083,0 days 00:00:27.404940,0.03198771363361888,0.16021677722529773,16,0.0853846759902482,0.02207182287657064,0.02334827028052679,0.045022942274985905,0.01005809817467254,0.08150020917952629,2.636476169397615e-05,25,43,0.08593261439643766,0.055161839620846365,False,False,False,2.306570867871199e-08,COMPLETE
291,0.09069270193576813,2025-04-07 14:04:12.464737,2025-04-07 14:04:36.242735,0 days 00:00:23.777998,0.02927053614361131,0.1550543418871663,16,0.08463349518016575,0.2972682343925115,0.03003560823414681,0.04474203298147004,0.00995045527816255,0.08186997487715483,2.7068469412976943e-05,24,43,0.0865095089136527,0.0585083180835391,False,True,True,2.200388297447154e-08,COMPLETE
292,0.5327925086021423,2025-04-07 14:04:36.333223,2025-04-07 14:05:03.512602,0 days 00:00:27.179379,0.029011818278313825,0.19516838532891084,16,0.1028606111492068,0.02218744376986286,0.012758015107278005,0.04565287795973425,0.005966378880464596,0.0800740142263594,2.0442099387325598e-05,25,44,0.08310573301186111,0.053487983484939196,False,False,False,2.1582193143010432e-08,COMPLETE
293,0.6071449875831605,2025-04-07 14:05:03.613395,2025-04-07 14:06:43.023380,0 days 00:01:39.409985,0.05501838515844296,0.16104773547233472,2,0.07945696007962534,0.031874914249834185,0.03565636819224533,0.04733008747559065,0.011347840705910864,0.08536550780819398,3.3702214424970195e-05,25,41,0.0980024836517545,0.04607730015483644,False,False,False,2.8540172080627076e-08,COMPLETE
294,0.6209230899810791,2025-04-07 14:06:43.115721,2025-04-07 14:07:10.401735,0 days 00:00:27.286014,0.033748940417712134,0.13052850735280408,16,0.0889098800526559,0.022361657531860767,0.006008714491749494,0.04271761602558648,0.009818160476164194,0.08257329606463802,2.4039635929481323e-05,24,44,0.09652879845868362,0.06631225790202931,False,False,False,5.281896363719835e-08,COMPLETE
295,0.6184725642204285,2025-04-07 14:07:10.493889,2025-04-07 14:07:37.438670,0 days 00:00:26.944781,0.011780292388061622,0.13299000393772686,16,0.0969386597704461,0.02175762067897366,0.03420194040763801,0.04248839298218194,0.010023122697223222,0.08146784835709757,2.26479205770337e-05,24,47,0.09628453559760097,0.06831218054922594,False,False,False,5.4900254767377344e-08,COMPLETE
296,0.5257976531982422,2025-04-07 14:07:37.531225,2025-04-07 14:08:03.772092,0 days 00:00:26.240867,0.015054435893846412,0.14260176992589285,16,0.09111888578037859,0.022377985788338682,0.02228970074230784,0.04187797659664481,0.012049432636030956,0.0810367321200633,1.2945726816309319e-05,23,46,0.0973756827091269,0.06270604216959431,False,False,False,5.767419886640985e-08,COMPLETE
297,0.6344628453254699,2025-04-07 14:08:03.863212,2025-04-07 14:08:30.886001,0 days 00:00:27.022789,0.010747950889266725,0.128589581192925,16,0.08535825072539706,0.02336137023974462,0.025690956994750193,0.043583483476012506,0.010052494416941551,0.07835881247041719,2.9418192856586002e-05,24,46,0.09686897597170485,0.06510538321152605,False,False,False,1.724059782263788e-08,COMPLETE
298,0.6049400568008423,2025-04-07 14:08:30.987933,2025-04-07 14:08:58.439155,0 days 00:00:27.451222,0.0772722586493819,0.1620649839164475,16,0.08672899275500445,0.0237128239225807,0.02105249627061928,0.04250408692548919,0.009986939895369572,0.07713779443359854,2.7761314690237028e-05,24,44,0.09862040530697386,0.06451854454935835,False,False,False,1.1934004282559238e-08,COMPLETE
299,0.6347999095916748,2025-04-07 14:08:58.532520,2025-04-07 14:09:25.477142,0 days 00:00:26.944622,0.010521182589142416,0.13578999452456428,16,0.11356881244956105,0.02128534340095996,0.02619185187605589,0.0390902190040121,0.012615525132763648,0.078661104589546,3.614505523648332e-05,23,46,0.09641679873465747,0.05423634472595401,False,False,False,1.8179236023063214e-08,COMPLETE
300,0.10741110295057298,2025-04-07 14:09:25.570583,2025-04-07 14:09:49.309864,0 days 00:00:23.739281,0.013630365875390946,0.17136465699299225,16,0.11424127508228059,0.02163050293985546,0.026211344919494298,0.037837380551492446,0.07547658676341212,0.07945661128166095,3.723062374183869e-05,23,45,0.09672154587380627,0.05360570241421654,False,True,False,1.549719057530181e-08,COMPLETE
301,0.584490978717804,2025-04-07 14:09:49.405245,2025-04-07 14:10:16.072195,0 days 00:00:26.666950,0.010525358343039672,0.1391670584635155,16,0.1074873999513262,0.028103948672699133,0.025146503750590653,0.035368686904371206,0.01007284783821678,0.07966956744802663,3.153414045993635e-05,24,40,0.0986252023399104,0.05833906007217663,False,False,False,1.8051470246967452e-08,COMPLETE
302,0.45304312705993655,2025-04-07 14:10:16.169775,2025-04-07 14:10:44.046770,0 days 00:00:27.876995,0.029122779463129224,0.17825549354081272,16,0.10095113837341986,0.020155413232742093,0.006601031336878152,0.03755309373114307,0.013320968069584294,0.07800462476837222,3.2784233623668815e-05,26,43,0.09662600463247366,0.0662810162175157,False,False,False,1.3308177892109757e-08,COMPLETE
303,0.6082246422767639,2025-04-07 14:10:44.151856,2025-04-07 14:11:10.680404,0 days 00:00:26.528548,0.052200526374744975,0.1387977434264006,16,0.09541467299539022,0.02848131618351638,0.024837788330184612,0.04379185213442123,0.009937397006322143,0.08550235353243267,2.2463763132987478e-05,23,47,0.09965715572485628,0.0506151294114485,False,False,False,1.866777271624612e-08,COMPLETE
304,0.6325430989265443,2025-04-07 14:11:10.776024,2025-04-07 14:11:37.684830,0 days 00:00:26.908806,0.03327472093211952,0.12937144229151562,16,0.09015833164417125,0.021094018404853285,0.020588132592969134,0.03983577371490898,0.012626349614521993,0.076010174677131,2.5853686736142803e-05,24,42,0.09632579864695316,0.05958045847129681,False,False,False,2.1398945166670105e-08,COMPLETE
305,0.5834781169891358,2025-04-07 14:11:37.779487,2025-04-07 14:12:04.523642,0 days 00:00:26.744155,0.030579095549198968,0.15101200806889664,16,0.09058768147629724,0.019392681116796984,0.01990022151476155,0.04274476247351177,0.009035014466843107,0.07698349245875878,2.671307839436437e-05,24,41,0.07371238282479646,0.035980946862577946,False,False,False,1.4470118782507026e-08,COMPLETE
306,0.6364518523216248,2025-04-07 14:12:04.618553,2025-04-07 14:12:31.121789,0 days 00:00:26.503236,0.05003506953105179,0.12586642889887042,16,0.10366608462263388,0.021722218593027566,0.017923712469223863,0.03984555847564071,0.011162568140708469,0.07438998047529864,2.6470390995299677e-05,23,44,0.09588282074246064,0.056270780716884766,False,False,False,1.8021431913860457e-08,COMPLETE
307,0.5866662979125976,2025-04-07 14:12:31.227110,2025-04-07 14:12:57.543780,0 days 00:00:26.316670,0.04550435083979304,0.1220864461527518,16,0.105101179349001,0.028263211157090407,0.01779485984250577,0.03927064567730963,0.01080903665701927,0.07641944731825677,2.54046393323629e-05,23,39,0.09602080874065982,0.04220862711762691,False,False,False,1.9166702611991704e-08,COMPLETE
308,0.11447005569934846,2025-04-07 14:12:57.640923,2025-04-07 14:13:21.401674,0 days 00:00:23.760751,0.025137201663346237,0.13069564244760964,16,0.09991704424462113,0.03898363042549649,0.03271799910134861,0.04022514075288585,0.008644661233463647,0.0778959475425115,3.9192487553276045e-05,23,44,0.09287193200648008,0.06143081136584225,False,True,False,1.0419380595651724e-08,COMPLETE
309,0.5604398369789123,2025-04-07 14:13:21.497468,2025-04-07 14:13:48.495320,0 days 00:00:26.997852,0.011272577688558931,0.1825698910541319,16,0.0963030314411006,0.021879818375974594,0.019099580622803567,0.04123805217747442,0.013074769663512537,0.07504384654602475,2.062000040409987e-05,24,41,0.09020200299277059,0.05534915236420073,False,False,False,1.4311785188424989e-08,COMPLETE
310,0.10290124863386155,2025-04-07 14:13:48.591492,2025-04-07 14:14:12.816545,0 days 00:00:24.225053,0.04737186045030961,0.15455669516885862,16,0.11289372211990562,0.21160833450786792,0.023656497564585693,0.039056109297296686,0.011331180902513826,0.07972665712527356,3.137083092079859e-05,24,45,0.09540290850130677,0.05895274574285016,False,False,True,2.088676932018976e-08,COMPLETE
311,0.597247838973999,2025-04-07 14:14:12.912239,2025-04-07 14:14:39.704336,0 days 00:00:26.792097,0.08306751051747045,0.11571818135061601,16,0.10969155917859359,0.0287931462459406,0.029126430210969972,0.041790962563172995,0.007872937039914195,0.0750988126298077,2.8775719161217145e-05,23,42,0.09991540025440387,0.06638593108324661,False,False,False,2.354616562525805e-08,COMPLETE
312,0.4977605104446411,2025-04-07 14:14:39.810984,2025-04-07 14:15:07.039937,0 days 00:00:27.228953,0.03471653484780029,0.1343018675924718,16,0.12337280346140525,0.02148791457039963,0.04402825638409298,0.03700576340876854,0.0037020131626856424,0.07854618208972704,3.797753529790897e-05,24,23,0.08622430069403997,0.048124492318496276,False,False,False,1.8849599441908664e-08,COMPLETE
313,0.5672637701034546,2025-04-07 14:15:07.137292,2025-04-07 14:15:34.554455,0 days 00:00:27.417163,0.053427543798001596,0.10658559365438652,16,0.15236290334010094,0.035555167045400154,0.011463914348779906,0.040152650885396324,0.013920334599983859,0.08147035417075632,2.3175748144045183e-05,25,39,0.09705789771640852,0.052852847559306665,False,False,False,3.7249013393782936e-08,COMPLETE
314,0.608527147769928,2025-04-07 14:15:34.652191,2025-04-07 14:16:02.531159,0 days 00:00:27.878968,0.010724351904546285,0.15426372834499902,16,0.08914670193718399,0.02004485011824588,0.014809400809419868,0.04365146715896871,0.01008386369576376,0.0808739229436405,3.492178038093542e-05,26,46,0.09338815460594435,0.06728755971640103,False,False,False,1.639082057857296e-08,COMPLETE
315,0.3980062067508698,2025-04-07 14:16:02.629080,2025-04-07 14:16:29.751440,0 days 00:00:27.122360,0.07220698128560371,0.11318552523935822,16,0.10107683170059341,0.19820803653831454,0.02243412553427475,0.041114125033588134,0.007912580901378304,0.07867783150290096,2.5431612975629908e-05,24,43,0.09554788613220937,0.13406515536500604,False,False,False,2.321887820725693e-08,COMPLETE
316,0.47543636560440067,2025-04-07 14:16:29.861672,2025-04-07 14:16:57.260185,0 days 00:00:27.398513,0.03372123288637942,0.09307924381736443,16,0.09278194676141352,0.02741997382288179,0.021081163011751912,0.043556695008153956,0.011699253267405427,0.07121468970842303,1.7438567959894306e-05,25,49,0.004481409638761598,0.05737818215627137,False,False,False,6.385395244739058e-08,COMPLETE
317,0.10489478558301926,2025-04-07 14:16:57.358883,2025-04-07 14:17:21.415303,0 days 00:00:24.056420,0.053594627537639175,0.4197273760447664,16,0.08574925205259026,0.020659311463500467,0.006053667668772234,0.03485461382291285,0.010001555522285257,0.07394096105177377,4.142109863008187e-05,25,46,0.09232569217921391,0.06232340704083653,False,True,False,1.3917563152821384e-08,COMPLETE
318,0.5602194190025329,2025-04-07 14:17:21.515238,2025-04-07 14:17:47.885950,0 days 00:00:26.370712,0.08268261470331051,0.12710409084764354,16,0.07723720818614352,0.03161968447254572,0.00883072672640293,0.04491874518454521,0.014030884290610831,0.08491961048251148,2.0248985252380268e-05,23,38,0.09775577419850513,0.06945471587141848,False,False,False,3.634458791495515e-08,COMPLETE
319,0.5713234186172486,2025-04-07 14:17:47.985106,2025-04-07 14:18:14.890923,0 days 00:00:26.905817,0.03261223384549802,0.16739350695804406,16,0.0984414875096113,0.023352150966371558,0.02793676922731215,0.03768333239655869,0.00792972123878248,0.08166577502352175,2.9698423380442222e-05,22,42,0.09443374895138491,0.07858796259087299,False,False,False,4.8093232929390795e-08,COMPLETE
320,0.3438446938991547,2025-04-07 14:18:15.001072,2025-04-07 14:18:42.636617,0 days 00:00:27.635545,0.055832466129929675,0.10280953537667194,16,0.08643072146674083,0.08893827379214417,0.02404673118416989,0.04535250034393264,0.012004375562625041,0.08596021806287299,1.5182903259677308e-05,26,50,0.098140165469747,0.04242931931994964,False,False,False,2.4729027684461905e-08,COMPLETE
321,0.49441237449646,2025-04-07 14:18:42.737176,2025-04-07 14:19:08.945000,0 days 00:00:26.207824,0.08369247115628457,0.13851734692740467,16,0.07538567582508704,0.014944421834022815,0.019776609482128144,0.041248709223510815,0.00454381429094823,0.07729420530089122,2.694029491950229e-05,24,12,0.09609369039644343,0.15209953049618116,False,False,False,3.291387625095742e-08,COMPLETE
322,0.42918456196784976,2025-04-07 14:19:09.043911,2025-04-07 14:19:37.022489,0 days 00:00:27.978578,0.9955121773116089,0.1939349066101117,16,0.09363414428806041,0.04455555127160295,0.018330391703203542,0.032150889836184096,0.009432742046029539,0.07969220755618013,3.9730546517609875e-05,26,45,0.09073700769609257,0.04936015763857941,False,False,False,1.6879151850671166e-08,COMPLETE
323,0.4799344062805176,2025-04-07 14:19:37.121766,2025-04-07 14:20:04.490847,0 days 00:00:27.369081,0.011633285709349503,0.46276420482629077,16,0.10670076310930797,0.027817309244737028,0.03227851303858108,0.03957304974477377,0.013305893342085769,0.08369330713334604,2.2668329453601e-05,25,35,0.09383884954491448,0.06115790268764077,False,False,False,5.70813704299729e-08,COMPLETE
324,0.5541337251663208,2025-04-07 14:20:04.591589,2025-04-07 14:20:31.572378,0 days 00:00:26.980789,0.041792565724587206,0.08870533082535281,16,0.08568916166588003,0.01934052308227671,0.025951363462734606,0.05075354171903894,0.007518771736490054,0.0823927237140914,3.244309354084481e-05,24,40,0.09627266403361441,0.06973907333996325,False,False,False,4.3146408167195184e-08,COMPLETE
325,0.1147137150168419,2025-04-07 14:20:31.682796,2025-04-07 14:20:56.320400,0 days 00:00:24.637604,0.03245482603138361,0.11209985557236125,16,0.07935953077326496,0.03487753236786427,0.022562560257555632,0.04341456836843324,0.011086600015734291,0.07632892051103472,2.0540698086560237e-05,25,47,0.09811622786449474,0.07951944426295776,False,True,False,2.3179950772885923e-08,COMPLETE
326,0.5969067454338074,2025-04-07 14:20:56.423303,2025-04-07 14:21:24.327380,0 days 00:00:27.904077,0.05933030051821793,0.13274480923618162,16,0.0910747075993859,0.02495008318528692,0.014256445226632705,0.04528275351995674,0.004954407638389746,0.08056055760033903,4.2709011578588125e-05,26,43,0.09983697171065936,0.055041889742921006,False,False,False,1.173176414489825e-08,COMPLETE
327,0.5664790511131287,2025-04-07 14:21:24.429995,2025-04-07 14:21:51.981494,0 days 00:00:27.551499,0.07772257006449508,0.08848495738685516,16,0.07468094206944173,0.012815780225996215,0.027673452344371727,0.05074134498094492,0.00918173485340591,0.07851329063232985,3.513255942982866e-05,24,50,0.09145440429196386,0.016777732692241917,False,False,False,2.8899813361987376e-08,COMPLETE
328,0.5289252638816834,2025-04-07 14:21:52.083700,2025-04-07 14:22:20.578598,0 days 00:00:28.494898,0.028572474686316806,0.15078969676889428,16,0.10328284984424262,0.030668525679175336,0.04989908030413222,0.04231508425257815,0.014139798298842286,0.08650865646443283,2.816069297998642e-05,26,109,0.0946908011653611,0.18991631815917148,False,False,False,4.722648329095303e-08,COMPLETE
329,0.4690980851650238,2025-04-07 14:22:20.689551,2025-04-07 14:22:44.557608,0 days 00:00:23.868057,0.046764883704056195,0.3293493502926511,16,0.09518865058519238,0.019617238553837308,0.005030625210694602,0.046052035849078354,0.01168574624882158,0.08367473415598609,1.6913981831994263e-05,23,45,0.09624383623521039,0.06548606025824137,False,False,True,3.75150475108215e-08,COMPLETE
330,0.6049899339675904,2025-04-07 14:22:44.659330,2025-04-07 14:23:11.972537,0 days 00:00:27.313207,0.06436831078008845,0.11193872715427282,16,0.08560002595132053,0.03709101009329918,0.016592410686015725,0.03805453991761926,0.0029619582187806865,0.08447591472651074,4.796255422198561e-05,25,39,0.09365980839394757,0.07444728812091134,False,False,False,6.102319718188668e-08,COMPLETE
331,0.606123685836792,2025-04-07 14:23:12.076080,2025-04-07 14:23:39.422199,0 days 00:00:27.346119,0.01130058934563935,0.08620700558045279,16,0.07950212742550322,0.012805159646374723,0.010325682367725835,0.051426106146619674,0.006399976759790283,0.08142752168552905,2.475222195907275e-05,25,47,0.09791449484415854,0.05929007338512337,False,False,False,5.967353405922153e-05,COMPLETE
332,0.5996399402618409,2025-04-07 14:23:39.524604,2025-04-07 14:24:07.465920,0 days 00:00:27.941316,0.08491800125422234,0.21460741816135964,16,0.08866566152301465,0.02614044115368814,0.0211935521855867,0.047480223802602,0.01011038951677681,0.07506864087129575,3.42831080801522e-05,26,41,0.0920083877809283,0.08005422573387029,False,False,False,2.034826984697703e-08,COMPLETE
333,0.11552874743938447,2025-04-07 14:24:07.579249,2025-04-07 14:24:31.885402,0 days 00:00:24.306153,0.02792242412432413,0.1736773903549173,16,0.09825326537400259,0.022083711075544053,0.02499074107196151,0.05196755887305529,0.0082085375582674,0.07946647904690265,1.431932070121858e-05,25,43,0.09591358337554884,0.06802530168116369,False,True,False,3.096751319789882e-08,COMPLETE
334,0.5442905426025391,2025-04-07 14:24:31.988509,2025-04-07 14:24:58.705423,0 days 00:00:26.716914,0.0495116483037895,0.9524721657528238,16,0.0772568673202787,0.015618872678171337,0.04029954636348661,0.04056082184523703,0.012887181416117265,0.08594877996889051,2.8122667730030657e-05,24,37,0.09376574631291532,0.04909482650228922,False,False,False,4.0083427862452755e-08,COMPLETE
335,0.6015105485916138,2025-04-07 14:24:58.808907,2025-04-07 14:25:27.039788,0 days 00:00:28.230881,0.06965709870857258,0.12270956210068173,16,0.08308600626929386,0.029446915429390427,0.0015409357119335913,0.04883057547805566,0.014823683052177603,0.08179650199867732,2.0268257078864588e-05,26,50,0.08956263711898559,0.07350652408110651,False,False,False,5.0865180663366026e-08,COMPLETE
