number,value,datetime_start,datetime_complete,duration,params_alpha-eval,params_alpha-train,params_batch-size,params_eps-eval,params_eps-train,params_lambda-actions-eval,params_lambda-actions-train,params_lambda-frames-eval,params_lambda-frames-train,params_learning-rate,params_n-epochs,params_n-frames,params_radius-gw,params_rho,params_std-feats,params_ub-actions,params_ub-frames,params_weight-decay,state
1344,0.18004762530326845,2025-04-07 21:47:13.627129,2025-04-07 21:47:40.821615,0 days 00:00:27.194486,0.09592808257492762,0.1119990335090486,8,0.132930855742487,0.0008107136589448911,0.023323037431039723,0.013902471464486093,0.05851004286720243,0.06222646474665117,0.00041085055520893746,16,42,0.060544115400651057,0.2832083888461165,False,True,True,3.375265358196884e-06,COMPLETE
1345,0.5701208233833313,2025-04-07 21:47:41.247532,2025-04-07 21:48:07.289339,0 days 00:00:26.041807,0.10568045932693394,0.11216493519525614,8,0.1276176976987756,0.010404153285603897,0.02365244259970395,0.0995522434319533,0.06159356194144414,0.060426544242335414,0.0005002130501463427,14,38,0.06248331998566896,0.2820490933753436,False,False,True,4.3022781360171285e-06,COMPLETE
1346,0.5806227684020996,2025-04-07 21:48:07.714678,2025-04-07 21:48:34.110585,0 days 00:00:26.395907,0.11028548188066369,0.11098151126514474,8,0.13754987637779936,0.00773323947590904,0.028266075883510683,0.07343300747690634,0.059084792122142286,0.0650095445547763,0.0005883802492880962,15,40,0.05797932741060301,0.28567443878449866,False,False,True,4.255477092562752e-06,COMPLETE
1347,0.5400091409683228,2025-04-07 21:48:34.555797,2025-04-07 21:49:01.555675,0 days 00:00:26.999878,0.10527902890803453,0.612401655444555,8,0.12399610537713601,0.00979235226368899,0.025572420467667344,0.08743257785854681,0.06258131330704775,0.06229630637253299,0.00020941164102899,15,36,0.057211889235494785,0.27927095990924516,False,False,True,5.2834935098316334e-06,COMPLETE
1348,0.4914108991622925,2025-04-07 21:49:01.987002,2025-04-07 21:49:38.667619,0 days 00:00:36.680617,0.09595466537305158,0.12436018482637823,8,0.1450170667965511,0.012418216844668442,0.02202692600102093,0.07673154558200153,0.06646508358419109,0.06449420127324072,0.0003471161518166426,29,43,0.05793654579500706,0.287497729203745,True,False,True,3.3731193139136157e-06,COMPLETE
1349,0.744037926197052,2025-04-07 21:49:39.093144,2025-04-07 21:50:06.281148,0 days 00:00:27.188004,0.09067096440725711,0.12721314296652914,8,0.13104959410562905,0.006034788312591237,0.025691925115937056,0.013015055537835538,0.06105372397222467,0.059523035506106485,0.0002796102380503248,16,36,0.05577244561984898,0.2867580000137305,False,False,True,5.190149455676534e-06,COMPLETE
1350,0.531148099899292,2025-04-07 21:50:06.709423,2025-04-07 21:50:33.777350,0 days 00:00:27.067927,0.10448973925190363,0.11360237594820052,8,0.12628693485958634,0.001006422591977918,0.02728928068379406,0.06501639286685221,0.06026652961553029,0.059480404243491325,0.0002972398605906033,16,43,0.0598516202804841,0.2896449942292849,False,False,True,4.95132091059437e-06,COMPLETE
1351,0.5819060564041139,2025-04-07 21:50:34.202386,2025-04-07 21:51:02.235195,0 days 00:00:28.032809,0.10687831682059612,0.10803983218322802,8,0.12380926709762247,0.00653187085818955,0.024488431643405015,0.08594862833835303,0.057780374813195964,0.06363848068838852,0.0001974083787884453,17,39,0.06113081390692649,0.28836034544556005,False,False,True,3.5417419487482456e-06,COMPLETE
1352,0.1264527767896652,2025-04-07 21:51:02.663866,2025-04-07 21:51:30.076898,0 days 00:00:27.413032,0.10477166922156729,0.12512622857644545,8,0.25806066167289277,0.0007197749863500618,0.02564486660247935,0.060911770837981494,0.06082229781138746,0.05977692142199636,0.000281225782190542,16,108,0.05720057788541108,0.2949021110124287,False,False,True,5.936070874020279e-06,COMPLETE
1353,0.5298351049423218,2025-04-07 21:51:30.504120,2025-04-07 21:51:57.784230,0 days 00:00:27.280110,0.09068841748842302,0.1295441535392849,8,0.1307898913830886,0.006891745659805486,0.02225794093718708,0.01263095825385207,0.058223581709198724,0.06327357762621784,0.00024244688793562832,16,40,0.057273964945364124,0.28495981122710656,False,False,True,4.028939465665409e-06,COMPLETE
1354,0.7131170749664306,2025-04-07 21:51:58.233803,2025-04-07 21:52:25.653253,0 days 00:00:27.419450,0.1159261672368067,0.10754088058264652,8,0.12619951684825162,0.005038450861332946,0.024297040206563144,0.0673087088221025,0.06226913217757776,0.06182268398889575,0.00024964486711030666,16,36,0.05966326902489966,0.29959691290137436,False,False,True,4.462835285704451e-06,COMPLETE
1355,0.5689034223556518,2025-04-07 21:52:26.088877,2025-04-07 21:52:53.153187,0 days 00:00:27.064310,0.09078316509911405,0.12571407752927663,8,0.13296188546000473,0.0053383944378210925,0.020810619919811188,0.01395839136950646,0.06083051790496168,0.05853090426898607,0.00021216450097874008,16,38,0.055534563553208766,0.29059105514705463,False,False,True,7.359403677540962e-06,COMPLETE
1356,0.5064644336700439,2025-04-07 21:52:53.581974,2025-04-07 21:53:29.458514,0 days 00:00:35.876540,0.09215481313557211,0.13104067572536882,8,0.1292546958741734,0.10290023278197682,0.021420500270747145,0.012477549473073113,0.05930050706877626,0.060588822595866815,0.0003236407597175363,29,43,0.06193938662779874,0.2999737371754031,False,False,True,5.4130187806384465e-06,COMPLETE
1357,0.7257942199707031,2025-04-07 21:53:29.888791,2025-04-07 21:53:57.317827,0 days 00:00:27.429036,0.08167174518041478,0.11020367794408431,8,0.13238051991248287,0.01318233998581865,0.022438779294189318,0.07182750316806553,0.06272959619837026,0.06430120205062438,0.0002267812248208028,16,36,0.05587366561974589,0.2881958360513898,False,False,True,3.2623990370147503e-06,COMPLETE
1358,0.5720151782035827,2025-04-07 21:53:57.745986,2025-04-07 21:55:02.358981,0 days 00:01:04.612995,0.10680799583934804,0.10809157901873956,2,0.13577479852112884,0.0009810234744750427,0.020424003048542725,0.013525336539054725,0.06305895393453455,0.06687220511000735,0.000182670085972296,17,40,0.0561940069407213,0.2852107282405178,False,False,True,3.631529955116956e-06,COMPLETE
1359,0.580385398864746,2025-04-07 21:55:02.787313,2025-04-07 21:55:30.843450,0 days 00:00:28.056137,0.11713536684856231,0.13236241282850644,8,0.1338424204211301,0.010842620439523418,0.02755844075433827,0.0821332156315108,0.06302122607956152,0.06347527595424432,0.0002674579440863477,17,37,0.0597734750264063,0.2897133876089966,False,False,True,3.981003466727443e-06,COMPLETE
1360,0.5743444442749024,2025-04-07 21:55:31.292488,2025-04-07 21:55:59.560187,0 days 00:00:28.267699,0.09015409193115274,0.10289859432392111,8,0.13725445644554887,0.005249519154941786,0.02575550112503509,0.09344910364750508,0.06252672722733738,0.06523107945642309,0.00023986702924014885,17,37,0.05772276129306751,0.2815156147494785,False,False,True,5.361044048975588e-06,COMPLETE
1361,0.0994282603263855,2025-04-07 21:55:59.997243,2025-04-07 21:56:27.546989,0 days 00:00:27.549746,0.10951268207144088,0.1375763040492896,8,0.13995296982911232,0.20457176641501584,0.023328405230819756,0.013183002789117186,0.06493849437972256,0.06359282461269015,0.00030827382698058646,16,42,0.05559459282003694,0.28945267917514483,False,False,True,3.534131961253845e-06,COMPLETE
1362,0.2760664582252503,2025-04-07 21:56:27.983728,2025-04-07 21:56:55.195214,0 days 00:00:27.211486,0.08605238991629373,0.14145275099258556,8,0.2291972992059445,0.01230496401341195,0.025952086097156712,0.07946847558467472,0.06442129539930815,0.062308095774765704,0.00024547871438421187,17,35,0.05791491787666474,0.2825123641465442,False,False,True,2.9473796303444993e-06,COMPLETE
1363,0.42582663893699646,2025-04-07 21:56:55.624909,2025-04-07 21:57:22.913063,0 days 00:00:27.288154,0.08423806658865486,0.1068175876908582,8,0.13163078128419622,0.012718972068431134,0.02430219444523238,0.06812591574481267,0.061855012507094596,0.06448452645684202,0.00027577111275963714,16,39,0.055195052577095186,0.2953703122857581,False,True,True,3.0042101752672797e-06,COMPLETE
1364,0.71281236410141,2025-04-07 21:57:23.346159,2025-04-07 21:57:50.737576,0 days 00:00:27.391417,0.10364956996688743,0.13957489880504637,8,0.1390632413895646,0.00511005056195963,0.022378686174413635,0.07191428277639104,0.06400682803019929,0.06254709286391599,0.00022405548189917543,16,36,0.05978331369125343,0.2765359684855452,False,False,True,4.680332372113783e-06,COMPLETE
1365,0.690554428100586,2025-04-07 21:57:51.166070,2025-04-07 21:58:18.333307,0 days 00:00:27.167237,0.11889571420503636,0.12124797728345572,8,0.1315913473478965,0.01234130498305562,0.023001893654221308,0.09023674852487736,0.04165403940411548,0.060395315216934906,0.00023675394107373486,16,35,0.056907166044861,0.19869946470336378,False,False,True,2.733181219445632e-06,COMPLETE
1366,0.5719682693481446,2025-04-07 21:58:18.765700,2025-04-07 21:58:46.553709,0 days 00:00:27.788009,0.08304034625601563,0.15249135430128813,8,0.14130628434391962,0.006553696668232057,0.02197933845192289,0.06179155932158836,0.0659625007032791,0.058631686790833255,0.00023828958167581232,17,40,0.05527508714984805,0.28529531377099304,False,False,True,3.709071760330373e-06,COMPLETE
1367,0.5834484219551086,2025-04-07 21:58:47.006461,2025-04-07 21:59:14.130480,0 days 00:00:27.124019,0.08796288522489573,0.1003611939460963,8,0.13339700025922382,0.012218278094164828,0.024138237854275085,0.08936592901269022,0.061389517799975625,0.06516431010390307,0.00021392130255763202,16,37,0.05904153891800034,0.2902443126411925,True,False,True,6.438329990866598e-06,COMPLETE
1368,0.5527199864387512,2025-04-07 21:59:14.568528,2025-04-07 21:59:42.537013,0 days 00:00:27.968485,0.2086845248355308,0.14738013313025547,8,0.12526868831014923,0.0006580155413230763,0.019412433772796354,0.07743935860582696,0.06360398264901192,0.06135194857958103,0.0001989146212565668,17,43,0.055307269437299786,0.29532562703694465,False,False,True,4.046100147883062e-06,COMPLETE
1369,0.6437777280807495,2025-04-07 21:59:42.977025,2025-04-07 22:00:10.260242,0 days 00:00:27.283217,0.07833095615509113,0.12733662362645135,8,0.1410217597891069,0.012629549488400966,0.04720293193247245,0.08864836870400869,0.06605138410017206,0.05750404208444619,0.00030167791647622665,16,34,0.06106971728653678,0.27972191598875995,False,False,True,3.2265543157750395e-06,COMPLETE
1370,0.5690277695655823,2025-04-07 22:00:10.695147,2025-04-07 22:00:37.732735,0 days 00:00:27.037588,0.1150482439101502,0.1461146160846346,8,0.13781565102218618,0.00651222297767862,0.020952926119642997,0.07959785088299506,0.06052766631774616,0.05856259246277562,0.00017231312103614736,16,38,0.05777837736240548,0.285589888952072,False,False,True,1.0657804385846353e-05,COMPLETE
1371,0.6884083986282349,2025-04-07 22:00:38.166136,2025-04-07 22:01:05.092082,0 days 00:00:26.925946,0.07796214292121167,0.10486443619400879,8,0.14509079630207625,0.014443450184406082,0.026162896820150168,0.0924574326960239,0.06449919285094516,0.06631752032303805,0.0003452205962167849,16,35,0.05402042541629643,0.2718126583922573,False,False,True,2.6841681103286837e-06,COMPLETE
1372,0.5692250728607178,2025-04-07 22:01:05.524059,2025-04-07 22:01:33.303599,0 days 00:00:27.779540,0.07760847065805981,0.12009380225318378,8,0.12882753847093745,0.01636090493072631,0.02159842362561854,0.09435135706138642,0.06220301408758055,0.06210047468126797,0.00018465725908774314,17,34,0.054700497501006654,0.29424331330392345,False,False,True,3.95874257235486e-06,COMPLETE
1373,0.5706072807312011,2025-04-07 22:01:33.756087,2025-04-07 22:02:00.885992,0 days 00:00:27.129905,0.10445796611502077,0.14833795375504516,8,0.13495138724885333,0.008290317895912173,0.029703975925043664,0.07593800497599774,0.06698086580721117,0.05986916474250295,0.02715667382611857,15,41,0.05583542459161494,0.2886413963110518,False,False,True,2.4539392686569165e-06,COMPLETE
1374,0.570439910888672,2025-04-07 22:02:01.324078,2025-04-07 22:02:28.763737,0 days 00:00:27.439659,0.07450152022688697,0.13436778411406708,8,0.15069593402338657,0.005742465220619661,0.018960888369028345,0.017390545145204904,0.06428828571730827,0.05694577489840809,0.0004079456369762389,16,38,0.05809816202103062,0.27340091763562374,False,False,True,3.3871216473004744e-06,COMPLETE
1375,0.6864160299301147,2025-04-07 22:02:29.200159,2025-04-07 22:02:55.616911,0 days 00:00:26.416752,0.07056795672517406,0.10420405016068035,8,0.14207610385555092,0.0003891144320222733,0.017422880034456422,0.0739867128876879,0.06602789460105239,0.06384774669856103,0.0002930522627816009,15,34,0.0621183772966976,0.28162459334913226,False,False,True,2.572764348143487e-06,COMPLETE
1376,0.3283255100250244,2025-04-07 22:02:56.050527,2025-04-07 22:03:22.935803,0 days 00:00:26.885276,0.9662859370311121,0.1525563309286089,8,0.1257113262200087,0.01593720213863854,0.023968471718100494,0.09617248906472671,0.06291520938435184,0.05798998171127213,0.0001986499595485237,15,35,0.05671943465988584,0.29997127042350197,False,False,True,2.5595138006311157e-06,COMPLETE
1377,0.5797220587730407,2025-04-07 22:03:23.372413,2025-04-07 22:03:50.537594,0 days 00:00:27.165181,0.12066762922175042,0.12322234975227958,8,0.13130239269622812,0.011502885403082187,0.01974409892065807,0.016345255157353265,0.0599751673553222,0.05627985484075627,0.0003373172814485595,16,39,0.05387575526233625,0.29028922779676264,False,False,True,4.890070208341712e-06,COMPLETE
1378,0.5299258947372437,2025-04-07 22:03:50.972144,2025-04-07 22:04:18.812392,0 days 00:00:27.840248,0.0957757807892074,0.1592211270600592,8,0.13873564381521863,0.0160435794457126,0.017699356628363076,0.08156316846375457,0.06774385175705833,0.06077411300525236,0.0004075468633028229,17,44,0.05956756843535557,0.2797493271779343,False,False,True,2.312281818842188e-06,COMPLETE
1379,0.5712534666061402,2025-04-07 22:04:19.271098,2025-04-07 22:05:18.173866,0 days 00:00:58.902768,0.07176855099304796,0.1330387555186068,2,0.14611396409322544,0.0002994849039729842,0.0224325469439941,0.08650264042514345,0.06455129291087566,0.05980188047032065,0.00048275989425595816,15,37,0.05387557683301027,0.2864193854365236,False,False,True,5.9023525098082e-06,COMPLETE
1380,0.5614973545074463,2025-04-07 22:05:18.615153,2025-04-07 22:05:45.855823,0 days 00:00:27.240670,0.0908611809803933,0.6587951011938541,8,0.15331546517528372,0.008409581479712666,0.019484350599190417,0.09573607870684661,0.06149740624337743,0.05666237911853608,0.00035564638591511946,16,34,0.05805618697313788,0.29422992481381655,False,False,True,8.958586154868149e-06,COMPLETE
1381,0.5699192762374878,2025-04-07 22:05:46.296251,2025-04-07 22:06:12.626840,0 days 00:00:26.330589,0.06826737481044043,0.10419958792779854,8,0.13859607820179443,0.01594611227355678,0.016230816894636353,0.0822776250694134,0.06595604040515943,0.06315169648761426,0.00042830361459088637,15,34,0.05571367367884082,0.2769026772190267,False,False,True,3.0984793100733033e-06,COMPLETE
1382,0.5819987058639526,2025-04-07 22:06:13.065823,2025-04-07 22:06:40.052229,0 days 00:00:26.986406,0.12325310721869337,0.15765876718511349,8,0.13326682145116842,0.0170309963229194,0.021200669527538133,0.09157157917283382,0.06297795024136944,0.06550871275379333,0.0002726305877629236,16,37,0.05293692519294533,0.29480686414484264,False,False,True,2.641283557634779e-06,COMPLETE
1383,0.7013672471046448,2025-04-07 22:06:40.487418,2025-04-07 22:07:08.307023,0 days 00:00:27.819605,0.06978341838000729,0.140543722419824,8,0.14503283013490798,0.010538611648676402,0.01796694003320508,0.07552020452474134,0.0672207445428714,0.05822616369804029,0.0005070702753915135,17,33,0.060655074090342855,0.28432780289821097,False,False,True,2.215596279544946e-06,COMPLETE
1384,0.5712166786193849,2025-04-07 22:07:08.740896,2025-04-07 22:07:35.352521,0 days 00:00:26.611625,0.09982192888577793,0.11897169623579576,8,0.12607808498413745,0.0057464441498704145,0.023226245737123345,0.01532896716691149,0.059555501469588476,0.06046879094927055,0.008455724002875524,15,40,0.054889117677095076,0.2900185667915811,False,False,True,3.905911878777959e-06,COMPLETE
1385,0.4089362442493439,2025-04-07 22:07:35.816303,2025-04-07 22:08:02.456849,0 days 00:00:26.640546,0.0633623856967702,0.1579717989612863,8,0.14988783902278063,0.017213456525780556,0.019686202604790363,0.012547389716553068,0.0645125398983378,0.05598019297131779,0.000359684257502254,15,33,0.057124514535594854,0.27146995127027485,True,True,True,1.981605557522229e-06,COMPLETE
1386,0.5716052412986756,2025-04-07 22:08:02.897808,2025-04-07 22:08:29.954924,0 days 00:00:27.057116,0.09547265396422303,0.1678625325702508,8,0.13498294690150056,0.01099482649960446,0.016401587208030716,0.08566333978947464,0.0681862378541846,0.02353597021405595,0.00046351807413871833,16,37,0.05262931632152178,0.28226667531783795,False,False,True,3.197882714380991e-06,COMPLETE
1387,0.461080276966095,2025-04-07 22:08:30.397614,2025-04-07 22:08:59.083280,0 days 00:00:28.685666,0.06318643632698016,0.10067118950330609,8,0.14160308093313914,0.017513371378619396,0.03442075919312377,0.017255744037122822,0.06100103851936494,0.0625654372128662,0.00027020587870477846,17,138,0.05952254082512428,0.2896540852427056,False,False,True,5.2795424674740505e-06,COMPLETE
1388,0.10723434686660767,2025-04-07 22:08:59.526231,2025-04-07 22:09:26.174121,0 days 00:00:26.647890,0.07932014379275787,0.14072976433711235,8,0.15809896463469852,0.26440983308160065,0.02694216881858034,0.08380603896444855,0.06226856122375027,0.06670063714012249,0.0006087585517919773,15,43,0.056985617581081685,0.2959534088148739,False,False,True,2.381052213243144e-06,COMPLETE
1389,0.5776563882827759,2025-04-07 22:09:26.611039,2025-04-07 22:09:53.710130,0 days 00:00:27.099091,0.060711811775195385,0.12168074506547318,8,0.13166550121645504,0.0053822666725365995,0.021154587139756015,0.07841429047258322,0.06558780795734591,0.05942417382600544,0.0004048141035144626,16,40,0.0538946609851403,0.279115895510162,False,False,True,2.0742946623149795e-06,COMPLETE
1390,0.7029594302177429,2025-04-07 22:09:54.170053,2025-04-07 22:10:20.567521,0 days 00:00:26.397468,0.08431337407164224,0.16574316050761018,8,0.1441977778001835,0.0006212154706663545,0.04475894028881175,0.01856909740064208,0.06344224918949712,0.05587491749993464,0.0003193608123673948,15,33,0.052916443286836826,0.19163453566873453,False,False,True,2.9616845239649063e-06,COMPLETE
1391,0.6875178217887878,2025-04-07 22:10:21.013066,2025-04-07 22:10:48.243916,0 days 00:00:27.230850,0.056210472102445334,0.09941791689676917,8,0.1369935917665644,0.01380314714383624,0.01792453196816336,0.014599417652839378,0.06843645313858908,0.05860679174740489,0.0005225919276323614,16,35,0.05634482617682577,0.28439066810718305,False,False,True,7.18137791698767e-06,COMPLETE
1392,0.6609844684600831,2025-04-07 22:10:48.685771,2025-04-07 22:11:15.557821,0 days 00:00:26.872050,0.11227992910363357,0.1368337002278481,8,0.12458924945204948,0.010087545396802346,0.024790709934776126,0.015453730561872433,0.06602204878140136,0.06138182673953909,0.0004359419097518654,15,32,0.051803874846110036,0.2950036665749035,False,False,True,4.090943596644127e-06,COMPLETE
1393,0.09164430052042008,2025-04-07 22:11:15.998753,2025-04-07 22:11:43.624658,0 days 00:00:27.625905,0.05626719182736305,0.16071840513821886,8,0.1477354657777097,0.15034505624969657,0.019110555229356247,0.06898048373741879,0.05909366857368571,0.05543367287720784,0.0002257029654236699,17,37,0.05450918205756136,0.2895896246863371,False,False,True,1.9550468369566597e-06,COMPLETE
1394,0.7015295147895813,2025-04-07 22:11:44.068795,2025-04-07 22:12:09.897735,0 days 00:00:25.828940,0.08267880916156216,0.12016019039470963,8,0.13959591000675745,0.018875488993000893,0.016372026856631396,0.018392300031253694,0.0633131242412786,0.06395950720552772,0.0005817413194927324,14,36,0.0619474980724533,0.2783831397036306,False,False,True,2.5829887366216467e-06,COMPLETE
1395,0.5293291687965394,2025-04-07 22:12:10.341185,2025-04-07 22:12:37.359043,0 days 00:00:27.017858,0.38211335551567555,0.1455979565863114,8,0.15293154178092,0.006535199753968317,0.022637137085497857,0.012909106171462882,0.0610856123851251,0.06108947924861615,0.0003579109337318447,16,40,0.05843245479404964,0.27153645673472826,False,False,True,1.815711804699579e-06,COMPLETE
1396,0.5637422680854798,2025-04-07 22:12:37.817188,2025-04-07 22:13:04.310222,0 days 00:00:26.493034,0.6598412443306931,0.1604597981921227,8,0.12970550302062972,0.01815770886276044,0.021196385694234307,0.012377617783401691,0.04190298945722415,0.05734037979929391,0.00048782753541063475,15,32,0.05226426302001977,0.28524069170799454,False,False,True,3.0755668706747275e-06,COMPLETE
1397,0.7060775876045228,2025-04-07 22:13:04.755518,2025-04-07 22:13:31.849024,0 days 00:00:27.093506,0.05240220556798499,0.09949062848892096,8,0.14299410175750726,0.010335941852163489,0.017940675048339377,0.0707309805093089,0.06826846249561101,0.05876831449832009,0.00028305520717260404,16,35,0.05557857668094148,0.2938941067164068,False,False,True,2.202762553406752e-06,COMPLETE
1398,0.7119849920272827,2025-04-07 22:13:32.296252,2025-04-07 22:13:58.515795,0 days 00:00:26.219543,0.10114937875574875,0.13391761300322774,8,0.13554352924308727,0.01822679740110693,0.02049780078197219,0.017272883747044637,0.06502173302262695,0.05555020408045626,0.0006041966316158226,15,32,0.05971303194959301,0.2995959202520077,False,False,True,4.922337286583128e-06,COMPLETE
1399,0.5711907267570496,2025-04-07 22:13:58.956349,2025-04-07 22:14:25.047136,0 days 00:00:26.090787,0.07023740399260961,0.11672832093385502,8,0.14870319153935213,0.013413015520224046,0.042007149317082534,0.014658559514958095,0.07003380048071828,0.05464157895706857,0.00039278597540354015,14,38,0.05163948957069839,0.28890933711374805,False,False,True,3.332561333530928e-06,COMPLETE
