number,value,datetime_start,datetime_complete,duration,params_alpha-eval,params_alpha-train,params_batch-size,params_eps-eval,params_eps-train,params_lambda-actions-eval,params_lambda-actions-train,params_lambda-frames-eval,params_lambda-frames-train,params_learning-rate,params_n-epochs,params_n-frames,params_radius-gw,params_rho,params_std-feats,params_ub-actions,params_ub-frames,params_weight-decay,state
1010,0.5780644893646241,2025-04-21 01:07:34.632626,2025-04-21 01:08:24.770468,0 days 00:00:50.137842,0.961451435133925,0.14587446334547632,2,0.19979144583538597,0.013847697079611605,0.04691499966827783,0.005397792200512973,0.08738047608038518,0.04918396037259024,8.324381839870784e-05,9,45,0.00917833323033972,0.284406368025751,True,False,False,2.8122786504185546e-05,COMPLETE
1011,0.09069270193576813,2025-04-21 01:08:25.098649,2025-04-21 01:09:17.496721,0 days 00:00:52.398072,0.9424925933180572,0.12820945707700881,2,0.18500524080669192,0.0049191084091516,0.050256576311627485,0.004319733819043665,0.09023097719750384,0.04287358970187531,0.00011578819884505239,10,37,0.01274931417727357,0.28151597419538715,True,False,False,2.3515679508829044e-05,COMPLETE
1012,0.5467782616615295,2025-04-21 01:09:17.825626,2025-04-21 01:10:05.691796,0 days 00:00:47.866170,0.9789262978848132,0.15428594331403991,2,0.17667888207760207,0.010839901173229666,0.04240459431857555,0.002663806194463196,0.09169622235584919,0.04628425986878453,8.208164108744297e-05,8,40,0.004512556603256788,0.2755781603232971,True,False,False,3.632178964695175e-05,COMPLETE
1013,0.5516056299209595,2025-04-21 01:10:06.020273,2025-04-21 01:10:53.623193,0 days 00:00:47.602920,0.9627565343100797,0.12205783601649246,2,0.17201825485197678,0.02111840954994201,0.04865268966766426,0.003267478190385989,0.0878364877609981,0.05251819361915899,7.824924607553865e-05,8,43,0.006243480762605044,0.28747148867930833,True,False,False,1.9252065001879037e-05,COMPLETE
1014,0.7640509605407715,2025-04-21 01:10:53.934327,2025-04-21 01:11:44.375246,0 days 00:00:50.440919,0.9791775645507146,0.12742034390827314,2,0.18792135169401478,0.028037914728574573,0.049991919770793564,0.004573822686202726,0.0843371165947095,0.05004385872978429,0.00010735764916812015,9,37,0.013581766354555406,0.27012856321401313,True,False,False,3.151152663810267e-05,COMPLETE
1015,0.37980735301971436,2025-04-21 01:11:44.700394,2025-04-21 01:12:32.419547,0 days 00:00:47.719153,0.9492736199297237,0.16491239718830863,2,0.16511331745502883,0.2039009808680633,0.04852151261795049,0.0018748793692173228,0.09177032735043858,0.04777984120586806,0.00012844702385419259,8,36,0.01120338691774477,0.27969021139115,True,False,False,3.646771752779574e-05,COMPLETE
1016,0.09034922122955323,2025-04-21 01:12:32.745012,2025-04-21 01:13:13.562075,0 days 00:00:40.817063,0.9339738939222433,0.1761231043118373,2,0.17593797034613978,0.1760828254466507,0.05104136989212982,0.004354543228186361,0.09362905482049719,0.0516317798210415,8.903191655231067e-05,8,40,0.009071811815860926,0.2727588409840637,False,False,True,2.4809242940160338e-05,COMPLETE
1017,0.5158053874969483,2025-04-21 01:13:13.890034,2025-04-21 01:14:09.003053,0 days 00:00:55.113019,0.9682497541516272,0.11637204166660137,2,0.16491226684446392,0.01652462460648594,0.045705064752825306,0.004811373458262391,0.08165369123798803,0.04924597620768267,8.800619906320382e-05,11,9,0.0027833790457748356,0.285596125418973,True,False,False,1.788311387491936e-05,COMPLETE
1018,0.36628435254096986,2025-04-21 01:14:09.333684,2025-04-21 01:14:53.341896,0 days 00:00:44.008212,0.9997839338824437,0.14234714576676938,2,0.1689918661335656,0.009127677109253834,0.04987303280697209,0.008413484388510091,0.09011184430771833,0.045552247809121336,7.184095553272084e-05,7,47,0.006990698941016872,0.2772989591545559,True,False,False,2.8466669221939395e-05,COMPLETE
1019,0.8051571249961853,2025-04-21 01:14:53.672642,2025-04-21 01:15:41.551428,0 days 00:00:47.878786,0.9572534198010016,0.18594432442099865,2,0.19412265343246057,0.015609626553194325,0.0504265201869295,0.005748491752155631,0.09283495362197171,0.05428829967300628,7.913174710537481e-05,8,37,0.013439628786671966,0.2662054735855829,True,False,False,3.250430689383324e-05,COMPLETE
1020,0.5362425208091737,2025-04-21 01:15:41.866104,2025-04-21 01:16:32.511183,0 days 00:00:50.645079,0.9525085655616098,0.11887912690582433,2,0.20570606590185728,0.0312968109891022,0.04741493132043231,0.0031741464827027112,0.09210823693858239,0.05423677820958131,0.00010098472527390924,9,35,0.010082902754549785,0.26637138698723856,True,False,False,3.924020334078905e-05,COMPLETE
1021,0.5471446752548218,2025-04-21 01:16:32.840626,2025-04-21 01:17:16.776169,0 days 00:00:43.935543,0.9341645938180414,0.17271530720411366,2,0.19429105627146798,0.021135718695775834,0.048984781074946505,0.006109305825989812,0.09379053529652992,0.057783291009583876,7.95057591833814e-05,7,36,0.008453961497384055,0.2701112195535817,True,False,False,3.414010499773974e-05,COMPLETE
1022,0.7600009441375732,2025-04-21 01:17:17.106262,2025-04-21 01:18:04.730155,0 days 00:00:47.623893,0.970550717744617,0.1151351675505487,2,0.1702519621906104,0.024459523752700225,0.0454531312629721,0.0013447470808949078,0.08706841083918988,0.05531008123626674,0.00011495975686367444,8,38,0.011134778806399528,0.26901639921086706,True,False,False,3.9152285324954385e-05,COMPLETE
1023,0.5341720700263978,2025-04-21 01:18:05.062056,2025-04-21 01:18:48.817408,0 days 00:00:43.755352,0.9831677116238349,0.18868975589546527,2,0.17828714902453857,0.015937453743974147,0.05085930624753983,0.006176306919949383,0.09269554566856975,0.05203271817154148,9.262135970564047e-05,7,35,0.014057005413953966,0.2739967575465291,True,False,False,3.476598534838876e-05,COMPLETE
1024,0.09069270193576813,2025-04-21 01:18:49.149300,2025-04-21 01:19:38.260843,0 days 00:00:49.111543,0.9543520317574674,0.1441554992644192,2,0.19477346435347143,0.0003117040069815259,0.04932365781081432,0.007088112646241304,0.0895442471183231,0.05347078922005209,7.548827564611981e-05,9,41,0.005030671133483594,0.2766945895271469,True,False,False,4.091263093141778e-05,COMPLETE
1025,0.6410584926605225,2025-04-21 01:19:38.594369,2025-04-21 01:20:22.488140,0 days 00:00:43.893771,0.9293633496328163,0.17834238802489596,2,0.206345390918941,0.019420879716007023,0.0504154979636,0.0042831727758994315,0.09074379033256372,0.05383599553272276,0.0001051267901584841,7,34,0.007311088170538568,0.2820783996715735,True,False,False,3.0038777142052665e-05,COMPLETE
1026,0.3821101546287537,2025-04-21 01:20:22.822694,2025-04-21 01:21:09.662348,0 days 00:00:46.839654,0.9806807349195528,0.10611114708540278,2,0.2017748995738022,0.1588656522261776,0.05252525093915797,0.005694318549463534,0.09233655412676504,0.05607917518860904,8.18465100869521e-05,8,38,0.012041162920755306,0.2702204095963543,True,False,False,4.14047091096926e-05,COMPLETE
1027,0.08229433745145798,2025-04-21 01:21:09.977788,2025-04-21 01:21:48.912714,0 days 00:00:38.934926,0.9594572586585667,0.12789768958278072,2,0.19881459687223335,0.010692190302329114,0.04790845012324032,0.0067318750461520215,0.09441204467160602,0.05100962242595679,7.164021993590884e-05,7,36,0.0036844063877548403,0.2652864541269775,True,True,False,2.6810823168290167e-05,COMPLETE
1028,0.569760513305664,2025-04-21 01:21:49.243958,2025-04-21 01:22:36.042429,0 days 00:00:46.798471,0.9990775451760016,0.10742910011029275,2,0.18813579466145905,0.026648958929205276,0.051346574805764815,0.0011014968134164691,0.09317529659792764,0.05500350059924274,0.00012981382183939314,8,33,0.013779739034304673,0.2880416388443637,False,False,False,3.2192465748257655e-05,COMPLETE
1029,0.3910652577877045,2025-04-21 01:22:36.373116,2025-04-21 01:23:20.570956,0 days 00:00:44.197840,0.9421789580620539,0.14497243136541282,2,0.19509069744694213,0.11574981471944124,0.05238746774953857,0.004588498766956913,0.08757036445760248,0.0576423480399911,6.748369730659527e-05,7,43,0.01001942492097729,0.2658201619831253,True,False,False,2.3109207899969093e-05,COMPLETE
1030,0.7576892018318176,2025-04-21 01:23:20.901817,2025-04-21 01:24:13.913946,0 days 00:00:53.012129,0.9693285405479185,0.1052885480016046,2,0.18711481938766938,0.015084950447891326,0.05172609374058666,0.007910585673331744,0.08874640770280778,0.05084497322866598,9.283900988791867e-05,10,39,0.005821609546398014,0.2786580784500909,True,False,False,4.430779368739098e-05,COMPLETE
1031,0.6059653878211976,2025-04-21 01:24:14.254146,2025-04-21 01:25:04.603319,0 days 00:00:50.349173,0.9194184154842213,0.2034538307204588,2,0.18021092738718203,0.006766697551681315,0.04683457719343971,0.007345900646404389,0.09581621049154121,0.047742402369233355,6.875228898062774e-05,9,36,0.008223074314723274,0.2727542671410347,True,False,False,2.9833905015436602e-05,COMPLETE
1032,0.5698012590408326,2025-04-21 01:25:04.934363,2025-04-21 01:25:48.824543,0 days 00:00:43.890180,0.9624741762204253,0.12505086826970863,2,0.200150930210332,0.02211532621306225,0.04909120445286864,0.0038712208166702816,0.08054120603241914,0.05289793715683991,0.0001108676679061745,7,41,0.013237873043510423,0.2650153017028942,True,False,False,3.764141711308053e-05,COMPLETE
1033,0.5839704275131226,2025-04-21 01:25:49.160534,2025-04-21 01:26:36.461851,0 days 00:00:47.301317,0.9859654822769571,0.10436416810031825,2,0.19365844309732014,0.03115181485927395,0.05213204844582409,0.0028160753468331632,0.09020476185391808,0.04124330820274564,8.130131046544091e-05,8,32,0.010916631222486772,0.2774562982204065,True,False,False,2.684464339067483e-05,COMPLETE
1034,0.5045887351036071,2025-04-21 01:26:36.783677,2025-04-21 01:27:21.087817,0 days 00:00:44.304140,0.9994477901465925,0.15198273549087543,2,0.18470724113043238,0.014168268001234736,0.050846008731079306,0.008454016333752295,0.08566791250038545,0.04869379369084808,6.099555530894119e-05,7,14,0.015309743389821474,0.2841676455899443,True,False,False,3.888005793088547e-05,COMPLETE
1035,0.09069270193576813,2025-04-21 01:27:21.419359,2025-04-21 01:28:07.801514,0 days 00:00:46.382155,0.942630603874567,0.12079787974407208,2,0.18913427285143616,0.00479772067603447,0.05240353510282761,0.005631915340890284,0.09457600550111038,0.04433578977567465,7.915542113072346e-05,8,39,0.005975567008211884,0.2661524497200242,True,False,False,4.861970224698674e-05,COMPLETE
1036,0.09465364962816239,2025-04-21 01:28:08.134799,2025-04-21 01:28:51.993840,0 days 00:00:43.859041,0.9638818200324223,0.09886466929616664,2,0.21428612841351086,0.019915836719087747,0.05350530510013519,0.007982296941685646,0.09069620145544009,0.0520196926619346,9.724330372097981e-05,9,34,0.0034496451310176103,0.2738807194736331,True,False,True,2.5527960897662825e-05,COMPLETE
1037,0.09069270193576813,2025-04-21 01:28:52.326320,2025-04-21 01:29:35.418847,0 days 00:00:43.092527,0.9785601454322955,0.30450298741181336,2,0.16319865718648985,0.00010414185849286911,0.05365018463977683,0.003020806089595959,0.0925513897750159,0.0503140844350939,6.127248001921087e-05,7,44,0.009098239797802953,0.28776931015308443,True,False,False,3.279705215748459e-05,COMPLETE
1038,0.6036585569381714,2025-04-21 01:29:35.752480,2025-04-21 01:30:23.250809,0 days 00:00:47.498329,0.9372713708190025,0.13339108381963308,2,0.1621730909861678,0.009560714696912167,0.049496339021477265,0.008738801824415953,0.09622047198468438,0.05471281543301299,0.00012259479300167454,8,61,0.012394730205084139,0.28259728380672083,True,False,False,4.511538207273683e-05,COMPLETE
1039,0.5695605158805848,2025-04-21 01:30:23.587126,2025-04-21 01:31:16.518698,0 days 00:00:52.931572,0.9510221312465336,0.09990660600181808,2,0.1812003219003543,0.015550701124382872,0.04410615766651535,0.00998873822086712,0.0781133055432651,0.057701403954419556,6.804649646912921e-05,10,37,0.014617946586135576,0.2692555452955595,False,False,False,2.2437035372661725e-05,COMPLETE
1040,0.6749122500419616,2025-04-21 01:31:16.856174,2025-04-21 01:32:01.576080,0 days 00:00:44.719906,0.9830677707302911,0.11268452743466136,2,0.16744936792781906,0.025648828482936127,0.04762974129869043,0.010023170329922393,0.09377416822863675,0.04569718792090586,9.355308841104204e-05,7,32,0.01777935692474734,0.26395592732828604,True,False,False,3.014027289499702e-05,COMPLETE
1041,0.5856436371803284,2025-04-21 01:32:01.899952,2025-04-21 01:32:48.815086,0 days 00:00:46.915134,0.9186136644195473,0.14240624594240145,2,0.15849200835714267,0.0433574332792696,0.05117031845313467,0.005026286832649383,0.09983150664009795,0.04687769658629239,8.231913193612515e-05,8,41,0.008252726136048053,0.28030552247620516,True,False,False,2.195724568724943e-05,COMPLETE
1042,0.46402525901794434,2025-04-21 01:32:49.148351,2025-04-21 01:33:33.418212,0 days 00:00:44.269861,0.9649278820084674,0.09553047600578318,2,0.17428964201014724,0.011213430979712884,0.03489745532748847,0.006237763194754184,0.08848217827027396,0.049789487812397525,6.522244078020302e-05,7,35,0.05223930609152705,0.27372605749081186,True,False,False,3.7034566477023036e-05,COMPLETE
1043,0.7567986965179444,2025-04-21 01:33:33.755490,2025-04-21 01:34:20.756855,0 days 00:00:47.001365,0.9472765868155937,0.1774059324021071,2,0.21004988620311088,0.0230458286300408,0.05246054268231836,0.001186041758932098,0.09158164357954368,0.05394105953510061,6.207818759916497e-05,8,38,0.010782859098749209,0.2895866797290026,True,False,False,1.5520724213964247e-06,COMPLETE
1044,0.6050641417503357,2025-04-21 01:34:21.092099,2025-04-21 01:35:11.282603,0 days 00:00:50.190504,0.9844324822769593,0.12262132985700215,2,0.1609459086457378,0.01704495614235937,0.05412972458646024,0.013244008711841544,0.09590287048282224,0.08882849567119425,7.794943072561533e-05,9,29,0.004877798533945702,0.2635713108477153,True,False,False,5.058180263856914e-05,COMPLETE
1045,0.6038732528686523,2025-04-21 01:35:11.622035,2025-04-21 01:36:11.928593,0 days 00:01:00.306558,0.9273506432445991,0.3467601569370885,2,0.2012227584357637,0.0354325785716078,0.04976650828596774,0.008613927541373976,0.09727106024158609,0.043106150779684146,6.016074974505156e-05,12,34,0.016591425472849818,0.2687000308738548,True,False,False,2.9275190438960107e-05,COMPLETE
1046,0.09069270193576813,2025-04-21 01:36:12.266471,2025-04-21 01:36:55.403526,0 days 00:00:43.137055,0.9989223003721092,0.2333976299872384,2,0.16749620690676387,0.006069183126777605,0.05404818581814731,0.015011261447028548,0.0940085349363786,0.047967406004899155,0.0006142445236889401,7,39,0.007184208451587491,0.27955014880463597,True,False,False,1.8301493860620882e-05,COMPLETE
1047,0.07692217528820039,2025-04-21 01:36:55.743831,2025-04-21 01:37:34.079499,0 days 00:00:38.335668,0.9642056202826816,0.09428448751439515,2,0.17298473730344432,0.02980436122866232,0.04589482964203017,0.006902569615004806,0.08452657667022746,0.056029508954935706,0.00010630186677386862,7,43,0.013769207737463403,0.2721536505627105,True,True,False,2.3895926287648103e-05,COMPLETE
1048,0.7876039624214173,2025-04-21 01:37:34.421028,2025-04-21 01:38:21.383600,0 days 00:00:46.962572,0.9777585657414098,0.15498709151740148,2,0.15897692616888284,0.012249834473482194,0.05229087553191261,0.01199998136675409,0.0911648623748397,0.05232964724434631,0.0001310953428104615,8,37,0.0116676248477376,0.2614930211677215,True,False,False,4.741275216330861e-05,COMPLETE
1049,0.6269712924957276,2025-04-21 01:38:21.709483,2025-04-21 01:39:12.029572,0 days 00:00:50.320089,0.9474096276286417,0.11661187238554956,2,0.19245653419922468,0.019678312809728656,0.05406756585053217,0.009559798735619957,0.07583215620605567,0.04881223406369456,5.583649515836383e-05,9,31,0.0027149935240749117,0.2826211312876235,True,False,False,3.5972315542586215e-05,COMPLETE
1050,0.09069270193576813,2025-04-21 01:39:12.364594,2025-04-21 01:39:55.630957,0 days 00:00:43.266363,0.9663770952025412,0.09150679404999576,2,0.2661151848589692,0.005789037626386724,0.05058020195454995,0.0033019655264070556,0.09524508585331058,0.05107457366280728,7.413720439943633e-05,7,47,0.015298296972013601,0.28906276492468896,True,False,False,2.975018910320411e-05,COMPLETE
1051,0.5640985250473023,2025-04-21 01:39:55.967808,2025-04-21 01:40:43.103809,0 days 00:00:47.136001,0.9801641463599027,0.13744435824107334,2,0.18304793463212893,0.016013379317000538,0.05580758337018052,0.06973808678233519,0.08877034667861611,0.05806303170565638,9.091924347416793e-05,8,35,0.017771793632286724,0.26574978799177307,False,False,False,2.325765577250067e-05,COMPLETE
1052,0.5499016046524048,2025-04-21 01:40:43.439127,2025-04-21 01:41:28.388423,0 days 00:00:44.949296,0.9147743201350433,0.10994717926331192,2,0.16451539293283665,0.024353332559179777,0.04813867585199794,0.015675880134269658,0.09784719921345972,0.05402149851682399,5.8592256518507225e-05,7,40,0.009151725414266445,0.2747107579573956,True,False,False,4.309233377570446e-05,COMPLETE
1053,0.6312119603157044,2025-04-21 01:41:28.731073,2025-04-21 01:42:16.251082,0 days 00:00:47.520009,0.9454169258196844,0.0909215486280876,2,0.15721356392729166,0.010883625946747806,0.05455063363025943,0.004870735806880862,0.09339616704992516,0.04584902665415391,6.976075644506384e-05,8,32,0.005942489286553935,0.2619139040542238,True,False,False,1.712232385463604e-06,COMPLETE
1054,0.8054609298706056,2025-04-21 01:42:16.592337,2025-04-21 01:43:00.693490,0 days 00:00:44.101153,0.9986839301297423,0.13230823017693055,2,0.15233516769232094,0.01809240390684547,0.05255991615908512,0.012052890372387031,0.0830112780215113,0.04963453767889856,8.327011527955155e-05,7,37,0.013064265227889884,0.27187677836663615,True,False,False,1.799935350046905e-05,COMPLETE
1055,0.09442187398672104,2025-04-21 01:43:01.036813,2025-04-21 01:43:39.552405,0 days 00:00:38.515592,0.996985838419173,0.09049503627554621,2,0.15521933746671376,0.2924392580564297,0.05365777225757665,0.012670498696040458,0.08264386823929802,0.052684701336753466,5.965965401775247e-05,7,45,0.01849147161571227,0.26959569765586416,True,False,True,1.650008548453408e-05,COMPLETE
1056,0.6077272057533265,2025-04-21 01:43:39.897858,2025-04-21 01:44:24.391557,0 days 00:00:44.493699,0.9999197297287779,0.11089398655326335,2,0.15022629111140426,0.030289355486150964,0.055325094394810495,0.015161083955579906,0.07939639296774106,0.05087423159278492,5.1343878559883514e-05,7,74,0.01556074851150089,0.26169469187917066,True,False,False,1.888374086776075e-05,COMPLETE
1057,0.49266545772552495,2025-04-21 01:44:24.718722,2025-04-21 01:45:08.515026,0 days 00:00:43.796304,0.9985853982941232,0.08948929614329809,2,0.15036762410503424,0.05601236375116779,0.05190071122568222,0.013057823139273717,0.0794343753740292,0.05595165983994754,7.554565452171254e-05,7,42,0.014087212182057522,0.2647132726322319,True,False,False,1.977069914916965e-05,COMPLETE
1058,0.35109915733337405,2025-04-21 01:45:08.855555,2025-04-21 01:45:53.876812,0 days 00:00:45.021257,0.9788971172027597,0.11779075099526101,2,0.15834588998601085,0.026679232949209902,0.05589795325843773,0.011769681174728043,0.07559051128068997,0.049812138518064236,5.5451082848760846e-05,7,16,0.015931576074915826,0.2710333106114564,True,False,False,1.7853850134629695e-05,COMPLETE
1059,0.639913284778595,2025-04-21 01:45:54.225037,2025-04-21 01:46:38.566586,0 days 00:00:44.341549,0.5163510683624611,0.09695254185710078,2,0.1501001153066631,0.021279033398415356,0.05290372844570395,0.011586765241193103,0.08355209974509026,0.05103271281484214,6.959595278674872e-05,7,34,0.004655626073707963,0.2824840226324588,True,False,False,1.6406077247929958e-05,COMPLETE
1060,0.5954263567924499,2025-04-21 01:46:38.907498,2025-04-21 01:47:23.134364,0 days 00:00:44.226866,0.962007481630471,0.39417928418421494,2,0.16209013303944092,0.0196461145026344,0.05534497614769617,0.009740198507347753,0.07683251000423268,0.05309631997844722,5.1649817316990156e-05,7,29,0.018942731033981034,0.25921212195812204,True,False,False,2.333170675916637e-05,COMPLETE
1061,0.5699006795883179,2025-04-21 01:47:23.476062,2025-04-21 01:48:07.400010,0 days 00:00:43.923948,0.9342349580920265,0.08282381870514867,2,0.15325348326194074,0.03679995146360658,0.005333282838496281,0.014527360757284244,0.07731672951179333,0.05459491415464032,0.00010595574423264109,7,39,0.012894190847976751,0.04547068041980255,True,False,False,1.8031263361114665e-05,COMPLETE
1062,0.5712534666061402,2025-04-21 01:48:07.742183,2025-04-21 01:48:51.765201,0 days 00:00:44.023018,0.9998490379240914,0.12442481676907377,2,0.14574620812350822,0.027425656628909313,0.0531870147394353,0.011155520440585884,0.07992797631413524,0.04976367167686253,8.18992283349595e-05,7,36,0.007629417937975717,0.018879299608279783,False,False,False,1.1586617646962882e-06,COMPLETE
1063,0.6360249400138855,2025-04-21 01:48:52.110269,2025-04-21 01:49:39.587756,0 days 00:00:47.477487,0.9799851577518661,0.10047781816247654,2,0.15799613785391012,0.01745011816089427,0.05598440530254899,0.014486865763518996,0.0978971321082674,0.056896428587512746,5.071550294868691e-05,8,32,0.010408526471242765,0.2908628353117327,True,False,False,2.3501368069323424e-05,COMPLETE
1064,0.6015432596206665,2025-04-21 01:49:39.932618,2025-04-21 01:50:25.024213,0 days 00:00:45.091595,0.9591971198462127,0.08445127905926607,2,0.1645722084912199,0.03282782436561971,0.05126825513483799,0.01193531744108864,0.08300011963710209,0.05153823915090594,6.104479303452505e-05,7,142,0.014192611916171447,0.26819085647124086,True,False,False,1.5180158820090973e-05,COMPLETE
1065,0.26627581715583803,2025-04-21 01:50:25.370582,2025-04-21 01:51:00.920528,0 days 00:00:35.549946,0.9640986721874046,0.13357668686017662,2,0.24791601793528684,0.02223720479373798,0.053561883051876605,0.009520631618274034,0.0955193453602995,0.048320109615213595,0.006510065142480063,6,41,0.01761698637226212,0.27757541523979323,True,True,False,2.4200084692029725e-05,COMPLETE
