number,value,datetime_start,datetime_complete,duration,params_alpha-eval,params_alpha-train,params_batch-size,params_eps-eval,params_eps-train,params_lambda-actions-eval,params_lambda-actions-train,params_lambda-frames-eval,params_lambda-frames-train,params_learning-rate,params_n-epochs,params_n-frames,params_radius-gw,params_rho,params_std-feats,params_ub-actions,params_ub-frames,params_weight-decay,state
0,0.09029311388731004,2025-04-07 08:05:26.766293,2025-04-07 08:05:51.318869,0 days 00:00:24.552576,0.5612544640505762,0.6641305561073196,16,0.1593046053359611,0.15307849598528364,0.06809649804023421,0.011347917427005964,0.08260560111543112,0.08788273189698802,0.00023596191506445298,27,11,0.0032410892334412784,0.2963129802703361,True,False,True,1.8925163838789227e-07,COMPLETE
1,0.4794117212295532,2025-04-07 08:05:51.323000,2025-04-07 08:07:16.449142,0 days 00:01:25.126142,0.9760722921146323,0.705468275862408,2,0.14570373304799908,0.13225794939282343,0.08368414707568063,0.08672127606514794,0.04328217559420996,0.09334706266298085,0.03965110242766495,20,150,0.008528842085599585,0.07997180231064624,False,False,False,1.534849612236975e-07,COMPLETE
2,0.18615892231464387,2025-04-07 08:07:16.452975,2025-04-07 08:07:39.016984,0 days 00:00:22.564009,0.45463486422040483,0.5885779159149835,16,0.06846361543978913,0.21303378408376566,0.011230008388054085,0.02762946983360129,0.06462620075298618,0.06075265555671409,0.002198765864301387,19,41,0.02672023906039716,0.17327420202638408,False,False,True,1.6310505205780663e-06,COMPLETE
3,0.46667398214340217,2025-04-07 08:07:39.020823,2025-04-07 08:08:51.998951,0 days 00:01:12.978128,0.3018542909629261,0.7742370260139514,2,0.0716963919765653,0.1371655639978037,0.02833906952001702,0.0781349896988134,0.028924075682284757,0.057863758066477915,0.002450710646582348,16,146,0.057148139240262096,0.26034759869207386,False,False,False,2.7591771468525855e-08,COMPLETE
4,0.37561973333358767,2025-04-07 08:08:52.003038,2025-04-07 08:09:14.283145,0 days 00:00:22.280107,0.08612069633940922,0.6304651512036865,8,0.0016862087627965805,0.20088749146516205,0.06991059529621887,0.028564290285890286,0.035014947967114435,0.05302746899876241,0.023358753923280535,8,60,0.009420249284594777,0.24372933003717231,False,True,False,3.527409418950341e-05,COMPLETE
5,0.4424215316772461,2025-04-07 08:09:14.287554,2025-04-07 08:10:25.192851,0 days 00:01:10.905297,0.8170732210263448,0.6140668272641308,2,0.16046128922369993,0.29659677562996806,0.009815270777825139,0.05235385046250805,0.006693339556871202,0.03994765259586609,0.00020457516652677105,16,45,0.0473701985821696,0.29761192622264865,True,False,False,1.2466700245889337e-05,COMPLETE
6,0.27610165476799015,2025-04-07 08:10:25.197525,2025-04-07 08:10:43.876694,0 days 00:00:18.679169,0.6582325234643125,0.5073849963271364,16,0.038903626955687234,0.1308614664953433,0.013676868123452486,0.06363970126918077,0.01527940242884102,0.0835883376907074,1.3196117672600654e-05,7,78,0.035218038136693545,0.11903420765553432,True,True,False,0.00045430625905600947,COMPLETE
7,0.44106703996658325,2025-04-07 08:10:43.882103,2025-04-07 08:12:32.817983,0 days 00:01:48.935880,0.6879412663388108,0.2523324675822885,2,0.07801361761865228,0.14582777994642657,0.040755579740691106,0.08673612635314976,0.09519007249094352,0.007668971155829371,0.017919707426361876,27,7,0.05182766255447979,0.22981290486401462,True,False,False,3.6634919485072864e-07,COMPLETE
8,0.43744788169860843,2025-04-07 08:12:32.823268,2025-04-07 08:13:07.512659,0 days 00:00:34.689391,0.9530289900396658,0.7881815740940169,8,0.1666738835695958,0.04640906868326329,0.08059738462658188,0.006307861407530573,0.052455573185150026,0.09694444462303445,6.843256699448241e-05,21,67,0.06561317567487944,0.04342903164640071,False,False,False,1.3057639213628335e-07,COMPLETE
9,0.09069270193576813,2025-04-07 08:13:07.518619,2025-04-07 08:13:28.911361,0 days 00:00:21.392742,0.1860049804516477,0.8278143041201594,16,0.1776090420557722,0.08277343037200989,0.037046850552759594,0.09466621485053817,0.010114880599217637,0.09550555395163161,0.042948717776031216,15,144,0.08462722944936889,0.14660151507800284,False,True,True,1.8963016313290001e-06,COMPLETE
10,0.09069270193576813,2025-04-07 08:13:28.917722,2025-04-07 08:14:48.177391,0 days 00:01:19.259669,0.98255268614154,0.9792562819552936,2,0.2727608084671678,0.00909851004552703,0.09785455756482711,0.07099113249510694,0.06592852193020798,0.03050877560973063,0.0070789039750388544,22,107,0.022867099696133576,0.01567451360836486,False,True,True,1.7848991603998003e-08,COMPLETE
11,0.3444651663303375,2025-04-07 08:14:48.183794,2025-04-07 08:15:48.677345,0 days 00:01:00.493551,0.34202075514618835,0.38080492428272994,2,0.10982752036228025,0.09762848092375923,0.031260331035226165,0.07900933406080972,0.03646228552323732,0.07342131323746215,0.0026816124583749715,12,148,0.07522118162664898,0.07661712877561269,False,False,False,1.5509928537417594e-08,COMPLETE
12,0.35298608541488646,2025-04-07 08:15:48.683947,2025-04-07 08:17:23.547671,0 days 00:01:34.863724,0.3259439309888281,0.852795311446901,2,0.22432344282159553,0.20729940000642083,0.06182146443584861,0.09727439389793396,0.029921622470489947,0.0666473985686016,0.07684196388725024,23,118,0.09805201000050742,0.09351901379952242,False,False,False,5.237349576011986e-08,COMPLETE
13,0.37717409729957585,2025-04-07 08:17:23.554732,2025-04-07 08:18:22.598435,0 days 00:00:59.043703,0.013663105444041146,0.02628946499413054,2,0.09495986742714276,0.16885844369809475,0.0956364178181347,0.05998272492451756,0.04772391711956597,0.02034021828964168,0.007631621070531351,12,120,0.053011116071849065,0.1967685233599092,False,False,False,7.039167808469257e-07,COMPLETE
14,0.44253263473510746,2025-04-07 08:18:22.605630,2025-04-07 08:19:21.745744,0 days 00:00:59.140114,0.3132053493763241,0.9982453103448101,2,0.12386050511034997,0.2671671910788137,0.05050934546525912,0.07775787605828166,0.019327462526058964,0.07615802581060996,0.0006199404467979367,12,92,0.06599551676113653,0.05699877576924328,False,False,False,5.076197385985488e-08,COMPLETE
15,0.47009764909744267,2025-04-07 08:19:21.753303,2025-04-07 08:21:21.100757,0 days 00:01:59.347454,0.4934454935495314,0.7476762046865554,2,0.21819657847049712,0.09616371028139095,0.023084323869901807,0.040866052842867075,0.050300386273542025,0.04448204742683522,0.007693029706302698,30,133,0.038597071296584226,0.13111368530958797,False,False,False,9.126245999294608e-06,COMPLETE
16,0.46966551542282103,2025-04-07 08:21:21.108601,2025-04-07 08:22:02.020959,0 days 00:00:40.912358,0.7796978228609794,0.40487595611380484,8,0.2211919708904099,0.0876966520033628,0.08320813581895722,0.04002895686869668,0.051042858655345205,0.04313079850995792,0.009711145879606411,28,127,0.015380803218153327,0.12232309323404944,False,False,False,1.1296277818288064e-05,COMPLETE
17,0.4824370741844177,2025-04-07 08:22:02.029954,2025-04-07 08:23:57.595178,0 days 00:01:55.565224,0.5079475322879637,0.7154286813029606,2,0.29214670881792243,0.04633406689237133,0.05381978253533631,0.041441816140800516,0.065877124767974,0.027378328615427754,0.08141556645162513,30,101,0.036385526968852,0.1085657851233893,False,False,False,0.00015369424318241855,COMPLETE
18,0.09069270193576813,2025-04-07 08:23:57.603521,2025-04-07 08:25:27.405871,0 days 00:01:29.802350,0.8579832854943616,0.47764928639488646,2,0.2884227479300929,0.007532337466059871,0.05122049662089638,0.044213802173157145,0.06908385690821492,0.002530962288328012,0.0955519370987486,25,96,0.01937674929139777,0.09129537945243875,True,True,True,0.0007369635508200904,COMPLETE
19,0.48718920946121214,2025-04-07 08:25:27.414658,2025-04-07 08:26:01.561409,0 days 00:00:34.146751,0.6089776206248162,0.27222164736933174,8,0.25333294881454793,0.04767265332273177,0.083341894795621,0.024474058492087152,0.07707223012619176,0.020755671925899367,0.03455333856536512,20,103,0.032159969770786494,0.010578200548518546,False,False,False,0.0001444159335477796,COMPLETE
20,0.49856407642364503,2025-04-07 08:26:01.570420,2025-04-07 08:26:43.454489,0 days 00:00:41.884069,0.6133228131800658,0.22691328550134726,8,0.2538487085992287,0.05331368571668357,0.05873003912422349,0.02073113322168521,0.08028814736715967,0.018241739164181335,0.02756869719701764,30,88,0.03423038676945741,0.003637557932709798,False,False,False,0.00012881165063247988,COMPLETE
21,0.5134095668792724,2025-04-07 08:26:43.464009,2025-04-07 08:27:25.259685,0 days 00:00:41.795676,0.5950623557955417,0.16602689579165364,8,0.24642202250046333,0.04380885610455248,0.059069313927102574,0.020050559221246298,0.08000836882905771,0.018235881571519418,0.09838795789799955,30,87,0.03640498407136636,0.005670041022639807,False,False,False,0.0001258450897897847,COMPLETE
22,0.5263874650001527,2025-04-07 08:27:25.269374,2025-04-07 08:28:02.292984,0 days 00:00:37.023610,0.6161002934622772,0.18289068810223902,8,0.252819150388314,0.052630884262582944,0.07405590799915826,0.0168378093955783,0.08312532711915802,0.014886682184378582,0.023105231640015125,24,80,0.031020427483916414,0.007537287604881827,False,False,False,0.000100141952101499,COMPLETE
23,0.5362181663513184,2025-04-07 08:28:02.302974,2025-04-07 08:28:40.266817,0 days 00:00:37.963843,0.7158337934916167,0.025253885816844596,8,0.25072447755519656,0.06459783060717945,0.06228984077636713,0.015542018751491134,0.09419402718525705,0.01159751606573319,0.016464649292232222,25,82,0.04375413371575414,0.003188577589005823,False,False,False,6.573771730508634e-05,COMPLETE
24,0.5194018244743348,2025-04-07 08:28:40.277114,2025-04-07 08:29:17.321271,0 days 00:00:37.044157,0.726818528682158,0.04784645838700932,8,0.18884733082730484,0.022617235365201983,0.07030898976668842,0.01208832233040168,0.09951118330467476,0.014479277794703482,0.014576998905550694,24,71,0.04393362582533882,0.03787641814147054,False,False,False,4.1782370397665244e-05,COMPLETE
25,0.5015451550483704,2025-04-07 08:29:17.332909,2025-04-07 08:29:54.227106,0 days 00:00:36.894197,0.7415545751456242,0.057158258968914216,8,0.19476301038267768,0.01904265806599692,0.07299791171367948,0.004142089943115912,0.09918851732890625,0.009702992897241337,0.015400070916810372,24,57,0.04444546028495374,0.041247309482359405,False,False,False,4.0670005547812076e-05,COMPLETE
26,0.09069270193576813,2025-04-07 08:29:54.237778,2025-04-07 08:30:27.596899,0 days 00:00:33.359121,0.8726217883686784,0.09443158413285636,8,0.1970412233041491,0.06815308369516695,0.04365943047540693,0.013039939534309881,0.08907173311194513,0.03435995526638151,0.0013268548864422934,25,38,0.05915339689336816,0.03382735367676575,True,True,True,3.5689880507113764e-05,COMPLETE
27,0.5329196453094482,2025-04-07 08:30:27.608076,2025-04-07 08:30:59.381041,0 days 00:00:31.772965,0.7215456454552677,0.16116600829080774,8,0.19704202644413482,0.02605033090779091,0.07580925811284833,0.0334234372612851,0.09103977245037725,0.0010771768845633956,0.0047188345700921374,18,75,0.042347709493311333,0.05029530575145886,False,False,False,3.6163082273901958e-06,COMPLETE
28,0.549709153175354,2025-04-07 08:30:59.392582,2025-04-07 08:31:31.562633,0 days 00:00:32.170051,0.40846584660165397,0.1625289398628429,8,0.23744868688326976,0.07216165485437463,0.09000838279170582,0.03375979552987565,0.09018157608936511,0.0039894879746182575,0.0038614291471719105,18,79,0.026292314008827807,0.05195661238606315,False,False,False,5.902248362368114e-06,COMPLETE
29,0.09285624623298647,2025-04-07 08:31:31.574429,2025-04-07 08:31:59.141801,0 days 00:00:27.567372,0.41394362776943644,0.11266441629751164,8,0.21169253980941516,0.10224964761377181,0.08986351034000771,0.036566382858913796,0.08872534553425868,0.0033486126370399646,0.004406723562537855,17,22,0.02637184462945148,0.06348190572293662,True,False,True,4.095669140606851e-06,COMPLETE
30,0.33441327810287474,2025-04-07 08:31:59.153792,2025-04-07 08:32:31.465233,0 days 00:00:32.311441,0.5365932206791522,0.3323974892329457,8,0.23923366063625537,0.12071797440013665,0.09236664904524322,0.03318650947267312,0.08957280170899126,0.0015144225340203796,0.00039887140677940337,18,54,0.0019404523257499258,0.06325936208685182,False,False,False,5.173349075707559e-06,COMPLETE
31,0.5099078297615052,2025-04-07 08:32:31.477609,2025-04-07 08:33:10.617533,0 days 00:00:39.139924,0.6726363964994471,0.1641895234755741,8,0.2705684208131138,0.02701400893983064,0.07585689837463994,0.015766615288264826,0.07441260784871453,0.010562515052746104,0.004303243361994659,27,78,0.02819603026703297,0.022655134577251046,False,False,False,1.7854269960834542e-05,COMPLETE
32,0.5688237309455872,2025-04-07 08:33:10.630088,2025-04-07 08:33:46.256016,0 days 00:00:35.625928,0.4090721313514749,0.17068220183871227,8,0.2718260277028719,0.06655775530965685,0.06475949582520757,0.05107751630018912,0.09172243276176845,0.024863246626766526,0.0010777534633744092,22,80,0.01392074533985662,0.02505165838484448,False,False,False,0.000365741322162527,COMPLETE
33,0.5709746837615967,2025-04-07 08:33:46.269290,2025-04-07 08:34:15.108659,0 days 00:00:28.839369,0.41067238027650543,0.12988707851662576,8,0.29915439966205204,0.06656863944531653,0.06363823058675022,0.04847599888164429,0.09300281206589757,0.023175957345737866,0.0010781202930491914,14,68,0.016688199999892402,0.053143015798085745,False,False,False,0.00029608655902518095,COMPLETE
34,0.25669562816619873,2025-04-07 08:34:15.121779,2025-04-07 08:34:38.325805,0 days 00:00:23.204026,0.4066294582558199,0.29750900345671305,16,0.2991780571032242,0.07466401922304505,0.06695378294858695,0.0496507944471528,0.059343693938251486,0.02998282484777801,0.0011550447285086688,14,64,0.010535402629102499,0.02629133412767094,False,False,False,0.0003135155153566131,COMPLETE
35,0.4049576580524445,2025-04-07 08:34:38.339390,2025-04-07 08:35:03.731872,0 days 00:00:25.392482,0.2577669000829289,0.10342862330155161,8,0.27512056944336294,0.11240061103185475,0.06270835687236202,0.051609349202493715,0.08419615694161466,0.022831134966370088,0.00015362002157658528,10,50,0.017218030266371434,0.07838560567704633,False,False,False,0.0009884181886481791,COMPLETE
36,0.35645837187767027,2025-04-07 08:35:03.746906,2025-04-07 08:35:37.724662,0 days 00:00:33.977756,0.22063555064048151,0.21410221182217162,8,0.26816490408093463,0.16137168703895208,0.05614513118122629,0.061524683798747135,0.07224207979255913,0.036996639053316835,0.0006270990467221737,20,84,0.006660115772252211,0.16263150690550962,False,False,False,0.00029147291593244727,COMPLETE
37,0.09069270193576813,2025-04-07 08:35:37.738865,2025-04-07 08:36:08.290236,0 days 00:00:30.551371,0.4009310229681207,0.011008591672259899,8,0.23478258745518782,0.0682663278020988,0.04610844046300913,0.0472403160641942,0.09443282860861026,0.025188070204583593,0.0022211281906029464,22,31,0.01545692049126332,0.02458805034466854,False,True,True,7.218851903173496e-05,COMPLETE
38,0.4947634458541871,2025-04-07 08:36:08.304606,2025-04-07 08:36:33.611296,0 days 00:00:25.306690,0.4636149823007703,0.10665478321580875,16,0.1413456998578611,0.18350776669683427,0.06501279808361336,0.055585508432534195,0.09487048834844863,0.047980173158877495,0.0015522495307816189,14,110,0.022527710847008876,0.06685443345533718,True,False,False,0.00034817846810998354,COMPLETE
39,0.3550111413002014,2025-04-07 08:36:33.626918,2025-04-07 08:37:06.489643,0 days 00:00:32.862725,0.16451331660047175,0.5258197635373587,8,0.2832675108566779,0.12136916564853896,0.07994637923012977,0.03155932570080363,0.08472310148317796,0.008629261013934703,0.00012524503613038103,19,70,0.011567699427679918,0.10215244797518408,False,False,False,0.0005351933657776618,COMPLETE
40,0.3581760346889496,2025-04-07 08:37:06.506141,2025-04-07 08:37:37.671850,0 days 00:00:31.165709,0.5441014869526923,0.31461214711952834,8,0.2993071439714789,0.23113599970083876,0.003840384916983172,0.0667540625782427,0.05801817538524918,0.054353887494069233,0.0006551900943593778,17,60,0.006381563536621199,0.04848744076645078,False,False,False,0.00021087563630660272,COMPLETE
41,0.584984290599823,2025-04-07 08:37:37.687118,2025-04-07 08:38:07.214087,0 days 00:00:29.526969,0.35378006787548255,0.15700175590710858,8,0.26578876947530855,0.03398527405948573,0.09074014466219993,0.026757657897469898,0.09095016450862693,0.012840054347339574,0.003929295970635016,15,72,0.039769490575315515,0.05028583610021963,False,False,False,2.0686075841932734e-06,COMPLETE
42,0.5684732437133789,2025-04-07 08:38:07.229969,2025-04-07 08:38:28.990217,0 days 00:00:21.760248,0.37524583147325485,0.1356110071153222,8,0.2632267034659804,0.06197557396979545,0.08908763811852462,0.0255127874536612,0.09928173281323258,0.013835578461159835,0.0026747404792886423,5,65,0.0240618343190002,0.02854528594208778,False,False,False,6.971886004977816e-07,COMPLETE
43,0.605211079120636,2025-04-07 08:38:29.011409,2025-04-07 08:38:50.653587,0 days 00:00:21.642178,0.3681171649856928,0.12893967595809724,8,0.2696162842286717,0.03469488627686373,0.08864065182196763,0.026992821299555363,0.09817406292105585,0.014182469621202296,0.0027497758435231414,5,47,0.02422263963258209,0.2789514298813218,False,False,False,7.966476676106454e-07,COMPLETE
44,0.5679025292396546,2025-04-07 08:38:50.669961,2025-04-07 08:39:12.448383,0 days 00:00:21.778422,0.35716031168736934,0.22501837160439878,8,0.2648062122137858,0.03588333375448226,0.09902236951971458,0.026847348492317593,0.09968558963679716,0.015242439690255604,0.0008277979149282663,5,43,0.02234354809823353,0.19829259614406894,False,False,False,9.653747772605876e-07,COMPLETE
45,0.2280400335788727,2025-04-07 08:39:12.464949,2025-04-07 08:39:30.053889,0 days 00:00:17.588940,0.25552058815404394,0.12800264723291818,16,0.2812264018998702,0.0021659977282471043,0.0864840491270254,0.007438836912485539,0.0846806896800961,0.03329288919244139,0.00036576172459030934,5,50,0.012913008378527487,0.2730336499272573,False,True,False,2.7348910737329847e-07,COMPLETE
46,0.5802363753318787,2025-04-07 08:39:30.071024,2025-04-07 08:39:53.586353,0 days 00:00:23.515329,0.37830189845607687,0.07044578116027309,8,0.2631562480517999,0.08676665925191769,0.0937476366841467,0.05517162862545279,0.09551382242657985,0.025691968715384258,0.001800749444948934,7,64,0.019899282830634277,0.22777259638044733,True,False,False,1.967773851845375e-06,COMPLETE
47,0.08100911676883699,2025-04-07 08:39:53.603443,2025-04-07 08:40:15.191856,0 days 00:00:21.588413,0.45519122372072734,0.06941718081423834,8,0.2820594211756549,0.08925649864237958,0.09367480126764532,0.05611967068431197,0.07794863194247266,0.027067642943910668,0.0014435394566434862,8,27,0.0067139040898924465,0.2497830515316513,True,False,True,2.6956967437362487e-06,COMPLETE
48,0.4463473498821259,2025-04-07 08:40:15.209659,2025-04-07 08:40:39.278430,0 days 00:00:24.068771,0.27793133251438096,0.3572408522734447,8,0.05849914328976796,0.13994886373568954,0.07985639822259925,0.07196831388919986,0.09248029517334616,0.023625864052687313,0.00034381352389469135,8,35,0.019804686378572724,0.2857744902582505,True,False,False,1.4417952622706826e-06,COMPLETE
49,0.14412370324134827,2025-04-07 08:40:39.296460,2025-04-07 08:40:57.120330,0 days 00:00:17.823870,0.10544463538743393,0.25762891719687614,16,0.2298847439600078,0.03629345016517943,0.09903841722307952,0.05589874621435008,0.08796068727565223,0.04124095472537684,2.8120683688860813e-05,7,47,0.029838904924844117,0.25622601726442795,True,True,False,1.3036614535451123e-07,COMPLETE
50,0.47792168855667116,2025-04-07 08:40:57.139049,2025-04-07 08:41:23.120568,0 days 00:00:25.981519,0.29198434111727506,0.20100207144503282,8,0.2617022973683738,0.08262342366171707,0.08596491757806012,0.04404714799697795,0.07295571161250103,0.030462982549511606,0.0020583811114823452,10,61,0.00151637787587873,0.22434213585463075,True,False,False,2.1629740905359403e-06,COMPLETE
51,0.5540642261505128,2025-04-07 08:41:23.141313,2025-04-07 08:41:45.653200,0 days 00:00:22.511887,0.35791709679288114,0.1249720591809093,8,0.2651158181598416,0.06026762518846469,0.08917568689747546,0.023717001337511544,0.09639071089930114,0.006918419032697257,0.003066475310932486,6,66,0.023826334846474565,0.19417821836521787,True,False,False,5.738036032163492e-07,COMPLETE
52,0.5694386005401612,2025-04-07 08:41:45.672013,2025-04-07 08:42:11.586807,0 days 00:00:25.914794,0.3813541512414579,0.05673422717148688,8,0.012397934220439139,0.03550329056114218,0.09465332379652507,0.03747145596613785,0.09572497065085793,0.01611493233620418,0.0009625658428602745,10,72,0.018220827331140603,0.21516980452194875,False,False,False,1.0891373362228698e-06,COMPLETE
53,0.568930733203888,2025-04-07 08:42:11.606844,2025-04-07 08:42:36.956090,0 days 00:00:25.349246,0.44164991155428984,0.0741704151085663,8,0.029748903784446796,0.013297225974749673,0.09651978479840635,0.047081362750161976,0.09551704027002118,0.018732292341976937,0.0008690377000046499,10,72,0.018238630163685876,0.23270237815398045,False,False,False,3.570913998395782e-07,COMPLETE
54,0.415391081571579,2025-04-07 08:42:36.975727,2025-04-07 08:43:02.664122,0 days 00:00:25.688395,0.49454231967297135,0.07135104698767002,8,0.012838473089534695,0.00926623220505985,0.09601467768024372,0.037072647145316766,0.08586622617430965,0.01849736737003587,0.0018407630497576024,10,72,0.018901581330748207,0.23407367446909566,False,False,False,1.297949660049492e-06,COMPLETE
55,0.5994015812873841,2025-04-07 08:43:02.683871,2025-04-07 08:43:29.294913,0 days 00:00:26.611042,0.3246856566432552,0.06882226553481607,8,0.022276921004735516,0.035271747614773946,0.09415541388344892,0.046969452110745116,0.09607119219983123,0.02073083355228895,0.0009173598268581086,11,55,0.018752557289382313,0.21423605345974706,True,False,False,3.8624020141497953e-07,COMPLETE
