number,value,datetime_start,datetime_complete,duration,params_alpha-eval,params_alpha-train,params_batch-size,params_eps-eval,params_eps-train,params_lambda-actions-eval,params_lambda-actions-train,params_lambda-frames-eval,params_lambda-frames-train,params_learning-rate,params_n-epochs,params_n-frames,params_radius-gw,params_rho,params_std-feats,params_ub-actions,params_ub-frames,params_weight-decay,state
1736,0.5712534666061402,2025-04-08 00:50:31.013368,2025-04-08 00:50:56.157202,0 days 00:00:25.143834,0.0303979071081142,0.054372528434647974,8,0.15966186550022482,0.010339276127846662,0.029383776404986125,0.020291897766618022,0.07627593374825797,0.04989333798525583,0.00028550240376589645,13,43,0.06668328252858423,0.2766025113317792,False,False,True,6.7177855860862765e-06,COMPLETE
1737,0.0883399099111557,2025-04-08 00:50:56.712730,2025-04-08 00:51:21.678330,0 days 00:00:24.965600,0.02715511015344029,0.09626270664269324,8,0.16526500134276167,0.15535600185608095,0.03198634879326734,0.018368170490246593,0.07369560623168754,0.04980838675883614,0.00033287172624561306,13,37,0.06818017972297166,0.2678694627784613,False,False,True,5.350372950655418e-06,COMPLETE
1738,0.6255440473556519,2025-04-08 00:51:22.248016,2025-04-08 00:51:47.599611,0 days 00:00:25.351595,0.010417047606370656,0.029415366153638864,8,0.15701545512726225,0.00615242573410741,0.03169729081363292,0.021568282649584016,0.07549594188786593,0.0520453534908504,0.0002098135418371839,13,40,0.06384291979811584,0.2776499376425284,False,False,True,4.684992471001139e-06,COMPLETE
1739,0.6789173007011413,2025-04-08 00:51:48.152066,2025-04-08 00:52:12.595455,0 days 00:00:24.443389,0.0453181070135429,0.1262223951055274,8,0.17308950518717134,0.01923410001163835,0.03635740567662673,0.01705099635250202,0.0733870442668764,0.049019234194690106,0.0002641701986442337,12,34,0.0644908155603413,0.2724163858456245,False,False,True,9.531202718338229e-06,COMPLETE
1740,0.7000972628593446,2025-04-08 00:52:13.165928,2025-04-08 00:52:38.024567,0 days 00:00:24.858639,0.05534300205167837,0.1436879940944802,8,0.15538402723112482,0.014811986071934239,0.0340337778789293,0.018836537953528482,0.07744083073554621,0.050798014753517626,0.000350718891159409,13,30,0.06418926440115927,0.28341167556701863,False,False,True,0.000981577590091918,COMPLETE
1741,0.569796085357666,2025-04-08 00:52:38.573949,2025-04-08 00:53:03.199605,0 days 00:00:24.625656,0.027827571389977955,0.07278609462085162,8,0.16564895019009795,0.00565517063278341,0.033912691965240604,0.016676513965375908,0.07161028574304124,0.05226525322076632,0.0002876376767338594,12,37,0.06619484972698848,0.27801116658150454,False,False,True,4.014036635024245e-06,COMPLETE
1742,0.7014287233352662,2025-04-08 00:53:03.775143,2025-04-08 00:53:28.969840,0 days 00:00:25.194697,0.04357674656562469,0.09981245696446359,8,0.16942613029868783,0.010687025282703705,0.032228120815530586,0.020218038806604815,0.07474203073460696,0.04736277594098001,0.00036594743818539366,13,33,0.06531523570533754,0.2815938768870658,False,False,True,1.7036225720576582e-06,COMPLETE
1743,0.27357878088951115,2025-04-08 00:53:29.516866,2025-04-08 00:53:54.436547,0 days 00:00:24.919681,0.05754660333360812,0.12393775717606459,8,0.15515633877619486,0.08396993896759959,0.027222245826401897,0.0164841163163033,0.07174953226306366,0.05189261531129274,0.0002227084175114755,13,45,0.07014087648637553,0.26764787064981355,False,True,True,6.572665827591725e-06,COMPLETE
1744,0.5760444164276124,2025-04-08 00:53:55.012739,2025-04-08 00:54:19.913281,0 days 00:00:24.900542,0.030609445455782352,0.06330730542646006,8,0.17962675506421696,0.020341185769417545,0.030767453118401185,0.019007595210599467,0.07722409265968794,0.053884531793286665,0.00013830777233748086,12,41,0.06296730877051884,0.2899121809348497,False,False,True,2.3209775126557823e-06,COMPLETE
1745,0.3021335482597351,2025-04-08 00:54:20.470537,2025-04-08 00:54:45.751199,0 days 00:00:25.280662,0.010215466471601313,0.10080994654111332,8,0.1603573244959389,0.015399497656634793,0.03408231045942683,0.015336376214796686,0.07354818802432737,0.04935880114105531,0.00030391646827689496,13,35,0.06838702779683975,0.29477816674150853,True,False,True,4.140629939130427e-06,COMPLETE
1746,0.10032158493995667,2025-04-08 00:54:46.327016,2025-04-08 00:55:10.936637,0 days 00:00:24.609621,0.05754481138527188,0.1477622496635928,8,0.18362505856477765,0.1755289051334961,0.0372827857929675,0.01773989299864959,0.07208262567437287,0.053154055718254586,0.00038166752674651937,13,30,0.06612671711816094,0.27449317745168234,False,False,True,2.784973316163669e-06,COMPLETE
1747,0.5701179504394531,2025-04-08 00:55:11.492193,2025-04-08 00:55:35.899283,0 days 00:00:24.407090,0.042653863243232656,0.08351063049316798,8,0.1555231752626575,0.005778472181790047,0.029932557108133303,0.022542187084775105,0.07952643407481001,0.04702889729231826,0.0002769201776554052,12,38,0.062030329709647905,0.29986668362281965,False,False,True,1.8294495164117652e-06,COMPLETE
1748,0.7071171998977661,2025-04-08 00:55:36.481037,2025-04-08 00:56:01.505997,0 days 00:00:25.024960,0.059961090505162684,0.12328679188359151,8,0.17387443065224947,0.019720742300813415,0.030468570569126392,0.014458266168700027,0.07591300360400545,0.05238777205789122,0.00019038321574395034,13,32,0.06760868135837446,0.28624131453631185,False,False,True,4.921774610050076e-06,COMPLETE
1749,0.7049094319343567,2025-04-08 00:56:02.061508,2025-04-08 00:56:27.688453,0 days 00:00:25.626945,0.027068099790779353,0.14432873853339526,8,0.1641748096777815,0.01111702830204473,0.028697052613399283,0.016550483065202723,0.07478073276181356,0.049845410111659175,0.0003343826565894556,14,35,0.06450625083903042,0.2801109844436479,False,False,True,7.232766540940679e-06,COMPLETE
1750,0.5852278828620912,2025-04-08 00:56:28.269458,2025-04-08 00:56:52.699175,0 days 00:00:24.429717,0.041050020019363295,0.10463774449996993,8,0.15340308296651317,0.005734258322505201,0.028612659447271368,0.020030027099000442,0.069772266063075,0.05473707873787585,0.00023603047905678787,12,40,0.0627084991173122,0.2899648900584011,False,False,True,3.659685525693604e-06,COMPLETE
1751,0.4238224804401398,2025-04-08 00:56:53.256951,2025-04-08 00:57:18.383128,0 days 00:00:25.126177,0.5035866981017427,0.04586933566696673,8,0.16103167663331738,0.021721532637313364,0.033249478795369526,0.013742022951217325,0.07262222970598309,0.05013198659637532,0.0004008196295242836,13,37,0.0654970538604762,0.2835296534499303,False,False,True,2.127197162036946e-06,COMPLETE
1752,0.6997427344322205,2025-04-08 00:57:18.936317,2025-04-08 00:57:44.564125,0 days 00:00:25.627808,0.06762217231225423,0.08118511115575408,8,0.17055625813009914,0.00032018316216095993,0.027324680532696308,0.018054956573052977,0.08278150805582978,0.05618435522652368,0.0003116310547330006,14,30,0.06130396545080359,0.2738401558076383,False,False,True,3.080358707620201e-06,COMPLETE
1753,0.7031151771545411,2025-04-08 00:57:45.144682,2025-04-08 00:58:10.150463,0 days 00:00:25.005781,0.023742460051242677,0.12832808919852215,8,0.1791279291217176,0.014571472439438973,0.0271739960478503,0.015394754638359149,0.07730652406616816,0.04797446523269921,0.0002503360892966205,13,33,0.07220593959182235,0.29384098515151225,False,False,True,5.520986536363195e-06,COMPLETE
1754,0.574336326122284,2025-04-08 00:58:10.706542,2025-04-08 00:58:36.530937,0 days 00:00:25.824395,0.04372947789999941,0.11168419754140896,8,0.15508337999437533,0.0003005116946679983,0.032113804698981514,0.013019440859774814,0.070262280146335,0.051585191866450615,0.00036010285742521476,14,41,0.06329184214217841,0.27977521364041397,False,False,True,1.3747368595830084e-05,COMPLETE
1755,0.7592640638351441,2025-04-08 00:58:37.106533,2025-04-08 00:59:02.199662,0 days 00:00:25.093129,0.0657029324336788,0.14866332173029462,8,0.1620454453661883,0.013124345007572459,0.029871284302714112,0.021280479493244058,0.07383078725916328,0.053828788546860504,0.0004329102075949842,13,36,0.06708651657847511,0.287510639569033,False,False,True,1.719521857658477e-06,COMPLETE
1756,0.5237066149711609,2025-04-08 00:59:02.781238,2025-04-08 00:59:53.900788,0 days 00:00:51.119550,0.07619187873958624,0.14471227649695279,2,0.16719742520707953,0.008789874139261099,0.030817451952840084,0.011924583844557527,0.0749256864432696,0.0517163046353749,0.0002876729169740211,12,44,0.07088474841397936,0.29509915937361886,False,False,True,1.7151912609334946e-06,COMPLETE
1757,0.4084130704402924,2025-04-08 00:59:54.460146,2025-04-08 01:00:19.725390,0 days 00:00:25.265244,0.0887031738381742,0.1335873551509814,8,0.1694169870201357,0.005991737084901656,0.03612985278991729,0.016529787419019785,0.0740838499368089,0.049598837643748075,0.00020355998087530033,13,75,0.06706582441745106,0.2888797328169572,False,False,True,1.959427477321402e-06,COMPLETE
1758,0.5800939321517945,2025-04-08 01:00:20.280121,2025-04-08 01:00:45.306993,0 days 00:00:25.026872,0.07151421559402557,0.1445082503067474,8,0.16627134425383125,0.010108346278879429,0.03380161790547407,0.01817047179651001,0.07675005374121932,0.054157609989233274,0.00042912940579636937,13,40,0.07134310840173715,0.29553017593974057,False,False,True,2.1970573142413303e-06,COMPLETE
1759,0.5711907267570496,2025-04-08 01:00:45.888638,2025-04-08 01:01:10.775024,0 days 00:00:24.886386,0.06972739307465818,0.1116111005989112,8,0.1615148359443821,0.00015871657790869458,0.03118986949403021,0.014457230489047544,0.07555874589751105,0.0528392335575932,0.0003464013702988306,12,42,0.06935427872253468,0.29137650104126855,False,False,True,1.7469835861048078e-06,COMPLETE
1760,0.5699957728385926,2025-04-08 01:01:11.328621,2025-04-08 01:01:36.429185,0 days 00:00:25.100564,0.07531355816249778,0.12809100110032318,8,0.17377364060166972,0.010786449107855457,0.030148716585327473,0.021556824432552538,0.0782366222623289,0.04866875188640677,0.00025737416427210665,13,38,0.06920148026423611,0.2996615922889664,False,False,True,2.587604291908969e-06,COMPLETE
1761,0.5582076430320739,2025-04-08 01:01:37.007584,2025-04-08 01:02:01.281030,0 days 00:00:24.273446,0.33995988125365184,0.1495819973678779,8,0.1636408255399671,0.006170570998528302,0.03290116545769343,0.012147070141713474,0.07303265973714593,0.04669115895996355,0.017659690994629704,12,38,0.07336793497965134,0.2869612749882338,False,False,True,2.4022050857173846e-06,COMPLETE
1762,0.09265601187944413,2025-04-08 01:02:01.835273,2025-04-08 01:02:26.687905,0 days 00:00:24.852632,0.06119935273870203,0.12262597479976643,8,0.1695757537893886,0.013996966324255018,0.04123511906853473,0.01578144223266497,0.07513659808592185,0.05131558179893421,0.00015487906071656217,13,43,0.06662598217458883,0.2892484502279251,False,True,True,1.6316961134384805e-06,COMPLETE
1763,0.7380445957183838,2025-04-08 01:02:27.271157,2025-04-08 01:02:52.199566,0 days 00:00:24.928409,0.06444633054028936,0.097813277807095,8,0.174875824214454,0.010158948198544779,0.029936928989420214,0.010298531595553401,0.08035570823795952,0.05358108312964425,0.00033054754717508757,12,36,0.06725252058398218,0.2942544957578139,False,False,True,2.5331898808292943e-06,COMPLETE
1764,0.289134556055069,2025-04-08 01:02:52.757614,2025-04-08 01:03:18.060782,0 days 00:00:25.303168,0.7151636902531058,0.15228393714739996,8,0.15988670374068345,0.005380346479789135,0.03542691160573303,0.01873004370915598,0.07272368890450447,0.04985682909459416,0.0004330414916789926,13,47,0.06966526343796935,0.2850214676207904,True,False,True,1.7262318363344393e-06,COMPLETE
1765,0.5782603859901428,2025-04-08 01:03:18.640158,2025-04-08 01:03:43.865514,0 days 00:00:25.225356,0.08549235676724411,0.12945527408189386,8,0.18500676090449109,0.01447019219971988,0.029475833791592555,0.013705013299887867,0.07597349523948982,0.05121455816007083,0.00038432889016285095,13,39,0.06546669368569094,0.29015826288410124,False,False,True,3.3547604231617314e-06,COMPLETE
1766,0.751986312866211,2025-04-08 01:03:44.426117,2025-04-08 01:04:09.535547,0 days 00:00:25.109430,0.06106856938240029,0.09332222877699264,8,0.16403596398512096,0.005816458399273619,0.03244223002498657,0.016975835581154217,0.07846786458175578,0.0466214476769508,0.000296316110331731,13,36,0.06735615738838915,0.28474996881693204,False,False,True,2.0052976200588293e-06,COMPLETE
1767,0.5378331899642945,2025-04-08 01:04:10.120959,2025-04-08 01:04:34.674639,0 days 00:00:24.553680,0.08342747469605725,0.06962364209125793,8,0.16529837665669544,0.004663943786282158,0.03445891578584298,0.014137017151361014,0.08394379922017364,0.05429086644513574,0.0002216832984246137,12,45,0.06816849580516726,0.2834190175728608,False,False,True,2.2752996696471467e-06,COMPLETE
1768,0.4783368289470673,2025-04-08 01:04:35.230574,2025-04-08 01:05:00.484309,0 days 00:00:25.253735,0.09768204896190086,0.08119596809321711,8,0.16815306716359726,0.00533224075553123,0.03281597187108906,0.01577560855320654,0.08121292488531077,0.05286308849729814,0.00017889105112960725,12,125,0.06693208901653776,0.2951390012928837,False,False,True,3.032014454828904e-06,COMPLETE
1769,0.44995608925819397,2025-04-08 01:05:01.073223,2025-04-08 01:05:26.352179,0 days 00:00:25.278956,0.44117186815284304,0.09153273034931997,8,0.1644583278567928,0.004577621773905145,0.03866856234801983,0.011559734929724707,0.07947418612674875,0.0488180375130867,0.0002457308096968308,13,40,0.06906410415060801,0.2823902551575544,False,False,True,2.25373687673311e-06,COMPLETE
1770,0.5855229377746582,2025-04-08 01:05:26.909611,2025-04-08 01:05:51.266843,0 days 00:00:24.357232,0.08684252263695488,0.044253227180615494,8,0.17118180447559095,0.004872502454872915,0.032022887657446784,0.016147837245092632,0.07896385484487971,0.046534917976436524,0.0002876716194555197,12,40,0.07235073619946036,0.2869857177147424,False,False,True,3.006078658870264e-06,COMPLETE
1771,0.5711907267570496,2025-04-08 01:05:51.842961,2025-04-08 01:06:17.221503,0 days 00:00:25.378542,0.07467752094494469,0.06662201412683358,8,0.16129288855799442,0.0002746280240318172,0.03382033873422085,0.012044575948522719,0.08299474749217839,0.051045314715573734,0.0002127751934373249,13,42,0.06875177426337471,0.2901675541308206,False,False,True,2.0362128430725486e-06,COMPLETE
1772,0.5728091597557068,2025-04-08 01:06:17.776820,2025-04-08 01:06:43.450788,0 days 00:00:25.673968,0.09563947701476375,0.09443292399817707,8,0.17594807840167603,0.009635045120777409,0.03164381737976553,0.0136578148234299,0.07855163140324513,0.055063747507389654,0.00025999697188578905,13,37,0.07013737135130597,0.29961248797450546,False,False,True,2.6756157358475715e-06,COMPLETE
1773,0.570121455192566,2025-04-08 01:06:44.030314,2025-04-08 01:07:08.546809,0 days 00:00:24.516495,0.06520205531641853,0.10758421905486998,8,0.01179772851820221,0.0052556099035317985,0.03708717781787104,0.016946388793260422,0.08132927344275512,0.04863952355179121,0.000284416339618792,12,44,0.066595873269149,0.2813083387357183,False,False,True,3.7058120472573764e-06,COMPLETE
1774,0.5687301635742188,2025-04-08 01:07:09.131556,2025-04-08 01:07:34.226301,0 days 00:00:25.094745,0.07804930804598975,0.05863096589707534,8,0.16146004958723748,0.009551335651776544,0.035120681916925134,0.010388765882522116,0.07998560939345742,0.052143676597313324,0.0001906795423630883,13,38,0.06661711501439427,0.2998905470966747,False,False,True,2.044644464587555e-06,COMPLETE
1775,0.7216066360473633,2025-04-08 01:07:34.792201,2025-04-08 01:08:00.125613,0 days 00:00:25.333412,0.10189907559071434,0.09063602131266894,8,0.16923761483695848,0.0060953977807644945,0.031479952887784574,0.014493554946791123,0.07728785577328294,0.055517474628561464,0.0002328064428176637,13,36,0.06473912924318828,0.2912822577960628,False,False,True,4.2623362673847675e-06,COMPLETE
1776,0.5920761346817016,2025-04-08 01:08:00.687085,2025-04-08 01:08:26.330302,0 days 00:00:25.643217,0.06988368469774249,0.10792395221692577,8,0.17643342278360072,0.010967319278352166,0.03284190853947125,0.015586898149501312,0.07775704219994874,0.053366591192216394,0.00029870348274459754,13,41,0.06472973675315864,0.27953291303486427,False,False,True,3.1941939410269405e-06,COMPLETE
1777,0.7466738224029542,2025-04-08 01:08:26.913566,2025-04-08 01:08:51.426761,0 days 00:00:24.513195,0.06251439742325679,0.0772695755369939,8,0.15797696098908215,0.0006970488743565017,0.030570631573450434,0.012681525004410827,0.0772111819182607,0.05079072736782326,0.0003169363730217257,12,36,0.06847687422521649,0.28559898848011017,False,False,True,2.4393151864611293e-06,COMPLETE
1778,0.5708403706550598,2025-04-08 01:08:51.991748,2025-04-08 01:09:43.336182,0 days 00:00:51.344434,0.09852711635082473,0.023046056202562212,2,0.16044535683169533,0.001223201938693787,0.03570044185686397,0.009844748352931726,0.08092239504982827,0.05646016203127514,0.00034281940153970444,12,39,0.07052317927648452,0.2763961625775561,False,False,True,2.3627230567635816e-06,COMPLETE
1779,0.6995108008384705,2025-04-08 01:09:43.921463,2025-04-08 01:10:08.650363,0 days 00:00:24.728900,0.0901502998846516,0.02958704413957816,8,0.16312272760168267,0.004076590173017966,0.031207100014357295,0.010428842408697608,0.07862507219508222,0.054019737928343345,0.0003311619977524141,12,35,0.06859691036064698,0.27951523341872275,False,False,True,1.8177254525858258e-06,COMPLETE
1780,0.5697650432586671,2025-04-08 01:10:09.214059,2025-04-08 01:10:33.884930,0 days 00:00:24.670871,0.07937691425649256,0.05057882008011738,8,0.16800326009687733,0.0009948137341514152,0.030482047552898312,0.01193345405632193,0.08129089499617835,0.05133488689143795,0.0003144082197859963,12,36,0.07096784853567646,0.2731070437772689,False,False,True,2.3098561098041363e-06,COMPLETE
1781,0.17294382452964785,2025-04-08 01:10:34.478735,2025-04-08 01:10:58.803960,0 days 00:00:24.325225,0.10987644599332565,0.05423140510300907,8,0.159076209053873,0.0001904326006503149,0.03438594814303838,0.009738171268317806,0.07766153615048169,0.053008008200871835,0.00036186231217856513,12,42,0.06805362282886791,0.2837147403368682,False,True,True,2.602498356454619e-06,COMPLETE
1782,0.5723845005035401,2025-04-08 01:10:59.370148,2025-04-08 01:11:23.342936,0 days 00:00:23.972788,0.0667068174408461,0.06613712019421442,8,0.1659676960497814,0.0005416997952109808,0.029117815973451273,0.012452324428280238,0.0795029049462676,0.05610780131553028,0.0003011767988856698,11,39,0.07263627377905617,0.2784550892204992,False,False,True,1.6813502554807208e-06,COMPLETE
1783,0.35323041677474976,2025-04-08 01:11:23.930724,2025-04-08 01:11:48.625044,0 days 00:00:24.694320,0.0901255103373667,0.07180229727679512,8,0.15910489008746784,0.0055061882578719005,0.030914528456001865,0.011725154440715372,0.07881706487005861,0.006891231265221287,0.0003710241412395647,12,93,0.07015152766543212,0.2838232034221929,False,False,True,2.072321450657264e-06,COMPLETE
1784,0.5712534666061402,2025-04-08 01:11:49.187089,2025-04-08 01:12:13.706882,0 days 00:00:24.519793,0.06270729040834677,0.0330955207120058,8,0.1714321508667048,0.0006398833729412013,0.03286945434047239,0.012483094836725677,0.0764499142211183,0.048060474135726144,0.0002927425607491496,12,46,0.06968915839755649,0.269186337112287,False,False,True,2.7534153848107224e-06,COMPLETE
1785,0.38429564833641056,2025-04-08 01:12:14.288116,2025-04-08 01:12:37.866177,0 days 00:00:23.578061,0.0779439180257328,0.04819928100328988,8,0.16485155423409933,0.010502152521563096,0.03215590532719184,0.013161940955840331,0.08211175901642154,0.050283713437866216,0.00036974697379822224,11,35,0.07213392151707343,0.28537053317277583,True,False,True,1.7519996189743128e-06,COMPLETE
1786,0.5712534666061402,2025-04-08 01:12:38.453794,2025-04-08 01:13:02.944747,0 days 00:00:24.490953,0.05928197544996237,0.07136665302218995,8,0.15818575053964856,0.005997157187562995,0.0296632154510473,0.010286590231884767,0.07703769562913196,0.05470082532949105,0.00026734537942173106,12,42,0.06691264848460099,0.276423819181892,False,False,True,2.5482604713751616e-06,COMPLETE
1787,0.5707738041877747,2025-04-08 01:13:03.517263,2025-04-08 01:13:28.019252,0 days 00:00:24.501989,0.1138814464599263,0.07871457179193019,8,0.1713027079183997,0.0005387584520755256,0.03226150478484991,0.009332717540364757,0.07681237661650787,0.05771561835942388,0.0003297568075092249,12,38,0.06613887626597241,0.2853431578645103,False,False,True,2.015599721614399e-06,COMPLETE
1788,0.7323787808418274,2025-04-08 01:13:28.588661,2025-04-08 01:13:53.185992,0 days 00:00:24.597331,0.08632407600533826,0.08175204853821721,8,0.17817028651957506,0.00011675883535318919,0.034428895614760424,0.01389447897291634,0.07957611502449438,0.04607887180289969,0.0003900784923017068,12,36,0.0684967827567329,0.27197657882098586,False,False,True,2.966335034286675e-06,COMPLETE
1789,0.3581611275672913,2025-04-08 01:13:53.775566,2025-04-08 01:14:17.950357,0 days 00:00:24.174791,0.06190713165779891,0.9051125161093088,8,0.16441254449401904,0.011835089197408211,0.030416603461878588,0.013006472766039799,0.07636821025967025,0.052333449860797784,0.00026551513504740584,12,34,0.06815839853957929,0.2793607719501235,False,False,True,1.7010181629893835e-06,COMPLETE
1790,0.5833919763565064,2025-04-08 01:14:18.516520,2025-04-08 01:14:43.018471,0 days 00:00:24.501951,0.06152019050913607,0.051716526769807786,8,0.15774567726529054,0.013607964349879868,0.03655518833766006,0.010831214362213371,0.08495481686619971,0.04908505689927701,0.00032505490510264715,12,40,0.06525007996046017,0.28788231636388156,False,False,True,2.6417297910959043e-06,COMPLETE
1791,0.7024296164512634,2025-04-08 01:14:43.607840,2025-04-08 01:15:07.711939,0 days 00:00:24.104099,0.09720117579197277,0.08566902496430732,8,0.17124379130033446,0.009445505782130624,0.028768765377266307,0.014041152783203056,0.07519198040097472,0.05737001781613831,0.00041598328273022457,11,35,0.06817380420461669,0.2811530418218526,False,False,True,3.295156397295375e-06,COMPLETE
