number,value,datetime_start,datetime_complete,duration,params_alpha-eval,params_alpha-train,params_batch-size,params_eps-eval,params_eps-train,params_lambda-actions-eval,params_lambda-actions-train,params_lambda-frames-eval,params_lambda-frames-train,params_learning-rate,params_n-epochs,params_n-frames,params_radius-gw,params_rho,params_std-feats,params_ub-actions,params_ub-frames,params_weight-decay,state
448,0.5479877471923829,2025-04-07 15:15:33.382509,2025-04-07 15:16:00.079435,0 days 00:00:26.696926,0.02966803877524438,0.10247410478077507,16,0.12547885800277647,0.010855836388242923,0.025001831946186926,0.04141051834992406,0.015471416158987169,0.09316919379853186,1.4628189224835087e-05,23,52,0.08918586452485819,0.08446544193522489,False,False,False,1.1488366181074059e-08,COMPLETE
449,0.5526621580123902,2025-04-07 15:16:00.218275,2025-04-07 15:16:24.748525,0 days 00:00:24.530250,0.042881411983506895,0.08973667888156095,16,0.11442998581271663,0.00981820275618708,0.02699176503972592,0.034406312101336066,0.009378468691789248,0.0892627295250877,2.3020261050780815e-05,24,48,0.09018395292347205,0.09566427815661922,False,False,True,2.331023352141383e-08,COMPLETE
450,0.11727349907159806,2025-04-07 15:16:24.886450,2025-04-07 15:16:48.805185,0 days 00:00:23.918735,0.05337061850985144,0.1985860908714438,16,0.10793027996993974,0.00026877313723514505,0.020141348358103408,0.039806011697909954,0.012665230805067377,0.08982054280623387,2.719901485296148e-05,24,44,0.08626210400183475,0.08858513976720225,False,True,False,2.8609536624590317e-08,COMPLETE
451,0.5516874670982361,2025-04-07 15:16:48.953387,2025-04-07 15:17:15.948514,0 days 00:00:26.995127,0.010651185796386256,0.11916357169066087,16,0.1072298317064542,0.012554317718992984,0.030493045915112746,0.04375037177666525,0.01819778786670036,0.08763009902202089,1.9418207475242647e-05,24,47,0.08937159744364158,0.10225028702583644,False,False,False,1.550594204544586e-08,COMPLETE
452,0.5667040824890137,2025-04-07 15:17:16.087579,2025-04-07 15:17:42.708916,0 days 00:00:26.621337,0.06277622566898572,0.14507280280423535,16,0.1158062393316801,0.007778864666877862,0.022421234213662676,0.03643273535619256,0.010470310801784384,0.09147543532725289,2.4079308194000334e-05,23,41,0.09071364858019086,0.08852142298127906,False,False,False,2.1081034253799334e-08,COMPLETE
453,0.6131157517433167,2025-04-07 15:17:42.848397,2025-04-07 15:18:08.847909,0 days 00:00:25.999512,0.031059284858041738,0.16788656606711722,16,0.10234285185975953,0.016551247382582967,0.02468001854821838,0.041578300929959476,0.014238372662027321,0.0684041802061439,2.9244825150296855e-05,22,31,0.09186326610613633,0.09384943833492787,False,False,False,3.307840918901428e-08,COMPLETE
454,0.5265948534011841,2025-04-07 15:18:08.998387,2025-04-07 15:18:36.444864,0 days 00:00:27.446477,0.04130979351845353,0.09037634853438631,16,0.10946994072266104,0.013596246712512175,0.023546696435001947,0.04602141009207138,0.008216977862966787,0.0951252224824352,1.5461058894203953e-05,25,51,0.08888155013903702,0.04356560525426004,False,False,False,1.2767697668532313e-08,COMPLETE
455,0.6375914454460145,2025-04-07 15:18:36.584236,2025-04-07 15:19:03.777544,0 days 00:00:27.193308,0.026987055875927955,0.1298642885503064,16,0.09903023141433143,0.00822891053258138,0.02807763201811911,0.038977120777033775,0.01644489671657116,0.08828344682308036,2.154184722187006e-05,24,45,0.09281933603435982,0.03368881599871888,False,False,False,2.9167545032028752e-08,COMPLETE
456,0.4051284492015839,2025-04-07 15:19:03.917907,2025-04-07 15:19:30.828582,0 days 00:00:26.910675,0.02657356881072965,0.21972777591858783,16,0.10020202906724227,0.005259333537631489,0.027689698020498383,0.03829887002859893,0.01975276788767412,0.09166788894883435,2.0481111348716203e-05,23,46,0.09059882331579731,0.04003661001216324,False,False,False,1.9250527894204586e-08,COMPLETE
457,0.545941972732544,2025-04-07 15:19:30.980773,2025-04-07 15:19:57.866002,0 days 00:00:26.885229,0.07652074749315108,0.13500915348936088,16,0.11085109830157595,0.007902777735921148,0.030337186049425674,0.035715241210423805,0.017241894933657024,0.08903415533119145,2.4944710230542025e-05,24,49,0.08500295029735162,0.025580887783209903,False,False,False,2.703636209981522e-08,COMPLETE
458,0.1089948132634163,2025-04-07 15:19:58.006811,2025-04-07 15:20:15.445141,0 days 00:00:17.438330,0.052005660900874995,0.15705305896132296,16,0.10513067718094818,0.011629798377751403,0.026571667147154254,0.03257697451210218,0.015249723581424578,0.08764931639130175,2.1129619809456442e-05,6,55,0.08742574680729807,0.028365341825806703,False,True,False,2.364450051481607e-08,COMPLETE
459,0.5805630445480348,2025-04-07 15:20:15.585497,2025-04-07 15:20:42.857433,0 days 00:00:27.271936,0.011526738065335565,0.10963240197985029,16,0.0978501657808905,0.013258868181522474,0.028673592691850408,0.037462061671258984,0.017058327552652155,0.09280577417448765,3.253046150150858e-05,24,45,0.09207565878519354,0.020025927626622086,False,False,False,1.6442103220226888e-08,COMPLETE
460,0.09069270193576813,2025-04-07 15:20:43.007954,2025-04-07 15:21:09.204445,0 days 00:00:26.196491,0.027123261973656963,0.08179186192557987,16,0.1185910254676569,0.0036264695735558836,0.03205694027888127,0.02995602693199509,0.014152912917083815,0.0870626257894326,2.6992060939144334e-05,23,52,0.09296416431857057,0.03779784577785039,False,False,False,3.148554989596468e-08,COMPLETE
461,0.5907723307609558,2025-04-07 15:21:09.346498,2025-04-07 15:21:36.160201,0 days 00:00:26.813703,0.010421150531197085,0.14264317819604136,16,0.10408195833015202,0.016522524322209527,0.020819379212631307,0.03886409527706042,0.01269684342094808,0.0898034541002738,1.823773204023517e-05,24,49,0.09075073316568763,0.037017745941026414,False,False,False,2.1495412694136615e-08,COMPLETE
462,0.4423374056816102,2025-04-07 15:21:36.303485,2025-04-07 15:22:03.055278,0 days 00:00:26.751793,0.061442941078325826,0.1813131986056033,16,0.0971494440689317,0.007950297640233554,0.02495090650352277,0.04053981045993007,0.011323095921561676,0.07454790924190813,2.423267401680205e-05,24,43,0.09327264718901765,0.029690587535664104,False,False,False,1.2318278072048146e-07,COMPLETE
463,0.09069270193576813,2025-04-07 15:22:03.208013,2025-04-07 15:22:28.727685,0 days 00:00:25.519672,0.09459566687099882,0.12252305389417353,16,0.1133196372434365,0.0002883002245902787,0.03445599791691148,0.04203199402383244,0.01622149996323478,0.08606318797192931,3.2934680837471734e-05,23,46,0.08947615082763422,0.04820708712295918,False,False,False,1.580922634287147e-08,COMPLETE
464,0.5696118831634522,2025-04-07 15:22:28.870315,2025-04-07 15:22:56.034180,0 days 00:00:27.163865,0.04393126716616136,0.09826852473748715,16,0.09759566238921139,0.015843878249977853,0.0218933136757014,0.03993143645337278,0.012283276600514854,0.07644936997249419,2.822953706230454e-05,25,38,0.09469228625696931,0.03307519103948911,False,False,False,2.8592874339207747e-08,COMPLETE
465,0.597456407546997,2025-04-07 15:22:56.188737,2025-04-07 15:23:23.385946,0 days 00:00:27.197209,0.028780219724247977,0.16470127365889617,16,0.10490858897055094,0.010229285105802231,0.02663111927627236,0.03729256405010392,0.014176330061560188,0.07286116433758355,2.2512183683899136e-05,24,50,0.08737372789952924,0.05424713692886819,False,False,False,3.4377209398718824e-08,COMPLETE
466,0.10657226294279099,2025-04-07 15:23:23.529783,2025-04-07 15:23:47.895163,0 days 00:00:24.365380,0.0729003327925933,0.2580740772665422,16,0.0947731645998898,0.018642389705888197,0.024214210227984027,0.033745878848039854,0.009975938045514065,0.08865898280137877,3.593354922132438e-05,25,55,0.09331051379362867,0.09859074067410065,False,True,False,1.9708537667159088e-08,COMPLETE
467,0.4863293528556824,2025-04-07 15:23:48.038120,2025-04-07 15:24:12.315888,0 days 00:00:24.277768,0.5613572993471108,0.08131310381799768,16,0.10957444646288697,0.006927922519845621,0.027760480073596598,0.04325256941256674,0.019691509299373643,0.09403290088459834,2.879160493831329e-05,24,43,0.09203614028245265,0.10441986366981905,False,False,True,1.2834897428809479e-08,COMPLETE
468,0.5596957802772522,2025-04-07 15:24:12.471804,2025-04-07 15:24:39.446917,0 days 00:00:26.975113,0.052067257349477605,0.13511029947704212,16,0.10354201705714992,0.013800312117351447,0.0195038516886431,0.03963010663011615,0.01602676728269112,0.09086306851953795,1.9345781998084097e-05,23,98,0.0817851073838923,0.12157500402515445,False,False,False,1.0045413685088744e-08,COMPLETE
469,0.5712534666061402,2025-04-07 15:24:39.591040,2025-04-07 15:25:07.169646,0 days 00:00:27.578606,0.027271676828188606,0.06538334263223251,16,0.09450756753981675,0.018820839867627573,0.029848845871287062,0.019759193594271793,0.011867870003461477,0.08658323753328147,3.5458614254390955e-05,25,47,0.09996359982700645,0.04530598525879105,False,False,False,2.4550769868741434e-08,COMPLETE
470,0.5559506416320801,2025-04-07 15:25:07.313574,2025-04-07 15:25:34.338707,0 days 00:00:27.025133,0.059470136340503084,0.11191237895964434,16,0.09991072340040519,0.013987604221147651,0.02386265741797136,0.04122241480894973,0.018023365119176495,0.07795661783408016,2.5091411868725402e-05,24,40,0.054929960568274094,0.0812211879687042,False,False,False,7.401147554730141e-08,COMPLETE
471,0.09069270193576813,2025-04-07 15:25:34.494695,2025-04-07 15:26:01.058790,0 days 00:00:26.564095,0.011181284458281048,0.19073776842757523,16,0.128528593046072,0.0004572689858652369,0.05386398285522153,0.049242991669821046,0.009377266438522899,0.08491630020516083,1.6996978246353685e-05,25,45,0.09519089505998526,0.09004418317816495,False,False,False,3.74966546571192e-08,COMPLETE
472,0.6064985752105713,2025-04-07 15:26:01.203649,2025-04-07 15:26:28.866198,0 days 00:00:27.662549,0.04282817664291908,0.15339930413999117,16,0.1207604622371949,0.019418853458154618,0.02109632973675682,0.04402343913015726,0.013568635962941104,0.07543525594376382,3.0219189297859397e-05,25,49,0.08962529826638205,0.05605599122475328,False,False,False,2.8639603631988986e-08,COMPLETE
473,0.6382067918777466,2025-04-07 15:26:29.011438,2025-04-07 15:26:55.104430,0 days 00:00:26.092992,0.08254857356201467,0.09606653062488349,16,0.09156011354678212,0.008228037263811688,0.02540858554866169,0.03620099542510487,0.010897194963796361,0.07780672378076227,2.1744392685598445e-05,22,42,0.09575410222109292,0.0516211404494433,False,False,False,1.7298401888707798e-08,COMPLETE
474,0.5504109501838684,2025-04-07 15:26:55.259304,2025-04-07 15:27:21.238799,0 days 00:00:25.979495,0.09924994911582127,0.13095658296428847,16,0.09276606131797842,0.006951352092384894,0.02537500009478697,0.011156029519552314,0.01456572872384302,0.07071623874684788,2.01134255365561e-05,22,37,0.09395592636326357,0.04882435689744179,False,False,False,1.474530440679934e-08,COMPLETE
475,0.10679665654897691,2025-04-07 15:27:21.385100,2025-04-07 15:27:44.625418,0 days 00:00:23.240318,0.07935650236422842,0.10931316252360145,16,0.1007482528637893,0.006147941027235907,0.028861342370915498,0.03498930363914236,0.011258618004775359,0.0774567425610815,1.6106242705861754e-05,22,41,0.09203408037927698,0.043494530638775605,False,True,False,1.7175224252565474e-08,COMPLETE
476,0.6428097248077393,2025-04-07 15:27:44.782896,2025-04-07 15:28:11.311314,0 days 00:00:26.528418,0.029653240562068348,0.09527694470008247,16,0.10988459466082684,0.011841895694806417,0.02252016972821938,0.03621882849407305,0.01263094228966401,0.07446576734965218,2.1521601817858605e-05,23,42,0.0960197837171616,0.053487163595351384,False,False,False,1.884909169960316e-08,COMPLETE
477,0.09069270193576813,2025-04-07 15:28:11.457013,2025-04-07 15:28:37.634693,0 days 00:00:26.177680,0.02934158422870156,0.14582934199343067,16,0.11252637155986918,0.0006637549946368164,0.02341043660076078,0.03610930232604786,0.01641063218410286,0.07523542553852776,2.2796699232767858e-05,23,35,0.010625290156845397,0.0364141323708452,False,False,False,1.2442537690828823e-08,COMPLETE
478,0.34884892106056214,2025-04-07 15:28:37.781494,2025-04-07 15:29:03.388039,0 days 00:00:25.606545,0.010852816408156843,0.7347577100474507,16,0.10784839764443639,0.009529096792624625,0.021693164714755617,0.034374960979009335,0.014150232512988765,0.07382699852698432,2.6874076212389393e-05,21,39,0.08606569299582853,0.04927793548011573,False,False,False,1.875300361821335e-08,COMPLETE
479,0.503406822681427,2025-04-07 15:29:03.545638,2025-04-07 15:29:30.172999,0 days 00:00:26.627361,0.02744519287938087,0.09766175496593546,16,0.11897738972654126,0.009939463128242282,0.02678662577737334,0.03616848737055746,0.012356331577104146,0.07059526330522849,1.394553972455195e-05,22,42,0.0953870009139693,0.05353566907834572,False,False,False,1.5942643511222607e-08,COMPLETE
480,0.5377330541610718,2025-04-07 15:29:30.320029,2025-04-07 15:29:56.803010,0 days 00:00:26.482981,0.08073236004174364,0.12188753555192161,16,0.23024309094016251,0.012817498223933507,0.02265845914971501,0.03314354100381872,0.01856723079058326,0.06552887794245815,1.8874920223197487e-05,23,37,0.09820937665927415,0.03366371022169472,False,False,False,2.0715691081631314e-08,COMPLETE
481,0.09069270193576813,2025-04-07 15:29:56.952289,2025-04-07 15:30:22.676068,0 days 00:00:25.723779,0.04569529707362306,0.17390211784781442,16,0.11251322759869577,0.004565637411842112,0.025395451465629583,0.03740274673796896,0.014725134715043216,0.07308889084101138,2.4840226167158985e-05,23,43,0.08896062088805996,0.042748302553040844,False,False,False,1.2816164035816268e-08,COMPLETE
482,0.532510268688202,2025-04-07 15:30:22.834893,2025-04-07 15:30:48.886423,0 days 00:00:26.051530,0.010873250313288002,0.09508266887702793,16,0.10269664977072802,0.01652695380628699,0.03710508491863679,0.038705060759104654,0.012190604111290252,0.07588078812351844,3.188167191147515e-05,22,40,0.09129285665031343,0.05514905576740772,False,False,False,2.2213092195087293e-08,COMPLETE
483,0.120701202750206,2025-04-07 15:30:49.033929,2025-04-07 15:31:12.323590,0 days 00:00:23.289661,0.06145337390411533,0.12947399518649272,16,0.10612926501484643,0.0057312773510980785,0.018723216398770077,0.03839033496566933,0.008260889155544938,0.07250392657026156,2.220053608702962e-05,23,26,0.0934290541946668,0.050715529759553596,False,True,False,1.6461466526000427e-08,COMPLETE
484,0.5685846328735352,2025-04-07 15:31:12.483498,2025-04-07 15:31:39.335529,0 days 00:00:26.852031,0.03057447678205262,0.15473784299684445,16,0.09803063102235214,0.012688181759952403,0.025617095245269356,0.03143521704452532,0.016807120182911126,0.07774937267764519,1.8012220908706397e-05,23,44,0.08311274781618566,0.061324199505110734,False,False,False,2.2957114273434486e-08,COMPLETE
485,0.585009789466858,2025-04-07 15:31:39.483859,2025-04-07 15:32:05.506600,0 days 00:00:26.022741,0.09449433091494375,0.11332923481634408,16,0.11460711268581895,0.017412765762881324,0.016860343409293724,0.03650646848568316,0.01076584994976831,0.07590415141813424,2.8776149909110296e-05,22,52,0.09625885640731988,0.044776086535204734,False,False,False,1.4461443052740555e-08,COMPLETE
486,0.5742850303649902,2025-04-07 15:32:05.655380,2025-04-07 15:32:32.046935,0 days 00:00:26.391555,0.04459815524791137,0.09500700892242059,16,0.2422426565327787,0.009575116405872103,0.020591098950005916,0.03971659232673672,0.01317421581302742,0.07924254071191114,2.5227019252972966e-05,23,40,0.09994892586291096,0.05711967241199788,False,False,False,1.872346157651948e-08,COMPLETE
487,0.5711698174476624,2025-04-07 15:32:32.209361,2025-04-07 15:32:59.580997,0 days 00:00:27.371636,0.06775801184573713,0.20171062343358112,16,0.10681375326570658,0.018658575229804318,0.060042509058646755,0.03850692386052121,0.015007623807784906,0.07855677034014555,3.1499287018136124e-05,24,43,0.015447298235449712,0.025108356007224938,False,False,False,2.5612922391043656e-08,COMPLETE
488,0.42851506471633916,2025-04-07 15:32:59.731580,2025-04-07 15:33:26.332277,0 days 00:00:26.600697,0.9135691703372564,0.1381782182117737,16,0.09221113993275977,0.010942653835586022,0.02367365390050289,0.041470871800314384,0.011021661469929356,0.09722945581123867,3.7781969574069486e-05,23,47,0.0970967778811232,0.048659694744831866,False,False,False,1.2876730394979088e-08,COMPLETE
489,0.43253761529922485,2025-04-07 15:33:26.480992,2025-04-07 15:33:53.553688,0 days 00:00:27.072696,0.030880348321133577,0.16198936663276461,16,0.1367420764895124,0.0059494549809374145,0.027166533802599153,0.028228961664166607,0.008879549747308743,0.07402335952931112,1.5562550646217636e-05,24,49,0.0949511437655135,0.062253968171610406,False,False,False,1.862725881224752e-08,COMPLETE
490,0.6769892573356628,2025-04-07 15:33:53.715526,2025-04-07 15:34:17.908400,0 days 00:00:24.192874,0.027299911073010313,0.06397679159304304,16,0.09869873338630361,0.013910620701304837,0.0011078947941649084,0.034974787464963714,0.013165479700010023,0.07758627295456616,2.0822409369830957e-05,24,35,0.0909443812595483,0.0952536582757786,False,False,True,2.655628403884294e-08,COMPLETE
491,0.5808013677597046,2025-04-07 15:34:18.059616,2025-04-07 15:34:41.895028,0 days 00:00:23.835412,0.061958570223235934,0.06166956939516843,16,0.10053464030929316,0.00010005761017973548,0.0010374309087661376,0.03354310356254213,0.01625916030933888,0.0760113093344671,1.9730909907706858e-05,23,34,0.09023278077969656,0.09494963245556914,False,False,True,2.3308307636115796e-08,COMPLETE
492,0.13423606306314467,2025-04-07 15:34:42.055325,2025-04-07 15:35:06.292201,0 days 00:00:24.236876,0.6068830946056616,0.05191268047967505,16,0.12273379497954634,0.01325925653500027,0.0032903409664983216,0.03538857524152975,0.01990685229508942,0.07136155187322915,1.7201301816251045e-05,24,35,0.08819397971412582,0.10493063705417108,False,True,True,1.0210526315604771e-08,COMPLETE
493,0.6502520322799683,2025-04-07 15:35:06.444382,2025-04-07 15:35:30.321513,0 days 00:00:23.877131,0.044761174268644274,0.06699805241073364,16,0.10915362465096827,0.007094550250624837,0.002322836159914532,0.03085429684986382,0.018094286877011898,0.07701257898796182,2.1898432292545096e-05,23,26,0.0865703834224798,0.09634933635432338,False,False,True,1.5529880547862752e-08,COMPLETE
494,0.5270248293876648,2025-04-07 15:35:30.474602,2025-04-07 15:35:54.109124,0 days 00:00:23.634522,0.4292053916172466,0.056593180444818716,16,0.11261801540849087,0.0048295818474380185,0.002399285128869045,0.0313838060587311,0.018745693944733764,0.07317586185839282,2.185321040179756e-05,22,25,0.09075147795560504,0.10809911107923692,False,False,True,1.4253896588102848e-08,COMPLETE
495,0.2083296924829483,2025-04-07 15:35:54.271287,2025-04-07 15:36:17.713770,0 days 00:00:23.442483,0.07954748221920542,0.07419941467288743,16,0.1172606513326857,0.006897591246219534,0.02224017381739453,0.031262998064419296,0.020937659826355887,0.07652341972218746,1.4570905736241134e-05,22,22,0.09264905856816985,0.1008578887634735,False,False,True,7.52001270750487e-06,COMPLETE
496,0.5128507852554322,2025-04-07 15:36:17.864523,2025-04-07 15:36:41.698013,0 days 00:00:23.833490,0.05126073482257054,0.0724847678216753,16,0.10529709366352198,0.01205599111701546,0.031926684598899004,0.029315293995216485,0.016729127191962203,0.07530274076821877,1.7461693863096182e-05,23,37,0.0858719641284251,0.09944422710434542,False,False,True,1.572243653721515e-08,COMPLETE
497,0.6685413241386413,2025-04-07 15:36:41.849775,2025-04-07 15:37:05.943785,0 days 00:00:24.094010,0.04476815021891302,0.08571441883759018,16,0.10822632936471943,0.0005015339085399171,0.0024633190855812975,0.032744970734610246,0.01829755344685842,0.0770120569754952,2.1438919985325673e-05,23,30,0.0875126438991995,0.09268506070636341,False,False,True,2.962187231993807e-08,COMPLETE
498,0.6493593573570252,2025-04-07 15:37:06.108082,2025-04-07 15:37:30.090592,0 days 00:00:23.982510,0.103700510959995,0.060366830683693425,16,0.11282305951455736,0.004317802111983973,0.0017753203269010851,0.03268149049463756,0.019727089579299806,0.07686047076457352,1.9392496002423236e-05,23,31,0.08648632491776378,0.11361348944731231,False,False,True,2.860945017039325e-08,COMPLETE
499,0.4451917827129364,2025-04-07 15:37:30.242731,2025-04-07 15:37:54.182110,0 days 00:00:23.939379,0.10564946445915867,0.05787929818169145,16,0.10713186928045487,0.0016825243852870986,0.0023892306388260936,0.03281568648849644,0.022307162131112845,0.07449571900427542,1.5383678006634622e-05,22,28,0.08495772867057025,0.11891567176037893,False,False,True,2.7052890913615625e-05,COMPLETE
500,0.12146340310573578,2025-04-07 15:37:54.346331,2025-04-07 15:38:17.954658,0 days 00:00:23.608327,0.10012682007786788,0.05283062089402175,16,0.10758747958463546,0.00019518978138240856,0.0013125179129153013,0.03390787199726307,0.01942651784991482,0.07690055139257979,1.8668297039120312e-05,23,21,0.08869550215246277,0.11523787046238972,False,True,True,3.1874535484606865e-08,COMPLETE
501,0.6115047693252563,2025-04-07 15:38:18.108171,2025-04-07 15:38:41.080152,0 days 00:00:22.971981,0.09020218830067503,0.04503527709144058,16,0.12095930503186679,0.003928118815336192,0.0012933458285588014,0.030600363659285573,0.022234400030824233,0.07258390909688028,2.03313016902452e-05,21,30,0.08664126465317212,0.10807064617350752,False,False,True,2.1240409659120476e-08,COMPLETE
502,0.6429201006889343,2025-04-07 15:38:41.233570,2025-04-07 15:39:05.150193,0 days 00:00:23.916623,0.07989065963503164,0.06942175917638375,16,0.11110338338969333,0.0008365311736462516,0.004388014806762104,0.029776797012967638,0.02009877356567046,0.0774897588601242,2.548108095297511e-05,22,28,0.08197991127751693,0.11322732839141471,False,False,True,1.2345007289318552e-08,COMPLETE
503,0.2278310537338257,2025-04-07 15:39:05.315765,2025-04-07 15:39:29.144392,0 days 00:00:23.828627,0.10498396548660228,0.06904916052055271,16,0.11190868955372626,0.0007085728177993154,0.005468826357359341,0.025195291494334433,0.020532085826924375,0.07429728198036253,1.2732677992907873e-05,22,26,0.08115102647662523,0.12792144869347005,False,False,True,1.0844777190398464e-08,COMPLETE
