number,value,datetime_start,datetime_complete,duration,params_alpha-eval,params_alpha-train,params_batch-size,params_eps-eval,params_eps-train,params_lambda-actions-eval,params_lambda-actions-train,params_lambda-frames-eval,params_lambda-frames-train,params_learning-rate,params_n-epochs,params_n-frames,params_radius-gw,params_rho,params_std-feats,params_ub-actions,params_ub-frames,params_weight-decay,state
112,0.6777411103248596,2025-04-20 18:46:15.406127,2025-04-20 18:46:38.922411,0 days 00:00:23.516284,0.6449858975813181,0.07884886030377869,16,0.18483977533829057,0.01737191031447726,0.06547993018112196,0.07724781484894205,0.05129040138390664,0.052180192896412306,0.0015199175204666563,14,27,0.0063550955889252955,0.2546987683167125,False,False,False,5.062595714369659e-05,COMPLETE
113,0.6397972702980042,2025-04-20 18:46:38.959940,2025-04-20 18:47:02.142493,0 days 00:00:23.182553,0.6414146728165055,0.043662969525360466,16,0.18523469927768685,0.055161140307859485,0.08115132007672787,0.07804211792441877,0.04555062791467314,0.05696571155677891,0.0004634456773458215,14,30,0.003533207581662521,0.20633107388615862,False,False,False,2.475682551258223e-06,COMPLETE
114,0.5712534666061402,2025-04-20 18:47:02.180526,2025-04-20 18:47:24.368218,0 days 00:00:22.187692,0.5435733269501464,0.07677033745355623,16,0.18648362162627674,0.0547461930266637,0.07926683373516757,0.07815931602270847,0.043891822190092834,0.05723226978765728,0.0004875806350727352,12,38,0.0047624455830523466,0.25545990714862366,False,False,False,2.389873058407595e-06,COMPLETE
115,0.6504850029945374,2025-04-20 18:47:24.407027,2025-04-20 18:47:47.917706,0 days 00:00:23.510679,0.5960989171963178,0.05918983944801902,16,0.17958880375382663,0.04606359236993843,0.0376468519194174,0.07136572622345451,0.05066283792903035,0.05338425085341747,0.001345843169737696,14,29,0.0027266094143058323,0.2010543216266929,False,False,False,1.3202821100459437e-06,COMPLETE
116,0.6506454586982727,2025-04-20 18:47:47.956747,2025-04-20 18:48:11.232668,0 days 00:00:23.275921,0.5940734401045571,0.04832733587054025,16,0.1780674602945938,0.04530018249051915,0.08145971415697335,0.07395719419521259,0.05068262669363768,0.05300829926748023,0.001325834452367758,14,29,0.0032010299118743948,0.20442338981881658,False,False,False,1.2884176849469928e-06,COMPLETE
117,0.5948404550552369,2025-04-20 18:48:11.271661,2025-04-20 18:48:34.436086,0 days 00:00:23.164425,0.5709002216549899,0.049504402427824945,16,0.20905291809949622,0.06524877459633661,0.08177756222917643,0.07120644385854201,0.04575709231536752,0.05317057133547994,0.0014155214250642788,14,29,0.007102713256500008,0.20383726342000844,False,False,False,1.1872314771849558e-06,COMPLETE
118,0.6525624513626099,2025-04-20 18:48:34.476730,2025-04-20 18:48:57.653951,0 days 00:00:23.177221,0.5953374650217262,0.053937019290133656,16,0.20943821586561026,0.04787219085763061,0.08116502990035623,0.07408019137868922,0.05017070233010754,0.05327121709204241,0.0012929940560543697,14,28,0.0024756419764790888,0.2027521947205726,False,False,False,5.500503812033874e-07,COMPLETE
119,0.22083856463432314,2025-04-20 18:48:57.693383,2025-04-20 18:49:18.286209,0 days 00:00:20.592826,0.6030692868397441,0.02189048251958313,16,0.23238760401305575,0.04683345096821622,0.08936274132239767,0.07377342189580859,0.05085525421399452,0.05690799250223409,0.005043220333233937,13,26,0.004612072546675782,0.20134220447191337,False,True,False,1.2094272139835899e-06,COMPLETE
120,0.6486317276954652,2025-04-20 18:49:18.325577,2025-04-20 18:49:41.544314,0 days 00:00:23.218737,0.649179052161631,0.05981219824608932,16,0.16524453641531248,0.05785792275558419,0.08074494250691465,0.06756201193727542,0.0483797113919011,0.06516702973469547,0.0012565399791361074,14,32,0.0031617160855045637,0.183071577560532,False,False,False,6.417798464623778e-07,COMPLETE
121,0.6523357272148133,2025-04-20 18:49:41.584271,2025-04-20 18:50:04.776995,0 days 00:00:23.192724,0.6444140081476429,0.048517284560851595,16,0.1780351990465691,0.057790640105809574,0.080284467110692,0.07996460811765221,0.03880964424326017,0.06589126869837034,0.002022413639971783,14,32,0.0032336935339247856,0.18662065135098782,False,False,False,6.334215909435029e-07,COMPLETE
122,0.5712534666061402,2025-04-20 18:50:04.819505,2025-04-20 18:50:27.847235,0 days 00:00:23.027730,0.6441314469143131,0.04950771006196098,16,0.142898032641655,0.05542586857136687,0.08493183468034288,0.06840852739878095,0.038997717132455784,0.06762837718575156,0.0013409167437806434,14,33,0.0023816289565373582,0.1753063964714966,False,False,False,7.047812155851316e-07,COMPLETE
123,0.5407343149185181,2025-04-20 18:50:27.897522,2025-04-20 18:50:51.187398,0 days 00:00:23.289876,0.5863397676525467,0.10006978223326687,16,0.17813164648380506,0.0853145365240498,0.08046078167235211,0.07408984766819143,0.03166114135405224,0.06520085194354262,0.0019705922940752027,14,29,0.0032084686675881054,0.18560576639039136,False,False,False,9.635891364008312e-07,COMPLETE
124,0.5736154198646546,2025-04-20 18:50:51.228092,2025-04-20 18:51:13.672998,0 days 00:00:22.444906,0.5565408538052898,0.06454304207872422,16,0.19695026059372694,0.07731182466781127,0.07753204074359538,0.08162040982002117,0.04793999356122991,0.06953350462367255,0.00318773512311451,12,32,0.0033853866114191087,0.22280748594130476,False,False,False,1.4557895212087823e-06,COMPLETE
125,0.6207552075386048,2025-04-20 18:51:13.714433,2025-04-20 18:51:35.226582,0 days 00:00:21.512149,0.6158603134925316,0.09466687801689917,16,0.29825222833839393,0.05925102911125168,0.08842201147462765,0.07788435704316243,0.04120425637323771,0.05496182102302134,0.00119655361779587,10,29,0.011687424963433245,0.214195601979637,False,False,False,5.435116090812093e-07,COMPLETE
126,0.5621594667434693,2025-04-20 18:51:35.267577,2025-04-20 18:51:57.826057,0 days 00:00:22.558480,0.6469190183033502,0.027818466402884583,16,0.16504025014632803,0.07151903224724349,0.07555561354401433,0.07413293394054894,0.04476886970082938,0.06158526723014666,0.0022355888485864417,12,35,0.001233289169956346,0.1858486660723947,False,False,False,6.08233258869924e-07,COMPLETE
127,0.5698790550231934,2025-04-20 18:51:57.867882,2025-04-20 18:52:21.004389,0 days 00:00:23.136507,0.9886645599156445,0.0644310462651837,16,0.17856637004579068,0.04999518609845044,0.08519553682718525,0.06628897092303203,0.04987349488365062,0.05295370109075809,0.001465178269489992,13,37,0.005594171943118828,0.219535469131144,False,False,False,3.9439662671420016e-07,COMPLETE
128,0.6445072889328003,2025-04-20 18:52:21.046186,2025-04-20 18:52:44.357261,0 days 00:00:23.311075,0.9170525509038692,0.011807361654352193,16,0.1333120195728486,0.03960226531003504,0.08254851395606055,0.07792647138222454,0.052030079916368266,0.04845048096658508,0.0028721188487974923,14,25,0.002914005820721463,0.20950723036674662,False,False,False,1.497444050133322e-06,COMPLETE
129,0.6486007690429688,2025-04-20 18:52:44.400144,2025-04-20 18:53:07.083398,0 days 00:00:22.683254,0.9022489552344638,0.019475724302620685,16,0.13139737168156018,0.03935333414054103,0.07341368162824619,0.068036534381378,0.05318659306502626,0.04792712396702742,0.003998653533817174,13,26,0.010154402572550979,0.16675092384741386,False,False,False,9.117217283438211e-07,COMPLETE
130,0.08034652024507523,2025-04-20 18:53:07.126774,2025-04-20 18:53:27.538730,0 days 00:00:20.411956,0.8359838030986853,0.09546901156454331,16,0.14979327166941175,0.030892702098995688,0.0739214326258224,0.07006773033263021,0.048465882573359806,0.043185143741937035,0.004400174770462773,12,25,0.009901490294151374,0.15327118920441762,False,False,True,9.569148373052104e-07,COMPLETE
131,0.6448443770408631,2025-04-20 18:53:27.582546,2025-04-20 18:53:50.190322,0 days 00:00:22.607776,0.8901838091639789,0.016843849848171152,16,0.12841785703541417,0.04333663991255299,0.07726335593995151,0.06827205113781883,0.05182491287028426,0.048069436495198764,0.0027071770807370137,13,25,0.007157202573200114,0.19562205553579215,False,False,False,1.4852033511059024e-06,COMPLETE
132,0.6429428458213806,2025-04-20 18:53:50.234336,2025-04-20 18:54:13.024778,0 days 00:00:22.790442,0.9447923550415716,0.07354852285264632,16,0.13251895575413555,0.03558920597404193,0.07812759129460622,0.06701745541362693,0.05420111511630324,0.04739537372677018,0.006678604658552157,13,26,0.015668357732869335,0.16712346701893305,False,False,False,6.962177610226333e-07,COMPLETE
133,0.5179200410842896,2025-04-20 18:54:13.068031,2025-04-20 18:54:35.084709,0 days 00:00:22.016678,0.9010197659136284,0.11952777367343989,16,0.16215548460930918,0.04466203340333682,0.06511691750039038,0.07059528173302765,0.0502398650352819,0.05139974301758278,0.0018066517789119432,11,17,0.007455287771254389,0.19755456219897435,False,False,False,4.835504814358286e-07,COMPLETE
134,0.5794062972068788,2025-04-20 18:54:35.128465,2025-04-20 18:54:57.831443,0 days 00:00:22.702978,0.5606536171175751,0.010062396840975938,16,0.15614621437049678,0.04872584713695666,0.07637537115647178,0.06131632422189721,0.04172697572133674,0.028319295770299884,0.0038780094032095755,13,28,0.09537584613392716,0.19068885077274866,False,False,False,3.21432276406957e-07,COMPLETE
135,0.5396206617355347,2025-04-20 18:54:57.875780,2025-04-20 18:55:21.420331,0 days 00:00:23.544551,0.6165544994016922,0.0504121527178693,16,0.14155758801560953,0.03896475563762864,0.07199815776114024,0.06512652768983317,0.053145765083541484,0.05476459112942394,0.001056784265817196,15,21,0.012081047031348126,0.17974002914282838,False,False,False,1.0607321625702953e-06,COMPLETE
136,0.5712534666061402,2025-04-20 18:55:21.464615,2025-04-20 18:55:44.611295,0 days 00:00:23.146680,0.5373495797765795,0.025804532314379375,16,0.28280161338038223,0.018409751361234485,0.07915687497645764,0.07250588388478599,0.0592077381268159,0.04944456167011269,0.002512811488880914,14,35,0.0054606823318401635,0.16790867749432584,False,False,False,7.164956779895727e-07,COMPLETE
137,0.6620147824287415,2025-04-20 18:55:44.656048,2025-04-20 18:56:08.764702,0 days 00:00:24.108654,0.5913586378022363,0.07857347007267791,16,0.1277715447396364,0.0267817118334001,0.08749770431992006,0.06818811886514352,0.038630102769286245,0.0590713106405424,0.0033471640563059704,15,39,0.014136258004451062,0.24964130642573856,True,False,False,3.686795070995983e-07,COMPLETE
138,0.6722197771072388,2025-04-20 18:56:08.818907,2025-04-20 18:56:32.869093,0 days 00:00:24.050186,0.6038405901079106,0.11168636695576786,16,0.11667796968454441,0.028380817206391542,0.06256676642768821,0.07503705542818756,0.03640766631233933,0.05771246593682121,0.0006509142885422014,15,39,0.014455353915830308,0.25650374159796974,True,False,False,3.421410414386408e-07,COMPLETE
139,0.6005018591880799,2025-04-20 18:56:32.916445,2025-04-20 18:56:58.465484,0 days 00:00:25.549039,0.5818363952330282,0.11176061998399214,16,0.11525952522292442,0.030059667439017813,0.09192425799898804,0.07604037175117062,0.03424027157742984,0.05832614875388811,0.0006992735472113452,17,40,0.013864965888423085,0.24990528342160953,True,False,False,3.9998174901359224e-07,COMPLETE
140,0.3922896206378937,2025-04-20 18:56:58.511185,2025-04-20 18:57:22.684430,0 days 00:00:24.173245,0.6267693806857972,0.07941969754276444,16,0.16842776147099317,0.18332541927181614,0.09474520748543241,0.08086798011075881,0.03888008325617755,0.06060016042373635,0.0008179597796805563,15,33,0.004095769557428713,0.23525230083248785,True,False,False,3.1351970987432204e-07,COMPLETE
141,0.4892339944839478,2025-04-20 18:57:22.731054,2025-04-20 18:57:46.964146,0 days 00:00:24.233092,0.593374851744284,0.06029732280767232,16,0.17730578823838788,0.02613670877909441,0.062178870455212115,0.07468162328050883,0.03591982343853404,0.0531759851996354,0.0015835452420664125,15,37,0.009976412627632927,0.2755451143152029,True,False,False,7.354345760181782e-06,COMPLETE
142,0.6581483364105225,2025-04-20 18:57:47.010732,2025-04-20 18:58:10.453470,0 days 00:00:23.442738,0.6083615835543791,0.09044439479680115,16,0.13877016158852185,0.01563055269081263,0.06523278737946725,0.07267798254841276,0.03239797434764553,0.0642904300460858,0.0031905143093951885,14,32,0.015159719551798543,0.25828790803408624,True,False,False,5.307200553125256e-07,COMPLETE
143,0.5988000869750977,2025-04-20 18:58:10.502274,2025-04-20 18:58:34.524533,0 days 00:00:24.022259,0.5243481731752386,0.14436946154228966,16,0.13797749355174826,0.02075459446037429,0.05967812949166672,0.07238211512690208,0.03784624081948815,0.06499985389998532,0.002092854792670707,15,31,0.01648140483275448,0.2823964855299406,True,False,False,2.053260835125464e-07,COMPLETE
144,0.6617040872573853,2025-04-20 18:58:34.571764,2025-04-20 18:58:58.370533,0 days 00:00:23.798769,0.6362740921046794,0.11967066499946352,16,0.15482487184917545,0.015962083550235127,0.08738081925562606,0.0796561144545783,0.0315815473585984,0.06887269189967393,0.0012678933862546767,14,39,0.0012062805833354742,0.2614726023461167,True,False,False,5.515551497197039e-07,COMPLETE
145,0.5144412279129029,2025-04-20 18:58:58.419326,2025-04-20 18:59:22.453478,0 days 00:00:24.034152,0.6108592819858517,0.1564906218890201,16,0.15359031123078876,0.016196940459625088,0.08684100793385661,0.0801904420512601,0.03162591570390004,0.06866991832690757,0.0009723455346624309,15,44,0.013900707596244833,0.2604258514869598,True,False,False,4.599409065181307e-07,COMPLETE
146,0.14283117949962618,2025-04-20 18:59:22.503101,2025-04-20 18:59:44.480618,0 days 00:00:21.977517,0.5663304271482823,0.12804013088479999,16,0.20107806933323227,0.003583152068710865,0.06541087959312546,0.0829070619927653,0.027121386133431985,0.07084207061529747,0.0006405144241091425,16,39,0.0010096493167773,0.24583467023545394,True,True,False,3.7447164440438197e-07,COMPLETE
147,0.5480246186256409,2025-04-20 18:59:44.529163,2025-04-20 19:00:08.109670,0 days 00:00:23.580507,0.6892619818905267,0.08339402147199423,16,0.14927671706559167,0.01594741754210864,0.06464527107889047,0.07692217689484483,0.03460172227505376,0.06268873455686123,0.0034062859990884606,14,36,0.016932104490026575,0.2651074527333729,True,False,False,2.5217611575119515e-07,COMPLETE
148,0.09069270193576813,2025-04-20 19:00:08.158342,2025-04-20 19:00:32.300725,0 days 00:00:24.142383,0.5024274305382794,0.18712365711852624,16,0.1588462290975022,0.000988254981896683,0.062795292200026,0.0745561644368992,0.029802462608913994,0.05854204249483621,0.0003032848268416023,17,42,0.008396591056846685,0.2526214483691054,True,False,False,5.250055946001978e-07,COMPLETE
149,0.5763230085372926,2025-04-20 19:00:32.349436,2025-04-20 19:00:55.883623,0 days 00:00:23.534187,0.6274097249320923,0.10552605589523922,16,0.18186571002598656,0.025769811038333448,0.08415763252451205,0.07017724018535215,0.02941804409151264,0.05581142790521115,0.001748649478346773,14,34,0.08113878066935112,0.24072149243201812,True,False,False,5.645207967682786e-06,COMPLETE
150,0.5330538868904113,2025-04-20 19:00:55.932311,2025-04-20 19:01:20.095340,0 days 00:00:24.163029,0.5840309332520321,0.23798483237568904,16,0.2130928111371455,0.031230543469945186,0.0877923855299428,0.07935905786299656,0.02463361533190057,0.05970976779378212,0.005714609479185927,15,29,0.011824599379410043,0.2679208699303946,True,False,False,1.1703891296026744e-07,COMPLETE
151,0.5801817655563355,2025-04-20 19:01:20.153720,2025-04-20 19:01:43.411011,0 days 00:00:23.257291,0.6536055757988688,0.04078337366761636,16,0.1750470472609891,0.034002259246439466,0.09116346556629422,0.07256155571581904,0.043299188549672504,0.06585901958017223,0.0013394246062660136,14,31,0.07525232628563736,0.21796327609241956,True,False,False,6.770967733698688e-07,COMPLETE
152,0.31271628737449647,2025-04-20 19:01:43.461368,2025-04-20 19:02:07.387944,0 days 00:00:23.926576,0.6406327089555066,0.07937807731775455,16,0.16596110724899416,0.015164032467956213,0.06026892437167902,0.07674930963743654,0.04896174363628637,0.06380649464598938,0.0012134262744067786,14,52,0.005421929437864729,0.25878074989713573,True,False,False,7.994762286394375e-07,COMPLETE
153,0.7756306529045106,2025-04-20 19:02:07.440492,2025-04-20 19:02:30.715872,0 days 00:00:23.275380,0.7111207992232219,0.09749138154321277,16,0.14540920819019676,0.021531981128738113,0.05724801366253076,0.08499079808952399,0.03277974696135791,0.06687638870400552,0.001101541847447985,13,38,0.0026921023880376272,0.2960665328867865,True,False,False,6.059764262021531e-07,COMPLETE
154,0.5827654838562012,2025-04-20 19:02:30.765642,2025-04-20 19:02:54.524055,0 days 00:00:23.758413,0.7123907197571437,0.16200885577149238,16,0.14312593211471067,0.021054601614885166,0.057250054892259775,0.08476688456683838,0.032865750694953434,0.061558954495503,0.002147983122968197,13,40,0.014813641969878676,0.27250162613405954,True,False,False,1.5810413329463984e-05,COMPLETE
155,0.3615281283855439,2025-04-20 19:02:54.576267,2025-04-20 19:03:17.807709,0 days 00:00:23.231442,0.6821181190028923,0.09724066047186482,16,0.12131760339915897,0.027275735788173175,0.09736002310250211,0.07920879676335589,0.03618750123327451,0.052103358271961726,0.0005641513550335127,13,47,0.021255812719447303,0.28226964271641397,True,False,False,3.9495623932649817e-07,COMPLETE
156,0.09069270193576813,2025-04-20 19:03:17.861203,2025-04-20 19:03:39.238906,0 days 00:00:21.377703,0.5517652659817964,0.2715866511614422,16,0.11154706125386726,0.00011546885847392007,0.056836073850504314,0.04378967468125089,0.03993952961220649,0.07558528181040687,0.000883647598848684,11,37,0.0011985957195516095,0.2888831301415247,True,False,False,2.576243836995553e-05,COMPLETE
157,0.10780650377273561,2025-04-20 19:03:39.290065,2025-04-20 19:03:59.834698,0 days 00:00:20.544633,0.6125010629363319,0.12682374020183151,16,0.13653798154253804,0.01368004375589731,0.06024546426287583,0.0809650396234065,0.028154914625375473,0.0669044275228779,0.0016674384220347724,12,22,0.006320877575226398,0.2980623842402144,True,False,True,5.70808715253635e-07,COMPLETE
158,0.6852522730827332,2025-04-20 19:03:59.885564,2025-04-20 19:04:23.840724,0 days 00:00:23.955160,0.6596144973137232,0.10555988875577267,16,0.22760281544268265,0.03585101823280337,0.06353633890787705,0.08230849877918248,0.033208119385186335,0.05606060730191183,0.0004122000019323961,15,28,0.004352828967594703,0.2505140008635408,True,False,False,8.899371898456086e-06,COMPLETE
159,0.49864106178283696,2025-04-20 19:04:23.893391,2025-04-20 19:04:48.172705,0 days 00:00:24.279314,0.5922446467265465,0.1105139174190542,16,0.2308815774142586,0.02300892115426296,0.0644844126496256,0.08272061561176236,0.03342044488968911,0.05578193272088292,0.0003845817548696151,16,20,0.002751469753517691,0.288751743061447,True,False,False,9.002673345383475e-06,COMPLETE
160,0.37070110440254217,2025-04-20 19:04:48.226456,2025-04-20 19:05:14.766517,0 days 00:00:26.540061,0.6293803008399027,0.08386125981873749,16,0.1468568934899148,0.03518496398854964,0.06242858139484387,0.08605675682520204,0.030456119955646233,0.05360048504452318,0.00034428367617890684,15,110,0.00459997616722794,0.27825609068143314,True,False,False,3.4170208948182543e-07,COMPLETE
161,0.4916526079177857,2025-04-20 19:05:14.818881,2025-04-20 19:05:38.638957,0 days 00:00:23.820076,0.6690966746757265,0.22447069162684702,16,0.19670552472058034,0.049892181293172716,0.06636080488488834,0.0751220940890533,0.025745464069959527,0.057964217308477346,0.0010482577343467274,15,28,0.008211784344667943,0.2517827017161054,True,False,False,0.0001159213809798188,COMPLETE
162,0.5958988428115846,2025-04-20 19:05:38.700022,2025-04-20 19:06:02.307949,0 days 00:00:23.607927,0.6880740846909845,0.18883688134278925,16,0.22360051001993583,0.04306752213815761,0.05944700522250926,0.08233288554652629,0.038308130329766814,0.05149596469804435,0.0004313730691363892,14,35,0.003989542492635872,0.2434362901290582,True,False,False,1.0227078918041587e-05,COMPLETE
163,0.5643239855766297,2025-04-20 19:06:02.360818,2025-04-20 19:06:27.117861,0 days 00:00:24.757043,0.6558862129953537,0.14401893819827083,16,0.17244958796748067,0.027527506080897657,0.0693797688788351,0.07777739324643103,0.020399313162092633,0.054752316368724456,0.049073207196178824,16,33,0.0063907208969757635,0.23656680016754347,True,False,False,5.140207682069446e-06,COMPLETE
164,0.5162782430648803,2025-04-20 19:06:27.170963,2025-04-20 19:06:50.685655,0 days 00:00:23.514692,0.711063806834181,0.046505957140532767,16,0.18997089234085582,0.006806998273357961,0.06323530854532357,0.07309327035386974,0.045197358961070536,0.06031888652834071,0.0007308823665619367,14,24,0.010260052478595794,0.2665502107163971,True,False,False,1.8649923120725087e-05,COMPLETE
165,0.667268943786621,2025-04-20 19:06:50.739325,2025-04-20 19:07:13.551553,0 days 00:00:22.812228,0.6033734503726684,0.11010819489267547,16,0.1822704740248067,0.0178667930690518,0.055648466318222956,0.085161160997166,0.03548053729100831,0.07005606991065437,0.003105592841346939,13,28,0.0025635275418071563,0.2934724950536166,True,False,False,6.992489333248571e-06,COMPLETE
166,0.6095119833946229,2025-04-20 19:07:13.605725,2025-04-20 19:07:36.583678,0 days 00:00:22.977953,0.5780158942880746,0.1190708243132971,16,0.2478613305357442,0.018667571758744308,0.05835499415288383,0.08478108980761662,0.035725925676808025,0.06785794718704688,0.003099708210363218,13,28,0.002436151878135422,0.2895161370956205,True,False,False,2.5937704390435945e-07,COMPLETE
167,0.39378260970115664,2025-04-20 19:07:36.638248,2025-04-20 19:07:58.935242,0 days 00:00:22.296994,0.595056097900802,0.09214609102449874,16,0.15653230283322916,0.011649576628793809,0.05142382975982869,0.0816909165686382,0.03188127946844784,0.07034468993170906,0.0022474724990305707,12,15,0.001054444509100881,0.2621144294574445,True,False,False,1.3365091583491462e-05,COMPLETE
