number,value,datetime_start,datetime_complete,duration,params_alpha-eval,params_alpha-train,params_batch-size,params_eps-eval,params_eps-train,params_lambda-actions-eval,params_lambda-actions-train,params_lambda-frames-eval,params_lambda-frames-train,params_learning-rate,params_n-epochs,params_n-frames,params_radius-gw,params_rho,params_std-feats,params_ub-actions,params_ub-frames,params_weight-decay,state
1624,0.697690749168396,2025-04-07 23:59:09.070222,2025-04-07 23:59:34.296287,0 days 00:00:25.226065,0.11513807047615374,0.09116127600785287,8,0.17448252698719222,0.010124976839887515,0.024556829930698666,0.014461674674441288,0.07472145653475454,0.05492226923532025,0.0003145055157953186,13,35,0.06507899481143233,0.2863922560052945,False,False,True,4.058592722406069e-06,COMPLETE
1625,0.5712133526802063,2025-04-07 23:59:34.811424,2025-04-07 23:59:55.745830,0 days 00:00:20.934406,0.059708898155974965,0.06600239320415355,8,0.16399737862091399,0.00580412372603969,0.025239277949166784,0.012706838297576871,0.07438051424463092,0.05863322187264457,0.00024338468926301382,7,42,0.05891588899056199,0.28025961751478023,False,False,True,3.0080652139174836e-06,COMPLETE
1626,0.6950757384300232,2025-04-07 23:59:56.283609,2025-04-08 00:00:20.548476,0 days 00:00:24.264867,0.09848098980804906,0.11688638671031125,8,0.17043438212345124,0.00014134072661415014,0.02970206409568186,0.016651326525331956,0.07319216372448616,0.05576994880722982,0.0003212898234168519,12,35,0.05802105235151496,0.2737429159564243,False,False,True,2.433389683291677e-06,COMPLETE
1627,0.5483516335487366,2025-04-08 00:00:21.067854,2025-04-08 00:00:46.304579,0 days 00:00:25.236725,0.07580057612281582,0.09727517387402178,8,0.17821176912523404,0.017426964577559368,0.03137161391212159,0.014664269254332911,0.07762365146666285,0.052443227616310845,0.00020605342422030124,13,40,0.0638492179450629,0.28521816566765557,False,False,True,4.437391837743661e-06,COMPLETE
1628,0.7081669211387634,2025-04-08 00:00:46.822642,2025-04-08 00:01:12.052949,0 days 00:00:25.230307,0.05833807021167281,0.11144621267290705,8,0.16390700922970397,0.009953251692901783,0.024770016224000574,0.01048616745077843,0.0733194707789301,0.054615917165200784,0.0003326019881020178,13,35,0.062426458776498654,0.28809693101876427,False,False,True,3.484723047803736e-06,COMPLETE
1629,0.5668614983558655,2025-04-08 00:01:12.592525,2025-04-08 00:01:37.964842,0 days 00:00:25.372317,0.1279170814882536,0.11951219098078536,8,0.18962929145699578,0.01654983945063716,0.032748669546579096,0.01277942832473778,0.07676989236885554,0.0528433472927557,0.00026031728552425976,13,46,0.060278785949696524,0.2800349401111771,False,False,True,2.3018550992207023e-06,COMPLETE
1630,0.18742567598819734,2025-04-08 00:01:38.483229,2025-04-08 00:02:04.024638,0 days 00:00:25.541409,0.0848145160236235,0.0718580713908269,8,0.16942447399073216,0.010148587823482387,0.027215067849598283,0.01617964811545715,0.0814093563108127,0.059149239683609425,0.00021754201860023958,14,38,0.057812526721460075,0.2678244022304832,False,True,True,3.0823379524095355e-06,COMPLETE
1631,0.24267829656600953,2025-04-08 00:02:04.563905,2025-04-08 00:02:57.327973,0 days 00:00:52.764068,0.05864185736443665,0.09502960757977494,2,0.16548979508716766,0.015263657511532053,0.02446705139102911,0.012456306367398804,0.07312479182842484,0.06155313043970994,0.0003407585580921438,13,5,0.06750045939679758,0.2884566472045383,True,False,True,4.560245390046972e-06,COMPLETE
1632,0.5645926952362061,2025-04-08 00:02:57.845993,2025-04-08 00:03:22.347718,0 days 00:00:24.501725,0.10325967913793034,0.0418556449979532,8,0.1815537113463764,0.005403790186319721,0.028097896101803285,0.01520637104956986,0.08227567739747473,0.05707965426688845,0.0002602279156912588,12,34,0.060577763250745945,0.2754164577845247,False,False,True,2.292216163530562e-06,COMPLETE
1633,0.5694763183593751,2025-04-08 00:03:22.862432,2025-04-08 00:03:48.688283,0 days 00:00:25.825851,0.07276572353843157,0.12349073497997091,8,0.17404837697731296,0.00025372499206166924,0.02671114646876973,0.01090048295157775,0.07594150044342535,0.05339768480491136,0.0003450405257369587,14,38,0.06263516501901582,0.28157567431075314,False,False,True,3.576855181948084e-06,COMPLETE
1634,0.706557071208954,2025-04-08 00:03:49.227919,2025-04-08 00:04:14.897725,0 days 00:00:25.669806,0.05378043949705187,0.09288537623097969,8,0.1638344995819443,0.017450121017346297,0.025727105445319726,0.016692403790487403,0.07839044884415762,0.05165714345593044,0.00028218360794495407,13,35,0.05795832560083923,0.2854405917400625,False,False,True,2.8460770508952453e-06,COMPLETE
1635,0.5919922471046448,2025-04-08 00:04:15.417635,2025-04-08 00:04:41.557398,0 days 00:00:26.139763,0.08979266421799882,0.06425573936860832,8,0.16158868592939682,0.010910411877120635,0.02489151056378175,0.014482674845218282,0.07265902887169688,0.05962338496977113,0.0003498834645563621,14,40,0.0659917994059578,0.2758485613393468,False,False,True,4.368938671832975e-06,COMPLETE
1636,0.7023364782333374,2025-04-08 00:04:42.101991,2025-04-08 00:05:06.461352,0 days 00:00:24.359361,0.06016813052140208,0.08900686541429102,8,0.17356060575846863,0.004998195939318651,0.029156164580629005,0.016959849842478017,0.07492464472388544,0.05643920505687112,0.00021032715013464073,12,35,0.06019463556777993,0.2876280409447849,False,False,True,5.511428278683963e-06,COMPLETE
1637,0.510378634929657,2025-04-08 00:05:06.983543,2025-04-08 00:05:32.577785,0 days 00:00:25.594242,0.05106626795409981,0.12006692540756793,8,0.18385664884180544,0.016937553717027907,0.02713360436962854,0.013515800373765471,0.0786089399115368,0.05409954802091248,0.0002943570441851926,14,43,0.07091763654586405,0.2809367644252771,False,False,True,2.3109188180395163e-06,COMPLETE
1638,0.5706943988800048,2025-04-08 00:05:33.095853,2025-04-08 00:05:58.160011,0 days 00:00:25.064158,0.07707694423823404,0.10252354106185416,8,0.16762268246563686,0.01095712106726331,0.02465096855061572,0.01208729375968992,0.07603513341669721,0.05798449965461764,0.0003513139344207632,13,38,0.06335303405074601,0.26855768085553905,False,False,True,3.006921256480323e-06,COMPLETE
1639,0.6155237317085267,2025-04-08 00:05:58.701954,2025-04-08 00:06:24.132534,0 days 00:00:25.430580,0.10464008256936926,0.12642336893270908,8,0.16050217652283233,0.10727215547707222,0.024095169519799706,0.010167876952254098,0.07308106686774897,0.05151813520888098,0.0003500943000481731,13,34,0.05733265402176206,0.2883561070578855,False,False,True,3.602003384213589e-06,COMPLETE
1640,0.592192542552948,2025-04-08 00:06:24.652780,2025-04-08 00:06:50.337964,0 days 00:00:25.685184,0.05471232488336488,0.07370793735907372,8,0.1609407189186618,0.006169458879046107,0.029929561401229533,0.01669047946149146,0.07523759179342347,0.05592683251041301,0.00024516505841725496,14,41,0.059403924120657044,0.273684187003089,False,False,True,5.081481701206225e-06,COMPLETE
1641,0.6818482041358949,2025-04-08 00:06:50.881475,2025-04-08 00:07:15.312202,0 days 00:00:24.430727,0.1503910374922594,0.10598776934167473,8,0.170683686238022,0.01840945281267385,0.02411581402621874,0.014375277905359769,0.07397270851652833,0.06147325001554814,0.00028130203504252155,12,33,0.06176978701348938,0.28256114154177187,False,False,True,2.276019770221142e-06,COMPLETE
1642,0.5720406532287597,2025-04-08 00:07:15.836749,2025-04-08 00:07:41.881121,0 days 00:00:26.044372,0.07827767702313157,0.12439907004831319,8,0.17587281907582933,0.012557563041226176,0.027604941916088217,0.013019894200103682,0.07732390247537892,0.05405347395974949,0.0003587999166965656,14,37,0.06461739485990627,0.28816914440503866,False,False,True,6.965982545966844e-06,COMPLETE
1643,0.700840175151825,2025-04-08 00:07:42.400595,2025-04-08 00:08:07.743006,0 days 00:00:25.342411,0.04650131766757933,0.050248392198700496,8,0.1614637351961356,0.005981995907660442,0.023947914541106695,0.010457088411090991,0.07334320475798767,0.051739178503016965,0.00021878067881083294,13,33,0.05755487122593539,0.2790807612344075,False,False,True,3.0250160720204483e-06,COMPLETE
1644,0.5802136301994324,2025-04-08 00:08:08.283527,2025-04-08 00:08:34.209808,0 days 00:00:25.926281,0.13102415622658317,0.08123473089210873,8,0.17991511188496864,0.016422111643484255,0.040004858984466284,0.016966683395796194,0.08323457900561931,0.05886708536378957,0.0002832645054928515,14,39,0.05969470389627275,0.2892285260009507,False,False,True,3.5306008410040955e-06,COMPLETE
1645,0.7317426562309265,2025-04-08 00:08:34.734698,2025-04-08 00:08:59.714634,0 days 00:00:24.979936,0.06964493827025053,0.1013614966172048,8,0.16134918357254713,0.009735469326433533,0.026560646885589224,0.014763661116551167,0.07258520381857318,0.05640872398099227,0.0003468907751193815,13,36,0.06186294297930111,0.2678763728319904,False,False,True,4.226317073132198e-06,COMPLETE
1646,0.5583079218864442,2025-04-08 00:09:00.262718,2025-04-08 00:09:24.842138,0 days 00:00:24.579420,0.21574034078935433,0.12891138174687614,8,0.16805905713356337,0.017408981282040742,0.032093811358887885,0.012059199874693012,0.08077072825802055,0.05472119438435461,0.0003911908092660678,12,42,0.05769752338908356,0.2767985226448306,False,False,True,2.5600264348450014e-06,COMPLETE
1647,0.5603779911994934,2025-04-08 00:09:25.364742,2025-04-08 00:09:51.129450,0 days 00:00:25.764708,0.09451830756125365,0.06194482370946112,8,0.19021938307849082,0.005345584876673087,0.023946229847715578,0.0158633374835753,0.07578983796804359,0.0610489955137508,0.0002557944849124985,14,34,0.0640769094879888,0.28271407674224636,False,False,True,5.25833850482524e-06,COMPLETE
1648,0.5827011466026306,2025-04-08 00:09:51.654367,2025-04-08 00:10:16.719744,0 days 00:00:25.065377,0.04327187634931511,0.10946163362752354,8,0.1670566247899347,0.014073476926989107,0.02912923924560609,0.017388923507505614,0.07981731001476242,0.052768083525235765,0.00033530168294460916,13,45,0.06809328073883492,0.2725075041412583,False,False,True,3.7122211493541087e-06,COMPLETE
1649,0.11007055193185808,2025-04-08 00:10:17.269092,2025-04-08 00:10:43.320173,0 days 00:00:26.051081,0.11383181749994772,0.08343586895811637,8,0.17221975596523245,0.019088536918041382,0.026488745719235478,0.013807515744879983,0.07808053110817274,0.056879992617795964,0.0001976649248497322,14,89,0.060646986722393444,0.2885353721632609,False,True,True,2.0337249925678845e-06,COMPLETE
1650,0.6006681561470032,2025-04-08 00:10:43.843766,2025-04-08 00:11:08.413481,0 days 00:00:24.569715,0.04809897132853833,0.11974971755350328,8,0.16141162025572003,0.010137970739328105,0.023622280667256274,0.010167158261671166,0.07326828458368091,0.05903787756535015,0.00028810346495287666,12,38,0.0569611864011615,0.2820080522019142,True,False,True,2.081804673169287e-06,COMPLETE
1651,0.5537997603416444,2025-04-08 00:11:08.961791,2025-04-08 00:11:34.389101,0 days 00:00:25.427310,0.07743273530839763,0.09022204848534993,8,0.15973035570694208,0.0007305355375569929,0.026132578612062963,0.012415113778142165,0.07597682770029443,0.051456107815606326,0.0003927226091321996,13,32,0.05935609249465652,0.28968292202122914,False,False,True,2.839405912729732e-06,COMPLETE
1652,0.754898512363434,2025-04-08 00:11:34.912993,2025-04-08 00:12:00.817678,0 days 00:00:25.904685,0.0617727656442236,0.12943924681449628,8,0.1818657868897986,0.0055095567147221206,0.023913067156514554,0.014836021485427843,0.07295344410402688,0.05375589879577446,0.00023456642885736123,14,36,0.06628032378481442,0.2782631125928687,False,False,True,7.59773760656209e-06,COMPLETE
1653,0.570262324810028,2025-04-08 00:12:01.336590,2025-04-08 00:12:27.158676,0 days 00:00:25.822086,0.09437039499995842,0.0341472759659365,8,0.1856305963808522,0.00440638405776078,0.024926379371777118,0.01800165706722237,0.07218255812783107,0.05459333710868852,0.00019014219370706568,14,42,0.06801413806371208,0.2832241742191526,False,False,True,7.657084958025527e-06,COMPLETE
1654,0.10593239963054658,2025-04-08 00:12:27.702591,2025-04-08 00:13:21.532881,0 days 00:00:53.830290,0.10708004541607753,0.10188636237710887,2,0.17838141457595252,0.14342328578746097,0.03395012901565761,0.015966140655851144,0.07251849000741047,0.053549321342341145,0.00018970469141380453,13,41,0.0710655635342812,0.012343209341861977,False,False,True,6.812560726766295e-06,COMPLETE
1655,0.5780550360679627,2025-04-08 00:13:22.053637,2025-04-08 00:13:46.665281,0 days 00:00:24.611644,0.08375855159201365,0.06872800380088002,8,0.18418611895770504,0.0006247924272460752,0.02840208533774133,0.01807446834897898,0.07460858150489533,0.054950574755223934,0.00022849004735018828,12,39,0.06577912539419102,0.2895161209572729,False,False,True,5.86178789563084e-06,COMPLETE
1656,0.5557677626609803,2025-04-08 00:13:47.213971,2025-04-08 00:14:12.397561,0 days 00:00:25.183590,0.11851219266727239,0.11744002063228878,8,0.19186852197436774,0.006027863589759323,0.024428101446742248,0.015500672264891567,0.07622305229381376,0.05215976850456862,0.00021297744557860615,13,46,0.06819983363551367,0.2790529457357073,False,False,True,7.34357933751391e-06,COMPLETE
1657,0.7235861539840698,2025-04-08 00:14:12.921280,2025-04-08 00:14:38.635249,0 days 00:00:25.713969,0.085243485079877,0.12668390888736517,8,0.1901665645919962,0.0045079621143305215,0.023708207310876774,0.017506157978834758,0.07810471098754321,0.056904044301551375,0.00017635266754101734,14,37,0.06699579926043435,0.2886125819155938,False,False,True,6.022466245339689e-06,COMPLETE
1658,0.5810852527618409,2025-04-08 00:14:39.157364,2025-04-08 00:15:04.919403,0 days 00:00:25.762039,0.07111836416373682,0.08639909932075723,8,0.18392084834362016,0.000255455447878708,0.026164975245403763,0.014979312178471624,0.07206487966344709,0.05325219369970693,0.0002282086596617674,14,40,0.0660183179941066,0.283928294470896,False,False,True,1.2432690121632857e-05,COMPLETE
1659,0.4711898982524872,2025-04-08 00:15:05.465629,2025-04-08 00:15:30.950224,0 days 00:00:25.484595,0.09659597980469789,0.06148965053953201,8,0.181689384171199,0.00033215443934017305,0.0308144692650017,0.01802431239222319,0.07468763219560368,0.0510093910232225,0.0002633520701573241,13,104,0.06927416452760847,0.2770889215243695,False,False,True,4.837803042883613e-06,COMPLETE
1660,0.5736224770545959,2025-04-08 00:15:31.488106,2025-04-08 00:15:57.765493,0 days 00:00:26.277387,0.06741385490563874,0.09640874115977412,8,0.18572791292704208,0.009469360031932186,0.023424831108322906,0.014406016600880344,0.07954816295048887,0.05557517336522907,0.00023107418043636027,14,37,0.06425962696568004,0.2891799147830358,False,False,True,4.918096629941252e-06,COMPLETE
1661,0.5627618551254273,2025-04-08 00:15:58.321493,2025-04-08 00:16:22.690397,0 days 00:00:24.368904,0.09528498854361657,0.1051729342174132,8,0.19532266464578815,0.009064215217910059,0.028262174470695452,0.016470019011385305,0.07216638013749564,0.05756240887554964,0.0002579247452980313,12,44,0.0656061274832609,0.28310483671218334,False,False,True,8.012226329977748e-06,COMPLETE
1662,0.48956358432769775,2025-04-08 00:16:23.229625,2025-04-08 00:16:48.862340,0 days 00:00:25.632715,0.06377488957480115,0.12864400198074996,8,0.175429389562829,0.009821326009326838,0.026181989963697014,0.01423451958115203,0.0824562393927394,0.05344160209851081,0.00018339536411411962,13,140,0.06339455333441907,0.27475411635037017,False,False,True,8.431308288088615e-06,COMPLETE
1663,0.6609769344329834,2025-04-08 00:16:49.385435,2025-04-08 00:17:15.211012,0 days 00:00:25.825577,0.13797671500891578,0.41032608982844415,8,0.17617524288288244,0.004900898655368888,0.023770158116631426,0.01626747315388126,0.07214169139162907,0.05591383634537496,0.00027914651077594983,14,37,0.06195231833674736,0.28945784142233527,False,False,True,4.346643417572455e-06,COMPLETE
1664,0.24227448701858523,2025-04-08 00:17:15.767073,2025-04-08 00:17:40.829159,0 days 00:00:25.062086,0.5739580375451097,0.075038952218836,8,0.19985315356937297,0.011862797071412107,0.027172697666548062,0.019099227164348864,0.07734559464082862,0.05098435362813659,0.0003000729774030545,13,40,0.07024398473964462,0.28022897045223677,False,False,True,8.477347793898065e-06,COMPLETE
1665,0.6977142930030823,2025-04-08 00:17:41.358900,2025-04-08 00:18:07.205903,0 days 00:00:25.847003,0.07133892565765723,0.03744804424750221,8,0.18736844543000922,0.0069490163532672546,0.023298298192480568,0.013476992170531797,0.07630515739955876,0.05939378829443984,0.00020809937480029662,14,35,0.06752465773907093,0.2906946867541916,False,False,True,6.414085115600879e-06,COMPLETE
1666,0.5976638436317444,2025-04-08 00:18:07.758217,2025-04-08 00:18:33.032826,0 days 00:00:25.274609,0.11006526873753594,0.1288016328202333,8,0.17679142053101987,0.012293478616472531,0.024931634399303744,0.012362006466926648,0.0741774752911954,0.05328944935579922,0.0002499126487692702,13,42,0.0636811409989898,0.2836827701096969,False,False,True,1.0274373135817146e-05,COMPLETE
1667,0.7022712469100952,2025-04-08 00:18:33.560666,2025-04-08 00:18:58.157968,0 days 00:00:24.597302,0.08406939871304377,0.09933388605155177,8,0.17321265925984858,0.005295733544950422,0.02940201266663219,0.017193963005404905,0.07134288485917219,0.05772984326296809,0.0003175709276483861,12,35,0.06557227929939306,0.2748380563221837,False,False,True,1.0356529585186902e-05,COMPLETE
1668,0.17281392216682434,2025-04-08 00:18:58.713673,2025-04-08 00:19:23.336140,0 days 00:00:24.622467,0.058818144234533784,0.11365764085135456,8,0.19411253334944625,0.0006452456088202503,0.023644829189044526,0.010222497984809387,0.0790460668707588,0.05498380728287052,0.0003007061189597293,13,38,0.06188188332693534,0.2905788405355041,False,True,True,3.846943616238028e-06,COMPLETE
1669,0.3499460399150849,2025-04-08 00:19:23.877421,2025-04-08 00:19:48.426500,0 days 00:00:24.549079,0.05470853013087738,0.07572411804053893,8,0.17996722198852516,0.013082173742939225,0.026688910384024635,0.0147923553632026,0.07520236925632932,0.05124570272125062,0.00023393960657444617,12,35,0.05963409557453791,0.2843478354850466,True,False,True,4.9290700666883655e-06,COMPLETE
1670,0.5869577407836915,2025-04-08 00:19:48.955342,2025-04-08 00:20:14.971666,0 days 00:00:26.016324,0.08770976613960105,0.12953617641190285,8,0.16854118834748802,0.00032198437012032934,0.022983697334649823,0.018895587968529477,0.0725214541978437,0.06196134575194014,0.00017015742446856595,14,40,0.06339406594653915,0.27811330394178985,False,False,True,5.988298338410316e-06,COMPLETE
1671,0.5700589656829834,2025-04-08 00:20:15.524370,2025-04-08 00:20:41.428596,0 days 00:00:25.904226,0.07132263130137206,0.057832116297511345,8,0.18062272978670707,0.013347700055120152,0.02571094827297884,0.011809461325319048,0.08139701769009265,0.05985186531218626,0.0003359849956510117,14,37,0.0586813147451961,0.29094532934594963,False,False,True,3.6711701638306085e-06,COMPLETE
1672,0.5666072130203248,2025-04-08 00:20:41.959944,2025-04-08 00:21:07.144016,0 days 00:00:25.184072,0.10966820529429794,0.08944963091036655,8,0.17295549383945089,0.0001368594656969424,0.03202141444837311,0.015341579556449766,0.07775465261415974,0.05505064432033686,0.0002727405129645242,13,34,0.061867047397908236,0.27343787747649023,False,False,True,3.009199895533307e-06,COMPLETE
1673,0.5710196018218995,2025-04-08 00:21:07.700014,2025-04-08 00:22:04.279631,0 days 00:00:56.579617,0.04864495042318923,0.10892168613491332,2,0.16626789971101053,0.00960417412547036,0.028154846992185165,0.017392604215255982,0.07472900643467327,0.052465164533225646,0.00021009048554565445,14,44,0.06636620270518373,0.28644741364012855,False,False,True,4.786283812975465e-06,COMPLETE
1674,0.57378808259964,2025-04-08 00:22:04.813937,2025-04-08 00:22:29.276722,0 days 00:00:24.462785,0.18880537803041383,0.13331050243324746,8,0.1688634697748425,0.014067631505370881,0.02295456845775591,0.012648108857577011,0.07078767540757552,0.05825112226957567,0.00036240977985067173,12,39,0.05743753672620439,0.2817293380990131,False,False,True,2.6345041890816245e-06,COMPLETE
1675,0.6997397422790528,2025-04-08 00:22:29.806688,2025-04-08 00:22:54.856075,0 days 00:00:25.049387,0.06732021851914402,0.08373885258326866,8,0.18351222434092967,0.007656006710182407,0.02285125611685036,0.019264369261148682,0.07299214155353252,0.05041160413268847,0.00030356716456793337,13,35,0.06042643702234836,0.2916044945653979,False,False,True,4.124393312516786e-06,COMPLETE
1676,0.708250367641449,2025-04-08 00:22:55.401416,2025-04-08 00:23:21.373621,0 days 00:00:25.972205,0.09178946330055411,0.11161508532708414,8,0.16217872287502685,0.018288089336706663,0.030511153585738415,0.015908501214663223,0.07922864950381762,0.055955758090429186,0.0003742477139848348,14,32,0.0645871819502535,0.2700121101355425,False,False,True,3.2418769679290277e-06,COMPLETE
1677,0.6096619486808776,2025-04-08 00:23:21.904394,2025-04-08 00:23:46.659480,0 days 00:00:24.755086,0.04938646812754216,0.048068751973786523,8,0.18899390233043478,0.007901516480466757,0.025755051458174926,0.01034225859770693,0.07579881496599003,0.05313242696582288,0.00025107461157117483,13,41,0.07213677423664784,0.27852873637700926,False,False,True,6.347924588585641e-06,COMPLETE
1678,0.6974910378456116,2025-04-08 00:23:47.219100,2025-04-08 00:24:13.300123,0 days 00:00:26.081023,0.13268533078362288,0.12053922910667539,8,0.17933686372445296,0.015558190801706631,0.024607657801385324,0.013938361760739138,0.07686969434505381,0.0566658224785012,0.0003208788166525944,14,36,0.05748165690636663,0.2860271946386825,False,False,True,2.5477302083485296e-06,COMPLETE
1679,0.5706043720245362,2025-04-08 00:24:13.833236,2025-04-08 00:24:50.225033,0 days 00:00:36.391797,0.0699978415227947,0.0722480952573426,8,0.1600329888918742,0.006029132590313603,0.02847925565689325,0.01687506092645141,0.07168306404084322,0.061000010892181614,0.00039106100356454704,29,38,0.06204235519291623,0.2914020625549995,False,False,True,3.616711450689292e-06,COMPLETE
