number,value,datetime_start,datetime_complete,duration,params_alpha-eval,params_alpha-train,params_batch-size,params_eps-eval,params_eps-train,params_lambda-actions-eval,params_lambda-actions-train,params_lambda-frames-eval,params_lambda-frames-train,params_learning-rate,params_n-epochs,params_n-frames,params_radius-gw,params_rho,params_std-feats,params_ub-actions,params_ub-frames,params_weight-decay,state
672,0.5654210448265076,2025-04-07 16:54:42.328575,2025-04-07 16:55:08.849904,0 days 00:00:26.521329,0.07434442574558647,0.08490988027070454,8,0.11845782701247785,0.04308463661189955,0.002558950002361132,0.00548322807864022,0.05065918018139064,0.05049439772214377,0.00042873808693301657,15,35,0.04145963687469432,0.2500783801737426,False,False,True,3.159693216940931e-08,COMPLETE
673,0.5662177562713623,2025-04-07 16:55:09.055563,2025-04-07 16:55:36.316540,0 days 00:00:27.260977,0.07119333441895519,0.11179682918135384,8,0.12417052761438227,0.04890250404167533,0.003065438992827531,0.0031003840566441823,0.051031229994157684,0.04210307211564739,0.0006062285003045627,16,32,0.045076351911836704,0.24067336988003418,False,False,True,1.9680751844718965e-06,COMPLETE
674,0.505065667629242,2025-04-07 16:55:36.535470,2025-04-07 16:56:04.229824,0 days 00:00:27.694354,0.5178596308163794,0.6598792883763758,8,0.11758346986973664,0.03574487583106556,0.004416597077365858,0.00508838283212501,0.04964959605531249,0.04330107993715345,0.00031940549794986405,17,29,0.03972302174578173,0.2376080876586578,False,False,True,0.0002363574409613883,COMPLETE
675,0.5710917115211487,2025-04-07 16:56:04.434411,2025-04-07 16:56:32.642030,0 days 00:00:28.207619,0.07090453874771002,0.08028298431717433,8,0.12314741307553867,0.036168128738238894,0.00106047349819037,0.0026639887747264604,0.0551735292768687,0.04687005038343099,0.00040713658243360953,18,32,0.04816490042665928,0.22064406054718505,False,False,True,3.5079479111433465e-06,COMPLETE
676,0.6763193607330322,2025-04-07 16:56:32.858732,2025-04-07 16:57:00.422083,0 days 00:00:27.563351,0.09558052783752266,0.09879182951739185,8,0.13003646193063514,0.056572496276232856,0.004402139948605072,0.0075913907139264925,0.046308625264845894,0.04529470862483065,0.000491534867864647,17,29,0.050257012248013,0.21606046204265675,False,False,True,2.9897296524101607e-05,COMPLETE
677,0.5190059304237367,2025-04-07 16:57:00.627962,2025-04-07 16:57:29.179878,0 days 00:00:28.551916,0.6697895785666358,0.08143028408424215,8,0.12261710473000165,0.042974785025229,0.0024754666894076264,0.0011281966312423524,0.05285763169226054,0.03985040711678485,0.0002695141697911228,18,35,0.05835296657929786,0.2350417246764067,False,False,True,2.7734897313956504e-08,COMPLETE
678,0.6910455942153931,2025-04-07 16:57:29.396061,2025-04-07 16:57:56.988631,0 days 00:00:27.592570,0.07062112867182499,0.11680788259308965,8,0.12956110844551436,0.05027581642484416,0.004273839080297742,0.00940151594938679,0.04849636584511199,0.05022577183880095,0.00032954648852687955,16,29,0.052842460795250804,0.2442130983863114,False,False,True,3.341627164899636e-08,COMPLETE
679,0.5641026735305786,2025-04-07 16:57:57.208337,2025-04-07 16:58:24.194823,0 days 00:00:26.986486,0.06911753063475043,0.11661765648902953,8,0.11685221392277965,0.06190481863854651,0.004741442347234503,0.007302387572223787,0.047396521432722674,0.050007162619211086,0.0003210668427766634,16,32,0.052813893908363385,0.24454139951682852,False,False,True,3.575758943624436e-08,COMPLETE
680,0.09968630075454712,2025-04-07 16:58:24.403724,2025-04-07 16:58:52.076964,0 days 00:00:27.673240,0.07070668870183586,0.8848958190381577,8,0.13063045869154466,0.05124938416211916,0.004462408272776865,0.009041604031552145,0.04923831350228182,0.05041941415831601,0.0005833864778900103,16,123,0.04633369149114206,0.2517333463552102,False,False,True,3.4676056941982664e-08,COMPLETE
681,0.6814002633094788,2025-04-07 16:58:52.298789,2025-04-07 16:59:19.307559,0 days 00:00:27.008770,0.09168000853668724,0.11543621378288724,8,0.124294248000301,0.050762425153856094,0.004334052314436725,0.009797551969981774,0.04618758378124416,0.04744107449286242,0.0002733994878264109,15,29,0.0532830309037545,0.2382917777194463,False,False,True,1.0009105722844464e-05,COMPLETE
682,0.5659148812294007,2025-04-07 16:59:19.516298,2025-04-07 16:59:47.079763,0 days 00:00:27.563465,0.06813912334217191,0.09711830829177352,8,0.1182244311540688,0.03388530837002797,0.0027665421040705762,0.00522046987448678,0.04925756840224811,0.04730179245702785,0.0009108902263584029,17,32,0.05822711312594679,0.24368032764625158,False,False,True,3.054400742246979e-08,COMPLETE
683,0.38621053099632263,2025-04-07 16:59:47.301028,2025-04-07 17:00:14.188519,0 days 00:00:26.887491,0.7314818964050696,0.112656195583087,8,0.14220822722849835,0.04481829688579615,0.008035499848849622,0.0031610423172135425,0.05323250120112791,0.041457583114096,0.0004415320167510394,16,35,0.05083848851594787,0.23137088888282492,False,False,True,1.9285777268481324e-05,COMPLETE
684,0.7106904745101928,2025-04-07 17:00:14.396670,2025-04-07 17:00:42.091058,0 days 00:00:27.694388,0.09749419068122238,0.07850456534325254,8,0.12413941990664254,0.03327407077077284,0.004364959975832146,0.007027223391373459,0.04844593754683797,0.03795094346399905,0.00032061862704416626,17,31,0.054791709716820215,0.2227685859558103,False,False,True,2.734168498428282e-08,COMPLETE
685,0.567978048324585,2025-04-07 17:00:42.310739,2025-04-07 17:01:11.245098,0 days 00:00:28.934359,0.08209056297694806,0.10002014302213873,8,0.11689060495141271,0.03339587279732929,0.0027022073415035293,0.006672636217500378,0.051600788195752555,0.03391260686637876,0.0005090858132970411,18,32,0.05431696022626056,0.22247501129870942,False,False,True,2.6543349817652015e-08,COMPLETE
686,0.5694182753562927,2025-04-07 17:01:11.455365,2025-04-07 17:01:39.405758,0 days 00:00:27.950393,0.10015925082795678,0.08074776655042082,8,0.12471554057709873,0.03371493789599801,0.00455938750448192,0.0028956296598961406,0.05640816322571643,0.03866266235297537,0.000692115482210549,17,36,0.05479451625014037,0.23117194864038576,False,False,True,2.1615502022984073e-08,COMPLETE
687,0.6889681935310364,2025-04-07 17:01:39.626123,2025-04-07 17:02:08.197780,0 days 00:00:28.571657,0.136244764858868,0.07684507337820634,8,0.12224386885983665,0.040258298021665494,0.007858112443555483,0.0010206252108052813,0.04589452005910431,0.035783996369612006,0.00027000600819681507,18,29,0.044111898691607754,0.2233964107871851,False,False,True,2.7383218671931025e-08,COMPLETE
688,0.5703719258308411,2025-04-07 17:02:08.422107,2025-04-07 17:02:36.679035,0 days 00:00:28.256928,0.09705884814848213,0.08320804548728021,8,0.13100877671933117,0.031761121535229274,0.0030212179162827247,0.005555280587961839,0.04839103843293585,0.04351906089486489,0.0003814883275263454,17,32,0.058817621408132445,0.236273690830251,False,False,True,2.1188010637265014e-08,COMPLETE
689,0.3951533079147339,2025-04-07 17:02:36.890086,2025-04-07 17:03:04.912534,0 days 00:00:28.022448,0.10041183732544595,0.07786745387786223,8,0.12205318159832346,0.03847730063364663,0.0028003167353155625,0.004230376946624931,0.05056657168196677,0.03772666653743196,0.00031153982555186336,17,80,0.048794926359757254,0.21688223273284365,False,False,True,2.605455865743659e-08,COMPLETE
690,0.5797626972198486,2025-04-07 17:03:05.137536,2025-04-07 17:03:34.009802,0 days 00:00:28.872266,0.10297393319172292,0.09765421469297648,8,0.11691734335320209,0.03040000314749905,0.005049113552100746,0.007120170818621383,0.046535113059053244,0.045500594487261695,0.0003997351991555115,18,36,0.05585733664790956,0.23228770638082824,False,False,True,3.762700441824959e-08,COMPLETE
691,0.5959352612495422,2025-04-07 17:03:34.220500,2025-04-07 17:04:01.847601,0 days 00:00:27.627101,0.0965773368904898,0.40382993599347755,8,0.1304908178994089,0.04376519739363435,0.004371810776871656,0.002907977466286125,0.05385882826923814,0.04085007578706537,0.0002636489453252292,17,29,0.058295649726001146,0.22279731660209112,False,False,True,4.015370140196798e-05,COMPLETE
692,0.570888352394104,2025-04-07 17:04:02.073427,2025-04-07 17:04:27.716911,0 days 00:00:25.643484,0.13406738233805482,0.5360323974852123,8,0.14012541448875732,0.0330461584850226,0.0010802619399460705,0.004753821962289266,0.0590648795129881,0.043339304532276336,0.0004677920985694105,14,32,0.05089436469619114,0.2292650304566429,False,False,True,2.2152910383746193e-08,COMPLETE
693,0.6518017411231994,2025-04-07 17:04:27.928855,2025-04-07 17:04:56.095391,0 days 00:00:28.166536,0.07131530008213019,0.09741476213577852,8,0.11611257276637747,0.03843710782762308,0.0027740078525491014,0.0071676337002207526,0.04834973283650634,0.047639571795114556,0.00033036828131253316,18,22,0.05477488790295558,0.2372015983837361,False,False,True,1.718346106368127e-05,COMPLETE
694,0.7079277276992798,2025-04-07 17:04:56.320289,2025-04-07 17:05:25.109532,0 days 00:00:28.789243,0.10011330694587368,0.07567318814322051,8,0.12541700725096697,0.03241642174213008,0.007336556812259597,0.002374379510887465,0.051483463163527116,0.03116544808501359,0.0006009396902024106,18,35,0.05603755354704888,0.21608386831263762,False,False,True,2.6656822129586563e-08,COMPLETE
695,0.6958125233650208,2025-04-07 17:05:25.321408,2025-04-07 17:05:53.858502,0 days 00:00:28.537094,0.13467794672844638,0.07536301147338162,8,0.1240889196634668,0.04350984489734233,0.007441615999112121,0.005355228887608365,0.0523921084338301,0.029160006638434894,0.0007065333787338998,18,35,0.053294940289613096,0.21549167605198383,False,False,True,8.929213839300756e-05,COMPLETE
696,0.5678592801094056,2025-04-07 17:05:54.082018,2025-04-07 17:06:22.533255,0 days 00:00:28.451237,0.6387425955242833,0.07492214202308776,8,0.12292385758285379,0.059862626820007744,0.008038575346832012,0.003392432609196242,0.052436273252558535,0.02940311485217241,0.0010348232688358683,18,35,0.05240426195431117,0.2197213616876397,False,False,True,7.43700272309022e-05,COMPLETE
697,0.32322273254394535,2025-04-07 17:06:22.760318,2025-04-07 17:06:50.644446,0 days 00:00:27.884128,0.9625398063144908,0.10291050302345348,8,0.11803997526139717,0.0459686675280866,0.00802663614177487,0.0048208664320944115,0.05421468992291626,0.026808425632794872,0.000762802744555072,17,34,0.04962052985922654,0.2147456888976318,False,False,True,0.0003421827223999692,COMPLETE
698,0.5697494268417359,2025-04-07 17:06:50.857208,2025-04-07 17:07:19.245775,0 days 00:00:28.388567,0.13359945729200814,0.11652842205208183,8,0.12286398024100997,0.045783022519074575,0.0082898341200364,0.0010768935205797076,0.0510462583608651,0.03262635771133603,0.0005983832618379495,18,36,0.04692968973382287,0.21608021600228353,False,False,True,8.405898896326286e-05,COMPLETE
699,0.5711907267570496,2025-04-07 17:07:19.471152,2025-04-07 17:07:47.813018,0 days 00:00:28.341866,0.07079106394480512,0.07640403327167782,8,0.13122000560613029,0.04009518853897408,0.001107280226458538,0.0077749452420355115,0.05626600892209917,0.024444493961753046,0.0006891594263349949,17,36,0.052139176567146006,0.2499768435009672,False,False,True,0.0005549532515153526,COMPLETE
700,0.5699201345443726,2025-04-07 17:07:48.027640,2025-04-07 17:08:16.722754,0 days 00:00:28.695114,0.08268052545204428,0.09863166425222548,8,0.11531181359841694,0.03841754295782677,0.004901815125345099,0.0035144767486602604,0.05249941766338587,0.03493803582676522,0.000878294011845795,18,32,0.053875532661509955,0.24004249094331628,False,False,True,1.6107219490552385e-05,COMPLETE
701,0.5676475882530213,2025-04-07 17:08:16.949649,2025-04-07 17:08:44.651536,0 days 00:00:27.701887,0.13336558138018403,0.07582026892272624,8,0.12459377758563517,0.033938367843148624,0.007671461873637937,0.009122844516603692,0.04596041370363939,0.03204567192869893,0.0005555784067583306,17,32,0.05846211307646899,0.2237483787651031,False,False,True,1.1667750323824694e-05,COMPLETE
702,0.6795496106147767,2025-04-07 17:08:44.865701,2025-04-07 17:09:11.753948,0 days 00:00:26.888247,0.10447213097448002,0.09408936030905313,8,0.11516958904711896,0.05498059823273822,0.0026975670291408383,0.005661553666108756,0.0494973552074075,0.028228645763473684,0.0005348571559374643,16,28,0.0552491634127735,0.23355004330886767,False,False,True,5.941826158835856e-05,COMPLETE
703,0.09296476989984513,2025-04-07 17:09:11.979726,2025-04-07 17:09:39.847621,0 days 00:00:27.867895,0.06590984212025232,0.1174212865894115,8,0.2897700742036098,0.04400752756602997,0.004866570191565333,0.0028550555289866193,0.051582412443601594,0.031206779398462958,0.0006666008623574646,18,35,0.050465173958837733,0.2361457349035918,False,False,True,4.10835947072327e-05,COMPLETE
704,0.7099854469299316,2025-04-07 17:09:40.078157,2025-04-07 17:10:08.029912,0 days 00:00:27.951755,0.08289126650591876,0.07734440668220716,8,0.14028332339017843,0.03207680679047429,0.001020953961807198,0.007556760665623765,0.04754963326982898,0.03894136775827599,0.00043163961356203304,17,31,0.043391913830634156,0.22211808120296483,False,False,True,3.239855206574713e-05,COMPLETE
705,0.7467874169349671,2025-04-07 17:10:08.245047,2025-04-07 17:10:37.328828,0 days 00:00:29.083781,0.09625507485519096,0.07245240543418256,8,0.14068492857832438,0.03164416092922546,0.0012197455104047132,0.00743127900709166,0.046627034296327564,0.03726934778319421,0.0004305169692930491,18,33,0.0393042381831657,0.22071320459634153,False,False,True,9.655622491082873e-05,COMPLETE
706,0.57021723985672,2025-04-07 17:10:37.556994,2025-04-07 17:11:05.715813,0 days 00:00:28.158819,0.13129434441160379,0.0751633017890679,8,0.1447557871351826,0.03313787617455513,0.001157329138167035,0.009203025585371671,0.046041543014163355,0.0378051450225269,0.00044701498501951406,18,36,0.038097009428300285,0.21737834886137572,False,False,True,0.00012506894406273794,COMPLETE
707,0.5696519136428833,2025-04-07 17:11:05.937173,2025-04-07 17:11:34.604438,0 days 00:00:28.667265,0.10547466659390313,0.08004308903137972,8,0.13899408428429638,0.03159200255053458,0.0025182792021032994,0.008169474535843903,0.04646849604076257,0.03576539968063498,0.0004117664658706186,18,34,0.04129037910217217,0.2225025757756747,False,False,True,9.799432582547462e-05,COMPLETE
708,0.6010208606719971,2025-04-07 17:11:34.835271,2025-04-07 17:12:02.858844,0 days 00:00:28.023573,0.08360888293670905,0.06696718213313553,8,0.14113259597545602,0.04980750620058068,0.0011991825641770586,0.006956715121340166,0.047587056318951035,0.030027745183562625,0.0005298412762721625,17,33,0.04316073004811104,0.21697140453207614,False,False,True,0.00013538323492827607,COMPLETE
709,0.5706123471260072,2025-04-07 17:12:03.075887,2025-04-07 17:12:31.434954,0 days 00:00:28.359067,0.06551297677568424,0.07574952543330588,8,0.1415229379898426,0.03817348645487259,0.005010515538588797,0.009926715074419862,0.04526902301683841,0.038787110716540195,0.0004606820508446769,18,36,0.03886842857156498,0.22451908654788283,False,False,True,3.350531681277343e-05,COMPLETE
710,0.6943916201591492,2025-04-07 17:12:31.664745,2025-04-07 17:12:59.990885,0 days 00:00:28.326140,0.1048615239655726,0.07131361550443942,8,0.13213406502245387,0.03337685271354425,0.00765768598977298,0.006449090796425546,0.04811269786871102,0.033917739955574025,0.0003916466701923305,17,28,0.04526158596182719,0.21712928776089468,False,False,True,0.00017093606977540893,COMPLETE
711,0.6902029275894165,2025-04-07 17:13:00.223057,2025-04-07 17:13:27.786299,0 days 00:00:27.563242,0.1338390590190275,0.07085801463653388,8,0.14041719671609715,0.031206913938327245,0.008235454075277048,0.005827222440289716,0.04715259603754599,0.03376962776919627,0.00040413664540170027,17,28,0.04499726895478126,0.215700235910626,False,False,True,0.0002759287547804214,COMPLETE
712,0.6838715076446533,2025-04-07 17:13:28.004978,2025-04-07 17:13:55.187257,0 days 00:00:27.182279,0.10636947641030992,0.1155523956901913,8,0.1322385558557952,0.03476295824171739,0.007517185739825987,0.001042198429223805,0.04786315101431572,0.03590387570551542,0.0007419655882836856,16,23,0.041037332539182084,0.22272624898465682,False,False,True,0.00014533971035920497,COMPLETE
713,0.5700467586517335,2025-04-07 17:13:55.417538,2025-04-07 17:14:22.436323,0 days 00:00:27.018785,0.13520464175803037,0.0717162372657948,8,0.13270023713951407,0.030300866417602667,0.005137953875618488,0.006723132309884097,0.05458133196122198,0.03351658773604631,0.0011772672895698354,16,32,0.0428489529921223,0.2020420689526589,False,False,True,0.00013138932311811444,COMPLETE
714,0.7301607728004456,2025-04-07 17:14:22.657042,2025-04-07 17:14:50.636322,0 days 00:00:27.979280,0.08281310876872838,0.0987039241095117,8,0.13996877347153575,0.03067242629953934,0.007461091288390436,0.004551751121647791,0.04833896395270866,0.03758043966405487,0.0005156093330541749,17,33,0.04764662950641603,0.21369396872944812,False,False,True,9.94121822390152e-05,COMPLETE
715,0.5702853918075562,2025-04-07 17:14:50.869278,2025-04-07 17:15:18.827796,0 days 00:00:27.958518,0.07113745357673847,0.1044298871191179,8,0.14241688807827035,0.035057013260846356,0.009568654926551222,0.004963613423522378,0.045370970707386805,0.03666211288804666,0.0005481631652345357,17,36,0.04649844632736271,0.2164259127405504,False,False,True,0.00016118894962702436,COMPLETE
716,0.6070164799690246,2025-04-07 17:15:19.045523,2025-04-07 17:15:46.687411,0 days 00:00:27.641888,0.08328405412852288,0.11475992501383606,8,0.13885278078746374,0.04686383380530098,0.007548737223124448,0.006526253214726825,0.04986178023200409,0.03967703924239137,0.0004816598343319464,17,33,0.048048050210742814,0.21543393373128164,False,False,True,0.00010912005781231632,COMPLETE
717,0.24802504777908327,2025-04-07 17:15:46.915261,2025-04-07 17:16:13.210957,0 days 00:00:26.295696,0.06561132975187385,0.09569208628806022,8,0.2564196413815084,0.041119243167364976,0.00986426033564037,0.0043943476849046936,0.052450551356231244,0.038121286189661485,0.0006321809107485226,15,37,0.04432321040706712,0.2208398099980641,False,False,True,0.00018506119317723501,COMPLETE
718,0.4266512751579285,2025-04-07 17:16:13.444148,2025-04-07 17:16:41.336983,0 days 00:00:27.892835,0.7069229447477546,0.12092676845984614,8,0.13307444147919512,0.030238737028402244,0.0068202455792055585,0.007571840018899173,0.048441328640389525,0.030976342608255363,0.0008026660152540221,17,28,0.0365187186934479,0.21332644127057007,False,False,True,4.864712293287773e-05,COMPLETE
719,0.6575206756591797,2025-04-07 17:16:41.555249,2025-04-07 17:17:08.823506,0 days 00:00:27.268257,0.08438517869631486,0.10004200852971651,8,0.14263177944209673,0.03674291098905572,0.007676491343077577,0.009981952042024511,0.045865792847561794,0.040248943458216876,0.0004856549922484572,16,33,0.045272899942045725,0.22925270922644797,False,False,True,8.908853156140722e-05,COMPLETE
720,0.410553526878357,2025-04-07 17:17:09.057024,2025-04-07 17:17:37.603937,0 days 00:00:28.546913,0.7540525767032337,0.06826987967800958,8,0.13908453693178016,0.030151195060648957,0.0025999985159429868,0.005049534282927896,0.05050935803766123,0.03573123171693519,0.0003908508257233756,18,31,0.04786311757085813,0.22293727423942947,False,False,True,9.817236548563956e-05,COMPLETE
721,0.6896896123886109,2025-04-07 17:17:37.823386,2025-04-07 17:18:04.942861,0 days 00:00:27.119475,0.10532836785987987,0.07123920247616548,8,0.13104825442870105,0.044511134310593586,0.001011580755249983,0.0027642734466739073,0.04524399657951449,0.0342068804056724,0.0002537528544776084,16,28,0.04094157737348042,0.21394233968054027,False,False,True,0.0002071439697184712,COMPLETE
722,0.6548579216003418,2025-04-07 17:18:05.173779,2025-04-07 17:18:32.799529,0 days 00:00:27.625750,0.06424638738313565,0.0977561538580562,8,0.1371668978603576,0.05436817429008183,0.004781908983020106,0.006854920330048792,0.04799060724208511,0.0371126864947254,0.0005828766408829658,17,22,0.0462192266959879,0.22933264056204414,False,False,True,0.000108726825509603,COMPLETE
723,0.5724777579307556,2025-04-07 17:18:33.019489,2025-04-07 17:19:01.451805,0 days 00:00:28.432316,0.11516865095172613,0.12237239593093494,8,0.13157639115067188,0.038730375931002085,0.004731482597625178,0.0011492374802800987,0.057562996920559883,0.040714146431564055,0.00030170672989378414,18,36,0.0481314347032132,0.24547882619324404,False,False,True,6.37345727042026e-05,COMPLETE
724,0.5664868593215943,2025-04-07 17:19:01.684010,2025-04-07 17:19:29.726284,0 days 00:00:28.042274,0.08233887588232323,0.07409036150603536,8,0.13174340747383484,0.029099709682658143,0.007396295188829882,0.004734599354969535,0.05370070069814392,0.02935020329103142,0.0004031411609585661,17,32,0.043419269100590345,0.22015177584203205,False,False,True,0.00019717739997003508,COMPLETE
725,0.6856655597686767,2025-04-07 17:19:29.960009,2025-04-07 17:19:56.235797,0 days 00:00:26.275788,0.1251712254247383,0.09492876440165453,8,0.14243790139549803,0.035444354234597415,0.001008737360040409,0.003027393631268032,0.04975903258520085,0.03842692270137682,0.0009058535606026872,15,28,0.04955248362115775,0.20121299016313068,False,False,True,2.445593195688888e-05,COMPLETE
726,0.5758282899856568,2025-04-07 17:19:56.458180,2025-04-07 17:20:24.851820,0 days 00:00:28.393640,0.06423405687512075,0.11814751781297819,8,0.1368519509309349,0.0684246422571896,0.009652232229396757,0.00968870109218818,0.0515609416490002,0.04158859242817425,0.0005013076228351282,18,34,0.03871796634611466,0.2287634124213389,False,False,True,4.976912677927041e-05,COMPLETE
727,0.6096501111984253,2025-04-07 17:20:25.085330,2025-04-07 17:20:52.783442,0 days 00:00:27.698112,0.09971736793762519,0.44758418724738447,8,0.13116855513199926,0.04746854464762176,0.003054707067038855,0.007136950904496011,0.04700470593218055,0.03326263239333779,0.00035158241787991917,17,31,0.04294508684368119,0.22302800849547497,False,False,True,0.00011596434352439455,COMPLETE
