number,value,datetime_start,datetime_complete,duration,params_alpha-eval,params_alpha-train,params_batch-size,params_eps-eval,params_eps-train,params_lambda-actions-eval,params_lambda-actions-train,params_lambda-frames-eval,params_lambda-frames-train,params_learning-rate,params_n-epochs,params_n-frames,params_radius-gw,params_rho,params_std-feats,params_ub-actions,params_ub-frames,params_weight-decay,state
1848,0.7045149326324464,2025-04-08 01:38:30.822981,2025-04-08 01:38:55.384251,0 days 00:00:24.561270,0.037467311544360185,0.15134386081190915,8,0.16709093960193147,0.010792634442861822,0.03456553644115396,0.017840824227858522,0.07266034857075047,0.051336620228388724,0.00026873436791765887,12,33,0.06701544593452187,0.2733131786332454,False,False,True,2.4141833635814915e-06,COMPLETE
1849,0.5267989635467529,2025-04-08 01:38:55.997967,2025-04-08 01:39:19.820788,0 days 00:00:23.822821,0.10957828403449282,0.3784328063779222,8,0.1530076016872371,0.006270510276429648,0.03990362195551033,0.015338930756947216,0.0758448852825884,0.05973670766805402,0.00033046605574169253,11,43,0.06454225950119186,0.283849037055221,False,False,True,2.847251822058359e-06,COMPLETE
1850,0.5829578042030334,2025-04-08 01:39:20.412922,2025-04-08 01:39:42.897103,0 days 00:00:22.484181,0.07315342874020081,0.08590391962744157,8,0.16276804029202105,0.0003783335321348969,0.037373701822485644,0.0208924179399671,0.0929608566885897,0.0526919307476801,0.00022713810228683194,9,40,0.06070772086443142,0.2997343363092569,False,False,True,3.851246629760511e-06,COMPLETE
1851,0.7218344569206239,2025-04-08 01:39:43.509337,2025-04-08 01:40:03.543907,0 days 00:00:20.034570,0.05529693917581197,0.11694016852257122,8,0.15338043269302648,0.020850895285726916,0.03301789343537728,0.01408464167511989,0.07894040240184871,0.05743870434727149,0.0004727226101916546,5,36,0.06824030726755458,0.26672919976296117,False,False,True,2.014422155020079e-06,COMPLETE
1852,0.7003202795982362,2025-04-08 01:40:04.131833,2025-04-08 01:40:27.476461,0 days 00:00:23.344628,0.038042738539532446,0.13116636919658575,8,0.16922239666700592,0.014789809818857417,0.031315741001227325,0.0172901310515119,0.07412115888225745,0.05406592539211074,0.0003918181334846756,10,30,0.07116369472786575,0.2902441390934671,False,False,True,4.64451589760053e-06,COMPLETE
1853,0.10743319392204286,2025-04-08 01:40:28.094376,2025-04-08 01:40:47.911968,0 days 00:00:19.817592,0.0883190939390677,0.15391827505775274,8,0.17513153190405542,0.2736792414274292,0.03602148117509594,0.01960195839195604,0.07733661923368487,0.05120396458639848,0.0003009851346722562,5,35,0.061530015740985385,0.27910482197219255,False,False,True,0.0006121364503353318,COMPLETE
1854,0.706142282485962,2025-04-08 01:40:48.501700,2025-04-08 01:41:13.038621,0 days 00:00:24.536921,0.062093053093287165,0.10303778953506454,8,0.15974049975639765,0.005747855095919656,0.031394113608015826,0.01334776244070715,0.07274371342954082,0.013598662538959319,0.0004755930453838841,12,32,0.06538637707862363,0.29431899627878166,False,False,True,2.8643324557523223e-06,COMPLETE
1855,0.5698190093040467,2025-04-08 01:41:13.650644,2025-04-08 01:41:34.703664,0 days 00:00:21.053020,0.04181094211443818,0.08162637486001686,8,0.15480710911086085,0.00036518564208318227,0.0330449470338149,0.01610207749925476,0.07513443966363882,0.05522243372480557,0.0003774791310992348,7,37,0.062220021820559725,0.2867694844339045,False,False,True,1.8043644896045775e-06,COMPLETE
1856,0.11034342646598816,2025-04-08 01:41:35.290545,2025-04-08 01:41:59.683512,0 days 00:00:24.392967,0.08060209020887482,0.13003058623475588,8,0.16530855429566496,0.2312763497680276,0.030365119945148594,0.017538185400889198,0.08059890493895729,0.06096674314663655,0.00026580870887431035,12,41,0.06641830954313413,0.28150824765361626,False,False,True,3.5774457059506805e-06,COMPLETE
1857,0.16763987541198733,2025-04-08 01:42:00.295107,2025-04-08 01:42:24.685463,0 days 00:00:24.390356,0.10675670859522869,0.10642760356993015,8,0.1589026345295754,0.0002814956134307321,0.035136771753888144,0.013161948914015193,0.07265016888977334,0.05810098429175973,0.0003186410009268183,12,34,0.06325954013087691,0.27374247407101593,False,True,True,1.5166130704393638e-06,COMPLETE
1858,0.5847417950630188,2025-04-08 01:42:25.301253,2025-04-08 01:42:49.204745,0 days 00:00:23.903492,0.06052939922017822,0.15474941721894664,8,0.15218927446167954,0.01056569423661435,0.03094821722879784,0.01554402478806645,0.0785705654801265,0.05200134407962738,0.00021305813198544714,11,39,0.06817617750640217,0.28934654709935803,True,False,True,2.3027153801211654e-06,COMPLETE
1859,0.700351619720459,2025-04-08 01:42:49.798790,2025-04-08 01:43:14.232791,0 days 00:00:24.434001,0.035285468865884975,0.07382230022686354,8,0.1736476483638453,0.016647267505781115,0.03288958363835345,0.019769506415442933,0.0759167061624475,0.05671705702459963,0.0004144876025133979,12,29,0.06048490251491638,0.2939260275959308,False,False,True,1.3336296297302612e-06,COMPLETE
1860,0.5711092948913574,2025-04-08 01:43:14.846035,2025-04-08 01:43:39.280224,0 days 00:00:24.434189,0.07460907398714209,0.11827753525936759,8,0.16531800993990226,0.010432037604172485,0.030659047197865632,0.02370010658423534,0.0833920925750749,0.05426302249555828,0.0003223582462631901,12,44,0.0646243309322099,0.2840456305486581,False,False,True,2.722797720934225e-06,COMPLETE
1861,0.5759172081947327,2025-04-08 01:43:39.875467,2025-04-08 01:44:28.249627,0 days 00:00:48.374160,0.037836200040806914,0.09635535642007503,2,0.17714132052228956,0.09849405710263184,0.037713281412347845,0.014564768176004182,0.07469453903680985,0.05105340850468312,0.00026134998466053276,11,32,0.06285245756663299,0.27744920116592553,False,False,True,5.085698351805031e-06,COMPLETE
1862,0.7207174420356751,2025-04-08 01:44:28.839102,2025-04-08 01:44:53.406929,0 days 00:00:24.567827,0.05578610009841035,0.1579063701244635,8,0.15262608684264561,0.01857899708227892,0.034865498662929505,0.01773891817007072,0.07212998269437493,0.06059302894176247,0.0004523523257715953,12,36,0.06056644375898826,0.2890625112156612,False,False,True,2.052955043529433e-06,COMPLETE
1863,0.5802048206329345,2025-04-08 01:44:54.017439,2025-04-08 01:45:14.375178,0 days 00:00:20.357739,0.09424259989753545,0.13505851729677937,8,0.16080477795635933,0.0003543458378747182,0.03197532939880299,0.01355357580012316,0.07695419860036205,0.05581109869916525,0.00035425873643744107,6,39,0.06545695380744791,0.26719229805530753,False,False,True,3.362871612501498e-06,COMPLETE
1864,0.7024328231811523,2025-04-08 01:45:15.013429,2025-04-08 01:45:38.330078,0 days 00:00:23.316649,0.03360394634624597,0.08258465220884396,8,0.17033695440496194,0.010171209111934894,0.03123777006811766,0.016556576565897912,0.07449287918751514,0.0528698368853474,0.0002303638247986248,10,35,0.06976636526200382,0.2999606717590473,False,False,True,1.4037077533130651e-06,COMPLETE
1865,0.7017941117286683,2025-04-08 01:45:38.925086,2025-04-08 01:45:59.850514,0 days 00:00:20.925428,0.0741339309089904,0.11437755416794193,8,0.15155533488848608,0.005734918710728232,0.036314552774641636,0.019680312544616513,0.07880697820903486,0.05028920243283714,0.00047076274724528486,7,32,0.06732638127035509,0.2818538040014348,False,False,True,4.142480571688191e-06,COMPLETE
1866,0.6292321801185607,2025-04-08 01:46:00.467743,2025-04-08 01:46:21.733840,0 days 00:00:21.266097,0.056876651171944265,0.13554532823948953,8,0.1569445316499519,0.014914061307765174,0.03373517090947931,0.021722055881091353,0.07214986377472696,0.059021274874553456,0.00038297712665874773,8,11,0.06027448299883871,0.2952818785433063,False,False,True,2.3918559274377613e-06,COMPLETE
1867,0.5702069997787476,2025-04-08 01:46:22.327616,2025-04-08 01:46:42.771152,0 days 00:00:20.443536,0.11515571114839201,0.06318843484093266,8,0.1647488877988081,0.019479572598802106,0.029532350440366124,0.012405979630889456,0.07634110231623972,0.054820459596549916,0.0002803489116058779,6,47,0.063297830265922,0.27547713058307954,False,False,True,1.8101414306198146e-06,COMPLETE
1868,0.590728259086609,2025-04-08 01:46:43.385160,2025-04-08 01:47:06.251886,0 days 00:00:22.866726,0.08553318622440313,0.09548960049392398,8,0.18096156084796317,0.009814683666502344,0.04355545489529104,0.018437928533361566,0.08028942865284093,0.057236584747096815,0.0003279932521671321,9,41,0.06207817014747221,0.28675259189430785,False,False,True,3.0795080449506876e-06,COMPLETE
1869,0.5735982775688171,2025-04-08 01:47:06.869051,2025-04-08 01:47:32.846525,0 days 00:00:25.977474,0.031354030704203194,0.11621618353306049,8,0.1518072148244221,0.02131639469505016,0.029767715184157884,0.01586096601489039,0.07408155573250355,0.052735467821482716,0.0003891571998160587,14,37,0.06514941138227794,0.2903298768423991,False,False,True,5.134254684853818e-06,COMPLETE
1870,0.7025956273078919,2025-04-08 01:47:33.443281,2025-04-08 01:47:57.876315,0 days 00:00:24.433034,0.05805249274021262,0.15815800875025274,8,0.16915981408315367,0.005548321678947842,0.03259178345045942,0.013755834421630059,0.07785587036115295,0.050447294954892044,0.00048364132525433864,12,33,0.0604355930948332,0.28166206696715246,False,False,True,2.5719501175562206e-06,COMPLETE
1871,0.7014175176620484,2025-04-08 01:47:58.489066,2025-04-08 01:48:24.352785,0 days 00:00:25.863719,0.04242638037919274,0.1397557473538873,8,0.17459269505221175,0.00019015477772427354,0.039962725344479325,0.011444847785922103,0.07229913402838112,0.05557407273150195,0.0002734021667245751,14,30,0.0667465061613615,0.2940015568327397,False,False,True,1.4215255087685484e-06,COMPLETE
1872,0.5700941681861877,2025-04-08 01:48:24.972127,2025-04-08 01:48:50.307374,0 days 00:00:25.335247,0.0737194426738623,0.0813869207795483,8,0.15791168846542572,0.015219285995985795,0.03393505314250331,0.01595218877283182,0.07702937151517598,0.05858452137006686,0.00022402850006859504,13,38,0.06362794456999693,0.2707450258831657,False,False,True,3.783219095827186e-06,COMPLETE
1873,0.6945325255393983,2025-04-08 01:48:50.927115,2025-04-08 01:49:16.835371,0 days 00:00:25.908256,0.09662421525347287,0.10470291903709497,8,0.16222456202593108,0.009458124057567944,0.030800646477131308,0.017839886825717813,0.07568207675194154,0.05335250955334949,0.0003171225625272864,14,35,0.06856539968604039,0.28552862566038956,False,False,True,2.0696446946825863e-06,COMPLETE
1874,0.5327431917190552,2025-04-08 01:49:17.430845,2025-04-08 01:49:53.141324,0 days 00:00:35.710479,0.030072115400219784,0.1589915482035521,8,0.18484531830218803,0.021915456861407816,0.0371248708008028,0.014060699892239858,0.08152073370688508,0.06068181797726956,0.0004922621631359231,28,43,0.0613747535071797,0.27818791789949593,False,False,True,3.0911990282077683e-06,COMPLETE
1875,0.6990404725074768,2025-04-08 01:49:53.760683,2025-04-08 01:50:13.828575,0 days 00:00:20.067892,0.05748900644855704,0.1282966171502127,8,0.1513476726392177,0.005928797784856547,0.029298301543214948,0.011562438905764855,0.07240213022533039,0.049776846524828125,0.0003899262034627353,5,29,0.059818755348423444,0.28948292111369456,False,False,True,1.981900925685806e-06,COMPLETE
1876,0.5903456568717957,2025-04-08 01:50:14.422649,2025-04-08 01:50:39.723839,0 days 00:00:25.301190,0.07414661323316583,0.06059446417021176,8,0.16920308020241978,0.01497814261579096,0.03348586054371627,0.019876468214616156,0.0741720496516211,0.05194274971097954,0.0002644643115383896,13,40,0.06468268252425866,0.2951615682828133,False,False,True,1.5690422537932917e-06,COMPLETE
1877,0.5932778835296632,2025-04-08 01:50:40.336712,2025-04-08 01:51:04.976865,0 days 00:00:24.640153,0.028681865780219848,0.0872175132703704,8,0.15886663373612225,0.010489826760364213,0.028760074891744095,0.015784160951210276,0.05647997711542925,0.05640111209874944,0.00020224912978460594,12,34,0.07119137639920493,0.28154613546858337,True,False,True,4.162160516971495e-06,COMPLETE
1878,0.09226421266794205,2025-04-08 01:51:05.600641,2025-04-08 01:51:30.477465,0 days 00:00:24.876824,0.049910868552731705,0.11154448623906763,8,0.25302168140980785,0.005347223493042919,0.03515750085616472,0.013729000566996505,0.07874577767030452,0.053777313164201146,0.00033405625388705645,13,37,0.0627016344561644,0.27411265137178875,False,True,True,2.5790184736442264e-06,COMPLETE
1879,0.2098938047885895,2025-04-08 01:51:31.080868,2025-04-08 01:51:56.907625,0 days 00:00:25.826757,0.67520626900863,0.13950885316882003,8,0.19659572810208795,0.021812957606734625,0.03062035519187834,0.02285043718388796,0.07541318340099101,0.058284139365154634,0.0004177698659295512,14,32,0.06660108502655424,0.2877375439185425,False,False,True,5.565674871727467e-06,COMPLETE
1880,0.5739806771278382,2025-04-08 01:51:57.532160,2025-04-08 01:52:21.375730,0 days 00:00:23.843570,0.10793797071543723,0.16173473498856564,8,0.16464135878116035,0.0149125618973253,0.0318229826895341,0.017634892516604585,0.0731282436547986,0.05021022660793799,0.0003043346133550026,11,40,0.07397721227390422,0.2998514319707688,False,False,True,3.2262289690356623e-06,COMPLETE
1881,0.5703397989273071,2025-04-08 01:52:21.975145,2025-04-08 01:52:47.631854,0 days 00:00:25.656709,0.08206417481471379,0.09724608169670551,8,0.15111433934185775,0.009567288972309856,0.03406724447894596,0.015007685713625037,0.07205817734038329,0.054543510929646905,0.00046800493668309735,13,37,0.06446731959273216,0.2657393225907039,False,False,True,1.8207931238375254e-06,COMPLETE
1882,0.5674768567085267,2025-04-08 01:52:48.253688,2025-04-08 01:53:12.763356,0 days 00:00:24.509668,0.05577937775772843,0.07024105930000413,8,0.17868262740673785,0.005441890386638411,0.029751787541870016,0.02086765965906449,0.07701929175002739,0.05207816750596608,0.0003686696575844726,12,34,0.05971571770943387,0.27870141168453666,False,False,True,2.231334844301324e-06,COMPLETE
1883,0.542199432849884,2025-04-08 01:53:13.364445,2025-04-08 01:53:33.819083,0 days 00:00:20.454638,0.029225523547593675,0.12778271808440053,8,0.15771110495696258,0.021377304691194483,0.028797658682926927,0.009982467698638831,0.08011196977968543,0.06119940522108733,0.00023251926779533838,6,42,0.061992237597375745,0.2859768592254772,False,False,True,1.4315123422698743e-06,COMPLETE
1884,0.6803831934928894,2025-04-08 01:53:34.446266,2025-04-08 01:54:00.534982,0 days 00:00:26.088716,0.12958333331940255,0.11258055945591106,8,0.1723220905681469,0.0003635051076138878,0.04798404846756417,0.012726965862774256,0.07578631657364354,0.056487945884174176,0.0002846282971145018,14,29,0.05898864106430793,0.29236759451800287,False,False,True,3.7719301580394e-06,COMPLETE
1885,0.5692681908607483,2025-04-08 01:54:01.140023,2025-04-08 01:54:55.662154,0 days 00:00:54.522131,0.06848291582183949,0.16031385800283693,2,0.1513644336485493,0.014344558097833346,0.03220295539619113,0.018657973720210972,0.07165451829933749,0.049570794238806275,0.0004044535803618338,13,38,0.06877082934007905,0.2712210497761025,False,False,True,2.7252101319226105e-06,COMPLETE
1886,0.20527752935886384,2025-04-08 01:54:56.265054,2025-04-08 01:55:21.909586,0 days 00:00:25.644532,0.9007338973847561,0.08499222998056567,8,0.1675762907900618,0.010537828413123545,0.09676131590956248,0.01585948315247716,0.07439566430705326,0.05472887571030578,0.0004969603949400818,14,35,0.06631002348323058,0.2830817740127774,False,False,True,4.6036944774434445e-06,COMPLETE
1887,0.7012929320335388,2025-04-08 01:55:22.530089,2025-04-08 01:55:46.964272,0 days 00:00:24.434183,0.046522043463667985,0.1417864405505042,8,0.16235899552924457,0.005742510470021615,0.027889645369982695,0.01148202717307445,0.08281922287054323,0.05834462564514355,0.00033943434485333047,12,31,0.06188350589678809,0.2952222029673633,False,False,True,1.7485419268531745e-06,COMPLETE
1888,0.5709736227989197,2025-04-08 01:55:47.592188,2025-04-08 01:56:12.418457,0 days 00:00:24.826269,0.087397495247793,0.0646064548236074,8,0.15667693671633742,0.01611161398859906,0.03695874108506125,0.016741802525671097,0.07884414565032635,0.05202358717191073,0.00019508198466390694,13,46,0.05951427444176629,0.2774014222903122,False,False,True,2.3198566348814314e-06,COMPLETE
1889,0.570137107372284,2025-04-08 01:56:13.024770,2025-04-08 01:56:38.697274,0 days 00:00:25.672504,0.029098715507687098,0.3373136779427951,8,0.17610984286937173,0.02246306208490664,0.030461931712856292,0.014190414750211426,0.07166766669391227,0.05599418051327309,0.030046551923619314,14,34,0.06410608824577367,0.2881139321649844,False,False,True,1.3305405525546577e-06,COMPLETE
1890,0.579695725440979,2025-04-08 01:56:39.320914,2025-04-08 01:57:03.938751,0 days 00:00:24.617837,0.061487766844946834,0.04408488491571256,8,0.15186386553492942,0.0001089496252709276,0.033267435492540194,0.018235912193456057,0.05744536245159362,0.05305234050343715,0.00025690627334807887,12,39,0.07011966299059025,0.28250892464790933,False,False,True,3.1304967352294935e-06,COMPLETE
1891,0.40077958703041083,2025-04-08 01:57:04.537750,2025-04-08 01:57:28.786303,0 days 00:00:24.248553,0.09779020517145659,0.12100942783907828,8,0.14981873679865307,0.01038912573350148,0.0354637621273315,0.01254441160588264,0.07718511431341739,0.050534575309479995,0.00033929544969278934,11,87,0.0629119415887445,0.29432379876172826,False,False,True,3.7654678821619823e-06,COMPLETE
1892,0.7070010423660279,2025-04-08 01:57:29.417841,2025-04-08 01:57:55.142578,0 days 00:00:25.724737,0.04370002840818705,0.09420646739397662,8,0.16265148836364537,0.016525274734547863,0.028771388590478234,0.015341065305797789,0.07432459277623339,0.05975694385450345,0.00040475484054252654,13,36,0.0655207132255104,0.2746909058371293,False,False,True,5.814680654635801e-06,COMPLETE
1893,0.5691317319869995,2025-04-08 01:57:55.772707,2025-04-08 01:58:21.485528,0 days 00:00:25.712821,0.06772774263589426,0.13870670089489529,8,0.1703445315838843,0.005821112689613533,0.030837703130912417,0.009482223632614754,0.07585944739438115,0.048662555537135825,0.0004890757803558506,14,43,0.06056944394200568,0.2894430160635237,False,False,True,2.650997177986157e-06,COMPLETE
1894,0.41740722656250007,2025-04-08 01:58:22.085333,2025-04-08 01:58:47.204866,0 days 00:00:25.119533,0.029598161150960457,0.10946195480932232,8,0.15751183527862794,0.07383883376236466,0.038188708454677,0.01995182710982539,0.08652433929505203,0.056824297209389626,0.0002722220124662845,13,32,0.05940939827994337,0.2830590477357123,False,True,True,1.7901220920088927e-06,COMPLETE
1895,0.5709231853485108,2025-04-08 01:58:47.830779,2025-04-08 01:59:09.373878,0 days 00:00:21.543099,0.08737298665838747,0.16341835354868245,8,0.18337878184148632,0.01172424954173322,0.03210464282580961,0.016935850855206474,0.0736257399026575,0.0011781332583627735,0.00030944819870799926,8,40,0.06739702194055978,0.29979792895769075,False,False,True,1.5894130703451223e-05,COMPLETE
1896,0.7002542138099671,2025-04-08 01:59:09.980455,2025-04-08 01:59:34.298735,0 days 00:00:24.318280,0.049334846955793044,0.07916627593764004,8,0.15039055929733608,0.02144307894992973,0.02895192459465756,0.013593512497004467,0.07993029189503213,0.05442602063130926,0.0002213652556094717,12,29,0.0642300337475641,0.2900299841402244,False,False,True,4.680882550326639e-06,COMPLETE
1897,0.4936302781105042,2025-04-08 01:59:34.920627,2025-04-08 02:00:01.111272,0 days 00:00:26.190645,0.1214005396810679,0.12493229600546497,8,0.16566763631184145,0.0001726153560027699,0.035129365011227,0.022085178009977387,0.07153191630068523,0.052601088001319296,0.0004154374957554421,14,37,0.061507695267383714,0.2765041657541882,True,False,True,2.234184782669564e-06,COMPLETE
1898,0.11132736504077911,2025-04-08 02:00:01.710013,2025-04-08 02:00:26.767780,0 days 00:00:25.057767,0.07652923579901222,0.1016539615066282,8,0.17702361242158215,0.18142135078882413,0.04002559955955182,0.011545928506732315,0.07528541240230492,0.05797663056165393,0.0003523693060204467,13,34,0.05902973927233772,0.269343456131653,False,False,True,7.377788891672006e-06,COMPLETE
1899,0.5503785610198975,2025-04-08 02:00:27.388978,2025-04-08 02:00:53.293096,0 days 00:00:25.904118,0.04525993386561856,0.48771807643629755,8,0.1581361219050279,0.0149564593469749,0.027492171045372965,0.014962603045162183,0.07792917359685274,0.06117578913579785,0.0002890874119803619,14,32,0.07143983352838498,0.2858170043385982,False,False,True,3.396760776478195e-06,COMPLETE
1900,0.5716557383537293,2025-04-08 02:00:53.920213,2025-04-08 02:01:18.464544,0 days 00:00:24.544331,0.10431506724892653,0.14727884379029138,8,0.16986687486577684,0.0070049140221321035,0.03302436043001859,0.018658257790200843,0.0714892519477621,0.05155839947647824,0.000467130344210785,12,37,0.06747967631277663,0.2807080785414802,False,False,True,1.4261653337051222e-06,COMPLETE
1901,0.6096722960472107,2025-04-08 02:01:19.068170,2025-04-08 02:01:44.559689,0 days 00:00:25.491519,0.02699770583546035,0.06576863733174584,8,0.19064131906072418,0.011194159323726667,0.027886105050635452,0.0166341462341203,0.058299716753926305,0.054850586017183935,0.00024021684118833198,14,42,0.06354585390923356,0.29421394545969337,False,False,True,2.802570429900476e-06,COMPLETE
1902,0.5840133309364319,2025-04-08 02:01:45.193845,2025-04-08 02:02:10.317586,0 days 00:00:25.123741,0.06442263557181724,0.11711193166808717,8,0.15015558526121237,0.02206222242072608,0.031177117843077383,0.013484097057729315,0.07392616841674383,0.04978197335944318,0.0003534131406735805,13,39,0.06572300183499533,0.2896837183839031,False,False,True,1.8716956267716185e-06,COMPLETE
1903,0.6995485663414002,2025-04-08 02:02:10.921744,2025-04-08 02:02:59.342131,0 days 00:00:48.420387,0.05578544033739713,0.08828754299151355,2,0.16184347688127987,0.0053006259780650575,0.029131331047927703,0.010836061004876446,0.07689358700384014,0.04775795364189392,0.0005136005683605954,11,28,0.06163002802748595,0.27903305611644647,False,False,True,4.174502894462025e-06,COMPLETE
