number,value,datetime_start,datetime_complete,duration,params_alpha-eval,params_alpha-train,params_batch-size,params_eps-eval,params_eps-train,params_lambda-actions-eval,params_lambda-actions-train,params_lambda-frames-eval,params_lambda-frames-train,params_learning-rate,params_n-epochs,params_n-frames,params_radius-gw,params_rho,params_std-feats,params_ub-actions,params_ub-frames,params_weight-decay,state
1288,0.09069270193576813,2025-04-07 21:21:43.059968,2025-04-07 21:22:09.613315,0 days 00:00:26.553347,0.07271854818278696,0.13903375424895836,8,0.14435502020695254,0.00012184333111453158,0.024177278092750568,0.015857562561255444,0.06215324809272868,0.05679739742139964,0.00027179274925405244,15,101,0.05659582752647499,0.2897236079650197,False,True,True,4.600997417794701e-06,COMPLETE
1289,0.6967235445976258,2025-04-07 21:22:10.028882,2025-04-07 21:22:35.904621,0 days 00:00:25.875739,0.06956398542506691,0.1449997068036965,8,0.15065863148810782,0.005745887136871131,0.026067467811750497,0.014971403587724613,0.061689397649164784,0.060424972039983114,0.00032136702590082746,14,35,0.05874361378874376,0.2812641598652828,False,False,True,2.296239391434358e-06,COMPLETE
1290,0.5810456156730652,2025-04-07 21:22:36.314155,2025-04-07 21:23:03.072836,0 days 00:00:26.758681,0.09407896720004351,0.15030040561933378,8,0.1417486016759247,0.010274464292976602,0.02248343847750041,0.01831124241570614,0.06358867349828205,0.05556301723989988,0.00022214871455500715,15,39,0.056020727140281334,0.29482086343504466,False,False,True,3.4834081161468626e-06,COMPLETE
1291,0.7018638849258423,2025-04-07 21:23:03.482001,2025-04-07 21:23:29.163432,0 days 00:00:25.681431,0.05798292783917817,0.1675911920383706,8,0.14632279821987748,0.00013134675064393597,0.02001208875925824,0.020341444640722874,0.05954795737402679,0.052416307129243576,0.0003799812351945635,14,33,0.05465197905919494,0.28498899478970957,False,False,True,5.889875931338493e-06,COMPLETE
1292,0.36884469985961915,2025-04-07 21:23:29.572311,2025-04-07 21:23:57.152125,0 days 00:00:27.579814,0.04481660272541844,0.13995798188756392,8,0.1549872156987834,0.006189461277294132,0.02040574946269553,0.01594960276782141,0.06610510015486687,0.05843316215379595,0.0004007107019531682,15,85,0.0604922987302775,0.27809901417686905,True,False,True,2.8675826899989577e-06,COMPLETE
1293,0.5698713421821594,2025-04-07 21:23:57.565933,2025-04-07 21:24:23.743789,0 days 00:00:26.177856,0.07563972754010667,0.1623032417996415,8,0.14402923221023026,0.010787144449575294,0.023368848486456074,0.021711964900624815,0.06144649968519955,0.054749061034025,0.00032419518451353823,15,36,0.05542489176204336,0.29359025614254786,False,False,True,2.081067659627424e-06,COMPLETE
1294,0.5692699790000916,2025-04-07 21:24:24.153596,2025-04-07 21:24:49.949965,0 days 00:00:25.796369,0.010182211477670514,0.14818269893948094,8,0.14132118851146072,0.011430231424441776,0.019715059502298685,0.01842724406868637,0.0684623518294391,0.05219697160588437,0.00041789242699253226,14,34,0.05835071532046682,0.2890183129029308,False,False,True,1.6254974679040429e-06,COMPLETE
1295,0.7003570318222045,2025-04-07 21:24:50.360402,2025-04-07 21:25:16.762394,0 days 00:00:26.401992,0.06218187396897459,0.17364206649118683,8,0.15320026999430003,0.006544637423365708,0.02190712025991047,0.014854436216517252,0.06456274701954129,0.021443100272732864,0.00027082251580204885,15,31,0.05721652508843013,0.27425559737830585,False,False,True,1.818260991771292e-06,COMPLETE
1296,0.5720276713371277,2025-04-07 21:25:17.191223,2025-04-07 21:25:42.973094,0 days 00:00:25.781871,0.040479467129888834,0.1824768942135483,8,0.14764870124937884,0.012328077557188996,0.020104464077387255,0.017476914763898652,0.06289519729187794,0.05358712789501845,0.00039194096792423183,14,37,0.05444149413545013,0.2839199073119997,False,False,True,2.2933937025134906e-06,COMPLETE
1297,0.5808628678321839,2025-04-07 21:25:43.386452,2025-04-07 21:26:09.824036,0 days 00:00:26.437584,0.0895612981950028,0.15688203922191105,8,0.14038364382135,0.006162155621741445,0.02521571009810896,0.020333280030850394,0.06896698926535136,0.057052386283971364,0.00033240939300324126,15,40,0.053919016886878994,0.2943140235749197,False,False,True,2.0576830616117197e-06,COMPLETE
1298,0.08523848205804825,2025-04-07 21:26:10.237869,2025-04-07 21:26:35.809060,0 days 00:00:25.571191,0.028493143264721667,0.14604622609604212,8,0.1570405377305418,0.2996055948432297,0.02119363225186198,0.016461928267110886,0.06019990142329308,0.05289390730711065,0.0004290555013194609,14,34,0.057264349770282205,0.28968172212547666,False,False,True,3.1582275363916693e-06,COMPLETE
1299,0.6535475492477417,2025-04-07 21:26:36.223825,2025-04-07 21:27:02.443452,0 days 00:00:26.219627,0.06216031785103864,0.18529890053036302,8,0.14879221558932865,0.012371274642660962,0.019274261148724076,0.01934524988638733,0.06607601041645077,0.05471873846032473,0.0003044857757686598,15,32,0.05379893053909956,0.29998532863577215,False,False,True,1.6500831819280328e-06,COMPLETE
1300,0.6991346478462219,2025-04-07 21:27:02.862371,2025-04-07 21:27:30.147418,0 days 00:00:27.285047,0.044473343395195236,0.1700940050485398,8,0.14121599969679957,0.012989554904467494,0.023002933916649773,0.021927886494499494,0.06224345952725936,0.051782693097969734,0.00045040009184272385,16,30,0.05412841692210095,0.2791988584192664,False,False,True,2.6478969285021677e-06,COMPLETE
1301,0.7567994236946107,2025-04-07 21:27:30.561764,2025-04-07 21:27:56.615776,0 days 00:00:26.054012,0.027291210692697167,0.13641471905885522,8,0.13955200850077185,0.0056327253284551935,0.019148770893525454,0.014827647468176932,0.0726421734866311,0.05654941284408381,0.00036055501281593617,14,36,0.05615722381429548,0.2855240221110788,False,False,True,2.0015686006927006e-06,COMPLETE
1302,0.6402306795120241,2025-04-07 21:27:57.025470,2025-04-07 21:28:23.835597,0 days 00:00:26.810127,0.02836336059891711,0.13028186592609778,8,0.1390064256495786,0.011319082751034965,0.01885843111132958,0.01465279955273961,0.0710639926883439,0.05973960689042922,0.00023737576489933618,15,34,0.06098221679838266,0.27228840366770085,False,False,True,1.6454472072639482e-06,COMPLETE
1303,0.7022530913352967,2025-04-07 21:28:24.246100,2025-04-07 21:28:51.124616,0 days 00:00:26.878516,0.02720923308574659,0.1287275525797944,8,0.13873399596312164,0.01359835046226092,0.019026003920090576,0.015148071482590848,0.07150071817294908,0.05919157835511747,0.0003097938446853964,16,30,0.06242395404126874,0.2789783884387904,False,False,True,1.7665664146154347e-06,COMPLETE
1304,0.5347349882125855,2025-04-07 21:28:51.539537,2025-04-07 21:29:18.549725,0 days 00:00:27.010188,0.0238040496957358,0.13415610107431786,8,0.14322065718574428,0.014578239224142944,0.01834791553534259,0.017776143802531962,0.07273101932392614,0.057301200843668514,0.00043468072038998503,15,42,0.05700097212678104,0.2718936220517707,False,False,True,1.3817410538853984e-06,COMPLETE
1305,0.3792010366916657,2025-04-07 21:29:18.960637,2025-04-07 21:29:44.915388,0 days 00:00:25.954751,0.8270764160412079,0.13644191524182053,8,0.13730345900254903,0.007966624269169767,0.018343211954412433,0.014186312578109973,0.0730435769624225,0.056394335466387564,0.00035709598470007385,14,36,0.06013867861755539,0.28399801910534567,False,False,True,1.9577425849770527e-06,COMPLETE
1306,0.17276264131069186,2025-04-07 21:29:45.346681,2025-04-07 21:30:11.578721,0 days 00:00:26.232040,0.02758139327060311,0.15143680271106907,8,0.1405396962185834,0.00024511184588529855,0.0202936726867609,0.019561574192542824,0.07252931165682433,0.055905993563742616,0.0004483027770518854,15,33,0.05655866546758705,0.28341038907441934,False,True,True,1.5322852348686716e-06,COMPLETE
1307,0.6985771536827088,2025-04-07 21:30:12.000346,2025-04-07 21:30:39.003304,0 days 00:00:27.002958,0.04851361479177792,0.13964537744793043,8,0.13674602603870337,0.015050061744319523,0.01802395423138743,0.01720170886777697,0.07267255236792779,0.05774704255492805,0.00027186277421239785,16,29,0.052568867867315856,0.27720583044736463,False,False,True,1.268208266028236e-06,COMPLETE
1308,0.5710565447807312,2025-04-07 21:30:39.421264,2025-04-07 21:31:05.163776,0 days 00:00:25.742512,0.011098899577193518,0.11816890991267719,8,0.14384891207561296,0.015271515189130013,0.019638253678585044,0.022278419718341286,0.0735340335710892,0.05184776800841486,0.00035766641192660977,14,38,0.05723605047774505,0.27181844745231953,False,False,True,8.864909968531902e-06,COMPLETE
1309,0.7107144117355347,2025-04-07 21:31:05.579312,2025-04-07 21:31:33.568706,0 days 00:00:27.989394,0.010362165088845965,0.15776861344216778,8,0.13037463120001722,0.00643576980765957,0.020879315932316744,0.014693212975914683,0.07022683848633388,0.055643694612851034,0.00047478753521176825,17,33,0.05293309802878785,0.2864130958836008,False,False,True,1.962712407070305e-06,COMPLETE
1310,0.5192860484123231,2025-04-07 21:31:33.988289,2025-04-07 21:32:01.474104,0 days 00:00:27.485815,0.06700035584758696,0.1224902725909809,8,0.1475609724858172,0.015597041771042326,0.017667084460610463,0.019249163045084977,0.059624805288862104,0.050799425829597226,0.00039255886232920397,16,29,0.05957461073767674,0.28035186532528494,True,False,True,0.0007164581331662866,COMPLETE
1311,0.5583619356155396,2025-04-07 21:32:01.892324,2025-04-07 21:32:28.454757,0 days 00:00:26.562433,0.010196363795791787,0.14717147871638064,8,0.1381064296864285,0.010286549806102482,0.020214598310330158,0.01415249443840663,0.06369419522443323,0.06131377605658246,0.0003106482274502221,15,39,0.0555456464031649,0.2872858858687702,False,False,True,1.5350348880262034e-06,COMPLETE
1312,0.7049266457557679,2025-04-07 21:32:28.867570,2025-04-07 21:32:54.710563,0 days 00:00:25.842993,0.04353723332036237,0.16179519472493378,8,0.14344201550204214,0.006115891294416422,0.01744507274195637,0.016866201562758063,0.06943642668786036,0.05239029622392609,0.00022968932300548655,14,35,0.052604349644771925,0.2764627120706193,False,False,True,1.2443766546027627e-06,COMPLETE
1313,0.658315646648407,2025-04-07 21:32:55.126076,2025-04-07 21:33:21.821213,0 days 00:00:26.695137,0.08083944501122341,0.13992993368904066,8,0.1322531307071919,0.015130132660911443,0.02340984453449191,0.02093522334683005,0.06144764671698647,0.058159544529398026,0.0004637958646285976,15,25,0.058675683963986,0.28987911835054303,False,False,True,2.178125984853204e-06,COMPLETE
1314,0.7146232366561891,2025-04-07 21:33:22.236028,2025-04-07 21:33:47.881556,0 days 00:00:25.645528,0.028075308675163155,0.16762430413613724,8,0.15097161379856,0.01573558710606871,0.021122695332912982,0.018382241207241152,0.06492665123804084,0.05408055898047735,0.00035820333315484727,14,31,0.05314730888727988,0.2827705096439261,False,False,True,2.9302250301806123e-06,COMPLETE
1315,0.619099247455597,2025-04-07 21:33:48.317108,2025-04-07 21:34:15.262001,0 days 00:00:26.944893,0.33611977226703604,0.12172642390466788,8,0.12709499348660847,0.008920048458023654,0.01809031435943253,0.01393063121590251,0.07395434082767711,0.05077933085742676,0.0004616346560575592,16,27,0.054392218500531817,0.2728541881795326,False,False,True,1.7009997001514197e-06,COMPLETE
1316,0.7496588706970215,2025-04-07 21:34:15.681372,2025-04-07 21:34:42.472912,0 days 00:00:26.791540,0.04961700471994813,0.19256840415022022,8,0.1391203519487092,0.016706820780910975,0.016845453016313683,0.016091498488449433,0.06295748448617866,0.060475725084039235,0.0004150235575116859,15,36,0.05588196598493991,0.28998381364222964,False,False,True,1.3598388109633103e-06,COMPLETE
1317,0.5648508071899414,2025-04-07 21:34:42.891892,2025-04-07 21:35:08.938878,0 days 00:00:26.046986,0.010662998092374382,0.19512265539063842,8,0.1471524565758536,0.009981807400734496,0.01637503957183568,0.01591015266160224,0.059352403349445686,0.06059729568484769,0.0005652098390162897,14,40,0.06228781751452481,0.2933521327209403,False,False,True,1.1473306235703268e-06,COMPLETE
1318,0.5304558992385864,2025-04-07 21:35:09.356614,2025-04-07 21:35:35.805311,0 days 00:00:26.448697,0.04053477745692524,0.37041040201342745,8,0.15469791763115628,0.00463199639315021,0.016683030403584858,0.013837493610746215,0.06150391756497778,0.06055657374229541,0.0004704078534744177,15,42,0.05851479800542512,0.29098951324158545,False,False,True,1.2652553294937641e-06,COMPLETE
1319,0.4387872219085694,2025-04-07 21:35:36.221465,2025-04-07 21:36:02.492845,0 days 00:00:26.271380,0.06798145198764703,0.19853855929616157,8,0.1425909885219266,0.016096203096581364,0.016250088162736265,0.015898184128594114,0.062059428022656925,0.06114781060119679,0.0005872557328410655,14,128,0.0564701196683087,0.28859722170704566,False,False,True,1.1015524736193389e-06,COMPLETE
1320,0.5684067249298096,2025-04-07 21:36:02.912449,2025-04-07 21:36:29.482696,0 days 00:00:26.570247,0.25466821895888675,0.19304101506685434,8,0.139150012868041,0.005542203540067745,0.0180137591109464,0.01633760025207835,0.06001162108905197,0.0589076211129728,0.0004706621106222313,15,39,0.05953290166585194,0.2930552902303612,False,False,True,1.4512358581350586e-06,COMPLETE
1321,0.532769501209259,2025-04-07 21:36:29.898730,2025-04-07 21:36:56.388982,0 days 00:00:26.490252,0.010007217095858997,0.20919820687859084,8,0.15034945888088844,0.013351875472464716,0.016655903370806906,0.014659725812477742,0.06316688754906793,0.05564256346645569,0.00041084663783409904,15,43,0.06128418394100412,0.2806363822788729,False,False,True,9.471740893665948e-07,COMPLETE
1322,0.549958872795105,2025-04-07 21:36:56.808787,2025-04-07 21:37:22.919567,0 days 00:00:26.110780,0.0970519650168286,0.18694710777483078,8,0.14525831262260977,0.016666425561638228,0.01906743282272024,0.017523756274051495,0.0633221891347937,0.06222586654817842,0.0005734784820115085,14,37,0.056423347330839785,0.2942603692543192,False,False,True,1.3727181446282405e-06,COMPLETE
1323,0.7789955615997315,2025-04-07 21:37:23.356528,2025-04-07 21:38:00.258618,0 days 00:00:36.902090,0.03066434725490355,0.15164039786227504,8,0.13827055621850687,0.004741815262941009,0.017604578904343013,0.013319141936430825,0.05999336016969998,0.06042552073846655,0.00039720676155530503,30,36,0.05673055763698663,0.28629430778253495,False,False,True,1.0824651297427463e-06,COMPLETE
1324,0.5329026222229004,2025-04-07 21:38:00.683140,2025-04-07 21:38:26.454511,0 days 00:00:25.771371,0.058828268318841616,0.11772243651544598,8,0.13619680383417884,0.006080181471288054,0.019006845004822255,0.013438811336567501,0.05990505808278539,0.05945438120667221,0.0003879211646579283,14,43,0.05927763704969209,0.28804622782101036,False,False,True,2.3382110624768736e-06,COMPLETE
1325,0.16328997015953065,2025-04-07 21:38:26.882085,2025-04-07 21:38:52.634548,0 days 00:00:25.752463,0.07492980326754538,0.14051358540773137,8,0.1372170914539183,0.0015151216877936952,0.01974807200549633,0.013165500530184254,0.05888009839248396,0.05910554588959712,0.00028497796387602235,14,41,0.05596976079746434,0.29452866496646735,False,True,True,1.5054961903105987e-06,COMPLETE
1326,0.08596095591783524,2025-04-07 21:38:53.057252,2025-04-07 21:39:18.789777,0 days 00:00:25.732525,0.04207581932870894,0.12629217251098768,8,0.13631447110569153,0.28199108172281695,0.015995159996450303,0.013370369985616741,0.06344904087503113,0.06157870037892915,0.0003955957085902861,14,39,0.06129722429811382,0.28524379037983905,False,False,True,1.0776992921422546e-06,COMPLETE
1327,0.35378510355949405,2025-04-07 21:39:19.211150,2025-04-07 21:39:46.063834,0 days 00:00:26.852684,0.02870420399188197,0.15531998183096316,8,0.1416069210420461,0.00288514630955042,0.017757550873808314,0.014754506426254217,0.062077703291089525,0.06092561787025717,0.0005157215269515358,15,76,0.058605519309779815,0.29123165391727723,False,False,True,1.8894182682653613e-06,COMPLETE
1328,0.5742385029792786,2025-04-07 21:39:46.482778,2025-04-07 21:40:12.930052,0 days 00:00:26.447274,0.05399500087507718,0.14027414903183183,8,0.1499325292881874,0.003485834980829692,0.015691493735970296,0.01300023013075255,0.06562495033340587,0.06269070700488469,0.0003461972337959251,15,37,0.057863911474893615,0.2945738015685217,False,False,True,4.156350266369056e-06,COMPLETE
1329,0.5709960699081421,2025-04-07 21:40:13.348503,2025-04-07 21:40:39.116461,0 days 00:00:25.767958,0.010092249757706999,0.15688293931859582,8,0.13436079414188223,0.0008045845956720287,0.02006652263138681,0.015214272180767138,0.0597085695143387,0.06037995845770328,0.0005834458366680025,14,40,0.05623755614774967,0.28668261484228946,False,False,True,1.2522263682187662e-06,COMPLETE
1330,0.569823169708252,2025-04-07 21:40:39.538493,2025-04-07 21:41:05.865175,0 days 00:00:26.326682,0.09532033747434882,0.1287289925662771,8,0.14607874592954848,0.0009581063416644817,0.01761298021159688,0.013322213621313722,0.0637750425563386,0.057406951834004856,0.0004100260598388295,15,36,0.05541027543884782,0.2997509556372276,False,False,True,1.5921786784701985e-06,COMPLETE
1331,0.5718119978904724,2025-04-07 21:41:06.289257,2025-04-07 21:41:32.622505,0 days 00:00:26.333248,0.030843194213135788,0.11827013683200344,8,0.157811417773034,0.005693582525942399,0.018296804403872366,0.06835572926855153,0.06159623317102682,0.05928968285415611,0.00029530304386780724,14,37,0.05870219062381521,0.2772702273266293,False,False,True,8.724136279402179e-07,COMPLETE
1332,0.6124226689338684,2025-04-07 21:41:33.064413,2025-04-07 21:41:59.977280,0 days 00:00:26.912867,0.07677833546723545,0.16190560418629843,8,0.14094422287743683,0.008191756880508537,0.015511480537506358,0.015562072990100463,0.0585198988373062,0.06193941546582755,0.0004956647252414815,15,42,0.061221292497714117,0.2849620420650892,True,False,True,0.0003424054643511606,COMPLETE
1333,0.7587311506271364,2025-04-07 21:42:00.412637,2025-04-07 21:42:26.443460,0 days 00:00:26.030823,0.05632968347382018,0.14266828513611154,8,0.1304373365158082,0.009369029188326257,0.01961095581990731,0.01718704838093772,0.06490691876013399,0.05927943161701468,0.00034635949843741067,14,36,0.05793481691025905,0.29476650559699824,False,False,True,2.2910798867774687e-06,COMPLETE
1334,0.5315162897109986,2025-04-07 21:42:26.868219,2025-04-07 21:42:52.630800,0 days 00:00:25.762581,0.10070207911851514,0.11806775523779081,8,0.1286419920015073,0.008803454139497048,0.022135107058717032,0.013281123864521828,0.06639246502472647,0.06274899417706885,0.00025131383561145343,14,40,0.06214053577103269,0.2933570566224206,False,False,True,3.393830407906983e-06,COMPLETE
1335,0.5962711691856385,2025-04-07 21:42:53.055384,2025-04-07 21:43:30.444978,0 days 00:00:37.389594,0.0822883383019928,0.13253895225997836,8,0.12592647010269048,0.0016940644552983558,0.020552118604954255,0.016217981111552822,0.06519262116852413,0.05896274293194234,0.0002820051088337134,30,42,0.059753312664734805,0.2997731832247962,False,False,True,7.21295044791784e-06,COMPLETE
1336,0.5793228626251221,2025-04-07 21:43:30.866970,2025-04-07 21:43:56.773502,0 days 00:00:25.906532,0.09805456337158978,0.13954025875326415,8,0.12659396697489148,0.00778509400115581,0.024487457424194406,0.014692568306756438,0.06704207259500909,0.058224621859325865,0.0003236455081959795,14,39,0.05854186271438052,0.29466801959645195,False,False,True,2.986282737886117e-06,COMPLETE
1337,0.7103673100471497,2025-04-07 21:43:57.196660,2025-04-07 21:44:33.724956,0 days 00:00:36.528296,0.06833104708277545,0.11296060017610107,8,0.13109975958498715,0.006567366725236596,0.022168963044708993,0.016634392539948136,0.06530164550543048,0.06072456211612995,0.00020376355415227253,30,37,0.05913227379715276,0.294256481140884,False,False,True,2.637788355998637e-06,COMPLETE
1338,0.5964360356330872,2025-04-07 21:44:34.146132,2025-04-07 21:45:00.395658,0 days 00:00:26.249526,0.06233493106596546,0.5692272849619181,8,0.13272863329246598,0.010592902250401427,0.01959099041227339,0.014179316574854543,0.06427511356117145,0.05722613903066118,0.00034016056398558555,14,36,0.06213358190480895,0.2878012954870501,False,False,True,4.8847986330236956e-06,COMPLETE
1339,0.5734719991683961,2025-04-07 21:45:00.842126,2025-04-07 21:45:26.624654,0 days 00:00:25.782528,0.08364383329747915,0.1452809273202796,8,0.125513805270935,0.010651115156835863,0.01981588176966314,0.015993957592694265,0.06734180994493236,0.05800541303203992,0.0002606474286732486,14,39,0.05600148968992884,0.2895587563489439,False,False,True,2.263516222211279e-06,COMPLETE
1340,0.5623941421508789,2025-04-07 21:45:27.053139,2025-04-07 21:45:52.863911,0 days 00:00:25.810772,0.05708182813027071,0.11376599889286791,8,0.13485280383096487,0.0007774863977685125,0.02220156445049519,0.013106576378511335,0.06121133381336866,0.06133141647889448,0.00036955556357743963,14,42,0.05732333616887365,0.2934332377032887,False,False,True,2.031960095415648e-06,COMPLETE
1341,0.6992853999137879,2025-04-07 21:45:53.291873,2025-04-07 21:46:19.328383,0 days 00:00:26.036510,0.07591708718024662,0.14316721637294735,8,0.13595157186057763,0.009199989646934307,0.019752323771946318,0.017371932714878788,0.06485969639583376,0.05683571237650688,0.0003822343555460461,14,35,0.0597014776079237,0.2906444165226562,False,False,True,1.1405648628710503e-06,COMPLETE
1342,0.5744208455085754,2025-04-07 21:46:19.754859,2025-04-07 21:46:45.813472,0 days 00:00:26.058613,0.05165502505066562,0.15861337542338344,8,0.1282117869215838,0.001055549817135626,0.017825923481436988,0.014882656537546782,0.06864843800257533,0.06047579250592903,0.00031141718685013744,14,39,0.05784490132981502,0.2941642907079489,False,False,True,2.9681429408563223e-06,COMPLETE
1343,0.7393471002578736,2025-04-07 21:46:46.238373,2025-04-07 21:47:13.201205,0 days 00:00:26.962832,0.09474984234614447,0.11871236041923618,8,0.13730052717614288,0.012522023834759624,0.021691444224138965,0.08511047431086861,0.06280843426385457,0.06288142150245382,0.0006159525534744717,15,36,0.057468623110648855,0.28650240779314595,False,False,True,3.5002676711476856e-06,COMPLETE
