number,value,datetime_start,datetime_complete,duration,params_alpha-eval,params_alpha-train,params_batch-size,params_eps-eval,params_eps-train,params_lambda-actions-eval,params_lambda-actions-train,params_lambda-frames-eval,params_lambda-frames-train,params_learning-rate,params_n-epochs,params_n-frames,params_radius-gw,params_rho,params_std-feats,params_ub-actions,params_ub-frames,params_weight-decay,state
224,0.6106496572494506,2025-04-07 12:12:25.184186,2025-04-07 12:14:11.023969,0 days 00:01:45.839783,0.1266304273024538,0.030522236205480092,2,0.0605831697303917,0.01610221585738383,0.08157737856342472,0.05592695729167001,0.014100938239084782,0.08741444148097982,7.512151882201638e-05,27,47,0.022335562202230864,0.09629657882440328,True,False,False,3.4694338436796086e-08,COMPLETE
225,0.09069270193576813,2025-04-07 12:14:11.095547,2025-04-07 12:15:57.172498,0 days 00:01:46.076951,0.13554270232172116,0.02627439485096395,2,0.059735831999427204,0.006116727731184695,0.08178893840100156,0.05617759854586814,0.010296578005234786,0.0860396928119587,8.596439357840654e-05,27,47,0.02209232616802307,0.09691413230985609,True,False,False,3.4173370951595826e-08,COMPLETE
226,0.6121856212615967,2025-04-07 12:15:57.243213,2025-04-07 12:17:48.933193,0 days 00:01:51.689980,0.1162174406968988,0.03307602950242706,2,0.06668726680107984,0.01636157090945669,0.0812810029317007,0.04996711724101691,0.013671331065363307,0.07751195840834872,6.857125639550328e-05,28,47,0.0977796813933585,0.09905267142507745,True,False,False,4.794082464897138e-08,COMPLETE
227,0.3779027342796326,2025-04-07 12:17:49.013684,2025-04-07 12:19:36.301651,0 days 00:01:47.287967,0.13829232303635267,0.02830305960889526,2,0.06465149925853374,0.01827914635802102,0.08126295142521756,0.04936519835242726,0.013870136756747505,0.0876695986760783,7.072260294375106e-05,27,48,0.09852325593933371,0.10011860722436867,True,False,False,5.3173191909938677e-08,COMPLETE
228,0.5712534666061402,2025-04-07 12:19:36.374269,2025-04-07 12:21:22.347871,0 days 00:01:45.973602,0.17390796750947124,0.01079771140165274,2,0.06974546850276127,0.009560096456671807,0.08448774360692864,0.051306696438920496,0.01511620843535022,0.09072088039527658,8.42344922233709e-05,27,46,0.09438524707358438,0.09796561693825759,True,False,False,4.046116525787627e-08,COMPLETE
229,0.39333996176719666,2025-04-07 12:21:22.419704,2025-04-07 12:23:06.750691,0 days 00:01:44.330987,0.08649387763706776,0.045436276301421406,2,0.06036945635505819,0.022090251449184202,0.08300811611953977,0.048527046784067954,0.06687116388671198,0.09224950176245786,6.793244288866914e-05,26,50,0.018971787456231327,0.09492246868930804,True,False,False,4.4235440022614754e-08,COMPLETE
230,0.6124269366264343,2025-04-07 12:23:06.822448,2025-04-07 12:24:54.294714,0 days 00:01:47.472266,0.15760127117689607,0.04284490857109388,2,0.06809676274813255,0.015590658431744422,0.07982286210190545,0.053359799471875594,0.012060829093647979,0.07761238763878427,5.4754574887085525e-05,27,46,0.0958425589197255,0.1142333165001252,True,False,False,6.419509195986613e-08,COMPLETE
231,0.6082754611968995,2025-04-07 12:24:54.366710,2025-04-07 12:26:39.862693,0 days 00:01:45.495983,0.15467749721695573,0.041378400719901086,2,0.06748122651727767,0.014339617836891815,0.0798276749820653,0.05379026502584299,0.01212124083116298,0.08898751993995349,3.899758948018073e-05,27,41,0.09694634044929987,0.10456567927381404,True,False,False,6.87788482772114e-08,COMPLETE
232,0.6105213522911073,2025-04-07 12:26:39.934823,2025-04-07 12:28:26.055839,0 days 00:01:46.121016,0.15740878075309428,0.04723916359178962,2,0.0722991211876924,0.01416477115171431,0.07974721257053366,0.05374674592066444,0.00822851487266102,0.08407199934803869,4.771757517634013e-05,27,41,0.09597088980715948,0.08765141994958917,True,False,False,7.033820848883217e-08,COMPLETE
233,0.09069270193576813,2025-04-07 12:28:26.139094,2025-04-07 12:30:11.654378,0 days 00:01:45.515284,0.18389749642772107,0.06176763936068149,2,0.07469882605444365,0.007142172028620865,0.07955066545990486,0.054322758568230635,0.00358235202844007,0.0839016116697687,5.009709949125037e-05,27,45,0.0908734635146982,0.0714963159419518,True,False,False,7.758884379437458e-08,COMPLETE
234,0.6126826524734497,2025-04-07 12:30:11.728144,2025-04-07 12:32:00.884488,0 days 00:01:49.156344,0.15397231761429395,0.05306807232367736,2,0.055807942180275016,0.015239083019203091,0.08166552470419085,0.052476205421954886,0.008989361503343143,0.07898881939664809,5.6189396270320465e-05,28,42,0.09597836531462577,0.08913870717009346,True,False,False,5.6248303328279546e-08,COMPLETE
235,0.6129289388656617,2025-04-07 12:32:00.957557,2025-04-07 12:33:49.640160,0 days 00:01:48.682603,0.16430018624368786,0.07254383100808576,2,0.05412292684662515,0.01458940608866159,0.08167592166413126,0.05255842883819307,0.009252296091698786,0.08268237727691878,4.771956887006447e-05,28,42,0.09463666246505138,0.08900422700673735,True,False,False,5.7811963214878514e-08,COMPLETE
236,0.5056901812553406,2025-04-07 12:33:49.713753,2025-04-07 12:35:38.305462,0 days 00:01:48.591709,0.16213797100803048,0.04724051704176875,2,0.05732424556005657,0.016663679200146407,0.08134783302335699,0.05172900738782509,0.009233731930945854,0.07743997540023197,4.936575922376145e-05,28,40,0.09346035795192263,0.09250941891866847,True,False,False,5.617497993030621e-08,COMPLETE
237,0.5607472777366639,2025-04-07 12:35:38.379212,2025-04-07 12:37:27.902482,0 days 00:01:49.523270,0.1420900414929136,0.3635302948268027,2,0.06284486992150377,0.010040539363130024,0.0823564304931102,0.05331602931585689,0.008057751139427888,0.07977604027716072,4.5419938418495756e-05,28,36,0.09628491035453966,0.0875405900858541,True,False,False,7.275162503537877e-08,COMPLETE
238,0.09069270193576813,2025-04-07 12:37:27.977224,2025-04-07 12:39:17.115787,0 days 00:01:49.138563,0.12364987507166757,0.06849010776955032,2,0.054617002056089985,0.0021705722432442155,0.07844640191751906,0.05089657570908408,0.004545524135594935,0.07878206219139844,3.484390395513416e-05,28,41,0.09917558013441084,0.07587943380405375,True,False,False,5.717599667603872e-08,COMPLETE
239,0.61248437166214,2025-04-07 12:39:17.202190,2025-04-07 12:41:03.445950,0 days 00:01:46.243760,0.16029086719275737,0.040597748964727565,2,0.06029816504731802,0.016661300349231592,0.0830468398996408,0.055999360915548975,0.006566694060515398,0.08342021746694035,5.9243366601251555e-05,27,43,0.09376927821170335,0.08726393865992543,True,False,False,4.043285293626348e-08,COMPLETE
240,0.6685443043708802,2025-04-07 12:41:03.521133,2025-04-07 12:42:49.626549,0 days 00:01:46.105416,0.16133978682632039,0.028222001884211197,2,0.06908220890186365,0.012347167114245876,0.08095138086389274,0.05641172934466409,0.006738650713478133,0.07752132200165299,5.585665613473313e-05,27,44,0.09247153162644717,0.08116323335570634,True,False,False,3.623815387265283e-08,COMPLETE
241,0.6100377321243287,2025-04-07 12:42:49.701590,2025-04-07 12:44:37.069366,0 days 00:01:47.367776,0.16083789288548508,0.024646427802906355,2,0.062296360225262484,0.012081604103291352,0.08107772920018927,0.05659889597540719,0.0013710094179526875,0.07339883487430025,6.007480040755972e-05,27,43,0.09337992678203966,0.08131881695107286,True,False,False,3.5864975440179053e-08,COMPLETE
242,0.5606825351715088,2025-04-07 12:44:37.145407,2025-04-07 12:46:24.439921,0 days 00:01:47.294514,0.15022851329748463,0.024685607516333082,2,0.06193598284866377,0.01137434085057959,0.08097677875949176,0.05861174737440428,0.006178298958919132,0.07823370250151947,5.840114182873022e-05,27,43,0.09394976747708239,0.08091409279087404,True,False,False,3.543357734726748e-08,COMPLETE
243,0.09069270193576813,2025-04-07 12:46:24.516498,2025-04-07 12:48:10.332095,0 days 00:01:45.815597,0.168166798864399,0.03589492351689065,2,0.0693186644881005,0.0068415234129807975,0.07783713347594126,0.05646767333769317,0.0016798872852608615,0.07465059462495481,5.866155886810935e-05,27,43,0.09061651059301448,0.0924253541014846,True,False,False,4.4191560425272255e-08,COMPLETE
244,0.6124645590782166,2025-04-07 12:48:10.408667,2025-04-07 12:49:59.376215,0 days 00:01:48.967548,0.11796645512916937,0.010578968629952223,2,0.07451961921325612,0.01616110913355653,0.08059028863763122,0.05517950265241294,0.008528253797756633,0.07598825024511954,4.3100521702436816e-05,28,37,0.09511982179147799,0.08804163161247713,True,False,False,3.288334287623244e-08,COMPLETE
245,0.09069270193576813,2025-04-07 12:49:59.462576,2025-04-07 12:51:47.960772,0 days 00:01:48.498196,0.11443180279443606,0.010506094149782978,2,0.07554520817641336,0.005529933008267879,0.08097108145096708,0.05548744593401898,0.005086074689415594,0.07600571106895959,2.6696121538820098e-05,28,39,0.08810890129481794,0.08855093189548385,True,False,False,3.201970435891136e-08,COMPLETE
246,0.6070536255836487,2025-04-07 12:51:48.037096,2025-04-07 12:53:38.353883,0 days 00:01:50.316787,0.13214898161617877,0.025555206811140804,2,0.05122332404501514,0.012761505991922497,0.07927809847873868,0.05869458303353351,0.001837488920978193,0.07358386281694568,3.715023763397624e-05,28,37,0.09575804884403757,0.07401479246961566,True,False,False,4.685020227458103e-08,COMPLETE
247,0.09069270193576813,2025-04-07 12:53:38.430549,2025-04-07 12:55:24.343957,0 days 00:01:45.913408,0.09720521095599889,0.012492280662216804,2,0.06200047290142688,0.0005149488625501176,0.082886044995794,0.05696817906248305,0.0065057537918251414,0.07668383018863713,4.2393911051708045e-05,27,45,0.09303456695541294,0.08322052651094945,True,False,False,3.080759922584818e-08,COMPLETE
248,0.17275203466415406,2025-04-07 12:55:24.421212,2025-04-07 12:57:01.758044,0 days 00:01:37.336832,0.17887718577283582,0.6323779672804655,2,0.05691100226764212,0.01563941123016906,0.08047624868277854,0.06121835122834473,0.008615707089432493,0.08159182971331279,5.105966095700026e-05,29,40,0.09500891391597205,0.10008524597062911,True,True,False,5.793254990492087e-08,COMPLETE
249,0.6127575516700745,2025-04-07 12:57:01.835416,2025-04-07 12:58:45.314327,0 days 00:01:43.478911,0.12047650465236007,0.059239034258063414,2,0.08266736830854034,0.020563123699941288,0.08452508712110379,0.05463670247363099,0.010528042910024672,0.08282701578057525,3.131730172594973e-05,26,42,0.09983362783200136,0.08943067507831619,True,False,False,4.6691717692583614e-08,COMPLETE
250,0.39321960806846623,2025-04-07 12:58:45.393223,2025-04-07 13:00:13.859633,0 days 00:01:28.466410,0.10880362132426769,0.035188645548897446,2,0.08264824639546843,0.011136912323184218,0.08454578391944878,0.054319056502648386,0.007003687350777667,0.08288386296104222,6.331406829569425e-05,26,42,0.09966909444595344,0.07899527985179267,True,False,True,3.9957811930287434e-08,COMPLETE
251,0.5482702374458314,2025-04-07 13:00:13.947856,2025-04-07 13:01:56.163010,0 days 00:01:42.215154,0.13215244895381148,0.06355850996613674,2,0.07393731554375081,0.01806987169417657,0.08281872217010898,0.059530064880363595,0.011287027462033736,0.07544878536477008,4.514308343627694e-05,26,32,0.09738891787841032,0.08900165198284793,True,False,False,4.862699649134809e-08,COMPLETE
252,0.5775084733963013,2025-04-07 13:01:56.241570,2025-04-07 13:03:45.942812,0 days 00:01:49.701242,0.07837948394304392,0.05172090380228188,2,0.06639057460930853,0.0083096202592718,0.0851741684210808,0.057313846313071716,0.009746902354891727,0.07798743192644386,3.0501179295879882e-05,28,35,0.09236100847162644,0.09183946618563134,True,False,False,6.513970318772449e-08,COMPLETE
253,0.5457402348518372,2025-04-07 13:03:46.022504,2025-04-07 13:05:30.161603,0 days 00:01:44.139099,0.1184032130414391,0.0388452492279131,2,0.06038369105761761,0.022056746716631184,0.08170950596799131,0.053550756563986696,0.011434082481264363,0.07219352875391619,3.2280509652696343e-05,26,38,0.09713259953334266,0.08371364357424041,True,False,False,8.359550147422485e-08,COMPLETE
254,0.5712534666061402,2025-04-07 13:05:30.244286,2025-04-07 13:07:21.405103,0 days 00:01:51.160817,0.09788903145365146,0.010849983650982498,2,0.07661305083941407,0.013762452589876344,0.07959536053398678,0.05605314127927504,0.007795179266071251,0.08102526278426245,6.816740468997775e-05,28,46,0.09497446400351735,0.10141275806526737,True,False,False,9.609604521741668e-08,COMPLETE
255,0.09069270193576813,2025-04-07 13:07:21.484527,2025-04-07 13:09:08.495503,0 days 00:01:47.010976,0.14032737039309784,0.06256567656018124,2,0.0529902999779158,0.006094308483157038,0.08286936668428246,0.05041579137937459,0.010349760961397116,0.08496865056658293,5.236589713353277e-05,27,42,0.0881442460574933,0.11545277034433402,True,False,False,3.894543152915951e-08,COMPLETE
256,0.43028120994567876,2025-04-07 13:09:08.574952,2025-04-07 13:10:42.054499,0 days 00:01:33.479547,0.1675961710025971,0.02923500078720115,2,0.06708458105610023,0.01755517048154943,0.07745677037268478,0.05810507084121846,0.0034018070652632577,0.0862869346753834,2.077426403760795e-05,27,45,0.09933908393129064,0.10931748241673922,True,True,False,3.113799084630516e-08,COMPLETE
257,0.6133381128311157,2025-04-07 13:10:42.144648,2025-04-07 13:12:26.358949,0 days 00:01:44.214301,0.07296106547921724,0.0716261066228086,2,0.07164369990025406,0.025686664102032755,0.08086793407933075,0.05472704823371387,0.01294188569447267,0.08306268819835623,5.702899458210322e-05,26,46,0.09720106751691088,0.07642211863515125,True,False,False,4.8973858923437556e-08,COMPLETE
258,0.612551236152649,2025-04-07 13:12:26.439381,2025-04-07 13:14:07.253195,0 days 00:01:40.813814,0.06261776425266502,0.07610295270932586,2,0.08203933376042692,0.02422565417275689,0.08574301427500279,0.05268831015747159,0.012498160181974112,0.08311652567033624,4.956272221110558e-05,25,48,0.09735894350802794,0.0760593678763442,True,False,False,5.1871902729603646e-08,COMPLETE
259,0.613213324546814,2025-04-07 13:14:07.334052,2025-04-07 13:15:51.922756,0 days 00:01:44.588704,0.05575244134176098,0.06747169284168816,2,0.08570268948447368,0.023295480256059993,0.08609886004882182,0.05247578888485306,0.01301242529940256,0.08289950800244698,4.093076869355339e-05,26,46,0.09724229556228585,0.06574723280455995,True,False,False,5.022887435001594e-08,COMPLETE
260,0.613067352771759,2025-04-07 13:15:52.004311,2025-04-07 13:17:32.573456,0 days 00:01:40.569145,0.05757859467026029,0.07398303478435732,2,0.08247707115325291,0.022139350336683458,0.08648986259509865,0.05236506138551883,0.01281049317864124,0.08275785549314962,4.261475544805829e-05,25,47,0.09647745106059576,0.06678331288367792,True,False,False,5.301018244552611e-08,COMPLETE
261,0.5529845952987671,2025-04-07 13:17:32.653780,2025-04-07 13:19:12.863558,0 days 00:01:40.209778,0.06342727013271496,0.07833933885477383,2,0.0850448326629948,0.022813341485492696,0.08627568588309907,0.052142780248137226,0.012846351851483504,0.08199930168211954,4.4714306055322544e-05,25,39,0.09747798361164349,0.06719941133765997,True,False,False,5.2603536636350426e-08,COMPLETE
262,0.6134249567985535,2025-04-07 13:19:12.945114,2025-04-07 13:20:53.282561,0 days 00:01:40.337447,0.06064906201079194,0.0787240772650589,2,0.0828293217253187,0.02609235734967067,0.0863888083514645,0.0504887428341127,0.009866004752097621,0.0834896575764488,3.93525964840845e-05,25,46,0.09621194357575913,0.07543447261487204,True,False,False,4.931842456329114e-08,COMPLETE
263,0.6134823203086853,2025-04-07 13:20:53.374058,2025-04-07 13:22:33.593354,0 days 00:01:40.219296,0.043735240111372975,0.07797756654443183,2,0.08360742097796775,0.023072627008676478,0.08627411836356669,0.04632595982264295,0.009770406049418642,0.08366368467921181,2.1820864758332492e-05,25,46,0.09592285094680156,0.058361701764379326,True,False,False,4.371817919868803e-08,COMPLETE
264,0.5525733590126038,2025-04-07 13:22:33.675807,2025-04-07 13:24:14.188019,0 days 00:01:40.512212,0.03516789440988276,0.08416723188249146,2,0.08239874930425366,0.025376107687268615,0.0857888491283838,0.04588028290381508,0.010496700344597362,0.07872437102943843,2.3027924504479744e-05,25,45,0.09997976391322651,0.0614912234373654,True,False,False,4.509936107695033e-08,COMPLETE
265,0.40302694439888,2025-04-07 13:24:14.271212,2025-04-07 13:25:40.602019,0 days 00:01:26.330807,0.05609202741435594,0.07638966733875457,2,0.09410366534631948,0.02503600372680327,0.08606300430600128,0.04848532820674921,0.013416614146009432,0.08240561323148674,3.825069654125906e-05,25,47,0.09770823644671303,0.0626522026379263,True,True,False,4.569501485082746e-08,COMPLETE
266,0.6136233925819397,2025-04-07 13:25:40.685157,2025-04-07 13:27:20.454200,0 days 00:01:39.769043,0.011832545141487696,0.09554593836208303,2,0.08680470791660147,0.02256734286473259,0.08510730254088096,0.05085489600338534,0.010832834566695058,0.08020961018438574,3.0699674195242195e-05,25,46,0.09522663435596718,0.0447345404913892,True,False,False,2.65449532743537e-08,COMPLETE
267,0.6101247072219849,2025-04-07 13:27:20.537961,2025-04-07 13:29:00.210291,0 days 00:01:39.672330,0.013577275709356917,0.10380690727639676,2,0.08774138253075686,0.03323382105959388,0.08463598249482474,0.05009446897095213,0.010147017353522325,0.07997942092587229,2.910800049251794e-05,25,44,0.09578115784863159,0.051018731685613834,True,False,False,2.2976468497106088e-08,COMPLETE
268,0.6125492572784424,2025-04-07 13:29:00.303539,2025-04-07 13:30:36.928290,0 days 00:01:36.624751,0.06444243534826619,0.09443083502060241,2,0.08174330451091563,0.023213798874926743,0.08588155518462229,0.04806582148281394,0.012328768614392648,0.08141651316683617,1.8390474037066418e-05,24,48,0.09170919593002154,0.07327809529441581,True,False,False,2.6550910028988245e-08,COMPLETE
269,0.3634815514087677,2025-04-07 13:30:37.012641,2025-04-07 13:31:02.245337,0 days 00:00:25.232696,0.026289115403922717,0.10858348687809866,16,0.08553071876548735,0.028321789328193847,0.08635364427924479,0.04506671693450765,0.011281753288594033,0.08093462430988421,1.8398270289437878e-05,24,45,0.09147206937753224,0.03297895987599539,True,False,True,2.5453611329406192e-08,COMPLETE
270,0.6124001860618592,2025-04-07 13:31:02.328947,2025-04-07 13:32:42.200184,0 days 00:01:39.871237,0.03956658150731168,0.09580594380620941,2,0.09467903685107171,0.02342449111572569,0.08645343650012735,0.04739432200153825,0.006880875415737174,0.08317961894027236,1.0933324476468003e-05,25,49,0.09485826198984527,0.0733377038296203,True,False,False,2.7792867766534367e-08,COMPLETE
271,0.6125492215156555,2025-04-07 13:32:42.284784,2025-04-07 13:34:21.764845,0 days 00:01:39.480061,0.03906227707833199,0.12215133698208808,2,0.08188783037771769,0.032657276857297635,0.0874437675571889,0.04794725775213305,0.0065965745568939416,0.08289292406725655,1.2330749815464713e-05,25,48,0.09514372755162177,0.0730862710091899,True,False,False,2.972316356967727e-08,COMPLETE
272,0.6133747696876526,2025-04-07 13:34:21.849857,2025-04-07 13:36:03.105348,0 days 00:01:41.255491,0.03799513902659764,0.11920106907515993,2,0.08031301082742251,0.031567691147254814,0.0870902486850034,0.04605073994770523,0.005507197730023782,0.08338453816876332,1.0770358409806022e-05,25,42,0.09506563573208013,0.0724952139682313,True,False,False,4.132778816588287e-08,COMPLETE
273,0.6125081777572632,2025-04-07 13:36:03.200407,2025-04-07 13:37:42.633824,0 days 00:01:39.433417,0.037212172041056354,0.11826297002967817,2,0.09591916428843876,0.0340530082486635,0.0871993089837338,0.04585927815288868,0.006131743278807966,0.08323769642092202,2.3983490607661597e-05,25,37,0.09437912324180972,0.07186194934988818,True,False,False,5.038509533271143e-08,COMPLETE
274,0.40302694439888,2025-04-07 13:37:42.719324,2025-04-07 13:39:08.869469,0 days 00:01:26.150145,0.03647679661030098,0.13424156335243592,2,0.09481711699387038,0.029888043755435623,0.08737663605801543,0.04616307293446593,0.005331009806049958,0.08303835722117958,1.2150389004302082e-05,25,34,0.0889953087986539,0.07372159788986528,True,True,False,4.050845932575717e-08,COMPLETE
275,0.5516067028045655,2025-04-07 13:39:08.955330,2025-04-07 13:40:50.607749,0 days 00:01:41.652419,0.046971310943643894,0.12478968919304484,2,0.0899165555944363,0.036075171969425904,0.08740230838974547,0.043810397868933273,0.007664566997231201,0.08087930502256704,1.0615749475472475e-05,25,28,0.09435438583522761,0.06995577121036341,True,False,False,2.5937520631413722e-05,COMPLETE
276,0.6121559381484986,2025-04-07 13:40:50.693639,2025-04-07 13:42:28.024662,0 days 00:01:37.331023,0.02181034342520264,0.11925451132039766,2,0.08190990441555226,0.03391986184891413,0.08566350659610564,0.04693999970418867,0.006201800751853295,0.08330341357338895,1.0110851880058919e-05,24,38,0.09222070466256775,0.055556729359043336,True,False,False,5.489912950116509e-08,COMPLETE
277,0.6015351295471192,2025-04-07 13:42:28.110432,2025-04-07 13:44:04.608399,0 days 00:01:36.497967,0.057053623893509965,0.10190319994921382,2,0.09634705898373024,0.03282134040729446,0.08812545937740388,0.0475173331189125,0.008832357424075545,0.0814761516896263,1.5822578523996604e-05,24,42,0.09499376516414539,0.06458681355552784,True,False,False,2.6352500449257068e-08,COMPLETE
278,0.6103011250495911,2025-04-07 13:44:04.706307,2025-04-07 13:45:44.404447,0 days 00:01:39.698140,0.03707027787420939,0.14689514513733765,2,0.08589537656484075,0.02506717167048008,0.0848713494649058,0.044828915532319616,0.0051884053904898055,0.07945219837173735,1.4142242092280848e-05,25,38,0.08919277223973242,0.07499733858168313,True,False,False,5.7719364860342474e-08,COMPLETE
279,0.6124538898468017,2025-04-07 13:45:44.490634,2025-04-07 13:47:24.769210,0 days 00:01:40.278576,0.0677743041908604,0.10876983459389608,2,0.09026875779280544,0.026693325591587894,0.002718061208708468,0.04895081514390087,0.007854346133374183,0.08354787503500584,1.6476859278664518e-05,25,41,0.09303599857711127,0.06967351375993519,True,False,False,4.1478458859476275e-08,COMPLETE
