number,value,datetime_start,datetime_complete,duration,params_alpha-eval,params_alpha-train,params_batch-size,params_eps-eval,params_eps-train,params_lambda-actions-eval,params_lambda-actions-train,params_lambda-frames-eval,params_lambda-frames-train,params_learning-rate,params_n-epochs,params_n-frames,params_radius-gw,params_rho,params_std-feats,params_ub-actions,params_ub-frames,params_weight-decay,state
1122,0.17546335756778716,2025-04-21 02:30:07.158472,2025-04-21 02:30:45.849546,0 days 00:00:38.691074,0.941264287189649,0.23546960923362367,2,0.16672685560850137,0.005142826549460765,0.05082006634389859,0.010676825669784028,0.07213040575556812,0.07298715326536993,0.00013526794777951435,7,35,0.004250198772299904,0.2728080692479279,True,True,False,5.955941462918238e-06,COMPLETE
1123,0.5712534666061402,2025-04-21 02:30:46.210139,2025-04-21 02:31:27.094057,0 days 00:00:40.883918,0.9997379211618377,0.14713663319583306,2,0.14995581625826127,0.034411787977774944,0.05635685449159711,0.09271487715575996,0.09985562444143892,0.07145247949686778,4.655593201284298e-05,6,38,0.008386270110981161,0.008215028568839652,True,False,False,1.721332710750935e-05,COMPLETE
1124,0.38845942020416263,2025-04-21 02:31:27.459964,2025-04-21 02:32:14.896380,0 days 00:00:47.436416,0.9638411454549614,0.15336918489386164,2,0.16086325736369364,0.013658663424059216,0.05447292775429841,0.012103248006010618,0.09756711587802354,0.05201547241138138,3.373788226318519e-05,8,46,0.0010780708176649084,0.2532515693090141,True,False,False,9.570735631877763e-06,COMPLETE
1125,0.5393921732902527,2025-04-21 02:32:15.262050,2025-04-21 02:32:56.071443,0 days 00:00:40.809393,0.9005550523418998,0.175915110635401,2,0.17871299256322604,0.022744474248601907,0.05212014768855979,0.01701454464001325,0.08981118477392512,0.050536335133738744,2.9485162277328297e-05,6,33,0.0052347317941904455,0.2825578093968617,True,False,False,6.235882668542884e-05,COMPLETE
1126,0.3706158459186554,2025-04-21 02:32:56.421350,2025-04-21 02:33:40.769704,0 days 00:00:44.348354,0.9816934808563195,0.13465553837113553,2,0.15356910612355545,0.008683016714756374,0.048539345558704136,0.056766885362667344,0.09351234069385499,0.05385083090414375,4.020065859472501e-05,7,70,0.008917446811335605,0.26123162039863795,True,False,False,3.7757874051070444e-05,COMPLETE
1127,0.6136545181274414,2025-04-21 02:33:41.129367,2025-04-21 02:34:04.042561,0 days 00:00:22.913194,0.9387708098927801,0.2598786077601645,8,0.16699134090458728,0.018015360846200965,0.059182109066916164,0.010110470394546649,0.07502909440471077,0.05592227794368271,6.15017413849573e-05,6,41,0.010378510935886895,0.28818114479833723,True,False,False,2.779003369294711e-05,COMPLETE
1128,0.6227863788604736,2025-04-21 02:34:04.403399,2025-04-21 02:34:51.757251,0 days 00:00:47.353852,0.9807413475627802,0.2920190848763602,2,0.1436703263246311,0.029272349891034558,0.05630253499354844,0.015295890376134455,0.0950294326441769,0.05028196892808469,8.697251269341235e-05,8,29,0.006277735114728428,0.25276247149513664,True,False,False,1.2229655509019536e-05,COMPLETE
1129,0.44043554067611695,2025-04-21 02:34:52.120588,2025-04-21 02:35:36.856002,0 days 00:00:44.735414,0.9584470077270333,0.19523654480853844,2,0.15013484231947813,0.013578938131849752,0.05311225731094361,0.012031856279954137,0.07853422504549819,0.07728983655312474,5.240437969840191e-05,7,124,0.0010207941391851124,0.2769184374802871,True,False,False,4.885459752573625e-05,COMPLETE
1130,0.12237797975540163,2025-04-21 02:35:37.219544,2025-04-21 02:36:12.962819,0 days 00:00:35.743275,0.9220019901115153,0.06327009435559845,2,0.1603766967385606,0.006109416094675576,0.05032744971690842,0.0726257702164939,0.0919400709635185,0.05371961782586574,2.58165196624488e-05,6,36,0.0036888634392747924,0.27112670912731923,False,False,True,1.7107148039398574e-06,COMPLETE
1131,0.6338015198707581,2025-04-21 02:36:13.327604,2025-04-21 02:36:56.981102,0 days 00:00:43.653498,0.9656777929917485,0.08244742838115822,2,0.171684763175414,0.019080363489729614,0.05458041582009905,0.013356558826529683,0.09989833283214403,0.058602481495297905,6.858122212318088e-05,7,32,0.007505602683908227,0.2639001563676387,True,False,False,2.0941656258264116e-05,COMPLETE
1132,0.09069270193576813,2025-04-21 02:36:57.342290,2025-04-21 02:37:43.667145,0 days 00:00:46.324855,0.9472158316967892,0.310537268709337,2,0.15460485091041123,0.00015349435275488488,0.05726657374939071,0.010236001386363809,0.09752425398334633,0.07950174910151982,3.4770354522908786e-05,8,39,0.010184609779581594,0.29459724894603867,True,False,False,2.9507554860069023e-06,COMPLETE
1133,0.5385832905769349,2025-04-21 02:37:44.042298,2025-04-21 02:38:28.223880,0 days 00:00:44.181582,0.9816099025513393,0.06630004190358764,2,0.1378245349235083,0.010666714338808697,0.015238912948505191,0.007582735180022451,0.09469704008749609,0.07204301320367641,4.317810254318925e-05,7,42,0.005084987472139094,0.2581872690565824,True,False,False,3.337250856435185e-05,COMPLETE
1134,0.5110020399093628,2025-04-21 02:38:28.588634,2025-04-21 02:39:08.936221,0 days 00:00:40.347587,0.4851265148551921,0.5065006777055702,2,0.14671522787880142,0.02459109585716951,0.05202073873061398,0.017088324977178156,0.09003435280193547,0.0495541999901615,7.768076754744383e-05,6,37,0.04794093024030944,0.2805803298019418,True,False,False,1.3497151839222877e-06,COMPLETE
1135,0.4933251142501831,2025-04-21 02:39:09.299277,2025-04-21 02:39:50.659729,0 days 00:00:41.360452,0.9841242737602429,0.13781429397247713,2,0.1629863857216004,0.08300977178626008,0.05902149919432602,0.06393139288437745,0.07638905001904688,0.052198950298275745,0.00011461249082603816,6,24,0.0077909587551331805,0.2520091623336776,True,False,False,4.491108800837902e-06,COMPLETE
1136,0.518205463886261,2025-04-21 02:39:51.027295,2025-04-21 02:40:38.006944,0 days 00:00:46.979649,0.9472989892714015,0.11033317500744269,2,0.15717766068982086,0.04067551467545997,0.05465253545959063,0.014305487359260436,0.09691357239725665,0.05567491046698354,0.0007483609232921115,8,35,0.011799706410941689,0.2656321058819896,True,False,False,2.559356677286568e-05,COMPLETE
1137,0.49842534065246585,2025-04-21 02:40:38.373099,2025-04-21 02:41:02.035989,0 days 00:00:23.662890,0.9647918358180857,0.08948995271868831,8,0.16859094502366676,0.01557363968299911,0.019201748061701912,0.008777655914594739,0.09377937598785108,0.05948637811860072,5.131115170004755e-05,7,32,0.03451351268461804,0.2882896237554312,True,False,False,4.230382344221579e-05,COMPLETE
1138,0.5483092546463013,2025-04-21 02:41:02.401120,2025-04-21 02:41:43.032542,0 days 00:00:40.631422,0.9987215149914718,0.06363274614105832,2,0.17688696519424588,0.019699959765129726,0.05695674714631789,0.06745415362945377,0.07358274789677806,0.05096726698098876,2.4725810124935524e-05,6,40,0.0063154399150888735,0.27331616020280264,True,False,False,1.528817045375826e-05,COMPLETE
1139,0.8109585404396058,2025-04-21 02:41:43.403750,2025-04-21 02:42:26.625471,0 days 00:00:43.221721,0.4357465463311753,0.11945680783056922,2,0.009782714496989892,0.009020242764187775,0.049005714218293694,0.012878424024520036,0.09231424250058029,0.0572828988489817,3.833746036679877e-05,7,45,0.003430478530558136,0.25738135617790936,True,False,False,3.177302504076852e-05,COMPLETE
1140,0.09069270193576813,2025-04-21 02:42:26.992052,2025-04-21 02:43:07.305057,0 days 00:00:40.313005,0.44146089198391103,0.14315304283325708,2,0.05163290148269656,0.0003310741353130496,0.044485171740803804,0.015683564882687004,0.09043436310053984,0.05711440137173033,3.6899186256856835e-05,6,46,0.002621791855288748,0.2593180915788944,True,False,False,6.138251206361959e-05,COMPLETE
1141,0.09069270193576813,2025-04-21 02:43:07.673095,2025-04-21 02:44:23.290883,0 days 00:01:15.617788,0.41091397427816817,0.16618462763952957,2,0.028180021573408015,0.004777581703317783,0.04824925321851529,0.013352087828943824,0.09175174921077887,0.05802924450818598,3.030248661789636e-05,17,45,0.0042774572587500476,0.2537983433739601,True,False,False,1.972892950168254e-05,COMPLETE
1142,0.36125450730323794,2025-04-21 02:44:23.662857,2025-04-21 02:45:07.960826,0 days 00:00:44.297969,0.4314456161966466,0.1545258323464945,2,0.01927243194985167,0.007830582122618548,0.04906133651913184,0.0162934840422108,0.09232303630421122,0.0556537121633986,4.157888579053333e-05,7,54,0.001196373051335008,0.25793794127314335,False,False,False,4.9181201349530245e-05,COMPLETE
1143,0.7609297990798951,2025-04-21 02:45:08.330462,2025-04-21 02:45:46.974868,0 days 00:00:38.644406,0.4484643876704654,0.13561330300532104,2,0.024456344718291723,0.00748490649342771,0.048152149116512825,0.012296455797255872,0.09000929697540712,0.0600537346711213,3.335801159217908e-05,7,49,0.002837416520067476,0.2549786978617077,True,True,False,2.6058756543742614e-05,COMPLETE
1144,0.09069270193576813,2025-04-21 02:45:47.342639,2025-04-21 02:46:46.245447,0 days 00:00:58.902808,0.4473573928939393,0.11762384999468355,2,0.03834303551565624,0.00023805385023508568,0.04580816501803388,0.08921396928437103,0.09284388006106288,0.05828575204114791,3.715726090044844e-05,12,52,0.003235038606290989,0.2521888631809771,True,False,False,2.339510458275508e-06,COMPLETE
1145,0.6108108043670655,2025-04-21 02:46:46.614208,2025-04-21 02:47:27.400146,0 days 00:00:40.785938,0.41167014259215484,0.12390124294805803,2,0.06951536967557531,0.010515871170617877,0.04680495330885319,0.01697295385978905,0.09041851821222746,0.056004816626328724,2.9970631300762377e-05,6,48,0.003995773222556837,0.24955663365354422,True,False,False,4.131119546742493e-05,COMPLETE
1146,0.3775289833545685,2025-04-21 02:47:27.768401,2025-04-21 02:48:09.108867,0 days 00:00:41.340466,0.4544479380586871,0.15168791949491017,2,0.13919688035782496,0.00910958334715078,0.049138237884555624,0.014149680337493954,0.08952658494115157,0.0567494763325947,4.5303005773561916e-05,6,47,0.005577768762692658,0.26226076427148287,True,False,False,4.9655956976109e-08,COMPLETE
1147,0.47736042737960815,2025-04-21 02:48:09.479308,2025-04-21 02:48:53.145262,0 days 00:00:43.665954,0.4868482405491837,0.19804719645638605,2,0.03931928806744277,0.1396812752294789,0.05077558734421623,0.01361965272436268,0.09379888744744909,0.05956219882676449,2.5857853761489504e-05,7,44,0.0011661690062405481,0.2479895927563115,True,False,False,3.1201262283315606e-05,COMPLETE
1148,0.09069270193576813,2025-04-21 02:48:53.498783,2025-04-21 02:49:36.951478,0 days 00:00:43.452695,0.4677167990014399,0.16861305702434642,2,0.0006172771128021108,0.013159340218634036,0.04681634202371442,0.012548246100966626,0.0924298988275558,0.05416802155057653,3.860763132016867e-05,7,51,0.004422033749056992,0.26266842030853677,True,False,False,1.9048124299322528e-06,COMPLETE
1149,0.09163831919431688,2025-04-21 02:49:37.324802,2025-04-21 02:50:13.358365,0 days 00:00:36.033563,0.35767499399733066,0.1321064311800814,2,0.2062936152622039,0.005074661615424646,0.04160028368323568,0.09533600215288089,0.0882049720979561,0.0550120304700739,4.666891271196165e-05,6,51,0.006369727212873075,0.25876927019782836,True,False,True,6.987667672502012e-06,COMPLETE
1150,0.5021452307701111,2025-04-21 02:50:13.727234,2025-04-21 02:50:36.594091,0 days 00:00:22.866857,0.42584755629366466,0.11352626497768242,8,0.047505122616081405,0.10501261672944501,0.047153790653511454,0.017832441095839355,0.08104438855179365,0.0576866993141555,3.280976982044811e-05,6,43,0.0035805515407633555,0.25580991580102536,True,False,False,1.1186220049347978e-06,COMPLETE
1151,0.709708845615387,2025-04-21 02:50:36.962845,2025-04-21 02:51:21.001206,0 days 00:00:44.038361,0.38784058821080053,0.23160887399065347,2,0.01335627073052479,0.012456626104642566,0.04943975594346662,0.01502129575944637,0.09445793950710123,0.07044918664979564,4.260722415726428e-05,7,45,0.006218200301816501,0.2499353002014266,True,False,False,2.3411401779161475e-05,COMPLETE
1152,0.5679765343666077,2025-04-21 02:51:21.367360,2025-04-21 02:52:02.110790,0 days 00:00:40.743430,0.4251572924505225,0.11025435587598986,2,0.018145495450918363,0.020651587011143217,0.050891481959278506,0.011014902558791555,0.08564069340773703,0.054360701327528536,2.6906623343117313e-05,6,42,0.008147389538349144,0.2666054693938034,False,False,False,1.7453069969233926e-05,COMPLETE
1153,0.5700446128845215,2025-04-21 02:52:02.479109,2025-04-21 02:52:46.708876,0 days 00:00:44.229767,0.5003973254693629,0.14020871357138398,2,0.008767908944268987,0.007573212774995137,0.051739061290908814,0.01256756940748134,0.09127768245612133,0.07499475394659527,4.9798391964976826e-05,7,48,0.0029431840864760778,0.2662829113709745,True,False,False,3.3344491853014444e-06,COMPLETE
1154,0.5712534666061402,2025-04-21 02:52:47.077900,2025-04-21 02:53:27.561217,0 days 00:00:40.483317,0.45795627393526056,0.09557861975557738,2,0.14250511437004065,0.015118310661522897,0.050521017230922054,0.01610115225261609,0.08888755017492146,0.08996927440502195,3.531059909615409e-05,6,41,0.005169819848524295,0.2588288789513404,True,False,False,3.624887743361586e-05,COMPLETE
1155,0.09069270193576813,2025-04-21 02:53:27.933481,2025-04-21 02:54:11.114778,0 days 00:00:43.181297,0.5262153819681077,0.12252502841606212,2,0.00984816182538204,0.004943243465129284,0.048192380003222124,0.09139662043776046,0.0929752626350826,0.09663294129968013,0.01877671581563654,7,17,0.00794635943603773,0.2489073116313678,True,False,False,5.2995815239904416e-05,COMPLETE
1156,0.4284292280673981,2025-04-21 02:54:11.486481,2025-04-21 02:54:52.340381,0 days 00:00:40.853900,0.43378821129281386,0.17496982761393595,2,0.18289060453413467,0.027426367433325362,0.053033081109591165,0.08567009742205266,0.07758036461037911,0.058464457937968325,2.3547907820072178e-05,6,57,0.005475086598393333,0.26119995421686526,True,False,False,2.59610878207249e-05,COMPLETE
1157,0.5353485465049743,2025-04-21 02:54:52.714289,2025-04-21 02:55:36.110117,0 days 00:00:43.395828,0.4551096225988571,0.0968433565927272,2,0.030184641894462627,0.018426154467160352,0.05084042553937671,0.06056287569637253,0.09541232056994571,0.05948796218793361,2.8409433334090868e-05,7,11,0.009437419879923777,0.24658519302620702,True,False,False,1.4937774881400066e-05,COMPLETE
1158,0.5712534666061402,2025-04-21 02:55:36.479267,2025-04-21 02:56:17.964781,0 days 00:00:41.485514,0.41875491011705535,0.1268498840213544,2,0.061993666702255354,0.0345249558707081,0.052841359301048295,0.014372671089921634,0.0737923096254389,0.053703041773710616,5.4948688969655574e-05,6,27,0.0027380709629280598,0.26877950304026055,True,False,False,1.1634614880254398e-05,COMPLETE
1159,0.18559764325618747,2025-04-21 02:56:18.338556,2025-04-21 02:56:56.580620,0 days 00:00:38.242064,0.40944617933569194,0.20872298793181512,2,0.13590593319006916,0.012312572289067477,0.04909074974305494,0.01109565594003659,0.07219126954044106,0.07074510197524236,3.9191567104075916e-05,7,45,0.006502181312552298,0.25450691299245937,True,True,False,1.51452252496614e-06,COMPLETE
1160,0.5395136237144471,2025-04-21 02:56:56.951650,2025-04-21 02:57:19.785623,0 days 00:00:22.833973,0.9104633572497456,0.1518637466419324,8,0.13090664404965835,0.02279951358318374,0.059792422297454455,0.01349273023171313,0.08649737683402475,0.05580521281960067,4.7198230609967596e-05,6,39,0.008857890672411838,0.26353827904062105,True,False,False,2.040841591885213e-05,COMPLETE
1161,0.09069270193576813,2025-04-21 02:57:20.157820,2025-04-21 02:57:59.982647,0 days 00:00:39.824827,0.4732854935381699,0.10561699419515279,2,0.1476115424009914,0.0047628756566038466,0.046171858911783305,0.017904908513025567,0.09090343026817152,0.0730272474220626,3.1758084874148525e-05,6,30,0.0042694176845855655,0.2558038012640728,True,False,False,3.700639656178362e-05,COMPLETE
1162,0.3725764930248261,2025-04-21 02:58:00.357068,2025-04-21 02:58:43.939403,0 days 00:00:43.582335,0.37529350693236235,0.09055951201439134,2,0.21279862518127687,0.01436982685973267,0.053689944289658356,0.009136372744297395,0.09537015135926992,0.05317305042988257,5.452873459137063e-05,7,43,0.007404871405973239,0.270347108138595,True,False,False,2.3072691279363787e-06,COMPLETE
1163,0.6346128702163696,2025-04-21 02:58:44.311764,2025-04-21 02:59:28.471266,0 days 00:00:44.159502,0.8924662550207207,0.11434658950521044,2,0.21829228778983706,0.010664043670791736,0.05796325574488809,0.007071297761983711,0.0928784244492269,0.012209310885124232,3.7064389343801126e-05,7,34,0.0012130496964715444,0.24965348510309573,True,False,False,6.420140912893554e-05,COMPLETE
1164,0.09069270193576813,2025-04-21 02:59:28.842482,2025-04-21 03:00:08.455729,0 days 00:00:39.613247,0.999464917459251,0.13188348449753504,2,0.005542288267812046,0.00022895197687623943,0.051710578780298215,0.011232383394452919,0.0707482987537639,0.05697906990154792,4.3144403939936905e-05,6,38,0.009944652122325145,0.24589480619476095,False,False,False,2.7384254227630332e-05,COMPLETE
1165,0.5194485068321228,2025-04-21 03:00:08.827201,2025-04-21 03:00:56.932042,0 days 00:00:48.104841,0.44477669628887223,0.08496136273976762,2,0.13374230034419196,0.028055607817012822,0.05531024169182496,0.09685445302929702,0.0888329449778129,0.05198458436749816,0.010541373723686617,8,85,0.005690293188111232,0.26016458323290353,True,False,False,4.523228943993784e-05,COMPLETE
1166,0.5705856561660767,2025-04-21 03:00:57.302480,2025-04-21 03:02:16.592207,0 days 00:01:19.289727,0.47126823798818246,0.10287290613309759,2,0.04330268971826957,0.02095188653542252,0.05671274417718767,0.04901783667577571,0.09462733674202854,0.015712635258319695,2.8979108259323857e-05,18,41,0.010980992568418058,0.26851875592358554,True,False,False,1.8808454871292358e-06,COMPLETE
1167,0.5420221209526063,2025-04-21 03:02:16.965571,2025-04-21 03:03:00.875609,0 days 00:00:43.910038,0.9323212935457633,0.0640787725789026,2,0.033992468613442225,0.01660597452772538,0.053289986744990636,0.012702848794292197,0.09136604573351129,0.05486512734971903,6.0629265035135506e-05,7,35,0.003080452772823513,0.2533342225177951,True,False,False,9.044949976200358e-06,COMPLETE
1168,0.5532222151756288,2025-04-21 03:03:01.249453,2025-04-21 03:03:23.972336,0 days 00:00:22.722883,0.9840634231989724,0.14386111944887103,8,0.14356578108653836,0.008684809985572388,0.05972566439080619,0.009714960019872829,0.07940606275896991,0.06919191096624012,2.2598829335666198e-05,6,38,0.007651897510542484,0.26182894199389245,True,False,False,1.8525084091762345e-05,COMPLETE
1169,0.5846875309944153,2025-04-21 03:03:24.349722,2025-04-21 03:04:54.110528,0 days 00:01:29.760806,0.9532881655785477,0.35635613039125197,2,0.18288412097018497,0.026088606700174023,0.05531376964144131,0.03649447738905205,0.07582548401844164,0.060508655146880634,4.882220806413507e-05,21,33,0.009215838062325513,0.24498875198386005,True,False,False,3.195865100407264e-05,COMPLETE
1170,0.09351148158311844,2025-04-21 03:04:54.487133,2025-04-21 03:05:29.825291,0 days 00:00:35.338158,0.9254944413404445,0.07857170482654945,2,0.054137410820368576,0.016020915460630343,0.0904682003071774,0.015702866600700825,0.08377290829092413,0.07649903888452664,3.866718313560384e-05,6,30,0.00522696224296498,0.2668701701133579,True,False,True,5.492736342255308e-05,COMPLETE
1171,0.4909218788146973,2025-04-21 03:05:30.205987,2025-04-21 03:06:14.200267,0 days 00:00:43.994280,0.9657375949462131,0.535127120665172,2,0.19677080653522436,0.03234524350847305,0.049687577879298214,0.014240024373276573,0.09329678682315821,0.018120054080430086,3.361367961242348e-05,7,41,0.011981717875018096,0.273365387882847,True,False,False,2.796880352706608e-06,COMPLETE
1172,0.709551739692688,2025-04-21 03:06:14.577659,2025-04-21 03:06:52.162742,0 days 00:00:37.585083,0.5049815155873927,0.2962724615189974,2,0.13635633763763114,0.009250493091422575,0.053055017828204605,0.006513805489898442,0.09509195953928648,0.07231812368274515,5.8012098128860384e-05,5,45,0.007443408028308781,0.25665356021255115,True,False,False,2.2521143594464458e-05,COMPLETE
1173,0.6139950037002564,2025-04-21 03:06:52.540678,2025-04-21 03:07:33.252840,0 days 00:00:40.712162,0.5702708056124896,0.12153136739660413,2,0.1490700286756679,0.021674786126404624,0.05936037832632408,0.0111333667338613,0.091976151227199,0.05726877421241043,0.0003372450600871478,6,36,0.004059657696600969,0.24349257446984407,True,False,False,3.904621462787765e-05,COMPLETE
1174,0.5347103834152223,2025-04-21 03:07:33.630319,2025-04-21 03:08:20.393963,0 days 00:00:46.763644,0.9795534612343121,0.1008972260935388,2,0.1513526029338964,0.015137806950252176,0.057364872594873904,0.09329870687032367,0.09614702013750964,0.054728754062655614,2.6899755477098673e-05,8,24,0.010509570628642152,0.25183574668840647,True,False,False,1.2757761169178412e-06,COMPLETE
1175,0.09069270193576813,2025-04-21 03:08:20.768840,2025-04-21 03:09:00.927768,0 days 00:00:40.158928,0.9444964571893112,0.18087835954172704,2,0.14360707519213584,0.006157178518164934,0.05150616647438918,0.009027686504522688,0.07695508891832831,0.05199461375325562,4.4479405419787116e-05,6,28,0.006365894801534939,0.2633090751760482,False,False,False,7.722832406403259e-08,COMPLETE
1176,0.6073753118515015,2025-04-21 03:09:01.306343,2025-04-21 03:09:45.581391,0 days 00:00:44.275048,0.9026677176453233,0.06763056657470148,2,0.17316973489855866,0.05069834571957639,0.05436463849932779,0.012607355033114347,0.08655532654561839,0.053173379240272725,6.516933847212244e-05,7,39,0.00328837276370141,0.2731079686241698,True,False,False,1.4151477355617188e-05,COMPLETE
1177,0.4524693191051483,2025-04-21 03:09:45.962121,2025-04-21 03:10:23.434684,0 days 00:00:37.472563,0.394460461214201,0.159439426598205,2,0.058458280885094444,0.19132777854742855,0.047205237959125915,0.018008642844476033,0.08164577666504538,0.07449739346678898,3.1843290273881496e-05,5,49,0.008126194757819203,0.2577417991628367,True,False,False,3.3966996130627894e-05,COMPLETE
