number,value,datetime_start,datetime_complete,duration,params_alpha-eval,params_alpha-train,params_batch-size,params_eps-eval,params_eps-train,params_lambda-actions-eval,params_lambda-actions-train,params_lambda-frames-eval,params_lambda-frames-train,params_learning-rate,params_n-epochs,params_n-frames,params_radius-gw,params_rho,params_std-feats,params_ub-actions,params_ub-frames,params_weight-decay,state
1232,0.7038468003273011,2025-04-07 20:56:42.040292,2025-04-07 20:57:09.887672,0 days 00:00:27.847380,0.06797838407681582,0.1692731743692767,8,0.12854650836377884,0.007741407461033831,0.02386697191428503,0.02505802415074524,0.06779282416618741,0.051441151623640366,0.00038427493957439614,17,31,0.05496720239179736,0.29101156064792216,False,False,True,3.0641589160326026e-06,COMPLETE
1233,0.5718846797943116,2025-04-07 20:57:10.278798,2025-04-07 20:57:37.381179,0 days 00:00:27.102381,0.05384126681739756,0.18607830123104377,8,0.13465298345070315,0.022064058467130866,0.02303207301936857,0.02608735591743821,0.0712735593498369,0.05008051561489216,0.00032511683973976695,16,36,0.05110689003738201,0.28342581446594883,False,False,True,1.7502933549734738e-06,COMPLETE
1234,0.6723661780357362,2025-04-07 20:57:37.792808,2025-04-07 20:58:04.833366,0 days 00:00:27.040558,0.04382363321661152,0.1636457521206947,8,0.12842588458118115,0.01731012515853365,0.021552768899068934,0.021874762739330516,0.06928496649542412,0.05144264814831409,0.0002452634111512276,16,27,0.05299859932540861,0.2943897072001595,False,False,True,2.257679331880555e-06,COMPLETE
1235,0.7181186318397522,2025-04-07 20:58:05.235825,2025-04-07 20:58:32.563871,0 days 00:00:27.328046,0.06719941114941545,0.19053740252127724,8,0.13430545316246545,0.01370247878424311,0.021672858410754264,0.02262251870765413,0.06805196411061896,0.055529057978940005,0.0003369287422556965,16,33,0.052960702444784236,0.2752916760591675,False,False,True,1.3817288147492362e-06,COMPLETE
1236,0.5009565591812134,2025-04-07 20:58:32.959879,2025-04-07 20:59:00.542846,0 days 00:00:27.582967,0.5009433328554709,0.16381314245618878,8,0.13794168227490652,0.023039502809096293,0.01932405518731352,0.021192573846772544,0.06563739706121659,0.04953452291471164,0.0003943742182046693,17,30,0.05049448812249754,0.0043239782985378394,False,False,True,0.00039713870757464976,COMPLETE
1237,0.2156562149524689,2025-04-07 20:59:00.940765,2025-04-07 20:59:27.159714,0 days 00:00:26.218949,0.04931764858018314,0.16761324905810018,8,0.26620407499599974,0.006883946370704885,0.019891768089899793,0.02006526208261736,0.065494596376567,0.054537288201221425,0.0002741651103688308,15,38,0.05496446708142175,0.29990195469805453,False,False,True,1.6647670021233177e-06,COMPLETE
1238,0.430137974023819,2025-04-07 20:59:27.556220,2025-04-07 20:59:56.031626,0 days 00:00:28.475406,0.041658741689308096,0.19564315753132877,8,0.13161517990302302,0.02317375626361968,0.024134481620139533,0.027173854481321924,0.06972424373244276,0.05217026594870297,0.00045294696751811887,16,150,0.051781096818936,0.2875402625635555,False,False,True,1.7022819793149302e-06,COMPLETE
1239,0.5702963590621948,2025-04-07 20:59:56.428910,2025-04-07 21:00:24.325902,0 days 00:00:27.896992,0.07181085815856611,0.18316244153086636,8,0.1271277984789278,0.014571984020364685,0.018691413718701234,0.02380295081527002,0.06746898919527652,0.04763822926687449,0.0004592777034292794,17,34,0.04886968643099066,0.2803977068818599,False,False,True,2.7491241707715618e-06,COMPLETE
1240,0.6263681054115295,2025-04-07 21:00:24.720007,2025-04-07 21:00:51.128642,0 days 00:00:26.408635,0.04360099933647664,0.2036857913772503,8,0.13909907728953966,0.02141241834099654,0.02193150556707646,0.018894040624038995,0.0639883289260419,0.05038820839996301,0.0003462225238704196,15,20,0.047097971168362715,0.29271116264213637,False,False,True,1.8666666238248953e-06,COMPLETE
1241,0.6984943747520447,2025-04-07 21:00:51.521589,2025-04-07 21:01:18.230891,0 days 00:00:26.709302,0.029361345663613134,0.16734636233368738,8,0.13353128511722298,0.010607775912560923,0.01739544252090245,0.02163260803215561,0.07192087125550475,0.05935460237582746,0.0005362175674468795,15,29,0.05050068743566843,0.2860215231212398,False,False,True,1.4649271869595677e-06,COMPLETE
1242,0.4507278978824616,2025-04-07 21:01:18.622536,2025-04-07 21:01:45.353694,0 days 00:00:26.731158,0.616087039615328,0.1609401253506877,8,0.14166883883682393,0.016397551296136743,0.0203777464971828,0.019183503579761604,0.06680323857204211,0.04834807817421544,0.00037391036064895165,15,36,0.05274274874286868,0.27630857184858754,False,False,True,1.0480971894305067e-06,COMPLETE
1243,0.7113880515098572,2025-04-07 21:01:45.747694,2025-04-07 21:02:13.414887,0 days 00:00:27.667193,0.06913009641339395,0.18992836102992397,8,0.12829782000346218,0.023882123104598866,0.016729213044927964,0.016988574593280074,0.06296469826148494,0.05257520752469859,0.00045228978258219645,16,31,0.04975179922952159,0.28843119496672187,False,False,True,1.3554499038325917e-06,COMPLETE
1244,0.5808671712875366,2025-04-07 21:02:13.807847,2025-04-07 21:02:41.331754,0 days 00:00:27.523907,0.04903408293555008,0.20491964219805503,8,0.13652023286866885,0.007602453087984179,0.01912037784871816,0.020854876360511823,0.06537995820380443,0.047336708890766896,0.00029184613807775876,17,39,0.04836793203583123,0.28198252686498365,False,False,True,1.183045091673926e-06,COMPLETE
1245,0.6683082580566406,2025-04-07 21:02:41.724691,2025-04-07 21:03:09.155672,0 days 00:00:27.430981,0.024496256705549953,0.1824518153350845,8,0.14476684268222856,0.024642452988786843,0.021788568850201882,0.023649997404255926,0.06964564881400946,0.04962064825425653,0.0005445111841024745,16,26,0.046891930800976166,0.29362080889546943,False,False,True,2.280130350178335e-06,COMPLETE
1246,0.7311031222343446,2025-04-07 21:03:09.549656,2025-04-07 21:03:36.358930,0 days 00:00:26.809274,0.06991106814493578,0.15955196244169506,8,0.1393009798606714,0.01720650578141375,0.015850472899304805,0.01721218078284867,0.07135581845213568,0.05449896374390262,0.00040812857306832365,15,33,0.052436597521172204,0.2726714447648251,False,False,True,3.499524837354081e-06,COMPLETE
1247,0.6731852889060974,2025-04-07 21:03:36.756402,2025-04-07 21:04:03.246456,0 days 00:00:26.490054,0.07579809967171115,0.15620780427356293,8,0.13299793730970688,0.024154461602473566,0.014622048612634914,0.016458240762046317,0.07229699386834981,0.056881331546114716,0.00031841696188177456,15,35,0.05531517943360462,0.27224918629020733,False,False,True,2.9021648673782943e-06,COMPLETE
1248,0.4954757452011109,2025-04-07 21:04:03.640913,2025-04-07 21:04:30.093902,0 days 00:00:26.452989,0.562710750526604,0.16277647018225633,8,0.14298639190271392,0.017619432239640565,0.015905476632309023,0.01740703667553408,0.06367832628924805,0.04630754938273565,0.00040447833157372377,15,28,0.05396131084312397,0.27476319984681513,False,False,True,3.5823159485409367e-06,COMPLETE
1249,0.09069270193576813,2025-04-07 21:04:30.491202,2025-04-07 21:04:55.997768,0 days 00:00:25.506566,0.0740707599985173,0.1581077475462634,8,0.12670928920721725,0.024916002076192757,0.015224539145998773,0.016530674609675226,0.06769234453349254,0.056662364561796595,0.00036579420873340655,14,31,0.0518390137262312,0.2773574513093935,False,True,True,7.505217351067627e-07,COMPLETE
1250,0.7161166429519653,2025-04-07 21:04:56.395888,2025-04-07 21:05:22.773121,0 days 00:00:26.377233,0.010041698006349683,0.15824703477184646,8,0.13957431680836344,0.018828339628743907,0.014131205219715112,0.01901256869107303,0.06514077338710404,0.054405877129815615,0.0002804004011102347,15,33,0.0495427535075967,0.27286856282006877,False,False,True,3.91142856337242e-06,COMPLETE
1251,0.571028470993042,2025-04-07 21:05:23.165396,2025-04-07 21:05:48.944659,0 days 00:00:25.779263,0.07093053933764999,0.1759168944750063,8,0.14392579036154896,0.023459828674271002,0.017008422856291623,0.019140152464356977,0.06769501390451946,0.05379827488929455,0.0005398124712431407,14,36,0.04709139230424694,0.29997446785065274,False,False,True,2.1031753767886627e-06,COMPLETE
1252,0.6614321708679199,2025-04-07 21:05:49.339653,2025-04-07 21:06:15.958677,0 days 00:00:26.619024,0.057106728960789443,0.2091860972129913,8,0.13211422097022077,0.018238841780544496,0.01872874796494583,0.01635889788852828,0.06344674847077118,0.05828088834228142,0.00041833058841920823,15,23,0.05567851401352915,0.29462267018587474,False,False,True,9.327347064895157e-07,COMPLETE
1253,0.5353307366371155,2025-04-07 21:06:16.357369,2025-04-07 21:06:42.237335,0 days 00:00:25.879966,0.03013013018355489,0.1560997621531713,8,0.13586368201005491,0.02586492175524146,0.013947157371959357,0.018132281935136465,0.07131231395812333,0.05559014103087281,0.0005354209631008871,14,39,0.053296933062814605,0.28784524825993335,False,False,True,7.951119989810178e-07,COMPLETE
1254,0.6943803906440735,2025-04-07 21:06:42.632234,2025-04-07 21:07:08.913927,0 days 00:00:26.281693,0.07634064759045127,0.17858585491362605,8,0.12745231194224407,0.016838233715567613,0.016281377526687874,0.01710320903992721,0.06596221649779574,0.04752572207945279,0.0003392539809484761,15,29,0.04952519984544185,0.28146348214565015,False,False,True,1.5773202932212534e-06,COMPLETE
1255,0.4934172689914703,2025-04-07 21:07:09.328881,2025-04-07 21:07:35.403004,0 days 00:00:26.074123,0.5344366932263938,0.20199492734442595,8,0.1471126375867935,0.025905875694091335,0.020206025218452675,0.019761826455543245,0.06985460226792156,0.059366198408349544,0.00025195679384252526,15,33,0.046862498344321345,0.28952031398538025,False,False,True,1.077331964538586e-06,COMPLETE
1256,0.6263306498527527,2025-04-07 21:07:35.805553,2025-04-07 21:08:01.588103,0 days 00:00:25.782550,0.30613586091656675,0.16014883208087227,8,0.14010313147198766,0.019972496530925653,0.01717016846718939,0.01601584629788802,0.06805619229625229,0.04926085340727549,0.0004240531514602564,14,26,0.049376928992180054,0.29998428995227594,False,False,True,7.621824614099602e-07,COMPLETE
1257,0.5709099769592285,2025-04-07 21:08:01.987541,2025-04-07 21:08:29.016251,0 days 00:00:27.028710,0.01022019585923491,0.21051611542288315,8,0.13362551416270693,0.012990745072470767,0.013967005425904126,0.020741312142824493,0.06316921307527841,0.04733345442796763,0.0005797492361206439,16,36,0.0520404008551038,0.27995699945469915,False,False,True,2.0095664014928713e-06,COMPLETE
1258,0.6740451455116273,2025-04-07 21:08:29.417970,2025-04-07 21:08:55.863959,0 days 00:00:26.445989,0.054363464219780014,0.17129131766066347,8,0.14535008617491296,0.02607962644937962,0.02367003646423484,0.018703299775129186,0.06571643698355238,0.05514861557418314,0.00048138133599633114,15,32,0.0468333470540553,0.27158987358160147,False,False,True,1.543730075328271e-06,COMPLETE
1259,0.7014769673347473,2025-04-07 21:08:56.267735,2025-04-07 21:09:22.047158,0 days 00:00:25.779423,0.010043456007474721,0.1933496131621495,8,0.12711019526203246,0.01872845394395072,0.01866678312700517,0.016796656583066668,0.0725727513316505,0.05005173007693467,0.00036057482905723503,14,29,0.05167048427719422,0.2930181812315781,False,False,True,1.1451960395358358e-06,COMPLETE
1260,0.08672905713319778,2025-04-07 21:09:22.452643,2025-04-07 21:09:48.867112,0 days 00:00:26.414469,0.0411034394022713,0.9656845127632284,8,0.1381089863397125,0.012581251003823006,0.01610579851585516,0.020888121700313355,0.06907043655156767,0.046888403817202516,0.0005662111941255392,15,40,0.05367110736001156,0.28745897700069195,False,False,True,4.592710232184869e-06,COMPLETE
1261,0.10444514751434326,2025-04-07 21:09:49.268768,2025-04-07 21:10:16.231953,0 days 00:00:26.963185,0.0601245923249417,0.1885845667845826,8,0.1437915591229166,0.21896701792231651,0.014180346517964076,0.01836172207785051,0.06211524406126874,0.05220479598923902,0.00044539993433131845,16,31,0.048654248638433296,0.275878448928239,False,False,True,8.859799563291678e-07,COMPLETE
1262,0.39358109235763555,2025-04-07 21:10:16.634239,2025-04-07 21:10:43.101838,0 days 00:00:26.467599,0.03171748745667853,0.9070647401963274,8,0.13384658267247193,0.026404516829894156,0.021359013297433848,0.015657644172544498,0.0648834976005544,0.04566197755654778,0.0004957157073525268,15,35,0.0506417751751043,0.28402688376742935,False,False,True,1.7792596071170883e-06,COMPLETE
1263,0.673360550403595,2025-04-07 21:10:43.503616,2025-04-07 21:11:09.275721,0 days 00:00:25.772105,0.07176905737878479,0.15632133233558576,8,0.14090300335361056,0.019904000399593454,0.018525434804641215,0.020748057102477863,0.066848014581425,0.04973440640787124,0.00030617143549283677,14,27,0.04626299623070599,0.29493564822175083,False,False,True,2.7130799710559662e-06,COMPLETE
1264,0.571341359615326,2025-04-07 21:11:09.676257,2025-04-07 21:11:36.922710,0 days 00:00:27.246453,0.04192747781784199,0.21409838613155766,8,0.13156970994818487,0.027900726842844243,0.016370192410830153,0.018352320480264053,0.06252455283063856,0.04532587550032614,0.000589020832968172,16,37,0.0482900768513344,0.28827246929400885,False,False,True,1.312941291976664e-06,COMPLETE
1265,0.7227953314781189,2025-04-07 21:11:37.324740,2025-04-07 21:12:03.668821,0 days 00:00:26.344081,0.02587990714120373,0.17700939033614077,8,0.14761857962991634,0.013124205790381663,0.020417196304910214,0.015857618065638467,0.07120739365448524,0.05329308075069166,0.00038930149202953305,15,33,0.05512107833546842,0.27922152933265715,False,False,True,6.914184367669503e-07,COMPLETE
1266,0.602719259262085,2025-04-07 21:12:04.069240,2025-04-07 21:12:31.264836,0 days 00:00:27.195596,0.05641458704301268,0.1935277992757264,8,0.15300102564786383,0.006604110356334503,0.024639373481640938,0.022097103697894842,0.06877310290550895,0.05672132411338149,0.0002665769389239524,16,39,0.006641431728442927,0.29404699319346117,False,False,True,1.0273122740913173e-06,COMPLETE
1267,0.5700892329216004,2025-04-07 21:12:31.663343,2025-04-07 21:12:59.300371,0 days 00:00:27.637028,0.07487732544759927,0.21381626608832105,8,0.15127268351938905,0.01092617562206382,0.022615542897756212,0.019649941849057682,0.06512751321229344,0.05545370883486139,0.00032438592393004673,17,34,0.05614841262373568,0.2828356903710623,False,False,True,6.940240898718178e-07,COMPLETE
1268,0.7205977797508241,2025-04-07 21:12:59.702952,2025-04-07 21:13:25.364597,0 days 00:00:25.661645,0.043687309882127594,0.17929034536553282,8,0.14831955638551605,0.004929383881074962,0.02202460216724888,0.01641866403777083,0.06744625757073083,0.054219190464430835,0.0003817738969728699,14,37,0.05422247798700341,0.2998107540028539,False,False,True,2.351093117914118e-06,COMPLETE
1269,0.2487375855445862,2025-04-07 21:13:25.764478,2025-04-07 21:13:51.630132,0 days 00:00:25.865654,0.08119389465378558,0.20271800942947094,8,0.15482939061591863,0.006987657666255661,0.023683204358438067,0.017688979214562094,0.06658253342691033,0.0540083387278249,0.00022504590362728636,14,42,0.05520006526908655,0.299028333044959,False,True,True,2.927116098029979e-06,COMPLETE
1270,0.5699179649353028,2025-04-07 21:13:52.030429,2025-04-07 21:14:17.714708,0 days 00:00:25.684279,0.029508848803606172,0.18197167825408544,8,0.15180562878038928,0.004600011082603687,0.025943778124048238,0.016116171591742095,0.06415208185462468,0.05899145892778976,0.0002396082983059002,14,41,0.05818051121383541,0.29495068323594825,False,False,True,3.393083840534012e-06,COMPLETE
1271,0.570801329612732,2025-04-07 21:14:18.138077,2025-04-07 21:14:43.986358,0 days 00:00:25.848281,0.056499502086909376,0.21631899593031767,8,0.14923780460150374,0.003575971535061829,0.022129701154763613,0.015488818856851877,0.0625725006857951,0.05777550449337626,0.0002934266207806913,14,37,0.053940008859173494,0.2949684065729214,False,False,True,1.965143501634734e-06,COMPLETE
1272,0.6025364637374878,2025-04-07 21:14:44.392533,2025-04-07 21:15:04.616880,0 days 00:00:20.224347,0.029871782346443745,0.17850597959504166,8,0.14700982036602142,0.005231482956369826,0.02273848404284362,0.016228286910534396,0.06724717892938165,0.05544728300070051,0.00033399033204761655,6,38,0.05638376029867824,0.2953104263849236,True,False,True,2.4145387351019196e-06,COMPLETE
1273,0.398347544670105,2025-04-07 21:15:05.024141,2025-04-07 21:15:30.970791,0 days 00:00:25.946650,0.08468169703613082,0.19748272555791874,8,0.15392672105327898,0.004093136118497447,0.020508806214063056,0.017414874163208582,0.06531321176930745,0.05359822241310204,0.005297393074937401,14,93,0.056476277563458493,0.29221322043782516,False,False,True,1.8647446437632154e-06,COMPLETE
1274,0.7712370872497559,2025-04-07 21:15:31.376215,2025-04-07 21:15:57.075698,0 days 00:00:25.699483,0.05173038918816592,0.16898631467903502,8,0.14870550216873396,0.007937128228741127,0.0214940957352998,0.01607067009632599,0.061652109471386,0.05600454639617536,0.0003818797201508757,14,36,0.05918742195355003,0.2891274295404232,False,False,True,2.237220595286132e-06,COMPLETE
1275,0.5525425434112549,2025-04-07 21:15:57.477302,2025-04-07 21:16:23.700171,0 days 00:00:26.222869,0.08389591759509796,0.15641842574454107,8,0.15446715403596262,0.009739610612592072,0.02494972533896435,0.016055167838682882,0.06131699586378576,0.05735685160702629,0.0002859502474989547,14,40,0.059961358794191795,0.2982978577442702,False,False,True,2.0193484111705842e-06,COMPLETE
1276,0.5412191390991211,2025-04-07 21:16:24.103469,2025-04-07 21:16:49.986303,0 days 00:00:25.882834,0.06175336425893732,0.16615140816693344,8,0.15661778342146251,0.006050541111989891,0.023214869069417752,0.015648214751958663,0.06012407256234302,0.05873068616051594,0.0003605303507748887,14,42,0.05566744250031625,0.2998493725307489,False,False,True,3.0695003755517782e-06,COMPLETE
1277,0.5706217527389527,2025-04-07 21:16:50.392367,2025-04-07 21:17:16.524351,0 days 00:00:26.131984,0.07832477278716177,0.15832250461630956,8,0.1484636640676471,0.005209528139328901,0.021495937739493775,0.015674612969847356,0.06267563848067922,0.05587890552842748,0.0003306791453416213,14,38,0.05839590847172186,0.2890389378186639,False,False,True,4.045171925163513e-06,COMPLETE
1278,0.5828804969787598,2025-04-07 21:17:16.931929,2025-04-07 21:17:42.769197,0 days 00:00:25.837268,0.05603026712444373,0.14849301046950267,8,0.15430230613734225,0.004533921102870582,0.022860210084137172,0.015031070417640794,0.062194087284023036,0.061206043416623584,0.00037369970933138076,14,41,0.055680573376079665,0.28960012226449255,False,False,True,2.4479620613919205e-06,COMPLETE
1279,0.7031308889389039,2025-04-07 21:17:43.173935,2025-04-07 21:18:08.885374,0 days 00:00:25.711439,0.08899457712844491,0.176559564877587,8,0.1485239841113454,0.00798689435468982,0.020834446874403785,0.01759857653050726,0.06065660767993663,0.057036404208027906,0.00024680469382142733,14,37,0.06071729985276203,0.299471584862261,False,False,True,2.3992859646511053e-06,COMPLETE
1280,0.5698123216629029,2025-04-07 21:18:09.291656,2025-04-07 21:18:35.080055,0 days 00:00:25.788399,0.05531196454217247,0.17651045343683056,8,0.14632543341095142,0.010359411599355318,0.024018206597435494,0.01763808555170044,0.06334915515473276,0.054782403710203084,0.00039126161488979496,14,38,0.059211674823805224,0.29007781010235156,False,False,True,2.7374106496164615e-06,COMPLETE
1281,0.6859785079956056,2025-04-07 21:18:35.485139,2025-04-07 21:19:01.512813,0 days 00:00:26.027674,0.06731437359991684,0.14693467129581508,8,0.15341123218365008,0.010705516547094483,0.02467870626004154,0.017120440516979033,0.06145375820249376,0.05681367785176079,0.00028964391414163367,14,35,0.058292972722942045,0.28094963139503604,False,False,True,4.50070176862718e-06,COMPLETE
1282,0.5394238591194153,2025-04-07 21:19:01.918721,2025-04-07 21:19:28.437088,0 days 00:00:26.518367,0.4339832800401284,0.16843188927858493,8,0.146599632810153,0.010768140576017285,0.026960190451956467,0.014471613626000223,0.06432519846317257,0.0534953370506462,0.07640658730869668,15,35,0.05778632882093075,0.29993682967363827,False,False,True,3.0019557149638793e-06,COMPLETE
1283,0.6056904315948487,2025-04-07 21:19:28.841803,2025-04-07 21:19:54.690695,0 days 00:00:25.848892,0.04327383903286738,0.18496153973006121,8,0.15635914763392608,0.004884602392044045,0.025400110987102143,0.015958423898166683,0.06453461480353212,0.05932820509242495,0.00038963502484970584,14,42,0.061678094624772965,0.2934222763925295,False,False,True,3.641679444656086e-06,COMPLETE
1284,0.7552324414253235,2025-04-07 21:19:55.117760,2025-04-07 21:20:21.738228,0 days 00:00:26.620468,0.07165223312152166,0.14947452096703984,8,0.1456265378898518,0.005324103721458818,0.02065140130760701,0.01771511795661855,0.0608918182353214,0.053977383312910986,0.0003383665646274641,15,36,0.05650217137047728,0.28542266850611725,False,False,True,2.5824336608156264e-06,COMPLETE
1285,0.5250805020332336,2025-04-07 21:20:22.151481,2025-04-07 21:20:49.028670,0 days 00:00:26.877189,0.09171690993285361,0.4606536176028006,8,0.14912166934945814,0.003505868582099652,0.02076952642115537,0.017736195345551785,0.06036596561745997,0.05427712740950761,0.00023353668751419372,15,39,0.05897859438963543,0.284929044829255,False,False,True,2.3899041681427344e-06,COMPLETE
1286,0.3765166878700256,2025-04-07 21:20:49.441459,2025-04-07 21:21:15.853364,0 days 00:00:26.411905,0.08516513193449027,0.7962537978110413,8,0.14394509524977683,0.0056767533372035425,0.022094975340735446,0.01882022574360652,0.060557333328406314,0.05265616429140112,0.00028336088524185326,15,42,0.06071650235942536,0.2868464362631391,False,False,True,3.414904905338011e-06,COMPLETE
1287,0.5718598961830139,2025-04-07 21:21:16.263714,2025-04-07 21:21:42.650548,0 days 00:00:26.386834,0.09449476988714493,0.15641598047023564,8,0.1541626121792667,0.003420640543316318,0.021148768780424435,0.018836625253670726,0.059600075966819904,0.054637873808785445,0.00033962128087446265,15,37,0.05590848742610625,0.27795404129837786,False,False,True,2.5497601657472846e-06,COMPLETE
