number,value,datetime_start,datetime_complete,duration,params_alpha-eval,params_alpha-train,params_batch-size,params_eps-eval,params_eps-train,params_lambda-actions-eval,params_lambda-actions-train,params_lambda-frames-eval,params_lambda-frames-train,params_learning-rate,params_n-epochs,params_n-frames,params_radius-gw,params_rho,params_std-feats,params_ub-actions,params_ub-frames,params_weight-decay,state
504,0.1570714682340622,2025-04-20 21:20:42.754820,2025-04-20 21:21:03.024703,0 days 00:00:20.269883,0.8609704636104184,0.04013549469560289,8,0.1109423595961132,0.010707502315833301,0.05397470877643838,0.033839188315240666,0.09069905214769738,0.03853430017860379,4.624602802915174e-05,6,31,0.013740708198469757,0.29392423532899803,True,True,False,1.4580977482400637e-05,COMPLETE
505,0.4608891367912293,2025-04-20 21:21:03.192649,2025-04-20 21:21:23.993344,0 days 00:00:20.800695,0.8046991778876763,0.012188554667232426,16,0.10573215414948788,0.02684632265606838,0.05628821352196872,0.03544932701365045,0.0060526575012271894,0.027622103294262228,4.030345689984036e-05,7,25,0.0262112202995979,0.24780731221525215,True,False,False,6.206822728947393e-05,COMPLETE
506,0.7871925473213197,2025-04-20 21:21:24.150354,2025-04-20 21:21:43.671275,0 days 00:00:19.520921,0.7903148347492385,0.07885807262588934,16,0.1223878814447403,0.015094725806465112,0.06397615713465843,0.020802256935487685,0.0348904022096455,0.030897654963884778,5.6460507248374534e-05,5,35,0.015231772099347826,0.2233964817693654,True,False,False,4.436259787800226e-05,COMPLETE
507,0.4100370287895203,2025-04-20 21:21:43.827694,2025-04-20 21:22:03.310953,0 days 00:00:19.483259,0.8310764031561384,0.2557371649906453,16,0.11678118284691769,0.019664918060562538,0.06270668742634802,0.02104923775316076,0.08770687115098129,0.030786844515294884,5.1558790311644154e-05,5,29,0.019309633149023727,0.22019422367648553,True,False,False,2.2088805005359704e-05,COMPLETE
508,0.6097429990768433,2025-04-20 21:22:03.478585,2025-04-20 21:22:34.035229,0 days 00:00:30.556644,0.7983032315832274,0.056912444339361754,16,0.122625309963191,0.023671128076205448,0.06418947454202754,0.02250274601673174,0.0840969274176271,0.03361862370239639,6.515945329690041e-05,26,75,0.016239007265915154,0.22323109327695728,True,False,False,3.4664138139997277e-05,COMPLETE
509,0.8204030394554139,2025-04-20 21:22:34.192773,2025-04-20 21:22:53.778569,0 days 00:00:19.585796,0.8689770510241098,0.0775318535201809,16,0.11367370949685614,0.014712486916208682,0.058920365782386026,0.013605119140582256,0.07284917090204496,0.030277538535676874,3.548453667945257e-05,5,33,0.014655150687280629,0.216268504366119,True,False,False,4.972184836679735e-05,COMPLETE
510,0.581855571269989,2025-04-20 21:22:53.947889,2025-04-20 21:23:13.699497,0 days 00:00:19.751608,0.8908271640001756,0.04004259341585975,16,0.10284723156159904,0.029595045397727754,0.05818697913418884,0.014672888409962864,0.08213940764037417,0.028849505016639996,5.677442441570501e-05,5,57,0.02013037306898333,0.2080978608417137,True,False,False,0.0006907400619433923,COMPLETE
511,0.4914864420890808,2025-04-20 21:23:13.856731,2025-04-20 21:23:33.378058,0 days 00:00:19.521327,0.8881378972270397,0.0737694991337731,16,0.11157384285837123,0.017434119357773177,0.05682439197707948,0.014241842083999232,0.09886758063970325,0.03330278973328729,3.636203429093886e-05,5,34,0.01780814413078977,0.2172403070252119,True,False,False,4.2625760423834645e-05,COMPLETE
512,0.44252611398696906,2025-04-20 21:23:33.535567,2025-04-20 21:23:53.045811,0 days 00:00:19.510244,0.9288463555243087,0.04669886739892494,16,0.11438439465397991,0.01571672554529184,0.059038506009414474,0.022481016753312207,0.06843999984845268,0.031372769017612226,3.3921664295423576e-05,5,35,0.024456263007169507,0.22721187503521836,False,False,False,4.891874465957869e-05,COMPLETE
513,0.09433492571115494,2025-04-20 21:23:53.215384,2025-04-20 21:24:10.928651,0 days 00:00:17.713267,0.8779460918716094,0.07824898995081386,16,0.1067738088400832,0.02430921742567379,0.05366917534491301,0.008245628996972435,0.07168639310110626,0.0283982131860618,3.0413546878503767e-05,5,32,0.015112419901990954,0.23032079289346194,True,False,True,2.908643679475062e-05,COMPLETE
514,0.6347606420516969,2025-04-20 21:24:11.087807,2025-04-20 21:24:31.107094,0 days 00:00:20.019287,0.8640328340574127,0.029371767755837608,16,0.11553502261519458,0.006086333758047187,0.06137789538434339,0.02533704492230758,0.06453664728381404,0.031014951290529016,2.5783869961923816e-05,5,36,0.014477447727594102,0.2354218291279425,True,False,False,3.8279540391141554e-05,COMPLETE
515,0.6190678477287292,2025-04-20 21:24:31.278588,2025-04-20 21:24:50.838119,0 days 00:00:19.559531,0.8607674292376324,0.05623531251667452,16,0.09906062587046073,0.03191574155401863,0.056055951653510634,0.018535439425549326,0.07989245567891907,0.027031462740263718,4.147583932616315e-05,5,33,0.01665153201072896,0.17787238312317158,True,False,False,5.084181088503497e-05,COMPLETE
516,0.5965974569320679,2025-04-20 21:24:50.997266,2025-04-20 21:25:10.782228,0 days 00:00:19.784962,0.8502127231203578,0.4504540335952328,16,0.09379643617036182,0.014951681223914461,0.05970495207478246,0.012291812239761168,0.07687603766934913,0.02923738765989592,4.396061832554582e-05,5,36,0.012993616468530271,0.21455595106690054,True,False,False,2.9494954989630983e-05,COMPLETE
517,0.4334718227386475,2025-04-20 21:25:10.942002,2025-04-20 21:25:31.046271,0 days 00:00:20.104269,0.8350480447944619,0.08123062228179638,16,0.10976042915041628,0.24300595332992178,0.05797204713176155,0.004621120343342102,0.05885076108842258,0.031701392925089486,5.9114052321273884e-05,6,41,0.0775932408685848,0.22330737296053899,True,False,False,5.319714038934248e-05,COMPLETE
518,0.7694808006286622,2025-04-20 21:25:31.216640,2025-04-20 21:25:51.118282,0 days 00:00:19.901642,0.783558518731726,0.056775400345692256,16,0.12086241899289424,0.024590044226836926,0.0614626685396775,0.011584722446574542,0.035273734456739925,0.0359283408276544,2.7094624396617095e-05,6,28,0.01513379190461985,0.286031559562839,True,False,False,2.2490909033383035e-05,COMPLETE
519,0.7511634230613708,2025-04-20 21:25:51.278934,2025-04-20 21:26:11.477153,0 days 00:00:20.198219,0.7656259789679808,0.7507594498578216,16,0.10361822449735493,0.00732636411533365,0.0620502685504772,0.01010031939951728,0.06571800957567198,0.032247083469052445,4.67615079400719e-05,6,39,0.01891468172532635,0.16285808690650583,True,False,False,3.729711429798193e-05,COMPLETE
520,0.3808531939983368,2025-04-20 21:26:11.648981,2025-04-20 21:26:31.220228,0 days 00:00:19.571247,0.8160684381501222,0.9163856352431846,16,0.1161275018924015,0.020743086218729372,0.059499721520491246,0.0018016076355498404,0.009229404309882908,0.02559789865376711,3.358351732692163e-05,5,32,0.021600842546378785,0.07564747907342727,True,False,False,4.4250331364083143e-05,COMPLETE
521,0.48367874622344975,2025-04-20 21:26:31.382900,2025-04-20 21:26:52.002996,0 days 00:00:20.620096,0.7895535003570872,0.0852304954033577,16,0.12197606080107805,0.010530039621217865,0.052577238666357475,0.02007724652394338,0.028602080719396638,0.030100001941793086,5.908930711981808e-05,7,45,0.013746173602711177,0.05486452211749729,True,False,False,1.782503272344705e-05,COMPLETE
522,0.5989174485206604,2025-04-20 21:26:52.162740,2025-04-20 21:27:11.618115,0 days 00:00:19.455375,0.875986167273451,0.3168971732143665,16,0.110480011206839,0.03719807982507104,0.055771326698491906,0.02686077298854715,0.07388016143232441,0.03378515087433324,4.980565462520713e-05,5,36,0.01706955121266689,0.23646490490864314,True,False,False,0.00024127727521469416,COMPLETE
523,0.6109112143516541,2025-04-20 21:27:11.790989,2025-04-20 21:27:35.631937,0 days 00:00:23.840948,0.7471162708759245,0.06552758889203636,8,0.11819293604070663,0.014998567127235962,0.06464779674774405,0.029146749927503754,0.09042693574745175,0.03516053417808052,2.221315100162675e-05,7,42,0.012410500924855539,0.23051920287765817,True,False,False,0.0003440714247248655,COMPLETE
524,0.3990574955940247,2025-04-20 21:27:35.793805,2025-04-20 21:27:53.842104,0 days 00:00:18.048299,0.7585440323950627,0.027300542725864903,16,0.10717258558531507,0.029534374720800165,0.057648224428321626,0.014898304736137867,0.09975067020094121,0.03793023833355075,6.610234705773604e-05,6,38,0.015440126327280305,0.15220139219377063,True,True,False,3.386455817145576e-05,COMPLETE
525,0.5696547985076905,2025-04-20 21:27:54.015938,2025-04-20 21:28:13.759249,0 days 00:00:19.743311,0.919506271760156,0.09712046314923256,16,0.19812906610949244,0.019071854949499888,0.06293628446086393,0.024621345232963603,0.06342123152561333,0.027553361668905017,0.0008086650559348612,6,34,0.011736508735500046,0.23930093250958043,False,False,False,5.368293131443678e-05,COMPLETE
526,0.5547103643417359,2025-04-20 21:28:13.922855,2025-04-20 21:28:33.840154,0 days 00:00:19.917299,0.84382639636345,0.07089725308063413,16,0.12651990874991967,0.02502775509034559,0.060622185935289244,0.016906698812562584,0.03630778525945006,0.04017332121917931,7.627521354956197e-05,5,26,0.014490908739391779,0.2256253764071931,True,False,False,4.337122600348449e-05,COMPLETE
527,0.585868787765503,2025-04-20 21:28:34.004496,2025-04-20 21:28:54.118482,0 days 00:00:20.113986,0.8000803732549612,0.04568867593288993,16,0.10186135171519389,0.005829436214122444,0.0662011328270409,0.028231215075326346,0.0351031037111237,0.025585198686301578,4.080508615417735e-05,5,30,0.018910582438392994,0.2628056268810226,True,False,False,2.6889457001431438e-05,COMPLETE
528,0.538981580734253,2025-04-20 21:28:54.291293,2025-04-20 21:29:14.390920,0 days 00:00:20.099627,0.7347813277973126,0.11137832266451882,16,0.11298763546827775,0.01439659180298155,0.06316612128326694,0.02350206116164463,0.03114877628628225,0.029024535779866134,5.5652165270720044e-05,6,40,0.01302619667101267,0.2550386984694951,True,False,False,1.2199725160731538e-05,COMPLETE
529,0.6250593781471252,2025-04-20 21:29:14.558770,2025-04-20 21:29:35.067828,0 days 00:00:20.509058,0.822072944944232,0.08059570415049629,16,0.1227381468635575,0.019592327160057862,0.0588684704282177,0.006949323575306683,0.0034036677038610935,0.03262637202500053,7.584859165839922e-05,7,36,0.016777978238871102,0.2471087709334306,True,False,False,0.0002090984401952238,COMPLETE
530,0.6576061964035034,2025-04-20 21:29:35.242971,2025-04-20 21:29:55.239999,0 days 00:00:19.997028,0.7744830543187708,0.10152127943895829,16,0.11825654903004633,0.01027101422487899,0.05504760956330716,0.029203351334448888,0.03367510409753215,0.07794694160774944,3.235172826332887e-05,5,33,0.011697914114548817,0.2332525256597901,True,False,False,5.662721416512063e-05,COMPLETE
531,0.09069270193576813,2025-04-20 21:29:55.406131,2025-04-20 21:30:15.404749,0 days 00:00:19.998618,0.790918609094244,0.05550050506191571,16,0.15809998796459443,0.0004284577076719264,0.060707455967983874,0.019923117261737483,0.01430079664210571,0.030547100716762372,6.782321857402717e-05,6,92,0.010282578288885414,0.23895862549818764,True,False,False,3.455318788412618e-05,COMPLETE
532,0.7567355275154114,2025-04-20 21:30:15.582369,2025-04-20 21:30:35.941301,0 days 00:00:20.358932,0.7395150530562292,0.014503740370328935,16,0.09518240927261451,0.027095895019824266,0.049374226875168785,0.03143027737401987,0.026831935087684184,0.06911013050129264,4.89961106956903e-05,7,38,0.013057491015459182,0.2455296406915272,True,False,False,2.595407989290589e-05,COMPLETE
533,0.09648799449205399,2025-04-20 21:30:36.106403,2025-04-20 21:30:54.008758,0 days 00:00:17.902355,0.7157085271447178,0.08632502005235626,16,0.10801027570988972,0.03427503134832609,0.0672555100368396,0.02636938596498289,0.039321155499247085,0.03524846379768877,2.4703237343891957e-05,5,31,0.01592491033016879,0.2532545488403298,True,False,True,6.219941715372021e-05,COMPLETE
534,0.5864283800125123,2025-04-20 21:30:54.176334,2025-04-20 21:31:14.999680,0 days 00:00:20.823346,0.7559895885160334,0.3595854224888161,16,0.12648988416756277,0.02016787222652837,0.06445230032140396,0.03022682028254898,0.05680506691173079,0.007058234170823841,8.315853311280654e-05,8,43,0.01062055525601165,0.22932093487498934,False,False,False,4.008874299020039e-05,COMPLETE
535,0.09069270193576813,2025-04-20 21:31:15.177272,2025-04-20 21:31:34.430667,0 days 00:00:19.253395,0.7676300126809635,0.03284219430095221,16,0.11333672813505372,0.006382970349495937,0.05695918060695554,0.028305559976327936,0.036525627367063024,0.07462379044688111,0.03255073976033009,6,35,0.019918482849161975,0.21248834730251653,True,False,False,1.9492457651750896e-05,COMPLETE
536,0.5410734653472901,2025-04-20 21:31:34.597747,2025-04-20 21:31:54.066165,0 days 00:00:19.468418,0.8126687503770174,0.11160964796644544,16,0.10089868717853473,0.013655172617451559,0.06262697812774634,0.021546251800635463,0.029227310336151373,0.07145372056224086,6.54330859668337e-05,5,40,0.013752693033422334,0.23975675417616865,True,False,False,1.0491012047508363e-05,COMPLETE
537,0.40997977852821355,2025-04-20 21:31:54.243660,2025-04-20 21:32:14.780843,0 days 00:00:20.537183,0.15638784005364093,0.06571753226554616,16,0.12026395883605112,0.0246545348497176,0.0654435640426117,0.03196858880393279,0.0317060289580855,0.026533157775359417,3.92760922601941e-05,7,29,0.01802287462299906,0.2577400083360784,True,False,False,0.0002938234715833497,COMPLETE
538,0.6220396280288697,2025-04-20 21:32:14.946359,2025-04-20 21:32:34.761081,0 days 00:00:19.814722,0.7820671399385515,0.04542751257302642,16,0.1081044886713387,0.016538538454887317,0.05962713590875809,0.02378561916105052,0.034290166479525125,0.029771735553721205,5.647979600082626e-05,6,36,0.009299308030415438,0.24889912520392748,True,False,False,5.079180172959987e-05,COMPLETE
539,0.36000908613204957,2025-04-20 21:32:34.928925,2025-04-20 21:32:54.651009,0 days 00:00:19.722084,0.8513206653812314,0.09275274808299455,16,0.12966128042556363,0.03078143326660397,0.0031508240014590932,0.027049458442863373,0.05512338303581391,0.06854157726921704,0.0009714495421814455,5,23,0.01167458120932585,0.2722399371117539,True,False,False,6.545328388740685e-05,COMPLETE
540,0.6677574396133423,2025-04-20 21:32:54.827863,2025-04-20 21:33:15.655623,0 days 00:00:20.827760,0.7283338887203008,0.6962565930144342,16,0.11513999267525539,0.011155190217007744,0.06152988118493622,0.03013730580423431,0.01198069354589947,0.010669503329884046,0.0004164179945118644,8,33,0.01476913482501569,0.19762455038733176,True,False,False,3.130467919088016e-05,COMPLETE
541,0.2496859133243561,2025-04-20 21:33:15.822906,2025-04-20 21:33:36.864512,0 days 00:00:21.041606,0.8300583532392392,0.06660671981070797,16,0.12329450985458779,0.0054354348990519295,0.057796713178579796,0.032804466008908684,0.030944912575682063,0.004066196699766159,1.9003089816333394e-05,6,107,0.009195310236206122,0.26569169116179076,True,False,False,0.0004114582483011401,COMPLETE
542,0.3947355568408966,2025-04-20 21:33:37.042716,2025-04-20 21:33:57.592842,0 days 00:00:20.550126,0.7055940294407648,0.1146663651989492,16,0.10266970251042973,0.19110761432483048,0.05342981199835094,0.025057636354621177,0.07073071651890266,0.0671945970114408,8.34585700137576e-05,7,46,0.011423863254644862,0.23390089398578204,True,False,False,4.583954421729202e-05,COMPLETE
543,0.1759152948856354,2025-04-20 21:33:57.760880,2025-04-20 21:34:15.208687,0 days 00:00:17.447807,0.9637799862209864,0.08650279349317211,16,0.11232207842845343,0.0222142756226184,0.06734545862222838,0.028364239102851713,0.02635986508674988,0.0010645718168187245,3.604742548795601e-05,5,38,0.013730346410079114,0.24335845167794806,True,True,False,0.00019224961698456283,COMPLETE
544,0.45084899067878725,2025-04-20 21:34:15.388757,2025-04-20 21:34:35.562125,0 days 00:00:20.173368,0.8012301121589963,0.074615724994524,16,0.09285806294021837,0.014645690081672765,0.064079047346894,0.08972237627596441,0.03396632009424093,0.03297626377834558,2.933297636172469e-05,6,42,0.06696343866462683,0.21900604193115347,True,False,False,1.5302415249879397e-05,COMPLETE
545,0.5724050760269166,2025-04-20 21:34:35.732912,2025-04-20 21:34:59.269481,0 days 00:00:23.536569,0.7499997675089713,0.13497894517922088,8,0.11927511803766598,0.028166776464014377,0.025776783491435588,0.033065628899173784,0.029179241029488157,0.031130463781893915,7.056870836930525e-05,7,33,0.01654082782147353,0.25345849514065455,False,False,False,2.2597664779310627e-05,COMPLETE
546,0.38225145936012267,2025-04-20 21:34:59.437897,2025-04-20 21:35:20.689903,0 days 00:00:21.252006,0.767633253748585,0.04836569999497984,16,0.13260376640582416,0.2762901733587783,0.06231663680874248,0.025845002107836836,0.015612512141483723,0.07074776489968693,4.643583418844106e-05,5,137,0.007247572594216766,0.22460312118107922,True,False,False,7.141082948192593e-05,COMPLETE
547,0.38510580658912663,2025-04-20 21:35:20.868713,2025-04-20 21:35:42.325668,0 days 00:00:21.456955,0.7921557244921548,0.8817837640745931,16,0.1250171460309227,0.019305431134182913,0.05567051541458228,0.01891772954866844,0.03230389689035468,0.0245559548853845,0.0005735428764838983,8,71,0.010384692688890996,0.2368233667955453,True,False,False,3.8650851448868846e-05,COMPLETE
548,0.5417162418365479,2025-04-20 21:35:42.494649,2025-04-20 21:36:02.363055,0 days 00:00:19.868406,0.875710017547984,0.10331586195580598,16,0.1490017337801493,0.04065187307638024,0.06566799111195326,0.03124551717563675,0.037295715989106006,0.0662291875798589,5.7289120861604294e-05,6,37,0.008506146479349967,0.24472350082922847,True,False,False,5.41329139402262e-05,COMPLETE
549,0.6565479993820191,2025-04-20 21:36:02.543810,2025-04-20 21:36:22.164360,0 days 00:00:19.620550,0.7076096700788439,0.028359757202539883,16,0.19154980649514755,0.009021821319141567,0.0680889604551415,0.022528307072258853,0.02777199678431047,0.0691206751491109,8.838327232924142e-05,5,28,0.021534525904414292,0.2493109510165836,True,False,False,8.721224716027428e-05,COMPLETE
550,0.5452648758888244,2025-04-20 21:36:22.335655,2025-04-20 21:36:42.402939,0 days 00:00:20.067284,0.736643019523262,0.06489960295323721,16,0.10814487531316219,0.0005820768588301259,0.045281399364428404,0.009108939000140273,0.03508133611899308,0.02786643927267652,1.5280275865936847e-05,6,40,0.012410431553587436,0.2610878803474327,True,False,False,4.915998534431349e-08,COMPLETE
551,0.0936965048313141,2025-04-20 21:36:42.587400,2025-04-20 21:37:01.149869,0 days 00:00:18.562469,0.680352686395552,0.09169892997724303,16,0.11602573715571891,0.02319079902012834,0.059876121766456854,0.013062305525247401,0.08534650014436584,0.06628706504238055,6.65408817805967e-05,7,35,0.01541651128063694,0.2982039918450612,True,False,True,2.762016836615155e-05,COMPLETE
552,0.6450249195098877,2025-04-20 21:37:01.322169,2025-04-20 21:37:21.219101,0 days 00:00:19.896932,0.8217323336792064,0.11887752101492348,16,0.09900118689367646,0.01459003302079077,0.058133699455004455,0.04717318455316371,0.09733973012986014,0.07241837571437068,2.1705024316701698e-05,5,49,0.00890399490902716,0.23093901340544765,True,False,False,0.0002660080620469571,COMPLETE
553,0.5639361023902894,2025-04-20 21:37:21.403086,2025-04-20 21:37:41.887635,0 days 00:00:20.484549,0.7767595920685141,0.01193862093052496,16,0.13052634590707546,0.03327995204855143,0.0628072257419046,0.044213894752451625,0.07448820021068699,0.03543997672336471,4.057092960224432e-05,7,31,0.018250194787391788,0.28140515629158575,True,False,False,7.024017646464958e-05,COMPLETE
554,0.4482956111431122,2025-04-20 21:37:42.061034,2025-04-20 21:38:02.206462,0 days 00:00:20.145428,0.7537252411637946,0.08013481775465293,16,0.10657692566326317,0.009311426968934259,0.06551188161675357,0.029384172319751763,0.031035899298659606,0.012716911400492716,8.176703284056651e-05,6,44,0.06029944443468055,0.24035468249151276,True,False,False,4.476448467009505e-05,COMPLETE
555,0.4904129028320313,2025-04-20 21:38:02.378671,2025-04-20 21:38:22.407712,0 days 00:00:20.029041,0.7202778436227378,0.04604520185101681,16,0.12322946809910683,0.018303882529537692,0.060826563262763415,0.03362639192853013,0.033538623871423374,0.02945303187170472,5.158845500990185e-05,5,61,0.006354667023204025,0.24999129491045594,True,False,False,3.2910473705214725e-05,COMPLETE
556,0.5395976781845093,2025-04-20 21:38:22.589191,2025-04-20 21:38:42.602715,0 days 00:00:20.013524,0.8088261317145138,0.14163590296523904,16,0.11476803428715332,0.026915016831727104,0.06376743334340831,0.027134637382199834,0.03918808992416421,0.03314818231930297,8.67192429394936e-05,6,37,0.011017271459181409,0.23574081561585816,True,False,False,5.711527380819881e-05,COMPLETE
557,0.47028808593750004,2025-04-20 21:38:42.775248,2025-04-20 21:39:03.525597,0 days 00:00:20.750349,0.736056212070112,0.10305335275392123,16,0.11094670185466755,0.0053649691508922525,0.05477672492150749,0.03063917752006686,0.029332713252101364,0.041908378795287415,2.8552967949934385e-05,8,41,0.013723684103278348,0.2565833928180083,False,False,False,0.00011066381143248333,COMPLETE
558,0.5355415582656861,2025-04-20 21:39:03.709595,2025-04-20 21:39:23.430665,0 days 00:00:19.721070,0.8475383046625621,0.05894639458113629,16,0.11833314881341228,0.01423695373414087,0.0682806144718298,0.03655819940736827,0.0675763739158389,0.008865412388032255,6.121603248489323e-05,5,34,0.007533377404960732,0.24375908290751283,True,False,False,3.91675224163603e-05,COMPLETE
559,0.4619915664196015,2025-04-20 21:39:23.604909,2025-04-20 21:39:44.316213,0 days 00:00:20.711304,0.7879155890878915,0.37970702577925114,16,0.13488349394939525,0.02035910121992606,0.050956584547793636,0.02408759285617754,0.03587017118909086,0.03142333357741488,3.6463229149708025e-05,7,25,0.01628488681758693,0.2259662308633606,True,False,False,0.0002017510385577588,COMPLETE
