number,value,datetime_start,datetime_complete,duration,params_alpha-eval,params_alpha-train,params_batch-size,params_eps-eval,params_eps-train,params_lambda-actions-eval,params_lambda-actions-train,params_lambda-frames-eval,params_lambda-frames-train,params_learning-rate,params_n-epochs,params_n-frames,params_radius-gw,params_rho,params_std-feats,params_ub-actions,params_ub-frames,params_weight-decay,state
784,0.10393182039260865,2025-04-20 23:04:58.806798,2025-04-20 23:05:17.032208,0 days 00:00:18.225410,0.692286011389838,0.01000240076036622,16,0.15379759303987584,0.020950173612599453,0.06161204519971654,0.02523405659937644,0.04548301206735651,0.06839813714054065,2.097133138818562e-05,6,33,0.011699951472741376,0.2824384710096956,True,False,True,1.493441781896889e-06,COMPLETE
785,0.7600927352905275,2025-04-20 23:05:17.287831,2025-04-20 23:05:47.060043,0 days 00:00:29.772212,0.7222486474386524,0.05953979301855885,16,0.16020188958881781,0.012962471786294238,0.06367060543709953,0.01775843877035094,0.013169609131612995,0.06961750431523453,5.2097281059607966e-05,29,28,0.01718737717504138,0.20454940047240433,True,False,False,6.926688039259186e-05,COMPLETE
786,0.6530343294143677,2025-04-20 23:05:47.302601,2025-04-20 23:06:07.933522,0 days 00:00:20.630921,0.8793428266959099,0.09351548978189336,16,0.1711255805115612,0.007532102568121892,0.05294975107916692,0.026602069072890776,0.05899675527783802,0.02602679244273618,4.174795801435823e-05,7,35,0.009848737341375171,0.12616965937085006,True,False,False,3.754554032609861e-05,COMPLETE
787,0.397268545627594,2025-04-20 23:06:08.188041,2025-04-20 23:06:27.855091,0 days 00:00:19.667050,0.6431997508713981,0.07854594399544332,16,0.2991286546374923,0.02422460560041929,0.05688614597168289,0.09233067143396573,0.06717100152051131,0.03528770209889939,1.542740068827545e-05,5,42,0.013722302128552485,0.2677127718246266,False,False,False,2.069544666206565e-06,COMPLETE
788,0.5798062682151794,2025-04-20 23:06:28.096956,2025-04-20 23:06:48.777178,0 days 00:00:20.680222,0.4891317480131297,0.02711181528937469,16,0.14082800136132634,0.01657824183821355,0.05482921955311154,0.0331682814451095,0.01669744294525888,0.08625417111676778,1.002471734488505e-05,6,30,0.012247030683850751,0.2490743555355617,True,False,False,4.896149093796239e-05,COMPLETE
789,0.386701512336731,2025-04-20 23:06:49.031859,2025-04-20 23:07:17.779881,0 days 00:00:28.748022,0.7381067391024153,0.06125204689690247,16,0.14855358596643184,0.009977525988625745,0.060321961300698994,0.031559595202229576,0.06993649062633817,0.09514792815579788,2.544059777825831e-05,24,59,0.015801796893466405,0.28958403978144914,True,False,False,2.4305675671866635e-06,COMPLETE
790,0.6916149139404297,2025-04-20 23:07:18.044541,2025-04-20 23:07:40.241484,0 days 00:00:22.196943,0.6974081228490174,0.10156229027017527,8,0.10426228139773414,0.018853507724344652,0.06449261339375625,0.021969577781107204,0.06267131380122352,0.07183763939610358,3.4859878324663346e-05,5,37,0.00936566073183292,0.2610690583449831,True,False,False,1.9517448906156266e-05,COMPLETE
791,0.4934826135635376,2025-04-20 23:07:40.484935,2025-04-20 23:08:01.247831,0 days 00:00:20.762896,0.7332631693675388,0.04914842112319593,16,0.09453603393347898,0.007424106891813746,0.058002610036069234,0.02872478410428759,0.06486731263114438,0.06720050729013152,1.86013963702677e-05,7,26,0.03491733711512837,0.23923727896854577,True,False,False,4.480539299447975e-05,COMPLETE
792,0.763663685321808,2025-04-20 23:08:01.507064,2025-04-20 23:08:21.068468,0 days 00:00:19.561404,0.6901343104075552,0.1302512300190674,16,0.17731507338701466,0.014025562524745037,0.09990074032691533,0.015559302371461754,0.0717493714536326,0.03219132940226562,2.983809822875849e-05,5,39,0.017837807730035776,0.25456630276377595,True,False,False,2.63111385711603e-05,COMPLETE
793,0.5384352803230286,2025-04-20 23:08:21.326409,2025-04-20 23:08:41.348688,0 days 00:00:20.022279,0.6754113685104671,0.07918492251478262,16,0.08405274904712266,0.024819735458256574,0.062197137822151125,0.03364575090871508,0.06760933009239686,0.07590054729367535,7.066607238692624e-05,6,34,0.011596251062335097,0.24619524799839396,True,False,False,5.619849303349537e-06,COMPLETE
794,0.5181002497673035,2025-04-20 23:08:41.592410,2025-04-20 23:09:01.205993,0 days 00:00:19.613583,0.4593465746352951,0.029558339564227903,16,0.16534827137863387,0.004893638587528718,0.05385132994457107,0.025398810963623092,0.07645555584053546,0.028975689543000963,4.8877809443917404e-05,5,45,0.02174400498314081,0.2947145824397088,True,False,False,2.9662386672268183e-06,COMPLETE
795,0.15708138644695283,2025-04-20 23:09:01.463197,2025-04-20 23:09:28.379767,0 days 00:00:26.916570,0.5290189410994118,0.06335434226758228,16,0.1546051900502575,0.02068608615793781,0.05012631233494085,0.03056490140365498,0.07859675260457444,0.05972848098630049,3.7742858751361876e-05,30,31,0.014808800906098511,0.29901264010582557,True,True,False,1.4435513530541507e-06,COMPLETE
796,0.45976553559303285,2025-04-20 23:09:28.642548,2025-04-20 23:09:48.777969,0 days 00:00:20.135421,0.7125785419565046,0.7135210981265938,16,0.10638898094799237,0.012850140721255163,0.0563446402829415,0.035259201107377465,0.06336038619301727,0.07049964763120112,2.2017527080020203e-05,6,35,0.06345833372844994,0.2513537916122441,True,False,False,1.0150521320607432e-05,COMPLETE
797,0.42700207829475406,2025-04-20 23:09:49.024926,2025-04-20 23:10:08.393049,0 days 00:00:19.368123,0.4303384041440063,0.1101824643744339,16,0.09923822089682167,0.029435085231618988,0.05975507047083532,0.0284051008612732,0.011629114394621377,0.03401223676386274,2.6954325405873664e-05,5,40,0.01076831629096078,0.2611479097102745,False,False,False,3.372405416488666e-05,COMPLETE
798,0.5358227849006654,2025-04-20 23:10:08.656506,2025-04-20 23:10:28.971809,0 days 00:00:20.315303,0.6644084350682927,0.5997725605857124,16,0.1429696983315923,0.004480906752945694,0.05914961120498821,0.09993582676856909,0.049452994537542,0.018976875563295626,3.350107808043731e-05,7,29,0.009316778910471066,0.28498612966835274,True,False,False,7.262472450387993e-05,COMPLETE
799,0.5616183042526246,2025-04-20 23:10:29.235113,2025-04-20 23:10:49.248201,0 days 00:00:20.013088,0.908498228889323,0.04471923262951013,16,0.13546746999390538,0.015844596737946737,0.04676234288844908,0.011408529322857634,0.0073012295339308815,0.06573249087817104,4.691334168002608e-05,6,21,0.0190095399546602,0.014440972018223378,True,False,False,1.8901746855538624e-06,COMPLETE
800,0.09069270193576813,2025-04-20 23:10:49.494414,2025-04-20 23:11:08.264740,0 days 00:00:18.770326,0.626043566110501,0.08886734285300077,16,0.1575859772383524,0.00031392124968199556,0.06202943990365335,0.055488850011345466,0.07291583914213255,0.0681116086662655,5.764792882216415e-05,5,37,0.014747485419482115,0.23642164861535514,True,False,False,5.8432158866811964e-05,COMPLETE
801,0.4686038434505463,2025-04-20 23:11:08.524669,2025-04-20 23:11:28.182120,0 days 00:00:19.657451,0.7379362171840884,0.170074306302626,16,0.18286806562938152,0.02079132524938635,0.056077356630355776,0.09613922404830791,0.05994828308386071,0.030710356274688693,4.033100439898299e-05,5,32,0.013049626595119702,0.05410476209223876,True,False,False,3.744886757648214e-05,COMPLETE
802,0.5009284138679505,2025-04-20 23:11:28.443794,2025-04-20 23:11:48.929694,0 days 00:00:20.485900,0.7070732660627732,0.06831519872200614,16,0.14619307473238918,0.009824841105932274,0.06402864208851747,0.03151639645355891,0.014518133269827385,0.09265190065100146,2.5327592408283266e-05,6,42,0.0082270545642537,0.2475082803228926,True,False,False,1.3549127701581443e-05,COMPLETE
803,0.11790747046470643,2025-04-20 23:11:49.180296,2025-04-20 23:12:24.780924,0 days 00:00:35.600628,0.8481197267955175,0.04232010484643367,2,0.1002462372399619,0.026205754935083394,0.057907589390712576,0.021142210213900555,0.06630079170618094,0.061905470679829926,7.611103079310485e-05,6,34,0.01671687360113474,0.27787061191012546,True,False,True,3.409030564078857e-06,COMPLETE
804,0.4916599869728088,2025-04-20 23:12:25.041757,2025-04-20 23:12:44.604337,0 days 00:00:19.562580,0.7555322465814455,0.09732801503443628,16,0.1993050635638094,0.013956611402558269,0.05292578445384002,0.026834755338059416,0.01977279809281434,0.0086248524909986,1.9839889383953614e-05,5,25,0.009808360730821225,0.2092725005279194,True,False,False,4.169174771041686e-06,COMPLETE
805,0.6713368058204652,2025-04-20 23:12:44.855350,2025-04-20 23:13:11.840438,0 days 00:00:26.985088,0.7267521587765962,0.1284810859332226,16,0.10836094613248735,0.008928632467312845,0.06053309103442107,0.034567000148432635,0.06947840828869291,0.06458263154748169,3.1030189462514544e-05,23,16,0.012911208082394352,0.25658196657528226,True,False,False,1.1675743298807595e-06,COMPLETE
806,0.7454071998596191,2025-04-20 23:13:12.101923,2025-04-20 23:13:32.608024,0 days 00:00:20.506101,0.6811168239031686,0.07676422508525367,16,0.16541596450326335,0.020010068134493762,0.054955925564178006,0.032883005781381765,0.07960459909034126,0.04246056823489669,1.4575570288382077e-05,7,38,0.008559982284535665,0.2649519148183446,True,False,False,4.781732139835554e-05,COMPLETE
807,0.6756413459777832,2025-04-20 23:13:32.870555,2025-04-20 23:13:52.305583,0 days 00:00:19.435028,0.6582295015614118,0.03276013518732091,16,0.15165727472131574,0.01638843663074409,0.06510519903078153,0.019158153185924415,0.03886589388240695,0.02769955876385667,4.346280925755719e-05,5,32,0.0024455751255720703,0.19046402366161985,True,False,False,2.334998140440543e-05,COMPLETE
808,0.3947738170623779,2025-04-20 23:13:52.556859,2025-04-20 23:14:12.408997,0 days 00:00:19.852138,0.771006528093012,0.7913776884672352,16,0.11244284349931497,0.005631284341163662,0.05817487694048647,0.02343097891129272,0.017849363260118625,0.07341857456368031,3.2500863213535364e-05,6,35,0.018867403106098114,0.10958019166433874,False,False,False,1.7041195257987257e-06,COMPLETE
809,0.7776235342025757,2025-04-20 23:14:12.671574,2025-04-20 23:14:32.203097,0 days 00:00:19.531523,0.7127565564320261,0.3645142945917958,16,0.16094895215628494,0.013436323444800042,0.062394551613093326,0.02932129656672049,0.08714733004156494,0.06872476588665215,2.4573559547235853e-05,5,28,0.007207107409235643,0.240910698554272,True,False,False,2.7646693466096977e-06,COMPLETE
810,0.5815083980560303,2025-04-20 23:14:32.465692,2025-04-20 23:14:53.113774,0 days 00:00:20.648082,0.7490755956601507,0.06094944299497992,16,0.09037830774595985,0.024685151885840886,0.05641917413494977,0.03144749327909222,0.06594140031112906,0.03674369960931452,0.02363562635617309,7,39,0.01114904592836867,0.27246349825069643,True,False,False,4.057154612150643e-05,COMPLETE
811,0.6013163089752198,2025-04-20 23:14:53.364294,2025-04-20 23:15:16.427984,0 days 00:00:23.063690,0.6971239141341531,0.026372774413393623,8,0.16962969672610625,0.010012246818396126,0.051671596426486874,0.03530227524796858,0.07499959237259365,0.06707628183646144,6.184952995659763e-05,6,30,0.02428293908388233,0.2999385083856238,True,False,False,7.59850662312537e-07,COMPLETE
812,0.5158025860786438,2025-04-20 23:15:16.692042,2025-04-20 23:15:36.780279,0 days 00:00:20.088237,0.828384066839885,0.010550599653154628,16,0.07805977808848782,0.029707353201433685,0.06094246804498459,0.09388050464428561,0.0637631806869127,0.056282461668444604,3.515430286470342e-05,5,43,0.01626014779141933,0.2917924952538198,True,False,False,1.780660641349217e-05,COMPLETE
813,0.17355479598045348,2025-04-20 23:15:37.044139,2025-04-20 23:15:55.019959,0 days 00:00:17.975820,0.8672298797761058,0.11086029670963289,16,0.13662484195458285,0.017767088708410685,0.0540090961069393,0.027617882587033085,0.06821170313823631,0.06306254527224592,2.096738030556543e-05,6,36,0.013477527320197021,0.25062260249463536,True,True,False,7.556534867643642e-05,COMPLETE
814,0.6610924363136292,2025-04-20 23:15:55.273042,2025-04-20 23:16:15.323903,0 days 00:00:20.050861,0.6344270529275317,0.08776764616109513,16,0.10306656725031213,0.007292110027786321,0.04882108771437179,0.03696770400123071,0.057644014200746115,0.02940943756267109,5.278458326489049e-05,5,33,0.005115941957271769,0.1746905871602161,True,False,False,3.079894701430398e-05,COMPLETE
815,0.6384399652481079,2025-04-20 23:16:15.586527,2025-04-20 23:16:35.406892,0 days 00:00:19.820365,0.7300831729834923,0.04281539093404202,16,0.10962525802804779,0.03921824179500185,0.05867174111506064,0.09042441719800065,0.0701194500907653,0.025681431370919994,2.8241153158303473e-05,5,40,0.010153481282790857,0.2577708231540801,True,False,False,2.161883805415947e-06,COMPLETE
816,0.4450197756290436,2025-04-20 23:16:35.671287,2025-04-20 23:16:55.797364,0 days 00:00:20.126077,0.6733771143693333,0.13898988533440915,16,0.1527763733699413,0.02016067774233457,0.06353600138187784,0.024965981008437797,0.010300760728810464,0.03392729865219158,4.445891904153564e-05,6,46,0.0072741745468513,0.2423173139069062,True,False,False,4.727491679214583e-05,COMPLETE
817,0.3067194700241089,2025-04-20 23:16:56.049396,2025-04-20 23:17:18.569880,0 days 00:00:22.520484,0.7811414985904153,0.06067466998824932,16,0.17628122772333726,0.012217703492137622,0.056924220050264505,0.033045770222981496,0.054253300685285166,0.07132900978245722,1.716391395176423e-05,7,137,0.01973366321396539,0.26681740385864994,True,False,False,6.200551568059557e-05,COMPLETE
818,0.09069270193576813,2025-04-20 23:17:18.833032,2025-04-20 23:17:37.548092,0 days 00:00:18.715060,0.6520699105376369,0.08057959011912882,16,0.14719283754668813,0.0042572225719402414,0.05959320778288463,0.05813321483847161,0.06193852849482836,0.06575359974806437,7.283703572479142e-05,5,31,0.014743436079665035,0.1355155860184066,True,False,False,1.2983978005836927e-06,COMPLETE
819,0.6469521522521973,2025-04-20 23:17:37.813205,2025-04-20 23:17:57.523730,0 days 00:00:19.710525,0.7532970417749039,0.11239507648844327,16,0.0959656983233295,0.022732794951004942,0.054385838671517556,0.020659418348227626,0.06491700175625761,0.06079221766362247,0.015597555257055692,6,24,0.011942299538383144,0.23517470987799027,False,False,False,2.6665754124139345e-05,COMPLETE
820,0.521916139125824,2025-04-20 23:17:57.779072,2025-04-20 23:18:17.415780,0 days 00:00:19.636708,0.700523625118137,0.06129787273975509,16,0.11557171233890157,0.014303107518718189,0.06151721274901256,0.0979033293145304,0.014097963181872663,0.031370696357986005,3.636180770112363e-05,5,37,0.017225159007618653,0.2498328147395667,True,False,False,2.8000325654366173e-06,COMPLETE
821,0.5627177238464356,2025-04-20 23:18:17.681435,2025-04-20 23:18:38.165572,0 days 00:00:20.484137,0.7949911942188651,0.09783959654088198,16,0.10481744832786112,0.005673006631621612,0.055855613949987525,0.029526579065960207,0.0739097010089879,0.04919607382024062,2.4306354904013585e-05,7,27,0.009236044006577323,0.19626844817160016,True,False,False,4.034161413945686e-05,COMPLETE
822,0.12157225608825685,2025-04-20 23:18:38.432847,2025-04-20 23:18:56.813144,0 days 00:00:18.380297,0.46998890023933204,0.0450242681369757,16,0.19071980954209924,0.03249657016019234,0.06552372262083718,0.009682070599477698,0.016740057258291075,0.02077415046200848,2.704057814522742e-05,6,34,0.04124304005952249,0.2551978804330985,True,False,True,3.5926817347782517e-06,COMPLETE
823,0.8088868260383606,2025-04-20 23:18:57.084398,2025-04-20 23:19:16.754944,0 days 00:00:19.670546,0.7204758478493133,0.02844469938660276,16,0.15828022488160354,0.017626578852777984,0.05791096645964568,0.034003597216996265,0.06066461975701416,0.016627944196446746,4.066470503618646e-05,5,39,0.0037889123263483045,0.24463110911091246,True,False,False,5.889702735202982e-05,COMPLETE
824,0.5902103424072266,2025-04-20 23:19:17.017443,2025-04-20 23:19:37.117110,0 days 00:00:20.099667,0.688803357351451,0.011586925834713751,16,0.15898829841294612,0.023850373379137386,0.057660292091793526,0.036740633609875256,0.06309941308472898,0.022192242007195467,4.5094583326192876e-05,6,44,0.0037152828846336826,0.2345040419438218,True,False,False,8.767597384941344e-05,COMPLETE
825,0.506430470943451,2025-04-20 23:19:37.388326,2025-04-20 23:19:57.152007,0 days 00:00:19.763681,0.7159009172743969,0.6406676437908149,16,0.16299736593812902,0.018615379462777654,0.05923327211699862,0.03828939355200923,0.06102403163940327,0.016401118246466395,3.897025444466285e-05,5,42,0.02970292659330914,0.24157514054002585,True,False,False,7.563498399327541e-05,COMPLETE
826,0.6025659084320069,2025-04-20 23:19:57.422025,2025-04-20 23:20:17.255587,0 days 00:00:19.833562,0.6720121324910029,0.030083731607365702,16,0.1566719506227602,0.010749346405465885,0.05560222404828198,0.03480467445240879,0.05679598600776671,0.01501083098013817,5.034431432347188e-05,5,41,0.0018991148170353295,0.23117546996576147,True,False,False,6.393632169112882e-05,COMPLETE
827,0.6050300240516663,2025-04-20 23:20:17.514111,2025-04-20 23:22:07.977955,0 days 00:01:50.463844,0.6961250678472917,0.02819939347067467,2,0.15267395678019535,0.027391967316917246,0.05273572570102687,0.034548066529587196,0.05917513588477991,0.003371806779220089,3.8805286094998134e-05,28,48,0.003560733138942361,0.28401318280222787,True,False,False,9.660188534284722e-05,COMPLETE
828,0.47335865497589114,2025-04-20 23:22:08.251271,2025-04-20 23:22:29.703404,0 days 00:00:21.452133,0.7195617552665751,0.02688942231080805,16,0.1710800160760928,0.004227558890382601,0.058317908958236624,0.036271181113055107,0.06114428914904598,0.01870058449118446,3.1179867639210465e-05,7,99,0.0024949374275313844,0.14359198231515785,True,False,False,5.038933087644686e-05,COMPLETE
829,0.09069270193576813,2025-04-20 23:22:29.976321,2025-04-20 23:22:56.595402,0 days 00:00:26.619081,0.5015635225423669,0.042183395722685396,16,0.1619851041890176,0.0005667808202492238,0.05694769784718772,0.03248332415279739,0.05932078844439171,0.0228493581842353,5.1663306630811626e-05,22,38,0.004831358766113321,0.24523979533189535,True,False,False,5.9942412420425254e-05,COMPLETE
830,0.18552330732345584,2025-04-20 23:22:56.853162,2025-04-20 23:23:17.079955,0 days 00:00:20.226793,0.61391175849036,0.9574823430798274,16,0.16667837183436304,0.015548953257960053,0.05421516302559425,0.016787678186232332,0.061160115881033955,0.02110456776377213,3.376871922016975e-05,6,44,0.00117276297229006,0.0016371324909182916,True,False,False,4.938698817677612e-06,COMPLETE
831,0.40668723583221433,2025-04-20 23:23:17.347685,2025-04-20 23:23:36.731110,0 days 00:00:19.383425,0.8854403936388987,0.01196674825427435,16,0.14404333924093612,0.053325304524877715,0.05899587282250633,0.03084687606703887,0.05814438543193046,0.017072379800845378,4.258784791564744e-05,5,39,0.020764095131032757,0.29127543397835254,False,False,False,1.95016363348069e-06,COMPLETE
832,0.5450153231620789,2025-04-20 23:23:37.003328,2025-04-20 23:23:57.074901,0 days 00:00:20.071573,0.6507718936358378,0.0479417628188127,16,0.15788800670182518,0.020991477746765762,0.05067274929488441,0.026767859802009988,0.05511040723442643,0.02361155060793556,0.008926066061576149,6,37,0.005533086576978611,0.24162756140746008,True,False,False,7.652024165962404e-05,COMPLETE
833,0.16413687467575072,2025-04-20 23:23:57.331711,2025-04-20 23:24:14.900609,0 days 00:00:17.568898,0.6965149860650053,0.05311957640491473,16,0.14556739942638966,0.010105311705775917,0.060515301454836294,0.03810973255607638,0.06458000196607029,0.02451614476274157,2.8781577860978057e-05,5,40,0.015084522856994626,0.2385351520307243,True,True,False,2.444957784305581e-06,COMPLETE
834,0.5886707782745362,2025-04-20 23:24:15.171472,2025-04-20 23:24:37.185077,0 days 00:00:22.013605,0.7345540754992788,0.02699081214222293,8,0.15176047189224143,0.02722522745613226,0.0566091456992366,0.06565608837982854,0.06257060460904659,0.018642301390629522,5.6701699466209885e-05,5,35,0.017890221677248557,0.2468734167371915,True,False,False,1.5237353709024068e-06,COMPLETE
835,0.3513879537582398,2025-04-20 23:24:37.459845,2025-04-20 23:25:07.393953,0 days 00:00:29.934108,0.6806569424585053,0.04541831133849635,16,0.1637913317444249,0.015774203541426716,0.05555025857236038,0.023747755157420402,0.06687034772700902,0.027022112434995516,2.2262207303700723e-05,29,22,0.0010334707734111805,0.29992735313330754,True,False,False,6.237681316391966e-05,COMPLETE
836,0.512307608127594,2025-04-20 23:25:07.654502,2025-04-20 23:25:27.791413,0 days 00:00:20.136911,0.8395450392370761,0.01009375689854487,16,0.17429518272666975,0.07643620062292433,0.06064702042851074,0.031234939840435027,0.07173420356976455,0.028119521882836836,3.7362103121433165e-05,6,32,0.013776092722962568,0.22804135161355726,True,False,False,1.177724505542871e-05,COMPLETE
837,0.5720236659049988,2025-04-20 23:25:28.063238,2025-04-20 23:25:48.066036,0 days 00:00:20.002798,0.7066628084335239,0.06433104817338489,16,0.13869563058286366,0.010008945942271303,0.053746260886918217,0.033894077718224176,0.04864623541686103,0.010132556346982298,3.038222204084038e-05,6,41,0.006412760882066149,0.15458392709787885,True,False,False,5.2585102727091426e-05,COMPLETE
838,0.4660789132118225,2025-04-20 23:25:48.338053,2025-04-20 23:26:19.116018,0 days 00:00:30.777965,0.37156106207871387,0.06941135590924805,16,0.1592742870727205,0.03439741405253087,0.05735588459079071,0.028061628477702865,0.05941116025331762,0.020362720148816786,4.529189134806213e-05,30,29,0.0036839267087468695,0.27898796834800055,True,False,False,1.05222883103895e-08,COMPLETE
839,0.6407046914100648,2025-04-20 23:26:19.378077,2025-04-20 23:26:39.346308,0 days 00:00:19.968231,0.7225974465764912,0.03113725977869258,16,0.14947774926131152,0.01962276017300903,0.059212353837384234,0.0196711761999634,0.06485653749829155,0.013253560296362581,1.977468309241687e-05,7,10,0.01623914809540804,0.26195608387813235,True,False,False,9.095261677359989e-07,COMPLETE
