number,value,datetime_start,datetime_complete,duration,params_alpha-eval,params_alpha-train,params_batch-size,params_eps-eval,params_eps-train,params_lambda-actions-eval,params_lambda-actions-train,params_lambda-frames-eval,params_lambda-frames-train,params_learning-rate,params_n-epochs,params_n-frames,params_radius-gw,params_rho,params_std-feats,params_ub-actions,params_ub-frames,params_weight-decay,state
616,0.09638497084379197,2025-04-07 16:28:06.318153,2025-04-07 16:28:35.380394,0 days 00:00:29.062241,0.09696359972201611,0.9936461744406629,8,0.12620466662610597,0.026399795764850638,0.004395940050047081,0.003985668780885187,0.048031331258841764,0.044164738123903195,0.00038488036630603925,19,32,0.053210192529508434,0.23210340435980176,False,False,True,2.2678113630372844e-08,COMPLETE
617,0.6929126381874084,2025-04-07 16:28:35.568153,2025-04-07 16:29:04.804397,0 days 00:00:29.236244,0.09872191771676574,0.07091553508916291,8,0.12856936906253258,0.02801246422945835,0.0041747892082723255,0.0016435740283250342,0.04977514048944901,0.0483578564239511,0.0003221631089538,19,30,0.05654568633915366,0.22895594441893344,False,False,True,2.2543346060373388e-08,COMPLETE
618,0.6892987251281738,2025-04-07 16:29:05.005388,2025-04-07 16:29:34.229304,0 days 00:00:29.223916,0.09699882705730695,0.08188671897698836,8,0.12681451959513024,0.02809621735625252,0.004256093155715002,0.0013361125252685548,0.04973587506184935,0.04924211244958114,0.00032298572765335367,19,29,0.056672957341761455,0.22827403904739246,False,False,True,2.1168727932387155e-08,COMPLETE
619,0.6911089301109314,2025-04-07 16:29:34.417939,2025-04-07 16:30:03.600458,0 days 00:00:29.182519,0.0979280878956344,0.08363998942310331,8,0.1268685664971368,0.027764209805069853,0.004093099445845969,0.0020292715135369834,0.05004001410982269,0.048644770739930586,0.00033293142223551545,19,30,0.056876153627929235,0.22759870569886523,False,False,True,2.1868877232825054e-08,COMPLETE
620,0.6945780515670776,2025-04-07 16:30:03.801653,2025-04-07 16:30:32.876094,0 days 00:00:29.074441,0.09427234551145072,0.08789953843804228,8,0.1273824678309658,0.027692621488263344,0.003976691173786527,0.0019574703474026355,0.04942346445497756,0.04867447087147915,0.0003389357480965015,19,30,0.05630794776828628,0.22839211057245862,False,False,True,2.2595926076470573e-08,COMPLETE
621,0.6920485258102418,2025-04-07 16:30:33.063710,2025-04-07 16:31:02.073706,0 days 00:00:29.009996,0.09527385954579648,0.08122525933661899,8,0.12627732813080444,0.030049514827190718,0.003906108573858794,0.0015244804319877589,0.05006415154452209,0.048697000736821594,0.00032639190210224787,19,30,0.056489480778559836,0.22739553722554698,False,False,True,2.333508449780193e-08,COMPLETE
622,0.5687784075737,2025-04-07 16:31:02.274502,2025-04-07 16:31:31.251776,0 days 00:00:28.977274,0.09650592952019632,0.08138631939411121,8,0.12651565471123047,0.03044219120167476,0.003520502552078448,0.0011859774204320624,0.05061380869215435,0.04854307208405258,0.00033599419116317816,19,32,0.05700830468222217,0.2279342732914832,False,False,True,2.396212559870396e-08,COMPLETE
623,0.6945559859275818,2025-04-07 16:31:31.442893,2025-04-07 16:32:00.586635,0 days 00:00:29.143742,0.0932131386485355,0.0845766245833668,8,0.12577049204847585,0.034562725943920625,0.003874357825295731,0.003603561185315381,0.04886348575037731,0.045269917222817736,0.00030152185564742695,19,30,0.05075792436297119,0.23720342455068788,False,False,True,2.1072632164519125e-08,COMPLETE
624,0.4283151805400849,2025-04-07 16:32:00.788712,2025-04-07 16:32:30.181767,0 days 00:00:29.393055,0.7957054284993008,0.7668806599720365,8,0.12553494737082357,0.036546670493775066,0.003833436660457621,0.0034630095291883975,0.04886087143317397,0.045506586502123206,0.0004694473604229711,19,30,0.05562517773714404,0.2372135957516108,False,False,True,2.3006895059646503e-08,COMPLETE
625,0.5678554654121399,2025-04-07 16:32:30.371415,2025-04-07 16:32:59.491511,0 days 00:00:29.120096,0.0882045856924978,0.08604240313100309,8,0.12640319825769594,0.03695836103976378,0.004202498198968073,0.0024301179941771975,0.04726371090071097,0.0486674976270928,0.00030378978204330165,19,32,0.05118439668062069,0.22712521258044777,False,False,True,2.197733075215833e-08,COMPLETE
626,0.6916290998458863,2025-04-07 16:32:59.696187,2025-04-07 16:33:28.814444,0 days 00:00:29.118257,0.09616713963773463,0.09036035225021757,8,0.12643536878754788,0.030044867256441357,0.003743278044985531,0.0046482748889020336,0.05005583367342292,0.043677400172249935,0.00032690467656330065,19,30,0.058276634906349,0.23418458671885922,False,False,True,2.2017180692191542e-08,COMPLETE
627,0.6084718227386475,2025-04-07 16:33:29.004582,2025-04-07 16:33:58.304591,0 days 00:00:29.300009,0.09261069136328688,0.08264183195750631,8,0.12649786866808527,0.04655951550280311,0.0037227121888975733,0.0053979279018062706,0.05158994348760157,0.04307675605286591,0.0004027197007575287,19,33,0.058208441070873945,0.23350564577369742,False,False,True,2.259992075926465e-08,COMPLETE
628,0.6947165369987488,2025-04-07 16:33:58.506871,2025-04-07 16:34:27.349922,0 days 00:00:28.843051,0.0882813088088613,0.08200289524783413,8,0.124588050937752,0.03225927280756712,0.003040504801221211,0.00900761532278131,0.049637470587121736,0.045119988651710415,0.0003011279253337635,19,30,0.053734368178289985,0.22588568339256068,False,False,True,2.0611930292290725e-08,COMPLETE
629,0.6917341947555542,2025-04-07 16:34:27.542634,2025-04-07 16:34:56.948174,0 days 00:00:29.405540,0.09836117913695297,0.085313666561108,8,0.12419415180633714,0.04072794322731135,0.0029669526584974546,0.008442995064034274,0.049338445126264945,0.04834715854757717,0.0003386212175522817,19,30,0.054244354330951136,0.238581048964687,False,False,True,2.329047926619357e-08,COMPLETE
630,0.590207076072693,2025-04-07 16:34:57.153218,2025-04-07 16:35:26.117594,0 days 00:00:28.964376,0.09782838110419907,0.4797300422137195,8,0.12584261904713567,0.04170632168122363,0.003001438540185807,0.00394457790295044,0.04899450866154308,0.04548399441147747,0.0003377316308086549,18,30,0.05507920448696541,0.24057435529138865,False,False,True,2.3510792873305184e-08,COMPLETE
631,0.6895116925239564,2025-04-07 16:35:26.310043,2025-04-07 16:35:55.512708,0 days 00:00:29.202665,0.09426786951228507,0.08208883298855654,8,0.1224499326350936,0.0335385053449875,0.0030762011960618514,0.0013129895619061428,0.050182435457718375,0.04841826961322919,0.0005434983693492241,19,30,0.053191531275442724,0.22634459679381783,False,False,True,2.413586753295269e-08,COMPLETE
632,0.6813600897789003,2025-04-07 16:35:55.718125,2025-04-07 16:36:25.166925,0 days 00:00:29.448800,0.08943995513758454,0.08330623695621554,8,0.12373941450351028,0.050128690430059936,0.0032259939743962385,0.0010260273589520357,0.05350259223782166,0.041839321830886796,0.0005603678132582715,19,30,0.053278606654233514,0.22615054096932352,False,False,True,2.3652015595255293e-08,COMPLETE
633,0.5680320978164674,2025-04-07 16:36:25.359945,2025-04-07 16:36:53.713002,0 days 00:00:28.353057,0.09441297367110608,0.08315248442782447,8,0.12371930523998838,0.04252308853440918,0.002773489654839506,0.0032507258776050168,0.05015068095633696,0.048871423583454726,0.0002998460644497204,18,32,0.04908894680038319,0.23256319020688676,False,False,True,2.2640837084424126e-08,COMPLETE
634,0.5701343774795533,2025-04-07 16:36:53.916302,2025-04-07 16:37:23.271396,0 days 00:00:29.355094,0.09100899025877947,0.0894241757763147,8,0.12288313025692195,0.035281171427500105,0.004093960533016541,0.007922910390962351,0.04737617818544356,0.045954062011431554,0.0004259366010921431,19,34,0.052208675027955606,0.23848421481950924,False,False,True,2.574673120353979e-08,COMPLETE
635,0.6902063846588135,2025-04-07 16:37:23.465179,2025-04-07 16:37:52.548860,0 days 00:00:29.083681,0.09040242575283951,0.08587648914134376,8,0.12868601626446619,0.03828799262510087,0.001110630937454545,0.004780722767790683,0.051049742623586046,0.044502245665412894,0.00036593085294682026,19,29,0.055063266001362854,0.22584841191448357,False,False,True,2.2914018111867077e-08,COMPLETE
636,0.6871334075927735,2025-04-07 16:37:52.754679,2025-04-07 16:38:20.717511,0 days 00:00:27.962832,0.08851629795280318,0.08505483671427277,8,0.12861002679468875,0.04578374173910865,0.001015907484524511,0.004633199093712595,0.051623219369239956,0.04389243551974294,0.0003577744687719607,17,30,0.05489609433567575,0.2264867165552498,False,False,True,2.3619302309008027e-08,COMPLETE
637,0.5999215483665467,2025-04-07 16:38:20.911735,2025-04-07 16:38:48.656173,0 days 00:00:27.744438,0.08543848805369875,0.09043593766518884,8,0.12775385336737433,0.05571643012745146,0.0014068189193562918,0.0046922553601783604,0.0518162711900905,0.04374783527834433,0.00037021831542903983,17,33,0.05467077819160557,0.2243957492326688,False,False,True,2.565807713215705e-08,COMPLETE
638,0.5775735497474671,2025-04-07 16:38:48.861714,2025-04-07 16:39:16.745639,0 days 00:00:27.883925,0.08779980777755092,0.08548565031330714,8,0.12189603740158321,0.060360139480574414,0.0027423956603091475,0.0026937700493667597,0.050003008111451475,0.045184475960257396,0.0002853973944440292,17,30,0.055736836729021993,0.24366582241271525,False,False,True,2.344285106771168e-08,COMPLETE
639,0.6086013793945313,2025-04-07 16:39:16.940196,2025-04-07 16:39:45.148493,0 days 00:00:28.208297,0.08812234014398788,0.08862705039380563,8,0.1281098442645509,0.047417066101208744,0.0011096908571366594,0.002268230371531545,0.05477408486194221,0.04728741845404621,0.0005077500354235564,18,33,0.05130465995922491,0.23464699747911605,False,False,True,2.6994958595574724e-08,COMPLETE
640,0.6898843407630921,2025-04-07 16:39:45.354327,2025-04-07 16:40:13.590182,0 days 00:00:28.235855,0.09225922275081526,0.09715629197324485,8,0.12758006309453795,0.0408059626324942,0.003594765379512968,0.004207341348480567,0.04871391365233296,0.04259920414572949,0.0003786916928712853,18,29,0.054158939008960336,0.22536940900582308,False,False,True,2.196933889157537e-08,COMPLETE
641,0.6510228037834168,2025-04-07 16:40:13.787156,2025-04-07 16:40:42.828272,0 days 00:00:29.041116,0.08555092958537155,0.09694729653334087,8,0.1215854496101397,0.043829029632577815,0.0028598552934315986,0.004725105566721133,0.05252066133014905,0.04230194686660024,0.0003564822057016474,18,33,0.054031522708204695,0.23096522011514978,False,False,True,2.760164134778529e-08,COMPLETE
642,0.6798510909080506,2025-04-07 16:40:43.037535,2025-04-07 16:41:12.198526,0 days 00:00:29.160991,0.08565072098653102,0.09876853806617164,8,0.1263734111789532,0.04823428237703954,0.002854209130475045,0.008255230685358184,0.049710471914842826,0.04431944740478349,0.00030105032182974436,19,29,0.056024073462028104,0.2399335467767796,False,False,True,2.2650961500653034e-08,COMPLETE
643,0.6942019820213318,2025-04-07 16:41:12.395771,2025-04-07 16:41:41.474346,0 days 00:00:29.078575,0.09123902549970542,0.08501436107232359,8,0.12230840787555691,0.03999008803752079,0.003936360444908536,0.003973455828757461,0.05076492817948839,0.046262538038209,0.0004300611909526331,18,30,0.053176536317189216,0.2238032307147136,False,False,True,2.2405128191870418e-08,COMPLETE
644,0.6390388607978821,2025-04-07 16:41:41.679604,2025-04-07 16:42:09.151907,0 days 00:00:27.472303,0.08298011470600161,0.0988662256750802,8,0.12169431238110295,0.040850736713220585,0.0014828382817118333,0.001235961219934665,0.050602467625629435,0.04614015716579062,0.0004447511776483249,16,33,0.05000890103406652,0.22479323911929758,False,False,True,2.773809085263626e-08,COMPLETE
645,0.555723237991333,2025-04-07 16:42:09.348117,2025-04-07 16:42:37.701447,0 days 00:00:28.353330,0.08562016508974687,0.08610058415799104,8,0.12104681809399008,0.05427156696665457,0.003850305854112098,0.0038761416857557053,0.05269029669558551,0.04077887231671522,0.00038130170317236085,18,31,0.05328064291007687,0.2355674190511728,False,False,True,2.8325090603639836e-08,COMPLETE
646,0.6939026117324829,2025-04-07 16:42:37.909568,2025-04-07 16:43:06.004001,0 days 00:00:28.094433,0.09461274864441852,0.1034708710391048,8,0.12750029416158626,0.03761227498867512,0.0010959350134987778,0.0031378985816710586,0.04711171370725848,0.043599171649953625,0.0005834332799226174,18,30,0.05450417774715501,0.2232587286354971,False,False,True,2.2809617636328764e-08,COMPLETE
647,0.6911997079849244,2025-04-07 16:43:06.214307,2025-04-07 16:43:34.012758,0 days 00:00:27.798451,0.0798565569832594,0.09455906412795845,8,0.12250407940591616,0.03972733883540365,0.002512280113448198,0.0030540665204766637,0.05133323830099962,0.04349415352359335,0.0006197083835873279,17,30,0.052122379403777105,0.23348686511432276,False,False,True,2.366412255772518e-08,COMPLETE
648,0.5700157403945924,2025-04-07 16:43:34.211294,2025-04-07 16:44:02.781528,0 days 00:00:28.570234,0.08329338808294912,0.09877635803154311,8,0.12172199778729384,0.04016716531350693,0.0029903738700076425,0.0010690901502087924,0.04944462552237883,0.046454129028955675,0.0005074105421191998,18,34,0.04734970551358632,0.24603778063812712,False,False,True,3.037524317636536e-08,COMPLETE
649,0.6932785868644715,2025-04-07 16:44:02.991710,2025-04-07 16:44:30.789950,0 days 00:00:27.798240,0.07879628623678771,0.10389283389304324,8,0.12251109091042965,0.03867753038282175,0.001079563930884419,0.003066274380064899,0.046878548674788065,0.03830666450987522,0.0006702175440090053,17,30,0.05205855769248501,0.23414826445797898,False,False,True,2.2406170787532053e-08,COMPLETE
650,0.6959798693656922,2025-04-07 16:44:30.986617,2025-04-07 16:44:58.838072,0 days 00:00:27.851455,0.08655474715021551,0.10579881266252802,8,0.12083748476367913,0.05124643162872927,0.0011393732213388053,0.002840838868768106,0.05477526963159208,0.03814080378277028,0.0006025053233795315,17,30,0.05118852536188676,0.2360027204578055,False,False,True,2.55286581307962e-08,COMPLETE
651,0.6270267486572265,2025-04-07 16:44:59.048896,2025-04-07 16:45:26.891641,0 days 00:00:27.842745,0.08193344435917527,0.10546088450935295,8,0.12162057855145829,0.04775258361844831,0.001133714765793259,0.0029032077347344695,0.05585530554659593,0.03858554555508582,0.0006226987102985028,17,33,0.05150915098293079,0.23733745943928006,False,False,True,3.1287452543556685e-08,COMPLETE
652,0.5705516695976258,2025-04-07 16:45:27.089723,2025-04-07 16:45:54.502938,0 days 00:00:27.413215,0.07931871655346648,0.11113241726823342,8,0.12100262779827084,0.05568621512617291,0.0028016163637101946,0.0025899423336772876,0.054567621945621626,0.03477274281331266,0.0007891855872510072,16,34,0.053051019406362226,0.24283735654721889,False,False,True,2.5598641628761002e-08,COMPLETE
653,0.6895861029624939,2025-04-07 16:45:54.716313,2025-04-07 16:46:22.313514,0 days 00:00:27.597201,0.07607001908512813,0.10411357973253675,8,0.12130081046008351,0.040342135207319225,0.002961141097999943,0.008279397191887146,0.051056913833363526,0.0367912497042309,0.0006619533103647887,17,30,0.04934242244112614,0.2347835641891435,False,False,True,3.147420658379404e-08,COMPLETE
654,0.5686135649681092,2025-04-07 16:46:22.511953,2025-04-07 16:46:50.245756,0 days 00:00:27.733803,0.07733849765778342,0.10343545463872214,8,0.12064825254917956,0.03989568245936896,0.0011531059463178485,0.008560344403321837,0.053101401778015984,0.03657531787498256,0.0006154204135825673,17,32,0.04890186258256641,0.23580101990223032,False,False,True,3.181002609385276e-08,COMPLETE
655,0.6972237467765809,2025-04-07 16:46:50.459064,2025-04-07 16:47:17.858032,0 days 00:00:27.398968,0.07409182917679766,0.10755146806657082,8,0.1235420954442782,0.05112082099970143,0.0025259167445447774,0.003847098474243656,0.0468178975709482,0.04028834174303569,0.0006861151696531345,16,30,0.045913359405957505,0.23465235438324347,False,False,True,2.5068480638509017e-08,COMPLETE
656,0.602916157245636,2025-04-07 16:47:18.059874,2025-04-07 16:47:46.204151,0 days 00:00:28.144277,0.07501264598064995,0.6229841075465682,8,0.12055829275051547,0.05246626292262802,0.002682106795680167,0.008834803519512553,0.05171201081907406,0.03923338383681389,0.0006869138989698578,17,31,0.05020151956409911,0.24071218035573966,False,False,True,5.265044295284332e-05,COMPLETE
657,0.6352527737617494,2025-04-07 16:47:46.416404,2025-04-07 16:48:12.949868,0 days 00:00:26.533464,0.0700249747744153,0.10704355313375172,8,0.12746850060183237,0.052069543594620946,0.001152395206237593,0.004095107599123974,0.04731371651289004,0.042107949470304135,0.00046040131375074504,15,33,0.04566447578002501,0.22236373395496575,False,False,True,3.146590319183256e-08,COMPLETE
658,0.6238207459449768,2025-04-07 16:48:13.150997,2025-04-07 16:48:40.376346,0 days 00:00:27.225349,0.07631150661815334,0.10185890313087342,8,0.11836294899643782,0.058295744194551705,0.0010934121994021454,0.0038237791335489473,0.04660427956371026,0.03746261161655724,0.0007286573655213183,16,35,0.058928318593189144,0.23465581716368253,False,False,True,2.6267237263652262e-08,COMPLETE
659,0.6941754579544068,2025-04-07 16:48:40.589361,2025-04-07 16:49:08.195997,0 days 00:00:27.606636,0.09341757768213788,0.11042003506239581,8,0.12526690982608052,0.04501197557588876,0.0033012480692356065,0.008873580990230697,0.04652568302724773,0.04072395924638818,0.000444704445601451,16,30,0.04421089703987544,0.24548955599050537,False,False,True,3.1088629979657216e-08,COMPLETE
660,0.5734768271446229,2025-04-07 16:49:08.400493,2025-04-07 16:49:35.414147,0 days 00:00:27.013654,0.09449765670245674,0.11165878502761191,8,0.1271157768573537,0.06777360948346434,0.0035008773273229763,0.004355321578455805,0.04670475488632368,0.0420834223585349,0.000403086930365053,16,34,0.05174761782510924,0.245729931840131,False,False,True,2.3417953826911296e-08,COMPLETE
661,0.6780831456184389,2025-04-07 16:49:35.626529,2025-04-07 16:50:03.270411,0 days 00:00:27.643882,0.0721098563863449,0.35249239911682506,8,0.12847942564839399,0.04727840455839597,0.00388273786098746,0.0029256563709848388,0.04657603197077627,0.04064704835126682,0.0004375201501164694,16,30,0.05440781875277986,0.22109511257045472,False,False,True,2.3103896590836116e-08,COMPLETE
662,0.6839138150215149,2025-04-07 16:50:03.471830,2025-04-07 16:50:29.854316,0 days 00:00:26.382486,0.09578992885538823,0.1139864389671952,8,0.11750849143768474,0.04631932724230201,0.0010747627723150148,0.008163477550014123,0.04926761247746643,0.044277246556221506,0.000531106900702489,15,30,0.05886557392416415,0.24052456630232266,False,False,True,7.860781127399568e-05,COMPLETE
663,0.569022023677826,2025-04-07 16:50:30.070444,2025-04-07 16:50:59.000534,0 days 00:00:28.930090,0.07455018008780963,0.10098400836985506,8,0.12829196841965756,0.042825411849888216,0.004033427804038275,0.004559456205884907,0.05359250350522171,0.04330732962563398,0.0004431639815896259,18,34,0.044075072110144636,0.2492439665845534,False,False,True,3.2255789856879404e-08,COMPLETE
664,0.6791938185691834,2025-04-07 16:50:59.203911,2025-04-07 16:51:27.001420,0 days 00:00:27.797509,0.09682187990908979,0.08706960341928932,8,0.12285806822880761,0.05202799087315099,0.002951453935673684,0.0026756662167208875,0.0489407190412045,0.04529740424233503,0.00034063031478390204,17,29,0.054458652808814,0.23332360596035787,False,False,True,2.6315330269722932e-08,COMPLETE
665,0.5694857716560364,2025-04-07 16:51:27.216209,2025-04-07 16:51:55.502955,0 days 00:00:28.286746,0.07454864378890994,0.11093859289301912,8,0.11809934937846395,0.03808339850824649,0.0010493527428721062,0.007813571611540004,0.046372558688940246,0.04051625545685217,0.0005521626409861094,18,32,0.04713409246975428,0.22090839239992643,False,False,True,2.221069370245681e-08,COMPLETE
666,0.6922417998313904,2025-04-07 16:51:55.717450,2025-04-07 16:52:23.441441,0 days 00:00:27.723991,0.08669837717720291,0.08636842731326388,8,0.12936749267042078,0.03730681325796035,0.004011843738246518,0.0050328142685055095,0.051220540603384386,0.045989282126863755,0.00039450000859948586,17,29,0.05200604341729808,0.23126757727793526,False,False,True,1.6809940480672708e-05,COMPLETE
667,0.571236801147461,2025-04-07 16:52:23.654180,2025-04-07 16:52:51.184832,0 days 00:00:27.530652,0.0723943348318227,0.08216154906097746,8,0.1301140719221004,0.06355616737396412,0.004293612444256136,0.005456678272925301,0.05752368435703289,0.045740636054977524,0.0008430665146406967,16,32,0.05128249555357604,0.2330155640243663,False,False,True,3.004853981142763e-07,COMPLETE
668,0.5698014497756958,2025-04-07 16:52:51.402747,2025-04-07 16:53:19.365527,0 days 00:00:27.962780,0.0949362080180488,0.11306119411537419,8,0.12383500882329734,0.03611098243359469,0.0025695354448381624,0.0011380078526466268,0.05142631557402418,0.04657892057039438,0.0002839824675043938,17,34,0.05821179701357944,0.24071864296679338,False,False,True,7.6136094023471914e-06,COMPLETE
669,0.6827613234519958,2025-04-07 16:53:19.568978,2025-04-07 16:53:46.294044,0 days 00:00:26.725066,0.09037670474304854,0.083549185639566,8,0.12978546149463072,0.04510261622936478,0.00432835552757218,0.00946353550693375,0.05446759527171982,0.03941584861960098,0.00047794930299260787,16,29,0.052200376213319355,0.23041286984743134,False,False,True,5.5054120747999746e-06,COMPLETE
670,0.699268400669098,2025-04-07 16:53:46.513400,2025-04-07 16:54:14.043692,0 days 00:00:27.530292,0.07281688981542936,0.08013062958328188,8,0.11789070913733114,0.035161879799682404,0.0028425273664190644,0.0030630246774074896,0.051209148483092756,0.043953647517429785,0.0003196368252053521,17,35,0.0424187533372071,0.24801005726193923,False,False,True,3.2968222249567305e-08,COMPLETE
671,0.5456116318702698,2025-04-07 16:54:14.248395,2025-04-07 16:54:42.111852,0 days 00:00:27.863457,0.4691027726686475,0.1059595966653403,8,0.11780697284142798,0.03684608184330471,0.0010269453743610038,0.007121943778351019,0.052762516648207164,0.04688090081218051,0.00027467567012943095,17,34,0.04257325058335671,0.24662164216562474,False,False,True,3.455596990664522e-08,COMPLETE
