number,value,datetime_start,datetime_complete,duration,params_alpha-eval,params_alpha-train,params_batch-size,params_eps-eval,params_eps-train,params_lambda-actions-eval,params_lambda-actions-train,params_lambda-frames-eval,params_lambda-frames-train,params_learning-rate,params_n-epochs,params_n-frames,params_radius-gw,params_rho,params_std-feats,params_ub-actions,params_ub-frames,params_weight-decay,state
1178,0.5937108516693116,2025-04-21 03:10:23.811465,2025-04-21 03:10:57.474907,0 days 00:00:33.663442,0.1376329791412646,0.4298797769269508,8,0.15435491264836151,0.02319421421206938,0.044040580900986545,0.035939274542541665,0.08958025157048613,0.07020789614420558,2.2389868631919596e-05,19,33,0.011435617371013866,0.26949649552968763,True,False,False,2.6140898455650502e-05,COMPLETE
1179,0.09069270193576813,2025-04-21 03:10:57.851933,2025-04-21 03:11:43.751009,0 days 00:00:45.899076,0.9818955656498313,0.08557388260663723,2,0.18801581426048553,0.0043299742252324224,0.0571023357897767,0.01606259149358713,0.09401556994925554,0.056623456396031266,5.3671190414092624e-05,8,36,0.009478385741564267,0.25126572626391924,True,False,False,4.2162873889198636e-06,COMPLETE
1180,0.4657058954238892,2025-04-21 03:11:44.129620,2025-04-21 03:12:22.598062,0 days 00:00:38.468442,0.9615807251012793,0.1122777113139566,2,0.28046071893119373,0.011920936975899639,0.049827584366250864,0.007396559105507639,0.09684459317054048,0.05961166067354271,3.8366128204973064e-05,7,43,0.005202638551051584,0.18724605633939462,True,True,False,1.90228606221329e-05,COMPLETE
1181,0.5485365390777588,2025-04-21 03:12:22.980319,2025-04-21 03:13:00.703457,0 days 00:00:37.723138,0.9990587055168898,0.059065269375890087,2,0.1635152164814069,0.018946378797925496,0.055602257401822466,0.014311607343342022,0.07245451155051526,0.05117664156478976,4.564542579624491e-05,5,40,0.012373070719708197,0.26377747156806514,True,False,False,6.97084221359529e-05,COMPLETE
1182,0.5692072033882142,2025-04-21 03:13:01.084057,2025-04-21 03:13:41.519341,0 days 00:00:40.435284,0.4744265604854223,0.1396292599802288,2,0.13366747721830408,0.027696873154408934,0.0596134414204195,0.010303096297011562,0.07459033210696907,0.05391191228724426,6.552540326999129e-05,6,31,0.0426612551412045,0.27825108278690336,True,False,False,4.579494267029204e-05,COMPLETE
1183,0.09069270193576813,2025-04-21 03:13:41.900281,2025-04-21 03:14:22.318858,0 days 00:00:40.418577,0.9316765469049558,0.8555255697312427,2,0.15567136913042387,0.00011325756070211176,0.052457935034664234,0.012200372941366779,0.09110247886715143,0.0812291960534191,2.6637867981836263e-05,6,37,0.007757885488608025,0.24232022021385896,True,False,False,9.746713640704827e-07,COMPLETE
1184,0.6375189900398255,2025-04-21 03:14:22.701245,2025-04-21 03:15:10.093975,0 days 00:00:47.392730,0.9989261910898912,0.09258300459301493,2,0.16698860525946618,0.012268588523294986,0.05397638243228968,0.0948766910942149,0.09345207728050295,0.06817909762715006,3.438555914429913e-05,8,34,0.0026431341618365256,0.24836969271481552,True,False,False,3.054309969129954e-05,COMPLETE
1185,0.6574290633201599,2025-04-21 03:15:10.475999,2025-04-21 03:15:55.467482,0 days 00:00:44.991483,0.3937121003487577,0.12007149897878722,2,0.07514910223036786,0.01962939293975807,0.05796605079246664,0.01053852810245717,0.09615617232484008,0.052316272703667184,5.465071391140647e-05,7,20,0.006183731538026635,0.08507844142384278,True,False,False,2.1887820100469734e-06,COMPLETE
1186,0.36183273792266846,2025-04-21 03:15:55.852842,2025-04-21 03:16:33.525641,0 days 00:00:37.672799,0.9654235036458245,0.8145240504649818,2,0.17941836338673772,0.03883778646219008,0.05098044081076303,0.007675176560058786,0.09152193818169248,0.09140500227672028,4.2934825797452696e-05,5,27,0.0011685708677375648,0.2538316636833531,False,False,False,1.8173516860761498e-06,COMPLETE
1187,0.15112051069736482,2025-04-21 03:16:33.907805,2025-04-21 03:17:36.551004,0 days 00:01:02.643199,0.9995230616120053,0.05956064063114534,2,0.1485106844940754,0.008774207718741626,0.009431859960640367,0.03915229917508539,0.08860757973780876,0.055528514630351966,2.1266261497076714e-05,16,42,0.02876987007659907,0.26912326132976755,True,False,True,1.1422017959388263e-05,COMPLETE
1188,0.7673960924148561,2025-04-21 03:17:36.931736,2025-04-21 03:18:21.329376,0 days 00:00:44.397640,0.9440340980943466,0.08353498145366457,2,0.14323452976631615,0.016018237981355085,0.05590620990414173,0.03533481110151619,0.07115044153858902,0.04942993161020571,3.062641110993355e-05,7,38,0.010050283323161723,0.25904861716570404,True,False,False,2.269766039068128e-05,COMPLETE
1189,0.5750749111175537,2025-04-21 03:18:21.714138,2025-04-21 03:18:47.544359,0 days 00:00:25.830221,0.1788457735405311,0.10166207817271167,8,0.1579356432778788,0.03153427073575011,0.03865382141403069,0.05188178678555617,0.07867205119925542,0.01068293136114828,6.77012122678283e-05,8,117,0.013079004536462612,0.27613055733141634,True,False,False,5.11082006707715e-05,COMPLETE
1190,0.6135233998298646,2025-04-21 03:18:47.932828,2025-04-21 03:19:28.632029,0 days 00:00:40.699201,0.9671341248028956,0.14559335508264096,2,0.20311293014402002,0.025542960097140455,0.048153359118761,0.014365842762430917,0.09458240653164685,0.0717045259490732,5.1402502866640425e-05,6,33,0.004536606320971844,0.16755654397180292,True,False,False,1.512474673529889e-06,COMPLETE
1191,0.09069270193576813,2025-04-21 03:19:29.016298,2025-04-21 03:20:05.810123,0 days 00:00:36.793825,0.4387302802697101,0.2021075814608587,2,0.2536936511982292,0.006547247905515068,0.06076581336589324,0.08728815478733784,0.09690709269831196,0.0585903119129882,3.8894043155329784e-05,5,47,0.009054959739471432,0.2657944573687715,True,False,False,3.1698717019481323e-06,COMPLETE
1192,0.546950101852417,2025-04-21 03:20:06.194316,2025-04-21 03:20:50.266762,0 days 00:00:44.072446,0.9191471007133917,0.26275310427077514,2,0.1390966094825219,0.013263881387915483,0.05252158627535397,0.016513954755895722,0.08526631406595826,0.05085509492509322,2.430913579506276e-05,7,40,0.012162907095346715,0.2552782765136167,True,False,False,2.5160016720323912e-08,COMPLETE
1193,0.45302715301513674,2025-04-21 03:20:50.652703,2025-04-21 03:21:30.902453,0 days 00:00:40.249750,0.9823188898587124,0.060780835167777665,2,0.17383829034437356,0.02226008950681153,0.05848025256543592,0.008614250052699357,0.09253602243478051,0.05294772554367411,5.8685282387029265e-05,6,35,0.05932290735453927,0.24434824689709295,True,False,False,3.689929232568e-05,COMPLETE
1194,0.36849987506866455,2025-04-21 03:21:31.289176,2025-04-21 03:22:18.735272,0 days 00:00:47.446096,0.956892834883797,0.24772240669943169,2,0.15166043603316626,0.017014087065831074,0.05470627207651093,0.012362042007301165,0.06947551559526573,0.06929276624694596,7.229459145158455e-05,8,44,0.006712862297203158,0.2611354233793474,True,False,False,1.5321698181048004e-05,COMPLETE
1195,0.09069270193576813,2025-04-21 03:22:19.120771,2025-04-21 03:23:02.451994,0 days 00:00:43.331223,0.9787880461829206,0.12544788053612987,2,0.16501013099462503,0.004292744716848746,0.0564171318541598,0.01105002578249931,0.08927062691664728,0.0936902968328226,4.503899143552692e-05,7,31,0.014102761112471239,0.27366857156847396,True,False,False,2.6829102476321306e-05,COMPLETE
1196,0.4569679439067841,2025-04-21 03:23:02.839043,2025-04-21 03:23:40.328450,0 days 00:00:37.489407,0.9435887012701907,0.16501442556212742,2,0.133562297364234,0.010398561312347027,0.05034096950743635,0.00598635562299848,0.09512206741484432,0.08428691103029336,3.21706121863852e-05,5,37,0.06382102276772314,0.24929262475995093,True,False,False,4.4028225883315e-05,COMPLETE
1197,0.6481834053993225,2025-04-21 03:23:40.716055,2025-04-21 03:24:21.892088,0 days 00:00:41.176033,0.8844761736155078,0.08001797426012108,2,0.16107847103089565,0.019717318634740723,0.05384722500280775,0.036928325451746555,0.0974439464741836,0.060816322867093285,3.7293255962951366e-05,6,29,0.010303760991539785,0.2796159266648082,False,False,False,1.963116344809352e-05,COMPLETE
1198,0.5712257981300355,2025-04-21 03:24:22.279690,2025-04-21 03:25:06.293870,0 days 00:00:44.014180,0.9807982596071333,0.32844029041823997,2,0.15091817672719457,0.03179409974029814,0.06021104116692976,0.017989793378673905,0.07647452279301463,0.05615577349865786,0.033871269225622315,7,40,0.004364830163651349,0.23961031524016865,True,False,False,6.036681978493557e-05,COMPLETE
1199,0.18343714475631717,2025-04-21 03:25:06.680776,2025-04-21 03:25:26.280505,0 days 00:00:19.599729,0.9272571958809278,0.10395088503995187,8,0.1704786927953472,0.01185389288536819,0.030305723011313717,0.034946481322871085,0.09048693631874406,0.05470176377614147,1.9394452954933382e-05,5,15,0.001033370139092904,0.2677161382902872,True,True,False,3.037908215606828e-05,COMPLETE
1200,0.09069270193576813,2025-04-21 03:25:26.669680,2025-04-21 03:26:06.959278,0 days 00:00:40.289598,0.9710733488448645,0.08004849556230953,2,0.19197856832335813,0.005116916229049775,0.0572157825849117,0.01317483592176234,0.09238450644052293,0.05021483340175193,5.391931372555806e-05,6,35,0.006775306661950007,0.25694670754146853,True,False,False,3.220707361067262e-05,COMPLETE
1201,0.5712534666061402,2025-04-21 03:26:07.347674,2025-04-21 03:26:54.695970,0 days 00:00:47.348296,0.06889222717469495,0.11734749696360433,2,0.2385661281622808,0.025839624957490166,0.05191525245588153,0.00891556999516481,0.07446638871381268,0.014522240056467383,2.7993063698264973e-05,8,37,0.008734677024773681,0.11886981060849712,True,False,False,2.533775269212305e-06,COMPLETE
1202,0.5508913159370423,2025-04-21 03:26:55.083931,2025-04-21 03:27:35.762260,0 days 00:00:40.678329,0.9995529140438469,0.1359833794676026,2,0.1468726576234778,0.017274518470373253,0.054815550478162285,0.09176702896420667,0.09383329326566542,0.0680421968500092,7.005359368106503e-05,6,42,0.013234350286040007,0.26251774801257594,True,False,False,2.15961931456042e-05,COMPLETE
1203,0.6312371373176575,2025-04-21 03:27:36.152981,2025-04-21 03:28:19.906242,0 days 00:00:43.753261,0.9475909160809448,0.05709467707245848,2,0.15663658301786504,0.010830815856768601,0.02656813192822859,0.015140926680358206,0.08676585388219277,0.07359100631656472,4.6596629399457275e-05,7,32,0.010906691936700191,0.2743521331130735,True,False,False,1.5266567072266425e-05,COMPLETE
1204,0.8104527950286866,2025-04-21 03:28:20.294443,2025-04-21 03:28:58.016144,0 days 00:00:37.721701,0.9998794450191499,0.09670002434673347,2,0.14071623960290308,0.02071402020402382,0.04886737822779045,0.011190255963960378,0.08053891569194604,0.05771501477927527,3.943791557077165e-05,5,39,0.0034765009549624563,0.2505938830700163,True,False,False,4.377740951689859e-05,COMPLETE
1205,0.5852817058563233,2025-04-21 03:28:58.406401,2025-04-21 03:29:36.236766,0 days 00:00:37.830365,0.6014026426528928,0.12168409223565614,2,0.13171488805593407,0.03569681110332602,0.04667137233331235,0.006587746537859932,0.0760547788178428,0.06044923327815786,2.9229269219184968e-05,5,46,0.0032749935529670466,0.14702578388297047,True,False,False,5.884954356972531e-05,COMPLETE
1206,0.09124026894569398,2025-04-21 03:29:36.626839,2025-04-21 03:30:09.757554,0 days 00:00:33.130715,0.9846148976726081,0.10444314042371917,2,0.13777495231345396,0.028564754855242118,0.044098279008313,0.009492652382657148,0.07867005636893892,0.05966932508080509,3.4746850402417006e-05,5,44,0.0025064494279202743,0.24073856511621214,True,False,True,6.886125925290979e-05,COMPLETE
1207,0.5498781561851502,2025-04-21 03:30:10.146725,2025-04-21 03:30:48.061840,0 days 00:00:37.915115,0.9826088786463059,0.14334731631246245,2,0.13719698162255833,0.025391455833966074,0.04497178223499957,0.006139773821465509,0.08375044742295917,0.058248017627626665,2.6626341774530554e-05,5,40,0.0036041016820069324,0.24625309780800536,True,False,False,5.140847876936384e-05,COMPLETE
1208,0.5839625835418701,2025-04-21 03:30:48.453092,2025-04-21 03:31:26.446831,0 days 00:00:37.993739,0.9984171817112802,0.09967356861475181,2,0.1317270068782704,0.041994191174810964,0.047442575385359245,0.010169977691993327,0.08075470005111905,0.05760455415459265,3.7203293180001e-05,5,42,0.005028056295281953,0.2468911880956542,True,False,False,4.486284722382332e-05,COMPLETE
1209,0.3568248987197876,2025-04-21 03:31:26.838498,2025-04-21 03:31:46.338141,0 days 00:00:19.499643,0.48179602146989914,0.12381633893904395,16,0.13756743906941296,0.032834572041402735,0.048021895194197306,0.00901955213384425,0.08044920374628645,0.06108853517198862,2.4341155764212953e-05,5,50,0.0026052550589633285,0.10798878174707477,False,False,False,7.809417965105543e-05,COMPLETE
1210,0.7811633110046388,2025-04-21 03:31:46.728485,2025-04-21 03:32:06.284652,0 days 00:00:19.556167,0.9847709646568923,0.15847382665109055,16,0.14098209699614384,0.023970356296486944,0.04876651711887584,0.01135800523973791,0.08116064929827602,0.059061585201758554,3.164658474064573e-05,5,39,0.0030632070254442904,0.23859366268319326,True,False,False,4.216080015000399e-05,COMPLETE
1211,0.4116933047771454,2025-04-21 03:32:06.675456,2025-04-21 03:32:28.756369,0 days 00:00:22.080913,0.5214544656671872,0.0971613491804941,8,0.12898638893528355,0.021268927899619615,0.04594161622748275,0.03469699727069184,0.07983547967609678,0.05735299282374114,4.0412510366592736e-05,5,47,0.005755860981093239,0.249470239370264,True,False,False,6.461002822195507e-05,COMPLETE
1212,0.5462154269218444,2025-04-21 03:32:29.145436,2025-04-21 03:33:07.019970,0 days 00:00:37.874534,0.9996452703419738,0.133683717525416,2,0.14254936206109897,0.03074503717672468,0.050021992189141405,0.007033825417688641,0.0823065977969831,0.07054594229283605,3.2248513621551744e-05,5,35,0.0013326722386083085,0.29423715150261526,True,False,False,5.065518670165873e-05,COMPLETE
1213,0.513270926475525,2025-04-21 03:33:07.412756,2025-04-21 03:33:27.470313,0 days 00:00:20.057557,0.4628566926808859,0.11133772430509511,16,0.1290355989967213,0.019676394647159794,0.049000665210603284,0.038580328732094105,0.07876211179285453,0.06200360344784214,2.0555601479006672e-05,5,43,0.004988560063966802,0.23403703075392226,True,False,False,8.578712181531742e-05,COMPLETE
1214,0.7902596950531007,2025-04-21 03:33:27.864079,2025-04-21 03:34:05.458208,0 days 00:00:37.594129,0.2984989259277241,0.09655328867727983,2,0.14179438120875187,0.024988593599071345,0.04641040523548115,0.011571557056763113,0.08320081587779848,0.07828963520439021,3.876563824558855e-05,5,39,0.0044459819002485735,0.28383949622207283,True,False,False,4.136614940130874e-05,COMPLETE
1215,0.751468014717102,2025-04-21 03:34:05.849749,2025-04-21 03:34:25.937174,0 days 00:00:20.087425,0.5477446560576011,0.18185757738618685,16,0.14653917222795101,0.03667661958665913,0.04338791730752141,0.08411872370067838,0.07788328718946783,0.057167106390262436,2.6005379314576398e-05,6,33,0.007884014037085434,0.2528525561653363,True,False,False,5.4570350334240744e-05,COMPLETE
1216,0.07782695591449738,2025-04-21 03:34:26.331134,2025-04-21 03:34:58.856589,0 days 00:00:32.525455,0.99957719862821,0.08661985670659882,2,0.13428511152307537,0.017227237863255234,0.049353763225561335,0.07142671024586114,0.07975140733452409,0.01697387822725808,4.1887040824071134e-05,5,25,0.005638599257273405,0.27787131175859164,True,True,False,3.831661024990858e-05,COMPLETE
1217,0.44235438704490665,2025-04-21 03:34:59.253225,2025-04-21 03:35:19.131997,0 days 00:00:19.878772,0.9625361898144226,0.12556703896330218,16,0.2613199072488135,0.026653136133011655,0.050363710180892106,0.00907201181209258,0.0817967928106252,0.06091916663300833,3.202327061833363e-05,5,37,0.0028706029116585645,0.24278819967725987,True,False,False,5.04497890900777e-06,COMPLETE
1218,0.5301658868789674,2025-04-21 03:35:19.524913,2025-04-21 03:35:42.679533,0 days 00:00:23.154620,0.9709883017740659,0.22840781937783047,16,0.14199218196471328,0.01937123070904112,0.05009475313063407,0.03683028102181862,0.07653429151762911,0.05602276863742103,1.8055441802049767e-05,11,79,0.006703700200440987,0.03831253977107889,True,False,False,1.4852624002150146e-06,COMPLETE
1219,0.5107200384140015,2025-04-21 03:35:43.070051,2025-04-21 03:36:24.530112,0 days 00:00:41.460061,0.9483612355925534,0.7656343052145689,2,0.13038423590423265,0.014916095317631117,0.051572558755245926,0.03423302576805814,0.08016777660766511,0.07196338841894373,3.753020789250126e-05,6,41,0.0012127756290511516,0.26814760928638565,True,False,False,3.661535091650243e-05,COMPLETE
1220,0.40111150145530705,2025-04-21 03:36:24.924289,2025-04-21 03:36:44.872191,0 days 00:00:19.947902,0.49094046329717317,0.15387432705349058,16,0.1813131401301866,0.023737201815429654,0.049184595074355214,0.012577393525600125,0.07750939371271524,0.0418795947417798,2.422520875143406e-05,6,45,0.00444856724268607,0.25936254093545286,False,False,False,5.0583966544294396e-05,COMPLETE
1221,0.6789025425910951,2025-04-21 03:36:45.263546,2025-04-21 03:37:22.874555,0 days 00:00:37.611009,0.9028052084833686,0.10938938491876023,2,0.14831574077181015,0.015427927417091149,0.04234547359516146,0.09621146354635257,0.0038072152442179368,0.05892901667368958,4.662178990986548e-05,5,30,0.007575673332789417,0.2511819648665651,True,False,False,2.138327535921297e-06,COMPLETE
1222,0.45243077874183657,2025-04-21 03:37:23.266385,2025-04-21 03:37:42.795701,0 days 00:00:19.529316,0.4373450586499006,0.08247038968034244,16,0.14086058683831693,0.15299650065539855,0.04605656027273203,0.0055574788151042005,0.0816988755537327,0.0756200188925646,2.993331079248415e-05,5,35,0.006073642665620301,0.28154704694260263,True,False,False,4.303571510231943e-05,COMPLETE
1223,0.5827843070030213,2025-04-21 03:37:43.188265,2025-04-21 03:38:24.602900,0 days 00:00:41.414635,0.9676656382152767,0.6857080773105257,2,0.1457459691738895,0.029067855609061624,0.04747531887866729,0.00822095963890515,0.07468885027829186,0.06929985833463156,0.05788722136595188,6,39,0.003866954609660328,0.27231791531562266,True,False,False,6.439363822142625e-05,COMPLETE
1224,0.23551444411277772,2025-04-21 03:38:24.994755,2025-04-21 03:38:43.456574,0 days 00:00:18.461819,0.9801693187452583,0.13672341161483254,16,0.1350789430214191,0.00481729750551727,0.051967750135503685,0.09007757307382085,0.07815421587656203,0.06716131625153944,4.537899666561605e-05,6,27,0.09760064108268057,0.26542534354618413,True,False,True,1.2248347403670193e-06,COMPLETE
1225,0.09069270193576813,2025-04-21 03:38:43.849909,2025-04-21 03:39:23.253403,0 days 00:00:39.403494,0.25819915486732203,0.11084458575405508,2,0.15137592083757545,0.00013236038319794363,0.052804750838835644,0.012369520595144949,0.07329651265852656,0.05524432788374905,3.4509121054495886e-05,6,33,0.008605072023828255,0.28890174608676605,True,False,False,3.45645585000124e-06,COMPLETE
1226,0.5154117941856384,2025-04-21 03:39:23.646356,2025-04-21 03:39:43.424504,0 days 00:00:19.778148,0.9846159101210242,0.0782321554516261,16,0.1265560579235564,0.021356566637331854,0.0513063744468066,0.044980293150651114,0.08343223743969136,0.020506355529370704,0.004554690185796082,5,37,0.0067352600006008664,0.2593845954813922,True,False,False,3.550224831078642e-05,COMPLETE
1227,0.3521655321121216,2025-04-21 03:39:43.818586,2025-04-21 03:40:03.726215,0 days 00:00:19.907629,0.9998994316759223,0.10232913245497566,16,0.19711479095371645,0.009716147374878166,0.04751020551144199,0.010068970465566837,0.08592849122923608,0.05768330211286658,7.932470887565749e-05,6,22,0.002843271919153864,0.24227428352226224,True,False,False,1.717878376359224e-06,COMPLETE
1228,0.5383241057395936,2025-04-21 03:40:04.120125,2025-04-21 03:41:46.151367,0 days 00:01:42.031242,0.4184835491598356,0.12711375880695133,2,0.18689539718946202,0.015580363344389319,0.060528154124468554,0.013891155715739862,0.07644782331231613,0.06223772337147257,2.2769422246355954e-05,25,42,0.001038452009151366,0.2540615621004511,True,False,False,7.287600419965338e-06,COMPLETE
1229,0.4673010587692261,2025-04-21 03:41:46.545858,2025-04-21 03:42:06.453381,0 days 00:00:19.907523,0.9531966463391249,0.17170980582698125,16,0.151663020703423,0.030796477714866273,0.052725162054688524,0.040931740093452074,0.08956530191047916,0.04699148412657186,2.928095008671117e-05,6,31,0.00872521749630294,0.27112654227843025,True,False,False,7.489780770413567e-05,COMPLETE
1230,0.6543195486068726,2025-04-21 03:42:06.848901,2025-04-21 03:42:44.080005,0 days 00:00:37.231104,0.9281858385722659,0.0854811594043251,2,0.1737987171221956,0.021750123470891294,0.04943674862962704,0.010826910486690277,0.07943987345008892,0.04879959712607673,5.846210814025914e-05,5,35,0.004935610241897334,0.050841101243230345,True,False,False,3.1414733000738904e-05,COMPLETE
1231,0.570970356464386,2025-04-21 03:42:44.474772,2025-04-21 03:43:04.205866,0 days 00:00:19.731094,0.9998086115949467,0.07300391731771741,16,0.16649567710577348,0.009800459682092904,0.058509598717366926,0.007816873030704448,0.0612410317082285,0.04371991438370686,0.00014360417169652132,5,39,0.006614303199344872,0.24847746067775794,False,False,False,5.3139284817969625e-05,COMPLETE
1232,0.6532056570053101,2025-04-21 03:43:04.598817,2025-04-21 03:43:45.460516,0 days 00:00:40.861699,0.9624750976848959,0.14923195218839602,2,0.13809140707838843,0.05917571142166944,0.05329347953653042,0.034308346147255864,0.07118801179773598,0.06809268585828805,4.3203152782500904e-05,6,45,0.009696486515902526,0.12589299414459137,True,False,False,4.114349533918061e-05,COMPLETE
1233,0.6817140221595764,2025-04-21 03:43:45.852285,2025-04-21 03:44:08.260828,0 days 00:00:22.408543,0.9769721982609719,0.11519294665144995,8,0.14563111852966643,0.01461042931202406,0.05113868222168981,0.0740326552485297,0.08490332034099804,0.07079222267549812,9.401069102404991e-05,5,37,0.00425331498110785,0.27912092491510127,True,False,False,8.486455652448021e-07,COMPLETE
