number,value,datetime_start,datetime_complete,duration,params_alpha-eval,params_alpha-train,params_batch-size,params_eps-eval,params_eps-train,params_lambda-actions-eval,params_lambda-actions-train,params_lambda-frames-eval,params_lambda-frames-train,params_learning-rate,params_n-epochs,params_n-frames,params_radius-gw,params_rho,params_std-feats,params_ub-actions,params_ub-frames,params_weight-decay,state
952,0.3815940797328949,2025-04-07 18:55:08.569828,2025-04-07 18:55:33.048723,0 days 00:00:24.478895,0.054813951964579444,0.16119732585167137,8,0.14530857774090383,0.030158834440380363,0.005950807356448896,0.008939814649535065,0.07773834750453285,0.038278537032774375,0.0009077448891191695,12,75,0.03952133905676656,0.26049365126886953,False,False,True,4.2943538675342774e-05,COMPLETE
953,0.7033887863159181,2025-04-07 18:55:33.353610,2025-04-07 18:55:58.334967,0 days 00:00:24.981357,0.07900834862539763,0.1460877080426597,8,0.1595364470857284,0.04314207203716038,0.008843388605247297,0.005739193634186853,0.08333248428537213,0.04209924642597856,0.001088541795936868,13,31,0.042860229802432426,0.2453018630144267,False,False,True,2.9072629654646174e-07,COMPLETE
954,0.685955011844635,2025-04-07 18:55:58.623973,2025-04-07 18:56:22.384092,0 days 00:00:23.760119,0.026699447536558625,0.24582662061394622,8,0.15049499097304347,0.02188149494653316,0.01194660869632409,0.006971219972264962,0.0678657174802579,0.035061125087983806,0.0008988456887551195,11,25,0.04831130519623239,0.2674084377813689,False,False,True,5.582921355851445e-05,COMPLETE
955,0.4410713732242585,2025-04-07 18:56:22.687825,2025-04-07 18:56:48.769291,0 days 00:00:26.081466,0.6216034521531805,0.21032898247995205,8,0.1453099861244425,0.037678261658900744,0.006420510524325861,0.011831380457036494,0.07085212313693427,0.03692877502025219,0.001410789250344956,14,35,0.03731878855077196,0.25554477906504447,False,False,True,6.174646762333922e-07,COMPLETE
956,0.5704799890518188,2025-04-07 18:56:49.075270,2025-04-07 18:57:13.570595,0 days 00:00:24.495325,0.050257113183444335,0.13891587052493404,8,0.14036246581093717,0.033067004542304795,0.009976458843460195,0.00945238907607554,0.07725628397962556,0.04031745596487009,0.0009671899850871052,12,32,0.04125168608517582,0.24956880565456313,False,False,True,9.811488855964674e-05,COMPLETE
957,0.5712534666061402,2025-04-07 18:57:13.878301,2025-04-07 18:57:38.761532,0 days 00:00:24.883231,0.07058505544489171,0.1822173126493259,8,0.1467581336748791,0.027218620839244985,0.012987194042608322,0.005505006445901557,0.0745798549121063,0.03428310653683005,0.000867801599210076,13,38,0.04397514617905896,0.2611208124802183,False,False,True,8.384189047341093e-07,COMPLETE
958,0.4137599170207978,2025-04-07 18:57:39.068960,2025-04-07 18:58:03.844499,0 days 00:00:24.775539,0.04660114681448615,0.3055890568818164,8,0.15390858775657237,0.050754005960827915,0.014737662072158146,0.008037577917582221,0.06540490076506068,0.03900323346282446,0.0011607896377777878,12,123,0.045460670252931774,0.2419059006045617,False,False,True,4.5781779362452136e-07,COMPLETE
959,0.6929265141487122,2025-04-07 18:58:04.136974,2025-04-07 18:58:29.071343,0 days 00:00:24.934369,0.026096424317291804,0.15824919857375153,8,0.13804328850780087,0.022848975263822402,0.008197812202993992,0.013657968193886068,0.07495265225748794,0.04264241759127057,0.0007853763504508966,13,29,0.039877187231540656,0.2554903886882132,False,False,True,2.57290604196896e-07,COMPLETE
960,0.7155362844467164,2025-04-07 18:58:29.375827,2025-04-07 18:58:53.192080,0 days 00:00:23.816253,0.07134193640189418,0.22271987905525537,8,0.16015549936233783,0.03659376678557453,0.006032902137208002,0.010184640767265489,0.07242642333820487,0.03704796913665771,0.0018844656620911019,11,35,0.04657955295512779,0.23828075457883363,False,False,True,7.563554882564573e-05,COMPLETE
961,0.6105569362640381,2025-04-07 18:58:53.499081,2025-04-07 18:59:17.355200,0 days 00:00:23.856119,0.0784274132745686,0.20583220840242172,8,0.16807815301661164,0.046906187597781965,0.009524531500381074,0.01131313387018257,0.07196127829195022,0.03629929651948036,0.002146209799016145,11,41,0.04868216674974533,0.23686283345324133,False,False,True,8.079041518629461e-05,COMPLETE
962,0.5708297729492188,2025-04-07 18:59:17.668495,2025-04-07 18:59:41.030214,0 days 00:00:23.361719,0.07923400260042036,0.22093162665771474,8,0.1736741693428661,0.04055313484129763,0.007310341129106631,0.01250960739004288,0.06910139277582662,0.03499810984696724,0.001573835310628847,10,37,0.04767176002182744,0.24967375468142475,False,False,True,7.282364532600484e-05,COMPLETE
963,0.09069270193576813,2025-04-07 18:59:41.342312,2025-04-07 19:00:03.911439,0 days 00:00:22.569127,0.010002843565201067,0.24844517054295923,8,0.16557958119917926,0.04445391950656805,0.011024802223661655,0.009953367293101494,0.07302686133807995,0.03743014699574432,0.0019082797683760433,10,35,0.046677533945881776,0.23725688093380118,False,True,True,6.232526482064082e-05,COMPLETE
964,0.5712534666061402,2025-04-07 19:00:04.207650,2025-04-07 19:00:28.345301,0 days 00:00:24.137651,0.059734207898002066,0.23286877704955738,8,0.15469577644330013,0.037397694149088515,0.006115733609941106,0.013757127844476861,0.07554637062797107,0.03398416685894116,0.004415145645538884,11,40,0.04492662509676998,0.26454934069633884,False,False,True,0.00011996887381199486,COMPLETE
965,0.5700310111045838,2025-04-07 19:00:28.652680,2025-04-07 19:00:52.436304,0 days 00:00:23.783624,0.039905823694733084,0.26260251353363867,8,0.16401620375765502,0.03530490118597847,0.00927398576525216,0.01095163740348672,0.07122333521129703,0.03673047484894325,0.0018171867914623533,11,37,0.049137993327430816,0.24741483694777422,False,False,True,9.252580049064195e-05,COMPLETE
966,0.4179747045040131,2025-04-07 19:00:52.744552,2025-04-07 19:01:18.239214,0 days 00:00:25.494662,0.5466293070521625,0.20860994609788944,8,0.15871421335144506,0.05134954122616044,0.0078708701234314,0.009240269908289769,0.0675678432328382,0.0336266289138335,0.0030691362014844304,14,34,0.04641529493061856,0.25596334545119503,False,False,True,4.72604991937343e-05,COMPLETE
967,0.5704677700996399,2025-04-07 19:01:18.548848,2025-04-07 19:01:42.097045,0 days 00:00:23.548197,0.07291064920441882,0.2213237281446232,8,0.17505427743254265,0.041733100448798764,0.012883187683999493,0.012632631701142576,0.0725796034515773,0.03829394267726746,0.0015598351030308532,11,38,0.04385880743375811,0.23903585839194874,False,False,True,3.937990498172454e-05,COMPLETE
968,0.5652048826217652,2025-04-07 19:01:42.411170,2025-04-07 19:02:07.677704,0 days 00:00:25.266534,0.04032928932910415,0.18909989982713743,8,0.1600780920402762,0.03271561013217599,0.011076422117110072,0.008525651480647278,0.0706574513245417,0.03577308769069008,0.00259274224725783,13,34,0.03670637670620318,0.27329593375222766,False,False,True,6.511424958255624e-05,COMPLETE
969,0.6103687047958375,2025-04-07 19:02:07.972604,2025-04-07 19:02:30.944935,0 days 00:00:22.972331,0.08013731097026608,0.27977469192829485,8,0.1567580019403402,0.03665705529726113,0.0058135466849715805,0.010984936785521008,0.06283684224764208,0.03895614733410122,0.0012886238998716236,10,41,0.04660238075260592,0.26783126345094177,False,False,True,3.508821997273827e-07,COMPLETE
970,0.38115592598915105,2025-04-07 19:02:31.254404,2025-04-07 19:02:57.421881,0 days 00:00:26.167477,0.05693034784826262,0.24725666591000042,8,0.14892901247572002,0.04686249279395611,0.01487125035517024,0.007388763309560876,0.07733796078612472,0.03398976761629881,0.0024323784202514246,14,127,0.04154924804727518,0.2598154411602555,False,False,True,0.00010706612268715396,COMPLETE
971,0.5694126963615418,2025-04-07 19:02:57.732171,2025-04-07 19:03:22.173304,0 days 00:00:24.441133,0.02816453143587437,0.22014866618607126,8,0.1618331973343511,0.02736980795870559,0.008634087311088305,0.014467235204012446,0.07466811099623892,0.04139075117860136,0.0012664593092514135,12,32,0.04903484135859011,0.2503164687163957,False,False,True,7.809260694997129e-05,COMPLETE
972,0.5700844883918763,2025-04-07 19:03:22.482569,2025-04-07 19:03:48.109502,0 days 00:00:25.626933,0.08256522439407962,0.1942747843925284,8,0.15012822437900397,0.0411310961681156,0.010493565311118197,0.009670364119389067,0.0669024957948867,0.035223468419787435,0.0017312455943101922,13,36,0.0441933860681409,0.2440841285873108,False,False,True,5.436756667599905e-05,COMPLETE
973,0.15850939154624938,2025-04-07 19:03:48.421980,2025-04-07 19:04:12.051286,0 days 00:00:23.629306,0.8850621863865522,0.17318175587741352,8,0.20250466892117747,0.031841647647780746,0.006260027695147962,0.007589856387071826,0.06960413450816583,0.03743293427090085,0.0019772415686180695,11,32,0.03820172050969543,0.25449804342831145,False,False,True,0.00012520566580341154,COMPLETE
974,0.5707535028457642,2025-04-07 19:04:12.348275,2025-04-07 19:04:36.712007,0 days 00:00:24.363732,0.0597170277617758,0.23505764275735827,8,0.18012907210648382,0.02147233538490102,0.012631673470714314,0.012341543150524069,0.0769325712753374,0.03962656579231426,0.0010755240843036526,12,38,0.042639992792059773,0.2637977018010136,False,False,True,1.6692352499881952e-07,COMPLETE
975,0.6536853432655335,2025-04-07 19:04:37.021918,2025-04-07 19:05:01.900622,0 days 00:00:24.878704,0.043084777752997634,0.2668456024241639,8,0.1430487089542909,0.036136622971764974,0.007856162317133965,0.00906918124317946,0.07356274924320481,0.03346201416846392,0.00361408260694183,13,29,0.04528316391829009,0.24921210855701245,False,False,True,3.8401653363544125e-07,COMPLETE
976,0.7178188323974609,2025-04-07 19:05:02.210054,2025-04-07 19:05:27.013353,0 days 00:00:24.803299,0.02572814579158296,0.2207225758805849,8,0.16640081473433935,0.02789193933314127,0.009993328572432012,0.006979742769221569,0.08014465595871491,0.03711649822017782,0.0009736251641370372,12,35,0.04013639146227053,0.23937529131123744,False,False,True,5.926348584764819e-07,COMPLETE
977,0.5830583095550538,2025-04-07 19:05:27.329135,2025-04-07 19:05:53.172786,0 days 00:00:25.843651,0.011456438072853816,0.24599019371528505,8,0.16988462458347484,0.04423695263461698,0.011268485083245154,0.010852949974560764,0.08149225641505085,0.03709698808656083,0.001408981781855879,14,32,0.038994499941347766,0.23692172261821506,False,False,True,6.89368701006891e-07,COMPLETE
978,0.610323143005371,2025-04-07 19:05:53.484398,2025-04-07 19:06:17.277277,0 days 00:00:23.792879,0.023384368501552955,0.22046834127895484,8,0.16902968616455422,0.03306950025707829,0.014722610124091871,0.007204729498793338,0.08429789274647502,0.04084305477295422,0.001054858773190277,11,40,0.03659480689346889,0.23809120560614472,False,False,True,5.76094638842733e-07,COMPLETE
979,0.7149980068206788,2025-04-07 19:06:17.575425,2025-04-07 19:06:42.434520,0 days 00:00:24.859095,0.010962624247123062,0.2242537353922838,8,0.18065169793992117,0.021991744327421008,0.005726008719988692,0.009819893936366989,0.08238403122587427,0.03821953125403217,0.0012180787277670964,13,35,0.03981162054528413,0.24280082213977505,False,False,True,9.885342335325221e-07,COMPLETE
980,0.6512292027473451,2025-04-07 19:06:42.746803,2025-04-07 19:07:08.529393,0 days 00:00:25.782590,0.026453944592803584,0.22547746330080962,8,0.17145701586729373,0.0210582192901358,0.006070248016999779,0.012462469535070088,0.08570394321375271,0.039039783097285306,0.0014095993890974854,14,27,0.03919069385510629,0.23823905234017084,False,False,True,9.136779795428648e-07,COMPLETE
981,0.09069270193576813,2025-04-07 19:07:08.842129,2025-04-07 19:07:33.414178,0 days 00:00:24.572049,0.013028836432888245,0.21326700847484403,8,0.18312212417211673,0.29049579638861645,0.00628584318953437,0.0077420143707097235,0.08225092695039404,0.04313719524721836,0.0016147156263928207,13,37,0.03616361090169522,0.23449289910627888,False,True,True,7.239008342304043e-07,COMPLETE
982,0.6829315900802613,2025-04-07 19:07:33.728294,2025-04-07 19:07:58.481478,0 days 00:00:24.753184,0.011987263506804346,0.19994627262214865,8,0.20147867324566754,0.020703827709474966,0.007118895795180134,0.014235805393491334,0.08297775786403767,0.03801104522115713,0.0012003022368612271,13,30,0.0397552363472016,0.24010934245996313,False,False,True,5.347692729323709e-07,COMPLETE
983,0.5712534666061402,2025-04-07 19:07:58.797789,2025-04-07 19:08:24.756849,0 days 00:00:25.959060,0.027004898251325814,0.21861755180146614,8,0.1824998180714978,0.025790013829937168,0.00551440239501531,0.010399565025162684,0.0808802852328124,0.041061326176370594,0.0984997293448463,14,34,0.03777724371996437,0.23488593453466283,False,False,True,4.6937385437630617e-07,COMPLETE
984,0.6536240935325623,2025-04-07 19:08:25.075631,2025-04-07 19:08:50.444634,0 days 00:00:25.369003,0.02610574817918289,0.23188160197830096,8,0.16457363183530194,0.020075291723504914,0.00600065444524213,0.006361748045558535,0.08020341816990256,0.039329456836574926,0.001950073347559306,13,25,0.04047714383530069,0.2418652578477322,False,False,True,6.118744003248664e-07,COMPLETE
985,0.4420357644557953,2025-04-07 19:08:50.745775,2025-04-07 19:09:17.452800,0 days 00:00:26.707025,0.03706229379161242,0.19184636285853696,8,0.15949542302297037,0.02689159880659604,0.00856503155787813,0.008980424656789091,0.08351355040252136,0.03695085138096336,0.0011431257706719052,14,142,0.04091494033541303,0.24442489031222875,False,False,True,4.3883279787821816e-07,COMPLETE
986,0.6900708436965943,2025-04-07 19:09:17.768916,2025-04-07 19:09:40.604990,0 days 00:00:22.836074,0.011234471747648097,0.25863085236193656,8,0.18877263653552312,0.02646212545077114,0.005891993325502644,0.010709914995985564,0.08035566783959211,0.04233494817237712,0.0015580709431546693,9,41,0.037999618231337254,0.24496775460721315,False,False,True,8.648472554929027e-07,COMPLETE
987,0.5686203956604003,2025-04-07 19:09:40.917503,2025-04-07 19:10:05.954734,0 days 00:00:25.037231,0.036665628583372925,0.20104771836297125,8,0.1845962152766322,0.022016396445915944,0.00787151615243254,0.00810746317729181,0.08167167295759654,0.036316575877924084,0.001293691226199043,13,32,0.036198719412419866,0.23569293541510714,False,False,True,7.002190969448492e-07,COMPLETE
988,0.5712534666061402,2025-04-07 19:10:06.272468,2025-04-07 19:10:29.312748,0 days 00:00:23.040280,0.029720926039858868,0.18658009132329734,8,0.1669347399774941,0.030127530087126167,0.005057934789180831,0.012074908594211247,0.07778909466229339,0.039948108952622546,0.0009999701567395566,10,38,0.04092398456307779,0.2441655943077673,False,False,True,1.0771526009414223e-06,COMPLETE
989,0.5527366638183594,2025-04-07 19:10:29.633797,2025-04-07 19:10:53.364355,0 days 00:00:23.730558,0.023335269840861483,0.23003560362545428,8,0.1721817224496385,0.08120243093180061,0.008295980607765263,0.005966188931806495,0.07873907982385132,0.03835283343740601,0.0009761766461242013,11,28,0.04251727228917202,0.23370203676930065,False,False,True,4.2335965003076e-07,COMPLETE
990,0.5054631710052491,2025-04-07 19:10:53.666123,2025-04-07 19:11:16.616870,0 days 00:00:22.950747,0.01062416863118279,0.4947050060588108,8,0.18013681377542343,0.02184942687550729,0.00978711618204685,0.01470823690387438,0.08451703280692928,0.04288207749345477,0.0013954521548918634,12,5,0.038584746264963485,0.24682399672514857,False,False,True,4.6198846737022473e-07,COMPLETE
991,0.5709681034088135,2025-04-07 19:11:16.934137,2025-04-07 19:11:36.390146,0 days 00:00:19.456009,0.04340046856144039,0.2891817155490641,8,0.19247825403068242,0.030761540064634912,0.005320401352166336,0.008865842520039396,0.07894201878276941,0.03628194688602266,0.0011865521933168439,5,34,0.04298109311869255,0.23867068170113118,False,False,True,3.4826665735080847e-07,COMPLETE
992,0.5872455000877381,2025-04-07 19:11:36.705445,2025-04-07 19:12:01.986845,0 days 00:00:25.281400,0.04325776406188771,0.6442254042067359,8,0.15794496545477016,0.03811777757999444,0.007887625764946034,0.006213083933065366,0.08209564431658209,0.04095104945885859,0.0008669958555677169,13,30,0.035141539721792195,0.24803203417529182,False,False,True,2.191836490371555e-07,COMPLETE
993,0.5697606801986694,2025-04-07 19:12:02.303626,2025-04-07 19:12:27.839676,0 days 00:00:25.536050,0.010097019617414108,0.2575249457778513,8,0.1904057945592502,0.027032713228796607,0.0054219341908663225,0.011682327201249084,0.08032814152178117,0.03810556621834082,0.0009955860061076462,14,36,0.039225256628696976,0.27923168806286314,False,False,True,5.812857593544099e-07,COMPLETE
994,0.5685498714447021,2025-04-07 19:12:28.159377,2025-04-07 19:12:53.297645,0 days 00:00:25.138268,0.05429956085712076,0.14292485381651754,8,0.1532690939176074,0.03282178280849975,0.06891798400356587,0.009591952443612682,0.07886377608674004,0.03594587761715353,0.001629533959497877,13,33,0.04082207251046436,0.24245501219189663,False,False,True,2.906814287598135e-07,COMPLETE
995,0.5709677815437317,2025-04-07 19:12:53.616652,2025-04-07 19:13:18.124045,0 days 00:00:24.507393,0.028424718249563052,0.17586143087375786,8,0.1737128319992421,0.021420922519634816,0.04030420329957726,0.007771000552860792,0.07648810166579434,0.04013426618807579,0.002283242274570511,12,38,0.043717999201335865,0.252032936641247,False,False,True,8.169770943999471e-07,COMPLETE
996,0.6978645920753479,2025-04-07 19:13:18.430243,2025-04-07 19:13:42.735139,0 days 00:00:24.304896,0.010534266928329362,0.2044371742232853,8,0.17475105704654442,0.040714371969454245,0.010501136487668159,0.005117645196980391,0.06410503001714288,0.043324066742726895,0.001227218335817291,12,30,0.04472691063602694,0.2348789607911946,False,False,True,6.198923906400986e-07,COMPLETE
997,0.570121455192566,2025-04-07 19:13:43.054738,2025-04-07 19:14:06.751993,0 days 00:00:23.697255,0.04923668155683148,0.2413468508055782,8,0.16378626347728092,0.053646740097534514,0.007275036622673319,0.012574212617552788,0.060118773515152234,0.03822770768690011,0.0009006979803736995,11,41,0.03707580861849023,0.24850920913955993,False,False,True,3.52160044394625e-07,COMPLETE
998,0.7001213312149048,2025-04-07 19:14:07.069879,2025-04-07 19:14:30.110374,0 days 00:00:23.040495,0.037516696989830206,0.20986888683894112,8,0.17556642649619178,0.02747576738197339,0.005270347898967718,0.009850606462401717,0.08578698817636331,0.035392539901544354,0.001129758079602279,10,35,0.041402798220923485,0.24418229527809018,False,False,True,4.924387116838029e-07,COMPLETE
999,0.6868440270423889,2025-04-07 19:14:30.427697,2025-04-07 19:14:55.520075,0 days 00:00:25.092378,0.06066252970994861,0.1469477946080312,8,0.1554957022498753,0.03662482804437116,0.009848711225654635,0.007246922040980121,0.06105803243753413,0.041092084312792376,0.0018148283615567896,13,32,0.03968798348165643,0.23246626099507237,False,False,True,2.5895458672434434e-07,COMPLETE
1000,0.09819170832633972,2025-04-07 19:14:55.841023,2025-04-07 19:15:21.652731,0 days 00:00:25.811708,0.0335068586250405,0.16446781139906738,8,0.14840125795366146,0.17604003090440482,0.007731565808506797,0.005255418752208991,0.06341547536498196,0.03744553942497979,0.0009327108645401632,14,25,0.042077116078520854,0.25876737564877406,False,False,True,3.658089054973552e-05,COMPLETE
1001,0.17018010020256044,2025-04-07 19:15:21.973133,2025-04-07 19:15:45.946856,0 days 00:00:23.973723,0.06110345010889895,0.22532301842813948,8,0.16196650535350088,0.04748971879401691,0.005361419606852119,0.014694522452873785,0.06566278135011114,0.039158380324770266,0.0014584718736228282,12,28,0.04383307047504583,0.2420436014246551,False,True,True,4.1191276152932094e-07,COMPLETE
1002,0.5706669569015503,2025-04-07 19:15:46.255234,2025-04-07 19:16:11.250778,0 days 00:00:24.995544,0.08210003686547038,0.27787470104758016,8,0.14572507290697428,0.020064977297685277,0.009582840077819108,0.010632001432741525,0.0798811648085886,0.03555257958284917,0.0008538804821373926,13,36,0.03916541454745743,0.25007016546742,False,False,True,1.0688273797722822e-06,COMPLETE
1003,0.6072096109390259,2025-04-07 19:16:11.572678,2025-04-07 19:16:35.210017,0 days 00:00:23.637339,0.4213248565591771,0.1866112570695439,8,0.15582599527491447,0.032743865532302595,0.011549352114193105,0.008212852843025314,0.08808876665371382,0.04316882530843898,0.0011234826428512862,11,32,0.04550880965603597,0.2538226790263042,False,False,True,7.544223592769814e-07,COMPLETE
1004,0.5716384410858154,2025-04-07 19:16:35.528582,2025-04-07 19:17:00.360173,0 days 00:00:24.831591,0.0420079776166431,0.13753805372155575,8,0.16812831904698278,0.04119805489861153,0.007517633559440154,0.011832754780348778,0.07672885866636628,0.04017384911574606,0.0014064429747465905,12,39,0.03756666349717301,0.2713195740017506,False,False,True,3.255312185501069e-07,COMPLETE
1005,0.5706043720245362,2025-04-07 19:17:00.680221,2025-04-07 19:17:26.528421,0 days 00:00:25.848200,0.06210904920557948,0.24563611196252497,8,0.18612356423155652,0.027005426526860738,0.0054505957247071996,0.00655548498754361,0.061882642427045165,0.03458810012444998,0.0009846083091967549,14,34,0.04211334716513716,0.23899048878920645,False,False,True,9.913309026503783e-06,COMPLETE
1006,0.4348968923091889,2025-04-07 19:17:26.853073,2025-04-07 19:17:51.912213,0 days 00:00:25.059140,0.588139377207754,0.14028442481907702,8,0.1420655069814791,0.029664936198123944,0.009765526798441367,0.009027464910282789,0.08397338149385113,0.03740681767099854,0.0008094147529808469,13,30,0.035376005287155156,0.26169199559249984,False,False,True,5.745533092485989e-07,COMPLETE
1007,0.6864104032516479,2025-04-07 19:17:52.238728,2025-04-07 19:18:15.897545,0 days 00:00:23.658817,0.025851994421236354,0.1639124974555057,8,0.15038662415196682,0.020586863079169983,0.012767693468342051,0.013371048491729676,0.0597447341952249,0.041344608257090326,0.0011545287806393751,11,27,0.04362208202595495,0.2664074772161379,False,False,True,8.669250184902259e-05,COMPLETE
