number,value,datetime_start,datetime_complete,duration,params_alpha-eval,params_alpha-train,params_batch-size,params_eps-eval,params_eps-train,params_lambda-actions-eval,params_lambda-actions-train,params_lambda-frames-eval,params_lambda-frames-train,params_learning-rate,params_n-epochs,params_n-frames,params_radius-gw,params_rho,params_std-feats,params_ub-actions,params_ub-frames,params_weight-decay,state
112,0.09069270193576813,2025-04-07 09:16:05.256172,2025-04-07 09:17:32.844350,0 days 00:01:27.588178,0.26366114759667947,0.0569663976388126,2,0.023043872502448968,0.0008029414610923741,0.09773284162408273,0.09168587335006138,0.022823281365209763,0.0035761790076279804,0.0007727158904839215,21,63,0.02883143178781533,0.28616943922892435,True,False,False,7.999816042286743e-08,COMPLETE
113,0.6084345936775207,2025-04-07 09:17:32.881436,2025-04-07 09:18:48.565640,0 days 00:01:15.684204,0.21901644827790767,0.07721718690380708,2,0.04397273991224113,0.013901676063704148,0.08874422713812918,0.08799977955115346,0.052573582738660654,0.012790106363392726,0.0010485210424534379,17,56,0.030491008400337583,0.2671831194631454,True,False,False,2.0117588252897988e-07,COMPLETE
114,0.3707605659961701,2025-04-07 09:18:48.602818,2025-04-07 09:20:03.767204,0 days 00:01:15.164386,0.2186925027557233,0.07733974563423986,2,0.045352970252509645,0.011324272341774591,0.08949251709019063,0.08724591279020597,0.04816860860698938,0.01257576911599933,0.0010934017143848208,17,55,0.035431811052184174,0.2674973013785551,True,False,False,1.81002301571555e-07,COMPLETE
115,0.5043549656867982,2025-04-07 09:20:03.804391,2025-04-07 09:21:15.885703,0 days 00:01:12.081312,0.2565458642350471,0.1170267576154855,2,0.03948604880488214,0.016306608345305628,0.09390084564882066,0.09172378092358649,0.00968187423218831,0.005567424752195096,0.0019486568954532094,16,66,0.0208634936162154,0.28203619527680784,True,False,False,7.374742627688463e-08,COMPLETE
116,0.5418028354644775,2025-04-07 09:21:15.922992,2025-04-07 09:22:34.164797,0 days 00:01:18.241805,0.19300448486276084,0.030598035928254257,2,0.061964355332776395,0.02080844897363065,0.09232550880927795,0.0981167633352882,0.05508500782226343,0.014310561132560379,0.0013064694175828112,18,52,0.026851425293131555,0.2925160210731937,True,False,False,1.3874760069797958e-07,COMPLETE
117,0.42526034116744993,2025-04-07 09:22:34.202496,2025-04-07 09:24:05.625304,0 days 00:01:31.422808,0.1614444524295946,0.046734812664607675,2,0.011650567141554616,0.028322540285232116,0.08911656212652343,0.08795183526600288,0.034917399380128424,0.001333024851334537,0.0007318580403160662,22,57,0.03040158892635224,0.26188974682727295,True,False,False,2.469545076303546e-07,COMPLETE
118,0.5996464610099793,2025-04-07 09:24:05.663507,2025-04-07 09:25:20.660424,0 days 00:01:14.996917,0.3330320219484026,0.1394473525821736,2,0.027847910686384474,0.03735315691648669,0.09569252431733735,0.09594773529393179,0.04372142385486017,0.04662682722803713,0.0005914273238712245,17,48,0.033244075746830144,0.27226488054218917,True,False,False,3.551716125497371e-07,COMPLETE
119,0.45093076229095463,2025-04-07 09:25:20.699452,2025-04-07 09:26:26.078394,0 days 00:01:05.378942,0.3311502870764814,0.9337697169107191,2,0.21193141838283014,0.03673462481007915,0.09839323152371227,0.09417467508704193,0.04385320178300657,0.09862709134957985,0.0005680097057035791,14,49,0.022741746311661683,0.2726435542035785,True,False,False,3.8777855651324977e-07,COMPLETE
120,0.48927586078643803,2025-04-07 09:26:26.118919,2025-04-07 09:27:30.610451,0 days 00:01:04.491532,0.3979774072927714,0.4377770654533682,2,0.03325894355190659,0.04796081358164972,0.09541774062240234,0.09610167319695956,0.03992954988561406,0.04860812131290325,0.000424454082171604,16,138,0.03370558369905984,0.2682875421274829,True,False,True,5.053971438988427e-07,COMPLETE
121,0.5997610092163086,2025-04-07 09:27:30.650061,2025-04-07 09:28:45.797329,0 days 00:01:15.147268,0.24590908720339633,0.13878093174797823,2,0.02530033031256027,0.024921688109021296,0.09991479159549302,0.09239233342733276,0.047275370968651254,0.044119879158640525,0.0009552560733783362,17,53,0.03652228192005249,0.2816007113611798,True,False,False,8.104681586138814e-07,COMPLETE
122,0.09069270193576813,2025-04-07 09:28:45.836969,2025-04-07 09:29:59.420944,0 days 00:01:13.583975,0.23695023684723557,0.15150223439903995,2,0.00014481677498653228,0.01545766161734096,0.09921495176980438,0.09246134909194528,0.04128869507441865,0.05460974622031632,0.0016273136683974988,17,52,0.030392603326918975,0.1771343004577106,True,False,False,1.2840979974459315e-06,COMPLETE
123,0.6042779088020325,2025-04-07 09:29:59.469633,2025-04-07 09:31:14.142870,0 days 00:01:14.673237,0.32527425054110365,0.07320576449740289,2,0.044336703675350586,0.03787010137502853,0.09439121016111446,0.0427539429054669,0.052831645795640814,0.050110462889329244,0.0009901848911035853,17,47,0.025547550345046372,0.2803257548778055,True,False,False,8.566686942938364e-07,COMPLETE
124,0.09069270193576813,2025-04-07 09:31:14.183368,2025-04-07 09:32:27.849204,0 days 00:01:13.665836,0.2877536254294641,0.08748293078664846,2,0.04632801473009686,0.006202205625565178,0.09682384935988503,0.09938913561533805,0.052099577121344186,0.05172527948081338,0.0010774199105409623,17,46,0.025900188346859213,0.27962175826693114,True,False,False,6.861959369702414e-07,COMPLETE
125,0.5347662329673767,2025-04-07 09:32:27.890038,2025-04-07 09:33:48.943824,0 days 00:01:21.053786,0.21644282507584675,0.2115170329366818,2,0.05595379188649621,0.05504721265158795,0.09166223663669924,0.09744984584227039,0.04654545310187786,0.0454606021111919,0.0002378832912384145,19,39,0.03143459642328536,0.2850813104222807,True,False,False,7.783443189358102e-07,COMPLETE
126,0.4756338953971863,2025-04-07 09:33:48.984537,2025-04-07 09:35:00.696223,0 days 00:01:11.711686,0.3534687052064075,0.1425763325606675,2,0.04127750434859099,0.1498676915397707,0.09394668148037362,0.04265518781290656,0.043846038952795735,0.04231497644597638,0.0030774047272910275,16,47,0.028763441371249355,0.2756445557970532,True,False,False,4.562103729384181e-08,COMPLETE
127,0.6010824084281922,2025-04-07 09:35:00.737268,2025-04-07 09:36:24.269909,0 days 00:01:23.532641,0.27631659267564507,0.011970692977207091,2,0.01732944546413233,0.019789740592298734,0.08729915700824466,0.0012496700857360654,0.04852996274527436,0.03957200262407286,0.0023152922345325753,20,43,0.023360374710247288,0.2946468730404993,True,False,False,2.8955025700708643e-06,COMPLETE
128,0.5227429747581482,2025-04-07 09:36:24.310889,2025-04-07 09:37:51.993145,0 days 00:01:27.682256,0.24130534389296443,0.058372620364667255,2,0.017050586020766912,0.02042545508451758,0.08662658545161543,0.009435177792825586,0.05502095078494672,0.05466525858151113,0.001484930302528933,21,42,0.024916293704234878,0.2956306535994857,True,False,False,3.1033085979885706e-06,COMPLETE
129,0.40302694439888,2025-04-07 09:37:52.035989,2025-04-07 09:39:27.921140,0 days 00:01:35.885151,0.17712761588409712,0.023677020532582298,2,0.0069346265647843245,0.009861167270258396,0.08144938184758442,0.01808811838695032,0.04895147688411708,0.03806823967776241,0.0023848193598691,28,60,0.02699898977433598,0.2843065171422324,True,True,False,1.6538355090962417e-06,COMPLETE
130,0.09069270193576813,2025-04-07 09:39:27.963369,2025-04-07 09:40:52.471927,0 days 00:01:24.508558,0.27610548209892716,0.01174362646269711,2,0.035380054428476755,0.00016037604216045248,0.0997995569878065,0.049562329115151724,0.06100609636644167,0.04273985031719374,0.000982731849593199,20,36,0.023474710422798927,0.2939601703855631,True,False,False,5.4352454662690215e-06,COMPLETE
131,0.6069939374923706,2025-04-07 09:40:52.514427,2025-04-07 09:42:09.909048,0 days 00:01:17.394621,0.30200631462127037,0.09812481259826569,2,0.028017632884624097,0.03763711143826408,0.09059012196360186,0.09071440024649799,0.05216273337828148,0.039695750209814605,0.0008810663231230099,18,44,0.033107871171374995,0.2705138919930171,True,False,False,1.0989778319169571e-06,COMPLETE
132,0.5269319176673889,2025-04-07 09:42:09.951337,2025-04-07 09:43:28.005572,0 days 00:01:18.054235,0.29352236973270246,0.0722027340420929,2,0.048109203978209794,0.02889970726896489,0.08747578990246006,0.05771777815144964,0.028573544028948513,0.04448466676617317,0.002100974415557722,18,5,0.03656352153666444,0.2624688758655457,True,False,False,9.676892857621588e-07,COMPLETE
133,0.5070299744606018,2025-04-07 09:43:28.048164,2025-04-07 09:44:49.432590,0 days 00:01:21.384426,0.2562467814062973,0.09977401225928625,2,0.18402782401532441,0.047029137188307625,0.0914969858218133,0.004015968249098523,0.05358154533319403,0.05201367624173282,0.0008940207594187676,19,43,0.030924780243698484,0.2807326565524459,True,False,False,8.707000359347553e-07,COMPLETE
134,0.6092192888259889,2025-04-07 09:44:49.475770,2025-04-07 09:46:16.951921,0 days 00:01:27.476151,0.22235927258078556,0.05043872794035796,2,0.021135812591548207,0.024811749857243194,0.08365663878547233,0.09062667451096672,0.057144002103079766,0.04065950674367582,0.003483603393669538,21,52,0.02333824303172231,0.25607981219089415,True,False,False,3.914108473195583e-06,COMPLETE
135,0.5659120321273804,2025-04-07 09:46:16.995893,2025-04-07 09:47:49.402302,0 days 00:01:32.406409,0.2181764026512221,0.04296861510701404,2,0.01543864247401796,0.03297363662372695,0.08551904981030127,0.08877348627852845,0.05674723477451426,0.03252287242426645,0.003989149290327756,22,32,0.021024080670708246,0.2538752421773129,True,False,False,3.0774268689514454e-06,COMPLETE
136,0.43460571765899664,2025-04-07 09:47:49.446143,2025-04-07 09:49:17.860371,0 days 00:01:28.414228,0.3056990615292078,0.07821223764281812,2,0.031739196342761,0.012856604048430476,0.08389138761640016,0.06669860745653705,0.051861311541520044,0.03646570103163657,0.0035049785858697565,21,51,0.01717887693206978,0.2699905119058842,True,False,False,1.5347515414103421e-06,COMPLETE
137,0.5694744348526002,2025-04-07 09:49:17.904880,2025-04-07 09:50:45.516783,0 days 00:01:27.611903,0.19504533085525813,0.10805909561223331,2,0.04045020779541933,0.06495066277357861,0.04819514780395874,0.029266212638844994,0.06507192317676277,0.04874590231413464,0.0051586247391738616,21,46,0.023577567222990897,0.2999012776168769,True,False,False,4.46614054055841e-06,COMPLETE
138,0.5068770051002502,2025-04-07 09:50:45.569426,2025-04-07 09:52:06.803033,0 days 00:01:21.233607,0.27374066033552313,0.04940081686589504,2,0.12201808454697657,0.018341908835079385,0.0900129874294484,0.0024543336507657776,0.021450181236220764,0.039792207602033405,0.002632057254874444,19,39,0.02610453220399982,0.25919026079196117,True,False,False,3.911263123567387e-06,COMPLETE
139,0.5800107836723328,2025-04-07 09:52:06.847379,2025-04-07 09:52:32.680044,0 days 00:00:25.832665,0.2322369985747831,0.03346745426854205,16,0.020035853288347987,0.03753620718884054,0.08779743366299042,0.09059205431826672,0.06957468640203135,0.0353120904680608,0.0013378173019891568,20,43,0.019712692186594643,0.2395967205601171,True,False,False,1.217366004915039e-06,COMPLETE
140,0.4506136894226075,2025-04-07 09:52:32.725179,2025-04-07 09:53:57.803025,0 days 00:01:25.077846,0.3646766183792889,0.7907874962478307,2,0.008807151088620308,0.046049024942109995,0.08228361418127446,0.08617942983958175,0.056656980383450455,0.04113767408530425,0.008189429186604688,20,69,0.028708171403363063,0.28806783978025935,True,False,False,7.590924488950067e-06,COMPLETE
141,0.6046280860900879,2025-04-07 09:53:57.848408,2025-04-07 09:55:31.377578,0 days 00:01:33.529170,0.31537430557492396,0.0961256921052894,2,0.025181788634542804,0.02335040021439247,0.0928072146117147,0.06078567218690452,0.050213082531128904,0.04028577229033996,0.0017791386468200424,23,54,0.03494343059906056,0.277066342393273,True,False,False,6.47780090367169e-07,COMPLETE
142,0.5713390469551087,2025-04-07 09:55:31.422927,2025-04-07 09:57:02.718535,0 days 00:01:31.295608,0.32072452441053007,0.08284852718977907,2,0.03429849464162745,0.03169308554275177,0.09167352698741316,0.06143552034429802,0.050558973013393994,0.038546101840440265,0.0018205686902184916,22,55,0.027360287734346303,0.276502182387324,True,False,False,2.4548565451816956e-06,COMPLETE
143,0.5446407198905945,2025-04-07 09:57:02.764191,2025-04-07 09:58:38.997403,0 days 00:01:36.233212,0.30168085141144163,0.06566327367625151,2,0.021979758773513706,0.025036723521631093,0.08985221441652844,0.06012709686004671,0.05840981179901301,0.011296859272277186,0.0026965448801221153,24,50,0.0798555375735173,0.26362715357337596,True,False,False,6.265512537298292e-07,COMPLETE
144,0.5160053014755249,2025-04-07 09:58:39.043554,2025-04-07 10:00:13.616054,0 days 00:01:34.572500,0.28429491148950325,0.09773305803448898,2,0.028928633705555807,0.010212711646820988,0.0927835745858427,0.012972641486256091,0.060573146090776034,0.03341135544719893,0.0014693213358652883,23,45,0.04028282050774201,0.26893416364629025,True,False,False,6.291158530668317e-08,COMPLETE
145,0.5879383087158203,2025-04-07 10:00:13.663258,2025-04-07 10:01:35.018199,0 days 00:01:21.354941,0.3475581598946876,0.11631918610868641,2,0.012785566584668019,0.020017522943444072,0.08621722606589814,0.07009783427973705,0.017467202023913376,0.04016545033566511,0.002147764854988561,19,64,0.022210789147817152,0.2904936384136306,True,False,False,1.4396765982147123e-05,COMPLETE
146,0.44557562470436096,2025-04-07 10:01:35.065157,2025-04-07 10:03:18.690863,0 days 00:01:43.625706,0.38968993521831524,0.014708860465227257,2,0.04255100102621525,0.2593888768819435,0.088052044238282,0.051272663051766906,0.03028808406670152,0.031535908371975785,0.0011990356128482346,26,55,0.034234714124016206,0.2757512230773974,True,False,False,1.6389049086312578e-06,COMPLETE
147,0.6072350740432739,2025-04-07 10:03:18.737645,2025-04-07 10:04:56.011611,0 days 00:01:37.273966,0.26137536260454236,0.05787683892082045,2,0.054232910830663714,0.03930880606564578,0.07912325323767183,0.03937310226769984,0.022073775604801935,0.0072539905366971,0.0001785656762301751,24,59,0.024146039789429887,0.2542318022934299,True,False,False,2.8593748075626e-08,COMPLETE
148,0.1853892832994461,2025-04-07 10:04:56.058999,2025-04-07 10:06:23.561319,0 days 00:01:27.502320,0.26995379944132997,0.0545256906286265,2,0.054198307093995535,0.0388475359427437,0.08368002671443611,0.0396120422545544,0.021514643670748432,0.007066170683608773,0.00017389653552901565,25,61,0.024594813511648515,0.13670517959143658,True,False,True,4.0265400991422364e-08,COMPLETE
149,0.5706475138664246,2025-04-07 10:06:23.609121,2025-04-07 10:08:00.408278,0 days 00:01:36.799157,0.3265376808260026,0.032344548132824724,2,0.049829872102405776,0.024745347875067984,0.016869180912550734,0.04611432176086818,0.05344068091791201,0.024344508887567864,0.0002949199681128514,24,58,0.029703092680163936,0.16084039330745187,True,False,False,5.350119367486534e-07,COMPLETE
150,0.49346427917480473,2025-04-07 10:08:00.456651,2025-04-07 10:09:33.690015,0 days 00:01:33.233364,0.24437498026481563,0.07082622354797612,2,0.03761095258504817,0.16397775639595616,0.06872935128412225,0.03395336859566056,0.026725429250080653,0.016637557105555256,0.00012179637178454552,23,53,0.02285275270828676,0.24690520759700352,True,False,False,2.989670260115392e-08,COMPLETE
151,0.6038514018058777,2025-04-07 10:09:33.746934,2025-04-07 10:11:15.398794,0 days 00:01:41.651860,0.21124642231704877,0.09387808118655352,2,0.028895333005881346,0.03347650329129037,0.07920779190647281,0.09417575449172864,0.024506344224505986,0.014282383805966437,0.00022952900596988647,25,51,0.02564233460221866,0.25346312164335155,True,False,False,2.751003324940576e-08,COMPLETE
152,0.6060181379318237,2025-04-07 10:11:15.447035,2025-04-07 10:12:52.109966,0 days 00:01:36.662931,0.195034241335371,0.08837985895802401,2,0.05935449629104991,0.03242621027902404,0.0768275628544482,0.04189327251951326,0.0249867151596172,0.013645718748209686,0.00025203953578387535,24,52,0.025483159419220705,0.2543613645372152,True,False,False,5.0582834736865364e-08,COMPLETE
153,0.6063446879386902,2025-04-07 10:12:52.159474,2025-04-07 10:14:35.762987,0 days 00:01:43.603513,0.18723378770735621,0.08602698687859262,2,0.03271048151356442,0.02944250284790807,0.07805043850218779,0.0538780513045219,0.02350759931284853,0.05865527785518442,0.00026300756494477054,26,49,0.025882153668567255,0.25373683989266516,True,False,False,6.646147135605656e-08,COMPLETE
154,0.591447114944458,2025-04-07 10:14:35.812385,2025-04-07 10:16:21.080331,0 days 00:01:45.267946,0.1498035594660536,0.08637797605047151,2,0.061534622504689655,0.032205659409001414,0.07687929605836356,0.05271987200162823,0.023372325108619734,0.061058820598339655,0.00021865151583491264,26,83,0.027858786702685583,0.23573186191526702,True,False,False,5.428669218676136e-08,COMPLETE
155,0.6045899987220764,2025-04-07 10:16:21.129779,2025-04-07 10:18:05.937091,0 days 00:01:44.807312,0.2116775785588912,0.11683851390177727,2,0.030325329238572632,0.030596538683301977,0.07432810176644813,0.04057563085529932,0.020702122403917975,0.07041027207801887,0.00025115248478938733,26,48,0.025050267779769632,0.2523832612686192,True,False,False,7.655045633367433e-08,COMPLETE
156,0.6016837120056153,2025-04-07 10:18:05.986352,2025-04-07 10:19:49.451737,0 days 00:01:43.465385,0.1725996316625299,0.12212415708805961,2,0.03179486842226294,0.029065800511258233,0.07786419254366786,0.04074253936321931,0.02056729668778147,0.057141441942408194,0.00018100112781699592,26,50,0.02537824348854117,0.2537625856396934,True,False,False,6.474231665487898e-08,COMPLETE
157,0.5288768172264099,2025-04-07 10:19:49.501222,2025-04-07 10:21:37.109951,0 days 00:01:47.608729,0.2075666316885848,0.15958723281287757,2,0.02693927606378164,0.03663562290710796,0.0747197523572665,0.044997703517750766,0.025379367979423126,0.08461429024584621,0.0002726897400538054,27,48,0.02030391320704799,0.2434099132706976,True,False,False,4.6520391034521805e-08,COMPLETE
158,0.540927267074585,2025-04-07 10:21:37.159493,2025-04-07 10:23:04.730197,0 days 00:01:27.570704,0.1914223545843994,0.05606736450678859,2,0.037333758739353566,0.013913841346046943,0.0704972936605811,0.03929028237913378,0.017601394542756613,0.0693171130057775,0.0003604004708147431,25,62,0.013400925451810732,0.22766268197132047,True,True,False,1.162796919157522e-07,COMPLETE
159,0.3738355875015259,2025-04-07 10:23:04.780632,2025-04-07 10:24:42.028185,0 days 00:01:37.247553,0.09255472443848803,0.11350200062199038,2,0.029891517146224195,0.02593115552767371,0.08043375152976426,0.03609638259478598,0.014956329792339846,0.07287259275875295,0.00024578928768688706,24,56,0.017480404267847284,0.2552011077157057,True,False,False,9.266822208275438e-08,COMPLETE
160,0.09069270193576813,2025-04-07 10:24:42.079185,2025-04-07 10:26:22.262812,0 days 00:01:40.183627,0.16418132472865873,0.07257717141185399,2,0.07907311793873407,0.0053104639520195444,0.0729445795797206,0.04105006558651498,0.0205531359666282,0.06468328754606813,0.0003257394700807256,25,51,0.026233757034261902,0.2503847972537251,True,False,False,1.603856639219472e-07,COMPLETE
161,0.5984651803970337,2025-04-07 10:26:22.313785,2025-04-07 10:28:11.882104,0 days 00:01:49.568319,0.22812003078762094,0.0936372886359617,2,0.04897670595323477,0.03990678582077987,0.0753452380842451,0.042395793415511446,0.023111077497352313,0.07970718092260404,0.00022687724620260767,28,59,0.03172466178049535,0.2590582465988281,True,False,False,8.585747937751575e-08,COMPLETE
162,0.6104459762573242,2025-04-07 10:28:11.943116,2025-04-07 10:29:55.536367,0 days 00:01:43.593251,0.19417770445859076,0.04533253151095883,2,0.044824168676632234,0.030188681316534592,0.07988018153058758,0.05703273730656551,0.0246456833751824,0.09205653939924394,0.0004205945934704025,26,53,0.028003156722222592,0.2665814308773597,True,False,False,7.758554430364596e-08,COMPLETE
163,0.5701223254203797,2025-04-07 10:29:55.588567,2025-04-07 10:31:42.304984,0 days 00:01:46.716417,0.17943191923994162,0.04280011808677543,2,0.04351518122699889,0.03145760973068991,0.07824398076870406,0.05489652619440446,0.027831159089235925,0.058039821648171654,0.0004752633902994688,27,48,0.028668239299731203,0.2437522218307681,True,False,False,3.807570714491563e-08,COMPLETE
164,0.6061218619346619,2025-04-07 10:31:42.356780,2025-04-07 10:33:23.049117,0 days 00:01:40.692337,0.12369950490275172,0.05839537860802926,2,0.03709430503733617,0.0175930850640729,0.07960523301767652,0.05716767086284656,0.016913359399219938,0.09216361038948426,0.00017622952754215763,25,53,0.024839265093865925,0.26669542380670075,True,False,False,2.478290405577233e-08,COMPLETE
165,0.6125605821609498,2025-04-07 10:33:23.101282,2025-04-07 10:35:05.873773,0 days 00:01:42.772491,0.13174133833510066,0.062080098581757635,2,0.055503805409688495,0.017317440964622333,0.0803838026513456,0.05713635717690418,0.017234929204767744,0.09287293212976097,0.0001550159229324385,26,55,0.024698915940817946,0.2659070806711415,True,False,False,2.824186720411699e-08,COMPLETE
166,0.57005615234375,2025-04-07 10:35:05.926128,2025-04-07 10:36:49.454070,0 days 00:01:43.527942,0.1147698909216757,0.06237132652758484,2,0.05052965489259677,0.01709100327854989,0.07610253462169014,0.05700513833912623,0.012784909920521427,0.09353324162191468,0.00016606874522444775,26,56,0.02139976863712162,0.2646466873448795,False,False,False,2.5987845941287777e-08,COMPLETE
167,0.37934960722923283,2025-04-07 10:36:49.507132,2025-04-07 10:38:36.141494,0 days 00:01:46.634362,0.07731540143261675,0.044478769467074186,2,0.05893536967313231,0.011070016052014804,0.08030423983677262,0.05960466674954781,0.008549467736075171,0.09399789309542458,0.00013883859629289314,27,66,0.024192681924869733,0.26825627616076436,True,False,False,2.019189052123254e-08,COMPLETE
