number,value,datetime_start,datetime_complete,duration,params_alpha-eval,params_alpha-train,params_batch-size,params_eps-eval,params_eps-train,params_lambda-actions-eval,params_lambda-actions-train,params_lambda-frames-eval,params_lambda-frames-train,params_learning-rate,params_n-epochs,params_n-frames,params_radius-gw,params_rho,params_std-feats,params_ub-actions,params_ub-frames,params_weight-decay,state
168,0.608206033706665,2025-04-07 10:38:36.194739,2025-04-07 10:40:20.889236,0 days 00:01:44.694497,0.1272113085576499,0.029526228895557137,2,0.06680039289441105,0.022098968560202943,0.0722858254649607,0.04888862633508562,0.0165041935783007,0.08881969163492569,0.00011911394762077018,26,60,0.03078247478312541,0.26148823266368776,True,False,False,4.727381803615923e-08,COMPLETE
169,0.5229391694068909,2025-04-07 10:40:20.942722,2025-04-07 10:42:04.250791,0 days 00:01:43.308069,0.13306362936389227,0.025205956973710482,2,0.06757555502944743,0.021144507947175657,0.08169527023021808,0.04972942469106157,0.01672446907558916,0.08920562904340912,0.000198826742372238,26,62,0.030484525199105023,0.25965438317668227,True,False,False,5.145404237618986e-08,COMPLETE
170,0.5901418566703797,2025-04-07 10:42:04.304344,2025-04-07 10:43:28.206891,0 days 00:01:23.902547,0.1276127461651882,0.039370013800578293,2,0.0701992004998783,0.005222942069004529,0.07320571373176858,0.061755805819714196,0.013259509088161729,0.09011421852599963,0.058819966953670165,24,58,0.027461388692954287,0.2493530980704069,True,False,True,4.083341264184665e-08,COMPLETE
171,0.6123316764831543,2025-04-07 10:43:28.261369,2025-04-07 10:45:14.618043,0 days 00:01:46.356674,0.10568679662366309,0.06244943615432641,2,0.05571492539095727,0.025619822541879275,0.07908460630112249,0.05658125802096158,0.016803538623059645,0.09016773246034042,0.00013379372273666115,27,54,0.029176262929877197,0.27008955525494177,True,False,False,7.315029748196984e-08,COMPLETE
172,0.3790887236595154,2025-04-07 10:45:14.681333,2025-04-07 10:47:00.978467,0 days 00:01:46.297134,0.0496179473773829,0.05496424270805776,2,0.055638232844182955,0.02615175215837571,0.07080675792690615,0.05700872355974744,0.015462068827199341,0.09188000330068723,0.00012706907830134831,27,55,0.03263317654458387,0.2647644381064393,True,False,False,6.731466227516995e-08,COMPLETE
173,0.6066423177719116,2025-04-07 10:47:01.033414,2025-04-07 10:48:53.988557,0 days 00:01:52.955143,0.15476687149345625,0.07341445713219558,2,0.0902813739478634,0.01522937139904115,0.07815485495819725,0.05476643959172747,0.01887848244070916,0.09620586272731059,0.0001716251427982468,29,60,0.02982393897747969,0.2598060641780909,True,False,False,1.277988139679969e-07,COMPLETE
174,0.5072855949401855,2025-04-07 10:48:54.043744,2025-04-07 10:50:49.479706,0 days 00:01:55.435962,0.10990568188021055,0.025971780361691284,2,0.08925863588391011,0.014705887017734728,0.0784465109033166,0.053307106004879305,0.018194276236770456,0.09727318040197201,0.00016021014883042296,30,60,0.029795406056823646,0.2707649172995917,True,False,False,1.3894549834011751e-07,COMPLETE
175,0.3765790700912476,2025-04-07 10:50:49.535399,2025-04-07 10:52:43.810950,0 days 00:01:54.275551,0.08788881325033715,0.060315334825185446,2,0.06405869688107373,0.019370160352501296,0.0798755750194278,0.05640806935413259,0.011477003170360395,0.09570888333863875,0.00011847009373580207,29,64,0.0283962411362651,0.2613174019470309,True,False,False,1.9825599056613378e-07,COMPLETE
176,0.6115039110183715,2025-04-07 10:52:43.866820,2025-04-07 10:54:33.429712,0 days 00:01:49.562892,0.1480262750848208,0.08313672458003737,2,0.07883074978497386,0.009281348567760327,0.08350378298088312,0.05177281643187327,0.015903208662413054,0.09997504155739936,0.00016845250447252314,28,59,0.030886719408217456,0.2700533763316042,True,False,False,1.0174420632434361e-07,COMPLETE
177,0.09069270193576813,2025-04-07 10:54:33.487225,2025-04-07 10:56:23.544645,0 days 00:01:50.057420,0.14477494338423688,0.07971497193623876,2,0.065353177680651,0.00848448114700851,0.08121394157074982,0.05421052080829292,0.015378006317225692,0.09980378669178588,0.00019223081295836506,28,67,0.030917634271570245,0.268458148498978,True,False,False,1.1413764304321516e-07,COMPLETE
178,0.09069270193576813,2025-04-07 10:56:23.601038,2025-04-07 10:58:15.681904,0 days 00:01:52.080866,0.09523657490380619,0.042597183456287185,2,0.07907665875963518,0.001826805235774085,0.08377954855769254,0.05039373657269075,0.01687038905950057,0.08710909838379535,0.0001470410531261837,29,59,0.02279780985998674,0.2572169608817335,False,False,False,5.205706316871856e-08,COMPLETE
179,0.5112105250358582,2025-04-07 10:58:15.738789,2025-04-07 11:00:06.893263,0 days 00:01:51.154474,0.14927958529199767,0.06673020989609661,2,0.09594159948895409,0.010047953351558631,0.07673681550242346,0.05819228327616577,0.02240883375603362,0.09121305054981951,0.00011458605506032136,28,63,0.02804990703587928,0.2714966764483477,True,False,False,9.875930583992001e-08,COMPLETE
180,0.5227987885475158,2025-04-07 11:00:06.950027,2025-04-07 11:02:01.484966,0 days 00:01:54.534939,0.06765148578015819,0.03195536929003835,2,0.07260858178273634,0.014786741063941221,0.08196326331980386,0.04817192582021373,0.01902681536937438,0.09487843169287986,0.00016958471398944604,29,71,0.0320032301225457,0.2587534391247125,True,False,False,3.5571366921881866e-08,COMPLETE
181,0.6040656447410584,2025-04-07 11:02:01.551227,2025-04-07 11:03:41.712886,0 days 00:01:40.161659,0.1305383865715783,0.09560155714395116,2,0.058191439623260496,0.024398221425759765,0.08357381034422494,0.06283207698833818,0.014355855412686979,0.09818340143832079,0.00019838196459180812,25,54,0.03443570709579819,0.2758058259627205,True,False,False,7.859553863799248e-08,COMPLETE
182,0.6099391460418702,2025-04-07 11:03:41.769784,2025-04-07 11:05:27.116600,0 days 00:01:45.346816,0.1577131254175179,0.0888020998808716,2,0.08975349686519869,0.021140545765032884,0.07804977164635553,0.05508660423676944,0.018903092633251968,0.08826947007724079,0.00029371009155096405,27,57,0.029522326333286667,0.265066173651147,True,False,False,1.70949380665638e-08,COMPLETE
183,0.36788264513015745,2025-04-07 11:05:27.174673,2025-04-07 11:07:13.673287,0 days 00:01:46.498614,0.16796377115367941,0.010558524792238073,2,0.08696700990392453,0.019872434772047233,0.07881820631336771,0.051937782753234546,0.01872642599617139,0.08548572448809735,0.0002737500248762632,27,58,0.027318106099006745,0.2654278575857233,True,False,False,1.8921765096812772e-08,COMPLETE
184,0.6080480575561524,2025-04-07 11:07:13.731364,2025-04-07 11:09:03.491041,0 days 00:01:49.759677,0.11331420997288022,0.07099309452916808,2,0.07878924436795881,0.014540051306417065,0.07645742424393175,0.056121796620812174,0.025672934148598687,0.08173278909457975,0.00032373454067889613,28,56,0.029534534605447457,0.2724007572168786,True,False,False,2.501083607278786e-08,COMPLETE
185,0.49437468051910405,2025-04-07 11:09:03.548841,2025-04-07 11:10:53.305046,0 days 00:01:49.756205,0.11259974902503511,0.05443433092311728,2,0.08128892171221559,0.013213584919638213,0.07634122008013976,0.05534875948746708,0.02554387282974427,0.08208844313882155,0.0003416444299309284,28,61,0.030168220981382707,0.2470058542749017,True,False,False,2.3707109108500044e-08,COMPLETE
186,0.09069270193576813,2025-04-07 11:10:53.364438,2025-04-07 11:12:39.420061,0 days 00:01:46.055623,0.14652298517593126,0.07482117410275993,2,0.1071875612820022,0.006384274501139713,0.0779781513556568,0.05171821455479371,0.023792562309889853,0.09139595651803245,0.00029767503667031973,27,57,0.02896078919743342,0.27133205541673583,True,False,False,1.4697836908130765e-08,COMPLETE
187,0.37613028287887573,2025-04-07 11:12:39.479913,2025-04-07 11:14:33.830688,0 days 00:01:54.350775,0.12511245101160154,0.043254815077792524,2,0.07452641774476726,0.01531521551128871,0.07228676108509736,0.05423090059283214,0.016660707738450388,0.08752787043718153,0.0004228392301164353,29,65,0.03283550032640746,0.2637825446592452,True,False,False,2.7653035270521125e-08,COMPLETE
188,0.6403580069541932,2025-04-07 11:14:33.890191,2025-04-07 11:16:04.111867,0 days 00:01:30.221676,0.037371473632168126,0.08269553814843134,2,0.1008762177472704,0.01925343573468256,0.07996917893520336,0.05865964477328475,0.011654370533478063,0.08926326171365574,0.00015043719297686987,26,53,0.026856077894175406,0.11633872867507081,True,True,False,1.7056676019397707e-08,COMPLETE
189,0.38966148495674136,2025-04-07 11:16:04.171149,2025-04-07 11:17:34.736934,0 days 00:01:30.565785,0.040928121002679424,0.06595755804740906,2,0.06917343618572276,0.02076857796703064,0.08017210209149171,0.05764261468626577,0.006472851874858888,0.08953471054334085,0.00010505241721429275,26,77,0.030311876154690692,0.2709048865269273,True,True,False,2.2280142821265544e-08,COMPLETE
190,0.5294537544250488,2025-04-07 11:17:34.806283,2025-04-07 11:19:06.095934,0 days 00:01:31.289651,0.06326947184831608,0.02893711917187953,2,0.09166370952775216,0.10912497239143681,0.08256977196722096,0.05890901639467164,0.010527513909781381,0.09602002476697347,0.00016006010841970405,27,55,0.027056415286723107,0.25943855649216446,True,True,False,1.7309298102518686e-08,COMPLETE
191,0.6403580069541932,2025-04-07 11:19:06.156047,2025-04-07 11:20:34.981439,0 days 00:01:28.825392,0.09851777653959454,0.08291769739097943,2,0.09754115286182642,0.025198108972463207,0.07598118045791244,0.053638563469495075,0.01961424034382069,0.09336002168098878,0.00013529209252513346,26,53,0.023468561920843057,0.11159820038440815,True,True,False,3.3086178434841125e-08,COMPLETE
192,0.14490998089313506,2025-04-07 11:20:35.042485,2025-04-07 11:22:04.536561,0 days 00:01:29.494076,0.011944460346489952,0.0791016195887479,2,0.10685673340686876,0.12885434253548048,0.07558444175347931,0.055521114314820874,0.013342554997509365,0.0926236361586362,0.00013790952983692016,26,59,0.02327406715648196,0.11201552958555545,True,True,False,3.5525336519574023e-08,COMPLETE
193,0.6117815375328064,2025-04-07 11:22:04.597584,2025-04-07 11:23:54.574654,0 days 00:01:49.977070,0.10985778977476272,0.05523667215743151,2,0.10237657167099162,0.010030840545917451,0.07948823604468917,0.052391867214441355,0.020134121322724918,0.08851789703072091,8.12642713655492e-05,28,53,0.021620566705420105,0.265703163992888,True,False,False,1.669872074058764e-08,COMPLETE
194,0.40302694439888,2025-04-07 11:23:54.636605,2025-04-07 11:25:32.643448,0 days 00:01:38.006843,0.09621275152729081,0.10552526659457762,2,0.10038160348229298,0.009166883858268459,0.07471969103488302,0.053576371263451224,0.019871942848905817,0.08296394895801326,8.075171345547985e-05,29,62,0.021506471758703044,0.11910989633739735,True,True,False,1.6271501467947327e-08,COMPLETE
195,0.17275203466415406,2025-04-07 11:25:32.705540,2025-04-07 11:27:06.378378,0 days 00:01:33.672838,0.05332095924024997,0.7171505325601368,2,0.11434008089186756,0.004846497763690942,0.08523332477994268,0.048694485385383665,0.022089653870580258,0.08637498378157639,9.713603597757528e-05,28,56,0.01948643926867829,0.28044965245627623,True,True,False,3.155522419259637e-08,COMPLETE
196,0.49165728092193606,2025-04-07 11:27:06.440119,2025-04-07 11:27:32.953062,0 days 00:00:26.512943,0.07436081904625895,0.04692261111497696,16,0.09222729216258065,0.024870517923168255,0.0786701846135512,0.05115993157721074,0.019602751220811357,0.09468823810078426,0.00012765560410408843,28,52,0.02865451095159979,0.09277399623510185,True,True,False,1.3820247831848216e-08,COMPLETE
197,0.09069270193576813,2025-04-07 11:27:33.016301,2025-04-07 11:29:06.642521,0 days 00:01:33.626220,0.0239357278482839,0.5297213131921137,2,0.08735631683425431,0.012351481792859841,0.08176041380454413,0.05527045131951412,0.008609286153892995,0.08930640758908036,0.00020599568858258147,27,96,0.02700121629384832,0.08073571117579398,True,True,False,4.156419161060746e-08,COMPLETE
198,0.40302694439888,2025-04-07 11:29:06.713918,2025-04-07 11:30:38.005173,0 days 00:01:31.291255,0.10651081421633006,0.08039687778333524,2,0.09924733127597554,0.001420004968229381,0.0605389483605333,0.06012974865674836,0.021670875315644947,0.09701260664701891,0.00013287739727215608,26,121,0.032145232656273684,0.09793447474404027,True,True,False,1.818835131301292e-08,COMPLETE
199,0.40302694439888,2025-04-07 11:30:38.067948,2025-04-07 11:32:10.365418,0 days 00:01:32.297470,0.14508935465873868,0.06297949534761264,2,0.10414623298138619,0.018534442154787164,0.0672555984644593,0.053111049311783766,0.01874039168007178,0.08058826385105189,8.132194410583366e-05,27,58,0.023104694038418718,0.11893044926787741,True,True,False,5.9225248042769614e-08,COMPLETE
200,0.49177797436714177,2025-04-07 11:32:10.428568,2025-04-07 11:33:44.813775,0 days 00:01:34.385207,0.16639520795578733,0.010955497545029648,2,0.08669618851147426,0.025464889824967106,0.08499458675467732,0.055908775942794246,0.011704889908648895,0.08831905521160997,6.508785078235174e-05,28,61,0.02066409220823409,0.10376163625937725,True,True,False,1.325229685420833e-07,COMPLETE
201,0.6128307104110717,2025-04-07 11:33:44.877203,2025-04-07 11:35:24.736072,0 days 00:01:39.858869,0.11157893915210769,0.05429589692068591,2,0.07720701327452228,0.015450712060640297,0.07920375468869467,0.05812296295254704,0.015450820261016789,0.09103007112691114,0.00017199490983261736,25,52,0.024466554002410518,0.26914552416454135,True,False,False,2.3150393106090766e-08,COMPLETE
202,0.6118031263351441,2025-04-07 11:35:24.799662,2025-04-07 11:37:08.735439,0 days 00:01:43.935777,0.10245506204062793,0.041869928350182835,2,0.07391283096105286,0.011567221877636237,0.07751887934677813,0.05876092060413286,0.015196718464662643,0.08973921717254633,0.00015185960662166727,26,50,0.025868706931728366,0.08478239523159518,True,False,False,2.798042799737618e-08,COMPLETE
203,0.5711698174476624,2025-04-07 11:37:08.799857,2025-04-07 11:38:48.477856,0 days 00:01:39.677999,0.07302881999322178,0.035422110273726826,2,0.11618486618904701,0.01162993457461721,0.0802518656910947,0.05831376065558688,0.014677834757584142,0.09082351846002147,0.00011575883894853532,25,56,0.02422082860952913,0.12821346731240943,True,False,False,2.7491312301613733e-08,COMPLETE
204,0.09069270193576813,2025-04-07 11:38:48.542567,2025-04-07 11:40:30.844586,0 days 00:01:42.302019,0.10186032053994212,0.04931513171276916,2,0.07716104976445591,0.006543576430736029,0.07633734747096106,0.06480604806228064,0.01581738471515702,0.09348865462588732,0.00015466494296791902,26,53,0.029559636725246106,0.16025282971008648,True,False,False,2.220167980427275e-08,COMPLETE
205,0.36979847550392153,2025-04-07 11:40:30.918300,2025-04-07 11:42:17.828984,0 days 00:01:46.910684,0.09409959305024618,0.02973740158009864,2,0.08285072733834055,0.016625279867145838,0.054296613947291295,0.05955607185925131,0.01742926025671138,0.09984363016666671,0.00010445215108209208,27,51,0.027250696397206824,0.06851734135722451,True,False,False,1.7266784852211583e-08,COMPLETE
206,0.09069270193576813,2025-04-07 11:42:17.893550,2025-04-07 11:43:57.853603,0 days 00:01:39.960053,0.11987404211950127,0.07369441316311622,2,0.09496109377795164,0.0003488240258919164,0.07309406771023075,0.06302723490509049,0.01402717383615157,0.0859345327516184,0.0002023204176943934,25,55,0.018284270636338945,0.2751376154103385,True,False,False,1.2921256378168203e-08,COMPLETE
207,0.6016626000404358,2025-04-07 11:43:57.919442,2025-04-07 11:45:40.252462,0 days 00:01:42.333020,0.6406404411957478,0.051816800508416756,2,0.07520193781344145,0.022035683617164167,0.08271251742762292,0.05663760667178648,0.020704661598691554,0.08806888443692693,0.00014772270206990664,26,50,0.02246077993512536,0.08687151634953774,True,False,False,3.023778849662593e-08,COMPLETE
208,0.5703662037849426,2025-04-07 11:45:40.317626,2025-04-07 11:47:20.641769,0 days 00:01:40.324143,0.14045566853088268,0.10245756303880346,2,0.07737507346015027,0.011168553060479695,0.08011078114544455,0.0606043184285552,0.012494457724773214,0.09261340197946265,0.00017634194000852355,30,59,0.030986274957031046,0.0575322990645071,True,False,True,2.4366241322327375e-08,COMPLETE
209,0.5635549187660218,2025-04-07 11:47:20.707780,2025-04-07 11:49:09.588417,0 days 00:01:48.880637,0.5789977777872775,0.0269263980145611,2,0.08034125987239074,0.017014327630348436,0.07818316916425944,0.051959148256901,0.015786906384366365,0.08978872097009392,0.00012765641035832262,28,54,0.02623223708039751,0.10616615991104453,True,False,False,4.148522517677785e-08,COMPLETE
210,0.6038154602050781,2025-04-07 11:49:09.654204,2025-04-07 11:50:53.507610,0 days 00:01:43.853406,0.08402679656725515,0.07069060571314836,2,0.0997361250119701,0.02605698347005154,0.08350039917026571,0.05831988747409935,0.018212369485765833,0.09491808499881074,0.00020668366775773207,26,63,0.02411443574891495,0.08471666253955866,True,False,False,3.1973354790798554e-08,COMPLETE
211,0.6102701306343079,2025-04-07 11:50:53.573344,2025-04-07 11:52:40.539000,0 days 00:01:46.965656,0.15512939467948134,0.08892481182272857,2,0.06929283854044331,0.027349422177593227,0.077447760761233,0.054298487965314696,0.022086186681987172,0.09040993969590039,0.0002341094119565253,27,48,0.025699996568159772,0.11131512250416185,True,False,False,7.328418427306687e-08,COMPLETE
212,0.550739061832428,2025-04-07 11:52:40.605645,2025-04-07 11:54:26.956842,0 days 00:01:46.351197,0.15835027794004328,0.08684212821475824,2,0.0714570041809776,0.020989554031390953,0.07450327902244476,0.04965764690438082,0.021549461566025767,0.09059429735656546,0.00017135313394355065,27,45,0.028002274835067745,0.14174071856001735,True,False,False,8.620795930208387e-08,COMPLETE
213,0.5654253721237184,2025-04-07 11:54:27.033451,2025-04-07 11:56:19.897894,0 days 00:01:52.864443,0.11111498902238603,0.05772929693760574,2,0.08337641556966244,0.01235679392216957,0.07727517465090358,0.09092499613316281,0.01882476039321708,0.09645657001274939,0.00022559776121284099,29,49,0.029252661425953567,0.11252742479963013,True,False,False,1.9873650060161528e-08,COMPLETE
214,0.6035735487937928,2025-04-07 11:56:19.965124,2025-04-07 11:58:07.320545,0 days 00:01:47.355421,0.12811907909636563,0.11067808439813256,2,0.06467223608189607,0.028301433748490173,0.08021700272179301,0.05501710542720285,0.026139462186448185,0.08744009154615229,0.00014208401498883917,27,57,0.021458786726786718,0.2664320872958639,True,False,False,4.987245852940668e-08,COMPLETE
215,0.6092860817909241,2025-04-07 11:58:07.388078,2025-04-07 11:59:54.016409,0 days 00:01:46.628331,0.1527766782676479,0.042981822048212784,2,0.07133663961643481,0.017870072040412886,0.07548471650091874,0.05242087082961972,0.05672436608592252,0.08407754945498777,0.00010541851198232357,27,53,0.0257323811313531,0.12341820690810248,True,False,False,3.56957430145842e-08,COMPLETE
216,0.6126797556877136,2025-04-07 11:59:54.084131,2025-04-07 12:01:36.763897,0 days 00:01:42.679766,0.08591312057649847,0.04280804585193278,2,0.06771446724428166,0.020834882253835292,0.07507649732162992,0.05277079093260522,0.06341953504797186,0.08418579839615796,0.00011239167139813381,26,53,0.024473171779618556,0.11024868524387273,True,False,False,4.005655867846715e-08,COMPLETE
217,0.6040396809577943,2025-04-07 12:01:36.831698,2025-04-07 12:03:20.694141,0 days 00:01:43.862443,0.039288270894890745,0.035372379274043644,2,0.06888173514259817,0.020433872421287837,0.07214933690261933,0.04697810211792064,0.06191562248809902,0.08307490984937023,9.318691309366028e-05,26,52,0.024831943244599423,0.12512961932525507,True,False,False,3.627103059742621e-08,COMPLETE
218,0.5710995078086853,2025-04-07 12:03:20.764336,2025-04-07 12:05:06.418483,0 days 00:01:45.654147,0.08796466903445309,0.04217365058864128,2,0.06390086420751126,0.008532834892982195,0.07487350663441751,0.051034698453227854,0.055332119007313996,0.0847057526789087,0.00011518618715402302,27,54,0.0233599088989421,0.11942039572634829,True,False,False,2.6730354667362104e-08,COMPLETE
219,0.4441388726234436,2025-04-07 12:05:06.489730,2025-04-07 12:06:32.512979,0 days 00:01:26.023249,0.054624251950271555,0.011247727535286148,2,0.05404674322181846,0.025201420357320203,0.07611990149868808,0.05261797569862951,0.06356961752780592,0.0802767905695263,5.871215762615722e-05,25,50,0.020453677525650645,0.10594909120943753,True,True,False,4.3453710100932936e-08,COMPLETE
220,0.40631996989250185,2025-04-07 12:06:32.592432,2025-04-07 12:07:01.672841,0 days 00:00:29.080409,0.10507893988967715,0.055743821399500466,16,0.13419079929695346,0.17865329332097724,0.0695557666383589,0.057435562236179426,0.058864613503704866,0.08509330809896117,7.672267205892774e-05,26,56,0.026584107407063,0.11429451886554289,True,False,False,5.981932231442382e-08,COMPLETE
221,0.5815900444984436,2025-04-07 12:07:01.743906,2025-04-07 12:08:51.328978,0 days 00:01:49.585072,0.8203258940333972,0.09080285584473288,2,0.07212553877780127,0.029132721378508874,0.07443800515179316,0.05320804724140544,0.07014131008590917,0.08879818747227396,0.00011030423013377717,28,53,0.025659715952848456,0.10840082260287828,True,False,False,2.067917487325449e-08,COMPLETE
222,0.6104688167572022,2025-04-07 12:08:51.399141,2025-04-07 12:10:37.630407,0 days 00:01:46.231266,0.1205888561100778,0.0629295417829704,2,0.06066414981965277,0.01758029321434543,0.08167815069967448,0.05615458302346667,0.016275026784072267,0.08707036496998292,9.570499579707792e-05,27,48,0.02399181201450928,0.1005574977061725,True,False,False,3.2114865022875594e-08,COMPLETE
223,0.612105131149292,2025-04-07 12:10:37.700027,2025-04-07 12:12:25.113067,0 days 00:01:47.413040,0.13819418342699238,0.04670358113112027,2,0.05953101514097908,0.01699500134494716,0.08167276907431498,0.05635015155471943,0.01621787975623311,0.08622702817746537,8.884148787565677e-05,27,49,0.09662029482939631,0.09937196095963091,True,False,False,3.392235866807355e-08,COMPLETE
