number,value,datetime_start,datetime_complete,duration,params_alpha-eval,params_alpha-train,params_batch-size,params_eps-eval,params_eps-train,params_lambda-actions-eval,params_lambda-actions-train,params_lambda-frames-eval,params_lambda-frames-train,params_learning-rate,params_n-epochs,params_n-frames,params_radius-gw,params_rho,params_std-feats,params_ub-actions,params_ub-frames,params_weight-decay,state
953,0.5242428660392762,2025-04-21 00:23:19.789926,2025-04-21 00:24:03.564076,0 days 00:00:43.774150,0.9327795923737718,0.06937515450112604,2,0.14815081454692622,0.020477354422842597,0.056105223214614496,0.007085698130168254,0.09480256533040454,0.0482819002598867,4.508098051881409e-05,7,33,0.021791517361597894,0.26039829298529416,True,False,False,1.4542215095643529e-05,COMPLETE
954,0.45215097665786746,2025-04-21 00:24:03.857568,2025-04-21 00:24:50.508312,0 days 00:00:46.650744,0.9588785002669182,0.11223359738403,2,0.15756838320794167,0.014566754931387269,0.05281559814707071,0.010724025852426381,0.0922024248720592,0.04458364333769245,7.599013680165777e-05,8,37,0.09307014995946064,0.2768870115270751,True,False,False,1.8708405363416412e-05,COMPLETE
955,0.09069270193576813,2025-04-21 00:24:50.815145,2025-04-21 00:25:34.066126,0 days 00:00:43.250981,0.9427878746980687,0.025953537301720744,2,0.14642141698403754,0.00013823457313422507,0.05793540157209932,0.011929666565984227,0.09785206557060142,0.052053173673859685,3.584494705937024e-05,7,31,0.016446923106176174,0.2691801744450106,True,False,False,2.529446168650905e-05,COMPLETE
956,0.09069270193576813,2025-04-21 00:25:34.373620,2025-04-21 00:26:17.776186,0 days 00:00:43.402566,0.979210390768359,0.07993969925782582,2,0.17381417981567865,0.0059318695177687925,0.05458450955598873,0.014555543183029759,0.09070030713540839,0.05357761596270656,5.322468223993029e-05,7,35,0.01788443400820199,0.26043706680396456,True,False,False,1.2648273404351823e-05,COMPLETE
957,0.38166543245315554,2025-04-21 00:26:18.085456,2025-04-21 00:27:08.426175,0 days 00:00:50.340719,0.9621149261049103,0.10280401956100826,2,0.15456055146364311,0.011411834242433203,0.05796919780157024,0.01386026825040444,0.0936623641904741,0.050158775289747104,2.9385111468569086e-05,9,45,0.012383633404051683,0.2844935338225025,True,False,False,3.117392526414018e-05,COMPLETE
958,0.11511550843715668,2025-04-21 00:27:08.739627,2025-04-21 00:27:55.828751,0 days 00:00:47.089124,0.9876586331932818,0.010437376197586848,2,0.16078364023013414,0.020913344834028784,0.056091368897540815,0.010076282458296644,0.08806551082998665,0.04740586274612731,6.235027757864172e-05,10,40,0.01909871500419597,0.25573534631839373,True,False,True,3.245675942901534e-05,COMPLETE
959,0.46365534067153935,2025-04-21 00:27:56.126895,2025-04-21 00:28:43.694943,0 days 00:00:47.568048,0.9529112430461729,0.05013581350514054,2,0.14300428598230602,0.09762998620034788,0.05095504730580366,0.005993064664400081,0.08401544082555654,0.0573033381109656,4.565747944090762e-05,8,37,0.02672874529157061,0.26894028874054404,False,False,False,1.893035561523627e-05,COMPLETE
960,0.6745312571525575,2025-04-21 00:28:44.003898,2025-04-21 00:29:28.218153,0 days 00:00:44.214255,0.9750845637367788,0.13344233338025044,2,0.16494576733230087,0.01799929606116327,0.05348433860329429,0.008932344881204642,0.09665009237380276,0.04610270007464332,3.546996597537009e-05,7,30,0.015258513878036362,0.27917027642772885,True,False,False,2.4044104637691892e-05,COMPLETE
961,0.4585607647895813,2025-04-21 00:29:28.530428,2025-04-21 00:30:11.824781,0 days 00:00:43.294353,0.9423928285216716,0.07252935964975671,2,0.151831698782396,0.00898217884706944,0.05821729207703731,0.012248448163313776,0.09963778123982191,0.04867482604910074,2.965547115354291e-05,7,33,0.061148320165926556,0.26228999022078864,True,False,False,3.259853781211559e-05,COMPLETE
962,0.5474203586578369,2025-04-21 00:30:12.136989,2025-04-21 00:30:55.851942,0 days 00:00:43.714953,0.9298129544262751,0.042252915973688264,2,0.2052652331368135,0.01455724967730857,0.05524524762501343,0.01450208928322677,0.09404177120171502,0.05057333462530246,5.2074325565694375e-05,7,40,0.01181080863971704,0.25505159559498686,True,False,False,1.2372111468983532e-05,COMPLETE
963,0.09069270193576813,2025-04-21 00:30:56.167734,2025-04-21 00:31:42.932241,0 days 00:00:46.764507,0.9663321428967545,0.11794007610591435,2,0.17001778198482329,0.00448091670865218,0.05700581582514017,0.046272034482097324,0.09057172931773809,0.042198336639913236,4.195250374960662e-05,8,43,0.01454798006189847,0.1806748726522609,True,False,False,8.781976419441931e-06,COMPLETE
964,0.7982215762138367,2025-04-21 00:31:43.230250,2025-04-21 00:32:23.932904,0 days 00:00:40.702654,0.9939651593238351,0.09082517757817701,2,0.15769184540449727,0.023794857030700202,0.052361138413123565,0.010937007347211909,0.09273390818787605,0.05482559906316574,7.557091635791305e-05,6,37,0.016728137125114388,0.27392726643729853,True,False,False,2.6536271972020217e-05,COMPLETE
965,0.5371234178543092,2025-04-21 00:32:24.243228,2025-04-21 00:33:08.216494,0 days 00:00:43.973266,0.9991294055136335,0.15391533594176063,2,0.14822603360544162,0.02840199045596104,0.04946449289846375,0.009630920909841837,0.0917731656818058,0.05506891513502132,7.218832062635323e-05,7,33,0.02039127639842805,0.2732646268827391,True,False,False,2.276271977153142e-05,COMPLETE
966,0.587153959274292,2025-04-21 00:33:08.527100,2025-04-21 00:33:52.434745,0 days 00:00:43.907645,0.9991508581684583,0.1060043549633865,2,0.1551988679931266,0.02523409284395239,0.04636255253192981,0.0013630195829226043,0.09333683875595503,0.05338212292942211,4.918902469154984e-05,7,31,0.01856099957784621,0.28028755037386743,True,False,False,1.7382457866194175e-05,COMPLETE
967,0.5419436812400817,2025-04-21 00:33:52.749199,2025-04-21 00:34:33.499881,0 days 00:00:40.750682,0.9970155050484646,0.09191055534773271,2,0.14128567117217236,0.02516387298345661,0.04962625658093746,0.0083331742911035,0.09587904103291339,0.055407001618421575,8.091570379123264e-05,6,35,0.01706222718889344,0.2735405996387212,True,False,False,2.159191808251283e-05,COMPLETE
968,0.11217744648456573,2025-04-21 00:34:33.815398,2025-04-21 00:35:17.204654,0 days 00:00:43.389256,0.9755826846787601,0.11927982606092208,2,0.14475874609923017,0.020603705733745196,0.05107630481597044,0.01139754000067883,0.09199518818409745,0.05726541478660884,7.925575497962721e-05,9,12,0.020915072684661307,0.28296765002678703,True,True,False,3.599441122039061e-08,COMPLETE
969,0.4313297808170319,2025-04-21 00:35:17.505376,2025-04-21 00:36:01.187656,0 days 00:00:43.682280,0.9847983677661308,0.13528857577558415,2,0.15437073810071242,0.030398886502288877,0.05110359260790319,0.007823266756520005,0.0895872060297504,0.054313983758257585,6.658059194671032e-05,7,36,0.08639806074014916,0.26940600311887597,False,False,False,2.6955213966486092e-05,COMPLETE
970,0.45278401970863347,2025-04-21 00:36:01.502427,2025-04-21 00:36:48.758817,0 days 00:00:47.256390,0.9988746162641701,0.09955036903235552,2,0.14756149909706637,0.02224070508436514,0.051531017666804645,0.01271457445993509,0.09439559050076801,0.05341811511042518,8.370536604574296e-05,8,30,0.06834959995967681,0.2782227767795164,True,False,False,2.432102486873918e-05,COMPLETE
971,0.5682343959808349,2025-04-21 00:36:49.070741,2025-04-21 00:37:29.750541,0 days 00:00:40.679800,0.9511746583198982,0.08358761545505539,2,0.1570057212607468,0.03183128440013719,0.053139544713338135,0.009537647410178348,0.08673411457179332,0.05718944038394074,6.475765285934897e-05,6,33,0.022234362192109433,0.26633939953483976,True,False,False,1.7724739334691096e-05,COMPLETE
972,0.7558762073516847,2025-04-21 00:37:30.064848,2025-04-21 00:38:11.025119,0 days 00:00:40.960271,0.9686788589726791,0.11369482062967592,2,0.16433177562094817,0.022697509755800434,0.052981000066336985,0.0064171241294353806,0.09774367071744894,0.05447600708854297,6.010434163116181e-05,6,37,0.009426059932689742,0.2628439774218679,True,False,False,1.4366975819077658e-05,COMPLETE
973,0.44024189114570617,2025-04-21 00:38:11.341020,2025-04-21 00:38:56.248412,0 days 00:00:44.907392,0.9679459407149962,0.2357874518500255,2,0.19554198140129822,0.09068828979765822,0.054014084595217754,0.005196705396541311,0.08898004995353734,0.05144993850452569,8.52561780729871e-05,7,18,0.004863751662701672,0.27370546627039954,True,False,False,2.9410428324478087e-05,COMPLETE
974,0.5999002456665039,2025-04-21 00:38:56.550905,2025-04-21 00:39:37.553245,0 days 00:00:41.002340,0.934122542621963,0.4231094636996333,2,0.142676969160434,0.017512203011685625,0.049552375008003614,0.003474209576347564,0.09260617745268636,0.05143319294010544,7.319501701534353e-05,6,29,0.007953277903034591,0.2688816829540802,True,False,False,2.0347041281388542e-05,COMPLETE
975,0.5992129445075989,2025-04-21 00:39:37.867702,2025-04-21 00:40:18.908235,0 days 00:00:41.040533,0.9578450435198409,0.08801748427354099,2,0.1524996875842177,0.026350769739968083,0.04758658108273869,0.012239753997252913,0.09472871995100111,0.05490827986411128,5.719264128098986e-05,6,67,0.019114285540029516,0.28089846454731693,True,False,False,1.5907183830171634e-05,COMPLETE
976,0.378846025466919,2025-04-21 00:40:19.221179,2025-04-21 00:41:03.487420,0 days 00:00:44.266241,0.9992149998375135,0.13231766802761474,2,0.15054572617382603,0.18569474398052205,0.05303649431836707,0.013816018931896717,0.09667449560661572,0.05225447915676278,5.334416448066113e-05,7,34,0.013318873529430696,0.261357435749543,True,False,False,9.857834956051372e-06,COMPLETE
977,0.7973447918891907,2025-04-21 00:41:03.807258,2025-04-21 00:41:51.180113,0 days 00:00:47.372855,0.9725102926769907,0.07561445437538708,2,0.15965828522407868,0.01620818059326553,0.054946625722090456,0.009757010408751174,0.09994533246897627,0.04894020725145391,8.916455475271446e-05,8,37,0.016821247203262238,0.2846842170832397,True,False,False,3.142922907807375e-05,COMPLETE
978,0.607369613647461,2025-04-21 00:41:51.500366,2025-04-21 00:42:38.484651,0 days 00:00:46.984285,0.9573508309486429,0.10325324005770772,2,0.16212814077945537,0.03892840622144723,0.05220084964528801,0.009700469596389866,0.09965255237873528,0.04818670397432856,8.738435461415141e-05,8,38,0.01587120845872982,0.2849776459909133,True,False,False,3.299793884726553e-05,COMPLETE
979,0.09614700824022294,2025-04-21 00:42:38.787647,2025-04-21 00:43:22.530216,0 days 00:00:43.742569,0.9794164306222125,0.11448568867770004,2,0.1780865512449307,0.031175122458876558,0.051954107245900334,0.010827220322797265,0.0997872698179273,0.05051179690730898,9.515395334060445e-05,9,38,0.01141159803395696,0.28601702045738986,True,False,True,3.323117698492041e-05,COMPLETE
980,0.569713044166565,2025-04-21 00:43:22.844378,2025-04-21 00:44:09.675035,0 days 00:00:46.830657,0.9773310191891575,0.16985751985724856,2,0.1409499553756682,0.022134925792303528,0.05416090705732315,0.007637457710960454,0.09788012273960979,0.0492914092335162,8.534658281755857e-05,8,41,0.014058969883583763,0.28190756105278153,True,False,False,2.8150830519260887e-05,COMPLETE
981,0.5790632724761963,2025-04-21 00:44:09.995680,2025-04-21 00:44:59.794927,0 days 00:00:49.799247,0.9378483911677127,0.08999260328532509,2,0.1585864177088738,0.06756977864711472,0.04929205407573294,0.006929990613399198,0.09820944424535744,0.04683180966934532,7.222693517497311e-05,9,37,0.011064775639214854,0.2837464796827644,False,False,False,3.3121404041652725e-05,COMPLETE
982,0.37617434859275817,2025-04-21 00:45:00.112257,2025-04-21 00:45:47.144876,0 days 00:00:47.032619,0.9804178944069144,0.1383495943677414,2,0.16697365571782335,0.016746419532217047,0.05454144516850022,0.009817682615421744,0.09593255373047983,0.05650776819191736,7.260345233755623e-05,8,44,0.015867529055230985,0.2860537175189756,True,False,False,2.5497044892918908e-05,COMPLETE
983,0.6373973727226258,2025-04-21 00:45:47.470748,2025-04-21 00:46:37.421593,0 days 00:00:49.950845,0.9988767047805899,0.07736157762322655,2,0.14702458945923588,0.026993832294593817,0.055431062818796256,0.01155859569600563,0.09799778335224288,0.04527002832936157,0.0001028820554318914,9,34,0.0065670546749724504,0.28705561182855655,True,False,False,3.613690731358029e-05,COMPLETE
984,0.491573965549469,2025-04-21 00:46:37.742691,2025-04-21 00:47:25.458927,0 days 00:00:47.716236,0.9485784217287853,0.09922650724163053,2,0.17097282477287257,0.02105637178529842,0.05161425659810529,0.0028697633304991775,0.09969764286547966,0.04844801844406035,8.762729705982965e-05,8,31,0.01317594355687099,0.27525137184242215,True,False,False,2.9635128964067046e-05,COMPLETE
985,0.8001879453659058,2025-04-21 00:47:25.764257,2025-04-21 00:48:12.660207,0 days 00:00:46.895950,0.9298685734209429,0.11918567365749738,2,0.1547957045583613,0.0161871935566198,0.05457390708773351,0.008727242571023345,0.09604731901780209,0.052567951437356375,6.894353158444794e-05,8,39,0.009385102135911313,0.2802152137238194,True,False,False,2.4440584763306828e-05,COMPLETE
986,0.5711698174476624,2025-04-21 00:48:12.977283,2025-04-21 00:49:06.773775,0 days 00:00:53.796492,0.9310446130443966,0.15351141396482684,2,0.16260216013177906,0.03338654458305009,0.04999457242712467,0.008123227706706027,0.09517127884969696,0.051825965936615155,7.424272928540373e-05,10,41,0.0042257829517704125,0.2759880830060041,True,False,False,2.5796177931200784e-05,COMPLETE
987,0.6063682675361634,2025-04-21 00:49:07.092235,2025-04-21 00:49:57.296815,0 days 00:00:50.204580,0.9181825081181884,0.1285984759440463,2,0.2912995535052162,0.023388754099116466,0.053641241219547345,0.005194107524432071,0.09668996690540113,0.05313114716173308,4.957462336150213e-05,9,48,0.017366438601342283,0.27491294787080384,True,False,False,2.153587752133583e-05,COMPLETE
988,0.14415118098258972,2025-04-21 00:49:57.617809,2025-04-21 00:50:38.333526,0 days 00:00:40.715717,0.9252025983096817,0.15558126534392086,2,0.15658997721316475,0.016358057371499788,0.05213834425709872,0.008893358751831427,0.0961609420781648,0.05150459564125417,7.905311907810038e-05,8,46,0.007374147490978882,0.2812031664984122,True,True,False,3.6272280368386494e-05,COMPLETE
989,0.5500904083251954,2025-04-21 00:50:38.655991,2025-04-21 00:51:25.800290,0 days 00:00:47.144299,0.937265535225747,0.11952204845655187,2,0.17397057040030467,0.027946495784524822,0.05540920277552869,0.010604086514641784,0.0929032427595464,0.05620168438535366,8.884487590557933e-05,8,43,0.008724381504667497,0.27885535796775085,True,False,False,2.4528130332406268e-05,COMPLETE
990,0.6757238507270813,2025-04-21 00:51:26.104128,2025-04-21 00:52:13.121514,0 days 00:00:47.017386,0.954102353763444,0.12011760437957608,2,0.1648393341474111,0.019009177369766008,0.04819093538505469,0.006865856130927936,0.09827804343683821,0.04973922608201846,8.777732640765843e-05,8,39,0.005184752991038855,0.26976270818603637,True,False,False,2.764636226822007e-05,COMPLETE
991,0.4319977998733521,2025-04-21 00:52:13.437547,2025-04-21 00:53:00.410276,0 days 00:00:46.972729,0.9701479499244359,0.14490887797174495,2,0.15458168896261082,0.048116580784920565,0.05265679134714997,0.013754361185306038,0.09985361389560711,0.05347905920436899,6.41116663852284e-05,8,53,0.07753986351924456,0.27835899647694523,True,False,False,2.0020256358048144e-05,COMPLETE
992,0.5461551070213319,2025-04-21 00:53:00.732691,2025-04-21 00:53:51.027250,0 days 00:00:50.294559,0.9627723876431018,0.10908086798056878,2,0.15946604925325605,0.016055750650772378,0.054454697545328105,0.008635412164422691,0.09414967989709037,0.050138185401925744,6.528698458333943e-05,9,42,0.014000055837331146,0.25453585035684595,True,False,False,3.2332618480577064e-05,COMPLETE
993,0.5671949744224548,2025-04-21 00:53:51.347874,2025-04-21 00:54:38.420534,0 days 00:00:47.072660,0.9163741147524691,0.18684462089256731,2,0.15283805867148786,0.03506996749586995,0.050865088401498525,0.01122230272075389,0.09745458555703752,0.052291673499112366,6.763664235952918e-05,8,39,0.016969890432008066,0.27304833324617855,False,False,False,3.793698047046817e-05,COMPLETE
994,0.5913925170898438,2025-04-21 00:54:38.742460,2025-04-21 00:55:26.664109,0 days 00:00:47.921649,0.9414418446136114,0.13362456063242806,2,0.1819626087523655,0.026967416877479812,0.055482796287036375,0.007133210791079982,0.09572319619411973,0.05618214184376933,9.158724105144722e-05,8,121,0.010070411921339182,0.25510964847181655,True,False,False,2.25199051723502e-05,COMPLETE
995,0.8057006597518922,2025-04-21 00:55:26.988193,2025-04-21 00:56:10.768661,0 days 00:00:43.780468,0.9830968922422029,0.10858868748020976,2,0.16414596084758068,0.022774304586919404,0.05337034710232823,0.004975446816935689,0.09120038356578951,0.04712451556880633,7.407720233617374e-05,7,37,0.012734562306513693,0.2676565590585942,True,False,False,2.9130900850986086e-05,COMPLETE
996,0.5426822423934936,2025-04-21 00:56:11.076099,2025-04-21 00:56:55.235477,0 days 00:00:44.159378,0.9811986169036777,0.16070158517983932,2,0.17091241973132273,0.024014030690634198,0.04963411956049696,0.005247847842314585,0.08957322889629152,0.04469233011919973,7.367906653169034e-05,7,44,0.015037170876803636,0.2677808251451124,True,False,False,2.0634474201011512e-05,COMPLETE
997,0.11134253442287445,2025-04-21 00:56:55.557271,2025-04-21 00:57:33.889643,0 days 00:00:38.332372,0.9666837863818485,0.14392314781322718,2,0.16837105152929552,0.03878788074572753,0.05204361675781119,0.0032995897462422714,0.09071050144119502,0.04702490271665354,5.990341059658926e-05,7,41,0.016635006290923418,0.27170569541626954,True,False,True,2.4591745305377167e-05,COMPLETE
998,0.7943726062774659,2025-04-21 00:57:34.210409,2025-04-21 00:58:21.225849,0 days 00:00:47.015440,0.9511892742175839,0.11975937300110195,2,0.1638137081719124,0.014607709800418367,0.05054022654420858,0.0023061278655114098,0.0876620238788618,0.048359720281435245,0.00010778920074793526,8,39,0.013273179325518043,0.27832478057972515,True,False,False,2.7518726133479944e-05,COMPLETE
999,0.37347226142883305,2025-04-21 00:58:21.555426,2025-04-21 00:59:08.647454,0 days 00:00:47.092028,0.9997451588417144,0.1333477466855034,2,0.17247473848568698,0.013550268689279709,0.04451226577925047,0.0035758802012744954,0.08726572548541525,0.04457793623840035,9.537936168743933e-05,8,46,0.012334912721264763,0.2838379334626481,True,False,False,2.835999192059555e-05,COMPLETE
1000,0.793314278125763,2025-04-21 00:59:08.974921,2025-04-21 00:59:58.965968,0 days 00:00:49.991047,0.9750720003536666,0.15604761749985052,2,0.1871180442060193,0.012592634203352975,0.04932356795331909,0.004249085359730277,0.08729563933009626,0.04701863498020575,8.937620872702454e-05,9,37,0.011993198581665932,0.27482871349268534,True,False,False,3.4327516758589606e-05,COMPLETE
1001,0.37489027976989747,2025-04-21 00:59:59.290996,2025-04-21 01:00:49.639880,0 days 00:00:50.348884,0.9803268689795447,0.18915148594859366,2,0.18879113779140075,0.00941211073331231,0.04712475351986754,0.001163701028357608,0.08581597757520341,0.04627921305010832,0.00011743364314933622,9,44,0.011150214635342517,0.2775807541010668,True,False,False,2.9033018881225056e-05,COMPLETE
1002,0.549996268749237,2025-04-21 01:00:49.950064,2025-04-21 01:01:40.683530,0 days 00:00:50.733466,0.9581159615770619,0.13264979367522645,2,0.1914568025289284,0.011627768137514996,0.04577705083263725,0.0017250731966653241,0.08807752940401703,0.04760230227099914,0.00012038341140527643,9,42,0.011898620494198838,0.2779859831791683,True,False,False,2.6688572325448287e-05,COMPLETE
1003,0.09069270193576813,2025-04-21 01:01:41.007621,2025-04-21 01:02:33.576600,0 days 00:00:52.568979,0.9771849377033044,0.2113256786806682,2,0.1820745004794442,0.004617376527364975,0.048716976297311414,0.002195038354836691,0.08548118458957286,0.04519255518242547,0.00010366683727153034,10,50,0.009621295942710408,0.27643331343141225,True,False,False,3.359752927001485e-05,COMPLETE
1004,0.4787898421287537,2025-04-21 01:02:33.902000,2025-04-21 01:03:23.603410,0 days 00:00:49.701410,0.9579607531064439,0.15349470322652375,2,0.1825869443997186,0.013488065417399685,0.047370298593095245,0.00632319148508574,0.08310498803068783,0.0431120145986387,0.00010862971128868491,9,39,0.04471245934469084,0.28124900316716317,True,False,False,2.3903464382214406e-05,COMPLETE
1005,0.5712534666061402,2025-04-21 01:03:23.927891,2025-04-21 01:04:17.544616,0 days 00:00:53.616725,0.9816122713948989,0.15905626261213351,2,0.19183685546735207,0.009538329790073572,0.04540831768133614,0.0029331847954429738,0.08934897131553765,0.0474365979971565,9.944753003099468e-05,10,37,0.007888019804592018,0.277239990852581,False,False,False,3.244053401860609e-05,COMPLETE
1006,0.3772200226783753,2025-04-21 01:04:17.871131,2025-04-21 01:05:05.432764,0 days 00:00:47.561633,0.9996475019632726,0.19616430398614765,2,0.18590950737995746,0.21514457546940063,0.048378468070400235,0.005151015027008795,0.0865354236092053,0.05008447841509108,9.300131986631426e-05,8,39,0.012451021885798249,0.27376178351935276,True,False,False,2.1268917802705167e-05,COMPLETE
1007,0.5507077097892761,2025-04-21 01:05:05.759294,2025-04-21 01:05:56.203027,0 days 00:00:50.443733,0.9467841689518031,0.16314907044105198,2,0.17649201165060688,0.01595735462095205,0.04374456566679011,0.004168795260620247,0.08854122704494696,0.04896248077273347,9.453455982272412e-05,9,42,0.009874681936611503,0.2858855070807678,True,False,False,2.8193898333762778e-05,COMPLETE
1008,0.3090966582298279,2025-04-21 01:05:56.516010,2025-04-21 01:06:40.740045,0 days 00:00:44.224035,0.9779088946297566,0.16817092848932266,2,0.1972757523671229,0.005642547402858969,0.047270611345845405,0.006014526412995812,0.08472982633039806,0.04434378219920236,0.00011011900833304956,9,37,0.007019136712909425,0.26980209831361507,True,True,False,2.0489430090013747e-05,COMPLETE
1009,0.5697615742683411,2025-04-21 01:06:41.066558,2025-04-21 01:07:34.308821,0 days 00:00:53.242263,0.9994651724798332,0.14025916359466278,2,0.1785414713865881,0.021556016413030378,0.050492301030561446,0.0011353664816685883,0.09001126242067715,0.04681086362839106,0.00010106919850104995,10,41,0.012246575458840796,0.2721537481912586,True,False,False,3.8742094731113405e-05,COMPLETE
