number,value,datetime_start,datetime_complete,duration,params_alpha-eval,params_alpha-train,params_batch-size,params_eps-eval,params_eps-train,params_lambda-actions-eval,params_lambda-actions-train,params_lambda-frames-eval,params_lambda-frames-train,params_learning-rate,params_n-epochs,params_n-frames,params_radius-gw,params_rho,params_std-feats,params_ub-actions,params_ub-frames,params_weight-decay,state
840,0.5708924293518067,2025-04-20 23:26:39.621462,2025-04-20 23:27:00.990953,0 days 00:00:21.369491,0.8171901288479348,0.0506419304174269,16,0.16842607534851553,0.012746913639461312,0.06143454628933654,0.013797334263333197,0.0834778634572784,0.025078958172576618,0.0483464005809796,10,14,0.012314868871153925,0.287818674521225,True,False,False,0.00010919444363453308,COMPLETE
841,0.09771583378314973,2025-04-20 23:27:01.263724,2025-04-20 23:27:19.118975,0 days 00:00:17.855251,0.6726436821005961,0.07104816490816446,16,0.13279398724826214,0.023600605470099668,0.05155037994353884,0.036218022608676244,0.06056157292809242,0.032264765528941294,3.7308887369943506e-05,5,36,0.007986390270315025,0.23682867230899352,True,False,True,2.3125684938850305e-06,COMPLETE
842,0.4170210540294647,2025-04-20 23:27:19.396063,2025-04-20 23:27:38.943389,0 days 00:00:19.547326,0.7398799703518797,0.030137266832562314,16,0.17991646868744782,0.004828583018969565,0.05801112092716665,0.03344514706067308,0.021182256472989075,0.012170295833386177,2.5134580554176774e-05,5,33,0.010725364240508182,0.25152318356404163,False,False,False,3.463305386481016e-06,COMPLETE
843,0.36490966081619264,2025-04-20 23:27:39.205864,2025-04-20 23:28:00.755676,0 days 00:00:21.549812,0.44424812107159195,0.05216515912427639,16,0.15264073404097872,0.0157030668455879,0.055117254848809596,0.05178271709471598,0.06390296991390887,0.02884463321465133,6.361132547483226e-05,9,47,0.005461868152787621,0.24519345633832143,True,False,False,1.8821548382631063e-06,COMPLETE
844,0.431220555305481,2025-04-20 23:28:01.030922,2025-04-20 23:28:22.359414,0 days 00:00:21.328492,0.8657215735073751,0.07170048562177511,16,0.14028365926130507,0.008901524488166973,0.059758586566929284,0.09466935536838726,0.06754450128380454,0.030047112465858592,3.110191518743781e-05,6,107,0.014956746213600915,0.27279148968721945,True,False,False,3.5877520819495084e-05,COMPLETE
845,0.09069270193576813,2025-04-20 23:28:22.635902,2025-04-20 23:28:41.651298,0 days 00:00:19.015396,0.6553099023086231,0.08305771399655679,16,0.2761764137537831,0.0006549742296397317,0.0533307083704214,0.022143344539038802,0.05633116413482493,0.03393876806204929,5.2147727645092706e-05,5,38,0.008154345731352031,0.2574410854953372,True,False,False,8.05004527692187e-05,COMPLETE
846,0.4796681225299836,2025-04-20 23:28:41.913028,2025-04-20 23:29:06.946747,0 days 00:00:25.033719,0.6896731508682268,0.027277321898740072,16,0.15689643512285947,0.02831205943199586,0.0570134535962858,0.02999242467677713,0.07059910231799343,0.00530400640697817,1.3078276201466374e-05,17,26,0.07301764881846003,0.29324660026507976,True,False,False,5.338733673961691e-05,COMPLETE
847,0.7661535978317262,2025-04-20 23:29:07.224264,2025-04-20 23:29:27.590957,0 days 00:00:20.366693,0.7136226901527132,0.046089776241333265,16,0.14494247987247377,0.01844757965963771,0.02213995661153024,0.025347288088155024,0.0764881733650109,0.017787547288020504,4.0563632035759644e-05,6,30,0.0033451626186312396,0.2326760714883422,True,False,False,1.3006245266792841e-06,COMPLETE
848,0.5358115553855896,2025-04-20 23:29:27.868719,2025-04-20 23:30:05.806595,0 days 00:00:37.937876,0.7654228428527579,0.010059352890663585,2,0.1662662952145244,0.010275346043647132,0.06254806135882472,0.03945053579689957,0.062290967584380935,0.026509502778686973,2.171786063067225e-05,5,42,0.01231934486632652,0.2519612729726926,True,False,False,1.6359297614547932e-05,COMPLETE
849,0.8089523792266846,2025-04-20 23:30:06.069257,2025-04-20 23:30:27.332385,0 days 00:00:21.263128,0.9392715159951552,0.28540580865432597,16,0.12799880398202845,0.022492110900803858,0.05497000886430819,0.03305789681296636,0.09007298221139401,0.07487808367490581,2.622744106648712e-05,8,35,0.00978090167278709,0.24537053807581902,True,False,False,4.6993288337372366e-05,COMPLETE
850,0.7650972962379456,2025-04-20 23:30:27.607328,2025-04-20 23:30:48.352200,0 days 00:00:20.744872,0.8152310231870842,0.2687004402187695,16,0.1307268403226158,0.032964200060198436,0.05822160144354878,0.033973474047178466,0.0881228548988338,0.0711416436431053,1.6251876889533005e-05,7,39,0.013384647672211425,0.2400738088617772,True,False,False,5.428469082400798e-05,COMPLETE
851,0.44527412652969367,2025-04-20 23:30:48.627632,2025-04-20 23:31:09.914845,0 days 00:00:21.287213,0.9468769826152312,0.42899080557326835,16,0.1346377847930288,0.02849226274600569,0.055270489912136296,0.03238843314195325,0.09309073969718026,0.07399356741681404,3.445506267344403e-05,9,36,0.06635844908024802,0.2459630869011732,True,False,False,4.2823715638402805e-05,COMPLETE
852,0.17848947048187255,2025-04-20 23:31:10.179116,2025-04-20 23:31:29.273478,0 days 00:00:19.094362,0.9516029304347416,0.32012783625404945,16,0.1252359763904454,0.23869045072983783,0.06022027803441005,0.03576089567457264,0.09798470243597765,0.07696073695032889,1.8853266013284575e-05,8,35,0.017325940436474997,0.2398372939091219,True,True,False,4.436111728705017e-05,COMPLETE
853,0.5630348086357118,2025-04-20 23:31:29.549341,2025-04-20 23:31:50.590659,0 days 00:00:21.041318,0.9203108844111462,0.24534842895710443,16,0.12852004709210507,0.03793054000701252,0.05677712985489813,0.03201579700290943,0.09141420032296409,0.07486174261001223,2.50516313261582e-05,8,45,0.02244227232195172,0.24647089950847653,True,False,False,3.291707472243803e-05,COMPLETE
854,0.6805054068565369,2025-04-20 23:31:50.871103,2025-04-20 23:32:11.193613,0 days 00:00:20.322510,0.983224247643701,0.2970192681540017,16,0.13581421852922193,0.023258759232614366,0.06187279727646505,0.029998905403851705,0.0951119606083152,0.07747984659440252,4.560391801120053e-05,7,39,0.010712671013345422,0.23587882720933195,True,False,False,6.364562869874929e-05,COMPLETE
855,0.5507723331451416,2025-04-20 23:32:11.474214,2025-04-20 23:32:33.095288,0 days 00:00:21.621074,0.9308935987508832,0.2277145970125965,16,0.12546242473212835,0.02444340666341531,0.05851941026905608,0.03490405866673061,0.08232126151507148,0.07605080265387121,6.098752841731998e-05,10,34,0.015859741507967977,0.2560079497365576,False,False,False,7.037303101255294e-05,COMPLETE
856,0.6179068684577942,2025-04-20 23:32:33.360982,2025-04-20 23:32:57.704943,0 days 00:00:24.343961,0.9484032121151479,0.27931225764005324,8,0.12913674246904605,0.030834657219856447,0.09352514982332975,0.037653616929035905,0.08044873528286463,0.07569728971962682,3.123183888741094e-05,8,37,0.013382420394188039,0.24895267479866184,True,False,False,2.154924685099124e-05,COMPLETE
857,0.5463672518730164,2025-04-20 23:32:57.982069,2025-04-20 23:33:19.485078,0 days 00:00:21.503009,0.9546047062088863,0.361524406958477,16,0.13987524856975017,0.02096731127583394,0.05572699989056984,0.03327054944145757,0.0998283646366468,0.08443266295734896,2.337459624688204e-05,9,43,0.018795307104369264,0.23094900735184684,True,False,False,3.466142680524446e-05,COMPLETE
858,0.6036860823631287,2025-04-20 23:33:19.766333,2025-04-20 23:33:40.707573,0 days 00:00:20.941240,0.9011052467639112,0.4777047358216218,16,0.13228541159618348,0.018344040832807624,0.060166354482284905,0.031125351241815487,0.09650580861862165,0.08034722777512174,3.918288899789266e-05,8,41,0.010373771258722462,0.2445633226826639,True,False,False,4.772478917905392e-05,COMPLETE
859,0.48406567573547366,2025-04-20 23:33:40.974010,2025-04-20 23:34:01.927115,0 days 00:00:20.953105,0.9028217357785007,0.09307882692566523,16,0.1244181462228894,0.03818412411486938,0.05768479547769414,0.028325253234004387,0.0979917410345479,0.07817060819428494,5.002463891305982e-05,8,34,0.037244703292131504,0.2529638714443065,True,False,False,2.7690829006223675e-05,COMPLETE
860,0.09446624517440796,2025-04-20 23:34:02.207070,2025-04-20 23:34:21.515420,0 days 00:00:19.308350,0.794837494625968,0.18605744644998906,16,0.1346312958262336,0.026536569462015547,0.06280162813607626,0.03630694568014535,0.09645311108016033,0.07411196919468435,2.8348202730881775e-05,8,38,0.006240711824894487,0.26528830981653057,True,False,True,8.196275664656033e-05,COMPLETE
861,0.7776052832603455,2025-04-20 23:34:21.796284,2025-04-20 23:34:43.526750,0 days 00:00:21.730466,0.9309430752129653,0.39864425055955816,16,0.11829949464415251,0.016347754273005687,0.056007375854430705,0.033603053530521,0.07875732112804057,0.07196859456729876,3.325681621237754e-05,9,36,0.015481579400259014,0.24028698739235044,True,False,False,5.527518198825669e-05,COMPLETE
862,0.6866352438926697,2025-04-20 23:34:43.792112,2025-04-20 23:35:05.103820,0 days 00:00:21.311708,0.7676731524856117,0.08577967591518901,16,0.14282506726433192,0.021803791570086946,0.06040206573087441,0.030216100188458283,0.09052880437661308,0.07314886055199069,2.0771456866457793e-05,8,32,0.012272060677556564,0.0699731729248269,True,False,False,4.3753884299010346e-05,COMPLETE
863,0.5316941499710083,2025-04-20 23:35:05.382723,2025-04-20 23:35:25.987615,0 days 00:00:20.604892,0.8098028897910792,0.12189870212829945,16,0.12382728629867626,0.01398773016406866,0.0541440382584674,0.028629618120093188,0.08913985868167668,0.07960887318118391,4.3215634884554704e-05,7,40,0.020580806837305735,0.2594175734019856,True,False,False,3.6681637887057245e-05,COMPLETE
864,0.617828643321991,2025-04-20 23:35:26.267758,2025-04-20 23:35:46.765004,0 days 00:00:20.497246,0.9657340669770655,0.34642193129783677,16,0.11650234588861169,0.005613485329073461,0.05888544266271324,0.02645650205319544,0.016168452929690262,0.008215728992130765,6.335349256419794e-05,7,33,0.0041134343183356365,0.2499186082806722,True,False,False,0.00010065942052908741,COMPLETE
865,0.40280057787895207,2025-04-20 23:35:47.046496,2025-04-20 23:36:07.220647,0 days 00:00:20.174151,0.8422788089401282,0.21981900062325818,16,0.13888821347600278,0.03162674093015395,0.0638734852358612,0.04783568758417002,0.08537852627388208,0.07303017504373699,1.7393485458255756e-05,7,37,0.008886494842706379,0.21670074430916694,False,False,False,2.5538262758732167e-05,COMPLETE
866,0.5345152258872986,2025-04-20 23:36:07.487715,2025-04-20 23:36:28.165242,0 days 00:00:20.677527,0.9182643062866149,0.4079907319931244,16,0.12961733958316687,0.010212317360988163,0.05715973084863544,0.03531914671441428,0.09475806705701544,0.08167615102025547,2.5753189317381672e-05,7,43,0.017470322272384372,0.22712480255165018,True,False,False,5.562935919422178e-05,COMPLETE
867,0.6805302858352662,2025-04-20 23:36:28.446849,2025-04-20 23:36:49.890106,0 days 00:00:21.443257,0.9854100948642781,0.19571539509298513,16,0.11249182508998114,0.01922976985293065,0.06185420645065213,0.031962326898698906,0.0190582262175377,0.031067265635481966,3.676546899088744e-05,9,32,0.014317524681612813,0.23541031253407338,True,False,False,4.338249276110605e-05,COMPLETE
868,0.6934825181961061,2025-04-20 23:36:50.171904,2025-04-20 23:37:20.764021,0 days 00:00:30.592117,0.7840425701884046,0.3342581565240672,16,0.12128631011689253,0.0255586869992118,0.05509929975988764,0.038276531145310426,0.09365186234936108,0.019735337761910464,2.8080018877430237e-05,30,35,0.010230534999841953,0.24490600132510512,True,False,False,6.686824203955346e-05,COMPLETE
869,0.8073639273643494,2025-04-20 23:37:21.032019,2025-04-20 23:37:41.167163,0 days 00:00:20.135144,0.969880820625445,0.09979335370435892,16,0.1474814157138182,0.014653223578912185,0.05911901514374797,0.03428194874814926,0.09237519431015932,0.07012718711376414,5.480729646597473e-05,6,39,0.006812639033611292,0.2565833604014903,True,False,False,2.9282555401082715e-05,COMPLETE
870,0.5173973202705384,2025-04-20 23:37:41.447001,2025-04-20 23:38:01.573169,0 days 00:00:20.126168,0.9901814919615706,0.21281081737208352,16,0.1472001330724435,0.004631432977327762,0.05762147100421475,0.03006311754419525,0.09246283098507241,0.0230997571832067,5.522003835414633e-05,6,48,0.008201919554414055,0.25394040910531407,True,False,False,1.8648615234899523e-05,COMPLETE
871,0.09069270193576813,2025-04-20 23:38:01.854589,2025-04-20 23:38:41.577765,0 days 00:00:39.723176,0.986062829264851,0.1629244891046518,2,0.14666993490266342,0.00019634938171122357,0.05226344759936191,0.018047689510298042,0.09037559648804289,0.06975793701798656,7.151171657236355e-05,6,44,0.011069244235844058,0.0986452240171671,True,False,False,2.86420551669022e-05,COMPLETE
872,0.09881272166967393,2025-04-20 23:38:41.860751,2025-04-20 23:39:00.226198,0 days 00:00:18.365447,0.48308842975544086,0.06837864752798824,16,0.14298691381870648,0.011865507435742922,0.060118392802287285,0.02799287299118438,0.09464426961480156,0.06997471708493552,5.875097627436942e-05,7,41,0.007161395737532227,0.2619516315253349,True,True,False,2.0935383952639575e-05,COMPLETE
873,0.53641756772995,2025-04-20 23:39:00.496461,2025-04-20 23:39:21.214635,0 days 00:00:20.718174,0.9696830753882001,0.31175245712161204,16,0.15347082700050524,0.009855711568767262,0.05455036489251722,0.06217608747659284,0.08690521293128943,0.03318877376381251,6.716180218351173e-05,6,40,0.009478655897953978,0.24134952093966758,True,False,False,2.2796743715343917e-05,COMPLETE
874,0.38807483315467833,2025-04-20 23:39:21.495902,2025-04-20 23:39:43.777568,0 days 00:00:22.281666,0.9758429819807931,0.08544919056248125,16,0.1361221627341702,0.14418586373761863,0.06366616247727878,0.024598011644821373,0.09973198009226382,0.09944622999544975,4.897129413009923e-05,11,38,0.011586592936579673,0.24857689236170966,True,False,False,3.054140633451054e-05,COMPLETE
875,0.4381651520729065,2025-04-20 23:39:44.062361,2025-04-20 23:40:04.600083,0 days 00:00:20.537722,0.9630354751926555,0.06435780893963622,16,0.14970761421423534,0.018754063569270285,0.056203447828300765,0.03134012337570015,0.09517681386659972,0.03591451325464018,7.85393414551225e-05,7,52,0.008576946932595034,0.2363167805040761,True,False,False,3.387092520527454e-05,COMPLETE
876,0.5945441603660584,2025-04-20 23:40:04.887715,2025-04-20 23:40:25.204662,0 days 00:00:20.316947,0.9966218722358435,0.1030927058787354,16,0.14134047480415454,0.024504241541179937,0.05858264296611639,0.03234055315532888,0.0958130350754644,0.039254859024645795,5.3972260555568716e-05,6,45,0.006913642344445414,0.25452687816351655,True,False,False,2.6511956697211917e-05,COMPLETE
877,0.5502296447753907,2025-04-20 23:40:25.474600,2025-04-20 23:40:46.252737,0 days 00:00:20.778137,0.9351190045020794,0.14056353307862227,16,0.15264816878493487,0.006558007739979184,0.06215154860982315,0.029121366457679924,0.0901596679978991,0.0028804692667410564,4.82927052827286e-05,8,41,0.013804634849321352,0.2467815690891721,False,False,False,3.904607825588729e-05,COMPLETE
878,0.5451778054237366,2025-04-20 23:40:46.536343,2025-04-20 23:41:09.259276,0 days 00:00:22.722933,0.9967951979538668,0.07899588727810616,8,0.14840618163920372,0.01490796466451836,0.00125616156541343,0.04979513172571594,0.09737972238544325,0.025595218061236803,6.948707988585896e-05,6,38,0.012141206221822708,0.2678329287907658,True,False,False,3.15057327493082e-05,COMPLETE
879,0.7367891073226929,2025-04-20 23:41:09.545922,2025-04-20 23:41:30.426579,0 days 00:00:20.880657,0.9635982162525112,0.24608643222941856,16,0.13955058945750784,0.020624806610662197,0.06062818521808026,0.026836287095144063,0.09440127137667273,0.029608166985116875,4.365930057679637e-05,7,39,0.010091325505357598,0.2607071404316041,True,False,False,1.4567194339518102e-05,COMPLETE
880,0.08783577382564545,2025-04-20 23:41:30.696356,2025-04-20 23:41:48.913943,0 days 00:00:18.217587,0.9304231253319916,0.3755751616680118,16,0.13022860316048376,0.013886995733545598,0.05726010390841981,0.022206327949789335,0.0968038732181465,0.015125976106403195,6.06897830997223e-05,6,43,0.006522113594356114,0.23015346358699243,True,False,True,2.4340592876249797e-05,COMPLETE
881,0.6291091084480286,2025-04-20 23:41:49.196475,2025-04-20 23:42:09.185139,0 days 00:00:19.988664,0.9473183042803597,0.058278807550650374,16,0.14813396363801726,0.007476031341345857,0.05366285015849201,0.03411455977367556,0.08893993634425852,0.07154757071573388,4.046155796607335e-05,6,36,0.015537014541263237,0.2427342932976271,True,False,False,3.936855625399532e-05,COMPLETE
882,0.09069270193576813,2025-04-20 23:42:09.470112,2025-04-20 23:42:28.654465,0 days 00:00:19.184353,0.9486161030751755,0.09624686603559003,16,0.14273774211496973,0.00025353564067307106,0.04995936233793619,0.015973620751408513,0.09083942550042859,0.0011019077414672928,5.160242112730819e-05,6,36,0.018894734683423058,0.25182426706909045,True,False,False,4.945155920467454e-05,COMPLETE
883,0.4762080669403076,2025-04-20 23:42:28.943184,2025-04-20 23:42:59.157786,0 days 00:00:30.214602,0.4220256101560326,0.04884269089170795,16,0.13258269656937302,0.04615085966098442,0.05874829982974429,0.030821835787302083,0.09909344235702264,0.0690898535799501,8.273686107321799e-05,26,56,0.008633834234172699,0.02498642482899098,True,False,False,3.257561829605758e-05,COMPLETE
884,0.594966197013855,2025-04-20 23:42:59.429988,2025-04-20 23:43:20.077686,0 days 00:00:20.647698,0.9744145701523862,0.12222957313273314,16,0.15662388414024883,0.029292739201968156,0.055531074583726574,0.03264377160940181,0.09439690436620717,0.032047202170537754,3.638759624021206e-05,7,41,0.01314554153628778,0.22110632195138624,True,False,False,2.0917158371726987e-05,COMPLETE
885,0.811919665336609,2025-04-20 23:43:20.363993,2025-04-20 23:43:40.293336,0 days 00:00:19.929343,0.9684913013314495,0.0754489434600106,16,0.12335837885052627,0.020008235829773173,0.06399258013143298,0.012183627486764319,0.09210474913112336,0.04531983663476443,4.78969077323105e-05,5,35,0.016541356854990783,0.23869940719759358,True,False,False,4.539488955753067e-05,COMPLETE
886,0.7470679640769958,2025-04-20 23:43:40.580670,2025-04-20 23:44:00.263421,0 days 00:00:19.682751,0.9459276491589071,0.05894625376406924,16,0.12497656909266329,0.0357417018503573,0.06421927098476825,0.012103332301623575,0.09126324373977225,0.04807995244724999,4.434633516921147e-05,5,33,0.021190458042888227,0.2582307175877394,True,False,False,5.859665063805568e-05,COMPLETE
887,0.7808726906776429,2025-04-20 23:44:00.536976,2025-04-20 23:44:20.566820,0 days 00:00:20.029844,0.9995938085154289,0.07148516953152687,16,0.2097245524649443,0.024421029259821682,0.06411914592090014,0.010670661093386652,0.08767789947420641,0.0380073499043697,4.356248222782116e-05,6,35,0.020113381273307054,0.26772870198178883,True,False,False,1.8827214327562903e-08,COMPLETE
888,0.39154903292655946,2025-04-20 23:44:20.852810,2025-04-20 23:44:40.156985,0 days 00:00:19.304175,0.9636095659219255,0.03088640608934691,16,0.12703772752319298,0.030944713875044425,0.06577442214322962,0.007858256929481305,0.09124054328368598,0.041401303220258326,5.207495151245521e-05,5,33,0.016984544655866563,0.2494553220198682,False,False,False,4.5425169846072936e-05,COMPLETE
889,0.5278952956199646,2025-04-20 23:44:40.442618,2025-04-20 23:45:01.253112,0 days 00:00:20.810494,0.9712881193335083,0.04482805929949703,16,0.12209906039252585,0.02083904764945739,0.04114390838511144,0.012729807169179388,0.09232616034418083,0.043677994955034175,3.9867194483835174e-05,8,37,0.018435600867093716,0.2557891066349856,True,False,False,7.781759127809127e-05,COMPLETE
890,0.6072728633880615,2025-04-20 23:45:01.542475,2025-04-20 23:45:31.220079,0 days 00:00:29.677604,0.981369390560702,0.0836301552676222,16,0.13425007282454476,0.013669558562364351,0.06548525781081449,0.010046383225207206,0.08895585267477907,0.047441738334789964,3.250228788640469e-05,23,82,0.0162249202791562,0.262634020504129,True,False,False,3.751352659043383e-05,COMPLETE
891,0.1509667694568634,2025-04-20 23:45:31.497820,2025-04-20 23:45:49.009560,0 days 00:00:17.511740,0.9657573975762436,0.5421749150796664,16,0.12924219547477592,0.22365742575203074,0.06286164329769967,0.015717492096991418,0.09369767930698344,0.04373549114382708,4.9161220501917614e-05,5,31,0.018255671100149386,0.2436701415390744,True,True,False,2.6577179298901104e-05,COMPLETE
892,0.786437714099884,2025-04-20 23:45:49.296729,2025-04-20 23:46:09.774914,0 days 00:00:20.478185,0.8929340487278447,0.06284579050654884,16,0.13667175821443947,0.02523586277479707,0.051921541830370184,0.01872141911419853,0.09416166522070721,0.04566625819803759,3.508261010928789e-05,7,36,0.015477908012678487,0.24994629228942689,True,False,False,1.6125397683080052e-05,COMPLETE
893,0.642736828327179,2025-04-20 23:46:10.061987,2025-04-20 23:46:57.682039,0 days 00:00:47.620052,0.9352357023254206,0.28761509156709797,2,0.13578897321426806,0.03180775407489037,0.048508397282358146,0.014187051323687114,0.09237389254542924,0.044321866902012244,3.813195702829849e-05,8,38,0.014989715800056555,0.2385938813670173,True,False,False,1.0615539818466843e-05,COMPLETE
894,0.6356076359748841,2025-04-20 23:46:57.973816,2025-04-20 23:47:19.476625,0 days 00:00:21.502809,0.9129240152601583,0.09573906372105419,16,0.13861730188674087,0.03992123489939203,0.04869717226029168,0.01802595361957442,0.09217022857597527,0.04643775421496583,4.748812213706515e-05,8,35,0.014121727925041079,0.2450327363470571,True,False,False,1.4298124256553085e-05,COMPLETE
895,0.5907971739768982,2025-04-20 23:47:19.753677,2025-04-20 23:47:40.539224,0 days 00:00:20.785547,0.9981096498252364,0.1143640007869998,16,0.14157890565094447,0.03576336596654337,0.04656259310453049,0.014597658268250801,0.09519121163105108,0.052242345639633106,3.676285895331369e-05,7,40,0.015746258606584147,0.2472308361394348,True,False,False,1.4937628212130724e-05,COMPLETE
