number,value,datetime_start,datetime_complete,duration,params_alpha-eval,params_alpha-train,params_batch-size,params_eps-eval,params_eps-train,params_lambda-actions-eval,params_lambda-actions-train,params_lambda-frames-eval,params_lambda-frames-train,params_learning-rate,params_n-epochs,params_n-frames,params_radius-gw,params_rho,params_std-feats,params_ub-actions,params_ub-frames,params_weight-decay,state
1400,0.4507696926593781,2025-04-07 22:14:25.491547,2025-04-07 22:14:52.942712,0 days 00:00:27.451165,0.7752409113558834,0.17459388861520483,8,0.12615325754391757,0.00036570030566479214,0.0153962215083851,0.08372991081483745,0.06691592810807258,0.062011279948659334,0.00032194380911888955,16,31,0.0570977076203493,0.2763470037582346,False,False,True,1.8771105482438417e-06,COMPLETE
1401,0.09167845845222473,2025-04-07 22:14:53.408791,2025-04-07 22:15:19.432382,0 days 00:00:26.023591,0.05169754246329234,0.15374301519956723,8,0.13289771525848013,0.00019556565689961627,0.024973614135153685,0.015644671989439297,0.06337637970487126,0.057205100405751545,0.00047651205992668217,15,43,0.05353896057812477,0.28371183777255377,False,True,True,2.4765530629659775e-06,COMPLETE
1402,0.5872279882431031,2025-04-07 22:15:19.877720,2025-04-07 22:15:56.474974,0 days 00:00:36.597254,0.11847435179463169,0.7807999040558995,8,0.15620483428120222,0.018934651039306166,0.018330559280994342,0.012893866323391016,0.06003011287695005,0.05887508199479909,0.0006438436719778479,30,35,0.031159837199536453,0.29941803113069215,False,False,True,3.910656932365259e-06,COMPLETE
1403,0.5465519666671753,2025-04-07 22:15:56.920649,2025-04-07 22:16:53.844243,0 days 00:00:56.923594,0.07973713541143601,0.1697668700351872,2,0.14070522169948457,0.007177353604819519,0.015884405846440533,0.0656043432199407,0.0650890539485215,0.020189302749118492,0.00018496688899922136,14,39,0.051501760288324594,0.2903042545380444,False,False,True,1.9908443282380873e-06,COMPLETE
1404,0.5954599976539612,2025-04-07 22:16:54.289546,2025-04-07 22:17:20.415499,0 days 00:00:26.125953,0.046548925001679925,0.12787522519000033,8,0.14658712288815623,0.012323380491804713,0.01963865948287275,0.018071727673419163,0.06318321004995277,0.06557716630383394,0.0004027495376434439,15,30,0.05480528456233164,0.1729387173180753,True,False,True,1.4440965994606035e-06,COMPLETE
1405,0.5710692167282105,2025-04-07 22:17:20.860496,2025-04-07 22:17:48.800053,0 days 00:00:27.939557,0.06941593812569,0.14192444602283022,8,0.1380994101717005,0.01865796851980317,0.022153651383831404,0.015795009315991856,0.06147305483216315,0.06355810543414946,0.0005157180461998345,17,34,0.05700158528961856,0.2814355604752089,False,False,True,2.8548807616668635e-06,COMPLETE
1406,0.5741979718208313,2025-04-07 22:17:49.243505,2025-04-07 22:18:14.966684,0 days 00:00:25.723179,0.09474778749471346,0.17098971907735458,8,0.13222648734011644,0.0061464654718652,0.017000266512698668,0.09885020463291923,0.06766186856896406,0.055804652041970465,0.00026738037035621044,14,37,0.05892171647261573,0.2735793227618344,False,False,True,1.7230860383645814e-06,COMPLETE
1407,0.6401509404182435,2025-04-07 22:18:15.426789,2025-04-07 22:18:42.611587,0 days 00:00:27.184798,0.05033397408512436,0.1003123074680031,8,0.1517645979097861,0.013752993600393138,0.014837872778091636,0.01939216955091613,0.06964909280905589,0.06076883363441332,0.0003415772755981885,16,32,0.051106156835006425,0.2939671647799545,False,False,True,2.477334847074128e-06,COMPLETE
1408,0.3545485734939575,2025-04-07 22:18:43.058819,2025-04-07 22:19:10.159884,0 days 00:00:27.101065,0.044647184047343955,0.15060881030342996,8,0.12413871221713316,0.010012521957078213,0.01943514498085296,0.012436642725472222,0.05787381468660667,0.05766037670665926,0.0004461075262660974,15,64,0.05459230351839087,0.2871351629676509,False,False,True,1.3479336295808816e-06,COMPLETE
1409,0.224568647146225,2025-04-07 22:19:10.610421,2025-04-07 22:19:37.839393,0 days 00:00:27.228972,0.9399350713671608,0.12029886817931651,8,0.1455832203440239,0.019536517586720918,0.023821356341814738,0.06448201672224368,0.06541243379246202,0.06774507513614396,0.0006257253602322568,16,41,0.06228091445748697,0.29984588384352834,False,False,True,3.740108863881664e-06,COMPLETE
1410,0.30858057737350464,2025-04-07 22:19:38.286056,2025-04-07 22:20:04.128865,0 days 00:00:25.842809,0.8945662249522096,0.17525029091637773,8,0.13923793844341983,0.020632745172332524,0.01724858261754113,0.017293191156668865,0.06130132553128716,0.0590869660262315,0.01293529760083074,14,35,0.053321902200478694,0.2911322652242337,False,False,True,1.8615988985764967e-06,COMPLETE
1411,0.6820810198783875,2025-04-07 22:20:04.572464,2025-04-07 22:20:31.320540,0 days 00:00:26.748076,0.12577234371237553,0.136632226357801,8,0.1296745272702869,0.014020586781861057,0.021169978115357157,0.014722812422669,0.04388031006328547,0.054931788464686625,0.0005284742680934794,15,30,0.06062421513505025,0.2778880868067208,False,False,True,1.1612516217622212e-06,COMPLETE
1412,0.4965171217918396,2025-04-07 22:20:31.786835,2025-04-07 22:20:59.634627,0 days 00:00:27.847792,0.0728998863651294,0.49322531591421565,8,0.14342447081382198,0.07871646192168484,0.018977202405059256,0.019667333626881743,0.06613655988861779,0.06276160435815573,0.00036040379412797,17,38,0.05124670094313796,0.28609604742823896,False,False,True,4.865504398379466e-06,COMPLETE
1413,0.7024574756622315,2025-04-07 22:21:00.082229,2025-04-07 22:21:26.062069,0 days 00:00:25.979840,0.04455493176019925,0.09879947000809394,8,0.1357328589044141,0.006547705202721115,0.028650553185353114,0.012893481151778477,0.06351687906199366,0.05424759099362336,0.00024683593617343656,14,33,0.056618484671720294,0.2950362948649078,False,False,True,2.181483186389533e-06,COMPLETE
1414,0.10743295401334764,2025-04-07 22:21:26.513173,2025-04-07 22:21:53.295643,0 days 00:00:26.782470,0.09476864266848443,0.9983359543758554,8,0.1563554646028208,0.022206485186147356,0.015523517038906913,0.017357880587012806,0.07412730708893736,0.057488431701584713,0.0004365538611756658,15,36,0.05543251603014616,0.2710483281489839,False,False,True,1.6447295425727822e-06,COMPLETE
1415,0.6985395550727844,2025-04-07 22:21:53.745246,2025-04-07 22:22:21.080416,0 days 00:00:27.335170,0.06655513863303207,0.16173618556367272,8,0.1311649114496367,0.014506513158909082,0.02245187809715098,0.015016929465714783,0.06870345321467095,0.059666429794337214,0.000633144089673669,16,30,0.05812539718447865,0.29985323412940723,False,False,True,2.832862745808962e-06,COMPLETE
1416,0.44285130500793457,2025-04-07 22:22:21.528921,2025-04-07 22:22:48.064031,0 days 00:00:26.535110,0.6908297355398378,0.117224914421541,8,0.14147868443089393,0.0057601388524543586,0.014717989303318238,0.020034683057171696,0.0594447618511565,0.05620044915921909,0.0003109687932835287,15,33,0.050967261136024,0.28250568631204837,False,False,True,9.131644393396752e-07,COMPLETE
1417,0.5718609213829041,2025-04-07 22:22:48.533776,2025-04-07 22:23:14.453780,0 days 00:00:25.920004,0.042506948646678845,0.1485862940270931,8,0.150964390794841,0.00029836057259235906,0.017444978551361394,0.0172317279397705,0.0715634655399419,0.061244149721371884,0.0005245047132359028,14,40,0.05288358486880664,0.2914276762562708,False,False,True,1.2672953304047387e-06,COMPLETE
1418,0.6939067959785461,2025-04-07 22:23:14.905675,2025-04-07 22:23:42.159167,0 days 00:00:27.253492,0.08348251567025171,0.17362019838533382,8,0.12415544979252624,0.02060706700949333,0.020728764281271586,0.01461124376801258,0.06697747155336853,0.06408031085874646,0.0003917562937208133,16,29,0.0508189466171301,0.27766429961789846,False,False,True,3.7213586294495384e-06,COMPLETE
1419,0.7019387841224671,2025-04-07 22:23:42.610290,2025-04-07 22:24:09.397761,0 days 00:00:26.787471,0.06036554693483762,0.1353166504170432,8,0.13662880775480932,0.010645054956393002,0.02490685074754178,0.09769548775986192,0.06254355858421341,0.023898557480864828,0.00020855036458556554,15,35,0.053899684054880784,0.28569580907816877,False,False,True,2.329077536308451e-06,COMPLETE
1420,0.17318496704101563,2025-04-07 22:24:09.856201,2025-04-07 22:24:37.448397,0 days 00:00:27.592196,0.10826297919968339,0.429423534517288,8,0.14669321890331238,0.02203938727184831,0.014196289733802337,0.012379203290245246,0.0643452952822346,0.05639911320234124,0.0004546062698875841,17,38,0.05744156807187121,0.29421673742085497,False,True,True,1.0185350090805165e-06,COMPLETE
1421,0.6669501423835755,2025-04-07 22:24:37.921402,2025-04-07 22:25:03.830134,0 days 00:00:25.908732,0.04166956180176995,0.3899398125408472,8,0.13087573996393884,0.01561582172012884,0.0190391024706085,0.018354441369777097,0.06016946322788664,0.053446393072714635,0.0003035614062153302,14,33,0.06046360194127035,0.2710093875567706,False,False,True,1.647555285376539e-06,COMPLETE
1422,0.3533453345298767,2025-04-07 22:25:04.286808,2025-04-07 22:26:06.516567,0 days 00:01:02.229759,0.06754791863132834,0.1759195524676541,2,0.15833958323837732,0.009675914470050482,0.022901066760844174,0.015881604843659698,0.06939350306209761,0.059515797981353126,0.0005901003357242081,16,68,0.05486223099239622,0.2812048653934188,False,False,True,6.656750676768386e-06,COMPLETE
1423,0.5212352752685547,2025-04-07 22:26:06.967388,2025-04-07 22:26:33.539045,0 days 00:00:26.571657,0.29222481619795687,0.1088124634746026,8,0.14153569489206966,0.021852751792697155,0.016683583584517457,0.02084076556229415,0.06582579303432955,0.06219981313125971,0.0003712384029762833,15,42,0.05021009015219381,0.2886498183731045,False,False,True,1.4005052970476588e-06,COMPLETE
1424,0.512237811088562,2025-04-07 22:26:33.993531,2025-04-07 22:26:59.636228,0 days 00:00:25.642697,0.08548335394771578,0.15279305413699365,8,0.1357338956398808,0.00645572236150181,0.038440038312686255,0.08074239261667428,0.06244106009934638,0.05428992328362303,0.049767673622827004,14,31,0.05253399429077112,0.2848100519166762,False,False,True,2.946388090593652e-06,COMPLETE
1425,0.37858846783638006,2025-04-07 22:27:00.096719,2025-04-07 22:27:29.856686,0 days 00:00:29.759967,0.04522760850530088,0.13308752505867796,8,0.14949956192430577,0.015989995300453815,0.019604894628403632,0.012732100000702995,0.07100005353479114,0.05749122882535761,0.00046459468155214765,17,120,0.05901420390967362,0.27628367112315094,True,False,True,9.132063006350279e-07,COMPLETE
1426,0.09059417545795441,2025-04-07 22:27:30.328877,2025-04-07 22:27:57.558835,0 days 00:00:27.229958,0.05872331838041848,0.09676061577498356,8,0.12404591383173365,0.17084659340059702,0.02670399035391027,0.016482588643759007,0.06760856286302382,0.06690171739398995,0.000642641142245642,16,36,0.05574196004912985,0.2999065144445107,False,False,True,2.0241208692090905e-06,COMPLETE
1427,0.6999515533447266,2025-04-07 22:27:58.013619,2025-04-07 22:28:24.379122,0 days 00:00:26.365503,0.033298767758490964,0.18743320259759788,8,0.14196953402185983,0.011039517244962084,0.017863734177235767,0.01813899278518311,0.06432845163341755,0.06030319490962418,0.00026170454075354733,15,29,0.04865473884895408,0.29033502734033256,False,False,True,1.19798949247536e-06,COMPLETE
1428,0.5682044386863708,2025-04-07 22:28:24.830478,2025-04-07 22:28:50.505696,0 days 00:00:25.675218,0.0975412042544568,0.16765743921451665,8,0.13636298667735292,0.02218238561713565,0.020909194154983345,0.014085878447484611,0.061380104420369425,0.05373322726208878,0.0003651595558666036,14,34,0.04733028201885135,0.2942697358826459,False,False,True,1.2768602447507681e-05,COMPLETE
1429,0.09142189919948579,2025-04-07 22:28:50.956463,2025-04-07 22:29:17.562848,0 days 00:00:26.606385,0.07597444351121646,0.12009210511502921,8,0.1284990418902795,0.18511416359129113,0.013874017687441158,0.08419178217913373,0.058972984642012456,0.05750389481647021,0.000528651127505493,15,38,0.05151603674723086,0.2819539393086214,False,False,True,1.543292628161575e-06,COMPLETE
1430,0.6750355243682862,2025-04-07 22:29:18.012808,2025-04-07 22:29:45.126122,0 days 00:00:27.113314,0.03881519998514756,0.14979328167837594,8,0.1461350211521886,0.014804114640060134,0.016023556337484614,0.01903727424912664,0.06639862226941473,0.06314430088708813,0.00043128385781775663,16,32,0.06286555328216592,0.2895914278638082,False,False,True,4.476279496151882e-06,COMPLETE
1431,0.5337962269783021,2025-04-07 22:29:45.599515,2025-04-07 22:30:11.185957,0 days 00:00:25.586442,0.06261327288235977,0.18423723538700407,8,0.15240255703973637,0.005787215022646826,0.02269645164970179,0.014758296226780302,0.06437218310535749,0.06503528229359545,0.00029817371804012117,14,43,0.05663932550470806,0.271148522882097,False,False,True,0.0002735787234394942,COMPLETE
1432,0.6879013538360595,2025-04-07 22:30:11.641587,2025-04-07 22:30:38.534908,0 days 00:00:26.893321,0.11088298738437444,0.16505120684489755,8,0.138516674913543,0.0002181239182228456,0.018443871536518882,0.012410050263482793,0.06993701699576142,0.056223109670671505,0.0006300089678239568,15,28,0.053430393803780236,0.27745783077426095,False,False,True,2.490376505608418e-06,COMPLETE
1433,0.5697237133979798,2025-04-07 22:30:38.990484,2025-04-07 22:31:05.928008,0 days 00:00:26.937524,0.13276862059025765,0.1342430185023888,8,0.13118743855963053,0.022260272062061937,0.02064736016246982,0.02061375783598044,0.07338695753749136,0.054222382777466056,0.0004848440766594578,16,36,0.04976619193550522,0.28561390818278676,False,False,True,1.0723136646493478e-06,COMPLETE
1434,0.5384353756904602,2025-04-07 22:31:06.381840,2025-04-07 22:31:42.820172,0 days 00:00:36.438332,0.027693233661170658,0.09593589412203837,8,0.14420988892929065,0.015979436260281046,0.015793994379047934,0.015929905518045316,0.06224659666870028,0.06022548944695958,0.00034460141060313953,29,40,0.05931755827277971,0.29260237590727245,False,False,True,8.343170256470686e-07,COMPLETE
1435,0.6325208187103272,2025-04-07 22:31:43.273964,2025-04-07 22:32:10.943632,0 days 00:00:27.669668,0.04969066179594538,0.14830596779784666,8,0.12396205642391488,0.011076383432396676,0.023736740733078476,0.01803264206730863,0.06814196670045602,0.05873461276179029,0.00040272756671543426,17,32,0.04680930940921383,0.29459982528306483,False,False,True,3.333152514144029e-06,COMPLETE
1436,0.6901671648025514,2025-04-07 22:32:11.420540,2025-04-07 22:32:37.951624,0 days 00:00:26.531084,0.08138417146536861,0.11360678846174496,8,0.15953599610162553,0.021169785264168656,0.017347503139076036,0.07279374405135537,0.05824301205087158,0.054820608834996065,0.0005291192663837231,15,35,0.052509253579648814,0.2998352798147123,False,False,True,1.621498366881223e-06,COMPLETE
1437,0.6986154079437256,2025-04-07 22:32:38.407563,2025-04-07 22:33:04.229514,0 days 00:00:25.821951,0.03234839558095991,0.180399515531949,8,0.13744815003348573,0.008046590477984915,0.014307118672682072,0.01277438007632144,0.06483798578389316,0.052717414735176354,0.0006667212232257059,14,28,0.05467378287215643,0.2816462760609701,False,False,True,1.2521722615046128e-06,COMPLETE
1438,0.7013503074645996,2025-04-07 22:33:04.685644,2025-04-07 22:33:31.907014,0 days 00:00:27.221370,0.06081185808195021,0.15855043925974965,8,0.004139245494749921,0.01654457013675276,0.0193077817272936,0.016515364637394062,0.06113335083363303,0.02164697710357923,0.00023859717072196595,16,31,0.050415002197563605,0.2872825794545667,False,False,True,8.682374717937849e-06,COMPLETE
1439,0.1709233343601227,2025-04-07 22:33:32.360591,2025-04-07 22:33:59.195396,0 days 00:00:26.834805,0.0927076720370876,0.1314031245680359,8,0.15185690813649572,0.022999485284871533,0.021054668992121373,0.014627472524977442,0.0669811337369694,0.024816013499764124,0.0003191085172274139,15,38,0.04853446968596941,0.2764887314941662,False,True,True,2.1196938821420765e-06,COMPLETE
1440,0.5704195618629456,2025-04-07 22:33:59.673703,2025-04-07 22:34:26.084663,0 days 00:00:26.410960,0.030033617978213294,0.19619728900448125,8,0.13287961817217642,0.005020469238280522,0.01761370206201857,0.020611563835565144,0.06302834326505774,0.06161918471477151,0.00042037783339734,15,34,0.05707806306020365,0.2710867737951626,False,False,True,7.826884448714838e-07,COMPLETE
1441,0.5503530859947204,2025-04-07 22:34:26.550238,2025-04-07 22:34:52.367109,0 days 00:00:25.816871,0.05474970505292244,0.16953881202150647,8,0.14437127994504811,0.012307840123466774,0.02506423844462711,0.01902705879700994,0.0720856632209637,0.05852726103122646,0.0005308914505911162,14,41,0.06097480791799903,0.29031353768739687,False,False,True,1.6999555852950152e-06,COMPLETE
1442,0.4921652436256409,2025-04-07 22:34:52.828122,2025-04-07 22:35:57.507604,0 days 00:01:04.679482,0.07512748465483625,0.10121362189779266,2,0.13974029924134104,0.00014982391517381378,0.02188016882403878,0.016577588154756212,0.06895380433406945,0.055313039550552424,0.0003632104875107752,17,37,0.04648014806758645,0.28224801286492623,True,False,True,2.7738433933696496e-06,COMPLETE
1443,0.08723150193691255,2025-04-07 22:35:57.963415,2025-04-07 22:36:25.165036,0 days 00:00:27.201621,0.02621788129484997,0.7368018850476368,8,0.12836761081011838,0.09626293848425138,0.015973328150988106,0.013976802684786852,0.06528320607617683,0.017218743459106255,0.0006431218600230604,16,31,0.05200821564501376,0.29422717831398987,False,False,True,1.0224095986291693e-06,COMPLETE
1444,0.7020033597946167,2025-04-07 22:36:25.620939,2025-04-07 22:36:51.917248,0 days 00:00:26.296309,0.010651158882566231,0.14726238176182485,8,0.1478198881457552,0.024703020419424952,0.013886066750663499,0.012591837239595106,0.04410646369098576,0.05259952767846145,0.00045483231845479103,15,28,0.055566027778832794,0.28577613401249524,False,False,True,1.9535581319416987e-06,COMPLETE
1445,0.5696692943572998,2025-04-07 22:36:52.391519,2025-04-07 22:37:18.220625,0 days 00:00:25.829106,0.04299950591108598,0.11841082564884134,8,0.13620165427778097,0.0178401484346793,0.019362207486403195,0.017567327512142197,0.09137031167662127,0.06345088454457488,0.0002793672424429497,14,34,0.050126746744320855,0.2774462299562186,False,False,True,1.2995832649856258e-06,COMPLETE
1446,0.6848476767539978,2025-04-07 22:37:18.680481,2025-04-07 22:37:45.703100,0 days 00:00:27.022619,0.1033521903255137,0.20916412449758823,8,0.14365973038525146,0.013135106132079737,0.017680708844685207,0.015268918141719903,0.09984941584072127,0.057432342634403374,0.00018742051295840833,16,37,0.05809766453299253,0.2997780502426725,False,False,True,5.356445297890459e-06,COMPLETE
1447,0.6637496471405029,2025-04-07 22:37:46.160036,2025-04-07 22:38:12.568576,0 days 00:00:26.408540,0.06685437787213419,0.1947002502147817,8,0.15388257530338845,0.024870068612879513,0.022899653141134162,0.021986463145929776,0.060738434984277376,0.059901323227655935,0.0005418230059173538,15,32,0.05377949084273686,0.2889136483675451,False,False,True,3.550465178190275e-06,COMPLETE
1448,0.08763367533683777,2025-04-07 22:38:13.024568,2025-04-07 22:38:38.733888,0 days 00:00:25.709320,0.01013208074549473,0.1822733903412188,8,0.1232429295094983,0.23943044859380258,0.020201742491296134,0.01864765594610062,0.06365288204316008,0.0563108954639963,0.00040040964512632205,14,44,0.04839369064914799,0.29412771276741434,False,False,True,1.4117582537951865e-06,COMPLETE
1449,0.608175766468048,2025-04-07 22:38:39.212292,2025-04-07 22:39:06.519619,0 days 00:00:27.307327,0.04591343417802264,0.12977746889130867,8,0.131726984277789,0.006853658819214781,0.015599165227567779,0.020321015457070265,0.07384054250518043,0.06547223381274302,0.0003157590497219258,16,40,0.04630960477211009,0.2834778155098458,False,False,True,2.1814685547775803e-06,COMPLETE
1450,0.6575722336769104,2025-04-07 22:39:06.981894,2025-04-07 22:39:33.144203,0 days 00:00:26.162309,0.08800944438055454,0.1576666573789829,8,0.14096946940132069,0.01789955317243155,0.0184737962002928,0.01250974367853239,0.06678626055685666,0.05340046549901539,0.0006590951871590308,15,27,0.05105759928200784,0.2706644955999374,False,False,True,7.979225186874625e-07,COMPLETE
1451,0.5698119640350342,2025-04-07 22:39:33.604029,2025-04-07 22:40:01.950149,0 days 00:00:28.346120,0.11900601208307479,0.09946363362126623,8,0.14942549214858591,0.010380353204810056,0.013885920091000307,0.016797911469152563,0.05815668577231217,0.05797032277819277,0.0004772558898984966,17,34,0.0587553519108144,0.2896399710089235,False,False,True,2.6818307355087298e-06,COMPLETE
1452,0.5728975057601929,2025-04-07 22:40:02.406063,2025-04-07 22:40:29.641606,0 days 00:00:27.235543,0.06381362789896618,0.8177042258529497,8,0.1321827072517559,0.024417716621711348,0.020689229587183566,0.015100547304361028,0.06982964564523095,0.061892532380051116,0.00025420544478225586,16,30,0.05610167807586258,0.2780472210166184,False,False,True,1.7141605880317042e-06,COMPLETE
1453,0.5539500474929809,2025-04-07 22:40:30.122247,2025-04-07 22:40:55.783664,0 days 00:00:25.661417,0.4135186339765928,0.1422544157723578,8,0.13719408095389204,0.017200298977800527,0.0168397550934184,0.012128771734921256,0.040954316913999006,0.05949390777378461,0.00036478783013868456,14,37,0.04893180845440426,0.29510122047273185,False,False,True,1.0316175157784624e-06,COMPLETE
1454,0.5703760504722596,2025-04-07 22:40:56.248764,2025-04-07 22:41:22.872308,0 days 00:00:26.623544,0.04014001116112424,0.5192908268514456,8,0.14286902143404318,0.005888537908410339,0.03065045067158991,0.01944759873577633,0.06277013552957281,0.05131209970296748,0.0005442418447896438,15,34,0.052585613608283975,0.28339215885245983,False,False,True,1.2645084924678462e-06,COMPLETE
1455,0.7001047492027282,2025-04-07 22:41:23.338968,2025-04-07 22:41:49.500690,0 days 00:00:26.161722,0.03048818773736564,0.17263294445998303,8,0.1599651160486491,0.01255623704821585,0.02481316818825471,0.014852426939539667,0.0653664297166352,0.055373964491757646,0.00043583731577612813,14,30,0.008979692895870313,0.288850144692131,False,False,True,4.347541930549434e-06,COMPLETE
