number,value,datetime_start,datetime_complete,duration,params_alpha-eval,params_alpha-train,params_batch-size,params_eps-eval,params_eps-train,params_lambda-actions-eval,params_lambda-actions-train,params_lambda-frames-eval,params_lambda-frames-train,params_learning-rate,params_n-epochs,params_n-frames,params_radius-gw,params_rho,params_std-feats,params_ub-actions,params_ub-frames,params_weight-decay,state
448,0.2475297808647156,2025-04-20 21:01:24.509323,2025-04-20 21:02:02.847118,0 days 00:00:38.337795,0.8818199459590188,0.12770255470163053,2,0.12614272336206084,0.04042910142149086,0.05674094942490239,0.016321445518534688,0.01678178140365695,0.010111394551531601,2.0644162859853632e-05,7,46,0.014932371749847307,0.22035144745425808,True,True,False,7.165034329868353e-05,COMPLETE
449,0.43406923413276677,2025-04-20 21:02:02.986204,2025-04-20 21:02:23.948117,0 days 00:00:20.961913,0.7928099209632988,0.10481325364854027,16,0.1272395771668156,0.03491277084266557,0.05529185656048464,0.041142816369870626,0.009355709527629421,0.011429571191464025,2.7878663948441124e-05,8,37,0.012031936140130033,0.2135418116842945,True,False,False,5.173974226038654e-05,COMPLETE
450,0.4439626812934876,2025-04-20 21:02:24.086426,2025-04-20 21:02:47.703230,0 days 00:00:23.616804,0.8128540930524636,0.2860762565120082,8,0.1221492447132678,0.03472370090533328,0.05439161611918357,0.037294782293864195,0.01632744090634034,0.06708061843135352,4.5638888956253795e-05,7,53,0.010470699268618388,0.24749771512178095,True,False,False,6.835265863336332e-08,COMPLETE
451,0.5775791645050049,2025-04-20 21:02:47.855244,2025-04-20 21:03:07.856673,0 days 00:00:20.001429,0.8550239663633159,0.07832814915397822,16,0.11594630590995161,0.028307029979579398,0.058602786091534055,0.0395882542772209,0.013085966039700424,0.008564527910077195,4.715397782341708e-05,6,31,0.017462270589030465,0.2555106263052934,True,False,False,5.786222482999044e-05,COMPLETE
452,0.444641387462616,2025-04-20 21:03:07.997891,2025-04-20 21:03:28.803720,0 days 00:00:20.805829,0.791003723831039,0.40397561068337523,16,0.13021616505159014,0.08810257603567448,0.05637959496747254,0.0456504789091341,0.017864864318666993,0.02600038204772259,1.9617433717456483e-05,8,40,0.013998899049484832,0.14528783805269363,True,False,False,6.996461932762153e-05,COMPLETE
453,0.5083193421363831,2025-04-20 21:03:28.943163,2025-04-20 21:03:49.967574,0 days 00:00:21.024411,0.7714809461016123,0.047515788587068196,16,0.1216421857727083,0.026448696814301842,0.05420441558927932,0.027317647929450708,0.014875892029302467,0.004201183938006544,2.2689768084313975e-05,7,34,0.009191091284006225,0.24000495340272684,True,False,False,4.478041784596271e-05,COMPLETE
454,0.10501466393470765,2025-04-20 21:03:50.119862,2025-04-20 21:04:08.431725,0 days 00:00:18.311863,0.8225614545649873,0.09860922979181441,16,0.10247481399954457,0.021413607141132107,0.06054236554631519,0.03617671378416101,0.03134780303738156,0.0703509505259578,5.754906087086761e-05,6,44,0.011114342587545272,0.24449573894633167,True,False,True,1.8992774509997302e-05,COMPLETE
455,0.35034824609756476,2025-04-20 21:04:08.572447,2025-04-20 21:04:28.080842,0 days 00:00:19.508395,0.763248924035371,0.12326372254007104,16,0.11094482680781945,0.0794229722622573,0.0588790782671465,0.03147897906306068,0.028800326218172315,0.005654492052802617,3.7299489056307675e-05,5,37,0.012889740363626888,0.2668640456941254,True,False,False,3.240927600166539e-05,COMPLETE
456,0.677533769607544,2025-04-20 21:04:28.224111,2025-04-20 21:04:48.563414,0 days 00:00:20.339303,0.8029380298138834,0.07051327557723729,16,0.12693806016477482,0.03301415891916011,0.05047295971958436,0.042616308846367794,0.08630780682575051,0.06517956003032292,3.8844468102636124e-05,7,28,0.008449137545202287,0.2522369835667968,True,False,False,8.449820489256018e-05,COMPLETE
457,0.5403940796852112,2025-04-20 21:04:48.715649,2025-04-20 21:05:08.721920,0 days 00:00:20.006271,0.7450760026756548,0.4933627557943419,16,0.28686925518875006,0.023069304530378823,0.05836122230926288,0.02552336727219671,0.03049959433676062,0.012420203427299804,1.1924249667266998e-05,6,34,0.016021630508617612,0.2372102033722053,True,False,False,3.86469683890112e-05,COMPLETE
458,0.5160030364990235,2025-04-20 21:05:08.862287,2025-04-20 21:05:29.792458,0 days 00:00:20.930171,0.8394018543312415,0.7989005583647546,16,0.1179992235309258,0.017922089213838473,0.06166471016213708,0.02285557829585678,0.03281334446001223,0.07217222965612552,6.058234253800804e-05,8,40,0.010170900995254419,0.20775309911341286,True,False,False,6.374310382250607e-05,COMPLETE
459,0.5555862903594971,2025-04-20 21:05:29.934723,2025-04-20 21:05:51.224731,0 days 00:00:21.290008,0.7865123941761886,0.011036179738975208,16,0.11197874057927501,0.04234451105151138,0.0633546329018837,0.03381391502436985,0.011883658921422735,0.04058516452894021,4.90612470719137e-05,9,30,0.007026507600752364,0.2246845735142533,True,False,False,2.4818708290813823e-05,COMPLETE
460,0.7686268329620363,2025-04-20 21:05:51.378383,2025-04-20 21:06:11.068518,0 days 00:00:19.690135,0.7623520262253461,0.09295228866575038,16,0.12824590397942537,0.03019677455863709,0.054976124075764916,0.04006351716722541,0.01581974716829868,0.06404177997702032,7.38575796826909e-05,5,36,0.011247412693169976,0.24379423515664306,True,False,False,4.8924452792263056e-05,COMPLETE
461,0.43418421149253844,2025-04-20 21:06:11.214368,2025-04-20 21:06:31.300410,0 days 00:00:20.086042,0.726744871509145,0.08114627069831408,16,0.13140524710069817,0.13000144403301872,0.055033569547862315,0.038522692980051544,0.013936434408417844,0.054928884868556446,8.921312702695115e-05,6,26,0.013578126312008727,0.2823767312542114,True,False,False,4.9394670655975235e-05,COMPLETE
462,0.5346432447433472,2025-04-20 21:06:31.445817,2025-04-20 21:06:51.905935,0 days 00:00:20.460118,0.7486289912054985,0.03583408274143965,16,0.12933686837247416,0.038391186297080354,0.0512561660849107,0.039957295948052064,0.016334620905531,0.06327921999584742,0.09975160807293665,7,34,0.011693215728530135,0.23047190972787215,True,False,False,6.323327318224174e-05,COMPLETE
463,0.5938127279281616,2025-04-20 21:06:52.060341,2025-04-20 21:07:12.093152,0 days 00:00:20.032811,0.7614551633604846,0.057615162161796775,16,0.12530335477103638,0.029375696741969416,0.0540396517559197,0.0356029857850993,0.018148976857081982,0.06725086759273721,7.700258498485944e-05,5,31,0.015318298762479182,0.23966491371862703,True,False,False,9.438606159279532e-05,COMPLETE
464,0.5847361564636231,2025-04-20 21:07:12.235703,2025-04-20 21:07:32.236914,0 days 00:00:20.001211,0.80508970096805,0.09579026725700102,16,0.12322579602907208,0.034722036456649424,0.056940249313286284,0.03742846976986546,0.01597227696208883,0.06472372633574247,0.00010225448817186979,6,36,0.011364542802345936,0.21633691160599888,True,False,False,7.694609583625701e-05,COMPLETE
465,0.23676404356956482,2025-04-20 21:07:32.393378,2025-04-20 21:07:51.369730,0 days 00:00:18.976352,0.7273603709461394,0.10517181685223104,16,0.12653552021599618,0.02699411893319631,0.05567806278258397,0.059510809020410844,0.019100375403490126,0.0746272396072512,2.5967589084344216e-05,8,42,0.007695287813436528,0.24354595879002297,True,True,False,5.1476000697194486e-05,COMPLETE
466,0.4447640776634217,2025-04-20 21:07:51.515995,2025-04-20 21:08:13.585763,0 days 00:00:22.069768,0.6882912655959259,0.06888787576699132,16,0.13280839414002546,0.005465069623079704,0.052286157990806825,0.02934927711458625,0.021067256791854106,0.007545729981995299,6.288186223744097e-05,7,121,0.013348086810812999,0.234532405247671,True,False,False,0.00027727329276074016,COMPLETE
467,0.7801746249198914,2025-04-20 21:08:13.729795,2025-04-20 21:08:33.623203,0 days 00:00:19.893408,0.7818860569019416,0.08398400477089207,16,0.10418185470614966,0.016026497241775215,0.060329758800393735,0.032523101962600234,0.01574541577267836,0.06894983274089499,7.622428456824498e-05,5,38,0.009213078933706334,0.2365577360538266,True,False,False,4.358665508987117e-05,COMPLETE
468,0.7899574398994447,2025-04-20 21:08:33.781131,2025-04-20 21:08:53.765544,0 days 00:00:19.984413,0.7946851183359243,0.046084442757028526,16,0.10423533952409875,0.020380117524554077,0.05778908528196795,0.03223423559718715,0.01579003855268817,0.0014714795618815495,7.09615343321133e-05,5,33,0.010622235046064842,0.24747565273081046,True,False,False,4.012019689636343e-05,COMPLETE
469,0.5427785396575928,2025-04-20 21:08:53.911233,2025-04-20 21:09:13.495175,0 days 00:00:19.583942,0.8254217460920018,0.0235907142964049,16,0.10300252097056911,0.016173490368436585,0.05828200879789238,0.03006189864680332,0.014402036191856359,0.07197937405565587,6.182390895438362e-05,5,27,0.009924762614432472,0.2593156190100936,True,False,False,3.9354010532562564e-05,COMPLETE
470,0.41195585131645207,2025-04-20 21:09:13.641507,2025-04-20 21:09:33.099998,0 days 00:00:19.458491,0.7991525406904642,0.03588159851382178,16,0.10886373224578622,0.14561664904561789,0.057847282683370964,0.032066225565328156,0.010728138920040162,0.0692454032630934,4.586335187649421e-05,5,14,0.009339991179600753,0.2513243054699473,True,False,False,4.054380720073674e-05,COMPLETE
471,0.3981919527053833,2025-04-20 21:09:33.257149,2025-04-20 21:09:53.559693,0 days 00:00:20.302544,0.7869645290916748,0.05189756704976388,16,0.2691278234691244,0.021092211276703042,0.05997219207834005,0.03376324149916837,0.013246406813488718,0.03413404979738986,7.870358164813642e-05,6,22,0.03094226937704494,0.23858440243604068,True,False,False,3.365117199967936e-05,COMPLETE
472,0.09069270193576813,2025-04-20 21:09:53.705101,2025-04-20 21:10:12.920292,0 days 00:00:19.215191,0.811500306945997,0.048635816457596695,16,0.026875277530112783,0.0005872116154589761,0.05996638415362873,0.03227731103967811,0.008378225042308077,0.0012138553827719205,0.00033775853407109075,6,32,0.01240712263576281,0.24948460475190365,True,False,False,2.285361898775098e-08,COMPLETE
473,0.49882947206497197,2025-04-20 21:10:13.068287,2025-04-20 21:10:30.372323,0 days 00:00:17.304036,0.8549036227831397,0.06663273352436536,16,0.005318622861019695,0.00993067920240497,0.06122645746506923,0.028020272250319618,0.01532961603172989,0.006276271484140263,5.6762639230401755e-05,5,9,0.014949083832017904,0.27232973786425646,True,False,True,6.259758747797891e-05,COMPLETE
474,0.6806950211524964,2025-04-20 21:10:30.528303,2025-04-20 21:10:50.554438,0 days 00:00:20.026135,0.7796009397469286,0.027610149555916574,16,0.09996493181731805,0.015691097236778216,0.05709946486855002,0.030217320651407784,0.012461200517000953,0.07005817624383538,9.044487201617649e-05,6,30,0.008204361515209787,0.25511320185250363,True,False,False,2.181634273078239e-05,COMPLETE
475,0.4225448787212372,2025-04-20 21:10:50.700133,2025-04-20 21:11:11.363543,0 days 00:00:20.663410,0.8357308659730709,0.07115036274976241,16,0.10554286955451397,0.006601964145285558,0.05989633584928942,0.09231501882824499,0.01785128939092443,0.0022217897598095053,0.000489937832576744,7,34,0.009860200838195991,0.24524391881160806,True,False,False,2.8880905683092716e-05,COMPLETE
476,0.567919659614563,2025-04-20 21:11:11.522565,2025-04-20 21:11:31.201024,0 days 00:00:19.678459,0.7818385181890184,0.05095556087357307,16,0.11148233948169045,0.022962958650094876,0.06196140410145927,0.025895935461772907,0.01815169504912419,0.06803821718855425,3.23698914321129e-05,5,40,0.01713740107413093,0.23564568911768927,True,False,False,4.3264537179999936e-05,COMPLETE
477,0.6319055914878845,2025-04-20 21:11:31.351047,2025-04-20 21:11:52.568698,0 days 00:00:21.217651,0.8168358882360052,0.5444678707990516,16,0.09792962202109233,0.01437238646908824,0.06288112864437947,0.031533249109368375,0.012907365140619454,0.05753701838393498,7.552537033037511e-05,9,33,0.007277468752207128,0.19133025606891207,True,False,False,5.320222842767238e-05,COMPLETE
478,0.522399938106537,2025-04-20 21:11:52.717358,2025-04-20 21:12:12.828193,0 days 00:00:20.110835,0.799038181558278,0.010703751348784728,16,0.10641042522761703,0.02026677864381382,0.05829658532841752,0.09574072483312354,0.015837000271134057,0.00971392255285608,5.082744803106775e-05,6,38,0.012322237470939884,0.2411483253525439,False,False,False,0.00039086106740363893,COMPLETE
479,0.33422127366065985,2025-04-20 21:12:12.987188,2025-04-20 21:12:37.831454,0 days 00:00:24.844266,0.7727861556453732,0.08565628767448849,16,0.014580489174642844,0.009144144804710593,0.060656882215852734,0.03333217721653406,0.03435325324691594,0.07345841581021609,9.536219262629049e-05,10,150,0.006618970994606831,0.2595000649162009,True,False,False,6.702841747857921e-05,COMPLETE
480,0.601256823539734,2025-04-20 21:12:37.981678,2025-04-20 21:13:02.574217,0 days 00:00:24.592539,0.7519769410436293,0.08083278825122117,8,0.11735189176272842,0.02495976634985167,0.06314804727225183,0.03479897585109023,0.01924530448565353,0.06681663674040161,7.140332788224256e-05,8,43,0.010423637890930901,0.24845457408385538,True,False,False,4.059227685054286e-05,COMPLETE
481,0.524970018863678,2025-04-20 21:13:02.723177,2025-04-20 21:13:23.098566,0 days 00:00:20.375389,0.7898497652188545,0.058927767766729124,16,0.11389213454517752,0.01769559916879649,0.06423140124790014,0.029189742365296856,0.07916625235640806,0.004509747444923206,0.00027370736250841737,7,29,0.013389545982258479,0.232944344414841,True,False,False,2.7338003164814756e-05,COMPLETE
482,0.36236835122108463,2025-04-20 21:13:23.257131,2025-04-20 21:13:45.693845,0 days 00:00:22.436714,0.9435295271157627,0.107915620501487,16,0.10274378604660803,0.15858308095938406,0.05956225975780998,0.020922008217079794,0.03257731982010296,0.07082568852772823,0.00010158920959797292,11,48,0.008709464042500996,0.24207602461441755,True,False,False,5.630489878803198e-05,COMPLETE
483,0.7890763282775879,2025-04-20 21:13:45.844286,2025-04-20 21:14:05.464151,0 days 00:00:19.619865,0.81278909368872,0.045137462142869955,16,0.15851410995299747,0.010025187915796934,0.05662532810299846,0.027017446629194506,0.030615065606031246,0.03231473605673904,3.984559802060467e-05,5,35,0.019433908135963105,0.26394076481655787,True,False,False,1.6087745941195867e-05,COMPLETE
484,0.09069270193576813,2025-04-20 21:14:05.626487,2025-04-20 21:14:25.019823,0 days 00:00:19.393336,0.8348142842138389,0.6502180103361271,16,0.11850719751526037,0.003672133745922627,0.05602490388721649,0.02717239551074813,0.029578489690274178,0.03168399122138817,3.482946263988196e-05,5,80,0.020250790757457483,0.2667918298844599,True,False,False,1.2806244708865527e-05,COMPLETE
485,0.37517215609550475,2025-04-20 21:14:25.168400,2025-04-20 21:14:42.746044,0 days 00:00:17.577644,0.8170922861061158,0.04625804275561399,16,0.10965830690601548,0.008754175454892751,0.052990090690259416,0.02418262091825911,0.027504223636691312,0.036089671834214666,3.752657141688911e-05,5,24,0.018683125210784836,0.26296463083959054,True,True,False,1.6555885861521853e-05,COMPLETE
486,0.09069270193576813,2025-04-20 21:14:42.897377,2025-04-20 21:15:01.695461,0 days 00:00:18.798084,0.8475626340752318,0.024791122836746886,16,0.12058651292375075,0.0002211226296442506,0.05633864185964859,0.027408599042295503,0.030576971914101247,0.028285683793628343,4.16287997762988e-05,5,32,0.01900681727262419,0.27455266438154047,True,False,False,2.827094051017152e-06,COMPLETE
487,0.7820780873298645,2025-04-20 21:15:01.859861,2025-04-20 21:15:22.258894,0 days 00:00:20.399033,0.8689887352771554,0.04722795042487195,16,0.11313260189118281,0.011194090546501962,0.05757162753718566,0.029311732835808162,0.03103152646886689,0.03361757259081541,2.4556719932858703e-05,6,35,0.017213927401493186,0.25486161825788295,True,False,False,7.877592492346876e-05,COMPLETE
488,0.499151086807251,2025-04-20 21:15:22.409289,2025-04-20 21:15:42.333572,0 days 00:00:19.924283,0.8420898123433557,0.027067542363187595,16,0.10654392155567145,0.0102712039754678,0.05339245271660348,0.02909840084551726,0.02880364963557722,0.0315100641574734,2.593703175322797e-05,6,27,0.022991345173897414,0.2627400313729466,True,False,False,7.512682561806492e-05,COMPLETE
489,0.5616326332092285,2025-04-20 21:15:42.484151,2025-04-20 21:16:02.288943,0 days 00:00:19.804792,0.8693477518001993,0.03600728406593365,16,0.0961991992325409,0.004577469685533788,0.05640793658946298,0.02513539595770236,0.014188834498348383,0.031135475691286364,2.31717041788826e-05,6,30,0.020744796720241158,0.2571688305428924,False,False,False,3.646319668638096e-05,COMPLETE
490,0.5048075318336487,2025-04-20 21:16:02.451712,2025-04-20 21:16:22.153227,0 days 00:00:19.701515,0.905021212193509,0.04583059446937491,16,0.11309681612514541,0.014524977963695807,0.05736678569627331,0.030836619219046187,0.0013674733597204211,0.03424482362320512,3.1467631084623214e-05,5,34,0.017184533727468903,0.26640167171816503,True,False,False,1.9321397338722817e-05,COMPLETE
491,0.5496902585029603,2025-04-20 21:16:22.305155,2025-04-20 21:16:42.497650,0 days 00:00:20.192495,0.8109342930442421,0.03472988563734669,16,0.04108208995586056,0.011154736652295777,0.058472135335538133,0.02718457426671192,0.016692817068866245,0.03245251754045282,2.2325503321263164e-05,6,34,0.018844897310217996,0.25281122287555163,True,False,False,4.9028872617314865e-05,COMPLETE
492,0.6762747883796693,2025-04-20 21:16:42.661389,2025-04-20 21:17:02.183676,0 days 00:00:19.522287,0.9102424634026347,0.06194048445405934,16,0.10127494131429658,0.00462470290718546,0.05475853392116,0.029157237076002873,0.03008308327642037,0.06623384599795275,4.799485161618904e-05,5,35,0.016556516998575552,0.2570017190365961,True,False,False,1.9142054233237624e-06,COMPLETE
493,0.7110676765441896,2025-04-20 21:17:02.337903,2025-04-20 21:17:22.714402,0 days 00:00:20.376499,0.8956242026980501,0.06352715684486152,16,0.11348589342225447,0.012549036904543122,0.057913725899457556,0.03157528857674105,0.027322628599248566,0.03302933364682998,2.8578422181837432e-05,6,30,0.014803187333329516,0.26239247780181846,True,False,False,0.00023656087726339398,COMPLETE
494,0.6674829483032226,2025-04-20 21:17:22.866992,2025-04-20 21:17:42.336435,0 days 00:00:19.469443,0.7457310298216505,0.01254208008089848,16,0.15706353595468142,0.01779173123661892,0.05805918748889728,0.022841753031404625,0.0203882823440698,0.026674505443286853,1.8251855935142227e-05,5,36,0.01653396135287689,0.2700022333085631,True,False,False,6.11938136464407e-05,COMPLETE
495,0.5869899988174438,2025-04-20 21:17:42.504192,2025-04-20 21:18:02.871807,0 days 00:00:20.367615,0.8688897527318992,0.039738836844188774,16,0.10378588817919432,0.006450806533470389,0.05471299625472692,0.01865750486969627,0.030593059442991677,0.036951068673724226,3.773624729005512e-05,6,31,0.02081201046333928,0.2541489246772624,True,False,False,3.273556846723228e-05,COMPLETE
496,0.10294006317853929,2025-04-20 21:18:03.025878,2025-04-20 21:18:21.127155,0 days 00:00:18.101277,0.3170553110562647,0.07265161960794231,16,0.10998583030360308,0.011303301078153761,0.05980755548301693,0.03271276991549958,0.07593128246562161,0.043444106921665185,1.4940780861980478e-05,6,40,0.018407377031941362,0.2780250171511418,True,False,True,0.00031404395811660793,COMPLETE
497,0.6372856020927429,2025-04-20 21:18:21.281105,2025-04-20 21:18:41.224856,0 days 00:00:19.943751,0.7694225209787078,0.5886546456108419,16,0.16403557063809693,0.022733744509604595,0.048984628893277565,0.026077143318373307,0.03346046313142479,0.03526125557191506,2.9680272354142816e-05,5,36,0.02237525935033418,0.25113409708441403,True,False,False,4.58497485931036e-05,COMPLETE
498,0.4831019520759583,2025-04-20 21:18:41.388918,2025-04-20 21:19:01.911482,0 days 00:00:20.522564,0.8861378542290241,0.0528313961384402,16,0.11536571633065582,0.00045244736365816947,0.061558828958152303,0.028677956032597485,0.018373968138827627,0.03713889737511851,1.9245248092015928e-05,7,27,0.015179333592076636,0.2580419425706042,True,False,False,7.834273688168177e-05,COMPLETE
499,0.7916786074638367,2025-04-20 21:19:02.064777,2025-04-20 21:19:21.910299,0 days 00:00:19.845522,0.8269767466247191,0.06767170599064004,16,0.1215081699562161,0.016905715499032595,0.05586882499107935,0.030285725489146244,0.09691286304485988,0.03077454060609263,5.5735583224094244e-05,6,33,0.015237992056933932,0.24876102343910533,True,False,False,5.46233713730907e-05,COMPLETE
500,0.6221261620521545,2025-04-20 21:19:22.076607,2025-04-20 21:19:41.648059,0 days 00:00:19.571452,0.8547649056488625,0.03221016818805916,16,0.10806954498568155,0.019225447771215324,0.05195784284321459,0.025580090208708186,0.09535449092085756,0.029899550751488528,5.379968518782648e-05,5,32,0.018030727620911364,0.26891920532843017,False,False,False,6.113146342213024e-05,COMPLETE
501,0.768310022354126,2025-04-20 21:19:41.803861,2025-04-20 21:20:02.091901,0 days 00:00:20.288040,0.8281207636622071,0.055871445361237296,16,0.11781857985949294,0.02397974337751433,0.05602853472041383,0.024094090421879592,0.09325420549591969,0.029420244204327414,4.2330910990853266e-05,6,28,0.014626858788462415,0.24982646099723269,True,False,False,7.650139873298793e-05,COMPLETE
502,0.6323837041854858,2025-04-20 21:20:02.245999,2025-04-20 21:20:22.883726,0 days 00:00:20.637727,0.8323098483178738,0.06844132397125849,16,0.1213778179777318,0.016190257958180142,0.054618632039691514,0.03072681180148828,0.060098437557523865,0.029821442507049385,5.2346802766945586e-05,7,33,0.017194363965713624,0.2596575645959445,True,False,False,9.393957106280685e-05,COMPLETE
503,0.6709298491477966,2025-04-20 21:20:23.048756,2025-04-20 21:20:42.598992,0 days 00:00:19.550236,0.8118454989822339,0.07607004001386242,16,0.09717551048938575,0.02026491648871768,0.05152397304710521,0.027138496732938902,0.011431912551491855,0.033338679122498625,6.35288821202658e-05,5,20,0.016040505709617923,0.2532877330419917,True,False,False,0.000501365918250237,COMPLETE
