number,value,datetime_start,datetime_complete,duration,params_alpha-eval,params_alpha-train,params_batch-size,params_eps-eval,params_eps-train,params_lambda-actions-eval,params_lambda-actions-train,params_lambda-frames-eval,params_lambda-frames-train,params_learning-rate,params_n-epochs,params_n-frames,params_radius-gw,params_rho,params_std-feats,params_ub-actions,params_ub-frames,params_weight-decay,state
1008,0.5708679795265198,2025-04-07 19:18:16.203884,2025-04-07 19:18:38.519992,0 days 00:00:22.316108,0.08692636355041516,0.21734727458171466,8,0.13903554763811865,0.038054733015386755,0.007763651674297882,0.00489292116693857,0.05643773492659658,0.03853244645698583,0.0007913150988448901,9,37,0.04090495224908353,0.23121825462040038,False,False,True,0.00013059295595671292,COMPLETE
1009,0.5704028129577637,2025-04-07 19:18:38.842865,2025-04-07 19:19:03.398361,0 days 00:00:24.555496,0.050979139726792855,0.18810255887760358,8,0.1790815490304356,0.03309204867692544,0.005288458022976358,0.010639708243868454,0.09418509680256716,0.03610639078056304,0.0010117085781504616,12,34,0.04678239634338835,0.25438140300847945,False,False,True,2.2943473891968036e-05,COMPLETE
1010,0.7048267960548401,2025-04-07 19:19:03.718877,2025-04-07 19:19:28.663863,0 days 00:00:24.944986,0.010468527216888616,0.27100841668211084,8,0.1530125527822817,0.02495630726989259,0.010697576564956082,0.0073925843258676755,0.07880988266141183,0.03295116233976037,0.001305379155686495,13,31,0.040209091547156704,0.24718471222339947,False,False,True,4.819130979003258e-07,COMPLETE
1011,0.618517804145813,2025-04-07 19:19:28.988156,2025-04-07 19:19:51.813106,0 days 00:00:22.824950,0.06845328815851602,0.2405505813647537,8,0.1624582804532388,0.04503052284767474,0.009088856149876926,0.009424674397448703,0.057387199326699646,0.04421718338438696,0.0018506474450738434,10,41,0.043366120825494445,0.25856389914546163,False,False,True,3.6493675824294004e-07,COMPLETE
1012,0.6623114824295044,2025-04-07 19:19:52.134413,2025-04-07 19:20:16.405298,0 days 00:00:24.270885,0.039114572424632336,0.15701591972651446,8,0.14675661211648217,0.03792271376257619,0.00691017442520135,0.004931207580013652,0.07558128368756224,0.03959074529947476,0.0007867186372049626,12,23,0.049214972199192554,0.24298565635545813,False,False,True,3.0359570211154744e-05,COMPLETE
1013,0.5707351207733155,2025-04-07 19:20:16.730136,2025-04-07 19:20:43.371091,0 days 00:00:26.640955,0.08189056059013286,0.13782507576920094,8,0.14100489771682254,0.03076742630718765,0.004758655095867658,0.012406867738213197,0.06132179151758694,0.034572974417666325,0.0028488346553566515,15,36,0.038171293861508776,0.2373930434236525,False,False,True,6.024387122807603e-06,COMPLETE
1014,0.6988362669944763,2025-04-07 19:20:43.685487,2025-04-07 19:21:07.549214,0 days 00:00:23.863727,0.010347754967500476,0.2050497334191464,8,0.1594470209200448,0.019497057095865817,0.0116455079702978,0.006991409022262752,0.06436276200303744,0.04225611942524729,0.0009967295065821682,11,29,0.04478341162403182,0.25220562753303616,False,False,True,6.997110666966678e-07,COMPLETE
1015,0.452970290184021,2025-04-07 19:21:07.873163,2025-04-07 19:21:34.020028,0 days 00:00:26.146865,0.05807172530791585,0.17603356010119794,8,0.19794525268131324,0.05044919550808539,0.008770661226919219,0.008663480223073077,0.07537868330346062,0.0377993128446934,0.0007248915080843742,14,111,0.047363953103139955,0.258729484822912,False,False,True,5.910192431654375e-05,COMPLETE
1016,0.0898851364850998,2025-04-07 19:21:34.342096,2025-04-07 19:21:59.034608,0 days 00:00:24.692512,0.02719255215555716,0.219686048891939,8,0.14570720978017176,0.2114514683004633,0.045775965445564344,0.010465583532413426,0.05873347278956206,0.036040867550907525,0.001438726038295125,13,32,0.03613039120851221,0.2492468008172212,False,False,True,9.661976291203674e-05,COMPLETE
1017,0.5708297729492188,2025-04-07 19:21:59.360289,2025-04-07 19:22:23.907372,0 days 00:00:24.547083,0.04613072574298879,0.13747237374400953,8,0.13710444915360406,0.025765828962801378,0.014473952230698695,0.01503429858940602,0.08059834177739908,0.032762644266963604,0.0011927452144645076,12,38,0.0419450989221198,0.26728816775021497,False,False,True,2.1987751065120978e-07,COMPLETE
1018,0.5704902768135072,2025-04-07 19:22:24.232937,2025-04-07 19:22:48.077715,0 days 00:00:23.844778,0.08304411452317807,0.2536122256534347,8,0.1526814173469499,0.04300340199070408,0.006658695109153354,0.006414281610822942,0.07758424479365929,0.04109516648296746,0.0005079328103083442,11,34,0.03982330853312866,0.23160591056337065,False,False,True,5.356835668860759e-07,COMPLETE
1019,0.43650081753730774,2025-04-07 19:22:48.405834,2025-04-07 19:23:13.764517,0 days 00:00:25.358683,0.06592758666666451,0.17984789735999274,8,0.16804615180178065,0.11922603238447321,0.004600622646106957,0.011530150002687983,0.0826442468849854,0.038980842743114495,0.0008217421964317565,13,27,0.04533493744455342,0.24004032030252814,False,True,True,4.308403350616704e-07,COMPLETE
1020,0.6098219513893128,2025-04-07 19:23:14.077533,2025-04-07 19:23:38.559663,0 days 00:00:24.482130,0.03346505000096456,0.1603660291144455,8,0.14722504703575992,0.035626243289488074,0.010923094642212399,0.00826759020525731,0.06231521422303303,0.03697654995372488,0.0006405134809700506,12,41,0.04259641444896393,0.2619276449750944,False,False,True,8.774175859885316e-07,COMPLETE
1021,0.6838810682296753,2025-04-07 19:23:38.883176,2025-04-07 19:24:04.770602,0 days 00:00:25.887426,0.06336962675017932,0.30603665587879253,8,0.13859056472122344,0.03011684879844464,0.008651687813743937,0.0048642028233677696,0.05984546306674794,0.04399149858643933,0.0008966676466203887,14,35,0.039304812371986575,0.24770153940671763,False,False,True,3.2558712771560806e-07,COMPLETE
1022,0.7090521693229676,2025-04-07 19:24:05.097503,2025-04-07 19:24:25.980054,0 days 00:00:20.882551,0.044903304029163246,0.22724348651275939,8,0.1565668658650414,0.033704943099566384,0.012621262557388232,0.013578121718306487,0.0560480220369381,0.03440273730226579,0.0016202847657552128,7,31,0.03727342427075599,0.25470756148701446,False,False,True,4.8694730529351284e-05,COMPLETE
1023,0.5688943982124329,2025-04-07 19:24:26.307305,2025-04-07 19:24:50.678104,0 days 00:00:24.370799,0.08662345671730484,0.26893214986447483,8,0.16396359157506216,0.02102911938177983,0.007185671153288556,0.00975706051128762,0.07330196837411884,0.03994426958204466,0.002221309094651887,12,38,0.044045148213632444,0.27388461519058194,False,False,True,0.00010521661325101689,COMPLETE
1024,0.5695735335350036,2025-04-07 19:24:51.007858,2025-04-07 19:25:16.021373,0 days 00:00:25.013515,0.030305188049525787,0.19515570302934712,8,0.15067416139363984,0.0438907904947504,0.010039107166675483,0.006469424686854008,0.0664863926118529,0.03686111055258721,0.0010719816114824962,13,33,0.04780292388448855,0.2436476979812579,False,False,True,2.921496387804868e-07,COMPLETE
1025,0.16524975895881652,2025-04-07 19:25:16.351300,2025-04-07 19:25:40.340982,0 days 00:00:23.989682,0.06811887672080548,0.13591761698964755,8,0.24764955054101867,0.02726958083142503,0.004929389095809588,0.008524622991618755,0.075145096296734,0.03308537788750717,0.0006980526418204345,12,28,0.04165096190059586,0.23414895796758362,False,False,True,5.792380274402197e-07,COMPLETE
1026,0.6681551098823548,2025-04-07 19:25:40.672660,2025-04-07 19:26:03.858740,0 days 00:00:23.186080,0.08456165307430949,0.15508995350057558,8,0.13604558250313373,0.0406111582636612,0.013324578724060534,0.011683444910727193,0.057360555303650175,0.04072658884140766,0.000897408451439409,10,25,0.03495773425451708,0.2531857923086376,False,False,True,6.826371290364427e-05,COMPLETE
1027,0.5701123237609864,2025-04-07 19:26:04.174677,2025-04-07 19:26:29.130038,0 days 00:00:24.955361,0.05075345765013484,0.24094938196171006,8,0.14296495745866267,0.03428701533714571,0.00724225415180027,0.004836362689576788,0.07826087707460425,0.0346464714678682,0.0012175306786148669,13,36,0.04635703264424336,0.2631952549512462,False,False,True,4.20750202710595e-07,COMPLETE
1028,0.14058959484100342,2025-04-07 19:26:29.460287,2025-04-07 19:26:55.429283,0 days 00:00:25.968996,0.7635023387195342,0.20574636677657254,8,0.1600339439874287,0.2316431170698645,0.015981276020247886,0.0073472011984569725,0.064361160281227,0.03785259124428534,0.0005260829158438751,14,101,0.04045180501134905,0.23984486939563698,False,False,True,9.144782779740484e-05,COMPLETE
1029,0.5565698266029359,2025-04-07 19:26:55.756836,2025-04-07 19:27:19.428875,0 days 00:00:23.672039,0.02621414056832381,0.6002784850328418,8,0.17360893312964923,0.025432492091013423,0.004743159720781738,0.009780059825273104,0.06252818851837023,0.04240116713619697,0.0010137287469638892,11,30,0.04915280994526042,0.22878099228183957,False,False,True,4.006021770771665e-05,COMPLETE
1030,0.5712534666061402,2025-04-07 19:27:19.764326,2025-04-07 19:27:46.282043,0 days 00:00:26.517717,0.0501880399600954,0.13274800939638584,8,0.14582577671758962,0.02008266793678292,0.009462497226869154,0.013471935585027395,0.054857319214556166,0.03594140666000656,0.0013160149363011658,15,39,0.04391448860254184,0.25756183626260803,False,False,True,1.2178468329040316e-06,COMPLETE
1031,0.5698541760444642,2025-04-07 19:27:46.613459,2025-04-07 19:28:11.181598,0 days 00:00:24.568139,0.084290976208593,0.259604091823015,8,0.13681660748179175,0.037535270846562406,0.01128522015363893,0.010939641470090633,0.05848385898229948,0.03914404707582357,0.000648006104421577,12,34,0.0379457507971832,0.24805271391904252,False,False,True,0.0001417101626877129,COMPLETE
1032,0.09526915401220322,2025-04-07 19:28:11.513068,2025-04-07 19:28:35.259111,0 days 00:00:23.746043,0.06758222201961658,0.17185894737287366,8,0.14307644519988783,0.19894153068060016,0.006429239064534753,0.006486798260110877,0.0853312626856819,0.032940148422433146,0.0007863515026138946,11,31,0.042484490027977544,0.26977741354881213,False,False,True,7.22769148039456e-07,COMPLETE
1033,0.5712534666061402,2025-04-07 19:28:35.592923,2025-04-07 19:29:00.662622,0 days 00:00:25.069699,0.027211490113509765,0.13287373085149748,8,0.15316789103084297,0.02978748806902655,0.0080995145393264,0.004344172531292038,0.07409783441086792,0.04409049128421977,0.001676255596384679,13,36,0.04552062486856313,0.25144555428269366,False,False,True,2.6229621301926025e-07,COMPLETE
1034,0.5782564043998718,2025-04-07 19:29:00.980947,2025-04-07 19:29:26.077311,0 days 00:00:25.096364,0.010145495146798522,0.23308241156563536,8,0.15447751482944433,0.05263183460155041,0.013881025940535915,0.008285418561401869,0.08116451180629425,0.04174154127151599,0.015788161034919288,13,41,0.03925150168576099,0.23696243170848283,False,False,True,5.070853066718537e-07,COMPLETE
1035,0.6308897852897644,2025-04-07 19:29:26.405866,2025-04-07 19:29:50.374486,0 days 00:00:23.968620,0.0466265555674254,0.15447541259338496,8,0.13662988954050853,0.046816717836681454,0.005042462945389685,0.010322165218608953,0.06918359522693462,0.03751408725184434,0.0009038081765693524,11,33,0.04097900626840172,0.2805403667102414,False,False,True,3.666735151859531e-07,COMPLETE
1036,0.6961478590965271,2025-04-07 19:29:50.707303,2025-04-07 19:30:15.168570,0 days 00:00:24.461267,0.0630039447304799,0.18641461641318488,8,0.16712491059710322,0.032517994895481066,0.010690049142477925,0.015298925094265087,0.09807652960129551,0.034711062438369446,0.0011022000049254396,12,28,0.04310969223054889,0.24564721480101845,False,False,True,1.7801116399934985e-07,COMPLETE
1037,0.5821541905403138,2025-04-07 19:30:15.499155,2025-04-07 19:30:41.175624,0 days 00:00:25.676469,0.010335621366221346,0.29073381245437213,8,0.14979457314759406,0.03969540876438408,0.004247153335304108,0.007817099004549969,0.0765917205695066,0.03943674553987652,0.0005251918390041089,14,37,0.036761682942219,0.26349067742960514,False,False,True,9.508264360873537e-07,COMPLETE
1038,0.18599369525909426,2025-04-07 19:30:41.505979,2025-04-07 19:31:05.651957,0 days 00:00:24.145978,0.0798451259508495,0.2184546970762764,8,0.1937686103910896,0.024576898702587745,0.008083145871434848,0.011969366507024785,0.06071854307019023,0.03633897925526172,0.000735611260220752,12,24,0.04630076135767108,0.257200313789618,False,True,True,8.178495992976079e-05,COMPLETE
1039,0.5703706979751587,2025-04-07 19:31:05.985869,2025-04-07 19:31:29.192248,0 days 00:00:23.206379,0.041973678075211004,0.2524954899205234,8,0.16134128024738328,0.02030196430962346,0.011858674340809042,0.005301690986548175,0.05430919749840207,0.03245916368163488,0.0013641593278266278,10,32,0.0013658532565516482,0.24192298929974465,False,False,True,5.347795441682396e-05,COMPLETE
1040,0.6648292303085327,2025-04-07 19:31:29.530865,2025-04-07 19:31:54.560441,0 days 00:00:25.029576,0.030572997485163893,0.33325135387342747,8,0.17921578087684673,0.032719967415807856,0.009521509651100208,0.009216559556925883,0.06509815872628226,0.04138182595615829,0.0006276806727936441,13,30,0.04059582731380206,0.22647967513253295,False,False,True,6.5826984880023e-07,COMPLETE
1041,0.6427081108093262,2025-04-07 19:31:54.877550,2025-04-07 19:32:20.548730,0 days 00:00:25.671180,0.08972844984967586,0.4439702502516869,8,0.14101271287042905,0.039149912660729806,0.005727801352197829,0.006314211583442188,0.05780883701764755,0.03805140620814506,0.0008857719649552954,14,35,0.044408783982347086,0.23399254156804236,False,False,True,0.00012069669317807085,COMPLETE
1042,0.5828275442123414,2025-04-07 19:32:20.878899,2025-04-07 19:32:44.682106,0 days 00:00:23.803207,0.06117599098800872,0.20622981518846745,8,0.14509649381790563,0.02432690836563688,0.01407995811374372,0.013144826334327567,0.07938988524253164,0.03490450895966996,0.00048677612146787706,11,39,0.03486866487034365,0.2519877573255613,False,False,True,4.847799755934944e-07,COMPLETE
1043,0.6781360983848572,2025-04-07 19:32:45.013935,2025-04-07 19:33:09.662073,0 days 00:00:24.648138,0.0428317091921612,0.13100736666961102,8,0.15672208454336253,0.03145630272522628,0.004311887669063741,0.008136906396175429,0.08311238166593021,0.03896938165156142,0.0010834870955967692,12,27,0.0493812274967873,0.25928034488198615,False,False,True,2.598304795642178e-05,COMPLETE
1044,0.6535650849342346,2025-04-07 19:33:09.997290,2025-04-07 19:33:32.586017,0 days 00:00:22.588727,0.08648247774669633,0.1566066969906772,8,0.13720661538451706,0.04765024017478614,0.007370362062179519,0.011352262125857347,0.07308773155177081,0.04330805843864616,0.0007586120037505085,9,33,0.038478300646486205,0.26466933150484007,False,False,True,3.851009523336163e-07,COMPLETE
1045,0.5918522238731385,2025-04-07 19:33:32.918751,2025-04-07 19:33:59.438743,0 days 00:00:26.519992,0.06393512076715653,0.17793223984506096,8,0.14727169183370448,0.05709679692328341,0.009575846830416266,0.004884416261636341,0.06039361810980354,0.03648744899726831,0.0019968624192361634,15,22,0.04211060885498315,0.24562323228152755,False,False,True,3.454696662300739e-05,COMPLETE
1046,0.5712534666061402,2025-04-07 19:33:59.773070,2025-04-07 19:34:24.847562,0 days 00:00:25.074492,0.029475574363474148,0.13621769986316115,8,0.16930181255081253,0.027879027810427035,0.01228229905903051,0.0706127491345514,0.07645768410884671,0.03246433491882901,0.001524550699535393,13,38,0.04693698329073819,0.25232088325250024,False,False,True,6.0467304909929305e-05,COMPLETE
1047,0.6718202471733093,2025-04-07 19:34:25.183806,2025-04-07 19:34:49.880282,0 days 00:00:24.696476,0.049786716320866405,0.27492505252525856,8,0.13522717831707867,0.0375869253340951,0.015503570682965422,0.009937873706549675,0.06251171153347466,0.04070515919827682,0.0009837712976789978,12,30,0.00432456593999183,0.20491006579122675,False,False,True,5.818061123564013e-07,COMPLETE
1048,0.5709068417549134,2025-04-07 19:34:50.215564,2025-04-07 19:35:14.086915,0 days 00:00:23.871351,0.07168575849019027,0.2264951961201005,8,0.15666753190362023,0.041963318309000706,0.007168250722819784,0.007156435567537468,0.054913832466074564,0.034762879309862806,0.021190297353608393,11,35,0.04468944819774177,0.2286579353844074,False,False,True,8.696128100032416e-05,COMPLETE
1049,0.5841525793075562,2025-04-07 19:35:14.408570,2025-04-07 19:35:40.383098,0 days 00:00:25.974528,0.0880000939648151,0.1942294025541701,8,0.14895747563908668,0.02044326121043918,0.003989188361916074,0.009137214740522452,0.056403489888575783,0.037914556869750066,0.0006299378524195421,14,41,0.03947527468289607,0.27406535145876176,False,False,True,2.5439623518572585e-07,COMPLETE
1050,0.5711422204971314,2025-04-07 19:35:40.720006,2025-04-07 19:36:05.922383,0 days 00:00:25.202377,0.025559113834372885,0.15304491518655708,8,0.14078457983703213,0.033573456557415046,0.009002034959099119,0.004648761858812375,0.06684341537419336,0.040427666250296784,0.0012652590661302195,13,33,0.04256047738626851,0.23767202740033497,False,False,True,0.00010203238663579264,COMPLETE
1051,0.681528902053833,2025-04-07 19:36:06.257834,2025-04-07 19:36:30.957866,0 days 00:00:24.700032,0.05003277729655819,0.2421091254686492,8,0.162176666987271,0.02643519552927242,0.00616795827172407,0.012392841449953191,0.0704518890206299,0.03175294279694364,0.0008438889236319767,12,27,0.03766526925868498,0.24632688558544633,False,False,True,3.206137637917928e-07,COMPLETE
1052,0.09220942556858062,2025-04-07 19:36:31.291378,2025-04-07 19:36:54.641794,0 days 00:00:23.350416,0.0672768299442636,0.13132800765530128,8,0.15080814892331976,0.17137698273877197,0.010954961648804844,0.015187989918383462,0.08009970826910601,0.04393307824590745,0.00046847029847575823,10,37,0.03171713147497603,0.2567460835915715,False,False,True,6.968580326881012e-05,COMPLETE
1053,0.7005581736564637,2025-04-07 19:36:54.975223,2025-04-07 19:37:15.396291,0 days 00:00:20.421068,0.02730489021171158,0.17024190664640887,8,0.1351672740348552,0.018952998040798502,0.00411256380318655,0.007153320841877156,0.05889925314789637,0.0361426547917997,0.000716762390653482,6,30,0.040794777472283876,0.26728223037575305,False,False,True,1.4505170056439313e-07,COMPLETE
1054,0.5690718650817872,2025-04-07 19:37:15.735784,2025-04-07 19:37:39.917308,0 days 00:00:24.181524,0.045665405017661295,0.20869919816404622,8,0.14261588132488148,0.035348867241024914,0.008550001212923463,0.010977108963027876,0.07509909477292577,0.03874413651398998,0.0011770417926188163,11,33,0.0480237541275899,0.24097170817934566,False,False,True,7.646077871324317e-07,COMPLETE
1055,0.5492387652397156,2025-04-07 19:37:40.253248,2025-04-07 19:38:05.197858,0 days 00:00:24.944610,0.08831014087559536,0.5138020845531612,8,0.15538090455581913,0.04486047954143629,0.012835654661842793,0.0043657820276855035,0.07780103155582381,0.04153927884140686,0.0006031740151861389,13,35,0.04461767353361056,0.2316284215640533,False,False,True,5.163559764023599e-07,COMPLETE
1056,0.6781023621559144,2025-04-07 19:38:05.538193,2025-04-07 19:38:29.844406,0 days 00:00:24.306213,0.06381873167614244,0.2585464421966139,8,0.17460303733560564,0.028264487479155193,0.00648595353195921,0.009030601296638114,0.06246695025137788,0.03402719805890255,0.0009887164917654313,12,25,0.04113937535269207,0.25169537832149,False,False,True,4.6786479992965034e-05,COMPLETE
1057,0.0941266119480133,2025-04-07 19:38:30.164610,2025-04-07 19:38:55.274476,0 days 00:00:25.109866,0.6854252372259209,0.15318941366106675,8,0.2354423642116315,0.038562669251073996,0.010746538755362287,0.013494019465254255,0.08156530060641798,0.035714863561977735,0.0015009615043843187,13,29,0.03595292827687074,0.26075789645499825,False,True,True,0.00013989506326187048,COMPLETE
1058,0.6896802544593812,2025-04-07 19:38:55.610683,2025-04-07 19:39:21.335816,0 days 00:00:25.725133,0.010088192784633174,0.18417973561097692,8,0.1634121232970309,0.0307510610116161,0.0037451928305624895,0.006023135225114052,0.07239739737551143,0.03939095279706986,0.0008366869133456014,14,40,0.0427444222047208,0.2458427622083691,False,False,True,2.0410955262582604e-05,COMPLETE
1059,0.5698003172874451,2025-04-07 19:39:21.672262,2025-04-07 19:39:45.906821,0 days 00:00:24.234559,0.040068203315887674,0.22617709564021038,8,0.1475398985810892,0.024792001809308975,0.008331717465958632,0.007836044601173877,0.0599788106682262,0.037602986623381775,0.0011331635454713998,12,32,0.04591607867419096,0.22462267220648316,False,False,True,1.262944896816925e-06,COMPLETE
1060,0.569854485988617,2025-04-07 19:39:46.245135,2025-04-07 19:40:11.075501,0 days 00:00:24.830366,0.07416754441940984,0.12923607797107287,8,0.13364882796064878,0.048493984153712685,0.0170203172613691,0.010223672090322473,0.0646136130600407,0.031329494015143934,0.0007202417814890135,13,36,0.03933350272985661,0.2560559431238657,False,False,True,9.33641730860492e-07,COMPLETE
1061,0.48861508369445805,2025-04-07 19:40:11.410956,2025-04-07 19:40:34.407105,0 days 00:00:22.996149,0.3951254850683109,0.3017930547007499,8,0.14301457725460112,0.09543983728388539,0.06588109371748445,0.00705319096851189,0.08638129406346924,0.0425151133288433,0.0005418959679787538,10,38,0.050024747991209935,0.268380945265259,False,False,True,4.6863306834560124e-07,COMPLETE
1062,0.5687651991844178,2025-04-07 19:40:34.743567,2025-04-07 19:40:58.136266,0 days 00:00:23.392699,0.09221776937353587,0.16655489555563396,8,0.18907539673366083,0.03595176620205362,0.0065126245904553685,0.011608969499860799,0.05505293448675711,0.03428071904294572,0.0018451307227206506,11,32,0.03798521661445394,0.2367415730600207,False,False,True,3.8643988356291153e-07,COMPLETE
1063,0.6995476961135865,2025-04-07 19:40:58.474855,2025-04-07 19:41:24.968337,0 days 00:00:26.493482,0.027482145551355513,0.24881994182203465,8,0.15425198151575523,0.019524265376450283,0.012641643326431761,0.004403898609433084,0.0575230937483315,0.04483201083181493,0.0009445221710614963,15,28,0.04364304602396112,0.2501971301528747,False,False,True,0.00011077840556669965,COMPLETE
