number,value,datetime_start,datetime_complete,duration,params_alpha-eval,params_alpha-train,params_batch-size,params_eps-eval,params_eps-train,params_lambda-actions-eval,params_lambda-actions-train,params_lambda-frames-eval,params_lambda-frames-train,params_learning-rate,params_n-epochs,params_n-frames,params_radius-gw,params_rho,params_std-feats,params_ub-actions,params_ub-frames,params_weight-decay,state
280,0.09069270193576813,2025-04-20 19:52:40.502673,2025-04-20 19:52:59.546814,0 days 00:00:19.044141,0.7029195714153015,0.632986020863002,16,0.14795705747129229,0.0007490398280358395,0.060994918446925096,0.022229325462313498,0.03644977423072013,0.0575923459685738,0.00010698487256572187,6,29,0.01434696579516695,0.23352426301303064,True,False,False,6.831701651950784e-05,COMPLETE
281,0.3918556094169617,2025-04-20 19:52:59.635836,2025-04-20 19:53:19.248080,0 days 00:00:19.612244,0.6893499912725869,0.04686154186741624,16,0.11101524674082758,0.00836807545349728,0.06409721994367953,0.02506651095604147,0.030809302892333787,0.05948274499811987,0.00014637139823101163,5,22,0.015343051026513569,0.22146258277330233,True,False,False,3.554888006171318e-05,COMPLETE
282,0.7679540753364564,2025-04-20 19:53:19.337154,2025-04-20 19:53:40.547879,0 days 00:00:21.210725,0.7316011056412913,0.07859279197291241,16,0.13948163297609628,0.01658402713980877,0.06101205669887596,0.04142807035668457,0.03740789997420564,0.0618526253788068,0.00016088673182685086,8,38,0.01184337207232903,0.24268797569948888,True,False,False,2.831526235981107e-05,COMPLETE
283,0.6078686833381653,2025-04-20 19:53:40.638482,2025-04-20 19:54:01.723408,0 days 00:00:21.084926,0.7373881552627763,0.14146215984137422,16,0.14461877666430517,0.011026418466158337,0.060258545270670316,0.043615719206072864,0.022216623441099866,0.06167678823337904,0.00015322397023312094,8,41,0.011475433589356581,0.23777423896558045,True,False,False,3.056352073097657e-05,COMPLETE
284,0.7688870549201966,2025-04-20 19:54:01.821467,2025-04-20 19:54:22.602064,0 days 00:00:20.780597,0.7871765862956541,0.08957441433048477,16,0.1420317751704974,0.01706293818446522,0.06490872290338509,0.036841366165594504,0.03771293290741684,0.05904561421060322,0.00011954800286493274,8,38,0.012532962299455544,0.24317580445907475,True,False,False,2.490801082179296e-05,COMPLETE
285,0.3957519292831421,2025-04-20 19:54:22.691227,2025-04-20 19:54:42.883944,0 days 00:00:20.192717,0.7847117379139302,0.042686565970818664,16,0.13996608621674117,0.23726784377801782,0.06642443820195455,0.03950178532637776,0.03742721499564958,0.059482173401488446,9.280945897086575e-05,6,38,0.01309157907311855,0.23234495443930397,True,False,False,4.8540703011743484e-05,COMPLETE
286,0.4734682559967041,2025-04-20 19:54:42.973940,2025-04-20 19:55:04.364767,0 days 00:00:21.390827,0.7237257934981868,0.013520353770876875,16,0.15041753554433043,0.017546549693390107,0.06969483638380067,0.0408802844004417,0.01769870094509286,0.06256640135932102,0.00012044813382705505,9,43,0.08461136505564616,0.2425163410155094,True,False,False,2.9801706991834716e-05,COMPLETE
287,0.5973352551460267,2025-04-20 19:55:04.454410,2025-04-20 19:55:25.274270,0 days 00:00:20.819860,0.7541381175452092,0.08450257347512002,16,0.14149515525687603,0.008062939282941196,0.06482584725334976,0.021242987307944692,0.03859773538447445,0.004309485125509632,0.00012452694547930506,8,38,0.011418186742275967,0.23831975475175202,True,False,False,6.401118172459842e-05,COMPLETE
288,0.18026952743530272,2025-04-20 19:55:25.374532,2025-04-20 19:55:44.187009,0 days 00:00:18.812477,0.7116071051839974,0.061343970180158525,16,0.1208789169712067,0.01600966366384661,0.06126293452471703,0.03662163549309459,0.0378044122143209,0.0616859332475518,0.00016171916026667382,8,41,0.015533980190257615,0.11580230578306906,True,True,False,8.369471150145191e-05,COMPLETE
289,0.09069270193576813,2025-04-20 19:55:44.277022,2025-04-20 19:56:03.841230,0 days 00:00:19.564208,0.763176610038213,0.12304500423091455,16,0.13749682439826377,0.005031323787670191,0.06713633032983257,0.02973267946718479,0.02419579609284672,0.06024719411419656,0.00021997250526882727,7,36,0.010585653940594204,0.2253390599446772,True,False,False,3.9855537882121354e-05,COMPLETE
290,0.45962195396423344,2025-04-20 19:56:03.933482,2025-04-20 19:56:25.342634,0 days 00:00:21.409152,0.6968683209003245,0.08445138189741493,16,0.14767843798152583,0.013529406625558727,0.0640952789663121,0.026169194177040854,0.035855242653382066,0.05788229735769804,0.0001376989772094214,8,70,0.013941330408714774,0.24270942479652197,True,False,False,5.495358355429657e-05,COMPLETE
291,0.7739695310592651,2025-04-20 19:56:25.434448,2025-04-20 19:56:45.297167,0 days 00:00:19.862719,0.7893005325948442,0.10263439363267311,16,0.12569179009242432,0.01941002845124043,0.06191909003361335,0.05111302726650418,0.029104007694130945,0.06886403539749056,7.461945539879104e-05,6,39,0.010405061383059246,0.2329537476737277,True,False,False,2.3181044104432634e-05,COMPLETE
292,0.5963050723075867,2025-04-20 19:56:45.388973,2025-04-20 19:57:05.763782,0 days 00:00:20.374809,0.7775352015959962,0.16569516730025102,16,0.12542929114132753,0.02034953127776124,0.06580480858318749,0.04730441235298913,0.028518843962185812,0.06908012868074176,6.496290564450877e-05,6,40,0.009866022695163621,0.23761730999928207,True,False,False,3.557541201514633e-05,COMPLETE
293,0.6263753175735474,2025-04-20 19:57:05.867013,2025-04-20 19:57:25.505665,0 days 00:00:19.638652,0.7440772369882669,0.10911383687062326,16,0.11565372317843195,0.018567347487987877,0.0689486723126477,0.03628851815097957,0.02972779726479694,0.0675075810844821,0.0001808109151211619,5,45,0.009673533651332044,0.2443377945413401,True,False,False,2.3627243427642883e-05,COMPLETE
294,0.5352706551551819,2025-04-20 19:57:25.600179,2025-04-20 19:57:45.576201,0 days 00:00:19.976022,0.7868319474522256,0.09628718022867376,16,0.13775997935068157,0.01645032458823851,0.060993193304915115,0.053822288787737545,0.03179765753435863,0.066356611211009,7.744997804966511e-05,6,37,0.011422460245871893,0.22909213420605704,True,False,False,2.695336986290575e-05,COMPLETE
295,0.10918545424938203,2025-04-20 19:57:45.669008,2025-04-20 19:58:18.773110,0 days 00:00:33.104102,0.6776403435650478,0.1336619350316982,2,0.12328110018219719,0.020781158507463315,0.07223858831591036,0.03818055605337323,0.03184619719383738,0.06949019735461331,0.00011060678718878013,5,42,0.008673652511513936,0.21658955959384785,True,False,True,8.252598519955845e-05,COMPLETE
296,0.77039213180542,2025-04-20 19:58:18.867136,2025-04-20 19:58:39.487213,0 days 00:00:20.620077,0.7288627026690112,0.11441917721283636,16,0.12950587097780525,0.011803495432777882,0.059742514577342816,0.030789729948185386,0.020144612173674834,0.06300375334915723,0.00021991036229483844,6,38,0.007250438944592113,0.24533746652465507,True,False,False,4.238527985886597e-05,COMPLETE
297,0.09069270193576813,2025-04-20 19:58:39.580822,2025-04-20 19:58:59.204164,0 days 00:00:19.623342,0.7521747582383508,0.7726485069550251,16,0.12748810307074984,0.0001609217495650659,0.06290905170366079,0.050665381358610456,0.015904864910776684,0.06261239840631373,0.0002142048219513999,6,39,0.010344242483463977,0.1452442659227605,True,False,False,4.530484281159656e-05,COMPLETE
298,0.43200784921646124,2025-04-20 19:58:59.308621,2025-04-20 19:59:19.725013,0 days 00:00:20.416392,0.7305582048743672,0.15427634441068375,16,0.12903091483771575,0.011771456939918514,0.05954963761598602,0.02847527413422207,0.02631753938459851,0.06348944930932064,0.00016330922257676338,7,50,0.01614312569330658,0.23764917679361902,True,False,False,3.007186655189224e-05,COMPLETE
299,0.2412407696247101,2025-04-20 19:59:19.819816,2025-04-20 19:59:39.412383,0 days 00:00:19.592567,0.7930674821319987,0.11499766804485448,16,0.11980189753354516,0.00757405337544385,0.05994384303468318,0.04190604403766547,0.028112626661894975,0.06099402982103136,0.0002036157339955676,5,42,0.013181138647892245,0.24606564425209035,True,False,False,7.321904096499697e-05,COMPLETE
300,0.7095668077468873,2025-04-20 19:59:39.508473,2025-04-20 19:59:59.906732,0 days 00:00:20.398259,0.7245563257548793,0.074380962232947,16,0.10642186815225876,0.014319951538675275,0.06347309850239294,0.03145136885962751,0.023264637315466186,0.06414342993749639,0.00010000653963293623,6,37,0.008708866900217622,0.08473065124680679,True,False,False,2.5631638760164637e-05,COMPLETE
301,0.39685822725296027,2025-04-20 20:00:00.000247,2025-04-20 20:00:20.589194,0 days 00:00:20.588947,0.7618568802324179,0.07591417987027722,16,0.09367989022625843,0.15324841977893788,0.06263647920395715,0.03321383033441166,0.018262990634370528,0.06421512319841274,5.38115428276526e-05,7,38,0.006582368123233148,0.08707541756320061,True,False,False,0.00010502337423070234,COMPLETE
302,0.6244520068168641,2025-04-20 20:00:20.683343,2025-04-20 20:00:40.727937,0 days 00:00:20.044594,0.7282397774223082,0.062055386711861865,16,0.12364494491242863,0.017266000638274666,0.05987081551266557,0.0316249846978323,0.03001126453825136,0.06788207887919558,7.61774353337835e-05,6,36,0.008514831651828224,0.24257269068180906,True,False,False,2.3190894465735044e-05,COMPLETE
303,0.09069270193576813,2025-04-20 20:00:40.832668,2025-04-20 20:01:00.338239,0 days 00:00:19.505571,0.6842833318545896,0.07860136580324525,16,0.11319486807636191,0.005377195184140857,0.0672430156704169,0.029976766759230604,0.01952325720818533,0.06568332905087003,0.00010540722580900022,6,45,0.007159825412641606,0.25044664541824807,True,False,False,2.2592446924723805e-05,COMPLETE
304,0.6090165138244629,2025-04-20 20:01:00.434555,2025-04-20 20:01:21.079658,0 days 00:00:20.645103,0.7367046767704203,0.12884967398077682,16,0.13319820437193836,0.019398292781477394,0.062016487652082675,0.03208647298508254,0.03361329400385919,0.06422412734775146,9.328090453871571e-05,7,41,0.008765660478044302,0.2339660936931725,True,False,False,3.545566202810744e-05,COMPLETE
305,0.7705096602439881,2025-04-20 20:01:21.174854,2025-04-20 20:01:41.395660,0 days 00:00:20.220806,0.779536485010771,0.09240763645099842,16,0.12715027406727444,0.011558792447411129,0.06930784810016478,0.0352397853406245,0.03218379570706809,0.05994679736570904,0.00016302390784478152,6,38,0.005728462371344872,0.24660432192536874,True,False,False,7.10387998084995e-05,COMPLETE
306,0.4915504455566407,2025-04-20 20:01:41.491083,2025-04-20 20:02:01.961139,0 days 00:00:20.470056,0.7714408987564312,0.10175470309130041,16,0.1171590592472079,0.021841731233197045,0.0704542741499299,0.034580066283567586,0.02447214467201533,0.06295671701952035,0.0001685238905074761,10,7,0.006194929081366981,0.24722284480979734,True,False,False,0.0001378195755599891,COMPLETE
307,0.1466575562953949,2025-04-20 20:02:02.066925,2025-04-20 20:02:20.009863,0 days 00:00:17.942938,0.7885721118187587,0.1419219488605497,16,0.12645344982969345,0.014490518731344264,0.06887010515563728,0.037120642790663204,0.031234799645739872,0.06055606089322016,0.00032085537767679185,6,39,0.005793432353157187,0.241346636576241,True,True,False,9.117611342541454e-05,COMPLETE
308,0.428239518404007,2025-04-20 20:02:20.107150,2025-04-20 20:02:39.877288,0 days 00:00:19.770138,0.758365070334461,0.3095727904944332,16,0.1065769840892121,0.021398275010624187,0.07421664345509439,0.03085042813618901,0.02068978851578775,0.06747814416656671,0.00022545732983695596,5,36,0.005702541396058429,0.06983486682169977,True,False,False,1.6944933465789748e-05,COMPLETE
309,0.3734347343444825,2025-04-20 20:02:39.973350,2025-04-20 20:03:00.104544,0 days 00:00:20.131194,0.8182854834679714,0.1214608670210718,16,0.1209636141710693,0.01044344485534218,0.06699664769099468,0.03463336717303758,0.02803795089838152,0.0706459127726807,0.00011570259997055143,6,47,0.008261976016613212,0.2460133921342274,True,False,False,7.419122277862864e-05,COMPLETE
310,0.6073823809623718,2025-04-20 20:03:00.201813,2025-04-20 20:03:19.966718,0 days 00:00:19.764905,0.7847595220554842,0.06145634453090053,16,0.10153384624527759,0.024624700466125537,0.05886964100581468,0.02784143703695301,0.032778515611517095,0.0633506641119077,0.00016261548193406719,5,40,0.005238118233026586,0.2508506054296451,True,False,False,0.00011336544530446958,COMPLETE
311,0.3689931154251099,2025-04-20 20:03:20.064477,2025-04-20 20:03:40.017877,0 days 00:00:19.953400,0.7220977726663395,0.6974636225683085,16,0.1296394453652972,0.0036569032590504126,0.07113253283792598,0.03999041577840573,0.030629097056068255,0.06570526386417705,0.00025631187060008785,6,36,0.007910983949049957,0.06133598878256814,True,False,False,2.7528346296035607e-05,COMPLETE
312,0.39086979627609253,2025-04-20 20:03:40.127006,2025-04-20 20:04:00.287076,0 days 00:00:20.160070,0.8054026821138967,0.08985663825032703,16,0.13428035567809637,0.16875339449148802,0.06837934054464334,0.035799037557698914,0.03861125207853213,0.06147576570539094,0.0001819238580636744,6,44,0.009393283752794858,0.2401699869664193,True,False,False,8.895192469210512e-05,COMPLETE
313,0.777925717830658,2025-04-20 20:04:00.385366,2025-04-20 20:04:20.185073,0 days 00:00:19.799707,0.7519671026837366,0.11106590181728072,16,0.10896578582396128,0.015949607584659853,0.06592419344696115,0.03194042273388195,0.033459504628317295,0.06428269608449379,0.0001306493898345525,5,35,0.006665516188420192,0.2510600382100864,True,False,False,3.990804166482157e-05,COMPLETE
314,0.5458192944526673,2025-04-20 20:04:20.285667,2025-04-20 20:04:42.138183,0 days 00:00:21.852516,0.7500978902031282,0.15281188431670487,8,0.09716146813482926,0.015566268984525018,0.06617571222340848,0.056546306778773356,0.029407207992382656,0.06336514293591024,9.153579789071994e-05,5,38,0.007271892315205032,0.25235683567331996,True,False,False,3.95108653911112e-05,COMPLETE
315,0.09576806724071504,2025-04-20 20:04:42.236067,2025-04-20 20:05:00.079215,0 days 00:00:17.843148,0.7778363010505011,0.5221596178416252,16,0.1049087574305587,0.012012068492397634,0.06935633838155851,0.03180718315495318,0.03333524769622849,0.05661824883238568,0.0001228421434823558,5,35,0.010345790678369621,0.23098345952129487,True,False,True,6.36731130542582e-05,COMPLETE
316,0.09069270193576813,2025-04-20 20:05:00.188369,2025-04-20 20:05:19.444405,0 days 00:00:19.256036,0.7529639692652025,0.1155087765614681,16,0.10922208162339321,0.005239683120705142,0.06417802724906214,0.03811289597702853,0.025802185086657055,0.0601035784413545,0.00014584696331723353,6,42,0.05493833625299501,0.23809706222229463,True,False,False,4.953611546314612e-05,COMPLETE
317,0.6493604302406311,2025-04-20 20:05:19.543200,2025-04-20 20:05:39.177792,0 days 00:00:19.634592,0.727171892690305,0.1043813789931114,16,0.11074577808108896,0.018093666622743438,0.06613493061050342,0.030241226385009166,0.03120476248703742,0.0620161294904773,0.00010657555812202175,5,34,0.005917201018589419,0.08146144896917247,True,False,False,2.0623435427966343e-05,COMPLETE
318,0.7684993505477906,2025-04-20 20:05:39.278396,2025-04-20 20:06:16.854799,0 days 00:00:37.576403,0.7692278580069618,0.1300018098489588,2,0.11621289686301045,0.02322919498886851,0.07245662672413478,0.042252055528055665,0.032093661973996615,0.06456349040106583,6.943179278273474e-05,5,38,0.008950382682822092,0.24862015726116832,True,False,False,3.305108199003481e-05,COMPLETE
319,0.5472000360488892,2025-04-20 20:06:16.954731,2025-04-20 20:06:54.762626,0 days 00:00:37.807895,0.7667559472815222,0.13880610332276488,2,0.11355922827855428,0.01340354192631755,0.07113600241644165,0.04288536494559582,0.028670192816983436,0.06382420217916582,7.830035768697106e-05,5,40,0.011654389754891477,0.25255122064991437,True,False,False,2.8530554856983757e-05,COMPLETE
320,0.544938361644745,2025-04-20 20:06:54.876245,2025-04-20 20:07:48.974046,0 days 00:00:54.097801,0.8004165440077822,0.16442478859694204,2,0.1169227455653176,0.023619154818139976,0.07245295328761059,0.04555535166055699,0.032422809307944105,0.060206995064074086,6.985866453022044e-05,10,43,0.009481692357004762,0.24870688376374286,True,False,False,3.468139030843556e-05,COMPLETE
321,0.09069270193576813,2025-04-20 20:07:49.073924,2025-04-20 20:08:28.746014,0 days 00:00:39.672090,0.7443202772716864,0.12728951084375312,2,0.12150711675727986,0.00676100927689907,0.07290016297359574,0.033050154550379816,0.02727132937088146,0.05886241673204967,4.241850117272388e-05,6,38,0.008187466528891052,0.24155849583535557,True,False,False,4.183272498588691e-05,COMPLETE
322,0.09069270193576813,2025-04-20 20:08:28.846836,2025-04-20 20:09:05.750486,0 days 00:00:36.903650,0.6769116696281215,0.17521756667339444,2,0.10304058864745415,0.0005609121635033933,0.0682277507530355,0.03719984915736535,0.03373736086506799,0.06831968470746472,0.0003526306044256957,5,38,0.011063588013386133,0.1137900659064166,True,False,False,1.646020018037399e-05,COMPLETE
323,0.3687485635280609,2025-04-20 20:09:05.851302,2025-04-20 20:09:56.604872,0 days 00:00:50.753570,0.785809890312339,0.11792743661341759,2,0.11500333605001431,0.017636335501333218,0.06914089473186544,0.02795919681864695,0.02142656955219687,0.06443387315922552,5.39350739170693e-05,9,47,0.007578414225569232,0.23567180786914435,True,False,False,2.698169188960966e-05,COMPLETE
324,0.5395081520080567,2025-04-20 20:09:56.705728,2025-04-20 20:10:37.075355,0 days 00:00:40.369627,0.7171539928798835,0.1385111527050385,2,0.12633607812704545,0.010646277142607111,0.06711729521565428,0.04600007184180836,0.030942358391159577,0.06222862791786193,6.602454406321653e-05,6,35,0.010171872988399666,0.22652638561288277,True,False,False,7.604678538565847e-05,COMPLETE
325,0.5700685143470764,2025-04-20 20:10:37.186694,2025-04-20 20:11:14.905697,0 days 00:00:37.719003,0.7568352054889863,0.03287646740725064,2,0.14432927295810374,0.024769099968398982,0.06467637663223445,0.050064578503009105,0.037155426357985445,0.05745748380103099,0.0002825512612059786,5,41,0.012189197212813273,0.25216245374590984,True,False,False,5.306106245900396e-05,COMPLETE
326,0.7714430809020997,2025-04-20 20:11:15.008303,2025-04-20 20:11:35.319671,0 days 00:00:20.311368,0.6927989649246542,0.10629700037867963,16,0.10803384679401686,0.01893278548554957,0.06603561003470809,0.04039961005548406,0.03358947295121382,0.060512930746796,9.538992767417674e-05,7,38,0.006879255633616516,0.24573881179177848,True,False,False,0.00019969049331035367,COMPLETE
327,0.1668900430202484,2025-04-20 20:11:35.423036,2025-04-20 20:11:54.245522,0 days 00:00:18.822486,0.7001542886655175,0.07038000747716654,16,0.1087520573237882,0.016913093807039953,0.06295851813410717,0.04015356175117281,0.029618719782938056,0.06182731974896537,0.0001040370424997115,7,77,0.00636485450666857,0.2473467145371023,True,True,False,0.0002129794675248828,COMPLETE
328,0.6403956055641175,2025-04-20 20:11:54.348981,2025-04-20 20:12:15.441089,0 days 00:00:21.092108,0.8540760476638692,0.11097356187311062,16,0.08771557258593775,0.011190060807827093,0.06528418578903632,0.038526161262929695,0.03269423177762009,0.06514191745175188,9.048227873684555e-05,8,39,0.005582244008261905,0.2682052275575744,True,False,False,0.0002632689837942134,COMPLETE
329,0.7025465965270996,2025-04-20 20:12:15.554071,2025-04-20 20:12:36.501615,0 days 00:00:20.947544,0.7345411463628098,0.09211447979680977,16,0.09813008891025916,0.018650228049053988,0.061731606293583874,0.04138146041028559,0.033642997275998114,0.06098485330311317,7.516280691017469e-05,8,44,0.008511327381349777,0.13278919426871222,True,False,False,0.00016091937519596664,COMPLETE
330,0.38343618512153627,2025-04-20 20:12:36.605216,2025-04-20 20:12:57.543860,0 days 00:00:20.938644,0.7364262513389012,0.09902550413926886,16,0.09975580637397544,0.2203540156297247,0.07462287534775928,0.042166644484437514,0.03154320669347412,0.06033848195170195,6.316654672942847e-05,7,44,0.00797252576997452,0.13379584297443298,True,False,False,0.000194517593178579,COMPLETE
331,0.4567472219467163,2025-04-20 20:12:57.647754,2025-04-20 20:13:18.633352,0 days 00:00:20.985598,0.7686015048816401,0.0651203643895768,16,0.09400368730272504,0.01972856338617359,0.0701984219027622,0.03612129749865264,0.03372309094463103,0.06299139682317902,8.096898480842403e-05,8,42,0.07451581169281506,0.23405688667564611,True,False,False,0.00017423911774739595,COMPLETE
332,0.6229357123374939,2025-04-20 20:13:18.736204,2025-04-20 20:13:39.804167,0 days 00:00:21.067963,0.7268793366703886,0.08871770436437972,16,0.11715411678279684,0.021873385586495375,0.0632813730621452,0.04004502078889662,0.07267099016865458,0.060005280991600296,7.451016616280037e-05,8,50,0.007309398315097604,0.13106980221330383,True,False,False,0.0001260373458378721,COMPLETE
333,0.7685911178588868,2025-04-20 20:13:39.917866,2025-04-20 20:14:05.729229,0 days 00:00:25.811363,0.7154786966271687,0.1275110296493558,16,0.08825364918945847,0.014521904011895142,0.06649947404944019,0.03890509121871209,0.025065970839600868,0.016856716965611425,0.00012426728569425616,19,38,0.004331483287894825,0.22891552510130223,True,False,False,0.00013883867366376056,COMPLETE
334,0.7682610869407654,2025-04-20 20:14:05.833932,2025-04-20 20:14:32.025814,0 days 00:00:26.191882,0.7044566400037539,0.15065432261064896,16,0.08999809898774284,0.012724969438401637,0.06647092650564651,0.03499275396573955,0.023919563216329195,0.017340277826366417,0.0001229035749548256,20,38,0.004652146480334299,0.22752164972713151,True,False,False,0.00013778658108426196,COMPLETE
335,0.16409256756305696,2025-04-20 20:14:32.132657,2025-04-20 20:14:55.503196,0 days 00:00:23.370539,0.6867149735764951,0.15349591984927866,16,0.08205810005752127,0.011115140551114965,0.06662003477731435,0.044566633428284826,0.024918905624363625,0.018153647079633677,0.00012811035024054077,19,40,0.00446880889501942,0.2225678838846673,True,False,True,0.000331834113766405,COMPLETE
