number,value,datetime_start,datetime_complete,duration,params_alpha-eval,params_alpha-train,params_batch-size,params_eps-eval,params_eps-train,params_lambda-actions-eval,params_lambda-actions-train,params_lambda-frames-eval,params_lambda-frames-train,params_learning-rate,params_n-epochs,params_n-frames,params_radius-gw,params_rho,params_std-feats,params_ub-actions,params_ub-frames,params_weight-decay,state
728,0.6818610906600953,2025-04-07 17:20:53.003656,2025-04-07 17:21:19.956700,0 days 00:00:26.953044,0.1343026425758867,0.07053352627807631,8,0.12540792568841969,0.02839131995388821,0.005279724295637664,0.004321702578904197,0.04906069119352813,0.031934539686529345,0.000733338361973369,16,28,0.0509968673517873,0.2135807409699067,False,False,True,7.840454191980714e-05,COMPLETE
729,0.6603454232215882,2025-04-07 17:21:20.189487,2025-04-07 17:21:48.514328,0 days 00:00:28.324841,0.08486358109642154,0.09212458087957272,8,0.14418264124620261,0.04135880572835705,0.002948983626322969,0.005202129146335881,0.055232625229705755,0.038378262800051195,0.0004343353433988132,18,23,0.045201154857088616,0.22945714743810827,False,False,True,8.890342092718429e-05,COMPLETE
730,0.586952304840088,2025-04-07 17:21:48.751627,2025-04-07 17:22:16.889910,0 days 00:00:28.138283,0.1053484128836041,0.8417847844697611,8,0.11615639015037654,0.034543850770548196,0.0072985527939809485,0.0027314734294306897,0.052327453952521266,0.045801667884648664,0.00026916289242796446,17,36,0.05256084232241782,0.24270980106090476,False,False,True,0.0004428318511420888,COMPLETE
731,0.7249459147453309,2025-04-07 17:22:17.113172,2025-04-07 17:22:44.270635,0 days 00:00:27.157463,0.08542005160676547,0.1255560057085752,8,0.13633649634151823,0.05148290167124338,0.005065985812660866,0.007618513572103202,0.04579013918620219,0.026252679761829056,0.0006175550354035369,16,31,0.04932369370098983,0.22350475086974964,False,False,True,2.295392686762079e-05,COMPLETE
732,0.5715523362159729,2025-04-07 17:22:44.505845,2025-04-07 17:23:12.071578,0 days 00:00:27.565733,0.06557746113870878,0.12558585383955945,8,0.1381664645820482,0.06527707876723281,0.009750622088131397,0.0081943604476148,0.04546047430768093,0.026918656460627192,0.000631409062745052,16,34,0.04852102366041407,0.22017308593975504,False,False,True,0.0001600500737292643,COMPLETE
733,0.5684553384780884,2025-04-07 17:23:12.296549,2025-04-07 17:23:39.233812,0 days 00:00:26.937263,0.06143212362178801,0.12513440658078862,8,0.13697798750347653,0.05783814608269645,0.0010182647389226016,0.0028784384943651166,0.04468179463016716,0.022553402110930036,0.0010192220255237948,16,32,0.04987251390293901,0.21443510562527873,False,False,True,2.1679234156636603e-05,COMPLETE
734,0.09791135787963867,2025-04-07 17:23:39.479515,2025-04-07 17:24:05.899971,0 days 00:00:26.420456,0.0869808046847528,0.10455468784711376,8,0.13131105840982593,0.2050344940937009,0.005151439743932756,0.007773147295415917,0.05056869077554808,0.03513440909563177,0.0007743203105556133,15,36,0.046800191508914284,0.25369244294716947,False,False,True,3.663836884344501e-05,COMPLETE
735,0.6594844102859497,2025-04-07 17:24:06.137574,2025-04-07 17:24:34.072864,0 days 00:00:27.935290,0.08374010366222785,0.11016627367728188,8,0.18695340685284786,0.05079649789514875,0.0072210101269418805,0.0013345553058396642,0.04821167854551638,0.02853326618812841,0.0005488393838271814,17,27,0.05101392261385014,0.22430241072183368,False,False,True,2.2900979785333172e-05,COMPLETE
736,0.6174297690391541,2025-04-07 17:24:34.299459,2025-04-07 17:25:01.158184,0 days 00:00:26.858725,0.11571826374486072,0.093828078761901,8,0.1459270913820631,0.05145017045510309,0.0030408980109252995,0.010170378814260857,0.05364355304629241,0.04210894001267336,0.00047001074853260437,16,31,0.04002152672212796,0.2339010637214886,False,False,True,2.7320250867789957e-05,COMPLETE
737,0.3153358340263367,2025-04-07 17:25:01.398344,2025-04-07 17:25:27.524150,0 days 00:00:26.125806,0.06653130066937757,0.3294220141948979,8,0.12169720018267871,0.06037985508348683,0.005288178581643854,0.0053410014794407525,0.046566621054941824,0.040462851573325506,0.0005993362099196571,14,115,0.04767000876473083,0.22013792481539235,False,False,True,1.2399492357438693e-05,COMPLETE
738,0.45588566064834596,2025-04-07 17:25:27.750340,2025-04-07 17:25:56.055845,0 days 00:00:28.305505,0.08506983716501981,0.12851024518462106,8,0.1380237671618595,0.043569607465291565,0.002997862621148659,0.004154067093035054,0.049883403444723494,0.03061679069800137,0.00039354989431281297,17,104,0.053198013077399346,0.23868883222727727,False,False,True,0.00024940581817744974,COMPLETE
739,0.6905220031738282,2025-04-07 17:25:56.295481,2025-04-07 17:26:24.969167,0 days 00:00:28.673686,0.10696007156628515,0.09418525857021669,8,0.12583442418722757,0.04647013035391449,0.0074461137368385215,0.006776772524559967,0.045042362926796024,0.027095585058612343,0.0007081634251082557,18,33,0.04390144510706598,0.2272555346104085,False,False,True,2.1889869139300705e-05,COMPLETE
740,0.5722389459609986,2025-04-07 17:26:25.209874,2025-04-07 17:26:52.617946,0 days 00:00:27.408072,0.06793708589405179,0.06826734826194586,8,0.11829535087622335,0.05223692569018758,0.005455056323947586,0.003005142379322789,0.051850516681137236,0.0245996916021407,0.0004925942013632604,16,37,0.055156016005053765,0.2131418475814188,False,False,True,1.7142132021179843e-05,COMPLETE
741,0.6871811985969544,2025-04-07 17:26:52.845331,2025-04-07 17:27:21.386061,0 days 00:00:28.540730,0.12866031464018024,0.2865459911842893,8,0.1445415462875498,0.03949903921519943,0.0010619079270318115,0.0010961074718292734,0.047321634213518635,0.037236079407657975,0.0003564452820132433,18,28,0.04945620929599631,0.24630712314599965,False,False,True,7.009647588628795e-05,COMPLETE
742,0.717962396144867,2025-04-07 17:27:21.627269,2025-04-07 17:27:49.246924,0 days 00:00:27.619655,0.08473462721906627,0.10964756051670342,8,0.1325632273540878,0.03542894245381594,0.003029484276880906,0.009776873315853026,0.0560490694694651,0.045176708063682375,0.000864911502616095,17,31,0.045778034853156895,0.22359847641363118,False,False,True,1.3575068716509394e-05,COMPLETE
743,0.3233761191368103,2025-04-07 17:27:49.472301,2025-04-07 17:28:17.910084,0 days 00:00:28.437783,0.059366992500387766,0.4810942462583998,8,0.1340260359481141,0.04475097387968428,0.002951996930045087,0.008088314144617829,0.060961435221985785,0.03932256052104401,0.000905076700631566,17,84,0.04614430699139422,0.21955522623628154,False,False,True,1.5110697034701248e-05,COMPLETE
744,0.506290352344513,2025-04-07 17:28:18.148908,2025-04-07 17:28:45.448711,0 days 00:00:27.299803,0.08274361730048661,0.13164736487549486,8,0.2216473512054125,0.03603432595264987,0.0010033733716314154,0.010021558520761465,0.0577917177357079,0.044876240532086956,0.00110899633605286,17,31,0.0421642988590396,0.23377466333711738,False,False,True,1.4208705442453027e-05,COMPLETE
745,0.5706451654434205,2025-04-07 17:28:45.689774,2025-04-07 17:29:12.582444,0 days 00:00:26.892670,0.11030890712617664,0.1144964595341247,8,0.14430331760968154,0.05461663002551582,0.010753584633474454,0.009969228956309088,0.054244293545014026,0.041770669196130844,0.0008202855978710542,15,34,0.04515007247195654,0.2224377612894785,False,False,True,2.930040487361877e-05,COMPLETE
746,0.49851942062377935,2025-04-07 17:29:12.810004,2025-04-07 17:29:39.668007,0 days 00:00:26.858003,0.06194133619342539,0.1198286889229307,8,0.13244117405891284,0.07655145461826915,0.008916374933477404,0.005753192620162589,0.04844497983788465,0.03526178108824143,0.0006281717691226406,16,24,0.047977404546070565,0.20396193809858282,False,False,True,1.9194732455546166e-05,COMPLETE
747,0.5706043720245362,2025-04-07 17:29:39.909648,2025-04-07 17:30:07.797060,0 days 00:00:27.887412,0.08183515235650356,0.10271419216637248,8,0.13784445087001007,0.041719779717565915,0.005301923851634284,0.0077165356319899,0.05986224232329112,0.044721398450468415,0.0007084105438200847,17,37,0.051246550900132345,0.23766002478497844,False,False,True,1.2625266050404115e-05,COMPLETE
748,0.5208892583847047,2025-04-07 17:30:08.025942,2025-04-07 17:30:36.903394,0 days 00:00:28.877452,0.5748642467279391,0.13402731492321276,8,0.1312294565762046,0.03651779605772627,0.002938737794618535,0.005814975213687552,0.05496133647199185,0.039454284529644515,0.0005494971425943981,18,28,0.04162451372292893,0.21332892708151957,False,False,True,1.9852063374289292e-05,COMPLETE
749,0.5696053504943848,2025-04-07 17:30:37.143541,2025-04-07 17:31:04.206411,0 days 00:00:27.062870,0.12759155908067346,0.10372011201632927,8,0.12027701965695602,0.0467991446273803,0.0069446210518174165,0.00905769210217687,0.08197383669290723,0.04214306543897345,0.00043829158474296086,16,32,0.04387247774717354,0.2319803678756297,False,False,True,0.00015550689771476635,COMPLETE
750,0.5706350326538087,2025-04-07 17:31:04.453556,2025-04-07 17:31:32.341812,0 days 00:00:27.888256,0.09380010261304027,0.0888012667566324,8,0.12553743788794647,0.03238808322051953,0.0048248528782702665,0.004431302575482039,0.05665639369462832,0.03708346741173738,0.000953022011668646,17,34,0.04930488083543238,0.22471815161365744,False,False,True,4.504415484087865e-05,COMPLETE
751,0.11466064602136614,2025-04-07 17:31:32.571290,2025-04-07 17:32:00.917217,0 days 00:00:28.345927,0.4065462426838359,0.8061673465336794,8,0.13944576804883857,0.05777699309123841,0.0027352421903103206,0.006906173974465856,0.04118866475899563,0.03324202452630825,0.0012326867807748185,18,24,0.046427308617113826,0.2423330097661073,False,False,True,6.401697631702064e-05,COMPLETE
752,0.6564834594726563,2025-04-07 17:32:01.158411,2025-04-07 17:32:29.268049,0 days 00:00:28.109638,0.06425868997166853,0.06752497308136368,8,0.13168303967068157,0.040947329513451716,0.0062342196752346694,0.004131424486160501,0.04561317554834258,0.04623053715184766,0.0005254259092845854,17,27,0.052588017404647615,0.21669830285847136,False,False,True,8.547780116911877e-06,COMPLETE
753,0.7049399375915528,2025-04-07 17:32:29.495229,2025-04-07 17:32:56.727623,0 days 00:00:27.232394,0.10972342329986816,0.11490653658913612,8,0.11419639289529375,0.028215596181092054,0.002920786314610839,0.010288996251877017,0.05235888949432468,0.043617527846093275,0.0006687520986762747,16,31,0.053428715481373686,0.24973809713426162,False,False,True,3.133430782628528e-05,COMPLETE
754,0.5688238859176635,2025-04-07 17:32:56.967954,2025-04-07 17:33:23.428820,0 days 00:00:26.460866,0.13835452425654265,0.1361642592725699,8,0.11560102461620529,0.028861816980352405,0.0010534862103620357,0.009261635539657509,0.05600066732509498,0.02539958335474356,0.0008474060090048378,15,36,0.051127877374388446,0.24809573118768324,False,False,True,3.348281937138599e-05,COMPLETE
755,0.6560668587684632,2025-04-07 17:33:23.673522,2025-04-07 17:33:50.773586,0 days 00:00:27.100064,0.11324263538190038,0.12736476153119264,8,0.11319085026514183,0.049083679786449785,0.0029462312180362315,0.010632496818672678,0.05291025650744256,0.04272155343840031,0.0006606495107882238,16,31,0.05384475757983574,0.2562833843133832,False,False,True,2.6353508834730196e-05,COMPLETE
756,0.5708079814910889,2025-04-07 17:33:51.001262,2025-04-07 17:34:18.141113,0 days 00:00:27.139851,0.08179660624512058,0.12507027295368545,8,0.11438835066845816,0.035593099059532875,0.0030668287706259664,0.010651270920064288,0.05183183544027318,0.044004675818771675,0.000676539792504993,16,34,0.050014926279651734,0.24666363043912143,False,False,True,3.3332937930281245e-05,COMPLETE
757,0.44600932002067567,2025-04-07 17:34:18.384265,2025-04-07 17:34:45.340339,0 days 00:00:26.956074,0.06250912803255301,0.10670290284565072,8,0.12014154836090805,0.03706253228018157,0.004222916810805789,0.008630525488007539,0.05365250164380159,0.0404193192365362,0.0008002173021830926,15,91,0.04773447015612089,0.25385979604210196,False,False,True,2.4488991112369635e-05,COMPLETE
758,0.09321251064538956,2025-04-07 17:34:45.586858,2025-04-07 17:35:12.744711,0 days 00:00:27.157853,0.11678541117448452,0.11000593242219925,8,0.12157624362134471,0.2691110543617894,0.0010299034643153353,0.00379791278171715,0.050811882720152114,0.03705035506700088,0.0004893299914865891,16,37,0.054193425608530306,0.2400062042847069,False,False,True,5.4999046723752756e-05,COMPLETE
759,0.20866070091724398,2025-04-07 17:35:12.976046,2025-04-07 17:35:40.722567,0 days 00:00:27.746521,0.09095057174500162,0.13290346207880957,8,0.11327579875133582,0.11527148676603947,0.008372601893246396,0.00697557480542688,0.05575715265585679,0.04141491365401249,0.0006037971809164657,17,32,0.044809019995077366,0.25017822683740426,False,False,True,0.00011085436281980344,COMPLETE
760,0.6911188960075378,2025-04-07 17:35:40.966637,2025-04-07 17:36:08.541522,0 days 00:00:27.574885,0.14343787550884246,0.08817772296376221,8,0.1249938845359376,0.04279831248229927,0.002951610435012701,0.005384998254147868,0.04928291165994498,0.03934471920721317,0.00043235454460886617,17,28,0.04015301340372113,0.23346643036191222,False,False,True,3.544725320100199e-05,COMPLETE
761,0.5936117172241211,2025-04-07 17:36:08.773755,2025-04-07 17:36:37.373637,0 days 00:00:28.599882,0.1053184628243563,0.5886099066584483,8,0.11966593559906254,0.031461762399827696,0.006307670779435333,0.0030027122780060186,0.052348608492692135,0.03130710789789802,0.0005635792890691931,18,31,0.05262974738733825,0.2219519227387348,False,False,True,1.6613088571674793e-05,COMPLETE
762,0.672817611694336,2025-04-07 17:36:37.619631,2025-04-07 17:37:05.056346,0 days 00:00:27.436715,0.082799452266974,0.11267346407447934,8,0.12725476511283496,0.027474120241356568,0.004950070849781647,0.007890105770473919,0.04902672415115674,0.04560028679989418,0.00039195460098628474,16,22,0.04251288531070988,0.2407176253008494,False,False,True,1.4591446171049227e-05,COMPLETE
763,0.5694155931472779,2025-04-07 17:37:05.302745,2025-04-07 17:37:32.934407,0 days 00:00:27.631662,0.12785639608016197,0.09383742359547774,8,0.14452432379872235,0.04886585859363436,0.0030062153455578267,0.005110739873341926,0.059207441601457876,0.043492675798891864,0.0007405962415526647,17,35,0.05549282253938744,0.2126367985908504,False,False,True,0.00018498699841289112,COMPLETE
764,0.6598686814308168,2025-04-07 17:37:33.167128,2025-04-07 17:38:02.109253,0 days 00:00:28.942125,0.06234705154246893,0.14385391282854668,8,0.13690581486837955,0.03579574546045507,0.0010459564675449418,0.0030059680699642444,0.05047576773326626,0.03511331870180162,0.0010691578064739627,18,27,0.04930097871388937,0.22536998242574047,False,False,True,2.927453126313106e-05,COMPLETE
765,0.7018688917160034,2025-04-07 17:38:02.353732,2025-04-07 17:38:28.758264,0 days 00:00:26.404532,0.10021504360874246,0.10924858483382476,8,0.1142339672477134,0.04176914971435722,0.007315979067939824,0.007178117083629578,0.04459707124447264,0.038229549112736606,0.00048291767219698045,15,31,0.0374639837900497,0.21879721007842956,False,False,True,0.000136306314103409,COMPLETE
766,0.394075620174408,2025-04-07 17:38:28.993729,2025-04-07 17:38:54.871571,0 days 00:00:25.877842,0.8251782597443535,0.1355142026896445,8,0.11379013744210728,0.05562777728827394,0.011272060300395504,0.010956172319509514,0.044342291844284704,0.03801715022518272,0.0005973134513698566,14,37,0.03589705595164123,0.2029000891972501,False,False,True,0.0001252803467935569,COMPLETE
767,0.6925577402114869,2025-04-07 17:38:55.117682,2025-04-07 17:39:21.409824,0 days 00:00:26.292142,0.1468183650406929,0.11425513225519178,8,0.11390957676831562,0.04201524289196579,0.009042300582970987,0.008059109246855649,0.04570086909853328,0.03641496317307603,0.0004935482317486723,15,33,0.03806809444905757,0.21953968027544254,False,False,True,0.00017362775181387004,COMPLETE
768,0.5695991039276123,2025-04-07 17:39:21.657863,2025-04-07 17:39:48.110560,0 days 00:00:26.452697,0.15638119078622195,0.13797971382643848,8,0.1137123491740289,0.043288819323925656,0.008822223313453932,0.009065580922903351,0.04527266943267569,0.036056843359602984,0.0005055244515201148,15,38,0.03540662649322102,0.21396490597351242,False,False,True,0.00016311885528334728,COMPLETE
769,0.08857930749654772,2025-04-07 17:39:48.345410,2025-04-07 17:40:14.625092,0 days 00:00:26.279682,0.14750086507763122,0.9244948974567782,8,0.11212298010570139,0.05296974792479492,0.010667112899450108,0.008293122300975585,0.04461132255602732,0.0325303325877197,0.000748024443761603,15,34,0.03773080422139989,0.21793652102237368,False,False,True,0.00022921534909429227,COMPLETE
770,0.6845790028572083,2025-04-07 17:40:14.870296,2025-04-07 17:40:41.596773,0 days 00:00:26.726477,0.138046353353616,0.13005294210530155,8,0.11781653310910724,0.04605816408228583,0.009008604263690562,0.01121695778736836,0.04082201130823418,0.03424734385629323,0.000501588301965118,15,33,0.037371352030807554,0.2188316555956981,False,False,True,0.0001384372164687354,COMPLETE
771,0.5699028968811035,2025-04-07 17:40:41.845937,2025-04-07 17:41:07.622489,0 days 00:00:25.776552,0.12893657017264867,0.12157908711237327,8,0.11246235991773593,0.04297045539282785,0.007821234805096706,0.0010169648614899622,0.046708666220043604,0.039210784755580944,0.0006601786107660979,14,32,0.04375556465198249,0.21163682176549478,False,False,True,0.00018370841393236965,COMPLETE
772,0.5709174275398254,2025-04-07 17:41:07.859538,2025-04-07 17:41:34.156125,0 days 00:00:26.296587,0.10720320606676909,0.11144097245938175,8,0.1214717097337552,0.05041485079033434,0.006918936484641565,0.007379780622774942,0.041663150775866825,0.037121216906769824,0.0013747654397365224,14,37,0.03443320576250304,0.20250442316856912,False,False,True,8.960772186826617e-05,COMPLETE
773,0.5868765711784363,2025-04-07 17:41:34.403200,2025-04-07 17:41:59.377694,0 days 00:00:24.974494,0.12377494748949747,0.14503032863817433,8,0.11789493762813899,0.06206264723647388,0.011058442493410446,0.009485343089973949,0.04419055857505527,0.03818491226705017,0.0008426425506735828,13,31,0.039181197905788306,0.22079809363774358,False,False,True,0.00014648290524865674,COMPLETE
774,0.38632901906967165,2025-04-07 17:41:59.613920,2025-04-07 17:42:26.012877,0 days 00:00:26.398957,0.932139829269036,0.10815043920846196,8,0.11189335516313678,0.03979527527402919,0.007294654037814674,0.0072317687480095835,0.046884013378982264,0.041007137185387454,0.00044474986045777375,15,34,0.040086229824951226,0.21168799916632244,False,False,True,0.00027165207770125005,COMPLETE
775,0.6991743803024293,2025-04-07 17:42:26.267334,2025-04-07 17:42:51.779341,0 days 00:00:25.512007,0.1474674947008614,0.11769368082447981,8,0.12086277158163736,0.03299520166234015,0.008982828306677543,0.003637105148119727,0.0488734826377105,0.035653480111826494,0.0005670638609728004,13,31,0.03688133622847253,0.25788269174042255,False,False,True,0.00012105756217711803,COMPLETE
776,0.09014913141727447,2025-04-07 17:42:52.028244,2025-04-07 17:43:13.640953,0 days 00:00:21.612709,0.11400090064114418,0.10269677571426898,8,0.12247405805921557,0.15476583239222783,0.006100561913891935,0.0031930945736601273,0.04889203153281014,0.028452669820985193,0.0006349376473394721,8,73,0.04082022842017535,0.25039328484653106,False,False,True,6.714954726607153e-05,COMPLETE
777,0.6784264802932739,2025-04-07 17:43:13.879997,2025-04-07 17:43:40.957099,0 days 00:00:27.077102,0.08161624762711936,0.1255797746428957,8,0.12322129600486237,0.0318399737162615,0.005442133156120044,0.0010477161966058013,0.05364825060359646,0.033983549683436975,0.001009929333055622,16,25,0.04657193723924616,0.25324246688394686,False,False,True,0.00010993168820717677,COMPLETE
778,0.708121657371521,2025-04-07 17:43:41.206012,2025-04-07 17:44:05.679186,0 days 00:00:24.473174,0.061067685013256455,0.09789627903291341,8,0.12518159986139457,0.029781932809546274,0.002649368742263101,0.0039041514955649257,0.04955178315065868,0.04013052458519552,0.0005796957924396961,12,31,0.04215362325050203,0.2438676791607951,False,False,True,2.52684198353206e-06,COMPLETE
779,0.5358359813690186,2025-04-07 17:44:05.930236,2025-04-07 17:44:32.978034,0 days 00:00:27.047798,0.06490672309766987,0.6980560251601621,8,0.11985276824660418,0.034674996884583975,0.0010508320882488481,0.005276871586801103,0.04789827665317024,0.040008988793495195,0.0006011355430983554,16,38,0.04209175654081062,0.2599822420326459,False,False,True,0.00010360786127172996,COMPLETE
780,0.5180984735488892,2025-04-07 17:44:33.217400,2025-04-07 17:44:56.566729,0 days 00:00:23.349329,0.06030767963917722,0.15088171808170242,8,0.12530493771241483,0.08648654061541988,0.0028738298628061968,0.004149147412361259,0.051856041695263616,0.03883207680606766,0.0008394310904406322,10,27,0.0371028246346539,0.25448006487157965,False,False,True,4.904807538949786e-05,COMPLETE
781,0.7242037892341614,2025-04-07 17:44:56.817005,2025-04-07 17:45:21.948810,0 days 00:00:25.131805,0.05887280723742319,0.11707482508097966,8,0.11811857955258509,0.029339664725254712,0.0027829772625742647,0.006395323879956762,0.0553437626008439,0.0419703603608763,0.0007405088626887457,13,35,0.044812135149734034,0.2418111943211279,False,False,True,9.019287013202755e-05,COMPLETE
782,0.5712882518768311,2025-04-07 17:45:22.201948,2025-04-07 17:45:45.998401,0 days 00:00:23.796453,0.05522683370365059,0.14210379183080224,8,0.11514446337428094,0.027577219601887845,0.0070648563521830505,0.006310797405080136,0.05770360547400006,0.04086516553925812,0.0005781728174591548,11,37,0.042416882961990685,0.25738144897197135,False,False,True,8.285859383728158e-05,COMPLETE
783,0.7149862051010133,2025-04-07 17:45:46.236185,2025-04-07 17:46:10.692428,0 days 00:00:24.456243,0.05789669811070671,0.12401248367986285,8,0.11812613663814024,0.028445461566765157,0.0096664241404277,0.00663549926444721,0.06256122098653459,0.04260971221035891,0.0009161198960717267,12,35,0.04619849396564888,0.2468236086656844,False,False,True,4.3757787815166174e-07,COMPLETE
