number,value,datetime_start,datetime_complete,duration,params_alpha-eval,params_alpha-train,params_batch-size,params_eps-eval,params_eps-train,params_lambda-actions-eval,params_lambda-actions-train,params_lambda-frames-eval,params_lambda-frames-train,params_learning-rate,params_n-epochs,params_n-frames,params_radius-gw,params_rho,params_std-feats,params_ub-actions,params_ub-frames,params_weight-decay,state
840,0.5679007768630981,2025-04-07 18:09:46.990453,2025-04-07 18:10:10.857626,0 days 00:00:23.867173,0.06872298404800398,0.15201932495092257,8,0.10248631511700237,0.023929980386813075,0.009426926311078162,0.008176890850926035,0.05817500288136406,0.03677082914256649,0.001878584297859918,11,33,0.04176038246072305,0.2547537181619412,False,False,True,4.955386288589343e-07,COMPLETE
841,0.5706043720245362,2025-04-07 18:10:11.128489,2025-04-07 18:10:36.189433,0 days 00:00:25.060944,0.05259379329003149,0.20247122511449495,8,0.11611679089288049,0.030218344486964373,0.012945974386342362,0.015717519940273126,0.06626540751155345,0.02798661891066447,0.0007954291498171382,13,36,0.04474512455353294,0.2610179220005843,False,False,True,2.424719291535339e-07,COMPLETE
842,0.6684339404106141,2025-04-07 18:10:36.461736,2025-04-07 18:11:00.983452,0 days 00:00:24.521716,0.06875083493980351,0.15001603040465822,8,0.11137061321709296,0.03769117975892618,0.00910981871525443,0.013092603517842496,0.059952543983229904,0.032367968444758706,0.000918007075841503,12,33,0.04176919591126937,0.24963249948233684,False,False,True,3.472395315297181e-07,COMPLETE
843,0.5712534666061402,2025-04-07 18:11:01.241275,2025-04-07 18:11:26.392585,0 days 00:00:25.151310,0.028837819427389062,0.1439758554180518,8,0.11760246075832284,0.025802488592547707,0.010984552603162721,0.0081801679581704,0.057203470656980615,0.03360984131942348,0.0012673907999167123,13,37,0.038478961721328496,0.2651250660256431,False,False,True,5.712865688931548e-05,COMPLETE
844,0.70754976272583,2025-04-07 18:11:26.661781,2025-04-07 18:11:52.347984,0 days 00:00:25.686203,0.0730535305643522,0.1940448613112155,8,0.10275979104403114,0.029842452310036367,0.008854099456426538,0.010513802972578454,0.06435455965204312,0.028526461750483637,0.0007633194900415399,14,33,0.04326963426823168,0.2512013716357335,False,False,True,6.604337449224992e-07,COMPLETE
845,0.09068184196949006,2025-04-07 18:11:52.624605,2025-04-07 18:12:17.898291,0 days 00:00:25.273686,0.04660563995383266,0.2539320517649041,8,0.1010479086613228,0.18106479758744848,0.011657409435700268,0.010920970674313996,0.06504952405004893,0.028351515859024654,0.001146937690884452,14,40,0.04005805420850673,0.25504035389890867,False,False,True,6.16810711906958e-07,COMPLETE
846,0.56840238571167,2025-04-07 18:12:18.155703,2025-04-07 18:12:43.356415,0 days 00:00:25.200712,0.07216438241464256,0.21041347576943306,8,0.10426318089831002,0.024539832158875473,0.009035898223070667,0.014372367277496311,0.06431457672975155,0.02580935959065289,0.0016236961477665488,13,36,0.04367580756978795,0.26405808691344373,False,False,True,8.338487241880196e-07,COMPLETE
847,0.7253903508186341,2025-04-07 18:12:43.626614,2025-04-07 18:13:08.102127,0 days 00:00:24.475513,0.03956384812284486,0.18873707676512996,8,0.10238143635811782,0.030473844478143726,0.015949946628019705,0.01011508741665813,0.06241399814026352,0.03090253326300468,0.0009359768931792908,12,33,0.03620445915981514,0.2501073032204467,False,False,True,3.229559530528746e-07,COMPLETE
848,0.17585490942001344,2025-04-07 18:13:08.375767,2025-04-07 18:13:32.655215,0 days 00:00:24.279448,0.0330188901230828,0.21673752910744315,8,0.10359472287208611,0.02931610304169514,0.018089304541567736,0.012083248587826681,0.06733902361891944,0.026740002943533188,0.0009612545740513379,12,39,0.03407780713274222,0.24926684022591705,False,True,True,1.501870365875192e-07,COMPLETE
849,0.5713021636009217,2025-04-07 18:13:32.914935,2025-04-07 18:13:57.001028,0 days 00:00:24.086093,0.03420521463920684,0.19290267068165184,8,0.10040133565970316,0.024882411485926546,0.0163472379811419,0.010619331748048699,0.0620998509834595,0.0285384410744804,0.00137595945314383,11,36,0.04151883515606367,0.2503998193142778,False,False,True,3.107473842388695e-07,COMPLETE
850,0.5701634526252747,2025-04-07 18:13:57.272739,2025-04-07 18:14:23.303597,0 days 00:00:26.030858,0.031059556893024337,0.23444513334286735,8,0.10111392975685377,0.030516399891367937,0.016558767531502407,0.01349015021997278,0.06382678892825984,0.03064585871039294,0.000815608924862653,14,34,0.043639785168518366,0.2443569118678767,False,False,True,5.115226925510241e-07,COMPLETE
851,0.6463168501853943,2025-04-07 18:14:23.580086,2025-04-07 18:14:48.025453,0 days 00:00:24.445367,0.05196053423300455,0.22614708084871263,8,0.10849737587243787,0.0373423853053723,0.012018137824291758,0.01698225438039223,0.060963434960575325,0.03005146829755044,0.0010884844826133675,12,33,0.0397911314846672,0.25295981678639157,False,False,True,3.9036600957477585e-07,COMPLETE
852,0.5713497281074524,2025-04-07 18:14:48.283483,2025-04-07 18:15:14.166546,0 days 00:00:25.883063,0.054889024228679396,0.1932348392328456,8,0.10470311721460851,0.026041820054964526,0.014134609084258658,0.0100526151590615,0.0657046737641673,0.0244122965357999,0.0008003890382471163,14,40,0.041845466286668305,0.24548207801924765,False,False,True,2.4738877998482987e-07,COMPLETE
853,0.7060836791992188,2025-04-07 18:15:14.440218,2025-04-07 18:15:38.114940,0 days 00:00:23.674722,0.032305771168587766,0.24043804206985708,8,0.10987113321791095,0.02288093290510071,0.015568844920207523,0.01307181731519962,0.07206411615727372,0.031055119579311632,0.000998452332256663,11,35,0.038141664023275484,0.26118034391660905,False,False,True,2.3201608570748074e-06,COMPLETE
854,0.5704906344413757,2025-04-07 18:15:38.388451,2025-04-07 18:16:02.809422,0 days 00:00:24.420971,0.028956805632642964,0.23420923968205293,8,0.10039779094450406,0.022494406215266168,0.018155363410057124,0.014890061769177532,0.07842033925681859,0.03130101909288389,0.0011044291048409019,12,38,0.03278128652779597,0.2738543848093729,False,False,True,4.333552452157539e-07,COMPLETE
855,0.09071191847324372,2025-04-07 18:16:03.085185,2025-04-07 18:16:26.697125,0 days 00:00:23.611940,0.026922374532785648,0.24719846301037907,8,0.10954069341180286,0.25684563188597226,0.016507669345520146,0.013766383508879902,0.06071597202895623,0.029088389016528323,0.0009778579498977901,11,33,0.036109506011933565,0.26833613203857964,False,False,True,2.7696052438963262e-06,COMPLETE
856,0.5708297729492188,2025-04-07 18:16:26.958776,2025-04-07 18:16:50.996786,0 days 00:00:24.038010,0.029096150792541353,0.20602988678261247,8,0.10794315816338919,0.022981876770375106,0.013297617826887641,0.012227634309075584,0.07368370123276284,0.02271861203450741,0.001291733136042101,11,37,0.03820668704587553,0.2616067421549901,False,False,True,1.85334967862469e-06,COMPLETE
857,0.7067849636077882,2025-04-07 18:16:51.271034,2025-04-07 18:17:15.409385,0 days 00:00:24.138351,0.04383070385787966,0.18521214080564194,8,0.10195503813736774,0.023586783145054153,0.016435615906413403,0.016520796782711716,0.06973155263543093,0.0316834080316298,0.0008791215326535763,11,33,0.035842192442707296,0.26375161097089156,False,False,True,2.864791968874574e-07,COMPLETE
858,0.703445041179657,2025-04-07 18:17:15.685318,2025-04-07 18:17:38.868635,0 days 00:00:23.183317,0.03239648577879556,0.27391977464035827,8,0.10361955001258538,0.023383241608443572,0.01589601307831126,0.01703230177265876,0.0720820571880238,0.03233155146296215,0.0008677121866765978,10,33,0.034408721423676784,0.25579806104538316,False,False,True,2.3919351153917976e-06,COMPLETE
859,0.7034160137176514,2025-04-07 18:17:39.133989,2025-04-07 18:18:02.265925,0 days 00:00:23.131936,0.02888065714412924,0.27039598873885895,8,0.09843313499611925,0.022210762371261156,0.017064358710112165,0.016302650518187283,0.07191887327350384,0.031787161407570694,0.0008694150786218161,10,33,0.03348736284674139,0.2587813133050451,False,False,True,3.338984374700428e-06,COMPLETE
860,0.5705453276634216,2025-04-07 18:18:02.541598,2025-04-07 18:18:24.736658,0 days 00:00:22.195060,0.02462786632971984,0.25886399353009854,8,0.10303998059460782,0.02253454044462792,0.01761245897206249,0.01519014634460885,0.07210345653506864,0.032519906949987146,0.0008812545441312849,9,32,0.03258453464805042,0.2679645894365395,False,False,True,2.3611716657620937e-06,COMPLETE
861,0.5680907607078552,2025-04-07 18:18:25.013178,2025-04-07 18:18:47.980783,0 days 00:00:22.967605,0.025492590614230468,0.2857984198178732,8,0.09580203398532383,0.023189653441852538,0.018475635692997823,0.016163478749693816,0.06795186037897825,0.03144879006541166,0.000805207664754019,10,32,0.03258520476598471,0.25812345874615855,False,False,True,2.9332387551291977e-06,COMPLETE
862,0.7030309557914735,2025-04-07 18:18:48.244331,2025-04-07 18:19:11.617471,0 days 00:00:23.373140,0.029212650270891566,0.2697628489830348,8,0.09712583636117046,0.021949724350802995,0.016697389399547465,0.018466047903570405,0.07171551589076125,0.0333009247603732,0.0007419873914890735,10,33,0.03633018620870109,0.2769283954415298,False,False,True,1.588628852116129e-06,COMPLETE
863,0.5707535028457642,2025-04-07 18:19:11.890973,2025-04-07 18:19:34.245963,0 days 00:00:22.354990,0.02517437550437302,0.3041538890898348,8,0.10090377623896939,0.02519062488346113,0.01544149335782632,0.01832211678242654,0.07423142904848647,0.030752538313670075,0.0009173728856484624,9,37,0.035293889173566705,0.27138873130263985,False,False,True,1.941148782849792e-06,COMPLETE
864,0.7019699096679688,2025-04-07 18:19:34.524815,2025-04-07 18:19:58.402459,0 days 00:00:23.877644,0.03861743974330444,0.2805381790017858,8,0.1015948862762514,0.0219385155305517,0.01878546424694716,0.01689560079000171,0.07580899937138931,0.03352357170340902,0.0009764759363577942,11,33,0.03297775344936924,0.2631012588352238,False,False,True,4.122670289685437e-06,COMPLETE
865,0.5712534666061402,2025-04-07 18:19:58.682947,2025-04-07 18:20:21.593832,0 days 00:00:22.910885,0.024391869592553777,0.2727787528813761,8,0.10037458842215247,0.030521283747893577,0.014154766066302784,0.014997707469751494,0.07615861122982358,0.03041073175354553,0.0007480947373857108,10,39,0.03256702585396918,0.2556258946714902,False,False,True,3.884532695694763e-06,COMPLETE
866,0.5710995078086853,2025-04-07 18:20:21.859932,2025-04-07 18:20:45.463453,0 days 00:00:23.603521,0.03707267868642804,0.3132228846249144,8,0.09657608439916714,0.02145245031506604,0.014898246761835108,0.017314926800036108,0.07357043933973784,0.03291196699380287,0.0009108825464130223,11,36,0.03409962466194559,0.2826612392553206,False,False,True,2.1855960488265165e-06,COMPLETE
867,0.41427350044250494,2025-04-07 18:20:45.739631,2025-04-07 18:21:08.526429,0 days 00:00:22.786798,0.042502720136407386,0.2237352590641155,8,0.107687488274153,0.02894630194924421,0.015597088039135032,0.017200781695204347,0.06861874286211922,0.029837439838102657,0.0007580408664885711,10,40,0.045089712535102675,0.26120907377303726,False,True,True,1.482225666161116e-06,COMPLETE
868,0.568609893321991,2025-04-07 18:21:08.805121,2025-04-07 18:21:31.864362,0 days 00:00:23.059241,0.04234248080425235,0.22336533502667388,8,0.10084535117603863,0.021672551244299343,0.016780059190717806,0.019100961792316587,0.07291459744791698,0.03443913963946508,0.001027767285547364,10,32,0.03557877867903807,0.25207249298990886,False,False,True,3.472234114142758e-06,COMPLETE
869,0.7076228380203247,2025-04-07 18:21:32.130066,2025-04-07 18:21:54.413241,0 days 00:00:22.283175,0.02374234889350858,0.23857447208056087,8,0.10508465965814329,0.02889922712842929,0.018485369390372725,0.013477999912507949,0.05840024428615665,0.031407318567105956,0.0007017960018046528,9,35,0.034552866144158985,0.25982881474573466,False,False,True,2.267086735518717e-06,COMPLETE
870,0.569495987892151,2025-04-07 18:21:54.690896,2025-04-07 18:22:16.476609,0 days 00:00:21.785713,0.04595949391942368,0.25171042716180064,8,0.10742217256348463,0.03007067775218564,0.01309080647426836,0.013401934581867819,0.0693536175640418,0.02939623185471182,0.0007040067948141784,8,37,0.03725111749837615,0.26623304836549694,False,False,True,2.522976034502781e-06,COMPLETE
871,0.6945687413215638,2025-04-07 18:22:16.754257,2025-04-07 18:22:40.409894,0 days 00:00:23.655637,0.026611907028627486,0.2403068357661864,8,0.11262720498039466,0.029208381405177404,0.017931301768771016,0.010072761609514428,0.058084913107905894,0.031956966704386844,0.0006579676361091048,11,40,0.04419109638996102,0.24797574082050305,False,False,True,2.1091233962236705e-06,COMPLETE
872,0.5712534666061402,2025-04-07 18:22:40.693935,2025-04-07 18:23:02.948006,0 days 00:00:22.254071,0.01305885884880819,0.2078575033530229,8,0.10476028723701653,0.028552592785693415,0.018699602118704705,0.01214577619401557,0.07699948552734182,0.03513376251961312,0.000783499801523867,9,36,0.03481716124906367,0.26987307328448806,False,False,True,1.2196604716735015e-06,COMPLETE
873,0.7087542295455933,2025-04-07 18:23:03.216268,2025-04-07 18:23:27.871998,0 days 00:00:24.655730,0.04939062963182407,0.24557147376278762,8,0.11139581928129427,0.03523522271849095,0.012476049228464492,0.009786567374498756,0.07168422988184718,0.03388120487263656,0.0006682399992990703,12,35,0.0471261832565401,0.2572855365623764,False,False,True,1.7823489393494168e-06,COMPLETE
874,0.3849852204322815,2025-04-07 18:23:28.153027,2025-04-07 18:23:52.842043,0 days 00:00:24.689016,0.06142722026255666,0.18946442585483225,8,0.1116118923405095,0.03553898253856851,0.01149118093252102,0.010001240829015169,0.058062091801228635,0.03414406274231888,0.0006580148835955611,12,95,0.04703825510545105,0.2528279768662231,False,False,True,1.9933991350217647e-06,COMPLETE
875,0.6071171998977661,2025-04-07 18:23:53.123744,2025-04-07 18:24:13.318061,0 days 00:00:20.194317,0.05097826841109409,0.23714808279672742,8,0.1137648371268308,0.0362242891323656,0.013560362852699046,0.009154240601713772,0.06952562742313875,0.028741860125389374,0.0006798417126074712,6,40,0.04609933581153099,0.2620557566434948,False,False,True,1.6886072971441291e-06,COMPLETE
876,0.5712534666061402,2025-04-07 18:24:13.600824,2025-04-07 18:24:38.211065,0 days 00:00:24.610241,0.051153693528455044,0.21531876437014066,8,0.11114989068345034,0.03179570993490976,0.013491368956298315,0.011223627426901122,0.056552337444619113,0.0345005177499263,0.0010869874807007175,12,36,0.044358320129852094,0.2443176776598902,False,False,True,3.158112178610176e-07,COMPLETE
877,0.5713018655776978,2025-04-07 18:24:38.478638,2025-04-07 18:24:59.363328,0 days 00:00:20.884690,0.0458023743306506,0.19046591869064056,8,0.11441907291596692,0.03726492831339163,0.01401384723344774,0.00895534074433253,0.059618409819608184,0.030712479032921583,0.0005949641329278728,7,38,0.042921229509724816,0.25877662670375456,False,False,True,3.073814329352489e-06,COMPLETE
878,0.2834408044815064,2025-04-07 18:24:59.642848,2025-04-07 18:25:23.644946,0 days 00:00:24.002098,0.056018874883836944,0.2101789063776785,8,0.1073172789360167,0.12214780696982115,0.01039582775354615,0.012627686526005147,0.06935425600060977,0.03596921646331164,0.0007473164157380789,11,35,0.04740679412196564,0.271226224952822,False,False,True,9.752041389963172e-07,COMPLETE
879,0.09095199555158615,2025-04-07 18:25:23.928947,2025-04-07 18:25:48.106255,0 days 00:00:24.177308,0.06996991383769248,0.18142993160957155,8,0.1165279938432304,0.18767610555192515,0.0096360266562636,0.010728161362050176,0.07045075114003958,0.032665958740504875,0.0006559817781367018,12,33,0.04156418617569581,0.24993967010604257,False,False,True,4.329941279926195e-05,COMPLETE
880,0.5714955091476441,2025-04-07 18:25:48.372033,2025-04-07 18:26:12.885078,0 days 00:00:24.513045,0.010079400938493174,0.21340968250880152,8,0.11024619376614107,0.029012959342289733,0.011162942081347802,0.008173888711767937,0.05917962163054056,0.02823927432475178,0.0008888606867164006,12,40,0.045241468711213824,0.266714773404186,False,False,True,6.686880535386054e-07,COMPLETE
881,0.6360279440879821,2025-04-07 18:26:13.169850,2025-04-07 18:26:37.122912,0 days 00:00:23.953062,0.04294669638761712,0.2610884999888579,8,0.10369243763116695,0.03644078387487139,0.014566704825091122,0.010392115942980108,0.05692220959923046,0.03645741629910807,0.0010800053087359472,11,32,0.040665547011190684,0.2777219708901415,False,False,True,3.947343663058448e-05,COMPLETE
882,0.5710720419883728,2025-04-07 18:26:37.406683,2025-04-07 18:27:02.499273,0 days 00:00:25.092590,0.05826813838994237,0.1858223959940525,8,0.11487718638596811,0.027479882559745095,0.011935525298744951,0.008352596758823811,0.06256551590152264,0.030477521067393706,0.0005902218081943705,13,37,0.0466001552685054,0.2439921069671039,False,False,True,1.889912197536386e-07,COMPLETE
883,0.7184857368469239,2025-04-07 18:27:02.786742,2025-04-07 18:27:27.379401,0 days 00:00:24.592659,0.07477764048797604,0.24214111618062886,8,0.1482103472733652,0.03463978774304318,0.015487340877061545,0.013194577258882357,0.07434207043765986,0.033590392600398554,0.0008143822700373174,12,35,0.0436408144007733,0.25686969514261726,False,False,True,5.262762534600113e-07,COMPLETE
884,0.6502116799354554,2025-04-07 18:27:27.649572,2025-04-07 18:27:52.019883,0 days 00:00:24.370311,0.07359566624770522,0.2401826145175224,8,0.14452343805670018,0.03907692080308741,0.015641138266563912,0.011015783239005452,0.07177306318574528,0.03354204654327756,0.0007616977829123052,12,32,0.04447420645673741,0.2631921897512447,False,False,True,6.573473538283979e-07,COMPLETE
885,0.45713148117065433,2025-04-07 18:27:52.303309,2025-04-07 18:28:16.943562,0 days 00:00:24.640253,0.5151457983751148,0.25758700860601225,8,0.14430992133495843,0.03483708256235641,0.008597819850963775,0.012563563397162754,0.0781222765782231,0.03565762178895311,0.0006846132654974257,12,39,0.04729294194778149,0.25827459111567985,False,False,True,5.362880405005994e-07,COMPLETE
886,0.17416201233863832,2025-04-07 18:28:17.233208,2025-04-07 18:28:40.511640,0 days 00:00:23.278432,0.07674450283291029,0.29523878005799514,8,0.14706696350797382,0.028435716754406003,0.01459623687635505,0.009312917287814025,0.07632967447129958,0.03153035693507497,0.009824437711209192,11,36,0.043894379586248505,0.25602199655860364,False,True,True,4.891933967493972e-06,COMPLETE
887,0.5682005167007447,2025-04-07 18:28:40.781232,2025-04-07 18:29:05.234048,0 days 00:00:24.452816,0.027527877407867697,0.17372243865185283,8,0.15491653140182843,0.022159115307224274,0.019607312771067233,0.012841521630759987,0.0672802907121932,0.03446149042750717,0.0005792122184384849,12,32,0.04057169780830582,0.24964293166931836,False,False,True,5.9472489185710314e-05,COMPLETE
888,0.5855152368545532,2025-04-07 18:29:05.516526,2025-04-07 18:29:30.026240,0 days 00:00:24.509714,0.04642257495637826,0.23586834215048585,8,0.11720267291144545,0.10687679942338962,0.014909261203376895,0.007264802438907404,0.07046885556785926,0.028582531949744323,0.0007940022061431338,12,35,0.04776257599456165,0.26622950124807165,False,False,True,1.2200258523547399e-06,COMPLETE
889,0.7136568903923035,2025-04-07 18:29:30.308995,2025-04-07 18:29:54.054298,0 days 00:00:23.745303,0.07189969591013723,0.25131904801330474,8,0.15380091783202332,0.03312927366926802,0.010432535070255733,0.0100982654132897,0.07390031402006284,0.03714886700950946,0.00092084521217753,11,31,0.03878560457563789,0.24374822493526754,False,False,True,5.135376970320516e-07,COMPLETE
890,0.5238637328147888,2025-04-07 18:29:54.342527,2025-04-07 18:30:15.684178,0 days 00:00:21.341651,0.04684917165732568,0.2336472960411672,8,0.1498540759001636,0.09225310474086884,0.011284809606095467,0.007996457115516352,0.07536892743694966,0.03683148134081752,0.0009811067775019658,7,40,0.03817001292973543,0.24373372270789287,False,False,True,7.390610101207727e-07,COMPLETE
891,0.5712005257606507,2025-04-07 18:30:15.958569,2025-04-07 18:30:39.631962,0 days 00:00:23.673393,0.0729427560125326,0.2503681155511674,8,0.1404978391706003,0.04010605297850578,0.01014786784431576,0.011437714257499596,0.07411491791576381,0.03311303816043477,0.0008363879490233158,11,37,0.03898580206493078,0.27324208256605315,False,False,True,6.428721989259966e-07,COMPLETE
892,0.71884765625,2025-04-07 18:30:39.916458,2025-04-07 18:31:03.577714,0 days 00:00:23.661256,0.023766347214716807,0.2527079431127644,8,0.1497030770884997,0.03786337963413804,0.012264033804839343,0.01334269769161226,0.07980539747460878,0.03687575158465353,0.0009487616651409701,11,31,0.037282978727986416,0.26007065569192134,False,False,True,9.09920711034109e-07,COMPLETE
893,0.519778847694397,2025-04-07 18:31:03.864070,2025-04-07 18:31:27.959332,0 days 00:00:24.095262,0.024123535663236433,0.29244280114105087,8,0.15235364777219151,0.03931140871226748,0.04216925986932323,0.008988725316527781,0.0776022030985472,0.03711174947202869,0.0008564347929891835,11,69,0.04129421951155621,0.24307478760494494,False,False,True,8.337788646777185e-07,COMPLETE
894,0.6982833743095398,2025-04-07 18:31:28.248266,2025-04-07 18:31:53.723709,0 days 00:00:25.475443,0.06126642033678366,0.26445078741004363,8,0.15196046803770477,0.038087373695416836,0.01188752991454068,0.007567054575962885,0.07919646255296367,0.035715585471820334,0.001067168190409019,13,31,0.03703637848550802,0.25387682707596326,False,False,True,5.141248500067443e-07,COMPLETE
895,0.7119586229324342,2025-04-07 18:31:53.995124,2025-04-07 18:32:18.317207,0 days 00:00:24.322083,0.010517162777311073,0.258305354096475,8,0.15729781013944774,0.035241040114024874,0.009568129725707633,0.010409412859126006,0.07390693345584776,0.03489150225383318,0.0007365106895179472,12,31,0.04221499833853637,0.2592066382625032,False,False,True,5.302936841399779e-07,COMPLETE
