number,value,datetime_start,datetime_complete,duration,params_alpha-eval,params_alpha-train,params_batch-size,params_eps-eval,params_eps-train,params_lambda-actions-eval,params_lambda-actions-train,params_lambda-frames-eval,params_lambda-frames-train,params_learning-rate,params_n-epochs,params_n-frames,params_radius-gw,params_rho,params_std-feats,params_ub-actions,params_ub-frames,params_weight-decay,state
1120,0.7149821281433106,2025-04-07 20:06:15.497890,2025-04-07 20:06:41.708253,0 days 00:00:26.210363,0.03896564814336538,0.1583362598531581,8,0.14061493361300328,0.0187845939201809,0.01735032153281084,0.01631990662428224,0.06809106305882541,0.047427471476476524,0.0006531299915061093,14,32,0.05201895829084446,0.29293303378899493,False,False,True,8.959188345110798e-07,COMPLETE
1121,0.7004076242446899,2025-04-07 20:06:42.066774,2025-04-07 20:07:09.104304,0 days 00:00:27.037530,0.037376082508944246,0.18028628863711058,8,0.1382435318908051,0.02155412484028279,0.016530187092648186,0.016188218380723436,0.06572046365961028,0.04967403584702856,0.00039021379625405405,16,29,0.04717723241359891,0.282174723115398,False,False,True,1.2410795284464117e-06,COMPLETE
1122,0.6718554377555848,2025-04-07 20:07:09.462918,2025-04-07 20:07:35.655797,0 days 00:00:26.192879,0.010155312696698362,0.20336021997304357,8,0.14698121457618113,0.021430152038410043,0.021814765110282373,0.018423754307620617,0.06339118792048264,0.04584640787084331,0.0004910540398279854,15,25,0.0491664085595042,0.2933728665543131,False,False,True,2.1978647361627054e-06,COMPLETE
1123,0.7055450201034547,2025-04-07 20:07:36.015267,2025-04-07 20:08:02.780430,0 days 00:00:26.765163,0.03808008218297917,0.15040233109544826,8,0.13194128467003563,0.012136603828925688,0.016415242164019316,0.015791327904013164,0.06579411844356647,0.044431243347912534,0.0005469657747061515,15,33,0.0468422549087758,0.2828833505122913,False,False,True,1.8175525959107316e-06,COMPLETE
1124,0.7005867719650268,2025-04-07 20:08:03.140937,2025-04-07 20:08:28.853156,0 days 00:00:25.712219,0.03752382817695375,0.14840198483433928,8,0.13626143785151834,0.020346123105497403,0.019972220357250384,0.01852941703175491,0.062102987653486534,0.04869710141644618,0.00067310660002678,14,30,0.05094090655372112,0.2977326742492151,False,False,True,1.3397873499521923e-06,COMPLETE
1125,0.47056414484977727,2025-04-07 20:08:29.212600,2025-04-07 20:08:56.586668,0 days 00:00:27.374068,0.04029544712513743,0.1785136646061491,8,0.14511180370934668,0.012848466926080042,0.018385110990495508,0.02128989671221257,0.06922719762767869,0.0447971137338504,0.0005215323783235087,16,96,0.049780338198998166,0.28799697420841275,False,False,True,9.295172020884331e-07,COMPLETE
1126,0.4123841643333435,2025-04-07 20:08:56.928105,2025-04-07 20:09:23.745484,0 days 00:00:26.817379,0.028319245831537342,0.2051433692761403,8,0.1304714674312727,0.022132593271203243,0.019500831306936722,0.02259953251107157,0.06693402459487795,0.04644629641796419,0.0006422172235419505,15,81,0.04736541858975023,0.28987992188261036,False,False,True,2.701224912012831e-06,COMPLETE
1127,0.47525005340576176,2025-04-07 20:09:24.099233,2025-04-07 20:09:49.835682,0 days 00:00:25.736449,0.010066088126937869,0.17181919102832227,8,0.13963489999895726,0.01760787350268307,0.016110112019803367,0.01533171027262687,0.06417083151737495,0.04409912161752436,0.00038099750796332743,14,66,0.046414552602918935,0.2978992971651163,False,False,True,1.4638019429541747e-06,COMPLETE
1128,0.5712534666061402,2025-04-07 20:09:50.192846,2025-04-07 20:10:15.851397,0 days 00:00:25.658551,0.040917073675213106,0.14540569244584234,8,0.1472846496714051,0.022713730685613668,0.017919195493300944,0.015734167117769267,0.06874236998110705,0.048304656341004115,0.0007050328965469929,14,37,0.04941384624589078,0.2837462875179077,False,False,True,1.0555055273271524e-06,COMPLETE
1129,0.715014123916626,2025-04-07 20:10:16.215001,2025-04-07 20:10:42.795109,0 days 00:00:26.580108,0.02825707111018973,0.16780201160802755,8,0.1304789517764236,0.012397922668769707,0.016498882059112062,0.020038439377626886,0.06362957448396625,0.05014664510735534,0.0005088861192176701,15,33,0.052548368650948814,0.29996338564473696,False,False,True,9.406323754888852e-07,COMPLETE
1130,0.6650640964508058,2025-04-07 20:10:43.154948,2025-04-07 20:11:10.728157,0 days 00:00:27.573209,0.043764839641951596,0.19193102551328944,8,0.13867246423526638,0.023105468034058316,0.022532022545863672,0.01563273412095381,0.06177877311433496,0.04409338465511875,0.00043208876233186583,16,27,0.04620474764030206,0.2998195036598325,False,False,True,1.7904447155329338e-06,COMPLETE
1131,0.5713080883026124,2025-04-07 20:11:11.085998,2025-04-07 20:11:37.153590,0 days 00:00:26.067592,0.029910335066422065,0.14299136323608036,8,0.14210144233369532,0.01577445375173827,0.01920654334290955,0.017936626815819458,0.06623674808323902,0.05113472423659104,0.0006433602505147413,14,37,0.048344774415247344,0.29180241779346106,False,False,True,8.182703249328569e-07,COMPLETE
1132,0.5708297729492188,2025-04-07 20:11:37.515070,2025-04-07 20:12:04.091108,0 days 00:00:26.576038,0.010627924918968981,0.20896763236107252,8,0.1301884793555163,0.021995046913606594,0.016876177647222455,0.015276068832516455,0.06754667933711858,0.04663546389227094,0.0005428760764885155,15,34,0.051798510502246445,0.2902108487153191,False,False,True,1.3885624548506224e-06,COMPLETE
1133,0.5506578922271729,2025-04-07 20:12:04.449504,2025-04-07 20:12:31.916271,0 days 00:00:27.466767,0.4565697963970187,0.7223802584815273,8,0.13686694085422674,0.015975656527815862,0.01560977647854688,0.01918091493575282,0.06455808975806089,0.04427708902843832,0.0006880895551795481,16,29,0.05001104936978303,0.28163710405090236,False,False,True,1.1710990754155677e-06,COMPLETE
1134,0.09069270193576813,2025-04-07 20:12:32.276696,2025-04-07 20:12:57.763577,0 days 00:00:25.486881,0.04756629513283826,0.16670351530434518,8,0.14631992817496497,0.02360029097777867,0.020944409334127643,0.015066024867086032,0.06192746756381067,0.04637891020401906,0.0004089710430702751,14,31,0.046615183001691644,0.29284562950840193,False,True,True,8.269003930896917e-07,COMPLETE
1135,0.6965706706047058,2025-04-07 20:12:58.124155,2025-04-07 20:13:24.874773,0 days 00:00:26.750618,0.03049628231343534,0.18905377355988567,8,0.13252917343372794,0.017895785940142375,0.01585794397858808,0.017761484455404566,0.070215068851171,0.04439405750383796,0.0005140764600247468,15,35,0.04848953184085086,0.28160894752662374,False,False,True,1.0614923660946786e-06,COMPLETE
1136,0.09000430405139923,2025-04-07 20:13:25.236238,2025-04-07 20:13:50.978578,0 days 00:00:25.742340,0.049086239219534145,0.1442460970222244,8,0.14060991317300356,0.2468688958278613,0.018269194866769728,0.022810381192159116,0.06955225202846917,0.048874714370254736,0.0006975541943755323,14,22,0.04612513282429424,0.28617539013728216,False,False,True,2.1916377578698876e-06,COMPLETE
1137,0.6938119411468506,2025-04-07 20:13:51.339267,2025-04-07 20:14:17.930800,0 days 00:00:26.591533,0.028317699955128027,0.20671731218603134,8,0.1490320696065395,0.01225877634106858,0.020198701938866075,0.01571819961217456,0.06610428996177682,0.04735625733285176,0.0005792433793460595,15,26,0.05018491082327325,0.29943804908631605,False,False,True,1.6584947361163868e-06,COMPLETE
1138,0.6931896090507508,2025-04-07 20:14:18.295577,2025-04-07 20:14:45.522870,0 days 00:00:27.227293,0.04290286086978429,0.16130662016969888,8,0.13013444394127868,0.02389415557570233,0.01717665240942263,0.01683467739618978,0.06371685301544633,0.04434953696073722,0.0007394920342226281,16,32,0.04760301560080497,0.29189709899494465,False,False,True,8.100769584715933e-07,COMPLETE
1139,0.5712762832641602,2025-04-07 20:14:45.885787,2025-04-07 20:15:11.702160,0 days 00:00:25.816373,0.010037254927690552,0.1400580057219542,8,0.13670391878464636,0.02298901585322291,0.02203511970165503,0.01894295832834943,0.06767041892221073,0.04622655979453426,0.0004619409831853126,14,37,0.05218809533622304,0.27972503853498376,False,False,True,1.2162948671719138e-06,COMPLETE
1140,0.6978983044624328,2025-04-07 20:15:12.064677,2025-04-07 20:15:38.512784,0 days 00:00:26.448107,0.028131280667516842,0.18886589290533223,8,0.14408174467573617,0.01923478276292063,0.016257438683960602,0.02070175137430896,0.06233872274794337,0.04387239234659847,0.0005877657067218169,15,30,0.045978235487129135,0.28848327932286805,False,False,True,1.5346920874105699e-06,COMPLETE
1141,0.41371533274650574,2025-04-07 20:15:38.879079,2025-04-07 20:16:04.797776,0 days 00:00:25.918697,0.7145528949167184,0.16309738149680156,8,0.13538978066873014,0.0243559893213838,0.018234068118889918,0.014076212434411404,0.06536079307635717,0.04901377506309413,0.0007346827992219058,14,34,0.04856184427683758,0.29410265108795713,False,False,True,9.76209105593642e-07,COMPLETE
1142,0.5712534666061402,2025-04-07 20:16:05.162120,2025-04-07 20:16:30.935795,0 days 00:00:25.773675,0.01017273933889086,0.12995381145736976,8,0.14804172725637588,0.024820190811414674,0.015675569193890525,0.015713728008530773,0.0614560787364135,0.04565095117349222,0.0004697742588022703,14,38,0.04990367116999023,0.28678445960341215,False,False,True,1.2929313684914525e-06,COMPLETE
1143,0.6370889902114869,2025-04-07 20:16:31.301755,2025-04-07 20:16:58.313822,0 days 00:00:27.012067,0.039735695735974345,0.12348851073080713,8,0.14193130944140256,0.013305083721848425,0.018849293053419786,0.018213830540544297,0.06982296939327318,0.047337442595779274,0.0003698048246423351,16,32,0.04591609595594872,0.2948051746109252,False,False,True,7.942635921742826e-07,COMPLETE
1144,0.6895456671714784,2025-04-07 20:16:58.681571,2025-04-07 20:17:25.381993,0 days 00:00:26.700422,0.04778048221142397,0.1871371089797502,8,0.1312954837979998,0.01208292666286793,0.015536934751913674,0.014547077281912315,0.06418596219333554,0.04326307870291651,0.0006052651106899119,15,27,0.051499341575944164,0.2808843008157442,False,False,True,2.1667049247992726e-06,COMPLETE
1145,0.7038374662399293,2025-04-07 20:17:25.756077,2025-04-07 20:17:51.404047,0 days 00:00:25.647970,0.04599535970226401,0.1491951432514829,8,0.1378866552462356,0.017199206657766038,0.020486266123670147,0.02043807162244507,0.06866832388369486,0.050681561360395165,0.0007508375169817849,14,35,0.04732214309070195,0.29946806763922107,False,False,True,1.029371946490209e-06,COMPLETE
1146,0.5250200271606446,2025-04-07 20:17:51.770783,2025-04-07 20:18:18.850679,0 days 00:00:27.079896,0.6467458506609561,0.16886629295544733,8,0.13007162273889336,0.024910764881544253,0.015532725903010856,0.014608318860241325,0.06096995469936689,0.044003305953395154,0.0005341058072271389,16,30,0.04583479274333572,0.2998539371620134,False,False,True,2.9472757417717306e-06,COMPLETE
1147,0.5712534666061402,2025-04-07 20:18:19.218123,2025-04-07 20:18:45.844400,0 days 00:00:26.626277,0.010847223793896707,0.214721894044568,8,0.14754831647760858,0.019021206882652415,0.017013194727766127,0.01426266792177665,0.06624373190199108,0.04306880070386464,0.0006473633890705597,15,38,0.04865758190625846,0.27883223343658103,False,False,True,0.0009243700750998496,COMPLETE
1148,0.7033772110939026,2025-04-07 20:18:46.193477,2025-04-07 20:19:11.919662,0 days 00:00:25.726185,0.03224053792200738,0.12049885230992238,8,0.14057420705276627,0.01083876673156213,0.01836818541074767,0.016982482218853623,0.06338376771940639,0.047429061095083325,0.00038768721013120394,14,33,0.05283863616558351,0.2883924865973585,False,False,True,1.813193766453666e-06,COMPLETE
1149,0.4068937778472901,2025-04-07 20:19:12.283406,2025-04-07 20:19:39.512043,0 days 00:00:27.228637,0.01011435414882909,0.1449082284443617,8,0.1286141371659091,0.02594581026006534,0.014902930439486933,0.018412539077458323,0.066839315517309,0.04545130260423574,0.0005263821587400143,15,134,0.05025529165481713,0.294153969859028,False,False,True,7.88429704859797e-07,COMPLETE
1150,0.10327166467905045,2025-04-07 20:19:39.873260,2025-04-07 20:20:05.812634,0 days 00:00:25.939374,0.04682108130867998,0.9350767072692288,8,0.135326853286543,0.018780547298517598,0.021462038627447215,0.015956313133178204,0.06540974303939,0.04297742219756763,0.0007425645934649934,14,28,0.04549324709993205,0.2852575899742597,False,False,True,1.361102867034846e-06,COMPLETE
1151,0.09683502465486526,2025-04-07 20:20:06.176150,2025-04-07 20:20:33.402574,0 days 00:00:27.226424,0.050170685374245204,0.20364998479690297,8,0.14351987863840096,0.15849811019814103,0.017301226628877214,0.021435164627439437,0.06171451705730153,0.04821312676275749,0.0004748863221914325,16,25,0.047956819956711805,0.27860057759694373,False,False,True,6.954115431686625e-07,COMPLETE
1152,0.5713509559631348,2025-04-07 20:20:33.767137,2025-04-07 20:21:00.520447,0 days 00:00:26.753310,0.02654475571175899,0.1774980456880654,8,0.14968073004451982,0.026197970768079927,0.019914573497759613,0.01364388774311405,0.06849362534974505,0.04354001316633667,0.0006442763749819941,15,36,0.05051687303807014,0.2911534683603853,False,False,True,9.776794781929559e-07,COMPLETE
1153,0.09069270193576813,2025-04-07 20:21:00.890585,2025-04-07 20:21:26.151702,0 days 00:00:25.261117,0.028574199733935955,0.16079716133134547,8,0.1368872087402267,0.01021276354525869,0.015787585072054567,0.016951443608863147,0.07089601037542403,0.04608703147175495,0.0007462028330472761,14,31,0.047682523683159325,0.2835637788690116,False,True,True,1.1273106175996714e-06,COMPLETE
1154,0.5590662598609925,2025-04-07 20:21:26.518267,2025-04-07 20:21:52.987105,0 days 00:00:26.468838,0.32461752920218484,0.12092622122248933,8,0.12976746016427418,0.019796398308239784,0.023190959089145646,0.019243590989282366,0.06071695952572162,0.045397389974193125,0.0004388129437357469,15,34,0.04580660648379719,0.2954684042095083,False,False,True,1.50263548680572e-06,COMPLETE
1155,0.6985418677330018,2025-04-07 20:21:53.351297,2025-04-07 20:22:20.420954,0 days 00:00:27.069657,0.01035870662065875,0.14301463444399645,8,0.14346431197951245,0.025952277823255147,0.015139345770736707,0.014318013525298755,0.0639218221239572,0.042487877912517846,0.0005861053333908659,16,29,0.04866987855085715,0.2882404673953607,False,False,True,7.085068318222222e-07,COMPLETE
1156,0.5709879636764527,2025-04-07 20:22:20.786181,2025-04-07 20:22:46.558660,0 days 00:00:25.772479,0.04887871153719029,0.1901526642937057,8,0.14866201824476163,0.016261326867360135,0.018601553495626262,0.016538200905879593,0.06665985421084317,0.05065260561773578,0.000808890165940465,14,41,0.05285299465447313,0.29329227300395955,False,False,True,1.922143757503995e-06,COMPLETE
1157,0.5712534666061402,2025-04-07 20:22:46.927248,2025-04-07 20:23:13.480774,0 days 00:00:26.553526,0.03154801172052281,0.15937281389257588,8,0.13369820929305587,0.02598807974009143,0.01986799670750865,0.014186912905903445,0.07036071822601819,0.04937383014501107,0.0006235391750993759,15,37,0.04541215149263043,0.29966241955862283,False,False,True,8.090898422713948e-07,COMPLETE
1158,0.7164546251296998,2025-04-07 20:23:13.849824,2025-04-07 20:23:40.908319,0 days 00:00:27.058495,0.04960878192533131,0.20723303332469595,8,0.14117389568369285,0.01998168295371941,0.015407270538440349,0.01809997221249418,0.06503086998659592,0.04310234374203456,0.00035991772385388435,16,33,0.050704449965498166,0.27796078004868363,False,False,True,1.1669983525318388e-06,COMPLETE
1159,0.4484341502189636,2025-04-07 20:23:41.279119,2025-04-07 20:24:08.705546,0 days 00:00:27.426427,0.055599477137382905,0.2155832787667918,8,0.1293130921757025,0.026267089451966697,0.014905235581117397,0.020187908052004433,0.06292096997127117,0.043457363919913276,0.0003768123164824546,16,89,0.05225670224693953,0.2858352727308039,False,False,True,1.2034196163282433e-06,COMPLETE
1160,0.537039041519165,2025-04-07 20:24:09.072164,2025-04-07 20:24:36.443478,0 days 00:00:27.371314,0.05372694632971199,0.21569050091106678,8,0.1381148167244441,0.023311015344861928,0.014940586670892481,0.02118532109836368,0.06769699822447556,0.04212804686306166,0.0003568313002572019,16,39,0.05146556860762685,0.27643949249291994,False,False,True,1.5185748235687432e-06,COMPLETE
1161,0.5881126523017883,2025-04-07 20:24:36.812096,2025-04-07 20:25:04.028447,0 days 00:00:27.216351,0.05167690023289305,0.21212669196786527,8,0.14909005595429822,0.08624930256333865,0.015780638914026205,0.018487068224772335,0.06433407930859433,0.042308268202063445,0.0003705854914151714,16,30,0.05033989943345703,0.2757190138369322,False,False,True,1.8219684055382549e-06,COMPLETE
1162,0.6926115870475769,2025-04-07 20:25:04.396040,2025-04-07 20:25:31.436252,0 days 00:00:27.040212,0.049817242955339736,0.20683571306767162,8,0.1273563691106415,0.010993104366963737,0.014236660247191396,0.023243582504355938,0.06290462831182983,0.04449908366684264,0.00043714913569012646,16,35,0.053129300683004164,0.27826573925277764,False,False,True,1.259249620581641e-06,COMPLETE
1163,0.5772017359733582,2025-04-07 20:25:31.806079,2025-04-07 20:25:58.880560,0 days 00:00:27.074481,0.05111910724372475,0.6886456679520949,8,0.13439763009924752,0.02859870450010061,0.01735670255424875,0.022277039890617304,0.062050649361841105,0.043536046312235156,0.00036685519525041433,16,24,0.049915205097358216,0.27952312547736446,False,False,True,2.683296656058706e-06,COMPLETE
1164,0.7208829045295716,2025-04-07 20:25:59.257829,2025-04-07 20:26:25.870355,0 days 00:00:26.612526,0.03054560641233398,0.19830180831546318,8,0.14262606238457598,0.020061023130257795,0.017077852956763433,0.01956126019764779,0.061037330330464996,0.042514501987592004,0.00045394141974182015,15,32,0.051312599941997064,0.2815610661984237,False,False,True,1.004813075616566e-06,COMPLETE
1165,0.6915964007377625,2025-04-07 20:26:26.238874,2025-04-07 20:26:52.703115,0 days 00:00:26.464241,0.029736871646548292,0.19923176054314967,8,0.1439453639775704,0.00978521472173898,0.01709544726283414,0.022433610963739352,0.061141387534555024,0.045558579537528156,0.0003567715346352627,15,27,0.051723208982397316,0.28300139774480837,False,False,True,9.564791398815784e-07,COMPLETE
1166,0.6740778446197511,2025-04-07 20:26:53.074482,2025-04-07 20:27:20.269119,0 days 00:00:27.194637,0.029010232130986965,0.22108631261179665,8,0.15032160627144167,0.016140618638677044,0.016819961540138484,0.02021478761647485,0.06506056645266417,0.04257216474030236,0.000408464653722444,16,27,0.05246754919145762,0.2820224116885702,False,False,True,1.1753401296679058e-06,COMPLETE
1167,0.7212385773658753,2025-04-07 20:27:20.634937,2025-04-07 20:27:47.120620,0 days 00:00:26.485683,0.02687247798271598,0.1942527397085083,8,0.14134881278305172,0.01951124997817313,0.014669006351083607,0.01917001585335204,0.06331343851383799,0.04781677544564124,0.00044942538290612915,15,31,0.05381674569797091,0.27683471382484176,False,False,True,1.5808763241919756e-06,COMPLETE
1168,0.5680835127830506,2025-04-07 20:27:47.486206,2025-04-07 20:28:13.767812,0 days 00:00:26.281606,0.026281803078122945,0.8667723423283427,8,0.14619172135264208,0.011145656548698538,0.014659096177442143,0.02389439824004375,0.06015487948908818,0.04933201825171796,0.00046255103872247077,15,24,0.05424089307377129,0.28698910423158724,False,False,True,1.7556821444077564e-06,COMPLETE
1169,0.5996966361999512,2025-04-07 20:28:14.140156,2025-04-07 20:28:40.378549,0 days 00:00:26.238393,0.028455554494870805,0.19239518530744837,8,0.1408553166311377,0.01802005563095373,0.018235086332030574,0.019819987960772265,0.06274769034034533,0.05129600639731311,0.000481062499097075,15,21,0.053333344993878075,0.2758776400582471,False,False,True,2.0458343578964467e-06,COMPLETE
1170,0.09641613364219666,2025-04-07 20:28:40.751890,2025-04-07 20:29:06.908382,0 days 00:00:26.156492,0.024285862526056978,0.18868942294462046,8,0.13738944128027714,0.11089827286910303,0.014288271565295399,0.02071697530987965,0.060783811619967765,0.04726100878116597,0.0004809308166631849,15,28,0.05129654890437693,0.28700206158134767,False,False,True,2.5247581043686283e-06,COMPLETE
1171,0.7081210017204285,2025-04-07 20:29:07.279161,2025-04-07 20:29:33.984739,0 days 00:00:26.705578,0.026932680204836138,0.18834788955390727,8,0.1502936878182045,0.010740139726419805,0.037079699598816795,0.021817548446751638,0.06077812990887997,0.04739143994835713,0.0005032483994335471,15,31,0.054209309304286156,0.2826075911880611,False,False,True,1.545750787788254e-06,COMPLETE
1172,0.10403543114662171,2025-04-07 20:29:34.359214,2025-04-07 20:30:00.630042,0 days 00:00:26.270828,0.012041979029083414,0.20815978250565642,8,0.14232045480100555,0.0195059985550673,0.017179823664819894,0.018728190326642236,0.06454392157992611,0.04789804995437155,0.0004399841177328149,15,26,0.05358166609951467,0.2905503402135023,False,True,True,1.3893076813189663e-06,COMPLETE
1173,0.08775481283664704,2025-04-07 20:30:01.000254,2025-04-07 20:30:27.455795,0 days 00:00:26.455541,0.010389255120144462,0.1786108993021556,8,0.1490964312258375,0.19127740419269423,0.020082030853803282,0.017847419006202705,0.06233051737082073,0.04917706951878776,0.00042321419603277605,15,30,0.04980764401389988,0.2785370910851134,False,False,True,2.375096618276754e-06,COMPLETE
1174,0.7047006726264954,2025-04-07 20:30:27.825340,2025-04-07 20:30:54.111722,0 days 00:00:26.286382,0.03881865631455961,0.19372774952474656,8,0.13531260548203505,0.022762895701497338,0.016338559804334997,0.02285542951973532,0.0681117266590549,0.04615096189701705,0.0005403366818086786,15,30,0.04875376316390984,0.29032359704364197,False,False,True,1.0070839958340322e-06,COMPLETE
1175,0.6991078972816467,2025-04-07 20:30:54.486398,2025-04-07 20:31:20.752647,0 days 00:00:26.266249,0.011636102841632516,0.21891131132644104,8,0.14533248663511625,0.015223510004987513,0.02241706075714368,0.017154295343529635,0.06326489104138937,0.04586039638204856,0.0005544593832975857,15,28,0.052991725652288164,0.27681116303043035,False,False,True,1.7585257701941896e-06,COMPLETE
