number,value,datetime_start,datetime_complete,duration,params_alpha-eval,params_alpha-train,params_batch-size,params_eps-eval,params_eps-train,params_lambda-actions-eval,params_lambda-actions-train,params_lambda-frames-eval,params_lambda-frames-train,params_learning-rate,params_n-epochs,params_n-frames,params_radius-gw,params_rho,params_std-feats,params_ub-actions,params_ub-frames,params_weight-decay,state
224,0.5970430016517639,2025-04-20 19:31:28.748930,2025-04-20 19:31:53.035138,0 days 00:00:24.286208,0.6289076835774747,0.08938641376228612,16,0.1167646354532808,0.028263406747633623,0.06069199929279814,0.07685604023497444,0.02927581731957086,0.06462262602252275,0.00023092296540151404,15,34,0.006190792413367988,0.23969776322536995,True,False,False,6.365752181637136e-07,COMPLETE
225,0.5539288759231568,2025-04-20 19:31:53.107679,2025-04-20 19:32:17.185835,0 days 00:00:24.078156,0.5707729310038132,0.06784801182450248,16,0.14309029609364365,0.009382744747334264,0.0642189914531529,0.0801892133407587,0.039013106098892275,0.0710043874125825,0.0002113201881031371,14,30,0.0034922658076892237,0.2310116773024256,True,False,False,4.3235212223440827e-07,COMPLETE
226,0.5471670150756837,2025-04-20 19:32:17.258128,2025-04-20 19:32:42.045276,0 days 00:00:24.787148,0.6535605237399731,0.11196611127903419,16,0.13549498314276676,0.022426318772777516,0.05481817541179542,0.08515766186530739,0.03461975479139086,0.06778168179559677,0.00015164140358209992,16,40,0.004821613320278008,0.251092913718926,True,False,False,5.4935191236166695e-05,COMPLETE
227,0.5315230250358582,2025-04-20 19:32:42.127005,2025-04-20 19:33:06.264670,0 days 00:00:24.137665,0.6922357027463699,0.13166731900120948,16,0.12444628883364767,0.033601346871920165,0.059238853336282336,0.07800767847015577,0.03148921171649575,0.06294857888657801,0.00011742837341318224,15,36,0.06531781388422056,0.24606090653314913,True,False,False,4.76960169691234e-07,COMPLETE
228,0.5459759473800659,2025-04-20 19:33:06.337918,2025-04-20 19:33:29.786725,0 days 00:00:23.448807,0.6133326232739162,0.06062201616214956,16,0.13121674020611857,0.014061633690296756,0.05698981342100161,0.08225953178845156,0.03698928752527513,0.06487382984200685,0.00018665626601604708,13,43,0.002704479055881318,0.26215281770051924,True,False,False,3.173218389017954e-07,COMPLETE
229,0.6695037603378295,2025-04-20 19:33:29.859275,2025-04-20 19:33:53.459205,0 days 00:00:23.599930,0.6360977287739452,0.08791945984502132,16,0.13956702145735506,0.02727155373163964,0.0635017789931553,0.07950416120912919,0.033166051175162435,0.0661845641970842,0.0002611188611708027,14,33,0.007464430663772648,0.2570400561435943,True,False,False,6.442200983123826e-07,COMPLETE
230,0.5779914736747742,2025-04-20 19:33:53.531705,2025-04-20 19:34:16.607849,0 days 00:00:23.076144,0.5889447175691136,0.04013098381895777,16,0.14496419803253885,0.038546006595147446,0.062847027589178,0.07568929250809599,0.033591123574970606,0.06301927513445386,0.0002689062401536108,13,29,0.009428964197538657,0.25329344189372976,True,False,False,2.6685173257600535e-07,COMPLETE
231,0.6868452787399292,2025-04-20 19:34:16.681381,2025-04-20 19:34:40.281845,0 days 00:00:23.600464,0.6433167486346283,0.09309667962819633,16,0.13718406763180593,0.025720441286917903,0.06512187361908525,0.07930625897781192,0.03541488458345733,0.06635023058385517,0.00026448489639326804,14,32,0.007171146126157709,0.25806294799530877,True,False,False,6.218994888900275e-07,COMPLETE
232,0.5963146924972534,2025-04-20 19:34:40.354581,2025-04-20 19:35:04.246446,0 days 00:00:23.891865,0.670165193367899,0.08346264620440964,16,0.13927357753194267,0.027992793434525785,0.06563730264273102,0.07740885891651664,0.03615461733705326,0.06602267972475136,0.00026328327291518796,15,32,0.006781448111815354,0.09723095159377547,True,False,False,6.7602656149737e-07,COMPLETE
233,0.7511485099792481,2025-04-20 19:35:04.329627,2025-04-20 19:35:27.762535,0 days 00:00:23.432908,0.6417848255869272,0.09741626837803088,16,0.13231531234738128,0.02800893582888292,0.06567475805608798,0.08121934554387984,0.03913671636758856,0.060568950071566,0.00018336731746537314,14,33,0.008104923767952788,0.24325403210798474,True,False,False,8.614057252777076e-05,COMPLETE
234,0.684446954727173,2025-04-20 19:35:27.836968,2025-04-20 19:35:51.541743,0 days 00:00:23.704775,0.6456476944474405,0.09901342080203475,16,0.13185410982265652,0.03338299120715151,0.06522065329588328,0.08153800442377368,0.03464111815761887,0.06114392553427521,0.0001846661890731042,14,33,0.0070683646364222965,0.2408283416008428,True,False,False,9.373060592336626e-07,COMPLETE
235,0.7599657893180848,2025-04-20 19:35:51.616453,2025-04-20 19:36:15.192292,0 days 00:00:23.575839,0.668276652525419,0.1017978655512157,16,0.1358289775600527,0.021993927467315478,0.06636541029900798,0.08109755494120834,0.03505531567983415,0.06076515824046247,0.00020462907451731195,14,33,0.00786148292011876,0.24157319273542838,True,False,False,8.51779746556993e-05,COMPLETE
236,0.7577720403671264,2025-04-20 19:36:15.267623,2025-04-20 19:36:38.714485,0 days 00:00:23.446862,0.6722015701383138,0.10378137901330144,16,0.13652774833183837,0.023170968100976675,0.06683967173050688,0.0809906279791831,0.03296852376033313,0.06064500860850244,0.00020142328592362332,14,33,0.008948670279172594,0.2366792881733543,True,False,False,0.00014838141313224814,COMPLETE
237,0.7591768503189087,2025-04-20 19:36:38.789797,2025-04-20 19:37:02.356213,0 days 00:00:23.566416,0.6809346303921013,0.09958561384439313,16,0.13506210695469842,0.023036476374087345,0.06798557762794243,0.08044655394162127,0.03276526054002599,0.060279362898158835,0.00017012956981492857,14,33,0.009247105845124845,0.23932574377119764,True,False,False,3.8053950291870974e-05,COMPLETE
238,0.539833927154541,2025-04-20 19:37:02.431345,2025-04-20 19:37:25.836617,0 days 00:00:23.405272,0.6935379345089603,0.09937312817628537,16,0.13652179169812104,0.02156138203501985,0.0662238162341064,0.08122692867133541,0.030005415379880277,0.05916997573655972,0.000178036330044183,14,34,0.010602176336882553,0.2372378056977909,True,False,False,0.00013026968511962463,COMPLETE
239,0.4727723717689514,2025-04-20 19:37:25.922003,2025-04-20 19:37:49.622635,0 days 00:00:23.700632,0.6752797641703626,0.13438938087168462,16,0.1303861457260327,0.10437723349690575,0.06680963873056395,0.07921762589024066,0.031596947658897534,0.060962969714995666,0.00014086442493230233,14,32,0.00897547412884332,0.22878667301640482,True,False,False,5.3389394326461356e-05,COMPLETE
240,0.18030225634574892,2025-04-20 19:37:49.697797,2025-04-20 19:38:11.041461,0 days 00:00:21.343664,0.7059993080459823,0.10515151394096893,16,0.14857875220078967,0.021512778287974238,0.06860666623504523,0.08155957597187066,0.034005865604794114,0.060950690736376045,0.00020655381571704553,14,35,0.009752803363114257,0.2416300214424821,True,True,False,9.587726512255071e-05,COMPLETE
241,0.7505790829658509,2025-04-20 19:38:11.120315,2025-04-20 19:38:34.821735,0 days 00:00:23.701420,0.6676619649441099,0.09142346781962041,16,0.14087472715557303,0.026257559244001544,0.06373514286545903,0.07960785260841925,0.03185309704846317,0.06376459678213153,0.00023958422715960158,14,33,0.0075324477262159574,0.2337106855423531,True,False,False,7.77082129956019e-05,COMPLETE
242,0.5938951015472412,2025-04-20 19:38:34.899715,2025-04-20 19:38:58.365988,0 days 00:00:23.466273,0.6724643198540169,0.11886383454726841,16,0.14144358241820226,0.03652346890084008,0.06529288770895017,0.07688890754533322,0.03237312499169608,0.06383727431611201,0.00015841428110896584,14,31,0.008164954623544884,0.2341619799686414,True,False,False,7.200671432582819e-05,COMPLETE
243,0.6981594920158386,2025-04-20 19:38:58.443664,2025-04-20 19:39:21.960133,0 days 00:00:23.516469,0.6609469003985942,0.10033616881781571,16,0.1331033384241184,0.024932958006393294,0.0678091369505442,0.07909348043068158,0.035533086778375564,0.05793096154453412,0.00020927936461460707,13,35,0.011513141374474442,0.24172726214734844,True,False,False,8.677692711416586e-05,COMPLETE
244,0.6322934865951538,2025-04-20 19:39:22.036999,2025-04-20 19:39:45.185931,0 days 00:00:23.148932,0.6551216971534335,0.09778185675009238,16,0.13431045620751034,0.031925138301494196,0.07051149111203397,0.08246113988750398,0.02857477438113211,0.05892824912381483,0.00019415942124120783,13,36,0.011409727141266823,0.2386846283813338,True,False,False,0.00015763527415703894,COMPLETE
245,0.735434913635254,2025-04-20 19:39:45.274161,2025-04-20 19:40:08.443347,0 days 00:00:23.169186,0.696955003784127,0.1322319764268593,16,0.12141871301614474,0.01170195404080561,0.06856928412413377,0.07782974206348982,0.036406983480713494,0.05674218450517913,0.00022234790364418196,13,30,0.008398275344995501,0.23236967295520752,True,False,False,7.930679793921197e-05,COMPLETE
246,0.4771536350250244,2025-04-20 19:40:08.521828,2025-04-20 19:40:31.580664,0 days 00:00:23.058836,0.6908142353734126,0.14138907559275446,16,0.12064419251109644,0.007335638850978936,0.06833348107519137,0.07816700380990617,0.036204540365328,0.058256157327143954,0.0002156840042489044,13,27,0.011371687240206586,0.2262326165628222,True,False,False,9.772896244990411e-05,COMPLETE
247,0.6786081314086914,2025-04-20 19:40:31.661246,2025-04-20 19:40:54.715929,0 days 00:00:23.054683,0.7205844687327219,0.08984591512767715,16,0.13151900652384274,0.01240433300029934,0.06678687649171353,0.07702382112670143,0.03164746358160149,0.05660537715996679,0.00023762707844543273,13,30,0.009161988337428052,0.23193844486577012,True,False,False,7.348011916539264e-05,COMPLETE
248,0.09069270193576813,2025-04-20 19:40:54.793447,2025-04-20 19:41:16.903190,0 days 00:00:22.109743,0.7180800711606388,0.09129366839072944,16,0.13409948502965563,0.006042874233048508,0.06696682025435137,0.07648119977583559,0.031086409293725196,0.06052618385263109,0.0003050540663439526,13,29,0.00843263320145163,0.23026810837860037,True,False,False,8.551105792308697e-05,COMPLETE
249,0.3943687081336975,2025-04-20 19:41:16.983782,2025-04-20 19:41:40.095564,0 days 00:00:23.111782,0.7194652914011951,0.06315143620818225,16,0.14289083862044746,0.19538834054612342,0.07109192085282592,0.07978530317018459,0.029349833706691284,0.056620054355242005,0.00023479095706041968,13,26,0.009667411892265377,0.2335897983168184,True,False,False,7.43183126988319e-05,COMPLETE
250,0.6785966515541078,2025-04-20 19:41:40.174146,2025-04-20 19:42:00.026030,0 days 00:00:19.851884,0.6876420999878928,0.0878095073159933,16,0.12925104565626777,0.014252406390894045,0.06835704770569108,0.07836100085213268,0.02675201378233089,0.06308461855583676,0.00016264072576590527,6,30,0.006918225690038617,0.2425968031879782,True,False,False,6.081189703027473e-05,COMPLETE
251,0.5899280190467835,2025-04-20 19:42:00.115117,2025-04-20 19:42:21.761315,0 days 00:00:21.646198,0.6899057284073391,0.09505424895781364,16,0.12933396581138354,0.014668491539074416,0.06873583262454762,0.07870000230398526,0.025787879571623814,0.06306021670845095,0.00016747822326707053,9,31,0.0076347852497398935,0.24141927390807402,True,False,False,0.00015213501902278665,COMPLETE
252,0.6484981417655945,2025-04-20 19:42:21.841150,2025-04-20 19:43:21.135587,0 days 00:00:59.294437,0.6646154349952526,0.12504510402269042,2,0.1259017126339331,0.010261576602151283,0.06482259455692907,0.08340270444170507,0.026852964642696247,0.062451329548461006,0.00012892393207167754,12,30,0.009235371760539146,0.22289948686547525,True,False,False,3.813206444269037e-05,COMPLETE
253,0.7747757792472839,2025-04-20 19:43:21.216060,2025-04-20 19:43:40.759820,0 days 00:00:19.543760,0.7063176706412864,0.08516849737133494,16,0.1350365110722691,0.011660289925059176,0.06720467784934454,0.08076965500521119,0.03206414958418097,0.06492785080163654,0.0002378016258910707,5,35,0.006684039159133555,0.23626170826697784,True,False,False,6.352401633197062e-05,COMPLETE
254,0.7734343886375428,2025-04-20 19:43:40.839744,2025-04-20 19:44:00.854645,0 days 00:00:20.014901,0.738825568459067,0.08139987041799657,16,0.1346981014633896,0.01250082511146109,0.0669793517533342,0.03511986863460982,0.03282052678928684,0.06474024643787459,0.00023993578603424535,6,35,0.00701574607318221,0.2366856473312263,True,False,False,8.922272483823431e-05,COMPLETE
255,0.13200460076332093,2025-04-20 19:44:00.935228,2025-04-20 19:44:19.043629,0 days 00:00:18.108401,0.7362046030617568,0.06083808345487843,16,0.13945966566155749,0.020020916007379992,0.06534787951042645,0.039229745445329006,0.0323487920138831,0.06510292618143415,0.00025236045889742286,5,36,0.011151737823333627,0.23325578238162448,True,False,True,0.00012029813754169322,COMPLETE
256,0.09069270193576813,2025-04-20 19:44:19.125008,2025-04-20 19:44:41.760464,0 days 00:00:22.635456,0.7060202023720319,0.10875740205556583,16,0.1469609172762697,0.0006837057253316547,0.0670358488421325,0.08106287029172236,0.03055365444229029,0.06556347214183615,0.00030491393180692245,13,34,0.006844869956835187,0.23756729228382154,True,False,False,7.734597847994294e-05,COMPLETE
257,0.5899378299713135,2025-04-20 19:44:41.851595,2025-04-20 19:45:01.913514,0 days 00:00:20.061919,0.7373147957513093,0.1356708010086578,16,0.13506522882793187,0.00896788153290218,0.06994427004292081,0.08310849115887661,0.033581200572943844,0.060241638149511854,0.00020645912878422017,6,36,0.008371910045342695,0.22515944151366668,True,False,False,0.00010079234572767272,COMPLETE
258,0.7772403717041015,2025-04-20 19:45:01.995436,2025-04-20 19:45:21.882191,0 days 00:00:19.886755,0.7609852670173884,0.07438931346197412,16,0.12176969679739201,0.020344731811927676,0.06362433501469342,0.02960165153572213,0.03469532521662987,0.06445070980436722,0.0002365340109791597,5,33,0.006105497300434276,0.24311216100518301,True,False,False,6.51705196289369e-05,COMPLETE
259,0.7835876584053041,2025-04-20 19:45:21.963417,2025-04-20 19:45:41.671309,0 days 00:00:19.707892,0.7764688303975135,0.05911663602167035,16,0.12428216781742256,0.02082236821981191,0.06363051538870013,0.03415065725962045,0.03494363277296676,0.06442950593552053,0.00010494407442626321,5,33,0.006018790706268611,0.24423285364887123,True,False,False,0.0001564591839726229,COMPLETE
260,0.6251478672027588,2025-04-20 19:45:41.753407,2025-04-20 19:46:01.463270,0 days 00:00:19.709863,0.7463665821697039,0.06603298464194937,16,0.12011162693864963,0.018861172976116482,0.06286651110094182,0.030602993719093523,0.03454780395376967,0.06472116576848025,0.00010132700127992112,5,36,0.005785947773265496,0.2424094049657312,True,False,False,0.00013638075182786965,COMPLETE
261,0.5414698123931885,2025-04-20 19:46:01.544626,2025-04-20 19:46:21.650258,0 days 00:00:20.105632,0.7731495819054821,0.07401637078234999,16,0.12403752586217873,0.02222717403681205,0.0640456227902473,0.08008065008112603,0.03526825366021934,0.06415846584137949,0.00013914862457187506,6,34,0.006200702454736801,0.23687097210325855,True,False,False,0.0003020943850260081,COMPLETE
262,0.5363617300987245,2025-04-20 19:46:21.732780,2025-04-20 19:46:41.878640,0 days 00:00:20.145860,0.7654870384002582,0.053808868773180335,16,0.1130577926595148,0.016206670005546396,0.0633035083891179,0.022802031444557953,0.03373205729007534,0.06674229465942129,8.668983850022408e-05,5,37,0.005473825729906503,0.24491721638977745,True,False,False,0.00022576068898257776,COMPLETE
263,0.09069270193576813,2025-04-20 19:46:41.971296,2025-04-20 19:47:00.723459,0 days 00:00:18.752163,0.6725416757377072,0.07576653684552706,16,0.13946612160753386,0.00503400004537041,0.06572648755849897,0.029177935860946132,0.03728813327108851,0.0669234441261515,0.00019256510575106514,5,33,0.005329900948438569,0.238244218821043,True,False,False,9.248650790935364e-05,COMPLETE
264,0.4971269249916077,2025-04-20 19:47:00.806583,2025-04-20 19:47:21.877981,0 days 00:00:21.071398,0.6612321177213735,0.1019494501236839,16,0.14472023040695792,0.13485010405419384,0.06207589989781473,0.03393734147184728,0.02885469447006036,0.062163222495216934,0.00011468238962421994,6,96,0.012316819277714297,0.24444129711080653,True,False,False,0.0001650801104387116,COMPLETE
265,0.6849281549453736,2025-04-20 19:47:21.961541,2025-04-20 19:47:42.487549,0 days 00:00:20.526008,0.8081379265817178,0.06100270657883694,16,0.1338154208500063,0.03877368628123263,0.06750839892693306,0.03301569780696422,0.03304537211191231,0.06427602766102186,0.00028136051530169636,7,32,0.010016220685832015,0.22924206714258505,True,False,False,0.00011345885147187055,COMPLETE
266,0.17900733053684237,2025-04-20 19:47:42.571477,2025-04-20 19:48:00.962616,0 days 00:00:18.391139,0.7690734284976353,0.05788801589903071,16,0.12499355479508695,0.02557123883283501,0.07095596289508839,0.03424973599286412,0.03261295048070306,0.06309837829048273,0.00029582115425992014,7,38,0.010248655666344206,0.2349349749907367,True,True,False,6.096375390980962e-05,COMPLETE
267,0.6842596411705018,2025-04-20 19:48:01.047387,2025-04-20 19:48:20.594918,0 days 00:00:19.547531,0.8285606091399983,0.11906813681383213,16,0.13265790920355444,0.033995485840207916,0.06787958273527545,0.03591173848602246,0.032793027159202875,0.0649509670382927,0.00023574906616031773,5,28,0.008640318462570674,0.22741044100758442,True,False,False,0.00018625925315032867,COMPLETE
268,0.6813027620315552,2025-04-20 19:48:20.690830,2025-04-20 19:48:40.221654,0 days 00:00:19.530824,0.803591436325412,0.11760041496503339,16,0.13252610598718279,0.036570408466439414,0.06817572320687927,0.034297117272852104,0.03041163171830195,0.06744708078830124,0.000353476783114986,5,28,0.012841455038599873,0.21896117701851847,True,False,False,0.00012486646029779576,COMPLETE
269,0.5349277377128602,2025-04-20 19:48:40.306776,2025-04-20 19:49:00.287491,0 days 00:00:19.980715,0.8191695894510026,0.10432838394270422,16,0.11856185558052244,0.030369224156798547,0.07203629434246608,0.03266323471071571,0.03287692835534502,0.06447559659509564,0.00023734375419785022,6,26,0.01014473637096244,0.2298378084476678,True,False,False,0.00016977396048599276,COMPLETE
270,0.6400697827339173,2025-04-20 19:49:00.373257,2025-04-20 19:49:20.891346,0 days 00:00:20.518089,0.7566064366652826,0.12528966527610697,16,0.15020816730975697,0.04229150438943581,0.06674553941673017,0.03238630331487221,0.030986011637445254,0.06268724068696291,0.00018080855423371287,7,36,0.008274934948043393,0.22734289663746776,True,False,False,0.00023701832561436316,COMPLETE
271,0.5931797146797181,2025-04-20 19:49:20.976141,2025-04-20 19:49:42.189125,0 days 00:00:21.212984,0.8408897786458606,0.049368162561705495,16,0.1275428199296593,0.03416104860144448,0.06961241830521485,0.027648047472053947,0.03415400610617577,0.0651558152948993,0.0002633877352023038,5,143,0.007976652346781993,0.2389002370249498,True,False,False,0.00010701060277076945,COMPLETE
272,0.7706903100013733,2025-04-20 19:49:42.275046,2025-04-20 19:50:02.319627,0 days 00:00:20.044581,0.8115223328840243,0.09554392109294207,16,0.13438977490350215,0.01205771916269259,0.06458435234739555,0.035520180955639774,0.03258581380112203,0.06168402006695889,0.00014982168970776745,6,30,0.011246914752411834,0.22236215101756418,True,False,False,8.585704052402535e-05,COMPLETE
273,0.09069270193576813,2025-04-20 19:50:02.415381,2025-04-20 19:50:42.408816,0 days 00:00:39.993435,0.8244356263513463,0.06637652007089509,2,0.13387979012802845,0.005599425858927646,0.06584867974198613,0.03817420525339127,0.028567709801629468,0.06756390026297011,0.00015588419570401112,6,24,0.012255505761385822,0.22577190066836575,True,False,False,8.619000014970478e-05,COMPLETE
274,0.6870079398155213,2025-04-20 19:50:42.494699,2025-04-20 19:51:01.903951,0 days 00:00:19.409252,0.6987844658608199,0.10597570552878956,16,0.13912592767028673,0.013551303322939695,0.0650168231305542,0.03508475032326961,0.02270778873404198,0.06171077508189968,0.0002022521126200751,5,29,0.010807257037001736,0.22144704132354195,True,False,False,4.505693242334263e-05,COMPLETE
275,0.10766786634922028,2025-04-20 19:51:01.991232,2025-04-20 19:51:20.213128,0 days 00:00:18.221896,0.8009797182823674,0.09938025478123232,16,0.14264250298782472,0.013035887215766642,0.06457361063567328,0.036181174875291135,0.022886728633738456,0.06129700165601553,0.00019476979988234769,6,34,0.011409824983548736,0.22090562605504474,True,False,True,4.400211146436031e-05,COMPLETE
276,0.6883476138114929,2025-04-20 19:51:20.300699,2025-04-20 19:51:40.778455,0 days 00:00:20.477756,0.7054586976287452,0.07968827425968378,16,0.138893762614096,0.00988822636012985,0.06423635762608618,0.024298933895959718,0.03532526004550563,0.05914125894576233,0.0001391325192299271,7,29,0.012925015566131997,0.2349126338471896,True,False,False,5.942491325567448e-05,COMPLETE
277,0.6860146999359131,2025-04-20 19:51:40.866109,2025-04-20 19:52:01.163916,0 days 00:00:20.297807,0.7076527072558672,0.04919459241169414,16,0.14805692499093545,0.009709195259723639,0.06204126988535384,0.020545128424970714,0.03567473021184336,0.058668535678699486,0.00013416356612704913,7,29,0.012580746177069108,0.23272393646164077,True,False,False,5.624198026179151e-05,COMPLETE
278,0.09069270193576813,2025-04-20 19:52:01.260427,2025-04-20 19:52:20.850857,0 days 00:00:19.590430,0.7092366967051961,0.031350421888292804,16,0.15158328097050422,0.0043307482609448965,0.061516499999262085,0.016656563133020594,0.013493286290100843,0.05911546490976968,0.000132422356775098,7,25,0.01331962680656736,0.215485300568089,True,False,False,5.8375960113312776e-05,COMPLETE
279,0.6378836154937745,2025-04-20 19:52:20.940307,2025-04-20 19:52:40.414174,0 days 00:00:19.473867,0.7284284149105028,0.07661879441709855,16,0.14196105359425049,0.012050600005972344,0.06363695115622595,0.01781015099181868,0.0358218203245424,0.05792410632377281,8.574817236683423e-05,5,29,0.013494604669377408,0.23341576806107237,True,False,False,4.75142235616974e-05,COMPLETE
