number,value,datetime_start,datetime_complete,duration,params_alpha-eval,params_alpha-train,params_batch-size,params_eps-eval,params_eps-train,params_lambda-actions-eval,params_lambda-actions-train,params_lambda-frames-eval,params_lambda-frames-train,params_learning-rate,params_n-epochs,params_n-frames,params_radius-gw,params_rho,params_std-feats,params_ub-actions,params_ub-frames,params_weight-decay,state
896,0.7824052572250366,2025-04-20 23:47:40.830121,2025-04-20 23:48:02.021756,0 days 00:00:21.191635,0.9461103598070563,0.0718243659496278,16,0.13227596642269113,0.027106449917483833,0.05131825284126986,0.007843588192605583,0.0965706722622691,0.0450293069163784,5.4914383999553424e-05,8,45,0.013597071713636721,0.20146415198984408,True,False,False,2.7170963923739055e-05,COMPLETE
897,0.3615215063095093,2025-04-20 23:48:02.314336,2025-04-20 23:48:22.911527,0 days 00:00:20.597191,0.9704395184668075,0.09737326318217923,16,0.13661384786581643,0.13263161539345664,0.051684428930289864,0.01679504906928594,0.09212047543497574,0.04614882713244651,3.9797332998954364e-05,7,32,0.01641329344069563,0.090956445048046,True,False,False,1.7418596720396845e-05,COMPLETE
898,0.5310289263725281,2025-04-20 23:48:23.203383,2025-04-20 23:48:43.798189,0 days 00:00:20.594806,0.9624536082887678,0.061529975241988194,16,0.14437177602973572,0.025681049564428765,0.050772260443303144,0.020586321427598094,0.09414063346458082,0.04976394603041841,3.361822102001842e-05,7,35,0.012438475534072022,0.19468875642001626,True,False,False,1.3396446266052805e-05,COMPLETE
899,0.08697754293680192,2025-04-20 23:48:44.073591,2025-04-20 23:49:02.692160,0 days 00:00:18.618569,0.8960870944703506,0.45417163714304476,16,0.1337521900348547,0.022757212844618784,0.04929703857179699,0.012049083134934545,0.09486161758697176,0.04561627561909613,4.786557341773132e-05,7,39,0.015204076861539531,0.24018068861471864,True,False,True,2.046569298151085e-05,COMPLETE
900,0.39448470473289493,2025-04-20 23:49:02.983833,2025-04-20 23:49:22.406096,0 days 00:00:19.422263,0.9215022684264542,0.07906700535722712,16,0.14935616863917547,0.02611596512764549,0.05188551738561407,0.017852611202530295,0.09116877673022536,0.04770259236267065,6.116042584710781e-05,5,34,0.01811084240107152,0.23218472244207075,False,False,False,8.532456018452545e-06,COMPLETE
901,0.38058539628982546,2025-04-20 23:49:22.699389,2025-04-20 23:49:44.183471,0 days 00:00:21.484082,0.9262450533295812,0.14067863960105748,16,0.12691102069814275,0.12228196011394636,0.050135137406903896,0.01957800641191087,0.09716045262909465,0.0508749802188433,4.150888461297435e-05,9,42,0.02290262293301338,0.2463293519703076,True,False,False,1.6394471846136676e-05,COMPLETE
902,0.5237225651741029,2025-04-20 23:49:44.479322,2025-04-20 23:50:04.430628,0 days 00:00:19.951306,0.8898443272607152,0.11001542575223086,16,0.14366464053457342,0.019339883277528596,0.04513382339874381,0.01831762410071864,0.09332027081716111,0.04305170472774311,3.321536275509521e-05,6,37,0.013896539745598332,0.2514036943273309,True,False,False,1.7944237480736454e-05,COMPLETE
903,0.5712482213974,2025-04-20 23:50:04.710906,2025-04-20 23:50:30.822992,0 days 00:00:26.112086,0.9453157651402153,0.05853894979359884,8,0.1364834354825582,0.033035996246823116,0.05317990199412873,0.01506255358174778,0.0978316023877936,0.04503358291263776,5.755643413823451e-05,10,31,0.0116372197154062,0.23762832781556492,True,False,False,9.43454532701091e-06,COMPLETE
904,0.791191053390503,2025-04-20 23:50:31.115628,2025-04-20 23:50:52.179526,0 days 00:00:21.063898,0.9149604895859824,0.04274479681695695,16,0.1542586755766945,0.018851886039524174,0.05364423611007225,0.010308213350435412,0.09157018204040915,0.04897708615641348,4.4470490949030676e-05,8,39,0.015585174429379862,0.25196593978125753,True,False,False,1.2767046633379766e-05,COMPLETE
905,0.587435507774353,2025-04-20 23:50:52.475013,2025-04-20 23:51:13.714058,0 days 00:00:21.239045,0.899149613460832,0.5216322581957391,16,0.15300206964944518,0.030610824137931873,0.05287717006740802,0.006432786660971886,0.08687868365488087,0.04931812377590786,4.661232155964592e-05,8,42,0.01317122796253409,0.25226761750124027,True,False,False,1.2382761957746482e-05,COMPLETE
906,0.5421995878219605,2025-04-20 23:51:14.009868,2025-04-20 23:51:35.185875,0 days 00:00:21.176007,0.9214128522596978,0.02632165041229864,16,0.15732756690890126,0.04202763127937416,0.050710140488365384,0.009402548970135515,0.08944735427297895,0.007234355697312041,4.884014978870378e-05,8,48,0.011659490334943783,0.2579690401680192,True,False,False,1.0816701620427572e-05,COMPLETE
907,0.44920207858085637,2025-04-20 23:51:35.466810,2025-04-20 23:51:56.806676,0 days 00:00:21.339866,0.9071777621958732,0.03797422462710612,16,0.14894297719251626,0.02219586688325577,0.04812202795952434,0.006889954258748658,0.09125503087978956,0.04847958378736551,5.971476970342148e-05,9,46,0.014917612306051133,0.25001830708131484,True,False,False,1.3678378335377353e-05,COMPLETE
908,0.37266887426376344,2025-04-20 23:51:57.099535,2025-04-20 23:52:17.924642,0 days 00:00:20.825107,0.9184336499936355,0.039636084314308706,16,0.1552632648282309,0.2807147083248256,0.05280347231971436,0.015132498537761224,0.09316420630762952,0.0468750670231033,4.265893232222446e-05,8,43,0.005908754446664612,0.24393518496335656,True,False,False,1.2942440999081539e-05,COMPLETE
909,0.6410430788993835,2025-04-20 23:52:18.220276,2025-04-20 23:52:39.458733,0 days 00:00:21.238457,0.9394262241774035,0.1813986744212373,16,0.14642791789053075,0.027673947966397737,0.05371725053012981,0.011820314290347644,0.09557606507576401,0.04999980658024383,5.790689103651277e-05,9,39,0.010282409923105685,0.2640021704364053,True,False,False,1.6709714845831995e-05,COMPLETE
910,0.3759618937969208,2025-04-20 23:52:39.758171,2025-04-20 23:53:00.615224,0 days 00:00:20.857053,0.9311201589636006,0.01001459009757356,16,0.1512552951538977,0.25662037198390414,0.05147487233696607,0.015140402339479914,0.09203944356834297,0.050304073223461164,4.097689457631913e-05,8,40,0.015323677585620102,0.20948747604627507,True,False,False,1.839354780771119e-05,COMPLETE
911,0.2185001164674759,2025-04-20 23:53:00.897177,2025-04-20 23:53:19.439484,0 days 00:00:18.542307,0.9017652968138964,0.07594762002139566,16,0.15984925797037863,0.019576439441480704,0.0543184655922216,0.009725823918896856,0.08928920461337832,0.0464478525723024,6.757631247502195e-05,7,38,0.012714484184375062,0.2545659886196462,True,True,False,2.0562723504492578e-05,COMPLETE
912,0.5979854583740234,2025-04-20 23:53:19.735362,2025-04-20 23:53:40.562267,0 days 00:00:20.826905,0.9530585873206271,0.16161394501883228,16,0.14605314222630433,0.017641305633900994,0.0527724085260293,0.011812189238745684,0.08994303626206754,0.047859655326727035,5.056943318455173e-05,8,44,0.007632395497344711,0.25915095225293583,False,False,False,2.012143932774636e-05,COMPLETE
913,0.5645220279693604,2025-04-20 23:53:40.860142,2025-04-20 23:54:01.492712,0 days 00:00:20.632570,0.915557316637496,0.09900868983026945,16,0.16021213653207597,0.03561393611899348,0.050406933711455215,0.010128801964617275,0.09418254449234385,0.04908258671513837,0.033424061149240326,7,41,0.005543167719425788,0.2493464100394173,True,False,False,1.1087135661952689e-05,COMPLETE
914,0.48900504112243653,2025-04-20 23:54:01.792227,2025-04-20 23:54:23.116393,0 days 00:00:21.324166,0.9439433460634405,0.12189555390013528,16,0.14222360481538573,0.02387420919759483,0.05465104985503763,0.01311441880689181,0.09562807235621823,0.04560478628154298,3.844108032890827e-05,9,50,0.01059942775875589,0.23548091321655423,True,False,False,0.0009542879324011412,COMPLETE
915,0.7976850748062134,2025-04-20 23:54:23.397641,2025-04-20 23:55:07.393693,0 days 00:00:43.996052,0.9717166875709736,0.05853953826842311,2,0.15589198962113185,0.011779887695946982,0.05530659426806891,0.013277500475403698,0.09823987841506789,0.053347363963315,5.365966823914073e-05,7,37,0.016801602190665784,0.25474100716308895,True,False,False,2.2901255810637057e-05,COMPLETE
916,0.09069270193576813,2025-04-20 23:55:07.689252,2025-04-20 23:55:54.702077,0 days 00:00:47.012825,0.9636653362542621,0.029529095610406543,2,0.15382985418714906,0.008204136014960756,0.05314315483582168,0.009410242629093726,0.0974072905065226,0.05206891445920524,5.003062635206923e-05,8,42,0.01761856507569316,0.2639262448079923,True,False,False,1.9468362456476844e-05,COMPLETE
917,0.37308168411254883,2025-04-20 23:55:54.999325,2025-04-20 23:56:42.141862,0 days 00:00:47.142537,0.9758875975691645,0.08123943841762296,2,0.1613464988791069,0.010915343944731416,0.05530684978637106,0.012759249421681617,0.09914704827709547,0.053163519482970545,5.834263696758497e-05,8,46,0.019253313156526692,0.26768408430014656,True,False,False,2.3800426579893055e-05,COMPLETE
918,0.09069270193576813,2025-04-20 23:56:42.442288,2025-04-20 23:57:25.409913,0 days 00:00:42.967625,0.9735559834405929,0.05606176697394407,2,0.1591444772556687,0.0056756869485667626,0.051540888222923256,0.01210641087354333,0.09862300677737557,0.0539734931530699,4.775821596898687e-05,7,38,0.04882975886218939,0.2574565657833681,True,False,False,1.6590102563328983e-05,COMPLETE
919,0.09069270193576813,2025-04-20 23:57:25.695398,2025-04-20 23:58:12.166557,0 days 00:00:46.471159,0.9403824092889247,0.04409985542743756,2,0.15383725045153207,0.00017761308614227048,0.048806906025442506,0.004978808983228704,0.09347986332450814,0.055667166027334576,4.2347463499640795e-05,8,40,0.016213060003867998,0.2699690677422082,True,False,False,2.2016084150753783e-05,COMPLETE
920,0.7998125791549683,2025-04-20 23:58:12.462432,2025-04-20 23:58:56.559371,0 days 00:00:44.096939,0.9827450113888325,0.08939425480036552,2,0.15035506327417358,0.014376152436513615,0.054168540482446514,0.013795581323495234,0.09668923771873161,0.05291562784369937,5.6121592028204814e-05,7,37,0.016572799171632804,0.25768773431615105,True,False,False,2.398316097790516e-05,COMPLETE
921,0.10211212933063507,2025-04-20 23:58:56.856228,2025-04-20 23:59:33.344713,0 days 00:00:36.488485,0.9778472791469152,0.12570961611044204,2,0.16226639133426357,0.013237490344287943,0.052974327193847516,0.010817288178580972,0.09685423951421672,0.0514817347441616,6.493534389471677e-05,7,5,0.021310354871528187,0.261022750606441,True,False,True,1.4307074518480335e-05,COMPLETE
922,0.09069270193576813,2025-04-20 23:59:33.645332,2025-04-21 00:00:17.268641,0 days 00:00:43.623309,0.9857392599596232,0.14521360292357394,2,0.15661976515169612,0.006950441379068574,0.05043750226835845,0.013251616220752714,0.0953646319827906,0.053582328078212324,5.573503095569076e-05,7,36,0.019835243553645687,0.2632630223461357,True,False,False,2.3111039816883802e-05,COMPLETE
923,0.6336956262588502,2025-04-21 00:00:17.552238,2025-04-21 00:01:04.484402,0 days 00:00:46.932164,0.9568645814304625,0.1078744332662431,2,0.15408855639754154,0.01766912784469252,0.053859087382467426,0.013694157577059256,0.09960609403344794,0.05210495759906834,6.865657321957811e-05,8,36,0.01765253540761872,0.27318098814174596,True,False,False,1.7421455406362612e-05,COMPLETE
924,0.34746599793434146,2025-04-21 00:01:04.781523,2025-04-21 00:01:54.366925,0 days 00:00:49.585402,0.9961982083111393,0.09894061368624232,2,0.16410603564438003,0.170202283017862,0.047559388981198464,0.013337134733444642,0.0980939384010554,0.05245729164123011,5.510971371734774e-05,9,43,0.01946664067468499,0.2553534278776821,False,False,False,1.491092493261388e-05,COMPLETE
925,0.5978358268737793,2025-04-21 00:01:54.666671,2025-04-21 00:02:41.730588,0 days 00:00:47.063917,0.9780890626958864,0.12784529226040575,2,0.1455445385755953,0.012853496993641422,0.05186731568548424,0.010707640488533007,0.09657951294312922,0.05073197505641681,6.752426780794612e-05,8,34,0.024688448511903178,0.2623499730662438,True,False,False,2.2010327331005418e-05,COMPLETE
926,0.8000260472297669,2025-04-21 00:02:42.032093,2025-04-21 00:03:25.872921,0 days 00:00:43.840828,0.9993417155468678,0.08914741221546857,2,0.1500772492672639,0.009412851397080103,0.055240362297143186,0.010769562954389912,0.09368081807534841,0.050916501111041984,5.4654144094723216e-05,7,39,0.016626057294880627,0.2704978282553781,True,False,False,1.28306673019497e-05,COMPLETE
927,0.09069270193576813,2025-04-21 00:03:26.159167,2025-04-21 00:04:09.398488,0 days 00:00:43.239321,0.9961145902113915,0.13132576407577243,2,0.1512942747837786,0.006896310936315651,0.05539847085134254,0.008130950575430852,0.09194330524650453,0.052717086411692704,6.229264467516826e-05,7,45,0.021468732015853562,0.2702223168415833,True,False,False,2.5654825097983208e-05,COMPLETE
928,0.09069270193576813,2025-04-21 00:04:09.695731,2025-04-21 00:04:52.600678,0 days 00:00:42.904947,0.999469407062399,0.11022844739129856,2,0.15676405407645078,0.005597689096547083,0.054762030705315955,0.007796826223409499,0.09812906336831359,0.054519619408536266,7.278396170635333e-05,7,41,0.01712435451353101,0.27361385552723055,True,False,False,1.071255061210447e-05,COMPLETE
929,0.09069270193576813,2025-04-21 00:04:52.900123,2025-04-21 00:05:39.199706,0 days 00:00:46.299583,0.9665403689558522,0.1596487601788597,2,0.1630239405418746,0.0002977235991326963,0.05540091389323343,0.009261713438189986,0.09601271930863156,0.05036804887151272,5.418117995457204e-05,8,40,0.019142760666730044,0.2709489465237965,True,False,False,8.934786799857162e-06,COMPLETE
930,0.0947599619626999,2025-04-21 00:05:39.499990,2025-04-21 00:06:17.389192,0 days 00:00:37.889202,0.9798743204629499,0.09382965590953175,2,0.15060652715819578,0.008728707570072271,0.05418932336441612,0.006101067213469071,0.0937679814858379,0.05167430249010063,0.07558127068689645,7,43,0.017480042469634208,0.2710681496985584,True,True,False,1.0680103600233972e-05,COMPLETE
931,0.09069270193576813,2025-04-21 00:06:17.674554,2025-04-21 00:07:01.057690,0 days 00:00:43.383136,0.978575876363643,0.09271473842352204,2,0.15822982368686028,0.005020883580068564,0.05613518913246736,0.004337865170434199,0.09307011737928753,0.049486558267896164,5.616987925396117e-05,7,39,0.020114518181056383,0.266113043877661,True,False,False,1.3225143673660174e-05,COMPLETE
932,0.4420208275318146,2025-04-21 00:07:01.357673,2025-04-21 00:07:51.496997,0 days 00:00:50.139324,0.9814895025937335,0.11695180524049474,2,0.1514731834964752,0.012407577848054343,0.055903528466668205,0.010547203446765652,0.09761999692542342,0.05631831440688907,6.372203248328853e-05,9,38,0.08936515277396871,0.27581325494345127,True,False,False,2.80402362529034e-05,COMPLETE
933,0.09069270193576813,2025-04-21 00:07:51.796079,2025-04-21 00:08:34.333423,0 days 00:00:42.537344,0.9620349979203247,0.14508115368079666,2,0.16440242878118377,0.000160904308892729,0.05400242994700589,0.00729057108385058,0.09669227752364203,0.054137619524018375,5.598728103682177e-05,7,46,0.016409911157977495,0.26436612561405454,True,False,False,1.913939957114597e-05,COMPLETE
934,0.5344051957130432,2025-04-21 00:08:34.635409,2025-04-21 00:09:21.897320,0 days 00:00:47.261911,0.9701032769755439,0.08658427861933922,2,0.15659131921338748,0.010368726524019236,0.05626057122121602,0.011116121151393266,0.0928038446932995,0.05467670257434972,4.5602750718482185e-05,8,42,0.018049812459749542,0.2754383443264939,True,False,False,7.3219374777935e-06,COMPLETE
935,0.5194892525672913,2025-04-21 00:09:22.203367,2025-04-21 00:10:05.914683,0 days 00:00:43.711316,0.9428561872712298,0.10989790900703211,2,0.1499801689520784,0.01616183947771669,0.05334121457999855,0.009006794919258695,0.0958698419465835,0.05324283864866268,6.731949947575546e-05,7,33,0.023373662471762983,0.2571683609081184,True,False,False,2.443151169874143e-05,COMPLETE
936,0.09069270193576813,2025-04-21 00:10:06.203507,2025-04-21 00:10:52.536228,0 days 00:00:46.332721,0.9947524331494558,0.08232664361557061,2,0.16746793393162518,0.005859269712665311,0.05588977734875613,0.011610149663735511,0.08905404454996103,0.04843882681818606,5.279304095745479e-05,8,36,0.015390879839076476,0.26493783485951217,False,False,False,1.2645934358239566e-05,COMPLETE
937,0.3776222944259644,2025-04-21 00:10:52.841703,2025-04-21 00:11:37.314179,0 days 00:00:44.472476,0.9492729114198111,0.49508138862775064,2,0.1557887535544244,0.2464137760335114,0.053295457631181126,0.01271988812074327,0.09081881847240773,0.051228148220038065,7.856250559854724e-05,7,39,0.019622125274841813,0.26837989481209923,True,False,False,2.9728799140572046e-05,COMPLETE
938,0.10510928928852081,2025-04-21 00:11:37.617316,2025-04-21 00:12:16.119181,0 days 00:00:38.501865,0.9595782910401117,0.13015677387327645,2,0.14415261088234788,0.015551879294137535,0.0549260243295618,0.011065938277804858,0.08538797363843614,0.05362323714123349,4.628816078708186e-05,7,31,0.014637656579541497,0.25878474994369205,True,False,True,1.6168398866965978e-05,COMPLETE
939,0.7963343977928162,2025-04-21 00:12:16.427935,2025-04-21 00:13:03.543387,0 days 00:00:47.115452,0.9947057351554581,0.09975897715749016,2,0.16278184200774717,0.011910184239749676,0.057504625664066326,0.009087546158235872,0.09833112790946504,0.047340229919420364,4.754277252966498e-05,8,37,0.01704542649416613,0.27840843574470553,True,False,False,2.2219114495810306e-05,COMPLETE
940,0.09069270193576813,2025-04-21 00:13:03.837163,2025-04-21 00:13:53.158320,0 days 00:00:49.321157,0.9938588159009911,0.14493378388452724,2,0.16832875587364113,0.005806093787350493,0.05645319039300642,0.00827239114943236,0.0965692199550742,0.048563408626249895,4.002310582838402e-05,9,42,0.02137810078064978,0.2759278091838599,True,False,False,1.9967586087671525e-05,COMPLETE
941,0.35735933184623725,2025-04-21 00:13:53.461125,2025-04-21 00:14:40.438423,0 days 00:00:46.977298,0.9994944231670586,0.1147195683460144,2,0.16107382229851105,0.00966604949016366,0.05707177505434835,0.00883565354303385,0.09963767811471602,0.05045995127001157,4.613082631469605e-05,8,49,0.01690699142147829,0.27384376672549715,True,False,False,1.671380991301913e-05,COMPLETE
942,0.09069270193576813,2025-04-21 00:14:40.737841,2025-04-21 00:15:26.974516,0 days 00:00:46.236675,0.9785838192820627,0.10523849756100101,2,0.17087077874674209,0.00016014281013645645,0.054077994371874334,0.008841733422443234,0.09925149364125263,0.05094123992100198,4.6977476714190015e-05,8,44,0.05596367433062553,0.27922438654514226,True,False,False,2.0532019062354125e-05,COMPLETE
943,0.7509843707084656,2025-04-21 00:15:27.281240,2025-04-21 00:16:17.477234,0 days 00:00:50.195994,0.9991350340705875,0.2019648764787937,2,0.16674660191125854,0.009811557332827445,0.05643353945989555,0.01090034259260682,0.09779864905878989,0.04748785802340449,4.51499666827937e-05,9,38,0.016947500958033768,0.2785032236267338,True,False,False,2.4502968700474778e-05,COMPLETE
944,0.5418736457824707,2025-04-21 00:16:17.786286,2025-04-21 00:17:04.780130,0 days 00:00:46.993844,0.9800113002130678,0.17210002279599212,2,0.16219490848187956,0.017458244870271054,0.05225765231532429,0.008199356990673064,0.09814211977655578,0.04827923354817064,5.158326603129195e-05,8,40,0.01840068490018773,0.2819106729975269,True,False,False,1.196166488909931e-05,COMPLETE
945,0.6273431897163391,2025-04-21 00:17:05.069309,2025-04-21 00:17:55.943055,0 days 00:00:50.873746,0.972794622981174,0.12922238470710634,2,0.15754017752369467,0.011708628944066435,0.0571801783221654,0.004296648949128704,0.09976306800319508,0.046831263133472106,6.647489201550955e-05,9,36,0.019978792043885862,0.26757934819421836,True,False,False,1.4707591384861054e-05,COMPLETE
946,0.09069270193576813,2025-04-21 00:17:56.248992,2025-04-21 00:18:46.294701,0 days 00:00:50.045709,0.9591335824917034,0.2665202756739502,2,0.15208345608872867,0.0057625460237427945,0.05405800922846677,0.006589750123937049,0.09993305727099872,0.05535522627018231,3.935719568156626e-05,9,111,0.02329834505878172,0.27515891069969006,True,False,False,9.072950057576168e-06,COMPLETE
947,0.5521467089653016,2025-04-21 00:18:46.599934,2025-04-21 00:19:33.589309,0 days 00:00:46.989375,0.9561640697003094,0.10193094757805739,2,0.17189045659124916,0.01748780631431549,0.05514412115572724,0.005957189310735958,0.09304863828686691,0.049354277513176587,3.351869076543186e-05,8,47,0.01800883832533662,0.2799070742722695,False,False,False,7.27310130928562e-06,COMPLETE
948,0.3747614860534668,2025-04-21 00:19:33.898753,2025-04-21 00:20:21.198391,0 days 00:00:47.299638,0.9975842353763333,0.14999162945679967,2,0.16210936878681734,0.2327995313244507,0.057149971897549674,0.013491514484553298,0.09622784812509652,0.043403672533233274,5.4351995594969905e-05,8,40,0.015000245178474652,0.2807614784016792,True,False,False,2.187932406498392e-05,COMPLETE
949,0.597931730747223,2025-04-21 00:20:21.492672,2025-04-21 00:21:06.763218,0 days 00:00:45.270546,0.9840914385230144,0.09179024720209257,2,0.15921337474797992,0.012003632531799993,0.05190572697572885,0.010171540556474522,0.09464717333102177,0.05270432944114147,4.232785576694267e-05,7,133,0.019829453713127995,0.27199784666487564,True,False,False,2.768859519785824e-05,COMPLETE
950,0.09069270193576813,2025-04-21 00:21:07.067549,2025-04-21 00:21:53.262307,0 days 00:00:46.194758,0.9533267480007911,0.07481478435899727,2,0.14953680640777794,0.005562877033538555,0.05740687059088653,0.011709655919882394,0.09546154238184328,0.046493251747341265,3.140486175957245e-05,8,34,0.013697476346137482,0.2687959394046346,True,False,False,2.927868322843557e-05,COMPLETE
951,0.20960599184036255,2025-04-21 00:21:53.571250,2025-04-21 00:22:31.755564,0 days 00:00:38.184314,0.9743421784996237,0.12721321145735737,2,0.15302077528376568,0.019235025108886687,0.05478257951243023,0.0034948456645333744,0.09483430639505151,0.05092599881520711,6.0697510745507606e-05,7,38,0.0164917294867879,0.26588029962612186,True,True,False,1.7019555479907484e-05,COMPLETE
952,0.546329939365387,2025-04-21 00:22:32.062425,2025-04-21 00:23:19.478631,0 days 00:00:47.416206,0.9809841243327455,0.09225139385206704,2,0.1656026979864442,0.011625957597749424,0.05005388642037878,0.013306163522800587,0.09761880266980165,0.05532372883539776,3.972799251616551e-05,8,42,0.013749534662811914,0.2617938935799581,True,False,False,2.231275157739676e-05,COMPLETE
