number,value,datetime_start,datetime_complete,duration,params_alpha-eval,params_alpha-train,params_batch-size,params_eps-eval,params_eps-train,params_lambda-actions-eval,params_lambda-actions-train,params_lambda-frames-eval,params_lambda-frames-train,params_learning-rate,params_n-epochs,params_n-frames,params_radius-gw,params_rho,params_std-feats,params_ub-actions,params_ub-frames,params_weight-decay,state
504,0.6673168063163758,2025-04-07 15:39:29.297924,2025-04-07 15:39:52.472194,0 days 00:00:23.174270,0.07947023595307699,0.04554509947930606,16,0.12565553378572786,0.0015711107631815103,0.003664751396423162,0.03232722706048397,0.019366592098122675,0.06957420234240164,2.5707802998427724e-05,21,31,0.08543341184598205,0.11482515037138544,False,False,True,1.2151164357052813e-08,COMPLETE
505,0.6692744374275208,2025-04-07 15:39:52.637911,2025-04-07 15:40:15.869769,0 days 00:00:23.231858,0.10099208562969564,0.034373033453554275,16,0.1172811425884685,0.0008561021723439335,0.0044089723003451166,0.030972021869189494,0.01939666627253327,0.07467387165283809,2.6881703165254924e-05,21,30,0.08316258753128124,0.11586849817935391,False,False,True,1.0535011240840774e-08,COMPLETE
506,0.6636385202407837,2025-04-07 15:40:16.023891,2025-04-07 15:40:39.210876,0 days 00:00:23.186985,0.1074606981550934,0.02974351201496544,16,0.11619344561697448,0.0013579114477840926,0.0039981857892231396,0.029298376065757144,0.02377824472533421,0.06922933897080698,2.626938832236785e-05,21,30,0.0784514768933718,0.12239583139034066,False,False,True,1.1585364483982858e-08,COMPLETE
507,0.5597433924674988,2025-04-07 15:40:39.368605,2025-04-07 15:41:02.420761,0 days 00:00:23.052156,0.1086402991670046,0.028293556048754033,16,0.1269067273485506,0.0008057158658251445,0.004031651777685377,0.0336730750448792,0.024272731329223113,0.06941191259357499,2.0045246474324825e-05,21,30,0.07766318502126743,0.11600546360263428,False,False,True,1.043346511347293e-08,COMPLETE
508,0.10935279428958894,2025-04-07 15:41:02.586138,2025-04-07 15:41:25.446427,0 days 00:00:22.860289,0.10685837938272634,0.028437955984806855,16,0.12896862188125668,0.001234204353403167,0.0044435684302495185,0.02869562155537845,0.020890953745370207,0.06868801636163754,1.2671844452803168e-05,21,24,0.08509147429458315,0.12100191445386665,False,False,True,1.1635377257051675e-08,COMPLETE
509,0.6266997456550598,2025-04-07 15:41:25.602938,2025-04-07 15:41:49.976790,0 days 00:00:24.373852,0.09867666685761492,0.037112587065631315,16,0.11897778560105737,0.0005744995892479958,0.005778162889235257,0.02816451012157565,0.02278788813693856,0.06914481069470022,2.613950950666244e-05,22,28,0.08069560118823596,0.1355823471019288,False,False,True,1.1980539200533925e-08,COMPLETE
510,0.13464024364948274,2025-04-07 15:41:50.146499,2025-04-07 15:42:13.506478,0 days 00:00:23.359979,0.11157888424135165,0.01666208899145971,16,0.12070819041253074,0.0016295110466821652,0.0064377870207242335,0.029670250812104823,0.023444123966105363,0.06595271502865185,1.5760382372462416e-05,21,28,0.07740264601572501,0.11383879038359984,False,True,True,1.109723823921662e-08,COMPLETE
511,0.6606120586395263,2025-04-07 15:42:13.662881,2025-04-07 15:42:36.702670,0 days 00:00:23.039789,0.09396253706622339,0.04062772971903815,16,0.12866898614099545,0.004643954362511353,0.003499029255727814,0.026001231500690575,0.02171973780636538,0.06958256057061778,2.474752209068248e-05,21,31,0.08022021145467145,0.1310000621032655,False,False,True,1.2341412707401381e-08,COMPLETE
512,0.4757250666618348,2025-04-07 15:42:36.859386,2025-04-07 15:42:59.708675,0 days 00:00:22.849289,0.09634548784922306,0.04311035775389639,16,0.1239641742968133,0.0005313648930298628,0.0034835263474324173,0.026576333013916396,0.021005577113578526,0.0642240244002592,1.796635677112936e-05,20,31,0.08259139001175483,0.12494955172860452,False,False,True,1.3343477138768202e-08,COMPLETE
513,0.49248852729797366,2025-04-07 15:42:59.875909,2025-04-07 15:43:23.067373,0 days 00:00:23.191464,0.11872860193611377,0.023030114436486334,16,0.13543123516146022,0.005305400620635567,0.0010109440585964135,0.027395307285308746,0.021512342465805617,0.06690695737723173,2.1809106760708862e-05,20,30,0.07947837784858572,0.11067176336434648,False,False,True,1.1362999853245258e-08,COMPLETE
514,0.5605817794799806,2025-04-07 15:43:23.224687,2025-04-07 15:43:47.043600,0 days 00:00:23.818913,0.08092113106937487,0.04361001459584687,16,0.1349120056466824,0.005037958075656317,0.008573369687892596,0.029666190915912487,0.01981820024858219,0.06817777118232939,2.375906469848839e-05,21,32,0.08419410857399966,0.1277654330864055,False,False,True,1.0421167224994438e-08,COMPLETE
515,0.49114139080047614,2025-04-07 15:43:47.213557,2025-04-07 15:44:10.223248,0 days 00:00:23.009691,0.08786473680641402,0.04917898388490811,16,0.12874807692653598,0.006496639768073341,0.003479410506956143,0.030670441944019987,0.019985244799826194,0.07207419826561212,0.0742884294320035,21,23,0.07832849654368759,0.1162140017839345,False,False,True,1.4814452589093441e-08,COMPLETE
516,0.21839510798454287,2025-04-07 15:44:10.383321,2025-04-07 15:44:33.430704,0 days 00:00:23.047383,0.1236792587362634,0.010742515476976154,16,0.12852398393458916,0.0055850895961891255,0.002903277847572083,0.03181600158342378,0.01910409364575126,0.07077507171056881,1.7328348831950132e-05,21,27,0.08158952810211294,0.12247426064906773,False,False,True,1.526286825226813e-08,COMPLETE
517,0.5768802046775818,2025-04-07 15:44:33.589916,2025-04-07 15:44:57.053372,0 days 00:00:23.463456,0.08755501514619404,0.03723451146671056,16,0.12253072459259769,0.00026126851385687875,0.004225595933009354,0.027672545655167295,0.02318246433448529,0.07120853657538548,2.7424877164894654e-05,21,32,0.08447340447501714,0.10861313267135922,False,False,True,1.3459039305027532e-08,COMPLETE
518,0.13078444302082062,2025-04-07 15:44:57.222335,2025-04-07 15:45:20.315000,0 days 00:00:23.092665,0.1030024751584174,0.05688292538397682,16,0.1172853982708914,0.00034089231408175515,0.006461936230456632,0.031806045212602024,0.01844108261731219,0.06336661061145084,2.0918641832391534e-05,22,19,0.07506229484720009,0.12137028580535056,False,True,True,1.5071698370993367e-08,COMPLETE
519,0.5990041732788086,2025-04-07 15:45:20.472702,2025-04-07 15:45:43.922441,0 days 00:00:23.449739,0.07784161332013614,0.056350775561689534,16,0.14649543443769375,0.006448458851797199,0.0029519093492394962,0.025857534448699107,0.01863383169977001,0.07358869338688166,2.4951385068753012e-05,22,27,0.08259144166740146,0.11088090543561188,False,False,True,1.2071210349107093e-08,COMPLETE
520,0.11227717399597169,2025-04-07 15:45:44.094078,2025-04-07 15:46:06.823973,0 days 00:00:22.729895,0.12401877890094604,0.024444539954729665,16,0.1263739578793946,0.006031134925876513,0.0011209382084546502,0.0319355927022585,0.02535908030016854,0.07261193510086014,1.3234750391835079e-05,20,30,0.08000678907198533,0.13381978152405935,False,False,True,1.0673466843877338e-08,COMPLETE
521,0.6588322401046753,2025-04-07 15:46:06.983101,2025-04-07 15:46:30.410421,0 days 00:00:23.427320,0.08607658843739112,0.03580016990738558,16,0.11626579435744591,0.00749903171651831,0.008896922187120364,0.03301881260140149,0.022249997015975638,0.07093138280565676,3.032097770415463e-05,21,24,0.08358958701841342,0.13096660852912564,False,False,True,1.0037161396185097e-08,COMPLETE
522,0.6564285278320313,2025-04-07 15:46:30.569255,2025-04-07 15:46:53.773935,0 days 00:00:23.204680,0.1066082806271012,0.03138084488867184,16,0.1331053013954776,0.007678941629590741,0.008740367649314582,0.033005708766287375,0.02655362763280189,0.0665023680405497,3.281866711447029e-05,21,24,0.08272347032949429,0.13795106206265034,False,False,True,1.2485798895084546e-08,COMPLETE
523,0.6389614343643188,2025-04-07 15:46:53.945131,2025-04-07 15:47:16.918062,0 days 00:00:22.972931,0.1228917290417777,0.028309010131143043,16,0.13849753742484788,0.00720421775857007,0.010006142208078547,0.0324358357028445,0.025592796414115764,0.06792935024192094,2.9890806890506048e-05,21,15,0.08165799833231563,0.1449332134515349,False,False,True,1.040969312516723e-08,COMPLETE
524,0.6508057951927185,2025-04-07 15:47:17.078046,2025-04-07 15:47:40.021873,0 days 00:00:22.943827,0.1287408485009113,0.026550639993139717,16,0.1374278439810585,0.00649469706617181,0.009549917219831278,0.03268078111750709,0.02539797023291867,0.06998637660164773,4.256604223946865e-05,21,14,0.08263055969399713,0.14868843327051534,False,False,True,1.061023603344351e-08,COMPLETE
525,0.5322869539260865,2025-04-07 15:47:40.194620,2025-04-07 15:48:02.796171,0 days 00:00:22.601551,0.13938892744543957,0.011217599948986034,16,0.12972009476927382,0.0064058718175305385,0.008745543703046005,0.029754975397704362,0.025408649235012837,0.06781250976334423,4.454769386882481e-05,21,10,0.08135678884479003,0.15697838332273323,False,False,True,1.024726563302324e-08,COMPLETE
526,0.655683982372284,2025-04-07 15:48:02.956681,2025-04-07 15:48:25.669232,0 days 00:00:22.712551,0.1259916582743884,0.027173359516089596,16,0.14599829037076575,0.0007742304681351043,0.008983405853498229,0.03289075067771605,0.026985632933176726,0.06934986980662497,4.429325203058648e-05,21,17,0.07933606172022313,0.1482765431807329,False,False,True,1.0635906010291462e-08,COMPLETE
527,0.658063530921936,2025-04-07 15:48:25.829517,2025-04-07 15:48:48.281347,0 days 00:00:22.451830,0.12602848327417462,0.024578549039893732,16,0.1423455532069635,0.005518356943115138,0.010562022515505816,0.03285584187528587,0.025909644720260742,0.06637929642455799,5.178814821022836e-05,20,16,0.07857680319107244,0.15037023034862282,False,False,True,1.0109778655741898e-08,COMPLETE
528,0.11346719563007356,2025-04-07 15:48:48.452467,2025-04-07 15:49:10.595778,0 days 00:00:22.143311,0.12981928348543015,0.02707597789308641,16,0.13811975799114456,0.00073228074977102,0.010389571068725921,0.03181269853786709,0.02936635989083307,0.0659263329546872,6.713512332944139e-05,20,16,0.07287087631662614,0.14607675551003896,False,True,True,1.0419259836575297e-08,COMPLETE
529,0.48089736700057983,2025-04-07 15:49:10.758612,2025-04-07 15:49:33.330332,0 days 00:00:22.571720,0.1309657376225022,0.025931843241959802,16,0.14291026241204424,0.0006104543986687411,0.01245372667285676,0.032627468145551834,0.025057168480176726,0.06136810556391917,5.469165357831015e-05,21,10,0.07982772112861654,0.1432895886233862,False,False,True,1.0389433732111427e-08,COMPLETE
530,0.6380380749702453,2025-04-07 15:49:33.503050,2025-04-07 15:49:55.950675,0 days 00:00:22.447625,0.11387570979118633,0.01821581659603377,16,0.15213827516296402,0.0063658628596059245,0.00998718626795863,0.02982391743593457,0.027872796170071427,0.06754855479021896,6.927601085311695e-05,20,13,0.07620184529078275,0.14967148288696136,False,False,True,1.0887045524553437e-08,COMPLETE
531,0.6459954619407654,2025-04-07 15:49:56.113749,2025-04-07 15:50:18.600073,0 days 00:00:22.486324,0.1049077866197482,0.019134090568207605,16,0.1495282185902007,0.00020210197891307787,0.010197495251249343,0.029804454472015032,0.026776668619450918,0.0682003356986863,7.379828323426199e-05,20,12,0.07713789357441346,0.15023137676814516,False,False,True,1.2156495092165928e-08,COMPLETE
532,0.6499454736709595,2025-04-07 15:50:18.774688,2025-04-07 15:50:41.108603,0 days 00:00:22.333915,0.13682631704009102,0.024242832200329262,16,0.15713488653852212,0.0006118711366638746,0.009442690922480701,0.029893515488219922,0.028206616375776684,0.06731916050273314,8.521885207309643e-05,20,14,0.07594447163760967,0.15225038837743202,False,False,True,1.0247347061080355e-08,COMPLETE
533,0.6549810409545899,2025-04-07 15:50:41.270964,2025-04-07 15:51:03.701471,0 days 00:00:22.430507,0.14359839940805927,0.014508171173668075,16,0.1547666018885878,0.0001155618181065863,0.013560649136481938,0.02739040713918218,0.031373379288943445,0.06617976489787562,8.12303676834314e-05,19,17,0.07558039128918245,0.15556480008134704,False,False,True,1.0742461292976415e-08,COMPLETE
534,0.6501978516578675,2025-04-07 15:51:03.864085,2025-04-07 15:51:26.450516,0 days 00:00:22.586431,0.14068788058701415,0.024175359358046024,16,0.14474816360080367,0.0017190148397178303,0.01388408315966752,0.026053269754911932,0.027113927394532025,0.06461914414820479,6.697234241769425e-05,19,14,0.0750081224869061,0.1572985350232833,False,False,True,1.0135838002815111e-08,COMPLETE
535,0.654113519191742,2025-04-07 15:51:26.624413,2025-04-07 15:51:48.767806,0 days 00:00:22.143393,0.14286755534662623,0.01404389828891145,16,0.15942565310776616,0.0006678120856413129,0.014181249061523665,0.027049233663809378,0.03036425451703014,0.06445301992397125,9.826469376412452e-05,19,17,0.07540257423387549,0.1548545924954136,False,False,True,1.0056563499272639e-08,COMPLETE
536,0.6558722138404847,2025-04-07 15:51:48.933097,2025-04-07 15:52:11.389892,0 days 00:00:22.456795,0.13169703899788995,0.012486835407796807,16,0.14730778657802016,0.0012298159060260888,0.013754977508538466,0.025446054280629155,0.031818675228919624,0.06485678204241528,8.528349994891892e-05,19,16,0.07747986936172498,0.15566258130512448,False,False,True,1.0164766256774362e-08,COMPLETE
537,0.6548144340515136,2025-04-07 15:52:11.566789,2025-04-07 15:52:33.806435,0 days 00:00:22.239646,0.14481717353364387,0.010679354146557464,16,0.15392691185013083,0.0010236078817478966,0.014830836361451842,0.02455521110982632,0.03328602708377033,0.06320404283464454,9.013184561145341e-05,19,17,0.0740927470048646,0.155919229021755,False,False,True,1.0160695987090905e-08,COMPLETE
538,0.6497916340827942,2025-04-07 15:52:33.970134,2025-04-07 15:52:56.449628,0 days 00:00:22.479494,0.1441889968387367,0.012170097411571261,16,0.1590789331271803,0.0008521871279025804,0.014051146775835459,0.024813761630078278,0.03126500938583147,0.06233902937072501,6.561837211570366e-05,19,18,0.07280747211364759,0.16726048673585275,False,False,True,1.0298792882971887e-08,COMPLETE
539,0.6544071078300476,2025-04-07 15:52:56.614335,2025-04-07 15:53:18.853251,0 days 00:00:22.238916,0.1441210648827828,0.010719427472974203,16,0.1576096160736328,0.00023224219471725503,0.013887810237058497,0.02285769062231379,0.03289393485454282,0.06023356503919125,8.520445000222383e-05,19,17,0.0719221541848676,0.15716271661583975,False,False,True,1.0462285173832068e-08,COMPLETE
540,0.6450592279434204,2025-04-07 15:53:19.029692,2025-04-07 15:53:41.007170,0 days 00:00:21.977478,0.1788769251584579,0.012868858911404268,16,0.1552118261679613,0.0007337026497319606,0.01517147123085996,0.02298180750927223,0.03310341138567953,0.06278884658886998,8.211293329439447e-05,19,17,0.0730629587640411,0.16716577328996718,False,False,True,1.0016621454691198e-08,COMPLETE
541,0.5874102473258973,2025-04-07 15:53:41.172995,2025-04-07 15:54:03.203473,0 days 00:00:22.030478,0.14358270829864483,0.01473256588696796,16,0.17180279366796078,0.0016347812768529246,0.012067641910241948,0.025112697850625695,0.031494603400086245,0.0643115907077659,9.757726459390243e-05,19,13,0.07037971417709028,0.15331415043510882,False,False,True,1.0451896643470192e-08,COMPLETE
542,0.5986395239830017,2025-04-07 15:54:03.382711,2025-04-07 15:54:25.783210,0 days 00:00:22.400499,0.14678016757013868,0.018789609806018105,16,0.16191275509818787,0.001906721338333305,0.015239554428906022,0.02198211150620489,0.028592111532640484,0.059475733635549075,8.363343302128147e-05,19,19,0.07479197461494119,0.16309639938307982,False,False,True,1.0002298663122919e-08,COMPLETE
543,0.608230197429657,2025-04-07 15:54:25.949316,2025-04-07 15:54:47.803482,0 days 00:00:21.854166,0.13955167540957414,0.014772550223839885,16,0.1578608919473312,0.0005235237702834045,0.012998704072132631,0.025565129808901795,0.030734553882502368,0.0657950098758985,7.712059533133346e-05,19,9,0.07574600598962372,0.15753539031461777,False,False,True,1.004473582323408e-08,COMPLETE
544,0.6282665133476257,2025-04-07 15:54:47.980954,2025-04-07 15:55:09.871848,0 days 00:00:21.890894,0.18735938650312267,0.03223284062077832,16,0.14526268928227298,0.00027618675117085847,0.013521354106754967,0.024148481068714322,0.03402488665997206,0.061300450151804395,8.022593292459794e-05,18,14,0.07695463362395322,0.17173169344674485,False,False,True,1.2773112697143515e-08,COMPLETE
545,0.5852127432823182,2025-04-07 15:55:10.038294,2025-04-07 15:55:30.972040,0 days 00:00:20.933746,0.16347860987728816,0.010042078021979435,16,0.14753808377627617,0.0004900214027375761,0.01339015867918665,0.026804912267164013,0.027627193873348097,0.05616581042856111,9.155598735621037e-05,19,6,0.07187361895296603,0.16202805977500295,False,False,True,1.000138857356423e-08,COMPLETE
546,0.6529543280601502,2025-04-07 15:55:31.137967,2025-04-07 15:55:52.957279,0 days 00:00:21.819312,0.1482831764857025,0.03596495515019538,16,0.15454452029133284,0.004630054477688438,0.013945779827162535,0.027545971013675254,0.028954095684806093,0.06400393222968906,7.009664736054539e-05,18,17,0.07505954952866026,0.13987599697494627,False,False,True,1.2934220926584036e-08,COMPLETE
547,0.6596685647964478,2025-04-07 15:55:53.134864,2025-04-07 15:56:15.113351,0 days 00:00:21.978487,0.13957497329918145,0.03704710769836135,16,0.160222771851405,0.005318740542661044,0.014309312350600012,0.026999719991862174,0.030866074835540012,0.06476298086800256,9.436183820537883e-05,18,20,0.06812019993451844,0.1404323701616886,False,False,True,1.0041680576519827e-08,COMPLETE
548,0.6451922416687011,2025-04-07 15:56:15.281648,2025-04-07 15:56:37.182905,0 days 00:00:21.901257,0.1698908694167066,0.03488815687386942,16,0.16174041362723113,0.005266143308324592,0.013667306931303923,0.02657341136579962,0.030832194960923136,0.06317189860201823,9.21635368548913e-05,18,17,0.06969838128327854,0.13963818493679633,False,False,True,1.2660559314536776e-08,COMPLETE
549,0.6385268330574035,2025-04-07 15:56:37.363455,2025-04-07 15:56:59.673553,0 days 00:00:22.310098,0.1531104090040605,0.034819752665799265,16,0.16342574543018945,0.00012263208352602563,0.01483742042738433,0.02474419504158113,0.03511530128588489,0.06491867736222319,6.574107382427611e-05,18,20,0.07467804397964947,0.15309603266479016,False,False,True,1.2802966982609563e-08,COMPLETE
550,0.6540297627449037,2025-04-07 15:56:59.840906,2025-04-07 15:57:21.992484,0 days 00:00:22.151578,0.14036861135094048,0.010201290747213924,16,0.15659820031979443,0.00693214094206606,0.012127506002837237,0.021124945923514264,0.03230320511512111,0.06614391043094359,9.86347820668265e-05,19,16,0.07311067869619649,0.17898647626046435,False,False,True,1.0019807587800287e-08,COMPLETE
551,0.6308903694152832,2025-04-07 15:57:22.172701,2025-04-07 15:57:44.629591,0 days 00:00:22.456890,0.1361135704794864,0.01040086812917466,16,0.16929188736276451,0.006798655113638424,0.011741386249086511,0.021335433109525723,0.029244105376377016,0.06516021164085009,0.00010999736103261987,20,15,0.06773868463155464,0.18791487718632247,False,False,True,1.3039649330954402e-08,COMPLETE
552,0.6491879105567933,2025-04-07 15:57:44.798691,2025-04-07 15:58:07.437796,0 days 00:00:22.639105,0.1906773571298357,0.03446768794100454,16,0.1554350376379906,0.00653081349664452,0.011886832450440143,0.02723657843720181,0.03269405836062417,0.060334662849687866,9.587582986391215e-05,19,21,0.07840024886032053,0.13747092877824027,False,False,True,1.0174999917356536e-08,COMPLETE
553,0.642714524269104,2025-04-07 15:58:07.617899,2025-04-07 15:58:29.444073,0 days 00:00:21.826174,0.17214240128067387,0.035376867950765056,16,0.15417156881858088,0.006725276449922242,0.010574828010774097,0.019671711738404568,0.02967456123985818,0.06663010850166856,8.545156442170706e-05,18,16,0.07432684437963857,0.15670863004881244,False,False,True,1.272611732703742e-08,COMPLETE
554,0.6668056130409241,2025-04-07 15:58:29.614642,2025-04-07 15:58:52.483142,0 days 00:00:22.868500,0.13411502852154794,0.037032201894805626,16,0.14355506968443602,0.00631998944808023,0.009288180639278054,0.02293152688483613,0.036194195908087555,0.06452074445193315,0.00010166909205783512,20,24,0.07613355264258541,0.14698800873743414,False,False,True,1.0243016845482752e-08,COMPLETE
555,0.6627968788146973,2025-04-07 15:58:52.652463,2025-04-07 15:59:14.985608,0 days 00:00:22.333145,0.15743161471996348,0.03698096410919574,16,0.14937314077915034,0.007471587399639646,0.00822115668200402,0.021928254833234403,0.03806626372803715,0.06424412571611204,0.00011677702643837975,19,23,0.07142824173879708,0.14509354351379375,False,False,True,1.3008319866977278e-08,COMPLETE
556,0.6602143287658692,2025-04-07 15:59:15.167201,2025-04-07 15:59:37.149784,0 days 00:00:21.982583,0.15517431720321637,0.04228200145585053,16,0.14117348207330013,0.00848381672366755,0.008549581158179177,0.02215609404877677,0.03499625098244236,0.0634864325944037,0.00011473811019512738,18,23,0.07839873722466445,0.1453148555463774,False,False,True,1.3475177223516714e-08,COMPLETE
557,0.6485704183578491,2025-04-07 15:59:37.320314,2025-04-07 15:59:59.109031,0 days 00:00:21.788717,0.18168846197627858,0.041100474453811306,16,0.14433141142512523,0.008435916706333068,0.008313289175464764,0.022372759449535134,0.03537415890704993,0.06368174819631273,0.00012785717166684558,17,23,0.07862650128173375,0.14710879419313344,False,False,True,1.3138722321912173e-08,COMPLETE
558,0.6567420840263367,2025-04-07 15:59:59.292820,2025-04-07 16:00:21.334452,0 days 00:00:22.041632,0.1557513222945059,0.040168901050092874,16,0.14973717080703744,0.008301436171549997,0.007943171127257533,0.02094776180919579,0.037335265511861705,0.06009434245026706,0.00010189324569104891,18,20,0.06892563836732345,0.14463942297469662,False,False,True,1.2913280834196824e-08,COMPLETE
559,0.6376093983650208,2025-04-07 16:00:21.505287,2025-04-07 16:00:43.649149,0 days 00:00:22.143862,0.19732103727251354,0.01124556664591061,16,0.14803384467641378,0.009785146527773757,0.007621530531727471,0.018753424280525538,0.037290394260528055,0.06085092489903679,0.00010656841777913994,18,21,0.06959815410768212,0.14122494425621168,False,False,True,1.2988917646240137e-08,COMPLETE
