number,value,datetime_start,datetime_complete,duration,params_alpha-eval,params_alpha-train,params_batch-size,params_eps-eval,params_eps-train,params_lambda-actions-eval,params_lambda-actions-train,params_lambda-frames-eval,params_lambda-frames-train,params_learning-rate,params_n-epochs,params_n-frames,params_radius-gw,params_rho,params_std-feats,params_ub-actions,params_ub-frames,params_weight-decay,state
1960,0.5662108898162842,2025-04-08 02:33:06.434519,2025-04-08 02:33:41.676647,0 days 00:00:35.242128,0.10108710870724986,0.5583122840239678,8,0.17131485753434963,0.00612182282916061,0.031296555912324095,0.018085871870587297,0.07701916446172441,0.05286483097728519,0.0004142946954148978,28,32,0.06036750076489577,0.2894371562225917,False,False,True,1.7966821630122099e-06,COMPLETE
1961,0.5712534666061402,2025-04-08 02:33:42.326194,2025-04-08 02:34:18.496676,0 days 00:00:36.170482,0.05602586009954365,0.14968653494841822,8,0.18080663811815317,0.013378218728264564,0.03711522012892937,0.016390294355414607,0.0727472734730311,0.05108309142039161,0.007778745968998169,29,38,0.011574393474707866,0.2827829203538403,False,False,True,2.191589995674441e-06,COMPLETE
1962,0.5648436307907104,2025-04-08 02:34:19.116062,2025-04-08 02:34:43.450115,0 days 00:00:24.334053,0.12823651746272335,0.0759412255067511,8,0.186639345227409,0.0053695743011203095,0.03278190831762588,0.02005711927573761,0.0787394108363962,0.05590058015459319,0.000249015097843274,12,43,0.06675532960756249,0.2949373575492783,False,False,True,3.815583120114965e-06,COMPLETE
1963,0.48491755723953245,2025-04-08 02:34:44.092524,2025-04-08 02:35:10.416054,0 days 00:00:26.323530,0.029442850264855824,0.13179270096825346,8,0.16310418057581066,0.01737403114446128,0.03184587252134381,0.01650856720104416,0.0750221588926431,0.04917787665446754,0.00035177863188329923,14,136,0.0630038823007231,0.2744945600516622,False,False,True,1.4832079443985962e-06,COMPLETE
1964,0.6753817677497864,2025-04-08 02:35:11.066151,2025-04-08 02:35:45.955927,0 days 00:00:34.889776,0.08370826710083054,0.10414574745981825,8,0.15166870911058233,0.01083569481648631,0.04063804748163381,0.022479747952298727,0.07005530704387387,0.05439650250817321,0.00043619510242808463,27,34,0.0692404301468049,0.28726623695363224,False,False,True,2.8588158234803947e-06,COMPLETE
1965,0.27821712493896483,2025-04-08 02:35:46.578576,2025-04-08 02:36:11.822071,0 days 00:00:25.243495,0.8021498531364157,0.16691353522216107,8,0.15932412326662374,0.020718458842074915,0.03664847500420174,0.0186675888095637,0.08823811529966438,0.047566967067974454,0.0003134012359311434,13,36,0.059202300790155454,0.2805236677009339,False,False,True,6.135188797078989e-06,COMPLETE
1966,0.7020811438560486,2025-04-08 02:36:12.467932,2025-04-08 02:36:33.441531,0 days 00:00:20.973599,0.04374131318689078,0.12263987921409958,8,0.1725615919026137,0.005015104914291682,0.04345577348524539,0.01659648917270565,0.07562597832013868,0.004698858826578792,0.0002315515307391706,7,30,0.0646540684216022,0.290411863222648,False,False,True,2.0110363743405834e-06,COMPLETE
1967,0.6857734680175782,2025-04-08 02:36:34.095121,2025-04-08 02:37:25.313158,0 days 00:00:51.218037,0.06528332663482268,0.08681822541034262,2,0.15457675292522732,0.01313877457010098,0.048184253831309275,0.01961945616941181,0.08230968087391442,0.052126913770383046,0.0004929373779855757,12,27,0.0718326273894424,0.2693118518283825,False,False,True,4.69512074947422e-06,COMPLETE
1968,0.580733335018158,2025-04-08 02:37:25.941400,2025-04-08 02:37:51.983135,0 days 00:00:26.041735,0.025799775573163097,0.05534571152925595,8,0.1672442931012314,0.005765774002781086,0.034348244223872025,0.01550789380078357,0.07344532937966813,0.056061068859826424,0.0002819570999097996,14,40,0.062203633730004294,0.29997470033568485,False,False,True,3.2490395552035553e-06,COMPLETE
1969,0.7069770216941833,2025-04-08 02:37:52.635363,2025-04-08 02:38:16.465375,0 days 00:00:23.830012,0.07961869010826286,0.14743711210761365,8,0.14940526081832892,0.023943457560405113,0.03165634764153459,0.01666901770739543,0.07868750260906934,0.0456914783084138,0.0003613496131923306,11,34,0.06562359971550638,0.2859566671022778,False,False,True,1.2617380699075868e-06,COMPLETE
1970,0.6604751944541931,2025-04-08 02:38:17.089106,2025-04-08 02:38:51.956165,0 days 00:00:34.867059,0.048321232307502085,0.3555655725596776,8,0.17658269999651538,0.013670365831596927,0.029944227771325587,0.018360470888697297,0.07073283863137089,0.05077011190266681,0.0004094926679332993,27,37,0.05797751972133467,0.2792931291410608,False,False,True,2.4406915898338223e-06,COMPLETE
1971,0.10992974638938904,2025-04-08 02:38:52.603952,2025-04-08 02:39:17.231835,0 days 00:00:24.627883,0.10126793309615031,0.10660619672618996,8,0.1650832770705844,0.009467167047180883,0.03410314698884565,0.014999689751318577,0.0762727511196437,0.05348637370881047,0.0002709720204635977,13,31,0.060978341445710176,0.17280438573516324,True,True,True,1.5791488738756406e-06,COMPLETE
1972,0.5322403192520142,2025-04-08 02:39:17.881779,2025-04-08 02:39:43.679766,0 days 00:00:25.797987,0.0574708486920268,0.13415203251698432,8,0.16064705542475802,0.01791556232512142,0.02947496367421146,0.02082491653304822,0.07196445021790605,0.04929225864327392,0.0003185683988113878,14,47,0.05977282143165135,0.29465361795958445,False,False,True,4.235807592769154e-06,COMPLETE
1973,0.5987131118774414,2025-04-08 02:39:44.311312,2025-04-08 02:40:09.341103,0 days 00:00:25.029791,0.03859718246626505,0.08346744052978522,8,0.15667004074287005,0.0051399527719229576,0.0325026909663005,0.017559379437944934,0.0739411294255655,0.056586691661343,0.00020831505154993106,13,41,0.06835516659230381,0.27397479493857363,False,False,True,1.2121218656080222e-05,COMPLETE
1974,0.09381550252437593,2025-04-08 02:40:09.996183,2025-04-08 02:40:34.347459,0 days 00:00:24.351276,0.07844144943883045,0.1700571056874109,8,0.27103065856421654,0.011812106533455621,0.03608640945935654,0.024969472558897643,0.07723565535705412,0.05384438273390848,0.0005120272087463197,12,35,0.06325083506925738,0.26535962106088745,False,False,True,3.3068237421861492e-06,COMPLETE
1975,0.5717477560043336,2025-04-08 02:40:34.977320,2025-04-08 02:41:00.756978,0 days 00:00:25.779658,0.022463241641637616,0.026040419758404244,8,0.14898540438660132,0.005611112724196108,0.038218137668151186,0.01486648158639096,0.07321676445563458,0.05171045641442886,0.0003747911605385176,14,39,0.05762863440142567,0.2856181864014928,False,False,True,1.988051188042572e-06,COMPLETE
1976,0.677286434173584,2025-04-08 02:41:01.402871,2025-04-08 02:41:26.297368,0 days 00:00:24.894497,0.05640185165410303,0.11272007678170912,8,0.18296901992413522,0.022916108167459495,0.029096450039874655,0.016723906528886848,0.07982855314271475,0.04729820481919975,0.00016009070052806418,13,33,0.06585874808862226,0.19473312983524216,False,False,True,2.5952445038304776e-06,COMPLETE
1977,0.5507337927818299,2025-04-08 02:41:26.947650,2025-04-08 02:41:51.076957,0 days 00:00:24.129307,0.08276972735592916,0.07202975397110378,8,0.17310994852814696,0.01491717947786961,0.032191260106059404,0.022564035094177266,0.07482695199048149,0.05548002119841134,0.0002425298514935838,11,66,0.0282146019121612,0.28990560382031016,False,False,True,7.816891848240007e-06,COMPLETE
1978,0.5714551568031312,2025-04-08 02:41:51.703679,2025-04-08 02:42:17.545138,0 days 00:00:25.841459,0.10603588873274458,0.14728528126501428,8,0.15511195579494466,0.0003217967943854134,0.0342721708673643,0.020120597095338387,0.07711377583078627,0.05040516163566969,0.0004400563669301108,14,37,0.0035566308962712775,0.2813137903906819,False,False,True,5.448811135995834e-06,COMPLETE
1979,0.5380936980247498,2025-04-08 02:42:18.204911,2025-04-08 02:42:42.648074,0 days 00:00:24.443163,0.026473179573186144,0.12298062633430955,8,0.16643634636098442,0.024346074353937285,0.02986786742295649,0.014110667546533192,0.0703312719688362,0.05285217228615799,0.000312505638453548,12,43,0.061250225482088416,0.2952119508553868,False,False,True,1.6809077051707904e-06,COMPLETE
1980,0.6986784934997559,2025-04-08 02:42:43.272284,2025-04-08 02:43:05.506503,0 days 00:00:22.234219,0.0686843696019143,0.09325179059871333,8,0.15002981661468687,0.010604118003256367,0.03164085873266721,0.018570502652887705,0.07283654522527117,0.054767196752916816,0.0003722632241333582,9,28,0.06424254072279964,0.2759189210901036,False,False,True,3.393256296012927e-06,COMPLETE
1981,0.7171926379203797,2025-04-08 02:43:06.162224,2025-04-08 02:43:31.150534,0 days 00:00:24.988310,0.010057587362300918,0.13994248462531914,8,0.16126881692527245,0.01863422766481962,0.05513464740077937,0.015810905402256898,0.07606583737772782,0.056952624224291315,0.0005198293243213263,13,31,0.05741087889371346,0.2899133550671361,False,False,True,2.3961641604185576e-06,COMPLETE
1982,0.5180171132087708,2025-04-08 02:43:31.813715,2025-04-08 02:43:58.137257,0 days 00:00:26.323542,0.04451482419859036,0.16593199673104708,8,0.17768468563879292,0.005088957507042604,0.028197031528708696,0.013491953286673665,0.08047017210632995,0.04912936406639155,0.00020470872802047678,14,119,0.059763458473579625,0.29986376213042343,False,False,True,4.249951216066148e-06,COMPLETE
1983,0.5780367493629456,2025-04-08 02:43:58.764757,2025-04-08 02:44:23.797748,0 days 00:00:25.032991,0.05852717258562101,0.10523864489248254,8,0.16907558877072007,0.010069650686326478,0.03895107374345689,0.017395673178122326,0.06965912380037684,0.05253454229859305,0.00027305803215734305,13,39,0.06780278573918201,0.2843424188710639,False,False,True,1.2543522629847229e-06,COMPLETE
1984,0.5700606942176819,2025-04-08 02:44:24.443824,2025-04-08 02:44:49.496518,0 days 00:00:25.052694,0.03808365670748853,0.0521818927348932,8,0.15566990325586832,0.015758478372335544,0.036249376799173005,0.014778625943179927,0.07819103303434764,0.04703147951773373,0.00043893485131411543,13,34,0.0617540004261532,0.2805183707213064,False,False,True,2.6469827546581274e-06,COMPLETE
1985,0.6030156493186951,2025-04-08 02:44:50.158116,2025-04-08 02:45:14.771427,0 days 00:00:24.613311,0.41666382621869963,0.07342402908608817,8,0.14749653585694805,0.0003029501459621102,0.03094250281290407,0.020837045980919032,0.07435183483416359,0.050022361534648424,0.00035118059704169314,12,36,0.07390067885278231,0.29103206114743924,False,False,True,0.0007439716682636862,COMPLETE
1986,0.5891054391860961,2025-04-08 02:45:15.403293,2025-04-08 02:45:41.756946,0 days 00:00:26.353653,0.1152623039041126,0.12452560667865033,8,0.16221551085933322,0.005694750356450505,0.027479701167719774,0.011380567910920857,0.07144298259513052,0.05734065599563721,0.00029906139608471146,14,41,0.06548506568629617,0.2714259276620898,False,False,True,1.9017352635442859e-06,COMPLETE
1987,0.6982773661613465,2025-04-08 02:45:42.408998,2025-04-08 02:46:33.791438,0 days 00:00:51.382440,0.08882326325652577,0.09989670900714032,2,0.18617405331460174,0.017216681598407682,0.0297623233348524,0.018586477409676377,0.07463511287939985,0.045465153582938685,0.0005217990207713374,12,32,0.06998941006862071,0.2857804626501174,False,False,True,3.2720220574554416e-06,COMPLETE
1988,0.5696926474571228,2025-04-08 02:46:34.454577,2025-04-08 02:47:09.079131,0 days 00:00:34.624554,0.06749030315996664,0.16716955610322043,8,0.1719797006659029,0.01024655511851437,0.033919295188932025,0.016069273560550632,0.07642888782267368,0.05480268295278402,0.00024955172713074926,27,38,0.06334299882359899,0.2948689125766902,False,False,True,5.444976184591831e-06,COMPLETE
1989,0.1219237118959427,2025-04-08 02:47:09.713032,2025-04-08 02:47:46.802811,0 days 00:00:37.089779,0.040816462311283205,0.1503120893281937,8,0.14878325634696796,0.024365604452254493,0.03572905364779132,0.012834073961064507,0.0722497871692665,0.051530308246030034,0.00040161292305380914,30,45,0.057334829943741075,0.2779149939389695,False,True,True,1.4691995885054267e-06,COMPLETE
1990,0.4750533163547516,2025-04-08 02:47:47.455954,2025-04-08 02:48:07.167773,0 days 00:00:19.711819,0.026308029286454586,0.09207914182581754,8,0.19541765957537383,0.011942935461552805,0.04205369391865117,0.009699675304106448,0.07855759941842573,0.05363902165294536,0.00034466482419705924,5,35,0.059653900992640244,0.26550851483241955,True,False,True,1.1837577253238678e-06,COMPLETE
1991,0.48133041262626647,2025-04-08 02:48:07.826842,2025-04-08 02:48:34.407567,0 days 00:00:26.580725,0.08822881067747618,0.11974322854798866,8,0.15587031614637514,0.005489071549968137,0.027218311393018866,0.023273020283750778,0.08247713557391964,0.04869889156957132,0.00029407908985224765,14,145,0.06684709569755697,0.2851101193981992,False,False,True,2.0005178547705403e-06,COMPLETE
1992,0.5529642581939698,2025-04-08 02:48:35.042297,2025-04-08 02:49:00.008024,0 days 00:00:24.965727,0.05679705479477415,0.46363632018391376,8,0.16540101983896177,0.01875743285419524,0.032413763633077776,0.01943394862184708,0.07013788038282943,0.05696975877885042,0.0004350606486942781,13,27,0.06267848478510869,0.29209640456957103,False,False,True,3.6871925012169063e-06,COMPLETE
1993,0.6993709444999695,2025-04-08 02:49:00.664077,2025-04-08 02:49:26.161635,0 days 00:00:25.497558,0.07064499973749386,0.05937145635763894,8,0.1774797251396005,0.0053043296450485476,0.03370155406558524,0.014413052730493552,0.07485761447848796,0.05139268620392128,0.00022151295087425592,14,31,0.059070595621422535,0.2740933715543757,False,False,True,2.5837601578779013e-06,COMPLETE
1994,0.571042287349701,2025-04-08 02:49:26.797338,2025-04-08 02:49:52.065666,0 days 00:00:25.268328,0.04214965978153077,0.13099210736604638,8,0.16008483614229757,0.0002073411513300802,0.030516382863523303,0.01703185004402591,0.0728746198813426,0.05415741776032377,0.000542506951256742,13,37,0.06478586869515937,0.28095169283445154,False,False,True,4.774190992995656e-06,COMPLETE
1995,0.33318851590156556,2025-04-08 02:49:52.723389,2025-04-08 02:50:16.545922,0 days 00:00:23.822533,0.6983373381009649,0.08490010099078632,8,0.1486045686584916,0.012935207867568204,0.028263670489934372,0.015296047358587864,0.08095102943255804,0.055645766125037216,0.0003449783854215122,11,41,0.061405974117454916,0.2900202372141856,False,False,True,7.319465972005279e-06,COMPLETE
1996,0.5647741436958313,2025-04-08 02:50:17.205186,2025-04-08 02:50:42.196208,0 days 00:00:24.991022,0.12400017365927296,0.14987712481856147,8,0.16994288128250143,0.024902981580114485,0.03853985671194405,0.011827201548605091,0.07684202005894494,0.05008265188394629,0.0002587013603353346,12,34,0.05684722233544218,0.285787273520771,False,False,True,2.1003429325929226e-06,COMPLETE
1997,0.6635313034057617,2025-04-08 02:50:42.828053,2025-04-08 02:51:07.932474,0 days 00:00:25.104421,0.1015004130756099,0.39858529577271096,8,0.1541096952513786,0.009724445900035468,0.026851744686949935,0.01784135808434165,0.06962568257746997,0.046757065505018874,0.000169098165392737,13,30,0.07024263502975242,0.2789294742861267,False,False,True,2.6171540699344335e-06,COMPLETE
1998,0.5799350380897522,2025-04-08 02:51:08.585886,2025-04-08 02:51:34.413053,0 days 00:00:25.827167,0.025092797534836758,0.10892875528029813,8,0.16158523553342338,0.01858513752057114,0.04518936374886135,0.02172158905703602,0.07385202564724155,0.05273372591624328,0.00043790950229146715,14,39,0.06343265804100251,0.2914086615664332,False,False,True,1.4811955167656104e-06,COMPLETE
1999,0.6939799904823303,2025-04-08 02:51:35.078725,2025-04-08 02:51:58.094557,0 days 00:00:23.015832,0.05936187934135693,0.04731183512718021,8,0.187646840188809,0.005167203394180734,0.03155826845249333,0.013337333888920815,0.0787940614311715,0.057396488831821475,0.0003121626638614324,10,33,0.06629873711106829,0.271523558727971,False,False,True,3.1623570464574285e-06,COMPLETE
