number,value,datetime_start,datetime_complete,duration,params_alpha-eval,params_alpha-train,params_batch-size,params_eps-eval,params_eps-train,params_lambda-actions-eval,params_lambda-actions-train,params_lambda-frames-eval,params_lambda-frames-train,params_learning-rate,params_n-epochs,params_n-frames,params_radius-gw,params_rho,params_std-feats,params_ub-actions,params_ub-frames,params_weight-decay,state
728,0.7362284302711488,2025-04-20 22:43:17.664370,2025-04-20 22:43:37.480072,0 days 00:00:19.815702,0.3942711465046921,0.08227690643297085,16,0.11539103914332835,0.025741922081083564,0.054299108795612186,0.034816586714319024,0.010982802897802693,0.07928084378681453,6.455762333072923e-05,5,38,0.011944607381363492,0.29388045281171715,True,False,False,2.0374516642545394e-05,COMPLETE
729,0.46668879985809325,2025-04-20 22:43:37.717173,2025-04-20 22:43:57.516483,0 days 00:00:19.799310,0.638261862480097,0.045450732169556814,16,0.09071227199245024,0.005292984767748098,0.06081992395976316,0.03781221236207991,0.015162150980151936,0.07064873714964857,4.015171147932359e-05,6,30,0.05427497876762352,0.2424018205549912,False,False,False,1.5581483613677944e-06,COMPLETE
730,0.5391168594360352,2025-04-20 22:43:57.753890,2025-04-20 22:44:27.947588,0 days 00:00:30.193698,0.7296391992708767,0.12473853735835001,16,0.10779343326414184,0.01951019395166589,0.050084580012510926,0.031195025619992704,0.07301815820523405,0.03387369469173016,2.4354691682383625e-05,29,34,0.014600637801395295,0.25080405731584593,True,False,False,4.6554894032211756e-05,COMPLETE
731,0.4847239971160889,2025-04-20 22:44:28.172015,2025-04-20 22:44:48.559851,0 days 00:00:20.387836,0.8000364118319336,0.0715224729858916,16,0.16878808443101428,0.010252456758366743,0.05757733725317009,0.029952634978508322,0.07722529627902909,0.06753115178830903,5.26981584551242e-05,7,25,0.00461405421112175,0.2617244065714256,True,False,False,2.5985861525668587e-05,COMPLETE
732,0.7266472816467285,2025-04-20 22:44:48.798513,2025-04-20 22:45:08.918327,0 days 00:00:20.119814,0.9237199394699281,0.09613026080772719,16,0.12101616925633643,0.016706947327064736,0.05541507889172091,0.015379042223024211,0.054440888639460006,0.0491311840882986,3.001968342034737e-05,5,32,0.008640782803484497,0.2743675462653138,True,False,False,2.0245931338653886e-06,COMPLETE
733,0.5276608467102051,2025-04-20 22:45:09.144260,2025-04-20 22:45:28.746687,0 days 00:00:19.602427,0.2702485834673186,0.05702428692968895,16,0.10169285687994065,0.02306096394413546,0.06343732237097352,0.03397746543441323,0.004262635196544351,0.04183684719225749,3.797524702705976e-05,5,37,0.006462202250684958,0.2529895702699337,True,False,False,3.731870773981822e-05,COMPLETE
734,0.6491289138793945,2025-04-20 22:45:28.983406,2025-04-20 22:45:48.782445,0 days 00:00:19.799039,0.9567487427823518,0.030328638376388904,16,0.1603917521679112,0.004368405433726994,0.05974533152895872,0.022000881408445822,0.06300603003982441,0.061388178371245626,2.4857245437731146e-05,6,28,0.01704140179656332,0.2862988238992023,True,False,False,5.9234464013703616e-05,COMPLETE
735,0.09069270193576813,2025-04-20 22:45:49.023177,2025-04-20 22:46:08.440795,0 days 00:00:19.417618,0.8227526513600475,0.10323879943538795,16,0.1518245992135849,0.0005609588176499394,0.0609794515204964,0.02615129847269935,0.06753623339563951,0.06567824088745516,2.035752980046416e-05,6,43,0.0206795864623668,0.265753590684023,True,False,False,2.4023406179056516e-06,COMPLETE
736,0.5704984307289124,2025-04-20 22:46:08.666800,2025-04-20 22:46:28.171492,0 days 00:00:19.504692,0.12110143106125382,0.1387638744251835,16,0.1109188475830471,0.010750443474221221,0.057260658844369684,0.09581528292188372,0.058639559746834415,0.06899179708244477,6.521060919265065e-05,5,12,0.010473858173832555,0.24266517211196675,True,False,False,6.0856782456823195e-06,COMPLETE
737,0.18871991336345673,2025-04-20 22:46:28.412407,2025-04-20 22:47:06.837620,0 days 00:00:38.425213,0.6784858455734534,0.07289711238461852,2,0.12927049655734194,0.01599430644180897,0.05451744684857908,0.03578732526837662,0.0660038786981148,0.0634822038126596,1.5479245431188274e-05,7,34,0.014014184854350537,0.2487011900297349,True,True,False,2.7963765445710015e-06,COMPLETE
738,0.734610915184021,2025-04-20 22:47:07.066573,2025-04-20 22:47:34.043667,0 days 00:00:26.977094,0.5060365979921676,0.04500450049638784,16,0.11931550368005518,0.027133491188124442,0.051229108990561614,0.027892466042018667,0.061777294375056274,0.038497516836199806,3.38991568248124e-05,22,39,0.003785387203731749,0.2585339122458546,True,False,False,1.394699363172344e-06,COMPLETE
739,0.42283595204353336,2025-04-20 22:47:34.281908,2025-04-20 22:47:53.851771,0 days 00:00:19.569863,0.2314232545364876,0.45996979567436685,16,0.0964904674446566,0.1980608717588518,0.06359834037725415,0.040435246160764285,0.07144356109922344,0.0134325535317879,4.26829774024342e-05,5,30,0.008375451216845837,0.29256124558196495,True,False,False,1.203311060041005e-05,COMPLETE
740,0.3885110437870026,2025-04-20 22:47:54.094845,2025-04-20 22:48:14.027430,0 days 00:00:19.932585,0.7470336890724413,0.11557757024510287,16,0.1399731902496746,0.01992632949358937,0.058762927444613776,0.032299149910792344,0.0649556782221148,0.028907822786962627,5.0930194080672556e-05,6,64,0.01208576455805864,0.24045011649185707,False,False,False,3.4385219441180994e-06,COMPLETE
741,0.6070475697517396,2025-04-20 22:48:14.256803,2025-04-20 22:48:34.195983,0 days 00:00:19.939180,0.7854086983115522,0.010798927023380738,16,0.10347046492390768,0.03362474430012012,0.061691027538709246,0.03030991575195624,0.07535568871473622,0.044867740094502936,0.0004888133897850672,5,36,0.006015337222546292,0.24648156590649128,True,False,False,3.167132371125878e-05,COMPLETE
742,0.4969610095024109,2025-04-20 22:48:34.438008,2025-04-20 22:48:55.556520,0 days 00:00:21.118512,0.8537231516751311,0.08856238912839837,16,0.11287729838601245,0.04498481462289368,0.055992704098610034,0.03454525249091994,0.018305452540218592,0.051955385291892406,2.7504883568137885e-05,7,46,0.025831184054477315,0.14738564059566922,True,False,False,7.084997786140078e-05,COMPLETE
743,0.70133535861969,2025-04-20 22:48:55.787791,2025-04-20 22:49:15.810497,0 days 00:00:20.022706,0.7698334694157887,0.06397912283760655,16,0.12216094243484378,0.009909622612469419,0.05321519790488356,0.03801861965372503,0.08139864156255211,0.0821783776287716,1.9387091854986896e-05,6,21,0.010013148071689149,0.25363194534279104,True,False,False,5.296833254812959e-05,COMPLETE
744,0.5822375893592835,2025-04-20 22:49:16.051967,2025-04-20 22:49:37.860226,0 days 00:00:21.808259,0.7162463535727565,0.04241626408309709,8,0.15642275289172425,0.014836386071788818,0.059028042243013286,0.026741610335825346,0.045451517910591585,0.07516499096370569,3.288636996535556e-05,5,33,0.016072594486416156,0.2790886845330291,True,False,False,4.324457131490212e-05,COMPLETE
745,0.09441995024681092,2025-04-20 22:49:38.103394,2025-04-20 22:49:55.941553,0 days 00:00:17.838159,0.44488520270958304,0.08915703180118245,16,0.10928261705191888,0.00614970943428182,0.06202696161560394,0.03268325343795506,0.01541568615382218,0.0211099812903942,2.2852378343595823e-05,5,40,0.007687970211830224,0.2691428463851947,True,False,True,1.7481397524876378e-06,COMPLETE
746,0.6607322812080384,2025-04-20 22:49:56.169121,2025-04-20 22:50:24.992814,0 days 00:00:28.823693,0.7478504007253346,0.11412261488100386,16,0.13066223459826173,0.02242937413907453,0.057125904038884595,0.04199321379315449,0.05583386377488334,0.07173626449669862,4.264302973252476e-05,25,30,0.01948548102624007,0.2600764104898587,True,False,False,2.267443670789609e-05,COMPLETE
747,0.49745230674743657,2025-04-20 22:50:25.235644,2025-04-20 22:50:45.492993,0 days 00:00:20.257349,0.6924863062127773,0.15489895482304017,16,0.11705177163991064,0.029461457413267122,0.04768038038876069,0.02997882625656668,0.07361034116034852,0.06763628718806386,6.085472385229806e-05,6,35,0.05764356995722768,0.247943632248674,True,False,False,4.0122240439020625e-06,COMPLETE
748,0.09069270193576813,2025-04-20 22:50:45.721214,2025-04-20 22:51:04.876987,0 days 00:00:19.155773,0.4658082984179416,0.032031473112050846,16,0.10267206793917942,0.00034142943853999845,0.055003589628344056,0.03656689065356042,0.06102257402073068,0.055164509831647876,2.9496556982823877e-05,6,27,0.004452179641944944,0.2872422817772744,True,False,False,1.1665912462391993e-06,COMPLETE
749,0.7849804282188416,2025-04-20 22:51:05.122139,2025-04-20 22:51:24.726214,0 days 00:00:19.604075,0.6534561103650944,0.06139521121646462,16,0.14788289093663765,0.013451220962095644,0.05983459987479619,0.017688664308996592,0.06827911101967428,0.06051867101710071,3.690137756383477e-05,5,38,0.013600683936238566,0.24132729020516086,True,False,False,4.571881404697162e-05,COMPLETE
750,0.5314898729324341,2025-04-20 22:51:24.971130,2025-04-20 22:51:44.550947,0 days 00:00:19.579817,0.6426557613865062,0.055243601348562765,16,0.14833110082606837,0.008387598671453552,0.05925206696289434,0.019382054974595955,0.04101612803101871,0.06394804877370598,3.659760004547409e-05,5,42,0.01498482730592837,0.19930462305046504,True,False,False,3.696121416563059e-05,COMPLETE
751,0.4666208028793335,2025-04-20 22:51:44.780484,2025-04-20 22:52:04.316577,0 days 00:00:19.536093,0.6508885209308878,0.026522378070033208,16,0.14712020414516588,0.011489164966745933,0.06069197845591276,0.02087261656572427,0.06865046640285685,0.09087915167710413,2.7072410662655768e-05,5,38,0.016796118684586196,0.24251981853544285,False,False,False,4.8483865039832344e-05,COMPLETE
752,0.3531598448753357,2025-04-20 22:52:04.560434,2025-04-20 22:52:24.937199,0 days 00:00:20.376765,0.6258445260695076,0.053367507200932654,16,0.153286839910404,0.014288752247022711,0.05712690517277035,0.01397719309379439,0.06846130287286747,0.06206040885118579,3.687835431188675e-05,5,94,0.013030849074709392,0.264714392921911,True,False,False,6.321080463945169e-05,COMPLETE
753,0.42526770234107975,2025-04-20 22:52:25.169954,2025-04-20 22:52:44.867175,0 days 00:00:19.697221,0.6597433055157946,0.06652700414305429,16,0.1399973520150921,0.18454062900340057,0.059558229032208546,0.018210666521159807,0.07007409528593306,0.06546529603138153,3.056393377687517e-05,5,44,0.012831207062246,0.29504838484113194,True,False,False,2.998952226392443e-05,COMPLETE
754,0.7882190823554993,2025-04-20 22:52:45.109820,2025-04-20 22:53:04.958175,0 days 00:00:19.848355,0.6732109505748086,0.03976232175097108,16,0.1613382304124636,0.008939272095749316,0.061819153941563856,0.02216976707539547,0.04830484687248367,0.03025115760188782,2.2321226805286946e-05,5,40,0.015387333656583239,0.1574122196415912,True,False,False,4.29160425346728e-05,COMPLETE
755,0.5241233229637146,2025-04-20 22:53:05.204642,2025-04-20 22:53:24.999064,0 days 00:00:19.794422,0.664605744765657,0.027662297768170273,16,0.1614847044029068,0.004393136866311415,0.05817302373291938,0.01316272331172648,0.04402494060535452,0.030791195288266678,1.775085715765443e-05,5,42,0.016266909466492376,0.2731104971997051,True,False,False,3.589678988713788e-05,COMPLETE
756,0.5846045017242432,2025-04-20 22:53:25.234577,2025-04-20 22:53:44.834065,0 days 00:00:19.599488,0.6410971494845896,0.011476902147866695,16,0.1661515784264623,0.0004995786337321593,0.06041705791241172,0.022163177188401852,0.06635635998212137,0.02817768180731932,1.412839296782796e-05,5,49,0.014404728948983217,0.15350670294570712,True,False,False,2.9058289894272828e-05,COMPLETE
757,0.5197019696235657,2025-04-20 22:53:45.081692,2025-04-20 22:54:05.179843,0 days 00:00:20.098151,0.6648631323317241,0.04203737316079315,16,0.15691177734027514,0.007436080163158127,0.055593473545316005,0.019738311172387245,0.07184007721394922,0.03217521015348789,2.2060820343910747e-05,6,41,0.017368757397973486,0.13888625167604393,True,False,False,4.299879031432936e-05,COMPLETE
758,0.5490403652191163,2025-04-20 22:54:05.427418,2025-04-20 22:54:25.028629,0 days 00:00:19.601211,0.6863775455589902,0.02705507032383394,16,0.17131369333055516,0.008454086917058767,0.06190969914445513,0.01978104936353045,0.06421376168373231,0.026340730955219382,2.140508463330099e-05,5,47,0.018129836280383452,0.18034320072866797,True,False,False,4.33267659857258e-05,COMPLETE
759,0.22255998551845552,2025-04-20 22:54:25.261946,2025-04-20 22:54:43.571546,0 days 00:00:18.309600,0.632672621991443,0.0447944352130836,16,0.16279538215397016,0.005337635539030339,0.057593884553959376,0.015461077724853209,0.06774404562592591,0.03031165382045101,2.3563237947338212e-05,6,39,0.015277391489176496,0.10319430003043531,True,True,False,2.5117451755081884e-05,COMPLETE
760,0.6137786388397217,2025-04-20 22:54:43.819542,2025-04-20 22:56:39.773588,0 days 00:01:55.954046,0.6785628944092083,0.02663620730956558,2,0.1742011257072404,0.01461478994608658,0.05266552812016933,0.015843427495192484,0.051861253639624884,0.032862410479510676,2.671406470027042e-05,30,44,0.02277457885159535,0.11900573619895499,True,False,False,1.777028313860503e-05,COMPLETE
761,0.38912191390991213,2025-04-20 22:56:40.007566,2025-04-20 22:57:01.827158,0 days 00:00:21.819592,0.6615200948090102,0.055826084073715206,16,0.15835578005355017,0.010839113204667038,0.05952040261171661,0.020872530852775028,0.06511209891789066,0.03454120258583709,1.7894318663214805e-05,5,145,0.017875447155196452,0.2938916565872601,True,False,False,3.1425357881681455e-05,COMPLETE
762,0.5405607700347901,2025-04-20 22:57:02.074605,2025-04-20 22:57:21.845092,0 days 00:00:19.770487,0.6221215588813013,0.5743876934556494,16,0.15556697581382506,0.004775864507599018,0.05575047296310211,0.022482059071885156,0.05069085674288949,0.028680489059503576,3.185892908108644e-05,5,40,0.014403128071447533,0.2992727115126267,True,False,False,5.113288614176732e-05,COMPLETE
763,0.44381843805313115,2025-04-20 22:57:22.093723,2025-04-20 22:57:42.066146,0 days 00:00:19.972423,0.6818405240474329,0.04081360425751476,16,0.1502504811801387,0.013694378379031692,0.06268446168962129,0.02075561610602561,0.06894746917112911,0.030696886487969127,1.5868782362928905e-05,6,38,0.01945201541817775,0.16393479657754917,False,False,False,3.768264627153538e-05,COMPLETE
764,0.44384688735008243,2025-04-20 22:57:42.301243,2025-04-20 22:58:01.865290,0 days 00:00:19.564047,0.6971767471390978,0.011501826595629427,16,0.1669479511162453,0.010386343599048395,0.057905142354412596,0.022081460983027164,0.07115422034221824,0.03629128007305885,2.4248094343768853e-05,5,41,0.013643088792848004,0.2822860362392261,True,False,False,5.3984616975650606e-05,COMPLETE
765,0.09846304655075075,2025-04-20 22:58:02.116743,2025-04-20 22:58:20.415057,0 days 00:00:18.298314,0.647412518774193,0.5082439740895135,16,0.14309850589033976,0.0003098498095993017,0.04978350463261614,0.017676915312173438,0.06610956420735045,0.024327527466308778,2.038690709880523e-05,6,46,0.015914972839104223,0.08394171425601121,True,False,True,2.350926412549787e-05,COMPLETE
766,0.5691097140312195,2025-04-20 22:58:20.651916,2025-04-20 22:58:40.109259,0 days 00:00:19.457343,0.6696300199472663,0.06910209398190169,16,0.14872350101088783,0.018549549888291127,0.06076942307601373,0.023832975877002022,0.04737158755036566,0.03353124527405308,3.87856227446919e-05,5,18,0.012441419379869784,0.2568381022104928,True,False,False,3.7049825845370785e-05,COMPLETE
767,0.5699933767318726,2025-04-20 22:58:40.356659,2025-04-20 22:59:00.178819,0 days 00:00:19.822160,0.7024042972294872,0.04870173364469395,16,0.16368053001864863,0.014269204134003914,0.05387499765388633,0.018750277127048083,0.04730735750852589,0.030235983982275706,2.720413544421764e-05,6,37,0.013570214467274928,0.13014938774668025,True,False,False,2.216962068789023e-06,COMPLETE
768,0.3865518391132355,2025-04-20 22:59:00.429158,2025-04-20 22:59:27.365274,0 days 00:00:26.936116,0.680480304202531,0.07519962537431106,16,0.1497147847247343,0.0063105726145105375,0.0586484123527807,0.01713658392219728,0.07008827686055852,0.02698899218474753,3.2416775853144564e-05,21,44,0.019904716240790495,0.18729238495148376,True,False,False,4.599023275957938e-05,COMPLETE
769,0.5705253481864929,2025-04-20 22:59:27.603133,2025-04-20 22:59:49.837530,0 days 00:00:22.234397,0.650092351715841,0.06003374542141407,8,0.15609902825197075,0.01778086370759269,0.05593252175435074,0.016637257949978786,0.06402067013000712,0.0325340980946935,4.301535574533163e-05,5,87,0.01185400068828572,0.0629416079526926,True,False,False,3.1165990807175255e-05,COMPLETE
770,0.6529707789421082,2025-04-20 22:59:50.087900,2025-04-20 23:00:20.155914,0 days 00:00:30.068014,0.7063302066167715,0.03079348154366768,16,0.1797500153553879,0.010657340352556792,0.06150547498730338,0.024434099506659597,0.07390004023035103,0.028541260430084855,2.658504876332031e-05,28,36,0.01580836059343569,0.11404511403007135,True,False,False,1.5475036455908482e-05,COMPLETE
771,0.7476844549179078,2025-04-20 23:00:20.407654,2025-04-20 23:00:40.559032,0 days 00:00:20.151378,0.6814115032943316,0.010033145397122079,16,0.14351210445050935,0.004983094138159224,0.05185772869806151,0.018309325511338903,0.06700394855522737,0.014896334965157448,3.553592730697675e-05,6,40,0.017516205913190454,0.0916735523005758,True,False,False,8.427973323721592e-07,COMPLETE
772,0.6363099932670594,2025-04-20 23:00:40.798212,2025-04-20 23:01:00.570857,0 days 00:00:19.772645,0.706295909279536,0.06807374349051673,16,0.16023068251066613,0.01664215449205713,0.0641251127671301,0.02323411379749601,0.06341081115120678,0.03484065380802297,3.0050082557825307e-05,5,33,0.011365561750810495,0.16018703881357657,True,False,False,2.6102561110475774e-06,COMPLETE
773,0.5976440668106079,2025-04-20 23:01:00.820919,2025-04-20 23:01:20.937113,0 days 00:00:20.116194,0.6611731471497111,0.08592883957551634,16,0.1679264039490775,0.0003877537312930758,0.05704594179705681,0.014388298898097568,0.0770813747548195,0.03093157117202791,1.2214368233838628e-05,6,36,0.01287235979339745,0.28791655746979633,True,False,False,2.0957916030435237e-05,COMPLETE
774,0.4146031975746155,2025-04-20 23:01:21.174751,2025-04-20 23:01:40.934984,0 days 00:00:19.760233,0.6195375192620757,0.034563129108131176,16,0.15073573621340763,0.0205106823237629,0.05980987344188605,0.02084969012875511,0.07242238347008544,0.027369685959039214,1.998120561931569e-05,5,39,0.015327155283525103,0.16853195060473652,False,False,False,4.690898454971039e-06,COMPLETE
775,0.6144326806068421,2025-04-20 23:01:41.188701,2025-04-20 23:02:01.756664,0 days 00:00:20.567963,0.7146348766171483,0.047735372608034524,16,0.17537867449931033,0.009374372217374994,0.05415066417610349,0.013118481917645504,0.057201670169416956,0.07010519445426514,2.3397575754819556e-05,6,33,0.02152500024267333,0.07877249426746184,True,False,False,4.345770507146326e-05,COMPLETE
776,0.18965622782707214,2025-04-20 23:02:02.011570,2025-04-20 23:02:20.089235,0 days 00:00:18.077665,0.6897944362761211,0.3888400178038155,16,0.15467133952323847,0.015371237445446547,0.06258591035842381,0.02242096482675926,0.060945306805951505,0.022590411301284547,4.9254487370535015e-05,5,78,0.010842190471380577,0.2632567841503749,True,True,False,1.7954098277037855e-06,COMPLETE
777,0.5629749774932862,2025-04-20 23:02:20.329193,2025-04-20 23:02:39.864566,0 days 00:00:19.535373,0.6702472508932648,0.08144230003025439,16,0.14498623498559157,0.009888057347462804,0.057521548093462986,0.02455553800966473,0.053274387963869324,0.07804811631290401,3.8498221134546157e-05,5,24,0.01826375951883786,0.03560009662040288,True,False,False,5.9128277511586126e-05,COMPLETE
778,0.5212230205535889,2025-04-20 23:02:40.116388,2025-04-20 23:03:00.305959,0 days 00:00:20.189571,0.7271219450814258,0.0588543576338639,16,0.16877240664035373,0.017861930498815588,0.043533651879012106,0.017084340041540448,0.042640337440179615,0.03723890047830263,2.8341144013361896e-05,6,42,0.01431891396133855,0.2708634011345948,True,False,False,8.018364463178579e-06,COMPLETE
779,0.6715277671813966,2025-04-20 23:03:00.560886,2025-04-20 23:03:20.144101,0 days 00:00:19.583215,0.8971258576211882,0.09727202702183775,16,0.18640096394226785,0.02291790875950782,0.05999500425459836,0.011390564532243033,0.06897431766241176,0.02451116690214194,1.714968804058325e-05,5,36,0.010699021462827408,0.25372743948778154,True,False,False,3.280337933964661e-06,COMPLETE
780,0.354916512966156,2025-04-20 23:03:20.383162,2025-04-20 23:03:41.246188,0 days 00:00:20.863026,0.6522900500663821,0.04735223819180188,16,0.1616859651392723,0.1086595785573375,0.05549277153868051,0.09472618793161142,0.06572531333817891,0.039897892558219114,4.33204711426492e-05,6,74,0.07970653191144135,0.25970775486821107,True,False,False,3.2813898990781014e-05,COMPLETE
781,0.5392982244491578,2025-04-20 23:03:41.498021,2025-04-20 23:04:01.062776,0 days 00:00:19.564755,0.7036642427374193,0.07620662720425445,16,0.09042538462906466,0.006254827375242761,0.051577298659644194,0.09762570371678146,0.0399596654542784,0.0731597409931159,2.4253236519362204e-05,5,31,0.016059351780876557,0.27635930329370234,True,False,False,2.747215148756515e-05,COMPLETE
782,0.4019094407558441,2025-04-20 23:04:01.319961,2025-04-20 23:04:38.982975,0 days 00:00:37.663014,0.7198289807770109,0.8825072039625947,2,0.1392871837315217,0.012710066016020422,0.05884804497247975,0.019458630689919394,0.07533419159719391,0.029914845410164065,3.41824962567975e-05,5,51,0.014018189382110663,0.2531355967333689,True,False,False,1.0595700260823624e-06,COMPLETE
783,0.09069270193576813,2025-04-20 23:04:39.223960,2025-04-20 23:04:58.552531,0 days 00:00:19.328571,0.6763505948204613,0.034145758208818835,16,0.0972632092441153,0.00017925874198614945,0.02907489798408017,0.023700297621787974,0.06214454224437675,0.03247395755066776,3.05128255402471e-05,6,38,0.01999805744125534,0.24084069652846676,True,False,False,5.6397527626397985e-05,COMPLETE
