number,value,datetime_start,datetime_complete,duration,params_alpha-eval,params_alpha-train,params_batch-size,params_eps-eval,params_eps-train,params_lambda-actions-eval,params_lambda-actions-train,params_lambda-frames-eval,params_lambda-frames-train,params_learning-rate,params_n-epochs,params_n-frames,params_radius-gw,params_rho,params_std-feats,params_ub-actions,params_ub-frames,params_weight-decay,state
1904,0.5602295398712158,2025-04-08 02:02:59.966153,2025-04-08 02:03:25.027290,0 days 00:00:25.061137,0.22884750062195436,0.15918078213736087,8,0.1834478011699221,0.014692759152338947,0.031739931344086224,0.02449379055952584,0.07856752945051566,0.05709575003586239,0.0003876909773998732,13,35,0.0692590940035233,0.2853282599326161,False,False,True,9.487079325834923e-06,COMPLETE
1905,0.09012317657470705,2025-04-08 02:03:25.655388,2025-04-08 02:03:49.672150,0 days 00:00:24.016762,0.029569213307229357,0.04243405889708193,8,0.15474326806421732,0.13069713665980143,0.042594426678752344,0.020465477211063794,0.07291784193155712,0.05338668972658272,0.00018721812530596326,12,31,0.05847112739096082,0.2717334229301387,False,False,True,2.2250639088614584e-06,COMPLETE
1906,0.665941035747528,2025-04-08 02:03:50.282053,2025-04-08 02:04:15.424545,0 days 00:00:25.142492,0.08455972338980422,0.13559558614944067,8,0.16612281036510904,0.005471665132418234,0.033971510869968136,0.01750378917697793,0.0808002915443575,0.05119453144640603,0.0002987228200709525,13,34,0.06279857529556233,0.29404427834667546,False,False,True,5.462629165338491e-06,COMPLETE
1907,0.5766749978065491,2025-04-08 02:04:16.056518,2025-04-08 02:04:42.154597,0 days 00:00:26.098079,0.0464065798445079,0.11029609659516434,8,0.1494785317629206,0.011129702286560062,0.03580208882297604,0.015157408828340442,0.07532445895212896,0.06268154675905227,0.0004261414993334379,14,40,0.06596343002630858,0.28441091160585436,False,False,True,3.0482663161028377e-06,COMPLETE
1908,0.5773232221603394,2025-04-08 02:04:42.765031,2025-04-08 02:05:08.184129,0 days 00:00:25.419098,0.0751444238106241,0.08925369026515113,8,0.15850237597299757,0.01810001441083974,0.029812551051591123,0.00942859289148503,0.0769832786726658,0.05914264761918134,0.0002516722793358848,13,37,0.060729966033123396,0.26629653982788354,False,False,True,1.5562741366471347e-06,COMPLETE
1909,0.5712534666061402,2025-04-08 02:05:08.821027,2025-04-08 02:05:34.906443,0 days 00:00:26.085416,0.026998850591172633,0.14362901833506755,8,0.17509792786515743,0.005713648526898037,0.02778687854744112,0.013037482252868464,0.07152137685155695,0.05509654134369555,0.0003298425249569704,14,45,0.05884214528354345,0.2771234011239354,False,False,True,3.627843694200538e-06,COMPLETE
1910,0.5681017994880677,2025-04-08 02:05:35.512492,2025-04-08 02:05:59.992826,0 days 00:00:24.480334,0.10019837633233916,0.05441156009211624,8,0.149218666364248,0.021224729639574506,0.032735034025358094,0.018803647354871396,0.07395327197438402,0.04980659161464328,0.006310571752951529,12,32,0.06427949805782425,0.2996939986936058,False,False,True,2.273164586055844e-06,COMPLETE
1911,0.08494824469089508,2025-04-08 02:06:00.635584,2025-04-08 02:06:26.413754,0 days 00:00:25.778170,0.06277046028456408,0.8680096590924637,8,0.171968927530034,0.19314873618711165,0.04610510778483079,0.016111895755045257,0.08413192364880273,0.05639104515604688,0.0005142229279401019,14,36,0.06877958936810777,0.28946330365465117,False,False,True,1.3788984705459758e-06,COMPLETE
1912,0.6392860531806946,2025-04-08 02:06:27.029166,2025-04-08 02:06:52.010711,0 days 00:00:24.981545,0.05226946517931233,0.1612670778309926,8,0.20216773955821818,0.010845223916048023,0.03809277447590641,0.012013362404771657,0.05905361438051616,0.09963378645125523,0.0003825464762599223,13,28,0.05837572592174263,0.28206284431475703,False,False,True,2.7741446162168225e-06,COMPLETE
1913,0.18370011746883394,2025-04-08 02:06:52.647914,2025-04-08 02:07:16.952074,0 days 00:00:24.304160,0.026925590472455713,0.12479036353893612,8,0.16323063069849506,0.005374219767973834,0.030494354589860183,0.014489406188947533,0.0790295194288564,0.05374473098115792,0.00028436984460984596,12,42,0.06198892671492965,0.29315295554965815,False,True,True,4.6617984822029146e-06,COMPLETE
1914,0.20170450508594515,2025-04-08 02:07:17.563186,2025-04-08 02:07:40.900916,0 days 00:00:23.337730,0.9478132804337704,0.09827864811652268,8,0.15684578256893872,0.015496600639383844,0.027323085764255482,0.02122825316393554,0.082153199151422,0.05916142858154401,0.000214231314960684,10,39,0.06593949649326238,0.2756731754121363,True,False,True,1.967532697389322e-06,COMPLETE
1915,0.5689842104911804,2025-04-08 02:07:41.538379,2025-04-08 02:08:06.626047,0 days 00:00:25.087668,0.0850783091342946,0.07503566794695907,8,0.1675426868898694,0.010035093954862954,0.034387969782572844,0.01758394129581696,0.0713729671442523,0.047754795857182855,0.00042724531558498434,13,34,0.060974706883188165,0.2864263211353993,False,False,True,6.190482003761887e-06,COMPLETE
1916,0.5254788637161255,2025-04-08 02:08:07.235822,2025-04-08 02:08:33.129793,0 days 00:00:25.893971,0.11625193352126403,0.133700402241602,8,0.18057755912760587,0.023300745868649896,0.027969675451203994,0.013161723804023194,0.07553419518671807,0.05225907510722321,0.000324495206728285,14,48,0.0643352223738828,0.2950145532255015,False,False,True,1.270027057918411e-06,COMPLETE
1917,0.19879156649112703,2025-04-08 02:08:33.763923,2025-04-08 02:08:56.276013,0 days 00:00:22.512090,0.9989807061400093,0.1612695155223934,8,0.15033442840583117,0.00027964746324371775,0.02917021979592823,0.009903063063580173,0.07461426323132285,0.06150567711958362,0.0005088668565240939,11,8,0.05933040364857165,0.2790171748649522,False,False,True,3.4843716898663654e-06,COMPLETE
1918,0.5686681270599365,2025-04-08 02:08:56.889678,2025-04-08 02:09:22.643336,0 days 00:00:25.753658,0.0674188125899728,0.11017530280830362,8,0.16229777142831445,0.016692779552188623,0.030943661730673002,0.019522084950121196,0.07744414451984176,0.055141790227458076,0.059524682737318264,13,31,0.06756541549543477,0.2887130697113572,False,False,True,2.5442587455770527e-06,COMPLETE
1919,0.5687113285064698,2025-04-08 02:09:23.278812,2025-04-08 02:09:59.624504,0 days 00:00:36.345692,0.04273400434850876,0.029903254490780296,8,0.15429961461235675,0.0002367169885617165,0.03301135334272544,0.015925073201474314,0.05938053859733128,0.05094615891975376,0.00024378257017617787,29,37,0.06303306610689252,0.2724979754587688,False,False,True,1.6855159561190838e-06,COMPLETE
1920,0.7037941455841065,2025-04-08 02:10:00.238730,2025-04-08 02:10:24.735992,0 days 00:00:24.497262,0.027015924909640533,0.07245286637793719,8,0.17421212043366396,0.010051332278583038,0.053457962927864186,0.013928820548159422,0.07291138301096015,0.05723507283542472,0.00034297032171946303,12,35,0.07260965564146249,0.2820791274067538,False,False,True,2.1225220504228297e-06,COMPLETE
1921,0.5761191606521607,2025-04-08 02:10:25.376860,2025-04-08 02:10:51.214971,0 days 00:00:25.838111,0.0911720184159994,0.10193834680199787,8,0.14886140882060328,0.00562459565139979,0.03630807749873428,0.017999885660369964,0.05637179313955457,0.04936298994865869,0.0002758646986812677,14,40,0.06035839930920039,0.29501249783950456,False,False,True,0.0002950858615303331,COMPLETE
1922,0.6968075513839722,2025-04-08 02:10:51.825815,2025-04-08 02:11:17.465658,0 days 00:00:25.639843,0.05840010128349794,0.14222885330283785,8,0.16811608335027173,0.023000224650297177,0.026958600063835214,0.011003576725987407,0.0770663485339056,0.046692207246171395,0.00017654939958762522,13,29,0.07061696973191707,0.2871320216316876,False,False,True,4.434895141064311e-06,COMPLETE
1923,0.7065681695938111,2025-04-08 02:11:18.103210,2025-04-08 02:11:43.737145,0 days 00:00:25.633935,0.04338157606805174,0.1245323858125951,8,0.1579011565391887,0.01351066202725518,0.0297320300233524,0.016004325196203824,0.07066890471950117,0.05306092985107562,0.0004136645860988227,14,33,0.05814133880644622,0.281609391350943,False,False,True,3.3968897251130797e-06,COMPLETE
1924,0.5688022255897522,2025-04-08 02:11:44.347060,2025-04-08 02:12:36.120994,0 days 00:00:51.773934,0.07648802801945459,0.0884142425939774,2,0.1859187057836255,0.014460834537111333,0.03267861880032804,0.012397103418780064,0.07963096786748855,0.059165522378583614,0.00035262936866493937,12,43,0.06266112461678662,0.29999086698956384,False,False,True,2.6080132554968426e-06,COMPLETE
1925,0.5699562311172486,2025-04-08 02:12:36.755023,2025-04-08 02:13:00.830764,0 days 00:00:24.075741,0.15048446140851288,0.05561577463902129,8,0.1620386818092816,0.00038316806323452653,0.06112368579302471,0.014625790715361275,0.07347765379813188,0.05521986375922656,0.0005011949398364217,11,38,0.06648623161237105,0.27227891303708956,False,False,True,1.6577307616622405e-06,COMPLETE
1926,0.7500948786735535,2025-04-08 02:13:01.464624,2025-04-08 02:13:36.098992,0 days 00:00:34.634368,0.10940396963996896,0.12119083078912887,8,0.1769645156200292,0.0061112207239628,0.04126583538323774,0.021757948271222585,0.07600615192115169,0.051550611546557594,0.000290133778485922,27,36,0.06055941441613309,0.29010087789556827,False,False,True,7.05128056276877e-06,COMPLETE
1927,0.10382403284311295,2025-04-08 02:13:36.719868,2025-04-08 02:14:12.918672,0 days 00:00:36.198804,0.13140995382956866,0.0739421709282043,8,0.18037426794540395,0.16610238212624365,0.04026747582923268,0.024204338550929284,0.07792513475036206,0.05003764296676644,0.00044078960483616024,30,32,0.06170569787612505,0.2939396114055157,False,False,True,7.655428119945601e-06,COMPLETE
1928,0.43803327679634096,2025-04-08 02:14:13.555581,2025-04-08 02:14:51.304744,0 days 00:00:37.749163,0.11869549806006166,0.09987079553278964,8,0.17858904366386055,0.00014653157808295486,0.04400503744472671,0.0259539408637283,0.0757901017430313,0.04874618600243482,0.0003674286801297189,30,82,0.0635139212284297,0.2945915302907533,False,False,True,6.990805914495221e-06,COMPLETE
1929,0.5735012173652649,2025-04-08 02:14:51.916164,2025-04-08 02:15:28.158392,0 days 00:00:36.242228,0.027132374676151635,0.11520001539165511,8,0.18987745161438332,0.01835292099539082,0.04305733847590922,0.023450588727848568,0.0794934192496374,0.0499807511915204,0.004087828503275097,30,35,0.06468421455622976,0.2998861327459754,False,False,True,1.2340266841248262e-06,COMPLETE
1930,0.5782944202423096,2025-04-08 02:15:28.790779,2025-04-08 02:16:04.499585,0 days 00:00:35.708806,0.06363091039435637,0.09098567916272031,8,0.18641374478106326,0.009602479724814542,0.03754703225007585,0.022288875781721982,0.07674603944929982,0.05158491168733485,0.0003091181136956208,28,40,0.0618297524206453,0.29063237629257943,False,False,True,1.9542699429002326e-06,COMPLETE
1931,0.7048766851425171,2025-04-08 02:16:05.114770,2025-04-08 02:16:42.173520,0 days 00:00:37.058750,0.10184307455649436,0.1587940393741945,8,0.18176088829435388,0.02124275760768404,0.034562674465232514,0.026028620884378743,0.075827034124022,0.05136424910249941,0.0002393186686735216,30,30,0.06489765399694765,0.28944504264112214,False,False,True,9.258850964777747e-06,COMPLETE
1932,0.5694743394851685,2025-04-08 02:16:42.808051,2025-04-08 02:17:17.276352,0 days 00:00:34.468301,0.04300363308557177,0.05444214182723558,8,0.189443020061672,0.009655260643558235,0.041475314287234166,0.023577441505365976,0.08064171440670906,0.04785831306630658,0.0004256934118989686,27,37,0.060725236914311774,0.28391530259694403,False,False,True,7.138032941008418e-06,COMPLETE
1933,0.09241966456174851,2025-04-08 02:17:17.922319,2025-04-08 02:17:53.895506,0 days 00:00:35.973187,0.07160398609973644,0.11257329621150995,8,0.17745721097167896,0.01696697848752387,0.038328099580434545,0.02230174175081133,0.07398011862384435,0.052752179390753946,0.0003163546523818552,28,107,0.06304727157800667,0.29046556560277403,False,True,True,1.2851339899292598e-05,COMPLETE
1934,0.5750197649002076,2025-04-08 02:17:54.508312,2025-04-08 02:18:30.035557,0 days 00:00:35.527245,0.024440487590818925,0.1426503723426835,8,0.17374836961990778,0.00556330951975546,0.03920186117022021,0.021966168286595283,0.07821125244978205,0.05177605183041575,0.0005140369984449771,28,33,0.060211719343390896,0.2774221596278689,True,False,True,1.6082962549933283e-06,COMPLETE
1935,0.5696711540222168,2025-04-08 02:18:30.673844,2025-04-08 02:19:06.709051,0 days 00:00:36.035207,0.045882413361030314,0.08384234163874009,8,0.193363506418508,0.012964284142734917,0.04663719543002861,0.024719636013114533,0.07530127143748833,0.048806328206578695,0.0003662607399272224,29,44,0.06801864301134083,0.2999886592120801,False,False,True,8.43439055028579e-06,COMPLETE
1936,0.5709325671195984,2025-04-08 02:19:07.346733,2025-04-08 02:19:42.738653,0 days 00:00:35.391920,0.08919068088666461,0.0682721151657926,8,0.18504574025971232,0.023041045770602384,0.04129507079278831,0.021460525078405148,0.081344183685608,0.04699069330942947,0.0002886616540778022,28,38,0.06309550417926102,0.26602049513644965,False,False,True,1.0417531082904676e-05,COMPLETE
1937,0.6885969042778015,2025-04-08 02:19:43.354078,2025-04-08 02:20:18.839594,0 days 00:00:35.485516,0.10757177891577949,0.12230721577622787,8,0.1745179455861541,0.006130482508183459,0.040362645981322894,0.02386751111811726,0.07307462835577228,0.05057537983473755,0.0002190772418345954,28,28,0.06000826153778875,0.28547665680813966,False,False,True,1.892747203059908e-05,COMPLETE
1938,0.497383451461792,2025-04-08 02:20:19.496077,2025-04-08 02:20:57.652878,0 days 00:00:38.156801,0.05764823742625273,0.1621753210314466,8,0.18102007414452811,0.00015877581047291436,0.03490026819175375,0.0228871132832389,0.07759483116111432,0.045767463350576326,0.00042852894806698973,30,99,0.015828190919596107,0.2947357656347435,False,False,True,1.248710459774377e-06,COMPLETE
1939,0.717503833770752,2025-04-08 02:20:58.263761,2025-04-08 02:21:34.823930,0 days 00:00:36.560169,0.024200385059561163,0.09967306999382804,8,0.16903158233141963,0.016634343251053146,0.03793091006948971,0.019402349702510317,0.07538637271075908,0.05280963534844865,0.00026135150668041035,29,35,0.06493606766272794,0.2903114077372894,False,False,True,2.4033014414312223e-06,COMPLETE
1940,0.5796572446823121,2025-04-08 02:21:35.467757,2025-04-08 02:22:10.167767,0 days 00:00:34.700010,0.1679897784830599,0.1397383923145568,8,0.18084359127626523,0.010242484540004388,0.03658007271167409,0.02143079576265145,0.07332462552105523,0.053014787414346703,0.0003619864040157904,27,40,0.06641510720534399,0.2789591319350553,False,False,True,1.3537495979887238e-05,COMPLETE
1941,0.7013012528419496,2025-04-08 02:22:10.780874,2025-04-08 02:22:35.865356,0 days 00:00:25.084482,0.0470807756042632,0.10460727529554405,8,0.17278893175443982,0.0001642116077297329,0.0310101450789114,0.020486537522427635,0.0765608283563347,0.04904090315709283,0.00030804295693433913,13,31,0.061565116748801677,0.2847529681213241,False,False,True,8.26918811854826e-06,COMPLETE
1942,0.5712534666061402,2025-04-08 02:22:36.499885,2025-04-08 02:23:12.582677,0 days 00:00:36.082792,0.07370162870371287,0.08054885300615569,8,0.17708116167170176,0.02333285214973675,0.03950009129035943,0.02099365106082416,0.07208727715262046,0.05104554606954965,0.0004687147746299158,29,34,0.05852174081109812,0.2895367413804511,False,False,True,9.768005332012782e-06,COMPLETE
1943,0.5712534666061402,2025-04-08 02:23:13.227649,2025-04-08 02:23:38.424867,0 days 00:00:25.197218,0.0406840926490982,0.03253273508552667,8,0.16941017421853047,0.0067362059201857526,0.03615007031617153,0.026707163152903442,0.0788473713363009,0.05456502817458503,0.00019897419174810918,13,42,0.06337116476408486,0.2952906185343594,False,False,True,1.9826063955463425e-06,COMPLETE
1944,0.5724232554435731,2025-04-08 02:23:39.041022,2025-04-08 02:24:03.813012,0 days 00:00:24.771990,0.06770993363458004,0.12753899746227682,8,0.17274594795618273,0.014863668340395294,0.051982537557766065,0.020022502275992567,0.07458465883456218,0.053346019591201235,0.0003781618945256337,12,37,0.05998681833764627,0.28111172523270916,False,False,True,3.0692348605807262e-06,COMPLETE
1945,0.6991900563240052,2025-04-08 02:24:04.449860,2025-04-08 02:25:37.696491,0 days 00:01:33.246631,0.025643157027480813,0.16488569438423376,2,0.1866599628504233,0.01041090849382982,0.033645026434973094,0.019393647834906123,0.07150001676469583,0.045936674064402244,0.0005026899525872327,28,32,0.06825395552915955,0.2729604454329271,False,False,True,2.296496036541973e-06,COMPLETE
1946,0.5702968835830688,2025-04-08 02:25:38.339720,2025-04-08 02:26:04.056138,0 days 00:00:25.716418,0.08687641851099621,0.14302462527700954,8,0.16583916710284266,0.018057693058546428,0.042440875460750864,0.02084197711538132,0.07629027901720954,0.048689433957031916,0.00024589230623676327,14,38,0.06538869024659891,0.28461984264670415,False,False,True,1.662733612387631e-06,COMPLETE
1947,0.6813063383102418,2025-04-08 02:26:04.672793,2025-04-08 02:26:41.330401,0 days 00:00:36.657608,0.14237187494644932,0.06497773481339697,8,0.17668169525006075,0.006009296204040699,0.04964989558175949,0.018878094500634882,0.07939520468037296,0.05101957260686166,0.00032854366177985383,30,35,0.06072879655739737,0.29054777897282663,False,False,True,6.280240469548488e-06,COMPLETE
1948,0.5649799704551697,2025-04-08 02:26:41.971556,2025-04-08 02:27:18.400490,0 days 00:00:36.428934,0.0553660031210061,0.115871991984658,8,0.1978483306119116,0.09094470405433866,0.032974539867768105,0.01855033868827541,0.07398452376814825,0.0536870809984729,0.00042268912595064316,30,28,0.06222086048661344,0.2764483793161774,False,False,True,1.273802668642761e-06,COMPLETE
1949,0.5638781905174256,2025-04-08 02:27:19.010296,2025-04-08 02:27:55.044940,0 days 00:00:36.034644,0.20258229351124574,0.09771209836539752,8,0.16504976542455993,0.023172028713077192,0.03654185624745367,0.02857331366804816,0.08177705197984048,0.05153432511147821,0.0002834223330046142,29,41,0.0642189113890611,0.26657954541327666,False,False,True,2.9681659630177742e-06,COMPLETE
1950,0.7024520397186279,2025-04-08 02:27:55.684162,2025-04-08 02:28:30.604184,0 days 00:00:34.920022,0.11233186813887042,0.16665413508355337,8,0.17079833650202864,0.013314663270561581,0.037464447292893444,0.02422642482910093,0.07144258726700685,0.04775117731021349,0.0003745665946578024,27,33,0.05816260118754311,0.2944843803155938,False,False,True,2.1447964506774517e-06,COMPLETE
1951,0.5700463771820068,2025-04-08 02:28:31.246966,2025-04-08 02:29:07.496154,0 days 00:00:36.249188,0.04330583583098299,0.13023044280191523,8,0.18069127381224867,0.005926818197570102,0.0349153346912348,0.022778502292585427,0.07711765284440708,0.054354260556828786,0.0005251446551605447,30,38,0.06688718265374118,0.2820957423643945,False,False,True,1.0446827146229778e-05,COMPLETE
1952,0.09069270193576813,2025-04-08 02:29:08.112097,2025-04-08 02:29:42.480178,0 days 00:00:34.368081,0.07385762474517499,0.08187884717556444,8,0.1632941082450749,0.25075012470875985,0.03861429881506955,0.019371431002716842,0.0752104724800758,0.05000280260719241,0.0003176710805708944,27,31,0.06984576883074589,0.28639651977565234,True,True,True,3.7291377834390023e-06,COMPLETE
1953,0.570283854007721,2025-04-08 02:29:43.125709,2025-04-08 02:30:19.721573,0 days 00:00:36.595864,0.024795016031501485,0.04232940912520195,8,0.16974088014959005,0.00019281888772558335,0.035617438014960534,0.01767249892655092,0.07329307723698011,0.05288126566464601,0.0002106650549548275,29,36,0.061735551862725724,0.2775806227981674,False,False,True,2.7470114517774143e-06,COMPLETE
1954,0.5622548341751099,2025-04-08 02:30:20.364600,2025-04-08 02:30:45.522227,0 days 00:00:25.157627,0.059977447092468564,0.5237241114777644,8,0.15741347677239914,0.01692037367478509,0.034058673282997755,0.021022470665960507,0.07138851948581268,0.045697109988330514,0.000263312442989031,13,45,0.05918032933015066,0.29102788464134605,False,False,True,1.7411181840381422e-06,COMPLETE
1955,0.5462318420410157,2025-04-08 02:30:46.138669,2025-04-08 02:31:22.009653,0 days 00:00:35.870984,0.09294432243538647,0.14841504668581215,8,0.19268755541117147,0.010246823456501958,0.03129328165405141,0.01775428176005027,0.07800029594565758,0.05542496928630759,0.0004189954598022929,29,41,0.06475464821434457,0.27117407710607483,False,False,True,5.426238303048831e-06,COMPLETE
1956,0.5702040672302247,2025-04-08 02:31:22.651745,2025-04-08 02:31:47.906889,0 days 00:00:25.255144,0.041593680490232224,0.10937208697747391,8,0.17639934641321345,0.0001757207015682296,0.04011576434251569,0.01991500230732361,0.07484181130363562,0.04965782124535364,0.0003585590153491566,13,34,0.06715604920892979,0.2949069948637676,False,False,True,2.410297563777503e-06,COMPLETE
1957,0.568752646446228,2025-04-08 02:31:48.551373,2025-04-08 02:32:13.514992,0 days 00:00:24.963619,0.07049205439298384,0.0937864761773627,8,0.15994466338468905,0.023644243695822627,0.045003352768055095,0.02574344674875391,0.07051646866200503,0.0516627290466601,0.00017753187984298455,12,39,0.061632700173934046,0.29992699403223355,False,False,True,1.3451571587485781e-06,COMPLETE
1958,0.7001408100128174,2025-04-08 02:32:14.135764,2025-04-08 02:32:39.889288,0 days 00:00:25.753524,0.010481891066008588,0.12132187061382407,8,0.16613946557097986,0.009608127366426338,0.03310993823429987,0.017471133325090815,0.08027681663647254,0.054348026473037915,0.00030220920380066336,14,29,0.06353815953756681,0.28467055830517973,False,False,True,4.107908285424807e-06,COMPLETE
1959,0.5590067148208618,2025-04-08 02:32:40.541179,2025-04-08 02:33:05.807433,0 days 00:00:25.266254,0.29552989627893544,0.05850422903127339,8,0.1548542713012053,0.01828542069702902,0.03517710710872285,0.021588588788338532,0.08432416209440091,0.04801466905719356,0.0005259426368556444,13,36,0.05813087093399559,0.2784554990458086,False,False,True,2.951574776685561e-06,COMPLETE
