number,value,datetime_start,datetime_complete,duration,params_alpha-eval,params_alpha-train,params_batch-size,params_eps-eval,params_eps-train,params_lambda-actions-eval,params_lambda-actions-train,params_lambda-frames-eval,params_lambda-frames-train,params_learning-rate,params_n-epochs,params_n-frames,params_radius-gw,params_rho,params_std-feats,params_ub-actions,params_ub-frames,params_weight-decay,state
1064,0.1699026554822922,2025-04-07 19:41:25.308592,2025-04-07 19:41:49.663417,0 days 00:00:24.354825,0.9885413575880031,0.1984175337891386,8,0.16775656398872282,0.04295220139589792,0.009913659493150926,0.009033010852448916,0.06889261814398134,0.03657760318038887,0.0012347939542426483,12,35,0.04069272125478351,0.24209131006011866,False,False,True,7.440743276728175e-05,COMPLETE
1065,0.7171898126602173,2025-04-07 19:41:50.006528,2025-04-07 19:42:15.711071,0 days 00:00:25.704543,0.010585251734571297,0.12889703430938176,8,0.13463449872556238,0.030329653250159884,0.01433352784500399,0.013689923899929997,0.0740345758247193,0.03999792132577859,0.0006272710654357139,14,31,0.04739709995097202,0.2608376503094633,False,False,True,6.179166638125621e-07,COMPLETE
1066,0.71915762424469,2025-04-07 19:42:16.034740,2025-04-07 19:42:42.621560,0 days 00:00:26.586820,0.023738636362271002,0.13816977672159386,8,0.13455076947574462,0.024265909601287324,0.014087172811458418,0.015278364653740745,0.07115558673698852,0.04235168031421815,0.0005294335771301864,15,31,0.05004795070005934,0.27521526596160184,False,False,True,7.147445992941207e-07,COMPLETE
1067,0.6969304561614991,2025-04-07 19:42:42.957136,2025-04-07 19:43:09.201105,0 days 00:00:26.243969,0.013335247954574782,0.14269144738811607,8,0.13417267147301215,0.01730825200831589,0.015145065680256213,0.014980161710777788,0.0717990200576878,0.04295286024580734,0.0005776093797081698,15,26,0.04977322829266966,0.2877364908356956,False,False,True,9.121268196411118e-07,COMPLETE
1068,0.08441638052463532,2025-04-07 19:43:09.539119,2025-04-07 19:43:35.819314,0 days 00:00:26.280195,0.025378044890136363,0.14967988617253303,8,0.1838879108208666,0.25540821445938344,0.015038656697784744,0.015516749513129638,0.07091061441502124,0.044016933223243085,0.0006339566658885143,15,21,0.04844151771178699,0.272551044820871,False,False,True,7.440015376621914e-07,COMPLETE
1069,0.6860064148902894,2025-04-07 19:43:36.158652,2025-04-07 19:44:02.659543,0 days 00:00:26.500891,0.024564967622840682,0.1305729678413491,8,0.13059406685806427,0.020117431342953677,0.01433118849280568,0.017174928442663596,0.06786508798287919,0.04209597677870203,0.0005263826789304966,15,25,0.050258225884985096,0.2802125794829685,False,False,True,1.05988916048108e-06,COMPLETE
1070,0.6975540518760681,2025-04-07 19:44:02.996556,2025-04-07 19:44:29.322667,0 days 00:00:26.326111,0.02518009925181736,0.148663194712176,8,0.1335642884669594,0.025328665695061033,0.016491246284634754,0.013961514102924153,0.07027720964212161,0.04504228367567484,0.000671856225300727,15,29,0.049702369813972636,0.2777651499427327,False,False,True,6.811178653132033e-07,COMPLETE
1071,0.69898099899292,2025-04-07 19:44:29.661850,2025-04-07 19:44:55.390979,0 days 00:00:25.729129,0.01040045552971676,0.12881376862492927,8,0.13393661969772375,0.01961123842097818,0.014812419697017807,0.014906287340556646,0.0728474821227478,0.041330392331647356,0.0007358983920768664,14,29,0.049834932736116694,0.2721818210933981,False,False,True,7.650940790008665e-07,COMPLETE
1072,0.6586944341659546,2025-04-07 19:44:55.731864,2025-04-07 19:45:21.096854,0 days 00:00:25.364990,0.03950554181111282,0.40385778703917213,8,0.17767795918840346,0.025446723001105644,0.017608374469802835,0.014574160101175713,0.06877039968165694,0.04468299314461163,0.00046582512009516933,14,31,0.04757367980867387,0.27389415411811907,False,False,True,6.545543188816594e-06,COMPLETE
1073,0.6678795337677002,2025-04-07 19:45:21.436975,2025-04-07 19:45:47.697570,0 days 00:00:26.260595,0.04270594504426352,0.1641947810821926,8,0.15934884849458855,0.02460306570606835,0.017224658338363733,0.013502213247789,0.07176180210946738,0.04250303457416449,0.0005967353322283528,15,27,0.04789608332684913,0.2862946436459879,False,False,True,5.841778690071912e-07,COMPLETE
1074,0.12983022034168243,2025-04-07 19:45:48.042446,2025-04-07 19:46:14.721758,0 days 00:00:26.679312,0.794650292800635,0.12985328646954286,8,0.21140021212919852,0.018578434274859345,0.01693305542504705,0.01603980459377103,0.07304665126670866,0.040663045894380224,0.0007328923996113594,15,117,0.04797109672594613,0.2922110127409905,False,False,True,1.1295712718927933e-06,COMPLETE
1075,0.7379892826080322,2025-04-07 19:46:15.070065,2025-04-07 19:46:41.061870,0 days 00:00:25.991805,0.02528744815640452,0.14013957938754165,8,0.13746032706521003,0.02801774780780638,0.014187585445296295,0.013093737262483656,0.07370538146173232,0.03946862847520377,0.0004829766049192068,14,32,0.046833544019430365,0.26755970625194225,False,False,True,8.874098241333319e-07,COMPLETE
1076,0.09218096137046813,2025-04-07 19:46:41.390458,2025-04-07 19:47:07.281470,0 days 00:00:25.891012,0.010136717260182556,0.13001560662443062,8,0.131691761950782,0.019222902585955926,0.019459539140566827,0.016166756118567303,0.07044721145427572,0.030301901457080317,0.00047999928031994856,14,33,0.05107782047057353,0.2686510088453247,False,True,True,9.256119060452148e-07,COMPLETE
1077,0.5706123471260072,2025-04-07 19:47:07.623446,2025-04-07 19:47:33.977349,0 days 00:00:26.353903,0.012537008828964191,0.12780902720323203,8,0.1371349654212776,0.024968582519013814,0.016313306036953613,0.01722864919219443,0.06815075371097655,0.04277434792023278,0.00046337919115143115,15,34,0.049095362542546095,0.2752120886243193,False,False,True,1.3529899839164022e-06,COMPLETE
1078,0.5318559408187866,2025-04-07 19:47:34.319773,2025-04-07 19:48:00.062394,0 days 00:00:25.742621,0.031157140831361882,0.7586530798966482,8,0.13421889081059793,0.027821747945297275,0.01515142174216586,0.01349659461896436,0.07025776804259339,0.0400322085174524,0.0005399417673548341,14,38,0.04674856394146649,0.28408210881569906,False,False,True,8.487426871018581e-07,COMPLETE
1079,0.700330662727356,2025-04-07 19:48:00.408880,2025-04-07 19:48:26.093741,0 days 00:00:25.684861,0.012875735020278271,0.14748665429111993,8,0.13857649491587848,0.018418295450197377,0.013313113217953408,0.01522359857738724,0.06581496649278004,0.0326402795081459,0.0004290693200667924,14,30,0.05052800923804708,0.2852409759443015,False,False,True,1.4113991705055297e-06,COMPLETE
1080,0.7359066486358643,2025-04-07 19:48:26.438743,2025-04-07 19:48:52.231362,0 days 00:00:25.792619,0.012167164141336806,0.1192457050629498,8,0.13176818038117588,0.02831220864466137,0.016530673507194494,0.01344745120157986,0.06731367551555821,0.04506154061794281,0.0005522961689711208,14,33,0.04734310406245964,0.2788028207639923,False,False,True,1.0092174644018371e-06,COMPLETE
1081,0.5897875308990479,2025-04-07 19:48:52.575824,2025-04-07 19:49:18.236300,0 days 00:00:25.660476,0.010790209843066903,0.1282410672434291,8,0.13661233621804827,0.018155983825858556,0.01699765571176155,0.016439850024602035,0.06715204707633858,0.04481074535880459,0.0005565942209526783,14,41,0.04714588019491949,0.28160602384133104,False,False,True,9.194756311405004e-07,COMPLETE
1082,0.5702926397323609,2025-04-07 19:49:18.580907,2025-04-07 19:49:44.564659,0 days 00:00:25.983752,0.01206416443760907,0.16925212055919836,8,0.14234135318870322,0.02412800340527277,0.015098022322082573,0.017606548685724532,0.06798163516985051,0.046559486245012674,0.0005892846309508052,14,36,0.04765223485297696,0.2931277470736844,False,False,True,1.0622952019282874e-06,COMPLETE
1083,0.5712534666061402,2025-04-07 19:49:44.912939,2025-04-07 19:50:11.684117,0 days 00:00:26.771178,0.028025863335141645,0.12481943302945633,8,0.13095821900629934,0.028453122697785386,0.01801669304462685,0.013833066223729202,0.06734833518127889,0.0434747188436627,0.0005099118139627299,15,38,0.04672679620203435,0.2793290374445183,False,False,True,1.244496442716084e-06,COMPLETE
1084,0.715935790538788,2025-04-07 19:50:12.030239,2025-04-07 19:50:37.862975,0 days 00:00:25.832736,0.02704057408042445,0.14438617116174982,8,0.14172611408896596,0.017961462777426183,0.018858416373319815,0.01400953361541795,0.06564188326166569,0.0460693556454887,0.0006220649232146717,14,33,0.046023494928593575,0.29895466915369273,False,False,True,6.773249549247718e-07,COMPLETE
1085,0.7285112142562867,2025-04-07 19:50:38.217598,2025-04-07 19:51:04.014729,0 days 00:00:25.797131,0.01056715725412451,0.16220079048231067,8,0.14342307710135538,0.02325277122584628,0.01783156507126106,0.015099875790180652,0.0659309179789885,0.04533800234463503,0.0006651584914238931,14,33,0.04931573071004434,0.2987073908914241,False,False,True,8.878908748080588e-07,COMPLETE
1086,0.6748085141181946,2025-04-07 19:51:04.344358,2025-04-07 19:51:30.873412,0 days 00:00:26.529054,0.012491168125855868,0.17505446442189995,8,0.1424642153964319,0.015491806721380449,0.020043969783188433,0.014380737922038745,0.06925879545350434,0.045261843768264046,0.0006416683367636617,15,27,0.049742426576695385,0.2958988973759378,False,False,True,9.489577085290913e-07,COMPLETE
1087,0.7129148125648499,2025-04-07 19:51:31.219502,2025-04-07 19:51:57.241389,0 days 00:00:26.021887,0.02620926101401458,0.16664587305386724,8,0.14584153869923644,0.01751660593687495,0.020255271616392876,0.017666084919435308,0.06666913271757059,0.04592468186004603,0.0006622474105215555,14,31,0.05050580861588463,0.294179234379021,False,False,True,6.8649373064382e-07,COMPLETE
1088,0.68903888463974,2025-04-07 19:51:57.584492,2025-04-07 19:52:23.155094,0 days 00:00:25.570602,0.010696936402846732,0.16979992240756886,8,0.14236373483259035,0.01598046570547835,0.019613939586290423,0.019011348705224505,0.06604590216974071,0.04607781925646231,0.00047371674713819837,14,24,0.05027777036492441,0.2880746527730069,False,False,True,1.1713593494513751e-06,COMPLETE
1089,0.6993381261825562,2025-04-07 19:52:23.499737,2025-04-07 19:52:50.231096,0 days 00:00:26.731359,0.02652240125752495,0.15739009969076198,8,0.14705365054084604,0.01714780000036409,0.01989360753601285,0.019604274967164215,0.06955693392495041,0.047316197780323706,0.0005719442570292411,15,28,0.05113844561942117,0.29815430849604463,False,False,True,7.413909275755989e-07,COMPLETE
1090,0.731252646446228,2025-04-07 19:52:50.577864,2025-04-07 19:53:16.438829,0 days 00:00:25.860965,0.010059129842366359,0.17990603054203558,8,0.13931094654332127,0.017741895053259578,0.01750005613915409,0.017998815206194778,0.06422895832994688,0.04610286549416686,0.00065638105547788,14,32,0.048935345955662894,0.29891074671012136,False,False,True,1.3923300969587734e-06,COMPLETE
1091,0.0912477269768715,2025-04-07 19:53:16.785085,2025-04-07 19:53:42.770536,0 days 00:00:25.985451,0.010703270207604835,0.1857923552590993,8,0.13694575863584071,0.1341448325868168,0.02120989189917772,0.01645885610286194,0.06447575389395388,0.04666954656113902,0.0005031360829401956,14,33,0.04841406741540841,0.29917949239636676,False,False,True,1.124363575846462e-06,COMPLETE
1092,0.7260056734085083,2025-04-07 19:53:43.121078,2025-04-07 19:54:09.680433,0 days 00:00:26.559355,0.026304900207870893,0.18473573432476476,8,0.1381678990551915,0.01869307176025717,0.01703620595933507,0.01613779289862758,0.06458506166722906,0.04554401750795267,0.0006435680416206685,15,33,0.048825528576092056,0.2896274633049011,False,False,True,1.4658446206053879e-06,COMPLETE
1093,0.7224055171012879,2025-04-07 19:54:10.028393,2025-04-07 19:54:36.348950,0 days 00:00:26.320557,0.0283938944569915,0.18428897412984002,8,0.13825193197605312,0.01700441016163383,0.018610612461156542,0.01724991085992876,0.06412498205922304,0.04640017287668527,0.0005987053387686066,15,33,0.049495581387614423,0.2970504961164501,False,False,True,1.5168045886140944e-06,COMPLETE
1094,0.7113527059555054,2025-04-07 19:54:36.701819,2025-04-07 19:55:03.018170,0 days 00:00:26.316351,0.02568001465789381,0.17831838623859292,8,0.13682838027025124,0.014984536527576729,0.019381765136502853,0.019018000218429185,0.06570226091482041,0.04610563431657611,0.0004382868466463013,15,33,0.04945615122247955,0.29255849502871834,False,False,True,1.3213547093794128e-06,COMPLETE
1095,0.5710261464118958,2025-04-07 19:55:03.367830,2025-04-07 19:55:29.932842,0 days 00:00:26.565012,0.010534509102277361,0.19154230703618205,8,0.13998086840396512,0.016292903913308666,0.018626832581365334,0.01903617086020809,0.06397370347482313,0.04734556519775321,0.0005490555498373357,15,34,0.04931778392843135,0.29352923262457015,False,False,True,1.4307330751397036e-06,COMPLETE
1096,0.09765779078006745,2025-04-07 19:55:30.283136,2025-04-07 19:55:56.667761,0 days 00:00:26.384625,0.027531037849998385,0.18905822302143044,8,0.13991411594289588,0.015816564707760453,0.01844385076701698,0.019018522826024852,0.06557620593065124,0.04588458825074586,0.0005009947697808458,15,29,0.05140688617170182,0.2990351800044756,False,True,True,1.6205987339649536e-06,COMPLETE
1097,0.7155930042266846,2025-04-07 19:55:57.011052,2025-04-07 19:56:23.327381,0 days 00:00:26.316329,0.02460467481246774,0.18240516772020487,8,0.1354026745033892,0.01591408064523987,0.01850368497861737,0.018078746523405416,0.06455491371304192,0.04563868807579705,0.0004507083634434152,15,33,0.05046598727869359,0.29194613056569857,False,False,True,1.4416826729160404e-06,COMPLETE
1098,0.6995796084403992,2025-04-07 19:56:23.673308,2025-04-07 19:56:50.060970,0 days 00:00:26.387662,0.013201292243530609,0.1916070768512531,8,0.1392008466677473,0.01491515014000832,0.021019474877999492,0.019433427603323387,0.0674553300348154,0.05078657966453013,0.00042728846196638713,15,28,0.0502705253810284,0.2988464515118609,False,False,True,1.4545760137338555e-06,COMPLETE
1099,0.68625625371933,2025-04-07 19:56:50.410743,2025-04-07 19:57:16.871867,0 days 00:00:26.461124,0.025542967070779778,0.18511375659068868,8,0.1355155263741598,0.01573236545297129,0.018694042942736876,0.01805213368338695,0.06616351733907207,0.04745703317398017,0.0004392554813117934,15,32,0.05097408398153645,0.29390170101657076,False,False,True,1.6991109480764808e-06,COMPLETE
1100,0.6892521619796753,2025-04-07 19:57:17.234219,2025-04-07 19:57:43.833422,0 days 00:00:26.599203,0.02733890319151891,0.19908659775124135,8,0.13780928250172392,0.014987590704786393,0.019333710726720812,0.017332247035075507,0.06392123722444933,0.04568637164897415,0.0004864187453747461,15,24,0.04895915648972898,0.2927689056782106,False,False,True,1.5865432517200638e-06,COMPLETE
1101,0.7002963662147522,2025-04-07 19:57:44.181132,2025-04-07 19:58:10.875986,0 days 00:00:26.694854,0.02667732621489587,0.17244028715247886,8,0.1419483936181933,0.01806448206968912,0.017540567131188897,0.020146619984001732,0.06443247456436323,0.04501105013617111,0.00040132161204832923,15,30,0.05161186606897854,0.29981417728899373,False,False,True,1.308285229391848e-06,COMPLETE
1102,0.6715679883956909,2025-04-07 19:58:11.224762,2025-04-07 19:58:37.471806,0 days 00:00:26.247044,0.012401070093767853,0.18548001434270595,8,0.13340572476421014,0.01435467326264981,0.017131534943716865,0.018271815946064165,0.06351740489589229,0.04958222393814181,0.000584444308467813,15,27,0.04879703058721507,0.29132926574483914,False,False,True,1.171014425744334e-06,COMPLETE
1103,0.7202191591262818,2025-04-07 19:58:37.825085,2025-04-07 19:59:04.176086,0 days 00:00:26.351001,0.029628561425350405,0.2005695360588842,8,0.13366781500619995,0.017983309925237747,0.01857646867299545,0.019431749523709275,0.06687853676343443,0.04649936363660159,0.0005340604432792905,15,33,0.04841422362766026,0.2888382156818983,False,False,True,1.3860552702871286e-06,COMPLETE
1104,0.6985564351081849,2025-04-07 19:59:04.524411,2025-04-07 19:59:30.887918,0 days 00:00:26.363507,0.03349867554086831,0.17755626722823942,8,0.13338092260969825,0.013664942810718884,0.02097129965214574,0.021214407050106923,0.06615733379595805,0.04673694399858656,0.00040535194684160596,15,29,0.051608620295365226,0.2892198601252455,False,False,True,1.8566143718335212e-06,COMPLETE
1105,0.7418591856956482,2025-04-07 19:59:31.239856,2025-04-07 19:59:57.961202,0 days 00:00:26.721346,0.011059819656261693,0.19991356711763691,8,0.1339567126944622,0.019236911625992448,0.020949825397996648,0.018560473202986455,0.06757726794422418,0.04662752238134048,0.0004944955275350653,15,32,0.04912728431744882,0.28635810214979335,False,False,True,1.3250147742772818e-06,COMPLETE
1106,0.6791079640388489,2025-04-07 19:59:58.312790,2025-04-07 20:00:25.253497,0 days 00:00:26.940707,0.02831641272626722,0.16796164965287727,8,0.1331111836388804,0.012538408137556696,0.02101741251551994,0.019172745649795795,0.0665165701365839,0.04975902740898756,0.00048108534780526497,15,25,0.05165073353445709,0.2997079446669528,False,False,True,1.6186838456881323e-06,COMPLETE
1107,0.6755823969841004,2025-04-07 20:00:25.610076,2025-04-07 20:00:51.814665,0 days 00:00:26.204589,0.011548298179010296,0.19680550638296263,8,0.1371205080342601,0.015303851387787453,0.019008391199900866,0.02059526678763222,0.06807807482887301,0.047667447294502285,0.0004049552131613608,15,27,0.04892997836565348,0.28985796062904984,False,False,True,1.6883454224917738e-06,COMPLETE
1108,0.7003312587738038,2025-04-07 20:00:52.172517,2025-04-07 20:01:18.613108,0 days 00:00:26.440591,0.011325021899983946,0.17572234151667657,8,0.13401383153710172,0.016829215270853626,0.017059309870194606,0.017461032983377915,0.06681181681335539,0.04688575075164956,0.00047944814139798847,15,30,0.04852867852357893,0.2867332163045115,False,False,True,1.402928126562587e-06,COMPLETE
1109,0.701714015007019,2025-04-07 20:01:18.970148,2025-04-07 20:01:45.662877,0 days 00:00:26.692729,0.030106891867699766,0.16568427418081938,8,0.14066237011316726,0.020045754127974567,0.020737343271082686,0.01994458206621018,0.06495477903831884,0.04676810819047395,0.0005511870329023571,15,30,0.05036922570330071,0.2872496858302918,False,False,True,1.1612941841651664e-06,COMPLETE
1110,0.6462614655494691,2025-04-07 20:01:46.002394,2025-04-07 20:02:12.348655,0 days 00:00:26.346261,0.026079921986945073,0.1982689555092407,8,0.13095016515616129,0.012532312165059845,0.01800158380092067,0.018586124606091166,0.06812948426731298,0.0501688618884868,0.0005621326563456187,15,21,0.05199008876829782,0.2914623168371525,False,False,True,1.2904799756109598e-06,COMPLETE
1111,0.08736396580934525,2025-04-07 20:02:12.701757,2025-04-07 20:02:38.626676,0 days 00:00:25.924919,0.011957071988950276,0.18285461767685413,8,0.14230902387299724,0.27405495855518336,0.019807432075011976,0.01718538769965259,0.06503100369750953,0.044757655775823385,0.00040895123529279486,14,32,0.04871066004247655,0.28533111401528055,False,False,True,1.924257005356314e-06,COMPLETE
1112,0.6727759838104248,2025-04-07 20:02:38.981710,2025-04-07 20:03:05.487737,0 days 00:00:26.506027,0.010193862511541286,0.16308424885521486,8,0.13426236809964204,0.01824422247705938,0.018756207393905894,0.017079432804449478,0.06336655283048861,0.04770896857952234,0.0005893976906281609,15,25,0.04802350893890892,0.2944938542546321,False,False,True,1.5205983994014577e-06,COMPLETE
1113,0.6467451214790344,2025-04-07 20:03:05.839724,2025-04-07 20:03:33.358978,0 days 00:00:27.519254,0.030491352817592944,0.20349053760810204,8,0.13896920861502376,0.020341462373080158,0.01728718899164602,0.016304658313094987,0.06791219492188862,0.05081690364125017,0.0004629074513663563,16,32,0.050904018153739745,0.28945359481247135,False,False,True,1.0025157652715666e-06,COMPLETE
1114,0.6992817521095276,2025-04-07 20:03:33.715132,2025-04-07 20:03:59.517268,0 days 00:00:25.802136,0.010393844575406316,0.15960440826941602,8,0.131163667485732,0.01223217521519126,0.021572288118468255,0.02072907474362516,0.06688110306880062,0.04523868947865121,0.0006132050676977053,14,28,0.04787745714205465,0.2964258159466506,False,False,True,1.1186362889195545e-06,COMPLETE
1115,0.7463096261024476,2025-04-07 20:03:59.873109,2025-04-07 20:04:26.661578,0 days 00:00:26.788469,0.035887357822274216,0.18994883516008315,8,0.14436305367311225,0.01319342032963954,0.018373696387824295,0.01829387346112529,0.06415240553518282,0.04518262913088231,0.0005177903788983978,16,32,0.05050917695825908,0.2996980653873108,False,False,True,1.9937778356356953e-06,COMPLETE
1116,0.17192193865776065,2025-04-07 20:04:27.015640,2025-04-07 20:04:53.946000,0 days 00:00:26.930360,0.04049886871542906,0.203349673003404,8,0.14498594041095328,0.01959488592177594,0.021690270675821126,0.01612197242274132,0.06308205966539672,0.04835825589596747,0.0006266293427754808,16,27,0.04799369709080879,0.29907808203162367,False,True,True,2.1005596694670785e-06,COMPLETE
1117,0.6978061199188234,2025-04-07 20:04:54.299384,2025-04-07 20:05:21.595309,0 days 00:00:27.295925,0.03548770594114798,0.15307633746003854,8,0.14501180630467345,0.011297139453814492,0.017213057354310234,0.020628923971464177,0.06556802586771587,0.044374803911316076,0.0005101872620947738,16,29,0.052301637419981215,0.285641011755522,False,False,True,1.5697966011816535e-06,COMPLETE
1118,0.7073565363883972,2025-04-07 20:05:21.950588,2025-04-07 20:05:48.836937,0 days 00:00:26.886349,0.03823399260143108,0.18182487713053264,8,0.14304592188262902,0.020878862412362937,0.019994471476719667,0.01693142217200311,0.06273284819107697,0.04645113419407961,0.0006496092313588524,16,32,0.04986836972726474,0.29837709780012495,False,False,True,1.9811084564632768e-06,COMPLETE
1119,0.6797632336616517,2025-04-07 20:05:49.193918,2025-04-07 20:06:15.140163,0 days 00:00:25.946245,0.010068189412994349,0.19973262150002233,8,0.14543571061248106,0.012139363277966338,0.018605120445501968,0.018446098203926876,0.06873271407778143,0.04457036223614829,0.0005718588043413127,14,23,0.048187723675706604,0.28579942688031085,False,False,True,1.073009151907276e-06,COMPLETE
