number,value,datetime_start,datetime_complete,duration,params_alpha-eval,params_alpha-train,params_batch-size,params_eps-eval,params_eps-train,params_lambda-actions-eval,params_lambda-actions-train,params_lambda-frames-eval,params_lambda-frames-train,params_learning-rate,params_n-epochs,params_n-frames,params_radius-gw,params_rho,params_std-feats,params_ub-actions,params_ub-frames,params_weight-decay,state
560,0.6485432147979736,2025-04-07 16:00:43.833452,2025-04-07 16:01:05.742481,0 days 00:00:21.909029,0.1624648933804719,0.04391438390901464,16,0.16501376133581994,0.008975758323283779,0.011676005812971221,0.02170125901624338,0.03486100586538411,0.05850610861656471,0.00011316783188823471,18,20,0.07198228281892616,0.1333482510796255,False,False,True,1.3958003691416153e-08,COMPLETE
561,0.6622577667236328,2025-04-07 16:01:05.914051,2025-04-07 16:01:28.375426,0 days 00:00:22.461375,0.15410946438958678,0.03990818689419684,16,0.1515714777312725,0.006871600358833994,0.008243459379017489,0.02067057177745531,0.03293433314466218,0.061844586217402894,9.59945735351679e-05,19,23,0.06813879121811064,0.17867508750041855,False,False,True,1.3402728028372084e-08,COMPLETE
562,0.6529714822769166,2025-04-07 16:01:28.549146,2025-04-07 16:01:50.884156,0 days 00:00:22.335010,0.16187570209132907,0.043071818080778805,16,0.1441829793548234,0.010259917290742115,0.008155486479259465,0.018287549150214077,0.03761147215421943,0.05977905545746956,0.00010801689031064352,19,23,0.06489664723090839,0.1870577453854914,False,False,True,1.3336146064408367e-08,COMPLETE
563,0.6286736130714418,2025-04-07 16:01:51.065121,2025-04-07 16:02:13.474299,0 days 00:00:22.409178,0.17526758281709792,0.01034267410061096,16,0.17279349376341016,0.006326293031436557,0.007999166759394691,0.023357019400938574,0.03251197798014711,0.06273829350632705,0.0001316218690787506,19,25,0.06715987273839243,0.14490316399801334,False,False,True,1.0055990558340539e-08,COMPLETE
564,0.6580075144767762,2025-04-07 16:02:13.647120,2025-04-07 16:02:43.298443,0 days 00:00:29.651323,0.12839020571041077,0.040868469667577206,8,0.15007040311677042,0.010671280359269546,0.010361073596105433,0.020523064172552327,0.036331955469761985,0.06254272512387989,9.781021765369009e-05,20,20,0.06864788258076891,0.1731506980489322,False,False,True,1.3281126359873768e-08,COMPLETE
565,0.6713487386703492,2025-04-07 16:02:43.480900,2025-04-07 16:03:13.241583,0 days 00:00:29.760683,0.12721489553278653,0.04355467878017176,8,0.14951356673962882,0.010669339090981467,0.009352412580815024,0.020388413900191846,0.03867215428174474,0.05661469830544311,0.0001169933076763644,20,23,0.06491182479871802,0.18242549621150805,False,False,True,1.2593352008572268e-08,COMPLETE
566,0.11634308695793152,2025-04-07 16:03:13.415500,2025-04-07 16:03:43.213148,0 days 00:00:29.797648,0.12141485714226619,0.04453799803782388,8,0.14163792760957955,0.2863973389680201,0.007535847677755145,0.015592143332007164,0.03893293262806215,0.056867408688690446,0.00011020107983126842,20,23,0.07227221359867363,0.20097979851648448,False,False,True,1.388923002253149e-08,COMPLETE
567,0.6516684293746948,2025-04-07 16:03:43.399288,2025-04-07 16:04:12.940366,0 days 00:00:29.541078,0.15825428330631863,0.04540902140818859,8,0.1493231163048957,0.010434418500646726,0.009723581806178334,0.02025065983153424,0.04113660417412583,0.06207339125043221,0.00012411649810281197,20,20,0.06789322876020679,0.1789233360190866,False,False,True,1.3616995339626133e-08,COMPLETE
568,0.672213113307953,2025-04-07 16:04:13.113164,2025-04-07 16:04:43.130307,0 days 00:00:30.017143,0.1250556190743207,0.0445675560213903,8,0.14929199338646568,0.011457587124031604,0.007008493574221829,0.017283337867009883,0.03664977781633657,0.059561815872522086,9.894375391431325e-05,20,24,0.06901796046449298,0.1812094253997352,False,False,True,1.3568750369094862e-08,COMPLETE
569,0.673005497455597,2025-04-07 16:04:43.315843,2025-04-07 16:05:12.891534,0 days 00:00:29.575691,0.11986853568792702,0.04607937777562458,8,0.14020631206288806,0.012106059975204064,0.007352129270968454,0.01746412750979081,0.03656657518698832,0.05778452944734835,0.0001130912166200949,20,23,0.06384746888695064,0.184295707513227,False,False,True,1.4340692409634001e-08,COMPLETE
570,0.6736526966094971,2025-04-07 16:05:13.066750,2025-04-07 16:05:42.659637,0 days 00:00:29.592887,0.11902872141529443,0.040683756617622586,8,0.1399930523716768,0.012820049410982158,0.006865801846240937,0.016858888917937288,0.03655790054282479,0.05389404115266788,0.00013686404880155267,20,24,0.06344391497103931,0.17961105252312065,False,False,True,1.4464018982879337e-08,COMPLETE
571,0.6721011638641358,2025-04-07 16:05:42.832620,2025-04-07 16:06:12.608189,0 days 00:00:29.775569,0.12332745449773025,0.048351831932806046,8,0.13553920660691554,0.011107096062470824,0.006944126843040848,0.014392944482786966,0.03930508813662373,0.05850878211221364,0.00013868603354325209,20,24,0.06426400251551057,0.18403597288175388,False,False,True,1.4864175202997813e-08,COMPLETE
572,0.6757399916648865,2025-04-07 16:06:12.793652,2025-04-07 16:06:42.304284,0 days 00:00:29.510632,0.1219237049545205,0.05260381632381894,8,0.1340119917830824,0.012529309602281881,0.006683385445628502,0.014402966981865854,0.04028304973929662,0.053454943557152065,0.00010235581004540042,20,25,0.06422810959517687,0.1822179202634712,False,False,True,1.4636587893790956e-08,COMPLETE
573,0.6818148136138916,2025-04-07 16:06:42.480587,2025-04-07 16:07:12.464517,0 days 00:00:29.983930,0.1103861414964557,0.050850499046231415,8,0.13412290324583867,0.012955526259850565,0.007038918400451399,0.014729998964033325,0.039540906830143704,0.05356284732992693,0.00014314602474700436,20,25,0.06417867992402906,0.18460849590838288,False,False,True,1.5403494572631887e-08,COMPLETE
574,0.6810026288032532,2025-04-07 16:07:12.652904,2025-04-07 16:07:42.346848,0 days 00:00:29.693944,0.11869377603574122,0.05817465886993762,8,0.14021375956330218,0.012430176388163874,0.006272078183557047,0.013910859730297952,0.03940942089867293,0.05318015734553349,0.00015267107713591143,20,26,0.06410472447852388,0.1948360307744075,False,False,True,1.5120637756864828e-08,COMPLETE
575,0.6842681169509888,2025-04-07 16:07:42.522713,2025-04-07 16:08:12.188406,0 days 00:00:29.665693,0.1053143128420872,0.05253182089534782,8,0.13466733792650798,0.013488124529625698,0.0058051669671867435,0.014223899814622189,0.04006121673656791,0.05375079436806453,0.00015095726791998357,20,26,0.06458991517326036,0.19438395676739165,False,False,True,1.5075940877770737e-08,COMPLETE
576,0.6762600898742676,2025-04-07 16:08:12.373481,2025-04-07 16:08:42.587316,0 days 00:00:30.213835,0.11738734833008628,0.052839764170562804,8,0.13904835486207112,0.013530171934344108,0.006172069072374199,0.014196527225558945,0.04303530730571235,0.05103067645994786,0.0001466420871741932,21,25,0.06510794757516399,0.19288151132242712,False,False,True,1.5538275031514243e-08,COMPLETE
577,0.6795089721679688,2025-04-07 16:08:42.762887,2025-04-07 16:09:12.306578,0 days 00:00:29.543691,0.11539371012537473,0.05857182393704528,8,0.13512142043942152,0.015385304718158528,0.00600660558899469,0.013436952370855806,0.04337469520670331,0.054370860108119416,0.00014664272077120888,20,25,0.06353223024635624,0.19624396780052544,False,False,True,1.5390082719557024e-08,COMPLETE
578,0.677481758594513,2025-04-07 16:09:12.493858,2025-04-07 16:09:42.476525,0 days 00:00:29.982667,0.12009103199889547,0.056361227284624504,8,0.13428048210586532,0.011748316805869574,0.006295118039152656,0.011164244963396198,0.043396173454567706,0.05307117106953026,0.00014918615190369678,20,25,0.06380406626314106,0.20935441715996078,False,False,True,1.534063584651906e-08,COMPLETE
579,0.6787409663200379,2025-04-07 16:09:42.653528,2025-04-07 16:10:12.225846,0 days 00:00:29.572318,0.11822559188968218,0.055666296034613656,8,0.13728576495243058,0.014237283742364085,0.006360018901293732,0.012889299890038591,0.04442747543911142,0.054134599901724,0.0001570169678910472,20,26,0.06252955743050588,0.20811799268620834,False,False,True,1.554393755079166e-08,COMPLETE
580,0.6811034083366394,2025-04-07 16:10:12.416020,2025-04-07 16:10:42.197756,0 days 00:00:29.781736,0.11551148511995123,0.05710451805577878,8,0.13517619008319706,0.014987457634623712,0.006117820318297666,0.01267006066085409,0.042947183445408585,0.053702733126955726,0.00014606281000901497,20,26,0.06444735285472708,0.20672537787642856,False,False,True,1.6552391036518847e-08,COMPLETE
581,0.6799358129501343,2025-04-07 16:10:42.376724,2025-04-07 16:11:11.987832,0 days 00:00:29.611108,0.11564208624111698,0.056190171108750395,8,0.13529796764877194,0.014813185385428142,0.0057676572616748665,0.014079886715583094,0.04350544195491958,0.05298809051079995,0.0001567589028218766,20,26,0.06475773298595869,0.20512426789450394,False,False,True,1.643285041764195e-08,COMPLETE
582,0.6809755682945251,2025-04-07 16:11:12.178945,2025-04-07 16:11:42.068554,0 days 00:00:29.889609,0.11348567901701295,0.0589787680061923,8,0.13532515321590685,0.014589525980323863,0.005496706215080563,0.013491459211586218,0.04227158018623713,0.05312971261201419,0.00014066936395288335,20,26,0.06452824614984635,0.20888569488519584,False,False,True,1.6348309926666744e-08,COMPLETE
583,0.6787423610687257,2025-04-07 16:11:42.247666,2025-04-07 16:12:12.400952,0 days 00:00:30.153286,0.11966088551466766,0.06008138229501958,8,0.13467272395435942,0.014804958486546262,0.006257723940701581,0.011782656426925761,0.04325822146825888,0.052339085867042744,0.0001656085251385756,20,26,0.06543074845126806,0.20925602740889485,False,False,True,1.67125424718341e-08,COMPLETE
584,0.6716483950614929,2025-04-07 16:12:12.582545,2025-04-07 16:12:42.201986,0 days 00:00:29.619441,0.12111240787494114,0.05813159452010148,8,0.1331710606265146,0.016156659201235175,0.006176587764979827,0.012809829787525708,0.04513880322374644,0.05312293455117157,0.0001709472312286409,20,27,0.06426177048685104,0.2082854678589216,False,False,True,1.658429440797565e-08,COMPLETE
585,0.6708226323127747,2025-04-07 16:12:42.392509,2025-04-07 16:13:11.876350,0 days 00:00:29.483841,0.12146205401119833,0.058166437541863764,8,0.13482588521876784,0.0144882071170974,0.00596151542940277,0.01135594599911784,0.0449438012783728,0.052857040013108154,0.00015507198815231917,20,27,0.06434969145177664,0.20895377454130723,False,False,True,1.68480286212247e-08,COMPLETE
586,0.6773227334022522,2025-04-07 16:13:12.052759,2025-04-07 16:13:41.906758,0 days 00:00:29.853999,0.12270283868583991,0.05876357030269663,8,0.13419841076498648,0.016218222556053662,0.005821500321876448,0.011561198214605906,0.04410702276878959,0.053150368135079284,0.00015373891675786165,20,26,0.06421273509541721,0.20932629311002185,False,False,True,1.6797597316475166e-08,COMPLETE
587,0.6802709817886353,2025-04-07 16:13:42.099915,2025-04-07 16:14:12.162806,0 days 00:00:30.062891,0.11618188583822583,0.05931951654697029,8,0.13517347410334546,0.015719400518516342,0.006312873157419985,0.011544812499917036,0.045089375178710374,0.05339806966589742,0.00016324066446656677,20,26,0.064359157458121,0.21000936653317576,False,False,True,1.6719882478581403e-08,COMPLETE
588,0.6707457780838013,2025-04-07 16:14:12.343661,2025-04-07 16:14:42.190886,0 days 00:00:29.847225,0.11940196295781008,0.05602397542268589,8,0.1350778379186022,0.014182944368471237,0.006331257665245226,0.010613056160458875,0.04508116058448486,0.052602453492597304,0.00016287719032556118,20,27,0.06364043795040925,0.21951187059682978,False,False,True,1.6509260406993732e-08,COMPLETE
589,0.6721290349960327,2025-04-07 16:14:42.381023,2025-04-07 16:15:12.436301,0 days 00:00:30.055278,0.11868991142111247,0.054949805860602975,8,0.13596799012881286,0.015609211185245041,0.006179717602927944,0.011130758413699602,0.04519764083639269,0.052856507337170705,0.0001937860550379682,20,27,0.06378076518105869,0.21031429396665932,False,False,True,1.697298244602155e-08,COMPLETE
590,0.681592619419098,2025-04-07 16:15:12.616148,2025-04-07 16:15:42.298246,0 days 00:00:29.682098,0.10882125218803243,0.05905805955262021,8,0.13472843396815717,0.015920460131943814,0.0061324142036089675,0.011709099828133751,0.04506163104531416,0.05317169896779685,0.00019778742972750022,20,26,0.06382976306031561,0.21179160689063986,False,False,True,1.6957678157415712e-08,COMPLETE
591,0.6784382820129395,2025-04-07 16:15:42.490994,2025-04-07 16:16:12.074947,0 days 00:00:29.583953,0.11680778681226796,0.06014742702059605,8,0.1357290837556321,0.0163610000161592,0.0064757380626294875,0.011508485642218631,0.045078780980792134,0.05199459860236676,0.00020681095488263556,20,26,0.06393508129315614,0.21852324990225352,False,False,True,1.6053351286223726e-08,COMPLETE
592,0.6765750646591187,2025-04-07 16:16:12.257064,2025-04-07 16:16:41.655215,0 days 00:00:29.398151,0.12309578520237076,0.06173833294045619,8,0.13481183929675322,0.015795664559887502,0.006456981194873888,0.012941083848877268,0.04322956848474755,0.05425185617832492,0.00020544889397092165,20,26,0.06025018291139706,0.2088747489462465,False,False,True,1.7035540475498174e-08,COMPLETE
593,0.6810666084289551,2025-04-07 16:16:41.847843,2025-04-07 16:17:11.561169,0 days 00:00:29.713326,0.11394851811599954,0.05725246211510118,8,0.13330302894620613,0.015917453897834676,0.006044833243158069,0.013987155468093381,0.04275615145937348,0.05018750764572386,0.00020773748248019763,20,26,0.06034689001126823,0.20701849211990037,False,False,True,1.8154311401706614e-08,COMPLETE
594,0.10591552108526231,2025-04-07 16:17:11.743949,2025-04-07 16:17:41.207067,0 days 00:00:29.463118,0.11629226811001883,0.06294311486935442,8,0.1363983475370058,0.16848647620036258,0.006161774594993037,0.013777778476177952,0.04195028179353243,0.04979178636515702,0.00018803720834882596,20,26,0.06094652278080669,0.19589795425281792,False,False,True,1.7318275344572958e-08,COMPLETE
595,0.6818639039993286,2025-04-07 16:17:41.401618,2025-04-07 16:18:11.210732,0 days 00:00:29.809114,0.1116612042283006,0.05976503873475483,8,0.13348286365112147,0.016962341385033646,0.006164813020109836,0.006537271261811815,0.04374782906629553,0.05481135827510555,0.000220682897892746,20,26,0.06012972527645828,0.20801393383236141,False,False,True,1.72132336423708e-08,COMPLETE
596,0.6802855968475342,2025-04-07 16:18:11.393340,2025-04-07 16:18:40.960443,0 days 00:00:29.567103,0.11863181483332283,0.0607413513502074,8,0.13896940112102843,0.018194105124965408,0.006133979787298047,0.00599658774723806,0.04292452842911019,0.04701660042178992,0.00021686473669346243,20,26,0.06016136296295668,0.21501807142197316,False,False,True,1.678932692793444e-08,COMPLETE
597,0.6821004986763001,2025-04-07 16:18:41.159843,2025-04-07 16:19:10.707151,0 days 00:00:29.547308,0.11029656075433844,0.06536390855477969,8,0.13846622356074823,0.017085598203524982,0.005831026791829467,0.009040586061165083,0.04306700720452782,0.05106827200435561,0.00022411345579451223,20,26,0.060201570233140024,0.21598085715739687,False,False,True,1.6895344211781948e-08,COMPLETE
598,0.6835694909095764,2025-04-07 16:19:10.889659,2025-04-07 16:19:40.625611,0 days 00:00:29.735952,0.10886060807286577,0.06419091550460158,8,0.13912011935384552,0.016592361728605197,0.006914328823512336,0.006227173224689859,0.04289874427374159,0.04766074524885535,0.0002395453976039365,20,26,0.05713433506050303,0.21814634740366495,False,False,True,1.8195141754517607e-08,COMPLETE
599,0.6801634192466737,2025-04-07 16:19:40.807608,2025-04-07 16:20:10.477233,0 days 00:00:29.669625,0.11126155115850439,0.06469414356981189,8,0.1321963250040275,0.017537618284959592,0.006048531099612411,0.006664104163398593,0.04272611538903949,0.0506730499972295,0.00020818095564673707,20,26,0.057004096740386555,0.21858026153010754,False,False,True,1.8370846008208388e-08,COMPLETE
600,0.6793702483177185,2025-04-07 16:20:10.672015,2025-04-07 16:20:40.822289,0 days 00:00:30.150274,0.11110710416140854,0.06731372201531832,8,0.1316633094336248,0.019610371196604814,0.005891007265112047,0.006709209065907344,0.04332934050068782,0.047267415412837896,0.00025464217613457217,20,26,0.060364852267610764,0.22166180432720545,False,False,True,1.8355901740995365e-08,COMPLETE
601,0.6742157101631164,2025-04-07 16:20:41.004716,2025-04-07 16:21:11.217841,0 days 00:00:30.213125,0.10229087376686745,0.06632190102669466,8,0.13252964113825555,0.01843186923612924,0.004945402477085754,0.006255722305650413,0.04311789765606275,0.04654115268921739,0.0002412790146383801,20,27,0.06019937058902701,0.21999686210303407,False,False,True,1.9477299985673572e-08,COMPLETE
602,0.6853354692459107,2025-04-07 16:21:11.414410,2025-04-07 16:21:40.929590,0 days 00:00:29.515180,0.10836929410984783,0.0688363045535098,8,0.13241006163208985,0.01829038490070702,0.005690247908414406,0.006254280033603757,0.046688058613995144,0.0484110637837127,0.00022389758956776437,20,28,0.05734089081324016,0.2290752177743393,False,False,True,1.8529681043894642e-08,COMPLETE
603,0.6861967086791992,2025-04-07 16:21:41.111892,2025-04-07 16:22:10.974726,0 days 00:00:29.862834,0.1068454481830049,0.06454131074719995,8,0.13092451899343677,0.01872803200035246,0.005415099255099442,0.006434666962174142,0.047884109429809245,0.05026062650070602,0.00022340640535868772,20,28,0.0576007639635215,0.22667084112349198,False,False,True,1.9454636727764155e-08,COMPLETE
604,0.6868997097015381,2025-04-07 16:22:11.169520,2025-04-07 16:22:41.112729,0 days 00:00:29.943209,0.1082296707954337,0.06649782960891532,8,0.13002077356267117,0.020926790497699126,0.005296345410843876,0.006323458910670073,0.04780199079485515,0.048551649887860406,0.00027849237956821836,20,28,0.056931600154214314,0.22575911451074465,False,False,True,1.8696056015468425e-08,COMPLETE
605,0.6925405979156494,2025-04-07 16:22:41.300593,2025-04-07 16:23:10.867832,0 days 00:00:29.567239,0.10473706454374268,0.07055444743604936,8,0.13049699221583796,0.019911904925786473,0.004617548041813219,0.005497692317342637,0.04814240406489362,0.04800095076090423,0.00028106488404703754,20,29,0.05718359745850879,0.22766776498139196,False,False,True,2.0367868185402332e-08,COMPLETE
606,0.6874782681465149,2025-04-07 16:23:11.064056,2025-04-07 16:23:40.786157,0 days 00:00:29.722101,0.10418417250468147,0.06935378371333653,8,0.12794825280719166,0.020286250317845138,0.005258192567755622,0.005977442409183298,0.047669822083383356,0.048112390857466984,0.0002641782265853429,20,28,0.05629743030668215,0.2283617070139719,False,False,True,2.0192409625196356e-08,COMPLETE
607,0.6921961188316346,2025-04-07 16:23:40.970465,2025-04-07 16:24:10.783128,0 days 00:00:29.812663,0.10308467604278514,0.07143355999999398,8,0.13062127651311564,0.021270950768094914,0.005001545617833739,0.00593329121403801,0.04719767785540029,0.04799703499540466,0.00027665515941506866,20,29,0.057559723196426146,0.2291677134826784,False,False,True,2.0374777203920675e-08,COMPLETE
608,0.6911673188209534,2025-04-07 16:24:10.980159,2025-04-07 16:24:40.818881,0 days 00:00:29.838722,0.10272388275068962,0.0733980449870244,8,0.1296045769520301,0.020869796762754245,0.004833895988716291,0.0058362460561554395,0.04815462620208776,0.04865907412514593,0.0002743092293841057,20,29,0.05605409244149932,0.22756918919912367,False,False,True,2.073732671988253e-08,COMPLETE
609,0.6919113993644714,2025-04-07 16:24:41.006970,2025-04-07 16:25:10.694908,0 days 00:00:29.687938,0.1035112282602578,0.07510148050295976,8,0.128684271671822,0.021929436099287845,0.004379110493503419,0.006202208875453528,0.047322971478262,0.047904560271633846,0.000296884334864895,20,29,0.05749482589881971,0.22974701627274557,False,False,True,2.1406917288663694e-08,COMPLETE
610,0.6867866158485413,2025-04-07 16:25:10.891352,2025-04-07 16:25:40.118755,0 days 00:00:29.227403,0.1091095698493766,0.07361370983012129,8,0.12932303398314676,0.02318950264586686,0.00474551235501005,0.005768836987801302,0.04840296664703785,0.04869164792141748,0.00030214769255251887,19,29,0.0568490155326061,0.22862519357472422,False,False,True,2.081828316931967e-08,COMPLETE
611,0.6941446185112,2025-04-07 16:25:40.305393,2025-04-07 16:26:09.328506,0 days 00:00:29.023113,0.09940211760171486,0.07606762154910486,8,0.12914435898070514,0.0239094581763127,0.0046612859585860675,0.006077510031845964,0.04801733497569667,0.04766834447411051,0.0003118774010999042,19,30,0.05716491466025848,0.22942046156344478,False,False,True,2.0900603906804286e-08,COMPLETE
612,0.6883882761001587,2025-04-07 16:26:09.525591,2025-04-07 16:26:38.557585,0 days 00:00:29.031994,0.10305774895582484,0.07778796018303166,8,0.12843211217271389,0.02172546339647576,0.004778783359581447,0.004348439723855955,0.04834511716181405,0.04915625261979461,0.00036075060675495716,19,29,0.05633438792844302,0.23121661139381577,False,False,True,2.014866262783655e-08,COMPLETE
613,0.691900098323822,2025-04-07 16:26:38.744665,2025-04-07 16:27:07.664722,0 days 00:00:28.920057,0.09725405969068199,0.07740664284747055,8,0.12676167140307074,0.026108065441533882,0.0046430824951709275,0.002947779041147,0.048102546917911895,0.04924304954642295,0.0003855821186690046,19,29,0.05690589237875088,0.22711854837645554,False,False,True,2.1499377485125303e-08,COMPLETE
614,0.6935598611831666,2025-04-07 16:27:07.862918,2025-04-07 16:27:36.869552,0 days 00:00:29.006634,0.09153901358996093,0.07874554885739667,8,0.12790760554235842,0.025824498851529792,0.004604822470489722,0.004150001246506334,0.04802296535548228,0.04901489849735783,0.0003615197361990547,19,29,0.056910400502214124,0.2315300899351537,False,False,True,2.182553747517728e-08,COMPLETE
615,0.6899487137794496,2025-04-07 16:27:37.057832,2025-04-07 16:28:06.119412,0 days 00:00:29.061580,0.0999514098525242,0.08198794182412339,8,0.12735895637483835,0.026825020759760832,0.004496074628076766,0.003276116927347003,0.04718632458443892,0.04467005022536984,0.0003566408809047419,19,29,0.05637249356452894,0.23011766979564202,False,False,True,2.1882762223978095e-08,COMPLETE
